TRXV5
3
4
4
9
string Extension=J
integer IsArchMeasurement=1
integer IsSpherical=1
string Generator=SPM
string GeneratorVersion=1.3.1 Dev
double ArchRadius=0.449999988079071
integer FrequencyAxisIndex=0
integer AzimuthAxisIndex=1
integer ElevationAxisIndex=2
Frequency
5 136 690000000 960000000 LIN
Azimuth
7 8 0 2.74889357189107 LIN
Elevation
7 15 -2.74889357189107 2.74889357189107 LIN
Polar H Real Part
13
Polar H Imaginary Part
14
Polar V Real Part
13
Polar V Imaginary Part
14
Polar H Magnitude (dB)
12 0xC0000002 0 1
Polar H Phase
7 0xC0000003 0 1
Polar V Magnitude (dB)
12 0xC0000002 2 3
Polar V Phase
7 0xC0000003 2 3
0.00130271911621094 0.00290226936340332 -0.0404281616210937 -0.0685043334960938
-0.00228404998779297 -0.00593185424804688 -0.0153522491455078 -0.0277214050292969
-0.00984764099121094 -1.52587890624991E-05 0.019866943359375 -0.00112533569335938
-0.00460004806518555 0.00729465484619141 0.0489921569824219 -0.0148887634277344
0.00217056274414063 0.00532722473144531 0.0509223937988281 -0.0359230041503906
0.00278091430664063 0.00140523910522461 0.0374565124511719 -0.0593719482421875
0.00231599807739258 -0.00475931167602539 0.0146827697753906 -0.0666580200195312
0.000418901443481446 -0.00395584106445313 -0.00284957885742187 -0.0553741455078125
0.000432491302490235 -0.00340485572814941 -0.0109481811523437 -0.0399017333984375
0.00414514541625977 -0.00264406204223633 -0.0140171051025391 -0.0278606414794922
0.00359892845153809 0.00178146362304688 -0.0263023376464844 -0.0175685882568359
-0.00480556488037109 0.00452089309692383 -0.0303840637207031 -0.0115127563476563
-0.00957202911376953 -0.00461292266845703 -0.04107666015625 -0.0118255615234375
-0.000164031982421874 -0.0104866027832031 -0.0631942749023438 -0.0086212158203125
6.1988830566411E-06 -0.00533199310302734 -0.0676727294921875 -0.00609970092773437
0.0234527587890625 0.0234107971191406 -0.0310859680175781 -0.0643501281738281
0.0214939117431641 0.0118751525878906 -0.00542068481445312 -0.0221405029296875
0.0127944946289062 0.00919342041015625 0.02606201171875 -0.000482559204101562
0.0174922943115234 0.00903224945068359 0.0529975891113281 -0.0143394470214844
0.0209503173828125 -9.1552734375E-05 0.0518035888671875 -0.0347213745117188
0.0173435211181641 -0.0145225524902344 0.0375900268554687 -0.0583419799804687
0.00936508178710938 -0.0240154266357422 0.0133285522460938 -0.0616073608398437
0.00714874267578125 -0.0223350524902344 -0.00510406494140625 -0.0483818054199219
0.00735282897949219 -0.0246715545654297 -0.0137310028076172 -0.0331478118896484
0.0137481689453125 -0.0232582092285156 -0.0178928375244141 -0.0241603851318359
0.0191764831542969 -0.0134983062744141 -0.0288352966308594 -0.0138740539550781
0.016291618347168 -0.00551414489746094 -0.0307102203369141 -0.0104541778564453
0.013615608215332 -0.00332355499267578 -0.0399703979492188 -0.00975799560546875
0.0236949920654297 -0.000703811645507813 -0.0567359924316406 -0.0037841796875
0.0243244171142578 0.00794792175292969 -0.061126708984375 -0.000419616699218757
0.0415840148925781 0.0410537719726563 -0.0161323547363281 -0.0523147583007813
0.0433387756347656 0.0289421081542969 0.00762271881103516 -0.0108432769775391
0.0355415344238281 0.0183181762695313 0.0324535369873047 0.00291824340820313
0.0400161743164063 0.010162353515625 0.0552711486816406 -0.0116767883300781
0.0389251708984375 -0.0063934326171875 0.0502128601074219 -0.03057861328125
0.030364990234375 -0.0293006896972656 0.0338096618652344 -0.0525588989257813
0.0157089233398438 -0.0405158996582031 0.0109825134277344 -0.0492897033691406
0.0125045776367187 -0.0371017456054687 -0.00710868835449219 -0.034759521484375
0.0116195678710937 -0.0416259765625 -0.0149726867675781 -0.0199203491210938
0.0203018188476563 -0.0412712097167969 -0.0210399627685547 -0.0131702423095703
0.0306873321533203 -0.0276317596435547 -0.0316925048828125 -0.00556564331054687
0.0333137512207031 -0.0165042877197266 -0.0310516357421875 -0.0064678192138672
0.0351791381835938 -0.00403594970703125 -0.0374946594238281 -0.00784683227539062
0.0450477600097656 0.00698089599609375 -0.0454330444335938 0.00020980834960938
0.0449295043945312 0.0198783874511719 -0.0466995239257813 0.00861740112304688
0.0541534423828125 0.0526504516601563 0.00268173217773438 -0.0370979309082031
0.0601921081542969 0.0415725708007813 0.0227813720703125 0.0016021728515625
0.0548858642578125 0.0234489440917969 0.0387306213378906 0.0079193115234375
0.0576667785644531 0.00733566284179688 0.0541419982910156 -0.00817108154296875
0.0512504577636719 -0.013916015625 0.0448036193847656 -0.0246315002441406
0.0378532409667969 -0.0415458679199219 0.0268592834472656 -0.0418243408203125
0.0181999206542969 -0.0506057739257813 0.00594329833984375 -0.0310897827148438
0.0149383544921875 -0.0461006164550781 -0.00819110870361328 -0.0155124664306641
0.0137557983398438 -0.0529289245605469 -0.0146112442016602 -0.000985145568847657
0.0235404968261719 -0.0529212951660156 -0.0226154327392578 0.00184249877929687
0.0381050109863281 -0.0377845764160156 -0.0331134796142578 0.0057830810546875
0.0455818176269531 -0.0247230529785156 -0.0321102142333984 -0.00172042846679687
0.05120849609375 -0.00401687622070313 -0.0341835021972656 -0.00716781616210937
0.0610885620117188 0.0139122009277344 -0.0286979675292969 0.003448486328125
0.0579605102539062 0.030029296875 -0.0268230438232422 0.0204372406005859
0.0573043823242188 0.0549201965332031 0.0245189666748047 -0.0212059020996094
0.0682144165039063 0.0455245971679688 0.0390586853027344 0.0127105712890625
0.0650291442871094 0.0224266052246094 0.0434074401855469 0.0108757019042969
0.0661697387695312 0.0023651123046875 0.0496902465820313 -0.0023345947265625
0.0550575256347656 -0.0213127136230469 0.0361251831054688 -0.0153465270996094
0.0375442504882813 -0.0485801696777344 0.0186710357666016 -0.0255184173583984
0.0168342590332031 -0.05413818359375 0.00260353088378906 -0.0101089477539063
0.0152740478515625 -0.0483322143554688 -0.00765275955200195 0.00647592544555664
0.0143661499023437 -0.0550003051757813 -0.0139503479003906 0.0185279846191406
0.025115966796875 -0.0552711486816406 -0.0239448547363281 0.0186519622802734
0.0413932800292969 -0.0398902893066406 -0.0337467193603516 0.0169448852539062
0.0517196655273438 -0.0266876220703125 -0.0316390991210938 0.00407600402832031
0.0601081848144531 -0.000400543212890625 -0.0285835266113281 -0.00619888305664063
0.0670280456542969 0.0221290588378906 -0.0102033615112305 0.00732994079589844
0.0603713989257813 0.0375900268554688 -0.00482177734374999 0.0336875915527344
0.0514869689941406 0.0485877990722656 0.0438346862792969 -0.0075225830078125
0.06610107421875 0.0417327880859375 0.0533714294433594 0.0189666748046875
0.0628318786621094 0.0181846618652344 0.0451469421386719 0.011016845703125
0.0621337890625 -0.0034332275390625 0.0426139831542969 0.00252914428710938
0.0484085083007813 -0.0251007080078125 0.0275211334228516 -0.00431060791015625
0.0303535461425781 -0.0475959777832031 0.0111885070800781 -0.00697040557861328
0.0120201110839844 -0.0484123229980469 0.000885009765625 0.0121536254882812
0.0118942260742188 -0.0425910949707031 -0.00615119934082031 0.0270938873291016
0.0127296447753906 -0.0492019653320312 -0.0132789611816406 0.0373611450195313
0.0240020751953125 -0.0490264892578125 -0.0257034301757812 0.0340080261230469
0.0405845642089844 -0.0350723266601563 -0.0352096557617188 0.0271568298339844
0.051727294921875 -0.0215797424316406 -0.0317764282226563 0.0087890625
0.0590019226074219 0.00570297241210938 -0.0217018127441406 -0.00408554077148438
0.0627708435058594 0.0283050537109375 0.00680637359619141 0.0134162902832031
0.0523452758789063 0.0413017272949219 0.0146675109863281 0.0493011474609375
0.0365638732910156 0.0362586975097656 0.0598945617675781 -0.000373840332031248
0.0530662536621094 0.0318870544433594 0.0630073547363281 0.0190811157226563
0.0499763488769531 0.0110092163085937 0.043914794921875 0.0088958740234375
0.0470924377441406 -0.00687408447265625 0.0349979400634766 0.00649833679199219
0.0342521667480469 -0.0235919952392578 0.0204544067382813 0.00568389892578125
0.0176773071289063 -0.0391044616699219 0.00780963897705078 0.0100622177124023
0.0059051513671875 -0.0352287292480469 0.00225830078125 0.0302486419677734
0.00628662109375 -0.0304718017578125 -0.00410842895507813 0.0431938171386719
0.00833892822265625 -0.0368003845214844 -0.0137863159179688 0.0520439147949219
0.0185508728027344 -0.0365142822265625 -0.0305328369140625 0.0460052490234375
0.0333137512207031 -0.0243415832519531 -0.0387802124023437 0.0341606140136719
0.0434646606445313 -0.0133018493652344 -0.0332221984863281 0.0129280090332031
0.0479507446289063 0.0117607116699219 -0.0178203582763672 -0.000356674194335939
0.0474815368652344 0.029876708984375 0.0189533233642578 0.0217075347900391
0.0357894897460938 0.0387954711914063 0.029296875 0.0651435852050781
0.0137577056884766 0.0203094482421875 0.0687370300292969 0.0015716552734375
0.0315456390380859 0.0198631286621094 0.0657272338867188 0.0137825012207031
0.0295600891113281 0.00435447692871094 0.0403900146484375 0.00604629516601562
0.0253200531005859 -0.00758743286132812 0.0289344787597656 0.0099945068359375
0.0157575607299805 -0.015986442565918 0.0178947448730469 0.0132236480712891
0.003326416015625 -0.02301025390625 0.00823020935058594 0.0223407745361328
-0.00102329254150391 -0.0160207748413086 0.00494003295898438 0.0413322448730469
0.000275611877441405 -0.0129365921020508 -0.00109100341796875 0.0528373718261719
0.00201988220214844 -0.0182533264160156 -0.0154685974121094 0.0606765747070313
0.00883865356445313 -0.0200080871582031 -0.0357894897460938 0.0530052185058594
0.0198745727539063 -0.0137901306152344 -0.0433006286621094 0.0378265380859375
0.0275859832763672 -0.00676727294921875 -0.0363273620605469 0.0156402587890625
0.0298385620117188 0.0120601654052734 -0.0167913436889648 0.00396728515625
0.0271530151367188 0.0241298675537109 0.0229701995849609 0.0299568176269531
0.0141696929931641 0.0277271270751953 0.0353546142578125 0.0769882202148438
0.00266504287719727 0.00346493721008301 -0.044403076171875 -0.0659027099609375
-0.00224733352661133 -0.00591897964477539 -0.0167179107666016 -0.0263214111328125
-0.00945186614990235 0.000410079956054689 0.0206756591796875 -0.00258064270019531
-0.00410890579223633 0.00751686096191406 0.0485801696777344 -0.0187187194824219
0.00256776809692383 0.00500917434692383 0.0490493774414063 -0.0401611328125
0.00302314758300781 0.000791788101196289 0.0337409973144531 -0.0625953674316406
0.00265884399414062 -0.00548696517944336 0.00923538208007813 -0.0680046081542969
0.000796318054199219 -0.00376510620117188 -0.00827789306640624 -0.0545692443847656
0.000972509384155273 -0.00376367568969727 -0.0145416259765625 -0.0393714904785156
0.0042870044708252 -0.00279951095581055 -0.0169944763183594 -0.0278396606445313
0.00411057472229004 0.0014798641204834 -0.0285472869873047 -0.0160560607910156
-0.00368976593017578 0.00504255294799805 -0.0321311950683594 -0.0102787017822266
-0.0106716156005859 -0.00400638580322266 -0.0422744750976563 -0.0101737976074219
-0.00130939483642578 -0.0106058120727539 -0.0653114318847656 -0.004364013671875
-0.000758171081542969 -0.00549459457397461 -0.0705032348632813 -0.000762939453125007
0.0269012451171875 0.0223064422607422 -0.0350341796875 -0.0621566772460938
0.0234737396240234 0.00984001159667969 -0.0064697265625 -0.0211524963378906
0.0142440795898438 0.00863838195800781 0.0268096923828125 -0.00201606750488281
0.0192546844482422 0.00737762451171875 0.0525474548339844 -0.0184326171875
0.0212230682373047 -0.00217628479003906 0.0502052307128906 -0.0385322570800781
0.0164375305175781 -0.0168056488037109 0.0327720642089844 -0.0616989135742188
0.00800895690917969 -0.0257854461669922 0.00823211669921876 -0.0629539489746094
0.00619888305664062 -0.0228996276855469 -0.0101776123046875 -0.0478935241699219
0.00530242919921875 -0.0254287719726563 -0.0177516937255859 -0.0325527191162109
0.0125617980957031 -0.0243549346923828 -0.0207672119140625 -0.0229854583740234
0.0190620422363281 -0.014984130859375 -0.0312862396240234 -0.0121898651123047
0.0161209106445312 -0.0063629150390625 -0.0324192047119141 -0.0086517333984375
0.0131664276123047 -0.00405693054199219 -0.0413551330566406 -0.00757980346679688
0.0233860015869141 -0.0025634765625 -0.0585098266601563 0.000648498535156262
0.0256996154785156 0.00654983520507813 -0.06329345703125 0.00516510009765624
0.0462722778320312 0.0382308959960938 -0.0185432434082031 -0.0518150329589844
0.0462875366210938 0.0257492065429687 0.00770854949951172 -0.0105428695678711
0.03790283203125 0.0152931213378906 0.0341873168945312 0.00199699401855469
0.0412788391113281 0.00684356689453125 0.0553550720214844 -0.0154304504394531
0.03790283203125 -0.00990676879882813 0.0490646362304687 -0.03460693359375
0.0280914306640625 -0.0318775177001953 0.0301322937011719 -0.0556106567382813
0.0124244689941406 -0.0421600341796875 0.00634384155273437 -0.0501861572265625
0.00972747802734375 -0.0384902954101563 -0.0105781555175781 -0.0331840515136719
0.00801467895507812 -0.0431556701660156 -0.0177783966064453 -0.0178680419921875
0.0169143676757813 -0.043792724609375 -0.0231475830078125 -0.0121116638183594
0.0292949676513672 -0.0304145812988281 -0.0336208343505859 -0.00339698791503907
0.0326004028320313 -0.0189952850341797 -0.0325050354003906 -0.00463294982910156
0.0351238250732422 -0.00586509704589844 -0.0394477844238281 -0.00613784790039062
0.0454483032226563 0.00357818603515625 -0.0463714599609375 0.00421142578125001
0.0467948913574219 0.0163040161132812 -0.0479240417480469 0.0135383605957031
0.0589065551757812 0.0486259460449219 0.00151824951171876 -0.0372085571289063
0.0640830993652344 0.0361976623535156 0.0239200592041016 0.0015716552734375
0.0572433471679688 0.0193290710449219 0.0402488708496094 0.00694656372070313
0.0590019226074219 0.00224685668945313 0.0546302795410156 -0.0110092163085938
0.0500106811523437 -0.0189132690429688 0.0435867309570313 -0.028045654296875
0.0340614318847656 -0.0443115234375 0.0232276916503906 -0.0435371398925781
0.0138931274414063 -0.0528488159179687 0.003021240234375 -0.031463623046875
0.0121269226074219 -0.0473899841308594 -0.00963973999023437 -0.0138158798217773
0.0093231201171875 -0.0548286437988281 -0.0156469345092773 0.000881195068359372
0.0196723937988281 -0.0555381774902344 -0.0239849090576172 0.00362396240234375
0.0358009338378906 -0.0411148071289063 -0.0341873168945312 0.00749588012695312
0.0445213317871094 -0.0288429260253906 -0.0333633422851563 0.000942230224609367
0.0511398315429688 -0.00804901123046875 -0.035980224609375 -0.00433731079101562
0.0622749328613281 0.0092315673828125 -0.0297908782958984 0.00589370727539062
0.0608367919921875 0.0257720947265625 -0.0274276733398438 0.0237884521484375
0.0630645751953125 0.0504951477050781 0.0242767333984375 -0.0227317810058594
0.0724639892578125 0.04022216796875 0.0408554077148438 0.0115585327148438
0.0673141479492187 0.0180244445800781 0.0449409484863281 0.00954055786132813
0.0667915344238281 -0.0035858154296875 0.0506820678710938 -0.00508880615234375
0.0532913208007813 -0.0255889892578125 0.0358390808105469 -0.0169181823730469
0.0333976745605469 -0.0512199401855469 0.0166301727294922 -0.0268459320068359
0.0123405456542969 -0.0552825927734375 0.00189113616943359 -0.00959014892578125
0.0107841491699219 -0.049468994140625 -0.00770330429077148 0.00730562210083008
0.00927734375 -0.0567054748535156 -0.0132255554199219 0.0203628540039063
0.0203018188476563 -0.0583915710449219 -0.0234870910644531 0.020263671875
0.0382156372070313 -0.0435600280761719 -0.0338516235351563 0.0197296142578125
0.0502204895019531 -0.0314521789550781 -0.0319976806640625 0.00601959228515625
0.0603561401367188 -0.00536346435546875 -0.0300846099853516 -0.00351715087890625
0.0686988830566406 0.0166206359863281 -0.0110950469970703 0.008544921875
0.064300537109375 0.0329093933105469 -0.00357437133789062 0.0352706909179688
0.0559234619140625 0.0451469421386719 0.0446510314941406 -0.0105552673339844
0.0691146850585938 0.0366325378417969 0.0560035705566406 0.01617431640625
0.065032958984375 0.01324462890625 0.0470390319824219 0.00917816162109375
0.0622596740722656 -0.00867080688476563 0.043365478515625 0.000545501708984374
0.0464973449707031 -0.0286941528320312 0.0278263092041016 -0.00571632385253906
0.0250167846679688 -0.0501251220703125 0.0111265182495117 -0.00803565979003907
0.00777053833007812 -0.0490036010742187 0.00221824645996094 0.0122900009155273
0.00791168212890625 -0.0436286926269531 -0.00387191772460938 0.0278816223144531
0.00792312622070313 -0.0507659912109375 -0.0111465454101563 0.0390281677246094
0.0190315246582031 -0.0515785217285156 -0.0246620178222656 0.0363922119140625
0.0375633239746094 -0.0386848449707031 -0.0345306396484375 0.0300865173339844
0.0501594543457031 -0.0268478393554688 -0.032196044921875 0.0108814239501953
0.0599708557128906 0.000774383544921875 -0.0227603912353516 -0.00243377685546875
0.065216064453125 0.0241165161132813 0.00754356384277344 0.012608528137207
0.0565605163574219 0.0376129150390625 0.01763916015625 0.0493888854980469
0.0397071838378906 0.0329246520996094 0.0611953735351562 -0.00440597534179687
0.0559425354003906 0.0276908874511719 0.0655632019042969 0.0154342651367188
0.0515785217285156 0.00706863403320313 0.0447158813476563 0.00759124755859375
0.0472564697265625 -0.011322021484375 0.0361900329589844 0.00551986694335937
0.0323867797851563 -0.0265331268310547 0.0223007202148438 0.00509452819824219
0.0135498046875 -0.0403366088867188 0.00859260559082031 0.0100564956665039
0.002227783203125 -0.035552978515625 0.00436019897460938 0.0303440093994141
0.00403594970703125 -0.0309429168701172 -0.000389099121093752 0.0443382263183594
0.00504684448242188 -0.0372886657714844 -0.0103683471679688 0.0537681579589844
0.014923095703125 -0.0377159118652344 -0.0277938842773438 0.04864501953125
0.0314617156982422 -0.0277976989746094 -0.0371208190917969 0.0378189086914062
0.0429649353027344 -0.0180587768554688 -0.0331039428710938 0.0154819488525391
0.0490570068359375 0.00764846801757813 -0.0182151794433594 0.00116729736328125
0.0507087707519531 0.0267066955566406 0.0202312469482422 0.0200138092041016
0.0400733947753906 0.0357475280761719 0.0327529907226562 0.0638275146484375
0.0157604217529297 0.0183982849121094 0.0703125 -0.00366973876953125
0.0333080291748047 0.0170669555664063 0.0685157775878906 0.0100250244140625
0.02972412109375 0.0018157958984375 0.041748046875 0.0043792724609375
0.0246295928955078 -0.00985527038574219 0.0303993225097656 0.00896835327148438
0.014434814453125 -0.0180015563964844 0.0190505981445312 0.0125293731689453
0.000846862792968752 -0.0223522186279297 0.01031494140625 0.0223579406738281
-0.00285148620605469 -0.0153179168701172 0.00887680053710938 0.0414199829101563
-0.00137805938720703 -0.0130443572998047 0.00364303588867187 0.0534591674804687
-0.0006561279296875 -0.0181827545166016 -0.0103034973144531 0.0622482299804687
0.00593376159667969 -0.0208320617675781 -0.0317115783691406 0.0562095642089844
0.0189533233642578 -0.0162792205810547 -0.0414924621582031 0.0412788391113281
0.0271224975585938 -0.00920677185058594 -0.0362930297851563 0.0188179016113281
0.0310401916503906 0.00935935974121094 -0.0174884796142578 0.00567150115966797
0.0295143127441406 0.0223217010498047 0.0250740051269531 0.02862548828125
0.0169811248779297 0.0264797210693359 0.0401077270507813 0.0753402709960938
0.00316858291625977 0.00329732894897461 -0.0461502075195313 -0.0620918273925781
-0.00203895568847656 -0.00530767440795898 -0.0174541473388672 -0.0244522094726562
-0.00882053375244141 0.0005035400390625 0.0208606719970703 -0.00417137145996094
-0.00303411483764648 0.00774240493774414 0.0468330383300781 -0.0213394165039063
0.00311851501464844 0.00519466400146484 0.0455436706542969 -0.0422821044921875
0.00352358818054199 0.000319480895996094 0.028533935546875 -0.064117431640625
0.00257778167724609 -0.00637149810791016 0.00352859497070313 -0.0667800903320313
0.00120973587036133 -0.00391173362731934 -0.0128440856933594 -0.0519866943359375
0.00157499313354492 -0.00379586219787598 -0.0180206298828125 -0.0371742248535156
0.00479698181152344 -0.00284814834594727 -0.0194587707519531 -0.0262165069580078
0.00486469268798828 0.00180387496948242 -0.0294570922851563 -0.0137977600097656
-0.0037684440612793 0.00605010986328125 -0.0321712493896484 -0.00833129882812499
-0.0100574493408203 -0.00260066986083984 -0.0425148010253906 -0.00870513916015625
-0.00248432159423828 -0.0102329254150391 -0.0640525817871094 -0.000625610351562493
-0.00116539001464844 -0.00450897216796875 -0.0695610046386719 0.00463485717773438
0.0285129547119141 0.0199413299560547 -0.0367240905761719 -0.057861328125
0.0234203338623047 0.00787734985351563 -0.00704765319824219 -0.0195350646972656
0.0143222808837891 0.00675201416015625 0.0266399383544922 -0.00252914428710937
0.0189533233642578 0.00585556030273437 0.0502090454101563 -0.0209846496582031
0.0205707550048828 -0.00436592102050781 0.0471649169921875 -0.0409469604492188
0.0149621963500977 -0.0173501968383789 0.0284461975097656 -0.06219482421875
0.00665473937988281 -0.0262241363525391 0.0034637451171875 -0.061004638671875
0.00489616394042969 -0.0233097076416016 -0.0135002136230469 -0.0447540283203125
0.00407028198242188 -0.0252532958984375 -0.0201492309570312 -0.0294914245605469
0.0108108520507812 -0.0248394012451172 -0.0223293304443359 -0.0219783782958984
0.0176734924316406 -0.0157814025878906 -0.0318565368652344 -0.00946044921875001
0.0159664154052734 -0.00700759887695313 -0.0323352813720703 -0.00689888000488281
0.0125732421875 -0.00398826599121094 -0.0412330627441406 -0.00517654418945313
0.0222244262695312 -0.00341796875 -0.0575599670410156 0.00422286987304688
0.0252780914306641 0.00477790832519531 -0.0626564025878906 0.0102272033691406
0.0486068725585937 0.034332275390625 -0.0208740234375 -0.0489273071289062
0.0468559265136719 0.021636962890625 0.00660133361816406 -0.00959491729736328
0.0380134582519531 0.0125732421875 0.0340843200683594 0.00114631652832031
0.0410385131835938 0.0031280517578125 0.0536842346191406 -0.0181961059570313
0.0365104675292969 -0.0126724243164063 0.0458183288574219 -0.0367355346679688
0.0248222351074219 -0.03302001953125 0.0253944396972656 -0.0557746887207031
0.00894927978515625 -0.0419235229492188 0.00210189819335938 -0.0487899780273438
0.00717926025390625 -0.0387153625488281 -0.0130023956298828 -0.03070068359375
0.00489044189453125 -0.042938232421875 -0.0192832946777344 -0.01611328125
0.013702392578125 -0.0436363220214844 -0.0250015258789063 -0.0103416442871094
0.0265541076660156 -0.0314292907714844 -0.0340232849121094 -0.0014801025390625
0.0303878784179688 -0.0205440521240234 -0.0331630706787109 -0.00247001647949219
0.0327014923095703 -0.00755882263183594 -0.039276123046875 -0.00322341918945313
0.0444717407226562 0.00111007690429688 -0.0455894470214844 0.0073394775390625
0.0468902587890625 0.01318359375 -0.0470466613769531 0.0172119140625
0.0617828369140625 0.0431098937988281 0.000419616699218755 -0.0359992980957031
0.0646171569824219 0.030914306640625 0.0244007110595703 0.00137710571289063
0.057525634765625 0.0154380798339844 0.0402069091796875 0.00541305541992188
0.0579109191894531 -0.00211334228515625 0.0529823303222656 -0.0133399963378906
0.0471305847167969 -0.02142333984375 0.0409011840820313 -0.0295639038085938
0.0297737121582031 -0.0455741882324219 0.019378662109375 -0.0438957214355469
0.00941848754882812 -0.0518226623535156 0.000762939453125003 -0.0306797027587891
0.00791931152343749 -0.0480232238769531 -0.0104656219482422 -0.0119352340698242
0.00479888916015625 -0.0538177490234375 -0.0159540176391602 0.00239467620849609
0.0146903991699219 -0.0548133850097656 -0.024871826171875 0.00515556335449218
0.0318794250488281 -0.0423851013183594 -0.0337104797363281 0.00991058349609375
0.0407333374023438 -0.0317840576171875 -0.0326423645019531 0.00243568420410156
0.0485916137695313 -0.0107650756835938 -0.0356674194335938 -0.00206756591796875
0.0607986450195312 0.00556182861328125 -0.0290203094482422 0.00815963745117187
0.0610122680664063 0.0204238891601563 -0.0255889892578125 0.0258026123046875
0.0653877258300781 0.044891357421875 0.0229835510253906 -0.0232772827148437
0.0731658935546875 0.0339508056640625 0.041900634765625 0.00946807861328125
0.0667304992675781 0.0140342712402344 0.0447616577148438 0.0082550048828125
0.0649757385253906 -0.00803375244140625 0.0498046875 -0.006927490234375
0.0503959655761719 -0.0287742614746094 0.0343704223632813 -0.0185756683349609
0.0278663635253906 -0.051849365234375 0.0144615173339844 -0.0262660980224609
0.00728225708007812 -0.0542259216308594 0.0013427734375 -0.00923538208007813
0.00683975219726562 -0.0493736267089844 -0.00710868835449219 0.00917625427246093
0.0044097900390625 -0.05560302734375 -0.0123195648193359 0.0218544006347656
0.0154304504394531 -0.0576858520507812 -0.0230255126953125 0.0213508605957031
0.0340194702148438 -0.04559326171875 -0.0329532623291016 0.0217037200927734
0.0465049743652344 -0.0348129272460938 -0.0316963195800781 0.00771331787109375
0.0581779479980469 -0.00894546508789063 -0.0295143127441406 -0.00137710571289062
0.0684242248535156 0.01177978515625 -0.0108757019042969 0.00908470153808594
0.065673828125 0.0274543762207031 -0.00296783447265625 0.0357131958007813
0.0583381652832031 0.0391502380371094 0.0438079833984375 -0.0130462646484375
0.0701370239257813 0.030517578125 0.0563888549804688 0.0134468078613281
0.0643081665039063 0.008697509765625 0.0466842651367188 0.00845718383789063
0.0605316162109375 -0.0125732421875 0.0434761047363281 -0.000698089599609376
0.043121337890625 -0.031951904296875 0.0268268585205078 -0.00630950927734375
0.0206108093261719 -0.0504570007324219 0.00959968566894531 -0.00742340087890625
0.0030517578125 -0.0478553771972656 0.00256729125976562 0.0120573043823242
0.00421142578125 -0.0425872802734375 -0.00245857238769531 0.0277843475341797
0.00327301025390625 -0.0495262145996094 -0.00840377807617188 0.0396690368652344
0.0140800476074219 -0.0511550903320313 -0.0227851867675781 0.0378074645996094
0.0340652465820313 -0.0406761169433594 -0.0328083038330078 0.0320339202880859
0.0469207763671875 -0.0301361083984375 -0.0313301086425781 0.012969970703125
0.0577430725097656 -0.00307846069335938 -0.0233440399169922 8.20159912109381E-05
0.065155029296875 0.0187187194824219 0.00733375549316407 0.0120410919189453
0.0583686828613281 0.0319480895996094 0.0190773010253906 0.0483245849609375
0.0416221618652344 0.0284194946289063 0.0606307983398438 -0.00833892822265625
0.0562553405761719 0.0224456787109375 0.0654067993164063 0.0116004943847656
0.0503349304199219 0.00317001342773437 0.0450706481933594 0.00581741333007813
0.0451774597167969 -0.0145721435546875 0.0362205505371094 0.00458526611328125
0.0293502807617188 -0.0280532836914063 0.0215339660644531 0.00444412231445312
0.0099945068359375 -0.0398941040039063 0.00918006896972656 0.00958061218261719
-0.000652313232421871 -0.0338306427001953 0.007049560546875 0.0291652679443359
0.00118446350097656 -0.0297126770019531 0.00269317626953125 0.043121337890625
0.0015411376953125 -0.03607177734375 -0.00669479370117188 0.0533790588378906
0.0108299255371094 -0.03765869140625 -0.0246963500976563 0.0497627258300781
0.0285167694091797 -0.0301055908203125 -0.0345573425292969 0.0390739440917969
0.0399665832519531 -0.0204391479492188 -0.0314979553222656 0.0171165466308594
0.0483589172363281 0.00453948974609375 -0.0183067321777344 0.0028076171875
0.0509567260742188 0.0228767395019531 0.0207138061523438 0.0181369781494141
0.04168701171875 0.0315742492675781 0.0348434448242188 0.0607566833496094
0.0174884796142578 0.0163135528564453 0.0691719055175781 -0.00830459594726562
0.0334014892578125 0.0142288208007812 0.06817626953125 0.00563430786132813
0.0301723480224609 3.62396240234375E-05 0.0415725708007813 0.00323867797851563
0.0239677429199219 -0.0117244720458984 0.0304641723632813 0.00812149047851563
0.01177978515625 -0.0184383392333984 0.0201053619384766 0.01171875
-0.00146865844726563 -0.0215072631835937 0.0114727020263672 0.0209560394287109
-0.00448894500732422 -0.0140905380249023 0.0120849609375 0.038970947265625
-0.00207424163818359 -0.0120964050292969 0.00690460205078125 0.0518646240234375
-0.0015869140625 -0.0176792144775391 -0.00565338134765625 0.0616683959960938
0.00380897521972656 -0.0205783843994141 -0.02764892578125 0.0565681457519531
0.0164585113525391 -0.0173368453979492 -0.0382652282714844 0.04327392578125
0.0255336761474609 -0.0117034912109375 -0.0342655181884766 0.0208568572998047
0.0312385559082031 0.00698471069335938 -0.0169229507446289 0.00675201416015625
0.0298557281494141 0.0194358825683594 0.0258674621582031 0.0248146057128906
0.0181407928466797 0.0242862701416016 0.0432281494140625 0.0705108642578125
0.00390267372131348 0.00318527221679688 -0.0452766418457031 -0.0573539733886719
-0.00197696685791016 -0.00521945953369141 -0.0169391632080078 -0.0216655731201172
-0.00809144973754883 0.00162935256958008 0.0202865600585938 -0.00400352478027344
-0.00165605545043945 0.00732040405273438 0.0445480346679688 -0.0219879150390625
0.00341224670410156 0.00409531593322754 0.04290771484375 -0.0428733825683594
0.00404119491577148 -0.000280380249023438 0.0251846313476563 -0.0629043579101563
0.00273752212524414 -0.00658845901489258 0.000743865966796881 -0.0640945434570313
0.00202751159667969 -0.00482320785522461 -0.0144271850585938 -0.0492057800292969
0.00205540657043457 -0.00394368171691895 -0.0191287994384766 -0.0346393585205078
0.00540256500244141 -0.00315666198730469 -0.0202713012695313 -0.0252552032470703
0.00472784042358398 0.00168275833129883 -0.0292549133300781 -0.0128612518310547
-0.00247812271118164 0.00670051574707031 -0.0313835144042969 -0.00781059265136719
-0.0103235244750977 -0.00188636779785156 -0.0411834716796875 -0.00802993774414063
-0.00282192230224609 -0.00924110412597656 -0.0617141723632812 0.00158691406250001
-0.00162792205810547 -0.00355267524719238 -0.0676002502441406 0.00747299194335936
0.028533935546875 0.0181655883789062 -0.0360145568847656 -0.0544013977050781
0.0236301422119141 0.00615882873535156 -0.00644493103027344 -0.0178813934326172
0.0143823623657227 0.00610256195068359 0.0262622833251953 -0.00348281860351562
0.0192775726318359 0.00444793701171875 0.0482139587402344 -0.0215950012207031
0.0194854736328125 -0.00470161437988281 0.0439453125 -0.0411224365234375
0.0137958526611328 -0.0174283981323242 0.0249671936035156 -0.0607719421386719
0.00554847717285156 -0.0253868103027344 0.000915527343749996 -0.0584068298339844
0.00424575805664062 -0.0231971740722656 -0.0151863098144531 -0.0409774780273438
0.00310707092285156 -0.0253143310546875 -0.02069091796875 -0.0272407531738281
0.0100536346435547 -0.0243320465087891 -0.0239181518554688 -0.0202445983886719
0.0173072814941406 -0.0156316757202148 -0.0317955017089844 -0.0085906982421875
0.0155773162841797 -0.00659942626953125 -0.0320205688476563 -0.00644874572753906
0.0116500854492188 -0.003326416015625 -0.04022216796875 -0.00435256958007813
0.0206680297851563 -0.00409507751464844 -0.055572509765625 0.00576400756835939
0.0240325927734375 0.00403022766113281 -0.0606498718261719 0.0127754211425781
0.0486946105957031 0.0306549072265625 -0.0199432373046875 -0.0459976196289062
0.0457839965820313 0.0183219909667969 0.00708723068237305 -0.00863409042358398
0.0372657775878906 0.0106658935546875 0.0331611633300781 0.000818252563476563
0.0401153564453125 0.0012664794921875 0.0515594482421875 -0.0184211730957031
0.0348320007324219 -0.013519287109375 0.0429801940917969 -0.0365219116210938
0.0226783752441406 -0.0326824188232422 0.0221748352050781 -0.0541534423828125
0.00719451904296875 -0.0405502319335938 0.000370025634765624 -0.0461387634277344
0.00551986694335937 -0.0374603271484375 -0.0140705108642578 -0.0274772644042969
0.00334548950195312 -0.0410919189453125 -0.0197620391845703 -0.0134181976318359
0.011871337890625 -0.0424957275390625 -0.0253810882568359 -0.00914382934570313
0.0250625610351563 -0.0315303802490234 -0.0341358184814453 -0.000331878662109376
0.0285625457763672 -0.0207157135009766 -0.0325813293457031 -0.00231361389160156
0.0311870574951172 -0.00795555114746094 -0.0381622314453125 -0.00214385986328126
0.0420379638671875 -0.000469207763671875 -0.0438461303710938 0.00860977172851562
0.0454444885253906 0.010833740234375 -0.0458755493164062 0.0194931030273438
0.0621109008789063 0.0390090942382813 0.000448226928710941 -0.0341911315917969
0.063568115234375 0.0269889831542969 0.0241432189941406 0.00136566162109375
0.0556221008300781 0.0125198364257813 0.040435791015625 0.00499343872070313
0.0558738708496094 -0.00418472290039063 0.0516929626464844 -0.0132789611816406
0.0450325012207031 -0.0229301452636719 0.0389671325683594 -0.0292472839355469
0.0266304016113281 -0.0440902709960938 0.0171737670898438 -0.0415267944335938
0.00690841674804687 -0.049713134765625 -0.000476837158203126 -0.0287494659423828
0.00579452514648437 -0.0461006164550781 -0.0108633041381836 -0.0094289779663086
0.00250625610351563 -0.0513229370117188 -0.0159778594970703 0.00402736663818359
0.0117950439453125 -0.0536346435546875 -0.0246353149414062 0.00630569458007813
0.02874755859375 -0.0424652099609375 -0.0333938598632812 0.0115394592285156
0.037933349609375 -0.0318565368652344 -0.0328121185302734 0.00325584411621094
0.0468673706054688 -0.0116844177246094 -0.0347118377685547 -0.000431060791015622
0.0586585998535156 0.00324630737304688 -0.0285224914550781 0.00951385498046875
0.0595359802246094 0.0174217224121094 -0.0251598358154297 0.0270881652832031
0.0650177001953125 0.0405845642089844 0.0227184295654297 -0.0227870941162109
0.0710906982421875 0.0295181274414063 0.0408248901367188 0.00931167602539063
0.0644950866699219 0.0109634399414063 0.0445022583007813 0.00801467895507813
0.0624656677246094 -0.0103378295898438 0.0484657287597656 -0.00705337524414063
0.0469474792480469 -0.0297698974609375 0.0327301025390625 -0.0184135437011719
0.0247879028320313 -0.0504379272460937 0.0126438140869141 -0.0251846313476563
0.005218505859375 -0.0515403747558594 0.00100374221801758 -0.00827836990356446
0.00463485717773438 -0.046905517578125 -0.00609779357910156 0.0098581314086914
0.00145339965820312 -0.0529556274414063 -0.0114002227783203 0.0219535827636719
0.0117416381835938 -0.0558433532714844 -0.0230445861816406 0.0219058990478516
0.0310440063476563 -0.0453109741210938 -0.0319633483886719 0.0219573974609375
0.0429725646972656 -0.0350189208984375 -0.0314273834228516 0.00835800170898437
0.0552330017089844 -0.0106163024902344 -0.0292301177978516 -0.000289916992187496
0.0658836364746094 0.00943374633789063 -0.0112113952636719 0.00922584533691406
0.0642318725585938 0.0231361389160156 -0.00254440307617187 0.0357513427734375
0.0573501586914063 0.0351219177246094 0.0432624816894531 -0.0141220092773437
0.0680007934570313 0.0259475708007813 0.0547599792480469 0.0119361877441406
0.0623016357421875 0.00635910034179688 0.0454368591308594 0.00808334350585938
0.0577354431152344 -0.0147323608398438 0.0424995422363281 -0.000865936279296876
0.0403175354003906 -0.0319366455078125 0.0268115997314453 -0.00638198852539063
0.0173530578613281 -0.0481986999511719 0.00939559936523438 -0.00692844390869141
0.00138473510742187 -0.04473876953125 0.00356769561767578 0.0116348266601562
0.00284576416015625 -0.0406417846679687 -0.000873565673828127 0.0273876190185547
0.00121307373046875 -0.0469017028808594 -0.006256103515625 0.0385627746582031
0.0106239318847656 -0.0493545532226562 -0.0216217041015625 0.0373039245605469
0.0303573608398438 -0.0402984619140625 -0.0315799713134766 0.0321483612060547
0.0438270568847656 -0.0312042236328125 -0.0307979583740234 0.0130138397216797
0.0550880432128906 -0.00482177734375 -0.0231227874755859 0.000761032104492184
0.0628433227539063 0.0157890319824219 0.00608158111572266 0.0116100311279297
0.05743408203125 0.0281524658203125 0.0187187194824219 0.0464935302734375
0.0409355163574219 0.0258636474609375 0.0590896606445313 -0.0101432800292969
0.0548095703125 0.0192108154296875 0.0639114379882813 0.00971603393554688
0.0484886169433594 0.00167465209960937 0.0442161560058594 0.00599288940429688
0.043182373046875 -0.0164375305175781 0.035888671875 0.00463485717773437
0.026519775390625 -0.0282135009765625 0.0211772918701172 0.00408363342285156
0.00707626342773438 -0.037872314453125 0.00923633575439453 0.00897884368896484
-0.0025634765625 -0.0314006805419922 0.00838470458984375 0.0275611877441406
-0.00037574768066406 -0.0280838012695313 0.00497055053710937 0.0411376953125
-0.000576019287109374 -0.0336017608642578 -0.00390625 0.051422119140625
0.00829696655273437 -0.03607177734375 -0.0223846435546875 0.0490493774414063
0.0252323150634766 -0.0297775268554688 -0.0330886840820313 0.039215087890625
0.0370330810546875 -0.0217857360839844 -0.0304698944091797 0.0178928375244141
0.04656982421875 0.00220870971679688 -0.0178756713867187 0.00321006774902344
0.0499038696289063 0.0199737548828125 0.0197086334228516 0.0169029235839844
0.0412673950195313 0.028411865234375 0.0345649719238281 0.0579948425292969
0.0179080963134766 0.0146293640136719 0.06781005859375 -0.0107002258300781
0.0326766967773438 0.0117893218994141 0.0663490295410156 0.00349044799804688
0.0288200378417969 -0.00087738037109375 0.0402336120605469 0.00269317626953125
0.0223026275634766 -0.0123805999755859 0.0309467315673828 0.00832748413085938
0.0107021331787109 -0.0183868408203125 0.0202388763427734 0.0112895965576172
-0.00248908996582031 -0.0201129913330078 0.0124301910400391 0.0200176239013672
-0.00481796264648438 -0.0120668411254883 0.0137100219726562 0.0363807678222656
-0.00235271453857422 -0.0107097625732422 0.00946807861328125 0.0486373901367188
-0.00318527221679688 -0.0154542922973633 -0.00322341918945312 0.0591087341308594
0.00250053405761719 -0.0192413330078125 -0.0248298645019531 0.0557594299316406
0.0148525238037109 -0.0173864364624023 -0.0357551574707031 0.0431175231933594
0.0238094329833984 -0.0120353698730469 -0.0326728820800781 0.0208663940429688
0.0302505493164063 0.00533485412597656 -0.0163383483886719 0.00643253326416016
0.0293750762939453 0.0173587799072266 0.0245285034179688 0.0226726531982422
0.0189037322998047 0.0215530395507813 0.0419349670410156 0.0672950744628906
0.00334000587463379 0.00375556945800781 -0.0422515869140625 -0.0565071105957031
-0.00193071365356445 -0.00503730773925781 -0.0158329010009766 -0.0206012725830078
-0.00727033615112305 0.00138473510742188 0.0205078125 -0.00361251831054688
-0.0019383430480957 0.00678730010986328 0.04345703125 -0.0208854675292969
0.00347161293029785 0.0039215087890625 0.0417633056640625 -0.0418281555175781
0.00421428680419922 -0.000705957412719727 0.0250434875488281 -0.0609703063964844
0.00286960601806641 -0.00726509094238281 0.000640869140624994 -0.0609779357910156
0.00240564346313477 -0.00518465042114258 -0.0143852233886719 -0.0466461181640625
0.00268340110778809 -0.00407218933105469 -0.0197429656982422 -0.0336551666259766
0.00586843490600586 -0.00366878509521484 -0.0202617645263672 -0.024627685546875
0.00566339492797852 0.00159168243408203 -0.0288181304931641 -0.0128345489501953
-0.00173282623291016 0.00691080093383789 -0.0312232971191406 -0.00774002075195312
-0.0101413726806641 -0.00111007690429687 -0.0399513244628906 -0.00858688354492187
-0.00366973876953125 -0.00909042358398438 -0.0607147216796875 0.000957489013671871
-0.00163173675537109 -0.00272512435913086 -0.0666999816894531 0.00856399536132813
0.0275936126708984 0.0182113647460937 -0.0334510803222656 -0.0530548095703125
0.0227108001708984 0.0059356689453125 -0.0065164566040039 -0.0159912109375
0.0146541595458984 0.00592613220214844 0.0265483856201172 -0.00197029113769531
0.0185413360595703 0.003936767578125 0.0478858947753906 -0.0204315185546875
0.0194168090820313 -0.0053558349609375 0.0429000854492188 -0.0395050048828125
0.0135164260864258 -0.0173006057739258 0.0236854553222656 -0.0589027404785156
0.00528717041015625 -0.0251750946044922 0.000293731689453129 -0.055999755859375
0.00418663024902344 -0.0229072570800781 -0.0152740478515625 -0.0388221740722656
0.00370407104492188 -0.0246143341064453 -0.0212345123291016 -0.025787353515625
0.00988578796386719 -0.0242252349853516 -0.0247821807861328 -0.0196113586425781
0.0166387557983398 -0.0152301788330078 -0.0320014953613281 -0.00877571105957031
0.015324592590332 -0.0060882568359375 -0.0316562652587891 -0.00609016418457031
0.0114145278930664 -0.00290393829345703 -0.0394668579101563 -0.00493240356445312
0.0198783874511719 -0.00336837768554688 -0.0545196533203125 0.00602340698242188
0.0230579376220703 0.00474739074707031 -0.0599555969238281 0.0138053894042969
0.0473861694335938 0.0301284790039063 -0.0179405212402344 -0.0443305969238281
0.0450553894042969 0.0177841186523438 0.00772428512573242 -0.00718402862548828
0.0360183715820313 0.0108375549316406 0.0333385467529297 0.00229072570800781
0.0386772155761719 0.00110244750976563 0.0507392883300781 -0.0172309875488281
0.033416748046875 -0.0137939453125 0.0420989990234375 -0.0349464416503906
0.0214576721191406 -0.0316505432128906 0.0220069885253906 -0.0519676208496094
0.00650787353515625 -0.0389404296875 -0.000316619873046879 -0.0438995361328125
0.00530242919921875 -0.0373992919921875 -0.0139541625976562 -0.0254440307617188
0.00344467163085938 -0.0406494140625 -0.0199127197265625 -0.01251220703125
0.011749267578125 -0.0408706665039062 -0.0263214111328125 -0.00799942016601562
0.0239601135253906 -0.0306949615478516 -0.0338363647460938 -0.000232696533203124
0.0278739929199219 -0.0196170806884766 -0.0327262878417969 -0.00274276733398437
0.0302410125732422 -0.00709342956542969 -0.037994384765625 -0.001495361328125
0.040435791015625 -0.000270843505859375 -0.0436058044433594 0.00886917114257813
0.0441055297851563 0.0105552673339844 -0.0453910827636719 0.0201568603515625
0.0604324340820313 0.0370254516601563 0.00137138366699219 -0.0335102081298828
0.061859130859375 0.0254859924316406 0.023956298828125 0.00269508361816406
0.0545158386230469 0.0125083923339844 0.0397186279296875 0.00693130493164063
0.0542526245117187 -0.00493621826171875 0.051544189453125 -0.0112724304199219
0.0434112548828125 -0.0227699279785156 0.0381660461425781 -0.0279808044433594
0.0257225036621094 -0.0427474975585938 0.0166549682617188 -0.0402145385742188
0.00665283203125 -0.0475730895996094 -0.000331878662109377 -0.0275974273681641
0.0052490234375 -0.0453834533691406 -0.0104341506958008 -0.0084524154663086
0.00211334228515625 -0.049774169921875 -0.0163059234619141 0.00453758239746093
0.0114212036132813 -0.0515518188476563 -0.0252017974853516 0.00590705871582031
0.0274085998535156 -0.0412330627441406 -0.0334320068359375 0.0111465454101563
0.0366973876953125 -0.0307846069335937 -0.0324249267578125 0.00282669067382812
0.0454330444335938 -0.010650634765625 -0.0346183776855469 -0.0004730224609375
0.0569038391113281 0.00353240966796875 -0.0285320281982422 0.0100593566894531
0.057952880859375 0.0167732238769531 -0.0255184173583984 0.0276165008544922
0.0638275146484375 0.0382652282714844 0.0235118865966797 -0.02227783203125
0.0695037841796875 0.0277175903320312 0.0404434204101563 0.00986862182617188
0.0633544921875 0.0111122131347656 0.0445137023925781 0.00989913940429687
0.0607032775878906 -0.0103187561035156 0.0479736328125 -0.00554656982421875
0.0457992553710938 -0.0295066833496094 0.0322780609130859 -0.0162563323974609
0.0234642028808594 -0.0484580993652344 0.0125312805175781 -0.0238876342773438
0.00495147705078125 -0.0494346618652344 0.000498771667480469 -0.00783491134643555
0.003570556640625 -0.0458831787109375 -0.00614452362060547 0.0108890533447266
0.000629425048828127 -0.0512809753417969 -0.0110664367675781 0.0221767425537109
0.0102729797363281 -0.0540657043457031 -0.0236797332763672 0.0225658416748047
0.0294609069824219 -0.0444679260253906 -0.0319595336914063 0.0219707489013672
0.0417137145996094 -0.0345916748046875 -0.0311393737792969 0.00806236267089844
0.0538825988769531 -0.00973129272460938 -0.0295600891113281 0.00040626525878906
0.0647926330566406 0.00907516479492188 -0.0112771987915039 0.00972175598144531
0.0622482299804688 0.0223388671875 -0.00317382812499999 0.0365676879882813
0.056121826171875 0.0328750610351563 0.0429496765136719 -0.0137138366699219
0.0662269592285156 0.0246734619140625 0.0540618896484375 0.0126876831054688
0.0605430603027344 0.00663375854492188 0.0447731018066406 0.009063720703125
0.0555610656738281 -0.0151252746582031 0.0427627563476563 0.00143051147460937
0.0381965637207031 -0.0307960510253906 0.0257282257080078 -0.00510025024414063
0.0161476135253906 -0.0460891723632813 0.00933551788330078 -0.00554370880126953
0.000846862792968748 -0.0429801940917969 0.00464344024658203 0.0114469528198242
0.00184249877929687 -0.0390739440917969 -0.00060844421386719 0.0274543762207031
-0.000202178955078124 -0.0452919006347656 -0.00664901733398438 0.0380744934082031
0.00948715209960937 -0.0476226806640625 -0.0224876403808594 0.0368080139160156
0.0290794372558594 -0.0403556823730469 -0.0317134857177734 0.0313262939453125
0.0417137145996094 -0.0305709838867188 -0.0308704376220703 0.0124168395996094
0.0539588928222656 -0.00480270385742188 -0.0227432250976563 0.001922607421875
0.0622062683105469 0.0152320861816406 0.00580596923828125 0.0123319625854492
0.0563774108886719 0.0263824462890625 0.0173912048339844 0.0467109680175781
0.0402145385742188 0.0243492126464844 0.058380126953125 -0.0107040405273437
0.0533447265625 0.0181961059570313 0.0618095397949219 0.0097198486328125
0.0478515625 0.00237655639648437 0.0441246032714844 0.00748062133789063
0.0416908264160156 -0.0161018371582031 0.0358963012695313 0.00529098510742187
0.0251712799072266 -0.0273303985595703 0.0214157104492188 0.00505828857421875
0.00612258911132812 -0.03631591796875 0.00942611694335937 0.00990962982177734
-0.00256729125976562 -0.0294246673583984 0.00867652893066406 0.0268497467041016
-0.000600814819335939 -0.0269050598144531 0.00572967529296875 0.0399742126464844
-0.00151634216308594 -0.0316905975341797 -0.00334548950195313 0.05035400390625
0.00723457336425782 -0.0348567962646484 -0.0228919982910156 0.047882080078125
0.0238265991210938 -0.0295829772949219 -0.0321922302246094 0.038116455078125
0.0358161926269531 -0.02142333984375 -0.0307636260986328 0.0170478820800781
0.0449256896972656 0.00223159790039063 -0.0181026458740234 0.00396728515625
0.0491752624511719 0.0181961059570313 0.0179901123046875 0.0158882141113281
0.0403289794921875 0.0260848999023438 0.0323066711425781 0.0574874877929688
0.0177021026611328 0.0136260986328125 0.0665512084960938 -0.0109519958496094
0.0323104858398438 0.010498046875 0.06475830078125 0.00352859497070313
0.0276451110839844 -0.00161170959472656 0.03936767578125 0.00359725952148438
0.0215225219726563 -0.0127010345458984 0.0311298370361328 0.00954437255859375
0.00989151000976563 -0.0178508758544922 0.0206794738769531 0.0114631652832031
-0.00394439697265625 -0.0194301605224609 0.0129642486572266 0.0201473236083984
-0.00500202178955078 -0.0108442306518555 0.0142707824707031 0.0351448059082031
-0.00227165222167969 -0.00938129425048828 0.0102653503417969 0.0467491149902344
-0.00348281860351563 -0.0142412185668945 -0.00264358520507812 0.0572547912597656
0.000864028930664061 -0.0185012817382812 -0.02423095703125 0.0536689758300781
0.0136833190917969 -0.0169172286987305 -0.0360221862792969 0.0419044494628906
0.0226840972900391 -0.0120449066162109 -0.0329437255859375 0.0202789306640625
0.0291595458984375 0.00496673583984375 -0.0160303115844727 0.00605297088623047
0.0285835266113281 0.0157890319824219 0.0232009887695313 0.0216503143310547
0.0181503295898437 0.0201320648193359 0.0402297973632813 0.0662498474121094
0.00383472442626953 0.00378751754760742 -0.0412864685058594 -0.057586669921875
-0.00145101547241211 -0.00568580627441406 -0.0156135559082031 -0.0205860137939453
-0.00804901123046875 0.00127315521240234 0.0206699371337891 -0.0027923583984375
-0.00161314010620117 0.00726127624511719 0.0440864562988281 -0.0204696655273438
0.00426554679870605 0.00385046005249023 0.0426597595214844 -0.0415992736816406
0.0050816535949707 -0.000784397125244141 0.0249290466308594 -0.0613899230957031
0.00319385528564453 -0.0080265998840332 0.00205612182617188 -0.061492919921875
0.00378036499023438 -0.00632286071777344 -0.0134544372558594 -0.0458641052246094
0.00394916534423828 -0.00477504730224609 -0.0202465057373047 -0.0328426361083984
0.00632810592651367 -0.00348854064941406 -0.0213356018066406 -0.0254325866699219
0.0059809684753418 0.00174188613891602 -0.0295276641845703 -0.0135784149169922
-0.00154352188110352 0.00778865814208984 -0.0319499969482422 -0.00918769836425781
-0.0100469589233398 -0.000924110412597654 -0.041717529296875 -0.0103416442871094
-0.00447893142700195 -0.00841617584228515 -0.0615730285644531 0.000671386718749991
-0.000999093055725098 -0.00178062915802002 -0.0675163269042969 0.00840759277343751
0.0284461975097656 0.0182819366455078 -0.0319404602050781 -0.0528793334960938
0.0228366851806641 0.00633049011230469 -0.00539302825927734 -0.0157346725463867
0.0143518447875977 0.00638198852539063 0.0278263092041016 -0.00109481811523437
0.0195770263671875 0.00363540649414062 0.0481681823730469 -0.0194244384765625
0.0198230743408203 -0.00464439392089844 0.0440635681152344 -0.0386238098144531
0.0142221450805664 -0.0172653198242188 0.0249595642089844 -0.0587882995605469
0.00550079345703125 -0.0262928009033203 0.000610351562499997 -0.0553627014160156
0.00510978698730469 -0.0237751007080078 -0.014678955078125 -0.0379562377929688
0.00411415100097656 -0.0254154205322266 -0.0220375061035156 -0.0256309509277344
0.0112705230712891 -0.0245208740234375 -0.0257587432861328 -0.0192546844482422
0.0178146362304688 -0.0147914886474609 -0.0330810546875 -0.00912857055664063
0.0160140991210938 -0.00546360015869141 -0.0321540832519531 -0.00764274597167968
0.0112619400024414 -0.00208187103271484 -0.0402145385742188 -0.00590896606445312
0.0191440582275391 -0.00295639038085937 -0.0555152893066406 0.00576019287109376
0.0230770111083984 0.0057373046875 -0.0611305236816406 0.0143280029296875
0.0482063293457031 0.0311965942382813 -0.0160446166992187 -0.0446968078613281
0.0451087951660156 0.0178337097167969 0.00878334045410156 -0.00627040863037109
0.0364112854003906 0.0108680725097656 0.0338191986083984 0.00384140014648438
0.0390281677246094 0.0005340576171875 0.0518302917480469 -0.0154151916503906
0.0336170196533203 -0.0134601593017578 0.0425834655761719 -0.034271240234375
0.0226554870605469 -0.0310726165771484 0.0217475891113281 -0.0513763427734375
0.00738906860351562 -0.03973388671875 0.000370025634765624 -0.0429878234863281
0.00597381591796875 -0.0374565124511719 -0.0133094787597656 -0.0238780975341797
0.0044097900390625 -0.0406074523925781 -0.0207633972167969 -0.0117359161376953
0.0122032165527344 -0.0413742065429687 -0.028045654296875 -0.00846481323242188
0.0248641967773437 -0.0309219360351563 -0.0347976684570313 -0.000764846801757809
0.0292434692382813 -0.0191154479980469 -0.0336246490478516 -0.00346183776855469
0.0302963256835938 -0.0055389404296875 -0.0386772155761719 -0.00281143188476562
0.0405426025390625 0.000637054443359375 -0.0445899963378906 0.00917434692382812
0.044219970703125 0.0119552612304688 -0.0469512939453125 0.0217971801757813
0.0598373413085938 0.0373878479003906 0.00404739379882813 -0.0331897735595703
0.0606689453125 0.0257720947265625 0.0249290466308594 0.00324440002441406
0.0539665222167969 0.0139617919921875 0.0406265258789063 0.00812149047851563
0.0546531677246094 -0.00492095947265625 0.0531654357910156 -0.010223388671875
0.0435409545898438 -0.0223503112792969 0.0393905639648438 -0.0266380310058594
0.0258445739746094 -0.0427818298339844 0.0167198181152344 -0.0394439697265625
0.00701522827148438 -0.0480461120605469 -0.000423431396484376 -0.0266437530517578
0.005889892578125 -0.0447044372558594 -0.0103988647460938 -0.00710487365722657
0.00200271606445313 -0.0499801635742187 -0.0167264938354492 0.00555706024169922
0.0114364624023438 -0.0512161254882813 -0.0271015167236328 0.00753402709960937
0.029022216796875 -0.0420150756835937 -0.0352058410644531 0.0110931396484375
0.0379257202148438 -0.0297126770019531 -0.0334148406982422 0.00237655639648437
0.0454673767089844 -0.0102386474609375 -0.0346775054931641 -0.000707626342773442
0.0565032958984375 0.00374984741210938 -0.0288658142089844 0.0103969573974609
0.0587882995605469 0.0169563293457031 -0.0276718139648437 0.0295391082763672
0.0630455017089844 0.0383720397949219 0.0251121520996094 -0.0218620300292969
0.0697250366210938 0.028045654296875 0.0411720275878906 0.0119056701660156
0.06341552734375 0.0116767883300781 0.0457954406738281 0.0111732482910156
0.0614662170410156 -0.00992202758789063 0.0498046875 -0.00322341918945313
0.0455665588378906 -0.0285072326660156 0.0330638885498047 -0.0159645080566406
0.02349853515625 -0.0477409362792969 0.0121135711669922 -0.0228767395019531
0.004547119140625 -0.0493698120117187 0.00146579742431641 -0.00649690628051758
0.00419235229492187 -0.0453758239746094 -0.00638484954833984 0.0111513137817383
0.00143814086914063 -0.0510787963867188 -0.0119724273681641 0.0230884552001953
0.0102348327636719 -0.0542793273925781 -0.0253829956054688 0.0226554870605469
0.030242919921875 -0.0448074340820313 -0.0341091156005859 0.0219039916992188
0.0420722961425781 -0.0352363586425781 -0.0323867797851563 0.0084686279296875
0.0537605285644531 -0.00890731811523438 -0.0295906066894531 0.00041961669921875
0.0646858215332031 0.00907516479492188 -0.0117616653442383 0.0109043121337891
0.0627975463867188 0.0229301452636719 -0.00548553466796875 0.0382843017578125
0.0562934875488281 0.0334053039550781 0.0444412231445313 -0.0139923095703125
0.0668754577636719 0.0246353149414063 0.0541648864746094 0.0140419006347656
0.0605888366699219 0.00748825073242188 0.0457229614257813 0.0114021301269531
0.0564727783203125 -0.0140533447265625 0.0430335998535156 0.00226211547851562
0.0386772155761719 -0.0309562683105469 0.0274372100830078 -0.00395584106445313
0.0161895751953125 -0.0458641052246094 0.00916767120361328 -0.00483036041259766
0.000652313232421877 -0.0422439575195313 0.00414848327636719 0.0118799209594727
0.00284957885742187 -0.0383262634277344 -0.000972747802734375 0.0286941528320312
0.000183105468749997 -0.0445632934570313 -0.00723648071289063 0.0389175415039063
0.0091094970703125 -0.0472450256347656 -0.0231475830078125 0.037384033203125
0.0286026000976563 -0.0400962829589844 -0.0327529907226563 0.0319614410400391
0.0414619445800781 -0.0304412841796875 -0.0316677093505859 0.0127429962158203
0.0543403625488281 -0.00423812866210938 -0.0231361389160156 0.000696182250976558
0.06195068359375 0.0145454406738281 0.00547885894775391 0.0119218826293945
0.0561981201171875 0.0268440246582031 0.0157852172851563 0.0485458374023438
0.0395774841308594 0.0236091613769531 0.0596427917480469 -0.0101852416992187
0.0527420043945313 0.0179328918457031 0.0631637573242188 0.0117034912109375
0.0476417541503906 0.00244903564453125 0.0439567565917969 0.0092620849609375
0.0414962768554688 -0.0162200927734375 0.0368766784667969 0.00719451904296875
0.0256404876708984 -0.0280876159667969 0.02227783203125 0.00642013549804687
0.0062713623046875 -0.0349750518798828 0.0101156234741211 0.0103769302368164
-0.0027313232421875 -0.02850341796875 0.00871849060058594 0.0274333953857422
-0.000513076782226561 -0.0258293151855469 0.00536346435546875 0.0404930114746094
-0.00126838684082031 -0.0309581756591797 -0.00431060791015625 0.0502891540527344
0.00673103332519531 -0.0350399017333984 -0.0247459411621094 0.0482864379882813
0.0240612030029297 -0.0296611785888672 -0.0337333679199219 0.0389060974121094
0.03564453125 -0.02191162109375 -0.031097412109375 0.0175266265869141
0.0450973510742188 0.00228118896484375 -0.0179462432861328 0.003387451171875
0.0495681762695313 0.0179595947265625 0.0174160003662109 0.0165548324584961
0.040252685546875 0.02569580078125 0.0310325622558594 0.0589828491210938
0.0171012878417969 0.0128507614135742 0.0680618286132813 -0.0105209350585938
0.0321426391601563 0.0100383758544922 0.0659141540527344 0.00487518310546875
0.0284633636474609 -0.000911712646484375 0.0404472351074219 0.00543975830078125
0.0217494964599609 -0.0134868621826172 0.0319919586181641 0.0102825164794922
0.00991058349609375 -0.0183887481689453 0.0218868255615234 0.0131111145019531
-0.0038604736328125 -0.0183563232421875 0.0131931304931641 0.0209140777587891
-0.005401611328125 -0.00962543487548828 0.0150718688964844 0.0354385375976563
-0.00282001495361328 -0.00886344909667969 0.00955581665039063 0.0472564697265625
-0.00382328033447266 -0.0128202438354492 -0.00235366821289063 0.0571823120117187
0.00101852416992187 -0.017338752746582 -0.0246696472167969 0.0549812316894531
0.012639045715332 -0.017094612121582 -0.0361557006835938 0.0417823791503906
0.0225181579589844 -0.0131683349609375 -0.0328350067138672 0.0200634002685547
0.0286197662353516 0.00577163696289063 -0.0164833068847656 0.00631046295166015
0.0290565490722656 0.0157871246337891 0.0230159759521484 0.0224742889404297
0.0185623168945313 0.0189609527587891 0.0383453369140625 0.0671539306640625
0.00409555435180664 0.00533819198608398 -0.0409011840820312 -0.0599746704101562
-0.00187110900878906 -0.00451946258544922 -0.0155754089355469 -0.0205154418945313
-0.00728559494018555 0.00150203704833984 0.0214653015136719 -0.00250816345214844
-0.000698089599609374 0.00740480422973633 0.0459785461425781 -0.0208511352539062
0.00484704971313477 0.00369977951049805 0.0447654724121094 -0.0422744750976562
0.00550651550292969 -0.0015559196472168 0.0259475708007813 -0.0632896423339844
0.00333118438720703 -0.00959205627441406 0.00105667114257812 -0.0630264282226563
0.00413751602172852 -0.00791597366333008 -0.0148658752441406 -0.0462112426757812
0.00473880767822266 -0.00592136383056641 -0.0220851898193359 -0.0337467193603516
0.00779819488525391 -0.00419759750366211 -0.0237617492675781 -0.0257320404052734
0.00736904144287109 0.00208616256713867 -0.0313816070556641 -0.0144138336181641
-0.00145435333251953 0.0087127685546875 -0.0336723327636719 -0.0106563568115234
-0.0105838775634766 0.000364303588867186 -0.0430679321289063 -0.0121955871582031
-0.00524806976318359 -0.00819635391235352 -0.0634613037109375 0.000759124755859363
-0.00186598300933838 -0.0010981559753418 -0.0704269409179688 0.0105133056640625
0.0292453765869141 0.0196323394775391 -0.031646728515625 -0.05535888671875
0.0236015319824219 0.00644683837890625 -0.00477313995361328 -0.0154151916503906
0.0153322219848633 0.00656795501708984 0.0283832550048828 -0.000453948974609375
0.0202789306640625 0.003692626953125 0.0504875183105469 -0.0196456909179688
0.0207881927490234 -0.00519561767578125 0.0451622009277344 -0.039825439453125
0.0150871276855469 -0.0179805755615234 0.0253829956054687 -0.0605010986328125
0.00609779357910156 -0.0271854400634766 0.000713348388671875 -0.0562934875488281
0.00569725036621094 -0.0250873565673828 -0.0155677795410156 -0.0381202697753906
0.00504493713378906 -0.0265884399414063 -0.0240764617919922 -0.0251388549804688
0.0114364624023437 -0.0248565673828125 -0.0280361175537109 -0.0199127197265625
0.0187225341796875 -0.0151252746582031 -0.0352439880371094 -0.00923919677734376
0.0168838500976563 -0.00479412078857422 -0.035247802734375 -0.00863265991210938
0.0111732482910156 -0.00123214721679688 -0.0421028137207031 -0.00695037841796876
0.0189933776855469 -0.00279808044433594 -0.0573768615722656 0.00641250610351563
0.0238056182861328 0.00643157958984375 -0.0641517639160156 0.0162696838378906
0.0493278503417969 0.0317726135253906 -0.0150299072265625 -0.0460891723632813
0.0462303161621094 0.0180473327636719 0.00991630554199219 -0.00526523590087891
0.0373344421386719 0.0120010375976563 0.0363960266113281 0.0050811767578125
0.0405082702636719 5.7220458984375E-05 0.0540695190429688 -0.015533447265625
0.0353431701660156 -0.0142898559570313 0.0450706481933594 -0.0347900390625
0.0227088928222656 -0.0324020385742188 0.0219192504882813 -0.0524787902832031
0.00743103027343751 -0.0413475036621094 0.000102996826171878 -0.0437889099121094
0.00594711303710938 -0.0389022827148438 -0.0139484405517578 -0.0237903594970703
0.00408172607421875 -0.0423545837402344 -0.0225505828857422 -0.0103950500488281
0.0126228332519531 -0.0426788330078125 -0.0305385589599609 -0.0072174072265625
0.0258197784423828 -0.0317668914794922 -0.0380783081054687 -0.000431060791015635
0.0298404693603516 -0.0192584991455078 -0.0360984802246094 -0.00372314453125
0.0307292938232422 -0.0050506591796875 -0.0405731201171875 -0.00299453735351562
0.0418434143066406 0.0010223388671875 -0.0457191467285156 0.00969696044921875
0.0457344055175781 0.0124664306640625 -0.0496673583984375 0.0241661071777344
0.0624351501464844 0.0386009216308594 0.00476837158203125 -0.0345592498779297
0.0636672973632813 0.0254096984863281 0.0269241333007813 0.00533866882324219
0.0556373596191406 0.0141792297363281 0.0428733825683594 0.0106468200683594
0.05633544921875 -0.00521469116210937 0.0551910400390625 -0.00935745239257813
0.0448760986328125 -0.0229682922363281 0.0406570434570313 -0.0260810852050781
0.0262374877929688 -0.0432701110839844 0.017425537109375 -0.03961181640625
0.00739288330078125 -0.0499267578125 -0.000312805175781251 -0.0257492065429688
0.00547027587890625 -0.046844482421875 -0.0106887817382813 -0.00609683990478516
0.00196456909179687 -0.0513687133789063 -0.0181541442871094 0.00650596618652343
0.0113983154296875 -0.0536422729492188 -0.0297775268554688 0.00840950012207031
0.0292167663574219 -0.0431480407714844 -0.0378799438476563 0.0120506286621094
0.0387840270996094 -0.0315628051757813 -0.0361251831054688 0.00220489501953125
0.0468063354492188 -0.00986862182617188 -0.0374832153320313 -7.62939453125111E-06
0.0582122802734375 0.00379562377929687 -0.0305347442626953 0.0118732452392578
0.0596733093261719 0.0177078247070313 -0.0287322998046875 0.0320396423339844
0.0652503967285156 0.03826904296875 0.0264472961425781 -0.0230960845947266
0.0709152221679688 0.028228759765625 0.0429458618164063 0.0130882263183594
0.0647850036621094 0.0127716064453125 0.0469322204589844 0.0137367248535156
0.0627098083496094 -0.0108413696289063 0.0519523620605469 -0.002777099609375
0.0465240478515625 -0.0299034118652344 0.0349445343017578 -0.0155200958251953
0.0238494873046875 -0.0492820739746094 0.0124645233154297 -0.0223770141601563
0.00519180297851563 -0.0502777099609375 0.00164699554443359 -0.00648164749145508
0.00421905517578125 -0.0469093322753906 -0.00573348999023437 0.0125694274902344
0.000610351562499996 -0.0518608093261719 -0.0127353668212891 0.0244140625
0.00976943969726562 -0.0558357238769531 -0.0274868011474609 0.0246105194091797
0.0302848815917969 -0.0466537475585938 -0.0359420776367188 0.0237388610839844
0.0427131652832031 -0.0362815856933594 -0.0350017547607422 0.00797653198242188
0.0556106567382813 -0.00919723510742188 -0.0311489105224609 0.000732421875
0.0669212341308594 0.00908660888671875 -0.013249397277832 0.0120077133178711
0.06475830078125 0.0223770141601563 -0.00658035278320312 0.0408706665039062
0.0577239990234375 0.033599853515625 0.0466651916503906 -0.0145683288574219
0.0678482055664063 0.0247039794921875 0.0569114685058594 0.0153007507324219
0.0625 0.00795364379882813 0.0483207702636719 0.0133209228515625
0.057952880859375 -0.0157432556152344 0.0464210510253906 0.003448486328125
0.039581298828125 -0.0324363708496094 0.0283870697021484 -0.00313949584960938
0.0161933898925781 -0.0463714599609375 0.00943565368652344 -0.00419330596923828
0.00077056884765625 -0.0427055358886719 0.00460910797119141 0.0129098892211914
0.00171661376953125 -0.0397415161132813 7.82012939453105E-05 0.0292263031005859
-0.000610351562500002 -0.0447120666503906 -0.00749588012695313 0.040069580078125
0.0082550048828125 -0.0486793518066406 -0.025177001953125 0.0395088195800781
0.0288314819335938 -0.0415611267089844 -0.0349502563476562 0.0337276458740234
0.042999267578125 -0.0322723388671875 -0.0336284637451172 0.0132465362548828
0.055572509765625 -0.00455093383789063 -0.0242729187011719 0.00136184692382813
0.0639305114746094 0.0145339965820313 0.00473976135253907 0.0134220123291016
0.0584297180175781 0.0259246826171875 0.0142784118652344 0.0515899658203125
0.04095458984375 0.0238838195800781 0.0618171691894531 -0.0115242004394531
0.0542182922363281 0.017608642578125 0.0655784606933594 0.0122909545898438
0.0497817993164063 0.00243759155273438 0.0462303161621094 0.0101776123046875
0.0425224304199219 -0.0173912048339844 0.0395126342773438 0.00799942016601562
0.0258197784423828 -0.0285930633544922 0.0242118835449219 0.00691413879394531
0.00579452514648438 -0.0359840393066406 0.0107173919677734 0.0116262435913086
-0.00334358215332032 -0.0291938781738281 0.00959014892578125 0.0278987884521484
-0.000507354736328125 -0.0257930755615234 0.00591659545898438 0.0413131713867188
-0.00205039978027344 -0.0308513641357422 -0.0042724609375 0.0517921447753906
0.00530242919921875 -0.0346050262451172 -0.0245857238769531 0.0503883361816406
0.022979736328125 -0.0308818817138672 -0.0353889465332031 0.04058837890625
0.0359001159667969 -0.0229606628417969 -0.0333328247070312 0.0175933837890625
0.0466804504394531 0.00169754028320313 -0.0190353393554688 0.00343513488769531
0.0511398315429688 0.0176582336425781 0.0174627304077148 0.0174503326416016
0.0416717529296875 0.0255012512207031 0.0308723449707031 0.0616798400878906
0.0178050994873047 0.0120429992675781 0.0703811645507813 -0.0123367309570313
0.0331974029541016 0.0102634429931641 0.0678291320800781 0.00542068481445313
0.02984619140625 -0.00165367126464844 0.0420150756835938 0.006988525390625
0.0223712921142578 -0.0137004852294922 0.0338211059570313 0.0117053985595703
0.0088043212890625 -0.019683837890625 0.0230941772460938 0.0139293670654297
-0.00553321838378906 -0.018280029296875 0.0146369934082031 0.0218505859375
-0.00553226470947266 -0.00948429107666016 0.01593017578125 0.0360832214355469
-0.00302410125732422 -0.00856637954711914 0.0113334655761719 0.0480461120605469
-0.00406837463378906 -0.0125303268432617 -0.00325775146484374 0.0585975646972656
-0.000286102294921875 -0.0175304412841797 -0.0262603759765625 0.0567398071289062
0.0126943588256836 -0.0172500610351563 -0.0380096435546875 0.0434761047363281
0.0222625732421875 -0.0130023956298828 -0.0347442626953125 0.0211143493652344
0.0298633575439453 0.00457763671875 -0.0178508758544922 0.00598526000976563
0.0304813385009766 0.0149421691894531 0.0228366851806641 0.0220241546630859
0.0194683074951172 0.0186595916748047 0.0387115478515625 0.0705413818359375
0.00370550155639649 0.00728321075439453 -0.0435714721679687 -0.0605888366699219
-0.00142526626586914 -0.00461912155151367 -0.0159263610839844 -0.0201835632324219
-0.00723028182983399 0.00199317932128906 0.0227203369140625 -0.00284957885742188
-0.000557899475097656 0.00718498229980469 0.0483474731445313 -0.0224952697753906
0.00557279586791992 0.00347280502319336 0.0451316833496094 -0.046051025390625
0.00629234313964844 -0.00313425064086914 0.0251083374023437 -0.0668182373046875
0.00376224517822266 -0.0109071731567383 -0.00146865844726563 -0.0649185180664063
0.00394201278686524 -0.00807762145996094 -0.016448974609375 -0.0457267761230469
0.00471305847167969 -0.00745153427124023 -0.0251197814941406 -0.0330734252929688
0.0083308219909668 -0.00579547882080078 -0.0269412994384766 -0.0261592864990234
0.00807714462280273 0.00226593017578125 -0.0341148376464844 -0.0140666961669922
-8.86917114257821E-05 0.00938129425048828 -0.036834716796875 -0.0106353759765625
-0.0115518569946289 0.00118160247802734 -0.0458908081054688 -0.0126190185546875
-0.00628328323364258 -0.00769233703613281 -0.0660171508789063 0.00317001342773438
-0.00178217887878418 -0.000315308570861816 -0.072998046875 0.0143280029296875
0.0306816101074219 0.0202083587646484 -0.033782958984375 -0.0581207275390625
0.0248546600341797 0.006195068359375 -0.00461006164550781 -0.0150289535522461
0.0168895721435547 0.00691604614257813 0.0298728942871094 0.000471115112304688
0.0210399627685547 0.00301170349121094 0.0524940490722656 -0.0213851928710937
0.0213394165039062 -0.00681304931640625 0.0465126037597656 -0.0429344177246094
0.0157127380371094 -0.0188827514648438 0.0234947204589844 -0.0629310607910156
0.00537490844726562 -0.0294075012207031 -0.00207519531249999 -0.0575141906738281
0.00505256652832031 -0.0267448425292969 -0.0168190002441406 -0.0378036499023438
0.00469589233398438 -0.0294075012207031 -0.0266017913818359 -0.0242195129394531
0.0125236511230469 -0.0267429351806641 -0.0321865081787109 -0.0192127227783203
0.0204238891601563 -0.0162448883056641 -0.0383186340332031 -0.00851821899414063
0.0179557800292969 -0.00481033325195312 -0.0374336242675781 -0.00782012939453124
0.0117473602294922 7.05718994140625E-05 -0.0444450378417969 -0.007080078125
0.0188083648681641 -0.0023651123046875 -0.0596046447753906 0.00900268554687499
0.0239219665527344 0.00735855102539063 -0.0662765502929687 0.0219268798828125
0.0517997741699219 0.0315704345703125 -0.016998291015625 -0.0483436584472656
0.0485076904296875 0.0160446166992188 0.0105695724487305 -0.00530910491943359
0.0398635864257812 0.0109825134277344 0.0385017395019531 0.00557708740234375
0.0420913696289062 -0.000774383544921875 0.056884765625 -0.0165443420410156
0.0358352661132813 -0.0167198181152344 0.0451469421386719 -0.0364151000976563
0.0221385955810547 -0.0344200134277344 0.0206451416015625 -0.0539970397949219
0.00714874267578125 -0.0428237915039063 -0.0017242431640625 -0.04510498046875
0.00524139404296875 -0.0409965515136719 -0.0152683258056641 -0.0225334167480469
0.00309371948242188 -0.0442771911621094 -0.0248813629150391 -0.00847244262695313
0.011138916015625 -0.0458755493164063 -0.0342044830322266 -0.00571823120117187
0.0263633728027344 -0.0338783264160156 -0.0410995483398438 0.00154495239257812
0.0301685333251953 -0.0214614868164063 -0.0395278930664063 -0.00320816040039064
0.0314407348632813 -0.00542068481445313 -0.0424880981445313 -0.00264358520507813
0.0425605773925781 0.000484466552734375 -0.0476417541503906 0.0132331848144531
0.0469474792480469 0.0102920532226563 -0.0520744323730469 0.0280227661132813
0.0655097961425781 0.0375022888183594 0.00483322143554688 -0.0369606018066406
0.0665512084960938 0.02447509765625 0.0279369354248047 0.00542640686035156
0.0588493347167969 0.0125923156738281 0.0461654663085938 0.0117034912109375
0.0576438903808594 -0.0086212158203125 0.0573387145996094 -0.0110626220703125
0.0454597473144531 -0.025787353515625 0.04302978515625 -0.0285148620605469
0.0249519348144531 -0.04620361328125 0.0160064697265625 -0.0416030883789062
0.00510406494140625 -0.0521316528320312 -0.00119972229003906 -0.0259952545166016
0.00425338745117188 -0.0496292114257813 -0.0117464065551758 -0.00364685058593751
-0.000629425048828122 -0.0530548095703125 -0.0181903839111328 0.00840950012207031
0.00976181030273437 -0.0561561584472656 -0.0321788787841797 0.0111293792724609
0.0298843383789063 -0.0453147888183594 -0.0408859252929688 0.0139999389648437
0.0389938354492188 -0.0336875915527344 -0.0391578674316406 0.00240325927734375
0.0474967956542969 -0.011077880859375 -0.0394287109375 0.00126266479492188
0.0599174499511719 0.00206756591796875 -0.0323543548583984 0.0140266418457031
0.0628242492675781 0.014495849609375 -0.0302162170410156 0.0358505249023437
0.0679397583007813 0.0375556945800781 0.0269527435302734 -0.0248050689697266
0.0743789672851563 0.0266265869140625 0.0450973510742188 0.0130462646484375
0.0683403015136719 0.00959396362304688 0.0510406494140625 0.0144271850585938
0.0647125244140625 -0.0134124755859375 0.0540733337402344 -0.00245285034179688
0.0464897155761719 -0.0325927734375 0.0361251831054688 -0.0151405334472656
0.0233688354492188 -0.0514068603515625 0.0125007629394531 -0.022125244140625
0.00382614135742188 -0.0515289306640625 0.000998973846435547 -0.00526762008666993
0.00276947021484375 -0.0473442077636719 -0.00506973266601563 0.0145463943481445
-0.00164031982421875 -0.0526466369628906 -0.0137386322021484 0.0259628295898438
0.0074310302734375 -0.0582542419433594 -0.0290203094482422 0.0275154113769531
0.0297279357910156 -0.0495147705078125 -0.038543701171875 0.0257949829101563
0.0423583984375 -0.0389976501464844 -0.0373878479003906 0.0093536376953125
0.0575141906738281 -0.0113868713378906 -0.0320968627929687 0.00215148925781249
0.0703582763671875 0.00685882568359375 -0.0134353637695312 0.0137014389038086
0.0675582885742188 0.0208549499511719 -0.00586318969726562 0.0453453063964844
0.0609130859375 0.0324554443359375 0.0494117736816406 -0.0161933898925781
0.0701980590820313 0.0221443176269531 0.061187744140625 0.0164527893066406
0.0648117065429688 0.00592803955078125 0.0505714416503906 0.0152091979980469
0.0585594177246094 -0.0186729431152344 0.0499153137207031 0.0024871826171875
0.0393905639648438 -0.0337257385253906 0.0294837951660156 -0.00318145751953125
0.0143241882324219 -0.0477256774902344 0.0116443634033203 -0.0027914047241211
0.000293731689453124 -0.043548583984375 0.00465774536132813 0.014103889465332
0.000621795654296872 -0.0398063659667969 0.00114631652832032 0.0311412811279297
-0.0026397705078125 -0.0456085205078125 -0.0062713623046875 0.0427474975585938
0.005706787109375 -0.0488357543945313 -0.0255317687988281 0.0429611206054688
0.0276756286621094 -0.0446281433105469 -0.0365447998046875 0.0366783142089844
0.042022705078125 -0.0360183715820313 -0.0364456176757813 0.013824462890625
0.0579185485839844 -0.00762939453125 -0.0259170532226563 0.00237655639648437
0.0664558410644531 0.0122299194335938 0.00454044342041016 0.0141630172729492
0.0613250732421875 0.024871826171875 0.0158195495605469 0.0546455383300781
0.043243408203125 0.0220565795898438 0.0643653869628906 -0.0137290954589844
0.0568046569824219 0.0141944885253906 0.0684089660644531 0.0116348266601563
0.0522575378417969 0.001434326171875 0.0488052368164062 0.0115203857421875
0.0446357727050781 -0.0199432373046875 0.0417671203613281 0.00875091552734375
0.0245323181152344 -0.0321273803710938 0.0262928009033203 0.00815391540527344
0.003265380859375 -0.0356979370117187 0.0118293762207031 0.0112466812133789
-0.00458908081054687 -0.0287246704101563 0.0106658935546875 0.0297107696533203
-0.00228118896484375 -0.0273685455322266 0.0078582763671875 0.0428237915039063
-0.00390243530273437 -0.0299625396728516 -0.00228118896484375 0.0539970397949219
0.00363540649414062 -0.0356178283691406 -0.0252571105957031 0.0534439086914063
0.0212669372558594 -0.0326480865478516 -0.0366401672363281 0.0430488586425781
0.0348300933837891 -0.0247764587402344 -0.0353050231933594 0.018585205078125
0.0477638244628906 -0.0001983642578125 -0.0201683044433594 0.0046539306640625
0.0528144836425781 0.0148468017578125 0.0186347961425781 0.016998291015625
0.0449104309082031 0.0230484008789063 0.0324363708496094 0.0649490356445313
0.0195484161376953 0.0121879577636719 0.0725860595703125 -0.0159683227539063
0.0342979431152344 0.00772666931152344 0.0709228515625 0.004486083984375
0.0312156677246094 -0.00378990173339844 0.0446662902832031 0.00699996948242188
0.0220909118652344 -0.0167675018310547 0.03765869140625 0.0121231079101562
0.00792884826660156 -0.0213584899902344 0.0258541107177734 0.0145359039306641
-0.007568359375 -0.0182971954345703 0.0167369842529297 0.0217704772949219
-0.0067300796508789 -0.00908565521240234 0.0184402465820313 0.0372695922851563
-0.00441122055053711 -0.00762939453125 0.0143699645996094 0.0481834411621094
-0.00589752197265625 -0.0113859176635742 -0.00232315063476563 0.0597915649414063
-0.00135040283203125 -0.0163030624389648 -0.0250892639160156 0.0600433349609375
0.0112667083740234 -0.0180587768554688 -0.0382804870605469 0.04742431640625
0.0221099853515625 -0.014801025390625 -0.0366401672363281 0.0228767395019531
0.0309829711914063 0.00391769409179688 -0.0183181762695312 0.00602149963378906
0.0318069458007813 0.0137729644775391 0.02325439453125 0.0216102600097656
0.0192680358886719 0.0169506072998047 0.0418472290039063 0.0722885131835938
0.00630617141723633 0.0087137222290039 -0.0459518432617188 -0.0601806640625
-0.00268840789794922 -0.00441789627075195 -0.0185966491699219 -0.0201034545898438
-0.00665044784545899 0.00409793853759765 0.0248661041259766 -0.00547027587890625
-0.000405311584472657 0.00650215148925781 0.0477066040039062 -0.0255813598632812
0.00628089904785156 0.00114917755126953 0.0418663024902344 -0.0492324829101563
0.00504589080810547 -0.00357341766357422 0.0220870971679688 -0.0707931518554688
0.00341701507568359 -0.0120515823364258 -0.0049896240234375 -0.065093994140625
0.00405788421630859 -0.00991249084472656 -0.0198860168457031 -0.0448379516601563
0.00628852844238281 -0.00913429260253906 -0.0262660980224609 -0.0316162109375
0.0108661651611328 -0.00514030456542969 -0.0309181213378906 -0.0239639282226563
0.00765562057495117 0.00131702423095703 -0.0362167358398437 -0.0145835876464844
0.00170516967773438 0.00981044769287109 -0.039276123046875 -0.00899887084960937
-0.0104732513427734 0.0031442642211914 -0.0490455627441406 -0.0119247436523438
-0.00745630264282227 -0.00552606582641601 -0.0691337585449219 0.00699996948242188
-0.000714540481567383 0.00134885311126709 -0.0736846923828125 0.0217056274414062
0.0334987640380859 0.0213260650634766 -0.035858154296875 -0.0586509704589844
0.0262889862060547 0.0060882568359375 -0.00385284423828125 -0.0130023956298828
0.0174493789672852 0.00457572937011719 0.0323143005371094 -0.00025177001953125
0.0223903656005859 0.0031280517578125 0.0538673400878906 -0.0250778198242188
0.0198917388916016 -0.00777626037597656 0.0453910827636719 -0.0461082458496094
0.0145149230957031 -0.0206165313720703 0.0219039916992188 -0.0648231506347656
0.00359344482421875 -0.0301189422607422 -0.00608825683593751 -0.0595626831054688
0.00300979614257812 -0.0297489166259766 -0.0182685852050781 -0.0364570617675781
0.00391578674316406 -0.0287837982177734 -0.0289630889892578 -0.0197963714599609
0.00962448120117188 -0.0282306671142578 -0.0351715087890625 -0.0170669555664063
0.0192737579345703 -0.01788330078125 -0.040496826171875 -0.00796127319335938
0.0189189910888672 -0.00325965881347656 -0.0390815734863281 -0.00612258911132812
0.0111045837402344 -0.00136470794677734 -0.0464134216308594 -0.00393295288085937
0.0180854797363281 -0.00158882141113281 -0.0606727600097656 0.0134696960449219
0.0241928100585938 0.00567245483398438 -0.068115234375 0.0270156860351562
0.0551986694335938 0.0295448303222656 -0.0172386169433594 -0.0478172302246094
0.0515518188476563 0.014190673828125 0.0141010284423828 -0.00313472747802734
0.0411262512207031 0.00802230834960937 0.0415153503417969 0.00423431396484375
0.0419692993164063 -0.00486373901367188 0.0580635070800781 -0.0191726684570313
0.0362930297851563 -0.0191421508789063 0.0440139770507813 -0.0407180786132813
0.0190811157226563 -0.0387306213378906 0.0194511413574219 -0.0541343688964844
0.00522994995117188 -0.0449180603027344 -0.0035247802734375 -0.0432701110839844
0.00151824951171875 -0.0431861877441406 -0.0177078247070313 -0.0218048095703125
0.00222396850585938 -0.0445098876953125 -0.0278091430664062 -0.00578689575195313
0.00901412963867188 -0.0457382202148438 -0.0350723266601563 -0.00271797180175781
0.0255393981933594 -0.0364570617675781 -0.0441513061523438 0.00313186645507813
0.0326461791992188 -0.0220184326171875 -0.0429229736328125 -0.000892639160156247
0.0304775238037109 -0.00740814208984375 -0.0455780029296875 -6.86645507812545E-05
0.0437889099121094 -0.00103759765625 -0.0488853454589844 0.0158538818359375
0.0477981567382812 0.00879669189453125 -0.0521430969238281 0.0338630676269531
0.0704116821289063 0.0341873168945312 0.00346755981445313 -0.0355644226074219
0.0689926147460938 0.0190467834472656 0.0302410125732422 0.00681304931640625
0.0595779418945313 0.0114555358886719 0.0474205017089844 0.0124855041503906
0.0593833923339844 -0.0115737915039063 0.0595779418945313 -0.012115478515625
0.0446510314941406 -0.0308837890625 0.0419387817382813 -0.0291557312011719
0.0249595642089844 -0.0493698120117187 0.0154266357421875 -0.0402603149414063
0.00231170654296875 -0.0507011413574219 -0.00273704528808594 -0.0262718200683594
-0.00015640258789062 -0.0497360229492187 -0.0106067657470703 -0.00305271148681641
-0.00267410278320313 -0.0549583435058594 -0.0194664001464844 0.0111274719238281
0.00684356689453125 -0.0574684143066406 -0.0332832336425781 0.0156116485595703
0.0269584655761719 -0.049407958984375 -0.0410537719726563 0.0181694030761719
0.040557861328125 -0.03778076171875 -0.0423088073730469 0.00687408447265624
0.0469589233398438 -0.0128555297851563 -0.0372238159179688 0.00439071655273438
0.0619697570800781 -0.00349807739257812 -0.0323314666748047 0.0180263519287109
0.0635185241699219 0.0131797790527344 -0.0289726257324219 0.0421485900878906
0.0724105834960938 0.032470703125 0.0279312133789063 -0.0286579132080078
0.0776596069335938 0.0221633911132813 0.0473709106445313 0.0120124816894531
0.0687294006347656 0.00732040405273438 0.0528755187988281 0.0143013000488281
0.06524658203125 -0.0186500549316406 0.0579338073730469 -0.00536727905273438
0.044921875 -0.0356216430664063 0.0359458923339844 -0.0180168151855469
0.0220069885253906 -0.0533409118652344 0.0135345458984375 -0.0210094451904297
-3.05175781249982E-05 -0.0516815185546875 0.000950813293457031 -0.00179576873779297
0.000423431396484377 -0.0498313903808594 -0.00264358520507812 0.0157308578491211
-0.00658035278320312 -0.0532951354980469 -0.0141239166259766 0.030914306640625
0.00322723388671875 -0.0576667785644531 -0.0277767181396484 0.0317459106445312
0.0250205993652344 -0.0504074096679688 -0.038818359375 0.0297317504882812
0.042083740234375 -0.0427398681640625 -0.0383186340332031 0.0130348205566406
0.0563087463378906 -0.0140953063964844 -0.0333919525146484 0.0038909912109375
0.070953369140625 7.62939453125E-05 -0.0141849517822266 0.01483154296875
0.0696830749511719 0.0164718627929688 -0.00449752807617187 0.0500373840332031
0.0624961853027344 0.026824951171875 0.0492782592773438 -0.0204582214355469
0.0717544555664063 0.0169143676757813 0.0610198974609375 0.0119361877441406
0.0662841796875 0.00196075439453125 0.0545196533203125 0.0145339965820313
0.0576744079589844 -0.0226821899414063 0.0521087646484375 -4.19616699218764E-05
0.0379257202148438 -0.0388526916503906 0.0320568084716797 -0.00285911560058594
0.00924301147460937 -0.050048828125 0.0101919174194336 -0.00288009643554688
-0.00470733642578125 -0.0429115295410156 0.00568008422851562 0.0159940719604492
-0.0030517578125 -0.0408859252929688 0.00294685363769532 0.0307579040527344
-0.00598907470703125 -0.0464515686035156 -0.00480270385742188 0.0457191467285156
0.000831604003906253 -0.0499916076660156 -0.0245933532714844 0.0470390319824219
0.0260734558105469 -0.0468101501464844 -0.0358123779296875 0.0401191711425781
0.0395088195800781 -0.0389747619628906 -0.0365104675292969 0.0175132751464844
0.0593910217285156 -0.012237548828125 -0.0284366607666016 0.00637245178222656
0.0685081481933594 0.00813674926757813 0.00420379638671875 0.0146379470825195
0.0650825500488281 0.0198440551757812 0.0165786743164062 0.0575370788574219
0.0468597412109375 0.01898193359375 0.0657386779785156 -0.0182991027832031
0.0555152893066406 0.011260986328125 0.070343017578125 0.0085601806640625
0.0520820617675781 -0.00226974487304688 0.0510330200195312 0.0118141174316406
0.0428085327148438 -0.0246353149414063 0.0448074340820313 0.00718307495117187
0.0217933654785156 -0.0315818786621094 0.0268402099609375 0.00790214538574219
-0.000801086425781253 -0.0374374389648438 0.0145654678344727 0.0148487091064453
-0.00539016723632813 -0.0272579193115234 0.0139694213867187 0.0269527435302734
-0.00399208068847657 -0.0249729156494141 0.0116233825683594 0.0409812927246094
-0.0055999755859375 -0.0297260284423828 0.00189208984374999 0.055084228515625
0.000642776489257816 -0.0348491668701172 -0.0247726440429687 0.057830810546875
0.0180301666259766 -0.033111572265625 -0.0368461608886719 0.0481338500976563
0.0354843139648438 -0.02685546875 -0.0335865020751953 0.0212287902832031
0.0488853454589844 -0.00472259521484375 -0.0211524963378906 0.00719833374023438
0.0533905029296875 0.0138587951660156 0.01947021484375 0.0165672302246094
0.0455894470214844 0.0211219787597656 0.0375747680664063 0.0665855407714844
0.0177192687988281 0.0102939605712891 0.0746688842773438 -0.0225067138671875
0.037322998046875 0.00476837158203125 0.0711135864257813 0.00106048583984375
0.0310020446777344 -0.00752639770507813 0.0471725463867188 0.00457382202148437
0.0221996307373047 -0.0193004608154297 0.0397758483886719 0.01129150390625
0.00510406494140625 -0.0231170654296875 0.0276985168457031 0.0150737762451172
-0.00945377349853515 -0.0169210433959961 0.0186519622802734 0.0224800109863281
-0.00719833374023438 -0.00725412368774414 0.0210323333740234 0.0342750549316406
-0.00388050079345703 -0.00757503509521484 0.0147018432617188 0.0475120544433594
-0.00519752502441406 -0.00708580017089844 -0.000366210937499995 0.0607719421386719
-0.0047760009765625 -0.0162382125854492 -0.0231475830078125 0.0619277954101562
0.00790786743164063 -0.0188655853271484 -0.0383186340332031 0.0503501892089844
0.020538330078125 -0.0149250030517578 -0.0377273559570313 0.0252838134765625
0.0301837921142578 0.00165748596191406 -0.0185298919677734 0.00715446472167969
0.0330657958984375 0.01171875 0.022613525390625 0.0218429565429688
0.0212478637695312 0.0159187316894531 0.0446319580078125 0.074432373046875
0.00676822662353516 0.00969028472900391 -0.0478553771972656 -0.0587196350097656
-0.00248885154724121 -0.00308132171630859 -0.0173015594482422 -0.0177593231201172
-0.00587034225463867 0.00360870361328125 0.0256595611572266 -0.00458145141601563
0.00127458572387695 0.00622415542602539 0.0464363098144531 -0.0279464721679688
0.00733089447021484 0.00107812881469727 0.0414390563964844 -0.0515632629394531
0.00727272033691406 -0.00617837905883789 0.0170326232910156 -0.0694770812988281
0.00242996215820312 -0.0136899948120117 -0.00833511352539062 -0.0642242431640625
0.00402450561523438 -0.0120315551757813 -0.0221595764160156 -0.0430755615234375
0.00646781921386719 -0.0117864608764648 -0.0294609069824219 -0.0286712646484375
0.00997257232666015 -0.00783252716064453 -0.0328636169433594 -0.0223102569580078
0.0109443664550781 0.00119400024414062 -0.0389900207519531 -0.0112152099609375
0.00391578674316406 0.0109043121337891 -0.0397987365722656 -0.00881576538085937
-0.010594367980957 0.005126953125 -0.049591064453125 -0.00899124145507812
-0.00946521759033203 -0.00401687622070313 -0.066192626953125 0.00965118408203124
-0.00265121459960938 0.00230145454406738 -0.0722122192382813 0.0250625610351562
0.0338325500488281 0.0188388824462891 -0.0379981994628906 -0.0551681518554688
0.0262737274169922 0.00249862670898438 -0.00435256958007812 -0.011958122253418
0.0181026458740234 0.00474739074707031 0.0332355499267578 -0.00214958190917969
0.0231742858886719 -0.000299453735351563 0.0523948669433594 -0.026580810546875
0.0210342407226563 -0.0108051300048828 0.0423698425292969 -0.0476417541503906
0.0143508911132813 -0.0232830047607422 0.0167617797851563 -0.0654296875
0.00179481506347656 -0.0318374633789062 -0.0076904296875 -0.0560379028320313
0.00213432312011719 -0.0307331085205078 -0.0212001800537109 -0.0334739685058594
0.0024871826171875 -0.0309505462646484 -0.0306415557861328 -0.0183925628662109
0.0103969573974609 -0.0292835235595703 -0.0365943908691406 -0.0131111145019531
0.0197639465332031 -0.0192852020263672 -0.0432395935058594 -0.00382995605468751
0.0194892883300781 -0.0055999755859375 -0.0409698486328125 -0.00493621826171875
0.0116138458251953 0.00111675262451172 -0.0468177795410156 -0.00280380249023438
0.0171918869018555 -0.00166511535644531 -0.0592384338378906 0.0162239074707031
0.025054931640625 0.00572586059570312 -0.0644073486328125 0.0324935913085938
0.0565605163574219 0.0272789001464844 -0.0195083618164062 -0.0468559265136719
0.0509033203125 0.0106658935546875 0.0134897232055664 -0.00388050079345703
0.0425338745117188 0.00727462768554688 0.04266357421875 0.00311660766601563
0.042083740234375 -0.006072998046875 0.0578155517578125 -0.0213203430175781
0.0356063842773438 -0.0213851928710938 0.0430183410644531 -0.0408134460449219
0.0190238952636719 -0.0386238098144531 0.0158538818359375 -0.0547294616699219
0.00174331665039062 -0.0463790893554688 -0.00594329833984375 -0.0425872802734375
-0.000457763671875001 -0.0442161560058594 -0.0170764923095703 -0.0189189910888672
-0.00224685668945313 -0.0461044311523438 -0.0264167785644531 -0.00311088562011719
0.00696182250976562 -0.0469856262207031 -0.03765869140625 0.00201797485351563
0.0232467651367188 -0.0365676879882813 -0.0445556640625 0.00821304321289062
0.0306148529052734 -0.0229988098144531 -0.0428199768066406 0.00143814086914062
0.0319576263427734 -0.00667762756347656 -0.0445556640625 0.00251007080078126
0.0413360595703125 -0.002655029296875 -0.0463905334472656 0.0204048156738281
0.0477752685546875 0.00792694091796875 -0.048980712890625 0.0390167236328125
0.0701446533203125 0.0308380126953125 0.00318527221679688 -0.0367317199707031
0.0697898864746094 0.0159263610839844 0.0314674377441406 0.00541496276855469
0.0616035461425781 0.00613784790039063 0.0502395629882813 0.00991439819335938
0.0580902099609375 -0.0154609680175781 0.0602149963378906 -0.0139503479003906
0.0430755615234375 -0.0329170227050781 0.041351318359375 -0.03033447265625
0.0198707580566406 -0.048858642578125 0.0128288269042969 -0.03936767578125
0.000152587890625001 -0.0532150268554688 -0.00335884094238281 -0.0227565765380859
-0.001800537109375 -0.0503311157226563 -0.0102128982543945 -0.00128841400146485
-0.00555419921875 -0.0531806945800781 -0.0199375152587891 0.0138378143310547
0.00325012207031249 -0.0556716918945313 -0.0339908599853516 0.0191650390625
0.0234718322753906 -0.0490951538085937 -0.0420150756835938 0.0219268798828125
0.0362701416015625 -0.0382461547851563 -0.0419692993164063 0.008819580078125
0.0477218627929688 -0.0152587890625 -0.0405082702636719 0.00553131103515624
0.0602149963378906 -0.00493240356445313 -0.0301437377929688 0.0197029113769531
0.0633125305175781 0.00970840454101563 -0.0283622741699219 0.0448226928710938
0.0739059448242188 0.0299072265625 0.0259819030761719 -0.0283432006835937
0.076080322265625 0.0163421630859375 0.0489921569824219 0.0116119384765625
0.0694770812988281 0.00288772583007813 0.0544013977050781 0.0132713317871094
0.0625724792480469 -0.0215911865234375 0.0583114624023438 -0.0062408447265625
0.0427780151367188 -0.0395431518554688 0.0362129211425781 -0.0181465148925781
0.0156173706054688 -0.05401611328125 0.0112724304199219 -0.0204849243164063
-0.003692626953125 -0.0515975952148438 0.00190401077270508 -0.00316238403320313
-0.00339508056640625 -0.048431396484375 -0.0040426254272461 0.0170755386352539
-0.0075836181640625 -0.0522613525390625 -0.012054443359375 0.0323467254638672
2.67028808593812E-05 -0.0565834045410156 -0.027496337890625 0.0353584289550781
0.021881103515625 -0.05267333984375 -0.0382919311523438 0.0330238342285156
0.037384033203125 -0.0443153381347656 -0.0392189025878906 0.0154266357421875
0.0555648803710938 -0.0177001953125 -0.0338134765625 0.00641441345214844
0.0690879821777344 -0.00175094604492188 -0.0122518539428711 0.017242431640625
0.0694046020507812 0.0121383666992187 -0.00318145751953125 0.0518150329589844
0.0641403198242188 0.0245170593261719 0.0470771789550781 -0.0234107971191406
0.0720062255859375 0.0122909545898437 0.0621719360351563 0.0103378295898438
0.0669288635253906 0.00016021728515625 0.0553741455078125 0.0124626159667969
0.0566596984863281 -0.0257301330566406 0.0540885925292969 0.000160217285156248
0.0335044860839844 -0.0400581359863281 0.0320320129394531 -0.00442123413085938
0.00822448730468749 -0.048370361328125 0.010746955871582 -0.0013885498046875
-0.00639724731445313 -0.0422401428222656 0.00811386108398438 0.0148448944091797
-0.00559616088867187 -0.0396156311035156 0.00490570068359375 0.0317249298095703
-0.00835800170898437 -0.0433082580566406 -0.0038604736328125 0.0467491149902344
-0.00146865844726562 -0.0479469299316406 -0.0227203369140625 0.0484886169433594
0.0195083618164063 -0.0479507446289063 -0.0350685119628906 0.0433998107910156
0.0367851257324219 -0.0408515930175781 -0.0369071960449219 0.0206184387207031
0.0570030212402344 -0.0143890380859375 -0.0263271331787109 0.00589179992675781
0.0670890808105469 0.00226211547851563 0.00565528869628907 0.0158882141113281
0.0630035400390625 0.0158424377441406 0.0210647583007813 0.0579414367675781
0.0446395874023437 0.0145606994628906 0.0637741088867188 -0.0232467651367188
0.0570831298828125 0.00516891479492188 0.0694084167480469 0.00494766235351563
0.0522689819335938 -0.0058135986328125 0.0519447326660156 0.0101280212402344
0.0407066345214844 -0.0259780883789063 0.0465164184570313 0.00630950927734375
0.0195560455322266 -0.0342731475830078 0.0292911529541016 0.00548171997070312
-0.00207901000976562 -0.03558349609375 0.0155496597290039 0.0143375396728516
-0.00835800170898438 -0.0257759094238281 0.0166072845458984 0.0265674591064453
-0.00554656982421875 -0.0240936279296875 0.0126533508300781 0.0417556762695313
-0.00878524780273437 -0.0269203186035156 0.00255584716796874 0.0564651489257813
-0.00304031372070312 -0.0320587158203125 -0.0207633972167969 0.0588836669921875
0.0143070220947266 -0.0345516204833984 -0.0326766967773438 0.049346923828125
0.0305767059326172 -0.0299167633056641 -0.0357093811035156 0.0233192443847656
0.045806884765625 -0.00667190551757813 -0.0214519500732422 0.00643157958984375
0.0528182983398438 0.00667953491210938 0.0186309814453125 0.01727294921875
0.0454063415527344 0.0155677795410156 0.0381507873535156 0.0657234191894531
0.0205020904541016 0.00677680969238281 0.0710372924804688 -0.026824951171875
0.0348033905029297 0.00180435180664062 0.0711669921875 -0.00336456298828125
0.0305118560791016 -0.00873184204101563 0.04608154296875 0.00539398193359375
0.0185146331787109 -0.0209522247314453 0.0405311584472656 0.0105819702148437
0.00146865844726562 -0.0221881866455078 0.0311069488525391 0.0125694274902344
-0.0119876861572266 -0.0138912200927734 0.0212364196777344 0.0207939147949219
-0.00911426544189453 -0.00618934631347656 0.0244617462158203 0.0321159362792969
-0.00637292861938477 -0.00536727905273437 0.0180091857910156 0.04547119140625
-0.00759744644165039 -0.00848913192749023 0.00372695922851563 0.0613594055175781
-0.00537872314453125 -0.0134210586547852 -0.0210456848144531 0.0634231567382813
0.00647926330566406 -0.0191097259521484 -0.0349769592285156 0.0518722534179688
0.0173416137695313 -0.0179252624511719 -0.0356063842773438 0.0276832580566406
0.0300235748291016 -0.0004730224609375 -0.0201091766357422 0.00781631469726563
0.0305519104003906 0.00732421875 0.0243206024169922 0.0200290679931641
0.0215568542480469 0.0129356384277344 0.047882080078125 0.0707855224609375
0.00798797607421875 0.0104265213012695 -0.0472526550292969 -0.0571212768554688
-0.000942349433898925 -0.00211775302886963 -0.0147409439086914 -0.0157985687255859
-0.00445175170898438 0.00403738021850586 0.0253582000732422 -0.00457763671875
0.00301790237426758 0.0062413215637207 0.0456008911132813 -0.0283241271972656
0.00830650329589844 0.000258922576904297 0.0387420654296875 -0.0511131286621094
0.00777864456176758 -0.00718832015991211 0.0156021118164062 -0.06878662109375
0.00137996673583984 -0.0154838562011719 -0.0101356506347656 -0.0621299743652344
0.00285053253173828 -0.0146150588989258 -0.0221443176269531 -0.0405540466308594
0.00555133819580078 -0.0136632919311523 -0.0306282043457031 -0.0252304077148437
0.0112056732177734 -0.00904369354248047 -0.0340118408203125 -0.0198688507080078
0.0120830535888672 0.000247001647949219 -0.0396194458007812 -0.00922775268554687
0.00550556182861328 0.0107078552246094 -0.0405120849609375 -0.00802230834960937
-0.0110015869140625 0.00701427459716797 -0.0492172241210937 -0.00812149047851562
-0.00931167602539063 -0.00187301635742187 -0.0643310546875 0.0105743408203125
-0.00134181976318359 0.00443840026855469 -0.0685195922851563 0.0281829833984375
0.0351123809814453 0.0194759368896484 -0.0367851257324219 -0.0527610778808594
0.0262947082519531 0.00377273559570313 -0.00254440307617187 -0.0110082626342773
0.0190658569335938 0.00484848022460938 0.0337066650390625 -0.00168228149414063
0.0220966339111328 -0.000734329223632813 0.0512504577636719 -0.0268783569335937
0.0210933685302734 -0.0117588043212891 0.0402984619140625 -0.0473594665527344
0.0136604309082031 -0.0242214202880859 0.0147514343261719 -0.0622673034667969
0.00104713439941406 -0.0329265594482422 -0.00872802734375 -0.0536918640136719
0.000585556030273435 -0.0311641693115234 -0.0205917358398437 -0.0306148529052734
0.00217437744140625 -0.0325660705566406 -0.0301342010498047 -0.0145301818847656
0.0103931427001953 -0.0302696228027344 -0.037567138671875 -0.0104713439941406
0.0196762084960938 -0.0196018218994141 -0.0436897277832031 -0.00119400024414062
0.0201129913330078 -0.00596237182617188 -0.0416831970214844 -0.00335693359374999
0.0115318298339844 0.00258636474609375 -0.047607421875 -0.00187301635742188
0.0160970687866211 -0.000741958618164063 -0.0563697814941406 0.0175666809082031
0.0243053436279297 0.006866455078125 -0.0615081787109375 0.0352745056152344
0.0564727783203125 0.02587890625 -0.0192489624023438 -0.0448226928710938
0.0497016906738281 0.00941848754882812 0.0142145156860352 -0.00246429443359375
0.0423927307128906 0.005340576171875 0.0432472229003906 0.00390243530273438
0.0407257080078125 -0.00885009765625 0.0571365356445313 -0.0218849182128906
0.0329570770263672 -0.0223636627197266 0.0418510437011719 -0.0403633117675781
0.01806640625 -0.0384445190429688 0.0138587951660156 -0.0518035888671875
-0.000221252441406252 -0.0453834533691406 -0.00622940063476562 -0.0393524169921875
-0.00183868408203125 -0.04339599609375 -0.0167770385742188 -0.0160236358642578
-0.00274276733398438 -0.0459175109863281 -0.0263442993164063 0.0005035400390625
0.00673294067382813 -0.0462265014648437 -0.0373992919921875 0.00438308715820312
0.0227241516113281 -0.0367851257324219 -0.044891357421875 0.0101127624511719
0.0297698974609375 -0.0235385894775391 -0.0432624816894531 0.00317764282226563
0.0306816101074219 -0.00650215148925781 -0.0442008972167969 0.00354766845703126
0.0389671325683594 -0.00281524658203125 -0.0444984436035156 0.0215225219726563
0.0462493896484375 0.00707626342773437 -0.0460319519042969 0.0419273376464844
0.0697479248046875 0.0284080505371094 0.00333786010742188 -0.0357017517089844
0.0664176940917969 0.0132484436035156 0.0320873260498047 0.00627899169921875
0.0605583190917969 0.00482177734375 0.051971435546875 0.00943756103515625
0.0554161071777344 -0.0165557861328125 0.0603866577148438 -0.0144309997558594
0.0405197143554688 -0.0331382751464844 0.0404129028320313 -0.0306739807128906
0.018280029296875 -0.0485420227050781 0.01220703125 -0.0366439819335938
-0.00144577026367188 -0.0512924194335938 -0.00308799743652344 -0.0213279724121094
-0.00357818603515625 -0.0492172241210938 -0.00971794128417969 0.000947952270507809
-0.00780105590820313 -0.052398681640625 -0.0189876556396484 0.0182228088378906
0.000820159912109377 -0.0552253723144531 -0.0336551666259766 0.0217952728271484
0.0210647583007813 -0.0487899780273437 -0.0422477722167969 0.0237464904785156
0.0333251953125 -0.0382423400878906 -0.0424461364746094 0.0108680725097656
0.0455131530761719 -0.0145149230957031 -0.0397453308105469 0.00661468505859375
0.0570869445800781 -0.00455093383789062 -0.0292530059814453 0.0206127166748047
0.0617790222167969 0.00767135620117187 -0.024658203125 0.0478286743164062
0.0712051391601563 0.0266571044921875 0.0262603759765625 -0.0281257629394531
0.072540283203125 0.0125656127929688 0.0492401123046875 0.0113296508789062
0.0684356689453125 0.00185012817382812 0.0564041137695313 0.0130691528320313
0.0600700378417969 -0.0229225158691406 0.0578689575195313 -0.006866455078125
0.0398826599121094 -0.03924560546875 0.0367050170898438 -0.0172843933105469
0.0138740539550781 -0.0511970520019531 0.0118255615234375 -0.0182094573974609
-0.0041961669921875 -0.0500411987304688 0.00223517417907715 -0.00247693061828614
-0.00567626953125001 -0.0462188720703125 -0.001495361328125 0.0177059173583984
-0.00939178466796875 -0.050079345703125 -0.0106906890869141 0.0335731506347656
-0.00279617309570312 -0.0548858642578125 -0.0275993347167969 0.03631591796875
0.0191764831542969 -0.0515670776367188 -0.0375099182128906 0.0355262756347656
0.03497314453125 -0.044586181640625 -0.0396308898925781 0.0170097351074219
0.053985595703125 -0.0189704895019531 -0.0339641571044922 0.00786972045898438
0.066253662109375 -0.00481796264648438 -0.0114822387695312 0.0187892913818359
0.0668220520019531 0.00965118408203125 -0.00152587890624999 0.0529136657714844
0.061798095703125 0.0203628540039063 0.0457687377929688 -0.0240478515625
0.0688133239746094 0.00927734375 0.0620498657226563 0.0100746154785156
0.0651092529296875 -0.00298690795898437 0.0556640625 0.0128402709960938
0.0530281066894531 -0.02685546875 0.0540390014648437 0.000297546386718748
0.0305938720703125 -0.0395088195800781 0.0331783294677734 -0.00473213195800782
0.00551986694335938 -0.0456771850585938 0.0130386352539063 -0.000321388244628909
-0.007568359375 -0.0409317016601563 0.00923442840576172 0.0141162872314453
-0.00643157958984375 -0.0373878479003906 0.00653648376464844 0.0320663452148438
-0.0101432800292969 -0.0401649475097656 -0.00185012817382812 0.0468940734863281
-0.00418853759765625 -0.0459175109863281 -0.0218391418457031 0.0499649047851563
0.0167350769042969 -0.0457878112792969 -0.0337257385253906 0.0444984436035156
0.0335197448730469 -0.0405616760253906 -0.0360031127929688 0.0219039916992187
0.0536422729492188 -0.0158271789550781 -0.0258922576904297 0.00757408142089843
0.0644721984863281 -0.000957489013671875 0.0057210922241211 0.0169162750244141
0.0609512329101563 0.0122032165527344 0.0214691162109375 0.0585517883300781
0.0442008972167969 0.0120277404785156 0.0598411560058594 -0.024658203125
0.0544471740722656 0.00344467163085938 0.0689888000488281 0.00426864624023438
0.0510787963867188 -0.00830078125 0.0524330139160156 0.00974655151367188
0.0374259948730469 -0.0269851684570313 0.0465354919433594 0.00592803955078125
0.0167617797851563 -0.0342197418212891 0.0311298370361328 0.00538063049316406
-0.0045928955078125 -0.0312900543212891 0.0169448852539063 0.0130767822265625
-0.0102863311767578 -0.0239448547363281 0.0168781280517578 0.0261955261230469
-0.00650405883789063 -0.0227470397949219 0.0140953063964844 0.04046630859375
-0.00889396667480469 -0.0242080688476562 0.00279998779296875 0.0562171936035156
-0.00491714477539063 -0.0303020477294922 -0.0188751220703125 0.0585174560546875
0.0121402740478516 -0.0326137542724609 -0.0320472717285156 0.0505294799804688
0.0278167724609375 -0.0305652618408203 -0.0337619781494141 0.02520751953125
0.0444755554199219 -0.00847244262695313 -0.0214385986328125 0.0074005126953125
0.0507049560546875 0.00365066528320313 0.0179462432861328 0.0166969299316406
0.0443649291992188 0.0124015808105469 0.0388717651367188 0.064178466796875
0.0194454193115234 0.00420379638671875 0.0684585571289063 -0.0296554565429687
0.0329570770263672 -0.00134849548339844 0.0686759948730469 -0.00468063354492188
0.0299453735351563 -0.0108280181884766 0.0470924377441406 0.0053253173828125
0.016387939453125 -0.0213394165039063 0.0417556762695313 0.00983428955078125
6.10351562500015E-05 -0.0217399597167969 0.0319747924804687 0.0111885070800781
-0.0133209228515625 -0.0121088027954102 0.0235595703125 0.0195808410644531
-0.00915336608886719 -0.00348472595214844 0.0241050720214844 0.0301342010498047
-0.00594282150268555 -0.00316762924194336 0.0193214416503906 0.0431022644042969
-0.00699901580810547 -0.00555610656738281 0.00537490844726562 0.0593986511230469
-0.00723457336425781 -0.011631965637207 -0.0191688537597656 0.0620307922363281
0.00398063659667969 -0.0181312561035156 -0.0330963134765625 0.0518226623535156
0.0162925720214844 -0.0179805755615234 -0.0346145629882813 0.0281696319580078
0.0281391143798828 -0.0032806396484375 -0.0201950073242188 0.00820350646972656
0.0290699005126953 0.00541496276855469 0.0231113433837891 0.0181350708007813
0.0201187133789063 0.00945854187011719 0.0468597412109375 0.0685844421386719
0.00853633880615234 0.0123920440673828 -0.0458488464355469 -0.0571937561035156
0.000164151191711426 -0.000861287117004395 -0.0125436782836914 -0.0152530670166016
-0.00340604782104492 0.00466346740722656 0.0270099639892578 -0.00423812866210938
0.00425052642822266 0.00539350509643555 0.0455131530761719 -0.0282478332519531
0.00831317901611328 -0.000595569610595703 0.0382194519042969 -0.0503311157226563
0.00804233551025391 -0.00988960266113281 0.0141372680664062 -0.0672760009765625
0.00125789642333984 -0.0170707702636719 -0.00994491577148438 -0.0603256225585937
0.00232028961181641 -0.0159235000610352 -0.0216941833496094 -0.0387802124023437
0.00611400604248047 -0.0159454345703125 -0.0298271179199219 -0.0232410430908203
0.0120229721069336 -0.0111541748046875 -0.0346450805664063 -0.0185623168945312
0.0135650634765625 -0.000452995300292969 -0.0411415100097656 -0.00843048095703124
0.0069580078125 0.0109443664550781 -0.0413589477539062 -0.00809860229492188
-0.0102481842041016 0.00878524780273438 -0.050140380859375 -0.00940704345703125
-0.00915431976318359 0.000619888305664061 -0.0623588562011719 0.0100517272949219
-0.0010371208190918 0.00632381439208984 -0.0673408508300781 0.0292587280273437
0.0349826812744141 0.0196971893310547 -0.0346946716308594 -0.0521278381347656
0.0268325805664063 0.00372695922851563 -0.000549316406249998 -0.0101413726806641
0.020538330078125 0.00408172607421875 0.0349922180175781 -0.00148391723632812
0.0228481292724609 -0.00151252746582031 0.0514869689941406 -0.0263481140136719
0.0213203430175781 -0.0121555328369141 0.0402565002441406 -0.0457191467285156
0.0134220123291016 -0.0258312225341797 0.0147705078125 -0.0604362487792969
0.000314712524414066 -0.0341854095458984 -0.00863647460937499 -0.0513954162597656
-4.76837158203155E-05 -0.0327072143554688 -0.0199069976806641 -0.0287818908691406
0.0020599365234375 -0.0338706970214844 -0.0297470092773438 -0.0122108459472656
0.0109786987304688 -0.0312080383300781 -0.0380783081054687 -0.00815963745117187
0.0213050842285156 -0.0193977355957031 -0.0445060729980469 -0.000389099121093745
0.0214824676513672 -0.00496482849121094 -0.0430145263671875 -0.00370788574218751
0.0122604370117188 0.00440597534179688 -0.047271728515625 -0.00210189819335937
0.0151433944702148 0.00221729278564453 -0.05560302734375 0.0173835754394531
0.023529052734375 0.00818443298339844 -0.0597877502441406 0.037322998046875
0.0559234619140625 0.0259933471679687 -0.01702880859375 -0.0442276000976562
0.04864501953125 0.00942611694335937 0.0161380767822266 -0.00125026702880859
0.042633056640625 0.005218505859375 0.0450820922851563 0.004638671875
0.0410232543945312 -0.00868988037109375 0.0580596923828125 -0.0203132629394531
0.0326194763183594 -0.0226573944091797 0.0419654846191406 -0.0385513305664063
0.0176544189453125 -0.039154052734375 0.0142288208007813 -0.0497169494628906
-0.00079727172851563 -0.0455474853515625 -0.0056915283203125 -0.0373611450195313
-0.00252532958984375 -0.0437049865722656 -0.0152902603149414 -0.0136966705322266
-0.002716064453125 -0.0466079711914063 -0.0253868103027344 0.00363540649414063
0.00689697265625 -0.046295166015625 -0.0385856628417969 0.00716018676757813
0.0232467651367188 -0.0364303588867188 -0.0459098815917969 0.0121917724609375
0.030059814453125 -0.0230560302734375 -0.0440444946289063 0.00354385375976563
0.030548095703125 -0.0044097900390625 -0.0440750122070313 0.00363922119140625
0.0383796691894531 -0.00106430053710938 -0.0438079833984375 0.0218658447265625
0.0453720092773438 0.00821304321289063 -0.0445594787597656 0.0441207885742188
0.0683631896972656 0.0278282165527344 0.0044097900390625 -0.0347137451171875
0.0651054382324219 0.012176513671875 0.0338420867919922 0.00764656066894531
0.0600967407226563 0.00444793701171875 0.0529670715332031 0.0110054016113281
0.0547027587890625 -0.0173759460449219 0.0608253479003906 -0.014068603515625
0.0387229919433594 -0.0327796936035156 0.0408134460449219 -0.0289649963378906
0.0184402465820312 -0.0480003356933594 0.0133895874023438 -0.0340461730957031
-0.00146102905273437 -0.0512809753417969 -0.00178337097167969 -0.0193672180175781
-0.00431442260742187 -0.0482215881347656 -0.00918960571289063 0.00225448608398437
-0.00707626342773438 -0.0517654418945312 -0.017913818359375 0.0196533203125
0.000850677490234371 -0.0543403625488281 -0.0335750579833984 0.023773193359375
0.0211639404296875 -0.0474815368652344 -0.0430564880371094 0.0264434814453125
0.0337104797363281 -0.0369758605957031 -0.04412841796875 0.0113945007324219
0.0449447631835938 -0.0139427185058594 -0.0405120849609375 0.00725173950195312
0.0559539794921875 -0.00423049926757813 -0.0278568267822266 0.0223197937011719
0.0598907470703125 0.0083160400390625 -0.0237464904785156 0.0503997802734375
0.0699462890625 0.024658203125 0.0263099670410156 -0.0274677276611328
0.0706710815429688 0.0117416381835938 0.0499496459960938 0.0125083923339844
0.0675086975097656 0.00152587890625 0.0575904846191406 0.0153388977050781
0.0582847595214844 -0.0231056213378906 0.0595703125 -0.00576400756835938
0.0384788513183594 -0.0388031005859375 0.0381355285644531 -0.0163612365722656
0.0130043029785156 -0.0498161315917969 0.0133790969848633 -0.0168085098266602
-0.0050048828125 -0.0481185913085938 0.00297665596008301 -0.00162911415100098
-0.00598526000976563 -0.0452423095703125 -0.00137519836425781 0.0184421539306641
-0.00972366333007812 -0.0480422973632812 -0.00969696044921875 0.0356178283691406
-0.00370025634765625 -0.0525779724121094 -0.0272216796875 0.0388755798339844
0.0180397033691406 -0.0504722595214844 -0.0382881164550781 0.0371551513671875
0.0341033935546875 -0.0432205200195313 -0.0402145385742188 0.01806640625
0.0525360107421875 -0.0185165405273438 -0.0337257385253906 0.00849342346191407
0.0638198852539063 -0.00443267822265625 -0.0109729766845703 0.0196704864501953
0.0648880004882813 0.00907516479492188 -0.000682830810546874 0.0548439025878906
0.06121826171875 0.0186691284179688 0.0448570251464844 -0.0230178833007812
0.0656356811523438 0.00803756713867188 0.0619964599609375 0.0115852355957031
0.0636749267578125 -0.00346755981445312 0.0577735900878906 0.0151557922363281
0.0517730712890625 -0.0270195007324219 0.0541801452636719 0.00104522705078125
0.0292282104492188 -0.0391387939453125 0.0338764190673828 -0.00442695617675782
0.0045928955078125 -0.0434341430664062 0.0143671035766602 0.000332832336425779
-0.00789642333984375 -0.0381317138671875 0.00978183746337891 0.0159120559692383
-0.00694656372070313 -0.0362663269042969 0.00742530822753907 0.0318984985351563
-0.0103836059570313 -0.038177490234375 -0.00165939331054687 0.0481681823730469
-0.00505828857421875 -0.0430450439453125 -0.0218353271484375 0.0514945983886719
0.0148200988769531 -0.0444183349609375 -0.0334930419921875 0.045562744140625
0.0315017700195313 -0.0404701232910156 -0.0365486145019531 0.0229759216308594
0.0514869689941406 -0.0160598754882813 -0.0272560119628906 0.0079345703125
0.06219482421875 -0.00178146362304688 0.00616741180419922 0.0169477462768555
0.0590286254882813 0.010345458984375 0.0208168029785156 0.0600547790527344
0.04351806640625 0.00988006591796875 0.0589370727539063 -0.0243148803710938
0.0515480041503906 0.00231170654296875 0.0677261352539063 0.00501632690429688
0.0501136779785156 -0.00848770141601563 0.0536994934082031 0.0112037658691406
0.035186767578125 -0.0269508361816406 0.0479888916015625 0.00680923461914062
0.0135669708251953 -0.0330448150634766 0.0319747924804688 0.00527572631835937
-0.00526046752929688 -0.0300807952880859 0.0185756683349609 0.0132617950439453
-0.00985336303710938 -0.021728515625 0.0170307159423828 0.0257949829101563
-0.00717353820800782 -0.0204029083251953 0.0137557983398438 0.0399818420410156
-0.0089111328125 -0.0221347808837891 0.003387451171875 0.0559616088867188
-0.0057525634765625 -0.0278587341308594 -0.0189552307128906 0.0589141845703125
0.0097503662109375 -0.0319309234619141 -0.0320396423339844 0.0505142211914063
0.0249538421630859 -0.0303897857666016 -0.0345993041992188 0.0256404876708984
0.0426864624023438 -0.0089569091796875 -0.0221881866455078 0.00745582580566406
0.0488929748535156 0.0030364990234375 0.0174722671508789 0.016758918762207
0.0423736572265625 0.0112342834472656 0.0374221801757812 0.065826416015625
0.0189075469970703 0.00179100036621094 0.0658607482910156 -0.0291061401367188
0.0314674377441406 -0.00261688232421875 0.0677299499511719 -0.00383758544921875
0.0287990570068359 -0.0122337341308594 0.0482940673828125 0.00688552856445312
0.0145854949951172 -0.0222969055175781 0.0434913635253906 0.00998306274414062
-0.00227737426757812 -0.0212001800537109 0.0329475402832031 0.00988960266113281
-0.0137624740600586 -0.0100936889648437 0.0249252319335938 0.0187530517578125
-0.00988960266113281 -0.00127696990966797 0.0243568420410156 0.0285415649414063
-0.0063328742980957 -0.00168991088867187 0.019012451171875 0.041412353515625
-0.00694704055786133 -0.00318765640258789 0.00519943237304688 0.0589752197265625
-0.00789546966552734 -0.00838375091552735 -0.0188484191894531 0.0617599487304688
0.0019683837890625 -0.0166139602661133 -0.0327491760253906 0.0524711608886719
0.014033317565918 -0.017247200012207 -0.0341911315917969 0.0279464721679688
0.0268421173095703 -0.00357818603515625 -0.0212669372558594 0.00819778442382813
0.0269737243652344 0.00340652465820312 0.0213527679443359 0.0176639556884766
0.0184307098388672 0.006988525390625 0.0456809997558594 0.0696220397949219
0.010157585144043 0.0136632919311523 -0.0439643859863281 -0.05914306640625
0.00218641757965088 -0.000304341316223145 -0.0110015869140625 -0.0159111022949219
-0.00154924392700195 0.00520133972167969 0.0290184020996094 -0.00444793701171875
0.00615596771240234 0.00539016723632813 0.0471000671386719 -0.028411865234375
0.00956153869628906 -0.00201225280761719 0.0387649536132812 -0.0504493713378906
0.00819015502929687 -0.0117006301879883 0.0154457092285156 -0.0676307678222656
0.000621795654296876 -0.0190677642822266 -0.00985336303710937 -0.0609092712402344
0.0017852783203125 -0.0184230804443359 -0.0211219787597656 -0.0385627746582031
0.00675010681152344 -0.0184497833251953 -0.0298576354980469 -0.02227783203125
0.0135412216186523 -0.0131206512451172 -0.0358314514160156 -0.0173721313476563
0.0156335830688477 -0.000821113586425781 -0.0424118041992188 -0.00804901123046876
0.00921058654785156 0.0114049911499023 -0.0429191589355469 -0.00874328613281251
-0.00893592834472656 0.0110721588134766 -0.0518531799316406 -0.0102195739746094
-0.00899600982666015 0.00324058532714844 -0.0628395080566406 0.00900650024414062
-0.000822067260742188 0.00889873504638672 -0.0665206909179688 0.0302772521972656
0.0367507934570313 0.0217971801757813 -0.0331802368164063 -0.0533065795898438
0.0277976989746094 0.00424385070800781 0.00156402587890625 -0.00970554351806641
0.021881103515625 0.00518417358398438 0.0379104614257813 -0.00017547607421875
0.0238552093505859 -0.00243949890136719 0.0536994934082031 -0.0254249572753906
0.0224552154541016 -0.0136890411376953 0.0416908264160156 -0.0453300476074219
0.0139026641845703 -0.0273933410644531 0.0155830383300781 -0.0596771240234375
0.000183105468750002 -0.0362358093261719 -0.00716018676757812 -0.0509681701660156
-0.000314712524414062 -0.0344333648681641 -0.0197257995605469 -0.0280284881591797
0.0023345947265625 -0.0362701416015625 -0.0296249389648438 -0.0102825164794922
0.0124588012695313 -0.0331039428710938 -0.0392227172851563 -0.00586700439453125
0.0230846405029297 -0.0204010009765625 -0.0460853576660156 0.000873565673828132
0.0245189666748047 -0.00473213195800781 -0.0447731018066406 -0.00327682495117188
0.0134687423706055 0.00639247894287109 -0.0489158630371094 -0.00280380249023436
0.0155515670776367 0.00409698486328125 -0.0551872253417969 0.0172119140625
0.0240821838378906 0.0105342864990234 -0.0592498779296875 0.0389671325683594
0.0567665100097656 0.0270652770996094 -0.0154876708984375 -0.0445518493652344
0.049530029296875 0.00980377197265625 0.0183029174804688 0.000101089477539063
0.0441780090332031 0.00575637817382813 0.0481758117675781 0.00630569458007813
0.0421257019042969 -0.00936508178710937 0.0600852966308594 -0.0200653076171875
0.0334930419921875 -0.0235347747802734 0.0440216064453125 -0.0384063720703125
0.0179252624511719 -0.04052734375 0.0161628723144531 -0.0479927062988281
-0.000976562499999999 -0.0469818115234375 -0.0040435791015625 -0.0358848571777344
-0.002410888671875 -0.044769287109375 -0.0145416259765625 -0.0124368667602539
-0.00270843505859375 -0.0482025146484375 -0.0252933502197266 0.00651931762695312
0.00795745849609375 -0.0480117797851563 -0.0397415161132813 0.00984954833984374
0.0251998901367188 -0.0369415283203125 -0.047760009765625 0.0145683288574219
0.0323104858398438 -0.0222148895263672 -0.0459365844726563 0.00458908081054687
0.0318431854248047 -0.00216293334960938 -0.0456657409667969 0.00332260131835937
0.0383796691894531 0.0015869140625 -0.0431098937988281 0.0225410461425781
0.0450706481933594 0.0102310180664063 -0.0438499450683594 0.0468864440917969
0.0681037902832031 0.0284423828125 0.00559616088867188 -0.0345401763916016
0.0649642944335938 0.0123672485351562 0.0359115600585938 0.00954055786132812
0.0613746643066406 0.00481033325195313 0.0566024780273438 0.0140533447265625
0.0548858642578125 -0.0165672302246094 0.0634498596191406 -0.0124130249023438
0.0391044616699219 -0.0328483581542969 0.0420074462890625 -0.0274620056152344
0.0180549621582031 -0.0481605529785156 0.0151138305664063 -0.0322399139404297
-0.0021209716796875 -0.0514793395996094 -0.000324249267578127 -0.0181560516357422
-0.00426101684570313 -0.0487213134765625 -0.00733470916748047 0.00430202484130859
-0.00733184814453125 -0.052642822265625 -0.0173511505126953 0.0231704711914062
0.0014495849609375 -0.0546379089355469 -0.0351295471191406 0.0269870758056641
0.0219802856445312 -0.0480270385742188 -0.0451698303222656 0.0281028747558594
0.0348358154296875 -0.0373191833496094 -0.0450248718261719 0.012969970703125
0.0457649230957031 -0.0124015808105469 -0.0409774780273438 0.00759124755859375
0.05535888671875 -0.00244903564453125 -0.0278053283691406 0.0230560302734375
0.0595436096191406 0.009246826171875 -0.0235023498535156 0.0532951354980469
0.0690231323242188 0.0248565673828125 0.0271682739257813 -0.0267238616943359
0.0691299438476563 0.01214599609375 0.052276611328125 0.0151138305664063
0.0684318542480469 0.00188064575195313 0.0609283447265625 0.0177230834960938
0.0578384399414063 -0.0231704711914063 0.0627517700195313 -0.00419235229492188
0.0380477905273438 -0.0382766723632813 0.0394554138183594 -0.0149192810058594
0.0133171081542969 -0.04931640625 0.0148401260375977 -0.0149574279785156
-0.00452041625976562 -0.048248291015625 0.00484180450439453 0.00042009353637695
-0.00590133666992188 -0.044830322265625 -0.000209808349609377 0.0209980010986328
-0.00941848754882812 -0.0477485656738281 -0.0095672607421875 0.0386505126953125
-0.00367736816406249 -0.051727294921875 -0.0286331176757812 0.0427207946777344
0.0181961059570312 -0.0500831604003906 -0.0397491455078125 0.0393638610839844
0.0341567993164063 -0.0427970886230469 -0.0418701171875 0.0202522277832031
0.0523719787597656 -0.0180702209472656 -0.0344524383544922 0.00930404663085938
0.0635795593261719 -0.00382232666015625 -0.0106353759765625 0.0209827423095703
0.0647087097167969 0.00942230224609375 -0.000102996826171873 0.0589256286621094
0.0600128173828125 0.0176467895507813 0.0457305908203125 -0.0221405029296875
0.0647926330566406 0.00802230834960938 0.0633583068847656 0.014007568359375
0.06353759765625 -0.00312042236328125 0.0606422424316406 0.0169029235839844
0.0512657165527344 -0.0270233154296875 0.0573997497558594 0.00241851806640625
0.0284042358398438 -0.0380477905273438 0.0363578796386719 -0.00368118286132813
0.00478744506835937 -0.0423812866210938 0.0163059234619141 0.00168132781982422
-0.007598876953125 -0.0367240905761719 0.0108394622802734 0.0160083770751953
-0.00703620910644531 -0.0341815948486328 0.00766944885253906 0.0340003967285156
-0.00962066650390625 -0.0364761352539063 -0.000980377197265621 0.0511589050292969
-0.00557327270507813 -0.0416336059570313 -0.0234107971191406 0.0539093017578125
0.0140304565429688 -0.0437431335449219 -0.0353240966796875 0.0487174987792969
0.0304336547851563 -0.0400772094726562 -0.0378913879394531 0.0242805480957031
0.0515174865722656 -0.0157241821289062 -0.0277690887451172 0.00863456726074219
0.0611686706542969 -0.00251388549804688 0.00671958923339844 0.0186824798583984
0.0584487915039062 0.0104103088378906 0.0217742919921875 0.0646896362304687
0.0417594909667969 0.00867843627929688 0.0589828491210938 -0.0239181518554688
0.0508499145507813 0.00127792358398438 0.0689430236816406 0.00800323486328125
0.0490837097167969 -0.00927734375 0.0554542541503906 0.0131988525390625
0.0341758728027344 -0.0270099639892578 0.05072021484375 0.00769805908203125
0.0124950408935547 -0.0325050354003906 0.0338706970214844 0.00565338134765625
-0.00574493408203125 -0.0273628234863281 0.0206317901611328 0.0130329132080078
-0.00988388061523438 -0.0192031860351563 0.0180587768554688 0.0260028839111328
-0.00665855407714844 -0.0183048248291016 0.0142898559570313 0.0408935546875
-0.00829887390136719 -0.0197372436523438 0.00290298461914062 0.0585823059082031
-0.00576972961425781 -0.0251903533935547 -0.0194473266601563 0.0614509582519531
0.00883293151855469 -0.0303230285644531 -0.033172607421875 0.052398681640625
0.023529052734375 -0.0297641754150391 -0.035858154296875 0.0269813537597656
0.0410499572753906 -0.00994491577148438 -0.0228328704833984 0.00852775573730468
0.0474052429199219 0.0014801025390625 0.0169639587402344 0.0174694061279297
0.0415687561035156 0.00954437255859375 0.0371856689453125 0.068939208984375
0.0178756713867188 -5.53131103515625E-05 0.0659866333007813 -0.0299415588378906
0.0300178527832031 -0.0042877197265625 0.0683517456054688 -0.00179290771484375
0.0285835266113281 -0.0137863159179688 0.0497055053710938 0.0082244873046875
0.0126018524169922 -0.0228519439697266 0.0459098815917969 0.010986328125
-0.00434684753417969 -0.0203628540039062 0.0346183776855469 0.0100059509277344
-0.0144500732421875 -0.00668430328369141 0.0267696380615234 0.0185546875
-0.00941562652587891 0.000873565673828126 0.0242748260498047 0.0282402038574219
-0.00562000274658203 0.000660419464111329 0.0182647705078125 0.041748046875
-0.00611019134521484 -0.000398635864257813 0.00544738769531251 0.0595970153808594
-0.00770378112792969 -0.00644540786743164 -0.0205574035644531 0.0635452270507813
0.00105667114257812 -0.0145778656005859 -0.0341415405273438 0.0535469055175781
0.0124912261962891 -0.0170707702636719 -0.0363960266113281 0.0287322998046875
0.0251979827880859 -0.00406265258789063 -0.0222835540771484 0.00820350646972656
0.0252285003662109 0.00249099731445313 0.0206260681152344 0.0182094573974609
0.0177841186523437 0.00582695007324219 0.0448760986328125 0.0717391967773438
0.0125885009765625 0.0169105529785156 -0.0442543029785156 -0.0617446899414063
0.00461959838867188 0.000700950622558594 -0.00944042205810547 -0.0158481597900391
0.0009002685546875 0.0048370361328125 0.0313663482666016 -0.00469017028808594
0.00788593292236328 0.00402927398681641 0.0495719909667969 -0.0297203063964844
0.0112800598144531 -0.00397300720214844 0.040252685546875 -0.0518074035644531
0.00854301452636719 -0.014714241027832 0.0148239135742188 -0.0692481994628906
-0.000251770019531251 -0.0225925445556641 -0.00981521606445313 -0.0614128112792969
0.000841140747070311 -0.0213985443115234 -0.0214042663574219 -0.0385513305664063
0.00621223449707031 -0.0225105285644531 -0.0307254791259766 -0.0206832885742187
0.0145845413208008 -0.0166292190551758 -0.0379753112792969 -0.0157966613769531
0.0186309814453125 -0.00260162353515625 -0.0450706481933594 -0.00690460205078124
0.0118427276611328 0.0116443634033203 -0.046417236328125 -0.00867080688476562
-0.00756168365478516 0.0137414932250977 -0.05474853515625 -0.0107803344726562
-0.00829744338989258 0.00674200057983398 -0.0647201538085938 0.00933074951171874
0.000466346740722656 0.0120277404785156 -0.0665855407714844 0.0325164794921875
0.03924560546875 0.0238418579101563 -0.0325355529785156 -0.0552101135253906
0.0298385620117188 0.00470733642578125 0.00441646575927735 -0.00983047485351563
0.0239620208740234 0.00464630126953125 0.0415992736816406 -0.000629425048828125
0.0262851715087891 -0.00381851196289063 0.0566787719726563 -0.0269088745117188
0.0234336853027344 -0.0153293609619141 0.043212890625 -0.0462265014648438
0.0139560699462891 -0.0302696228027344 0.0164642333984375 -0.060546875
-0.00132369995117187 -0.0387077331542969 -0.00661849975585938 -0.050537109375
-0.00130081176757813 -0.0366249084472656 -0.0186100006103516 -0.0262012481689453
0.00168228149414062 -0.0402374267578125 -0.0298042297363281 -0.00749588012695312
0.0137176513671875 -0.0360069274902344 -0.0416793823242188 -0.00299072265625
0.0261383056640625 -0.0219287872314453 -0.049072265625 0.00389480590820313
0.0272560119628906 -0.00492286682128906 -0.0479965209960938 -0.00238037109375
0.0151338577270508 0.00975131988525391 -0.0514793395996094 -0.00278091430664063
0.0170106887817383 0.00742721557617188 -0.0559158325195313 0.0180854797363281
0.0254669189453125 0.0138092041015625 -0.0587310791015625 0.0424346923828125
0.0590705871582031 0.0289688110351563 -0.0145225524902344 -0.0454025268554687
0.0515174865722656 0.00987625122070313 0.0221271514892578 0.000917434692382813
0.0462989807128906 0.0053863525390625 0.0526084899902344 0.00675582885742188
0.043975830078125 -0.0109062194824219 0.0641059875488281 -0.0206489562988281
0.0342063903808594 -0.0255126953125 0.0460281372070312 -0.0381317138671875
0.0180168151855469 -0.0429191589355469 0.0178756713867188 -0.0476875305175781
-0.001617431640625 -0.049346923828125 -0.00285530090332032 -0.0350971221923828
-0.00346755981445313 -0.0466575622558594 -0.0135812759399414 -0.0108156204223633
-0.003387451171875 -0.0512657165527344 -0.0245246887207031 0.00952720642089844
0.008087158203125 -0.050262451171875 -0.0407295227050781 0.0136985778808594
0.0272064208984375 -0.0387001037597656 -0.0498619079589844 0.0176200866699219
0.0347518920898438 -0.0231590270996094 -0.0493087768554688 0.00675201416015624
0.0338973999023438 -0.000589370727539063 -0.0481529235839844 0.00414657592773438
0.0392913818359375 0.00371170043945313 -0.0434913635253906 0.0247764587402344
0.0463790893554688 0.0125770568847656 -0.0426292419433594 0.0515632629394531
0.0703964233398438 0.0294418334960938 0.00711441040039063 -0.0351524353027344
0.0658340454101563 0.0129966735839844 0.0399360656738281 0.010833740234375
0.0633049011230469 0.00402450561523438 0.0621376037597656 0.0142478942871094
0.0562744140625 -0.0180778503417969 0.0682487487792969 -0.0123329162597656
0.0397834777832031 -0.0348358154296875 0.0455894470214844 -0.0280075073242188
0.0184288024902344 -0.0496673583984375 0.0177764892578125 -0.0320415496826172
-0.00304794311523437 -0.0524330139160156 0.00132465362548828 -0.0170125961303711
-0.005615234375 -0.0501289367675781 -0.00617790222167969 0.00696039199829101
-0.00777435302734376 -0.0540351867675781 -0.0168399810791016 0.0279636383056641
0.00133895874023437 -0.0556526184082031 -0.0356025695800781 0.0318107604980469
0.0228500366210937 -0.04931640625 -0.0467987060546875 0.032806396484375
0.03631591796875 -0.0381584167480469 -0.0479087829589844 0.0158615112304687
0.0472297668457031 -0.0115089416503906 -0.0434341430664063 0.00945663452148437
0.0561256408691406 -0.00166702270507813 -0.0269241333007812 0.0259494781494141
0.0603981018066406 0.0108604431152344 -0.0212821960449219 0.0588912963867188
0.0701217651367188 0.0250205993652344 0.02825927734375 -0.0266456604003906
0.0703048706054688 0.0114059448242188 0.0562858581542969 0.0167160034179688
0.0697860717773437 0.00113677978515625 0.0662994384765625 0.0188026428222656
0.0594444274902344 -0.0242080688476563 0.0669174194335938 -0.00327301025390625
0.0374946594238281 -0.0392990112304688 0.0430450439453125 -0.0145111083984375
0.0140914916992187 -0.0495567321777344 0.0180702209472656 -0.0143356323242188
-0.00561904907226563 -0.0480995178222656 0.00654983520507813 0.00211095809936523
-0.00673294067382813 -0.0446205139160156 0.00174140930175781 0.023406982421875
-0.00970077514648437 -0.0482406616210938 -0.0079803466796875 0.0435256958007813
-0.00364303588867187 -0.05169677734375 -0.0291175842285156 0.047393798828125
0.018157958984375 -0.0505485534667969 -0.0408973693847656 0.0442123413085937
0.0340118408203125 -0.0442886352539063 -0.0440673828125 0.0232925415039062
0.0530166625976563 -0.0181312561035156 -0.0365333557128906 0.0108489990234375
0.0645637512207031 -0.00417709350585937 -0.00974273681640625 0.02398681640625
0.0650787353515625 0.00948715209960937 0.00140380859375 0.0645980834960938
0.0601043701171875 0.0171470642089844 0.0468864440917969 -0.0221672058105469
0.0641975402832031 0.00680160522460938 0.0669288635253906 0.0161514282226563
0.0655059814453125 -0.00440216064453125 0.0655059814453125 0.0189704895019531
0.0511512756347656 -0.0276565551757813 0.0615348815917969 0.00368499755859375
0.02703857421875 -0.0390548706054688 0.0391044616699219 -0.00316238403320313
0.0045318603515625 -0.0413551330566406 0.019256591796875 0.00275611877441406
-0.00801849365234375 -0.0355072021484375 0.0122537612915039 0.0175113677978516
-0.00738716125488282 -0.0332164764404297 0.00943374633789063 0.0357666015625
-0.00946044921875 -0.035430908203125 0.000663757324218747 0.0555419921875
-0.0060577392578125 -0.0396347045898438 -0.0229682922363281 0.0588569641113281
0.0131187438964844 -0.0431404113769531 -0.035919189453125 0.0527496337890625
0.0298805236816406 -0.0407524108886719 -0.039886474609375 0.0275306701660156
0.0512275695800781 -0.016510009765625 -0.0294322967529297 0.0104084014892578
0.0611228942871094 -0.00327682495117187 0.00644683837890625 0.0204830169677734
0.0583343505859375 0.00915145874023437 0.023223876953125 0.069427490234375
0.0418815612792969 0.0074310302734375 0.059722900390625 -0.0242500305175781
0.05010986328125 -0.000164031982421875 0.0715866088867188 0.00940704345703125
0.0496444702148438 -0.0109519958496094 0.0603523254394531 0.0150642395019531
0.0333213806152344 -0.0281505584716797 0.0544586181640625 0.00853729248046875
0.0109043121337891 -0.0318508148193359 0.0370254516601563 0.00537490844726562
-0.00608062744140625 -0.0251636505126953 0.0234146118164063 0.013580322265625
-0.00929927825927734 -0.0165109634399414 0.0194759368896484 0.0266475677490234
-0.00715923309326172 -0.0162324905395508 0.0157012939453125 0.04193115234375
-0.00802993774414063 -0.0175075531005859 0.00482177734374999 0.061859130859375
-0.00624465942382812 -0.0226688385009766 -0.0200538635253906 0.0655784606933594
0.00713920593261719 -0.0286960601806641 -0.0339851379394531 0.0562858581542969
0.0216693878173828 -0.0298576354980469 -0.0374946594238281 0.0297355651855469
0.040374755859375 -0.0106697082519531 -0.0240478515625 0.00998687744140625
0.0465316772460938 -0.000255584716796875 0.0180549621582031 0.0191307067871094
0.0402679443359375 0.00785064697265625 0.0385055541992188 0.0738372802734375
0.0164031982421875 -0.001922607421875 0.0654373168945313 -0.0303916931152344
0.0291309356689453 -0.00655174255371094 0.070343017578125 -0.00130462646484375
0.0276889801025391 -0.0161228179931641 0.05364990234375 0.00980758666992187
0.0108623504638672 -0.0239963531494141 0.0495185852050781 0.0116691589355469
-0.00743865966796875 -0.0194988250732422 0.0377464294433594 0.00903701782226562
-0.0152826309204102 -0.00372028350830078 0.029022216796875 0.01776123046875
-0.00847482681274414 0.00432729721069336 0.0254631042480469 0.0273628234863281
-0.00517463684082031 0.00286483764648438 0.0191230773925781 0.0425834655761719
-0.00538825988769531 0.00267505645751953 0.00600051879882812 0.0625381469726563
-0.00806760787963867 -0.00314998626708984 -0.0208206176757813 0.0666046142578125
-0.00136089324951172 -0.0134487152099609 -0.034942626953125 0.0567550659179688
0.0107507705688477 -0.0170497894287109 -0.0384483337402344 0.0305671691894531
0.0235671997070313 -0.00463104248046875 -0.0242481231689453 0.00919342041015625
0.0234947204589844 0.000925064086914062 0.0205631256103516 0.0191059112548828
0.0163173675537109 0.00355911254882813 0.0458602905273438 0.0760498046875
0.0168285369873047 0.0194511413574219 -0.0466232299804688 -0.0636444091796875
0.0073094367980957 0.000926017761230469 -0.00772666931152344 -0.016331672668457
0.00361919403076172 0.00435256958007813 0.0348415374755859 -0.00678443908691406
0.0102176666259766 0.00267219543457031 0.0514640808105469 -0.0330772399902344
0.0119895935058594 -0.00624752044677734 0.0402183532714844 -0.0546722412109375
0.007476806640625 -0.0187492370605469 0.0135269165039063 -0.071044921875
-0.00291633605957031 -0.0258255004882813 -0.0117530822753906 -0.0625762939453125
-0.00140571594238281 -0.0247001647949219 -0.0218544006347656 -0.0373077392578125
0.00423431396484375 -0.0267810821533203 -0.0310306549072266 -0.0187110900878906
0.0150394439697266 -0.0208530426025391 -0.0403404235839844 -0.0125312805175781
0.0215263366699219 -0.00527191162109375 -0.0488471984863281 -0.0036468505859375
0.0160970687866211 0.0112371444702148 -0.049713134765625 -0.00668334960937499
-0.00475692749023438 0.0167703628540039 -0.0580673217773437 -0.00983810424804688
-0.00632286071777344 0.0110559463500977 -0.0657730102539063 0.0101242065429687
0.00241279602050781 0.0153236389160156 -0.0655403137207031 0.0361518859863281
0.0433578491210938 0.0253105163574219 -0.0333366394042969 -0.0561752319335938
0.0326271057128906 0.00398063659667969 0.00676250457763672 -0.0100288391113281
0.0268726348876953 0.00339698791503906 0.0456085205078125 -0.00220108032226563
0.0281600952148437 -0.00601768493652344 0.0592422485351562 -0.0299491882324219
0.0240116119384766 -0.0181350708007813 0.0443305969238281 -0.0486946105957031
0.0126266479492187 -0.0340785980224609 0.0166664123535156 -0.0616340637207031
-0.00359725952148438 -0.0417022705078125 -0.00748062133789063 -0.0506057739257812
-0.00371551513671875 -0.0396881103515625 -0.0182743072509766 -0.0244388580322266
-0.000366210937500004 -0.0440483093261719 -0.0290279388427734 -0.00390625000000001
0.0134162902832031 -0.0404434204101563 -0.0428962707519531 0.0010833740234375
0.0284957885742187 -0.0247745513916016 -0.0514869689941406 0.00796890258789062
0.0306282043457031 -0.00596237182617187 -0.0514717102050781 0.000762939453124993
0.0182781219482422 0.0120868682861328 -0.0545654296875 -0.000579833984375011
0.0193672180175781 0.0107574462890625 -0.05596923828125 0.02056884765625
0.0274429321289063 0.0164985656738281 -0.0567054748535156 0.0475540161132813
0.0631065368652344 0.0293197631835938 -0.0143623352050781 -0.0464935302734375
0.0537986755371094 0.0084075927734375 0.025726318359375 0.000339508056640625
0.0486259460449219 0.00349807739257813 0.0582466125488281 0.00537872314453125
0.0452384948730469 -0.0134620666503906 0.0676231384277344 -0.0231437683105469
0.0340747833251953 -0.0284061431884766 0.0479583740234375 -0.0407180786132813
0.0163764953613281 -0.0459976196289062 0.0187644958496094 -0.0480079650878906
-0.00416183471679687 -0.0513992309570313 -0.00237846374511719 -0.0339202880859375
-0.00613784790039062 -0.0486183166503906 -0.0119180679321289 -0.00788593292236329
-0.00535202026367188 -0.0541877746582031 -0.0229244232177734 0.0147705078125
0.00684356689453126 -0.0534400939941406 -0.0408401489257813 0.0197410583496094
0.0280342102050781 -0.0417442321777344 -0.05169677734375 0.0235366821289063
0.0372352600097656 -0.0247306823730469 -0.0520515441894531 0.0107765197753906
0.0367698669433594 0.00108718872070313 -0.0509262084960938 0.0074920654296875
0.0415077209472656 0.00589752197265625 -0.0425300598144531 0.0279388427734375
0.048248291015625 0.0139846801757813 -0.0399169921875 0.0577316284179687
0.0727157592773438 0.029022216796875 0.00782012939453126 -0.0355682373046875
0.0674057006835937 0.0110511779785156 0.0450096130371094 0.0111770629882813
0.0663414001464844 0.00145339965820313 0.0676307678222656 0.0136489868164063
0.0573005676269531 -0.0207443237304688 0.0726318359375 -0.0143508911132813
0.0390968322753906 -0.0367965698242188 0.048065185546875 -0.0292243957519531
0.0171279907226562 -0.0514755249023438 0.0194149017333984 -0.0315628051757813
-0.00481414794921875 -0.0535850524902344 0.00326919555664062 -0.015233039855957
-0.00773239135742188 -0.0511054992675781 -0.00384807586669922 0.00966262817382812
-0.00998687744140625 -0.0558624267578125 -0.0132656097412109 0.0328750610351563
-0.000198364257812499 -0.0576095581054688 -0.0349159240722656 0.0384101867675781
0.0224456787109375 -0.0518112182617188 -0.0473518371582031 0.0392799377441406
0.0364913940429688 -0.0401725769042969 -0.0501365661621094 0.0203475952148437
0.0488166809082031 -0.0115394592285156 -0.0447654724121094 0.0131263732910156
0.0575828552246094 -0.00127792358398438 -0.025634765625 0.0292434692382813
0.0620536804199219 0.0109405517578125 -0.0179786682128906 0.0651130676269531
0.0716171264648438 0.02392578125 0.0300369262695313 -0.0268154144287109
0.0707321166992188 0.0099639892578125 0.0610275268554688 0.0175285339355469
0.0718231201171875 -0.00122833251953125 0.0725479125976563 0.01849365234375
0.0594482421875 -0.0265350341796875 0.0718231201171875 -0.0052337646484375
0.0366172790527344 -0.040679931640625 0.0461654663085938 -0.0160980224609375
0.0124053955078125 -0.0505752563476563 0.0210151672363281 -0.0138168334960938
-0.00634765624999999 -0.0475502014160156 0.00946807861328125 0.00292682647705078
-0.00763320922851563 -0.0447769165039063 0.00433731079101563 0.0261573791503906
-0.0109748840332031 -0.0479049682617188 -0.00368881225585938 0.0485267639160156
-0.00535202026367187 -0.0513801574707031 -0.0272750854492188 0.0541572570800781
0.0160751342773438 -0.0513076782226562 -0.0407180786132813 0.0513648986816406
0.0330162048339844 -0.0458831787109375 -0.0452919006347656 0.028045654296875
0.0531387329101563 -0.0196189880371094 -0.0375518798828125 0.0148239135742188
0.0650215148925781 -0.00603485107421875 -0.00769996643066406 0.0262069702148438
0.0653877258300781 0.0080413818359375 0.00633621215820313 0.0700492858886719
0.0604324340820313 0.0150146484375 0.0478973388671875 -0.0228919982910156
0.0641555786132813 0.00475311279296875 0.07135009765625 0.0168380737304688
0.0658187866210938 -0.00688934326171875 0.07159423828125 0.01898193359375
0.0501365661621094 -0.0293235778808594 0.0659408569335938 0.00283432006835937
0.0254783630371094 -0.0392036437988281 0.0424995422363281 -0.0043182373046875
0.00362396240234375 -0.0403900146484375 0.0226840972900391 0.00228118896484375
-0.00815773010253906 -0.0332279205322266 0.0150394439697266 0.0181102752685547
-0.00757980346679688 -0.0311965942382813 0.012451171875 0.0380210876464844
-0.00983238220214844 -0.0338726043701172 0.00467681884765625 0.0596961975097656
-0.00708770751953125 -0.0382766723632813 -0.0208549499511719 0.06573486328125
0.0107269287109375 -0.0424575805664063 -0.0350379943847656 0.0593223571777344
0.0268402099609375 -0.0414199829101563 -0.0408935546875 0.03265380859375
0.050567626953125 -0.0188446044921875 -0.0300617218017578 0.0132350921630859
0.0603103637695312 -0.00597000122070312 0.00867843627929688 0.0222606658935547
0.0581893920898438 0.00678253173828125 0.0276565551757813 0.074920654296875
0.04058837890625 0.00426864624023438 0.0598640441894531 -0.0253868103027344
0.0483818054199219 -0.00310897827148438 0.0752334594726563 0.00909423828125
0.0488548278808594 -0.0141716003417969 0.0655326843261719 0.0146827697753906
0.0312004089355469 -0.0291576385498047 0.0589065551757812 0.00748443603515625
0.00813102722167969 -0.0311374664306641 0.0403289794921875 0.00391387939453125
-0.00671577453613281 -0.0224151611328125 0.0259838104248047 0.0129833221435547
-0.00856781005859375 -0.0141115188598633 0.0214176177978516 0.0265426635742188
-0.00617313385009765 -0.0133552551269531 0.0179023742675781 0.0436172485351563
-0.00715351104736328 -0.0148096084594727 0.00897216796875 0.0652313232421875
-0.006591796875 -0.019073486328125 -0.0178680419921875 0.0710067749023438
0.004669189453125 -0.0269432067871094 -0.03314208984375 0.0618858337402344
0.0192775726318359 -0.0298805236816406 -0.0380630493164063 0.0342903137207031
0.0386428833007813 -0.0122413635253906 -0.0254859924316406 0.0123157501220703
0.0446128845214844 -0.00246047973632813 0.0188617706298828 0.0205516815185547
0.0396499633789063 0.00499725341796875 0.0433578491210938 0.0779876708984375
0.0153074264526367 -0.00496387481689453 0.0649261474609375 -0.0328216552734375
0.0272598266601562 -0.00963592529296875 0.0727996826171875 -0.0018768310546875
0.0251941680908203 -0.0196819305419922 0.0577850341796875 0.0095367431640625
0.0074920654296875 -0.0243415832519531 0.0535316467285156 0.0104293823242187
-0.0103912353515625 -0.0178165435791016 0.040863037109375 0.0071258544921875
-0.0152997970581055 0.000247001647949216 0.0319919586181641 0.0153446197509766
-0.00702285766601563 0.00889682769775391 0.027069091796875 0.0265522003173828
-0.00394964218139649 0.00671815872192383 0.0215034484863281 0.0428543090820313
-0.0037226676940918 0.00637197494506836 0.008453369140625 0.0647010803222656
-0.00748014450073242 0.000936508178710937 -0.0182037353515625 0.0710220336914063
-0.00312519073486328 -0.0105409622192383 -0.0340232849121094 0.0610885620117187
0.00752925872802734 -0.0155067443847656 -0.0383491516113281 0.0341300964355469
0.0217094421386719 -0.00554084777832031 -0.0261802673339844 0.0111122131347656
0.02056884765625 -0.00117683410644531 0.0204238891601563 0.0198421478271484
0.0138616561889648 0.00110912322998047 0.0498275756835938 0.07916259765625
0.0214691162109375 0.0211372375488281 -0.0487022399902344 -0.0636138916015625
0.0101003646850586 0.000400543212890625 -0.00639152526855469 -0.0172796249389648
0.00641870498657227 0.0031895637512207 0.0363235473632812 -0.00942611694335938
0.0122489929199219 -0.000903129577636719 0.0510673522949219 -0.0366592407226563
0.012394905090332 -0.00978469848632812 0.0377540588378906 -0.0569648742675781
0.00557899475097656 -0.0223522186279297 0.0103302001953125 -0.0715484619140625
-0.00650978088378906 -0.0285224914550781 -0.0138511657714844 -0.0611839294433594
-0.00471115112304687 -0.0270729064941406 -0.0228195190429687 -0.0355453491210938
0.00120735168457031 -0.0306606292724609 -0.0311927795410156 -0.015106201171875
0.0140933990478516 -0.0253162384033203 -0.0414237976074219 -0.0079498291015625
0.0231571197509766 -0.00897407531738281 -0.0498504638671875 0.00111389160156251
0.0202083587646484 0.00945472717285156 -0.052093505859375 -0.00368881225585938
-0.000356674194335939 0.019805908203125 -0.0605926513671875 -0.00690078735351563
-0.00301265716552735 0.0144033432006836 -0.0659637451171875 0.011810302734375
0.00576019287109375 0.0189380645751953 -0.0616493225097656 0.0394554138183594
0.0471572875976563 0.0251693725585938 -0.0340843200683594 -0.0561027526855469
0.0352439880371094 0.00252151489257812 0.00983905792236328 -0.0110902786254883
0.0288143157958984 0.000970840454101563 0.0484237670898438 -0.00510025024414063
0.0292129516601563 -0.00908470153808594 0.0596084594726563 -0.0329170227050781
0.0231609344482422 -0.0215873718261719 0.0430488586425781 -0.0503387451171875
0.0101737976074219 -0.0376663208007813 0.0152435302734375 -0.0615577697753906
-0.00809478759765625 -0.0435104370117187 -0.00820541381835938 -0.0495681762695313
-0.00786972045898438 -0.0415382385253906 -0.0174655914306641 -0.0219097137451172
-0.00436019897460937 -0.047393798828125 -0.0273475646972656 0.000671386718749997
0.0115432739257812 -0.0446624755859375 -0.0423316955566406 0.00725936889648438
0.0293827056884766 -0.0286235809326172 -0.0519828796386719 0.0140838623046875
0.0338306427001953 -0.00835800170898438 -0.0526466369628906 0.00485992431640625
0.0222644805908203 0.0139141082763672 -0.056121826171875 0.00260925292968751
0.0218353271484375 0.0134792327880859 -0.0548095703125 0.02337646484375
0.0301475524902344 0.0186710357666016 -0.0510635375976563 0.0518455505371094
0.0657463073730469 0.028228759765625 -0.0136566162109375 -0.0459213256835938
0.0551261901855469 0.00620651245117188 0.0298805236816406 -0.00037384033203125
0.0507583618164063 0.000690460205078125 0.0618133544921875 0.00206375122070313
0.0450706481933594 -0.016632080078125 0.0690269470214844 -0.0265731811523438
0.0325660705566406 -0.0314159393310547 0.0477676391601563 -0.0418357849121094
0.0134201049804687 -0.0482177734375 0.0193138122558594 -0.0479545593261719
-0.008148193359375 -0.0526580810546875 -0.00107955932617188 -0.0330429077148438
-0.00994110107421875 -0.0500259399414062 -0.00914192199707031 -0.00539112091064453
-0.00925064086914063 -0.0558090209960938 -0.0187587738037109 0.0187358856201172
0.00481414794921875 -0.0558509826660156 -0.0390396118164063 0.0266571044921875
0.0277862548828125 -0.044403076171875 -0.0503654479980469 0.030303955078125
0.0384445190429688 -0.0269622802734375 -0.052703857421875 0.0163116455078125
0.0392646789550781 0.0015106201171875 -0.0508346557617188 0.01153564453125
0.0432205200195313 0.00699234008789063 -0.0400428771972656 0.0304908752441406
0.0499229431152344 0.0149955749511719 -0.0337638854980469 0.0624542236328125
0.07391357421875 0.0267715454101563 0.00860977172851563 -0.0352249145507813
0.0670394897460938 0.00857162475585938 0.0497779846191406 0.0104217529296875
0.0664596557617188 -0.00130844116210938 0.072967529296875 0.0104751586914063
0.0567283630371094 -0.0235595703125 0.0753860473632812 -0.0176544189453125
0.0366668701171875 -0.0387916564941406 0.0495986938476563 -0.0310821533203125
0.0140304565429688 -0.0531425476074219 0.0216445922851562 -0.0313720703125
-0.00784301757812499 -0.0531730651855469 0.00556564331054688 -0.0140113830566406
-0.009674072265625 -0.0505828857421875 -4.86373901367194E-05 0.0120658874511719
-0.0127449035644531 -0.05548095703125 -0.0081939697265625 0.0370903015136719
-0.0024566650390625 -0.0576362609863281 -0.0314598083496094 0.0449638366699219
0.0212440490722656 -0.0527801513671875 -0.0447540283203125 0.0469703674316406
0.0361175537109375 -0.0418548583984375 -0.0491447448730469 0.026947021484375
0.0492706298828125 -0.0121612548828125 -0.0444221496582031 0.0173187255859375
0.0580863952636719 -0.00230026245117188 -0.0227394104003906 0.0314674377441406
0.0625762939453125 0.00940322875976562 -0.0114707946777344 0.0701408386230469
0.0713577270507813 0.020904541015625 0.0305080413818359 -0.0271282196044922
0.0694503784179688 0.00731658935546875 0.06561279296875 0.0164566040039062
0.0716171264648438 -0.00439453125 0.0781936645507813 0.015869140625
0.0581398010253906 -0.0283393859863281 0.075531005859375 -0.00829315185546875
0.0338554382324219 -0.0410804748535156 0.0485954284667969 -0.0175323486328125
0.0108642578125 -0.0506935119628906 0.0234336853027344 -0.0140476226806641
-0.00753402709960937 -0.0457954406738281 0.01177978515625 0.00368595123291015
-0.00941848754882813 -0.0424308776855469 0.00902366638183594 0.0278148651123047
-0.0126609802246094 -0.0467147827148438 0.00238800048828125 0.0518722534179688
-0.00664520263671875 -0.0500450134277344 -0.0229949951171875 0.0607566833496094
0.0140342712402344 -0.0507011413574219 -0.0374031066894531 0.0580291748046875
0.0303459167480469 -0.0458908081054688 -0.0438194274902344 0.0341224670410156
0.051971435546875 -0.0204315185546875 -0.0367851257324219 0.0183372497558594
0.063201904296875 -0.0077362060546875 -0.00469398498535156 0.0277099609375
0.0647315979003906 0.00580596923828125 0.0125350952148437 0.0746078491210938
0.0592918395996094 0.0114707946777344 0.0476722717285156 -0.0232200622558594
0.0612373352050781 0.00210952758789063 0.0755767822265625 0.0157089233398438
0.0641250610351563 -0.0102806091308594 0.0760955810546875 0.016387939453125
0.0475616455078125 -0.0300331115722656 0.0700607299804688 -0.000183105468750002
0.0225257873535156 -0.0373992919921875 0.0452690124511719 -0.00588226318359375
0.00336837768554687 -0.0381011962890625 0.0259227752685547 0.00172996520996093
-0.00785446166992188 -0.0307407379150391 0.0185966491699219 0.0183525085449219
-0.0076446533203125 -0.0286998748779297 0.0165596008300781 0.0388679504394531
-0.00976943969726563 -0.0312919616699219 0.0104904174804688 0.0621528625488281
-0.00793075561523437 -0.0346736907958984 -0.015472412109375 0.0706329345703125
0.0082855224609375 -0.0399360656738281 -0.0314712524414063 0.0645256042480469
0.0233650207519531 -0.0408859252929688 -0.03936767578125 0.0372390747070313
0.0471878051757813 -0.0197906494140625 -0.0296096801757813 0.0168647766113281
0.0574455261230469 -0.00832748413085937 0.0106143951416016 0.0234851837158203
0.05548095703125 0.0037994384765625 0.0336227416992188 0.07745361328125
0.0385322570800781 0.00152969360351563 0.0584182739257813 -0.0263938903808594
0.0455093383789062 -0.00634002685546875 0.0775604248046875 0.008209228515625
0.0459518432617188 -0.0174903869628906 0.0693855285644531 0.0129280090332031
0.0276279449462891 -0.0300579071044922 0.0622367858886719 0.00515365600585937
0.0047607421875 -0.0283889770507813 0.0431785583496094 0.00241851806640625
-0.00684738159179688 -0.0190029144287109 0.0282478332519531 0.0109691619873047
-0.00677680969238281 -0.0102148056030273 0.0237636566162109 0.02618408203125
-0.0047616958618164 -0.0100269317626953 0.021209716796875 0.0437278747558594
-0.00488948822021484 -0.0112905502319336 0.0139083862304687 0.0662460327148438
-0.00631999969482422 -0.0151357650756836 -0.01318359375 0.0747833251953125
0.00291252136230469 -0.0238571166992187 -0.0290756225585937 0.066497802734375
0.0155773162841797 -0.0283374786376953 -0.0367050170898437 0.0381317138671875
0.0354728698730469 -0.0137863159179687 -0.0257129669189453 0.015625
0.0414543151855469 -0.00521469116210938 0.0197982788085938 0.0207500457763672
0.0365486145019531 0.00167465209960938 0.0486526489257813 0.079803466796875
0.0124959945678711 -0.00741291046142578 0.0620841979980469 -0.0349502563476563
0.0232200622558594 -0.0125102996826172 0.07354736328125 -0.0031585693359375
0.0213546752929688 -0.0217781066894531 0.0610237121582031 0.00775527954101562
0.00343704223632813 -0.0238704681396484 0.0567626953125 0.008148193359375
-0.013941764831543 -0.0134057998657227 0.04290771484375 0.003997802734375
-0.0143861770629883 0.00482940673828125 0.0333137512207031 0.0123577117919922
-0.00389957427978516 0.0122041702270508 0.0276927947998047 0.0242958068847656
-0.00108623504638672 0.00973892211914062 0.0229301452636719 0.0416717529296875
-0.000478744506835938 0.00954723358154297 0.0129241943359375 0.0646743774414063
-0.00640869140625 0.00509357452392578 -0.0150680541992187 0.0744171142578125
-0.00430965423583984 -0.00612115859985352 -0.0306129455566406 0.0644912719726563
0.00498390197753906 -0.0134620666503906 -0.0374488830566406 0.0383758544921875
0.0182991027832031 -0.00568580627441406 -0.0265254974365234 0.0140209197998047
0.0166864395141602 -0.002716064453125 0.0202598571777344 0.0201892852783203
0.0105257034301758 -0.00131988525390625 0.0535507202148438 0.079559326171875
0.0268306732177734 0.02203369140625 -0.0487289428710938 -0.0624961853027344
0.0131959915161133 0.00046539306640625 -0.00477409362792969 -0.0186100006103516
0.00870275497436524 0.00105142593383789 0.0363731384277344 -0.0121650695800781
0.0136356353759766 -0.00390052795410156 0.0495109558105469 -0.0386848449707031
0.0111675262451172 -0.0133333206176758 0.0351219177246094 -0.0574417114257813
0.00204849243164063 -0.0255947113037109 0.0082855224609375 -0.0696067810058594
-0.0111312866210938 -0.0295467376708984 -0.0151939392089844 -0.0590133666992188
-0.00914764404296875 -0.0288448333740234 -0.0218257904052734 -0.0330562591552734
-0.0032958984375 -0.0335464477539063 -0.0292606353759766 -0.0117740631103516
0.0117397308349609 -0.0296764373779297 -0.0401420593261719 -0.00347900390624999
0.0242366790771484 -0.0132122039794922 -0.0491561889648438 0.00563812255859375
0.0233840942382813 0.00619316101074219 -0.0525894165039062 -0.000358581542968745
0.00461196899414063 0.0212497711181641 -0.0612869262695313 -0.00443649291992188
0.00175857543945313 0.0179405212402344 -0.0641899108886719 0.012664794921875
0.00965690612792969 0.0217704772949219 -0.0566520690917969 0.0397758483886719
0.0505027770996094 0.024932861328125 -0.032989501953125 -0.0548210144042969
0.037109375 0.00115585327148438 0.0126094818115234 -0.0123481750488281
0.0302886962890625 -0.00137710571289063 0.0496826171875 -0.00833511352539063
0.0284843444824219 -0.0124416351318359 0.0587844848632813 -0.0355186462402344
0.0210151672363281 -0.0241928100585937 0.0421676635742187 -0.0508842468261719
0.00651931762695313 -0.03961181640625 0.0149002075195313 -0.0597305297851563
-0.01190185546875 -0.0438690185546875 -0.007293701171875 -0.0470390319824219
-0.0116844177246094 -0.0419235229492188 -0.0146579742431641 -0.0192050933837891
-0.00882720947265625 -0.0488967895507813 -0.0233097076416016 0.00373077392578125
0.00884246826171875 -0.0469551086425781 -0.0390090942382813 0.0120925903320313
0.0290470123291016 -0.0319099426269531 -0.0501213073730469 0.0194206237792969
0.0359840393066406 -0.0107841491699219 -0.0525360107421875 0.00930023193359375
0.0259323120117188 0.0151710510253906 -0.0557403564453125 0.00528335571289062
0.02545166015625 0.0161380767822266 -0.0519638061523438 0.0242843627929688
0.0329608917236328 0.0212535858154297 -0.0448799133300781 0.0535202026367188
0.0666122436523438 0.0267410278320312 -0.0119514465332031 -0.0452156066894531
0.0547752380371094 0.00460052490234375 0.0330581665039063 -0.00183868408203125
0.0503387451171875 -0.00223922729492188 0.0642204284667969 -0.0009918212890625
0.0441856384277344 -0.0188865661621094 0.0688514709472656 -0.0286483764648438
0.0300369262695313 -0.0328865051269531 0.0475502014160156 -0.0424156188964844
0.0108528137207031 -0.049072265625 0.0198631286621094 -0.0462913513183594
-0.0112342834472656 -0.0513458251953125 0.000827789306640624 -0.0309524536132813
-0.0122604370117187 -0.0490570068359375 -0.00562143325805664 -0.00344038009643555
-0.0128974914550781 -0.0559158325195313 -0.0134105682373047 0.0219993591308594
0.00201797485351562 -0.056884765625 -0.0343647003173828 0.0316429138183594
0.0271072387695313 -0.0460243225097656 -0.0475578308105469 0.036346435546875
0.0389442443847656 -0.0280303955078125 -0.0511131286621094 0.0207977294921875
0.0414352416992188 0.00214004516601563 -0.0499458312988281 0.0147018432617188
0.0447883605957031 0.00850677490234375 -0.0362014770507813 0.0318641662597656
0.0506973266601563 0.0164909362792969 -0.0267562866210937 0.0640869140625
0.0732345581054688 0.024871826171875 0.0105304718017578 -0.0336036682128906
0.0655250549316406 0.00681686401367187 0.0530738830566406 0.00840377807617188
0.0648460388183594 -0.00353622436523437 0.0758132934570313 0.006561279296875
0.0541419982910156 -0.0248146057128906 0.0761260986328125 -0.0200653076171875
0.0341453552246094 -0.0386123657226563 0.0503273010253906 -0.0314064025878906
0.0122795104980469 -0.0525436401367188 0.0233688354492187 -0.0309982299804688
-0.009429931640625 -0.0525779724121094 0.00794887542724609 -0.0130672454833984
-0.0120391845703125 -0.0490074157714844 0.00432014465332031 0.0131635665893555
-0.0146102905273437 -0.0534324645996094 -0.0016937255859375 0.0394248962402344
-0.00409317016601563 -0.0567588806152344 -0.0254936218261719 0.0502815246582031
0.0197830200195313 -0.0527000427246094 -0.0400619506835938 0.0515174865722656
0.0350494384765625 -0.0415420532226563 -0.046905517578125 0.0318794250488281
0.0496101379394531 -0.0116424560546875 -0.0426750183105469 0.0203285217285156
0.0573654174804688 -0.00176239013671875 -0.0182151794433594 0.03302001953125
0.0609550476074219 0.00991439819335938 -0.00446319580078125 0.0720901489257813
0.0688667297363281 0.0192337036132813 0.0318794250488281 -0.0261993408203125
0.06610107421875 0.00542449951171875 0.0686416625976563 0.0148200988769531
0.0685157775878906 -0.00672149658203125 0.080352783203125 0.0129165649414063
0.0546493530273438 -0.0285682678222656 0.077178955078125 -0.0107650756835938
0.030975341796875 -0.0396766662597656 0.0497283935546875 -0.0187301635742188
0.00986099243164062 -0.0480690002441406 0.0258636474609375 -0.0139732360839844
-0.00783538818359375 -0.0436515808105469 0.0146694183349609 0.00399971008300781
-0.009552001953125 -0.0402908325195313 0.0133914947509766 0.028106689453125
-0.0126609802246094 -0.044219970703125 0.00868606567382813 0.052764892578125
-0.00773239135742188 -0.0470123291015625 -0.016387939453125 0.0645713806152344
0.01263427734375 -0.0483436584472656 -0.0320968627929687 0.0620193481445313
0.0279693603515625 -0.0442695617675781 -0.0409736633300781 0.0384597778320313
0.0499458312988281 -0.0200157165527344 -0.0346508026123047 0.0220870971679688
0.0598983764648438 -0.00833511352539063 -0.00200462341308594 0.0294685363769531
0.0616188049316406 0.00457382202148438 0.0187606811523438 0.076263427734375
0.055511474609375 0.00957489013671875 0.0475425720214844 -0.0221214294433594
0.0563240051269531 0.000438690185546875 0.0771560668945313 0.0144424438476563
0.0596389770507813 -0.0113945007324219 0.0782928466796875 0.01409912109375
0.0438575744628906 -0.0290679931640625 0.0721282958984375 -0.00212860107421875
0.0201492309570312 -0.034881591796875 0.046539306640625 -0.00777053833007813
0.00284957885742188 -0.0352783203125 0.0274181365966797 0.00019264221191406
-0.00593757629394531 -0.0278091430664062 0.0207614898681641 0.0177688598632813
-0.00611305236816406 -0.0255680084228516 0.0204811096191406 0.0385055541992188
-0.00815200805664062 -0.0281963348388672 0.01605224609375 0.0618553161621094
-0.00678825378417969 -0.0307502746582031 -0.00968933105468751 0.0733795166015625
0.00724029541015625 -0.0364151000976563 -0.0258255004882812 0.0683975219726563
0.0205955505371094 -0.0382270812988281 -0.0360145568847656 0.0413246154785156
0.0434074401855469 -0.0195045471191406 -0.0278968811035156 0.0199222564697266
0.0528221130371094 -0.0091705322265625 0.0123939514160156 0.0238685607910156
0.0509529113769531 0.00173187255859375 0.0384674072265625 0.0784835815429688
0.0341434478759766 -0.00138092041015625 0.0562553405761719 -0.0252914428710938
0.0394401550292969 -0.00732421875 0.0780563354492188 0.00740814208984375
0.0410614013671875 -0.018310546875 0.0715789794921875 0.0111618041992187
0.0231723785400391 -0.0279407501220703 0.0641365051269531 0.00327301025390625
0.00256919860839844 -0.0237693786621094 0.0435638427734375 -0.000801086425781251
-0.00567531585693359 -0.0143709182739258 0.0298824310302734 0.00882530212402344
-0.00395774841308594 -0.00654220581054688 0.0247383117675781 0.0243148803710938
-0.00184726715087891 -0.00676584243774414 0.0242691040039063 0.0428543090820313
-0.0020909309387207 -0.00772333145141601 0.0187492370605469 0.0656356811523438
-0.00440216064453125 -0.0109128952026367 -0.0079803466796875 0.076629638671875
0.00177383422851562 -0.0191669464111328 -0.0249137878417969 0.0686378479003906
0.0125923156738281 -0.0244083404541016 -0.0339813232421875 0.0413322448730469
0.0313396453857422 -0.0126190185546875 -0.0242156982421875 0.0180339813232422
0.0353012084960938 -0.00629806518554688 0.0206890106201172 0.0209636688232422
0.0311241149902344 8.0108642578125E-05 0.0518569946289063 0.0796966552734375
0.00867176055908203 -0.00967025756835938 0.0584335327148437 -0.0345878601074219
0.0179080963134766 -0.0138511657714844 0.07244873046875 -0.00366973876953125
0.0162868499755859 -0.0225715637207031 0.0618858337402344 0.00594711303710937
-0.000970840454101565 -0.0215511322021484 0.0588150024414063 0.00524139404296875
-0.0153017044067383 -0.00863552093505859 0.0432243347167969 0.0009613037109375
-0.0123224258422852 0.0090484619140625 0.0340900421142578 0.00870513916015625
0.000134468078613281 0.0151777267456055 0.0270862579345703 0.022186279296875
0.00258922576904297 0.0126981735229492 0.02392578125 0.0395774841308594
0.00359535217285156 0.0126113891601563 0.0155067443847656 0.0630035400390625
-0.00301456451416016 0.00926113128662109 -0.0108566284179688 0.0746078491210938
-0.00406646728515625 -0.00110864639282227 -0.0273933410644531 0.0657081604003906
0.00234603881835938 -0.0101404190063477 -0.0356559753417969 0.0401535034179687
0.0144186019897461 -0.00507354736328125 -0.0263023376464844 0.0159149169921875
0.0115203857421875 -0.00356674194335938 0.0197086334228516 0.0201473236083984
0.00525903701782227 -0.00299644470214844 0.0551528930664063 0.0790328979492188
0.0316677093505859 0.0224857330322266 -0.0459823608398438 -0.0626640319824219
0.0167837142944336 -0.00116539001464844 -0.00297164916992187 -0.0204296112060547
0.0113639831542969 -0.00156784057617187 0.0366401672363281 -0.0136947631835938
0.0138168334960937 -0.00750541687011719 0.0478973388671875 -0.0388374328613281
0.0100603103637695 -0.016326904296875 0.034271240234375 -0.054931640625
-0.00128555297851562 -0.0279140472412109 0.00862503051757812 -0.0670127868652344
-0.0144786834716797 -0.0307731628417969 -0.0139808654785156 -0.0564498901367188
-0.0124855041503906 -0.0296249389648437 -0.0194587707519531 -0.0309276580810547
-0.00749969482421875 -0.0354576110839844 -0.0262622833251953 -0.00965118408203125
0.00926399230957031 -0.0330276489257813 -0.037994384765625 -0.000831604003906255
0.024261474609375 -0.0170803070068359 -0.0475006103515625 0.00762557983398438
0.0256900787353516 0.00310707092285156 -0.0523185729980469 0.00121688842773438
0.00961685180664063 0.0211448669433594 -0.0607185363769531 -0.00433349609374999
0.00642585754394531 0.0197010040283203 -0.0629119873046875 0.0107421875
0.0142345428466797 0.0243377685546875 -0.05279541015625 0.0378227233886719
0.0528564453125 0.025634765625 -0.0288162231445312 -0.0542449951171875
0.0376853942871094 0.00080108642578125 0.0153055191040039 -0.0137166976928711
0.0317764282226563 -0.00351905822753906 0.050048828125 -0.00983047485351563
0.0286617279052734 -0.0144672393798828 0.0583267211914062 -0.035675048828125
0.0192813873291016 -0.025970458984375 0.0414352416992187 -0.0493659973144531
0.00299072265625 -0.0411262512207031 0.0161666870117188 -0.0574378967285156
-0.015350341796875 -0.0434341430664062 -0.00463485717773438 -0.04486083984375
-0.0146217346191406 -0.0417938232421875 -0.0108394622802734 -0.01788330078125
-0.0114402770996094 -0.0491981506347656 -0.0189456939697266 0.00539016723632813
0.00698089599609375 -0.0496406555175781 -0.0360527038574219 0.0149688720703125
0.02996826171875 -0.0348567962646484 -0.0473403930664063 0.0227279663085937
0.0377540588378906 -0.0133514404296875 -0.0508575439453125 0.0114364624023438
0.0297660827636719 0.0161857604980469 -0.0546112060546875 0.00617599487304688
0.0287246704101563 0.0189952850341797 -0.0494651794433594 0.0224723815917969
0.0349674224853516 0.02410888671875 -0.0397796630859375 0.0521697998046875
0.06695556640625 0.027496337890625 -0.00815582275390625 -0.0437889099121094
0.05462646484375 0.00446319580078125 0.036224365234375 -0.00336837768554687
0.0497894287109375 -0.00341033935546875 0.064849853515625 -0.00283050537109375
0.0431900024414063 -0.0202369689941406 0.0695915222167969 -0.0295677185058594
0.0280647277832031 -0.0333232879638672 0.0484962463378906 -0.0410308837890625
0.00844192504882812 -0.04931640625 0.0225486755371094 -0.0453910827636719
-0.0129776000976563 -0.0506515502929688 0.0041351318359375 -0.0298976898193359
-0.0135421752929687 -0.04803466796875 -0.00129759311676025 -0.00210237503051758
-0.0146255493164062 -0.055938720703125 -0.00878524780273438 0.0230770111083984
0.00201797485351562 -0.0570220947265625 -0.0301475524902344 0.0345745086669922
0.0273628234863281 -0.0472869873046875 -0.0437812805175781 0.0396614074707031
0.0404930114746094 -0.0290565490722656 -0.0487747192382813 0.0234794616699219
0.0439720153808594 0.00379562377929688 -0.0479812622070313 0.0162544250488281
0.046478271484375 0.0112648010253906 -0.0338993072509766 0.0306110382080078
0.0505790710449219 0.0189933776855469 -0.0213851928710937 0.0640602111816406
0.0709686279296875 0.02496337890625 0.0138454437255859 -0.0325069427490234
0.0627899169921875 0.0080108642578125 0.0559043884277344 0.00762557983398438
0.0630569458007813 -0.00380325317382813 0.0766754150390625 0.0050811767578125
0.0525894165039063 -0.024688720703125 0.0774154663085938 -0.0208969116210938
0.0331497192382813 -0.037109375 0.0514640808105469 -0.0309028625488281
0.0112953186035156 -0.0515213012695312 0.0267066955566406 -0.0301456451416016
-0.0095977783203125 -0.0506019592285156 0.0116720199584961 -0.0120716094970703
-0.0119209289550781 -0.0465965270996094 0.00872325897216797 0.0138731002807617
-0.0149307250976562 -0.052978515625 0.00354766845703125 0.0399856567382812
-0.00408554077148438 -0.0553932189941406 -0.0207481384277344 0.052490234375
0.0198822021484375 -0.051483154296875 -0.0359458923339844 0.0545158386230469
0.035491943359375 -0.0400390625 -0.0444297790527344 0.03436279296875
0.0503616333007813 -0.01019287109375 -0.0408172607421875 0.0221023559570312
0.0563316345214844 0.00139999389648438 -0.0156898498535156 0.0331058502197266
0.0593185424804688 0.012176513671875 0.000396728515625007 0.0724563598632813
0.0648040771484375 0.0193710327148438 0.0333232879638672 -0.0235519409179688
0.0615119934082031 0.00716400146484375 0.0705108642578125 0.014678955078125
0.0651168823242188 -0.00544357299804688 0.0822906494140625 0.01177978515625
0.0524330139160156 -0.0265731811523438 0.0781936645507812 -0.0105438232421875
0.0297584533691406 -0.0365524291992188 0.0509262084960938 -0.0185127258300781
0.00942611694335938 -0.0453834533691406 0.0287914276123047 -0.0138912200927734
-0.006134033203125 -0.0414047241210938 0.017852783203125 0.0041961669921875
-0.00820541381835937 -0.0374374389648438 0.0170516967773438 0.0280323028564453
-0.0110816955566406 -0.0420341491699219 0.0140380859375 0.05279541015625
-0.00601577758789063 -0.0443954467773438 -0.0115394592285156 0.0665512084960938
0.0129966735839844 -0.0452957153320313 -0.0277175903320312 0.0643730163574219
0.0274887084960938 -0.0417137145996094 -0.0379371643066406 0.0409660339355469
0.0480384826660156 -0.0171470642089844 -0.0326023101806641 0.023773193359375
0.0567588806152344 -0.00588607788085938 0.000732421875000001 0.0291519165039063
0.0578460693359375 0.00679779052734375 0.022552490234375 0.0770645141601563
0.0501708984375 0.0100479125976562 0.0480079650878906 -0.0196876525878906
0.0510597229003906 0.002227783203125 0.0783157348632813 0.0154571533203125
0.0560951232910156 -0.0102157592773438 0.0797271728515625 0.0134963989257812
0.0412826538085938 -0.0263824462890625 0.0733108520507812 -0.00292205810546875
0.0192623138427734 -0.0303745269775391 0.0472679138183594 -0.00853347778320313
0.00447654724121093 -0.0315647125244141 0.0293312072753906 -0.000234603881835939
-0.00327873229980469 -0.0254173278808594 0.0229625701904297 0.0177745819091797
-0.00317573547363281 -0.0228652954101563 0.0228652954101563 0.0374603271484375
-0.00497627258300781 -0.0253753662109375 0.02020263671875 0.0612068176269531
-0.00451469421386719 -0.0272712707519531 -0.0051727294921875 0.073974609375
0.00753211975097656 -0.0315704345703125 -0.0220947265625 0.0691452026367188
0.0192852020263672 -0.0335845947265625 -0.0332298278808594 0.0432472229003906
0.0404090881347656 -0.0164947509765625 -0.0265693664550781 0.0218296051025391
0.0474891662597656 -0.0074462890625 0.0145702362060547 0.0249443054199219
0.0461044311523438 0.00286483764648438 0.0409011840820313 0.0795669555664062
0.0286750793457031 -0.00125503540039063 0.0554008483886719 -0.0218505859375
0.0340900421142578 -0.00673675537109375 0.077362060546875 0.00963592529296875
0.0361061096191406 -0.0166015625 0.0723800659179688 0.0110244750976562
0.0208282470703125 -0.0239982604980469 0.0653190612792969 0.00251007080078125
0.00287437438964844 -0.0191268920898437 0.0437240600585938 -0.00272750854492188
-0.00341987609863281 -0.0107202529907227 0.0303726196289062 0.00739479064941406
0.000311374664306641 -0.00470399856567383 0.0255641937255859 0.0231494903564453
0.00156641006469727 -0.00458383560180664 0.0248260498046875 0.0407562255859375
0.00193262100219726 -0.00543785095214844 0.0206031799316406 0.0636711120605469
-0.0013422966003418 -0.00718498229980469 -0.00498199462890625 0.0767288208007813
0.00277996063232422 -0.0141143798828125 -0.0212936401367188 0.0688629150390625
0.0108470916748047 -0.0200881958007812 -0.031707763671875 0.0425529479980469
0.0267200469970703 -0.0100574493408203 -0.0235557556152344 0.0190353393554688
0.0297698974609375 -0.00446128845214844 0.0206756591796875 0.0220241546630859
0.0255050659179688 0.000244140625 0.052520751953125 0.0810546875
0.00416088104248047 -0.0107975006103516 0.0555534362792969 -0.0314903259277344
0.0127677917480469 -0.0137081146240234 0.0711822509765625 -0.00136566162109375
0.0110740661621094 -0.0221881866455078 0.0629425048828125 0.00632476806640625
-0.00395774841308594 -0.0180034637451172 0.0590705871582031 0.00360870361328125
-0.0152435302734375 -0.00373268127441406 0.0425224304199219 -0.00188446044921875
-0.00985813140869141 0.0128278732299805 0.0318775177001953 0.0063323974609375
0.00405693054199219 0.0175228118896484 0.0256576538085938 0.0204143524169922
0.00636672973632813 0.0150852203369141 0.0226287841796875 0.0382919311523438
0.00768661499023437 0.0149374008178711 0.0160293579101562 0.0615692138671875
0.000783920288085939 0.0128793716430664 -0.00888061523437501 0.0742340087890625
-0.0027472972869873 0.00383806228637695 -0.0249519348144531 0.0655555725097656
0.00119924545288086 -0.005615234375 -0.0340156555175781 0.0405845642089844
0.0104160308837891 -0.00243949890136719 -0.0268211364746094 0.0176029205322266
0.00628852844238281 -0.00189208984375 0.0180606842041016 0.0216350555419922
0.000163793563842773 -0.00363349914550781 0.054351806640625 0.0799102783203125
0.0366287231445313 0.0231742858886719 -0.0428848266601562 -0.0665473937988281
0.0207252502441406 -0.00296974182128906 -0.000892639160156246 -0.0225334167480469
0.0136871337890625 -0.00490665435791016 0.0371437072753906 -0.0143852233886719
0.0146064758300781 -0.0117607116699219 0.0478019714355469 -0.0387344360351563
0.00882148742675781 -0.0200157165527344 0.0358505249023438 -0.05413818359375
-0.00521278381347656 -0.0306510925292969 0.0111770629882812 -0.0660667419433594
-0.0188007354736328 -0.0319423675537109 -0.0117645263671875 -0.0561141967773438
-0.0158119201660156 -0.0309486389160156 -0.0160636901855469 -0.0311508178710938
-0.0118598937988281 -0.0378913879394531 -0.0233192443847656 -0.00950241088867188
0.006927490234375 -0.036407470703125 -0.0357780456542969 0.000679016113281255
0.0253543853759766 -0.0210990905761719 -0.0463638305664063 0.0096435546875
0.0280895233154297 -0.000492095947265625 -0.0524063110351563 0.00181961059570312
0.0148983001708984 0.0208549499511719 -0.0621070861816406 -0.00570297241210939
0.0116920471191406 0.0215606689453125 -0.0637474060058594 0.00773239135742188
0.0183010101318359 0.0273342132568359 -0.0510902404785156 0.0344619750976563
0.0562210083007813 0.0278778076171875 -0.0249748229980469 -0.05645751953125
0.0402488708496094 0.0001068115234375 0.0182533264160156 -0.0155067443847656
0.0329856872558594 -0.00542640686035156 0.0518684387207031 -0.010711669921875
0.0286178588867187 -0.0174541473388672 0.0596351623535156 -0.0345726013183594
0.0189056396484375 -0.0277194976806641 0.043975830078125 -0.0476760864257813
0.000465393066406255 -0.0429306030273438 0.0193634033203125 -0.0566673278808594
-0.0174980163574219 -0.0444984436035156 -0.000972747802734376 -0.0441780090332031
-0.01641845703125 -0.0430679321289063 -0.00707244873046875 -0.0177364349365234
-0.0145835876464844 -0.0515327453613281 -0.0144634246826172 0.00637340545654297
0.00574874877929687 -0.0523681640625 -0.032257080078125 0.0174198150634766
0.0307807922363281 -0.03802490234375 -0.04534912109375 0.0245285034179688
0.0411109924316406 -0.0150680541992187 -0.0505752563476562 0.0124969482421875
0.035003662109375 0.0171928405761719 -0.0548973083496094 0.00618743896484374
0.0328559875488281 0.0219936370849609 -0.0490837097167969 0.0205459594726563
0.03863525390625 0.0281333923339844 -0.0373992919921875 0.0498504638671875
0.0680160522460938 0.0301094055175781 -0.00315856933593749 -0.0450172424316406
0.0546836853027344 0.00566482543945312 0.0396728515625 -0.00431060791015625
0.0500450134277344 -0.00403594970703125 0.067657470703125 -0.003021240234375
0.0427474975585938 -0.0209693908691406 0.071563720703125 -0.0281524658203125
0.0277748107910156 -0.0331554412841797 0.0515060424804688 -0.0400199890136719
0.00725173950195312 -0.04974365234375 0.0268173217773438 -0.0439567565917969
-0.0137062072753906 -0.0510635375976563 0.00838851928710938 -0.0291328430175781
-0.0141792297363281 -0.0489387512207031 0.00353217124938965 -0.00193285942077637
-0.0151023864746094 -0.0564765930175781 -0.00365257263183594 0.0235576629638672
0.00174331665039062 -0.0592498779296875 -0.0258636474609375 0.0365982055664063
0.0296058654785156 -0.0483016967773438 -0.0408287048339844 0.0421600341796875
0.0433311462402344 -0.0291786193847656 -0.0478858947753906 0.0251350402832031
0.0475959777832031 0.00618362426757813 -0.0477867126464844 0.0163917541503906
0.0492591857910156 0.0153350830078125 -0.0322818756103516 0.0294265747070312
0.052398681640625 0.0236740112304688 -0.0179443359375 0.0630836486816406
0.0700569152832031 0.0291061401367188 0.0184421539306641 -0.0315284729003906
0.0616531372070313 0.00991439819335938 0.059326171875 0.00804519653320312
0.0619392395019531 -0.00227737426757813 0.0792388916015625 0.005828857421875
0.0520973205566406 -0.0227890014648438 0.08013916015625 -0.0199737548828125
0.0329704284667969 -0.0350227355957031 0.0548439025878906 -0.0296554565429688
0.0115432739257812 -0.0508842468261719 0.0306758880615234 -0.0293178558349609
-0.00799942016601562 -0.0494956970214844 0.0161752700805664 -0.0116443634033203
-0.0101776123046875 -0.0464591979980469 0.0132274627685547 0.0140819549560547
-0.0134620666503906 -0.0528602600097656 0.00834274291992188 0.0405387878417969
-0.00283050537109375 -0.0556640625 -0.0159759521484375 0.0551071166992188
0.0224380493164062 -0.0513839721679688 -0.0327835083007812 0.0571517944335938
0.03814697265625 -0.0388031005859375 -0.0422897338867188 0.0363273620605469
0.052154541015625 -0.0063323974609375 -0.0398902893066406 0.0231056213378906
0.0574226379394531 0.00528717041015625 -0.0142269134521484 0.0323352813720703
0.0584640502929688 0.0168647766113281 0.00444793701171876 0.0731964111328125
0.0615730285644531 0.0227622985839844 0.0373039245605469 -0.0214958190917969
0.0584220886230469 0.0104713439941406 0.0743484497070313 0.015869140625
0.0634880065917969 -0.00219345092773438 0.084503173828125 0.0127944946289063
0.05242919921875 -0.023468017578125 0.0814208984375 -0.0102767944335938
0.0309906005859375 -0.0338573455810547 0.0540351867675781 -0.0184097290039063
0.0117912292480469 -0.0443801879882813 0.0327186584472656 -0.0138492584228516
-0.00339508056640625 -0.0408515930175781 0.0213909149169922 0.00465011596679687
-0.00514602661132813 -0.0368881225585938 0.0204067230224609 0.028106689453125
-0.0084991455078125 -0.04168701171875 0.0178337097167969 0.0530624389648438
-0.00279998779296875 -0.0431594848632812 -0.00776672363281251 0.0682296752929688
0.0155830383300781 -0.0430908203125 -0.0248680114746094 0.0666961669921875
0.0286941528320313 -0.0385284423828125 -0.0358772277832031 0.043182373046875
0.0481109619140625 -0.0139312744140625 -0.0312957763671875 0.0254554748535156
0.0550498962402344 -0.00186920166015625 0.00248336791992188 0.0302867889404297
0.0550117492675781 0.0105018615722656 0.0254745483398437 0.0792617797851562
0.0455093383789063 0.0118408203125 0.0503158569335937 -0.0158119201660156
0.046844482421875 0.0054473876953125 0.0805892944335937 0.0186080932617187
0.0526847839355469 -0.00650405883789063 0.0821762084960938 0.015045166015625
0.0409393310546875 -0.0219841003417969 0.0759658813476563 -0.00189971923828125
0.0205039978027344 -0.0262870788574219 0.0494384765625 -0.00812911987304688
0.00746726989746094 -0.0286273956298828 0.0316638946533203 -0.000190734863281252
0.00102043151855469 -0.0241165161132813 0.0249824523925781 0.0176982879638672
0.000495910644531249 -0.0212268829345703 0.0253028869628906 0.0374832153320313
-0.00100517272949219 -0.02410888671875 0.0232734680175781 0.0611343383789063
-0.000211715698242187 -0.024658203125 -0.00209808349609376 0.0756912231445313
0.00996780395507813 -0.0279884338378906 -0.0193710327148438 0.0706939697265625
0.0201053619384766 -0.0294456481933594 -0.0315437316894531 0.0447883605957031
0.0381202697753906 -0.0126152038574219 -0.0254592895507812 0.0237350463867188
0.0435447692871094 -0.00375747680664063 0.0158100128173828 0.0261745452880859
0.0412788391113281 0.00563430786132813 0.0431747436523438 0.0831451416015625
0.0239124298095703 -0.000631332397460937 0.0563545227050781 -0.0173683166503906
0.0288257598876953 -0.00408744812011719 0.0785751342773438 0.0134506225585938
0.0317802429199219 -0.0134029388427734 0.0747146606445313 0.012725830078125
0.0191745758056641 -0.0195579528808594 0.068450927734375 0.0026397705078125
0.00328159332275391 -0.0144758224487305 0.0451087951660156 -0.00206375122070313
0.000472068786621095 -0.00737142562866211 0.0313243865966797 0.00649833679199219
0.00504398345947266 -0.00275278091430664 0.0255794525146484 0.0235118865966797
0.00602006912231445 -0.00252437591552734 0.0254287719726563 0.0415573120117188
0.00672531127929688 -0.00398159027099609 0.0219612121582031 0.0632400512695313
0.00273394584655762 -0.00383853912353516 -0.00312805175781249 0.0772628784179688
0.00535488128662109 -0.00904273986816406 -0.0194549560546875 0.0690460205078125
0.0104684829711914 -0.0146999359130859 -0.0312385559082031 0.0436477661132813
0.0238933563232422 -0.00609016418457031 -0.0233058929443359 0.0208244323730469
0.02435302734375 -0.00139045715332031 0.0205917358398438 0.0243473052978516
0.020111083984375 0.00141716003417969 0.0526275634765625 0.0846786499023438
-0.000719070434570312 -0.0117206573486328 0.0541877746582031 -0.0263671875
0.00789737701416016 -0.013422966003418 0.0715408325195313 0.003204345703125
0.00628852844238281 -0.0200786590576172 0.0650672912597656 0.00786972045898437
-0.00708103179931641 -0.0135602951049805 0.0615463256835937 0.003753662109375
-0.0150604248046875 0.000579833984374999 0.0425910949707031 -0.002716064453125
-0.00681400299072266 0.0165271759033203 0.0305595397949219 0.00497627258300781
0.00853919982910156 0.0191688537597656 0.0235500335693359 0.0204639434814453
0.0106887817382812 0.0170421600341797 0.0213661193847656 0.0380439758300781
0.0128517150878906 0.01666259765625 0.0146598815917969 0.060882568359375
0.00512409210205078 0.0159788131713867 -0.00820922851562499 0.0734710693359375
-0.00126314163208008 0.00860261917114258 -0.0244026184082031 0.0648689270019531
0.000391364097595215 -0.000558376312255859 -0.0338706970214844 0.0410423278808594
0.0063018798828125 0.00067901611328125 -0.0269584655761719 0.0187473297119141
0.000646412372589111 -0.000201225280761719 0.0169830322265625 0.0235080718994141
-0.00554656982421875 -0.00328683853149414 0.0524749755859375 0.0835342407226562
0.0436630249023438 0.0247955322265625 -0.0409164428710938 -0.0731735229492188
0.0252933502197266 -0.00552940368652344 0.00141716003417969 -0.0262279510498047
0.0169620513916016 -0.00854778289794922 0.0394363403320313 -0.0162925720214844
0.0143680572509766 -0.0167703628540039 0.0505638122558594 -0.0392837524414063
0.00686264038085937 -0.0238189697265625 0.0394477844238281 -0.0545845031738281
-0.0096588134765625 -0.0342483520507813 0.0140457153320313 -0.0667343139648438
-0.0234489440917969 -0.0336437225341797 -0.00889205932617188 -0.0577316284179687
-0.0198955535888672 -0.0327892303466797 -0.0132331848144531 -0.0329093933105469
-0.0166358947753906 -0.0406265258789063 -0.0201511383056641 -0.00995635986328125
0.00380706787109375 -0.0415077209472656 -0.0345363616943359 0.00159263610839843
0.0259590148925781 -0.0266971588134766 -0.0471649169921875 0.0109901428222656
0.0309543609619141 -0.00381851196289063 -0.0542411804199219 0.00199127197265626
0.0203571319580078 0.0209331512451172 -0.0648002624511719 -0.00724411010742187
0.0182819366455078 0.0232925415039063 -0.0662155151367188 0.00385665893554689
0.0250015258789062 0.0306720733642578 -0.0520744323730469 0.0307426452636719
0.0622406005859375 0.0306243896484375 -0.0204582214355469 -0.0621986389160156
0.0446624755859375 -0.000339508056640625 0.0227203369140625 -0.0180110931396484
0.0353202819824219 -0.00754165649414063 0.0554771423339844 -0.0114669799804687
0.0296669006347656 -0.0207614898681641 0.0630378723144531 -0.0345382690429688
0.0173130035400391 -0.0310611724853516 0.0481147766113281 -0.0470314025878906
-0.00296783447265625 -0.0459213256835938 0.0246353149414062 -0.0569953918457031
-0.0204582214355469 -0.046844482421875 0.003753662109375 -0.0454483032226563
-0.0194435119628906 -0.0455093383789063 -0.00271415710449219 -0.0189399719238281
-0.0175094604492187 -0.0543975830078125 -0.0102119445800781 0.00579357147216796
0.0044403076171875 -0.0570831298828125 -0.0295734405517578 0.0186729431152344
0.0329742431640625 -0.0427093505859375 -0.0444183349609375 0.0268974304199219
0.0452461242675781 -0.0179061889648438 -0.051177978515625 0.0139732360839844
0.0410423278808594 0.0180587768554688 -0.0563278198242188 0.0057220458984375
0.0395050048828125 0.0251541137695313 -0.0500717163085938 0.0173873901367188
0.04364013671875 0.0331230163574219 -0.0362281799316406 0.0482368469238281
0.07110595703125 0.0345306396484375 0.00225067138671876 -0.0480117797851563
0.0573158264160156 0.00727081298828125 0.0444908142089844 -0.00572586059570312
0.0526199340820313 -0.00387191772460938 0.07110595703125 -0.00328826904296875
0.044281005859375 -0.0226478576660156 0.0763931274414063 -0.0282745361328125
0.0280685424804687 -0.03424072265625 0.0558929443359375 -0.0395317077636719
0.00614929199218751 -0.0521774291992188 0.0326690673828125 -0.0447807312011719
-0.014434814453125 -0.0525856018066406 0.0145263671875 -0.0297756195068359
-0.0146293640136719 -0.0508232116699219 0.00853824615478515 -0.00251388549804688
-0.01629638671875 -0.0600624084472656 0.00212860107421875 0.0243511199951172
0.00174331665039063 -0.0629539489746094 -0.0220565795898438 0.0391273498535156
0.0325736999511719 -0.052093505859375 -0.0392265319824219 0.044921875
0.04779052734375 -0.0311660766601562 -0.04742431640625 0.0277366638183594
0.0535621643066406 0.00854873657226563 -0.0483436584472656 0.0174751281738281
0.0544395446777344 0.0196723937988281 -0.0315170288085938 0.0286369323730469
0.0567855834960937 0.0299720764160156 -0.015289306640625 0.0641822814941406
0.0713043212890625 0.0336151123046875 0.0251712799072266 -0.0325107574462891
0.06280517578125 0.0135993957519531 0.0655555725097656 0.00817108154296875
0.0634498596191406 -0.000385284423828125 0.0845184326171875 0.00634765625
0.0537834167480469 -0.0218658447265625 0.0859527587890625 -0.0191726684570312
0.0350265502929688 -0.0351524353027344 0.0602798461914062 -0.02911376953125
0.0125732421875 -0.0508537292480469 0.0364189147949219 -0.0303192138671875
-0.00696945190429688 -0.0517463684082031 0.022003173828125 -0.0126152038574219
-0.00960159301757813 -0.0480880737304688 0.0186939239501953 0.0131473541259766
-0.0127830505371094 -0.0556221008300781 0.0148506164550781 0.0411720275878906
-0.000247955322265619 -0.0582237243652344 -0.0114097595214844 0.0579299926757812
0.0259208679199219 -0.05255126953125 -0.0308494567871094 0.0604133605957031
0.0420036315917969 -0.0392189025878906 -0.0413360595703125 0.0393295288085937
0.0562286376953125 -0.00322723388671875 -0.039337158203125 0.0246124267578125
0.0603752136230469 0.0100135803222656 -0.0117244720458984 0.0326557159423828
0.0601882934570312 0.022979736328125 0.0080718994140625 0.0757675170898438
0.060211181640625 0.0280609130859375 0.0429611206054688 -0.01947021484375
0.0575294494628906 0.0151634216308594 0.07989501953125 0.0189971923828125
0.0637893676757813 0.001129150390625 0.0904388427734375 0.0145492553710938
0.0545120239257813 -0.0196685791015625 0.0872802734375 -0.0090789794921875
0.0335922241210938 -0.031097412109375 0.0592117309570313 -0.017791748046875
0.0150985717773437 -0.0430412292480469 0.0374755859375 -0.01416015625
0.000629425048828123 -0.0420379638671875 0.0266437530517578 0.00491714477539062
-0.0025177001953125 -0.0375289916992188 0.0252456665039062 0.0281105041503906
-0.00473785400390625 -0.0426750183105469 0.0225715637207031 0.0550308227539063
0.000591278076171879 -0.043701171875 -0.00387573242187501 0.071197509765625
0.0191650390625 -0.0426216125488281 -0.022216796875 0.0704345703125
0.0326499938964844 -0.0369415283203125 -0.0347442626953125 0.0454940795898438
0.0498847961425781 -0.0097808837890625 -0.030487060546875 0.0272178649902344
0.0554733276367188 0.00321197509765625 0.0050811767578125 0.0321388244628906
0.0545158386230469 0.0157012939453125 0.0299072265625 0.0844955444335938
0.0418663024902344 0.0158309936523438 0.0557060241699219 -0.0122909545898437
0.043304443359375 0.0100784301757813 0.0862274169921875 0.0230026245117188
0.0514259338378906 -0.00182723999023438 0.088134765625 0.0174331665039063
0.0418815612792969 -0.0171737670898438 0.0820999145507813 -0.000465393066406251
0.0233001708984375 -0.0225906372070313 0.0527610778808594 -0.00844192504882813
0.0116062164306641 -0.0265731811523438 0.0355339050292969 -0.00102996826171875
0.005706787109375 -0.0235843658447266 0.0275859832763672 0.0180320739746094
0.00533676147460937 -0.0218715667724609 0.02801513671875 0.0383949279785156
0.00407600402832031 -0.0246009826660156 0.0260047912597656 0.0621261596679687
0.00384712219238281 -0.0231781005859375 0.000892639160156251 0.0785903930664063
0.0137195587158203 -0.0239105224609375 -0.0173721313476563 0.0729598999023437
0.0219287872314453 -0.0249443054199219 -0.0307044982910156 0.0475273132324219
0.0374603271484375 -0.008056640625 -0.0242595672607422 0.0249843597412109
0.0418243408203125 0.000732421875 0.0179977416992188 0.0288162231445313
0.038238525390625 0.00976943969726563 0.0460662841796875 0.089691162109375
0.0191097259521484 0.00077056884765625 0.0599937438964844 -0.0124778747558594
0.0251617431640625 -0.0006561279296875 0.084136962890625 0.0183639526367188
0.0293731689453125 -0.00906753540039062 0.079193115234375 0.0158843994140625
0.0192108154296875 -0.014984130859375 0.073028564453125 0.003936767578125
0.00504779815673828 -0.0101156234741211 0.0472564697265625 -0.002655029296875
0.00518560409545898 -0.0045166015625 0.0327129364013672 0.00623512268066406
0.0111446380615234 -0.00161933898925781 0.0255374908447266 0.0243034362792969
0.0115604400634766 -0.00123023986816406 0.0259780883789063 0.0414466857910156
0.0129795074462891 -0.00238990783691406 0.0232734680175781 0.0651016235351563
0.00813913345336914 -0.000909805297851563 -0.0010528564453125 0.07928466796875
0.0088958740234375 -0.00419998168945313 -0.0192718505859375 0.0718536376953125
0.0118751525878906 -0.00930309295654297 -0.030731201171875 0.0455970764160156
0.0208988189697266 -0.00106239318847656 -0.0233192443847656 0.0224704742431641
0.0196285247802734 0.00208282470703125 0.0223579406738281 0.0275955200195313
0.0140829086303711 0.00444412231445313 0.0539093017578125 0.0917129516601562
-0.00609111785888672 -0.0127487182617187 0.0566177368164063 -0.0215263366699219
0.00297737121582031 -0.0112342834472656 0.074951171875 0.00797271728515625
0.00123214721679687 -0.0175857543945313 0.0687446594238281 0.00930023193359375
-0.00882816314697266 -0.00980758666992187 0.0651016235351563 0.00380325317382813
-0.015110969543457 0.00565910339355469 0.0435791015625 -0.00365447998046875
-0.00335884094238281 0.0211772918701172 0.0304298400878906 0.00435638427734375
0.0140132904052734 0.0213336944580078 0.0223655700683594 0.0221233367919922
0.0166187286376953 0.0186271667480469 0.0206565856933594 0.039215087890625
0.0183429718017578 0.0184402465820313 0.0140914916992188 0.0618820190429688
0.0106105804443359 0.0192966461181641 -0.00904083251953125 0.0757293701171875
0.00254917144775391 0.0139904022216797 -0.0248298645019531 0.0664939880371094
0.00111103057861328 0.00523662567138672 -0.0348968505859375 0.0424270629882813
0.00228166580200195 0.00569391250610352 -0.0277061462402344 0.0197467803955078
-0.0056920051574707 0.0026397705078125 0.0159835815429688 0.0270233154296875
-0.0123081207275391 -0.00216770172119141 0.0523223876953125 0.0901565551757812
0.0534591674804688 0.0243797302246094 -0.04010009765625 -0.0814285278320313
0.0311813354492188 -0.00947380065917969 0.00278663635253907 -0.0322246551513672
0.0199127197265625 -0.0145359039306641 0.0418701171875 -0.0190925598144531
0.0133075714111328 -0.0231761932373047 0.0527572631835938 -0.0425071716308594
0.00372123718261719 -0.0289859771728516 0.0418701171875 -0.0562744140625
-0.0163917541503906 -0.0378837585449219 0.01666259765625 -0.070465087890625
-0.0302352905273437 -0.0354728698730469 -0.00677490234375 -0.0610733032226563
-0.0256996154785156 -0.0350818634033203 -0.0114517211914063 -0.0353279113769531
-0.0241355895996094 -0.0441818237304688 -0.0180568695068359 -0.011871337890625
-0.000732421875000001 -0.0472831726074219 -0.0326786041259766 0.00292015075683593
0.02545166015625 -0.033660888671875 -0.0476455688476562 0.0136260986328125
0.0350551605224609 -0.00948333740234375 -0.0578422546386719 0.00305938720703126
0.0283584594726562 0.0190544128417969 -0.0700798034667969 -0.00796508789062499
0.0269451141357422 0.0250606536865234 -0.0712051391601562 0.000968933105468742
0.0338859558105469 0.0337295532226562 -0.05328369140625 0.0288505554199219
0.071136474609375 0.0330352783203125 -0.0172882080078125 -0.0699043273925781
0.0498313903808594 -0.00256729125976563 0.0264377593994141 -0.0229339599609375
0.0387039184570312 -0.0118408203125 0.0587806701660156 -0.0144538879394531
0.0298309326171875 -0.0262489318847656 0.0683212280273438 -0.0375251770019531
0.0159111022949219 -0.0352821350097656 0.0535888671875 -0.0496940612792969
-0.00778961181640625 -0.0490913391113281 0.0295066833496094 -0.0604896545410156
-0.0260429382324219 -0.0492362976074219 0.00889968872070313 -0.048980712890625
-0.0233306884765625 -0.0476341247558594 0.00214385986328125 -0.0221405029296875
-0.0234184265136719 -0.0590629577636719 -0.0055384635925293 0.00487995147705078
0.00126266479492188 -0.0637435913085938 -0.0265769958496094 0.0212745666503906
0.0346641540527344 -0.0499076843261719 -0.0432510375976563 0.0306968688964844
0.0504341125488281 -0.0230751037597656 -0.0526351928710938 0.0165176391601563
0.0495872497558594 0.0184707641601563 -0.0597763061523437 0.00632858276367189
0.0488052368164063 0.0285224914550781 -0.052398681640625 0.0166702270507813
0.0526275634765625 0.0384483337402344 -0.0347747802734375 0.0478019714355469
0.078399658203125 0.0387344360351563 0.00876998901367188 -0.05401611328125
0.0623893737792969 0.0078887939453125 0.0518608093261719 -0.00933456420898437
0.0558738708496094 -0.0053863525390625 0.0776443481445312 -0.00519561767578125
0.0457077026367188 -0.0257453918457031 0.0835952758789063 -0.030364990234375
0.0279769897460938 -0.0369720458984375 0.0629425048828125 -0.0420608520507813
0.00400924682617187 -0.0548973083496094 0.0394401550292969 -0.0482559204101563
-0.0171012878417969 -0.0558624267578125 0.0204944610595703 -0.03271484375
-0.0174331665039063 -0.0535011291503906 0.0143957138061523 -0.00471782684326172
-0.0197181701660156 -0.0638427734375 0.00858306884765625 0.0239429473876953
0.00104522705078125 -0.0686111450195313 -0.0170097351074219 0.0427284240722656
0.0347175598144531 -0.0582656860351563 -0.0358047485351563 0.0499343872070312
0.0539283752441406 -0.0354576110839844 -0.0470962524414062 0.03094482421875
0.062530517578125 0.00953292846679688 -0.0493316650390625 0.0196914672851562
0.0627632141113281 0.02349853515625 -0.0303821563720703 0.0286102294921875
0.063690185546875 0.0365409851074219 -0.0110244750976562 0.0661659240722656
0.0751800537109375 0.0387191772460938 0.0326919555664063 -0.0359687805175781
0.0657119750976563 0.0174064636230469 0.07415771484375 0.0067901611328125
0.0674171447753906 0.00121688842773438 0.0922088623046875 0.00640869140625
0.05706787109375 -0.0225601196289063 0.0939178466796875 -0.0212478637695312
0.0366706848144531 -0.0364646911621094 0.0673599243164063 -0.0317420959472656
0.0133934020996094 -0.05401611328125 0.0446815490722656 -0.0327224731445313
-0.0069580078125 -0.05389404296875 0.0282001495361328 -0.0148754119873047
-0.00817108154296875 -0.0501327514648438 0.0250701904296875 0.0125808715820312
-0.0123939514160156 -0.0589141845703125 0.0215187072753906 0.0420646667480469
0.000854492187500005 -0.0617866516113281 -0.00560760498046875 0.061859130859375
0.029541015625 -0.0559043884277344 -0.0265655517578125 0.0659942626953125
0.0473899841308594 -0.0414619445800781 -0.0394744873046875 0.0430564880371094
0.0627250671386719 -0.00127029418945313 -0.0387306213378906 0.0280990600585938
0.0669822692871094 0.0145378112792969 -0.00912475585937499 0.0341339111328125
0.0643424987792969 0.0296058654785156 0.01434326171875 0.0807571411132813
0.0614356994628906 0.03314208984375 0.053375244140625 -0.0194587707519531
0.0582962036132813 0.0198402404785156 0.08941650390625 0.0200653076171875
0.0652122497558594 0.00563812255859375 0.0987472534179688 0.0146636962890625
0.0582008361816406 -0.0181808471679688 0.0959243774414063 -0.0103912353515625
0.0377655029296875 -0.0305938720703125 0.0658302307128906 -0.0201759338378906
0.0179710388183594 -0.0444145202636719 0.0445098876953125 -0.0164794921875
0.003448486328125 -0.0443077087402344 0.0324878692626953 0.00364494323730468
0.00123214721679688 -0.0395278930664063 0.0309619903564453 0.0277442932128906
-0.00200653076171875 -0.0452537536621094 0.0289115905761719 0.0559730529785156
0.0036773681640625 -0.0462112426757813 0.0033721923828125 0.0761642456054688
0.0236015319824219 -0.0434112548828125 -0.0183563232421875 0.075164794921875
0.0367698669433594 -0.0360031127929688 -0.0324172973632813 0.0495491027832031
0.0543479919433594 -0.00595855712890625 -0.0291385650634766 0.0305900573730469
0.0584335327148438 0.00753021240234375 0.00927925109863282 0.0337944030761719
0.0553627014160156 0.0215568542480469 0.036590576171875 0.090667724609375
0.0397682189941406 0.0205039978027344 0.063873291015625 -0.00941085815429688
0.0417594909667969 0.0155143737792969 0.0956268310546875 0.0261306762695313
0.0520133972167969 0.00379180908203125 0.0969161987304688 0.0186309814453125
0.0450172424316406 -0.0138893127441406 0.0901870727539063 -0.00200653076171875
0.0276069641113281 -0.0201606750488281 0.0591659545898438 -0.00971603393554688
0.0166034698486328 -0.0267238616943359 0.0399131774902344 -0.00217819213867188
0.0115432739257812 -0.0253734588623047 0.0321083068847656 0.0187435150146484
0.0108356475830078 -0.0220890045166016 0.0325508117675781 0.0384101867675781
0.0104351043701172 -0.0250110626220703 0.0319252014160156 0.0644798278808594
0.00934028625488281 -0.0235786437988281 0.00686645507812501 0.0825347900390625
0.0188236236572266 -0.0222740173339844 -0.0144195556640625 0.0779647827148437
0.0262584686279297 -0.0224151611328125 -0.0287666320800781 0.0502166748046875
0.0386238098144531 -0.0027618408203125 -0.0234241485595703 0.0283584594726563
0.0400962829589844 0.0059814453125 0.0219898223876953 0.0322761535644531
0.0353202819824219 0.0151748657226563 0.0536117553710937 0.0976638793945313
0.01361083984375 0.00388717651367187 0.0668983459472656 -0.00850296020507812
0.0209903717041016 0.00441932678222656 0.092987060546875 0.0230026245117188
0.0264530181884766 -0.00444793701171875 0.0875015258789063 0.0173721313476563
0.0192394256591797 -0.0095977783203125 0.0795211791992188 0.0027618408203125
0.00820112228393555 -0.00487804412841797 0.0507164001464844 -0.00455093383789063
0.00959968566894531 -0.001922607421875 0.035186767578125 0.00553131103515625
0.0176811218261719 -0.00216484069824219 0.0287685394287109 0.0250110626220703
0.0184097290039063 -0.00107955932617188 0.0281333923339844 0.0439643859863281
0.0205764770507813 -0.00234794616699219 0.026031494140625 0.0674171447753906
0.0161170959472656 0.00072479248046875 0.00244903564453126 0.0830841064453125
0.0142135620117188 0.00035858154296875 -0.0165023803710937 0.0752944946289063
0.0141801834106445 -0.00363636016845703 -0.0298995971679688 0.0487518310546875
0.0194473266601563 0.00465583801269531 -0.0225200653076172 0.0255165100097656
0.0147438049316406 0.00744247436523438 0.0249576568603516 0.0307788848876953
0.0083918571472168 0.00761985778808594 0.0600433349609375 0.101242065429688
-0.0137844085693359 -0.0129022598266602 0.06097412109375 -0.0174446105957031
-0.00397777557373047 -0.00934028625488281 0.0821151733398438 0.012054443359375
-0.00378894805908203 -0.0137968063354492 0.0760574340820313 0.0110626220703125
-0.0107288360595703 -0.00445556640625 0.070465087890625 0.00203704833984375
-0.0138082504272461 0.0113840103149414 0.0455169677734375 -0.00562286376953125
0.00238990783691406 0.0257606506347656 0.0301704406738281 0.00347709655761719
0.0214748382568359 0.0224323272705078 0.0221633911132813 0.0224952697753906
0.0233955383300781 0.0201339721679688 0.0199356079101563 0.0420379638671875
0.0268707275390625 0.0198211669921875 0.01446533203125 0.0652427673339844
0.0177898406982422 0.0223579406738281 -0.00786590576171875 0.0785751342773438
0.00720024108886719 0.0188674926757813 -0.0254287719726563 0.069793701171875
0.00201225280761719 0.0114049911499023 -0.0355377197265625 0.0455245971679687
-0.0001678466796875 0.0116682052612305 -0.0298423767089844 0.0233974456787109
-0.0128822326660156 0.00880813598632813 0.0165443420410156 0.0315494537353516
-0.0202655792236328 0.000484466552734372 0.0546493530273438 0.0997467041015625
0.0659103393554688 0.0212593078613281 -0.0435638427734375 -0.0916595458984375
0.0372047424316406 -0.0172805786132813 0.00202178955078126 -0.03924560546875
0.0210437774658203 -0.0230045318603516 0.0425987243652344 -0.0233345031738281
0.0105113983154297 -0.0311908721923828 0.0545196533203125 -0.0457687377929687
-0.00204658508300781 -0.0348224639892578 0.0437507629394531 -0.0605812072753906
-0.0258750915527344 -0.0404090881347656 0.0174713134765625 -0.0749053955078125
-0.0396347045898438 -0.0358810424804687 -0.00582504272460938 -0.0649642944335938
-0.0348587036132813 -0.0355720520019531 -0.0100173950195313 -0.0382156372070313
-0.0340309143066406 -0.0455741882324219 -0.0150794982910156 -0.0130643844604492
-0.00831222534179688 -0.0527610778808594 -0.0313091278076172 0.004364013671875
0.0228958129882813 -0.0426788330078125 -0.0466537475585938 0.0174713134765625
0.0374298095703125 -0.0185966491699219 -0.0598640441894531 0.00584030151367189
0.0371360778808594 0.0146865844726563 -0.075531005859375 -0.006500244140625
0.0381660461425781 0.0230751037597656 -0.0776748657226563 0.000335693359375014
0.0457000732421875 0.0348587036132813 -0.0557289123535156 0.0276069641113281
0.0821685791015625 0.0321044921875 -0.0152664184570312 -0.0796966552734375
0.0560989379882813 -0.00822067260742188 0.0295295715332031 -0.0310249328613281
0.0407447814941406 -0.0188446044921875 0.0635299682617188 -0.0191650390625
0.0277385711669922 -0.0329189300537109 0.0724411010742187 -0.0424041748046875
0.0116081237792969 -0.0399208068847656 0.0579071044921875 -0.0540428161621094
-0.0147285461425781 -0.0524520874023438 0.0331268310546875 -0.0657501220703125
-0.0340499877929687 -0.0499153137207031 0.0122108459472656 -0.0536384582519531
-0.0308074951171875 -0.0499801635742188 0.00637245178222656 -0.0255661010742188
-0.0315437316894531 -0.0618515014648437 2.55107879638653E-05 0.00315642356872558
-0.00498199462890626 -0.06988525390625 -0.0215835571289063 0.0235424041748047
0.0338592529296875 -0.0590934753417969 -0.0397529602050781 0.0349197387695312
0.0548973083496094 -0.031524658203125 -0.0528373718261719 0.0200653076171875
0.0608253479003906 0.0152511596679688 -0.0624504089355469 0.00944137573242189
0.0613288879394531 0.0283241271972656 -0.0549087524414063 0.0169486999511719
0.0649833679199219 0.0411415100097656 -0.0327339172363281 0.0483512878417969
0.08843994140625 0.0407943725585938 0.0143547058105469 -0.0619316101074219
0.0682830810546875 0.00525665283203125 0.05902099609375 -0.0158004760742188
0.0592498779296875 -0.00925064086914063 0.084625244140625 -0.00969696044921875
0.0461959838867188 -0.0302734375 0.0898971557617187 -0.0352859497070312
0.0269088745117187 -0.0410308837890625 0.0699043273925781 -0.047119140625
-0.000537872314453127 -0.0583839416503906 0.0451240539550781 -0.0544548034667969
-0.0221366882324219 -0.0579032897949219 0.0260353088378906 -0.0383224487304688
-0.0216331481933594 -0.0560264587402344 0.0214042663574219 -0.00854301452636719
-0.0248298645019531 -0.0677490234375 0.0166015625 0.0222053527832031
-0.0035400390625 -0.0752944946289062 -0.00941085815429688 0.0449485778808594
0.0353050231933594 -0.0668411254882813 -0.0301666259765625 0.0543174743652344
0.0586929321289063 -0.042724609375 -0.0445404052734375 0.0350189208984375
0.0724563598632812 0.007659912109375 -0.0493545532226562 0.02325439453125
0.0740203857421875 0.0245285034179688 -0.0295829772949219 0.0290946960449219
0.0745849609375 0.0403823852539062 -0.00481796264648438 0.0681190490722656
0.0819625854492187 0.0433120727539062 0.0416526794433594 -0.0420036315917969
0.0703659057617187 0.0184173583984375 0.083526611328125 0.0013885498046875
0.0706558227539063 0.000946044921875 0.101325988769531 0.00150299072265625
0.0605430603027344 -0.0251274108886719 0.10321044921875 -0.0262908935546875
0.0384521484375 -0.0388908386230469 0.0740203857421875 -0.037322998046875
0.0121841430664062 -0.0572853088378906 0.0505294799804688 -0.038818359375
-0.00815582275390626 -0.0574455261230469 0.0355682373046875 -0.0192375183105469
-0.00946807861328125 -0.0538406372070313 0.0322723388671875 0.00925254821777344
-0.014251708984375 -0.0633621215820313 0.0312652587890625 0.0404891967773438
-0.00034332275390625 -0.0676612854003906 0.00378036499023437 0.0644111633300781
0.0319938659667969 -0.0619621276855469 -0.0190658569335938 0.0699882507324219
0.0520477294921875 -0.0460357666015625 -0.0356521606445312 0.0474929809570313
0.0717620849609375 -0.00146484375 -0.0363502502441406 0.0317420959472656
0.0754318237304688 0.01654052734375 -0.00471878051757812 0.0351982116699219
0.07269287109375 0.0347518920898438 0.0246658325195313 0.084686279296875
0.06402587890625 0.0388755798339844 0.0634231567382812 -0.0228195190429687
0.061065673828125 0.0248947143554687 0.101387023925781 0.0171966552734375
0.0701332092285156 0.00892257690429688 0.109748840332031 0.0116043090820313
0.06280517578125 -0.0174331665039063 0.106086730957031 -0.0158920288085938
0.0412101745605469 -0.0313262939453125 0.0728683471679688 -0.0249099731445313
0.0214691162109375 -0.0473251342773438 0.0506248474121094 -0.0214309692382813
0.00575637817382812 -0.0474472045898438 0.0398902893066406 -6.86645507812529E-05
0.00407791137695313 -0.0431442260742187 0.0388717651367188 0.0253944396972656
0.000320434570312502 -0.0498504638671875 0.039337158203125 0.0554580688476563
0.00640869140625 -0.0491142272949219 0.012969970703125 0.078369140625
0.0276260375976562 -0.0453948974609375 -0.00983428955078125 0.0792160034179688
0.0417251586914063 -0.037261962890625 -0.0281639099121094 0.0540504455566406
0.0598602294921875 -0.00399017333984375 -0.0255813598632813 0.03424072265625
0.0626182556152344 0.0118484497070313 0.0154609680175781 0.0358963012695313
0.0587272644042969 0.0275764465332031 0.0494461059570313 0.0964431762695313
0.0382232666015625 0.0254669189453125 0.0748367309570313 -0.0098876953125
0.0424690246582031 0.0215377807617188 0.108818054199219 0.0254898071289063
0.0537528991699219 0.00879669189453125 0.107192993164062 0.01641845703125
0.0492095947265625 -0.0102615356445313 0.0994186401367188 -0.0067291259765625
0.0324363708496094 -0.0177516937255859 0.0644340515136719 -0.0140609741210938
0.0224838256835937 -0.0273494720458984 0.0451736450195313 -0.00661087036132813
0.0170154571533203 -0.0283927917480469 0.038330078125 0.0163383483886719
0.0166549682617188 -0.0249710083007813 0.0385932922363281 0.0381050109863281
0.0154342651367187 -0.0286884307861328 0.0402641296386719 0.0646133422851562
0.0157928466796875 -0.0248298645019531 0.0155410766601563 0.0852890014648438
0.0242767333984375 -0.0215969085693359 -0.00701141357421874 0.08203125
0.0302524566650391 -0.0197620391845703 -0.0244636535644531 0.0549125671386719
0.0410194396972656 0.00226593017578125 -0.0194225311279297 0.0319499969482422
0.0401840209960938 0.0123329162597656 0.0290126800537109 0.0338592529296875
0.0343284606933594 0.0208511352539063 0.065826416015625 0.104820251464844
0.00801277160644531 0.00802135467529297 0.0755691528320313 -0.0073699951171875
0.0170574188232422 0.00983333587646484 0.104385375976562 0.024444580078125
0.0253086090087891 0.0021209716796875 0.09735107421875 0.0156478881835938
0.022308349609375 -0.00418853759765625 0.087677001953125 -0.0011749267578125
0.0124073028564453 -0.000776290893554687 0.0545845031738281 -0.00785446166992188
0.0173273086547852 -0.00057220458984375 0.0375823974609375 0.00293731689453125
0.0254898071289063 -0.00356483459472656 0.0317573547363281 0.0253353118896484
0.0268669128417969 -0.00320053100585938 0.0323066711425781 0.0443191528320313
0.0288867950439453 -0.00460624694824219 0.0317802429199219 0.0689239501953125
0.0239086151123047 0.000476837158203125 0.00891876220703126 0.0858535766601562
0.0209121704101563 0.00415611267089844 -0.0118179321289062 0.0789413452148438
0.0188064575195313 0.00165557861328125 -0.0266876220703125 0.052978515625
0.0187091827392578 0.0122814178466797 -0.0210666656494141 0.0296421051025391
0.0115289688110352 0.0155658721923828 0.0304336547851563 0.0344657897949219
0.00270938873291016 0.013941764831543 0.0705947875976563 0.109390258789063
-0.022796630859375 -0.0101051330566406 0.0664024353027344 -0.0145988464355469
-0.0106735229492188 -0.00519752502441406 0.0904159545898438 0.0141220092773438
-0.00911998748779297 -0.00709438323974609 0.0840682983398438 0.0093841552734375
-0.0115489959716797 0.00326824188232422 0.076446533203125 -0.0023956298828125
-0.0107326507568359 0.0184116363525391 0.0464744567871094 -0.00890350341796875
0.0102767944335937 0.0296916961669922 0.0299854278564453 0.00236320495605469
0.0305519104003906 0.0220851898193359 0.0226631164550781 0.02459716796875
0.0331535339355469 0.0189399719238281 0.0205650329589844 0.0438919067382813
0.0376052856445313 0.0185661315917969 0.0170745849609375 0.0680007934570313
0.0273513793945313 0.0235252380371094 -0.00450134277343749 0.0821151733398438
0.0146846771240234 0.0250568389892578 -0.0226974487304688 0.07257080078125
0.00677680969238281 0.0189838409423828 -0.0349845886230469 0.0502166748046875
-0.00236892700195312 0.0201320648193359 -0.0296840667724609 0.0281944274902344
-0.0196590423583984 0.0172328948974609 0.0191841125488281 0.0363845825195313
-0.0290813446044922 0.00459671020507812 0.06280517578125 0.109748840332031
0.0783843994140625 0.0132675170898438 -0.0502853393554688 -0.100212097167969
0.0415687561035156 -0.0275535583496094 -0.000980377197265618 -0.0455398559570313
0.0198936462402344 -0.0322303771972656 0.0429916381835938 -0.0293350219726563
0.00366592407226562 -0.0386734008789063 0.0544471740722656 -0.0508155822753906
-0.0105133056640625 -0.0384483337402344 0.0439796447753906 -0.0644149780273438
-0.0386085510253906 -0.0392265319824219 0.016571044921875 -0.0795059204101563
-0.0499992370605469 -0.0318107604980469 -0.00695419311523438 -0.0673027038574219
-0.0435867309570312 -0.0332565307617188 -0.0086212158203125 -0.0420913696289063
-0.0452194213867188 -0.043487548828125 -0.0122623443603516 -0.0154867172241211
-0.0190391540527344 -0.0559921264648438 -0.0287437438964844 0.00567436218261718
0.0164260864257812 -0.0509300231933594 -0.0440483093261719 0.0212478637695313
0.0378952026367188 -0.0296134948730469 -0.0619659423828125 0.00937271118164061
0.0449905395507813 0.00732421875 -0.0805206298828125 -0.00196838378906248
0.0495872497558594 0.0170402526855469 -0.0836105346679688 0.00175476074218749
0.0600166320800781 0.0316963195800781 -0.0572662353515625 0.0276145935058594
0.0952224731445313 0.0262603759765625 -0.0171127319335937 -0.0904006958007813
0.0610389709472656 -0.0166816711425781 0.0312118530273438 -0.0399894714355469
0.0412101745605469 -0.0265464782714844 0.0650978088378906 -0.0261726379394531
0.0236701965332031 -0.0404548645019531 0.0750656127929687 -0.0486297607421875
0.00529479980468751 -0.0430908203125 0.0598640441894531 -0.0603485107421875
-0.0244293212890625 -0.0515937805175781 0.0361557006835938 -0.0722122192382812
-0.0421943664550781 -0.0476570129394531 0.0147209167480469 -0.059112548828125
-0.0389289855957031 -0.0489692687988281 0.00980567932128906 -0.0308303833007813
-0.041168212890625 -0.0616455078125 0.00663471221923828 -0.00186824798583985
-0.0136489868164063 -0.0739288330078125 -0.0153026580810547 0.0241851806640625
0.02850341796875 -0.0684776306152344 -0.0344657897949219 0.0383262634277344
0.0560836791992187 -0.0421257019042969 -0.0507354736328125 0.0240478515625
0.0700607299804688 0.008392333984375 -0.0643882751464844 0.0138816833496094
0.07440185546875 0.0238113403320313 -0.0560951232910156 0.0171890258789062
0.0792236328125 0.0407257080078125 -0.0290985107421875 0.046661376953125
0.0992584228515625 0.0384902954101563 0.018646240234375 -0.0730972290039063
0.0736541748046875 0.001556396484375 0.0639495849609375 -0.0254974365234375
0.0619125366210938 -0.0155372619628906 0.0905303955078125 -0.0175628662109375
0.0445327758789063 -0.0359001159667969 0.0956039428710938 -0.0423583984375
0.0232048034667969 -0.0462799072265625 0.073638916015625 -0.0551910400390625
-0.00722503662109375 -0.0592079162597656 0.0497169494628906 -0.062347412109375
-0.0281753540039063 -0.0581283569335937 0.0312995910644531 -0.045501708984375
-0.0275115966796875 -0.0569343566894531 0.0277080535888672 -0.0152378082275391
-0.0321540832519531 -0.0695991516113281 0.0242519378662109 0.0176849365234375
-0.0102310180664062 -0.0801773071289063 2.090263797828E-18 0.0443687438964844
0.0332183837890625 -0.074676513671875 -0.0216102600097656 0.0572738647460938
0.0613136291503906 -0.0523796081542969 -0.0397300720214844 0.0384025573730469
0.082183837890625 0.0019989013671875 -0.0472259521484375 0.0264015197753906
0.0866851806640625 0.0211029052734375 -0.0271625518798828 0.0295200347900391
0.0863876342773437 0.0411529541015625 0.00367355346679688 0.0678558349609375
0.0905075073242188 0.04376220703125 0.0497398376464844 -0.0519676208496094
0.07550048828125 0.0173416137695313 0.0928192138671875 -0.00858306884765625
0.0753250122070313 -6.866455078125E-05 0.109184265136719 -0.00641632080078125
0.0628242492675781 -0.0285491943359375 0.108810424804688 -0.0346908569335938
0.039703369140625 -0.0415267944335938 0.080596923828125 -0.045074462890625
0.0102691650390625 -0.0596122741699219 0.0559234619140625 -0.0466346740722656
-0.0108184814453125 -0.0598983764648437 0.0428428649902344 -0.0268936157226563
-0.0123786926269531 -0.0570259094238281 0.0397109985351563 0.0032196044921875
-0.0180244445800781 -0.0663681030273438 0.0415153503417969 0.0354537963867187
-0.00415802001953125 -0.0723495483398437 0.0152816772460937 0.0640144348144531
0.0329704284667969 -0.0692367553710938 -0.00862884521484375 0.073638916015625
0.0563507080078125 -0.0532112121582031 -0.0296592712402344 0.0513992309570313
0.0799026489257813 -0.005035400390625 -0.0319652557373047 0.0346546173095703
0.0847549438476563 0.015899658203125 0.00171852111816407 0.0343799591064453
0.0813140869140625 0.037017822265625 0.0371322631835938 0.0841293334960938
0.0689697265625 0.0429649353027344 0.0733642578125 -0.030517578125
0.0647315979003906 0.0281906127929688 0.113624572753906 0.00824737548828125
0.0750198364257813 0.0108261108398438 0.11920166015625 0.0046539306640625
0.0673713684082031 -0.0183181762695312 0.114028930664063 -0.0253982543945313
0.0453147888183594 -0.0316581726074219 0.0775833129882813 -0.03271484375
0.0236320495605469 -0.0502166748046875 0.0547637939453125 -0.028961181640625
0.00673294067382813 -0.0518684387207031 0.0463447570800781 -0.00602340698242188
0.00587081909179687 -0.0472488403320312 0.0459518432617188 0.0193099975585937
0.00124359130859375 -0.0537986755371094 0.0496940612792969 0.0499992370605469
0.00829315185546874 -0.0536460876464844 0.0248947143554687 0.0771255493164063
0.0310325622558594 -0.0494194030761719 0.000961303710937509 0.0803451538085937
0.0464668273925781 -0.0402259826660156 -0.0200576782226563 0.0563163757324219
0.0658340454101563 -0.00371170043945312 -0.0197792053222656 0.0366630554199219
0.0679359436035156 0.0147590637207031 0.0233097076416016 0.0348377227783203
0.06317138671875 0.0315780639648438 0.0643234252929688 0.0974960327148438
0.0380439758300781 0.0329704284667969 0.0863876342773438 -0.01397705078125
0.0434226989746094 0.0277862548828125 0.121002197265625 0.0198593139648437
0.0564117431640625 0.0148544311523438 0.118705749511719 0.010986328125
0.055877685546875 -0.00799942016601563 0.107376098632813 -0.0142822265625
0.03851318359375 -0.0174331665039063 0.0684661865234375 -0.0201301574707031
0.0292682647705078 -0.0299263000488281 0.0488815307617188 -0.0108566284179688
0.0221042633056641 -0.0336894989013672 0.0435409545898438 0.0118865966796875
0.0219154357910156 -0.0294990539550781 0.0455093383789063 0.0342025756835938
0.0209770202636719 -0.0347270965576172 0.0496673583984375 0.0614852905273437
0.0212020874023438 -0.0288295745849609 0.0261688232421875 0.0837326049804687
0.0316181182861328 -0.0218734741210938 0.00252532958984376 0.0824203491210938
0.0358123779296875 -0.0178642272949219 -0.0176963806152344 0.0580215454101563
0.0451927185058594 0.00784683227539062 -0.0130558013916016 0.0340614318847656
0.0412406921386719 0.0178604125976562 0.03692626953125 0.034454345703125
0.0331497192382812 0.0273323059082031 0.08148193359375 0.106880187988281
0.002838134765625 0.0151901245117188 0.084930419921875 -0.00812530517578125
0.0143909454345703 0.0177249908447266 0.116020202636719 0.0216064453125
0.0242538452148438 0.00998878479003906 0.10638427734375 0.0104522705078125
0.0269260406494141 0.00171852111816406 0.0945816040039062 -0.00823974609375
0.0193710327148438 0.00306892395019531 0.0569992065429687 -0.0125579833984375
0.0270767211914062 -0.0008087158203125 0.0397605895996094 -0.00113677978515625
0.0337715148925781 -0.00831222534179688 0.0360908508300781 0.0237770080566406
0.0358734130859375 -0.00790786743164063 0.0372505187988281 0.0431022644042969
0.0383987426757812 -0.00979232788085937 0.0392646789550781 0.0673904418945313
0.0338993072509766 -0.00206375122070313 0.0171127319335938 0.08642578125
0.0306053161621094 0.00570106506347656 -0.00483703613281249 0.0803146362304688
0.025726318359375 0.00738716125488281 -0.0208740234375 0.0562286376953125
0.0204486846923828 0.0209312438964844 -0.0165252685546875 0.0331802368164063
0.00829315185546875 0.0249195098876953 0.0373649597167969 0.0357208251953125
-0.000930786132812499 0.0215530395507813 0.0851821899414063 0.113494873046875
-0.0315170288085938 -0.00391387939453125 0.0731887817382812 -0.0128707885742187
-0.0183391571044922 0.0019073486328125 0.100013732910156 0.0119400024414063
-0.0126667022705078 0.00135993957519531 0.0916366577148438 0.00383758544921875
-0.0104274749755859 0.0120754241943359 0.08013916015625 -0.00913238525390625
-0.00450706481933594 0.0246410369873047 0.0472373962402344 -0.0130691528320312
0.0202388763427734 0.0313777923583984 0.0288200378417969 0.00122451782226563
0.0409355163574219 0.01934814453125 0.0237522125244141 0.0257987976074219
0.04351806640625 0.0152206420898437 0.0220870971679688 0.04498291015625
0.0484466552734375 0.0137214660644531 0.0211906433105469 0.0689773559570313
0.0387077331542969 0.0212974548339844 -0.000541687011718746 0.0831832885742188
0.0248508453369141 0.0281105041503906 -0.0195999145507813 0.0747146606445312
0.0133514404296875 0.025543212890625 -0.0316848754882813 0.0542755126953125
-0.00115966796875 0.0302677154541016 -0.0272121429443359 0.0326824188232422
-0.0235557556152344 0.0290813446044922 0.0231781005859375 0.04119873046875
-0.0372428894042969 0.0137519836425781 0.07415771484375 0.115921020507813
0.0863800048828125 0.00016021728515625 -0.0565185546875 -0.108413696289063
0.0399398803710938 -0.0384483337402344 -0.00609207153320312 -0.0511131286621094
0.0173912048339844 -0.0420036315917969 0.0405693054199219 -0.0315132141113281
-0.003448486328125 -0.0443496704101563 0.05255126953125 -0.0546989440917969
-0.0191574096679688 -0.0398521423339844 0.0414657592773438 -0.0686683654785156
-0.0477027893066406 -0.0334053039550781 0.0156478881835938 -0.0849380493164063
-0.0583000183105469 -0.0241737365722656 -0.00756454467773439 -0.0702590942382813
-0.0541839599609375 -0.0273399353027344 -0.009552001953125 -0.0451240539550781
-0.0564498901367188 -0.0387725830078125 -0.0109100341796875 -0.0201816558837891
-0.0316925048828125 -0.0555496215820313 -0.0246791839599609 0.00533676147460938
0.00817871093750001 -0.0584030151367188 -0.0394058227539063 0.0215415954589844
0.0325393676757813 -0.0373001098632813 -0.0616111755371094 0.01470947265625
0.0499763488769531 -0.00529861450195313 -0.0822601318359375 0.00343322753906248
0.0588607788085938 0.00609970092773438 -0.08770751953125 0.00465393066406251
0.0723342895507813 0.0224990844726563 -0.0590286254882813 0.0255622863769531
0.103851318359375 0.0184249877929688 -0.0184173583984375 -0.099700927734375
0.0620841979980469 -0.0268745422363281 0.0302619934082031 -0.0490455627441406
0.0398101806640625 -0.0356826782226563 0.0650672912597656 -0.0326728820800781
0.0170364379882813 -0.045654296875 0.0744400024414063 -0.0554733276367188
-0.00290679931640625 -0.0456657409667969 0.0612030029296875 -0.0668563842773438
-0.0345306396484375 -0.0508346557617188 0.0366363525390625 -0.0791549682617188
-0.050384521484375 -0.042816162109375 0.0158538818359375 -0.0653724670410156
-0.0462455749511719 -0.0458946228027344 0.0125007629394531 -0.0370979309082031
-0.0512046813964844 -0.0577201843261719 0.0105381011962891 -0.00911903381347657
-0.0251388549804688 -0.0734329223632813 -0.00749015808105469 0.0205135345458984
0.02178955078125 -0.0758514404296875 -0.0251350402832031 0.040130615234375
0.053985595703125 -0.0535011291503906 -0.0470657348632813 0.0244827270507813
0.0773696899414063 -0.0021514892578125 -0.0613861083984375 0.0167465209960937
0.0844192504882813 0.0154037475585938 -0.0567169189453125 0.0174903869628906
0.0912704467773438 0.0359725952148438 -0.0273056030273437 0.0450630187988281
0.108345031738281 0.0350799560546875 0.0193252563476563 -0.0858230590820313
0.0761260986328125 -0.005218505859375 0.0675926208496094 -0.0392494201660156
0.0609703063964844 -0.0184135437011719 0.0914688110351563 -0.0240478515625
0.0424461364746094 -0.0396766662597656 0.098785400390625 -0.052398681640625
0.0184364318847656 -0.0475692749023438 0.07525634765625 -0.0609817504882813
-0.0137367248535156 -0.0577888488769531 0.0514984130859375 -0.0704345703125
-0.0340385437011719 -0.055450439453125 0.0334739685058594 -0.0537147521972656
-0.0330696105957031 -0.0566978454589844 0.0293636322021484 -0.0217838287353516
-0.0391311645507813 -0.068267822265625 0.0308265686035156 0.0109310150146484
-0.0167999267578125 -0.0828094482421875 0.00885391235351563 0.0404243469238281
0.028961181640625 -0.0814666748046875 -0.0127754211425781 0.0555801391601562
0.0591812133789063 -0.0635147094726563 -0.0329246520996094 0.0406532287597656
0.089019775390625 -0.0057220458984375 -0.0410003662109375 0.029815673828125
0.097442626953125 0.0148849487304688 -0.0236129760742187 0.0286750793457031
0.0982818603515625 0.039154052734375 0.0137557983398438 0.063262939453125
0.0990219116210938 0.0432586669921875 0.05401611328125 -0.0637664794921875
0.0788116455078125 0.017364501953125 0.0987777709960938 -0.0218582153320313
0.0783920288085938 -0.0042266845703125 0.111991882324219 -0.01544189453125
0.0633087158203125 -0.0303153991699219 0.113807678222656 -0.0466384887695313
0.0351600646972656 -0.0434989929199219 0.0824737548828125 -0.0519332885742187
0.00717163085937501 -0.0597724914550781 0.0589065551757813 -0.0563926696777344
-0.0147132873535156 -0.0607337951660156 0.0458259582519531 -0.0355682373046875
-0.014892578125 -0.0568275451660156 0.0459823608398437 -0.00673675537109375
-0.0204734802246094 -0.0684089660644531 0.0515403747558594 0.0258865356445312
-0.0078582763671875 -0.0742950439453125 0.0259742736816406 0.0581207275390625
0.0312271118164062 -0.076385498046875 0.00230026245117188 0.0680351257324219
0.0576133728027344 -0.0617599487304688 -0.0210456848144531 0.04962158203125
0.0864181518554688 -0.00732421875 -0.0253047943115234 0.0351409912109375
0.0953445434570313 0.01556396484375 0.00943756103515625 0.0299243927001953
0.0924835205078125 0.0380401611328125 0.0487136840820313 0.079833984375
0.0734481811523437 0.047149658203125 0.0836029052734375 -0.039947509765625
0.0696258544921875 0.0305366516113281 0.122596740722656 -0.000152587890624998
0.079010009765625 0.0132904052734375 0.126579284667969 -0.004486083984375
0.0712661743164063 -0.0196151733398438 0.119461059570312 -0.0342254638671875
0.0469322204589844 -0.0322303771972656 0.0800094604492188 -0.0394363403320313
0.0254631042480469 -0.0536575317382813 0.0594635009765625 -0.0386734008789063
0.00673294067382813 -0.0569076538085938 0.0500640869140625 -0.0159339904785156
0.00615692138671875 -0.0509490966796875 0.0518341064453125 0.0107269287109375
0.000541687011718744 -0.0593948364257813 0.0567169189453125 0.0430870056152344
0.00785446166992187 -0.0577964782714844 0.0353851318359375 0.0718917846679688
0.0328445434570313 -0.0545997619628906 0.01104736328125 0.0759658813476563
0.0518302917480469 -0.04248046875 -0.0107650756835937 0.0539512634277344
0.0699920654296875 -0.00234603881835938 -0.0125999450683594 0.0378837585449219
0.0751571655273438 0.0178375244140625 0.0323581695556641 0.0333576202392578
0.0683326721191406 0.0380363464355469 0.0787506103515625 0.093048095703125
0.0402488708496094 0.0394706726074219 0.097320556640625 -0.0208206176757812
0.045379638671875 0.0339088439941406 0.129501342773438 0.0121612548828125
0.0592727661132813 0.0197944641113281 0.124519348144531 0.0030059814453125
0.0618247985839844 -0.00707244873046875 0.112411499023438 -0.0229644775390625
0.0443077087402344 -0.0181121826171875 0.0708999633789063 -0.02655029296875
0.0340976715087891 -0.0335445404052734 0.0500221252441406 -0.015594482421875
0.0261726379394531 -0.0404205322265625 0.047210693359375 0.00686264038085937
0.0266265869140625 -0.0356559753417969 0.0506515502929688 0.0288047790527344
0.0268402099609375 -0.0399436950683594 0.05609130859375 0.0535621643066406
0.0264625549316406 -0.0333232879638672 0.0365219116210938 0.0792617797851563
0.0388946533203125 -0.0248756408691406 0.0111312866210937 0.07818603515625
0.0443458557128906 -0.0171241760253906 -0.0080718994140625 0.0575828552246094
0.0513954162597656 0.0148124694824219 -0.00672531127929687 0.0359077453613281
0.0454597473144531 0.0269813537597656 0.0445785522460938 0.0316658020019531
0.0364723205566406 0.0368614196777344 0.0945816040039063 0.105339050292969
-0.000391006469726561 0.0215339660644531 0.0946502685546875 -0.01177978515625
0.0141677856445313 0.0261611938476562 0.123619079589844 0.0167312622070313
0.0278091430664063 0.0179557800292969 0.113716125488281 0.0037384033203125
0.0319919586181641 0.00613212585449219 0.0979766845703125 -0.0184326171875
0.0277538299560547 0.00433731079101563 0.0550765991210938 -0.0165176391601563
0.0365943908691406 -0.0040435791015625 0.0406455993652344 -0.00173187255859375
0.0396156311035156 -0.0163917541503906 0.0392799377441406 0.0223808288574219
0.0427780151367188 -0.0149116516113281 0.0422248840332031 0.0386848449707031
0.0469627380371094 -0.0195045471191406 0.0435791015625 0.0637893676757813
0.0429916381835937 -0.00754547119140625 0.0224990844726563 0.083770751953125
0.0397987365722656 0.00473403930664063 0.000358581542968746 0.0775604248046875
0.0352287292480469 0.00961685180664063 -0.01287841796875 0.0571098327636719
0.0272636413574219 0.0315513610839844 -0.00844383239746094 0.0351066589355469
0.00975799560546875 0.0375938415527344 0.0456314086914063 0.036285400390625
-0.00212860107421875 0.0323143005371094 0.098541259765625 0.113609313964844
-0.0407371520996094 0.00447845458984375 0.081451416015625 -0.0152053833007813
-0.0213451385498047 0.0110092163085938 0.108474731445312 0.0100936889648438
-0.0135955810546875 0.0130634307861328 0.0981216430664063 -0.0024871826171875
-0.00369453430175781 0.0206203460693359 0.082489013671875 -0.0156784057617188
0.00392723083496094 0.0294189453125 0.0446395874023438 -0.0158195495605469
0.0318088531494141 0.0279026031494141 0.0281620025634766 0.000860214233398439
0.0499382019042969 0.0114173889160156 0.0251216888427734 0.0273666381835937
0.05096435546875 0.0082550048828125 0.0233306884765625 0.046234130859375
0.0563392639160156 0.00368118286132813 0.0252761840820313 0.070343017578125
0.0499725341796875 0.0157051086425781 0.00611114501953125 0.0822219848632813
0.0367050170898438 0.0270729064941406 -0.0162277221679688 0.075469970703125
0.0209617614746094 0.0316524505615234 -0.0281562805175781 0.0562477111816406
0.00246047973632813 0.0396614074707031 -0.0226116180419922 0.0348224639892578
-0.0254364013671875 0.0404205322265625 0.0285415649414063 0.0444984436035156
-0.04345703125 0.0261268615722656 0.0863800048828125 0.1180419921875
0.0948715209960938 -0.0107650756835938 -0.0654373168945312 -0.115455627441406
0.0391616821289063 -0.0515708923339844 -0.0108184814453125 -0.0580291748046875
0.00907135009765625 -0.0514144897460938 0.0376319885253906 -0.0348777770996094
-0.014892578125 -0.0487480163574219 0.0520401000976563 -0.0561180114746094
-0.0289230346679688 -0.0377159118652344 0.0439109802246094 -0.070281982421875
-0.055938720703125 -0.0260391235351563 0.015228271484375 -0.0848617553710938
-0.0650100708007813 -0.014404296875 -0.00672149658203125 -0.0740814208984375
-0.0602836608886719 -0.0194816589355469 -0.00779342651367188 -0.0492744445800781
-0.0649337768554688 -0.0297355651855469 -0.00948143005371094 -0.0232887268066406
-0.0409317016601563 -0.0503883361816406 -0.0207786560058594 0.00371932983398438
-0.00257110595703125 -0.0612525939941406 -0.0358200073242188 0.0216102600097656
0.0272865295410156 -0.04736328125 -0.060028076171875 0.0156631469726562
0.0532455444335938 -0.0156631469726563 -0.0845947265625 0.00653839111328123
0.065704345703125 -0.005340576171875 -0.0928802490234375 0.00601959228515626
0.0828094482421875 0.013641357421875 -0.0629043579101563 0.0236930847167969
0.113800048828125 0.0078582763671875 -0.0232162475585937 -0.111549377441406
0.0619277954101563 -0.0357398986816406 0.0266609191894531 -0.0580520629882813
0.0343589782714844 -0.0426216125488281 0.0646476745605469 -0.0368537902832031
0.00849533081054687 -0.0482254028320312 0.074676513671875 -0.0594635009765625
-0.00987625122070312 -0.0433464050292969 0.0624618530273438 -0.0700798034667969
-0.0413742065429688 -0.042755126953125 0.0365371704101562 -0.082916259765625
-0.0560264587402344 -0.0366096496582031 0.0178375244140625 -0.071746826171875
-0.0527801513671875 -0.03955078125 0.0145263671875 -0.043243408203125
-0.0587654113769531 -0.0517539978027344 0.0135135650634766 -0.0150861740112305
-0.0331878662109375 -0.0732421875 -0.003021240234375 0.0171709060668945
0.0134811401367187 -0.0815658569335938 -0.0205917358398437 0.035980224609375
0.050689697265625 -0.0623817443847656 -0.043304443359375 0.0258407592773438
0.082000732421875 -0.0133285522460937 -0.0605278015136719 0.0186042785644531
0.0939254760742188 0.00550079345703125 -0.0581092834472656 0.01708984375
0.104423522949219 0.0276641845703125 -0.0239334106445312 0.039764404296875
0.117683410644531 0.0283660888671875 0.0197372436523437 -0.0990219116210938
0.07696533203125 -0.0116424560546875 0.0656967163085938 -0.0488166809082031
0.0599136352539063 -0.0249443054199219 0.09326171875 -0.0328903198242187
0.0374679565429688 -0.0431556701660156 0.0990829467773438 -0.059783935546875
0.0145492553710937 -0.0455551147460938 0.0781097412109375 -0.0686264038085938
-0.018341064453125 -0.0557518005371094 0.0523300170898438 -0.0768890380859375
-0.0386466979980469 -0.0529212951660156 0.0365066528320313 -0.0622673034667969
-0.0369949340820313 -0.0534019470214844 0.0344314575195312 -0.0326900482177734
-0.0457534790039062 -0.0661544799804688 0.0362548828125 0.000293731689453121
-0.024627685546875 -0.0823135375976563 0.0159854888916016 0.0345039367675781
0.0222320556640625 -0.0889663696289063 -0.00488662719726563 0.0524101257324219
0.0594100952148438 -0.0712432861328125 -0.0277824401855469 0.0376777648925781
0.0957489013671875 -0.0155563354492188 -0.0380859375 0.0291900634765625
0.106277465820313 0.00982666015625 -0.0206775665283203 0.0245990753173828
0.110679626464844 0.035400390625 0.0182952880859375 0.0578041076660156
0.104560852050781 0.0452499389648437 0.0600509643554688 -0.0773849487304688
0.0830841064453125 0.0147705078125 0.101394653320313 -0.0309219360351563
0.0806045532226563 -0.003814697265625 0.11773681640625 -0.0241622924804688
0.0640640258789063 -0.033782958984375 0.115745544433594 -0.0535888671875
0.0379714965820313 -0.0436973571777344 0.0843505859375 -0.060211181640625
0.006561279296875 -0.0610809326171875 0.0606231689453125 -0.0642776489257813
-0.0140151977539063 -0.0619697570800781 0.0494384765625 -0.0451316833496094
-0.0160713195800781 -0.0600051879882813 0.0484542846679688 -0.0150337219238281
-0.0246047973632813 -0.071319580078125 0.0545616149902344 0.0164413452148437
-0.0101699829101562 -0.07867431640625 0.0345191955566406 0.0510673522949219
0.02813720703125 -0.0807647705078125 0.0102882385253906 0.0652236938476563
0.0595970153808594 -0.0664863586425781 -0.0132064819335937 0.0464096069335938
0.0936965942382813 -0.0141220092773438 -0.0189743041992187 0.0341320037841797
0.101211547851563 0.0109100341796875 0.0131397247314453 0.0257835388183594
0.10028076171875 0.0387115478515625 0.0586929321289063 0.0734024047851563
0.078643798828125 0.0519561767578125 0.0895156860351563 -0.0538864135742188
0.0728912353515625 0.03515625 0.126876831054688 -0.012115478515625
0.08416748046875 0.0144882202148438 0.130020141601562 -0.0124740600585937
0.0765914916992187 -0.0199432373046875 0.121589660644531 -0.0436935424804688
0.0517578125 -0.0350112915039063 0.0817642211914063 -0.0481185913085938
0.0268783569335938 -0.0567665100097656 0.0604629516601563 -0.044189453125
0.00943374633789063 -0.06011962890625 0.0534515380859375 -0.0225143432617188
0.00742721557617187 -0.0557785034179687 0.0541877746582031 0.00408172607421875
0.00186538696289063 -0.0629806518554688 0.0625457763671875 0.0323982238769531
0.00965499877929687 -0.062408447265625 0.0438995361328125 0.0644340515136719
0.0365562438964844 -0.0595588684082031 0.0187759399414063 0.0716323852539063
0.0547523498535156 -0.0470161437988281 -0.00416183471679687 0.0512886047363281
0.0780563354492188 -0.00289154052734375 -0.00496101379394531 0.0341548919677734
0.0814971923828125 0.0195846557617187 0.0379600524902344 0.0256118774414063
0.0753860473632813 0.0424880981445312 0.0915451049804687 0.0870742797851562
0.0412330627441406 0.0480308532714844 0.105262756347656 -0.030029296875
0.0494918823242188 0.0420646667480469 0.140029907226563 0.00231170654296875
0.0676612854003906 0.0265846252441406 0.131050109863281 -0.00556182861328125
0.0681571960449219 -0.00535964965820313 0.115226745605469 -0.034088134765625
0.0502433776855469 -0.01922607421875 0.0712661743164063 -0.032440185546875
0.0398292541503906 -0.039031982421875 0.0539398193359375 -0.0237770080566406
0.0303993225097656 -0.0472145080566406 0.051177978515625 0.000297546386718747
0.0295753479003906 -0.0432624816894531 0.0531768798828125 0.0218048095703125
0.0286064147949219 -0.0498237609863281 0.0610466003417969 0.0475616455078125
0.0314445495605469 -0.0400314331054688 0.0429153442382813 0.071868896484375
0.0457725524902344 -0.0283966064453125 0.017242431640625 0.0745697021484375
0.0508956909179688 -0.0181922912597656 -0.00301361083984374 0.0525474548339844
0.0572052001953125 0.0164642333984375 0.000165939331054691 0.0323467254638672
0.0483360290527344 0.0334663391113281 0.0524864196777344 0.0274658203125
0.0371360778808594 0.0447273254394531 0.111122131347656 0.100563049316406
-0.003509521484375 0.034820556640625 0.105262756347656 -0.0167083740234375
0.0131683349609375 0.0365447998046875 0.136146545410156 0.010223388671875
0.0324516296386719 0.0266132354736328 0.119949340820312 -0.003662109375
0.0421257019042969 0.0117340087890625 0.0996322631835937 -0.024566650390625
0.03582763671875 0.0049591064453125 0.0561714172363281 -0.0221824645996094
0.0447196960449219 -0.00931549072265625 0.04052734375 -0.00603485107421875
0.0471458435058594 -0.0242805480957031 0.0401191711425781 0.0186004638671875
0.0480766296386719 -0.0248146057128906 0.0426712036132813 0.0375633239746094
0.0524368286132812 -0.0287895202636719 0.046783447265625 0.05987548828125
0.05059814453125 -0.0159988403320313 0.0285568237304688 0.0764541625976562
0.0502052307128906 0.0015106201171875 0.00563812255859375 0.074798583984375
0.045166015625 0.0115623474121094 -0.00905609130859374 0.0536079406738281
0.0325813293457031 0.038116455078125 -0.00394058227539062 0.0336189270019531
0.013153076171875 0.0475616455078125 0.0524787902832031 0.0337600708007813
-0.0058135986328125 0.0441207885742188 0.112144470214844 0.113906860351563
-0.046142578125 0.0166282653808594 0.0881805419921875 -0.0163116455078125
-0.0248546600341797 0.0224819183349609 0.117591857910156 0.007720947265625
-0.0121078491210938 0.0229072570800781 0.101188659667969 -0.00684356689453125
0.002838134765625 0.0275592803955078 0.0814590454101563 -0.0211944580078125
0.0127468109130859 0.031768798828125 0.0414161682128906 -0.019439697265625
0.0424003601074219 0.0241661071777344 0.0265293121337891 0.000572204589843752
0.0575447082519531 0.00283050537109375 0.0258312225341797 0.0277442932128906
0.058013916015625 -0.0021209716796875 0.0254173278808594 0.0452995300292969
0.0665626525878906 -0.00539779663085938 0.0249519348144531 0.0679206848144531
0.0582695007324219 0.00799179077148438 0.00727081298828126 0.0796051025390625
0.0476188659667969 0.025390625 -0.011962890625 0.073394775390625
0.0339813232421875 0.0336742401123047 -0.0226364135742187 0.0558013916015625
0.00831604003906249 0.0505561828613281 -0.0183753967285156 0.0372123718261719
-0.023101806640625 0.0543212890625 0.0355300903320313 0.0449180603027344
-0.0463485717773437 0.0374374389648438 0.0963516235351563 0.122535705566406
0.0998382568359375 -0.0257949829101563 -0.0739898681640625 -0.124343872070313
0.0345726013183594 -0.0627555847167969 -0.0181312561035156 -0.0631599426269531
0.00074386596679687 -0.0583229064941406 0.0358428955078125 -0.0373115539550781
-0.0266685485839844 -0.0499687194824219 0.0502967834472656 -0.0577392578125
-0.0386161804199219 -0.034271240234375 0.0438232421875 -0.0729293823242188
-0.0644798278808594 -0.0164566040039063 0.0157318115234375 -0.08795166015625
-0.0709381103515625 -0.0054168701171875 -0.00669097900390625 -0.0793991088867187
-0.0653266906738281 -0.0109939575195312 -0.00834274291992188 -0.0547561645507812
-0.071868896484375 -0.020477294921875 -0.00939941406250001 -0.0290069580078125
-0.0496368408203125 -0.0460433959960937 -0.0181694030761719 0.000976562499999995
-0.0129318237304688 -0.0632476806640625 -0.0330104827880859 0.0212078094482422
0.0198287963867188 -0.05462646484375 -0.0598945617675781 0.0163421630859375
0.0532188415527344 -0.0276222229003906 -0.08624267578125 0.00951385498046876
0.0713958740234375 -0.0180892944335938 -0.0994873046875 0.00706481933593749
0.092620849609375 0.00171661376953125 -0.0671119689941406 0.0223350524902344
0.120872497558594 -0.00218963623046875 -0.0297927856445312 -0.125213623046875
0.0601119995117188 -0.0456619262695313 0.0215339660644531 -0.0670204162597656
0.0282249450683594 -0.0481529235839844 0.0640220642089844 -0.0421180725097656
-2.67028808593747E-05 -0.0501861572265625 0.0757064819335938 -0.0650863647460938
-0.0172500610351563 -0.0407752990722656 0.0633316040039063 -0.0758514404296875
-0.0475616455078125 -0.0354804992675781 0.0375900268554688 -0.0898361206054688
-0.0603561401367188 -0.029510498046875 0.0184860229492188 -0.0802688598632813
-0.0577735900878906 -0.0336418151855469 0.0144805908203125 -0.0523529052734375
-0.0661468505859375 -0.0459518432617187 0.0149421691894531 -0.0225353240966797
-0.0421829223632813 -0.07049560546875 0.0012979507446289 0.0115718841552734
0.00426483154296875 -0.08563232421875 -0.0157299041748047 0.0322036743164062
0.0452499389648438 -0.0714569091796875 -0.0416984558105469 0.0249748229980469
0.0861129760742188 -0.0246124267578125 -0.0593490600585938 0.0201301574707031
0.102378845214844 -0.00624847412109375 -0.060089111328125 0.0155067443847656
0.116630554199219 0.0191574096679688 -0.0241012573242187 0.0355987548828125
0.125831604003906 0.0236663818359375 0.017425537109375 -0.114303588867188
0.0788726806640625 -0.016998291015625 0.0642204284667969 -0.0597381591796875
0.0580902099609375 -0.0287017822265625 0.0948410034179688 -0.0395050048828125
0.0328025817871094 -0.0450325012207031 0.100540161132812 -0.0664291381835938
0.0104942321777344 -0.0449714660644531 0.0795745849609375 -0.0758285522460938
-0.0226593017578125 -0.0515060424804687 0.0543365478515625 -0.08636474609375
-0.0405311584472656 -0.0498886108398437 0.0383834838867188 -0.072998046875
-0.0411567687988281 -0.0515289306640625 0.0347251892089844 -0.0416946411132813
-0.0509986877441406 -0.0645561218261719 0.03900146484375 -0.0102462768554688
-0.0306472778320313 -0.0825729370117188 0.0217247009277344 0.0271701812744141
0.0167083740234375 -0.0943145751953125 0.001251220703125 0.0465469360351562
0.0576934814453125 -0.0800552368164063 -0.0239810943603516 0.0343227386474609
0.101425170898438 -0.0245590209960938 -0.0341854095458984 0.0281009674072266
0.115623474121094 -0.00020599365234375 -0.0197563171386719 0.0209426879882813
0.123420715332031 0.0308685302734375 0.0226402282714844 0.0505752563476563
0.114524841308594 0.045440673828125 0.0607452392578125 -0.09423828125
0.0869293212890625 0.014190673828125 0.103057861328125 -0.04345703125
0.0827255249023438 -0.0053253173828125 0.120658874511719 -0.0315933227539062
0.0637359619140625 -0.0362739562988281 0.119880676269531 -0.0629425048828125
0.0377960205078125 -0.0453567504882813 0.0873031616210937 -0.0687255859375
0.00474166870117187 -0.0613975524902344 0.0626373291015625 -0.0741424560546875
-0.0156364440917969 -0.0636520385742188 0.0501441955566406 -0.0565910339355469
-0.0181808471679688 -0.0614166259765625 0.0499076843261719 -0.0250053405761719
-0.0279083251953125 -0.0726776123046875 0.0575294494628906 0.00583267211914062
-0.0139312744140625 -0.0809402465820313 0.0391921997070313 0.0415878295898437
0.0270233154296875 -0.086822509765625 0.0163764953613281 0.0577201843261719
0.0601882934570312 -0.0743942260742187 -0.00891113281249999 0.0419883728027344
0.100357055664063 -0.019989013671875 -0.0129928588867187 0.0302696228027344
0.110809326171875 0.00719451904296875 0.0166416168212891 0.0208702087402344
0.111640930175781 0.0397796630859375 0.0672645568847656 0.0655250549316406
0.085174560546875 0.0584869384765625 0.095367431640625 -0.0676651000976563
0.07904052734375 0.038818359375 0.132591247558594 -0.0237350463867187
0.091156005859375 0.0171661376953125 0.135223388671875 -0.021270751953125
0.0827789306640625 -0.022491455078125 0.125587463378906 -0.0529251098632812
0.056793212890625 -0.0373802185058594 0.0842514038085938 -0.05487060546875
0.0294609069824219 -0.0606117248535156 0.0628471374511719 -0.0532913208007813
0.00959396362304687 -0.0662765502929688 0.0554084777832031 -0.0324935913085938
0.00772857666015625 -0.0618896484375 0.0559921264648438 -0.00484848022460938
0.00114440917968751 -0.0707168579101563 0.0666122436523438 0.0230522155761719
0.0104026794433594 -0.0679092407226563 0.0484161376953125 0.0545654296875
0.0398445129394531 -0.0650520324707031 0.0243415832519531 0.0644454956054688
0.0605506896972656 -0.0522842407226563 0.00139236450195313 0.0453948974609375
0.08673095703125 -0.00380706787109375 0.00140953063964844 0.0300064086914062
0.089447021484375 0.0217056274414063 0.0445938110351563 0.0189895629882812
0.0837020874023438 0.0477218627929687 0.102706909179688 0.0802841186523438
0.0443458557128906 0.0579376220703125 0.113471984863281 -0.04144287109375
0.0542182922363281 0.0511550903320312 0.148391723632812 -0.0063018798828125
0.0762481689453125 0.0317611694335938 0.137680053710938 -0.0138320922851563
0.0786666870117188 -0.00476837158203125 0.119071960449219 -0.0413742065429687
0.0596771240234375 -0.0209503173828125 0.0727386474609375 -0.0386962890625
0.0458984375 -0.0457611083984375 0.0546340942382813 -0.0288772583007813
0.032989501953125 -0.0560836791992188 0.0526008605957031 -0.00669479370117188
0.03240966796875 -0.0522956848144531 0.0549430847167969 0.0160560607910156
0.0306472778320313 -0.05914306640625 0.0648574829101563 0.0406379699707031
0.036041259765625 -0.0477180480957031 0.0456466674804688 0.0639915466308594
0.0530471801757813 -0.0341033935546875 0.0217018127441406 0.0685806274414063
0.0609474182128906 -0.0205154418945312 0.00234222412109375 0.0480422973632813
0.0661354064941406 0.0211372375488281 0.00731658935546875 0.0281982421875
0.0566978454589844 0.0412979125976563 0.0601882934570313 0.0217666625976563
0.04241943359375 0.0549545288085938 0.123687744140625 0.09649658203125
-0.00291061401367188 0.0465812683105469 0.114845275878906 -0.0246200561523437
0.0166664123535156 0.0477409362792969 0.146133422851562 0.003875732421875
0.0402984619140625 0.0368804931640625 0.126182556152344 -0.010498046875
0.0522384643554688 0.0143394470214844 0.10205078125 -0.0318145751953125
0.0464744567871094 0.00443649291992188 0.0559539794921875 -0.0252037048339844
0.0526962280273438 -0.0179100036621094 0.0411567687988281 -0.00860214233398438
0.052581787109375 -0.0348167419433594 0.0418128967285156 0.0163002014160156
0.0523452758789063 -0.0347213745117188 0.0441551208496094 0.0349159240722656
0.0561981201171875 -0.0408287048339844 0.0497169494628906 0.0563888549804688
0.05633544921875 -0.0244140625 0.030059814453125 0.072174072265625
0.0608062744140625 -0.0028076171875 0.00802612304687501 0.0705184936523437
0.0558929443359375 0.0114021301269531 -0.00469207763671874 0.0495223999023438
0.0421600341796875 0.0459480285644531 0.00136184692382812 0.0310935974121094
0.0188179016113281 0.0602149963378906 0.0595932006835938 0.0321311950683594
-0.00421905517578124 0.0581855773925781 0.125694274902344 0.112884521484375
-0.0502090454101563 0.028778076171875 0.0969314575195313 -0.0178451538085937
-0.0255794525146484 0.0346240997314453 0.126182556152344 0.0037994384765625
-0.00623321533203125 0.0348796844482422 0.105888366699219 -0.0127639770507813
0.0126552581787109 0.0329132080078125 0.0818710327148438 -0.0260009765625
0.0229988098144531 0.0325412750244141 0.0397682189941406 -0.018890380859375
0.0524673461914063 0.0176353454589844 0.0254669189453125 0.00225067138671875
0.0646896362304688 -0.00685882568359375 0.0261878967285156 0.0300045013427734
0.064056396484375 -0.0116004943847656 0.0271339416503906 0.046783447265625
0.0710906982421875 -0.01837158203125 0.0268402099609375 0.0692405700683594
0.0660400390625 -0.00268173217773437 0.00719451904296875 0.0790481567382812
0.0594940185546875 0.0206756591796875 -0.0118408203125 0.07257080078125
0.0463752746582031 0.0339508056640625 -0.0194587707519531 0.0548095703125
0.0177688598632813 0.0604667663574219 -0.0140190124511719 0.0378227233886719
-0.01806640625 0.0696945190429688 0.04302978515625 0.047393798828125
-0.0487098693847656 0.0523757934570313 0.106986999511719 0.126380920410156
0.103416442871094 -0.0424270629882813 -0.0885772705078125 -0.132881164550781
0.0270309448242188 -0.075775146484375 -0.0276336669921875 -0.0675888061523438
-0.0107154846191406 -0.065673828125 0.0337677001953125 -0.039306640625
-0.0398750305175781 -0.0491142272949219 0.0505218505859375 -0.0604782104492188
-0.0483512878417969 -0.028717041015625 0.045654296875 -0.077117919921875
-0.07061767578125 -0.0041961669921875 0.01556396484375 -0.093109130859375
-0.0738296508789063 0.00630187988281251 -0.007354736328125 -0.0861740112304688
-0.0694923400878906 -0.000923156738281235 -0.0098876953125 -0.0606765747070312
-0.0780563354492188 -0.00848388671874998 -0.0106315612792969 -0.0352973937988281
-0.0585212707519531 -0.0385589599609375 -0.0168638229370117 -0.00342273712158203
-0.0245285034179687 -0.0627784729003906 -0.0306911468505859 0.018280029296875
0.0103034973144531 -0.0609779357910156 -0.0609893798828125 0.0184402465820313
0.0506668090820313 -0.0408515930175781 -0.0892486572265625 0.0130844116210938
0.07440185546875 -0.0338592529296875 -0.106819152832031 0.0103912353515625
0.101089477539063 -0.0132369995117188 -0.0735092163085937 0.0225753784179687
0.127342224121094 -0.0162277221679688 -0.0407028198242187 -0.139869689941406
0.0557708740234375 -0.0558967590332031 0.0142974853515625 -0.0761184692382813
0.0210304260253906 -0.0538406372070313 0.0639915466308594 -0.0478057861328125
-0.0102272033691406 -0.0498237609863281 0.07666015625 -0.070404052734375
-0.0244369506835937 -0.0369300842285156 0.0654830932617188 -0.08306884765625
-0.0524864196777344 -0.0262222290039063 0.0382003784179688 -0.098785400390625
-0.0636215209960937 -0.0209617614746094 0.017303466796875 -0.091033935546875
-0.0619659423828125 -0.0271530151367188 0.0137405395507812 -0.0615081787109375
-0.0724716186523438 -0.0387344360351563 0.0144729614257812 -0.0320320129394531
-0.0506629943847656 -0.0665931701660156 0.00380468368530273 0.00485944747924804
-0.00532531738281251 -0.088531494140625 -0.0126495361328125 0.0277309417724609
0.0386428833007812 -0.0803756713867188 -0.0404510498046875 0.0232887268066406
0.08795166015625 -0.0377578735351563 -0.0587120056152344 0.0206642150878906
0.109031677246094 -0.0211257934570313 -0.0637397766113281 0.014617919921875
0.129158020019531 0.0074462890625 -0.0265865325927734 0.0314197540283203
0.135940551757812 0.0156631469726562 0.01092529296875 -0.133186340332031
0.0798568725585937 -0.023345947265625 0.0604171752929688 -0.0724563598632813
0.0562248229980469 -0.0323104858398438 0.0964736938476562 -0.047210693359375
0.027923583984375 -0.0469627380371094 0.103240966796875 -0.0759506225585938
0.007171630859375 -0.0431404113769531 0.0817947387695313 -0.0855789184570313
-0.0254974365234375 -0.047119140625 0.0553054809570312 -0.097503662109375
-0.043975830078125 -0.0470848083496094 0.037109375 -0.0863189697265625
-0.0444297790527344 -0.0491600036621094 0.0341110229492188 -0.0529251098632813
-0.0569038391113281 -0.0621299743652344 0.0395050048828125 -0.0216598510742188
-0.037628173828125 -0.0824966430664063 0.0247936248779297 0.0184383392333984
0.00991058349609375 -0.100662231445313 0.00545883178710938 0.0395698547363281
0.054534912109375 -0.0893783569335938 -0.0216827392578125 0.0303459167480469
0.106193542480469 -0.0360565185546875 -0.03070068359375 0.0256385803222656
0.125335693359375 -0.0110092163085937 -0.0195770263671875 0.0160274505615234
0.138046264648438 0.0235137939453125 0.0259552001953125 0.0432090759277344
0.125 0.0443038940429688 0.0593338012695313 -0.113510131835938
0.0918502807617188 0.012298583984375 0.103584289550781 -0.0572738647460938
0.0878219604492188 -0.00714874267578125 0.123870849609375 -0.0408096313476563
0.0656051635742188 -0.03948974609375 0.122474670410156 -0.0744094848632813
0.0388107299804688 -0.0466537475585938 0.0888595581054688 -0.0792999267578125
0.00405502319335938 -0.0624046325683594 0.062591552734375 -0.085479736328125
-0.0181999206542969 -0.06634521484375 0.0504646301269531 -0.0695533752441406
-0.0213241577148438 -0.0642852783203125 0.0493698120117188 -0.036285400390625
-0.0326995849609375 -0.0753936767578125 0.05889892578125 -0.0062408447265625
-0.0187911987304687 -0.085601806640625 0.0435981750488281 0.0327796936035156
0.0241470336914063 -0.0943069458007813 0.0208969116210938 0.0502395629882812
0.0607986450195313 -0.0837173461914063 -0.00572967529296874 0.0364112854003906
0.10809326171875 -0.0282363891601563 -0.00830841064453124 0.0260372161865234
0.121543884277344 0.00098419189453125 0.02056884765625 0.0134258270263672
0.125816345214844 0.038177490234375 0.0759811401367188 0.0568923950195312
0.096527099609375 0.0631027221679688 0.0985641479492188 -0.0864105224609375
0.086181640625 0.0426712036132812 0.137489318847656 -0.0375137329101563
0.101455688476563 0.0181655883789063 0.141647338867188 -0.0312652587890625
0.0902557373046875 -0.0267105102539062 0.129142761230469 -0.0649642944335938
0.0621566772460938 -0.0417823791503906 0.0861434936523438 -0.0644607543945313
0.0308113098144531 -0.067047119140625 0.0635528564453125 -0.0638160705566406
0.00924682617187499 -0.0740585327148438 0.0555572509765625 -0.0438003540039063
0.00701522827148438 -0.0688896179199219 0.0565414428710937 -0.0139122009277344
-0.001190185546875 -0.07861328125 0.0687408447265625 0.0126838684082031
0.00939941406250001 -0.0759506225585938 0.0517730712890625 0.0456275939941406
0.0419082641601563 -0.0734481811523438 0.0278739929199219 0.0572509765625
0.0659751892089844 -0.0601005554199219 0.0045013427734375 0.0388641357421875
0.097259521484375 -0.0071258544921875 0.00670433044433594 0.0232486724853516
0.100105285644531 0.0212936401367188 0.0512123107910156 0.0106735229492188
0.0955657958984375 0.0528411865234375 0.115554809570312 0.0715789794921875
0.0527992248535156 0.0692710876464844 0.12249755859375 -0.0575027465820312
0.0626068115234375 0.0591278076171875 0.157608032226562 -0.0188140869140625
0.088653564453125 0.0367813110351563 0.144210815429688 -0.024261474609375
0.0901870727539063 -0.0075836181640625 0.121841430664062 -0.0526351928710937
0.0682258605957031 -0.026092529296875 0.07330322265625 -0.0454254150390625
0.0503807067871094 -0.0555915832519531 0.055633544921875 -0.0367088317871094
0.0347709655761719 -0.0674781799316406 0.0538063049316406 -0.0133209228515625
0.0325431823730469 -0.0637054443359375 0.0560302734375 0.0100746154785156
0.0311355590820313 -0.0713119506835938 0.0658950805664063 0.032562255859375
0.0378799438476563 -0.0582351684570313 0.0483360290527344 0.0571403503417969
0.06011962890625 -0.0436248779296875 0.0245513916015625 0.0626258850097656
0.0703582763671875 -0.0267333984375 0.00588226318359376 0.0412406921386719
0.0785903930664063 0.0233840942382813 0.0119724273681641 0.0220355987548828
0.0674362182617188 0.0483627319335937 0.0678138732910156 0.0141868591308594
0.0519256591796875 0.0659141540527344 0.138923645019531 0.089935302734375
0.000835418701171879 0.0619430541992188 0.125434875488281 -0.0353775024414062
0.0245513916015625 0.0595245361328125 0.15771484375 -0.0065765380859375
0.0518684387207031 0.0453605651855469 0.132987976074219 -0.0207366943359375
0.0653114318847656 0.0137748718261719 0.104110717773438 -0.040283203125
0.0573310852050781 -0.000446319580078125 0.0560836791992188 -0.0287590026855469
0.0601005554199219 -0.0283966064453125 0.0422744750976563 -0.0114097595214844
0.0555839538574219 -0.0481185913085938 0.0444412231445313 0.0132408142089844
0.0552978515625 -0.0476493835449219 0.0454216003417969 0.0319442749023438
0.0586967468261719 -0.055572509765625 0.0515327453613281 0.0535621643066406
0.0609779357910156 -0.0370292663574219 0.0311470031738281 0.0684356689453125
0.0713577270507813 -0.0124893188476562 0.00972747802734376 0.067230224609375
0.0697402954101563 0.00705718994140625 -0.0017547607421875 0.0454483032226563
0.0547561645507812 0.0529060363769531 0.00721359252929688 0.0269374847412109
0.0281753540039063 0.0729141235351563 0.0684051513671875 0.0271644592285156
0.00133514404296875 0.0726394653320313 0.141769409179688 0.110397338867187
-0.0508270263671875 0.0444755554199219 0.107612609863281 -0.0239486694335937
-0.0226669311523437 0.0489692687988281 0.137718200683594 -0.00218963623046875
0.00146865844726562 0.0453109741210938 0.110359191894531 -0.019622802734375
0.0241050720214844 0.0362205505371094 0.08172607421875 -0.0315322875976563
0.0343589782714844 0.0308895111083984 0.0375213623046875 -0.0194206237792969
0.0610466003417969 0.00780487060546875 0.0257148742675781 0.00394248962402344
0.0696296691894531 -0.0198211669921875 0.0274810791015625 0.0321311950683594
0.0682029724121094 -0.0253219604492188 0.0285987854003906 0.0490684509277344
0.0753402709960938 -0.0329666137695313 0.0284805297851563 0.0714950561523438
0.0720977783203125 -0.015350341796875 0.00682067871093751 0.07867431640625
0.0712432861328125 0.0128021240234375 -0.0120086669921875 0.0729217529296875
0.0603141784667969 0.0304336547851563 -0.0173988342285156 0.053253173828125
0.0300025939941406 0.0694923400878906 -0.00981521606445312 0.0377197265625
-0.00972747802734375 0.0846786499023438 0.0522689819335938 0.0473709106445313
-0.0471153259277344 0.0688552856445313 0.123062133789063 0.130638122558594
0.103240966796875 -0.0626068115234375 -0.108924865722656 -0.139236450195313
0.0149765014648438 -0.0877227783203125 -0.0401382446289063 -0.0696983337402344
-0.0250625610351562 -0.070404052734375 0.0315780639648438 -0.0422286987304688
-0.0543251037597656 -0.0435333251953125 0.0499687194824219 -0.0637779235839844
-0.0571708679199219 -0.0192146301269531 0.04541015625 -0.083526611328125
-0.0737457275390625 0.0102996826171875 0.0139923095703125 -0.0993804931640625
-0.0747299194335938 0.0205612182617188 -0.0118255615234375 -0.0940322875976563
-0.0720977783203125 0.0118942260742187 -0.0139198303222656 -0.0677909851074219
-0.0817642211914063 0.00616455078124999 -0.0144729614257813 -0.0408172607421875
-0.0669288635253906 -0.0278282165527344 -0.0164394378662109 -0.00797271728515625
-0.0374908447265625 -0.0594253540039062 -0.0297088623046875 0.0163898468017578
-0.00247573852539062 -0.0650291442871094 -0.0613861083984375 0.0211982727050781
0.0448646545410156 -0.0552406311035156 -0.091400146484375 0.0189361572265625
0.0724639892578125 -0.0524063110351562 -0.114875793457031 0.0170745849609375
0.106468200683594 -0.0328903198242188 -0.0813980102539063 0.0261383056640625
0.132392883300781 -0.033203125 -0.059234619140625 -0.153610229492188
0.0488052368164063 -0.0663337707519531 0.00348663330078125 -0.0850677490234375
0.0110855102539062 -0.0579147338867187 0.0621223449707031 -0.0541038513183594
-0.0206947326660156 -0.0468101501464844 0.0764083862304688 -0.0786285400390625
-0.0307636260986328 -0.0296745300292969 0.0658187866210938 -0.092498779296875
-0.0555267333984375 -0.0155487060546875 0.0361099243164063 -0.108528137207031
-0.0662193298339844 -0.0110054016113281 0.01220703125 -0.103256225585938
-0.0654640197753906 -0.0179061889648437 0.00919342041015624 -0.0718765258789063
-0.0781173706054688 -0.0288619995117188 0.01116943359375 -0.0416603088378906
-0.0596809387207031 -0.0607490539550781 0.00458765029907226 -0.00304317474365235
-0.0176010131835938 -0.0899276733398437 -0.0108051300048828 0.0224475860595703
0.028900146484375 -0.088531494140625 -0.04022216796875 0.0221595764160156
0.0866470336914062 -0.0531082153320312 -0.0583381652832031 0.0219535827636719
0.113067626953125 -0.03912353515625 -0.0688552856445313 0.0156402587890625
0.140251159667969 -0.0104522705078125 -0.0293083190917969 0.0280380249023438
0.145233154296875 0.003662109375 -0.0032196044921875 -0.15203857421875
0.0783538818359375 -0.0313949584960938 0.0523757934570313 -0.0854949951171875
0.0539398193359375 -0.0372161865234375 0.0960845947265625 -0.0578079223632813
0.0220680236816406 -0.0471153259277344 0.103591918945313 -0.0882110595703125
0.00386810302734375 -0.040802001953125 0.081146240234375 -0.0976409912109375
-0.0278511047363281 -0.0420341491699219 0.0515670776367187 -0.110763549804687
-0.047027587890625 -0.0427055358886719 0.0322189331054688 -0.100143432617188
-0.048919677734375 -0.0457687377929688 0.0294380187988281 -0.065277099609375
-0.0637092590332031 -0.0580825805664063 0.0368423461914062 -0.0339546203613281
-0.0467071533203125 -0.0816268920898437 0.0264682769775391 0.00843620300292968
-0.000144958496093752 -0.105484008789063 0.00757980346679688 0.0323829650878906
0.0474166870117188 -0.100372314453125 -0.0203227996826172 0.0259914398193359
0.109542846679688 -0.0504379272460938 -0.0284290313720703 0.0222988128662109
0.13330078125 -0.0262603759765625 -0.0201416015625 0.0119209289550781
0.152313232421875 0.0096435546875 0.0276527404785156 0.035430908203125
0.138191223144531 0.0396728515625 0.051055908203125 -0.135643005371094
0.0983963012695313 0.008331298828125 0.100257873535156 -0.0736846923828125
0.0929489135742187 -0.0105819702148437 0.125831604003906 -0.0538864135742188
0.0661888122558594 -0.0442390441894531 0.123756408691406 -0.0898284912109375
0.0394630432128906 -0.0490951538085937 0.0884246826171875 -0.0928192138671875
0.00218963623046875 -0.0643539428710938 0.0592880249023437 -0.100189208984375
-0.0222625732421875 -0.068695068359375 0.0453720092773438 -0.0838699340820313
-0.02532958984375 -0.0664253234863281 0.0461387634277344 -0.0482978820800781
-0.039337158203125 -0.0781707763671875 0.0572929382324219 -0.0196800231933594
-0.0249710083007813 -0.0883255004882813 0.0449981689453125 0.0209579467773437
0.018218994140625 -0.102485656738281 0.0234603881835938 0.0421714782714844
0.058502197265625 -0.09539794921875 -0.00423240661621094 0.02923583984375
0.114341735839844 -0.0395278930664063 -0.00430679321289062 0.0191726684570312
0.132255554199219 -0.00928497314453125 0.0226860046386719 0.00416183471679688
0.1419677734375 0.031158447265625 0.08306884765625 0.044281005859375
0.111221313476563 0.0657806396484375 0.0958709716796875 -0.109390258789062
0.0985565185546875 0.04376220703125 0.139213562011719 -0.0552902221679688
0.113304138183594 0.0159454345703125 0.1455078125 -0.0465545654296875
0.0974807739257813 -0.03369140625 0.130691528320313 -0.0809249877929688
0.0662689208984375 -0.0483970642089844 0.0858612060546875 -0.0767822265625
0.0306167602539062 -0.0748519897460938 0.0607681274414063 -0.0764617919921875
0.00556182861328124 -0.0829925537109375 0.0523757934570313 -0.0566558837890625
0.0025787353515625 -0.0770950317382813 0.0547599792480469 -0.0246849060058594
-0.0072174072265625 -0.0870361328125 0.0680618286132813 0.00108718872070312
0.00495910644531251 -0.08380126953125 0.0536537170410156 0.0350799560546875
0.041168212890625 -0.0842742919921875 0.0297927856445313 0.0489234924316406
0.0689849853515625 -0.07177734375 0.00579261779785157 0.0312557220458984
0.107704162597656 -0.0135955810546875 0.0106840133666992 0.0150651931762695
0.114051818847656 0.0181045532226563 0.0555076599121094 -0.000896453857421874
0.1112060546875 0.0530166625976563 0.127326965332031 0.0582046508789063
0.0657272338867188 0.0779800415039063 0.125961303710938 -0.078399658203125
0.0758209228515625 0.065673828125 0.164093017578125 -0.0360565185546875
0.105033874511719 0.0376129150390625 0.149505615234375 -0.0389862060546875
0.101699829101562 -0.0153045654296875 0.123313903808594 -0.0666580200195313
0.0761795043945313 -0.0350723266601563 0.0732498168945313 -0.053680419921875
0.0518913269042969 -0.0678367614746094 0.0543556213378906 -0.0451698303222656
0.0324172973632813 -0.081024169921875 0.0533294677734375 -0.0228614807128906
0.0303802490234375 -0.0756149291992188 0.0553474426269531 0.00256729125976562
0.0266342163085937 -0.085113525390625 0.0673446655273437 0.0246315002441406
0.0369873046875 -0.0704345703125 0.0492095947265625 0.049224853515625
0.0643577575683594 -0.0559883117675781 0.0257682800292969 0.0568580627441406
0.0793838500976563 -0.03741455078125 0.00697135925292969 0.0345821380615234
0.0935440063476563 0.021942138671875 0.0153284072875977 0.014622688293457
0.08209228515625 0.0522689819335938 0.0749282836914063 0.0030059814453125
0.065582275390625 0.0743560791015625 0.154953002929688 0.077484130859375
0.0101776123046875 0.0751190185546875 0.133636474609375 -0.0519485473632812
0.0349502563476562 0.0712890625 0.16754150390625 -0.021331787109375
0.0685234069824219 0.0502281188964844 0.137954711914063 -0.0332260131835938
0.0794677734375 0.00867462158203125 0.10455322265625 -0.0508193969726562
0.0676155090332031 -0.00815582275390625 0.0550537109375 -0.03363037109375
0.0645561218261719 -0.0426483154296875 0.0425682067871094 -0.0157890319824219
0.055389404296875 -0.064208984375 0.045928955078125 0.00937652587890625
0.0535964965820313 -0.0632476806640625 0.0470085144042969 0.0292625427246094
0.05621337890625 -0.0724868774414063 0.0538978576660156 0.0497550964355469
0.062713623046875 -0.0520172119140625 0.0318336486816406 0.0647735595703125
0.079986572265625 -0.0260467529296875 0.00964736938476564 0.0645790100097656
0.0826873779296875 -0.002471923828125 -0.000625610351562496 0.0404396057128906
0.0720977783203125 0.0558929443359375 0.0110664367675781 0.0218830108642578
0.0439300537109375 0.0830307006835938 0.0780029296875 0.0190505981445313
0.0121002197265625 0.0876846313476563 0.161239624023438 0.103134155273438
-0.0476112365722656 0.0620498657226562 0.117561340332031 -0.03466796875
-0.0154800415039062 0.06378173828125 0.148712158203125 -0.01422119140625
0.01409912109375 0.0554847717285156 0.114433288574219 -0.0303726196289062
0.0388298034667969 0.0358009338378906 0.081817626953125 -0.0388259887695313
0.0457305908203125 0.0261116027832031 0.0361366271972656 -0.0197219848632813
0.069091796875 -0.00556182861328125 0.0266265869140625 0.00497055053710938
0.0714111328125 -0.0357894897460937 0.0313529968261719 0.0340900421142578
0.0684051513671875 -0.0410690307617188 0.0313796997070313 0.0515937805175781
0.0743560791015625 -0.0511016845703125 0.032196044921875 0.0730514526367188
0.0744400024414062 -0.0311355590820313 0.00687408447265626 0.079925537109375
0.0814437866210937 -0.0008087158203125 -0.0111618041992187 0.073455810546875
0.074798583984375 0.0223617553710938 -0.0157051086425781 0.0511360168457031
0.0473175048828125 0.0751800537109375 -0.00565719604492187 0.0357017517089844
0.0032196044921875 0.0992965698242188 0.0627517700195313 0.044464111328125
-0.0403900146484375 0.0879058837890625 0.143630981445313 0.129547119140625
0.0951995849609375 -0.0841522216796875 -0.132698059082031 -0.137199401855469
-0.0030364990234375 -0.0949935913085938 -0.0540008544921875 -0.0667610168457031
-0.0422248840332031 -0.0690765380859375 0.0278778076171875 -0.0432929992675781
-0.06689453125 -0.0325279235839844 0.0474166870117187 -0.0677261352539063
-0.0631675720214844 -0.00628662109374999 0.0426788330078125 -0.0899810791015625
-0.07183837890625 0.0265579223632812 0.00905609130859375 -0.105110168457031
-0.0705490112304688 0.0351715087890625 -0.0194244384765625 -0.100440979003906
-0.0689659118652344 0.0263214111328125 -0.0208053588867188 -0.07305908203125
-0.0797195434570313 0.0219802856445313 -0.0203285217285156 -0.0456886291503906
-0.0711288452148438 -0.0150222778320312 -0.0180873870849609 -0.0119152069091797
-0.0497169494628906 -0.0507125854492187 -0.029571533203125 0.0143642425537109
-0.0166130065917969 -0.0645828247070313 -0.0603179931640625 0.0245018005371094
0.0330162048339844 -0.0674400329589844 -0.091461181640625 0.0249862670898437
0.0633773803710938 -0.0704421997070313 -0.119644165039063 0.027496337890625
0.1043701171875 -0.0545120239257813 -0.0865402221679688 0.0328140258789062
0.130752563476563 -0.0532760620117188 -0.0839996337890625 -0.16021728515625
0.0367507934570312 -0.0744171142578125 -0.01116943359375 -0.0886154174804688
-0.000682830810546876 -0.0597419738769531 0.0576591491699219 -0.0605697631835938
-0.0308952331542969 -0.0398406982421875 0.0721054077148438 -0.0872650146484375
-0.0347385406494141 -0.0207443237304688 0.0605010986328125 -0.102615356445312
-0.0544967651367188 -0.00335311889648437 0.0288467407226563 -0.1185302734375
-0.0645828247070313 -0.00028228759765625 0.00256347656249999 -0.113571166992187
-0.0657234191894531 -0.00736618041992188 0.00032043457031249 -0.0808639526367188
-0.080352783203125 -0.0162429809570313 0.00360107421875 -0.0512428283691406
-0.0674018859863281 -0.050689697265625 0.00268077850341797 -0.0112667083740234
-0.0306625366210938 -0.0862579345703125 -0.0108489990234375 0.0166091918945312
0.015228271484375 -0.093414306640625 -0.0400123596191406 0.0209465026855469
0.079620361328125 -0.0685195922851563 -0.0566558837890625 0.0227813720703125
0.109268188476563 -0.0591812133789063 -0.072601318359375 0.0187454223632813
0.144180297851563 -0.0328369140625 -0.0333518981933594 0.0268974304199219
0.15057373046875 -0.0125274658203125 -0.026275634765625 -0.165618896484375
0.07427978515625 -0.0395355224609375 0.0389328002929688 -0.096160888671875
0.0486946105957031 -0.0407752990722656 0.0916519165039062 -0.06878662109375
0.0159759521484375 -0.04547119140625 0.0979843139648438 -0.101554870605469
0.00165557861328125 -0.0370140075683594 0.074859619140625 -0.110137939453125
-0.0290107727050781 -0.0358848571777344 0.0435028076171875 -0.123619079589844
-0.0494041442871094 -0.0379295349121094 0.0210113525390625 -0.113235473632813
-0.0519638061523437 -0.0401802062988281 0.0210418701171875 -0.075714111328125
-0.0693244934082031 -0.0510902404785156 0.0293655395507812 -0.0462570190429688
-0.0550155639648438 -0.07611083984375 0.0243949890136719 -0.00245285034179688
-0.0123977661132813 -0.10662841796875 0.00738143920898437 0.0236015319824219
0.0360870361328125 -0.108963012695313 -0.0211181640625 0.0207901000976562
0.106857299804688 -0.0668792724609375 -0.0267295837402344 0.0177021026611328
0.134956359863281 -0.0458831787109375 -0.0227527618408203 0.00719261169433594
0.161727905273437 -0.009552001953125 0.0275306701660156 0.0258998870849609
0.149871826171875 0.0285797119140625 0.0327301025390625 -0.154953002929687
0.102302551269531 0.00170135498046875 0.0893325805664063 -0.0898284912109375
0.0965576171875 -0.01739501953125 0.123291015625 -0.0684432983398438
0.0644798278808594 -0.0489921569824219 0.117591857910156 -0.104835510253906
0.0386734008789063 -0.0518836975097656 0.0822219848632812 -0.105880737304688
2.2888183593752E-05 -0.0650978088378906 0.0512466430664062 -0.113059997558594
-0.0279121398925781 -0.0701217651367188 0.0350265502929687 -0.0972671508789062
-0.03070068359375 -0.066558837890625 0.0372810363769531 -0.0601692199707031
-0.0475692749023438 -0.0770111083984375 0.051055908203125 -0.0329704284667969
-0.0338287353515625 -0.08929443359375 0.0431022644042969 0.00930404663085937
0.00833129882812499 -0.108901977539063 0.0230598449707031 0.0323963165283203
0.0514678955078125 -0.106597900390625 -0.00556182861328125 0.0220012664794922
0.117050170898438 -0.0540695190429687 -0.00332355499267577 0.0103731155395508
0.139427185058594 -0.0249481201171875 0.0215282440185547 -0.00663948059082032
0.155731201171875 0.017852783203125 0.0863876342773438 0.0289535522460938
0.126815795898438 0.0624923706054688 0.0846099853515625 -0.131607055664063
0.1099853515625 0.0400238037109375 0.134262084960937 -0.0751724243164062
0.125038146972656 0.00829315185546875 0.143890380859375 -0.06317138671875
0.100997924804688 -0.044219970703125 0.125068664550781 -0.0972213745117188
0.0682182312011719 -0.0571708679199219 0.0795669555664063 -0.08843994140625
0.0268707275390625 -0.0829315185546875 0.0538406372070313 -0.088714599609375
-0.00246429443359374 -0.089935302734375 0.0444755554199219 -0.06939697265625
-0.00434112548828124 -0.0836715698242187 0.0480194091796875 -0.034820556640625
-0.01641845703125 -0.0930328369140625 0.0642585754394531 -0.0113868713378906
-0.00298309326171874 -0.0906753540039063 0.0517768859863281 0.0236549377441406
0.035614013671875 -0.0953292846679688 0.0296058654785156 0.0397491455078125
0.0670394897460938 -0.0848846435546875 0.00408744812011719 0.0226650238037109
0.115531921386719 -0.0251235961914063 0.0112400054931641 0.0042123794555664
0.125648498535156 0.00888824462890625 0.0557975769042969 -0.0157089233398438
0.127227783203125 0.0478363037109375 0.136009216308594 0.0392074584960937
0.0828323364257813 0.0819931030273438 0.120704650878906 -0.100814819335937
0.0921859741210938 0.0667724609375 0.164398193359375 -0.057342529296875
0.121955871582031 0.0322494506835938 0.14923095703125 -0.0560150146484375
0.110969543457031 -0.028076171875 0.118637084960937 -0.0819778442382812
0.0806655883789063 -0.0466461181640625 0.0686912536621094 -0.0633659362792969
0.0483856201171875 -0.0810470581054688 0.0492324829101563 -0.0545463562011719
0.0236053466796875 -0.0941314697265625 0.0485801696777344 -0.0320396423339844
0.0226058959960938 -0.0873260498046875 0.0518112182617188 -0.00481033325195313
0.016876220703125 -0.0973281860351563 0.0656776428222656 0.0145187377929687
0.031005859375 -0.0826797485351563 0.0473747253417969 0.0410881042480469
0.0638580322265625 -0.0707626342773438 0.0249176025390625 0.0494155883789062
0.08355712890625 -0.0517578125 0.00562095642089844 0.0258808135986328
0.106674194335937 0.0149459838867188 0.0170803070068359 0.0045166015625
0.0991134643554688 0.050750732421875 0.0782928466796875 -0.0125503540039062
0.083038330078125 0.0769195556640625 0.16827392578125 0.0590362548828125
0.0249404907226563 0.0864410400390625 0.134063720703125 -0.071929931640625
0.0515060424804688 0.0777206420898438 0.171707153320313 -0.0414276123046875
0.0867233276367187 0.0492706298828125 0.138160705566406 -0.0500411987304688
0.0914306640625 -0.00212860107421875 0.100349426269531 -0.0621871948242188
0.0750579833984375 -0.019683837890625 0.0522346496582031 -0.0378456115722656
0.0633621215820313 -0.05877685546875 0.0408821105957031 -0.0200653076171875
0.0474395751953125 -0.081024169921875 0.0459060668945313 0.00463485717773437
0.0464859008789062 -0.0777130126953125 0.0475997924804688 0.0256538391113281
0.0474929809570313 -0.0893783569335938 0.0547904968261719 0.0442047119140625
0.0581779479980469 -0.0685806274414063 0.0315017700195313 0.0608901977539062
0.0835952758789063 -0.0429153442382813 0.0096282958984375 0.0605850219726563
0.0914688110351562 -0.0172271728515625 -0.000923156738281242 0.0345687866210938
0.0901336669921875 0.0524673461914063 0.0136375427246094 0.0141305923461914
0.0637741088867188 0.0879745483398438 0.0850372314453125 0.006561279296875
0.02880859375 0.0982208251953125 0.178421020507813 0.08734130859375
-0.0375595092773437 0.078460693359375 0.121742248535156 -0.0491943359375
-0.00243377685546876 0.0756759643554688 0.15460205078125 -0.0302886962890625
0.0307464599609375 0.0603485107421875 0.11407470703125 -0.0430145263671875
0.0520248413085938 0.0302047729492188 0.0778884887695313 -0.0454940795898438
0.0555801391601563 0.0166358947753906 0.0343551635742188 -0.0202159881591797
0.0713424682617188 -0.0217361450195312 0.0278511047363281 0.00597572326660156
0.0667839050292969 -0.0534439086914063 0.03546142578125 0.0341148376464844
0.0625839233398438 -0.0568695068359375 0.0353126525878906 0.0519638061523437
0.06671142578125 -0.0690422058105469 0.0365447998046875 0.073150634765625
0.071563720703125 -0.0484619140625 0.00834655761718751 0.081146240234375
0.0872039794921875 -0.0178909301757813 -0.0104141235351562 0.0742874145507813
0.0865402221679688 0.00913238525390625 -0.0145645141601562 0.0487709045410156
0.0666961669921875 0.0739669799804688 -0.000999450683593745 0.0328922271728516
0.0237579345703125 0.108390808105469 0.0734024047851562 0.0367431640625
-0.0265960693359375 0.104148864746094 0.164901733398438 0.120285034179688
0.079986572265625 -0.100753784179687 -0.153396606445312 -0.1256103515625
-0.0218429565429687 -0.0949783325195313 -0.0652732849121094 -0.0592613220214844
-0.0569915771484375 -0.061553955078125 0.0235824584960937 -0.0437507629394531
-0.0740509033203125 -0.0178909301757813 0.0433578491210937 -0.0696563720703125
-0.0629539489746094 0.00774383544921875 0.037445068359375 -0.0938644409179688
-0.0631523132324219 0.039794921875 0.00299835205078124 -0.107772827148438
-0.06036376953125 0.0473175048828125 -0.02801513671875 -0.102073669433594
-0.0610923767089844 0.0376014709472656 -0.028656005859375 -0.0751266479492188
-0.0717697143554687 0.0364990234375 -0.0273666381835937 -0.0479965209960938
-0.0701255798339844 -0.00121688842773438 -0.0204086303710938 -0.0157756805419922
-0.0568695068359375 -0.0382041931152344 -0.0295696258544922 0.0118694305419922
-0.0292167663574219 -0.0587997436523437 -0.0578804016113281 0.0263519287109375
0.0179061889648437 -0.0738601684570313 -0.0882492065429688 0.03106689453125
0.0488052368164063 -0.083709716796875 -0.120231628417969 0.03802490234375
0.0948410034179687 -0.0747909545898437 -0.0877456665039063 0.0402603149414063
0.121078491210937 -0.0713043212890625 -0.108261108398437 -0.155853271484375
0.0223922729492187 -0.0775375366210938 -0.0262069702148438 -0.0873870849609375
-0.0123214721679688 -0.0555534362792969 0.0505638122558594 -0.0643424987792969
-0.0372772216796875 -0.0292129516601563 0.0647201538085938 -0.0929794311523438
-0.03497314453125 -0.0105438232421875 0.0526657104492187 -0.109115600585937
-0.0486640930175781 0.00749969482421875 0.0192489624023437 -0.1248779296875
-0.0587196350097656 0.00893402099609376 -0.0102767944335938 -0.118553161621094
-0.0615081787109375 0.00229263305664061 -0.0100555419921875 -0.0856399536132812
-0.077392578125 -0.00407409667968751 -0.00600051879882813 -0.057159423828125
-0.0700759887695312 -0.0393600463867188 -0.00195503234863282 -0.0179615020751953
-0.0408782958984375 -0.0779647827148438 -0.0131855010986328 0.0115480422973633
0.00127410888671876 -0.0932769775390625 -0.0398674011230469 0.0191421508789062
0.0672836303710938 -0.0798873901367188 -0.0547523498535156 0.0217857360839844
0.0985260009765625 -0.0764846801757812 -0.074249267578125 0.0220108032226563
0.139976501464844 -0.0550994873046875 -0.036773681640625 0.025970458984375
0.148712158203125 -0.0296630859375 -0.0512847900390625 -0.169677734375
0.0666351318359375 -0.0450973510742188 0.022308349609375 -0.100799560546875
0.0429420471191406 -0.0426216125488281 0.083221435546875 -0.0771026611328125
0.0106201171875 -0.0413169860839844 0.0878143310546875 -0.110328674316406
0.00106048583984375 -0.0322055816650391 0.0642623901367188 -0.118995666503906
-0.0267848968505859 -0.0301761627197266 0.0305099487304688 -0.131027221679687
-0.0487556457519531 -0.0326118469238281 0.0059814453125 -0.120468139648438
-0.0518684387207031 -0.0339164733886719 0.00856018066406249 -0.08251953125
-0.0712509155273438 -0.0420684814453125 0.0185050964355469 -0.0543136596679688
-0.0609359741210938 -0.0685195922851563 0.0186004638671875 -0.0117626190185547
-0.0239028930664062 -0.102813720703125 0.00425243377685547 0.0163898468017578
0.02215576171875 -0.112319946289063 -0.0230503082275391 0.0163516998291016
0.097808837890625 -0.080535888671875 -0.0260791778564453 0.0123119354248047
0.128807067871094 -0.063873291015625 -0.0261096954345703 0.00255775451660156
0.1627197265625 -0.030517578125 0.0242652893066406 0.0173854827880859
0.156082153320313 0.01470947265625 0.00881958007812501 -0.16583251953125
0.103439331054688 -0.00537109375 0.0740509033203125 -0.100563049316406
0.0968093872070312 -0.0244903564453125 0.113670349121094 -0.080230712890625
0.0612678527832031 -0.0524559020996094 0.105308532714844 -0.117118835449219
0.0372352600097656 -0.0532264709472656 0.0708999633789063 -0.115165710449219
-0.0024871826171875 -0.0649223327636719 0.038330078125 -0.121856689453125
-0.032379150390625 -0.0689125061035156 0.0199432373046875 -0.105270385742188
-0.0353660583496094 -0.0644760131835938 0.0257530212402344 -0.0675277709960938
-0.0537338256835938 -0.073577880859375 0.040618896484375 -0.0426101684570313
-0.0417938232421875 -0.0863571166992188 0.0364112854003906 -0.00093460083007813
-0.00255584716796875 -0.110710144042969 0.0190944671630859 0.0230121612548828
0.039947509765625 -0.113258361816406 -0.00858497619628906 0.0150175094604492
0.11370849609375 -0.0677032470703125 -0.00452947616577148 0.00177621841430664
0.139350891113281 -0.0410232543945312 0.0167913436889649 -0.0166425704956055
0.161941528320313 0.001007080078125 0.0837860107421875 0.0135650634765625
0.139617919921875 0.05316162109375 0.0650482177734375 -0.147323608398438
0.118560791015625 0.0331878662109375 0.121467590332031 -0.09130859375
0.132278442382813 -0.002960205078125 0.135429382324219 -0.0779342651367188
0.100074768066406 -0.0543441772460937 0.113571166992188 -0.110397338867188
0.0667381286621094 -0.0649833679199219 0.0702362060546875 -0.0974807739257813
0.0214462280273438 -0.0883712768554688 0.0416336059570312 -0.0968475341796875
-0.0118026733398438 -0.09423828125 0.0325393676757812 -0.0763092041015625
-0.0125808715820312 -0.0861740112304688 0.0391120910644531 -0.041717529296875
-0.0272903442382812 -0.09478759765625 0.0550765991210938 -0.0214347839355469
-0.011932373046875 -0.093414306640625 0.0452041625976562 0.0139694213867187
0.02630615234375 -0.102462768554688 0.0253219604492187 0.0312919616699219
0.061309814453125 -0.0949859619140625 -4.67300415039038E-05 0.0152101516723633
0.118698120117188 -0.037750244140625 0.0087881088256836 -0.00578498840332032
0.132682800292969 -0.0030670166015625 0.0508804321289063 -0.0297050476074219
0.139793395996094 0.0360183715820313 0.13604736328125 0.0189590454101563
0.099273681640625 0.0792770385742188 0.107200622558594 -0.11956787109375
0.106353759765625 0.0618133544921875 0.155776977539063 -0.076324462890625
0.135154724121094 0.0209579467773437 0.141647338867188 -0.0715484619140625
0.113914489746094 -0.0423965454101563 0.107566833496094 -0.0934524536132813
0.0811691284179687 -0.058746337890625 0.0611000061035156 -0.0692977905273438
0.0414581298828125 -0.0915908813476562 0.0417594909667969 -0.0607109069824219
0.0111236572265625 -0.102439880371094 0.0409011840820312 -0.0385093688964844
0.0112533569335937 -0.0946121215820312 0.046905517578125 -0.0104255676269531
0.00370788574218749 -0.104232788085938 0.0599632263183594 0.00636291503906249
0.02105712890625 -0.091339111328125 0.04296875 0.0339012145996094
0.0579681396484375 -0.0841064453125 0.0215950012207031 0.04248046875
0.08154296875 -0.0656585693359375 0.00124359130859375 0.0193748474121094
0.116294860839844 0.0033416748046875 0.0150928497314453 -0.00586700439453125
0.112808227539063 0.04315185546875 0.0753707885742188 -0.0278472900390625
0.0992050170898438 0.07305908203125 0.172119140625 0.0363616943359375
0.0420761108398438 0.0908660888671875 0.127174377441406 -0.09002685546875
0.0685958862304688 0.0774917602539063 0.167343139648438 -0.061370849609375
0.102775573730469 0.0414581298828125 0.13128662109375 -0.0632553100585938
0.0986709594726563 -0.015869140625 0.0919189453125 -0.0710220336914063
0.0772323608398437 -0.033782958984375 0.0474395751953125 -0.040771484375
0.0564041137695313 -0.0732040405273438 0.0376319885253906 -0.0237388610839844
0.0355300903320313 -0.092681884765625 0.0445060729980469 0.000244140624999994
0.0344085693359375 -0.0884628295898438 0.046630859375 0.0220680236816406
0.0328521728515625 -0.1005859375 0.0537986755371094 0.0391044616699219
0.0484390258789062 -0.0806045532226563 0.0292510986328125 0.056915283203125
0.079803466796875 -0.0599822998046875 0.00811767578125 0.0566329956054687
0.093963623046875 -0.0331954956054688 -0.00373268127441406 0.0286598205566406
0.104866027832031 0.0426254272460938 0.0132026672363281 0.00594234466552735
0.0829696655273438 0.0845794677734375 0.0858688354492188 -0.00782012939453124
0.047698974609375 0.102188110351563 0.18792724609375 0.0659027099609375
-0.0219802856445312 0.09033203125 0.119346618652344 -0.0635986328125
0.0138702392578125 0.0821609497070313 0.154144287109375 -0.0467681884765625
0.0480384826660156 0.0585975646972656 0.108535766601562 -0.0534515380859375
0.0628318786621094 0.019683837890625 0.0722122192382813 -0.0496063232421875
0.0610313415527344 0.00514984130859375 0.0327873229980469 -0.0194568634033203
0.0663490295410156 -0.0370254516601563 0.0296344757080078 0.0053558349609375
0.0561676025390625 -0.0678863525390625 0.0392684936523438 0.0319137573242187
0.05224609375 -0.0695571899414063 0.0388641357421875 0.0510520935058594
0.0538558959960938 -0.0826416015625 0.0395355224609375 0.07122802734375
0.0622673034667969 -0.0624046325683594 0.009521484375 0.0810394287109375
0.0851821899414063 -0.036102294921875 -0.00923919677734374 0.0738601684570313
0.0905838012695313 -0.0074005126953125 -0.0146369934082031 0.0456275939941406
0.084197998046875 0.0657119750976563 0.00194168090820313 0.0277061462402344
0.0449905395507813 0.109756469726563 0.0799331665039062 0.0259628295898438
-0.00736236572265625 0.113807678222656 0.179244995117188 0.103195190429688
0.0622634887695313 -0.109161376953125 -0.164840698242187 -0.111053466796875
-0.036376953125 -0.08868408203125 -0.0711822509765625 -0.0497817993164063
-0.0673027038574219 -0.0513420104980469 0.0205917358398437 -0.041656494140625
-0.0750350952148438 -0.00348663330078125 0.0410118103027344 -0.0690460205078125
-0.058990478515625 0.01885986328125 0.032867431640625 -0.0949630737304688
-0.0521278381347656 0.0486679077148438 -0.00132751464843751 -0.107948303222656
-0.0489463806152344 0.0528907775878906 -0.034698486328125 -0.101425170898438
-0.0508842468261719 0.0440483093261719 -0.0352325439453125 -0.0746383666992188
-0.06005859375 0.0448570251464844 -0.0338172912597656 -0.0471153259277344
-0.0645370483398438 0.00917434692382813 -0.0232086181640625 -0.0183525085449219
-0.058502197265625 -0.0261726379394531 -0.0304527282714844 0.00974273681640625
-0.0375633239746094 -0.0503273010253906 -0.0553131103515625 0.0262031555175781
0.0034942626953125 -0.0744781494140625 -0.083984375 0.0328216552734375
0.0322647094726562 -0.0894851684570313 -0.117164611816406 0.0454635620117188
0.0806350708007813 -0.0875015258789063 -0.086669921875 0.0451736450195313
0.108192443847656 -0.0821075439453125 -0.1259765625 -0.14605712890625
0.0101852416992188 -0.074676513671875 -0.0376510620117187 -0.0816268920898438
-0.0208930969238281 -0.0491600036621094 0.0441818237304688 -0.0648269653320313
-0.0395050048828125 -0.0184898376464844 0.0577392578125 -0.0943984985351563
-0.0316104888916016 -0.00183296203613282 0.0451126098632813 -0.111129760742187
-0.0410385131835938 0.0143585205078125 0.010711669921875 -0.125831604003906
-0.0514488220214844 0.0149993896484375 -0.02117919921875 -0.118988037109375
-0.0545196533203125 0.00853347778320313 -0.0204086303710938 -0.0860824584960938
-0.0700187683105469 0.00436401367187501 -0.0151634216308594 -0.0582046508789063
-0.0677642822265625 -0.0292816162109375 -0.00779342651367188 -0.0222454071044922
-0.0456314086914063 -0.0680770874023437 -0.0165672302246094 0.00694561004638672
-0.00962829589843749 -0.0871810913085938 -0.0402870178222656 0.016571044921875
0.0543975830078125 -0.0846176147460938 -0.0538978576660156 0.019195556640625
0.0850143432617188 -0.086029052734375 -0.0749130249023438 0.0239105224609375
0.129524230957031 -0.0704803466796875 -0.0396842956542969 0.0257759094238281
0.141815185546875 -0.0421142578125 -0.0728759765625 -0.1650390625
0.0591926574707031 -0.0465469360351563 0.00769805908203125 -0.0995864868164063
0.0371513366699219 -0.0410957336425781 0.0739898681640625 -0.0799179077148437
0.00836563110351562 -0.0357742309570312 0.0776138305664063 -0.113906860351563
0.00256729125976562 -0.0274124145507813 0.0544891357421875 -0.12109375
-0.0228443145751953 -0.0256443023681641 0.01953125 -0.133033752441406
-0.0462760925292969 -0.0277442932128906 -0.00724029541015627 -0.121772766113281
-0.0500297546386719 -0.0294151306152344 -0.00265502929687501 -0.0840530395507813
-0.0693626403808594 -0.0347633361816406 0.006805419921875 -0.0583267211914063
-0.0620536804199219 -0.0604629516601563 0.010711669921875 -0.0176105499267578
-0.030731201171875 -0.0963821411132813 -0.00118637084960938 0.0107440948486328
0.011810302734375 -0.110466003417969 -0.0262279510498047 0.0120353698730469
0.0874557495117188 -0.0876617431640625 -0.02740478515625 0.0064716339111328
0.119331359863281 -0.07623291015625 -0.030975341796875 -0.000427246093750009
0.156845092773438 -0.0464324951171875 0.0182399749755859 0.0104541778564453
0.155593872070312 0.0024871826171875 -0.0133514404296875 -0.1671142578125
0.101303100585938 -0.0104751586914063 0.0587692260742188 -0.10418701171875
0.0956802368164063 -0.0294876098632813 0.103218078613281 -0.0863113403320312
0.0586471557617187 -0.0532608032226563 0.0938796997070313 -0.121566772460937
0.0367202758789062 -0.054107666015625 0.0599594116210938 -0.118797302246094
-0.00397872924804687 -0.0640182495117188 0.026275634765625 -0.125221252441406
-0.035247802734375 -0.0668296813964844 0.00630187988281251 -0.107307434082031
-0.0377311706542969 -0.0625381469726563 0.0141258239746094 -0.0694465637207031
-0.0572052001953125 -0.0689926147460937 0.0277748107910156 -0.0474052429199219
-0.0464553833007813 -0.0816116333007812 0.027679443359375 -0.00730133056640625
-0.0103759765625 -0.108047485351562 0.012211799621582 0.0175275802612305
0.030120849609375 -0.115127563476562 -0.0143861770629883 0.00981712341308593
0.106758117675781 -0.076812744140625 -0.00892353057861327 -0.00616264343261719
0.134262084960938 -0.052642822265625 0.00933074951171876 -0.0243129730224609
0.161834716796875 -0.014312744140625 0.0775146484375 0.00141143798828125
0.14617919921875 0.042755126953125 0.044708251953125 -0.153701782226563
0.122634887695313 0.0254592895507812 0.106719970703125 -0.0992965698242188
0.135330200195313 -0.0121078491210938 0.12420654296875 -0.085174560546875
0.0970840454101563 -0.061676025390625 0.100662231445313 -0.115669250488281
0.0643501281738281 -0.0701484680175781 0.0601119995117188 -0.0997543334960938
0.01519775390625 -0.09100341796875 0.0304183959960937 -0.0999221801757813
-0.0202255249023437 -0.0951385498046875 0.0202484130859375 -0.0789108276367188
-0.0194015502929688 -0.0859222412109375 0.0293807983398438 -0.0436935424804688
-0.0356979370117188 -0.093475341796875 0.0438270568847656 -0.0267295837402344
-0.0191268920898438 -0.0928192138671875 0.0368080139160156 0.00795364379882812
0.0186614990234375 -0.105728149414063 0.0181007385253906 0.0256805419921875
0.053741455078125 -0.101516723632813 -0.00649738311767578 0.00994205474853515
0.117538452148438 -0.0475921630859375 0.00350666046142579 -0.0142536163330078
0.134521484375 -0.014068603515625 0.04290771484375 -0.0398483276367188
0.145477294921875 0.0257568359375 0.129165649414063 0.00269317626953125
0.111099243164063 0.0732192993164063 0.0913772583007812 -0.129951477050781
0.116111755371094 0.0549163818359375 0.142898559570313 -0.0885162353515625
0.142105102539063 0.008758544921875 0.130836486816406 -0.0800094604492188
0.112945556640625 -0.0535812377929688 0.096588134765625 -0.098419189453125
0.0777435302734375 -0.0683975219726563 0.0539321899414062 -0.0714263916015625
0.0318603515625 -0.0981292724609375 0.0334129333496094 -0.0630950927734375
-0.000617980957031256 -0.106246948242187 0.0332221984863281 -0.0416755676269531
0.00119018554687499 -0.0971755981445313 0.03985595703125 -0.0127525329589844
-0.00870513916015624 -0.106468200683594 0.0516014099121094 0.00187301635742187
0.0113067626953125 -0.0947723388671875 0.0362892150878906 0.0293655395507812
0.0498123168945313 -0.0919723510742188 0.0158271789550781 0.0381507873535156
0.0769805908203125 -0.0758285522460938 -0.00474929809570312 0.0140218734741211
0.121109008789063 -0.00775909423828125 0.00954151153564454 -0.0143775939941406
0.122550964355469 0.0333709716796875 0.068023681640625 -0.0399627685546875
0.111335754394531 0.0668182373046875 0.167938232421875 0.0175018310546875
0.0572662353515625 0.0898666381835938 0.115554809570312 -0.101951599121094
0.0821304321289063 0.0737380981445313 0.157699584960938 -0.07470703125
0.113990783691406 0.0309295654296875 0.1217041015625 -0.0711441040039063
0.100242614746094 -0.0286483764648438 0.0826568603515625 -0.0743026733398438
0.0763397216796875 -0.0455551147460938 0.0437507629394531 -0.0412101745605469
0.0471649169921875 -0.082183837890625 0.0337085723876953 -0.0246219635009766
0.0215911865234375 -0.09881591796875 0.0407447814941406 -0.00259399414062501
0.021759033203125 -0.0932388305664063 0.0446281433105469 0.0200042724609375
0.0179443359375 -0.105422973632812 0.0501060485839844 0.0350265502929687
0.03729248046875 -0.0876312255859375 0.0254554748535156 0.0544929504394531
0.0723724365234375 -0.0710983276367187 0.00481414794921876 0.0541954040527344
0.0914993286132813 -0.04620361328125 -0.00828361511230468 0.0249080657958984
0.114456176757813 0.0308456420898437 0.0102691650390625 -0.00119209289550781
0.0978546142578125 0.0770492553710938 0.0821380615234375 -0.020538330078125
0.063629150390625 0.099517822265625 0.188156127929688 0.0469207763671875
-0.00566864013671876 0.094512939453125 0.113853454589844 -0.073638916015625
0.0293655395507812 0.0823287963867188 0.148391723632813 -0.0590667724609375
0.0610923767089844 0.0524711608886719 0.100425720214844 -0.0590057373046875
0.0684776306152344 0.00809097290039063 0.065582275390625 -0.0508003234863281
0.062835693359375 -0.00654220581054688 0.0313987731933594 -0.0174522399902344
0.0588226318359375 -0.0482063293457031 0.03009033203125 0.00581550598144531
0.0432586669921875 -0.0756378173828125 0.041168212890625 0.0303421020507812
0.0395889282226563 -0.07598876953125 0.0406723022460937 0.0498008728027344
0.0386962890625 -0.0895614624023438 0.0409278869628906 0.0686378479003906
0.0507736206054688 -0.0715713500976563 0.00920867919921875 0.0803604125976563
0.0780029296875 -0.0495223999023438 -0.01007080078125 0.0724563598632813
0.0900192260742188 -0.0218582153320313 -0.0164260864257812 0.042510986328125
0.0954742431640625 0.0547561645507812 0.0022869110107422 0.0223503112792969
0.0626220703125 0.103866577148438 0.0812759399414063 0.0149078369140625
0.0103683471679688 0.1162109375 0.185150146484375 0.0863800048828125
0.0479354858398438 -0.112213134765625 -0.1712646484375 -0.100189208984375
-0.0461959838867188 -0.081146240234375 -0.07470703125 -0.0410995483398438
-0.0730743408203125 -0.0416259765625 0.0195388793945312 -0.0389976501464844
-0.0735397338867188 0.00709533691406249 0.040771484375 -0.0677833557128906
-0.0532264709472656 0.0261726379394531 0.0309677124023437 -0.0941619873046875
-0.0419158935546875 0.0526504516601562 -0.002777099609375 -0.108314514160156
-0.0388221740722656 0.0555877685546875 -0.03887939453125 -0.101234436035156
-0.0421829223632813 0.0468215942382813 -0.039276123046875 -0.0747756958007813
-0.0499610900878906 0.0483665466308594 -0.0375823974609375 -0.0468025207519531
-0.0573768615722656 0.0164604187011719 -0.0261974334716797 -0.0210285186767578
-0.05633544921875 -0.0165977478027344 -0.031890869140625 0.00717353820800782
-0.0421524047851563 -0.0423812866210937 -0.0542221069335938 0.0241813659667969
-0.00756072998046875 -0.0720367431640625 -0.0813140869140625 0.03192138671875
0.0188751220703125 -0.0910797119140625 -0.1146240234375 0.0488357543945312
0.0680770874023438 -0.0939865112304688 -0.0858306884765625 0.0481338500976562
0.0967788696289063 -0.0870819091796875 -0.136856079101563 -0.137046813964844
0.00162124633789062 -0.0697898864746094 -0.0449142456054688 -0.07501220703125
-0.0256843566894531 -0.0415573120117188 0.0395851135253906 -0.0634880065917969
-0.0381813049316406 -0.00897979736328125 0.053741455078125 -0.0936431884765625
-0.0269393920898438 0.00403785705566407 0.0402755737304687 -0.111007690429688
-0.0331249237060547 0.0173149108886719 0.00617218017578124 -0.125648498535156
-0.0437278747558594 0.0166473388671875 -0.0282058715820312 -0.118400573730469
-0.0477561950683594 0.0106773376464844 -0.0270538330078125 -0.0859756469726563
-0.0625457763671875 0.00859832763671874 -0.0228919982910156 -0.0581016540527344
-0.0631103515625 -0.0225753784179688 -0.0132503509521484 -0.0254230499267578
-0.0460281372070313 -0.0597000122070312 -0.0207595825195313 0.00350189208984374
-0.0154495239257813 -0.0815658569335938 -0.0425605773925781 0.0132026672363281
0.0433120727539063 -0.085174560546875 -0.0544929504394531 0.0158920288085938
0.0731887817382812 -0.0902633666992187 -0.076324462890625 0.0242538452148437
0.119155883789063 -0.0794830322265625 -0.0425071716308594 0.0253753662109375
0.135223388671875 -0.0483856201171875 -0.0876007080078125 -0.159027099609375
0.0535202026367188 -0.0447158813476563 -0.00291442871093751 -0.09515380859375
0.03399658203125 -0.0376091003417969 0.0678939819335938 -0.0798797607421875
0.00833702087402344 -0.0304603576660156 0.0709686279296875 -0.113739013671875
0.00559425354003906 -0.0241012573242188 0.0478744506835938 -0.121185302734375
-0.0183200836181641 -0.0235309600830078 0.0121231079101562 -0.133262634277344
-0.0427474975585938 -0.0261421203613281 -0.0172042846679687 -0.120437622070313
-0.0463371276855469 -0.0273475646972656 -0.0112533569335938 -0.0839309692382812
-0.0662078857421875 -0.0312042236328125 -0.00288009643554687 -0.0586891174316406
-0.0607223510742187 -0.0548171997070313 0.00332260131835937 -0.0204391479492188
-0.0339202880859375 -0.090545654296875 -0.00688076019287109 0.00735664367675781
0.00469970703125001 -0.107093811035156 -0.0304126739501953 0.0087604522705078
0.0794219970703125 -0.090728759765625 -0.031524658203125 0.000116348266601561
0.110054016113281 -0.0821380615234375 -0.0354423522949219 -0.00318145751953126
0.150650024414063 -0.0566864013671875 0.0116519927978516 0.00638675689697265
0.155059814453125 -0.0052490234375 -0.0299072265625 -0.163818359375
0.0994110107421875 -0.0126266479492188 0.0458831787109375 -0.103309631347656
0.09405517578125 -0.0313339233398438 0.0953369140625 -0.086517333984375
0.056976318359375 -0.0526237487792969 0.0852813720703125 -0.122489929199219
0.0374526977539063 -0.0536689758300781 0.052398681640625 -0.118293762207031
-0.00270462036132813 -0.0634727478027344 0.0172042846679688 -0.124725341796875
-0.037078857421875 -0.0656471252441406 -0.00408935546875 -0.106773376464844
-0.038177490234375 -0.0611152648925781 0.00599288940429687 -0.0687026977539063
-0.0583572387695312 -0.065673828125 0.017974853515625 -0.0476188659667969
-0.04742431640625 -0.0780258178710938 0.0190753936767578 -0.0103225708007813
-0.0145339965820312 -0.105354309082031 0.00512027740478516 0.0140762329101562
0.0238876342773437 -0.114265441894531 -0.020263671875 0.00617790222167968
0.102149963378906 -0.0813827514648438 -0.0147380828857422 -0.0126924514770508
0.129913330078125 -0.0604019165039063 0.00211143493652344 -0.0296401977539063
0.160202026367188 -0.02337646484375 0.069000244140625 -0.00577163696289063
0.150588989257813 0.036163330078125 0.0286712646484375 -0.154739379882812
0.125648498535156 0.0210342407226563 0.0941162109375 -0.10174560546875
0.136505126953125 -0.0185394287109375 0.114913940429688 -0.087066650390625
0.095123291015625 -0.0660552978515625 0.0921096801757813 -0.116058349609375
0.063018798828125 -0.074066162109375 0.0533905029296875 -0.100166320800781
0.011749267578125 -0.09234619140625 0.0224838256835938 -0.0996246337890625
-0.025482177734375 -0.094482421875 0.0110321044921875 -0.0780868530273438
-0.0242080688476563 -0.0861282348632813 0.0223350524902344 -0.0439567565917969
-0.0412673950195313 -0.0916976928710938 0.0343799591064453 -0.027618408203125
-0.0240936279296875 -0.0920257568359375 0.0285892486572266 0.00650405883789062
0.0127944946289062 -0.106491088867188 0.0109081268310547 0.0233554840087891
0.0476150512695313 -0.104637145996094 -0.013850212097168 0.00708293914794921
0.117118835449219 -0.0548095703125 -0.00298309326171874 -0.0209674835205078
0.135398864746094 -0.022125244140625 0.0339584350585938 -0.0467796325683594
0.149032592773438 0.017730712890625 0.120895385742188 -0.0071563720703125
0.12017822265625 0.0678558349609375 0.077301025390625 -0.133567810058594
0.122795104980469 0.0491943359375 0.131538391113281 -0.0943832397460938
0.147216796875 -0.000457763671875 0.121879577636719 -0.0830307006835937
0.111114501953125 -0.0617752075195313 0.088470458984375 -0.0986404418945313
0.0755615234375 -0.0750656127929688 0.0491790771484375 -0.070892333984375
0.0260391235351563 -0.10137939453125 0.0273056030273438 -0.0636100769042969
-0.00942230224609374 -0.106697082519531 0.0259323120117188 -0.0411109924316406
-0.00628662109374999 -0.0979232788085938 0.0348644256591797 -0.0129489898681641
-0.0176773071289063 -0.106178283691406 0.0443954467773438 0.000400543212890618
0.00421905517578125 -0.0962982177734375 0.0296421051025391 0.0282421112060547
0.0430526733398438 -0.0964431762695313 0.00930023193359376 0.0363807678222656
0.0724945068359375 -0.083038330078125 -0.0118865966796875 0.0114822387695312
0.124481201171875 -0.0161514282226563 0.00383949279785157 -0.020294189453125
0.127922058105469 0.0252761840820313 0.0600662231445313 -0.0482063293457031
0.119194030761719 0.0611190795898438 0.161331176757813 0.00555419921875
0.0689239501953125 0.08734130859375 0.105857849121094 -0.107612609863281
0.0921859741210938 0.0686569213867188 0.14892578125 -0.08154296875
0.121932983398438 0.0216827392578125 0.113578796386719 -0.0735321044921875
0.100296020507813 -0.0388107299804688 0.0762939453125 -0.074462890625
0.0733108520507813 -0.053558349609375 0.0409965515136719 -0.039459228515625
0.0389938354492188 -0.0877151489257813 0.0310134887695313 -0.0249290466308594
0.01007080078125 -0.101036071777344 0.0374794006347656 -0.00269699096679688
0.012603759765625 -0.0956497192382813 0.0417289733886719 0.0201606750488281
0.006927490234375 -0.106483459472656 0.0458106994628906 0.0340347290039062
0.0278549194335937 -0.0906829833984375 0.0207786560058594 0.0543289184570312
0.0651321411132813 -0.0786819458007813 0.000480651855468756 0.0527420043945312
0.0880050659179688 -0.0564498901367187 -0.0135631561279297 0.0224189758300781
0.120735168457031 0.021240234375 0.00621461868286134 -0.00719261169433594
0.108619689941406 0.0698471069335938 0.0769729614257813 -0.0286865234375
0.0760498046875 0.0963211059570313 0.185028076171875 0.0345001220703125
0.00756072998046875 0.0954513549804688 0.108741760253906 -0.0795135498046875
0.0411605834960938 0.0800094604492188 0.143173217773438 -0.065460205078125
0.07147216796875 0.0452423095703125 0.0946807861328125 -0.0606155395507813
0.0709457397460938 -0.00153350830078125 0.062042236328125 -0.0491142272949219
0.0617294311523437 -0.0153961181640625 0.0313358306884766 -0.0148105621337891
0.0512428283691406 -0.0556297302246094 0.0311908721923828 0.00580596923828125
0.0316390991210937 -0.0795059204101563 0.0421905517578125 0.0294952392578125
0.0287322998046875 -0.0781936645507813 0.04241943359375 0.0496406555175781
0.0257186889648438 -0.092041015625 0.0403518676757812 0.0678634643554688
0.0409698486328125 -0.0753250122070313 0.00789642333984374 0.081817626953125
0.070892333984375 -0.0584335327148437 -0.0119247436523438 0.0720367431640625
0.08697509765625 -0.0331039428710938 -0.0188140869140625 0.0401649475097656
0.102386474609375 0.0450973510742187 0.00107192993164063 0.0177249908447266
0.0754318237304687 0.0971450805664063 0.079833984375 0.00627899169921876
0.024169921875 0.114875793457031 0.18707275390625 0.074676513671875
0.0370254516601562 -0.114326477050781 -0.177276611328125 -0.09368896484375
-0.0534820556640625 -0.0747833251953125 -0.0764389038085938 -0.0350570678710938
-0.0783615112304688 -0.0336685180664063 0.019622802734375 -0.0371742248535156
-0.0715484619140625 0.016204833984375 0.0422134399414062 -0.0680961608886719
-0.0486183166503906 0.0312385559082031 0.0316848754882813 -0.0957489013671875
-0.0341072082519531 0.0544853210449219 -0.00312042236328126 -0.110038757324219
-0.0310401916503906 0.0561714172363281 -0.041229248046875 -0.102294921875
-0.0357589721679688 0.0480880737304687 -0.0425949096679687 -0.0752944946289063
-0.0418243408203125 0.0504684448242187 -0.0410995483398438 -0.0470085144042969
-0.051422119140625 0.0205497741699219 -0.0293312072753906 -0.0229434967041016
-0.0544548034667969 -0.0104904174804687 -0.0349006652832031 0.00501060485839844
-0.0445747375488281 -0.0356216430664062 -0.056060791015625 0.0216941833496094
-0.0164146423339844 -0.0691871643066406 -0.0817108154296875 0.0303421020507813
0.00845336914062499 -0.0908889770507813 -0.114089965820313 0.051177978515625
0.0587692260742188 -0.0992584228515625 -0.08697509765625 0.04931640625
0.0890045166015625 -0.0904998779296875 -0.146255493164062 -0.131790161132813
-0.00403976440429687 -0.0650215148925781 -0.0504074096679688 -0.0696144104003906
-0.0288734436035156 -0.0355682373046875 0.0380096435546875 -0.0618667602539063
-0.0361480712890625 -0.00208663940429688 0.053131103515625 -0.0938186645507813
-0.02191162109375 0.00755119323730469 0.0386962890625 -0.111663818359375
-0.0260887145996094 0.0184059143066406 0.00361633300781251 -0.127220153808594
-0.038421630859375 0.0172119140625 -0.0334625244140625 -0.119255065917969
-0.0426101684570313 0.01141357421875 -0.0329360961914063 -0.086669921875
-0.0565261840820313 0.0102424621582031 -0.0287361145019531 -0.0583763122558594
-0.0592460632324219 -0.0191307067871094 -0.0184440612792969 -0.0278873443603516
-0.0453414916992188 -0.0546417236328125 -0.0255317687988281 0.00131416320800781
-0.0190353393554688 -0.077056884765625 -0.0462265014648438 0.0108642578125
0.0365982055664063 -0.084930419921875 -0.0567855834960938 0.0119132995605469
0.0643157958984375 -0.093231201171875 -0.0791549682617187 0.0236663818359375
0.112358093261719 -0.0866928100585938 -0.0465545654296875 0.0243186950683594
0.131332397460938 -0.0528335571289063 -0.0993804931640625 -0.15582275390625
0.0503616333007813 -0.0423851013183594 -0.0108642578125 -0.0923995971679688
0.0329303741455078 -0.034759521484375 0.0643310546875 -0.0785598754882813
0.00980758666992187 -0.0259342193603516 0.0678939819335938 -0.114486694335938
0.00990104675292969 -0.0225200653076172 0.04498291015625 -0.121536254882812
-0.0138149261474609 -0.0232429504394531 0.00778961181640624 -0.134429931640625
-0.0403594970703125 -0.025970458984375 -0.0240097045898438 -0.120918273925781
-0.0441398620605469 -0.0273017883300781 -0.0178604125976563 -0.0836715698242188
-0.0631942749023438 -0.0302047729492188 -0.0100898742675781 -0.0586471557617188
-0.0590896606445312 -0.0530509948730469 -0.003570556640625 -0.0224113464355469
-0.03436279296875 -0.0872650146484375 -0.0132656097412109 0.00566387176513671
0.000885009765625 -0.105087280273438 -0.0359077453613281 0.00597381591796874
0.0745925903320313 -0.092681884765625 -0.03643798828125 -0.00478363037109375
0.104507446289062 -0.0862197875976562 -0.0414009094238281 -0.00554656982421876
0.147171020507813 -0.0632781982421875 0.0063009262084961 0.00360012054443359
0.15545654296875 -0.0095062255859375 -0.0428009033203125 -0.162979125976563
0.09918212890625 -0.0129013061523438 0.036834716796875 -0.101547241210938
0.0947647094726563 -0.0324020385742188 0.090972900390625 -0.087066650390625
0.0579681396484375 -0.0521087646484375 0.081085205078125 -0.122657775878906
0.0403671264648438 -0.0550270080566406 0.0487442016601562 -0.118576049804688
-0.00166702270507812 -0.0650405883789063 0.0115127563476562 -0.126075744628906
-0.0378456115722656 -0.065887451171875 -0.011688232421875 -0.1055908203125
-0.0389785766601562 -0.0619239807128906 -0.000255584716796876 -0.0680580139160156
-0.0593528747558594 -0.0651512145996094 0.00988006591796875 -0.0472869873046875
-0.0488357543945312 -0.076995849609375 0.0114688873291016 -0.0109195709228516
-0.0171356201171875 -0.10491943359375 -0.00236797332763672 0.0130147933959961
0.020904541015625 -0.11517333984375 -0.0275421142578125 0.00417900085449218
0.100738525390625 -0.0853347778320313 -0.0212326049804687 -0.0177154541015625
0.127998352050781 -0.0652923583984375 -0.00542640686035156 -0.0333766937255859
0.161026000976562 -0.0295257568359375 0.0631599426269531 -0.0105209350585938
0.15521240234375 0.0315704345703125 0.0169830322265625 -0.155868530273438
0.129486083984375 0.0185775756835937 0.0857086181640625 -0.102622985839844
0.140533447265625 -0.0233306884765625 0.110633850097656 -0.0878982543945313
0.0947952270507813 -0.0695419311523438 0.0876312255859375 -0.116943359375
0.063751220703125 -0.0779876708984375 0.0501251220703125 -0.10040283203125
0.00993347167968749 -0.0951385498046875 0.01727294921875 -0.0999526977539062
-0.0295562744140625 -0.0953598022460938 0.00404357910156251 -0.0772247314453125
-0.027313232421875 -0.0877685546875 0.0168914794921875 -0.0428009033203125
-0.0447616577148437 -0.0917205810546875 0.0274200439453125 -0.0266284942626953
-0.0270843505859375 -0.0926284790039062 0.0218029022216797 0.00622749328613281
0.00989532470703124 -0.108627319335937 0.00367546081542968 0.0233974456787109
0.0448684692382812 -0.108383178710938 -0.0211696624755859 0.005340576171875
0.118377685546875 -0.0600967407226563 -0.0107269287109375 -0.0266265869140625
0.138046264648437 -0.0274887084960937 0.0263595581054688 -0.0521507263183594
0.153717041015625 0.0127105712890625 0.115226745605469 -0.0135498046875
0.128570556640625 0.0647430419921875 0.0680618286132813 -0.136543273925781
0.129325866699219 0.0458297729492188 0.123893737792969 -0.0967483520507812
0.153213500976563 -0.0074920654296875 0.11761474609375 -0.0839691162109375
0.111412048339844 -0.0686798095703125 0.084259033203125 -0.0984573364257812
0.0753021240234375 -0.0809097290039063 0.047119140625 -0.0700225830078125
0.0212783813476563 -0.105857849121094 0.0232772827148437 -0.0633163452148438
-0.01629638671875 -0.108673095703125 0.0211753845214844 -0.0401763916015625
-0.0124282836914063 -0.0998077392578125 0.03125 -0.0113353729248047
-0.0244674682617187 -0.106803894042969 0.0387840270996094 0.00212860107421874
-0.00122833251953124 -0.09832763671875 0.0229015350341797 0.0290775299072266
0.0388031005859375 -0.100776672363281 0.00284576416015625 0.0371246337890625
0.0699615478515625 -0.0890960693359375 -0.0191879272460937 0.0107669830322266
0.128715515136719 -0.0238418579101562 -0.00312042236328124 -0.0253887176513672
0.134811401367188 0.01971435546875 0.0539665222167969 -0.0545005798339844
0.127761840820313 0.057525634765625 0.157760620117188 -0.001129150390625
0.0799636840820312 0.0857467651367188 0.0994720458984375 -0.111305236816406
0.101295471191406 0.0652084350585938 0.144332885742188 -0.0858306884765625
0.12921142578125 0.0141677856445313 0.109687805175781 -0.0745849609375
0.100845336914063 -0.0474090576171875 0.0737838745117188 -0.0730667114257813
0.0728912353515625 -0.0607833862304688 0.0409507751464844 -0.0386886596679688
0.0324630737304688 -0.0929031372070312 0.0293197631835938 -0.0246162414550781
0.00193786621093751 -0.103401184082031 0.0358352661132813 -0.00212860107421876
0.005096435546875 -0.0974807739257813 0.0405349731445312 0.0213127136230469
-0.00222015380859374 -0.107429504394531 0.04266357421875 0.0358772277832031
0.0210723876953125 -0.0929946899414063 0.0162200927734375 0.0566940307617187
0.0601577758789063 -0.0847091674804688 -0.00512313842773437 0.0547027587890625
0.0854415893554688 -0.0641021728515625 -0.0196075439453125 0.0215435028076172
0.12646484375 0.0127792358398437 0.00134277343750001 -0.011322021484375
0.117294311523438 0.0632858276367188 0.0731964111328125 -0.0351028442382813
0.0860443115234375 0.094512939453125 0.183822631835938 0.02764892578125
0.0181350708007812 0.0956268310546875 0.106376647949219 -0.0829315185546875
0.051483154296875 0.0780258178710938 0.141128540039063 -0.069854736328125
0.0798721313476563 0.0385284423828125 0.0922698974609375 -0.0599365234375
0.0723342895507813 -0.009429931640625 0.0613250732421875 -0.0468711853027344
0.061553955078125 -0.0228042602539063 0.0337867736816406 -0.0128459930419922
0.044921875 -0.060760498046875 0.0319137573242188 0.00666999816894531
0.0232086181640625 -0.0820541381835938 0.0430870056152344 0.0299339294433594
0.02105712890625 -0.080535888671875 0.0434799194335938 0.0504875183105469
0.0164947509765625 -0.0931320190429688 0.0397872924804688 0.0695075988769531
0.0327682495117188 -0.0784225463867188 0.00550842285156249 0.0844192504882812
0.0647201538085938 -0.0645866394042969 -0.0151748657226562 0.0731964111328125
0.0839614868164063 -0.0418777465820313 -0.0230522155761719 0.0397491455078125
0.109031677246094 0.0362396240234375 -0.000880241394042961 0.0137367248535156
0.0859603881835938 0.0917129516601563 0.0789337158203125 7.62939453125056E-05
0.0348129272460938 0.114952087402344 0.18927001953125 0.0678253173828125
0.0266342163085937 -0.117530822753906 -0.186355590820313 -0.088104248046875
-0.0603828430175781 -0.0696907043457031 -0.0794754028320312 -0.029754638671875
-0.0830612182617188 -0.0251235961914062 0.0210227966308594 -0.0364418029785156
-0.0694503784179688 0.0246467590332031 0.0450363159179687 -0.070159912109375
-0.044097900390625 0.0367240905761719 0.032440185546875 -0.098541259765625
-0.026702880859375 0.0569190979003906 -0.00348663330078125 -0.115013122558594
-0.02435302734375 0.0571403503417969 -0.0455322265625 -0.1058349609375
-0.0294570922851562 0.0492668151855469 -0.0475845336914063 -0.0776519775390625
-0.0348892211914062 0.0514488220214844 -0.0458450317382813 -0.0480918884277344
-0.0469703674316406 0.0236053466796875 -0.0334949493408203 -0.0252857208251953
-0.0520858764648438 -0.00490570068359374 -0.0384788513183594 0.00335693359375001
-0.047119140625 -0.0294990539550781 -0.0592880249023438 0.0211067199707031
-0.0242919921875 -0.066802978515625 -0.0841140747070313 0.0295867919921875
-0.00148010253906249 -0.0916290283203125 -0.116966247558594 0.0545806884765625
0.0494613647460938 -0.105133056640625 -0.0898818969726562 0.0522918701171875
0.0830917358398438 -0.0943679809570312 -0.159271240234375 -0.127960205078125
-0.00890731811523438 -0.0614013671875 -0.0563087463378906 -0.0656623840332031
-0.0315971374511719 -0.0294990539550781 0.0375862121582031 -0.0619583129882813
-0.0339641571044922 0.00469779968261719 0.0534439086914062 -0.09613037109375
-0.0178508758544922 0.0107479095458984 0.0378189086914062 -0.115005493164063
-0.0200996398925781 0.0193328857421875 0.00106048583984374 -0.132095336914063
-0.0337429046630859 0.0174961090087891 -0.0402908325195312 -0.122459411621094
-0.0392112731933594 0.0118446350097656 -0.0391082763671875 -0.0885848999023438
-0.0524024963378906 0.010406494140625 -0.0350837707519531 -0.0589752197265625
-0.0568084716796875 -0.0168190002441406 -0.0243492126464844 -0.0293159484863281
-0.0450553894042969 -0.051666259765625 -0.0306911468505859 0.000823974609374995
-0.0221405029296875 -0.0741424560546875 -0.0511436462402344 0.00992202758789062
0.0309295654296875 -0.0860748291015625 -0.0617561340332031 0.00895690917968749
0.0568389892578125 -0.096527099609375 -0.0844879150390625 0.025054931640625
0.1072998046875 -0.0934906005859375 -0.0513839721679687 0.0251197814941406
0.13006591796875 -0.0572662353515625 -0.11376953125 -0.153945922851563
0.0491485595703125 -0.0409164428710938 -0.0181350708007812 -0.0895843505859375
0.0326271057128906 -0.0326023101806641 0.0627899169921875 -0.0794830322265625
0.0117473602294922 -0.0227584838867188 0.066558837890625 -0.117042541503906
0.013671875 -0.0221366882324219 0.0430145263671875 -0.125152587890625
-0.0103263854980469 -0.0244407653808594 0.00311279296875 -0.138038635253906
-0.038970947265625 -0.0268287658691406 -0.0313720703125 -0.122314453125
-0.0427665710449219 -0.0284080505371094 -0.023956298828125 -0.0851898193359375
-0.0624313354492188 -0.0302848815917969 -0.0171394348144531 -0.0586662292480469
-0.0593032836914063 -0.0519790649414063 -0.0102920532226563 -0.0235157012939453
-0.0356826782226563 -0.0863265991210938 -0.0193958282470703 0.00529861450195312
-0.00237274169921874 -0.104766845703125 -0.0429878234863281 0.00491714477539063
0.0716400146484375 -0.0964202880859375 -0.0429191589355469 -0.00845718383789063
0.100547790527344 -0.0915298461914063 -0.0483245849609375 -0.00708770751953125
0.146148681640625 -0.0713348388671875 0.000969290733337411 0.00202023983001709
0.158477783203125 -0.01483154296875 -0.0563201904296875 -0.163375854492187
0.102210998535156 -0.0138015747070313 0.0290069580078125 -0.10101318359375
0.097808837890625 -0.0340042114257813 0.0893630981445313 -0.08831787109375
0.059722900390625 -0.053070068359375 0.0788726806640625 -0.125862121582031
0.0428466796875 -0.0580482482910156 0.0464019775390625 -0.12176513671875
-0.000846862792968751 -0.0678329467773437 0.00537109375 -0.128440856933594
-0.0398635864257813 -0.0674552917480469 -0.01934814453125 -0.106727600097656
-0.0406494140625 -0.064178466796875 -0.00616455078125001 -0.068817138671875
-0.0618476867675781 -0.0662918090820313 0.00302505493164062 -0.0472602844238281
-0.0508880615234375 -0.0780029296875 0.00530624389648437 -0.0109243392944336
-0.0195770263671875 -0.106910705566406 -0.00863361358642578 0.0139064788818359
0.0171966552734375 -0.118339538574219 -0.0351524353027344 0.003448486328125
0.100547790527344 -0.0917129516601563 -0.0297107696533203 -0.0226421356201172
0.128005981445313 -0.0716018676757813 -0.0134468078613281 -0.0373001098632813
0.164627075195313 -0.0365753173828125 0.0574722290039063 -0.0150299072265625
0.162445068359375 0.0273284912109375 0.00448608398437502 -0.158187866210938
0.134895324707031 0.015838623046875 0.0788345336914063 -0.104354858398437
0.146148681640625 -0.02923583984375 0.109024047851563 -0.0901107788085938
0.0974044799804688 -0.0747146606445313 0.085174560546875 -0.119491577148438
0.0656661987304688 -0.0835647583007813 0.0482025146484375 -0.103073120117188
0.00782012939453126 -0.0996017456054688 0.01177978515625 -0.101898193359375
-0.0351791381835937 -0.0973892211914063 -0.0018768310546875 -0.0775222778320313
-0.0315780639648438 -0.0904541015625 0.0123634338378906 -0.04217529296875
-0.05023193359375 -0.0935745239257813 0.0218791961669922 -0.0253200531005859
-0.0310516357421875 -0.0947799682617188 0.0156822204589844 0.00799846649169921
0.00596618652343751 -0.112693786621094 -0.0024871826171875 0.0250511169433594
0.0423507690429688 -0.113410949707031 -0.0289039611816406 0.0048694610595703
0.121810913085938 -0.06787109375 -0.0191020965576172 -0.03094482421875
0.142654418945312 -0.0346221923828125 0.0182647705078125 -0.0577125549316406
0.1612548828125 0.007110595703125 0.11187744140625 -0.0193710327148438
0.138877868652344 0.06134033203125 0.0586090087890625 -0.140914916992188
0.1390380859375 0.0419540405273438 0.119117736816406 -0.100967407226563
0.160995483398438 -0.015777587890625 0.116081237792969 -0.0861892700195313
0.113227844238281 -0.077056884765625 0.08245849609375 -0.100662231445313
0.0753936767578125 -0.089630126953125 0.0460968017578125 -0.0720367431640625
0.0161972045898437 -0.111061096191406 0.0195541381835938 -0.0641250610351562
-0.0246963500976563 -0.11090087890625 0.0172233581542969 -0.0400123596191406
-0.0182723999023437 -0.10345458984375 0.0295352935791016 -0.0104446411132813
-0.0319747924804688 -0.109024047851563 0.0353279113769531 0.00398254394531249
-0.00658416748046874 -0.100990295410156 0.0185642242431641 0.0328006744384766
0.0347518920898438 -0.106796264648438 -0.00253677368164062 0.0404205322265625
0.0680160522460938 -0.0960235595703125 -0.0259914398193359 0.0114231109619141
0.135406494140625 -0.0319137573242188 -0.0107822418212891 -0.0298652648925781
0.142807006835937 0.012725830078125 0.0475311279296875 -0.0606040954589844
0.138236999511719 0.054107666015625 0.156906127929688 -0.0078582763671875
0.0909271240234375 0.0848007202148438 0.09454345703125 -0.116722106933594
0.11151123046875 0.0621261596679688 0.141921997070313 -0.0919036865234375
0.1385498046875 0.0054168701171875 0.108772277832031 -0.0765228271484375
0.103218078613281 -0.05633544921875 0.0736160278320312 -0.0735092163085937
0.0725860595703125 -0.06951904296875 0.0420455932617188 -0.0387229919433594
0.0261688232421875 -0.0987625122070313 0.0286750793457031 -0.0247116088867188
-0.00763702392578125 -0.106109619140625 0.0349102020263672 -0.00180625915527344
-0.00257110595703124 -0.10076904296875 0.0413665771484375 0.022979736328125
-0.0108108520507812 -0.109001159667969 0.0411529541015625 0.0387840270996094
0.0141830444335938 -0.0966339111328125 0.0134963989257813 0.0616035461425781
0.0551834106445313 -0.0917739868164063 -0.0096893310546875 0.0584182739257812
0.08392333984375 -0.0723800659179688 -0.0255661010742187 0.0225639343261719
0.134315490722656 0.00414276123046875 -0.00357532501220702 -0.0152549743652344
0.128097534179688 0.0574874877929688 0.0697441101074219 -0.0419273376464844
0.0985641479492188 0.0931243896484375 0.186721801757812 0.0208282470703125
0.028472900390625 0.096282958984375 0.105690002441406 -0.0887680053710938
0.062225341796875 0.0761795043945313 0.142532348632813 -0.0764007568359375
0.0886383056640625 0.0318603515625 0.0921096801757813 -0.060943603515625
0.0744552612304688 -0.0180892944335938 0.0628623962402344 -0.0458564758300781
0.0609664916992188 -0.0304412841796875 0.0369758605957031 -0.01177978515625
0.0392036437988281 -0.0663414001464844 0.0342674255371094 0.00728416442871093
0.0142593383789062 -0.0847549438476563 0.0458831787109375 0.0304527282714844
0.0136032104492188 -0.0830535888671875 0.0466423034667969 0.0530052185058594
0.0076751708984375 -0.0949172973632813 0.041259765625 0.072906494140625
0.025177001953125 -0.0815200805664063 0.00443267822265625 0.0894775390625
0.0594635009765625 -0.0711593627929688 -0.0179672241210937 0.0770492553710937
0.0817184448242188 -0.0493545532226562 -0.027099609375 0.0403823852539063
0.116798400878906 0.028076171875 -0.00282955169677734 0.0112600326538086
0.096771240234375 0.0868301391601562 0.0799102783203125 -0.00643157958984374
0.046905517578125 0.115257263183594 0.196090698242188 0.0624542236328125
0.0149307250976563 -0.120536804199219 -0.198440551757813 -0.0788421630859375
-0.0681838989257813 -0.06390380859375 -0.0831451416015625 -0.0231552124023438
-0.0873794555664062 -0.0151748657226562 0.0215072631835937 -0.0371360778808594
-0.0667572021484375 0.0336418151855469 0.04559326171875 -0.0741500854492188
-0.03955078125 0.0425148010253906 0.031158447265625 -0.1036376953125
-0.0186042785644531 0.0583114624023438 -0.00633239746093751 -0.121231079101563
-0.0168571472167969 0.0584144592285156 -0.0521469116210938 -0.109748840332031
-0.0232429504394531 0.0506019592285156 -0.0541534423828125 -0.0792770385742188
-0.0281906127929688 0.0524826049804688 -0.0514411926269531 -0.0478286743164063
-0.0420112609863281 0.0268783569335938 -0.0384712219238281 -0.0261421203613281
-0.0503044128417969 0.000591278076171876 -0.0424995422363281 0.00341796875000001
-0.0495414733886719 -0.0232429504394531 -0.0628242492675781 0.0223617553710938
-0.0328330993652344 -0.0630073547363281 -0.0876235961914063 0.0313644409179687
-0.012542724609375 -0.0912551879882813 -0.119651794433594 0.0605010986328125
0.0387115478515625 -0.11126708984375 -0.0925827026367188 0.0577011108398438
0.07574462890625 -0.0997390747070312 -0.174957275390625 -0.120864868164063
-0.013641357421875 -0.0579719543457031 -0.0632438659667969 -0.0604286193847656
-0.0338726043701172 -0.0227699279785156 0.0367813110351562 -0.0638694763183594
-0.0307579040527344 0.0112171173095703 0.0519790649414062 -0.101043701171875
-0.0125932693481445 0.0133876800537109 0.0348968505859375 -0.1199951171875
-0.0139102935791016 0.0195045471191406 -0.00460815429687499 -0.137405395507813
-0.0299873352050781 0.0177822113037109 -0.049163818359375 -0.124343872070313
-0.0364456176757813 0.0118637084960937 -0.0470657348632813 -0.0896224975585937
-0.0491561889648437 0.0117416381835938 -0.0421905517578125 -0.0590400695800781
-0.0553092956542969 -0.0149154663085938 -0.0310306549072266 -0.0301475524902344
-0.0458526611328125 -0.0487213134765625 -0.0362052917480469 0.001251220703125
-0.025848388671875 -0.0718917846679688 -0.0566215515136719 0.010772705078125
0.0242691040039063 -0.0873794555664063 -0.0679283142089844 0.00899505615234374
0.0488662719726563 -0.100303649902344 -0.090545654296875 0.0284042358398437
0.100357055664063 -0.102737426757813 -0.0562019348144531 0.0277175903320312
0.128387451171875 -0.0642166137695313 -0.131256103515625 -0.14923095703125
0.0477561950683594 -0.0402145385742188 -0.0270538330078125 -0.0869293212890625
0.0328350067138672 -0.0307731628417969 0.0608444213867188 -0.0824813842773438
0.0146465301513672 -0.0200881958007813 0.0634078979492187 -0.122726440429688
0.0172481536865234 -0.0232791900634766 0.0386734008789062 -0.130577087402344
-0.00741195678710938 -0.0265655517578125 -0.00407409667968751 -0.142852783203125
-0.038543701171875 -0.0272560119628906 -0.0416336059570312 -0.12445068359375
-0.04351806640625 -0.0293083190917969 -0.0321273803710937 -0.0858306884765625
-0.063140869140625 -0.0300140380859375 -0.0250816345214844 -0.0578880310058594
-0.0600090026855469 -0.0512275695800781 -0.0168552398681641 -0.0234203338623047
-0.0390167236328125 -0.086090087890625 -0.0254802703857422 0.00673294067382812
-0.00727081298828124 -0.1064453125 -0.04986572265625 0.00613784790039062
0.0677490234375 -0.102333068847656 -0.0516624450683594 -0.0103874206542969
0.0960845947265625 -0.0987014770507813 -0.0565071105957031 -0.00685882568359375
0.144668579101563 -0.0816802978515625 -0.00486421585083007 0.000452995300292964
0.163345336914063 -0.0220489501953125 -0.0731048583984375 -0.162399291992187
0.105331420898438 -0.0166473388671875 0.0208282470703125 -0.100921630859375
0.101371765136719 -0.0379867553710938 0.0878448486328125 -0.0919876098632813
0.061737060546875 -0.0560493469238281 0.0750274658203125 -0.131752014160156
0.0452919006347656 -0.062652587890625 0.0416412353515625 -0.126869201660156
-0.0017852783203125 -0.0711593627929688 -0.0016632080078125 -0.131431579589844
-0.0434722900390625 -0.0687484741210937 -0.0286636352539063 -0.107101440429687
-0.0440254211425781 -0.0664558410644531 -0.0134544372558594 -0.0689277648925781
-0.0665092468261719 -0.0667343139648437 -0.00362396240234375 -0.0466194152832031
-0.0547866821289062 -0.0785751342773438 -0.000947952270507816 -0.00982093811035157
-0.0245895385742188 -0.109077453613281 -0.0142488479614258 0.0164852142333984
0.0120620727539063 -0.12255859375 -0.0427513122558594 0.00540161132812498
0.099395751953125 -0.0998306274414063 -0.03955078125 -0.0255851745605469
0.128059387207031 -0.0807418823242188 -0.023101806640625 -0.0398368835449219
0.168136596679688 -0.04730224609375 0.0528068542480469 -0.0198860168457031
0.171676635742188 0.0198974609375 -0.009674072265625 -0.160202026367188
0.142669677734375 0.01025390625 0.0709762573242188 -0.107833862304688
0.152191162109375 -0.0385894775390625 0.107269287109375 -0.0948867797851563
0.0976791381835937 -0.0825271606445313 0.0812530517578125 -0.124755859375
0.0654220581054688 -0.0920333862304687 0.0445632934570312 -0.106842041015625
0.00279998779296874 -0.104721069335938 0.00475311279296876 -0.104469299316406
-0.04248046875 -0.099365234375 -0.00921630859375 -0.0767593383789063
-0.038665771484375 -0.0933303833007813 0.00833511352539062 -0.0417289733886719
-0.058319091796875 -0.0944290161132813 0.0169582366943359 -0.0239067077636719
-0.037200927734375 -0.096527099609375 0.0104665756225586 0.0108795166015625
0.000556945800781262 -0.117996215820313 -0.00733757019042968 0.0285224914550781
0.0378189086914063 -0.120674133300781 -0.0368270874023438 0.00759124755859375
0.124618530273438 -0.0789031982421875 -0.0288181304931641 -0.0344047546386719
0.1470947265625 -0.044769287109375 0.00864410400390626 -0.0624885559082031
0.169876098632813 -0.0016021728515625 0.109336853027344 -0.0271682739257813
0.151260375976562 0.0556793212890625 0.0477447509765625 -0.145843505859375
0.148590087890625 0.0352325439453125 0.113388061523438 -0.107566833496094
0.169418334960938 -0.0274810791015625 0.114639282226563 -0.0909042358398438
0.112777709960938 -0.088287353515625 0.0801010131835938 -0.105026245117188
0.0737152099609375 -0.099609375 0.0445632934570313 -0.0754165649414063
0.00852203369140626 -0.116775512695313 0.015167236328125 -0.0653457641601563
-0.0345077514648437 -0.113258361816406 0.0138130187988281 -0.0389289855957031
-0.0276031494140625 -0.106170654296875 0.027557373046875 -0.00910377502441407
-0.0418167114257812 -0.1102294921875 0.0326519012451172 0.00628662109374999
-0.0141448974609375 -0.104110717773437 0.0157203674316406 0.0369796752929687
0.02862548828125 -0.113624572753906 -0.00677871704101562 0.0446929931640625
0.064208984375 -0.10516357421875 -0.0329704284667969 0.0133590698242187
0.140464782714844 -0.0433731079101563 -0.0188446044921875 -0.0329704284667969
0.151092529296875 0.0028839111328125 0.0398712158203125 -0.0674629211425781
0.150634765625 0.0478973388671875 0.157135009765625 -0.017608642578125
0.103546142578125 0.0810470581054688 0.088165283203125 -0.123916625976562
0.123298645019531 0.0561904907226563 0.138824462890625 -0.100502014160156
0.14739990234375 -0.006988525390625 0.108200073242188 -0.0805816650390625
0.102867126464844 -0.068511962890625 0.0732345581054688 -0.0766067504882813
0.07037353515625 -0.0803070068359375 0.0426788330078125 -0.0400924682617188
0.01751708984375 -0.104652404785156 0.0270709991455078 -0.0249614715576172
-0.0182266235351563 -0.108283996582031 0.0351238250732422 -0.00138854980468751
-0.0116653442382813 -0.1036376953125 0.0430908203125 0.0245895385742187
-0.0215606689453125 -0.110969543457031 0.0419502258300781 0.0416831970214844
0.0059967041015625 -0.0997543334960938 0.0125312805175781 0.067352294921875
0.0488967895507812 -0.0995025634765625 -0.01214599609375 0.0635986328125
0.0802536010742187 -0.0820236206054688 -0.0312747955322265 0.0249805450439453
0.141693115234375 -0.0075531005859375 -0.00982475280761718 -0.0181064605712891
0.139930725097656 0.0490493774414063 0.0655403137207031 -0.0494422912597656
0.112815856933594 0.089752197265625 0.190948486328125 0.010986328125
0.0410614013671875 0.09600830078125 0.103271484375 -0.0956192016601563
0.0734634399414063 0.0727920532226563 0.141586303710938 -0.085540771484375
0.0974044799804688 0.0223922729492188 0.09210205078125 -0.0646514892578125
0.0752334594726563 -0.02801513671875 0.0648994445800781 -0.0478744506835938
0.0594024658203125 -0.0390663146972656 0.03961181640625 -0.0123519897460938
0.0313491821289063 -0.0721969604492188 0.0367050170898438 0.00655746459960937
0.00445556640625001 -0.0872344970703125 0.0497932434082031 0.0306549072265625
0.00466156005859376 -0.0855789184570313 0.0511512756347656 0.0543632507324219
-0.00267028808593751 -0.0961990356445313 0.0450057983398437 0.0763092041015625
0.0171051025390625 -0.0842971801757813 0.00597381591796876 0.096588134765625
0.052947998046875 -0.0782241821289063 -0.0187759399414063 0.082427978515625
0.0786209106445313 -0.0590667724609375 -0.030609130859375 0.0436172485351562
0.124412536621094 0.0171661376953125 -0.0062727928161621 0.00875473022460938
0.109657287597656 0.079559326171875 0.0796661376953125 -0.013580322265625
0.0612564086914063 0.113960266113281 0.205276489257812 0.0527496337890625
0.000709533691406255 -0.120872497558594 -0.209487915039063 -0.0640411376953126
-0.0745315551757813 -0.054840087890625 -0.0851821899414063 -0.0143814086914062
-0.0892257690429688 -0.00270843505859377 0.0211029052734375 -0.037567138671875
-0.0615806579589844 0.0433502197265625 0.0442276000976562 -0.0785598754882813
-0.0326881408691406 0.0469551086425781 0.0276641845703125 -0.1085205078125
-0.00996398925781251 0.05859375 -0.0127716064453125 -0.125503540039063
-0.00878906250000001 0.05755615234375 -0.061492919921875 -0.109962463378906
-0.0167617797851562 0.0504646301269531 -0.0628814697265625 -0.0776290893554687
-0.0202980041503906 0.0519447326660156 -0.0574455261230469 -0.0460014343261719
-0.0362586975097656 0.0296745300292969 -0.04388427734375 -0.0256919860839844
-0.047027587890625 0.00630569458007812 -0.0463447570800781 0.00504684448242187
-0.0503044128417969 -0.0157699584960938 -0.0654754638671875 0.0252151489257812
-0.0412101745605469 -0.056976318359375 -0.090057373046875 0.0352783203125
-0.023681640625 -0.087310791015625 -0.119560241699219 0.0686187744140625
0.0254974365234375 -0.115394592285156 -0.0922622680664062 0.0639572143554688
0.0653076171875 -0.104103088378906 -0.189437866210938 -0.106704711914062
-0.0185775756835938 -0.0530586242675781 -0.0692901611328125 -0.0528831481933594
-0.0349273681640625 -0.0152263641357422 0.0335197448730469 -0.0649948120117187
-0.0262813568115234 0.0166912078857422 0.0476455688476563 -0.105178833007813
-0.00739955902099609 0.015263557434082 0.0288314819335938 -0.124443054199219
-0.00804519653320313 0.0179691314697266 -0.0132293701171875 -0.141159057617188
-0.0252246856689453 0.0178260803222656 -0.0602264404296875 -0.124160766601562
-0.0327720642089844 0.0118389129638672 -0.05670166015625 -0.0878143310546875
-0.0461235046386719 0.0119781494140625 -0.0505599975585938 -0.0564308166503906
-0.0531806945800781 -0.0124588012695312 -0.037445068359375 -0.02886962890625
-0.046722412109375 -0.0447616577148437 -0.0409469604492188 0.00351333618164062
-0.03033447265625 -0.0679817199707031 -0.0616836547851563 0.0139579772949219
0.0159988403320313 -0.0870361328125 -0.0733718872070313 0.0114212036132812
0.0385208129882813 -0.102279663085938 -0.0937728881835938 0.0342254638671875
0.0906219482421875 -0.111129760742188 -0.0601310729980469 0.0312995910644531
0.123893737792969 -0.07269287109375 -0.148468017578125 -0.138946533203125
0.0462074279785156 -0.0402641296386719 -0.03570556640625 -0.0813217163085938
0.0329113006591797 -0.0296154022216797 0.05657958984375 -0.0851516723632813
0.0173015594482422 -0.0186061859130859 0.0567779541015625 -0.127304077148437
0.0208530426025391 -0.0246009826660156 0.0313491821289062 -0.134071350097656
-0.00513648986816406 -0.0285091400146484 -0.014434814453125 -0.145095825195313
-0.0390129089355469 -0.0271339416503906 -0.0531082153320312 -0.122367858886719
-0.0441932678222656 -0.0289840698242187 -0.0416717529296875 -0.0838394165039063
-0.0643882751464844 -0.0282211303710938 -0.0332221984863281 -0.0552520751953125
-0.0623359680175781 -0.0484886169433594 -0.0229740142822266 -0.0216922760009766
-0.0434951782226563 -0.0843124389648437 -0.030487060546875 0.00965690612792968
-0.0140914916992187 -0.105934143066406 -0.0567131042480469 0.00951766967773438
0.06036376953125 -0.107284545898438 -0.0599174499511719 -0.00915527343750001
0.0878372192382813 -0.105598449707031 -0.0637779235839844 -0.00373458862304688
0.139259338378906 -0.09381103515625 -0.0104274749755859 0.000156402587890619
0.164810180664063 -0.0330657958984375 -0.0916748046875 -0.155441284179688
0.106864929199219 -0.02142333984375 0.0101394653320313 -0.0987014770507813
0.102455139160156 -0.0440216064453125 0.08306884765625 -0.0965499877929688
0.0625038146972656 -0.0599136352539063 0.0674591064453125 -0.1368408203125
0.0450859069824219 -0.068084716796875 0.0343246459960937 -0.130813598632813
-0.00418853759765625 -0.0741729736328125 -0.012298583984375 -0.132499694824219
-0.0482711791992188 -0.0679588317871094 -0.0386199951171875 -0.10467529296875
-0.0489349365234375 -0.0661048889160156 -0.0206871032714844 -0.0665817260742188
-0.0715789794921875 -0.064453125 -0.0108375549316406 -0.0438957214355469
-0.0594635009765625 -0.0767898559570312 -0.00585603713989258 -0.00724077224731446
-0.0315628051757813 -0.109939575195313 -0.0185718536376953 0.0199985504150391
0.00447845458984375 -0.125831604003906 -0.0502967834472656 0.00960922241210936
0.0943679809570313 -0.109169006347656 -0.0494117736816406 -0.0248908996582031
0.123085021972656 -0.0916595458984375 -0.0332069396972656 -0.0392990112304688
0.168212890625 -0.060546875 0.0460319519042969 -0.0244522094726563
0.178726196289063 0.008026123046875 -0.0269775390625 -0.157669067382813
0.148208618164063 0.001739501953125 0.0602951049804688 -0.10980224609375
0.15484619140625 -0.0509033203125 0.102409362792969 -0.100379943847656
0.0952606201171875 -0.09112548828125 0.0745010375976562 -0.130462646484375
0.0613937377929687 -0.100669860839844 0.0380325317382813 -0.110862731933594
-0.00415802001953125 -0.108039855957031 -0.00434875488281251 -0.104293823242188
-0.052093505859375 -0.0977325439453125 -0.0169830322265625 -0.0748138427734375
-0.04656982421875 -0.0932388305664063 0.0030975341796875 -0.0403518676757813
-0.0661697387695313 -0.09246826171875 0.0117969512939453 -0.0218563079833984
-0.0450515747070312 -0.0961685180664063 0.00758171081542968 0.0141277313232422
-0.00821685791015625 -0.120719909667969 -0.0104484558105469 0.0331783294677734
0.02960205078125 -0.126632690429688 -0.0434913635253906 0.0123443603515625
0.122268676757813 -0.0909347534179688 -0.0398368835449219 -0.0340576171875
0.14703369140625 -0.057098388671875 -0.00251007080078125 -0.0654678344726563
0.175537109375 -0.0146331787109375 0.103591918945313 -0.03607177734375
0.1622314453125 0.044891357421875 0.033782958984375 -0.148345947265625
0.158050537109375 0.024505615234375 0.104118347167969 -0.113471984863281
0.172760009765625 -0.0435638427734375 0.110382080078125 -0.0971298217773438
0.109077453613281 -0.100059509277344 0.074737548828125 -0.109992980957031
0.0674819946289063 -0.110160827636719 0.0406951904296875 -0.0782928466796875
-0.0017547607421875 -0.120330810546875 0.0090484619140625 -0.0652542114257813
-0.0459365844726562 -0.111900329589844 0.00974655151367188 -0.0378189086914063
-0.0375289916992188 -0.10638427734375 0.0264320373535156 -0.00873184204101563
-0.0528030395507813 -0.108314514160156 0.0311088562011719 0.00812911987304687
-0.02362060546875 -0.104972839355469 0.0144691467285156 0.0415382385253906
0.0192642211914063 -0.119117736816406 -0.00823974609375 0.0496635437011719
0.05670166015625 -0.113563537597656 -0.0391616821289063 0.0183601379394531
0.1417236328125 -0.058135986328125 -0.0285320281982422 -0.0334339141845703
0.157318115234375 -0.0107574462890625 0.0290908813476563 -0.0725860595703125
0.161453247070313 0.036468505859375 0.154190063476562 -0.0294647216796875
0.117256164550781 0.0734710693359375 0.077972412109375 -0.129203796386719
0.133613586425781 0.0459976196289063 0.131332397460938 -0.109260559082031
0.152969360351563 -0.0226898193359375 0.104682922363281 -0.0860748291015625
0.0989990234375 -0.081085205078125 0.0701904296875 -0.0806961059570313
0.0640945434570313 -0.0911102294921875 0.0415611267089844 -0.0427474975585938
0.006561279296875 -0.107833862304688 0.0257091522216797 -0.0260124206542969
-0.0308914184570313 -0.106895446777344 0.0351371765136719 -0.00125885009765626
-0.023956298828125 -0.103530883789063 0.0454330444335938 0.0238609313964844
-0.03387451171875 -0.109596252441406 0.0436172485351563 0.0436210632324219
-0.00339508056640625 -0.101158142089844 0.0146713256835937 0.0721664428710938
0.0399703979492188 -0.105552673339844 -0.0122146606445312 0.0693893432617188
0.0738296508789063 -0.0918121337890625 -0.0356979370117187 0.0297966003417969
0.144805908203125 -0.022735595703125 -0.0169563293457031 -0.0196609497070312
0.14892578125 0.035614013671875 0.0586013793945313 -0.0569648742675781
0.126754760742188 0.0807113647460938 0.192825317382813 -0.00311279296875
0.054168701171875 0.0927047729492187 0.0976638793945313 -0.102874755859375
0.0845794677734375 0.0659637451171875 0.136543273925781 -0.0953445434570313
0.103424072265625 0.0102386474609375 0.090484619140625 -0.0677642822265625
0.0726470947265625 -0.0382308959960938 0.0651473999023438 -0.0508995056152344
0.0553436279296875 -0.0482559204101563 0.0424346923828125 -0.0141639709472656
0.0217437744140625 -0.07568359375 0.0388374328613281 0.00526809692382812
-0.00738525390625 -0.086273193359375 0.0531234741210938 0.0290565490722656
-0.0053863525390625 -0.0855026245117188 0.0565948486328125 0.053375244140625
-0.01409912109375 -0.0942230224609375 0.0503616333007813 0.0780105590820312
0.00756072998046875 -0.0848236083984375 0.0108718872070313 0.101829528808594
0.044219970703125 -0.0843353271484375 -0.0172042846679687 0.0886001586914063
0.072357177734375 -0.068450927734375 -0.0326309204101562 0.0472335815429687
0.12841796875 0.0030059814453125 -0.0097513198852539 0.00683689117431641
0.12005615234375 0.0679779052734375 0.0777359008789063 -0.02264404296875
0.0757675170898438 0.109344482421875 0.212371826171875 0.0376129150390625
-0.0128021240234375 -0.115936279296875 -0.212020874023437 -0.0455474853515625
-0.078277587890625 -0.0448684692382812 -0.083984375 -0.005615234375
-0.086700439453125 0.00906372070312499 0.0202407836914062 -0.0376510620117187
-0.053558349609375 0.0498008728027344 0.0409774780273438 -0.0806427001953125
-0.0247230529785156 0.048797607421875 0.022247314453125 -0.110313415527344
-0.00183868408203125 0.0556869506835938 -0.019805908203125 -0.126876831054688
-0.00178909301757812 0.0541648864746094 -0.0695648193359375 -0.106132507324219
-0.0100936889648437 0.0480880737304687 -0.0690765380859375 -0.0735931396484375
-0.013427734375 0.0492134094238281 -0.0617904663085938 -0.0417556762695312
-0.0297470092773438 0.0301342010498047 -0.0479240417480469 -0.0240135192871094
-0.0424003601074219 0.0103836059570313 -0.0483016967773438 0.00708770751953126
-0.0490226745605469 -0.00853729248046875 -0.0658950805664063 0.0285797119140625
-0.0462913513183594 -0.0485267639160156 -0.088470458984375 0.039947509765625
-0.0334091186523438 -0.079833984375 -0.114936828613281 0.0747756958007812
0.0114059448242187 -0.113540649414063 -0.0892333984375 0.06878662109375
0.0538253784179687 -0.104278564453125 -0.197341918945313 -0.0886383056640625
-0.0220909118652344 -0.0461158752441406 -0.0720672607421875 -0.0428543090820312
-0.0326595306396484 -0.00722694396972656 0.0294189453125 -0.0645675659179687
-0.0198535919189453 0.0216388702392578 0.0417404174804688 -0.106224060058594
-0.00179576873779297 0.0155811309814453 0.022979736328125 -0.124801635742188
-0.00262260437011719 0.0152225494384766 -0.0222320556640625 -0.140449523925781
-0.0209865570068359 0.0166435241699219 -0.0695877075195313 -0.11907958984375
-0.0295734405517578 0.0114994049072266 -0.0643539428710938 -0.0823516845703125
-0.0422172546386719 0.0118484497070313 -0.0565338134765625 -0.0514564514160156
-0.0493202209472656 -0.00997543334960938 -0.0424652099609375 -0.0262565612792969
-0.0460548400878906 -0.0406227111816406 -0.0439834594726563 0.00609588623046874
-0.0324897766113281 -0.0629158020019531 -0.0649757385253906 0.0179901123046875
0.00863647460937501 -0.0839767456054688 -0.0769195556640625 0.0148086547851563
0.02764892578125 -0.100418090820313 -0.094573974609375 0.0402908325195312
0.0774154663085938 -0.115234375 -0.0614128112792969 0.0349082946777344
0.116111755371094 -0.0776901245117188 -0.160247802734375 -0.1219482421875
0.0435714721679688 -0.0389633178710938 -0.042327880859375 -0.07183837890625
0.0334110260009766 -0.0275726318359375 0.05096435546875 -0.0855026245117188
0.0203571319580078 -0.0178432464599609 0.0485687255859375 -0.1279296875
0.0223903656005859 -0.0267086029052734 0.0230560302734375 -0.133918762207031
-0.00403976440429688 -0.0304450988769531 -0.02435302734375 -0.142593383789063
-0.0376052856445313 -0.0265426635742188 -0.0624313354492187 -0.116256713867188
-0.0444297790527344 -0.0287055969238281 -0.0497207641601563 -0.0785140991210937
-0.0646209716796875 -0.02642822265625 -0.0396080017089844 -0.0507354736328125
-0.0625038146972656 -0.0449867248535156 -0.0284633636474609 -0.0185298919677734
-0.0461044311523437 -0.0805130004882813 -0.0336933135986328 0.012908935546875
-0.019561767578125 -0.102645874023438 -0.0607528686523438 0.0139808654785156
0.0517578125 -0.108406066894531 -0.0667343139648437 -0.00592422485351564
0.077301025390625 -0.107994079589844 -0.0690460205078125 0.000965118408203133
0.129249572753906 -0.101493835449219 -0.015599250793457 0.00103950500488281
0.16046142578125 -0.0425262451171875 -0.105667114257813 -0.141494750976563
0.105705261230469 -0.0259628295898438 0.000778198242187506 -0.0923004150390625
0.100830078125 -0.048583984375 0.0756759643554688 -0.0985031127929688
0.0601119995117188 -0.0624847412109375 0.057647705078125 -0.137153625488281
0.0424880981445312 -0.071533203125 0.0257492065429688 -0.130210876464844
-0.0076446533203125 -0.074981689453125 -0.0225906372070313 -0.129074096679688
-0.0519294738769531 -0.0647048950195313 -0.0475540161132813 -0.0987014770507813
-0.0531768798828125 -0.0642127990722656 -0.0265045166015625 -0.062469482421875
-0.0753326416015625 -0.0601959228515625 -0.0161018371582031 -0.0398788452148438
-0.0628280639648437 -0.0727462768554688 -0.0106649398803711 -0.00405693054199219
-0.0375518798828125 -0.107101440429688 -0.0214385986328125 0.0235996246337891
-0.00370788574218751 -0.124374389648438 -0.0544624328613281 0.0150527954101562
0.0857467651367188 -0.115638732910156 -0.0583724975585937 -0.0213699340820313
0.114845275878906 -0.0981369018554688 -0.0420036315917969 -0.0362548828125
0.162353515625 -0.0711822509765625 0.0381965637207031 -0.0270919799804688
0.17889404296875 -0.004180908203125 -0.042327880859375 -0.148788452148438
0.148971557617188 -0.0078887939453125 0.0493698120117188 -0.106758117675781
0.152297973632813 -0.0620574951171875 0.0954666137695313 -0.102386474609375
0.0892181396484375 -0.097259521484375 0.0648574829101563 -0.132347106933594
0.0547409057617187 -0.106681823730469 0.030517578125 -0.110580444335937
-0.0115203857421875 -0.107551574707031 -0.0126266479492188 -0.1007080078125
-0.0584945678710937 -0.093017578125 -0.0236968994140625 -0.06951904296875
-0.053131103515625 -0.0901718139648437 -0.000720977783203132 -0.0375442504882813
-0.0732421875 -0.0868988037109375 0.00789451599121093 -0.0188503265380859
-0.0511093139648438 -0.0922393798828125 0.00465583801269531 0.0172262191772461
-0.0164108276367188 -0.120132446289063 -0.0117263793945313 0.0374298095703125
0.02093505859375 -0.127960205078125 -0.0483512878417969 0.0175590515136719
0.115402221679688 -0.100631713867188 -0.0490608215332031 -0.031097412109375
0.142227172851563 -0.0679931640625 -0.0132904052734375 -0.064056396484375
0.174636840820313 -0.0280609130859375 0.0948562622070313 -0.0431594848632813
0.16668701171875 0.0312347412109375 0.0193328857421875 -0.14349365234375
0.160842895507812 0.0127716064453125 0.0922164916992188 -0.113876342773437
0.17022705078125 -0.05853271484375 0.103370666503906 -0.100166320800781
0.10089111328125 -0.108078002929688 0.0673828125 -0.111503601074219
0.0587921142578125 -0.116653442382813 0.0354843139648438 -0.078704833984375
-0.0120697021484375 -0.119224548339844 0.00370788574218749 -0.0625991821289063
-0.0554046630859375 -0.105796813964844 0.00564193725585938 -0.0347919464111328
-0.0464553833007813 -0.102294921875 0.0250053405761719 -0.00780487060546876
-0.0623245239257813 -0.1025390625 0.0291748046875 0.00946617126464843
-0.03155517578125 -0.101280212402344 0.0148773193359375 0.0445976257324219
0.00942230224609376 -0.119918823242188 -0.00865554809570312 0.0544395446777344
0.0472793579101563 -0.117843627929688 -0.0426177978515625 0.02337646484375
0.136970520019531 -0.07061767578125 -0.037078857421875 -0.0305404663085938
0.155731201171875 -0.0242767333984375 0.0180435180664063 -0.074432373046875
0.1650390625 0.023162841796875 0.14642333984375 -0.0400848388671875
0.125534057617188 0.0623550415039063 0.0655059814453125 -0.129119873046875
0.139297485351563 0.0344619750976563 0.119941711425781 -0.113609313964844
0.15155029296875 -0.0382080078125 0.0993194580078125 -0.0894927978515625
0.090972900390625 -0.08966064453125 0.0658035278320313 -0.0817794799804688
0.0549163818359375 -0.0972213745117188 0.03948974609375 -0.0437431335449219
-0.00431823730468751 -0.107215881347656 0.0229091644287109 -0.0247440338134766
-0.0416793823242188 -0.100982666015625 0.0345134735107422 -0.00104713439941407
-0.0330123901367188 -0.099273681640625 0.0467338562011719 0.0231437683105469
-0.0437088012695313 -0.103294372558594 0.0447158813476563 0.0439949035644531
-0.013031005859375 -0.0980758666992188 0.0176010131835938 0.0757522583007813
0.0287704467773437 -0.107208251953125 -0.0101165771484375 0.073394775390625
0.064483642578125 -0.0970535278320313 -0.0377998352050781 0.0338554382324219
0.142730712890625 -0.037078857421875 -0.0236167907714844 -0.0186691284179688
0.15203857421875 0.02044677734375 0.0493354797363281 -0.0611305236816406
0.135231018066406 0.0686111450195313 0.18768310546875 -0.0173492431640625
0.0646209716796875 0.0856246948242188 0.088775634765625 -0.105911254882813
0.0921630859375 0.054962158203125 0.127609252929688 -0.101722717285156
0.104629516601563 -0.00240325927734375 0.0860824584960938 -0.0702743530273438
0.0676918029785156 -0.0469169616699219 0.0638694763183594 -0.0527915954589844
0.048553466796875 -0.0544395446777344 0.0430641174316406 -0.0161933898925781
0.0119552612304688 -0.0747909545898438 0.0390625 0.00342178344726562
-0.0173568725585937 -0.081268310546875 0.0556678771972656 0.0263214111328125
-0.0155715942382812 -0.0820083618164063 0.060546875 0.0501213073730469
-0.0238494873046875 -0.0891189575195313 0.0546875 0.0764541625976563
-0.00196075439453125 -0.0819854736328125 0.0167312622070313 0.103851318359375
0.0337753295898438 -0.0861587524414063 -0.01397705078125 0.0922164916992188
0.0631561279296875 -0.0737838745117188 -0.0331878662109375 0.0508003234863281
0.126968383789063 -0.0110549926757813 -0.0126123428344727 0.00572776794433594
0.125755310058594 0.0541610717773438 0.07147216796875 -0.0297698974609375
0.0872039794921875 0.0986175537109375 0.211563110351563 0.021240234375
-0.022064208984375 -0.107887268066406 -0.208694458007812 -0.033447265625
-0.077850341796875 -0.0360641479492188 -0.0802993774414063 0.000747680664062481
-0.0816497802734375 0.017181396484375 0.0194358825683594 -0.036102294921875
-0.0458030700683594 0.0528564453125 0.0388336181640625 -0.0804214477539063
-0.0183639526367187 0.04827880859375 0.0198516845703125 -0.109420776367187
0.00354766845703125 0.0506019592285156 -0.0237655639648438 -0.125617980957031
0.003448486328125 0.0495185852050781 -0.0732421875 -0.10205078125
-0.00619888305664062 0.0448532104492187 -0.0718841552734375 -0.0694732666015625
-0.008758544921875 0.0452880859375 -0.0635299682617188 -0.0387992858886719
-0.0240840911865234 0.0282821655273437 -0.050750732421875 -0.0222015380859375
-0.037261962890625 0.0123672485351563 -0.0500946044921875 0.00801467895507812
-0.0453758239746094 -0.00384521484375001 -0.0663719177246094 0.0303001403808594
-0.047515869140625 -0.0406494140625 -0.0877761840820313 0.040496826171875
-0.0374755859375 -0.0725555419921875 -0.110572814941406 0.0769882202148438
0.00134277343750001 -0.108589172363281 -0.0867385864257813 0.0691986083984375
0.0447921752929688 -0.09967041015625 -0.197067260742188 -0.0742034912109375
-0.0225753784179688 -0.040069580078125 -0.071929931640625 -0.0343399047851563
-0.0296688079833984 -0.00168609619140625 0.0275917053222656 -0.06207275390625
-0.0143775939941406 0.0236968994140625 0.0379409790039062 -0.104789733886719
0.00310230255126953 0.0143308639526367 0.0185775756835938 -0.122718811035156
0.00146961212158203 0.0117654800415039 -0.026824951171875 -0.137825012207031
-0.0168399810791016 0.0130767822265625 -0.0743026733398438 -0.112693786621094
-0.0268802642822266 0.00922966003417969 -0.0682144165039063 -0.0769577026367188
-0.0390586853027344 0.0104408264160156 -0.0595588684082031 -0.0469474792480469
-0.0457763671875 -0.0100173950195312 -0.0460853576660156 -0.0234375
-0.0436325073242188 -0.0376625061035156 -0.0462188720703125 0.00802230834960937
-0.0324058532714844 -0.0575447082519531 -0.06622314453125 0.0203323364257812
0.00450897216796875 -0.078643798828125 -0.0787506103515625 0.0170669555664063
0.02081298828125 -0.0948410034179688 -0.094512939453125 0.0433883666992187
0.0668716430664063 -0.11370849609375 -0.06182861328125 0.0362129211425781
0.107696533203125 -0.0779342651367188 -0.164169311523438 -0.107223510742187
0.041961669921875 -0.03643798828125 -0.0450057983398438 -0.0626487731933594
0.0342845916748047 -0.0252037048339844 0.0472412109375 -0.0831985473632813
0.0231533050537109 -0.0165195465087891 0.0430145263671875 -0.125373840332031
0.0245170593261719 -0.0280590057373047 0.0186920166015625 -0.130699157714844
-0.00232124328613282 -0.0326442718505859 -0.0297927856445312 -0.137779235839844
-0.0365829467773438 -0.0263481140136719 -0.0674209594726563 -0.109748840332031
-0.0432205200195312 -0.0280838012695313 -0.0527114868164062 -0.0732040405273438
-0.0631790161132813 -0.0249977111816406 -0.0434989929199219 -0.0464820861816406
-0.060638427734375 -0.0433807373046875 -0.0319614410400391 -0.0154285430908203
-0.0469970703125 -0.07666015625 -0.0354995727539063 0.0156288146972656
-0.0218505859375 -0.09796142578125 -0.0631103515625 0.01800537109375
0.0458908081054688 -0.106048583984375 -0.0710906982421875 -0.00236511230468749
0.0694808959960938 -0.106185913085938 -0.0723342895507813 0.00498199462890624
0.119049072265625 -0.103431701660156 -0.0201015472412109 0.00185394287109374
0.155426025390625 -0.04718017578125 -0.112281799316406 -0.1275634765625
0.102737426757813 -0.0276565551757813 -0.00475311279296874 -0.0839080810546875
0.0993576049804688 -0.05084228515625 0.071044921875 -0.0961532592773438
0.0588645935058594 -0.0624122619628906 0.0513763427734375 -0.13507080078125
0.0412521362304688 -0.0739364624023438 0.0199356079101563 -0.126617431640625
-0.00897979736328125 -0.0753402709960938 -0.027801513671875 -0.123184204101563
-0.0524749755859375 -0.0622062683105469 -0.050933837890625 -0.0915069580078125
-0.0542068481445312 -0.0617713928222656 -0.0301322937011719 -0.0580368041992188
-0.0766754150390625 -0.0568389892578125 -0.0202827453613281 -0.0352783203125
-0.0633773803710937 -0.0693511962890625 -0.0135669708251953 -0.000622749328613284
-0.039886474609375 -0.103248596191406 -0.0228118896484375 0.0269927978515625
-0.00817108154296874 -0.120613098144531 -0.0575828552246094 0.0186805725097656
0.0791854858398438 -0.115631103515625 -0.0644798278808594 -0.0176315307617187
0.107749938964844 -0.0991973876953125 -0.0486335754394531 -0.0326156616210938
0.155105590820313 -0.076629638671875 0.0308361053466797 -0.0274848937988281
0.176422119140625 -0.0124969482421875 -0.05029296875 -0.137130737304688
0.146865844726563 -0.0137939453125 0.0413894653320313 -0.0998916625976563
0.147659301757813 -0.06732177734375 0.0899505615234375 -0.101188659667969
0.084136962890625 -0.0983810424804687 0.0586471557617188 -0.128898620605469
0.0495529174804687 -0.108177185058594 0.0249710083007813 -0.107582092285156
-0.0155868530273438 -0.10565185546875 -0.0177154541015625 -0.0946502685546875
-0.0607986450195313 -0.0884933471679688 -0.0263137817382813 -0.0640220642089844
-0.056610107421875 -0.0859146118164063 -0.00312042236328126 -0.0342731475830078
-0.0762252807617187 -0.0816650390625 0.00478076934814453 -0.0150680541992188
-0.0529937744140625 -0.0881195068359375 0.00324630737304687 0.0203800201416016
-0.0214385986328125 -0.116844177246094 -0.0129356384277344 0.0405845642089844
0.0150299072265625 -0.12640380859375 -0.0511856079101562 0.0218582153320312
0.108604431152344 -0.104423522949219 -0.0559005737304687 -0.0267295837402344
0.136093139648438 -0.07269287109375 -0.0216751098632812 -0.0606842041015625
0.170806884765625 -0.0354461669921875 0.0851669311523438 -0.0450897216796875
0.166961669921875 0.022247314453125 0.0103683471679688 -0.135276794433594
0.159408569335938 0.004302978515625 0.0830535888671875 -0.109848022460938
0.165008544921875 -0.067718505859375 0.0980072021484375 -0.0994186401367188
0.0933151245117188 -0.111091613769531 0.0610504150390625 -0.109939575195313
0.0509719848632812 -0.118759155273438 0.031158447265625 -0.0765609741210938
-0.0176239013671875 -0.115524291992188 0.000663757324218749 -0.0581169128417969
-0.0607070922851563 -0.0990982055664063 0.0035552978515625 -0.0310306549072266
-0.0515213012695313 -0.0972900390625 0.0240459442138672 -0.00618934631347657
-0.0660171508789062 -0.0958709716796875 0.0278301239013672 0.0120220184326172
-0.0356369018554687 -0.09674072265625 0.0149993896484375 0.0476722717285156
0.0027008056640625 -0.117286682128906 -0.00856399536132813 0.0578689575195312
0.0401687622070313 -0.117347717285156 -0.0450172424316406 0.0272293090820313
0.130889892578125 -0.077667236328125 -0.0439338684082031 -0.0277290344238281
0.151687622070313 -0.032073974609375 0.00902557373046875 -0.0718612670898438
0.165145874023438 0.0133056640625 0.136528015136719 -0.0448760986328125
0.128593444824219 0.052978515625 0.057373046875 -0.124015808105469
0.139610290527344 0.024871826171875 0.110282897949219 -0.111778259277344
0.14727783203125 -0.04754638671875 0.0946121215820313 -0.088043212890625
0.0831756591796875 -0.0937042236328125 0.0615997314453125 -0.081146240234375
0.0472335815429688 -0.0997543334960938 0.0379676818847656 -0.0428428649902344
-0.0113372802734375 -0.103103637695313 0.0214729309082031 -0.0226478576660156
-0.0474319458007812 -0.0937652587890625 0.0339508056640625 4.00543212890568E-05
-0.0389251708984375 -0.0931625366210938 0.0467453002929688 0.0223846435546875
-0.0490570068359375 -0.0965118408203125 0.0456161499023437 0.0439529418945312
-0.0187149047851562 -0.0930023193359375 0.019195556640625 0.0770034790039063
0.0211257934570313 -0.106307983398438 -0.0093841552734375 0.0756607055664063
0.0564422607421875 -0.0985946655273438 -0.0393333435058594 0.0372047424316406
0.136909484863281 -0.045501708984375 -0.0291690826416016 -0.0170993804931641
0.149261474609375 0.0102081298828125 0.0406761169433594 -0.0623207092285156
0.138397216796875 0.0580902099609375 0.17889404296875 -0.0251617431640625
0.0699996948242188 0.0770416259765625 0.0816726684570313 -0.103500366210938
0.094635009765625 0.0465011596679688 0.119804382324219 -0.102493286132813
0.102691650390625 -0.0116806030273438 0.0836715698242187 -0.0694503784179688
0.0609970092773438 -0.0508995056152344 0.0623207092285156 -0.0526885986328125
0.0418014526367188 -0.0571937561035156 0.0436935424804687 -0.0174026489257813
0.0047760009765625 -0.0723114013671875 0.0393524169921875 0.00318527221679687
-0.0239181518554687 -0.0752182006835938 0.0562820434570313 0.0243568420410156
-0.0209808349609375 -0.0762252807617188 0.062103271484375 0.0473175048828125
-0.0295867919921875 -0.0820159912109375 0.0571212768554688 0.0749969482421875
-0.00733184814453126 -0.0764541625976563 0.020355224609375 0.104766845703125
0.0259552001953125 -0.0848007202148438 -0.0113372802734375 0.0935440063476562
0.055419921875 -0.075775146484375 -0.0335159301757813 0.0522232055664062
0.121772766113281 -0.0206375122070313 -0.0165624618530273 0.00526237487792968
0.125877380371094 0.0431060791015625 0.06561279296875 -0.0335311889648438
0.0919189453125 0.0892791748046875 0.205535888671875 0.0105438232421875
-0.0264892578125 -0.101432800292969 -0.204498291015625 -0.0269927978515625
-0.0762252807617188 -0.0303955078125 -0.0767059326171875 0.00431823730468751
-0.0768203735351563 0.0213851928710938 0.0201587677001953 -0.0348091125488281
-0.0400772094726563 0.0536270141601562 0.0392532348632813 -0.0803604125976563
-0.0143356323242188 0.0470237731933594 0.0205154418945313 -0.109214782714844
0.00644302368164063 0.0468254089355469 -0.0245285034179688 -0.126068115234375
0.00548553466796876 0.044647216796875 -0.0742568969726562 -0.100570678710937
-0.00384902954101562 0.0415267944335938 -0.073272705078125 -0.06744384765625
-0.00745391845703125 0.0417060852050781 -0.0642967224121094 -0.0374259948730469
-0.0208148956298828 0.0256938934326172 -0.052642822265625 -0.021759033203125
-0.0331535339355469 0.0126056671142578 -0.0519638061523438 0.00799560546875001
-0.0425987243652344 -0.000728607177734379 -0.066925048828125 0.0301055908203125
-0.0473861694335937 -0.0349769592285156 -0.087615966796875 0.0399703979492187
-0.0393753051757812 -0.0659637451171875 -0.109649658203125 0.0762710571289063
-0.00406646728515625 -0.10369873046875 -0.086151123046875 0.0679702758789063
0.0404205322265625 -0.0951690673828125 -0.195281982421875 -0.0660858154296875
-0.0222015380859375 -0.0355796813964844 -0.0700302124023438 -0.0288887023925781
-0.0260467529296875 0.00198554992675781 0.0275611877441406 -0.0594749450683594
-0.00925445556640625 0.0249309539794922 0.03729248046875 -0.102622985839844
0.00646686553955078 0.0127248764038086 0.0188140869140625 -0.120590209960938
0.00373744964599609 0.00840282440185547 -0.027862548828125 -0.136184692382813
-0.0148639678955078 0.0102500915527344 -0.0752792358398438 -0.109786987304687
-0.0252094268798828 0.00707817077636719 -0.0693588256835938 -0.07440185546875
-0.0373649597167969 0.00778198242187501 -0.0611114501953125 -0.0446205139160156
-0.042755126953125 -0.0114784240722656 -0.0485687255859375 -0.0220565795898438
-0.0408668518066406 -0.0365180969238281 -0.0478439331054688 0.00921249389648436
-0.0308151245117187 -0.0543670654296875 -0.0684776306152344 0.0215492248535156
0.00347900390624999 -0.073944091796875 -0.08056640625 0.0174484252929687
0.0181732177734375 -0.0895843505859375 -0.094940185546875 0.0437393188476562
0.0610198974609375 -0.110000610351563 -0.0640525817871094 0.0356292724609375
0.103767395019531 -0.0752716064453125 -0.163619995117188 -0.0980682373046875
0.0413703918457031 -0.0328598022460938 -0.0453834533691406 -0.0560874938964844
0.0368766784667969 -0.0227928161621094 0.0465164184570312 -0.0798721313476562
0.0263919830322266 -0.0151596069335938 0.0414886474609375 -0.121940612792969
0.0267143249511719 -0.0296707153320313 0.0177459716796875 -0.127876281738281
-0.000837326049804687 -0.0348148345947266 -0.0307693481445312 -0.134552001953125
-0.0345535278320313 -0.0279407501220703 -0.06854248046875 -0.105140686035156
-0.0425682067871094 -0.0295066833496094 -0.0546989440917969 -0.0697517395019531
-0.0620956420898438 -0.0256881713867187 -0.0449600219726563 -0.0430374145507813
-0.0582733154296875 -0.0435523986816406 -0.0341300964355469 -0.0126953125
-0.0448760986328125 -0.0754165649414063 -0.0378913879394531 0.0177955627441406
-0.021728515625 -0.0949630737304688 -0.0657730102539063 0.01995849609375
0.04425048828125 -0.103401184082031 -0.0747146606445313 -0.00105285644531252
0.065887451171875 -0.102218627929688 -0.0750656127929688 0.00679779052734376
0.114601135253906 -0.101570129394531 -0.0246238708496094 0.00253868103027343
0.152114868164063 -0.046875 -0.114723205566406 -0.118339538574219
0.102432250976562 -0.0260543823242187 -0.00611114501953125 -0.0766067504882813
0.0998458862304687 -0.0504608154296875 0.0694732666015625 -0.09259033203125
0.0595512390136719 -0.0616683959960938 0.0494308471679688 -0.131546020507813
0.0411911010742188 -0.0748367309570313 0.0193634033203125 -0.123298645019531
-0.00884246826171874 -0.0756988525390625 -0.0292129516601563 -0.119049072265625
-0.0514564514160156 -0.0619354248046875 -0.0521774291992187 -0.0870742797851563
-0.0536575317382812 -0.06195068359375 -0.0314369201660156 -0.054962158203125
-0.07550048828125 -0.0560302734375 -0.0223598480224609 -0.0320720672607422
-0.0619392395019531 -0.068603515625 -0.0155820846557617 0.00235939025878906
-0.0401153564453125 -0.101844787597656 -0.0250034332275391 0.0290966033935547
-0.00883483886718749 -0.118324279785156 -0.0606460571289063 0.021240234375
0.0769729614257813 -0.114707946777344 -0.0691490173339844 -0.0149002075195312
0.104377746582031 -0.0974273681640625 -0.0533256530761719 -0.0295333862304688
0.151382446289062 -0.076995849609375 0.0250797271728516 -0.0263271331787109
0.174774169921875 -0.01385498046875 -0.05352783203125 -0.127967834472656
0.1458740234375 -0.014434814453125 0.0379714965820313 -0.0923614501953125
0.1463623046875 -0.06982421875 0.0880584716796875 -0.0981521606445313
0.0824813842773438 -0.098876953125 0.0558547973632812 -0.125724792480469
0.0477523803710937 -0.108863830566406 0.0240097045898437 -0.104606628417969
-0.0168228149414063 -0.104400634765625 -0.018463134765625 -0.090362548828125
-0.0616073608398438 -0.0854568481445313 -0.0272979736328125 -0.0591659545898438
-0.0573348999023437 -0.0843658447265625 -0.00417709350585938 -0.0315399169921875
-0.0766448974609375 -0.0790176391601563 0.00293731689453125 -0.0122928619384766
-0.0526962280273438 -0.0857009887695313 0.002105712890625 0.023681640625
-0.0225906372070312 -0.115135192871094 -0.01422119140625 0.0432243347167969
0.0126190185546875 -0.125236511230469 -0.0539703369140625 0.0250816345214844
0.10601806640625 -0.104965209960938 -0.06109619140625 -0.0233612060546875
0.133186340332031 -0.0731735229492188 -0.0274162292480469 -0.0576400756835938
0.1685791015625 -0.037750244140625 0.0785980224609375 -0.0441055297851562
0.166427612304688 0.01788330078125 0.00672912597656252 -0.127212524414063
0.159011840820313 0.0014495849609375 0.0788040161132813 -0.103164672851562
0.162796020507813 -0.0711669921875 0.0965728759765625 -0.096343994140625
0.0897979736328125 -0.111885070800781 0.0591049194335938 -0.106430053710938
0.0477371215820312 -0.118881225585938 0.0310745239257813 -0.07452392578125
-0.0203628540039062 -0.113006591796875 -0.00041961669921875 -0.0543098449707031
-0.0615310668945313 -0.094757080078125 0.00372505187988281 -0.0277500152587891
-0.052886962890625 -0.094512939453125 0.0235462188720703 -0.00466918945312501
-0.0673065185546875 -0.0916976928710938 0.0263767242431641 0.0149173736572266
-0.0363006591796875 -0.0933761596679688 0.013885498046875 0.0499916076660156
-0.000251770019531253 -0.115272521972656 -0.00908279418945312 0.059814453125
0.0375823974609375 -0.117095947265625 -0.0477104187011719 0.0305023193359375
0.127464294433594 -0.0803680419921875 -0.0490455627441406 -0.0251350402832031
0.149200439453125 -0.0355682373046875 0.00343704223632814 -0.0697021484375
0.164993286132813 0.00897216796875 0.1290283203125 -0.0445175170898438
0.129920959472656 0.0474777221679688 0.0537109375 -0.117424011230469
0.1395263671875 0.0197982788085938 0.10516357421875 -0.106964111328125
0.144393920898438 -0.0532073974609375 0.0933380126953125 -0.0856704711914063
0.0786590576171875 -0.0950164794921875 0.0605392456054688 -0.0790634155273438
0.0426025390625 -0.100662231445313 0.0378036499023438 -0.0419769287109375
-0.0150680541992187 -0.0995407104492188 0.0210437774658203 -0.0201015472412109
-0.0495681762695312 -0.0884857177734375 0.0339126586914063 0.00173568725585937
-0.0416488647460937 -0.08978271484375 0.0468101501464844 0.0230484008789062
-0.0512161254882813 -0.0915985107421875 0.0450859069824219 0.0460128784179687
-0.0201416015625 -0.0891265869140625 0.0195693969726563 0.0792999267578125
0.0170974731445312 -0.103523254394531 -0.00965118408203124 0.0780181884765625
0.0524139404296875 -0.097869873046875 -0.0414085388183594 0.0397491455078125
0.133132934570312 -0.049652099609375 -0.0335807800292969 -0.0160675048828125
0.14727783203125 0.0045928955078125 0.0350456237792969 -0.061248779296875
0.139381408691406 0.0522994995117187 0.17236328125 -0.0267333984375
0.07342529296875 0.071807861328125 0.079620361328125 -0.0994949340820313
0.0949172973632812 0.0408096313476563 0.115493774414063 -0.0994644165039063
0.100982666015625 -0.0174789428710937 0.0837173461914063 -0.0670242309570313
0.057281494140625 -0.052978515625 0.0624122619628906 -0.0515251159667969
0.0376625061035156 -0.0584793090820313 0.0440025329589844 -0.0165023803710938
0.000690460205078131 -0.069366455078125 0.039306640625 0.0043182373046875
-0.0261077880859375 -0.069610595703125 0.0569190979003906 0.0244941711425781
-0.0238723754882813 -0.0716934204101563 0.0630378723144531 0.0471000671386719
-0.0314865112304688 -0.0768051147460938 0.0574798583984375 0.0751800537109375
-0.00997161865234375 -0.0723342895507813 0.021453857421875 0.106269836425781
0.0210113525390625 -0.08251953125 -0.0116806030273437 0.094512939453125
0.0505142211914063 -0.0751266479492188 -0.0349349975585937 0.0536231994628906
0.118026733398437 -0.025115966796875 -0.0194435119628906 0.00533676147460938
0.124031066894531 0.0361709594726563 0.0603866577148438 -0.0343513488769531
0.09381103515625 0.0826644897460938 0.199676513671875 0.00712585449218751
-0.0288543701171875 -0.0973739624023438 -0.204986572265625 -0.0258331298828125
-0.0758056640625 -0.0277252197265625 -0.07537841796875 0.00631713867187501
-0.0744094848632813 0.0243072509765625 0.0221576690673828 -0.0333938598632813
-0.0364303588867188 0.0550613403320312 0.0418930053710938 -0.0810623168945313
-0.0116844177246094 0.0464134216308594 0.022857666015625 -0.111351013183594
0.00825119018554688 0.043792724609375 -0.0235977172851562 -0.129615783691406
0.00713729858398437 0.0416107177734375 -0.0750656127929687 -0.102684020996094
-0.00304031372070312 0.0399093627929688 -0.0748291015625 -0.0686798095703125
-0.00664138793945312 0.0390052795410156 -0.0662498474121094 -0.0391998291015625
-0.0194816589355469 0.0232963562011719 -0.0553474426269531 -0.0227546691894531
-0.0304355621337891 0.0119457244873047 -0.0552864074707031 0.00744628906249999
-0.0404090881347656 0.00103378295898437 -0.0698471069335938 0.0297508239746094
-0.0469627380371094 -0.0319938659667969 -0.0900344848632813 0.0382308959960937
-0.0400810241699219 -0.0624771118164062 -0.112052917480469 0.0744857788085938
-0.00754547119140625 -0.101081848144531 -0.0897216796875 0.06683349609375
0.0389022827148438 -0.0913772583007813 -0.19647216796875 -0.0636749267578125
-0.0211067199707031 -0.0319290161132813 -0.0689163208007813 -0.0260276794433594
-0.0228099822998047 0.00489044189453125 0.0294342041015625 -0.0579071044921875
-0.00484848022460937 0.0257911682128906 0.0395050048828125 -0.102699279785156
0.009796142578125 0.0116405487060547 0.0212173461914063 -0.121940612792969
0.0054926872253418 0.00494575500488281 -0.0274276733398437 -0.138351440429688
-0.013728141784668 0.00684261322021484 -0.0764541625976563 -0.110832214355469
-0.0243415832519531 0.00415802001953125 -0.0711822509765625 -0.0745468139648438
-0.03717041015625 0.00506591796875001 -0.0629234313964844 -0.0447044372558594
-0.0414237976074219 -0.0139732360839844 -0.0514106750488281 -0.0216293334960938
-0.0382766723632812 -0.03765869140625 -0.0518875122070313 0.0100555419921875
-0.0288314819335937 -0.0539779663085938 -0.0717086791992188 0.0220718383789063
0.00463104248046875 -0.07196044921875 -0.08465576171875 0.0169143676757813
0.0185089111328125 -0.0866012573242188 -0.0983505249023437 0.0438461303710937
0.0597000122070313 -0.107650756835938 -0.0683746337890625 0.0352859497070312
0.104484558105469 -0.0725784301757813 -0.165802001953125 -0.09417724609375
0.0434112548828125 -0.0293731689453125 -0.0444374084472656 -0.0522384643554687
0.0399932861328125 -0.0210800170898438 0.048614501953125 -0.07818603515625
0.0304775238037109 -0.0146026611328125 0.0432205200195312 -0.121368408203125
0.0299968719482422 -0.0313625335693359 0.0197601318359375 -0.128471374511719
0.000907897949218746 -0.038238525390625 -0.0304794311523438 -0.136123657226563
-0.0339202880859375 -0.0307769775390625 -0.0694122314453125 -0.105491638183594
-0.0421943664550781 -0.0319900512695312 -0.0559463500976563 -0.0688591003417969
-0.0621185302734375 -0.0281524658203125 -0.0476837158203125 -0.0415573120117187
-0.0574455261230469 -0.0459938049316406 -0.0367050170898438 -0.0117301940917969
-0.0431137084960937 -0.0772705078125 -0.0408287048339844 0.0190200805664062
-0.019439697265625 -0.0957107543945312 -0.0702438354492188 0.0215072631835937
0.0455856323242188 -0.102340698242188 -0.0798873901367188 -0.000205993652343748
0.067169189453125 -0.100067138671875 -0.079833984375 0.00769042968750001
0.11474609375 -0.099884033203125 -0.0291671752929687 0.0031280517578125
0.153533935546875 -0.0451202392578125 -0.115257263183594 -0.11328125
0.105148315429688 -0.023193359375 -0.00606536865234374 -0.0712127685546875
0.103446960449219 -0.0498733520507813 0.071929931640625 -0.0905914306640625
0.0635871887207031 -0.0611610412597656 0.0505447387695313 -0.129829406738281
0.0437774658203125 -0.0766830444335938 0.020782470703125 -0.122909545898438
-0.00697326660156249 -0.0782623291015625 -0.0291976928710937 -0.118927001953125
-0.0509529113769531 -0.0641708374023437 -0.05291748046875 -0.0858078002929687
-0.0537872314453125 -0.0639495849609375 -0.0321273803710938 -0.0533981323242188
-0.0760955810546875 -0.057891845703125 -0.0239696502685547 -0.0299530029296875
-0.0612640380859375 -0.0708084106445312 -0.0174894332885742 0.00471782684326171
-0.0385818481445312 -0.103042602539063 -0.0274829864501953 0.0315170288085937
-0.00725555419921875 -0.120338439941406 -0.0645561218261719 0.0233840942382813
0.0783843994140625 -0.114891052246094 -0.0749130249023438 -0.0133438110351563
0.105606079101563 -0.0959548950195312 -0.0576515197753906 -0.028289794921875
0.15350341796875 -0.0760955810546875 0.0207138061523438 -0.0255908966064453
0.177108764648438 -0.0139312744140625 -0.0545120239257813 -0.123039245605469
0.148712158203125 -0.0126190185546875 0.0384674072265625 -0.0870819091796875
0.150192260742188 -0.070648193359375 0.0907821655273438 -0.0967178344726563
0.08551025390625 -0.099700927734375 0.05755615234375 -0.123916625976563
0.0492935180664062 -0.111419677734375 0.0254898071289063 -0.103324890136719
-0.016571044921875 -0.105659484863281 -0.018218994140625 -0.0887985229492188
-0.0617752075195312 -0.085845947265625 -0.0268211364746094 -0.0573387145996094
-0.0578155517578125 -0.085845947265625 -0.00397300720214844 -0.02984619140625
-0.07757568359375 -0.0803756713867188 0.00200080871582031 -0.00948715209960938
-0.0524139404296875 -0.0873947143554688 0.000879287719726561 0.0264816284179687
-0.0224227905273438 -0.116539001464844 -0.0161705017089844 0.0463600158691406
0.01409912109375 -0.126876831054688 -0.0583572387695313 0.0279159545898437
0.108139038085938 -0.106826782226562 -0.0668563842773437 -0.0217323303222656
0.134773254394531 -0.073333740234375 -0.0320701599121094 -0.0561485290527344
0.17169189453125 -0.036865234375 0.0749282836914063 -0.042816162109375
0.17041015625 0.017242431640625 0.00665283203125001 -0.121978759765625
0.162063598632813 0.001708984375 0.0788497924804688 -0.098480224609375
0.165573120117187 -0.07452392578125 0.0988616943359375 -0.0943527221679688
0.0903778076171875 -0.113388061523438 0.0609054565429688 -0.104545593261719
0.0466156005859375 -0.121559143066406 0.03173828125 -0.0732498168945313
-0.0205154418945313 -0.114089965820313 1.52587890624962E-05 -0.0517921447753906
-0.0619659423828125 -0.094146728515625 0.004119873046875 -0.0257759094238281
-0.0544586181640625 -0.0943679809570313 0.0240287780761719 -0.00276565551757813
-0.0684890747070313 -0.0919570922851562 0.0263118743896484 0.0182113647460937
-0.0364532470703125 -0.0942611694335937 0.013580322265625 0.05413818359375
-0.0006866455078125 -0.11651611328125 -0.0106964111328125 0.0637969970703125
0.0373077392578125 -0.118476867675781 -0.0516777038574219 0.0336074829101563
0.1290283203125 -0.0818023681640625 -0.0542335510253906 -0.023468017578125
0.151504516601562 -0.03631591796875 -0.000736236572265623 -0.068359375
0.168014526367187 0.0082855224609375 0.127677917480469 -0.04351806640625
0.13385009765625 0.0455245971679687 0.0544815063476563 -0.113731384277344
0.142425537109375 0.018768310546875 0.106826782226563 -0.102287292480469
0.145919799804688 -0.0569000244140625 0.095947265625 -0.08355712890625
0.078125 -0.0974960327148438 0.0620193481445313 -0.0779953002929688
0.0413436889648437 -0.102401733398437 0.039520263671875 -0.04119873046875
-0.0165863037109375 -0.0994949340820313 0.0214862823486328 -0.0177936553955078
-0.0507354736328125 -0.0862350463867187 0.0349388122558594 0.00413322448730468
-0.04290771484375 -0.0888137817382813 0.0482635498046875 0.0245437622070312
-0.05230712890625 -0.0900802612304688 0.0450897216796875 0.0493049621582031
-0.0206680297851562 -0.0888519287109375 0.01922607421875 0.0840301513671875
0.015625 -0.103317260742188 -0.01116943359375 0.0812149047851563
0.0521392822265625 -0.098663330078125 -0.0453567504882812 0.0424041748046875
0.133674621582031 -0.0519638061523438 -0.037872314453125 -0.0146636962890625
0.14892578125 0.0028228759765625 0.0317955017089844 -0.0605392456054688
0.142242431640625 0.05047607421875 0.170806884765625 -0.025665283203125
0.0755081176757813 0.0691909790039063 0.081939697265625 -0.0962905883789063
0.097503662109375 0.0384063720703125 0.116897583007812 -0.0963897705078125
0.101600646972656 -0.0219573974609375 0.0868988037109375 -0.0653915405273438
0.0550880432128906 -0.0547332763671875 0.0652694702148438 -0.0508384704589844
0.0349159240722656 -0.0590286254882813 0.0459136962890625 -0.0160064697265625
-0.00115585327148438 -0.06793212890625 0.04034423828125 0.0058746337890625
-0.0281486511230469 -0.0666084289550781 0.0583457946777344 0.0257530212402344
-0.0254936218261719 -0.0692558288574219 0.0645980834960938 0.0474090576171875
-0.0329818725585937 -0.0746688842773438 0.057708740234375 0.0781936645507813
-0.0107192993164062 -0.070648193359375 0.0206985473632813 0.110153198242188
0.0185089111328125 -0.0811691284179688 -0.0137481689453125 0.0976409912109375
0.0488357543945313 -0.0754470825195312 -0.0382080078125 0.0554428100585938
0.117759704589844 -0.0275955200195313 -0.0235748291015625 0.00548744201660156
0.124900817871094 0.0338821411132813 0.057769775390625 -0.0350112915039063
0.096527099609375 0.0808944702148438 0.199935913085937 0.00750732421875001
-0.031951904296875 -0.0963897705078125 -0.2109375 -0.0242919921875
-0.0777206420898438 -0.0253448486328125 -0.0759658813476563 0.00829315185546875
-0.0742645263671875 0.0276412963867188 0.0246200561523437 -0.0336093902587891
-0.0338249206542969 0.0570068359375 0.0450973510742187 -0.0843887329101563
-0.009033203125 0.047271728515625 0.0255813598632812 -0.117149353027344
0.00950241088867187 0.0421867370605469 -0.0242080688476563 -0.136665344238281
0.0080718994140625 0.0395736694335938 -0.079833984375 -0.107154846191406
-0.00207901000976562 0.0387496948242188 -0.079437255859375 -0.0709457397460938
-0.0067291259765625 0.0375633239746094 -0.0702133178710938 -0.0402717590332031
-0.0186672210693359 0.0215187072753906 -0.0599441528320313 -0.0240249633789063
-0.0290699005126953 0.0114421844482422 -0.0595703125 0.00828552246093749
-0.0395927429199219 0.00249481201171875 -0.0747604370117188 0.0304183959960938
-0.0479736328125 -0.0299491882324219 -0.094879150390625 0.03753662109375
-0.0416107177734375 -0.06109619140625 -0.118064880371094 0.0761795043945313
-0.0109024047851563 -0.100784301757813 -0.095550537109375 0.067901611328125
0.0395660400390625 -0.0906143188476563 -0.203201293945313 -0.062042236328125
-0.0202713012695313 -0.0288524627685547 -0.0694503784179688 -0.0241889953613281
-0.0202312469482422 0.00727462768554688 0.0319671630859375 -0.0588760375976563
-0.000711441040039063 0.0268650054931641 0.0422592163085937 -0.10595703125
0.0132656097412109 0.0104770660400391 0.0236434936523437 -0.126998901367188
0.00716304779052734 0.00170326232910156 -0.027984619140625 -0.144683837890625
-0.0133161544799805 0.00346088409423828 -0.0799179077148438 -0.114540100097656
-0.0244903564453125 0.00185203552246094 -0.075225830078125 -0.07684326171875
-0.0383949279785156 0.00302505493164062 -0.0679130554199219 -0.0458526611328125
-0.0418205261230469 -0.0168113708496094 -0.0558204650878906 -0.0219078063964844
-0.0376853942871094 -0.0400886535644531 -0.0560951232910156 0.0113182067871094
-0.0274162292480469 -0.055084228515625 -0.0773239135742188 0.0237503051757813
0.0053863525390625 -0.07220458984375 -0.0907745361328125 0.0176162719726562
0.0188827514648438 -0.08612060546875 -0.104705810546875 0.0453872680664063
0.0593338012695313 -0.108512878417969 -0.07470703125 0.0364532470703125
0.107574462890625 -0.072265625 -0.17236328125 -0.0926055908203125
0.0467605590820313 -0.0272560119628906 -0.0450286865234375 -0.0493659973144531
0.0448570251464844 -0.020416259765625 0.05218505859375 -0.07916259765625
0.0358390808105469 -0.015350341796875 0.0460739135742188 -0.124153137207031
0.0337390899658203 -0.0344181060791016 0.0220718383789062 -0.132270812988281
0.00221633911132813 -0.0429115295410156 -0.0314102172851563 -0.140487670898438
-0.034393310546875 -0.034942626953125 -0.0723876953125 -0.107307434082031
-0.0435028076171875 -0.0355987548828125 -0.0591812133789063 -0.0704803466796875
-0.0645904541015625 -0.0311737060546875 -0.0515289306640625 -0.0422325134277344
-0.0579261779785156 -0.0498886108398438 -0.0404319763183594 -0.0107803344726563
-0.0432510375976563 -0.0806961059570313 -0.0448493957519531 0.0213279724121094
-0.01898193359375 -0.0991744995117188 -0.0761337280273438 0.0241165161132812
0.04779052734375 -0.104225158691406 -0.0864181518554687 0.000831604003906256
0.0694656372070313 -0.100975036621094 -0.0860977172851563 0.00882720947265623
0.1182861328125 -0.101943969726562 -0.0345535278320313 0.00363922119140625
0.159927368164063 -0.0455322265625 -0.120437622070313 -0.1123046875
0.110786437988281 -0.0216903686523437 -0.00518417358398437 -0.0687942504882813
0.110137939453125 -0.0516204833984375 0.0764389038085938 -0.0926437377929688
0.0682945251464844 -0.0636062622070313 0.053436279296875 -0.132850646972656
0.0467071533203125 -0.0818634033203125 0.02239990234375 -0.126365661621094
-0.00635528564453126 -0.0828170776367188 -0.0298309326171875 -0.121345520019531
-0.0522575378417969 -0.0673713684082031 -0.0544815063476562 -0.08673095703125
-0.0563201904296875 -0.0684928894042969 -0.0340995788574219 -0.0541954040527344
-0.079620361328125 -0.0605926513671875 -0.0262317657470703 -0.0285205841064453
-0.0631179809570313 -0.074432373046875 -0.0195369720458984 0.00688552856445312
-0.0390548706054688 -0.108116149902344 -0.0304794311523437 0.0346870422363281
-0.00653076171874999 -0.125244140625 -0.0710601806640625 0.02764892578125
0.0821456909179688 -0.119102478027344 -0.081878662109375 -0.011474609375
0.110023498535156 -0.09808349609375 -0.0642051696777344 -0.0273208618164063
0.160018920898438 -0.0781707763671875 0.0170078277587891 -0.0252571105957031
0.185333251953125 -0.014984130859375 -0.0577392578125 -0.121307373046875
0.156494140625 -0.0121002197265625 0.0402908325195313 -0.0842819213867188
0.156967163085938 -0.07513427734375 0.095611572265625 -0.0981216430664063
0.0896835327148438 -0.103569030761719 0.0600204467773438 -0.126548767089844
0.0514144897460938 -0.117645263671875 0.0270919799804688 -0.106033325195313
-0.0166778564453125 -0.110710144042969 -0.0186767578125 -0.0897979736328125
-0.0636215209960938 -0.0893020629882813 -0.0282783508300781 -0.0570640563964844
-0.0611114501953125 -0.089599609375 -0.00441932678222656 -0.0298576354980469
-0.0808334350585938 -0.0830154418945312 0.00153970718383789 -0.00675582885742188
-0.0537490844726563 -0.0913238525390625 -0.000427246093750003 0.0308094024658203
-0.0233840942382813 -0.121246337890625 -0.0184211730957031 0.0510749816894531
0.0143356323242188 -0.132606506347656 -0.0639724731445313 0.0324249267578125
0.112571716308594 -0.111854553222656 -0.0737152099609375 -0.0198593139648438
0.140594482421875 -0.0753631591796875 -0.0372734069824219 -0.0554618835449219
0.179779052734375 -0.039276123046875 0.0738601684570313 -0.0431137084960938
0.17852783203125 0.0164031982421875 0.00608062744140626 -0.120811462402344
0.170059204101563 0.0009613037109375 0.0820770263671875 -0.0966415405273438
0.172103881835938 -0.080474853515625 0.103507995605469 -0.0965423583984375
0.0932235717773438 -0.117996215820313 0.0637283325195313 -0.106842041015625
0.0480270385742188 -0.127983093261719 0.033477783203125 -0.0747756958007813
-0.0218734741210937 -0.117469787597656 0.000255584716796877 -0.0510101318359375
-0.064605712890625 -0.0959701538085937 0.00509834289550781 -0.0243892669677734
-0.0578689575195312 -0.0975875854492188 0.0256404876708984 -0.00148773193359376
-0.0720901489257813 -0.0940628051757812 0.0265350341796875 0.0220603942871094
-0.0377426147460938 -0.0971908569335938 0.0139617919921875 0.0596694946289062
-0.00184631347656249 -0.12054443359375 -0.0121231079101562 0.0684394836425781
0.0382843017578125 -0.123291015625 -0.0563621520996094 0.0374603271484375
0.1343994140625 -0.0869674682617188 -0.0601425170898437 -0.021270751953125
0.157272338867188 -0.0387115478515625 -0.00484848022460936 -0.0694923400878906
0.176727294921875 0.006988525390625 0.129180908203125 -0.0443191528320313
0.141006469726563 0.044708251953125 0.0573272705078125 -0.11279296875
0.14898681640625 0.016571044921875 0.110610961914063 -0.101692199707031
0.151260375976563 -0.0626220703125 0.101097106933594 -0.0857772827148438
0.0788421630859375 -0.101509094238281 0.0653228759765625 -0.0788803100585938
0.0400543212890625 -0.107803344726563 0.0413436889648438 -0.0416145324707031
-0.0185394287109375 -0.1014404296875 0.0232925415039062 -0.0161209106445313
-0.05328369140625 -0.08685302734375 0.037109375 0.00545883178710937
-0.0456314086914063 -0.0904693603515625 0.0506134033203125 0.0263099670410156
-0.0551681518554687 -0.09130859375 0.0475273132324219 0.05389404296875
-0.021575927734375 -0.0905609130859375 0.0200119018554688 0.0902938842773438
0.0148849487304687 -0.106582641601563 -0.0129165649414062 0.0869522094726563
0.0519866943359375 -0.103141784667969 -0.0498237609863281 0.0463790893554687
0.138534545898437 -0.05670166015625 -0.0429344177246094 -0.0137252807617188
0.154571533203125 0.000335693359375 0.029571533203125 -0.0621185302734375
0.14984130859375 0.0501556396484375 0.175582885742188 -0.026275634765625
0.0805130004882812 0.0689315795898437 0.086761474609375 -0.0960159301757813
0.102348327636719 0.036590576171875 0.121284484863281 -0.0963973999023438
0.104499816894531 -0.0269546508789062 0.0925064086914063 -0.0670623779296875
0.0547142028808594 -0.0582084655761719 0.06854248046875 -0.0517501831054688
0.0334663391113281 -0.0623283386230469 0.0493583679199219 -0.0164833068847656
-0.00316238403320312 -0.0681648254394531 0.0431175231933594 0.00783157348632812
-0.02960205078125 -0.0652923583984375 0.0617218017578125 0.0269622802734375
-0.0278549194335937 -0.0698928833007813 0.067474365234375 0.0496559143066406
-0.03515625 -0.0745620727539063 0.06121826171875 0.08319091796875
-0.0121078491210937 -0.0705718994140625 0.0220718383789063 0.117027282714844
0.0170745849609375 -0.082489013671875 -0.01519775390625 0.103462219238281
0.0484237670898438 -0.0772247314453125 -0.0426254272460937 0.0589447021484375
0.120147705078125 -0.030853271484375 -0.0275440216064453 0.0061798095703125
0.128997802734375 0.0312423706054687 0.0572853088378906 -0.0363693237304688
0.101860046386719 0.0803756713867188 0.2059326171875 0.00694274902343751
-0.0376052856445313 -0.0961990356445313 -0.22064208984375 -0.0179290771484375
-0.0810470581054687 -0.021087646484375 -0.0768051147460938 0.012237548828125
-0.0736236572265625 0.0331497192382813 0.0268707275390625 -0.0349464416503906
-0.0295982360839844 0.0604820251464844 0.0463104248046875 -0.0903091430664063
-0.00522232055664063 0.0486068725585937 0.0248565673828125 -0.125007629394531
0.0119094848632812 0.0406875610351563 -0.02935791015625 -0.145172119140625
0.00969696044921875 0.0376472473144531 -0.086761474609375 -0.111381530761719
-0.000553131103515623 0.0383186340332031 -0.0867156982421875 -0.0722503662109375
-0.005828857421875 0.0375480651855469 -0.0771636962890625 -0.0414199829101563
-0.0184993743896484 0.0208816528320312 -0.0661163330078125 -0.0236854553222656
-0.0277976989746094 0.0113658905029297 -0.0647048950195313 0.0109291076660156
-0.0391769409179688 0.00465774536132813 -0.0792694091796875 0.033447265625
-0.0497856140136719 -0.0272369384765625 -0.100906372070313 0.0406570434570312
-0.0449943542480469 -0.0599746704101563 -0.124282836914063 0.0821456909179688
-0.016143798828125 -0.102333068847656 -0.101882934570313 0.0721511840820312
0.0384368896484375 -0.0923843383789063 -0.214111328125 -0.056243896484375
-0.0202121734619141 -0.0266151428222656 -0.0712661743164062 -0.0202178955078125
-0.017094612121582 0.00982952117919922 0.0342292785644531 -0.0611190795898438
0.00442123413085938 0.0280609130859375 0.0435333251953125 -0.111343383789063
0.016815185546875 0.00882339477539063 0.0228118896484375 -0.134490966796875
0.00875234603881836 -0.00182342529296875 -0.0329132080078125 -0.152145385742188
-0.0132179260253906 0.000123023986816404 -0.0882186889648438 -0.117805480957031
-0.0250225067138672 4.95910644531223E-05 -0.0818252563476563 -0.07745361328125
-0.0403366088867187 0.00202941894531249 -0.07427978515625 -0.0456314086914063
-0.0433769226074219 -0.0191230773925781 -0.061676025390625 -0.0212478637695312
-0.0381507873535156 -0.0420913696289063 -0.0611000061035156 0.0142745971679688
-0.0287704467773438 -0.0566635131835937 -0.083099365234375 0.0279998779296875
0.00519561767578126 -0.0735855102539063 -0.097869873046875 0.0199050903320313
0.01788330078125 -0.0879440307617187 -0.111854553222656 0.0503921508789062
0.0587921142578125 -0.112510681152344 -0.0816574096679688 0.0401382446289062
0.111404418945313 -0.07568359375 -0.1826171875 -0.0877685546875
0.0508079528808594 -0.0265235900878906 -0.0465126037597656 -0.0464859008789062
0.0504989624023438 -0.0215530395507813 0.0538558959960937 -0.0832595825195313
0.0408592224121094 -0.0167694091796875 0.0465545654296875 -0.129867553710938
0.0371665954589844 -0.0395240783691406 0.0207061767578125 -0.1390380859375
0.00225830078125 -0.0473403930664063 -0.0363616943359375 -0.146102905273438
-0.036376953125 -0.038055419921875 -0.0790252685546875 -0.109901428222656
-0.0461769104003906 -0.0385284423828125 -0.0650634765625 -0.0714340209960938
-0.06854248046875 -0.0325965881347656 -0.0571327209472656 -0.0409355163574219
-0.0617752075195312 -0.0528831481933594 -0.04486083984375 -0.0087738037109375
-0.0457305908203125 -0.0848464965820312 -0.0485992431640625 0.0256385803222656
-0.0211639404296875 -0.104209899902344 -0.0820541381835937 0.0295867919921875
0.04876708984375 -0.110069274902344 -0.0943374633789062 0.00415039062499998
0.0711898803710938 -0.105461120605469 -0.0941085815429688 0.0134963989257812
0.121795654296875 -0.108566284179688 -0.0403900146484375 0.00567245483398437
0.167724609375 -0.0503082275390625 -0.129928588867188 -0.108245849609375
0.117950439453125 -0.0237884521484375 -0.00616836547851562 -0.066741943359375
0.116615295410156 -0.05657958984375 0.0790863037109375 -0.0984725952148438
0.073333740234375 -0.0691986083984375 0.0537796020507813 -0.138877868652344
0.0487823486328125 -0.0891952514648438 0.021942138671875 -0.1322021484375
-0.00783538818359375 -0.0891799926757813 -0.0339889526367187 -0.125
-0.0562973022460938 -0.071380615234375 -0.0601119995117187 -0.0879745483398437
-0.0609512329101562 -0.0719528198242188 -0.0375709533691406 -0.0549125671386719
-0.08544921875 -0.0626449584960938 -0.0304603576660156 -0.0266189575195313
-0.0675506591796875 -0.0783233642578125 -0.0220470428466797 0.0103626251220703
-0.043304443359375 -0.1136474609375 -0.0329246520996094 0.0399818420410156
-0.00968933105468749 -0.132087707519531 -0.0766754150390625 0.034088134765625
0.0849685668945313 -0.126945495605469 -0.0901031494140625 -0.00796508789062503
0.11383056640625 -0.104400634765625 -0.0721359252929687 -0.0249252319335938
0.166885375976562 -0.0858306884765625 0.0131282806396484 -0.0256977081298828
0.196243286132813 -0.020965576171875 -0.0632553100585937 -0.119552612304688
0.166427612304688 -0.0161285400390625 0.0410232543945313 -0.084228515625
0.164474487304688 -0.084808349609375 0.0991439819335938 -0.104347229003906
0.0933914184570313 -0.111343383789063 0.0607833862304688 -0.132087707519531
0.050933837890625 -0.12628173828125 0.0263824462890625 -0.110832214355469
-0.0199737548828125 -0.117027282714844 -0.0210189819335937 -0.0915451049804688
-0.0687637329101563 -0.0923309326171875 -0.0302505493164063 -0.0569190979003906
-0.0674972534179688 -0.0933380126953125 -0.00551795959472657 -0.0298347473144531
-0.0879898071289062 -0.0852508544921875 0.000357627868652338 -0.00438618659973145
-0.05841064453125 -0.0952224731445313 -0.000217437744140628 0.0346431732177734
-0.0273208618164063 -0.127548217773438 -0.0192985534667969 0.0563812255859375
0.0113906860351562 -0.140144348144531 -0.0691871643066406 0.0385971069335937
0.116432189941406 -0.121223449707031 -0.0813522338867187 -0.0163116455078125
0.146713256835938 -0.0834808349609375 -0.0445022583007813 -0.0555381774902344
0.189910888671875 -0.04669189453125 0.073272705078125 -0.0459442138671875
0.190383911132813 0.01092529296875 0.00418853759765625 -0.121688842773437
0.180328369140625 -0.0045928955078125 0.0846328735351563 -0.097808837890625
0.178909301757813 -0.0915985107421875 0.107681274414063 -0.102859497070313
0.0952224731445313 -0.127174377441406 0.0644378662109375 -0.112014770507813
0.0452651977539062 -0.136878967285156 0.0343246459960937 -0.0781707763671875
-0.0265274047851562 -0.122276306152344 0.000133514404296874 -0.05059814453125
-0.0706024169921875 -0.097991943359375 0.00508308410644531 -0.0238571166992188
-0.0637741088867188 -0.100456237792969 0.0268001556396484 -0.00131607055664063
-0.0789566040039063 -0.0960311889648437 0.0294704437255859 0.0250263214111328
-0.0418701171875 -0.101486206054687 0.0160179138183594 0.0651779174804688
-0.00598144531250001 -0.12677001953125 -0.0127944946289063 0.0751876831054687
0.0361785888671875 -0.131263732910156 -0.0612297058105469 0.045013427734375
0.138412475585938 -0.0971145629882813 -0.0674858093261719 -0.0185928344726563
0.165008544921875 -0.0458221435546875 -0.0105972290039062 -0.0704421997070313
0.188095092773438 0.0013885498046875 0.131233215332031 -0.048309326171875
0.151016235351563 0.0402984619140625 0.0583953857421875 -0.115707397460938
0.158935546875 0.011474609375 0.114501953125 -0.104713439941406
0.156356811523438 -0.073944091796875 0.105567932128906 -0.0918655395507813
0.0782546997070313 -0.109519958496094 0.0679931640625 -0.0830459594726563
0.0369110107421875 -0.114715576171875 0.0440483093261719 -0.0434684753417969
-0.0228195190429688 -0.105209350585937 0.0257740020751953 -0.0150184631347656
-0.0580520629882813 -0.0869903564453125 0.0399513244628906 0.00623321533203124
-0.0513458251953125 -0.091949462890625 0.0544509887695312 0.0265464782714844
-0.0611038208007812 -0.092559814453125 0.0524864196777344 0.0574951171875
-0.0246124267578125 -0.0928878784179687 0.024078369140625 0.0971450805664063
0.0115203857421875 -0.110916137695312 -0.0121307373046875 0.0941543579101563
0.0509490966796875 -0.109565734863281 -0.0536651611328125 0.0531501770019531
0.142959594726563 -0.0647125244140625 -0.0479888916015625 -0.0115013122558594
0.161865234375 -0.005462646484375 0.0260772705078125 -0.0647506713867188
0.160964965820313 0.0462799072265625 0.181228637695313 -0.03143310546875
0.0884323120117187 0.0666656494140625 0.09088134765625 -0.100006103515625
0.109367370605469 0.0325393676757813 0.126228332519531 -0.101737976074219
0.107894897460938 -0.0344161987304688 0.0970001220703125 -0.0715484619140625
0.0532379150390625 -0.0634269714355469 0.0726394653320313 -0.05596923828125
0.0309562683105469 -0.06634521484375 0.0524826049804688 -0.0184097290039063
-0.00659561157226563 -0.0698280334472656 0.0468177795410156 0.00892639160156249
-0.0336761474609375 -0.0647811889648438 0.0669746398925781 0.0277137756347656
-0.0320472717285156 -0.0695381164550781 0.073028564453125 0.0507431030273437
-0.0392303466796875 -0.0741424560546875 0.0678176879882813 0.0876541137695313
-0.014495849609375 -0.0715484619140625 0.0265884399414063 0.124763488769531
0.0133743286132813 -0.0848541259765625 -0.0141754150390625 0.111274719238281
0.0465927124023437 -0.0826416015625 -0.0459403991699219 0.0649147033691406
0.12347412109375 -0.0381240844726563 -0.031768798828125 0.00788116455078125
0.135848999023438 0.0264205932617188 0.0557785034179688 -0.0393867492675781
0.109848022460938 0.0786819458007813 0.214797973632813 0.0013885498046875
-0.0449142456054688 -0.0937576293945312 -0.229095458984375 -0.00672912597656248
-0.0829238891601562 -0.0153732299804688 -0.0763092041015625 0.0164718627929687
-0.0715789794921875 0.039642333984375 0.0281600952148437 -0.03704833984375
-0.023834228515625 0.0632781982421875 0.0452499389648437 -0.097076416015625
-0.000736236572265624 0.0490379333496094 0.021240234375 -0.13262939453125
0.0152320861816406 0.0387306213378906 -0.0381622314453125 -0.152267456054688
0.0119743347167969 0.0355339050292969 -0.097320556640625 -0.111526489257813
0.00168609619140625 0.0373954772949219 -0.0949478149414062 -0.0706100463867188
-0.00364303588867188 0.0371284484863281 -0.0845565795898438 -0.0385971069335938
-0.0176830291748047 0.0202007293701172 -0.0726089477539063 -0.0216445922851562
-0.0263290405273438 0.0117130279541016 -0.0688591003417969 0.014984130859375
-0.0380973815917969 0.00730133056640626 -0.0829086303710937 0.0391464233398438
-0.0519905090332031 -0.0231971740722656 -0.105758666992188 0.0456008911132812
-0.0497322082519531 -0.0564613342285156 -0.126800537109375 0.0910110473632813
-0.0236358642578125 -0.102272033691406 -0.106277465820313 0.07958984375
0.0348129272460938 -0.0941238403320313 -0.224014282226562 -0.0444488525390625
-0.0197010040283203 -0.0238590240478516 -0.0729904174804687 -0.0150680541992188
-0.013554573059082 0.0125255584716797 0.0342445373535156 -0.0642318725585938
0.0103797912597656 0.027496337890625 0.0408477783203125 -0.11737060546875
0.0207004547119141 0.00545883178710938 0.018341064453125 -0.141708374023438
0.00940418243408203 -0.00539875030517578 -0.0420989990234375 -0.158126831054688
-0.0143289566040039 -0.00219535827636719 -0.0987625122070313 -0.117919921875
-0.0260868072509766 -0.00149726867675782 -0.0905380249023437 -0.0755386352539063
-0.0416641235351563 0.00188827514648438 -0.0820159912109375 -0.0425186157226563
-0.0452804565429688 -0.0201454162597656 -0.0678482055664063 -0.0179901123046875
-0.0406761169433594 -0.0436134338378906 -0.0646743774414063 0.0194244384765625
-0.0307731628417969 -0.0574188232421875 -0.087890625 0.0344009399414062
0.0032958984375 -0.0750274658203125 -0.103767395019531 0.0255203247070313
0.0151824951171875 -0.0898513793945313 -0.116203308105469 0.0592422485351562
0.0546722412109375 -0.11749267578125 -0.0869369506835938 0.04656982421875
0.112022399902344 -0.0815048217773438 -0.19354248046875 -0.076507568359375
0.0539360046386719 -0.02740478515625 -0.0488357543945313 -0.0419578552246094
0.0550765991210938 -0.0236282348632813 0.0537643432617187 -0.0881881713867188
0.0453681945800781 -0.0207023620605469 0.0431976318359375 -0.136222839355469
0.0390090942382813 -0.0453033447265625 0.01580810546875 -0.145706176757813
0.00113677978515625 -0.0525016784667969 -0.0445709228515625 -0.14984130859375
-0.039581298828125 -0.0409812927246094 -0.08856201171875 -0.109367370605469
-0.050750732421875 -0.0408744812011719 -0.0717086791992188 -0.069580078125
-0.0735702514648438 -0.032196044921875 -0.0632247924804688 -0.0374984741210938
-0.06597900390625 -0.0538787841796875 -0.0494194030761719 -0.00560379028320313
-0.050933837890625 -0.0878829956054688 -0.0514602661132812 0.0309944152832031
-0.0261077880859375 -0.107421875 -0.086639404296875 0.03741455078125
0.0468292236328125 -0.11627197265625 -0.102043151855469 0.0101547241210937
0.0700531005859375 -0.111328125 -0.100379943847656 0.0202484130859375
0.121932983398438 -0.117134094238281 -0.0462074279785156 0.00945281982421873
0.1728515625 -0.05987548828125 -0.139877319335938 -0.100196838378906
0.124748229980469 -0.0283966064453125 -0.0082244873046875 -0.0638389587402344
0.1212158203125 -0.0655136108398438 0.0786895751953125 -0.10467529296875
0.075958251953125 -0.0764312744140625 0.049652099609375 -0.145462036132813
0.0475540161132813 -0.0973892211914063 0.01715087890625 -0.137893676757813
-0.0121612548828125 -0.0948638916015625 -0.0404586791992187 -0.126998901367188
-0.0622711181640625 -0.0728912353515625 -0.066558837890625 -0.0866470336914062
-0.0682525634765625 -0.073577880859375 -0.0432167053222656 -0.0535011291503906
-0.0927276611328125 -0.0616989135742188 -0.0336322784423828 -0.0238208770751953
-0.0740585327148437 -0.0801239013671875 -0.0240230560302734 0.0139656066894531
-0.0505523681640625 -0.117713928222656 -0.0334930419921875 0.0454139709472656
-0.0160293579101562 -0.137428283691406 -0.0806655883789062 0.0423583984375
0.0833587646484375 -0.137153625488281 -0.0978012084960938 -0.00180053710937503
0.115394592285156 -0.11370849609375 -0.0794601440429688 -0.0196151733398438
0.1708984375 -0.09698486328125 0.00829315185546876 -0.0255603790283203
0.205276489257812 -0.0310211181640625 -0.0711288452148438 -0.11517333984375
0.174652099609375 -0.02447509765625 0.0399703979492188 -0.0836257934570313
0.168136596679687 -0.0977020263671875 0.0981903076171875 -0.112991333007813
0.0925750732421875 -0.120849609375 0.0575103759765625 -0.138877868652344
0.046356201171875 -0.136062622070313 0.0233383178710938 -0.114852905273438
-0.02630615234375 -0.122001647949219 -0.0257949829101562 -0.0908203125
-0.0763702392578125 -0.09320068359375 -0.0341262817382813 -0.0558815002441406
-0.07611083984375 -0.0948333740234375 -0.00763702392578125 -0.0295753479003906
-0.0968780517578125 -0.0842742919921875 2.71797180175721E-05 -0.00214087963104249
-0.0655136108398437 -0.0972976684570313 0.00148391723632812 0.0394020080566406
-0.0349349975585938 -0.13153076171875 -0.0185470581054688 0.06207275390625
0.00506591796874999 -0.147445678710938 -0.072265625 0.0477447509765625
0.116500854492188 -0.133209228515625 -0.0887832641601562 -0.010101318359375
0.150299072265625 -0.093902587890625 -0.0525436401367187 -0.0529365539550781
0.19793701171875 -0.05877685546875 0.0696907043457032 -0.0492668151855469
0.200759887695313 0.0001220703125 -0.000679016113281236 -0.120407104492187
0.189834594726562 -0.0152435302734375 0.0844345092773438 -0.101051330566406
0.181381225585938 -0.107162475585938 0.107566833496094 -0.112251281738281
0.091827392578125 -0.137611389160156 0.0624465942382813 -0.117950439453125
0.03912353515625 -0.1461181640625 0.0329208374023438 -0.0812454223632813
-0.0345077514648438 -0.12628173828125 -0.000804901123046874 -0.0497894287109375
-0.077850341796875 -0.0971603393554687 0.00497055053710937 -0.0226783752441406
-0.0725555419921875 -0.101295471191406 0.0276870727539062 -0.00199317932128907
-0.087310791015625 -0.0948486328125 0.0322971343994141 0.0273933410644531
-0.0480804443359375 -0.103073120117187 0.020965576171875 0.0702857971191406
-0.0124588012695313 -0.130966186523438 -0.010162353515625 0.08221435546875
0.0303802490234375 -0.139198303222656 -0.0640945434570313 0.0531463623046875
0.140350341796875 -0.10931396484375 -0.0738449096679687 -0.0134048461914063
0.1700439453125 -0.0573883056640625 -0.0171661376953125 -0.070892333984375
0.198211669921875 -0.0098724365234375 0.131523132324219 -0.0560226440429688
0.1617431640625 0.032012939453125 0.0573272705078125 -0.118438720703125
0.166976928710938 0.0013427734375 0.115913391113281 -0.110969543457031
0.157424926757813 -0.0881500244140625 0.106071472167969 -0.100151062011719
0.0742874145507813 -0.118453979492188 0.06744384765625 -0.0882720947265625
0.030303955078125 -0.121978759765625 0.0443077087402344 -0.0461883544921875
-0.0298538208007813 -0.107009887695312 0.0276641845703125 -0.0144462585449219
-0.0648956298828125 -0.085479736328125 0.0434684753417969 0.00581741333007812
-0.0584869384765625 -0.0916824340820313 0.0586318969726563 0.0254440307617187
-0.0686111450195313 -0.091766357421875 0.0587234497070312 0.0591659545898437
-0.0299911499023438 -0.0942764282226563 0.0309295654296875 0.102516174316406
0.00521087646484376 -0.1143798828125 -0.00908660888671876 0.101692199707031
0.0459365844726563 -0.11627197265625 -0.0552978515625 0.0607223510742187
0.14532470703125 -0.0765533447265625 -0.0537338256835938 -0.00739288330078126
0.168411254882813 -0.016021728515625 0.0211410522460938 -0.0673484802246094
0.171218872070312 0.0377044677734375 0.1851806640625 -0.041473388671875
0.09722900390625 0.0616531372070313 0.092132568359375 -0.105606079101563
0.115684509277344 0.0256500244140625 0.12860107421875 -0.109397888183594
0.108100891113281 -0.0448989868164062 0.099273681640625 -0.0791702270507813
0.0497283935546875 -0.0689659118652344 0.0743637084960938 -0.060943603515625
0.0255966186523437 -0.070343017578125 0.0554046630859375 -0.0211143493652344
-0.011383056640625 -0.0707168579101563 0.0511207580566406 0.00835800170898437
-0.0375518798828125 -0.0626029968261719 0.0721435546875 0.0261077880859375
-0.0370979309082031 -0.0684432983398438 0.0794296264648438 0.0483322143554687
-0.0452041625976562 -0.0724639892578125 0.0763320922851563 0.0892410278320313
-0.0188522338867188 -0.07110595703125 0.0352935791015625 0.130882263183594
0.00875854492187499 -0.0870132446289062 -0.0100250244140625 0.118629455566406
0.0418853759765625 -0.0874710083007812 -0.0456008911132812 0.0720596313476563
0.124755859375 -0.048065185546875 -0.035125732421875 0.0107688903808594
0.141586303710938 0.0179901123046875 0.0532073974609375 -0.0438194274902344
0.120170593261719 0.0736770629882812 0.222000122070313 -0.00982666015625
-0.0514144897460937 -0.0881118774414063 -0.230712890625 0.00738525390624997
-0.0821075439453125 -0.00836181640625001 -0.0745773315429688 0.0216522216796875
-0.0669898986816406 0.0452232360839844 0.0285911560058594 -0.0384292602539063
-0.0176734924316406 0.0649681091308594 0.04248046875 -0.100662231445313
0.00445938110351563 0.0474967956542969 0.0153579711914062 -0.136756896972656
0.0171318054199219 0.0354537963867188 -0.047882080078125 -0.154449462890625
0.0130519866943359 0.0323467254638672 -0.106277465820312 -0.108406066894531
0.00403594970703125 0.0354194641113281 -0.1014404296875 -0.06585693359375
-0.00170135498046875 0.03582763671875 -0.0906600952148438 -0.0337295532226562
-0.0166397094726563 0.0192947387695313 -0.0770492553710938 -0.01751708984375
-0.0245857238769531 0.0117588043212891 -0.070831298828125 0.019775390625
-0.0357398986816406 0.00959396362304687 -0.0839157104492188 0.044525146484375
-0.0521812438964844 -0.0182876586914062 -0.10748291015625 0.0506744384765625
-0.0519523620605469 -0.0516357421875 -0.126335144042969 0.0990524291992188
-0.0308151245117188 -0.0991134643554687 -0.106719970703125 0.08636474609375
0.0300445556640625 -0.093963623046875 -0.228851318359375 -0.030426025390625
-0.0187206268310547 -0.0203781127929688 -0.07257080078125 -0.00933074951171876
-0.00858783721923828 0.0141592025756836 0.0327339172363281 -0.0662078857421875
0.0161323547363281 0.0264759063720703 0.0364608764648437 -0.121017456054687
0.0235557556152344 0.00234222412109375 0.0125885009765625 -0.14459228515625
0.00973033905029297 -0.00930595397949219 -0.0513763427734375 -0.15826416015625
-0.0150651931762695 -0.00464916229248047 -0.107162475585938 -0.113716125488281
-0.0271129608154297 -0.00282096862792969 -0.0971221923828125 -0.070770263671875
-0.0424041748046875 0.00270462036132812 -0.0873260498046875 -0.0365982055664063
-0.04718017578125 -0.0202369689941406 -0.0720062255859375 -0.0136337280273438
-0.0420761108398437 -0.0439262390136719 -0.0664520263671875 0.0244979858398438
-0.0320930480957031 -0.0566864013671875 -0.089691162109375 0.04095458984375
0.000640869140624994 -0.0747146606445313 -0.107139587402344 0.031707763671875
0.0121002197265625 -0.08941650390625 -0.117454528808594 0.0673828125
0.04888916015625 -0.120018005371094 -0.0895767211914063 0.0531997680664062
0.109649658203125 -0.0867538452148437 -0.199539184570313 -0.062652587890625
0.0561332702636719 -0.0280342102050781 -0.0492134094238281 -0.036376953125
0.0581779479980469 -0.0272026062011719 0.0506591796875 -0.091094970703125
0.0486679077148438 -0.0243606567382813 0.0375900268554688 -0.139366149902344
0.0387115478515625 -0.0509605407714844 0.0101318359375 -0.148056030273438
-0.00176239013671875 -0.0568389892578125 -0.0532073974609375 -0.149749755859375
-0.0430870056152344 -0.0419731140136719 -0.0961456298828125 -0.104904174804687
-0.0547904968261719 -0.040283203125 -0.0781478881835938 -0.0654525756835937
-0.0771102905273438 -0.0293960571289062 -0.0678787231445313 -0.0318794250488281
-0.0698661804199219 -0.0529289245605469 -0.0519523620605469 -0.00127792358398439
-0.0552139282226563 -0.0879058837890625 -0.0517158508300781 0.0361137390136719
-0.031036376953125 -0.107551574707031 -0.0883026123046875 0.0455398559570313
0.0428390502929688 -0.120773315429687 -0.106063842773438 0.0167770385742187
0.0665130615234375 -0.115013122558594 -0.103599548339844 0.0280380249023437
0.117813110351562 -0.124038696289062 -0.0502815246582031 0.0138282775878906
0.173690795898438 -0.0690765380859375 -0.145889282226563 -0.0879364013671875
0.127861022949219 -0.0338821411132813 -0.00962829589843749 -0.0594253540039063
0.122047424316406 -0.074127197265625 0.07391357421875 -0.109466552734375
0.0757980346679688 -0.0821609497070313 0.04388427734375 -0.148666381835938
0.043548583984375 -0.104293823242188 0.01104736328125 -0.139251708984375
-0.0175399780273438 -0.0976638793945313 -0.0471878051757812 -0.124916076660156
-0.0669784545898437 -0.0727310180664063 -0.072662353515625 -0.0826034545898438
-0.0749359130859375 -0.0725936889648438 -0.0472335815429688 -0.0508384704589844
-0.098480224609375 -0.0582199096679688 -0.0363922119140625 -0.019927978515625
-0.0787582397460937 -0.0787811279296875 -0.0243873596191406 0.0172672271728516
-0.0571823120117187 -0.117439270019531 -0.0329742431640625 0.0507965087890625
-0.0235519409179687 -0.13934326171875 -0.0815963745117188 0.05120849609375
0.07867431640625 -0.144378662109375 -0.102333068847656 0.00575256347656251
0.111770629882813 -0.121223449707031 -0.085296630859375 -0.0135421752929688
0.1697998046875 -0.107498168945313 0.0037059783935547 -0.0244693756103516
0.207534790039063 -0.04339599609375 -0.0764694213867187 -0.106658935546875
0.178558349609375 -0.034698486328125 0.0384292602539063 -0.082244873046875
0.166549682617188 -0.109619140625 0.093475341796875 -0.118820190429688
0.0886764526367188 -0.128921508789063 0.0515899658203125 -0.1417236328125
0.039459228515625 -0.142486572265625 0.0186004638671875 -0.116668701171875
-0.03363037109375 -0.123420715332031 -0.0295257568359375 -0.0886001586914063
-0.0829010009765625 -0.0909881591796875 -0.0370521545410156 -0.0529861450195313
-0.0837631225585937 -0.0926971435546875 -0.0100593566894531 -0.0277843475341797
-0.103668212890625 -0.0796356201171875 7.13467597961362E-05 0.000610649585723872
-0.071685791015625 -0.0966720581054688 0.00356674194335937 0.0420494079589844
-0.0427322387695313 -0.132675170898438 -0.0165367126464844 0.0671958923339844
-0.00308227539062499 -0.1505126953125 -0.0727310180664063 0.0559768676757812
0.112075805664063 -0.142868041992188 -0.0936508178710938 -0.00305938720703126
0.148757934570313 -0.103836059570313 -0.0593185424804688 -0.0482406616210938
0.199615478515625 -0.0719757080078125 0.0648078918457031 -0.0526962280273438
0.205337524414063 -0.01312255859375 -0.00403594970703123 -0.116874694824219
0.193740844726562 -0.027252197265625 0.082275390625 -0.102287292480469
0.177734375 -0.121292114257813 0.103004455566406 -0.118865966796875
0.085662841796875 -0.14544677734375 0.05853271484375 -0.121002197265625
0.0301361083984375 -0.151031494140625 0.0305328369140625 -0.0828933715820313
-0.0422515869140625 -0.126556396484375 -0.00150680541992187 -0.0480117797851563
-0.0846176147460937 -0.0938034057617188 0.00501060485839843 -0.0210609436035156
-0.0805740356445312 -0.0987396240234375 0.0280666351318359 -0.00225067138671876
-0.0948867797851562 -0.090057373046875 0.0346851348876953 0.0274810791015625
-0.054229736328125 -0.102363586425781 0.0250320434570312 0.072723388671875
-0.020111083984375 -0.132102966308594 -0.00635528564453125 0.0872955322265625
0.022216796875 -0.14337158203125 -0.0638656616210937 0.0612335205078125
0.13720703125 -0.120429992675781 -0.07818603515625 -0.00688171386718751
0.170211791992188 -0.06878662109375 -0.0242080688476563 -0.0690727233886719
0.202957153320312 -0.0230255126953125 0.127662658691406 -0.063201904296875
0.16717529296875 0.0201263427734375 0.0541458129882812 -0.118721008300781
0.1712646484375 -0.01019287109375 0.112960815429688 -0.114997863769531
0.153488159179688 -0.101043701171875 0.102264404296875 -0.106361389160156
0.0673675537109375 -0.124664306640625 0.06500244140625 -0.0920028686523438
0.0220108032226563 -0.125099182128906 0.043914794921875 -0.0484619140625
-0.0365142822265625 -0.105926513671875 0.0289669036865234 -0.0139274597167969
-0.069976806640625 -0.081817626953125 0.0454254150390625 0.00531387329101562
-0.0649490356445313 -0.0884246826171875 0.0608940124511719 0.0233802795410156
-0.07537841796875 -0.0869064331054687 0.0639572143554688 0.0587844848632812
-0.0351638793945313 -0.0935440063476563 0.0382156372070313 0.105072021484375
-0.0016632080078125 -0.115394592285156 -0.00391387939453126 0.107177734375
0.0382614135742188 -0.120712280273438 -0.054412841796875 0.0677719116210937
0.142745971679687 -0.0871734619140625 -0.0569686889648437 -0.0025787353515625
0.170166015625 -0.0272979736328125 0.0149497985839844 -0.0681343078613281
0.17779541015625 0.0263824462890625 0.182968139648437 -0.052215576171875
0.103187561035156 0.0534133911132812 0.0909042358398438 -0.10992431640625
0.119110107421875 0.016693115234375 0.126472473144531 -0.115478515625
0.105133056640625 -0.0537109375 0.0975112915039063 -0.0850067138671875
0.0446929931640625 -0.072662353515625 0.073516845703125 -0.0645751953125
0.020172119140625 -0.0722503662109375 0.0563087463378906 -0.0241279602050781
-0.0158233642578125 -0.0697021484375 0.05419921875 0.00775146484375
-0.0412445068359375 -0.0588722229003906 0.0762710571289063 0.0234909057617188
-0.0409431457519531 -0.0651016235351563 0.0837249755859375 0.044891357421875
-0.0497360229492188 -0.068511962890625 0.0838088989257813 0.0864944458007813
-0.0229415893554688 -0.0696449279785156 0.043670654296875 0.133010864257813
0.00269317626953124 -0.0867385864257812 -0.0047454833984375 0.123603820800781
0.0358428955078125 -0.0898361206054688 -0.0446929931640625 0.07843017578125
0.122146606445313 -0.0574951171875 -0.0374641418457031 0.0138473510742188
0.143295288085938 0.00787353515625 0.0493965148925781 -0.0473861694335937
0.126991271972656 0.065155029296875 0.222198486328125 -0.0229644775390625
-0.0550155639648438 -0.0820999145507812 -0.229278564453125 0.016845703125
-0.0804519653320313 -0.00373077392578126 -0.0719375610351563 0.0237808227539063
-0.061737060546875 0.048370361328125 0.0290679931640625 -0.0389823913574219
-0.0121917724609375 0.0637245178222656 0.0405807495117187 -0.102928161621094
0.00780868530273438 0.045257568359375 0.011810302734375 -0.1385498046875
0.0181770324707031 0.0318965911865234 -0.0538482666015625 -0.154891967773438
0.0129184722900391 0.0297451019287109 -0.111244201660156 -0.104377746582031
0.00452232360839843 0.0336704254150391 -0.104995727539063 -0.0622024536132812
-0.00121116638183594 0.0339603424072266 -0.0932540893554687 -0.0297088623046875
-0.0160789489746094 0.0183048248291016 -0.079986572265625 -0.0146865844726563
-0.022491455078125 0.0109443664550781 -0.0714111328125 0.0229949951171875
-0.0328369140625 0.0107517242431641 -0.0844039916992188 0.0479736328125
-0.0508308410644531 -0.0144538879394531 -0.109176635742188 0.0539779663085937
-0.0526161193847656 -0.0478324890136719 -0.124755859375 0.103477478027344
-0.0346603393554688 -0.0951995849609375 -0.107048034667969 0.090057373046875
0.0271835327148438 -0.0908966064453125 -0.22802734375 -0.0193939208984375
-0.0159397125244141 -0.0178298950195313 -0.0705718994140625 -0.00591278076171876
-0.00467491149902344 0.0144987106323242 0.0322036743164063 -0.0666389465332031
0.0199012756347656 0.0243644714355469 0.0340805053710937 -0.121902465820312
0.02545166015625 -0.00146865844726562 0.00936889648437499 -0.1456298828125
0.00899219512939453 -0.0128688812255859 -0.05731201171875 -0.157852172851563
-0.0165996551513672 -0.00650596618652344 -0.112144470214844 -0.109710693359375
-0.0280799865722656 -0.00346183776855468 -0.100807189941406 -0.0662460327148438
-0.0428733825683594 0.00246429443359375 -0.0901718139648438 -0.0317153930664063
-0.0479049682617188 -0.0203056335449219 -0.0744476318359375 -0.0101470947265625
-0.0428619384765625 -0.0440750122070313 -0.0669670104980469 0.0278892517089844
-0.0327911376953125 -0.0556755065917969 -0.0899658203125 0.0453033447265625
5.34057617187533E-05 -0.0737838745117187 -0.109512329101563 0.0357208251953125
0.0103302001953125 -0.0873489379882813 -0.117362976074219 0.0725631713867187
0.045013427734375 -0.119186401367188 -0.09100341796875 0.0576553344726562
0.107681274414063 -0.0878372192382813 -0.199951171875 -0.0513153076171875
0.0587692260742188 -0.027984619140625 -0.0479888916015625 -0.0324478149414063
0.0608329772949219 -0.0296859741210938 0.04833984375 -0.09222412109375
0.0515480041503906 -0.0280647277832031 0.0347213745117187 -0.139419555664063
0.0380706787109375 -0.0547599792480469 0.0067138671875 -0.147598266601563
-0.00368881225585938 -0.0593605041503906 -0.0575714111328125 -0.147445678710938
-0.0453834533691406 -0.04266357421875 -0.100326538085938 -0.100776672363281
-0.0573539733886719 -0.0407562255859375 -0.0809707641601563 -0.0608673095703125
-0.0783615112304688 -0.028411865234375 -0.07037353515625 -0.02703857421875
-0.0722427368164062 -0.0526046752929688 -0.0535011291503906 0.00220489501953124
-0.058349609375 -0.087799072265625 -0.0516738891601563 0.0401649475097656
-0.0342330932617188 -0.107337951660156 -0.0888748168945313 0.0504379272460937
0.0406723022460938 -0.121681213378906 -0.108627319335937 0.0215988159179688
0.0641860961914063 -0.116012573242188 -0.10552978515625 0.0337066650390625
0.114532470703125 -0.127197265625 -0.0529823303222656 0.0174751281738281
0.17205810546875 -0.0741119384765625 -0.14691162109375 -0.0780181884765625
0.130020141601563 -0.0375137329101563 -0.00868988037109374 -0.055145263671875
0.121864318847656 -0.07916259765625 0.0706939697265625 -0.111190795898437
0.075592041015625 -0.0867691040039063 0.0401611328125 -0.148468017578125
0.0406570434570312 -0.107856750488281 0.00865173339843752 -0.138961791992188
-0.0210800170898438 -0.0987472534179688 -0.0500335693359375 -0.122001647949219
-0.0703582763671875 -0.0717391967773437 -0.0756912231445313 -0.0783615112304687
-0.0787887573242187 -0.0713043212890625 -0.0497779846191406 -0.0471878051757813
-0.101325988769531 -0.0550689697265625 -0.0375709533691406 -0.0163764953613281
-0.08209228515625 -0.077850341796875 -0.0246238708496094 0.0207920074462891
-0.0611190795898437 -0.116950988769531 -0.0320167541503906 0.05419921875
-0.0280227661132813 -0.139389038085938 -0.082183837890625 0.057159423828125
0.0754547119140625 -0.148529052734375 -0.104881286621094 0.0112533569335938
0.109794616699219 -0.125030517578125 -0.088775634765625 -0.00737762451171876
0.167999267578125 -0.113815307617187 -0.000709533691406242 -0.0220146179199219
0.207611083984375 -0.0511322021484375 -0.0776748657226562 -0.0980072021484375
0.18011474609375 -0.04071044921875 0.038665771484375 -0.0790786743164063
0.163589477539063 -0.117721557617188 0.0894851684570313 -0.121139526367188
0.0859603881835938 -0.133316040039063 0.048126220703125 -0.142745971679688
0.034027099609375 -0.146133422851563 0.0158233642578125 -0.11578369140625
-0.0381393432617188 -0.123542785644531 -0.0301589965820313 -0.0852737426757813
-0.085906982421875 -0.0889053344726563 -0.0382156372070313 -0.04949951171875
-0.0883712768554688 -0.0904922485351562 -0.0111503601074219 -0.0261592864990234
-0.107498168945313 -0.07586669921875 0.000195026397705071 0.00269889831542968
-0.0749893188476563 -0.09515380859375 0.00485610961914062 0.0450096130371094
-0.0475540161132813 -0.132156372070313 -0.014617919921875 0.0707626342773437
-0.00852966308593751 -0.151412963867188 -0.0723953247070313 0.0620346069335938
0.108505249023438 -0.149459838867188 -0.096160888671875 0.00197601318359375
0.146438598632813 -0.109542846679687 -0.0638389587402344 -0.0435066223144531
0.199111938476563 -0.07977294921875 0.0605545043945313 -0.052886962890625
0.205734252929688 -0.0223388671875 -0.00562286376953124 -0.111640930175781
0.194900512695312 -0.03472900390625 0.0818710327148438 -0.10064697265625
0.1732177734375 -0.129547119140625 0.0986785888671875 -0.120590209960938
0.080413818359375 -0.1494140625 0.0551071166992188 -0.12158203125
0.024139404296875 -0.1531982421875 0.0287551879882812 -0.0824661254882813
-0.04638671875 -0.125450134277344 -0.00128555297851563 -0.0458106994628906
-0.0876541137695313 -0.0904159545898438 0.00569534301757812 -0.0196380615234375
-0.0850830078125 -0.095794677734375 0.0274219512939453 -0.00201416015625001
-0.0987396240234375 -0.0863113403320312 0.0372123718261719 0.0283164978027344
-0.0581817626953125 -0.100875854492188 0.0290145874023438 0.0741958618164063
-0.0248947143554688 -0.131874084472656 -0.003387451171875 0.0900802612304687
0.0167388916015625 -0.144119262695313 -0.0625190734863281 0.0671958923339844
0.133163452148438 -0.127723693847656 -0.08050537109375 -0.00263214111328126
0.168121337890625 -0.0759124755859375 -0.0292854309082031 -0.0657577514648438
0.204437255859375 -0.0319976806640625 0.123237609863281 -0.0662612915039063
0.168899536132813 0.011199951171875 0.0533218383789063 -0.116539001464844
0.171051025390625 -0.0174407958984375 0.111656188964844 -0.115737915039063
0.148269653320313 -0.108688354492188 0.0991287231445313 -0.108528137207031
0.06170654296875 -0.126808166503906 0.0626754760742188 -0.09320068359375
0.0155715942382813 -0.125953674316406 0.0434455871582031 -0.0488662719726563
-0.0410003662109375 -0.104270935058594 0.0311088562011719 -0.0128231048583984
-0.0726165771484375 -0.0777130126953125 0.0470504760742187 0.00487518310546875
-0.0692520141601563 -0.0855255126953125 0.0618515014648437 0.0220069885253906
-0.0785675048828125 -0.08233642578125 0.0670280456542969 0.0575485229492187
-0.038330078125 -0.0921401977539063 0.043426513671875 0.106208801269531
-0.00603485107421875 -0.114402770996094 -0.000495910644531255 0.110031127929687
0.0339508056640625 -0.121253967285156 -0.0534286499023438 0.072479248046875
0.138862609863281 -0.0946884155273438 -0.0599098205566406 0.000732421874999999
0.168930053710937 -0.0347900390625 0.00928497314453127 -0.067474365234375
0.17987060546875 0.0177764892578125 0.178543090820312 -0.0579071044921875
0.10491943359375 0.0471572875976562 0.09033203125 -0.110282897949219
0.119483947753906 0.0098876953125 0.124366760253906 -0.117218017578125
0.100975036621094 -0.0598068237304688 0.0958251953125 -0.0875015258789063
0.0400924682617187 -0.0735855102539063 0.0728225708007813 -0.0670852661132813
0.0155410766601563 -0.0720748901367188 0.0569801330566406 -0.0252227783203125
-0.0190620422363281 -0.0676231384277344 0.0568046569824219 0.00658416748046874
-0.04278564453125 -0.0549774169921875 0.0791015625 0.0215606689453125
-0.0435523986816406 -0.0622291564941406 0.0856170654296875 0.0420074462890625
-0.0520820617675781 -0.0640525817871094 0.088348388671875 0.0840606689453125
-0.0249710083007813 -0.06732177734375 0.0500869750976562 0.133514404296875
-0.000152587890624995 -0.0845184326171875 -0.00174713134765624 0.12615966796875
0.0309982299804687 -0.0897903442382813 -0.04376220703125 0.0821304321289063
0.117935180664063 -0.0628662109375 -0.0392341613769531 0.0159034729003906
0.142608642578125 0.001068115234375 0.0445327758789063 -0.0484466552734375
0.129890441894531 0.0580673217773438 0.220001220703125 -0.031036376953125
-0.056365966796875 -0.0779342651367187 -0.229843139648437 0.0199737548828125
-0.079010009765625 -0.00170898437499999 -0.0709686279296875 0.0248260498046875
-0.0582656860351562 0.0493392944335938 0.030731201171875 -0.0393562316894531
-0.00843048095703124 0.0625648498535156 0.0404815673828125 -0.1041259765625
0.00946044921875 0.0432662963867188 0.0117034912109375 -0.140640258789063
0.0174484252929688 0.0293464660644531 -0.056610107421875 -0.15716552734375
0.0123424530029297 0.0276813507080078 -0.115066528320312 -0.104118347167969
0.00486946105957032 0.0322113037109375 -0.107612609863281 -0.0603256225585937
-0.000936508178710936 0.0329189300537109 -0.09564208984375 -0.0275344848632813
-0.0158596038818359 0.0169086456298828 -0.0833587646484375 -0.0138320922851563
-0.0222072601318359 0.00988578796386719 -0.0730743408203125 0.0241317749023437
-0.0309162139892578 0.0109691619873047 -0.0863723754882813 0.0499114990234375
-0.0497360229492188 -0.0126609802246094 -0.112289428710938 0.0552215576171875
-0.0522003173828125 -0.0456161499023438 -0.126419067382812 0.105628967285156
-0.037139892578125 -0.0926284790039063 -0.11041259765625 0.0920181274414063
0.0269622802734375 -0.0887222290039063 -0.228652954101563 -0.01446533203125
-0.0134372711181641 -0.0158071517944336 -0.0695686340332031 -0.00401687622070311
-0.000726699829101564 0.0143966674804688 0.0328598022460938 -0.0667533874511719
0.0240707397460937 0.0220355987548828 0.0345840454101562 -0.122268676757812
0.0270938873291016 -0.00416946411132813 0.0093231201171875 -0.14715576171875
0.00850391387939453 -0.015294075012207 -0.0590667724609375 -0.159210205078125
-0.0182456970214844 -0.00848388671875 -0.115524291992187 -0.108428955078125
-0.0289096832275391 -0.00522232055664062 -0.103126525878906 -0.0643157958984375
-0.04388427734375 0.00169754028320313 -0.0928802490234375 -0.0292282104492187
-0.0487556457519531 -0.0217857360839844 -0.0772933959960938 -0.00751495361328125
-0.0427474975585938 -0.0461235046386719 -0.0685081481933594 0.0299301147460937
-0.0318450927734375 -0.0563697814941406 -0.0921554565429687 0.0484542846679688
0.001190185546875 -0.0744094848632813 -0.113349914550781 0.0377044677734375
0.0107879638671875 -0.0866928100585938 -0.119964599609375 0.07586669921875
0.0437240600585938 -0.118942260742188 -0.0946121215820313 0.060455322265625
0.108268737792969 -0.086944580078125 -0.199905395507813 -0.0458221435546875
0.0619773864746094 -0.0274314880371094 -0.0466194152832031 -0.029327392578125
0.0642166137695313 -0.0311965942382813 0.0489120483398438 -0.0922698974609375
0.0552139282226563 -0.0303764343261719 0.0348129272460938 -0.140434265136719
0.0386428833007813 -0.0582962036132813 0.00723266601562501 -0.148818969726562
-0.00470352172851563 -0.0620079040527344 -0.0588531494140625 -0.147781372070312
-0.047821044921875 -0.0437660217285156 -0.103141784667969 -0.0984268188476563
-0.0599861145019531 -0.0419654846191406 -0.0836563110351563 -0.0590591430664062
-0.0805816650390625 -0.0286178588867187 -0.07159423828125 -0.0245513916015625
-0.0737533569335938 -0.0537033081054688 -0.0556526184082031 0.00481414794921875
-0.0595703125 -0.0899505615234375 -0.0528831481933594 0.0422096252441406
-0.0351409912109375 -0.108268737792969 -0.0908126831054688 0.054290771484375
0.040802001953125 -0.124298095703125 -0.112442016601563 0.0245590209960937
0.065032958984375 -0.117080688476563 -0.108345031738281 0.0373916625976562
0.115066528320313 -0.128669738769531 -0.056427001953125 0.0200958251953125
0.173828125 -0.0752716064453125 -0.146591186523438 -0.0717010498046875
0.134109497070313 -0.0382537841796875 -0.00704574584960937 -0.0522193908691406
0.124649047851562 -0.0820693969726563 0.0703353881835938 -0.111122131347656
0.0775222778320313 -0.0899658203125 0.0401153564453125 -0.148712158203125
0.0396499633789062 -0.111480712890625 0.00872039794921876 -0.13897705078125
-0.023193359375 -0.101341247558594 -0.0505905151367187 -0.121299743652344
-0.0729217529296875 -0.0728530883789063 -0.0767364501953125 -0.0760498046875
-0.0821533203125 -0.0724258422851563 -0.0514717102050781 -0.0451698303222656
-0.103813171386719 -0.05474853515625 -0.0380859375 -0.0136871337890625
-0.0840225219726562 -0.0790939331054688 -0.0250644683837891 0.0227203369140625
-0.0633926391601563 -0.118515014648438 -0.0326957702636719 0.0567817687988281
-0.0299224853515625 -0.140914916992188 -0.0835189819335938 0.0616378784179687
0.0758514404296875 -0.152130126953125 -0.108917236328125 0.0139999389648438
0.110710144042969 -0.12713623046875 -0.0915756225585938 -0.00388336181640626
0.16949462890625 -0.117462158203125 -0.00403976440429686 -0.0201492309570313
0.209716796875 -0.0546722412109375 -0.076629638671875 -0.0927658081054688
0.183883666992188 -0.043426513671875 0.0409164428710938 -0.076324462890625
0.165313720703125 -0.122360229492188 0.0886383056640625 -0.1212158203125
0.0862960815429687 -0.136825561523438 0.0478973388671875 -0.142257690429688
0.032012939453125 -0.148956298828125 0.0166778564453125 -0.116203308105469
-0.040435791015625 -0.124870300292969 -0.0293426513671875 -0.0840377807617188
-0.0881805419921875 -0.0892715454101562 -0.0381813049316406 -0.0473861694335938
-0.092193603515625 -0.0909500122070313 -0.0117454528808594 -0.0245494842529297
-0.110237121582031 -0.0746994018554688 0.00049543380737304 0.00484752655029296
-0.0777435302734375 -0.0962066650390625 0.00594329833984375 0.0470733642578125
-0.050079345703125 -0.1341552734375 -0.0139236450195313 0.0739517211914062
-0.0105743408203125 -0.153411865234375 -0.073333740234375 0.0667343139648437
0.107757568359375 -0.153854370117188 -0.0996856689453125 0.00516510009765622
0.147567749023437 -0.113204956054687 -0.0672378540039062 -0.0404167175292969
0.201934814453125 -0.085113525390625 0.0569953918457031 -0.0521049499511719
0.208404541015625 -0.0271148681640625 -0.0037689208984375 -0.107521057128906
0.197906494140625 -0.0388031005859375 0.0840377807617188 -0.0989532470703125
0.17266845703125 -0.134719848632813 0.097930908203125 -0.120697021484375
0.0790863037109375 -0.15191650390625 0.0555343627929688 -0.121849060058594
0.02069091796875 -0.155670166015625 0.0294265747070313 -0.0826797485351563
-0.0491943359375 -0.125999450683594 0.000873565673828125 -0.0449371337890625
-0.0895309448242187 -0.0898361206054688 0.00674057006835937 -0.0179767608642578
-0.0882492065429688 -0.0947189331054688 0.0277385711669922 -0.000963211059570318
-0.100898742675781 -0.0850372314453125 0.0384330749511719 0.0292282104492187
-0.05975341796875 -0.101524353027344 0.0310745239257813 0.0765228271484375
-0.02740478515625 -0.132606506347656 -0.00249481201171875 0.0932846069335937
0.0145111083984375 -0.145721435546875 -0.0637741088867188 0.0716705322265625
0.132774353027344 -0.132514953613281 -0.0835723876953125 3.81469726562451E-05
0.16961669921875 -0.0798187255859375 -0.0326614379882812 -0.0638046264648438
0.207656860351563 -0.037689208984375 0.120826721191406 -0.0669403076171875
0.17059326171875 0.006103515625 0.0560302734375 -0.114822387695313
0.173248291015625 -0.02252197265625 0.114448547363281 -0.115127563476562
0.146759033203125 -0.113479614257813 0.0984649658203125 -0.10870361328125
0.0598678588867188 -0.129348754882813 0.0634536743164063 -0.0934066772460938
0.0130233764648438 -0.127243041992188 0.0446662902832031 -0.0489692687988281
-0.0430145263671875 -0.103553771972656 0.0342540740966797 -0.0121803283691406
-0.073822021484375 -0.077056884765625 0.0495948791503906 0.00518798828125
-0.0715484619140625 -0.0840530395507813 0.0627861022949219 0.0221176147460938
-0.0802230834960938 -0.0806503295898438 0.0690383911132813 0.0581207275390625
-0.0397872924804687 -0.0921173095703125 0.0465927124023438 0.108314514160156
-0.00687408447265625 -0.114532470703125 0.000679016113281242 0.113525390625
0.03173828125 -0.121932983398438 -0.0548782348632812 0.0770263671875
0.137954711914063 -0.0985946655273438 -0.0620574951171875 0.00300216674804687
0.169296264648438 -0.0388031005859375 0.00670623779296877 -0.0665550231933594
0.183624267578125 0.012847900390625 0.177703857421875 -0.0598907470703125
0.105865478515625 0.0426788330078125 0.09393310546875 -0.110671997070313
0.120330810546875 0.00637054443359375 0.12701416015625 -0.118202209472656
0.0989151000976563 -0.0635299682617188 0.0963134765625 -0.0883560180664063
0.0371856689453125 -0.0742645263671875 0.0738754272460938 -0.0684890747070313
0.01373291015625 -0.0723648071289063 0.0580787658691406 -0.0263786315917969
-0.0205574035644531 -0.0665435791015625 0.0597419738769531 0.00717926025390625
-0.0431976318359375 -0.0535392761230469 0.0811767578125 0.0207595825195312
-0.045257568359375 -0.0601425170898437 0.0874481201171875 0.0412445068359375
-0.0535507202148438 -0.0619926452636719 0.0908432006835937 0.0844879150390625
-0.0251731872558594 -0.0661468505859375 0.0538406372070313 0.135665893554688
-0.00189208984375 -0.0833663940429688 -0.000419616699218761 0.13018798828125
0.0289306640625 -0.089813232421875 -0.0445938110351563 0.0855865478515625
0.116645812988281 -0.0664901733398438 -0.0417633056640625 0.0177116394042969
0.142730712890625 -0.002716064453125 0.0419578552246094 -0.0486869812011719
0.131919860839844 0.0537338256835938 0.219024658203125 -0.034454345703125
-0.0574493408203125 -0.0760269165039063 -0.235397338867188 0.0224609374999999
-0.0794448852539062 -9.91821289062527E-05 -0.0724411010742188 0.0263519287109375
-0.0573921203613281 0.05047607421875 0.0337982177734375 -0.0404090881347656
-0.00534820556640625 0.0628471374511719 0.0434112548828125 -0.107131958007813
0.0111732482910156 0.0421142578125 0.0135955810546875 -0.146102905273437
0.0172767639160156 0.0278129577636719 -0.05975341796875 -0.1634521484375
0.0112323760986328 0.0267982482910156 -0.120262145996094 -0.106559753417969
0.00432968139648437 0.0324268341064453 -0.111900329589844 -0.0609359741210937
-0.0011444091796875 0.0326271057128906 -0.100357055664062 -0.0276565551757813
-0.0169925689697266 0.0160760879516602 -0.0879745483398438 -0.0133895874023438
-0.0222015380859375 0.00833320617675781 -0.07696533203125 0.02587890625
-0.0298671722412109 0.0109634399414062 -0.0907211303710938 0.0524826049804688
-0.0487861633300781 -0.0114288330078125 -0.118629455566406 0.0577163696289062
-0.0525970458984375 -0.0451240539550781 -0.132064819335938 0.109451293945313
-0.0391464233398437 -0.0922775268554687 -0.117851257324219 0.0953292846679688
0.0285491943359375 -0.0877227783203125 -0.234115600585937 -0.011627197265625
-0.0111846923828125 -0.0148534774780273 -0.0704803466796875 -0.00243377685546874
0.00265216827392578 0.0138607025146484 0.035186767578125 -0.0684432983398438
0.0279941558837891 0.0205860137939453 0.0365066528320313 -0.126228332519531
0.0283966064453125 -0.00671005249023438 0.0112762451171875 -0.152313232421875
0.00754928588867187 -0.0187339782714844 -0.0619964599609375 -0.1651611328125
-0.0199356079101563 -0.0100421905517578 -0.120147705078125 -0.110389709472656
-0.0317840576171875 -0.00639724731445312 -0.107521057128906 -0.065032958984375
-0.0458984375 0.00071334838867187 -0.0968170166015625 -0.027740478515625
-0.0511322021484375 -0.023834228515625 -0.0817642211914063 -0.00710296630859377
-0.0443344116210938 -0.0491561889648438 -0.0716171264648438 0.0321426391601563
-0.031494140625 -0.0591011047363281 -0.0970687866210938 0.052703857421875
0.00304412841796874 -0.0766448974609375 -0.119636535644531 0.0401382446289062
0.0125274658203125 -0.0883712768554688 -0.125068664550781 0.0797653198242187
0.045074462890625 -0.120597839355469 -0.1009521484375 0.0638961791992188
0.112884521484375 -0.0870285034179687 -0.204147338867187 -0.0428619384765625
0.0676193237304688 -0.0273399353027344 -0.0467147827148437 -0.0278587341308594
0.0693092346191406 -0.0332908630371094 0.050811767578125 -0.0938186645507813
0.0594520568847656 -0.0336151123046875 0.036590576171875 -0.1431884765625
0.0401802062988281 -0.0626640319824219 0.00932312011718751 -0.153900146484375
-0.00565338134765625 -0.0662918090820313 -0.0602874755859375 -0.15234375
-0.0507049560546875 -0.046112060546875 -0.106826782226562 -0.0997161865234375
-0.0637283325195313 -0.04443359375 -0.0871658325195313 -0.0591278076171875
-0.0838088989257813 -0.0294418334960938 -0.0750045776367188 -0.0235977172851563
-0.0766448974609375 -0.0568771362304687 -0.0590133666992188 0.00679779052734374
-0.0623397827148438 -0.0939712524414062 -0.055328369140625 0.045318603515625
-0.0352249145507813 -0.112434387207031 -0.0952682495117188 0.0590057373046875
0.0441131591796875 -0.129425048828125 -0.119667053222656 0.0269927978515625
0.068511962890625 -0.119636535644531 -0.113899230957031 0.0405502319335937
0.118827819824219 -0.132621765136719 -0.0618171691894531 0.0227890014648437
0.180191040039063 -0.076629638671875 -0.148757934570313 -0.0691375732421875
0.141586303710938 -0.039581298828125 -0.00460815429687499 -0.0505905151367188
0.130393981933594 -0.0867691040039063 0.0719680786132813 -0.113121032714844
0.0820770263671875 -0.0946044921875 0.0416107177734375 -0.152236938476562
0.0410385131835938 -0.117530822753906 0.0105438232421875 -0.143508911132813
-0.0242538452148438 -0.106674194335938 -0.0504608154296875 -0.124557495117188
-0.076141357421875 -0.0756454467773437 -0.078948974609375 -0.076202392578125
-0.0870285034179688 -0.0746841430664062 -0.0536079406738281 -0.0448112487792969
-0.108238220214844 -0.0569305419921875 -0.040313720703125 -0.0121574401855469
-0.0878982543945313 -0.0828857421875 -0.02655029296875 0.0254783630371094
-0.0665512084960938 -0.123893737792969 -0.0338020324707031 0.0606727600097656
-0.0306243896484375 -0.146484375 -0.087249755859375 0.0669708251953125
0.0787353515625 -0.158935546875 -0.115425109863281 0.0164031982421875
0.11517333984375 -0.131050109863281 -0.0968093872070313 -0.00125885009765627
0.176071166992187 -0.122268676757813 -0.00729942321777343 -0.0194454193115234
0.2171630859375 -0.056854248046875 -0.0753936767578125 -0.0905609130859375
0.192520141601563 -0.046142578125 0.0444107055664063 -0.0750656127929688
0.170852661132813 -0.128219604492188 0.090911865234375 -0.123329162597656
0.089752197265625 -0.142440795898438 0.0496673583984375 -0.145339965820313
0.0317535400390625 -0.155685424804687 0.0179367065429688 -0.119522094726563
-0.0421371459960937 -0.130035400390625 -0.0282440185546875 -0.0858612060546875
-0.0917129516601563 -0.0918807983398438 -0.0384788513183594 -0.0466384887695313
-0.097564697265625 -0.0933609008789063 -0.0126571655273438 -0.0237464904785156
-0.114974975585938 -0.0770187377929687 0.000426292419433587 0.00579404830932617
-0.0809707641601563 -0.0998001098632813 0.00638961791992187 0.0501708984375
-0.052978515625 -0.13922119140625 -0.0148086547851563 0.0782318115234375
-0.0117034912109375 -0.158935546875 -0.077239990234375 0.0723953247070312
0.111740112304688 -0.161941528320313 -0.105682373046875 0.00751495361328125
0.15301513671875 -0.118194580078125 -0.072021484375 -0.0393218994140625
0.209365844726563 -0.0898284912109375 0.0564651489257813 -0.0525245666503906
0.215423583984375 -0.0293731689453125 -0.000633239746093738 -0.106575012207031
0.206024169921875 -0.0417633056640625 0.0889205932617188 -0.0995101928710938
0.177520751953125 -0.141586303710938 0.099884033203125 -0.1229248046875
0.08123779296875 -0.1575927734375 0.0574569702148438 -0.124900817871094
0.019561767578125 -0.161270141601562 0.0316009521484375 -0.0846176147460938
-0.0511093139648438 -0.129936218261719 0.0037689208984375 -0.0444564819335938
-0.0929946899414062 -0.0919265747070313 0.00877952575683593 -0.0176830291748047
-0.0937042236328125 -0.097747802734375 0.0290374755859375 -0.000345230102539068
-0.105537414550781 -0.085845947265625 0.0398483276367187 0.0316009521484375
-0.0617294311523438 -0.104927062988281 0.033355712890625 0.0805740356445313
-0.0288619995117188 -0.137435913085937 -0.00187683105468751 0.0986251831054687
0.014373779296875 -0.150787353515625 -0.0671615600585938 0.076751708984375
0.136497497558594 -0.139495849609375 -0.089141845703125 0.00198364257812498
0.175567626953125 -0.0835723876953125 -0.0365333557128906 -0.0637397766113281
0.21551513671875 -0.0416107177734375 0.121513366699219 -0.068450927734375
0.1759033203125 0.003448486328125 0.0613174438476563 -0.115547180175781
0.17889404296875 -0.025787353515625 0.120292663574219 -0.116531372070313
0.149627685546875 -0.119277954101563 0.101654052734375 -0.110755920410156
0.0600433349609375 -0.133102416992188 0.0658950805664063 -0.0955123901367188
0.0109939575195313 -0.131355285644531 0.0471305847167969 -0.0500602722167969
-0.0448455810546875 -0.106315612792969 0.0372962951660156 -0.0108985900878906
-0.076446533203125 -0.0777740478515625 0.0532951354980469 0.00632095336914062
-0.0753936767578125 -0.08575439453125 0.064971923828125 0.0231819152832031
-0.0838165283203125 -0.0814590454101562 0.0724945068359375 0.0600357055664062
-0.040557861328125 -0.0942764282226563 0.0495986938476563 0.113471984863281
-0.00826263427734375 -0.117782592773437 0.00125885009765625 0.11944580078125
0.0314254760742187 -0.124946594238281 -0.0572357177734375 0.0821762084960937
0.140792846679687 -0.104278564453125 -0.0666389465332031 0.00423431396484374
0.174819946289063 -0.0421295166015625 0.00434875488281251 -0.0667533874511719
0.190277099609375 0.0098876953125 0.1806640625 -0.062225341796875
0.108573913574219 0.0415725708007812 0.0998687744140625 -0.112564086914062
0.123138427734375 0.00351715087890625 0.133148193359375 -0.120208740234375
0.0994644165039063 -0.0668716430664063 0.0997695922851563 -0.08978271484375
0.03692626953125 -0.0760650634765625 0.0777816772460938 -0.0702362060546875
0.012725830078125 -0.0742111206054688 0.060882568359375 -0.0271987915039063
-0.0219573974609375 -0.0676422119140625 0.0637550354003906 0.00798797607421875
-0.0434379577636719 -0.0533523559570312 0.0858383178710938 0.0210494995117187
-0.0472869873046875 -0.0608863830566406 0.0902938842773438 0.0425491333007812
-0.0548248291015625 -0.0619392395019531 0.0946502685546875 0.086669921875
-0.0254631042480469 -0.0674285888671875 0.057037353515625 0.141036987304688
-0.00199127197265625 -0.0841217041015625 -0.000648498535156238 0.136116027832031
0.0284652709960938 -0.0905609130859375 -0.047210693359375 0.090362548828125
0.117774963378906 -0.0696258544921875 -0.0452957153320313 0.0189590454101562
0.146224975585938 -0.0049591064453125 0.0402374267578125 -0.0494232177734375
0.136764526367187 0.0525131225585937 0.224136352539063 -0.036407470703125
-0.0609207153320313 -0.0750732421875 -0.24749755859375 0.028656005859375
-0.0819625854492188 0.0022430419921875 -0.0758514404296875 0.0296401977539062
-0.0565986633300781 0.0532951354980469 0.03759765625 -0.0426101684570313
-0.00177764892578126 0.0639610290527344 0.0462493896484375 -0.1146240234375
0.0132255554199219 0.0423736572265625 0.013763427734375 -0.156829833984375
0.0170440673828125 0.0277538299560547 -0.065948486328125 -0.173553466796875
0.0111122131347656 0.0273342132568359 -0.129531860351562 -0.110107421875
0.00474739074707031 0.0326099395751953 -0.120742797851562 -0.0622329711914062
-0.0012969970703125 0.0330772399902344 -0.108329772949219 -0.0264739990234375
-0.0181713104248047 0.0157299041748047 -0.09637451171875 -0.0124893188476563
-0.0229663848876953 0.00783157348632812 -0.0824737548828125 0.0284652709960938
-0.0296134948730469 0.01055908203125 -0.0968170166015625 0.0576019287109375
-0.049957275390625 -0.0100936889648438 -0.127487182617188 0.062744140625
-0.0550651550292969 -0.04534912109375 -0.140174865722656 0.117507934570313
-0.04351806640625 -0.0937728881835938 -0.126838684082031 0.103302001953125
0.0304641723632812 -0.0893096923828125 -0.245941162109375 -0.00585937500000005
-0.0091867446899414 -0.0146036148071289 -0.07305908203125 0.000221252441406256
0.00642108917236328 0.0137310028076172 0.0380096435546875 -0.0717849731445313
0.0330085754394531 0.0182266235351563 0.0386810302734375 -0.132545471191406
0.0310115814208984 -0.0106182098388672 0.011627197265625 -0.162994384765625
0.00641059875488281 -0.0220966339111328 -0.0677947998046875 -0.174713134765625
-0.0226478576660156 -0.0117206573486328 -0.129470825195313 -0.113227844238281
-0.0344963073730469 -0.00802803039550782 -0.115852355957031 -0.0652084350585938
-0.0492439270019531 0.000308990478515632 -0.104385375976562 -0.0264816284179687
-0.0548973083496094 -0.02606201171875 -0.08856201171875 -0.00508880615234377
-0.0477180480957031 -0.0531768798828125 -0.0769577026367188 0.0355300903320312
-0.0327835083007813 -0.0632286071777344 -0.103401184082031 0.0589523315429688
0.003814697265625 -0.0809173583984375 -0.129478454589844 0.0450363159179687
0.013824462890625 -0.0922393798828125 -0.133186340332031 0.0874557495117188
0.0459213256835938 -0.126449584960937 -0.109474182128906 0.0703659057617187
0.120208740234375 -0.091064453125 -0.214019775390625 -0.03802490234375
0.074432373046875 -0.029327392578125 -0.0477066040039062 -0.0261077880859375
0.0758132934570312 -0.0378265380859375 0.0531997680664063 -0.0986175537109375
0.0653724670410156 -0.0393562316894531 0.0377044677734375 -0.151718139648438
0.0424308776855469 -0.0695343017578125 0.00900268554687499 -0.163070678710938
-0.00751495361328125 -0.0725631713867188 -0.065155029296875 -0.160797119140625
-0.0550918579101563 -0.0501174926757813 -0.114334106445313 -0.101737976074219
-0.0700263977050781 -0.0465278625488281 -0.0936965942382812 -0.0592727661132813
-0.0903167724609375 -0.03125 -0.0806808471679688 -0.0214385986328125
-0.083343505859375 -0.0605850219726563 -0.0639572143554688 0.00930404663085936
-0.0677032470703125 -0.100257873535156 -0.0593948364257813 0.0493621826171875
-0.0381851196289062 -0.119865417480469 -0.10186767578125 0.066650390625
0.0457611083984375 -0.139015197753906 -0.129096984863281 0.0320587158203125
0.0723724365234375 -0.127197265625 -0.121810913085938 0.0467453002929688
0.1246337890625 -0.141693115234375 -0.0684585571289062 0.0271873474121094
0.19146728515625 -0.0824127197265625 -0.155105590820313 -0.066070556640625
0.152084350585937 -0.043975830078125 -0.00336074829101562 -0.0509185791015625
0.138839721679688 -0.09515380859375 0.0750198364257813 -0.118476867675781
0.0870208740234375 -0.103080749511719 0.0433349609375 -0.16058349609375
0.0422744750976563 -0.126991271972656 0.0110015869140625 -0.152114868164063
-0.027587890625 -0.114463806152344 -0.0542984008789063 -0.130828857421875
-0.0828170776367188 -0.0798263549804688 -0.08404541015625 -0.0776824951171875
-0.0955886840820313 -0.0782089233398438 -0.0578956604003906 -0.0446434020996094
-0.117095947265625 -0.0581817626953125 -0.0432929992675781 -0.0102729797363281
-0.0951614379882813 -0.087371826171875 -0.0282859802246094 0.028839111328125
-0.0724563598632813 -0.131431579589844 -0.0355873107910156 0.0663871765136719
-0.0346221923828125 -0.155120849609375 -0.0932235717773437 0.07550048828125
0.0817108154296875 -0.171859741210938 -0.124824523925781 0.0214004516601562
0.121734619140625 -0.140914916992188 -0.104652404785156 0.00260925292968747
0.18603515625 -0.132980346679688 -0.0110797882080078 -0.01824951171875
0.2303466796875 -0.063751220703125 -0.07818603515625 -0.0898818969726562
0.206207275390625 -0.052886962890625 0.048431396484375 -0.0773544311523438
0.179534912109375 -0.140640258789063 0.09393310546875 -0.128959655761719
0.0933074951171875 -0.1534423828125 0.0515899658203125 -0.153335571289063
0.0312042236328125 -0.1666259765625 0.01947021484375 -0.126380920410156
-0.0467605590820313 -0.138496398925781 -0.0291976928710937 -0.0894927978515625
-0.0991134643554687 -0.0965805053710938 -0.0399246215820313 -0.0475807189941406
-0.106658935546875 -0.097930908203125 -0.0137786865234375 -0.0236091613769531
-0.124259948730469 -0.0790939331054688 -5.72204589843817E-05 0.00843477249145507
-0.0877151489257813 -0.10589599609375 0.00809097290039062 0.05438232421875
-0.0587615966796875 -0.147003173828125 -0.0143814086914063 0.0851287841796875
-0.014556884765625 -0.168487548828125 -0.0822296142578125 0.0816268920898437
0.115386962890625 -0.175445556640625 -0.115127563476562 0.0114593505859375
0.161651611328125 -0.127471923828125 -0.0782928466796875 -0.0375137329101563
0.222122192382813 -0.100662231445313 0.0559272766113281 -0.0547904968261719
0.228836059570313 -0.0363311767578125 0.00147247314453127 -0.1094970703125
0.219451904296875 -0.04974365234375 0.0960693359375 -0.10333251953125
0.185012817382813 -0.154876708984375 0.104232788085938 -0.12860107421875
0.0831756591796875 -0.168548583984375 0.0595016479492188 -0.130973815917969
0.0169525146484375 -0.172012329101563 0.0333480834960938 -0.090118408203125
-0.0566482543945313 -0.137062072753906 0.00563430786132812 -0.0462074279785156
-0.0998458862304688 -0.095916748046875 0.0105504989624023 -0.017308235168457
-0.102668762207031 -0.1007080078125 0.0309181213378906 0.000907897949218744
-0.113861083984375 -0.0885238647460937 0.0431671142578125 0.0335731506347656
-0.0673828125 -0.111122131347656 0.037261962890625 0.0860061645507813
-0.032745361328125 -0.145034790039063 -0.00103759765625001 0.107353210449219
0.012542724609375 -0.16015625 -0.0709991455078125 0.0857009887695313
0.14154052734375 -0.152664184570313 -0.0968246459960937 0.00517272949218749
0.18524169921875 -0.0925140380859375 -0.0417060852050781 -0.0645370483398437
0.22845458984375 -0.0504913330078125 0.124969482421875 -0.0734176635742188
0.185821533203125 -0.0012359619140625 0.0668716430664063 -0.120254516601562
0.190155029296875 -0.0330047607421875 0.128311157226563 -0.123359680175781
0.1552734375 -0.130706787109375 0.107460021972656 -0.115547180175781
0.0599365234375 -0.140960693359375 0.068817138671875 -0.100967407226563
0.00830078124999999 -0.139183044433594 0.0502433776855469 -0.0534515380859375
-0.0498886108398437 -0.111526489257813 0.0425224304199219 -0.0115966796875
-0.0813369750976563 -0.0803909301757813 0.0582656860351562 0.00638961791992187
-0.0827789306640625 -0.08782958984375 0.0693473815917969 0.0244560241699219
-0.0898666381835938 -0.0832977294921875 0.0777587890625 0.0631103515625
-0.0443115234375 -0.0994415283203125 0.0552902221679687 0.119773864746094
-0.0102081298828125 -0.123435974121094 0.00238037109375001 0.128730773925781
0.0308456420898438 -0.132003784179688 -0.061309814453125 0.0906829833984375
0.146453857421875 -0.1143798828125 -0.0732803344726562 0.00689697265624998
0.1834716796875 -0.048583984375 0.00111770629882813 -0.0696678161621094
0.202377319335938 0.0041351318359375 0.187713623046875 -0.067901611328125
0.115219116210937 0.0398025512695313 0.10748291015625 -0.119125366210938
0.129737854003906 -0.0005645751953125 0.141387939453125 -0.128311157226562
0.102516174316406 -0.0734634399414062 0.106643676757812 -0.0952529907226562
0.0365066528320313 -0.0797882080078125 0.0815353393554688 -0.0754013061523438
0.0106658935546875 -0.0781631469726563 0.0647048950195313 -0.0296363830566406
-0.0251121520996094 -0.0701866149902344 0.0707778930664063 0.0077667236328125
-0.0463142395019531 -0.0544891357421875 0.0931854248046875 0.0202484130859375
-0.0507774353027344 -0.0617027282714844 0.0963897705078125 0.04339599609375
-0.0589790344238281 -0.0630874633789063 0.1024169921875 0.0905303955078125
-0.0271148681640625 -0.0700187683105469 0.064422607421875 0.14886474609375
-0.00321197509765625 -0.0872726440429688 0.00140380859375001 0.146133422851563
0.0280990600585938 -0.0944290161132812 -0.0509185791015625 0.0981979370117187
0.120773315429687 -0.0760498046875 -0.0495796203613281 0.0212287902832031
0.152297973632813 -0.009765625 0.0398025512695313 -0.0523872375488281
0.145645141601563 0.050445556640625 0.234115600585938 -0.0417022705078125
-0.0663604736328125 -0.0728683471679687 -0.26104736328125 0.0429229736328125
-0.0849990844726563 0.00685119628906249 -0.0778350830078125 0.035736083984375
-0.0559005737304688 0.0580825805664062 0.0398292541503906 -0.0475654602050781
0.00268936157226563 0.0650482177734375 0.045684814453125 -0.124107360839844
0.0165023803710937 0.0422630310058594 0.0089111328125 -0.169265747070313
0.0176525115966797 0.0274143218994141 -0.0790863037109375 -0.18359375
0.0117702484130859 0.0274810791015625 -0.1436767578125 -0.111114501953125
0.00634765625 0.0331401824951172 -0.131614685058594 -0.0602874755859375
-0.000333786010742188 0.0336780548095703 -0.1175537109375 -0.0222854614257812
-0.0195541381835938 0.0158576965332031 -0.105499267578125 -0.00834655761718748
-0.0240612030029297 0.00717353820800781 -0.0879745483398438 0.0342178344726563
-0.0292873382568359 0.0117263793945313 -0.102043151855469 0.0659255981445313
-0.0511093139648438 -0.00812149047851563 -0.135139465332031 0.0726852416992188
-0.0586166381835938 -0.0449447631835938 -0.145584106445313 0.131683349609375
-0.0504074096679688 -0.0945205688476563 -0.133613586425781 0.116462707519531
0.0306396484375 -0.0927200317382813 -0.260162353515625 0.00743103027343751
-0.00704383850097656 -0.0134410858154297 -0.0766372680664063 0.00513458251953126
0.00981426239013672 0.01239013671875 0.0389404296875 -0.0770492553710938
0.0383262634277344 0.0150489807128906 0.036712646484375 -0.1427001953125
0.0326976776123047 -0.0156002044677734 0.00706481933593748 -0.175308227539062
0.00501823425292969 -0.0254344940185547 -0.0793609619140625 -0.184661865234375
-0.0260524749755859 -0.0127143859863281 -0.142822265625 -0.113662719726562
-0.0383453369140625 -0.00791549682617187 -0.126762390136719 -0.0623245239257813
-0.0536117553710938 0.00111770629882812 -0.113410949707031 -0.0217437744140625
-0.0604362487792969 -0.0268592834472656 -0.097564697265625 -2.28881835937716E-05
-0.0533523559570313 -0.0562095642089844 -0.0815811157226562 0.0426025390625
-0.0364799499511719 -0.0669212341308594 -0.108978271484375 0.0690078735351563
0.00245666503906251 -0.086822509765625 -0.138801574707031 0.0551528930664062
0.0118484497070313 -0.0980072021484375 -0.139869689941406 0.0999755859375
0.04388427734375 -0.134376525878906 -0.11651611328125 0.0811004638671875
0.1259765625 -0.099609375 -0.226593017578125 -0.0282440185546875
0.0814666748046875 -0.0337448120117188 -0.0496826171875 -0.0229377746582031
0.0816268920898438 -0.0459060668945312 0.0538253784179688 -0.104743957519531
0.0703353881835938 -0.0473556518554688 0.03582763671875 -0.162078857421875
0.042755126953125 -0.0791168212890625 0.004486083984375 -0.175918579101563
-0.011871337890625 -0.0789947509765625 -0.075958251953125 -0.168991088867188
-0.0615081787109375 -0.0525856018066406 -0.125396728515625 -0.101478576660156
-0.07794189453125 -0.0471954345703125 -0.102630615234375 -0.0565948486328125
-0.0983428955078125 -0.0298995971679687 -0.087615966796875 -0.01739501953125
-0.0923385620117187 -0.062103271484375 -0.06915283203125 0.0143775939941406
-0.0771560668945313 -0.105522155761719 -0.062225341796875 0.057525634765625
-0.0462417602539062 -0.127311706542969 -0.106582641601562 0.0787582397460937
0.043212890625 -0.151626586914063 -0.139152526855469 0.04180908203125
0.073028564453125 -0.138130187988281 -0.129257202148438 0.0566329956054688
0.127700805664063 -0.155487060546875 -0.074920654296875 0.033538818359375
0.202423095703125 -0.09490966796875 -0.164382934570313 -0.0592498779296875
0.163742065429688 -0.0540771484375 -0.00355148315429687 -0.0506668090820313
0.145858764648438 -0.109848022460938 0.0754776000976563 -0.126518249511719
0.0894851684570313 -0.116119384765625 0.0404815673828125 -0.1708984375
0.0386505126953125 -0.139846801757813 0.00596618652343749 -0.1632080078125
-0.0351791381835937 -0.122749328613281 -0.0618438720703125 -0.13671875
-0.0923690795898438 -0.0829010009765625 -0.0913543701171875 -0.07659912109375
-0.1072998046875 -0.0788040161132813 -0.0632362365722656 -0.042816162109375
-0.127967834472656 -0.0566177368164062 -0.0471534729003906 -0.00708389282226563
-0.105743408203125 -0.0901565551757812 -0.0295581817626953 0.0335044860839844
-0.0840835571289062 -0.138420104980469 -0.0362014770507813 0.0741043090820312
-0.0439300537109375 -0.165481567382813 -0.0973052978515625 0.08831787109375
0.0793609619140625 -0.189697265625 -0.135673522949219 0.0306549072265625
0.125213623046875 -0.155715942382813 -0.112937927246094 0.0096588134765625
0.193405151367188 -0.150802612304688 -0.0156421661376953 -0.0167922973632813
0.244354248046875 -0.0780029296875 -0.0828781127929687 -0.0886306762695313
0.219696044921875 -0.0670013427734375 0.0514068603515625 -0.0814971923828125
0.185562133789063 -0.160110473632813 0.0955276489257813 -0.13818359375
0.093170166015625 -0.168106079101563 0.04913330078125 -0.163223266601563
0.024932861328125 -0.180130004882812 0.0165481567382812 -0.134963989257812
-0.056365966796875 -0.146987915039063 -0.0330352783203125 -0.0935745239257813
-0.110336303710938 -0.0994338989257813 -0.0423622131347656 -0.0463294982910156
-0.119461059570313 -0.0984725952148438 -0.0156402587890625 -0.0225067138671875
-0.136581420898438 -0.0779190063476563 0.000547409057617179 0.0104875564575195
-0.0987396240234375 -0.109886169433594 0.011260986328125 0.0587348937988281
-0.0697174072265625 -0.155731201171875 -0.0120468139648438 0.0933837890625
-0.0231781005859375 -0.180206298828125 -0.0845718383789063 0.0944442749023437
0.114791870117188 -0.194854736328125 -0.12493896484375 0.0199356079101562
0.167266845703125 -0.143798828125 -0.0869216918945312 -0.0344009399414062
0.232666015625 -0.11895751953125 0.0540428161621094 -0.0590324401855469
0.242324829101563 -0.0500030517578125 0.00160217285156252 -0.112892150878906
0.23260498046875 -0.0649871826171875 0.100624084472656 -0.111724853515625
0.189498901367188 -0.175308227539062 0.106887817382813 -0.138168334960938
0.0810394287109375 -0.183517456054687 0.0584487915039063 -0.139755249023438
0.00904846191406252 -0.184600830078125 0.0329360961914063 -0.0965194702148438
-0.0668182373046875 -0.144622802734375 0.00660705566406249 -0.0490646362304688
-0.110366821289063 -0.0980606079101562 0.012939453125 -0.0176849365234375
-0.1146240234375 -0.101402282714844 0.0331287384033203 0.000446319580078119
-0.125808715820312 -0.0880355834960938 0.0472335815429687 0.0352058410644531
-0.0774765014648437 -0.116119384765625 0.0443191528320312 0.0910186767578125
-0.04180908203125 -0.153854370117187 0.00329589843749999 0.116630554199219
0.0059967041015625 -0.171127319335938 -0.0729217529296875 0.09881591796875
0.14312744140625 -0.171279907226563 -0.105545043945312 0.0118408203125
0.192947387695312 -0.108154296875 -0.0491676330566406 -0.0651321411132812
0.24188232421875 -0.0662689208984375 0.127632141113281 -0.0821685791015625
0.198638916015625 -0.01080322265625 0.0704193115234375 -0.12841796875
0.201171875 -0.0459442138671875 0.134452819824219 -0.134613037109375
0.157089233398438 -0.148117065429688 0.109855651855469 -0.125381469726563
0.0570220947265625 -0.153121948242188 0.0700912475585937 -0.109375
0.000411987304687488 -0.147994995117188 0.0526504516601563 -0.0590934753417969
-0.058135986328125 -0.116073608398437 0.0474891662597656 -0.0138168334960938
-0.089752197265625 -0.0812225341796875 0.0645103454589844 0.00425720214843749
-0.0924835205078125 -0.088531494140625 0.0751953125 0.0227203369140625
-0.0993270874023438 -0.0834503173828125 0.086029052734375 0.064697265625
-0.0513229370117187 -0.104118347167969 0.0657196044921875 0.12615966796875
-0.015960693359375 -0.131057739257813 0.00871276855468748 0.13922119140625
0.02667236328125 -0.141159057617187 -0.0619049072265625 0.102279663085937
0.148849487304688 -0.129730224609375 -0.080322265625 0.0116043090820313
0.19281005859375 -0.0613861083984375 -0.00408172607421874 -0.0730743408203125
0.215682983398438 -0.007293701171875 0.193710327148438 -0.0800323486328125
0.123146057128906 0.03558349609375 0.113723754882813 -0.130935668945313
0.137893676757813 -0.00913238525390625 0.14788818359375 -0.142181396484375
0.103919982910156 -0.0844955444335937 0.110496520996094 -0.104560852050781
0.0345230102539063 -0.08612060546875 0.0843963623046875 -0.083251953125
0.00632476806640626 -0.0832595825195313 0.0694580078125 -0.0339736938476563
-0.0305023193359375 -0.0722732543945313 0.0781173706054688 0.00518798828124999
-0.0510101318359375 -0.0545539855957031 0.101402282714844 0.0172195434570312
-0.0573501586914063 -0.0609779357910156 0.104873657226563 0.041900634765625
-0.0645103454589844 -0.0626182556152344 0.11285400390625 0.0915069580078125
-0.0316314697265625 -0.0727462768554688 0.0761566162109375 0.155838012695313
-0.00716400146484375 -0.0916061401367188 0.00727844238281248 0.15863037109375
0.0252914428710937 -0.100250244140625 -0.05120849609375 0.109329223632813
0.122467041015625 -0.0876388549804688 -0.054931640625 0.0250816345214844
0.160385131835938 -0.018585205078125 0.0373497009277344 -0.057586669921875
0.15618896484375 0.0437469482421875 0.245132446289062 -0.0552215576171875
-0.0726776123046875 -0.0684814453125 -0.26824951171875 0.0644683837890626
-0.0864105224609375 0.0139389038085937 -0.0777969360351563 0.043487548828125
-0.0529327392578125 0.0633926391601562 0.0404891967773438 -0.0527267456054687
0.00863265991210938 0.0639686584472656 0.0416030883789063 -0.13330078125
0.0197830200195312 0.040557861328125 -0.000900268554687518 -0.180938720703125
0.0190353393554688 0.0259933471679688 -0.09619140625 -0.18896484375
0.0127105712890625 0.0269203186035156 -0.158172607421875 -0.105575561523438
0.00828933715820313 0.0330276489257813 -0.142318725585938 -0.052398681640625
0.00115585327148437 0.0338802337646484 -0.126327514648437 -0.0134506225585938
-0.0199127197265625 0.0166969299316406 -0.113853454589844 -0.000862121582031241
-0.0251235961914063 0.00757598876953125 -0.091583251953125 0.0425643920898437
-0.0287590026855469 0.0127468109130859 -0.103553771972656 0.0768814086914063
-0.0521583557128906 -0.00475692749023437 -0.139106750488281 0.0864715576171875
-0.0631790161132813 -0.0419387817382812 -0.144927978515625 0.147781372070312
-0.0588760375976562 -0.0918350219726563 -0.135231018066406 0.132392883300781
0.0289306640625 -0.0957260131835938 -0.269317626953125 0.0276031494140625
-0.00523185729980469 -0.0136127471923828 -0.0776901245117188 0.011993408203125
0.0133571624755859 0.0109319686889648 0.0371551513671875 -0.0826492309570313
0.0428733825683594 0.00916290283203125 0.0310211181640625 -0.1517333984375
0.0333938598632813 -0.0212650299072266 -0.0029449462890625 -0.18634033203125
0.00209999084472656 -0.0292739868164063 -0.0966644287109375 -0.189346313476563
-0.0293903350830078 -0.0134449005126953 -0.157485961914063 -0.108261108398437
-0.04193115234375 -0.00679016113281251 -0.136817932128906 -0.05499267578125
-0.0568771362304688 0.00399398803710939 -0.121002197265625 -0.0129852294921875
-0.0663566589355469 -0.0258026123046875 -0.104156494140625 0.00797271728515624
-0.0607528686523438 -0.0570564270019531 -0.0841445922851563 0.0508575439453125
-0.0418472290039062 -0.0687904357910156 -0.1103515625 0.0814666748046875
-0.0021209716796875 -0.0921096801757813 -0.144363403320313 0.068572998046875
0.00817108154296874 -0.103179931640625 -0.141494750976563 0.115524291992188
0.0374603271484375 -0.142013549804688 -0.119949340820313 0.0949859619140625
0.128669738769531 -0.110511779785156 -0.235687255859375 -0.00994873046874998
0.0864410400390625 -0.0412979125976563 -0.05059814453125 -0.0190773010253906
0.0845184326171875 -0.0552978515625 0.0504531860351563 -0.112655639648437
0.0719223022460938 -0.0572662353515625 0.0280914306640625 -0.170822143554688
0.0390396118164062 -0.0887222290039063 -0.0057373046875 -0.1856689453125
-0.0195159912109375 -0.0848236083984375 -0.0907745361328125 -0.17242431640625
-0.0700454711914063 -0.0523872375488281 -0.1373291015625 -0.0966339111328125
-0.0870742797851563 -0.0446548461914063 -0.111061096191406 -0.0504989624023438
-0.107070922851563 -0.0254135131835938 -0.0940322875976563 -0.00927734374999999
-0.102035522460938 -0.060150146484375 -0.0731658935546875 0.021942138671875
-0.0893707275390625 -0.106452941894531 -0.0623893737792969 0.0652236938476563
-0.0559310913085938 -0.131584167480469 -0.107032775878906 0.0925369262695313
0.0357818603515625 -0.163299560546875 -0.146240234375 0.0550537109375
0.0695648193359375 -0.149856567382813 -0.133224487304688 0.07110595703125
0.123519897460937 -0.171661376953125 -0.0789108276367188 0.0430145263671875
0.208770751953125 -0.112030029296875 -0.171737670898438 -0.0468292236328125
0.171173095703125 -0.0688629150390625 -0.00403976440429687 -0.0504188537597656
0.146682739257813 -0.127792358398438 0.0714187622070313 -0.135101318359375
0.0875625610351563 -0.13037109375 0.0325927734375 -0.179763793945312
0.0301361083984375 -0.151718139648438 -0.00283813476562499 -0.17169189453125
-0.045806884765625 -0.1290283203125 -0.0734405517578125 -0.139579772949219
-0.103218078613281 -0.082183837890625 -0.099151611328125 -0.07269287109375
-0.11895751953125 -0.0751876831054687 -0.0693473815917969 -0.0384178161621094
-0.139419555664063 -0.051177978515625 -0.0504875183105469 -0.00162506103515625
-0.118408203125 -0.0884170532226563 -0.0298004150390625 0.0392227172851562
-0.0989837646484375 -0.140670776367188 -0.0335845947265625 0.0819168090820312
-0.0570220947265625 -0.171798706054687 -0.096343994140625 0.102775573730469
0.069915771484375 -0.206253051757813 -0.143630981445312 0.0433197021484375
0.122085571289063 -0.172531127929688 -0.119636535644531 0.019989013671875
0.192596435546875 -0.172470092773438 -0.0200901031494141 -0.0143527984619141
0.253189086914063 -0.0993499755859375 -0.0878372192382812 -0.0827407836914063
0.227615356445313 -0.086669921875 0.0519866943359375 -0.0861892700195313
0.184127807617188 -0.18310546875 0.0914764404296875 -0.14886474609375
0.086639404296875 -0.184829711914063 0.0411376953125 -0.172149658203125
0.013092041015625 -0.192459106445313 0.0089263916015625 -0.142822265625
-0.0702362060546875 -0.152099609375 -0.0391616821289063 -0.0960235595703125
-0.123580932617188 -0.09722900390625 -0.0457611083984375 -0.0450210571289063
-0.134193420410156 -0.09423828125 -0.0175971984863281 -0.0206146240234375
-0.149429321289062 -0.0717010498046875 0.00102806091308593 0.0128765106201172
-0.111824035644531 -0.109764099121094 0.0158958435058594 0.0621147155761719
-0.0845947265625 -0.159347534179688 -0.00695037841796875 0.10076904296875
-0.0370635986328125 -0.187942504882813 -0.082733154296875 0.108779907226562
0.1064453125 -0.21478271484375 -0.132865905761719 0.0318450927734375
0.167007446289063 -0.163711547851563 -0.0951385498046875 -0.0279693603515625
0.236236572265625 -0.143325805664063 0.0498580932617188 -0.0636215209960938
0.25213623046875 -0.0703887939453125 -0.00138854980468749 -0.115493774414063
0.24017333984375 -0.0865936279296875 0.101249694824219 -0.122047424316406
0.185211181640625 -0.199813842773438 0.10369873046875 -0.149459838867188
0.0712738037109375 -0.198135375976563 0.0525054931640625 -0.14892578125
-0.00442504882812501 -0.195281982421875 0.0287933349609375 -0.103439331054688
-0.0809783935546875 -0.147491455078125 0.00635147094726562 -0.0518035888671875
-0.121749877929688 -0.0952987670898437 0.01495361328125 -0.0191841125488281
-0.128562927246094 -0.0971832275390625 0.0351314544677734 -0.000467300415039068
-0.138320922851562 -0.0826644897460938 0.0520095825195312 0.0347328186035156
-0.0892791748046875 -0.117179870605469 0.0541534423828125 0.0928115844726562
-0.05474853515625 -0.159042358398437 0.0117950439453125 0.123619079589844
-0.0052642822265625 -0.179656982421875 -0.0704574584960938 0.111930847167969
0.136917114257813 -0.191619873046875 -0.112930297851563 0.0211868286132812
0.1951904296875 -0.127975463867188 -0.0583152770996094 -0.0628929138183594
0.24896240234375 -0.0893096923828125 0.125045776367188 -0.0933761596679688
0.20782470703125 -0.0272216796875 0.0699844360351563 -0.137397766113281
0.207229614257813 -0.064666748046875 0.134048461914063 -0.1490478515625
0.152938842773438 -0.168304443359375 0.108482360839844 -0.137672424316406
0.048553466796875 -0.1639404296875 0.0672836303710938 -0.118186950683594
-0.011077880859375 -0.155349731445313 0.051239013671875 -0.0646438598632813
-0.0701522827148437 -0.11773681640625 0.0516166687011719 -0.01800537109375
-0.098968505859375 -0.07861328125 0.07000732421875 -0.000289916992187505
-0.103744506835938 -0.0851593017578125 0.080535888671875 0.0201416015625
-0.109687805175781 -0.0787887573242187 0.0947036743164063 0.062103271484375
-0.0611343383789062 -0.105880737304688 0.0791091918945312 0.127853393554688
-0.0257110595703125 -0.136367797851563 0.0190582275390625 0.147811889648438
0.0183258056640625 -0.14910888671875 -0.0592193603515625 0.114936828613281
0.144729614257813 -0.147857666015625 -0.0859146118164062 0.0194854736328125
0.19677734375 -0.0787811279296875 -0.0114593505859375 -0.0742874145507812
0.2252197265625 -0.02587890625 0.195068359375 -0.09661865234375
0.131080627441406 0.0268783569335938 0.114486694335938 -0.1436767578125
0.14215087890625 -0.0210418701171875 0.147689819335938 -0.159133911132813
0.1004638671875 -0.0970687866210938 0.111129760742188 -0.116203308105469
0.0291061401367188 -0.0916595458984375 0.0845413208007813 -0.0928573608398438
-0.00121307373046874 -0.0870513916015625 0.071044921875 -0.0402603149414063
-0.0374069213867187 -0.072784423828125 0.084808349609375 -0.000366210937500004
-0.0559158325195313 -0.0528106689453125 0.10919189453125 0.0094757080078125
-0.0640487670898437 -0.0586013793945313 0.112678527832031 0.0364608764648437
-0.0719757080078125 -0.0596084594726563 0.125175476074219 0.0875930786132813
-0.0368576049804688 -0.0737457275390625 0.0922393798828125 0.15838623046875
-0.0129852294921875 -0.0945816040039063 0.018585205078125 0.167739868164063
0.0194931030273438 -0.104904174804688 -0.0468368530273437 0.120498657226562
0.120048522949219 -0.100044250488281 -0.0579986572265625 0.0308570861816406
0.164703369140625 -0.0319976806640625 0.0325355529785156 -0.0615348815917969
0.1661376953125 0.0326690673828125 0.249496459960938 -0.07501220703125
-0.075714111328125 -0.061676025390625 -0.266876220703125 0.085235595703125
-0.0848617553710938 0.0213470458984375 -0.0748138427734375 0.0506515502929688
-0.0476303100585938 0.0676307678222656 0.0394477844238281 -0.056976318359375
0.0138092041015625 0.0615959167480469 0.03533935546875 -0.139945983886719
0.0228118896484375 0.0377464294433594 -0.0125579833984375 -0.186782836914063
0.0196552276611328 0.0247230529785156 -0.112548828125 -0.187835693359375
0.0136299133300781 0.0258750915527344 -0.170166015625 -0.0960235595703125
0.00990867614746094 0.0317401885986328 -0.149688720703125 -0.0419464111328125
0.00284385681152344 0.0333042144775391 -0.130477905273438 -0.00385284423828123
-0.0207538604736328 0.0175819396972656 -0.118736267089844 0.00909423828125001
-0.0256137847900391 0.008026123046875 -0.09246826171875 0.0502243041992188
-0.0271472930908203 0.0138034820556641 -0.101348876953125 0.0862274169921875
-0.0505142211914063 -0.00204086303710938 -0.13775634765625 0.0979080200195313
-0.0652389526367188 -0.0377273559570313 -0.139633178710938 0.161697387695313
-0.0661239624023437 -0.0863418579101563 -0.1322021484375 0.145767211914063
0.0259552001953125 -0.0975799560546875 -0.269332885742188 0.0489959716796875
-0.00307464599609375 -0.0135135650634766 -0.0767059326171875 0.0190963745117188
0.0168008804321289 0.00847721099853515 0.0342941284179687 -0.0869674682617188
0.0450859069824219 0.00296783447265625 0.02288818359375 -0.157119750976563
0.0324249267578125 -0.0265293121337891 -0.0150299072265625 -0.1917724609375
-0.00122642517089844 -0.0319766998291016 -0.112823486328125 -0.187744140625
-0.0326404571533203 -0.0131072998046875 -0.167984008789063 -0.097930908203125
-0.0445518493652344 -0.00471115112304688 -0.1439208984375 -0.0443572998046875
-0.05938720703125 0.00666427612304688 -0.125160217285156 -0.00252532958984373
-0.0709991455078125 -0.0227203369140625 -0.107460021972656 0.0173110961914062
-0.0665168762207031 -0.0554924011230469 -0.0838623046875 0.0593338012695313
-0.0468254089355469 -0.0690765380859375 -0.108245849609375 0.0927810668945313
-0.00713348388671875 -0.0951004028320313 -0.145156860351563 0.0816497802734375
0.00298309326171875 -0.10504150390625 -0.137641906738281 0.129104614257813
0.029022216796875 -0.145584106445313 -0.1182861328125 0.107864379882813
0.126800537109375 -0.120574951171875 -0.236587524414063 0.009185791015625
0.0890579223632813 -0.0487594604492187 -0.050079345703125 -0.0134162902832031
0.0842437744140625 -0.0643463134765625 0.0454177856445313 -0.116989135742188
0.0702095031738281 -0.0666275024414063 0.0188446044921875 -0.175628662109375
0.03363037109375 -0.095672607421875 -0.017181396484375 -0.1898193359375
-0.0269851684570313 -0.087188720703125 -0.104843139648437 -0.170211791992188
-0.0766525268554688 -0.0506515502929687 -0.145736694335938 -0.0874786376953125
-0.0930938720703125 -0.0398483276367188 -0.116607666015625 -0.0408172607421875
-0.112396240234375 -0.0182113647460938 -0.0965347290039063 -0.000335693359375005
-0.109764099121094 -0.0559616088867188 -0.0743560791015625 0.0294418334960938
-0.0999679565429687 -0.104293823242188 -0.0604705810546875 0.0726394653320312
-0.066314697265625 -0.132057189941406 -0.103790283203125 0.105247497558594
0.0253448486328125 -0.171127319335938 -0.148666381835938 0.06890869140625
0.0624237060546875 -0.158523559570313 -0.132186889648438 0.0840301513671875
0.115234375 -0.183303833007813 -0.0797653198242187 0.0519180297851563
0.207992553710937 -0.129684448242187 -0.17303466796875 -0.0322265625
0.172943115234375 -0.0840301513671875 -0.00468063354492186 -0.0489349365234375
0.141677856445313 -0.143112182617188 0.06549072265625 -0.1412353515625
0.0811920166015625 -0.141632080078125 0.022064208984375 -0.1844482421875
0.020355224609375 -0.15966796875 -0.013824462890625 -0.175674438476563
-0.0571441650390625 -0.13043212890625 -0.0832290649414063 -0.137115478515625
-0.112823486328125 -0.0787124633789062 -0.104454040527344 -0.0665512084960938
-0.128959655761719 -0.0684661865234375 -0.0727996826171875 -0.0321807861328125
-0.147232055664063 -0.0416412353515625 -0.0517501831054688 0.00463485717773438
-0.128898620605469 -0.08331298828125 -0.0282707214355469 0.0434074401855469
-0.112449645996094 -0.137771606445313 -0.0288238525390625 0.087860107421875
-0.0712890625 -0.172622680664063 -0.0913925170898438 0.11517333984375
0.05621337890625 -0.218231201171875 -0.146331787109375 0.0579376220703125
0.114089965820312 -0.185455322265625 -0.121856689453125 0.03155517578125
0.1851806640625 -0.191085815429688 -0.0246009826660156 -0.0108127593994141
0.25421142578125 -0.119827270507813 -0.0903472900390625 -0.0756378173828125
0.22821044921875 -0.107376098632813 0.0502243041992188 -0.0894088745117188
0.174560546875 -0.202651977539063 0.08489990234375 -0.155120849609375
0.076080322265625 -0.195480346679688 0.030731201171875 -0.177200317382812
-0.001220703125 -0.199630737304688 0.000381469726562506 -0.14599609375
-0.083343505859375 -0.151626586914063 -0.0450363159179688 -0.0950164794921875
-0.133796691894531 -0.0924072265625 -0.0475807189941406 -0.0419387817382813
-0.144973754882813 -0.0858612060546875 -0.0191497802734375 -0.0179481506347656
-0.158935546875 -0.0624237060546875 0.00165557861328124 0.0154428482055664
-0.123191833496094 -0.105026245117187 0.0206718444824219 0.0637664794921875
-0.098846435546875 -0.157730102539063 0.000244140625 0.105613708496094
-0.0513916015625 -0.190902709960938 -0.076934814453125 0.121017456054687
0.0921783447265625 -0.229400634765625 -0.136016845703125 0.0449676513671875
0.16033935546875 -0.17987060546875 -0.100967407226562 -0.0196304321289063
0.231597900390625 -0.165008544921875 0.0435104370117188 -0.0662765502929688
0.253997802734375 -0.0917816162109375 -0.00383758544921873 -0.114814758300781
0.240386962890625 -0.109207153320313 0.097869873046875 -0.13006591796875
0.174346923828125 -0.218917846679688 0.0972442626953125 -0.157623291015625
0.0589447021484375 -0.208267211914063 0.0444183349609375 -0.153289794921875
-0.0199127197265625 -0.199600219726563 0.02301025390625 -0.106826782226563
-0.0937957763671875 -0.145431518554688 0.00522232055664062 -0.0531692504882813
-0.132621765136719 -0.089691162109375 0.0161418914794922 -0.0209445953369141
-0.139137268066406 -0.0893020629882812 0.0364189147949219 -0.00152587890625
-0.147842407226563 -0.0736236572265625 0.0551986694335938 0.0338668823242187
-0.099578857421875 -0.114799499511719 0.0627517700195313 0.0913619995117187
-0.0676116943359375 -0.159561157226563 0.020904541015625 0.127586364746094
-0.0182037353515625 -0.184127807617188 -0.0635833740234375 0.123115539550781
0.124359130859375 -0.2069091796875 -0.116470336914062 0.0326080322265625
0.190994262695313 -0.145599365234375 -0.0656852722167969 -0.0579795837402344
0.248184204101562 -0.111419677734375 0.117988586425781 -0.10205078125
0.210433959960938 -0.0450439453125 0.066497802734375 -0.144607543945313
0.206680297851563 -0.083709716796875 0.129745483398438 -0.160812377929688
0.142562866210938 -0.184188842773438 0.103179931640625 -0.14593505859375
0.0374298095703125 -0.170272827148438 0.0612030029296875 -0.124259948730469
-0.02392578125 -0.158004760742187 0.0491790771484375 -0.0686531066894531
-0.0807723999023438 -0.114334106445312 0.0537147521972656 -0.0214271545410156
-0.106925964355469 -0.0734786987304688 0.0734024047851562 -0.00600433349609375
-0.111557006835937 -0.0778274536132813 0.0838851928710938 0.01495361328125
-0.117324829101563 -0.071929931640625 0.101287841796875 0.0571212768554687
-0.0690383911132813 -0.104324340820313 0.0905532836914063 0.125106811523438
-0.0358047485351563 -0.1373291015625 0.030120849609375 0.152191162109375
0.00885009765624999 -0.15380859375 -0.0525741577148438 0.124717712402344
0.135040283203125 -0.161666870117188 -0.0891952514648437 0.0276947021484375
0.194900512695313 -0.0956573486328125 -0.0195083618164062 -0.0736618041992187
0.227279663085938 -0.0454559326171875 0.189544677734375 -0.110992431640625
0.135330200195313 0.0163650512695313 0.1116943359375 -0.154953002929688
0.142562866210938 -0.0341796875 0.142044067382813 -0.172607421875
0.0929641723632813 -0.106704711914063 0.106956481933594 -0.126289367675781
0.02294921875 -0.0945205688476562 0.0804901123046875 -0.100296020507813
-0.008544921875 -0.0883560180664063 0.0703353881835938 -0.0456008911132813
-0.0439376831054688 -0.0709762573242187 0.089202880859375 -0.00713348388671875
-0.0598030090332031 -0.0498542785644531 0.11395263671875 0.000679016113281247
-0.0685462951660156 -0.0541419982910156 0.117095947265625 0.0292739868164062
-0.076141357421875 -0.0538864135742188 0.13397216796875 0.0808563232421875
-0.04217529296875 -0.0726089477539063 0.1060791015625 0.154983520507813
-0.0188446044921875 -0.0953140258789063 0.0309906005859375 0.1722412109375
0.0127487182617188 -0.107284545898438 -0.0406646728515625 0.129058837890625
0.112785339355469 -0.110336303710938 -0.05975341796875 0.0366630554199219
0.163467407226563 -0.0460968017578125 0.0264549255371094 -0.0643653869628906
0.169631958007812 0.0191802978515625 0.24658203125 -0.092529296875
-0.0761642456054688 -0.0555801391601563 -0.2613525390625 0.100479125976563
-0.08172607421875 0.0260848999023437 -0.0711135864257813 0.0554962158203125
-0.0424690246582031 0.0697479248046875 0.0389366149902344 -0.0596275329589844
0.0169258117675781 0.0579071044921875 0.030517578125 -0.143798828125
0.0247631072998047 0.0350017547607422 -0.0220794677734375 -0.189453125
0.0199851989746094 0.0232887268066406 -0.124282836914063 -0.18463134765625
0.013763427734375 0.0247859954833984 -0.17608642578125 -0.0873565673828125
0.0110073089599609 0.0299873352050781 -0.152420043945312 -0.0336151123046875
0.00379562377929688 0.0319671630859375 -0.132194519042969 0.00389099121093749
-0.0208511352539063 0.0178031921386719 -0.1214599609375 0.0175704956054687
-0.0258731842041016 0.00833702087402344 -0.0916213989257813 0.056427001953125
-0.0255374908447266 0.0134716033935547 -0.09881591796875 0.0922393798828125
-0.04949951171875 -0.000385284423828123 -0.13543701171875 0.10626220703125
-0.0663833618164063 -0.0341339111328125 -0.13299560546875 0.169586181640625
-0.069427490234375 -0.0808258056640625 -0.128341674804688 0.154708862304688
0.024749755859375 -0.0977935791015625 -0.264419555664063 0.0647583007812499
-0.000737190246582032 -0.0133419036865234 -0.0734634399414063 0.02459716796875
0.0191783905029297 0.00533676147460938 0.0322189331054687 -0.0883712768554688
0.0462074279785156 -0.00290298461914063 0.0179901123046875 -0.159378051757813
0.0310916900634766 -0.0308818817138672 -0.0239105224609375 -0.194122314453125
-0.00419807434082031 -0.0331687927246094 -0.123825073242188 -0.184402465820313
-0.0349884033203125 -0.0123519897460938 -0.173370361328125 -0.0895233154296875
-0.0467071533203125 -0.00374603271484374 -0.14617919921875 -0.0355072021484375
-0.0605888366699219 0.00909042358398437 -0.126548767089844 0.0059661865234375
-0.0738296508789063 -0.0198593139648437 -0.109024047851562 0.0251388549804688
-0.0711822509765625 -0.0534439086914063 -0.0826568603515625 0.065216064453125
-0.0502357482910156 -0.0685272216796875 -0.104598999023438 0.100975036621094
-0.011505126953125 -0.0965499877929688 -0.144638061523437 0.0912933349609375
6.10351562500042E-05 -0.105812072753906 -0.132926940917969 0.138671875
0.0227508544921875 -0.145797729492187 -0.115913391113281 0.116539001464844
0.125297546386719 -0.127861022949219 -0.232391357421875 0.02362060546875
0.0899658203125 -0.0547409057617187 -0.0486335754394531 -0.00922393798828124
0.0833587646484375 -0.0711135864257812 0.0416336059570312 -0.118843078613281
0.0688858032226563 -0.0733871459960938 0.0117645263671875 -0.176406860351563
0.0279922485351563 -0.100898742675781 -0.0262603759765625 -0.191726684570313
-0.0331039428710937 -0.0880279541015625 -0.113723754882812 -0.1663818359375
-0.08154296875 -0.0476913452148438 -0.150405883789063 -0.079742431640625
-0.0980682373046875 -0.035858154296875 -0.118370056152344 -0.033111572265625
-0.115554809570313 -0.0131759643554688 -0.0974960327148438 0.00739288330078127
-0.114852905273438 -0.0513458251953125 -0.0742416381835938 0.0354461669921875
-0.10760498046875 -0.100593566894531 -0.0583114624023438 0.0782928466796875
-0.0731582641601563 -0.130882263183594 -0.0987930297851563 0.113616943359375
0.01641845703125 -0.175445556640625 -0.148895263671875 0.0799102783203125
0.0567779541015625 -0.163665771484375 -0.129974365234375 0.0936508178710937
0.10693359375 -0.190109252929688 -0.080108642578125 0.0585708618164062
0.205612182617188 -0.141708374023438 -0.170196533203125 -0.020782470703125
0.172088623046875 -0.0949249267578125 -0.00375366210937499 -0.0467605590820313
0.136734008789063 -0.1539306640625 0.0601348876953125 -0.143585205078125
0.0755462646484375 -0.148422241210938 0.0142822265625 -0.18475341796875
0.0112152099609375 -0.16400146484375 -0.02154541015625 -0.176345825195313
-0.0652847290039063 -0.130592346191406 -0.0900039672851562 -0.133819580078125
-0.119636535644531 -0.0742416381835938 -0.107124328613281 -0.0607070922851563
-0.135231018066406 -0.0617904663085938 -0.0732650756835938 -0.0262222290039062
-0.15179443359375 -0.0338287353515625 -0.0515098571777344 0.0101470947265625
-0.135063171386719 -0.0780105590820312 -0.0261573791503906 0.0464859008789062
-0.122489929199219 -0.134292602539063 -0.0259780883789063 0.0923690795898437
-0.0808868408203125 -0.17108154296875 -0.0853271484375 0.124366760253906
0.0442962646484375 -0.224334716796875 -0.146957397460938 0.06866455078125
0.107147216796875 -0.193084716796875 -0.121726989746094 0.0405654907226562
0.176513671875 -0.202896118164063 -0.0279006958007812 -0.00704765319824219
0.251174926757813 -0.135772705078125 -0.0882339477539063 -0.0689544677734375
0.225357055664062 -0.122482299804687 0.049041748046875 -0.0903701782226563
0.164688110351562 -0.215530395507813 0.0794677734375 -0.15850830078125
0.0672149658203125 -0.2020263671875 0.02435302734375 -0.1773681640625
-0.01348876953125 -0.202362060546875 -0.00563049316406251 -0.146347045898438
-0.093170166015625 -0.149856567382812 -0.0484466552734375 -0.0933609008789063
-0.141220092773438 -0.086395263671875 -0.0478172302246094 -0.0402793884277344
-0.151687622070313 -0.0778961181640625 -0.0186519622802734 -0.0156841278076172
-0.164535522460938 -0.0533294677734375 0.00297927856445312 0.0179462432861328
-0.130645751953125 -0.100387573242188 0.0238761901855469 0.06378173828125
-0.109100341796875 -0.155029296875 0.00569915771484374 0.108230590820312
-0.0621490478515625 -0.190093994140625 -0.0704879760742188 0.129905700683594
0.0793304443359375 -0.237442016601563 -0.137275695800781 0.0555877685546875
0.153228759765625 -0.190689086914062 -0.104484558105469 -0.0114898681640625
0.224655151367188 -0.179580688476563 0.0383491516113281 -0.0666542053222656
0.251983642578125 -0.107681274414063 -0.00412750244140623 -0.113761901855469
0.235870361328125 -0.12518310546875 0.09515380859375 -0.134124755859375
0.162155151367188 -0.23211669921875 0.0912322998046875 -0.161773681640625
0.0486602783203125 -0.212509155273438 0.037750244140625 -0.155227661132813
-0.031585693359375 -0.200119018554688 0.019256591796875 -0.107215881347656
-0.103469848632812 -0.1424560546875 0.00474166870117187 -0.0536155700683594
-0.139228820800781 -0.0840225219726562 0.0166435241699219 -0.0223197937011719
-0.145431518554688 -0.081146240234375 0.0371856689453125 -0.00196075439453125
-0.152374267578125 -0.065460205078125 0.0578651428222656 0.032928466796875
-0.106742858886719 -0.110565185546875 0.0677642822265625 0.0897216796875
-0.0772247314453125 -0.157852172851563 0.028106689453125 0.1295166015625
-0.0279693603515625 -0.184738159179687 -0.05694580078125 0.130775451660156
0.113601684570312 -0.216201782226563 -0.118522644042969 0.0418243408203125
0.185531616210937 -0.158370971679688 -0.0707855224609375 -0.0523757934570313
0.243438720703125 -0.127456665039063 0.110786437988281 -0.107040405273438
0.210281372070313 -0.058746337890625 0.0648193359375 -0.148147583007812
0.202606201171875 -0.0976409912109375 0.12457275390625 -0.167694091796875
0.130462646484375 -0.194183349609375 0.0977783203125 -0.1502685546875
0.0287933349609375 -0.173599243164063 0.0565948486328125 -0.12646484375
-0.033966064453125 -0.157424926757813 0.0471954345703125 -0.0710601806640625
-0.0878143310546875 -0.111442565917969 0.0560760498046875 -0.0251579284667969
-0.110786437988281 -0.0686569213867187 0.0755462646484375 -0.010986328125
-0.116973876953125 -0.0709304809570313 0.0857162475585937 0.0115814208984375
-0.121047973632813 -0.06463623046875 0.105209350585937 0.0537872314453125
-0.0750961303710938 -0.102043151855469 0.0984725952148438 0.121009826660156
-0.0430831909179687 -0.136558532714844 0.0382232666015625 0.153457641601562
0.0017242431640625 -0.154388427734375 -0.0463180541992187 0.130996704101562
0.126220703125 -0.170242309570312 -0.0909347534179687 0.0348434448242187
0.190261840820313 -0.107757568359375 -0.025238037109375 -0.07147216796875
0.225372314453125 -0.0589752197265625 0.182220458984375 -0.119674682617188
0.136749267578125 0.00737762451171875 0.108535766601563 -0.16204833984375
0.140090942382813 -0.04351806640625 0.1361083984375 -0.181671142578125
0.0854415893554688 -0.113121032714844 0.103614807128906 -0.131462097167969
0.0170822143554688 -0.09564208984375 0.0771560668945313 -0.104331970214844
-0.0140914916992187 -0.0880508422851563 0.0697517395019531 -0.0490760803222656
-0.0475425720214844 -0.0680122375488281 0.0915374755859375 -0.0124282836914063
-0.0625038146972656 -0.0468101501464844 0.116157531738281 -0.00646209716796875
-0.0718307495117188 -0.0490570068359375 0.11981201171875 0.0227432250976562
-0.0781326293945313 -0.0484848022460938 0.139060974121094 0.0744705200195313
-0.0454940795898437 -0.0705490112304688 0.115188598632813 0.150421142578125
-0.023468017578125 -0.0938491821289063 0.0403289794921875 0.173919677734375
0.00813293457031249 -0.106971740722656 -0.0349807739257813 0.134857177734375
0.105865478515625 -0.116546630859375 -0.0605812072753906 0.0411262512207031
0.159927368164063 -0.0553741455078125 0.020904541015625 -0.0647048950195313
0.170730590820313 0.0082855224609375 0.240005493164063 -0.105392456054687
-0.0754623413085938 -0.0520553588867188 -0.258346557617188 0.110382080078125
-0.0791702270507813 0.02923583984375 -0.0686531066894531 0.0597610473632812
-0.039093017578125 0.0709915161132813 0.0395011901855469 -0.0625228881835938
0.0188713073730469 0.0550155639648437 0.0278778076171875 -0.148040771484375
0.0259666442871094 0.0331211090087891 -0.028045654296875 -0.194381713867187
0.0196609497070313 0.0226955413818359 -0.134597778320313 -0.184463500976562
0.0138931274414062 0.0242271423339844 -0.181060791015625 -0.0818634033203125
0.0112228393554688 0.0295066833496094 -0.154830932617188 -0.0271148681640625
0.00374794006347656 0.0313549041748047 -0.134674072265625 0.0099945068359375
-0.0219459533691406 0.017974853515625 -0.124473571777344 0.0230636596679688
-0.0265693664550781 0.00839614868164062 -0.09234619140625 0.0609054565429688
-0.0247535705566406 0.0126514434814453 -0.0977783203125 0.0969924926757812
-0.0484542846679688 0.000526428222656253 -0.135810852050781 0.112762451171875
-0.0669403076171875 -0.0321311950683594 -0.130035400390625 0.176986694335937
-0.0710372924804688 -0.0763092041015625 -0.127029418945313 0.161788940429687
0.0258941650390625 -0.0991973876953125 -0.261672973632813 0.0753173828125
0.00221347808837891 -0.0139036178588867 -0.0715484619140625 0.0285110473632813
0.0221099853515625 0.00318717956542969 0.0311203002929687 -0.0903854370117187
0.04681396484375 -0.00697708129882813 0.0148468017578125 -0.16253662109375
0.0298538208007813 -0.0348834991455078 -0.0294342041015625 -0.198089599609375
-0.00704383850097656 -0.0344905853271484 -0.132156372070313 -0.183151245117188
-0.0377426147460938 -0.0116996765136719 -0.178146362304688 -0.0841827392578125
-0.0487136840820313 -0.0023040771484375 -0.14788818359375 -0.0294647216796875
-0.0623817443847656 0.0109367370605469 -0.127883911132813 0.0121612548828125
-0.0770950317382813 -0.0186538696289063 -0.111076354980469 0.0308761596679688
-0.0750579833984375 -0.0524673461914063 -0.0830001831054687 0.0703048706054688
-0.0525283813476562 -0.0698127746582031 -0.102775573730469 0.106773376464844
-0.0137481689453125 -0.0985336303710938 -0.14532470703125 0.0990142822265625
-0.00214385986328125 -0.107437133789062 -0.130966186523438 0.145751953125
0.0201416015625 -0.146865844726563 -0.116104125976563 0.12298583984375
0.125617980957031 -0.133232116699219 -0.229629516601562 0.032806396484375
0.0920639038085938 -0.0592422485351563 -0.0464859008789062 -0.00566482543945313
0.083526611328125 -0.0777969360351563 0.0398712158203125 -0.120368957519531
0.0677032470703125 -0.0796127319335938 0.008544921875 -0.178512573242188
0.0246810913085938 -0.105316162109375 -0.0305938720703125 -0.1943359375
-0.0378341674804688 -0.0897598266601563 -0.121017456054688 -0.165008544921875
-0.0863418579101563 -0.0462188720703125 -0.153610229492188 -0.075347900390625
-0.101875305175781 -0.0328216552734375 -0.119300842285156 -0.02789306640625
-0.118721008300781 -0.00918579101562502 -0.0975799560546875 0.0134963989257812
-0.119110107421875 -0.0490341186523437 -0.0749130249023438 0.040130615234375
-0.114006042480469 -0.099395751953125 -0.0572662353515625 0.0827102661132813
-0.0786361694335938 -0.13189697265625 -0.0959548950195313 0.120925903320312
0.0103912353515625 -0.179367065429688 -0.150238037109375 0.088836669921875
0.0533599853515625 -0.167800903320313 -0.129386901855469 0.100990295410156
0.103561401367187 -0.195785522460938 -0.08160400390625 0.0637588500976562
0.206268310546875 -0.150924682617188 -0.16729736328125 -0.01336669921875
0.173583984375 -0.103607177734375 -0.00198745727539061 -0.0448837280273438
0.134078979492187 -0.163482666015625 0.058135986328125 -0.144638061523438
0.0726776123046875 -0.15521240234375 0.0106658935546875 -0.185836791992187
0.0046844482421875 -0.16827392578125 -0.0262603759765625 -0.178695678710937
-0.0725250244140625 -0.13140869140625 -0.0940780639648437 -0.132659912109375
-0.125732421875 -0.0717315673828125 -0.1085205078125 -0.0576171875
-0.140487670898437 -0.0576705932617188 -0.07403564453125 -0.0224075317382813
-0.156158447265625 -0.02911376953125 -0.0511207580566406 0.014617919921875
-0.140327453613281 -0.075042724609375 -0.0257110595703125 0.05035400390625
-0.1300048828125 -0.132896423339844 -0.0234222412109375 0.0964508056640625
-0.0877227783203125 -0.171722412109375 -0.0818023681640625 0.132118225097656
0.0364990234375 -0.230377197265625 -0.148681640625 0.078704833984375
0.103790283203125 -0.200897216796875 -0.1234130859375 0.047882080078125
0.172561645507813 -0.211288452148437 -0.0301952362060547 -0.00390243530273439
0.251785278320313 -0.147506713867188 -0.0856246948242188 -0.0655899047851563
0.225479125976563 -0.13421630859375 0.0499801635742188 -0.0912322998046875
0.1593017578125 -0.225830078125 0.0768585205078125 -0.159774780273438
0.062255859375 -0.208755493164063 0.0201416015625 -0.178207397460938
-0.021942138671875 -0.205459594726563 -0.00939941406249999 -0.148117065429688
-0.100845336914063 -0.149917602539063 -0.049652099609375 -0.091949462890625
-0.1474609375 -0.0836334228515625 -0.0479469299316406 -0.0395851135253906
-0.157882690429688 -0.0730438232421875 -0.0183467864990235 -0.0133914947509766
-0.168106079101562 -0.0472564697265625 0.0048999786376953 0.0207462310791016
-0.136360168457031 -0.097991943359375 0.0259857177734375 0.0651626586914063
-0.116302490234375 -0.153762817382813 0.00885772705078124 0.111671447753906
-0.0688018798828125 -0.191497802734375 -0.0660476684570313 0.136436462402344
0.0715789794921875 -0.244873046875 -0.139389038085938 0.0643539428710937
0.14971923828125 -0.20037841796875 -0.107376098632812 -0.00570678710937503
0.221710205078125 -0.190277099609375 0.0339698791503906 -0.0665092468261719
0.25262451171875 -0.120254516601563 -0.00253295898437498 -0.114646911621094
0.23431396484375 -0.137252807617188 0.0943450927734375 -0.137603759765625
0.154098510742188 -0.241363525390625 0.0895233154296875 -0.163040161132813
0.0424957275390625 -0.217208862304688 0.0356597900390625 -0.155349731445313
-0.0410308837890625 -0.201736450195313 0.01776123046875 -0.108627319335938
-0.1103515625 -0.141571044921875 0.00543212890624999 -0.0543441772460938
-0.144744873046875 -0.0803070068359375 0.0180683135986328 -0.023773193359375
-0.15045166015625 -0.0763702392578125 0.0385627746582031 -0.00190353393554688
-0.156478881835938 -0.0595855712890625 0.0606765747070312 0.0332908630371094
-0.11248779296875 -0.109878540039063 0.0723342895507813 0.0892791748046875
-0.0841827392578125 -0.157913208007813 0.0332412719726563 0.132766723632813
-0.0339202880859375 -0.187118530273438 -0.0531692504882812 0.137504577636719
0.105926513671875 -0.223464965820312 -0.1207275390625 0.0492324829101563
0.182464599609375 -0.167312622070313 -0.0751724243164062 -0.0482864379882813
0.241714477539063 -0.138519287109375 0.106452941894531 -0.109931945800781
0.210479736328125 -0.06854248046875 0.0659942626953125 -0.15185546875
0.20001220703125 -0.108001708984375 0.1234130859375 -0.171707153320313
0.1231689453125 -0.201461791992188 0.0962677001953125 -0.153854370117188
0.023223876953125 -0.175277709960937 0.0543746948242187 -0.128044128417969
-0.041351318359375 -0.157501220703125 0.0470046997070313 -0.0732040405273438
-0.0934295654296875 -0.108833312988281 0.0587997436523438 -0.0274124145507813
-0.115592956542969 -0.06585693359375 0.0775909423828125 -0.0149383544921875
-0.120323181152344 -0.0668106079101563 0.0876998901367187 0.009429931640625
-0.124382019042969 -0.0603561401367188 0.108917236328125 0.0518417358398438
-0.0790252685546875 -0.101615905761719 0.104240417480469 0.120018005371094
-0.0479202270507813 -0.137290954589844 0.0450439453125 0.156570434570313
-0.00253295898437501 -0.156097412109375 -0.0419082641601562 0.137557983398438
0.120468139648437 -0.1768798828125 -0.0934371948242188 0.0404510498046875
0.188140869140625 -0.115646362304688 -0.0305023193359375 -0.0692634582519532
0.22576904296875 -0.0687255859375 0.17840576171875 -0.125396728515625
0.137680053710937 0.00070953369140625 0.108474731445313 -0.16815185546875
0.138282775878906 -0.0504608154296875 0.1336669921875 -0.18756103515625
0.0801162719726563 -0.117431640625 0.102325439453125 -0.135734558105469
0.0139846801757813 -0.0961380004882813 0.0756072998046875 -0.107940673828125
-0.0185317993164062 -0.0870590209960938 0.0705795288085937 -0.0512008666992188
-0.0507888793945313 -0.0661964416503906 0.0952224731445313 -0.016387939453125
-0.0642967224121094 -0.04534912109375 0.117874145507813 -0.0119171142578125
-0.0731964111328125 -0.0464096069335938 0.121528625488281 0.0198974609375
-0.0796051025390625 -0.04522705078125 0.143447875976563 0.0715484619140625
-0.0474853515625 -0.0705108642578125 0.121658325195313 0.148162841796875
-0.0262832641601562 -0.0939559936523438 0.047088623046875 0.17718505859375
0.00559234619140625 -0.108070373535156 -0.0304107666015625 0.139945983886719
0.101806640625 -0.120384216308594 -0.0627975463867188 0.04449462890625
0.158477783203125 -0.0615997314453125 0.0161399841308594 -0.0646400451660156
0.17193603515625 0.001007080078125 0.237838745117188 -0.113479614257813
-0.0753097534179688 -0.0504684448242188 -0.259963989257813 0.119766235351562
-0.0782241821289062 0.0322341918945313 -0.067169189453125 0.06427001953125
-0.0364227294921875 0.0723114013671875 0.0407981872558594 -0.0659980773925781
0.0198974609375 0.0532646179199219 0.026824951171875 -0.154220581054687
0.0275440216064453 0.0318660736083984 -0.034271240234375 -0.201690673828125
0.02056884765625 0.0230274200439453 -0.144821166992188 -0.187789916992188
0.0138072967529297 0.0243968963623047 -0.187911987304688 -0.079010009765625
0.0116386413574219 0.0293083190917969 -0.1595458984375 -0.023040771484375
0.003509521484375 0.031982421875 -0.138763427734375 0.0143890380859375
-0.0233516693115234 0.0188465118408203 -0.129058837890625 0.0288314819335938
-0.0276432037353516 0.00889968872070313 -0.0941009521484375 0.0660018920898438
-0.0244674682617188 0.0118598937988281 -0.0999221801757812 0.103340148925781
-0.0484046936035156 0.000667572021484367 -0.13836669921875 0.120033264160156
-0.0679244995117188 -0.0309066772460938 -0.1302490234375 0.185333251953125
-0.07330322265625 -0.0745315551757813 -0.129806518554687 0.17083740234375
0.027374267578125 -0.101943969726563 -0.263397216796875 0.084228515625
0.00482559204101563 -0.015192985534668 -0.0700645446777344 0.0322990417480469
0.0242595672607422 0.0002593994140625 0.0316085815429688 -0.0937957763671875
0.048126220703125 -0.0112533569335937 0.0136566162109375 -0.168289184570313
0.0295562744140625 -0.0389595031738281 -0.0348052978515625 -0.205612182617188
-0.00918197631835937 -0.0363731384277344 -0.141815185546875 -0.186279296875
-0.0406112670898438 -0.0115928649902344 -0.184341430664062 -0.081085205078125
-0.0515022277832031 -0.00138473510742188 -0.152008056640625 -0.0253448486328125
-0.0653572082519531 0.0123558044433594 -0.131187438964844 0.0179367065429688
-0.0810012817382813 -0.0173110961914063 -0.115036010742188 0.03753662109375
-0.0797042846679687 -0.0526580810546875 -0.0844497680664063 0.07586669921875
-0.0555191040039062 -0.0725936889648438 -0.104286193847656 0.114059448242188
-0.015594482421875 -0.102516174316406 -0.148666381835938 0.107513427734375
-0.00305938720703124 -0.110969543457031 -0.13153076171875 0.154388427734375
0.01861572265625 -0.150054931640625 -0.119033813476562 0.130805969238281
0.129493713378906 -0.14031982421875 -0.230255126953125 0.0410614013671875
0.0958709716796875 -0.0646438598632813 -0.044952392578125 -0.00323867797851562
0.085205078125 -0.0846633911132813 0.040313720703125 -0.124046325683594
0.0684890747070313 -0.0866546630859375 0.00663757324218749 -0.183242797851563
0.0217361450195312 -0.111824035644531 -0.0361480712890625 -0.201004028320313
-0.042999267578125 -0.093109130859375 -0.128372192382812 -0.167343139648438
-0.0920333862304688 -0.04583740234375 -0.158477783203125 -0.073455810546875
-0.107559204101563 -0.0308074951171875 -0.1220703125 -0.0241546630859375
-0.124198913574219 -0.00613403320312499 -0.099609375 0.0188446044921875
-0.125274658203125 -0.0477142333984375 -0.0768661499023438 0.0458297729492188
-0.121383666992187 -0.09967041015625 -0.0572433471679688 0.0891342163085937
-0.0843582153320313 -0.135475158691406 -0.0954742431640625 0.129417419433594
0.00616455078124999 -0.186416625976562 -0.154647827148438 0.09844970703125
0.0524139404296875 -0.174484252929688 -0.131141662597656 0.109176635742188
0.102828979492188 -0.203231811523438 -0.084869384765625 0.0696945190429687
0.21185302734375 -0.162185668945313 -0.166549682617188 -0.009368896484375
0.177230834960938 -0.113174438476563 0.000854492187500008 -0.0443115234375
0.133880615234375 -0.173736572265625 0.05841064453125 -0.1488037109375
0.0717010498046875 -0.163650512695313 0.00856018066406249 -0.190139770507813
-0.000579833984375 -0.1751708984375 -0.0301055908203125 -0.183731079101562
-0.0801620483398438 -0.135116577148438 -0.0990524291992188 -0.134246826171875
-0.133712768554688 -0.0712203979492187 -0.111984252929688 -0.0564651489257813
-0.148056030273438 -0.0551605224609375 -0.0748214721679688 -0.0191879272460938
-0.162567138671875 -0.02490234375 -0.0510406494140625 0.0189857482910156
-0.14764404296875 -0.0748748779296875 -0.0256080627441406 0.0539512634277344
-0.138587951660156 -0.13348388671875 -0.0218887329101563 0.101791381835937
-0.093963623046875 -0.1766357421875 -0.0793609619140625 0.14068603515625
0.0310211181640625 -0.239837646484375 -0.153213500976563 0.087677001953125
0.102996826171875 -0.210906982421875 -0.126472473144531 0.054779052734375
0.173934936523437 -0.22247314453125 -0.0339431762695312 -0.0012798309326172
0.256744384765625 -0.1602783203125 -0.083953857421875 -0.0640182495117188
0.229080200195313 -0.145919799804688 0.0528182983398438 -0.0931854248046875
0.1572265625 -0.238876342773438 0.07696533203125 -0.164382934570313
0.05938720703125 -0.217437744140625 0.018829345703125 -0.181610107421875
-0.0293121337890625 -0.212005615234375 -0.0113983154296875 -0.152069091796875
-0.109237670898438 -0.152938842773438 -0.0513687133789063 -0.0940017700195313
-0.15618896484375 -0.08245849609375 -0.049102783203125 -0.0394744873046875
-0.165145874023438 -0.0697174072265625 -0.0178565979003906 -0.0118789672851563
-0.175048828125 -0.0434417724609375 0.00672721862792968 0.0230789184570312
-0.143814086914062 -0.098358154296875 0.0282821655273437 0.0674476623535156
-0.126052856445313 -0.15606689453125 0.0123367309570313 0.117469787597656
-0.07586669921875 -0.196731567382813 -0.062652587890625 0.1456298828125
0.0659942626953125 -0.2552490234375 -0.143600463867188 0.0732421875
0.14959716796875 -0.210983276367188 -0.111968994140625 -0.000808715820312493
0.22430419921875 -0.20330810546875 0.0311737060546875 -0.0669059753417969
0.257431030273438 -0.13323974609375 0.000389099121093762 -0.117195129394531
0.236984252929687 -0.149261474609375 0.097320556640625 -0.142288208007813
0.150497436523438 -0.254135131835938 0.0904998779296875 -0.168136596679688
0.039154052734375 -0.225341796875 0.0347137451171875 -0.159149169921875
-0.048828125 -0.2066650390625 0.0173568725585938 -0.111885070800781
-0.118682861328125 -0.142578125 0.00717926025390624 -0.0560760498046875
-0.152694702148438 -0.079193115234375 0.0194454193115234 -0.0259342193603516
-0.157791137695313 -0.0733184814453125 0.0406265258789062 -0.00189971923828125
-0.162704467773438 -0.056640625 0.0644149780273437 0.0344619750976563
-0.119415283203125 -0.111106872558594 0.0765151977539062 0.0904769897460938
-0.091552734375 -0.160797119140625 0.038818359375 0.138397216796875
-0.0394744873046875 -0.192474365234375 -0.049468994140625 0.146026611328125
0.101913452148438 -0.233673095703125 -0.124923706054688 0.056976318359375
0.182952880859375 -0.178482055664062 -0.080322265625 -0.045257568359375
0.245651245117187 -0.150131225585938 0.104835510253906 -0.113151550292969
0.213897705078125 -0.078857421875 0.0684814453125 -0.158447265625
0.20172119140625 -0.118438720703125 0.125503540039063 -0.179443359375
0.118667602539063 -0.210784912109375 0.0974273681640625 -0.15911865234375
0.0191192626953125 -0.1806640625 0.054901123046875 -0.131553649902344
-0.048095703125 -0.160324096679688 0.0487823486328125 -0.0756683349609375
-0.0988922119140625 -0.109512329101563 0.0629043579101563 -0.0299530029296875
-0.121383666992188 -0.064788818359375 0.0801773071289062 -0.0187225341796875
-0.126052856445313 -0.0639877319335938 0.0909194946289062 0.00905609130859375
-0.128532409667969 -0.0580062866210937 0.114173889160156 0.0514297485351562
-0.084228515625 -0.103752136230469 0.110572814941406 0.121322631835938
-0.05316162109375 -0.140640258789063 0.0512847900390625 0.162368774414062
-0.00610351562500001 -0.161026000976563 -0.0389556884765625 0.145370483398437
0.11773681640625 -0.1846923828125 -0.0975112915039062 0.0465545654296875
0.189682006835938 -0.125015258789063 -0.0346908569335937 -0.0681190490722656
0.229644775390625 -0.0786590576171875 0.178131103515625 -0.131378173828125
0.140777587890625 -0.0051422119140625 0.11102294921875 -0.176345825195313
0.138343811035156 -0.056976318359375 0.135025024414063 -0.195556640625
0.0768203735351562 -0.1224365234375 0.104278564453125 -0.141769409179688
0.0117950439453125 -0.09893798828125 0.0765914916992188 -0.112770080566406
-0.0224075317382813 -0.0881500244140625 0.07354736328125 -0.0540847778320313
-0.0544204711914063 -0.065673828125 0.1005859375 -0.019683837890625
-0.0671272277832031 -0.0450859069824219 0.121734619140625 -0.0174636840820313
-0.0759201049804687 -0.0452041625976563 0.126541137695313 0.0178375244140625
-0.0813751220703125 -0.044464111328125 0.149734497070313 0.0699462890625
-0.0502777099609375 -0.071502685546875 0.129791259765625 0.150039672851563
-0.028594970703125 -0.09613037109375 0.053863525390625 0.183883666992188
0.00466918945312501 -0.110420227050781 -0.0282745361328125 0.147003173828125
0.0997848510742188 -0.125869750976563 -0.0664024353027344 0.0492286682128906
0.15936279296875 -0.0679931640625 0.0126380920410156 -0.064849853515625
0.175155639648438 -0.0039825439453125 0.239425659179688 -0.12054443359375
-0.0774459838867188 -0.0489425659179688 -0.265274047851563 0.134979248046875
-0.0775985717773438 0.0362777709960937 -0.0658111572265625 0.0704421997070313
-0.0338287353515625 0.075347900390625 0.0422210693359375 -0.070953369140625
0.0222969055175781 0.0526199340820313 0.024078369140625 -0.1636962890625
0.0293827056884766 0.0303268432617188 -0.0437774658203125 -0.21197509765625
0.0213184356689453 0.0224437713623047 -0.159866333007813 -0.191574096679688
0.0146083831787109 0.0250015258789063 -0.199050903320313 -0.0753631591796875
0.012115478515625 0.0298213958740234 -0.166351318359375 -0.017852783203125
0.00344085693359375 0.0328121185302734 -0.1456298828125 0.0213623046875
-0.0252246856689453 0.0204982757568359 -0.135200500488281 0.0371322631835937
-0.0293235778808594 0.00943183898925782 -0.0965423583984375 0.0728073120117188
-0.0252513885498047 0.0110836029052734 -0.102264404296875 0.1123046875
-0.0490341186523438 0.00138473510742188 -0.142257690429688 0.130889892578125
-0.07049560546875 -0.0287857055664062 -0.129608154296875 0.198379516601563
-0.076812744140625 -0.0728836059570313 -0.132598876953125 0.183853149414063
0.0281143188476562 -0.108375549316406 -0.268829345703125 0.09783935546875
0.00749874114990234 -0.016627311706543 -0.069366455078125 0.0372695922851563
0.0268783569335938 -0.00340461730957031 0.0316314697265625 -0.0990447998046875
0.0496749877929688 -0.0164260864257813 0.00917053222656251 -0.176620483398438
0.0285720825195313 -0.0439605712890625 -0.04443359375 -0.215362548828125
-0.0120620727539063 -0.0389213562011719 -0.156478881835937 -0.189697265625
-0.0447998046875 -0.0104751586914062 -0.19537353515625 -0.0775909423828125
-0.0555038452148438 0.000293731689453129 -0.158035278320313 -0.019378662109375
-0.0692863464355469 0.015380859375 -0.136276245117188 0.0252761840820312
-0.0868682861328125 -0.0154876708984375 -0.119804382324219 0.0458908081054687
-0.0864791870117188 -0.0526199340820312 -0.0859603881835938 0.08404541015625
-0.0610885620117187 -0.0753631591796875 -0.105239868164062 0.124862670898438
-0.020233154296875 -0.107666015625 -0.154098510742187 0.119613647460938
-0.00597381591796875 -0.115814208984375 -0.132293701171875 0.167160034179688
0.01641845703125 -0.156524658203125 -0.122634887695312 0.143142700195313
0.1326904296875 -0.15252685546875 -0.234664916992188 0.0509796142578125
0.100723266601563 -0.0725555419921875 -0.0436515808105469 -0.00049591064453125
0.0872955322265625 -0.09490966796875 0.0394363403320313 -0.130020141601563
0.0690536499023438 -0.0957260131835938 0.00277709960937501 -0.19134521484375
0.0178375244140625 -0.120033264160156 -0.0448150634765625 -0.210433959960937
-0.0494537353515625 -0.0974502563476563 -0.140457153320313 -0.170700073242187
-0.100120544433594 -0.0450820922851562 -0.167556762695313 -0.0699615478515625
-0.115104675292969 -0.0279159545898437 -0.126663208007813 -0.01947021484375
-0.131462097167969 -0.00101470947265623 -0.102394104003906 0.0250625610351563
-0.134056091308594 -0.0459518432617187 -0.0798416137695313 0.0536041259765625
-0.1322021484375 -0.099853515625 -0.0574264526367188 0.0970535278320313
-0.09417724609375 -0.140289306640625 -0.0951080322265625 0.141357421875
-0.001007080078125 -0.1964111328125 -0.159805297851562 0.111831665039062
0.0500030517578125 -0.184661865234375 -0.133499145507813 0.120285034179688
0.101821899414063 -0.216018676757812 -0.0887527465820313 0.0781402587890625
0.216552734375 -0.178848266601563 -0.1689453125 -0.00361633300781249
0.182540893554688 -0.1265869140625 0.00316238403320314 -0.0449676513671875
0.133193969726563 -0.188827514648438 0.057708740234375 -0.155563354492188
0.0699920654296875 -0.17633056640625 0.0041961669921875 -0.19793701171875
-0.00848388671875001 -0.184463500976563 -0.0374298095703125 -0.192108154296875
-0.0901336669921875 -0.1390380859375 -0.107032775878906 -0.13641357421875
-0.144134521484375 -0.069366455078125 -0.117958068847656 -0.0542678833007813
-0.158554077148437 -0.0504608154296875 -0.0772018432617188 -0.0160293579101563
-0.171829223632813 -0.019500732421875 -0.0505523681640625 0.0236854553222656
-0.158172607421875 -0.0738525390625 -0.02545166015625 0.0594367980957031
-0.151519775390625 -0.13470458984375 -0.0186004638671875 0.109809875488281
-0.105743408203125 -0.18310546875 -0.0768280029296875 0.152786254882813
0.022003173828125 -0.25299072265625 -0.158340454101563 0.10174560546875
0.10174560546875 -0.225311279296875 -0.131317138671875 0.0637130737304687
0.174896240234375 -0.239822387695312 -0.0378837585449219 0.00269699096679687
0.263946533203125 -0.179946899414063 -0.0841140747070312 -0.0639266967773438
0.233673095703125 -0.163101196289063 0.0558242797851563 -0.097381591796875
0.154327392578125 -0.256927490234375 0.077728271484375 -0.172637939453125
0.0547637939453125 -0.231536865234375 0.015472412109375 -0.18865966796875
-0.03997802734375 -0.221160888671875 -0.016845703125 -0.159469604492188
-0.120849609375 -0.156845092773438 -0.0544662475585938 -0.0964813232421875
-0.16827392578125 -0.0801544189453125 -0.0512619018554688 -0.0397567749023438
-0.1767578125 -0.065521240234375 -0.0168514251708984 -0.0104808807373047
-0.184906005859375 -0.0377960205078125 0.00982093811035155 0.0257186889648437
-0.155975341796875 -0.09869384765625 0.0324859619140625 0.071685791015625
-0.138916015625 -0.158889770507812 0.0182952880859375 0.124595642089844
-0.086761474609375 -0.204177856445313 -0.0588226318359375 0.157485961914062
0.057769775390625 -0.270492553710938 -0.149154663085938 0.08575439453125
0.15020751953125 -0.227615356445312 -0.117973327636719 0.00622558593749997
0.228012084960938 -0.222259521484375 0.0278053283691406 -0.068572998046875
0.263992309570313 -0.152008056640625 0.00175476074218753 -0.122077941894531
0.240570068359375 -0.167083740234375 0.1005859375 -0.150390625
0.145065307617188 -0.271987915039063 0.090545654296875 -0.176727294921875
0.032867431640625 -0.237945556640625 0.0337982177734375 -0.165618896484375
-0.0603179931640625 -0.213973999023438 0.01611328125 -0.117835998535156
-0.130447387695312 -0.144668579101563 0.00795364379882812 -0.0593948364257813
-0.1641845703125 -0.0767059326171875 0.0203990936279297 -0.0285568237304688
-0.168487548828125 -0.069488525390625 0.0445480346679687 -0.00262069702148438
-0.172073364257813 -0.0519256591796875 0.070343017578125 0.0347213745117188
-0.130172729492188 -0.112457275390625 0.0834503173828125 0.0935287475585938
-0.103240966796875 -0.165069580078125 0.04669189453125 0.145858764648438
-0.048095703125 -0.200637817382813 -0.044281005859375 0.156936645507812
0.0962066650390625 -0.248580932617187 -0.130088806152344 0.0677108764648437
0.185348510742188 -0.19451904296875 -0.0868682861328125 -0.041259765625
0.251495361328125 -0.1673583984375 0.102935791015625 -0.120124816894531
0.220611572265625 -0.0931243896484375 0.0703277587890625 -0.168289184570313
0.204208374023438 -0.132339477539063 0.12774658203125 -0.19219970703125
0.11322021484375 -0.22528076171875 0.099090576171875 -0.168609619140625
0.014007568359375 -0.189422607421875 0.0552597045898438 -0.138397216796875
-0.0580291748046875 -0.163482666015625 0.0496749877929687 -0.0805206298828125
-0.10882568359375 -0.109779357910156 0.0671806335449219 -0.0351181030273438
-0.130172729492188 -0.0626983642578125 0.0835647583007813 -0.0234603881835938
-0.134048461914063 -0.0616455078125 0.0969467163085937 0.00623321533203125
-0.136192321777344 -0.0552215576171875 0.122657775878906 0.0505218505859375
-0.0927658081054688 -0.105506896972656 0.120391845703125 0.123382568359375
-0.060943603515625 -0.145523071289063 0.0610809326171875 0.170120239257813
-0.010894775390625 -0.168975830078125 -0.033843994140625 0.156082153320313
0.114883422851562 -0.19775390625 -0.102485656738281 0.0551300048828125
0.192855834960938 -0.138198852539063 -0.04058837890625 -0.0673103332519531
0.236862182617187 -0.0925140380859375 0.179580688476563 -0.142227172851563
0.145538330078125 -0.0131072998046875 0.11346435546875 -0.189178466796875
0.139518737792969 -0.0653152465820313 0.136627197265625 -0.209396362304688
0.0733718872070312 -0.130149841308594 0.106185913085938 -0.151992797851563
0.00864410400390625 -0.101974487304687 0.0774154663085938 -0.119400024414063
-0.0279159545898438 -0.0889968872070312 0.0764236450195313 -0.0591888427734375
-0.0590934753417969 -0.0650100708007813 0.106575012207031 -0.0258636474609375
-0.0718231201171875 -0.04425048828125 0.127357482910156 -0.024566650390625
-0.0796279907226563 -0.043212890625 0.133087158203125 0.0141143798828125
-0.0852127075195313 -0.0424346923828125 0.159210205078125 0.06793212890625
-0.0551300048828125 -0.0733489990234375 0.141265869140625 0.15228271484375
-0.0331268310546875 -0.09930419921875 0.064727783203125 0.191696166992188
0.00234222412109374 -0.115158081054688 -0.023529052734375 0.157180786132812
0.0977706909179688 -0.133773803710938 -0.0697555541992187 0.0564193725585938
0.162277221679688 -0.0762786865234375 0.00882720947265626 -0.0657615661621094
0.181365966796875 -0.012542724609375 0.243865966796875 -0.13360595703125
0.0298789905780838 0.0681328508105308 -0.26168654365317 -0.155287002715683
0.0844633310000496 0.0298458149443108 -0.0974595020200537 -0.0403431404083951
0.0809906503911141 -0.0101065241193288 0.0804880282673467 -0.0146784605903664
0.028984911727625 -0.0412539247435837 0.150379819379992 -0.0654821476568448
0.00706044580649719 -0.0218087727866859 0.170339030435374 -0.166367168017505
0.0181015563067835 -0.00804230930520035 0.09426575928256 -0.239436942177386
0.0269461272563561 -0.0218869703152705 -0.00661208794746606 -0.224026463054022
0.0256348573444627 -0.0281834264967993 -0.07005520128831 -0.172785887231215
0.0374933776686874 -0.0208440748004413 -0.0902928428990708 -0.132347666893092
0.0419982825625438 0.00165244945044355 -0.102335794368595 -0.104594650575102
0.0336449380619414 0.0130194503766737 -0.118632932009181 -0.0595473211921869
0.0312230683786767 0.00984076909449449 -0.158987149751067 -0.042858557503424
0.0493218178633141 0.0257177118933543 -0.191653365121863 -0.0476103761487237
0.0284410453686215 0.0604455307145976 -0.236396198936399 -0.0123309683271553
-0.0123078153542682 0.0862522798219537 -0.220740103238518 0.0176436456563256
-0.0774416955345965 0.0181704326172577 -0.232415748148146 -0.159364886880716
-0.0161174569480736 -0.00194393630629338 -0.0708596176603392 -0.0396885676251964
-0.0224396896343884 -0.0100092276646383 0.112918968765245 -0.0168850368922357
-0.052108073161003 -0.0134981635290222 0.169069171405818 -0.0683437455227443
-0.047383162628722 0.0365500303045473 0.185431600872853 -0.166460922713465
-0.0083235033834612 0.0592503151401193 0.106318471594797 -0.234952993015738
0.0278119485475476 0.052681071707956 0.00871786540821529 -0.222120022050655
0.0496351778203016 0.0412662303115114 -0.0581821021726775 -0.169909830664482
0.0673127907899152 0.0529804710524281 -0.0813129130964907 -0.125468352291478
0.0534907612630091 0.0756324503029548 -0.0917465856242468 -0.0874915089849623
0.0279266530580958 0.0994581331184531 -0.111593697621991 -0.0419629430494287
-0.0213077498794977 0.0972549915953815 -0.158766257602216 -0.0306203918218737
-0.0454598166632833 0.089727236023005 -0.183945198814717 -0.0539941060987338
-0.0785965338774866 0.0662576790167249 -0.212198741615258 -0.0178094557551115
-0.126983665279884 0.0584129354090694 -0.192179396685798 0.00931296636298977
-0.176442539892748 -0.0363279382753346 -0.173835884810647 -0.139020401115626
-0.127166471891878 -0.0376596761353282 -0.0242020473778476 -0.0111611574208594
-0.137403020754291 -0.001060607508984 0.160633798423122 -0.00180162832529978
-0.135736521898846 0.0298708302762618 0.197819826356989 -0.0667671006098705
-0.0954773007730242 0.102489287754452 0.193125377993304 -0.162562586292858
-0.030106123016643 0.125438023724011 0.107674614130488 -0.211439287665928
0.0268042781265968 0.12209877993781 0.0225016223235312 -0.193453082750592
0.0670422258488943 0.104599482252569 -0.0377534385379622 -0.142257917829133
0.0888489717733428 0.117017585708752 -0.0589827303541098 -0.0963788445228227
0.05934375592797 0.135958067814774 -0.0687159709195218 -0.0492568000731392
0.0241425427871256 0.166758531169933 -0.100041486668893 -0.00609073531950201
-0.0574115893929933 0.167463408906639 -0.157412936226484 -0.00601869578884148
-0.119263513861507 0.144573129007097 -0.175549941872297 -0.0546444048592828
-0.167874366537238 0.0696097216768562 -0.174461587272124 -0.0323051146297784
-0.221471906340839 0.0261031161674899 -0.129913896060719 0.00202578409673374
-0.252331620618391 -0.0822839840007497 -0.0903951849161971 -0.0999220617497461
-0.230509389108868 -0.0620023119358448 0.0415157970106297 0.0309332872564101
-0.246971909391901 0.0224736937295049 0.212887882905985 0.0226585257631593
-0.207406521540493 0.0887303054591739 0.225471185865616 -0.057250778075385
-0.123630172468996 0.170218531005181 0.190133665580622 -0.146230760060547
-0.0395805957315471 0.181309906595459 0.102410840516899 -0.167156940264626
0.0263568970488003 0.175996678499792 0.0355649931472428 -0.140789657890884
0.0756878909014514 0.151110078802487 -0.0116211322784503 -0.0949321638063316
0.0941088879277764 0.162700472721697 -0.0298068803182292 -0.0488352270674692
0.0500179804917956 0.174890330661079 -0.0411501955742945 0.00228621853893943
0.00974412296510428 0.205524856101915 -0.0863843193539192 0.0393408733618079
-0.0880742440083599 0.205105106540365 -0.152470787993773 0.0219082936434358
-0.175361142245103 0.172247080444117 -0.163960983963909 -0.0534755886893907
-0.231342569158488 0.0596228469415826 -0.127009761895003 -0.0530529590910113
-0.280515534247464 -0.0142532217674897 -0.0467244710863399 -0.00191817079233422
-0.288227496640686 -0.110422157699943 0.00991264221816357 -0.0558079540198573
-0.298254591621587 -0.0725252854735176 0.120159203180032 0.0673963662877573
-0.318491233192586 0.0501790562690106 0.253774407943755 0.0445249540334577
-0.245424286631138 0.14254746624684 0.23999336663776 -0.0396205711682627
-0.128692088192901 0.217646633357536 0.177793459309243 -0.109509779509613
-0.0369561462656899 0.210894117511143 0.0956089144068597 -0.103049691564373
0.0261682319742041 0.202600350142906 0.0502133351289772 -0.0714419930503088
0.0731592941968302 0.175411558802343 0.0158942600880321 -0.0335231111744207
0.0816471743853143 0.184671007523269 -0.00150560075614392 0.0103063457098967
0.0239777750617287 0.189992467304899 -0.0196756315878509 0.062461181778755
-0.0189554884756004 0.212593419630603 -0.0796520592749764 0.0874790542359688
-0.120457087719744 0.202412798019764 -0.147134627025635 0.0467819058171602
-0.214682155765782 0.162557398672568 -0.146774156833523 -0.0510289242171093
-0.263401139597588 0.0279220588115939 -0.0741159788785407 -0.0689017567913798
-0.296679238447708 -0.0606289382847719 0.0438403463761869 0.00313225287246789
-0.272974554425571 -0.117478814707747 0.108801146606471 -0.0187220221863862
-0.30811096992304 -0.0682878300933935 0.194929628899391 0.0834810591020758
-0.325679844054792 0.0672956926068807 0.270928039403191 0.0542280573331152
-0.234979586590742 0.163931785497287 0.231913849976284 -0.0163492509503129
-0.111014161758345 0.22314992151005 0.157325134344157 -0.0574157813024536
-0.0277007883171356 0.204257796777099 0.0907902348204367 -0.0290137649592082
0.0227415982043452 0.195527417256619 0.0662773783213679 0.00201784347287347
0.0599612038874744 0.171545980370971 0.0388759183446343 0.0316646190348345
0.0563101840255297 0.179822143974883 0.0168838408991524 0.0742720402622382
-0.00834333598306646 0.178720512617777 -0.0140551404508695 0.12192652570007
-0.0513791077730093 0.18865606547979 -0.0878559238478401 0.130382764449906
-0.143942685153217 0.164728783695139 -0.14466883428936 0.0640264396249478
-0.230659926667147 0.121168565789803 -0.125000588651642 -0.0440408437853517
-0.26121501482267 -0.0176449662576268 -0.0209682326340758 -0.0684035048211558
-0.269356511748809 -0.10365922936099 0.128996222613409 0.0239269486352739
-0.207080290776108 -0.107018183117887 0.185560004384014 0.002984818960038
-0.255979734313543 -0.0555944870598855 0.247875392439357 0.0768427433986748
-0.265316393178263 0.0637782228613248 0.260102839045471 0.0544797749214723
-0.179305721693762 0.142088780972852 0.207538825904079 0.00625419069281867
-0.0798219981766717 0.178523150283397 0.134230026522024 -0.00378970828369768
-0.0206819380351024 0.160121974897261 0.0897582315814732 0.0382427228793585
0.01213080712791 0.156058478676 0.0803702880613799 0.0675425976044602
0.0386224588017874 0.14014607021615 0.0548326443493683 0.0902570519340041
0.0276316909631663 0.146768562015131 0.0222610703606704 0.133627612197057
-0.0312306445620876 0.142037319736884 -0.0263203518962948 0.171460704776491
-0.0673397916193658 0.140907674464557 -0.10966443621677 0.15939840060117
-0.139865582286131 0.110199762487168 -0.147066971139622 0.0725925615624243
-0.211109782391871 0.0692528628853232 -0.102955946894459 -0.0311512458209302
-0.224339075003095 -0.056933365624835 0.0222184809528058 -0.0468710599157364
-0.205209959120918 -0.129136003283966 0.195131331452519 0.0617716224723421
-0.102440012016791 -0.0869654105564207 0.225377816522874 0.0097754589669157
-0.155617667911084 -0.0460368682369031 0.267032373405471 0.0552492039685207
-0.159800301231777 0.0371734287330608 0.230395086870773 0.0496665456760608
-0.10113648051194 0.0795951624956357 0.179315567568303 0.0250029012691495
-0.0504290876187841 0.0958851313407003 0.11759070374087 0.0373461840711579
-0.022563069790796 0.0902210701798864 0.0908568156735716 0.0828509796369195
-0.0069125224655122 0.091914622424549 0.0877485438952839 0.112786115266229
0.0125491343986852 0.0870146349144334 0.0615787160921712 0.133705027299966
0.00468722383663086 0.0920765230563096 0.0170258239695849 0.179351267064153
-0.03246550279831 0.0885000540777713 -0.0484445163054777 0.203936947153915
-0.0534964889938436 0.0853105022792639 -0.136636159078774 0.171887951286465
-0.101486690069232 0.0628480498952092 -0.150528615098611 0.076506602401804
-0.156366504679274 0.0316089328123409 -0.0887328284063208 -0.00929816245483601
-0.159063771188558 -0.0714396502948881 0.0475277029976056 -0.0113807574714211
-0.116081211911144 -0.126790299328017 0.235017020377176 0.108136019706353
0.0340280470718205 0.0667115480905136 -0.278840520332816 -0.139154194805337
0.0858609201890946 0.023653150591492 -0.102747879429473 -0.0316598258022143
0.0806918396602979 -0.0155215313483092 0.0841163856512942 -0.0195238324359281
0.0259166503132106 -0.0424436848530459 0.153321621747438 -0.0770694523510198
0.00488828683916949 -0.020307939863651 0.165113809605423 -0.185574415181318
0.0183545688067344 -0.00874905921205686 0.0789950466607547 -0.255907286503488
0.0269795405878344 -0.0233061521340353 -0.0225289517644535 -0.230340454975794
0.0247819534878354 -0.0303337486586587 -0.0839111939923724 -0.172535652279038
0.0378546025726715 -0.0242463279295021 -0.103974702659765 -0.130344195527374
0.0441327140530293 -0.000379946413610544 -0.115010485458998 -0.100897671720322
0.0358891477455012 0.0123784251239481 -0.127523892977809 -0.0538208824469967
0.0317386685294239 0.00976247821295012 -0.168637774205911 -0.0330879168121327
0.0518612537513727 0.0234739337701972 -0.202389454696868 -0.0374631428493497
0.0326530843215246 0.0588904140747886 -0.244413605933904 0.00231330622162576
-0.00668813157391313 0.0871484613350024 -0.230139164328256 0.0313328278931038
-0.0809130467766487 0.0224229525976548 -0.24890499912827 -0.144910116143598
-0.0201857383425181 -0.00234247368643808 -0.0751255229837155 -0.0321464478482774
-0.0263538379838966 -0.00741933594925403 0.116242692855747 -0.0233497849939493
-0.0564921418361116 -0.00763637514372627 0.172017451160572 -0.0809136435380729
-0.0474400715298885 0.0435215676110888 0.180714805055864 -0.186235246929843
-0.00434157752672352 0.0638581223418665 0.0929481988064786 -0.251089367432662
0.0333564496170652 0.0538173582215508 -0.00670492002166284 -0.229057767660907
0.0545777039646819 0.0396738561973533 -0.0713354241576147 -0.169107894140861
0.074424715095562 0.0502053168421735 -0.0941723749851673 -0.122829162772557
0.0615138004006763 0.0758088593723672 -0.102532553900997 -0.0831870695994528
0.0366596194021722 0.101624964906286 -0.119455089615856 -0.0355106179613537
-0.0158498686233765 0.103924195705749 -0.166921218352443 -0.0199299100361207
-0.0412103580400631 0.096543714962864 -0.196084095864462 -0.0429137886790969
-0.077909727848277 0.0726885357196892 -0.220779172523666 -0.00396970386474536
-0.128040331937155 0.0666741196405874 -0.201177038476499 0.0216977733194357
-0.187179842870846 -0.0265655435519246 -0.185334081116808 -0.126777819980609
-0.136495037467905 -0.0303348127255142 -0.0242613200736565 -0.00565414890135466
-0.144292001802707 0.00955995261024693 0.166033121330316 -0.0101685642015334
-0.140334094943435 0.0420537974265638 0.200597183999262 -0.0803685993303834
-0.0919657343436524 0.115337991080213 0.188763161942788 -0.182412855502617
-0.0220782038480251 0.134056313451113 0.0969326072833857 -0.225858297103278
0.0371439109179641 0.125716368695427 0.00984826935118587 -0.200413034390372
0.0775028505052385 0.10332286817263 -0.0478188638133319 -0.142048667054377
0.100638883972909 0.114917431819117 -0.0692135674614477 -0.093334608381259
0.0713273729805423 0.136414727785759 -0.0768620609614037 -0.0453393612246015
0.0376468856814698 0.17145874549931 -0.10547180565402 0.00172709968199794
-0.0479709374741925 0.178899226149359 -0.163381265438276 0.00624417883065971
-0.113171522468243 0.158757125613023 -0.188319373284746 -0.0437295801623313
-0.170346299414931 0.0830428998056579 -0.183045784633865 -0.0210607044965757
-0.228182856900214 0.0409368604379501 -0.137843590888162 0.0106821334341106
-0.269141704831596 -0.0673209765844193 -0.0968427913321386 -0.0920062639662916
-0.24400386567384 -0.0487960512354475 0.0464022311518686 0.0337986306436542
-0.254793293400115 0.0417449198254882 0.221454737907238 0.0125069481197544
-0.21105021331632 0.10783650520796 0.22968355600193 -0.0714422174613554
-0.11625530519333 0.187258583250527 0.186801047285172 -0.164705789035078
-0.0283104313532154 0.192087438964144 0.0949065696635883 -0.179186374524937
0.0413984225284988 0.181399206069305 0.0264348275377839 -0.146964991326013
0.0907317207348207 0.151499772566379 -0.0180546886657278 -0.0943169458241788
0.110054781948803 0.161121715713611 -0.0349036883428364 -0.0463970208634811
0.0646077589355626 0.178278040554635 -0.0438786438629116 0.00647731798660531
0.0259597659858842 0.212378042954949 -0.0880139222867452 0.0485645395670688
-0.077647355871379 0.220059360994836 -0.155943905255449 0.0356672478796871
-0.168993634417097 0.191220989061965 -0.177287539707249 -0.0420719535634252
-0.236163765204099 0.0772404157579237 -0.136599844093357 -0.0447838853915314
-0.291695793643728 0.00473327751021813 -0.0519964052395869 0.000898739683339648
-0.30777836320202 -0.0922369427417498 0.0102469982009933 -0.0540388695620032
-0.314019350805665 -0.0530673548968839 0.130001394270881 0.0652315844066917
-0.325089274963229 0.0756572925043067 0.265227554916797 0.032216323288485
-0.24491533191468 0.165303119093134 0.244639825217202 -0.0533308621205488
-0.116733785931773 0.235034170844951 0.176612944674516 -0.125029839849163
-0.0227056016690249 0.222130161964598 0.092969526006218 -0.111588221362684
0.0429531852006985 0.208296873048692 0.0471719224178281 -0.0770669299716843
0.0891964930218739 0.175119461490139 0.01412915826393 -0.0331696806872739
0.0985618151980568 0.183884402948053 -0.00180731191662722 0.0126766229852398
0.0389002618141768 0.195923014536825 -0.0171939493421131 0.0665407146826221
-0.00288648466728838 0.221746588310744 -0.0774978791231096 0.0979735171681785
-0.111061912461148 0.219345197673421 -0.149066039803162 0.0606876851551528
-0.210007237695679 0.184115809250404 -0.159312952241362 -0.0399152291590568
-0.271715673534822 0.0475429609955039 -0.0836098298425916 -0.0641368519225301
-0.312524052940681 -0.0410160020035272 0.042203473397085 0.000329857733602325
-0.292317450766511 -0.100072436953481 0.115022490454598 -0.0226271985460008
-0.322927876019863 -0.0477449714766085 0.208737993159407 0.0757392358618896
-0.329572259191031 0.0940987612122425 0.283016962051641 0.0409318116617553
-0.23279034667745 0.186144298688374 0.238033003879562 -0.0292643394977665
-0.0968644133648234 0.238096761957914 0.158919476755524 -0.0693376319374905
-0.0136354100575302 0.213870952636905 0.0938706689157098 -0.0348805381811113
0.0388962985749301 0.200695360466286 0.0688358746650271 -0.00235205243418163
0.0756530913307665 0.172046932435797 0.0427305022998425 0.0315885848140805
0.0716019564318628 0.180441027928535 0.0225096371487944 0.077075872974963
0.00441239437418941 0.186839501517034 -0.00638154654200285 0.127750554009892
-0.0390706667450562 0.199347578716652 -0.0818959026014532 0.142939007003937
-0.138597264681826 0.1814713601132 -0.1454810152655 0.078680204974935
-0.228567102526071 0.14171843140998 -0.135844471409331 -0.0351167091575735
-0.271291070432837 0.000866118210530134 -0.0294210366060413 -0.0681476320777236
-0.287229387645211 -0.0869478478278899 0.130862368795896 0.0163888984233767
-0.222678152674093 -0.0936865932455221 0.195203770439675 -0.0065088969956517
-0.266626595250303 -0.0372883320787889 0.263167503253333 0.0646121964342253
-0.267828881616633 0.0863844704864388 0.272088123663244 0.0397998282000463
-0.176062863237361 0.15869675728154 0.214240793472607 -0.00419552677884655
-0.0684121277259647 0.188762946818829 0.139169329242221 -0.0119839478929319
-0.0103509347311992 0.16683993820471 0.0983396412973891 0.0348810091659755
0.0247145114558975 0.160130759866935 0.0881207215270823 0.0635007285939079
0.0503885172473768 0.140753974331732 0.0628136393503854 0.0901604896942325
0.0391266116145375 0.149278028734108 0.0329135430695404 0.137669592148132
-0.021909048179536 0.150080289099209 -0.01528084552134 0.180081374201579
-0.0593568950825474 0.150272946459225 -0.102920556602764 0.174406506714907
-0.138465646788356 0.123994031300075 -0.147794273714244 0.0876956988392559
-0.211342681872167 0.0867249142687981 -0.11248424211339 -0.0234006693476105
-0.23523120765586 -0.0418064614283544 0.0170174175829128 -0.0492667070672771
-0.221483738019301 -0.117406371707762 0.202663832981835 0.0506567074973439
-0.112632740457628 -0.0800174373781546 0.237011722779775 -0.00322338652633783
-0.161955130217484 -0.0343814512839075 0.281533309271143 0.0405989463016092
-0.159997565773796 0.0512498630639358 0.241847691570687 0.0367140063508565
-0.0984664322217336 0.088599267349216 0.187117531125928 0.0153498118572046
-0.043952267740151 0.102013903167612 0.125005579970343 0.0314721842432913
-0.0162451505038608 0.0937320274856772 0.102084683477245 0.080076324341593
-0.000262728330049221 0.0950784347586362 0.099214545189064 0.109198604812195
0.018414262344473 0.0884382482606468 0.0727322454236062 0.133821586847895
0.0111182628846671 0.0940827692318193 0.0293111265447919 0.185017688740096
-0.028000753755905 0.0937130068505148 -0.0359353277574019 0.214302834892755
-0.0494188855036635 0.0911425055098042 -0.129421868894311 0.189215654235379
-0.101636053847551 0.0712565300098642 -0.151077471554578 0.0908085075420467
-0.156732611512533 0.0421875724125189 -0.0954048026746287 -0.00326104732657647
-0.167819088244783 -0.0615505673464291 0.0455828159261078 -0.0152261174970291
-0.12861852387364 -0.121629431272372 0.246517782678503 0.0943875895349044
0.0376230656791466 0.0639288698032529 -0.287966090297469 -0.121320801106776
0.085677963712882 0.0177349540437988 -0.104425155174696 -0.0220608834908567
0.0784464206090022 -0.0201352514243119 0.0862148878304217 -0.0239833730651737
0.0233003816336284 -0.041793817884799 0.152809200403829 -0.0880323370154976
0.00328456991546499 -0.0183558831548233 0.15566868657264 -0.200492600694094
0.0188961293690599 -0.008829665171488 0.0621218137860806 -0.26530654214237
0.0262624828910576 -0.0248306956585415 -0.0367546480988143 -0.231406520550158
0.0225548940339796 -0.0316002294917337 -0.0941060416601267 -0.168391730078782
0.0368314543229479 -0.0256947815957336 -0.115228431909883 -0.125410597665837
0.0457038393977608 -0.00301565681380053 -0.125188791797691 -0.0945879544368891
0.037429809916007 0.0108723932288952 -0.133227967741053 -0.0472453055923643
0.0321275233332035 0.00936065653122582 -0.17391847295042 -0.0236340819188886
0.0528984798232658 0.0209452610091777 -0.209073311929147 -0.0262458927757917
0.0352299917547035 0.05658107135804 -0.247473304024496 0.0157890890588967
-0.00163367025467501 0.0861063120060115 -0.234372594674039 0.0449226358452751
-0.0825352742650396 0.0274181475145474 -0.257081053977481 -0.128141243170169
-0.0239355380930735 -0.00194391336434277 -0.0763834866173932 -0.0236249967197928
-0.0292756165366875 -0.0047182132930441 0.117745602734073 -0.029021962018162
-0.0596044966771002 -0.00134318204347189 0.171290069558503 -0.0911156505531071
-0.0454141801076667 0.050424213956091 0.171697930668503 -0.201636232647825
4.58919383805219E-05 0.0666694297949461 0.0770233979011095 -0.260102945018922
0.0384422204863603 0.0535955269819137 -0.0212097621660439 -0.231202151888881
0.0581245808263926 0.0371714006378365 -0.0814607008542821 -0.165529545981608
0.0794178401247891 0.0466078152612449 -0.104489164947564 -0.11694050545462
0.0676223031723518 0.072715157486245 -0.111503731330685 -0.0767856099705333
0.0441811301548623 0.101463163066853 -0.124559913351741 -0.0284682630426728
-0.0100091219541551 0.108167813741421 -0.17092131078776 -0.00861425890809484
-0.0361010447863244 0.100421712707437 -0.203900039512059 -0.0303530957837269
-0.0764318621741581 0.0777591465083613 -0.224275817210611 0.00926763794114218
-0.126313466964956 0.0743656044984901 -0.206338223772407 0.0339056013702261
-0.194264245206793 -0.014775228134599 -0.191546148126013 -0.113094394886869
-0.142909750078855 -0.0232148565007085 -0.023143654367479 -0.000296580379282695
-0.147108741915858 0.0204283745859987 0.167688866182507 -0.0181124103610262
-0.142684348140212 0.0546052449686478 0.199410499120386 -0.0908342947432048
-0.0860044894176468 0.12546373750913 0.180088514616509 -0.197013027424074
-0.0136464957983846 0.139689521863013 0.0836651505609003 -0.23482469516046
0.0471691499190808 0.126327612936141 -0.00316006959846196 -0.202509061025618
0.0860807594500409 0.0998460218863833 -0.0559034416378051 -0.138702419558188
0.11127639377999 0.109451929218562 -0.0771143860843014 -0.0881830239691119
0.0814175717584193 0.134740052204287 -0.0827636259251981 -0.0394429937087597
0.0501602063405574 0.171275831317649 -0.107769934047013 0.00924447437710167
-0.0378792184736395 0.186576145786068 -0.165464537000891 0.018289335738542
-0.1048527349214 0.168592787313628 -0.196925652042115 -0.0304866287493729
-0.169095111762484 0.0948438259781267 -0.1876547090542 -0.00932314524445454
-0.229446589866819 0.0547759121195169 -0.142673197406946 0.019634267308827
-0.279151832408254 -0.049905750529855 -0.0994238366943356 -0.0830172213622243
-0.252573275747635 -0.0334128847090128 0.050938607029488 0.0351753962661876
-0.256360767000465 0.0603199836796587 0.225014590223918 0.00212233999208253
-0.209153693634086 0.124775843822719 0.228847035018869 -0.08306479666186
-0.105722322316603 0.198922765024811 0.178876936305322 -0.178158477644919
-0.015919906607219 0.198502132765602 0.0853532622945784 -0.186691784567216
0.0546743632637147 0.181460955260595 0.0171468472088106 -0.149456210872684
0.102475627491353 0.147006515869236 -0.0227456623829564 -0.092084299280599
0.123638826272821 0.154601247617404 -0.0386943174196161 -0.0420982668454906
0.0778915279207107 0.178072965726856 -0.0458131482959414 0.0110929319487183
0.0411925192425335 0.213772907351105 -0.0870146191002832 0.0562730475985075
-0.0644572631865448 0.230476053791248 -0.156521350458112 0.047806530740185
-0.158398679735097 0.205514844283991 -0.185666905853122 -0.0291691875470026
-0.235935112575569 0.0933763410989488 -0.142802903373185 -0.0354423473130657
-0.296832229955106 0.0228161754278432 -0.0568228313644846 0.00475489151457683
-0.319918561167153 -0.0727576129660216 0.0109188106002604 -0.0508771983532639
-0.322335275252033 -0.033551391328239 0.137606932005824 0.0619436681148627
-0.323932094982791 0.0997599042393765 0.270087541329338 0.0193200037328272
-0.239958196655131 0.184547019274429 0.244881706713218 -0.065346715010418
-0.102035167336514 0.246532517290049 0.171042911084605 -0.137433821558322
-0.00840793555338893 0.22886021662881 0.0889680525119228 -0.117906438808797
0.0587933564197921 0.208600007600983 0.0426473234545674 -0.0799644695893867
0.103242119843059 0.170485118155808 0.0134915624476963 -0.0326619057490248
0.112817456588288 0.179356362232632 -0.000900807331566521 0.0148734363574969
0.0525257946183991 0.197988620966506 -0.0138751649055573 0.0700447204246048
0.012106273768157 0.224944670130357 -0.0724504356311987 0.106068555841239
-0.0993971556705701 0.231567537227428 -0.147012261050473 0.0733257348026594
-0.200629805915103 0.200668792771352 -0.16662964881388 -0.0278088989956312
-0.274006406826464 0.0662885763777314 -0.0910729802429989 -0.058288688215664
-0.320009814941153 -0.021532390569464 0.0389289492632785 -0.00178612429957853
-0.30434922422176 -0.0801449484966664 0.11862681166743 -0.0268501073622673
-0.329663457742933 -0.0264340860608784 0.217653480378195 0.0664154802490463
-0.326859131481117 0.117895576105516 0.289192693199045 0.0263130842902655
-0.224492517488645 0.20353046228082 0.239192849950921 -0.0407153600953641
-0.0819988409228632 0.246922812644139 0.156195508718883 -0.0792822415953873
-7.80242134081927E-05 0.218941761338613 0.0954205833996503 -0.0400914305324343
0.0540280890689436 0.200893164592674 0.0692339590696315 -0.00617253376208602
0.0890247665841092 0.167871804217191 0.0455250865047836 0.0309292346457993
0.0852788969105409 0.177032309375635 0.0273311056488198 0.0786591288178012
0.0168549582463175 0.190785047579884 0.00164480626684697 0.13085316077411
-0.0262419420047607 0.20409156953804 -0.074299718033777 0.152236078894132
-0.129882739534385 0.194446636849657 -0.1431003844957 0.0912426773394254
-0.221783064283793 0.159305673580547 -0.143278623541402 -0.0251314832806843
-0.275324580716487 0.019436583214332 -0.0365469161422441 -0.0659841915857391
-0.29777360766111 -0.0684248406761217 0.130180341452318 0.0086067435015591
-0.233341060670147 -0.0770349465496759 0.201183311098692 -0.0159815272707931
-0.271486231800074 -0.0196612813063351 0.272441013192566 0.0507625668739219
-0.261995571699066 0.105698487653354 0.278760835723712 0.025282071435211
-0.167503546401871 0.171936435463121 0.217292358272367 -0.0147991758536816
-0.0557870699534227 0.195328610080161 0.140833821573704 -0.0191706514550909
0.00139061733677971 0.169502954354892 0.104156921145147 0.0294642699113081
0.0364567768282135 0.15961461730187 0.0931960745331042 0.0584240320598428
0.0606190588554508 0.138334032473897 0.0695862372933396 0.0878683847596146
0.0497838736311907 0.147405070427192 0.0417923635665455 0.138521792165429
-0.0129116325599491 0.154650547103342 -0.00407285098532789 0.184260200117359
-0.0503723671096945 0.156328392629728 -0.0927453706141687 0.185839449747045
-0.134044919033822 0.135452154355229 -0.144492859526532 0.0994695085573986
-0.207609685365716 0.100792036560288 -0.118581164252506 -0.0153702920000804
-0.240087908911116 -0.026894877009956 0.0115444415912597 -0.0501046122719507
-0.23344252841592 -0.103874810853911 0.205091744864097 0.0388770425362979
-0.119911907801948 -0.0710950390079365 0.243102691378991 -0.0159477036810578
-0.165177694630003 -0.0230272930393238 0.289283185529384 0.0245581359189486
-0.155945787088969 0.0626992049428183 0.248080389061343 0.0235490759066184
-0.0940451476408088 0.095663926979767 0.191048852079173 0.00555865654058332
-0.0371591410541292 0.104500004829027 0.129203652309285 0.0250386413814811
-0.0106464932294951 0.0944536689694291 0.111261565936203 0.0753004715454607
0.00641324999606482 0.0957866565632862 0.108405489971122 0.102842558743217
0.0248427202881162 0.0870006023871751 0.0818367223548343 0.130971630500707
0.0169738901169654 0.0930610755464728 0.0412547611951301 0.185683263815998
-0.0220487404862488 0.0964941092817568 -0.0226722158623415 0.219881710764985
-0.0442232131265197 0.0949524275633031 -0.1188222574865 0.201069591064816
-0.0998530191052124 0.0789340825694077 -0.148042433135843 0.102627009044099
-0.154257867059647 0.0519706291097125 -0.100313389297257 0.00303835062213714
-0.171808650843464 -0.050762650859264 0.0422807801688773 -0.0182258765943134
-0.138405689224388 -0.113053091494188 0.253363487826989 0.079615317480535
0.0558307932876984 0.0485252750549442 -0.315950234574 -0.0139645262126425
0.084543071687297 -0.0132430822926297 -0.107547887080332 0.0208109104529851
0.0646217038277725 -0.0474371744429087 0.0752244254802949 -0.0472586928282021
0.00664943290036726 -0.0461743422900438 0.119409511025868 -0.136410203847643
-0.00188299204701305 -0.0182892000559761 0.0792786275872945 -0.245356656493437
0.0163045875980803 -0.0177555364066533 -0.0373336493089801 -0.272261883067722
0.0163573095371558 -0.0348666130383799 -0.119148648228878 -0.203908360695102
0.0100800068119181 -0.0366061483109354 -0.147457062093763 -0.123612823196849
0.0256958000844104 -0.0373322482321598 -0.153037063206894 -0.0765602490888255
0.0421008325042994 -0.0185050927830594 -0.153604735473174 -0.0446918470724067
0.0397254544239522 -0.00254409366780318 -0.143354082540394 0.00219521090722699
0.033606790595189 -0.000391184008440407 -0.172675686730715 0.0370557881880945
0.0559591284473545 0.00254246018333093 -0.209541050998013 0.046259604617283
0.0531061380873453 0.040382431566018 -0.2293134731469 0.0959275102253338
0.0275694551417256 0.080429400904859 -0.208289075388504 0.115875572631123
-0.0745062697839107 0.0586386378196975 -0.284191126315528 -0.0343328190810863
-0.0273696168735439 0.0085254595299366 -0.0771784998462451 0.00574657453194281
-0.031399251321011 0.00761159288744503 0.104819255305395 -0.0689374621188336
-0.056293222037087 0.0238120321473842 0.135358419085567 -0.149807361466923
-0.0226379340246587 0.0647160486771554 0.0922299865269439 -0.254617016306515
0.025231324268588 0.0606054951389911 -0.0230119958032998 -0.274379418872906
0.0567044627082558 0.0363649597893748 -0.105796610804836 -0.210996024528079
0.0670218130244023 0.0142645824631872 -0.135642087877402 -0.124557547248306
0.0911029653374804 0.0155243686555519 -0.141081265676575 -0.0713512438912016
0.0898152494440926 0.0459092199469912 -0.135568166339499 -0.0332164040832994
0.0782721041712936 0.0799396226641537 -0.130563325176233 0.0157571988499351
0.0285524086091568 0.1076361516408 -0.165118418224124 0.0483468069223819
-1.86458888113347E-05 0.107962936565866 -0.203424188003399 0.0407110360264371
-0.0452682484139678 0.100588778191651 -0.207871483147217 0.084693013578447
-0.0960258123220444 0.111906701232067 -0.182126662308082 0.101227817173968
-0.197456455560112 0.0602706490844495 -0.212074164121293 -0.0446547504532102
-0.148525421777389 0.0332321885217872 -0.0140342370612588 0.00537731074665124
-0.132809524254598 0.0748789728242878 0.157025427263931 -0.0825057100556753
-0.113297021469876 0.108234073955925 0.160709965650393 -0.163696257782693
-0.0340693329636112 0.149180197417036 0.0988083766738321 -0.255687312102568
0.0383891867261165 0.135035228021847 -0.00890318021394516 -0.253921963331227
0.0918412646503712 0.103176584041468 -0.0789169607602444 -0.192341647147861
0.114980606961082 0.0628134462344707 -0.103579461062403 -0.107907943199212
0.142978338426204 0.0633642300576178 -0.104803378950828 -0.0528760683476285
0.124930504576635 0.0998602378343282 -0.0963009313323902 -0.0083941248697218
0.1083985934074 0.14306786612027 -0.102964727203192 0.044745954007419
0.0300897644436197 0.191187500414645 -0.150791643217332 0.0706521115936807
-0.0409828992638575 0.196048203554646 -0.195241185643053 0.0389684328786111
-0.127722631633234 0.150260997138788 -0.179064542366346 0.0570377504573465
-0.201894296380063 0.129345418606553 -0.125197979377784 0.0707902778162439
-0.291560763364598 0.0588760815507094 -0.109909603954279 -0.0504401214707252
-0.255517959698558 0.0637223537663814 0.0727216367214782 0.00817322733110023
-0.22051892306472 0.15183683394794 0.217198089280709 -0.0899096213704353
-0.148749390386955 0.199221957893351 0.188681753064232 -0.171072995978627
-0.0266315638434038 0.223884437541341 0.101543215899727 -0.238106725824463
0.0573691507084116 0.191357212311845 0.00847744935055212 -0.209681026812442
0.120101292853316 0.153814916751721 -0.041314273728497 -0.151206337389747
0.146932626447712 0.100633415244958 -0.0572427054065987 -0.0757639471317121
0.17056146146001 0.100807917714034 -0.0531688180334202 -0.0233139577976815
0.136755057205552 0.141944785603933 -0.0438533666433055 0.0256682261153883
0.114886025914364 0.18602068921354 -0.0675207600041535 0.0811659956523894
0.0204614255096961 0.242422746121615 -0.130920769364225 0.0941662280828154
-0.0776542254187414 0.249454205200183 -0.182431735601108 0.0362726918829972
-0.191425184217012 0.173595285335546 -0.144622770413559 0.0187319742838037
-0.277937160630211 0.122727594707346 -0.0487039550965766 0.0310452776641906
-0.338002464603869 0.0529148660784795 0.007947373889543 -0.0595563329954804
-0.321093327602365 0.0906115680659231 0.166285105307245 0.000446063721727402
-0.268421413893011 0.214183911140266 0.265614420747743 -0.0934387549051508
-0.154402257078845 0.2661284264636 0.206800817766633 -0.161852603900846
-0.00601552894125153 0.267856625891753 0.105330694403023 -0.196990932391543
0.0746647541472127 0.217043828718859 0.035197237329304 -0.145846235202186
0.133581027807271 0.178677613255719 0.00719122646077875 -0.0957091242176024
0.15627531391257 0.122386164786421 -0.00223223051641957 -0.033439936587484
0.169421036985432 0.127051624607555 0.00231215621809306 0.0171764172061353
0.120294966462465 0.169677127729206 0.00684350820879481 0.0694601224136119
0.0910286336533066 0.207332197867747 -0.0350094646838799 0.122499345679555
-0.0130824602174222 0.255645653078609 -0.11243234672727 0.115539104616589
-0.119238858766817 0.259673605523078 -0.163490210383035 0.031904546470383
-0.236875340122619 0.160944383919778 -0.103015760367293 -0.0194108297244899
-0.315799462401135 0.0894958001256825 0.0387322980401341 -0.00377793178720648
-0.324429936162506 0.0388179376872519 0.118478193125465 -0.0731440079418365
-0.32341420588647 0.0999329958809555 0.244540644653789 -0.0243230669880561
-0.262560852945495 0.232096381628476 0.284559915988161 -0.0947509287711794
-0.131675895578765 0.277839422821172 0.209100836844074 -0.136111337591082
0.0133066277051936 0.260550338458558 0.112215052157412 -0.135378973054658
0.078672755119941 0.205162177828745 0.0700613591698308 -0.0746069761005588
0.125757678959309 0.172732659872793 0.059466304768415 -0.0361889870944635
0.141511808351902 0.12498742504111 0.0509435522714079 0.0140482924088402
0.142468406992701 0.13476294384751 0.0512041238889415 0.0664585735792351
0.0843410059114423 0.174601738268701 0.0435996175286751 0.120764947132667
0.0469986153600372 0.20073054174544 -0.0182626687212158 0.165723320643151
-0.0544917895149737 0.230808744776185 -0.102288091954234 0.13069027022126
-0.153176058531653 0.226558786153776 -0.140681088515794 0.0272112886951566
-0.253929685094243 0.11700944068961 -0.0554163696855884 -0.0437593991407596
-0.310691924404052 0.0361503110339782 0.126806210203982 -0.0238183703549289
-0.253813551582847 0.0139946078634403 0.199333998285893 -0.0898167461012954
-0.263798391084752 0.0826269370220973 0.287628691938936 -0.0568788110175435
-0.20666206263146 0.196237780135739 0.273879391648702 -0.0876385101594689
-0.0912779530920946 0.225451301501839 0.197518364796492 -0.100078062440301
0.0191135700086902 0.201850699784064 0.120087554650425 -0.0711944794211258
0.0622432663089755 0.158819496844414 0.104860466629946 -0.0109798320764727
0.0943118584306024 0.139916188425936 0.106582553878702 0.0163426023434252
0.104978138729405 0.107314279043568 0.094240622865897 0.0590098085857656
0.0983733147651292 0.119825463586013 0.0852759273136612 0.117432696441692
0.0431452049762123 0.151010601678652 0.0581447609493023 0.172837662471781
0.00662118738145673 0.164768762798744 -0.0224035046973744 0.203290849870625
-0.0796248708670564 0.175985069812464 -0.100767662723219 0.140400901014531
-0.159944450367886 0.16638100819246 -0.114729985711993 0.0286031917889645
-0.236034896345649 0.0601693239506493 -0.00579395676552738 -0.045741557642775
-0.259671881780291 -0.0182772335588115 0.205646950274543 -0.0209505538691367
-0.140118203694976 -0.0230322513307983 0.23587624211984 -0.102055681404452
-0.162005586135893 0.0387434597349098 0.292295161126895 -0.0840855888317706
-0.121676857584205 0.115267649597668 0.24593334048104 -0.0738224281700195
-0.0500285061219036 0.124642017448297 0.182053369179706 -0.0662863345785734
0.00436662362623896 0.110263181403456 0.129297229462891 -0.0228551681640571
0.0244828525907172 0.0930595932757148 0.131131482294853 0.0298053194976098
0.0412294554124354 0.0898564811067458 0.138410755969982 0.053904506488583
0.0531971245056266 0.0723314020088131 0.121497498479592 0.0934079835581665
0.0479826426368824 0.0807637067597325 0.102211030056156 0.160904142332568
0.0134677266058404 0.0989621219248753 0.0534952905016029 0.213777004528394
-0.00928702210585021 0.104546177979237 -0.0408712557298929 0.229451245462456
-0.0678541690226618 0.10885265609364 -0.104749073606943 0.145676850301381
-0.12608486231165 0.101120581437347 -0.0926664770476857 0.0389944198351417
-0.179283611684379 0.0126751992742138 0.0326749269078819 -0.0275337319559328
-0.171997348270885 -0.0594443061650053 0.261907213747132 -0.000263017213819356
0.0567600006173998 0.0465326793791807 -0.319040616577467 -0.0026835129536001
0.0832073754015496 -0.0164807437761371 -0.106255722111173 0.0267242237171508
0.06269188309258 -0.048965712507864 0.0778524150143615 -0.05037814559599
0.00549012709681022 -0.0452547932699604 0.118917195560118 -0.144050682815893
-0.00111308444286399 -0.0158659615198237 0.0721007017015293 -0.254215243761398
0.0162794205039898 -0.0179158220435546 -0.048632748954212 -0.276299536078462
0.0161171569519959 -0.0355916415386927 -0.12826457245566 -0.204293756656131
0.00908958098064586 -0.0367993404979074 -0.153257669190904 -0.121900561259303
0.0252233518869327 -0.038269603148616 -0.16009763417431 -0.0717421044573945
0.0429732066571253 -0.0208904496656812 -0.159917258250008 -0.0392452427546187
0.0411323312304095 -0.00339624698263922 -0.147947838889717 0.0066002153046312
0.0346903459744578 0.000166795079086009 -0.176206335438562 0.0437712338964052
0.0568977405660838 0.00128037882474897 -0.213370988398783 0.0539492884432663
0.0536012585718252 0.0398520970324271 -0.231536430034345 0.104250206398018
0.0299196403098999 0.0797316108079224 -0.212267360101991 0.125068033082558
-0.0755927725005038 0.0621956993254722 -0.286240202908578 -0.0246986829273446
-0.0312033755459276 0.010305655627476 -0.075086886816964 0.0102906175373773
-0.0334501805363661 0.0102514212235147 0.106143968098484 -0.0720094593849275
-0.0570627052933458 0.0291620039904543 0.135210736799697 -0.156655225275801
-0.0195689370745651 0.0694000370786635 0.0854730256396803 -0.263608605269951
0.0294903141912045 0.0622830803813186 -0.0336498283808823 -0.278835466159134
0.06009172617585 0.0355642870591592 -0.114532735752319 -0.210603094305609
0.0694881182764455 0.0129405660104993 -0.140754960652284 -0.122656546939117
0.0937811541797667 0.0124978243016627 -0.146585762146996 -0.0661981618364755
0.0942456786500908 0.0438927630018131 -0.140791890620069 -0.0278127430475638
0.0831256781501787 0.0790789789941001 -0.134294858076925 0.0209253261450897
0.0335644972587161 0.11043320989925 -0.167687254940718 0.0562317418626095
0.00385549679353365 0.110973209386966 -0.208285248246732 0.049445849269929
-0.0448638809177348 0.104916905721114 -0.209625563429569 0.0924771020100134
-0.0956134836503987 0.116747074886093 -0.186051242473884 0.109722239249173
-0.201152598003208 0.0687057802824936 -0.212632248859794 -0.037451485559849
-0.153869150787412 0.039384517077791 -0.0108834596415995 0.00828579649070166
-0.13422275477307 0.0827501292128308 0.159047551070157 -0.0865284916675387
-0.112562280675034 0.117141420207689 0.161322837451948 -0.170028887268849
-0.0279377804937391 0.156410386708838 0.0921081874162079 -0.264873886631347
0.0455356287767937 0.138178946820306 -0.0177612172757031 -0.258031174501145
0.0990306439180298 0.102668269232845 -0.0862308674078381 -0.192316933126914
0.119898388361329 0.0595941768725184 -0.107180840972312 -0.106115228931038
0.148557272697598 0.0585140331643311 -0.108267728562508 -0.0482060099951339
0.132066737805238 0.0989905859052801 -0.099166984655497 -0.00331934339855904
0.116292339484917 0.142532471556179 -0.104335957799862 0.0507028459553675
0.0384033485040514 0.196207841380952 -0.151658122849663 0.0783318090687669
-0.0349959807148176 0.202209790302284 -0.199553015629028 0.0485877910774852
-0.126919989533509 0.158470910594838 -0.181154248325525 0.0645665656400657
-0.202951750857084 0.139383477311165 -0.129322571052778 0.0775870731208623
-0.296879790454014 0.0716865114746746 -0.108127976597852 -0.0459849410498259
-0.26156315983437 0.0747378592120205 0.07786208998266 0.00863417938016586
-0.220066156429 0.164216758515692 0.220592769166827 -0.0960859156690728
-0.145823962127318 0.211271958247383 0.189708111626049 -0.178108438210159
-0.0181137140943937 0.231897199527251 0.0954862503837844 -0.245468206882537
0.0668388331837458 0.195451902028564 0.00270724351672241 -0.213945611385915
0.129450526208009 0.152742391258738 -0.0465820948374366 -0.151133754223913
0.154012206784239 0.0967788406953826 -0.0585568856159081 -0.0746575100693864
0.178202693397206 0.0954588789041242 -0.0548908850113612 -0.0195373148255568
0.145707662055939 0.141432946502902 -0.044208238524282 0.0296628905150793
0.124728511419036 0.1853669927974 -0.0662598198346944 0.0866467564473107
0.0294871348310595 0.248430720976693 -0.129988523447218 0.102479317335986
-0.0710157607751092 0.258164216822617 -0.186572646536338 0.0464835551964678
-0.190906696832459 0.18482486585492 -0.147465617663024 0.0254906093274957
-0.281427226577363 0.135467002392381 -0.0518724195092947 0.035493875243754
-0.343790601776485 0.0675113428822525 0.0118258957148791 -0.0585604979391576
-0.325174680261593 0.104613229693009 0.172300291387757 -0.00298665295738759
-0.265529072945135 0.227483558362261 0.268837665196633 -0.101867697536953
-0.149881970566719 0.278366756873755 0.208778774004497 -0.168315398767382
0.00431004161014279 0.273796693698592 0.101002170020497 -0.203132231369282
0.0847823251583382 0.220248233016136 0.0331944023432 -0.148974442775635
0.144392783761637 0.176628304103907 0.00447797771695554 -0.0961076450081912
0.164113375271506 0.118105688290995 -0.0016541692787485 -0.032423784843694
0.177592755888512 0.121913983316887 0.00404686503747152 0.0197807379024697
0.130107297819208 0.170426686900261 0.00972838406478535 0.0722115823094786
0.10074885314962 0.207820923005036 -0.0308286279892133 0.12775489159445
-0.00406337131941748 0.263117377519124 -0.110902470939315 0.123116674501722
-0.111828560204805 0.269612156984485 -0.167299614277759 0.0415666249413743
-0.236358163887381 0.17359171410448 -0.106503878838491 -0.0143537383509566
-0.320509863093892 0.103428112282675 0.0366024518294705 -0.00362108382298522
-0.329419183894219 0.0537859794478531 0.123695857270632 -0.0771207774322688
-0.326036679741356 0.11384621024562 0.250437122604291 -0.0312050291634183
-0.258371666832039 0.245642420195932 0.288717353076246 -0.103526259167436
-0.125802761670773 0.289407334323056 0.210703124668213 -0.142708243043202
0.0230502426050025 0.264327215387248 0.11003099961326 -0.139745349301591
0.0885499207929759 0.207228422770189 0.0710944876057599 -0.0779110237381294
0.135944742913289 0.171179095762317 0.0597095836028122 -0.0373238535106693
0.149002647813273 0.121737162589531 0.0532490278601462 0.0140068809284512
0.150353090905724 0.131379552509611 0.0551584374139129 0.0675501188493678
0.0930916192628531 0.176774826482866 0.0491508597647997 0.122906271947559
0.0556185249407936 0.203411300514741 -0.0119727814126571 0.170762655866933
-0.0475511568499024 0.239281674930308 -0.0996535188399333 0.139023030804612
-0.147496947588373 0.237399284907989 -0.143660994747989 0.0358254428191947
-0.255793345705258 0.128648654758204 -0.0588211521459083 -0.0408170658280532
-0.316443394522154 0.0498035604581731 0.126754186180028 -0.0268649730644737
-0.257300838404435 0.0261542766604209 0.20448783443465 -0.0971293246972117
-0.26492023492311 0.0944624161895359 0.294048854473586 -0.0666388809597654
-0.201635568388371 0.206385345768879 0.278325082122418 -0.0967593393729896
-0.084686220990077 0.232447871536782 0.199959225255808 -0.106588357075889
0.0271107764721692 0.203426946966601 0.121070882893251 -0.0750540457365001
0.0690877011228322 0.159820822742025 0.108973774267231 -0.0149999761429731
0.101789442870825 0.139439798505486 0.10934299545594 0.0134629961704875
0.110423109611233 0.104878094540625 0.0984079335065549 0.0576502712617457
0.104473694256331 0.117359103754405 0.0915907580557957 0.1175067962879
0.0502650411420159 0.153152644650791 0.0657701664696603 0.175046208333856
0.0127714179235627 0.167645104338158 -0.0152386633951282 0.209707160820239
-0.0763481985358826 0.183591233941232 -0.0984272284976306 0.148131758528733
-0.155670053979897 0.174459850535546 -0.118175731682207 0.0355129257720443
-0.238195777793142 0.0699147287007232 -0.00834119544204717 -0.0444010544073995
-0.266052016312842 -0.00801632887872756 0.206598665416304 -0.0271944715028277
-0.143379154548273 -0.0166603958250434 0.241474044156688 -0.111687825162985
-0.162556727025087 0.0453808502157724 0.297441652587647 -0.0944100998202404
-0.117784746121633 0.120781770094361 0.249311052528404 -0.0821431022867385
-0.047057876167621 0.1283383056183 0.185500107010376 -0.0723448250178762
0.00877345165060562 0.1112537732752 0.131638099418102 -0.0269802482014494
0.0282449840544193 0.0929330483145596 0.137004878601203 0.0260532120776292
0.0454470836766102 0.0889983533157156 0.143161610360746 0.0499286491320726
0.056358921865311 0.071536459347488 0.126802687177831 0.0915462100812588
0.0511975497918997 0.0799380448387112 0.109531010654342 0.161554924169265
0.0171775371473472 0.100652435195227 0.0620145531191813 0.216014417704801
-0.0064129146741542 0.1069900189954 -0.0327385732936746 0.235904217082094
-0.0662880875477003 0.113962109264157 -0.103025834859044 0.153333434476768
-0.124452418103219 0.105546227149197 -0.0959794017116456 0.0452030110076898
-0.180885626878577 0.01936062353077 0.0304936725724594 -0.0276823814355925
-0.176872066347375 -0.0532044779387856 0.265158217882739 -0.00846527261337649
0.0588098432627069 0.0449537447534336 -0.328380807423652 0.00855185365650383
0.0826684625845629 -0.0183592588451802 -0.105188225283709 0.0331833591398012
0.061976914459331 -0.0518546007403589 0.0802186909085328 -0.0545481293961234
0.00469597425497903 -0.0445343117781037 0.120164251485011 -0.154374327192734
-0.000199464866251525 -0.0142222847713652 0.0658310744730335 -0.267887819072443
0.0167707517877739 -0.0189818468168173 -0.0616439512825784 -0.285633006670238
0.0151467909358619 -0.0375300508100044 -0.139530699203724 -0.208527663883678
0.00833491534390451 -0.03765693468393 -0.161995545994395 -0.121921823474813
0.0244030156680739 -0.0401698240811987 -0.169914724452747 -0.0670772894779043
0.043989050393194 -0.0233298928613789 -0.169486513247491 -0.0333518804025832
0.0432549988160592 -0.00468093731343717 -0.155090803754659 0.0116324420880791
0.0363379254402415 0.000371177991782405 -0.181775877298956 0.0530976277761851
0.0583402838962448 -0.000303193874728765 -0.220766171275699 0.063892950995835
0.0553578673941294 0.040423957911722 -0.237010739815608 0.115170657658593
0.0335606176696514 0.0802097818924563 -0.22081130371491 0.138787627900927
-0.0783422062000497 0.067370817744689 -0.293852550642902 -0.0141771915332236
-0.0356257984118917 0.0134967130035393 -0.0736313667220029 0.0153213255476001
-0.0356146204038428 0.0140988996144938 0.109670172146641 -0.077494777887707
-0.0578089326699868 0.035436607433197 0.137369936907103 -0.166938956891414
-0.0164228663830305 0.0756749066531608 0.0788023778801683 -0.27729305223972
0.0338867238189227 0.0650774403921631 -0.0443748155367602 -0.288571080027013
0.0645067459638109 0.034990718978962 -0.125453107336573 -0.214607011010251
0.0732259229028205 0.0109494969600398 -0.148536266752244 -0.122521646484442
0.0980825445310514 0.00896759014844053 -0.154638136514854 -0.0612673848705422
0.100016696890321 0.0431007880484037 -0.148291709773259 -0.0210129500850067
0.0899471087290541 0.0791421927744603 -0.139809515531318 0.0274523243713374
0.0395695934612745 0.115097650908908 -0.17252374176868 0.0654133882040199
0.00765028494711801 0.115713768935949 -0.215662203344029 0.0606812977629327
-0.0454588340928048 0.111695134772019 -0.215157188001869 0.103648716709847
-0.0965349656636463 0.123949352233269 -0.194097928248083 0.122243331058267
-0.208146288768052 0.0800411786616308 -0.21740318672918 -0.0300239996645245
-0.161165067692346 0.0479523115640161 -0.00730254983836628 0.0107664875916368
-0.137154516943529 0.0922315382240444 0.163800265852925 -0.0939515699428445
-0.1133571836206 0.129345010862694 0.164213851670069 -0.180734866888186
-0.0225763774054943 0.165590004263232 0.086661657835943 -0.277517592784033
0.0538953986881711 0.143795416633369 -0.0264463355554037 -0.26766087676085
0.108619201326689 0.103177804661137 -0.09586903906485 -0.194970304935651
0.128111769090142 0.0572840739665406 -0.112939503362146 -0.105990622110939
0.156622022949107 0.0544765216652215 -0.113881074034041 -0.0439807463512971
0.141840162992649 0.0981024273960032 -0.103651153635829 0.00282096532975487
0.126322506150424 0.143190465025515 -0.107199201967854 0.0579686026478019
0.0471034775854931 0.203889121770327 -0.154443620423241 0.088909688781932
-0.028872138835583 0.212347037072326 -0.207048401500758 0.0605265685418958
-0.128313531390307 0.17122614929947 -0.186188790937035 0.073859875841121
-0.207236359777452 0.152230798026438 -0.13505055179335 0.0865059683323779
-0.307756212260981 0.0875611269190504 -0.108566439064994 -0.042757103407302
-0.270724506078235 0.0889717366584618 0.0844351830316818 0.00860452321818829
-0.223037920532252 0.179020144194439 0.227644263129845 -0.104501970053687
-0.145524478878588 0.227926177006074 0.193739403650271 -0.188127094862025
-0.00888917192955505 0.24270250852208 0.0902104764290568 -0.258115763521908
0.0780329552518265 0.201540066181997 -0.00370068356436032 -0.222047587797759
0.142239110762412 0.153930605475024 -0.0527036743197668 -0.153410458150649
0.16411138477215 0.0942300164988383 -0.0613335096586954 -0.0748105637328002
0.18884117122558 0.0915568411421812 -0.0562878597013257 -0.01642556921716
0.158380683023817 0.142019414597484 -0.0454841945049683 0.0346534438091359
0.137220779268046 0.18733409959849 -0.0656912607446829 0.0944515202064768
0.0405417204032909 0.258417172475001 -0.13203119639012 0.113065066156312
-0.063914554014649 0.271551204738956 -0.193200494738191 0.0582640058157875
-0.193453792516708 0.200591776224731 -0.152284978487824 0.0332583377820177
-0.289090905082769 0.152756809919409 -0.0553569529649919 0.0407529431222213
-0.354201226793747 0.0862316469143512 0.0159598895057613 -0.0603884921967455
-0.335109205752208 0.121838246237713 0.182213959832626 -0.00732203846992067
-0.267398248526443 0.247270999166632 0.277868160553169 -0.112194467502673
-0.146654738892922 0.297546633974982 0.214574258434826 -0.179680127183546
0.0155905202037265 0.284932239724511 0.097661181473593 -0.212900020694141
0.0980561367149645 0.226766439290799 0.0304081247444615 -0.155881434090455
0.15871248460088 0.177988162214654 0.00222695068201597 -0.0980243073955498
0.174794822039753 0.115554174837772 -0.000789675119672575 -0.032376143768438
0.18913453486626 0.118600459666172 0.00541022611185302 0.0221160569164079
0.143449257761822 0.173013543442564 0.0129398248341987 0.0759202898068134
0.11258658633056 0.211720804027981 -0.0270657527927434 0.135494412254387
0.00629716646174969 0.275591491448343 -0.111330502540091 0.134043329519184
-0.1059264813003 0.28495332703415 -0.173425549201014 0.0529868256899206
-0.240825182649228 0.190302840767557 -0.111590901821496 -0.00862005408186962
-0.330449435157084 0.121623337080101 0.0354038248672272 -0.00338534386310697
-0.339857770680228 0.0719165088493917 0.131053712496652 -0.0833404862642425
-0.334829905337161 0.130701700847292 0.262092513068961 -0.0398528379100499
-0.258222716771434 0.263893570010493 0.297765787655016 -0.114258088980811
-0.121430517286556 0.305209508672708 0.21716464405088 -0.152186290165995
0.0342213511498446 0.273701251323534 0.109970470671732 -0.147573056699199
0.100507810158186 0.212101522874932 0.0735722889545032 -0.0830206574853699
0.149359472378967 0.172254513608314 0.0619941440902519 -0.0398918407663204
0.159283750906703 0.118638948317007 0.057614458178076 0.0133789925645355
0.16081943498588 0.128955238902114 0.0611270473624931 0.0693554922783676
0.104690231073191 0.18146407907424 0.0563587264463615 0.126824454502403
0.0651652188025152 0.208645304057999 -0.00544040165924961 0.179540001263386
-0.0408943863097996 0.252835542691852 -0.0981563394002004 0.149789721437298
-0.144534353078367 0.252185623606014 -0.149331359184056 0.0467151995260484
-0.262120805865571 0.143887598481377 -0.0630344318771555 -0.0381884741807612
-0.327867545097958 0.0663134343831871 0.128707042671453 -0.0305318364094975
-0.265988766171492 0.0399608714606013 0.214081717259778 -0.108011327941817
-0.270704859692725 0.108532093399266 0.305226137402539 -0.0783926137712587
-0.200258592138407 0.220383469432852 0.286801487034044 -0.108752992241781
-0.0812402333150414 0.24384842086496 0.206464734318835 -0.115298021443889
0.0355305559062599 0.209447204813353 0.123958523663713 -0.0803488051560871
0.0780024585834759 0.162682454792276 0.115465312343934 -0.0186712390634792
0.112564128776905 0.139992211562214 0.114631548074173 0.0110291780500678
0.118886373198857 0.103190897257275 0.105366587542273 0.0572764030069998
0.112492935693821 0.116886789716432 0.0999239539578129 0.120401201033674
0.0591765651531666 0.158814814039263 0.0753280744543068 0.179872931603748
0.0190619926731569 0.173622345225573 -0.00691481379200826 0.220005416287911
-0.0731092594094961 0.195024857283787 -0.0979111675347126 0.159523303020526
-0.155565416573779 0.186578774452832 -0.123209452440069 0.0448095146481071
-0.244251573059094 0.0818112464365244 -0.0118034849522247 -0.0438785018509926
-0.277688668498288 0.00364463569081315 0.212351326292677 -0.0340711831214495
-0.148463437995999 -0.00914173437831765 0.251653299543112 -0.124596124646281
-0.165325463598542 0.0534987910779902 0.307661963995701 -0.108130637056653
-0.116562249095959 0.128144633224761 0.257996015949104 -0.0934168379719126
-0.0444877346928513 0.133104419185132 0.19173584976385 -0.0803152587437611
0.0131055686362499 0.113247130374173 0.137486439630286 -0.0312500040715998
0.0324826333645577 0.0950558907822889 0.145966975333306 0.0211834649210289
0.0508926289936595 0.0902593320791055 0.150730423243795 0.0463732865188051
0.0605451767213216 0.0709080285584408 0.135052944269664 0.0915006828994591
0.0552363560701494 0.0808297358920003 0.120212231543403 0.164388195034277
0.021890265495888 0.104637921993749 0.0732096624853673 0.222813814833345
-0.00251018368286862 0.111215460118163 -0.024967364537118 0.24715712521734
-0.0656161783864603 0.121804926406059 -0.102491061033282 0.164850080844207
-0.124911243929531 0.11280702326991 -0.100365191372215 0.0523033118329663
-0.185984355589996 0.0259119667084131 0.0291024748067687 -0.0283651637111984
-0.184931072096158 -0.0467495684209207 0.273697147575548 -0.0168073105325052
0.0624509307875343 0.0432046268927199 -0.339750741932561 0.0278298726357369
0.0822362496714216 -0.0220206254790425 -0.104633117544664 0.041627973278132
0.0596914151412105 -0.0557750290568425 0.0840747989101879 -0.0609546722970459
0.00324487116005857 -0.0442667981393885 0.118584247999526 -0.168297038384777
0.000952758176544107 -0.0131285572324358 0.0532725781584271 -0.285235444020614
0.0170027945853661 -0.0200600263651329 -0.0819574255534543 -0.296160622080228
0.0141771249128536 -0.0396591372149353 -0.15747049481724 -0.210993722630994
0.00659008179925964 -0.0384802077443153 -0.176506409444616 -0.119423801179882
0.023491901909239 -0.0431990677910005 -0.182741495398413 -0.0587276008129131
0.0443876468416325 -0.0274996313773974 -0.180330965869882 -0.0234909770448727
0.0464410215159648 -0.00712308359473255 -0.163620639702654 0.0211677890589507
0.0392095879925645 0.000109703035177969 -0.188156038615748 0.0655774791244277
0.060098896212377 -0.00317594150239602 -0.229133694169645 0.0800266379559315
0.0595053838342671 0.0404602627186902 -0.243314841602306 0.132435062229078
0.0390629216947382 0.0801815479951316 -0.228110955872942 0.159624002072402
-0.0808995304696365 0.0750768277620335 -0.304821342287836 0.00179676821176329
-0.0394737922892762 0.0179918814748327 -0.0730037124786604 0.0214177386775924
-0.0385015059439161 0.018870017049146 0.112932839940431 -0.0851108544707738
-0.0586906446069236 0.0435487227271292 0.137219159870596 -0.181005382484845
-0.0107886492856359 0.0827329964090051 0.0672827231857687 -0.294896564589075
0.0408078053454541 0.0678931646419555 -0.0633585133345625 -0.300290688200597
0.0707668981815063 0.0331592505258996 -0.142334685634468 -0.217462543192868
0.0772520907184468 0.00785979182584139 -0.160852127524032 -0.120684507713439
0.103245109558015 0.00391466711427944 -0.165525891708464 -0.053473346476872
0.108021119927438 0.0394206567243017 -0.158005443437414 -0.0116569319889838
0.100265125689762 0.0774188321839372 -0.145935409302485 0.0376248819730708
0.0492907135752118 0.120223796348033 -0.177498721836151 0.079538203132601
0.0137958133477954 0.121769302915765 -0.223279379767753 0.0784028688239903
-0.0428074271414366 0.12151210197054 -0.220606038693607 0.119524523856722
-0.0948131308195771 0.135269362901772 -0.20044478649739 0.141710585181952
-0.215577442154647 0.0969960047480825 -0.224492403879409 -0.0187910906088278
-0.16913509122642 0.0612181089509807 -0.00339642882621679 0.0135929521032465
-0.140027904767236 0.106298279378585 0.169032544267513 -0.104902898771596
-0.112555737887508 0.145056814840581 0.165930433512056 -0.196052165058054
-0.0121510979058007 0.177228320387258 0.0751725221460271 -0.294813054559785
0.0666579109848001 0.14945195859205 -0.0427615681182099 -0.278672266386113
0.121203197299525 0.101611288309476 -0.110015793090719 -0.198288148704979
0.136999817558796 0.0525231002684423 -0.122058995247727 -0.104862867530205
0.167473988982027 0.0469844248237566 -0.121057795161443 -0.0377852793931854
0.156347353154967 0.0954115734797891 -0.109047436644071 0.010928203182111
0.141712670178211 0.142374143444491 -0.110221854136666 0.0673531427581617
0.0627159880079968 0.213359814694255 -0.157195703678287 0.103558520758069
-0.0181565476893818 0.22479817639222 -0.213750159016645 0.0786237365466005
-0.125906384818464 0.188548587891548 -0.191635724439236 0.0884813134902031
-0.209957457543529 0.172352645595626 -0.140347676675058 0.101091124469768
-0.317954719134662 0.111606435446622 -0.110118012438606 -0.0383122688210488
-0.281191741575827 0.108821486200014 0.0920310214517506 0.00588581532853308
-0.223563867094389 0.201976023356352 0.234537067947648 -0.118941125731756
-0.141562227077585 0.250297094944358 0.196436302342018 -0.204320640985227
0.0054627096894927 0.256652893272462 0.0801493776538882 -0.272743521835956
0.0952373091803163 0.208349426586027 -0.0146038903642325 -0.231548368994452
0.160239517938573 0.152201684733567 -0.0624474458232076 -0.156790721004452
0.177135739814658 0.0877450368049937 -0.0658941380902944 -0.0744453336954892
0.202937301301522 0.0831708623749437 -0.0585732506065753 -0.0119916133786104
0.176523125863585 0.140793396603963 -0.0454220165296551 0.0405861147813779
0.154909402965578 0.188021869145932 -0.063144316146107 0.104718618533116
0.0592304691648383 0.271495871889627 -0.132141804517912 0.128082043384033
-0.0514780776835092 0.289412150157394 -0.199665132919886 0.0768271186248574
-0.193234953103273 0.223561153518558 -0.158145125650388 0.0445769869472964
-0.295085065264617 0.178426199340359 -0.0585187423957436 0.0486368657609415
-0.366898195998369 0.113270355786793 0.0195909592599565 -0.0633418148704589
-0.345858927543373 0.1474433206968 0.193163992263452 -0.0166627136475532
-0.265899848644601 0.273646774118457 0.286075026695625 -0.129770726992014
-0.138478339769156 0.322227525976271 0.218351278581789 -0.196344769322305
0.0326069353935915 0.297986278322704 0.0914330122203282 -0.225299146381092
0.117342403794189 0.232825775245717 0.0256682310779327 -0.165018022777581
0.178363278137906 0.176166623033982 -0.00148328868910547 -0.101879295699755
0.189883148444671 0.109249984223569 -0.000367166937065301 -0.0335158089200041
0.204983224169276 0.111579647275065 0.00877324234178129 0.0242556208321605
0.162520217772269 0.17422271166347 0.0182239058727157 0.0806745748030735
0.130415729337482 0.214892524573125 -0.0196563994487016 0.145363564969215
0.0235925646821103 0.290778432918694 -0.108110134717604 0.149253668105132
-0.0940603271606833 0.305824244724078 -0.17937558745532 0.0698966215270535
-0.242843592494643 0.215423225957777 -0.117617095229602 -0.0012522962264596
-0.340853899627682 0.14909024455693 0.0344738648906133 -0.00307601981529447
-0.351416049328319 0.0982353883232995 0.139007537734642 -0.0946592365829999
-0.343247826551915 0.156867591346783 0.274534991247663 -0.0547264977714004
-0.254122531872023 0.289793342021551 0.306934903816703 -0.13449546613686
-0.111668537817446 0.327956935493583 0.222863340001904 -0.16854534454284
0.0517710038166679 0.28393160199192 0.107818013542356 -0.157586273420934
0.118677969770954 0.217342810066732 0.0748499240348275 -0.0908202590264194
0.168640102246914 0.170162638349992 0.0632015496049275 -0.0439600478661275
0.173997950124614 0.113775867904385 0.0633312921300875 0.0122328720008809
0.17591460293967 0.124210770092211 0.0693189706623613 0.070681941665392
0.123077033572458 0.185325500921582 0.0668688088314941 0.130439122943581
0.0808570854827709 0.21527080768965 0.00488814154655927 0.18970057410557
-0.027836531543032 0.269578217616555 -0.0942337748243844 0.16512196900512
-0.136145556437058 0.273574120457826 -0.154744945527203 0.0609766265548068
-0.267056567168984 0.167092714882862 -0.0681306935027351 -0.0337011510958491
-0.340835519329253 0.0910586986485031 0.131586818004703 -0.0372564309945092
-0.274535296150878 0.0602640025724302 0.224137441614702 -0.12518812367787
-0.276194214582377 0.129875650965356 0.317948559069801 -0.0991380941869109
-0.195982165583705 0.241273372816424 0.29624088457882 -0.12897439237706
-0.0725202741651544 0.260363574115703 0.213299981486175 -0.130109779407531
0.0491394817348352 0.216288056208961 0.12735462933743 -0.0884690724006184
0.0914915012691168 0.165482997094794 0.122731558816798 -0.026402622691764
0.126608506047012 0.137860553173688 0.121152535628654 0.00551605507345995
0.129876065288147 0.100032488910972 0.114990097653349 0.0553846828720652
0.123580221352965 0.114822199197054 0.111984620507103 0.121552774960626
0.0724394876726733 0.163742935415577 0.0898514833830774 0.184720332743523
0.0300001611157887 0.181049996113799 0.00628783933912184 0.231302529286676
-0.0653183573483143 0.210650509278773 -0.0940302623931546 0.175240329835049
-0.152326445255005 0.203361572687074 -0.127841752916804 0.0571294370903105
-0.252193398640592 0.0997151626985602 -0.0152863512584759 -0.0432915826097204
-0.290355296440961 0.0232050393347472 0.218564610713003 -0.046101649903389
-0.154849210721914 0.00124977685116246 0.261667433792313 -0.144146858094723
-0.168944273423839 0.0657523177073149 0.317876747843432 -0.131737516147694
-0.113541320446636 0.138646832044902 0.265892064222072 -0.111843229079333
-0.0400853658094085 0.141011983216843 0.198901431205553 -0.0945693086574625
0.0198358345053515 0.116191834657392 0.144370469589262 -0.0390372459862533
0.0393227193628609 0.096226991480002 0.156983858740596 0.0142617733807317
0.0590121122578186 0.0903999713558926 0.160262707009112 0.0404865842871145
0.066825887481376 0.0702723965268314 0.147290460772855 0.0895125209778592
0.0620621436937027 0.0808656710215349 0.135582827642666 0.166141575206472
0.0292521013995565 0.10869978458088 0.0897835067231809 0.228618984992251
0.00240232321715956 0.116287460527344 -0.0119194140448426 0.260608142595563
-0.0616846152668152 0.132326015650412 -0.0989514492815757 0.179857083123331
-0.124350898375099 0.123923118439482 -0.103781549853812 0.0629502763905453
-0.192071220793241 0.0372056487809297 0.0275077709318395 -0.0300259854911224
-0.196279502665762 -0.0371360921393522 0.283677656014131 -0.0332305917419561
0.0655190478375951 0.0389510535596836 -0.347006786955341 0.0549460567970621
0.0809833683445878 -0.0272539316064537 -0.101778208331745 0.0511666211940756
0.0563071131469973 -0.0593893975986373 0.0842790256883441 -0.0699577835723486
0.00120749688006425 -0.0444918042599164 0.112640308874495 -0.18361695000609
0.00273557877631673 -0.0115068853160845 0.0332016894763111 -0.300461415098362
0.0161845173047966 -0.0215801179061001 -0.10932900325966 -0.300172400686308
0.0112345896895026 -0.0419587589511382 -0.180068746479231 -0.207100620822406
0.00428159367806513 -0.0399657394838861 -0.192007627294982 -0.112594871784307
0.0211472568122432 -0.0458542510414577 -0.194210270974947 -0.045104814395315
0.044251319394383 -0.0319660747842306 -0.190148970363974 -0.00857655003430017
0.0480366868754407 -0.0110037276638687 -0.168522165596668 0.0348030379445556
0.0417757133400089 -0.0020143733345306 -0.189689140558846 0.0834826506962876
0.0605672148605385 -0.00727468735729255 -0.232484043313077 0.100506838048264
0.0640373685277431 0.0378761770800048 -0.244452501308423 0.155151703648837
0.0456942017949521 0.0782896366931668 -0.228020807367991 0.185115411051284
-0.0798439657510985 0.0845931265804875 -0.311105243055815 0.0250364328893085
-0.0425641321570878 0.0242239657791672 -0.0703924373912848 0.0285149714473942
-0.039947584524358 0.0250144331296236 0.112775335846557 -0.0957693941724719
-0.0569569692264881 0.0531294798319557 0.131727459298742 -0.197430481795658
-0.00235125972990472 0.0882114140108224 0.0471063600939925 -0.310914622012335
0.0485163070108051 0.068447496057998 -0.0897171057071035 -0.306230244193126
0.0772622300402021 0.0284137253223196 -0.164460472307102 -0.214846540555046
0.081371143189209 0.00256153961086535 -0.174737791242662 -0.11396325069049
0.108305618140571 -0.00426164617286885 -0.174685958061558 -0.040678211649883
0.116239383121835 0.0319131826293039 -0.164805652198052 0.00220379894487986
0.110005003857112 0.0718470262174273 -0.149065266342233 0.051483535986966
0.0616481593282456 0.122358123429257 -0.176911096697493 0.097830322557521
0.0235052702623854 0.126214372407585 -0.226014942170831 0.0992660582149696
-0.0356665045809893 0.130320502371237 -0.220704588004788 0.140294371994905
-0.0890512687918011 0.147040176939203 -0.200029327867849 0.16517462628184
-0.217068117731302 0.118862103943536 -0.228584365161793 -0.00285954990131076
-0.174345108464417 0.0787111166398505 0.00107433609733728 0.0158183899580681
-0.137912200935927 0.123152860318101 0.169894969788667 -0.11901376192528
-0.106252481567084 0.162743374179727 0.161337069862557 -0.213951854337045
0.00262486406535391 0.186751091493484 0.0560750305948569 -0.310397567641022
0.0822837635545607 0.151450442524414 -0.0650019264595628 -0.285975858903839
0.134719556171985 0.0955453608441062 -0.12813974177991 -0.196257649569596
0.146631681724899 0.0436786952511672 -0.131935287096174 -0.100385298840481
0.177446918364836 0.0340204164367026 -0.126928470754698 -0.0278117699841115
0.171386236793916 0.086969619514377 -0.111920496448536 0.021644326063505
0.158307018306793 0.135759549103371 -0.108877652799632 0.080622402938219
0.0834511920788502 0.217300440244567 -0.154824571084927 0.121103334356143
-0.0012939160958619 0.235752293493413 -0.215431877645423 0.100514498586464
-0.11793452354033 0.207817699910469 -0.192627633642085 0.106397133136281
-0.204477716666982 0.195511185945762 -0.141106629853402 0.118908888293592
-0.320935973491419 0.14324794774977 -0.111196857538685 -0.0313030359867794
-0.285199930270672 0.13699389657345 0.099347612646295 0.000207522049576409
-0.217174194157949 0.22697672633156 0.23690292717857 -0.137653787245303
-0.127725774989451 0.273808999909347 0.193332793234496 -0.225099365826791
0.0265263061137179 0.267191367310256 0.0632056381029891 -0.287175386864815
0.116750880693778 0.209931849373274 -0.0313933049568593 -0.239591645015228
0.179649239653282 0.144412632875366 -0.0762717540914158 -0.156468317719285
0.190153293265012 0.0767544453807721 -0.0711612944531398 -0.072102672734962
0.216782761697324 0.0687435677469032 -0.0599125796237953 -0.00608606867246938
0.196519007718513 0.132722024495655 -0.043003849159706 0.0476231764998003
0.175052639348106 0.183128050094385 -0.0569443410347234 0.1149024957962
0.084231293812905 0.278755598281442 -0.126374250419303 0.145394667383797
-0.0296151414931605 0.305327260973927 -0.200482625179023 0.0978698670545609
-0.184259546308807 0.249430234780454 -0.160460026070983 0.0591640310592413
-0.292869848776143 0.210498189032001 -0.0601620888686035 0.057873571409671
-0.370938219428671 0.149965388097455 0.0215730784163253 -0.0677275338062988
-0.348586949529097 0.180884146040346 0.202286312564123 -0.0298763005480684
-0.254809741974703 0.304252992995272 0.288871003397117 -0.152364475122368
-0.121001988704236 0.347702868027588 0.215960998391779 -0.217385384097456
0.0576657381860787 0.307128184015481 0.0794363145196566 -0.237680360219366
0.141259879156274 0.232685835833677 0.0164951816722829 -0.17294795923872
0.200588973735303 0.167034950063536 -0.00836140616241528 -0.104133755553932
0.204990281550855 0.0975044687636568 -0.000525353928635002 -0.0343902198454248
0.220704706531787 0.0978382829210456 0.0124512102325228 0.0261459801842387
0.184908343663949 0.168661642686309 0.0263592515485876 0.0832236744471924
0.152105158341742 0.213298635613593 -0.00864194922432684 0.153618636283561
0.0487878829510796 0.302722597927512 -0.100988987636574 0.165643142098838
-0.0724032561232776 0.325427347878448 -0.179519749671964 0.0897703882745726
-0.236252054260217 0.244371173273001 -0.121556796714474 0.00913076214721855
-0.341556299693488 0.184103347473895 0.0332309925707627 -0.00314559200958367
-0.354952920508222 0.132513571834002 0.142822449888616 -0.109363668366369
-0.344107618270428 0.190443685514656 0.283187027963885 -0.077118651381645
-0.24092423694258 0.31946784364297 0.309543715003455 -0.159612963645935
-0.0924870161461629 0.350853818588857 0.222202716050902 -0.19032227389709
0.075092026037714 0.289654373517514 0.102153310975187 -0.169131798959403
0.140545118462509 0.214901504079569 0.0735464339189557 -0.100159503471432
0.188795583684943 0.161370066124607 0.0640046178405573 -0.0486163175480257
0.18808112398619 0.102968450917481 0.0688526289147287 0.00844551135294434
0.191841017150904 0.113243340218515 0.0781113078508565 0.0694108336871921
0.14427693269743 0.182795005132286 0.0806209082382323 0.130538480414349
0.100717790906408 0.217357814635919 0.0212976282210557 0.19792962109581
-0.00660379866129207 0.284340210268964 -0.0857635780077829 0.180072668457874
-0.118538826441207 0.293554534347596 -0.156273754042934 0.0793240127789339
-0.263842862899627 0.196353833410961 -0.0727121497494755 -0.0283513681616043
-0.345592580251 0.124336933079076 0.130942293259009 -0.0471331584629262
-0.278020593728998 0.0866975838606339 0.228236542120706 -0.147612360978409
-0.275727694665874 0.155801768546638 0.32313592795416 -0.126937667903424
-0.183485098046131 0.263229355776912 0.297832864498812 -0.153401696286146
-0.0568652129697954 0.276106693122308 0.21443804475999 -0.149625414616333
0.066446745761573 0.218453313894755 0.12692656754454 -0.0992361141495859
0.108154668625388 0.163734777171875 0.12880634567832 -0.0373802254215875
0.142354894941349 0.131657272911649 0.12708220487673 -0.00249058947203235
0.141520036338852 0.0924072216262084 0.124564593726474 0.0493282619715954
0.136632794285833 0.108086054508299 0.12668612772794 0.118442344960472
0.0894514095188382 0.164909221451318 0.108796920922213 0.185145575229883
0.0448676747313854 0.185411475592691 0.0244785538374238 0.240368725505254
-0.0512223426688408 0.22553492469705 -0.0837007994622412 0.190633241591657
-0.141087554083498 0.222160461779364 -0.128690822451141 0.0722306164998214
-0.252167336081551 0.123917400630871 -0.0190073838946399 -0.0419196698515672
-0.298761567661905 0.0483177582316193 0.221895095327528 -0.0640500175406221
-0.158325065747797 0.0157186784142624 0.26447799212464 -0.171029444170991
-0.168092205305373 0.0802322398176552 0.32157083343306 -0.161897656968275
-0.106666709348429 0.149906811131883 0.268933825750582 -0.134763083948716
-0.0326882178890365 0.149007079416356 0.202043144180798 -0.112310803157149
0.0285860607081622 0.117188075300499 0.148831299868147 -0.0502229541450272
0.0477855252026222 0.0952080334056585 0.166212249755592 0.00204486383697732
0.0679799231590776 0.0883290459303864 0.169934970661268 0.029173255089205
0.0736712523096845 0.0667340383331224 0.160073036736627 0.0822393772601582
0.0699867582415449 0.0773756332536504 0.153598443379944 0.162860943913152
0.0393557142249961 0.111122371467031 0.111306929878903 0.230741443420884
0.0110734962723813 0.120681828346787 0.00842459664206654 0.272525095145
-0.053941761071133 0.143366559987638 -0.0892795364078475 0.196186479129551
-0.118901375938894 0.136638110118664 -0.103575589977563 0.0761306138235392
-0.195072681149434 0.05361813434703 0.0257367751883192 -0.032102764268588
-0.205196753703569 -0.021355165537761 0.290502774036186 -0.0562902940739439
0.0668945504434247 0.030067771424521 -0.33341331136865 0.118889923791563
0.072338400636341 -0.0384171270690696 -0.089363678021811 0.0731975841263117
0.0433978861487088 -0.069667340587252 0.0755303171994553 -0.0809137372729101
-0.00595889870727305 -0.0475670075942001 0.0825526504151551 -0.204101762688482
0.000212915491943067 -0.0180982937815588 -0.0233115489465027 -0.307447274375219
0.00602396624091099 -0.0290205743722885 -0.16521239358628 -0.275011572676065
-0.0018661924443873 -0.0453287452015968 -0.21870535099696 -0.170893660646866
-0.00510832186722448 -0.0380229594741556 -0.209711563960968 -0.0787823674193319
0.0105948666067349 -0.047306484833484 -0.202043518493734 -0.0118254802417539
0.038757634366574 -0.0385620069697082 -0.194910398323065 0.024510942043423
0.0466395710249422 -0.0188699468943426 -0.166053426220245 0.063371120191118
0.0448160213438001 -0.00742824179329418 -0.178549519078719 0.113710257021116
0.0620941061934836 -0.0141040901734759 -0.220325193997543 0.137805232575162
0.0742883778972569 0.027939761701197 -0.22261748197818 0.192881298018032
0.0610131135896027 0.0702670822404196 -0.201334742295655 0.220157059813154
-0.0684661314678562 0.106155632754265 -0.300925287576037 0.0758195688994603
-0.039814966125515 0.0381735782307052 -0.0614731813651766 0.0390499436750808
-0.0346335034216334 0.0333741272050973 0.0973318404929765 -0.118908529201363
-0.0432591883035242 0.0627212896212113 0.0971473200965804 -0.226161256652138
0.015089339606679 0.0818431366781998 -0.0148298012552687 -0.321322381166949
0.0566105628017848 0.0538117015971696 -0.149134965763408 -0.28492026191807
0.0803587868947942 0.0121059045407665 -0.207567933058345 -0.182839840542728
0.0783762298803261 -0.0104625100645881 -0.193414428042407 -0.0822284228063014
0.106422843803376 -0.0234258077662503 -0.180926623215774 -0.00959832726996895
0.124405434378872 0.0122375592398773 -0.168027368075885 0.0316028032869617
0.124514329130901 0.0515173334198676 -0.144035508673825 0.0762028279046861
0.0901554885007882 0.114254386714273 -0.164420965125021 0.123807441010713
0.0491858824398949 0.125281893210935 -0.210938818078513 0.13472958594742
-0.00975978016814841 0.139048426019618 -0.19735531427547 0.176914110463667
-0.0627581952036202 0.164225528947457 -0.172543593517984 0.198739877544403
-0.195967662606395 0.168481120652025 -0.221443518911942 0.0267531374001872
-0.157150981395291 0.118002714132956 0.0061819975554901 0.00606984971736828
-0.111903397881112 0.149729146897054 0.145651444690641 -0.158237904704302
-0.0692355783992112 0.18297642135184 0.119937636381336 -0.253305913784476
0.0390705329292446 0.179355552708329 -0.0099817061987546 -0.321488990678485
0.10668985387009 0.129324383686118 -0.123482252224781 -0.268472906442291
0.154534672521332 0.0669755831448761 -0.170479842701618 -0.173099445909015
0.151056577986448 0.0177719692090755 -0.148711084444099 -0.0748246056982631
0.183449505901447 0.000572744074213837 -0.130513252436507 -0.00398645590237622
0.190933365255751 0.0552710808457655 -0.112517749567513 0.0416782360228683
0.184802356642685 0.105702978669833 -0.0993807256597069 0.0990494509243454
0.130645525651914 0.20590126476364 -0.138389737655451 0.142214833765276
0.0451534205089985 0.239230706449342 -0.198235272446263 0.131478824140351
-0.0783744527961651 0.231246786491054 -0.170879138074659 0.140128239512223
-0.172331216121006 0.235407914561839 -0.116632369172612 0.145614720781392
-0.291248871285679 0.212840415383233 -0.109097613291544 -0.028474597143271
-0.253042684882097 0.196924611843711 0.100716215873238 -0.0328118448668255
-0.168884346899825 0.26857055100328 0.20464681686871 -0.19622126282477
-0.0676598886641785 0.297450675574426 0.144741903051233 -0.27360452385549
0.0782891715743645 0.254397926539493 -0.000654824748387703 -0.299345142119958
0.15325015264666 0.181434528016574 -0.0828729649991594 -0.228891124123512
0.210644605849547 0.106391066911841 -0.111798839546625 -0.143388129174287
0.200817983148591 0.0420186049265855 -0.0835914789704126 -0.0570819283847266
0.23031422016 0.0261681575466367 -0.0602507126802768 0.00661706073712962
0.225758226080002 0.0957025869013292 -0.0389793936260252 0.0555832388120157
0.21075606918189 0.148938905662238 -0.0414772466982985 0.124576352194781
0.143879009314686 0.267313504694512 -0.10690831004143 0.160619528046287
0.0301101276909771 0.314015934283838 -0.181705013880178 0.125680683999153
-0.13766685825581 0.286515854643757 -0.144532769385819 0.0888752248585987
-0.258546430151106 0.265605253808828 -0.0435544964970866 0.0742638820035585
-0.33636047283046 0.227610044610915 0.0162750008690106 -0.0910588363378121
-0.303866445926932 0.250560279988548 0.196065318899581 -0.086443824136989
-0.188727301152462 0.35030710542386 0.250948898641436 -0.224091458006057
-0.0442235738520614 0.36915667858292 0.165111543588815 -0.272436602291676
0.11590358681852 0.288228903863595 0.0226272211592849 -0.251216382472512
0.182875460261658 0.20042364827584 -0.0232281241846059 -0.172105914714645
0.23797536899897 0.124504951424395 -0.0357821078734555 -0.104186902606984
0.219599659046878 0.0596009627789204 -0.00663278207995771 -0.0316144583047156
0.240520189320332 0.0539880782322921 0.0176387539993552 0.0263024777588177
0.222207356785723 0.133000517195747 0.0368933185375404 0.0792784650335903
0.193565552074555 0.183037642687895 0.0130898263230111 0.154501066941706
0.113342076039477 0.297822975684049 -0.0767797365770862 0.176023739258566
-0.00972099934009724 0.340893477014701 -0.161211048571397 0.114594503819173
-0.191131325861659 0.290872509066212 -0.112565657667156 0.0341885186075627
-0.313051356268592 0.247721511194414 0.0412463113768176 0.000901763104192808
-0.322121637200932 0.205121531115984 0.129328968605046 -0.153492748347546
-0.296053431292572 0.256356460114267 0.266890199109223 -0.148836316488865
-0.171291155915778 0.361668863859142 0.268849152017437 -0.234312529638936
-0.0162958426063907 0.365491447040534 0.175101963202938 -0.244594403581161
0.1309814676942 0.268461729416922 0.0589404234055487 -0.185818132772156
0.180376904954861 0.182858558894064 0.0482782493192403 -0.110568866827109
0.225948373504924 0.120802056391691 0.0465207752530147 -0.0630202069940344
0.204959538319247 0.067344315170382 0.0695085299689117 -0.000866197161541487
0.215307841594709 0.0749195015070799 0.0905687531498399 0.0583517939000405
0.184453626595024 0.154369665670164 0.0992034827656979 0.11772615481706
0.143706457234422 0.197417468585382 0.0507913097116971 0.193235987381852
0.0529509802926741 0.290676738068797 -0.0577289875094573 0.189067453310953
-0.061338150289782 0.317242116224319 -0.136973662080406 0.100958813783478
-0.228316679836236 0.246433047940438 -0.0707405414001622 -0.010393859482652
-0.327011337566999 0.187614699631684 0.130853623384487 -0.0577226520775552
-0.254131606390518 0.141661569917258 0.205854775252482 -0.203780067114749
-0.235142789800877 0.205281468754217 0.29787480796776 -0.201861193815808
-0.12638983611869 0.292737594744075 0.2594003180529 -0.222094326253144
0.00345924959252484 0.283823887710576 0.176793248425241 -0.199661640530637
0.109741983676147 0.199733870843976 0.100496478540552 -0.121537463021491
0.139283186182037 0.138178100748436 0.116369847967333 -0.059878923245393
0.173721820653455 0.101504816158695 0.120338298747187 -0.0285621960737806
0.157505047653274 0.0647219655776388 0.13262901212528 0.0292296346989793
0.160332791606755 0.0803383172184955 0.146602902739515 0.0993603198590225
0.126190276673486 0.147304224768658 0.137837670218743 0.166994284189666
0.0828514321580631 0.176113765472945 0.0616802970674776 0.235442430415792
-0.00278973423919807 0.238811053668739 -0.0537225008121375 0.20051702751644
-0.0976611333978228 0.248753889907634 -0.111505823296361 0.0924437914533708
-0.229614406739707 0.17041456063574 -0.0205970597598399 -0.0327466505929791
-0.292680491453926 0.101212259152561 0.215853027122827 -0.089407562079178
-0.149440855673692 0.0433619364736212 0.237221819353167 -0.226548779420478
-0.145474372145716 0.106885470610195 0.28941156955567 -0.230987781244116
-0.0728934604947849 0.164724832264431 0.237454406574801 -0.192406804506361
0.000370986852690986 0.152123547900934 0.175687826002096 -0.156223137051396
0.0530261723138889 0.107452212950096 0.136125856634039 -0.0777718381946445
0.0677847521542842 0.0828080231474194 0.164101543225097 -0.0295885193538229
0.0894380211294817 0.0732337526928155 0.171422641017808 -0.00476128704905725
0.086604539980282 0.0516054668902362 0.173161451913371 0.0552954229863802
0.0875698381279328 0.0631422622622564 0.181494704257127 0.138235662046851
0.0650068166788818 0.102525359413833 0.148616983862338 0.213208873674385
0.0365017451879625 0.11784850489318 0.0516720871116191 0.271031292692863
-0.0232212859403581 0.156473590105899 -0.0589880614983449 0.208376501092973
-0.0925486542066661 0.157649001958815 -0.0881818390313462 0.0933272089578391
-0.184190848548684 0.0879476373253725 0.0232264024887182 -0.0306527204744625
-0.211033348255921 0.0132898295084241 0.283108944247641 -0.0930645075399706
0.0663256251272934 0.024807516196708 -0.320968740227712 0.139389318654042
0.0697216532422901 -0.0403544514162674 -0.082037044012349 0.0777457244846307
0.0388290305000452 -0.069720085195979 0.0723659447638745 -0.0862487801870697
-0.00757493465928145 -0.045846217106311 0.071620517656534 -0.20978022431255
0.00196473928030634 -0.018331703003143 -0.0437247072293877 -0.30505548554167
0.00500761158123207 -0.0286583046019533 -0.183418041135477 -0.261535239779181
-0.00489920132361954 -0.0446672883661181 -0.229668606729978 -0.155518313897816
-0.00648621629950815 -0.0369622507837046 -0.214649516406867 -0.0655533602659401
0.00769786856444206 -0.0478808357680067 -0.200857686042871 0.00311508908395025
0.0357090192674079 -0.0413583763732154 -0.193491390611409 0.0396219601299991
0.0459513577637965 -0.0225740891523472 -0.161604386509393 0.0739697465471285
0.0453290042327331 -0.00965397997600447 -0.169958033606375 0.12422681780351
0.0602362119793081 -0.0166583996291307 -0.211126199345091 0.15175568282977
0.0756555743769559 0.0227817307691186 -0.211491257584591 0.206192792495282
0.0636891428552106 0.0636328510131318 -0.18836424464652 0.234291952109084
-0.0616065088867541 0.111006488688993 -0.290939490011918 0.0934522690166828
-0.0376593452064092 0.0433699797625432 -0.0564396128357505 0.0418580603834772
-0.0317474918609034 0.0389729301612535 0.091811599559396 -0.123473182595906
-0.0380607143037051 0.0685141107850697 0.086451301848764 -0.232816895968077
0.023634497296582 0.0814719083942373 -0.0351383930276062 -0.31863174448943
0.0621797145643568 0.0507389063099778 -0.167970654429306 -0.272554561686262
0.0812945879962077 0.00629738139433842 -0.218703363397041 -0.167332800867415
0.0784537861615922 -0.0151957327070281 -0.197732034699941 -0.0711459214720305
0.103942253618264 -0.0307895619142804 -0.179306910968979 0.00321023699397115
0.125123178775146 0.00333187825743119 -0.165478945875623 0.0439623856139201
0.126805948814655 0.0428058906955519 -0.138846591728948 0.0871196540707372
0.0985688978119734 0.108281075909005 -0.155151381185566 0.133992545575805
0.057077109687016 0.122617362807147 -0.201969949961499 0.148579491094864
-0.000505560143058499 0.140529704797132 -0.186631720256687 0.188861629910508
-0.0526768867691121 0.166884853533457 -0.160803735491652 0.21141552436912
-0.183329883063152 0.182682896103153 -0.214622195256371 0.0389127676299271
-0.150018060303186 0.13054969581463 0.00916670218625469 0.0051853984408154
-0.102497573178546 0.159205819189313 0.138341114380722 -0.165708494530692
-0.0560004986587658 0.191080637750627 0.108047626344614 -0.261466599179288
0.0533621907424908 0.176617328257779 -0.0290135624015076 -0.31814004169019
0.117292940908202 0.122669669060471 -0.140161904361862 -0.25909475136022
0.158574696245346 0.0549570733235363 -0.180724103719748 -0.159006262815687
0.152207491746271 0.00814481004928241 -0.152017202435652 -0.0671549451979405
0.18275268122644 -0.0124805623328957 -0.128186674021652 0.00454141943090863
0.195405546237546 0.0419606523595429 -0.108264731636092 0.0501785242191712
0.190689735982148 0.0933013832332096 -0.0918520275287585 0.106379910686856
0.146234778121648 0.196284284231377 -0.128349717108642 0.151324806840442
0.0613142645908683 0.236242403639444 -0.188425067571933 0.145895638305393
-0.0626311893019215 0.237331005714121 -0.162123547615393 0.150829625210917
-0.155502281669018 0.24602679933848 -0.108090209933054 0.156214576511284
-0.274144583571773 0.233426915179947 -0.106359350116405 -0.0238683407241175
-0.240622981569908 0.214278914589616 0.100674962163254 -0.0386900163698899
-0.151507275402665 0.279425586084089 0.195184663425034 -0.205176032798708
-0.0473834611975332 0.305780201215432 0.132155817289677 -0.28239781607511
0.0959068499706447 0.249318113883289 -0.016226376678126 -0.296038871352872
0.167203380722615 0.171524966124689 -0.0964454240380719 -0.222518246654729
0.218266052026468 0.0904474705773109 -0.119804818970286 -0.133444732659466
0.202934902715527 0.0281932201043867 -0.0853956083363678 -0.0533903153303777
0.230092395131322 0.0100559849400818 -0.0573378209691131 0.0106738836004105
0.233695528187125 0.0790773029568898 -0.0338769612723836 0.0590579077647558
0.220289056794875 0.134322718406744 -0.0321712134083434 0.128301746556401
0.164088587931786 0.257081380451553 -0.0941530039967916 0.168237984670836
0.0519178117879247 0.311804030923822 -0.171197938726764 0.139157889866543
-0.117635097590299 0.296842375352896 -0.138120003583306 0.0983225775158179
-0.23822480911373 0.283066328335659 -0.0395304539750539 0.07960516634348
-0.317223686623798 0.25127061275604 0.014996235698591 -0.0947524597348264
-0.286973081063051 0.271626393144447 0.191906074241895 -0.0984201304088325
-0.166287832182908 0.361700537895673 0.239339636735656 -0.236188227039631
-0.0194671854596391 0.374758675555775 0.152147068761916 -0.281564830095072
0.135552075337121 0.28030833678459 0.00950641898631376 -0.249506194643259
0.195960239666299 0.187504817968484 -0.0323358827007255 -0.170435195975818
0.245999306493131 0.10596815132439 -0.0407834690970662 -0.0991490300414394
0.222724322109171 0.0438065943074395 -0.00631799350077607 -0.031969292628335
0.241861335530327 0.0359984534389614 0.0209038133998741 0.0251752097561524
0.232705396004615 0.116262476238463 0.0426383955661184 0.0768914223983676
0.205296907703537 0.169590660556558 0.0251312595413649 0.154593789587526
0.135170889256014 0.290053620679407 -0.063276656518809 0.182677216053257
0.0142743633680078 0.340388982042732 -0.151245521388505 0.12764193809343
-0.169589939333028 0.303898279069082 -0.109476605657771 0.0416308380175145
-0.293137146249168 0.26900646514711 0.0398241853452589 0.000683231133228139
-0.303870046895183 0.227004635856604 0.122516180255938 -0.164384758793648
-0.277833299702396 0.276037505922269 0.258457564159055 -0.165237334706799
-0.147135288955524 0.371411178644472 0.255791918722293 -0.2485708077142
0.00861788716154603 0.367888101156989 0.162833421568491 -0.255184603743998
0.147755153170024 0.258896250816232 0.05028010664798 -0.186692385249162
0.19205083495227 0.170555102789954 0.0432466905373291 -0.114719401265138
0.23352893216512 0.102855126302732 0.0434858011768624 -0.0636046599178472
0.208344246919625 0.0530987593820538 0.0710615425781224 -0.00619339597053156
0.21762638494476 0.0587107889959654 0.0952747753299281 0.0530032882001585
0.195963997196596 0.140084820634979 0.107586881889667 0.110014094564948
0.156148522561747 0.187805206648407 0.0651747402591751 0.189731793743728
0.0747841103768553 0.286746521987951 -0.0442800438334675 0.194501179449476
-0.0398380300267832 0.319455767473104 -0.128275632669646 0.112204584980372
-0.209128642181532 0.261870342853428 -0.0704384202341855 -0.00546494700163011
-0.310632754551244 0.209705676088466 0.125394394869374 -0.0639359933207718
-0.240260539441281 0.158516414668628 0.195030614847637 -0.218808036214854
-0.220183990041657 0.221041430241818 0.28480543425712 -0.220458003832287
-0.107139646284761 0.298756144728781 0.246320025521579 -0.236236947044914
0.0220171547517694 0.284528702155102 0.166369830802951 -0.210833819621706
0.121307581614203 0.191466996056815 0.0955541026830735 -0.126091688691982
0.147631699008101 0.128719495703325 0.114802741733478 -0.0688816683089317
0.179997855359213 0.0869076866945195 0.119329913800163 -0.0351562040689657
0.160575381537073 0.0533823300639458 0.135841773503614 0.0208092409465282
0.163571799613288 0.068125573610535 0.153805333779086 0.089661156311117
0.137116615033196 0.13648714443022 0.148144758556731 0.15573763911841
0.0933874449296453 0.169940186440381 0.0784245773525154 0.231663639945392
0.0142344011146815 0.239161309045537 -0.0399420259266788 0.205434705782165
-0.0809397514938521 0.252929490104496 -0.103293842714348 0.101509382599358
-0.215662473378597 0.185095804784937 -0.0225565192180087 -0.030756128607975
-0.282212902077404 0.122825090229472 0.208334218408437 -0.101491795781593
-0.143182289879234 0.0540713299206694 0.224215719732343 -0.24396511129137
-0.136499363041453 0.115546261788692 0.274316060846451 -0.24921419203233
-0.0623706742851266 0.167050048819335 0.225613750498015 -0.206238285088504
0.0102028304861853 0.152362610407152 0.167224105316497 -0.167167643198012
0.0592859256672861 0.102615604107284 0.132821467569815 -0.0857123684384323
0.071316890967698 0.0774218067490302 0.164264841672328 -0.0422122806400973
0.093567845412273 0.0656550262069047 0.170424697444923 -0.0156899130554487
0.0888256900610687 0.0452272393551118 0.177555971140713 0.0444186680898221
0.0903278460085979 0.0561518186820208 0.189793688010637 0.126739954816382
0.0724522744964069 0.0971620422920877 0.162405312303858 0.201014678807625
0.0436641187759045 0.114807185141507 0.0695179994843748 0.267478476828246
-0.0118230409009129 0.157180384424914 -0.0450421770462865 0.213500662714413
-0.0816556646841648 0.161205983725696 -0.0809198784095352 0.101069336355798
-0.176349683496209 0.0993846025109273 0.020752700321157 -0.0314158907459918
-0.206761642099119 0.028936344599365 0.273684509402825 -0.11049890297537
0.0652879787733733 0.0210455091079977 -0.31252638455374 0.152086188682434
0.0674894405757588 -0.041310233931195 -0.0766086252726122 0.0806718399031145
0.0366747364717529 -0.0685051713047934 0.0708790778224472 -0.0902922341812823
-0.00808469755981952 -0.0444025590496365 0.0645666328297732 -0.215610644355057
0.00359449953973365 -0.0189124695103652 -0.0562986179381943 -0.303385113385229
0.00573031486613353 -0.0283754269599164 -0.195733765072799 -0.252150309773436
-0.00752812252705994 -0.0431968719488803 -0.236623691632271 -0.144908395173193
-0.00692798219498113 -0.0360568478729347 -0.219231573824652 -0.0573505976924673
0.0065115025022748 -0.047006117294344 -0.200071070580588 0.0123931123062074
0.0337741462856628 -0.0427722024204595 -0.191866423956535 0.048932895221877
0.0453988348591823 -0.0249283852009238 -0.159715662596628 0.0811227603878141
0.0455305744801117 -0.01133610407979 -0.163916640829589 0.130846415817728
0.0596389468149588 -0.0178326351036683 -0.206559806081485 0.160587999266705
0.0755410791628096 0.0189447163666244 -0.204546199928094 0.214812150991064
0.0641922649919085 0.0595236065429412 -0.18063224375874 0.245188552366261
-0.0575060558574017 0.113657472010283 -0.284056967877152 0.105019496844897
-0.0361002177168018 0.0473140471107267 -0.0534409110999256 0.0442431919086654
-0.0299614186504561 0.0432125218008338 0.0892805714432351 -0.127845625374502
-0.0331955806208516 0.0731858097880874 0.0794486359989577 -0.238888427511031
0.0291755562952002 0.081028433550469 -0.0481663810118532 -0.317726313140188
0.0664730901621673 0.0489884085681028 -0.179975426105928 -0.264390848913506
0.0815074851996808 0.00217858797729183 -0.225313202710176 -0.156412849651231
0.0790355327961081 -0.0181928321322012 -0.201192716914905 -0.0642863706331584
0.102621724921234 -0.0349937382914268 -0.177981177909346 0.0110483329447497
0.126095696359058 -0.00297518450242765 -0.163391008797045 0.0525664419106859
0.129309311992062 0.0370818840948607 -0.134966250005767 0.0933039730627023
0.105274947687286 0.104112453110269 -0.148585589743609 0.139856338404745
0.0627907838688644 0.121590902430083 -0.195500776838888 0.157456533443469
0.00514123376850256 0.140767430781223 -0.180232410269446 0.197620391979384
-0.0465512037225209 0.168564359348108 -0.153065121401959 0.221314302751643
-0.174397585813762 0.190552475771157 -0.210210576729344 0.0458676771949411
-0.144462892184665 0.13997773222808 0.0113518828434237 0.00507036669816094
-0.0952850204287102 0.166499261596841 0.135669545343643 -0.171038052066521
-0.0458481937793384 0.197383566107214 0.101255980864226 -0.267764861959465
0.0635389355834841 0.176158471141065 -0.0402850851103551 -0.3167219150267
0.125848743792769 0.118763351809593 -0.151232187141733 -0.251859149507938
0.161735038750198 0.0464927669202318 -0.186026963611143 -0.149486394802501
0.153140006328481 0.00101713595585381 -0.154622411596874 -0.0621990183175426
0.181232638688324 -0.020715658168169 -0.126440154032734 0.010210272712561
0.199132863754882 0.0321200766952636 -0.105863653986672 0.0560951431342245
0.195182178214676 0.0847278796445629 -0.0869658599252772 0.111342534795304
0.156921244401118 0.190508773281001 -0.120072305170972 0.157787284767129
0.0722193943915939 0.234332008524869 -0.181662792537576 0.155576163385417
-0.0516109867168755 0.241577110155907 -0.156386951981343 0.158396941124269
-0.144902311630606 0.252520660779716 -0.102068881624 0.163547565013864
-0.261374783869367 0.245860893088677 -0.103801638231465 -0.0219818993560645
-0.230532537611873 0.227056840376927 0.100182749244404 -0.0435412295353157
-0.1392196913553 0.288456545196968 0.190355358602325 -0.21232256302873
-0.0321552482343312 0.312826111250747 0.125151400238999 -0.290107069826237
0.109155512128354 0.246109769164066 -0.0266021660617324 -0.29497111017455
0.176906868111021 0.165294116752822 -0.104405250660684 -0.218279774580276
0.222243718598425 0.07838315533812 -0.123779751542573 -0.126068175718961
0.205086547656328 0.0185443812108886 -0.0862764855150281 -0.0519654378826071
0.229029830085579 -0.000831375262443328 -0.0548318783628706 0.0132024320985121
0.23915277034247 0.0671026295246332 -0.03115433762041 0.0609312524095795
0.225963622950876 0.125081677043119 -0.0255635288582125 0.130298729362861
0.177377858795283 0.250234141161056 -0.0857905128399169 0.173438330962288
0.0662509089245392 0.309441043046697 -0.163992679888172 0.148662931848514
-0.103763005282654 0.302990607376291 -0.135097808066377 0.104805703589687
-0.224735177163569 0.293666289320779 -0.0372282625426951 0.0840274629668878
-0.302590295704881 0.26567757101465 0.0139564378534667 -0.0987484428554
-0.274404442081382 0.286386510810996 0.189612656901451 -0.106362686978579
-0.150908115192771 0.370868505501648 0.232759061488107 -0.244508168148106
-0.000944133762491396 0.38030817877407 0.143979322659693 -0.289860020697012
0.148588419649313 0.276034319186575 0.00236622883423275 -0.248568094159
0.205948824619305 0.180288548391056 -0.037825576656655 -0.169658997419072
0.250187838450137 0.091813991499582 -0.0430890704247122 -0.0947081089327964
0.224874630387056 0.0339845718526672 -0.00595068542114306 -0.0340252269022095
0.242047533778536 0.0246972191430142 0.0242555576122063 0.0246807707079113
0.240030243306379 0.10435991885373 0.0462693533446812 0.074397877192635
0.213934574450777 0.161216498248562 0.0328818382163963 0.15390080025314
0.150871290711841 0.284297093721717 -0.0538312914336836 0.186028022950337
0.0304027916122721 0.340019192376551 -0.143843745156635 0.13543633709928
-0.154895525545118 0.313130807431119 -0.108050742365922 0.0464629998923069
-0.278949815404839 0.283616857871167 0.039119437469491 0.00136334498307537
-0.289892060149723 0.240623345465804 0.118682955071484 -0.172464552975648
-0.265308481815861 0.290085130467936 0.252650181424142 -0.176239757994911
-0.132491149091151 0.377811120046603 0.248510989286125 -0.256540813044364
0.0259952329884809 0.371297199804342 0.156208483106463 -0.263425014860368
0.159272741924128 0.253230363407174 0.0462562061776658 -0.188252801056466
0.200027146797879 0.162640279867833 0.040908540273432 -0.117726529867164
0.237688304918213 0.0897975050130472 0.0429685397529958 -0.0636704846084206
0.210396294129678 0.0426132262190406 0.0730787666703924 -0.0108131536133139
0.218474531599768 0.0478670628467814 0.0987196303343498 0.0488699287943766
0.205138941075697 0.130295696657809 0.112442961963731 0.104645327840551
0.165203531664584 0.181059555762185 0.0749237100686721 0.187887114626721
0.0894181813655657 0.284426592296358 -0.0345997822058112 0.198462153911707
-0.0258805930543153 0.320972462371693 -0.121142271120604 0.119829292949247
-0.196556042091402 0.272008920259164 -0.0702992513745794 -0.00177941311685704
-0.299590192157381 0.225062263968175 0.122302281241104 -0.0675236599547983
-0.230111312621046 0.169459477023169 0.188837905895 -0.230347256292343
-0.208977155207915 0.230649633460985 0.276138926303384 -0.234195371828876
-0.0952661416087782 0.30284059816278 0.240537944540945 -0.244534405341122
0.0350656548648935 0.284946135346203 0.160247328199926 -0.218694877001013
0.128962642020173 0.186311519069777 0.0935410023364413 -0.129506873978243
0.152756960791563 0.122658139104027 0.113911986486327 -0.0758611021561904
0.182939149492013 0.076952207392302 0.118787726539452 -0.0388437026613389
0.162362125770782 0.046058376049104 0.138642001217867 0.0146758268898393
0.165317202836298 0.0605038136569705 0.158674788890007 0.0830462496512808
0.145451514584446 0.129888886271031 0.154631695532946 0.148404004201777
0.101356266236746 0.166817149486515 0.0899974895431717 0.228436848783096
0.0271070481372563 0.239525285694597 -0.0307123439077455 0.208526268354165
-0.0702554243643207 0.256277588958547 -0.097544493275409 0.107485561661689
-0.20657736549788 0.194745982617859 -0.0241995656514458 -0.029315943189457
-0.274021570617703 0.136505246122404 0.202574952068056 -0.108914197209936
-0.138154203569311 0.059803744898799 0.215884603606443 -0.256349737609841
-0.129975832111026 0.120830067322303 0.263957241627745 -0.261706862641666
-0.0564443513862691 0.168648659661831 0.218977124112153 -0.214996256430081
0.0170362219077002 0.152810268472303 0.161144209755322 -0.176126250219164
0.0627106480563906 0.0997704478305477 0.132324320013146 -0.0915473762135775
0.0734407306175986 0.0745464688924872 0.164569361210653 -0.0520433296512582
0.0968147629555741 0.0602014481460052 0.170808600778945 -0.0224605839055485
0.0904655622907795 0.0411655500416122 0.180462203098361 0.0371656811271184
0.0913788852972897 0.0521265333741116 0.195863781453156 0.118373970450196
0.0777138196503001 0.0929016168559973 0.170299069613857 0.192953533831123
0.0487884973816547 0.112669481992696 0.0815392480112752 0.264542523394433
-0.00397846822255804 0.158352180304812 -0.0357187973382496 0.217150275417462
-0.0754426755432693 0.163577778479665 -0.0759864040322489 0.106333280302558
-0.169659818011716 0.105797788701463 0.0185581012400009 -0.0319336062668391
-0.203055890102587 0.0386352427857118 0.267026972531163 -0.121771120149406
0.0647672116142913 0.0190872308613103 -0.310107264830557 0.164799734372203
0.0673761799314375 -0.0423866547426547 -0.0743365559286935 0.0847378000192996
0.0366210050600872 -0.068320455749307 0.0715461118867126 -0.0959892721087279
-0.00828100229063939 -0.0435205465999281 0.0604181605441665 -0.22479310034425
0.00460580266687587 -0.0195722519741139 -0.0686392078420087 -0.308016490559955
0.00641719179951689 -0.0283593962193676 -0.207048383841414 -0.248195225185205
-0.00931536182881854 -0.0431850474886299 -0.245523099127222 -0.139602947823506
-0.00718104039085212 -0.036386153879579 -0.226162816730252 -0.0523036656647764
0.00556540900442554 -0.0477035374889659 -0.203040706356933 0.0196224947100323
0.0327385174093056 -0.0447199993765305 -0.194207288398567 0.0583144962830458
0.0454899521518274 -0.0272630029382119 -0.161076883844336 0.0878771090742347
0.0472789928454381 -0.0126756991080386 -0.163788014704065 0.136880340982832
0.060620899902599 -0.0186258920902578 -0.206933698899342 0.170465766743064
0.0764067858440212 0.0166102416429492 -0.202150510469226 0.225177986082605
0.064929962399378 0.0571398653029647 -0.177656481116611 0.257467525516349
-0.0555448006025522 0.117605944017532 -0.282427439650153 0.114297073688454
-0.0352543427954992 0.0518125886577375 -0.0514939084778588 0.0466750552859318
-0.0277406544577785 0.0478106060005464 0.0903144646268791 -0.134229769406223
-0.0290443985390328 0.078243849786485 0.0757758762607772 -0.248897197751534
0.034778928885504 0.0822542177729205 -0.0581034089345593 -0.322204822280193
0.072528848877316 0.047730199510281 -0.191548748140241 -0.261714718896152
0.0833340936465329 -3.44364372578468E-05 -0.232738546889809 -0.150346188992487
0.080961589472686 -0.0217112178969019 -0.208113817883645 -0.0602331495948727
0.103445619333498 -0.0391407541431829 -0.179957736255369 0.0171549159447353
0.128686249192199 -0.00769057151378333 -0.164327091990657 0.0607038456706513
0.132527089867278 0.0335217479130882 -0.134515833494608 0.0992477621628752
0.111700378522079 0.102541990509502 -0.14655655960435 0.147013941848923
0.0686687028987575 0.122796108520776 -0.195470258103421 0.167491352261621
0.00951898112604649 0.143545871073856 -0.177904354502511 0.207067762618021
-0.0432271840369032 0.172151148648774 -0.149914688792318 0.233221773979076
-0.170421949095855 0.199870921300156 -0.209246951122904 0.0506746552917051
-0.14277346588597 0.148563265178784 0.0126725182880757 0.00547296575633625
-0.0911673415109825 0.174817108259225 0.136196216430915 -0.178092730202677
-0.0375885687783406 0.20668833577996 0.0979143789421926 -0.278338289170464
0.0730248063254306 0.178297215458568 -0.0491982533460429 -0.321693955264797
0.135553085688965 0.116543777125845 -0.161122030255252 -0.252009647692058
0.166521831146517 0.0411119326697304 -0.191775488920635 -0.143685953453367
0.157455786570692 -0.00469534535851198 -0.159999407056131 -0.0604802315775322
0.183383634220674 -0.0270281532878812 -0.126723443201121 0.0145802075720004
0.204117063727371 0.0247804940918357 -0.105467033127962 0.0622476868295728
0.201617938502016 0.0792816396489736 -0.0839110178108007 0.116439245523663
0.167736356454182 0.188712663519616 -0.116408002482272 0.164316365600694
0.081903458550646 0.236857746681385 -0.179940611826022 0.165493682969414
-0.0443287703236207 0.248860082038034 -0.155066238943873 0.166638118954608
-0.139044415697424 0.261495446716283 -0.10016184723033 0.172158626347823
-0.255419864613423 0.25900225354479 -0.10372218442105 -0.0220184735188485
-0.227756065430666 0.241420911970911 0.102312827331596 -0.0470838743512526
-0.133406312278856 0.300400258573855 0.190847033760988 -0.22164756268872
-0.0192428003759483 0.32358939107234 0.12092484064119 -0.301699514832876
0.121770783266919 0.249514526992274 -0.0333226049341314 -0.29907627876076
0.189040671442205 0.162919083668839 -0.11228753964277 -0.218984136983793
0.229035638735907 0.0699756604370075 -0.126992889649706 -0.121495951821948
0.210425762490043 0.0118593075933987 -0.0890506212064164 -0.0520290108245006
0.232713578347481 -0.00853824161460834 -0.0540812207556443 0.0146503190034118
0.247325340105862 0.0588225126744612 -0.029475166995241 0.0636786880616484
0.23452546751895 0.119460116636662 -0.0206769446984474 0.133765909797501
0.191534874500252 0.249261996002184 -0.0796945589842419 0.179531542662827
0.0787205080297947 0.312976487095957 -0.162051299036325 0.158258065395889
-0.0944879761631576 0.312579803792531 -0.135290983978627 0.111013392905462
-0.218939505757822 0.306434892011013 -0.0357284128126942 0.0895765473111286
-0.295975131750465 0.280124427801855 0.0135086921414478 -0.103907540222064
-0.269019343577257 0.301239059002427 0.190353561152059 -0.114367077966741
-0.142769866394307 0.383812541734299 0.233765086950484 -0.254645120466905
0.0134575442719618 0.391374348101088 0.141894915035443 -0.301842587057011
0.162243321148041 0.277069676268705 -0.00146180910412146 -0.253563887670429
0.219113044251736 0.176576289758437 -0.0420978741520592 -0.172684469173894
0.25818694264468 0.0827978033468128 -0.0432105034998382 -0.0926551953585397
0.230993296554441 0.0258349514216211 -0.0062782674510983 -0.0366459768329704
0.245789140200118 0.0167283107230248 0.0268150747787287 0.0238193534825021
0.250108090124778 0.0959625186744209 0.0494488370141913 0.0746938756088166
0.223720490525376 0.156428033388684 0.0402656631017201 0.156151988508347
0.16520325144588 0.28507243238942 -0.0470844320550645 0.192503427130869
0.0426582209003465 0.345583076130334 -0.141333727183219 0.143997658390931
-0.146273747868935 0.324499080399134 -0.109441385430346 0.051110070415549
-0.272745634873736 0.298197762164128 0.0390787011463279 0.0021957996503683
-0.283915018406927 0.25501796161359 0.116991563262343 -0.182584158318534
-0.258907620421216 0.304730863857365 0.252393036195831 -0.187738004250956
-0.123459380496292 0.389972751822697 0.248873858785378 -0.267807754612005
0.0401367525281387 0.379509481091377 0.153331318618209 -0.274801366996573
0.171263405712593 0.252669103330093 0.0447738785491165 -0.193183399751746
0.210896750766506 0.159800466648894 0.0398519336612674 -0.123703827772534
0.24443109762978 0.0806933679516367 0.0447176888011225 -0.0640938100561743
0.21605778277604 0.0354874531448059 0.075064167742529 -0.0150857193692671
0.223203435924555 0.0417964397034422 0.10405048141744 0.0465988076922643
0.214682115810165 0.123869458530004 0.11778968071517 0.102509669792334
0.174530646448482 0.179363552709865 0.0837265815399407 0.189386660421875
0.102822896407176 0.286116842733804 -0.0265044027895679 0.204760830448711
-0.0148662345735045 0.327337483728124 -0.117949050139778 0.126886188892864
-0.189252645072458 0.283624017157271 -0.0723702012825304 0.000510116817634968
-0.295158472114045 0.240109180105253 0.12097579668332 -0.0710136646731972
-0.224772027809363 0.180209919560199 0.186474714920834 -0.243053661307667
-0.203836680023967 0.241803301434127 0.274021157524646 -0.24711526399635
-0.0873778127098008 0.31156437227212 0.238865464301232 -0.25606578988053
0.0467119193497873 0.291209694495109 0.158261834028606 -0.229560357020726
0.138152890976909 0.185375732280505 0.0947162618390028 -0.135457928420676
0.159468706593914 0.11979844356379 0.115396322744235 -0.0832048846797113
0.188916299285942 0.0695436232188228 0.12177424682271 -0.0421473114947943
0.167173809495059 0.0405294814725918 0.142547514504205 0.0096208397631714
0.168505065576855 0.055730662149711 0.165555167199987 0.079767068132778
0.153285386145403 0.12557552641758 0.161855646477744 0.145940171127267
0.109146668274821 0.167013622095147 0.100616448584669 0.229999317129306
0.0371099598859065 0.243127770682082 -0.0228700158901409 0.215709069941957
-0.0623612493897306 0.262628062033648 -0.0945987029420719 0.113439537356086
-0.201698281541689 0.204963099663915 -0.0257663147830351 -0.0291631538173159
-0.272678962234678 0.148269950683402 0.201103538911126 -0.116378590036917
-0.136499700921481 0.0657641404754603 0.213327050282476 -0.270419235409482
-0.127691283508377 0.126008820902408 0.260033484756789 -0.27492178449208
-0.0527248360239371 0.173059423580348 0.218117770619612 -0.226437337122336
0.0227490020747083 0.155364007077204 0.159832276244795 -0.185857462547729
0.0668912092674046 0.0987774916580895 0.133769220574976 -0.0978312880738345
0.0760675811202005 0.0736700435630314 0.166799618459943 -0.060371483655187
0.100275240495258 0.0566379159488581 0.173758662689193 -0.027485931512338
0.0933124048388341 0.0389183078499496 0.186089418454823 0.0318236362064384
0.0929822248112365 0.0496484942406397 0.20383097487499 0.115178257245806
0.0829483878621041 0.091017351476688 0.178262110875321 0.190451606270001
0.0533811767525011 0.113520224665537 0.092533149374067 0.267437435092436
0.00210342032244241 0.161141260114084 -0.0292311948394474 0.224546127895088
-0.0717240044926618 0.168576709998948 -0.073013984197637 0.111343629590453
-0.167740136512015 0.111787484346544 0.0173751048229877 -0.0330314214775128
-0.203708286041215 0.0463727079535883 0.26591244885841 -0.132017905775034
0.0646703233897011 0.0169873967415548 -0.312149568716917 0.18325228882301
0.0681746135100892 -0.0458365855088984 -0.0723051408463505 0.0919797242727172
0.0366785733314011 -0.0711208507622647 0.07243721426264 -0.104300814034973
-0.00821286756442775 -0.0437013209507919 0.0536521095451154 -0.239038635002108
0.00608180118812944 -0.0212452877366485 -0.0841078294357196 -0.318226641945341
0.00682940967876072 -0.0300545976885045 -0.226213449617554 -0.247507533611935
-0.0108668213730039 -0.0430665595789739 -0.260846222297232 -0.134012832848075
-0.00791633347000648 -0.0373886115123538 -0.239837138049241 -0.0461995639096743
0.00507388510611209 -0.0494898257990918 -0.210695939196177 0.0286569944169417
0.0318974278006494 -0.0473251253610245 -0.199696832410357 0.0702119983032335
0.0460286293151215 -0.0311643714707442 -0.164823291554638 0.0980638006872243
0.0491413997441103 -0.0143670752107884 -0.16570518982385 0.147518999480097
0.0630055673342187 -0.0208452341054335 -0.20987163146011 0.187072837631761
0.0786509954589948 0.0142519197191274 -0.201877943168454 0.243075488847172
0.0675854860193374 0.0558989843955379 -0.176716255443395 0.276866814089211
-0.0544686702748759 0.125035136708416 -0.286035602366957 0.128119551438594
-0.034814302958224 0.0569517882271973 -0.0499117470197075 0.052080368619942
-0.0266556305199115 0.0531457759130842 0.0918827955723681 -0.144219705881003
-0.0240383480456211 0.0853996263113004 0.0704570522987528 -0.265003443518449
0.0425768748579214 0.0839407240755135 -0.0732076665768767 -0.333273674578242
0.0801698237415759 0.0466368311235398 -0.208672738805522 -0.263537149972351
0.0865170038549115 -0.00358179699321579 -0.246795783690332 -0.145819868496414
0.0846084530381665 -0.0261267334470861 -0.220337789123002 -0.0552557877189733
0.106897048528107 -0.0447332835547511 -0.185878118686998 0.0253561919529085
0.134085339251785 -0.014076617665241 -0.167882237660939 0.0712489295699303
0.139538119660754 0.0291067364302905 -0.136685536985745 0.109287610642363
0.122104948354557 0.102903504147062 -0.146888672122326 0.158151920409903
0.0770510421226388 0.125291063841365 -0.197829320019548 0.183642426940217
0.0148881836587609 0.149687863150353 -0.177880840190995 0.222416466836711
-0.0395159555511586 0.18052900007924 -0.148083701630784 0.251174249469775
-0.169184836167073 0.214986691741348 -0.212285642244629 0.0590478958003158
-0.142415395773342 0.162696712083282 0.0152145665352727 0.00632630600538773
-0.0882532785492268 0.188754563276586 0.138133467806499 -0.190946033786084
-0.0269756635551659 0.22024604737251 0.0924175997738372 -0.296918651778114
0.0858634711405327 0.183302748750482 -0.0620828034409037 -0.333140607504636
0.149543684497583 0.115700202344722 -0.176843160639206 -0.254745501866378
0.175128771669254 0.0348370838332104 -0.202454252762736 -0.140099427398759
0.164410175625045 -0.0126499883850899 -0.169583056724621 -0.0584152806147209
0.189355021440295 -0.0360681152398685 -0.130173490002079 0.019281010740399
0.214974840708813 0.0168217522207221 -0.106167211068585 0.0700212057922483
0.213125560866689 0.0744038549441551 -0.0824394061553641 0.124594477211478
0.18486306308783 0.189717308021448 -0.114035645384724 0.175294612357505
0.0961559972984647 0.243590356355533 -0.181002195646473 0.180281904744665
-0.0357479782557004 0.261351447865285 -0.156452352993573 0.180246749728669
-0.1344340037542 0.278520711321979 -0.0980196329220271 0.185977017520965
-0.253551012996208 0.279044537965754 -0.106600319898429 -0.0214076426057626
-0.226924334279998 0.26193061923998 0.106013742020663 -0.0509757544851057
-0.126078155572984 0.320828421477949 0.193993574404352 -0.2376994138599
-0.00343636245638348 0.341948796521626 0.116870515462959 -0.321942913049018
0.139274955826656 0.255325981099964 -0.0433285009724544 -0.309691480576644
0.206815441988777 0.161277029247058 -0.123577513629466 -0.223397457778374
0.240600927448991 0.0615075825576145 -0.132755883395582 -0.119336272758486
0.220289048931669 0.00150031242834736 -0.095711499709942 -0.052832140368459
0.241107258133991 -0.0186878689808157 -0.0542067448635669 0.0167992560328464
0.261272211753338 0.0492116147024973 -0.0277216864206974 0.0681157531752834
0.249966790592734 0.114412742454214 -0.0150715653398074 0.140172298608573
0.211984329249578 0.251393540815093 -0.0748428773277154 0.191010083686697
0.095595703270714 0.323402621866386 -0.1611557907118 0.17218840386443
-0.0845073661363616 0.330467046652955 -0.137047449965377 0.121784951223154
-0.214454983442903 0.329360017960874 -0.0338876050039696 0.09726541593521
-0.293515883716859 0.30346424725313 0.0114341629994457 -0.111180333368988
-0.267309025240802 0.326237975314299 0.194490475664443 -0.125369630597436
-0.131899513095577 0.408218088864076 0.237272448750444 -0.274465873264343
0.0341000504245203 0.410421639073543 0.137755894399872 -0.322068939738938
0.182186415175034 0.282464909144648 -0.00862974801437684 -0.263600942941793
0.237814527787655 0.174871454668501 -0.0492751466175933 -0.178822116697608
0.270647365385452 0.0731565819526961 -0.0445296128254268 -0.0924302885235488
0.242045476403587 0.0152063057139518 -0.00814824724191398 -0.039772191131496
0.25577046076013 0.00763101983402201 0.0303077524856623 0.0232725904857901
0.265328962857115 0.0880390212078744 0.0545566399643161 0.0763009182083404
0.239710703618417 0.154153343372071 0.0499654560262225 0.160797340900574
0.186831415405358 0.289444669461966 -0.0393012066743885 0.203327834366174
0.0596541416186734 0.357886066674517 -0.140413406283084 0.156319282792969
-0.137290312103449 0.344565319744232 -0.112385240342938 0.0576104668599661
-0.27076398912028 0.322192728502261 0.0396075147661829 0.00246915392918852
-0.281135566199424 0.276911027874586 0.115756588205616 -0.196997867116017
-0.255331986593893 0.327184425359584 0.254914195832896 -0.204677707306064
-0.112118818296105 0.412193650016493 0.251650950640441 -0.288975643785079
0.0606452599492246 0.396152904546839 0.150881545138909 -0.293879398388912
0.190448316816256 0.256419583127767 0.0421742009609912 -0.203514943465011
0.227382080712763 0.15766264514876 0.0382531212191526 -0.131668642856661
0.256812034353122 0.0708172453759887 0.0477657622768594 -0.0669205536999042
0.226405244142492 0.0261266100496378 0.078225650905338 -0.0201337123305751
0.232718264230998 0.0339327714644313 0.111499612672239 0.0440606363260976
0.230085240865412 0.118083120352325 0.125938910338257 0.102080947381103
0.189790563938584 0.180278939675968 0.0969049182300628 0.19382645509373
0.121660897659087 0.29440378543364 -0.0173861225318706 0.214697460891748
-0.00134160022800793 0.342031090731775 -0.116909116751229 0.136998044420493
-0.183368854731696 0.303126352147274 -0.0762090864924926 0.00299739073973402
-0.295701619324182 0.26305260003207 0.121985240685481 -0.0764585956004029
-0.224075751154841 0.196562352191151 0.185252229152163 -0.261623467246328
-0.200510712770441 0.25935281563471 0.275208757632676 -0.268298020960093
-0.0781181639762231 0.328377231841682 0.241303989837525 -0.2759251216531
0.0621473548483599 0.301918034978481 0.156454297143885 -0.246525780435512
0.150874609018059 0.186842631372028 0.0956340481733538 -0.14508848158168
0.1720683556529 0.118810268684498 0.118320723840309 -0.093445764510129
0.197874673078316 0.0623065108381619 0.128193124586986 -0.0473550559502069
0.175488452720364 0.0345374089580195 0.150455831833716 0.00308234519932762
0.176692463362372 0.0513162429651561 0.177570752258804 0.0761970138426329
0.165938001256116 0.122384181581702 0.173354411203313 0.144982228234037
0.120323487140095 0.169211463462473 0.115146204069518 0.235923027573826
0.0501870734807598 0.251973567769713 -0.0138927887402807 0.22651851898242
-0.0544559772357439 0.274988367410955 -0.0932480745154345 0.123281177701715
-0.200498052314175 0.220922952582415 -0.028811817928652 -0.0295995921257905
-0.275725649680119 0.166517928979671 0.203462424672465 -0.128579073388552
-0.137172306992222 0.0744824664250257 0.211483546930157 -0.291066753621526
-0.125959478944514 0.13568466431015 0.258557920816401 -0.297631764885855
-0.0483787062835793 0.182022582646074 0.219657250167778 -0.243853963987945
0.0303901029139194 0.16123667937162 0.159429339648363 -0.200964336204803
0.0723913133655217 0.0992556999630081 0.137593939355621 -0.10823718344286
0.0820668653276911 0.0741792438681791 0.173140178212842 -0.072514220013862
0.105852246762399 0.0525551016289495 0.180713518839045 -0.0348579613120977
0.0989893870426908 0.0360862201660732 0.196727653192972 0.0257687303270616
0.0985407458473604 0.0480515976608819 0.218249791984703 0.111892080371387
0.0907851658522365 0.0899832661746397 0.191819554187013 0.191612704082815
0.0602785086342374 0.115513004137516 0.107645934629054 0.275089795217914
0.00943587256736764 0.167395248364781 -0.0207588859426421 0.23631847390729
-0.0681555911142459 0.177681188695185 -0.0716841743060805 0.119305812026388
-0.16850328119896 0.121577137961946 0.0153125122857795 -0.0351811712116528
-0.207752679421031 0.0572557572040359 0.270289333428579 -0.147534018140224
0.066970466034397 0.0133380975861637 -0.303189998694399 0.224508426770519
0.0629586494005427 -0.0530811627454572 -0.0591474608422384 0.108433499964871
0.026619044249185 -0.0784445730561224 0.0693027774283941 -0.114659138357292
-0.0151392965116439 -0.046673766663743 0.031740621356512 -0.256165415507492
9.86522048721031E-05 -0.0264596842919005 -0.124906518278387 -0.318870423171589
-0.00150799559258605 -0.031159929073514 -0.261196177684765 -0.227910913078779
-0.020012735375475 -0.0415756609486065 -0.284720629430786 -0.104385629092924
-0.0130195602552919 -0.0362861276455746 -0.256533041551682 -0.0178016418188776
-0.00111540376873749 -0.0512884897957272 -0.220102277791029 0.0573418352145512
0.0262223727491934 -0.0556651667837845 -0.205198045905878 0.102834944012034
0.0416953730033576 -0.0409428055957662 -0.165447612420155 0.126038750661032
0.0495276278413116 -0.0258328651024597 -0.162063907797168 0.178610899956378
0.0604311340483664 -0.0346403741317541 -0.20555631548792 0.228690573756925
0.080291594814177 -0.000325634110835856 -0.192041654004427 0.281286928202065
0.0732182372083266 0.0482324818772753 -0.16135159750585 0.309485199529216
-0.0360100919757347 0.140818400260579 -0.290459049536768 0.155229451683043
-0.0265512025842822 0.0670777650858957 -0.0468411358251299 0.0585626426786186
-0.0185256148865792 0.0588875358517671 0.0752876404497082 -0.164351765972937
-0.00905156684110634 0.0888024707114715 0.0365306185662875 -0.289476135890045
0.0530073061510957 0.0762477948145118 -0.121292978432085 -0.334125082617548
0.0854964447464189 0.0365416970777756 -0.249188661493834 -0.243162478971753
0.087458491981394 -0.0173767071016061 -0.276612606523342 -0.114240575762917
0.0832541162283517 -0.0373755068213696 -0.237514494631698 -0.029754638087203
0.103170555885079 -0.0624232376212187 -0.193887345994149 0.0494675049109322
0.136988195659718 -0.0361112481274029 -0.172790519927076 0.100770848019597
0.146181285496651 0.00790197778931672 -0.134718855022961 0.135278227916037
0.142232446649173 0.0844047423046832 -0.143657366875946 0.186172256767786
0.0963807724999223 0.115443826217795 -0.194211805051072 0.217371886017279
0.0319834923337211 0.152480036576078 -0.160530913970931 0.251881456930961
-0.0246044030607734 0.195234606741334 -0.122350487977113 0.275637193632468
-0.13705282393544 0.248394552138423 -0.227816612576322 0.067286423584795
-0.120758359867633 0.189562986901098 0.00941535283321849 -0.00295916397338625
-0.0606081145738507 0.206932618939841 0.107531862771362 -0.223562811815364
0.0105976180666824 0.227528497838456 0.0451559162818086 -0.326857896286581
0.112372970020732 0.171702357940598 -0.116436376291738 -0.332648150263323
0.166531549398792 0.0978144051384195 -0.218115986730208 -0.23593705701668
0.185239552469747 0.0074724941076102 -0.234673228854735 -0.111202231820069
0.167402474223638 -0.0331155344970516 -0.183843706020372 -0.0374470253890354
0.189892541291887 -0.0661329536366893 -0.135656366516382 0.0364489371990531
0.224713698267879 -0.0173918869136171 -0.10854286508886 0.0917524257228182
0.228194572806537 0.0446139572964141 -0.0769627410972846 0.146164134739669
0.219951112650532 0.165128028269291 -0.10995619638068 0.200201534731755
0.132809082052124 0.236069653028402 -0.177976672385081 0.207216614878829
-0.00500934823038057 0.278331759111832 -0.136090109743251 0.199142444123747
-0.112357055684905 0.312426325749074 -0.0670524773487307 0.199391984783925
-0.213046844614032 0.32453545233204 -0.130976709533444 -0.0335571727270232
-0.191300291653643 0.301024415094058 0.0904618244672569 -0.078556945709597
-0.0784350811551644 0.347693243046527 0.149195906879235 -0.283787343269327
0.0556016909056275 0.346629525955576 0.0565406889587414 -0.354990668154845
0.177460890867644 0.237391814090517 -0.0981271598287047 -0.307164922332009
0.23304092381393 0.137116458063454 -0.161868825721083 -0.208408888480794
0.257920298098424 0.0235671335271857 -0.163747061482433 -0.0959740362278818
0.225827213214624 -0.0266116960509174 -0.1044676976095 -0.0405826181844069
0.245477299406212 -0.0561464667943874 -0.0550207835748393 0.0237731745484257
0.277717372761933 0.0102200618763843 -0.0263542821271581 0.079300902949141
0.271294968346881 0.0811827876891578 -0.00322247093861659 0.15393016198694
0.257190665299382 0.224824825097141 -0.0669467123095455 0.210868352234822
0.143129435592484 0.318348157530858 -0.159250161268787 0.192336001434391
-0.0452071522969388 0.357587697062179 -0.118210350818131 0.131899662312801
-0.188730342173457 0.377785209572312 -0.00211602971158636 0.0981109627754526
-0.249118317399137 0.352962239066908 -0.0195008149818067 -0.14136452471377
-0.222305824080209 0.370222148821026 0.169672884915004 -0.167777201746797
-0.0714184310454389 0.436560414734356 0.181080246552632 -0.326363437171293
0.103796327786786 0.409217126095161 0.071264185711686 -0.355508213809541
0.225423835533134 0.258938810177305 -0.0570997337162703 -0.261096204062668
0.267705274500825 0.146401647230368 -0.0799522303862033 -0.169485834901611
0.290269138546524 0.0291440916991894 -0.0700532502526545 -0.078048424891192
0.249604833715879 -0.0157348617739771 -0.011371804469254 -0.0384613366192183
0.264041275096655 -0.0313968138705639 0.0355851966992407 0.0200765001339079
0.287297638725852 0.0505318494624434 0.0622101371208115 0.077104981249368
0.266362909331914 0.123996668360322 0.0677568500483612 0.166478684160078
0.236201584673356 0.269641345993159 -0.027394549410515 0.217545796332324
0.111007979676487 0.361843523988739 -0.135998580939879 0.16997662184383
-0.0978214365557217 0.380260366417313 -0.0968764498405808 0.0614576102003493
-0.248209754187717 0.379275306997448 0.0686943706643143 -0.00753994118890558
-0.240847026614287 0.321577572022144 0.0820078834598493 -0.239589257168292
-0.211400754290673 0.36764239313059 0.222963145052731 -0.256956654210128
-0.0496786560502109 0.436740444724789 0.194471912864576 -0.341370767733406
0.128804795273205 0.390956307211484 0.0883891118634544 -0.325529908239693
0.22922748364945 0.230412003890292 0.00548400368574651 -0.203099550860485
0.25515714751954 0.130377034793008 0.0169011378736607 -0.131739823450786
0.276248275922756 0.0291332042392645 0.029012147606011 -0.0643914557800011
0.235932778055486 -0.00275540544362164 0.0809651124180078 -0.0291129162891073
0.244224117430841 0.000184840399003009 0.125336517902471 0.031496020583759
0.254918481324581 0.0868173328991463 0.141074759448362 0.0943677431993566
0.218288914427934 0.157937420445146 0.122076266089389 0.194572911571522
0.168641074086859 0.284061988023672 -0.000609832406395321 0.22611480706141
0.04491513330594 0.353960286599715 -0.111245021645644 0.146178266926639
-0.151821435961433 0.343517861999063 -0.0627401738511506 0.00152170154496166
-0.281062785156898 0.319923727168672 0.145871619191436 -0.0970016576967171
-0.195761218104464 0.23071694192203 0.152777652342534 -0.310421338414117
-0.165819654844582 0.288193215844058 0.239968757567358 -0.321412560936642
-0.029372173071457 0.344059409686289 0.191829528049822 -0.323153588788714
0.113849810176177 0.294491746929986 0.107274630403254 -0.275442331516474
0.179883950576628 0.1652992316757 0.0724926361909092 -0.153123892655977
0.193171535841777 0.0966987666454872 0.106305024157478 -0.105095698293747
0.21475246402042 0.0292883774032364 0.116784632883247 -0.0567031176727198
0.184545721954617 0.0114836632840476 0.158630651514339 -0.0144122726884424
0.188661735870323 0.026187186519333 0.198544778365815 0.0582345360123789
0.188254610236871 0.101861081390112 0.197979970243364 0.134384706572429
0.1449024515821 0.157898382751014 0.148221033847225 0.235992060095581
0.08725307479931 0.251380247172841 0.00826868501119203 0.239170323402256
-0.0200767538571258 0.292030933803449 -0.0848458600405879 0.130149784874387
-0.180749770698108 0.258668324155494 -0.0183184362243377 -0.0339952376554062
-0.27017532880121 0.215348292869219 0.222049430685386 -0.156030620453146
-0.128926856516659 0.0920690728795708 0.18698224512072 -0.336042574126616
-0.110477253728507 0.150435797970922 0.226799064731352 -0.34628118173798
-0.0223014301240533 0.188906903624914 0.184573459304535 -0.283774741230412
0.057526790101257 0.154924522187472 0.126717629558889 -0.22736871403458
0.087099190243467 0.0862331657613983 0.124627943912677 -0.124823353255596
0.0941794926954942 0.0625131472017493 0.167019574533006 -0.0937500206434498
0.118379198821196 0.0350857612204954 0.176603147646889 -0.0557498130881875
0.106765149991918 0.0224963101908775 0.210474055754829 0.00252891917242855
0.107803067715001 0.0354190045936225 0.247006020151719 0.0901414343477698
0.104785638012896 0.0795748354977007 0.224106336136471 0.180796349103297
0.0742464859246757 0.110451788527099 0.147317931648776 0.279606857797876
0.0316985280543421 0.170299701960895 0.00409227852815174 0.251339130813244
-0.0479773181304581 0.192064193644068 -0.0607235113903876 0.127149400177903
-0.160517763146744 0.149817153099341 0.0236982727356405 -0.0412492751257136
-0.211723910525543 0.091306112512179 0.282193687124072 -0.179373467631134
0.0667322499418811 0.00939993083616937 -0.287842141055843 0.256766281987368
0.0596649080737676 -0.0581108529053692 -0.0473538052329758 0.116740687929698
0.0217890168542375 -0.0822129610791599 0.0620287001966022 -0.126526256418483
-0.0173753198603087 -0.0465333701484775 0.00805465518720613 -0.268967847657891
-0.000463017964749245 -0.0282009128529398 -0.15900141894341 -0.317976931241149
-0.00312479685302017 -0.0324279874152733 -0.288830953209144 -0.209660948606574
-0.0242139164497778 -0.0397652939874674 -0.30315134831886 -0.0806563175316817
-0.0162914980506729 -0.0356656912883877 -0.268208214217678 0.00625607284972386
-0.00618664190855749 -0.0531707653715984 -0.221687755566602 0.0807957652713065
0.0211760764735131 -0.059346148405126 -0.200917167982532 0.126722738465424
0.0387220175413664 -0.046276820329275 -0.160779412378588 0.145223664200028
0.0498873669328371 -0.0318078945117135 -0.151754702500766 0.199655026953595
0.0595725083122097 -0.0414213707077435 -0.191045706256376 0.256564444179216
0.080521338480649 -0.00600487323574259 -0.172468049238214 0.308611711486618
0.0775344269660071 0.042090265560867 -0.138627092156499 0.336520293556945
-0.0254725943906521 0.149577782756993 -0.281713166847971 0.184705720460892
-0.0215946403385041 0.0739739928496173 -0.0393358608724939 0.0647578708852734
-0.0119411935244611 0.064879663910785 0.0641775773767228 -0.178365668502902
0.00296949702259287 0.0929983686489146 0.0107967712637293 -0.303694367931876
0.0647321406395479 0.0727854274133252 -0.155281830032574 -0.334598766610413
0.0936074740826493 0.0280851118635694 -0.27838837267201 -0.226458713672385
0.0887736480781276 -0.0253882083712429 -0.293240303801115 -0.0931564313571778
0.0823670605047232 -0.0461143503277632 -0.248941299568024 -0.00804707788008615
0.100830428800342 -0.0750474970866179 -0.195070693500311 0.069840311001399
0.137726973687362 -0.050777874730989 -0.167073209032 0.121155597017618
0.15174302279848 -0.00588711856622016 -0.127714905947139 0.152051107819536
0.156449747185108 0.0723740421005472 -0.131864798476249 0.205568664785424
0.110203643343794 0.110081587552493 -0.179796219144259 0.245295070675751
0.0462716525352686 0.155676140526583 -0.142302287164246 0.275277905342366
-0.00827342766164731 0.203745457056918 -0.100882448043156 0.298147125814418
-0.118776446419716 0.268757769888225 -0.225970680543594 0.0881136972705498
-0.106498974470802 0.208065075330928 0.0120167951453789 -0.00290612600367041
-0.0413417593893 0.222708516932896 0.0923506326740244 -0.242730704726898
0.037664213181546 0.235322791626421 0.0168579262425626 -0.343652503535865
0.134745364838666 0.16568341143332 -0.14858560314978 -0.332807697366887
0.18381300755484 0.0835203541977844 -0.245336146552983 -0.223036513511397
0.190597614155002 -0.00972673160941969 -0.247631008917644 -0.0932765367160258
0.169110129485019 -0.0514276145098543 -0.194487777036874 -0.0227215111006815
0.189108867598879 -0.0865309761122112 -0.135868174349019 0.0500962187682416
0.231304799825655 -0.0401597145878852 -0.102036281654927 0.105687592418175
0.239951046331028 0.0246497998071836 -0.0648087544249432 0.157214805455582
0.244877772125885 0.148716642219327 -0.0938349633658253 0.216832783055522
0.159813411336885 0.230802803483259 -0.163960454321959 0.232608186145886
0.0204791602818612 0.288455100232644 -0.122178265422842 0.219220690322628
-0.0874888333932091 0.333357830730206 -0.0509234586989444 0.21490709506941
-0.186922385654536 0.353882129573495 -0.135387569352651 -0.0241856696262396
-0.168916723449638 0.329545002317662 0.0885223123816535 -0.0876623782442006
-0.0466230225194853 0.369121934372279 0.130613600937238 -0.307431463441404
0.0946893718038701 0.354922302241689 0.0267207609131766 -0.373128366834946
0.207972420331905 0.228222172035928 -0.127491909417857 -0.308391559024762
0.256282487668659 0.117039239078861 -0.184972950296458 -0.200264350515352
0.266088634781955 -0.000966853323438239 -0.171560067657053 -0.0853519004908744
0.230118622893016 -0.0504436566340026 -0.113561495799737 -0.0326741908656161
0.247340384770393 -0.0817801754977925 -0.0544393659338909 0.0286465894276963
0.287589613885961 -0.0177037130697 -0.0183861099512105 0.0853242841611359
0.288536783606721 0.0588848933785843 0.012219411645142 0.158301944125856
0.289721767103032 0.207193912500402 -0.0482354811060435 0.223117421928814
0.179335297370957 0.316184430456753 -0.145178800801877 0.215044191630535
-0.0128145133517148 0.374527522945982 -0.110008474421944 0.148579923394419
-0.159228057168992 0.408439139623715 0.00579317779486884 0.103704578040278
-0.22138174195973 0.385293828309882 -0.0313649726854305 -0.145455660559402
-0.194386575802022 0.403377641296033 0.161342496425845 -0.186897051838165
-0.0305463164048516 0.459789324303455 0.160277480905116 -0.354381563225029
0.149818869008411 0.413367395668999 0.0420571750752572 -0.37502434462078
0.258187066281381 0.246285536442624 -0.0791920698826609 -0.264700713445883
0.291615694151421 0.12372429342581 -0.0977135562546787 -0.168352275797922
0.301108486144779 0.0013158458934919 -0.0736313776480362 -0.075713555692922
0.255066285430789 -0.0420635163380831 -0.0162484115554368 -0.0393176635976116
0.268729392544573 -0.0585179594765057 0.0395316862250549 0.0162791369816767
0.302156678168659 0.0219297620537275 0.0720322431678438 0.0750496012870215
0.287610176703464 0.103616587815884 0.0868138533893463 0.164504197164706
0.27201743904871 0.2547720774661 -0.00608318603475175 0.226920647384182
0.150219860613554 0.362242258618355 -0.123922898412079 0.189612619351782
-0.0650827812939827 0.402218338914249 -0.0948478927472267 0.0740693391468489
-0.218920518751955 0.416373429115563 0.0694862104934612 -0.0125686673227926
-0.215828833620435 0.353201214629097 0.0633500335981368 -0.256286646088699
-0.181556386685022 0.398629465465601 0.206162967034633 -0.283490032157427
-0.00975146724649038 0.45666096548746 0.171825451886924 -0.370957781785546
0.173134807846733 0.391686018720724 0.0613315919947728 -0.344061286647309
0.257766542697918 0.216529351894528 -0.0101685564457652 -0.211193571236914
0.277264965390418 0.108283114944238 0.00539948434423037 -0.139939812149913
0.285100759328126 0.00256988214369295 0.0308030473053669 -0.0701621628616675
0.241390678359403 -0.027443754355861 0.0803962148288886 -0.0386368811278829
0.252199199534395 -0.0239996206763293 0.132707487745971 0.0197891174526104
0.27145396983154 0.0623553479099796 0.155011826660003 0.0856495179581639
0.241098082838717 0.142798525561529 0.146421180165783 0.188530713055816
0.203951933332901 0.276704660706219 0.0224815342735625 0.233594332474731
0.0808230610297656 0.360055974815861 -0.10018679593632 0.162511724374358
-0.124030505824847 0.367073538744635 -0.0663161428530854 0.00824845308504395
-0.25649630977672 0.358322351493093 0.140696152429205 -0.113026775974882
-0.178131230569644 0.254727045575554 0.130223325563796 -0.335317702330261
-0.143578682506232 0.311575080770628 0.2175441594541 -0.352539787400784
0.00300579596877168 0.358624360208599 0.169182931580347 -0.351745474655292
0.146146051465751 0.293386544553538 0.0856758722633057 -0.293837505113055
0.200115540159125 0.153446023941255 0.0628568309160648 -0.165706998717032
0.209331557614934 0.0811498468709993 0.100066810445556 -0.12071413203379
0.221776292517646 0.00910514320902245 0.120570290828922 -0.0698853423613277
0.190467749455528 -0.0077230839277985 0.162959672581113 -0.0308690194224513
0.197876905317422 0.00909288988848771 0.212288742216753 0.0408668969239632
0.204136133929525 0.0854415808605257 0.217279526270157 0.120799171382819
0.164784527054521 0.148558802519503 0.176821209276527 0.22956575976858
0.116685769950597 0.250079703992058 0.0315861088928294 0.245538790796046
0.00728708082202647 0.302632930109196 -0.0751413810890266 0.143203729416451
-0.162029937984891 0.281757462148385 -0.02381914456406 -0.0331514289738155
-0.255875473786838 0.24923322690779 0.213078043136983 -0.180843226966597
-0.121816056871635 0.106508251093263 0.162107303355736 -0.365264787417125
-0.099291333681435 0.163849783321359 0.201384294270628 -0.376194697139307
-0.00464912661653873 0.197135172655864 0.164968316883919 -0.310449434219292
0.0737829239927836 0.155005207565419 0.109003593334563 -0.246838294461377
0.0966307754602865 0.0810633020097011 0.118646552518527 -0.141918588813313
0.103066250797664 0.0567790428989147 0.163255521951297 -0.115133848198416
0.123503289242043 0.0239590135930925 0.179360407278108 -0.0731719219527404
0.111084266279899 0.0117245348370973 0.217848943814726 -0.0179095751893313
0.114514991939942 0.0260532544474698 0.264543575637428 0.0699557064767923
0.115051029332442 0.0708063634115695 0.248615000473495 0.166903616047243
0.0863587006793384 0.107262768643567 0.179690729866746 0.274550391855153
0.0501339621787007 0.172391454422606 0.0287287185981636 0.260691464199674
-0.0317799956688053 0.202484864068496 -0.0511886197357262 0.137724601405547
-0.151575080253451 0.16732899174557 0.0183558710698982 -0.0441569124360336
-0.207128703981696 0.115199969105679 0.271649908025727 -0.211157358043538
0.0654097223485591 0.00575235238864309 -0.260624677586122 0.280250897290452
0.0535965394660322 -0.0614309809220185 -0.032869790095721 0.120003878876093
0.014744781393983 -0.082727964986849 0.0507094002102111 -0.135025938264306
-0.0200098446938558 -0.0453233129947443 -0.0186160035638257 -0.27105603093873
-0.00186330082484372 -0.0300967673488838 -0.188945711371631 -0.301972102784306
-0.00473957796153816 -0.0332544348439029 -0.30763977950333 -0.18132677477511
-0.0271401187062948 -0.0356482272957398 -0.310617066226181 -0.0526972500411133
-0.0193776837967666 -0.0339817723574951 -0.268910560766467 0.0333707478455465
-0.0111534465103946 -0.0527179467040674 -0.213285887012228 0.10300512549354
0.0156638356544729 -0.0609547485936784 -0.187422331235993 0.147540339999046
0.0343342377840058 -0.0498494003948444 -0.148108898170299 0.16191627057158
0.0484449013844742 -0.0380076992151051 -0.134150803869061 0.21368354686321
0.0549684534768484 -0.0471063151086866 -0.164770879349758 0.277292722021478
0.0795472372183016 -0.0118137071281799 -0.142429493328024 0.32470875867175
0.0791420414231219 0.0345196531574589 -0.106591109374189 0.352114426718934
-0.0118219414975559 0.153556136147894 -0.261055411537224 0.207749089788963
-0.0141632426869513 0.0785244049740456 -0.0289155719516714 0.068373200439667
-0.00362189025349892 0.068059009522074 0.0483021247258806 -0.186718773902375
0.0157249605788805 0.0923751952204115 -0.018755092872174 -0.306246856439398
0.0739440195258064 0.0651227521407701 -0.186379713576954 -0.319971264648218
0.0984208941508543 0.0172520005173185 -0.299327106828737 -0.200680984196022
0.0864654359430101 -0.033478155215403 -0.300006338415836 -0.0665007234911921
0.0777232235010708 -0.0546414665416806 -0.251180333027036 0.0169416870241585
0.0936805284573102 -0.0848879689219706 -0.187543117741117 0.0886097623006602
0.132881187361971 -0.0642991128050344 -0.153803174011789 0.137975867100039
0.150836250675899 -0.0206216029718246 -0.113053485960678 0.164808343808613
0.165117652853999 0.0556518499217208 -0.112004764412082 0.218606942988644
0.121383301524864 0.0999982449193614 -0.15408284403802 0.264371450216849
0.0607339537224283 0.153056584444967 -0.115994661632005 0.289380455731473
0.00971213449694436 0.204637085628734 -0.0719845369888453 0.310381486780295
-0.0916037331040177 0.280125676805289 -0.215545774606883 0.107098047016717
-0.0864126761674065 0.220989875221299 0.0153835616945815 -0.00306432390479511
-0.0171246986847631 0.229179715398619 0.0710724953531839 -0.253252115080684
0.0648506263260391 0.231314448406785 -0.0156681164963734 -0.34687317662045
0.154028230811007 0.151909541382829 -0.178635242710369 -0.319348912898668
0.194138167920117 0.0631323919010575 -0.266072318954122 -0.200332182091273
0.189860287266739 -0.029022502123598 -0.253010755804072 -0.0728321045567581
0.162835579040321 -0.0695656503996746 -0.198395312315926 -0.00308725511234129
0.180363972391131 -0.107019928154814 -0.130977623651865 0.0632426963283464
0.226883904368495 -0.0644993566721351 -0.0900317318961582 0.116125938571535
0.242913402962045 0.000948585383877499 -0.049760183714179 0.162859053284536
0.2608736083247 0.122553148740542 -0.0729123922406273 0.22602029158909
0.182649755542694 0.215227746788363 -0.139832669289653 0.250917890734884
0.0486504569923349 0.287978291328353 -0.101425564794726 0.23244223604758
-0.0545044337357977 0.342280402948377 -0.0295718067076952 0.221633075404336
-0.151805920610155 0.370811821675652 -0.136483274725238 -0.013295837820425
-0.137331401584137 0.347326574976035 0.0831715147804354 -0.0945335033867599
-0.00817240713500518 0.376965130873533 0.103215749866008 -0.321930979177797
0.13367483847859 0.345814504195513 -0.00816192015186706 -0.377057328884273
0.232271876686316 0.20833166017415 -0.154234591741305 -0.298117882715929
0.270624210070282 0.089390247084925 -0.204137519718869 -0.183589663456702
0.265327706307347 -0.0277531322336454 -0.174185527466427 -0.0717783168692266
0.223625757891676 -0.0739969246306516 -0.118412744384137 -0.0224182755567183
0.238636717796038 -0.107990394403192 -0.0511562410359996 0.0337934638927868
0.285649415347786 -0.0476274622837793 -0.00812259721377773 0.0880323714285863
0.294981789869928 0.0310980918844239 0.0279583427508476 0.155910571693937
0.312714605833404 0.176456002331057 -0.0255285505336772 0.227573320431024
0.211100561804462 0.299113486606667 -0.121722330045192 0.231639414798834
0.0244647027103772 0.377351182599259 -0.096194345006572 0.160481002144969
-0.117902179702269 0.424905966588453 0.0161505505421552 0.105225976323966
-0.182103874830024 0.405183596387638 -0.0440118579841162 -0.144001490236987
-0.155147204260325 0.422391816746376 0.14549908137985 -0.200421590441973
0.0167246862232579 0.464995459661839 0.128591179707076 -0.372007098759072
0.194552328146716 0.39967591505681 0.00668129858399834 -0.379892491918732
0.283147236022922 0.221379362161582 -0.102180121198844 -0.25955149716183
0.306709198532473 0.0930443006917635 -0.113125305756269 -0.160615066420394
0.299377825474914 -0.0286334616924221 -0.0748308931225573 -0.0725683365375904
0.249122738853087 -0.0688220575961987 -0.0214691466066914 -0.0385189071090451
0.262621094650393 -0.0861816858100726 0.0412169929687961 0.0115707741277301
0.303850653005275 -0.0104224233951636 0.0805519617773472 0.0682433121477786
0.29957931567924 0.0754753240770163 0.104589276380659 0.15427199920641
0.299814988338726 0.225694505691759 0.0172199672681985 0.226791288103892
0.186779557396586 0.347986653700865 -0.104079599183039 0.203184989737805
-0.0252351976810124 0.408474081349231 -0.0886837926944259 0.084259265590574
-0.175205514857777 0.439521229632256 0.0677341410322763 -0.0172317526017493
-0.179710503500627 0.371851599613745 0.0405028361424095 -0.263075717049089
-0.143129888402216 0.417107990545436 0.181330228889683 -0.30150554679667
0.0368179044037829 0.458670478296797 0.138211592389167 -0.388832847396546
0.21386798607276 0.375753415565477 0.0301670241108349 -0.351232328195065
0.280187472537037 0.192308417118672 -0.0281779310665551 -0.212554820602423
0.289661070835621 0.0797122721123723 -0.00797187814460468 -0.141778682357146
0.282816458347593 -0.0260718558509142 0.0297015482070633 -0.0768160789992305
0.236250389025223 -0.052787475212421 0.0762370054429168 -0.0471934024290205
0.248962367485219 -0.0497837819312036 0.13526210721269 0.00586899085157454
0.277839697019375 0.0337378326930048 0.164684088215648 0.0713173974335898
0.256272592984592 0.12004908002877 0.166698847333263 0.171721465944843
0.233473922435496 0.25609102121257 0.0466472527627268 0.231499992759704
0.117661038105992 0.351550283992447 -0.0837872088373083 0.173973702287321
-0.087508080293179 0.379484153096485 -0.0661795131916073 0.0158230508800923
-0.21854388685488 0.384354894908001 0.128588719348175 -0.124911006642684
-0.150975050874036 0.270906077062241 0.099075696275942 -0.348557802085507
-0.112658428509038 0.325310069352257 0.183486783244616 -0.37123203436262
0.0390248129782864 0.35856640134854 0.137328168180022 -0.369021718579608
0.1761887847072 0.279048705979196 0.0574761499943006 -0.302198265888062
0.21355457737474 0.135437840184531 0.048719470623539 -0.173999538774957
0.217762346544925 0.0602571884138436 0.0888329397707467 -0.132982834482484
0.219729020222383 -0.0137818107255846 0.118644180166107 -0.0839973965478274
0.187818035072941 -0.0281346446349117 0.159858897815766 -0.0475171349984702
0.198385974048768 -0.0120525814581709 0.216344454341982 0.019079696280048
0.212332030995722 0.0635062928200888 0.229339880193029 0.100914516782649
0.180208449183736 0.134300873377056 0.201066375871873 0.210995572962357
0.143306616031092 0.238642854986445 0.057758106960243 0.242249337610748
0.0378406875352016 0.301615164217381 -0.061194041840429 0.150483639108372
-0.133990255442739 0.296744187748436 -0.0285784004205846 -0.0296688383487242
-0.228298438461658 0.275399738733892 0.193374904986546 -0.19985290152851
-0.109557259850646 0.117750770551256 0.128547254474328 -0.38070817702092
-0.0837000889014863 0.172195519593204 0.163825040474036 -0.394044851034584
0.0145378464596478 0.197717593849584 0.136726837038138 -0.327660590422931
0.0892649272347303 0.148065553263425 0.0847342655904948 -0.257295161292141
0.102157528788019 0.0724703862589551 0.106475833266842 -0.154493702111686
0.108735534281894 0.0468518575367903 0.152035198621964 -0.133719326145076
0.123749777743607 0.0108839913192841 0.176068623123974 -0.0915834405628454
0.11126651861534 9.00358533102285E-05 0.21644338940414 -0.0398175949826927
0.116109895376823 0.014262303401408 0.272201761521401 0.0428038655759203
0.122022652085104 0.0577015159428665 0.264560805537806 0.144499970044665
0.0965108591281101 0.0994703376200808 0.207962019100716 0.256526771078863
0.0678986153114591 0.166116295088051 0.0542604339809966 0.25804057961632
-0.0118211364336072 0.205159223979453 -0.038280511472065 0.143531269063598
-0.135368813114979 0.180906078879468 0.0120174406246294 -0.045475304893213
-0.193254534835071 0.135718430742227 0.248155492661374 -0.236640822354722
0.0633366726674682 0.00354767861855514 -0.232178615564022 0.289085194011561
0.0487459201236784 -0.0617119907065044 -0.0197928063622696 0.117365496300842
0.00961450562183309 -0.0810436276718461 0.0384035094655834 -0.137071809377723
-0.0210864423447331 -0.0442102531231496 -0.0393832412840678 -0.264812195341239
-0.00302906520908841 -0.0317618753134379 -0.207428657063235 -0.281295827094995
-0.00669893930689904 -0.0327758202497518 -0.313569382758039 -0.153319532888326
-0.0281491721623608 -0.031489502938317 -0.308701601891962 -0.0277088193202533
-0.0208107161864558 -0.0312452922628076 -0.262058962094712 0.0533885067073197
-0.0142430819512233 -0.0503191688259801 -0.200994118204243 0.116583866600825
0.0103500484496158 -0.0602288621925375 -0.171352979849776 0.159394191087343
0.029469103532498 -0.0518146971271161 -0.134350191590649 0.170951885040384
0.0449708955533748 -0.0420600238262507 -0.116306100824275 0.21978477237784
0.0498428980734119 -0.0498549863984894 -0.139536556277158 0.284668978515376
0.0763350385151191 -0.0154938842847551 -0.114548490804417 0.327554532151891
0.0774370618770028 0.0276248843056584 -0.0777656070685998 0.355104977647734
-0.000565474859617943 0.152902228113765 -0.238423122060794 0.218807444780644
-0.00755155031389037 0.0800445065812439 -0.0199395617852123 0.0676118137816122
0.004344422562479 0.0689576490055147 0.033266364095216 -0.187980660430593
0.0259271221508639 0.0885992813707567 -0.0415970663323241 -0.299260866450254
0.0795752484828606 0.057004888629542 -0.205620859193128 -0.300199363152328
0.0990213360166981 0.00732615162435737 -0.306998482477888 -0.173145618233397
0.0826050788267717 -0.0390976309324427 -0.297637962985511 -0.0435623190298577
0.0722793141728437 -0.0598283793082939 -0.245630480442321 0.03589066089494
0.084563944904901 -0.0911492078128255 -0.176491652058263 0.101022035515057
0.125026263940061 -0.0734241896218849 -0.138618653616922 0.147543456487941
0.146382484729013 -0.0312325175593974 -0.099192020937672 0.169526747480233
0.1673060726156 0.0403530538120633 -0.0937029334039381 0.222633224056926
0.126393248174786 0.0890588960588265 -0.128654901675735 0.271879392370517
0.0711443067299585 0.146226390550315 -0.091437413207511 0.29211159385921
0.0238218577680273 0.199395271955817 -0.046986250153042 0.311114999724673
-0.0684731783309915 0.281401644501746 -0.201325450444198 0.117608752364864
-0.0675133097275789 0.224661946027569 0.0185082727867967 -0.0045043651203475
0.00334522333328988 0.228281061750749 0.0512637017983404 -0.25494363454113
0.0855034437154851 0.22196849359706 -0.0413261063741202 -0.339883750209821
0.164746195513046 0.136280091656429 -0.19851116187591 -0.302403159026789
0.196533575379938 0.0438562120634334 -0.27492554127718 -0.176684817665168
0.183263570795973 -0.0425824080849344 -0.250615984926151 -0.0553646391789701
0.153645712134877 -0.0804266683326668 -0.195078321268581 0.0121904932662676
0.16767320630639 -0.119062377024824 -0.12306771754736 0.0708756796498893
0.216395323829955 -0.081610835644164 -0.0778721809822362 0.120857635125821
0.238364236491715 -0.0174061777923821 -0.0365368222025543 0.162505742524475
0.266876234363117 0.0979320662635473 -0.0540772422964178 0.226634296380903
0.195588663769753 0.198043504093563 -0.115144988039193 0.258118910498456
0.0701619546622496 0.279229451498973 -0.0820487380097039 0.235452790704081
-0.0270309919237268 0.339364562973749 -0.0125005768254824 0.220610777892878
-0.120981834819058 0.373190300811898 -0.132858613207487 -0.00547059308980229
-0.107578510894962 0.351959323526967 0.0778080845343466 -0.0980693811756926
0.0232775886913231 0.37158563596396 0.078342359636639 -0.324527243652203
0.162077701984765 0.327616333670033 -0.0358902566843306 -0.369812601464307
0.245470128736793 0.185825083242777 -0.171649525989948 -0.282710358945192
0.273116691194583 0.0641300635477532 -0.213042575774109 -0.165127784952914
0.256504826430258 -0.0475128029121044 -0.171896181816301 -0.0617159491715529
0.211380532215735 -0.090795707488591 -0.11793995114257 -0.0119359410952481
0.224255939299229 -0.125291527593247 -0.047500255508596 0.0360079502955227
0.276222503367012 -0.07101764763447 0.000483171897407468 0.0867615731550032
0.292458928536637 0.00778750760476079 0.039408512451958 0.149020802435761
0.320813947093427 0.146769666654772 -0.00698543393932094 0.224776304417136
0.230754526572078 0.276272117178801 -0.100116321053752 0.236781441784569
0.0530340278888652 0.368280431884835 -0.0816310864786318 0.165280499993279
-0.0815570277637126 0.425362370646411 0.0236629769350408 0.103924393227238
-0.146383802812378 0.40769912342353 -0.0519732961845316 -0.138526409284328
-0.119919142669672 0.426621260584553 0.130447381276498 -0.205993611960936
0.0543076888028747 0.454584991662189 0.0990548439074187 -0.375078747245334
0.224487663731347 0.375798278727085 -0.0210119089021816 -0.372956766946806
0.295950097256423 0.19555711802972 -0.117851918694406 -0.249118085983117
0.308931355515251 0.0649354015371933 -0.122420847519084 -0.150791715978397
0.288874050440706 -0.0510746773866585 -0.0739454467080681 -0.069841529929457
0.235949034035852 -0.0873306030966718 -0.0241727751711033 -0.0354569036007671
0.249563206935401 -0.105787113512295 0.0410892892796998 0.00770895630656274
0.296241555749776 -0.0356915568510348 0.0853042830856904 0.0607539424906492
0.299745220694509 0.0513493167072228 0.114417626716383 0.14081353753711
0.31334574605106 0.196847613894684 0.0348610666313013 0.220545374975327
0.210452707151193 0.326071679480749 -0.0848229051779487 0.208283333019068
0.0078365669919187 0.40278437078592 -0.0802286415701209 0.0898959612800205
-0.135337590768781 0.443346457945998 0.0644950285319938 -0.0201575954147121
-0.145900862653981 0.375390912247341 0.0218295451177843 -0.261678009746426
-0.108328830581538 0.418680245604863 0.156525890376238 -0.307375124705913
0.0743370370273875 0.446860879279828 0.107839908412323 -0.39243019893
0.240350430214966 0.351195363998978 0.00293581140151258 -0.345949524639982
0.289456501926171 0.167909935258041 -0.0420308098064632 -0.208847638303893
0.290867657729731 0.05340851485355 -0.0186109277214752 -0.140538024854778
0.272351524566843 -0.0472661368933235 0.0283154738157396 -0.0816805823337704
0.225416101491105 -0.0705834808137781 0.0711906207833655 -0.0518208670836993
0.238420624499097 -0.069527721449015 0.13260968272766 -0.00537418675199838
0.273864030422179 0.00950735907784414 0.167329763776409 0.0572288938421708
0.2613497368619 0.0974694168526308 0.176236093254725 0.153904330678713
0.250625431903767 0.230058684158503 0.0636024024805072 0.222780534813912
0.143370041470238 0.335558269649827 -0.0679187398995989 0.177612400730796
-0.0562267818802218 0.378418709106053 -0.0648882335133303 0.021652940085553
-0.181077342793181 0.393478141372477 0.114586856487447 -0.129440352662365
-0.125500450737724 0.274290942867114 0.0732982740189885 -0.34873225083454
-0.0859468839524445 0.326340629686406 0.152808158316457 -0.375079140310157
0.0662751892641861 0.34807469411072 0.108284255248793 -0.372868497810449
0.194763937077755 0.259250981005023 0.0338289255969055 -0.299986156976402
0.218965778350055 0.117295942160095 0.0356362006019393 -0.176140016965769
0.218679791321938 0.0411220257876368 0.0760668265377727 -0.138876711050971
0.212064285800671 -0.0300606399082381 0.114049329086349 -0.0942606138449652
0.179560271286726 -0.0426295958803488 0.153117287486464 -0.0586686705171625
0.192284240649174 -0.0279033819148258 0.213143051351542 0.000728232662578933
0.211822562000389 0.0432153299182738 0.232682905081127 0.0813215046309285
0.187834928989949 0.11751641555823 0.214121869097935 0.189959895329067
0.159836952353773 0.221061635919389 0.0751914397255142 0.233461833193821
0.0602268956549486 0.292195038656167 -0.0481034801897598 0.153622125803391
-0.108079448570929 0.300840741948299 -0.031747410367016 -0.0259669712729145
-0.199126968131372 0.286885178560523 0.171594722939644 -0.20781799428569
-0.0964938566187035 0.122080672644365 0.0993204500465252 -0.383159108434432
-0.069242028624019 0.174661585480563 0.132027807488447 -0.397208430405061
0.028963261882943 0.191530212481719 0.111084269014822 -0.331336216392263
0.0980286867001115 0.138241440572045 0.0632365786203224 -0.256991253125557
0.104089888396071 0.0643860092443588 0.0928389201086696 -0.16083879251842
0.110376299442629 0.0377052649422943 0.138523691087551 -0.14424704948916
0.119670136547463 0.00150497643397879 0.168535975476205 -0.103683539987877
0.107227134688285 -0.00940110907352599 0.209828768933964 -0.0559583705838546
0.113900686302993 0.00449944455178137 0.269243839695189 0.0203786536046314
0.12294421187799 0.0461848120600898 0.270932925834431 0.121603545314039
0.102476370892842 0.0898811676452158 0.224249765583477 0.234370102740544
0.0804311435102668 0.156499926042474 0.0732986756398487 0.248472913544857
0.00380615987211511 0.200540061571136 -0.0267764680944406 0.14415648453385
-0.118808310362409 0.185911516330205 0.00579635214403402 -0.0445323888746673
-0.176071614034589 0.147678921961789 0.221846605918481 -0.247471395883617
0.0620787752107281 0.00331168286635833 -0.213746148677219 0.291347397161031
0.0462690625884541 -0.0611730819456571 -0.0119357443121262 0.113816462472663
0.00736789598334755 -0.0792118021223134 0.0304347463274164 -0.138084265275997
-0.02176991112775 -0.0434847798781127 -0.0524045082938164 -0.258440874931753
-0.00424726982914104 -0.0328759882634731 -0.21731918024839 -0.266091127945187
-0.00746694192200724 -0.0333014571089963 -0.314703828507161 -0.134567266490917
-0.027748884433912 -0.0285575184356498 -0.305382526672235 -0.0116915062024451
-0.021239478123242 -0.029678666348661 -0.256311712304768 0.0660138465172439
-0.0165137933545462 -0.0487559174951339 -0.191572916971818 0.124800294161545
0.00717385743813232 -0.0592358538793655 -0.159759253145273 0.166001221761588
0.0258129949627105 -0.0520947843060699 -0.12478525050341 0.175923615373554
0.0433336129094941 -0.0449673093206553 -0.104643409742703 0.221705596633462
0.0468354990929388 -0.05034551085584 -0.121676944506586 0.286574669643312
0.0737623586462655 -0.0175445028364324 -0.097393572186897 0.326341660301345
0.07457186099948 0.0239159206230744 -0.0603106016837128 0.353993741386678
0.00769443170945541 0.151159274405869 -0.223686868303319 0.222826095859851
-0.00265431460426868 0.0815560298797299 -0.0135145294211517 0.0662957583869617
0.00997555622690249 0.0690332609708111 0.0229570238471182 -0.187684847204863
0.032355160072695 0.0846031434813264 -0.0561005499105635 -0.293489087597934
0.0825288734656464 0.0499895462474316 -0.216456733499601 -0.286530853725183
0.098598765578418 4.87794805812472E-05 -0.308920677275235 -0.155567206386512
0.0801955490821924 -0.0419656180020496 -0.294440714292828 -0.0301548676095803
0.0674634689970101 -0.0625792442671331 -0.241461540483032 0.0477241949075433
0.078704026710632 -0.0940477053153129 -0.168852995815661 0.107488859625942
0.118971913434175 -0.0792365428763768 -0.127754713059277 0.15199294081526
0.14303840079491 -0.0380496837213446 -0.0900049334843223 0.172713718142843
0.167315013537614 0.0286876794029273 -0.0824699278824088 0.224105739815604
0.127909789336756 0.0819388597016503 -0.111374640939136 0.274890743469654
0.0774416804667155 0.141920439627525 -0.075789845202705 0.291653067601306
0.0318545936510576 0.195924443654422 -0.0308196023893512 0.309110096747859
-0.0526199244192606 0.278961238660509 -0.19176931174737 0.122153741488556
-0.0547617979574245 0.226989677280854 0.0213281633930744 -0.00589400989068091
0.0183128923714542 0.224857280602571 0.0376540668802641 -0.254505740715721
0.0987869443393688 0.212377170221698 -0.0570898096416301 -0.332543598399724
0.170451093342006 0.124650779409946 -0.208480725900613 -0.289179803405011
0.196861425886352 0.0305546516635199 -0.278111130635627 -0.160478086609529
0.17834238302087 -0.0513416328579203 -0.247893387662104 -0.0453815886922892
0.14622180558818 -0.0873977277860358 -0.192146808833581 0.0226937593578498
0.157497170437714 -0.126500742775264 -0.117793987649391 0.0756391205014902
0.208850876586239 -0.0919150825313733 -0.0694877510757086 0.123072047245157
0.234266339061841 -0.028733703214815 -0.0288001460203511 0.160780049737856
0.268316344661425 0.0803015943532985 -0.0425245248939031 0.225888133416612
0.202620068079985 0.185179596694611 -0.0976708436207044 0.259905207106291
0.083200370936051 0.2720157151219 -0.0692742926890347 0.236475192146097
-0.0105794453383913 0.335494070476517 -0.00159949414566957 0.218873083689517
-0.0987123396400909 0.370603928519256 -0.129999214498029 -0.000994266137390584
-0.0876981141709181 0.352874420601315 0.0749769901156371 -0.0994014913947001
0.0449505398119918 0.365212550140621 0.0612256140769627 -0.323996969315228
0.179088589951112 0.313404296401643 -0.0526941733708006 -0.362922035979415
0.253244687525522 0.170060167774997 -0.18181315919067 -0.272072995039843
0.272957680381171 0.0466078280919003 -0.217678237919624 -0.152730139336577
0.249115170719085 -0.0597349658706774 -0.169967617469163 -0.0578645180321302
0.201719773490227 -0.100291976754836 -0.116604677572467 -0.00566459657527802
0.212195450640521 -0.135563002263791 -0.0455914444456544 0.0375526711149259
0.266872093657789 -0.0854463399099594 0.00527543977301058 0.0854575403470628
0.28860769435263 -0.008190653912724 0.0452132987783914 0.143391252105818
0.32447019694901 0.125486986236184 0.00366194957236573 0.221245228142151
0.241026921925762 0.261200678234012 -0.0844813065646894 0.238680808209242
0.0710293143858928 0.359725469486047 -0.0731353751163694 0.167497643025516
-0.0577003803601146 0.42308401729268 0.0286669155366427 0.102146427855393
-0.122829628021983 0.405657354976777 -0.0562025520546631 -0.135388591868351
-0.0957646378529088 0.425487576991777 0.121212837569337 -0.207811860738094
0.0791075108571259 0.445805967212113 0.0803226560444746 -0.375014050985626
0.243424148841739 0.357223829003688 -0.0385788681417427 -0.366277398170657
0.303255465017764 0.177348922942726 -0.127641546286413 -0.241159100318905
0.307876762237416 0.0456155876468986 -0.128307801248773 -0.14278199840595
0.279743762290069 -0.0648007394848077 -0.0730862409608937 -0.0711430188156454
0.225981080902656 -0.0988649109850142 -0.0252347461275137 -0.0333037583783916
0.2371468132492 -0.117789831004331 0.040695483168064 0.00512384958430778
0.288301609717905 -0.052283510531672 0.0875450388579311 0.0556264117350763
0.299318887130526 0.0353519173203565 0.118696736979589 0.131500659461732
0.320088063436777 0.175575271711103 0.045779606235881 0.214821524905555
0.224593929856054 0.3105416614387 -0.0706667536119484 0.209319478264173
0.0281412873282096 0.395827902590515 -0.0756490369873966 0.0939974241398231
-0.109430720495192 0.443443811769589 0.0618598378092843 -0.0212963349777338
-0.123370098280009 0.373890614070368 0.0107134961917541 -0.25934885349484
-0.0854824078442473 0.417756248365664 0.140549970173468 -0.308614260366175
0.0971263198356219 0.435043846339101 0.08682532531187 -0.391648766054323
0.255964379829339 0.332187404948349 -0.013025482474965 -0.34031168452384
0.293556867108327 0.151446454409841 -0.0512128066224283 -0.205126563628167
0.288755175649788 0.0361589006784637 -0.0254223871512938 -0.138096941101417
0.263815237713813 -0.0600454785237268 0.0263974153969053 -0.0871655302047898
0.215304111308231 -0.0813329761917558 0.0682395904228568 -0.0541797510018306
0.229328481050207 -0.0813073446076323 0.129956303349389 -0.0116884326253091
0.268621393634448 -0.00594891371017738 0.168293570722733 0.0481810762209078
0.263580579787654 0.0829713911706418 0.181855157327314 0.140596678059212
0.260424442688696 0.211502063852213 0.0743346492488034 0.215637263553722
0.158182163219757 0.32283979184029 -0.0571029994569397 0.178372562023916
-0.0359860304329862 0.374245122083587 -0.0645397855281589 0.0263381793826056
-0.155422550085585 0.395989151629743 0.105427482938018 -0.130374338426959
-0.108567467193727 0.274110133357454 0.0568487352314076 -0.347806810749186
-0.0680670406600657 0.325084080364436 0.133545459842374 -0.375777307483134
0.083508963523363 0.338519044180887 0.0884474057625299 -0.373062360124802
0.205305426957582 0.245655908368986 0.018664037714838 -0.296008995356763
0.221410412503232 0.10652703775603 0.0270352579296523 -0.175569144065778
0.217008747083398 0.0284473294281372 0.0673634291336511 -0.141766409516947
0.204938430058457 -0.039975709880882 0.110434904391546 -0.102527847590283
0.172804616751194 -0.0512583794321071 0.149295195312326 -0.0653720580361899
0.185978205018441 -0.0378664995114545 0.20963120447507 -0.01030609049143
0.209739804271345 0.0296262577525453 0.233505833715386 0.0690826255636988
0.192274853279458 0.1059734627636 0.219832077883145 0.174551229159211
0.169577651963215 0.207038309609395 0.0857347407258302 0.225767646826241
0.0750311649065278 0.283951933105011 -0.0387844755843005 0.153598501975904
-0.0904434740553227 0.299391563575157 -0.0346189686447874 -0.0222852259120735
-0.178887723314263 0.291470605253019 0.157300511330228 -0.209649952693745
-0.0880576572632223 0.123715602696485 0.081461853490143 -0.380853277984708
-0.0597655078635488 0.174625251372589 0.110690651486431 -0.395238907261076
0.0373758961486042 0.187266631098172 0.0929471684769065 -0.333039400914325
0.10320286039785 0.130653676482593 0.0493490189707915 -0.254622216427134
0.104669936498334 0.0593810155027453 0.0841385628470753 -0.163043579108019
0.109943091318266 0.0310891763212425 0.128828549553412 -0.149738302937445
0.116279480755432 -0.00427569171447755 0.16412018124679 -0.112930493578357
0.1033559390762 -0.0152027870370763 0.204453029645429 -0.0651874694589567
0.111677070980386 -0.00259167661958497 0.265863411374826 0.00591715442990626
0.121436326683156 0.0377699613323109 0.272527324914284 0.106652544581034
0.10559650953946 0.083821335446453 0.232657779385898 0.218537757728933
0.0873435108095223 0.148337674851538 0.0840812292178637 0.241646417037385
0.0130838340039405 0.196341500089079 -0.0190845568856846 0.14374561021453
-0.107423605714474 0.186663725609448 0.00106260052853689 -0.0423564218395138
-0.162778820475873 0.153197779172917 0.203699003101581 -0.251418976366404
0.0586845946979342 -0.00665795885261519 -0.147385401466773 0.345596197418044
0.0329654032532948 -0.0670913375638424 0.0187458282715756 0.115953658677433
-0.00978872465746411 -0.0779730716430181 0.00365265315873154 -0.147905054491586
-0.0335217078848756 -0.0387830041530282 -0.107706519032039 -0.250717214776212
-0.0170594800955399 -0.0312567652154856 -0.275855249363132 -0.218336321648386
-0.0164572796794102 -0.0273506341926971 -0.339333842444266 -0.0671533014545847
-0.0332010252673995 -0.0190168718497798 -0.302021125212963 0.0520860574052033
-0.0266449420878252 -0.0228164912707889 -0.23869652479944 0.1232325768898
-0.0271567658246816 -0.0418481617725755 -0.163260589897276 0.16906716941274
-0.00770567016200251 -0.0574291118913776 -0.120620524519668 0.206871130701997
0.0110031212544668 -0.0532633579972348 -0.0831525066863421 0.208861421387775
0.0271692395566788 -0.0525445456593883 -0.0513526755885573 0.249493676736259
0.0293204156737169 -0.05532714769107 -0.0502050531671549 0.319753091067665
0.0629467763645308 -0.0305081312654963 -0.0201494869482807 0.354432900687382
0.0727928603608008 0.0123196763416499 0.0161774205862659 0.37190190081499
0.0391698919466001 0.142419535478776 -0.182232423643262 0.282244616874973
0.0185223496933109 0.0799663181466218 -0.000314481861607219 0.0709157423704456
0.0272858929420534 0.0613723081426411 -0.024036681440492 -0.188071229613173
0.0495239390284634 0.0684736302688386 -0.12675240929219 -0.275931011814348
0.0853360616383231 0.0275951623363946 -0.279309601088495 -0.229859926218271
0.0922821752118444 -0.0204711353598557 -0.336798344252065 -0.0815939532927746
0.0656929640821022 -0.0577370835838491 -0.29204700720227 0.0374274725126011
0.0518031206113184 -0.0731040228895399 -0.227294210169423 0.102360803978519
0.0530053081480723 -0.10609483697601 -0.14564660779094 0.147735332091349
0.0960132616407421 -0.101141990216918 -0.0929822759129368 0.18709916846042
0.125523702778338 -0.0643337236950408 -0.0496331329532148 0.198461299991006
0.162605993128229 -0.00917280918120728 -0.031155635813232 0.248592517932524
0.136708088708772 0.0520496569515431 -0.0485437047899858 0.306582642408313
0.104755636701013 0.123433061075018 -0.0126728551752128 0.307785007249771
0.0725589692437546 0.190013867610954 0.0309532276393902 0.309704442417306
0.00985995095949526 0.274241853202853 -0.181112833451951 0.176804341145239
0.000764387125840141 0.229478531532558 0.0123565785402846 -0.00719895676749036
0.0712909225162374 0.208060717284349 -0.0327413889813846 -0.250082272508413
0.143565113852703 0.172374640996035 -0.143246480340596 -0.306232013746515
0.187724822960992 0.0794895624139603 -0.271280805338928 -0.227199559683963
0.193514671024902 -0.0131104742382253 -0.306121096342721 -0.0887277902398826
0.155828538891803 -0.0901599096006324 -0.246738777298252 0.0180590034207545
0.121838007614853 -0.11364093629843 -0.183815226609724 0.0666515893150904
0.121904435226561 -0.154276853884428 -0.10363763877302 0.104401980629131
0.179321333952238 -0.134024291214008 -0.0422455928014043 0.145561726117678
0.215813814548974 -0.0749056074911136 0.0084954907923579 0.172332308266746
0.271067045327708 0.0183141550308476 0.00752915491139195 0.242753752018939
0.231144637767041 0.133014484000878 -0.0435905899462323 0.291915608456433
0.14129058213188 0.247918263207026 -0.0237059276844364 0.245076909696319
0.0656211277232368 0.335383269675209 0.0379015054594715 0.204582512187009
-0.0146151564698547 0.368786956381494 -0.152170208028376 0.0396974727497534
-0.00278637445684207 0.357281685298397 0.0392837150976421 -0.111145314423918
0.12823247967571 0.333285662654219 -0.0327956704188845 -0.315770888875754
0.244186478835778 0.248856538117326 -0.150375009226795 -0.327304929898949
0.278247674058259 0.103834113239546 -0.239286911777126 -0.210176150057024
0.270135442141398 -0.0150931794321444 -0.242183767593737 -0.0905131011745142
0.221326763888003 -0.116014743504686 -0.170482563321037 -0.00666169264283081
0.17220116677276 -0.138128683930248 -0.114897861979426 0.0219273709727169
0.171984378489336 -0.175164147130554 -0.0405127074259433 0.0509817776180489
0.237610323261763 -0.140648434586414 0.02308659543163 0.0910826723524688
0.273625127952397 -0.0664020847128176 0.0774096880067846 0.137215493899933
0.3361931466046 0.049196120280693 0.0514593022223475 0.228050057007425
0.285573118851507 0.196435899471723 -0.0389849129260597 0.268289573204002
0.151380406884965 0.334741297716344 -0.0472435126129487 0.173949400135516
0.0423613257937871 0.429169575370768 0.0397504308591447 0.0751865818998422
-0.0294777020873362 0.406088332876169 -0.110248667523247 -0.113861217041059
0.00617961201121016 0.427532131866949 0.058224891946292 -0.228522802303545
0.178724501825278 0.401371762693337 -0.0290876717882097 -0.364814683225491
0.315201222186733 0.275655657579677 -0.137013195791013 -0.326949407754241
0.328935143293505 0.0999100619637004 -0.175127541334425 -0.188714675353784
0.304430875266873 -0.0245861860116599 -0.149903228096899 -0.0980877743631063
0.249170542706298 -0.128110231457205 -0.0764524522496275 -0.0400198161546572
0.195696966776757 -0.140977450985568 -0.0309841919494602 -0.0257546620258505
0.20094951654563 -0.164387806475342 0.0377482456898218 -0.00182697507222774
0.266250413762606 -0.11406067408718 0.0977020482616213 0.0416846295739466
0.29290907007934 -0.0278885252658239 0.147968180906259 0.106828870002756
0.343306989807038 0.0985758494748118 0.0909335413235303 0.211019665512426
0.280767085688699 0.246771187198156 -0.035059548784499 0.234990736414546
0.119002099886979 0.378085908711388 -0.067558038167091 0.0979525397227179
-0.00131308210342862 0.457468461818004 0.0470998876729101 -0.0576679555578663
-0.0366430400032418 0.375688524311148 -0.069619927784526 -0.255957275968495
0.0128674632111231 0.415889375177928 0.0559193912960458 -0.334446246364318
0.192140711140629 0.387968008192991 -0.0244933702410819 -0.383165247913236
0.320992118921234 0.248487372032732 -0.104013090789381 -0.306171945308291
0.314071673335215 0.0773060062264087 -0.0898978570160942 -0.171852431607312
0.284005565775058 -0.0297352253429744 -0.0469485471369383 -0.117979156205289
0.23443401973284 -0.120372787037049 0.0191358908900638 -0.0780181019707296
0.189197410462945 -0.123409751726655 0.056793552061368 -0.0676009855819515
0.201456371197784 -0.128316218540494 0.123658777877434 -0.0406692895511789
0.258012653550604 -0.0656984699370604 0.176434461514369 0.0134366438992662
0.270837585687764 0.0251529656388248 0.211857073451508 0.100149636386092
0.294387328439072 0.147246015512753 0.119254422361301 0.202635330914353
0.22068520184053 0.272935527946431 -0.0286274287905611 0.197089800760506
0.0528435211178546 0.371376247891951 -0.069976300404441 0.0263836778100607
-0.0564281071022773 0.421168713869391 0.0693116575229883 -0.176137056846302
-0.0428334346716981 0.277867609612585 -0.0372691302612611 -0.359971706490348
0.00679937507946216 0.32326547337542 0.036528408088838 -0.402859637978657
0.155888570922805 0.298924789187649 -0.0128559063877399 -0.369880808839847
0.251894927608395 0.178827582660904 -0.0573125306596492 -0.275065515039628
0.233856343852428 0.0504068608777363 -0.0061141833622294 -0.165906064329336
0.213423757907695 -0.0223786890802448 0.0422206693348296 -0.144810243274376
0.183842600750675 -0.087737958506264 0.095926897066114 -0.115095092719937
0.15404307164141 -0.0858770880642683 0.133775312171125 -0.0973783645651309
0.169778784234619 -0.0768022523488069 0.204154678652388 -0.0575050619217974
0.209472514022123 -0.0164516783170772 0.247659010673452 0.0175118772698071
0.206914094971368 0.0624479840210481 0.259468717046965 0.123050951948821
0.207525618588815 0.163505363937318 0.134023032714201 0.208433920354984
0.132111146662709 0.254178085808771 -0.0148748589233428 0.165319086380678
-0.0178600894228257 0.310578029764135 -0.0479750763489908 -0.0278312190389777
-0.101068243017403 0.323585878107266 0.107201353697544 -0.263051243471562
-0.0551626972067613 0.132237261681915 -0.0133408421449402 -0.406078129195234
-0.0199432912731799 0.178372887890833 0.0130985171224902 -0.422229278468107
0.0760885603393374 0.166982467027694 0.00819382003769862 -0.341261799002669
0.126455422900829 0.0961644127910249 -0.0124141158578076 -0.251748139110505
0.112198230561566 0.0326783331297262 0.0492448571558006 -0.173178869531097
0.111331713313204 0.00440296311002996 0.0969823290401579 -0.172430729361951
0.108619389267769 -0.0331002432938483 0.142015378147796 -0.141073531542237
0.0953945429891763 -0.0366606057612409 0.188229056626213 -0.109701710300311
0.107322278640473 -0.0261400293411899 0.266000046537997 -0.055741595267522
0.126387831140228 0.011229263291671 0.297851425708214 0.0452144726229449
0.120157384101821 0.0607501676591833 0.283459083963264 0.163577439999184
0.114729598805897 0.125202522940403 0.138327785586651 0.223169541635761
0.0541943289042573 0.184427502527588 0.00604761286706225 0.148386130455545
-0.0606770979744442 0.2055659474636 -0.0122077820159473 -0.0519960971187134
-0.117890830046766 0.184266464174501 0.148394850306388 -0.30758904428812
0.060901602651527 -0.00846098327415448 -0.135375632801687 0.359066151054315
0.0323721160177696 -0.0699426106936467 0.0247811001422769 0.116021227781
-0.0118407955897918 -0.0803421040297748 -0.00418534911768836 -0.150507156862874
-0.035871898550804 -0.0392741325554249 -0.122800633862215 -0.250735550939999
-0.0196127867920317 -0.0328810535474007 -0.293214281205734 -0.211120940425995
-0.0181736259787335 -0.0285360117608575 -0.349839736031993 -0.0524725777591494
-0.0332707528647593 -0.0178383953329458 -0.306606076813946 0.0693335853222567
-0.0270517015185417 -0.0221475382683019 -0.23978222355097 0.140212294333672
-0.0296998284759094 -0.0417327024185522 -0.160031668117478 0.182921490316779
-0.0101950482970453 -0.0587397366253516 -0.113044070298447 0.218254267969167
0.00890209398913715 -0.0553106025249944 -0.0752848938982476 0.219639474474745
0.0242547792214825 -0.0563498033845841 -0.0408405598315218 0.259453757147406
0.0276500290302618 -0.0574973992096537 -0.0350937130649778 0.329683795095888
0.0634856835220237 -0.0330722280488485 -0.00492908221134631 0.363502426328698
0.0738189194313058 0.0104978893113793 0.0336524298120109 0.380966712174064
0.0476404601710226 0.143344468500176 -0.173134487049354 0.295916780488521
0.0249015271112637 0.081126349072792 0.00416251395711128 0.0716551734622655
0.0346368474066985 0.0604245810055656 -0.0335663442004459 -0.190351447072947
0.0563048494868646 0.0657411239972919 -0.142916542508566 -0.276161774949485
0.0894980261919289 0.021891737787153 -0.297532434410002 -0.223212136212997
0.0939792234505109 -0.0273833554941054 -0.349468882538901 -0.0682258889688234
0.0657326434273264 -0.0635996405237624 -0.298464341702149 0.0523738417297133
0.0498854193389638 -0.0775651855671477 -0.228433914354226 0.118056884791117
0.0482014170166444 -0.111160786490307 -0.143210825703096 0.159254973461892
0.0932515537832419 -0.109370111580069 -0.0856360214167141 0.196258925983321
0.125857369960666 -0.0730412549504234 -0.0420511207736236 0.206158360693663
0.165417597220513 -0.0193949430763886 -0.0191325933322838 0.257846294792078
0.143474340983954 0.0474353251019156 -0.033933028490588 0.316627646648385
0.114519192791097 0.122492153766352 0.00130768996584697 0.315433588535702
0.0838405309951156 0.192261263597385 0.0467248058606982 0.316527691138299
0.0230538543767451 0.27893485352656 -0.177170537466108 0.187947428990312
0.0142512320730679 0.236427670671039 0.0140768414677256 -0.00890376959079613
0.0873914989679615 0.2083604002738 -0.0465605900740067 -0.253455399577844
0.158264785050002 0.167458865538795 -0.16202421712955 -0.306254928491727
0.198433379861992 0.0695720417484608 -0.289866810174206 -0.220801500265607
0.19787189308181 -0.0263119046675449 -0.317990244072271 -0.0751792216420397
0.156227534400681 -0.100566871052598 -0.253120378804026 0.0283418667426985
0.118597317422227 -0.122508556265556 -0.185974706286809 0.0781840243904096
0.115648034275792 -0.164803973271424 -0.101893176856373 0.113539574285963
0.177155029879862 -0.147573334493982 -0.0358110796875411 0.150928395671279
0.218155899945625 -0.0890117952197412 0.0157783361349432 0.177317818597596
0.278647952514226 0.00254288939294766 0.020114218734568 0.249492915373557
0.245053514603583 0.125417488726429 -0.0282888190398335 0.301187707394189
0.159552558686108 0.247610465299277 -0.0128759180114342 0.252871059955898
0.0860678196440917 0.341589046245775 0.0483185503521631 0.209199349058064
0.00240263410243781 0.376000982097596 -0.153885873806708 0.0463645804136802
0.0165737630274591 0.367245788210366 0.0372355863394872 -0.11655874217572
0.152567031110827 0.334161284674561 -0.0497754552768219 -0.320922780695354
0.265359454220399 0.239233725747262 -0.170005308223988 -0.327343805208376
0.292964331115119 0.0903102846187861 -0.255712410442271 -0.204646173785531
0.276626249172129 -0.0321790156243088 -0.252590816568129 -0.0800675499846385
0.220761288361075 -0.130726996706633 -0.176379716410285 -0.00237067284246684
0.168818086066984 -0.149777205301422 -0.117154151838348 0.0283239761227793
0.165978225589466 -0.188333618461052 -0.039534374120302 0.0543216039810917
0.236013208984385 -0.157924826396884 0.0280216087095289 0.0916788707343772
0.278124864076512 -0.0835310149573633 0.0851687650316606 0.137223755295209
0.346715607652664 0.0308651076693623 0.0641159126853638 0.232030884356729
0.303803435912173 0.187053159926571 -0.0251817861829215 0.27672139342472
0.173868320065986 0.335406688465475 -0.0399063308375837 0.182293713631583
0.0670621035500174 0.43790038865797 0.0437315345821052 0.0770611474104901
-0.0103005116470818 0.414811902581629 -0.118101877650517 -0.113144019052375
0.0287829777240741 0.437778859231088 0.0501923120581264 -0.237618689828893
0.206888819483256 0.401290918600541 -0.0482842817612613 -0.371303702210187
0.340387190594226 0.263777662861333 -0.156466096043683 -0.327978499993812
0.345174138171668 0.0846590722700025 -0.190106291000436 -0.185564478961024
0.310829414971613 -0.0433399382963258 -0.158705367947856 -0.0930553762239975
0.247650389528297 -0.144106195056637 -0.081341886366389 -0.041926206434466
0.191994725115793 -0.154135035261359 -0.0325986787843966 -0.0252890591155123
0.195452294109215 -0.178998832594151 0.038661426208969 -0.00335111163213862
0.266128885120548 -0.131900228389863 0.103151390965234 0.0371395465196525
0.300667698960744 -0.0451125702574872 0.155193062801507 0.101835142194833
0.357036684207701 0.0806448015389823 0.1041844913367 0.212755074213592
0.302518632056725 0.239006091465163 -0.0225787912220614 0.242046147110687
0.142357257990057 0.381179300289778 -0.0653088915228953 0.105881019795248
0.0249716293381842 0.469735359270179 0.0450737159453452 -0.0601155149579311
-0.0183826226096971 0.383867764471801 -0.0820795726915078 -0.261192502035249
0.0350690035386437 0.425501210322272 0.0423197599159161 -0.345743922719644
0.219110062631259 0.386479480037296 -0.0439123076977904 -0.389814272397684
0.343025599409246 0.236776641980206 -0.120912307068436 -0.307482505744778
0.327909921280548 0.0630191734921786 -0.100676290449928 -0.172412725467796
0.289700488591031 -0.0466404607962373 -0.0544803435651765 -0.118013288643885
0.233549877420245 -0.134930154311225 0.0145458189188001 -0.0864466185641628
0.186210111801727 -0.134900675175428 0.0559702628701009 -0.0730921868461514
0.197451343877072 -0.141293956277236 0.124823935758131 -0.047949406881377
0.260031549601089 -0.0812030530997441 0.182104911833943 0.00463150876278732
0.280150343313268 0.0104426167379564 0.220690935300547 0.0917720650808621
0.310100741572671 0.133268841193917 0.132924384644474 0.202945776016634
0.240936389204067 0.268451251187355 -0.0179157060508145 0.20370448942259
0.0734907013771757 0.377059770668289 -0.0712048973230587 0.0328774174523986
-0.0329653435292348 0.43354113206329 0.0628374891305155 -0.18197694289093
-0.0298882856406316 0.28439028684579 -0.0542078741414056 -0.369680960615761
0.0243306692233537 0.330880815219226 0.0184459687114051 -0.414184808283405
0.176608851694506 0.297548410390396 -0.0320820866813508 -0.377674466342506
0.268102462735527 0.170819528179533 -0.0714467428663212 -0.277495536202418
0.243969237987821 0.0401975792631415 -0.0145722390936877 -0.169467401030275
0.217726603590444 -0.0340006284704662 0.0367162969395304 -0.151375655932303
0.183236519812712 -0.0989221219188217 0.0925086090691468 -0.127726601745753
0.151409858110742 -0.0944259844496041 0.133726589403792 -0.107796929341017
0.168351357718511 -0.0872422410395949 0.206611730442094 -0.0697861445993669
0.21299940150609 -0.0289398879706926 0.25497094868107 0.00483123295496972
0.216828369619641 0.0529988871054087 0.271101868517134 0.112114239975394
0.221005488391289 0.15460420111511 0.148622305331691 0.207638198654243
0.148777052827286 0.252959716467583 -0.0064037217697368 0.170119277025084
-0.00296394033037431 0.31799086816177 -0.0516133722588272 -0.0228543054524215
-0.0846317011545632 0.334676857641542 0.0964760644055143 -0.272224321819861
-0.0497036480604488 0.136977257268954 -0.0312189868619099 -0.417878599699159
-0.0117284795937396 0.183564188760322 -0.00586285908963491 -0.431454164778373
0.0870810010826733 0.166569947571774 -0.0095914170366691 -0.349617639064265
0.134736282988808 0.0930082153887989 -0.0234357483797629 -0.255924558311279
0.116925348786475 0.0293715821843478 0.043799407995573 -0.180100756823269
0.114113680566723 -0.000867859905841295 0.090443738034188 -0.181483830489759
0.108625426266044 -0.0387239683353598 0.139107457307319 -0.15572560214898
0.0943688553532742 -0.0417419390037504 0.188791082368922 -0.123213793974536
0.107127308043987 -0.0320710934088124 0.269076853985076 -0.0701853904416224
0.129291302916826 0.0046683395496524 0.308194286124537 0.030993457009349
0.126696079355218 0.0558011004239123 0.298305860708163 0.153113408551206
0.123567273940512 0.120779014510385 0.153249385782853 0.223218071485403
0.0649330468917592 0.185627261173932 0.0136730810338851 0.152282795946987
-0.0521284416089734 0.212166196324702 -0.0170694016094463 -0.0493185599978642
-0.109110909518367 0.193086991847323 0.135953077489088 -0.319261408418957
0.0629256610812219 -0.0122516909532595 -0.110672883217678 0.376681109241615
0.02914627137742 -0.0739848893574024 0.0359105348557018 0.116550327547484
-0.0170750215676429 -0.0833032964372523 -0.0158693055161522 -0.152350165831998
-0.0395188869421237 -0.0389008892519259 -0.145406686364044 -0.247251822406262
-0.0241695138160687 -0.0334768914039865 -0.317035199632984 -0.193826478032949
-0.0210112855340154 -0.0294677744158753 -0.362920692821026 -0.0265183418252661
-0.0333814078563491 -0.016169263721087 -0.309901106755063 0.0972456174632087
-0.0285689863882818 -0.021300149330083 -0.236148239527879 0.165927510925226
-0.0339800040415877 -0.0401194519168199 -0.15051858699523 0.201534148488257
-0.0151405774579809 -0.0592401136866638 -0.0987912042521239 0.233708006768288
0.00424585623358559 -0.0570467340285113 -0.0594772701452428 0.233357450261353
0.0189158860127359 -0.0602097769594272 -0.0198485893191601 0.27056648010253
0.0242065900507979 -0.0601575994067278 -0.00938062128234418 0.339946872430329
0.0634705312304816 -0.0375342857973341 0.0230211603168414 0.372387145234917
0.0757155315648743 0.00648930125845777 0.0640864430374565 0.390525108656501
0.0597920740111747 0.14330698373111 -0.155336993561882 0.315635534033034
0.0335090386649626 0.0814637751978807 0.0115121773737674 0.0714375767010943
0.0432260196372901 0.0567858057345169 -0.04955091283665 -0.190424497587752
0.064480277238832 0.0603649554094249 -0.168896928831536 -0.271712068148196
0.093747759263891 0.0137388804210745 -0.323383183423989 -0.206111394133742
0.0937420567559452 -0.0380430610390571 -0.362861348134491 -0.0427726339930411
0.0637203125059688 -0.0708876373499351 -0.303720181038461 0.0781499308386532
0.0456696883550111 -0.0837461529392375 -0.226843997209292 0.140972415302298
0.0397945093515664 -0.118408462980387 -0.135205047388822 0.176458917810188
0.0871014203381604 -0.120471302422199 -0.0724546449566402 0.208565777118547
0.123649292678212 -0.0856368686175745 -0.0272213129783994 0.217139005712105
0.167035316358153 -0.0347933434299895 0.00149838880103768 0.267213310931005
0.15239108746726 0.0374557842497805 -0.00800397220824226 0.326588292041108
0.128460161237414 0.117463090321682 0.0259139453706615 0.324639911818401
0.101812926152122 0.191267335390604 0.0716652926150087 0.32358103653508
0.0445864501772078 0.28361804758412 -0.167478221878179 0.205285503055088
0.0350209257343542 0.241083416261938 0.0157200469490139 -0.0114868896298631
0.109233043990168 0.204461992170801 -0.067522744034304 -0.254185686049498
0.178088965782602 0.156598588374957 -0.189899953987029 -0.300500772449617
0.210909264589195 0.0530874473019255 -0.315967773300308 -0.203954645758875
0.201525703762813 -0.0451614303774722 -0.331978995947038 -0.0517451198485767
0.15317184808311 -0.117083102345361 -0.259705482309403 0.0476564942106421
0.11216284097152 -0.135081326895332 -0.185380898164765 0.0964204107017132
0.104037873791714 -0.177707830350405 -0.0955745346807785 0.12539055253008
0.169067680912302 -0.167218862150685 -0.0248168131370898 0.157319833775289
0.217268926204485 -0.110470781937757 0.0290032783083506 0.181086112372885
0.28511257372889 -0.0223690868093238 0.0418618197557918 0.256333999945709
0.26365345816102 0.109760322772034 -0.00401962960157828 0.309755248234323
0.185221463539255 0.241264720255589 0.00691680898525116 0.261511784527631
0.117754600325782 0.342798824740012 0.0648040087149497 0.212989272379086
0.0311119199093829 0.38410387602962 -0.154395029437252 0.0581310036245882
0.0479149643183455 0.375569005915748 0.031086930646191 -0.123604103386272
0.187572380041264 0.328441110314644 -0.0757055574948086 -0.323127808257194
0.294594349266427 0.222376607268569 -0.19964250686786 -0.321884339166679
0.310427206329264 0.0667684087189243 -0.279923697076193 -0.190446651448817
0.281568108705076 -0.0587675350365868 -0.265320779463511 -0.0615770085263537
0.216291132122908 -0.152548221755919 -0.184068347299803 0.00886234781391666
0.160965310794587 -0.16641405653519 -0.118253665284881 0.0389974053895015
0.152582960409161 -0.207301660160483 -0.0365759121636468 0.0602616779652097
0.228193564358159 -0.183326410438479 0.0365639029413403 0.0916013090475904
0.280471860495619 -0.110066481239845 0.095806450686892 0.13419618379968
0.357506032500901 0.000254704207285017 0.0861542467587784 0.234806163665664
0.329657010097181 0.166417383334118 -0.00210322101773385 0.285625717308817
0.207672404146693 0.330234911307875 -0.0268529475706662 0.191448046849808
0.107790859840645 0.442812955912546 0.0510967583741881 0.0772763647292782
0.0200258424424639 0.425434709601362 -0.129909911972934 -0.108530072967937
0.0666181837895949 0.447084462568927 0.0338424897218471 -0.248344622147808
0.248179097036085 0.393015528451427 -0.0785739914003803 -0.374680448566775
0.37227918254987 0.24129075282088 -0.184980202471185 -0.322630127791443
0.363367963395408 0.0563724842011745 -0.209734050321519 -0.17642654903556
0.315762436791378 -0.0711800709179667 -0.169704019327946 -0.0822313078447691
0.243037544189012 -0.167788845810027 -0.0892604620063919 -0.0408178698331609
0.184083758457477 -0.172780932494469 -0.0351740085469271 -0.0237535988514127
0.183532630507903 -0.199096511687235 0.0391702961680489 -0.00562351226164668
0.26184828189329 -0.158479516048573 0.108513243222304 0.0291126161860097
0.306491506323777 -0.0728173394909719 0.165537784485068 0.0921301867963582
0.373337512158835 0.0495436937328135 0.124734830782169 0.211563830220209
0.331992917713771 0.219347933371011 -0.00325854263901887 0.250111077840807
0.178497360336421 0.379552746821598 -0.0580881070217805 0.116329538299989
0.0666064917882391 0.477648075988049 0.0410291338855554 -0.0625810370224522
0.0103449560676879 0.393611107669201 -0.105264444352393 -0.263974158959849
0.0720651019059576 0.432771831507405 0.0163911486957255 -0.357959021380504
0.258785422437906 0.377099689802502 -0.076868203091334 -0.393905831203587
0.373939106196016 0.213679041247214 -0.147329550369231 -0.30518132231257
0.344569324549735 0.0372977574522931 -0.116738336714945 -0.168915266749212
0.294141889437942 -0.0736318101046974 -0.064593928446463 -0.116885943505154
0.228392365826203 -0.156752732342141 0.00545073201103577 -0.0949605540464939
0.179230341448483 -0.152817796296328 0.0517825176544744 -0.0809711344643248
0.188916351161417 -0.161198772714957 0.124426446124255 -0.0587120520082554
0.259131605913504 -0.106109692350139 0.187475499074454 -0.010520020332409
0.289866890016804 -0.0140934321478271 0.232022059437384 0.0759878973145673
0.3297427818295 0.108198230819705 0.153082100674986 0.198911541315949
0.271205425430942 0.254453858786759 -0.00206305560177103 0.210595357808174
0.10729240651226 0.380121135598725 -0.0713197047542105 0.0429602245942026
0.00540167259743889 0.445319907803492 0.0491763029756642 -0.189761756520595
-0.00827204872946326 0.292905334738653 -0.0844465092583721 -0.377473147561627
0.0524555753566755 0.336663421016406 -0.01390102622155 -0.425663002041352
0.206474094118257 0.290033429703682 -0.0634534489472581 -0.382901582248607
0.290106475972488 0.152497236203679 -0.0935822985589267 -0.278568223569892
0.255633096657591 0.0217624973551771 -0.0268064178844616 -0.173278016191729
0.220677269271342 -0.0538734240193946 0.0251322419593158 -0.158042923014869
0.179423597444614 -0.115523853595965 0.0831961665688664 -0.144064928886887
0.146940644871173 -0.108818018264057 0.129601898173056 -0.122842252531174
0.163764515880129 -0.103477088314403 0.207008346226144 -0.0883873799186831
0.215188068676311 -0.0477038570194778 0.262679105771747 -0.015390234649462
0.227587760284618 0.0356719739599887 0.285447016732972 0.0933221480709133
0.239792158128328 0.138759573778392 0.170048367641991 0.202583619513576
0.174757829449398 0.246695017438156 0.00681288543135835 0.175513771638782
0.0227330962893038 0.326358802631 -0.0555198894353082 -0.0153097263246281
-0.0564787324222335 0.348657300029807 0.0776243505801653 -0.28532601087521
-0.0394546649750989 0.143017087928739 -0.0644631412633942 -0.429916746069082
0.00330600101867552 0.188728244670155 -0.0407536137952675 -0.440535561125949
0.103001867952661 0.164573698257061 -0.0374293079770445 -0.357262525525083
0.146761469590936 0.0850100737711412 -0.0438466097462321 -0.260320435460631
0.1227084003017 0.0215176931758662 0.0322939033625071 -0.189043144987382
0.117601460860095 -0.0100554473679282 0.0788468145830147 -0.194252716115237
0.107622497681081 -0.0484011089282438 0.130879453529814 -0.175204061862472
0.0923196006337398 -0.0498686427319045 0.185746951110302 -0.143587726367164
0.106727146080707 -0.0413751226556587 0.271290624680149 -0.0943585603727903
0.13189874787041 -0.00604521490024492 0.319329585935063 0.00632944990345981
0.135082428671569 0.0469403535939319 0.31824275364367 0.131992840254333
0.135587631486102 0.11294351104439 0.176553983546897 0.217752595871614
0.0814841293948558 0.184514216190219 0.026245868271526 0.15573125149136
-0.0376348178219605 0.22029025306717 -0.0222395396574203 -0.0456972268974614
-0.0939953875056398 0.205837392344552 0.11472965868672 -0.336156005793461
0.0625152537548001 -0.0183372101819263 -0.0736784661916291 0.384890363630216
0.0223418554481403 -0.0774739117042415 0.0484581298756001 0.112091143500212
-0.0254328228005928 -0.0832160948429966 -0.0300005659262315 -0.148388101143102
-0.0432196721395296 -0.035852418462521 -0.169539277023208 -0.231090695598307
-0.0287138026851132 -0.0312137748908341 -0.337188212096918 -0.16185907833999
-0.0243076005118204 -0.0289920247147538 -0.364788364928657 0.00937168462242713
-0.0331788357336657 -0.0139382120809522 -0.298906407870525 0.130382621505423
-0.0299502569742977 -0.0187131454304336 -0.219230735576602 0.191731989931359
-0.0374159026995218 -0.0361293014250749 -0.130379717140248 0.218888642589349
-0.0207056169732462 -0.057281293919188 -0.0748801325489922 0.244575228823109
-0.00169854848201683 -0.0575146448666849 -0.0356197296239959 0.240324118295264
0.0114145878391499 -0.0622397022724178 0.00738510618958526 0.272121767426441
0.0184153373411819 -0.0616554675853218 0.025635180354944 0.339910970351166
0.0607155835982825 -0.0435324331519315 0.0588862308729853 0.368120120266083
0.0752377534576961 -1.78667889156464E-06 0.102258965873325 0.385292572806892
0.0742018532328453 0.136608696752031 -0.123994060343343 0.329277038429656
0.0424360883796952 0.0782297259479871 0.0203928637852736 0.0691919232590404
0.0500033001993365 0.0499652221041223 -0.0669409077344128 -0.182919169639542
0.0716110896393297 0.0514047942524833 -0.194155987046198 -0.253553416880881
0.0948663623791993 0.00226624537643158 -0.344339829347371 -0.173010484933947
0.0892009187277376 -0.0497318972448351 -0.367175330367844 -0.0050691909887894
0.0580992742472387 -0.0786010293717508 -0.295754313489996 0.109038551329086
0.0378855993190688 -0.0887168780975589 -0.212129298871967 0.166042045506741
0.0274207434188005 -0.121938238907512 -0.117786141214467 0.191060991159918
0.0739652616471921 -0.129648028879316 -0.0516385283526311 0.215489109894014
0.115100199757002 -0.098609961565872 -0.0057644084551389 0.220728436060593
0.162100747672888 -0.052347477934273 0.0303104879646479 0.267273712376284
0.157140018707139 0.0223249809791598 0.026188227539256 0.325739939896111
0.142029692461679 0.104385912096122 0.0573358946738561 0.320359457992779
0.121999015447957 0.180444332081231 0.10380337256616 0.3173262876986
0.0723867877460959 0.277533872026253 -0.147216417515015 0.219710929507084
0.0599322037064598 0.237406321128592 0.0161381311921333 -0.0140895547438574
0.132495843082553 0.190207906583864 -0.0916470605696903 -0.244398849476574
0.195853329877898 0.135606671931578 -0.219105722790657 -0.280639028692752
0.216856101512854 0.0286580017712742 -0.336815681210177 -0.171706144665297
0.195074972703389 -0.0683151076142983 -0.335958729182122 -0.0171164722565701
0.141847920962591 -0.134010022385305 -0.256594913274874 0.0733133479065435
0.0992958703114321 -0.146236966052242 -0.176531282609027 0.116345972783072
0.0839887947508332 -0.187634069174736 -0.0832008559194417 0.136377205895559
0.151049575833157 -0.185115190782033 -0.00924491435081689 0.159140886556055
0.205958642203361 -0.13332136090159 0.0461142170737312 0.18010934471702
0.280793847043155 -0.0526197651115567 0.0698063449073356 0.252232655812792
0.275972599253996 0.0815075036072141 0.028457610473673 0.309028962246105
0.21111423077425 0.222552249197656 0.0324264223408794 0.260785423259589
0.154659202969197 0.329371300038135 0.0853785809718715 0.207596520341167
0.0684915515392286 0.380317352124261 -0.148898106555229 0.0716172956977198
0.0871528561931333 0.369814694481904 0.0192610132374098 -0.12707673834688
0.223214111899531 0.306170484211667 -0.107112190819854 -0.312539643792066
0.319087852694833 0.188971297676169 -0.230204812950363 -0.300677847949808
0.318798775092411 0.0321874393347199 -0.298684190610502 -0.161290734786113
0.274333584246077 -0.0895450434318338 -0.270239570174965 -0.0331338554378233
0.200900596299519 -0.17564258960586 -0.185027104199712 0.0256938508093881
0.144038241953477 -0.182260417277152 -0.115064993959627 0.0511808014188303
0.129651863996866 -0.22193286449817 -0.0303591769783348 0.0647896821917998
0.208283534034881 -0.207535525679516 0.0455369445208982 0.086987387221159
0.268811826892569 -0.140318027536791 0.107859613016134 0.125944123092466
0.355652856218558 -0.0384393624567537 0.111919926148125 0.226318681757966
0.348919402751608 0.132363079101749 0.0282954897101926 0.283769621807274
0.242803797381891 0.307479020303587 -0.00701547443754834 0.195941194269304
0.156460236503291 0.428725829432057 0.0574234581120153 0.0741956400793728
0.061238273525959 0.42172102674185 -0.141292413458321 -0.0967000204714323
0.113050795642507 0.438957609063722 0.00972581677546219 -0.251786243789618
0.290293256022754 0.363489759443549 -0.115515959825556 -0.363401914183078
0.399622416285029 0.199518819252008 -0.216708165424467 -0.303658354346621
0.371250354348162 0.0166537647565621 -0.227230178114886 -0.153581377248468
0.307588464185221 -0.106228111428117 -0.176892300815706 -0.0640303430874073
0.224917725027248 -0.193198702621578 -0.0961982336453933 -0.0349448002825247
0.16590961854808 -0.190440858368542 -0.037856573084206 -0.0215682445921752
0.160555089804157 -0.217184721425031 0.0391994299596599 -0.00936402597427608
0.243826893535642 -0.18649593215662 0.11052938520821 0.0174221665794886
0.299455435525255 -0.106305565979095 0.172550104349368 0.0763262647861778
0.376986846286289 0.00879534573683342 0.148090482176808 0.199495750516035
0.356548142056664 0.18336678322096 0.0226063370248553 0.249896894601892
0.21919768813043 0.359923644262981 -0.0467951096684976 0.123901548266603
0.121044616568292 0.467394077796635 0.0340545257509368 -0.0654521985906997
0.048986164686991 0.390608754555783 -0.131812982787798 -0.254692659586738
0.115880646094186 0.423464371906732 -0.019533946666008 -0.357959695667592
0.299372532404009 0.34759417752415 -0.115354787382075 -0.384099610039847
0.397129298277195 0.17333087572065 -0.176370524382864 -0.288932502505587
0.350071818081274 0.00064149060541773 -0.132602689642494 -0.156901536973983
0.286007116130944 -0.105104564811835 -0.0752641773151257 -0.109857326511599
0.211128778284857 -0.180231684042676 -0.00643515893865702 -0.0994093724560148
0.162562197532639 -0.16941874760931 0.0432408114261176 -0.0880009652943271
0.170606561415224 -0.179585513860446 0.118914050486649 -0.0714034942082119
0.246824502542444 -0.133642248416517 0.18503275284458 -0.0304391897105063
0.289017763085912 -0.0456552063003865 0.236779068267342 0.0521437549101716
0.338889685949002 0.071583490589165 0.174805709673418 0.183788327326834
0.299017584250882 0.224852324365432 0.0190694013467504 0.209791680744324
0.146345463702601 0.367245033471694 -0.0662467427580301 0.0524673918549673
0.0545314848002662 0.440037309804568 0.0297874250599072 -0.192739461450031
0.020780803744287 0.292176578498884 -0.12244266269298 -0.370015799920026
0.0875696146331145 0.329915667311398 -0.0568303709486386 -0.421131797628441
0.237454012019106 0.267082503384463 -0.10170688430416 -0.37460437199412
0.307503282324962 0.122542571867432 -0.120070467146683 -0.267890580457821
0.259462251665052 -0.00504497126643713 -0.0437297431348915 -0.170844868858876
0.215187345139819 -0.0772864911668235 0.00987195913985399 -0.161678204570733
0.165924883650883 -0.133500020907359 0.0670812171499468 -0.156057621701748
0.134885894456846 -0.122314231424554 0.116944478305195 -0.138401695936688
0.15168121439297 -0.119387874214805 0.198151305888287 -0.110103165591437
0.208826148504403 -0.0698244202896296 0.260401591474435 -0.0431911200221201
0.231375892901792 0.0105629357440361 0.292204074773346 0.0633339986924033
0.252597330704476 0.112363074349189 0.190877224763701 0.185162903796972
0.200663613784584 0.22744107363347 0.0240055535482125 0.175007328428701
0.0557680825379451 0.321896125800792 -0.0568282992968039 -0.00685943067927029
-0.0179845032378801 0.350597160142605 0.0480462660932597 -0.290413843608612
-0.0243861083505647 0.145611931319221 -0.106830387009562 -0.425057576694991
0.023543779148778 0.187768197240178 -0.0867651471140443 -0.433837588504545
0.120443782178061 0.153292085198559 -0.0736729329765756 -0.351693781199055
0.156439511926288 0.0707186826627503 -0.0679004586060903 -0.254629395598075
0.126511366373615 0.00993949535456364 0.014056119271086 -0.192426288368517
0.117109022793655 -0.0222971752537371 0.0593193719338798 -0.203614868049937
0.102492294778271 -0.0586054157006339 0.112126828201188 -0.192260474419745
0.0861908641798557 -0.0585211746176579 0.171738663139813 -0.164590287106716
0.101190085591394 -0.0519748229004546 0.261421519934885 -0.122626301447856
0.12988588348517 -0.019774291489852 0.319915136666502 -0.0256616697454331
0.140024601385503 0.0328747105583406 0.329939004116362 0.0992068001664939
0.146455798711014 0.0976287406495493 0.199056796535893 0.199759489372203
0.100066028515467 0.175322727398335 0.0413513171035426 0.153314639440353
-0.0150761876618739 0.223009710214666 -0.026988786765785 -0.0398092975539324
-0.0702067700530118 0.213392369290084 0.0803098086348602 -0.345047672372168
0.0600611498166531 -0.0226296869885858 -0.0370043553065811 0.374613370348287
0.0157608103772742 -0.0759552647789577 0.0577753579208328 0.101968475076205
-0.0321822904538982 -0.079104550382312 -0.0401010798178652 -0.138327365129351
-0.0447555459712028 -0.0319915977407119 -0.182616230589621 -0.205854153527562
-0.0314301282997671 -0.02764428341557 -0.337970839559991 -0.12565504382815
-0.026914771770616 -0.0267878846328064 -0.349265615056424 0.0419495948811904
-0.0317597301552907 -0.0115776658712044 -0.274776232024561 0.153753059057068
-0.0293810638553194 -0.0161368368354173 -0.19358717252983 0.207065027287074
-0.0384755421620523 -0.0314632635210386 -0.105990387984783 0.223122266976123
-0.0254877487223939 -0.0530611330683643 -0.0495005113156667 0.242301573311619
-0.00728921327384745 -0.0553048184681299 -0.0125760750138741 0.235389808855468
0.00488841454794316 -0.0606697502916124 0.0322483935399983 0.259408305010244
0.0132705435586824 -0.0598871006497343 0.0550765964566387 0.322624948593718
0.0549988186601847 -0.0470637535514706 0.0877793157196148 0.347790169022086
0.0718514484797992 -0.00626943930342768 0.132029849313149 0.362373889957473
0.0839948596589431 0.125088927198363 -0.091044330385194 0.325237355484765
0.0484755751683205 0.0713928670488547 0.0267336795419666 0.0633654416013404
0.053188452666612 0.0413906019922822 -0.0785157961232742 -0.168098187588534
0.0741660425078893 0.0408349919111696 -0.208658096342593 -0.22575556919014
0.091265372529681 -0.00809977549384858 -0.347045841804497 -0.135547574297745
0.0801869706219764 -0.0575753681485411 -0.352033507119095 0.0284931727052596
0.049488164309794 -0.0823933663978379 -0.274950255092403 0.132276571698558
0.0292276963693878 -0.0893233552749659 -0.190185430744203 0.180906193413075
0.0150385803534645 -0.118378713568736 -0.0962409460821746 0.19537586959173
0.0589174900506244 -0.131317541340588 -0.0304502329344558 0.212169391394207
0.101140643037803 -0.105849336269846 0.0137568314253942 0.213704909798579
0.148909653792508 -0.0655596747826485 0.0539222677384157 0.252789741807958
0.154532034979391 0.0067420827861803 0.0551181758922898 0.309827847681688
0.146757469725716 0.0867919263821382 0.0830198751321537 0.302482033925181
0.133515693817128 0.161080303003483 0.126400439629484 0.298253772811364
0.0932931373618703 0.260537514339221 -0.122928621013721 0.223457337934526
0.0795784957091262 0.22235072976839 0.0150816947419639 -0.015919101005731
0.145338601025983 0.167656037540195 -0.107434782690197 -0.224680649853375
0.201509599179271 0.109037941152215 -0.234190191196526 -0.249915318784588
0.212220877954582 0.00541662578374505 -0.338779580416412 -0.134716204486871
0.180604420158454 -0.0861104264964882 -0.322659456688497 0.0150039003902715
0.12437565989749 -0.143331540289974 -0.241139977291817 0.0938435001525296
0.0830461763907426 -0.149536727400945 -0.15924675516214 0.128982852919751
0.0627706325993626 -0.18653416137739 -0.0678444327080898 0.139197816435784
0.127798674033028 -0.192208350295957 0.00446431091660499 0.153625693508137
0.186219230745512 -0.148435648708079 0.0596972673584443 0.169716568006519
0.263772417305461 -0.0772436063763815 0.0917847326618714 0.235065690730995
0.274569255923939 0.0522626153309963 0.0559311541349017 0.292916715070745
0.225060135401184 0.192899771195574 0.0541636311703224 0.249162881092147
0.179473745577045 0.299356961241806 0.0999294464010703 0.194224209450182
0.0987363283829433 0.358745815838293 -0.137770309474488 0.0813540809245438
0.117087278989852 0.346523732336501 0.00816005184376325 -0.123967567230772
0.243767526007439 0.270309250476015 -0.128606311300321 -0.287946528562574
0.325374884662227 0.148870729061508 -0.246781626261014 -0.267427306525644
0.310965378488683 -0.00134608388494913 -0.301707229983127 -0.12765816465383
0.254974702103007 -0.11448073713147 -0.261000431526401 -0.00648497030877422
0.176448709578069 -0.187727307449279 -0.17772109311813 0.0401771849696127
0.121650631549522 -0.188331771091818 -0.106421901866851 0.0598567610555179
0.102773759850936 -0.223393136658161 -0.0226874279677074 0.0656266596738848
0.179586499246565 -0.218769879857093 0.0500157085774641 0.0793893562034364
0.246280576567939 -0.161488315963196 0.112650120239398 0.112731122542114
0.337313124986094 -0.0710521478458596 0.130108669869924 0.206344973510906
0.34937451193789 0.092491708213457 0.052613870084182 0.26974400968767
0.263491175309936 0.272197487390803 0.0108592970285334 0.189596852049845
0.191836767013898 0.393586761306471 0.0614841487564979 0.0679806972474259
0.0965821487939302 0.398758981787498 -0.145757408804712 -0.0807190600162436
0.148326569986561 0.410111315311083 -0.0127321901921444 -0.241038636249032
0.314431739698255 0.319213569142172 -0.141909231891712 -0.336377752577513
0.403297804315304 0.151564902784608 -0.233124065447495 -0.272051755410182
0.359446409102162 -0.0205435696394086 -0.230947582332671 -0.127991794037612
0.285452261265752 -0.133086156271804 -0.173843304644271 -0.0456595115708489
0.198057733568761 -0.206741279091487 -0.0983687000052244 -0.0269743165242515
0.142538840457306 -0.196969280136172 -0.0391607764254903 -0.0179453241693935
0.133320709039261 -0.222066064500945 0.0371736244299956 -0.0128005638202181
0.215566295411468 -0.202511243590799 0.106466036127553 0.00605918472872976
0.278671687587359 -0.132339339498514 0.170254574944245 0.0588349827824207
0.36203002939732 -0.0272867886466131 0.16183953783581 0.177634830904183
0.360711190123484 0.140943419322234 0.0442631682792321 0.236827356744179
0.243995023445989 0.322346462266038 -0.0334130433867677 0.125482870621809
0.16105463517819 0.431754312601614 0.0259740893792434 -0.0638572464906538
0.0821676302601233 0.371156922000095 -0.15023031961394 -0.232764920126883
0.150205596225748 0.395275454062259 -0.0505792394310004 -0.339837375197964
0.321196153228768 0.30254376776665 -0.144298207690625 -0.35646637413333
0.39905656566166 0.127768198684805 -0.193878044806498 -0.262103997681349
0.337998305673435 -0.0344844342609876 -0.140229392314056 -0.138792849889491
0.265080434143759 -0.128940055476905 -0.0809522141493631 -0.099498176214522
0.185908885659784 -0.192130771311012 -0.0185147437989739 -0.0980244804829502
0.14081301053718 -0.177009444135908 0.0330203908761672 -0.0902264547610144
0.146083284857746 -0.186197219373181 0.107825451771353 -0.080171520132128
0.223001069409729 -0.151847829686517 0.174097456521449 -0.0461812432432548
0.27403428024756 -0.0726199353306991 0.229962656466727 0.029422856290835
0.331604705391558 0.0361760504734759 0.186159100950758 0.159924491127349
0.308961530447652 0.186840149232728 0.037235927368805 0.199935406929123
0.174583273608182 0.338000922760969 -0.0585901570278658 0.0591572626114753
0.0950896455653948 0.413092097831751 0.0103310559091768 -0.185983934923942
0.0462917175580266 0.27853560264808 -0.150330050168501 -0.344943788919713
0.114443146078011 0.307711430047068 -0.0930045057448689 -0.397093280219091
0.25342077460171 0.233054225759373 -0.129681145350657 -0.348893851880503
0.307720672089858 0.0882961481749071 -0.138325185242741 -0.246737930440948
0.250720623251884 -0.0291800659693488 -0.0566905871319599 -0.160870296387973
0.199873772278117 -0.0945797302606298 -0.00368415711368591 -0.156763095023653
0.146920411646891 -0.142377581806315 0.0478484394503316 -0.159318317436378
0.118573466497492 -0.129218766907422 0.0992668135069481 -0.14563545750046
0.133206980128074 -0.127608608799559 0.180115002845186 -0.124970900781708
0.192593477458991 -0.0869546552391803 0.245404338897685 -0.0656310653043077
0.224785074174446 -0.0125679788425395 0.284592857372163 0.0344962222909902
0.252224899535869 0.0825307194309488 0.201041412630234 0.16042448159888
0.213761930433311 0.19778338542815 0.0383776900396703 0.166204556292151
0.0823730462591584 0.302853554905271 -0.0542108871106527 0.00143594251413101
0.0177438058925828 0.334718205207111 0.0202393392471831 -0.28139764303639
-0.0100685262221291 0.141669689131371 -0.140668032343698 -0.399424885236452
0.0404515727069503 0.177028952782262 -0.12096502498772 -0.406456725732919
0.130874847196098 0.136064938750767 -0.101773800426184 -0.329496498623752
0.157791555660429 0.0536387876050553 -0.08721006991687 -0.237682214195766
0.124213762021232 -0.00144271396793283 -0.00245653480870954 -0.18704022021757
0.111138973407338 -0.0320818765195368 0.038149803467007 -0.201769360601559
0.0922239116556795 -0.0649620925278946 0.0884822032315052 -0.198414353215181
0.0769557945499901 -0.0628246180132587 0.150245038299896 -0.176456193950288
0.0916804359814907 -0.0581276111901769 0.239871000133636 -0.142462176485343
0.121933495571192 -0.030653851370838 0.304750550266318 -0.054835426674601
0.137596122302487 0.0178187079178508 0.324465080910566 0.065315330531132
0.149158236167145 0.0792025021715281 0.208833354939186 0.173969609841399
0.112100891608432 0.15785605226417 0.0524865716151152 0.144399547803857
0.00498079252716967 0.214620952743786 -0.0289179372304778 -0.033566426642248
-0.0456832920338153 0.208780913726438 0.0462061599156749 -0.336472704120617
0.057309919438375 -0.0244958154210342 0.0414154543654801 0.35068907796277
0.00418489669228894 -0.072796544376469 0.0760217601817305 0.079697247012822
-0.0454058713530674 -0.0672562883284305 -0.0620584683858178 -0.127076215557855
-0.0521119887553165 -0.0188654073803655 -0.209810987264015 -0.163942997758791
-0.0377643010034962 -0.0135613962171134 -0.343222214219319 -0.0561094136612799
-0.0295044652812778 -0.016403428571773 -0.322189046726598 0.101503341512061
-0.0288845933158808 -0.00447809489946002 -0.235140805650415 0.194255280116264
-0.0281986886987409 -0.00969929797606194 -0.144280727022758 0.230654531781202
-0.0382899847018857 -0.021677565406172 -0.0569939849689959 0.232292184357756
-0.0310695243889884 -0.0436696610413734 0.0014615254779246 0.238519358229124
-0.0135394065214681 -0.0482573389252897 0.0344510236659722 0.223742252982817
-0.00545249840068217 -0.053494202481016 0.0792701549437555 0.236111151095753
0.00433842359189281 -0.0537674146371226 0.114736328524916 0.288333779024688
0.0433121226893237 -0.0473667766762287 0.146866496346423 0.305929184950148
0.0688661238312868 -0.0118352639096265 0.184718882453727 0.316481748741816
0.0995566320196456 0.107238008496794 -0.0173126716566284 0.324301976578346
0.0578603698873088 0.0568488978541741 0.0399046740556902 0.0552414984932605
0.051570831943559 0.0281171988159327 -0.0989770353859594 -0.1381401952095
0.0682136606298375 0.0249309090576854 -0.233554805417582 -0.16861220142831
0.0780799530180258 -0.0173972724781765 -0.345382635305868 -0.0609440741248389
0.0645936743137965 -0.0628640793624219 -0.323186645768153 0.0886867535104875
0.0332228452977854 -0.0835141721727891 -0.234561902600994 0.172650940457741
0.0154774753306302 -0.0860930172802591 -0.14463887532636 0.20545221117282
-0.00333891707793462 -0.111191161227509 -0.0530073234767194 0.206378525535734
0.0344027928949525 -0.130901381700287 0.015157556644588 0.20925060800579
0.0801026703555109 -0.111544529469697 0.054238913496658 0.199405643221384
0.128697979698957 -0.0817549141463465 0.0961895148213325 0.22677053759563
0.144432720944957 -0.013599130711332 0.113091028352743 0.27932693602839
0.15054630859834 0.0594981659334307 0.130702848994409 0.266060508790506
0.153030496534902 0.133309044121641 0.167231602892321 0.257183767332715
0.126497498196021 0.23013534048139 -0.066934112287804 0.242448689419382
0.109805561229449 0.189902763201993 0.0142454241362375 -0.00962298084187931
0.156053662674354 0.126705203432003 -0.132782225088892 -0.175380890577324
0.19567319304118 0.0638604375294421 -0.256422789591391 -0.176859097043331
0.190521915115916 -0.0261611267221722 -0.329367911197088 -0.060474688013888
0.153217143911415 -0.106131965030107 -0.293002506765691 0.0684693825882167
0.0911085999195735 -0.15187708054083 -0.205549707420901 0.128164695778263
0.0556040578425242 -0.150604726637731 -0.12473606094177 0.150890564251692
0.0287015656999672 -0.182509782768299 -0.0362818558614694 0.14961740196755
0.0875285955697767 -0.199803539250239 0.0374346792550403 0.149033638029772
0.152838533032493 -0.164009229307305 0.0876822727308055 0.150745572900778
0.23386981450992 -0.112467339421052 0.126434058879777 0.203793181104914
0.261630814673598 0.00904515812539939 0.110777104488889 0.265114669653296
0.240213415345927 0.143858106490916 0.0924312629157297 0.222553355292144
0.216492946829858 0.253268537174636 0.122956294348403 0.165557842930877
0.144046224142397 0.31749959020796 -0.108656209153851 0.119223202971668
0.16274662692399 0.296043205150328 -0.0132818522917288 -0.103848651298568
0.260382579528415 0.203259426007405 -0.159802054151455 -0.221451523667789
0.314943873934952 0.0774025731900895 -0.265860591215191 -0.184220862363511
0.280445221093408 -0.0501120987877665 -0.286202595248989 -0.0612363743533118
0.217302816405166 -0.145436654795879 -0.23463754503581 0.0349443416196777
0.130544615598224 -0.202358878099635 -0.15248172823057 0.0649052014916992
0.0856066212685575 -0.192615965610561 -0.0871556357122541 0.0757973812864703
0.0598847030214274 -0.222960668667017 -0.00714075175665467 0.0711109033587998
0.131500947655568 -0.233845517658425 0.0656801565556782 0.0713346555650653
0.207014043130737 -0.185909426605691 0.126057803909305 0.0866799725504489
0.304601199768048 -0.119341883970076 0.15614772452192 0.170180582002206
0.33555455827073 0.0345765091636558 0.104315481071041 0.246091881348703
0.288423838333348 0.2078633336051 0.0391119434157534 0.176232038469858
0.240985999291387 0.337427135070047 0.064577535973461 0.0553235464825042
0.145187036537613 0.352470454114121 -0.147496363499669 -0.027086726486936
0.199566710972572 0.348571506536029 -0.0541050808818106 -0.205608362959811
0.331381608012249 0.235866803782121 -0.177888528755102 -0.25942200879304
0.385886818637875 0.0668151271551785 -0.249133368060045 -0.187598725408904
0.322915804515412 -0.0769258447248283 -0.21663035970411 -0.0752342401582737
0.242533074700408 -0.168052031730229 -0.158482806551817 -0.0184713623234165
0.146476004724528 -0.223333309019504 -0.088280414225913 -0.014420234340968
0.102831192137915 -0.204107849765417 -0.0379191400807324 -0.0104137097440374
0.0874836006059574 -0.226701812013493 0.0337268910839037 -0.0139815389698805
0.167528501820508 -0.22563657482481 0.103660993817289 -0.00734661798126179
0.240846124831487 -0.16421524185388 0.168688419578267 0.02461452599461
0.335003140799069 -0.0837398234968669 0.179083561286375 0.137092179379144
0.353881324289755 0.0762418565868935 0.0891670609099604 0.218582597259351
0.278847040610524 0.258172290504038 -0.0137146953595176 0.125051781304187
0.217042977625457 0.375632109502017 0.00878227241844044 -0.0611694847037679
0.125287398189804 0.326464463486351 -0.182427024395061 -0.168443881879203
0.197398811094616 0.334279856490855 -0.109586541876363 -0.290936983151403
0.334699540971253 0.220219745031681 -0.18256221175621 -0.277942889334846
0.378517859502622 0.0455957800009905 -0.208795723390735 -0.18755820492348
0.301303838887249 -0.087052366641598 -0.134812052835061 -0.104867085308491
0.223607897137078 -0.162488795259075 -0.0817241603969907 -0.0863959735518662
0.137131250300241 -0.207651082039841 -0.0252739196485023 -0.0964086054472485
0.104267581110341 -0.185248195578357 0.0163628904396875 -0.0916649144047496
0.104485296723923 -0.197582032717725 0.087092468902157 -0.0922200706160499
0.18283741691969 -0.180382145576143 0.156426831587379 -0.0703559827512442
0.24552928076187 -0.109100148068647 0.218343838489589 -0.0147309303171396
0.317730193877676 -0.0188065842199202 0.197989162688079 0.115021590903429
0.312127652413976 0.125581289779618 0.0741916946638379 0.186135105056536
0.216308400270842 0.282395666480808 -0.0496187644851433 0.0674839578684595
0.152455012871483 0.366060480731628 -0.0265469531139111 -0.172643009060174
0.0773083687644625 0.245248144963418 -0.206284857079211 -0.277279713977455
0.148554446858514 0.260872296980331 -0.160765559832354 -0.339347420658702
0.262373864773184 0.168678794906748 -0.172360886966591 -0.279788220986842
0.289881418283786 0.0256083494651895 -0.15910877344925 -0.188735953876961
0.222273944582558 -0.068877150639788 -0.0660192818040602 -0.141424747956975
0.168355280628221 -0.120279321173681 -0.0234207942686552 -0.153053241601251
0.109261061222752 -0.156055917125445 0.0237136341138257 -0.165670279550953
0.0897731935886512 -0.137645445638308 0.068467150950323 -0.156774279587196
0.103090138905751 -0.141280196788586 0.14611075348571 -0.149676456138442
0.165934966118123 -0.11434944424384 0.218240376418799 -0.104489567012703
0.209424592259789 -0.0457704173984547 0.271036561426325 -0.0225387111827259
0.251527068934405 0.0373937365236775 0.213604352006551 0.111118327439125
0.225731081201675 0.150697227841757 0.0675965654833942 0.15350641877362
0.125789928816357 0.265755175759613 -0.0552013121589827 0.0115609146466132
0.0678723250722607 0.30369166055846 -0.0337072183737537 -0.263565294030309
0.00476657720035516 0.127426858232728 -0.209393083769918 -0.337741853876366
0.0592035857192055 0.154780800843851 -0.191657506353938 -0.347637001278026
0.136243368495636 0.100558156160101 -0.150244054534935 -0.276046324834879
0.149389067173741 0.021376556229245 -0.117378751408607 -0.19861330152704
0.110930662587599 -0.0232680168683082 -0.0289246056475483 -0.175349768172738
0.0955792852900935 -0.0483568055543755 0.00362265705072448 -0.200055549460604
0.0719080383145903 -0.0761769594681537 0.0533283353996279 -0.207860166461796
0.0612919746428594 -0.0708705650658566 0.109209162930182 -0.194525873597051
0.0747485498436954 -0.0700524757739097 0.199364678390521 -0.178985166961144
0.109552778103493 -0.0497114386777546 0.275994018076213 -0.107543918152993
0.133141838250573 -0.00485514301101107 0.314686892856634 -0.00160418243437391
0.153504339391472 0.0521116896802835 0.224670304202337 0.12189776426886
0.126378975407228 0.129033712462531 0.0750898675230393 0.128381122265077
0.039619996456415 0.197118618663418 -0.0355473825182661 -0.0260571995122277
-0.0109085008065828 0.195250170672261 -0.0175118635390973 -0.319057643537381
0.0554554663101708 -0.0249819107430469 0.0433805803033601 0.334233393583271
0.00362217875522485 -0.0696404418988935 0.0749317857710052 0.0731706254976233
-0.0445050522371912 -0.063542142992577 -0.0587856734185098 -0.121133186313784
-0.0504096163969996 -0.0176846512610444 -0.202216024041088 -0.154490760467587
-0.0367242394661193 -0.012208994522845 -0.330796360612811 -0.0481678173937351
-0.0292008715897112 -0.0154544817707762 -0.307304842885987 0.10210688315046
-0.0277060352416881 -0.00558437916272375 -0.220463784751532 0.191007702343767
-0.0267246459707493 -0.00950703917563309 -0.133599697150315 0.225443853559849
-0.0358177130705957 -0.0203566825987978 -0.051705977485207 0.225723191434166
-0.0298831715275334 -0.0410355434744536 0.00592003568045222 0.22998733256275
-0.0140296189286442 -0.0455167885731206 0.036485549365745 0.213936075569202
-0.00589965436369843 -0.0506491305750303 0.0785426027959116 0.223167965107977
0.00488477755572483 -0.0514013179170309 0.11407285385056 0.272658759108537
0.0412729581394857 -0.0455167261767328 0.144659503944334 0.291115204134889
0.0652824091001205 -0.0108608904485705 0.181391123516107 0.302728431161409
0.0970835426060416 0.10071315323721 -0.0125724583567166 0.310466825115403
0.0569360472153269 0.05430487490274 0.0402997825634106 0.0508076605571157
0.0498908750241497 0.0247643601038671 -0.0950498362644857 -0.130709725816858
0.0657891957834561 0.0211905171193996 -0.22491403663197 -0.158358037538035
0.0745200832219328 -0.0188412914110863 -0.332013503493935 -0.0528252844284619
0.0596832967692027 -0.0628464984249768 -0.306585077247095 0.0890041249447824
0.0301320418019362 -0.0816830199909801 -0.221723334154257 0.169603946303436
0.0140810784073829 -0.0834566249476728 -0.134740295180765 0.201542846488729
-0.00395492475810498 -0.10576868363769 -0.0476713669324996 0.199455767256562
0.0306346987792261 -0.125984701126964 0.0168436856585631 0.20080847609764
0.0745375812604152 -0.10909250999774 0.054862374480265 0.191105814076827
0.121487894617666 -0.0803492431324715 0.095331527572829 0.213314666855871
0.140142725103379 -0.0161807463329492 0.112626256422524 0.263743755853157
0.145837149912914 0.053515735166856 0.129660625507098 0.253481122668342
0.14754968443578 0.124868149049435 0.163432162863707 0.246040416311782
0.124889998494799 0.217599372673813 -0.0616103203851937 0.234514244396009
0.109243798306222 0.180247602582515 0.0142066432716572 -0.0103495708177011
0.152028513499222 0.116918233426701 -0.127106310240391 -0.165096716822443
0.188756550234015 0.0544087244269885 -0.247233761448568 -0.165884934176536
0.182719123576851 -0.0312297357387476 -0.316383217547635 -0.0533287960880139
0.143580127397454 -0.10601377322917 -0.278386177410949 0.0697978907895344
0.0838347558064881 -0.148173514328487 -0.195721698345106 0.126808913958209
0.0513273385534941 -0.146238405874545 -0.117458147484017 0.148568721238541
0.0253122285980414 -0.173717024552736 -0.0319374796377048 0.144064852771217
0.079706728736685 -0.19352490126572 0.0371792628574133 0.14348632929297
0.143157771900159 -0.161310914366328 0.0860611968236469 0.144645211100161
0.221046995362391 -0.111959558916222 0.124658596664392 0.191840229652594
0.251894763574974 0.00268213196761412 0.110425902694753 0.251756458068073
0.232495489075191 0.131999595504082 0.092585294814804 0.212727813306476
0.210655430608085 0.23669691029605 0.120277021717992 0.15933902082576
0.143014083629889 0.301602020273166 -0.102814995840112 0.117133440662663
0.161766771870235 0.281100660819162 -0.0128202891266621 -0.0990628985128637
0.253777137557166 0.187500558982904 -0.154030674725223 -0.208755840067596
0.303389215618535 0.0653829535506891 -0.255586308244338 -0.172533559725908
0.268292593467686 -0.0553689961858264 -0.274751790007863 -0.0545905585885777
0.204462422934636 -0.145039830420053 -0.22219320205049 0.0361631278254603
0.120959890210297 -0.196575337323374 -0.146754203064492 0.0637175683447532
0.0798075960245964 -0.186919080146768 -0.0832491049278188 0.0745936175091806
0.0536737579118253 -0.212977627821248 -0.0060078269839055 0.0684056699823974
0.12153888088958 -0.22680419332016 0.063157490066658 0.0684790091867455
0.193733478700161 -0.183488767737922 0.122046847742402 0.0827123349898899
0.288036185128859 -0.119845002753622 0.152309665507829 0.158798916676775
0.323243369891855 0.0249100184579742 0.103524968520784 0.23380437072854
0.278930572454049 0.193444896730391 0.0417402946428506 0.170119568440821
0.235166855155878 0.315436835146471 0.0628763979090818 0.0538811978809613
0.145346704751073 0.335240997791149 -0.14178048637264 -0.0227406707641032
0.198163496096887 0.330334387172003 -0.0538589833705434 -0.194947860922822
0.322077430344002 0.217039205947804 -0.171013850735611 -0.244087481549119
0.370885920449151 0.0538875268030629 -0.240127112014927 -0.175830269503123
0.308415022174209 -0.083079602573088 -0.208112255733781 -0.0698259338786749
0.227622921396117 -0.168107507804896 -0.150897221856842 -0.0165826657023941
0.134997899353048 -0.216804469114085 -0.0867972532122488 -0.0132125102813661
0.0952722370105619 -0.197496005228029 -0.0378261656318953 -0.00974069102935982
0.0792182392773737 -0.217328162243751 0.0317480555992414 -0.0147590492246824
0.155397136110759 -0.218961846721329 0.0977672469208541 -0.00823647658542456
0.227634478182263 -0.163714054655202 0.161262241799058 0.0232659753874915
0.317975915902088 -0.0864193932697262 0.174411220308078 0.126113080127029
0.340574446839504 0.0642166216419686 0.0889739358082894 0.208304554310746
0.27105051964513 0.241170471777931 -0.0100284540922828 0.121170811798492
0.21445847685665 0.35124397605129 0.00673006412358543 -0.0568191389145334
0.125842668403299 0.310529863434343 -0.176598894228847 -0.158009052953537
0.195268162718572 0.316025242377016 -0.107233079571012 -0.273765910573992
0.323715599893831 0.202976328277611 -0.177416877962502 -0.261742654935824
0.364341930993469 0.0339126940632701 -0.202265986881745 -0.175702984244297
0.28719408776565 -0.0914990336998125 -0.129725645637486 -0.0988375308718353
0.210276491951763 -0.161741128511623 -0.0792625831907197 -0.0827320873780163
0.126746684780066 -0.201132342564128 -0.0291918227404904 -0.093525537205833
0.0966375463444075 -0.179190888460673 0.0124561349689836 -0.089692187083199
0.0963515479966014 -0.189468146152632 0.0814542860744145 -0.0909421491011484
0.171322452556443 -0.175988515003274 0.147468331906973 -0.0697199392339883
0.233429938514647 -0.110841079653314 0.208400137742736 -0.0162860945088349
0.30293876317315 -0.0245053937914165 0.192263038205931 0.105225689103118
0.301245861716365 0.112092151784233 0.0738438383644057 0.17808824440756
0.211665486456636 0.266109347039564 -0.0449049177920848 0.0669546078788793
0.151913921915903 0.343713224479065 -0.0286684653221267 -0.162582377140633
0.0782654672011874 0.233232401629837 -0.201070497414951 -0.262938852539387
0.147349870571177 0.246460927760733 -0.156325301437232 -0.319577866562821
0.254860541065369 0.154599831275196 -0.167742439641521 -0.263773616476498
0.279222985687996 0.0175686951458893 -0.154190200756954 -0.178151307469232
0.212367377098264 -0.0720328245331317 -0.0638777960101067 -0.13568532285222
0.159619021177582 -0.11962509695693 -0.0245027385532864 -0.148114975669215
0.10109358290611 -0.151093476827583 0.0175006289703396 -0.16121070646951
0.0837265862985903 -0.133008884844721 0.0611545546784845 -0.153661212432849
0.0953439524928491 -0.135197330108206 0.136745525050836 -0.146813998617471
0.155291630447037 -0.112735166419524 0.206867361551212 -0.103366421805245
0.199656862341139 -0.0493645464395144 0.258056201023336 -0.0246727578246661
0.240377715088512 0.0311095169201108 0.206359167705344 0.102682747785912
0.219297692377671 0.138639646969173 0.0669200505559754 0.146940471231121
0.12481357091277 0.251082789604571 -0.0517822498254039 0.0138894918621461
0.0705566462124295 0.285765089384962 -0.0362863528953292 -0.250201958991135
0.00753724750976278 0.12111891588319 -0.204723458979478 -0.320571785107376
0.0598796935025003 0.145717951603859 -0.186481949034484 -0.326948513373589
0.132339505843964 0.0920935164799609 -0.147865910692501 -0.260455879202505
0.144522133334124 0.016014475074196 -0.11431322454396 -0.18719461701616
0.106895281390085 -0.0249036026794257 -0.0293962941073865 -0.169047040656194
0.0909400229649232 -0.0489752007357779 8.37981661497431E-05 -0.193742272353073
0.0667277506955718 -0.0730386548733253 0.0446880457909912 -0.202796840337282
0.0574276646427235 -0.0680198885043335 0.100719740698122 -0.19198837199106
0.0700032300787799 -0.06789546516831 0.187039119196088 -0.176001128190301
0.103355666934346 -0.0494051696525011 0.262216322223516 -0.108187958254228
0.127441414512391 -0.00774616945980627 0.300148376633922 -0.0066882879182363
0.147381195464944 0.0467409694017301 0.217508377639962 0.112555672480663
0.122245835177365 0.120444296684272 0.0736799976559372 0.123069441665608
0.041309742622558 0.188167661664051 -0.0335511729754355 -0.0226252162559404
-0.00546504544865736 0.184603564376316 -0.0219781699924875 -0.304123628688652
0.0554923545952617 -0.0263190338130312 0.0423915754117583 0.33080055371054
0.00394779861452547 -0.0689450930611264 0.0752385336757758 0.0708205125271196
-0.0446889236031192 -0.0629592423342854 -0.055387849730321 -0.121023183337526
-0.0500440220512376 -0.0179907980315823 -0.199325436333836 -0.153326323458455
-0.0365627673957192 -0.0122352388304874 -0.327709974932164 -0.0478201307406128
-0.0300481317778562 -0.0154276992044067 -0.304670744230365 0.10023281268405
-0.0271372312017829 -0.00682078090101333 -0.217161235262518 0.190581069561146
-0.0254136976979328 -0.0099673944127721 -0.13152114363665 0.22667716508117
-0.0342657657506226 -0.0206559949535621 -0.05056014313175 0.225414312012046
-0.0289356994704586 -0.0409322614567486 0.0062610258532932 0.229201622171047
-0.0142733631236028 -0.0447095701553293 0.0367622598247154 0.212701788161744
-0.00595851231217161 -0.0503578652572828 0.0758204990115777 0.220358241295893
0.00631199508992659 -0.050964499296924 0.112670193865495 0.26918121241592
0.0408183961222138 -0.0448745115464383 0.141768842460657 0.288109624179781
0.0637788660967487 -0.00906391181679306 0.179375264086541 0.301653280046373
0.096330555509282 0.0987688581986433 -0.0139828780151653 0.307729050808219
0.0572747516628261 0.0540680328268048 0.0404690411133741 0.048470694328781
0.0496617098641031 0.0237203872927756 -0.0908752408522717 -0.130200187843622
0.0652457623306568 0.0194522121246477 -0.221667303080245 -0.157094035988356
0.0744111727782391 -0.0203833000071371 -0.329729696581564 -0.0529905557615898
0.0579975958384691 -0.0629337285510988 -0.304093491820115 0.087834200578261
0.0293430977681769 -0.0825613137755758 -0.219227403666776 0.16935880294677
0.0144729990859449 -0.0840109073414152 -0.133251711158623 0.202573626652655
-0.00299047577482948 -0.10515214091679 -0.0472967507171725 0.200298402400381
0.0306334921966791 -0.125550705951119 0.016934402181772 0.200868125049331
0.0735759812141448 -0.108103927808754 0.0542367758137672 0.190273261562157
0.120158921369384 -0.0796999061620549 0.0933533366449284 0.210867858452588
0.140045256200373 -0.0171553524805147 0.111564984350819 0.260393781321168
0.143928261233739 0.0534441535061933 0.12873478910153 0.250978215519352
0.145247573314404 0.12390240362774 0.161683093063056 0.246245998705877
0.123434364970932 0.214796950672493 -0.0614896490707585 0.232985074243495
0.108974692256573 0.179608858969436 0.0154955025132288 -0.0112837913015871
0.151485761253626 0.114030640393489 -0.123105194494196 -0.16383891507259
0.187657343637858 0.0514477251375507 -0.243356211497335 -0.165434455296587
0.181533933328828 -0.0336278337171669 -0.314051814438473 -0.0525503151131101
0.140855484909683 -0.10729549908916 -0.275336983453041 0.0675882709144818
0.0825914260817233 -0.148333318940619 -0.194344902539113 0.125276422779867
0.0515415310276328 -0.145835559849454 -0.116780259459143 0.148668529798468
0.0261607111317006 -0.171702156758163 -0.0318684296482807 0.144139548734316
0.079086581483521 -0.192252236037806 0.0365257325662525 0.143613416120763
0.141411237072231 -0.16104142029708 0.0852376151972952 0.144322449843509
0.218957733662214 -0.110465681111931 0.123402800973999 0.187908665496579
0.251123519968422 0.000394933094225801 0.109956566752704 0.248892834627554
0.230126395155064 0.129930142012733 0.0927692069127121 0.211737688114801
0.207986356867773 0.233242213437314 0.118511821648884 0.160092178979677
0.141181802385337 0.297773510302111 -0.101454452558027 0.117736217910005
0.161419245857934 0.27944614389693 -0.0109081157034099 -0.0979030268635646
0.252368518175862 0.182862397563673 -0.14910235502108 -0.206251381657977
0.300954075759171 0.0611196122724267 -0.252177158626579 -0.172007983058934
0.266158010092921 -0.0592754368115273 -0.272484309731707 -0.0554210422590452
0.20116393904256 -0.146288708248995 -0.219641955970924 0.0337855387201373
0.118646754669128 -0.195319215632921 -0.147395534224796 0.0630475685553456
0.0791393306441062 -0.185847238153399 -0.0833969210998639 0.0748620357573991
0.0531686136763356 -0.210070122718107 -0.00604061118111511 0.0683442225721896
0.11955010095055 -0.225852910270032 0.0615013029052982 0.0690443292570644
0.191261172149423 -0.1842552951275 0.119954450887807 0.0839724931645978
0.285321860106327 -0.11930926018261 0.15095681037763 0.15593859810274
0.321783094323298 0.0217248669348282 0.103225703466544 0.231598649669296
0.276354230987572 0.189552988812276 0.0428616638420183 0.16918185754746
0.232886641878366 0.309551805425276 0.0618883778123193 0.0559615188141758
0.144737329607478 0.330564223625382 -0.139064802341117 -0.0207698781263868
0.196945525297824 0.327619020609264 -0.0510265189167026 -0.191506391007852
0.319604275945527 0.212109902009698 -0.166459796700494 -0.240421804937291
0.368475741709387 0.0501903209664414 -0.236304951234853 -0.174731289926866
0.30584674721434 -0.0863525060996174 -0.205888887462047 -0.0707889893269885
0.224857894909003 -0.168983655785677 -0.148431590555721 -0.0183658708890608
0.133229364464247 -0.21440007491655 -0.0890397439987028 -0.0139936072366722
0.0945842368749067 -0.196919593732791 -0.0388916712076319 -0.0100898662134922
0.0787705830292268 -0.213809741219738 0.0307995604502624 -0.0148227843943064
0.152959813784342 -0.218360622637969 0.0963106345293395 -0.00702353138546361
0.224117490069377 -0.165028210284626 0.1591004741556 0.0245396450208488
0.315146036760899 -0.0864858248977231 0.17363187551296 0.123189703116097
0.338241601693602 0.0605512649212287 0.0885723280985723 0.207603919294875
0.268546948618948 0.237610171357882 -0.00881727830083675 0.121746212420931
0.21161758935954 0.345736363600421 0.00700069502648922 -0.0542098050767114
0.125589187720865 0.306536964851068 -0.173641322430639 -0.155776412326067
0.194344450082879 0.312403749395974 -0.10332786864783 -0.269701617826742
0.321714685499563 0.19683016853093 -0.172185727630309 -0.257786890933776
0.361447003703634 0.029940259525922 -0.198622507245508 -0.174217269631294
0.285311401409657 -0.0938916938359486 -0.128011041691131 -0.0999447013194584
0.207736758430532 -0.162759440106025 -0.077650857252533 -0.0847296642715569
0.12514395041916 -0.199397916682106 -0.0322081598304781 -0.0943400556182112
0.0956028569731862 -0.178007863683222 0.0103925275655019 -0.0904356366307666
0.095100659381802 -0.185961508361581 0.0798352439346207 -0.090680852686406
0.16883930196069 -0.174187132248238 0.145335353399034 -0.0682006500422873
0.23067544081495 -0.112180063365357 0.205082512791584 -0.0148083360185782
0.300193341773453 -0.025821565554697 0.191072455255096 0.103358052531216
0.299227535812112 0.108419394209462 0.0734463346665953 0.177744909409925
0.209189107009935 0.262619760679321 -0.0430652244193813 0.0678207453215557
0.149883929672306 0.337246287616752 -0.0288559353293588 -0.159341640221151
0.0788101055045028 0.229708038579408 -0.196923098835445 -0.260872348108423
0.146149348501893 0.243121420056916 -0.151523560848566 -0.314273767434528
0.253270931741177 0.150247543241232 -0.164632411829329 -0.259858696430343
0.277645908686685 0.0142216858819905 -0.15164252583734 -0.176454386585911
0.211476988304128 -0.0733408292496242 -0.0626150146721362 -0.136069170332306
0.157554002828449 -0.120790874808693 -0.0241794871210942 -0.148678522915915
0.0999858313856236 -0.148671836266721 0.0144232037084149 -0.162596070721079
0.0828840325343809 -0.131862655930235 0.0585868073406037 -0.155228589056451
0.0942674681471169 -0.133503352409631 0.134654800193199 -0.146618974471758
0.1537261721418 -0.111437915101021 0.204469428108298 -0.101653218775792
0.1975291689898 -0.0511911617517604 0.254612491832223 -0.0238447314518872
0.238151479484863 0.029837934512382 0.20498546560086 0.100507058046287
0.216697711168558 0.135062709153121 0.066552098403002 0.146995561065327
0.123299885016333 0.247980310595179 -0.0499644554216911 0.0156837505403422
0.0701426950254607 0.280382685025784 -0.0367470327844475 -0.246470071936097
0.00843036925803135 0.11969554340362 -0.201862584851556 -0.319375752190409
0.059788785642785 0.14389682883785 -0.18231564904118 -0.321638870191821
0.131291313194764 0.0901515360116944 -0.144006623975052 -0.256842605065773
0.144326988665802 0.0144026134068313 -0.111482315807964 -0.185145989925781
0.106701343234979 -0.0253789492866401 -0.0275350685790997 -0.1692775326222
0.0903684304062648 -0.0496035627226821 -0.000501607533760676 -0.19333174318334
0.0657308740760837 -0.0715806275433243 0.0418221118602745 -0.20376233793556
0.0561360736562037 -0.0669083496035808 0.0982426185255621 -0.192876962263056
0.0692575905295203 -0.0671209748900908 0.184595132725568 -0.175638003474443
0.101853469071327 -0.0482262163648563 0.259333582802157 -0.107708546743034
0.126383782717235 -0.00906538380803357 0.295967670086374 -0.00648532499517941
0.146157248727046 0.0455741294783315 0.215721228281708 0.111445489774053
0.120769477119736 0.117997351454818 0.0727551049798103 0.123632229828642
0.0402074502478694 0.185598090097818 -0.0326023187328863 -0.0205666287321115
-0.00457039702704962 0.180011188324117 -0.0218472822920449 -0.300314009737231
0.0561982490144479 -0.0288414624000028 0.0456296692872754 0.339150018744348
0.00403136913776186 -0.0714994467295411 0.0784013071682282 0.0696715575845247
-0.0465922821214085 -0.0639175922534513 -0.0550665078460769 -0.125651917301562
-0.0516716103492659 -0.0183668376069326 -0.204690760703332 -0.156514857255845
-0.0375266573089426 -0.0119389714391376 -0.338316139175815 -0.0457945042309283
-0.0316095043071788 -0.0151330506827822 -0.312556567114124 0.105529874321291
-0.0273308363333759 -0.00827016624047884 -0.219625156388404 0.197746452937018
-0.0256426744138839 -0.0111231172838415 -0.131775348986758 0.237179920551175
-0.0343479658940065 -0.0221624334496576 -0.0494239286725413 0.235894698019529
-0.0299088175109845 -0.0422322870981927 0.00949644184702404 0.236743456436954
-0.0150770693630799 -0.0451446948373388 0.0390391311368112 0.217805633264089
-0.00633169730644695 -0.050936437926354 0.0778031807844205 0.225905394017681
0.00685013001237577 -0.0529887594450479 0.11755640496826 0.273832147015965
0.0416675718487192 -0.0451406617777534 0.148107271968237 0.293333184877198
0.0653043332638436 -0.00830200631499327 0.187657545371935 0.310185978286295
0.0995841360820402 0.0992665402068068 -0.0110936305203043 0.316952470233271
0.0603672890163941 0.0553178600478061 0.0429733949369229 0.0478529129233017
0.0517477863238439 0.0228907841788909 -0.0916140589619221 -0.134490610327512
0.0676299226417909 0.0172358882724509 -0.228041178072404 -0.160240875635837
0.0764444951497639 -0.0233075180078446 -0.340314353073506 -0.0510293037766014
0.0578982741155904 -0.0659413428595624 -0.311286238331458 0.0920299435960799
0.0292592703684501 -0.0864207342176444 -0.223116875480388 0.176338179832046
0.0149946896397585 -0.0875228798920392 -0.134623578976357 0.212211361970368
-0.00329730940924419 -0.108051846961985 -0.0460530349280493 0.20834718189372
0.0304538715025614 -0.129697269982453 0.0194605800598966 0.207477228813982
0.073711263001406 -0.111816409740119 0.0572981611269252 0.196105151968478
0.122341366168761 -0.0831892429632608 0.0971940218749677 0.215064360083226
0.144523420847556 -0.020884157023016 0.116382931344181 0.265482055016988
0.148218943047748 0.0541094170825389 0.134119011627419 0.256683719596649
0.150685417911519 0.126560897451238 0.168589682707508 0.253431453990553
0.129385592458222 0.218479583927127 -0.0606706051130947 0.241300046591372
0.115199244932011 0.184115602637617 0.0169785426732378 -0.0126548086700495
0.157067984503184 0.113531107183872 -0.124807930831671 -0.167623996730445
0.193401427744066 0.0484226398824331 -0.250256260310447 -0.167942302665834
0.187174320067224 -0.0393219910187061 -0.323644604456804 -0.0519853396142864
0.142721201222405 -0.113269956537095 -0.281782643178276 0.0708271284031307
0.0831208683283643 -0.154207920131407 -0.199605187438296 0.130882771554661
0.0516991214087549 -0.151828566634883 -0.118270805070481 0.156429003222314
0.0253940881791085 -0.176501916915211 -0.0313990565683046 0.150346458613846
0.0785955686100289 -0.198915822327297 0.0389373057956634 0.149376404974739
0.142860205119361 -0.167654662036596 0.0886971426123393 0.149399386037889
0.224161425010073 -0.116450716998161 0.127499045655284 0.190218216460386
0.258881195162291 -0.00443647336906138 0.115372987407284 0.25407062974841
0.237351678614608 0.131394316910745 0.0988349566889753 0.216398622138174
0.215063540447673 0.237078394112551 0.123946810340291 0.165326748409916
0.148839954570403 0.303939172567064 -0.101700203140163 0.122313940299881
0.169626503710428 0.285428528100867 -0.0103241364234024 -0.100522011748646
0.261392495224377 0.182905971289276 -0.150842760941868 -0.209957499978636
0.310099784402627 0.0566303225231392 -0.258670088337317 -0.175112948846722
0.27295292804113 -0.067685014159203 -0.280895025466392 -0.0551288563798565
0.203313670700128 -0.154700401637012 -0.224579469010982 0.0353243589930582
0.119714157932953 -0.202772243984959 -0.15283791085063 0.0660289085737745
0.0793386340163821 -0.193595312214498 -0.0859805893259108 0.0788574706168711
0.0534449944152254 -0.215233639958517 -0.00620298791790447 0.0713880699651682
0.120233019934975 -0.233874729093573 0.0636347806816962 0.0723114925458662
0.193549642685982 -0.192545173115559 0.124515667221509 0.0863060075293468
0.292449345405021 -0.125601526024977 0.156720061370087 0.156360233895288
0.331447626088301 0.0159219834108397 0.109105678221581 0.237084565556383
0.284604118116787 0.191755594774384 0.0469047731960579 0.173956642852717
0.241716785158242 0.314449822436057 0.0642580775712596 0.0592018709419912
0.151278339184401 0.337917407659854 -0.141273391326233 -0.0193699884884066
0.207139898205905 0.334383756937114 -0.0513556741008882 -0.195275913184061
0.330894550535205 0.210874143518448 -0.169752573157052 -0.244589118902085
0.379434869892099 0.0437166364068702 -0.243042465716745 -0.177714414891188
0.313395479785567 -0.0954259684752266 -0.212103022649493 -0.0717777914930419
0.227900120079518 -0.178076264936103 -0.152084512734082 -0.0201296362478536
0.134462167190216 -0.222165874741704 -0.0948540647553862 -0.0148916827113395
0.0950855707699273 -0.204290588353892 -0.0423362043016506 -0.00951125843185475
0.0796881109475453 -0.219324719775868 0.0308736138645147 -0.0156896619377627
0.154803869069732 -0.226299805158456 0.0988261042637323 -0.00721577894750676
0.227844769227257 -0.173554099220134 0.162741856605247 0.0258371733902082
0.323060464978314 -0.0930473528906297 0.178921722744699 0.123089867552432
0.34837539695695 0.0558600125822039 0.0941013052797004 0.212939971482026
0.277397311709927 0.240700538247316 -0.00553491405466975 0.126166586962459
0.220171978164714 0.350469482935411 0.0069631768247876 -0.05350887487596
0.132654320308014 0.313065068778014 -0.177194181677013 -0.158587327964298
0.203897379118561 0.319225726052663 -0.104988385390656 -0.274562807517201
0.332719533476306 0.196594126560108 -0.176951706092805 -0.262557134544201
0.372304956486443 0.0231958252865613 -0.20401764756201 -0.177183775542217
0.292009456454212 -0.102969380315665 -0.131809579254803 -0.103591473994867
0.210997467709219 -0.171001576686355 -0.0805217087264099 -0.0887126091616974
0.126467410825018 -0.205467084468248 -0.0380562279069672 -0.0976518047531168
0.0959842240299569 -0.184246978246134 0.00709780389185056 -0.0938592751692532
0.0968390560818033 -0.1914583021799 0.080122993525154 -0.094678802248761
0.170529068118207 -0.181567360859204 0.14828713302369 -0.0708879594410714
0.235171503773734 -0.119348937877849 0.209684496660994 -0.0159054264761753
0.307841362577923 -0.0302046480150608 0.197486073517732 0.102598123059047
0.308328248497923 0.10602600215677 0.0782779199475245 0.18318561070573
0.216686980363831 0.266874852484494 -0.0422573547252084 0.0717727082680015
0.157913060845553 0.341546784190833 -0.0312440991643824 -0.162111967220477
0.0835296854078684 0.234749958645952 -0.203393265251355 -0.267607839251756
0.153291758291004 0.24769627589847 -0.154963265111504 -0.319662987398695
0.260639872849763 0.149739558681637 -0.169030621205394 -0.264458149741607
0.285773680579575 0.00934450037837617 -0.155824217920106 -0.179908483765197
0.216481506377523 -0.0799436651328767 -0.0644711926301361 -0.141611867960091
0.16025241183496 -0.127123525304028 -0.0264232231194244 -0.154778617883234
0.101063338732937 -0.15302692944071 0.0088620770193861 -0.168701939900584
0.0832678526746231 -0.136424115941194 0.0560259355237443 -0.161775529073456
0.0959355165026627 -0.137415131926588 0.135753666500059 -0.152863314374745
0.156318178825688 -0.116771823655105 0.208551841709779 -0.106934821616055
0.201840320890384 -0.0559763025780957 0.26025557443379 -0.0258812337326494
0.244649768951417 0.0274182838595654 0.211766318873892 0.100422728019492
0.223878564124819 0.13484003804819 0.070155879954948 0.151408171928346
0.129157001441579 0.25327286477119 -0.0499311252103111 0.0184703723329178
0.0752745168017534 0.284003840827323 -0.0404745827110305 -0.251451384679647
0.0101537811614243 0.121786911998946 -0.208406604949771 -0.3290004140186
0.0630956400902695 0.146100320578986 -0.186428612623609 -0.326310552510297
0.135771575788952 0.0898601520059293 -0.149459369602018 -0.26136291985318
0.149735168830496 0.0109666432112769 -0.115151588244383 -0.18945154531488
0.110153252126105 -0.0286947830659677 -0.0288501046693175 -0.176212046208792
0.0923773006409807 -0.0526028431930758 -0.00245278155337527 -0.201003169433565
0.0667977028430639 -0.0736281281152732 0.0380852674225168 -0.211902365672761
0.0565620841002147 -0.0684497094597096 0.0958300066586431 -0.202525111424505
0.0698164669220449 -0.0684246059542355 0.18635421191793 -0.18418218460531
0.103727372269926 -0.0504789546889977 0.265869609305921 -0.113445444855944
0.129799700974626 -0.0115017202265132 0.30274759480672 -0.00926385650582991
0.150247431345615 0.0451309144101318 0.222547765299931 0.112120854398275
0.124267428204746 0.118987596685319 0.0761533422081003 0.127596689496657
0.0436547876032811 0.189788442657343 -0.0328165060519842 -0.0189403075762608
-0.00181132098408669 0.181570806093654 -0.0264078012497897 -0.306395343515088
0.0562275579110322 -0.0338232077285377 0.0620355155385046 0.352912326233756
0.00179736188637687 -0.0741302781570624 0.0859099022868011 0.0674600104159628
-0.0519510966494961 -0.0645895676614222 -0.0613892115547124 -0.131531144569776
-0.0546012101010853 -0.0170077245542353 -0.220511997149686 -0.156290646983476
-0.0392859204550807 -0.0109613985157136 -0.357002338490036 -0.0319759876954433
-0.0342324360703433 -0.0140875274539575 -0.323633438572199 0.125477157542998
-0.0291266153928967 -0.00940453413085012 -0.220030399274135 0.217751785756073
-0.0265253041756754 -0.0112961802938807 -0.12427003413533 0.257422762537689
-0.0360872233306453 -0.0224318027478294 -0.039690893609814 0.252231482311456
-0.0325746713377974 -0.0430046672536565 0.021238083476032 0.24907129988501
-0.0176754798808976 -0.0455874637388059 0.0503612006888843 0.227173163541284
-0.00891518879867982 -0.0534887294422057 0.0902053137473987 0.232833717772177
0.00582317954489215 -0.0565622421070012 0.135088999018987 0.279442150741491
0.041870866329092 -0.0475993479446375 0.166927992030761 0.299686665778429
0.0684014632031707 -0.0101494952442062 0.210468387978821 0.319581947207089
0.107731303694259 0.0983382571628672 0.0027263682688183 0.333580391648839
0.0672770999359966 0.0550507156154008 0.0470937689979079 0.0463953958551023
0.0553770967601955 0.0208192122139357 -0.0992377824723335 -0.138783550390256
0.071551639145434 0.0131959283303493 -0.244570898754772 -0.158983368053824
0.0785475151041516 -0.0301856230601487 -0.360066300688496 -0.0370973271570112
0.0567007054187541 -0.0724769887444793 -0.322424799302037 0.110429957318466
0.0265955418989032 -0.0933091421704237 -0.22545843807316 0.195303579716828
0.011876659770132 -0.0942133462668199 -0.129343699182232 0.231004052839088
-0.00752874835508303 -0.113360013821396 -0.0380296223061375 0.222943246796248
0.0258425146735494 -0.138441372310259 0.0301732737777571 0.218292644995071
0.0726600801498384 -0.120322755568415 0.0682105075950042 0.203407634071671
0.124566388053709 -0.0921703029327087 0.110229548972317 0.219447823400592
0.151089603974638 -0.029910032781591 0.13384813339459 0.271442178998944
0.157921548983815 0.0505673787262178 0.151959670184047 0.261805493510716
0.163158272889558 0.125800315172941 0.188531329324009 0.260033326026899
0.144347149121807 0.221964194492824 -0.0506574044161728 0.255932737266628
0.131260736248516 0.187822817281145 0.0185599010601568 -0.0148714382792723
0.170035142948485 0.109587891733891 -0.135139141617978 -0.170871952489409
0.204409126389074 0.0390626822049598 -0.268630067835785 -0.165378984970371
0.193486837548663 -0.0531728681031765 -0.342531100382775 -0.0402835826755326
0.142652861696172 -0.126264240142551 -0.291070758268022 0.0855807540316968
0.0787308259826737 -0.166278908277073 -0.204659650865785 0.146834042798841
0.0472460803165424 -0.162972074486988 -0.115732014959494 0.171777152752328
0.0195692875341606 -0.185974396550212 -0.0258968467819641 0.160993435649549
0.0732730740368795 -0.213075497429332 0.0475555074077222 0.156277184218246
0.14136958697427 -0.182855769205223 0.0991725490717349 0.153857729848504
0.22885846361707 -0.132315517124034 0.140971852234203 0.192299294613246
0.272033160206613 -0.0194126670666862 0.132718633214053 0.259593584328012
0.253592769415569 0.127250174355247 0.113547656316413 0.221528025329603
0.235798193562973 0.236874591761737 0.13741100530954 0.170056597958533
0.16908257778319 0.310620107894329 -0.0983107641489079 0.134049413078237
0.192842083962847 0.290991592580869 -0.013175574967868 -0.104448387643139
0.281922473096215 0.175719856157125 -0.164300483351918 -0.213332102449091
0.326486792354227 0.0410216396482685 -0.277585178583729 -0.171903740208104
0.282764937341007 -0.0874702518674744 -0.297433024337096 -0.0456445147207952
0.204532186181115 -0.173034001352506 -0.233760830781958 0.0446518517770872
0.115529811562593 -0.218795557782863 -0.158956427582575 0.0759956089980617
0.0740333866993142 -0.20693364208501 -0.0866630321235243 0.08807122266607
0.0471850788499875 -0.227926317920981 -0.00367141367536533 0.0759729430245701
0.114413578186396 -0.251390160844978 0.0704679362424117 0.0745678413605285
0.193268507796449 -0.21151999592049 0.133702667747954 0.0869208633269343
0.299817441060469 -0.146487886122536 0.170362094752467 0.155215188980729
0.347470070881951 -0.00182278858415385 0.12619516182061 0.242929196097916
0.307551959080335 0.187520640629166 0.0581941782962115 0.179797739095753
0.266517640698229 0.315667761889363 0.0706222321670961 0.0612937585443891
0.174866660894559 0.345311753405921 -0.146005907566661 -0.0142854971556106
0.23314461613917 0.339869026520235 -0.0592032808515258 -0.201966218093375
0.355126410390248 0.202131403385994 -0.185331227495735 -0.248039544203037
0.399003459364933 0.0244645408025634 -0.260855112700082 -0.17507349023408
0.322649888682281 -0.118495765015227 -0.225777960975046 -0.0670855808182291
0.228477231777663 -0.199644578832458 -0.160410175707813 -0.0163411218323479
0.130653108790846 -0.239303244668953 -0.103347585972232 -0.0111634358900117
0.0897040483280427 -0.219006010251104 -0.0467407071153984 -0.00710355612098517
0.0737958282133423 -0.232618929628108 0.0299545255251885 -0.0172984920476804
0.150106772174919 -0.244873567693179 0.103550425208098 -0.010358780239774
0.229739108605535 -0.193991667285455 0.171401390319407 0.0209830857223411
0.334682191317928 -0.113425419173503 0.192788581585941 0.118628491523976
0.367145833370682 0.0389439331885847 0.110313920223579 0.218712854609983
0.30087262108037 0.238287960335661 0.00153902372531005 0.132978393324613
0.24765941887843 0.354138365672946 0.00479664120000357 -0.0544211314542441
0.153364294815961 0.320571627246218 -0.190259659854508 -0.159423973393246
0.2294598219411 0.323994860536013 -0.118000080106131 -0.282425348667547
0.356955110608732 0.187722818726341 -0.193336048304288 -0.265590395554584
0.390560300037245 0.00355765299226903 -0.219969124910417 -0.176009148011524
0.300525203807058 -0.124512184289886 -0.143338393934379 -0.104311956267427
0.211902355614799 -0.190864034750283 -0.0880757079469666 -0.0921615213901421
0.12274490128207 -0.221468399039145 -0.0476542736877431 -0.101395944907753
0.0916076030970727 -0.197942152402177 0.000354130673677024 -0.0982341039801358
0.0924089199428643 -0.204172010093217 0.0777198162554847 -0.103302257253952
0.169364759334167 -0.198591936934819 0.152610720642912 -0.0797237288583661
0.23980820023756 -0.138100991235476 0.217674424087032 -0.0244560699191841
0.321425856904034 -0.0478473797832436 0.210838770525179 0.0971497585857512
0.326899835854047 0.093334735170808 0.0921672626610929 0.187951978383884
0.238870011834813 0.26855319023804 -0.0388021765195475 0.0775915505425688
0.181531551273518 0.347390846728202 -0.0400690762308429 -0.166180552943652
0.0992555817889267 0.241302416239034 -0.222672220956118 -0.272972837109454
0.172862238028438 0.251471140641214 -0.172226831714102 -0.327079754421784
0.27981914543365 0.142271673755658 -0.185385209641672 -0.267835100721052
0.300482022575909 -0.0066770150216472 -0.169655050164709 -0.180890678763651
0.223267518252656 -0.0966055670163666 -0.0738727056113429 -0.146924384203898
0.160881369876223 -0.142021080726404 -0.0352164889342616 -0.163533897434709
0.0985501476702867 -0.164816959381654 -0.00182926886479647 -0.178349519985924
0.0804753624924992 -0.146333642852542 0.0469956710975589 -0.172959584482719
0.0935076531151286 -0.147988496227351 0.133389206501619 -0.167800177723986
0.157772843535715 -0.129502100480467 0.213563863028174 -0.121414713267303
0.208878232524967 -0.0695428955658373 0.269932060933303 -0.0378299927809938
0.25818741390119 0.0157335758900767 0.226504899839606 0.095407670281443
0.239890320077383 0.128825766037105 0.081914059933935 0.156930179250946
0.14659733236332 0.259284178788923 -0.0498480981968818 0.0224967688497543
0.0928365916663469 0.29077209874153 -0.0537040336227777 -0.259691154249736
0.0172785178675088 0.125740005445083 -0.232581174110703 -0.337345755099929
0.073131967591972 0.148590373377879 -0.205366624037251 -0.332571374122734
0.145402817474091 0.0865509378211218 -0.165841119749086 -0.265630913757169
0.157290048595999 0.00199191694617135 -0.128463083628708 -0.192988821419883
0.114262484389366 -0.0365649102232336 -0.0378452045827968 -0.185859306385225
0.0941418286027871 -0.060233386882248 -0.0124564873515012 -0.212406821199158
0.0671746173109769 -0.0800994467262374 0.0267703903727453 -0.225300651725224
0.0562232671571418 -0.073808901118504 0.0871673365193003 -0.217994106686457
0.0698140521040311 -0.0747579902762739 0.184721915769002 -0.201959321072432
0.105681904308613 -0.0575118656278958 0.2730069331705 -0.13117295377895
0.134731553778644 -0.0188165398056323 0.317047922106751 -0.0222705390035772
0.158855750374753 0.0400202147879706 0.238031408097558 0.107932783418179
0.134460384209288 0.117347063580096 0.0862576354464653 0.131510832257448
0.0544137006157926 0.195940419387834 -0.0345138537895044 -0.0171318430348551
0.00712773945271048 0.187706387776027 -0.0417985280309185 -0.318568545229637
0.067333427703433 -0.022332324767456 0.0162315975697517 0.365056634427758
0.0147231882159562 -0.0753803086883996 0.0793379270208343 0.0757353000151786
-0.0438545929109925 -0.0720422206410184 -0.0464178536165574 -0.148869563052502
-0.0557442448973488 -0.0217901907033801 -0.208252995333349 -0.19526558953863
-0.0403619833162154 -0.0107964832137802 -0.367356561463212 -0.0785965493088849
-0.0341479388366105 -0.0155732941745349 -0.353010027745952 0.0866997631690323
-0.0293062273748177 -0.0137677967889402 -0.256807821447705 0.196706055119433
-0.0243661488027072 -0.0154839240162969 -0.161764518022882 0.251896934051011
-0.0326882459576045 -0.0298453476703287 -0.0722210093061903 0.260128337946831
-0.0260080202516912 -0.0480222041888944 -0.00774349298081256 0.261458651836182
-0.00939933741158284 -0.0478685475704481 0.0218837694403554 0.242046260035251
-0.00203425291853527 -0.052897671012367 0.0602409896723628 0.254476667519364
0.0162033231739946 -0.0538841006860868 0.100497861934588 0.304134707673826
0.052420110316646 -0.036122466047145 0.125192655868568 0.328543059550182
0.0774182135612843 0.00520093029515491 0.163144834515811 0.362032730286967
0.0977642545462616 0.119782617592469 -0.0402510842880148 0.342157962948728
0.0620389250834017 0.0653294552705284 0.0452646583328292 0.0532573433740993
0.0504304002566738 0.0290986779378685 -0.0775706979336295 -0.155642137067309
0.0656396318444503 0.024876757394089 -0.225765532906003 -0.19549861452416
0.0817753932174722 -0.013566919337558 -0.363706337496885 -0.0878569039718378
0.0668448122207478 -0.0616714222239218 -0.347070822590034 0.0699953791539555
0.039107953593424 -0.0911367906490987 -0.257872324391252 0.171491411715292
0.0296594637654661 -0.0940167091164955 -0.163756848669888 0.224205409572568
0.0107447639423898 -0.118792424214223 -0.0664962255175845 0.231565611280137
0.048410063748171 -0.137242062266155 0.00606777635073061 0.234001553469242
0.0967413324779971 -0.109762941281323 0.0403158046847019 0.223184293741824
0.14245749202332 -0.0736174247940222 0.076406383285836 0.247232086983586
0.160649986097969 -0.0017068840697735 0.0982496011292174 0.294734252197152
0.154630004923303 0.0835539566045575 0.111899599903047 0.283766804836704
0.15420731620468 0.164009218509255 0.148570877323458 0.289876735356911
0.113391374051454 0.249484522926763 -0.081460598427472 0.26182021110619
0.105730847707535 0.206918702292222 0.026238669610412 -0.00869505412726765
0.150999665989411 0.135314329466246 -0.101423088112224 -0.187699531628245
0.195353529359472 0.0678489058919637 -0.241187118075937 -0.202068900798893
0.200540933013947 -0.0212275567546272 -0.338886982673515 -0.0904959780428523
0.162017300194319 -0.105571749427661 -0.30922369510366 0.0462285268047962
0.103439927880804 -0.157808032895445 -0.226926389965243 0.123702411918165
0.0770121643553853 -0.158853853143537 -0.142357808210225 0.164215065258554
0.0497591138461221 -0.188260602105095 -0.0450410543823667 0.16939196027068
0.108828568389115 -0.207821899908914 0.03192935998499 0.174367864839184
0.178909222911479 -0.16278459884732 0.0764119241687472 0.178648143963809
0.256778330481384 -0.100133358625669 0.107967232317382 0.227446721354127
0.282885108822069 0.0304846381820958 0.0960411256381014 0.281943069783888
0.241780339691384 0.176665628319749 0.0747034234357209 0.234915304055141
0.211273783369356 0.293214672909072 0.108986755501304 0.180498379815664
0.122488525814472 0.342497460277241 -0.111685026651255 0.135161224384718
0.150586967545269 0.319576327146254 0.00841086787536111 -0.101590258319209
0.252484733441656 0.218468119571145 -0.118979083605746 -0.229960969531967
0.31680557545567 0.0867679494080876 -0.241339138413838 -0.206990633867504
0.295341009479047 -0.043550262334388 -0.287212307370486 -0.0943311918373408
0.232820878202909 -0.145170708831777 -0.242458941364877 0.0102372702916375
0.147568813656978 -0.205978173124801 -0.169723856693843 0.0555864180547151
0.111652967829222 -0.199589920095466 -0.101627057063532 0.0811288837548637
0.084006791608748 -0.225714433141275 -0.0115304947294946 0.0841621591239884
0.155824705068623 -0.241923529153705 0.0658695666522124 0.0942900502019371
0.238171730877177 -0.184187765552679 0.118746972521542 0.115538716924425
0.33250190254788 -0.104644504281737 0.138626538270263 0.195215345764964
0.35774342166211 0.0611368980526345 0.0900565839562665 0.26383532545302
0.285419765897368 0.247951610055952 0.0225625194800552 0.181794213684558
0.229889017890648 0.380014620521432 0.0571110099483261 0.0539792878427784
0.119862508573556 0.377074397079785 -0.138530944729392 -0.0209679333388083
0.182720563133088 0.374080052475276 -0.0237413383525995 -0.204708859101518
0.321870446912186 0.256123463961396 -0.130352607303557 -0.266634561645783
0.390935410544667 0.0787765466411546 -0.219299438968236 -0.206350559137429
0.340574898028708 -0.0704230475294843 -0.208166546940249 -0.108970914172244
0.261261806077789 -0.169372976554325 -0.157377125912138 -0.0449893253641023
0.16609241368647 -0.224786017822424 -0.0996170269696969 -0.0280814307807132
0.129583773945081 -0.209405526049938 -0.0483147060482252 -0.0121960262733425
0.112457810771 -0.22640844475306 0.0352225104930518 -0.00812490092382039
0.192064021179994 -0.229613388584373 0.110008766416097 0.0111754332689845
0.273400053398076 -0.159846127108491 0.164624998375829 0.0514821543006602
0.363956696104016 -0.0661685911270886 0.165009987150602 0.160161118287211
0.370991991785585 0.10598746379149 0.076548025313487 0.236082005626227
0.270127693773374 0.297699451784972 -0.0278248678600502 0.124648721391157
0.201161656775949 0.415102198703842 0.00889374671479318 -0.0765326301788966
0.0999380779176257 0.347600423541846 -0.163549315131278 -0.176200386555857
0.178286692266969 0.357932586212169 -0.0732730783945923 -0.294949023661734
0.323950690052054 0.241123574115802 -0.137147201207787 -0.285853209763651
0.384766497620837 0.0566983646375469 -0.177672244545224 -0.203233626906096
0.318365162696016 -0.0815551975973571 -0.11946347497328 -0.13797891265305
0.242360751152243 -0.164771948236502 -0.0739653378352454 -0.113312828720145
0.15633995721865 -0.207677883404857 -0.0305506714250136 -0.114605624157208
0.12742251421313 -0.186985741559316 0.0122142679075921 -0.101124430294244
0.126659062334457 -0.194499838725646 0.093978368509826 -0.0925730109961807
0.205648372455809 -0.179611721151197 0.168303143781736 -0.0560971494793296
0.274819417057818 -0.101623469152488 0.217746300363812 0.00892149388587262
0.342076047346676 -0.00106975165246076 0.185533921885499 0.136294412038021
0.318619742108348 0.154849749153911 0.0634877691550155 0.201842567567583
0.201761029375579 0.317360223230336 -0.0593342140549334 0.0629145011822067
0.131577737316635 0.394948485709386 -0.0176869484785461 -0.196094576846635
0.0555574305815391 0.257737756917032 -0.183366415076571 -0.300574911882054
0.130974596227085 0.276714657707605 -0.123430582744316 -0.350169591860385
0.253436959377299 0.184588864820946 -0.133783477172154 -0.289218579936055
0.296193373304502 0.0329262762088362 -0.130031506822816 -0.203195080103244
0.235652343397715 -0.0648651832412393 -0.0453473428793237 -0.171751702021702
0.183304851600904 -0.122798876007936 -0.0104948072950365 -0.179847439434099
0.124179944895826 -0.154091930827198 0.0245340359154623 -0.189106055013161
0.107294588685149 -0.136339645154772 0.069890409270643 -0.172327420304681
0.118381046667824 -0.1363695251581 0.159276358973124 -0.153231477259947
0.183266665333219 -0.109862162409133 0.235951867739562 -0.0929862183715748
0.230625045529534 -0.0358517968258748 0.273416190162521 -0.000795172239101068
0.267003629924252 0.0556747750514303 0.203876247614566 0.13256250545229
0.22253755249578 0.176037579090838 0.0591891899176278 0.167954846044174
0.107985785804178 0.290776006101697 -0.0585186502694296 0.00536225744509094
0.0480097728291939 0.317796198991656 -0.0149218262157259 -0.290464546442489
-0.0104203512723835 0.127805976506913 -0.186467386396092 -0.373106042537555
0.0451474802147241 0.159894383879483 -0.159778699134277 -0.362880524561532
0.128537075110376 0.107962953570216 -0.123311374374177 -0.287766353691155
0.15238988262413 0.0232178063744845 -0.0944159723067248 -0.212323439468728
0.117302560173077 -0.0208171451877407 -0.00760771357821845 -0.202466889099047
0.102813670737526 -0.0494986402467291 0.0172145446909397 -0.225251944548238
0.0792493696070898 -0.0722125448031073 0.0581256762843935 -0.233492780479972
0.0688726952879917 -0.0665771040048018 0.117196898111423 -0.213944328006664
0.0829086309755755 -0.0649671500346483 0.217912662277455 -0.184652985558011
0.118812362913055 -0.0433903681557238 0.298715335115845 -0.0991623681618638
0.144870962315426 0.00404513122212345 0.322541403025966 0.0190804915634151
0.160474834071446 0.0666510022989812 0.219859157117919 0.144435909021428
0.115803825916089 0.146731773145315 0.0687232792525727 0.14319067148103
0.0239502840635009 0.209486820729959 -0.0335401184936814 -0.0288193761038537
-0.0249712746893809 0.193675104707968 0.00897198786339247 -0.341603200320689
0.0628161076192018 -0.0290662212536812 0.0526381761239502 0.359047538971743
0.00767765071755337 -0.0753862522193528 0.0849804970108061 0.0646454813379732
-0.0506438084023508 -0.0666446451432206 -0.0602321004349236 -0.145514753501674
-0.0576709233158301 -0.0161210509417828 -0.225250704888984 -0.173227702831256
-0.0409667339759111 -0.00644144746938295 -0.371746310252538 -0.0391757380897866
-0.0355809584961953 -0.0110692309634271 -0.341664436412218 0.122712026120247
-0.0308648423153094 -0.0117142756011429 -0.233072487476993 0.220548883319347
-0.0243335882633691 -0.0143846162609401 -0.131579123484497 0.267919583825445
-0.0352141451459324 -0.0274858048377031 -0.0418148618767203 0.267791887377286
-0.0300544748339016 -0.0453133424731021 0.0198514332335427 0.260208235573515
-0.0138063814983936 -0.0454879858340214 0.0455496879156036 0.237756142429539
-0.00763128303492241 -0.0523239155182882 0.0836899107163925 0.245774293895267
0.0103039455907292 -0.0556549905573636 0.130014423188948 0.289789450849851
0.0494722567522237 -0.0399878797784036 0.155650036293976 0.309977703522775
0.0774545347509193 -0.00227391291800736 0.197657303916031 0.343358877097248
0.107323029314814 0.108544942118315 -0.0034854375778704 0.342559822537723
0.0686702260817846 0.0586376110169664 0.0499593843628593 0.0466469303674816
0.0532422226109008 0.0225140920345661 -0.0904802261087047 -0.148506132528482
0.0671997506473766 0.0165492379976397 -0.241894182645004 -0.172191078254592
0.0787718104888576 -0.02328561120737 -0.368421806860537 -0.0482473468775869
0.0587567384760351 -0.0681635585044043 -0.336420558748612 0.104915602039499
0.0289666979368106 -0.0955978252389439 -0.237634675890091 0.196613706513981
0.0196985170340331 -0.0972389370613782 -0.135861590687193 0.241291933195044
-0.000966928357761503 -0.119113002599191 -0.0389484781696871 0.238896901302371
0.0344902919706914 -0.141612669703346 0.030164931073588 0.232797277443605
0.0848347057703102 -0.118356632453646 0.0618234112075444 0.217999949386312
0.133099647568351 -0.0877623382093677 0.0990035338401983 0.236474332876725
0.158365270234224 -0.0199254303055647 0.126295931883822 0.27989134152603
0.162718801557647 0.0675921378240044 0.1382300866135 0.267164368902805
0.168955116675884 0.145826670292597 0.175951394237604 0.273858444630893
0.136818979062083 0.235473977626465 -0.0525003404549896 0.267575720401547
0.127388494935602 0.194181348867576 0.0258077939187198 -0.0128886428049637
0.163598447641077 0.116264728028173 -0.116700727444176 -0.177197493766322
0.198603047558118 0.04484299213008 -0.257406974665591 -0.176030654404781
0.195452886791915 -0.0446640054263399 -0.345344717338516 -0.0542124875846226
0.148296112401072 -0.121429462483875 -0.302195092996751 0.0767684631079151
0.0849112823530539 -0.167881895742 -0.212263207088588 0.146373553374673
0.0595840836498233 -0.166258393742166 -0.122635221361918 0.179512629722208
0.0304015222764324 -0.191918902123346 -0.0259043087539549 0.174566004637874
0.0857822730975444 -0.217611934384544 0.0504355179102929 0.171036354292998
0.160178716708917 -0.179678506684904 0.0932816545402499 0.171268462823067
0.243730473977006 -0.126392026807785 0.127812548192478 0.213742603054684
0.28170263839069 -0.00232475168170193 0.124918425332553 0.268466323893112
0.256457571023228 0.151086680051185 0.098122831208116 0.222704412563402
0.239265648113346 0.266108258636758 0.125910853058341 0.170428309322088
0.155639263360319 0.324589413921735 -0.0942472716531417 0.144369785395981
0.183497587068325 0.300167153053142 0.000510609306923157 -0.101287358222923
0.27190693793128 0.187382983811646 -0.137023428955103 -0.217025075218569
0.320627633720012 0.0501886992768314 -0.25861564957786 -0.180075494212474
0.28628999258744 -0.0775451650088513 -0.295003138590104 -0.0633984835993949
0.212877396225941 -0.168652967315025 -0.239639414211976 0.0332596462134678
0.123707086857069 -0.220374812842418 -0.164160712909702 0.0734643144999705
0.0897737811747773 -0.210032384382013 -0.091356512213856 0.0922847135016045
0.0601389500597222 -0.232382504153815 -0.00140647902424298 0.0868015473727375
0.128870903185442 -0.255227936330963 0.0758501010274291 0.088179954046821
0.216518997124822 -0.207187835551067 0.128441045900689 0.104179092207583
0.318834252969917 -0.139292507605048 0.155861118758141 0.177735647471589
0.358716036320974 0.0205108788841381 0.117070686877826 0.250981221379866
0.306578215007658 0.216529572703166 0.0426554548029059 0.177043426610899
0.265596640263984 0.348742618312756 0.0615136813285588 0.0490939268565317
0.156221402784294 0.359630177823119 -0.136544734411711 -0.00806930719096309
0.220216025403397 0.350494324828059 -0.0413127016588947 -0.201162903592655
0.344296637411117 0.217167040502677 -0.151983586207874 -0.25107072492269
0.393879142916748 0.0342088068153889 -0.235970830293637 -0.181754201682843
0.328255616728689 -0.108019924662883 -0.218133952904892 -0.0867011665579451
0.238934017368194 -0.196359349028876 -0.161677263083281 -0.0307084887767347
0.140573375583427 -0.240419256995806 -0.104080329631511 -0.0169342135005331
0.105953096786959 -0.220846938624462 -0.049389603938999 -0.00597315220602802
0.0875207495236461 -0.23617585666064 0.0340155371859427 -0.0102837080118809
0.165639059112404 -0.247808400082799 0.110689353300571 0.00113306206144304
0.253779631397421 -0.187500404075685 0.168391414477078 0.0370204608512995
0.352986968567989 -0.105510456269724 0.177515385094408 0.140667926167566
0.376217797200459 0.0632494258857925 0.100847273312957 0.2251049011381
0.297530343661777 0.267223882505597 -0.0130259446768316 0.126149921429269
0.240423729337189 0.386110991926728 0.000770219486948874 -0.0745446974824906
0.134550856874397 0.331565903933522 -0.177526391891372 -0.159817994523705
0.21397190836582 0.334315588007918 -0.0985457572301173 -0.285152201133149
0.345264678870795 0.202684980235964 -0.160493310831841 -0.268963426446243
0.385049271385048 0.0136380644148742 -0.194107645693072 -0.182793338782611
0.305249545407058 -0.115782362516758 -0.133368639771724 -0.124588649995917
0.221670330885692 -0.188844389778483 -0.0856554184660311 -0.107516002613718
0.132957262189075 -0.221200250748724 -0.045290496167662 -0.110090615100819
0.106749657711273 -0.198687416358385 -0.000578288291570492 -0.0999011924604577
0.105511449058768 -0.205235818637903 0.0829029086128662 -0.0999892241867081
0.18452742710292 -0.199876434557823 0.161429889309567 -0.0723906369945627
0.260920859550617 -0.129758589116508 0.216344651913424 -0.010942796676079
0.338195048731357 -0.0383077571103847 0.196923950259119 0.115337952232017
0.329933000226306 0.118248474804741 0.0847152071068715 0.193286672145761
0.231827869661395 0.292477405246068 -0.0503159480972183 0.0685725048520447
0.171298410753744 0.372618060696681 -0.0379015407219117 -0.191372163177648
0.0810129942412929 0.248054828056539 -0.21029463091602 -0.281299159111215
0.157706669359057 0.259037339329233 -0.154290207765089 -0.334820421736734
0.269654986230669 0.154021018743878 -0.158362009288096 -0.272507316120854
0.294872915843168 -1.15649151664673E-05 -0.147416935231225 -0.186886230371198
0.225791091186362 -0.0910427227590108 -0.0634235379372085 -0.166436288991191
0.167500217559342 -0.141267145889801 -0.0300882863209042 -0.179467863041872
0.106604969518412 -0.165698335899173 0.00216161285276341 -0.189164526900314
0.0910891399016305 -0.145866799671292 0.0486006906353197 -0.177143990498777
0.102873764497072 -0.147436908029471 0.140116769243 -0.167719067584203
0.169028061569811 -0.127649741740303 0.224472917643132 -0.117003468769538
0.22467288895655 -0.0612928649890022 0.270151369468319 -0.0261090015089162
0.268961333684747 0.0260833833900767 0.214909575970552 0.110014215412915
0.236413853890735 0.15002361632463 0.0767645813593327 0.160774458633899
0.136993930234466 0.275721578200101 -0.0559735004258337 0.0124863942102842
0.0797503474088031 0.305576971763523 -0.0446701640918589 -0.284072054296692
0.00276047882346102 0.126695217464406 -0.221863408593343 -0.353499130018586
0.061269968202017 0.152638319497107 -0.190211624651471 -0.343725019633324
0.137525222423927 0.0924826519011038 -0.147951001498364 -0.270277872914256
0.152982341903812 0.00454045436293442 -0.113507088130522 -0.199589734684926
0.113788522686698 -0.0337627332204785 -0.0289632038905418 -0.201644851734529
0.0963241245148787 -0.0605824955978158 -0.00695427485958325 -0.226705864801574
0.0704709133823722 -0.0795538561517842 0.0309798791801418 -0.23827166284704
0.0610211212032261 -0.0720964942560328 0.0906468005726629 -0.224198823409196
0.0749462607239859 -0.0726526197242163 0.194800780014617 -0.204948821543229
0.112567615247243 -0.0543883670790072 0.285380120052246 -0.129844151258777
0.144026373000134 -0.011699840215391 0.319531569219304 -0.0130827363827913
0.164474417384756 0.0487919836249266 0.232440261709308 0.120706134177098
0.12833866795476 0.132913810532969 0.0833269125122266 0.136123633713721
0.0452132481250054 0.203719524058232 -0.0350385794741107 -0.0245364020710154
-0.00429499840536259 0.190361326146197 -0.0268096077290607 -0.337172885781065
0.0560073727636275 -0.0323951553645679 0.0786572212576205 0.337735291216405
0.00245938828684454 -0.0720296698765557 0.0848865404680733 0.0534945109772385
-0.0529528316412362 -0.0593798225212761 -0.0682917287342647 -0.136676418232718
-0.0559297766218569 -0.0111014997985549 -0.227475430106419 -0.149807449925185
-0.0393215449521348 -0.0029261598984027 -0.35746897852956 -0.00646663182815198
-0.0349103794262597 -0.00684976200254589 -0.316581819018402 0.144684702486354
-0.0311777366663238 -0.00971931179654947 -0.203963710605982 0.228853064243708
-0.0246643997718108 -0.0132462242368923 -0.101288720591619 0.26671095729598
-0.0353774897156885 -0.024357842330278 -0.015740957824516 0.260847697300355
-0.0314812400328898 -0.0413653968071733 0.0394675608812855 0.248163578191909
-0.0160174709521144 -0.0418624827001132 0.0607326729881789 0.223866238499543
-0.0113386365657669 -0.0490209264331923 0.0965425501275698 0.229520342339981
0.00605116001298637 -0.0544086587276502 0.144935360582712 0.263497092024907
0.0453863641973675 -0.0414462586394778 0.169098453447695 0.283109633137954
0.07389641333811 -0.00791898760052299 0.215216928006549 0.31479263133952
0.109048781419329 0.0959503536430725 0.0237682274997092 0.327102733726007
0.0715527806764693 0.0505600722846002 0.0508158404938586 0.0397241225851552
0.0530145426372912 0.0165603352880673 -0.0966553333771318 -0.136814553238722
0.0649942313628601 0.00926085511199099 -0.243668319939507 -0.147239453122948
0.0732330758771889 -0.0298766761629862 -0.355068078031464 -0.0163254523676439
0.0499553961441069 -0.0695731027970603 -0.314273927600655 0.126348838781647
0.0185176219543738 -0.093986710028287 -0.210030481791782 0.207254725042884
0.0113046388251636 -0.0956408922828766 -0.107665226014642 0.241798198429259
-0.0104222577202521 -0.114515354822701 -0.0164682718380052 0.233434327936104
0.0214555496500878 -0.138658636136199 0.0480169586435509 0.22094963335683
0.0722894638984684 -0.119307727425366 0.0756293111198916 0.204950698416797
0.12012116689055 -0.093954542250355 0.111169358914301 0.21813850162646
0.149506462956843 -0.0326903507454363 0.142115032445766 0.254862766065944
0.16140186207324 0.0527755363201565 0.150782531987309 0.242314310214264
0.171843543823439 0.125066724371463 0.188173348156717 0.249486566285078
0.147254315301493 0.213610104129981 -0.0272982965089919 0.258491718666671
0.137676149965969 0.17485282452727 0.0243591316992343 -0.0144494501615364
0.165396576054845 0.0962356396221624 -0.122090827067444 -0.162016296655831
0.192303778544619 0.0249762781989837 -0.257402239313941 -0.148895476458101
0.181283891259238 -0.0600986828366081 -0.333687332276702 -0.0231671880002067
0.130786594039565 -0.128169809418983 -0.282760692052282 0.0970254334098888
0.066787137152235 -0.168017855318341 -0.191756830421855 0.15707483149812
0.0440155968615439 -0.165015991486649 -0.100729705042519 0.182075264041776
0.0136886054990482 -0.185827250712141 -0.0085610676557681 0.170698050235795
0.0642535454491173 -0.215115634257633 0.0625606234030252 0.160999531268236
0.139140082504627 -0.18424470216481 0.102188367944504 0.158565948019044
0.223254819361587 -0.13966158044971 0.136854870089124 0.192832389911624
0.267246504588702 -0.0260523965463157 0.139479837559636 0.245155193462466
0.257430335134678 0.125029731514698 0.110213680768908 0.203064478043509
0.247615866486503 0.233466963258313 0.133627954145655 0.153950723752606
0.172405996632737 0.296875400388342 -0.0763989754100406 0.143199491182052
0.200073899220413 0.271218694384489 -0.00616957275594671 -0.0974838802895018
0.273404325802121 0.155409630341157 -0.143957215817097 -0.198071896672244
0.308795921853642 0.0199678663253402 -0.257983567108673 -0.152876628620559
0.265682680645132 -0.0989170521746861 -0.286265192898858 -0.0365599315658482
0.187925845335631 -0.178685196016971 -0.226814981134056 0.0497420896226016
0.100380653237296 -0.220664839567115 -0.151854197295943 0.0838297689666707
0.0690389356422932 -0.208649084616637 -0.0780809890599354 0.0971399330525137
0.0385015724231235 -0.22680584755285 0.00737084046058505 0.0848803137839603
0.102274527774955 -0.25466476126204 0.0803634060862334 0.0797779168969606
0.190059292632627 -0.215654248104984 0.131763578576559 0.0920119901836348
0.293892404800346 -0.159246126629774 0.160754581168346 0.15615903376151
0.342203835509606 -0.0110446576403155 0.131139713001174 0.229234095282611
0.309910927786456 0.18234643699663 0.0548303527900746 0.164468291403196
0.279017860502032 0.309477179393948 0.0628403486020035 0.0442657812341994
0.177013913181011 0.330379603634113 -0.129354913515988 0.00136354213088329
0.237721765456518 0.315782195034688 -0.0523468941733177 -0.189479790216537
0.343634293914823 0.177057838277372 -0.16048185250297 -0.228937854966125
0.375746391928064 -0.00113696920106241 -0.2367041065024 -0.155601979134497
0.302452053324377 -0.131311008114406 -0.215984804655998 -0.0660362668314915
0.210772438840401 -0.207320662450593 -0.157842112550489 -0.0178895051799235
0.114223487707093 -0.240901357083514 -0.102225746168419 -0.00703529173089204
0.0834231762487352 -0.219550474284121 -0.0471784460862152 -0.000500049428468107
0.0647577389539813 -0.232385888903516 0.0320241385955134 -0.0110875664939339
0.137955954854421 -0.249967364901604 0.107097877603793 -0.00625508784831367
0.226722295755618 -0.200286033297747 0.163775769440341 0.0247740174124032
0.329584305116207 -0.130188064161663 0.179052004113411 0.120282132868498
0.361895462611095 0.0290804629989117 0.115129141603664 0.20592186575144
0.304515049320783 0.230882013963254 -0.0019366084601186 0.12041873297946
0.258640310963254 0.345092111677887 -0.0056944375610137 -0.0698743104560838
0.153992720620492 0.306172950205821 -0.180325958794462 -0.140931453117398
0.230078443949619 0.300837678091944 -0.113210481802559 -0.264697300787232
0.343621059986324 0.163191658750344 -0.170087763652381 -0.244586479708043
0.366455763467971 -0.0200071091634663 -0.196522501290772 -0.158634551456639
0.280228839106649 -0.13754085979384 -0.137822544859572 -0.108936882060864
0.194607444747697 -0.199139138350203 -0.0917325683758969 -0.0975955641210359
0.108555179562336 -0.223149730824846 -0.0542450545344881 -0.101329299303498
0.0857737830702766 -0.197712904264548 -0.0086958516130929 -0.0943249150459256
0.0841438621118536 -0.204425434122287 0.0712658217276016 -0.100519868003001
0.158839704374151 -0.20451380926675 0.14902006838792 -0.08138681220012
0.23844236665371 -0.146351064049569 0.206390301591926 -0.0247571869375804
0.319175051224679 -0.0653973098567462 0.195231182531298 0.0946975052754929
0.322052797905843 0.0845482860340508 0.096834070140347 0.177278761124018
0.24363338040183 0.261012610278239 -0.0415283689913919 0.0689029033965838
0.190474354703596 0.33748843986694 -0.0513487270835449 -0.177524835332487
0.0970058589778762 0.228950586790052 -0.222204274067254 -0.255178558042698
0.170699518219682 0.233685038639054 -0.169581124066994 -0.308106874795937
0.267929969929102 0.123788867803639 -0.168589838052683 -0.248156982396948
0.279755371321493 -0.0265024039775194 -0.153293756111568 -0.166539740688123
0.207151973308203 -0.105508201453886 -0.0742788457485099 -0.154909510196294
0.148019319040202 -0.14955830648669 -0.0447775167167353 -0.170482679693572
0.0881339077199153 -0.166691598686317 -0.0158096275396411 -0.181233585201081
0.0751366911659683 -0.146017368266692 0.0316151248634653 -0.171954320121402
0.0860996511525707 -0.148516813816061 0.119821621105404 -0.169985083829487
0.150579397304558 -0.134896236839437 0.204513981550761 -0.129336848374063
0.208644238555107 -0.0775794706498316 0.256043127300871 -0.0440158631451526
0.258300594975271 0.0021924717632884 0.213214017649736 0.0881717855979426
0.235665927197559 0.122623485623052 0.086455073127058 0.147704788129912
0.151285897309825 0.251681754420962 -0.0507878491583253 0.0164571445570201
0.0997927175221857 0.280734501399735 -0.065498749279245 -0.266008068667755
0.0135111898749442 0.120249183555262 -0.240185966029211 -0.323005499828325
0.0702200373077479 0.139910073584409 -0.205292093021175 -0.314400798491978
0.137826336222073 0.0762748180617097 -0.15932110648352 -0.246397448359657
0.145069477431107 -0.00927172745631669 -0.121932925671114 -0.181568108354682
0.105931380090208 -0.0424444023243719 -0.0441069332564109 -0.192149651248746
0.0863118828282993 -0.0659399126586734 -0.0263001852287381 -0.21815615413509
0.0602912369212796 -0.0817877918304674 0.00796489166419504 -0.23059471655132
0.0523491284905492 -0.0731660519010619 0.0665742449450919 -0.220537427766974
0.0650552250541551 -0.0748286328085885 0.16834696756191 -0.210761668990279
0.102954532086653 -0.0599964779072526 0.262214411727137 -0.146840178798915
0.135663760781965 -0.0241768804035718 0.304652718605956 -0.0359794377613565
0.160132012620253 0.0326434374867499 0.231235638042443 0.0975068975339969
0.131529427113617 0.116372188749284 0.0901499784095054 0.12410269308731
0.0584617879566544 0.189217562343839 -0.0339257415157113 -0.0190695931795062
0.0104499940792123 0.178136555042867 -0.0525181660562727 -0.317778709515424
0.050993333537008 -0.0317089710030316 0.088386122760566 0.317708343048879
0.000176458978944059 -0.0686392426099505 0.0820191055937642 0.0470223327243187
-0.0517937821701729 -0.0535691730322295 -0.0705633957233053 -0.128801338527511
-0.0541759717724879 -0.00849010508158227 -0.221882737019031 -0.135171540741613
-0.0370495282487922 -0.00153149629297392 -0.338909861573804 0.00931846796513276
-0.0328540634873358 -0.00471443529675366 -0.295454367572373 0.152110547661493
-0.0305968916030763 -0.00841345564336391 -0.184650235667496 0.225581150684192
-0.0234263602359615 -0.012541703008782 -0.0828884873101456 0.25785466337994
-0.034951679611504 -0.0219979744280189 -0.00150305249760677 0.249303195202969
-0.0310849592493844 -0.038358860199063 0.0479624633519904 0.234960755255459
-0.0164133899969115 -0.038794000761721 0.0655892849624474 0.21224146696616
-0.0133440948540233 -0.0456387890576491 0.100522176784587 0.214663670759627
0.00373471658417245 -0.0522771004013307 0.145934437368172 0.242770824387472
0.0435402581076394 -0.040539338177608 0.168220483429859 0.26107308033969
0.069426876238327 -0.0100617090213499 0.216800028376094 0.292609706465632
0.107216908618064 0.0874500495276154 0.0370102876528274 0.308658507773845
0.071432743431113 0.0452427571976795 0.0494798627443574 0.0352045459579533
0.0514109394857945 0.0130567166944497 -0.0962184504234712 -0.12857674303972
0.0611395886535816 0.00505259420406103 -0.235948560508946 -0.131737490857574
0.0675098340745164 -0.032457827824643 -0.337595280892244 0.00050490474753331
0.045164308380532 -0.0680776563237796 -0.293658721746414 0.133388118497493
0.0132641204455474 -0.0908938550915154 -0.191383695315617 0.206020951859273
0.00651956471280585 -0.0927423055465644 -0.0902115951759664 0.234490295478978
-0.0150799018768697 -0.108906665443758 -0.00297044839120267 0.223471715388634
0.0154029259521138 -0.133276107466725 0.0557878579557663 0.208704986649527
0.0636968631913379 -0.116465675110993 0.0800344857405495 0.194140072495416
0.110418989325236 -0.0941439865018427 0.113165289475529 0.203140572380174
0.140141738475933 -0.038086990424202 0.143534211321905 0.235328669584661
0.156033445337633 0.0446403093483604 0.151094934719741 0.223336931388401
0.167018788310834 0.111950676670361 0.189731829275562 0.231929007109713
0.147796297681077 0.198283235496463 -0.0134839164924563 0.245604950378097
0.139152572481533 0.160840357625796 0.0236359265381703 -0.0152684294962957
0.161107301992922 0.0831696577380771 -0.120987265745734 -0.151454551755981
0.182484092863229 0.0144817419783136 -0.24882082085245 -0.132663957829157
0.168250792323644 -0.0667273090684135 -0.318180387538189 -0.00749174127942364
0.118287101830495 -0.127747086577154 -0.265628396501295 0.103384372680279
0.0553846166823227 -0.162824785501681 -0.175775261779562 0.158266488234571
0.0345036216879334 -0.159188127669814 -0.0854140768922571 0.177682686551806
0.00533907642647392 -0.177434104567556 0.00155492517682262 0.163774056516172
0.0521270296076723 -0.207584270804219 0.06697768344635 0.151254603975421
0.124846318207577 -0.180971951033001 0.104616693686401 0.1483737961942
0.20613935639904 -0.14237118653017 0.136499381431332 0.177918092378745
0.25170588122714 -0.0366228920914721 0.142671218572472 0.225663560169202
0.250419134650352 0.109222930183478 0.111570660711068 0.186701322904838
0.243040526871754 0.210885543059914 0.133465129439108 0.143819821883302
0.174893653208191 0.276482746430622 -0.0649686743808607 0.13747495238704
0.201030099255607 0.249223109520429 -0.00799969879027053 -0.0926946007731889
0.265348228279119 0.13407509046382 -0.14173598196039 -0.184479411955233
0.291929329969366 0.0045484520830121 -0.249491000617076 -0.13560227324634
0.246005907878296 -0.107215793831871 -0.273287240574362 -0.0218939041220849
0.170211027194597 -0.178027678379885 -0.214020016262569 0.0559981983506806
0.0853564702344531 -0.214205717965241 -0.141272315576203 0.0868820092317973
0.0557820877612438 -0.201480808391422 -0.0685060384502259 0.0965297581170161
0.0268277449970771 -0.217321517927776 0.0126677572564247 0.0814540287426776
0.0862817899540049 -0.247301351905887 0.0808095066377283 0.0729483490421611
0.171114309853757 -0.213652748280721 0.130066996638792 0.0848163496025265
0.272567716684451 -0.165069217216128 0.157373046814559 0.142408300802367
0.322638623813581 -0.0251819920471814 0.135193098323574 0.211068277832074
0.301410214229785 0.162053597953279 0.0584372105546157 0.152605092180276
0.276046312595373 0.279494003549955 0.0612354633854223 0.0415732778770328
0.181373056742989 0.306396825310019 -0.120457041418812 0.0043327533838099
0.238697360462752 0.289912987334369 -0.0550106877489169 -0.178140810928576
0.332708387859147 0.152064132820035 -0.157932407207413 -0.213058208603247
0.354933230078017 -0.0187281873645427 -0.228256466331432 -0.138534518103329
0.279954207641506 -0.13946995238737 -0.208202121759625 -0.0530600086064849
0.189943329038093 -0.206558961182328 -0.151592496200186 -0.0116161260554016
0.0971804134541731 -0.234456843614296 -0.0983309437207144 -0.00153379202098303
0.0697104562253885 -0.212021964893661 -0.0436725960421027 0.00306084491014988
0.0512656778498644 -0.22332698997219 0.0317554721460273 -0.010471762139124
0.120412962786951 -0.244037774988273 0.102841795195446 -0.0105836128904636
0.206736724678241 -0.201146654270092 0.158427882080688 0.0191837019701014
0.306975359277778 -0.139232661795681 0.1734463634549 0.106551366945702
0.342519464900623 0.011511724248839 0.11905375351107 0.190659793084253
0.298680492046178 0.208180374943661 0.00414546630331144 0.112921536978323
0.258753264906538 0.31488441089134 -0.00819024580812722 -0.065053179879373
0.159044977093176 0.284330082639657 -0.176428352617379 -0.129049360745032
0.230632853290242 0.275626180149788 -0.115559551509816 -0.24921375765512
0.33125119313519 0.138799641806646 -0.167841035055026 -0.227721469765996
0.345587310605345 -0.036480451711003 -0.190703870210048 -0.143307896498555
0.259510260711089 -0.143120307071063 -0.135590588372049 -0.0974493102677971
0.175486820612828 -0.197612348525822 -0.0928145284911057 -0.0902650209541773
0.0928802985566144 -0.216532392160922 -0.0573303156745661 -0.0934792746573402
0.0731492368548549 -0.191273380574204 -0.0121282690287814 -0.0884009328601006
0.0707251806310918 -0.197965325177882 0.0642501447370016 -0.0974034645769792
0.142527738624284 -0.201915290761449 0.139305869908979 -0.0831370318079797
0.219699841183087 -0.150706896843853 0.195796638512094 -0.0297769436924593
0.301101050086989 -0.0758909222994081 0.189074886158731 0.0812019575791639
0.307345969237889 0.0668418801288949 0.100505015237697 0.164514276791514
0.242329882316661 0.238378580613638 -0.035006503650072 0.0660696380812898
0.192989782263544 0.309874444086887 -0.0560660892791175 -0.165600306867188
0.102515430843121 0.213132519387562 -0.221533725612672 -0.236339356339297
0.17199492737982 0.214323720465705 -0.170346919892874 -0.287761584703542
0.258421148158127 0.104724457230859 -0.166934143259905 -0.229354735674478
0.263299876485848 -0.0377656349198464 -0.149234518164997 -0.152586804098247
0.191391063200028 -0.110406111095448 -0.077280234699431 -0.144558380027668
0.133119956562174 -0.148618531384279 -0.0508202007306414 -0.161853507724297
0.0769971599395177 -0.162605809730248 -0.0245588437372618 -0.171520082165243
0.0654443928216203 -0.141504212465403 0.0220687409145018 -0.164036468041913
0.0754281792128284 -0.143941223781869 0.107096965546182 -0.166625571871038
0.137733460781388 -0.134688059725514 0.190353706597091 -0.131876350856077
0.194439139193371 -0.083649933952786 0.242688044095095 -0.0509618354468208
0.245471638426245 -0.0102828168466409 0.206167884765223 0.0747369943499563
0.228084189582541 0.107253870800365 0.0885596262869706 0.137105153064735
0.153411980041204 0.23256377420279 -0.0462583310211023 0.0177754458503957
0.104137967602203 0.259536060889171 -0.0733477588081187 -0.248908539043372
0.0187986842006217 0.112188105410542 -0.242385775568564 -0.299973368881563
0.0720410208003819 0.129277992788456 -0.205853982239827 -0.293319592850875
0.133737707406858 0.0652660861484464 -0.157899882405465 -0.227525063690438
0.136189058376789 -0.0166500888583654 -0.120656415734887 -0.167607789212713
0.0983424175410418 -0.0453601830651546 -0.0503192564311742 -0.181159236511252
0.0789900045050928 -0.0670165276385332 -0.0354776271721785 -0.207071482687937
0.0534535881010123 -0.0802731388119282 -0.00459620166618048 -0.219990285782553
0.0467293465346832 -0.0705298666464674 0.0524024573013808 -0.211924517706881
0.0582463150533845 -0.0729713659303284 0.151175460674598 -0.20699609470396
0.0952813754351371 -0.0612191707222997 0.243116311490882 -0.15081513470549
0.126917152477208 -0.0296563376105112 0.289325488130381 -0.0451970192663579
0.152167052164605 0.0232411310887162 0.223205913330897 0.0835336710876002
0.128888713701847 0.105297420350879 0.0909144529824526 0.114611956450181
0.0625286415012376 0.176729658566462 -0.0319221647137565 -0.016757289936798
0.0158416254676008 0.165267188666613 -0.0632599054162072 -0.29876855851041
0.0484679577034524 -0.0303476404103124 0.0918761346415855 0.307411740802235
0.000276693742484622 -0.0666427231558129 0.0804836675041611 0.043812067634079
-0.0508236051691762 -0.0509629910473429 -0.0710498353497141 -0.12648082209413
-0.0526614394578657 -0.00727435063068719 -0.217665751903954 -0.130126604050585
-0.0354993632849018 -0.00121111564820782 -0.329158177797132 0.0145930254648695
-0.031092536209757 -0.0040343147625292 -0.284035219770652 0.153603626086818
-0.0306729549700144 -0.00738623986314351 -0.174677387387429 0.221983555246194
-0.023225213025671 -0.0132626928842472 -0.0743338135117703 0.252377638337197
-0.034230236837591 -0.0216230182424563 0.00567476444553322 0.243404598782179
-0.0305819965198953 -0.0373542535651225 0.050777625247187 0.228805800452511
-0.0157555711565799 -0.0374295044052023 0.0664274525054366 0.20649496333128
-0.0137617288931403 -0.0434325430393022 0.10069819315212 0.207626309885026
0.00307471234005975 -0.0508763099989978 0.143965247770164 0.232253199645481
0.0427395603708476 -0.0399756168230252 0.164079269514315 0.250639408244049
0.0667116627837116 -0.0103213372915411 0.215370031774259 0.284616648380024
0.104702143740536 0.0842024386361896 0.0420710600148868 0.299013220872175
0.0716336017341483 0.042671016058496 0.0494198780088073 0.0337521485713146
0.0506447643154415 0.0113109608061998 -0.0952863533660277 -0.125246262745962
0.0590868173721179 0.00282767181667552 -0.230150928169033 -0.126646419054971
0.0646686710558705 -0.0338627936711033 -0.327202199173555 0.00629391195026266
0.0423328817117757 -0.0668677514013352 -0.282929904750375 0.135132797294441
0.0102438398149463 -0.0888661747725338 -0.182097303913359 0.204109879010127
0.00430844159792255 -0.091882530288262 -0.0812306081515896 0.230413012388417
-0.0161351374528542 -0.106126561841229 0.00404097924584206 0.218098334730624
0.0125983904936342 -0.130205474267673 0.0581713439229624 0.20318277524329
0.0604648007059042 -0.114131719265267 0.0813528760204373 0.188835257299485
0.105651482326697 -0.0929466806697117 0.112812404519143 0.195607479470493
0.134617415586585 -0.0394072863601486 0.142641962066474 0.224761034946159
0.153413859115078 0.0417471851328483 0.147122409642632 0.213666329125123
0.16313035636414 0.105824733325141 0.188216641635712 0.225006794711909
0.145847839706694 0.191304504921939 -0.00734313539493474 0.237812967899759
0.138551945603441 0.153567772444979 0.0232986905320986 -0.0156698552528991
0.157226848346219 0.0770908952532078 -0.118095963077321 -0.147823427568204
0.176336596226806 0.0097992717088055 -0.242564500553812 -0.126961775382717
0.160985572591167 -0.068749452387673 -0.309163716501763 -0.00166332747648866
0.112310752442365 -0.126415726293239 -0.256087036691242 0.105263433296234
0.0498105611945615 -0.15998948550454 -0.167649033823444 0.157542930807939
0.0307443233542516 -0.156491176242521 -0.0775425257341374 0.174182768557356
0.00175975406747157 -0.1728632359538 0.00722205826211689 0.160020949054826
0.047337749049869 -0.203392274847684 0.0690830335906264 0.146745585760928
0.118599921493049 -0.178572811773553 0.10559705672279 0.143937408499679
0.198633340985155 -0.142199708475338 0.134368100431548 0.170454396569632
0.242862327100663 -0.0398208498672172 0.14200907987646 0.215340257683942
0.24514114118934 0.103272273610647 0.110415682060121 0.179052399175502
0.237668197706842 0.200312632976027 0.132539149744352 0.139529511842194
0.174897883087554 0.266204913961103 -0.0594743370952758 0.133075428896767
0.200066307266493 0.238706351075046 -0.00723485675997962 -0.0906653289166479
0.259841835685249 0.124374357248975 -0.138127752946581 -0.179508709078336
0.282279332293196 -0.00249124212732014 -0.242237180456947 -0.129660433234959
0.235163534341173 -0.109886082539326 -0.266548430271678 -0.0168308810521808
0.161358522722238 -0.176881810044298 -0.208388721193389 0.0577861917619302
0.0780138297594227 -0.210033941815579 -0.135921850334901 0.0880720965206909
0.0506756401881762 -0.19757441106807 -0.0633648415398417 0.0954374808898653
0.0227252217743831 -0.211745200406972 0.0159928922242677 0.0796257038146627
0.0801812590325204 -0.242752795049872 0.0817330409500687 0.0700051518229303
0.16296638180844 -0.211535298723315 0.129667047799476 0.0818433108108493
0.261809154504746 -0.165862946379728 0.154219213539392 0.135609072688106
0.311880367080546 -0.0300147935302951 0.13471415835691 0.201874382334122
0.29622719032407 0.153114769634056 0.0588467796618677 0.146740170581038
0.270370433459251 0.26647947241721 0.060396145503916 0.0410880325375976
0.181576897244933 0.2952483218068 -0.116267197407903 0.00384182985553343
0.23693045257232 0.278081799927019 -0.0540799984508608 -0.173766616758119
0.323536162174321 0.140608936428322 -0.154022597243839 -0.206574273709014
0.342734889926139 -0.0249308171672214 -0.221459526789537 -0.132600343860478
0.267882624820791 -0.141758504507193 -0.202379771804394 -0.0474090164721756
0.179698493510917 -0.204075730691484 -0.14823254568705 -0.009461774249908
0.0898092263022069 -0.230317338361791 -0.0964613180247998 0.00089552200132189
0.0639848081445582 -0.207430835289219 -0.041167520584461 0.00369745534385804
0.0457514453906887 -0.217761510282076 0.0330401411701102 -0.0103653597879463
0.112750295618656 -0.239521998483678 0.100625614178929 -0.0117946779316405
0.196942865062268 -0.200704760260144 0.156147644813036 0.018142747076552
0.296328514715893 -0.142081170552894 0.169086999102071 0.10019309440228
0.331483649749434 0.00504676422126297 0.11976316810468 0.182731471711205
0.293012464897069 0.198130944302066 0.00553490661850672 0.109302590338686
0.253303634458545 0.29885500368457 -0.00895380022225233 -0.0615925153614017
0.159846187247843 0.273046860170463 -0.172700436633648 -0.125326824511758
0.229189146418881 0.263963262797033 -0.113944181650659 -0.241429125421591
0.322978760677354 0.1282214072467 -0.163816872559673 -0.220356839890287
0.333480121141981 -0.0427965791838966 -0.184535327995555 -0.136835318641964
0.248532066973677 -0.144851711400088 -0.132461781352789 -0.0920316630663916
0.165978600475724 -0.196717056711454 -0.0922544923258187 -0.0866399543428628
0.0862814303157906 -0.21245508769795 -0.0588038346937085 -0.0895592850463566
0.0678337346383458 -0.186837123748935 -0.0125453808331405 -0.0852031989345303
0.064977033789214 -0.193559921874713 0.0613298512080417 -0.0959641174913991
0.13494197533671 -0.199279617718753 0.134457618619157 -0.0838896622362706
0.210063862421201 -0.151310329505682 0.191808767111291 -0.0296512448028441
0.290111690365433 -0.0810591128605902 0.184201393011396 0.0763658564502731
0.298436460887627 0.0594204689324184 0.101283369317949 0.158192751480534
0.23860692702384 0.227696505870342 -0.0319440456747891 0.0644082684175962
0.190031533599781 0.295194089597414 -0.0578352687864735 -0.158993293596331
0.10349276480775 0.205079649109397 -0.219468159454896 -0.228655533414611
0.170137479203401 0.204815105127584 -0.16856773838044 -0.278817346732355
0.25153802270587 0.095964558026501 -0.162729159563021 -0.221338498535081
0.253625795620038 -0.0422345797979673 -0.144907354403468 -0.146212949937805
0.183644125931724 -0.111927239693067 -0.0768110167251933 -0.139139432989607
0.125760604872405 -0.147693006327012 -0.0530823874869069 -0.157459548238288
0.0719193022448567 -0.159643173303245 -0.0288815940345174 -0.166213692530835
0.0610055720656966 -0.137912503533319 0.0176786272283998 -0.15919675223414
0.0698940266133429 -0.14109575228868 0.101848330549113 -0.163979441223015
0.131574996284752 -0.133921593968765 0.182017153604908 -0.131873436569069
0.186261903188479 -0.0862999590889814 0.236898342105481 -0.0518683490106821
0.237637649220393 -0.0151603395316781 0.200651461464445 0.0694240827355362
0.222312234921229 0.100287734213694 0.0893255266088081 0.132560147747604
0.152580717897845 0.223471855523276 -0.0440033983957374 0.0177976988063924
0.103663927651922 0.247719232809772 -0.076125801983948 -0.23986775179412
0.0203666813127754 0.107866206384577 -0.241000317321186 -0.29027296191958
0.0719115102446377 0.123633152474922 -0.202328927611689 -0.282862036509784
0.130398327356255 0.0606558384379003 -0.155275627043672 -0.219757942388341
0.130790424030807 -0.0186948921724054 -0.11793996421522 -0.160789401848638
0.0945442223701653 -0.0463658562282682 -0.0512214793212102 -0.176147267120385
0.0747608867214839 -0.0673610089794108 -0.0390665390452922 -0.202149634224362
0.0507046227171189 -0.0793395007074595 -0.0102026059774991 -0.214462278555431
0.0445047452293693 -0.0683020447849603 0.0463467128347589 -0.206716440860504
0.0545956448145626 -0.0712845776923738 0.142853573152895 -0.204389370897761
0.092346066186864 -0.0612306535797615 0.23311612875657 -0.152073425540889
0.122280937741973 -0.0319217814246018 0.280831479832641 -0.0474002464516578
0.148272265233554 0.0195740899761441 0.217950935402173 0.0774160660737582
0.126139499052201 0.100602600359571 0.0901736369937243 0.110700500919935
0.0631537092369409 0.169803674667853 -0.0312428890126424 -0.0149132654934868
0.017031319631544 0.15754443856286 -0.0672752898569115 -0.288627228011092
0.0345728418158921 -0.0512952369408808 0.214942022100204 0.236624538512862
-0.0269576654256006 -0.0616144571823498 0.0899978350713139 0.00350669975136432
-0.0662831383086038 -0.0229301421960448 -0.122516244171276 -0.0815190877920643
-0.0483657177427649 0.0193440664030283 -0.256823648379768 -0.0208327193517284
-0.027936251535645 0.0167878815192878 -0.28779381662349 0.16196615541111
-0.0265238384235622 0.011065309595801 -0.186196429586455 0.265741493183733
-0.0314633242117185 0.00690497061271326 -0.059360906838631 0.278844411210227
-0.0267609962346264 -0.00430578145642656 0.0484274683945991 0.25987498097649
-0.0410545684713849 -0.00475080597161382 0.116441854746645 0.215158010968102
-0.0430617280389644 -0.0213427391613228 0.149579152412142 0.181652318380295
-0.0291057239851353 -0.0268821592031034 0.151530904571573 0.155595549126572
-0.0292238710404905 -0.0297192145326198 0.183157171675444 0.141299770875848
-0.0190296041263611 -0.0451493727872817 0.22943337497628 0.143342236978855
0.0240631423093252 -0.0523901147012132 0.255181908929032 0.15841932965789
0.0592821951173046 -0.0378479210830414 0.319224257590601 0.170445549392322
0.132456338751147 0.0309203792692148 0.172531464580833 0.250201491826857
0.0815643439794351 0.00692373614213794 0.0608546896246502 0.00579906276257536
0.0496695926790871 -0.0093008492827252 -0.139270895800498 -0.0745343952116039
0.0537015894336411 -0.0178311624936511 -0.26239873527601 -0.0161033592724637
0.0467133644197908 -0.0546568788306766 -0.289787820036176 0.149850185221322
0.0119956854218299 -0.0777407985605617 -0.194016532124682 0.245761664891402
-0.0287521539129841 -0.083394391117687 -0.0741467947349406 0.261612018380007
-0.0342482847214926 -0.0885164606450866 0.0329042511147561 0.242085252799321
-0.0606049259882245 -0.0898901535991931 0.105553004822543 0.19239378326891
-0.0444116219384035 -0.125445600936097 0.147580230764722 0.154839674420595
0.00788642062629214 -0.131958286510878 0.162763387348228 0.135904932676268
0.0563456990372909 -0.127304748808337 0.195455791638482 0.130933238879435
0.106616415492237 -0.0913996757585215 0.227261044660629 0.142029449628717
0.160981524098106 -0.0270255859407983 0.221041480921485 0.137188843882285
0.201726694578684 0.0240208773215456 0.261629352067847 0.132699059639039
0.213009094933991 0.112203218591903 0.105978531387886 0.216220120835651
0.187253498835799 0.079182583299533 0.0200590164573652 -0.0280720409561596
0.171582422351927 0.00618517852551418 -0.164264121998202 -0.0891108222296156
0.159425512988706 -0.0609263195968021 -0.268638248206075 -0.0157241667901967
0.116480637127539 -0.126490729761919 -0.276020607023814 0.129700185850418
0.0482418142090585 -0.160931383419771 -0.18326707204255 0.203590302708987
-0.0235351256959394 -0.16396479929831 -0.0811658218091681 0.210713186548481
-0.0379313770387013 -0.159313525361877 0.0113215055333937 0.189219061332454
-0.0729245365489592 -0.15852410801617 0.0836571073499538 0.138494499334877
-0.0446524890054644 -0.207029544191576 0.134378583930335 0.0986211134708766
0.0323175288115828 -0.216734942973052 0.168195588857046 0.0872448953401964
0.117103635351637 -0.213012737262514 0.211051985972513 0.102288213302315
0.205687214263907 -0.139075949021765 0.223772004990026 0.137750192402758
0.271218784219993 -0.0108665678176613 0.17016233228807 0.126187355704924
0.313225656998727 0.0751865124613173 0.167112760770664 0.0821421178653459
0.268720053188244 0.170380505842888 0.0170349176537865 0.143501273344916
0.277351909443021 0.131659327877601 -0.0376525903924248 -0.0840973000943249
0.281592940071287 0.00696626601642186 -0.192116865828934 -0.11325032846111
0.247162424238852 -0.115592405684854 -0.266084409345183 -0.0223022509950764
0.165111643673792 -0.193960678913737 -0.245160660126664 0.093615525378373
0.0697311562013841 -0.227315247307556 -0.161808461483734 0.137770238390298
-0.019562181120696 -0.222050898635109 -0.0845144724925085 0.132166050583756
-0.0363570225596679 -0.205550593491279 -0.0112612238059825 0.111885122197056
-0.0699573307378739 -0.202640106873081 0.0553207691171075 0.0621568249810589
-0.0329210413667249 -0.256355285834706 0.112297412674582 0.0239851470963723
0.0587844996547166 -0.266845783009945 0.164609429557046 0.0223469989713064
0.16455087425626 -0.263220345400132 0.217380785266675 0.0657828577911068
0.272762512662982 -0.159971768301065 0.213112272351646 0.131369757455163
0.33892935642858 0.0115161570651298 0.108140342242157 0.121371798052103
0.373325386422147 0.119749897022026 0.0551369827216999 0.0242642440855993
0.285660655893925 0.195367982218517 -0.0889580294173787 0.0501214266793384
0.325709182162859 0.153094752155496 -0.114889069606919 -0.139502208982689
0.346540479963042 -0.00400915301879439 -0.216078033070644 -0.133550432552742
0.290740465553196 -0.161405440026733 -0.247173528410808 -0.0367816098893228
0.178923193697587 -0.236447204692956 -0.202994448338 0.035494312393504
0.0738578711881153 -0.260036031480275 -0.139152412796371 0.049986672654331
-0.0182142827034827 -0.244812090699679 -0.0886606466513265 0.03498878773286
-0.0285718695557482 -0.219175388167521 -0.032969190298066 0.0198988437332436
-0.0515281889244822 -0.218343963484347 0.0297156226998492 -0.0257514369234698
-0.0018148224651703 -0.268854479368742 0.0932817635342156 -0.0577305631660651
0.0944275611062837 -0.271740948434003 0.160212980352219 -0.0455481841521843
0.204795784032111 -0.258230395676158 0.215506146690915 0.0303933167319926
0.306058472011822 -0.135815692062019 0.189832836362028 0.12236776242769
0.355958347617083 0.0525924952672274 0.042662694135119 0.110723724581631
0.370876477395092 0.157869159229881 -0.0537914048056161 -0.0395360014279571
0.255309387003496 0.185535027174662 -0.197191619380116 -0.0410473800721562
0.312567794575771 0.145854118557826 -0.199475962245186 -0.173512889853509
0.339471607911383 -0.014882089331535 -0.231074830833118 -0.141516695605761
0.274427834152618 -0.172777607404959 -0.216415820466722 -0.0572317664046136
0.159380548852304 -0.231331620311559 -0.161373571037672 -0.0352811528858057
0.0634686155692858 -0.247062801514658 -0.124399982321479 -0.0436478075051261
-0.0137575835290284 -0.228034369949289 -0.0946610731555479 -0.0622580060272321
-0.0160962968444989 -0.201215332783518 -0.0484748652350283 -0.0718335031904709
-0.0235638240125716 -0.203871550746204 0.0166309610440016 -0.114716661093835
0.0362636604432786 -0.241799377108068 0.0902499757398933 -0.135968875240469
0.12705975030057 -0.232615009549039 0.168864848050472 -0.103123153474087
0.22612236071319 -0.201327965340535 0.213365619728523 0.00400376313686931
0.299292813046372 -0.0726123510950339 0.160953912720592 0.107835368191914
0.318198669379194 0.103663730943349 -0.0121450437125572 0.0841584162782815
0.310496688330915 0.181788896450057 -0.139767764085201 -0.110968437903625
0.177111449373457 0.1476938757735 -0.28810313599921 -0.115203106527057
0.235814225836268 0.118379565396631 -0.268119799892438 -0.182119699979961
0.263039939140149 -0.0138042886785877 -0.232938060577852 -0.139832594222023
0.204176642720913 -0.140674200465212 -0.187021528961785 -0.0797429752374808
0.115236098752073 -0.175136571725423 -0.132211442114445 -0.0995136096580551
0.0475090096498003 -0.185617992848916 -0.120131754591631 -0.123019181656441
-0.00467792652981792 -0.173777543359293 -0.10200228766727 -0.144045101875798
-0.000882952124213646 -0.151885309709797 -0.0547033365710611 -0.151748941120028
0.0039676319562574 -0.158577189811263 0.0202546481214336 -0.193164235546448
0.0620110948249813 -0.180405798181031 0.109398922929206 -0.200323937054583
0.133688890504993 -0.161497798788345 0.195944487853565 -0.143191826396667
0.208305753593256 -0.117885741553717 0.21995767979093 -0.0110245532331712
0.24765195083936 -0.00211587946693588 0.136291284762924 0.0878658975737455
0.236139937709348 0.135987166326901 -0.0418911284595384 0.0431080961129252
0.208006728366074 0.17754905035869 -0.187596856342524 -0.179883069942077
0.0617684235613331 0.0943217132728202 -0.340971650814564 -0.160574725932311
0.114867009163965 0.0861760403555092 -0.303424279761215 -0.169174094854329
0.140093168557641 0.00417082088745321 -0.228240831017853 -0.13534799051406
0.105342734997822 -0.0691257500473186 -0.172694074344993 -0.0991922731315474
0.0631766389314847 -0.0787825899616409 -0.125409921790754 -0.139724443160465
0.0362929043071091 -0.0918672586296296 -0.126468041082034 -0.166711930042028
0.0111603535628456 -0.0923133793145893 -0.107283235044531 -0.192095248447628
0.0121904589269354 -0.0804842093067086 -0.0518706574436528 -0.206496652599634
0.0204139628304681 -0.0884437624044941 0.0369308111602798 -0.248121175690189
0.0577064663891718 -0.0971343054271601 0.142686335044984 -0.239951919593927
0.0983075171090876 -0.0835036036143399 0.233501938543706 -0.162127649665893
0.143780248656393 -0.047140330947491 0.233892307065754 -0.0153848789769951
0.160101543755663 0.0399456960744524 0.126798811548941 0.0659680889837371
0.130830831312381 0.126269113488978 -0.0421092761108449 0.00346794908543435
0.0865041623286058 0.134347853319285 -0.194315419650528 -0.231984205600786
0.0327460746877904 -0.052475461593212 0.229671519502121 0.230476959814922
-0.0292671765344339 -0.062732528548418 0.0914892615710512 -0.000428386631735902
-0.0677234255109748 -0.0213477380471257 -0.12900799065316 -0.0794373123538276
-0.0480911566268509 0.0225491687855264 -0.263143294426292 -0.012464875603808
-0.0283072090112774 0.0175859534121999 -0.285536198487884 0.176672038268939
-0.0262025438396738 0.011243140455715 -0.178998755009497 0.278839782974947
-0.0317245042659676 0.00877367092747708 -0.0487554753818832 0.286404181987619
-0.0287613859638956 -0.00403421890409422 0.0624823681946352 0.261498623370304
-0.0423143000987516 -0.00356433063467379 0.130146123353844 0.212802792425617
-0.0450172930150096 -0.0204806676642834 0.161042884816856 0.179695478864476
-0.0295070246275177 -0.0259939524901386 0.160866203315366 0.15376124845207
-0.0305296573500829 -0.0288682098559009 0.191198540153924 0.136839356485748
-0.0213648252584814 -0.0449715097485036 0.236213335183864 0.13596368832474
0.0232276082961354 -0.054930113847426 0.26303492136458 0.152829854064645
0.0584010630314313 -0.0399923127329409 0.334671092179049 0.163010741067653
0.136452637068147 0.0271591625268279 0.187305392740572 0.245364680201749
0.084413761264647 0.00322368968563038 0.0633115109709734 0.00232176594058041
0.0500281692495044 -0.0125624514004571 -0.14466403682606 -0.0724700070230539
0.0534518311313397 -0.0202312702318807 -0.268346058192123 -0.00727382690169967
0.043916751794276 -0.0581982869767857 -0.287403009154476 0.164515094491207
0.0084028323054405 -0.0802700133424404 -0.186351284713067 0.2592318389321
-0.0334278405481976 -0.0832996460040931 -0.0637448333093404 0.270375115820496
-0.0397927968456006 -0.0896545235380455 0.0451509377024948 0.243443201903303
-0.0658374557678926 -0.0892215020525956 0.118344328562357 0.189975746931162
-0.0515266436145511 -0.126158398815949 0.158473948673003 0.152506219399417
0.00341985052060457 -0.134507543977837 0.172267284698685 0.132864605371946
0.0521848360477011 -0.132155181650116 0.204229947513089 0.125192696135385
0.103937829993908 -0.0970675893231612 0.235288967998749 0.134009930624693
0.164044676554256 -0.0343849915669877 0.228415653379674 0.131721664399313
0.205349455757716 0.0173227181493298 0.27390035200463 0.126332753377307
0.221948102964585 0.106050284303802 0.118174607496903 0.213656956080454
0.193787197834474 0.0722267078834045 0.0203820633045416 -0.0310547290206128
0.174288786727162 -0.00209914290646226 -0.1702998309699 -0.0859734918517407
0.158452813662923 -0.0693243517691579 -0.273386987582633 -0.00690430887169471
0.111859302330385 -0.134047324079097 -0.274668859123213 0.144050849462928
0.0414567239159065 -0.166085237126859 -0.178296493351696 0.215329783709407
-0.031878571825364 -0.165930345486952 -0.0738763005817201 0.218645655144741
-0.0468002026213458 -0.161768792541691 0.021282336708992 0.191267924757229
-0.0808617300156924 -0.158032334219299 0.0934717253926739 0.135683418759387
-0.0558037370308899 -0.209489920331663 0.142905785807379 0.0951016677333128
0.0242360160396257 -0.222439024490042 0.177034912621313 0.0822807619962338
0.110630078983278 -0.222659867557602 0.217471660844792 0.0961597050642933
0.20276305872137 -0.149336905136173 0.232533914864385 0.129656492758461
0.276558127910552 -0.0228805131567054 0.176842963356898 0.121903920634431
0.320632837885809 0.0643831805306311 0.175065573586443 0.0784998638544792
0.280990061971919 0.162000819059539 0.0242324080739956 0.143247305818954
0.287336548698904 0.122471025881829 -0.0399715672052549 -0.085687251377201
0.285790993479236 -0.00537557038767071 -0.199128777671602 -0.110402382246478
0.245048012337899 -0.128058229920647 -0.270986199767551 -0.0143362188655042
0.157205310262306 -0.204563191376945 -0.243752302466861 0.106613435290405
0.0604086121249133 -0.235142085574325 -0.159227440578691 0.147307497056519
-0.0317575106760934 -0.224598064417134 -0.079803590290267 0.138537149360612
-0.0461744348033583 -0.208138834541263 -0.00655954009640756 0.113008914963216
-0.0798358380937664 -0.203457219633122 0.0608886865440993 0.0592614024672267
-0.0463157326565109 -0.26162996370786 0.117186841131355 0.0201941628540569
0.0481522364192536 -0.274777564461685 0.171430501670884 0.0162187452915132
0.155642834372903 -0.275859970588456 0.22255083726744 0.0585815967072352
0.270240049319122 -0.1732182738971 0.221704221914425 0.122997091749948
0.346743669286796 -0.00144298904230407 0.11435445479219 0.11922614482467
0.382373392416627 0.107416851893017 0.0583767709990205 0.0245303639991881
0.298415960877442 0.18594990405115 -0.0882168125922704 0.0529094612143579
0.337108941084307 0.142205491618267 -0.121500028025169 -0.138229126302666
0.350120814784861 -0.0196436149709216 -0.224265654387105 -0.129999430563226
0.286937626005417 -0.176904951035769 -0.251420018364711 -0.0299709961740076
0.170181206687309 -0.248672525230179 -0.20337438007448 0.0446621519257744
0.0624769229695558 -0.268261721412066 -0.139320109563467 0.0566619133077918
-0.0298781757527004 -0.248071376551362 -0.0881275833388363 0.0402556005279074
-0.0381638899687718 -0.223219206038343 -0.0325057576990233 0.0211795981792579
-0.0617484510132731 -0.219412291763745 0.0315727658652494 -0.0288168352071357
-0.0149377489398255 -0.274956920203739 0.0932123240063091 -0.0625341459130146
0.0837826099935076 -0.280888325785706 0.164836482452299 -0.0532505273414353
0.196926001063018 -0.272302861126517 0.219145299835125 0.0227442205133433
0.305795904783828 -0.150993320041524 0.198920824314693 0.114785673872621
0.365056963665682 0.0400767024888971 0.0483264333222406 0.110448291379245
0.3821217282143 0.144616486603897 -0.0564226358146885 -0.0358119277573779
0.268090326701924 0.176856437217798 -0.203725326781289 -0.0359371875457311
0.32263817838008 0.135496137921477 -0.209231383889093 -0.17027472902926
0.343235383723316 -0.0298518398535998 -0.239201264143432 -0.136940033656425
0.270077451985623 -0.18815650350185 -0.220892965779302 -0.0518444941012353
0.150757428487202 -0.242599699663876 -0.16470102018223 -0.029157101251484
0.0527871451917136 -0.254338541571501 -0.128289452068328 -0.0401290080479664
-0.0249089432790303 -0.231813010758526 -0.0999407129518723 -0.0588945946434976
-0.0247346847388486 -0.204733405797733 -0.0521626197714401 -0.0719250428864347
-0.0325053169113307 -0.20574546539873 0.0134801725157763 -0.118770985919492
0.0253840162807487 -0.248860092861886 0.0864227618609313 -0.14222096608846
0.118351343386961 -0.24273848687954 0.170499161631804 -0.112354114845413
0.221215658862271 -0.215652714956668 0.217156740312457 -0.00445472180231518
0.301684505997212 -0.0854536160398881 0.169111689637406 0.101904714306811
0.328786953624274 0.092664771971974 -0.00815955494345878 0.0860566293437888
0.321109502363687 0.171457283268822 -0.146709814859436 -0.104763808856908
0.186389720629992 0.141338217514301 -0.29969662323007 -0.106616436439506
0.244683101465926 0.110090885383876 -0.279208398037661 -0.17596730127728
0.265303927916619 -0.0261545641404177 -0.241508788199642 -0.135376452804922
0.199934499296861 -0.152147741875043 -0.191922387490913 -0.0754552055116742
0.108643969744053 -0.183150930402247 -0.138843128420425 -0.0964378272565087
0.0395940665602769 -0.191585973015432 -0.128125032898151 -0.120839576093399
-0.0133898853053212 -0.176605797055592 -0.111659770893264 -0.141364560046329
-0.0066717578475723 -0.154972275429184 -0.0633037153270451 -0.152080093807373
-0.00257812889924747 -0.160810454808212 0.0127178843115226 -0.198093582665323
0.0547135264859067 -0.187241315199467 0.102786255138249 -0.207991587222027
0.12806097018648 -0.170625594027216 0.195916079807844 -0.154045470541079
0.205998784582557 -0.130291090752249 0.222701726417148 -0.0191908707569382
0.251929733295712 -0.0119368152893142 0.144036387270087 0.0836875416719777
0.246097834060518 0.129656162731425 -0.0403733002529373 0.0450914937223514
0.216117914836253 0.171354091488057 -0.19889090555158 -0.173754762291002
0.0666660139599048 0.0920007142354967 -0.355631794401814 -0.150647178060319
0.119886452744971 0.0827810843160116 -0.315889461839181 -0.161040857088788
0.140925469403667 -0.00267260359879416 -0.236594570677173 -0.130301805032708
0.102614559738132 -0.0749143382129992 -0.178395717402376 -0.095446772641498
0.0604493561083852 -0.0837979536048619 -0.13398331350323 -0.138602629162795
0.0321655995721549 -0.0950620104516472 -0.136804841350923 -0.165441165364077
0.00707463839623133 -0.0943549961988092 -0.119139031422139 -0.190946017166581
0.0103996453976289 -0.0819277080109654 -0.0628327211940493 -0.207714037660872
0.0172640548279528 -0.0894845954829634 0.0268660458436736 -0.254573245611331
0.0541749796677891 -0.10202256716731 0.135018232707035 -0.250287377177947
0.0953703932271443 -0.0887416984640657 0.23227997916476 -0.174879583860722
0.143779586859223 -0.0537114974047095 0.237239755028013 -0.0253544552992968
0.163957186407791 0.0338952379994198 0.13250100298484 0.062520384524419
0.137624445686481 0.123123492849421 -0.0417626424530116 0.00562229323997135
0.0907118553343462 0.132786552603645 -0.208134397229527 -0.22665870090575
0.0296167624060947 -0.0540224648441778 0.247370761780657 0.21445984016525
-0.0338546816027256 -0.0615412697109411 0.0924123532349001 -0.00767513432267793
-0.0692707278480851 -0.0171927250219609 -0.135263036211822 -0.0724062086536597
-0.0465834420379347 0.025911489592728 -0.266447885652527 0.00417377197006614
-0.0276908399125695 0.0191021735763306 -0.273349705276471 0.196553659935576
-0.0256826514333086 0.0128551081436435 -0.159312332208248 0.29350615607639
-0.0312026461690142 0.011567149712504 -0.0287259553476693 0.292226347427012
-0.0303118735555702 -0.00228707529717108 0.0822748058710063 0.257602016454735
-0.0432946359409745 -0.00115794026357248 0.148153645554207 0.204093841946293
-0.0471298929709721 -0.0175643277387324 0.176054839609165 0.170323173162624
-0.0304522649608408 -0.0243830701416697 0.173278901043788 0.145457726098394
-0.0324782287845389 -0.0261361948855018 0.201170344982629 0.124801460435302
-0.0247638654394767 -0.043184922783887 0.244617615475481 0.121290283230623
0.0208828376687462 -0.0573240678718522 0.272724214457905 0.137640785397396
0.0559951158151452 -0.0431749389521991 0.350369955392901 0.142369248010087
0.139099424159556 0.0184922335372376 0.206238314521033 0.232438838378854
0.0850221879549167 -0.00346260057306055 0.0641708658115279 -0.00226213379458374
0.0490145985906684 -0.017161660135134 -0.150699923037921 -0.0647802615570859
0.0519351426415942 -0.0233520184365295 -0.270819432591686 0.00847666426332129
0.038070568422108 -0.061840464621456 -0.276000757899857 0.185340620161672
0.00239147624414536 -0.082004569310968 -0.169357220746772 0.273380590125685
-0.0396393161341301 -0.0818032085436451 -0.0447938695802391 0.276287735516931
-0.0478220384744673 -0.0881794091949572 0.0640900694619688 0.240889571370934
-0.0728889195302647 -0.0854528424805743 0.134647656341746 0.181617184282936
-0.0614024162190066 -0.124180305409027 0.171848416534752 0.143205356226381
-0.00499243299202665 -0.136577917710864 0.183322238485556 0.123060708534473
0.0439765019668733 -0.136420147547173 0.21280600416295 0.112426629579271
0.0980241744076338 -0.103634618393568 0.243400799131532 0.117974035763659
0.163736031292928 -0.0455755814180645 0.236677306351265 0.118767011910932
0.207110170074721 0.00453692882911678 0.286381685701671 0.109590557937952
0.230727839325073 0.0911803250513112 0.134064068384894 0.204564276776724
0.200534017362215 0.0592146681175428 0.0194147720230807 -0.0337641123589535
0.173553939548082 -0.0154931176009397 -0.177511971274991 -0.0772316428764843
0.154082663836574 -0.0793815764858605 -0.276266749333215 0.00907764717734356
0.100825279249614 -0.143003954752295 -0.263642687632071 0.162886384155378
0.0292874378065569 -0.170970684367727 -0.163612112679548 0.228816078904622
-0.044483542374674 -0.164469492751966 -0.0572615405604416 0.225877007643813
-0.0590852479441522 -0.160761533330378 0.0353566783443105 0.190151955110723
-0.0928960980967183 -0.154034282852026 0.105637798269123 0.128259427808564
-0.0724637224178932 -0.207595127806333 0.152434913945951 0.0861225653596687
0.00900084129284789 -0.226376744225998 0.186177883308478 0.0714062257688825
0.0959468825670842 -0.233044961800707 0.224683736827606 0.0826978170204051
0.193097799849463 -0.163077661155783 0.241477305201371 0.113025498234231
0.278503733830306 -0.0416516548953106 0.185248403277368 0.111196848920531
0.326068819353935 0.0438345657951481 0.183968611612397 0.0690534222567
0.293678011618942 0.143111781924961 0.035117441605227 0.140096806584434
0.297010768337379 0.102475163160026 -0.0446413060336235 -0.0845170802573923
0.284748496540535 -0.0260617208827634 -0.207067063629642 -0.100440833371877
0.236261264006394 -0.145337315459522 -0.272804643889006 0.000433046998461438
0.142081280170679 -0.21732024544501 -0.236373929712606 0.122889473213019
0.043045367370976 -0.241100493119517 -0.148712454242372 0.158118121828276
-0.0481744572883142 -0.223713854254169 -0.0695105878791471 0.145120565310825
-0.0624674654342562 -0.20797296871979 0.00211482043115515 0.113841961266811
-0.0951054225250922 -0.198732036388507 0.0675915988379963 0.0535067701197669
-0.066673899760812 -0.260441194387845 0.120909191397864 0.0119739324122572
0.0288774225226109 -0.280717416018133 0.176280281528929 0.00364292197432243
0.136525181720158 -0.289769804094615 0.227475867804625 0.044762087745536
0.259174865786344 -0.191785207711257 0.231303575482999 0.106278615232704
0.350393449742607 -0.025571776435655 0.122071286004055 0.112183000417396
0.390271398053124 0.0821435279436189 0.0614064379780202 0.0225908787325737
0.313486193593974 0.164800628071828 -0.084522518939025 0.0577048428109735
0.349436308544857 0.119437368143525 -0.129545133907937 -0.132597168483264
0.348328162160249 -0.044535916554565 -0.233380132737094 -0.118246751144613
0.274592320743333 -0.197383797871713 -0.254093767485746 -0.0165226064670691
0.153014681958629 -0.261314480439655 -0.19986924978999 0.0589079118768229
0.0427042590955602 -0.274829722201394 -0.136414646927686 0.0653919282968511
-0.048618657346412 -0.247709234460119 -0.0857735503844184 0.0470912619544588
-0.055470695044936 -0.223057876100534 -0.0310623813103452 0.0230854355488404
-0.0775998640298536 -0.216556283614965 0.0305098675408983 -0.0334394484908235
-0.0360611063574213 -0.276475800590088 0.0912214798350149 -0.0695106490211101
0.0638566152319244 -0.289309624726159 0.164610058872712 -0.0656080583199107
0.177670316771773 -0.289201650380114 0.221653191645403 0.00872965415225014
0.297089073484206 -0.171718453556384 0.208448140161204 0.0989765974331513
0.370411398897886 0.0161424454352959 0.0562657160026259 0.107517508625654
0.391967231288953 0.119219652110174 -0.0585297695861572 -0.0300827030208963
0.281346985816013 0.15788207733038 -0.207125486617845 -0.0237071954849688
0.333533373769037 0.114359606980275 -0.220014605049896 -0.158816801120505
0.34061435019546 -0.0547524372993566 -0.248680087867601 -0.124506249752539
0.256431722879813 -0.207320415135575 -0.224692943269374 -0.0399030021912355
0.134031357176778 -0.254880276343173 -0.166317669904128 -0.0188941190233175
0.0340581528465496 -0.259769375170075 -0.132250317934904 -0.0326481360583191
-0.0425892669009601 -0.231484660446908 -0.10466924329326 -0.0516640455238706
-0.0393525557037008 -0.205180610082171 -0.0584056690879041 -0.0687325659775743
-0.0472321600010565 -0.203867989310054 0.00548339703605777 -0.122319369103779
0.00600901990706504 -0.253059308538468 0.0780402038440702 -0.149285142029475
0.10072895922991 -0.252746138115801 0.166012524547801 -0.126141130864862
0.205172618774248 -0.233814487311045 0.217468226301758 -0.0177863317378812
0.297144309860767 -0.106922959262011 0.178006764100055 0.0892819311801869
0.337576809833695 0.071244848894115 -0.00153540157247086 0.0866818338358046
0.332655341538452 0.151308720901198 -0.154265463414118 -0.0934303137563858
0.197000159853504 0.127621045549654 -0.309903355402806 -0.0884631858446436
0.253545004346426 0.0937681379870679 -0.291794879830867 -0.159845387734152
0.262956835227156 -0.0443735232778952 -0.250916417538334 -0.121329772678403
0.188653978555297 -0.166235218786753 -0.197158721797646 -0.0645142506837269
0.0957331818350666 -0.192312020615373 -0.145585767085321 -0.0887807987743088
0.0249362518050766 -0.195889892922732 -0.137826808201986 -0.114602355737552
-0.0268129815077188 -0.176882657057508 -0.12327091387947 -0.133644525849137
-0.0177211149564694 -0.156484683332676 -0.074652052644662 -0.148311921845186
-0.0138017880936951 -0.161002964766931 -0.00126945184232021 -0.201459003379268
0.0400518176282929 -0.193387560654837 0.0884530273953276 -0.216827424716021
0.115570998602957 -0.180776570479232 0.188489479331986 -0.16902190768573
0.19627628335727 -0.146423500139595 0.222727480811185 -0.0333859712099369
0.25210883799779 -0.029335052075133 0.151032731027262 0.0737031308025981
0.256523496930987 0.113564455947114 -0.0366923685520668 0.0479551451069823
0.227584732816591 0.157918431783251 -0.212521453928385 -0.158886107321434
0.073265504511492 0.086119785621862 -0.370423918159368 -0.127775681000981
0.126149582428694 0.0742074951736012 -0.328789458127113 -0.141786716476435
0.140243852275998 -0.0121171073189519 -0.245247247769986 -0.117492405147257
0.0963516392324408 -0.0822627097181509 -0.184591582165343 -0.0854128456701173
0.0542978313257811 -0.0887819493924854 -0.144902805202776 -0.131031349869004
0.0246922208745672 -0.0978344116594574 -0.150107519495304 -0.158310119891182
2.41481965280077E-05 -0.0952990293084624 -0.135690127947673 -0.183753292637071
0.00546057511688276 -0.0837751381689134 -0.079152223781499 -0.20350831886265
0.0114896377825757 -0.0907882995506922 0.00791941708311543 -0.258548044960179
0.047173495695646 -0.106563460695745 0.117261520458807 -0.2609764155625
0.0886679902743202 -0.0953974480258341 0.223532918460874 -0.192925406512291
0.140162144526465 -0.0643518516935271 0.236734501766322 -0.0404568453112476
0.167811452243804 0.022998698655627 0.138323143576057 0.0539911761904588
0.145757483975834 0.114900314130261 -0.0407717807638534 0.00869737613663818
0.0990098228216844 0.126645419364894 -0.225288703234316 -0.211162582962613
0.024930218586389 -0.053911972589413 0.257718354711342 0.189386613723538
-0.0382367888414753 -0.0581650435103769 0.0897151954416372 -0.0145873348486526
-0.068641699089358 -0.0122943111485765 -0.137555285655698 -0.061511605680205
-0.0434850039534101 0.0292597561310839 -0.261279615777328 0.0214508774019882
-0.02647472454312 0.0213334840339083 -0.251302827588078 0.211922823328015
-0.0246917990057256 0.0144114666174398 -0.13339916610568 0.299166795907274
-0.029356882881956 0.0136587797486292 -0.00607730847529171 0.287422481572067
-0.0303195373675054 0.000224021280189298 0.101461124707493 0.244409279820506
-0.0432921608497479 0.00203032317958612 0.161663988867409 0.186944997809318
-0.0476870752480523 -0.0137452487012625 0.1861063119827 0.154082341488578
-0.0306259928013906 -0.0220859755538336 0.18041257317942 0.130855408820641
-0.0329282740283072 -0.0228070271364386 0.205012013149621 0.108194552569142
-0.0266845603838234 -0.0398217493620036 0.244571939560734 0.100805706224354
0.0168019158124983 -0.058276297444846 0.274330697035663 0.117673277734735
0.0523548528049372 -0.0444411496534315 0.35522135499999 0.114557600444487
0.136689778852046 0.00829606881773183 0.218906797143632 0.209309596854965
0.0824959454777041 -0.0102232142179413 0.0627079457098207 -0.00788448020001211
0.0458271863422112 -0.0213269855321078 -0.152295327701929 -0.0536349264460881
0.0487562470708683 -0.0269020200546481 -0.264967681574606 0.0255507147131418
0.0314188771627193 -0.0630397980488392 -0.254658620820235 0.199774681089543
-0.00482829298713488 -0.0805283872603951 -0.143893568549948 0.279999045070659
-0.0453634108230304 -0.0765669358113925 -0.0210016854036381 0.274036358960534
-0.0546625287793568 -0.0830687255387306 0.0819737553290404 0.229578378755303
-0.078402677428964 -0.0783456120482667 0.147042906586393 0.165567178472695
-0.0704432255760523 -0.11722706812686 0.179967617376285 0.126844784150247
-0.0148071307486435 -0.133420095624015 0.190111076305182 0.10776830909674
0.0328718758962275 -0.13667741653737 0.215472636477555 0.0954426810763782
0.0880323307485672 -0.107646823494751 0.243527813232537 0.0964614574515388
0.157395278748722 -0.0571517014471823 0.239283120945726 0.100882430592064
0.201840935808102 -0.00974626364384826 0.290580257121217 0.087501469272553
0.232236565102715 0.0718221172885741 0.147088895673866 0.187176781912684
0.200418139495452 0.0427868105706293 0.0179536922505304 -0.035632613573639
0.166898844469236 -0.0282374126315364 -0.179033733315251 -0.0644879528214672
0.143365426323283 -0.0888103908065757 -0.269454855952821 0.0261991750030802
0.0859698808314785 -0.146489186133897 -0.2441235926207 0.178580363675521
0.0136735246817388 -0.170018899254388 -0.14243984275327 0.235631339184306
-0.0563693384208285 -0.157168581638284 -0.0384558818954074 0.22470035363253
-0.0711055090620533 -0.153103894769979 0.0493566905473755 0.182167299281152
-0.102812324733225 -0.143195711278675 0.114073122699971 0.115112430861781
-0.0877349880306516 -0.198016630525623 0.157069069105749 0.0728945297888366
-0.0076879666714998 -0.223258225651824 0.188992842420014 0.0560534712727079
0.0759418488976913 -0.235114779854779 0.224946219281927 0.06549590092894
0.177098711756877 -0.172725686600132 0.242237953958423 0.0904973140939417
0.27001954412985 -0.0607607688867231 0.18872940513406 0.0957832792475473
0.319796911598935 0.0202270438028736 0.186897810568117 0.0550663481407126
0.296929873359248 0.117031597796936 0.0450271782595276 0.132184888759
0.297870191221628 0.0788769591377023 -0.0486430599327952 -0.0810803538946085
0.27380877521541 -0.0468093401461724 -0.210011085921043 -0.0847736813412981
0.219228152393245 -0.159138997942775 -0.265687510074823 0.0180203579065183
0.120486748821545 -0.22243458912165 -0.2198692320065 0.136359963816364
0.0224808425402413 -0.239738381058002 -0.133671211807485 0.164824667230726
-0.0649361913839488 -0.215005008522645 -0.0563202425231971 0.146393256023156
-0.0781712606099137 -0.199393902281385 0.0109827191390941 0.110344281196357
-0.107993824325357 -0.186968885443584 0.0709910172961975 0.0452139985173355
-0.0865467186906058 -0.249160533930918 0.120438399019201 0.00236194072061136
0.00715375618073279 -0.277281920509973 0.174996945997502 -0.00983149650793063
0.110852955291505 -0.294749764263797 0.224443801298466 0.0287840028218541
0.239252929010707 -0.206289213606882 0.232369569103209 0.0840012799686456
0.340802986644124 -0.0496819935698531 0.127758195880367 0.100380637175539
0.386310050272917 0.0521753297736718 0.0640071200586357 0.0193648050788251
0.317472357248219 0.136580106270336 -0.0781669785327902 0.0601237349666603
0.349297676847235 0.091161579652788 -0.134650269359653 -0.1214616867884
0.334426541227266 -0.0699117348208708 -0.236056385042559 -0.100623994448542
0.252820437874308 -0.212064369532736 -0.249318982144193 -0.000104427368076163
0.127950105548995 -0.267303565709275 -0.189682736333102 0.0712913638148846
0.0194089986858393 -0.272015717185877 -0.128359116472749 0.072759770011974
-0.0679207351698548 -0.238387900139974 -0.0799666125226565 0.0524717837201207
-0.0717288243820667 -0.214681551701667 -0.0292775670328798 0.024907858544138
-0.091856607420186 -0.204701198575309 0.0281085755734665 -0.0363279547334371
-0.0588039180175668 -0.267372941870377 0.0853182686946562 -0.0748528971863023
0.0397866656721209 -0.287853139073162 0.158021591497703 -0.0770690984493805
0.150387559536018 -0.297530000990292 0.216586437907208 -0.00537373012546099
0.276757287021271 -0.189623584901987 0.209440514682173 0.0794089472019981
0.363921434078062 -0.0120404669450439 0.0631292774232374 0.100525219300177
0.38807969702009 0.0888709227032622 -0.0571011239442721 -0.0230930703700152
0.285948244350918 0.131180390586222 -0.204668596695561 -0.0094290618913963
0.334548008817106 0.0867007653124924 -0.225689020383125 -0.139977466684035
0.326153791974156 -0.0785487474211953 -0.25213338146226 -0.105794164502928
0.23413428541009 -0.220881232030368 -0.221768244421286 -0.0243080026457342
0.110451960986298 -0.25864141685478 -0.163105247023606 -0.00665924276717194
0.0121093753190826 -0.256959715141556 -0.132059648595479 -0.0240303696736607
-0.0603250525907131 -0.222803243573407 -0.106559329065659 -0.0428532605334021
-0.0546597365046756 -0.198397237891297 -0.0623128301350104 -0.0620381339980964
-0.061470123825292 -0.195520469595343 -0.00417551767258288 -0.120579521241643
-0.0149369673914242 -0.248408348418838 0.0656312822277285 -0.151799625808744
0.078583865757222 -0.254782524720504 0.155018179882614 -0.136075585514416
0.181202682561432 -0.244248140786715 0.210400221573931 -0.0320451450449447
0.2818108205468 -0.126206852652429 0.180067336496369 0.0719010070144388
0.33510032451373 0.0453295659420725 0.00545400692179009 0.084486391195478
0.333145828796261 0.123319519803626 -0.157173889200041 -0.0771329503898949
0.201599835165338 0.107683744373213 -0.309966246409427 -0.0641858342589054
0.254254241609679 0.0729811661110202 -0.296272381557702 -0.136050444415117
0.25149414307987 -0.0626091944233591 -0.253805198679815 -0.102501606502526
0.170768269028099 -0.175426329944209 -0.196405421630421 -0.0506734497002315
0.0784658949496939 -0.195025479431134 -0.148169659453469 -0.0767537846981228
0.00874940004022427 -0.193089533023739 -0.144622301435046 -0.103444651173703
-0.0402075747457947 -0.170450483829563 -0.131431007391012 -0.121212437316854
-0.0289611247198747 -0.152618576530928 -0.0851481873889795 -0.138856908517543
-0.0249740463216246 -0.155780726059783 -0.0176288489181803 -0.197156981993237
0.0232442371309817 -0.192068261777821 0.0704147747913755 -0.217994319217922
0.0980800114824051 -0.185123509958162 0.173009717944522 -0.180272786896039
0.179440732951322 -0.157955382392823 0.215195540750983 -0.0479477539009295
0.243633515410612 -0.0474866403420313 0.153837623470755 0.0594906531528061
0.25849347452356 0.0923965615694402 -0.031432019412729 0.0494677312423124
0.231237642651957 0.136476000440963 -0.219230150464932 -0.136719460559718
0.0768293040734103 0.077182062689646 -0.372936628282791 -0.0983932678024618
0.128089231889865 0.0629485613112985 -0.331540185595424 -0.114749159126779
0.134566266763839 -0.0219400112170619 -0.247300253680283 -0.0985979262939551
0.0868300667806393 -0.0866936365921459 -0.185465413423756 -0.0709670272949643
0.0456912367807778 -0.0916448513399768 -0.152099375317193 -0.118966541995178
0.0158133085627994 -0.0971172044528653 -0.160703366013533 -0.145234295728725
-0.00761250383166256 -0.0925497384930856 -0.148476986918532 -0.168684749213678
-0.000204075932498309 -0.0828831947122342 -0.0937710382606493 -0.192208600114355
0.00555683613357685 -0.0885883597187993 -0.0125759447610553 -0.253078320683677
0.0372671194516915 -0.107769001543252 0.0943502052798581 -0.26379843469945
0.0782217897388599 -0.0993838733610958 0.204329390481785 -0.205252772090878
0.131032374202415 -0.0733708608700328 0.228730108375155 -0.0554414290932903
0.165851141168282 0.00985994231622376 0.139874291716297 0.0428634470014694
0.149765638918652 0.101743356623224 -0.038344596258575 0.0111231961411058
0.104220001108417 0.116293155279503 -0.235410562935632 -0.187148948448077
0.0207165047617581 -0.0518600537858913 0.255182249468714 0.16525787391131
-0.039554199313715 -0.0532304066909571 0.0856614748866514 -0.0190691203347933
-0.0662816516241552 -0.00833672208847142 -0.13514837245874 -0.0525652579872623
-0.0391902743872245 0.0306163958990537 -0.249762011568769 0.033416989269183
-0.0247429326513858 0.0227855646438041 -0.228417604979926 0.21408239207149
-0.0229972193051025 0.0151310405301518 -0.110167148377893 0.293512471022046
-0.0270065569476278 0.0150042702094037 0.0114678817023304 0.276078279247709
-0.0298573445567302 0.00208266747711616 0.111926344601057 0.227442246833939
-0.0413340750327 0.00405934034715649 0.165725903842798 0.168742204882335
-0.0470300960392702 -0.0109337399297627 0.187846458598583 0.137933779062436
-0.0298306040311315 -0.0203220797775517 0.179819824253431 0.116978607835072
-0.0321178159041711 -0.0193781240322091 0.200820628653435 0.0926619382751185
-0.0272051873589398 -0.0362452171930531 0.236322769247235 0.083988192088392
0.0134360327028481 -0.057324383041454 0.267257953926129 0.100305974574367
0.0478703400838608 -0.043576641258994 0.348154188020637 0.0909367636280481
0.131430076003665 0.00100212683338372 0.219805172064446 0.186740523418697
0.0783424429212904 -0.0140841301762045 0.0601792718406914 -0.0116522865391153
0.0413594653800054 -0.023706761588682 -0.14899441495812 -0.0441325512838485
0.0451950948399549 -0.0279839942269187 -0.252649257637298 0.0372770944376461
0.0253353705011893 -0.0608157375346753 -0.230616361264243 0.203329202580314
-0.0100020546481835 -0.0770218468649503 -0.121568032253596 0.275329243366661
-0.0482411829180307 -0.070935341900774 -0.0045829158852271 0.263531002369419
-0.0583738209844449 -0.0765118911832031 0.0924565317343349 0.214207481760455
-0.079369309734678 -0.070611566633396 0.150480435344908 0.148646800900005
-0.0750052063392691 -0.108360319981734 0.180933178927726 0.112643052217969
-0.0213203756296161 -0.127538112985754 0.189199113692861 0.0934910236156051
0.0242306704100164 -0.132445081263464 0.209971558337707 0.0803895465861393
0.0790187102753225 -0.106689590145781 0.235800273380583 0.078725169649603
0.148343420054911 -0.0627293295194674 0.232590592726021 0.0848385181910662
0.192517666552268 -0.0181729808887812 0.285065273095446 0.0686476116989443
0.224952410750729 0.0559888459254126 0.150495250963319 0.169564645371222
0.193223324174723 0.0302888449977258 0.0158762550985814 -0.0359684362247607
0.155884061847566 -0.0369259364051726 -0.174718077278103 -0.0535689775510417
0.131719551268069 -0.0928821428545127 -0.256712884986484 0.0371876489103255
0.0728955733612963 -0.144384377371552 -0.22260664620444 0.182033504111189
0.00257526405528518 -0.163161291636819 -0.122561037545327 0.232875467604181
-0.0637774429637776 -0.147204380889152 -0.0236074929211459 0.216574104917654
-0.0780528815477149 -0.143173698611049 0.0578901058810184 0.170930256518069
-0.10608940840729 -0.131377828415165 0.116708863411172 0.101594637959667
-0.0968806228828271 -0.184696072154311 0.155954535265873 0.0613656981303548
-0.019745535133648 -0.213506594601031 0.185119919086182 0.0433840977299569
0.0597699156861321 -0.229405202646096 0.2173927525045 0.0518375541730312
0.160572410792998 -0.174240303630404 0.234016919146994 0.0726457816592087
0.255833142039741 -0.072600965713036 0.184562830009578 0.0826549426336897
0.306110099253911 0.00352784466883154 0.184612242459956 0.0435487658856851
0.289330288342804 0.0950537539732465 0.0503111878367979 0.121486791501395
0.288591544542155 0.0594702611275995 -0.0498018640324513 -0.0757343369863526
0.256508569177459 -0.0604118220936713 -0.204898029663786 -0.0715398084665021
0.200429027010326 -0.163771339425509 -0.253299366660487 0.0289792925307959
0.101597321095422 -0.218112017033605 -0.201329764241105 0.14157124785072
0.00606191966747628 -0.230744348346143 -0.118745183202891 0.164064632281668
-0.0754690200565505 -0.201456235453716 -0.0452150670154363 0.142517808222391
-0.0869039687854443 -0.18707607442526 0.0170554586786948 0.104584700873958
-0.114248898197429 -0.172949035374657 0.0707836364391774 0.037710071164343
-0.0982123839824876 -0.23338039147052 0.117361765714399 -0.00450150818250688
-0.00889637324403021 -0.266718789908998 0.168772318601757 -0.0197522549738064
0.0885598448956831 -0.288203595606911 0.215986588779611 0.0163901629835309
0.217889682924654 -0.209519386063832 0.223341944287257 0.0665533059577297
0.324671299184088 -0.0660834296831031 0.127569563360742 0.0892946605617492
0.368802307493557 0.0302976242882435 0.0644838838465159 0.016566248712487
0.309832114542577 0.112004785490824 -0.0712232157081685 0.0600691076550409
0.338806870557861 0.0689457788227861 -0.134486432129474 -0.110337522221442
0.313230369488208 -0.0845784969375892 -0.231313910416861 -0.0858525450915333
0.22862466391665 -0.216079340797409 -0.237474333186035 0.0116255614129479
0.106084064023416 -0.261688675150484 -0.176076714009241 0.077408007859929
0.00185650813406492 -0.26132064535716 -0.119567628905969 0.0753151016887402
-0.0793964197044523 -0.223793139959024 -0.0736359892693428 0.0534012454406096
-0.0817649634633296 -0.202536707472005 -0.0260155161723548 0.0258038848774798
-0.0990404981283319 -0.190765835935558 0.0249167679598036 -0.0379295510727004
-0.0726180954418378 -0.252213251041255 0.0785994039199912 -0.0769903100025515
0.0213939373936282 -0.279093591484435 0.148862401715101 -0.0833664168152456
0.12595528991512 -0.293855255518211 0.206454907726831 -0.0154152072781733
0.25426146940302 -0.195842936973193 0.202624720638963 0.0625715015461191
0.347710163283963 -0.0308898156814309 0.0659009170773516 0.0925696409419215
0.374403994013818 0.0655574428857204 -0.0542602456305136 -0.0176626493347904
0.279161014570597 0.107853124066118 -0.195795127721604 0.000896834702656567
0.324336507647056 0.0643840463825714 -0.222328699539395 -0.123491354473436
0.304295891671171 -0.0920514649875829 -0.245868037306736 -0.088929164587044
0.210627362543829 -0.222835612188887 -0.212510451668249 -0.0134116983634482
0.0904517751990124 -0.25397256595941 -0.154699002492708 0.00123391357027467
-0.00430413633707961 -0.246420407669293 -0.12896251776581 -0.0171241524184061
-0.0712612793771155 -0.209063231200102 -0.105062241761416 -0.0358123577346192
-0.0638734734557208 -0.188108592931687 -0.0633078785500581 -0.0556328829791268
-0.0689940586892643 -0.183180394232112 -0.0100948970172585 -0.116261793346
-0.0301552482435782 -0.235711073622509 0.0556476545776348 -0.149065438342599
0.0598218810003131 -0.248651980138377 0.142798411377246 -0.139971363773293
0.15854206166278 -0.244458370964004 0.200197648575637 -0.0397170652946328
0.262354858561796 -0.135988392870843 0.17522173958864 0.0572919676161833
0.322942685621339 0.0255526451978166 0.00965024042667874 0.07991032081517
0.323028705737996 0.100131566266203 -0.152963550805748 -0.0631320512981738
0.197098428143953 0.0904792943511313 -0.300588499729264 -0.0452171367284129
0.246304982802693 0.0555924240623013 -0.290276845011452 -0.114684630521852
0.235375251016322 -0.0729534598491626 -0.247590212651253 -0.0859213014331456
0.153094010741539 -0.176594671396116 -0.188862537536951 -0.0387709745993454
0.0631543306986167 -0.191242579886173 -0.145561438786028 -0.0661363793845552
-0.00405282590477339 -0.184922156365308 -0.145375637016876 -0.0925610674961266
-0.0485013478866086 -0.160485690165093 -0.134123488024362 -0.108930691462008
-0.0364855409931535 -0.145548527042471 -0.0900229353920967 -0.126953616235561
-0.0319497674911734 -0.147015980427697 -0.0277164084551238 -0.187947678780592
0.00975834884557246 -0.184469235580431 0.0557062010947123 -0.212659868842174
0.0825838363357822 -0.182192946287991 0.157105137989322 -0.183020058346399
0.161237302687855 -0.16141408208812 0.203823478836783 -0.0554116117870529
0.229839449425008 -0.0585342692371688 0.149608130924903 0.0473741899455585
0.252248646268264 0.0747672451449816 -0.0271079605065038 0.0482422785054465
0.226887477088435 0.118390178015201 -0.215786273279106 -0.11695173494575
0.0766490724293425 0.0675850854982964 -0.363365576692511 -0.0737249934623569
0.125027499442644 0.0530922967143502 -0.322414508432471 -0.0923773657649956
0.126408345705373 -0.0273411616381765 -0.241496780348817 -0.0821130349636239
0.0771830790540238 -0.0869659022907055 -0.179929428160483 -0.0589498136053565
0.0380202011227533 -0.0905455223932889 -0.152387359590693 -0.105424192522205
0.00888236795137084 -0.0935913356042067 -0.163203583968229 -0.131155770539948
-0.0122968067724457 -0.0876090094984308 -0.153773961869065 -0.152848182276978
-0.00459596002546161 -0.0799250936251789 -0.101017911823163 -0.177528441711742
0.000963922501317603 -0.0846861513709716 -0.0266985484369929 -0.240744619897885
0.0286451789515154 -0.104745153129181 0.0762439414734881 -0.256876700322064
0.0696062844249544 -0.0986005915731182 0.1850663605727 -0.20836341718447
0.12057447923215 -0.0773723881617336 0.215834557836295 -0.0635451496605784
0.158232359776707 0.000193505767501262 0.136634698243321 0.033698231141081
0.14822023761252 0.0897792949063521 -0.0360903595630411 0.0125381411206122
0.104590239164572 0.105184850261594 -0.235695932923001 -0.164056342474934
0.0228318272801195 -0.0517571707535405 0.23735044206025 0.163172226897168
-0.0370463806489075 -0.0532283237071141 0.0815713806204243 -0.0151590568684666
-0.0642775871166491 -0.00924654503542883 -0.127063347405468 -0.0527583052014688
-0.0362228440747309 0.0300481755351184 -0.240624897302792 0.0266835600915325
-0.0207086167970643 0.0226482715133997 -0.219191490215229 0.199081532348152
-0.020660052421288 0.014513450068282 -0.108175620250094 0.276793945948986
-0.025878749810716 0.0159440781383696 0.00760542115447804 0.264877414998827
-0.0299268815058018 0.00188217665918683 0.106373069167316 0.21663352124809
-0.0392176216164733 0.00475296767891535 0.158862636183005 0.161480482993487
-0.0440761878910375 -0.0105585585185031 0.179426918426252 0.132734054351404
-0.02655346405321 -0.0204675449088039 0.170911530321856 0.114233411792575
-0.0255032156628664 -0.0181153778568514 0.1877450880462 0.0914020379999032
-0.0215945711649811 -0.033217086792698 0.219534863418972 0.0853085062718508
0.0174183112087106 -0.0532833882329234 0.251985771262494 0.105179759015278
0.0500574863423986 -0.0418464228691293 0.330528791590497 0.099776955574588
0.128731050338597 0.00441645265071471 0.206663801374435 0.178825167542577
0.0755762820527031 -0.0105044796071111 0.0577153656300961 -0.0127073750430093
0.0397048700036075 -0.0196159553250808 -0.140510722100117 -0.0496388243657461
0.0451528388068188 -0.0229221004777927 -0.242227098194631 0.0254714476622244
0.0292618285233498 -0.0553808086086541 -0.22383853953923 0.184751738404355
-0.00621315727058172 -0.0735057190683121 -0.12065687074358 0.257222837368437
-0.0443392069282491 -0.0673186222918251 -0.00881029198022148 0.250681477553067
-0.0555058326712528 -0.0761178922508249 0.0868743920039444 0.203014638513581
-0.0751594785851053 -0.0688913427602644 0.145121717644852 0.140843277069509
-0.0712925799352424 -0.106079410952014 0.175143077169762 0.106336386603767
-0.0171032466183003 -0.125703690656424 0.183432205951004 0.0897834550228692
0.0298194339147256 -0.126120869079083 0.202317240307792 0.0777648809896304
0.0824847359041751 -0.0995446466056766 0.222479083109146 0.0804946616845219
0.14802825249916 -0.0575151473272577 0.220149690056227 0.0922316707410365
0.188083236504544 -0.0169471228300452 0.271467649814433 0.0807682650133852
0.217603128578876 0.0619825499810681 0.143352302894443 0.156742102133153
0.185125347051849 0.0371566684347725 0.017710095866439 -0.0406170507889126
0.149762518271198 -0.0274936316284148 -0.16472740815741 -0.0643928809956776
0.129058620870277 -0.0820376339020512 -0.245380498493121 0.0208437328851668
0.0763687611339046 -0.132980275976638 -0.216558324374238 0.161502746630556
0.00748625426767239 -0.156130109956794 -0.124070536791687 0.214293210199713
-0.0579595227737261 -0.1414171084174 -0.027987149129224 0.204573002825146
-0.0738582910554491 -0.142088263874291 0.0543836583015186 0.161382023006568
-0.100130987911179 -0.128830820160567 0.112613867775464 0.0950450297190461
-0.0921983576153828 -0.180485666017863 0.152950230214245 0.0554923688790841
-0.0146737374146883 -0.210096896990965 0.184487484717624 0.0403727250577977
0.0639816749699325 -0.219482419724397 0.214858404490598 0.0485386091061631
0.161812583955223 -0.163064540279242 0.224308854858233 0.0751789186105111
0.250859997479142 -0.064699916430153 0.175853490056141 0.0909579729139047
0.294897476628278 0.00429192988176868 0.177134009073338 0.0574995804092965
0.277930491283945 0.103142517434267 0.0518096997647196 0.106227671488836
0.276051032618471 0.0703437392063325 -0.043420287248319 -0.0836181499303501
0.247588174146712 -0.0447811448674654 -0.194052685288638 -0.0858686369402486
0.195875963465081 -0.146453087032874 -0.242527685537358 0.00886946459197742
0.105631897441034 -0.203003463762153 -0.19770666125452 0.120119975538654
0.0117244381628125 -0.22025247386847 -0.121257447762565 0.148615472920414
-0.0683745306538774 -0.194773272263041 -0.0499652861072033 0.13238668994383
-0.0810819082594426 -0.186182311326033 0.0150988176091348 0.0976815800659793
-0.106636579284921 -0.169684279292595 0.0695617666488951 0.0326287560432176
-0.0944815054813453 -0.22913855990376 0.116797142041399 -0.0079152647807552
-0.00464936552452589 -0.261636332300563 0.171033265601896 -0.0208533541251987
0.0916893505863031 -0.275867512413472 0.217073608355851 0.0139072787842622
0.217583377789585 -0.196771480657977 0.217635372812502 0.0700665216261963
0.316391751763031 -0.0576843794064712 0.121222822664109 0.097318851916971
0.354116322306265 0.0310296122950741 0.063909064992537 0.029391077143948
0.2964967291531 0.122456725230473 -0.0618612601044222 0.0432838961408911
0.323890390416989 0.0824378920032935 -0.12354433049769 -0.120039784727145
0.302785015183508 -0.0654792114211896 -0.21892518566682 -0.102120425900277
0.22405556406684 -0.195329801077125 -0.22747376611417 -0.00978359097113188
0.111024932837298 -0.244414775586049 -0.174220863463826 0.0587205886055371
0.00719572585444461 -0.250002941287785 -0.121305442541847 0.0639185881620795
-0.0715355938073128 -0.217004763537809 -0.0774080131370731 0.0466918488576884
-0.0749550265495182 -0.201016336267958 -0.0259451065657598 0.0220263811866728
-0.0926341715812434 -0.187671863577888 0.0261378504768929 -0.0393516117769383
-0.0689445389254042 -0.246925484408706 0.0802681772507063 -0.0769850232545076
0.0249358011810369 -0.273893000146134 0.153741389145198 -0.0812283013470306
0.126347166922783 -0.280386944851925 0.211606049074591 -0.0154333527497914
0.251688288121379 -0.183278092282872 0.198821024604965 0.0666173084633188
0.337484885085061 -0.0226191089145339 0.0623547627757613 0.0988724246764742
0.356984760486892 0.0643098010901198 -0.0486722182430211 -0.00614827882217686
0.266714969135942 0.118360287548843 -0.180563021107297 -0.0163215415370211
0.309654724342796 0.0781035710434541 -0.207665211909763 -0.134585991460969
0.296056584540418 -0.0719710317288256 -0.233068453678028 -0.105495795546095
0.206920247812073 -0.202661389651286 -0.202814801113233 -0.0320110580796826
0.0943511078230302 -0.237256141913639 -0.153509298235311 -0.0116655258565275
0.000673394120719738 -0.235140234693182 -0.12957163789807 -0.0231331838500628
-0.0645280732425373 -0.203309805988234 -0.10627538641175 -0.0384925257532605
-0.0581685280413132 -0.186601721408183 -0.0608737298789033 -0.0548503099707092
-0.0637833029876596 -0.1805639225995 -0.00763124495434129 -0.113794671814375
-0.0284480001629735 -0.230599807991437 0.0577093679659779 -0.145468069504136
0.0623246719043419 -0.243562033627074 0.147288176080466 -0.13432331773728
0.156274027600782 -0.233719730736142 0.205533226817258 -0.0361323950722501
0.257798053079349 -0.125397089472016 0.171341437489611 0.0626946551903818
0.311580884253673 0.0301456476886306 0.0077907231819747 0.0848363356500653
0.306889476442923 0.0976602850248986 -0.142322656308449 -0.0537888534326716
0.188176963935088 0.0989034601634794 -0.281587443988581 -0.0599443827481837
0.236354837977063 0.0666474654212263 -0.273285908129041 -0.125883730844489
0.228129760167716 -0.0576724771904826 -0.233456329287146 -0.0997081818102749
0.149811468547699 -0.160593997862977 -0.180027241959067 -0.0523075624494073
0.0660661968343798 -0.178766304351132 -0.142526941386921 -0.0725321082063646
-4.69829318111349E-05 -0.176159013820477 -0.142817770341219 -0.0939630059889292
-0.0436964605592783 -0.156648306723823 -0.133173373394821 -0.107980725535282
-0.0323723908624303 -0.144699347920428 -0.085959626337726 -0.122749962232427
-0.0283507467943 -0.144944196070287 -0.0240849598834404 -0.182137432204511
0.0102792014266724 -0.181003069529917 0.0579792469592276 -0.204425358107426
0.0831237943618594 -0.179025642153953 0.159722847562186 -0.173047596592592
0.158068905370593 -0.153944192724289 0.206863897012804 -0.0485911441414746
0.224594233727352 -0.0512492593404414 0.145817178780997 0.0536790522459414
0.241618280583936 0.0765485134316699 -0.0282194840849437 0.0523021797326117
0.214427343801487 0.114473090098194 -0.201844648018632 -0.109464205408739
0.0720528883636989 0.0725313392126639 -0.343462660217328 -0.0845604242074696
0.119406825534042 0.0588101395801161 -0.303538388167299 -0.101123858401583
0.122385594723097 -0.0181735754919962 -0.226340891580929 -0.0920738583517253
0.0753433548595717 -0.0779600954492161 -0.169316142460366 -0.0661729360046878
0.0383442518929877 -0.0834259157103468 -0.145657842863647 -0.107167295496291
0.00929445941150308 -0.0878296087653081 -0.156675941817978 -0.129812120166829
-0.0109669875640889 -0.0855270798183667 -0.148816070496555 -0.149213595295272
-0.00153218707109049 -0.079636246712078 -0.0959269751078598 -0.170408317207326
0.00289299274379618 -0.084481011340787 -0.0240664930582363 -0.231151930306906
0.0282375554039929 -0.103466866182491 0.0759274698480813 -0.245574299931056
0.0692915829199698 -0.0968871285857456 0.183432539389386 -0.195746657938457
0.118318781883882 -0.0737351361286329 0.214570615745984 -0.0536003092380937
0.153949843941528 0.00382928261506559 0.131334746084809 0.0395150461394198
0.140780819216116 0.0888074791064193 -0.0364596003247092 0.0151985904178269
0.0963586442949842 0.100124295655226 -0.219628767015951 -0.158700499991079
0.0223779042541937 -0.0494530472680019 0.232884703403613 0.15701146136398
-0.036472329771763 -0.0511767627519231 0.0799046250809635 -0.0158509949279773
-0.063513204409443 -0.00874751433493591 -0.125284955873912 -0.0515132351528566
-0.035116760269663 0.0291131126819591 -0.236827568177564 0.0268474575279798
-0.0194357271169553 0.0226093545581592 -0.213096549769257 0.194343975366232
-0.0194595224279769 0.0148789991769718 -0.102175310990463 0.271817486666236
-0.0250618846672139 0.0154799894438132 0.0115804514725924 0.260096918769636
-0.0291373545895432 0.00241367998927778 0.107572690624074 0.209644225081914
-0.0387047719251745 0.00530159006929467 0.158185494493998 0.155431955614455
-0.0439712404420445 -0.00963849488460477 0.179039897119412 0.129212598646623
-0.0259405621033391 -0.0204276821327429 0.168998396991467 0.111903193831504
-0.0242303010579751 -0.0171590071713885 0.184111094055104 0.0885497051456033
-0.0210110892034159 -0.0320865258126049 0.212752043720262 0.0827737344162064
0.0171510675993607 -0.0526765079883296 0.246922876659626 0.102962407957366
0.0501489245602262 -0.0398733209853579 0.326803875875163 0.09561423898831
0.125901327129847 0.00390926216696231 0.203269516060035 0.171149204429959
0.0745250150929875 -0.0107364840039533 0.05748520346866 -0.0137842776726346
0.0372090771112022 -0.0197112495145763 -0.137762943597283 -0.0486505874450833
0.0441423888963147 -0.0234448890378379 -0.238226542889057 0.025522013832425
0.0280511591811849 -0.0541165687132353 -0.216391403402842 0.180659789097452
-0.00733572630165751 -0.0715935504596084 -0.115793363272424 0.252849362771687
-0.0444762524148266 -0.0656829658725639 -0.00485924606719869 0.245700976999075
-0.0558639238444087 -0.0742729736585974 0.0883367989055186 0.196902140421854
-0.0741869573590503 -0.0667531091556951 0.144111447045123 0.135381024657205
-0.0717764282753246 -0.102998591491384 0.17458435825047 0.10300914396909
-0.0173258418136569 -0.123939222877301 0.181879184474265 0.086872679591489
0.0284834794561045 -0.124191466478269 0.198070305755053 0.0759842906540878
0.080437783116183 -0.0977646077371876 0.215427637589141 0.0777715823249832
0.14470299051682 -0.0574415481648016 0.215708286125819 0.0899390612581539
0.184199255607431 -0.016374213992307 0.26899353016204 0.0778979541229143
0.212237239630675 0.0587522056526662 0.141860999372013 0.150375952150736
0.18210079862013 0.0351455768478998 0.0181989287390329 -0.0406627567147984
0.14448273225719 -0.028451553669016 -0.162094091646496 -0.0622622143366358
0.125343701559311 -0.0817119703861976 -0.240776170125967 0.0202499475046362
0.073386104407906 -0.130433695133981 -0.209680851106387 0.157293436335767
0.00435826197012292 -0.152755999018001 -0.119015034816967 0.211053822300732
-0.059044874164576 -0.138293264648943 -0.0248029972724946 0.199601093164751
-0.0749425768947772 -0.138872965526921 0.0563762873487798 0.157001262460811
-0.0993896747339341 -0.125368136386734 0.112018764719769 0.0908111299473563
-0.0932112254061272 -0.175895264201735 0.151199360527277 0.0532589164723631
-0.0158900149893403 -0.206856340426613 0.181867629410088 0.0373811942456598
0.0607178045706131 -0.215910107638311 0.210445299471663 0.0473115589851171
0.157974326864295 -0.160520614392097 0.21740750375317 0.0713535419973742
0.246478065481967 -0.0655888031443865 0.172035788581006 0.0879822470994919
0.288429885353379 0.00293880724959884 0.176591794752205 0.0550150086096725
0.27105757106148 0.0977634894083625 0.0517682430499367 0.101404682454348
0.270881729266826 0.0664993319949036 -0.0421600787381299 -0.082456061461711
0.239251852261392 -0.0457751473825553 -0.189827026952863 -0.0835654666591305
0.189992760512631 -0.145656073130032 -0.237377717174293 0.00837260496794405
0.101300385176411 -0.199488043404998 -0.19071408852543 0.117647877464213
0.00751148585160668 -0.215138466555836 -0.118249157141518 0.146391954401862
-0.0696343937137414 -0.189820607460447 -0.0481495270622619 0.129758019572512
-0.0835065868168317 -0.182156391267457 0.0166208808763572 0.0955680447722958
-0.106218880274535 -0.165018510694021 0.0687036757062439 0.0292062693959307
-0.09613731445777 -0.222884984988115 0.115425302694411 -0.0095023014247713
-0.00650080974924295 -0.258244504337729 0.168390298122477 -0.0229708418293319
0.0862534355135087 -0.271954180708453 0.213134429040467 0.014079215255172
0.212065293182513 -0.195301276534579 0.211428039345185 0.0656238474030478
0.310418546053963 -0.0588587697012216 0.119812772610982 0.0937993181192207
0.345936638335545 0.0279146156121298 0.0645158453027684 0.0290266132524671
0.289280345594875 0.116274138875684 -0.0595466878887224 0.0411570276474583
0.318015552394803 0.0778904979142214 -0.120520393873829 -0.117428679658752
0.293582567771603 -0.0660870754733026 -0.214009187616548 -0.0990425747953631
0.217424623793976 -0.193530973676275 -0.221945045791586 -0.0101057911287211
0.105772905260081 -0.240408362771589 -0.168579171568192 0.0583314157252083
0.00296139376369444 -0.244865580482033 -0.11931704869431 0.0638443715121163
-0.0733078455131944 -0.211559911578835 -0.0762531910399291 0.0459665985542073
-0.0778091902533121 -0.196846309462448 -0.0245588743395361 0.0219318660949015
-0.0922917485845288 -0.183282581811397 0.0252278242499581 -0.0399894150413227
-0.0714003345889976 -0.240616457900297 0.0795959892248885 -0.076108865995637
0.0215025277316762 -0.270250374354198 0.150353918008874 -0.0821380523993863
0.119396264306243 -0.276580692985224 0.207386891943905 -0.0146992490140967
0.244981830960052 -0.181690679387531 0.19306898556118 0.0626297056355568
0.331096241031549 -0.0255892686632887 0.0616796333804878 0.0962634375431394
0.349136168688786 0.0602903462269395 -0.0465571743309829 -0.00402595227066408
0.260232465206759 0.112036744165925 -0.176236531902684 -0.0156482598680248
0.304709468572497 0.0741278640387098 -0.202676810220141 -0.130052635730451
0.286685965082712 -0.0729721775532663 -0.228611059910172 -0.102205289024237
0.19994539425791 -0.200568391126759 -0.197972215827782 -0.0316085836051265
0.0896720791860599 -0.233961620722194 -0.148516979023346 -0.0105518832421524
-0.00367359317383068 -0.229879815637052 -0.128552896721638 -0.0216574450895618
-0.0660864974862923 -0.198327114771872 -0.106565188806949 -0.036310946446733
-0.0604096440682328 -0.183178517260208 -0.0601331011597231 -0.0531434743102376
-0.0633622950450645 -0.176306547197675 -0.00853965232593674 -0.112437702643424
-0.0314370752570909 -0.225550712828684 0.0563352555679163 -0.14277401323825
0.0576621353346905 -0.240496648925772 0.144091574561527 -0.133454257922959
0.148729645340182 -0.230807925598242 0.20191445276286 -0.0357247159592275
0.250877378251983 -0.125246838809131 0.166741837612686 0.0586973792569178
0.305773992713524 0.0272807944795514 0.00833926688047214 0.0824267862602684
0.300063563051153 0.0928439195557777 -0.138821991392909 -0.0496691168412573
0.183065231195073 0.0935271352008584 -0.27583376381045 -0.0568015146373072
0.231728678594462 0.063058669689537 -0.266833734918198 -0.120475645033648
0.221252373476944 -0.057274341663048 -0.228909245157477 -0.0970127005488794
0.144465913857395 -0.158242535363936 -0.175065921497136 -0.0515573992973622
0.0620393266425144 -0.176156644936536 -0.139666204753746 -0.0708008138350732
-0.00376981036916119 -0.172030930103372 -0.142902256510578 -0.09031709291799
-0.0450053780761084 -0.152808769366415 -0.134070639610934 -0.103942998724471
-0.0338725049168517 -0.142492210825524 -0.0855641218946489 -0.118562589769431
-0.0283525410657365 -0.142383862392884 -0.0261993655568752 -0.177712935249051
0.00744990904555501 -0.176630674995011 0.0547921554521906 -0.200423954956699
0.0793632338262306 -0.175889753140779 0.154809133449247 -0.171608803057701
0.151733970239153 -0.15251887158023 0.203047211631865 -0.047232210131123
0.218569225316352 -0.0524074030057213 0.142811912529901 0.0504348337330385
0.237494718959288 0.0726998215155935 -0.0270750290621137 0.0508944723391545
0.209451757859945 0.109137639203058 -0.197796082590113 -0.103353681057506
0.069721534304147 0.0685691479943646 -0.337520293256839 -0.0795086773994394
0.117097988027797 0.0561431364442401 -0.297620243835118 -0.0966067145624675
0.118957048286513 -0.0184337612957246 -0.221850561243447 -0.0889768150904479
0.0721786182072807 -0.0763849185835852 -0.164772207364865 -0.0645928827276999
0.0357931866565734 -0.0825622874284751 -0.142468975098859 -0.104207544980694
0.00750414117602263 -0.0857590750791817 -0.157476330159873 -0.126070047617023
-0.0118384589424914 -0.0834686339409164 -0.150257883532007 -0.143477066507559
-0.00286377572461745 -0.0786907846509626 -0.0958781374503981 -0.164592864473641
0.00274383931015641 -0.0834065374494648 -0.026542636928444 -0.226031068876282
0.0262514892346021 -0.101175037738516 0.0713087165449431 -0.240459157110189
0.0662675259361329 -0.095260428165323 0.177922598899029 -0.193156494551486
0.114425057709918 -0.0735994812094238 0.210682957837966 -0.054049324014583
0.149808461594144 0.00241919870792458 0.129147665893698 0.0378044494434045
0.138375239967097 0.0858666024427829 -0.035958699890759 0.0148711925227345
0.0937724565169272 0.0964119175540143 -0.216434771131745 -0.151302411056255
0.0219105832028804 -0.0487591014837165 0.23478608455547 0.154177747134148
-0.0364792454793589 -0.0509924605874713 0.0809306209476947 -0.0174465755787155
-0.0641239958359841 -0.00816585408434747 -0.1270216444068 -0.0512849884263516
-0.0336736408301203 0.0290970476269569 -0.238885169248711 0.0292978209254582
-0.0186013468998128 0.023346414685587 -0.210713487745518 0.19582166929887
-0.0192463407500951 0.0154628575297366 -0.0976684907009484 0.275071660817979
-0.02478011907154 0.0153515942272296 0.0167709265529254 0.261239564268883
-0.0296512256029829 0.00298878630579852 0.112099645471751 0.208472385154701
-0.0387366933778792 0.00621673288522687 0.161880005981835 0.153138346976463
-0.0447140017432262 -0.00906899097515564 0.183025867393983 0.127726050319582
-0.0261562826793403 -0.0210705351009374 0.171238315563224 0.111651330632321
-0.0234993210249862 -0.0171540763299051 0.184192006434211 0.0878389135562489
-0.0202010403493738 -0.0313292554744763 0.211838662053481 0.0820760388258769
0.0174354529148898 -0.0536385869451997 0.247181139110283 0.103622241263954
0.0508144646036419 -0.0397018071504201 0.331368018151638 0.0908895824342427
0.125975724954957 0.00287794711817443 0.205679469011539 0.167662072361038
0.0758079183505414 -0.0113882265291563 0.0585573309556784 -0.0151235994778981
0.0360449167099792 -0.019840738797415 -0.139411838559343 -0.0484371470078687
0.0445569474898268 -0.0249222883716175 -0.240693845168638 0.0267341396621778
0.0280874101140518 -0.0541010746723681 -0.215277477855766 0.182124932760045
-0.00855613054099244 -0.0717058729480826 -0.111687305119735 0.25547545885306
-0.0458881281160302 -0.0657545247646591 0.00012723914177935 0.246803765598884
-0.0583173914260814 -0.0745600249142852 0.0922268423605044 0.195596603136376
-0.0757677466205481 -0.0659609314237335 0.147479928446967 0.132377679106324
-0.0738574800851743 -0.102245197885789 0.177829436562889 0.101384514968909
-0.0187659203557512 -0.125718054778684 0.18437142140001 0.0860067958657522
0.0274173047067018 -0.125405368804673 0.199007764148439 0.0753951881984466
0.0804527946468198 -0.0987920865112272 0.214424977248633 0.0764542238877144
0.146180706505137 -0.059454806862981 0.21612179862246 0.0895456258980162
0.185634482763096 -0.0177823366454532 0.272969124041035 0.0745429727391678
0.212981301347814 0.0560288157325423 0.143672588664319 0.147144648787823
0.184123684182836 0.0335312337711866 0.0186529869000373 -0.0419575430341034
0.142554587115905 -0.0293227001910212 -0.163106725301046 -0.0621393177913656
0.124796513190808 -0.0841534056167069 -0.242243102145508 0.0213297597719149
0.0721549872555329 -0.131785592616573 -0.207675561623701 0.159293507263836
0.00147154848122262 -0.153417247353102 -0.116799332272195 0.213194229552766
-0.0621627211347039 -0.138843857430028 -0.0220854392654488 0.200280630591763
-0.0787266627091546 -0.139377219956081 0.0591195002124878 0.156101551175366
-0.101274491654766 -0.124784906195958 0.114044934064699 0.0882849337589298
-0.097118135709401 -0.17558149254339 0.154897505876643 0.0515096890629952
-0.0188510549279815 -0.209490484724964 0.184142386252241 0.0354897629431572
0.0573787032582788 -0.218366212958692 0.211860130766128 0.047362447397355
0.157051905309362 -0.163134137720643 0.215581383206965 0.0697671062774684
0.248596723678528 -0.0684162374127961 0.173332362050117 0.0869217089144288
0.289872314135754 0.00102170656023544 0.179093856137156 0.0537596627697246
0.271875232803031 0.094667531530719 0.0531247659938928 0.0993976887072968
0.273654389595839 0.0644774105422102 -0.0414592242911831 -0.0828801252329909
0.237386139386906 -0.0477222527992574 -0.190849955011533 -0.0826302255400671
0.188492878880062 -0.148897670320907 -0.238797318093714 0.00838973501704744
0.0992394760570341 -0.201454713852754 -0.189440592184605 0.119719295743933
0.00397799493421931 -0.216564199918288 -0.116919311211415 0.148285272760397
-0.0739292542794479 -0.189946164421102 -0.0469860363788535 0.130378164722228
-0.0875997313961282 -0.182287031845335 0.0181956582061463 0.0948894067603676
-0.108504374114424 -0.165467114305597 0.0695501592023888 0.0277279883212022
-0.100293383185401 -0.222002106480886 0.117497982152139 -0.0110726954051038
-0.00990415242797371 -0.26049902365529 0.169923257871932 -0.0252242254330384
0.0827322980123861 -0.274727632559192 0.214914758336998 0.0138654033439611
0.210625258351528 -0.197988640218136 0.209419214679441 0.063721737981111
0.312307125076777 -0.0626590766917247 0.120169329296058 0.093721760298376
0.347488252752196 0.0250026010760864 0.0668698369397738 0.0292778240209293
0.289538592670983 0.113356005849217 -0.0591667113898037 0.0397982074943716
0.321465539981834 0.0751720314214343 -0.120596560778024 -0.117045129771342
0.291880608367756 -0.0682016741222955 -0.214877695877476 -0.0982352005201985
0.215197296340935 -0.197141472548166 -0.222946239793607 -0.00991731568011044
0.102914694025388 -0.243129618985571 -0.166875443808527 0.0594442057760711
-0.00142915446065742 -0.245636446001624 -0.120246560901839 0.06551393107597
-0.078029249608083 -0.211222556660146 -0.0773892787816295 0.0473968378172653
-0.0824772190933837 -0.197913255120922 -0.0241672425232826 0.0230171677122202
-0.0944085810279742 -0.183782513442942 0.0246662027385355 -0.0414467464721502
-0.0761256106797908 -0.240852493819893 0.0798548828687022 -0.0782394582978004
0.0173746082468099 -0.272404168004673 0.151137255963814 -0.0852936920021189
0.114677937973631 -0.280069337571891 0.209456834573781 -0.0153228223195949
0.243913494387876 -0.185575602223714 0.192214739958495 0.0605226777778123
0.333738153373249 -0.029332974172468 0.0620039098161595 0.0956392125623296
0.350074124328393 0.0575126958853548 -0.0455560375458763 -0.002570272496182
0.260124244546158 0.108337853623918 -0.17699408549808 -0.0150020188512445
0.307580658278165 0.0707075759244955 -0.203374535739707 -0.12906526527977
0.28500789474433 -0.0754177709771274 -0.228959199182599 -0.101113707065485
0.197717076920089 -0.203453887678405 -0.198348463760681 -0.0316261465536114
0.086781218558181 -0.236329854918967 -0.14787068498863 -0.00932872362507938
-0.00815844563913208 -0.230643308757964 -0.131200087245168 -0.0198038206618241
-0.0702453850483179 -0.198832122231578 -0.110151651848809 -0.0346882843371552
-0.0645602724537606 -0.184406394645106 -0.0609352236537172 -0.0514765214809156
-0.065647591166672 -0.17696472869454 -0.0103943688923271 -0.113253038247552
-0.0351109978432743 -0.225782459667154 0.0551674753861527 -0.144715217295164
0.0544972839949549 -0.242960108759923 0.143826544674457 -0.136605085762841
0.144651725793797 -0.234287929532737 0.203970710862705 -0.0360971904960693
0.250087343999393 -0.128494570101681 0.166791962993848 0.0569265988411048
0.30883069362497 0.0239606501212744 0.00873485883382813 0.0821232351025796
0.300984269432274 0.0899145938437032 -0.13942160578318 -0.0463906749587233
0.182683121122657 0.0901555723125426 -0.278257350681756 -0.0549506958000222
0.233229611820239 0.0601086611303509 -0.268454375661895 -0.118506495630333
0.22042847444609 -0.0597321221109141 -0.228962681642184 -0.0951948651066518
0.142632862941725 -0.160822852281533 -0.174903902093753 -0.0517406195712816
0.0594570922492318 -0.177963586028229 -0.138333837605569 -0.0695932159773313
-0.00771336730422969 -0.172740675987271 -0.147276984542509 -0.0890182083898737
-0.0482980218964973 -0.152293543366105 -0.138183262156484 -0.101335550395257
-0.0364415047777043 -0.143251609872106 -0.0873408153015312 -0.117052535664944
-0.0300975712083847 -0.143252434375135 -0.0287473862913517 -0.178338970739735
0.00411814618768101 -0.177487376115586 0.0531635371224028 -0.202449297756727
0.0765142143335712 -0.178349592146037 0.154120153706259 -0.175383615237764
0.148866514132484 -0.155153646470098 0.204914301395163 -0.0483425890122525
0.218257823436504 -0.0551649457298341 0.143102399993282 0.0488246239585712
0.239351132508142 0.0704985516713966 -0.0270563055115372 0.0512591857804478
0.209622841306255 0.106819328887791 -0.200264295148384 -0.0986950483139418
0.0692007679989004 0.067076264431045 -0.34006623678685 -0.0761194783745404
0.117595366927268 0.0543994190631832 -0.298569825572884 -0.0926231939700002
0.118352615195986 -0.0199116499319134 -0.222002975254448 -0.0879437482772817
0.0710086577310006 -0.077452934096598 -0.164572778832779 -0.0647752760658664
0.034055026813958 -0.0832810291710345 -0.143950986872544 -0.103313141380783
0.00535274510236407 -0.0856067265367802 -0.161934336735009 -0.12448748713552
-0.0137176416502765 -0.0834347111843697 -0.155529818371431 -0.140558235472977
-0.00444210434604277 -0.0798512646277052 -0.0995585951338273 -0.163068984948278
0.00227617376364204 -0.0841157534402272 -0.0309498262427501 -0.22662741064194
0.0251537276895756 -0.101511992653043 0.06857672461704 -0.242536628069239
0.0650551912957154 -0.0964419068409567 0.17651944997033 -0.196978581138932
0.112745641520856 -0.0753884007115917 0.212854915346075 -0.0551101818751434
0.150389311155995 0.000653695016291016 0.130146429229104 0.0369924254034871
0.139697939300184 0.0850899862016786 -0.0361563225775766 0.0149777260129056
0.0938308939447567 0.0946034536985785 -0.219589868362322 -0.146500890939381
0.0216733193886096 -0.0488129088005244 0.243558357349862 0.148110727356931
-0.0374771822833959 -0.0508091464361896 0.0830565845134709 -0.0213404297124952
-0.0653221693547136 -0.00570073759239289 -0.132115336558686 -0.0494822960740327
-0.0329193905527119 0.0301502990766764 -0.245094040633186 0.0366524363682082
-0.0177879616251335 0.0244106132740314 -0.209730383295054 0.204077682481042
-0.0181257659044017 0.016144902033605 -0.0894294654194174 0.282197008218842
-0.0242521250935279 0.0164965790317341 0.0283048991684723 0.26576143684276
-0.0300119684984062 0.00372020336261578 0.121522172176177 0.207140387188046
-0.0398857014646875 0.00791372367914853 0.171595301492129 0.150190768640577
-0.045893963888171 -0.00761081580568952 0.192894587202213 0.125007386540435
-0.0267771989016631 -0.021411016152705 0.178520170760905 0.110324180201698
-0.0240678470009856 -0.0169384308978787 0.189916098532489 0.0849079567304568
-0.0210544074331336 -0.0315565543837809 0.215801186530249 0.0787340431110838
0.0163274407352673 -0.0555865319013828 0.254320380730217 0.100391885974202
0.0518063618038019 -0.0415390119804541 0.343196485039755 0.0821885800266724
0.12869421676594 -0.000287122041707052 0.213951685967687 0.163394243221326
0.078115168114607 -0.0142425402533831 0.060505360608952 -0.0178315732738767
0.0350334095016747 -0.0211028016562983 -0.144376317790468 -0.0455466174622126
0.0444931730786881 -0.0274911652449197 -0.245266242989059 0.0341265545415203
0.0268103429936834 -0.0564753076056743 -0.213422834950703 0.191308456401024
-0.0115011382240558 -0.0727971535212467 -0.105191474516099 0.26352134741672
-0.0493849423304985 -0.0655175856140537 0.00953888252241912 0.250950171841253
-0.0628171748774312 -0.0740983250862833 0.101395759505797 0.195296422453965
-0.0793669588525424 -0.0648661521519636 0.155543702463225 0.12917165950399
-0.0797047899368653 -0.101719764943669 0.187062812623779 0.0976855946009
-0.0228992640461902 -0.128920696922486 0.191689778389145 0.0831368939005928
0.024323289447285 -0.129435342496496 0.204661696676254 0.0717129580327122
0.0797768531355965 -0.103340389958654 0.217522950626508 0.0721196249656075
0.147887012530047 -0.0657892608189694 0.222482570893977 0.0869517685228959
0.189543226457062 -0.0230855293838627 0.283303775809195 0.0668232262464949
0.217641507201577 0.0511357143825706 0.150582749527465 0.143322502687716
0.190780151028733 0.0280042418033879 0.0194984834652375 -0.0443501258278159
0.142419074573872 -0.0333058540445104 -0.16795053116883 -0.0588921747225932
0.124142772336903 -0.0905869174892396 -0.247791223789566 0.0275473644370247
0.0694159423888629 -0.136975842105338 -0.206706959230639 0.167694264552601
-0.00460308003803415 -0.156098812883266 -0.111906034006711 0.220973974213089
-0.0691146901007263 -0.138952089115692 -0.0152042362613524 0.204224165154954
-0.0869011566033186 -0.139299157327687 0.0665563442090189 0.156198550768714
-0.10745717498416 -0.124869894414846 0.11987646787792 0.0849078004996632
-0.106231472570303 -0.175665073948224 0.161308251797804 0.046910403591631
-0.025956045736542 -0.214891577492376 0.190243966408406 0.0306580690169951
0.0512886575795129 -0.225499850609162 0.217539332022174 0.043178729025814
0.156342768882822 -0.171856431588681 0.219339088716209 0.0650388659808555
0.252278676409441 -0.0785398952427318 0.177986512382621 0.0848169404912418
0.296057210435577 -0.00677555926139585 0.186229818585988 0.0491757753528985
0.278285421887167 0.0881027981104893 0.0573724298147357 0.0976002267222435
0.282377203798886 0.0572217103141615 -0.0428458950255319 -0.084263777413078
0.238836021418531 -0.0548037848760529 -0.196332267273337 -0.0796837069389889
0.187006549881029 -0.158770097626394 -0.244176540555513 0.0143698192411639
0.0943911442862656 -0.209557061471977 -0.188278359821667 0.12582012952504
-0.00442741308070509 -0.220196861219796 -0.114342163914977 0.154805929452043
-0.0823796526449472 -0.191218147630444 -0.0440626443291956 0.134110155002351
-0.0978767308029383 -0.183713916299225 0.02253241627498 0.0955812165982432
-0.116361356966901 -0.166026563769885 0.0718823777359418 0.0248741165863752
-0.111040076656731 -0.223339357895069 0.12126937824401 -0.0157040131713766
-0.0190317319742908 -0.267331512962128 0.173162889883619 -0.0315136404147085
0.0739278436236683 -0.284067972625045 0.220796403162796 0.00865322843178156
0.209671896800759 -0.208653852807424 0.212560591652677 0.0588459105558472
0.318245845284154 -0.0744666374810395 0.124295807031097 0.091884928119898
0.354586427425281 0.0165244227010461 0.0705619549009583 0.0284032251943047
0.296055817895457 0.105383285107864 -0.0594482517150354 0.0403212906067719
0.330958022206384 0.0662495418749541 -0.12398842797554 -0.11615294780262
0.293866091614403 -0.0772939797318788 -0.221189807751285 -0.0942066018067126
0.212707661424608 -0.208248669173674 -0.227355605209399 -0.00577306599737305
0.096336315716651 -0.252094440162301 -0.166329478097081 0.0649380922933361
-0.0114923176496023 -0.249977879808635 -0.120996457602127 0.0706352811715221
-0.0878563140080241 -0.212812027111112 -0.0790231192636678 0.0510634275399723
-0.0924916937145281 -0.199750336365945 -0.0227233526210138 0.0237706736544035
-0.102459868344688 -0.185192725274662 0.0234996990845297 -0.0442187864558617
-0.0871041107867802 -0.242263475751195 0.0799956631696307 -0.0831886382142099
0.00800365895150018 -0.280179645580334 0.152026231080436 -0.0923633069840547
0.106439162461149 -0.290335568581516 0.214961445554361 -0.0208108917008047
0.243091020907395 -0.197233968944763 0.194938246546459 0.0554777254265917
0.341270083726519 -0.0407263142095814 0.0655437857273622 0.0955350910912439
0.357873433683528 0.0486367408829363 -0.0454560999945262 0.000528590018781287
0.266283502094441 0.101532016717331 -0.180810126254468 -0.0120721825444478
0.316543922178522 0.0623149435656375 -0.20857985364556 -0.126022340407367
0.286997950184944 -0.084992831048592 -0.23455802564011 -0.0971942967157617
0.194785156757205 -0.214430462263692 -0.20221631291349 -0.0284277077681001
0.0796944060572025 -0.244318782092181 -0.149363397790824 -0.00693729013840723
-0.0172473772092431 -0.234853345829167 -0.134633665351096 -0.0162900594620936
-0.0795943835095107 -0.199492261897889 -0.115962095226571 -0.0305933059892246
-0.0737014656404345 -0.186602997070082 -0.0636470822996744 -0.0504304611689033
-0.0729567330992269 -0.179575667031096 -0.014638584959524 -0.115976963681137
-0.0451609967987774 -0.228886777773936 0.0529864917418197 -0.14961579603406
0.0464442393137176 -0.251402039240656 0.143272944171659 -0.145167662501188
0.138022715630258 -0.244368929705437 0.208359829702602 -0.0428053023766754
0.251016526912417 -0.139727129164615 0.170129465500612 0.0520804501335723
0.316787416432666 0.0142055635461046 0.0108724154801452 0.0834553969023495
0.308347814615822 0.0827862922967965 -0.142888815261982 -0.0406974128747215
0.187187185379092 0.085528191478378 -0.284461801757128 -0.0485349620228968
0.239882716327997 0.0535243239518183 -0.274556801303378 -0.112882278998245
0.221586958303734 -0.0671712777728145 -0.235897375142777 -0.0911069299663893
0.139234719925724 -0.168762981827322 -0.178521169962046 -0.0493666008686982
0.0535662421740817 -0.184446191070505 -0.141983653904742 -0.0677429358503412
-0.0149499358657989 -0.175187859415022 -0.1545780920859 -0.0860798928572622
-0.0561282510225683 -0.153071973530344 -0.14780220614916 -0.0966757214294929
-0.043693628658988 -0.14569398196382 -0.0932276345756117 -0.11626143633774
-0.0353688649129349 -0.145989475937782 -0.0359468023638824 -0.180490426839158
-0.00287212089593757 -0.181241902891599 0.0482083943768848 -0.208390485956668
0.0713569497219252 -0.185587126389401 0.151466141499002 -0.184732933470461
0.145457855477461 -0.163510569147823 0.209406989797387 -0.0556346812061714
0.220217261280216 -0.0633365115035779 0.146605870920146 0.0453050816450689
0.247157390192168 0.0641439597648357 -0.0268239677255136 0.0526188022028262
0.216023885739694 0.102378479368287 -0.206754477076145 -0.091926400653548
0.0712931627793492 0.0651613255184425 -0.349171481543893 -0.0671485109482689
0.121292195415888 0.0519239687729573 -0.305015163167307 -0.0854096495486191
0.119466482231876 -0.0234327429403166 -0.227358831521273 -0.0835771638749259
0.0686770168404914 -0.0808353016468529 -0.168219958030413 -0.0627315064644935
0.0304658165055422 -0.0866335082783876 -0.149056910245338 -0.101680907529993
0.00191665698692973 -0.086930603482808 -0.171554850456779 -0.121423596155232
-0.0169766949094351 -0.0843578762413317 -0.166076593128483 -0.136321298128246
-0.00771786130846175 -0.0819778570027588 -0.107850290597668 -0.161945839568341
-0.000500543633704177 -0.0865275299622909 -0.0397178961203774 -0.229245634627572
0.0217659039992462 -0.104076327869738 0.061805188717338 -0.249977651910541
0.0624866333690135 -0.100344923721076 0.173616121342635 -0.207079859048328
0.111871972204411 -0.0797349016686173 0.216758709869586 -0.0618380366992017
0.152340649224023 -0.00369742588495795 0.133899700551407 0.0338228326238079
0.145119624707085 0.0827314803334008 -0.0367302039014268 0.016293612895422
0.0973230758704033 0.0931040260726348 -0.229076412806669 -0.139480109553104
0.0198356430459086 -0.049448665018133 0.254367452072164 0.134436655777721
-0.0400608489329197 -0.0494225692073734 0.0835561697517573 -0.026986672900959
-0.0660949092970436 -0.00132468694689808 -0.137206055538227 -0.0428191649882022
-0.0312362529557032 0.0316610511042527 -0.247133427437398 0.0512765058267413
-0.0155241073848734 0.0249835747137957 -0.201435942935388 0.217602883940684
-0.0168784147428564 0.0173918894705466 -0.0730127817427168 0.29074201266721
-0.0232675208634103 0.0177598043676498 0.0465523383261166 0.266648126774979
-0.030185161428735 0.00568766836103542 0.136285053391871 0.201199287715842
-0.0392914287115728 0.01046789483462 0.184043656147139 0.140322277432398
-0.0466595252083955 -0.00493872982338167 0.204910810060568 0.115389533514005
-0.0282110929959836 -0.0209208571981407 0.188738375506085 0.102769334982459
-0.0241249737567794 -0.0160652274798116 0.196426856581435 0.0760873963908917
-0.0222845913796397 -0.0308485879445612 0.220293286756826 0.0694769443757969
0.0139173792899639 -0.0585250738245902 0.263456015598527 0.088741657160786
0.0510563240251394 -0.0446365999219501 0.354727314446027 0.0619999472448736
0.130619853986911 -0.0070502365712844 0.225570203602098 0.150990758136547
0.079351951669717 -0.0195425483757095 0.0614658696043073 -0.0225530567470319
0.0340279715844051 -0.0224580202681032 -0.149277114923081 -0.037866671735612
0.0431606376631133 -0.0317056883869016 -0.248699226396387 0.0485014349534565
0.0242988648128151 -0.0594546464016506 -0.206212451315343 0.204937708864903
-0.0157998582379746 -0.0731429155555695 -0.088878175858687 0.272416636369248
-0.0546830936756902 -0.0634571072962323 0.0263257797475656 0.252453442610607
-0.0690634157533003 -0.0709089069499987 0.115861287438665 0.190190209521245
-0.0845893927989182 -0.0612414877103244 0.166145390218353 0.119907617515426
-0.08735494438377 -0.0981870933775131 0.197989494897469 0.0873071483228366
-0.0313360127509195 -0.130726614543895 0.200323026349633 0.0734875685979413
0.0170615142577435 -0.133327638349724 0.211915413198119 0.0623650880837375
0.075698642814969 -0.109695711138649 0.220856272592825 0.0622373882985141
0.14709385222 -0.0762173009282567 0.229631289494394 0.0759608404684193
0.192002080749839 -0.0339273148238637 0.29267781208213 0.0497160935523987
0.222956748556425 0.0391234113072998 0.160927009734397 0.134697978137288
0.195574731299697 0.0164642082825404 0.0188917926808065 -0.0465611937983979
0.14130797531404 -0.0411393100746602 -0.172956170945986 -0.0508078027063437
0.119886097202291 -0.100335645288692 -0.250723828719444 0.0411008361972665
0.0615021369138058 -0.143952979960721 -0.199521814809231 0.180428013974558
-0.0147900327061502 -0.157987051677707 -0.0993272557716575 0.23003712997921
-0.0791264135202422 -0.1358250439566 -0.0028356479982448 0.207587461225086
-0.0983660383234649 -0.136304375972518 0.0772847754978746 0.152527789269718
-0.116806485123301 -0.120414810817431 0.126569603574462 0.0771088453306459
-0.119194177114097 -0.170655499728025 0.168655987177868 0.0371317807210372
-0.039854803630927 -0.217996234671337 0.195601644837383 0.0197490103090288
0.0381609922077052 -0.232210743350581 0.224178411859791 0.0322805065513075
0.148560165371934 -0.183839863109614 0.222192269895987 0.0540691266891712
0.252304164124296 -0.0951263786857204 0.184145384488855 0.0763731309510456
0.300200394304376 -0.0242481007349337 0.193572027327557 0.0377785914646934
0.28486200176826 0.0738649571683146 0.0631029000063167 0.0935484238592053
0.291109321768093 0.0404013929384233 -0.0459854661489132 -0.0845705102950225
0.237331750161343 -0.067702547779736 -0.202550450943609 -0.0699124631822621
0.179190253149332 -0.172420942239659 -0.246936137315314 0.0273187696346881
0.0822544140325886 -0.218694471561273 -0.182610782737208 0.137477807086031
-0.0195434372310538 -0.22263010602036 -0.106472457949899 0.163611159248445
-0.0965577147080253 -0.187863164272253 -0.0373237300887506 0.139203731736274
-0.112564333254435 -0.179976393182064 0.0296242384462305 0.0951576410313461
-0.127841172250268 -0.162369932590038 0.0733425715748249 0.0194662199224938
-0.127303915404492 -0.218769880409867 0.123591854288514 -0.0246313016789736
-0.0368569199751112 -0.271763157578388 0.175528535447958 -0.042336275362084
0.0560150737631036 -0.293190176598369 0.22570497010342 -0.0028146909895413
0.200121818919102 -0.225243689407698 0.216034433837131 0.0480167917898777
0.319896913378995 -0.0947925992691688 0.130622070525691 0.0861730214667911
0.360054841169142 -0.00363555859152724 0.0748850266372186 0.0253886874867413
0.303743835262205 0.0894058229860913 -0.0583866158386944 0.0418086612787011
0.340607585845423 0.0470054722281905 -0.129927433236738 -0.111475117162001
0.291576086037575 -0.0939600069553608 -0.228013969536093 -0.0838018459691685
0.202297887463023 -0.22395128823179 -0.230944132976795 0.00577582013056152
0.081702885451195 -0.261799615757868 -0.162999576350603 0.0732701370455099
-0.0282293641328216 -0.252124174409539 -0.118220008209189 0.0786531584268399
-0.103119714018648 -0.209403296990506 -0.0785494204433688 0.0578847807071999
-0.108388666970944 -0.196358186777544 -0.0216514176094669 0.025053213788829
-0.116165796070075 -0.182487302770141 0.0201010669164539 -0.0477174288276591
-0.104352799562338 -0.239885497156135 0.0774973947104299 -0.0902195772834325
-0.0106673690656276 -0.28658153558184 0.150110837155592 -0.102973628474368
0.0883505110269955 -0.30055767860346 0.218383696785401 -0.0331225856605461
0.234922176527242 -0.215064868680093 0.197918672908287 0.0443111485289509
0.344976975409155 -0.0624979263417865 0.0715115770488804 0.0928822487960892
0.36480195685855 0.0282442617863945 -0.0447412275319252 0.00473055454062828
0.273239589161281 0.0869602736254051 -0.1838703097627 -0.00352072906253718
0.324991377921716 0.043968757997511 -0.216503313768083 -0.115965477907133
0.284526616564368 -0.101605600786577 -0.241886675518961 -0.0856171400322138
0.183611881041645 -0.229216245178402 -0.205994922733601 -0.0191817099759705
0.0650675139172918 -0.253602070123774 -0.149807828096641 -0.000162220418318303
-0.0333825018986476 -0.236403432222116 -0.138401424895529 -0.00809971456116361
-0.0946333187970861 -0.195661346781729 -0.120548075812166 -0.0220567399147489
-0.0883346777465224 -0.184605303362597 -0.0673331443662635 -0.0464264245357146
-0.0854407246973841 -0.178370925588067 -0.0234280894053613 -0.11783701125544
-0.0612851399012084 -0.229236858205986 0.0453130342032674 -0.155858528027339
0.0301419044594002 -0.258841071642981 0.137000703835923 -0.155966232688335
0.12338192993362 -0.256089945435933 0.211485032933542 -0.0548891379376954
0.245876291051453 -0.156728841950116 0.173580838881886 0.0427397187914303
0.323086632157655 -0.00588903817114534 0.0149283639271063 0.0838404320814524
0.316361278716474 0.0652795552339492 -0.145943811513508 -0.0305915028467982
0.191921560991652 0.0752048248017765 -0.291393384232337 -0.0337728596143059
0.246186800700756 0.0392189041186072 -0.28220445575826 -0.0979237188509123
0.219410186629394 -0.0803571238356036 -0.242444836195149 -0.0796482086054039
0.130171340126345 -0.178942049230728 -0.183100058458728 -0.0413331447293106
0.0420875937384542 -0.190832141953447 -0.146783861371073 -0.0624317873746761
-0.0271497794967601 -0.17620579834915 -0.162876014307461 -0.0771704518480847
-0.0676899852718247 -0.151221773135433 -0.157663482431326 -0.0861827267153677
-0.0551277113419974 -0.145173280801344 -0.101791603445355 -0.110230511429638
-0.0457597233658957 -0.146511274253273 -0.0488399293875584 -0.181563125980645
-0.0148647645983427 -0.18324433313753 0.0359180545283623 -0.214608099407614
0.0599195812433387 -0.192706612395224 0.143185889699992 -0.196857381534487
0.135905593521735 -0.174080312312945 0.211066198642895 -0.0678799620420476
0.218881456960608 -0.0779569381670581 0.150978627392452 0.0370938953152274
0.254882722752677 0.0494525209799046 -0.0250432202347083 0.055600104936241
0.223654588323089 0.0906078232740913 -0.214533437534136 -0.077247391245604
0.0740111691410442 0.0616434497977228 -0.358363566288153 -0.0472758400361385
0.125309900950767 0.0446094182348637 -0.312212120452259 -0.0680465138917822
0.119056957029016 -0.0305156623971839 -0.234805425452682 -0.072746433913741
0.0639526229848217 -0.0851399589111092 -0.172889533787977 -0.0551083097003876
0.0242808064117665 -0.0891177690449814 -0.156556540745058 -0.0959211683305233
-0.00410931420271877 -0.0868750256730664 -0.183452885079019 -0.111717056542728
-0.0228778426774246 -0.0831859024179101 -0.178912237187172 -0.124818637325427
-0.0135814247044094 -0.0828714753700137 -0.118934036444715 -0.156382165572915
-0.00610080517496641 -0.0887250054201491 -0.0554143455815083 -0.228748094812536
0.0152812749563216 -0.10697711025093 0.0473897414572887 -0.257216694541776
0.056758885859027 -0.105144098330217 0.163587795001031 -0.220993638248548
0.107376959906592 -0.0874478938419365 0.21781363837983 -0.075165781764388
0.154153186507281 -0.0128937654712855 0.13786047988228 0.0266668809854666
0.151638543007481 0.0746051728699619 -0.0374757886703996 0.0196854668050586
0.102251379347591 0.0878737427119304 -0.240310331840773 -0.123917155430889
0.0391917101389243 -0.0384588704041772 0.171824819269043 0.229333495653188
-0.0150615646808633 -0.0621626643731625 0.0887943877477277 0.0127628919859362
-0.0581113590202079 -0.0270165714875283 -0.103686545225978 -0.0948058968214015
-0.0377093104209343 0.0163006836757106 -0.244792911820281 -0.0561079151726435
-0.0200740753495599 0.0166804131227804 -0.272625172511099 0.109725436501198
-0.01957549223889 0.00887604878732769 -0.187554349361684 0.229537995993028
-0.0263727389282875 0.00790493134349073 -0.0695488164986742 0.259084194218994
-0.0291809239599086 -0.00711294942097686 0.0396266712433637 0.234889924191456
-0.0377746104555275 -0.00746911194393054 0.108460942306953 0.200858362694149
-0.0386292258921577 -0.0236695855943311 0.13676547203348 0.186866619208954
-0.0151461728874835 -0.0313762949038067 0.126888184807168 0.171063339602726
-0.0101711494638028 -0.0239791218706214 0.140580981548452 0.151034157412498
-0.00314671555198485 -0.0356712602852001 0.165392955198201 0.157561099156481
0.0407984643420863 -0.0456969428829034 0.198469536913655 0.199241527315821
0.066536141202493 -0.0180026547731213 0.290779401087765 0.217678440206692
0.120756670384541 0.0467491737890908 0.140429123166363 0.227884989955315
0.0806647050649094 0.0146911208473542 0.0641393627292956 0.00440221136394532
0.0410937549570638 -0.0035859076311076 -0.118741905927637 -0.0979214777779691
0.0540968824504914 -0.00925289414144914 -0.24621893635115 -0.0628097903884475
0.0511045007083795 -0.0425800035463049 -0.274391203716887 0.0945919489637847
0.0184795798118773 -0.0723346894205685 -0.19696342022704 0.206097833366369
-0.0219425787821572 -0.0783385153872584 -0.0834387691907022 0.237179172483453
-0.0327573961066574 -0.0945358427680931 0.024779903534757 0.216209064356783
-0.0491435696895015 -0.0904712011869466 0.10087185905767 0.173903401388173
-0.0385178418468525 -0.124495468287861 0.144014520271229 0.157420948853045
0.0275255555053146 -0.133418830687814 0.151955379078342 0.147663431521493
0.0743659335325475 -0.112370800691457 0.164320538208866 0.143809857141217
0.118612558751734 -0.065106944127793 0.171299804822344 0.152746365808802
0.168219670507376 -0.00637755139354966 0.173189959295364 0.175435761446393
0.188192282980944 0.0492215201512712 0.239355389400571 0.180706980805035
0.18314619620215 0.128611509074724 0.0889440249411804 0.183338791105171
0.170995882138702 0.0975126131080609 0.0344970969015528 -0.0380436922028232
0.145958248019491 0.026006984499075 -0.136649682548224 -0.121989717945963
0.150676574810353 -0.0389099376536343 -0.247419200940583 -0.0734841790358036
0.119849646479936 -0.102457652664794 -0.261421432343171 0.0728436708962308
0.0538857582067983 -0.148029615545335 -0.190312336770824 0.164700209298864
-0.0148410397223466 -0.154696771128882 -0.0912883038402535 0.184484282295427
-0.031960807347211 -0.165970813225684 0.00592277254416301 0.166128588176417
-0.0544308596142205 -0.15778369351309 0.0823804270873406 0.118703640051446
-0.0375611101076335 -0.20350886303457 0.138789926939904 0.0990394631344692
0.0545525899862219 -0.216826100391941 0.1724758139912 0.0963651545128519
0.13257572631403 -0.192126960682457 0.192005572351414 0.120669657800414
0.21531652692868 -0.100230868662368 0.177713188462692 0.146738064950492
0.270202365609174 0.0208360820682887 0.131600036186697 0.157611838817693
0.280336989605135 0.104123513419367 0.154079014610269 0.126693065614875
0.224347465567629 0.186372997258753 0.0196506976487956 0.101685725069656
0.247739514039597 0.160230519872483 -0.00952643427032768 -0.101549364960581
0.244182815210534 0.0441475652139647 -0.156389910005444 -0.154687269036854
0.233191200047483 -0.0781133109480983 -0.238617337022407 -0.0869625986995359
0.169151250650647 -0.160038112264076 -0.230437668459837 0.040439906549992
0.076356351775145 -0.207386106437015 -0.169928752340934 0.101736134643047
-0.00982625686752782 -0.2089520043101 -0.0950586302489447 0.109294155157424
-0.026584267120459 -0.212037279469519 -0.0140338607496598 0.0958067995323908
-0.0483822077561837 -0.199960907330964 0.0589909879753242 0.0452965615324229
-0.0272125338667914 -0.249931046600772 0.124508672935856 0.0256625138484657
0.0799899093446551 -0.264476469526955 0.182104394469549 0.0300297141698606
0.173805048308235 -0.240149048471639 0.211814896368493 0.0893977768802825
0.278820443804415 -0.116647425406635 0.177041749167847 0.139386050516269
0.329936127013978 0.0491172925902194 0.0775932786171492 0.143857241171585
0.325513670100449 0.146781011229357 0.0527267366261617 0.0615692537477493
0.234898648552859 0.211029297351422 -0.0672598844614629 0.00368528694076917
0.289525998586541 0.18795351593115 -0.0743570521122336 -0.162688137634882
0.304306885397633 0.0433196362301498 -0.174303203277429 -0.178349543524786
0.275567645968302 -0.114598884847845 -0.216780095123258 -0.100009980532799
0.185738506877442 -0.199374225297171 -0.187836194267544 -0.0100034882030836
0.0795089655969501 -0.23776959968548 -0.145831568716107 0.0207903535088004
-0.00796925929471214 -0.231729479517245 -0.0982159524581703 0.0194582352655839
-0.0165793650292963 -0.22605836288511 -0.0308860904282648 0.0133674291837304
-0.0297632632195089 -0.212703274005807 0.0382599105984151 -0.0365916940943929
0.00214649012455113 -0.260668121026819 0.10993812216831 -0.051664021634415
0.108487117106207 -0.267195428187528 0.185796356629938 -0.03363338963312
0.204697533517824 -0.233611504030198 0.218966231079072 0.0597755732894796
0.304892853328119 -0.0924690651516955 0.162475176603137 0.129294955300862
0.337989029200296 0.0891917790845357 0.0201212072312699 0.123469780170633
0.31505657560067 0.177482591416722 -0.0458981598059443 -0.0105935876354851
0.209209017106599 0.197131875084368 -0.162527090534628 -0.0905427848121193
0.277873022479115 0.179151331946636 -0.15092788918108 -0.202787021172065
0.301105197295406 0.0334291811475533 -0.186426613244437 -0.185532709044629
0.259520756287945 -0.12614151963595 -0.18320177426879 -0.111665098856125
0.165927684834045 -0.198142023160324 -0.143842159028862 -0.0690410220418844
0.0675092890353955 -0.225659321872482 -0.127207163072089 -0.0644727186381897
-0.00623774596178064 -0.216359451245674 -0.10251105454796 -0.0693277324687203
-0.00463435138449213 -0.206203637856741 -0.0419022483425618 -0.0693218359989312
-0.00524760631648604 -0.19653036545431 0.0275846733751401 -0.11581623197751
0.0358455814260285 -0.23223801342699 0.107939246093272 -0.122861763087185
0.132853981152029 -0.224980346101044 0.195470963845257 -0.0864260462046175
0.216256629563532 -0.17942922312968 0.221676646580932 0.0388834333193115
0.289321091444934 -0.0360133572214512 0.141314227450969 0.117015661242755
0.29354778147804 0.130018374259564 -0.027972651306141 0.0897598394693591
0.255972535052971 0.189085350459934 -0.12132194970342 -0.0882276361820992
0.14212687120141 0.152611618284854 -0.248236624939271 -0.162035169137675
0.20949164983188 0.141974582697199 -0.217056942965714 -0.212313629699027
0.233442005254374 0.0252013472306764 -0.187578553969576 -0.179012283521573
0.191336672859933 -0.103339918290146 -0.150797364837737 -0.120145836006407
0.117287716584206 -0.151259473555576 -0.112759305841714 -0.122466025513664
0.0473813088587226 -0.1680429004062 -0.118408251664403 -0.137932076631747
-0.00063551868171389 -0.164621404766701 -0.108010006853614 -0.1415339745299
0.00930588562655696 -0.155949823239828 -0.0462806018310647 -0.140041053039097
0.0169216672599251 -0.151816971996698 0.0300744724653323 -0.182330466554389
0.0588523196824239 -0.172811259784419 0.122040467149771 -0.177511017486553
0.132025719421562 -0.152904433308498 0.215279181580773 -0.117563936191906
0.194160053336206 -0.101860436750403 0.225567613191115 0.0291836990406037
0.23006270124664 0.0234280397388084 0.121646616865156 0.102007696088696
0.208976710314295 0.151353745252156 -0.0518375482688763 0.0443627088087965
0.161732395828196 0.173710169060452 -0.161093278550612 -0.162103038101895
0.0419437447734738 0.0900711076292245 -0.302543416485822 -0.198332175038352
0.097859332834271 0.0958858902074022 -0.252292983427073 -0.195875531036432
0.122053106169303 0.0260562019544217 -0.179430247335219 -0.167625008169586
0.0934001445402461 -0.0465301441290511 -0.132921955233722 -0.126585229797753
0.0588995176510973 -0.0672325807530291 -0.102344756075485 -0.155476992115394
0.0305659537481326 -0.0776191452835641 -0.120231414550454 -0.177821736338351
0.0118437244777718 -0.0845871858982781 -0.109883224062996 -0.184390264602133
0.02189866460905 -0.0816549288176685 -0.0437889588516062 -0.187765174317176
0.0292022057378004 -0.0835696785062258 0.0436098820917189 -0.227184741622662
0.0550001286728339 -0.0919157940022424 0.147215644137906 -0.209224033841329
0.0938762389698354 -0.0738304419696035 0.241838646354535 -0.129146626429883
0.133441476499986 -0.0362676526691035 0.232207220503272 0.0256944788672266
0.144420395682793 0.0542729824644932 0.114691552026826 0.0871095800448674
0.104126206161408 0.130806466023217 -0.0470938039557316 0.00448381540660283
0.0541882098758309 0.120809170845427 -0.161259247370156 -0.217143499433446
0.0371130701203524 -0.0386131885629207 0.179247190987795 0.209838838030387
-0.0175059486389961 -0.0597403594276349 0.0885614529624927 0.0060655626849267
-0.0566016082634256 -0.022383861305605 -0.105658706900118 -0.0846745057471564
-0.0356124631937568 0.0171977426776157 -0.242011675438754 -0.0403327394412603
-0.0175226911822049 0.0167209293573528 -0.258194929556826 0.121900617100751
-0.0173831032075458 0.00921815004408866 -0.165942408641413 0.233248795199981
-0.0247363561561602 0.00918788034876688 -0.0487463655653885 0.253957335433722
-0.0289288955912603 -0.00590299470242582 0.0543593139008002 0.223446562166832
-0.0366924824235428 -0.00442485541107218 0.118601563195675 0.186362812098457
-0.038668798257561 -0.0205456627532013 0.146274730244028 0.172955451311586
-0.0156457703577483 -0.0301536949075055 0.133743452905357 0.159533423762308
-0.0108230713224528 -0.0225533297443964 0.143584307403153 0.13862532470936
-0.00469141269838208 -0.0342377364352736 0.16626396130544 0.143389759130789
0.0371352242714388 -0.0475234915956785 0.202885837853079 0.18183163922014
0.0643789284632578 -0.0219642928191887 0.296084636741421 0.191867958058194
0.119892426408678 0.038368251767642 0.148699321981178 0.210990360185277
0.0806372827402117 0.00866107253407201 0.0650419710161722 -0.000363079025775188
0.0387551944690987 -0.005516806253845 -0.11975206213338 -0.0874575258038604
0.0510106624241414 -0.0134891443382839 -0.242775893480159 -0.0462430341984506
0.0465199504495717 -0.0449983584015823 -0.25959460099062 0.107521224531291
0.0134427536602096 -0.0712790338389749 -0.17708251781149 0.21141217393474
-0.0263738764874662 -0.0747113746856642 -0.0641476454790066 0.234106074023281
-0.0381897732658568 -0.0893484616800004 0.0383053092216939 0.206232551509183
-0.0532035928905983 -0.084424609328901 0.109476192432725 0.160331379113613
-0.0453169713117615 -0.11803868859157 0.150879830872949 0.14357580508212
0.0183767010410119 -0.132524125240051 0.157806395099717 0.13443804877738
0.0654774331687427 -0.113354723277594 0.166929174166667 0.129767270094169
0.111409614723672 -0.0707536391125272 0.170736675957545 0.138179816513608
0.163416824345103 -0.0167023488531064 0.176645030265926 0.15973548138675
0.185573779646793 0.0369769571448873 0.244254255770297 0.159475127742709
0.184604353790547 0.113134858847686 0.0968955141963211 0.169431281882842
0.173277771750685 0.0830767166103745 0.0338719378531612 -0.0394752334187234
0.141956559140831 0.0174349062283917 -0.138841399405693 -0.110308983869152
0.142353401436007 -0.0478171143406949 -0.24410730623836 -0.0566426248927796
0.109114036617168 -0.107327915121255 -0.247286553484511 0.0851457125865919
0.0423313654773039 -0.146308642279478 -0.172963606507655 0.17074471383958
-0.0252869370107846 -0.14866548822545 -0.0763133459873272 0.184059465357224
-0.0433802075882813 -0.158494103859966 0.0167330683027107 0.159791034331389
-0.0627438436531278 -0.149435082192148 0.0877071466391172 0.108241810877093
-0.0509538633747342 -0.194160485196377 0.142667931115035 0.0867873188168514
0.0386989302539755 -0.215308426552737 0.174330829126504 0.0830274431396868
0.116552917687839 -0.195499127530487 0.193887849909591 0.106086475709376
0.20232734548121 -0.111318301433208 0.17738937830902 0.131447535742234
0.264372274348427 0.00331186811416033 0.135198747875813 0.144109958359802
0.277696955007234 0.0835797813954416 0.158038210805207 0.11318167663654
0.227161036950593 0.167093446593481 0.0254774964528393 0.0952130794197593
0.250168190370277 0.139219482263937 -0.0125211031446628 -0.0980324286059157
0.237928892879231 0.0284727972046832 -0.159001372387826 -0.140489214272319
0.220401378297251 -0.09087561401102 -0.236739574351286 -0.0706291335271309
0.152935901304402 -0.166714710337916 -0.218921931576629 0.0514973540449727
0.0595541310635338 -0.20530453708534 -0.157567622150827 0.108504323377643
-0.0239383279790727 -0.20050856335208 -0.0857001612791229 0.111546337771426
-0.0416303504791752 -0.203660773743423 -0.00666378851347956 0.0926921683338697
-0.059604997122554 -0.19106348860491 0.0597060689992858 0.0385694056984439
-0.0426635907169336 -0.240428688841391 0.123525480414912 0.0165235070132213
0.0589615428139495 -0.263377037866357 0.179118290367884 0.017454043027263
0.151569405956148 -0.243728632989545 0.211023852293429 0.07444614956927
0.26316275039681 -0.130716913438262 0.176264611881859 0.123288794641828
0.324370540768791 0.0274867043071032 0.0827903420989519 0.133448572633527
0.324059374897787 0.122762516304984 0.0555039991727624 0.0579731611131051
0.23826529674999 0.188893188260115 -0.0650065589540766 0.0048842312400956
0.293349486648725 0.16352724358133 -0.0791672724271617 -0.153645300542023
0.295675072222901 0.0248955835148105 -0.17829040718272 -0.163277326811048
0.258767727667541 -0.128589477997358 -0.21516553345766 -0.0852091903006666
0.166734625269942 -0.205219283469964 -0.18025326678189 0.000287244216857477
0.060148674865701 -0.234585526140774 -0.139148902515884 0.028290506955986
-0.0236804880382531 -0.222425185572827 -0.0948460930188097 0.0259433947437709
-0.0325173357735727 -0.217330837820847 -0.0286987911336274 0.0141419849231449
-0.042880859625193 -0.205336980202408 0.0344177367210218 -0.0387441354426886
-0.0162146323873485 -0.251633244836494 0.104945682293231 -0.0579480627066112
0.0866791272028944 -0.268023354988282 0.178410903573726 -0.0452182590022366
0.181342209933869 -0.239987153815614 0.21718422138337 0.0450455864258537
0.28964373277602 -0.10914868819809 0.162431517266018 0.11476758367422
0.334586247272837 0.0663036019833932 0.0264018145875149 0.11782128131643
0.31493248837457 0.151844648893147 -0.0438165738324365 -0.00500183986466005
0.212114250758333 0.177625066570131 -0.162790204352271 -0.0795699110534489
0.280062357944215 0.155568855375884 -0.155205208526767 -0.187793595066475
0.292520582832033 0.0149017554607265 -0.189835496089113 -0.169416901689294
0.242951370438432 -0.138508941045726 -0.18399654866849 -0.0978842226650233
0.146997195169492 -0.203134172777327 -0.141463918524368 -0.0594189113799073
0.0497577490775265 -0.22138168417596 -0.126635231877062 -0.0560451880364632
-0.0211084195581328 -0.207262154641613 -0.104867707507749 -0.0588162499972819
-0.0189144473998728 -0.200149573070033 -0.0444953831790302 -0.0642683973950123
-0.0179298526857313 -0.191032673431646 0.0187840515139976 -0.114233344203812
0.0190104498932914 -0.22739183608043 0.0970629056962784 -0.126200461931753
0.112765977824256 -0.228076055035388 0.184648532430061 -0.096111676532386
0.195939691801956 -0.188091502272407 0.218425489462329 0.0242522475508451
0.277239710950767 -0.0535513512344686 0.141439394333561 0.10431696019303
0.293616817975883 0.107624880281711 -0.0219979288004355 0.0881530136594999
0.257651043407942 0.166927376898728 -0.121666473039426 -0.0745866507432081
0.144472882044417 0.137970217447972 -0.249347276919489 -0.142301645846758
0.21085219838803 0.123617087527198 -0.219420415416513 -0.192571414465542
0.226357221793394 0.00987368820819874 -0.1902815498766 -0.162827472792818
0.177910742600398 -0.11169563167563 -0.152366144380663 -0.108152690652763
0.102833213289213 -0.153816604445331 -0.114134375553609 -0.113368492440276
0.0339914307110214 -0.163892250729738 -0.1234784641633 -0.126853747226348
-0.0120861341313286 -0.157487285063817 -0.114940963814787 -0.128358288584748
-0.00173184865881322 -0.151820304747715 -0.053482557164634 -0.132496155781089
0.00625654085157515 -0.148086866617831 0.0170056726611753 -0.178795047866264
0.0446610959166635 -0.170386761691002 0.106844330933991 -0.180398053202504
0.116553901454843 -0.157077352318845 0.2019488754925 -0.127919170765741
0.179258566608038 -0.110737075242226 0.222244110632866 0.0140768050397071
0.224244349916669 0.00844577633741735 0.123311006139605 0.0908286582317682
0.211703978532057 0.132692736126899 -0.0485969235252183 0.0461314101161886
0.165428336364524 0.156608325246117 -0.165200942955111 -0.142630783100882
0.0442860496891775 0.0839437977682354 -0.305318290771894 -0.174204410799847
0.0988600687406965 0.0861081080895982 -0.252968545379466 -0.174594669187662
0.118470114286082 0.0173190656478253 -0.182508628381191 -0.152504617066443
0.0864216791017434 -0.0503947683747365 -0.134617142121912 -0.115330304735937
0.0512706625750822 -0.0681433907698566 -0.108018712773754 -0.145516955278238
0.0242686374996175 -0.0756434835391131 -0.127893311581579 -0.165558221490582
0.00515231533823616 -0.0816574683866382 -0.119560831079965 -0.170257186474113
0.0147139837707296 -0.0806224051785438 -0.0537277288213779 -0.178294240701383
0.0223819286360432 -0.082599676973582 0.026634435386189 -0.221987987625506
0.0475262395049726 -0.0920077906809221 0.128847805036093 -0.212120916351959
0.0856190316218997 -0.0772565348209863 0.225013194982358 -0.141394029025655
0.125531106708936 -0.0433584163137046 0.227653918610602 0.0111755628006479
0.142318458427335 0.0434437255647543 0.11580512226048 0.0769539407059634
0.109075093931106 0.119542457304759 -0.0463477250505572 0.00751281347763132
0.0572868878291653 0.111997730580875 -0.16956282123203 -0.195402004254631
0.0350292632648245 -0.0380993863343117 0.180860560591529 0.193228709066833
-0.0179975900229564 -0.0577743705313458 0.0874734498274832 0.00121326346682843
-0.0544806626363111 -0.0192411692766524 -0.103941705401549 -0.0767620413540004
-0.0332653891637741 0.0174979069446335 -0.23394264594186 -0.0278958960498478
-0.0156999544681631 0.0162624900946316 -0.243509922264557 0.127298142710677
-0.0148333505044552 0.00875444753779278 -0.147749544080554 0.231036309804443
-0.0228450940602504 0.00874616899281832 -0.0336606072778575 0.24505925841498
-0.0272783637572869 -0.0047134431052969 0.0623933848644409 0.211722626885034
-0.0343911119779587 -0.00241601155806957 0.12319932822381 0.173469985682753
-0.0378493919282737 -0.0183635916790796 0.149885655313782 0.15993523202338
-0.0163474533327974 -0.0290497433326693 0.136450587449341 0.149228146173204
-0.0100667444781381 -0.0213011716708479 0.142217817005937 0.127717786763267
-0.00528121396817368 -0.0332569784024887 0.162231541941889 0.132735453263815
0.0342551448649222 -0.0478590174018287 0.201056045570546 0.167431863318125
0.0617184061399033 -0.0235076652709718 0.293400907284282 0.170565650646515
0.116902338345334 0.0322602082168012 0.1515698476344 0.194529707751788
0.078576983794113 0.00363099116363498 0.0651116210132417 -0.00386036935109928
0.0371141038893266 -0.00690793867096165 -0.117347114438731 -0.0781945975163387
0.047892044876817 -0.0160141877042422 -0.235253698783594 -0.034333406551063
0.0427902431415478 -0.0460882628566041 -0.245098984590695 0.112851331240838
0.00953527825301309 -0.0699482785837618 -0.159180853017686 0.20979685366293
-0.0286242097623164 -0.0705087040632102 -0.0502874400412691 0.226431764368444
-0.0415791517376811 -0.0848223544352847 0.0465746267516234 0.194985821346847
-0.0545254806370083 -0.079469694888939 0.112457285139819 0.148740560324012
-0.0492606808366476 -0.111447505185914 0.153571629145471 0.131228994782634
0.0112396323939052 -0.129574055290316 0.158044072875226 0.123570437750222
0.0581826411832829 -0.112726372026342 0.165398323507015 0.118739697829675
0.104880890195847 -0.072746923328917 0.166034340067058 0.126733162730717
0.157104974248415 -0.0229872076065303 0.174904227756749 0.14617336763109
0.180375653783045 0.0279671025748263 0.241915858572398 0.142527735316936
0.180778895648936 0.101901846892973 0.100205171013178 0.156736908023886
0.170181554531199 0.0712365422103504 0.0338596070837779 -0.0404730754791647
0.136272942286573 0.0114430216054147 -0.135919769504744 -0.09969344937538
0.133697941435167 -0.0526873242677448 -0.236645068288296 -0.0444823900708007
0.0998145708530456 -0.108988349755002 -0.233108256146991 0.0913816748532057
0.0328149826266073 -0.142469964755234 -0.157716010285185 0.170127676679384
-0.0312118538414884 -0.141064155862271 -0.0654247991597422 0.179237296109249
-0.0497231277265667 -0.150682181982569 0.0230455525670815 0.151936633864079
-0.0672316631053988 -0.141244115100666 0.089044493345576 0.0990694458658005
-0.0577601193643652 -0.18414799538594 0.142904620204237 0.0767398348563167
0.0272569780704473 -0.210415492228973 0.172394006002341 0.0721534311559097
0.102955001938227 -0.193312435047439 0.190551817485868 0.0946268127832757
0.190715152401715 -0.116263998830059 0.171826800987336 0.12034432208172
0.255062417555307 -0.00822983646687575 0.134975937785685 0.133421225437115
0.270666025913546 0.0686397413396649 0.157210661630706 0.102096682091415
0.222878618441055 0.151144849198755 0.0279148345361835 0.0884467489415749
0.247020489510082 0.122224409437616 -0.0130006303996622 -0.0947633316478512
0.228365294892764 0.0188961078884956 -0.157155152134709 -0.128321402303816
0.206139606064853 -0.0970775731757876 -0.229798764569491 -0.0587649917356402
0.139102479639815 -0.168020789835574 -0.20681429719039 0.0572048071731855
0.0470905300311511 -0.200074365654984 -0.145912006273781 0.109866013153496
-0.0330239797176629 -0.191064327378727 -0.0774873237517909 0.110357821870746
-0.0501813780668141 -0.193959116492654 -0.00231629520703106 0.088335778671494
-0.0662730262249774 -0.181465597978012 0.0585402280004581 0.0334729349071656
-0.0529519992059601 -0.228435445163987 0.121353257135996 0.00896690431182121
0.0438016613562569 -0.257566151909677 0.174388184715732 0.0089651337694714
0.13442090112428 -0.241294702816319 0.206608178693226 0.0620874049652923
0.247932682341875 -0.137271778039973 0.170448531789073 0.111883835021696
0.314001120520146 0.0120440569654944 0.0843851592843503 0.124856413377122
0.315328733207644 0.103626609550624 0.0570296035805567 0.0542440487631291
0.234441065644385 0.172068629060333 -0.0623157901895967 0.00583673439520122
0.288873247404617 0.143651570493318 -0.0787191597630432 -0.145359532060834
0.284749339346512 0.0127332550001358 -0.176270453798746 -0.149726560701738
0.241721116728023 -0.135177257441725 -0.209723905630625 -0.0741203469039771
0.149838493673773 -0.205897934097606 -0.170717517783458 0.00612996444087767
0.0470816977095104 -0.22751761264735 -0.132229384384393 0.031896489592883
-0.033368697161896 -0.211500550928565 -0.0903938226018029 0.0295138162972752
-0.0425623618161164 -0.207256567352595 -0.0260266458035831 0.0148307196101496
-0.0509659671000014 -0.195309445744992 0.0304731248141504 -0.0395181767714809
-0.028349631302032 -0.240642691591577 0.0989589688220238 -0.0612597761889236
0.0696634518733503 -0.263101851447083 0.170663102557839 -0.0517981227347286
0.162702211187836 -0.238899082263921 0.212270906019114 0.0334440533739103
0.273429219414328 -0.118801363342907 0.158086976987432 0.103520184595743
0.325256646769072 0.047877751290354 0.0290216704809074 0.11172837493386
0.308479500469697 0.13174930579828 -0.0415357882380227 -0.00114270637376872
0.208375337619472 0.161487815661441 -0.159653614281114 -0.0711202477534118
0.275713249306421 0.137096475695968 -0.154004043489752 -0.174332616718092
0.280417973315709 0.00286791722964968 -0.187774602501006 -0.154962276405348
0.226466981778239 -0.143915582768951 -0.179295541415871 -0.0870811805557731
0.130865234496623 -0.203149158827647 -0.136094406217887 -0.0538134953427314
0.0368273650818226 -0.213626393133383 -0.124116421552438 -0.0498155824556804
-0.0302412867065979 -0.196697219804622 -0.104480229219241 -0.0508375824030764
-0.0290526447098631 -0.190475600496671 -0.0449380410436184 -0.0596817712252033
-0.0270719503341446 -0.182798955210282 0.0121674834681317 -0.111003888377558
0.00661768152256396 -0.218369292498669 0.0883796440307498 -0.126935246725859
0.0967009044184335 -0.22518617470072 0.1735733352307 -0.101490528358328
0.178312507364786 -0.188935877567451 0.212826402894893 0.0139989864470263
0.263486514652685 -0.0645135951685129 0.137953580234346 0.0940851174270986
0.287222317386313 0.0905943243994888 -0.0187229760100817 0.0859402660446446
0.253824899157991 0.149095273498763 -0.118629931402223 -0.0639803359002669
0.142634498038015 0.126387142334894 -0.245108005563417 -0.126294114367946
0.207171048860074 0.109463537641374 -0.215239389680314 -0.176246503945486
0.216735684096036 0.000550104879330182 -0.188368823237802 -0.149825415298324
0.165256787092071 -0.114978211991965 -0.149470875475199 -0.0982861407275842
0.0908801344162996 -0.152889270736596 -0.112776780648041 -0.105979111559662
0.024255084838562 -0.158636611334852 -0.124817251262239 -0.117868734204011
-0.019209301699688 -0.149758839735359 -0.117067097106406 -0.117087998989953
-0.0101176852990315 -0.145699759221332 -0.0566891222774461 -0.124270461693791
-0.00163014187552797 -0.14310852238871 0.00742275947149807 -0.172708277762497
0.0343958664215705 -0.165545922685585 0.0946722497812592 -0.178335719902788
0.102705713919342 -0.156380209727384 0.18877674928862 -0.132657449219746
0.165007480746413 -0.114265292749985 0.215617575403932 0.00391620037736481
0.215334350604782 -0.00299296585919779 0.120716609660585 0.0813835277141539
0.20900612045243 0.118219423070634 -0.0452074748195088 0.0476401154293644
0.163554665528558 0.142415403733838 -0.163354890060708 -0.126799299675099
0.0446318809983269 0.0781601431953545 -0.300083546816905 -0.155109896299053
0.0975619395044303 0.077849286400861 -0.247226024224428 -0.156614862408435
0.113694189508884 0.0121757267619708 -0.179590264708621 -0.139362535687434
0.0804621438320936 -0.0516179586449319 -0.132663777463068 -0.106233853186477
0.0452312726987224 -0.067666585262444 -0.108942231397383 -0.137552301076672
0.0198691359680873 -0.0727906827983623 -0.131148276177336 -0.154309848162994
0.000972111942175668 -0.0777305497220385 -0.123128841284266 -0.15637794758358
0.00993549722845842 -0.0781326892158908 -0.0590624172963126 -0.168234607088406
0.0167468726635726 -0.0806178284450014 0.0162107729965163 -0.213333328277723
0.040424003127818 -0.0906162723180868 0.113654465096526 -0.209577812385872
0.0768552942871761 -0.0774299765061212 0.209407341439691 -0.145733736170692
0.117318530995921 -0.046299262143312 0.220564400473292 0.000760796496491416
0.137859827383095 0.0347205581831716 0.114285933423082 0.0688018151153329
0.10946722404522 0.109113040613111 -0.0451871099236113 0.0102932156965103
0.0581477892693523 0.10445775782648 -0.169782748869786 -0.177135662582833
0.0342819522996891 -0.0374904728440803 0.179173335521683 0.180756274982268
-0.0184496097949321 -0.0567290467233882 0.0866016963644452 -0.00210788222708371
-0.0525293054658141 -0.0174643605893001 -0.101021205894818 -0.0708694735075825
-0.0317585913075643 0.0176151911439897 -0.227188925452457 -0.0196751682466039
-0.0145642193473797 0.0157434607693197 -0.233061803681053 0.129422827153997
-0.013720514966548 0.00776148188882667 -0.134966554285537 0.226164851790824
-0.0211065036590206 0.00820972084532227 -0.0235226978118247 0.237041069707555
-0.0265856659752653 -0.00431515506360876 0.066060930531875 0.201761401327275
-0.0325806372131196 -0.00180160001988127 0.125373092467004 0.163069523158043
-0.0375789238352806 -0.0161463400067081 0.151798670552455 0.150125605259264
-0.0168841942168155 -0.0289315020572078 0.136070706834721 0.142189611197584
-0.00945661514000636 -0.0214151907344582 0.138979618412322 0.12045554686168
-0.00538993295259612 -0.0322862111295682 0.157226325746668 0.125859669875981
0.0318381111124619 -0.0482490601973849 0.198119795590463 0.157342965838959
0.0599980197884656 -0.0247932826613522 0.288118678483834 0.156050389128787
0.113987875196756 0.0284832922439051 0.1507669936014 0.182506250023553
0.0768865649123218 -0.000310381898231226 0.0650066781917333 -0.00681217570888085
0.0360544776422595 -0.0073233720561473 -0.113618514514561 -0.0727475983840941
0.0450985679755974 -0.0173745317578996 -0.228791618272784 -0.0267465812038579
0.0399964037457535 -0.0470876533511471 -0.234178631846766 0.114570088397415
0.00705021876722545 -0.0683157148548219 -0.146784219744265 0.206881974177929
-0.0300671546331875 -0.067878725485154 -0.0404739061949303 0.219447067141027
-0.0433833684980432 -0.0808189250287554 0.051216180663832 0.186648484497886
-0.0548597973838108 -0.0753578053121754 0.113574698939693 0.139625570517218
-0.0511060334264976 -0.105774234375571 0.154820091589801 0.12161488784388
0.00681541907433704 -0.126949999471907 0.157450459369041 0.115490353685746
0.0540510709339114 -0.111434134684669 0.162422480312473 0.110653929813252
0.0995836114368473 -0.0735177252381752 0.16104803570379 0.120453593625811
0.15182368691342 -0.0276254374583416 0.171888838911342 0.137805871929765
0.175665949369241 0.0213695597845189 0.237472162328326 0.130018273215351
0.176848078452744 0.0936740945146295 0.100569626614821 0.147458118189912
0.167405463204963 0.0631724350649985 0.0344108887256734 -0.0418761864737697
0.131830668575353 0.00791867569050147 -0.132182816924949 -0.0924401803495607
0.126483819081769 -0.0551765632093836 -0.229464566260018 -0.0374399857933781
0.0926395118462012 -0.109333195003505 -0.222149000301635 0.0932433511649905
0.0277485488518874 -0.139460460380415 -0.146235970004352 0.1677295704964
-0.0347070294729802 -0.135022183661197 -0.056938854130677 0.174894465860013
-0.0539177066982707 -0.144587906030453 0.0273193368793963 0.145651825269433
-0.0691497193480294 -0.135087918677693 0.0891076419633189 0.0924621297628933
-0.0620685395477147 -0.175991589665972 0.142507877680728 0.0689495265011527
0.018560067345796 -0.20589641879487 0.17011082721535 0.0649308254916745
0.0944200619951499 -0.190512782109866 0.187012927514469 0.0859712904340738
0.181406754910235 -0.118509238977286 0.166090087102954 0.113336827155307
0.248181621687851 -0.0157519819986287 0.132756930324156 0.125780682785804
0.263985059935116 0.058028221357993 0.155371705526561 0.0947985967437679
0.218015330294936 0.140520386172591 0.0290958671845463 0.0825618491912753
0.243233110090921 0.110764192605552 -0.0119290016170977 -0.0930010239185997
0.221143288377403 0.0134253963160065 -0.153326121718907 -0.11997452425734
0.195499721853193 -0.10048761913829 -0.223796331596563 -0.0514617489181419
0.128274280942822 -0.167518969255372 -0.196850139667987 0.0591855065082827
0.0388683437192102 -0.194447354425325 -0.13662479249794 0.108506148550518
-0.0376168083370107 -0.18274132303465 -0.0720117086187013 0.109601642857419
-0.0560742288945568 -0.185603953541962 0.0011698532808587 0.0856290434978637
-0.069841847504818 -0.173795115805413 0.0572409669838839 0.0297953243695761
-0.0588806462889722 -0.218918333796705 0.118529893206676 0.00372380463026332
0.0328846242467125 -0.25206434273887 0.170298441664909 0.00338843091470095
0.122556954277779 -0.238097938219611 0.202402369022602 0.054392703987506
0.235014979880336 -0.141053803974072 0.164467077959204 0.105375021327523
0.305600936569099 0.00263072198939202 0.0835259801335357 0.118708894031228
0.307402649129937 0.0908119697873912 0.0576087776721369 0.0518044613527861
0.228847173627319 0.160946932244762 -0.0597228570908803 0.00547417502406225
0.283922956691462 0.131393311721532 -0.0771940197645994 -0.139936325920492
0.27473590580683 0.00584048407925914 -0.172197792311124 -0.139992983283203
0.22942919812748 -0.137808631563458 -0.204455491610282 -0.0669617644362064
0.137553257209554 -0.204577549902038 -0.163037848499588 0.0086955670941381
0.0380321140558907 -0.220826309820958 -0.126593481981514 0.0327122352323023
-0.0389151259016023 -0.202271468805639 -0.0874591284526304 0.0322048657981769
-0.0484119848252918 -0.198600822605923 -0.0237142406654203 0.0141811052943007
-0.0562227751515423 -0.188013758201314 0.0277335904764614 -0.0395981699366963
-0.0350799746371407 -0.231144023403733 0.0952379674474724 -0.0637606784857343
0.0572096604298699 -0.257523615967856 0.164854530493516 -0.0561362060674182
0.148946114994175 -0.236458681491572 0.20696968095574 0.0262739114368842
0.261153968511683 -0.123476631096867 0.152595513202786 0.0971686499824717
0.316623050202368 0.036810823451159 0.0302134705094834 0.106997117115017
0.300505303530989 0.118466979164576 -0.038486522596868 0.00174091624471547
0.204342894902517 0.150801719329383 -0.155641514225535 -0.0658298772980719
0.270597098535682 0.12432194186802 -0.149928077878879 -0.165606375199956
0.27073909670625 -0.00381314050160324 -0.1834553006959 -0.145588526383701
0.213774737116156 -0.145937394821373 -0.174626293669918 -0.0805970205011147
0.119588994746852 -0.200500314231899 -0.130748460525687 -0.0503942465643691
0.0286728777008662 -0.207429135374277 -0.121941175507929 -0.0464126036972857
-0.0355280322137645 -0.188260291235501 -0.103662357202937 -0.0451412717482091
-0.0353207880702024 -0.183142445752975 -0.0443045867426745 -0.0566326912495576
-0.0324559884529323 -0.175687370413907 0.00786634025256579 -0.107932671348408
-0.000625242091539039 -0.211537074656391 0.0817170533569435 -0.126003140137065
0.0841195857794014 -0.221811865405438 0.1660867665731 -0.103611445066817
0.165602528705493 -0.187775911544568 0.207700977037832 0.00656711849760081
0.252412836110821 -0.0702989946318595 0.133813075564953 0.0877203492081048
0.281075922947054 0.0784588116887012 -0.01622334807913 0.0831679765401846
0.248267095487868 0.135890262121972 -0.115068545576561 -0.0562812286550448
0.13938385290577 0.117935813879964 -0.24040641382719 -0.116899789419728
0.202696103569503 0.0999982198064974 -0.210132099430496 -0.165687682436799
0.208605716024081 -0.00466565611772893 -0.183925362195564 -0.139918264388851
0.155686078402813 -0.115723575876741 -0.145702634039824 -0.091833332426082
0.0819021495447071 -0.150941594078148 -0.109842520522267 -0.101932906883359
0.0190129020277428 -0.152540472847661 -0.125151036586098 -0.1120539010916
-0.0236902234177794 -0.142409049530325 -0.117710507372937 -0.108162207905179
-0.0153912438792689 -0.139984683951127 -0.0576363356754015 -0.11828593105949
-0.0067109521083682 -0.138060605818854 0.00171156476311262 -0.166707819753537
0.0276951779747579 -0.160720343397723 0.0858929169595895 -0.175432512465322
0.0930987890343332 -0.153902601925283 0.179105097619983 -0.133996838068882
0.155271349053207 -0.115118866020591 0.209424665880414 -0.00275402205028003
0.207134221678507 -0.00992437605645731 0.117402009231446 0.0758646351694204
0.205599107094396 0.106658332345351 -0.0428352313041833 0.0476663275587486
0.159931305306143 0.132229622592344 -0.159979606113945 -0.11452865486008
0.0437450467590908 0.0741174120365501 -0.293563328666069 -0.141518057056252
0.0956682550405957 0.0723676151179245 -0.240046959625011 -0.145638635118111
0.109484928328401 0.0090735773493275 -0.175823120277149 -0.131039278125236
0.0759369739545396 -0.0516639137334703 -0.12951605962046 -0.0997188008338039
0.040684252562928 -0.06629711085114 -0.108151353476655 -0.132049166399418
0.0173114341526765 -0.0701349849412295 -0.133115872608147 -0.145897418608093
-0.00117314456206454 -0.0739512091468995 -0.124810267877009 -0.146060934791549
0.00685500772338564 -0.0754479287990736 -0.0607597957202085 -0.159954567370432
0.013232760817483 -0.078153374452203 0.00813778967749079 -0.206401747490261
0.0362690162017394 -0.0883216979228484 0.10269968891843 -0.205746453375724
0.0711018071636052 -0.0766070105596934 0.198013442885736 -0.147493504768211
0.111024993100496 -0.0481884444923667 0.213591887870276 -0.00577422277119517
0.133822253809543 0.0294292241929095 0.11108013684135 0.0630016625159932
0.108215902968921 0.102304467872823 -0.043808278909348 0.0127212615596465
0.0567231655622299 0.0986386283006278 -0.168188432109922 -0.162809049268709
0.0331035394732861 -0.0374934756567336 0.179545750477291 0.171222381517089
-0.0192489988827588 -0.0564100525790048 0.0860296895535857 -0.00600564084331487
-0.0510476337109104 -0.016091562203988 -0.0986137308120274 -0.0674810737094293
-0.03075117484335 0.0169723364946188 -0.221964131086362 -0.0138162944215567
-0.0134893279277564 0.0144970751207374 -0.225137425634762 0.131809057708088
-0.0131094608794258 0.00687404692769223 -0.124929440151153 0.222990140142217
-0.0202506693614274 0.0079931734051983 -0.0151210512664863 0.230595901310538
-0.0262404535996844 -0.00463995863644314 0.0701849161829341 0.195063542319683
-0.0310230238155192 -0.00184497013985232 0.128114258302118 0.155807328418433
-0.0370437061829857 -0.0147137204458573 0.153773613257816 0.142136897067854
-0.0169638885487209 -0.0281631524465109 0.137342547155086 0.137137584703395
-0.00901693468637092 -0.0214039693104086 0.137511624714544 0.115738187754948
-0.00534217003297473 -0.031734134398437 0.153934008639222 0.121515920320978
0.0300175050292204 -0.0482989517022635 0.194915012261363 0.150149290791872
0.0582724166671629 -0.0259075325474347 0.28563918955021 0.145002544093084
0.111739344238756 0.0255924510811825 0.151099814993206 0.173322884342611
0.0752338556157538 -0.00367329660338922 0.0658561888768157 -0.0101787226377754
0.0347354230799426 -0.00806640962483687 -0.110779372420005 -0.0691623719942147
0.0432581516117543 -0.018375240530237 -0.223413827332157 -0.0205905177779116
0.0372287542731822 -0.0477513651915029 -0.225581910799395 0.117575650174632
0.00521630138870736 -0.0680562004484792 -0.137177532031708 0.204141763786641
-0.0310252070633892 -0.066099544276123 -0.0330609232256188 0.214331518538842
-0.0454297414420411 -0.0785894329209641 0.0542906589262167 0.180123426160306
-0.0555806484507571 -0.0731273915631606 0.115581547109945 0.132887842359762
-0.0533395962498104 -0.102001086560489 0.155514764567623 0.11339235199956
0.00234140524183948 -0.125556802704646 0.157474520787443 0.110137287382761
0.0498810630100799 -0.110795136085761 0.160346687048545 0.105429551259402
0.096367887816436 -0.0750367467703751 0.156762880431999 0.11606519702543
0.148487196306345 -0.0314223698560777 0.168813402677183 0.131004818647134
0.172673522827321 0.0159714832084185 0.236009137996396 0.121016961727759
0.173763819137813 0.0876995921567426 0.101021549735876 0.140170215418001
0.16523856407119 0.0562580679704742 0.0352798829112795 -0.043391571796783
0.128351944885073 0.00524659929257263 -0.129671324424208 -0.0882985805059235
0.121125738580114 -0.0572458488157856 -0.224980929012114 -0.0314477869373683
0.0864909130977211 -0.110488716581069 -0.213389523297653 0.0962490159690531
0.0229688029747136 -0.136768843444162 -0.138445797598891 0.165676112660844
-0.0377409657256519 -0.130544649426228 -0.0504105730143482 0.171951769127494
-0.0578773329256826 -0.139794420142979 0.03098345898922 0.140933234280574
-0.0715788319625576 -0.130708355911597 0.0891206132497487 0.0871545315502407
-0.0662320229255146 -0.169924811063051 0.141945685340197 0.0620003435494255
0.0116017913412305 -0.203255404278399 0.169157824840111 0.0592275104487839
0.0870931998571047 -0.190137020210112 0.184569227361036 0.0799338667646372
0.175076741596257 -0.120896706993734 0.162318685345504 0.108733033356871
0.24319167963728 -0.0222103494124858 0.130827013696958 0.119469320826014
0.258426243228835 0.0501961830129098 0.154708199787678 0.0890807131964292
0.214865690090002 0.133469648091832 0.0307249326176787 0.0785182774470744
0.240908713748942 0.101799624366544 -0.0105931865798693 -0.0924763215966369
0.215847670388322 0.00845353122132659 -0.14982923806817 -0.113736204323514
0.187387043191821 -0.10261004986936 -0.218533694902093 -0.0456779981154908
0.120050983301831 -0.168134417068702 -0.189953459692548 0.0602992665530222
0.0323820636429884 -0.191212036833167 -0.129995336302871 0.107938182135988
-0.0419752912563334 -0.176944598482885 -0.0673869757951405 0.109078973152225
-0.0611731301139466 -0.179522728725108 0.00360259526860418 0.0826935025182958
-0.0738673991499798 -0.168213838516067 0.0562360005965617 0.0271973763435129
-0.0632144447873357 -0.2125254241395 0.117518047142949 -0.00113236655493881
0.0241201958245645 -0.249038561458253 0.167408227492019 -0.00159025774849035
0.112890723726164 -0.236251394606383 0.198827730879984 0.0480697900474513
0.22667473080772 -0.144248883395704 0.160477102323007 0.10088819831042
0.300904971184061 -0.0058628363654211 0.0833013598307936 0.113344414408983
0.302110084097358 0.0810826806166984 0.0587725825013088 0.0502902697126458
0.226224239919377 0.152480645712593 -0.0583825205515839 0.00502512583684452
0.280968685648292 0.12084633526789 -0.0753187500544582 -0.137236926081182
0.267925238815839 0.000309313727317445 -0.168663066269049 -0.133254867963
0.219291287987973 -0.139698110432831 -0.200049534875916 -0.0611508573770253
0.128710766465146 -0.203569256379939 -0.157235053627902 0.00947274619073372
0.0304140059615188 -0.216238401453168 -0.12254345645141 0.0335487960613867
-0.0437703677341117 -0.195605543969797 -0.0850347956475507 0.0344296981878324
-0.0545515259085214 -0.192441758841536 -0.022508242581821 0.0136178177253496
-0.0602420400712278 -0.182139383773474 0.0254194006418529 -0.0398533634281911
-0.0412518508257753 -0.225517744222844 0.0918233648171619 -0.0662546914519604
0.0477776161111238 -0.253891155102697 0.160652917544956 -0.0597987466324584
0.138243679015634 -0.234647496025853 0.204139896033107 0.0203979123284941
0.250959468508145 -0.128515698006584 0.148651032198453 0.0928179329565511
0.312584039167934 0.0268958113222223 0.03104090964685 0.103565558885075
0.295223840661661 0.107588314671326 -0.0359879449673073 0.00423647943585796
0.200668802678511 0.142865302359447 -0.153760970817575 -0.0615767416915805
0.267239457270776 0.114314251548906 -0.146915028104087 -0.16022709741783
0.263157901554321 -0.00801805320619419 -0.180352934434334 -0.137760458464156
0.20421138822746 -0.147570102905619 -0.170637758200242 -0.0756426752331499
0.110526512422538 -0.199226887422448 -0.127475611681156 -0.0492074518783504
0.0217928262205781 -0.202021574603396 -0.120724325794044 -0.0441612893231681
-0.0402713943549206 -0.181561020309565 -0.10303118945373 -0.040169089713715
-0.0402379771451172 -0.177329727293474 -0.0441515692405203 -0.0551115653122956
-0.0375581965226135 -0.17043372129904 0.0045533666087398 -0.106053379873213
-0.00750094552055064 -0.206173135211583 0.0766861378458441 -0.12624289516047
0.0738636454152612 -0.218891343503956 0.160127597706976 -0.106852252900708
0.154914543214717 -0.188118279758884 0.204602114299925 0.00121594150961343
0.243114375357005 -0.0765745687456296 0.13096647959067 0.0832325707812647
0.277334051958655 0.0689828344737244 -0.0148211101607502 0.0818516542526579
0.242888521002131 0.126371867102513 -0.111899360620991 -0.0496765800292503
0.137175781327989 0.112094323808623 -0.23681455568818 -0.109059703866205
0.200116833235166 0.0921374366758511 -0.205392452814179 -0.157633191974156
0.203390125915426 -0.0088456923206762 -0.180881659725013 -0.132717876891791
0.148719957600823 -0.116942173221967 -0.142616560234559 -0.0873207282980314
0.0747184946562243 -0.149665126455938 -0.109116066124052 -0.0997392350223423
0.0144791966311383 -0.148674752338993 -0.126510417061764 -0.107193390987368
-0.0270670251761124 -0.13741067699429 -0.117956508191481 -0.101368395273605
-0.0196826298989513 -0.135984431788807 -0.0585608814164783 -0.114349403512417
-0.0113325596218752 -0.133795825871857 -0.00293085798704705 -0.162286952157209
0.0215773739097031 -0.157518899827301 0.0788693423635452 -0.174047943054182
0.0852778526431325 -0.152654777047047 0.170601571010336 -0.13655799193651
0.14730869814587 -0.116191716448295 0.206153339805038 -0.0083554946108558
0.201014085080068 -0.0148190126229443 0.114890474596437 0.0715300783502143
0.202915349364163 0.0992527127623776 -0.0409608969142444 0.0480635675400501
0.156711239480461 0.124410077704437 -0.156805060215853 -0.105842359498917
0.0434083158816799 0.0712442413737976 -0.289491494655801 -0.13141493477784
0.0943285642834928 0.0686396481586888 -0.234904601916359 -0.138077313930726
0.10691322158749 0.00718598022233286 -0.173041863023818 -0.12564794201481
0.0729830713416038 -0.0520598272141454 -0.126790902119189 -0.0952240328406644
0.0372907192703729 -0.0655883277260696 -0.107657678387406 -0.129151725131591
0.0145532708349716 -0.0679850490502689 -0.135623650200127 -0.140519894124585
-0.00253580711207849 -0.071215029747451 -0.126824262559366 -0.138641047665673
0.00385868974734131 -0.0739065044956108 -0.0632340291430427 -0.154728259684152
0.0100559250646029 -0.0766654040549254 0.00237348267878029 -0.2013104370151
0.032229423030518 -0.0868594650662945 0.0948219858513051 -0.203255026731793
0.0670310336941059 -0.0761929987352094 0.189092647489888 -0.149005572012132
0.106221006260207 -0.0496918126030912 0.210222524944796 -0.0109080339359981
0.130389930995416 0.0251974427665731 0.109865868656238 0.0591585193869368
0.10784212412245 0.0968612815162455 -0.0431349781450363 0.014666937533823
0.0556712664013712 0.0948898154843587 -0.166638405743099 -0.152699076385999
0.035733593239935 -0.0287287238417623 0.143403546574126 0.196212350595957
-0.00943470038992413 -0.0566286650266566 0.0891981712080146 0.00728122288438882
-0.0437483808570852 -0.0258761760857102 -0.0791668902342541 -0.0845147874856373
-0.0291299707524891 0.00860362189227789 -0.210190757048238 -0.0538326031940716
-0.0133463155124827 0.00725513270883209 -0.240457017221654 0.0864574806416116
-0.0126815850173132 0.000721258789554272 -0.161814258941639 0.191758192766914
-0.0189813762887176 0.00336733023259245 -0.0575183869802992 0.219597605599369
-0.0244707087734864 -0.0102278470924171 0.0309218863485727 0.200021751522592
-0.0289437630520254 -0.00892877784650605 0.0938778788853816 0.172702817791112
-0.0319445285663025 -0.0215088920215658 0.120834087708812 0.16429673906646
-0.0101862136389548 -0.0314179342030284 0.10466158380028 0.15831035925251
-0.00215299963825024 -0.0236601725246719 0.107433716268504 0.138745661350651
0.00348616123962122 -0.0317020408638188 0.123644812727809 0.148171684770737
0.0407245872601461 -0.041393589169087 0.162156611400493 0.186201596004972
0.0619053910435967 -0.0132332625350272 0.253553290976387 0.202244970587733
0.0972868042250927 0.0446534824445984 0.116579459319888 0.194427383435551
0.0712453900698324 0.00887479289035526 0.0675446974893717 0.00192158420232687
0.0359514154457386 -0.00241555188911145 -0.0907611286431924 -0.0851302411073532
0.0448889591022267 -0.0115559544099805 -0.209308226348098 -0.0594785546478202
0.0458092241962317 -0.0422782231669721 -0.238692027088392 0.0730085118870616
0.0177955945739474 -0.0665541887896272 -0.16886208465982 0.172209698656992
-0.0167794954858161 -0.0687450829493872 -0.0713455641181006 0.200285947841732
-0.0304326655476176 -0.0857684259462052 0.0184671998993951 0.182765765231342
-0.039217116654332 -0.0819377942354127 0.0864004714490906 0.147816332675224
-0.0315785054824018 -0.107723455635486 0.128182818978538 0.136012141586951
0.0263028436482009 -0.120970072584556 0.131071081759503 0.132023896260229
0.0716040004495661 -0.0965922957330075 0.133864224173509 0.130228922179799
0.11101289227687 -0.0522089521435616 0.130405963535171 0.141955128820993
0.151682516846319 -0.00180879182551998 0.140836708996272 0.16383027177846
0.163019183587088 0.0497240628684636 0.209309269741974 0.168975200283983
0.144827261123712 0.115480506517173 0.074668178630708 0.154284766801727
0.146880907837452 0.0808077809386651 0.0409652240749371 -0.0325660215565782
0.123027272797864 0.0273266984329561 -0.105381235047614 -0.104296435199458
0.124466255450626 -0.0341644389517678 -0.208181452011277 -0.0692281142034814
0.103100413749209 -0.0919058071799417 -0.22356535547711 0.0549421899923858
0.0478115652577053 -0.128300349192891 -0.161237793777606 0.135612218188609
-0.0119347712655273 -0.131349744186616 -0.0800279118168997 0.156086553350202
-0.0312449586201676 -0.147368182782689 0.00311183029152216 0.140318481935731
-0.0429114281799488 -0.139873985822011 0.0703621892247927 0.0992097179653428
-0.030834452385741 -0.174872585430232 0.125429620132307 0.0826155810516745
0.0502144570992065 -0.194008469386895 0.152594395050567 0.0823085536595569
0.121789205212713 -0.163994875562869 0.164527253826122 0.107949249765595
0.196531282612097 -0.0802669014715357 0.138996453844605 0.134471919988185
0.240700376063529 0.0272515572043392 0.106493399646591 0.14623012195523
0.238238181289053 0.0999991699821764 0.137108753694363 0.120715692660777
0.175876191847778 0.166371559059042 0.0173956650898804 0.083171246392667
0.211855962957824 0.136696822824659 0.0039054664872369 -0.0853060017549005
0.205518528256204 0.0467420152898338 -0.121219110123523 -0.130346337806017
0.194071358852536 -0.0643834133320771 -0.198240121688663 -0.0806694722404782
0.145485204830142 -0.140085238934283 -0.193251262021624 0.0253063040759059
0.0664105811781518 -0.176849831776526 -0.142781944603432 0.081360404160539
-0.00811967589776215 -0.175783739263487 -0.084811886181181 0.0914276793304046
-0.0272113224565116 -0.185748436715765 -0.0117403935440255 0.0796141885657493
-0.0383412778004959 -0.175925880546556 0.0504423488297135 0.0358500594747792
-0.0214249087883043 -0.214708644024359 0.113796060795105 0.016453382860271
0.070539226334522 -0.235346752951419 0.162641953802319 0.0213153988108935
0.155155099299527 -0.201994178789406 0.186028097806027 0.0781148987409318
0.251808811036558 -0.0914203460248759 0.141376889730331 0.124905477966626
0.292185209576415 0.0541789969589527 0.0615937239033942 0.132044495254924
0.273505211498078 0.137760666758424 0.0498963422750467 0.0625157535953785
0.183542607763906 0.186214831028936 -0.0553719576558604 -0.00329845104675064
0.247019795628656 0.161517952417789 -0.0516506658586745 -0.137741759168274
0.256223336190766 0.0481780598340316 -0.135091060776865 -0.150577701321677
0.231500486662729 -0.0934226811530222 -0.176379587837216 -0.0907365475680597
0.159902128713569 -0.171212292081445 -0.153137964519992 -0.0171814697992665
0.068832163898613 -0.200870103320056 -0.121302330316262 0.0112808061479722
-0.00724553278281548 -0.192736320360062 -0.0877081300179611 0.0157631020711166
-0.0185528797814804 -0.197179511694906 -0.0238998595766539 0.00910984409940616
-0.0231438846407319 -0.186232334570676 0.0327553943717422 -0.0350879577429612
0.00187578351555615 -0.222161041285851 0.101766527354736 -0.0507132096405334
0.0937866658355657 -0.235378574544991 0.168278500491724 -0.0362084942912509
0.178332708355485 -0.195170824695906 0.197207595458139 0.051437532329751
0.271437748031376 -0.0709267747024654 0.132540083156991 0.114923786679987
0.296882741022636 0.0885075477997466 0.0120557292796702 0.111995827000857
0.261305819771951 0.163355927811641 -0.0336383449010568 -0.00245216790701091
0.163233027183369 0.171418265769231 -0.135405992653963 -0.08526737425238
0.236150476111263 0.153110974964976 -0.116726558536347 -0.172843699259144
0.25422505847608 0.0391321871595999 -0.145002312386845 -0.157913191654218
0.218417539915906 -0.102688267959723 -0.145500974231216 -0.0995573013130293
0.141624828941965 -0.169817142552424 -0.113376440238426 -0.0686693837296281
0.0582506975206764 -0.188058709940082 -0.106549686315618 -0.0636498056708764
-0.00691428134820814 -0.179040966345635 -0.0910643463176423 -0.0594030224957284
-0.00765281061483087 -0.179495407241093 -0.0314664179202523 -0.0614577826902407
-0.00331758173090405 -0.170089799294173 0.0254992179801544 -0.101566880967939
0.0308533691471233 -0.197704032781583 0.0991393755881232 -0.109995266977585
0.111767403187927 -0.195591140821278 0.176938827096351 -0.0798358532857425
0.183457462249302 -0.14774415082493 0.202409671635517 0.0345641767838531
0.251974944583059 -0.0222758732239239 0.116529155084478 0.103368722994268
0.253565634580398 0.121330659506329 -0.029338946751185 0.0821269292909229
0.206853938915552 0.170062795993128 -0.0981989335289538 -0.0710598484038281
0.110355637136659 0.129486270944973 -0.207946614922449 -0.146025098188061
0.176481153668262 0.119717830523338 -0.172875710248179 -0.1831905765756
0.196771537433359 0.0276794767962034 -0.14737135834361 -0.153721872574689
0.160744464663101 -0.0830647043956221 -0.117519438270375 -0.106844721434456
0.0988573834489354 -0.127270642982481 -0.0873173579304954 -0.115567600300407
0.0417624851343971 -0.137602420048851 -0.101464137168994 -0.125949497885987
-0.00177310662814294 -0.134349262232559 -0.0950688351257316 -0.121091287814716
0.00490348270685278 -0.135151164383244 -0.0335768809479835 -0.121020075094251
0.0151112856775142 -0.129933555373998 0.0290086959811892 -0.156679165039816
0.0482585207479526 -0.145166958155808 0.110734673296877 -0.15297225558952
0.109778728060016 -0.129379508070886 0.191891241820708 -0.103681237262995
0.161863875525772 -0.0807689762686668 0.20580361130337 0.027725392584122
0.197312037781074 0.0282200190776091 0.103264295437269 0.0904021857372467
0.175027538124551 0.135397431438743 -0.0495781084303619 0.0441645106742684
0.124203134524327 0.151330325892048 -0.131037644173959 -0.134993554991862
0.0305772777659428 0.0732427531019088 -0.255940037384106 -0.177312823229717
0.0807111179206411 0.0792299217071849 -0.202483551677992 -0.172206141373069
0.102337040077323 0.0252728110433887 -0.141645243274063 -0.149276038204866
0.0787935165973321 -0.0362389586072452 -0.101301296296856 -0.113747775732246
0.0484307601468047 -0.0537447789164725 -0.081039336445578 -0.144340069693793
0.0280575403113552 -0.0603576815464589 -0.106210765102771 -0.160105905075049
0.00946671913221443 -0.0672291470222434 -0.0961404454890474 -0.158813612099447
0.0168183157207745 -0.070900711320107 -0.030700108062161 -0.160656147482557
0.0242981997834296 -0.0696826485062242 0.0409267540460599 -0.192657443977478
0.0457383492685617 -0.0765780594341202 0.129873409179307 -0.176196911573733
0.0773321697591027 -0.0592135670560895 0.210299624448963 -0.110006302926197
0.109318676005351 -0.0265790971359047 0.20857058478581 0.0286315059034055
0.120412225512397 0.0521783944014144 0.0990756909967431 0.0786620115293792
0.083158316572793 0.114503254479817 -0.0456079731464031 0.00985680248034051
0.0327401787301112 0.102687292300954 -0.131522190742388 -0.182559282159147
0.0349582790989026 -0.0288613890510453 0.143853230702859 0.187038805275819
-0.0112366624825785 -0.0560624620261368 0.0881552713879966 0.0022460636083045
-0.0433827126028108 -0.025114566456385 -0.0770783483834785 -0.081882783180476
-0.0281888217419615 0.00844680206752443 -0.205077901253998 -0.0483787819613759
-0.0131260492262514 0.00677795993752569 -0.232488260952561 0.0899472781828703
-0.0124440931094999 0.000194317593749928 -0.152129953706189 0.189830196462753
-0.0178301501627363 0.00234054235515917 -0.0488248969168809 0.213858061963917
-0.0243716456472058 -0.0101984092844748 0.0357714462020251 0.193846362083658
-0.0281042923070289 -0.00904560136551093 0.0968486795204311 0.164990409208289
-0.0313513395819996 -0.0199871286944877 0.122764730260783 0.157398679993124
-0.0112392482250674 -0.0310880855613747 0.106785203218426 0.152901732846489
-0.00227368948127841 -0.0232229716320868 0.106203209171991 0.134121064348121
0.00361450365584703 -0.0314826776566471 0.121088344769401 0.14382459535543
0.0389678487562528 -0.041997015653873 0.159832773187714 0.178727030605146
0.0595637229972092 -0.0156303809005646 0.251355150588185 0.190494135923765
0.0958735469118626 0.0418995864968108 0.118035276660704 0.185783129260074
0.0691868674878039 0.00599161513055579 0.0678076435318327 -0.00195661949213935
0.0343589191446943 -0.00349016343275276 -0.0878677702920668 -0.0818956354405701
0.0430312408152559 -0.0128585976051992 -0.204071868677959 -0.0541981701161778
0.0424099915257093 -0.0429378454089087 -0.230383907262465 0.0766470700091572
0.0157460074752183 -0.0664290874731377 -0.159357788918267 0.170202265969449
-0.0179541754075492 -0.0667324004667324 -0.0629397336520375 0.195982117461623
-0.0323326728601735 -0.0833213443056881 0.023139514279908 0.177488437685019
-0.0397454262304147 -0.0792625833162802 0.0886260137135964 0.140926769301081
-0.0336280765997665 -0.104221528917962 0.129708165408583 0.128630226416211
0.0221499306657302 -0.119748540883788 0.131897761623476 0.127017931606287
0.0674229271603952 -0.0965433298408676 0.132250411799759 0.124661941116217
0.107736737853974 -0.0537251272218619 0.127658772242276 0.137297221263185
0.148356222771707 -0.00524331149705741 0.139058377097546 0.157101028673364
0.158880102676155 0.0439171950820674 0.208017307412134 0.159765536675371
0.142776683422833 0.110315344299847 0.0757851036782279 0.146859261810295
0.144925061469684 0.0742324113434583 0.0426055164062909 -0.034472946009934
0.120323671409347 0.0234722437642263 -0.102197614485725 -0.0998068798495687
0.119850942113746 -0.0360570857146504 -0.202736861383433 -0.0640322310790046
0.0966538459286831 -0.0929028147451732 -0.214938982266045 0.0572856726146673
0.0430314058939137 -0.126853382696452 -0.153375813516538 0.134231438706791
-0.0151223305919327 -0.127780400539383 -0.0736308226933789 0.153483827947297
-0.0353610639673348 -0.142771677276402 0.0070937390639379 0.136392522652475
-0.045798821763918 -0.135518947858921 0.0714408751424456 0.094396683519906
-0.0348515278348256 -0.169572720996607 0.125443120852543 0.0758490625383515
0.0432459580810289 -0.191771394009029 0.151281501549348 0.0766597164299915
0.114640236449442 -0.162782058353563 0.162112186597826 0.101837999702057
0.19034975894041 -0.0833479547081002 0.136131251956462 0.129609681881241
0.236707568963993 0.0207892513117455 0.105570182401911 0.13981047759422
0.23305948774833 0.0909820103950948 0.137355347047539 0.114928654984839
0.173725299714546 0.158621736021997 0.0185524894832325 0.0783263440279702
0.210084171897673 0.128516296342975 0.00450376484817368 -0.0852096902317299
0.201017615568567 0.0413555039872418 -0.118183912985927 -0.124429115221284
0.187337477305068 -0.0679484003000333 -0.193628860486306 -0.0749143651757624
0.136751594383674 -0.141014263607942 -0.185580928689236 0.0275251453542014
0.059912121515148 -0.174650889133502 -0.136513144691871 0.0808942568033269
-0.0128840608694692 -0.17035791921513 -0.0800667200861147 0.0912970605936148
-0.0330033626648668 -0.180364310484888 -0.00877921701391907 0.0768170642722543
-0.0418530996579567 -0.170424800669489 0.0501071151996063 0.0325543001647236
-0.0269047052871736 -0.208169498097009 0.111870535736147 0.0115602673571003
0.0613534056519099 -0.232352872773923 0.160309704838711 0.0169980203692913
0.145303768504756 -0.201567710618154 0.183332246307275 0.0712405665809567
0.242992856949137 -0.0962836558753038 0.138116296330441 0.120133154952885
0.288073596474843 0.0455163298979369 0.0608331911481257 0.127038108057491
0.267232754126455 0.127099799341926 0.0517919152970861 0.0609567482293285
0.181118825290078 0.178071955624147 -0.0533861232433012 -0.00378070710178556
0.245163291381304 0.150834652894919 -0.0503309260388059 -0.135229657449612
0.251381685551057 0.0416737959159686 -0.132283125891444 -0.143931715178217
0.222243660331375 -0.0960935377605621 -0.171854745304359 -0.0855567330019348
0.149250104873883 -0.171920100587959 -0.147769663191646 -0.0166709888385855
0.0623793750488769 -0.197424546846833 -0.118713646669269 0.0118749435663014
-0.0123474050224554 -0.186775302135588 -0.0853290836446199 0.0183294455677314
-0.0248004007201791 -0.191136107793975 -0.0223378292487905 0.00800855429122694
-0.0278855587172848 -0.180860615995954 0.0317742313116761 -0.0353978680734212
-0.0046911151249631 -0.216456350718274 0.0986278500136027 -0.0532896214520592
0.08342588414028 -0.232858283096105 0.162941341290359 -0.0400766365855121
0.167093058305906 -0.195152363891206 0.19434932012026 0.0449644686898696
0.262175807356789 -0.0761793576601126 0.129350706102357 0.110051894114532
0.292008662110039 0.0783912463815971 0.013266494320186 0.108956021457862
0.255985512867894 0.151984426122836 -0.0314371663634632 -0.000325829808889744
0.161075659346347 0.163250498429047 -0.132953173162771 -0.0813922933678712
0.233602018513858 0.143089454538128 -0.11436790211813 -0.167302054540383
0.248814957577753 0.0329814199193468 -0.14240865153122 -0.149352053323295
0.209029167729472 -0.105122543716357 -0.141654168404299 -0.0948773620933407
0.131868027279222 -0.169151997775744 -0.110890443269643 -0.0670723107094535
0.0519000445267193 -0.184324437538021 -0.106551821397118 -0.0612469990715637
-0.0118288962521559 -0.173615119808711 -0.0907821385468048 -0.0543110652129857
-0.0135568466314978 -0.17448122244437 -0.0315592414166236 -0.060013845754977
-0.00796989721632137 -0.164606469914446 0.0222156833330408 -0.100621554414467
0.023284418923372 -0.192791558061987 0.0939063207726439 -0.110094112602163
0.102223137726105 -0.193704897911642 0.170179778407276 -0.0824968065129414
0.174228064373898 -0.148278999852418 0.199301113738113 0.0283652369759826
0.244260765610447 -0.0279598218932256 0.114426704877254 0.0987279378352133
0.250601112617663 0.112051861495165 -0.0272799725005313 0.080570226747739
0.202354936145543 0.1605885490013 -0.0948779552057018 -0.0652291968691407
0.108704932473932 0.123125703263853 -0.205502582874666 -0.138413357493137
0.174441062212153 0.111969999416618 -0.169405810916787 -0.175479190948351
0.192387138986223 0.0230844677333053 -0.144718807414823 -0.146827393310654
0.154028851018088 -0.084917204524616 -0.11355578456433 -0.102887842759622
0.0923033994117884 -0.126397699885715 -0.0860748990807197 -0.112890683751393
0.037091198041683 -0.134537285433649 -0.103708124306988 -0.121502471194347
-0.00541962896062929 -0.129908843118662 -0.0963391005209675 -0.114285767333455
-0.000343278533961836 -0.131388694718775 -0.0349275417318057 -0.117151849518082
0.0108178408707788 -0.126041900082934 0.0243484257435001 -0.154037361587341
0.0430218956796912 -0.142402743464613 0.103236609281455 -0.152169142867134
0.102454514659544 -0.128893227592523 0.184756730325521 -0.106314964580562
0.153409081030531 -0.0823705012424281 0.202283552582938 0.0214396123996416
0.191412199498585 0.0218190825855415 0.101275370998727 0.0858022013455289
0.174189181784316 0.126879301649225 -0.0474351557798756 0.0443433610522903
0.121961723028633 0.144046300188693 -0.129149643821711 -0.126075181595135
0.0303819016784569 0.0700830553747351 -0.252181255461343 -0.167005736145594
0.0799148257153444 0.0752781890954946 -0.199249025918314 -0.163501983998526
0.1004059706924 0.0223108930724874 -0.140047801360295 -0.142242671827873
0.0756587563641385 -0.0367389221234166 -0.098915620551299 -0.10901982982388
0.0455904454333949 -0.053222632014304 -0.0813895251479336 -0.140953246795821
0.0261102783150442 -0.0586093285986644 -0.109492267012665 -0.154632481832259
0.00743543369269187 -0.0647702972819053 -0.0987074444451205 -0.150858496298319
0.0135334678944503 -0.0696038032199741 -0.0338137362872151 -0.156103383269264
0.0213989608024251 -0.0685783478503152 0.0344182484755799 -0.187799833826518
0.0420360784857355 -0.0748588459646643 0.122119437906264 -0.174473312377915
0.0733396871559568 -0.0589373174794637 0.202358522581712 -0.112271416776581
0.10448816533835 -0.0277269603703125 0.204435376324978 0.0220817659448104
0.118105477015725 0.0480513173045874 0.096936055472554 0.0741983154931527
0.0833751196001617 0.108810677791117 -0.0445071408221137 0.0113139329071468
0.0322047270245018 0.0993335774508814 -0.131479901109761 -0.171951604780951
0.0338700450799401 -0.0279667700801005 0.142204454330209 0.180998470101084
-0.0118251544116614 -0.0554135168583037 0.0871624089169482 -0.00120474685293081
-0.0434780901780155 -0.0241497836261609 -0.0745896016590261 -0.0805028466282954
-0.0278117889459787 0.00800972648004034 -0.199849262635053 -0.0453857419296336
-0.0126714461864631 0.00646239793322983 -0.225826883356443 0.0905191665688541
-0.0124339542217773 -0.0013318561700989 -0.145967052576268 0.186370274519871
-0.0177504539518999 0.00114983446129669 -0.043280806261576 0.207431631410487
-0.0242390340012464 -0.0101919646325653 0.038418777356974 0.188944196164086
-0.0275573670184477 -0.00947453384126541 0.0976763148890977 0.158652389181489
-0.0304298119089363 -0.0188099145148356 0.12312758286915 0.152132248161837
-0.011669228150477 -0.0303555895117115 0.106848977693978 0.14938634136907
-0.0020427503479307 -0.0231616566217402 0.103360992217595 0.130425774695005
0.00377870728380423 -0.0302939185395154 0.11706282663669 0.140562184826342
0.0380085118064374 -0.0424543867141596 0.155938238155482 0.174351168140331
0.0573920357632452 -0.016360841547025 0.246821898329852 0.182351640586858
0.0939461153177499 0.0400687911258719 0.116523324651169 0.178785343871951
0.0672226322538093 0.0041433088641397 0.0676167699556425 -0.00479365543883807
0.0328342655965333 -0.00384578795818045 -0.0845388609807883 -0.0802078494450076
0.0411370380203345 -0.0135592050438252 -0.198687424368292 -0.0518925741951603
0.0400191994233464 -0.0427189068632897 -0.22314079612113 0.0758780283566331
0.0132738837734756 -0.0655767433096095 -0.152621876320533 0.167080830069134
-0.0185089018595132 -0.0653957631367275 -0.0576204615349463 0.190293356250907
-0.0337510215710944 -0.0807529537656003 0.0254709057403882 0.171974580932607
-0.0400988504312064 -0.0777735419143858 0.0892845153092227 0.136070832641622
-0.0340489955659749 -0.101009071571121 0.129057481178574 0.122413638477624
0.0196249220218805 -0.117802721770016 0.131055550222016 0.122544588178887
0.0646623442028089 -0.0960252302826837 0.129665178452676 0.120609420359845
0.105013824575129 -0.054084331082333 0.123568983335872 0.134723577535823
0.145373294137522 -0.00737931155438529 0.135337473395011 0.152709003101413
0.15453915788544 0.0400321627111413 0.205889635112316 0.153339679540399
0.139717991735966 0.106843027617709 0.0755963158056668 0.141500363339908
0.142441722242381 0.0699449635035916 0.0426886972523595 -0.0363923511137815
0.116808924734657 0.0221522560592458 -0.0980570875647644 -0.0971741822221004
0.115717925679536 -0.0370017995021748 -0.196983467211394 -0.0614744095773212
0.0921732524817254 -0.092756891626864 -0.207782160862572 0.0564117489724901
0.0390912772888322 -0.124949664429732 -0.147456976346623 0.130949045502978
-0.0164082568382156 -0.124904215552179 -0.0688078820108026 0.148846581129015
-0.0380566210570373 -0.138941891314775 0.00945108650947353 0.132326943070833
-0.0470989078635863 -0.132345875425403 0.0715789214762553 0.0901509463987772
-0.03670604586135 -0.164561067110728 0.124287119399268 0.0711756621647321
0.0382482765485809 -0.188686352390962 0.149465591764433 0.0733991316865069
0.108659918485808 -0.162040042863067 0.158827591048692 0.0967005349263409
0.184973739985089 -0.084189443844921 0.132241510624252 0.126616743903513
0.231969768724075 0.0163297316352125 0.102246554343247 0.136526783780827
0.226892085791229 0.0852775579029789 0.135752524220967 0.110604925049207
0.169286740703882 0.153722411107539 0.0194926634913991 0.0747790906403285
0.206951392483974 0.121631253697852 0.00610724773614307 -0.0857410972566754
0.196052699265275 0.0382032006968464 -0.112702727750129 -0.120776878733458
0.180472918613075 -0.0682553988120468 -0.188037899950212 -0.0729446797100412
0.130537517314729 -0.139498195892965 -0.179936628222554 0.0262562768332488
0.0552195210018453 -0.172081719491922 -0.132578963718096 0.0784073404485323
-0.0148566493735806 -0.166451391247801 -0.0767232321104533 0.090086122739301
-0.0358900524965968 -0.175490644302694 -0.00714702764905744 0.0738824093757965
-0.0439436367957183 -0.166247691683947 0.049752404212505 0.0303311478627211
-0.0294865057844568 -0.20190955943264 0.110931680849742 0.00809156632834462
0.0552747800531979 -0.228457554609417 0.156931677101527 0.0136629747143144
0.137825048815109 -0.19959047313696 0.179949101734414 0.0667832586909163
0.236041661432793 -0.0981808883948749 0.133824442806555 0.117291596907699
0.282963899984145 0.0397742137797336 0.0593497120387105 0.122818393673332
0.260405391185548 0.12078957587377 0.0523425453442505 0.0588820825484575
0.177678858703878 0.172312976532936 -0.0517197536819229 -0.00462300494397525
0.241627260798175 0.143552962660626 -0.0481917907519893 -0.13349415561251
0.245387606169344 0.0389595668566748 -0.126850047521679 -0.138631541852021
0.214374509404763 -0.0973314159214537 -0.16735365501942 -0.0839161192922143
0.14271808983659 -0.170092357099743 -0.143126725136666 -0.0171473405048953
0.057121599958018 -0.193791149891212 -0.116378946084364 0.0111697133195719
-0.0142840102716389 -0.181814621483719 -0.0834086298910852 0.0193931825642521
-0.0282674982555298 -0.185449514784696 -0.0211258076366061 0.00676406740458889
-0.030527367627753 -0.17574370847712 0.0304384770112104 -0.0361247861704436
-0.00791966116975654 -0.210234454580353 0.0958468142166538 -0.0556113991984638
0.0761870273359663 -0.229292713232962 0.159300097276554 -0.0421086371261059
0.15890408072491 -0.193279269633085 0.190167026911415 0.04050761877344
0.254524453212661 -0.0788268795262545 0.125156303382673 0.106821057783676
0.286696098123711 0.0717258990224428 0.0134250392406715 0.106094990242035
0.249733601918088 0.145879253446539 -0.02919824608437 0.000698908184073951
0.157122226380826 0.15835408841528 -0.130065031139007 -0.0791402950142041
0.230424924571678 0.136562210835541 -0.110876541918996 -0.164993234249168
0.243372736624957 0.0291403801262738 -0.137475045200409 -0.144909636482981
0.202193376073945 -0.105142214861155 -0.137386232162543 -0.092157515474438
0.125642036297401 -0.166966081819312 -0.107760413159097 -0.067449237812386
0.0475139762161053 -0.180916380979047 -0.105692900173602 -0.0602515843462501
-0.0136100654443853 -0.168018136779738 -0.0898095025706952 -0.0509040671548141
-0.0166850954805971 -0.16887459865564 -0.0312412760668759 -0.0597382866969584
-0.01074273402125 -0.16008463075845 0.0200785957938183 -0.0985463984609429
0.0193709462596483 -0.187312245022048 0.0903887396728622 -0.110084883126117
0.0947768868109636 -0.190319881793639 0.164720103037017 -0.0834718130949858
0.165840949733319 -0.146713477583289 0.195010579072192 0.0238308340176418
0.236588235738664 -0.0309398332726082 0.110152290420173 0.0952067643639766
0.246075985971448 0.104523658558736 -0.0265707653643301 0.0788772413171818
0.196571538727911 0.154145088302158 -0.0919362525803091 -0.0608721815718655
0.105703084302709 0.118795172339991 -0.200250025191509 -0.133701093002277
0.171876166189677 0.10726391604925 -0.164484996509068 -0.170831755972669
0.188034901295098 0.0205993846023502 -0.139860683278616 -0.141572461900739
0.148371613850813 -0.084126487969199 -0.109962849862956 -0.0998404683254834
0.0873039476799513 -0.124242874839198 -0.0846972772096145 -0.112239013640254
0.0344761432308362 -0.131547992827341 -0.104467315685028 -0.11726614133995
-0.00692117186385481 -0.125075817747461 -0.0962658089396712 -0.109057246255675
-0.00307685361003066 -0.127513816930623 -0.0364726458505411 -0.115641049125842
0.00808857694091585 -0.121920084077569 0.0213904242051616 -0.150582447007613
0.038691122554118 -0.138845577149443 0.0987294174927078 -0.150057202477954
0.0968105008589538 -0.12659319266497 0.17779974487538 -0.106824999258399
0.147724818105258 -0.0816681816251087 0.197835661994044 0.0173596955710754
0.185900016879363 0.0192945150393649 0.097624876616497 0.0826010727660993
0.170421457133616 0.121212625676132 -0.0464463055912391 0.0441019839128402
0.118615831782138 0.139124524129529 -0.12567695466355 -0.118932685198459
0.028826177147932 0.067470461593149 -0.245814103523782 -0.160697263944287
0.0786475786534174 0.0728280483554452 -0.193110760042703 -0.15895640168447
0.0984743208433133 0.0213934562350678 -0.136181751338698 -0.137384631709305
0.0729389709321976 -0.0368231813672183 -0.0952801833632432 -0.106553384598239
0.043648856555755 -0.0519803726830914 -0.0809948768507895 -0.138481311596008
0.0251245208851824 -0.0576279487158725 -0.110076496458804 -0.14886536283921
0.0064934828767821 -0.0625821993770845 -0.0997858427722175 -0.144064582146162
0.011553590512676 -0.0675678419335052 -0.03513647633711 -0.15242124274004
0.0194189745782867 -0.066541468756091 0.0306001607354039 -0.184458778597254
0.0394859435679888 -0.0731713017554156 0.11625405367981 -0.171952043628599
0.070248181264038 -0.0574075344643305 0.194862684343564 -0.111476989842959
0.100447057979499 -0.0276942123512299 0.199594555070768 0.0182574582175155
0.115383406307042 0.0453030726967713 0.0939698176592783 0.0707373755484552
0.0821124812137257 0.104669883971077 -0.0435664571656027 0.0124312439747398
0.0311355545404101 0.0973388009808302 -0.129174151759148 -0.164085286958325
0.0338042378913526 -0.027652343672989 0.140738173162127 0.17788682412177
-0.012603973240888 -0.0549321633726559 0.0866855411640413 -0.00305388304269807
-0.0424724939747111 -0.0235042378878444 -0.0725927098007676 -0.0815993373413731
-0.0278489400053835 0.00800250005860859 -0.196642749204855 -0.045700407922793
-0.012822560629156 0.00590904059472567 -0.222312025359653 0.0898371334804754
-0.0128857091062574 -0.00190517938651432 -0.142535883939597 0.182572539653184
-0.0170270338961582 0.000137306851075058 -0.040833143499967 0.202542656149487
-0.0240949374076908 -0.0105391067704713 0.0388912947235798 0.185547553354719
-0.0269749505740827 -0.0104503198526505 0.0974418923372929 0.155948583754463
-0.029230568976333 -0.018595094652908 0.122214987510078 0.148647688897436
-0.0109223793045994 -0.0304236048732698 0.106559630784263 0.148985661097178
-0.0016886012512253 -0.0235198140503502 0.100358586310167 0.129521892805115
0.0047602212774881 -0.0305096915105009 0.112850746496804 0.140701366456701
0.036932263191938 -0.0428905246792732 0.151933382954123 0.174216998723472
0.0560680373482756 -0.0161426912810002 0.243490657505825 0.179879799686177
0.0925789553349696 0.04014297343487 0.115379168144635 0.175912823938163
0.0660694834128841 0.00328203712725798 0.0676853415343662 -0.00711483178387287
0.0321637736411657 -0.00359994677632671 -0.0811386886824047 -0.0805320573841569
0.0396912211407998 -0.0132218252562956 -0.19526829715807 -0.0524564711343266
0.0385231777185611 -0.0428069827687063 -0.219748057072515 0.0747377941899793
0.0118514224905017 -0.0654024387493377 -0.149550129096759 0.164213624045508
-0.0186058038046641 -0.0654391765976094 -0.0554554215562945 0.186231935821977
-0.0341942007402762 -0.0799325973062418 0.0268116884486542 0.169752677706932
-0.0404535074593316 -0.0773971255618411 0.089024477291804 0.132631310149746
-0.0336333452655058 -0.0995382845665944 0.12858917373933 0.119554492198352
0.0185044276426531 -0.117148299175246 0.130967002974002 0.121686850095887
0.0629208209312589 -0.0958013592516269 0.126704405336385 0.119457402517395
0.104343557062581 -0.0541550254629494 0.11984369536665 0.134671491738046
0.144250196708812 -0.00860460306249736 0.131634734429585 0.151802969128006
0.150731397795364 0.0395643420870169 0.203586094810276 0.150223044494708
0.137256371844233 0.106318684270742 0.0747763821096528 0.138332991860026
0.140807796280329 0.0680512755533714 0.0434317472306543 -0.0392256054730515
0.114482048825902 0.0223630198191613 -0.0937352077794196 -0.0974185663790078
0.113090234010676 -0.0365691624196316 -0.193326703139582 -0.0628181412757044
0.0900150642225968 -0.0917721886740518 -0.204691756578508 0.0537499705892475
0.0377386236280297 -0.124098478649333 -0.145358051933279 0.128585043371699
-0.0166358056523333 -0.123000860765121 -0.0669485955442237 0.146613273858519
-0.039042415432141 -0.137022247917286 0.0102704914407403 0.129349036635034
-0.047519585862923 -0.131316048995379 0.071184140145751 0.0880675101224295
-0.0369025464887564 -0.161711149463071 0.123825085691005 0.0682215165049485
0.0359500904808091 -0.187106454774141 0.148601640710252 0.0723344989987404
0.106375076245978 -0.160921642057538 0.156348172828183 0.0951941629428536
0.182955067679121 -0.0842306376238367 0.127562480022921 0.126533794828944
0.229803977971961 0.0149442050250046 0.09953632850288 0.135492746724285
0.222431361653514 0.0843337549420691 0.135243165960837 0.108701866232638
0.166353314414103 0.153099971226616 0.0188819709962584 0.073189145954508
0.20493031238866 0.119129585133049 0.00750245125363995 -0.0877859075819826
0.1934569707748 0.0386928943430178 -0.108012578805889 -0.120044274337795
0.177043494723069 -0.0675493311256689 -0.184142708329032 -0.0739538966725297
0.127010179070253 -0.138782355630523 -0.177182605004688 0.0236098126977101
0.0529233143337067 -0.170469957802109 -0.131683853322235 0.0766544210418148
-0.0155020916240237 -0.163056815972818 -0.0759073539767163 0.0888275958228856
-0.0377751938981436 -0.172682046520716 -0.0063084561791346 0.0717941919379313
-0.0448896618619793 -0.163913369757653 0.0493873920644684 0.0292978792043196
-0.0303383738664279 -0.199487762450003 0.109607198957966 0.00578642330248663
0.0518004680345278 -0.226843322864376 0.154848570782745 0.0130694658549735
0.134381850228631 -0.197348532981215 0.177531775350834 0.0654673683908035
0.232508090435532 -0.0981782985857941 0.130053278979857 0.11746729596091
0.279743162068818 0.0378890725426633 0.0569585017117014 0.122446265420548
0.255197950730725 0.11884861344998 0.0525140819321092 0.0583807952138998
0.173775753429663 0.170631764951733 -0.0509094495919218 -0.00632683794800661
0.238702448698989 0.140593849272594 -0.0454568920397498 -0.134542576903198
0.241686217381534 0.0383962020508556 -0.121985779366524 -0.137833337874086
0.210676380852268 -0.0959308251990292 -0.162856945523706 -0.0842170826624532
0.138976268472901 -0.168681910773673 -0.140770884651159 -0.0199867463858803
0.0548257510901409 -0.192016113349117 -0.11563754694705 0.00958344284846273
-0.0150478332596818 -0.178339834292522 -0.0820245535330992 0.0198013034278671
-0.0299980968626991 -0.182548991995141 -0.0205830071895314 0.00530972030833282
-0.0311782448665977 -0.173417229126185 0.0300716343815708 -0.0365130069842199
-0.00941987754417651 -0.206957139455061 0.0947376737259328 -0.0564408368278605
0.0726425597354431 -0.226972918682929 0.15690743864898 -0.0418270866017912
0.155335932723841 -0.190958839131517 0.188178036413796 0.0389896535229757
0.250593267657506 -0.0789833676564696 0.121038567313523 0.106775387029359
0.283884377222922 0.0694253474318531 0.0111101719449922 0.104879701464225
0.243856344112592 0.143002091633564 -0.0270322795656345 0.00149144604132934
0.152570853904556 0.156641484782131 -0.128187491113229 -0.080165401605657
0.227822766487692 0.133398976471523 -0.106516608283724 -0.16484004386083
0.239389659412896 0.0299527008157785 -0.131862380418023 -0.143658262771399
0.198655809977817 -0.104388218323296 -0.133345533658753 -0.0923578818127828
0.122814563704585 -0.165210655897161 -0.104888039464763 -0.0697496313069311
0.0462453933415358 -0.179139251096064 -0.105574362474974 -0.0598980298529953
-0.0131194917320192 -0.16445803835443 -0.08927798378435 -0.0487063170247343
-0.0188606091899001 -0.166071179780863 -0.0308865450997832 -0.0602399158647589
-0.0116398987088868 -0.158153119598965 0.0198421028950261 -0.0983879416577051
0.0178030903963314 -0.184745948410461 0.0884991322803152 -0.109863656119938
0.0912798712247324 -0.187766093943864 0.1618062108548 -0.0829139538932599
0.161655228331364 -0.144880920536072 0.192440251420074 0.0224859883803372
0.232784613507539 -0.0318378664055785 0.106718432114253 0.0949452037428104
0.242415749930723 0.10309175970923 -0.0267741615016671 0.0781484268238136
0.192178738083074 0.151909995683843 -0.0891493955526036 -0.0586223049956604
0.102163861411187 0.118014915059453 -0.19651638680438 -0.133105908724075
0.170197848739819 0.105104107503697 -0.15945057214798 -0.171139125506626
0.185148945304206 0.0204931512990792 -0.135389268779975 -0.140598748209827
0.14609909872088 -0.0837253940405675 -0.105840462012872 -0.0998828951308025
0.0854033252962305 -0.122988650604666 -0.0828266728435726 -0.113279156972922
0.033715842259467 -0.130295387888315 -0.105008610040326 -0.116605851596269
-0.00643623409191686 -0.123060291310642 -0.0956587855674403 -0.105985336421652
-0.00472689541593421 -0.124837465712646 -0.0358458438714755 -0.115180347002264
0.00728851718707224 -0.120702177346634 0.0206997737236857 -0.149351116269677
0.0373084474949774 -0.136475115180633 0.0963479599733511 -0.148701863492164
0.0936345401446877 -0.123945577195937 0.174989139355214 -0.104871027839484
0.143583556796667 -0.0801746737075539 0.195351130323767 0.0155025668856761
0.183005450909981 0.0180599229637561 0.094491205755172 0.0820768177670563
0.168116800227756 0.119075142797304 -0.0459894482282348 0.0437109667132951
0.115718346420867 0.137791133704614 -0.122404741920562 -0.116109695493959
0.0266304371228755 0.0671779606190875 -0.241414184127256 -0.159587374945822
0.0774536246668987 0.0709718690375108 -0.188159468464845 -0.158028261071613
0.097251261216834 0.0208093150911527 -0.13282412420669 -0.136080405114162
0.0719793580766575 -0.0364458001730827 -0.0913821458248 -0.106540515099072
0.0424861556758024 -0.0515774148616201 -0.0800684582740883 -0.139018847466379
0.0254513549286134 -0.0567396197345465 -0.111026268115099 -0.146642050596616
0.00682918677420041 -0.0611257458010106 -0.0985897825782205 -0.140606802515758
0.0100383936911172 -0.0663090297808108 -0.0348954278558769 -0.151260528758729
0.0188379424316775 -0.0652139456849408 0.0299534682254473 -0.181882942455956
0.0378094416981021 -0.071829816824548 0.113299131746873 -0.168785629409967
0.0686084202263267 -0.056067519639787 0.191067852324524 -0.110037300300943
0.0984282395855187 -0.0264259346802723 0.197041918137378 0.0176262709981851
0.112896081705916 0.0440191013370708 0.0909178470920447 0.0703342748539658
0.0800856335632366 0.103493037513472 -0.0432190333811571 0.0128093185945919
0.0299768606148882 0.0958291215420898 -0.126540205080097 -0.159716143896827
0.03492172761564 -0.0274072719087275 0.140634012986238 0.178598671911403
-0.0138751127310302 -0.0551784155451567 0.0883440576613945 -0.005320535066931
-0.0432082489357986 -0.0233284674547769 -0.0722822695023264 -0.0841498870054937
-0.028142918937576 0.00794766972480015 -0.197322041128596 -0.0476554030174432
-0.0132241885654248 0.00589815054607595 -0.224353244875836 0.0896521666839301
-0.0141137777447961 -0.00277278268792993 -0.142601419755097 0.183581518495363
-0.018211398310009 -0.00129951237356612 -0.0399897398652978 0.202020694683992
-0.0250911426632445 -0.0114300084456645 0.0400386361765706 0.187020926117307
-0.0280790815192031 -0.01093465182005 0.0990367053645187 0.155877691748294
-0.0293478485856665 -0.0189694514750783 0.124421496799276 0.149482152930683
-0.0107059709127851 -0.030577696366705 0.108218653051243 0.151588041710302
-0.00192449296442562 -0.0235669377895363 0.0991412254652746 0.132214211808165
0.00541653819657382 -0.0310545811246511 0.111103592014218 0.143974652128239
0.0371720970568794 -0.0436957496609014 0.151356153446912 0.17767839229119
0.055497811125796 -0.015471369651594 0.24416736507734 0.179720132190997
0.0928834680575836 0.0408063008197675 0.11529800509214 0.175861614697183
0.0660282277079644 0.00277685449735302 0.0698087498193715 -0.00951562765627766
0.0314748173054085 -0.00261047483472218 -0.0802355944286487 -0.0830578699780782
0.0391706092567735 -0.0131235688038464 -0.196212603822063 -0.0547758073375363
0.0384810456014104 -0.0435385863490309 -0.220503759624151 0.0738894387809203
0.010538841202105 -0.0663846776884459 -0.150375496469737 0.163958210765118
-0.018883723840844 -0.0667788463418578 -0.0549711321437733 0.185846446468794
-0.0356094559128767 -0.0803814831646959 0.0274844992336947 0.170060944917814
-0.0410223154786804 -0.0784717827096313 0.0900923031508046 0.13301921273307
-0.0338397291456467 -0.0998724367391442 0.130691977695771 0.119362233741329
0.0179861755235219 -0.119000067417623 0.132541074539648 0.123330251802311
0.0633735296948379 -0.0966017204777834 0.126128337247556 0.121137830599292
0.106196599676054 -0.0551104892379376 0.117447975906615 0.137856985465965
0.145457411277109 -0.00954743138614166 0.130859771082044 0.155469256533176
0.150239934237111 0.040087085384451 0.205385499308863 0.150820380872911
0.136891060075767 0.107586710475999 0.0745016953928608 0.138282703839668
0.142030701233853 0.0678493639246902 0.0456958602922864 -0.0421000273589769
0.114500991190853 0.0231171807865816 -0.0919543202318061 -0.0988884152235449
0.112523094595288 -0.0366740129897775 -0.194913011455174 -0.0653883727523605
0.089725518087867 -0.093382840064229 -0.205922843537466 0.0528527332673926
0.0360938028401775 -0.125616704692448 -0.146405713476973 0.127959500011362
-0.0172078740845721 -0.124373495801895 -0.0672172212176485 0.147000852532846
-0.0409151169359117 -0.137854279417413 0.0103130846326957 0.129358446968885
-0.049018203291336 -0.132405867375034 0.0725396454715309 0.087623033355304
-0.0372243722456366 -0.162994690047772 0.125224256401497 0.0671656125014984
0.0345814109033605 -0.189322878388915 0.150147884626729 0.0727450219879417
0.106500369331274 -0.162348919229013 0.156367572816443 0.0965752064618873
0.184829225749582 -0.0854332517368733 0.126562912491641 0.129811345745621
0.232562998984747 0.0137459316325409 0.0981715762183322 0.137758333242751
0.222012560070861 0.0852874310009851 0.13664837175956 0.10928036513244
0.165599065914596 0.155558986490279 0.018861919693598 0.07232687422756
0.206409873776001 0.118629906871713 0.00951520625041827 -0.0910447500238382
0.194760830438466 0.0394520392627074 -0.105314781842177 -0.122333282661523
0.177513164581634 -0.068167811438609 -0.184818455675408 -0.0765739515821453
0.127170148260847 -0.140346174748771 -0.177692128312738 0.0209282107544734
0.0519373276355902 -0.172540034734432 -0.133078796668913 0.0753876780159868
-0.0154979660823976 -0.164597551898915 -0.0762834235510667 0.0894375213647238
-0.0392886103797428 -0.173080280212811 -0.00680594249560933 0.0712594877499616
-0.0458635967864503 -0.165416552909595 0.0496841912081331 0.0280788958380501
-0.0310993609857892 -0.200618985668099 0.110806286313939 0.00422330076462554
0.0502242153994249 -0.229460053811189 0.157374734410751 0.012653949950993
0.134344500987882 -0.1993376743367 0.178598292939235 0.0654605417455653
0.234565505048995 -0.0994514897595511 0.128145427943332 0.120103579531993
0.28291770882454 0.0372947700494438 0.0554695401806576 0.123087485585789
0.254451432006196 0.119990818727502 0.0543233013209204 0.0594828488750029
0.172193152808362 0.173895796171618 -0.0512194916453856 -0.00765098587075273
0.241029618161894 0.141245833860503 -0.0436424046166661 -0.138339130716607
0.243610315711627 0.0398319440792401 -0.118843915915422 -0.140219492327331
0.211897255628473 -0.0964822348492001 -0.162242890558415 -0.0870035720274473
0.138810521618348 -0.170800759392594 -0.14045114693593 -0.022520697434364
0.0548976966245619 -0.193832239369227 -0.117491941389072 0.00832223949284718
-0.0147031531169348 -0.180360473622398 -0.0831886361012795 0.0209369302755061
-0.0320433058261875 -0.182782763542017 -0.0210604723768727 0.00439826811066109
-0.0323536074291783 -0.174612811990444 0.0302996202819177 -0.0370914829087026
-0.0100463368459274 -0.208870866997954 0.0955736425285147 -0.0581995343156478
0.0710194462991147 -0.228463843759395 0.159173682890306 -0.0427409003290589
0.154122239474207 -0.192840903084174 0.189176116565069 0.038969257459926
0.251943622690323 -0.0801553207831146 0.119644817522781 0.109715422979333
0.286988237428875 0.0695817537219133 0.0102146061129657 0.105785729193299
0.242788086964526 0.144929954169795 -0.0260068840409653 0.00253918188188011
0.152038690064777 0.159442963440555 -0.128130359044505 -0.0820492615271099
0.229418927158532 0.134396539503592 -0.105728058706518 -0.168737773425999
0.241241808106287 0.0304779467849344 -0.128894010553928 -0.145846262306642
0.19962559221828 -0.104691274274237 -0.132291084174094 -0.0954792916237563
0.122127041116308 -0.167076520400094 -0.105547962479498 -0.0728611574006016
0.0459777208986874 -0.180714411509016 -0.108086912284947 -0.0612145854026831
-0.0133034995940669 -0.165240910120271 -0.0904410583925821 -0.0473718963039164
-0.0202580526330056 -0.166101945003486 -0.0320268135561423 -0.0613619256499235
-0.0127528998721072 -0.158167168477945 0.0195738195449166 -0.0993910284830366
0.0170041864543272 -0.185637484474372 0.0891507589940053 -0.111870992847935
0.0909528616860954 -0.189067941804318 0.163667607432892 -0.0842737442780744
0.161383641881308 -0.14554470046719 0.19383527249994 0.0213740206709317
0.233262169468807 -0.0320573823839541 0.106074176639373 0.0973925166618533
0.244454899384433 0.102641791243655 -0.0283022259237158 0.0786029042881821
0.191421325863527 0.15277904500148 -0.0883598700686222 -0.0578045177022463
0.100566306763351 0.11960926538036 -0.196622617309767 -0.135650913700673
0.171227600578387 0.105309923838305 -0.159606014110624 -0.175250632945357
0.186630767824396 0.0208478994147081 -0.13331559653335 -0.142307552237839
0.146667916644247 -0.0845216678301711 -0.10370342622752 -0.102246370657445
0.0849514176685826 -0.123978585566516 -0.0832446964815378 -0.116958529681221
0.0336316209301736 -0.131265415101413 -0.107198465670501 -0.117685380183899
-0.00631163497202799 -0.123497462942727 -0.0968851915842222 -0.105161422948469
-0.00543982184729473 -0.125124295511566 -0.0369041118665637 -0.116945212655035
0.00650952581872473 -0.120473600387502 0.0205839381705329 -0.150306310138637
0.0360870127069478 -0.136664561613911 0.0965984677669303 -0.150288580406722
0.0929525091408407 -0.124524502353944 0.175826655427366 -0.105770150175094
0.143710587331111 -0.080666371492926 0.196205170573639 0.0151793859984256
0.182926161263768 0.0181293355783949 0.0932450532827875 0.083366658565214
0.16882205882993 0.119452874288031 -0.0470910326165315 0.0441969430238003
0.113929651653621 0.139034708534679 -0.122459681421239 -0.114956660516049
0.0251516947263639 0.0679273552198605 -0.241614441237055 -0.162021341129972
0.0780377701093141 0.0718643206338608 -0.187410966111256 -0.161181733526785
0.0981073160425206 0.020652277889621 -0.130850391595135 -0.138013457908622
0.0721813432669428 -0.0368448505544954 -0.0894145355589219 -0.108916791759205
0.0417799242010276 -0.0517687804481358 -0.0804805702780489 -0.142248415508802
0.0254068054193815 -0.0573905885252328 -0.113248310193871 -0.146740788157493
0.00697403350361409 -0.0608963717948054 -0.100463705819046 -0.139797540317203
0.00925511288416632 -0.0656783538739431 -0.036208162040755 -0.153459958812184
0.0181983619257923 -0.0653442314288666 0.0293308922259577 -0.183468858442558
0.0375056777224047 -0.0717549514294598 0.113461650520769 -0.169519323587659
0.0685546835075535 -0.0554818554456886 0.191307389244529 -0.110516873396458
0.0981663807580894 -0.0262629114870498 0.198048758042653 0.016901989968526
0.112419185759895 0.0443946037590369 0.0906020585538254 0.0715316456757318
0.0800442222977052 0.104193435100533 -0.0436203740270971 0.0129488218112555
0.028963786917395 0.097143311631766 -0.12586801298227 -0.158084442000936
0.014967829899744 -0.0427791441349371 0.222131520017443 0.0540004436495423
-0.0428428388193877 -0.0365238465560988 0.0653250082920046 -0.0627665285108435
-0.0492995742259497 0.00688245735111981 -0.112781421084119 -0.0246648507035512
-0.018334255205681 0.0238764786475632 -0.192527030614343 0.084210598018497
-0.00663686439061225 0.0131510489723401 -0.125476066975845 0.2111466092317
-0.0127883841030922 0.00651680759088948 -0.00166168960857562 0.236581097545992
-0.0147874174971004 0.00877905082061368 0.0934090712846168 0.188575304970274
-0.0279907189881699 0.00643590440746984 0.148763537458415 0.125328183314589
-0.0288325057687573 0.00829073614980062 0.177925900974107 0.0634239621432655
-0.0347575543472267 0.00218643549319855 0.196314739362619 0.0437014077764104
-0.0270122182742306 -0.0196028967706614 0.183683818748871 0.0547601031628979
-0.0151342575752688 -0.0196842548818961 0.163664067525091 0.0467836362738815
-0.0126821538644428 -0.0306143304652658 0.180797339933578 0.0496315311686705
0.00531096754339663 -0.060523126510585 0.239805794152728 0.0489672352503743
0.0398728177865156 -0.0462321326825882 0.317240412168071 -0.00938930362117969
0.102326496818297 -0.0187604510141283 0.203319203274346 0.0634120981293922
0.0544726674398476 -0.0364527467280871 0.0510961626313103 -0.0552250354108223
0.0232352253018671 -0.0203808372057947 -0.115238053899491 -0.0225114308035002
0.0229115706996488 -0.032013910645907 -0.195635543902194 0.0734610222852191
0.00525048083852572 -0.0565782699843118 -0.133399197738231 0.193541782165396
-0.031869225706329 -0.0595323945669746 -0.0202805166000561 0.223170569891063
-0.0556848483441819 -0.0425415575187149 0.0708185058613784 0.184587834496231
-0.0795932909870036 -0.0427609844063379 0.12828630326429 0.119537862882318
-0.0826677188403402 -0.0392209142350004 0.157118725119574 0.0493888590716869
-0.089934274874697 -0.0610851304135158 0.182645362550341 0.0146147220368156
-0.0597609694938384 -0.110209152226898 0.184257948922888 0.017331470053509
-0.006003144694712 -0.12136040159112 0.178467447360425 0.0216433867627857
0.0567546899436981 -0.115994862516301 0.18146701808309 0.0412388651229418
0.117650946186847 -0.102961222197882 0.208017738953106 0.0475341491244567
0.154888648238441 -0.0619512804419298 0.26139678466575 -0.0038574373406414
0.177115827944999 0.0123342287549142 0.150677965100014 0.0544264683604365
0.152937210816778 -0.0282868993963392 0.0165076349552748 -0.0678436083916968
0.106419409566037 -0.0480562047065581 -0.130935099560544 -0.0319891061142329
0.0686618771374722 -0.0933648655833103 -0.19968773946567 0.0604938405413339
0.0163379958237045 -0.127591536157057 -0.135487386564127 0.165735627458213
-0.0473170475393416 -0.12284026202712 -0.0397617676207707 0.189092863172841
-0.0895078851244605 -0.0900232631835224 0.035514821928321 0.160548166117758
-0.119106940704093 -0.0857462775966696 0.0890789136096439 0.0980975712724871
-0.123184792111171 -0.0780542568571072 0.114307168804408 0.024411039832515
-0.133797577601893 -0.111090155961531 0.144974971618791 -0.0244507079495886
-0.0917158606156918 -0.179737989854709 0.166362798974665 -0.0346174526284413
-0.0120899944609266 -0.203465768501208 0.187113805929725 -0.0176028995533264
0.103403256896332 -0.193511980328504 0.182674008654777 0.0296462119886243
0.205045943836644 -0.13990316270807 0.169153517319144 0.0570239010876799
0.242658204412207 -0.0705671745253882 0.175403656761549 0.00777920528996444
0.227493873204165 0.0365368637911006 0.0675924888980673 0.0324260181060616
0.233808807387599 -0.0248635758503944 -0.0398002289967482 -0.0857244302911036
0.180472360066466 -0.0822867282657261 -0.153193517971927 -0.0453870701988391
0.102131207931386 -0.155646983909917 -0.198256003525413 0.0409256713881721
0.018412976764801 -0.18786564545252 -0.13367341557758 0.120545464556127
-0.0633895589582404 -0.170464420503154 -0.0625231107430209 0.13743912341041
-0.112825125907695 -0.122638418149315 -0.0075020376246399 0.119513147622021
-0.140541070239773 -0.115192695629403 0.0390047822035153 0.0621723532728835
-0.141787043340607 -0.107191955542476 0.0592753616938373 -0.0100216790674922
-0.152745938992274 -0.145737853795997 0.0937480037323585 -0.0669277127730478
-0.104742930900879 -0.22228948205623 0.133181915713166 -0.0867198532409848
-0.0129667657668096 -0.251580717917164 0.185312916932047 -0.0562331117047336
0.136300631697963 -0.236814094650777 0.177441545258945 0.0203947924702327
0.261893724109904 -0.152842283629581 0.123946498445444 0.074273756659567
0.291879761068567 -0.0633423864721516 0.0728852186199293 0.0211589378882303
0.243143698271506 0.0480634541767874 -0.0373962747086624 0.0105231563352145
0.273901041000911 -0.027171987427255 -0.110678923910971 -0.0915972281791707
0.220388542663608 -0.1109191911067 -0.173676291292762 -0.0545534608868188
0.113212717737925 -0.198225832022107 -0.186083830790954 0.0165288970562952
0.0101199600658145 -0.219724865519103 -0.130817252886585 0.0617198939399645
-0.0742010304501249 -0.189601919053048 -0.0923230099577588 0.0733361638465199
-0.121303668136344 -0.134530426593828 -0.0565674794569516 0.0682591741104637
-0.140329189990921 -0.127620487299121 -0.0143724809620862 0.0168557019342247
-0.136113012517676 -0.123060495373127 0.00176298597678897 -0.0500422023433158
-0.140817106828883 -0.16532095938249 0.0414072972832832 -0.107820762275539
-0.0876652146231352 -0.235116323965901 0.0988734458077921 -0.132732399906749
0.00794130687660053 -0.25856893283259 0.176715874710903 -0.0858782872490706
0.163094978889862 -0.232068482926659 0.163908796971319 0.0167211720188022
0.284254457396823 -0.127768814017044 0.0748300269522884 0.0895598811727869
0.296450239068231 -0.0351692348637243 -0.0302961635324667 0.0256159948472283
0.216827265412121 0.0488077604763689 -0.146152999829084 -0.000466968212525243
0.260833329887729 -0.0253447256792354 -0.17993472800154 -0.0771395098144346
0.21300940132571 -0.11764403946494 -0.186144130217214 -0.0526645020258003
0.0983755128126702 -0.198872373223027 -0.166091539181879 -0.00892770900614154
-0.00155689943349583 -0.206317099146887 -0.133250448044345 -0.000208663348748253
-0.0731174612236295 -0.172919190624182 -0.127525118227533 0.0124921250304313
-0.110992937684159 -0.123693245246929 -0.105066852448648 0.0169732642888314
-0.119910165075876 -0.122077268494707 -0.0642434830700509 -0.0301886747261467
-0.109929348145628 -0.122585457432134 -0.0457902701450829 -0.0939219399841058
-0.104157906460739 -0.162853742095616 0.00301858470992563 -0.146980217478772
-0.0461415366091178 -0.214720849957375 0.0768011633695562 -0.169806976334341
0.0435814466583526 -0.222551056604142 0.170014099774025 -0.103232353727152
0.177925945351575 -0.178973769503088 0.144336991171823 0.0155757451378804
0.270093012894547 -0.0725147532006868 0.0252266703664263 0.0910873826485636
0.257808581898771 0.0048438932961923 -0.119129022474625 0.0142243575724798
0.150767094744146 0.0442025092548287 -0.236608738723497 0.00180294497853575
0.196996099974623 -0.0140919419058311 -0.228911042546179 -0.0478948448352456
0.162571126509935 -0.0932543728052479 -0.188730493871562 -0.0450350863520217
0.0679900799722817 -0.15197608827018 -0.147666435336728 -0.0295733715797258
-0.00610524795136783 -0.149504583437884 -0.142538828728065 -0.0477559191374585
-0.0528924680950914 -0.125804634862133 -0.161405111776842 -0.0313823302462339
-0.0800973398729909 -0.0939026320734717 -0.146201820843571 -0.0242817950507539
-0.0828444616771994 -0.0970935996458978 -0.10334514300208 -0.0720481701181118
-0.0704498977874047 -0.103505140893393 -0.0773708284666158 -0.135024203538251
-0.0575386999543243 -0.135108089362706 -0.0146345165129914 -0.18242151866983
-0.00211547085441013 -0.162751470123314 0.0734032607706752 -0.195201962613615
0.0691577940378835 -0.157379489512704 0.167774585380757 -0.110348697547333
0.168093852599776 -0.102750522210772 0.125775504468025 0.0102721020324646
0.216648664298692 -0.00847792619191687 -0.0125646975233241 0.072611264396414
0.184301207344143 0.0419939665570787 -0.181482226715679 -0.0132407519947108
0.0579605411466639 0.043922713099356 -0.291027728559459 0.014777749780072
0.102543524510218 0.0133939000144444 -0.246692419952674 -0.0173561963773199
0.0903509582352473 -0.0413857553882681 -0.187309308506984 -0.0383709673592151
0.0353888583687758 -0.0709027411296031 -0.139303444544628 -0.0400455405853804
0.00220694982247429 -0.065832836662268 -0.154030247978635 -0.0677793498832482
-0.014102452855277 -0.0611639672497524 -0.18382724475596 -0.0489086456376661
-0.0315612091405088 -0.0522706807513745 -0.170463481588066 -0.0502165609678603
-0.0336299144879692 -0.0591102934948551 -0.125459554087238 -0.101552260629531
-0.0258082286657676 -0.0654166828542129 -0.0906829302650905 -0.167025294208223
-0.0154529560676851 -0.0826404813460495 -0.012663283017579 -0.208272717064579
0.0223101784694724 -0.0907881723350696 0.0837175442804132 -0.208236691144648
0.0662297645302958 -0.0843740475938449 0.170259668522236 -0.110385728563104
0.12583142473693 -0.0342376848584463 0.116477772894544 0.00151772947116863
0.132587291684732 0.0362672807023646 -0.029612636758983 0.0428988476280939
0.0859596263635627 0.061737780009329 -0.208912505401301 -0.0483591233263791
0.0138580336661748 -0.0456962313532949 0.230865128044654 0.0455592534862324
-0.0462397004942385 -0.0351065547894497 0.0636673358455246 -0.0695994863448957
-0.0500386613509337 0.00946885070029282 -0.117243557887956 -0.0223802635970484
-0.0179121718843412 0.0250992070356032 -0.195683924719865 0.0942089718309995
-0.00628124661603514 0.0138579564859817 -0.120394305874766 0.223183120152064
-0.013673597978436 0.00773087793056678 0.00836137841044223 0.242228620967454
-0.0162053116311259 0.00891456253625292 0.103830044526854 0.188536744064102
-0.0290071766070065 0.00764793683817904 0.158758073027821 0.121659435200259
-0.0297663624656201 0.00940685221330734 0.186429366192217 0.0562205927715161
-0.0361261405645111 0.00317403581818903 0.205499152050357 0.035798818905312
-0.0286167259301587 -0.0189881080873363 0.193083310219768 0.048752340299138
-0.0160313387189879 -0.0199536010689765 0.170395666984738 0.0446443312435055
-0.0141403876845911 -0.0319448131575626 0.188735478661324 0.0473323712229559
0.00133293544667367 -0.0629794459758334 0.250493573674921 0.0426848705711313
0.0391942886241539 -0.0482901329812215 0.325009746561996 -0.0231820261908721
0.105599801941217 -0.0228715231137696 0.212757707759805 0.0561666222979853
0.0539172120441044 -0.0398395124304214 0.0488956903831244 -0.0621855185780271
0.0234817514627015 -0.0210821050118545 -0.119584942701357 -0.0208007857500844
0.0219218959315211 -0.0329499118868352 -0.199315158061729 0.0836873308920499
0.00169623890488165 -0.0586593928752403 -0.130208866112637 0.205533243244181
-0.0364713236738514 -0.0597092989747811 -0.0117753600622042 0.229251206225828
-0.0606061094446317 -0.0414179932126114 0.0802493359724422 0.186257943378448
-0.0850636360764042 -0.0406302570910798 0.13740683634163 0.117170218176218
-0.087695621172301 -0.0362125833041827 0.163538537596584 0.0430721880705372
-0.0963358638180572 -0.0596507588963983 0.188466354318655 0.00642764120231519
-0.0676114350279519 -0.111078797627994 0.192454372241272 0.00963950525297425
-0.0120431124014555 -0.125329251803138 0.184057062731019 0.0162426878465803
0.0536005087397344 -0.122633333953441 0.188962257830283 0.0387064101857922
0.116180655240032 -0.112210137142626 0.216700105172311 0.0423272859361985
0.157254495628964 -0.0682482008989426 0.268305543961508 -0.0164927288114566
0.184213767108114 0.00702587144205115 0.157015518765799 0.0490796090918933
0.156039893530377 -0.0362802387202694 0.012484825708279 -0.0732760673673121
0.108742875778738 -0.0536190392484685 -0.13592568838872 -0.0311932897763844
0.0661710315310728 -0.0982084836487235 -0.204116235251623 0.0697160526412241
0.0103498257364029 -0.131779780097092 -0.133483627933583 0.175927713214317
-0.0559267778441644 -0.124397913478505 -0.0341146431320063 0.196285663997856
-0.0965649796060592 -0.0887428703304244 0.0436861209448566 0.163278292435341
-0.127585810013534 -0.0822433759536324 0.0954409522765886 0.0964578199994447
-0.130563414751031 -0.0746811503261478 0.11829802256975 0.0192569110521068
-0.143065510520307 -0.109006476459914 0.14807335292484 -0.0329125990216209
-0.104095921547585 -0.181441069927484 0.171679429942149 -0.0428645735440466
-0.0221157729562842 -0.209475669718373 0.191525618295127 -0.024921345817176
0.0978003129361226 -0.204444534737479 0.18982718578026 0.0267688838420471
0.205002138407122 -0.154804725042106 0.17653336213634 0.053645000974145
0.246995473478502 -0.0812391539128484 0.181198079257583 -2.24215184523953E-05
0.237463583648263 0.0304381835846329 0.0700689961770185 0.02949435321836
0.239690207841209 -0.0365357300442839 -0.0455953576604552 -0.0890777632796354
0.183756211907786 -0.0914994161107676 -0.158124269140857 -0.0446095788000333
0.098741587196628 -0.164761962949774 -0.203574129453332 0.0496322405923203
0.00975531960604756 -0.194531474756681 -0.132756684576772 0.128614169847715
-0.0742524401605071 -0.17237769494455 -0.0593551274567838 0.143871059198929
-0.121944204448722 -0.121567703085127 -0.00216514355870426 0.123555216325408
-0.150804887027132 -0.111612127550141 0.0423660493126879 0.0612625881466351
-0.151161705984194 -0.103366039108047 0.0596538319913885 -0.0135286380170561
-0.164601693863018 -0.14299306537562 0.092210026975546 -0.0737483112279866
-0.120291020660318 -0.224352399032849 0.134288215561108 -0.0959181175296891
-0.0251752075075099 -0.258654181748492 0.187223060895488 -0.0661976048348613
0.129671305493346 -0.251240420482471 0.184515990155792 0.0169070004913688
0.263612122273712 -0.170746114737389 0.130301686045031 0.072988249371703
0.296925041501108 -0.0752002285291605 0.0767211496613956 0.0177475249103096
0.253640860094221 0.0418520603699118 -0.0395110845817562 0.0111816499781056
0.281641905681236 -0.0408416054177685 -0.119454926186834 -0.0916665341770559
0.223484705166163 -0.123472509476676 -0.17947552659083 -0.0525627585765
0.1077024093817 -0.210025890418199 -0.191995159736761 0.022627172895362
-0.000622190897465503 -0.226296329516292 -0.133597926972551 0.0671431040401988
-0.0864202163540271 -0.191563249262446 -0.0933077451582754 0.0800742540443205
-0.13149260112781 -0.133792395518398 -0.054223189566191 0.0735801041179355
-0.15079722239734 -0.124994794533852 -0.0151608951807221 0.0174829776506901
-0.146088104243804 -0.120279385618915 -0.000817398295267599 -0.0524460800526814
-0.154090505222459 -0.163762167237947 0.0359674385476105 -0.113021233551503
-0.102532309129698 -0.237574930714457 0.0970772910920782 -0.141978088994861
-0.00382518665281736 -0.265888049710782 0.177975658809313 -0.0962844459026583
0.157342722338143 -0.246799625969515 0.169187528424175 0.013287968574984
0.287837598935301 -0.145455284589977 0.0799926691432098 0.0908268741734984
0.30339279681068 -0.046951734176604 -0.028662792169344 0.0272849905913921
0.225836626796022 0.0432856223420769 -0.151849019694565 0.0039819443837143
0.267030780073739 -0.0384577527671412 -0.189885899030884 -0.0737393389566614
0.214952337959402 -0.129865929151498 -0.19165235303516 -0.0502061465851396
0.0921767402099062 -0.208940225934924 -0.171543561841662 -0.00469659409881646
-0.0120080760948842 -0.212798390015663 -0.139070309909706 0.0038392583953714
-0.0841482100166345 -0.175400035328871 -0.132298938136232 0.018830473516751
-0.119859195321088 -0.12278946551091 -0.106033598348356 0.0229367723481161
-0.129703671718706 -0.119189289891342 -0.0686563027630879 -0.0288523830079421
-0.119184264897534 -0.121181860418566 -0.0525032841906683 -0.0953051957424051
-0.11574875425957 -0.162946920798861 -0.00477347706744463 -0.152230091504561
-0.0577604223179832 -0.217951997510241 0.0729360885985128 -0.178755475410365
0.0349351642306668 -0.230013079723018 0.169959661266464 -0.114518545820809
0.175155904949473 -0.192157976032038 0.148838441276741 0.0118298460028285
0.274894836670259 -0.0877308968382635 0.0288524980798559 0.0940812728903898
0.265060009868907 -0.00378298875387345 -0.120281848189301 0.0197222480409412
0.157748140746326 0.0414375785792702 -0.244442321225359 0.0104770897399291
0.201731636312557 -0.0236077164445694 -0.239321821595196 -0.0413329253990638
0.163665484156119 -0.103480585400866 -0.195194167754466 -0.0417018254695375
0.062234522198232 -0.159119116050324 -0.153545753800192 -0.0277700859245511
-0.0140966263403144 -0.153782980549516 -0.14986687426872 -0.0456909663159841
-0.0608983674783075 -0.127458772201033 -0.169120823716165 -0.0242596029987332
-0.0868606061182057 -0.0932414627750716 -0.150730461406954 -0.0178915556455423
-0.0896865406672521 -0.0955210925518852 -0.11033448562165 -0.0698892511277477
-0.0769186013274284 -0.102462362819289 -0.0874335549646053 -0.136223952386146
-0.06566735748134 -0.1356366768629 -0.0234781964797604 -0.187359222757214
-0.00986725669423706 -0.166385323547064 0.0681447827933244 -0.204332355888961
0.0646568046000044 -0.162979722188237 0.167866164556658 -0.121002395446062
0.167510668785933 -0.112587959151647 0.129492387393324 0.00742353869699408
0.222611437615511 -0.0190867644773503 -0.0106435938452543 0.0771887546903864
0.190148245489117 0.0373468877215227 -0.184628485499527 -0.00624228198561517
0.0612315273831704 0.0445616962694476 -0.300095055271101 0.0241897697730161
0.105861476460149 0.00873180393921389 -0.255519810944875 -0.0088978872051069
0.0908980106578348 -0.0472340938615474 -0.192784629126047 -0.0338720942984712
0.0325324902466498 -0.0750853292785878 -0.14418029044334 -0.0388003967272316
-0.00109964103782875 -0.0674548760243005 -0.163654315547693 -0.0650481982557741
-0.0176660629910086 -0.0625651613864275 -0.191968377219102 -0.0410836308599248
-0.034229617203796 -0.0526790223801562 -0.177021709942779 -0.0429214360504076
-0.0370198027013625 -0.0580422505247544 -0.134262471104048 -0.0994549197758647
-0.0299136284336618 -0.0660376289981581 -0.101860785515772 -0.167593409975212
-0.0193602461504013 -0.0837893866699939 -0.0224909979231828 -0.213930567767133
0.0193177781406682 -0.0940087570403126 0.0788074661126079 -0.217392108799977
0.0643379878139861 -0.0883304274625194 0.170896499033989 -0.121387221230745
0.127875731800039 -0.0409968362866371 0.119289193596898 -0.00161990659308557
0.13849064084802 0.0318550997846919 -0.0288457279047159 0.0468488299390404
0.0903485958006955 0.0601839606021803 -0.215432225656921 -0.040585023622544
0.0114595717545318 -0.0472812596043828 0.237489931996742 0.0297369955536171
-0.0493668653173577 -0.0327189444108904 0.0582407951723048 -0.0771557366252007
-0.0492166603968724 0.0128423151837844 -0.120699854887637 -0.0162749293135038
-0.0160105014424536 0.0268515927470276 -0.191679387491876 0.107618295892583
-0.00562275777676817 0.0146223759224587 -0.107144525429575 0.233395405926283
-0.0134406169899074 0.00963524428919768 0.0244696132953747 0.244057708205812
-0.0164906334900186 0.0107048369162581 0.115825002656796 0.182263454475217
-0.0296608815006889 0.0098086640913495 0.169339302260762 0.111947362812472
-0.030335009152712 0.0114426411359237 0.192652081548941 0.0434715391823624
-0.0357489865523712 0.00513869990784085 0.210629091560039 0.0212475106460149
-0.031081411362498 -0.0177795701522092 0.200436438978709 0.0370386449013606
-0.0178228707826486 -0.0189765508168458 0.174956480949816 0.0360922889276382
-0.0162887335137277 -0.0320689954124197 0.195372522284282 0.039510173917513
-0.00382394007103055 -0.0633360720659431 0.25758974220417 0.0280546203225601
0.0372747891028186 -0.0505178394709949 0.324716199010689 -0.0456127145519502
0.10562310666338 -0.0292817667948212 0.218013067301037 0.0422243604872841
0.0513183945242114 -0.0440592777956523 0.0438006867961184 -0.0686300732730777
0.0235684312318272 -0.0229726402151535 -0.121924715618728 -0.0153431324385578
0.0199081130839279 -0.0346555357856674 -0.196856791293645 0.0979157075045423
-0.00243583615184026 -0.0590835018948109 -0.118838003671523 0.216178854479142
-0.0419602228663906 -0.0570259998820418 0.00229959238009556 0.232573477621977
-0.0647547991223737 -0.0383773688716011 0.0931535904967235 0.181511223898349
-0.0896498288183333 -0.0342378327869533 0.146833208901174 0.108971497287333
-0.091479036706891 -0.0309540766513867 0.167899655690675 0.0318493177057733
-0.101295071807072 -0.0540117339018675 0.191519241570367 -0.00765503464835997
-0.076685692699432 -0.108792756446268 0.196585786702276 -0.00343330024125824
-0.0212536134140512 -0.125902443679532 0.18700176924157 0.00623500292600515
0.0451789224713328 -0.129229057110143 0.195064268295761 0.0308068757274086
0.10928199264359 -0.121508401859266 0.22283110692323 0.0300565563305019
0.153837086918122 -0.0780687710327231 0.268909458970961 -0.0345766077314933
0.187676470935462 -0.00415324568090526 0.162051666264308 0.0386477095124523
0.155204058509872 -0.0478067276661107 0.00603956209521951 -0.0771760565988332
0.106922227101051 -0.0611354072908487 -0.138436500902033 -0.025497507968193
0.0599570859004421 -0.10363714740642 -0.203274139639994 0.0833602535143857
0.000758474530658491 -0.133659136613239 -0.124598860857968 0.186003978332318
-0.0662040280957621 -0.120965362293978 -0.0226094464092831 0.20024871577255
-0.104727167261284 -0.0832449795058349 0.0552340912333056 0.161848152979896
-0.135461332389504 -0.0736556084953308 0.103633264837266 0.091308824477871
-0.137718503104884 -0.0669903359592701 0.119774472853385 0.0104273492461547
-0.153358282781169 -0.100433360049985 0.146301487858402 -0.0439119308046605
-0.119554119169133 -0.176332488872682 0.17108470156158 -0.0557252164440551
-0.0372670156863997 -0.209882191759252 0.191181201793563 -0.0366850981215475
0.0847568757020487 -0.214986909859947 0.195030388076562 0.0179558496636526
0.196424322411241 -0.172085825223973 0.182218581257687 0.0444822933003206
0.243757901099477 -0.0964990128421443 0.182207966848603 -0.0128685489172917
0.243571930381206 0.0168532070235457 0.0715632489582039 0.0248149416691098
0.240350391722951 -0.0541365614575638 -0.0540935256914088 -0.0886605036089592
0.180682296495955 -0.105173656429636 -0.162057304595479 -0.0386479210697577
0.0885836105335112 -0.173059453933104 -0.20319959382814 0.0620621993945678
-0.00508112288250204 -0.196928979486358 -0.127376995000008 0.138482061532672
-0.0884613495552936 -0.168688168493469 -0.0524863605241214 0.149738113619599
-0.132115956155658 -0.115001739302496 0.00682480747954108 0.124728866870243
-0.160950810096633 -0.1018696294357 0.0462534292535657 0.0593700101792869
-0.159870563256264 -0.0942578509893825 0.0576773981234302 -0.0181200899664048
-0.177771976038169 -0.133219783777234 0.0869375638010101 -0.0814454124267007
-0.137897327169349 -0.218225793439334 0.130136767372112 -0.107145573388271
-0.0436250928256026 -0.259490819494235 0.184497127615637 -0.0785354549385022
0.113439679614063 -0.263942041022622 0.187904998332615 0.00850717626501269
0.25432937176294 -0.192993207998985 0.136405053783541 0.0673271073870704
0.294956338657621 -0.0941957654188683 0.0793402588621044 0.0121971121350283
0.260996249218013 0.0285712962626175 -0.040926441846295 0.0136951486850005
0.281833360490907 -0.0607834558466654 -0.128382162063747 -0.0861174048898834
0.219095682172782 -0.139612502478646 -0.183990276197936 -0.0460556724764561
0.0942916635509204 -0.2191100940347 -0.192843830541154 0.0341301767331936
-0.0173812609875139 -0.228669105474007 -0.132133177915635 0.0752951431201463
-0.102372787195786 -0.187742047580079 -0.090737770762052 0.087028851789666
-0.14204367206959 -0.126771646914689 -0.0484090433956524 0.0778273910060334
-0.161349568837759 -0.114969215228961 -0.0151676897540935 0.0188933268202689
-0.156267003020417 -0.112150642952018 -0.00644521642382867 -0.0533363704462838
-0.167709447076636 -0.154615992188861 0.0271812115365221 -0.117238977182802
-0.120775880714127 -0.233288869222093 0.088839531393757 -0.151289902210748
-0.0224983244197603 -0.267111874363886 0.173205612410722 -0.108954869627215
0.14126149014268 -0.260456235013243 0.172597556799774 0.00568748136326492
0.281191265778145 -0.168838151721783 0.0860271579822702 0.0888048473826313
0.303012690874237 -0.0654955390247995 -0.0264321132203479 0.0287326656652864
0.232865473558476 0.0312122335714379 -0.155129626565791 0.0132828162164513
0.267766720874927 -0.0573759759019042 -0.198947464207623 -0.0628717957339767
0.209589352109791 -0.145809187849619 -0.196140528807411 -0.0426297145683742
0.0782720607961891 -0.217427827439652 -0.174507033889772 0.0036686515334234
-0.0280956075763058 -0.213499943101983 -0.141701943042166 0.0108337485378372
-0.0988326062432723 -0.171481640981752 -0.134613124309584 0.0285014849935932
-0.129823359443017 -0.116300045821086 -0.104417676777162 0.0306983764888396
-0.139446614643461 -0.11120837955593 -0.0723650622210697 -0.0245823298608043
-0.128012105396803 -0.114048111117844 -0.0612294660947439 -0.0934451919451121
-0.129442726449897 -0.155563121517958 -0.0160366882370061 -0.152991409028802
-0.073988453669532 -0.216425879739362 0.0619608144413049 -0.186056822767967
0.0187985170898691 -0.233803428312228 0.163964751081155 -0.126912543858048
0.162950123002447 -0.20528627863637 0.152099086709777 0.00466430241305006
0.27159407289655 -0.107414404726132 0.0347522303341579 0.0954708067141063
0.266749965113672 -0.0191974253656462 -0.118737726963405 0.0268139254354999
0.162706261606053 0.0334374159212675 -0.248102007426506 0.0261375538880811
0.202991939045086 -0.0380064950432419 -0.245005635790222 -0.0271905157541371
0.158185315597136 -0.114993536837667 -0.198982956602822 -0.0323756018179031
0.0514897075057694 -0.165426545485128 -0.156452919891748 -0.0203637417712011
-0.0259642739026529 -0.153650915502844 -0.156216950906928 -0.0388194728863491
-0.0712933691922832 -0.12516448784208 -0.17373090675961 -0.0129515411914762
-0.093678093818747 -0.0887007868963756 -0.151692671711072 -0.00729495446533757
-0.0975797153275466 -0.0899882672016085 -0.117486515619844 -0.0632563638940363
-0.0848009022086919 -0.0982357845012166 -0.0987361411202932 -0.131968287297767
-0.0763554600629711 -0.131751668193644 -0.0367785400649513 -0.187333258743257
-0.0214687348111545 -0.167329774606161 0.0559192696811547 -0.210994712280093
0.0545594452919254 -0.167862844274586 0.161397679821619 -0.13401814963315
0.161110752147797 -0.12455251164637 0.131679709627362 0.00115066601931163
0.223662110417068 -0.0339209340396777 -0.00589270492986459 0.0800701987217093
0.194347786342741 0.0262888400007883 -0.185154660186836 0.00591998163110675
0.0651416315849398 0.0423929388804503 -0.302709556620996 0.0436111587706608
0.10754854968935 0.00219875061269379 -0.258397819159996 0.00694801140250801
0.0882365531877656 -0.053973013766589 -0.197127137095821 -0.0242858904132533
0.0269139288023136 -0.0772531080596956 -0.148939935767359 -0.0329296704761122
-0.00598236912822954 -0.0679907054282654 -0.171246056106804 -0.0570817312379737
-0.0220381638357384 -0.0619724935792349 -0.196862923235274 -0.0279737615786648
-0.0379343099338319 -0.0514136162107152 -0.180860774362335 -0.0307476450221939
-0.0416446131657524 -0.0554304343931112 -0.143377837671969 -0.0916028389012591
-0.0344253620222419 -0.0635790206438817 -0.115409148236685 -0.163078431983245
-0.0254757563871866 -0.0823845191068431 -0.0370543787737263 -0.213900567580966
0.0131452119751485 -0.0962508595695779 0.0659694114329213 -0.224692867219023
0.0592792711653171 -0.0927312898054866 0.164340561100988 -0.133605401611121
0.126013799361473 -0.049052881472825 0.119923423720184 -0.00793949774095809
0.141229715843397 0.0232938291159225 -0.0257728014482677 0.0502976146556915
0.095516700541618 0.0556700887781207 -0.21735069012581 -0.0260345433265952
0.00824971412497325 -0.047584242338315 0.235666386295155 0.0114361735463122
-0.0511523034560385 -0.0277993896102499 0.0497944780550587 -0.0820595500563923
-0.0472262146542504 0.0154224482687369 -0.120424847509555 -0.00973417031961289
-0.0133363519490576 0.0278923709942668 -0.181832690284543 0.118339068178491
-0.00429936520015467 0.0147690229698351 -0.0893751438382569 0.237543608669244
-0.0131071116231664 0.0106444963728072 0.0402178218797135 0.238976198162923
-0.0166743637257556 0.0114375455700297 0.125224790284449 0.169632427374153
-0.0289075554539285 0.0124457753064257 0.174824659392032 0.0975509118668171
-0.0294580762720449 0.0128478454847377 0.19191180696531 0.0287652336909642
-0.0347504647531361 0.00653972992009066 0.209195366228734 0.00535009122339264
-0.0318210541161597 -0.0159803776707544 0.201014282834744 0.0226265534530181
-0.0188698330969734 -0.0180918157283022 0.174509320026539 0.0269021184275724
-0.0190475299130571 -0.031382504139278 0.197426439223663 0.0287608366295007
-0.00878266702261324 -0.0616765136213049 0.2564161156423 0.0110756053029607
0.0337776939367468 -0.0513059041222586 0.315099359391181 -0.0665949234031896
0.103006541968214 -0.036151999719851 0.217234801724935 0.0256963824440428
0.0476562891175055 -0.0470853564502546 0.0363098862625251 -0.0723628166588297
0.0221521437417101 -0.0246810522960291 -0.121638148812857 -0.0093545745311384
0.0175665159888038 -0.0351812250220419 -0.187737388385126 0.108726945282883
-0.00695749931548989 -0.0577745456017377 -0.101328942692084 0.22020743051257
-0.0454500425466547 -0.0523350290179076 0.0176022647582937 0.22883006420023
-0.0670850707402153 -0.032847299985181 0.103156868955842 0.171049637624345
-0.091301692266448 -0.0264833717251643 0.152499781772386 0.0969979712229442
-0.0930124026714327 -0.0244407043461822 0.166917954188486 0.0190472959669791
-0.103804402985056 -0.0467543107394203 0.187310397487601 -0.0218080990658963
-0.0843874542458431 -0.101832031506949 0.194655003845845 -0.0174842693258205
-0.0299703632830191 -0.122311083382326 0.183727474674046 -0.00435332469298282
0.0355395526194778 -0.130654951819958 0.196716068605235 0.0196339710573497
0.0981721829809558 -0.128146769293525 0.221850722584293 0.0157750987589132
0.14730159935031 -0.0855258270122745 0.260869031248267 -0.053122964275925
0.18660163309819 -0.0160985254627575 0.161379047388569 0.0262171476971562
0.14870512753217 -0.0588243933184884 -0.000597876120517126 -0.0774572185469652
0.102413230854022 -0.0674592543054818 -0.138110669214001 -0.0195234548955659
0.051975287314083 -0.105833227201406 -0.19473761189472 0.0953501181441295
-0.0089676301909818 -0.131449306222585 -0.109286275334426 0.191076129535048
-0.0747355848616175 -0.113681955640038 -0.00982192504765579 0.198628787143943
-0.109272039327749 -0.0750014439453036 0.0657256454166747 0.154472251243964
-0.139593664584972 -0.0621589538916439 0.107821237255278 0.0825118763889018
-0.140191145581817 -0.0563131376009357 0.117673296625323 0.00166862841261399
-0.157820114164377 -0.0881056286579617 0.140289259286104 -0.0540550951850262
-0.13114930591552 -0.165650498294492 0.165782484046395 -0.0677086630878034
-0.051627980173654 -0.203706946407016 0.185216025861027 -0.0476316876058122
0.0678502224764067 -0.217782079785142 0.195453720180447 0.0073095955426169
0.181322743326841 -0.18383450721904 0.182198590546568 0.0325040403120821
0.23388491785627 -0.109660255104988 0.178016348478654 -0.0260057687081907
0.243717290620583 0.000741970588357797 0.0710554963536834 0.0196516783171694
0.232517920153032 -0.0713658512385436 -0.0606527597012556 -0.0847803746750928
0.172449640215655 -0.115798695578038 -0.161965971726463 -0.0319006262156257
0.075079963827061 -0.176285499046291 -0.196056920776185 0.0742461590166255
-0.0193331704608121 -0.193351930545476 -0.11653535225048 0.143692848263878
-0.100552086426369 -0.15945464514778 -0.0430256116590655 0.151546552810896
-0.138333937814463 -0.104471947075783 0.0159595161656997 0.121675095232166
-0.166041917483531 -0.0885639100459214 0.049171366001109 0.0558844610250662
-0.164253326459958 -0.0820808825685709 0.0538246880614832 -0.0219997963643206
-0.184605230256188 -0.118564220281232 0.0788666581525795 -0.0864538392465716
-0.153226905396567 -0.205354707365803 0.121085726804069 -0.115633503081291
-0.0616837604484413 -0.251868495841675 0.175603172910894 -0.0892176479172022
0.0922764901159433 -0.268553972759048 0.187578317813583 -0.00104571087224299
0.236502182709626 -0.20901932482273 0.138558992589624 0.0591585778791719
0.283861348102034 -0.110013267018382 0.0785016565366432 0.0061859293046034
0.261277699418145 0.0113822229891094 -0.040383174050341 0.0160436726830571
0.273609834264306 -0.0805962170360794 -0.133286149420469 -0.0769137794992604
0.207048087178928 -0.152913132928188 -0.183643694776515 -0.0379288861323485
0.0772600817352103 -0.222026812048844 -0.188156401166434 0.0454503991778093
-0.0344216072863868 -0.222971597906113 -0.126091820366136 0.0816476132081743
-0.115508099992439 -0.177086279018504 -0.0852530092176382 0.0927307208820055
-0.149036755081721 -0.11495256714222 -0.0413015763167682 0.0794957143246157
-0.16761451858499 -0.101429003865952 -0.014341606514629 0.0201885227594885
-0.161089690908651 -0.0995185670002472 -0.0116584784601845 -0.0518835449918493
-0.176550345078534 -0.139002531796882 0.0174887001395361 -0.117214465939692
-0.136935242154825 -0.220805185132238 0.0768432593773921 -0.155454854139515
-0.0408621879045667 -0.260895773446705 0.162193646340397 -0.118757267635375
0.120215545105958 -0.265794310317048 0.171486344538256 -0.00281704331116654
0.265183316866266 -0.187247889884265 0.0899870713351721 0.0839403240767953
0.294141326200934 -0.0827152222283472 -0.0235004787204737 0.0293894411839714
0.232963427223949 0.0162047464874798 -0.15307106019764 0.0236316538649613
0.258889701121479 -0.0762360889744718 -0.200121376769353 -0.0495104920108124
0.196999219694511 -0.158557375688794 -0.195954307632268 -0.0330248811825951
0.0616995439103685 -0.21967088043761 -0.171327520426756 0.0135545690739607
-0.044370380806965 -0.207604416280901 -0.14067452266879 0.0181676451819075
-0.1106868042684 -0.161501064440363 -0.132233068710656 0.0378566283520875
-0.136413817578006 -0.105657008438753 -0.0988526857427635 0.0366693258826674
-0.145477653805658 -0.0989966095541965 -0.074185367680419 -0.0185146083625823
-0.133365770828787 -0.102881378318704 -0.0691215930698975 -0.0872210980402607
-0.138730341696182 -0.143601521776863 -0.0275733298095956 -0.149532346826065
-0.088958885139975 -0.20705310719906 0.0481999990633519 -0.188362269945181
0.00151669746485377 -0.230547768704704 0.152140481445177 -0.136505438120554
0.145806535164057 -0.213884608718052 0.149816711584319 -0.00287595764849145
0.259768603887189 -0.126063257370414 0.0405439290153342 0.0933803063201266
0.261080810763841 -0.0354899468961643 -0.113443498207107 0.0342625202340677
0.164085447180044 0.0232614734267696 -0.244034433479995 0.0416140299187227
0.196170845153468 -0.0516352883680973 -0.242939744816471 -0.0107735145487557
0.147933662497146 -0.124744274933045 -0.198012299326747 -0.023312924338435
0.038127036264607 -0.165418835751999 -0.155415790502141 -0.0124227707122299
-0.0375272764196671 -0.148625939074554 -0.158105214058075 -0.0290736344580781
-0.0800300810472434 -0.117563430389771 -0.172903689584353 0.000336041025020921
-0.0982500589115993 -0.0806575041481477 -0.148556452815376 0.00294427630654252
-0.102665279041242 -0.0806154470156403 -0.12122659664779 -0.0534365623744759
-0.0896714307904488 -0.0904235351040096 -0.108073822652103 -0.123447116629504
-0.0846718669892894 -0.12297348331542 -0.0495776137567703 -0.181369592361966
-0.0330847131317874 -0.162807702230347 0.0408353843239463 -0.21244622209605
0.041678724011406 -0.168556106897352 0.149024439645286 -0.144063409926728
0.149337217947298 -0.133539736745113 0.129422271053323 -0.00500386883231917
0.2168313624739 -0.0489784747047189 -0.000314983125194922 0.0808598071820108
0.192349981553296 0.0145656063115202 -0.17924934478647 0.0181403154921352
0.0678864857852354 0.038243689574039 -0.295800413305359 0.0620490765100616
0.105678326684778 -0.00589803923739257 -0.253656013324883 0.0237726752207165
0.0822983349463938 -0.0594463217239503 -0.195859898463518 -0.0134722118292947
0.0204229001316546 -0.0777651469910417 -0.148862631126152 -0.0256162924692476
-0.0115400995674636 -0.0651791434102071 -0.17466297073294 -0.0461896939041988
-0.0269210857693042 -0.0599277621954429 -0.195866430081394 -0.0132233685518188
-0.0403546947741328 -0.0481624686471807 -0.178833824533111 -0.0167448490715617
-0.0444915068052733 -0.0511757965577028 -0.148692860266113 -0.0796572769529689
-0.0378629061525198 -0.0597518569057972 -0.125722671306774 -0.152393937164441
-0.0305603005297441 -0.0783833347528091 -0.0508432590675856 -0.20748554687964
0.00629095533542203 -0.0950779892388498 0.0492220440158075 -0.225985159407193
0.052551596778539 -0.094357620858691 0.153132607885785 -0.142426754514516
0.120032385639578 -0.0568644596872811 0.117560926621472 -0.0136463091841051
0.140176233449389 0.0145313378451952 -0.0222160271350065 0.0528459342324598
0.097114740787996 0.0488947184028859 -0.213217077723835 -0.0104195902657942
0.0058017035419777 -0.0464641695837329 0.227212715048241 -0.00157315241685516
-0.0508639133234495 -0.0239625383844972 0.0411719143120334 -0.0825558016609623
-0.0442518828865616 0.0167651028242617 -0.117228260131754 -0.00432611088792028
-0.0117072066313749 0.0274523917507778 -0.169152127960203 0.122302000030677
-0.00293810756960756 0.0144245993563417 -0.0734981839234196 0.233668605098012
-0.0120974475593533 0.0115932200083032 0.0514968815379888 0.22804750214149
-0.0161595086588639 0.0118740829514605 0.128133713330354 0.156554566943535
-0.0283745726244331 0.0138058953864412 0.174035805809497 0.0852564518987676
-0.0285563132360046 0.0132826354871577 0.186798697586627 0.0176798638744265
-0.0333475196182524 0.00753816058086973 0.202518631600929 -0.00706810484893651
-0.0326851053885339 -0.0143602034138838 0.197408152809807 0.0108534240494264
-0.0188618917766913 -0.0166210829343851 0.17061156688178 0.0192701503866455
-0.0201031558406515 -0.0295619209563637 0.194863375152672 0.0203467693397971
-0.012419103207134 -0.0579154911334322 0.249211066184719 -0.00131887935988522
0.0308743854291827 -0.0504270882265488 0.298313288075384 -0.079542356789001
0.0985749318479041 -0.0401515586825259 0.209664477837771 0.0126434520494521
0.0429566450472311 -0.0485009579653725 0.0291516874879731 -0.0726111794817648
0.0208693681257687 -0.0253534898968757 -0.1186477003629 -0.00568930450773334
0.0149587965803047 -0.0352588029937738 -0.175463643339698 0.113623897577076
-0.00968496727295162 -0.0556242716922935 -0.0870230581731704 0.217556239140101
-0.0473943525123491 -0.047911631655987 0.0283088788764814 0.220303134717284
-0.0677435838457244 -0.0282242309420171 0.107301088614737 0.159111952904236
-0.0899799720809659 -0.0206626731022229 0.152291050105252 0.0853796544172875
-0.0912785955978647 -0.0185527196322319 0.161192314327585 0.0097948485535271
-0.102685195214705 -0.0398396620372912 0.179483148377893 -0.0322838319216614
-0.0879807383089131 -0.0941264383529619 0.187682970254157 -0.0277340285583696
-0.0351366634882944 -0.116779941182256 0.177802859961705 -0.0113046880552968
0.0269894119110424 -0.12903784357958 0.192463690842532 0.0114573275359137
0.0874822739592167 -0.128334281467343 0.215021440839246 0.00429567135804841
0.13875030469954 -0.0890528424066199 0.247975461041994 -0.0640942341290447
0.180861371485766 -0.0249251704184935 0.155955746648008 0.0169616268535422
0.139791686259762 -0.0650504848198362 -0.00697100580181623 -0.075935668973232
0.0959157439054141 -0.0712841164425376 -0.134876822718492 -0.015223410256722
0.0449356082669622 -0.104831236368717 -0.183867630827609 0.101336943514983
-0.0164568928568027 -0.126147599951754 -0.0966421473825435 0.189164664515639
-0.0789400468001693 -0.104945173881823 9.27055846220625E-05 0.193179986538621
-0.110616685006001 -0.0667345684594173 0.0707160201014464 0.144714567641857
-0.138684243042691 -0.0520342370960772 0.108528390926326 0.0739573823456939
-0.13878945102213 -0.0474720857766062 0.112467178526667 -0.00420795204750758
-0.1578335303889 -0.0764689369145717 0.132179552916577 -0.0603475456486825
-0.137399938478429 -0.152506362548011 0.156601347794827 -0.0747989567924077
-0.0613518869457981 -0.194479521634919 0.176210544499352 -0.0538686296101779
0.0536241118156342 -0.215016547263896 0.190453060692839 0.000319375565460357
0.164507060499417 -0.188074258405853 0.177170649230772 0.0242378633854484
0.221073422772036 -0.116313665382153 0.168913413659481 -0.033971997202285
0.237607125668818 -0.0107535578900416 0.0688481877303678 0.0158738147405385
0.219772888393017 -0.0819436298968806 -0.0641580405980459 -0.0792773237687315
0.161409881559496 -0.121962635213234 -0.158847989898611 -0.0270780760025624
0.0629818356868181 -0.174014322760821 -0.186081069118657 0.081147302974382
-0.0301634931730277 -0.185541905423541 -0.105868105567538 0.14354477608664
-0.106542559754795 -0.147514050621352 -0.0354694611188949 0.14909260785179
-0.140677723669627 -0.0938968365138067 0.0219425600880527 0.116248522586198
-0.16604415993667 -0.0756068000503852 0.0502366678403506 0.0520807822493201
-0.163179170357481 -0.0713004970356695 0.0490495694944831 -0.0237147915927814
-0.184999906287574 -0.104400411672727 0.0704587247978745 -0.0873727803162403
-0.160796324652436 -0.19058056140752 0.111088004654205 -0.119075835958106
-0.0733610505762301 -0.240131777452544 0.164339076378399 -0.0943568856792609
0.0745288336748909 -0.264745283440064 0.182449830763382 -0.007633632339383
0.216668574543901 -0.215764338109054 0.136074413827152 0.0521804301752038
0.268816005041543 -0.118336169382276 0.0762292975480113 0.00214697201195235
0.255610266698182 -0.00199915840182003 -0.0394478069508398 0.0180582096432007
0.258977893142643 -0.0932990752006726 -0.133485636074957 -0.0680199752423166
0.193089671059321 -0.159640469903295 -0.180229682481362 -0.031335514370625
0.0624914703925235 -0.218046070733628 -0.179467681048116 0.0521155697856474
-0.046828935119539 -0.213419651601152 -0.119014624593604 0.0835219528564953
-0.12315772176348 -0.163598995237982 -0.0788519777302215 0.0947655659128142
-0.150732697234479 -0.103948955860514 -0.0352467049512951 0.0781876527295366
-0.16788904660078 -0.0881661490501543 -0.0135770517652517 0.020603056029071
-0.160953936261067 -0.0875327172957618 -0.0162477416778724 -0.049549190321146
-0.178629918939656 -0.1250083099099 0.0101257971025046 -0.114033160447849
-0.146189345825686 -0.205794190820586 0.0662071041289033 -0.155239650752327
-0.0541322893053506 -0.249797633618189 0.148662399512727 -0.122856563842233
0.101953018315266 -0.264488916606969 0.166245080015692 -0.0086472821849124
0.245407110541834 -0.195698765578367 0.090751094128096 0.0787152862454019
0.27947177468549 -0.0924355822528379 -0.0203121697002586 0.0293565149508688
0.228866164260304 0.00492077814188805 -0.147611125220815 0.0302352401886966
0.245314236902105 -0.0883200090193781 -0.195777339388384 -0.0379663127510397
0.182387167255116 -0.163426150089584 -0.191794885208822 -0.0259422449838777
0.0476856844952829 -0.214778033778587 -0.165117236041291 0.0194684534209104
-0.0544572799785877 -0.197203140115997 -0.136592076468573 0.0223150213896951
-0.117201405550263 -0.149268913339786 -0.126957608415241 0.0442042408056086
-0.137884723735091 -0.0954123109509782 -0.0930807503872956 0.0400754742943336
-0.146214702516162 -0.0868626391071202 -0.0733974968628025 -0.0137430657092572
-0.134474182735503 -0.0927249198930681 -0.0728498564831575 -0.0797236511942855
-0.141718210416211 -0.130592553355793 -0.0356279032425391 -0.142319890424431
-0.098619213569131 -0.194687262852151 0.0372219726388036 -0.184966904324513
-0.00946817419355066 -0.221855070414575 0.138577605848866 -0.139701825249421
0.128545478050801 -0.213818701242335 0.145063779952498 -0.00712807635907288
0.243509253191497 -0.135609000379387 0.04354639077906 0.0904806403533659
0.250458771964469 -0.0447294630400014 -0.106260280267904 0.0375887285953618
0.16125479384256 0.0151865013903587 -0.234495481225159 0.0525232073298934
0.185746896063385 -0.060874399415913 -0.234969927326133 0.00156822386517698
0.136576729703677 -0.128395700338692 -0.19243051146722 -0.015523204622783
0.0275965935962333 -0.161319461803253 -0.151188624017852 -0.00705955290811457
-0.0449375177192681 -0.140268895063812 -0.15649798592182 -0.0225545824976952
-0.0843755507458415 -0.108812833497929 -0.168098926503916 0.00973019304175383
-0.0998818932519076 -0.0733815786981574 -0.142452662713668 0.00990307534151892
-0.103097178591953 -0.0717139889659663 -0.121088005845128 -0.0451775333758284
-0.0910877829146804 -0.0829191444857124 -0.111941254743874 -0.112585119758785
-0.0882947064696624 -0.113934079590786 -0.0577119988775858 -0.172213469322637
-0.0411357492217988 -0.154814741589059 0.028722126374622 -0.207808254541245
0.0322507710822933 -0.16357857353883 0.135723240406618 -0.145516213147247
0.136482360698804 -0.136387117294607 0.125272580696354 -0.0093866374751379
0.206304478230604 -0.0591452019679814 0.0033659828563058 0.080278526861462
0.186281539032294 0.00556238684178605 -0.171014486153467 0.0259550995685229
0.0684611454401936 0.0345620540696108 -0.282872618183865 0.0746554277085315
0.100647561158362 -0.0115559579255622 -0.243062953008551 0.0351602336737809
0.0760866473821206 -0.0620990242447031 -0.189428188986359 -0.00565324136449671
0.0150225078854419 -0.0753112735888532 -0.145348758462392 -0.0206815260692778
-0.0152918570663182 -0.0614529392293719 -0.173392889144241 -0.0370835389880231
-0.0301320530220064 -0.0563375824986398 -0.191097390373611 -0.0019361373201843
-0.04178535822248 -0.0452428079775408 -0.172855595582352 -0.00774138728571244
-0.0453479142100931 -0.0463040012988122 -0.149594993542004 -0.0689915524504517
-0.0388853750964135 -0.0557870154652267 -0.131319525698734 -0.140103493838001
-0.0331442224450751 -0.0732747036720323 -0.0606285233747726 -0.197207027229708
0.00142475115676779 -0.0916647163157782 0.0365027402175422 -0.220540273045279
0.0465239652237353 -0.0931423715588223 0.139288174141654 -0.144978367591146
0.112373177291029 -0.0606372355500377 0.112981104258029 -0.0168631189436384
0.136467633136933 0.0070008152988109 -0.0179126028966607 0.0537987743910191
0.0956264446144602 0.0431581975289858 -0.203902386077133 0.000829552591381263
0.0252494870271189 -0.0394989529339972 0.197248927248254 0.0866447961131671
-0.0342148470956007 -0.0415733905576384 0.0654545043479571 -0.0566118944768841
-0.0457970188762151 -0.00336807724162957 -0.102492468654735 -0.0493632107728083
-0.0201558589277209 0.0189511214384315 -0.199382711417436 0.0444262825417675
-0.00721837425904193 0.00908243977698623 -0.156231015012214 0.178415297179285
-0.0154098978315747 0.00468830311240435 -0.0433812998754068 0.222804049254872
-0.0201271766384748 0.00425856605952819 0.0519919302171015 0.189575820332472
-0.0307012252919627 0.0017709872244641 0.122705441970387 0.141970209114501
-0.0295240915525118 0.000379169982864185 0.158166318145422 0.0866533121666067
-0.0320403558583181 -0.00785006564154152 0.183694131010952 0.0709944834396363
-0.0227279951779118 -0.0275711060003876 0.169834988083004 0.0857255435468987
-0.00898928618523819 -0.0240190800044637 0.142503841273617 0.0865179132738072
-0.00539686365605814 -0.0368418915991505 0.164833146801822 0.0951470951731431
0.011933617035805 -0.058238411205295 0.224506925120004 0.0916728589723824
0.050333384128059 -0.0360893196676709 0.297402858477268 0.0476391647786505
0.107201366513328 0.00631441270560705 0.174857307861851 0.0825414189128011
0.057056723691262 -0.0245084551968729 0.0502137041738217 -0.057796927324357
0.0292095993663156 -0.0140786121149435 -0.104512323186316 -0.0562146199677639
0.0276880092163315 -0.0241132406476714 -0.204597640752661 0.0312536003247725
0.0149351265012054 -0.0545281222933054 -0.166125882007281 0.158374702891472
-0.0231241517386299 -0.0606294620999637 -0.0637516740327453 0.205979777663928
-0.0493283022568238 -0.0508094395928537 0.0315134366376869 0.182947045332836
-0.0729054645637555 -0.0521255867762138 0.10251739316469 0.133955157390259
-0.0736217443564775 -0.0520807407249365 0.138449676981051 0.069458084147193
-0.0766017889736707 -0.0753100549782288 0.172518707190887 0.0384809990241021
-0.0441906385781019 -0.118994081697532 0.176395869419042 0.0467783094823705
0.0130205854207291 -0.120188566333464 0.16221152861594 0.0604116516891046
0.0729687812022771 -0.110568172894659 0.168366302900657 0.0873119461095091
0.125490877907069 -0.0867157004210607 0.19584368102139 0.0883448973457347
0.160650273027164 -0.0334989253018683 0.245629822628181 0.0470243653741635
0.175554645199144 0.0559662874473929 0.124802976091582 0.0564359786307914
0.149247862107574 0.000561995701847425 0.0194012563598067 -0.0799614652560929
0.114639026095166 -0.0242924924686138 -0.118243650284571 -0.0772838643470288
0.0824316338794266 -0.072027345392427 -0.209928462183673 0.0136149046709439
0.036522058808359 -0.118059172883295 -0.167253147738132 0.127810390831305
-0.0287978832935354 -0.123140133528156 -0.0813798778802557 0.171142417605866
-0.0721821061681117 -0.101179961586584 0.00369892525476778 0.156251934105274
-0.104588387106128 -0.0985024628144199 0.0675014650126444 0.107729562003215
-0.105961983004515 -0.0961998165233374 0.100233578259593 0.0372996714328115
-0.113109891467512 -0.127737427733093 0.140869607162009 -0.00666861399211104
-0.0682156310809458 -0.189760670912815 0.167246818295763 -0.00730613622601843
0.017905850557813 -0.199069259522608 0.178507920331113 0.0205498125789188
0.128054984300927 -0.180125278904899 0.172703532550051 0.0766234911952767
0.215062368501386 -0.113403017267766 0.158800021491407 0.0945469560365095
0.244012402884235 -0.0280878472898236 0.165039077492337 0.0478395657649969
0.221660565686941 0.0930868876258417 0.0477786428455413 0.0147963081815294
0.225857047682746 0.0180808459152363 -0.0302678118493535 -0.109351295534668
0.192500105949806 -0.0425867725633452 -0.13773392183026 -0.10216778926818
0.126192436285906 -0.124738050270461 -0.208547962442263 -0.00783679846178807
0.0476619235225043 -0.174865237697029 -0.161237215726883 0.0829309221180416
-0.0371652720723015 -0.171570922966388 -0.0977148060511388 0.117683557402214
-0.0880052024455705 -0.136772556391196 -0.028347232560346 0.110371348370011
-0.11956251698816 -0.129946323893983 0.0249827116862926 0.0660049061428127
-0.118702748666918 -0.125821760003175 0.0520620652477366 -0.005055629159808
-0.127912994011871 -0.161747244669536 0.0961804943589138 -0.0546315153114719
-0.0764476187162189 -0.230849216086888 0.143790978321174 -0.0646868026590234
0.023462488585816 -0.243522164089898 0.184050698775025 -0.0210373920938299
0.16348539743746 -0.218183884904882 0.170033482314737 0.0659109827810463
0.271926073032862 -0.119451666230958 0.113085080792354 0.106901838987951
0.287606282598331 -0.0125426422085767 0.0677384629124866 0.0454528895148516
0.234180302294062 0.110043087076294 -0.0482658769799624 -0.0269352104801362
0.264713104372823 0.0244781497263549 -0.0970190919338504 -0.128274678739875
0.235898595487275 -0.0634702995162125 -0.156549960282744 -0.117539581933971
0.143789639267102 -0.163827900845347 -0.193351356523673 -0.0328292459617198
0.045241855820603 -0.205657441656974 -0.150668305188587 0.0244337973097128
-0.0441859762872662 -0.19163913513011 -0.117184606588295 0.0529497686876002
-0.092738429225947 -0.149780680814332 -0.0645172364462364 0.0549789944043593
-0.116824398451363 -0.142501690216557 -0.0203445368672458 0.0141179548663381
-0.111076808132122 -0.140204750225757 0.0037578131859773 -0.0520190463935597
-0.114406470792503 -0.17671572945686 0.0534219950844566 -0.101148135618313
-0.0579399243314332 -0.238735003718951 0.118111091270652 -0.114080116825656
0.0437546615668053 -0.245397771765564 0.182238730667663 -0.053332251329114
0.188147309297266 -0.207071711823026 0.155664127179054 0.059629007869658
0.290290181805067 -0.0917758396884099 0.0619129947653382 0.11529529070765
0.285732136403674 0.0155421492023224 -0.0291334420991465 0.0321737135819729
0.206472490615196 0.103924662998293 -0.149027265035802 -0.0556509776731933
0.250684664560143 0.0242476940336596 -0.163330818853169 -0.12471326306248
0.227810680916936 -0.0716010374512548 -0.169833681393013 -0.115890127850111
0.1292194435603 -0.166404266931283 -0.167397503802586 -0.0556046031656959
0.0313115036871266 -0.194201549983577 -0.141896814354314 -0.0363245933921699
-0.0446149943401848 -0.176506294039008 -0.138725240196621 -0.0104924702500842
-0.0844858314890877 -0.13828034637718 -0.100732815829247 -0.00139392211627816
-0.0981642741399092 -0.132711415749339 -0.0607760034908053 -0.0397154308618843
-0.0855724144533087 -0.13433701447476 -0.0343701002450367 -0.100695859855201
-0.0802255532326742 -0.168126990492221 0.0241240794521193 -0.143359684259843
-0.0194307963188957 -0.21110779899598 0.104298890357599 -0.151343612748557
0.0725496333174787 -0.203737619962154 0.179829963625261 -0.0714486431804458
0.195149834497339 -0.151018926060458 0.135788883909106 0.0535031445039705
0.26732631579921 -0.0368598839192469 0.0131940403121793 0.108643535622701
0.241420226072972 0.0483797225069579 -0.111214308699277 0.00456431193361311
0.140952499363937 0.0841895008636735 -0.232022892280718 -0.0637761961850264
0.187443803952544 0.0235744351888408 -0.211645343848035 -0.101752290322319
0.171891185003877 -0.0579955857156018 -0.172824441856008 -0.103288036328855
0.0898131071654762 -0.128162251450696 -0.141551637122276 -0.0722905971259819
0.0177914563609086 -0.139830620515061 -0.139403802275327 -0.083825138392261
-0.0321462651178123 -0.128705908324733 -0.159740223029279 -0.0570300638996238
-0.059223983465283 -0.104149579677523 -0.132803380150742 -0.0471795657793605
-0.0652034025638701 -0.102687228800687 -0.0909279973053947 -0.0866169378237046
-0.0508506246070423 -0.108578848289832 -0.0565139516495261 -0.144399279103546
-0.0388252540340112 -0.132872620660362 0.0158962226124238 -0.17824571496701
0.017254878239812 -0.154437458996331 0.106356817983184 -0.173362950170377
0.0888266806390859 -0.136894672872494 0.178995319916988 -0.0772100443035139
0.174191890269996 -0.0767467096366499 0.116911682914373 0.0443936497301086
0.206836563201084 0.0209398816944255 -0.0224009129566298 0.0834557385669482
0.164345404384744 0.0721397175206246 -0.164575127694854 -0.0347256603760451
0.0477594922399801 0.0617101930190887 -0.280110135470004 -0.0536548358170597
0.0926736839586245 0.0322486249862858 -0.229384485606661 -0.07039238364506
0.0909972851262299 -0.0239092576989944 -0.170079698687581 -0.0876344084527284
0.0436045315283994 -0.058078305192645 -0.126709645424172 -0.0804075102978657
0.0119980878423045 -0.0584276555996735 -0.144572676299722 -0.102986306196644
-0.00374596522270546 -0.0613560714651354 -0.171141495619127 -0.0769075785724178
-0.0193882294185673 -0.0557364793632635 -0.151391739249392 -0.0740082810221301
-0.0231252775946019 -0.0579252449894188 -0.106900661914132 -0.11875993871787
-0.0148941250938093 -0.0642866623181984 -0.0633942691887743 -0.17432819866927
-0.00455541967119097 -0.0770675279269343 0.0238825612162251 -0.199519979730629
0.0323043313050044 -0.0827700699046175 0.119048754583285 -0.180957548462088
0.0750582293065423 -0.068013856393291 0.182163698778415 -0.0738453110685786
0.124778194917216 -0.0162552328452226 0.107510177515172 0.0321076293958864
0.12007652536573 0.0552929100643176 -0.0352829510195311 0.0496989295938417
0.0686201221776335 0.0742452055825412 -0.184146437174009 -0.0746577685731715
0.0243545887297977 -0.0393827986626562 0.195206856546551 0.0787436187716821
-0.0347163355239649 -0.0394865104174644 0.0610592989896731 -0.0577850557961909
-0.0444092403549971 -0.00270372445609763 -0.101461785581829 -0.0474894712346251
-0.0193569196700369 0.0190587821404653 -0.194501467587158 0.0462184170566088
-0.00655350860187559 0.00850175704130201 -0.14869784737954 0.179324153601349
-0.0149228142331119 0.00575095395097051 -0.0359177147323984 0.219613976376535
-0.0202607110846236 0.00493348193690432 0.0545971487683086 0.183997280084674
-0.0300916645181258 0.00315501222144508 0.124792646564511 0.135935946742246
-0.0297773897967038 0.000808451221245742 0.15753014983438 0.08095555101449
-0.0317172909143011 -0.00748060199989983 0.183522765501406 0.0640788349838258
-0.0237691794383385 -0.0266640290706228 0.170197113764089 0.0803500950672821
-0.00935368949381354 -0.0238714768010041 0.14212625884447 0.0845164415382632
-0.00638534216798596 -0.0369831016622205 0.165427690155026 0.0914312322558948
0.00984273131105653 -0.0564069952068332 0.222147231017618 0.0846651464446201
0.0499951615932192 -0.0355662150799642 0.291640063358013 0.0405469165571062
0.106743344693263 0.00353520764778135 0.172739876324755 0.0760332994529048
0.055316123590329 -0.0261703338301245 0.0454624243697322 -0.0578093234628267
0.0289188492523328 -0.0152747075066934 -0.104538021601528 -0.054658466180847
0.0272983540014261 -0.0240983624687328 -0.200250510562146 0.0342873339368272
0.0128991984116972 -0.0539404464057661 -0.158673705282705 0.158571169482312
-0.0252218294214833 -0.0589002041308984 -0.0572291380527995 0.203990011750459
-0.0510707965529686 -0.0485516803714287 0.034942264440544 0.178135798412765
-0.0738027702002145 -0.0491031690620377 0.104889498207099 0.129167485384724
-0.0741025689751388 -0.0494558051027951 0.137028543647811 0.0643381443409646
-0.0783405836665468 -0.0723232128942169 0.170632668336427 0.0327707052656881
-0.0479657343019763 -0.116460727353816 0.176123402853555 0.041089014370358
0.010078804038101 -0.118706058123111 0.160775997710906 0.0580885840271087
0.0686261512877007 -0.111858904719148 0.168647714078566 0.0839863688055124
0.121084107052115 -0.0886059118284842 0.193823629823625 0.082689617314615
0.158160091520607 -0.0351193206794974 0.24084591931452 0.0400081866810286
0.175757381590119 0.0504260191085408 0.122971587957786 0.05221500862388
0.14594829671679 -0.00445548784557261 0.0154534985119278 -0.0796757830385405
0.112877470621102 -0.028523064465638 -0.118045893186498 -0.0764795429145506
0.0793741390058643 -0.0730046321398484 -0.206194614634883 0.0173538349650854
0.0318123720162402 -0.117491124275259 -0.161164625471686 0.128755942995174
-0.0328726283215865 -0.120039288764329 -0.07602804653701 0.169765926027535
-0.0747862079545644 -0.0982332292424333 0.00704430165790232 0.152213846857562
-0.105942430900639 -0.0934027028825004 0.0696984204898334 0.103977759996374
-0.107317491935972 -0.0918692426853606 0.0986762856490529 0.0341423959103292
-0.115273298057002 -0.12254607965367 0.137402987507516 -0.0106026581404194
-0.0740298414275264 -0.185082133581975 0.164822551392339 -0.0128163604683117
0.0124050613228368 -0.196810175548279 0.175575020076963 0.0174190144763502
0.120339263415347 -0.181295595686621 0.172755079513002 0.0731917833747358
0.208085300830875 -0.117983563986629 0.156908936064372 0.0906829374172468
0.239140798580073 -0.0315689353469523 0.162198914540868 0.0433880154440538
0.221907768016564 0.0859620946536822 0.0461262715339732 0.0135830960567754
0.221946123626731 0.0106721531642058 -0.033437696878118 -0.107251655449999
0.189219382142494 -0.047981912184532 -0.137973765097821 -0.10100746010266
0.121238374969303 -0.126753246648981 -0.204744693255068 -0.0040228281300976
0.0410206723188949 -0.173558357852173 -0.157098049589375 0.0842831279038756
-0.0422339802920667 -0.167157829058756 -0.0941988102676846 0.118804168842461
-0.0914776676745532 -0.132927986042374 -0.0257824991328909 0.109354038541384
-0.121700378892443 -0.124199053540109 0.0259796274856585 0.064515118207724
-0.120855273567381 -0.122203609041065 0.049235048860787 -0.00528097487812416
-0.13038906298488 -0.155379004593593 0.0922629355526574 -0.0567928537362251
-0.0839451870710089 -0.225305662339218 0.139597771201315 -0.0680576647274632
0.0161650597366532 -0.240805872883913 0.179504667152548 -0.0242819553711935
0.154200261210443 -0.220397717063455 0.169153974031084 0.0636014090161128
0.263601422461498 -0.12621955034349 0.112914879750716 0.104113933114221
0.282258460277286 -0.0179103751735501 0.0673917893168793 0.0433440759037048
0.234740837737906 0.102391735944417 -0.0499019212656768 -0.0257334490982411
0.260078619862064 0.0164450370847991 -0.0986455718447435 -0.124197855958908
0.231108101687543 -0.0697624354759787 -0.157421866559598 -0.115414519930831
0.137452655711683 -0.165018575526163 -0.190212249651256 -0.0290406019347845
0.0376004289278148 -0.203158441376432 -0.148254685200862 0.025280800122253
-0.0504017525292746 -0.186853379094076 -0.11519018062266 0.0559814937097184
-0.0972827824562775 -0.145620376968374 -0.0622018116868852 0.0549325715325808
-0.119513836039336 -0.135592428446509 -0.0199626087901933 0.0142820755675248
-0.113228688882915 -0.135630672694276 0.000600595590830421 -0.0508281396905643
-0.118170254441076 -0.170381665864241 0.0489524052733671 -0.100848143583998
-0.0659770403496568 -0.233250551036804 0.11317890181238 -0.116387098160624
0.0360713387761091 -0.242177230003518 0.176426333732162 -0.0560739791753971
0.178143445121579 -0.209951923527832 0.155382784826256 0.0574414724986895
0.281978167819631 -0.09882093681924 0.0637160695728339 0.114084236203065
0.281826822821201 0.0102174362549665 -0.0282747418230096 0.0326765158765289
0.207323647175644 0.0968242831153368 -0.14903964034864 -0.0513753153908401
0.246027959118634 0.016078473811993 -0.16374285896314 -0.118184691512188
0.222294955486987 -0.0767918882225933 -0.169977324827059 -0.113770585652475
0.121940074528724 -0.167175217030816 -0.16557081964922 -0.0523236430511989
0.0242662774741311 -0.191204964021386 -0.142046944415082 -0.0351804530388276
-0.0505643723303947 -0.171879578280333 -0.138313824064811 -0.00616005484165578
-0.0885576863028339 -0.133697489762611 -0.0994400189888444 0.000318560319864778
-0.100267156960538 -0.12715232729641 -0.0618217134504514 -0.037285272306556
-0.0877845139946294 -0.130534900644624 -0.0389553473561437 -0.0976356347483736
-0.0843063120179218 -0.162572218965742 0.0193191796107011 -0.141859392570231
-0.0264751160794788 -0.207017129213838 0.0980683906584274 -0.152423412346677
0.0662718515290043 -0.20249148350213 0.173485555618634 -0.0746718150947797
0.186307240212514 -0.153927762449847 0.134774231284773 0.0520509633143224
0.260997626969668 -0.0437168617717938 0.015467578381316 0.108222532645322
0.238210260162551 0.043740794072049 -0.108230987822368 0.0070273475561699
0.141297613918175 0.0801302064587146 -0.230072571336312 -0.0578032861742163
0.184028963005607 0.0177169550753176 -0.20965180429334 -0.0946461400666468
0.167670937900485 -0.062145790302209 -0.172776371627938 -0.100835073352761
0.0844015016036585 -0.127892048832769 -0.140418377931701 -0.070537168495615
0.0129571158515711 -0.137506004997585 -0.140959415782825 -0.0810701614715195
-0.0359361253249257 -0.12486194607057 -0.159712962982036 -0.0511878449917754
-0.0614875657709789 -0.101151677569573 -0.1315477821237 -0.0438418966080194
-0.0667666375035428 -0.0985336095409793 -0.0927726397346236 -0.082731389798478
-0.0531458108539374 -0.105546355338439 -0.0617794789217399 -0.139381032077396
-0.0422072112165604 -0.128616243671926 0.0107477240882265 -0.1750787828124
0.0118270379447401 -0.152314601838778 0.0998361355502335 -0.174274734483825
0.0834807254173518 -0.135854016089237 0.173916293367503 -0.0800407133848457
0.168029791916342 -0.0798974485939685 0.115936987550157 0.0431945423165826
0.202998582691044 0.0150566492660879 -0.0194785659002245 0.0848107433696607
0.16339763549728 0.0686472044547824 -0.16086766116059 -0.0304727572909827
0.0491940324491607 0.0598566769936335 -0.27686528686856 -0.0471127777783974
0.0915649088827743 0.029137976015567 -0.225482511351373 -0.0649119947276109
0.0882527529350202 -0.0258889804839124 -0.169376251998303 -0.0843378867515379
0.0406859972289411 -0.0576456720015746 -0.126523245182259 -0.0789491828547279
0.0100427665211843 -0.0565924950423737 -0.146350078841036 -0.0992944427033372
-0.00646296772360117 -0.0600633228277241 -0.171976452168419 -0.0702324902807441
-0.021080652387566 -0.0551786660856825 -0.150916862242541 -0.0701301348902671
-0.0242322110295214 -0.0551582392774709 -0.110026105339459 -0.114057824193884
-0.0162109271178646 -0.0622636046685064 -0.068329449409041 -0.169111045460324
-0.00702095115657549 -0.0748077040353752 0.0186689560203599 -0.196499266947455
0.0295038263393113 -0.0821338487127711 0.111403617817702 -0.180429061783639
0.0721975206746232 -0.068964881052793 0.176689664884284 -0.0766613558137808
0.121422178589404 -0.0190595484401748 0.10573418710348 0.031579803839348
0.119624319597884 0.0515719586593116 -0.0327617775255167 0.0518771957191732
0.0687797342181071 0.0719579811890414 -0.181082881733944 -0.0690362646037598
0.0229781641942093 -0.0398049047897614 0.195303629790484 0.0703297735514655
-0.0357523086626757 -0.0376087793980484 0.0573150001339561 -0.059530265425476
-0.0444493451360396 -0.00150397404794327 -0.10222370254669 -0.0453695802686621
-0.0182929267112598 0.0198448932468794 -0.192570334745254 0.0515775389805512
-0.00632173375151104 0.00833963939137053 -0.141099658009474 0.18239202995296
-0.014359376059054 0.00560354623358015 -0.0266597041204303 0.218337547857449
-0.020868766524398 0.00647210653398244 0.0597627239579416 0.180652790194646
-0.0303534769767572 0.00423611868693588 0.129271186621914 0.129404525645087
-0.0298588777090219 0.00145679445389444 0.159661019074721 0.073626247012145
-0.0321880393030139 -0.0072478576888491 0.184338705451904 0.0554222311209001
-0.0250214583105239 -0.025902161714451 0.172618871047342 0.0734683119951089
-0.00952787725905414 -0.0237371898060062 0.144173247657026 0.0811312274944246
-0.00834261265486846 -0.0365761830081503 0.168029701895086 0.0868751388055904
0.00777364498557336 -0.055290492537327 0.222482727905339 0.07662447109224
0.0492938438908619 -0.0365996875992207 0.288058077716732 0.0302886443817
0.106662820265217 -0.000365440993845466 0.173303842762759 0.0685316167803849
0.0533551860568718 -0.0280826492612513 0.0421318914272051 -0.0591758526053049
0.0281428468123458 -0.0172854462889982 -0.106009594770793 -0.0530440646903403
0.0263354003636054 -0.0245242404055434 -0.197382271893661 0.0396861407668641
0.00982445978947016 -0.0540818236259012 -0.15147603225789 0.162605840671599
-0.0277023175937239 -0.0568702950826601 -0.0485277504961522 0.203954847467066
-0.0531162361682458 -0.0457055818595895 0.0403631321630652 0.174893122112564
-0.0754540866624276 -0.044852818009873 0.108855678321157 0.122969348273665
-0.0764271014091372 -0.0473466568738857 0.138461897215157 0.0586278997348126
-0.0807330568606618 -0.0693153820287171 0.170385931289912 0.0250981029474529
-0.0535163308445186 -0.113328068070074 0.17655869345951 0.0345702542252583
0.00503636062969564 -0.118903589481933 0.16115971057534 0.053792306988738
0.0637348577142987 -0.114031901171671 0.171812270631592 0.0794616323896142
0.116630794587005 -0.0921708907624709 0.193791377654859 0.0764513987163255
0.156975277683483 -0.0391610517955526 0.239193945722191 0.0319589567931061
0.177121494323272 0.0434954968732902 0.122370868778355 0.0471292853570556
0.144362079569203 -0.0109417773026235 0.0110392036879535 -0.07915239681878
0.111564357825795 -0.0329594475572764 -0.120822044256661 -0.0749298316772331
0.0760819699984862 -0.0751049110211492 -0.20371197075212 0.0234573026918996
0.0260152683450338 -0.118079174438524 -0.155826306398695 0.132728731810378
-0.0385957816429514 -0.117216398205777 -0.0692115951416676 0.171420655500934
-0.0792901106864819 -0.0941380699623602 0.0121824385129063 0.150560786125614
-0.109685181914012 -0.0879882264829797 0.0735554694840803 0.100887691467217
-0.11075947519072 -0.0877075083321758 0.0982784877663249 0.0305261375021229
-0.119759643239994 -0.118165443895966 0.134997094813829 -0.0163785158439881
-0.0827214481424898 -0.180961780520166 0.162915535171936 -0.0189984624100513
0.00458672033780065 -0.195711353628442 0.173980409485933 0.0129749491391251
0.111784587160254 -0.185589228497564 0.175132939509398 0.0689185281942865
0.201728778467822 -0.125328818125437 0.158483578546845 0.0856518835272287
0.237434435465153 -0.0380198222601425 0.160946695810946 0.0377782984931338
0.225097282335143 0.0766393366980306 0.044795578052453 0.0121050698407283
0.219748202666912 0.00143348060357348 -0.0381943841255306 -0.104924956128203
0.186656937104806 -0.0562685515556412 -0.14130558250779 -0.0986333749665578
0.115899440098962 -0.129813089871426 -0.203129516406346 0.00175403596386289
0.0326934503616125 -0.173697757560004 -0.153368749864785 0.0876081526796824
-0.0501196717543813 -0.163860764956547 -0.0897722933057049 0.121567309143958
-0.0968186135441857 -0.12835999758805 -0.0220001309599089 0.108364310153233
-0.126262502846157 -0.118242939503939 0.0281509488660145 0.0628818013449418
-0.125693012919695 -0.117238693342278 0.0478165864771228 -0.00616631544349821
-0.1364605547573 -0.149591569627913 0.0884028866691516 -0.0595238670113486
-0.0938873964538511 -0.220089663273858 0.135432408191475 -0.0738298714933038
0.00620871020774471 -0.240115709334502 0.176044042480146 -0.0291608747206086
0.144236673317461 -0.22497945313119 0.17054063659511 0.0597237709300022
0.255855868927535 -0.135841340305063 0.115476095167346 0.100930612353696
0.280811260081983 -0.0253694772672185 0.0676889590839855 0.0405633647227317
0.238360314939042 0.092750898854538 -0.0511391547328733 -0.0236610431310403
0.257822748225004 0.00524659795396287 -0.102763149950781 -0.119367279167348
0.226764941303632 -0.0785850715935467 -0.160778285382346 -0.112116191803128
0.130021679599946 -0.1691021380456 -0.189292544245066 -0.0244239508184402
0.0282847398611445 -0.203291955463817 -0.14800883383782 0.0281747039898807
-0.0590190783708308 -0.183157466214881 -0.113115710151364 0.0607709766739051
-0.103056075675597 -0.141002634630201 -0.0602970164113395 0.0562306792323484
-0.125006779732075 -0.129392427170087 -0.0196930929091799 0.0149815133997027
-0.118205665279366 -0.131007796709062 -0.00276082756334446 -0.0493176379937117
-0.124843555255807 -0.164303612237629 0.0427786023906729 -0.101887606960119
-0.0756178099913404 -0.228426670867883 0.1077770260778 -0.120497255840125
0.0269889597065588 -0.242124276808526 0.172135406865498 -0.0610721686138627
0.168405696194075 -0.215444166698891 0.15696103962255 0.0546739467825052
0.275331015811815 -0.10971561450281 0.0661294934074802 0.113686590214934
0.28057519702931 0.00292158114813936 -0.0266820868717199 0.0332141283300434
0.210304952167391 0.0889383320653175 -0.150196285459385 -0.0452112263691304
0.244460334469767 0.0061725122629683 -0.166545317247934 -0.112202542750899
0.217981781430629 -0.0851824599370911 -0.173093607055606 -0.109685050574196
0.114458703632145 -0.170411983066531 -0.165615661743755 -0.0484042112386297
0.0159113899162644 -0.190362268995498 -0.144027404684149 -0.0322131669667588
-0.0580527560366485 -0.167958559234229 -0.138126662271503 -0.000404863600097036
-0.0933473551429298 -0.129801303644813 -0.0988384661725013 0.00356682021564635
-0.104143839893467 -0.121788534840819 -0.0635666919196958 -0.0344845937774941
-0.0930363509012391 -0.127085620512556 -0.0430342324467587 -0.0943072438473594
-0.0903479907521743 -0.157223870409629 0.0133236932815171 -0.14086909684033
-0.0359040002984369 -0.204365231245588 0.0910629307727232 -0.155317034940146
0.0579196736912996 -0.20267248067563 0.168158934938634 -0.0795222056981389
0.178544085657856 -0.159964425498442 0.136065801141404 0.0496658880719785
0.256038902711579 -0.0539645660837452 0.0187447120903001 0.109409161276628
0.238563396997304 0.0377026258457334 -0.106825381714226 0.0102732506130019
0.144077186324724 0.0741300622810303 -0.231096945853364 -0.0496557862227831
0.1824319567684 0.0104190278812672 -0.210145837156382 -0.0871846617787514
0.16318915445754 -0.0684146230061262 -0.175446231571056 -0.0954629154503397
0.0782601923549842 -0.129657913954718 -0.141111803742158 -0.0675472221198096
0.00631685082236275 -0.136011449097987 -0.145003134023833 -0.077467966357693
-0.0412250024459396 -0.122781384468663 -0.161541729351026 -0.0439968898545348
-0.0662829913025506 -0.0978628809710587 -0.13270794669881 -0.0389403971219617
-0.0700950167764549 -0.0944154195343984 -0.0964734883071969 -0.0786442723138649
-0.0569172267506972 -0.103193545960695 -0.06794465838731 -0.134721916511687
-0.0468286876261762 -0.125513355691154 0.00365713099527587 -0.17361365576926
0.00514496190141462 -0.150879375906661 0.0923232548800332 -0.177256683920369
0.0775506665793813 -0.138113570351662 0.167924684150227 -0.0851812944046885
0.162957173954847 -0.0853943602134825 0.11631669497947 0.0418340276352508
0.201326348152882 0.00705166614243635 -0.0160550026812101 0.0868188518698624
0.164245036035801 0.0635499382573603 -0.160143543502713 -0.0247262775576107
0.0520775616935941 0.0575200830886102 -0.276702664882109 -0.0384075821930304
0.0908954457097384 0.0258498935462494 -0.224162386580954 -0.0574185495628282
0.0860003570059875 -0.0289896739258867 -0.170765836925538 -0.0795801517270896
0.0376377131350409 -0.0581675431216931 -0.127981670657269 -0.076792939148672
0.00799554764584207 -0.0559682633402372 -0.150677023909698 -0.095283746342062
-0.00940563556895564 -0.0594341995177576 -0.173519788707081 -0.0627183855135716
-0.0237324802767326 -0.0542364824163231 -0.152079725199934 -0.0634056121811837
-0.025953130978235 -0.0531883515633896 -0.115037601502807 -0.108327153663998
-0.0180049834334622 -0.0613440709697676 -0.0757386699718397 -0.164364318836186
-0.0099027432091781 -0.0728260174789883 0.0104631810006276 -0.195101567773132
0.025970530887935 -0.0822740275423994 0.103531163735457 -0.183703507732464
0.0692927079907283 -0.0704731285982848 0.171626271023216 -0.0817045559551525
0.119355801036156 -0.0235002780214293 0.105921803327579 0.0296722417373095
0.120512145335109 0.0469177607249368 -0.0295932586720042 0.0545364659816464
0.0708465669178736 0.0698147491429267 -0.180133325466028 -0.061937708347704
0.0206310082856485 -0.0405266683846756 0.19426823988786 0.0585199724254182
-0.0373799047641949 -0.035097880245833 0.0520991373087999 -0.0611016784482166
-0.0439167307643087 7.60614144197026E-05 -0.103437079911474 -0.0402093228821531
-0.0166041538902168 0.020448644572186 -0.187324604198731 0.0592957726268318
-0.00574220154469256 0.0078869658099782 -0.128343531661225 0.186198838257835
-0.0139768483091326 0.00621584397771584 -0.0141737285425093 0.214345375849021
-0.0205563861142685 0.00776157741921316 0.0681169533681816 0.174082071571695
-0.0298560379501442 0.00620543571400846 0.134631095564684 0.119517406033662
-0.0297105276434833 0.00317734287147408 0.160941054521642 0.0628029738043023
-0.0315958960571371 -0.0056342936647179 0.184316194495399 0.043347893440063
-0.0263706392216992 -0.024023839168918 0.174747027851471 0.0633984141866051
-0.0103882621729887 -0.0230097144132116 0.14649854081147 0.0750832610445431
-0.0101595632824749 -0.0356168821351486 0.171234801323128 0.0771178638578399
0.00481354221534008 -0.0537658920088916 0.221534828466382 0.0647205382948391
0.0480660516389904 -0.03826569608531 0.283489051442342 0.0161386873244645
0.105371181290665 -0.00595164723223129 0.171979247555258 0.0584684940064402
0.0500341654988325 -0.0306544952716541 0.0369047289085374 -0.0600609634554288
0.0265226136911136 -0.0194203679323492 -0.107873809115831 -0.0491662068548004
0.024433621664789 -0.0253874804857413 -0.192700837116006 0.047722766133948
0.0055853829465644 -0.0537735764342025 -0.140364637436811 0.166877410756783
-0.0311291974479532 -0.0543641374954313 -0.0366783396689596 0.201723412981229
-0.0556497003039918 -0.0418488201105711 0.0483484667189803 0.170080912032062
-0.0771292542455011 -0.0396664816206951 0.114117119611517 0.114722294594407
-0.0783413791310457 -0.0425814097401678 0.139374472188242 0.0500587318921236
-0.0836433792886565 -0.0638808891957367 0.167796952950634 0.0140829789936036
-0.0598715092898596 -0.108670375845766 0.175457939256205 0.0237123419438453
-0.00160003540121768 -0.117692233983436 0.161326478641415 0.0468565326332486
0.0557737677208573 -0.115825440211332 0.174144150648851 0.0704333284299313
0.109759163575359 -0.096489528679443 0.192991371750678 0.0659656795771186
0.153297883467318 -0.0457276500567064 0.235562354369113 0.0200024153781821
0.177419757087829 0.0327160682217024 0.121875447366395 0.0406932496012821
0.139787736352385 -0.0189482626379559 0.00603231482639312 -0.077983321249968
0.107331303585865 -0.0397318625741291 -0.123123412120503 -0.069814052458674
0.0708294314084022 -0.0778366964191287 -0.199288751027076 0.0314757262993034
0.0180019914294946 -0.116774470438842 -0.146318198594704 0.137143436440529
-0.04574194912204 -0.11240398814544 -0.0590981921509017 0.171510957521124
-0.0843681344707267 -0.0877005707348109 0.0197577463429386 0.146919948217837
-0.113096799269037 -0.0796986380050394 0.0779028324068313 0.0945484102925869
-0.114483851003875 -0.0809403728142817 0.0982160218559101 0.0253338632520813
-0.125356620254142 -0.108963131906908 0.130970493266356 -0.0235699995317528
-0.0926559974205187 -0.172474152532 0.159114038769402 -0.0282442373676018
-0.00669023416378248 -0.193533263553622 0.171351277183145 0.00556478529191939
0.0983365669618121 -0.188436876067693 0.17656256446929 0.0605982216389407
0.190677247419612 -0.134183524374268 0.158819481910105 0.0775919037377784
0.23271067887515 -0.0491530397397691 0.159182113074039 0.0286662872176974
0.226359006099235 0.0631796747679255 0.0440500642581129 0.00996985269154708
0.214654621634063 -0.0113233245337717 -0.0432426359874785 -0.100613893976772
0.180592091548377 -0.067255843981633 -0.14467310332441 -0.0923294301587755
0.106195022799846 -0.13417070543208 -0.199288896242878 0.0105546641584096
0.0213450489533968 -0.172084266107391 -0.147469970472918 0.0922001939949516
-0.0594709214839692 -0.157096250710821 -0.0821528319382386 0.124363087194913
-0.103746113837927 -0.119663562475457 -0.0157536415275309 0.107504687604897
-0.131815309688211 -0.107749385990011 0.0315272700763251 0.0607412081655722
-0.130771416421636 -0.108836750251636 0.0458609501509855 -0.00789431815158204
-0.143195562802511 -0.139491503325965 0.0824374137194985 -0.0635855978118728
-0.106341571761312 -0.210837702383092 0.129245835711233 -0.0799410380818597
-0.00793027836119119 -0.237279424939804 0.170356360424413 -0.0357940975843684
0.127468844604854 -0.229087802192866 0.172035970671159 0.0518844380804385
0.243265112130741 -0.14850973926869 0.117773937795511 0.0957449867571599
0.275755979612117 -0.038242794970438 0.0685827093292847 0.0367016661781155
0.239936347091098 0.0777069271210737 -0.0522811669001438 -0.0192607286356333
0.252695972497955 -0.00972805422101545 -0.106965125453392 -0.111435618480082
0.218910558277644 -0.0914785504644416 -0.164906675200322 -0.104904741087835
0.118078590470018 -0.172964642868378 -0.187031933308605 -0.0157571083792323
0.0147867672240356 -0.200713822279573 -0.145769582403274 0.0330525493183199
-0.0697788887413031 -0.175515514166504 -0.109136077377294 0.0655902649109058
-0.110423289927811 -0.132608459996514 -0.0564823952932607 0.0578431206267921
-0.130112194409293 -0.119591027376392 -0.0186093939359626 0.0162474975465293
-0.124731985210347 -0.123163840670923 -0.00689067430240766 -0.04689769910735
-0.132606170457979 -0.154567887685389 0.0360465755873563 -0.102222677917982
-0.0893377742236496 -0.219646973801218 0.0987815620270021 -0.12477071400066
0.0122600033037645 -0.239748455375616 0.165232052418978 -0.0678545554303673
0.151603104071698 -0.221218007698455 0.158057886022688 0.047871868138147
0.26378307250783 -0.1231706408607 0.071055010240513 0.109571081621933
0.276377804227178 -0.0103568163517826 -0.0246506336490396 0.0344941308802483
0.212400951726227 0.0755324347921476 -0.150795154158445 -0.0367386925435444
0.238455759206129 -0.00793988544413292 -0.169314989985871 -0.101402950970152
0.208898744569458 -0.097315721428347 -0.177051293167731 -0.101428597492742
0.103411463212157 -0.173506579037218 -0.164466944472369 -0.0415036028693336
0.00436637001319298 -0.187371075706762 -0.1452540168838 -0.0262453676086626
-0.0675545065845236 -0.161144756453484 -0.136852591667826 0.00826324799794267
-0.100238041412074 -0.121929299947048 -0.0976233852982631 0.00840960578896046
-0.109883392083313 -0.112770136870159 -0.0648131490615189 -0.0303909254685216
-0.0992875540119791 -0.120505964253891 -0.048978068859384 -0.0887625874749906
-0.0978600870495288 -0.149082729989202 0.00403436543333908 -0.138880478953119
-0.0480167378709814 -0.198202021776186 0.0803568914652403 -0.159067961556971
0.0447941639435386 -0.202496628442553 0.160058539484467 -0.0860018500685692
0.164290084889315 -0.166078556297656 0.136981127973979 0.0440883170323571
0.248629020978917 -0.0673015257261393 0.0245660303537277 0.108942434407119
0.237127610009126 0.025653109380034 -0.104083370980388 0.016027118134397
0.146522033393441 0.0650716997526577 -0.229467183345472 -0.0370215038977805
0.178324056769706 0.000274556202729001 -0.210508169014045 -0.0760652351748934
0.156765866143282 -0.0767322747000555 -0.177582130498027 -0.0869268837515331
0.0694014106483131 -0.130897275906923 -0.142118240464928 -0.0616151159393106
-0.00131127182539077 -0.133105409450193 -0.148971106845706 -0.0708760113568021
-0.0486393251997238 -0.117183982610511 -0.161070958336456 -0.0336754459277697
-0.0713052199783762 -0.0924302360869095 -0.132619125591786 -0.031788547828749
-0.0738048288709551 -0.0880216428198941 -0.100275148029615 -0.0708394322118638
-0.0620209792192593 -0.0983588221846561 -0.0751917297504161 -0.127415767639136
-0.0531225130431033 -0.119506966894541 -0.00663678060686459 -0.17050254820281
-0.00377361083908127 -0.14795983610174 0.0804942131402974 -0.179133831982797
0.0686920691780062 -0.139522132757019 0.160189449071841 -0.0918661814346588
0.15421857813416 -0.0925950726379973 0.116971121130279 0.037120432593375
0.197270281900477 -0.00381941556801153 -0.0103955343438029 0.0869935908818905
0.165029065444735 0.0550885157405234 -0.157506776767906 -0.0161998093746308
0.0542402447472715 0.0532827784089622 -0.273565010946783 -0.0240513664753586
0.0895966361088808 0.0204781089494714 -0.221992390683659 -0.046186941818652
0.0816428673665486 -0.0331352019240991 -0.172053179483935 -0.0709038561643889
0.0334504647715224 -0.0588040246705947 -0.129571638123094 -0.0713595658532243
0.00436157499540054 -0.0543146917840634 -0.154890316746221 -0.0871075930060522
-0.0130787698546598 -0.0574455509478616 -0.174222144366769 -0.0513094723774399
-0.0270285296389527 -0.0511412191407979 -0.153801640497706 -0.0539360048803341
-0.0277107017029267 -0.0500377276409635 -0.12019165376053 -0.0996548407815105
-0.0216879284508538 -0.058976680083059 -0.0841797715588395 -0.156248735833542
-0.0133652836636541 -0.0703417610494479 -0.00034182118223052 -0.191537390056274
0.0214021868751758 -0.0815089558193413 0.0921317703502856 -0.186030882089556
0.0635890761811924 -0.0729486623142119 0.163890273260201 -0.0885770046095417
0.114732676814879 -0.0290062099557094 0.105669833399737 0.0254834107556135
0.120864802040993 0.0396823107298153 -0.0254089032890112 0.0562427145712394
0.073264621485582 0.0656249173976979 -0.178868662039067 -0.0508671176974247
0.0180081902825085 -0.0395191498054055 0.187703940825385 0.0460479411810924
-0.0370819781402767 -0.0310286295557591 0.0468434162040385 -0.0602446809506298
-0.0422156708842285 0.00206867182950666 -0.101223498222648 -0.0352582665550601
-0.0142316478589332 0.0203132772502835 -0.176376361511231 0.0644546283027296
-0.0055500476010128 0.00757547995434361 -0.112249671344128 0.184200375837446
-0.0132577889967533 0.00685886470125235 -0.00209686312700012 0.204174174449814
-0.0193729736869943 0.00943218565730902 0.0740878354812473 0.16241723432252
-0.0289227733846016 0.00769039207597109 0.135606708771626 0.106365490783885
-0.0289290789042363 0.00443716058456896 0.156368794909837 0.0511103451284014
-0.0310721822703784 -0.0042200310680644 0.178217870299936 0.0302011252799558
-0.0268967862280107 -0.021940438269395 0.171392395458766 0.0512014470585046
-0.0115738372640461 -0.0217466090396705 0.144572307840918 0.0666586475656824
-0.012112559795882 -0.0339164500154902 0.168323251976387 0.0656646032255891
0.00234473831887018 -0.0513951656195842 0.213383740965842 0.051293873588896
0.0453636206770311 -0.0388248673213847 0.269799983406147 0.00192141962259567
0.10038524964797 -0.0114508796291615 0.16620667311309 0.0478583320485011
0.0457634415771881 -0.031944543559069 0.0320231067100547 -0.0588033384688098
0.0239079122725545 -0.0209281770696351 -0.106008237306521 -0.043375038738066
0.0223793881605996 -0.0253892930314177 -0.181419821217804 0.0538726920051872
0.00203656297851322 -0.0514234009167681 -0.12581207116412 0.166075696921645
-0.0330223862719132 -0.0495494380308596 -0.0244041883507033 0.193410113543387
-0.0563324451936456 -0.0360714074888608 0.0550515182827392 0.159591627188958
-0.0764496428086543 -0.0329786435475472 0.115794339527194 0.103690864102847
-0.0780341796549162 -0.0364408615146335 0.135010216526978 0.0401261967165754
-0.083731969668392 -0.0568041400047127 0.160361305733464 0.00401127710409814
-0.0644904639538857 -0.100099948995392 0.170144680008887 0.0132925846626296
-0.0082309421202408 -0.112197638562676 0.156790371750903 0.038248247626892
0.0457732237091285 -0.113335910037547 0.17072303523629 0.0594764505808453
0.0995438215386896 -0.097757439411699 0.186843411902683 0.0544286542965644
0.144874447263671 -0.0507805670485072 0.224463693769108 0.00863275641841122
0.171632268714202 0.0220028689356747 0.118115363673637 0.0333649465870154
0.131099960614292 -0.0259825620621018 0.0021006283177601 -0.074180492017525
0.0993192847966317 -0.0447879170163572 -0.121479635584512 -0.0628953935662948
0.0631589576591732 -0.0781543507116127 -0.188561669095182 0.038819438541446
0.00958713501328263 -0.112024286060399 -0.132873048427818 0.137402358870759
-0.0505054625338108 -0.103730496441901 -0.0477406446629085 0.166432224332363
-0.0860609745523852 -0.0783844192883808 0.0267057815655103 0.13899361666606
-0.113162354013785 -0.0691788442869729 0.0797063221877087 0.086531566432809
-0.115143266003481 -0.0711167201964305 0.0946684483224338 0.0194004843040529
-0.125978781086183 -0.0974543066518256 0.123190763696514 -0.0298669395866173
-0.0997241607121134 -0.159280607299218 0.151053580982928 -0.0358818868386193
-0.0178838014797228 -0.184817877129769 0.164010883800851 -0.00141817282083811
0.0828124669369527 -0.185064166121072 0.17332734920732 0.0502085686521132
0.175062694442407 -0.138714399982559 0.15519195089395 0.0678412953099998
0.220437253520743 -0.0576853768927693 0.15264959785843 0.0207359063798359
0.219922422093397 0.0481812766892765 0.0427566574785393 0.00874820356181956
0.202837924664243 -0.022131157335994 -0.0463034742333209 -0.0932440615435856
0.168160085901178 -0.0751641437457892 -0.143949893033448 -0.083876454044622
0.0944251944663103 -0.13396183925335 -0.189002022542096 0.0184500168875648
0.00981779907780021 -0.16461842843238 -0.137250405867178 0.0944957318628551
-0.066993448859867 -0.145246299228458 -0.0728545560490852 0.123267203358353
-0.10751153684476 -0.107964647260636 -0.00929691295217737 0.103886830243413
-0.132510442791916 -0.0953154832232921 0.0334211242083095 0.0560131343711624
-0.132362328274363 -0.0974045789153053 0.0433360815503413 -0.00870376325909095
-0.145255676485333 -0.124563123539392 0.0747469701272482 -0.0651361721481536
-0.115122108831942 -0.194267317042041 0.118817095971417 -0.0843317709587493
-0.0211002786255726 -0.226240271650701 0.161256184457717 -0.0415277613903624
0.108455525507147 -0.22540679780247 0.168529416004337 0.0424017365999571
0.223402382612775 -0.154636339495656 0.117200392295211 0.0876028697302488
0.262347759774692 -0.0488521221402666 0.0668124208901754 0.0319610865965688
0.234252407237773 0.0610134670972174 -0.0510749882405925 -0.0146392690030079
0.239102319891274 -0.0224955794573725 -0.107597350474945 -0.100248056467367
0.203487095265724 -0.0998811508805507 -0.163544990506974 -0.0940801838437687
0.103324105712638 -0.172601547781394 -0.178843740814514 -0.00820787240399042
0.00167733404519586 -0.191191392050626 -0.139447581362628 0.038071412340984
-0.0772502038296808 -0.162426385663809 -0.101744205066292 0.0689319651429682
-0.114379881726652 -0.120033224311201 -0.0511892503962693 0.0580914144368389
-0.131049467136587 -0.10618162407872 -0.0171332991720135 0.01688502865295
-0.127252185913129 -0.111119794320267 -0.00900259653889697 -0.0433802949878385
-0.13561378656895 -0.139847966021974 0.0281334684993747 -0.0993088716502009
-0.0985272370533514 -0.203877839504857 0.0866289764833402 -0.124834064321908
-0.00166617112971505 -0.229902622517336 0.153750096042652 -0.072041896492125
0.131825734360852 -0.218802958959328 0.154932528975212 0.0403358351156901
0.244419236390663 -0.131896027726023 0.0730824251536298 0.1030603449236
0.264574157010214 -0.0228915433100303 -0.0217530966420052 0.0340882585122605
0.207774181584774 0.0608353540517785 -0.145742745395542 -0.0265303186686436
0.226205322325144 -0.0202095175206003 -0.165860623318249 -0.0879287824478313
0.193881128666398 -0.104626565438679 -0.174966444793447 -0.0895046403996566
0.0886284573536869 -0.171240132768906 -0.158830707405348 -0.034307247575241
-0.00704919562161072 -0.178019366966631 -0.142146024827995 -0.018957133519017
-0.0744878637673291 -0.149002633552947 -0.131503334024077 0.01599818123642
-0.103940264749043 -0.110456084737506 -0.0931638355215364 0.0130482420813952
-0.110785209602854 -0.101675069209204 -0.0644211862639865 -0.0250826604939208
-0.10251669757445 -0.109311165168618 -0.0527404325343281 -0.0809044340398091
-0.102145194170972 -0.135998161933748 -0.00381219910440638 -0.132389827641447
-0.0576466530798548 -0.186036138192778 0.0677854737013546 -0.156142449832803
0.0312646880977158 -0.196324174401757 0.148464502043204 -0.0897519088953394
0.147279256454295 -0.167301014886878 0.134626273709039 0.0375068830230273
0.232916265994331 -0.0771555131973794 0.0294475020880654 0.104019405903124
0.228403238603677 0.0133287011367824 -0.0977421183718735 0.0202738187953152
0.144096081593617 0.0541482435470545 -0.221611363707134 -0.0237406980711735
0.169275631044336 -0.00913833538030841 -0.203435770994624 -0.062281713775822
0.144686994039284 -0.0818127508830475 -0.174695624424336 -0.0755700739796865
0.058845271739319 -0.129241068860975 -0.138026342923539 -0.0545634732277593
-0.00900354100083633 -0.126209655681927 -0.147898046126081 -0.0611618531469178
-0.0539874131029995 -0.108437528452183 -0.156183288066412 -0.0229895231701297
-0.074326327014084 -0.0837633237807221 -0.128837990319332 -0.0235789748425885
-0.0751411042586706 -0.0795986485477224 -0.100462260891744 -0.0618190423299368
-0.0644830093851334 -0.0902546378409269 -0.0799431742807447 -0.116598402549728
-0.0569913801637247 -0.11087497264709 -0.0158432458288895 -0.161951144479166
-0.0128024064293449 -0.140514981847597 0.0670307042948853 -0.175570796944225
0.0580092979157898 -0.136505822505636 0.14810375994528 -0.0948621282278591
0.141007681007905 -0.095535220665308 0.114175794617123 0.0320359934881577
0.188120753580883 -0.01472681638196 -0.00482389626362988 0.0856214075299339
0.160691026460599 0.0457596579531453 -0.150361608888025 -0.00777231428714345
0.0554470101714203 0.0478978934251396 -0.262647266016806 -0.010145816565814
0.0858950062304769 0.015076299516282 -0.213157516171767 -0.0338980799402235
0.075822459981347 -0.0357593593213718 -0.168149310519198 -0.0601057530437778
0.0283720998442926 -0.057065732237762 -0.127483366906726 -0.0646592122063908
0.00162307220737222 -0.0511643370865804 -0.154648927995137 -0.0759655000482507
-0.0159845909534401 -0.0533967767627829 -0.169543029009888 -0.0395117876280943
-0.0293675255150185 -0.0472108384713112 -0.150449227947247 -0.0443397877403353
-0.028542546398865 -0.045924129551836 -0.120681416003567 -0.0882065599852619
-0.0236837485225296 -0.0546272206613205 -0.0898118906240628 -0.143491458454013
-0.0167697936313334 -0.0653435517840258 -0.00994548583523667 -0.182792727980331
0.0161889929558929 -0.0786364287693936 0.0779713395876483 -0.18172966164775
0.0564924844323035 -0.0724644286107538 0.151980433711397 -0.0922528843071048
0.10724416599605 -0.0333122320322525 0.103040178729505 0.0210173711480773
0.117079801760307 0.0314275703475936 -0.0202939368807715 0.0564664622847178
0.0739584208460982 0.0592444410357454 -0.172414028471213 -0.0400768824622946
0.0139690132876605 -0.0403691774356656 0.179178208342854 0.024914019500745
-0.0377365556596112 -0.0249536294420186 0.0376447726706487 -0.0615086367981046
-0.0395542533584067 0.00690016457719634 -0.0970509310894655 -0.0220421093222881
-0.0112234566208794 0.0198147061550271 -0.155385145612883 0.0822983641753052
-0.00521229447108052 0.00803094728032587 -0.0817265879853842 0.184958570533595
-0.0110674687478842 0.00786668846836269 0.0222304256158177 0.190585453330012
-0.0163720535494467 0.0113494245763392 0.0884981494148309 0.146071042613177
-0.0261407092314676 0.0108718662464414 0.13803142064702 0.0824538869760067
-0.0271104287500081 0.00666619935851455 0.15083233308054 0.030045480937911
-0.0301646660604111 -0.00147563973016835 0.168088263344167 0.00658863917354964
-0.0287301318868661 -0.018174904274348 0.165236336796503 0.0291859825014563
-0.0132985627722708 -0.020573110392982 0.143927226632763 0.0481025078381779
-0.0156716486293533 -0.0310155395393573 0.164562631619114 0.0426734178829149
-0.00360196386491786 -0.0490815552316589 0.202020646633802 0.0217876255817066
0.0371442198671427 -0.0442420457078585 0.253990445564949 -0.0290473499638656
0.0962612179207482 -0.0244561685282926 0.152669239598725 0.0283621637899463
0.0384637089340861 -0.0344545021035405 0.022249761534065 -0.0569997568312278
0.0185058032707017 -0.022113548057509 -0.105730994572647 -0.0290392001359222
0.0179122433788626 -0.025942253417154 -0.164176618710556 0.0740431880943016
-0.00497065076226726 -0.0475627208604738 -0.0974025753591345 0.171289992636434
-0.0358159988255624 -0.0414548256416774 -0.0015979078189055 0.185323141317762
-0.0549805678584569 -0.0260877843004216 0.0691194984518668 0.145840509355954
-0.0752818432172901 -0.0213439729368184 0.119886632723179 0.0817584602614477
-0.0772829777079204 -0.0254211451966097 0.128844111686787 0.0226493597594829
-0.0853863193400592 -0.0430490895156803 0.146980863742732 -0.0154050378850057
-0.0731112863127153 -0.0848445297539144 0.157307824167093 -0.00596024164620493
-0.0211013504019466 -0.103975804090095 0.150013103057563 0.019167642817917
0.0271068661393471 -0.112054153477662 0.165342723975563 0.0329340884785923
0.0783840850271853 -0.10269293006751 0.180904582527204 0.0239144199838535
0.125944586708471 -0.0668037008320377 0.214424026705843 -0.0178671881480514
0.167885409992636 -0.00204951963514508 0.0992421731297786 0.0190061061556188
0.117816971557695 -0.0380186651072928 -0.0105162761346646 -0.0678080626403719
0.0857151331391708 -0.0533131296068803 -0.126206973641432 -0.0448023597093139
0.0499067581778394 -0.0789630494016337 -0.175019835059709 0.0619581594836982
-0.00503924967357076 -0.104011741788878 -0.110812564190431 0.148420554379817
-0.0583371405458626 -0.0892350271980826 -0.0271351661208133 0.164782967949278
-0.0880620513863601 -0.0613377695286764 0.0383362620270773 0.131067945836633
-0.113183685060102 -0.0504128949749821 0.0846140576581407 0.0701302784049734
-0.116877264907767 -0.0529534783589401 0.087862308169632 0.00819352907490691
-0.128483378213999 -0.0749504439835716 0.106203130709839 -0.0424357103786194
-0.112918338299336 -0.133957964847483 0.132618445140378 -0.0490709945430849
-0.0387938737041414 -0.16950932582211 0.149557917529405 -0.0204083371402022
0.0508520084358855 -0.183061913241378 0.165554504210014 0.0229594381263282
0.142156859155344 -0.148542237275033 0.155199388377739 0.0367196252730675
0.194001671643671 -0.0809797956861977 0.151691429013655 0.00130308447643366
0.21673592123544 0.0170690755888936 0.0221044085996023 0.00334319992997486
0.185341433940899 -0.042777931506182 -0.0597661467942644 -0.0794745537661198
0.145468556754025 -0.0889817887780153 -0.153368498154412 -0.0607201588953154
0.0725019946108585 -0.134144425579073 -0.1800314715777 0.0431905040011604
-0.0108961044121489 -0.153370319238009 -0.121583915415234 0.110495299867561
-0.0787397463491112 -0.126338106374212 -0.0566421039686519 0.129651712330497
-0.111371565357877 -0.0868932757098956 -0.000749499099360957 0.102481352704585
-0.134358312077217 -0.0723077605217222 0.0370730512915381 0.0479592947197788
-0.13571735276199 -0.0744429276936097 0.0362127858456556 -0.0120225396852105
-0.149182951011985 -0.0974443963762659 0.0561775776399625 -0.0687026947074298
-0.131872492352938 -0.164277334106228 0.0956723111536485 -0.0903265246057679
-0.0474841870602129 -0.206583896289788 0.141012004690188 -0.0584746872533505
0.069382831762489 -0.222611511924253 0.159932185624678 0.0149220710138097
0.184963015247438 -0.168253987873761 0.124278460345206 0.0578079378046331
0.233448468361727 -0.0775627307502318 0.0740140273092821 0.0220024480162038
0.231404713924595 0.0282591222367776 -0.0696034750752329 -0.00802159677801021
0.218169765196097 -0.0470466577880077 -0.118945650570749 -0.0788480451775655
0.175632876492364 -0.116221907496113 -0.174781537625713 -0.0671653136386503
0.0774939028443289 -0.170097175029635 -0.174949637190187 0.0180471981837709
-0.0207249998219771 -0.17727064881505 -0.131561898050274 0.0592883821369077
-0.0907368063892224 -0.141436428831668 -0.0904624986574284 0.0832088843686151
-0.119182884703125 -0.0963912478524633 -0.0460890162055875 0.0642880092717755
-0.13481152574546 -0.0829844890376673 -0.0147086061628279 0.0176524864778381
-0.132703949539617 -0.0877291261580781 -0.0169273061227801 -0.0379285318225032
-0.141995554708084 -0.111891294302955 0.00849016144757687 -0.0951391169908732
-0.118621806903802 -0.174764329289252 0.0611115192923823 -0.125265465126309
-0.0297123987954051 -0.211467451887524 0.130578290450451 -0.0867881624329347
0.0917286204775194 -0.219739755897989 0.14740052215906 0.0139425665931173
0.206424253212586 -0.149516219820495 0.0877895621404583 0.0777955584139802
0.238987678143952 -0.052536629928023 -0.00857001416223108 0.0348603342169278
0.205658045676466 0.0318525764918998 -0.157102806523475 -0.00996067573927135
0.206913274585438 -0.0428209177446848 -0.171308217794621 -0.0613842479294089
0.167036813393157 -0.11910879672336 -0.18414377911686 -0.0612608905094314
0.0639616069615432 -0.167750196752955 -0.159715210135958 -0.00963889535586209
-0.0269654169292234 -0.164579719754116 -0.141803662438015 0.00586424723801887
-0.086383962920199 -0.128448568102423 -0.124562402821626 0.036355562923081
-0.108876704393905 -0.0894039484321029 -0.0909541089387319 0.0255453367472081
-0.114731330709964 -0.0804359146091773 -0.0640870546006045 -0.0153748011452008
-0.108825476559619 -0.0887866558615496 -0.0613460812341916 -0.0678972474143509
-0.110156240322178 -0.112035360702568 -0.0249268889142281 -0.123095180696796
-0.0774961836619769 -0.162563473735834 0.0402252830746718 -0.153206797904257
0.00466575118414508 -0.184197168549176 0.123807595167091 -0.103361462788158
0.112795526245 -0.17328026344249 0.130052309762521 0.0145209876105548
0.203254471412389 -0.097963284778596 0.0485330628401683 0.0860323210125593
0.209868514083441 -0.0146541363889498 -0.0826657753642388 0.0315263828337032
0.143183054503494 0.0330328297575933 -0.222655338258282 0.00103383801530168
0.15501149601987 -0.0259221760487852 -0.201844102316383 -0.0331767934056715
0.123620749257507 -0.0917564795148588 -0.179200920866061 -0.0483801962172333
0.0408776643714184 -0.125368622102099 -0.141514820091866 -0.0328759426636699
-0.02242436856661 -0.116102344806103 -0.150665894167955 -0.0342347770574814
-0.0622554466970205 -0.0935861276515868 -0.151312521976805 0.00117793549125042
-0.0790480100648129 -0.0678756313063157 -0.128355303585985 -0.00477903420123701
-0.0787356930005925 -0.0647392778339196 -0.102249919791583 -0.0453141173775711
-0.0716245708719439 -0.0754139135313878 -0.0900310136551478 -0.0979773974701576
-0.0655693689576589 -0.0933640644043063 -0.0378202217940141 -0.149150312149819
-0.0296517867892407 -0.125876835988881 0.0383896309798638 -0.171816959712165
0.0354400802297807 -0.131952163868244 0.125029789658876 -0.108868630080054
0.116832868517658 -0.106213328264921 0.111949970548841 0.0129736380954795
0.169841194707468 -0.0350481157917826 0.0141431917440138 0.0759108821098777
0.152019687742193 0.0230017788285502 -0.136693706018998 0.0122868997172145
0.0575248992762529 0.0388531883908857 -0.25207730226832 0.0166311457236601
0.0801061450605275 0.00537099824240531 -0.204544778140724 -0.00804803293495446
0.0648629323357442 -0.0410664132500563 -0.167830045052112 -0.0370617027277068
0.0200787828718621 -0.0555206366014622 -0.130772399517585 -0.0440850308285005
-0.0038667195944229 -0.0481640911389425 -0.157540122931261 -0.0493987622116247
-0.0213885902615261 -0.0473864406233895 -0.164781929314155 -0.0148551995587276
-0.0332464800213059 -0.0394702033606017 -0.148897611745134 -0.0229271527479717
-0.0308381182580494 -0.0393261661812834 -0.123776416002265 -0.066902951660484
-0.0283687241537021 -0.047451114808882 -0.101293499693117 -0.12208312538219
-0.022341935590819 -0.0566549336379056 -0.0335199972567727 -0.16894638074354
0.00423857095038005 -0.0737081978368063 0.050091982244783 -0.179031441278294
0.0422529257744389 -0.0732007086530298 0.131140332239667 -0.105894030474816
0.0934388243330143 -0.0448785823354898 0.100365980981598 0.00665889230373962
0.110441623559147 0.0146348642417182 -0.00509283636499104 0.0535238023060313
0.0744793308972948 0.046817195639633 -0.163748158286423 -0.0161028058140321
0.0138982010289982 -0.0380246468650057 0.168973740959213 0.0254740152264019
-0.0352441746191034 -0.0234953109898075 0.0367952518893647 -0.0573588521055188
-0.0380233016676323 0.0057606631254035 -0.0917134769147375 -0.0235202901618383
-0.0106876266922863 0.0181594375735047 -0.148579128574629 0.0745986561820715
-0.0050991545938616 0.0068949574396403 -0.0781518568495695 0.17281261854949
-0.0106504427350282 0.00698679886745961 0.0184171195983059 0.178914513767039
-0.0154126905029423 0.0111134873446268 0.0820701315716931 0.137981327911396
-0.0243730079574151 0.0105467796123764 0.129570447446455 0.0783079073623777
-0.0264504185692912 0.00591857405894002 0.141945159176455 0.0295792999722041
-0.0291071644704703 -0.0020152080303407 0.157922231026181 0.00759783532504697
-0.0271712578451559 -0.017184492793955 0.156295421827545 0.0293242157109221
-0.011663486401313 -0.0198469248464057 0.136179651466121 0.0482225182543568
-0.0145970385550832 -0.0293528117484615 0.155035776026419 0.0424900744709131
-0.00293864103427474 -0.0463677335242547 0.189225860567108 0.0244825464077693
0.0364934530729376 -0.0417896674617977 0.238383309692087 -0.0222147771525564
0.0907772796974105 -0.0221509814487327 0.143627793113062 0.0283448733088014
0.0362223154357982 -0.0317582111253711 0.0221757068593834 -0.0538856394864177
0.0163223893633743 -0.0205690339920267 -0.100101837080328 -0.0296480769985257
0.017133924804387 -0.0249146480794564 -0.156150215069683 0.0663892056489248
-0.00460032930064665 -0.0444022697355679 -0.0934963230801139 0.160141006103025
-0.0338827803131952 -0.0390977261160444 -0.00404969389523778 0.173945343292197
-0.0520768389142561 -0.0241457602484121 0.0638478290896934 0.137581527764602
-0.0709695419362314 -0.0204400302762573 0.112332235095793 0.077587649115749
-0.0746997591280259 -0.0245651633344646 0.121425523026734 0.0228120682488217
-0.0806291427535079 -0.0416051930323069 0.137605325188027 -0.013367068975218
-0.0692633886997716 -0.0799200848529429 0.148738277349362 -0.00465679687847871
-0.019189571303208 -0.0982597041600783 0.142225226247852 0.0214093295343886
0.0263252909379701 -0.10502467085973 0.15636336524697 0.0347263009528375
0.0747744995926234 -0.0958061694418125 0.16918122713838 0.02654132991231
0.120820532328298 -0.061431468729397 0.201730459095833 -0.0124723390554051
0.158273568952204 -0.000509809807046257 0.0942663160668091 0.0197677227633185
0.11042744310624 -0.0344500471228049 -0.00836186294262197 -0.0636998018299863
0.079647335388884 -0.0493256071155941 -0.119548130227372 -0.0456071375556669
0.0471052610358212 -0.0743878447961382 -0.165712304521466 0.0535597981324829
-0.0043772372147766 -0.0975859195108646 -0.106178592420388 0.137516908522159
-0.0549924923544462 -0.0836693988444823 -0.0281601157173951 0.155544680882655
-0.0828594867764233 -0.057646872551703 0.0352008505355761 0.123458373627616
-0.106818602620772 -0.0477566625327016 0.0792563397349167 0.0660393106314621
-0.110455417439247 -0.0509502035024761 0.0832491952501944 0.00939141731650044
-0.121126446190972 -0.0716105625047811 0.100341157516271 -0.0384243986109874
-0.107281746522048 -0.126330458077238 0.124891893272079 -0.045695382517964
-0.0358814494625396 -0.159823698769586 0.141514930215277 -0.0159786360512187
0.0495163569409961 -0.171234004811081 0.156467900812145 0.0243344004207139
0.135382252565122 -0.13827393131309 0.145976017266469 0.0384625086385023
0.184715910631882 -0.0731920331319148 0.142590637160455 0.00438246657086845
0.204559322104226 0.0178109527659327 0.0214272294329298 0.00414838394748981
0.173269927748193 -0.0383661191580646 -0.0541879206558292 -0.0750733848536054
0.136192226580077 -0.0827590367536408 -0.144282131026678 -0.0599843469738347
0.0690068007881336 -0.125906266047827 -0.170584097413324 0.0364630996971236
-0.00934182695867544 -0.143548315483979 -0.116094408915838 0.101247093251147
-0.073772145747934 -0.118094883000261 -0.0546700810323979 0.121943718880468
-0.10503595955198 -0.0818732343543225 -0.00172870787192701 0.0959597342867795
-0.126660756273474 -0.068516768652415 0.0348832979377838 0.0446994291623605
-0.12874797203476 -0.0709223440991254 0.0342783981591252 -0.0100482772265155
-0.140894835835195 -0.0932703423003119 0.0529716761418745 -0.0633219382282916
-0.123877193799247 -0.15463670124006 0.0904506559318157 -0.0846179546737068
-0.0435021540360603 -0.194917545035974 0.13402896074775 -0.052334881746625
0.0659787687801551 -0.208967958200804 0.151882007132426 0.0174902557814146
0.175403849708906 -0.156800006887031 0.117210037329973 0.05837435676164
0.221698697202727 -0.0691630089349801 0.0700452408411479 0.0230311431578409
0.218335369206284 0.0281851881353418 -0.0647489090011307 -0.0081612495899222
0.205266386130301 -0.0418833334411615 -0.108879623632151 -0.0745260362590244
0.165368628329885 -0.107990505935972 -0.164423425308719 -0.0666333393454692
0.0737823506876715 -0.159954329987015 -0.165351058217403 0.0119543574066841
-0.0182687763895062 -0.166548614450167 -0.12587901274399 0.0537682219368774
-0.0849179600298302 -0.132131109600878 -0.0858715827776084 0.0782334116630846
-0.112731182619331 -0.0911639040080997 -0.044132881650469 0.0602425830795616
-0.126338151232414 -0.078780352756446 -0.0147307582148754 0.0158761478911685
-0.125521052294919 -0.0839156811193856 -0.0153211175480099 -0.0345806661867291
-0.133977803765413 -0.105528269886723 0.00811977510860152 -0.0890164561530246
-0.111154102430005 -0.164802145825204 0.057952576905967 -0.117684538377667
-0.0279304377495537 -0.199784456931408 0.123746071352607 -0.0792647153779975
0.0875930483070597 -0.204944538690234 0.140215104058456 0.0163112776198016
0.194978841503286 -0.138936319173204 0.082735063112914 0.076326052206211
0.226932171423825 -0.0461719824315068 -0.00766721258556194 0.0334234463854006
0.194011833655669 0.0318545687584093 -0.14775725385639 -0.0112586415890393
0.194427682820271 -0.0378701328405765 -0.158943063353768 -0.059201594631733
0.156871466201025 -0.110686712759819 -0.173620358163848 -0.0610125677822927
0.0609354771903264 -0.157280320819357 -0.150226767398721 -0.0134465837617822
-0.0240485776744655 -0.154132139646436 -0.136081624058382 0.00369638505508698
-0.0810353460842716 -0.120543944682848 -0.117505738581836 0.0344042849784639
-0.103040088673447 -0.0838963567917442 -0.0863017539907633 0.0239626010954068
-0.107828480444715 -0.0767467046958016 -0.0607169799074157 -0.0149986681562989
-0.102797436113312 -0.0845632131579171 -0.0569870350753974 -0.0638791090301359
-0.103180972860569 -0.10561694830979 -0.0229300188139228 -0.115239171407091
-0.0724545954186916 -0.152863240829657 0.0388899511321627 -0.143890980083022
0.00505206892464555 -0.17292627150398 0.117821858996132 -0.0956020641612278
0.10714179123017 -0.161387881864205 0.123535642739672 0.0169674408299584
0.191871155096451 -0.090498750936505 0.0452610455126757 0.0825503231687963
0.198755143378278 -0.0105168101063742 -0.0775919034089265 0.0291387174526333
0.134719817988696 0.0322904396995067 -0.209477703712107 -0.00203362203578881
0.1452354561525 -0.0223587809131297 -0.18888933318649 -0.0341879558334906
0.115842269226492 -0.0852109952099671 -0.168346513551756 -0.0486312622754474
0.0390551737101188 -0.116810018174715 -0.132640451105147 -0.0347415945119596
-0.0200925850274529 -0.109368907381566 -0.144255467309779 -0.0338564311248099
-0.0582106597160508 -0.0877989136125601 -0.142776079629091 0.000461870737115949
-0.0747197337816888 -0.0637727211608282 -0.121675512108675 -0.00505527994180437
-0.0731580071589855 -0.0618344931928381 -0.0967056428307207 -0.0431793793041661
-0.0669310104102774 -0.0712798427681083 -0.0844875252186875 -0.0917864768943337
-0.0604106024435512 -0.0878082072708656 -0.0343518998610369 -0.140832237061044
-0.027437718494044 -0.118744010508461 0.0376387073880382 -0.161376669453317
0.0339982164581431 -0.123251487585939 0.118862341951074 -0.100130325020764
0.110034057772104 -0.0975975484294528 0.106583338496563 0.0157684027677062
0.160036468263475 -0.0310960353585594 0.0133897523264589 0.0725372782586311
0.14391989651419 0.0241012675988053 -0.12868682051515 0.0096834578526316
0.0538777452200835 0.0373330832956383 -0.238292393371322 0.0110515482083967
0.0755586055340044 0.00652603295089717 -0.191890856611272 -0.0112559000938076
0.0605894979678138 -0.0379971057017141 -0.157187295380714 -0.0377777993595377
0.0191098873566493 -0.0516252004758012 -0.123190489614409 -0.0463048472366284
-0.00359672156242166 -0.0448298213987961 -0.149809462895535 -0.0481955027834126
-0.0199993653818507 -0.0444493716049209 -0.154862768326325 -0.0155411616448433
-0.0310796732691191 -0.0368483784054659 -0.140774856562823 -0.0227871498000331
-0.0282990397824981 -0.0371438518433356 -0.116524535479249 -0.063728828494466
-0.0261380085859537 -0.0452822006014892 -0.0947925710303114 -0.114793723898325
-0.0204223194933064 -0.0528837756587371 -0.0304456471891383 -0.159444958339265
0.00442993380936744 -0.0689595636294544 0.0487692793733956 -0.168201059381668
0.0402840027593969 -0.0680122012732576 0.124656247456082 -0.0969950980240299
0.0877929687560995 -0.0402175259397302 0.0956646652216422 0.00905265139674516
0.103585270738511 0.0151469998162984 -0.00452127938966244 0.0511958289130758
0.0692574122017792 0.0452663354913762 -0.152212077646195 -0.0167605820035917
0.0153434459696463 -0.0360911800557555 0.162219427332584 0.0312761911007336
-0.0332521845435536 -0.0236845362790441 0.0386594648297828 -0.0550102624676493
-0.0373394705025123 0.00433076676388866 -0.0888921434457368 -0.0270184907872712
-0.0111258768072688 0.0167272274450944 -0.148551862345245 0.0664361604606196
-0.00482854804266274 0.00653299444953872 -0.0819865093639681 0.163643279062024
-0.010717355322135 0.00625917896521187 0.0114529423498839 0.173636629868148
-0.0150811677696016 0.010509423405831 0.0749728628093599 0.137166210757671
-0.0246554118469444 0.00910325381382565 0.123431674421999 0.080180821976772
-0.0262354451178629 0.00487791537381666 0.136735091902333 0.0342057461513164
-0.0288752069758122 -0.00304618187571601 0.15207893644556 0.0130683282682303
-0.0265514493039922 -0.0173704803891785 0.151585890563144 0.0337027045326961
-0.0108418478798093 -0.020000186602708 0.13189731168498 0.0541250483606583
-0.0132868664973574 -0.0287432568312031 0.14874818799615 0.0479186346923144
-0.000570203596074325 -0.0450678345384841 0.182056563923295 0.0330364086710278
0.037844656570607 -0.0394073496307017 0.231722077097831 -0.0105322084723814
0.0894223950636838 -0.0183917664742117 0.138589845999122 0.0334277670414515
0.0359820208720689 -0.0293519341361137 0.0241366715862197 -0.0511043434499709
0.015371630013726 -0.019253026790495 -0.0964915543169127 -0.0340029010728136
0.016884934949202 -0.0234334150231395 -0.154659949695488 0.0575257090488084
-0.00312005769949069 -0.0430084077019856 -0.0964739291144437 0.15053882361426
-0.032161864715162 -0.0382885177994545 -0.00978949131650087 0.169219747859078
-0.0500145456289623 -0.0252410870958089 0.0568590640599738 0.136252636396717
-0.0682388489745393 -0.0214864026538651 0.106838732510696 0.078754708240303
-0.071789434011566 -0.0266886849262605 0.116972698268659 0.0270498915670896
-0.0775016608258554 -0.0434557395216948 0.134064723876084 -0.00778984942924136
-0.0647592537093379 -0.0796057208234607 0.144865099682371 0.000137081623003775
-0.0157753833882919 -0.0963214956436883 0.138277501764745 0.0271380619195251
0.0284973637277531 -0.100432838610029 0.15079939965258 0.0400763554461441
0.076423009576196 -0.0898690953708855 0.163824255342928 0.0340456082370599
0.120278232083095 -0.054932007223951 0.196078589621353 -0.00242886649044889
0.153855774841966 0.00513866483274579 0.0912973113176402 0.0230452380320538
0.107818514404697 -0.0288118838909293 -0.00437576229956121 -0.0616156399450204
0.0778694934298404 -0.0451129404289589 -0.114891409874827 -0.0499312187889817
0.0479342765555084 -0.0701503158580131 -0.163504994612636 0.0446756634609256
-0.000692437922647402 -0.0943916436834919 -0.108103017122536 0.128896864249804
-0.0513299323812113 -0.0823949075719182 -0.0324895103046592 0.150204801144705
-0.0790036020462761 -0.0585779075193081 0.030215835348184 0.120619173715163
-0.102331454875467 -0.0494181732230606 0.0749774458789719 0.0659847720651897
-0.106988720413045 -0.0531148885748006 0.0809667188477516 0.0124732048648329
-0.116170863336598 -0.0735815935924323 0.0978263590442852 -0.033160410184766
-0.100619493784661 -0.125367724827049 0.123089192388224 -0.0405747274789655
-0.0303283670899691 -0.15607772362717 0.138753919280374 -0.00854506269479053
0.0531599133388775 -0.164158703863632 0.152169079093823 0.0310240976168631
0.1358695202465 -0.129017521469231 0.140239851173239 0.0453916218544163
0.18300828739307 -0.0643429843963419 0.139152645987221 0.011223901166093
0.197754858279798 0.0242614408450111 0.021941319919068 0.0053999315894916
0.169065366243756 -0.0301177829786061 -0.0476718537968487 -0.0743869835100791
0.133832959047033 -0.0753358880662924 -0.138875649730437 -0.0651151736595343
0.0708467785838257 -0.119792583836381 -0.166820672689739 0.0269163085558077
-0.00456035853966321 -0.139158900741889 -0.117256215197394 0.0940526803682067
-0.0682988100044861 -0.115943980800016 -0.0577143473061569 0.117205215466946
-0.0998632356392985 -0.0818857112347809 -0.00482748605443815 0.0933209302471174
-0.121267115060632 -0.0704454937434549 0.0320676266049716 0.0440560856328756
-0.124050065990561 -0.0738925277589132 0.034076781808255 -0.00761224492092254
-0.13500590532075 -0.0948223451798479 0.0532961511282605 -0.0593281486968082
-0.117046607871095 -0.152973431692854 0.0909650145752531 -0.0800432304818916
-0.0365188538449962 -0.190135934427469 0.13267765165794 -0.0443667966187336
0.0708277046218187 -0.199767227218448 0.148414824564462 0.0238076552396966
0.175118065245085 -0.146030533360633 0.112425970674467 0.0631528683769972
0.218871695136682 -0.0586669250399333 0.0674789389272686 0.0255338713401321
0.211500750380577 0.035485836039517 -0.0611428718861251 -0.0103834207206455
0.199470901109085 -0.0326581779512027 -0.100897108786029 -0.0763508418166361
0.162891818457156 -0.0989525943201194 -0.158008417884761 -0.0726831313717463
0.0764756035689918 -0.152366854153625 -0.161155816476277 0.00306276976876596
-0.0128055934801575 -0.161691606837997 -0.125744722473688 0.0468435781981563
-0.0786124804289658 -0.129886576625063 -0.0864246157570123 0.0737593986486272
-0.106965820888061 -0.0913478152231467 -0.0444157348161245 0.0572156823687535
-0.120509605718174 -0.0797756620877385 -0.014829218779577 0.0146015377910103
-0.120675136504548 -0.085270828929375 -0.0139158580320721 -0.0338753134720186
-0.12779129291777 -0.107185174065002 0.0110371623413271 -0.0857288256588374
-0.103918154516994 -0.16247942639252 0.0597295527934117 -0.11299886517131
-0.0215874660087012 -0.193992848925783 0.122926325590063 -0.0712112592573479
0.0911449321331604 -0.195245700040232 0.137100839133548 0.0225389098930946
0.194247808988676 -0.12813179621696 0.0786656291448064 0.0788082954023716
0.222706811528774 -0.0352212616662023 -0.00844676038111739 0.0323550452020444
0.18709284970569 0.037975561739912 -0.141978576364448 -0.0158215988368421
0.189351246378596 -0.0292907906049008 -0.150410672842771 -0.0628825316737613
0.15449900153481 -0.10174176294408 -0.165644888171901 -0.0674814939979785
0.0643730072830596 -0.150541293919974 -0.145815999753159 -0.0212295743128209
-0.0184538245334762 -0.150412368317666 -0.133213793691685 -0.00171699982791581
-0.075523017982841 -0.118956044730358 -0.11507641481427 0.0298589831889125
-0.0977268644581973 -0.0841819470976712 -0.0847764586443669 0.0203782296241849
-0.102729352321271 -0.07769273068312 -0.059123430724427 -0.0168965202842765
-0.0981575022795604 -0.0853916374777587 -0.0532252921037846 -0.0628758942832387
-0.0973311712886354 -0.105748359421783 -0.0181327804840017 -0.112286533584487
-0.0665772749218668 -0.150165299687967 0.0415332809746369 -0.138558901480516
0.00998545551136122 -0.167046401038219 0.117976518841155 -0.0871283469687282
0.108689636626767 -0.152085247906457 0.120861320863001 0.0231688142882933
0.189055732063069 -0.0807757494041204 0.0415369712337601 0.0830800926308254
0.194642509350789 -0.00252857069528657 -0.0765757684418817 0.0254340204989937
0.129384238153056 0.0366207888497264 -0.202932170487441 -0.0103263238748061
0.14107992848722 -0.0152744463695392 -0.179568364768388 -0.0399629983936599
0.114857431543112 -0.0783027939498699 -0.162164440730523 -0.0551067522008664
0.0416318227988221 -0.111519764526788 -0.128883613060692 -0.0416778681316001
-0.0160163209841675 -0.106157071700109 -0.140569222847588 -0.0377786524318334
-0.0538034569592685 -0.0867569761989102 -0.138643201737256 -0.00370578700440463
-0.0703362863305167 -0.0639326491094779 -0.117537093357901 -0.0097390089550502
-0.0690516064814684 -0.0617620361676722 -0.0933187371433397 -0.0448585824923238
-0.0632027014724402 -0.0718015798197656 -0.0786160532143495 -0.0914601639749427
-0.0554311171878894 -0.0866115795440307 -0.0293609300278104 -0.137261911229834
-0.0231273688992477 -0.115505357201506 0.0414764008534044 -0.155331386228653
0.0368568731797859 -0.118734897133412 0.119137850791145 -0.0929502055866508
0.10980623233761 -0.0902527043908325 0.103756053680362 0.0207383515675918
0.155919371912772 -0.0247640989670761 0.0114164152812188 0.0720462969598684
0.138966690225347 0.0288903918339526 -0.124995728999685 0.00472994224763671
0.0507718671371721 0.0382333782843294 -0.23179948244936 0.000958847761640838
0.0721695647507346 0.00951930025612344 -0.184665962356257 -0.0185821950615639
0.0595710059297112 -0.0345682456641243 -0.151405730682637 -0.0437951752402096
0.0198647886631163 -0.0487862150607906 -0.118768781142349 -0.0523041232413697
-0.00147346941719381 -0.0434118534607223 -0.145102378688169 -0.0524033507837724
-0.0184812444465979 -0.0433717962839673 -0.149715451371782 -0.0199481072718037
-0.0292401319459352 -0.0359406962046224 -0.136821966420588 -0.0263979742155785
-0.0258756058109385 -0.0373359823340456 -0.111712142940005 -0.0648771660981061
-0.0236600205164912 -0.0445878604057097 -0.088657711794902 -0.113772169107358
-0.0175976000132713 -0.051306410761442 -0.0237590444158428 -0.155364345794041
0.00633394875860708 -0.0669780824626479 0.0530024954836239 -0.160360865738933
0.0407583440690546 -0.0643953036343666 0.124218353936002 -0.0890803293923573
0.0864799348864792 -0.035307071864468 0.0931213313470785 0.0142211431669371
0.100599793328553 0.0182953568885304 -0.00573446879297969 0.0504922297659302
0.0657861442088014 0.0459694637977452 -0.147105231945176 -0.0221968985484448
0.0172175038236004 -0.0364584511732653 0.16328731398651 0.0380334248443785
-0.0320602852014097 -0.0248900018589648 0.0415278090747214 -0.0554339447360451
-0.0378961674744969 0.00329883301099386 -0.0890645940874838 -0.0325958269852299
-0.0116453343658988 0.0164979756502358 -0.154239000573572 0.0604322361577143
-0.00522539779614232 0.00545682896060164 -0.0891626467223359 0.16164673726214
-0.0115142224294206 0.00617884066033761 0.00492979974969915 0.175949009295868
-0.0160517019914944 0.0100401360053865 0.0703782719866882 0.142056237691108
-0.0254288588540857 0.00845376406100865 0.122096563913605 0.0854158162363281
-0.0271692820123189 0.00386326655725487 0.137355397458371 0.0402941013893047
-0.0298544618025105 -0.00511613970439688 0.153345097360608 0.0187187324996903
-0.026115268359418 -0.0183693737486428 0.151770423005416 0.0387975489180141
-0.00968383091649622 -0.0209367715369773 0.132361790499248 0.0605807031231974
-0.0123387445926336 -0.0297405695553359 0.148683691787104 0.054913731240019
0.00153206072016801 -0.0450887579003029 0.18193773936571 0.0424234174709716
0.0403307596227231 -0.038486662394986 0.234737274552669 0.000375926490655855
0.0919341305749583 -0.0155138574130873 0.139153630211504 0.0397103602749753
0.0373783563403303 -0.0277567911120779 0.0272684811803833 -0.0518609529674472
0.0159545356322196 -0.0181805830400932 -0.0964800462221863 -0.0401214916128144
0.0180520194774048 -0.0233351010793455 -0.159593616462294 0.0510033951170332
-0.00158721246780115 -0.043757978163105 -0.103494425729806 0.147508210102914
-0.0313410704813508 -0.0396660035674242 -0.0160971307027502 0.170359105024985
-0.0498952210299224 -0.0266729504924288 0.0521175770746725 0.139888754366967
-0.0689595237907501 -0.0238503668023451 0.105519475370144 0.0830067055983271
-0.0726870977450506 -0.0291531371593937 0.11766893616803 0.0321647481546427
-0.0778971462584909 -0.0466259850172033 0.13525850696747 -0.0031908845176627
-0.0633807432245703 -0.0820554790887495 0.146243308421171 0.0059236131436406
-0.012630086648203 -0.0986822265415546 0.139473997422654 0.0346844867407451
0.0325177011744291 -0.100680514525963 0.151367436446751 0.0477486474923202
0.0805962854080651 -0.088036920335008 0.16373475732491 0.0426200954894298
0.124290792478903 -0.050747142302149 0.197944357478025 0.00613321799330406
0.155936554557522 0.0107298809141902 0.0923079242779975 0.0276184227146834
0.109361206186113 -0.0243290840850581 0.0001063821159961 -0.062639868439278
0.0790422207295695 -0.041565598158808 -0.114745837795096 -0.0563414512274713
0.0507724312500658 -0.069426553776739 -0.167871928048576 0.0376136722367075
0.00167976670190022 -0.0953520125981383 -0.114005421008628 0.125033744937864
-0.049057153315708 -0.0844340587815142 -0.0380553734646545 0.150748909534388
-0.0785269074465769 -0.0610202398235624 0.0262974424989513 0.122852431792159
-0.102298977451441 -0.0528625068348308 0.073569021082407 0.0692611893459965
-0.107946048325493 -0.0573977084158704 0.0814240227457394 0.0163781402684704
-0.115941881955168 -0.078958628709649 0.0995279655973754 -0.0297044044908792
-0.0984082422176543 -0.129713901459663 0.125439691776164 -0.0370584322006736
-0.0252673561608025 -0.158978055430892 0.142456914231729 -0.00154556763848828
0.0592280405644884 -0.16361436299168 0.154113431358472 0.0387003647938399
0.142315779690409 -0.125677165541056 0.140316422400546 0.0531541209769185
0.18867000620859 -0.0573998980993434 0.140446720132075 0.0180858997598282
0.200153015333296 0.0318160850160826 0.0230989550352284 0.00649968091412726
0.171271538643268 -0.023694038059122 -0.0435205860576202 -0.0768745151389197
0.136526447458558 -0.0708375610821412 -0.138201246120077 -0.0734100607938204
0.0749247774581377 -0.118332175101562 -0.171014723078169 0.0189156012546373
-0.000589378832030951 -0.139847870754905 -0.122219033236857 0.0894091526083226
-0.0654644212601884 -0.118809430454473 -0.0619601287966073 0.116782958953008
-0.0988353135005433 -0.0857426394312875 -0.00755798056882477 0.0941336963325309
-0.120310469192262 -0.0746987836081486 0.030624507457736 0.0452525563478722
-0.124088519903167 -0.0780830638427125 0.0351430923264993 -0.0059378701111548
-0.134033338415817 -0.100328391313148 0.055638751823479 -0.0572926489049891
-0.114319731535227 -0.15804737394973 0.0939531233293974 -0.0782939457438771
-0.0311211891023911 -0.193809136628124 0.136133236272755 -0.0385057518438781
0.0783720643990783 -0.198767679115624 0.150551648543662 0.0313392232930192
0.182242080497254 -0.141250035570552 0.111861012536159 0.0696345544260241
0.224821988369424 -0.0501044906434827 0.0681644860284023 0.0296140831472271
0.212705058535411 0.043036854446866 -0.0600483385388071 -0.0126901807286125
0.202201679766555 -0.0251540284517204 -0.0970466418943708 -0.0808648984350732
0.166742702457792 -0.0938943535400749 -0.157679008633426 -0.0805499795472964
0.0818678909500002 -0.151286030668159 -0.163878705613365 -0.00502747855887802
-0.00810012946597541 -0.162823709071128 -0.129493491282626 0.0419840269576286
-0.0758220206562457 -0.13307688946731 -0.0891327932090679 0.0721013885016349
-0.106028489081528 -0.0950496129648899 -0.0463174107990113 0.0558906166869743
-0.119736697797399 -0.0849731845755618 -0.0163490404135111 0.0143127366979369
-0.120854271016516 -0.0905185435636147 -0.0125256853993182 -0.0337111392473168
-0.125840583562169 -0.112300308656468 0.0138134586197562 -0.0854807152749801
-0.101205025851929 -0.167026185868194 0.0640170753821595 -0.112500432007418
-0.0159224949604986 -0.196851839407134 0.127241069205615 -0.0659407153147443
0.098364127484809 -0.193212495144242 0.140046001301115 0.0293666847098119
0.200497337879236 -0.122703477620555 0.0773388612187687 0.0842412883413607
0.227686394429094 -0.0265839713510481 -0.00894922859267751 0.0334972566409476
0.188330647693279 0.0451658528911243 -0.142568286189673 -0.0222225466669361
0.192300245030606 -0.0215992597499986 -0.147619827286496 -0.0693106042013565
0.159624473289976 -0.0965967393508513 -0.165786159060216 -0.0750676140950845
0.0698321311289283 -0.14921820728518 -0.147656433131703 -0.0295485384079581
-0.0140498877256957 -0.151964001049438 -0.136621583349277 -0.00729537264088327
-0.0719321141398774 -0.122628213976851 -0.117671482558914 0.0264646196172383
-0.0963388841896799 -0.0873964993391061 -0.0865115875365646 0.017813812437244
-0.101325251525486 -0.0820943044140006 -0.0601494752064564 -0.0188160844382332
-0.0973845288552142 -0.0893884496885787 -0.0523165829361677 -0.0646707474228126
-0.0950082868407575 -0.110211209570442 -0.0154144924053852 -0.113235820105645
-0.063245655037087 -0.152910368727489 0.047059963699148 -0.138856542073096
0.0157260661430649 -0.168250471687091 0.122924462192242 -0.0822301816720858
0.114632996482016 -0.148276206291529 0.123155469743891 0.0298711848195925
0.193272725711646 -0.0752656845460401 0.0397021967210841 0.0874742765315476
0.197691407396731 0.0055736574086544 -0.0775019131975146 0.0233406836391115
0.129426164284788 0.0426538482811675 -0.204378496284148 -0.0189891948054399
0.143409783427392 -0.00996709328678758 -0.178739414199138 -0.0478734091461756
0.117643704151284 -0.0745555910457639 -0.162172505381575 -0.0631955164593343
0.0456264196395862 -0.110738370981 -0.129512438195797 -0.0492255110682819
-0.0121326926659863 -0.106764389423005 -0.142609053433143 -0.0445789436098602
-0.0521974654814176 -0.0892054979185484 -0.140587036658604 -0.00852115635437302
-0.0694121438221551 -0.0660884016033493 -0.119211627294144 -0.0134076584626388
-0.067779969491863 -0.0649811368236266 -0.0942318339403764 -0.048416018002806
-0.0617814387447329 -0.0749254865094938 -0.0770888782263 -0.0946085264223006
-0.0535572814908318 -0.0889096987220838 -0.0246547707296632 -0.13945823711416
-0.02006058214585 -0.117200036116086 0.0472138616272996 -0.155509651274867
0.0412846597562644 -0.117728496421701 0.124228264516536 -0.087937024899087
0.114057030082501 -0.0860658137622571 0.105744852525873 0.0273898553273507
0.158279020282852 -0.0192252536636294 0.00994090447269963 0.0741038719660052
0.139824327534051 0.0349516291035322 -0.125758858880873 -4.99438921723826E-05
0.04949195497814 0.0410013454446569 -0.234592278152618 -0.00874966481197926
0.072664333299204 0.0123082101800444 -0.185361464517918 -0.0273267311989756
0.0606961608991134 -0.0323989135006299 -0.151736283168391 -0.0512726602319665
0.0219063656827006 -0.0483385254938831 -0.119374191515257 -0.0598907031446209
9.68268982355874E-05 -0.0437128952778733 -0.146205824214731 -0.0580199913772157
-0.0169085806628916 -0.0445673240995348 -0.151536637849972 -0.0254449871347751
-0.0283187915683017 -0.0371984753343444 -0.137854439094171 -0.0316615045747726
-0.0244376492635935 -0.0389318919927627 -0.111466235117622 -0.0693031061655684
-0.0221586080221284 -0.0457461929032503 -0.0863142421532473 -0.117386574663535
-0.0153363234638734 -0.0533604553440715 -0.0189579966152618 -0.157279859659576
0.00883402726686778 -0.067242600004213 0.0593245484129606 -0.159401247089972
0.0438239673483694 -0.0632357188318734 0.128833187529596 -0.0847152875368942
0.0879842695426861 -0.0319119151467365 0.0947285115484941 0.0201396734793301
0.10009946281279 0.0222039385400254 -0.00709741137123341 0.0510570284058078
0.0644824477168421 0.0489015061975203 -0.147329369794386 -0.0285288169341132
0.019437674858076 -0.0385158656293152 0.170689470012068 0.0422056184839323
-0.0326044496698299 -0.0264772028606905 0.0442591066687379 -0.0588197216809111
-0.0401605958992002 0.00312358099051651 -0.093469798893255 -0.036583691867746
-0.0123447703576607 0.01659282710044 -0.163641491456152 0.0606693018403417
-0.00548845632210945 0.00502368286321845 -0.0957750449988124 0.166539104413817
-0.0123274196179932 0.0060624703906702 0.00344122498235888 0.18383936148179
-0.0163812242064514 0.00997093723910343 0.0721393708629494 0.148936700820777
-0.0264201881144031 0.00918091047130468 0.128046514463715 0.090589376657025
-0.0292171753900572 0.00360231344402757 0.143453309845643 0.0442685791713023
-0.0323170813999279 -0.00588283008692678 0.160453611884873 0.0215121073382012
-0.0276403389682314 -0.0197001580018324 0.158925962938061 0.0433171436137545
-0.00973421865275341 -0.0233065273263272 0.138991121209902 0.0667390895959712
-0.0124016050164725 -0.0311387052658257 0.155033698853834 0.0607416030649924
0.00175657100452298 -0.0472101738822531 0.190034048106821 0.0486811198291885
0.0432238581897988 -0.0409856698836164 0.245241627131122 0.00547790467707247
0.097041475853886 -0.0154910357418808 0.146302284449791 0.0439283146654277
0.0391876545380397 -0.0280885483366584 0.0306639764869786 -0.0545004275093924
0.0160569844449849 -0.0185149719635369 -0.101093670562702 -0.0446119413646239
0.0188306362165955 -0.0239432829997762 -0.169299083235658 0.0505082631357725
-0.00139340914690992 -0.0461082024355368 -0.110157288755869 0.151747915693722
-0.0328579542090883 -0.0414594983054903 -0.0184043253291816 0.177344728981374
-0.0523076024257065 -0.0283581297874504 0.0537817160673369 0.147238429783714
-0.0718729639966194 -0.0247192550148287 0.109757740418005 0.0881683514453574
-0.0770316083828913 -0.0313133088323447 0.123888212526267 0.0359428043224606
-0.0821608705678034 -0.0505430094148726 0.141074597847134 -0.000914245730788226
-0.0659269036195764 -0.0861085930146076 0.15280566371055 0.00727982869983105
-0.0122019806468143 -0.103126991154017 0.146575075103085 0.0392865203264327
0.0351538145911711 -0.104298882770156 0.159272073678881 0.0534464664827031
0.0854940441162273 -0.0911348470969083 0.170851169673953 0.0494615939545449
0.131720718606184 -0.0512221381864532 0.208074882651412 0.011533760399722
0.163317222920012 0.0130067201908074 0.0975204684360083 0.0304536130173686
0.114458284895867 -0.023802427131694 0.00235778190123383 -0.0663207486285671
0.0822713351507041 -0.0421700431851722 -0.120147442126707 -0.0623397844841377
0.0531278845031125 -0.0720752728076895 -0.177519329159697 0.0356551748079978
0.00281663375615089 -0.0989740731436057 -0.121665562293891 0.127754228788919
-0.0512341031948534 -0.0875615853846134 -0.041556561739443 0.156947820665279
-0.0822169704096825 -0.0638141029900648 0.0260263878901475 0.129476903724797
-0.106991956330662 -0.0559119483914903 0.0757990635494472 0.0737526398072944
-0.1133296595126 -0.0614943298090293 0.0853078407091822 0.0188680922004505
-0.121727973934808 -0.0841919718520767 0.104507238178932 -0.0287123556974742
-0.102738440368624 -0.135573497701693 0.131176579122111 -0.0376253515707189
-0.0259179593743427 -0.166311215159134 0.149374732823844 0.00107476835962558
0.0635881135559418 -0.170054878731718 0.162233546217957 0.0434128238087312
0.150296453171837 -0.130737002442983 0.146779856833512 0.0595584851852204
0.19959561018638 -0.0573463984347005 0.147624724397425 0.0222614687362116
0.209396959325115 0.03556382697523 0.0253161663112243 0.00708845555463499
0.178738791431913 -0.0221363605006101 -0.0417603924708632 -0.0811350793756752
0.142964306298796 -0.0719067469723706 -0.144079870357863 -0.0805438412562702
0.0788043539751146 -0.122838445561759 -0.18053660997547 0.0153423143098563
0.000543682857673426 -0.14629842042688 -0.1299384311955 0.0913867914894119
-0.0684118633607631 -0.124106256139499 -0.0658184732362817 0.121473955536685
-0.103312699110372 -0.0897322893442347 -0.00871759221107542 0.0986560017036369
-0.125941168261608 -0.0790558760897542 0.0315810495749855 0.0473949689053557
-0.130768745164223 -0.082665679341161 0.0370053972320605 -0.00537739102284482
-0.140485633618495 -0.106063265941881 0.0588515449395336 -0.0584919961650529
-0.119185441442375 -0.165274941725085 0.0984416417415237 -0.0806370257243456
-0.0316287617703399 -0.201672541656409 0.143411466024613 -0.0373441106931783
0.0833139634539793 -0.207004719721013 0.158979885342268 0.0367814563714871
0.191972815355982 -0.146840191634802 0.117098686628975 0.0766602034372528
0.23774869128955 -0.0490141792262209 0.0712575933879969 0.0325066981741008
0.222650411845118 0.0473080126058499 -0.0615296696768842 -0.0140855923499619
0.211842887352711 -0.0233719816427212 -0.0973427942854205 -0.0855643367910973
0.174825269489062 -0.0955540738087449 -0.163905223672123 -0.0881672952987529
0.0868484078234421 -0.156976224450206 -0.173308069701647 -0.00997744010406954
-0.00700171726777991 -0.170535519700979 -0.138141552879649 0.0412615934203841
-0.0788482973587408 -0.139150190943131 -0.0938682476533879 0.0747104212476266
-0.110495452361002 -0.0994640609721186 -0.0491766881453753 0.0582126531767628
-0.125409286542456 -0.0892038555059559 -0.0178347950482815 0.0146649406016022
-0.126836237370277 -0.0951515813921958 -0.0131932056538656 -0.0344892024702078
-0.131628762527639 -0.118207167251673 0.0143649825663204 -0.0887161954957986
-0.105563667758726 -0.1740535285414 0.0663350745536948 -0.117654710914556
-0.0152077947654626 -0.205046279621302 0.134971809857386 -0.066312195007722
0.10431968691761 -0.200805703996187 0.148007951247495 0.0345013422214492
0.211256505922474 -0.126965427197943 0.0808546273775773 0.0911596971182888
0.240279692633363 -0.0253216192178691 -0.0093804953464604 0.0351662725045872
0.196959853590589 0.0494236370551235 -0.147948870425797 -0.0248439168522568
0.200817203959215 -0.0197555120521313 -0.150602709446099 -0.0749159999474761
0.16651467378033 -0.0986238202210736 -0.172582504474205 -0.0823854995910167
0.0742829720507628 -0.155195568398684 -0.155541239055443 -0.0352978486135792
-0.0135335022089982 -0.158195677769129 -0.144262404869792 -0.00988047150990975
-0.0756755080195725 -0.128219957671178 -0.123022461047564 0.0264469792394265
-0.100294008617966 -0.0912116637767055 -0.0904855108629893 0.0173674271779521
-0.105860929800678 -0.0862883705150908 -0.0635064418267468 -0.0196063244019134
-0.101812780070072 -0.09430029294129 -0.0544600846317345 -0.0676739440628572
-0.0993291636002298 -0.11532081153249 -0.0150755849887583 -0.11827003999929
-0.0661818998890649 -0.159365239802015 0.0497343794899271 -0.145245826732079
0.017298699728459 -0.175036112416561 0.129548245759604 -0.083849349695059
0.121628190983917 -0.153383983853255 0.130568932759006 0.0342853548888211
0.203141208334579 -0.0767928229104517 0.0415030238639723 0.0938175713771401
0.207636713822721 0.0089530629743818 -0.0809428374237951 0.023991541596565
0.135832107164976 0.0458147914904365 -0.214126272938143 -0.023463793252582
0.150014426731189 -0.00838128637380894 -0.184112430136747 -0.0534009087037688
0.12360376762112 -0.0757388975593954 -0.168823646424839 -0.0688536097343083
0.0487836397767161 -0.114992172711686 -0.136898109371938 -0.0555357337385419
-0.0120836505093338 -0.111609256051618 -0.150263505217031 -0.0477328382719632
-0.05437485520034 -0.0941428775819537 -0.14668472477683 -0.0104720863853753
-0.0716528400488629 -0.0689073250467827 -0.125028206921505 -0.0157790772066478
-0.0705543432596395 -0.0688394381082685 -0.0992212491812326 -0.0506037885619123
-0.0644568608591914 -0.0782746820896009 -0.0806067857067154 -0.0987612958467482
-0.0551297814042525 -0.0935523302690612 -0.0250514076249759 -0.145242574047073
-0.020348755862442 -0.122079638602086 0.0501680939343539 -0.162427074133827
0.0445048802459401 -0.122349743257218 0.130674524202114 -0.0896963728066256
0.119018007858121 -0.0882027688268795 0.112806494920239 0.0316474176332529
0.165456303959878 -0.0184702730440035 0.00991515761393725 0.0788588641062964
0.146402739412116 0.0385824486969065 -0.131841128045501 -0.00152055426693142
0.051656601533728 0.0428396728679383 -0.246275126030514 -0.0130368587326734
0.0759422883901116 0.0142165443638824 -0.192658834445127 -0.0319752026383358
0.0627451503161443 -0.0321161857957069 -0.158179473821712 -0.0563810548343566
0.0232525757539476 -0.0494568094697603 -0.125687745458247 -0.0660392981912024
0.000898079142826956 -0.045283636698433 -0.153650278177806 -0.0626536197226293
-0.0179642805895653 -0.0468459139939933 -0.158425746750006 -0.0281723178590854
-0.0292538230735107 -0.0385986718341807 -0.14468161254992 -0.0345223737399322
-0.0248695230779443 -0.0407536949834284 -0.117873236228029 -0.0727257519754511
-0.0226978344989926 -0.0475822373157405 -0.0883721415367985 -0.122791356916686
-0.0146793876531958 -0.0551123867445955 -0.0184059673327726 -0.164549979685238
0.00931102141261608 -0.0697811725742079 0.0641612884390444 -0.16683214743945
0.0463053389962471 -0.0653879882096629 0.13640781607233 -0.0866168201303281
0.0920150901508639 -0.0313398583940647 0.100153043405546 0.0240218805873683
0.104399394679076 0.0237947472436207 -0.00688218996605036 0.0541749784323406
0.0668607158850066 0.0516406950049366 -0.153788317947444 -0.031305219336271
0.0134344297628964 -0.0438672443728703 0.189149520329805 0.0202498162840799
-0.0375349971398571 -0.0224248100445279 0.0393259709953388 -0.0695697679088282
-0.0404666797263754 0.0091157019091893 -0.103160932176814 -0.026660943942851
-0.0106258648666107 0.0163106657094059 -0.161360792874222 0.0907548056541863
-0.00774298154114054 0.00409924768370025 -0.0723860551233808 0.1893690884463
-0.0127024378668647 0.00707061571642323 0.0332803963612114 0.191072236200774
-0.0164204606048039 0.0128039254783194 0.103053661121241 0.146550674635209
-0.027605015915673 0.0146953740191642 0.147444372281452 0.0743659355935919
-0.0309960759033409 0.0101357797497045 0.159129881406794 0.0247396517790717
-0.0354675947367083 -0.000347481263768083 0.171260451591603 -0.00122409409197259
-0.0322806642543408 -0.0146894707201344 0.173949031609214 0.0231808122339052
-0.0146396024691334 -0.0237382016232605 0.157331185294651 0.0521721549324529
-0.0180438941457734 -0.0302272939232127 0.172332247840799 0.041810657436589
-0.00604462976612376 -0.0498087439973614 0.204574086723422 0.0239569205053036
0.0378791140070261 -0.0498012054202662 0.25877307524561 -0.0277560376975813
0.0991445460463805 -0.0322798798012804 0.157682876157804 0.0298108082175725
0.0375263704660598 -0.0346979660744253 0.0237251920438402 -0.061234394795641
0.015347428594753 -0.021211543006149 -0.1154822656552 -0.0311580783481998
0.0163282819768242 -0.0300170691855384 -0.170303443489661 0.0824949717241599
-0.0108843031051198 -0.0494197972561268 -0.0902897261055534 0.178806452078759
-0.0411770392473483 -0.0388643693077111 0.0107421869337808 0.191032631584757
-0.0591611093210114 -0.022077988951304 0.0836947224633254 0.148645045513214
-0.0800320288784968 -0.0145790249066652 0.128136009092445 0.0749007658401186
-0.0859044677126625 -0.0189841643778852 0.135982023488328 0.0194130504646833
-0.093641465428452 -0.0385234869187031 0.147120614589939 -0.0214348804834559
-0.0822425741555481 -0.0776075139585686 0.162354493948016 -0.0133726548688072
-0.0282781713889655 -0.105868099745489 0.16084777714411 0.0227949059901471
0.0196952960863747 -0.113512234503192 0.173559078890395 0.0334223230573917
0.0737390370621503 -0.106677192585548 0.184745371647924 0.0265326931727917
0.127393511738986 -0.0733788656141802 0.221439285938695 -0.0167578589771158
0.175827940601877 -0.0138772833988569 0.098626826192055 0.025190850330911
0.117725618951961 -0.040546550596489 -0.0101105348486296 -0.0676771414041227
0.0814019917552416 -0.0558860660835594 -0.140930762430068 -0.0439507402905028
0.0463167270812679 -0.0844555726229235 -0.18239992362524 0.0705810743901831
-0.0131686813069809 -0.105329272905056 -0.106559103760877 0.158155497653393
-0.0668571372793948 -0.0846021878252422 -0.0152981712450355 0.174792398892433
-0.0951249598446758 -0.0547256666119252 0.0516781664014183 0.135413347881173
-0.121382734547218 -0.0415968329081834 0.0913222853615023 0.06506294300426
-0.128197030612207 -0.044654521803076 0.0934909254497367 0.00702187325428988
-0.139758256812887 -0.0672250224258566 0.104054639701884 -0.0447644767062169
-0.127391431338272 -0.122357588661261 0.132544784712595 -0.0563172977324697
-0.051467985611236 -0.168792107822368 0.157208256944746 -0.0163542348213358
0.038838395085569 -0.185287172996377 0.174950844182726 0.0226191768802936
0.134808437794641 -0.156663114921403 0.160048539846226 0.039100831626627
0.197362438137078 -0.0884792155749187 0.160065919060987 0.00283385922014895
0.228676341853445 0.00219406358329766 0.0143703723609336 0.0138936125455943
0.186232915218856 -0.0486003606883625 -0.0606518038343303 -0.074739752114254
0.140280520835327 -0.0956800890237097 -0.171817120107629 -0.0553855751225346
0.0668248781856725 -0.140778906942149 -0.190304180041085 0.0524042084061615
-0.0219768854924817 -0.153685990562065 -0.121896370460567 0.123660200814717
-0.0904106135885722 -0.11927335055801 -0.0457309617763856 0.143296027161498
-0.121240561832808 -0.0787100445075501 0.00962251336688414 0.108903563828723
-0.143946423452591 -0.0623455025769188 0.0411009975417051 0.0455765985737484
-0.149821521956937 -0.0652582554083195 0.0389180442072621 -0.0102752267729427
-0.162283024159223 -0.0878206127251852 0.0510408307211218 -0.0683219293081578
-0.148901365555416 -0.149922005096404 0.0911701013977406 -0.0968383944675023
-0.0629141121197812 -0.204803731622863 0.145529007808398 -0.0564241026216481
0.0534485625836754 -0.225445510996905 0.1707412750109 0.0161573858130389
0.1757658394 -0.180444136149899 0.131124943127765 0.059543782452134
0.237725519237497 -0.0863223584423713 0.0814388882797763 0.024399288931942
0.246201597402897 0.0121863540712632 -0.0839370709506328 0.00563587387856526
0.221574539840587 -0.0544140300358699 -0.121638103240817 -0.0704113351254746
0.171023170491431 -0.125850095263812 -0.194363270722001 -0.0577004192293291
0.0698624893935317 -0.177834219390433 -0.187112104439512 0.0262132466866645
-0.0323069457574426 -0.17797664013046 -0.137349280508561 0.0744462231140547
-0.103289144282383 -0.133034913738018 -0.0819022945003605 0.0996739139508606
-0.130308045845841 -0.087661961484423 -0.041063016654805 0.0738614114999837
-0.145257903927551 -0.0740709048670879 -0.0156649074729994 0.0189247379035061
-0.146828229456061 -0.0783422530475979 -0.0192931589871836 -0.0329558196207278
-0.154640679853061 -0.101702137772132 0.000442879852614233 -0.0922512323537364
-0.135632321666811 -0.160887663425355 0.0521113489627305 -0.130146933789774
-0.0464763213776336 -0.209472329479446 0.131083028824074 -0.0851121548411804
0.0757301282991836 -0.222695210357594 0.158208909825515 0.0157343542839783
0.198170122682722 -0.162891236173353 0.0963733236172375 0.0794238927054384
0.245064439681908 -0.0616147247866808 -0.00272721838850742 0.0387823631632303
0.21936169693831 0.0173055036029491 -0.175895668486462 0.00626090998120869
0.211056638816003 -0.0499319851933377 -0.175040963091833 -0.0502864609654489
0.162755522140854 -0.127683927885032 -0.202398284110384 -0.0500753811844121
0.0568008871439141 -0.173719842853094 -0.17334901194584 -0.00358336137473045
-0.0362624301740003 -0.164716456991668 -0.152716218785432 0.0226193950909443
-0.0976866110371174 -0.122375892219279 -0.120427056314552 0.053308762071481
-0.117520712460695 -0.0814049873319897 -0.0927346934359942 0.0377345159432023
-0.12367063947945 -0.0744891638361331 -0.0692585947338323 -0.00970075054969369
-0.121032138302719 -0.0816767738477021 -0.0681962544833157 -0.0606424947023729
-0.11924975088117 -0.104128533440999 -0.0357125129740935 -0.119882466586677
-0.0920920449761804 -0.152145648425687 0.0289587145660922 -0.157258669338192
-0.00828217137486488 -0.182786096691468 0.122969864961048 -0.103770303857059
0.100425865078331 -0.176347645470498 0.141022107178076 0.0170194808484375
0.197933944219995 -0.109675445176535 0.0569941991107407 0.0877149449558481
0.216127033948843 -0.0216864829918031 -0.080520574817586 0.0365982485491499
0.153870572814166 0.0236241797695243 -0.241786501535356 0.0154617131541746
0.158755745079583 -0.0315322917908813 -0.206407163601647 -0.0248308801424453
0.120014759612445 -0.0978839414610229 -0.19390756075876 -0.0393893989818996
0.036923014028455 -0.127553897373633 -0.156245922578699 -0.0308628593799916
-0.0271984681183792 -0.115692936863047 -0.165477355989458 -0.0189310186288219
-0.0701704205612809 -0.0898918612336349 -0.153254877963929 0.0166105271818141
-0.0847945793532158 -0.0620966251805756 -0.13564092501648 0.00846083474206797
-0.0832279744867488 -0.0621124158283068 -0.110941375679002 -0.0366131420138875
-0.078318599241027 -0.0714139864144117 -0.100436030474637 -0.0892557179482118
-0.0696932521969461 -0.0880205899816454 -0.0494272778709641 -0.14660694252624
-0.0388774782693337 -0.120829202746005 0.0275448397857496 -0.175448684394838
0.0281039640018428 -0.131432422611598 0.122864953415801 -0.111378194098922
0.109803150677071 -0.108586967436981 0.122123855935565 0.0163185420995054
0.167921433069318 -0.0437963739132734 0.022779693361503 0.07780509021923
0.157601393208765 0.0179895931736961 -0.137522962038815 0.01749060042639
0.0642091046100492 0.0351872731202638 -0.269233586219824 0.0265385833597144
0.083662534198523 0.00268989008984884 -0.209922282834184 -0.00411832825436054
0.0627886071399709 -0.0432441086155027 -0.17846652056949 -0.0310210918305244
0.0194150088846368 -0.0555359577284297 -0.145803788637668 -0.0464767066892302
-0.00393669532647259 -0.0488653246832934 -0.172712859384515 -0.0366022257532691
-0.0249337381172203 -0.0459408454834548 -0.170763432839244 -0.0023408354471219
-0.0351908986067053 -0.0363124971690845 -0.159999386184488 -0.0101880131228495
-0.030903383515202 -0.0406573786448887 -0.134382626968897 -0.0563943345060611
-0.0304268990262682 -0.0463095289743858 -0.113781020777108 -0.113885679844205
-0.0215493150369947 -0.0543141801220827 -0.0453145499902136 -0.168793891853449
-0.000160585457293082 -0.0721644932594175 0.0418311125064315 -0.183091403177249
0.0386618107092027 -0.0730980991762489 0.129265501639464 -0.1092500068266
0.089254131465834 -0.0460925339580762 0.108958897113246 0.0102336511369845
0.11080364389452 0.0092793819597965 0.00186292293474381 0.0552484556803816
0.076946298100438 0.0438498436111269 -0.165326763337348 -0.0108660285301797
0.0105930848889505 -0.0462487325504737 0.195208641290977 0.00576572613626913
-0.0397768325049991 -0.0202723724198414 0.0340761535477924 -0.0757671982514726
-0.0402836449841925 0.0130750803908435 -0.108385513836515 -0.0207270017248089
-0.00908567021193903 0.0170798420304277 -0.158786679319504 0.105364949370166
-0.00806312688940452 0.0041758236834417 -0.0595505523201769 0.19772214804414
-0.0127140765889423 0.00864123959699999 0.0493413096112088 0.192414368697087
-0.0160474935327105 0.014061894359808 0.11735827561122 0.141166995898098
-0.0264889917797408 0.017356967930316 0.157163188859502 0.0638791582608235
-0.0311210336598967 0.0126785723527083 0.16540018289433 0.0119370747685595
-0.0365428059467034 0.00255780907837893 0.174099376987104 -0.0152239892705519
-0.034347191129572 -0.0121897677532155 0.179532321127254 0.00957569019284754
-0.0170576311518291 -0.0238506213548285 0.166030301847099 0.0417028693583936
-0.0204121757518655 -0.0296739404211104 0.178828085179993 0.0290771481761552
-0.0101318988253049 -0.0493099263634384 0.210613870883745 0.0105144814008484
0.0347663475259634 -0.0544388687633858 0.262346152646699 -0.0464491822893092
0.0983121326314722 -0.0413585939173725 0.16506485198158 0.017166809783549
0.0357537633053131 -0.0379441560494867 0.0194825422758813 -0.066090174769386
0.0140544955611534 -0.0219138632471918 -0.121371821855375 -0.0239767908072403
0.0144153898104359 -0.031851609263663 -0.168349836717172 0.0977615875922073
-0.0157090949511087 -0.0495539704801603 -0.0791796211687748 0.188593121024734
-0.0450431526210599 -0.0358877048926214 0.0258638706972372 0.192500347739317
-0.06193574920621 -0.0170526511697347 0.0973299037646121 0.144190904644174
-0.0824349277814943 -0.00765240351456896 0.137381002029498 0.0654410693580193
-0.0900632803755687 -0.0119808259802108 0.141210187324577 0.00875708736282012
-0.0999892443544594 -0.0309580758091058 0.14773851163306 -0.033045087798713
-0.0902679189448198 -0.0718888476615029 0.163805979310289 -0.0263765497160384
-0.0379335358571755 -0.10564716607504 0.167495818504832 0.011784538426461
0.0111870552539617 -0.117519373171543 0.180843137542155 0.020779340777799
0.0663733450202851 -0.114656618399208 0.190560673588515 0.0139486345252368
0.124909393788374 -0.0853154255224907 0.225498828131107 -0.0319120570327278
0.178082146359824 -0.0294726425395515 0.103910162188802 0.0174241466742588
0.116670924995548 -0.0507634133364725 -0.0142019873852784 -0.0694554373052417
0.0782040579997125 -0.0621707762992853 -0.147604404566805 -0.0346980440282757
0.0403399567585007 -0.0893870319094486 -0.182214970973369 0.0858365541629507
-0.0231004345936288 -0.106049876039884 -0.0967994982894474 0.169077199183047
-0.0752590319118615 -0.0792594191281333 -0.000380002224535951 0.179469601576713
-0.101228487227911 -0.0475282860624951 0.0641051755368421 0.133421009975581
-0.127161651803528 -0.0319249715044725 0.0986342021958293 0.0587921049936647
-0.135706333075449 -0.0339257810211899 0.0972681123073834 -3.24247384643365E-05
-0.149288090633541 -0.0566842763243284 0.102159666762849 -0.0535313843413174
-0.140229532560962 -0.11322890354442 0.129619177002891 -0.0676850379120604
-0.0669624927730554 -0.167602894893867 0.160206722718156 -0.02831110566351
0.0241473808410819 -0.191989522702919 0.182014239323499 0.0102203653438881
0.123530531030362 -0.171022199597822 0.167600219609919 0.0288196257397064
0.194609535165542 -0.10603899914644 0.165026944034069 -0.0088409605515386
0.233578095926831 -0.017651866188565 0.0167926729562853 0.0125041822093657
0.185915576497855 -0.0641802072567657 -0.0659391251975068 -0.0732040875955192
0.13491408020396 -0.107762600045151 -0.179493815074755 -0.0442728539613818
0.0558003793392047 -0.148912880951607 -0.192073114005587 0.0675694536218878
-0.035565099734646 -0.153984818986095 -0.115872111389199 0.135237185721302
-0.101946679870431 -0.112833106254674 -0.034553284745814 0.149808360738861
-0.130420732415789 -0.0691700658074207 0.0187089676915731 0.109713497275353
-0.152824953888732 -0.051094396872262 0.0454834944004495 0.0432766039449784
-0.159791089885758 -0.0526880223716298 0.038574195421858 -0.0130686829455204
-0.173833590919432 -0.0750847244637686 0.0462498717799381 -0.072562541624458
-0.164955923019291 -0.139525582597917 0.0841568332139555 -0.105788782685642
-0.0809491493608816 -0.202465788886355 0.145004984100728 -0.0677553324299803
0.0353418978388223 -0.233967085331466 0.177614589405944 0.00361035363526159
0.163810457317356 -0.198010740187259 0.140369854944576 0.0514717338449561
0.236650871657149 -0.106241781566514 0.0863657957249417 0.0186333880273654
0.251673474094455 -0.00771644656003284 -0.0829464045619157 0.0117656470793303
0.221352234378068 -0.073645469607923 -0.12645114239961 -0.063691082161679
0.163845683811894 -0.140403673870446 -0.203147339373706 -0.0450946696809322
0.056001326331109 -0.186132851273955 -0.190360364881012 0.0408721018084333
-0.0477344505557485 -0.177974967807146 -0.135507465806308 0.0876203255308321
-0.116565902374001 -0.125900155784866 -0.0754005074573618 0.107993039349948
-0.140386320363942 -0.0774750946661873 -0.0358245908195275 0.0786804886117603
-0.154378068142393 -0.0626984026318342 -0.0149090958914411 0.0212592712853851
-0.157995994763995 -0.066778280009192 -0.0218863885022249 -0.0310527600402147
-0.166890905968154 -0.0899098470626307 -0.00697006467786268 -0.0933352924562062
-0.1529291565608 -0.152303429828281 0.0413288933948813 -0.136806695138182
-0.0649736207281517 -0.208689317600472 0.127520310527725 -0.0964664617755643
0.0582967405912842 -0.231831115918849 0.165356373796608 0.003842728532985
0.187820116542529 -0.181958266541175 0.106430336367964 0.0746727152055075
0.245353026212756 -0.0815170449495611 0.000958310614105716 0.0396105322935142
0.225611966348915 -0.000416142255266602 -0.177676413567394 0.0199865856222589
0.210722867047904 -0.0673658106555339 -0.179644553178076 -0.0393821632393658
0.154700315296184 -0.142147669560631 -0.210393847073152 -0.0362609633809348
0.0436652286373213 -0.181396675266759 -0.179014892227735 0.00822569497137286
-0.0506580631253774 -0.164084341964308 -0.155604945758912 0.0352351562663395
-0.109996543099136 -0.115265981840396 -0.118660926124138 0.0642438689291275
-0.127289062999311 -0.0722274472603767 -0.09191866502067 0.0465149346675619
-0.132443553414342 -0.065005147998865 -0.0721762059566342 -0.00336790951096716
-0.130262120283613 -0.0720782332617471 -0.074685592520332 -0.0551579925517886
-0.130898603680716 -0.0951376639151046 -0.0457798258498625 -0.118029396772929
-0.107064330089832 -0.145913362163132 0.0153735745135151 -0.161709878277561
-0.0232537425977795 -0.184447373270925 0.11724599733222 -0.114797694469931
0.0881728759938962 -0.187006726528303 0.147357488186108 0.00648650280565132
0.1919253939693 -0.128420829023359 0.0671127586959828 0.0856891871352583
0.218920280474871 -0.0392719389505031 -0.0781002453909097 0.0439168786256249
0.159052993956017 0.0116107899654499 -0.245642808222503 0.0345063880117712
0.159507041812891 -0.0442958781899144 -0.21038817438473 -0.0113066401812214
0.114252836270506 -0.108098170945869 -0.200369142209151 -0.0257704316336726
0.0270028467497598 -0.13285157463898 -0.163087832398614 -0.020441622368122
-0.0371556482061167 -0.115759434587584 -0.171695933449493 -0.00579774041452318
-0.0795489760563596 -0.0845927511240673 -0.155247844064148 0.0295641613993392
-0.0916184926067214 -0.0559099872401339 -0.137977328310356 0.0200493646318823
-0.0901800404881119 -0.0563419314758955 -0.116906681288782 -0.0271281716328138
-0.0867153077953152 -0.0658737372056376 -0.1106103507163 -0.0817467882168816
-0.0787180924319205 -0.0840279585334094 -0.0628130296844882 -0.144672507306881
-0.0496859633138435 -0.118834965473816 0.0126000460525895 -0.180504303848111
0.0179738861297958 -0.135931092956663 0.116572015659465 -0.122179405090551
0.102753321678059 -0.118363409375885 0.12800553732591 0.00774067049094925
0.166553210997892 -0.0580073012968141 0.0304978892121037 0.0776928249066164
0.161921986263405 0.00592106720489481 -0.138225428220279 0.0291073044896056
0.0684531988418751 0.0298596200667549 -0.273474327995613 0.0470606230320511
0.0854359228262874 -0.00351986988670178 -0.213540970295556 0.00977520956871597
0.0602927564770348 -0.0483256392984052 -0.184381323695122 -0.0193700864881908
0.015506617990809 -0.0578960705017055 -0.154603252443166 -0.0365053421859201
-0.00794292029982768 -0.0495905707932664 -0.180140294024557 -0.0230016345502249
-0.0302276409782616 -0.0439234884922865 -0.17508465097067 0.0105660641547861
-0.0385511421394563 -0.0341128970271673 -0.16472440383567 0.00285845647175543
-0.0349231932975075 -0.0383613759418906 -0.142629389294531 -0.045235692212925
-0.0338569819973911 -0.0446382738042348 -0.125782394321365 -0.105226969766427
-0.0258333344718015 -0.0537011870953092 -0.059823021233066 -0.166766018806066
-0.00621305006099876 -0.0726855241015465 0.0263904078473118 -0.189424663394047
0.0337829099433785 -0.0774550373685141 0.123954176373506 -0.121372874620902
0.0874498021933924 -0.0531302577740352 0.113277990416067 0.00278248165080183
0.113324935160795 0.000451303675169421 0.00715939761690242 0.0570643712509738
0.0814438154993561 0.0385407195429162 -0.169329075736971 0.0017910484892573
0.0062127376834147 -0.0465885332728119 0.191051484088315 -0.00910302344820468
-0.0394059131266435 -0.0168438585417828 0.0271013866820555 -0.0770237048443427
-0.0376912078079934 0.0155766855016208 -0.107800985042197 -0.011885648654
-0.00785248251710183 0.0168565318053605 -0.146761870117208 0.11424741845242
-0.00838305271931358 0.00445917164272408 -0.0432917554625308 0.195138527828083
-0.0113608180701754 0.00966084190721006 0.062145281180545 0.181667352894871
-0.0141819946343777 0.0149559293578393 0.125277349322478 0.127444082497863
-0.0241759273525006 0.0187461713459963 0.158103007044958 0.0497022142416615
-0.0296340859375 0.0152927953100189 0.162433146397276 -0.000678476395923138
-0.0359777140678981 0.00610551745185302 0.167763418882279 -0.0274574933611223
-0.0339549472640181 -0.00961931270558495 0.176017887613396 -0.00368297711653168
-0.0177399815076188 -0.0217308792947957 0.165516785403637 0.0295668068796463
-0.0218249430559979 -0.0273970778789416 0.175538667841938 0.0162703460698442
-0.0136201819384908 -0.0470258684930455 0.205389190796176 -0.00372359830031653
0.0302247033480928 -0.0561200025008576 0.251550806794913 -0.0624937319605165
0.092476242265027 -0.0488674233598648 0.162521119662994 0.00349751975092514
0.0322685981279196 -0.0398030063669158 0.014311948773709 -0.0662911647902227
0.0120480007682265 -0.0218128539851651 -0.120634751068077 -0.0152160143691591
0.0117045147819071 -0.0321317173632841 -0.156894399998279 0.106255546735141
-0.0190839202203752 -0.0469563889212581 -0.062958790702934 0.187763152438754
-0.0463332987570316 -0.0308590827183135 0.0401895019955122 0.184941894734671
-0.0610645970759359 -0.0120452218425783 0.106333122623932 0.131994241732292
-0.0810540367625939 -0.000949499836064484 0.138755257573071 0.052556854250278
-0.0890684730181206 -0.00358742557129809 0.138547168478968 -0.00224836532294092
-0.0995601358629309 -0.0222349956557083 0.140939075934049 -0.0427826804669868
-0.0934073367325038 -0.0620899073919037 0.156718011987074 -0.0373222442598127
-0.0448654960655301 -0.100221972391839 0.164138823287708 0.000222120433932767
0.00162084812101587 -0.114312235076088 0.177968176321282 0.00789451207148638
0.0556097271279134 -0.116142460621316 0.186854709370392 0.00173144481746619
0.116390102648074 -0.0914360741854731 0.217694144284464 -0.0469944557460503
0.169902480493982 -0.0423991887095907 0.104134689861857 0.00845546088848978
0.109470664203302 -0.0576472547785524 -0.0175775665755093 -0.0679970269117294
0.0715367182729865 -0.0649699619868349 -0.147642754883202 -0.0243788261650195
0.0323565609364967 -0.0898310177185274 -0.171386840874685 0.0965215339943643
-0.0311580315712108 -0.100497827042932 -0.0823422404513805 0.170716294535937
-0.0792153142193892 -0.0704769235108944 0.0124207211632936 0.173306015005776
-0.102016708930626 -0.0376273342699096 0.0724391686414607 0.124114354428957
-0.125723506655784 -0.0202257447061007 0.10038758765998 0.0492205139112599
-0.135407166915613 -0.0213370181785794 0.0945692390071685 -0.00704926187254284
-0.150135131354518 -0.0425467952685795 0.09570146634618 -0.0583211217485407
-0.145074093280926 -0.0988236054528552 0.11953987680525 -0.0751099987076694
-0.0777419038834955 -0.157226396171901 0.15485475876611 -0.0383324609078461
0.00906024419176552 -0.187583883928976 0.178198029152128 -0.00337605147116579
0.106825442233228 -0.174741476083169 0.16586984631761 0.0165553552604158
0.182743128338219 -0.117280834778175 0.160915789270688 -0.0202078366272361
0.225124046995833 -0.0351967008949887 0.0196689307434849 0.00983721549385474
0.175164194800352 -0.0756830280348437 -0.0666558139690287 -0.0681143986901922
0.122740271836025 -0.113578545716751 -0.178750163259995 -0.0314493454274478
0.0431814375920312 -0.148232144336045 -0.182206146865771 0.0789360016057333
-0.0464384101775742 -0.145866446792519 -0.103101427028578 0.13946259780802
-0.107784593878226 -0.0993543001573713 -0.0220094499627642 0.147555783186871
-0.131236629218528 -0.0558172273488378 0.026411958895956 0.104941729658976
-0.152157089842953 -0.0370050575768308 0.0475152805213089 0.0381039815449975
-0.159266381400249 -0.037199042955617 0.0377096087826777 -0.014945785678382
-0.175914506522207 -0.0588614758702922 0.0400024469008404 -0.0730806924007687
-0.171013645828923 -0.120703989778191 0.0723066487960002 -0.107494131216372
-0.0943281443507524 -0.189984843382495 0.136415113017926 -0.0750455343247852
0.0163662497172871 -0.228629548115286 0.174013810619956 -0.00960330207296755
0.142877435083808 -0.204192718166785 0.141943398785844 0.0412515693974003
0.222986599296713 -0.120691960319071 0.0864067759487061 0.0116572192741307
0.243340689979942 -0.0281401563522617 -0.0792384499507392 0.0167538551516088
0.208875192766257 -0.0875560919810303 -0.12477436449451 -0.0550147282005521
0.148270401351595 -0.147851284100691 -0.201037522216028 -0.0299459362625271
0.0404092270306457 -0.184437275740184 -0.183325209463506 0.0521738055631329
-0.0608094341418023 -0.168296393853746 -0.126313731624686 0.0950352176341748
-0.123685481557503 -0.111516256412353 -0.0654757880707755 0.11082715793281
-0.14152387394153 -0.0634695888592915 -0.0293710063672555 0.0787861527833934
-0.155115355459808 -0.0479380554236036 -0.0129545396754032 0.0226094062060819
-0.158780550118577 -0.0516586711311882 -0.0232526598625496 -0.0272739654184682
-0.169974374787192 -0.073430926987798 -0.0142280964268743 -0.0890300937858371
-0.159702663770115 -0.133162492716172 0.0286182448767184 -0.134930427482807
-0.0792499670391482 -0.197056914270392 0.11730933145028 -0.102147664034946
0.0390020979693692 -0.22882268112606 0.16282295501744 -0.00870327109085723
0.167044816516036 -0.19026334350849 0.110331790023887 0.0653476576150363
0.232333344310853 -0.0976458964819289 0.00530336773472172 0.0382205267327142
0.218448601243188 -0.0175955119570615 -0.170014431826471 0.0316735326546592
0.199218380273989 -0.0816056502395719 -0.17483775846323 -0.0274944061965022
0.139013853918341 -0.148492843456231 -0.206950777557895 -0.0210865720659578
0.0291040079731874 -0.178601434901474 -0.174064733166916 0.0203091021102413
-0.0624353447288136 -0.154456177150322 -0.149112214151216 0.0461850882830833
-0.116190775927792 -0.101871664177879 -0.111357454280561 0.0715312344487877
-0.128899657277219 -0.0590027758485237 -0.0857629477480942 0.0525931491949847
-0.133663062201195 -0.0523235346276241 -0.0708121244816057 0.00326259289640964
-0.132303468625523 -0.0588510933172471 -0.0764808319533793 -0.045774721089628
-0.134729471022181 -0.0814280522723398 -0.0531432124254676 -0.109517989477606
-0.115387563520226 -0.131842747133716 0.0019722892005241 -0.156955042894833
-0.036789991261007 -0.176504385183648 0.105991738334718 -0.118843302454002
0.071060357516212 -0.187251783786735 0.145859301813556 -0.00369047980326464
0.175058833371656 -0.139266289152797 0.0728864098252523 0.0783311158630469
0.209943643937156 -0.0542890606449151 -0.0723583198555844 0.048292232527002
0.155405437750693 -0.000831599065867605 -0.235474072928561 0.0508206555937922
0.150931436655795 -0.0547836068039996 -0.204052657738934 0.00257936801864293
0.102676345145906 -0.112583513701569 -0.196374284101541 -0.0114500648867093
0.0162505496125843 -0.130378033612182 -0.161971724022032 -0.00799595205305148
-0.0449475452749895 -0.109232671944853 -0.16795175750951 0.00823450310866565
-0.084210390980723 -0.0745216381352174 -0.149378884755821 0.0407438948157611
-0.0932824321716695 -0.0464524063140287 -0.13302548195457 0.0306810415734471
-0.0918344457460759 -0.0473705225325706 -0.116638000501676 -0.0163712591036082
-0.0885846938574526 -0.0560904360824174 -0.113122071851078 -0.0690145124163768
-0.0824866038818785 -0.0749903137313153 -0.0716580842339463 -0.134320695325397
-0.0578810647617774 -0.110411705199903 -0.00182085979402087 -0.175399329400492
0.0067187329546566 -0.132843137521643 0.104437554049495 -0.126453681141408
0.0908712732702529 -0.121178553298522 0.126737700038268 -0.0010313877009845
0.156406099727013 -0.0692212560858103 0.0367199052301811 0.0733014405920983
0.157486853624183 -0.0058682663804533 -0.131654309677029 0.038312201683005
0.0687452287152292 0.0239215282508817 -0.262522623963408 0.0658110387657113
0.0825146933753594 -0.0100097287136891 -0.206682909614141 0.0231604100857002
0.0546570153192486 -0.0497357084826557 -0.179891290779865 -0.00599374638355203
0.0110183862416007 -0.0563865513705341 -0.153956513317089 -0.0255076917235494
-0.0109836072753084 -0.0471212656326706 -0.177062642591395 -0.00780831872933014
-0.0330295313664156 -0.0390782473451778 -0.169551304252236 0.0241980400595583
-0.0406511269219083 -0.0300308722105995 -0.160795909986605 0.0164890274609843
-0.0362073215176513 -0.0350556599344233 -0.142516863923321 -0.0324481692584949
-0.0356155412888492 -0.040667513324887 -0.129754035428203 -0.090572102312867
-0.0290597420770058 -0.0505261441928519 -0.0707796693800603 -0.156634184784544
-0.0112410317721307 -0.0695406908874558 0.0113081750023327 -0.185238033702958
0.0264943555053558 -0.0770895967899087 0.112200600436756 -0.125770737778795
0.0813003431254899 -0.0571899137237397 0.11186107878579 -0.00508859915973974
0.108646200448049 -0.00826216899735059 0.0119647421715119 0.0547415580596288
0.0813999235684619 0.0313106493674315 -0.163828543424108 0.0142107446922771
0.00446878871395844 -0.0453083272474349 0.18146900742334 -0.0168379123062065
-0.0372272050034064 -0.0147461417638804 0.0218699756202617 -0.074683847547395
-0.0343042080660553 0.0158851290117929 -0.103753581962763 -0.00856484092431815
-0.0068770871276135 0.0158868828495825 -0.136554402378953 0.113283235991264
-0.00831777111977035 0.00451473369364723 -0.0349874515644255 0.186010437849223
-0.0103712397643273 0.00905585509186244 0.0668401811127774 0.169015174032646
-0.0126255741958573 0.014578029129876 0.124356297756869 0.115771781450422
-0.0216747108047821 0.0188988836675918 0.152497884060808 0.0404163330226558
-0.0280633566250481 0.0168183154553884 0.154430421804054 -0.00721203252364241
-0.0344936611774967 0.00745544773066513 0.157582934228307 -0.0313517923446365
-0.0325364227456143 -0.0081944223410579 0.166944829874692 -0.00961698545386952
-0.01805840172279 -0.0206894392852698 0.159166553502976 0.0227419961382471
-0.0220917784836169 -0.0251839420516275 0.167153554597729 0.00954352110818216
-0.0133610397422259 -0.0437222881563604 0.194917742095951 -0.00920096182762027
0.0267670127126176 -0.0540006048644702 0.237302030704183 -0.0670236116398448
0.0852968829241869 -0.0501172921962707 0.155176342622169 -0.00364931869490428
0.029404336140356 -0.038661746575842 0.0114949573879405 -0.0646994079565564
0.0111369653791183 -0.0213815291693205 -0.115996063096766 -0.011033896787149
0.00961467893357807 -0.0311565920300056 -0.145426827384714 0.106230011027255
-0.0204409289103566 -0.0433075509573717 -0.0540528258945758 0.17904039448895
-0.0450372692896113 -0.0271283264667943 0.0452706868021345 0.172824757689286
-0.0581227630744023 -0.00887066286201525 0.106388789327792 0.1199700673503
-0.0766629753606751 0.0021471551111081 0.134588883765707 0.0446042904290377
-0.0851455962468231 0.000817768238971376 0.132113771844995 -0.00769299471431513
-0.0962658337752711 -0.0166316582865426 0.132146938658679 -0.0446963035931918
-0.0908533763299886 -0.0557683596753792 0.146784853236129 -0.0406866850029255
-0.0464292977360732 -0.0932036557315036 0.157468412608162 -0.00505949715091697
-0.00236393704780447 -0.108332065901555 0.168596158651731 0.00136553451412285
0.0488152673745904 -0.111254377214691 0.178162844559954 -0.00308060027953893
0.107478018792397 -0.0914818869351042 0.205644808296707 -0.0510914907099268
0.159009854820556 -0.0470711036213506 0.100226497946593 0.00276967066386638
0.101070521612734 -0.0582623992061247 -0.0168770249630515 -0.065527503838536
0.0654845093863654 -0.0637210897271687 -0.141173514279589 -0.0190557895543293
0.0271688012102893 -0.0856775867211773 -0.1597878055863 0.0967560647617169
-0.0338553105972626 -0.0936065923538816 -0.0726978995271758 0.163719718518483
-0.0777741433794783 -0.0624737517073537 0.0193850079012325 0.163542798748371
-0.0978665379071565 -0.0314480708968677 0.0739883085774214 0.114287554155739
-0.120126954790441 -0.0141712632419833 0.0977281998767026 0.0430156675858135
-0.129586316066545 -0.014362648244199 0.090381726906178 -0.0102075503167714
-0.144589566650966 -0.0335807751174497 0.0884353433038831 -0.057517776771524
-0.141426004972269 -0.0869773292904121 0.11024741211206 -0.0746315633857292
-0.0795393879774778 -0.14598936557529 0.146714264156973 -0.040864860927356
0.0010766047687279 -0.177108723876567 0.170461967319946 -0.00862316727207765
0.0947842778084934 -0.168400889507178 0.159983173428017 0.0112496067741298
0.169549221315774 -0.116941411543577 0.152372254225067 -0.0243350790633899
0.211441765090905 -0.0426913888644638 0.0197953134079453 0.00712368656516631
0.162500889863954 -0.078340441727546 -0.0638558403221263 -0.0645304001536917
0.11214814449233 -0.110951028744691 -0.170787617454693 -0.0241831509316129
0.0348904480573212 -0.141557169115398 -0.170976646591954 0.0806311294054757
-0.0506982699691176 -0.135718017563704 -0.0933750809272729 0.136225587059471
-0.105777405540101 -0.0888483815546668 -0.0146958712059903 0.140581265185508
-0.126543609871477 -0.0471016797101825 0.0288873949096401 0.098284401184795
-0.145744223752315 -0.0284746789002297 0.0469114396259824 0.0346071949193187
-0.153633271806735 -0.0283219085323346 0.0355351428324486 -0.0153482363923166
-0.169687958472751 -0.0475209097108204 0.0355626684672811 -0.0694568613102304
-0.167551091265751 -0.107013957512667 0.0635531879609201 -0.103602998288336
-0.097465793997755 -0.175484576694879 0.127843224339481 -0.0746560307601341
0.00684990397189425 -0.216764657601824 0.166260044642637 -0.0154218634220457
0.127318141952621 -0.198592201005034 0.137133542033468 0.0342509462446292
0.207642515560877 -0.122376943288473 0.0833089880402175 0.00739141683535912
0.228792451008242 -0.0363574164390368 -0.0725217506802201 0.0171601152546213
0.194677424250036 -0.0906714102013467 -0.117740438465132 -0.0499093433039177
0.135229130626879 -0.144150799269043 -0.192281894356685 -0.0221709479505404
0.0310845521353291 -0.176099202826182 -0.172839110993368 0.0557808762491621
-0.0649120275881591 -0.156442503321097 -0.116914707574867 0.094814687680968
-0.120997724230173 -0.0992915885467517 -0.0574420298180012 0.107301680585459
-0.136735084085585 -0.053366264645919 -0.0243525822996539 0.0756092077626802
-0.148839281845943 -0.0386811291648064 -0.0116978583824989 0.0222427953935432
-0.152872900885243 -0.0414564900637469 -0.0227392249605998 -0.0248256828288744
-0.16460550116093 -0.0611475687302978 -0.0158084502865882 -0.08238937994034
-0.157418100272627 -0.118581478697896 0.0208094104081176 -0.12699123817518
-0.0828825722714007 -0.1821645724296 0.108677196662198 -0.0998921068911238
0.0284286022453394 -0.216711417481818 0.155716210475824 -0.0139916817666932
0.150405737535322 -0.186254888041381 0.109016991197057 0.0579006871647762
0.21791906670923 -0.10065827443554 0.00671837524472808 0.0354176622252119
0.205639643797098 -0.0253228514780762 -0.159315873784355 0.0345094590809093
0.184933345309046 -0.0841252355022373 -0.164705417439051 -0.0226011794761136
0.126446522297241 -0.144600356444313 -0.197061252446472 -0.0144125375169135
0.020585580584587 -0.169737857270109 -0.165950268299196 0.0251484689389564
-0.0653795957867108 -0.143930520526628 -0.140113297515442 0.0503645112702353
-0.1144243655632 -0.0900573409180984 -0.102022442339823 0.0725707037879572
-0.124839808043162 -0.0500784371330483 -0.0800566603227461 0.0534640350946692
-0.128898456778354 -0.0436583674960172 -0.06741687717137 0.0064201213107824
-0.128059461788643 -0.0498013530270372 -0.0739569120386553 -0.0399518465355094
-0.130963145727719 -0.0705036282016248 -0.0542855247576222 -0.100379699131159
-0.11441827000039 -0.118858351803785 -0.00497989333230927 -0.147526284290276
-0.0421170529705034 -0.165340894258013 0.0966755421118002 -0.115471527624331
0.0604568990778521 -0.178331697103331 0.139545550702866 -0.00873702450149849
0.159515111210744 -0.137199239330761 0.0731289604495293 0.0714689408570768
0.197272252866607 -0.058289015360267 -0.0655581633623138 0.0480597221094605
0.146929141946603 -0.00701734984273857 -0.221300325188322 0.0554795451385633
0.141380533258369 -0.0572579434575537 -0.19204742865215 0.00692635214674957
0.0927444664740375 -0.109303438360474 -0.186731200759302 -0.00504949823765086
0.0109087093366589 -0.123475162195225 -0.15505006895993 -0.00284908546492482
-0.0466669863440301 -0.101370486937856 -0.158689386617478 0.0149146293119537
-0.0826706132486879 -0.0660000981780716 -0.140085009415274 0.044406192306558
-0.0900338990469896 -0.0395147049693946 -0.125615303689057 0.0344746315737093
-0.0890842860575171 -0.0410742570735321 -0.111800784970823 -0.00983672198868626
-0.0861632380517689 -0.0497544433451758 -0.110341081810793 -0.0592251751827757
-0.0809660966096678 -0.0671834180639587 -0.0728309784210826 -0.123858131840816
-0.059065997999618 -0.100638846189743 -0.00913714138556502 -0.165139566599638
0.00150225320869336 -0.125395273218996 0.0949463018925491 -0.122754916541871
0.0821110322628894 -0.116973428572339 0.121650864191572 -0.00557688002597483
0.144673959852173 -0.0709891931516688 0.0386007887381545 0.0678064763871113
0.14878214001392 -0.0107980014846698 -0.122941295576971 0.0410969784679027
0.0660836578521134 0.0195108571772085 -0.247775675313147 0.0706044653311037
0.0779069381064868 -0.0118839752991898 -0.194664831240424 0.0266333153234772
0.0500683696531339 -0.0484595486839101 -0.171191834664791 -0.000945342288706174
0.00846090007651131 -0.0538561231144555 -0.148097987810995 -0.0192833325895431
-0.0117262404692949 -0.0441554420948852 -0.168868437556344 -0.000255613541668442
-0.0331490389574982 -0.0347086467212197 -0.160355989837217 0.0300639675265647
-0.03974940957608 -0.026199992898847 -0.151391677778607 0.022615393535505
-0.0357218229476272 -0.0316979642407638 -0.137367733277317 -0.0232391098342776
-0.0348232614629367 -0.0367385277783486 -0.126277602438321 -0.079905428769764
-0.0290285336661392 -0.0466734996486277 -0.0726920680422916 -0.145346772850412
-0.0140055986678493 -0.0646749729234473 0.00338031458082058 -0.175167495012867
0.0225397553195051 -0.0739657532216493 0.101551402008902 -0.122295761021475
0.0750549984255145 -0.0558359338743212 0.107193093531054 -0.00784859586288507
0.102691151834467 -0.0114614075145695 0.0143606596337566 0.0514136251848018
0.0779360243025806 0.0269053250341471 -0.154815217701418 0.0203287388284179
0.00410012133835135 -0.0440048794107893 0.175556979217289 -0.0175898273511567
-0.0355868070694821 -0.0149913233279512 0.0211559284588394 -0.0726143519813891
-0.0323970528339794 0.014531390123785 -0.100346152818393 -0.0089962504950564
-0.00722485496677358 0.0149538427667949 -0.131689496298997 0.108919385249634
-0.00856625987318215 0.00398316300248255 -0.034651382765767 0.177246929812402
-0.0102146274026562 0.00848590714383675 0.0647753776515649 0.161566625785151
-0.0121722335373903 0.0137988495897944 0.120910662500228 0.110272722935137
-0.0214786136886265 0.0177604653457771 0.14725965516177 0.0385550059448679
-0.0270048763646877 0.015865150679588 0.149462331148495 -0.00657427274680571
-0.0334842128514025 0.0076808854717001 0.152420754641943 -0.0295950951503277
-0.0314974961323131 -0.0086686331190777 0.16074127201815 -0.00869188106636394
-0.0176970059484904 -0.0198916269812762 0.154430794076486 0.0226520823399933
-0.0207455907941211 -0.0245456305813761 0.160406766848159 0.0109736223943142
-0.0129701126477167 -0.041794639519809 0.187510335509238 -0.00609227312373089
0.0255451915026678 -0.0525026145119218 0.229801171610777 -0.0618827961213945
0.081416596704519 -0.0485448438143912 0.151144298207155 -0.00505474510238614
0.0281701651541659 -0.0369427815001401 0.0120123689329528 -0.0635925915793915
0.0114814027369072 -0.0201727642063408 -0.112441687960482 -0.0115834374434525
0.00911431055141993 -0.0300104395513927 -0.141388442644231 0.101866131986012
-0.0203981159402213 -0.0416276413061152 -0.0530984784769181 0.170798382012481
-0.0432655537477242 -0.0255076602886714 0.0440053640475308 0.164588976759902
-0.0560276695572092 -0.00844799810901368 0.10311701068333 0.114948075074004
-0.0737717091162643 0.0027585677174102 0.130121462310157 0.0421297439931635
-0.0820699217572292 0.00134389798320557 0.128213287489699 -0.00741857801753858
-0.0929736348702637 -0.0148551633561413 0.127888809863966 -0.042434188851773
-0.0879084153840917 -0.0533677933702861 0.141604776155116 -0.0385459566211963
-0.0449471255385707 -0.08985952352151 0.152759850792291 -0.00389935242789112
-0.00245108589887923 -0.103916260780092 0.163470371330829 0.00241988350227617
0.0475914684091173 -0.106699537532162 0.171616167246292 -0.00143991269547654
0.104344394433081 -0.0876483675914752 0.199391317454855 -0.0485186398509293
0.152058221346338 -0.0463860309649684 0.0971309360851083 0.000863300775574211
0.0971855187040481 -0.0556990638690159 -0.0154779192926949 -0.0652075708700328
0.0635747337672206 -0.0609897896732302 -0.137191533687898 -0.0195556382096664
0.0257504910775674 -0.0822484900722072 -0.15468293839094 0.0923347027020586
-0.032595937962736 -0.089225964552291 -0.070558774939583 0.156535883407391
-0.0741028848081147 -0.0594455387258044 0.0187421401059045 0.156713956249306
-0.0943902108589586 -0.029401508511454 0.0719050187770471 0.109324655297334
-0.115871036342003 -0.0126406698549601 0.0942164388011571 0.0403806818791848
-0.124930490836219 -0.0121618341483306 0.0877655511470594 -0.00994139847376468
-0.140085181792578 -0.0310094984525274 0.0859811547081016 -0.0547116665981718
-0.136038263768983 -0.0827359076372969 0.105878956343659 -0.071015976169216
-0.0768676510322153 -0.139823544280287 0.142214885262433 -0.038622335233602
0.0016282904822548 -0.170343540932952 0.16515295177972 -0.00792959661080717
0.0914022084164984 -0.161599140981483 0.154941949889035 0.0122207180709294
0.164700366543505 -0.11285174204876 0.147624730836393 -0.0234693883875428
0.202291298210767 -0.0414554355938941 0.0201869691917949 0.00508298990786448
0.156230991390897 -0.0748200629892102 -0.0592304154912473 -0.0642920313351447
0.108899338857399 -0.106034331789565 -0.165410893128845 -0.0255654518173545
0.0332424952259075 -0.136134789275735 -0.165371197049392 0.0771884047500464
-0.0498026643527294 -0.12984103073422 -0.0906947223142507 0.130285821037891
-0.101461337364947 -0.0844459935094281 -0.0139721108858153 0.134626883363994
-0.121666807519522 -0.0441400117424622 0.0284843247362542 0.0942105100329632
-0.140603759980765 -0.025983414652564 0.045931619201341 0.0331345545551896
-0.148020910380299 -0.025967451454 0.0346629214551326 -0.0143976273753414
-0.163856503202402 -0.0442844020580239 0.034639288197162 -0.0662522783631904
-0.161074316164267 -0.100954210073106 0.0606964757048473 -0.0984994352915586
-0.0937784116522004 -0.168233464104066 0.124228932383952 -0.0709538942635076
0.00721731454130159 -0.207105320468252 0.161374006681667 -0.0140882949211327
0.122395174415626 -0.190054096186551 0.133847729491272 0.0333258131981139
0.201203493682184 -0.116876659976033 0.0813502171005509 0.00671466077389972
0.2192498004282 -0.0353129894851193 -0.0689347979255877 0.0151256529164305
0.186641835969155 -0.0860788181491966 -0.11142973916556 -0.0509820927119427
0.13017841800665 -0.137602362538211 -0.185197596314892 -0.0236580527948643
0.0294276978629446 -0.168852027296461 -0.166902727727707 0.0526030267073962
-0.0629792392840596 -0.149431200679883 -0.11257764155916 0.0905522407877658
-0.116138131171902 -0.0935565257994045 -0.0550404156668163 0.1032020618859
-0.131705555081097 -0.0499917736066024 -0.0235862447196087 0.0734643990423161
-0.143754629028672 -0.0363757220089505 -0.0109925080751174 0.0215232528613388
-0.147365736660229 -0.0385661529842382 -0.0207326090331749 -0.023093097389547
-0.159240489199824 -0.0575183292689041 -0.0142591676106406 -0.0784237014837699
-0.151523784952547 -0.111652554207935 0.019170614851213 -0.120837161843146
-0.080191284926272 -0.175113579702932 0.10555109945941 -0.0955450445653665
0.0271325476201632 -0.207823357024169 0.151546032842255 -0.0126057161507278
0.144470397282911 -0.179116057405318 0.106301238325547 0.0554769982278763
0.210956046028266 -0.0967796654678242 0.0074284442038807 0.0334543788171301
0.197294001257666 -0.0248351031605159 -0.152619213070585 0.0318169626161809
0.177512852114476 -0.0809084852951277 -0.156985570374281 -0.0246478191873342
0.122354465950758 -0.138085338142021 -0.189360779709102 -0.0149899449235449
0.0193245770005182 -0.163395304065125 -0.160138153159179 0.0232266237389457
-0.0633151113057491 -0.137869769377637 -0.135244791286434 0.0484533511679043
-0.109522456243616 -0.0850400109673079 -0.0984301631716551 0.069889310581928
-0.119515305868381 -0.0468488438815397 -0.0766296525260088 0.0521476668489792
-0.125027943845777 -0.0410606138811756 -0.0649969963294827 0.00697751438660528
-0.12362012902582 -0.0469044489899304 -0.0707632823035875 -0.0367314875330677
-0.127038592281496 -0.066309123968004 -0.0518412144938979 -0.0958436680558407
-0.110991667683112 -0.112469986363141 -0.00545428680255732 -0.139767685099591
-0.0406435312654615 -0.15783581662581 0.0941863909020069 -0.110027222980031
0.0585204446265929 -0.171011713306303 0.136444015479013 -0.00810048416747388
0.153059674146428 -0.131114942115458 0.0717736620324239 0.0687291392087378
0.190546030767472 -0.0560596572846315 -0.0630745736594835 0.0456242882140239
0.140785917285861 -0.00700500510539804 -0.213020904030797 0.0518005757414402
0.135660815253034 -0.0547621668864848 -0.184036301025957 0.00322574334281262
0.0895027810549954 -0.103900941105477 -0.179519986363387 -0.00657038208415656
0.0100605993779849 -0.118760478814999 -0.150081030438877 -0.00383650235841992
-0.0454051039602381 -0.0971933150530606 -0.152685042377081 0.014317973710326
-0.0795699057846446 -0.0621515928637596 -0.134990860920253 0.0432092113597892
-0.0868915946283248 -0.036668435883623 -0.120549975233355 0.0342985900505102
-0.0863892016231106 -0.0393947899655787 -0.108278475363714 -0.00854918661104851
-0.0826872655614067 -0.0471237619386264 -0.105702533395688 -0.0560614729263147
-0.0785771969059755 -0.0640852293306129 -0.0697876108214535 -0.118397137247656
-0.0573675007276215 -0.0958914647696041 -0.00903478184605439 -0.156658571662435
0.0012751893872621 -0.119733217708093 0.0915763718011293 -0.116978274852698
0.0785559628479013 -0.111893684664403 0.118498559141083 -0.00418814202134473
0.138126358347888 -0.0674091656938339 0.0381020638295428 0.0646998614564908
0.14330799774949 -0.00971573038815902 -0.118245970860653 0.0401445380149504
0.063342551132423 0.0189030444943459 -0.239509565333324 0.0672149936413707
0.0751009150579439 -0.0118671526282292 -0.188163498410683 0.02340007104473
0.0486108988246537 -0.0457173247731685 -0.164321678201679 -0.00233450135619602
0.0083097328295063 -0.0513896730870197 -0.144099673144983 -0.0192384237335506
-0.0116052352750197 -0.0427573379567411 -0.161604231050791 0.000112146569522869
-0.0313436584500457 -0.032324579621554 -0.154859944062123 0.0293051706970105
-0.0380152186478012 -0.0243779298679333 -0.146390153374682 0.0231674398757368
-0.0345444644578077 -0.031292377789166 -0.132790826764449 -0.0218291323484967
-0.0334463794657654 -0.0354223474703764 -0.12153008208936 -0.0746029692234347
-0.0275346947454145 -0.0449634931021624 -0.0700781707923062 -0.138545408906099
-0.01311656350477 -0.0615857922861546 0.00281903301839745 -0.167043323180572
0.0206526136807718 -0.0709208721391213 0.0985947031421246 -0.116794726675299
0.0719782723852451 -0.053607467650629 0.104536091494099 -0.00660043766168463
0.0980707566171272 -0.010557024773748 0.0140349209627087 0.0490919924478704
0.0744440618408513 0.026599762306086 -0.14834965309276 0.0197394339274822
0.00861586801658189 -0.0426997557168178 0.179640540396416 0.0066514878762986
-0.0323940303153977 -0.0202242022896893 0.0329880990310699 -0.0707264773688087
-0.0333543018630154 0.00864608169872095 -0.0988135467871221 -0.0259142647048849
-0.00975513125455428 0.0122701096596983 -0.143850612150934 0.0882719167425242
-0.0103804758730845 0.00300448444646363 -0.0589807932061185 0.167684222844156
-0.0105803149423693 0.00541842733314233 0.0402045442400358 0.166640882925961
-0.0134157784117887 0.0111322322429036 0.106191618233094 0.12387407740257
-0.0229102588416885 0.0136253712487501 0.140027556617147 0.0602235877411947
-0.0277099398865104 0.0109154895159426 0.149158529667521 0.0162372362025449
-0.0332090543933643 0.00124289905603573 0.155014111496143 -0.00448917936568242
-0.027884092155228 -0.0152498087509997 0.160684451866277 0.0177010385685484
-0.013467074252111 -0.0254793329359329 0.15090257070134 0.0487060333878201
-0.0146416650338366 -0.0296158248106068 0.155370409030824 0.0381014471344805
-0.00407497738033938 -0.0448653379497375 0.185266234887163 0.0263154094171106
0.0348245609944616 -0.0504558574590297 0.239350174346495 -0.0213960057432041
0.0854502857272766 -0.0368235845656369 0.150444924521122 0.0210476678424959
0.0333749883405289 -0.0317809068891063 0.0223093990022256 -0.06075119097762
0.0150250680084329 -0.0179943827399611 -0.109623221446237 -0.0270172659192206
0.0132011065698493 -0.0279618580565395 -0.152225877172168 0.0814903757040503
-0.0143063756683112 -0.0432968262375798 -0.0748871817403445 0.161083461890698
-0.0378213646866138 -0.0322695660843385 0.022310689544262 0.168122778294437
-0.0529607270520643 -0.0169910284361069 0.0882463572106284 0.126963091070179
-0.0724186919481237 -0.00945496533994597 0.122412518499565 0.0612799724728743
-0.0790811532675343 -0.0115155425188222 0.128283712043107 0.0130571159302237
-0.088322235454755 -0.0296381758176279 0.133069872718426 -0.0193568255189116
-0.075281478961752 -0.0667640225857761 0.145395153946788 -0.0127757880946254
-0.0290842599405657 -0.0972033201379772 0.152560967225348 0.0233088768166973
0.0159271750085317 -0.104202919214796 0.15914339956647 0.0303009960680314
0.0643435492477495 -0.0980834712647874 0.167228260758517 0.0276745538752215
0.117765751354508 -0.0714760515872907 0.206326258276514 -0.013538400882729
0.154410267983437 -0.0248389654374323 0.0948511820060235 0.023208652254803
0.103557601673143 -0.0400052513846868 -0.0051159827462298 -0.0629958460298588
0.0717485218210055 -0.0496209535564123 -0.132863270098528 -0.0346785924866924
0.0378396537243857 -0.0768702548367532 -0.163560856647787 0.0739455616953517
-0.0190464253488059 -0.0912635133218282 -0.0886027493161143 0.146951229509349
-0.0629599342861284 -0.0694673130593395 0.000699743152931062 0.155906659136097
-0.0876282688529094 -0.0433956993039082 0.0585728334934584 0.118164797436677
-0.11172617622654 -0.0300396170799714 0.0868682622353022 0.0541479778072688
-0.119591961300972 -0.031844522837703 0.0882644436521531 0.00509274360478431
-0.131639174507818 -0.0523745987724955 0.0930544748381028 -0.0369653346845369
-0.119463352701853 -0.102566758618314 0.114866919007565 -0.0493100937903549
-0.0526702633701333 -0.150974287765111 0.148139043621047 -0.0113129939958241
0.029231536178089 -0.168325607532169 0.16165935377125 0.0203086099722967
0.115691554257466 -0.143872786031623 0.146477784385205 0.0370166453066893
0.181456319344971 -0.0846339877523293 0.149995767672797 0.00114916148385635
0.202799414223406 -0.0136849391596637 0.0158955993204911 0.0209965285610221
0.164235269608049 -0.0494341487067512 -0.0496006764627882 -0.0664267828912904
0.122964079424944 -0.0868511085308069 -0.158193978937402 -0.0399351492878844
0.0541746282672568 -0.127426111923429 -0.170927920822473 0.0589833923006185
-0.0275812415343948 -0.133027186238532 -0.103063453925527 0.119566852804777
-0.0854234902623085 -0.0968572824791764 -0.0266646454849414 0.130745796160353
-0.112946601776981 -0.0620086423513929 0.018272389691028 0.0982941139474672
-0.134124181325099 -0.0472256825266856 0.0388999017566228 0.0393003949429934
-0.14021754122225 -0.0471294249822079 0.0370689341125614 -0.00721239655277819
-0.15393309605838 -0.0676901240263739 0.0448106266564595 -0.0558627283995578
-0.141519956970908 -0.123394345409242 0.0739033652054778 -0.082719834788189
-0.0649448071425272 -0.181180132221755 0.135103001602467 -0.0463640961019771
0.0399800991649194 -0.203400698049003 0.1593538032914 0.0135569776879893
0.149751625881916 -0.165801282938277 0.121917920254702 0.0533900989045076
0.21748308985543 -0.0821850801729207 0.0785735166858096 0.0188177330175932
0.219755637221759 -0.00566053178539663 -0.0754061676386402 0.0192127526057709
0.195698784494201 -0.0565364562061412 -0.103457938902778 -0.058989836284539
0.148258525660375 -0.114738182264639 -0.17758845651415 -0.0388479338312101
0.0559336830667497 -0.159936388213059 -0.168374668624226 0.0359167478899498
-0.0376423034695985 -0.15482682425968 -0.118366609983709 0.0792898225789309
-0.0980133277643691 -0.107721520951906 -0.061580981051555 0.0936534443499025
-0.121887857868501 -0.068939194923118 -0.0299880970415888 0.0713035599506636
-0.13586634430429 -0.0576364107559433 -0.0149215710953582 0.0192232528343441
-0.13797428016398 -0.0593681850417875 -0.017598591629625 -0.0240831196359237
-0.147048744070105 -0.0790982149912143 -0.00219654152553202 -0.0757611502408012
-0.130222563579863 -0.131992564871693 0.0365161706172985 -0.110974213682174
-0.0509184805220095 -0.185236056303705 0.120520630952743 -0.0727356128488736
0.0608001352457265 -0.199482499633785 0.149134351819521 0.0127479420212324
0.169984936384542 -0.151203281328952 0.0906582717647167 0.0706184273512816
0.223459933022537 -0.0595096776975176 -0.000358579496306189 0.0334160330174215
0.197077127981307 0.00131725084690338 -0.160821457915672 0.0235107731590841
0.186708926512169 -0.0519960286754953 -0.153051096502619 -0.0393585962902435
0.141462944130706 -0.116123353998955 -0.183116947228492 -0.031273355309417
0.0449639123798685 -0.156125528936952 -0.156858610682238 0.00734238022666742
-0.0393637018627388 -0.143747849915571 -0.134156625620302 0.0335917587363589
-0.0930742326646166 -0.0979797717681632 -0.100674463289069 0.0551672378708463
-0.111022644916611 -0.0635842278532074 -0.0802932431184476 0.0438252675463093
-0.116866491028042 -0.0596828636500821 -0.0651985163077595 -0.0028668015334883
-0.113662800213422 -0.063954999493428 -0.0646951760856342 -0.0456895577051742
-0.11457514114806 -0.0841893830313147 -0.0368456433922224 -0.0986949624325306
-0.0907939300940747 -0.125767029776273 0.0147556870075777 -0.134996667586028
-0.0154230959363068 -0.162353390794511 0.110328674026105 -0.0904296605744323
0.0847843512397249 -0.158437575376898 0.134444120680598 0.0146436663775725
0.170111912591318 -0.103236339620569 0.0559250579466662 0.0768847377451525
0.195481499190459 -0.0218852191179325 -0.0721633347747272 0.0343512886860028
0.139230035981954 0.0112429789334489 -0.222988161149125 0.0307283141367122
0.141590307049482 -0.0333673456408425 -0.184734920626685 -0.0173358826455117
0.10412490824851 -0.0875661668530644 -0.175106041726446 -0.0245432575902108
0.0294792495898191 -0.114249617645313 -0.14478845147987 -0.0188970846787331
-0.0283154716361962 -0.102289558347801 -0.14837155888392 -0.00336751246967953
-0.0670459458259206 -0.0703348052500378 -0.134774014322064 0.0234744514360678
-0.079984860016768 -0.048908539530712 -0.122440888155992 0.0197476642489201
-0.0792765532659541 -0.0518939384988164 -0.10571800501812 -0.0239624308798659
-0.0744233629646769 -0.0579278437189406 -0.0956314322553089 -0.0696045480494977
-0.0673926186127362 -0.0738764766233286 -0.0512504080845657 -0.125250309303062
-0.0423379177834772 -0.101544991907009 0.0139384049366187 -0.15317358201296
0.0190650199147226 -0.118248861100148 0.110061656151079 -0.0986181947755289
0.0958716886457555 -0.0979221253097928 0.116842203538365 0.0146202005835625
0.145650001361347 -0.0427285961094233 0.0248459060029 0.0668934075728835
0.141331102597518 0.0161569311380199 -0.125084995892253 0.0190970399881213
0.0599219886900941 0.0265063304575312 -0.249558839250904 0.0357133152304446
0.075654780737184 -0.000642613064184711 -0.192514447892134 -0.00125782462786533
0.0544440139689591 -0.0369731921620636 -0.161890984508433 -0.0224809294378278
0.0167994317008523 -0.0493586570446081 -0.138123469832077 -0.0366017599339337
-0.00413878482484856 -0.0440842438492396 -0.157900162181763 -0.0206264865495885
-0.0242719677868765 -0.0344230942655676 -0.15591656343985 0.00682807581314106
-0.0338497071595227 -0.0287965711753083 -0.147932501026975 0.00471162739134941
-0.0302196796290048 -0.0368025454871255 -0.12793224623341 -0.0407680431783753
-0.028220284290077 -0.0391188193996779 -0.108726725392357 -0.0909391835136099
-0.0210038233852389 -0.0475345494202719 -0.0481147843640479 -0.145512988697979
-0.00474856398643529 -0.0620227376141259 0.0284855966521094 -0.162851266014233
0.0301735781050327 -0.0670291477145181 0.116310356220395 -0.0983130627574289
0.0803254835872101 -0.0419097392306197 0.103423233803169 0.0107749176014576
0.0969180888412524 0.00550729703325863 0.00560382702425086 0.0483227151571703
0.0677794031173153 0.0408233695489128 -0.151535450540162 -0.00541388159030458
0.00862203913973678 -0.0444730448101815 0.184037287253892 0.00367588873307081
-0.0332239531974335 -0.0207249162792088 0.0336684562828598 -0.0740136162009444
-0.0342097898875525 0.00810604960943275 -0.101200878039428 -0.0277955199181001
-0.00958994428272684 0.0123361986481375 -0.147240879961837 0.0905323805513579
-0.011276269529722 0.00283322222841086 -0.0607399365351336 0.171356250407697
-0.0113091274708132 0.0051342101854643 0.0425819791465859 0.168442730970085
-0.0139967599082629 0.0111606693285759 0.1103624044295 0.125574427163298
-0.0235971241283849 0.0137350493715067 0.145382711141939 0.0595100939832219
-0.0283902946742967 0.011714661999826 0.154992710988296 0.0153461943841557
-0.033847484161993 0.00229319630663265 0.159225512010386 -0.00445788383650182
-0.0286483025012998 -0.0156177873456059 0.164957875301136 0.0177721971216997
-0.0137383750910953 -0.0258889371066893 0.155299111191905 0.0504605122084613
-0.014875594823696 -0.0307007525113726 0.159153387415008 0.0397024660850129
-0.00371063806045173 -0.0456439327080087 0.189451845790503 0.0282331646882301
0.0352409499833733 -0.0519594834712392 0.245674849941428 -0.0216869603858501
0.0863730404334121 -0.0385817749723158 0.155057282133848 0.0189540381120299
0.0338945922664079 -0.0329161563154258 0.0235595686915975 -0.0641346144660453
0.0154375649595626 -0.0188298738853933 -0.112276098487219 -0.0286075883600667
0.0135118154349688 -0.0286363098733787 -0.155853868772708 0.0837087088862618
-0.0158428203321974 -0.0435224449990885 -0.0767748814318192 0.164055576952481
-0.0390117957289526 -0.0326678250989364 0.0236887374615716 0.16953425122399
-0.0545335521632437 -0.0173804973956868 0.0921250535766783 0.127906564902659
-0.0748286219752302 -0.00870487929070616 0.126306151531037 0.0612408816585246
-0.0814978395236167 -0.0110737749206254 0.132722273793772 0.0119842637328493
-0.0910373517591315 -0.0290245757492909 0.136601735294031 -0.0196921358737553
-0.0781223188183244 -0.0681329245879248 0.149064988211875 -0.0128011661631947
-0.0300794535692007 -0.0996640370217139 0.157318281374367 0.0245909925026462
0.0160922829957846 -0.106930535537861 0.163234847237495 0.0312139961305031
0.066017536918155 -0.10028404926209 0.171959117891655 0.0285246826245375
0.121073493143921 -0.0734147218561916 0.212229870647846 -0.014481316115939
0.156371753260109 -0.0261598659854995 0.0982405758265543 0.0222464468613413
0.105122783144971 -0.0408275758716471 -0.00417066366947982 -0.0670118766795673
0.0737186717111389 -0.0507866501336498 -0.136590941564029 -0.036319065316641
0.03838968421626 -0.0781966389416098 -0.167500266821135 0.0751670269908317
-0.0198390150390626 -0.0927627870828167 -0.0913010800673379 0.148902115900652
-0.0649273647690934 -0.069614660592419 0.00172841628974761 0.15831384208703
-0.0902076922286337 -0.0433028222094368 0.0612959101482862 0.11941224473723
-0.115110106204035 -0.0300803142881812 0.090584805978257 0.0548798371162936
-0.123090112940823 -0.0310433602299181 0.0923891780167455 0.00428827137534599
-0.135986463947225 -0.0512325787289506 0.0963367575872283 -0.0376577800599982
-0.123064376086481 -0.10346990423369 0.117212603382583 -0.0491130719740463
-0.0548081843290412 -0.154774652366089 0.152991525075697 -0.0114704554612131
0.0300025261032724 -0.171945290443741 0.166600508439627 0.0204786015504566
0.117810656463872 -0.147222666891702 0.150967839642952 0.0380521925817005
0.186524501860971 -0.0877696984280573 0.154274788357517 -9.70110135053404E-05
0.205958782450941 -0.0155354822372709 0.0169637609800424 0.0193935061456457
0.167199458131985 -0.0514185584574455 -0.0487602005532064 -0.0700597321056012
0.126363715987699 -0.0887311658788193 -0.162797005583826 -0.0422424844368084
0.0541284689580762 -0.130207166295542 -0.174790991983131 0.0598745819600597
-0.0298824945774909 -0.135400204405998 -0.105618367631279 0.121651729248316
-0.0881592202274851 -0.0973731821833974 -0.0259678723151337 0.132418456866058
-0.11566475593214 -0.0615369012480655 0.0202092389880747 0.0994955575646275
-0.138906751548267 -0.0464364695307858 0.04083406557481 0.0401839710571051
-0.144472366737111 -0.0472134967418344 0.0386751233223677 -0.00781749286245393
-0.158702957485404 -0.066621344405583 0.046389589354936 -0.056789415681429
-0.145730838413159 -0.123647670924959 0.0751775901367833 -0.0827720991835679
-0.0679657485500828 -0.184892758668343 0.139882437997783 -0.0469524451915331
0.040569548694601 -0.207401197579747 0.165060321460023 0.0131770098174951
0.152825734519895 -0.170338604268195 0.125822736652263 0.0545134814611558
0.223980426147034 -0.0857320816057448 0.0807968847249538 0.0186664513399703
0.223021905157767 -0.00699818834186789 -0.07590743576033 0.0184543585182651
0.199061633013083 -0.0587127839548534 -0.104179170123841 -0.062025888537649
0.152622505448344 -0.117068026113892 -0.182465203732162 -0.0407547572766175
0.0558671176965409 -0.163736387727697 -0.172621362833876 0.0359232386518384
-0.0397307767876073 -0.156534848323421 -0.121040857097705 0.0804462468986867
-0.100595180782085 -0.107938242694815 -0.0623653767332461 0.0950342432989226
-0.125111388253795 -0.0690041250150924 -0.0302627235415137 0.07259473126613
-0.140349393682949 -0.0571203535679762 -0.01442900167177 0.0207422932581046
-0.141478172539126 -0.0591347547806897 -0.0176309191969074 -0.0238886320532941
-0.152021868504583 -0.0790567144847629 -0.00196679665650199 -0.0762643261086512
-0.134986963406289 -0.132577818041946 0.0361607988617079 -0.112263738005032
-0.0538179683547741 -0.188766118079424 0.123657435239276 -0.0741145824493443
0.0609454201170253 -0.202865234855479 0.154793720247471 0.0125624947446798
0.172568987207307 -0.15451394219623 0.0940579759408291 0.0711543000974445
0.229337702842043 -0.0618636480265237 3.8303639848976E-05 0.0329726730499885
0.20024930017918 0.000621961561700174 -0.164125418535809 0.0228283002121945
0.190532175644782 -0.054248306827441 -0.154909661764861 -0.0420466217520696
0.144283688396144 -0.118702699083998 -0.187333109195607 -0.0329575507762689
0.044945315075634 -0.159117955532316 -0.161011098547397 0.00737643077926979
-0.0426162675781318 -0.14610402968724 -0.137087793091997 0.034236739600729
-0.0948415485049986 -0.0982229568524949 -0.102903506665177 0.0559766195676433
-0.114151358457204 -0.0628429410804474 -0.0814372783748495 0.0451508785043707
-0.120470249138145 -0.0595689270894183 -0.0674606174675058 -0.00132120120068972
-0.116584649942113 -0.0642761666007883 -0.0658841751742026 -0.0451559661322049
-0.118625351878084 -0.083423545603558 -0.037512089439023 -0.100324860674603
-0.0945135352454117 -0.126334481269976 0.0143096670874313 -0.135911436755485
-0.0167543783904677 -0.16515548544139 0.113566286201454 -0.092572308298209
0.0869778050295478 -0.160917272507049 0.139513895262869 0.0145920113037852
0.173309369176324 -0.105801982313836 0.0581366356800976 0.0770820157455725
0.202016206540488 -0.0230571726790611 -0.0732583493496496 0.0348487694370993
0.142620783932614 0.0104760127139132 -0.227893040745102 0.0317459419249288
0.144346389601861 -0.0345606088471504 -0.188093556175035 -0.0186547735384242
0.106848650348151 -0.0891821930115667 -0.179250496867946 -0.0260134171926715
0.0290405805913893 -0.116745242795248 -0.148078242168805 -0.0207053886857609
-0.0306899249263252 -0.104324329297113 -0.151744629788502 -0.00319522257377018
-0.0682347996131796 -0.0704670289436753 -0.1380931372868 0.0249129798650249
-0.0819523874654746 -0.0484313434003467 -0.125220617216215 0.0227109402899253
-0.0814499168795374 -0.0523990236966468 -0.108260527662442 -0.0224821707187151
-0.0766218926175988 -0.0590096077331622 -0.0980081318886146 -0.0695601857532635
-0.0701005873325057 -0.0741904794287067 -0.0528757843392994 -0.126373003635218
-0.0436239123170092 -0.102366784609482 0.0129963905641479 -0.155103032056354
0.0185035678664539 -0.12086135450802 0.112329309407758 -0.100296706809513
0.0981362929616385 -0.0995052617481015 0.12175323705437 0.0155225193257003
0.148226856356048 -0.0438094705746778 0.025504504625444 0.0678884027381659
0.145556201203005 0.0161762940123 -0.12813478709393 0.0206169271196816
0.0612926127102102 0.0259346075227083 -0.256871940998381 0.0378489628079258
0.0774621230755747 -0.00125636748801356 -0.196980110950947 -0.00148994709575494
0.0563543176877868 -0.0369067957780904 -0.165819136544214 -0.0238795950414354
0.0170099382935992 -0.0505257514983449 -0.14182796346419 -0.0381040143572773
-0.00470978855336099 -0.0451730243831286 -0.16177495547104 -0.021043926925483
-0.0251368763757297 -0.0344428799039622 -0.159581008197639 0.00860109146054088
-0.0349044419844202 -0.0286577550899824 -0.151371647540731 0.00724302903137839
-0.0315691153016585 -0.0368718514297365 -0.132196427501112 -0.0394314483624349
-0.0288991232781313 -0.0403411189904801 -0.112331161383578 -0.0912140833989705
-0.0217230468811874 -0.0487862306041839 -0.050185626215337 -0.147983744001872
-0.00550104478404667 -0.0631122509548071 0.0285333257568051 -0.164889733349625
0.0304182695368859 -0.0679703130041556 0.118953059411025 -0.100122162825497
0.0825354330029044 -0.0428223341917318 0.107811541547913 0.0118868949399179
0.0983339515999422 0.00643051347304137 0.00623764901565042 0.0485987894109978
0.0687463473348219 0.0417243762944101 -0.155285788943507 -0.00432031090883345
0.00602359581497041 -0.0457419702693442 0.188607254018733 -0.00558778559906419
-0.0349479025142597 -0.0206898537956998 0.0315414663722121 -0.0787637873300295
-0.0349988566826614 0.00974510369364271 -0.1049088133363 -0.0251077253838754
-0.0099687790246915 0.0132364021018981 -0.148026591188091 0.0990093946296239
-0.0120276181214848 0.00367167665070493 -0.0558352902196291 0.178093631485113
-0.0120560507137729 0.00561389851245539 0.0499491957401112 0.168816074931443
-0.0135121852727193 0.0117105103098123 0.118606359448079 0.121685403000664
-0.0239254031996297 0.0151663942895816 0.153388112231297 0.0536946423242406
-0.0285149130796782 0.0139228952594528 0.161047668218673 0.00837958419167985
-0.0349137373260414 0.00408922423571738 0.164176868822443 -0.0114133715583086
-0.0306209636397346 -0.0153450625046012 0.170670405811746 0.0120834272916999
-0.0158633512680956 -0.0267833139354971 0.16217748121697 0.0460148004951972
-0.0164759616856875 -0.0307321505292221 0.164842158277801 0.0352842337526873
-0.00548055616405531 -0.0465393708851989 0.195606047866693 0.0232782059768979
0.0347708308358698 -0.0551738048895976 0.252887093135377 -0.0316964105016374
0.0865622374923677 -0.0431844765085983 0.160024089735505 0.0108353258413809
0.0326905025990835 -0.0352686837532272 0.0221656279874971 -0.0687556468659854
0.0148606397406715 -0.019993601475117 -0.116929907424833 -0.0261857107466207
0.0121926057408917 -0.0299528010166473 -0.156654011868815 0.0920088384881536
-0.0189007203728803 -0.0430225006259932 -0.0734093139926535 0.171045581536889
-0.0420531717321981 -0.0317666865625289 0.0312522652288697 0.171566119102788
-0.0569677412182908 -0.0150847015514063 0.0998991741486231 0.125992344352222
-0.0772430833815794 -0.0055570710389332 0.133785311170568 0.0560209066505506
-0.0846281784822285 -0.00714906795684348 0.138214841876035 0.00568737159175915
-0.094731227762261 -0.0247883273261737 0.14108073023345 -0.0252955327669616
-0.0839570751621926 -0.0662425549226598 0.153181713586087 -0.0181080621623944
-0.0357122292296377 -0.100783542052896 0.163962495458945 0.0189213717383085
0.0126269518196142 -0.110032329096426 0.168994244111686 0.0256735241793742
0.0639313671785843 -0.105105214021795 0.178405697581709 0.0236400643970374
0.122366363876433 -0.0813454293658942 0.217855773153209 -0.0237619325042779
0.15899692222493 -0.0333275709660467 0.102034470555923 0.016239126207881
0.105781323522555 -0.0463142077732865 -0.0057332922528573 -0.0714730859251852
0.0736171475810436 -0.0545027119807413 -0.141939104561499 -0.0333567781523379
0.0359494220374396 -0.0812820778767968 -0.169321231521838 0.082997130149474
-0.025285666571561 -0.0931257748378748 -0.0887350889841452 0.155993445814606
-0.0693400478451282 -0.0674253020664023 0.00874033335628729 0.160189044620881
-0.0942890749075069 -0.0405054106572355 0.0683298049529084 0.118107945876662
-0.120002574544752 -0.0250196475948323 0.095906293277322 0.0510678567698564
-0.128081294465171 -0.024916997382737 0.0959091900837211 9.84122901550868E-05
-0.142465735895544 -0.0448138086716681 0.0987319111041962 -0.0429136642708984
-0.13113522960143 -0.100363407280756 0.118367288709037 -0.0535410667725177
-0.0632670458612719 -0.155930435276705 0.157548485887249 -0.017783690705304
0.0237583396053267 -0.177096529001347 0.17286486524377 0.0136290428743341
0.115368992541834 -0.156502570772087 0.156958014048874 0.032596398569514
0.18896431771331 -0.0990111382906903 0.158914777683111 -0.00678140458846415
0.209929172691802 -0.0241864262885831 0.0193577103987031 0.0170194366152798
0.168242925440131 -0.0592909627664845 -0.0516579215948829 -0.0734116826051681
0.125783643952873 -0.0960658089690928 -0.169732463411155 -0.0373276811333008
0.0495605732947887 -0.135546310294769 -0.177295373471442 0.0675011824552823
-0.0370020116270634 -0.136230434956742 -0.104312795032753 0.128031532162861
-0.0932722249884096 -0.0950869006882211 -0.0210302624668536 0.135788743068443
-0.121229666490258 -0.0570996345361326 0.0249249423439797 0.0998322487270418
-0.144596291134986 -0.0409139746733393 0.0444564889117395 0.0387647227659461
-0.151020927823582 -0.0406121278419957 0.0401312258640583 -0.00984950500352508
-0.166619015098296 -0.0594501983418243 0.0469406337285478 -0.0599967505798763
-0.156076811070615 -0.119867853868213 0.0739024516554476 -0.0867087388079181
-0.0784822617735591 -0.185952171775865 0.143221448402142 -0.053891263732223
0.0333529651019221 -0.213715309098896 0.171397050087863 0.00582358095531574
0.150020080746049 -0.181440308557184 0.131227105210922 0.050447331468327
0.227729371138853 -0.0981793188222596 0.0833481460136968 0.0145495568453756
0.227363428197465 -0.0158363728112466 -0.0767264465686297 0.020275970406929
0.201820750984828 -0.0689150670862501 -0.107827116165574 -0.0631735785742907
0.151806240407855 -0.125805298698721 -0.189314771343539 -0.0355655079600871
0.0497614243789498 -0.169867276272239 -0.175810222057919 0.0428451139106327
-0.0484085115894453 -0.158560633740567 -0.121311479424676 0.0865140878643953
-0.107082643240479 -0.105098118188856 -0.0598788017085586 0.099079901420745
-0.130699871931187 -0.0635732467100152 -0.0272422665487395 0.0755120496594131
-0.14692441271214 -0.0518943320597835 -0.0138135817396302 0.0222653590258747
-0.148900942464703 -0.0532438036768614 -0.0180546467705603 -0.0234159066298459
-0.159851461299282 -0.0720186868398247 -0.00414929413756465 -0.0779180863558988
-0.144809351546336 -0.128626579644973 0.0330371196695533 -0.113524497859149
-0.0641134347928663 -0.190242891426385 0.125219205892524 -0.080539728899687
0.0550108649390028 -0.211069393350149 0.161933868643753 0.00496752608379029
0.170448503387524 -0.166035250411313 0.0998584452880649 0.0677961042574653
0.233989738310047 -0.0733889517604727 0.00119806596920524 0.0330902006594169
0.205739220849587 -0.00762212796556972 -0.167161842603352 0.0293420248340303
0.192679899075516 -0.0637373484785272 -0.159334526576888 -0.0399620774021472
0.14362403905138 -0.127080991951603 -0.193879236475903 -0.0273004796389984
0.0389057523307718 -0.165232997955078 -0.165413228523696 0.0126662889255136
-0.0503194449800037 -0.147824000605552 -0.139606511868866 0.0398134214616918
-0.10051548877877 -0.0947718777331908 -0.102478421254232 0.0618267705152325
-0.119202000021369 -0.0580415665512202 -0.0815313233633359 0.0503402735188045
-0.126875632412659 -0.0551116373113334 -0.0693291279305019 0.00290359094873763
-0.123245018212658 -0.0598452386787473 -0.0687075568054501 -0.0422425128672298
-0.125696257248989 -0.0785298837024873 -0.0420869468244328 -0.100514638797611
-0.102651555126687 -0.123988199681172 0.00908193618506415 -0.137811047222245
-0.0256363753821935 -0.16797324512625 0.114354127458249 -0.0989065232008329
0.0828399390827089 -0.168763997746419 0.146078764370791 0.00875167621550724
0.17286530959967 -0.115499612501914 0.0634062474500931 0.0765182062159349
0.206517640102813 -0.0324333165110907 -0.0738266290713327 0.0385784354340935
0.145901045542137 0.00559880559149971 -0.233196336311906 0.0409694207809376
0.146584674915651 -0.0422779175344065 -0.1931468384941 -0.0135976296680982
0.106334145860369 -0.0950567160736851 -0.184848069257512 -0.0202170604447056
0.023836924982268 -0.120947552560595 -0.153211252197266 -0.0161455075124859
-0.0362554550296632 -0.105410547919813 -0.156383409394362 0.00195034555973574
-0.0725273603910862 -0.0680715444213938 -0.140559293927327 0.0316139963360304
-0.0865563599383933 -0.0448255155411994 -0.12797867765296 0.0289266334750397
-0.08687693712488 -0.0501033235178376 -0.11269688867468 -0.016835977493432
-0.080821119437306 -0.0564178037143355 -0.103323300696475 -0.0646851552784337
-0.0752783044997479 -0.0719401704483866 -0.0592118904299892 -0.125989286231517
-0.0493909628769905 -0.102172801575348 0.00699617117092408 -0.157797730785991
0.0129176370456838 -0.124141165179707 0.111970377924218 -0.107412566038947
0.0973185586505685 -0.105246291366011 0.128115245040264 0.0104115162779922
0.149596514674174 -0.0512367745155154 0.0297487453899881 0.0684046652261668
0.15019834797491 0.0106801826890074 -0.13059962843037 0.0262609788390146
0.0637483751950282 0.0242308813384931 -0.262610988503595 0.0489495728133665
0.0787321137197216 -0.00497817333011055 -0.202238885467392 0.00551658066118308
0.0567008632127291 -0.0398845195446433 -0.171110138011984 -0.0181200510875181
0.01474799548283 -0.0520301711088006 -0.147580903400357 -0.0338674368050604
-0.00744657112868227 -0.0460219361261618 -0.166591214478625 -0.0151929524009643
-0.0263090500491413 -0.0331803364752668 -0.163786071568521 0.0161166307680355
-0.0369179077675501 -0.0265735021321404 -0.155184648278905 0.0149654748366421
-0.0344578257732241 -0.0371839946764232 -0.137641889441066 -0.0330464278834867
-0.0309019792871232 -0.0399421482633298 -0.118653592175442 -0.0865440614736826
-0.0242439179152033 -0.0486465113058547 -0.0574706661275752 -0.148535962858204
-0.00832116709914058 -0.0640988992379453 0.0223141888318473 -0.168937011878442
0.0281830065084805 -0.0707905826914402 0.118735263494082 -0.106704723929773
0.0827747064337575 -0.0464481248031909 0.113363961000172 0.00791240573144134
0.100885214242986 0.00289337321197563 0.00885671247902709 0.0500833611260833
0.0730032625970863 0.0410400671193247 -0.159021054553235 0.00276169538268166
0.00295514194466855 -0.0461632175675821 0.187032458029892 -0.0199625957847998
-0.0362752351043621 -0.0185456957875441 0.0263208607151658 -0.0822684529506367
-0.0344754720886981 0.0111967168090839 -0.107021249500239 -0.0198800273423981
-0.00887606584576656 0.0140928858681628 -0.141234733274519 0.107650325584871
-0.0119573875793302 0.00526696508122496 -0.0449555977941634 0.180521569589839
-0.011833413864206 0.00640516020319825 0.0594842126833482 0.162125611316543
-0.0125759064333863 0.0120969975484416 0.125980151614968 0.110924856875354
-0.0228283947218429 0.0169013698476964 0.157479478698636 0.0410499683409817
-0.0274169860264701 0.0160486143711327 0.1618573212736 -0.00377370768356413
-0.0337929360127648 0.00744554792069096 0.163540549525274 -0.0226280310064307
-0.0324327057513562 -0.012893606643297 0.171302966485846 0.000765895483161828
-0.0170983147223103 -0.0252279343609668 0.165872510964515 0.0356829751878441
-0.0181936163842347 -0.029347120759324 0.166476669267522 0.025446611664999
-0.00763902428101394 -0.0456841003491937 0.196779910657745 0.0120460132532276
0.0309457969675881 -0.0579242944391837 0.250688145584727 -0.0470711677946625
0.082578498564756 -0.0481974018981911 0.160135421728362 -0.00223831705719615
0.0299331058453258 -0.0369063825553536 0.0177889902493384 -0.0721368728930647
0.0132927434493711 -0.0203891975802785 -0.118402695227733 -0.019817388673589
0.0102027643772576 -0.0303729363340428 -0.151209188157936 0.101072889571646
-0.0213911545383359 -0.0411098108141911 -0.0623748103667761 0.174216492639724
-0.0436732518090512 -0.0284266773115268 0.0413046630355136 0.166403591347157
-0.0571390897380894 -0.0112652234809803 0.108015628453176 0.116920712385903
-0.0776960620334818 0.000202908104212195 0.138405882926464 0.045426084179953
-0.0848404426544298 -0.000694866002208717 0.138860257066937 -0.00403855477735544
-0.0959655573756434 -0.0168959094451383 0.13940645300085 -0.0353103269510023
-0.0889853898296634 -0.0600227608921682 0.151938097862491 -0.0272224626891682
-0.042214107512703 -0.0976012686117994 0.165747649670935 0.00862009714788838
0.00501009983826176 -0.110634836549199 0.170542826883727 0.0145106730863167
0.0574070706860808 -0.108846443221862 0.179427757482789 0.0131731485879269
0.117176251792309 -0.0897514133289309 0.215561093501373 -0.0375240044559641
0.155088884827829 -0.0432229639654521 0.102509001782347 0.00753108746135524
0.10159271544995 -0.0528113735464776 -0.00968855460940972 -0.0734910559724934
0.0699100801235302 -0.058867280301534 -0.143830273340959 -0.0251432712006315
0.0300395897210606 -0.0833715161951771 -0.164172005658193 0.0929941423293366
-0.0318113358295603 -0.0895329338523637 -0.0783655680990283 0.160492467629642
-0.0730508274573975 -0.0620396287819423 0.0182961334008232 0.157572533489501
-0.0959690671615766 -0.0332510199788085 0.0756185483328704 0.111883308520078
-0.121534814089749 -0.0158737221753784 0.100556317452807 0.0435633089050174
-0.129379960125513 -0.0154404411216173 0.0960324367198511 -0.0075774284627827
-0.145209846512067 -0.0335892005244102 0.0971864193897727 -0.0494163047178785
-0.139239945335679 -0.0901037404488924 0.115566350501709 -0.0601419688728197
-0.0740653189587616 -0.150764648147724 0.15662823059258 -0.0271798355305257
0.0120200381719286 -0.178561477527492 0.173613578266517 0.00174107987835504
0.10489579174087 -0.16265912196807 0.158914831300211 0.0229965130354277
0.182797700799493 -0.112390038557634 0.158296588815992 -0.0181021005984585
0.206696660831597 -0.0375524290207961 0.0208414212904293 0.0137565125477676
0.162960618773332 -0.0700304535879676 -0.0547092622108656 -0.0731604911658215
0.119014122381804 -0.10312510992516 -0.171996336031234 -0.0282067406824635
0.0401087769920567 -0.137883449505467 -0.173353165368243 0.0779606263277525
-0.0464722759896533 -0.131727078944671 -0.0958614740139559 0.133827580386366
-0.099018485970866 -0.0869345577419274 -0.012855627249247 0.13492895720426
-0.124310332808833 -0.0483321510930373 0.0316623529366588 0.0968344148306661
-0.14713048876633 -0.0302606856491439 0.0478037252813338 0.0355317617573129
-0.153511260652741 -0.0286011706102007 0.0405193400667268 -0.0127064901626052
-0.170295729878591 -0.0456498928274158 0.0439236198402483 -0.0626694596889524
-0.164202346064639 -0.107064959927934 0.0692682527212054 -0.0892596088712385
-0.0908823575097427 -0.17862803750114 0.139927917670691 -0.0616839119346485
0.0193191199333396 -0.215166672314888 0.171697397560091 -0.00627656119504847
0.137336668586467 -0.189980321398161 0.134690842126755 0.0413500909026826
0.2211248051356 -0.11400133846551 0.083495305452362 0.00813562589143129
0.224771178293951 -0.030462230501039 -0.0745510260623208 0.0233418109466859
0.195144177630521 -0.0811986673303398 -0.109887310847545 -0.0592598279784582
0.143588421753659 -0.135484785229948 -0.191545184006172 -0.024290747505283
0.0377379317705814 -0.171627658086705 -0.173259798685362 0.0534555713636349
-0.05970264831099 -0.152798729628336 -0.115387504566192 0.0929364271745625
-0.112720119802557 -0.096140947232836 -0.0528634106546206 0.102242108600367
-0.134188791273739 -0.0532979592365201 -0.0221819762297219 0.0763605640767073
-0.150181290356468 -0.0404688251835602 -0.0118477791253794 0.0235014931891733
-0.151796067888217 -0.0419854328421956 -0.0187190151568233 -0.0215986491873727
-0.164173187000162 -0.0583495658615129 -0.00826851068051559 -0.0773940971541808
-0.153020417685291 -0.116107047836328 0.0259919380013813 -0.11382496202402
-0.0769076582059329 -0.183799559564233 0.120501117362832 -0.0882609279783549
0.0408803584089336 -0.213594562817297 0.16260188404373 -0.00667797407874563
0.15854259233665 -0.175952952320177 0.104076242576114 0.0606612785954552
0.228588451311269 -0.0901669211796567 0.00300556100375128 0.032295386972386
0.20284396717177 -0.0208940053842364 -0.164493059309855 0.0393078944002572
0.187038929803674 -0.0763969116454384 -0.160958959406923 -0.0317344108332775
0.135092580555669 -0.136388296007043 -0.194914962882235 -0.0151704453705887
0.0267487702812943 -0.16629885555673 -0.164177828535777 0.0218824151373881
-0.0607165979923924 -0.142184234825266 -0.136582425507423 0.0475792248538284
-0.105863619126376 -0.0869065431979156 -0.0982208630946684 0.0681778905191257
-0.121943978154842 -0.0488972072135135 -0.0775674766783079 0.0553752074422414
-0.130663195556657 -0.0455140459343958 -0.0685446668006342 0.00857956875874414
-0.127065939585623 -0.0503238982453742 -0.0710348582917616 -0.0361801843137282
-0.130574121612247 -0.067460225472686 -0.0476773324550172 -0.0967902948098557
-0.111270914221877 -0.114506803972803 0.000374349402743368 -0.13572140644149
-0.0371266250143564 -0.164315084315 0.10746856115935 -0.105219966798532
0.071403123976911 -0.173520831483771 0.147541663649089 -0.00194750408556441
0.164080314310711 -0.126294389509233 0.0680402796078049 0.0713639750603426
0.203850498920678 -0.0474224956040082 -0.0709538573664805 0.0428528293645407
0.145435945434624 -0.00456119159865962 -0.229246117896499 0.0559658478588945
0.14235887086006 -0.0514464126231116 -0.192742309881618 -0.00278466050138435
0.100328404827849 -0.101625358590968 -0.185402650605322 -0.00856165975705623
0.0158235496853774 -0.121068110061468 -0.154373422849338 -0.00742169209778487
-0.0437734563879639 -0.101896198581794 -0.155288364321319 0.0106420739765394
-0.0756594525051209 -0.0620381006490209 -0.137712562957769 0.0409962690689765
-0.0880666236722411 -0.0377324131737435 -0.124537545633267 0.0382429743204209
-0.0908394795991321 -0.0436954596946268 -0.114151485538464 -0.00759688045016826
-0.0848251960923539 -0.050050130129728 -0.106923275130136 -0.0559709223489568
-0.0798825910628325 -0.0652940713829873 -0.0674253697081592 -0.12077361294425
-0.0556173120136562 -0.0969530474100848 -0.00306278018904377 -0.155420198588555
0.0042676059689106 -0.123235365421898 0.10504411584809 -0.113505804941183
0.0900751542250796 -0.111579221655722 0.129783809988431 0.00139173884863775
0.145834332858995 -0.0600700876923449 0.0337251904895325 0.0649346773312739
0.150324933755161 0.000797467023647011 -0.127183129961167 0.0348332782248295
0.0643334005280218 0.0191139311610888 -0.259239788262567 0.0663405525198236
0.0781124670499444 -0.0103677399185075 -0.200971335123973 0.0175670870993391
0.0537050726799482 -0.0434074368367665 -0.171404951706711 -0.00838623553263741
0.0111579960118843 -0.0524848435130311 -0.149679716481916 -0.0254182507036681
-0.0108398929408912 -0.0456026959650673 -0.166909946569605 -0.00455795571273317
-0.0276025243386315 -0.0307800628519596 -0.162393492713872 0.0269361821392011
-0.0382540774103541 -0.023284566618996 -0.153828417386799 0.0264738139526833
-0.0376134127280548 -0.0351501942560432 -0.140497530058699 -0.0216906956113214
-0.0334276030749636 -0.0377810259258808 -0.123616460125805 -0.0763848244844302
-0.0282009894082633 -0.0464310459245832 -0.0674800392880549 -0.142931390910167
-0.0127407143355847 -0.0623711077694912 0.0109411758102208 -0.167683611127944
0.0230809410620314 -0.0718321070338068 0.111174224274136 -0.114448464369783
0.0804277910437162 -0.0516485445873469 0.114365770212295 0.000625267913967855
0.100900606136452 -0.00376210855722002 0.0114073735737472 0.0493904170836877
0.0755305644231411 0.0356901459984637 -0.157652923314415 0.0149053597261633
-0.00035303658713829 -0.0442044999207782 0.176858164103325 -0.031120317019748
-0.0357537708529488 -0.0152653138162135 0.019935436427444 -0.0821894518831744
-0.0324013982065038 0.0130741879577652 -0.104298380584704 -0.0142554309237367
-0.0073879247272018 0.014152752330988 -0.129529261768639 0.10983644520269
-0.0115171884638206 0.00571262837598399 -0.034085544332593 0.175136295644387
-0.0115613808458785 0.00745518813877356 0.064921736152768 0.150429783118836
-0.0116830266216353 0.0116877694559375 0.126534539709334 0.0982264633638979
-0.0208906837116165 0.0171521084954237 0.153462345447324 0.028245756831942
-0.0250878786495537 0.017622286760623 0.154994961742676 -0.0139709805178022
-0.0319600609038382 0.00875851073821368 0.156138571305734 -0.0313271054046219
-0.0319673290433677 -0.0106683348743112 0.164502019855755 -0.00850849281614446
-0.0182572773204486 -0.0232301767038099 0.161645886502494 0.0255521257529325
-0.0188651263595033 -0.027563172029001 0.160351479171052 0.0160996460216926
-0.00920010901377519 -0.0430781984419227 0.18939846977032 0.00260974449205323
0.0267882744426334 -0.0575376222941869 0.238017703168974 -0.0583329978455368
0.0759960894760284 -0.0506405900209215 0.152175786612906 -0.0123747075817228
0.0263955208894457 -0.0365980466303012 0.0130758652688002 -0.0725908726768503
0.0116834621170301 -0.0200091666235639 -0.115757093474302 -0.0137420667677922
0.00803124096646237 -0.0295292474857022 -0.139953694762678 0.104984601745164
-0.0231606995349442 -0.0372294458917484 -0.0508476448732786 0.16997902391181
-0.0438815080931173 -0.0242081252768014 0.0477553240426536 0.155424452964188
-0.0557316503364757 -0.00754128039376472 0.109810646302578 0.104284199511163
-0.0745237162802706 0.00560946026689868 0.136051176098142 0.0333047030172767
-0.0813921615182052 0.00523506707639856 0.133714992349569 -0.0132267150051748
-0.0930640041535483 -0.00989005392623647 0.132687517118612 -0.0424336563885274
-0.0889519669937424 -0.0517947037306468 0.144463465620759 -0.0342609064844561
-0.0463804912672103 -0.0910173484958776 0.160307876709935 -0.000599346153875767
-0.0010525525045873 -0.10624185148939 0.164053881676497 0.00464199473291941
0.0501500534215962 -0.107313225981913 0.172800413300929 0.00349814552849355
0.107410076380735 -0.0931132568555434 0.205136234699474 -0.0491712759208938
0.145696780059293 -0.0496929502151363 0.0983916987602675 -0.000797799487015202
0.0937056187679592 -0.055364711733052 -0.0132066126252388 -0.0731218422321322
0.0638394649562893 -0.0600425443548743 -0.139537418875087 -0.0174390269335722
0.0241472825491423 -0.0809303951327713 -0.153221079470818 0.0973578227463557
-0.0359601753545753 -0.0828841401720719 -0.0669382297325253 0.156690103441168
-0.0731712332584661 -0.0546961746350036 0.0255569493179721 0.148210805554891
-0.0938548537082831 -0.0260343861100454 0.0792160011925853 0.100822625218008
-0.117360396849871 -0.00708764452464622 0.0994752228201635 0.0341266511497545
-0.125579613957566 -0.00631535826255561 0.0926326918028632 -0.0135320907646253
-0.140789936581371 -0.0218975200471701 0.0909538301246203 -0.0538564381786624
-0.138870521179326 -0.0774059016418877 0.107880295824752 -0.0629231846705751
-0.079722719441807 -0.139242756513999 0.149539098458164 -0.0344870449406986
0.00223310744681071 -0.171122441661859 0.166615560160651 -0.00851604184962403
0.0920405212205866 -0.161972737463678 0.153554010129544 0.0138776682411287
0.169321616240806 -0.118851822267308 0.149442584124446 -0.0269090495011914
0.195383954855911 -0.0469833957571753 0.020289093678515 0.0099931170660807
0.151427537234938 -0.074846366876913 -0.0562404966626691 -0.0701892959882364
0.108937675976441 -0.105488950732344 -0.166890558163655 -0.0185895851354189
0.0300965704295128 -0.133241642723868 -0.161996551815145 0.0824437803233468
-0.0523520620504394 -0.12277413690046 -0.085400197456637 0.132188320678276
-0.0994254409522437 -0.0771368992822943 -0.00509388910887071 0.128365955069805
-0.121294686466448 -0.038342477860791 0.0358419158197694 0.0894114661495833
-0.143268920556179 -0.0190503034420775 0.0485851726387088 0.0305101845225621
-0.148807394056514 -0.0176523018376873 0.038519448616834 -0.0152344025545616
-0.164500532436407 -0.0320005517957722 0.0392648334198008 -0.0634237889360406
-0.163757090249509 -0.0911104840857826 0.0619342236547026 -0.0875602746222834
-0.0974511113744399 -0.165003067045074 0.130951582815677 -0.0670297569038598
0.00654686881281617 -0.207655213541426 0.163791365615088 -0.0165645666720393
0.12091721324586 -0.189716690396736 0.130879391017652 0.0320673247081137
0.20521365151232 -0.122225156883826 0.0796196279852211 0.00282847393556038
0.212672469396645 -0.0415214915649395 -0.070181254763977 0.0249691135022295
0.18161876437457 -0.0884984469856073 -0.108008150853044 -0.0534885170832849
0.130161011210009 -0.137771010444244 -0.184540009038738 -0.013535462910904
0.0257762090361707 -0.165795191852843 -0.163725710129775 0.0595434849946122
-0.0660156606761086 -0.141750057605615 -0.10632056689648 0.0939465786513913
-0.112840727421154 -0.0847339657537654 -0.0450843348743939 0.0999720666614742
-0.130047069210155 -0.0424970536729262 -0.0171782417846773 0.0733775455907313
-0.146724205995691 -0.0288676642804873 -0.00928481708637056 0.0229403199802446
-0.147791359365755 -0.0296533386554083 -0.0187298827435836 -0.0190221161812207
-0.159826332728658 -0.0443687517626528 -0.0117674255431422 -0.0733189804816751
-0.153551806439461 -0.100667992080102 0.0199953642933881 -0.108701661834206
-0.0847376069348316 -0.170415144458965 0.111176808669918 -0.0907646426459103
0.0277574502029682 -0.207011016964347 0.155932728989887 -0.0166428139954788
0.141187814919112 -0.177306962946286 0.102421321037621 0.0525131237454721
0.213488796208857 -0.0999476408193507 0.00406869062257168 0.0302608826886973
0.192182402855426 -0.0307084209331505 -0.154991163267258 0.0454475783099085
0.173999940966711 -0.0832903777834575 -0.154658509645344 -0.0246215558726269
0.12260410562971 -0.13725241416357 -0.187799708698581 -0.00484733564592354
0.0158996215270616 -0.15988556039064 -0.156697559117615 0.0284397741836245
-0.0666592325432745 -0.132199084980156 -0.12908721542632 0.0519897908279932
-0.105615830403 -0.0765263890080992 -0.0899164143070837 0.0701109588023679
-0.118968034448386 -0.0387082100374791 -0.0708499556536649 0.0573733837493369
-0.128588042196786 -0.0350799823158235 -0.0650704793382492 0.0131700914255282
-0.12436596101037 -0.0405290934874452 -0.0699220473675765 -0.0295736393842781
-0.127896051484165 -0.0550554026554507 -0.0504754539030562 -0.0898764501439725
-0.112765220143568 -0.101367333952611 -0.00612814690163449 -0.127869012606758
-0.045137330008031 -0.154314147752273 0.0982001067729739 -0.106181207746416
0.0595796951389685 -0.17035658347591 0.141634346715598 -0.0117496383446501
0.150206635581131 -0.129425826073925 0.0685070189787513 0.0639435545409958
0.19236523849119 -0.057019591614563 -0.0664494246006604 0.0458818537916946
0.138314357545772 -0.0123057195493277 -0.216468860138504 0.0660878204117272
0.132431870617031 -0.0576656492268244 -0.184116860923123 0.00642802826361518
0.0906621428402967 -0.102520343595849 -0.178157203500363 0.00109579373808249
0.00758536273254634 -0.116240959659875 -0.148637813036553 -0.000243579784450436
-0.0485260810175617 -0.0944051393798626 -0.148533631055345 0.0181732862239842
-0.0754200209875584 -0.0545660047473119 -0.129644477114824 0.0476696862990951
-0.0861970319252405 -0.0302706815232695 -0.117031116540153 0.0441839364923707
-0.0902871308324285 -0.0356619611695772 -0.109447260266481 0.00100140081903368
-0.0838612946945375 -0.0433308619685261 -0.105221070907537 -0.0461081569196949
-0.0799445232031968 -0.0563602476030086 -0.0706917934139752 -0.110585006810207
-0.0591055279873857 -0.0883451780851676 -0.0106212139168098 -0.147024782904262
-0.00303985244218565 -0.117434127004807 0.0954202373767792 -0.114021326109119
0.0804800721460879 -0.112345495799671 0.12513285372454 -0.00670550519050396
0.136131355531117 -0.0653344780467826 0.0354780457597352 0.0602896078570987
0.143676624596811 -0.00822083294033518 -0.12000248455385 0.0414065035406104
0.061795230666055 0.0147991016523677 -0.244483005186559 0.0779898639876664
0.0731564107220084 -0.0144408153143208 -0.190600656348076 0.0267775832209492
0.0499748211595459 -0.0440967302785648 -0.164488940289306 0.000781098587890059
0.00704578372154509 -0.0500827618794506 -0.144938325015601 -0.0175670574583906
-0.0135579356533553 -0.0425994552246688 -0.160584774277691 0.00338470171665384
-0.027707349567646 -0.0274107365122811 -0.153904797856245 0.0357268127472817
-0.0370129323872521 -0.0201100965204184 -0.145642547199363 0.03573881019083
-0.0387420017418163 -0.0310989104141347 -0.136394142483444 -0.0105264201484976
-0.0340634121439579 -0.034905393628167 -0.121989961871055 -0.065028490200617
-0.0295144384571542 -0.0420547552870548 -0.0719745340231201 -0.131450051292141
-0.0157807187996863 -0.05847459599793 0.00104089096265017 -0.15972098900595
0.017091423139496 -0.0690770163288334 0.10087873015597 -0.114241546657703
0.0742314908705533 -0.0537280069631368 0.111295754015911 -0.00595201373482589
0.0960702782087427 -0.00803775230145767 0.013650661595058 0.0466828665035598
0.0738476181402498 0.0303305510356597 -0.149178846954441 0.0236197936820939
0.0045713879883902 -0.0401001640326505 0.168072227403131 -0.0134724615453275
-0.0304632624165573 -0.0176489076040928 0.0259956417036618 -0.0773780131423988
-0.0311295835687634 0.00807486022268335 -0.0964571890198833 -0.0269839118292535
-0.00908100895780788 0.0106225914011749 -0.131582913412637 0.0853127657586412
-0.0121350702165449 0.00400723112893905 -0.0505234015520461 0.155494117152023
-0.0131932047398067 0.00454347352182819 0.0419874820328526 0.14424775854053
-0.012591959751832 0.00851595759604099 0.107261905527724 0.102173481871252
-0.0218041123390981 0.0139256241904714 0.141622375145722 0.0419326050718201
-0.0255988063254216 0.0128884875871205 0.149194439308256 0.00273568466502247
-0.0316837771050158 0.00442023242544333 0.151602684605239 -0.0121891721244752
-0.0300750090845525 -0.0146016919997036 0.159047119790666 0.011799849958431
-0.0164660446253598 -0.0253007312806121 0.152859865840742 0.0435421454062895
-0.0165298230704572 -0.0294570471777968 0.150291907168444 0.0356975292981372
-0.00429039410155832 -0.0424253003711808 0.180818124716968 0.026621883495419
0.0303034020138216 -0.0529504944819593 0.237010136206269 -0.0266672014325901
0.0747818619384199 -0.0367462498050988 0.145751047196432 0.00516193568850433
0.029066428095006 -0.0295589002767782 0.021296754370673 -0.068372797467372
0.013853968487476 -0.0168508616384197 -0.104414472404277 -0.02554494356175
0.0112646023353899 -0.0263350175791831 -0.137922605793538 0.079777484952731
-0.0164375470296846 -0.0376858954557733 -0.0639636800294042 0.149139829515055
-0.0382156301880179 -0.0282969559179394 0.027562217411119 0.14555880997974
-0.0513929289372226 -0.0144423435534667 0.0918968904049504 0.106458628520074
-0.0714017502116185 -0.00300770045038126 0.124353427856229 0.0451547863011102
-0.0772110272670787 -0.0048444104939851 0.129634700460285 0.00239991961025412
-0.0864460185613067 -0.0198470781576052 0.132499285700916 -0.0242240878244368
-0.079066961206835 -0.0595377281843797 0.144116680456427 -0.0122423724314183
-0.0351989339738919 -0.0926197805437637 0.154898447751363 0.0212592037947006
0.00887332769860218 -0.102461928335785 0.153574403873054 0.0277168836435241
0.0580750093185174 -0.0967375011266147 0.162511176546822 0.0280661367391412
0.111145132788056 -0.0782957477144977 0.200801252748843 -0.0181132496626428
0.13844582714796 -0.0279893795733549 0.0970738687702281 0.014720539019289
0.0924397435510009 -0.0382921082149593 0.000148794777860945 -0.0697348530245445
0.0671271517289649 -0.0467946404100003 -0.122619183923568 -0.0302790098258065
0.0327691168609889 -0.071421268377831 -0.147173475156702 0.0723442697620527
-0.0217825204748823 -0.0812537125943015 -0.0755659643331473 0.136061181988126
-0.0616314129070049 -0.0598330640571614 0.00877381367772575 0.135104988752283
-0.0846526336867559 -0.0355511869782436 0.0644397449388265 0.100571954156651
-0.110855816403955 -0.0192130934674675 0.0892088287062465 0.0422945969348495
-0.11752346960173 -0.0201895435744544 0.0904361291895222 -0.0017674189267209
-0.129474016136537 -0.0363200889989754 0.0957931154233522 -0.038898429019844
-0.122658777314359 -0.0882358001574308 0.114570898078795 -0.0422200464587279
-0.0610859491947097 -0.141379662174127 0.149431815856456 -0.0116127606655375
0.019174568128363 -0.163125103425223 0.157182286458169 0.0161442507529793
0.103932611665494 -0.143514655393671 0.141672621170128 0.0375276241616838
0.172892444968263 -0.0951608881357791 0.143376582478725 -0.00170749652292059
0.183489828653159 -0.0200560529628394 0.0253781345785013 0.0197880305999804
0.147339096316873 -0.0493748599040956 -0.0370519888500765 -0.0696110177809474
0.113349347282558 -0.0825048814847324 -0.144335967925801 -0.0327988897046696
0.0461478615701827 -0.118488502613942 -0.151633637346436 0.0583591281311545
-0.0308617255389554 -0.120306805169457 -0.0876206173748404 0.110984934267041
-0.0820201936043682 -0.0839113249076477 -0.0166007443476437 0.1127301127142
-0.108951397646783 -0.0497391339674117 0.0249651221083538 0.0855596117593958
-0.133382879922448 -0.0335962527574368 0.0418816531853481 0.0339333961967938
-0.138372899920321 -0.0332175820488147 0.0402366736894844 -0.00831213120041819
-0.150686669570132 -0.0474809361246144 0.0483219135571811 -0.0526335092419695
-0.144065909453593 -0.103670896835754 0.0744909369741001 -0.0695864550821367
-0.0753140069295125 -0.166811769873344 0.136620966407207 -0.0442919372329568
0.0265104623360478 -0.196676557503739 0.156014419101416 0.00943869775590516
0.134090033565936 -0.166678698086001 0.115870080857937 0.0536214649598432
0.207993972789979 -0.0956308766102987 0.0710257161406396 0.0199065256153764
0.198777149052129 -0.01295069224944 -0.0586215494998791 0.026662818501459
0.175652410876148 -0.0575223823673074 -0.0852592368429805 -0.0585018203026756
0.137229652927524 -0.109300394877321 -0.158663123473807 -0.0292312748567606
0.0461651542511942 -0.14893064686124 -0.149386671124639 0.0365131601939491
-0.0417523771294009 -0.140576308749819 -0.101931089378031 0.0737930966520478
-0.0926520636216625 -0.0927033853789107 -0.0498560165228872 0.0818476327762413
-0.116819665253 -0.054435860806835 -0.0216343816923393 0.0657571291656689
-0.135563368433602 -0.0430152142341344 -0.0118869150883746 0.0218776144377245
-0.135997954039457 -0.0449721491392397 -0.0136527602684604 -0.017881946237038
-0.14460890696227 -0.05849601586835 0.000858410156797098 -0.0672301348652095
-0.132729635386972 -0.110707208060022 0.036406582319648 -0.0934738258965587
-0.0622468494692882 -0.170125224269119 0.12039152581758 -0.068939562833093
0.0463225274535621 -0.194404381748816 0.147294231137363 0.00776526979962394
0.152302856860374 -0.152821444050675 0.0857990347801666 0.069348222417367
0.214395319239786 -0.072660955611237 -0.00583631374007558 0.0383383574541006
0.178888064275094 -0.0058890981808665 -0.139255820601411 0.0359411178980063
0.168789502060677 -0.0538610676129158 -0.132154943839791 -0.0362303600474338
0.130352148053816 -0.110688656303497 -0.16255010756079 -0.0211208586395882
0.0360347656588449 -0.144762596994987 -0.139750660781758 0.00848486454089013
-0.043516913178053 -0.131401951576674 -0.118736644429298 0.0326647362736017
-0.0868099487241948 -0.0840853820605844 -0.0889710865556308 0.0502885293759685
-0.106303573701479 -0.0491790093542298 -0.0703555497079338 0.0461979130069691
-0.118096832324813 -0.04672211951378 -0.0630674916510134 0.00643203405246832
-0.112887594347208 -0.0514858724971026 -0.060977576063938 -0.0327891996809209
-0.113259669228031 -0.0652037764015919 -0.0347916332571306 -0.0865542540439736
-0.0944915302236858 -0.106849660933383 0.0128082193452746 -0.11552872353342
-0.0269477388801775 -0.149308127150069 0.108327625864358 -0.0860168674585256
0.0729961355324224 -0.156077761295097 0.133219984176799 0.00963975553374021
0.155265979977523 -0.106291888223562 0.051929269069693 0.0745251001578029
0.189502614961847 -0.0335858657833662 -0.0746795965277827 0.042594391609581
0.126852041203083 0.00409612991912158 -0.201286424006378 0.0455272893467361
0.127739940303561 -0.0356201403309562 -0.164554138553553 -0.0104466424927471
0.0968122471592848 -0.0826731153334683 -0.15610716917515 -0.0159190041889596
0.0230589090432287 -0.105662535405675 -0.130894259158431 -0.0167834744757687
-0.0317083465186093 -0.0940752012967623 -0.134319462088836 -0.000755280970679954
-0.0612474812130326 -0.0607584760830681 -0.123356888614112 0.0264568151594349
-0.0762797614501709 -0.0375031742045714 -0.112260882692351 0.0299107376607981
-0.0819693975531076 -0.0434024410307475 -0.103313627075055 -0.00909267901720945
-0.0744408734681354 -0.0494376347713566 -0.093059633179513 -0.0526403622899444
-0.0674486884777169 -0.0605185357279757 -0.05255116123951 -0.108826081062207
-0.0458524624683938 -0.0878990758587519 0.00842083691451077 -0.134957425336357
0.00875051067074643 -0.109254090694368 0.104534967591301 -0.0938414923017437
0.0871102090274141 -0.0985788971849514 0.116932577418362 0.0102896371939342
0.134870453224489 -0.0469369309727328 0.0209349180680066 0.064426648043934
0.138334454549586 0.00780499910085501 -0.124912459018095 0.0304169496338945
0.0546826100802631 0.0203363132635347 -0.232045955197318 0.0509583764583343
0.0679894017387277 -0.00424637138462368 -0.176789268313595 0.00756478702590961
0.0520818133026046 -0.0341236886919844 -0.147841548610229 -0.015922665133002
0.0136102785993851 -0.0453496117354084 -0.129209164344208 -0.0323958922388257
-0.00651229686997429 -0.0415382607029018 -0.146298994824847 -0.0152042522056165
-0.0198704995629307 -0.0294274036694696 -0.145734647080474 0.0157165648879089
-0.0313662606230758 -0.0212303585014101 -0.138623508619301 0.0194769328169551
-0.0335765545974049 -0.033164094307184 -0.126582984965384 -0.0227819744037272
-0.0277735048329173 -0.0365187735783817 -0.107311928378425 -0.072052084476709
-0.0221221603654791 -0.0416186542726344 -0.0528947450585283 -0.129247176341623
-0.00842010813418252 -0.0548010562121739 0.0200884064190033 -0.147518538378027
0.0225943200993002 -0.0620486499356094 0.109040016233232 -0.0949077025373604
0.0750710805199572 -0.0444308343554612 0.104415531736392 0.00786198513727751
0.0912618618540207 0.0024288139295047 0.0028201452173057 0.0464172058580077
0.0682609966094357 0.0375817112114981 -0.149149918812963 0.00712883822037623
0.00494345693213446 -0.0380793701885827 0.159859567384073 -0.0113929873287179
-0.0286672705816459 -0.0174690104897614 0.0257267974501507 -0.0754623880175048
-0.0301947079724286 0.00704085577853073 -0.0922597016310857 -0.0290311464937055
-0.00880637630814979 0.0101309402417914 -0.127866322427977 0.0792348751344168
-0.0116405144733386 0.0035930710135582 -0.0520672419375894 0.148259698423959
-0.0134011454548898 0.00455058697475364 0.0360558149590873 0.138294717644529
-0.0126399191064099 0.00746552125680785 0.101076182740389 0.0983928262676741
-0.021295931643618 0.0132302305627827 0.136097561985355 0.0405397661342673
-0.0242312014862595 0.0123269872354937 0.143529533641581 0.0041242889287398
-0.0306371558945935 0.00360741541684047 0.146718256696425 -0.00930836632696912
-0.0288543284493276 -0.0140722641480232 0.152849744104728 0.0142452397525354
-0.014905913756368 -0.0251484190018152 0.146322748927896 0.0457977478993754
-0.0152612195538186 -0.0290493879935231 0.143254790272614 0.0389673223133316
-0.0027358709879835 -0.0408302636851546 0.173462340161078 0.030362521030786
0.0304987704722531 -0.0509320259183949 0.22815233364696 -0.0213121281906447
0.0721318541792011 -0.0338576345050639 0.139314730711718 0.00588327005755051
0.0283343941444647 -0.0274533819247409 0.0217321490895996 -0.0674104536591036
0.0141215842476006 -0.0154954549615634 -0.100503538695019 -0.0276574170521725
0.0113907839908733 -0.0250254484436649 -0.134199486741195 0.0735243254614181
-0.0153591178998695 -0.0360306918842572 -0.0649912385899828 0.141984438941112
-0.0367324909852116 -0.0273588901890975 0.022778177800355 0.138943075401093
-0.0492531067858887 -0.0148490631286165 0.0860162204116151 0.101940965037808
-0.0687185214861305 -0.00376402375636538 0.119354657202809 0.0435591333013389
-0.0746264373148774 -0.00508995045463006 0.12524493548066 0.0032896169843061
-0.0825419745077972 -0.019616223900151 0.127955701419453 -0.0216203936597496
-0.0750998948979136 -0.057248515922965 0.139507590856729 -0.00908104399489946
-0.0322101955305788 -0.0893163520410279 0.149249264088426 0.0236378777379077
0.0108144105832253 -0.0981933894036379 0.146409870031659 0.0292943363258471
0.0583627575336571 -0.0918439266314119 0.156058497627072 0.0310482715631531
0.10820040702798 -0.0735581028076258 0.193202032235427 -0.0142602009682107
0.133061108858547 -0.0239910384525207 0.092275091461938 0.0136468182314856
0.0889465183452085 -0.0348412714011222 0.00203245054836374 -0.0697236716914026
0.0653654622196023 -0.0432688735921394 -0.11802692193133 -0.0320557944283309
0.0325427142515169 -0.0673520406853156 -0.142687759340552 0.065822736732759
-0.0191508660904932 -0.0775272371840881 -0.076005842260895 0.128450909857275
-0.0579484093921222 -0.057894663121449 0.00488801223254315 0.128645384206145
-0.0809784456795657 -0.0354425850035238 0.059839718323281 0.096109023629366
-0.106357981683436 -0.0198832010043846 0.085539478133921 0.0404871670253115
-0.112489326514756 -0.0202558559200778 0.087815135211141 -0.00146411784696246
-0.123470041277298 -0.0355585597497318 0.0931291750964579 -0.0362004510400425
-0.117101281712206 -0.0847335782745375 0.111900480238917 -0.0381898971799003
-0.0564872326740841 -0.136724127847444 0.145019769880682 -0.00795254986332303
0.0211470193423751 -0.156714203235023 0.150078817488575 0.0191234593336498
0.102416791757672 -0.136898802006092 0.134648640565267 0.0403327402511102
0.167128723689878 -0.0898459981279617 0.136765291655469 0.000729664109149914
0.175406876165071 -0.015514952963504 0.0242897930598068 0.01796118354016
0.141439052295638 -0.0440638563083901 -0.0334786069397409 -0.0709373043988523
0.111114434336627 -0.077471529054617 -0.137555271742622 -0.0344442730865684
0.0456568187711311 -0.112593642970644 -0.147287876151093 0.0523503867587782
-0.028406650168166 -0.115211533378889 -0.0866357571505782 0.104399706844216
-0.0771081401171611 -0.080913241151061 -0.0187854821157954 0.106759849689079
-0.103051249075558 -0.0489079371515654 0.0227943779278595 0.0814508216629713
-0.127860859358772 -0.0328732284951356 0.0403844606521658 0.0323574847948284
-0.13230300206215 -0.0335392148584527 0.0395313873048096 -0.00771296646927368
-0.143715157729981 -0.046100651370355 0.0477492814389635 -0.0501254977203998
-0.137109860907744 -0.100482626297122 0.0740707332588038 -0.0645778536832195
-0.0698470755335502 -0.160607622919277 0.133056794746102 -0.0387895984794002
0.0296372182492539 -0.188511238870844 0.148982516254902 0.0113352815241115
0.131545032454189 -0.158069938585139 0.109491111345374 0.0546329724908358
0.200968943997273 -0.08889898321036 0.0669107527913535 0.0205772707496198
0.190264259373646 -0.00845904195873539 -0.0565342105594432 0.0227571739585724
0.169337832483874 -0.051216735119138 -0.0796833354524528 -0.0607165537352345
0.134512892333034 -0.103219250744716 -0.151370880276687 -0.0314763510472386
0.0463901165650566 -0.141991499920314 -0.144268845745304 0.0303896082952487
-0.0383780677714231 -0.135029621920921 -0.100154267503848 0.0678169299469752
-0.0871188539018941 -0.0897427051677127 -0.0498985360030101 0.0768463010046504
-0.110983376997123 -0.053592211702793 -0.0216896092683953 0.0627776078651258
-0.130570726359172 -0.0420653125460941 -0.0115624587259664 0.0203537898796232
-0.130313424128303 -0.0442633725720104 -0.0123262281866941 -0.0172584974475883
-0.13724433366367 -0.0568787705009166 0.00298160176516512 -0.0652624573379902
-0.126587681940866 -0.10564481758132 0.038651743421832 -0.0882582514397515
-0.0573929878787948 -0.162653463888636 0.116975291903261 -0.0638981580256528
0.0478876227715927 -0.185546999665024 0.140878675630174 0.00949692812352097
0.148709668618846 -0.143944555659924 0.0801079359652009 0.0686825107341574
0.206096754134519 -0.0673443125215397 -0.00669634437041392 0.0371128833197509
0.170975552545669 -0.00210192459370158 -0.134029834483505 0.0306951885496174
0.162142120133978 -0.0486023103700741 -0.124829036225805 -0.0387000176894842
0.127580012518274 -0.103761017513848 -0.154502851336646 -0.0249893730396224
0.0371718710530185 -0.137343039450953 -0.135548084494868 0.00404201620703719
-0.039500844837387 -0.125795293512038 -0.115721856354461 0.0275541190808422
-0.0814127263784186 -0.0821554462990541 -0.0861383029464698 0.0466252803318039
-0.10084610076673 -0.0488188288092549 -0.0678778537266162 0.0430504263899878
-0.113398535402004 -0.0454803051670971 -0.0604046855080129 0.00666192440720556
-0.10798897134316 -0.0505620927266238 -0.0571053581210006 -0.0316664240230934
-0.106408218639663 -0.0621181165630036 -0.031362324021952 -0.0836340683672052
-0.0890726918968892 -0.101669965878475 0.0155195203713527 -0.109548820706473
-0.0232191270604835 -0.142298248248518 0.106072627031639 -0.0797295227791038
0.0726749428644553 -0.148672054415096 0.127765900073481 0.0108073591738729
0.150721819158648 -0.0992564823915509 0.0473973217521205 0.0725843263983935
0.181961225564037 -0.0288919268322797 -0.0727491234142657 0.0403347461656551
0.121151088683076 0.00754333074133791 -0.193048131550998 0.0394662400096955
0.122446538230608 -0.0317266046602352 -0.157042302548803 -0.0146588022955553
0.0950710619553256 -0.0779384765118761 -0.148978483958887 -0.0189297080789891
0.0238653754172239 -0.100147417644115 -0.125606453060938 -0.0204523636384977
-0.0294689541882526 -0.0900634459434826 -0.129901908040811 -0.0042594286284176
-0.0569680448629679 -0.059120282401346 -0.118762653551771 0.0230769237060859
-0.0717612801183377 -0.0364908445559442 -0.107983449890918 0.0271637670786296
-0.0785435478846522 -0.0415614059318055 -0.0992275801424081 -0.00872491160902984
-0.0708388400731567 -0.0484976338292964 -0.0884736498109464 -0.0508202929908451
-0.0635199277270451 -0.0580096563447838 -0.0477895265115677 -0.104880470215649
-0.0423733480647055 -0.0834647753366053 0.0115986379046331 -0.127695335426501
0.00978592683719869 -0.103461943449145 0.102559817189776 -0.0880079625544001
0.0860271194002207 -0.0933065480308071 0.112869473608688 0.0116866105060574
0.130301110921918 -0.0419777483680659 0.0183889830703408 0.0627394722527028
0.132922825423713 0.0100072524914805 -0.12008578804972 0.028161262193291
0.0518524864482279 0.0211685713431621 -0.22307180158845 0.0441264235370305
0.0650332816989762 -0.00227160533690008 -0.169116092925828 0.00284773246450585
0.0512009771942473 -0.0317073312278146 -0.141012440011597 -0.0183661825487661
0.0140387595765795 -0.0421659642998499 -0.124191389934894 -0.0355721005295366
-0.0062625531032273 -0.0396513052687828 -0.140727148270596 -0.01784115507458
-0.0182006835175409 -0.0284758316350039 -0.140006975374616 0.0129544315297265
-0.0290858227789419 -0.0212894085077609 -0.132798002869797 0.0173385287694456
-0.032548479001845 -0.0318159859497192 -0.121419226191496 -0.0222022451141633
-0.0263634330080386 -0.0352639947633446 -0.101859013153462 -0.0690700029008675
-0.0202116707818833 -0.0407542855655298 -0.0486057563107599 -0.123805444704127
-0.00698859707952958 -0.0523548117839956 0.022609826218202 -0.139726986701868
0.0223698857579098 -0.0583847273441759 0.106450012900456 -0.0886642439802055
0.0728343947809215 -0.0416279856932767 0.100925177459597 0.00976793612686219
0.0870840181331991 0.00437439989096397 0.00180991218542498 0.0450075182284303
0.0649643325807819 0.036817298020383 -0.14243510036693 0.00582541755496759
0.00557297517854569 -0.0378357886227161 0.159173623529541 -0.00732741075230144
-0.0274440827793849 -0.0178202879534492 0.027669171271066 -0.0761850392625125
-0.0299016423246257 0.00664677960225031 -0.0917726208491557 -0.0338159053400918
-0.00899861507858299 0.00973300631128066 -0.130744650252987 0.0745647357935955
-0.0120292564644078 0.00325057036404804 -0.0569513594567276 0.145346440852769
-0.0132828545195302 0.00448429962394636 0.0303477590458468 0.137475432778294
-0.0135985912948816 0.00682580999435858 0.0971146292978693 0.0995333542833175
-0.0220430773554412 0.0125728583090508 0.134303145912867 0.0420203450347908
-0.0242386959531872 0.0116412259504041 0.14392433349165 0.00742331143430385
-0.0308665767765091 0.00303034754036683 0.147022504784391 -0.00560315761239316
-0.0284138547638806 -0.0150495213663206 0.152747520149069 0.0189426839142956
-0.0137800548302064 -0.0258411223067357 0.14506809693227 0.0506092542198589
-0.0136929011509915 -0.0290652434281952 0.14135272554579 0.0444138569796408
-0.000743243468083615 -0.0413711680302594 0.172670524374988 0.0375578923607054
0.0316603100956075 -0.0496450453875634 0.228674128394328 -0.0144288173323802
0.0725532836026843 -0.0308742259096106 0.137535919209653 0.00868598008051247
0.0294495419585328 -0.0258945833290595 0.0234330372116158 -0.0685782610740889
0.0147418593736167 -0.0149648981799288 -0.0992739969507053 -0.0321191395690141
0.0124263248779477 -0.0244883654935325 -0.136455853831751 0.0686482392693338
-0.014058324018859 -0.0359211765163737 -0.0703626070594787 0.13825239788861
-0.0354509631815864 -0.027369721327712 0.0168999095412119 0.137632632720378
-0.0492945590302018 -0.0166545391178372 0.082479183975795 0.102761303179067
-0.0688600852399762 -0.00550227637290088 0.118223265303739 0.0442631240678885
-0.0741056247573892 -0.00728542579309944 0.124763935693075 0.00595612473397234
-0.0815918488845747 -0.0217939225323077 0.128208647618595 -0.0183461542875805
-0.0738282205854919 -0.0590114817678649 0.139599601451133 -0.00429299412251591
-0.0295983396469027 -0.0900232643012826 0.148189503263418 0.0286975049027259
0.0140130996519814 -0.0975089788740215 0.144841455143352 0.0350746057584576
0.0614823471935165 -0.0904614828219199 0.154402778952602 0.0380724114062141
0.110428688358122 -0.0703918167134689 0.192956795292828 -0.0084285708942062
0.132823764291032 -0.0195870776230244 0.0909058628984496 0.0149357390044953
0.0894567755778074 -0.0310028956359782 0.00466722940344172 -0.0720249154605953
0.0669609521132318 -0.0414658806764663 -0.116309034324717 -0.0372916953245863
0.034900293437648 -0.065760477795263 -0.144684738035088 0.0602217353099537
-0.0173073400246714 -0.0774072879410359 -0.0803943512838349 0.124692349099752
-0.0563185431848948 -0.0586591925752857 0.000158136768529779 0.127126393985295
-0.0801473299056126 -0.0377166254126078 0.0563885867376422 0.0964126291525206
-0.106068186763036 -0.0224846465525584 0.0850792961738065 0.0409607653838746
-0.112060558266816 -0.0224281934444535 0.0883068401608647 0.000541547250836722
-0.122098936225027 -0.0379197431833573 0.0937217296709379 -0.0341329904989499
-0.1142204006592 -0.086460968566887 0.113857700058843 -0.0336969343363454
-0.0524550794414733 -0.136957306276379 0.145225561922414 -0.00289891197822136
0.0251231589867052 -0.155702145654167 0.148342851901783 0.0243429612934919
0.106721762803149 -0.133414235895711 0.133008634137901 0.0451914071872694
0.16936564132377 -0.0850717159766659 0.135655529690269 0.00516111950935787
0.174498287374827 -0.00960175410598436 0.023325862913808 0.0170700109269358
0.142193862759621 -0.0388688228997901 -0.0304967233577219 -0.0746294645773655
0.113308798980101 -0.0740583883546806 -0.135375925061953 -0.040295234849842
0.0490058195469192 -0.109995641580418 -0.148991959987222 0.0464793460437137
-0.0256197714052543 -0.114921389900879 -0.0909979378830343 0.0997262308770932
-0.0744075288672209 -0.0824705633236104 -0.0220188264704555 0.104997609339315
-0.101849599967852 -0.0513965861030992 0.0200763724654014 0.0809543372542972
-0.127072049163994 -0.0353323131549553 0.0394588033486446 0.0326659195447603
-0.131231962092482 -0.0359837785741999 0.039957080111986 -0.00651063134814566
-0.141104827388995 -0.0487454271945066 0.0493668977843719 -0.0498001665111631
-0.133796421480108 -0.101477653966951 0.0774622434157232 -0.0618541480801185
-0.06466651609494 -0.16159070781594 0.134529427830757 -0.0344323836660812
0.0345105256038199 -0.187774139323169 0.147028484800705 0.0158891760095307
0.135874662736989 -0.154310272135895 0.107351644451785 0.0593687805091037
0.202445375266697 -0.0831717590249305 0.0651450440310489 0.023037913273676
0.18947673915146 -0.00239973894650037 -0.0569954674805949 0.0192080382457322
0.170135772686318 -0.0455945622608691 -0.0769237932807657 -0.0655026070313647
0.137225138149193 -0.0986415244487855 -0.148762785242781 -0.0375008889902236
0.0503377945476597 -0.138840354442743 -0.14537534852273 0.0246565713706271
-0.0343116451033901 -0.134530537586218 -0.103526450298466 0.0628582871382948
-0.0847273109338026 -0.0913332787714834 -0.0531101741264966 0.0741256090455753
-0.10925713348039 -0.0562241632613237 -0.0234781193721396 0.0611747628844056
-0.129308859722538 -0.0444961424618685 -0.0114362163489988 0.0202290985261344
-0.129246252935032 -0.0468271323137611 -0.0111405202893658 -0.0168908092245337
-0.134301689081725 -0.0585299348462635 0.0052125781569342 -0.0655160777725148
-0.122983679260707 -0.106828986002559 0.0429027996377579 -0.0854790305987378
-0.0518037809553 -0.162298503527962 0.119421903494836 -0.0589313496602859
0.0529085363223346 -0.183983409882496 0.140039801819866 0.0136699399692381
0.152310406310752 -0.139914586190659 0.076950150403441 0.0721215340896605
0.207042082262081 -0.0608669345462883 -0.00872624218622786 0.0377895745260096
0.169840616294967 0.00386819434109264 -0.1344306464841 0.024779846615978
0.16204115606134 -0.042638616170681 -0.122230265247589 -0.0442872671134271
0.130445888174943 -0.100339362666363 -0.151578463188219 -0.0301089786130778
0.0412686053929019 -0.13533009142533 -0.13534451261342 -0.00174778967322646
-0.0367599167061896 -0.125428631576133 -0.117127186757384 0.0227963013648343
-0.0786093831629988 -0.0833896219488245 -0.0872924916425856 0.0427827900498232
-0.0987904308704979 -0.0510036235845739 -0.0684912546078281 0.0410398442828396
-0.112141019319482 -0.0471670518537026 -0.0596362621838686 0.00563886327187372
-0.106708741173976 -0.0523767919388386 -0.0555514104016967 -0.0326977097269315
-0.103703617193456 -0.063765854381336 -0.0281457780399666 -0.0842388753526944
-0.0856529344367231 -0.102058685533368 0.020503341418533 -0.107990557876329
-0.0196565747036918 -0.141248669949763 0.108990318833375 -0.0757760546391395
0.07658155329585 -0.146077297899259 0.127421525189141 0.0144056790085708
0.15226966005047 -0.0946999105608098 0.0442232226271729 0.0748279973638609
0.182292999712398 -0.023879131125971 -0.0736936964737758 0.039367837156523
0.12051352906149 0.0113465587138378 -0.194421198425219 0.0323300540399959
0.122442730242083 -0.0281483389185867 -0.154773339429772 -0.0207267844403664
0.0972167951458141 -0.0747308424520087 -0.146596550381248 -0.0244976334307518
0.0267955386539402 -0.0985360303796929 -0.126533220282565 -0.0256170378056217
-0.0270737762403488 -0.0895844457893008 -0.130616432580787 -0.00925487506498206
-0.0548538403325016 -0.0598479362387723 -0.119335330783466 0.019411892100806
-0.0699818487215773 -0.0380563332350743 -0.107983886727331 0.0246924131877854
-0.0774481665687635 -0.0429899289210303 -0.0980177660223229 -0.00968662019362673
-0.0696447472394591 -0.0499206494612692 -0.0857289504867069 -0.0513446387918407
-0.0608992506484801 -0.0585789021506203 -0.0443211714353255 -0.105083340638032
-0.0403629077437008 -0.0832869379322199 0.0167886005186536 -0.126656589630501
0.0126793709229102 -0.101716717396564 0.105854482438158 -0.0836789317775068
0.0872142546676714 -0.0908530201749443 0.112216170808861 0.0148186305608967
0.131118575938452 -0.0379197937044289 0.0151610989088933 0.0633276127840012
0.13187842685889 0.013899976282642 -0.120080096444391 0.0251912120527271
0.0500580739610191 0.0231551207691029 -0.223723185651879 0.036920817238373
0.0642925803841067 -0.000201882749218194 -0.167057054621583 -0.00307874796416313
0.0521922064628049 -0.0304787707896008 -0.13891505053129 -0.0237581010745559
0.0152001097326134 -0.0412990909313751 -0.124116983306503 -0.0402565621337989
-0.00542300305941591 -0.0387842451287163 -0.1414652198651 -0.0229330143770866
-0.0168017242188797 -0.0285360693250774 -0.140184154522235 0.00875334942031087
-0.0277668251285756 -0.021604615199848 -0.132214901406322 0.0150714413680498
-0.0325752077614456 -0.0321463856358694 -0.120608877784938 -0.0231568838223508
-0.0261100455508051 -0.0360396244286069 -0.098577201918433 -0.0702524949686231
-0.0186092761935343 -0.0404006083866604 -0.0441807208353474 -0.124024202098446
-0.00531275911890288 -0.0510463382941751 0.0271570258837006 -0.137070707879217
0.0241159456927061 -0.0567309946756012 0.109852314906411 -0.0844543629201712
0.0734815717191147 -0.0399032283962332 0.100777470471626 0.0127420965090572
0.0871064452078387 0.00720977098460586 -0.000290401988808817 0.045645784044733
0.0634103472898405 0.0389053174584831 -0.141351569086269 0.00238436446241498
