TRXV5
3
4
4
9
string Extension=J
integer IsArchMeasurement=1
integer IsSpherical=1
string Generator=SPM
string GeneratorVersion=1.3.1 Dev
double ArchRadius=0.449999988079071
integer FrequencyAxisIndex=0
integer AzimuthAxisIndex=1
integer ElevationAxisIndex=2
Frequency
5 136 690000000 960000000 LIN
Azimuth
7 8 0 2.74889357189107 LIN
Elevation
7 15 -2.74889357189107 2.74889357189107 LIN
Polar H Real Part
13
Polar H Imaginary Part
14
Polar V Real Part
13
Polar V Imaginary Part
14
Polar H Magnitude (dB)
12 0xC0000002 0 1
Polar H Phase
7 0xC0000003 0 1
Polar V Magnitude (dB)
12 0xC0000002 2 3
Polar V Phase
7 0xC0000003 2 3
0.000333786010742188 0.00331926345825195 -0.0347976684570313 -0.0654830932617188
-0.0029606819152832 -0.00441265106201172 -0.0129451751708984 -0.0275344848632813
-0.00880336761474609 0.00123405456542969 0.0177497863769531 0.00019073486328125
-0.00372076034545898 0.00704002380371094 0.0448722839355469 -0.0106964111328125
0.00258827209472656 0.00486373901367188 0.0479698181152344 -0.0293502807617188
0.0031731128692627 0.00120043754577637 0.0384407043457031 -0.0521621704101563
0.00298762321472168 -0.00435280799865723 0.01922607421875 -0.0602035522460938
0.00129318237304687 -0.00354957580566406 0.00355911254882813 -0.051025390625
0.000997781753540039 -0.00386261940002441 -0.00469589233398437 -0.0374221801757813
0.00429773330688477 -0.0023500919342041 -0.00897979736328125 -0.0257720947265625
0.00429701805114746 0.0016477108001709 -0.0212001800537109 -0.016510009765625
-0.00235605239868164 0.00449085235595703 -0.0266208648681641 -0.0115604400634766
-0.00760650634765625 -0.00287580490112305 -0.035797119140625 -0.0138511657714844
-0.000463485717773437 -0.00808143615722656 -0.054351806640625 -0.0142822265625
-0.000600814819335938 -0.00396633148193359 -0.0555648803710938 -0.0133514404296875
0.0179996490478516 0.0240879058837891 -0.0269584655761719 -0.0609092712402344
0.0168027877807617 0.0139713287353516 -0.00439834594726563 -0.0221443176269531
0.0106525421142578 0.0115852355957031 0.0229873657226563 0.000268936157226563
0.0163335800170898 0.011256217956543 0.048065185546875 -0.0108757019042969
0.0200538635253906 0.0020751953125 0.048919677734375 -0.0281829833984375
0.0183849334716797 -0.0115795135498047 0.0384025573730469 -0.0509757995605469
0.0118560791015625 -0.0216693878173828 0.0175971984863281 -0.0548744201660156
0.00901222229003906 -0.0198841094970703 0.000446319580078121 -0.0448379516601563
0.0089263916015625 -0.0222206115722656 -0.00785064697265625 -0.0313758850097656
0.0157375335693359 -0.0208225250244141 -0.0122947692871094 -0.0223922729492188
0.0200023651123047 -0.0109767913818359 -0.0244636535644531 -0.0135269165039063
0.0176811218261719 -0.00336837768554688 -0.0273208618164063 -0.0110549926757813
0.0136489868164063 0.000306129455566406 -0.03564453125 -0.0122528076171875
0.0207920074462891 0.00298118591308594 -0.0494117736816406 -0.00971984863281249
0.0209560394287109 0.0106658935546875 -0.0499000549316406 -0.00778579711914063
0.0329704284667969 0.0420341491699219 -0.0150642395019531 -0.0497016906738281
0.0349597930908203 0.0316963195800781 0.00591087341308594 -0.0111799240112305
0.0294513702392578 0.0219879150390625 0.0286598205566406 0.00330352783203125
0.0353202819824219 0.0142898559570312 0.0499076843261719 -0.00872421264648437
0.0368919372558594 -0.00189590454101563 0.0467185974121094 -0.025390625
0.0315532684326172 -0.0233936309814453 0.03363037109375 -0.0456504821777344
0.01885986328125 -0.0358390808105469 0.0133018493652344 -0.0442390441894531
0.0154953002929688 -0.0333194732666016 -0.00257301330566406 -0.0317192077636719
0.0145149230957031 -0.03759765625 -0.0104579925537109 -0.0182590484619141
0.0233535766601563 -0.0364227294921875 -0.01593017578125 -0.0124235153198242
0.0318355560302734 -0.0229911804199219 -0.0275096893310547 -0.00602912902832032
0.0336360931396484 -0.0113315582275391 -0.0283069610595703 -0.00730323791503906
0.0333728790283203 0.00149917602539063 -0.0337696075439453 -0.0103683471679687
0.0400428771972656 0.0119400024414063 -0.0394020080566406 -0.00480270385742187
0.0378570556640625 0.0233116149902344 -0.0372467041015625 0.00183486938476563
0.0430908203125 0.0532341003417969 0.000560760498046874 -0.0339279174804688
0.0494537353515625 0.0442886352539063 0.0194625854492188 0.00205039978027344
0.0469474792480469 0.0278167724609375 0.0337371826171875 0.00772476196289063
0.0522537231445312 0.0137252807617188 0.0490379333496094 -0.00579452514648438
0.0486984252929688 -0.007843017578125 0.0406150817871094 -0.0205917358398438
0.0392913818359375 -0.0337104797363281 0.0258903503417969 -0.0363731384277344
0.0227279663085938 -0.0448799133300781 0.00747489929199219 -0.0280818939208984
0.0190391540527344 -0.0410537719726563 -0.00532054901123047 -0.0141925811767578
0.0184402465820313 -0.0467910766601563 -0.0114278793334961 -0.000998497009277345
0.027679443359375 -0.0462455749511719 -0.0187854766845703 0.00181007385253906
0.0392036437988281 -0.0311279296875 -0.0297260284423828 0.00477409362792969
0.0451164245605469 -0.0176315307617188 -0.0292892456054687 -0.0025787353515625
0.0477294921875 0.00296783447265625 -0.0304756164550781 -0.0100555419921875
0.0528793334960938 0.019866943359375 -0.0244731903076172 -0.000410079956054682
0.049163818359375 0.0338783264160156 -0.0206012725830078 0.0143165588378906
0.0467262268066406 0.0561141967773437 0.0185298919677734 -0.0169715881347656
0.0576744079589844 0.0480918884277344 0.0326290130615234 0.0129985809326172
0.0573005676269531 0.0274009704589844 0.0379714965820313 0.0103874206542969
0.0598602294921875 0.00870895385742188 0.0437278747558594 -0.00131988525390625
0.0525054931640625 -0.0139274597167969 0.0321159362792969 -0.0132598876953125
0.0393562316894531 -0.0399971008300781 0.0171737670898438 -0.0221900939941406
0.0214691162109375 -0.0470924377441406 0.00200128555297852 -0.00842475891113282
0.0189018249511719 -0.0425605773925781 -0.00784254074096679 0.00581216812133789
0.0190544128417969 -0.0486183166503906 -0.013218879699707 0.0174360275268555
0.0287857055664063 -0.0480117797851563 -0.0216026306152344 0.0172977447509766
0.0421180725097656 -0.0319442749023438 -0.0317497253417969 0.0153274536132813
0.0506362915039063 -0.01885986328125 -0.0297374725341797 0.00211715698242187
0.0550079345703125 0.00617218017578125 -0.0251979827880859 -0.00827598571777344
0.05841064453125 0.0271148681640625 -0.00794696807861328 0.00403928756713867
0.050872802734375 0.0411949157714844 -0.00250625610351562 0.0287685394287109
0.0424575805664063 0.05078125 0.035491943359375 -0.00272750854492187
0.0570564270019531 0.0435028076171875 0.0451278686523438 0.020111083984375
0.0561447143554688 0.0221786499023438 0.0391578674316406 0.0116691589355469
0.0568504333496094 0.00213241577148438 0.0370750427246094 0.003265380859375
0.0460281372070313 -0.0183906555175781 0.0233173370361328 -0.00369644165039063
0.0321731567382813 -0.0406684875488281 0.00897884368896485 -0.00601482391357422
0.0161018371582031 -0.0430335998535156 -0.00187110900878906 0.0115747451782227
0.0153961181640625 -0.03778076171875 -0.00851631164550781 0.0247840881347656
0.0168724060058594 -0.0434226989746094 -0.0148906707763672 0.0342693328857422
0.02685546875 -0.0412254333496094 -0.0259075164794922 0.0303726196289062
0.0403366088867187 -0.0269317626953125 -0.0343475341796875 0.0238533020019531
0.0492477416992188 -0.0139350891113281 -0.0298500061035156 0.00643730163574218
0.0522232055664063 0.0112266540527344 -0.0194377899169922 -0.00620651245117187
0.0530815124511719 0.0319480895996094 0.00728034973144532 0.0114898681640625
0.0439491271972656 0.0435562133789062 0.0143623352050781 0.0452232360839844
0.0311698913574219 0.0364151000976563 0.048797607421875 0.00620651245117188
0.0465469360351562 0.03253173828125 0.0542945861816406 0.0213890075683594
0.0452079772949219 0.0127182006835937 0.0377540588378906 0.0100364685058594
0.0431137084960938 -0.0035400390625 0.0291213989257813 0.00664901733398437
0.0323905944824219 -0.0185050964355469 0.0160980224609375 0.00560188293457031
0.0194320678710938 -0.0333805084228516 0.00375938415527344 0.0091400146484375
0.00879669189453125 -0.0303153991699219 -0.00293731689453125 0.0284404754638672
0.00965118408203125 -0.0264987945556641 -0.0086212158203125 0.0398521423339844
0.0119438171386719 -0.0314712524414063 -0.01751708984375 0.0469131469726563
0.0201091766357422 -0.0301532745361328 -0.0312538146972656 0.0404930114746094
0.0322971343994141 -0.0183258056640625 -0.0378875732421875 0.0291595458984375
0.0400276184082031 -0.0075531005859375 -0.0313625335693359 0.0100917816162109
0.0417327880859375 0.0149002075195312 -0.0162677764892578 -0.00179195404052734
0.0403251647949219 0.03125 0.0175056457519531 0.0210037231445313
0.029632568359375 0.0393142700195313 0.0254783630371094 0.0604591369628906
0.0130252838134766 0.020294189453125 0.0572891235351563 0.00946426391601563
0.0280914306640625 0.0192909240722656 0.0575790405273438 0.0182075500488281
0.0259456634521484 0.00427436828613281 0.0356864929199219 0.00841140747070312
0.0224800109863281 -0.00560760498046875 0.0245380401611328 0.00986289978027344
0.0147800445556641 -0.0133743286132812 0.0134258270263672 0.0119752883911133
0.00446319580078125 -0.0195426940917969 0.00310707092285156 0.0207958221435547
0.000878334045410158 -0.0138273239135742 -0.0012359619140625 0.0389747619628906
0.00182628631591797 -0.0113153457641602 -0.00701141357421875 0.0492477416992188
0.0035867691040039 -0.0154314041137695 -0.0194587707519531 0.0543441772460937
0.00939846038818359 -0.0167570114135742 -0.0366668701171875 0.0464324951171875
0.0183486938476563 -0.0103511810302734 -0.0417518615722656 0.0317306518554688
0.02447509765625 -0.0036163330078125 -0.0346260070800781 0.0128459930419922
0.0259075164794922 0.0123634338378906 -0.0156631469726563 0.00243186950683594
0.0229663848876953 0.0231208801269531 0.0203800201416016 0.0289821624755859
0.0113983154296875 0.0273857116699219 0.029815673828125 0.0721969604492188
0.00040292739868164 0.00378942489624023 -0.0385284423828125 -0.0639457702636719
-0.00317192077636719 -0.00409054756164551 -0.01458740234375 -0.0260257720947266
-0.00873088836669922 0.00190973281860351 0.0186576843261719 -0.00160026550292969
-0.00235843658447266 0.0073704719543457 0.0451278686523437 -0.0144805908203125
0.0034937858581543 0.00470304489135742 0.0474662780761719 -0.0335006713867188
0.00356936454772949 0.000441312789916992 0.035308837890625 -0.0555458068847656
0.00269365310668945 -0.00537538528442383 0.0147972106933594 -0.0616912841796875
0.00137710571289063 -0.00426101684570313 -0.0012969970703125 -0.0512466430664063
0.00155019760131836 -0.00424003601074219 -0.007568359375 -0.0376472473144531
0.00476551055908203 -0.00267267227172852 -0.0110282897949219 -0.0264892578125
0.00491476058959961 0.00108146667480469 -0.0228500366210937 -0.0153923034667969
-0.00216245651245117 0.00514411926269531 -0.0279026031494141 -0.0102252960205078
-0.00786495208740234 -0.00211000442504883 -0.0374259948730469 -0.0125808715820313
-0.000586509704589844 -0.00723075866699219 -0.0566825866699219 -0.0113372802734375
-0.000886917114257812 -0.00354480743408203 -0.058074951171875 -0.00952529907226563
0.0209083557128906 0.0234317779541016 -0.0307464599609375 -0.0593032836914063
0.0182476043701172 0.0126399993896484 -0.005889892578125 -0.02093505859375
0.0119457244873047 0.0112905502319336 0.0234260559082031 -0.001190185546875
0.0177097320556641 0.0103302001953125 0.0482673645019531 -0.01397705078125
0.0210094451904297 9.5367431640625E-05 0.0478858947753906 -0.0317955017089844
0.0181198120117188 -0.013641357421875 0.0347671508789062 -0.0542564392089844
0.0104045867919922 -0.023162841796875 0.0133819580078125 -0.0570068359375
0.00802421569824219 -0.021331787109375 -0.003631591796875 -0.0447578430175781
0.00790977478027344 -0.0233020782470703 -0.0115280151367187 -0.0312767028808594
0.0145053863525391 -0.0224742889404297 -0.0146522521972656 -0.0222434997558594
0.0196342468261719 -0.0130081176757812 -0.0262413024902344 -0.0118656158447266
0.0175485610961914 -0.00410652160644531 -0.0287036895751953 -0.00918769836425781
0.0139493942260742 -0.000225067138671875 -0.0373001098632813 -0.0105438232421875
0.0210380554199219 0.00139999389648438 -0.0511932373046875 -0.00639724731445311
0.0215950012207031 0.00931549072265625 -0.0523185729980469 -0.00377655029296875
0.0369377136230469 0.0405693054199219 -0.017333984375 -0.0482101440429687
0.0371017456054688 0.0290946960449219 0.00640964508056641 -0.0113449096679687
0.0322284698486328 0.0205593109130859 0.0296154022216797 0.00210952758789063
0.0381927490234375 0.0116920471191406 0.0502967834472656 -0.0117340087890625
0.037445068359375 -0.00468063354492188 0.0456314086914063 -0.0289726257324219
0.0295658111572266 -0.0266590118408203 0.0309867858886719 -0.0484504699707031
0.0160598754882813 -0.0378608703613281 0.0100936889648437 -0.0455665588378906
0.013153076171875 -0.0349922180175781 -0.0059661865234375 -0.0311756134033203
0.012115478515625 -0.0395889282226562 -0.0125694274902344 -0.0174627304077148
0.0208320617675781 -0.0389366149902344 -0.0179195404052734 -0.0117759704589844
0.0306472778320313 -0.0262050628662109 -0.0290775299072266 -0.00384521484375
0.0337085723876953 -0.0137805938720703 -0.0296077728271484 -0.00583267211914063
0.0337162017822266 -0.00104331970214844 -0.035491943359375 -0.00883865356445312
0.0406227111816406 0.00949859619140625 -0.0402336120605469 -0.00213623046875
0.0400505065917969 0.0208511352539063 -0.0389213562011719 0.00510025024414063
0.0485458374023437 0.0513153076171875 -0.000415802001953122 -0.0330791473388672
0.0536613464355469 0.0404739379882813 0.0199337005615234 0.00164604187011719
0.0494880676269531 0.0248146057128906 0.0352439880371094 0.00670242309570313
0.0543060302734375 0.00981903076171875 0.0495796203613281 -0.00815582275390625
0.049041748046875 -0.0113182067871094 0.0394363403320313 -0.0239982604980469
0.0363426208496094 -0.036865234375 0.0235671997070313 -0.038116455078125
0.0186538696289063 -0.0467453002929687 0.00536155700683594 -0.0280494689941406
0.0157508850097656 -0.0426445007324219 -0.00692844390869141 -0.0135269165039063
0.0147857666015625 -0.0491676330566406 -0.0125589370727539 -0.000421524047851565
0.0239410400390625 -0.0487213134765625 -0.0200595855712891 0.00258636474609374
0.0375785827636719 -0.0344734191894531 -0.0308799743652344 0.00673294067382812
0.04461669921875 -0.021697998046875 -0.0306739807128906 -0.00132751464843751
0.0487098693847656 -0.000614166259765625 -0.0322513580322266 -0.007537841796875
0.0553207397460938 0.0165596008300781 -0.0255508422851563 0.000812530517578127
0.0524406433105469 0.0307579040527344 -0.0211029052734375 0.0162811279296875
0.05169677734375 0.0530014038085937 0.0178298950195313 -0.0179119110107422
0.0620384216308594 0.0446281433105469 0.0348129272460938 0.0123233795166016
0.0600204467773438 0.02410888671875 0.03900146484375 0.00962448120117188
0.0618782043457031 0.0042877197265625 0.0448074340820313 -0.00345993041992188
0.0516738891601563 -0.0182304382324219 0.0316009521484375 -0.0152816772460938
0.0360755920410156 -0.0436439514160156 0.0147304534912109 -0.0235767364501953
0.01727294921875 -0.0489578247070313 0.00151824951171875 -0.00841569900512696
0.0160293579101562 -0.0440902709960938 -0.00739383697509766 0.00715303421020507
0.0149612426757812 -0.0510177612304687 -0.0125522613525391 0.0190582275390625
0.0252227783203125 -0.0502967834472656 -0.0219173431396484 0.0187320709228516
0.0404281616210938 -0.0362281799316406 -0.0317802429199219 0.017547607421875
0.0496559143066406 -0.0231590270996094 -0.0305099487304687 0.00371360778808594
0.05609130859375 0.00218963623046875 -0.0267219543457031 -0.00677871704101562
0.0606918334960938 0.0232620239257813 -0.00820493698120117 0.00531435012817383
0.0553092956542969 0.0381011962890625 -0.00153541564941406 0.0301303863525391
0.0473899841308594 0.0471763610839844 0.0367622375488281 -0.00469970703125
0.0604438781738281 0.0394020080566406 0.0476646423339844 0.0181198120117188
0.0580253601074219 0.0181884765625 0.0404281616210938 0.0100250244140625
0.0575485229492187 -0.00213623046875 0.0375938415527344 0.00107574462890625
0.0456504821777344 -0.022216796875 0.0228099822998047 -0.00517082214355469
0.02862548828125 -0.0436820983886719 0.00791501998901367 -0.00618934631347657
0.0131797790527344 -0.0443305969238281 -0.000979423522949217 0.0121984481811523
0.0127487182617187 -0.0396041870117187 -0.00658607482910156 0.0259590148925781
0.0133438110351563 -0.0451545715332031 -0.0125694274902344 0.0356826782226562
0.0234336853027344 -0.0445404052734375 -0.0248298645019531 0.0328960418701172
0.0388603210449219 -0.0306205749511719 -0.0334987640380859 0.0267734527587891
0.0485191345214844 -0.0183029174804688 -0.0304069519042969 0.00829887390136719
0.0537147521972656 0.0074920654296875 -0.0215339660644531 -0.00430679321289062
0.0567626953125 0.0287818908691406 0.00722408294677735 0.0112485885620117
0.0479240417480469 0.0406227111816406 0.0160751342773438 0.0445175170898438
0.0342445373535156 0.0340976715087891 0.0511703491210937 0.00314712524414063
0.049468994140625 0.0290336608886719 0.0563316345214844 0.019073486328125
0.0462150573730469 0.00991439819335938 0.0396842956542969 0.00901412963867188
0.043243408203125 -0.00666046142578125 0.0307979583740234 0.00605392456054688
0.0312690734863281 -0.0212440490722656 0.0168771743774414 0.00513553619384765
0.0161800384521484 -0.0343914031982422 0.00419998168945313 0.00959396362304687
0.00539398193359375 -0.0317058563232422 -0.000282287597656249 0.0284805297851563
0.00719642639160156 -0.0271492004394531 -0.00533676147460938 0.041259765625
0.00881004333496093 -0.0325908660888672 -0.0139846801757812 0.0491409301757813
0.0174083709716797 -0.0324535369873047 -0.0291595458984375 0.0436897277832031
0.0313644409179688 -0.0214767456054688 -0.0369224548339844 0.0328445434570313
0.0397453308105469 -0.01104736328125 -0.0317459106445313 0.0124969482421875
0.043426513671875 0.0118942260742188 -0.0173044204711914 -0.000912666320800783
0.0434074401855469 0.0290946960449219 0.0185279846191406 0.0194110870361328
0.033416748046875 0.0372200012207031 0.0289688110351563 0.0592269897460938
0.0147190093994141 0.0183391571044922 0.0594520568847656 0.00566482543945313
0.0301666259765625 0.0165309906005859 0.0598068237304688 0.015167236328125
0.0266628265380859 0.00239181518554687 0.0368461608886719 0.0066680908203125
0.0224094390869141 -0.00771903991699219 0.0252552032470703 0.00954818725585938
0.0131807327270508 -0.0152082443237305 0.0144252777099609 0.0117473602294922
0.00247955322265625 -0.0191364288330078 0.00514030456542969 0.0208759307861328
-0.000519752502441407 -0.0134744644165039 0.00255203247070313 0.0389518737792969
0.000447273254394533 -0.0115280151367188 -0.00263595581054688 0.0499038696289062
0.00171279907226562 -0.0155191421508789 -0.0146903991699219 0.0568199157714844
0.00728893280029297 -0.0175056457519531 -0.0333671569824219 0.0494537353515625
0.0173807144165039 -0.012141227722168 -0.0403366088867188 0.0355262756347656
0.0245342254638672 -0.00582504272460938 -0.0344505310058594 0.0150566101074219
0.0271053314208984 0.0101604461669922 -0.0158329010009766 0.00379276275634765
0.0250205993652344 0.0214405059814453 0.0217857360839844 0.0274600982666016
0.0140895843505859 0.0265274047851563 0.0339889526367188 0.0705947875976563
0.0014808177947998 0.00378489494323731 -0.0405998229980469 -0.0594596862792969
-0.00248122215270996 -0.00333762168884277 -0.0154552459716797 -0.0245380401611328
-0.00756120681762695 0.00199365615844726 0.0185928344726563 -0.00309944152832031
-0.00158882141113281 0.00735044479370117 0.0440788269042969 -0.0164642333984375
0.00377368927001953 0.00349926948547363 0.0444755554199219 -0.0359992980957031
0.00380635261535644 -0.000136852264404297 0.031402587890625 -0.0565261840820313
0.00314235687255859 -0.00626373291015625 0.0100669860839844 -0.061614990234375
0.00182580947875977 -0.00438427925109863 -0.00532150268554688 -0.0497512817382812
0.00132656097412109 -0.00478363037109375 -0.0109977722167969 -0.0364418029785156
0.00555801391601562 -0.0038304328918457 -0.0124092102050781 -0.0258007049560547
0.00527763366699219 0.00107049942016602 -0.0240631103515625 -0.0138301849365234
-0.00121116638183594 0.00509309768676758 -0.028289794921875 -0.00948524475097656
-0.00830554962158203 -0.000572204589843751 -0.03790283203125 -0.0109329223632813
-0.00182533264160156 -0.00763702392578125 -0.0570831298828125 -0.00743484497070313
-0.000497102737426758 -0.00327706336975098 -0.0584716796875 -0.00536346435546876
0.0226497650146484 0.0219707489013672 -0.0326423645019531 -0.0557403564453125
0.0195426940917969 0.0109825134277344 -0.00597763061523438 -0.0201301574707031
0.0129947662353516 0.0106515884399414 0.0230464935302734 -0.00182342529296875
0.0182571411132813 0.00853729248046875 0.0471153259277344 -0.0165023803710938
0.0208797454833984 -0.0016937255859375 0.0449600219726562 -0.0337982177734375
0.0161848068237305 -0.0147943496704102 0.030792236328125 -0.0549507141113281
0.00833320617675781 -0.0240592956542969 0.008880615234375 -0.0559196472167969
0.00729751586914063 -0.0215988159179688 -0.00722122192382812 -0.0430526733398437
0.00609588623046875 -0.0239849090576172 -0.0134067535400391 -0.0291290283203125
0.0129508972167969 -0.0231056213378906 -0.0164680480957031 -0.0215339660644531
0.0190486907958984 -0.0138797760009766 -0.0266456604003906 -0.0100593566894531
0.0176677703857422 -0.00519943237304688 -0.0287246704101562 -0.00765037536621093
0.0132303237915039 -0.000315666198730469 -0.0372352600097656 -0.00865554809570312
0.0204849243164063 0.0005035400390625 -0.0511627197265625 -0.00349807739257812
0.0221424102783203 0.00830078125 -0.0524940490722656 -0.000316619873046875
0.0399513244628906 0.037078857421875 -0.0187225341796875 -0.0455169677734375
0.0387344360351563 0.0261955261230469 0.00580883026123047 -0.0104713439941406
0.0331134796142578 0.0178947448730469 0.0292739868164063 0.00139045715332031
0.0386390686035156 0.00871658325195312 0.0487899780273438 -0.0140914916992188
0.0364151000976563 -0.007476806640625 0.0430908203125 -0.0311241149902344
0.0276279449462891 -0.0282173156738281 0.0267868041992188 -0.0493583679199219
0.0135650634765625 -0.0385055541992188 0.00648117065429688 -0.0445709228515625
0.011199951171875 -0.0355186462402344 -0.00816917419433594 -0.0292568206787109
0.00909423828125 -0.0393447875976563 -0.0140886306762695 -0.0156612396240234
0.0179252624511719 -0.0398292541503906 -0.0193271636962891 -0.01104736328125
0.0287647247314453 -0.0274391174316406 -0.0297183990478516 -0.00220298767089844
0.0321273803710938 -0.0159130096435547 -0.0303287506103516 -0.00377464294433594
0.0328502655029297 -0.00214767456054687 -0.0359687805175781 -0.00633621215820313
0.0403213500976562 0.0068511962890625 -0.0402717590332031 0.000396728515625009
0.0416717529296875 0.0176963806152344 -0.0387840270996094 0.00759124755859375
0.0516586303710937 0.0470848083496094 -0.00149536132812499 -0.0319538116455078
0.05511474609375 0.0360755920410156 0.0199909210205078 0.00181961059570313
0.0501174926757813 0.0215072631835938 0.0353813171386719 0.00531768798828125
0.0542030334472656 0.00542449951171875 0.0475234985351563 -0.0102500915527344
0.0472221374511719 -0.0147705078125 0.0377120971679688 -0.0252265930175781
0.0330886840820313 -0.0385971069335938 0.0206794738769531 -0.0388603210449219
0.0150032043457031 -0.0468101501464844 0.00315475463867187 -0.0276069641113281
0.0128059387207031 -0.0429954528808594 -0.0080118179321289 -0.0114383697509766
0.0108146667480469 -0.0493354797363281 -0.0128393173217773 0.00137996673583984
0.0201644897460938 -0.0503005981445313 -0.0207157135009766 0.00415802001953124
0.0346717834472656 -0.0363426208496094 -0.0302448272705078 0.00811195373535156
0.0419692993164063 -0.0243568420410156 -0.0303077697753906 0.000940322875976565
0.0470046997070312 -0.00315093994140625 -0.0328502655029297 -0.00528717041015625
0.0546150207519531 0.0126991271972656 -0.0256843566894531 0.0025482177734375
0.053466796875 0.026275634765625 -0.0203857421875 0.0178642272949219
0.054901123046875 0.0490226745605469 0.0180740356445313 -0.0175304412841797
0.0638465881347656 0.0386009216308594 0.0348739624023438 0.0110244750976563
0.0599708557128906 0.0196914672851562 0.0393180847167969 0.00823974609375
0.0609512329101562 -0.000308990478515625 0.0441551208496094 -0.00458908081054688
0.0493621826171875 -0.0210456848144531 0.0306262969970703 -0.0162105560302734
0.0322418212890625 -0.0447311401367188 0.0131797790527344 -0.0233421325683594
0.0129508972167969 -0.0491065979003906 0.000835895538330079 -0.00768852233886719
0.012786865234375 -0.0444717407226563 -0.00687646865844727 0.008453369140625
0.0111541748046875 -0.0509605407714844 -0.0112037658691406 0.0194549560546875
0.0206336975097656 -0.0514183044433594 -0.0212440490722656 0.0192832946777344
0.0371589660644531 -0.0382575988769531 -0.0308265686035156 0.0188655853271484
0.0474205017089844 -0.0261573791503906 -0.0302333831787109 0.00551414489746094
0.0545501708984375 -0.00130081176757812 -0.0272769927978516 -0.00440597534179687
0.0612983703613281 0.0188102722167969 -0.00891685485839843 0.00621128082275391
0.0569610595703125 0.0331077575683594 -0.000335693359374999 0.0295009613037109
0.049652099609375 0.0432815551757812 0.0368614196777344 -0.0062408447265625
0.061859130859375 0.0342864990234375 0.0485420227050781 0.0162925720214844
0.0579986572265625 0.0142784118652344 0.0406379699707031 0.009124755859375
0.0563735961914063 -0.00604629516601563 0.0371055603027344 -6.86645507812504E-05
0.0427894592285156 -0.0245513916015625 0.0222511291503906 -0.00532913208007813
0.0246047973632812 -0.0437698364257813 0.00734090805053711 -0.00586032867431641
0.00933837890625 -0.0433998107910156 0.000198364257812501 0.0119552612304687
0.0101394653320312 -0.0387191772460938 -0.00480079650878906 0.0267238616943359
0.00979995727539063 -0.044708251953125 -0.0100326538085938 0.0367622375488281
0.0195465087890625 -0.0456199645996094 -0.0229377746582031 0.033935546875
0.03558349609375 -0.0327835083007813 -0.0320701599121094 0.0283317565917969
0.0464668273925781 -0.0219993591308594 -0.0295238494873047 0.0106468200683594
0.0527114868164063 0.00423431396484375 -0.0217208862304687 -0.00230216979980469
0.0573196411132813 0.0243453979492188 0.0071563720703125 0.0101175308227539
0.0503349304199219 0.0360832214355469 0.0173721313476563 0.043060302734375
0.0361976623535156 0.0302238464355469 0.0514030456542969 0.000339508056640627
0.0505294799804688 0.0247039794921875 0.0570106506347656 0.0157432556152344
0.0462188720703125 0.00646209716796875 0.0395545959472656 0.0077056884765625
0.0420074462890625 -0.0101814270019531 0.0307044982910156 0.00538825988769531
0.0287551879882812 -0.0235614776611328 0.0167903900146484 0.0044717788696289
0.0130043029785156 -0.0343837738037109 0.00495433807373047 0.00974369049072266
0.00367164611816406 -0.0303325653076172 0.00230789184570313 0.0284595489501953
0.00526237487792969 -0.0265007019042969 -0.002166748046875 0.0411834716796875
0.00596427917480469 -0.0321044921875 -0.00970077514648437 0.0495223999023437
0.0145282745361328 -0.0319671630859375 -0.0261497497558594 0.0449256896972656
0.029052734375 -0.0231704711914063 -0.0349693298339844 0.0342960357666016
0.0382041931152344 -0.0144309997558594 -0.0303726196289062 0.0141315460205078
0.0426216125488281 0.00862503051757813 -0.0173702239990234 0.00123977661132813
0.0446128845214844 0.0252952575683594 0.0186538696289063 0.0172462463378906
0.0351524353027344 0.0333099365234375 0.0311470031738281 0.0562324523925781
0.0152339935302734 0.0167779922485352 0.0590553283691406 0.00169754028320313
0.0298385620117188 0.0142955780029297 0.0601310729980469 0.0118904113769531
0.0265579223632813 0.000543594360351563 0.0369873046875 0.00475311279296875
0.0215702056884766 -0.00951957702636719 0.0265140533447266 0.00856590270996094
0.0116825103759766 -0.01544189453125 0.0152244567871094 0.0116958618164062
0.000534057617187499 -0.0184383392333984 0.00639533996582032 0.0208168029785156
-0.00187873840332031 -0.0129537582397461 0.00563812255859375 0.0382614135742188
-0.000290870666503907 -0.0105676651000977 0.000568389892578129 0.0490379333496094
0.000606536865234376 -0.0149660110473633 -0.0106163024902344 0.0570487976074219
0.00512504577636719 -0.0170888900756836 -0.0301017761230469 0.0511245727539063
0.0162191390991211 -0.0136222839355469 -0.0382308959960938 0.0371322631835937
0.0230464935302734 -0.0079345703125 -0.0328769683837891 0.0172386169433594
0.0268344879150391 0.00819778442382813 -0.0160903930664062 0.00464248657226563
0.02520751953125 0.0194053649902344 0.02264404296875 0.0246810913085938
0.0156459808349609 0.0242748260498047 0.0373878479003906 0.0670051574707031
0.00225257873535156 0.00391840934753418 -0.0399856567382812 -0.0560226440429688
-0.00204086303710938 -0.00343132019042969 -0.0157012939453125 -0.0222263336181641
-0.00687646865844726 0.00240421295166015 0.0179309844970703 -0.00265693664550781
-0.000804424285888671 0.00701999664306641 0.0420570373535156 -0.0172996520996094
0.00400590896606445 0.00361275672912598 0.0420989990234375 -0.0355987548828125
0.00363588333129883 -0.000915288925170898 0.0284881591796875 -0.0558586120605469
0.00281810760498047 -0.00661849975585938 0.00683975219726562 -0.0593338012695313
0.00190877914428711 -0.004730224609375 -0.00725173950195312 -0.0473175048828125
0.00191521644592285 -0.00435948371887207 -0.0122413635253906 -0.0347747802734375
0.00555133819580078 -0.0036468505859375 -0.0133056640625 -0.0250186920166016
0.00560951232910156 0.000660896301269531 -0.0236644744873047 -0.0130634307861328
-0.000977516174316406 0.00562429428100586 -0.0278587341308594 -0.00849342346191407
-0.00778865814208984 -0.00072479248046875 -0.0366973876953125 -0.0108222961425781
-0.0022430419921875 -0.00697469711303711 -0.0554237365722656 -0.00607681274414063
-0.00136208534240723 -0.00255584716796875 -0.0576362609863281 -0.00312042236328125
0.0233001708984375 0.0203208923339844 -0.0318565368652344 -0.0522422790527344
0.01910400390625 0.00996017456054688 -0.00648307800292969 -0.0184040069580078
0.0126285552978516 0.00970363616943359 0.0231094360351563 -0.00194740295410156
0.0178050994873047 0.00753402709960938 0.0445022583007813 -0.0166740417480469
0.0197982788085938 -0.0022430419921875 0.0429420471191406 -0.0346336364746094
0.0155525207519531 -0.015376091003418 0.02801513671875 -0.0540657043457031
0.00815391540527344 -0.0237159729003906 0.00669097900390625 -0.0543594360351563
0.00644111633300782 -0.0212459564208984 -0.00878524780273438 -0.0399513244628906
0.0055694580078125 -0.0239105224609375 -0.0143051147460937 -0.0277233123779297
0.0123691558837891 -0.0230178833007813 -0.0175628662109375 -0.0197982788085938
0.0184803009033203 -0.0137748718261719 -0.0268135070800781 -0.00928878784179688
0.0167617797851563 -0.00511550903320313 -0.0288600921630859 -0.00711631774902344
0.0130033493041992 -0.0001373291015625 -0.0366363525390625 -0.00811767578124999
0.0195980072021484 0.000505447387695313 -0.0502700805664063 -0.00150680541992187
0.0220680236816406 0.00779914855957031 -0.051727294921875 0.00203704833984375
0.0400428771972656 0.0347442626953125 -0.0182876586914062 -0.0431900024414062
0.0389900207519531 0.0240859985351563 0.0059957504272461 -0.00935935974121094
0.0329971313476563 0.0161209106445313 0.0289115905761719 0.00137138366699219
0.038116455078125 0.0068206787109375 0.0470046997070313 -0.0144004821777344
0.0345935821533203 -0.00847816467285156 0.040771484375 -0.0307998657226563
0.0254459381103516 -0.0278186798095703 0.0244331359863281 -0.0480308532714844
0.0118293762207031 -0.037322998046875 0.00443267822265625 -0.0427780151367188
0.00961685180664062 -0.034759521484375 -0.00876617431640625 -0.0267925262451172
0.0078582763671875 -0.0389862060546875 -0.0147781372070313 -0.0143527984619141
0.0159912109375 -0.0393218994140625 -0.0201301574707031 -0.00955581665039063
0.0272846221923828 -0.0274200439453125 -0.028839111328125 -0.00110435485839844
0.0306243896484375 -0.016845703125 -0.0293426513671875 -0.00333213806152344
0.0314826965332031 -0.00290298461914062 -0.0355186462402344 -0.0056610107421875
0.0391387939453125 0.00584030151367188 -0.04010009765625 0.00163269042968751
0.0402870178222656 0.0163764953613281 -0.0385208129882813 0.00915908813476563
0.0516281127929688 0.0434646606445313 -0.00158882141113281 -0.0304317474365234
0.054534912109375 0.0326881408691406 0.0201377868652344 0.00118637084960938
0.04937744140625 0.0195274353027344 0.0345268249511719 0.005645751953125
0.0528106689453125 0.00366592407226563 0.0467033386230469 -0.0104789733886719
0.0447616577148437 -0.0159416198730469 0.0355110168457031 -0.0247001647949219
0.0305366516113281 -0.03900146484375 0.0184745788574219 -0.037506103515625
0.0130233764648438 -0.0460700988769531 0.00182342529296875 -0.0262413024902344
0.0111083984375 -0.0424919128417969 -0.00830841064453125 -0.00974369049072266
0.00852203369140625 -0.0480537414550781 -0.0130777359008789 0.00233078002929687
0.0173912048339844 -0.0497055053710938 -0.0209484100341797 0.00489234924316406
0.0325202941894531 -0.0367240905761719 -0.0295352935791016 0.00883102416992188
0.0400276184082031 -0.025360107421875 -0.0296783447265625 0.00173568725585938
0.0456466674804688 -0.004364013671875 -0.0325222015380859 -0.00419998168945312
0.0536270141601563 0.0106773376464844 -0.0254268646240234 0.00418281555175781
0.0529632568359375 0.0238800048828125 -0.0206527709960937 0.0181522369384766
0.055328369140625 0.0451393127441406 0.0183067321777344 -0.0173797607421875
0.0626487731933594 0.0348091125488281 0.0354042053222656 0.0105323791503906
0.0582199096679687 0.0180511474609375 0.0386581420898438 0.00848770141601563
0.0593376159667969 -0.0023040771484375 0.0427284240722656 -0.00500869750976563
0.0468177795410156 -0.0220718383789063 0.0286426544189453 -0.0156402587890625
0.0290031433105469 -0.0441970825195312 0.0117454528808594 -0.0224399566650391
0.0112037658691406 -0.0471343994140625 0.000638008117675782 -0.00684452056884766
0.0105094909667969 -0.0433807373046875 -0.00637245178222656 0.00879096984863281
0.00794219970703125 -0.0494194030761719 -0.0102119445800781 0.0200176239013672
0.0178756713867188 -0.0502281188964844 -0.0211658477783203 0.0194606781005859
0.0343475341796875 -0.0384597778320313 -0.0297489166259766 0.0197849273681641
0.0450363159179688 -0.0269660949707031 -0.0291461944580078 0.00648117065429688
0.0526657104492188 -0.002655029296875 -0.02728271484375 -0.00302505493164062
0.0599479675292969 0.0164222717285156 -0.0092325210571289 0.00604152679443359
0.0566368103027344 0.0299110412597656 -0.00123214721679687 0.0291996002197266
0.0501213073730469 0.0388755798339844 0.036376953125 -0.00713348388671875
0.0606803894042969 0.0306434631347656 0.0475616455078125 0.0147628784179688
0.0565414428710937 0.0118446350097656 0.0398483276367188 0.00883102416992188
0.0545692443847656 -0.0080108642578125 0.03643798828125 0.000667572021484374
0.0398750305175781 -0.0253028869628906 0.0220775604248047 -0.00503921508789063
0.0218849182128906 -0.0421104431152344 0.00655603408813477 -0.00529193878173828
0.00722885131835938 -0.0412750244140625 0.000913619995117189 0.0121622085571289
0.00827407836914062 -0.0378074645996094 -0.00325584411621094 0.0265121459960937
0.00709152221679688 -0.0429878234863281 -0.00858306884765625 0.0361366271972656
0.01690673828125 -0.0442008972167969 -0.0215110778808594 0.0337867736816406
0.0331058502197266 -0.0333576202392578 -0.0300064086914062 0.0290699005126953
0.0436172485351562 -0.0234603881835938 -0.0286102294921875 0.010986328125
0.0510940551757813 0.00226211547851563 -0.0212383270263672 -0.0014190673828125
0.056182861328125 0.0217857360839844 0.00670051574707032 0.0101337432861328
0.0503616333007813 0.0331192016601563 0.0171661376953125 0.041534423828125
0.0359115600585937 0.0279312133789063 0.0505027770996094 -0.000888824462890623
0.0493698120117188 0.0214042663574219 0.0560569763183594 0.0141067504882813
0.0448837280273438 0.0052642822265625 0.0388069152832031 0.00705337524414063
0.0405616760253906 -0.0112533569335938 0.030242919921875 0.0052642822265625
0.0269298553466797 -0.0233917236328125 0.0171346664428711 0.00480461120605469
0.0112533569335937 -0.0330429077148437 0.00527095794677734 0.009552001953125
0.00197029113769531 -0.0288867950439453 0.00363540649414063 0.0276393890380859
0.0042877197265625 -0.0257625579833984 0.000240325927734379 0.0397872924804687
0.00442695617675782 -0.0306377410888672 -0.00779342651367187 0.0478401184082031
0.0126323699951172 -0.0312995910644531 -0.0243682861328125 0.0442733764648438
0.0269756317138672 -0.0234451293945313 -0.0328006744384766 0.0346393585205078
0.0360031127929688 -0.0155029296875 -0.0293960571289063 0.0145244598388672
0.041656494140625 0.00687026977539063 -0.0167617797851562 0.00183773040771484
0.0434036254882813 0.0228958129882813 0.0176372528076172 0.0163726806640625
0.0352897644042969 0.0309715270996094 0.0299339294433594 0.0539817810058594
0.0157871246337891 0.0148696899414063 0.0584526062011719 -0.000396728515624999
0.0292758941650391 0.0119495391845703 0.0587692260742188 0.00983810424804688
0.0257930755615234 -0.000268936157226563 0.0361557006835938 0.00530242919921875
0.0200977325439453 -0.00945663452148438 0.0259838104248047 0.00842857360839844
0.0108699798583984 -0.0152511596679687 0.0154399871826172 0.0109643936157227
-0.000806808471679688 -0.0176906585693359 0.00661087036132813 0.0201492309570313
-0.00246238708496094 -0.0110816955566406 0.00724029541015625 0.0369453430175781
-0.000471115112304688 -0.00930118560791016 0.0031585693359375 0.0470390319824219
-7.62939453124855E-06 -0.0137405395507813 -0.00815582275390625 0.055145263671875
0.00454902648925781 -0.0159425735473633 -0.0276679992675781 0.0499153137207031
0.0150270462036133 -0.0132217407226563 -0.035736083984375 0.0372085571289062
0.0221061706542969 -0.00821304321289063 -0.0314674377441406 0.017608642578125
0.0258998870849609 0.00730133056640625 -0.0153903961181641 0.00497150421142578
0.0252456665039062 0.0178050994873047 0.0223255157470703 0.0226249694824219
0.0163326263427734 0.0223007202148438 0.0367240905761719 0.0638961791992188
0.00249958038330078 0.00467538833618164 -0.0372352600097656 -0.0552597045898438
-0.00216579437255859 -0.00337529182434082 -0.0144824981689453 -0.0215835571289063
-0.00630760192871094 0.00217390060424805 0.0174636840820313 -0.00266456604003906
-0.000219345092773437 0.00679874420166016 0.0411262512207031 -0.0169601440429687
0.00374889373779297 0.00329875946044922 0.0417327880859375 -0.0351142883300781
0.00399041175842285 -0.00103306770324707 0.027587890625 -0.055206298828125
0.0029144287109375 -0.00714969635009766 0.00677871704101563 -0.057525634765625
0.0032191276550293 -0.00540781021118164 -0.00741195678710938 -0.045318603515625
0.00280332565307617 -0.00485324859619141 -0.0131816864013672 -0.0342178344726563
0.00523519515991211 -0.00356817245483398 -0.0139656066894531 -0.0245800018310547
0.00570583343505859 0.00117397308349609 -0.0233554840087891 -0.0138626098632813
-0.000505924224853516 0.00589084625244141 -0.0272045135498047 -0.00933074951171874
-0.00771760940551758 -0.000565052032470702 -0.0364036560058594 -0.01104736328125
-0.00237274169921875 -0.00708532333374023 -0.0549583435058594 -0.00616073608398437
-0.00112879276275635 -0.00182127952575684 -0.0573463439941406 -0.0031890869140625
0.0228900909423828 0.0208206176757813 -0.0301856994628906 -0.0513725280761719
0.0187721252441406 0.0098724365234375 -0.005859375 -0.0172500610351563
0.0130128860473633 0.00957012176513672 0.0232696533203125 -0.00159454345703125
0.0183982849121094 0.00704002380371094 0.0438880920410156 -0.0162277221679688
0.0200309753417969 -0.00231361389160156 0.0417060852050781 -0.0330734252929687
0.0152301788330078 -0.0148553848266602 0.0271949768066406 -0.0527992248535156
0.00781059265136719 -0.0238189697265625 0.0058441162109375 -0.0521965026855469
0.00668525695800782 -0.0215377807617188 -0.00849533081054688 -0.0387725830078125
0.0057525634765625 -0.0232944488525391 -0.014984130859375 -0.0262184143066406
0.0122470855712891 -0.0232696533203125 -0.0180625915527344 -0.0196743011474609
0.0185775756835938 -0.0138702392578125 -0.0271644592285156 -0.00940132141113281
0.0167779922485352 -0.00422382354736328 -0.0282173156738281 -0.00748062133789062
0.0124874114990234 -6.67572021484375E-06 -0.036407470703125 -0.00732421875
0.0191287994384766 0.000734329223632813 -0.0491218566894531 -0.00190353393554687
0.0212535858154297 0.00810813903808594 -0.0513153076171875 0.00207138061523438
0.0395965576171875 0.0337982177734375 -0.0164031982421875 -0.0418815612792969
0.0381393432617188 0.0232963562011719 0.00665998458862305 -0.0087738037109375
0.0323696136474609 0.0158634185791016 0.0290546417236328 0.00224685668945313
0.03765869140625 0.00620269775390625 0.0469818115234375 -0.0136795043945313
0.0341148376464844 -0.00823211669921875 0.0405120849609375 -0.0300674438476563
0.0249366760253906 -0.0273628234863281 0.0240516662597656 -0.0465660095214844
0.0112648010253906 -0.0368461608886719 0.00464630126953125 -0.0407981872558594
0.0097198486328125 -0.0345973968505859 -0.00916099548339844 -0.0255374908447266
0.007598876953125 -0.0386886596679687 -0.0148000717163086 -0.0134639739990234
0.0156478881835938 -0.0387382507324219 -0.0207748413085938 -0.00914382934570313
0.0270900726318359 -0.0271110534667969 -0.0292892456054688 -0.0015716552734375
0.0305576324462891 -0.0157508850097656 -0.0299320220947266 -0.00343513488769531
0.0307693481445313 -0.00205421447753906 -0.0355911254882813 -0.00515365600585937
0.0385818481445313 0.00607681274414063 -0.0399398803710938 0.00178527832031251
0.0400848388671875 0.0159568786621094 -0.03839111328125 0.00907135009765624
0.0514602661132813 0.0423622131347656 0.000434875488281254 -0.0289688110351562
0.0533981323242187 0.0322799682617187 0.0203018188476563 0.00326728820800781
0.0491142272949219 0.0196723937988281 0.0350131988525391 0.00681304931640625
0.0518569946289063 0.00295257568359375 0.0464019775390625 -0.00909805297851562
0.04400634765625 -0.0152244567871094 0.0349979400634766 -0.0236167907714844
0.02960205078125 -0.0375747680664063 0.0181922912597656 -0.0352439880371094
0.0123329162597656 -0.04461669921875 0.00193214416503906 -0.0248031616210938
0.0114631652832031 -0.0415229797363281 -0.00752019882202148 -0.00862979888916016
0.0085296630859375 -0.0473365783691406 -0.0128459930419922 0.00293445587158203
0.016876220703125 -0.0484237670898438 -0.0212421417236328 0.00437736511230468
0.031707763671875 -0.0366363525390625 -0.0299186706542969 0.00878334045410156
0.0396308898925781 -0.0242652893066406 -0.0297412872314453 0.00137710571289062
0.044647216796875 -0.00360488891601562 -0.0321903228759766 -0.00369834899902343
0.053009033203125 0.0110015869140625 -0.0250282287597656 0.00392532348632812
0.0522537231445313 0.0238151550292969 -0.0216007232666016 0.0179767608642578
0.0548934936523438 0.0436592102050781 0.0194530487060547 -0.0171451568603516
0.0609512329101562 0.0342063903808594 0.0339565277099609 0.0113849639892578
0.0575218200683594 0.0171165466308594 0.0386085510253906 0.0101852416992188
0.0580482482910156 -0.0023193359375 0.0424880981445313 -0.00397109985351563
0.0457038879394531 -0.0222244262695313 0.028564453125 -0.0144596099853516
0.0280494689941406 -0.0420608520507813 0.0117073059082031 -0.0211429595947266
0.0104217529296875 -0.045745849609375 0.000545978546142579 -0.00602245330810547
0.0100746154785156 -0.0430030822753906 -0.00612449645996094 0.00937271118164062
0.0077667236328125 -0.0482215881347656 -0.0106372833251953 0.0197067260742187
0.01708984375 -0.0490226745605469 -0.0215644836425781 0.0201053619384766
0.0337257385253906 -0.0379562377929687 -0.0303306579589844 0.0196342468261719
0.0442733764648438 -0.0276641845703125 -0.0293769836425781 0.00601005554199219
0.0516700744628906 -0.00221633911132813 -0.0275058746337891 -0.00223350524902344
0.0588722229003906 0.0158882141113281 -0.00958061218261719 0.00615406036376953
0.0552597045898438 0.02935791015625 -0.00210952758789062 0.0287399291992188
0.0483741760253906 0.0374069213867188 0.0362167358398438 -0.00594711303710937
0.0594215393066406 0.0290260314941406 0.047027587890625 0.0152053833007813
0.0551414489746094 0.0122642517089844 0.0397148132324219 0.00968551635742187
0.05352783203125 -0.0079803466796875 0.0365333557128906 0.00147628784179687
0.0391273498535156 -0.0246009826660156 0.0214519500732422 -0.00441551208496094
0.021087646484375 -0.0407791137695313 0.00684595108032227 -0.00488567352294922
0.0071258544921875 -0.0399055480957031 0.00162124633789063 0.0120830535888672
0.00769805908203125 -0.0362358093261719 -0.00250625610351563 0.0268344879150391
0.00642013549804687 -0.0414085388183594 -0.00865936279296874 0.0359992980957031
0.0160560607910156 -0.0424537658691406 -0.0224609375 0.0334358215332031
0.0323371887207031 -0.0330314636230469 -0.0307407379150391 0.0283737182617188
0.0424995422363281 -0.0228042602539062 -0.0289230346679687 0.0111675262451172
0.0500907897949219 0.00249862670898438 -0.0216617584228516 -0.000698089599609377
0.0545768737792969 0.0212135314941406 0.00575351715087891 0.0102138519287109
0.0490760803222656 0.0313339233398438 0.0157585144042969 0.0414962768554687
0.0357208251953125 0.0262870788574219 0.0500030517578125 -0.000602722167968748
0.0483627319335938 0.0208663940429688 0.0552520751953125 0.0150833129882813
0.0440711975097656 0.00575637817382813 0.0384407043457031 0.00852584838867187
0.0391502380371094 -0.0110244750976562 0.0301666259765625 0.00637245178222656
0.0255050659179688 -0.0231227874755859 0.0173931121826172 0.00523185729980469
0.0107555389404297 -0.0317649841308594 0.00509452819824219 0.0103740692138672
0.00221824645996094 -0.0273361206054688 0.00406265258789062 0.0273227691650391
0.00397682189941406 -0.0241127014160156 -1.90734863281286E-05 0.0397109985351563
0.00411796569824218 -0.0297393798828125 -0.007659912109375 0.0467948913574219
0.0114669799804687 -0.0308322906494141 -0.0237617492675781 0.0436935424804688
0.0258712768554688 -0.0233516693115234 -0.0332164764404297 0.0336875915527344
0.0348072052001953 -0.01544189453125 -0.0287284851074219 0.0152072906494141
0.0404167175292969 0.00640487670898438 -0.0161685943603516 0.00177955627441406
0.0433464050292969 0.0225372314453125 0.0171699523925781 0.0161504745483398
0.03558349609375 0.0297508239746094 0.028533935546875 0.0536422729492188
0.0151891708374023 0.0134363174438477 0.058319091796875 0.000198364257812501
0.0282726287841797 0.0114402770996094 0.0586967468261719 0.00923919677734375
0.0252246856689453 -0.000837326049804688 0.0353813171386719 0.0064544677734375
0.0200042724609375 -0.0101356506347656 0.0256881713867188 0.00945281982421875
0.0100908279418945 -0.0153255462646484 0.0156230926513672 0.0118770599365234
-0.000394821166992188 -0.016448974609375 0.00722503662109375 0.0204143524169922
-0.00261497497558594 -0.00943183898925781 0.00777053833007813 0.0359039306640625
-0.000644683837890625 -0.00919532775878906 0.00409698486328125 0.0455665588378906
-0.000372886657714845 -0.0124530792236328 -0.0074920654296875 0.0536651611328125
0.00369834899902344 -0.0155258178710938 -0.0275917053222656 0.0493125915527344
0.0142631530761719 -0.0127096176147461 -0.0353012084960938 0.036712646484375
0.0214939117431641 -0.00877571105957031 -0.0313987731933594 0.0166473388671875
0.0244903564453125 0.00651931762695313 -0.0158367156982422 0.00501441955566406
0.0250587463378906 0.0172939300537109 0.0211944580078125 0.0222988128662109
0.0162067413330078 0.0204238891601563 0.03472900390625 0.0624122619628906
0.00273036956787109 0.00474643707275391 -0.0365562438964844 -0.0559730529785156
-0.00182628631591797 -0.00337409973144531 -0.014129638671875 -0.0212135314941406
-0.00626039505004883 0.00198078155517578 0.0180320739746094 -0.00225448608398438
-0.000742912292480469 0.00671815872192383 0.0423965454101563 -0.0157394409179688
0.00385880470275879 0.00314903259277344 0.0420303344726562 -0.0347251892089844
0.00463485717773438 -0.00124073028564453 0.0288238525390625 -0.0551643371582031
0.00281667709350586 -0.00792026519775391 0.0075531005859375 -0.058349609375
0.00305938720703125 -0.00598573684692383 -0.00733184814453125 -0.045013427734375
0.00314950942993164 -0.00460958480834961 -0.0134372711181641 -0.0343685150146484
0.00660610198974609 -0.00337457656860352 -0.0150852203369141 -0.0259246826171875
0.00611305236816406 0.000703811645507813 -0.0244617462158203 -0.0142745971679687
0.000174522399902344 0.00671768188476563 -0.0273094177246094 -0.0103683471679687
-0.00777912139892578 0.000194549560546874 -0.0373153686523438 -0.0122795104980469
-0.00325822830200195 -0.00615978240966797 -0.0557785034179688 -0.00698471069335936
-0.00187993049621582 -0.00125408172607422 -0.0583152770996094 -0.00347518920898437
0.0230655670166016 0.0208225250244141 -0.0283584594726562 -0.0518646240234375
0.0189666748046875 0.0104389190673828 -0.0051431655883789 -0.0165901184082031
0.0130777359008789 0.010106086730957 0.0235939025878906 -0.000297546386718749
0.0189228057861328 0.00672149658203125 0.0448570251464844 -0.0148468017578125
0.0203227996826172 -0.00322532653808594 0.0429496765136719 -0.0326423645019531
0.0157365798950195 -0.015009880065918 0.0276870727539062 -0.0533485412597656
0.00794792175292969 -0.0246372222900391 0.00678634643554687 -0.0524215698242187
0.00708961486816406 -0.0224838256835938 -0.00832748413085937 -0.0377006530761719
0.006317138671875 -0.0239315032958984 -0.0153999328613281 -0.0264301300048828
0.012969970703125 -0.0233612060546875 -0.0195522308349609 -0.0210437774658203
0.0191078186035156 -0.0136203765869141 -0.0274085998535156 -0.0106143951416016
0.0175104141235352 -0.00374221801757812 -0.0287456512451172 -0.00806617736816406
0.0123844146728516 0.000837326049804688 -0.0369529724121094 -0.00910568237304688
0.0187034606933594 0.00171661376953125 -0.0504417419433594 -0.00235748291015625
0.0212593078613281 0.00874519348144531 -0.0529937744140625 0.00154113769531251
0.0402984619140625 0.0347061157226563 -0.0153236389160156 -0.0426216125488281
0.0379104614257812 0.02398681640625 0.00679349899291992 -0.00696802139282226
0.0328807830810547 0.0167751312255859 0.0293312072753906 0.00384712219238281
0.0377159118652344 0.00601577758789063 0.0471153259277344 -0.0114707946777344
0.0352058410644531 -0.00864410400390625 0.0402946472167969 -0.0288200378417969
0.02508544921875 -0.0276222229003906 0.0240554809570313 -0.0462226867675781
0.0117111206054687 -0.0373992919921875 0.00535583496093751 -0.0409393310546875
0.00989341735839844 -0.0349311828613281 -0.00878524780273438 -0.0244102478027344
0.00780105590820313 -0.0385856628417969 -0.0148658752441406 -0.013209342956543
0.0163917541503906 -0.0389518737792969 -0.0218524932861328 -0.00918960571289063
0.0275592803955078 -0.0271492004394531 -0.0305709838867188 -0.0008392333984375
0.0313491821289063 -0.0157546997070313 -0.0302906036376953 -0.00427436828613282
0.0314102172851563 -0.0012664794921875 -0.0353240966796875 -0.00576400756835937
0.0379066467285156 0.00721359252929688 -0.0404434204101562 0.00165939331054687
0.0396156311035156 0.0173454284667969 -0.0402450561523438 0.00915908813476563
0.05078125 0.0434112548828125 0.00150299072265626 -0.0296878814697266
0.053253173828125 0.0318565368652344 0.0212535858154297 0.00367164611816406
0.04949951171875 0.0200958251953125 0.0346164703369141 0.00916099548339844
0.0527114868164063 0.00273895263671875 0.0473861694335938 -0.007171630859375
0.0447883605957031 -0.0153961181640625 0.0355110168457031 -0.0229682922363281
0.0301742553710938 -0.0373344421386719 0.0187225341796875 -0.035308837890625
0.0132293701171875 -0.0452308654785156 0.00248908996582031 -0.0243568420410156
0.0111961364746094 -0.0424041748046875 -0.00822877883911133 -0.0081944465637207
0.00893402099609374 -0.0470085144042969 -0.0139198303222656 0.00320148468017578
0.0172271728515625 -0.0478363037109375 -0.0224475860595703 0.00523757934570313
0.0326614379882813 -0.0363082885742188 -0.0305385589599609 0.0088958740234375
0.0400962829589844 -0.0240859985351562 -0.0307693481445312 0.0013885498046875
0.0453720092773438 -0.00236129760742188 -0.0331001281738281 -0.00347518920898437
0.0524940490722656 0.0122146606445312 -0.0263519287109375 0.00424575805664062
0.052337646484375 0.0246505737304688 -0.0230140686035156 0.0191898345947266
0.0545616149902344 0.044158935546875 0.0202369689941406 -0.0159492492675781
0.0608711242675781 0.0347518920898438 0.0348300933837891 0.0130577087402344
0.0575752258300781 0.0191268920898438 0.0381965637207031 0.0116653442382813
0.058197021484375 -0.00248336791992188 0.0435676574707031 -0.00160980224609375
0.0466270446777344 -0.0222892761230469 0.0286865234375 -0.0131206512451172
0.029266357421875 -0.04266357421875 0.0117588043212891 -0.0199985504150391
0.0116615295410156 -0.0461082458496094 0.000882148742675782 -0.00532722473144532
0.0106697082519531 -0.0431060791015625 -0.00507164001464844 0.010523796081543
0.00776290893554687 -0.0482635498046875 -0.0109062194824219 0.0205802917480469
0.0167274475097656 -0.0493354797363281 -0.0228633880615234 0.0209579467773437
0.0342750549316406 -0.0391197204589844 -0.0312328338623047 0.0195045471191406
0.0448722839355469 -0.0274810791015625 -0.0304489135742188 0.00579833984374999
0.052520751953125 -0.0014495849609375 -0.0279102325439453 -0.002716064453125
0.0592193603515625 0.0165901184082031 -0.0100812911987305 0.0068817138671875
0.0555076599121094 0.0295753479003906 -0.00394821166992187 0.0302371978759766
0.0496597290039063 0.03765869140625 0.0381088256835938 -0.00620269775390625
0.0589828491210938 0.0299034118652344 0.0472488403320313 0.0171012878417969
0.055816650390625 0.0131988525390625 0.0404434204101563 0.0126762390136719
0.054046630859375 -0.00794219970703125 0.0377388000488281 0.0033721923828125
0.0402374267578125 -0.0245513916015625 0.0216197967529297 -0.00283050537109375
0.0217552185058594 -0.0404548645019531 0.00687313079833985 -0.00362968444824219
0.00705718994140625 -0.0392494201660156 0.00117683410644531 0.0129899978637695
0.007598876953125 -0.0371437072753906 -0.00323295593261719 0.0265445709228516
0.007049560546875 -0.0416793823242188 -0.00839614868164062 0.0361824035644531
0.0155143737792969 -0.0429153442382813 -0.0230255126953125 0.0341091156005859
0.0319252014160156 -0.0332679748535156 -0.0317535400390625 0.0283069610595703
0.0434837341308594 -0.0228614807128906 -0.0299606323242188 0.0103054046630859
0.0508575439453125 0.00304031372070312 -0.0216007232666016 -0.000598907470703123
0.0561103820800781 0.0216712951660156 0.00522994995117188 0.01031494140625
0.0496139526367188 0.0316429138183594 0.0135154724121094 0.0423164367675781
0.0359344482421875 0.0261039733886719 0.0516624450683594 0.000278472900390627
0.0480728149414063 0.0211906433105469 0.0560188293457031 0.0162086486816406
0.0439186096191406 0.00587844848632813 0.0385246276855469 0.0104408264160156
0.0396270751953125 -0.0113410949707031 0.0313720703125 0.00797843933105469
0.0267086029052734 -0.0228195190429688 0.0172290802001953 0.0064697265625
0.00990867614746094 -0.0315380096435547 0.00523471832275391 0.0121059417724609
0.00222206115722656 -0.0269985198974609 0.00429916381835938 0.0275173187255859
0.00366020202636719 -0.0244426727294922 0.000820159912109376 0.0391769409179688
0.00397682189941406 -0.0290718078613281 -0.00824356079101563 0.0476531982421875
0.0115242004394531 -0.0306587219238281 -0.0251922607421875 0.0437698364257813
0.0254020690917969 -0.0232620239257812 -0.0336570739746094 0.0347633361816406
0.0346736907958984 -0.0154781341552734 -0.0303897857666016 0.0139942169189453
0.0411605834960938 0.00705337524414063 -0.0170269012451172 0.00227451324462891
0.0431365966796875 0.0227203369140625 0.0158576965332031 0.0160341262817383
0.035614013671875 0.0299453735351563 0.0272178649902344 0.0543632507324219
0.0160207748413086 0.0132923126220703 0.0596542358398438 0.000354766845703126
0.0286407470703125 0.0112380981445313 0.0592308044433594 0.01165771484375
0.0259075164794922 -0.000257492065429688 0.037109375 0.007568359375
0.0199127197265625 -0.0101890563964844 0.0266265869140625 0.0109634399414063
0.0100345611572266 -0.0157413482666016 0.0162630081176758 0.0127630233764648
-0.00081157684326172 -0.016505241394043 0.00783538818359375 0.0208721160888672
-0.00251388549804687 -0.00968074798583984 0.00829315185546875 0.0356178283691406
-0.000655174255371094 -0.00827121734619141 0.00397872924804687 0.0465927124023437
0.000126838684082031 -0.011749267578125 -0.00744628906249999 0.0534858703613281
0.00305938720703125 -0.0148773193359375 -0.028076171875 0.0494880676269531
0.0140142440795898 -0.0127058029174805 -0.0367851257324219 0.0367660522460938
0.0212612152099609 -0.00914192199707031 -0.0319557189941406 0.0162830352783203
0.0258216857910156 0.00689315795898437 -0.0156288146972656 0.00481128692626953
0.0256385803222656 0.0176773071289063 0.0201759338378906 0.0221633911132813
0.0161075592041016 0.0204906463623047 0.0330467224121094 0.0642852783203125
0.00254297256469727 0.00603628158569336 -0.0363082885742188 -0.0585594177246094
-0.00171375274658203 -0.00274562835693359 -0.0141086578369141 -0.0218849182128906
-0.00575971603393555 0.002685546875 0.0197982788085938 -0.00122451782226562
-0.000263214111328124 0.00635099411010742 0.0433845520019531 -0.01678466796875
0.00498342514038086 0.00357198715209961 0.0439262390136719 -0.0362510681152344
0.00495529174804688 -0.00196743011474609 0.0298881530761719 -0.0575904846191406
0.00388240814208984 -0.00908279418945312 0.00732803344726562 -0.0600776672363281
0.00399589538574219 -0.00707197189331055 -0.00763702392578125 -0.0463981628417969
0.00466060638427734 -0.00577402114868164 -0.0152511596679687 -0.0346851348876953
0.00696992874145508 -0.00469112396240234 -0.0167922973632812 -0.0269584655761719
0.00695562362670898 0.000878810882568359 -0.02520751953125 -0.0155467987060547
0.000448226928710937 0.00669527053833008 -0.0294094085693359 -0.0115604400634766
-0.00813770294189453 0.000486850738525391 -0.0385894775390625 -0.013916015625
-0.0037837028503418 -0.00624179840087891 -0.0586090087890625 -0.00738143920898437
-0.00132656097412109 -0.000406026840209961 -0.0616111755371094 -0.0033111572265625
0.0240364074707031 0.0224189758300781 -0.0286788940429688 -0.0539741516113281
0.0201473236083984 0.0106792449951172 -0.00501060485839844 -0.0167398452758789
0.0142087936401367 0.0104665756225586 0.0250110626220703 8.20159912109381E-05
0.0199489593505859 0.00679206848144531 0.0471611022949219 -0.0149421691894531
0.0210494995117188 -0.00300788879394531 0.0445480346679688 -0.0340652465820313
0.0167579650878906 -0.0156888961791992 0.028839111328125 -0.0540046691894531
0.00817108154296875 -0.0253486633300781 0.00671005249023438 -0.0539665222167969
0.007598876953125 -0.0240345001220703 -0.0093536376953125 -0.0386886596679688
0.00737571716308594 -0.0255298614501953 -0.017303466796875 -0.0264244079589844
0.0134353637695313 -0.0241451263427734 -0.0210361480712891 -0.0211544036865234
0.0201587677001953 -0.0144309997558594 -0.0289344787597656 -0.0105457305908203
0.0186958312988281 -0.00433921813964844 -0.0302352905273438 -0.00927162170410156
0.012995719909668 0.00185585021972656 -0.0387001037597656 -0.0104751586914062
0.0189380645751953 0.00207901000976563 -0.0527572631835938 -0.00250244140625
0.0217952728271484 0.00967788696289063 -0.0558624267578125 0.00289154052734376
0.04193115234375 0.036712646484375 -0.0143470764160156 -0.0433082580566406
0.0404510498046875 0.0246505737304687 0.00730514526367188 -0.00647974014282226
0.0342731475830078 0.0177421569824219 0.0311298370361328 0.00464248657226563
0.0396499633789063 0.005889892578125 0.0497055053710938 -0.0117835998535156
0.0360145568847656 -0.00942611694335938 0.0431671142578125 -0.0293312072753906
0.0264186859130859 -0.0286045074462891 0.0246353149414063 -0.0468063354492188
0.0124549865722656 -0.0385360717773438 0.004974365234375 -0.0416831970214844
0.0101242065429688 -0.0371742248535156 -0.00878143310546875 -0.0250396728515625
0.00887298583984376 -0.040618896484375 -0.0169677734375 -0.0130109786987305
0.0168228149414063 -0.0406608581542969 -0.0241546630859375 -0.00950431823730469
0.0290794372558594 -0.0286693572998047 -0.0325450897216797 -0.00183868408203126
0.0329818725585938 -0.0161113739013672 -0.0318412780761719 -0.0047454833984375
0.0324039459228516 -0.000179290771484375 -0.0381278991699219 -0.0066070556640625
0.0396270751953125 0.00779342651367188 -0.0432281494140625 0.00213241577148438
0.0411834716796875 0.0180320739746094 -0.0427322387695313 0.010955810546875
0.0537071228027344 0.0441741943359375 0.00276374816894532 -0.0305404663085937
0.0560111999511719 0.0338592529296875 0.0218353271484375 0.00541114807128906
0.0510063171386719 0.0217857360839844 0.0366973876953125 0.0100364685058594
0.0547599792480469 0.00252151489257813 0.0496330261230469 -0.00635910034179688
0.0462455749511719 -0.0165634155273438 0.0374183654785156 -0.0228729248046875
0.0310478210449219 -0.0386581420898438 0.0177841186523438 -0.0352668762207031
0.013702392578125 -0.0462074279785156 0.00213813781738282 -0.0243778228759766
0.0115776062011719 -0.0441207885742187 -0.00830650329589844 -0.00726699829101563
0.008697509765625 -0.0491180419921875 -0.0145463943481445 0.00427532196044922
0.0177192687988281 -0.0502090454101562 -0.0252876281738281 0.00603294372558593
0.0340156555175781 -0.0383987426757813 -0.03338623046875 0.00949668884277343
0.0420913696289063 -0.0258941650390625 -0.0327167510986328 0.000783920288085943
0.0479736328125 -0.00230789184570313 -0.0345706939697266 -0.00335121154785156
0.0552978515625 0.0125503540039063 -0.0283279418945312 0.00489044189453126
0.0541305541992188 0.0253639221191406 -0.0245647430419922 0.0207977294921875
0.0563774108886719 0.0450668334960938 0.0226974487304688 -0.0169715881347656
0.0633125305175781 0.0360755920410156 0.0365715026855469 0.0139656066894531
0.0604019165039063 0.020111083984375 0.040771484375 0.0138893127441406
0.0612258911132813 -0.0030364990234375 0.0460395812988281 -0.000881195068359375
0.048065185546875 -0.0225181579589844 0.0302791595458984 -0.0124282836914063
0.0296745300292969 -0.0434837341308594 0.0110435485839844 -0.0197963714599609
0.0116920471191406 -0.0476837158203125 0.00105524063110352 -0.00540590286254883
0.0110549926757813 -0.0444717407226563 -0.00545310974121093 0.0111770629882812
0.00797271728515626 -0.0500946044921875 -0.0121250152587891 0.0224666595458984
0.0163726806640625 -0.0515060424804688 -0.024566650390625 0.0213718414306641
0.0351066589355469 -0.0399436950683594 -0.0335617065429688 0.0205097198486328
0.04608154296875 -0.0288276672363281 -0.0325603485107422 0.00583648681640625
0.0547866821289062 -0.000667572021484375 -0.02911376953125 -0.00184059143066406
0.0619926452636719 0.0173072814941406 -0.0115203857421875 0.00753307342529297
0.0581130981445312 0.0304985046386719 -0.00494575500488281 0.0326290130615234
0.0516395568847656 0.0387802124023438 0.0407142639160156 -0.00598526000976562
0.0611190795898438 0.0307159423828125 0.0503196716308594 0.0188865661621094
0.0583343505859375 0.0138587951660156 0.0418319702148438 0.0139846801757812
0.0560111999511719 -0.008453369140625 0.0395126342773438 0.0047454833984375
0.0414848327636719 -0.0258865356445313 0.0234432220458984 -0.00193023681640625
0.0215988159179688 -0.0423240661621094 0.00630044937133789 -0.00261926651000977
0.00722122192382812 -0.0411415100097656 0.00159454345703125 0.0137615203857422
0.00777435302734375 -0.0379486083984375 -0.00241851806640625 0.0283317565917969
0.00616836547851563 -0.0425758361816406 -0.00885391235351563 0.0376815795898438
0.014892578125 -0.0444374084472656 -0.0248222351074219 0.0360984802246094
0.0329608917236328 -0.0349025726318359 -0.0337886810302734 0.0296115875244141
0.0438385009765625 -0.0250396728515625 -0.0321865081787109 0.0110931396484375
0.0530433654785156 0.00343704223632812 -0.0229568481445312 -0.000217437744140628
0.0583457946777344 0.0219497680664062 0.00442123413085938 0.0113077163696289
0.0521278381347656 0.0322189331054688 0.0132865905761719 0.0447235107421875
0.0365066528320313 0.0273475646972656 0.054229736328125 -0.000522613525390623
0.0493125915527344 0.0210952758789063 0.0581855773925781 0.0174713134765625
0.0454559326171875 0.006317138671875 0.0406875610351563 0.0118598937988281
0.0415992736816406 -0.0116348266601562 0.0332584381103516 0.00895881652832031
0.0272998809814453 -0.0239448547363281 0.0183563232421875 0.00841522216796875
0.0101680755615234 -0.0328426361083984 0.00585269927978516 0.0125017166137695
0.00149726867675781 -0.0275592803955078 0.00454330444335938 0.0290699005126953
0.00424385070800781 -0.0257949829101563 0.000930786132812501 0.0409202575683594
0.00392723083496094 -0.0291557312011719 -0.0087738037109375 0.0495719909667969
0.0106945037841797 -0.03076171875 -0.0268058776855469 0.0460586547851563
0.0263824462890625 -0.0244293212890625 -0.0353355407714844 0.0362167358398437
0.0358772277832031 -0.0162734985351563 -0.0320796966552734 0.0147457122802734
0.042572021484375 0.00767135620117187 -0.0184764862060547 0.00230026245117187
0.0455322265625 0.0227203369140625 0.0161552429199219 0.0169363021850586
0.0365715026855469 0.0298194885253906 0.0271987915039063 0.0577621459960937
0.0157432556152344 0.0134572982788086 0.0621795654296875 2.67028808593758E-05
0.0299701690673828 0.0110321044921875 0.0613861083984375 0.012603759765625
0.0264511108398438 -0.000408172607421875 0.0382461547851563 0.00886154174804688
0.0206069946289063 -0.0110187530517578 0.0283603668212891 0.0127849578857422
0.00972461700439453 -0.0161962509155273 0.0175237655639648 0.0142812728881836
-0.00158309936523438 -0.016474723815918 0.00857734680175781 0.0226974487304687
-0.00248336791992188 -0.00980091094970703 0.0097198486328125 0.0370101928710938
-0.000234603881835937 -0.00848579406738281 0.00562286376953125 0.0470733642578125
-0.000815391540527343 -0.0114822387695313 -0.0078277587890625 0.0557708740234375
0.00269126892089844 -0.015101432800293 -0.0291633605957031 0.0517921447753906
0.0133543014526367 -0.0141515731811523 -0.0380516052246094 0.0378456115722656
0.0216751098632813 -0.00868415832519531 -0.0333766937255859 0.0175037384033203
0.0263862609863281 0.00729942321777344 -0.0166635513305664 0.00434684753417969
0.0258960723876953 0.0168952941894531 0.0208091735839844 0.0225200653076172
0.0172748565673828 0.0200767517089844 0.0333595275878906 0.0669784545898438
0.00233745574951172 0.00663089752197266 -0.0384521484375 -0.0604057312011719
-0.00178980827331543 -0.00233745574951172 -0.0156612396240234 -0.0218696594238281
-0.00674676895141602 0.00294923782348633 0.0205326080322266 -0.00210189819335938
0.000759601593017578 0.00675535202026367 0.0454216003417969 -0.0183219909667969
0.00628471374511719 0.00219821929931641 0.0454368591308594 -0.0398178100585938
0.0056767463684082 -0.00255155563354492 0.0293998718261719 -0.0606002807617188
0.0030059814453125 -0.00995922088623047 0.00548553466796874 -0.062103271484375
0.00434684753417969 -0.00826930999755859 -0.0103874206542969 -0.0473060607910156
0.00520086288452149 -0.00663566589355469 -0.0175132751464844 -0.0362396240234375
0.00714969635009766 -0.0048527717590332 -0.0190753936767578 -0.0281734466552734
0.00856542587280273 0.000552177429199219 -0.0281505584716797 -0.0152034759521484
0.00124931335449219 0.00758790969848633 -0.0313701629638672 -0.0124244689941406
-0.00912570953369141 0.00163650512695313 -0.0422325134277344 -0.0140228271484375
-0.00486993789672851 -0.00515317916870117 -0.0617752075195313 -0.00629806518554689
-0.00165832042694092 0.000765442848205566 -0.0653038024902344 -0.000633239746093747
0.0260124206542969 0.0233917236328125 -0.0299568176269531 -0.0550308227539062
0.0214290618896484 0.0107879638671875 -0.0052347183227539 -0.0173683166503906
0.0151853561401367 0.0112133026123047 0.0260963439941406 0.000778198242187501
0.0217571258544922 0.00570106506347656 0.0484695434570313 -0.0169639587402344
0.0226097106933594 -0.00458908081054688 0.0452919006347656 -0.0372581481933594
0.0176773071289063 -0.0172309875488281 0.0281791687011719 -0.0576705932617188
0.00780296325683594 -0.0280704498291016 0.00478744506835938 -0.05615234375
0.00802803039550782 -0.0266208648681641 -0.01055908203125 -0.0392913818359375
0.00722122192382813 -0.0269851684570313 -0.0201244354248047 -0.0265216827392578
0.0131320953369141 -0.0258312225341797 -0.0243148803710938 -0.0212688446044922
0.0214138031005859 -0.0157051086425781 -0.0321559906005859 -0.0112380981445313
0.0192909240722656 -0.00485992431640625 -0.0331802368164063 -0.00973129272460938
0.0141925811767578 0.00200366973876953 -0.0411262512207031 -0.00976562500000001
0.0192451477050781 0.00253486633300781 -0.05621337890625 -0.000526428222656254
0.0232200622558594 0.00928115844726563 -0.0596237182617188 0.00536346435546875
0.0448875427246094 0.0359306335449219 -0.0142707824707031 -0.0455856323242187
0.0427932739257813 0.0247764587402344 0.00857543945312501 -0.00571012496948242
0.0368766784667969 0.0173912048339844 0.0339088439941406 0.00571060180664063
0.0416412353515625 0.00542831420898438 0.0528450012207031 -0.0131797790527344
0.0385665893554688 -0.0110626220703125 0.0444755554199219 -0.0309791564941406
0.0259113311767578 -0.0316066741943359 0.0235023498535156 -0.0496406555175781
0.0113487243652344 -0.0415153503417969 0.0036773681640625 -0.0428085327148438
0.00995635986328125 -0.0403175354003906 -0.00976753234863281 -0.0242061614990234
0.00774383544921875 -0.0420417785644531 -0.01824951171875 -0.0118236541748047
0.0162239074707031 -0.0435142517089844 -0.0277843475341797 -0.00812530517578125
0.0290412902832031 -0.03106689453125 -0.0358619689941406 -0.00155258178710937
0.0338592529296875 -0.0184078216552734 -0.0349769592285156 -0.00458526611328125
0.0331077575683594 -0.0006256103515625 -0.0410804748535156 -0.00616073608398437
0.0410652160644531 0.0076141357421875 -0.0453071594238281 0.00434494018554688
0.0439186096191406 0.0173377990722656 -0.0461158752441406 0.0135688781738281
0.0574798583984375 0.0456466674804688 0.00317764282226563 -0.0310039520263672
0.0595321655273437 0.0322113037109375 0.023956298828125 0.00646781921386719
0.0544242858886719 0.0216751098632813 0.0399398803710938 0.0120201110839844
0.0577125549316406 0.000263214111328125 0.0524330139160156 -0.0069122314453125
0.0483055114746094 -0.0191879272460938 0.0388298034667969 -0.0239067077636719
0.0314483642578125 -0.0422019958496094 0.0189208984375 -0.0367813110351563
0.0120582580566406 -0.0492630004882813 0.00314521789550781 -0.0257759094238281
0.0109672546386719 -0.0478782653808594 -0.00924491882324219 -0.00662612915039063
0.00635528564453125 -0.0524559020996094 -0.0167236328125 0.00584220886230468
0.016754150390625 -0.0542678833007812 -0.0255699157714844 0.00862312316894531
0.0347175598144531 -0.04217529296875 -0.0347080230712891 0.0116195678710937
0.0438232421875 -0.0286865234375 -0.0348415374755859 0.00225830078125
0.0500602722167969 -0.00314712524414063 -0.036529541015625 -0.00212860107421874
0.0572242736816406 0.0113525390625 -0.0298976898193359 0.00606727600097657
0.0578536987304688 0.0241775512695313 -0.0269565582275391 0.0229721069335937
0.0611991882324219 0.0439529418945313 0.0235118865966797 -0.0180873870849609
0.0665817260742187 0.0346183776855469 0.0391426086425781 0.0147056579589844
0.0644798278808594 0.0198516845703125 0.0433731079101563 0.0144996643066406
0.0626487731933594 -0.00484848022460938 0.0497474670410156 -0.00020599365234375
0.0497055053710938 -0.0250663757324219 0.031768798828125 -0.0129299163818359
0.0291938781738281 -0.0464706420898438 0.0111751556396484 -0.0183601379394531
0.0100936889648438 -0.0498313903808594 0.00108051300048828 -0.00579690933227539
0.00979995727539062 -0.046875 -0.00491619110107422 0.0123500823974609
0.006561279296875 -0.0523109436035156 -0.0124187469482422 0.0235729217529297
0.0161323547363281 -0.053192138671875 -0.0266284942626953 0.0247745513916016
0.03533935546875 -0.0441017150878906 -0.0353622436523437 0.0223426818847656
0.0472831726074219 -0.0318183898925781 -0.0353660583496094 0.00780105590820313
0.0573577880859375 -0.002960205078125 -0.0312671661376953 -0.000951766967773436
0.0651321411132812 0.0160675048828125 -0.0133771896362305 0.00971412658691406
0.0621223449707031 0.0286178588867187 -0.00570678710937499 0.0354576110839844
0.0544815063476563 0.0378837585449219 0.0429534912109375 -0.00799560546875
0.0650520324707031 0.0288734436035156 0.0529365539550781 0.0189895629882813
0.0615158081054687 0.0135498046875 0.0439796447753906 0.0147056579589844
0.056976318359375 -0.0108299255371094 0.0421524047851563 0.00484848022460937
0.04254150390625 -0.0290946960449219 0.0248126983642578 -0.00162124633789063
0.0210609436035156 -0.0437164306640625 0.00710439682006836 -0.000859737396240237
0.00706100463867187 -0.0427131652832031 0.00231838226318359 0.0147781372070312
0.00621414184570312 -0.0409088134765625 -0.00131416320800782 0.0300083160400391
0.00526046752929687 -0.0445899963378906 -0.00909042358398438 0.0396957397460938
0.0136833190917969 -0.0464630126953125 -0.0246772766113281 0.040008544921875
0.0327796936035156 -0.0382118225097656 -0.0354156494140625 0.0336494445800781
0.045318603515625 -0.0272674560546875 -0.0339202880859375 0.0122222900390625
0.0550804138183594 0.000797271728515625 -0.0250663757324219 0.000234603881835938
0.0607681274414062 0.020751953125 0.00506305694580078 0.0119524002075195
0.0557823181152344 0.0314674377441406 0.0143852233886719 0.0482330322265625
0.0394134521484375 0.0270843505859375 0.0578956604003906 -0.00133514404296875
0.052825927734375 0.0204963684082031 0.0625152587890625 0.0171775817871094
0.0488967895507813 0.006011962890625 0.0438690185546875 0.0130500793457031
0.0423393249511719 -0.0147972106933594 0.0367050170898438 0.00905990600585937
0.0260066986083984 -0.0266933441162109 0.0201568603515625 0.00898170471191406
0.00895118713378906 -0.0341930389404297 0.00696372985839844 0.0142898559570313
0.000545501708984378 -0.0286636352539062 0.00511360168457031 0.0294342041015625
0.00373268127441406 -0.0260219573974609 0.0033111572265625 0.0425643920898438
0.00288009643554687 -0.0309429168701172 -0.00681686401367187 0.0513267517089844
0.00927734375 -0.0325069427490234 -0.0266876220703125 0.049896240234375
0.0251216888427734 -0.0277595520019531 -0.0358963012695313 0.0396957397460938
0.03680419921875 -0.0186500549316406 -0.0339717864990234 0.01629638671875
0.0443649291992188 0.00664520263671875 -0.0196037292480469 0.0032501220703125
0.0482826232910156 0.0222816467285156 0.01739501953125 0.0186958312988281
0.0392494201660156 0.028564453125 0.0294761657714844 0.0606346130371094
0.0174064636230469 0.0116691589355469 0.066986083984375 -0.00226211547851562
0.0309619903564453 0.00919723510742188 0.0648422241210938 0.0109138488769531
0.029388427734375 -0.00206756591796875 0.0405769348144531 0.00916290283203125
0.0212135314941406 -0.0122051239013672 0.0302047729492188 0.0134983062744141
0.00865840911865234 -0.01739501953125 0.0185985565185547 0.0159530639648438
-0.00410366058349609 -0.0164375305175781 0.0102195739746094 0.0246067047119141
-0.00340127944946289 -0.00820064544677735 0.0109176635742187 0.036651611328125
-0.00143241882324219 -0.00816154479980469 0.00783157348632812 0.0483474731445313
-0.00134372711181641 -0.0112638473510742 -0.00727081298828125 0.0579605102539063
0.00208377838134766 -0.0146923065185547 -0.0297126770019531 0.0551872253417969
0.0140199661254883 -0.0154199600219727 -0.0380783081054688 0.0425567626953125
0.0214385986328125 -0.0111465454101563 -0.0343761444091797 0.0197200775146484
0.0277271270751953 0.00642585754394531 -0.0184078216552734 0.00502586364746094
0.0262355804443359 0.0148410797119141 0.0212593078613281 0.0221824645996094
0.0180587768554688 0.0184516906738281 0.0356063842773438 0.0680465698242188
0.00467157363891601 0.00769901275634766 -0.0428695678710937 -0.05731201171875
-0.00281286239624023 -0.00244808197021484 -0.0160694122314453 -0.0208816528320313
-0.00622367858886719 0.00376796722412109 0.0223331451416016 -0.0024566650390625
0.00162220001220703 0.00750303268432617 0.0462722778320313 -0.0217971801757813
0.00563573837280273 0.00305509567260742 0.0445098876953125 -0.0433807373046875
0.00670051574707031 -0.00400495529174805 0.0278205871582031 -0.0639152526855469
0.00456714630126953 -0.0106182098388672 0.00147628784179688 -0.0645790100097656
0.00506782531738281 -0.0083765983581543 -0.013427734375 -0.046630859375
0.00630998611450195 -0.00702905654907227 -0.0188713073730469 -0.0345916748046875
0.0072021484375 -0.00729513168334961 -0.0217494964599609 -0.0263957977294922
0.00972080230712891 0.00148105621337891 -0.0325260162353516 -0.0151424407958984
0.00283956527709961 0.00736856460571289 -0.0326213836669922 -0.0120849609375
-0.00912380218505859 0.00355434417724609 -0.0449485778808594 -0.0130615234375
-0.00634860992431641 -0.00472116470336914 -0.0643043518066406 -0.00378036499023437
-0.00130116939544678 0.000935077667236328 -0.0673027038574219 0.00375747680664062
0.0290279388427734 0.0215740203857422 -0.0351066589355469 -0.0552406311035156
0.0224342346191406 0.0106334686279297 -0.00623321533203125 -0.0166645050048828
0.0170574188232422 0.0126237869262695 0.0275993347167969 -0.00113105773925781
0.0243721008300781 0.00487136840820313 0.0505256652832031 -0.0196418762207031
0.0217475891113281 -0.00687026977539063 0.0447463989257813 -0.0389060974121094
0.0164127349853516 -0.0206375122070313 0.0251541137695313 -0.0594978332519531
0.00656890869140625 -0.0295963287353516 0.00241088867187501 -0.0587882995605469
0.00511932373046875 -0.0285434722900391 -0.0127983093261719 -0.0380783081054688
0.00626564025878906 -0.0282611846923828 -0.0220222473144531 -0.0255775451660156
0.0129318237304688 -0.0258998870849609 -0.0282497406005859 -0.0208282470703125
0.02215576171875 -0.0185356140136719 -0.0337047576904297 -0.00969314575195313
0.0207996368408203 -0.00458717346191406 -0.0368423461914062 -0.00868988037109375
0.0123300552368164 0.00276565551757813 -0.043243408203125 -0.00892639160156249
0.0207042694091797 0.00130844116210938 -0.0576057434082031 0.00327301025390626
0.0235118865966797 0.0107936859130859 -0.0614356994628906 0.0106391906738281
0.0479354858398437 0.0340805053710937 -0.0173492431640625 -0.0468406677246094
0.046966552734375 0.0229377746582031 0.00976848602294922 -0.00605106353759765
0.0379371643066406 0.0168724060058594 0.03533935546875 0.00630569458007813
0.0447158813476563 0.00309371948242188 0.0522346496582031 -0.0163955688476562
0.0392837524414063 -0.0152931213378906 0.0439910888671875 -0.0348930358886719
0.027435302734375 -0.0344791412353516 0.0211601257324219 -0.0508575439453125
0.0102348327636719 -0.0434455871582031 0.000698089599609374 -0.04339599609375
0.00759506225585938 -0.0417404174804688 -0.0110912322998047 -0.0238094329833984
0.00672531127929688 -0.0460128784179688 -0.0195865631103516 -0.0100746154785156
0.0140037536621094 -0.0463104248046875 -0.0287284851074219 -0.0071563720703125
0.0285739898681641 -0.0338077545166016 -0.0366783142089844 0.00264358520507812
0.0353050231933594 -0.0204887390136719 -0.0385208129882813 -0.00253677368164063
0.0341472625732422 -0.00208091735839844 -0.0436859130859375 -0.00324249267578126
0.0433464050292969 0.00652694702148438 -0.0481452941894531 0.00664520263671876
0.0453567504882813 0.0173225402832031 -0.0481300354003906 0.0173988342285156
0.0590133666992188 0.04339599609375 0.00220489501953125 -0.0337562561035156
0.063140869140625 0.0305557250976563 0.0251483917236328 0.00547027587890625
0.0573005676269531 0.0184745788574219 0.04046630859375 0.00981521606445313
0.0617713928222656 -0.00288772583007813 0.0528221130371094 -0.00912094116210938
0.0503501892089844 -0.0221824645996094 0.0397262573242188 -0.0267715454101563
0.0299339294433594 -0.0439376831054688 0.0175933837890625 -0.0372047424316406
0.00864028930664063 -0.0516815185546875 -0.000434875488281251 -0.0252723693847656
0.007354736328125 -0.0485992431640625 -0.00904560089111328 -0.00468254089355469
0.003631591796875 -0.0532608032226563 -0.0164585113525391 0.00798702239990234
0.0141716003417969 -0.0539360046386719 -0.0283107757568359 0.011138916015625
0.0310707092285156 -0.0443572998046875 -0.0370597839355469 0.0133476257324219
0.0438079833984375 -0.0299758911132813 -0.0391006469726562 0.00441360473632813
0.0519981384277344 -0.00445175170898438 -0.03680419921875 0.00235366821289063
0.0593643188476562 0.0084686279296875 -0.0341281890869141 0.00774192810058593
0.0598030090332031 0.0225639343261719 -0.0264930725097656 0.0302982330322266
0.0645332336425781 0.0410346984863281 0.024505615234375 -0.0178985595703125
0.071563720703125 0.0318984985351563 0.0399360656738281 0.0138473510742188
0.0673408508300781 0.0148544311523438 0.0481414794921875 0.01513671875
0.064239501953125 -0.00917816162109375 0.0506210327148438 -0.00197601318359375
0.0486297607421875 -0.0313568115234375 0.0335159301757813 -0.0144672393798828
0.0268898010253906 -0.0484199523925781 0.0106029510498047 -0.0180931091308594
0.00841522216796876 -0.05426025390625 0.0019683837890625 -0.00341367721557618
0.00593948364257813 -0.0491676330566406 -0.00301551818847656 0.0143909454345703
0.00271224975585938 -0.0543251037597656 -0.00985908508300782 0.026947021484375
0.0118675231933594 -0.0561485290527344 -0.0257492065429687 0.0285434722900391
0.0325546264648438 -0.0467529296875 -0.0349407196044922 0.0265140533447266
0.0456466674804688 -0.0355911254882813 -0.0361709594726563 0.00985336303710938
0.0564002990722656 -0.00783157348632813 -0.0333366394042969 0.000577926635742193
0.0668983459472656 0.0135002136230469 -0.013153076171875 0.0120916366577148
0.0653038024902344 0.024688720703125 -0.00400543212890624 0.0382118225097656
0.0579109191894531 0.037017822265625 0.0459213256835938 -0.0106353759765625
0.0676116943359375 0.0260429382324219 0.0542526245117188 0.0167160034179688
0.0633888244628906 0.0107498168945313 0.0460128784179688 0.0145492553710937
0.0579719543457031 -0.0146331787109375 0.04559326171875 0.00463485717773437
0.0425338745117188 -0.0336456298828125 0.0287742614746094 -0.00154304504394531
0.0172119140625 -0.0477867126464844 0.00469255447387695 -0.00129890441894532
0.00279617309570312 -0.0442886352539063 0.00312042236328125 0.0147075653076172
0.00336456298828125 -0.0419998168945313 0.00187873840332032 0.0313453674316406
0.00127410888671875 -0.0448150634765625 -0.008697509765625 0.0412521362304688
0.00990676879882812 -0.0493659973144531 -0.0240821838378906 0.0418319702148437
0.0299568176269531 -0.0405807495117188 -0.0344772338867188 0.0365486145019531
0.0451240539550781 -0.0316085815429687 -0.0350532531738281 0.0157318115234375
0.055419921875 -0.002655029296875 -0.0244140625 0.00468254089355469
0.0656700134277344 0.0145187377929687 0.00590229034423829 0.0133810043334961
0.0589714050292969 0.0279197692871094 0.0167503356933594 0.0493507385253906
0.0415077209472656 0.0248832702636719 0.0589485168457031 -0.006500244140625
0.0535202026367188 0.0176544189453125 0.0650672912597656 0.0145301818847656
0.0521507263183594 0.000946044921875 0.0453376770019531 0.0122489929199219
0.0411720275878906 -0.0179481506347656 0.0379257202148438 0.00888824462890625
0.0257911682128906 -0.0271186828613281 0.0225791931152344 0.00760078430175781
0.0070343017578125 -0.0341873168945313 0.00721359252929688 0.0145587921142578
-0.0021820068359375 -0.0271034240722656 0.00705337524414062 0.0302371978759766
0.00271415710449219 -0.0257511138916016 0.00496292114257812 0.0434951782226563
5.91278076171849E-05 -0.0309257507324219 -0.0040130615234375 0.0547256469726563
0.00818061828613281 -0.0321159362792969 -0.0260810852050781 0.0520362854003906
0.0237483978271484 -0.0280876159667969 -0.0347023010253906 0.0433502197265625
0.0361480712890625 -0.02252197265625 -0.0327682495117188 0.0194263458251953
0.0466690063476563 0.00445556640625 -0.0212478637695312 0.00469589233398438
0.047576904296875 0.0183067321777344 0.0188045501708984 0.0176563262939453
0.0444259643554688 0.0259895324707031 0.0319557189941406 0.0609931945800781
0.0188255310058594 0.0116500854492188 0.0672645568847656 -0.00454330444335938
0.0326690673828125 0.00567436218261719 0.0672836303710938 0.0102424621582031
0.0287284851074219 -0.0042877197265625 0.0415420532226563 0.00872039794921875
0.0192108154296875 -0.0165786743164063 0.0336246490478516 0.0118732452392578
0.00715446472167969 -0.0209007263183594 0.0214405059814453 0.0147895812988281
-0.00644683837890625 -0.0169782638549805 0.0125579833984375 0.0249118804931641
-0.00559139251708984 -0.00899219512939453 0.0142326354980469 0.0366363525390625
-0.00216293334960938 -0.00893115997314453 0.00984191894531251 0.0480995178222656
-0.0023651123046875 -0.0132970809936523 -0.00465774536132813 0.0596237182617188
0.000122070312499999 -0.0156688690185547 -0.0266304016113281 0.0562553405761719
0.0127859115600586 -0.0173940658569336 -0.0390815734863281 0.0457687377929687
0.0216712951660156 -0.0114955902099609 -0.0343341827392578 0.0218830108642578
0.0282382965087891 0.00412368774414063 -0.0186424255371094 0.0090179443359375
0.0308952331542969 0.0135231018066406 0.0226383209228516 0.02191162109375
0.0198287963867187 0.0159130096435547 0.0403213500976563 0.0682411193847656
0.00525474548339844 0.00919342041015625 -0.0446052551269531 -0.0576210021972656
-0.00150728225708008 -0.000126123428344727 -0.0163726806640625 -0.0189094543457031
-0.00474882125854492 0.00532150268554688 0.0222797393798828 -0.00465202331542969
0.00199985504150391 0.00540828704833984 0.0456962585449219 -0.0235595703125
0.00747156143188476 0.00221776962280273 0.041412353515625 -0.044281005859375
0.0062718391418457 -0.00490379333496094 0.0224037170410156 -0.0659065246582031
0.00221920013427734 -0.0127944946289062 -0.00288009643554687 -0.06402587890625
0.00311374664306641 -0.012608528137207 -0.0150222778320312 -0.0455207824707031
0.00516223907470703 -0.0101737976074219 -0.0238666534423828 -0.0331859588623047
0.00897598266601563 -0.00782108306884766 -0.0254898071289063 -0.0262870788574219
0.00956821441650391 -0.000720024108886719 -0.0324134826660156 -0.0137748718261719
0.00304317474365234 0.00879001617431641 -0.0340766906738281 -0.0109195709228516
-0.00817680358886719 0.00449466705322266 -0.0458564758300781 -0.0118637084960938
-0.00710630416870117 -0.00290536880493164 -0.0634651184082031 0.000190734863281249
-0.00140571594238281 0.00305366516113281 -0.0685272216796875 0.00857543945312501
0.0300273895263672 0.0234184265136719 -0.0349845886230469 -0.0527267456054688
0.0229530334472656 0.00946998596191406 -0.00570964813232422 -0.0145816802978516
0.0177021026611328 0.00965118408203125 0.0290431976318359 -0.000349044799804687
0.0238990783691406 0.00244903564453125 0.0504989624023438 -0.021514892578125
0.023345947265625 -0.00740623474121094 0.0426559448242188 -0.0419960021972656
0.0157432556152344 -0.0213279724121094 0.0209503173828125 -0.0606155395507813
0.005126953125 -0.0311717987060547 -0.00226974487304687 -0.0567092895507813
0.0037689208984375 -0.0306644439697266 -0.0164031982421875 -0.0375022888183594
0.00449562072753907 -0.0308399200439453 -0.0248470306396484 -0.0229969024658203
0.0122890472412109 -0.0294170379638672 -0.0300579071044922 -0.0173320770263672
0.0213661193847656 -0.0188865661621094 -0.0354537963867188 -0.00714874267578124
0.0206623077392578 -0.00725936889648438 -0.0373954772949219 -0.00721359252929688
0.0146989822387695 0.00135993957519531 -0.0443572998046875 -0.00526046752929688
0.0184097290039063 0.00168418884277344 -0.0569305419921875 0.00701904296875
0.0236797332763672 0.0102310180664063 -0.0612335205078125 0.014434814453125
0.0514297485351563 0.0334892272949219 -0.0189056396484375 -0.0443267822265625
0.0470085144042969 0.0196952819824219 0.00855398178100586 -0.00483083724975586
0.0417594909667969 0.01361083984375 0.0368843078613281 0.003814697265625
0.0436935424804688 -0.000408172607421875 0.0530662536621094 -0.0169830322265625
0.0368385314941406 -0.0172157287597656 0.040863037109375 -0.0359725952148438
0.0243988037109375 -0.0366058349609375 0.0190238952636719 -0.0513381958007812
0.006439208984375 -0.0455322265625 -0.00111007690429687 -0.0424995422363281
0.00427627563476562 -0.0442237854003906 -0.0126972198486328 -0.0222587585449219
0.00234222412109375 -0.0466537475585938 -0.0224056243896484 -0.00741195678710938
0.0113677978515625 -0.0468368530273438 -0.0302143096923828 -0.00395774841308594
0.0266609191894531 -0.0359306335449219 -0.038543701171875 0.00382995605468749
0.0330886840820313 -0.0221385955810547 -0.0384368896484375 -0.000537872314453119
0.0346240997314453 -0.00315093994140625 -0.0421409606933594 -0.00104141235351562
0.0423583984375 0.00355911254882813 -0.04681396484375 0.0114479064941406
0.0467262268066406 0.0141868591308594 -0.0470123291015625 0.0222930908203125
0.0632400512695313 0.0391921997070313 0.00215339660644531 -0.0317916870117188
0.0642166137695313 0.0254669189453125 0.0255546569824219 0.00549697875976563
0.0595932006835938 0.0151901245117188 0.0421791076660156 0.01031494140625
0.0596351623535156 -0.00689315795898438 0.054046630859375 -0.0106086730957031
0.0466461181640625 -0.0259170532226563 0.0378684997558594 -0.0269775390625
0.0272636413574219 -0.0456695556640625 0.014251708984375 -0.0363731384277344
0.00756454467773438 -0.053009033203125 -0.000942230224609375 -0.0232295989990234
0.00407791137695313 -0.0500640869140625 -0.00803709030151367 -0.00389862060546875
0.00072860717773438 -0.054107666015625 -0.0162725448608398 0.0101289749145508
0.00995254516601563 -0.055633544921875 -0.0297012329101563 0.0133075714111328
0.0293617248535156 -0.0463371276855469 -0.0385932922363281 0.0163955688476563
0.0411415100097656 -0.032806396484375 -0.0382232666015625 0.00696563720703125
0.0502281188964844 -0.00858688354492187 -0.0396461486816406 0.00266265869140625
0.0597686767578125 0.00480270385742188 -0.0309963226318359 0.0128269195556641
0.0610923767089844 0.0175743103027344 -0.0268096923828125 0.0308170318603516
0.067108154296875 0.0395965576171875 0.0237312316894531 -0.0206394195556641
0.0715408325195313 0.0255889892578125 0.0420074462890625 0.0140800476074219
0.0688972473144531 0.01300048828125 0.0470085144042969 0.0121192932128906
0.0637550354003906 -0.013763427734375 0.0514678955078125 -0.00371932983398438
0.0474586486816406 -0.0329055786132813 0.0335445404052734 -0.0143337249755859
0.0227127075195313 -0.0502433776855469 0.010528564453125 -0.0176887512207031
0.00384140014648438 -0.0523452758789063 0.00119280815124512 -0.00251126289367676
0.00286483764648438 -0.048614501953125 -0.00213718414306641 0.0144252777099609
-0.00157546997070313 -0.0530433654785156 -0.0105686187744141 0.0286750793457031
0.00787734985351563 -0.05706787109375 -0.0257358551025391 0.0299949645996094
0.0296134948730469 -0.049713134765625 -0.0351352691650391 0.0294952392578125
0.0436019897460938 -0.0377311706542969 -0.0363540649414063 0.0124130249023437
0.0587959289550781 -0.00972366333007813 -0.0339508056640625 0.00345993041992187
0.0677452087402344 0.0085906982421875 -0.0126571655273437 0.0121049880981445
0.0660476684570313 0.02105712890625 -0.0028533935546875 0.03961181640625
0.0595512390136719 0.0324249267578125 0.0439872741699219 -0.0128860473632812
0.066741943359375 0.0210151672363281 0.0552444458007813 0.0153923034667969
0.0650482177734375 0.00671768188476563 0.0491676330566406 0.0138015747070312
0.0573463439941406 -0.0191535949707031 0.0448760986328125 0.0028076171875
0.0381965637207031 -0.0349617004394531 0.0267066955566406 -0.00272560119628906
0.0148582458496094 -0.0459785461425781 0.00810003280639649 0.000121116638183591
-0.000389099121093753 -0.0434341430664062 0.00474643707275391 0.0156564712524414
0.000553131103515624 -0.0405921936035156 0.0023193359375 0.0313835144042969
-0.000926971435546873 -0.044464111328125 -0.00536346435546875 0.0431289672851563
0.0052032470703125 -0.0479927062988281 -0.0228118896484375 0.0445518493652344
0.0267105102539063 -0.0420608520507813 -0.0339851379394531 0.0392074584960937
0.0407905578613281 -0.035491943359375 -0.0347690582275391 0.0179519653320312
0.0565681457519531 -0.00515365600585938 -0.0261383056640625 0.00426864624023438
0.0653228759765625 0.0123748779296875 0.00425529479980469 0.0123825073242188
0.059722900390625 0.0240516662597656 0.0182113647460938 0.0503273010253906
0.0432624816894531 0.0213851928710938 0.0593070983886719 -0.0089111328125
0.0537452697753906 0.0113143920898438 0.0653457641601563 0.0108833312988281
0.0502967834472656 -0.0014495849609375 0.0455474853515625 0.0110092163085938
0.0402603149414063 -0.0195693969726563 0.0395660400390625 0.00811767578125
0.0227909088134766 -0.0310344696044922 0.0244159698486328 0.00820732116699218
0.00433921813964844 -0.0328235626220703 0.0114727020263672 0.0162792205810547
-0.0030517578125 -0.0274600982666016 0.0110988616943359 0.0296154022216797
-0.00165748596191406 -0.0259799957275391 0.00919342041015625 0.0413742065429688
-0.00182914733886719 -0.02813720703125 -0.00228118896484375 0.05438232421875
0.0035552978515625 -0.0324020385742188 -0.0226593017578125 0.0550804138183594
0.0205650329589844 -0.0310039520263672 -0.0341758728027344 0.0461540222167969
0.0339317321777344 -0.024871826171875 -0.0340576171875 0.0219650268554688
0.0447425842285156 0.000316619873046875 -0.0202503204345703 0.00605010986328125
0.0501365661621094 0.01446533203125 0.017791748046875 0.0164985656738281
0.0429496765136719 0.0222091674804688 0.0341720581054688 0.0590591430664063
0.0191860198974609 0.00822830200195313 0.0688400268554687 -0.0117340087890625
0.0319995880126953 0.0036773681640625 0.0678291320800781 0.00462722778320313
0.0280055999755859 -0.00633621215820313 0.0431251525878906 0.006927490234375
0.0193386077880859 -0.0172576904296875 0.0345172882080078 0.0112876892089844
0.00448989868164063 -0.0196876525878906 0.0245304107666016 0.0142803192138672
-0.00744342803955078 -0.0149517059326172 0.0164451599121094 0.0248603820800781
-0.00556516647338867 -0.00818872451782227 0.0175209045410156 0.037109375
-0.00212526321411133 -0.0066523551940918 0.0122871398925781 0.04815673828125
-0.002899169921875 -0.0109624862670898 -0.000980377197265622 0.0595588684082031
-0.00196552276611328 -0.0137481689453125 -0.0234870910644531 0.0593452453613281
0.0100698471069336 -0.0158357620239258 -0.0362968444824219 0.0473747253417969
0.0205574035644531 -0.0138053894042969 -0.03485107421875 0.0247898101806641
0.0280246734619141 0.0018463134765625 -0.0179328918457031 0.00804901123046875
0.0279712677001953 0.010711669921875 0.023223876953125 0.0203895568847656
0.0198402404785156 0.0146293640136719 0.0423583984375 0.0676612854003906
0.00529670715332031 0.0102777481079102 -0.0446815490722656 -0.05596923828125
-0.000761508941650391 -0.000127196311950684 -0.0155630111694336 -0.0171794891357422
-0.00324153900146484 0.00493097305297851 0.0226593017578125 -0.00332450866699219
0.00284910202026367 0.00577163696289062 0.0433692932128906 -0.0237808227539063
0.00718832015991211 3.29017639160156E-05 0.039459228515625 -0.0457725524902344
0.00720357894897461 -0.00631570816040039 0.0194435119628906 -0.0649681091308594
0.00141716003417969 -0.0139579772949219 -0.00421142578125 -0.06298828125
0.00242900848388672 -0.0131502151489258 -0.0171012878417969 -0.0440711975097656
0.00553226470947266 -0.0124826431274414 -0.0245285034179687 -0.0305023193359375
0.00944042205810547 -0.00870704650878906 -0.0270957946777344 -0.0238895416259766
0.0104227066040039 -0.000834465026855469 -0.0335693359375 -0.0123023986816406
0.00513505935668945 0.00830316543579102 -0.0358047485351563 -0.0100212097167969
-0.00759983062744141 0.00510025024414063 -0.0461654663085938 -0.0111083984375
-0.00660419464111328 -0.00153207778930664 -0.0626716613769531 0.00239562988281251
-0.0017402172088623 0.0042107105255127 -0.0667915344238281 0.0109901428222656
0.0308990478515625 0.0225009918212891 -0.0349082946777344 -0.0512428283691406
0.0241832733154297 0.00886154174804688 -0.0047760009765625 -0.0125761032104492
0.0191631317138672 0.00930404663085938 0.0289688110351562 -0.00102615356445312
0.0240211486816406 0.0012664794921875 0.0481109619140625 -0.0222663879394531
0.023040771484375 -0.00871658325195313 0.0406417846679688 -0.0420112609863281
0.0151519775390625 -0.0226860046386719 0.019012451171875 -0.0597610473632812
0.00343704223632813 -0.0318660736083984 -0.00370025634765624 -0.0546379089355469
0.00299453735351562 -0.0304908752441406 -0.0162506103515625 -0.0347347259521484
0.00375556945800781 -0.0318565368652344 -0.0255775451660156 -0.0208969116210938
0.0113048553466797 -0.0298309326171875 -0.0305042266845703 -0.0152187347412109
0.0205478668212891 -0.0196132659912109 -0.0370826721191406 -0.00564956665039062
0.0215435028076172 -0.00702095031738281 -0.0371170043945313 -0.00595474243164062
0.0145473480224609 0.00291824340820313 -0.0446395874023438 -0.00465011596679688
0.0185985565185547 0.00210189819335938 -0.056427001953125 0.00918197631835936
0.0239582061767578 0.00967597961425781 -0.0601463317871094 0.01812744140625
0.0512428283691406 0.0322608947753906 -0.0187416076660156 -0.0428085327148438
0.047119140625 0.01800537109375 0.0101079940795898 -0.00440788269042969
0.0419502258300781 0.0129776000976562 0.0371322631835938 0.0044097900390625
0.042877197265625 -0.00279617309570313 0.0525131225585938 -0.0182838439941406
0.0368003845214844 -0.01873779296875 0.0405616760253906 -0.0354080200195313
0.0226402282714844 -0.036224365234375 0.0170822143554687 -0.0495338439941406
0.00483322143554688 -0.0452423095703125 -0.00257110595703125 -0.0406723022460938
0.00245285034179688 -0.0431404113769531 -0.0129566192626953 -0.0194740295410156
0.00113677978515625 -0.0465507507324219 -0.0221405029296875 -0.00505638122558594
0.00997161865234375 -0.0468521118164063 -0.0315017700195312 -0.00131034851074219
0.02618408203125 -0.0360641479492188 -0.0389442443847656 0.00594711303710938
0.0329265594482422 -0.0227489471435547 -0.0387001037597656 0.000942230224609381
0.034423828125 -0.00344657897949219 -0.0426826477050781 0.000995635986328128
0.0410842895507812 0.00285720825195313 -0.0452003479003906 0.0132598876953125
0.0451011657714844 0.0130348205566406 -0.0453948974609375 0.0254554748535156
0.0638580322265625 0.0366668701171875 0.0015869140625 -0.0315189361572266
0.0633544921875 0.0227851867675781 0.0269374847412109 0.00590896606445313
0.0597267150878906 0.0134735107421875 0.0438270568847656 0.0109329223632812
0.0579490661621094 -0.00896072387695313 0.053436279296875 -0.0111732482910156
0.0452651977539063 -0.0277023315429688 0.0367088317871094 -0.0256767272949219
0.0248336791992188 -0.0461997985839844 0.0123291015625 -0.0346393585205078
0.00389480590820313 -0.0526695251464844 -0.00115776062011719 -0.0225696563720703
0.00160598754882812 -0.0499763488769531 -0.00852012634277344 -0.00244903564453125
-0.00143814086914062 -0.0533409118652344 -0.0162200927734375 0.0123758316040039
0.00722122192382812 -0.0553474426269531 -0.0287742614746094 0.0148639678955078
0.0272636413574219 -0.046875 -0.0376014709472656 0.0191917419433594
0.0389900207519531 -0.0348968505859375 -0.03826904296875 0.00774765014648438
0.0493202209472656 -0.0096893310546875 -0.0387802124023437 0.0038909912109375
0.0587310791015625 0.0034637451171875 -0.0303726196289062 0.0137615203857422
0.0601577758789063 0.015838623046875 -0.0256595611572266 0.0328102111816406
0.0670166015625 0.0349311828613281 0.0230960845947266 -0.0204143524169922
0.0702438354492188 0.0222587585449219 0.0435523986816406 0.0128097534179688
0.067657470703125 0.0103797912597656 0.0483055114746094 0.0132904052734375
0.0623321533203125 -0.0157432556152344 0.0514030456542969 -0.0035858154296875
0.0451011657714844 -0.0337409973144531 0.0323715209960938 -0.0138778686523438
0.0214347839355469 -0.0500030517578125 0.010371208190918 -0.0168991088867188
0.00193023681640625 -0.0508460998535156 0.00181269645690918 -0.00234317779541016
0.00043106079101562 -0.0482063293457031 -0.00203704833984375 0.0157718658447266
-0.002593994140625 -0.0522384643554687 -0.00954627990722656 0.0294399261474609
0.00497817993164062 -0.05535888671875 -0.0247554779052734 0.0319671630859375
0.0265350341796875 -0.0497474670410156 -0.0345382690429687 0.0308704376220703
0.0410919189453125 -0.039581298828125 -0.0360641479492188 0.0139236450195312
0.0567398071289062 -0.0111160278320313 -0.0317497253417969 0.00538635253906251
0.0667076110839844 0.00586700439453125 -0.0120344161987305 0.0137548446655273
0.0652008056640625 0.0189399719238281 -0.00288772583007812 0.0411834716796875
0.0597496032714844 0.0275764465332031 0.0430145263671875 -0.0134239196777344
0.06610107421875 0.0170402526855469 0.0572433471679688 0.0143051147460938
0.0638885498046875 0.00351715087890625 0.0488319396972656 0.0142250061035156
0.0555992126464844 -0.0206451416015625 0.0457382202148438 0.00289535522460937
0.0359153747558594 -0.0355033874511719 0.0279216766357422 -0.00230216979980469
0.011810302734375 -0.0453643798828125 0.00874710083007813 0.000905036926269528
-0.00157546997070312 -0.0421676635742188 0.00606727600097656 0.0161571502685547
-0.000686645507812501 -0.0398902893066406 0.00426292419433593 0.0308723449707031
-0.00345611572265625 -0.0431175231933594 -0.00385284423828125 0.0439262390136719
0.0037994384765625 -0.0464973449707031 -0.0216865539550781 0.0451164245605469
0.0238380432128906 -0.042999267578125 -0.0322647094726563 0.0397529602050781
0.0386848449707031 -0.0350685119628906 -0.0337753295898437 0.0188007354736328
0.0552940368652344 -0.0079498291015625 -0.0250034332275391 0.00593376159667969
0.0630722045898438 0.00902557373046875 0.00502872467041016 0.0133581161499023
0.0591392517089844 0.0206832885742188 0.0182609558105469 0.0494956970214844
0.0425491333007813 0.0175247192382813 0.057647705078125 -0.0115165710449219
0.0524444580078125 0.00828933715820313 0.0643959045410156 0.0103263854980469
0.0485610961914062 -0.00324249267578125 0.0465850830078125 0.010711669921875
0.0390510559082031 -0.0218696594238281 0.0394859313964844 0.00820159912109375
0.0204982757568359 -0.0305652618408203 0.0252113342285156 0.00823974609375
0.00146293640136719 -0.0316219329833984 0.0122184753417969 0.015955924987793
-0.00472640991210938 -0.0263595581054688 0.0124130249023438 0.0286750793457031
-0.00254440307617188 -0.0248889923095703 0.0101737976074219 0.0418281555175781
-0.00346946716308594 -0.027069091796875 -0.00052261352539063 0.0540657043457031
0.00122451782226563 -0.0305614471435547 -0.0203666687011719 0.0549507141113281
0.0179920196533203 -0.0294532775878906 -0.0322799682617187 0.0459938049316406
0.0313701629638672 -0.0250568389892578 -0.0327854156494141 0.0225391387939453
0.0443077087402344 -0.00239181518554688 -0.0204257965087891 0.00699615478515625
0.0493202209472656 0.0116195678710938 0.0176715850830078 0.0159282684326172
0.0424461364746094 0.0189666748046875 0.0346145629882813 0.0586662292480469
0.0194740295410156 0.00695419311523437 0.0660552978515625 -0.0143814086914063
0.0309162139892578 0.00174713134765625 0.0657119750976563 0.00287628173828125
0.0276279449462891 -0.00741386413574219 0.0435600280761719 0.00659561157226562
0.0165939331054688 -0.0180950164794922 0.0355262756347656 0.0116043090820312
0.00295066833496094 -0.0194473266601562 0.0253009796142578 0.0136833190917969
-0.00866317749023438 -0.0133123397827148 0.0179519653320313 0.0234775543212891
-0.00663471221923828 -0.00608062744140625 0.0186882019042969 0.0345687866210938
-0.00282573699951172 -0.00615215301513672 0.0147857666015625 0.0453605651855469
-0.00387287139892578 -0.00759267807006836 0.000770568847656252 0.0587882995605469
-0.0028371810913086 -0.0119075775146484 -0.022003173828125 0.0588226318359375
0.00688743591308594 -0.0155401229858398 -0.0340843200683594 0.0478401184082031
0.0173501968383789 -0.0142946243286133 -0.0334300994873047 0.0251560211181641
0.0262260437011719 0.000951766967773438 -0.0189704895019531 0.00792121887207031
0.027557373046875 0.00852584838867188 0.0223503112792969 0.0184307098388672
0.0195846557617187 0.0126514434814453 0.0421638488769531 0.0651931762695313
0.00667953491210938 0.0118293762207031 -0.04327392578125 -0.0552139282226563
0.000436127185821533 0.000593066215515137 -0.0144634246826172 -0.0163850784301758
-0.00252008438110352 0.0050044059753418 0.0236949920654297 -0.00307655334472656
0.00439786911010742 0.00496673583984375 0.0434455871582031 -0.0240974426269531
0.00752401351928711 -0.000174045562744141 0.03900146484375 -0.0455398559570313
0.00739765167236328 -0.00778913497924805 0.01885986328125 -0.0648918151855469
0.00119304656982422 -0.0152482986450195 -0.00539779663085938 -0.0617485046386719
0.00266551971435547 -0.0138492584228516 -0.0167922973632812 -0.043212890625
0.00550556182861328 -0.0134458541870117 -0.0247879028320312 -0.0288200378417969
0.0106935501098633 -0.00974273681640625 -0.0284366607666016 -0.0230503082275391
0.0113401412963867 -0.00143527984619141 -0.0339984893798828 -0.0116653442382813
0.00644779205322266 0.00854015350341797 -0.0364418029785156 -0.00944900512695313
-0.00691413879394531 0.00700616836547851 -0.0466041564941406 -0.0112838745117187
-0.00672817230224609 0.000463485717773438 -0.0620918273925781 0.00275802612304688
-0.00150346755981445 0.00497245788574219 -0.0660781860351562 0.0123443603515625
0.0313949584960938 0.0229988098144531 -0.0330352783203125 -0.0504913330078125
0.0255756378173828 0.00871086120605469 -0.00352859497070312 -0.0119056701660156
0.0208282470703125 0.00884056091308594 0.0303611755371094 -0.000284194946289062
0.0244903564453125 0.00107574462890625 0.04815673828125 -0.0217971801757813
0.0227127075195312 -0.0102863311767578 0.0406951904296875 -0.0411415100097656
0.0154094696044922 -0.0241184234619141 0.0188102722167969 -0.0586967468261719
0.0025787353515625 -0.0327949523925781 -0.00394821166992188 -0.0530776977539063
0.00229072570800781 -0.0316219329833984 -0.0159149169921875 -0.0334453582763672
0.003448486328125 -0.0329113006591797 -0.0254058837890625 -0.0185413360595703
0.0116558074951172 -0.0304088592529297 -0.0317039489746094 -0.0139884948730469
0.021575927734375 -0.0199623107910156 -0.0386772155761719 -0.00473785400390624
0.0225296020507813 -0.00676155090332031 -0.037994384765625 -0.0054473876953125
0.0150775909423828 0.00378131866455078 -0.0450668334960938 -0.00468826293945312
0.0186767578125 0.00402259826660156 -0.0557632446289063 0.00922775268554688
0.02398681640625 0.0102005004882813 -0.0596504211425781 0.0196647644042969
0.051971435546875 0.032257080078125 -0.0177955627441406 -0.042022705078125
0.0471572875976563 0.0169792175292969 0.0114946365356445 -0.00320816040039062
0.04254150390625 0.0123825073242188 0.0384330749511719 0.00551223754882813
0.0433120727539063 -0.0033111572265625 0.05291748046875 -0.0166549682617188
0.0360069274902344 -0.0197792053222656 0.0401992797851563 -0.0344657897949219
0.0220108032226563 -0.0373115539550781 0.0167655944824219 -0.0476722717285156
0.00391387939453125 -0.0452423095703125 -0.00225448608398437 -0.0391693115234375
0.00151443481445312 -0.0439109802246094 -0.0125770568847656 -0.0183677673339844
0.000747680664062495 -0.047119140625 -0.0221614837646484 -0.00288009643554688
0.00981903076171875 -0.0467910766601562 -0.0322208404541016 0.000597000122070309
0.0261383056640625 -0.0359725952148438 -0.0401153564453125 0.00763320922851562
0.0332012176513672 -0.0226917266845703 -0.039459228515625 0.00109100341796874
0.0340290069580078 -0.00263404846191406 -0.0425567626953125 0.000885009765624992
0.0401496887207031 0.00407028198242188 -0.0445632934570313 0.0138664245605469
0.0447425842285156 0.0134963989257813 -0.0454025268554688 0.0276451110839844
0.0644989013671875 0.0360641479492188 0.00234985351562501 -0.0297069549560547
0.062774658203125 0.0222816467285156 0.0278720855712891 0.00743293762207031
0.0598373413085938 0.0125923156738281 0.0448112487792969 0.0115470886230469
0.0574760437011719 -0.00995254516601563 0.0539741516113281 -0.0105781555175781
0.0442314147949219 -0.0282936096191406 0.0376701354980469 -0.0249214172363281
0.0241127014160156 -0.0467185974121094 0.0134868621826172 -0.0318202972412109
0.0034942626953125 -0.0518455505371094 -0.000993728637695312 -0.0204029083251953
0.000839233398437502 -0.049407958984375 -0.00765419006347656 -0.000844001770019536
-0.001556396484375 -0.0532646179199219 -0.0162754058837891 0.0145597457885742
0.00600433349609376 -0.05560302734375 -0.0299205780029297 0.0172901153564453
0.0262336730957031 -0.0465888977050781 -0.0381355285644531 0.0207290649414063
0.0387535095214844 -0.035247802734375 -0.038909912109375 0.00847244262695313
0.0487251281738281 -0.00921630859375 -0.0382232666015625 0.00394439697265625
0.0577926635742188 0.003387451171875 -0.0292797088623047 0.0155296325683594
0.0587844848632813 0.0162277221679688 -0.0256195068359375 0.0348587036132813
0.0663375854492188 0.0339508056640625 0.0231037139892578 -0.0205593109130859
0.0693321228027344 0.0210609436035156 0.0437049865722656 0.0135917663574219
0.0673904418945313 0.0100936889648438 0.04913330078125 0.0150489807128906
0.0610771179199219 -0.0161857604980469 0.0518226623535156 -0.00272369384765625
0.0436973571777344 -0.0343399047851563 0.0331611633300781 -0.0129947662353516
0.0201835632324219 -0.0494766235351562 0.0116262435913086 -0.0153751373291016
0.0012054443359375 -0.0506019592285156 0.00283575057983398 -0.00132560729980469
-0.000476837158203122 -0.0468978881835938 -0.00152015686035156 0.0164337158203125
-0.00286865234374999 -0.051513671875 -0.0093994140625 0.0311870574951172
0.00416946411132812 -0.0540580749511719 -0.0252113342285156 0.0338230133056641
0.0252761840820313 -0.0487022399902344 -0.0350284576416016 0.0325298309326172
0.0400505065917969 -0.0401878356933594 -0.0369644165039063 0.0144081115722656
0.0558204650878906 -0.0117607116699219 -0.03179931640625 0.00608062744140625
0.0650787353515625 0.00432968139648438 -0.0128564834594726 0.0142431259155273
0.0635147094726563 0.0179290771484375 -0.00313568115234375 0.04315185546875
0.0589408874511719 0.0265159606933594 0.0419464111328125 -0.0127639770507812
0.0644569396972656 0.0156745910644531 0.0563735961914063 0.0144615173339844
0.0633049011230469 0.003204345703125 0.0497322082519531 0.0156402587890625
0.0541915893554687 -0.0211067199707031 0.0469551086425781 0.003570556640625
0.03436279296875 -0.0351905822753906 0.0276050567626953 -0.000925064086914065
0.0113792419433594 -0.0439796447753906 0.010594367980957 0.00315284729003906
-0.00220870971679687 -0.0408363342285156 0.00722503662109375 0.0163192749023437
-0.00139236450195313 -0.0382003784179688 0.00464630126953125 0.0316219329833984
-0.00335311889648438 -0.0413970947265625 -0.0033721923828125 0.04461669921875
0.00236892700195312 -0.0449447631835937 -0.0216064453125 0.0465431213378906
0.0220832824707031 -0.0420112609863281 -0.0326576232910156 0.041107177734375
0.0367355346679687 -0.0359077453613281 -0.0336551666259766 0.0204391479492188
0.0536918640136719 -0.00830459594726563 -0.0251064300537109 0.00661277770996093
0.0622215270996094 0.0081634521484375 0.0048065185546875 0.0140399932861328
0.0572166442871094 0.0186614990234375 0.0176162719726563 0.0512580871582031
0.042022705078125 0.0155487060546875 0.056884765625 -0.0117721557617188
0.0511398315429688 0.00659942626953125 0.0635147094726562 0.00990676879882812
0.0486717224121094 -0.00340652465820312 0.0471534729003906 0.0120925903320313
0.0373649597167969 -0.0223121643066406 0.0403480529785156 0.00889205932617187
0.0186614990234375 -0.0308265686035156 0.0256862640380859 0.00878334045410156
-0.000141143798828126 -0.0306243896484375 0.0135993957519531 0.0165596008300781
-0.00509834289550781 -0.0244464874267578 0.0129203796386719 0.0287532806396484
-0.00274276733398438 -0.0229301452636719 0.0104598999023437 0.0411720275878906
-0.00430870056152344 -0.0257644653320313 -0.000221252441406247 0.0550804138183594
0.000463485717773438 -0.0295295715332031 -0.0208549499511719 0.0559234619140625
0.0167427062988281 -0.0295886993408203 -0.0325241088867188 0.0458793640136719
0.0293846130371094 -0.0252799987792969 -0.0333595275878906 0.0228424072265625
0.0426292419433594 -0.00314712524414062 -0.0204963684082031 0.00695991516113282
0.0481643676757813 0.00942611694335938 0.0168437957763672 0.0162811279296875
0.0418930053710937 0.0167198181152344 0.0337104797363281 0.0589485168457031
0.0178604125976563 0.0041961669921875 0.06451416015625 -0.0148468017578125
0.0294914245605469 -0.0001068115234375 0.0650596618652344 0.00325393676757813
0.0268115997314453 -0.00882148742675781 0.0438270568847656 0.00759506225585937
0.0161647796630859 -0.0186710357666016 0.0369110107421875 0.0118522644042969
0.00115585327148437 -0.0187358856201172 0.0272464752197266 0.0133838653564453
-0.00929450988769531 -0.0113306045532227 0.0191326141357422 0.0231533050537109
-0.006805419921875 -0.0041961669921875 0.0198554992675781 0.0333614349365234
-0.00381135940551758 -0.00481128692626953 0.0144844055175781 0.0443267822265625
-0.00411462783813477 -0.00614261627197266 0.001190185546875 0.0587348937988281
-0.00380229949951172 -0.0106344223022461 -0.021240234375 0.0592498779296875
0.0059957504272461 -0.0148000717163086 -0.0335464477539063 0.0482826232910156
0.0161018371582031 -0.0146026611328125 -0.0336418151855469 0.0245952606201172
0.0252857208251953 0.000274658203125 -0.0195598602294922 0.00726699829101563
0.0260086059570313 0.00671768188476563 0.0216693878173828 0.0187187194824219
0.0189208984375 0.0103282928466797 0.0411834716796875 0.0654563903808594
0.00771522521972656 0.0131378173828125 -0.0418281555175781 -0.0571022033691406
0.00227856636047363 0.00133132934570312 -0.0136451721191406 -0.0171318054199219
-0.000547409057617188 0.00480508804321289 0.0247440338134766 -0.00248908996582031
0.00575590133666992 0.00512313842773438 0.0447731018066406 -0.0238990783691406
0.00869941711425781 -0.00127935409545898 0.0399208068847656 -0.045562744140625
0.00779914855957031 -0.00974082946777344 0.0188179016113281 -0.0653076171875
0.001312255859375 -0.017216682434082 -0.00529861450195312 -0.0617752075195313
0.00197505950927735 -0.0160980224609375 -0.0172615051269531 -0.0426673889160156
0.00583171844482422 -0.0160741806030273 -0.0255279541015625 -0.0282554626464844
0.011932373046875 -0.0119104385375977 -0.0288848876953125 -0.0222721099853516
0.0134458541870117 -0.00156211853027344 -0.0361976623535156 -0.0120773315429687
0.00795364379882812 0.00887393951416016 -0.0374946594238281 -0.0100898742675781
-0.00647926330566406 0.00826168060302734 -0.0482826232910156 -0.0127487182617188
-0.00690317153930664 0.00280237197875977 -0.0630264282226563 0.00176239013671875
-0.000646114349365235 0.00722360610961914 -0.0666427612304688 0.0134735107421875
0.0335197448730469 0.024688720703125 -0.0319786071777344 -0.0512428283691406
0.0262336730957031 0.0101718902587891 -0.00197982788085937 -0.0112895965576172
0.0224113464355469 0.00873947143554688 0.0323524475097656 0.000562667846679688
0.0256729125976563 -0.000333786010742188 0.0503349304199219 -0.0215377807617188
0.0237045288085937 -0.0109786987304688 0.0415306091308594 -0.0409698486328125
0.0156822204589844 -0.0257472991943359 0.0183753967285156 -0.0579605102539063
0.00255203247070312 -0.0345706939697266 -0.00362014770507813 -0.0527877807617188
0.00190353393554688 -0.0329627990722656 -0.0160102844238281 -0.0319843292236328
0.00396537780761719 -0.0347251892089844 -0.0254344940185547 -0.0170536041259766
0.0127887725830078 -0.0321273803710938 -0.0332660675048828 -0.0128269195556641
0.0226936340332031 -0.0206489562988281 -0.0397872924804688 -0.00393295288085938
0.0239353179931641 -0.00622940063476563 -0.0397491455078125 -0.00519943237304687
0.0159807205200195 0.00613880157470703 -0.0463066101074219 -0.00496673583984376
0.0182037353515625 0.00621414184570313 -0.0559501647949219 0.0103645324707031
0.0239505767822266 0.0123653411865234 -0.0601081848144531 0.0215568542480469
0.052978515625 0.0336036682128906 -0.016021728515625 -0.0423126220703125
0.0477638244628906 0.0175971984863281 0.0131292343139648 -0.00156402587890625
0.0445938110351563 0.01214599609375 0.040557861328125 0.00674057006835938
0.044189453125 -0.00428390502929688 0.0548896789550781 -0.0163993835449219
0.036834716796875 -0.0203475952148438 0.0416183471679688 -0.0338706970214844
0.0222854614257813 -0.0389404296875 0.0180549621582031 -0.0470657348632813
0.00334930419921875 -0.0471267700195313 -0.00199127197265625 -0.0374488830566406
0.00080490112304688 -0.045501708984375 -0.0124740600585938 -0.0166568756103516
0.000350952148437499 -0.0484542846679688 -0.0225410461425781 -0.00120544433593751
0.0103034973144531 -0.0483436584472656 -0.0338916778564453 0.00331497192382813
0.0269775390625 -0.0370864868164063 -0.0415573120117188 0.00860214233398437
0.0349044799804688 -0.0224552154541016 -0.0411605834960938 0.00165939331054687
0.0353164672851563 -0.0008392333984375 -0.0435714721679688 0.000850677490234367
0.0408744812011719 0.00585556030273438 -0.0454025268554688 0.015106201171875
0.0458526611328125 0.0145263671875 -0.0460090637207031 0.0296287536621094
0.0650291442871094 0.0366096496582031 0.00431632995605469 -0.0305633544921875
0.0638542175292969 0.0225067138671875 0.0300483703613281 0.00866317749023438
0.0613975524902344 0.0127944946289063 0.0478401184082031 0.0134010314941406
0.0583343505859375 -0.0104789733886719 0.056610107421875 -0.0086822509765625
0.0444793701171875 -0.0292892456054688 0.0391044616699219 -0.0233268737792969
0.02398681640625 -0.0478553771972656 0.0152759552001953 -0.0312309265136719
0.00330734252929688 -0.0533332824707031 0.000665664672851563 -0.0192756652832031
0.000782012939453129 -0.0506324768066406 -0.006805419921875 0.000561714172363278
-0.00203704833984375 -0.05401611328125 -0.0165281295776367 0.0167217254638672
0.00644302368164062 -0.0556259155273438 -0.0309562683105469 0.0196208953857422
0.0267791748046875 -0.0480270385742188 -0.0397758483886719 0.0225906372070312
0.0394210815429688 -0.0354766845703125 -0.0406341552734375 0.0101318359375
0.0500679016113281 -0.00847244262695312 -0.0391120910644531 0.00539016723632813
0.0580596923828125 0.00374221801757813 -0.0298614501953125 0.0166950225830078
0.0597305297851563 0.016693115234375 -0.0256614685058594 0.0378532409667969
0.0666656494140625 0.0343360900878906 0.0247383117675781 -0.0198192596435547
0.0688438415527344 0.0211639404296875 0.0452919006347656 0.0151901245117188
0.0687942504882813 0.0100517272949219 0.0514907836914063 0.017578125
0.0618896484375 -0.0167961120605469 0.0544471740722656 -0.00169754028320313
0.0436515808105469 -0.0348663330078125 0.03472900390625 -0.0118236541748047
0.0199661254882812 -0.0494155883789063 0.0128412246704102 -0.0131912231445313
0.00106430053710937 -0.0504150390625 0.00318551063537598 -0.000153303146362308
-0.00141525268554687 -0.0473365783691406 -0.00077056884765625 0.0181255340576172
-0.003509521484375 -0.0516395568847656 -0.00897216796875 0.0338115692138672
0.0030364990234375 -0.0544052124023438 -0.0260810852050781 0.0357131958007813
0.0250205993652344 -0.049560546875 -0.03607177734375 0.0340538024902344
0.0400161743164063 -0.0405197143554688 -0.0384635925292969 0.0162696838378906
0.0562591552734375 -0.0121345520019531 -0.0329990386962891 0.00679397583007813
0.0659294128417969 0.0042266845703125 -0.0111732482910156 0.0164041519165039
0.0637245178222656 0.0178451538085937 -0.00348663330078124 0.046051025390625
0.0594329833984375 0.0258750915527344 0.0434417724609375 -0.01300048828125
0.0643463134765625 0.014739990234375 0.0574951171875 0.0166778564453125
0.0644111633300781 0.00295639038085937 0.0521011352539063 0.017578125
0.0540122985839844 -0.0222358703613281 0.0488014221191406 0.00531768798828125
0.0332107543945313 -0.0353469848632813 0.0299873352050781 0.000165939331054685
0.0114555358886719 -0.0437545776367188 0.0120725631713867 0.00429248809814453
-0.0023651123046875 -0.0398101806640625 0.00805091857910156 0.0177135467529297
-0.00258636474609375 -0.0377235412597656 0.00559043884277344 0.0322895050048828
-0.00400161743164062 -0.0408134460449219 -0.0029754638671875 0.0482330322265625
0.00147247314453125 -0.0440902709960938 -0.0220718383789063 0.0490226745605469
0.0219688415527344 -0.0420761108398438 -0.0335769653320313 0.0431251525878906
0.036590576171875 -0.0363349914550781 -0.0353240966796875 0.0207290649414062
0.0539169311523437 -0.00885009765625 -0.0260906219482422 0.00709342956542969
0.0616722106933594 0.00645065307617188 0.00461196899414063 0.0152597427368164
0.0577278137207031 0.0187492370605469 0.0169334411621094 0.0544281005859375
0.04168701171875 0.0142745971679688 0.057464599609375 -0.0107803344726562
0.0501480102539063 0.00642013549804688 0.0644340515136719 0.0120391845703125
0.0489540100097656 -0.00420761108398438 0.0495719909667969 0.0142860412597656
0.0364646911621094 -0.0232620239257813 0.0428237915039063 0.0100517272949219
0.0172271728515625 -0.0302391052246094 0.0280170440673828 0.00899696350097656
5.34057617187522E-05 -0.0294208526611328 0.015507698059082 0.0171518325805664
-0.00543403625488281 -0.0232810974121094 0.0143241882324219 0.0289211273193359
-0.00373458862304688 -0.0214653015136719 0.0106735229492188 0.0416259765625
-0.00440025329589844 -0.0239810943603516 -0.000125885009765623 0.0567245483398438
0.000175476074218751 -0.02764892578125 -0.0210647583007813 0.0575942993164063
0.0150890350341797 -0.0292606353759766 -0.0329933166503906 0.0481491088867187
0.0285110473632813 -0.025604248046875 -0.0338287353515625 0.024169921875
0.042236328125 -0.00331878662109375 -0.0212116241455078 0.00734519958496094
0.0470848083496094 0.00837326049804688 0.0163650512695313 0.0169305801391602
0.0410957336425781 0.0159797668457031 0.0326728820800781 0.0620040893554688
0.0182476043701172 0.00301361083984375 0.0652580261230469 -0.0147628784179688
0.02947998046875 -0.0017852783203125 0.0660781860351563 0.00381851196289062
0.0274257659912109 -0.0101108551025391 0.0457839965820312 0.00847625732421875
0.0142955780029297 -0.019622802734375 0.0384178161621094 0.013153076171875
-0.000495910644531248 -0.0190105438232422 0.0288143157958984 0.014190673828125
-0.0101871490478516 -0.00960922241210938 0.0210723876953125 0.0220851898193359
-0.0071415901184082 -0.00241518020629883 0.0205707550048828 0.0330677032470703
-0.00380516052246094 -0.00367426872253418 0.0149421691894531 0.0445823669433594
-0.00419187545776367 -0.00458860397338867 0.0012054443359375 0.0594062805175781
-0.0045170783996582 -0.00853204727172852 -0.022674560546875 0.0606460571289063
0.00485038757324219 -0.0137453079223633 -0.0345878601074219 0.0491218566894531
0.0144681930541992 -0.0143976211547852 -0.0349273681640625 0.0254840850830078
0.0248680114746094 0.000127792358398437 -0.0205974578857422 0.00768661499023438
0.0249004364013672 0.00592803955078125 0.0207939147949219 0.0186977386474609
0.0182666778564453 0.00898551940917969 0.0405731201171875 0.0683822631835937
0.00956821441650391 0.0158920288085938 -0.0426483154296875 -0.0588302612304687
0.00376248359680176 0.00204014778137207 -0.0122604370117187 -0.0166234970092773
0.00143909454345703 0.00476884841918945 0.0274066925048828 -0.00316429138183594
0.00787544250488281 0.00399351119995117 0.0471076965332031 -0.0254135131835938
0.00992965698242188 -0.00258064270019531 0.0407981872558594 -0.0477409362792969
0.00756263732910156 -0.0122041702270508 0.0182533264160156 -0.0672721862792969
0.000312805175781248 -0.0198211669921875 -0.006072998046875 -0.0630836486816406
0.00160408020019531 -0.0184898376464844 -0.0183982849121094 -0.0435523986816406
0.00565147399902344 -0.0192317962646484 -0.0271492004394531 -0.0271377563476563
0.012669563293457 -0.0139656066894531 -0.0321407318115234 -0.0216617584228516
0.0155172348022461 -0.00304794311523438 -0.0387420654296875 -0.0112533569335938
0.0105199813842773 0.00926017761230469 -0.0405158996582031 -0.0107154846191406
-0.00525188446044922 0.0106115341186523 -0.0510787963867188 -0.0128288269042969
-0.00648355484008789 0.0052647590637207 -0.0646629333496094 0.00260543823242187
-0.000596046447753907 0.0103282928466797 -0.0677833557128906 0.0158309936523438
0.0356216430664062 0.0264930725097656 -0.0323410034179688 -0.0531196594238281
0.0288467407226563 0.0099029541015625 0.000137329101562503 -0.0105504989624023
0.024169921875 0.00837516784667969 0.035308837890625 0.000839233398437501
0.0273571014404297 -0.00133705139160156 0.0527381896972656 -0.0229110717773438
0.0247707366943359 -0.0133724212646484 0.0428886413574219 -0.0420150756835938
0.0156574249267578 -0.0282669067382813 0.0189971923828125 -0.0591354370117188
0.00117111206054688 -0.0375137329101563 -0.00422668457031251 -0.052978515625
0.000656127929687502 -0.0357894897460938 -0.0166759490966797 -0.0315799713134766
0.00307464599609375 -0.0385398864746094 -0.0264949798583984 -0.0150051116943359
0.0132904052734375 -0.0351600646972656 -0.0356483459472656 -0.0107460021972656
0.0251426696777344 -0.021820068359375 -0.0424690246582031 -0.00217437744140624
0.0266475677490234 -0.00668144226074219 -0.0421485900878906 -0.00473785400390626
0.0173130035400391 0.00766563415527344 -0.0487327575683594 -0.00448989868164062
0.0192108154296875 0.00831413269042969 -0.0576210021972656 0.011627197265625
0.0252113342285156 0.0146312713623047 -0.0610389709472656 0.0248947143554688
0.0562400817871094 0.0343132019042969 -0.0158157348632813 -0.0428504943847656
0.0498466491699219 0.0176200866699219 0.0157127380371094 -0.000544548034667968
0.0469474792480469 0.0118522644042969 0.0442886352539062 0.00763702392578125
0.0466995239257813 -0.00574111938476563 0.0583992004394531 -0.0166664123535156
0.0378570556640625 -0.0229110717773438 0.0436325073242187 -0.0343818664550781
0.0221595764160156 -0.0411567687988281 0.0186042785644531 -0.0466880798339844
0.00248336791992188 -0.0497169494628906 -0.00160598754882812 -0.0375518798828125
-1.14440917968734E-05 -0.0474090576171875 -0.0126094818115234 -0.0154438018798828
-0.00053787231445312 -0.0513839721679687 -0.0226974487304688 0.00181198120117187
0.0100860595703125 -0.0505218505859375 -0.0358505249023438 0.00564193725585938
0.0285377502441406 -0.0390396118164063 -0.0441017150878906 0.0112648010253906
0.0364990234375 -0.0235252380371094 -0.0436935424804688 0.00363922119140625
0.0373077392578125 -0.000560760498046875 -0.0455360412597656 0.00212860107421874
0.0426712036132813 0.00692367553710938 -0.0458869934082031 0.0174217224121094
0.0467529296875 0.0162544250488281 -0.0464515686035156 0.0342254638671875
0.0677680969238281 0.0369834899902344 0.00503730773925782 -0.0302810668945312
0.0657615661621094 0.0214614868164063 0.0327301025390625 0.0105819702148438
0.0646858215332031 0.0122909545898438 0.0516548156738281 0.014617919921875
0.0598945617675781 -0.0118827819824219 0.0601463317871094 -0.00936508178710938
0.044464111328125 -0.0319404602050781 0.0419044494628906 -0.0238838195800781
0.0245437622070313 -0.0502891540527344 0.0163612365722656 -0.0306377410888672
0.00167465209960937 -0.0542640686035156 0.00146484375 -0.0182590484619141
-0.00130462646484375 -0.0520286560058594 -0.00638484954833984 0.0029458999633789
-0.00310897827148437 -0.0561332702636719 -0.0164012908935547 0.0202369689941406
0.00571823120117187 -0.0573654174804688 -0.0321197509765625 0.0237140655517578
0.0274467468261719 -0.0491790771484375 -0.0419960021972656 0.0257644653320312
0.0406227111816406 -0.0373992919921875 -0.0426063537597656 0.0119667053222656
0.0517768859863281 -0.00913238525390625 -0.0410537719726563 0.00733566284179687
0.0597801208496094 0.0041656494140625 -0.0297088623046875 0.0194034576416016
0.0614547729492187 0.0169181823730469 -0.0260963439941406 0.0425834655761719
0.0687522888183594 0.0335693359375 0.0259304046630859 -0.0195140838623047
0.0706634521484375 0.0205764770507813 0.0485382080078125 0.0175552368164062
0.0713348388671875 0.00852203369140625 0.056121826171875 0.0191917419433594
0.0636672973632813 -0.0187416076660156 0.057891845703125 -0.000591278076171876
0.0435638427734375 -0.0368385314941406 0.0379104614257812 -0.0116767883300781
0.0202178955078125 -0.0506744384765625 0.0149917602539063 -0.0122442245483398
-2.67028808593739E-05 -0.0511512756347656 0.00515270233154297 0.00165367126464843
-0.00243377685546875 -0.0482025146484375 0.000280380249023437 0.0202255249023438
-0.00460052490234375 -0.0522384643554688 -0.00809478759765625 0.0374526977539063
0.00265884399414062 -0.0551528930664063 -0.0268516540527344 0.0402259826660156
0.0243568420410156 -0.0509681701660156 -0.0380210876464844 0.0384635925292969
0.0401840209960938 -0.0422439575195312 -0.0403480529785156 0.0188636779785156
0.0574264526367188 -0.0127830505371094 -0.0342826843261719 0.00885009765625001
0.06689453125 0.00325393676757813 -0.0115108489990234 0.0182456970214844
0.0656814575195313 0.0172042846679688 -0.00304412841796874 0.0505256652832031
0.0606613159179688 0.024383544921875 0.0447578430175781 -0.0125808715820313
0.0650863647460938 0.0135498046875 0.0610466003417969 0.0181961059570312
0.066131591796875 0.00189971923828125 0.0559539794921875 0.0187873840332031
0.054534912109375 -0.0235214233398438 0.0526504516601562 0.00618362426757812
0.032501220703125 -0.0368728637695313 0.0329265594482422 0.000389099121093748
0.0106391906738281 -0.0433502197265625 0.0155973434448242 0.00545215606689453
-0.00360870361328125 -0.0398216247558594 0.0099334716796875 0.0185203552246094
-0.00318145751953125 -0.0371475219726563 0.00661849975585938 0.0348796844482422
-0.0050811767578125 -0.0406455993652344 -0.001556396484375 0.0513114929199219
0.00055694580078125 -0.0437507629394531 -0.0224037170410156 0.053131103515625
0.0202407836914063 -0.0429878234863281 -0.0343971252441406 0.04742431640625
0.0357322692871094 -0.0381050109863281 -0.0372200012207031 0.023773193359375
0.0544586181640625 -0.0100555419921875 -0.0277042388916016 0.00868606567382813
0.0624732971191406 0.00500869750976563 0.00508594512939453 0.0173177719116211
0.058837890625 0.0172843933105469 0.0183143615722656 0.0590438842773437
0.0425071716308594 0.0124702453613281 0.0586128234863281 -0.01202392578125
0.0503807067871094 0.00492095947265625 0.0673561096191406 0.0130653381347656
0.0502128601074219 -0.00687026977539063 0.0533180236816406 0.0151443481445313
0.0362739562988281 -0.02435302734375 0.0464363098144531 0.0107803344726563
0.0155887603759766 -0.0309181213378906 0.0308284759521484 0.009368896484375
-0.00092506408691406 -0.0285778045654297 0.0181350708007813 0.0179386138916016
-0.00599288940429688 -0.0218029022216797 0.0157222747802734 0.0298042297363281
-0.00362968444824219 -0.0208683013916016 0.011932373046875 0.0430526733398438
-0.00378799438476562 -0.0230274200439453 0.00197219848632812 0.0602760314941406
-0.00104713439941406 -0.0262737274169922 -0.0207290649414062 0.0613937377929688
0.0137882232666016 -0.0289325714111328 -0.033935546875 0.0517501831054688
0.0271873474121094 -0.0269012451171875 -0.0357170104980469 0.0264320373535156
0.0423355102539063 -0.00466537475585938 -0.0224609375 0.0088043212890625
0.047698974609375 0.00645828247070312 0.0171298980712891 0.0179405212402344
0.0417594909667969 0.0140876770019531 0.0340614318847656 0.0662918090820313
0.0182933807373047 0.00101852416992188 0.0666427612304688 -0.0161094665527344
0.0286178588867188 -0.00309371948242188 0.0687332153320313 0.00418853759765625
0.0269985198974609 -0.0122356414794922 0.0482444763183594 0.00994873046875
0.0128231048583984 -0.0204010009765625 0.0415840148925781 0.0132522583007813
-0.00296211242675781 -0.0180511474609375 0.0310859680175781 0.0128269195556641
-0.0115222930908203 -0.00741481781005859 0.0238189697265625 0.0219688415527344
-0.0068354606628418 0.000169277191162108 0.02252197265625 0.0329341888427734
-0.00376009941101074 -0.000861167907714844 0.0162696838378906 0.0452995300292969
-0.00421977043151855 -0.00208878517150879 0.0030059814453125 0.0621147155761719
-0.00432538986206055 -0.00598716735839844 -0.0223884582519531 0.0640716552734375
0.00361919403076172 -0.0128622055053711 -0.0354461669921875 0.052398681640625
0.0138816833496094 -0.0145368576049805 -0.0362396240234375 0.0279693603515625
0.0238380432128906 -0.00116348266601563 -0.0223045349121094 0.00863456726074219
0.0243034362792969 0.00438117980957031 0.0207176208496094 0.0193920135498047
0.017669677734375 0.00670814514160156 0.0423126220703125 0.0712738037109375
0.0129489898681641 0.0183086395263672 -0.0449180603027344 -0.0600395202636719
0.00520658493041992 0.0027918815612793 -0.0112285614013672 -0.0166416168212891
0.0029294490814209 0.00424313545227051 0.0297260284423828 -0.00472068786621094
0.00941658020019531 0.00306129455566406 0.0483360290527344 -0.0283546447753906
0.0113239288330078 -0.00502872467041016 0.0401878356933594 -0.0506134033203125
0.00753211975097656 -0.0150566101074219 0.0157928466796875 -0.0694732666015625
-0.00118637084960937 -0.0226459503173828 -0.00888442993164062 -0.0640983581542969
-0.000278472900390625 -0.0216274261474609 -0.0201873779296875 -0.0425949096679687
0.00479316711425781 -0.0232582092285156 -0.0288200378417969 -0.0256233215332031
0.0135593414306641 -0.0179767608642578 -0.0351333618164062 -0.0192222595214844
0.0179347991943359 -0.00479698181152344 -0.0416984558105469 -0.00899124145507813
0.0132551193237305 0.00892925262451172 -0.0434532165527344 -0.00931167602539062
-0.00334739685058594 0.0129175186157227 -0.0540313720703125 -0.011505126953125
-0.00506067276000977 0.00842618942260742 -0.0665740966796875 0.00471115112304687
0.00117969512939453 0.0128707885742187 -0.0686492919921875 0.0196990966796875
0.0390510559082031 0.0279579162597656 -0.0337677001953125 -0.0537300109863281
0.0316352844238281 0.00914192199707031 0.0016326904296875 -0.0100412368774414
0.0273456573486328 0.00710678100585938 0.03900146484375 -0.000408172607421875
0.0291576385498047 -0.00337982177734375 0.0549507141113281 -0.0254402160644531
0.0250263214111328 -0.0161399841308594 0.0437583923339844 -0.0445594787597656
0.0143928527832031 -0.0322494506835938 0.017974853515625 -0.0601959228515625
-0.0010528564453125 -0.0398902893066406 -0.00535964965820313 -0.0528831481933594
-0.00154876708984375 -0.0381202697753906 -0.0174751281738281 -0.0302486419677734
0.0010223388671875 -0.0415306091308594 -0.0273704528808594 -0.0120296478271484
0.0131378173828125 -0.0385246276855469 -0.0381889343261719 -0.00679779052734375
0.0266094207763672 -0.0244178771972656 -0.0450363159179688 0.0015106201171875
0.0295543670654297 -0.00786590576171875 -0.0451278686523437 -0.00252914428710938
0.0199184417724609 0.00918769836425781 -0.0511817932128906 -0.00256729125976563
0.0211963653564453 0.0104408264160156 -0.0582733154296875 0.014312744140625
0.0275230407714844 0.0163288116455078 -0.0607986450195313 0.0300025939941406
0.0600967407226563 0.0342521667480469 -0.0165939331054687 -0.0428352355957031
0.0531501770019531 0.0166206359863281 0.0187568664550781 0.000257492065429689
0.0506019592285156 0.00940704345703125 0.0490646362304687 0.00648117065429688
0.0479583740234375 -0.00859832763671875 0.0610313415527344 -0.0186576843261719
0.0375442504882813 -0.0261344909667969 0.0448799133300781 -0.0363616943359375
0.0205917358398438 -0.0452461242675781 0.0192985534667969 -0.0475006103515625
-0.000797271728515625 -0.0517845153808594 -0.00148773193359375 -0.0368194580078125
-0.00300216674804688 -0.049041748046875 -0.0123815536499023 -0.0133800506591797
-0.00299835205078124 -0.0541191101074219 -0.0219631195068359 0.00568008422851562
0.00882720947265625 -0.0537757873535156 -0.0370521545410156 0.0106925964355469
0.0287208557128906 -0.0417900085449219 -0.0460548400878906 0.0169105529785156
0.0379219055175781 -0.0257492065429688 -0.0462455749511719 0.006805419921875
0.0393257141113281 -0.00016021728515625 -0.0473251342773438 0.00467300415039063
0.04486083984375 0.00759124755859375 -0.0456352233886719 0.0207328796386719
0.0487823486328125 0.017120361328125 -0.0452194213867188 0.0395011901855469
0.0710983276367188 0.03594970703125 0.00587844848632813 -0.0306682586669922
0.0679702758789063 0.0194320678710938 0.0364723205566406 0.0110244750976563
0.067596435546875 0.00988388061523437 0.0572509765625 0.0151901245117188
0.0616798400878906 -0.0158538818359375 0.0641860961914063 -0.0103797912597656
0.0444602966308594 -0.0345649719238281 0.0442695617675781 -0.0250205993652344
0.0224876403808594 -0.052642822265625 0.0183029174804688 -0.0302467346191406
-0.000816345214843755 -0.0563583374023437 0.00215339660644531 -0.017608642578125
-0.00320816040039063 -0.0536270141601562 -0.0052342414855957 0.00518560409545898
-0.00614166259765625 -0.0577735900878906 -0.0137462615966797 0.0250644683837891
0.00345993041992187 -0.0594711303710938 -0.0321903228759766 0.0296306610107422
0.026397705078125 -0.052276611328125 -0.0423164367675781 0.0312919616699219
0.0404548645019531 -0.0400238037109375 -0.0450859069824219 0.0162887573242188
0.0529212951660156 -0.00982666015625 -0.042572021484375 0.0104942321777344
0.0611572265625 0.00313186645507813 -0.0287227630615234 0.0221138000488281
0.0628585815429688 0.0164375305175781 -0.0244178771972656 0.0485000610351563
0.071624755859375 0.0319290161132813 0.0269565582275391 -0.0201759338378906
0.0720062255859375 0.0177764892578125 0.0525283813476563 0.0178489685058594
0.0746612548828125 0.00565338134765625 0.0617141723632813 0.0191535949707031
0.0637054443359375 -0.0216445922851563 0.0620040893554688 -0.00178146362304688
0.0419349670410156 -0.0393218994140625 0.0402793884277344 -0.0119094848632813
0.0184783935546875 -0.0519981384277344 0.0173540115356445 -0.0115594863891602
-0.00244140625 -0.0513992309570313 0.0066676139831543 0.00273847579956054
-0.00421524047851562 -0.0487937927246094 0.00211334228515625 0.0224742889404297
-0.00737762451171875 -0.0527076721191406 -0.00461959838867188 0.0420570373535156
-1.52587890625014E-05 -0.0559234619140625 -0.0258979797363281 0.0463218688964844
0.0224037170410156 -0.0527420043945312 -0.0376625061035156 0.044586181640625
0.0391921997070312 -0.0443840026855469 -0.0412635803222656 0.0234451293945313
0.0587272644042969 -0.0152854919433594 -0.0350570678710937 0.0119895935058594
0.0688400268554688 0.000690460205078125 -0.0106983184814453 0.0210399627685547
0.0674018859863281 0.0151214599609375 -0.000305175781249996 0.056121826171875
0.0617752075195313 0.0221023559570313 0.0460052490234375 -0.013153076171875
0.0657157897949219 0.0104598999023438 0.064666748046875 0.018402099609375
0.0677947998046875 -0.00164794921875 0.0617446899414063 0.0186309814453125
0.0536918640136719 -0.0256195068359375 0.0568046569824219 0.00584030151367187
0.0303840637207031 -0.0387535095214844 0.0362358093261719 -0.000434875488281252
0.00899505615234375 -0.0436248779296875 0.0177688598632813 0.00530624389648437
-0.00492095947265625 -0.0387763977050781 0.0120773315429688 0.0197200775146484
-0.00484466552734375 -0.0365104675292969 0.00931167602539062 0.0367393493652344
-0.00636672973632813 -0.039642333984375 0.00207138061523437 0.0551719665527344
-0.00121307373046875 -0.0427970886230469 -0.0202217102050781 0.05877685546875
0.01788330078125 -0.0436820983886719 -0.0336418151855469 0.0525665283203125
0.0337295532226563 -0.0399169921875 -0.0379142761230469 0.0282859802246094
0.0548095703125 -0.0130882263183594 -0.0277976989746094 0.0114421844482422
0.0635719299316406 0.00165176391601563 0.00645637512207032 0.0188388824462891
0.0596427917480469 0.0139274597167969 0.0213279724121094 0.0634307861328125
0.0426597595214844 0.00947189331054688 0.0605812072753906 -0.0134811401367188
0.050018310546875 0.00164794921875 0.0705108642578125 0.0128555297851563
0.050262451171875 -0.0101509094238281 0.0569877624511719 0.0153388977050781
0.0342063903808594 -0.0265884399414062 0.0494728088378906 0.0105438232421875
0.013031005859375 -0.0307350158691406 0.0335102081298828 0.00860786437988281
-0.0024871826171875 -0.0270023345947266 0.0216541290283203 0.0175075531005859
-0.00686264038085938 -0.0191135406494141 0.0189495086669922 0.0303020477294922
-0.00436782836914062 -0.0185298919677734 0.0149154663085937 0.0445289611816406
-0.00457000732421875 -0.0209770202636719 0.00583648681640625 0.0631065368652344
-0.00192070007324219 -0.0240421295166016 -0.0187187194824219 0.0664405822753906
0.0115337371826172 -0.0284633636474609 -0.0326995849609375 0.05670166015625
0.0251026153564453 -0.0273056030273438 -0.0356063842773438 0.0302925109863281
0.0420684814453125 -0.00678634643554688 -0.0235233306884766 0.0108566284179688
0.0470008850097656 0.003631591796875 0.0180931091308594 0.0185546875
0.0414962768554687 0.0109062194824219 0.0380668640136719 0.0697822570800781
0.0172080993652344 -0.00176811218261719 0.0671119689941406 -0.0188217163085938
0.0276641845703125 -0.00599288940429688 0.0705337524414063 0.00324249267578125
0.0255641937255859 -0.0152778625488281 0.0518951416015625 0.00955963134765625
0.0100517272949219 -0.0216712951660156 0.0460395812988281 0.012847900390625
-0.00578117370605469 -0.017359733581543 0.0345115661621094 0.0121173858642578
-0.0120563507080078 -0.00427532196044922 0.0273857116699219 0.0210971832275391
-0.00583982467651367 0.00331687927246094 0.0243167877197266 0.0318927764892578
-0.00363254547119141 0.00229334831237793 0.01873779296875 0.0460014343261719
-0.00270724296569824 0.000928401947021484 0.00608444213867187 0.0644264221191406
-0.00480985641479492 -0.00289249420166016 -0.0205230712890625 0.0678863525390625
0.00167560577392578 -0.0111408233642578 -0.0342788696289063 0.0565605163574219
0.0113067626953125 -0.014430046081543 -0.0367393493652344 0.0311203002929688
0.0226039886474609 -0.00248336791992188 -0.0231742858886719 0.0106601715087891
0.0223236083984375 0.0021820068359375 0.0212898254394531 0.0193500518798828
0.0166664123535156 0.00449562072753906 0.0451507568359375 0.0734939575195313
0.0167579650878906 0.0198879241943359 -0.0466461181640625 -0.0588188171386719
0.00876331329345703 0.00262022018432617 -0.00991058349609375 -0.0164995193481445
0.00556325912475586 0.00404024124145508 0.0313034057617188 -0.00693130493164063
0.0112743377685547 0.000810623168945312 0.0475425720214844 -0.0319900512695313
0.0114860534667969 -0.00779914855957031 0.0378074645996094 -0.0528755187988281
0.00592613220214844 -0.01849365234375 0.0124549865722656 -0.0698318481445313
-0.00403213500976562 -0.0245914459228516 -0.0120735168457031 -0.0630607604980469
-0.00265693664550781 -0.0237159729003906 -0.0220985412597656 -0.040374755859375
0.00232505798339844 -0.0265731811523437 -0.0294170379638672 -0.0220165252685547
0.0124912261962891 -0.0216140747070313 -0.0371131896972656 -0.0153732299804687
0.0197658538818359 -0.00798225402832031 -0.0438079833984375 -0.00529861450195312
0.0166826248168945 0.00725173950195313 -0.0457229614257813 -0.00661468505859375
-0.000584602355957031 0.0158023834228516 -0.0559959411621094 -0.00841140747070313
-0.00264549255371094 0.0119504928588867 -0.0665092468261719 0.00790405273437501
0.0035848617553711 0.0161361694335938 -0.0666389465332031 0.0240058898925781
0.0433578491210938 0.0272865295410156 -0.0346755981445313 -0.0521049499511719
0.0338230133056641 0.008087158203125 0.00406837463378906 -0.0104446411132813
0.0299968719482422 0.00489044189453125 0.0409889221191406 -0.00326156616210937
0.0301799774169922 -0.00638961791992187 0.0546875 -0.0285797119140625
0.0242080688476563 -0.0192527770996094 0.0420684814453125 -0.0463333129882813
0.011962890625 -0.0351753234863281 0.0161666870117188 -0.0601997375488281
-0.004638671875 -0.0414314270019531 -0.00734329223632813 -0.0515213012695313
-0.00547409057617187 -0.0398368835449219 -0.0173969268798828 -0.0277347564697266
-0.00311279296875 -0.0445442199707031 -0.0266895294189453 -0.0081005096435547
0.0111427307128906 -0.0414657592773438 -0.0385475158691406 -0.00201034545898437
0.0273227691650391 -0.0278682708740234 -0.0458946228027344 0.00641632080078125
0.0312252044677734 -0.01031494140625 -0.0474205017089844 0.00130081176757812
0.0228290557861328 0.0101509094238281 -0.0527801513671875 0.000679016113281251
0.0238075256347656 0.0125141143798828 -0.0570793151855469 0.0181541442871094
0.0294342041015625 0.0180644989013672 -0.0576972961425781 0.0352516174316406
0.0628929138183594 0.032684326171875 -0.0159187316894531 -0.0418930053710938
0.055206298828125 0.0134735107421875 0.0217361450195313 -0.000543594360351562
0.0521621704101563 0.006072998046875 0.0522422790527344 0.00399398803710938
0.0485038757324219 -0.0127334594726562 0.0622978210449219 -0.0218696594238281
0.0360221862792969 -0.0288047790527344 0.0448265075683594 -0.0377693176269531
0.0176544189453125 -0.0478286743164062 0.0184555053710937 -0.0472450256347656
-0.00450897216796875 -0.0527572631835938 -0.00176620483398437 -0.0355072021484375
-0.00674057006835938 -0.0499114990234375 -0.0111656188964844 -0.0111141204833984
-0.00672531127929688 -0.055999755859375 -0.0196151733398437 0.010040283203125
0.00571060180664062 -0.0555877685546875 -0.03619384765625 0.0162849426269531
0.0278244018554687 -0.0443572998046875 -0.0456047058105469 0.0220413208007812
0.0378952026367188 -0.0280189514160156 -0.0472412109375 0.0115242004394531
0.0413475036621094 -0.00049591064453125 -0.0482902526855469 0.00913238525390625
0.0458717346191406 0.00768661499023438 -0.0439186096191406 0.0242958068847656
0.0503768920898438 0.0169105529785156 -0.0411834716796875 0.0452613830566406
0.0731201171875 0.0329208374023438 0.00563430786132813 -0.0296211242675781
0.0687065124511719 0.0161666870117188 0.0397262573242188 0.01031494140625
0.0690269470214844 0.00535964965820313 0.0613288879394531 0.0116920471191406
0.0607528686523438 -0.0192756652832031 0.0659217834472656 -0.0139083862304688
0.0418701171875 -0.0375328063964844 0.0448532104492188 -0.0266685485839844
0.0188484191894531 -0.054656982421875 0.0187568664550781 -0.0302600860595703
-0.00428009033203125 -0.0559310913085938 0.00343990325927734 -0.016209602355957
-0.007232666015625 -0.0526962280273438 -0.00275993347167969 0.00743675231933593
-0.009490966796875 -0.0579910278320313 -0.00964164733886719 0.0285568237304688
6.10351562500015E-05 -0.0600929260253906 -0.0297908782958984 0.03497314453125
0.0239791870117188 -0.0539817810058594 -0.0408935546875 0.037445068359375
0.0389900207519531 -0.0423774719238281 -0.0449867248535156 0.0212440490722656
0.0536270141601563 -0.0116844177246094 -0.0423393249511719 0.0133171081542969
0.0621490478515625 0.00149154663085938 -0.0268306732177734 0.0257148742675781
0.064300537109375 0.0142440795898437 -0.020111083984375 0.0536422729492188
0.0726470947265625 0.02752685546875 0.0279369354248047 -0.0196628570556641
0.0715484619140625 0.0144271850585938 0.0564651489257813 0.0172958374023437
0.0743408203125 0.001220703125 0.066009521484375 0.0169563293457031
0.0626564025878906 -0.0250816345214844 0.064727783203125 -0.00448226928710938
0.0390396118164063 -0.0409889221191406 0.042449951171875 -0.01318359375
0.0154953002929687 -0.0529212951660156 0.0193347930908203 -0.0114841461181641
-0.00501251220703125 -0.0502967834472656 0.00917243957519531 0.003753662109375
-0.00645828247070312 -0.0471916198730469 0.00558662414550781 0.0243206024169922
-0.0100822448730469 -0.0513916015625 -0.000118255615234374 0.0451011657714844
-0.00297164916992187 -0.0544166564941406 -0.0226593017578125 0.0515174865722656
0.0192031860351563 -0.0528526306152344 -0.0351524353027344 0.0497970581054688
0.0361557006835938 -0.0461502075195313 -0.0403327941894531 0.0285835266113281
0.0576095581054688 -0.0177879333496094 -0.0347881317138672 0.0152511596679687
0.0680046081542969 -0.00235366821289063 -0.00844192504882812 0.0235576629638672
0.0673561096191406 0.0115776062011719 0.00412750244140626 0.0601844787597656
0.0612335205078125 0.01800537109375 0.0468673706054688 -0.0145034790039063
0.0640335083007813 0.007537841796875 0.0682525634765625 0.0175018310546875
0.0664405822753906 -0.0054473876953125 0.0651664733886719 0.0172233581542969
0.0514411926269531 -0.0284919738769531 0.0600738525390625 0.00305938720703125
0.0276451110839844 -0.0382652282714844 0.03839111328125 -0.00127029418945313
0.00705337524414063 -0.0422477722167969 0.0212440490722656 0.00503158569335937
-0.00584030151367188 -0.0368194580078125 0.0150279998779297 0.0196170806884766
-0.00613975524902344 -0.0341529846191406 0.013153076171875 0.037353515625
-0.0076141357421875 -0.0373153686523438 0.007598876953125 0.0574951171875
-0.00365066528320313 -0.0408821105957031 -0.0159912109375 0.0633506774902344
0.01483154296875 -0.0430221557617187 -0.0300674438476562 0.0576286315917969
0.0303993225097656 -0.0404167175292969 -0.036834716796875 0.0321769714355469
0.0522994995117187 -0.0153083801269531 -0.0275669097900391 0.0145606994628906
0.06146240234375 -0.0020751953125 0.00819015502929688 0.0197544097900391
0.0587844848632813 0.0102882385253906 0.0260772705078125 0.0659828186035156
0.0411567687988281 0.00609970092773438 0.0599746704101562 -0.0152130126953125
0.0473709106445313 -0.00209426879882812 0.0723724365234375 0.0113372802734375
0.0476493835449219 -0.01348876953125 0.0611076354980469 0.013519287109375
0.0312042236328125 -0.0275917053222656 0.0532417297363281 0.00836181640625
0.00971031188964844 -0.0295810699462891 0.0360488891601563 0.00681686401367187
-0.00354957580566406 -0.0236167907714844 0.0241165161132812 0.0156402587890625
-0.00661659240722656 -0.0161733627319336 0.0208396911621094 0.0290298461914063
-0.00434589385986328 -0.0158309936523437 0.0182456970214844 0.0447845458984375
-0.00448799133300781 -0.0183639526367188 0.0112800598144531 0.0640449523925781
-0.00278472900390625 -0.02099609375 -0.0141220092773438 0.0698928833007812
0.00913619995117188 -0.0264434814453125 -0.0291709899902344 0.0609283447265625
0.0213947296142578 -0.0276966094970703 -0.0343894958496094 0.0344524383544922
0.0391464233398438 -0.00856781005859375 -0.0227775573730469 0.0130500793457031
0.0445518493652344 0.00052642822265625 0.0186576843261719 0.0192642211914063
0.0399284362792969 0.007110595703125 0.0423431396484375 0.071014404296875
0.0154237747192383 -0.0048980712890625 0.065643310546875 -0.0215911865234375
0.0249309539794922 -0.00881195068359375 0.0715866088867188 0.00096893310546875
0.0224056243896484 -0.0182151794433594 0.0542068481445312 0.00806808471679687
0.0067596435546875 -0.0219631195068359 0.0489349365234375 0.0109214782714844
-0.00917243957519531 -0.0145950317382813 0.0369644165039063 0.00928497314453125
-0.0119152069091797 -0.000375747680664064 0.02923583984375 0.0177764892578125
-0.0039820671081543 0.00684261322021484 0.0254459381103516 0.0299301147460938
-0.0020451545715332 0.0048518180847168 0.021392822265625 0.0452842712402344
-0.000928878784179688 0.00406718254089355 0.0103683471679687 0.0647506713867187
-0.00406813621520996 0.000133514404296874 -0.0159454345703125 0.0709228515625
-0.000338077545166016 -0.00818252563476563 -0.0310592651367188 0.060089111328125
0.00885486602783203 -0.0131340026855469 -0.0356521606445313 0.0342063903808594
0.0202159881591797 -0.00312995910644531 -0.0234813690185547 0.0126876831054688
0.0194797515869141 4.76837158203125E-05 0.0209026336669922 0.0189456939697266
0.0139751434326172 0.00103282928466797 0.0491180419921875 0.07342529296875
0.0209789276123047 0.0206451416015625 -0.0462188720703125 -0.0574302673339844
0.0116386413574219 0.00245475769042969 -0.00833320617675781 -0.0172357559204102
0.008087158203125 0.00253963470458984 0.031646728515625 -0.00921440124511719
0.0118017196655273 -0.00217247009277344 0.04608154296875 -0.0338935852050781
0.0109529495239258 -0.0103673934936523 0.0345001220703125 -0.0531425476074219
0.00361824035644531 -0.0213737487792969 0.0099334716796875 -0.0681648254394531
-0.00759315490722656 -0.0254611968994141 -0.0138778686523438 -0.0599861145019531
-0.00594711303710938 -0.0247077941894531 -0.0221099853515625 -0.0375175476074219
-0.00135231018066407 -0.0287818908691406 -0.0290069580078125 -0.0184059143066406
0.0108127593994141 -0.0247364044189453 -0.0368766784667969 -0.0110092163085938
0.0208282470703125 -0.0107955932617188 -0.0437583923339844 -0.00103378295898438
0.0196533203125 0.00516510009765625 -0.0461502075195313 -0.00344848632812501
0.00360774993896484 0.0169572830200195 -0.0562705993652344 -0.00598144531250001
0.00089740753173828 0.0151147842407227 -0.0646286010742188 0.009429931640625
0.00678443908691406 0.0182704925537109 -0.0621757507324219 0.0258979797363281
0.04595947265625 0.0266380310058594 -0.0338668823242187 -0.0501670837402344
0.0357017517089844 0.0058135986328125 0.00654125213623047 -0.0114564895629883
0.0309925079345703 0.00245094299316406 0.0420608520507813 -0.00563812255859375
0.0300216674804687 -0.00976943969726562 0.0536727905273438 -0.0300216674804688
0.0228290557861328 -0.0215721130371094 0.0405731201171875 -0.046417236328125
0.00859832763671875 -0.0373725891113281 0.0151519775390625 -0.05841064453125
-0.00890731811523438 -0.0415763854980469 -0.00767135620117187 -0.0489692687988281
-0.00867080688476563 -0.0398712158203125 -0.0166168212890625 -0.0247077941894531
-0.00629806518554687 -0.0453262329101563 -0.0244255065917969 -0.00433540344238282
0.00841522216796874 -0.0440254211425781 -0.0370826721191406 0.00273895263671875
0.0269603729248047 -0.0305595397949219 -0.0451316833496094 0.0110969543457031
0.0327281951904297 -0.0118789672851563 -0.04632568359375 0.00458908081054687
0.0252666473388672 0.0107517242431641 -0.0520744323730469 0.0033416748046875
0.0260639190673828 0.0135307312011719 -0.0543136596679687 0.0200920104980469
0.0315456390380859 0.0194778442382813 -0.0528373718261719 0.0378456115722656
0.0642166137695313 0.0304832458496094 -0.0141372680664062 -0.0399894714355469
0.0548896789550781 0.0111122131347656 0.0247726440429688 -0.00109672546386719
0.0525856018066406 0.00284576416015625 0.053955078125 0.00194931030273438
0.0470619201660156 -0.0153923034667969 0.0619888305664063 -0.0239181518554688
0.0331707000732422 -0.0311412811279297 0.0443267822265625 -0.0375251770019531
0.0143241882324219 -0.0488510131835938 0.0183639526367187 -0.04541015625
-0.00816726684570312 -0.0519142150878906 -0.00112533569335938 -0.0334529876708984
-0.00981521606445313 -0.0491256713867188 -0.00815820693969727 -0.00824737548828125
-0.0102958679199219 -0.0552711486816406 -0.0160188674926758 0.013270378112793
0.00319671630859376 -0.0559806823730469 -0.0334892272949219 0.0212154388427734
0.02630615234375 -0.045501708984375 -0.0432968139648438 0.0266990661621094
0.0376510620117188 -0.0295295715332031 -0.0455589294433594 0.015380859375
0.0422592163085938 -0.000186920166015625 -0.0467948913574219 0.0116004943847656
0.0467453002929687 0.00791168212890625 -0.0402603149414063 0.02618408203125
0.0509757995605469 0.0169105529785156 -0.0359840393066406 0.0481224060058594
0.0728912353515625 0.0297622680664063 0.00693893432617188 -0.0286388397216797
0.0672416687011719 0.0131568908691406 0.0432777404785156 0.008758544921875
0.0673332214355469 0.00181198120117188 0.0637130737304688 0.00913619995117188
0.0583457946777344 -0.0217704772949219 0.0671463012695313 -0.0153961181640625
0.0388107299804688 -0.037933349609375 0.0451507568359375 -0.0273170471191406
0.0161170959472656 -0.0539131164550781 0.0204219818115234 -0.0288543701171875
-0.00689315795898438 -0.0543670654296875 0.00536441802978516 -0.0145635604858398
-0.00912094116210938 -0.0513877868652344 0.000924587249755859 0.00860357284545898
-0.0123977661132813 -0.0560340881347656 -0.00524330139160156 0.0309219360351562
-0.00239944458007812 -0.0586624145507813 -0.0259132385253906 0.0395240783691406
0.0213470458984375 -0.0538444519042969 -0.0376510620117187 0.0418968200683594
0.0373497009277344 -0.0424308776855469 -0.0426712036132813 0.0254058837890625
0.0523567199707031 -0.0118751525878906 -0.0410423278808594 0.0169677734375
0.0603828430175781 0.000270843505859375 -0.0230445861816406 0.0273056030273438
0.062652587890625 0.012664794921875 -0.0143852233886719 0.0561676025390625
0.0707626342773438 0.0240554809570313 0.0286064147949219 -0.0195331573486328
0.0684585571289063 0.0113143920898438 0.0591773986816406 0.0157127380371094
0.0718231201171875 -0.00151824951171875 0.0684547424316406 0.0141944885253906
0.0591201782226563 -0.0266227722167969 0.0662193298339844 -0.00654983520507813
0.0357666015625 -0.0398635864257813 0.0429458618164063 -0.0143089294433594
0.0133399963378906 -0.0516624450683594 0.0218315124511719 -0.0118904113769531
-0.00634002685546875 -0.0478401184082031 0.0111751556396484 0.00403881072998047
-0.00817489624023438 -0.0440216064453125 0.00959205627441407 0.0251560211181641
-0.0111465454101563 -0.0487747192382813 0.00502777099609375 0.0458145141601563
-0.00514984130859375 -0.0514488220214844 -0.0180015563964844 0.0551986694335938
0.0164337158203125 -0.0513153076171875 -0.0306816101074219 0.0535964965820313
0.0327720642089844 -0.045654296875 -0.0379219055175781 0.0324859619140625
0.0549240112304687 -0.0183258056640625 -0.0330886840820313 0.0183334350585937
0.0647811889648438 -0.00414657592773438 -0.00576972961425781 0.0241870880126953
0.0641860961914063 0.00979995727539063 0.00895309448242188 0.0621871948242187
0.0581626892089844 0.0144844055175781 0.0459022521972656 -0.014007568359375
0.0601272583007812 0.00436019897460937 0.0690269470214844 0.0158195495605469
0.0628128051757813 -0.00818252563476563 0.0672531127929688 0.0156745910644531
0.0480270385742188 -0.0282249450683594 0.0614967346191406 0.00131607055664062
0.0246086120605469 -0.0365180969238281 0.0398025512695313 -0.00266265869140625
0.00543594360351563 -0.0396041870117187 0.0231895446777344 0.00418281555175781
-0.0057373046875 -0.0335903167724609 0.0173683166503906 0.0191574096679687
-0.00575065612792969 -0.0304584503173828 0.0168647766113281 0.0370903015136719
-0.00796318054199219 -0.0341320037841797 0.0127944946289062 0.0567665100097656
-0.00431060791015625 -0.0366477966308594 -0.01104736328125 0.0653038024902344
0.0121040344238281 -0.0399894714355469 -0.0258903503417969 0.0606613159179688
0.026031494140625 -0.0390472412109375 -0.0338783264160156 0.0362586975097656
0.0488014221191406 -0.0165290832519531 -0.0263519287109375 0.0169162750244141
0.0571861267089844 -0.0040283203125 0.00938987731933594 0.0205478668212891
0.0550003051757813 0.0069732666015625 0.0293006896972656 0.0664100646972656
0.0379867553710937 0.0030975341796875 0.0578231811523438 -0.01568603515625
0.0432243347167969 -0.00373077392578125 0.0726089477539063 0.0097198486328125
0.0437736511230469 -0.0154342651367188 0.0621490478515625 0.0124702453613281
0.0269451141357422 -0.0263271331787109 0.0546760559082031 0.00645065307617187
0.00714874267578125 -0.0263290405273438 0.0373497009277344 0.00440216064453125
-0.0037384033203125 -0.0197124481201172 0.0260677337646484 0.0138378143310547
-0.00468826293945313 -0.0130243301391602 0.02203369140625 0.0276908874511719
-0.0027008056640625 -0.0124216079711914 0.0214309692382813 0.0433731079101563
-0.00252246856689453 -0.014556884765625 0.0149574279785156 0.0628089904785156
-0.00282955169677734 -0.0175361633300781 -0.00980377197265626 0.0709609985351563
0.00727272033691406 -0.0225849151611328 -0.0244331359863281 0.0627212524414063
0.018524169921875 -0.0252017974853516 -0.0317497253417969 0.0366249084472656
0.0356788635253906 -0.00978469848632813 -0.0217819213867188 0.0152950286865234
0.0400886535644531 -0.001953125 0.0194664001464844 0.0190715789794922
0.0361366271972656 0.00402450561523438 0.044586181640625 0.070892333984375
0.0125408172607422 -0.00729084014892578 0.0621223449707031 -0.0230751037597656
0.0205535888671875 -0.0109825134277344 0.07012939453125 -0.000804901123046876
0.018157958984375 -0.0193443298339844 0.0551376342773438 0.00638580322265625
0.00278854370117187 -0.0199699401855469 0.0506591796875 0.00820159912109375
-0.0107755661010742 -0.0105314254760742 0.03790283203125 0.00615692138671875
-0.0106563568115234 0.00342941284179688 0.0300464630126953 0.0151901245117188
-0.00168514251708984 0.00955295562744141 0.0266952514648438 0.0272769927978516
0.00104475021362305 0.00713825225830078 0.0224723815917969 0.0426406860351563
0.0015406608581543 0.00661849975585937 0.0140380859375 0.062286376953125
-0.0019688606262207 0.00366950035095215 -0.0122451782226563 0.0710220336914063
-0.000421524047851562 -0.00453853607177734 -0.0266838073730469 0.0606536865234375
0.00625514984130859 -0.010096549987793 -0.03302001953125 0.036376953125
0.0168476104736328 -0.00337028503417969 -0.0230960845947266 0.0140857696533203
0.0152254104614258 -0.00113105773925781 0.0194969177246094 0.0189743041992188
0.00972270965576172 -0.00127220153808594 0.0507583618164062 0.0720367431640625
0.0243740081787109 0.0214118957519531 -0.0439109802246094 -0.0575370788574219
0.0140390396118164 0.00167465209960938 -0.00685310363769531 -0.0178279876708984
0.010772705078125 -3.814697265625E-05 0.03173828125 -0.0107440948486328
0.0126934051513672 -0.00523662567138672 0.04443359375 -0.0339431762695313
0.010406494140625 -0.0128593444824219 0.0336265563964844 -0.0515556335449219
0.000558853149414062 -0.0235404968261719 0.00926589965820312 -0.0652809143066406
-0.0105476379394531 -0.0270004272460938 -0.0133399963378906 -0.057647705078125
-0.00903892517089844 -0.0255355834960938 -0.0201625823974609 -0.0349941253662109
-0.0049591064453125 -0.0304126739501953 -0.0265693664550781 -0.01629638671875
0.00950241088867187 -0.0274066925048828 -0.0351715087890625 -0.00806427001953124
0.0213375091552734 -0.0140895843505859 -0.042816162109375 0.00168991088867188
0.0210533142089844 0.00272560119628906 -0.0457763671875 -0.00215530395507812
0.00726985931396485 0.0172824859619141 -0.0556831359863281 -0.00563430786132812
0.00473403930664063 0.0166482925415039 -0.0626068115234375 0.00820922851562499
0.0101375579833984 0.0211391448974609 -0.0586357116699219 0.0251655578613281
0.0480461120605469 0.0267295837402344 -0.0299949645996094 -0.0490303039550781
0.036712646484375 0.00522232055664063 0.00884532928466797 -0.0117998123168945
0.0319652557373047 0.000173568725585938 0.0424728393554688 -0.00675201416015625
0.0297603607177734 -0.0121784210205078 0.0526504516601563 -0.0300636291503906
0.0214405059814453 -0.0234375 0.039581298828125 -0.045135498046875
0.0064544677734375 -0.0381584167480469 0.0156822204589844 -0.0557365417480469
-0.0112991333007813 -0.0420570373535156 -0.00610733032226562 -0.0465888977050781
-0.0107307434082031 -0.0398368835449219 -0.013458251953125 -0.0222759246826172
-0.0090179443359375 -0.046142578125 -0.0209999084472656 -0.00229072570800781
0.00714874267578125 -0.0454483032226563 -0.0345916748046875 0.00621795654296874
0.0271263122558594 -0.0322608947753906 -0.0433311462402344 0.0136756896972656
0.0344772338867188 -0.0133857727050781 -0.0457916259765625 0.00691986083984375
0.0283946990966797 0.011993408203125 -0.0507774353027344 0.00450515747070313
0.0283451080322266 0.0164108276367188 -0.0517921447753906 0.0191421508789062
0.0332508087158203 0.0217761993408203 -0.0482902526855469 0.0376319885253906
0.0636024475097656 0.0304412841796875 -0.0112838745117187 -0.0382308959960937
0.0537147521972656 0.0100250244140625 0.0268421173095703 -0.00204086303710937
0.0515708923339844 0.0011749267578125 0.0548591613769531 3.05175781250001E-05
0.045257568359375 -0.0168952941894531 0.061920166015625 -0.0238189697265625
0.031768798828125 -0.0311298370361328 0.0444717407226563 -0.036651611328125
0.0115699768066406 -0.0485610961914063 0.0204505920410156 -0.0435829162597656
-0.00947189331054687 -0.0509071350097656 0.00119400024414062 -0.0313720703125
-0.0111808776855469 -0.0481986999511719 -0.00552558898925781 -0.00685787200927735
-0.0121192932128906 -0.0546607971191406 -0.0119647979736328 0.0148429870605469
0.00246047973632812 -0.0557136535644531 -0.0297870635986328 0.0243244171142578
0.0260658264160156 -0.0463066101074219 -0.0402679443359375 0.0298614501953125
0.0384521484375 -0.0295448303222656 -0.0440483093261719 0.0176506042480469
0.0439300537109375 0.0010528564453125 -0.0455474853515625 0.0129852294921875
0.0473175048828125 0.00996780395507813 -0.0374107360839844 0.0260276794433594
0.0503311157226562 0.0192718505859375 -0.0316505432128906 0.0490646362304688
0.0704498291015625 0.0300445556640625 0.00992965698242188 -0.0270328521728516
0.0642776489257813 0.0128822326660156 0.0453758239746094 0.00857925415039063
0.0659332275390625 0.000728607177734375 0.06451416015625 0.008544921875
0.05615234375 -0.0218963623046875 0.0674362182617188 -0.0156440734863281
0.0369720458984375 -0.0369644165039062 0.0461616516113281 -0.0262336730957031
0.0149078369140625 -0.052398681640625 0.0226936340332031 -0.0276432037353516
-0.00780487060546875 -0.0521011352539063 0.00792789459228516 -0.0131244659423828
-0.0095977783203125 -0.0488166809082031 0.00406932830810547 0.00985336303710937
-0.0129661560058594 -0.0546836853027344 -0.000940322875976562 0.0318889617919922
-0.00250244140625001 -0.0569496154785156 -0.0211906433105469 0.0417442321777344
0.0213356018066406 -0.0524368286132813 -0.0340766906738281 0.0443763732910156
0.0364990234375 -0.0411949157714844 -0.0398445129394531 0.0273933410644531
0.0513267517089844 -0.010772705078125 -0.0389404296875 0.018402099609375
0.0591773986816406 0.00243759155273437 -0.0207424163818359 0.0275478363037109
0.0608139038085938 0.0143280029296875 -0.0105552673339844 0.0571937561035156
0.0669784545898438 0.0236091613769531 0.0301170349121094 -0.0170249938964844
0.0645637512207031 0.011260986328125 0.0603141784667969 0.0156822204589844
0.0683364868164063 -0.00176239013671875 0.0691719055175781 0.0135307312011719
0.0563697814941406 -0.0248069763183594 0.0676078796386719 -0.00629425048828125
0.0341987609863281 -0.0376129150390625 0.0441703796386719 -0.0143966674804688
0.0122718811035156 -0.04901123046875 0.0239620208740234 -0.0111942291259766
-0.00514602661132812 -0.0457115173339844 0.0136470794677734 0.00431442260742187
-0.007232666015625 -0.0414085388183594 0.0121688842773438 0.0252170562744141
-0.01092529296875 -0.0462989807128906 0.00892257690429688 0.0462646484375
-0.00412750244140625 -0.0485725402832031 -0.0131950378417969 0.056549072265625
0.0157508850097656 -0.0482521057128906 -0.0271072387695312 0.0552825927734375
0.0311813354492187 -0.0431480407714844 -0.035369873046875 0.0345535278320313
0.0523185729980469 -0.0162696838378906 -0.0310173034667969 0.0193157196044922
0.0617446899414063 -0.003204345703125 -0.0037078857421875 0.0252933502197266
0.0605125427246094 0.01019287109375 0.0124282836914063 0.0635223388671875
0.0536918640136719 0.01324462890625 0.0466575622558594 -0.0118026733398438
0.0550994873046875 0.00507736206054688 0.0694656372070313 0.0165328979492187
0.0586318969726563 -0.00813674926757813 0.0681953430175781 0.0147895812988281
0.0447273254394531 -0.0265312194824219 0.0621910095214844 0.000652313232421873
0.0232982635498047 -0.0324764251708984 0.0406417846679688 -0.00318145751953125
0.0056304931640625 -0.0355339050292969 0.0248641967773438 0.00384330749511719
-0.00411796569824218 -0.0306396484375 0.0188751220703125 0.0190544128417969
-0.003814697265625 -0.0282497406005859 0.0189323425292969 0.036285400390625
-0.00607490539550781 -0.0310516357421875 0.0161056518554688 0.0558547973632813
-0.00352668762207031 -0.0330486297607422 -0.00706863403320313 0.0659027099609375
0.0111465454101563 -0.0362129211425781 -0.0218734741210938 0.0617485046386719
0.0240821838378906 -0.03570556640625 -0.0310783386230469 0.0371627807617188
0.045166015625 -0.0146255493164062 -0.0241527557373047 0.0186786651611328
0.0529594421386719 -0.00405502319335938 0.0107879638671875 0.0215778350830078
0.0503654479980469 0.007080078125 0.0317001342773438 0.0677566528320313
0.0336322784423828 0.00143814086914063 0.055938720703125 -0.0130043029785156
0.0374221801757813 -0.00414657592773438 0.0719528198242188 0.0108261108398438
0.0390052795410156 -0.0145492553710938 0.0622673034667969 0.0123329162597656
0.0243072509765625 -0.0239753723144531 0.05535888671875 0.00635910034179687
0.00570106506347656 -0.0222396850585938 0.0383186340332031 0.0036163330078125
-0.00236129760742187 -0.0167713165283203 0.0263442993164063 0.0123348236083984
-0.00182914733886719 -0.0103511810302734 0.0225753784179687 0.0267829895019531
-0.000257492065429687 -0.00996017456054688 0.0221595764160156 0.0413589477539063
-0.000210762023925782 -0.0115499496459961 0.0168800354003906 0.0609855651855469
-0.000703811645507814 -0.0132789611816406 -0.00617218017578125 0.0708236694335938
0.00642204284667969 -0.0184688568115234 -0.0213851928710938 0.063018798828125
0.0158500671386719 -0.0212764739990234 -0.0298500061035156 0.037628173828125
0.0315284729003906 -0.0082550048828125 -0.0209789276123047 0.0169925689697266
0.0345726013183594 -0.0013885498046875 0.0192737579345703 0.0193386077880859
0.0303783416748047 0.00333976745605469 0.0449066162109375 0.0716705322265625
0.0081477165222168 -0.00847482681274414 0.0589332580566406 -0.0203857421875
0.0156173706054687 -0.0117692947387695 0.0682449340820313 0.000804901123046874
0.0136528015136719 -0.0191211700439453 0.0558052062988281 0.00702285766601562
5.72204589843733E-05 -0.0178852081298828 0.0511054992675781 0.00714111328125
-0.0114612579345703 -0.00752830505371094 0.0365066528320313 0.00415802001953125
-0.00931644439697266 0.00697803497314453 0.0295143127441406 0.0125789642333984
0.00134372711181641 0.0115976333618164 0.0252876281738281 0.0261497497558594
0.00356388092041016 0.00972557067871094 0.0218925476074219 0.0406417846679688
0.00476360321044922 0.00877237319946289 0.0146598815917969 0.0604362487792969
0.000772953033447266 0.00681924819946289 -0.0101127624511719 0.0695533752441406
-0.000272274017333984 -0.000657021999359131 -0.0245742797851563 0.0599708557128906
0.00382423400878906 -0.00677967071533203 -0.0315628051757812 0.0367393493652344
0.0132513046264648 -0.00181388854980469 -0.0232105255126953 0.0153923034667969
0.0101318359375 -0.0009002685546875 0.0192928314208984 0.0194034576416016
0.00514554977416992 -0.00174856185913086 0.04901123046875 0.07208251953125
0.0283222198486328 0.0226917266845703 -0.0409164428710938 -0.0593643188476562
0.0177707672119141 0.000650405883789063 -0.0045928955078125 -0.0201015472412109
0.0125217437744141 -0.002349853515625 0.0324287414550781 -0.0115013122558594
0.0131216049194336 -0.00842094421386719 0.0450630187988281 -0.0336227416992188
0.00933361053466797 -0.0161848068237305 0.0349922180175781 -0.0496177673339844
-0.00197792053222656 -0.0261287689208984 0.0111579895019531 -0.0637474060058594
-0.0137939453125 -0.0280361175537109 -0.0111083984375 -0.0565185546875
-0.01190185546875 -0.0265789031982422 -0.0178585052490234 -0.0344104766845703
-0.00838279724121094 -0.03271484375 -0.0238800048828125 -0.0154552459716797
0.007598876953125 -0.0307502746582031 -0.0333290100097656 -0.00669097900390625
0.0219020843505859 -0.0176544189453125 -0.0416717529296875 0.00289535522460938
0.0239715576171875 0.000520706176757813 -0.0465850830078125 -0.00196075439453125
0.0110969543457031 0.0179691314697266 -0.0562515258789063 -0.00669097900390624
0.00909423828125 0.0186862945556641 -0.0625343322753906 0.00585174560546876
0.0135326385498047 0.0237865447998047 -0.0569839477539063 0.0224266052246094
0.0505523681640625 0.0291938781738281 -0.0259437561035156 -0.0509490966796875
0.0383567810058594 0.00484466552734375 0.0116596221923828 -0.0134658813476563
0.0329570770263672 -0.00138092041015625 0.0443878173828125 -0.00716781616210938
0.0298385620117188 -0.0139694213867188 0.0537872314453125 -0.0289878845214844
0.0202255249023438 -0.0252189636230469 0.0410194396972656 -0.0431785583496094
0.00432205200195312 -0.0396499633789063 0.0183906555175781 -0.0541648864746094
-0.0131874084472656 -0.041778564453125 -0.0030059814453125 -0.0452613830566406
-0.0122489929199219 -0.0403823852539063 -0.0101222991943359 -0.0222053527832031
-0.0107269287109375 -0.0478935241699219 -0.017369270324707 -0.00106048583984375
0.00632095336914063 -0.0473861694335938 -0.0318927764892578 0.00804710388183593
0.0285778045654297 -0.0344276428222656 -0.0418739318847656 0.0161552429199219
0.0363540649414063 -0.0147590637207031 -0.045013427734375 0.00770187377929687
0.0318012237548828 0.0134563446044922 -0.0504684448242188 0.004180908203125
0.0316123962402344 0.0189380645751953 -0.0506477355957031 0.016937255859375
0.0349617004394531 0.0256500244140625 -0.04583740234375 0.0362014770507812
0.0643768310546875 0.0323333740234375 -0.00669860839843749 -0.0388221740722656
0.0540199279785156 0.0113372802734375 0.0300254821777344 -0.00244140625
0.0515670776367187 0.00079345703125 0.0568199157714844 0.000339508056640625
0.0452728271484375 -0.0172843933105469 0.063201904296875 -0.0229873657226563
0.0306739807128906 -0.0317230224609375 0.0465011596679688 -0.0351219177246094
0.0101547241210937 -0.0489578247070312 0.023773193359375 -0.0418701171875
-0.0101661682128906 -0.0508193969726563 0.00531578063964844 -0.0300674438476563
-0.0114669799804687 -0.0479583740234375 -0.000960826873779298 -0.00615644454956055
-0.0131149291992188 -0.0551681518554688 -0.00765419006347657 0.0160341262817383
0.00244522094726563 -0.0571098327636719 -0.0263957977294922 0.0263729095458984
0.0277366638183594 -0.0465087890625 -0.03851318359375 0.0319175720214844
0.0412712097167969 -0.0298118591308594 -0.0430908203125 0.0192413330078125
0.0461845397949219 0.00329971313476563 -0.0448112487792969 0.0138053894042969
0.0493202209472656 0.0133514404296875 -0.0357780456542969 0.0252723693847656
0.0510787963867188 0.0227775573730469 -0.0282821655273437 0.0487632751464844
0.0691070556640625 0.0320892333984375 0.0141544342041016 -0.0256786346435547
0.0622596740722656 0.0148811340332031 0.0479660034179688 0.00942230224609375
0.0645980834960938 0.00255203247070313 0.0662879943847656 0.00859832763671875
0.055389404296875 -0.0206108093261719 0.0693626403808594 -0.0140876770019531
0.0364570617675781 -0.0357246398925781 0.0481300354003906 -0.0248527526855469
0.014129638671875 -0.0520591735839844 0.0263576507568359 -0.0266838073730469
-0.00627899169921875 -0.0516128540039063 0.0116815567016602 -0.0122442245483398
-0.00879287719726562 -0.048126220703125 0.00745391845703125 0.0103778839111328
-0.0120277404785156 -0.05462646484375 0.00305366516113281 0.0329189300537109
-0.00145339965820312 -0.0564842224121094 -0.0182685852050781 0.0442047119140625
0.0227890014648438 -0.0516815185546875 -0.0319480895996094 0.0467185974121094
0.0381698608398437 -0.03955078125 -0.038970947265625 0.0293540954589844
0.05303955078125 -0.00788116455078125 -0.0373001098632813 0.0193290710449219
0.0593338012695312 0.00494384765625 -0.0189857482910156 0.0273723602294922
0.0593452453613281 0.0177955627441406 -0.00761032104492187 0.0586395263671875
0.0636444091796875 0.0259017944335938 0.0330028533935547 -0.0147495269775391
0.06146240234375 0.013916015625 0.0622634887695313 0.0177040100097656
0.0667037963867188 0.0001220703125 0.0710220336914063 0.0150680541992188
0.055633544921875 -0.0225334167480469 0.0690193176269531 -0.00509262084960938
0.0345535278320313 -0.0344676971435547 0.0463638305664063 -0.0130081176757813
0.0142364501953125 -0.0464439392089844 0.0269203186035156 -0.0106754302978516
-0.00335311889648438 -0.0440216064453125 0.0170774459838867 0.00529766082763672
-0.00484466552734375 -0.0401115417480469 0.0154132843017578 0.0254344940185547
-0.00852584838867188 -0.0452461242675781 0.0121841430664063 0.046875
-0.00217437744140625 -0.0466499328613281 -0.00992202758789063 0.0583229064941406
0.0175514221191406 -0.0459251403808594 -0.0251388549804687 0.0571250915527344
0.0320510864257813 -0.0399093627929688 -0.0337638854980469 0.036102294921875
0.05181884765625 -0.0133247375488281 -0.0300178527832031 0.0212783813476563
0.0595588684082031 5.7220458984375E-05 -0.00172805786132812 0.0261039733886719
0.0580482482910156 0.01324462890625 0.0145263671875 0.0651473999023438
0.0494384765625 0.0146255493164063 0.0480308532714844 -0.0081024169921875
0.0508880615234375 0.00732040405273438 0.0706863403320312 0.0196304321289062
0.0556831359863281 -0.00527191162109375 0.0698432922363281 0.0165939331054688
0.0435523986816406 -0.02294921875 0.0644340515136719 0.00213241577148437
0.0236225128173828 -0.0289554595947266 0.0423431396484375 -0.00264739990234375
0.008514404296875 -0.0337123870849609 0.0262908935546875 0.00370407104492187
-0.00049400329589844 -0.0290203094482422 0.0203647613525391 0.0193500518798828
-0.00103187561035156 -0.0263900756835938 0.0205039978027344 0.0358734130859375
-0.00299835205078125 -0.0297164916992188 0.0181350708007812 0.0559005737304688
-3.81469726562502E-05 -0.0301837921142578 -0.0053253173828125 0.0674705505371094
0.0132675170898437 -0.0323047637939453 -0.020294189453125 0.0620880126953125
0.0245723724365234 -0.0314693450927734 -0.0296783447265625 0.0384445190429687
0.043304443359375 -0.011566162109375 -0.0235958099365234 0.0193061828613281
0.0491218566894531 -0.00105667114257812 0.0116863250732422 0.0229091644287109
0.0462684631347656 0.00847244262695313 0.0324325561523438 0.0706710815429688
0.0292377471923828 0.00198936462402344 0.0563697814941406 -0.00923919677734375
0.0330467224121094 -0.00237655639648437 0.072845458984375 0.014434814453125
0.0353736877441406 -0.0125274658203125 0.0638771057128906 0.0140571594238281
0.0220260620117188 -0.0206298828125 0.0577201843261719 0.00701522827148437
0.00586318969726562 -0.0181198120117188 0.0388755798339844 0.0028533935546875
0.000273704528808592 -0.0139455795288086 0.0269412994384766 0.0116558074951172
0.00157785415649414 -0.00837898254394531 0.02264404296875 0.0269451141357422
0.00326013565063477 -0.00817728042602539 0.0218544006347656 0.0417900085449219
0.00406074523925781 -0.0100317001342773 0.0181617736816406 0.0606117248535156
0.00221729278564453 -0.00999832153320313 -0.00516510009765625 0.0708999633789063
0.00792407989501953 -0.0137996673583984 -0.0205230712890625 0.0627517700195313
0.0150222778320313 -0.0174932479858398 -0.029144287109375 0.0385551452636719
0.0282993316650391 -0.00454902648925781 -0.0206775665283203 0.0177421569824219
0.0298748016357422 0.000349044799804688 0.0189971923828125 0.021820068359375
0.0256481170654297 0.00413322448730469 0.0440444946289063 0.0743942260742188
0.00450515747070313 -0.00986480712890625 0.0586357116699219 -0.0167274475097656
0.0112848281860352 -0.0110263824462891 0.06829833984375 0.0046539306640625
0.00890731811523437 -0.0178127288818359 0.0569190979003906 0.00860595703125
-0.00255107879638672 -0.0144758224487305 0.05218505859375 0.00741958618164062
-0.0118570327758789 -0.00293159484863281 0.0371971130371094 0.00350570678710938
-0.0069427490234375 0.0105409622192383 0.0280418395996094 0.0111713409423828
0.00481319427490234 0.0135307312011719 0.02313232421875 0.0250015258789063
0.00707912445068359 0.0116310119628906 0.0201797485351563 0.0401458740234375
0.00844860076904297 0.0106801986694336 0.0133132934570313 0.0597648620605469
0.00350856781005859 0.00960826873779297 -0.00958633422851562 0.0694503784179688
0.000602483749389649 0.00377202033996582 -0.0243072509765625 0.059661865234375
0.0031282901763916 -0.00263309478759766 -0.03167724609375 0.0368804931640625
0.00988388061523438 0.000905990600585937 -0.0237274169921875 0.0159206390380859
0.00512886047363281 0.000450611114501953 0.0171604156494141 0.0209484100341797
0.000620365142822266 -0.00231194496154785 0.04681396484375 0.0749282836914062
0.0344085693359375 0.0237579345703125 -0.0384140014648438 -0.06463623046875
0.0219020843505859 -0.000812530517578125 -0.00251007080078125 -0.0225105285644531
0.0153017044067383 -0.00494384765625 0.0343532562255859 -0.0121555328369141
0.0139713287353516 -0.0122928619384766 0.0465507507324219 -0.0329780578613281
0.00815010070800781 -0.0192699432373047 0.0370063781738281 -0.0492668151855469
-0.00525665283203125 -0.0293388366699219 0.0142059326171875 -0.0643424987792969
-0.0174808502197266 -0.0299873352050781 -0.00938034057617188 -0.0573310852050781
-0.0152988433837891 -0.0293102264404297 -0.0145606994628906 -0.0353927612304687
-0.011749267578125 -0.03509521484375 -0.0214500427246094 -0.0159969329833984
0.00574684143066406 -0.0346336364746094 -0.0321979522705078 -0.00564575195312501
0.0224494934082031 -0.0220279693603516 -0.0423316955566406 0.00381088256835937
0.0266647338867187 -0.00256156921386719 -0.0478668212890625 -0.00210952758789063
0.0158214569091797 0.0177478790283203 -0.0582466125488281 -0.00820159912109376
0.0135250091552734 0.0206413269042969 -0.0653533935546875 0.00113296508789062
0.0185432434082031 0.0266571044921875 -0.0571937561035156 0.019378662109375
0.0546493530273437 0.0311126708984375 -0.0219535827636719 -0.0546951293945313
0.0417518615722656 0.00509262084960938 0.0147418975830078 -0.0150289535522461
0.0355987548828125 -0.00340652465820313 0.0467796325683594 -0.00712203979492187
0.03070068359375 -0.0164318084716797 0.0564308166503906 -0.0291481018066406
0.0197868347167969 -0.0277175903320312 0.045196533203125 -0.0426979064941406
0.00235748291015625 -0.0421600341796875 0.0230979919433594 -0.0547752380371094
-0.0155143737792969 -0.044677734375 0.00149917602539062 -0.0464134216308594
-0.0149726867675781 -0.0424728393554688 -0.00617218017578125 -0.0226821899414063
-0.0137672424316406 -0.0504417419433594 -0.0137090682983398 -0.000887870788574223
0.0054473876953125 -0.0519027709960938 -0.0294780731201172 0.00978851318359375
0.0300827026367188 -0.0380783081054688 -0.0409660339355469 0.0182609558105469
0.0397796630859375 -0.0161361694335938 -0.0465049743652344 0.00888442993164062
0.0367279052734375 0.0147666931152344 -0.0523757934570313 0.00315475463867187
0.0363578796386719 0.0224113464355469 -0.052337646484375 0.0152816772460937
0.0390281677246094 0.0299720764160156 -0.0458106994628906 0.0352210998535156
0.0671806335449219 0.0363693237304688 -0.00135040283203124 -0.0413627624511719
0.0565032958984375 0.0127639770507813 0.0343894958496094 -0.00355911254882812
0.0538253784179688 0.00109100341796875 0.0597457885742188 0.0005035400390625
0.0463104248046875 -0.0183372497558594 0.0673828125 -0.0225448608398437
0.0313529968261719 -0.0318984985351563 0.0508499145507813 -0.0348396301269531
0.0101470947265625 -0.0509223937988281 0.02838134765625 -0.0418472290039063
-0.0106353759765625 -0.0527496337890625 0.00996780395507813 -0.0304985046386719
-0.0117416381835938 -0.0498580932617188 0.00307035446166992 -0.00612640380859375
-0.0135917663574219 -0.0578193664550781 -0.00363445281982422 0.0167818069458008
0.00260543823242188 -0.0598220825195313 -0.0234565734863281 0.0290546417236328
0.0296363830566406 -0.0494956970214844 -0.0370941162109375 0.0350608825683594
0.0447883605957031 -0.0313262939453125 -0.0430030822753906 0.0209388732910156
0.0511856079101562 0.00507354736328125 -0.045166015625 0.0140533447265625
0.0538368225097656 0.0175018310546875 -0.0358543395996094 0.0247383117675781
0.053924560546875 0.0280303955078125 -0.0263481140136719 0.048980712890625
0.0697059631347656 0.03619384765625 0.0194129943847656 -0.0260219573974609
0.06292724609375 0.0184783935546875 0.0533866882324219 0.00991439819335938
0.0654563903808594 0.00397109985351563 0.0705718994140625 0.00994873046875
0.057342529296875 -0.0195274353027344 0.0735855102539063 -0.013214111328125
0.0379524230957031 -0.0347442626953125 0.0527725219726563 -0.0239105224609375
0.0162773132324219 -0.0523872375488281 0.0307655334472656 -0.0281276702880859
-0.00537872314453125 -0.05322265625 0.0165338516235352 -0.0130319595336914
-0.00767898559570313 -0.0489921569824219 0.0116329193115234 0.0104837417602539
-0.0111274719238281 -0.0564765930175781 0.00765419006347656 0.0340442657470703
0.000190734863281253 -0.0581817626953125 -0.0145263671875 0.0469932556152344
0.025726318359375 -0.0522880554199219 -0.0299453735351562 0.0496482849121094
0.0419273376464844 -0.0396156311035156 -0.037994384765625 0.0313873291015625
0.0567283630371094 -0.00450515747070313 -0.0371971130371094 0.0212821960449219
0.0618934631347656 0.00991439819335938 -0.0179100036621094 0.0279369354248047
0.0601539611816406 0.0231170654296875 -0.00457763671875 0.0611953735351563
0.0628318786621094 0.0301895141601563 0.0386505126953125 -0.0129318237304687
0.0600967407226563 0.0185813903808594 0.0674285888671875 0.0198745727539063
0.0663108825683594 0.00379180908203125 0.0753402709960938 0.0173263549804688
0.0577392578125 -0.0193519592285156 0.0744094848632813 -0.00327301025390625
0.0369338989257813 -0.0326118469238281 0.0509033203125 -0.0124549865722656
0.016937255859375 -0.046234130859375 0.0306777954101563 -0.0107345581054688
-0.00046157836914062 -0.0448493957519531 0.0208263397216797 0.00527763366699218
-0.00214767456054688 -0.0410881042480469 0.0191822052001953 0.0260982513427734
-0.005645751953125 -0.0454254150390625 0.015167236328125 0.0476570129394531
0.000556945800781251 -0.046783447265625 -0.007232666015625 0.0606155395507813
0.0204887390136719 -0.0452232360839844 -0.0226860046386719 0.0600090026855469
0.0347747802734375 -0.0381355285644531 -0.0328941345214844 0.0385971069335938
0.0529289245605469 -0.00994873046875 -0.0291538238525391 0.0226116180419922
0.05999755859375 0.00432586669921875 -0.000614166259765622 0.0275344848632813
0.05670166015625 0.0182075500488281 0.0166168212890625 0.0699653625488281
0.0469818115234375 0.0182952880859375 0.0517578125 -0.00485992431640625
0.0476951599121094 0.0117340087890625 0.0750656127929687 0.0230789184570312
0.0543899536132813 -0.00135040283203125 0.0741043090820313 0.0197296142578125
0.0447845458984375 -0.0191841125488281 0.0689964294433594 0.00411224365234375
0.0258045196533203 -0.0255622863769531 0.0451622009277344 -0.00276947021484375
0.0115013122558594 -0.0322799682617188 0.02984619140625 0.00381278991699218
0.00330924987792969 -0.0291061401367188 0.0232620239257813 0.0198898315429688
0.0033416748046875 -0.0254745483398438 0.0223350524902344 0.0366325378417969
0.00167274475097656 -0.0295257568359375 0.0208053588867188 0.0580368041992188
0.00361061096191406 -0.0293254852294922 -0.00299072265625001 0.0693016052246094
0.0160942077636719 -0.0292396545410156 -0.0189056396484375 0.0650100708007813
0.0259056091308594 -0.0282726287841797 -0.0289382934570312 0.0405158996582031
0.0423660278320313 -0.00822830200195313 -0.0230751037597656 0.0215053558349609
0.0469131469726562 0.00257110595703125 0.0138778686523438 0.0250091552734375
0.0429344177246094 0.0124130249023437 0.0341644287109375 0.0762939453125
0.0248374938964844 0.00286865234375 0.0594749450683594 -0.00490188598632813
0.0291900634765625 0.000453948974609375 0.0758819580078125 0.0189132690429688
0.0324745178222656 -0.00954246520996094 0.0680885314941406 0.0168800354003906
0.0220069885253906 -0.0167598724365234 0.0609092712402344 0.00793075561523437
0.00756454467773438 -0.0148029327392578 0.0406455993652344 0.0028839111328125
0.00414276123046875 -0.0110282897949219 0.0283317565917969 0.0118331909179688
0.00640344619750977 -0.00736379623413086 0.0232505798339844 0.0269641876220703
0.00762844085693359 -0.0065464973449707 0.0224609375 0.0418281555175781
0.00884437561035156 -0.00826740264892578 0.0188140869140625 0.062225341796875
0.0068964958190918 -0.00761890411376953 -0.00445556640624999 0.072357177734375
0.0109262466430664 -0.00982856750488281 -0.0194816589355469 0.0648422241210938
0.0157756805419922 -0.0127811431884766 -0.0294570922851563 0.0394706726074219
0.0259761810302734 -0.000917434692382812 -0.0211982727050781 0.0199546813964844
0.0258541107177734 0.0035858154296875 0.0194358825683594 0.0244598388671875
0.0213432312011719 0.00657463073730469 0.0448379516601563 0.0805511474609375
-0.000557899475097655 -0.0105152130126953 0.0599288940429688 -0.0125579833984375
0.00686740875244141 -0.0106573104858398 0.070831298828125 0.00909423828125
0.00536823272705078 -0.0166692733764648 0.0601882934570313 0.0108985900878906
-0.00497913360595703 -0.0112028121948242 0.0549697875976563 0.00785446166992188
-0.0119895935058594 0.000494003295898439 0.0374107360839844 0.00316619873046875
-0.00392341613769531 0.013218879699707 0.0271568298339844 0.0109367370605469
0.00943470001220703 0.0152559280395508 0.0217647552490234 0.0263462066650391
0.0113925933837891 0.0138864517211914 0.019195556640625 0.0410537719726563
0.0137319564819336 0.0131254196166992 0.0125656127929687 0.0607490539550781
0.00763130187988281 0.0124397277832031 -0.0111007690429688 0.0704498291015625
0.00340652465820313 0.00789880752563477 -0.0242080688476563 0.0606727600097656
0.00290942192077637 0.00169897079467773 -0.0324630737304688 0.0377426147460938
0.00700902938842773 0.00458717346191406 -0.0248241424560547 0.0175743103027344
0.000126361846923828 0.0031428337097168 0.016357421875 0.0237350463867188
-0.00500822067260742 -0.0016636848449707 0.0457611083984375 0.081146240234375
0.0422325134277344 0.024200439453125 -0.0381393432617187 -0.0718765258789063
0.0271644592285156 -0.00450325012207031 -0.00149726867675781 -0.0272102355957031
0.0181922912597656 -0.00946426391601563 0.0353736877441406 -0.014404296875
0.0136451721191406 -0.0179996490478516 0.0486717224121094 -0.0352630615234375
0.005767822265625 -0.0238265991210938 0.0394973754882813 -0.0509567260742188
-0.0104866027832031 -0.0330562591552734 0.0163764953613281 -0.0666465759277344
-0.0234851837158203 -0.0323085784912109 -0.00700759887695313 -0.0606117248535156
-0.01971435546875 -0.0314216613769531 -0.0129356384277344 -0.0376358032226563
-0.0174713134765625 -0.0385055541992188 -0.0196189880371094 -0.0167331695556641
0.00217819213867187 -0.0399246215820313 -0.0318851470947266 -0.00535202026367188
0.0230464935302734 -0.0270328521728516 -0.0428962707519531 0.00517654418945312
0.0294685363769531 -0.00731658935546875 -0.050445556640625 -0.00181198120117187
0.0219554901123047 0.0169887542724609 -0.0626373291015625 -0.00893402099609376
0.0208797454833984 0.0220241546630859 -0.0686683654785156 -0.000186920166015623
0.0252532958984375 0.0297756195068359 -0.0595893859863281 0.0165557861328125
0.0618438720703125 0.0337295532226563 -0.0190811157226563 -0.0611915588378906
0.0465774536132813 0.0030670166015625 0.0182991027832031 -0.0192928314208984
0.0387001037597656 -0.00630950927734375 0.0494384765625 -0.0093536376953125
0.0313758850097656 -0.0216464996337891 0.0607948303222656 -0.0302658081054688
0.0186214447021484 -0.0306129455566406 0.0493049621582031 -0.0441513061523438
-0.001495361328125 -0.0456352233886719 0.0268669128417969 -0.057464599609375
-0.0192718505859375 -0.0466537475585938 0.00470733642578125 -0.0493316650390625
-0.0176963806152344 -0.045684814453125 -0.00242996215820313 -0.0245742797851563
-0.0176124572753906 -0.0541954040527344 -0.00999832153320313 -0.00187397003173829
0.0025787353515625 -0.0571479797363281 -0.0272960662841797 0.0115070343017578
0.0316619873046875 -0.0440864562988281 -0.0400886535644531 0.0207290649414062
0.0454902648925781 -0.0209732055664062 -0.0470008850097656 0.0106086730957031
0.043914794921875 0.0152549743652344 -0.0545616149902344 0.00368881225585937
0.0440559387207031 0.0250320434570313 -0.053924560546875 0.0135154724121094
0.0455856323242188 0.0348625183105469 -0.0447196960449219 0.0343475341796875
0.0728530883789063 0.0405197143554688 0.0034027099609375 -0.0457496643066406
0.05975341796875 0.013580322265625 0.039581298828125 -0.005950927734375
0.0570793151855469 0.000904083251953125 0.0648078918457031 -0.00043487548828125
0.04840087890625 -0.0206794738769531 0.0726089477539063 -0.0234756469726563
0.0320167541503906 -0.0348224639892578 0.0568313598632812 -0.0356483459472656
0.00872802734375 -0.0537910461425781 0.0342445373535156 -0.0452384948730469
-0.012481689453125 -0.0556907653808594 0.0149440765380859 -0.0330181121826172
-0.0133590698242188 -0.0528373718261719 0.00825738906860352 -0.00804996490478516
-0.0153961181640625 -0.0621376037597656 0.00200271606445312 0.0165243148803711
0.002716064453125 -0.0650711059570312 -0.0197257995605469 0.0313339233398437
0.0329666137695313 -0.0547943115234375 -0.0346794128417969 0.0387840270996094
0.0499649047851563 -0.0343399047851563 -0.0428886413574219 0.0233688354492187
0.0581855773925781 0.00620651245117187 -0.0464859008789062 0.0149574279785156
0.0607414245605469 0.0209236145019531 -0.0356025695800781 0.02398681640625
0.059722900390625 0.0337753295898438 -0.0238418579101562 0.0501022338867187
0.0738601684570313 0.041259765625 0.0261096954345703 -0.0282077789306641
0.0664901733398438 0.0212783813476563 0.0601310729980469 0.00934219360351563
0.0694961547851563 0.00514984130859375 0.0764312744140625 0.0102081298828125
0.0605049133300781 -0.0201339721679688 0.0808486938476563 -0.01416015625
0.04034423828125 -0.0354995727539063 0.0588874816894531 -0.0249977111816406
0.0164566040039062 -0.0549507141113281 0.0371475219726563 -0.0290718078613281
-0.00511169433593749 -0.0561065673828125 0.0224018096923828 -0.0143413543701172
-0.00662612915039062 -0.0519790649414062 0.0171394348144531 0.00997543334960937
-0.0112037658691406 -0.0597610473632813 0.0130996704101563 0.0343799591064453
0.00148391723632813 -0.0624160766601563 -0.00994873046875 0.0504684448242187
0.0293426513671875 -0.0567131042480469 -0.0270805358886719 0.0537757873535156
0.0464591979980469 -0.0415191650390625 -0.0371856689453125 0.0345115661621094
0.0622825622558594 -0.00307083129882812 -0.0373268127441406 0.0222244262695313
0.0678176879882813 0.0143661499023438 -0.0160446166992187 0.0291996002197266
0.0643692016601562 0.028656005859375 -0.000869750976562493 0.0646743774414063
0.0637931823730469 0.0343589782714844 0.0449676513671875 -0.0128059387207031
0.0615310668945313 0.0231246948242188 0.0748214721679688 0.0216751098632813
0.0690574645996094 0.00711822509765625 0.08203125 0.018280029296875
0.0607566833496094 -0.0181198120117187 0.080535888671875 -0.0041656494140625
0.0399856567382813 -0.0320854187011719 0.0566940307617188 -0.0135955810546875
0.0201759338378906 -0.0477867126464844 0.036407470703125 -0.0124359130859375
0.00223159790039062 -0.0468025207519531 0.0248394012451172 0.00534820556640625
-0.000167846679687495 -0.0425376892089844 0.0233745574951172 0.0259819030761719
-0.00314331054687501 -0.0481605529785156 0.0220108032226562 0.0500068664550781
0.00319290161132812 -0.0489234924316406 -0.0023040771484375 0.0649948120117188
0.02447509765625 -0.04608154296875 -0.019439697265625 0.0642166137695313
0.0380706787109375 -0.0383033752441406 -0.0317115783691406 0.0413169860839844
0.0569877624511719 -0.00685882568359375 -0.0286026000976562 0.0240573883056641
0.0623779296875 0.00865936279296875 0.00232124328613282 0.0284881591796875
0.058563232421875 0.0230789184570313 0.0223236083984375 0.0746994018554688
0.0451850891113281 0.0221633911132813 0.0590476989746094 -0.00214385986328125
0.0473670959472656 0.0161399841308594 0.0823516845703125 0.026123046875
0.0551643371582031 0.00253677368164062 0.080902099609375 0.0208892822265625
0.0463218688964844 -0.0163726806640625 0.074859619140625 0.0031280517578125
0.0285911560058594 -0.0232334136962891 0.0500907897949219 -0.00318145751953125
0.015960693359375 -0.0319271087646484 0.0335674285888672 0.00193214416503906
0.00815582275390625 -0.029632568359375 0.0262775421142578 0.02081298828125
0.00775337219238281 -0.0265693664550781 0.026153564453125 0.0381965637207031
0.00619697570800781 -0.0304031372070313 0.0247802734375 0.0600318908691406
0.00853919982910157 -0.0292129516601563 0.001434326171875 0.0741958618164063
0.0196418762207031 -0.0280933380126953 -0.01611328125 0.0694694519042969
0.0293064117431641 -0.0256328582763672 -0.0275421142578125 0.0438995361328125
0.0433578491210938 -0.00408554077148438 -0.0221004486083984 0.0233173370361328
0.0460662841796875 0.0069427490234375 0.0165252685546875 0.0274696350097656
0.04107666015625 0.0166435241699219 0.0400161743164063 0.083740234375
0.0212364196777344 0.00519180297851563 0.0644645690917969 -0.000804901123046875
0.0262374877929688 0.00397872924804688 0.0828628540039062 0.0234451293945312
0.0310440063476563 -0.00536537170410156 0.0744857788085938 0.01934814453125
0.022369384765625 -0.0130424499511719 0.0677833557128906 0.007568359375
0.00980377197265625 -0.0111255645751953 0.0432357788085938 0.00224685668945312
0.00815200805664063 -0.00921058654785156 0.0305461883544922 0.0114307403564453
0.0114555358886719 -0.00719165802001953 0.0251731872558594 0.0289249420166016
0.0133152008056641 -0.00613498687744141 0.0247764587402344 0.0444068908691406
0.0146970748901367 -0.00771331787109375 0.0209541320800781 0.0640106201171875
0.0123834609985352 -0.00593662261962891 -0.001739501953125 0.0761795043945312
0.0145273208618164 -0.00691795349121094 -0.0179939270019531 0.0673675537109375
0.017822265625 -0.00790977478027344 -0.0287284851074219 0.0428428649902344
0.0246315002441406 0.00377845764160156 -0.0204334259033203 0.0213546752929688
0.0219383239746094 0.00800514221191406 0.0221290588378906 0.0272541046142578
0.0168542861938477 0.00872039794921875 0.0490341186523438 0.088623046875
-0.00570011138916015 -0.0114727020263672 0.0636405944824219 -0.00835418701171875
0.00199222564697266 -0.0100593566894531 0.0760498046875 0.0136337280273437
0.00121212005615234 -0.012995719909668 0.0650825500488281 0.0125465393066406
-0.00702953338623047 -0.00763559341430664 0.0595626831054688 0.00703048706054687
-0.0106992721557617 0.00611019134521484 0.0394821166992188 0.00105667114257813
-0.000182151794433595 0.0165700912475586 0.027679443359375 0.0104503631591797
0.0145664215087891 0.0166845321655273 0.0213336944580078 0.0275115966796875
0.0164251327514648 0.0140790939331055 0.0192527770996094 0.0429611206054688
0.0195884704589844 0.014190673828125 0.0129432678222656 0.0634078979492188
0.012908935546875 0.0155353546142578 -0.00962066650390625 0.0736007690429688
0.00669002532958984 0.0128765106201172 -0.0250816345214844 0.06304931640625
0.00445032119750977 0.00672435760498047 -0.0329780578613281 0.0398025512695313
0.00392246246337891 0.00907039642333984 -0.0265045166015625 0.0195217132568359
-0.0057215690612793 0.00636434555053711 0.0163059234619141 0.0277519226074219
-0.0113096237182617 -0.000351905822753905 0.0484619140625 0.0891342163085938
0.0521621704101563 0.0225677490234375 -0.0406570434570313 -0.0801925659179687
0.0316295623779297 -0.00931358337402344 -0.00152015686035156 -0.0327472686767578
0.0199203491210937 -0.0162372589111328 0.0373344421386719 -0.0179595947265625
0.0120029449462891 -0.0242633819580078 0.0507736206054688 -0.0392913818359375
0.00188255310058594 -0.0283660888671875 0.0420722961425781 -0.0547447204589844
-0.0180225372314453 -0.0350551605224609 0.0172882080078125 -0.0710678100585938
-0.0307807922363281 -0.0323371887207031 -0.00649261474609376 -0.0639266967773438
-0.0260391235351563 -0.0321025848388672 -0.0125999450683594 -0.0411186218261719
-0.0251502990722656 -0.0400276184082031 -0.0177993774414062 -0.0188198089599609
-0.00394058227539062 -0.0445709228515625 -0.0303096771240234 -0.00446510314941407
0.0213184356689453 -0.0346755981445313 -0.0429039001464844 0.00799942016601562
0.0328407287597656 -0.0130825042724609 -0.0525398254394531 0.000301361083984374
0.0297222137451172 0.0137805938720703 -0.0677833557128906 -0.00823211669921876
0.0295772552490234 0.0216617584228516 -0.0743789672851563 -0.00157165527343751
0.0348262786865234 0.0314121246337891 -0.0624427795410156 0.0153465270996094
0.0714874267578125 0.0343475341796875 -0.0181121826171875 -0.0689926147460938
0.05224609375 6.4849853515625E-05 0.0209426879882813 -0.0242652893066406
0.0412483215332031 -0.0114784240722656 0.0533828735351563 -0.013275146484375
0.0306282043457031 -0.0264663696289063 0.0649795532226563 -0.0340461730957031
0.0163536071777344 -0.03515625 0.0534400939941406 -0.047698974609375
-0.00744247436523437 -0.0488739013671875 0.0307273864746094 -0.0621566772460938
-0.0262107849121094 -0.0486640930175781 0.00767517089843749 -0.0533332824707031
-0.0233116149902344 -0.047576904296875 0.000972747802734376 -0.0276031494140625
-0.024169921875 -0.0578041076660156 -0.00594186782836914 -0.00401496887207032
-0.0017547607421875 -0.0631103515625 -0.0241012573242187 0.0128955841064453
0.0314521789550781 -0.0519981384277344 -0.0380401611328125 0.0242958068847656
0.0492019653320313 -0.0279159545898438 -0.0477485656738281 0.0128746032714844
0.0531654357910156 0.0133247375488281 -0.0576210021972656 0.00591278076171876
0.0544776916503906 0.0259628295898437 -0.0564765930175781 0.0137290954589844
0.055938720703125 0.0382194519042969 -0.044342041015625 0.0335922241210938
0.0808486938476563 0.0431060791015625 0.00832366943359376 -0.0520973205566406
0.0661430358886719 0.0124473571777344 0.0453643798828125 -0.0104827880859375
0.0605506896972656 -0.0024871826171875 0.0706710815429688 -0.00356292724609375
0.0501251220703125 -0.0245018005371094 0.0793228149414062 -0.0271759033203125
0.0314903259277344 -0.0380821228027344 0.0618324279785156 -0.0397224426269531
0.00550079345703125 -0.05718994140625 0.0394706726074219 -0.0495872497558594
-0.0167045593261719 -0.0580482482910156 0.0199317932128906 -0.0371131896972656
-0.0172157287597656 -0.0557823181152344 0.0133228302001953 -0.0114202499389648
-0.0206947326660156 -0.0654029846191406 0.00797748565673828 0.0155210494995117
-0.00128936767578124 -0.070953369140625 -0.0144462585449219 0.0334453582763672
0.0340995788574219 -0.0620155334472656 -0.0309600830078125 0.0425300598144531
0.0547332763671875 -0.040679931640625 -0.041259765625 0.02685546875
0.0671043395996094 0.00505828857421875 -0.04718017578125 0.0183944702148437
0.07037353515625 0.0223464965820313 -0.0349922180175781 0.0247459411621094
0.0688705444335938 0.0380821228027344 -0.0200996398925781 0.0522270202636719
0.0796966552734375 0.045074462890625 0.0329685211181641 -0.0319232940673828
0.0711135864257813 0.0232086181640625 0.0675773620605469 0.00595855712890625
0.0738601684570313 0.00566864013671875 0.0837631225585937 0.0073699951171875
0.0633926391601563 -0.0220947265625 0.0879135131835938 -0.0172195434570312
0.0423011779785156 -0.0380134582519531 0.0646858215332031 -0.0291633605957031
0.0163764953613281 -0.0583724975585938 0.043182373046875 -0.0337905883789063
-0.00623703002929687 -0.0593109130859375 0.0275955200195312 -0.0176143646240234
-0.007965087890625 -0.0549507141113281 0.0234794616699219 0.00749969482421875
-0.0128402709960938 -0.0637130737304687 0.0207595825195313 0.0337085723876953
-0.000137329101562505 -0.0676193237304688 -0.00336456298828125 0.0527420043945312
0.0308189392089844 -0.0619888305664063 -0.0212020874023438 0.0584869384765625
0.0513839721679687 -0.0460853576660156 -0.0343513488769531 0.0387763977050781
0.0697021484375 -0.00350570678710938 -0.0359687805175781 0.0264320373535156
0.074493408203125 0.0158157348632813 -0.0129032135009766 0.0302677154541016
0.0716629028320313 0.033355712890625 0.00622177124023438 0.0676612854003906
0.0664558410644531 0.0396652221679688 0.0536155700683594 -0.0143089294433594
0.0644683837890625 0.0263099670410156 0.0846786499023438 0.0201797485351563
0.0729598999023438 0.0088958740234375 0.0904006958007813 0.0159378051757813
0.0652313232421875 -0.0183219909667969 0.0889129638671875 -0.0071868896484375
0.0434303283691406 -0.033111572265625 0.0621910095214844 -0.0167388916015625
0.0217552185058594 -0.0511207580566406 0.04168701171875 -0.0154457092285156
0.00408172607421875 -0.0506439208984375 0.0313396453857422 0.00264739990234375
0.00231170654296875 -0.0460624694824219 0.0290927886962891 0.0248928070068359
-0.00136566162109375 -0.0521697998046875 0.0292205810546875 0.0495681762695313
0.00516891479492188 -0.0526847839355469 0.00548171997070312 0.0679817199707031
0.0280036926269531 -0.0488204956054688 -0.0138702392578125 0.0685386657714844
0.0428619384765625 -0.0402488708496094 -0.0282630920410156 0.0457687377929688
0.0621566772460938 -0.005157470703125 -0.0260524749755859 0.0282745361328125
0.0672683715820313 0.0115547180175781 0.00781631469726563 0.0303249359130859
0.0611724853515625 0.0274162292480469 0.0310287475585938 0.0803604125976563
0.0447235107421875 0.0256729125976563 0.0679435729980469 -0.00124740600585937
0.0478096008300781 0.0198974609375 0.0926132202148438 0.0269088745117188
0.0575942993164062 0.00656890869140625 0.08984375 0.0197906494140625
0.0511512756347656 -0.0144767761230469 0.0832443237304687 0.000801086425781249
0.032684326171875 -0.0225906372070313 0.055023193359375 -0.00630950927734375
0.0201244354248047 -0.0330219268798828 0.0374374389648438 0.000476837158203123
0.0124301910400391 -0.0328197479248047 0.0312080383300781 0.0196514129638672
0.0114059448242188 -0.0292301177978516 0.0314826965332031 0.0378761291503906
0.0106639862060547 -0.0334815979003906 0.0310173034667969 0.0601921081542969
0.0118904113769531 -0.0304355621337891 0.00872039794921875 0.0764999389648438
0.0249462127685547 -0.0285491943359375 -0.010833740234375 0.0723419189453125
0.0326881408691406 -0.0241336822509766 -0.0249366760253906 0.0478706359863281
0.0457725524902344 0.000316619873046875 -0.0205478668212891 0.0269966125488281
0.0476493835449219 0.0115470886230469 0.0211868286132813 0.0289783477783203
0.0410995483398438 0.0205574035644531 0.0488662719726563 0.0893402099609375
0.0171909332275391 0.0077352523803711 0.0733184814453125 0.001953125
0.0240058898925781 0.00727462768554688 0.092193603515625 0.0252151489257813
0.0291271209716797 -0.00132179260253906 0.0821914672851562 0.0183029174804687
0.0244064331054688 -0.00868415832519531 0.0739288330078125 0.00484466552734375
0.0133342742919922 -0.00716400146484375 0.0468254089355469 0.000110626220703125
0.0130796432495117 -0.00725555419921875 0.0327129364013672 0.0102634429931641
0.0185165405273438 -0.00840377807617188 0.0284099578857422 0.0294322967529297
0.01922607421875 -0.0079498291015625 0.0278778076171875 0.0453529357910156
0.0214328765869141 -0.0103111267089844 0.0257949829101562 0.0667877197265625
0.0187797546386719 -0.00640678405761719 0.0039520263671875 0.0793914794921875
0.0196495056152344 -0.00361251831054687 -0.0146408081054687 0.0712509155273437
0.0209331512451172 -0.00392341613769531 -0.0265159606933594 0.0463218688964844
0.0246677398681641 0.00907325744628906 -0.0196704864501953 0.0251579284667969
0.0194625854492188 0.0137481689453125 0.0260105133056641 0.0300559997558594
0.0127992630004883 0.0133428573608398 0.05718994140625 0.095672607421875
-0.0117387771606445 -0.0102729797363281 0.0691146850585938 -0.0055389404296875
-0.00374984741210938 -0.006256103515625 0.0838241577148437 0.0157852172851563
-0.00308799743652344 -0.00881385803222656 0.0717010498046875 0.0114517211914062
-0.00802850723266602 -0.00127887725830078 0.0646820068359375 0.00434494018554687
-0.00881481170654297 0.01080322265625 0.0405845642089844 -0.00153350830078125
0.00595664978027344 0.0207271575927734 0.0276031494140625 0.00976753234863281
0.0219688415527344 0.0171127319335937 0.0224533081054688 0.0296154022216797
0.0236854553222656 0.014434814453125 0.0204124450683594 0.0461196899414062
0.0279788970947266 0.0132884979248047 0.0150489807128906 0.0662841796875
0.0206050872802734 0.0162601470947266 -0.00715637207031251 0.0770492553710938
0.0123128890991211 0.017364501953125 -0.0236091613769531 0.0664901733398437
0.00751209259033203 0.0132284164428711 -0.032989501953125 0.0443344116210938
0.00184917449951172 0.0153560638427734 -0.0257625579833984 0.0230503082275391
-0.0102910995483398 0.012904167175293 0.0183067321777344 0.0316219329833984
-0.0184860229492188 0.0031585693359375 0.0536117553710938 0.0977859497070313
0.0617446899414063 0.0182609558105469 -0.045257568359375 -0.087554931640625
0.0352859497070313 -0.01708984375 -0.00318145751953125 -0.0385932922363281
0.0196323394775391 -0.0241317749023438 0.0369949340820313 -0.0213127136230469
0.00800132751464844 -0.0309486389160156 0.0510482788085938 -0.04254150390625
-0.00506782531738281 -0.0323581695556641 0.0429229736328125 -0.0594291687011719
-0.0262546539306641 -0.0346736907958984 0.0168380737304688 -0.075347900390625
-0.0398826599121094 -0.0304603576660156 -0.00659561157226562 -0.0681648254394531
-0.0341644287109375 -0.030853271484375 -0.0125541687011719 -0.0440673828125
-0.0347137451171875 -0.0381317138671875 -0.0161666870117188 -0.0215320587158203
-0.01141357421875 -0.0474014282226563 -0.0293655395507813 -0.00391769409179687
0.0168418884277344 -0.04193115234375 -0.0407981872558594 0.0100517272949219
0.0331287384033203 -0.0212860107421875 -0.054962158203125 0.00362014770507812
0.0367660522460938 0.00754928588867188 -0.0720596313476563 -0.00588226318359375
0.0400810241699219 0.0173187255859375 -0.0798110961914062 -0.000251770019531246
0.0464744567871094 0.0296897888183594 -0.0650672912597656 0.0142440795898438
0.0827407836914063 0.0312042236328125 -0.0189743041992187 -0.0770797729492188
0.0569915771484375 -0.00545120239257813 0.0223751068115234 -0.0311603546142578
0.0420265197753906 -0.0181999206542969 0.0555763244628906 -0.0176124572753906
0.0286769866943359 -0.0324726104736328 0.0664596557617188 -0.0389671325683594
0.0121002197265625 -0.0386924743652344 0.0551643371582031 -0.0535392761230469
-0.0150489807128906 -0.0492744445800781 0.0321083068847656 -0.0676841735839844
-0.0337257385253906 -0.0472373962402344 0.00895309448242188 -0.0578842163085938
-0.0316085815429688 -0.04803466796875 0.00228500366210937 -0.0330772399902344
-0.0327301025390625 -0.0579414367675781 -0.00201034545898438 -0.00681686401367188
-0.00898361206054688 -0.0676498413085938 -0.0195732116699219 0.0131187438964844
0.0273666381835938 -0.0611076354980469 -0.0338459014892578 0.0264759063720703
0.0510902404785156 -0.0362777709960938 -0.0459785461425781 0.0156707763671875
0.0617408752441406 0.00751495361328125 -0.058990478515625 0.00935745239257813
0.0648956298828125 0.0226593017578125 -0.0582313537597656 0.0144500732421875
0.067962646484375 0.0376930236816406 -0.0427932739257812 0.0336227416992188
0.0899887084960938 0.042205810546875 0.0109291076660156 -0.0592498779296875
0.0718612670898437 0.0095672607421875 0.0496559143066406 -0.0177192687988281
0.063140869140625 -0.00757980346679688 0.0764923095703125 -0.00975799560546875
0.0502891540527344 -0.0303955078125 0.082550048828125 -0.033294677734375
0.0305099487304688 -0.04217529296875 0.0647087097167969 -0.0452957153320313
0.000156402587890628 -0.0595970153808594 0.0433425903320313 -0.0542984008789063
-0.0222015380859375 -0.0598983764648437 0.0235061645507813 -0.042999267578125
-0.0213737487792969 -0.0578765869140625 0.0173892974853516 -0.0160942077636719
-0.0265274047851562 -0.0680503845214844 0.0141115188598633 0.0117511749267578
-0.00712585449218751 -0.0753326416015625 -0.00702095031738281 0.0337409973144531
0.0320816040039063 -0.0701789855957031 -0.0250015258789063 0.0454826354980469
0.0568923950195313 -0.049102783203125 -0.0382652282714844 0.0311470031738281
0.0770263671875 0.0006103515625 -0.0467567443847656 0.0223922729492188
0.0813522338867188 0.0199356079101563 -0.0330963134765625 0.0264225006103516
0.0792694091796875 0.039642333984375 -0.0148162841796875 0.0509796142578125
0.0866165161132812 0.0469284057617188 0.0392303466796875 -0.0387840270996094
0.0767288208007813 0.022552490234375 0.074432373046875 -0.000709533691406249
0.0767288208007813 0.002960205078125 0.0914688110351563 0.00177764892578125
0.0656471252441406 -0.0257415771484375 0.0944061279296875 -0.0252227783203125
0.0420570373535156 -0.0407447814941406 0.0693931579589844 -0.0351715087890625
0.014434814453125 -0.0616836547851562 0.0469551086425781 -0.0398139953613281
-0.00864791870117188 -0.0628700256347656 0.0333824157714844 -0.0228500366210938
-0.0109977722167969 -0.0578155517578125 0.0284461975097656 0.0022735595703125
-0.0155982971191406 -0.0668182373046875 0.0278892517089844 0.0301227569580078
-0.00194549560546875 -0.0713348388671875 0.00611114501953125 0.051422119140625
0.0307731628417969 -0.0679664611816406 -0.0130500793457031 0.0617713928222656
0.05377197265625 -0.0525627136230469 -0.0292778015136719 0.042022705078125
0.0781478881835938 -0.00714874267578125 -0.0328407287597656 0.0299549102783203
0.0832748413085938 0.0152969360351563 -0.00808143615722656 0.0303630828857422
0.0784530639648438 0.0355911254882813 0.0149002075195313 0.0680809020996094
0.0705108642578125 0.0441513061523438 0.0630378723144531 -0.0182647705078125
0.0682029724121094 0.0289421081542969 0.0949325561523438 0.0159454345703125
0.0779495239257813 0.0100250244140625 0.0986099243164062 0.010955810546875
0.070465087890625 -0.0198898315429688 0.0956344604492188 -0.0126800537109375
0.0465583801269531 -0.0349884033203125 0.0655250549316406 -0.0227088928222656
0.0224609375 -0.0541610717773438 0.0463371276855469 -0.0198173522949219
0.004852294921875 -0.0545082092285156 0.036956787109375 -0.0023345947265625
0.00297927856445313 -0.0507354736328125 0.0353050231933594 0.0217628479003906
-0.00104141235351562 -0.0573616027832031 0.0381584167480469 0.0457763671875
0.00528335571289062 -0.0565261840820313 0.0144462585449219 0.0682029724121094
0.0297279357910156 -0.05322265625 -0.00459289550781251 0.070587158203125
0.0472030639648438 -0.0427322387695313 -0.021514892578125 0.0476150512695313
0.0671920776367187 -0.00658798217773437 -0.0219135284423828 0.0309066772460937
0.071929931640625 0.0131149291992188 0.0137958526611328 0.0304050445556641
0.0664253234863281 0.0315322875976563 0.04241943359375 0.0814285278320313
0.0445747375488281 0.0307464599609375 0.0781631469726563 -0.004486083984375
0.0483512878417969 0.0252265930175781 0.103103637695312 0.0244293212890625
0.0613174438476562 0.00958251953125 0.0984954833984375 0.0157699584960938
0.0562095642089844 -0.0131645202636719 0.0903244018554687 -0.0044097900390625
0.0385360717773437 -0.0225486755371094 0.0586280822753906 -0.00983428955078125
0.0240249633789063 -0.0356407165527344 0.0416221618652344 -0.00342559814453125
0.0150260925292969 -0.0373344421386719 0.0367851257324219 0.0185394287109375
0.0149993896484375 -0.0334224700927734 0.0374565124511719 0.0365409851074219
0.0146141052246094 -0.0378379821777344 0.0389556884765625 0.0587081909179688
0.0162868499755859 -0.0336818695068359 0.017303466796875 0.0772476196289063
0.0298976898193359 -0.0289192199707031 -0.00345611572265625 0.0740585327148437
0.0374069213867188 -0.0235595703125 -0.0183677673339844 0.04998779296875
0.0497589111328125 0.00313568115234375 -0.0138874053955078 0.0291900634765625
0.0487442016601563 0.015655517578125 0.0273456573486328 0.0301933288574219
0.0417442321777344 0.0265922546386719 0.0611724853515625 0.091461181640625
0.0138893127441406 0.0116100311279297 0.0830612182617187 0.0016021728515625
0.0209598541259766 0.0123805999755859 0.102714538574219 0.0226974487304688
0.0293445587158203 0.00440406799316406 0.0899276733398438 0.0142974853515625
0.0269412994384766 -0.00449180603027344 0.0790863037109375 0.0007781982421875
0.0186843872070313 -0.00456619262695313 0.0493736267089844 -0.00443649291992188
0.0193862915039062 -0.00767898559570312 0.034759521484375 0.00832176208496094
0.023773193359375 -0.0121288299560547 0.0315341949462891 0.0295200347900391
0.0257167816162109 -0.0111923217773438 0.0321502685546875 0.045867919921875
0.0274829864501953 -0.0139522552490234 0.0317802429199219 0.0656967163085938
0.02655029296875 -0.00826072692871094 0.0100860595703125 0.080169677734375
0.0268802642822266 -0.00251007080078125 -0.00850677490234374 0.0726776123046875
0.0260791778564453 -0.000579833984375 -0.0220794677734375 0.0493812561035156
0.0256900787353516 0.0170574188232422 -0.0159587860107422 0.0280399322509766
0.0182781219482422 0.0201702117919922 0.0317802429199219 0.0319290161132813
0.00886917114257813 0.0192527770996094 0.0685653686523438 0.099700927734375
-0.0205459594726562 -0.00756263732910157 0.07611083984375 -0.0041351318359375
-0.00874614715576172 -0.00176000595092773 0.0914459228515625 0.0155029296875
-0.00722217559814453 -0.00300025939941406 0.078277587890625 0.00827789306640625
-0.00649929046630859 0.0051569938659668 0.0691452026367187 -0.00153732299804687
-0.00383758544921875 0.015838623046875 0.0419731140136719 -0.003570556640625
0.0138435363769531 0.0209903717041016 0.0281391143798828 0.00991058349609375
0.0299301147460938 0.0144062042236328 0.0239753723144531 0.0307102203369141
0.0318870544433594 0.0112152099609375 0.0222587585449219 0.0471534729003906
0.0365943908691406 0.00957107543945313 0.0178718566894531 0.0682868957519531
0.0298881530761719 0.014801025390625 -0.00328826904296875 0.080169677734375
0.0206584930419922 0.0203933715820312 -0.0213584899902344 0.0692405700683594
0.0132980346679688 0.0192775726318359 -0.0312080383300781 0.0468788146972656
0.00158500671386719 0.0227394104003906 -0.0249137878417969 0.0273723602294922
-0.0150966644287109 0.0207252502441406 0.0235977172851563 0.0345268249511719
-0.0240917205810547 0.00880622863769532 0.0629425048828125 0.101669311523437
0.0692710876464844 0.00879287719726562 -0.0526962280273438 -0.0931854248046875
0.0370597839355469 -0.025482177734375 -0.0066070556640625 -0.0436172485351563
0.0152664184570312 -0.0319633483886719 0.0360107421875 -0.0242805480957031
0.00113105773925781 -0.033935546875 0.0479278564453125 -0.0454826354980469
-0.0129890441894531 -0.0339641571044922 0.0418586730957031 -0.0615081787109375
-0.0375595092773438 -0.0312767028808594 0.015625 -0.0793609619140625
-0.045989990234375 -0.0254783630371094 -0.0103073120117188 -0.0711212158203125
-0.0403518676757813 -0.0269851684570312 -0.0132179260253906 -0.0473098754882813
-0.0428466796875 -0.0360946655273438 -0.0148754119873047 -0.0269069671630859
-0.0214958190917969 -0.0469932556152344 -0.0251483917236328 -0.00337600708007813
0.0101966857910156 -0.0476036071777344 -0.0394172668457031 0.0150108337402344
0.0307235717773438 -0.0274276733398437 -0.0535163879394531 0.00600051879882812
0.0400848388671875 0.00124359130859375 -0.0740280151367188 -0.00031280517578125
0.0482826232910156 0.0101127624511719 -0.0845718383789063 0.00154113769531249
0.0550193786621094 0.0243148803710937 -0.068634033203125 0.0131034851074219
0.09063720703125 0.0239639282226562 -0.0201797485351562 -0.08441162109375
0.0597381591796875 -0.0127067565917969 0.0219802856445313 -0.0381584167480469
0.0424766540527344 -0.0238494873046875 0.0556869506835938 -0.0221328735351563
0.0246849060058594 -0.0369148254394531 0.0683059692382813 -0.0446891784667969
0.00636672973632812 -0.0404014587402344 0.0561103820800781 -0.0575675964355469
-0.0250091552734375 -0.0478172302246094 0.0314178466796875 -0.0728073120117188
-0.0396766662597656 -0.0445823669433594 0.0118293762207031 -0.0622482299804688
-0.0377006530761719 -0.0456008911132812 0.00436019897460938 -0.0372352600097656
-0.0431976318359375 -0.0571441650390625 0.00123023986816406 -0.0129785537719727
-0.0177268981933594 -0.0677490234375 -0.0143260955810547 0.0109691619873047
0.0233154296875 -0.0677413940429688 -0.0273361206054688 0.0276870727539062
0.0490455627441406 -0.0445060729980469 -0.0448684692382812 0.0182380676269531
0.0673484802246094 0.00011444091796875 -0.0589141845703125 0.0116386413574219
0.0747756958007813 0.01580810546875 -0.0597801208496094 0.0146560668945313
0.079437255859375 0.0344467163085938 -0.0418586730957031 0.0316085815429688
0.101341247558594 0.0405197143554688 0.0126075744628906 -0.0697097778320313
0.07611083984375 0.00279998779296875 0.0520439147949219 -0.0256233215332031
0.0652999877929688 -0.0105552673339844 0.076507568359375 -0.0159530639648438
0.0477371215820313 -0.0356903076171875 0.0849075317382813 -0.0379486083984375
0.0269393920898437 -0.0454978942871094 0.0681648254394531 -0.0514945983886719
-0.00407028198242188 -0.0601768493652344 0.0450401306152344 -0.0622138977050781
-0.0273284912109375 -0.0588874816894531 0.0249137878417969 -0.0486984252929688
-0.02789306640625 -0.0598030090332031 0.0208530426025391 -0.0225028991699219
-0.0324897766113281 -0.0683746337890625 0.0180149078369141 0.00561714172363281
-0.014373779296875 -0.0782852172851563 -0.00046348571777344 0.0315322875976562
0.0281753540039063 -0.0766677856445313 -0.0165061950683594 0.0457611083984375
0.0559539794921875 -0.0573463439941406 -0.0335464477539063 0.0315799713134765
0.0811767578125 -0.007568359375 -0.0433578491210937 0.0249099731445313
0.0908889770507813 0.0142440795898437 -0.0316314697265625 0.0242710113525391
0.0905914306640625 0.0361099243164063 -0.01019287109375 0.0490264892578125
0.0942611694335938 0.0489959716796875 0.0440101623535156 -0.0484237670898438
0.0798568725585938 0.0203781127929688 0.082733154296875 -0.00913238525390625
0.0806121826171875 -0.000579833984375 0.0944671630859375 -0.00632476806640625
0.0669288635253906 -0.0323143005371094 0.0969924926757813 -0.03369140625
0.0413398742675781 -0.0438957214355469 0.0734024047851563 -0.0431671142578125
0.0117073059082031 -0.0630073547363281 0.0507164001464844 -0.0464363098144531
-0.0118370056152344 -0.0623893737792969 0.0351295471191406 -0.0277385711669922
-0.011444091796875 -0.0616912841796875 0.0336437225341797 -0.00326919555664063
-0.0192642211914063 -0.072662353515625 0.0353927612304688 0.0244331359863281
-0.00533294677734374 -0.0740280151367188 0.0147438049316406 0.0490188598632812
0.0284194946289062 -0.0729293823242188 -0.00424957275390625 0.0612068176269531
0.0547714233398438 -0.0599098205566406 -0.0228195190429688 0.0435791015625
0.0832977294921875 -0.0099029541015625 -0.0287551879882813 0.0306529998779297
0.0912246704101563 0.0132827758789063 -0.00340843200683593 0.0292644500732422
0.0893325805664063 0.0371932983398438 0.0233039855957031 0.0674057006835938
0.0756301879882813 0.0452728271484375 0.0722122192382813 -0.02569580078125
0.0740432739257813 0.0296783447265625 0.100296020507812 0.009552001953125
0.0818862915039063 0.0095977783203125 0.10369873046875 0.0027008056640625
0.0735855102539062 -0.02252197265625 0.101936340332031 -0.02105712890625
0.0490493774414063 -0.0374832153320313 0.0687713623046875 -0.02874755859375
0.0241508483886719 -0.056182861328125 0.0494270324707031 -0.02655029296875
0.00655746459960937 -0.0571708679199219 0.0389900207519531 -0.00574493408203125
0.00443267822265625 -0.0540275573730469 0.0389022827148438 0.0161972045898437
-0.00210189819335937 -0.060882568359375 0.0423469543457031 0.0410041809082031
0.00484085083007813 -0.0616302490234375 0.02313232421875 0.0652999877929688
0.0337562561035156 -0.0553741455078125 0.00473403930664063 0.0689659118652344
0.0498046875 -0.04608154296875 -0.013916015625 0.0469932556152344
0.0725784301757813 -0.00547027587890625 -0.0172271728515625 0.0322093963623047
0.0743942260742187 0.0121307373046875 0.0188789367675781 0.0283851623535156
0.0713272094726563 0.0344619750976563 0.0540618896484375 0.08135986328125
0.0457191467285156 0.0361785888671875 0.087127685546875 -0.00921630859375
0.0502700805664063 0.0276451110839844 0.111579895019531 0.0184097290039063
0.0619277954101562 0.0138435363769531 0.103416442871094 0.0094757080078125
0.059051513671875 -0.00817489624023438 0.0950469970703125 -0.0131683349609375
0.0427970886230469 -0.0236434936523438 0.0602760314941406 -0.0177001953125
0.0276298522949219 -0.038421630859375 0.0446128845214844 -0.0071868896484375
0.01715087890625 -0.04046630859375 0.039947509765625 0.0118179321289062
0.0181961059570313 -0.0374488830566406 0.0402793884277344 0.0310020446777344
0.0159149169921875 -0.0417823791503906 0.0441932678222656 0.0544319152832031
0.0204353332519531 -0.03863525390625 0.0263137817382813 0.0721588134765625
0.0355072021484375 -0.0324363708496094 0.0029296875 0.07293701171875
0.0421066284179688 -0.0241279602050781 -0.0119094848632813 0.0530014038085937
0.0545272827148438 0.00756072998046875 -0.0115890502929687 0.0297069549560547
0.0521888732910156 0.01983642578125 0.0338134765625 0.0262584686279297
0.0438308715820313 0.0317459106445313 0.0696563720703125 0.0912094116210937
0.0103836059570313 0.0188083648681641 0.0935134887695313 3.05175781250012E-05
0.021514892578125 0.0189857482910156 0.112190246582031 0.0189208984375
0.0305767059326172 0.0119380950927734 0.0960235595703125 0.0086669921875
0.0318164825439453 0.000741958618164063 0.0809173583984375 -0.00699615478515625
0.0226669311523438 -0.00392913818359375 0.0496025085449219 -0.0073089599609375
0.0255088806152344 -0.0116043090820313 0.03717041015625 0.00654220581054688
0.0300655364990234 -0.0178852081298828 0.0328598022460938 0.0282630920410156
0.0307292938232422 -0.017486572265625 0.0348701477050781 0.0426292419433594
0.0342788696289063 -0.0226650238037109 0.0381622314453125 0.0629348754882813
0.0324592590332031 -0.0123481750488281 0.01739501953125 0.0774917602539063
0.0337619781494141 -0.00341033935546875 -0.00183868408203125 0.0727386474609375
0.0348968505859375 0.00269889831542969 -0.0165138244628906 0.0508766174316406
0.0300159454345703 0.0236072540283203 -0.0120868682861328 0.0308113098144531
0.0186500549316406 0.028045654296875 0.0341835021972656 0.0311088562011719
0.00784492492675781 0.027069091796875 0.0794677734375 0.10137939453125
-0.0260963439941406 0.0011444091796875 0.0835800170898438 -0.003631591796875
-0.01251220703125 0.0074615478515625 0.0978469848632813 0.01116943359375
-0.00753545761108398 0.00680732727050781 0.0839309692382812 0.0032806396484375
-0.00306606292724609 0.0104579925537109 0.0698966979980469 -0.00611495971679687
0.00143814086914063 0.0194320678710938 0.0411376953125 -0.00659942626953125
0.021484375 0.0226879119873047 0.0265884399414063 0.00871849060058594
0.0389556884765625 0.0114059448242188 0.0260944366455078 0.0337619781494141
0.0381813049316406 0.00732803344726563 0.0251197814941406 0.0460624694824219
0.0461883544921875 0.00310134887695313 0.0239830017089844 0.0694160461425781
0.0386428833007813 0.0111961364746094 0.00328826904296875 0.07586669921875
0.0307083129882812 0.0209293365478516 -0.0183563232421875 0.0702972412109375
0.0193748474121094 0.0230712890625 -0.028167724609375 0.0487174987792969
0.00412368774414062 0.0316867828369141 -0.0219173431396484 0.0294628143310547
-0.0148429870605469 0.0295543670654297 0.02740478515625 0.0366592407226563
-0.0283927917480469 0.0166282653808594 0.0704879760742188 0.103042602539063
0.0769805908203125 0.00026702880859375 -0.0576553344726562 -0.0981979370117188
0.0375289916992188 -0.0353050231933594 -0.0114059448242187 -0.0472984313964844
0.013671875 -0.0388603210449219 0.0349864959716797 -0.0275859832763672
-0.00591278076171875 -0.0395736694335938 0.0487899780273438 -0.0475654602050781
-0.0195045471191406 -0.0349216461181641 0.04168701171875 -0.0642585754394531
-0.0434150695800781 -0.0268783569335938 0.0141983032226563 -0.0792007446289063
-0.0518569946289063 -0.0188865661621094 -0.00869750976562501 -0.0729141235351563
-0.0466804504394531 -0.0222511291503906 -0.0134353637695312 -0.0497779846191406
-0.0498847961425781 -0.0297164916992187 -0.0158233642578125 -0.0274124145507813
-0.0295906066894531 -0.0453605651855469 -0.0246295928955078 -0.00444984436035156
0.00371170043945313 -0.0512657165527344 -0.0350513458251953 0.0116443634033203
0.0265083312988281 -0.0373268127441406 -0.0541839599609375 0.00763320922851562
0.0441246032714844 -0.00859451293945313 -0.0764007568359375 0.00140380859375002
0.0557975769042969 0.00208282470703125 -0.088623046875 0.00223541259765623
0.0662384033203125 0.0187416076660156 -0.072601318359375 0.01123046875
0.099365234375 0.0185623168945313 -0.0236587524414062 -0.0934982299804688
0.060882568359375 -0.0204696655273437 0.0194015502929688 -0.044586181640625
0.0401878356933594 -0.0312232971191406 0.0565452575683594 -0.0253219604492188
0.0181541442871094 -0.0415802001953125 0.0679931640625 -0.0476455688476562
0.00113296508789062 -0.0411148071289063 0.0572319030761719 -0.06170654296875
-0.0290946960449219 -0.0452232360839844 0.033355712890625 -0.0768051147460937
-0.0448875427246094 -0.0407943725585938 0.0111274719238281 -0.0684280395507813
-0.0418891906738281 -0.0425338745117188 0.00501251220703125 -0.0423316955566406
-0.0476112365722656 -0.0531997680664063 0.00352096557617187 -0.0163278579711914
-0.02520751953125 -0.0680046081542969 -0.0108966827392578 0.00873565673828124
0.0166168212890625 -0.0726089477539062 -0.0244827270507813 0.0262184143066406
0.0475921630859375 -0.0537147521972656 -0.0418472290039063 0.017730712890625
0.0730819702148438 -0.009124755859375 -0.0572776794433594 0.0147743225097656
0.0827255249023438 0.00945281982421875 -0.0610275268554688 0.0152091979980469
0.0893707275390625 0.0297088623046875 -0.0430412292480469 0.0277862548828125
0.107559204101563 0.0361862182617188 0.0133438110351563 -0.0783538818359375
0.0780563354492188 0.00018310546875 0.0527458190917969 -0.0341873168945313
0.0663032531738281 -0.0162391662597656 0.0789031982421875 -0.0196533203125
0.04638671875 -0.0380744934082031 0.0873031616210938 -0.0448760986328125
0.0230484008789063 -0.0456695556640625 0.0687446594238281 -0.0566329956054688
-0.0104598999023437 -0.059295654296875 0.0459518432617188 -0.0684356689453125
-0.0313377380371094 -0.0564613342285156 0.0276451110839844 -0.0566978454589844
-0.0308799743652344 -0.05584716796875 0.0224895477294922 -0.0287456512451172
-0.039825439453125 -0.0673179626464844 0.0226726531982422 -0.00188636779785157
-0.019500732421875 -0.0798416137695313 0.00538825988769531 0.0269069671630859
0.022979736328125 -0.0824508666992187 -0.0113372802734375 0.0426979064941406
0.0562171936035156 -0.0648765563964844 -0.0293521881103516 0.0306549072265625
0.0884628295898438 -0.01385498046875 -0.0402450561523437 0.0253334045410156
0.0991134643554688 0.00907135009765625 -0.0299835205078125 0.0232810974121094
0.100799560546875 0.0354232788085938 -0.00727844238281249 0.0453262329101562
0.100730895996094 0.0473556518554687 0.048675537109375 -0.056854248046875
0.0855789184570313 0.0202178955078125 0.0829925537109375 -0.0171737670898438
0.0852508544921875 -0.00128936767578125 0.0971832275390625 -0.0100860595703125
0.0693817138671875 -0.0332069396972656 0.100502014160156 -0.036376953125
0.0433502197265625 -0.0461959838867188 0.0740814208984375 -0.0468902587890625
0.01007080078125 -0.0647621154785156 0.0522613525390625 -0.0522499084472656
-0.013275146484375 -0.0658493041992188 0.038970947265625 -0.0371170043945313
-0.0147056579589844 -0.0620880126953125 0.036041259765625 -0.01123046875
-0.0240402221679688 -0.07177734375 0.0397605895996094 0.0171127319335937
-0.0101089477539062 -0.0769882202148438 0.0208206176757813 0.0438346862792969
0.0279312133789062 -0.0807113647460938 0.00175857543945312 0.0551033020019531
0.0571136474609375 -0.0648269653320313 -0.0181503295898437 0.0392265319824219
0.088958740234375 -0.0151901245117187 -0.0229835510253906 0.0300674438476563
0.0995941162109375 0.00955963134765625 -0.000238418579101555 0.0249862670898438
0.0977401733398437 0.038604736328125 0.0293502807617188 0.0609931945800781
0.0815582275390625 0.0502395629882812 0.0769729614257813 -0.0337142944335938
0.0767974853515625 0.0330352783203125 0.106704711914063 0.000541687011718752
0.087158203125 0.0110244750976563 0.109718322753906 -0.000732421874999999
0.0772781372070313 -0.0237808227539063 0.103416442871094 -0.0271148681640625
0.0520057678222656 -0.0391502380371094 0.0720291137695313 -0.033294677734375
0.0244865417480469 -0.0602836608886719 0.0518112182617188 -0.0318717956542969
0.0045928955078125 -0.0624847412109375 0.0450248718261719 -0.0132102966308594
0.00270843505859374 -0.0576667785644531 0.0435714721679688 0.00946044921875
-0.00350952148437501 -0.0652275085449219 0.0499343872070313 0.0333290100097656
0.00517272949218749 -0.0641136169433594 0.0299072265625 0.0585594177246094
0.0345687866210938 -0.06256103515625 0.0100517272949219 0.0655632019042969
0.0530433654785156 -0.0511589050292969 -0.00934982299804687 0.0461273193359375
0.0788726806640625 -0.00738525390625 -0.0107078552246094 0.0310630798339844
0.084014892578125 0.0155029296875 0.0234622955322266 0.0251293182373047
0.0761642456054688 0.0377273559570313 0.0613250732421875 0.0760574340820313
0.0487747192382813 0.0417251586914063 0.095672607421875 -0.0138626098632812
0.0534248352050781 0.0345687866210938 0.120773315429687 0.0129776000976563
0.0679588317871094 0.01751708984375 0.110298156738281 0.00507354736328125
0.0671348571777344 -0.0116844177246094 0.0972442626953125 -0.017486572265625
0.0478172302246094 -0.0253219604492188 0.0621681213378906 -0.0188674926757813
0.0323257446289063 -0.0438232421875 0.04583740234375 -0.0111846923828125
0.0207481384277344 -0.0475082397460938 0.0431022644042969 0.00878524780273437
0.0204811096191406 -0.0436058044433594 0.0446434020996094 0.0281448364257812
0.0190658569335937 -0.0502510070800781 0.0499420166015625 0.0486297607421875
0.0232505798339844 -0.0431900024414062 0.0308723449707031 0.0686607360839844
0.0398635864257812 -0.0350112915039062 0.0105133056640625 0.0706253051757813
0.0493850708007812 -0.0243797302246094 -0.006195068359375 0.0474929809570313
0.0593719482421875 0.00997543334960937 -0.00444412231445312 0.0295963287353516
0.0571517944335938 0.0263404846191406 0.0392913818359375 0.0251884460449219
0.0455474853515625 0.0378532409667969 0.0817642211914063 0.089630126953125
0.00805282592773437 0.0248775482177734 0.100738525390625 -0.00385284423828125
0.0214080810546875 0.0256977081298828 0.119979858398438 0.0157012939453125
0.0349998474121094 0.0161819458007813 0.102447509765625 0.0050048828125
0.0387039184570313 0.0022430419921875 0.0864181518554688 -0.0108108520507813
0.0306282043457031 -0.003021240234375 0.0490341186523438 -0.00979995727539063
0.0334606170654297 -0.0151252746582031 0.0360946655273438 0.00357818603515625
0.0349597930908203 -0.0241241455078125 0.0371170043945313 0.0264244079589844
0.0344905853271484 -0.0240802764892578 0.0390357971191406 0.0422210693359375
0.0384330749511719 -0.0281715393066406 0.0403861999511719 0.0609626770019531
0.0383186340332031 -0.0181694030761719 0.019866943359375 0.0753631591796875
0.0424842834472656 -0.00588226318359375 0.00101470947265626 0.0694770812988281
0.0418510437011719 0.00223159790039063 -0.01177978515625 0.0491600036621094
0.0343303680419922 0.0279827117919922 -0.00647926330566406 0.0302753448486328
0.0200347900390625 0.0372848510742188 0.0427780151367188 0.0306396484375
0.00639915466308594 0.0339069366455078 0.089813232421875 0.100654602050781
-0.0319938659667969 0.00756645202636719 0.0920181274414063 -0.00574493408203125
-0.0152473449707031 0.0129070281982422 0.106536865234375 0.0110855102539062
-0.00719356536865234 0.0131626129150391 0.0868072509765625 -0.000518798828124999
0.00232601165771484 0.0169153213500977 0.071868896484375 -0.0099334716796875
0.00859642028808594 0.0220355987548828 0.0384979248046875 -0.00729751586914062
0.0304241180419922 0.0180892944335938 0.0264930725097656 0.0102405548095703
0.0420570373535156 0.00405502319335938 0.0273494720458984 0.0334415435791016
0.0451507568359375 -0.000514984130859375 0.0268669128417969 0.0487632751464844
0.0510330200195313 -0.00421524047851563 0.0232963562011719 0.0687332153320313
0.04510498046875 0.0054473876953125 0.00359344482421874 0.0780410766601563
0.0384140014648437 0.0191078186035156 -0.0151596069335938 0.0684852600097656
0.0282917022705078 0.0242538452148438 -0.0230598449707031 0.0498046875
0.00806045532226562 0.0394821166992188 -0.0184268951416016 0.0314617156982422
-0.0150642395019531 0.0410499572753906 0.0305023193359375 0.038818359375
-0.0333156585693359 0.0250453948974609 0.0801773071289063 0.108757019042969
0.0830001831054687 -0.009002685546875 -0.0649795532226563 -0.106155395507813
0.0355758666992188 -0.0448760986328125 -0.0170631408691406 -0.0513648986816406
0.00842666625976562 -0.0457763671875 0.0328922271728516 -0.0292644500732422
-0.0148506164550781 -0.0423469543457031 0.0488929748535156 -0.0498809814453125
-0.0263767242431641 -0.0322360992431641 0.0430374145507813 -0.0666122436523438
-0.0499801635742188 -0.0206680297851562 0.0147705078125 -0.08380126953125
-0.0573348999023438 -0.0122146606445313 -0.00997924804687499 -0.0778656005859375
-0.0515327453613281 -0.0163688659667969 -0.0140304565429688 -0.0546646118164063
-0.0566558837890625 -0.0241050720214844 -0.0161857604980469 -0.0324840545654297
-0.0369606018066406 -0.0428123474121094 -0.0231609344482422 -0.00781822204589845
-0.00506973266601562 -0.0534858703613281 -0.0342350006103516 0.0112686157226563
0.0210113525390625 -0.0438919067382813 -0.055023193359375 0.00900650024414062
0.0455818176269531 -0.0179367065429688 -0.0788345336914063 0.0041961669921875
0.0603561401367188 -0.00783538818359375 -0.0951995849609375 0.00444030761718748
0.0747222900390625 0.0108795166015625 -0.0789794921875 0.0117034912109375
0.106552124023437 0.0114212036132812 -0.0278472900390625 -0.103530883789063
0.0625724792480469 -0.02850341796875 0.0157661437988281 -0.0518150329589844
0.0375900268554688 -0.0371131896972656 0.056365966796875 -0.029693603515625
0.0125465393066406 -0.0453910827636719 0.0695381164550781 -0.0520782470703125
-0.00518417358398438 -0.040924072265625 0.0600967407226563 -0.0661354064941406
-0.0353965759277344 -0.0409088134765625 0.0342559814453125 -0.0828781127929688
-0.049591064453125 -0.0365715026855469 0.011016845703125 -0.0753631591796875
-0.0471038818359375 -0.0394515991210938 0.00495529174804688 -0.0492744445800781
-0.0542144775390625 -0.0497169494628906 0.00392532348632812 -0.0232563018798828
-0.0323677062988281 -0.0674858093261719 -0.00857067108154297 0.00450468063354492
0.00931549072265626 -0.0768585205078125 -0.0209503173828125 0.0236778259277344
0.0437355041503906 -0.0619049072265625 -0.0408821105957031 0.0177650451660156
0.07696533203125 -0.01824951171875 -0.0574150085449219 0.0159568786621094
0.0910186767578125 0.00017547607421875 -0.0643424987792969 0.0151290893554688
0.100982666015625 0.0245590209960937 -0.045379638671875 0.0259323120117188
0.116676330566406 0.0327835083007812 0.0124740600585938 -0.0906219482421875
0.0821762084960938 -0.0047149658203125 0.051727294921875 -0.0421409606933594
0.0667800903320313 -0.0198898315429688 0.0806732177734375 -0.0247650146484375
0.0440216064453125 -0.0427055358886719 0.0898971557617188 -0.0503005981445313
0.0203361511230469 -0.0472488403320313 0.0725479125976563 -0.0616683959960938
-0.0138397216796875 -0.0572319030761719 0.0478439331054687 -0.0753097534179688
-0.0350685119628906 -0.0565719604492187 0.0284576416015625 -0.0640487670898438
-0.0355491638183594 -0.0565452575683594 0.0230140686035156 -0.0355567932128906
-0.0444526672363281 -0.0670089721679688 0.0244865417480469 -0.00889205932617188
-0.0250625610351562 -0.0806808471679688 0.00863838195800781 0.0216407775878906
0.01849365234375 -0.0884246826171875 -0.00698471069335937 0.0388832092285156
0.054656982421875 -0.0737152099609375 -0.0263042449951172 0.0281772613525391
0.0936737060546875 -0.0213088989257813 -0.0369491577148437 0.0257949829101563
0.108314514160156 0.0029296875 -0.0302238464355469 0.0215549468994141
0.112205505371094 0.032745361328125 -0.00569915771484374 0.0421371459960937
0.110748291015625 0.0480194091796875 0.0524177551269531 -0.0689010620117188
0.0906219482421875 0.0188827514648438 0.0858230590820312 -0.02581787109375
0.0887451171875 -0.0023651123046875 0.101280212402344 -0.0149307250976562
0.070709228515625 -0.0364532470703125 0.104103088378906 -0.0438995361328125
0.0434188842773438 -0.0483627319335938 0.0773696899414062 -0.0524826049804687
0.00777053833007813 -0.0673637390136719 0.0545768737792969 -0.0605392456054688
-0.0156936645507812 -0.0678138732910156 0.0399742126464844 -0.0451431274414063
-0.0179595947265625 -0.0645484924316406 0.0372047424316406 -0.0175323486328125
-0.027984619140625 -0.0745315551757813 0.0424270629882813 0.00831604003906249
-0.0134735107421875 -0.0810775756835938 0.0251197814941406 0.0385169982910156
0.0261077880859375 -0.0861434936523438 0.00675582885742188 0.0518760681152344
0.0578384399414063 -0.07232666015625 -0.0136299133300781 0.0366897583007812
0.09613037109375 -0.0204696655273437 -0.0189571380615234 0.0289287567138672
0.107963562011719 0.00609588623046875 0.00252342224121094 0.0226764678955078
0.107093811035156 0.0381088256835938 0.0347213745117188 0.0581817626953125
0.0884017944335938 0.054046630859375 0.0855178833007813 -0.0445556640625
0.0824050903320313 0.0360565185546875 0.112625122070313 -0.0081329345703125
0.0939712524414063 0.0122222900390625 0.114364624023438 -0.0060272216796875
0.0828475952148438 -0.02642822265625 0.108299255371094 -0.033660888671875
0.055999755859375 -0.0424308776855469 0.0744552612304688 -0.038116455078125
0.0256118774414062 -0.0650749206542969 0.0543289184570313 -0.038360595703125
0.00442123413085937 -0.0680923461914063 0.0467987060546875 -0.0198898315429688
0.00225448608398438 -0.0628623962402344 0.0453720092773438 0.0034942626953125
-0.00417327880859375 -0.0710296630859375 0.0531425476074219 0.0273895263671875
0.00481796264648437 -0.0695877075195313 0.0343551635742188 0.0526161193847656
0.0356979370117188 -0.068206787109375 0.0146217346191406 0.0607833862304687
0.0574684143066406 -0.0564308166503906 -0.00454330444335938 0.0421104431152344
0.0858306884765625 -0.0090484619140625 -0.0056934356689453 0.0288410186767578
0.0917510986328125 0.0160064697265625 0.0288448333740234 0.0214920043945313
0.0856094360351563 0.042236328125 0.0692520141601563 0.0728912353515625
0.0526390075683594 0.0484352111816406 0.105888366699219 -0.0218276977539062
0.0588035583496094 0.0405426025390625 0.12823486328125 0.00640106201171875
0.0755996704101563 0.0210800170898438 0.116340637207031 -0.000320434570312499
0.0736083984375 -0.0125808715820313 0.101364135742188 -0.0229110717773438
0.0533714294433594 -0.0273170471191406 0.06396484375 -0.0223426818847656
0.035736083984375 -0.0489387512207031 0.0488319396972656 -0.0152130126953125
0.0226097106933594 -0.055206298828125 0.046966552734375 0.00494003295898437
0.0224342346191406 -0.0515365600585938 0.0469436645507813 0.0242080688476562
0.0205001831054688 -0.0581169128417969 0.0535163879394531 0.0447921752929687
0.0262336730957031 -0.0500373840332031 0.0348930358886719 0.0640106201171875
0.0454368591308594 -0.0407600402832031 0.0145454406738281 0.0657005310058594
0.0559730529785156 -0.0282211303710938 -0.00251007080078125 0.0455665588378906
0.0674591064453125 0.0119667053222656 0.000112533569335942 0.0276088714599609
0.0622367858886719 0.0313644409179688 0.0455589294433594 0.0226364135742188
0.0503005981445313 0.0456809997558594 0.0931015014648438 0.0879058837890625
0.00920486450195312 0.033966064453125 0.111671447753906 -0.00844573974609375
0.0232181549072266 0.0334911346435547 0.129402160644531 0.0111770629882813
0.0396919250488281 0.0232162475585938 0.107742309570313 0.000335693359375001
0.0455360412597656 0.00401687622070312 0.0874710083007813 -0.0149993896484375
0.0372276306152344 -0.00326156616210937 0.0508079528808594 -0.0115928649902344
0.0390396118164063 -0.0203437805175781 0.0385398864746094 0.00358963012695312
0.0378913879394531 -0.0318031311035156 0.0407028198242188 0.0246505737304687
0.0385551452636719 -0.0324325561523438 0.0412864685058594 0.0409049987792969
0.0416336059570313 -0.0379562377929688 0.0436058044433594 0.059722900390625
0.0431861877441406 -0.0256690979003906 0.0235443115234375 0.072509765625
0.0502586364746094 -0.00989532470703125 0.00396347045898438 0.0683937072753906
0.0500946044921875 0.001983642578125 -0.00796127319335937 0.0470008850097656
0.0422477722167969 0.034210205078125 -0.00276565551757812 0.02880859375
0.0252227783203125 0.0461235046386719 0.0485763549804688 0.0294532775878906
0.00767898559570313 0.0444831848144531 0.0996932983398438 0.102142333984375
-0.0352058410644531 0.015411376953125 0.10101318359375 -0.0066680908203125
-0.0171489715576172 0.0222320556640625 0.1156005859375 0.0087890625
-0.00491142272949219 0.0220527648925781 0.0919723510742188 -0.0044708251953125
0.00824165344238281 0.0226097106933594 0.0724639892578125 -0.0131072998046875
0.0153274536132813 0.0237922668457031 0.0378913879394531 -0.00815200805664062
0.0373878479003906 0.0139656066894531 0.0269355773925781 0.0112857818603516
0.048553466796875 -0.00296783447265625 0.0289039611816406 0.0359611511230469
0.049591064453125 -0.00811767578125 0.0290145874023438 0.0508689880371094
0.0556106567382812 -0.013031005859375 0.0264739990234375 0.0703964233398438
0.0513763427734375 -0.00143814086914063 0.00420379638671876 0.0771865844726563
0.0469589233398438 0.0156898498535156 -0.0134353637695312 0.0693626403808594
0.0374984741210938 0.0261459350585937 -0.0204048156738281 0.0494880676269531
0.0152015686035156 0.0478248596191406 -0.014984130859375 0.0330238342285156
-0.013427734375 0.0515518188476563 0.0373191833496094 0.0413436889648438
-0.0355148315429687 0.036651611328125 0.0891799926757813 0.112777709960938
0.0887603759765625 -0.0207977294921875 -0.07568359375 -0.114051818847656
0.03228759765625 -0.0549201965332031 -0.0242424011230469 -0.0559616088867188
0.001068115234375 -0.0532646179199219 0.0313892364501953 -0.0314235687255859
-0.024383544921875 -0.043212890625 0.0489234924316406 -0.0529518127441406
-0.0348014831542969 -0.0294132232666016 0.0444259643554687 -0.071624755859375
-0.0561141967773438 -0.012542724609375 0.013916015625 -0.0893783569335938
-0.0616035461425781 -0.00365066528320312 -0.0123519897460937 -0.0845260620117187
-0.0569648742675781 -0.00904846191406249 -0.0171699523925781 -0.060333251953125
-0.0628738403320313 -0.0156593322753906 -0.0186309814453125 -0.0366706848144531
-0.0448570251464844 -0.0387992858886719 -0.0235195159912109 -0.0108718872070313
-0.0139083862304687 -0.0550384521484375 -0.0331592559814453 0.0101890563964844
0.0146331787109375 -0.0499916076660156 -0.0565261840820312 0.0107765197753906
0.0460433959960938 -0.0286178588867188 -0.0816421508789063 0.00751495361328125
0.06494140625 -0.019378662109375 -0.102973937988281 0.00774383544921875
0.0830459594726563 0.0004119873046875 -0.088043212890625 0.0121078491210938
0.115585327148438 0.00246429443359375 -0.035919189453125 -0.115692138671875
0.0624198913574219 -0.0376205444335938 0.0103874206542969 -0.0595169067382813
0.0339508056640625 -0.0427742004394531 0.0568161010742187 -0.0339088439941406
0.005279541015625 -0.0475845336914063 0.0714340209960938 -0.0575714111328125
-0.0108642578125 -0.0405044555664063 0.0620803833007812 -0.0726165771484375
-0.0403709411621094 -0.0357742309570313 0.0344467163085937 -0.0907440185546875
-0.0550422668457031 -0.03179931640625 0.00943756103515625 -0.0845413208007813
-0.0525550842285156 -0.0349922180175781 0.00333786010742187 -0.0562553405761719
-0.0612258911132813 -0.0451164245605469 0.00247001647949218 -0.0304241180419922
-0.04022216796875 -0.06622314453125 -0.00736188888549805 -9.96589660644556E-05
0.00152587890624999 -0.0807647705078125 -0.0190391540527344 0.0212726593017578
0.0391998291015625 -0.070404052734375 -0.04022216796875 0.0170326232910156
0.0803070068359375 -0.0288619995117187 -0.0577201843261719 0.0182533264160156
0.0993881225585938 -0.0113449096679688 -0.0682411193847656 0.0161552429199219
0.112892150878906 0.0161895751953125 -0.0504989624023438 0.0247039794921875
0.12744140625 0.0268936157226563 0.00926971435546876 -0.104011535644531
0.08563232421875 -0.0105743408203125 0.0500297546386719 -0.0519561767578125
0.0684013366699219 -0.0254745483398438 0.0835342407226563 -0.0303802490234375
0.0413475036621094 -0.0465431213378906 0.0936965942382813 -0.0577545166015625
0.0176963806152344 -0.0484466552734375 0.0751266479492188 -0.070037841796875
-0.0183982849121094 -0.0567970275878906 0.04876708984375 -0.0849533081054687
-0.0398063659667969 -0.055755615234375 0.0282821655273437 -0.0745773315429688
-0.0403518676757813 -0.0554237365722656 0.0222091674804687 -0.0441818237304688
-0.0514030456542969 -0.0671310424804688 0.0251407623291016 -0.0173263549804688
-0.0324249267578125 -0.0824661254882813 0.0116128921508789 0.0159549713134766
0.0126495361328125 -0.0943603515625 -0.00298690795898438 0.0351409912109375
0.0520782470703125 -0.0831527709960938 -0.0246200561523437 0.0261917114257813
0.09918212890625 -0.0317230224609375 -0.0344944000244141 0.0256023406982422
0.118148803710938 -0.00658416748046875 -0.0306949615478516 0.0202827453613281
0.125831604003906 0.027008056640625 -0.00456619262695312 0.0392951965332031
0.122306823730469 0.0468978881835938 0.0532379150390625 -0.0835037231445313
0.0976943969726562 0.0167312622070312 0.087127685546875 -0.0357131958007813
0.0951385498046875 -0.00627899169921875 0.106582641601563 -0.0221481323242188
0.0726394653320313 -0.04168701171875 0.10858154296875 -0.0516586303710938
0.0433311462402344 -0.0522994995117187 0.0802078247070313 -0.0607757568359375
0.0055389404296875 -0.0702896118164062 0.0566673278808594 -0.06982421875
-0.0201797485351562 -0.0706558227539063 0.0406532287597656 -0.0556640625
-0.0218696594238281 -0.0677871704101562 0.0375518798828125 -0.0258674621582031
-0.0331954956054688 -0.077850341796875 0.0445823669433594 -0.000267028808593755
-0.0185089111328125 -0.085113525390625 0.0285301208496094 0.0314826965332031
0.0228271484375 -0.093902587890625 0.0112953186035156 0.046875
0.0575637817382813 -0.0821533203125 -0.0108547210693359 0.0335407257080078
0.103096008300781 -0.028778076171875 -0.0154209136962891 0.0273704528808594
0.118965148925781 0.00048828125 0.00467491149902344 0.0196266174316406
0.120307922363281 0.0365219116210938 0.0396461486816406 0.0541572570800781
0.0990447998046875 0.0576858520507813 0.0912017822265625 -0.0577392578125
0.0912551879882813 0.0372848510742188 0.118705749511719 -0.018157958984375
0.102981567382812 0.0123748779296875 0.120391845703125 -0.0124740600585938
0.0899734497070313 -0.0317001342773438 0.11297607421875 -0.04150390625
0.0600929260253906 -0.0481529235839844 0.0778045654296875 -0.0448760986328125
0.0252227783203125 -0.0715103149414062 0.0565032958984375 -0.0461959838867188
0.00200653076171875 -0.0748214721679687 0.0480575561523438 -0.0290451049804688
0.000141143798828122 -0.0690841674804688 0.047119140625 -0.00286865234375
-0.00799560546875 -0.0780181884765625 0.0564117431640625 0.0201530456542969
0.00245666503906249 -0.0769729614257813 0.038604736328125 0.0473976135253906
0.0362472534179687 -0.076568603515625 0.0194778442382813 0.0562858581542969
0.0615501403808594 -0.0646858215332031 -0.00131607055664062 0.038116455078125
0.0945053100585938 -0.0130386352539062 -0.00193214416503905 0.0255546569824219
0.102081298828125 0.014251708984375 0.0340614318847656 0.0164852142333984
0.0963516235351563 0.0447769165039063 0.0785293579101563 0.0686569213867188
0.0598907470703125 0.0559043884277344 0.115768432617187 -0.0339202880859375
0.0658340454101563 0.0461311340332031 0.138290405273438 -0.0031585693359375
0.08587646484375 0.0246810913085938 0.123519897460938 -0.00725555419921875
0.0826339721679688 -0.0161056518554688 0.106048583984375 -0.0298614501953125
0.0601921081542969 -0.0313377380371094 0.0664443969726563 -0.0277137756347656
0.0381507873535156 -0.0566482543945312 0.0500564575195313 -0.0200462341308594
0.0229682922363281 -0.0644760131835938 0.0492820739746094 -0.000492095947265629
0.0217742919921875 -0.059783935546875 0.0501556396484375 0.019866943359375
0.0189743041992187 -0.0686988830566406 0.057586669921875 0.040069580078125
0.0269737243652344 -0.0582923889160156 0.0378150939941406 0.0605239868164062
0.0497474670410156 -0.0485420227050781 0.0181388854980469 0.0622940063476562
0.0627174377441406 -0.0344009399414063 0.00114440917968751 0.0412521362304688
0.0773544311523438 0.0121994018554688 0.005096435546875 0.0243415832519531
0.0715408325195313 0.03564453125 0.0523147583007813 0.0181808471679688
0.0582809448242188 0.0531692504882813 0.104988098144531 0.0851974487304687
0.0124855041503906 0.0433425903320313 0.12420654296875 -0.0175247192382812
0.0275650024414063 0.0419883728027344 0.140594482421875 0.0042724609375
0.04827880859375 0.0292625427246094 0.115119934082031 -0.0059814453125
0.055633544921875 0.00429916381835938 0.0922393798828125 -0.021514892578125
0.0453681945800781 -0.00664901733398438 0.0520858764648438 -0.0137290954589844
0.04400634765625 -0.028289794921875 0.0408401489257812 0.001556396484375
0.0401725769042969 -0.0425033569335938 0.0441818237304687 0.023529052734375
0.0403327941894531 -0.0420570373535156 0.0443534851074219 0.0396232604980469
0.0435142517089844 -0.0495491027832031 0.0473861694335938 0.0584373474121094
0.0468864440917969 -0.0349082946777344 0.0257720947265625 0.070343017578125
0.0584487915039062 -0.0168304443359375 0.00609588623046875 0.0665779113769531
0.0604362487792969 -0.000820159912109375 -0.00569915771484375 0.0451316833496094
0.0523643493652344 0.0392837524414063 0.00130081176757813 0.0274124145507813
0.0323219299316406 0.0548095703125 0.0567665100097656 0.0278892517089844
0.0117988586425781 0.055419921875 0.113197326660156 0.102622985839844
-0.0379638671875 0.0262908935546875 0.113418579101562 -0.0118560791015625
-0.0169639587402344 0.0316944122314453 0.127212524414062 0.0038604736328125
0.000679016113281251 0.0311660766601563 0.0976104736328125 -0.00934600830078125
0.0178432464599609 0.0258808135986328 0.0748977661132813 -0.0169906616210938
0.0234375 0.0231094360351563 0.0377769470214844 -0.00775527954101562
0.0447273254394531 0.00767898559570313 0.0280380249023438 0.0127468109130859
0.0538597106933594 -0.0120811462402344 0.0324859619140625 0.0381851196289063
0.0529212951660156 -0.0180854797363281 0.032257080078125 0.0527992248535156
0.0595970153808594 -0.0241279602050781 0.0295944213867188 0.0727691650390625
0.0572357177734375 -0.0107383728027344 0.00592041015625 0.0785446166992188
0.0574378967285156 0.00990676879882813 -0.0126152038574219 0.0702552795410156
0.0489616394042969 0.0248680114746094 -0.0180625915527344 0.0500373840332031
0.0236701965332031 0.054931640625 -0.0115203857421875 0.0335235595703125
-0.00850677490234376 0.0631027221679688 0.0444374084472656 0.0422096252441406
-0.0359649658203125 0.0487709045410156 0.102256774902344 0.117462158203125
0.0923233032226563 -0.0365447998046875 -0.0928268432617187 -0.120132446289062
0.0252647399902344 -0.0666465759277344 -0.0342826843261719 -0.0573959350585938
-0.00927734375 -0.0592460632324219 0.0303058624267578 -0.0342826843261719
-0.035552978515625 -0.0419845581054688 0.0476455688476562 -0.0569992065429688
-0.0427932739257813 -0.0248641967773437 0.0443954467773438 -0.0781097412109375
-0.06072998046875 -0.00220108032226561 0.01141357421875 -0.0954132080078125
-0.0645866394042969 0.0062255859375 -0.0175704956054688 -0.0906448364257813
-0.0608482360839844 -5.72204589843879E-05 -0.0220985412597656 -0.0648765563964844
-0.0681076049804688 -0.00555801391601561 -0.0237464904785156 -0.041717529296875
-0.0530014038085937 -0.0314674377441406 -0.0242691040039063 -0.0132694244384766
-0.02508544921875 -0.0545997619628906 -0.0340595245361328 0.00909423828125
0.005340576171875 -0.0549888610839844 -0.058135986328125 0.0129547119140625
0.0432815551757813 -0.0407829284667969 -0.085052490234375 0.0132217407226562
0.0666694641113281 -0.0341873168945313 -0.111343383789062 0.0152206420898437
0.0899810791015625 -0.0140304565429688 -0.0984115600585937 0.0180282592773438
0.123908996582031 -0.0109710693359375 -0.0501022338867188 -0.126792907714844
0.0600509643554688 -0.0484275817871094 0.00314331054687501 -0.0658416748046875
0.0283660888671875 -0.0499687194824219 0.0564689636230469 -0.0399932861328125
-0.003082275390625 -0.0488700866699219 0.0718231201171875 -0.0648727416992188
-0.0174560546875 -0.0379791259765625 0.0621490478515625 -0.0815658569335938
-0.0461502075195313 -0.0286140441894531 0.0315093994140625 -0.10052490234375
-0.0599746704101563 -0.02423095703125 0.00497436523437499 -0.0944061279296875
-0.0579147338867187 -0.0284996032714844 -0.00142288208007813 -0.0642890930175781
-0.0691413879394531 -0.0383491516113281 -0.00110626220703125 -0.0383186340332031
-0.049591064453125 -0.0630416870117188 -0.00681829452514649 -0.00528717041015625
-0.00936889648437501 -0.08453369140625 -0.0177783966064453 0.0174179077148437
0.0311508178710938 -0.0794219970703125 -0.04034423828125 0.0178565979003906
0.0812225341796875 -0.0428085327148438 -0.0578651428222656 0.020538330078125
0.105239868164063 -0.0264663696289063 -0.07305908203125 0.0198135375976563
0.125038146972656 0.0029296875 -0.05596923828125 0.0260200500488281
0.139778137207031 0.01727294921875 -0.000129699707031246 -0.119644165039063
0.0884628295898438 -0.0194320678710938 0.0450096130371094 -0.0621910095214844
0.0686607360839844 -0.0322456359863281 0.084716796875 -0.0383377075195312
0.036834716796875 -0.0507659912109375 0.0945281982421875 -0.0678863525390625
0.0135231018066406 -0.0502090454101562 0.07611083984375 -0.081268310546875
-0.0230026245117188 -0.0548820495605469 0.0470809936523438 -0.0963668823242187
-0.0459251403808594 -0.0532417297363281 0.0241317749023437 -0.0870513916015625
-0.0465126037597656 -0.0538711547851563 0.0191001892089844 -0.0533447265625
-0.0597915649414063 -0.0643424987792969 0.0233097076416016 -0.026580810546875
-0.0424041748046875 -0.0829391479492188 0.0126152038574219 0.0090036392211914
0.00283050537109375 -0.101325988769531 -0.000892639160156252 0.0297584533691406
0.0461654663085938 -0.0945510864257813 -0.02349853515625 0.0242900848388672
0.103736877441406 -0.0451889038085937 -0.0323257446289062 0.0249595642089844
0.126914978027344 -0.0211334228515625 -0.0318622589111328 0.019989013671875
0.14080810546875 0.0167083740234375 -0.00569915771484374 0.0368576049804688
0.136032104492188 0.041778564453125 0.0501556396484375 -0.101112365722656
0.105056762695313 0.0117111206054688 0.0875167846679688 -0.0491180419921875
0.101493835449219 -0.0122756958007813 0.109542846679688 -0.0308609008789063
0.0737762451171875 -0.0491104125976562 0.111251831054688 -0.064453125
0.0426826477050781 -0.05755615234375 0.0816116333007813 -0.07135009765625
0.0010986328125 -0.07366943359375 0.0554351806640625 -0.0819244384765625
-0.0258636474609375 -0.0739212036132812 0.0387649536132812 -0.0672073364257813
-0.0280685424804688 -0.0701637268066406 0.03582763671875 -0.0347900390625
-0.042144775390625 -0.0804901123046875 0.0441741943359375 -0.00905609130859376
-0.0266494750976563 -0.0892105102539063 0.0307750701904297 0.0245227813720703
0.0158843994140625 -0.10235595703125 0.0147705078125 0.0411262512207031
0.0548553466796875 -0.0940628051757813 -0.00868606567382812 0.0299472808837891
0.109786987304688 -0.0404891967773438 -0.0116367340087891 0.0243701934814453
0.129356384277344 -0.0108795166015625 0.0067882537841797 0.0149879455566406
0.135589599609375 0.0297088623046875 0.0445365905761719 0.0487861633300781
0.112342834472656 0.0574951171875 0.0935592651367188 -0.0759963989257813
0.102027893066406 0.0362777709960938 0.123054504394531 -0.0319671630859375
0.114311218261719 0.00804901123046875 0.126304626464844 -0.0237960815429688
0.0948715209960938 -0.04071044921875 0.1163330078125 -0.0543670654296875
0.0623817443847656 -0.0550880432128906 0.078887939453125 -0.0542373657226563
0.0226058959960937 -0.0791854858398437 0.0570068359375 -0.056427001953125
-0.0032958984375 -0.0818939208984375 0.0485610961914063 -0.0387763977050781
-0.00514221191406251 -0.0762405395507813 0.0474166870117187 -0.0110054016113281
-0.015625 -0.085540771484375 0.0582160949707031 0.0106658935546875
-0.00302886962890626 -0.0834121704101563 0.0416488647460938 0.0398826599121094
0.0337371826171875 -0.08642578125 0.0229568481445313 0.0509986877441406
0.0622100830078125 -0.0755081176757813 0.00109100341796875 0.0331840515136719
0.103630065917969 -0.0215377807617188 0.00276565551757813 0.021575927734375
0.112968444824219 0.00885772705078125 0.0383758544921875 0.0105476379394531
0.110893249511719 0.0443038940429688 0.08892822265625 0.0621109008789063
0.0706100463867188 0.06121826171875 0.123947143554688 -0.0508499145507812
0.076873779296875 0.0495452880859375 0.146926879882813 -0.01654052734375
0.0989761352539062 0.0236282348632812 0.130256652832031 -0.0185699462890625
0.0910263061523437 -0.0235824584960937 0.109748840332031 -0.0410079956054687
0.0653533935546875 -0.0399551391601563 0.06903076171875 -0.034332275390625
0.0387077331542969 -0.0666999816894531 0.0525474548339844 -0.0270729064941406
0.0194625854492187 -0.0754318237304688 0.0514602661132813 -0.00782775878906251
0.0189857482910156 -0.0696830749511719 0.0521202087402344 0.0146408081054687
0.0143051147460937 -0.0792694091796875 0.0607490539550781 0.0336532592773437
0.0251960754394531 -0.0686721801757813 0.041656494140625 0.0544166564941406
0.0523300170898438 -0.0599594116210938 0.02117919921875 0.0580787658691406
0.0691452026367188 -0.0437393188476562 0.00338363647460938 0.0364646911621094
0.0888900756835938 0.00972747802734375 0.00884056091308594 0.0199565887451172
0.0837860107421875 0.036407470703125 0.0593833923339844 0.0111160278320313
0.0700416564941406 0.0581588745117188 0.118934631347656 0.0784454345703125
0.017669677734375 0.0530509948730469 0.135063171386719 -0.0321578979492188
0.035888671875 0.0504150390625 0.152008056640625 -0.00851440429687499
0.0598526000976562 0.0337181091308594 0.121246337890625 -0.0165176391601562
0.0659561157226563 0.000518798828125 0.0950241088867187 -0.0296249389648438
0.0533638000488281 -0.0125007629394531 0.0531959533691406 -0.0175361633300781
0.0475387573242188 -0.0389213562011719 0.0442695617675781 -0.0015411376953125
0.0400009155273437 -0.0545883178710938 0.0484390258789063 0.0204544067382813
0.0394973754882813 -0.0533981323242187 0.0484161376953125 0.0370063781738281
0.0411872863769531 -0.0624313354492188 0.0520896911621094 0.0552291870117187
0.0484237670898438 -0.0465621948242188 0.0285377502441406 0.0689773559570312
0.0652885437011719 -0.0281105041503906 0.00869369506835938 0.065093994140625
0.070220947265625 -0.00815963745117187 -0.00286865234374999 0.042236328125
0.0652313232421875 0.04107666015625 0.0056304931640625 0.0244655609130859
0.0440521240234375 0.0624618530273438 0.0649909973144531 0.0223655700683594
0.0196495056152344 0.0654640197753906 0.130706787109375 0.0987396240234375
-0.03753662109375 0.0385398864746094 0.124717712402344 -0.0229949951171875
-0.0128021240234375 0.0426216125488281 0.138137817382813 -0.00630950927734375
0.00801849365234375 0.0387840270996094 0.102462768554688 -0.0180282592773437
0.0274658203125 0.0265178680419922 0.0757980346679688 -0.0230026245117188
0.0318527221679688 0.0207042694091797 0.0380821228027344 -0.0090179443359375
0.0508346557617188 -0.001800537109375 0.0313968658447266 0.0139732360839844
0.0564727783203125 -0.0251007080078125 0.0378990173339844 0.0391273498535156
0.0546226501464844 -0.0290908813476563 0.0370101928710938 0.0542526245117188
0.0605049133300781 -0.0379257202148437 0.0342025756835938 0.0741653442382813
0.0604400634765625 -0.0234298706054687 0.00823974609375 0.0812225341796875
0.0655593872070313 0.00038909912109375 -0.0112380981445313 0.0726089477539063
0.0604782104492188 0.0200042724609375 -0.0166511535644531 0.0493087768554687
0.03643798828125 0.060577392578125 -0.00748634338378906 0.0337791442871094
0.000930786132812507 0.0753936767578125 0.0535202026367188 0.0408363342285156
-0.0325927734375 0.062957763671875 0.119781494140625 0.117912292480469
0.090087890625 -0.0540695190429688 -0.112106323242187 -0.118331909179688
0.0128173828125 -0.075897216796875 -0.0454597473144531 -0.0564498901367188
-0.0222091674804688 -0.0617179870605469 0.0273666381835937 -0.0362548828125
-0.0477371215820313 -0.0366783142089844 0.0454864501953125 -0.0617408752441406
-0.0493278503417969 -0.0153274536132813 0.0400466918945312 -0.0845184326171875
-0.0621070861816406 0.0109062194824219 0.00447845458984374 -0.100898742675781
-0.0642013549804688 0.0193023681640625 -0.027099609375 -0.0945205688476562
-0.0611648559570313 0.0118637084960938 -0.0294342041015625 -0.0676841735839844
-0.0700912475585938 0.00774383544921875 -0.0305328369140625 -0.0439338684082031
-0.0582504272460938 -0.0219841003417969 -0.0271759033203125 -0.0154304504394531
-0.0361289978027344 -0.0493049621582031 -0.0346088409423828 0.00878143310546875
-0.0064849853515625 -0.0568275451660156 -0.058074951171875 0.0175094604492188
0.0358734130859375 -0.0522689819335937 -0.0857925415039063 0.0202560424804688
0.0627975463867188 -0.0504074096679688 -0.116851806640625 0.026641845703125
0.0925216674804688 -0.0321044921875 -0.105903625488281 0.02874755859375
0.127235412597656 -0.0291519165039063 -0.0686187744140625 -0.131980895996094
0.0529937744140625 -0.0592880249023438 -0.00823593139648437 -0.06988525390625
0.0196495056152344 -0.0554733276367188 0.0540008544921875 -0.0461082458496094
-0.0131797790527344 -0.0469131469726562 0.0685501098632813 -0.0732650756835938
-0.0240936279296875 -0.0327777862548828 0.058074951171875 -0.0914306640625
-0.0494308471679688 -0.0194892883300781 0.0243453979492188 -0.10858154296875
-0.06231689453125 -0.0148735046386719 -0.00496673583984375 -0.102294921875
-0.0617752075195313 -0.0197181701660156 -0.00933074951171876 -0.0698204040527344
-0.0745620727539063 -0.0280990600585937 -0.00776290893554688 -0.0440597534179688
-0.0587234497070312 -0.05560302734375 -0.00885963439941406 -0.0102987289428711
-0.0222702026367188 -0.0832138061523438 -0.0173149108886719 0.0144233703613281
0.0197677612304687 -0.0855941772460937 -0.0401229858398438 0.0184555053710937
0.07696533203125 -0.057769775390625 -0.0560646057128906 0.0235214233398438
0.105583190917969 -0.0457916259765625 -0.076019287109375 0.0253219604492187
0.131843566894531 -0.0166473388671875 -0.0605087280273438 0.0309638977050781
0.14837646484375 0.001007080078125 -0.01641845703125 -0.13153076171875
0.088348388671875 -0.0307693481445312 0.0363388061523438 -0.0709915161132813
0.0658073425292969 -0.0405731201171875 0.08331298828125 -0.047821044921875
0.0299758911132813 -0.0541305541992188 0.0919570922851563 -0.0802688598632813
0.00864791870117188 -0.0498237609863281 0.072174072265625 -0.0924072265625
-0.02825927734375 -0.0504646301269531 0.03997802734375 -0.107582092285156
-0.0518684387207031 -0.0487060546875 0.0143051147460937 -0.0968551635742188
-0.0531082153320313 -0.0488929748535156 0.0121040344238281 -0.0616188049316406
-0.0682868957519531 -0.0577125549316406 0.0172233581542969 -0.0354347229003906
-0.0523300170898438 -0.0787887573242188 0.0121049880981445 0.00135707855224609
-0.01019287109375 -0.103912353515625 -0.000185012817382812 0.0244178771972656
0.0355758666992187 -0.103713989257813 -0.0222606658935547 0.0218639373779297
0.101753234863281 -0.061553955078125 -0.0291690826416016 0.0234203338623047
0.130081176757812 -0.0398712158203125 -0.03289794921875 0.0196475982666016
0.15167236328125 -0.0015411376953125 -0.00609207153320311 0.0349941253662109
0.148483276367188 0.02978515625 0.038818359375 -0.118537902832031
0.110687255859375 0.00179290771484375 0.082061767578125 -0.0623550415039063
0.105415344238281 -0.0227737426757813 0.110008239746094 -0.0438385009765625
0.0711517333984375 -0.0580291748046875 0.108856201171875 -0.0780715942382812
0.0397605895996094 -0.0626754760742188 0.0788497924804688 -0.083770751953125
-0.00488281250000001 -0.0751266479492188 0.0486831665039063 -0.0937881469726563
-0.0341110229492188 -0.074951171875 0.0306320190429687 -0.0781173706054688
-0.0360603332519531 -0.0701560974121094 0.0309829711914062 -0.0441818237304688
-0.0524444580078125 -0.0789413452148438 0.0404090881347656 -0.0203857421875
-0.0371627807617187 -0.089447021484375 0.0310401916503906 0.0155506134033203
0.0047760009765625 -0.108184814453125 0.0161952972412109 0.0342559814453125
0.0455703735351563 -0.105308532714844 -0.00761985778808593 0.0252285003662109
0.111373901367188 -0.0556564331054687 -0.00811767578124999 0.0201816558837891
0.135391235351563 -0.0270156860351563 0.00805091857910157 0.00913429260253906
0.14898681640625 0.016143798828125 0.0487251281738281 0.0408172607421875
0.12664794921875 0.052032470703125 0.0888290405273438 -0.0965728759765625
0.112030029296875 0.0300216674804688 0.122322082519531 -0.0485153198242188
0.1236572265625 -0.0019073486328125 0.12774658203125 -0.0376739501953125
0.096405029296875 -0.0521926879882813 0.115303039550781 -0.0686492919921875
0.0615501403808594 -0.0644950866699219 0.0775527954101563 -0.0653305053710938
0.0170745849609375 -0.0857620239257813 0.0526237487792969 -0.067291259765625
-0.0124893188476562 -0.0879592895507813 0.0437583923339844 -0.0494956970214844
-0.0136871337890625 -0.080657958984375 0.0449981689453125 -0.0192909240722656
-0.0259780883789062 -0.0898284912109375 0.0566024780273437 0.000648498535156244
-0.0115966796875 -0.0885467529296875 0.0435905456542969 0.0310707092285156
0.0261077880859375 -0.0959930419921875 0.0255203247070312 0.0429763793945312
0.058349609375 -0.0877914428710938 0.00269126892089844 0.0273590087890625
0.109748840332031 -0.0330963134765625 0.00607013702392579 0.0154619216918945
0.123390197753906 -0.00176239013671875 0.0408401489257813 0.0001068115234375
0.125450134277344 0.0375823974609375 0.0970840454101563 0.0504150390625
0.0834808349609375 0.061859130859375 0.124755859375 -0.07171630859375
0.0892562866210938 0.0485382080078125 0.150390625 -0.035552978515625
0.111160278320313 0.0177688598632813 0.132804870605469 -0.0327682495117187
0.0977935791015625 -0.0346832275390625 0.109756469726562 -0.0540847778320312
0.0678825378417969 -0.0502471923828125 0.067840576171875 -0.0423164367675781
0.034088134765625 -0.0776443481445313 0.0511283874511719 -0.0356636047363281
0.0117111206054687 -0.085235595703125 0.0512428283691406 -0.0157203674316406
0.0111923217773437 -0.0791854858398438 0.0527839660644531 0.00763320922851562
0.00511932373046874 -0.088653564453125 0.0622215270996094 0.0246543884277344
0.0184860229492188 -0.077880859375 0.0435829162597656 0.0479278564453125
0.0502243041992188 -0.0718460083007812 0.0239143371582031 0.0522003173828125
0.0713348388671875 -0.0559844970703125 0.00529670715332032 0.0307083129882813
0.0985183715820312 0.0015716552734375 0.0126953125 0.0136833190917969
0.09613037109375 0.032318115234375 0.0636711120605469 0.000301361083984377
0.0839614868164063 0.0581817626953125 0.132286071777344 0.06585693359375
0.0273208618164063 0.0601119995117188 0.140403747558594 -0.052154541015625
0.046905517578125 0.054412841796875 0.1591796875 -0.026458740234375
0.0725250244140625 0.0328598022460938 0.123497009277344 -0.0304489135742187
0.0745391845703125 -0.0081787109375 0.0941848754882813 -0.039947509765625
0.0587577819824219 -0.0217132568359375 0.0534858703613281 -0.0223007202148438
0.0463180541992187 -0.05126953125 0.0451927185058594 -0.00626373291015625
0.0343399047851563 -0.0667686462402344 0.0517463684082031 0.0150909423828125
0.0338287353515625 -0.0650520324707031 0.0521430969238281 0.0337715148925781
0.034393310546875 -0.0753021240234375 0.0563545227050781 0.0505180358886719
0.0446853637695313 -0.0594253540039063 0.0318260192871094 0.0651321411132813
0.0677490234375 -0.0420188903808594 0.0116157531738281 0.0623626708984375
0.0767288208007812 -0.0203475952148437 -0.000888824462890624 0.0380096435546875
0.0792083740234375 0.03778076171875 0.0101242065429688 0.0200481414794922
0.0584831237792969 0.0651283264160156 0.0719833374023438 0.0132904052734375
0.0316925048828125 0.072662353515625 0.147140502929688 0.0872344970703125
-0.0325546264648438 0.0520706176757812 0.132980346679688 -0.0391693115234375
-0.00540924072265625 0.0534744262695313 0.146240234375 -0.0224456787109375
0.0198135375976563 0.0446281433105469 0.103897094726562 -0.0295791625976562
0.0376663208007813 0.0234489440917969 0.0741806030273437 -0.0299835205078125
0.0408515930175781 0.0146522521972656 0.037841796875 -0.0106582641601562
0.0540885925292969 -0.0136222839355469 0.0345935821533203 0.0125904083251953
0.0544090270996094 -0.0379905700683594 0.044586181640625 0.0379371643066406
0.0519142150878906 -0.0417747497558594 0.0433502197265625 0.053497314453125
0.0556488037109375 -0.0531120300292969 0.0414581298828125 0.0736618041992188
0.0594482421875 -0.0364570617675781 0.011932373046875 0.081939697265625
0.0713958740234375 -0.0123443603515625 -0.00791931152343749 0.0728378295898438
0.0706558227539063 0.0098876953125 -0.0136184692382812 0.04833984375
0.0519485473632813 0.0613288879394531 -0.00298118591308593 0.0324802398681641
0.0144882202148438 0.0840606689453125 0.0632781982421875 0.0348854064941406
-0.0237579345703125 0.0759506225585938 0.139358520507813 0.11102294921875
0.0815887451171875 -0.0702667236328125 -0.129241943359375 -0.109176635742187
-0.00176239013671875 -0.0791702270507813 -0.0553398132324219 -0.0500106811523438
-0.0355682373046875 -0.0589790344238281 0.022918701171875 -0.0373573303222656
-0.0562820434570312 -0.026031494140625 0.0408935546875 -0.0635528564453125
-0.0529327392578125 -0.00460052490234376 0.03375244140625 -0.0879669189453125
-0.0585975646972656 0.0235214233398437 -0.00333404541015625 -0.10186767578125
-0.0583572387695313 0.030242919921875 -0.0361862182617188 -0.0938873291015625
-0.05682373046875 0.0227699279785156 -0.0377426147460938 -0.0677299499511719
-0.0656776428222656 0.0205764770507813 -0.0373382568359375 -0.0430335998535156
-0.059967041015625 -0.0105857849121094 -0.0298614501953125 -0.0163536071777344
-0.0442924499511719 -0.0405426025390625 -0.0341701507568359 0.00844383239746093
-0.0179901123046875 -0.0547447204589844 -0.0563201904296875 0.0203094482421875
0.0249404907226562 -0.0604171752929687 -0.0826492309570313 0.0271835327148438
0.052764892578125 -0.0642204284667969 -0.116264343261719 0.0388641357421875
0.088134765625 -0.049163818359375 -0.107612609863281 0.040863037109375
0.123336791992187 -0.0479965209960937 -0.0890045166015625 -0.129508972167969
0.0415992736816406 -0.0663833618164062 -0.0203590393066406 -0.0694732666015625
0.00889587402343751 -0.0574302673339844 0.0484695434570313 -0.050628662109375
-0.0218772888183594 -0.0409812927246094 0.0622177124023438 -0.0792312622070313
-0.0277576446533203 -0.0257186889648438 0.0506515502929688 -0.0978240966796875
-0.0486068725585937 -0.00929641723632813 0.0142364501953125 -0.113861083984375
-0.0616798400878906 -0.00495529174804687 -0.0169830322265625 -0.105010986328125
-0.061248779296875 -0.0100669860839844 -0.0186080932617188 -0.072357177734375
-0.0749664306640625 -0.0154037475585938 -0.0156059265136719 -0.0466690063476563
-0.0637016296386719 -0.0449485778808594 -0.012324333190918 -0.0141887664794922
-0.0333938598632812 -0.0770339965820313 -0.0181541442871094 0.0111446380615234
0.00591278076171875 -0.08697509765625 -0.0389366149902344 0.0180892944335937
0.0674858093261719 -0.0699882507324219 -0.0529060363769531 0.0252914428710938
0.0982742309570313 -0.0631561279296875 -0.0761184692382813 0.03143310546875
0.131431579589844 -0.0370254516601562 -0.0625038146972656 0.0363082885742188
0.150161743164063 -0.01708984375 -0.03533935546875 -0.136085510253906
0.0826797485351563 -0.0402297973632813 0.0240631103515625 -0.07659912109375
0.0600051879882812 -0.0475387573242187 0.07806396484375 -0.0560150146484375
0.0224113464355469 -0.0545463562011719 0.0842666625976563 -0.0892715454101562
0.00418853759765625 -0.0472602844238281 0.0634078979492188 -0.101547241210937
-0.0308303833007813 -0.044281005859375 0.028533935546875 -0.114852905273438
-0.055206298828125 -0.0413856506347656 0.0018157958984375 -0.102188110351563
-0.05670166015625 -0.0412788391113281 0.00245285034179687 -0.0663642883300781
-0.0740585327148437 -0.0483932495117188 0.00939178466796875 -0.0416946411132813
-0.0605926513671875 -0.070770263671875 0.00843715667724609 -0.00513648986816407
-0.0230789184570312 -0.101234436035156 -0.000391006469726565 0.0184421539306641
0.0211029052734375 -0.107933044433594 -0.0217761993408203 0.0188846588134766
0.0932388305664063 -0.0760650634765625 -0.0266914367675781 0.0210075378417969
0.125495910644531 -0.0588226318359375 -0.0326366424560547 0.0188140869140625
0.154129028320313 -0.0220489501953125 -0.00664520263671874 0.0333480834960938
0.155059814453125 0.0143280029296875 0.0227813720703125 -0.129730224609375
0.111663818359375 -0.00942230224609375 0.0714111328125 -0.073211669921875
0.104904174804688 -0.0331649780273438 0.104873657226562 -0.0546951293945312
0.0647354125976563 -0.0641593933105469 0.100814819335938 -0.0896453857421875
0.0348129272460937 -0.0655555725097656 0.0710983276367188 -0.0931930541992188
-0.011627197265625 -0.073577880859375 0.0384750366210938 -0.101943969726563
-0.0414581298828125 -0.0715103149414063 0.0196075439453125 -0.0860519409179688
-0.0432090759277344 -0.0673484802246094 0.0230026245117187 -0.0498695373535156
-0.0611495971679687 -0.0728912353515625 0.0335044860839844 -0.0284843444824219
-0.046630859375 -0.0854034423828125 0.0282268524169922 0.00729751586914062
-0.008056640625 -0.109321594238281 0.0158596038818359 0.0262908935546875
0.0340347290039063 -0.111602783203125 -0.00798797607421875 0.0198822021484375
0.106231689453125 -0.0701446533203125 -0.00626945495605468 0.014561653137207
0.134819030761719 -0.0439529418945313 0.00724172592163087 0.00319719314575195
0.155853271484375 -0.00115966796875 0.050262451171875 0.0325431823730469
0.136611938476563 0.0412063598632812 0.076141357421875 -0.11297607421875
0.118659973144531 0.020294189453125 0.114952087402344 -0.064361572265625
0.127853393554688 -0.0146560668945313 0.12359619140625 -0.0509033203125
0.0930252075195312 -0.0628204345703125 0.108299255371094 -0.080902099609375
0.057403564453125 -0.0721206665039063 0.0706024169921875 -0.07427978515625
0.00896453857421876 -0.0893478393554688 0.044281005859375 -0.0761642456054687
-0.0223312377929688 -0.0889434814453125 0.0354804992675781 -0.0577163696289063
-0.0227508544921875 -0.0816268920898438 0.039825439453125 -0.026123046875
-0.0370712280273437 -0.089141845703125 0.0518455505371094 -0.00918579101562501
-0.0214691162109375 -0.0889434814453125 0.0412254333496094 0.0224456787109375
0.0155410766601562 -0.101150512695313 0.0246677398681641 0.0350608825683594
0.0498580932617188 -0.0966567993164063 0.00191879272460938 0.0211048126220703
0.109588623046875 -0.0465240478515625 0.00765228271484376 0.00758934020996094
0.127456665039062 -0.0153884887695312 0.0403785705566406 -0.00967025756835938
0.134880065917969 0.02508544921875 0.10089111328125 0.0366973876953125
0.0957107543945313 0.0573883056640625 0.117416381835938 -0.092132568359375
0.0990829467773438 0.04217529296875 0.146621704101563 -0.0537567138671875
0.120292663574219 0.00731658935546875 0.128913879394531 -0.0469741821289062
0.0982589721679688 -0.0472030639648438 0.103652954101563 -0.0659408569335938
0.0658454895019531 -0.0604667663574219 0.0636558532714844 -0.0490608215332031
0.0261688232421875 -0.0848922729492188 0.0468864440917969 -0.042694091796875
0.000289916992187501 -0.0911407470703125 0.047576904296875 -0.0239486694335938
0.000823974609374999 -0.0840072631835938 0.05084228515625 0.00146865844726562
-0.00799560546875 -0.093017578125 0.0604209899902344 0.0156402587890625
0.0089263916015625 -0.0841064453125 0.0435676574707031 0.03997802734375
0.043212890625 -0.0819015502929688 0.0242996215820313 0.0450859069824219
0.0676918029785156 -0.0682029724121094 0.00452423095703125 0.0247650146484375
0.105552673339844 -0.0090484619140625 0.0139980316162109 0.00590991973876953
0.10595703125 0.024200439453125 0.0640449523925781 -0.0118141174316406
0.0961990356445313 0.053070068359375 0.138397216796875 0.0490036010742188
0.0390243530273438 0.0634422302246094 0.137435913085938 -0.0720596313476563
0.0578956604003906 0.0547866821289063 0.15740966796875 -0.0451812744140625
0.0843276977539063 0.0269317626953125 0.119987487792969 -0.0436172485351563
0.079437255859375 -0.0185928344726562 0.0891952514648438 -0.048919677734375
0.0602569580078125 -0.0320930480957031 0.0513763427734375 -0.0269508361816406
0.0413360595703125 -0.0613288879394531 0.0444984436035156 -0.0112113952636719
0.0245132446289063 -0.0765762329101563 0.0528450012207031 0.00877761840820312
0.0242462158203125 -0.0734481811523438 0.053802490234375 0.0280265808105469
0.0227584838867188 -0.0845489501953125 0.0582618713378906 0.0430068969726562
0.0365791320800781 -0.0693511962890625 0.0331497192382813 0.0605583190917969
0.0645790100097656 -0.0544090270996094 0.0127296447753906 0.0579757690429688
0.0786666870117188 -0.0332717895507813 -7.24792480468679E-05 0.0329799652099609
0.0907058715820313 0.02996826171875 0.0126228332519531 0.0134725570678711
0.072265625 0.0628738403320313 0.0747833251953125 0.00130462646484375
0.0453338623046875 0.075042724609375 0.1573486328125 0.0701904296875
-0.0235252380371094 0.0614242553710938 0.132331848144531 -0.0564041137695312
0.00551986694335937 0.0602912902832031 0.146743774414063 -0.0391387939453125
0.0321693420410156 0.045501708984375 0.100090026855469 -0.040374755859375
0.0460433959960938 0.0169181823730469 0.0709152221679688 -0.0361251831054688
0.0461196899414063 0.00691604614257813 0.0374069213867187 -0.0110931396484375
0.0524444580078125 -0.0253448486328125 0.0373115539550781 0.0110321044921875
0.0479736328125 -0.0497550964355469 0.0492134094238281 0.0338058471679688
0.0438232421875 -0.0529365539550781 0.0480613708496094 0.0496940612792969
0.0462493896484375 -0.0651359558105469 0.0473175048828125 0.0694923400878906
0.0533981323242188 -0.04864501953125 0.0159454345703125 0.080322265625
0.0708770751953125 -0.0271224975585938 -0.00468444824218749 0.0720291137695313
0.0755767822265625 -0.00323486328125 -0.0111885070800781 0.0461463928222656
0.0656623840332031 0.0571022033691406 0.00105285644531251 0.0291690826416016
0.0306549072265625 0.0869369506835938 0.0692024230957031 0.0258102416992188
-0.0114288330078125 0.0844650268554687 0.153472900390625 0.097015380859375
0.0697250366210938 -0.0808029174804688 -0.140022277832031 -0.0972747802734375
-0.0142822265625 -0.0780715942382813 -0.0613975524902344 -0.0418701171875
-0.0460700988769531 -0.0530166625976563 0.0200386047363281 -0.0361785888671875
-0.0602188110351563 -0.0152053833007813 0.0369758605957031 -0.0639801025390625
-0.0513229370117187 0.00516891479492188 0.0279159545898437 -0.0886917114257812
-0.0514717102050781 0.0322227478027344 -0.00879669189453125 -0.100845336914062
-0.0504150390625 0.0379104614257812 -0.0432205200195313 -0.0909881591796875
-0.05023193359375 0.0297088623046875 -0.0432662963867187 -0.0646247863769531
-0.0579910278320313 0.0300178527832031 -0.0422401428222656 -0.0405807495117187
-0.0575103759765625 -0.000728607177734373 -0.0320491790771485 -0.0169429779052734
-0.0478439331054687 -0.0303421020507813 -0.0345726013183594 0.00765419006347656
-0.0265159606933594 -0.0490913391113281 -0.0535049438476563 0.0216178894042969
0.0131721496582031 -0.0638160705566406 -0.0784225463867188 0.0308990478515625
0.0404815673828125 -0.0720977783203125 -0.1121826171875 0.0478973388671875
0.0796432495117188 -0.062164306640625 -0.105033874511719 0.0509414672851562
0.114006042480469 -0.0616912841796875 -0.102775573730469 -0.121986389160156
0.030670166015625 -0.0684471130371094 -0.0300331115722656 -0.0646553039550781
-0.000625610351562498 -0.0555953979492188 0.0427055358886719 -0.0517463684082031
-0.0274429321289063 -0.0339984893798828 0.0555343627929688 -0.0816421508789063
-0.0284690856933594 -0.0182933807373047 0.0426406860351562 -0.100196838378906
-0.0449943542480469 -0.00123214721679687 0.00553131103515624 -0.114463806152344
-0.0572509765625 0.00223922729492187 -0.02685546875 -0.104110717773437
-0.0574951171875 -0.00245285034179688 -0.0261917114257812 -0.0718994140625
-0.0713424682617188 -0.00552368164062502 -0.0236244201660156 -0.0465469360351563
-0.0644874572753906 -0.0352020263671875 -0.0158796310424805 -0.0169582366943359
-0.0402984619140625 -0.0687294006347656 -0.0195980072021484 0.00784873962402343
-0.00524902343749999 -0.0836639404296875 -0.0380706787109375 0.0166053771972656
0.0552520751953125 -0.0768585205078125 -0.0496749877929687 0.024566650390625
0.0867233276367188 -0.0747833251953125 -0.0741729736328125 0.034912109375
0.124488830566406 -0.0532760620117188 -0.0621910095214844 0.0402145385742187
0.145065307617188 -0.0323028564453125 -0.051544189453125 -0.134613037109375
0.0749588012695313 -0.0458145141601563 0.0125732421875 -0.0767364501953125
0.0525054931640625 -0.0510177612304687 0.0713043212890625 -0.0598526000976563
0.0155296325683594 -0.0517234802246094 0.075164794921875 -0.0937347412109375
0.00105667114257813 -0.0433502197265625 0.054290771484375 -0.105148315429688
-0.03155517578125 -0.0382652282714844 0.018524169921875 -0.116966247558594
-0.0552215576171875 -0.0347061157226562 -0.00946807861328125 -0.1033935546875
-0.0566673278808594 -0.0353584289550781 -0.006134033203125 -0.0672149658203125
-0.0743789672851563 -0.0385971069335937 0.000492095947265619 -0.0438003540039063
-0.0641860961914062 -0.0613059997558594 0.0034952163696289 -0.00986576080322266
-0.0321884155273438 -0.0946807861328125 -0.00326251983642578 0.0132007598876953
0.00904846191406251 -0.106399536132813 -0.0226402282714844 0.0153331756591797
0.0831527709960938 -0.08447265625 -0.0249080657958984 0.0167407989501953
0.115959167480469 -0.0723724365234375 -0.0332756042480469 0.0175952911376953
0.150283813476563 -0.038604736328125 -0.00817871093749999 0.0318431854248047
0.156005859375 0.0003814697265625 0.005950927734375 -0.133613586425781
0.10894775390625 -0.017608642578125 0.0594482421875 -0.0783004760742188
0.100639343261719 -0.0415420532226563 0.0972518920898438 -0.0614395141601562
0.0582046508789063 -0.0663528442382813 0.091156005859375 -0.0958099365234375
0.03070068359375 -0.066131591796875 0.06195068359375 -0.098236083984375
-0.0153236389160156 -0.0700225830078125 0.0279998779296875 -0.105323791503906
-0.0463600158691406 -0.0667381286621094 0.0088043212890625 -0.0879058837890625
-0.0468063354492187 -0.06182861328125 0.0148200988769531 -0.0527420043945313
-0.0659408569335938 -0.065673828125 0.0250263214111328 -0.0331745147705078
-0.0520095825195313 -0.07843017578125 0.0230998992919922 0.00115966796875
-0.0174179077148438 -0.105781555175781 0.0119915008544922 0.0204582214355469
0.022216796875 -0.113014221191406 -0.00982189178466797 0.0148725509643555
0.0987396240234375 -0.0794677734375 -0.0058608055114746 0.00771141052246093
0.128807067871094 -0.0571136474609375 0.00479793548583985 -0.00267982482910157
0.155487060546875 -0.0161895751953125 0.0480690002441406 0.0252761840820313
0.14117431640625 0.029510498046875 0.0617141723632813 -0.122802734375
0.120330810546875 0.0116348266601563 0.104469299316406 -0.0737762451171875
0.127914428710938 -0.0250930786132813 0.11602783203125 -0.0592575073242188
0.0876617431640625 -0.0700225830078125 0.0988235473632812 -0.0872879028320313
0.0528488159179688 -0.075897216796875 0.0631484985351563 -0.0791473388671875
0.00213623046874999 -0.089141845703125 0.036102294921875 -0.0805740356445313
-0.0307693481445312 -0.0864181518554688 0.0267333984375 -0.0612869262695313
-0.0294723510742188 -0.0796966552734375 0.0333518981933594 -0.0300178527832031
-0.045318603515625 -0.0845565795898437 0.0441093444824219 -0.0153045654296875
-0.0294265747070313 -0.0864334106445312 0.0361328125 0.0154457092285156
0.00601196289062501 -0.102455139160156 0.0208511352539063 0.0284080505371094
0.0411148071289063 -0.101425170898437 -0.00144672393798828 0.014927864074707
0.106742858886719 -0.0562286376953125 0.0061025619506836 0.000134468078613278
0.126556396484375 -0.0265960693359375 0.0360565185546875 -0.0184097290039062
0.138336181640625 0.0128707885742188 0.099151611328125 0.0250473022460938
0.103797912597656 0.0509109497070313 0.105522155761719 -0.105140686035156
0.105194091796875 0.035186767578125 0.136772155761719 -0.0667953491210938
0.124595642089844 -0.003326416015625 0.121673583984375 -0.0565567016601563
0.094940185546875 -0.0563583374023437 0.0953750610351563 -0.0720672607421875
0.0624771118164062 -0.0674247741699219 0.0587654113769531 -0.0535507202148438
0.0185699462890625 -0.088714599609375 0.0415267944335938 -0.0466461181640625
-0.010009765625 -0.0917816162109375 0.0422477722167969 -0.0288009643554688
-0.00836181640625 -0.0854339599609375 0.0471611022949219 -0.00439071655273438
-0.0183563232421875 -0.09246826171875 0.0557708740234375 0.00893020629882812
0.000175476074218751 -0.0846633911132812 0.0396652221679687 0.033660888671875
0.034210205078125 -0.0873336791992188 0.0207786560058594 0.0387954711914062
0.0613784790039063 -0.0758285522460938 0.00191688537597656 0.0191574096679687
0.107368469238281 -0.0190277099609375 0.0129270553588867 -0.00151157379150391
0.110862731933594 0.0150070190429688 0.0602951049804688 -0.0224571228027344
0.104324340820313 0.0456161499023438 0.138534545898438 0.0335769653320313
0.0489425659179688 0.063323974609375 0.128334045410156 -0.0866851806640625
0.0669975280761719 0.0525169372558594 0.14984130859375 -0.0600128173828125
0.092437744140625 0.0199127197265625 0.113189697265625 -0.0526580810546875
0.0802154541015625 -0.0279464721679688 0.0828704833984375 -0.0543289184570312
0.0589828491210938 -0.0404739379882813 0.0486602783203125 -0.0285606384277344
0.03369140625 -0.0684013366699219 0.042572021484375 -0.0147476196289063
0.0143508911132813 -0.0810089111328125 0.0511322021484375 0.00370407104492187
0.0143051147460938 -0.0772323608398438 0.0533294677734375 0.0228767395019531
0.010101318359375 -0.0883636474609375 0.0562858581542969 0.0371284484863281
0.0271377563476562 -0.0744247436523437 0.0324058532714844 0.0555076599121094
0.0577812194824219 -0.0639991760253906 0.011627197265625 0.05328369140625
0.0761489868164063 -0.0436630249023438 -0.00158500671386719 0.0278530120849609
0.0977783203125 0.0207672119140625 0.0120992660522461 0.00722599029541016
0.0831069946289063 0.0568313598632812 0.0732650756835938 -0.00949859619140625
0.0561904907226563 0.0731124877929688 0.1600341796875 0.0541534423828125
-0.0125999450683594 0.067596435546875 0.126823425292969 -0.0704116821289063
0.0163688659667969 0.0622062683105469 0.14166259765625 -0.0524749755859375
0.0430870056152344 0.0430946350097656 0.0941696166992188 -0.0471038818359375
0.0518608093261719 0.00925445556640625 0.0651283264160156 -0.038604736328125
0.0478858947753906 -0.00197601318359375 0.0358848571777344 -0.0113372802734375
0.0478553771972656 -0.0347366333007813 0.0385055541992188 0.00893402099609375
0.0385932922363281 -0.0576210021972656 0.0513038635253906 0.0290718078613281
0.0350112915039063 -0.0592575073242188 0.0503921508789062 0.0457115173339844
0.0344924926757812 -0.0715408325195313 0.0492630004882813 0.0644760131835938
0.0441055297851562 -0.0563545227050781 0.0184555053710938 0.0774154663085938
0.0667457580566406 -0.0384788513183594 -0.00254440307617187 0.0689048767089844
0.0756988525390625 -0.0152130126953125 -0.0100555419921875 0.0429306030273438
0.0760955810546875 0.04876708984375 0.00356483459472656 0.0245018005371094
0.0446853637695313 0.0843582153320313 0.0716629028320313 0.0162200927734375
0.00147247314453125 0.0883026123046875 0.1595458984375 0.0819244384765625
0.0587692260742187 -0.086822509765625 -0.145721435546875 -0.0872650146484375
-0.0239639282226563 -0.0741958618164062 -0.0642280578613281 -0.034576416015625
-0.0531349182128906 -0.0463790893554687 0.0178623199462891 -0.0340862274169922
-0.0615234375 -0.0062255859375 0.0351142883300781 -0.0624046325683594
-0.0487403869628906 0.0122108459472656 0.025115966796875 -0.0878524780273438
-0.0440483093261719 0.0375785827636719 -0.0113449096679688 -0.0986404418945313
-0.0427207946777344 0.042144775390625 -0.0465087890625 -0.087738037109375
-0.0436782836914063 0.0336494445800781 -0.0464935302734375 -0.0618476867675781
-0.049835205078125 0.0347328186035156 -0.0454254150390625 -0.0379600524902344
-0.0530433654785156 0.0062713623046875 -0.0340747833251953 -0.0175018310546875
-0.0484809875488281 -0.0218544006347656 -0.0345287322998047 0.00613975524902344
-0.0320930480957031 -0.0431556701660156 -0.0519523620605469 0.020843505859375
0.0029144287109375 -0.0642356872558594 -0.0746536254882813 0.0314712524414063
0.0292587280273438 -0.0763778686523438 -0.107925415039063 0.052581787109375
0.0700225830078125 -0.07061767578125 -0.101806640625 0.0578384399414063
0.105133056640625 -0.0696182250976563 -0.111869812011719 -0.114654541015625
0.0214347839355469 -0.0679435729980469 -0.0361099243164063 -0.0599861145019531
-0.00764846801757812 -0.0520362854003906 0.039398193359375 -0.051177978515625
-0.0296859741210937 -0.0262165069580078 0.0512771606445313 -0.0809783935546875
-0.0273380279541016 -0.0123367309570313 0.0374679565429687 -0.1002197265625
-0.0400543212890625 0.00404739379882813 0.000732421874999985 -0.113395690917969
-0.051849365234375 0.00753402709960938 -0.0331802368164062 -0.101112365722656
-0.0531272888183594 0.00186920166015624 -0.032196044921875 -0.0699310302734375
-0.0662918090820312 0.000614166259765623 -0.0289230346679688 -0.0456352233886719
-0.0621986389160156 -0.0272102355957031 -0.0199604034423828 -0.0185756683349609
-0.0433769226074219 -0.0603981018066406 -0.0219211578369141 0.00519371032714843
-0.0122909545898438 -0.0785369873046875 -0.0381507873535156 0.0145988464355469
0.0452346801757813 -0.079193115234375 -0.0478248596191406 0.0222091674804688
0.075653076171875 -0.08154296875 -0.072021484375 0.0364761352539062
0.116897583007813 -0.0634613037109375 -0.0611839294433594 0.0437240600585937
0.139328002929687 -0.0418014526367188 -0.0636749267578125 -0.131134033203125
0.0680694580078125 -0.0487060546875 0.0037689208984375 -0.0742340087890625
0.0465774536132813 -0.0513725280761719 0.0659828186035156 -0.0605087280273437
0.0111351013183594 -0.0480575561523438 0.0693130493164063 -0.09454345703125
0.000740051269531252 -0.04010009765625 0.0480117797851563 -0.106178283691406
-0.0300216674804688 -0.0332698822021484 0.010711669921875 -0.117073059082031
-0.0537147521972656 -0.0294685363769531 -0.0175247192382813 -0.101425170898438
-0.0550804138183594 -0.0302925109863281 -0.0126228332519531 -0.0666313171386719
-0.0723724365234375 -0.0321731567382813 -0.0067291259765625 -0.0443115234375
-0.0639533996582031 -0.0546455383300781 -0.00176811218261719 -0.0122451782226563
-0.0368118286132813 -0.0878067016601562 -0.00723457336425781 0.00962734222412109
0.000648498535156257 -0.102775573730469 -0.0246257781982422 0.0116786956787109
0.07421875 -0.088409423828125 -0.0249843597412109 0.0122833251953125
0.106582641601563 -0.0800857543945313 -0.0342693328857422 0.0156078338623047
0.144882202148437 -0.049896240234375 -0.00962066650390624 0.0307044982910156
0.153335571289063 -0.009521484375 -0.00704956054687498 -0.134986877441406
0.104408264160156 -0.0231094360351562 0.0496368408203125 -0.0793075561523437
0.095855712890625 -0.045745849609375 0.0914154052734375 -0.0643234252929688
0.0527572631835938 -0.0668754577636719 0.0844573974609375 -0.0976791381835938
0.0279579162597656 -0.0653266906738281 0.0552749633789063 -0.099639892578125
-0.0164299011230469 -0.0674285888671875 0.0201644897460938 -0.105697631835938
-0.0482025146484375 -0.0623016357421875 -0.000259399414062507 -0.0877227783203125
-0.0483055114746094 -0.05792236328125 0.00813293457031249 -0.0528526306152344
-0.0668258666992188 -0.0605621337890625 0.0170669555664062 -0.0350131988525391
-0.0553054809570312 -0.0730743408203125 0.0172252655029297 -0.00260734558105469
-0.0234909057617187 -0.100814819335938 0.00677776336669922 0.0153970718383789
0.0147171020507813 -0.111175537109375 -0.0132694244384766 0.0104780197143555
0.0912094116210938 -0.0840682983398438 -0.00778770446777343 0.0014200210571289
0.122222900390625 -0.0655288696289063 0.00162982940673829 -0.00692176818847657
0.152557373046875 -0.0272979736328125 0.0453529357910156 0.0199775695800781
0.143112182617187 0.021392822265625 0.0483245849609375 -0.127693176269531
0.119979858398438 0.00502777099609375 0.0932846069335938 -0.0786361694335938
0.126274108886719 -0.03179931640625 0.109466552734375 -0.063446044921875
0.0819625854492188 -0.0741195678710938 0.0910873413085938 -0.0901031494140625
0.0485382080078125 -0.0782089233398438 0.0580291748046875 -0.0807266235351563
-0.00267791748046875 -0.0887222290039063 0.0292587280273438 -0.0817184448242188
-0.0362014770507813 -0.0839996337890625 0.0191535949707031 -0.0622444152832031
-0.0337677001953125 -0.0765304565429687 0.0277214050292969 -0.0321044921875
-0.05072021484375 -0.08026123046875 0.0372848510742188 -0.0178375244140625
-0.0342636108398438 -0.0829849243164063 0.0302581787109375 0.0115528106689453
6.10351562500082E-05 -0.101264953613281 0.0159091949462891 0.0238513946533203
0.0338897705078125 -0.1026611328125 -0.00546169281005859 0.010894775390625
0.103462219238281 -0.0622711181640625 0.00379943847656251 -0.00685214996337891
0.124465942382813 -0.0345230102539063 0.0315723419189453 -0.0249004364013672
0.139518737792969 0.00443267822265625 0.0955276489257813 0.01641845703125
0.109230041503906 0.0455780029296875 0.093841552734375 -0.113174438476563
0.108238220214844 0.0306320190429688 0.12750244140625 -0.07452392578125
0.126487731933594 -0.011322021484375 0.11474609375 -0.0609893798828125
0.0919113159179688 -0.0625 0.0886917114257813 -0.0747222900390625
0.0593032836914063 -0.071990966796875 0.0545463562011719 -0.0546493530273438
0.0123977661132812 -0.09039306640625 0.0365409851074219 -0.049530029296875
-0.018341064453125 -0.091278076171875 0.036529541015625 -0.03106689453125
-0.0148468017578125 -0.0840606689453125 0.0433120727539063 -0.00655746459960938
-0.02606201171875 -0.0907440185546875 0.049896240234375 0.00537872314453124
-0.00667572021484374 -0.0844955444335938 0.0347156524658203 0.0300102233886719
0.0277862548828125 -0.089874267578125 0.0164623260498047 0.0349445343017578
0.0561447143554687 -0.080810546875 -0.00212478637695312 0.0150527954101562
0.107505798339844 -0.026214599609375 0.00996971130371094 -0.00766754150390625
0.113990783691406 0.0077972412109375 0.0555267333984375 -0.0295944213867187
0.108985900878906 0.039764404296875 0.134994506835938 0.0231475830078125
0.05682373046875 0.0612678527832031 0.119522094726563 -0.0965194702148438
0.0739517211914063 0.04888916015625 0.142349243164063 -0.068359375
0.0981521606445313 0.0137557983398438 0.107078552246094 -0.0571365356445313
0.080352783203125 -0.0355911254882813 0.07745361328125 -0.0565032958984375
0.0576972961425781 -0.0467185974121094 0.0465774536132813 -0.0292549133300781
0.0275039672851562 -0.0728302001953125 0.0401687622070313 -0.0170669555664063
0.00511932373046875 -0.0826568603515625 0.0484542846679688 -3.81469726562551E-05
0.00661468505859376 -0.0790481567382813 0.051422119140625 0.0198249816894531
0.0010223388671875 -0.0887298583984375 0.0538749694824219 0.0329551696777344
0.0195236206054688 -0.0773239135742188 0.0291671752929687 0.0530509948730469
0.051422119140625 -0.0694541931152344 0.00873947143554688 0.0497360229492187
0.072479248046875 -0.0515518188476563 -0.004730224609375 0.0242633819580078
0.102371215820313 0.0130233764648438 0.010462760925293 0.00144672393798828
0.0906295776367187 0.0510711669921875 0.0701255798339844 -0.0172882080078125
0.0644149780273438 0.070587158203125 0.158157348632813 0.0423126220703125
-0.00341796875000001 0.0699958801269531 0.120994567871094 -0.0788116455078125
0.0254554748535156 0.0624580383300781 0.136016845703125 -0.0601882934570312
0.051910400390625 0.0385169982910156 0.0882110595703125 -0.04986572265625
0.0545692443847656 0.00230789184570313 0.0621185302734375 -0.0387039184570313
0.0485382080078125 -0.00901412963867188 0.0357589721679688 -0.0102882385253906
0.0424308776855469 -0.0408134460449219 0.0393753051757813 0.0074920654296875
0.0302314758300781 -0.0621299743652344 0.0523948669433594 0.0254745483398437
0.0272178649902344 -0.0620765686035156 0.0519905090332031 0.0429000854492187
0.0246429443359375 -0.0745849609375 0.049407958984375 0.0609054565429687
0.0362052917480469 -0.0617485046386719 0.0179443359375 0.0756378173828125
0.061187744140625 -0.0466804504394531 -0.00244903564453124 0.0664749145507813
0.0739364624023438 -0.0247268676757812 -0.0109062194824219 0.0392837524414063
0.0833206176757813 0.0410003662109375 0.00361251831054688 0.0206050872802734
0.0549774169921875 0.0806427001953125 0.0722579956054688 0.00859832763671876
0.012176513671875 0.0885696411132813 0.161544799804688 0.0705413818359375
0.0500030517578125 -0.091094970703125 -0.150100708007813 -0.08074951171875
-0.031036376953125 -0.0712661743164063 -0.0662841796875 -0.0292739868164063
-0.0589218139648437 -0.0411338806152344 0.0179767608642578 -0.0324478149414063
-0.0618019104003906 0.00119018554687499 0.0348472595214844 -0.0613861083984375
-0.0467071533203125 0.0179176330566406 0.0241928100585938 -0.087249755859375
-0.037353515625 0.0411376953125 -0.0122222900390625 -0.0985260009765625
-0.0361595153808594 0.0450592041015625 -0.0488815307617187 -0.0865249633789063
-0.0381965637207031 0.0360450744628906 -0.0494346618652344 -0.0611038208007813
-0.0436782836914063 0.0377159118652344 -0.0479316711425781 -0.0368614196777344
-0.0488662719726563 0.0114059448242188 -0.0366134643554688 -0.0182266235351563
-0.0475502014160156 -0.0158157348632813 -0.0360794067382813 0.00453948974609374
-0.035888671875 -0.0376205444335937 -0.0517845153808594 0.0196762084960937
-0.00565338134765625 -0.0632514953613281 -0.0735549926757812 0.0308151245117188
0.0202102661132812 -0.078460693359375 -0.106086730957031 0.0553665161132813
0.0627975463867188 -0.0769577026367188 -0.100502014160156 0.0624237060546875
0.0987167358398438 -0.0756454467773438 -0.119422912597656 -0.110321044921875
0.0147514343261719 -0.0665931701660156 -0.0404548645019531 -0.0553855895996094
-0.0133438110351562 -0.0480575561523438 0.0376853942871094 -0.0506439208984375
-0.0307636260986328 -0.0200519561767578 0.0493850708007813 -0.0814285278320313
-0.0257625579833984 -0.00767707824707032 0.0346145629882813 -0.100776672363281
-0.0349826812744141 0.0074615478515625 -0.00279235839843751 -0.113265991210938
-0.0477523803710938 0.0104751586914062 -0.0379791259765625 -0.100448608398438
-0.0498085021972656 0.00460052490234374 -0.0359420776367188 -0.0693435668945313
-0.0613479614257812 0.00432968139648437 -0.0335159301757813 -0.0446014404296875
-0.0594978332519531 -0.0222358703613281 -0.0235424041748047 -0.0195598602294922
-0.0442123413085938 -0.0550498962402344 -0.0248947143554688 0.00293922424316405
-0.017303466796875 -0.07440185546875 -0.0396804809570313 0.0119667053222656
0.0375900268554688 -0.0806503295898438 -0.0480575561523438 0.0191078186035156
0.0676116943359375 -0.0861434936523438 -0.0721282958984375 0.037322998046875
0.111129760742187 -0.0716400146484375 -0.0617408752441406 0.0459251403808594
0.13525390625 -0.048492431640625 -0.073455810546875 -0.129005432128906
0.0636978149414063 -0.0494728088378906 -0.00283050537109374 -0.0721054077148437
0.0422248840332031 -0.05059814453125 0.063140869140625 -0.0613441467285156
0.00885772705078126 -0.0444869995117188 0.06634521484375 -0.0955123901367188
0.001129150390625 -0.0375785827636719 0.0445785522460938 -0.107101440429688
-0.0274105072021484 -0.0305042266845703 0.00615692138671874 -0.1171875
-0.052337646484375 -0.0264701843261719 -0.0239105224609375 -0.10076904296875
-0.0532455444335937 -0.027679443359375 -0.0170326232910156 -0.0663337707519531
-0.0703887939453125 -0.0280838012695313 -0.0123710632324219 -0.044189453125
-0.0633392333984375 -0.0495262145996094 -0.0063924789428711 -0.0141487121582031
-0.039093017578125 -0.0835342407226563 -0.0115184783935547 0.00702381134033203
-0.0040435791015625 -0.100296020507812 -0.0275516510009766 0.00858306884765624
0.0674667358398437 -0.0914840698242188 -0.0264377593994141 0.00700187683105469
0.0999832153320313 -0.0859298706054688 -0.0363426208496094 0.014251708984375
0.1412353515625 -0.0587615966796875 -0.0107822418212891 0.0301666259765625
0.15252685546875 -0.016021728515625 -0.0182647705078125 -0.135787963867188
0.102699279785156 -0.0257949829101563 0.041656494140625 -0.0791854858398438
0.0940933227539063 -0.0485916137695313 0.0879364013671875 -0.0653762817382813
0.0494499206542969 -0.06646728515625 0.08038330078125 -0.0990524291992188
0.0269432067871094 -0.0650596618652344 0.0518569946289062 -0.100936889648438
-0.0170440673828125 -0.0656852722167969 0.0146560668945312 -0.107391357421875
-0.0495376586914063 -0.0599098205566406 -0.00604248046875 -0.087890625
-0.0493049621582031 -0.0559806823730469 0.00343704223632813 -0.052978515625
-0.0679244995117188 -0.05657958984375 0.0101776123046875 -0.0353851318359375
-0.0559463500976562 -0.0691413879394531 0.01141357421875 -0.00420761108398438
-0.0265121459960938 -0.0986404418945312 0.001220703125 0.013096809387207
0.0093994140625 -0.110122680664063 -0.0177345275878906 0.007049560546875
0.0874404907226563 -0.0886001586914063 -0.0110607147216797 -0.00409317016601563
0.117698669433594 -0.0716323852539063 -0.00224876403808593 -0.0104598999023438
0.1513671875 -0.03460693359375 0.0423240661621094 0.01715087890625
0.14544677734375 0.0161590576171875 0.0384674072265625 -0.131439208984375
0.120628356933594 0.00128936767578125 0.086273193359375 -0.0809860229492188
0.126602172851563 -0.0370864868164063 0.105232238769531 -0.064971923828125
0.0800552368164063 -0.0765762329101563 0.08734130859375 -0.0916595458984375
0.0472488403320313 -0.0804672241210938 0.0546722412109375 -0.0817718505859375
-0.005157470703125 -0.0883407592773438 0.0245819091796875 -0.0832366943359375
-0.0400466918945312 -0.082977294921875 0.01373291015625 -0.06304931640625
-0.0369644165039062 -0.076019287109375 0.0238723754882812 -0.0324230194091797
-0.05419921875 -0.0785598754882813 0.0310726165771484 -0.0189781188964844
-0.0369949340820313 -0.0810089111328125 0.0246734619140625 0.00984573364257812
-0.00450897216796875 -0.100349426269531 0.0105018615722656 0.0213985443115234
0.0294036865234375 -0.103889465332031 -0.0101919174194336 0.00722980499267578
0.102096557617188 -0.0674896240234375 -0.000597953796386712 -0.0125694274902344
0.123649597167969 -0.0405044555664063 0.0270519256591797 -0.0293617248535156
0.1414794921875 -0.001495361328125 0.0930023193359375 0.0110244750976563
0.113662719726562 0.0420989990234375 0.085113525390625 -0.11944580078125
0.112495422363281 0.0271453857421875 0.120223999023437 -0.0796585083007813
0.129753112792969 -0.0170822143554688 0.110549926757813 -0.0630111694335938
0.0910110473632813 -0.0675888061523438 0.0849533081054688 -0.0763397216796875
0.0571212768554688 -0.0761337280273438 0.0528602600097656 -0.0557708740234375
0.00777435302734375 -0.0923385620117188 0.0333595275878906 -0.0510330200195313
-0.0236587524414063 -0.0914306640625 0.0326461791992188 -0.0322780609130859
-0.0199737548828125 -0.0843276977539063 0.04034423828125 -0.00749969482421875
-0.0316925048828125 -0.09027099609375 0.0450363159179687 0.00415039062499999
-0.0115737915039063 -0.0850906372070313 0.0298194885253906 0.0291671752929687
0.023284912109375 -0.0918807983398438 0.0119552612304688 0.0332870483398437
0.0526351928710937 -0.084808349609375 -0.00681877136230469 0.0118722915649414
0.109809875488281 -0.0320205688476562 0.00644397735595704 -0.0131502151489258
0.117294311523438 0.00238037109375 0.0513954162597656 -0.0357704162597656
0.113983154296875 0.0360641479492188 0.133155822753906 0.0165481567382813
0.0634880065917969 0.061004638671875 0.112594604492187 -0.10333251953125
0.08026123046875 0.0475082397460938 0.137176513671875 -0.0747528076171875
0.103843688964844 0.00800323486328125 0.102607727050781 -0.0587539672851562
0.0808486938476563 -0.0414962768554688 0.0748748779296875 -0.0569305419921875
0.0570297241210938 -0.0521392822265625 0.0458908081054688 -0.0293045043945313
0.0223236083984375 -0.0763168334960938 0.0391082763671875 -0.0184288024902344
-0.00185394287109376 -0.0848236083984375 0.0467109680175781 -0.00141143798828126
0.000457763671874997 -0.0804595947265625 0.0508270263671875 0.0182037353515625
-0.00643920898437499 -0.0892410278320313 0.0508651733398438 0.0314178466796875
0.013458251953125 -0.0795135498046875 0.0264320373535156 0.0523910522460937
0.046051025390625 -0.0747756958007813 0.00529861450195313 0.0485992431640625
0.0701217651367188 -0.058258056640625 -0.00769615173339844 0.0216712951660156
0.106422424316406 0.00616455078125 0.0086812973022461 -0.00330877304077148
0.0970535278320313 0.0463027954101563 0.0680694580078125 -0.0237388610839844
0.0718231201171875 0.0694808959960938 0.158233642578125 0.035247802734375
0.00432586669921875 0.0720138549804688 0.116806030273438 -0.0862808227539063
0.0336494445800781 0.0623970031738281 0.132820129394531 -0.066436767578125
0.0599021911621094 0.0347518920898438 0.085174560546875 -0.05133056640625
0.0567741394042969 -0.00430679321289063 0.0608024597167969 -0.0381050109863281
0.0491523742675781 -0.0147438049316406 0.0370407104492188 -0.00909805297851563
0.0377311706542969 -0.0462379455566406 0.0405616760253906 0.00610733032226562
0.0225296020507813 -0.0653190612792969 0.0535392761230469 0.023651123046875
0.0206108093261719 -0.0647659301757813 0.052459716796875 0.0412178039550781
0.0171279907226563 -0.0764541625976563 0.0490188598632812 0.0595550537109375
0.0293998718261719 -0.0640869140625 0.01678466796875 0.0750503540039063
0.0564994812011719 -0.0529975891113281 -0.00458908081054687 0.0662498474121094
0.072723388671875 -0.0320892333984375 -0.0134315490722656 0.0376853942871094
0.0890960693359375 0.0351715087890625 0.00378990173339844 0.0163469314575195
0.0638885498046875 0.077362060546875 0.0715560913085937 0.00290679931640625
0.0209426879882812 0.0895462036132813 0.163284301757813 0.0640411376953125
0.042449951171875 -0.0965347290039063 -0.15753173828125 -0.0755157470703125
-0.0383186340332031 -0.067962646484375 -0.0685310363769531 -0.023956298828125
-0.0652046203613281 -0.0347557067871094 0.0179691314697266 -0.0317192077636719
-0.0619659423828125 0.009246826171875 0.0354804992675781 -0.0623130798339844
-0.0439987182617188 0.0237236022949219 0.023223876953125 -0.0894927978515625
-0.0317840576171875 0.0447959899902344 -0.0133743286132813 -0.100288391113281
-0.0302543640136719 0.0471611022949219 -0.0525054931640625 -0.0872039794921875
-0.0335197448730469 0.0385398864746094 -0.0531234741210937 -0.0608253479003906
-0.0381393432617187 0.0402145385742188 -0.0514755249023437 -0.0356216430664063
-0.0451889038085938 0.015045166015625 -0.0393943786621094 -0.0188026428222656
-0.0469131469726562 -0.01019287109375 -0.0386314392089844 0.00406646728515626
-0.039337158203125 -0.0325851440429688 -0.0532608032226563 0.01934814453125
-0.0135345458984375 -0.0624275207519531 -0.073516845703125 0.0308609008789063
0.0109405517578125 -0.0816879272460938 -0.105499267578125 0.05963134765625
0.055938720703125 -0.0835037231445313 -0.0997085571289063 0.0681991577148438
0.0928726196289063 -0.082275390625 -0.129409790039063 -0.106773376464844
0.00902175903320312 -0.0658416748046875 -0.04547119140625 -0.0518531799316406
-0.0181770324707031 -0.0446739196777344 0.0368537902832031 -0.0508079528808594
-0.0321693420410156 -0.01409912109375 0.0484542846679688 -0.0827484130859375
-0.0237655639648438 -0.0034942626953125 0.0326080322265625 -0.103446960449219
-0.0309848785400391 0.0105018615722656 -0.00640869140625001 -0.115493774414063
-0.0440711975097656 0.0135917663574219 -0.0432815551757813 -0.101158142089844
-0.0465316772460938 0.00739288330078125 -0.0409393310546875 -0.0692291259765625
-0.0577621459960938 0.00750732421874999 -0.0383453369140625 -0.0436782836914062
-0.0584030151367188 -0.0183944702148437 -0.0277347564697266 -0.0211353302001953
-0.0451507568359375 -0.0505485534667969 -0.0288848876953125 0.00180435180664062
-0.0217742919921875 -0.0712356567382813 -0.0428543090820312 0.0105056762695313
0.0307769775390625 -0.082366943359375 -0.0493736267089844 0.0169334411621094
0.059356689453125 -0.0909042358398438 -0.0737533569335938 0.0390625
0.106582641601563 -0.0803298950195313 -0.062164306640625 0.04925537109375
0.132987976074219 -0.0558547973632812 -0.0839309692382813 -0.128334045410156
0.0599365234375 -0.0505790710449219 -0.00907516479492188 -0.0702667236328125
0.0388526916503906 -0.0511245727539062 0.0614128112792969 -0.0630340576171875
0.00787734985351563 -0.0415687561035156 0.0640869140625 -0.0982437133789063
0.0011138916015625 -0.0353469848632813 0.0414810180664063 -0.109794616699219
-0.0258712768554688 -0.0287837982177734 0.00129699707031249 -0.11993408203125
-0.0512542724609375 -0.0240440368652344 -0.0297698974609375 -0.101486206054688
-0.0527153015136719 -0.025970458984375 -0.0221748352050781 -0.0669822692871094
-0.0695075988769531 -0.0251617431640625 -0.0178413391113281 -0.0436477661132813
-0.0637168884277344 -0.0469169616699219 -0.011408805847168 -0.015294075012207
-0.0414886474609375 -0.080352783203125 -0.0160837173461914 0.00560188293457031
-0.00956726074218751 -0.0989837646484375 -0.0324249267578125 0.00661468505859374
0.0627288818359375 -0.0952301025390625 -0.0295486450195313 0.00306129455566406
0.0938186645507813 -0.0921707153320313 -0.0388221740722656 0.0134696960449219
0.139480590820313 -0.0676422119140625 -0.0121383666992187 0.0308513641357422
0.154205322265625 -0.0234222412109375 -0.028961181640625 -0.137321472167969
0.101959228515625 -0.0285873413085937 0.0357131958007813 -0.0802536010742188
0.0934219360351563 -0.0520782470703125 0.0860671997070313 -0.0674057006835938
0.0480155944824219 -0.0672073364257812 0.0777664184570313 -0.10235595703125
0.0266761779785156 -0.0662307739257813 0.0489273071289062 -0.104461669921875
-0.0182266235351562 -0.0652999877929688 0.00952148437499999 -0.110000610351563
-0.0523109436035156 -0.0579261779785156 -0.0120620727539063 -0.0886688232421875
-0.0510787963867187 -0.0550041198730469 -0.00128173828125 -0.0538749694824219
-0.0702133178710937 -0.0539398193359375 0.00553512573242187 -0.0353050231933594
-0.0583419799804688 -0.0671958923339844 0.00641155242919922 -0.00544261932373047
-0.0306167602539062 -0.0968475341796875 -0.00352668762207031 0.0124139785766602
0.00469207763671876 -0.111351013183594 -0.02264404296875 0.00512313842773436
0.084716796875 -0.0937118530273438 -0.0152549743652344 -0.00929355621337891
0.114799499511719 -0.0787582397460938 -0.00662803649902343 -0.0139150619506836
0.152618408203125 -0.0431671142578125 0.041168212890625 0.0146522521972656
0.149993896484375 0.0098114013671875 0.0284881591796875 -0.136276245117188
0.123451232910156 -0.002685546875 0.0798263549804688 -0.0842056274414063
0.128578186035156 -0.042938232421875 0.103469848632813 -0.0681610107421875
0.078094482421875 -0.0807647705078125 0.0853729248046875 -0.0951614379882813
0.0461807250976563 -0.0841751098632813 0.0531234741210938 -0.08544921875
-0.00879669189453124 -0.0897979736328125 0.0195770263671875 -0.0856552124023438
-0.04510498046875 -0.0822982788085938 0.00869750976562499 -0.0641975402832031
-0.0414199829101563 -0.0761795043945313 0.0201873779296875 -0.0334396362304688
-0.0586013793945313 -0.0770034790039062 0.0262928009033203 -0.0196666717529297
-0.0405960083007812 -0.08099365234375 0.0204315185546875 0.00951385498046874
-0.00863647460937499 -0.101829528808594 0.005279541015625 0.0205287933349609
0.0248184204101563 -0.106719970703125 -0.0159158706665039 0.00513458251953124
0.101890563964844 -0.0740509033203125 -0.00477981567382812 -0.0179367065429688
0.124275207519531 -0.0475616455078125 0.0227203369140625 -0.0343551635742188
0.146392822265625 -0.0081939697265625 0.0924606323242188 0.00617218017578125
0.120376586914063 0.0393295288085938 0.07659912109375 -0.126792907714844
0.117561340332031 0.0233917236328125 0.116371154785156 -0.0850296020507812
0.134429931640625 -0.0242385864257812 0.109336853027344 -0.06640625
0.0903244018554688 -0.0740509033203125 0.08355712890625 -0.0789794921875
0.0561294555664063 -0.0818939208984375 0.0523605346679688 -0.0583457946777344
0.00342559814453125 -0.0951995849609375 0.0300369262695313 -0.0532188415527344
-0.030059814453125 -0.0915451049804688 0.0297775268554688 -0.0341796875
-0.0257644653320313 -0.085723876953125 0.0384407043457031 -0.00914001464843751
-0.0381240844726563 -0.0894241333007813 0.0421562194824219 0.00377655029296874
-0.01654052734375 -0.0859527587890625 0.0264720916748047 0.0291652679443359
0.0188980102539063 -0.095245361328125 0.00691604614257812 0.0336837768554687
0.0496749877929688 -0.0899887084960937 -0.0118865966796875 0.00985240936279297
0.1126708984375 -0.0394973754882813 0.00229454040527344 -0.0184364318847656
0.12176513671875 -0.00339508056640625 0.0477523803710938 -0.0417137145996094
0.121109008789063 0.0320510864257813 0.13360595703125 0.0101547241210938
0.0717926025390625 0.0597610473632813 0.107215881347656 -0.111640930175781
0.0880050659179687 0.0450057983398437 0.133369445800781 -0.081939697265625
0.111053466796875 0.00147247314453125 0.101493835449219 -0.0613937377929687
0.08148193359375 -0.0489425659179688 0.0739288330078125 -0.0590438842773438
0.0566329956054688 -0.0591011047363281 0.0468215942382812 -0.0307273864746094
0.0177841186523438 -0.0803298950195313 0.0379714965820313 -0.0203323364257813
-0.00952911376953124 -0.086456298828125 0.0459480285644531 -0.00338363647460938
-0.00569152832031251 -0.0825042724609375 0.0509834289550781 0.0172004699707031
-0.0138168334960937 -0.0906829833984375 0.0493125915527344 0.0315933227539062
0.00764465332031251 -0.081390380859375 0.0243759155273438 0.0530853271484375
0.0423202514648438 -0.0798873901367188 0.00212860107421876 0.0491180419921875
0.0681381225585938 -0.064910888671875 -0.0122699737548828 0.0204219818115234
0.111961364746094 -0.0009307861328125 0.00618028640747071 -0.00780677795410156
0.104751586914063 0.04180908203125 0.0654640197753906 -0.0298728942871094
0.080902099609375 0.0683975219726563 0.16082763671875 0.0283203125
0.0128173828125 0.0742263793945313 0.113807678222656 -0.094329833984375
0.0417404174804687 0.0623435974121094 0.131942749023438 -0.0737762451171875
0.0673370361328125 0.0305023193359375 0.0838241577148438 -0.0530014038085938
0.0597648620605469 -0.0110130310058594 0.0612144470214844 -0.0382766723632813
0.0499038696289063 -0.0211830139160156 0.0392494201660156 -0.0091552734375
0.0336494445800781 -0.0512008666992188 0.04180908203125 0.0051422119140625
0.0152053833007813 -0.0680618286132813 0.0554313659667969 0.0215873718261719
0.0146064758300781 -0.067169189453125 0.0542106628417969 0.0400505065917969
0.00888824462890626 -0.078216552734375 0.0502243041992187 0.0594825744628906
0.0233535766601563 -0.0674400329589844 0.0167694091796875 0.0778656005859375
0.0526199340820313 -0.0589866638183594 -0.00667190551757813 0.0673789978027344
0.0718917846679687 -0.0395126342773437 -0.0162010192871094 0.0366783142089844
0.095977783203125 0.0288238525390625 0.00296497344970704 0.0129852294921875
0.0734176635742188 0.07452392578125 0.0718765258789063 -0.0029449462890625
0.0301437377929688 0.0911331176757812 0.169036865234375 0.05816650390625
0.0319671630859375 -0.101966857910156 -0.16650390625 -0.06671142578125
-0.046173095703125 -0.0643653869628906 -0.07073974609375 -0.0177383422851562
-0.0713119506835938 -0.0268096923828125 0.01751708984375 -0.0321559906005859
-0.0615196228027344 0.017822265625 0.0360183715820312 -0.0639572143554688
-0.0410499572753906 0.0298614501953125 0.021087646484375 -0.0917739868164063
-0.0252838134765625 0.0480117797851563 -0.0161666870117187 -0.102401733398438
-0.0232772827148437 0.0495376586914063 -0.0578536987304687 -0.0867996215820313
-0.0284767150878906 0.0411415100097656 -0.0580482482910156 -0.0597000122070313
-0.0319976806640625 0.0431480407714844 -0.0553779602050781 -0.0333175659179688
-0.0416717529296875 0.0201148986816406 -0.043121337890625 -0.018524169921875
-0.0460853576660156 -0.00473022460937501 -0.0413665771484375 0.00447845458984375
-0.0429000854492188 -0.0263290405273437 -0.0553131103515625 0.0205459594726563
-0.0219345092773437 -0.0607872009277344 -0.0746307373046875 0.0326919555664062
0.000457763671875002 -0.083099365234375 -0.104667663574219 0.0664443969726563
0.046966552734375 -0.0914993286132813 -0.0979537963867187 0.0763320922851563
0.0859603881835937 -0.0901336669921875 -0.140960693359375 -0.100784301757813
0.00238037109375001 -0.0646247863769531 -0.0504417419433594 -0.0472946166992188
-0.0235519409179687 -0.0403900146484375 0.0350761413574219 -0.051910400390625
-0.0323619842529297 -0.00776481628417969 0.0464859008789063 -0.0866317749023438
-0.0220012664794922 0.00048446655273438 0.0290679931640625 -0.106689453125
-0.0261631011962891 0.0127449035644531 -0.0113449096679687 -0.118171691894531
-0.03985595703125 0.015899658203125 -0.0505142211914063 -0.100845336914062
-0.0441436767578125 0.0104408264160156 -0.0472068786621094 -0.0686988830566406
-0.0551071166992188 0.0109176635742188 -0.0438575744628906 -0.0422515869140625
-0.0563888549804688 -0.013916015625 -0.0328617095947266 -0.0209312438964844
-0.0467300415039063 -0.0457916259765625 -0.0330829620361328 0.00198173522949219
-0.0271377563476562 -0.0681953430175781 -0.0465164184570313 0.0108184814453125
0.0226516723632813 -0.0843658447265625 -0.0522994995117187 0.015777587890625
0.04998779296875 -0.09576416015625 -0.07427978515625 0.0424270629882813
0.0999679565429688 -0.090850830078125 -0.0615386962890625 0.0539932250976562
0.130149841308594 -0.0655136108398438 -0.0974426269531249 -0.12554931640625
0.0562553405761719 -0.0530319213867187 -0.0156822204589844 -0.0680732727050781
0.0346717834472656 -0.0514717102050781 0.0593986511230469 -0.0658721923828125
0.00597763061523438 -0.0387496948242188 0.060821533203125 -0.102874755859375
0.00183677673339843 -0.0342445373535156 0.0370864868164063 -0.113670349121094
-0.0240249633789063 -0.0267715454101563 -0.00547027587890626 -0.121955871582031
-0.050811767578125 -0.0213737487792969 -0.0380783081054687 -0.101470947265625
-0.0531387329101562 -0.0235824584960938 -0.0290336608886719 -0.0666656494140625
-0.0699119567871094 -0.0216941833496094 -0.0239753723144531 -0.0425567626953125
-0.064849853515625 -0.0427589416503906 -0.0167131423950195 -0.0157194137573242
-0.04534912109375 -0.0775833129882813 -0.0208892822265625 0.00601768493652343
-0.0155868530273437 -0.0982818603515625 -0.0373611450195313 0.00617218017578125
0.0563430786132813 -0.0998077392578125 -0.0344696044921875 0.000318527221679676
0.0866165161132813 -0.0993270874023437 -0.04229736328125 0.0133590698242188
0.136405944824219 -0.0788803100585937 -0.0130233764648437 0.0312175750732422
0.155014038085938 -0.0330047607421875 -0.0429458618164063 -0.138923645019531
0.101509094238281 -0.0333480834960937 0.0283660888671875 -0.0808563232421875
0.0917892456054688 -0.0572586059570312 0.0845947265625 -0.0716552734375
0.0452232360839844 -0.0688514709472656 0.0742340087890625 -0.107521057128906
0.0255088806152344 -0.0678520202636719 0.0441360473632812 -0.109176635742188
-0.0198783874511719 -0.0651206970214844 0.00177764892578125 -0.112442016601563
-0.055023193359375 -0.055206298828125 -0.0201644897460938 -0.0889816284179688
-0.0545310974121094 -0.0536918640136719 -0.00629043579101563 -0.0548057556152344
-0.0728683471679687 -0.0513839721679688 -0.000293731689453126 -0.0353279113769531
-0.0616340637207031 -0.0642280578613281 0.00145673751831054 -0.00520610809326172
-0.0358428955078125 -0.096099853515625 -0.00816822052001953 0.012516975402832
-0.00222015380859375 -0.112693786621094 -0.028594970703125 0.0045318603515625
0.0802154541015625 -0.10101318359375 -0.0212459564208984 -0.0137290954589844
0.110984802246094 -0.0872039794921875 -0.011652946472168 -0.0165510177612305
0.1533203125 -0.0546112060546875 0.0404930114746094 0.01165771484375
0.154983520507813 0.001678466796875 0.0155487060546875 -0.141250610351563
0.126861572265625 -0.0083770751953125 0.0733489990234375 -0.0886459350585937
0.129959106445313 -0.0519180297851563 0.101730346679688 -0.0733184814453125
0.0754928588867187 -0.0858993530273438 0.0824432373046875 -0.100868225097656
0.0433273315429687 -0.0893478393554688 0.0496673583984375 -0.0896072387695313
-0.0131988525390625 -0.091400146484375 0.0136032104492187 -0.0882034301757812
-0.0506439208984375 -0.08074951171875 0.002105712890625 -0.0652427673339844
-0.04705810546875 -0.0756149291992188 0.0167636871337891 -0.0343132019042969
-0.0640792846679688 -0.0743408203125 0.0222225189208984 -0.0200634002685547
-0.0462265014648438 -0.0795822143554688 0.0160284042358398 0.0101642608642578
-0.0150680541992188 -0.103157043457031 0.000148773193359376 0.0214138031005859
0.0193710327148437 -0.110527038574219 -0.0213890075683594 0.00494575500488281
0.100234985351562 -0.0823211669921875 -0.0110702514648437 -0.0223503112792969
0.124221801757813 -0.0562744140625 0.01708984375 -0.0395660400390625
0.1502685546875 -0.0174102783203125 0.0919113159179688 7.62939453124893E-06
0.128166198730469 0.0328140258789063 0.0668258666992188 -0.134361267089844
0.123924255371094 0.0179443359375 0.110343933105469 -0.0917282104492187
0.139083862304687 -0.03399658203125 0.107444763183594 -0.0715103149414063
0.0882034301757813 -0.0819549560546875 0.080902099609375 -0.0842742919921875
0.0531158447265625 -0.089263916015625 0.0501632690429688 -0.0622329711914063
-0.00309753417968751 -0.0981979370117188 0.0263519287109375 -0.0552024841308594
-0.0385284423828125 -0.0912399291992188 0.0257530212402344 -0.0355796813964844
-0.0326156616210938 -0.0865249633789063 0.0374794006347656 -0.0104866027832031
-0.046356201171875 -0.0883560180664062 0.0394668579101563 0.00298690795898437
-0.0230255126953125 -0.0864334106445312 0.0236358642578125 0.0302524566650391
0.0125579833984375 -0.099517822265625 0.00360298156738282 0.0345211029052734
0.04541015625 -0.0961151123046875 -0.017329216003418 0.00979518890380859
0.114578247070312 -0.04931640625 -0.00362396240234375 -0.0231513977050781
0.126136779785156 -0.0118179321289063 0.0422477722167969 -0.0481452941894531
0.129058837890625 0.0258331298828125 0.135223388671875 0.0016937255859375
0.0806961059570313 0.0577926635742187 0.0989837646484375 -0.121452331542969
0.0962295532226563 0.041961669921875 0.129364013671875 -0.090789794921875
0.117752075195313 -0.007659912109375 0.0996856689453125 -0.0661697387695313
0.0818634033203125 -0.0577011108398438 0.07257080078125 -0.0626068115234375
0.0541038513183594 -0.0668067932128906 0.0472640991210938 -0.0331878662109375
0.0100631713867188 -0.0848922729492188 0.0370941162109375 -0.0227241516113281
-0.0188217163085938 -0.0875015258789063 0.0458183288574219 -0.00600433349609375
-0.0137176513671875 -0.084259033203125 0.0515174865722656 0.0150680541992187
-0.0226974487304687 -0.0910568237304688 0.0494728088378906 0.0308341979980469
-8.39233398437452E-05 -0.0835723876953125 0.0232467651367188 0.0552711486816406
0.0360565185546875 -0.0854110717773438 2.67028808593777E-05 0.0513076782226563
0.0643997192382813 -0.0732345581054688 -0.0160427093505859 0.0203189849853516
0.117454528808594 -0.0110397338867188 0.00229549407958985 -0.0120925903320313
0.113426208496094 0.034576416015625 0.0627784729003906 -0.0373191833496094
0.0910491943359375 0.0649261474609375 0.164703369140625 0.01898193359375
0.0220108032226563 0.0753402709960938 0.108451843261719 -0.104118347167969
0.0511932373046875 0.0608100891113281 0.128456115722656 -0.0833511352539063
0.0754776000976563 0.0236663818359375 0.0822601318359375 -0.0560226440429688
0.0606346130371094 -0.0190696716308594 0.0615463256835938 -0.0406646728515625
0.0494194030761719 -0.0283889770507813 0.0418853759765625 -0.0103530883789063
0.0278663635253906 -0.0561370849609375 0.0439262390136719 0.0024871826171875
0.00713348388671875 -0.0709075927734375 0.0572662353515625 0.0190963745117187
0.00682067871093751 -0.0697517395019531 0.0575027465820313 0.0382194519042969
0.000350952148437492 -0.0794296264648437 0.0525131225585938 0.0593490600585938
0.0161018371582031 -0.0697822570800781 0.017913818359375 0.0802383422851563
0.0467720031738281 -0.0653419494628906 -0.00741958618164063 0.0699386596679688
0.0690765380859375 -0.0476226806640625 -0.0182380676269531 0.0371284484863281
0.102928161621094 0.0194015502929687 0.00137996673583985 0.0098876953125
0.0838394165039063 0.0691375732421875 0.071685791015625 -0.0100784301757812
0.040924072265625 0.09197998046875 0.176239013671875 0.0488433837890625
0.0193023681640625 -0.104637145996094 -0.173446655273438 -0.0538787841796875
-0.0535316467285156 -0.0582351684570313 -0.0721435546875 -0.00942993164062501
-0.0750885009765625 -0.016326904296875 0.0168628692626953 -0.0317173004150391
-0.0590324401855469 0.0266151428222656 0.0339622497558594 -0.0664825439453125
-0.0357208251953125 0.0351715087890625 0.0172653198242187 -0.0938720703125
-0.0168876647949219 0.0491485595703125 -0.0219879150390625 -0.103652954101563
-0.01568603515625 0.0506744384765625 -0.0641250610351563 -0.0838241577148437
-0.0222816467285156 0.0426521301269531 -0.0630340576171875 -0.0558586120605469
-0.0248832702636719 0.043975830078125 -0.0589218139648438 -0.0295677185058594
-0.0363082885742188 0.0229072570800781 -0.0461921691894531 -0.0160484313964844
-0.0441017150878906 0.00144577026367187 -0.0437088012695313 0.00604629516601562
-0.0447540283203125 -0.0196571350097656 -0.0563201904296875 0.0227279663085937
-0.0311927795410156 -0.0559501647949219 -0.073486328125 0.0362396240234375
-0.0111923217773438 -0.0810394287109375 -0.100364685058594 0.0734329223632812
0.0351943969726563 -0.0968475341796875 -0.0923233032226563 0.0843734741210937
0.075347900390625 -0.097320556640625 -0.152236938476562 -0.089080810546875
-0.00434112548828126 -0.062103271484375 -0.0551910400390625 -0.0397796630859375
-0.0284194946289063 -0.0344200134277344 0.0318603515625 -0.0536918640136719
-0.0311222076416016 -0.00117111206054688 0.0416030883789063 -0.08892822265625
-0.0191650390625 0.00446319580078125 0.022552490234375 -0.108901977539063
-0.0208988189697266 0.0151844024658203 -0.0189437866210937 -0.118202209472656
-0.0350379943847656 0.0187740325927734 -0.0591506958007812 -0.09832763671875
-0.0407066345214844 0.0125999450683594 -0.0536689758300781 -0.06561279296875
-0.0509185791015625 0.0138397216796875 -0.0487747192382813 -0.0386505126953125
-0.054443359375 -0.00953674316406249 -0.0374221801757812 -0.0190963745117188
-0.048187255859375 -0.0403633117675781 -0.0362548828125 0.00372695922851562
-0.0316658020019531 -0.0626678466796875 -0.049560546875 0.0122604370117188
0.0138473510742188 -0.0838241577148438 -0.05499267578125 0.0169639587402344
0.0382003784179687 -0.0984954833984375 -0.07403564453125 0.0468673706054688
0.0894393920898438 -0.100044250488281 -0.0592727661132812 0.0588722229003906
0.123268127441406 -0.0758743286132813 -0.112213134765625 -0.117889404296875
0.0506095886230469 -0.0550308227539062 -0.0227279663085937 -0.0637855529785156
0.0300445556640625 -0.0508575439453125 0.0552139282226563 -0.0687065124511719
0.00519180297851563 -0.0357818603515625 0.0545806884765625 -0.107200622558594
0.001922607421875 -0.0330543518066406 0.0290679931640625 -0.116790771484375
-0.0225334167480469 -0.024993896484375 -0.014801025390625 -0.122772216796875
-0.0498504638671875 -0.0175743103027344 -0.0473251342773437 -0.098907470703125
-0.0531234741210938 -0.0205764770507813 -0.0351943969726563 -0.0640983581542969
-0.0691070556640625 -0.0176658630371094 -0.02978515625 -0.040191650390625
-0.0656661987304688 -0.0377006530761719 -0.0214138031005859 -0.0141773223876953
-0.0493927001953125 -0.0725784301757812 -0.0250396728515625 0.00738525390624999
-0.0224227905273438 -0.094573974609375 -0.0418815612792969 0.00739669799804687
0.0464706420898437 -0.103187561035156 -0.0395050048828125 -0.000370025634765637
0.0754470825195313 -0.105056762695313 -0.0449867248535156 0.0149459838867187
0.12872314453125 -0.0909881591796875 -0.0128364562988281 0.0317440032958984
0.1524658203125 -0.0452880859375 -0.0582962036132812 -0.135444641113281
0.09954833984375 -0.039642333984375 0.019439697265625 -0.08038330078125
0.0873260498046875 -0.0625839233398438 0.0795745849609375 -0.0760955810546875
0.0417442321777344 -0.0697288513183594 0.0675048828125 -0.112785339355469
0.0220794677734375 -0.0701942443847656 0.0368194580078125 -0.11285400390625
-0.0222549438476563 -0.0636100769042969 -0.00697326660156251 -0.112861633300781
-0.0577468872070312 -0.0514411926269531 -0.02911376953125 -0.0867538452148438
-0.0572967529296875 -0.0501937866210938 -0.0124893188476563 -0.0538978576660156
-0.0760345458984375 -0.04620361328125 -0.00655364990234375 -0.0336418151855469
-0.064605712890625 -0.0597991943359375 -0.00342512130737305 -0.00445365905761719
-0.0418853759765625 -0.0930328369140625 -0.0126190185546875 0.0136280059814453
-0.00972747802734374 -0.111198425292969 -0.0338821411132813 0.00555419921874999
0.07232666015625 -0.107170104980469 -0.0275840759277344 -0.0155715942382813
0.102584838867188 -0.0954742431640625 -0.0169706344604492 -0.0172586441040039
0.149566650390625 -0.0670928955078125 0.03900146484375 0.00747299194335937
0.156875610351563 -0.0096893310546875 -0.000167846679687506 -0.142288208007813
0.127487182617188 -0.0166473388671875 0.0636672973632813 -0.0917510986328125
0.127830505371094 -0.0622787475585937 0.097900390625 -0.0793380737304688
0.0704345703125 -0.0909347534179688 0.0758438110351563 -0.106040954589844
0.0376739501953125 -0.0943222045898438 0.0428466796875 -0.0944061279296875
-0.019256591796875 -0.0909347534179687 0.00524139404296876 -0.089111328125
-0.0573959350585937 -0.0758895874023438 -0.00465393066406251 -0.064453125
-0.0526504516601563 -0.0725860595703125 0.0116424560546875 -0.0351524353027344
-0.0704879760742188 -0.0696487426757812 0.0171394348144531 -0.0190391540527344
-0.05133056640625 -0.0755538940429688 0.0122766494750977 0.0106344223022461
-0.0222015380859375 -0.102035522460938 -0.003204345703125 0.0232715606689453
0.0108795166015625 -0.112258911132813 -0.02728271484375 0.00587844848632812
0.0947723388671875 -0.09136962890625 -0.0189838409423828 -0.0250873565673828
0.120437622070312 -0.0665130615234375 0.00923538208007814 -0.0434036254882813
0.15142822265625 -0.0298614501953125 0.08953857421875 -0.0082855224609375
0.134567260742188 0.0237503051757813 0.0516433715820313 -0.14019775390625
0.128425598144531 0.0089569091796875 0.100067138671875 -0.098876953125
0.139602661132813 -0.0463790893554687 0.102928161621094 -0.0778427124023437
0.0832061767578125 -0.0905838012695313 0.075836181640625 -0.0897293090820313
0.046875 -0.0964126586914063 0.04632568359375 -0.0661239624023438
-0.0123138427734375 -0.0988235473632812 0.0206718444824219 -0.0566062927246094
-0.0475311279296875 -0.0879592895507813 0.0217056274414062 -0.0367202758789063
-0.0408401489257813 -0.0841140747070313 0.0342521667480469 -0.0120334625244141
-0.0546188354492188 -0.084808349609375 0.0365409851074219 0.00234222412109374
-0.0303497314453125 -0.0841751098632813 0.0222644805908203 0.0311546325683594
0.00420379638671875 -0.101219177246094 0.000976562500000003 0.0364608764648437
0.0374984741210938 -0.100563049316406 -0.0224056243896484 0.0107879638671875
0.113121032714844 -0.0600357055664063 -0.0106792449951172 -0.0262355804443359
0.127281188964844 -0.0229263305664063 0.0346336364746094 -0.0538787841796875
0.134635925292969 0.01568603515625 0.134109497070313 -0.00946044921875
0.089202880859375 0.0520172119140625 0.0867462158203125 -0.129005432128906
0.103645324707031 0.033782958984375 0.120292663574219 -0.0999374389648437
0.121589660644531 -0.0195846557617187 0.09588623046875 -0.07183837890625
0.0780715942382813 -0.0665283203125 0.0698509216308594 -0.06683349609375
0.04852294921875 -0.0743179321289062 0.0460433959960938 -0.0364913940429688
0.0013275146484375 -0.0868072509765625 0.0347499847412109 -0.0245227813720703
-0.0285873413085938 -0.0849761962890625 0.0442085266113281 -0.00857162475585938
-0.0233230590820312 -0.0833511352539063 0.0513992309570313 0.0119476318359375
-0.0324478149414063 -0.0879364013671875 0.0499000549316406 0.0293464660644531
-0.00823211669921874 -0.0828704833984375 0.02459716796875 0.0563087463378906
0.0278167724609375 -0.089752197265625 -0.00104522705078125 0.0531196594238281
0.0580062866210937 -0.0794525146484375 -0.0198383331298828 0.0216922760009766
0.119338989257813 -0.023284912109375 -0.00290203094482421 -0.0155124664306641
0.118766784667969 0.0240249633789063 0.0568504333496094 -0.0447425842285156
0.100692749023437 0.0582656860351562 0.16558837890625 0.005615234375
0.0322341918945313 0.0741500854492188 0.09844970703125 -0.112434387207031
0.0605659484863281 0.0566253662109375 0.120719909667969 -0.0931625366210938
0.081787109375 0.0143356323242188 0.0791091918945313 -0.0596389770507813
0.059539794921875 -0.0272560119628906 0.0604248046875 -0.0433082580566406
0.0462303161621094 -0.03594970703125 0.0433502197265625 -0.0124168395996094
0.0199394226074219 -0.0593376159667969 0.044219970703125 -0.000190734863281254
-0.0024871826171875 -0.0704421997070313 0.0589752197265625 0.0144309997558594
-0.00221633911132813 -0.069915771484375 0.0602760314941406 0.0346145629882812
-0.00951385498046875 -0.0789031982421875 0.05548095703125 0.0571823120117187
0.0075836181640625 -0.0706787109375 0.0214462280273438 0.0819931030273438
0.0385665893554688 -0.0707931518554688 -0.00586700439453125 0.0722122192382812
0.0633926391601563 -0.0560417175292969 -0.0191459655761719 0.03826904296875
0.107612609863281 0.00750732421875 -0.000506877899169915 0.00651264190673828
0.0933074951171875 0.060791015625 0.0701522827148438 -0.0186653137207031
0.0524826049804688 0.0883026123046875 0.18072509765625 0.0356292724609375
0.0059967041015625 -0.103057861328125 -0.174423217773438 -0.038787841796875
-0.0586013793945312 -0.0499229431152344 -0.0697364807128906 -0.00187683105468751
-0.0752487182617188 -0.0059356689453125 0.0151386260986328 -0.0310459136962891
-0.052642822265625 0.0340995788574219 0.0310821533203125 -0.0669097900390625
-0.0289230346679687 0.0385856628417969 0.0132827758789063 -0.0930023193359375
-0.0088348388671875 0.0484046936035156 -0.0266189575195313 -0.101600646972656
-0.00843048095703125 0.0486869812011719 -0.0680007934570313 -0.078277587890625
-0.0154647827148438 0.0421867370605469 -0.0659523010253906 -0.0504417419433594
-0.01849365234375 0.0429878234863281 -0.0600090026855469 -0.0244560241699219
-0.0303478240966797 0.0246753692626953 -0.0480079650878906 -0.0133171081542969
-0.03985595703125 0.00635910034179687 -0.0445213317871094 0.00769424438476563
-0.0445899963378906 -0.0124549865722656 -0.0559005737304688 0.0248374938964844
-0.037261962890625 -0.0486183166503906 -0.07135009765625 0.0386428833007812
-0.0213623046875 -0.0753021240234375 -0.0928573608398438 0.0770187377929688
0.0228958129882812 -0.0974273681640625 -0.0837326049804687 0.0886459350585938
0.0621490478515625 -0.0999374389648438 -0.157470703125 -0.0741729736328125
-0.0104408264160156 -0.0571861267089844 -0.0566177368164063 -0.0319671630859375
-0.0305385589599609 -0.0269584655761719 0.0286445617675781 -0.0527572631835938
-0.0283031463623047 0.00523567199707031 0.0362777709960937 -0.089263916015625
-0.0146303176879883 0.00677394866943359 0.0164260864257812 -0.107315063476563
-0.0154228210449219 0.0152359008789062 -0.025787353515625 -0.1153564453125
-0.0293846130371094 0.0195655822753906 -0.0652236938476563 -0.0913467407226562
-0.0359001159667969 0.0140647888183594 -0.0578689575195313 -0.0597076416015625
-0.0457077026367188 0.0155067443847656 -0.0521087646484375 -0.0334320068359375
-0.05047607421875 -0.00620651245117188 -0.040679931640625 -0.0158348083496094
-0.0475959777832031 -0.0343475341796875 -0.0389823913574219 0.00558471679687499
-0.034637451171875 -0.0563011169433594 -0.0514907836914063 0.0145072937011719
0.00463104248046875 -0.0798568725585938 -0.0558204650878906 0.017791748046875
0.0258560180664063 -0.0960159301757813 -0.0710983276367188 0.050140380859375
0.0759201049804688 -0.1043701171875 -0.0545654296875 0.0613594055175781
0.112251281738281 -0.0824432373046875 -0.121612548828125 -0.104866027832031
0.044586181640625 -0.0546684265136719 -0.0282173156738281 -0.0567855834960937
0.0257530212402344 -0.0485458374023437 0.050048828125 -0.0692024230957031
0.0035247802734375 -0.0315895080566406 0.0464706420898438 -0.107154846191406
0.00226783752441406 -0.0311832427978516 0.0212249755859375 -0.115928649902344
-0.0201320648193359 -0.0239658355712891 -0.0228805541992188 -0.118881225585938
-0.0471763610839844 -0.0139694213867188 -0.0543289184570313 -0.0925445556640625
-0.0510025024414063 -0.0168418884277344 -0.0410957336425781 -0.0597419738769531
-0.0662574768066406 -0.0129966735839844 -0.0344352722167969 -0.0357475280761719
-0.0635986328125 -0.0324821472167969 -0.0256309509277344 -0.01171875
-0.0507888793945313 -0.066253662109375 -0.0278911590576172 0.00926971435546874
-0.0281753540039062 -0.0894088745117188 -0.0453071594238281 0.00944900512695311
0.0367050170898437 -0.102119445800781 -0.0431098937988281 -0.000328063964843754
0.0630340576171875 -0.106178283691406 -0.0459175109863281 0.016632080078125
0.115921020507813 -0.0987472534179688 -0.0118885040283203 0.0313434600830078
0.144195556640625 -0.0543975830078125 -0.0718612670898437 -0.126258850097656
0.0935821533203125 -0.0439300537109375 0.0106735229492188 -0.0755996704101562
0.0810470581054688 -0.0654678344726563 0.0731124877929688 -0.0786972045898438
0.0368690490722656 -0.0685310363769531 0.0584487915039063 -0.114349365234375
0.0187759399414063 -0.0694847106933594 0.0282516479492188 -0.111824035644531
-0.0245323181152344 -0.0606575012207031 -0.0156402587890625 -0.1090087890625
-0.0581855773925781 -0.0461616516113281 -0.0354766845703125 -0.0810623168945312
-0.0583877563476562 -0.0457115173339844 -0.0177459716796875 -0.0501441955566406
-0.0759963989257812 -0.0398406982421875 -0.01092529296875 -0.0307693481445313
-0.0652313232421875 -0.0535545349121094 -0.00715732574462891 -0.00232124328613282
-0.0458831787109375 -0.0870132446289062 -0.015782356262207 0.0154151916503906
-0.0172653198242188 -0.106895446777344 -0.0380935668945313 0.00822830200195312
0.06182861328125 -0.109031677246094 -0.0341854095458984 -0.015106201171875
0.09112548828125 -0.0992507934570313 -0.0224494934082031 -0.0166110992431641
0.140388488769531 -0.0767364501953125 0.0356864929199219 0.00391769409179687
0.153350830078125 -0.0210723876953125 -0.0155563354492187 -0.137481689453125
0.124092102050781 -0.0239181518554688 0.0525360107421875 -0.0906219482421875
0.12127685546875 -0.0699615478515625 0.0902175903320313 -0.0821075439453125
0.0627899169921875 -0.0930557250976563 0.0663528442382813 -0.108146667480469
0.0314712524414062 -0.0953826904296875 0.035247802734375 -0.0947189331054688
-0.0247421264648438 -0.0871353149414063 -0.00232696533203126 -0.0862045288085938
-0.0612449645996094 -0.0696182250976563 -0.0110549926757813 -0.06109619140625
-0.0565376281738281 -0.0677223205566406 0.00756645202636718 -0.0344562530517578
-0.0732955932617188 -0.0625457763671875 0.0130043029785156 -0.017542839050293
-0.0547370910644531 -0.0696678161621094 0.00933837890625 0.0122098922729492
-0.0286712646484375 -0.0977020263671875 -0.00557327270507813 0.0249500274658203
0.00279235839843749 -0.110328674316406 -0.0315971374511719 0.00815200805664062
0.0861968994140625 -0.0969619750976563 -0.0262374877929687 -0.0252857208251953
0.112159729003906 -0.0736007690429688 0.00146102905273438 -0.0437126159667969
0.146224975585938 -0.0409088134765625 0.084197998046875 -0.0156707763671875
0.135452270507813 0.01275634765625 0.0361099243164062 -0.138236999511719
0.127906799316406 0 0.0875320434570313 -0.100662231445313
0.134834289550781 -0.0573043823242188 0.0957794189453125 -0.0810623168945313
0.074676513671875 -0.0951614379882813 0.0673141479492188 -0.0920791625976563
0.038421630859375 -0.0991668701171875 0.0404090881347656 -0.0672111511230469
-0.0195236206054687 -0.0954742431640625 0.0147666931152344 -0.0554695129394531
-0.0541458129882813 -0.0814590454101563 0.0164566040039062 -0.0357894897460938
-0.046905517578125 -0.0789031982421875 0.0314960479736328 -0.0134677886962891
-0.0601577758789063 -0.0770034790039062 0.0329341888427734 0.00225639343261718
-0.035797119140625 -0.0793838500976563 0.0208492279052734 0.0323905944824219
-0.00392913818359376 -0.0994491577148438 -0.000556945800781248 0.0382614135742187
0.0289764404296875 -0.101463317871094 -0.0262813568115234 0.0124931335449219
0.106803894042969 -0.0689620971679688 -0.0178451538085937 -0.0266208648681641
0.123130798339844 -0.0319900512695312 0.0260086059570313 -0.0567474365234375
0.135078430175781 0.00504302978515625 0.127113342285156 -0.0195999145507813
0.0950164794921875 0.0440597534179688 0.0712356567382813 -0.131614685058594
0.106231689453125 0.0249099731445313 0.1075439453125 -0.104225158691406
0.120010375976563 -0.031219482421875 0.0892791748046875 -0.0749893188476563
0.0715866088867187 -0.0731964111328125 0.0635604858398438 -0.06890869140625
0.040985107421875 -0.0791091918945313 0.0428504943847656 -0.0384483337402344
-0.00717163085937501 -0.0850906372070313 0.031524658203125 -0.0255947113037109
-0.0367050170898437 -0.0797042846679688 0.041290283203125 -0.0102272033691406
-0.03076171875 -0.0787124633789063 0.050689697265625 0.00924682617187499
-0.0401077270507812 -0.08172607421875 0.0482177734375 0.0274391174316406
-0.0155105590820312 -0.0791244506835937 0.0247154235839844 0.0561370849609375
0.0183181762695313 -0.0901412963867187 -0.000801086425781244 0.0547904968261719
0.0492706298828125 -0.0837936401367188 -0.0222682952880859 0.0228233337402344
0.115745544433594 -0.0340957641601563 -0.00859451293945311 -0.0168819427490234
0.120208740234375 0.0129013061523438 0.0489654541015625 -0.0495071411132813
0.106147766113281 0.0484466552734375 0.160659790039063 -0.007049560546875
0.0408058166503906 0.0701560974121094 0.0859375 -0.116188049316406
0.0669784545898438 0.0488166809082031 0.109573364257813 -0.09808349609375
0.0831832885742188 0.00396728515625 0.0737075805664063 -0.061065673828125
0.0560150146484375 -0.0343971252441406 0.0576515197753906 -0.0452232360839844
0.041046142578125 -0.0412788391113281 0.0430488586425781 -0.0145530700683594
0.0120697021484375 -0.0594062805175781 0.0435295104980469 -0.00252151489257813
-0.0110397338867187 -0.0665473937988281 0.0576286315917969 0.0109176635742187
-0.0100898742675781 -0.0669288635253906 0.0610580444335938 0.0305252075195312
-0.0179061889648437 -0.0737838745117187 0.0569229125976563 0.0538368225097656
-0.000732421874999993 -0.068389892578125 0.0248336791992187 0.0814361572265625
0.029510498046875 -0.0719375610351562 -0.003814697265625 0.0729217529296875
0.05572509765625 -0.0617790222167969 -0.0207443237304687 0.0384445190429688
0.106246948242188 -0.004547119140625 -0.00315546989440917 0.00410008430480957
0.0984573364257813 0.0497970581054688 0.064483642578125 -0.0249176025390625
0.0619964599609375 0.0805892944335938 0.178146362304688 0.02117919921875
-0.00331115722656251 -0.0978469848632813 -0.170150756835938 -0.0275115966796875
-0.05987548828125 -0.0426559448242187 -0.0660552978515625 0.00308990478515624
-0.0718612670898438 0.00200653076171875 0.0145626068115234 -0.0286102294921875
-0.0460624694824219 0.0386619567871094 0.0291061401367187 -0.0652885437011719
-0.0233345031738281 0.0395889282226563 0.0107498168945313 -0.0901412963867188
-0.00333404541015625 0.0446929931640625 -0.028167724609375 -0.098876953125
-0.00294113159179687 0.0445480346679688 -0.0683135986328125 -0.0737533569335938
-0.0116958618164063 0.0398216247558594 -0.0654144287109375 -0.04656982421875
-0.0133056640625 0.0397758483886719 -0.0592727661132813 -0.0209197998046875
-0.0251388549804688 0.0239448547363281 -0.0486869812011719 -0.0113182067871094
-0.0351276397705078 0.00902938842773438 -0.0450210571289063 0.00852203369140624
-0.042266845703125 -0.00712203979492188 -0.054779052734375 0.0252647399902344
-0.0392494201660156 -0.0413169860839844 -0.0685348510742188 0.0383224487304688
-0.0267219543457031 -0.0685310363769531 -0.0867538452148438 0.0768356323242187
0.01287841796875 -0.0937118530273438 -0.0761566162109375 0.0879592895507813
0.0514907836914063 -0.0968551635742188 -0.156402587890625 -0.0628814697265625
-0.0139884948730469 -0.051666259765625 -0.0555000305175781 -0.0255050659179688
-0.0300407409667969 -0.0206527709960938 0.0259933471679687 -0.05108642578125
-0.0242824554443359 0.00925636291503906 0.0325775146484375 -0.0867156982421875
-0.0108013153076172 0.00800800323486328 0.0127182006835937 -0.103561401367188
-0.0108251571655273 0.0137004852294922 -0.0288772583007813 -0.110816955566406
-0.0239772796630859 0.0184059143066406 -0.0665512084960937 -0.0847015380859375
-0.0321388244628906 0.0135746002197266 -0.0596084594726562 -0.0547637939453125
-0.0413055419921875 0.0153999328613281 -0.05255126953125 -0.0296440124511719
-0.0454940795898438 -0.00442886352539063 -0.0420074462890625 -0.0135421752929688
-0.0437736511230469 -0.030120849609375 -0.0401115417480469 0.00693893432617187
-0.0346527099609375 -0.0498580932617188 -0.052215576171875 0.0155029296875
-0.000274658203124995 -0.07403564453125 -0.0557060241699219 0.0179290771484375
0.0175857543945313 -0.0903778076171875 -0.0675239562988281 0.0499153137207031
0.0646514892578125 -0.103248596191406 -0.0504798889160156 0.0605125427246094
0.101264953613281 -0.0830917358398438 -0.1243896484375 -0.0930862426757813
0.039154052734375 -0.0517387390136719 -0.030303955078125 -0.0495986938476563
0.0228347778320313 -0.0444183349609375 0.045867919921875 -0.0669898986816406
0.0049285888671875 -0.0272769927978516 0.0410537719726562 -0.104011535644531
0.0033111572265625 -0.0293102264404297 0.0163726806640625 -0.111488342285156
-0.0175189971923828 -0.02276611328125 -0.0269927978515625 -0.113479614257812
-0.0427093505859375 -0.0129356384277344 -0.0568618774414063 -0.0855712890625
-0.0481529235839844 -0.0153961181640625 -0.0433883666992188 -0.0551223754882812
-0.0625076293945313 -0.0109939575195313 -0.0361595153808594 -0.0319404602050781
-0.0599021911621094 -0.0290107727050781 -0.0276222229003906 -0.00905609130859375
-0.0495414733886719 -0.0607261657714844 -0.0303173065185547 0.0112247467041016
-0.0294647216796875 -0.0822219848632813 -0.047454833984375 0.0114555358886719
0.02978515625 -0.0975112915039063 -0.0464096069335938 -8.39233398437465E-05
0.0537109375 -0.101799011230469 -0.0466728210449219 0.0167770385742187
0.105133056640625 -0.0998001098632812 -0.0122489929199219 0.0298194885253906
0.135482788085938 -0.0582427978515625 -0.0786666870117188 -0.114822387695313
0.0871353149414062 -0.043731689453125 0.00524139404296876 -0.068939208984375
0.0753021240234375 -0.0648956298828125 0.067657470703125 -0.0770950317382813
0.0337600708007812 -0.0655441284179688 0.0514373779296875 -0.111366271972656
0.0165290832519531 -0.0675506591796875 0.0219650268554687 -0.108207702636719
-0.0237693786621094 -0.0584297180175781 -0.019744873046875 -0.102943420410156
-0.0557708740234375 -0.04193115234375 -0.0389938354492188 -0.0753631591796875
-0.0567779541015625 -0.0418739318847656 -0.0210113525390625 -0.04669189453125
-0.0735244750976563 -0.035308837890625 -0.013946533203125 -0.0275020599365234
-0.0630950927734375 -0.04925537109375 -0.0100164413452148 0.000176429748535154
-0.0463714599609375 -0.0808486938476563 -0.0181369781494141 0.0174217224121094
-0.0203475952148438 -0.100624084472656 -0.0414962768554688 0.00957107543945312
0.054779052734375 -0.106758117675781 -0.0392875671386719 -0.0147438049316406
0.0821762084960938 -0.09710693359375 -0.0260543823242187 -0.0160236358642578
0.130622863769531 -0.0801010131835937 0.0325050354003906 0.00161361694335937
0.146774291992188 -0.026702880859375 -0.0254592895507812 -0.128074645996094
0.118972778320313 -0.0273971557617188 0.0444259643554688 -0.0851593017578125
0.114250183105469 -0.0723876953125 0.084320068359375 -0.0814132690429688
0.0573272705078125 -0.0914535522460938 0.0597000122070313 -0.106269836425781
0.0263214111328125 -0.0934677124023438 0.0296630859375 -0.0915374755859375
-0.0268936157226562 -0.0825347900390625 -0.00698852539062501 -0.081512451171875
-0.061370849609375 -0.0636787414550781 -0.0145530700683594 -0.05633544921875
-0.0577125549316406 -0.0618209838867188 0.00461769104003906 -0.0318222045898438
-0.0726394653320313 -0.0565872192382813 0.00931072235107421 -0.0154075622558594
-0.0545158386230469 -0.0643386840820312 0.0068511962890625 0.0138826370239258
-0.0313262939453125 -0.0924072265625 -0.00773048400878907 0.0268745422363281
-0.00150299072265625 -0.105804443359375 -0.0354042053222656 0.0105133056640625
0.0788421630859375 -0.096893310546875 -0.0323333740234375 -0.0239181518554688
0.1044921875 -0.074249267578125 -0.00511932373046874 -0.0426559448242188
0.139701843261719 -0.0454254150390625 0.0775985717773438 -0.0184707641601563
0.13275146484375 0.00621795654296875 0.0242919921875 -0.131568908691406
0.124824523925781 -0.0060577392578125 0.0775222778320313 -0.0974960327148438
0.128349304199219 -0.0628814697265625 0.0897445678710938 -0.080474853515625
0.0682830810546875 -0.0950164794921875 0.0620803833007813 -0.09063720703125
0.0324325561523438 -0.0986175537109375 0.0361366271972656 -0.0661048889160156
-0.0237350463867187 -0.0909423828125 0.010650634765625 -0.0528564453125
-0.056182861328125 -0.074188232421875 0.0130596160888672 -0.0335464477539063
-0.049560546875 -0.0731735229492188 0.0283393859863281 -0.0129222869873047
-0.0614166259765625 -0.0706253051757813 0.0300025939941406 0.00273704528808593
-0.0380325317382813 -0.073516845703125 0.0186195373535156 0.0325775146484375
-0.00873565673828124 -0.09466552734375 -0.0017852783203125 0.0391693115234375
0.0218276977539062 -0.09857177734375 -0.0295143127441406 0.0145606994628906
0.100074768066406 -0.07244873046875 -0.0234699249267578 -0.0256595611572266
0.118072509765625 -0.0367279052734375 0.0182228088378906 -0.0561752319335938
0.132194519042969 -0.0020599365234375 0.119140625 -0.0244216918945313
0.0958404541015625 0.0376434326171875 0.0595474243164063 -0.126365661621094
0.10601806640625 0.0189437866210938 0.0964279174804687 -0.102127075195313
0.115577697753906 -0.0381088256835938 0.0831069946289063 -0.0736312866210938
0.0648117065429688 -0.0749893188476563 0.0589599609375 -0.0683403015136719
0.0349960327148438 -0.0798797607421875 0.0399665832519531 -0.0383415222167969
-0.0125961303710938 -0.080596923828125 0.02813720703125 -0.0244979858398438
-0.0404739379882813 -0.0726547241210938 0.0382423400878906 -0.0103034973144531
-0.034759521484375 -0.0730209350585937 0.0478057861328125 0.00769424438476562
-0.0441055297851562 -0.0751266479492188 0.0456962585449219 0.0266838073730469
-0.0191726684570313 -0.0736465454101563 0.0244865417480469 0.0560951232910156
0.0119094848632813 -0.0870742797851563 -0.00135040283203124 0.0553016662597656
0.0423049926757813 -0.083038330078125 -0.0249900817871094 0.0236110687255859
0.10943603515625 -0.04058837890625 -0.0137882232666016 -0.0172433853149414
0.117279052734375 0.0048065185546875 0.0417633056640625 -0.0504379272460938
0.106491088867188 0.0407791137695313 0.152664184570313 -0.0139923095703125
0.0460624694824219 0.0642051696777344 0.0747833251953125 -0.113441467285156
0.0694313049316406 0.0424880981445313 0.0995864868164063 -0.0973739624023437
0.0821304321289062 -0.0025634765625 0.0698280334472656 -0.0598487854003906
0.0509757995605469 -0.0379066467285156 0.055328369140625 -0.0449028015136719
0.035888671875 -0.0436859130859375 0.0419845581054688 -0.0155296325683594
0.00619125366210938 -0.0571823120117187 0.0420684814453125 -0.00334930419921875
-0.0165596008300781 -0.0614471435546875 0.0557136535644531 0.0084228515625
-0.0150718688964844 -0.0625877380371094 0.0596809387207031 0.0274124145507812
-0.0228614807128906 -0.0680313110351563 0.0561790466308594 0.0512313842773437
-0.00536727905273438 -0.0637893676757813 0.0258407592773438 0.079742431640625
0.0223770141601563 -0.0708847045898438 -0.00297546386718749 0.0722198486328125
0.0488014221191406 -0.0625152587890625 -0.0208663940429688 0.0386238098144531
0.101860046386719 -0.0125274658203125 -0.00655555725097656 0.00290298461914062
0.098541259765625 0.040618896484375 0.0584602355957031 -0.0284538269042969
0.0667495727539063 0.073516845703125 0.171585083007813 0.0114288330078125
-0.00882720947265625 -0.0926132202148438 -0.1650390625 -0.0234375
-0.0595436096191406 -0.0372314453125 -0.0623130798339844 0.00577545166015626
-0.0685768127441406 0.00644683837890625 0.0150909423828125 -0.0272846221923828
-0.0411491394042969 0.0401344299316406 0.0294342041015625 -0.0637931823730469
-0.0194435119628906 0.0389556884765625 0.0118789672851562 -0.0878372192382812
0.000164031982421873 0.0413665771484375 -0.0270233154296875 -0.0971221923828125
-0.000141143798828123 0.040985107421875 -0.0665130615234375 -0.0711288452148438
-0.00902557373046875 0.037078857421875 -0.0648002624511719 -0.0440711975097656
-0.0110549926757813 0.0364723205566406 -0.0579452514648438 -0.0199623107910156
-0.0218219757080078 0.0220165252685547 -0.0489540100097656 -0.0108871459960937
-0.0310211181640625 0.00964927673339844 -0.0459518432617187 0.00796890258789063
-0.0400848388671875 -0.00355148315429687 -0.0548362731933594 0.0247764587402344
-0.0399017333984375 -0.0361366271972656 -0.06689453125 0.0359306335449219
-0.0289421081542969 -0.0623092651367188 -0.083343505859375 0.0740890502929687
0.00691986083984375 -0.0898513793945313 -0.0723342895507813 0.0844802856445313
0.0446929931640625 -0.0926132202148438 -0.153488159179688 -0.056243896484375
-0.0155029296875 -0.0468063354492188 -0.0532722473144531 -0.0213432312011719
-0.0283641815185547 -0.0157604217529297 0.0249214172363281 -0.048431396484375
-0.0206851959228516 0.01214599609375 0.0313262939453125 -0.0832901000976563
-0.0072784423828125 0.00900840759277344 0.0124359130859375 -0.100502014160156
-0.00711441040039063 0.0111818313598633 -0.0284957885742188 -0.10809326171875
-0.0205287933349609 0.0158100128173828 -0.0654830932617187 -0.0813140869140625
-0.0292587280273437 0.0121555328369141 -0.0587959289550781 -0.0523605346679688
-0.0378761291503906 0.0137176513671875 -0.0524559020996094 -0.0274848937988281
-0.0414695739746094 -0.00514984130859375 -0.0431060791015625 -0.0125770568847656
-0.0400810241699219 -0.0281181335449219 -0.0415229797363281 0.00727081298828125
-0.0326385498046875 -0.0461158752441406 -0.053131103515625 0.0156784057617188
-0.00239944458007812 -0.0683097839355469 -0.05682373046875 0.0166282653808594
0.0137863159179687 -0.0845565795898438 -0.0669822692871094 0.0481834411621094
0.0581207275390625 -0.0997161865234375 -0.0494575500488281 0.0582962036132812
0.0940628051757813 -0.0799942016601563 -0.124320983886719 -0.08526611328125
0.0361061096191406 -0.0474166870117188 -0.0298309326171875 -0.0441131591796875
0.0221290588378906 -0.039825439453125 0.0439682006835938 -0.063995361328125
0.00667572021484375 -0.0240707397460938 0.0391616821289062 -0.100685119628906
0.00567817687988281 -0.0280132293701172 0.0150909423828125 -0.107818603515625
-0.0144195556640625 -0.0233745574951172 -0.0270614624023437 -0.10906982421875
-0.0388450622558594 -0.0130729675292969 -0.056884765625 -0.0814361572265625
-0.0452384948730469 -0.015289306640625 -0.0433540344238281 -0.0521202087402344
-0.0591392517089844 -0.0107612609863281 -0.0371131896972656 -0.0290260314941406
-0.0559959411621094 -0.02825927734375 -0.0291957855224609 -0.00731658935546875
-0.0467605590820313 -0.0575675964355469 -0.0318222045898438 0.012115478515625
-0.0284423828125 -0.0774993896484375 -0.0496749877929688 0.011932373046875
0.0272369384765625 -0.0930252075195313 -0.0491867065429687 -0.000564575195312514
0.049163818359375 -0.096405029296875 -0.0480537414550781 0.0164756774902344
0.0981521606445313 -0.0969390869140625 -0.0136737823486328 0.028564453125
0.1292724609375 -0.0570449829101563 -0.08062744140625 -0.106948852539062
0.08367919921875 -0.0410919189453125 0.00348281860351563 -0.0630836486816406
0.072601318359375 -0.0616683959960938 0.0653915405273437 -0.07373046875
0.0336456298828125 -0.0624237060546875 0.0492324829101562 -0.107414245605469
0.0169105529785156 -0.0652351379394531 0.0201187133789063 -0.104438781738281
-0.0221366882324219 -0.055908203125 -0.0207901000976562 -0.0989456176757813
-0.0532302856445312 -0.0402565002441406 -0.0393753051757812 -0.0708694458007813
-0.0546607971191406 -0.0407028198242188 -0.0220413208007813 -0.0446052551269531
-0.070953369140625 -0.0340805053710938 -0.0157241821289063 -0.0248260498046875
-0.060028076171875 -0.04693603515625 -0.011784553527832 0.00176906585693359
-0.044403076171875 -0.0774459838867188 -0.0203762054443359 0.0189857482910156
-0.0200347900390625 -0.0959854125976563 -0.0446548461914063 0.0107307434082031
0.0510940551757813 -0.102737426757813 -0.0428962707519531 -0.0140495300292969
0.0771942138671875 -0.0932464599609375 -0.0289688110351562 -0.0156822204589844
0.124107360839844 -0.078582763671875 0.0287704467773438 0.000793457031249995
0.142105102539063 -0.0277862548828125 -0.0293960571289062 -0.12030029296875
0.115058898925781 -0.0265274047851563 0.0398406982421875 -0.0788345336914062
0.110572814941406 -0.0718994140625 0.0810699462890625 -0.0786666870117188
0.0553665161132813 -0.0880508422851563 0.056610107421875 -0.102317810058594
0.0250701904296875 -0.0911407470703125 0.0279083251953125 -0.0887680053710938
-0.0263748168945312 -0.0795974731445313 -0.00804138183593749 -0.077178955078125
-0.0592689514160156 -0.0602912902832031 -0.0154342651367188 -0.0528602600097656
-0.0560302734375 -0.0597724914550781 0.00287437438964843 -0.029754638671875
-0.07049560546875 -0.0532760620117188 0.00662899017333984 -0.0128946304321289
-0.0520858764648438 -0.0616912841796875 0.00501155853271484 0.0155887603759766
-0.0301513671875 -0.0888748168945313 -0.0103340148925781 0.0280208587646484
-0.00276947021484374 -0.10198974609375 -0.0385894775390625 0.0121078491210938
0.0748367309570313 -0.0948638916015625 -0.036895751953125 -0.0226097106933594
0.09979248046875 -0.0723648071289062 -0.00905227661132812 -0.0418586730957031
0.135017395019531 -0.046142578125 0.0726318359375 -0.0190505981445313
0.130142211914063 0.00383758544921875 0.0179595947265625 -0.124229431152344
0.122512817382813 -0.0068359375 0.0716552734375 -0.0908889770507813
0.124893188476562 -0.0638961791992188 0.0860977172851563 -0.0777206420898438
0.0644378662109375 -0.0931243896484375 0.0587921142578125 -0.087249755859375
0.0297012329101563 -0.0966033935546875 0.0346221923828125 -0.0637054443359375
-0.0243148803710937 -0.0871200561523437 0.00908279418945313 -0.0499458312988281
-0.0558509826660156 -0.0697898864746094 0.0116233825683594 -0.0305404663085938
-0.0491867065429688 -0.0699234008789063 0.0265216827392578 -0.0118923187255859
-0.0610733032226562 -0.0664443969726563 0.0276947021484375 0.00470352172851562
-0.0374794006347656 -0.0702857971191406 0.0166225433349609 0.0345020294189453
-0.01031494140625 -0.09130859375 -0.00433349609375 0.040069580078125
0.0202484130859375 -0.096099853515625 -0.0329933166503906 0.0159797668457031
0.0958175659179688 -0.0729598999023438 -0.0283527374267578 -0.0251560211181641
0.114212036132812 -0.0378036499023437 0.0130462646484375 -0.0545234680175781
0.128837585449219 -0.0050811767578125 0.113197326660156 -0.0255203247070312
0.0963211059570313 0.0345382690429688 0.0528106689453125 -0.120262145996094
0.105606079101563 0.0154876708984375 0.0900955200195313 -0.09661865234375
0.112541198730469 -0.042022705078125 0.0805587768554688 -0.070831298828125
0.0606002807617188 -0.0752944946289063 0.0567054748535156 -0.0657844543457031
0.0309677124023437 -0.0794296264648438 0.0387039184570313 -0.0369453430175781
-0.0142440795898438 -0.0776214599609375 0.0270214080810547 -0.0230617523193359
-0.0416412353515625 -0.0679397583007813 0.0361976623535156 -0.0097808837890625
-0.03594970703125 -0.0692939758300781 0.0459861755371094 0.00797271728515625
-0.0449676513671875 -0.0704193115234375 0.0438270568847656 0.0272254943847656
-0.0204734802246094 -0.0699424743652344 0.0227508544921875 0.0572090148925781
0.0086517333984375 -0.0835723876953125 -0.00330352783203125 0.0554847717285156
0.0384521484375 -0.0815277099609375 -0.02789306640625 0.0243625640869141
0.105918884277344 -0.0430755615234375 -0.0174970626831055 -0.0171327590942383
0.114356994628906 0.0015411376953125 0.0359153747558594 -0.0499801635742188
0.106201171875 0.0363922119140625 0.145431518554688 -0.015289306640625
0.0486526489257813 0.0603370666503906 0.0696868896484375 -0.107551574707031
0.0699310302734375 0.0386314392089844 0.0931854248046875 -0.09259033203125
0.0810470581054688 -0.00772857666015625 0.0681838989257813 -0.0566635131835938
0.0472183227539063 -0.0396156311035156 0.0539779663085938 -0.0431900024414063
0.0319366455078125 -0.0445327758789063 0.0417900085449219 -0.0154685974121094
0.00257110595703125 -0.0547142028808594 0.0407943725585938 -0.0033111572265625
-0.0191841125488281 -0.0564422607421875 0.0539360046386719 0.0080413818359375
-0.0176010131835938 -0.0584030151367187 0.0577621459960938 0.0260658264160156
-0.0251235961914063 -0.0629692077636719 0.0540313720703125 0.050537109375
-0.00809860229492187 -0.0596542358398438 0.0248260498046875 0.0785980224609375
0.0180816650390625 -0.0679969787597656 -0.00386810302734375 0.0717239379882813
0.043670654296875 -0.0616378784179688 -0.0235939025878906 0.03826904296875
0.0986557006835938 -0.0167160034179688 -0.00963783264160156 0.00145912170410156
0.0969924926757812 0.03509521484375 0.0530815124511719 -0.0287666320800781
0.066925048828125 0.0686187744140625 0.16497802734375 0.0085296630859375
-0.0117950439453125 -0.0889739990234375 -0.162994384765625 -0.02264404296875
-0.05926513671875 -0.0346565246582031 -0.0600357055664063 0.00688171386718749
-0.06671142578125 0.00960159301757812 0.0166091918945312 -0.0255126953125
-0.0376739501953125 0.04168701171875 0.0315704345703125 -0.0630950927734375
-0.0161476135253906 0.0388565063476563 0.0139846801757813 -0.0883026123046875
0.00188064575195312 0.0387916564941406 -0.0249862670898438 -0.098236083984375
0.00163650512695312 0.0380210876464844 -0.0660171508789063 -0.0723876953125
-0.00757980346679687 0.0354499816894531 -0.0641746520996094 -0.0448150634765625
-0.0093841552734375 0.0346508026123047 -0.0577316284179688 -0.0206184387207031
-0.0196552276611328 0.0198211669921875 -0.0504379272460938 -0.0117073059082031
-0.0287265777587891 0.00966072082519532 -0.0476455688476563 0.0075836181640625
-0.0378532409667969 -0.00160217285156249 -0.0564346313476563 0.0236549377441406
-0.0400390625 -0.0328826904296875 -0.06768798828125 0.0336685180664063
-0.0301551818847656 -0.0589485168457031 -0.083770751953125 0.0708465576171875
0.00361633300781251 -0.0878524780273438 -0.0718994140625 0.0815277099609375
0.0423812866210938 -0.0890884399414063 -0.152801513671875 -0.0542755126953125
-0.0156936645507812 -0.0428886413574219 -0.0517311096191406 -0.018798828125
-0.0270557403564453 -0.0122413635253906 0.0263557434082031 -0.0461540222167969
-0.0174770355224609 0.0139827728271484 0.0332183837890625 -0.082366943359375
-0.00449848175048828 0.00930976867675781 0.0147476196289062 -0.10003662109375
-0.00488948822021484 0.00916576385498047 -0.0269012451171875 -0.108314514160156
-0.0182971954345703 0.0132026672363281 -0.0647048950195312 -0.0813522338867188
-0.0275859832763672 0.0102329254150391 -0.0586891174316406 -0.0521621704101563
-0.0361213684082031 0.0116691589355469 -0.0529708862304688 -0.0273017883300781
-0.0387687683105469 -0.00714111328124999 -0.0451011657714844 -0.0123748779296875
-0.0369949340820312 -0.0280494689941406 -0.0439186096191406 0.00735092163085937
-0.0305633544921875 -0.0440406799316406 -0.0558547973632813 0.0152053833007813
-0.00167465209960937 -0.0648574829101563 -0.0590057373046875 0.0147781372070312
0.0122222900390625 -0.081024169921875 -0.0681877136230469 0.0460739135742187
0.0548934936523438 -0.0974273681640625 -0.050567626953125 0.0558967590332031
0.0918960571289063 -0.0766677856445313 -0.124420166015625 -0.08233642578125
0.03570556640625 -0.0436439514160156 -0.0291481018066406 -0.0407600402832031
0.0226974487304688 -0.0364646911621094 0.0449943542480469 -0.0618209838867187
0.00932502746582031 -0.0214519500732422 0.040130615234375 -0.0985641479492188
0.0084381103515625 -0.027984619140625 0.0167694091796875 -0.106559753417969
-0.0115890502929688 -0.0246810913085938 -0.0264511108398437 -0.108993530273438
-0.0366363525390625 -0.0148849487304688 -0.055999755859375 -0.0804290771484375
-0.0432548522949219 -0.0165519714355469 -0.0438804626464844 -0.0515899658203125
-0.0576591491699219 -0.0125312805175781 -0.0376968383789063 -0.0283966064453125
-0.0532798767089844 -0.0298385620117188 -0.0313625335693359 -0.00674819946289063
-0.0436859130859375 -0.0575790405273437 -0.0345249176025391 0.0129051208496094
-0.02630615234375 -0.0761337280273438 -0.0527992248535156 0.0122909545898437
0.0272674560546875 -0.0896987915039063 -0.0524482727050781 -0.00164413452148439
0.0481948852539063 -0.0929107666015625 -0.0497360229492188 0.0154075622558594
0.0962600708007813 -0.0946121215820313 -0.0152721405029297 0.0273017883300781
0.127334594726563 -0.0544509887695313 -0.081512451171875 -0.102760314941406
0.0832061767578125 -0.0378799438476563 0.0029754638671875 -0.0583877563476563
0.07330322265625 -0.0591888427734375 0.0666580200195313 -0.0710220336914062
0.0360107421875 -0.0591506958007813 0.0497665405273437 -0.10546875
0.0187416076660156 -0.0650367736816406 0.0215911865234375 -0.102615356445313
-0.0195388793945312 -0.05694580078125 -0.0204086303710938 -0.0971908569335938
-0.0509185791015625 -0.0409812927246094 -0.0396194458007813 -0.0693397521972656
-0.0531120300292969 -0.0414924621582031 -0.0224113464355469 -0.0432586669921875
-0.0687637329101563 -0.0346488952636719 -0.0170803070068359 -0.0227909088134766
-0.0575332641601563 -0.0480499267578125 -0.0134649276733398 0.00313472747802734
-0.0421981811523438 -0.0770950317382813 -0.0226535797119141 0.0206813812255859
-0.0186004638671875 -0.0951004028320313 -0.048370361328125 0.0120353698730469
0.0521697998046875 -0.10052490234375 -0.0470161437988281 -0.0142631530761719
0.0768203735351562 -0.0894546508789063 -0.0322723388671875 -0.0159683227539063
0.123298645019531 -0.076904296875 0.0261878967285156 0.000404357910156245
0.141387939453125 -0.02630615234375 -0.03192138671875 -0.115676879882813
0.115364074707031 -0.0241317749023438 0.0394363403320313 -0.074371337890625
0.110771179199219 -0.0700225830078125 0.0816421508789063 -0.0761032104492188
0.056427001953125 -0.0863418579101562 0.0571441650390625 -0.0998916625976562
0.0260696411132813 -0.091033935546875 0.0286331176757813 -0.087249755859375
-0.0243606567382813 -0.0795059204101563 -0.00786590576171876 -0.0753021240234375
-0.0573310852050781 -0.0598640441894531 -0.0159416198730469 -0.0515708923339844
-0.0556068420410156 -0.0597991943359375 0.00208091735839843 -0.0287914276123047
-0.0694160461425781 -0.05377197265625 0.00535106658935546 -0.0107192993164063
-0.0499496459960938 -0.0620269775390625 0.00282001495361328 0.0171957015991211
-0.029205322265625 -0.0884628295898438 -0.0133514404296875 0.0297431945800781
-0.00186920166015625 -0.100563049316406 -0.0426368713378906 0.0134773254394531
0.075469970703125 -0.0935897827148437 -0.0411605834960938 -0.0224533081054687
0.0995559692382813 -0.0700225830078125 -0.0124015808105469 -0.0412330627441406
0.134536743164063 -0.044677734375 0.06951904296875 -0.0184783935546875
0.1312255859375 0.0048065185546875 0.0159759521484375 -0.119186401367187
0.123252868652344 -0.005584716796875 0.0701675415039063 -0.085906982421875
0.12506103515625 -0.0646896362304688 0.0869216918945313 -0.0752716064453125
0.064697265625 -0.0926513671875 0.0586700439453125 -0.0850143432617188
0.0296401977539063 -0.096832275390625 0.0342216491699219 -0.062469482421875
-0.02349853515625 -0.086151123046875 0.00880813598632812 -0.0474891662597656
-0.0548591613769531 -0.0682106018066406 0.0113086700439453 -0.0295448303222656
-0.0492591857910156 -0.068695068359375 0.0252513885498047 -0.0107288360595703
-0.0605354309082031 -0.0650749206542969 0.0257835388183594 0.00663375854492187
-0.0360298156738281 -0.0692291259765625 0.0147819519042969 0.0365219116210937
-0.00989532470703125 -0.0905609130859375 -0.00691604614257812 0.0419120788574219
0.0203933715820312 -0.0953521728515625 -0.0369224548339844 0.0169868469238281
0.0952835083007813 -0.0721206665039063 -0.0323066711425781 -0.024200439453125
0.113685607910156 -0.0371170043945313 0.00975036621093751 -0.0539093017578125
0.129570007324219 -0.00421142578125 0.110366821289063 -0.0242233276367187
0.0976791381835938 0.0338287353515625 0.0515213012695312 -0.115501403808594
0.106513977050781 0.0153961181640625 0.0887908935546875 -0.0920562744140625
0.112808227539063 -0.043212890625 0.0819091796875 -0.0684738159179688
0.060150146484375 -0.0755081176757813 0.0572929382324219 -0.0637397766113281
0.0299453735351563 -0.0801239013671875 0.0397987365722656 -0.0358428955078125
-0.015167236328125 -0.0757522583007812 0.0260982513427734 -0.0212860107421875
-0.0420494079589844 -0.0654029846191406 0.0357894897460938 -0.00824737548828125
-0.035980224609375 -0.0676002502441406 0.0448760986328125 0.00861740112304687
-0.0448188781738281 -0.0680313110351563 0.0418930053710938 0.0298805236816406
-0.0202560424804687 -0.0681800842285156 0.0211372375488281 0.0584983825683594
0.00759124755859375 -0.082611083984375 -0.00590133666992187 0.0570220947265625
0.0378799438476563 -0.081146240234375 -0.0315017700195313 0.0255584716796875
0.104827880859375 -0.043731689453125 -0.0209274291992187 -0.0167160034179688
0.114410400390625 0.00083160400390625 0.0325469970703125 -0.0501251220703125
0.106925964355469 0.0356292724609375 0.142959594726563 -0.014129638671875
0.0510215759277344 0.0589675903320312 0.0682830810546875 -0.103813171386719
0.0719070434570313 0.0370254516601563 0.092681884765625 -0.0886001586914063
0.0807342529296875 -0.0104293823242187 0.0698890686035156 -0.0544853210449219
0.0460128784179688 -0.0410614013671875 0.0551795959472656 -0.0414390563964844
0.0301094055175781 -0.0458183288574219 0.0431060791015625 -0.0148124694824219
0.00034713745117187 -0.0531158447265625 0.0403366088867188 -0.00209808349609375
-0.0202789306640625 -0.0536727905273438 0.05322265625 0.0086212158203125
-0.0186729431152344 -0.0562705993652344 0.0571212768554688 0.0267715454101563
-0.025787353515625 -0.0605239868164063 0.0527267456054688 0.052032470703125
-0.00858306884765625 -0.0576171875 0.0229034423828125 0.0806045532226563
0.0156135559082031 -0.0664176940917969 -0.00637817382812499 0.0724639892578125
0.0417289733886719 -0.061614990234375 -0.0265426635742187 0.0388031005859375
0.0967254638671875 -0.0187301635742188 -0.013031005859375 0.00104522705078125
0.0971221923828125 0.0327682495117188 0.0506401062011719 -0.02947998046875
0.0690765380859375 0.0670089721679688 0.162796020507813 0.00883483886718751
-0.0153732299804687 -0.0883941650390625 -0.165817260742188 -0.0220947265625
-0.0613822937011719 -0.0326995849609375 -0.0594978332519531 0.00875091552734375
-0.0664024353027344 0.0127220153808594 0.0188064575195312 -0.0246047973632812
-0.0357856750488281 0.0434761047363281 0.0345306396484375 -0.0643234252929688
-0.013824462890625 0.0396003723144531 0.0164794921875 -0.0910720825195313
0.00349044799804687 0.0374107360839844 -0.024932861328125 -0.102760314941406
0.0030059814453125 0.0362930297851563 -0.0670166015625 -0.0742950439453125
-0.00629043579101563 0.0343227386474609 -0.0660247802734375 -0.0459938049316406
-0.00913619995117188 0.0332279205322266 -0.0597038269042969 -0.021759033203125
-0.0185394287109375 0.0189723968505859 -0.0526351928710938 -0.0124588012695313
-0.0269947052001953 0.009674072265625 -0.051300048828125 0.00769805908203126
-0.0370712280273438 0.000171661376953129 -0.059478759765625 0.0232467651367188
-0.0412445068359375 -0.0305023193359375 -0.0703811645507813 0.0321884155273438
-0.0316009521484375 -0.0576705932617188 -0.0866317749023437 0.0704345703125
0.000938415527343742 -0.0880355834960938 -0.0741043090820312 0.0811843872070313
0.0407791137695313 -0.08843994140625 -0.156402587890625 -0.053558349609375
-0.0164222717285156 -0.0406646728515625 -0.0513916015625 -0.0172500610351562
-0.0259742736816406 -0.00953102111816407 0.028289794921875 -0.0457839965820313
-0.0142927169799805 0.0159788131713867 0.0355682373046875 -0.0837478637695313
-0.00144863128662109 0.00878524780273437 0.0166091918945313 -0.101905822753906
-0.00244379043579102 0.00754642486572266 -0.0262222290039062 -0.111175537109375
-0.0169515609741211 0.0107707977294922 -0.0663986206054688 -0.083709716796875
-0.0263271331787109 0.00872039794921874 -0.0607452392578125 -0.0531082153320313
-0.0357933044433594 0.0100440979003906 -0.0551490783691406 -0.0280113220214844
-0.0380935668945312 -0.00892257690429688 -0.0476036071777344 -0.0129661560058594
-0.0357208251953125 -0.0286026000976563 -0.0471115112304688 0.00749206542968749
-0.029541015625 -0.0437431335449219 -0.0597343444824219 0.0153045654296875
-0.00209808349609375 -0.0639724731445313 -0.0625190734863281 0.0136528015136719
0.0115966796875 -0.078704833984375 -0.0716781616210938 0.04541015625
0.053680419921875 -0.0977249145507813 -0.0530204772949219 0.0562057495117187
0.091949462890625 -0.076171875 -0.128997802734375 -0.08135986328125
0.0359916687011719 -0.0416450500488281 -0.0288848876953125 -0.0384101867675781
0.0250396728515625 -0.0350437164306641 0.0475578308105469 -0.0614967346191406
0.0124912261962891 -0.0197067260742187 0.0419845581054688 -0.099090576171875
0.0111446380615234 -0.0280628204345703 0.0181884765625 -0.108299255371094
-0.00998878479003906 -0.0266838073730469 -0.02606201171875 -0.110610961914063
-0.0354957580566406 -0.0171661376953125 -0.057281494140625 -0.0822219848632813
-0.0430679321289063 -0.0187721252441406 -0.0453376770019531 -0.0522918701171875
-0.0568733215332031 -0.0141067504882813 -0.04052734375 -0.0278434753417969
-0.0523948669433594 -0.03216552734375 -0.033477783203125 -0.00597190856933594
-0.0421524047851562 -0.0590629577636719 -0.0381317138671875 0.0136222839355469
-0.0247726440429687 -0.0770645141601563 -0.0576133728027344 0.0135383605957031
0.028717041015625 -0.0895538330078125 -0.0570793151855469 -0.00203323364257813
0.0489654541015625 -0.0914459228515625 -0.0540962219238281 0.0148773193359375
0.0965957641601563 -0.094635009765625 -0.0176277160644531 0.0271949768066406
0.129814147949219 -0.0543975830078125 -0.0856552124023437 -0.101936340332031
0.0854949951171875 -0.03594970703125 0.00324249267578125 -0.0555686950683594
0.0761871337890625 -0.0587921142578125 0.0691909790039063 -0.0719680786132812
0.0388679504394531 -0.0591354370117188 0.0513458251953125 -0.106254577636719
0.0210914611816406 -0.06573486328125 0.022247314453125 -0.104278564453125
-0.0176315307617188 -0.0591583251953125 -0.0205917358398438 -0.0983963012695313
-0.0502700805664062 -0.0429153442382813 -0.0400810241699219 -0.0702247619628906
-0.0531387329101563 -0.0431709289550781 -0.0238380432128906 -0.043701171875
-0.0690498352050781 -0.0364646911621094 -0.0192241668701172 -0.0218181610107422
-0.0567359924316406 -0.0502967834472656 -0.0157155990600586 0.00462722778320312
-0.04107666015625 -0.0791244506835938 -0.0264377593994141 0.0223712921142578
-0.017181396484375 -0.0964126586914063 -0.0534553527832031 0.0135879516601562
0.0533523559570312 -0.100868225097656 -0.0522918701171875 -0.0143241882324219
0.0787429809570313 -0.089263916015625 -0.0354690551757812 -0.016326904296875
0.125602722167969 -0.0770492553710937 0.0244026184082031 -0.000205993652343755
0.145538330078125 -0.0255584716796875 -0.0343399047851562 -0.114250183105469
0.11895751953125 -0.0230712890625 0.0393295288085938 -0.0713348388671875
0.114784240722656 -0.0708847045898438 0.0847930908203125 -0.0765380859375
0.058685302734375 -0.0871658325195313 0.0586700439453125 -0.101028442382812
0.0274581909179687 -0.0930633544921875 0.0293731689453125 -0.0882949829101563
-0.0236892700195313 -0.0814895629882813 -0.0081024169921875 -0.0758132934570313
-0.0576210021972656 -0.06085205078125 -0.0163421630859375 -0.05059814453125
-0.0559272766113281 -0.0613937377929687 0.00140380859374999 -0.0289630889892578
-0.0700759887695313 -0.0548324584960937 0.00391197204589843 -0.00928401947021485
-0.0501594543457031 -0.0637245178222656 0.00097084045410156 0.0203285217285156
-0.0287399291992188 -0.0901641845703125 -0.0159454345703125 0.0326690673828125
-0.000587463378906257 -0.102775573730469 -0.047515869140625 0.0156669616699219
0.0777206420898438 -0.0950775146484375 -0.0461235046386719 -0.0223731994628906
0.102279663085938 -0.06988525390625 -0.0162353515625 -0.0419044494628906
0.13824462890625 -0.044586181640625 0.0690078735351563 -0.0186843872070313
0.135284423828125 0.00539398193359375 0.0143890380859375 -0.117942810058594
0.127609252929688 -0.00455474853515625 0.0708465576171875 -0.0832138061523438
0.128738403320313 -0.0670623779296875 0.089691162109375 -0.0754928588867188
0.0664825439453125 -0.0944747924804688 0.0607986450195313 -0.0856475830078125
0.0301895141601562 -0.0995330810546875 0.0358123779296875 -0.0631370544433594
-0.0240249633789063 -0.0874176025390625 0.00886917114257812 -0.0472145080566406
-0.0553817749023437 -0.0687904357910156 0.0108699798583984 -0.0285072326660156
-0.0503463745117188 -0.0699729919433594 0.0253372192382812 -0.0100631713867188
-0.0613670349121094 -0.0665092468261719 0.0253086090087891 0.00946044921875
-0.0359344482421875 -0.0707855224609375 0.0138015747070312 0.0393791198730469
-0.0101470947265625 -0.091888427734375 -0.00956726074218749 0.0452079772949219
0.020904541015625 -0.0976181030273437 -0.0416145324707031 0.0196418762207031
0.0978469848632813 -0.0740966796875 -0.0368576049804687 -0.0245513916015625
0.117431640625 -0.0372848510742187 0.00723648071289063 -0.0550460815429688
0.134048461914063 -0.00439453125 0.110855102539063 -0.024200439453125
0.102340698242188 0.0339431762695313 0.0511245727539063 -0.114410400390625
0.110397338867188 0.0150680541992188 0.09033203125 -0.0898284912109375
0.116645812988281 -0.0469818115234375 0.0842514038085938 -0.06805419921875
0.0607833862304688 -0.0780181884765625 0.0588836669921875 -0.0634918212890625
0.0293731689453125 -0.0831756591796875 0.0406837463378906 -0.0358657836914063
-0.0161895751953125 -0.0767745971679688 0.0270957946777344 -0.0194816589355469
-0.0431976318359375 -0.0651168823242188 0.0361518859863281 -0.00723648071289063
-0.0380096435546875 -0.0673446655273438 0.0452461242675781 0.00959777832031249
-0.0457496643066406 -0.0680465698242188 0.0421371459960938 0.0322418212890625
-0.0206375122070312 -0.0687294006347656 0.0198249816894531 0.0628089904785156
0.007080078125 -0.0837020874023438 -0.00827407836914063 0.0602149963378906
0.0380020141601562 -0.0822830200195313 -0.0355644226074219 0.0270843505859375
0.107170104980469 -0.04644775390625 -0.0254306793212891 -0.0171642303466797
0.117729187011719 0.000396728515625 0.0310821533203125 -0.0503387451171875
0.110984802246094 0.0359268188476563 0.1446533203125 -0.01446533203125
0.0545196533203125 0.0586395263671875 0.0691986083984375 -0.102592468261719
0.0750656127929688 0.0361709594726563 0.0937118530273438 -0.0872268676757813
0.083038330078125 -0.0140533447265625 0.0724105834960938 -0.0540542602539063
0.045745849609375 -0.0430526733398438 0.0575904846191406 -0.0413017272949219
0.0280990600585938 -0.0475273132324219 0.0447883605957031 -0.0143890380859375
-0.000633239746093754 -0.0530242919921875 0.0415534973144531 -0.00130462646484375
-0.0218963623046875 -0.0524978637695313 0.0546340942382813 0.009674072265625
-0.0203361511230469 -0.0551567077636719 0.0582237243652344 0.02783203125
-0.0277519226074219 -0.0594902038574219 0.0533409118652344 0.0548439025878906
-0.00975799560546874 -0.0567550659179688 0.0225296020507813 0.0841140747070313
0.01458740234375 -0.0673904418945313 -0.0089569091796875 0.0761260986328125
0.0410232543945313 -0.0634689331054688 -0.0303001403808594 0.0404891967773437
0.098541259765625 -0.0215072631835938 -0.0160427093505859 0.00101852416992187
0.099761962890625 0.031036376953125 0.0493507385253906 -0.0306968688964844
0.0719223022460938 0.0662765502929688 0.165634155273438 0.009490966796875
-0.0200653076171875 -0.0881881713867188 -0.1715087890625 -0.0188140869140625
-0.0638427734375 -0.0298194885253906 -0.0597305297851563 0.0107765197753906
-0.0666999816894531 0.0176048278808594 0.0197639465332031 -0.0247726440429687
-0.0326805114746094 0.0468177795410156 0.0366783142089844 -0.0673561096191406
-0.01068115234375 0.0406074523925781 0.0168228149414063 -0.0950927734375
0.0060882568359375 0.0362739562988281 -0.0268402099609375 -0.107223510742187
0.00485038757324219 0.0341243743896484 -0.0706558227539063 -0.0767593383789063
-0.00496482849121094 0.0338325500488281 -0.0695724487304688 -0.0460281372070313
-0.00745391845703125 0.0332698822021484 -0.0631980895996094 -0.0215988159179688
-0.0174121856689453 0.0181961059570312 -0.0567588806152344 -0.0118141174316406
-0.0249671936035156 0.00991630554199219 -0.0547637939453125 0.00918960571289063
-0.0360946655273438 0.00236892700195312 -0.0626716613769531 0.0246047973632812
-0.0425453186035156 -0.0279083251953125 -0.0737457275390625 0.032196044921875
-0.0346870422363281 -0.0561561584472656 -0.0892257690429688 0.0728988647460938
-0.00385284423828126 -0.0887527465820313 -0.07598876953125 0.0835342407226563
0.0376968383789063 -0.0894927978515625 -0.162872314453125 -0.050323486328125
-0.0179481506347656 -0.0384407043457031 -0.0517654418945313 -0.0145225524902344
-0.0255279541015625 -0.00625991821289062 0.0292816162109375 -0.0467529296875
-0.0108985900878906 0.0188102722167969 0.0362701416015625 -0.08697509765625
0.00186252593994141 0.00923442840576172 0.0164642333984375 -0.10614013671875
-0.000982284545898438 0.00536680221557617 -0.02911376953125 -0.115440368652344
-0.015934944152832 0.00908184051513672 -0.0698623657226562 -0.0851058959960938
-0.0261421203613281 0.00794219970703125 -0.0640335083007813 -0.0530281066894531
-0.0361213684082031 0.00915145874023438 -0.0590438842773438 -0.0273704528808594
-0.038330078125 -0.00984954833984375 -0.0512428283691406 -0.0121231079101563
-0.0350723266601563 -0.0294189453125 -0.0508308410644531 0.00949096679687501
-0.0292778015136719 -0.0433883666992187 -0.0641593933105469 0.0175895690917969
-0.00272369384765625 -0.0636253356933594 -0.0669021606445313 0.0138397216796875
0.01031494140625 -0.0784988403320312 -0.0749740600585938 0.0476531982421875
0.05120849609375 -0.100013732910156 -0.0547599792480469 0.0576591491699219
0.0918426513671875 -0.0785140991210937 -0.135360717773438 -0.0785675048828125
0.0371246337890625 -0.0403709411621094 -0.0300025939941406 -0.0361747741699219
0.0265655517578125 -0.0335731506347656 0.0483894348144531 -0.0643806457519531
0.0159492492675781 -0.0192146301269531 0.04290771484375 -0.102813720703125
0.0135726928710937 -0.0295200347900391 0.0175933837890625 -0.1124267578125
-0.00864028930664062 -0.0293903350830078 -0.0286941528320313 -0.113899230957031
-0.0355148315429687 -0.0193405151367188 -0.0613021850585938 -0.082916259765625
-0.0435409545898438 -0.0198860168457031 -0.0489730834960937 -0.0525627136230469
-0.058929443359375 -0.0144615173339844 -0.0436897277832031 -0.0269775390625
-0.0535430908203125 -0.03411865234375 -0.0368270874023438 -0.00440216064453125
-0.0429153442382813 -0.0607490539550781 -0.0409507751464844 0.0166816711425781
-0.0258255004882812 -0.0785675048828125 -0.0623092651367188 0.0161666870117187
0.028533935546875 -0.0913467407226563 -0.062469482421875 -0.00156402587890626
0.048583984375 -0.0930557250976563 -0.05828857421875 0.01580810546875
0.09716796875 -0.0989227294921875 -0.0195903778076172 0.0276260375976562
0.132423400878906 -0.0573959350585938 -0.0926437377929688 -0.0993881225585937
0.0883026123046875 -0.0355758666992188 0.00293731689453125 -0.05438232421875
0.0784988403320313 -0.0609130859375 0.0699615478515625 -0.0750045776367188
0.0420074462890625 -0.0604782104492188 0.0519638061523438 -0.109817504882813
0.0224037170410156 -0.0695457458496094 0.0219345092773437 -0.107742309570313
-0.0175704956054688 -0.0617561340332031 -0.0232162475585937 -0.100776672363281
-0.0509719848632813 -0.0450973510742188 -0.04339599609375 -0.0702972412109375
-0.0554122924804688 -0.04583740234375 -0.0265617370605469 -0.0436210632324219
-0.0717697143554688 -0.0367050170898438 -0.0214061737060547 -0.0204887390136719
-0.0583229064941406 -0.0523109436035156 -0.0174474716186523 0.00718402862548828
-0.0422210693359375 -0.0819854736328125 -0.0289974212646484 0.0255870819091797
-0.0181350708007813 -0.0991439819335937 -0.0583648681640625 0.0177383422851562
0.0543365478515625 -0.104736328125 -0.058258056640625 -0.0136146545410156
0.0804443359375 -0.0918121337890625 -0.0406341552734375 -0.0160179138183594
0.128730773925781 -0.0814743041992187 0.023345947265625 -0.000463485717773442
0.151046752929687 -0.02880859375 -0.0402679443359375 -0.112953186035156
0.123626708984375 -0.0242996215820312 0.0391502380371094 -0.069915771484375
0.117660522460938 -0.0758438110351563 0.0869064331054688 -0.0796890258789063
0.06024169921875 -0.0903472900390625 0.0589523315429688 -0.104537963867187
0.0272750854492188 -0.0980453491210938 0.029052734375 -0.0914077758789062
-0.0248489379882813 -0.0844345092773438 -0.0103759765625 -0.0762252807617188
-0.0595817565917969 -0.0621757507324219 -0.0182723999023438 -0.0509262084960938
-0.0584831237792969 -0.0629005432128906 -0.000146865844726564 -0.0288276672363281
-0.0735092163085938 -0.05517578125 0.00293636322021484 -0.00787734985351563
-0.0518989562988281 -0.0652923583984375 -7.62939453125337E-06 0.0225982666015625
-0.0312957763671875 -0.0924224853515625 -0.0182723999023438 0.0363273620605469
-0.00154876708984375 -0.106353759765625 -0.0522956848144531 0.0193557739257813
0.0799331665039063 -0.0997314453125 -0.051666259765625 -0.021759033203125
0.105010986328125 -0.0731735229492188 -0.0209579467773437 -0.0423965454101563
0.143356323242188 -0.0489349365234375 0.0693283081054688 -0.0206260681152344
0.141830444335938 0.0019073486328125 0.0108718872070313 -0.117698669433594
0.133331298828125 -0.00711822509765625 0.0716400146484375 -0.083465576171875
0.1328125 -0.0727386474609375 0.0920333862304688 -0.07891845703125
0.0672988891601563 -0.099151611328125 0.0614471435546875 -0.08856201171875
0.0279006958007813 -0.104812622070313 0.0358734130859375 -0.0654296875
-0.0261077880859375 -0.0904083251953125 0.00820159912109375 -0.0467376708984375
-0.0578994750976563 -0.0695838928222656 0.00992393493652344 -0.0282268524169922
-0.0536727905273437 -0.0712814331054688 0.0252685546875 -0.00965881347656251
-0.0649986267089844 -0.0667381286621094 0.0255222320556641 0.0114688873291016
-0.0379791259765625 -0.0724945068359375 0.0134696960449219 0.0431861877441406
-0.0119247436523437 -0.0942764282226563 -0.0112876892089844 0.0492630004882812
0.0198440551757812 -0.100982666015625 -0.0459709167480469 0.0236358642578125
0.100486755371094 -0.0792999267578125 -0.0422172546386719 -0.0235862731933594
0.121566772460938 -0.0411605834960938 0.00302505493164063 -0.0563621520996094
0.139869689941406 -0.00762939453125 0.112022399902344 -0.0278167724609375
0.108840942382813 0.0312347412109375 0.0501556396484375 -0.115562438964844
0.116981506347656 0.0127029418945313 0.0907363891601563 -0.0911483764648438
0.119949340820312 -0.053924560546875 0.08685302734375 -0.0713424682617188
0.0599899291992187 -0.08294677734375 0.0611419677734375 -0.0662345886230469
0.0273895263671875 -0.0870285034179687 0.0422554016113281 -0.0377845764160156
-0.0187454223632812 -0.0787277221679687 0.0280551910400391 -0.0198459625244141
-0.0457534790039063 -0.0645294189453125 0.0368232727050781 -0.00670623779296875
-0.0410614013671875 -0.067962646484375 0.0461883544921875 0.00952529907226562
-0.0492515563964844 -0.068511962890625 0.043487548828125 0.0350303649902344
-0.0224418640136719 -0.0697784423828125 0.021484375 0.0670585632324219
0.00480651855468749 -0.0855712890625 -0.00971221923828125 0.06500244140625
0.036346435546875 -0.08587646484375 -0.0391082763671875 0.0311622619628906
0.109283447265625 -0.0519638061523438 -0.0297412872314453 -0.016571044921875
0.122840881347656 -0.00325775146484375 0.028350830078125 -0.0528450012207031
0.117317199707031 0.03387451171875 0.1478271484375 -0.01776123046875
0.0600318908691406 0.0575485229492188 0.0700912475585938 -0.104568481445313
0.0806198120117188 0.0343780517578125 0.0956497192382813 -0.0889739990234375
0.086212158203125 -0.0197296142578125 0.076080322265625 -0.0558700561523438
0.0445823669433594 -0.0468635559082031 0.0597152709960937 -0.0433197021484375
0.0265769958496094 -0.0507545471191406 0.0468864440917969 -0.0160789489746094
-0.002716064453125 -0.0539016723632813 0.0436325073242188 -0.000804901123046878
-0.0245437622070313 -0.0518569946289063 0.0565643310546875 0.009735107421875
-0.0233497619628906 -0.0548667907714844 0.0602645874023438 0.0276832580566406
-0.0306854248046875 -0.0586013793945312 0.055633544921875 0.0569801330566406
-0.0114097595214844 -0.0564804077148437 0.0243682861328125 0.0886764526367187
0.0112838745117187 -0.0683708190917969 -0.00996398925781249 0.0807342529296875
0.0391502380371094 -0.0661239624023438 -0.0334129333496094 0.0434799194335937
0.100502014160156 -0.0265579223632812 -0.0193443298339844 0.000923156738281245
0.104621887207031 0.0275726318359375 0.0477104187011719 -0.0330963134765625
0.0779342651367188 0.0661468505859375 0.170547485351562 0.0059051513671875
-0.0265655517578125 -0.0869827270507813 -0.175918579101562 -0.0110626220703125
-0.0664253234863281 -0.0245437622070313 -0.05841064453125 0.0141754150390625
-0.0657196044921875 0.0233573913574219 0.0213794708251953 -0.0254993438720703
-0.0281219482421875 0.0496253967285156 0.0363006591796875 -0.0710296630859375
-0.00632476806640625 0.0414543151855469 0.0151824951171875 -0.0994644165039063
0.00877952575683594 0.0344753265380859 -0.0312728881835937 -0.111076354980469
0.00677299499511719 0.032440185546875 -0.0757904052734375 -0.0764999389648437
-0.00292778015136719 0.0337772369384766 -0.073394775390625 -0.0445480346679688
-0.00577163696289062 0.0322380065917969 -0.0661849975585938 -0.0197639465332031
-0.01666259765625 0.0177364349365234 -0.0599861145019531 -0.00990676879882813
-0.0234260559082031 0.0107269287109375 -0.0571708679199219 0.0121192932128906
-0.0349006652832031 0.00554847717285156 -0.064727783203125 0.0277786254882812
-0.0445365905761719 -0.0243301391601563 -0.0763931274414063 0.0339126586914062
-0.0386810302734375 -0.0534286499023438 -0.0903778076171875 0.0771102905273438
-0.0104522705078125 -0.0889053344726563 -0.0751571655273437 0.0872955322265625
0.0333404541015625 -0.0905075073242188 -0.168701171875 -0.04278564453125
-0.0189094543457031 -0.0356941223144531 -0.0523033142089844 -0.0111122131347656
-0.0240287780761719 -0.00289535522460937 0.0298423767089844 -0.0487136840820313
-0.0066070556640625 0.0201034545898438 0.03521728515625 -0.0898361206054687
0.00450658798217773 0.00838756561279297 0.0138015747070313 -0.109405517578125
0.00105738639831543 0.0030825138092041 -0.0338592529296875 -0.118377685546875
-0.0151834487915039 0.007354736328125 -0.0756072998046875 -0.0843658447265625
-0.0252361297607422 0.00727272033691406 -0.0686454772949219 -0.05145263671875
-0.0351791381835938 0.00939559936523437 -0.0630073547363281 -0.0252227783203125
-0.038482666015625 -0.0103836059570313 -0.0547370910644531 -0.00934982299804687
-0.0348434448242188 -0.0300693511962891 -0.0538330078125 0.0128631591796875
-0.0299644470214844 -0.0422744750976562 -0.0675621032714844 0.0209159851074219
-0.00469589233398438 -0.0628852844238281 -0.0707550048828125 0.0153884887695312
0.00742340087890625 -0.07867431640625 -0.0772781372070313 0.0510025024414062
0.0466232299804687 -0.103179931640625 -0.0559844970703125 0.0604629516601562
0.089935302734375 -0.0820083618164063 -0.142898559570313 -0.0714111328125
0.0366744995117188 -0.0400772094726563 -0.0313129425048828 -0.0331077575683594
0.0277462005615234 -0.0332660675048828 0.048431396484375 -0.0667152404785156
0.0189151763916016 -0.0192890167236328 0.0404815673828125 -0.106094360351562
0.0151710510253906 -0.0313472747802734 0.0146255493164062 -0.115089416503906
-0.00827789306640625 -0.0319137573242188 -0.0338973999023438 -0.115615844726563
-0.03619384765625 -0.0203781127929687 -0.0662612915039062 -0.0817642211914063
-0.0442848205566406 -0.0205421447753906 -0.0534019470214844 -0.0512275695800781
-0.0600357055664063 -0.014190673828125 -0.0471153259277344 -0.0245933532714844
-0.0551910400390625 -0.0340499877929687 -0.03985595703125 -0.00204086303710938
-0.0446739196777344 -0.0615081787109375 -0.0434341430664063 0.0204582214355469
-0.0280075073242187 -0.0791854858398438 -0.0663070678710938 0.0204315185546875
0.0264663696289063 -0.0935134887695313 -0.0676345825195313 0.000896453857421883
0.0465240478515625 -0.0944061279296875 -0.0620269775390625 0.0184745788574219
0.0948104858398438 -0.104286193847656 -0.0212783813476563 0.0288505554199219
0.133079528808594 -0.0625534057617187 -0.100013732910156 -0.0937881469726562
0.090484619140625 -0.0381317138671875 0.00128173828125001 -0.0518264770507813
0.079803466796875 -0.0640869140625 0.0699920654296875 -0.0794219970703125
0.0425567626953125 -0.0626792907714844 0.049468994140625 -0.113571166992188
0.0217971801757813 -0.0732498168945313 0.0186080932617188 -0.110527038574219
-0.01971435546875 -0.0637397766113281 -0.0276718139648438 -0.101249694824219
-0.0532493591308594 -0.0449485778808594 -0.0484390258789063 -0.0695686340332031
-0.0581321716308594 -0.0452232360839844 -0.0299034118652344 -0.0434608459472656
-0.074371337890625 -0.0362701416015625 -0.0240631103515625 -0.0184364318847656
-0.0607147216796875 -0.0524330139160156 -0.0198726654052734 0.00954055786132812
-0.0454483032226563 -0.0825042724609375 -0.0308895111083984 0.0296096801757813
-0.0217132568359375 -0.101211547851563 -0.0626716613769531 0.0222244262695313
0.0533065795898437 -0.109077453613281 -0.0637626647949219 -0.0113334655761719
0.0789794921875 -0.0955810546875 -0.0453567504882813 -0.0142250061035156
0.128524780273437 -0.088409423828125 0.0213699340820313 -0.00193214416503907
0.15380859375 -0.0357818603515625 -0.0469284057617187 -0.109382629394531
0.127410888671875 -0.0286483764648437 0.0379753112792969 -0.068939208984375
0.1185302734375 -0.0833663940429687 0.086090087890625 -0.0852584838867188
0.0597763061523438 -0.094635009765625 0.056304931640625 -0.108428955078125
0.0243453979492187 -0.102470397949219 0.0264968872070313 -0.0937423706054688
-0.0281219482421875 -0.0862579345703125 -0.0133514404296875 -0.0763778686523438
-0.0627174377441406 -0.0615463256835938 -0.0215988159179688 -0.0505943298339844
-0.0631370544433594 -0.0631332397460937 -0.00254440307617188 -0.0290374755859375
-0.0771636962890625 -0.0543136596679688 0.00192785263061523 -0.00562143325805664
-0.0549468994140625 -0.06597900390625 -0.000211715698242191 0.0257701873779297
-0.0343704223632812 -0.0943069458007812 -0.0188026428222656 0.0409927368164062
-0.00532531738281251 -0.108741760253906 -0.0565643310546875 0.0247840881347656
0.0784683227539063 -0.105979919433594 -0.0577583312988281 -0.01934814453125
0.106269836425781 -0.078948974609375 -0.0257987976074219 -0.0421791076660156
0.145675659179688 -0.056365966796875 0.0675888061523438 -0.0242271423339844
0.147171020507813 -0.004974365234375 0.00504302978515626 -0.116714477539063
0.138641357421875 -0.01300048828125 0.070068359375 -0.0844802856445313
0.133514404296875 -0.0827484130859375 0.09149169921875 -0.0848770141601563
0.0650405883789062 -0.104202270507813 0.059814453125 -0.0925521850585938
0.0240097045898437 -0.109367370605469 0.0343399047851562 -0.0676841735839844
-0.0304641723632813 -0.091278076171875 0.00699615478515625 -0.04644775390625
-0.0620155334472656 -0.0682601928710937 0.00904464721679687 -0.0276622772216797
-0.0584869384765625 -0.070709228515625 0.0244464874267578 -0.0104293823242188
-0.0693511962890625 -0.0650863647460938 0.0265026092529297 0.0128536224365234
-0.041046142578125 -0.072967529296875 0.0152511596679687 0.0465507507324219
-0.0159912109375 -0.0955657958984375 -0.0112724304199219 0.0545005798339844
0.0158615112304688 -0.104621887207031 -0.0495109558105469 0.0286979675292969
0.100723266601563 -0.086822509765625 -0.0476264953613281 -0.0215911865234375
0.123687744140625 -0.0470352172851563 -0.00208282470703124 -0.0573844909667969
0.1448974609375 -0.0142059326171875 0.11175537109375 -0.0329132080078125
0.115562438964844 0.0256881713867187 0.0455398559570313 -0.115951538085938
0.122688293457031 0.00696563720703125 0.0897293090820313 -0.0932769775390625
0.120620727539063 -0.06268310546875 0.086822509765625 -0.0760650634765625
0.0576019287109375 -0.0880889892578125 0.0597991943359375 -0.0690956115722656
0.0229263305664062 -0.0908737182617188 0.0424003601074219 -0.0398292541503906
-0.0231399536132813 -0.0788803100585938 0.0278606414794922 -0.01934814453125
-0.0496864318847656 -0.0632286071777344 0.0373573303222656 -0.007354736328125
-0.0455322265625 -0.0669517517089844 0.0472526550292969 0.0089263916015625
-0.0541572570800781 -0.0661697387695313 0.0457992553710938 0.0355949401855469
-0.0254592895507812 -0.0696449279785156 0.0244674682617188 0.0703277587890625
0.000427246093749996 -0.0871047973632812 -0.00873565673828125 0.0692253112792969
0.0327606201171875 -0.0898361206054688 -0.0423088073730469 0.0358619689941406
0.110328674316406 -0.05914306640625 -0.0343074798583984 -0.0147323608398438
0.126434326171875 -0.0103073120117187 0.0241165161132813 -0.0548439025878906
0.123748779296875 0.0288772583007813 0.14990234375 -0.0250244140625
0.0657882690429687 0.0549163818359375 0.067535400390625 -0.106491088867188
0.0853424072265625 0.0295562744140625 0.0945587158203125 -0.0923080444335937
0.086883544921875 -0.027099609375 0.0769424438476563 -0.0592880249023437
0.0423583984375 -0.0504684448242188 0.0608596801757813 -0.0459747314453125
0.0232009887695313 -0.0531578063964844 0.0484504699707031 -0.0183792114257813
-0.00638198852539062 -0.0542449951171875 0.0450935363769531 -0.001312255859375
-0.0272636413574219 -0.0491371154785156 0.0588722229003906 0.00824737548828125
-0.0272445678710937 -0.0538139343261719 0.0624504089355469 0.0259971618652344
-0.0347137451171875 -0.0567207336425781 0.0597648620605469 0.0576591491699219
-0.0146026611328125 -0.0565299987792969 0.0285415649414063 0.092620849609375
0.00777053833007813 -0.0688743591308594 -0.0087127685546875 0.0845108032226563
0.036102294921875 -0.0697021484375 -0.0350990295410156 0.0476875305175781
0.101219177246094 -0.0338363647460938 -0.0229530334472656 0.00230789184570313
0.108612060546875 0.022125244140625 0.0455780029296875 -0.0364036560058594
0.0845947265625 0.0630416870117187 0.174468994140625 -0.0016021728515625
-0.03271484375 -0.0822219848632813 -0.175857543945313 -0.0015869140625
-0.0666427612304688 -0.0192146301269531 -0.0564117431640625 0.0167503356933594
-0.06195068359375 0.0285797119140625 0.0216045379638672 -0.0260295867919922
-0.0228233337402344 0.051025390625 0.0347137451171875 -0.0726089477539063
-0.00213241577148438 0.04095458984375 0.0121688842773438 -0.10076904296875
0.0112991333007812 0.0311565399169922 -0.0361709594726562 -0.111457824707031
0.00801467895507813 0.0293254852294922 -0.0790557861328125 -0.0737838745117187
-0.000761032104492188 0.0320835113525391 -0.0756149291992187 -0.041473388671875
-0.0039520263671875 0.0310344696044922 -0.0684394836425781 -0.0162086486816406
-0.0155696868896484 0.0167741775512695 -0.0615768432617187 -0.00752639770507813
-0.0214004516601562 0.0104084014892578 -0.0579147338867188 0.0149497985839844
-0.0328712463378906 0.00779151916503906 -0.0653648376464844 0.0305290222167969
-0.0446891784667969 -0.01922607421875 -0.077362060546875 0.0356521606445312
-0.0410614013671875 -0.048980712890625 -0.0881500244140625 0.0800094604492188
-0.0166015625 -0.086212158203125 -0.0726470947265625 0.0889205932617188
0.02764892578125 -0.0892105102539063 -0.170684814453125 -0.0325164794921875
-0.0196590423583984 -0.0316047668457031 -0.0513153076171875 -0.00772094726562501
-0.0218601226806641 0.000848770141601565 0.0286674499511719 -0.0488357543945313
-0.00235176086425781 0.0209598541259766 0.0321884155273438 -0.0912704467773438
0.00768852233886719 0.00734138488769531 0.00998687744140624 -0.110298156738281
0.00279045104980469 0.00082087516784668 -0.0385971069335938 -0.117561340332031
-0.0145463943481445 0.00532150268554688 -0.0794525146484375 -0.0816421508789063
-0.0244960784912109 0.00642585754394532 -0.0715255737304688 -0.0477294921875
-0.0345306396484375 0.00932502746582031 -0.0652542114257813 -0.0210380554199219
-0.0382499694824219 -0.01025390625 -0.0571556091308594 -0.00616836547851561
-0.0347976684570313 -0.0293693542480469 -0.0551795959472656 0.0166816711425781
-0.0300559997558594 -0.0404853820800781 -0.0690269470214844 0.0252265930175781
-0.00618743896484375 -0.060638427734375 -0.0734405517578125 0.017974853515625
0.00414276123046875 -0.0762939453125 -0.0770034790039062 0.054168701171875
0.0408248901367188 -0.103057861328125 -0.0549888610839844 0.0619850158691406
0.0847549438476563 -0.0838394165039063 -0.146011352539063 -0.0616607666015625
0.03631591796875 -0.0389556884765625 -0.0314254760742188 -0.0294837951660156
0.0281772613525391 -0.0327053070068359 0.0461387634277344 -0.0681037902832031
0.0213184356689453 -0.0197296142578125 0.0367813110351562 -0.107307434082031
0.0163822174072266 -0.0331401824951172 0.0102767944335938 -0.115333557128906
-0.00843238830566406 -0.0335178375244141 -0.0381698608398437 -0.113487243652344
-0.0364227294921875 -0.0211067199707031 -0.0701828002929688 -0.0785751342773438
-0.0454597473144531 -0.0203056335449219 -0.0564498901367188 -0.0479278564453125
-0.0602607727050781 -0.0130386352539063 -0.0497055053710938 -0.0213394165039062
-0.0558547973632813 -0.0336799621582031 -0.0414314270019531 0.000904083251953116
-0.0460548400878906 -0.0607452392578125 -0.0449142456054687 0.0242080688476563
-0.0298233032226562 -0.0776443481445313 -0.0683708190917969 0.0252761840820312
0.0240631103515625 -0.0938796997070313 -0.0704269409179688 0.00336456298828125
0.0433578491210937 -0.0945205688476563 -0.0634346008300781 0.0218162536621094
0.0896148681640625 -0.10687255859375 -0.0224819183349609 0.0289363861083984
0.1302490234375 -0.0675888061523438 -0.104270935058594 -0.085357666015625
0.0900726318359375 -0.0392379760742188 -3.05175781249947E-05 -0.0484390258789063
0.078826904296875 -0.0669021606445313 0.0671234130859375 -0.0816421508789063
0.0426254272460938 -0.0638313293457031 0.0448532104492187 -0.114990234375
0.0198745727539063 -0.074188232421875 0.0147018432617187 -0.110870361328125
-0.0213356018066406 -0.0644416809082031 -0.031982421875 -0.0987396240234375
-0.0546379089355469 -0.0440597534179688 -0.0519180297851563 -0.0661849975585937
-0.0604782104492188 -0.0440826416015625 -0.0327301025390625 -0.0408134460449219
-0.0759811401367188 -0.0333709716796875 -0.0264186859130859 -0.0158920288085938
-0.0622787475585938 -0.0516548156738281 -0.0202541351318359 0.0126209259033203
-0.0480804443359375 -0.0818862915039063 -0.0310878753662109 0.0335330963134766
-0.0249481201171875 -0.100059509277344 -0.0639686584472656 0.0278053283691406
0.0495834350585938 -0.11114501953125 -0.067779541015625 -0.00800704956054688
0.0764083862304688 -0.0976409912109375 -0.0493354797363281 -0.0118637084960938
0.124969482421875 -0.0936508178710937 0.0190620422363281 -0.00327873229980469
0.153335571289063 -0.0419158935546875 -0.0525436401367187 -0.102981567382813
0.128044128417969 -0.0330276489257813 0.0360374450683594 -0.0672187805175781
0.115913391113281 -0.0885391235351563 0.0823516845703125 -0.088623046875
0.0572586059570313 -0.0972900390625 0.0523300170898438 -0.110458374023438
0.0203857421875 -0.104179382324219 0.0224456787109375 -0.0944290161132813
-0.0313034057617187 -0.0856170654296875 -0.0159378051757813 -0.0740127563476563
-0.0648422241210937 -0.059539794921875 -0.0242919921875 -0.0475578308105469
-0.0657501220703125 -0.06085205078125 -0.00514411926269532 -0.0275115966796875
-0.079559326171875 -0.0507659912109375 0.00105810165405273 -0.00360441207885742
-0.0568656921386719 -0.0647125244140625 0.000476837158203122 0.0280380249023437
-0.0375289916992187 -0.0933837890625 -0.0189247131347656 0.0445365905761719
-0.0104141235351563 -0.109077453613281 -0.0578689575195313 0.0304336547851562
0.0754623413085938 -0.109886169433594 -0.0619239807128906 -0.0156784057617188
0.10369873046875 -0.0828475952148438 -0.03076171875 -0.0401725769042969
0.14508056640625 -0.06280517578125 0.0640602111816406 -0.0274391174316406
0.148666381835938 -0.0119476318359375 -0.000228881835937492 -0.112281799316406
0.13970947265625 -0.0190277099609375 0.0671005249023438 -0.0839004516601563
0.130645751953125 -0.0898971557617187 0.0877914428710938 -0.0882339477539063
0.0606307983398437 -0.107925415039063 0.055877685546875 -0.0944747924804688
0.0186080932617188 -0.111228942871094 0.0317955017089844 -0.06842041015625
-0.0340347290039063 -0.0902938842773438 0.00520706176757812 -0.0452499389648438
-0.0642852783203125 -0.0652999877929687 0.00706863403320312 -0.0267200469970703
-0.062164306640625 -0.0680580139160156 0.0228595733642578 -0.0106086730957031
-0.0722503662109375 -0.0608139038085938 0.0265693664550781 0.0136318206787109
-0.0436325073242187 -0.0711822509765625 0.0167465209960937 0.0485420227050781
-0.0200271606445313 -0.0949325561523438 -0.0102920532226563 0.057830810546875
0.0110015869140625 -0.105430603027344 -0.0509414672851563 0.0340042114257812
0.09747314453125 -0.0923080444335938 -0.0517807006835937 -0.0186729431152344
0.122703552246094 -0.0526123046875 -0.00764083862304687 -0.05657958984375
0.146011352539062 -0.0212860107421875 0.109222412109375 -0.0384597778320313
0.118354797363281 0.0188369750976563 0.0403518676757813 -0.113990783691406
0.124656677246094 0.00043487548828125 0.0865097045898438 -0.0940933227539063
0.117660522460938 -0.070831298828125 0.08428955078125 -0.0789566040039063
0.0535354614257813 -0.0915603637695313 0.0575485229492187 -0.07110595703125
0.0168914794921875 -0.092498779296875 0.040802001953125 -0.0415077209472656
-0.0271072387695313 -0.07757568359375 0.0285205841064453 -0.0188503265380859
-0.0517044067382812 -0.0597152709960938 0.0370445251464844 -0.00799179077148438
-0.0492134094238281 -0.064788818359375 0.046478271484375 0.00718307495117187
-0.0571174621582031 -0.0629119873046875 0.0472793579101562 0.03564453125
-0.02825927734375 -0.068115234375 0.027496337890625 0.071563720703125
-0.00362396240234375 -0.0859909057617188 -0.00723266601562499 0.0732345581054687
0.0276565551757813 -0.0913009643554688 -0.0430679321289062 0.0401229858398437
0.107650756835937 -0.0660476684570312 -0.037322998046875 -0.0126266479492188
0.126167297363281 -0.0171356201171875 0.0190620422363281 -0.0552635192871094
0.126838684082031 0.0218429565429687 0.14691162109375 -0.031646728515625
0.0705184936523438 0.0495376586914063 0.063201904296875 -0.106475830078125
0.0879669189453125 0.0232086181640625 0.091949462890625 -0.0938262939453125
0.085052490234375 -0.0343399047851563 0.0753707885742188 -0.062286376953125
0.038360595703125 -0.0528450012207031 0.0601005554199219 -0.0481491088867188
0.0188331604003906 -0.0544509887695312 0.0489654541015625 -0.0202255249023438
-0.009490966796875 -0.052520751953125 0.0465087890625 -0.00218963623046875
-0.0294380187988281 -0.0464057922363281 0.0589561462402344 0.00613021850585937
-0.0300865173339844 -0.0511932373046875 0.0632057189941406 0.0237922668457031
-0.0374298095703125 -0.0534744262695312 0.0626754760742188 0.0558547973632812
-0.0170402526855469 -0.0540771484375 0.0326690673828125 0.0927886962890625
0.00291061401367188 -0.0680999755859375 -0.00589752197265625 0.0871810913085938
0.0308151245117188 -0.070770263671875 -0.0349617004394531 0.0506706237792969
0.0984268188476562 -0.040679931640625 -0.0248355865478516 0.00358390808105468
0.109771728515625 0.01446533203125 0.0414619445800781 -0.0384101867675781
0.089263916015625 0.0570526123046875 0.172866821289063 -0.0095977783203125
-0.0359954833984375 -0.0774383544921875 -0.17279052734375 0.00318908691406246
-0.0653800964355469 -0.0156822204589844 -0.0534706115722656 0.0179634094238281
-0.0582351684570313 0.0312080383300781 0.0224418640136719 -0.0258636474609375
-0.0186843872070312 0.0509681701660156 0.0339508056640625 -0.072845458984375
0.00106048583984375 0.03887939453125 0.011077880859375 -0.100738525390625
0.0116462707519531 0.0283393859863281 -0.0377120971679687 -0.111099243164062
0.0081787109375 0.0270233154296875 -0.0809173583984375 -0.0719985961914063
0.000392913818359376 0.0301551818847656 -0.075897216796875 -0.0389633178710938
-0.002899169921875 0.0294342041015625 -0.0690841674804688 -0.0143318176269531
-0.0141429901123047 0.0155134201049805 -0.0624809265136719 -0.00576019287109374
-0.0196418762207031 0.00968170166015625 -0.058197021484375 0.0169715881347656
-0.029876708984375 0.00961685180664063 -0.065704345703125 0.031646728515625
-0.0438995361328125 -0.01593017578125 -0.0780105590820312 0.035919189453125
-0.0418624877929688 -0.04510498046875 -0.0864639282226562 0.0799331665039063
-0.020294189453125 -0.0824737548828125 -0.071441650390625 0.0878372192382813
0.022796630859375 -0.0849533081054688 -0.168380737304688 -0.0262451171875
-0.0188999176025391 -0.0284290313720703 -0.0493202209472656 -0.00582122802734375
-0.0185356140136719 0.00325202941894531 0.0285530090332031 -0.0483818054199219
0.00197982788085937 0.0209999084472656 0.0312271118164063 -0.0903854370117187
0.0105934143066406 0.00576686859130859 0.00930786132812499 -0.109451293945313
0.00332427024841309 -0.00214791297912598 -0.0407638549804688 -0.116203308105469
-0.0143032073974609 0.00354290008544922 -0.0809173583984375 -0.0782012939453125
-0.0240993499755859 0.00523757934570313 -0.0722732543945313 -0.0450668334960938
-0.0333251953125 0.00834274291992187 -0.0657920837402344 -0.0182723999023437
-0.0374908447265625 -0.0113334655761719 -0.0581016540527344 -0.00382614135742189
-0.0337657928466797 -0.0297088623046875 -0.0552864074707031 0.0190391540527344
-0.0288963317871094 -0.0390396118164063 -0.0694541931152344 0.0272865295410156
-0.00608444213867188 -0.0581626892089844 -0.0751266479492188 0.0186386108398437
0.00313568115234375 -0.0736160278320313 -0.0769882202148437 0.0550918579101563
0.0367202758789063 -0.10089111328125 -0.0546340942382813 0.0613632202148437
0.0814285278320313 -0.0820083618164063 -0.145751953125 -0.054229736328125
0.036529541015625 -0.0359115600585938 -0.0298233032226562 -0.0266170501708984
0.0294284820556641 -0.0311508178710938 0.0449142456054688 -0.0677490234375
0.0237636566162109 -0.0192985534667969 0.0349197387695313 -0.106414794921875
0.0172119140625 -0.0344562530517578 0.00896453857421876 -0.113533020019531
-0.00835990905761719 -0.0350246429443359 -0.04022216796875 -0.111442565917969
-0.0360336303710938 -0.0219917297363281 -0.071746826171875 -0.0751495361328125
-0.0454063415527344 -0.0205650329589844 -0.0576133728027344 -0.0455398559570312
-0.0594978332519531 -0.0127677917480469 -0.0504341125488281 -0.0185928344726562
-0.0546493530273438 -0.0332756042480469 -0.0422286987304688 0.00344085693359375
-0.0457572937011719 -0.0603599548339844 -0.0454864501953125 0.0267372131347656
-0.0301055908203125 -0.07568359375 -0.0696258544921875 0.0283164978027344
0.0228805541992188 -0.0924148559570313 -0.0731735229492188 0.00530242919921874
0.041534423828125 -0.092742919921875 -0.0650291442871094 0.0232810974121094
0.0856094360351562 -0.107070922851562 -0.0235385894775391 0.029083251953125
0.126823425292969 -0.0678634643554688 -0.105171203613281 -0.0772705078125
0.0897216796875 -0.03936767578125 0.000568389892578132 -0.0451431274414063
0.077484130859375 -0.0661392211914063 0.0649566650390625 -0.0812301635742188
0.0434226989746094 -0.063507080078125 0.0424041748046875 -0.114341735839844
0.01983642578125 -0.0747604370117188 0.01251220703125 -0.108924865722656
-0.0215797424316406 -0.0649452209472656 -0.0323715209960938 -0.0961837768554688
-0.0549125671386719 -0.0439910888671875 -0.0528984069824219 -0.0627365112304688
-0.0601081848144531 -0.0436515808105469 -0.0344085693359375 -0.0382843017578125
-0.0755081176757813 -0.0320358276367188 -0.0263576507568359 -0.0130348205566406
-0.0621261596679688 -0.05059814453125 -0.0208988189697266 0.0146312713623047
-0.0481033325195313 -0.0805740356445312 -0.0312652587890625 0.03619384765625
-0.0259628295898438 -0.0983505249023438 -0.0652236938476563 0.0316734313964844
0.0477981567382812 -0.111160278320313 -0.0706939697265625 -0.0054473876953125
0.0741806030273438 -0.0969619750976563 -0.0514030456542969 -0.00997543334960938
0.121681213378906 -0.094818115234375 0.0164413452148438 -0.00319385528564454
0.150863647460937 -0.0449676513671875 -0.054412841796875 -0.095062255859375
0.127349853515625 -0.0347824096679688 0.0351638793945313 -0.0636062622070313
0.113792419433594 -0.0903472900390625 0.0788497924804688 -0.088592529296875
0.0557174682617187 -0.0973052978515625 0.049652099609375 -0.109283447265625
0.0183486938476563 -0.10394287109375 0.020660400390625 -0.0926589965820313
-0.0319366455078125 -0.0844497680664063 -0.0166091918945313 -0.07159423828125
-0.0648612976074219 -0.0575523376464844 -0.0253677368164063 -0.0450630187988281
-0.0663414001464844 -0.0595207214355469 -0.00660896301269532 -0.0258769989013672
-0.07940673828125 -0.0487213134765625 0.000361204147338862 -0.00194787979125977
-0.0568962097167969 -0.0634384155273437 0.000885009765624995 0.0297870635986328
-0.03863525390625 -0.0920944213867188 -0.018707275390625 0.0471687316894531
-0.0116729736328125 -0.1075439453125 -0.0588035583496094 0.0341262817382812
0.0733566284179688 -0.111320495605469 -0.0647430419921875 -0.0134315490722656
0.101966857910156 -0.08355712890625 -0.0347824096679687 -0.0377388000488281
0.143112182617188 -0.0655517578125 0.0612030029296875 -0.0287017822265625
0.147430419921875 -0.016448974609375 -0.00305175781249998 -0.105995178222656
0.139472961425781 -0.0223617553710938 0.066070556640625 -0.08099365234375
0.127006530761719 -0.0929641723632812 0.084686279296875 -0.0885238647460938
0.058319091796875 -0.108283996582031 0.05364990234375 -0.0930709838867188
0.015777587890625 -0.110496520996094 0.0303726196289063 -0.06756591796875
-0.0358352661132813 -0.0882568359375 0.0053558349609375 -0.0431365966796875
-0.0647697448730469 -0.0625686645507813 0.00645637512207031 -0.0249252319335938
-0.0630683898925781 -0.0656318664550781 0.0215492248535156 -0.0101356506347656
-0.0728530883789063 -0.0585861206054687 0.0263710021972656 0.0147132873535156
-0.0439987182617187 -0.0698814392089844 0.0176773071289062 0.049957275390625
-0.0215988159179688 -0.093505859375 -0.0100631713867188 0.0601463317871094
0.00887298583984375 -0.104469299316406 -0.0518074035644531 0.0376396179199219
0.09423828125 -0.0945281982421875 -0.0547599792480469 -0.016082763671875
0.120651245117188 -0.0554122924804688 -0.0117454528808594 -0.0545997619628906
0.145263671875 -0.025360107421875 0.104690551757813 -0.040130615234375
0.118759155273438 0.0135879516601563 0.0379409790039063 -0.109230041503906
0.125144958496094 -0.004119873046875 0.0844039916992188 -0.0915756225585938
0.113945007324219 -0.0746917724609375 0.0809860229492188 -0.0791473388671875
0.0495834350585938 -0.0919265747070313 0.0563507080078125 -0.0706710815429688
0.013916015625 -0.0919647216796875 0.0401420593261719 -0.0413017272949219
-0.0286788940429688 -0.075531005859375 0.0288219451904297 -0.0180912017822266
-0.0527305603027344 -0.0566368103027344 0.0367546081542969 -0.00737762451171875
-0.0504608154296875 -0.0616188049316406 0.0459098815917969 0.00680160522460937
-0.0577583312988281 -0.0591888427734375 0.0481834411621094 0.0351409912109375
-0.0292243957519531 -0.0662918090820313 0.0289154052734375 0.072235107421875
-0.0053558349609375 -0.0840682983398438 -0.006591796875 0.0752029418945313
0.0244216918945312 -0.0904464721679688 -0.0437469482421875 0.0432701110839844
0.104545593261719 -0.0691299438476563 -0.0402755737304687 -0.0109062194824219
0.124732971191406 -0.0205459594726563 0.0148963928222656 -0.0548095703125
0.127616882324219 0.0169754028320312 0.143417358398438 -0.0346527099609375
0.0719375610351563 0.0450363159179688 0.0612030029296875 -0.10333251953125
0.0883865356445313 0.0187911987304688 0.0897979736328125 -0.0923843383789063
0.0815887451171875 -0.0377960205078125 0.0739822387695313 -0.0624847412109375
0.0351943969726563 -0.0532989501953125 0.0595474243164063 -0.0487327575683594
0.0162200927734375 -0.0536231994628906 0.0481414794921875 -0.0208244323730469
-0.0113639831542969 -0.0508689880371094 0.0468482971191406 -0.00208663940429688
-0.0298576354980469 -0.0435256958007813 0.0584983825683594 0.00564956665039062
-0.0309944152832031 -0.0480499267578125 0.0628433227539063 0.02227783203125
-0.0383682250976562 -0.0497245788574219 0.0638275146484375 0.0548171997070313
-0.0178947448730469 -0.0521125793457031 0.0348892211914063 0.0929946899414063
0.00106048583984375 -0.0654067993164063 -0.0054168701171875 0.088775634765625
0.0267868041992188 -0.0697135925292969 -0.0354652404785156 0.0529289245605469
0.0948333740234375 -0.0442581176757813 -0.0268516540527344 0.0038909912109375
0.108810424804688 0.010162353515625 0.0378799438476563 -0.0388221740722656
0.0907745361328125 0.0527877807617187 0.1695556640625 -0.014678955078125
-0.0370330810546875 -0.0730972290039063 -0.171859741210937 0.003509521484375
-0.0645561218261719 -0.0134162902832031 -0.0521774291992188 0.0175514221191406
-0.0552597045898437 0.0321388244628906 0.0244255065917969 -0.0250091552734375
-0.0155105590820313 0.0503616333007813 0.0349197387695313 -0.0729293823242188
0.00275039672851562 0.0375556945800781 0.0120010375976563 -0.1007080078125
0.0116710662841797 0.0258026123046875 -0.0381851196289063 -0.112167358398438
0.00754356384277343 0.0254287719726562 -0.0808334350585938 -0.0723800659179687
0.000572204589843753 0.0285549163818359 -0.0759658813476562 -0.0395660400390625
-0.00248146057128906 0.0279960632324219 -0.0691108703613281 -0.0139999389648437
-0.0140562057495117 0.0141077041625977 -0.0632972717285156 -0.00534439086914061
-0.0182361602783203 0.00887680053710938 -0.0591468811035156 0.0173492431640625
-0.0279617309570312 0.00956535339355468 -0.0672492980957031 0.0318641662597656
-0.0426445007324219 -0.0144577026367187 -0.0801544189453125 0.0349578857421875
-0.0410575866699219 -0.0422325134277344 -0.0876846313476562 0.0789871215820313
-0.0215072631835938 -0.0798416137695313 -0.0722427368164063 0.086273193359375
0.0225906372070313 -0.0814590454101563 -0.167694091796875 -0.02459716796875
-0.0174369812011719 -0.0257415771484375 -0.0478096008300781 -0.00465774536132813
-0.016021728515625 0.00460147857666016 0.0296745300292969 -0.0476188659667969
0.00519180297851562 0.0208797454833984 0.0323257446289063 -0.0899429321289063
0.0124664306640625 0.0041961669921875 0.0106964111328125 -0.109199523925781
0.00309276580810547 -0.00413656234741211 -0.0400466918945313 -0.116607666015625
-0.0145759582519531 0.00175762176513672 -0.0810928344726563 -0.0775985717773438
-0.0237216949462891 0.00375556945800781 -0.0724868774414062 -0.0446395874023438
-0.0328922271728516 0.00728607177734375 -0.0664176940917969 -0.0175895690917969
-0.0369071960449219 -0.0124778747558594 -0.0590629577636719 -0.00351715087890624
-0.0327224731445313 -0.0310382843017578 -0.0563583374023438 0.0197257995605469
-0.02685546875 -0.0386314392089844 -0.0717391967773438 0.0282516479492187
-0.00497055053710938 -0.0565643310546875 -0.0777969360351562 0.0180740356445312
0.00389862060546875 -0.0714035034179688 -0.0785369873046875 0.0545578002929687
0.035430908203125 -0.098358154296875 -0.0559806823730469 0.0603256225585938
0.0804901123046875 -0.0789871215820313 -0.144866943359375 -0.050506591796875
0.0380401611328125 -0.0335693359375 -0.0288429260253906 -0.0242881774902344
0.0318870544433594 -0.0294933319091797 0.0449066162109375 -0.0665817260742188
0.0267124176025391 -0.0199337005615234 0.0358123779296875 -0.105369567871094
0.0191154479980469 -0.0355567932128906 0.0107498168945313 -0.112846374511719
-0.00743484497070313 -0.036834716796875 -0.0393142700195313 -0.111053466796875
-0.0359153747558594 -0.0231895446777344 -0.0719757080078125 -0.0741653442382813
-0.0452766418457031 -0.0222625732421875 -0.0582313537597656 -0.0441780090332031
-0.0588264465332031 -0.0138664245605469 -0.0512962341308594 -0.0169906616210937
-0.0546417236328125 -0.0347900390625 -0.0429954528808594 0.0042877197265625
-0.0446548461914063 -0.0613937377929687 -0.0461196899414063 0.0279541015625
-0.0285797119140625 -0.0756149291992188 -0.0712051391601563 0.0300979614257812
0.0243988037109375 -0.0915603637695313 -0.0765457153320313 0.00559997558593751
0.0425643920898438 -0.0907363891601562 -0.0676193237304688 0.0233612060546875
0.0851898193359375 -0.105110168457031 -0.0257778167724609 0.0290107727050781
0.125831604003906 -0.0657806396484375 -0.104484558105469 -0.0726165771484375
0.091278076171875 -0.0366134643554688 0.00191879272460938 -0.0421142578125
0.0791168212890625 -0.0657501220703125 0.0643386840820312 -0.0801544189453125
0.0454597473144531 -0.0637054443359375 0.042755126953125 -0.112983703613281
0.0208740234375 -0.0754852294921875 0.0139846801757813 -0.107826232910156
-0.0207138061523437 -0.0663642883300781 -0.0316085815429687 -0.0951156616210938
-0.0539970397949219 -0.0446662902832031 -0.0530853271484375 -0.0614509582519531
-0.060821533203125 -0.0443572998046875 -0.0351142883300781 -0.0367622375488281
-0.0750579833984375 -0.0325469970703125 -0.0270900726318359 -0.0115756988525391
-0.0613365173339844 -0.05157470703125 -0.0215072631835938 0.0157337188720703
-0.0470657348632813 -0.0818023681640625 -0.0323257446289063 0.0382003784179687
-0.0247039794921875 -0.0986862182617187 -0.0671653747558594 0.0343818664550781
0.0486221313476563 -0.110870361328125 -0.074462890625 -0.00467681884765626
0.0747756958007813 -0.0956649780273437 -0.0541229248046875 -0.00897216796875002
0.122344970703125 -0.0935821533203125 0.0144405364990234 -0.00332927703857422
0.1502685546875 -0.044189453125 -0.0535430908203125 -0.0902252197265625
0.129058837890625 -0.03363037109375 0.0365562438964844 -0.0600814819335938
0.113990783691406 -0.0898284912109375 0.0782318115234375 -0.0869293212890625
0.05743408203125 -0.0971221923828125 0.049468994140625 -0.107879638671875
0.0194015502929688 -0.104148864746094 0.0216140747070312 -0.091461181640625
-0.031494140625 -0.0852508544921875 -0.0152778625488281 -0.0695381164550781
-0.064666748046875 -0.0585403442382813 -0.0253753662109375 -0.0434494018554688
-0.066802978515625 -0.0597991943359375 -0.00754928588867188 -0.0243816375732422
-0.07952880859375 -0.0481491088867188 -0.000171333551406865 -0.000350981950759891
-0.0566368103027344 -0.0648765563964844 0.000331878662109374 0.0320568084716797
-0.0378875732421875 -0.092315673828125 -0.0194549560546875 0.0491180419921875
-0.011138916015625 -0.107772827148437 -0.0608558654785156 0.0365753173828125
0.0736923217773438 -0.111305236816406 -0.0679969787597656 -0.011993408203125
0.102630615234375 -0.0830230712890625 -0.0371513366699219 -0.0368118286132813
0.143173217773438 -0.06524658203125 0.0585594177246094 -0.0281105041503906
0.147918701171875 -0.01708984375 -0.0024261474609375 -0.1011962890625
0.1409912109375 -0.0226287841796875 0.0668716430664063 -0.0774917602539063
0.126747131347656 -0.0942535400390625 0.0843963623046875 -0.0866622924804688
0.0581207275390625 -0.107521057128906 0.0539779663085938 -0.092376708984375
0.0150833129882813 -0.110939025878906 0.0309638977050781 -0.0664520263671875
-0.0355377197265625 -0.08831787109375 0.00656890869140625 -0.0415687561035156
-0.0638923645019531 -0.0620002746582031 0.00646018981933593 -0.0232067108154297
-0.0636253356933594 -0.0656509399414062 0.0208034515380859 -0.008636474609375
-0.0727462768554688 -0.0571517944335938 0.0257244110107422 0.0161819458007812
-0.0434188842773438 -0.0702247619628906 0.0174980163574219 0.0517692565917969
-0.021148681640625 -0.093109130859375 -0.0106277465820313 0.0631980895996094
0.00894927978515625 -0.1038818359375 -0.0535812377929687 0.0397186279296875
0.0945968627929687 -0.095703125 -0.0575103759765625 -0.0152473449707031
0.121200561523437 -0.0554733276367187 -0.0136871337890625 -0.0533027648925781
0.146331787109375 -0.0261383056640625 0.102386474609375 -0.0398788452148438
0.119117736816406 0.0128250122070313 0.038726806640625 -0.10516357421875
0.125450134277344 -0.006195068359375 0.08599853515625 -0.0884323120117188
0.112754821777344 -0.0757217407226562 0.0809783935546875 -0.0778350830078125
0.048797607421875 -0.0920181274414062 0.0565376281738281 -0.0692253112792969
0.0127944946289062 -0.0919342041015625 0.040283203125 -0.0398330688476563
-0.02923583984375 -0.0746307373046875 0.0295810699462891 -0.0166587829589844
-0.052398681640625 -0.0558242797851563 0.03680419921875 -0.00598526000976563
-0.0506744384765625 -0.0610275268554688 0.0448455810546875 0.00838851928710937
-0.0575218200683594 -0.0573959350585938 0.0473823547363281 0.0360679626464844
-0.0287284851074219 -0.0654945373535156 0.028900146484375 0.0742263793945313
-0.00531005859375 -0.08270263671875 -0.00717163085937501 0.077117919921875
0.0232391357421875 -0.0891342163085938 -0.0458488464355469 0.0452537536621094
0.103485107421875 -0.070404052734375 -0.0430717468261719 -0.0103569030761719
0.12420654296875 -0.0219345092773438 0.0123481750488281 -0.0531196594238281
0.128570556640625 0.0156173706054688 0.141006469726563 -0.0345458984375
0.0723037719726563 0.0425262451171875 0.0622406005859375 -0.100250244140625
0.0889053344726563 0.0172882080078125 0.0914993286132813 -0.0892257690429688
0.0801239013671875 -0.03900146484375 0.074737548828125 -0.060943603515625
0.0335121154785156 -0.0536956787109375 0.0603790283203125 -0.0482025146484375
0.0146903991699219 -0.0535774230957031 0.0486602783203125 -0.0205612182617188
-0.0117721557617188 -0.0499153137207031 0.0477790832519531 -0.0014801025390625
-0.0294418334960938 -0.0414695739746094 0.0586395263671875 0.0064239501953125
-0.0318374633789062 -0.0472221374511719 0.0618705749511719 0.0229988098144531
-0.0383186340332031 -0.0478935241699219 0.0633811950683594 0.0552520751953125
-0.0178756713867188 -0.0501785278320312 0.0353546142578125 0.0942916870117188
0.000263214111328132 -0.0637130737304688 -0.006256103515625 0.0904769897460937
0.0253448486328125 -0.0689201354980469 -0.037567138671875 0.0543251037597656
0.0928497314453125 -0.0456008911132813 -0.0288486480712891 0.00423431396484374
0.108039855957031 0.00876617431640625 0.0357894897460938 -0.0380935668945312
0.0913925170898438 0.0501632690429688 0.167282104492187 -0.0146484375
-0.0382003784179688 -0.07171630859375 -0.174789428710938 0.0023651123046875
-0.0645332336425781 -0.0122871398925781 -0.053009033203125 0.0175857543945312
-0.0548171997070313 0.033203125 0.0269660949707031 -0.0248794555664062
-0.0132484436035156 0.0503425598144531 0.0381927490234375 -0.0734481811523437
0.00368118286132813 0.0367965698242188 0.01593017578125 -0.10394287109375
0.0107879638671875 0.0244884490966797 -0.0376052856445313 -0.11614990234375
0.00666427612304688 0.0246372222900391 -0.0818710327148438 -0.0746994018554688
0.00101661682128906 0.0284824371337891 -0.0772323608398437 -0.0408401489257813
-0.00317001342773438 0.0275058746337891 -0.0713119506835937 -0.0149383544921875
-0.0141191482543945 0.0135393142700195 -0.0660514831542969 -0.00616836547851563
-0.0181255340576172 0.00733757019042969 -0.0620613098144531 0.0169944763183594
-0.0262584686279297 0.00972747802734375 -0.0702323913574219 0.0320243835449219
-0.0417938232421875 -0.0128669738769531 -0.08489990234375 0.0342941284179688
-0.0405387878417969 -0.0420951843261719 -0.0919570922851562 0.0781784057617188
-0.0227432250976562 -0.0791702270507813 -0.0768203735351562 0.0857925415039063
0.0231094360351562 -0.079254150390625 -0.170028686523438 -0.024810791015625
-0.0160388946533203 -0.0237751007080078 -0.0482330322265625 -0.00459289550781249
-0.0133962631225586 0.00553989410400391 0.0322227478027344 -0.0470199584960938
0.00839614868164063 0.0202865600585938 0.0353012084960938 -0.090484619140625
0.0142669677734375 0.00291919708251953 0.014251708984375 -0.111679077148438
0.00369977951049805 -0.0061182975769043 -0.0395278930664063 -0.119789123535156
-0.0151948928833008 -1.4305114746097E-05 -0.0822525024414063 -0.0798797607421875
-0.02435302734375 0.0024566650390625 -0.074371337890625 -0.0459976196289063
-0.0339698791503906 0.00573539733886719 -0.0683555603027344 -0.0178298950195312
-0.0375747680664062 -0.0145034790039063 -0.0611381530761719 -0.00347137451171875
-0.0320167541503906 -0.0330429077148438 -0.0587539672851562 0.0202789306640625
-0.0254592895507813 -0.0400238037109375 -0.0749969482421875 0.0291748046875
-0.00299072265625 -0.0569381713867187 -0.0830764770507813 0.0172195434570312
0.00606155395507813 -0.0702095031738281 -0.0825653076171875 0.0543975830078125
0.0363922119140625 -0.0982208251953125 -0.0604362487792969 0.0607986450195312
0.0824432373046875 -0.0762786865234375 -0.1466064453125 -0.050689697265625
0.0408706665039063 -0.0312004089355469 -0.0275421142578125 -0.0236721038818359
0.034942626953125 -0.0289440155029297 0.0472068786621094 -0.0663185119628906
0.0306301116943359 -0.0199203491210938 0.038909912109375 -0.106460571289063
0.0213546752929688 -0.0371017456054688 0.0135345458984375 -0.11480712890625
-0.00642776489257813 -0.0391159057617187 -0.0381927490234375 -0.114013671875
-0.036529541015625 -0.0255622863769531 -0.0728378295898438 -0.075225830078125
-0.0466995239257813 -0.0243873596191406 -0.0594558715820313 -0.0445976257324219
-0.0599708557128906 -0.0156364440917969 -0.0525894165039063 -0.0164337158203125
-0.05511474609375 -0.0376701354980469 -0.0455131530761719 0.00522613525390625
-0.0441970825195312 -0.0649833679199219 -0.0484733581542969 0.0294990539550781
-0.0264892578125 -0.0779342651367188 -0.0750961303710938 0.032196044921875
0.0273361206054688 -0.0929107666015625 -0.0815505981445313 0.00516510009765624
0.0453948974609375 -0.0904617309570313 -0.0711593627929688 0.0237884521484375
0.0876235961914063 -0.104911804199219 -0.0284748077392578 0.0288677215576172
0.129531860351563 -0.0634307861328125 -0.105430603027344 -0.0718460083007813
0.095733642578125 -0.0352783203125 0.00357818603515626 -0.0407142639160156
0.083251953125 -0.0653915405273438 0.0661697387695313 -0.0796127319335938
0.0493850708007813 -0.0644111633300781 0.0454483032226562 -0.113235473632813
0.0230331420898438 -0.0781173706054688 0.0167617797851562 -0.109611511230469
-0.0195960998535156 -0.0692481994628906 -0.0302200317382813 -0.0966796875
-0.0542984008789062 -0.0477714538574219 -0.0534706115722656 -0.0616188049316406
-0.062469482421875 -0.0469741821289063 -0.0361595153808594 -0.0366554260253906
-0.0761642456054688 -0.0352630615234375 -0.0282802581787109 -0.0107975006103516
-0.0616874694824219 -0.0550994873046875 -0.0229034423828125 0.017730712890625
-0.0471420288085938 -0.0851516723632813 -0.0340385437011719 0.0403594970703125
-0.0226669311523437 -0.101570129394531 -0.0713424682617188 0.036468505859375
0.0521163940429688 -0.112930297851562 -0.0792465209960938 -0.00515747070312499
0.0791549682617188 -0.0956573486328125 -0.0579299926757812 -0.00878143310546877
0.126449584960938 -0.093780517578125 0.0122976303100586 -0.0030050277709961
0.154586791992188 -0.0424041748046875 -0.052398681640625 -0.0883865356445313
0.13397216796875 -0.03216552734375 0.0393486022949219 -0.0580711364746094
0.118751525878906 -0.0908203125 0.0807342529296875 -0.0865936279296875
0.0602798461914062 -0.0986328125 0.0520248413085938 -0.108856201171875
0.0210037231445313 -0.1068115234375 0.0239028930664063 -0.0928421020507813
-0.0300445556640625 -0.0879135131835938 -0.0141372680664062 -0.070556640625
-0.0647010803222656 -0.0612869262695313 -0.0252456665039063 -0.0426750183105469
-0.0684738159179688 -0.0623016357421875 -0.00785446166992188 -0.0237102508544922
-0.0804672241210938 -0.050689697265625 -0.000603199005126958 0.00135755538940429
-0.056640625 -0.0672454833984375 -0.000148773193359381 0.034454345703125
-0.0369491577148438 -0.0958175659179688 -0.0210723876953125 0.0522613525390625
-0.00958251953125 -0.109756469726563 -0.0647392272949219 0.039947509765625
0.0774154663085938 -0.114456176757813 -0.0732345581054688 -0.0125732421875
0.106857299804688 -0.08294677734375 -0.0396614074707031 -0.0370216369628906
0.148635864257813 -0.06536865234375 0.0581436157226563 -0.0279922485351563
0.15191650390625 -0.01617431640625 0.000144958496093752 -0.0990447998046875
0.146240234375 -0.0222930908203125 0.0706329345703125 -0.0752639770507813
0.130081176757813 -0.0959930419921875 0.086181640625 -0.0859527587890625
0.0609207153320313 -0.109909057617188 0.0561981201171875 -0.0926055908203125
0.0162429809570313 -0.113174438476562 0.0324363708496094 -0.0665817260742188
-0.0348739624023438 -0.0903244018554688 0.00830459594726563 -0.0410118103027344
-0.0648040771484375 -0.06402587890625 0.00678062438964843 -0.0219497680664063
-0.0650444030761719 -0.0675239562988281 0.0203781127929688 -0.00728225708007813
-0.073760986328125 -0.059112548828125 0.0263576507568359 0.0179843902587891
-0.0433197021484375 -0.0723342895507813 0.0179176330566406 0.0546112060546875
-0.0204238891601563 -0.0953140258789062 -0.0123443603515625 0.0664520263671875
0.0102386474609375 -0.1058349609375 -0.0571250915527344 0.0433998107910156
0.0977401733398437 -0.0978851318359375 -0.0618095397949219 -0.0150642395019531
0.125083923339844 -0.055633544921875 -0.0155563354492187 -0.0535736083984375
0.151275634765625 -0.025787353515625 0.1031494140625 -0.0391616821289063
0.122138977050781 0.01275634765625 0.0424575805664063 -0.102714538574219
0.129493713378906 -0.00601959228515625 0.0905685424804688 -0.0866317749023438
0.115409851074219 -0.0781936645507813 0.0833511352539063 -0.0762252807617188
0.049835205078125 -0.09332275390625 0.05859375 -0.0701370239257813
0.01275634765625 -0.0938873291015625 0.0420951843261719 -0.0402793884277344
-0.0289382934570312 -0.0761795043945313 0.0316276550292969 -0.0156688690185547
-0.0524978637695313 -0.0568084716796875 0.0379257202148438 -0.00442123413085938
-0.0521965026855469 -0.062286376953125 0.044769287109375 0.00986862182617187
-0.0584754943847656 -0.0583000183105469 0.0475540161132812 0.0385589599609375
-0.0282058715820312 -0.0671119689941406 0.02923583984375 0.07733154296875
-0.00447845458984376 -0.0839996337890625 -0.00911712646484374 0.0811309814453125
0.0246200561523438 -0.0896987915039063 -0.0492210388183594 0.0478706359863281
0.105484008789063 -0.0720977783203125 -0.0461769104003906 -0.0104103088378906
0.127159118652344 -0.0219497680664063 0.0110206604003906 -0.0536155700683594
0.132293701171875 0.0157623291015625 0.142791748046875 -0.0342559814453125
0.0734100341796875 0.0421066284179688 0.06640625 -0.0979843139648438
0.0912704467773438 0.0162582397460938 0.095794677734375 -0.0879135131835938
0.080810546875 -0.041534423828125 0.0779037475585938 -0.0602874755859375
0.0331878662109375 -0.0543289184570313 0.0625877380371094 -0.0483627319335938
0.0138816833496094 -0.0544776916503906 0.0510215759277344 -0.02032470703125
-0.012451171875 -0.0501136779785156 0.0493927001953125 -0.000171661376953128
-0.0294609069824219 -0.0415840148925781 0.0604705810546875 0.00774002075195312
-0.0321273803710938 -0.0466804504394531 0.0624961853027344 0.0244064331054688
-0.0388755798339844 -0.0473098754882813 0.0636672973632813 0.0578193664550781
-0.0171546936035156 -0.0508575439453125 0.0351333618164063 0.0982894897460938
0.000602722167968756 -0.0637626647949219 -0.00800323486328125 0.0944900512695313
0.0247344970703125 -0.0685539245605469 -0.0411338806152344 0.0568771362304687
0.093475341796875 -0.0462188720703125 -0.0314846038818359 0.00438880920410156
0.109535217285156 0.00798797607421875 0.0343399047851563 -0.0387115478515625
0.0940093994140625 0.0498886108398438 0.169937133789063 -0.0142974853515625
-0.040008544921875 -0.0708389282226563 -0.182357788085938 0.00395202636718753
-0.066650390625 -0.0109329223632812 -0.0551490783691406 0.0184745788574219
-0.0545501708984375 0.0349998474121094 0.0303173065185547 -0.0256004333496094
-0.0109443664550781 0.0512771606445313 0.0414276123046875 -0.0774078369140625
0.00569915771484375 0.0369911193847656 0.0181350708007812 -0.110183715820313
0.010833740234375 0.0240020751953125 -0.0395965576171875 -0.123847961425781
0.0061492919921875 0.0242347717285156 -0.08587646484375 -0.0780487060546875
0.000844955444335935 0.0290679931640625 -0.0811996459960937 -0.04217529296875
-0.00310325622558594 0.027313232421875 -0.0748062133789063 -0.0157241821289062
-0.0150585174560547 0.0125713348388672 -0.0701560974121094 -0.00681304931640624
-0.0181694030761719 0.00657081604003906 -0.0656051635742187 0.0179862976074219
-0.0261154174804688 0.0095672607421875 -0.0750198364257813 0.0338516235351562
-0.0427398681640625 -0.0121917724609375 -0.0914459228515625 0.0347900390625
-0.041900634765625 -0.0423774719238281 -0.0981216430664062 0.0810394287109375
-0.0254669189453125 -0.0808334350585938 -0.0823593139648437 0.08819580078125
0.0239334106445313 -0.0792007446289063 -0.178192138671875 -0.024200439453125
-0.0155143737792969 -0.0228500366210938 -0.0497474670410156 -0.004241943359375
-0.0113840103149414 0.00630569458007812 0.0350723266601563 -0.0482597351074219
0.0117263793945313 0.0202980041503906 0.0381317138671875 -0.0948104858398437
0.0166110992431641 0.00142478942871094 0.015869140625 -0.117950439453125
0.00383472442626953 -0.0079808235168457 -0.0410842895507812 -0.126670837402344
-0.0161457061767578 -0.00142574310302734 -0.0861129760742188 -0.0831527709960938
-0.0253772735595703 0.00154304504394532 -0.0779876708984375 -0.046783447265625
-0.0358314514160156 0.00476074218749999 -0.0721054077148437 -0.01788330078125
-0.0390243530273438 -0.0166664123535156 -0.0659942626953125 -0.00333404541015625
-0.0335006713867187 -0.0362281799316406 -0.0632400512695313 0.0225677490234375
-0.0244712829589844 -0.0418930053710938 -0.0804367065429688 0.0317611694335938
-0.00185012817382813 -0.0587844848632813 -0.0896835327148438 0.0183181762695312
0.00721740722656251 -0.07220458984375 -0.0884780883789063 0.0565643310546875
0.0370407104492188 -0.100914001464844 -0.0658988952636719 0.062774658203125
0.0864944458007813 -0.07720947265625 -0.152252197265625 -0.049957275390625
0.0445175170898438 -0.0310897827148438 -0.0280952453613281 -0.0228919982910156
0.0392646789550781 -0.0300369262695313 0.0503768920898437 -0.0688438415527344
0.0349235534667969 -0.0214214324951172 0.0415191650390625 -0.1112060546875
0.0243072509765625 -0.0406112670898438 0.0158309936523437 -0.121246337890625
-0.00634002685546875 -0.043365478515625 -0.0391464233398437 -0.119468688964844
-0.0380516052246094 -0.028350830078125 -0.0764999389648438 -0.07733154296875
-0.0491142272949219 -0.0259857177734375 -0.0628433227539063 -0.0456695556640625
-0.0627555847167969 -0.0176010131835938 -0.0556488037109375 -0.015655517578125
-0.0575294494628906 -0.0408401489257813 -0.0490226745605469 0.00674057006835937
-0.0461235046386719 -0.0692825317382813 -0.0518875122070312 0.03240966796875
-0.026580810546875 -0.0819168090820313 -0.0803146362304688 0.0354232788085937
0.0296249389648437 -0.0972747802734375 -0.089447021484375 0.00564575195312501
0.0488510131835938 -0.0935440063476563 -0.076690673828125 0.0253448486328125
0.0919036865234375 -0.108306884765625 -0.0324668884277344 0.0298500061035156
0.136634826660156 -0.0645217895507813 -0.109619140625 -0.0710678100585938
0.102561950683594 -0.0355300903320313 0.00488662719726563 -0.0401954650878906
0.0887832641601563 -0.0679550170898438 0.0696868896484375 -0.0820159912109375
0.0543098449707031 -0.0677719116210938 0.0483779907226562 -0.118110656738281
0.0254058837890625 -0.0826034545898438 0.0185928344726563 -0.114982604980469
-0.0195465087890625 -0.074188232421875 -0.0313720703125 -0.101158142089844
-0.0570297241210938 -0.0509910583496094 -0.0559844970703125 -0.0632820129394531
-0.0658531188964844 -0.0495491027832031 -0.03851318359375 -0.0366859436035156
-0.0801239013671875 -0.0372390747070313 -0.0303020477294922 -0.0091400146484375
-0.0645904541015625 -0.0592422485351563 -0.025177001953125 0.0198459625244141
-0.0487899780273437 -0.0904388427734375 -0.0366363525390625 0.0443191528320312
-0.023162841796875 -0.106758117675781 -0.0766448974609375 0.0406265258789062
0.0562667846679688 -0.119499206542969 -0.0871200561523437 -0.00426483154296877
0.0843124389648438 -0.0992965698242188 -0.0625076293945312 -0.00844955444335938
0.132667541503906 -0.0979843139648438 0.0107917785644531 -0.00347518920898438
0.1629638671875 -0.0442352294921875 -0.0541610717773437 -0.0885848999023438
0.143341064453125 -0.0328826904296875 0.042572021484375 -0.0586357116699219
0.12554931640625 -0.0955352783203125 0.0848312377929688 -0.0888748168945313
0.065216064453125 -0.104011535644531 0.0541305541992188 -0.113037109375
0.0222930908203125 -0.113265991210937 0.0258941650390625 -0.09619140625
-0.0315933227539062 -0.0933456420898438 -0.0136871337890625 -0.073455810546875
-0.0675086975097656 -0.065032958984375 -0.0263252258300781 -0.0428886413574219
-0.0726852416992187 -0.0653915405273438 -0.00864410400390626 -0.0229148864746094
-0.0846176147460937 -0.05328369140625 -0.000997781753540044 0.00273370742797851
-0.0590133666992188 -0.0717315673828125 -0.000988006591796882 0.0374641418457031
-0.0385513305664063 -0.100799560546875 -0.0228118896484375 0.0573921203613281
-0.00900268554687501 -0.1158447265625 -0.0703353881835938 0.0452194213867187
0.0812149047851563 -0.121162414550781 -0.0800628662109375 -0.0121841430664063
0.113319396972656 -0.0863876342773438 -0.0439567565917969 -0.037567138671875
0.15606689453125 -0.06915283203125 0.0586891174316406 -0.0293540954589844
0.160171508789063 -0.0174102783203125 0.00173187255859376 -0.099365234375
0.154693603515625 -0.02392578125 0.0758514404296875 -0.0756378173828125
0.136436462402344 -0.101432800292969 0.0906753540039063 -0.0884780883789063
0.0639495849609375 -0.115150451660156 0.05859375 -0.0960769653320313
0.01666259765625 -0.119949340820312 0.0347900390625 -0.0696678161621094
-0.0361251831054688 -0.0953445434570313 0.010223388671875 -0.0424308776855469
-0.0670242309570313 -0.0669441223144531 0.00802230834960937 -0.0215911865234375
-0.0690383911132813 -0.0704269409179688 0.0207672119140625 -0.00618553161621094
-0.0772933959960937 -0.061859130859375 0.0269813537597656 0.0199947357177734
-0.045257568359375 -0.0759963989257813 0.0184402465820312 0.059112548828125
-0.0209197998046875 -0.10052490234375 -0.013397216796875 0.0719985961914063
0.0113754272460938 -0.110748291015625 -0.0621719360351562 0.048126220703125
0.101699829101562 -0.103767395019531 -0.0678939819335938 -0.0144805908203125
0.131874084472656 -0.0586700439453125 -0.019256591796875 -0.0549964904785156
0.159332275390625 -0.02838134765625 0.106414794921875 -0.0413970947265625
0.128585815429688 0.0123672485351563 0.0464248657226563 -0.104354858398438
0.137176513671875 -0.00838470458984375 0.0960617065429688 -0.08831787109375
0.120895385742188 -0.0837478637695313 0.0877151489257813 -0.0789871215820313
0.0519256591796875 -0.0976791381835938 0.0611953735351563 -0.0724639892578125
0.0122146606445312 -0.0982894897460938 0.0447273254394531 -0.041107177734375
-0.030609130859375 -0.0804901123046875 0.0344963073730469 -0.0156745910644531
-0.0546913146972656 -0.0588302612304688 0.0404701232910156 -0.00380706787109375
-0.0555648803710938 -0.0640525817871094 0.0463752746582031 0.0115852355957031
-0.0611839294433594 -0.0603256225585938 0.0499038696289062 0.041107177734375
-0.0286674499511719 -0.0698356628417969 0.031097412109375 0.0826034545898438
-0.00482940673828124 -0.0879592895507813 -0.0102005004882813 0.0876083374023438
0.0255279541015625 -0.0943984985351563 -0.0537796020507813 0.05279541015625
0.109291076660156 -0.0767059326171875 -0.051849365234375 -0.0101585388183594
0.133781433105469 -0.0238189697265625 0.00961685180664064 -0.0554275512695313
0.1395263671875 0.0147323608398437 0.147872924804688 -0.0359649658203125
0.0767822265625 0.04205322265625 0.0713424682617188 -0.100303649902344
0.0954818725585938 0.0147018432617188 0.102493286132813 -0.0909347534179688
0.08392333984375 -0.0449981689453125 0.0828018188476562 -0.0618743896484375
0.0338134765625 -0.0563468933105469 0.0669593811035156 -0.0499839782714844
0.0135726928710938 -0.0568695068359375 0.0538291931152344 -0.0207405090332031
-0.01361083984375 -0.0519638061523438 0.0537872314453125 -0.000228881835937503
-0.0306587219238281 -0.0426025390625 0.0639915466308594 0.00860595703125
-0.0340347290039063 -0.04791259765625 0.064666748046875 0.02642822265625
-0.0410041809082031 -0.0485382080078125 0.0664443969726563 0.0612373352050781
-0.017578125 -0.0522842407226562 0.03692626953125 0.104080200195313
0.000465393066406255 -0.0656890869140625 -0.00934600830078125 0.100799560546875
0.0255661010742187 -0.0708770751953125 -0.0452194213867188 0.0613822937011719
0.09600830078125 -0.0501937866210938 -0.035980224609375 0.00484848022460938
0.114608764648437 0.00582122802734375 0.0336074829101563 -0.0399818420410156
0.0992050170898438 0.0507049560546875 0.176559448242188 -0.0147857666015625
-0.0439987182617188 -0.0703506469726563 -0.191741943359375 0.0100860595703125
-0.0693855285644531 -0.00811386108398436 -0.0571250915527344 0.0221519470214844
-0.0549354553222656 0.0391464233398438 0.0333786010742188 -0.0280094146728516
-0.00748825073242188 0.05279541015625 0.0436248779296875 -0.0832901000976563
0.00797271728515625 0.03692626953125 0.0176467895507812 -0.118385314941406
0.0116024017333984 0.0238208770751953 -0.0448074340820313 -0.130783081054688
0.00704574584960937 0.0247383117675781 -0.093109130859375 -0.08056640625
0.00133514404296875 0.0290565490722656 -0.087310791015625 -0.0427093505859375
-0.00270843505859375 0.0281620025634766 -0.0802001953125 -0.0140762329101563
-0.0157623291015625 0.0126981735229492 -0.0766754150390625 -0.00514221191406251
-0.0188064575195313 0.00626945495605468 -0.0699462890625 0.0215492248535156
-0.0255603790283203 0.0106792449951172 -0.07952880859375 0.038665771484375
-0.04339599609375 -0.0103263854980469 -0.09747314453125 0.0390853881835937
-0.0447998046875 -0.0422286987304688 -0.103240966796875 0.08795166015625
-0.030120849609375 -0.081695556640625 -0.0865097045898438 0.0943069458007813
0.0233154296875 -0.0808639526367188 -0.188018798828125 -0.01861572265625
-0.0151424407958984 -0.0217761993408203 -0.0515632629394531 -0.00165176391601563
-0.00970363616943359 0.00761318206787109 0.0368614196777344 -0.0518074035644531
0.0158805847167969 0.0194854736328125 0.0390243530273438 -0.100715637207031
0.0189666748046875 -0.000675201416015625 0.0154495239257812 -0.125701904296875
0.00356101989746094 -0.0105533599853516 -0.046539306640625 -0.134346008300781
-0.0173978805541992 -0.00234317779541016 -0.0930633544921875 -0.0846939086914063
-0.0270500183105469 0.000587463378906246 -0.0844650268554687 -0.0471572875976562
-0.0374984741210938 0.00424957275390625 -0.0776138305664063 -0.0159530639648438
-0.0418472290039063 -0.0186271667480469 -0.0711669921875 -0.000862121582031239
-0.0357933044433594 -0.0391426086425781 -0.0669136047363281 0.026397705078125
-0.0255050659179688 -0.0447273254394531 -0.0857162475585938 0.03741455078125
-0.00196456909179688 -0.0616569519042969 -0.0974044799804687 0.022247314453125
0.00673675537109375 -0.0745010375976562 -0.0935821533203125 0.0629043579101563
0.0356521606445313 -0.105552673339844 -0.0695610046386719 0.0674247741699219
0.0897064208984375 -0.080963134765625 -0.161773681640625 -0.0451812744140625
0.0488357543945313 -0.031890869140625 -0.0293254852294922 -0.0219230651855469
0.0430488586425781 -0.0324592590332031 0.0524673461914063 -0.0726852416992188
0.0392837524414063 -0.0251350402832031 0.0416259765625 -0.117523193359375
0.0261688232421875 -0.0456008911132813 0.0144882202148438 -0.12860107421875
-0.00749969482421875 -0.0474433898925781 -0.0439987182617188 -0.125732421875
-0.0412216186523438 -0.0306320190429688 -0.0825881958007813 -0.0789794921875
-0.0525016784667969 -0.0275650024414062 -0.0678024291992188 -0.0452003479003906
-0.0675315856933594 -0.0182571411132813 -0.0602493286132813 -0.0138626098632813
-0.0622215270996094 -0.0429840087890625 -0.0523185729980469 0.00959777832031249
-0.0502395629882813 -0.0730514526367187 -0.0556182861328125 0.0370063781738281
-0.029266357421875 -0.0865554809570313 -0.0858917236328125 0.0427627563476562
0.0303115844726563 -0.1044921875 -0.097503662109375 0.00892639160156249
0.0510787963867188 -0.09857177734375 -0.0826644897460937 0.029266357421875
0.0938873291015625 -0.116325378417969 -0.0357170104980469 0.0321922302246094
0.143035888671875 -0.070098876953125 -0.116249084472656 -0.0679550170898438
0.109580993652344 -0.0394210815429688 0.00546264648437501 -0.0404853820800781
0.0944366455078125 -0.0745773315429687 0.0723419189453125 -0.0865249633789062
0.0573348999023438 -0.073638916015625 0.0482711791992187 -0.125282287597656
0.0262069702148438 -0.0892257690429688 0.0175094604492188 -0.122116088867188
-0.0223236083984375 -0.0794754028320313 -0.0347747802734375 -0.105789184570313
-0.0611724853515625 -0.0537147521972656 -0.0601577758789063 -0.0636711120605469
-0.0712203979492188 -0.0516510009765625 -0.0424118041992188 -0.03619384765625
-0.0853805541992188 -0.0378570556640625 -0.0330848693847656 -0.0074443817138672
-0.0701141357421875 -0.062347412109375 -0.0268173217773438 0.0232963562011719
-0.0540237426757812 -0.0958786010742188 -0.0389976501464844 0.0494575500488281
-0.02667236328125 -0.112754821777344 -0.081512451171875 0.0485458374023437
0.0568771362304688 -0.128555297851563 -0.0949172973632813 -0.0010986328125
0.088226318359375 -0.1063232421875 -0.0686988830566406 -0.00571823120117189
0.138481140136719 -0.107139587402344 0.00844287872314454 -0.00327396392822266
0.171829223632813 -0.04974365234375 -0.0579910278320312 -0.0873565673828125
0.15179443359375 -0.039581298828125 0.0449676513671875 -0.0597953796386719
0.130760192871094 -0.105537414550781 0.0869979858398438 -0.094482421875
0.067352294921875 -0.112236022949219 0.0546646118164063 -0.119834899902344
0.0207290649414062 -0.120445251464844 0.0255126953125 -0.102981567382813
-0.0347213745117188 -0.0992431640625 -0.0155029296875 -0.076629638671875
-0.0727920532226563 -0.0674896240234375 -0.0279998779296875 -0.0432472229003906
-0.0793914794921875 -0.0673065185546875 -0.0105113983154297 -0.0229339599609375
-0.0912094116210937 -0.054229736328125 -0.00182867050170899 0.00420928001403808
-0.0643310546875 -0.075714111328125 0.000198364257812495 0.041412353515625
-0.0433883666992187 -0.1068115234375 -0.0235519409179688 0.0634956359863281
-0.012359619140625 -0.122314453125 -0.0743255615234375 0.0528793334960937
0.083099365234375 -0.131111145019531 -0.0888748168945313 -0.00881195068359376
0.118293762207031 -0.0943832397460938 -0.0499687194824219 -0.0372314453125
0.164230346679688 -0.0779266357421875 0.0587806701660156 -0.0325126647949219
0.169937133789063 -0.0228271484375 0.00128173828125 -0.101226806640625
0.165054321289063 -0.031036376953125 0.0799636840820313 -0.079742431640625
0.141983032226563 -0.112930297851562 0.09326171875 -0.0939102172851563
0.0647201538085938 -0.124267578125 0.0594406127929688 -0.101608276367188
0.0134658813476563 -0.127403259277344 0.0351943969726562 -0.07415771484375
-0.0410537719726562 -0.100555419921875 0.0104789733886719 -0.0442581176757813
-0.0728607177734375 -0.0699996948242188 0.00869941711425781 -0.0215072631835938
-0.076171875 -0.0716476440429688 0.0212192535400391 -0.00577735900878907
-0.0833587646484375 -0.0622482299804688 0.0285224914550781 0.0220508575439453
-0.049224853515625 -0.0801620483398438 0.0218429565429687 0.0633544921875
-0.0247344970703125 -0.105842590332031 -0.012969970703125 0.0790634155273438
0.00888824462890624 -0.117019653320312 -0.0656089782714844 0.0559349060058594
0.10498046875 -0.113655090332031 -0.0753097534179688 -0.0125656127929688
0.138473510742188 -0.0656967163085938 -0.0238876342773437 -0.0565299987792969
0.16827392578125 -0.035919189453125 0.108543395996094 -0.0465545654296875
0.137046813964844 0.00830841064453125 0.0478744506835938 -0.107772827148438
0.1458740234375 -0.014312744140625 0.100883483886719 -0.094268798828125
0.124099731445312 -0.0942840576171875 0.0913467407226563 -0.0838775634765625
0.0509262084960937 -0.104827880859375 0.0635910034179688 -0.0772323608398438
0.00891876220703124 -0.105216979980469 0.0468521118164062 -0.0448989868164063
-0.0349807739257813 -0.08380126953125 0.0374412536621094 -0.016876220703125
-0.0587921142578125 -0.0596656799316406 0.0431365966796875 -0.004119873046875
-0.0611381530761719 -0.0649185180664062 0.0486907958984375 0.0119705200195312
-0.0663566589355469 -0.0611915588378906 0.0537681579589844 0.0430831909179687
-0.0323410034179688 -0.0733795166015625 0.0357208251953125 0.0878219604492188
-0.00679779052734375 -0.0925827026367188 -0.00865936279296874 0.0946273803710938
0.0246658325195313 -0.0989151000976563 -0.0573196411132813 0.0601997375488281
0.112709045410156 -0.0847702026367188 -0.0577507019042969 -0.00856781005859376
0.140419006347656 -0.030426025390625 0.00673675537109375 -0.0584869384765625
0.148788452148438 0.010040283203125 0.1524658203125 -0.0419921875
0.08349609375 0.041107177734375 0.0755615234375 -0.105247497558594
0.101783752441406 0.010772705078125 0.107582092285156 -0.0969161987304688
0.0857696533203125 -0.0521926879882813 0.0869979858398438 -0.0665664672851563
0.0334739685058594 -0.0600433349609375 0.0697708129882813 -0.0541648864746094
0.0109939575195312 -0.0605239868164063 0.0564498901367188 -0.0235519409179688
-0.0160140991210937 -0.0537567138671875 0.0578880310058594 -0.000461578369140628
-0.0332527160644531 -0.0428581237792969 0.0687675476074219 0.00741958618164062
-0.0378265380859375 -0.0482559204101562 0.0685272216796875 0.0263214111328125
-0.0439720153808594 -0.0479736328125 0.0716094970703125 0.063751220703125
-0.0195236206054687 -0.0539627075195313 0.0427093505859375 0.109710693359375
-0.00119400024414063 -0.0684700012207031 -0.00829315185546874 0.108917236328125
0.0243072509765625 -0.0742416381835938 -0.0475654602050781 0.0680885314941406
0.0982894897460938 -0.0566329956054688 -0.0407676696777344 0.00592803955078124
0.120048522949219 0.00164031982421875 0.0325660705566406 -0.0426254272460938
0.106185913085938 0.0484237670898438 0.184402465820313 -0.020843505859375
-0.0494194030761719 -0.0672721862792969 -0.198379516601562 0.02178955078125
-0.0716629028320313 -0.0035552978515625 -0.0575180053710938 0.0265159606933594
-0.052947998046875 0.0435638427734375 0.0349941253662109 -0.0307102203369141
-0.00307846069335938 0.0530929565429687 0.0430679321289062 -0.0898056030273438
0.0103988647460938 0.0359764099121094 0.0132293701171875 -0.125869750976563
0.0120811462402344 0.0235214233398437 -0.0529251098632812 -0.135818481445313
0.00788497924804687 0.0244159698486328 -0.10107421875 -0.079132080078125
0.00360870361328125 0.0292091369628906 -0.0932846069335938 -0.0399856567382812
-0.00113105773925781 0.0280475616455078 -0.0850753784179688 -0.010040283203125
-0.0162620544433594 0.0124979019165039 -0.0814361572265625 -0.000961303710937495
-0.0189056396484375 0.0064697265625 -0.0731735229492188 0.0261154174804687
-0.0243778228759766 0.0114154815673828 -0.08197021484375 0.0442047119140625
-0.0440635681152344 -0.00764083862304688 -0.1021728515625 0.0460586547851563
-0.0481834411621094 -0.0400009155273437 -0.10443115234375 0.0956954956054688
-0.036956787109375 -0.0806732177734375 -0.0878829956054687 0.101448059082031
0.0216445922851562 -0.0824966430664062 -0.195205688476563 -0.00715637207031254
-0.0147266387939453 -0.019866943359375 -0.0530357360839844 0.00213623046875
-0.00732231140136719 0.00830078125 0.0372657775878906 -0.0553131103515625
0.0202064514160156 0.0171375274658203 0.0372467041015625 -0.107147216796875
0.0208568572998047 -0.00415802001953125 0.0110855102539062 -0.132850646972656
0.00253486633300781 -0.0132417678833008 -0.0552291870117188 -0.1383056640625
-0.0184307098388672 -0.00336837768554688 -0.101272583007812 -0.0831451416015625
-0.0283412933349609 0.000782012939453126 -0.0902023315429688 -0.043487548828125
-0.0389060974121094 0.00532150268554688 -0.0819854736328125 -0.0116500854492188
-0.0453033447265625 -0.0184097290039062 -0.0759658813476563 0.00387573242187501
-0.0390205383300781 -0.0402641296386719 -0.0698127746582031 0.0313339233398437
-0.0279693603515625 -0.0463371276855469 -0.0890731811523437 0.0446014404296875
-0.003814697265625 -0.06390380859375 -0.103561401367188 0.0281829833984375
0.00460815429687499 -0.0766677856445313 -0.0959701538085938 0.070098876953125
0.0320968627929688 -0.110336303710938 -0.0710067749023437 0.0730209350585937
0.0908203125 -0.0857467651367188 -0.168930053710937 -0.0357818603515625
0.0512733459472656 -0.0340652465820313 -0.0299510955810547 -0.0193729400634766
0.0454521179199219 -0.0357742309570313 0.0515899658203125 -0.0773468017578125
0.0424308776855469 -0.0295486450195312 0.0384292602539062 -0.124053955078125
0.0263671875 -0.0502471923828125 0.00940704345703124 -0.135513305664063
-0.0101661682128906 -0.0513916015625 -0.05230712890625 -0.129547119140625
-0.0445213317871094 -0.0315284729003906 -0.0890731811523438 -0.076904296875
-0.0572242736816406 -0.0273094177246094 -0.0734710693359375 -0.0418243408203125
-0.07135009765625 -0.0166854858398437 -0.0639915466308594 -0.00966262817382814
-0.067840576171875 -0.0431442260742188 -0.0555191040039063 0.0142555236816406
-0.056121826171875 -0.0754470825195313 -0.0567703247070313 0.0422706604003906
-0.0336151123046875 -0.0900802612304687 -0.0885848999023437 0.0510787963867188
0.0270767211914063 -0.110809326171875 -0.104759216308594 0.0157852172851562
0.0495452880859375 -0.104774475097656 -0.0860519409179688 0.0357742309570313
0.0921630859375 -0.1243896484375 -0.0377998352050781 0.0356369018554687
0.147216796875 -0.0782318115234375 -0.12249755859375 -0.0607986450195313
0.113945007324219 -0.0460128784179688 0.00554275512695313 -0.0398139953613281
0.0961990356445312 -0.0830917358398438 0.0709609985351563 -0.0926284790039063
0.0585250854492187 -0.080780029296875 0.04461669921875 -0.131378173828125
0.0235366821289063 -0.0968704223632812 0.0123443603515625 -0.128395080566406
-0.0262451171875 -0.0835113525390625 -0.0408096313476563 -0.108940124511719
-0.0665473937988281 -0.0544090270996094 -0.0650100708007812 -0.0618705749511719
-0.0775833129882812 -0.0499954223632813 -0.0461158752441406 -0.0343704223632813
-0.0922012329101563 -0.0365142822265625 -0.0356369018554688 -0.00441360473632813
-0.0766448974609375 -0.0628204345703125 -0.0272159576416016 0.0268898010253906
-0.0611724853515625 -0.0981521606445312 -0.0386695861816406 0.055389404296875
-0.0323867797851563 -0.117233276367188 -0.0837478637695313 0.0579681396484375
0.0532608032226563 -0.138404846191406 -0.103591918945313 0.00597381591796875
0.0877304077148438 -0.115097045898438 -0.0744400024414063 -0.00161743164062502
0.138992309570313 -0.11883544921875 0.00692749023437501 -0.00420284271240235
0.178192138671875 -0.059814453125 -0.0626678466796875 -0.0838394165039063
0.159011840820313 -0.049224853515625 0.0454521179199219 -0.0628776550292969
0.131797790527344 -0.117782592773438 0.0860977172851563 -0.1007080078125
0.0655288696289063 -0.120857238769531 0.05169677734375 -0.126052856445313
0.0155487060546875 -0.128326416015625 0.0208740234375 -0.108184814453125
-0.0412979125976562 -0.104026794433594 -0.01910400390625 -0.0789718627929688
-0.0795364379882813 -0.0678634643554688 -0.0302200317382813 -0.04217529296875
-0.0868988037109375 -0.0664138793945312 -0.0125885009765625 -0.0214328765869141
-0.0982284545898438 -0.0517425537109375 -0.00184011459350587 0.00669813156127929
-0.071380615234375 -0.076812744140625 0.00205230712890624 0.0439491271972656
-0.0504379272460938 -0.110641479492188 -0.0211753845214844 0.0692596435546875
-0.018646240234375 -0.127845764160156 -0.0758590698242188 0.0626220703125
0.0799102783203125 -0.141998291015625 -0.096435546875 -0.00296020507812502
0.120124816894531 -0.104324340820313 -0.0564537048339844 -0.0348587036132813
0.167694091796875 -0.0905914306640625 0.0570716857910156 -0.0366744995117188
0.1763916015625 -0.0329132080078125 -0.00154113769531248 -0.101951599121094
0.171676635742188 -0.0423431396484375 0.0804824829101563 -0.0851593017578125
0.141693115234375 -0.126846313476563 0.0926055908203125 -0.100425720214844
0.0615081787109375 -0.1329345703125 0.0570297241210938 -0.10791015625
0.00762939453125 -0.134063720703125 0.0333251953125 -0.0788803100585938
-0.0478363037109375 -0.103790283203125 0.00994110107421874 -0.0459480285644531
-0.079071044921875 -0.06927490234375 0.00934410095214843 -0.0220203399658203
-0.0827255249023437 -0.0705795288085938 0.0216693878173828 -0.00572013854980469
-0.0903701782226563 -0.0600204467773438 0.0304546356201172 0.02313232421875
-0.0554351806640625 -0.0819778442382813 0.02618408203125 0.0659408569335938
-0.0307235717773438 -0.110260009765625 -0.00994873046875001 0.0852508544921875
0.00339508056640624 -0.122627258300781 -0.067169189453125 0.0655860900878906
0.103286743164063 -0.125190734863281 -0.0822525024414062 -0.00693511962890625
0.141983032226563 -0.076812744140625 -0.0300025939941406 -0.0566291809082031
0.174560546875 -0.0475006103515625 0.108467102050781 -0.0537109375
0.144073486328125 0.00018310546875 0.0475540161132813 -0.111763000488281
0.151718139648437 -0.0248870849609375 0.102668762207031 -0.101631164550781
0.123100280761719 -0.106254577636719 0.0915756225585938 -0.0908050537109375
0.0474014282226563 -0.112052917480469 0.0625686645507813 -0.0826339721679687
0.00299835205078126 -0.110244750976563 0.0462989807128906 -0.0488471984863281
-0.0411148071289062 -0.0856399536132813 0.039459228515625 -0.0189628601074219
-0.0636215209960937 -0.0597457885742187 0.0461921691894531 -0.006072998046875
-0.0668067932128906 -0.0634956359863281 0.0512962341308594 0.0105476379394531
-0.0720367431640625 -0.0592575073242187 0.0578536987304688 0.043304443359375
-0.0369644165039063 -0.0754623413085938 0.0424423217773438 0.0908279418945313
-0.0118026733398437 -0.095672607421875 -0.00453186035156249 0.10162353515625
0.0201568603515625 -0.104446411132813 -0.0579071044921875 0.0691337585449219
0.111534118652344 -0.095550537109375 -0.0634803771972656 -0.00492095947265627
0.1448974609375 -0.03985595703125 0.00146102905273438 -0.0605239868164063
0.15533447265625 0.0005645751953125 0.155059814453125 -0.0514068603515625
0.0894241333007813 0.036224365234375 0.0757827758789063 -0.110885620117188
0.1064453125 0.0033111572265625 0.108619689941406 -0.105484008789063
0.085540771484375 -0.0606689453125 0.0883255004882812 -0.073211669921875
0.0309677124023437 -0.064422607421875 0.070587158203125 -0.0599822998046875
0.00714111328125 -0.0628509521484375 0.058380126953125 -0.0276641845703125
-0.0202827453613281 -0.0544357299804688 0.0614891052246094 -0.00329208374023438
-0.0358848571777344 -0.0421333312988281 0.07232666015625 0.00441741943359375
-0.0413169860839844 -0.0465545654296875 0.0724334716796875 0.024871826171875
-0.0478515625 -0.046295166015625 0.0779342651367188 0.0632476806640625
-0.02294921875 -0.0543136596679688 0.050567626953125 0.112922668457031
-0.00427246093749999 -0.0695457458496094 -0.00389099121093751 0.116065979003906
0.0211105346679688 -0.0771484375 -0.0476608276367188 0.075714111328125
0.09722900390625 -0.0649032592773438 -0.0443840026855469 0.00902175903320313
0.124595642089844 -0.0064849853515625 0.0295448303222656 -0.0458717346191406
0.113090515136719 0.0425338745117188 0.188385009765625 -0.0319366455078125
-0.0524673461914063 -0.0625534057617188 -0.198715209960938 0.03375244140625
-0.0714187622070312 0.00183868408203125 -0.05609130859375 0.0305671691894531
-0.0497512817382813 0.047515869140625 0.03594970703125 -0.0334320068359375
0.00107574462890625 0.0518341064453125 0.0404586791992188 -0.0940322875976562
0.0132884979248047 0.0336551666259766 0.00816345214843749 -0.130851745605469
0.0123691558837891 0.0215568542480469 -0.0625228881835938 -0.1373291015625
0.00874137878417969 0.0235996246337891 -0.107276916503906 -0.075286865234375
0.00561141967773438 0.02764892578125 -0.0970230102539063 -0.0347213745117188
-0.000129699707031249 0.0272903442382813 -0.0874176025390625 -0.00587463378906251
-0.0164098739624023 0.0127019882202148 -0.0846023559570312 0.0036468505859375
-0.0190162658691406 0.00635719299316406 -0.0741348266601563 0.0307998657226563
-0.0224990844726563 0.0123920440673828 -0.0821151733398437 0.0495529174804688
-0.04351806640625 -0.00497817993164062 -0.103530883789062 0.0517730712890625
-0.04974365234375 -0.0364456176757813 -0.102386474609375 0.102104187011719
-0.0420761108398437 -0.0773544311523438 -0.0858154296875 0.107131958007813
0.019134521484375 -0.08148193359375 -0.19659423828125 0.00459289550781253
-0.0135173797607422 -0.0180950164794922 -0.0521812438964844 0.00579452514648438
-0.00450849533081055 0.00859785079956055 0.0366134643554688 -0.0580940246582031
0.0232906341552734 0.0141239166259766 0.033782958984375 -0.1109619140625
0.0216064453125 -0.00750160217285156 0.00542449951171875 -0.137153625488281
0.00168704986572266 -0.0151729583740234 -0.063873291015625 -0.138984680175781
-0.0197601318359375 -0.00385856628417969 -0.106643676757813 -0.0784454345703125
-0.0293025970458984 0.00108528137207032 -0.0938873291015625 -0.0386276245117187
-0.0396575927734375 0.00643920898437499 -0.0844879150390625 -0.0062408447265625
-0.0474739074707031 -0.0175132751464844 -0.0781936645507813 0.00917053222656249
-0.0423507690429688 -0.0400733947753906 -0.0702133178710938 0.0368576049804688
-0.0291709899902344 -0.0462722778320313 -0.0889205932617188 0.0511322021484375
-0.00555038452148437 -0.0651054382324219 -0.10675048828125 0.0352706909179687
0.00208282470703126 -0.077301025390625 -0.0963058471679688 0.076416015625
0.026580810546875 -0.111297607421875 -0.070709228515625 0.0779495239257812
0.0896072387695313 -0.0898361206054688 -0.171035766601562 -0.0240325927734375
0.0528793334960938 -0.0366706848144531 -0.0302009582519531 -0.0164890289306641
0.0473175048828125 -0.0388526916503906 0.0500869750976563 -0.0804977416992188
0.0437088012695313 -0.03411865234375 0.0339126586914063 -0.1270751953125
0.0252037048339844 -0.0549888610839844 0.00390625000000001 -0.138771057128906
-0.01312255859375 -0.0536575317382813 -0.059844970703125 -0.129379272460938
-0.047576904296875 -0.03131103515625 -0.0942916870117188 -0.0727615356445313
-0.0598335266113281 -0.0254402160644531 -0.0769577026367188 -0.03717041015625
-0.0742874145507812 -0.0138168334960937 -0.066162109375 -0.00525665283203125
-0.0715408325195313 -0.041656494140625 -0.0565948486328125 0.0187263488769531
-0.0613327026367187 -0.0753250122070313 -0.0566978454589844 0.0477867126464844
-0.0381698608398438 -0.0911712646484375 -0.0885772705078125 0.0593643188476562
0.0219573974609375 -0.115219116210938 -0.109413146972656 0.02313232421875
0.0463409423828125 -0.108078002929688 -0.0881805419921875 0.0414047241210937
0.0868988037109375 -0.130203247070313 -0.0388412475585937 0.038543701171875
0.14715576171875 -0.0865020751953125 -0.124664306640625 -0.0517044067382813
0.116462707519531 -0.0524673461914062 0.00511169433593751 -0.0387802124023438
0.0955047607421875 -0.0898513793945312 0.0680770874023438 -0.0965957641601563
0.056976318359375 -0.0869598388671875 0.038482666015625 -0.135162353515625
0.0193710327148437 -0.100814819335938 0.006988525390625 -0.1309814453125
-0.0315093994140625 -0.0861892700195313 -0.0468597412109375 -0.108161926269531
-0.0713958740234375 -0.0536270141601563 -0.0686721801757812 -0.0583648681640625
-0.0825653076171875 -0.0482254028320312 -0.0486869812011719 -0.0306434631347656
-0.0963058471679688 -0.0325927734375 -0.0370559692382813 -0.000370025634765633
-0.0817947387695313 -0.0609130859375 -0.0264759063720703 0.0303745269775391
-0.0680084228515625 -0.0984039306640625 -0.0367088317871094 0.0603828430175781
-0.0381546020507812 -0.118438720703125 -0.082733154296875 0.0670242309570312
0.0471038818359375 -0.14471435546875 -0.10833740234375 0.0134506225585937
0.0847549438476563 -0.121604919433594 -0.07763671875 0.00364685058593749
0.134857177734375 -0.127433776855469 0.00386738777160645 -0.00425171852111817
0.179550170898438 -0.0699005126953125 -0.0652389526367187 -0.0782089233398438
0.160308837890625 -0.0597076416015625 0.045166015625 -0.0638160705566406
0.128952026367188 -0.127838134765625 0.0828781127929688 -0.105361938476563
0.0611038208007812 -0.126869201660156 0.0456771850585938 -0.129386901855469
0.00962829589843751 -0.132621765136719 0.0163650512695312 -0.110946655273438
-0.0480575561523438 -0.1048583984375 -0.023193359375 -0.0787429809570313
-0.0843276977539063 -0.066497802734375 -0.0315666198730469 -0.040191650390625
-0.0922088623046875 -0.0625 -0.013946533203125 -0.0192813873291016
-0.102989196777344 -0.0475540161132813 -0.00223827362060547 0.00899028778076172
-0.076629638671875 -0.0751266479492188 0.00455474853515624 0.0465431213378906
-0.057647705078125 -0.111221313476563 -0.0187225341796875 0.073944091796875
-0.0250701904296875 -0.129714965820313 -0.07470703125 0.071136474609375
0.0736846923828125 -0.15045166015625 -0.101402282714844 0.00495910644531249
0.118453979492187 -0.113166809082031 -0.0615653991699219 -0.0308380126953125
0.16571044921875 -0.101699829101562 0.0536956787109375 -0.0397567749023438
0.179367065429687 -0.0439605712890625 -0.00445556640624998 -0.099700927734375
0.173599243164062 -0.054351806640625 0.0794143676757813 -0.0888137817382813
0.136962890625 -0.137527465820313 0.0897140502929688 -0.105804443359375
0.0552825927734375 -0.138320922851563 0.05242919921875 -0.111228942871094
-0.000358581542968744 -0.137535095214844 0.02996826171875 -0.0811920166015625
-0.0542984008789063 -0.104034423828125 0.00853729248046874 -0.0470314025878906
-0.084503173828125 -0.067108154296875 0.00932121276855468 -0.0218734741210938
-0.0887985229492188 -0.0664596557617188 0.0215587615966797 -0.0052490234375
-0.0951919555664063 -0.0562362670898437 0.0320396423339844 0.0236415863037109
-0.0605697631835938 -0.0812530517578125 0.0309066772460937 0.0668106079101563
-0.0367202758789063 -0.110855102539063 -0.00518798828124999 0.0891036987304688
-0.00199890136718751 -0.1259765625 -0.0659637451171875 0.073272705078125
0.097808837890625 -0.13397216796875 -0.0875625610351563 -0.000411987304687517
0.141021728515625 -0.0859375 -0.0356826782226563 -0.0551261901855469
0.174942016601563 -0.05889892578125 0.105133056640625 -0.0602798461914063
0.147476196289063 -0.0091400146484375 0.0450592041015625 -0.112869262695312
0.15386962890625 -0.035400390625 0.0998382568359375 -0.106605529785156
0.11822509765625 -0.116874694824219 0.0896072387695313 -0.0955886840820313
0.041961669921875 -0.116798400878906 0.0595321655273438 -0.0864410400390625
-0.00367736816406251 -0.111801147460938 0.0451240539550781 -0.0517158508300781
-0.0467071533203125 -0.0848770141601563 0.0402450561523438 -0.0208930969238281
-0.0677337646484375 -0.0577239990234375 0.0474891662597656 -0.00767135620117188
-0.0719680786132813 -0.060150146484375 0.0527534484863281 0.00908660888671875
-0.0757522583007813 -0.0553817749023438 0.0611610412597656 0.0427207946777344
-0.0414581298828125 -0.0745010375976562 0.048095703125 0.0907821655273438
-0.0166549682617188 -0.0964736938476562 0.00096893310546875 0.106056213378906
0.0154647827148438 -0.106903076171875 -0.0563125610351563 0.0761337280273438
0.106513977050781 -0.104072570800781 -0.0672187805175781 3.05175781249864E-05
0.1446533203125 -0.0498809814453125 -0.00420379638671873 -0.0605506896972656
0.158828735351563 -0.00933837890625 0.152191162109375 -0.0607147216796875
0.09332275390625 0.03082275390625 0.074371337890625 -0.114936828613281
0.107925415039063 -0.0045623779296875 0.10699462890625 -0.112586975097656
0.081451416015625 -0.0681991577148438 0.0875701904296875 -0.0785675048828125
0.0269927978515625 -0.0669898986816406 0.0692939758300781 -0.0645370483398438
0.00272369384765625 -0.0643806457519531 0.05780029296875 -0.0313224792480469
-0.0237159729003906 -0.0537986755371094 0.0638771057128906 -0.00616073608398438
-0.0384254455566406 -0.0404548645019531 0.0745315551757812 0.000473022460937497
-0.0447883605957031 -0.0440750122070313 0.074432373046875 0.0217666625976562
-0.0506019592285156 -0.0431861877441406 0.0819473266601563 0.0610809326171875
-0.0258140563964844 -0.05377197265625 0.0575332641601563 0.11248779296875
-0.00804901123046875 -0.070587158203125 0.0022430419921875 0.120475769042969
0.0172500610351563 -0.0788955688476563 -0.0457916259765625 0.081817626953125
0.0933303833007813 -0.0714340209960938 -0.0469589233398437 0.0121688842773438
0.124565124511719 -0.0144119262695313 0.0249977111816406 -0.0476036071777344
0.117263793945313 0.034820556640625 0.187942504882813 -0.0424957275390625
-0.0531959533691406 -0.0582656860351563 -0.195968627929688 0.04229736328125
-0.0695991516113281 0.00557708740234374 -0.0538063049316406 0.0334815979003906
-0.0467338562011719 0.0489311218261719 0.0359992980957031 -0.0348472595214844
0.00389862060546875 0.0492706298828125 0.0390777587890625 -0.09698486328125
0.0148983001708984 0.0322227478027344 0.00392913818359374 -0.133499145507812
0.0126247406005859 0.0207176208496094 -0.0679397583007813 -0.137077331542969
0.00949287414550781 0.0224933624267578 -0.110107421875 -0.0712051391601563
0.0060577392578125 0.0272178649902344 -0.098358154296875 -0.0309524536132813
0.000705718994140623 0.0258922576904297 -0.0883255004882813 -0.00227355957031251
-0.0164308547973633 0.0126285552978516 -0.0857925415039063 0.00772857666015627
-0.0185031890869141 0.00579452514648437 -0.0741195678710938 0.034637451171875
-0.0210380554199219 0.0121994018554688 -0.0812225341796875 0.052764892578125
-0.0420799255371094 -0.00340270996093749 -0.103813171386719 0.0554046630859375
-0.0504302978515625 -0.0340080261230469 -0.0999755859375 0.106605529785156
-0.0447769165039063 -0.0730743408203125 -0.084075927734375 0.109031677246094
0.018096923828125 -0.08013916015625 -0.194931030273438 0.0137939453125
-0.0125703811645508 -0.0166225433349609 -0.0506248474121094 0.00877761840820313
-0.00201034545898438 0.00910568237304688 0.0360069274902344 -0.0598220825195313
0.0254058837890625 0.0112571716308594 0.0312957763671875 -0.112136840820313
0.0223007202148437 -0.0102500915527344 0.00159454345703125 -0.138885498046875
0.000164985656738282 -0.0168437957763672 -0.0691299438476563 -0.138282775878906
-0.0209236145019531 -0.00439262390136719 -0.110061645507813 -0.0749664306640625
-0.0298995971679688 0.00120162963867188 -0.09527587890625 -0.0342254638671875
-0.040557861328125 0.00623703002929688 -0.0851287841796875 -0.00259399414062501
-0.0489692687988281 -0.0170364379882812 -0.0792312622070312 0.0130996704101563
-0.0440940856933594 -0.0403060913085938 -0.0701026916503906 0.0406990051269531
-0.0298652648925781 -0.0464859008789062 -0.088043212890625 0.0564193725585937
-0.00732421875 -0.0652809143066406 -0.107955932617188 0.0401611328125
0.000709533691406257 -0.0771484375 -0.0951766967773438 0.0805892944335937
0.023040771484375 -0.11053466796875 -0.0703353881835937 0.0802078247070313
0.0890960693359375 -0.0909194946289063 -0.169677734375 -0.0156707763671875
0.0537605285644531 -0.037872314453125 -0.0293617248535156 -0.0138835906982422
0.0479927062988281 -0.0409164428710938 0.0479278564453125 -0.082244873046875
0.0445098876953125 -0.0373916625976563 0.0305252075195313 -0.12811279296875
0.0239486694335938 -0.0583686828613281 2.288818359374E-05 -0.140296936035156
-0.0157127380371094 -0.0555267333984375 -0.0644607543945313 -0.127632141113281
-0.0499267578125 -0.0315513610839844 -0.0963058471679688 -0.0692977905273438
-0.0616035461425781 -0.0244560241699219 -0.0781173706054688 -0.0333786010742188
-0.0756683349609375 -0.0121536254882812 -0.066558837890625 -0.000980377197265636
-0.0735244750976563 -0.0407638549804688 -0.0571022033691406 0.0218696594238281
-0.0655136108398438 -0.0748825073242187 -0.0554924011230469 0.0517692565917969
-0.04071044921875 -0.0911331176757813 -0.087127685546875 0.0654830932617188
0.01904296875 -0.116600036621094 -0.112068176269531 0.0292282104492187
0.0444412231445313 -0.10992431640625 -0.088623046875 0.0461807250976562
0.082763671875 -0.132438659667969 -0.0402374267578125 0.0399284362792969
0.146255493164063 -0.090972900390625 -0.123802185058594 -0.0444564819335938
0.116554260253906 -0.0568771362304688 0.00575637817382813 -0.0373497009277344
0.093902587890625 -0.0946884155273438 0.0651092529296875 -0.0979843139648438
0.0562515258789062 -0.0897293090820313 0.0350799560546875 -0.135635375976563
0.0165939331054688 -0.103553771972656 0.00324249267578124 -0.132003784179688
-0.0351028442382813 -0.0868606567382813 -0.0508499145507812 -0.106460571289063
-0.0733795166015625 -0.0528182983398437 -0.0702362060546875 -0.0551071166992187
-0.085174560546875 -0.0457763671875 -0.0493545532226563 -0.0273513793945313
-0.09820556640625 -0.0292892456054687 -0.03680419921875 0.00289535522460938
-0.08453369140625 -0.05975341796875 -0.0259685516357422 0.0327281951904297
-0.07257080078125 -0.09771728515625 -0.0358047485351562 0.0640373229980469
-0.0422134399414063 -0.118598937988281 -0.0812149047851562 0.0729522705078125
0.0423431396484375 -0.147415161132813 -0.110885620117187 0.0204238891601562
0.0829086303710937 -0.12518310546875 -0.079833984375 0.00757598876953125
0.1317138671875 -0.13250732421875 0.00182056427001954 -0.00391817092895509
0.179656982421875 -0.077056884765625 -0.06463623046875 -0.0723495483398437
0.16046142578125 -0.0664520263671875 0.0443801879882813 -0.063507080078125
0.124908447265625 -0.133743286132813 0.0802001953125 -0.107406616210938
0.0584259033203125 -0.130035400390625 0.0414657592773438 -0.129837036132813
0.00479125976562499 -0.134468078613281 0.0130767822265625 -0.11114501953125
-0.0518951416015625 -0.104515075683594 -0.0247955322265625 -0.0774993896484375
-0.0875244140625 -0.0647354125976563 -0.03216552734375 -0.0383453369140625
-0.0953826904296875 -0.0595169067382813 -0.014124870300293 -0.0173635482788086
-0.104988098144531 -0.043914794921875 -0.00125122070312501 0.0109424591064453
-0.080078125 -0.0743331909179688 0.00635910034179687 0.0473136901855469
-0.0621261596679687 -0.110549926757812 -0.0159912109375 0.077423095703125
-0.0293655395507812 -0.130126953125 -0.0726470947265625 0.0776596069335938
0.068389892578125 -0.154159545898438 -0.104598999023438 0.011474609375
0.115837097167969 -0.117912292480469 -0.0649337768554687 -0.0274467468261719
0.163070678710938 -0.108444213867188 0.0498886108398438 -0.0417098999023438
0.179946899414063 -0.0516204833984375 -0.00438690185546875 -0.0965805053710938
0.17291259765625 -0.0627593994140625 0.078216552734375 -0.0900497436523438
0.132064819335938 -0.144699096679688 0.0874099731445313 -0.107162475585938
0.051055908203125 -0.140945434570313 0.04864501953125 -0.112030029296875
-0.0056610107421875 -0.138397216796875 0.027069091796875 -0.0817108154296875
-0.0587692260742188 -0.103408813476563 0.00811004638671875 -0.0464591979980469
-0.087005615234375 -0.0652542114257813 0.00970077514648437 -0.0218372344970703
-0.09173583984375 -0.063323974609375 0.0217761993408203 -0.00431632995605469
-0.0969924926757813 -0.0526199340820312 0.0328311920166016 0.0247898101806641
-0.0636672973632813 -0.0807723999023438 0.0334625244140625 0.0667686462402344
-0.0410919189453125 -0.110580444335938 -0.00217437744140624 0.0920257568359375
-0.00621795654296874 -0.126258850097656 -0.0634918212890625 0.0795669555664062
0.0927886962890625 -0.138771057128906 -0.0908355712890625 0.00448608398437501
0.13909912109375 -0.0924835205078125 -0.0403823852539062 -0.0521049499511719
0.173599243164063 -0.066741943359375 0.101303100585938 -0.063995361328125
0.148513793945313 -0.0164337158203125 0.0446548461914063 -0.11273193359375
0.152359008789063 -0.0435638427734375 0.0982742309570313 -0.109237670898438
0.1123046875 -0.122734069824219 0.08740234375 -0.0974578857421875
0.0375442504882812 -0.118537902832031 0.0572738647460938 -0.087371826171875
-0.0089111328125 -0.112129211425781 0.0439567565917969 -0.0525588989257813
-0.0500411987304687 -0.0832748413085938 0.0414657592773438 -0.0218658447265625
-0.0697212219238281 -0.0555419921875 0.048583984375 -0.00952529907226563
-0.074066162109375 -0.0573348999023438 0.0532417297363281 0.00828552246093749
-0.0775222778320313 -0.0520477294921875 0.0627479553222656 0.0416221618652344
-0.0435028076171875 -0.0738067626953125 0.0514907836914062 0.08984375
-0.0196151733398438 -0.0967788696289063 0.004547119140625 0.108650207519531
0.0120697021484375 -0.107292175292969 -0.0536956787109375 0.08172607421875
0.102081298828125 -0.108474731445313 -0.0708084106445313 0.00469207763671873
0.143096923828125 -0.0556793212890625 -0.00834274291992187 -0.0595207214355469
0.158523559570313 -0.0168609619140625 0.148544311523438 -0.065765380859375
0.0949935913085938 0.0258255004882813 0.0733795166015625 -0.116317749023438
0.107368469238281 -0.01080322265625 0.105239868164062 -0.115715026855469
0.0765609741210938 -0.07183837890625 0.0865936279296875 -0.0811614990234375
0.024566650390625 -0.0678787231445313 0.0684318542480469 -0.0670013427734375
-0.00116348266601562 -0.0642547607421875 0.05743408203125 -0.0327033996582031
-0.0265960693359375 -0.0526390075683594 0.0653953552246094 -0.00872039794921876
-0.0393714904785156 -0.0387420654296875 0.0760955810546875 -0.002349853515625
-0.04620361328125 -0.0414924621582031 0.0753326416015625 0.0204238891601562
-0.051361083984375 -0.0400619506835938 0.0845413208007813 0.0589523315429688
-0.0272064208984375 -0.0530319213867187 0.0622100830078125 0.110946655273438
-0.01025390625 -0.0697021484375 0.00637054443359375 0.123146057128906
0.014801025390625 -0.0784683227539063 -0.0441741943359375 0.0863265991210938
0.0891952514648438 -0.075531005859375 -0.0491867065429687 0.0153083801269531
0.123329162597656 -0.0204010009765625 0.0211219787597656 -0.0483551025390625
0.118202209472656 0.028961181640625 0.185134887695313 -0.049285888671875
-0.0531883239746094 -0.0557212829589844 -0.195648193359375 0.0465545654296875
-0.0681648254394531 0.00861358642578125 -0.0526809692382813 0.0348930358886719
-0.0438156127929688 0.0502510070800781 0.0378379821777344 -0.03662109375
0.00546646118164063 0.0476112365722656 0.0394134521484375 -0.0994415283203125
0.0159130096435547 0.0303955078125 0.00218200683593751 -0.136344909667969
0.0124282836914063 0.0204048156738281 -0.0717544555664063 -0.13818359375
0.00876045227050781 0.0220870971679688 -0.112327575683594 -0.0703811645507813
0.00632095336914062 0.0258445739746094 -0.0991897583007813 -0.0295486450195312
0.00031280517578125 0.0259017944335938 -0.0892105102539063 -0.000885009765625016
-0.0173912048339844 0.0124073028564453 -0.088043212890625 0.00997924804687501
-0.0192203521728516 0.00580406188964843 -0.0748367309570313 0.0367813110351563
-0.0198249816894531 0.0110931396484375 -0.0826339721679687 0.0554046630859375
-0.0410423278808594 -0.00220489501953125 -0.105972290039063 0.0580902099609375
-0.0501518249511719 -0.0330581665039063 -0.100303649902344 0.108558654785156
-0.0459060668945313 -0.0700950622558594 -0.0856170654296875 0.11077880859375
0.0191650390625 -0.0791549682617187 -0.19390869140625 0.018402099609375
-0.0102272033691406 -0.0153512954711914 -0.0495986938476563 0.0112113952636719
0.00064373016357422 0.00880146026611328 0.0365333557128906 -0.0604248046875
0.0276374816894531 0.00851249694824219 0.0315399169921875 -0.113868713378906
0.0230693817138672 -0.0124950408935547 0.000198364257812507 -0.1419677734375
-0.000432968139648436 -0.0184326171875 -0.0721817016601562 -0.138992309570313
-0.0220928192138672 -0.0049896240234375 -0.111663818359375 -0.0731353759765625
-0.0307273864746094 0.000511169433593747 -0.0957717895507813 -0.0322723388671875
-0.041656494140625 0.00656890869140626 -0.086090087890625 -0.000495910644531246
-0.0505218505859375 -0.0168800354003906 -0.0810089111328125 0.0159072875976563
-0.0458717346191406 -0.0404548645019531 -0.0708999633789062 0.043701171875
-0.0297966003417969 -0.047943115234375 -0.0888442993164063 0.0597000122070312
-0.00679779052734375 -0.0660972595214844 -0.110992431640625 0.0435104370117187
0.000854492187499995 -0.0770645141601563 -0.0956649780273437 0.0831222534179688
0.0218658447265625 -0.109275817871094 -0.0717926025390625 0.081787109375
0.0899429321289063 -0.0922470092773438 -0.168960571289063 -0.0104217529296875
0.056182861328125 -0.0386085510253906 -0.0281181335449219 -0.0118751525878906
0.0499496459960938 -0.0427284240722656 0.048126220703125 -0.0826034545898438
0.0461692810058594 -0.040374755859375 0.0300140380859375 -0.129310607910156
0.0239067077636719 -0.061004638671875 -0.001739501953125 -0.142135620117188
-0.0171852111816406 -0.0573539733886719 -0.0670547485351562 -0.12811279296875
-0.0517692565917969 -0.031951904296875 -0.0979690551757812 -0.067352294921875
-0.0636711120605469 -0.0246696472167969 -0.0783233642578125 -0.0308074951171875
-0.0773086547851563 -0.0117416381835938 -0.0672187805175781 0.00189590454101563
-0.0757522583007813 -0.041168212890625 -0.057861328125 0.0247383117675781
-0.067840576171875 -0.075225830078125 -0.0556602478027344 0.0547714233398438
-0.0415267944335937 -0.0924148559570313 -0.0873489379882812 0.0693740844726563
0.0178070068359375 -0.118247985839844 -0.115135192871094 0.0337371826171875
0.0446014404296875 -0.11126708984375 -0.089996337890625 0.048980712890625
0.0823898315429688 -0.133583068847656 -0.041900634765625 0.0408477783203125
0.148040771484375 -0.093292236328125 -0.122581481933594 -0.0397415161132813
0.118362426757813 -0.0596160888671875 0.00679779052734376 -0.0355339050292969
0.0938873291015625 -0.0979156494140625 0.0655975341796875 -0.098846435546875
0.056549072265625 -0.0930862426757813 0.0344619750976562 -0.136253356933594
0.015045166015625 -0.106613159179688 0.00209045410156251 -0.133613586425781
-0.0370254516601563 -0.0890350341796875 -0.0526580810546875 -0.1063232421875
-0.0764236450195312 -0.0532684326171875 -0.0700416564941406 -0.0536766052246094
-0.08734130859375 -0.045013427734375 -0.0496788024902344 -0.0247650146484375
-0.100028991699219 -0.0279159545898437 -0.0370368957519531 0.00547409057617187
-0.08709716796875 -0.0600051879882813 -0.026296615600586 0.0349922180175781
-0.07470703125 -0.0988922119140625 -0.0350837707519531 0.0672454833984375
-0.0442276000976563 -0.120292663574219 -0.08001708984375 0.0777816772460937
0.040679931640625 -0.150314331054688 -0.11529541015625 0.0245819091796875
0.0830307006835938 -0.12762451171875 -0.0821075439453125 0.0109024047851562
0.131202697753906 -0.135597229003906 -0.0011305809020996 -0.00378632545471192
0.181137084960938 -0.080841064453125 -0.0624008178710937 -0.0693855285644531
0.162384033203125 -0.0712127685546875 0.0458106994628906 -0.0625114440917969
0.1240234375 -0.1383056640625 0.0798187255859375 -0.107215881347656
0.05841064453125 -0.133209228515625 0.040618896484375 -0.130645751953125
0.00172424316406249 -0.137527465820313 0.0122909545898438 -0.112350463867188
-0.0546875 -0.105995178222656 -0.025299072265625 -0.0767288208007813
-0.0907211303710938 -0.0648956298828125 -0.0323143005371094 -0.0375709533691406
-0.0977859497070313 -0.0585479736328125 -0.0142831802368164 -0.0154590606689453
-0.107177734375 -0.0426177978515625 -0.00122928619384766 0.0132236480712891
-0.0819854736328125 -0.0748519897460938 0.00701522827148437 0.0484619140625
-0.065338134765625 -0.111801147460938 -0.01507568359375 0.0803146362304687
-0.03125 -0.132209777832031 -0.071441650390625 0.0825347900390625
0.066375732421875 -0.157485961914063 -0.108489990234375 0.01617431640625
0.116569519042969 -0.121841430664063 -0.067535400390625 -0.0250816345214844
0.163803100585938 -0.112197875976563 0.0476188659667969 -0.0418891906738281
0.181732177734375 -0.0565185546875 -0.00221252441406249 -0.0948944091796875
0.17340087890625 -0.0679473876953125 0.0791549682617188 -0.08990478515625
0.129562377929688 -0.149642944335938 0.0870437622070313 -0.107917785644531
0.049560546875 -0.143753051757813 0.0479736328125 -0.112129211425781
-0.00916290283203125 -0.140357971191406 0.0272216796875 -0.082489013671875
-0.0616607666015625 -0.103836059570313 0.00823593139648438 -0.0466156005859375
-0.0894393920898438 -0.0652618408203125 0.0107574462890625 -0.0220813751220703
-0.094024658203125 -0.0623092651367188 0.0219345092773437 -0.00329399108886719
-0.0987014770507812 -0.050811767578125 0.0343875885009766 0.0261878967285156
-0.06549072265625 -0.0810470581054688 0.0348434448242187 0.0680999755859375
-0.0428848266601562 -0.112060546875 -0.000587463378906255 0.0951919555664063
-0.00766754150390626 -0.127975463867188 -0.0623779296875 0.0847549438476563
0.090545654296875 -0.142303466796875 -0.0940399169921875 0.00885772705078124
0.139350891113281 -0.0964126586914063 -0.0433616638183594 -0.0505943298339844
0.174285888671875 -0.0702667236328125 0.0988082885742188 -0.0656585693359375
0.150527954101563 -0.0211029052734375 0.0461578369140625 -0.112800598144531
0.152877807617188 -0.0488128662109375 0.0994644165039063 -0.110298156738281
0.109855651855469 -0.126518249511719 0.087921142578125 -0.098907470703125
0.0356292724609375 -0.120002746582031 0.0572280883789062 -0.0880508422851563
-0.0125045776367187 -0.112899780273438 0.0442428588867187 -0.0527763366699219
-0.0526046752929688 -0.083099365234375 0.0427169799804688 -0.0223846435546875
-0.0718231201171875 -0.0554885864257812 0.0497894287109375 -0.0100326538085938
-0.0759658813476563 -0.0555267333984375 0.0532684326171875 0.0093231201171875
-0.07867431640625 -0.0507354736328125 0.0646896362304688 0.0427742004394531
-0.045166015625 -0.0743637084960937 0.0536346435546875 0.090850830078125
-0.0216064453125 -0.0972518920898437 0.00659942626953124 0.11212158203125
0.0113601684570312 -0.107955932617188 -0.0535507202148437 0.0862808227539063
0.100357055664062 -0.111495971679688 -0.0738677978515625 0.00769042968749998
0.143325805664063 -0.0595703125 -0.0114250183105469 -0.0587997436523438
0.159744262695313 -0.0210723876953125 0.146987915039063 -0.0681304931640625
0.0966262817382813 0.0225296020507813 0.0752182006835938 -0.117424011230469
0.107032775878906 -0.0151596069335938 0.105094909667969 -0.1171875
0.0740127563476563 -0.0749664306640625 0.087005615234375 -0.0825576782226562
0.0223579406738281 -0.068511962890625 0.0685348510742188 -0.0681610107421875
-0.00325393676757813 -0.06427001953125 0.058685302734375 -0.0333900451660156
-0.0278854370117188 -0.0518646240234375 0.0669212341308594 -0.00949859619140626
-0.0397796630859375 -0.0383949279785156 0.077728271484375 -0.00405120849609375
-0.0468597412109375 -0.0399246215820313 0.0765151977539063 0.0198745727539063
-0.0513496398925781 -0.0388526916503906 0.0862503051757812 0.059112548828125
-0.0275611877441406 -0.0531578063964844 0.0648956298828125 0.111427307128906
-0.0116081237792969 -0.0693702697753906 0.00909423828124999 0.126068115234375
0.0138015747070312 -0.0780487060546875 -0.0439910888671875 0.0904769897460937
0.086883544921875 -0.0766220092773438 -0.0513877868652344 0.0170936584472656
0.122566223144531 -0.0244903564453125 0.0186309814453125 -0.0480461120605469
0.119613647460938 0.0258560180664063 0.183624267578125 -0.0518798828125
-0.0530166625976562 -0.0543060302734375 -0.198486328125 0.05035400390625
-0.0676460266113281 0.0103797912597656 -0.052978515625 0.0376510620117188
-0.0423965454101563 0.0516586303710938 0.0403518676757813 -0.0383720397949219
0.00659561157226563 0.0465469360351563 0.0414276123046875 -0.103294372558594
0.01678466796875 0.0296001434326172 0.00155639648437501 -0.142532348632813
0.0125389099121094 0.0202617645263672 -0.0763702392578125 -0.142486572265625
0.00889205932617188 0.0222301483154297 -0.115875244140625 -0.0713119506835938
0.00660133361816406 0.0254650115966797 -0.101737976074219 -0.0291671752929688
0.000202178955078125 0.0256767272949219 -0.09259033203125 0.000267028808593755
-0.018035888671875 0.0122241973876953 -0.0917282104492188 0.0119094848632813
-0.0196075439453125 0.00558853149414062 -0.0769577026367188 0.0389480590820312
-0.0191173553466797 0.0104179382324219 -0.0853424072265625 0.0580062866210938
-0.0404090881347656 -0.00225067138671876 -0.110160827636719 0.0609130859375
-0.0507774353027344 -0.0317840576171875 -0.1029052734375 0.112205505371094
-0.0470199584960937 -0.0686836242675781 -0.0892105102539063 0.113731384277344
0.0208358764648438 -0.0793228149414063 -0.19598388671875 0.022125244140625
-0.00814437866210938 -0.0149164199829102 -0.0494842529296875 0.0130805969238281
0.00322866439819336 0.00792837142944336 0.0379524230957031 -0.0625534057617188
0.0293598175048828 0.00671768188476563 0.0323333740234375 -0.117652893066406
0.0240840911865234 -0.0156135559082031 -0.000732421875000001 -0.147079467773438
-0.00110816955566406 -0.0202732086181641 -0.0761871337890625 -0.142745971679688
-0.0233917236328125 -0.00578880310058593 -0.114486694335938 -0.0741958618164063
-0.0314407348632813 0.000131607055664067 -0.098175048828125 -0.030975341796875
-0.0433235168457031 0.00628662109375 -0.0888748168945313 0.0017547607421875
-0.0531730651855469 -0.0175590515136719 -0.0838851928710938 0.0184402465820312
-0.0477828979492188 -0.0416984558105469 -0.0728607177734375 0.0463485717773437
-0.0301132202148437 -0.0505218505859375 -0.0915908813476563 0.0633773803710938
-0.00670242309570313 -0.0684013366699219 -0.115814208984375 0.0469284057617187
0.00141906738281251 -0.0781478881835938 -0.098541259765625 0.0869827270507812
0.02191162109375 -0.110107421875 -0.0751724243164063 0.0839691162109375
0.0941314697265625 -0.0936660766601563 -0.169967651367188 -0.00712585449218753
0.0598411560058594 -0.0389518737792969 -0.0268173217773437 -0.0105667114257812
0.0529708862304687 -0.0454788208007813 0.0495071411132813 -0.0849533081054688
0.04864501953125 -0.043121337890625 0.0302581787109375 -0.132560729980469
0.0243721008300781 -0.0647544860839844 -0.00239562988281251 -0.146652221679688
-0.0185699462890625 -0.0603065490722656 -0.0705184936523438 -0.130935668945313
-0.0542755126953125 -0.0338249206542969 -0.100639343261719 -0.0681381225585937
-0.0663642883300781 -0.0250930786132812 -0.0797042846679688 -0.0296478271484375
-0.0802078247070313 -0.0117568969726563 -0.0687103271484375 0.00407409667968751
-0.0789566040039063 -0.0424118041992187 -0.0599594116210938 0.0273628234863281
-0.0706939697265625 -0.0775299072265625 -0.0571212768554687 0.05877685546875
-0.0432586669921875 -0.0961837768554688 -0.0895767211914063 0.0744400024414063
0.017730712890625 -0.122787475585938 -0.120475769042969 0.037994384765625
0.046722412109375 -0.114540100097656 -0.0934677124023437 0.0519561767578125
0.0842208862304688 -0.13653564453125 -0.04522705078125 0.0421257019042969
0.153305053710938 -0.0973358154296875 -0.122367858886719 -0.03729248046875
0.123321533203125 -0.0627212524414063 0.00885963439941407 -0.0342464447021484
0.0973281860351563 -0.102462768554688 0.0671615600585938 -0.100639343261719
0.059478759765625 -0.0972518920898438 0.0345993041992188 -0.138633728027344
0.0147247314453125 -0.111732482910156 0.00146484375000001 -0.136985778808594
-0.03912353515625 -0.0925979614257813 -0.0541305541992188 -0.108245849609375
-0.0799179077148438 -0.0548553466796875 -0.07196044921875 -0.0541610717773438
-0.090850830078125 -0.0456390380859375 -0.0501518249511719 -0.0230865478515625
-0.103324890136719 -0.0280685424804687 -0.0372657775878906 0.0080413818359375
-0.0905075073242188 -0.0618438720703125 -0.0268173217773438 0.0374412536621094
-0.0790939331054687 -0.100975036621094 -0.0354232788085938 0.0713653564453125
-0.0455093383789062 -0.124519348144531 -0.0819778442382813 0.0836563110351562
0.040130615234375 -0.155654907226563 -0.120475769042969 0.0299606323242187
0.0855712890625 -0.132484436035156 -0.0859832763671875 0.0134506225585937
0.134025573730469 -0.139266967773438 -0.00329542160034179 -0.00358009338378907
0.1865234375 -0.0857391357421875 -0.0613784790039062 -0.0684242248535156
0.16668701171875 -0.075714111328125 0.0481643676757813 -0.06268310546875
0.125869750976563 -0.144668579101563 0.0819168090820313 -0.10919189453125
0.0598373413085938 -0.137969970703125 0.041259765625 -0.132621765136719
0.000289916992187498 -0.142120361328125 0.0120620727539063 -0.115524291992188
-0.0577392578125 -0.109474182128906 -0.0256805419921875 -0.0780563354492188
-0.0948257446289063 -0.0660781860351563 -0.0326461791992188 -0.0379409790039063
-0.102020263671875 -0.0591201782226562 -0.0137233734130859 -0.0137786865234375
-0.110923767089844 -0.0425338745117188 -0.000230789184570318 0.0153369903564453
-0.0856399536132813 -0.0771560668945313 0.00728607177734374 0.0514144897460937
-0.068939208984375 -0.114654541015625 -0.0141372680664062 0.0850296020507812
-0.0320663452148438 -0.136375427246094 -0.0726852416992188 0.0892410278320313
0.0665435791015625 -0.163360595703125 -0.11370849609375 0.0203323364257813
0.119598388671875 -0.12738037109375 -0.0713119506835938 -0.0232772827148437
0.167312622070313 -0.116775512695313 0.0461654663085938 -0.0429534912109375
0.1868896484375 -0.061065673828125 0.000633239746093762 -0.0951690673828125
0.177841186523438 -0.072998046875 0.0823974609375 -0.091278076171875
0.13037109375 -0.156524658203125 0.089447021484375 -0.109764099121094
0.050262451171875 -0.148818969726563 0.0492935180664062 -0.113723754882813
-0.0113677978515625 -0.144332885742187 0.0279922485351562 -0.0843048095703125
-0.065032958984375 -0.1064453125 0.0100517272949219 -0.0471611022949219
-0.0932693481445312 -0.0662155151367188 0.0117607116699219 -0.0221710205078125
-0.0973281860351562 -0.0621185302734375 0.0236167907714844 -0.00165748596191407
-0.102035522460938 -0.0513534545898438 0.0356254577636719 0.0282173156738281
-0.0686416625976563 -0.0841903686523438 0.0360946655273437 0.0708236694335937
-0.0459823608398438 -0.115272521972656 0.00124359130859374 0.100776672363281
-0.00801849365234374 -0.131477355957031 -0.0627593994140625 0.090606689453125
0.09124755859375 -0.147705078125 -0.0989151000976563 0.0127792358398438
0.14239501953125 -0.101287841796875 -0.04718017578125 -0.0496101379394531
0.178878784179688 -0.0751190185546875 0.09857177734375 -0.06689453125
0.154876708984375 -0.0251007080078125 0.04974365234375 -0.114402770996094
0.15576171875 -0.053863525390625 0.102714538574219 -0.112518310546875
0.108833312988281 -0.132331848144531 0.0905075073242188 -0.101043701171875
0.0352706909179688 -0.123420715332031 0.0587539672851563 -0.08990478515625
-0.014556884765625 -0.115669250488281 0.0458106994628906 -0.0541000366210938
-0.0554656982421875 -0.0847091674804688 0.0452232360839844 -0.0229682922363281
-0.0748214721679688 -0.056060791015625 0.0513648986816406 -0.0110855102539063
-0.0785903930664063 -0.0555267333984375 0.0557479858398437 0.0101394653320312
-0.080657958984375 -0.0504608154296875 0.0667686462402344 0.0446395874023438
-0.0467300415039063 -0.0771713256835938 0.0564193725585937 0.0939254760742187
-0.0227508544921875 -0.0997085571289063 0.00835418701171875 0.117691040039062
0.0114288330078125 -0.111396789550781 -0.0537643432617187 0.092071533203125
0.101264953613281 -0.115272521972656 -0.0774917602539063 0.0105972290039062
0.145782470703125 -0.06353759765625 -0.014434814453125 -0.0585594177246094
0.164230346679688 -0.024017333984375 0.148147583007813 -0.0703125
0.0989532470703125 0.0199508666992188 0.0791168212890625 -0.11956787109375
0.108589172363281 -0.0181503295898437 0.108985900878906 -0.119979858398438
0.072998046875 -0.0779190063476562 0.0897598266601563 -0.08453369140625
0.0215492248535156 -0.0699691772460938 0.0701522827148438 -0.0699691772460938
-0.00503158569335938 -0.0653114318847656 0.0606002807617188 -0.0343513488769531
-0.0299758911132812 -0.0519218444824219 0.0709304809570313 -0.0108413696289063
-0.0411109924316406 -0.0389938354492188 0.0802383422851563 -0.00522613525390625
-0.0480270385742188 -0.0389976501464844 0.0782852172851563 0.0202102661132812
-0.0517082214355469 -0.0384635925292969 0.0894012451171875 0.060516357421875
-0.0281562805175781 -0.054351806640625 0.0677261352539063 0.114654541015625
-0.0120468139648437 -0.0704269409179688 0.0101699829101563 0.131492614746094
0.0139236450195313 -0.0797348022460937 -0.04400634765625 0.0958251953125
0.0866546630859375 -0.0795364379882813 -0.055572509765625 0.0195045471191406
0.123687744140625 -0.0266342163085938 0.0163764953613281 -0.0481948852539063
0.122909545898437 0.02447509765625 0.186737060546875 -0.0551910400390625
-0.0549850463867188 -0.0532608032226563 -0.203842163085938 0.0567779541015625
-0.0685081481933594 0.0127754211425781 -0.0529098510742188 0.0406227111816406
-0.0411529541015625 0.0541191101074219 0.0420913696289062 -0.0414848327636719
0.00802230834960937 0.0464630126953125 0.0423812866210938 -0.109161376953125
0.0189056396484375 0.0291309356689453 -0.00148010253906251 -0.1505126953125
0.0132598876953125 0.0208473205566406 -0.0838623046875 -0.147430419921875
0.00911903381347656 0.0220012664794922 -0.122138977050781 -0.0720596313476563
0.00727653503417969 0.0256843566894531 -0.106285095214844 -0.0279693603515625
0.000114440917968749 0.0264492034912109 -0.097259521484375 0.00273132324218752
-0.0196075439453125 0.0131168365478516 -0.0962448120117187 0.01519775390625
-0.0207099914550781 0.00521087646484375 -0.0798568725585938 0.042633056640625
-0.0185260772705078 0.0100822448730469 -0.088836669921875 0.06280517578125
-0.0406341552734375 -0.00167465209960937 -0.11505126953125 0.0659027099609375
-0.0526008605957031 -0.0311279296875 -0.105926513671875 0.118148803710937
-0.0493049621582031 -0.0684967041015625 -0.092803955078125 0.119056701660156
0.022064208984375 -0.08184814453125 -0.201202392578125 0.027862548828125
-0.00620555877685547 -0.0143117904663086 -0.0497856140136719 0.0157356262207031
0.00582027435302734 0.00700759887695313 0.0399246215820312 -0.0655860900878906
0.0315151214599609 0.00414085388183594 0.0328903198242187 -0.123794555664062
0.0247783660888672 -0.0189495086669922 -0.003570556640625 -0.15472412109375
-0.00224876403808594 -0.0224475860595703 -0.0829315185546875 -0.147689819335937
-0.0256099700927734 -0.00687026977539062 -0.121040344238281 -0.07470703125
-0.0342655181884766 0.000242233276367187 -0.101699829101562 -0.0301437377929687
-0.0457954406738281 0.00710678100585937 -0.0923080444335938 0.00444793701171873
-0.0564765930175781 -0.0175895690917969 -0.0879058837890625 0.0223007202148438
-0.051300048828125 -0.0436859130859375 -0.075469970703125 0.050994873046875
-0.0320358276367187 -0.0535430908203125 -0.0947341918945313 0.06964111328125
-0.00731658935546874 -0.0713348388671875 -0.122528076171875 0.0531234741210937
0.0021209716796875 -0.0811920166015625 -0.102020263671875 0.0929794311523438
0.0220794677734375 -0.113296508789063 -0.0798568725585938 0.088653564453125
0.09796142578125 -0.099090576171875 -0.174560546875 -0.00349426269531248
0.0637016296386719 -0.04180908203125 -0.0264511108398438 -0.00905418395996094
0.0563926696777344 -0.0495643615722656 0.0511627197265625 -0.0880355834960938
0.0513954162597656 -0.0481376647949219 0.0301971435546875 -0.138038635253906
0.0243721008300781 -0.0700721740722656 -0.0048065185546875 -0.154449462890625
-0.0212860107421875 -0.0641326904296875 -0.0754623413085937 -0.135536193847656
-0.058319091796875 -0.0352935791015625 -0.105010986328125 -0.0679550170898438
-0.0703964233398437 -0.0251235961914063 -0.0823745727539063 -0.0282058715820313
-0.084625244140625 -0.010711669921875 -0.0709609985351563 0.0071563720703125
-0.0842819213867188 -0.0431442260742187 -0.0627822875976563 0.0311203002929687
-0.0763778686523438 -0.0800323486328125 -0.0586128234863281 0.064056396484375
-0.0465469360351562 -0.10125732421875 -0.0919342041015625 0.0814208984375
0.0168914794921875 -0.128875732421875 -0.127220153808594 0.0444259643554688
0.048370361328125 -0.120361328125 -0.0979537963867188 0.0571365356445313
0.0861663818359375 -0.14276123046875 -0.0489234924316406 0.0448989868164062
0.1591796875 -0.10443115234375 -0.124618530273438 -0.034515380859375
0.128555297851563 -0.0679473876953125 0.0105972290039063 -0.0347023010253906
0.100410461425781 -0.109970092773438 0.0687332153320312 -0.105094909667969
0.0614395141601562 -0.104362487792969 0.034515380859375 -0.144668579101562
0.0127029418945313 -0.11785888671875 -0.0012054443359375 -0.143844604492188
-0.0438613891601563 -0.0973587036132813 -0.0577392578125 -0.111801147460937
-0.0858001708984375 -0.0570755004882813 -0.075714111328125 -0.0545730590820313
-0.0967864990234375 -0.0460128784179688 -0.0517005920410156 -0.0224113464355469
-0.109375 -0.0271682739257812 -0.0377960205078125 0.0107650756835938
-0.096527099609375 -0.0636520385742188 -0.0277328491210938 0.0415611267089844
-0.08563232421875 -0.104438781738281 -0.0355148315429688 0.0773162841796875
-0.049896240234375 -0.131134033203125 -0.083251953125 0.0917816162109375
0.038848876953125 -0.164520263671875 -0.127227783203125 0.0366287231445312
0.0878448486328125 -0.139991760253906 -0.0904922485351563 0.0171585083007812
0.138015747070313 -0.147735595703125 -0.00634765624999999 -0.00321960449218751
0.194915771484375 -0.0945892333984375 -0.0614242553710937 -0.0676803588867188
0.172698974609375 -0.0830841064453125 0.0523452758789063 -0.064208984375
0.128555297851563 -0.1544189453125 0.0843658447265625 -0.114028930664063
0.0604248046875 -0.145797729492188 0.0419464111328125 -0.137557983398438
-0.00291442871093751 -0.14910888671875 0.0103302001953125 -0.120155334472656
-0.0630874633789063 -0.114212036132813 -0.027130126953125 -0.0806121826171875
-0.100975036621094 -0.067840576171875 -0.0336875915527344 -0.0380630493164063
-0.108306884765625 -0.0587081909179687 -0.013768196105957 -0.012700080871582
-0.116966247558594 -0.0418624877929688 0.000858306884765618 0.0182571411132812
-0.0915374755859375 -0.079803466796875 0.0089263916015625 0.0551567077636719
-0.07464599609375 -0.118812561035156 -0.01239013671875 0.0911941528320313
-0.0357666015625 -0.143310546875 -0.072418212890625 0.0974197387695312
0.066070556640625 -0.172454833984375 -0.120216369628906 0.0271759033203125
0.123359680175781 -0.135566711425781 -0.077056884765625 -0.0210494995117188
0.173309326171875 -0.1259765625 0.045013427734375 -0.0451087951660156
0.194168090820312 -0.0695648193359375 0.00244903564453125 -0.0975570678710938
0.182891845703125 -0.081329345703125 0.0871047973632813 -0.0950927734375
0.13128662109375 -0.166976928710938 0.092559814453125 -0.115013122558594
0.050445556640625 -0.156158447265625 0.0493850708007812 -0.118118286132813
-0.0159759521484375 -0.15020751953125 0.027923583984375 -0.0878829956054688
-0.07061767578125 -0.109649658203125 0.0114898681640625 -0.0491943359375
-0.099609375 -0.0670852661132812 0.0123195648193359 -0.0233554840087891
-0.103431701660156 -0.0625534057617188 0.0254230499267578 -0.000923156738281254
-0.107513427734375 -0.0506134033203125 0.0394248962402344 0.0302162170410156
-0.0739364624023438 -0.0872802734375 0.0398483276367187 0.0744247436523437
-0.0506439208984375 -0.120285034179688 0.00428009033203123 0.107650756835937
-0.0104141235351563 -0.138236999511719 -0.0629348754882812 0.0988540649414063
0.09130859375 -0.156509399414063 -0.105018615722656 0.0183334350585937
0.147140502929688 -0.109390258789063 -0.0519561767578125 -0.0487174987792969
0.18609619140625 -0.082611083984375 0.0996246337890625 -0.071014404296875
0.160995483398438 -0.0312957763671875 0.053192138671875 -0.118316650390625
0.159988403320313 -0.06085205078125 0.10748291015625 -0.118026733398437
0.109237670898438 -0.140609741210938 0.09429931640625 -0.105796813964844
0.034423828125 -0.129035949707031 0.0603866577148437 -0.0936737060546875
-0.01898193359375 -0.119804382324219 0.04766845703125 -0.0573005676269531
-0.0599136352539063 -0.086761474609375 0.0489234924316406 -0.0251884460449219
-0.07952880859375 -0.0569076538085938 0.0542373657226562 -0.0131187438964844
-0.0827102661132812 -0.0556564331054688 0.0585289001464844 0.0108375549316406
-0.084320068359375 -0.0508346557617188 0.0714645385742188 0.0459747314453125
-0.0503692626953125 -0.0797882080078125 0.0609512329101562 0.0977935791015625
-0.0266799926757812 -0.103927612304688 0.0120010375976563 0.124702453613281
0.0104217529296875 -0.11663818359375 -0.05352783203125 0.0998077392578125
0.101661682128906 -0.122428894042969 -0.0830535888671875 0.014678955078125
0.150131225585938 -0.0702056884765625 -0.0179634094238281 -0.0588264465332031
0.1715087890625 -0.0299835205078125 0.15142822265625 -0.07501220703125
0.103134155273437 0.017120361328125 0.083526611328125 -0.12567138671875
0.1109619140625 -0.0224533081054688 0.113128662109375 -0.12652587890625
0.0726699829101563 -0.0828781127929688 0.0943145751953125 -0.089263916015625
0.0207748413085937 -0.072906494140625 0.0733718872070313 -0.0736618041992187
-0.007659912109375 -0.0669975280761719 0.0639305114746094 -0.0367622375488281
-0.0324783325195312 -0.0520858764648438 0.07513427734375 -0.01287841796875
-0.0441970825195313 -0.0397796630859375 0.08441162109375 -0.007354736328125
-0.0501861572265625 -0.0393295288085937 0.0826034545898438 0.02081298828125
-0.054107666015625 -0.0381660461425781 0.0945587158203125 0.0615005493164063
-0.0305099487304688 -0.056396484375 0.0729293823242188 0.118896484375
-0.013275146484375 -0.0725631713867188 0.0152130126953125 0.139366149902344
0.0138626098632813 -0.082611083984375 -0.0435409545898438 0.102783203125
0.0871124267578125 -0.0840225219726563 -0.059478759765625 0.02276611328125
0.127021789550781 -0.0314788818359375 0.0143280029296875 -0.0492706298828125
0.127838134765625 0.02105712890625 0.19134521484375 -0.060272216796875
0.0080739120802085 0.0624065502974409 -0.156364971283086 -0.147223164419702
0.058982985315918 0.0412981840329064 -0.0597938148335481 -0.0409480851709547
0.0666964813675547 0.0071286729358372 0.0569422336992627 0.00363745892110458
0.0314922408952701 -0.0291796262737026 0.112653859534408 -0.0206745929158587
0.00863441692730405 -0.0187828883523199 0.139155417421715 -0.0877221941702536
0.0139784592776681 -0.00595301229778023 0.094311938855071 -0.146786728243284
0.0226448475772047 -0.015246588119047 0.0229861434368612 -0.147374147619631
0.0219152583720017 -0.0205278897679169 -0.0264245701378094 -0.119071542856096
0.0296561917369374 -0.0131360207756694 -0.0469161806188429 -0.0953923128726587
0.0294725501395352 0.00539957022289977 -0.0609688966845936 -0.0807600337027803
0.0222810898330394 0.0112557747095328 -0.0801276941379843 -0.0579489890750488
0.024827617538998 0.0074339493984741 -0.10502361138983 -0.0565937195641924
0.0377559576578039 0.0265131936645274 -0.119679293101023 -0.064382953893247
0.0140348388126235 0.0519670158402652 -0.152628381630561 -0.0348743506785331
-0.0241533124414566 0.0652087708797761 -0.146557767839125 0.0036180158384548
-0.0577240592378449 0.0171766931828795 -0.133056036109264 -0.148146161353215
-0.00473300528226013 0.00981933514140921 -0.0378047553042927 -0.0369526910913874
-0.00129542462121432 -0.00320423524264884 0.0836012364881272 0.00452943336911044
-0.0236849778061562 -0.0188100267262302 0.128197202007165 -0.0243305214734648
-0.0316054696242033 0.0129878358247555 0.149735698682263 -0.0885462407432532
-0.0104230477914335 0.0343774692012545 0.102166525839499 -0.144453869265455
0.0149267475257679 0.0329752693260283 0.0336798141086308 -0.146561848973803
0.0296071007178706 0.0272627726215556 -0.0185374934480864 -0.118184717280069
0.0404334044080857 0.0389030911181674 -0.0415246664082831 -0.0909889663797545
0.0276964425722447 0.0557117413031367 -0.0558546792391259 -0.0695221710315614
0.00700126460488348 0.0683000635048856 -0.0783731419941438 -0.0467939453620147
-0.0226553180817854 0.0594170710511838 -0.10600195457871 -0.0509458368671557
-0.0348650902651186 0.0564871540908143 -0.110645556314741 -0.069931636798876
-0.0580547299523052 0.0418882359323494 -0.131701729374632 -0.0359574949793778
-0.097676878012454 0.0337430213991258 -0.122109230000663 0.00103482885829547
-0.115927383009895 -0.0324502090189675 -0.0941659381385113 -0.129589197403025
-0.0757191703296964 -0.0280276230412835 -0.00765830578716786 -0.0111631211170651
-0.0809838414310292 -0.0091389808366441 0.118795528373602 0.02165443525609
-0.0841704163499266 0.00255269176476751 0.151684872862633 -0.0213799993429698
-0.0698784389906669 0.0519770555983076 0.155546707985062 -0.0879117474516878
-0.0315081980948426 0.0751186827306555 0.100974961087503 -0.131191296811884
0.00611271375443732 0.0786452860471716 0.0397239670877312 -0.127987294408204
0.0340106409480135 0.0712177499785109 -0.00749004295844879 -0.100133855018735
0.0464486031021466 0.0831172648488433 -0.0299016902476246 -0.0706934635369242
0.0243404125218089 0.0947713209180681 -0.0459593301410616 -0.0418536260112875
-0.00366190458980986 0.112269978885887 -0.0762163675657658 -0.0217030361542583
-0.0557127228999134 0.101636368619099 -0.109042247250152 -0.0367670623910383
-0.0916000714053261 0.0836898372376368 -0.104732310823896 -0.0721718745896236
-0.117416272927016 0.0320013754014802 -0.101730611024225 -0.0436909047261559
-0.155231582984489 -0.000308407713474908 -0.0759730643391302 0.00237931755143209
-0.159947071692936 -0.0752122368953678 -0.0415531108625453 -0.0953676598127917
-0.143377789553583 -0.0607922178030454 0.0316265207524466 0.0266652248490884
-0.160606463048317 -0.00781721517907484 0.153969060998832 0.0471586051850375
-0.140874320767365 0.0347816863914078 0.17251223043922 -0.0112707319613344
-0.0974788404731718 0.0954372250356589 0.154826883796538 -0.0779337362283498
-0.0446711322971032 0.111909731138688 0.0941607182001607 -0.103921929980887
-0.000593612804228823 0.114035622639559 0.043023736616158 -0.0939242566765513
0.0336937103862116 0.104167295737545 0.00478915329306136 -0.0674196438626264
0.0443823953318223 0.114335277746303 -0.015396012876818 -0.036963601709808
0.0132959557679089 0.118953212401612 -0.0337573942059099 -0.00468328902679345
-0.0170851643103154 0.135098427362581 -0.0742095809518169 0.00953842773328129
-0.0806252232865083 0.122621929599282 -0.110741905719951 -0.0188547225549333
-0.132405423371456 0.0948644648009714 -0.0978081011846072 -0.0722655202469707
-0.158657772346181 0.0156420565776885 -0.0659851391043877 -0.0535963010914139
-0.187814096784668 -0.0364105316994931 -0.0180455470554503 0.00720545192353363
-0.177649723784329 -0.104081098507209 0.0201301003632033 -0.0553400661471474
-0.188584143074669 -0.0823890517870532 0.0789487516075271 0.0602779898100605
-0.21625845124391 -0.00239911031965276 0.178343669112098 0.0685751837005919
-0.178098080684685 0.0652576883516209 0.180223913885603 0.00487514697478328
-0.109450104970686 0.128486738322322 0.144394803646341 -0.0549641996140864
-0.0483040201014609 0.133804665429343 0.0835578741897466 -0.0625619158381457
-0.00493971048407297 0.133181004070846 0.0453314890145906 -0.0476598195503267
0.0286669876636013 0.120938924924456 0.015535161790194 -0.0252583408809
0.0331141572921261 0.128130083604815 -0.00385763842397398 0.00362416327270351
-0.00565604012752047 0.125610214844191 -0.0270276608313586 0.0364544349446679
-0.0369410229577349 0.136350218694431 -0.0759001957405757 0.0418711596726062
-0.101134898451131 0.117641513204946 -0.111263248958922 -0.00215698641660053
-0.159047592887744 0.0834698156045163 -0.0869119665384582 -0.0686314689236306
-0.177023552688667 -0.0117070203540874 -0.0290153150730853 -0.0592168910268821
-0.190517670119562 -0.0725464440129394 0.0422222580601901 0.0195308858968865
-0.164528970370387 -0.112379643099839 0.0799537826680754 -0.0186678412879252
-0.196885828449877 -0.0876745395268798 0.124789839931229 0.0796321999668352
-0.229000689264139 0.00349228167531286 0.186129843252652 0.0779899395184891
-0.179402852305875 0.0810121033824393 0.170907183604103 0.0206570063673309
-0.101861125226275 0.135805566515143 0.124337077778806 -0.0213613810950888
-0.042568231954237 0.132551410724118 0.072212722202041 -0.0137037208271787
-0.00785138922952966 0.130738951682459 0.0478190227439565 0.00301640611010726
0.0204332062194149 0.118531236744997 0.0234314694199447 0.0199877190949148
0.0169686294678299 0.122738931996618 0.00068216556367101 0.0472820280226319
-0.0257542434102768 0.115444043872805 -0.029608639562097 0.0757216006542828
-0.0549995467124212 0.117450224266377 -0.085502834978279 0.0682009287415534
-0.113443973938038 0.0917225937580668 -0.111477019651538 0.00983897521530381
-0.167311653516156 0.0542983475168738 -0.0738384587405568 -0.0603487548797325
-0.172444966897243 -0.0448724506000487 0.00441879566437516 -0.0528351689417861
-0.165635528528651 -0.102286438409254 0.0946296114599421 0.0425642327405364
-0.119175027665096 -0.101005475493813 0.125886357423427 0.00576523255769226
-0.16507029849246 -0.0786830576144401 0.15740470649334 0.0811001204519095
-0.192568531798977 0.00663502549691536 0.175557797445217 0.0761387896962068
-0.143570257454855 0.072987622932599 0.147949045630731 0.034580323485085
-0.0782193382241601 0.11138433019637 0.101139244830345 0.013725102174564
-0.0341128168935339 0.105381696820525 0.0627887063959746 0.0320335165433903
-0.0111260478109293 0.105341703096512 0.0492158444945159 0.0485319203840888
0.00942531713061228 0.0975195446612324 0.0265442392789484 0.0598758561861536
0.00155932743172723 0.0998725315165646 -0.0029170088642089 0.0871431873453418
-0.0364972877966106 0.0895525006729973 -0.0431823630545587 0.106747696797158
-0.0602872516563504 0.0864029822782313 -0.101698349336626 0.0853665481287895
-0.107138376655897 0.0581681965843485 -0.113523297873891 0.0180313829979397
-0.152439208630793 0.0214338995355907 -0.0612311272973177 -0.0459134518975962
-0.145362220184221 -0.0699042714911538 0.0283378422953606 -0.0321263190527663
-0.118419409839684 -0.115587307868171 0.132040558951871 0.0754206416461554
-0.0508229479458057 -0.0776453714380711 0.148857247756969 0.0162330471264044
-0.100729654684344 -0.0610195666212373 0.169312105979545 0.0688083460899259
-0.12032997777357 0.00140117309268344 0.151071130482032 0.0700181539370792
-0.0846997213013884 0.0421459918754859 0.123446978816543 0.0459046271639451
-0.048715248415163 0.0608950639635937 0.0830504726361509 0.0405428605255603
-0.027526595303397 0.0593632559931533 0.0573243132885344 0.0637213204410342
-0.0171850242430102 0.0621984976924677 0.0479102905373844 0.0802979063220182
-0.00189713710304614 0.0620759079527632 0.0256217841585664 0.0904023968301537
-0.00724142104093758 0.0638362723842406 -0.0116630722481954 0.116789078318946
-0.0314183151629545 0.0565707068715165 -0.0606898811209426 0.126500508236011
-0.045643344591349 0.0537091266909403 -0.118963006097253 0.0929808797681325
-0.079168203585588 0.0333460291595011 -0.114597229948159 0.0239230891359192
-0.11595130604106 0.00212538417734746 -0.0559562986293948 -0.0257490135698994
-0.102240191725337 -0.075397106318572 0.0373574470067694 -0.00354520407016519
-0.0579749367068004 -0.107105890841492 0.149414225807734 0.111097743669948
0.0114362480148541 0.0620000018642013 -0.168096053598482 -0.140906834487977
0.0609967256829264 0.0374749343959426 -0.0640722386039872 -0.0367017285695888
0.0669769267061379 0.00300862356798043 0.0607420110406022 0.00198473853244967
0.0289724193270662 -0.0304056076044726 0.117041718943735 -0.0265439811498524
0.00670433365979133 -0.0179917958000108 0.13945393608545 -0.0992793388547994
0.0141702404999775 -0.00608011837862682 0.0896991968812136 -0.157625458968902
0.0222939370941755 -0.0160189062167713 0.016384089587755 -0.152319788970351
0.0214081659045164 -0.0214228286704076 -0.0327989625814761 -0.121129782996689
0.0301381554158462 -0.0143647193334987 -0.054235858028602 -0.0964030807483562
0.0308858310992987 0.00441607641944312 -0.0685451032078137 -0.0807100501786478
0.0235844842916622 0.0108556314506119 -0.0858022137067273 -0.055702770522683
0.0243137893602941 0.00710533754497672 -0.111914930894051 -0.0533394104954445
0.0392079565797903 0.0247722114085631 -0.128147965164593 -0.0613429570260083
0.0169807998429113 0.051198098798926 -0.158796680417609 -0.0293059573313258
-0.0206597822241435 0.0665483843477365 -0.151847582705173 0.00847737375721606
-0.0591483765449361 0.0188684826576806 -0.143604034469555 -0.143070360670644
-0.00643533798121567 0.00807869339905837 -0.0412803149742082 -0.0327989683268451
-0.00386529869518883 -0.00387411037189535 0.0870075317656099 0.00144151183176707
-0.0273792768236984 -0.0165426856867714 0.132258946672502 -0.0306391887363115
-0.0337846272668187 0.0166394655895398 0.149910366292796 -0.100193184422074
-0.00867422852810098 0.0370503771586778 0.0973432457391244 -0.155009901026923
0.0171788085507907 0.0343063519322301 0.0273835304061938 -0.151936600874544
0.0315821337064141 0.0275318466127352 -0.0244624942066133 -0.119297701728994
0.0435945124159395 0.0385079647744855 -0.0485344359760431 -0.0912688116076028
0.0323643498086183 0.0566286829237208 -0.0627999833713547 -0.0684598016755674
0.0112465931058613 0.0709631704192239 -0.0838367420022102 -0.0438829561155272
-0.0211187216442446 0.0631709059019818 -0.11346715502245 -0.0465211458517101
-0.0333539099372241 0.0597219343495751 -0.120330623852704 -0.0664981702812159
-0.0583224273108061 0.0445744069547549 -0.138167643935634 -0.0311054530299578
-0.0979890270288258 0.0378538892492799 -0.127553919141219 0.00514873938761937
-0.122544571089937 -0.0292917158299209 -0.102745913894477 -0.125126161552012
-0.0808627351562042 -0.0267919669733167 -0.00861234006575204 -0.00818784264787665
-0.0857639650326765 -0.00591132471456161 0.123411637519623 0.0177080959115173
-0.0891269126018513 0.00719315608553527 0.154540749958733 -0.0283241494798235
-0.0710814442837989 0.0590636155070485 0.156510350546172 -0.0991783228795567
-0.0295645486331016 0.0806657121694336 0.0975584194400765 -0.139444081328805
0.0105431956277139 0.0818122466255145 0.0345985116333111 -0.132920694202204
0.0387178292209855 0.0721643435850928 -0.0125337486166568 -0.10057823286403
0.0530236377019714 0.0830956751961735 -0.0354903652758084 -0.0700963210723118
0.0300663568521135 0.0979380692392229 -0.0507339667087283 -0.0400143459597413
0.00240765020757492 0.11657673171654 -0.0809041469706429 -0.0180263303131659
-0.053369404715124 0.10887931674528 -0.115988675720862 -0.0307900933975275
-0.0905296300929954 0.0909621884861672 -0.115132341231436 -0.068930442805091
-0.120805593702651 0.0379765671833119 -0.1079348858298 -0.0401461212864182
-0.15969601684043 0.00639544844704452 -0.0806961667896262 0.00442540898128544
-0.169661469101165 -0.0702027484705166 -0.0472658119093417 -0.0921854390861612
-0.152186800777315 -0.0560480314476041 0.033656970662639 0.0287332122986758
-0.167131321651983 0.000776325129388848 0.160028454765164 0.0424749218203115
-0.146320457863717 0.0431348662472433 0.176338265662785 -0.0181233403859793
-0.0964488878510647 0.104663058069391 0.155977434812748 -0.0882825512113568
-0.0408511253419042 0.119228480040644 0.0922764594164411 -0.111233525063602
0.00557887504710978 0.119273321869326 0.0395827866298342 -0.0980382062619522
0.0405693179562748 0.105997161998248 0.00135302190104971 -0.0674076643601332
0.0525326543278208 0.115302656352407 -0.0189104192561566 -0.0360185066495137
0.019963234941388 0.123062713211888 -0.0369252003484239 -0.00218213760427645
-0.0100365513044256 0.141140933844009 -0.0769745997057144 0.0154326476576664
-0.0777098117860539 0.132603777769564 -0.116612896987585 -0.0115318597759079
-0.131710140081748 0.105089267136031 -0.107743238172119 -0.0685160778837571
-0.163692634968 0.0237379295334903 -0.0725532058600152 -0.0518209106835483
-0.195608483299464 -0.0282051897083337 -0.020306948612725 0.00670139168875434
-0.1907559988432 -0.0979586208690605 0.0186345555921167 -0.0533736216697858
-0.199677930949106 -0.0756876513306629 0.0842128195338101 0.0609431430575645
-0.223725125211379 0.00974842540165239 0.185880377692617 0.0630848026526663
-0.181493738824307 0.07660251898321 0.184934541674461 -0.00286209482596131
-0.106038168152607 0.138845781604486 0.145771722419789 -0.0639251742023595
-0.0429058260019311 0.141306824210566 0.0833264040356708 -0.067653670519641
0.00259633871988507 0.138736028077401 0.0444889753967121 -0.0506509268877697
0.0367409431372024 0.122951083173721 0.0149235689396847 -0.0245947764418045
0.0415576821083153 0.129987869434857 -0.0046167527548949 0.0059526608978243
0.000320352590209611 0.130763285595119 -0.0269639379292077 0.0398354225341414
-0.0298166571359327 0.143012386210565 -0.077093910479742 0.0482703282157896
-0.0992310909918709 0.127581193505434 -0.116642434623157 0.00567611217795028
-0.159684567616393 0.0946593909546905 -0.0968196042466539 -0.06568786623224
-0.18440355136594 -0.00282143375547648 -0.0357547741766295 -0.0590856996404642
-0.20126150202843 -0.0648334704093645 0.0417769080966497 0.016629844186494
-0.176871094879206 -0.105598444230135 0.0818661865528176 -0.0190471380709152
-0.207923431118567 -0.0796516467488806 0.132723635739968 0.0780662816780371
-0.235089601264713 0.0172215181237786 0.195026651471331 0.0722912170622673
-0.181691515935976 0.0927922577312297 0.175971502143715 0.0143286571208785
-0.096794439188288 0.145240823790976 0.126328818848619 -0.0276767171863679
-0.0372042789668494 0.139057146920443 0.0744846918856334 -0.0165090291566924
-0.000457646760453432 0.135495775362671 0.0488185028049496 0.00101924973375314
0.0279967142762377 0.120843522293955 0.024847441279945 0.0205984274506168
0.024535222241781 0.125471756147453 0.00264656367306798 0.0501900539757583
-0.020717417892039 0.121175828405663 -0.0278658102496601 0.0806117274970305
-0.0503120362200468 0.124504912352015 -0.0850949631653507 0.0772948761624033
-0.113020104006167 0.100898000104938 -0.116365412607112 0.0186726726731459
-0.16896462817598 0.0645447426098835 -0.0831455203995584 -0.0580164157340176
-0.180490117933815 -0.0366840399017282 -0.000904896557463786 -0.0546195596500686
-0.17754856453974 -0.096339434379332 0.0978006475177937 0.0382162548971103
-0.130632710463528 -0.0964098412860502 0.131804287784553 0.0030770725620646
-0.173735287819966 -0.0698437324897452 0.167377156028154 0.0773941722579266
-0.196784942599593 0.0182708041470785 0.183717187345269 0.0710799174452157
-0.14417757027507 0.0825794557747142 0.15433160885003 0.029941388875457
-0.0732430811777707 0.11852117416769 0.104169420027494 0.00958287375210452
-0.0297690447976827 0.110059810568026 0.0674850803203546 0.0312328882419925
-0.00513420773359902 0.108579202483578 0.0526238215014259 0.0471565442566048
0.0153527426598585 0.0996650785008743 0.029898872519932 0.0614845268950579
0.00760475270923725 0.102843681935431 0.000755489786946732 0.0908527039060515
-0.0334575180570123 0.0956018957596762 -0.0391975247283211 0.113618193867826
-0.0579065434023531 0.0921846753940656 -0.101438308438006 0.0955845153103612
-0.108343998454432 0.0656123781281187 -0.117052955687161 0.0262581567008952
-0.154426806583145 0.0306631937091346 -0.0692706209972368 -0.0443189835487405
-0.153288620770954 -0.0635266313996096 0.0251556416917203 -0.0346498888302318
-0.128571362784335 -0.112046620169362 0.137890041024655 0.0695308958260148
-0.0582725816058248 -0.0758381272723516 0.155930819177416 0.0121473029189259
-0.106604297442703 -0.0555105629253418 0.178763823279752 0.0639820301024202
-0.122418971216189 0.00892449051955101 0.159335310031114 0.0656011649233054
-0.0842354538330118 0.0472774515993986 0.129148534313443 0.0412539908313148
-0.0459079972895129 0.0647136456234264 0.088053053911981 0.0386151366976708
-0.0251130810960246 0.0619429700838089 0.0635751042380118 0.0630782611587351
-0.0135854894157093 0.0646907833949151 0.0545421066408342 0.0798936798869464
0.00148434119226531 0.0628162217823907 0.0309117535957837 0.0921873563788437
-0.00405728028239684 0.0649568433047789 -0.00669316526803713 0.12175334370951
-0.0297375012291956 0.0596126586833522 -0.0565622337423311 0.13416477825566
-0.044826360044108 0.0570106021864862 -0.118037859052698 0.103774084002225
-0.0803143328320451 0.0376638135959777 -0.118796515476814 0.0316901262605193
-0.117439530209572 0.00822267254191076 -0.0621952726852402 -0.0244028604730897
-0.108244625849253 -0.0707668922552671 0.036042374347824 -0.00620089804587741
-0.066106738551545 -0.106188714453302 0.157930775038933 0.105730237835466
0.0142091247316537 0.0604412193801707 -0.175147408644163 -0.132617455504834
0.0614505589297389 0.0332493086258872 -0.0658353317919998 -0.0318366166051927
0.0658811532087486 -0.000727370323522723 0.0619805623130184 0.000126225436868833
0.0265429674064414 -0.0304410269926974 0.118775739724194 -0.0325476846046987
0.00524768671422573 -0.0165118005544534 0.13733584020598 -0.108174979043666
0.0143651479558183 -0.00552493030855115 0.0821955257158252 -0.164607997854051
0.0218701278742089 -0.0169881120085203 0.0101395094327863 -0.154780633905383
0.0199037874211652 -0.0217725331251738 -0.037492443956519 -0.120572783505274
0.0297108315346053 -0.015597131680574 -0.0598619738420185 -0.0950652774587306
0.0320933920626122 0.00317433996456839 -0.0736983175496536 -0.078564792997341
0.0242732170764835 0.0103166408090888 -0.0892779762044579 -0.0531578842923344
0.0235747054583165 0.0067380373362582 -0.116432305537389 -0.0487593817640263
0.039693498935701 0.0229414849251273 -0.133522775563559 -0.0569473247011739
0.0187859708768808 0.0497083758799636 -0.161174788490926 -0.0241743054744899
-0.0171972920510607 0.0667094184090854 -0.155036469867072 0.0130143302872421
-0.0593831204256231 0.0198889604368016 -0.150048482458074 -0.135011456128138
-0.00786535659918127 0.00676792204169207 -0.0432270669924217 -0.0289365660601742
-0.00605325616470244 -0.00390648521476704 0.0884777980561546 -0.00063115004390831
-0.030518021061598 -0.0147334715228174 0.133105314601694 -0.0356465531876619
-0.0345385767769597 0.020762336393032 0.147300423513134 -0.109356155879817
-0.00764016615754883 0.0393321952357369 0.0912003652557994 -0.1611193767531
0.0190252181720024 0.0345198355012927 0.0202931371945072 -0.1541929939474
0.0335065148420369 0.0268716682184297 -0.0295328351892829 -0.118130073183121
0.0464459372894058 0.0373645975566386 -0.0539265686674972 -0.0896098510280933
0.0351619253557747 0.0561652140749814 -0.067827441418726 -0.0656785903883229
0.0146216824490191 0.0716211241601232 -0.0873241172731429 -0.0402048510486722
-0.019692941696299 0.0660508513315286 -0.11765468182606 -0.0410346205017407
-0.0316472547442238 0.062034889218808 -0.127044014292714 -0.0623168870906021
-0.0581222423966346 0.0463638856675457 -0.141660917732568 -0.026351306674493
-0.0971035304806483 0.0407588529912618 -0.130711150787986 0.00853836795245837
-0.126030923439 -0.0247089838505026 -0.107586291462651 -0.118167091873126
-0.0853429833650097 -0.02521300660452 -0.00911735132903705 -0.00462486487722045
-0.0887821262960101 -0.00208724538175123 0.124805122717165 0.0138087174567368
-0.0926942894966101 0.0127319798007676 0.155814514187159 -0.0334272808174969
-0.0703423617612227 0.0651140589965785 0.153772528664702 -0.107578375482948
-0.0267238094608251 0.0850739487953792 0.0925949459688141 -0.145918277585107
0.0146560393227491 0.083360160682844 0.0281899115528991 -0.135328578383292
0.0428783494568873 0.0717784338468867 -0.016686867745601 -0.0999765337314249
0.057814479695403 0.082083773194039 -0.0395881166049464 -0.0679199362033554
0.035008798356866 0.0979678742713435 -0.0544731826176733 -0.0374758916894052
0.00851821395727769 0.117996142931632 -0.0839454126452925 -0.0133953934528828
-0.0498111380324939 0.113729632512926 -0.119656681136347 -0.0241411354000819
-0.0871897773094519 0.0962229875503398 -0.122601116638032 -0.0640993359952691
-0.121726136841676 0.0431298967630205 -0.112271723857036 -0.0358958793531168
-0.161322568610719 0.0126942004782545 -0.0836945495076891 0.00592004617149433
-0.176098018804449 -0.0635043047370288 -0.0505936156372291 -0.0870707882976403
-0.157773159584168 -0.0511905939177782 0.0360055093480377 0.0301160765380014
-0.169826142700264 0.00827482825549663 0.162870506305571 0.0374367306455758
-0.148502510720185 0.051358192103214 0.177202258762274 -0.0238454404519749
-0.0935380451323688 0.111837666072771 0.153131690351999 -0.096679958697925
-0.0362742247758423 0.124240414961181 0.0882024215751085 -0.115512962366141
0.0114952854969263 0.121005046473698 0.0346143727807177 -0.099827086196438
0.0461398507970014 0.104878006926734 -0.00177198933255564 -0.0666067128744137
0.0593951551067662 0.114175288027728 -0.0217618679870234 -0.0344735628437238
0.0257629149079293 0.125108095372255 -0.0383069793843459 5.9867071101097E-05
-0.00288124858882296 0.143722173378144 -0.0780785717785328 0.0205013753250376
-0.0737831009921725 0.138569693244271 -0.119619885658555 -0.00432204414255048
-0.129086303217731 0.112619101933728 -0.115820709258951 -0.0632569559385333
-0.165883774820392 0.0307885343072437 -0.0774272262821429 -0.0490939087934104
-0.199980832681815 -0.0203281741306023 -0.0234886984011239 0.00650898050198157
-0.198685540820141 -0.0896976852949599 0.01770829169779 -0.0506383544864978
-0.206194836787849 -0.0675156858795504 0.0876275417412345 0.0607033497814558
-0.225110324903496 0.0207557856587736 0.190426918118482 0.0569671890271008
-0.181720832817235 0.0860883159212675 0.186294034834796 -0.00799209739234231
-0.100421013925547 0.146378752154208 0.143517226077696 -0.0706411444042238
-0.0369764396885614 0.145990160221316 0.0819085141650632 -0.0711882245459678
0.00958251489923504 0.141112899829497 0.0416593661768385 -0.0522380836352879
0.0438503220768017 0.122163653164613 0.0134529578241849 -0.023956678616384
0.0483507429079037 0.128771749660054 -0.00539943543724212 0.00756172619074271
0.00676034992665592 0.133976226566973 -0.026132713147874 0.0425101056670644
-0.0234129980822663 0.147084538307972 -0.0764452138809809 0.0546782462842684
-0.0957039200628741 0.135080366120256 -0.118181713959951 0.0132092572545363
-0.156831231066492 0.103150499050726 -0.104827961139365 -0.060671093420358
-0.187794049222056 0.0052317194555233 -0.0406674077632392 -0.0580441737503559
-0.207368853947477 -0.0566401164255487 0.0405969089940634 0.0142646142199372
-0.185695372197979 -0.0984299554072209 0.0837850457635609 -0.0188573127969384
-0.213850651963188 -0.0701612742614217 0.13821567790909 0.0754655162740614
-0.235683492102444 0.0290921775400016 0.199363904514378 0.065847052782634
-0.180059491652023 0.101566127792182 0.17776231095249 0.00946750311797068
-0.0906961012885419 0.151598888882237 0.125823385612933 -0.0334276779471313
-0.0315756976688447 0.143026673640338 0.0749075472955578 -0.0191363061509961
0.00629819234808553 0.137526138236625 0.0490637307251199 -0.000203743106463694
0.0341144591941653 0.120743461769887 0.0256778713842341 0.0212684094704516
0.0309851078519784 0.125237921350866 0.00454494720450361 0.0521233796972623
-0.0157628677164409 0.124385202278608 -0.0247421378859656 0.0837549559210435
-0.0450014006831992 0.128686821109266 -0.0827322559002754 0.0842428923113456
-0.111047368195775 0.108084353888509 -0.117463196774727 0.0258509772110671
-0.167608608258137 0.0733238978695954 -0.089841853939651 -0.0538220618559627
-0.184709694853692 -0.0286786100499346 -0.00580667611364312 -0.0547489439218221
-0.184759048706479 -0.0890571409197125 0.097604766245434 0.0332049089563488
-0.138300034049524 -0.0900111264471701 0.134230954988814 0.00106835317257861
-0.178836048798194 -0.0615198084038475 0.172918437922635 0.0728782243529877
-0.196700592560206 0.0284494805404197 0.188715401973218 0.064601127439658
-0.142029301222732 0.0900077754851706 0.156382219102132 0.0255313381790114
-0.0673249476611703 0.122933188827257 0.105445205465377 0.00591694936258253
-0.0243307115767136 0.113065816784392 0.0706537976674063 0.0288915818806236
0.000245722272150148 0.110028833624135 0.055214200813534 0.0450808442478557
0.0204078221431604 0.0990501386536196 0.0326630663076935 0.0618683972222648
0.0125167516423071 0.102325851080931 0.00401973948849073 0.0924367401556423
-0.0295086275211138 0.0983613640040111 -0.0348618410853771 0.117540546305516
-0.054039688494413 0.0956380596057046 -0.0979287953580743 0.103137382048529
-0.107427904177421 0.0715065566237999 -0.118157801824112 0.0332021146099227
-0.154022387410004 0.0379496472203724 -0.0750805208816896 -0.0407118748020051
-0.157136005550423 -0.0559562186210796 0.0213337969817485 -0.036116934470857
-0.136333157421167 -0.106520855805664 0.14065002127543 0.063484908531898
-0.0639042047017739 -0.0727284720668427 0.159151040487489 0.00870087720588725
-0.109874251229357 -0.0495664869737949 0.184607681752104 0.0585268947741269
-0.121692291848527 0.0155922395388673 0.16434816869336 0.0600619242662981
-0.0826827626436219 0.0515771312415621 0.132916190706199 0.0376358004610633
-0.0425099274311433 0.067139068825402 0.0907701522922534 0.035807627858773
-0.0222015104199584 0.0633285846322455 0.0683774335570992 0.061954387924066
-0.0104526521863739 0.0657024534019061 0.0586644821144453 0.0777699931035428
0.00447321835064294 0.0623621107153092 0.0341289961610996 0.0925717828125845
-0.00101340862285329 0.064807725398223 -0.00154621250351118 0.124056536851179
-0.0278132507344372 0.0615098158578605 -0.050830168388814 0.139064515678074
-0.0419320535650524 0.0593774783161409 -0.115319271391449 0.111851003101828
-0.0800302321637101 0.0408721770914996 -0.119697869402308 0.0383206197152242
-0.116408361904465 0.0131743426131804 -0.066831711580192 -0.0222043145000853
-0.111660491977002 -0.0652935171806745 0.0341144051567456 -0.00844693984283552
-0.0722538376293964 -0.102840187205804 0.162708186466917 0.0982655674283539
0.0326383322918326 0.0528266643030394 -0.210916942639514 -0.0686951518991545
0.0677789864105872 0.00975542033684987 -0.0751774772922096 -0.00473779836770042
0.0608745758359081 -0.0239465053489753 0.0598618033597011 -0.0158453153696866
0.0141417058666275 -0.0364795411166857 0.106599090422483 -0.0679534960647784
0.000323995181108349 -0.016332908392446 0.0964251975761742 -0.148618330307504
0.0128959482115275 -0.0113676146923573 0.0216893091379943 -0.184174945280074
0.0152783694307815 -0.024158197826584 -0.0437267686265036 -0.149755555262854
0.0108751246413319 -0.0264224066080744 -0.0756240828413141 -0.100481006716409
0.0225241658683527 -0.0238570335901683 -0.0882119062981085 -0.0698254001334499
0.0318539309248687 -0.00738414737767516 -0.097505549046595 -0.0497804845896431
0.0267879236194278 0.00256073562637553 -0.102402555896219 -0.020778080045839
0.0243670590094654 2.4997217069246E-05 -0.127214643807556 -0.0084411693911396
0.0444373289346666 0.00887617194885814 -0.147791601575971 -0.0117941866090227
0.03449973378957 0.0402160109527609 -0.161509783116202 0.0262910887834225
0.0056835159113672 0.06725396411884 -0.142874535244875 0.0565976483863235
-0.053805237445791 0.039755892410578 -0.184820890628371 -0.0798838301755576
-0.00856802743202189 0.00864599868836394 -0.0493016784855464 -0.0115538325798871
-0.00874499023141275 -0.00186471559994687 0.0854525550417711 -0.0286302835314872
-0.0348299424553696 -0.00115350164462995 0.11895413237096 -0.0787939817520652
-0.025020530086143 0.0322657177264962 0.105792196307353 -0.154910425013408
0.00730246323439254 0.0391743772811696 0.0302238648409946 -0.185061682686669
0.0306272327867337 0.0263347583292927 -0.0345533233553805 -0.154216585016122
0.0400529818565516 0.0145078868581018 -0.0678516305151941 -0.100636885087894
0.0559085209381041 0.0198107494763257 -0.0818463799716084 -0.066064467578152
0.0521655520640796 0.042173396107578 -0.0883164887811084 -0.0401536647020022
0.0382064566704467 0.0628394167938101 -0.0977275635181448 -0.0099725049895184
0.00229163763489879 0.0708669396610139 -0.12542621509594 -0.00152748850673886
-0.010532269870209 0.0691689765867078 -0.142311983493897 -0.0177667368551211
-0.0401313335472733 0.0631492855286963 -0.142322885340197 0.0193979324966998
-0.0800688858604024 0.0681247396702507 -0.120717695054197 0.0480569206828005
-0.134120001420702 0.0204599669498541 -0.135602394400651 -0.0783097138438326
-0.0931726273819973 0.00582047858409948 -0.00483020517651836 -0.0017801056115373
-0.086520239031116 0.0285727242091257 0.126405311051003 -0.0311872724370864
-0.0833765923449178 0.0469195445507535 0.140594705375027 -0.0875040398873145
-0.0438054558286962 0.0859567316972194 0.110055195259506 -0.157394940898626
0.00451503020951445 0.0887992280387694 0.0358090607389048 -0.171336390481183
0.0433767481630716 0.0753459811420382 -0.0213747674795785 -0.140040715578256
0.0630315980434903 0.0530463947912498 -0.0505700155248536 -0.0872027933504733
0.0818200724347724 0.058741667492726 -0.0612138949311136 -0.0493431375294333
0.0659703666248184 0.0820672977756145 -0.0671305296932763 -0.0183258008633021
0.047645411041629 0.108681868391639 -0.0861480817688136 0.0135441255210068
-0.00999799594909203 0.12593846756204 -0.12115379160675 0.0138710418248971
-0.052385268776185 0.120008618391415 -0.137031656303853 -0.0202201346996064
-0.102286376887235 0.0815486996038965 -0.117433139124653 0.00278970173938963
-0.151358796215747 0.0620795342014357 -0.0766875347365957 0.0345338075622945
-0.196398444938925 0.00105570578262096 -0.0676310562510118 -0.067521123589903
-0.171304285564927 0.0061660222936336 0.0524502230396448 0.0145675658545415
-0.158844217615238 0.0671131115364942 0.17095646919757 -0.0261014092320841
-0.122241817462917 0.103664437538878 0.16296488236653 -0.0883991540428938
-0.0493782511278146 0.137725741439369 0.11115078307697 -0.147655004192908
0.00819503079202613 0.129046416985392 0.0409009518607201 -0.142098047012551
0.0532339928275938 0.113064419965669 -0.00298633203303209 -0.109475193984426
0.0780389704612301 0.0833096859686055 -0.0257738992194051 -0.0606612469307
0.0937523969518594 0.0875931755859416 -0.0336442649314678 -0.0234007954965293
0.0660175287000439 0.110808986696447 -0.0389989532512625 0.0117996874135792
0.0456294384791984 0.136878151697114 -0.0695474710775151 0.0435720386867219
-0.0243300252378555 0.157353857915495 -0.114190457125119 0.0328030744217646
-0.0856019021059351 0.148818863608461 -0.12980924415713 -0.0215033236251622
-0.148571321929552 0.0852677941155178 -0.0889843659732103 -0.0192586038148961
-0.199584448644278 0.0434998557327295 -0.0196029968107177 0.017953052612598
-0.226623704825286 -0.0152114557952304 0.0106702823706884 -0.0553681558901538
-0.221793489628757 0.0084094473950197 0.113781623212341 0.024385155796763
-0.206529906964076 0.0986389696234951 0.204137770266912 -0.0190574998169495
-0.140940452839349 0.148215747391573 0.17535560038796 -0.0792724413007272
-0.0451674776788999 0.171668413135309 0.109244972188272 -0.120510636093455
0.0148199116915853 0.150826610917492 0.0496307317296918 -0.0978566274161427
0.0585038169439589 0.133234745495755 0.0192772132228414 -0.0671640817005813
0.0808105943080555 0.100175517174389 0.00224537771041539 -0.0262494658408216
0.0891633008034505 0.104856981620831 -0.00413291714115814 0.0108605325644152
0.050914631402311 0.126011523189401 -0.013164742034346 0.0475475760495875
0.026382324651351 0.146395954577604 -0.055119194408924 0.0753803353623819
-0.0466341689978618 0.161132649484091 -0.106914430494061 0.0492545979751241
-0.114708410871811 0.149623056713518 -0.117578229248312 -0.0215991524743992
-0.177713232860617 0.0688841850886345 -0.0567495286388404 -0.0384744532544233
-0.218977573148234 0.0114357512664051 0.0419912189572675 0.00721154252251815
-0.216078074949901 -0.0281772930960032 0.0837269780911619 -0.0464937460789361
-0.229561285041277 0.00965732940111553 0.167906667100531 0.02176002725812
-0.212364503005242 0.110069025545019 0.214922072235484 -0.0149784914138085
-0.132313658690866 0.161949808842599 0.171475565701052 -0.059738434550786
-0.0325651965845936 0.172827043074749 0.10298356691886 -0.0785538046715056
0.0191629434687713 0.145500399162099 0.0614235203202328 -0.0458277499909662
0.0542200936759294 0.130507262766985 0.0446639858238804 -0.0212289884981431
0.0718645169957298 0.101165857859522 0.0284692999142318 0.0119486319569871
0.0706060451464764 0.106853718325111 0.0191667870344241 0.0490271714424437
0.0272203976048415 0.124196520383819 0.00266878593556646 0.0858589232535793
-1.88766411604703E-05 0.136347287085282 -0.0510351565147132 0.105363571036276
-0.070807924978649 0.14068199480366 -0.10144683666649 0.0614600630997375
-0.134352234449045 0.124521152414555 -0.101280271778093 -0.0194775760019459
-0.185613766542622 0.0357228499811931 -0.0226667569004771 -0.0460110891270575
-0.20772420974731 -0.0260864022730944 0.101098485033755 0.00777962187196501
-0.166399756668362 -0.0372294575538199 0.137866250700272 -0.0428361422181551
-0.191688146815364 0.00547675777226448 0.19897340715453 0.00821206241585043
-0.17416363844561 0.0958909280128241 0.204293962271716 -0.0112516842375625
-0.100259780537107 0.136916771637986 0.156405845235119 -0.035660761139556
-0.0203841931137472 0.138355501106916 0.0983046527630106 -0.0328771098695403
0.0153756574665953 0.114748271244892 0.0744362616296719 0.00254585397979399
0.0391402865241168 0.106658214892753 0.0669244783386266 0.0208218293272865
0.0513916696961965 0.0856917703509599 0.0495525111303984 0.0481738339110779
0.0455503690953047 0.0917629095716481 0.0329178289021024 0.0873536054303
0.00504567230347517 0.103810546329178 0.00375900814238282 0.121721948531655
-0.019717122523905 0.107990057563365 -0.0582973615297359 0.12912081441703
-0.0789983684177296 0.103918032690283 -0.099974376847545 0.0689301266243152
-0.132471873703232 0.0860452731722116 -0.0838277510939831 -0.012078642236618
-0.168172587620886 0.000105784620607704 0.00798046886959856 -0.0374155989885651
-0.167097753173231 -0.0579710616150648 0.149579012411861 0.0226733002802619
-0.0873165560061454 -0.0467159727774992 0.161894747594667 -0.0425722554404545
-0.120006304092439 -0.00829559626277942 0.202313848830734 -0.00711420640084538
-0.106770572029203 0.0575262822532522 0.178937438912918 -0.00377449844145982
-0.0572755040765477 0.0782948343654975 0.138776615150731 -0.0123282254676903
-0.0159260042028236 0.0768848405463906 0.096593606530814 0.00220043129183844
0.000995185547830024 0.0667591780819209 0.0848427452548186 0.0346384534523647
0.0129913530989959 0.0670874338934384 0.0822259686326077 0.0508814461811881
0.0242349421198025 0.0567301009128802 0.0622812540252897 0.0749178718508794
0.0203792526872417 0.0610139942189519 0.0379432036689012 0.118143447964954
-0.00535518259144315 0.067202537621506 -0.00384524400329827 0.147364091012484
-0.0208662301389111 0.0693297821696045 -0.0710900049046863 0.14290016000251
-0.0626569377328717 0.0652780504116764 -0.100458893348521 0.0747536950379564
-0.104310843890076 0.0502803031636736 -0.0699403108733854 0.00242847932408156
-0.12702825314911 -0.0239098735000766 0.0282548095530624 -0.0159558357008893
-0.103772929813164 -0.0743697074967945 0.180815409871231 0.0466180960098304
0.0334942137832404 0.0517070931014629 -0.213444543116846 -0.0660372276546242
0.0672134755279175 0.00882290778326725 -0.0743294554702723 -0.0021102113716447
0.0590654886337256 -0.0246557425931691 0.0622622576385073 -0.0162184523809893
0.0130215462661163 -0.035615559995611 0.108848597778547 -0.0715055920267879
0.000163743980577238 -0.0139995589312174 0.0969780879490926 -0.153082876246123
0.0136135093577401 -0.011419545338622 0.0190990194409704 -0.1882385049029
0.0155333091313047 -0.0245997190756028 -0.0455624197576318 -0.152074080373568
0.0108911022814004 -0.0258722611965815 -0.0771663900321135 -0.102159125806576
0.0221014786942502 -0.0239745448425607 -0.0915617912045493 -0.0698302175033081
0.0322100640172208 -0.00795238185744306 -0.100992849478277 -0.0487672751893671
0.0277294271757695 0.00327194946142721 -0.104547529805787 -0.0204112128191799
0.0240115707406089 0.00111417801571578 -0.129970211707927 -0.00681479191753671
0.0439284867313503 0.00818760439356273 -0.152068681961574 -0.00992144060857899
0.0340803926458075 0.0397142174924038 -0.164720593833266 0.0271020566533509
0.00658603149189185 0.0669793621644283 -0.147535725889451 0.057171680898849
-0.0550889017452661 0.0396274143532812 -0.186861684763178 -0.0771034067158195
-0.011168964706958 0.00796372043648537 -0.0484169249202533 -0.00879880103975771
-0.0115935368761803 -0.00121700545924337 0.0883495876068904 -0.0292638327125822
-0.0375584205271899 0.00191991094970082 0.121671387682346 -0.0805998723699089
-0.0249682105501179 0.035958615002732 0.105039495392723 -0.159912434276264
0.00814952418542961 0.0410539565694224 0.0282255154257329 -0.189032888544441
0.0317081249981523 0.0276922144870577 -0.0366525615893106 -0.156442787997388
0.0403914363550947 0.0152570134451075 -0.0691868087817488 -0.101813153336906
0.0576763365527683 0.0199079719344489 -0.0848828907708445 -0.0651231040470562
0.054125297406375 0.0426970581388182 -0.0912649848223898 -0.0386945098029827
0.0401623545930551 0.063958026553826 -0.10017501236781 -0.00832484977477142
0.00300226948596747 0.0737552533477218 -0.128133838707821 0.000609205361659246
-0.0104532384146774 0.0705951964007312 -0.146981494505762 -0.0157361812534268
-0.0416446595631504 0.0646886027652187 -0.145547910327514 0.0208553086481033
-0.0810978679025179 0.0690934998774409 -0.125754200004933 0.0494029669709155
-0.137406753195129 0.0211429878601323 -0.136555106548027 -0.0749523317822321
-0.0975958115769067 0.00626748774637681 -0.00384817990146365 0.000596477642569838
-0.0892734611651145 0.0305141302865363 0.129071691760246 -0.0316119379317457
-0.0865429507475538 0.0507760461609471 0.142875842258891 -0.0891871538247534
-0.043282524624783 0.0903201730638112 0.109705879410669 -0.161247695457628
0.0059475929574229 0.0918427926946285 0.0342336525603669 -0.174673916678881
0.0458891097447948 0.0768360046674727 -0.0232611619319985 -0.140959085525094
0.0652924208318583 0.0536986721810291 -0.0512610925068905 -0.0873129115944978
0.0842580863584106 0.0585315184768916 -0.0634765570111321 -0.0481014989460658
0.0688955533162462 0.0843441075312491 -0.0691578081287772 -0.0162229181711514
0.0505154831912999 0.110466663275819 -0.0878808394426734 0.0164923553138827
-0.0084192967242542 0.129909029976249 -0.124217871932514 0.0168746545024569
-0.0519644703764868 0.122836311140761 -0.142054129936379 -0.0169020480719338
-0.104579292428396 0.0842461226045808 -0.120300800243118 0.00427968701208796
-0.15400306434016 0.0644117524267533 -0.0808940618979068 0.0353083893076033
-0.200889708763956 0.0036391347633518 -0.0667615892232596 -0.0650032313868127
-0.176064301357144 0.00833305131132669 0.0550925249490645 0.0165192153123121
-0.16172327733791 0.0699909529946872 0.173989944797135 -0.0264593602251276
-0.125359163964335 0.108636046745105 0.165767858087788 -0.0892882765771285
-0.0489875908407494 0.142347208453281 0.110647317734627 -0.150972752946094
0.0102859629950543 0.133344161297242 0.040549530321624 -0.144298478691647
0.0565344513098108 0.115416033849088 -0.00463999347261883 -0.109740765580927
0.0802606422050281 0.083567501022049 -0.0261133338410695 -0.0603963289367069
0.0968092945477803 0.0876375982868798 -0.0341802967008315 -0.0216547074349005
0.0693272384834214 0.113398256337905 -0.0398245445817945 0.0140022331154237
0.0481314259775184 0.138723978013172 -0.0707998293054937 0.0472234259573272
-0.0235139831665574 0.162385219508604 -0.116089088097732 0.0364091369043999
-0.0857740139978009 0.153304496384063 -0.134827578635987 -0.0180058898409453
-0.1515001762402 0.0888595634203154 -0.0920060290653279 -0.0181569719997728
-0.203829778458883 0.0460495163988322 -0.0229455304978107 0.0182737529928579
-0.231629109874798 -0.0118460423739313 0.01327585463641 -0.0534767543021104
-0.227293103689142 0.012168437992093 0.118212578160628 0.0259256311971182
-0.208932701537969 0.102979615337814 0.207908939802087 -0.0200930119527708
-0.142657520838824 0.153680169400196 0.178277896255469 -0.080052538614383
-0.0427557234638818 0.176342984271827 0.108696808391399 -0.123656960284992
0.0174356959256618 0.154537871154039 0.0502700187201005 -0.0992680961961088
0.062319618014075 0.13505206186883 0.0191561596879291 -0.0673745147232012
0.083813395158014 0.100748827746503 0.00275439886842798 -0.0250896532249152
0.0925544138144929 0.105249986796885 -0.00383158331732702 0.0125662381248932
0.0540253179280631 0.128839076910384 -0.012961757550015 0.0500548088509472
0.0294096444348337 0.149378836934769 -0.0553125652103735 0.0791226718210574
-0.0461817768412243 0.166354401225573 -0.108370311949654 0.0536089154172628
-0.114966005956943 0.154414453579112 -0.122323030636634 -0.0176318177110481
-0.180791655778473 0.0726244602784285 -0.0601402827135746 -0.0372290731247065
-0.224153535572612 0.0150665947915808 0.0400971006179901 0.00688920487225639
-0.220652809836266 -0.0240639213357378 0.087882651991439 -0.0454886016903388
-0.233896740596228 0.0134512634960831 0.172095257328774 0.022164175484987
-0.213359517831582 0.115648258594425 0.219600719601631 -0.016657179448398
-0.133185877282501 0.167321747337057 0.174404148667358 -0.060432644811026
-0.0307341656147122 0.17675175099523 0.104005453772931 -0.0795757518031338
0.02136000013758 0.148515738753086 0.0629884275828275 -0.046026854863985
0.0581455731765768 0.132311962669606 0.0452777241335723 -0.0205639428986237
0.0745091559610741 0.101320966458882 0.0297202057628605 0.013385260351759
0.0737507588783454 0.107419655567684 0.0204769701377607 0.0516218412536099
0.0293930688303572 0.127402935587097 0.00406043390195263 0.0887873019872816
0.00205315610244349 0.138687157377523 -0.0499685417341759 0.110172323753952
-0.0705761202783823 0.144908491853541 -0.103037458131271 0.065654133796313
-0.134479054935179 0.128889001827811 -0.106002106528504 -0.0165746694408647
-0.188838159837132 0.0390971829999435 -0.0257574854508418 -0.0450045963398406
-0.212742521052532 -0.0228928056625408 0.100595142604677 0.00666236481934625
-0.17010644996918 -0.0336342718396062 0.142129275561808 -0.0423524736797236
-0.194612541169888 0.00917713212671393 0.203837218676581 0.00772243258210654
-0.174318937764076 0.100083976643421 0.208426550606434 -0.012404415719959
-0.100163507200194 0.139536447539978 0.159338421208674 -0.0359692238512995
-0.0188054978666783 0.140216713437996 0.0996700407860749 -0.0339524052182516
0.0172620809411615 0.116890867175697 0.0770450368656996 0.0023702085892085
0.041857668196124 0.107716769655862 0.0682050143048096 0.0212829333962054
0.054026734085703 0.0856226539881964 0.0511624759816703 0.0490584117696408
0.0475142837474969 0.0918323953358888 0.0348299948623636 0.0897651735077631
0.00674839355934542 0.106737268599003 0.00583981293002382 0.12450391035308
-0.0190974654464899 0.109937717917718 -0.0571783733564984 0.133537554903952
-0.0800187309442669 0.107720846030617 -0.101029779289847 0.072874716332335
-0.133010359837616 0.0885250419841434 -0.0879129433271185 -0.00929677171624013
-0.171057651628115 0.002576755725348 0.00537235417923847 -0.0367969034450652
-0.171548939913895 -0.0558050686357025 0.150783553012354 0.0210966509708064
-0.0892111517901978 -0.0437259145573357 0.167227746908824 -0.0433042060042004
-0.121145677446765 -0.00512599155693955 0.207790396764141 -0.00880837711523999
-0.106629027919749 0.0599718248499709 0.183814432182448 -0.00502299667422434
-0.0571964344411816 0.0797545234299183 0.141772916220339 -0.0134661026309943
-0.01484045693771 0.0780501453279447 0.098516591364742 0.00222093119993967
0.0020911587733998 0.0674893943863164 0.0884608132810173 0.0347356077303025
0.0147025914484147 0.0677273843585396 0.0841781925013347 0.0508423005145263
0.0255598168542466 0.0567725221526397 0.0636534008724734 0.0764112391290912
0.0208902145786768 0.0608578257932793 0.0396745502448185 0.120786324173412
-0.00520472044981215 0.0692486035375944 -0.00210123841811921 0.150116484939294
-0.0206864935080361 0.0702237798752442 -0.0704729303508204 0.147562072623002
-0.0629351906565078 0.0672483894589146 -0.102367791228238 0.0780473753327308
-0.104339447305658 0.0513365362918285 -0.0740492685446986 0.00450256550557847
-0.128500133245389 -0.0221104598393594 0.0263812938344795 -0.0163279959682161
-0.107137529178146 -0.0732273329303849 0.182688380964493 0.0450863649117466
0.0342948146677042 0.0511069511838628 -0.220616076120866 -0.064522569345946
0.0670160412117482 0.00805399650980127 -0.0748890650917561 0.000698975809943551
0.0590470601473599 -0.025737910407702 0.0660539036262006 -0.0171037428399266
0.0127585381270076 -0.0351327163291944 0.113358216862837 -0.0757459300641113
0.000555937038215234 -0.0128701702401792 0.0985725139496922 -0.161765261781419
0.0136793376220989 -0.0113986407254682 0.0173702453871447 -0.195779909634287
0.0155877591211272 -0.0251400169334954 -0.0487805107317733 -0.15856272670465
0.0105252234668324 -0.0260975723380178 -0.0795032941021964 -0.106146660552275
0.0223229660475426 -0.0244182063105315 -0.0966740513002556 -0.0706834564680471
0.0336077720706609 -0.00843548766195569 -0.10680461268928 -0.0492086361595497
0.0288905175673514 0.00358187823603353 -0.109902310893746 -0.0203109297156671
0.0245851974606008 0.00255137106602919 -0.135740969878928 -0.00499228561034462
0.0454139905238439 0.00776772386636044 -0.158924412137923 -0.00814061987634013
0.0348427388707934 0.0406975130373485 -0.171353368803758 0.0286187201678849
0.00795907861037638 0.0680123009598199 -0.156051457272294 0.060156169727373
-0.0582885582096742 0.0410207710009552 -0.192310926104181 -0.075960988984535
-0.0143650111336789 0.00781000245596997 -0.0483959695971419 -0.00645192818117594
-0.0137714226865993 -0.000187833048443813 0.0919508241941155 -0.0306690530249654
-0.0397531723988026 0.00449343182969918 0.126561635947037 -0.0849904963081163
-0.0250765695276741 0.0401845407211622 0.107912932632704 -0.167349451316412
0.00940177448456012 0.044036835896684 0.0273593942472806 -0.196529702546452
0.0337641458954617 0.0285010764465539 -0.039326531985696 -0.161356893858451
0.0425240951973557 0.0157484663995877 -0.0716587370809079 -0.10504341412376
0.0597050779154456 0.0198575291789406 -0.0887827340653593 -0.0651350716677619
0.0569556668836908 0.0443897085161826 -0.0959545672502749 -0.0383470266677743
0.0428480912283561 0.0665200102605195 -0.10488329308251 -0.00709312591112168
0.00396891315708648 0.0779876939195772 -0.133776376987992 0.00341340009139159
-0.0108521625370027 0.0730584594439116 -0.154385156926108 -0.0132556440680952
-0.0443342570912334 0.0673994685993464 -0.151652209667378 0.0224253424749983
-0.0832011523247132 0.0725823538178462 -0.133622112182839 0.0517609800705053
-0.143886579641273 0.023925918958784 -0.139380129193939 -0.074805853243374
-0.10339225738222 0.00752867691978308 -0.00185130022876694 0.00261629542571786
-0.0944361404218114 0.0334779591021017 0.134385453822964 -0.0322313741526344
-0.0910916877521801 0.0562843372923676 0.148469005914802 -0.0926607687898993
-0.0439707718655788 0.0966124512896174 0.111989446212816 -0.168532081138243
0.00820862868598517 0.0975936761798286 0.0342097088671937 -0.181740904169942
0.049035712541399 0.0803032909148158 -0.024721709779792 -0.145669574848024
0.0687837872215486 0.0551653442413211 -0.0524714000711351 -0.0900297798869412
0.0890047404590604 0.0592879432054988 -0.0668476128090722 -0.0473572615108675
0.0729308443265519 0.087346539344362 -0.0729925207521242 -0.0145735065678691
0.0548118980254469 0.114249580056841 -0.0915292352451334 0.0188381009346487
-0.00710726301283 0.136786463845443 -0.128625328116127 0.0207494473325734
-0.053267335634778 0.129361149599846 -0.14949086616442 -0.0136323099263573
-0.109317729585694 0.0888228873740469 -0.126730936266489 0.00579957599989804
-0.160334744150852 0.0682609335338172 -0.0871634964551041 0.0373436612562919
-0.209509920594905 0.0072254097567535 -0.066726023100472 -0.0648605222116224
-0.184724052165546 0.0107758628385712 0.0590216480568808 0.0187944437734366
-0.168196677171612 0.0754410634226111 0.180768367345198 -0.0273931618602766
-0.1307378975834 0.115661288220642 0.172453866011589 -0.0926226920993754
-0.0488620594353191 0.150032123786129 0.112730357062061 -0.157023379790617
0.0130937396981583 0.139715207837291 0.04105553132313 -0.149767939284277
0.0617091676410544 0.119505544196475 -0.00514068353893173 -0.112510481065638
0.0852722000592062 0.0858836185217132 -0.0263066597524833 -0.0615422972924396
0.101859854228579 0.0891694562150158 -0.0357166163577477 -0.0205996292744439
0.0746485909567241 0.11787068515089 -0.0420568091128151 0.0169488181217444
0.0525378434571935 0.143433019165661 -0.0725244726533822 0.0510419279256569
-0.0218694684168401 0.170572676337989 -0.121118635041749 0.0411842926718271
-0.0875362825359528 0.161005822696902 -0.142498998298004 -0.0137526935193819
-0.157911894045034 0.0949650879305312 -0.096935289851335 -0.0167573225081876
-0.212470330168288 0.0513063861920669 -0.026422989517758 0.019228968030288
-0.241715042031009 -0.00775942843741094 0.0165292969146791 -0.0527569600779563
-0.236574605949439 0.0156661958785101 0.124862288747921 0.0273970301266485
-0.215563584506482 0.109991863086073 0.21586599937958 -0.021177146350269
-0.148377771454032 0.163072610934942 0.184895774280711 -0.0822605966646455
-0.0420089804553694 0.184029811823499 0.111009800486332 -0.127607987348542
0.0201379392059295 0.161036455543708 0.0517818575349919 -0.102329978615613
0.0672284091561427 0.13984422094663 0.0195801360923987 -0.0680066547547604
0.0891681468002049 0.103054367791253 0.00407059426084797 -0.0248239842498556
0.0971697934601194 0.107098295995275 -0.00343724207508436 0.0149172741522658
0.058745062702263 0.134344586928897 -0.0128531458995172 0.05353698669736
0.0325832350159753 0.154757189481601 -0.0558187891715865 0.0849773484771689
-0.0459804206130399 0.175485610933055 -0.112247862136905 0.0585237086980107
-0.118124747594668 0.162391067551697 -0.12946814689971 -0.0142077762182575
-0.189331669689504 0.0783006119139378 -0.0642201790044453 -0.0367186227071341
-0.234440880447408 0.0196265063825927 0.0394970661506632 0.00675461686535453
-0.230688584608765 -0.0200345340154865 0.0939368790755079 -0.0452951507872398
-0.243075463744648 0.0182619050030033 0.181006834582458 0.0230337378631994
-0.219360643745651 0.122203760176889 0.228081540141485 -0.0179409019742563
-0.137827760211615 0.175259694059112 0.181638283065232 -0.0622156348229814
-0.0290331029597562 0.183553679314276 0.106694784556281 -0.0827220874544582
0.0248516507281022 0.154663055778516 0.0659263582225581 -0.0478217946805459
0.0631365117751977 0.136400442005261 0.0470439590109556 -0.0206653247362556
0.0789733020287073 0.103473799965025 0.0323917319955254 0.0151801039465993
0.0782322625437096 0.109564255488512 0.0218475642757871 0.0544627736686916
0.0328978744348857 0.133403092792973 0.00591319751491644 0.0933582122987663
0.00405765324077931 0.144105659013858 -0.04987924937335 0.11594627474309
-0.0723065377315463 0.153263826515687 -0.106661786472259 0.071608044218328
-0.138604515361171 0.135472410437799 -0.11220239243574 -0.0129012746359544
-0.196345008649774 0.0435711027575512 -0.0291655456972919 -0.0449133456264402
-0.22305954235923 -0.0194924139741275 0.102708271117317 0.0065540310461404
-0.177635769263362 -0.0302557206196244 0.150904280510524 -0.0433822819465057
-0.201264343618416 0.0130609948245411 0.214176218734466 0.00637907657698458
-0.17774267788782 0.106617178587328 0.216672765999557 -0.0150025343131411
-0.102862229822173 0.146913043844058 0.166063660095005 -0.0376032190844357
-0.0168512852278482 0.144963984400832 0.10283117295535 -0.0345784938162677
0.0198724955274374 0.120667320678097 0.0810678665647153 0.00215522313624639
0.0449214844608942 0.110865431246035 0.0713848722434341 0.0219144829350541
0.0571815931940197 0.0875362202780591 0.0540559423795256 0.0514989016326402
0.0503037568971123 0.0944093955587731 0.0376932769205366 0.0939504616644269
0.00867823851234604 0.111262294192843 0.00842753510118268 0.129754368713482
-0.0187561547632609 0.114792075156371 -0.0564553102181217 0.140608101599716
-0.0827795138375551 0.114133426821821 -0.105184007030004 0.0789844541162483
-0.13628425273461 0.0934279295734732 -0.0937795055876493 -0.00687334646086397
-0.177236116031218 0.00554401479383548 0.00414834298076395 -0.0368463166653171
-0.179975511785017 -0.0545953901519739 0.155147876844361 0.0204825491566054
-0.0929849898779804 -0.0419951753387777 0.175965427052482 -0.0448978591520939
-0.125337457228214 -0.00296456645425766 0.2178613991233 -0.0104565290778831
-0.108269411875703 0.0633727299697067 0.191913332649651 -0.00676491315533788
-0.0583776685275727 0.0830205920303753 0.148288136906228 -0.014675226188612
-0.013076765966579 0.079750102719635 0.102610413079787 0.00210751260132564
0.00303289122969415 0.0693977847992502 0.09350715309246 0.0354007658904332
0.0162195016379216 0.0696249341934652 0.0881959565106469 0.0522346222527897
0.0269801943029554 0.0578767219045278 0.0668374921041083 0.0795741406033988
0.022169142872895 0.0623031742776181 0.0427972598647593 0.125875417113882
-0.00367833186210283 0.0717088808468589 0.000296413209567834 0.156616879279016
-0.0202733990377459 0.0730008677597726 -0.0705409247007293 0.154991000105518
-0.0649823796451433 0.0708418898929693 -0.106283302754028 0.0832533102981217
-0.106600571804418 0.0539582803883006 -0.0788715498675587 0.00689532207278524
-0.132563404987559 -0.0204862074003456 0.0259284391200928 -0.0166673566616569
-0.112798830504163 -0.0730932122703419 0.188799798522766 0.0448267180967872
0.0366929130887141 0.0510597324805943 -0.231246410848416 -0.0601331412386044
0.068444390619935 0.006212133176374 -0.0765305741855239 0.00445703505546741
0.0590590489356138 -0.0278351090127135 0.0700827389913049 -0.0199167172302747
0.0120956206864032 -0.0355441093766886 0.117932574810868 -0.0831793253036398
0.00174423844892161 -0.011462441662024 0.0985817620155023 -0.173503979874003
0.0143248485908979 -0.0120684476057929 0.0111509178176467 -0.207096462655291
0.015552585087581 -0.0261952336531304 -0.0553204107702916 -0.165614055068426
0.00980189869091214 -0.0268920820075234 -0.0859466905246894 -0.109386546889436
0.0227489160490032 -0.0262581150517834 -0.104572198175403 -0.0709031938487077
0.0349838205597189 -0.0102049797475061 -0.114829204340318 -0.0477611803838228
0.0315280426370419 0.00308765827801738 -0.117101525161152 -0.0178820506584194
0.0257354560751152 0.00276347813454004 -0.142787057404438 -0.00028274495538531
0.0465308196989631 0.00682765880439786 -0.168534373197173 -0.00378286254358197
0.036835409218262 0.0417464490975943 -0.179612893862358 0.0336144348284607
0.010520756988849 0.0697096921839364 -0.165043836719719 0.0672290401168042
-0.0606556231184001 0.043314087919875 -0.201917557210645 -0.0730156514909106
-0.0176703931453097 0.00917290027741214 -0.0492284385087004 -0.00364976274779584
-0.0165543429093593 0.00113025306704653 0.0966041361918797 -0.0333655832839744
-0.042652090584381 0.00795485030854709 0.131781628145201 -0.0913608000005504
-0.0247053418740065 0.0451553802036128 0.10792527116782 -0.179873946565136
0.0115287014348991 0.0473227403856072 0.0223567375982878 -0.207854303734168
0.0369296808994755 0.0298664015874703 -0.0454816527776195 -0.16816625380919
0.0450575507219707 0.0160938589342511 -0.0771257822740499 -0.10826640828321
0.063881428817117 0.0191240905229377 -0.095722023527743 -0.0643082360816553
0.0615818344148372 0.0447619025385994 -0.102881297118847 -0.0357053305167999
0.0475474528978748 0.0687697500922969 -0.111006928325256 -0.00370566946393139
0.0064977945772106 0.0828826271089814 -0.140946157768797 0.00879198153889743
-0.00986098569704311 0.0779710223016135 -0.163881082835498 -0.00723600363381927
-0.0457091972968593 0.0725986279611379 -0.159527516054972 0.0276835382590045
-0.0855738056200329 0.077342151076665 -0.141998752083835 0.0581357571675091
-0.151655528425292 0.0297024887847472 -0.145905052284674 -0.0719056422730438
-0.11126372086242 0.0105881787100253 -7.20211420449679E-05 0.00481392645895751
-0.0995458756346443 0.0386682105941199 0.141052783738404 -0.0366175452167094
-0.0960724102716414 0.063601535455099 0.154989354764854 -0.0992372770830879
-0.0426713194763716 0.104954118905262 0.112134679915634 -0.179986946930895
0.0115100885574658 0.103861716721578 0.0310296611688362 -0.191699218447579
0.0547835409612479 0.0836113447905217 -0.030293955591939 -0.151349284440661
0.0737929190283031 0.0563735354798562 -0.0558783822324363 -0.0922988034289301
0.0948775394642599 0.0593513141969075 -0.0712687736913634 -0.0466063678222655
0.080047223000711 0.0902861627007322 -0.0773451747351045 -0.0115541568408039
0.0610098873031857 0.11851548755642 -0.0957691383760458 0.0238045613723329
-0.00340638098392797 0.145788778705776 -0.135502625438598 0.0281896143548494
-0.0523369180497185 0.137344256727748 -0.159420561170154 -0.00724400996786841
-0.113939372030882 0.0974173884426492 -0.133530408342302 0.00975340099515096
-0.167153121396238 0.0766716940891156 -0.0937405812250572 0.0414402618028853
-0.221612031706462 0.0146755683968644 -0.0681584406610974 -0.0625898600182231
-0.195987276268461 0.0176395209673126 0.0639370079365916 0.0196249763088955
-0.175064741322198 0.0845502956300856 0.189487407389357 -0.0320412665591614
-0.136017200288877 0.127466728665483 0.179417566336767 -0.100011621609918
-0.0467848101419212 0.160778657672573 0.113388575507646 -0.166853709152397
0.0185759559741627 0.148187941455553 0.0396192561275634 -0.158383776250062
0.0694413527411509 0.124101258666231 -0.00855017644366959 -0.116707662025545
0.0924306936747706 0.0871336654575774 -0.0275696341400407 -0.0632147983920536
0.110228004176654 0.090031643621966 -0.0373878648408994 -0.0186786574133766
0.0827910681560084 0.122598656040709 -0.043340687419204 0.0205149608237267
0.0603073756422417 0.149391737233452 -0.0739741724881248 0.0574542295565719
-0.0173604887049587 0.182237637156132 -0.125560202592675 0.0490986911377232
-0.0873486095480458 0.172554434682805 -0.151036161145706 -0.00710523595495393
-0.16477365130496 0.104987784207634 -0.102991606084276 -0.0138286265969865
-0.222649484196972 0.061039891253333 -0.0305858679222108 0.0214828650033947
-0.254901381429463 0.00120313088569094 0.0193877570896441 -0.0537886865086667
-0.249733845141874 0.0246141203765445 0.133169897962731 0.0273723486681841
-0.22271429755067 0.122009073866206 0.225762987391819 -0.026779880465162
-0.1522228335761 0.176618211197955 0.192873843798059 -0.0893995546239003
-0.0383052162496134 0.195586736360717 0.111903216544687 -0.135494394026134
0.0271363559735189 0.169730895375603 0.0523911923147991 -0.108481627202673
0.0770092715206085 0.144656116340757 0.0188535301570235 -0.0709580552628816
0.0968716993386754 0.104738682822078 0.00465971745304588 -0.0248677025672337
0.106057875925789 0.108665055674505 -0.00306548979157484 0.0167620793603959
0.0671700291744543 0.141259363867481 -0.0113850044049704 0.0580043088755377
0.0395588789426706 0.161497717072455 -0.0551713696419053 0.0927580793237573
-0.0431961284871789 0.187873744794117 -0.116149934779911 0.0675549328623257
-0.118697880873294 0.174658866531093 -0.138460178177797 -0.00744910807277611
-0.197276177067353 0.0887564576779179 -0.0692220443549986 -0.0353205265100726
-0.246421754984975 0.028426859423146 0.0389905785188402 0.00621211411166771
-0.243143990141445 -0.0113770246237572 0.101750362928231 -0.0480576766062487
-0.255163667634728 0.0268123857875321 0.191401450748854 0.0204208438849348
-0.225657959156963 0.135188179786308 0.238894747573672 -0.0238852107747849
-0.14005233668647 0.188996630509621 0.190268183261017 -0.0689706899777803
-0.0248819596201476 0.192940930379644 0.108758559057714 -0.0878905769986953
0.0315944336683527 0.161928671015582 0.0690200317582682 -0.0506266208131252
0.0718520996790781 0.140945344774068 0.0490424162496771 -0.021183773783131
0.086182458105695 0.105103729471468 0.0351829860480846 0.0162100750957836
0.0853813206860894 0.111654398995627 0.0258785205628813 0.0583317415925359
0.0395911069519204 0.140299641431019 0.00899521743619034 0.0991523590876529
0.00826145436875442 0.151335051954798 -0.0477724925562758 0.125205060877869
-0.0715247437785895 0.164948135660005 -0.110088892667177 0.0807544901651895
-0.140638258978314 0.147824571795076 -0.119931903769135 -0.00707185494824298
-0.205727285671545 0.0527787308957638 -0.0325076353301273 -0.045171353113086
-0.235911560965255 -0.0120360588744279 0.105913874413939 0.00361598292420166
-0.188212549100357 -0.0238345054725868 0.161127598620445 -0.0477513913185612
-0.210803112914722 0.0210163622137077 0.225871270919671 0.00120490945570247
-0.182318880367502 0.116657530071977 0.227708084062012 -0.0208390512068231
-0.103538334368066 0.157056775806276 0.174292397019475 -0.0433148000996261
-0.0130955758020211 0.151400980755485 0.10687098145607 -0.0373940971236414
0.0246984847178815 0.126101532945771 0.0872557098131495 0.000307365663510428
0.0519877487104552 0.114409398583942 0.0750926535096847 0.0221125204352212
0.0625316932187693 0.0891810171025853 0.0582285044542828 0.0538618222150425
0.0558656184343708 0.0968037895278837 0.0421321815848425 0.0985286240841097
0.0130328824452429 0.117463055775008 0.0130591615021566 0.137321834015757
-0.0160501814967694 0.120574631153453 -0.0545629794341229 0.150941235985936
-0.0838454171254374 0.123054261315122 -0.108758880231488 0.0882270272353562
-0.140009395290217 0.101816743968327 -0.100338210847238 -0.00152320742027427
-0.186314891928338 0.0116252543951644 0.00197749520429539 -0.0376076862175415
-0.191555056205971 -0.049640156699772 0.161861763996181 0.0167672324666565
-0.0997402608552393 -0.03954472466667 0.186827888537355 -0.0505424737351207
-0.130578814354271 0.00164634140815718 0.230085779774725 -0.0176441284776699
-0.109035900107953 0.0684950135938743 0.201348202362197 -0.012745501454986
-0.0592503472359586 0.08779406145188 0.156562585740229 -0.0182421988158464
-0.0110156773011415 0.0831474948741421 0.108280469718835 -0.000389074387308592
0.0056592442076124 0.0720067678180404 0.101062122278339 0.0352154095069724
0.0191461277156861 0.071931998712936 0.0938303885550425 0.0528053385882799
0.0301714799739413 0.0589548158001768 0.0728361435327139 0.0825219650642088
0.0245762458273249 0.0640116322857391 0.049306094528497 0.132033062850031
-0.00206541495498575 0.0756321500847051 0.00553343868819307 0.165309706885166
-0.0197669838666442 0.0769891104513447 -0.0692064834247447 0.166508505814013
-0.066846009258295 0.0772877811889054 -0.109693637140133 0.0924903558616532
-0.109989091031901 0.0587999483765903 -0.0846335572824443 0.0117770614623614
-0.138006993919395 -0.0168067493986145 0.0253188522312799 -0.0176076172251235
-0.12063827636504 -0.0717645252560427 0.198839923296197 0.0414888526405339
0.0399942899536741 0.0500737027452351 -0.241415636524347 -0.0500825377752965
0.0687471537931263 0.00363013130053409 -0.0771065293844136 0.00942320577303916
0.057972406929072 -0.0309835679120957 0.0737796430591773 -0.0232776940577209
0.0108694097149847 -0.0357790876368955 0.120217630573097 -0.0922466183225269
0.00138808780558752 -0.010104523148128 0.0943819018429307 -0.186647908858522
0.0142324201100821 -0.0126173495719237 0.000237505270028437 -0.216513863608615
0.0148573846659664 -0.0277068116034884 -0.0662369261416724 -0.170097437459367
0.00897368960993397 -0.0274616117812126 -0.0948212035679574 -0.110632140139647
0.022277924291729 -0.0279101411689315 -0.113377096362287 -0.0678280650761044
0.0357302636730476 -0.0126593659182949 -0.123052102226928 -0.0432212720150984
0.0330910901422408 0.00159042594582225 -0.123603978218603 -0.012749359934008
0.0279609910027153 0.00295598311084223 -0.148658062807195 0.0078980842059243
0.047319844938002 0.00477379239493233 -0.176922765712734 0.00478195621162267
0.0397489191473192 0.0422281077044991 -0.186380801525727 0.0425425835739473
0.0144787974091427 0.0694778410985145 -0.172431762847187 0.0786170073504724
-0.06248642144725 0.047708884763019 -0.211180589686272 -0.0638246664507052
-0.021393561882709 0.0107420488428708 -0.0488061700982145 -0.000338931391780934
-0.0194356398468437 0.00285657453410255 0.100387091684099 -0.0377699365753689
-0.044998879728039 0.0131315972801767 0.134845063535701 -0.10015707813772
-0.0222145434678447 0.0504867845697527 0.103310430766786 -0.192948895509482
0.0147353814107736 0.0503075225171364 0.0126197677815825 -0.217246343131524
0.0401051451121208 0.0301035235394989 -0.0555183350225042 -0.173195894602415
0.0479900064728046 0.0152594457013137 -0.0843762343135052 -0.110262709331244
0.0673084039382026 0.0167187036729907 -0.102786783462488 -0.0610055302934498
0.0668249979893724 0.0439866380180985 -0.109774269257917 -0.0305559544413913
0.0538585205732061 0.0686439670138564 -0.116632197128703 0.0026099347391157
0.0115090582283805 0.08767895612124 -0.145971813336425 0.0178798560514444
-0.00763498963327358 0.0818196400257751 -0.172283086853243 0.00230148120852983
-0.0455421989920319 0.0782557533737803 -0.16629517739165 0.0360696523653223
-0.0858347652847962 0.0837378489592053 -0.148106764947019 0.0682366304306779
-0.158246335977284 0.0384096454489783 -0.152160056776096 -0.0656760200472028
-0.117811543088833 0.0169790522563478 0.00199002427354787 0.00646478622946277
-0.103555000749773 0.0455152381556349 0.145510865889912 -0.0425322789642313
-0.0985639619081625 0.0735385721194951 0.158490066278719 -0.108599203724668
-0.0389676322962262 0.113511503345789 0.108085584675252 -0.192548920169166
0.0183294195540139 0.109203559089198 0.022973852585229 -0.20095367107713
0.0624143465181521 0.0844445807063718 -0.0385422356927393 -0.155022026655644
0.0803451698058398 0.0555126089570471 -0.0618719009315828 -0.0935857290213599
0.102496147009794 0.056567509336977 -0.0759270634884711 -0.0436831452305039
0.0889986077937174 0.0903525998848641 -0.0811701615088153 -0.00681841259449781
0.0701611643484382 0.119979663148089 -0.0986442017466929 0.0310095697045101
0.0045608656561936 0.153554203219005 -0.139371910734378 0.0379174915213447
-0.0483814657163481 0.146319318490825 -0.167638866348545 0.00264920739406374
-0.115086469967964 0.108343733753063 -0.139420779151384 0.0172749626811084
-0.170426657785584 0.0881443853521468 -0.098683306604645 0.0488229964973405
-0.230402590159104 0.0277752239315353 -0.0709761034339988 -0.0603458886499212
-0.205023291956907 0.027941804082921 0.0693088668526731 0.0196758967834792
-0.180155560414854 0.0972528038099357 0.19572582800194 -0.040268170846197
-0.13718068458496 0.141861720170408 0.184446853624101 -0.110064735665551
-0.0407421022015653 0.170875002718772 0.10931234507295 -0.178450575912187
0.0276647239853933 0.154853405153364 0.0343943783828232 -0.166215325761835
0.0801227326881793 0.12590780052064 -0.0141285243028926 -0.119759425582809
0.100513795094731 0.0861245680575713 -0.0304664562129522 -0.0639532725708379
0.119504658899603 0.0872454629637546 -0.0389246606197945 -0.015717013685335
0.093861297895289 0.124631903087168 -0.0438295137568954 0.0251810747983454
0.0702421484608958 0.152461950234537 -0.0743323069076813 0.0650583908590581
-0.00855676209654634 0.192026239880708 -0.128613429039041 0.0602376161732166
-0.0824277206516492 0.184405292957947 -0.159502524190828 0.00345525116893162
-0.168291043871198 0.119136468245805 -0.109608866882144 -0.00844512538773471
-0.230140186859279 0.0755384354374439 -0.0338959976155544 0.0251484966167043
-0.266454714468965 0.0156604940540077 0.0214642930720686 -0.0545415301713842
-0.26027081976367 0.0383942141726858 0.141600545663899 0.0229773619939011
-0.226090302142841 0.138238085579381 0.234118399611781 -0.0369393905067579
-0.152350130860752 0.193606270319134 0.199016157107869 -0.0998791737209921
-0.0306233108053437 0.206052271502378 0.109457209106837 -0.144738581401937
0.0385678715398346 0.176491036325187 0.0501034881819972 -0.115222726669843
0.0882389930418445 0.146512973543744 0.0167953801477903 -0.0731993940944746
0.106398802330905 0.103703315938618 0.00549032229920488 -0.0251345220881819
0.115658004556636 0.106946543819024 -0.00114280892173111 0.0195150892935307
0.0789407533242358 0.143920024090832 -0.00836750944125323 0.0620227880751669
0.0492408898191005 0.166130792158964 -0.052544600791495 0.100794602469939
-0.0351618041166714 0.199065215205159 -0.117794252720603 0.0789685835100779
-0.115014374698894 0.188929731939018 -0.145401327090345 0.00268885586294285
-0.201623712616674 0.104074858772432 -0.0748236768105062 -0.0325988068784428
-0.256443874009165 0.0445022339111358 0.0383629679388692 0.00611647722336014
-0.254383660911992 0.00303206003279938 0.107584486507708 -0.0531376925102662
-0.26535143706262 0.0418146294903518 0.202918393818084 0.0123295294786067
-0.227802547751829 0.15130156745601 0.247858396355039 -0.0341215901020608
-0.138360040368815 0.204612072868889 0.19660604453261 -0.0787817002084563
-0.0156889097201404 0.202225616016516 0.109201562029939 -0.094863355385199
0.0416992909206661 0.167239994376385 0.0707832907896159 -0.0559593507852267
0.0831260236369166 0.14258923187815 0.050281692209128 -0.023245258766389
0.0950587426261782 0.105016793754114 0.0384226031946256 0.0165422928280044
0.0947376795818171 0.111094656355116 0.0304278157603851 0.0610353762263302
0.0500995233222051 0.144965708467791 0.0156731862322221 0.103864604728569
0.0161949115026337 0.157824591922991 -0.042595416061065 0.13464036437017
-0.0660304969867687 0.177976300071277 -0.110618505764196 0.0922624494366262
-0.138781577083765 0.160693178972927 -0.126671225598678 0.00286808188833339
-0.212173460511383 0.0668329300807076 -0.036708134887613 -0.0443255807871023
-0.247420322864118 0.00156325613337324 0.108257487126775 -0.000950799490410201
-0.196191611662384 -0.0135776492067456 0.16956399138992 -0.0561504094731994
-0.217793161346737 0.032735202330455 0.236952385249659 -0.00927017563737659
-0.183048970652256 0.129983789541613 0.236614553072318 -0.0317295174492476
-0.101701245740313 0.16815351360788 0.180747388394743 -0.051092060734443
-0.00644303749237399 0.158029710702578 0.110314901871692 -0.0424777007037744
0.0323809077505712 0.129183462501054 0.0924617641245441 -0.0027524709436654
0.0608132387813082 0.115738574370273 0.0807739672879021 0.020402395128876
0.0694072310632241 0.0888455381894178 0.0645406175075903 0.0548532808082138
0.06301358666432 0.0969214320837552 0.0499598656057233 0.10204761420739
0.0207027291547557 0.122819916174506 0.0215992421257316 0.14345932937854
-0.0107025720796772 0.126860722254611 -0.0488981488609296 0.161367996626185
-0.0817610424867147 0.134048281907129 -0.109002640346475 0.0991520674958212
-0.140584167933124 0.113603381189876 -0.105951335375924 0.00684244443586833
-0.193192956400948 0.0226046822222775 -0.000621688872338025 -0.0379638276567373
-0.202907061148977 -0.0399207527058014 0.167496278310879 0.00988076704475184
-0.105241893292613 -0.0340573344726581 0.196158223478181 -0.0607064239820372
-0.134788767699895 0.00892894315793032 0.240300032920259 -0.0299584346198044
-0.109228530341444 0.075266721532746 0.21002753336248 -0.0224480563210683
-0.0578495561852183 0.0940838030894656 0.163549119730929 -0.0268516230128034
-0.00763545812428542 0.0859121154307351 0.113545059890639 -0.00429055457062759
0.00919159305131112 0.0741004257514602 0.108381147784855 0.0317460757561953
0.0245900498505136 0.0734439492109819 0.101370052785944 0.0502986915224645
0.0336444876232251 0.0589845836965569 0.0798788285852477 0.0837188125772016
0.0283698034206534 0.0645953987529892 0.0582980437781232 0.135570557739848
0.00137394269405558 0.0799026580433218 0.0149196708827342 0.172414708733905
-0.0168727322092255 0.0807080535407292 -0.0634123800673922 0.177683703541307
-0.0660153817226194 0.0842991195824913 -0.110075120173106 0.103381160654366
-0.11078424838397 0.0660863949807434 -0.0894129941517948 0.0183970111321977
-0.144108542646477 -0.0110534720631898 0.0247882891387288 -0.0183010470117872
-0.129392977347787 -0.0667442948202354 0.207136551792506 0.0324557221580348
0.0434737429133563 0.044062060948848 -0.250469216994188 -0.0112619980529853
0.0663465847961688 -0.00636241401433428 -0.0753203523036698 0.0253189363674008
0.0522002224329178 -0.0414992168757459 0.0725701214657887 -0.031196256464869
0.00613673483099266 -0.0390937798887213 0.109806482995279 -0.111298436533476
0.00184611323815199 -0.0141914147747323 0.0653884316377729 -0.204807444526237
0.0093566814370659 -0.0191461365374377 -0.0355834387384882 -0.216186431628067
0.00681930728302843 -0.0323211288657909 -0.0947111303679599 -0.16012195053805
0.00296577047434782 -0.0281995268800013 -0.111854825345381 -0.0982629125886895
0.0161833705588573 -0.0305739773715521 -0.124341477765232 -0.0517862925531665
0.0333985113060866 -0.0173431032350838 -0.132680921280641 -0.0262966522378576
0.0334519826199909 -0.00223838058875264 -0.127735565338854 0.0043137864905319
0.0298095139494556 0.00131895329670183 -0.150728552236639 0.0277872800185617
0.049165134879783 0.000245085930240902 -0.181180885447644 0.0288907481339484
0.048434407442831 0.0378856471899242 -0.185673571292076 0.0664301008467585
0.0267583459328325 0.0682968986410941 -0.165207615923713 0.0995637086193137
-0.0603275586172329 0.0603481294027593 -0.218191845692752 -0.033203428787357
-0.0219465232045602 0.0163494524516784 -0.0474138345630662 0.00694545887023962
-0.0200511099936183 0.00642803393404404 0.0967917225541854 -0.0545577623622416
-0.0415378138533411 0.0204998704047073 0.122361043046463 -0.1248620075948
-0.012078037106404 0.0510399506424147 0.0718007188242223 -0.213424578036311
0.0214530563474381 0.0439010968060249 -0.0249612527378286 -0.219738542818528
0.0446493049560762 0.0220510193885937 -0.085893570330532 -0.165857058257542
0.0484729381384984 0.00857018070804233 -0.101302494798802 -0.0973270824216302
0.0700171605261547 0.00714733786741401 -0.112150126385307 -0.0463054097913108
0.0755670674246003 0.0351498186804327 -0.117783053718291 -0.015777745942643
0.065525361264976 0.0617985054501198 -0.118907418297019 0.0181554404128204
0.0281540305568948 0.0906981969278418 -0.146102289271403 0.0364279359907525
0.00574508619765296 0.0865074439440192 -0.17488861528816 0.025034095527411
-0.0326775439424072 0.0881124122079188 -0.163875419018101 0.0596690047283419
-0.0746279990109111 0.0983660476563287 -0.140164647935462 0.0892214812817154
-0.156493422894468 0.0692581159582412 -0.156547459307735 -0.0481047933092177
-0.117461836100625 0.0405282769317396 0.00690409625402313 0.0018040760072679
-0.0964531506436971 0.0648722840935957 0.141096479447435 -0.0720336725077018
-0.0845988590077487 0.0916013570726407 0.144359714303964 -0.141592692231074
-0.0178103122140725 0.116810270325028 0.0735045011068396 -0.214279177288739
0.0349320751530725 0.102525749533827 -0.0128772961220468 -0.20541258467043
0.0778706707663578 0.0741125537392354 -0.066872893126571 -0.152371168975625
0.0872618060319401 0.0436453558103418 -0.0760525198212823 -0.083704406922607
0.112539894148527 0.0405489995911536 -0.0827565900537809 -0.0316344196867201
0.106726951239306 0.0785611867624137 -0.0851622603633283 0.00453749051547597
0.090857385091079 0.110187984638241 -0.0971236227792004 0.0450319803034879
0.0323115340534105 0.159183057822732 -0.137108248412933 0.0544344271626309
-0.024737405094236 0.1586699939179 -0.167918984618163 0.0244762187425382
-0.0999808892236884 0.129821343761731 -0.137501316640488 0.0383745952973612
-0.161404942883451 0.115607672607645 -0.0915985550433811 0.0666567496140444
-0.229639068974793 0.0716243080936416 -0.0718604074599819 -0.0578713078132487
-0.200954526267106 0.0666591743746754 0.0774818829682681 -0.000710072298852962
-0.162172522966805 0.128539282819833 0.19041612090164 -0.082497299896512
-0.110349500601082 0.167508095864937 0.167368837422452 -0.150239300719118
-0.0108314493024971 0.174776232683807 0.0755632892948706 -0.200362568125355
0.0526512771244151 0.147237597670742 0.00222004372915249 -0.171815017339508
0.104408886886119 0.113368493049226 -0.0376617900200608 -0.121430009162869
0.112553307288312 0.0712096339153342 -0.0400196730030537 -0.0580791606410364
0.135671518342729 0.068543759944213 -0.0417459586722041 -0.00886660051122117
0.118683427464389 0.11239218306115 -0.0433346019457911 0.030980176551268
0.0967373726260271 0.143137296960479 -0.0676852592799707 0.0760707943458558
0.0259815442675323 0.200768228519064 -0.122377623516809 0.0752317627423695
-0.0528576900504703 0.202543482034194 -0.158128895268336 0.0238673078307087
-0.151681893732157 0.149188514917064 -0.109118239304364 0.0105715622701995
-0.223487790902493 0.112586660726278 -0.0281116553869411 0.0355229606315931
-0.264840052536326 0.0657867322784075 0.0225627852340092 -0.067991000641674
-0.252116706832714 0.0857703948166965 0.150754223466826 -0.0105972499292207
-0.200963521072827 0.177008680828244 0.228284182087561 -0.0876630203997235
-0.115192365087116 0.221830840153233 0.181412322727576 -0.144984508252982
0.00508255566556759 0.208161079160054 0.0793858660307382 -0.165716310467249
0.0667737123836252 0.167498189722814 0.0266451162401634 -0.122762613998603
0.117809447985452 0.133122780006283 0.000528026886376789 -0.0796639888266522
0.121173484142279 0.0871618768398275 0.000876916941224716 -0.0243165509449302
0.136322715424653 0.0892060810829197 0.00207362476385619 0.0214367731547254
0.106547095926763 0.134446355657651 -0.00108225566783125 0.0641550963029464
0.0779097179292382 0.160544359155897 -0.0405734539667664 0.108918981164844
-6.57908875219942E-05 0.21259742048862 -0.108518106526595 0.0921967078087088
-0.0854909911444207 0.211351798887069 -0.143380295982329 0.0216898141581745
-0.188476054962444 0.139286912002581 -0.0774302023752003 -0.0171367336279283
-0.255306207570336 0.0840312572935803 0.0414940246426439 0.00783197602491892
-0.253717557931821 0.0496108550177751 0.108933257876279 -0.0798341700894392
-0.254136077224344 0.0896976459423944 0.210061340131004 -0.0326902748986385
-0.198974184611812 0.190502375368831 0.241202397075281 -0.0885098283560667
-0.09914813203557 0.23071974743776 0.181545203282368 -0.122576199418179
0.0194202255904621 0.202012389651825 0.0871389885072676 -0.114276962552262
0.0692819194326515 0.158625964767428 0.0579436755272565 -0.0669680604796202
0.113000529194618 0.129677164641189 0.042156691583562 -0.0347913106072006
0.111348043203163 0.0897286257367873 0.0405293150699819 0.0128770194275174
0.115780208433163 0.0963091487387082 0.0392801761826122 0.0587567225652168
0.0786179337113688 0.139447658467522 0.0286465188059202 0.102106179010597
0.0439821478140239 0.157158088188633 -0.0258896502397949 0.141263113210073
-0.0350432287841449 0.19564583619537 -0.0986145521855411 0.105459312372046
-0.113966832424975 0.186378524870824 -0.124068528383461 0.020026324674966
-0.205220427690369 0.102026448233348 -0.040562802709914 -0.0335259672318166
-0.253053508880548 0.0386301884118921 0.110740324832167 -0.00721947983649913
-0.196935527508427 0.0222959375110333 0.169290315975542 -0.0898644838787204
-0.207858458800246 0.0716146618917806 0.240696667850316 -0.0576363171128682
-0.157122956262568 0.159825262113017 0.230630544918577 -0.0810146173838523
-0.069159252110408 0.186509598897177 0.170821220743342 -0.0902733489193017
0.022182829634933 0.157068494247798 0.0985361781341197 -0.061092460223337
0.0554619534675057 0.122397682387801 0.0893024836833638 -0.018164734908944
0.0854761511167877 0.106163170235217 0.0804133735007835 0.00452304741925111
0.0834091566677866 0.0774618352743758 0.0724495631230866 0.046793946268299
0.0813076879968589 0.0875522125243598 0.0646827513469601 0.0976302869610677
0.0439854347652762 0.121104472556831 0.0409677870112694 0.141760903476484
0.011206510873174 0.130498511166253 -0.0277209387567992 0.169001053314299
-0.058162496132547 0.152819957090296 -0.096212300632797 0.113563676786485
-0.122962001171173 0.137850277339176 -0.102650713906915 0.0227489558375829
-0.191989505079499 0.0534590033514691 -0.00449941428213244 -0.0329054558002982
-0.21295834276309 -0.0105065821353789 0.170542922783135 -0.00511282596501806
-0.108211458421921 -0.016597209387084 0.193751859504892 -0.0956853455459123
-0.128082918865884 0.0303363286932157 0.240254258734061 -0.076114688299042
-0.0927404816589498 0.0920429373786806 0.206872225601901 -0.0639028154728191
-0.0388437687846803 0.103467158457074 0.159291783382418 -0.0586946428408202
0.00866400267402587 0.0851978634465637 0.111227910503816 -0.0228500547407193
0.0235671854825958 0.0705325021772885 0.113055979668224 0.0138760267351284
0.0400108970326915 0.0695069960559245 0.108394793638866 0.0327089267172375
0.0437662847649085 0.0536101468450598 0.0923145346288732 0.073878067006315
0.0414365716958923 0.0608364742888175 0.0775948399642693 0.130620963013862
0.0177610195601466 0.0806216305318988 0.0381542275663322 0.172638327305719
-0.00196345353034197 0.0845664288293884 -0.0400352952469902 0.187954833952339
-0.0510028363445302 0.0991600280585115 -0.0976145109437321 0.118963761899784
-0.100106281010551 0.0844103353027574 -0.0858365538683852 0.0320941829819764
-0.146318711147822 0.0117719512614508 0.0225067588611527 -0.0171926860618863
-0.141914372437462 -0.0493163780787178 0.21253984404214 0.0110654303422387
0.0444311654166558 0.0407717767153884 -0.250492195814631 -0.000191699099650376
0.0650999354730685 -0.00789897038612369 -0.0732043124015568 0.0279156790044398
0.0495357053021894 -0.0418630049580948 0.0734812372769741 -0.0343574176220098
0.00518333761809476 -0.0382441873561386 0.108372021233484 -0.11664587312703
0.0032652170263971 -0.0132573098568028 0.0575989717513918 -0.209715323897932
0.00967737989888732 -0.0192164266568777 -0.045383841627832 -0.216038161166587
0.00548036766289562 -0.0326116706010239 -0.102050381664091 -0.157808223444049
0.00234445724336683 -0.0271617410988703 -0.116292066816638 -0.095753317259489
0.0151573663835345 -0.0306981556532401 -0.127028244095791 -0.0467210684807649
0.0326873085662594 -0.0189195576040887 -0.135312888975291 -0.0202058966191302
0.034261559113195 -0.00430587952544049 -0.129177047644108 0.00959261732101913
0.030332831837237 0.000439441278807224 -0.150289244104428 0.0341901566255402
0.0480951346457919 -0.000895869493857561 -0.181977802431699 0.0361304784110401
0.0498657892811769 0.0357859190167198 -0.185288994945144 0.0736035338132488
0.028885620748082 0.0652545470726641 -0.165466055386587 0.107316787734998
-0.059057618728495 0.0628627301890081 -0.218582200639389 -0.0244528947662217
-0.0232834074882968 0.0190666045541118 -0.0455430857209958 0.00918583920916467
-0.0214684950443779 0.00908339666912718 0.0971510419411413 -0.0582287531043136
-0.0411994435905425 0.0253671049434371 0.121011047790884 -0.13078310070317
-0.00876025479143959 0.05328001143417 0.0640680110510969 -0.217052733035366
0.0241028143968441 0.0447279903569234 -0.034088224674235 -0.220002070808226
0.0457912686182503 0.0205982140078827 -0.0932495574568256 -0.163358051874335
0.0496057798619559 0.00810289294392265 -0.105057789808131 -0.0955482717542996
0.0708623545567096 0.00459862509480133 -0.114378958509159 -0.0411741802045823
0.077990900400838 0.0325452154563428 -0.119225655318168 -0.00985110241834072
0.0688484198392773 0.0590793752147455 -0.119247209681828 0.0241655793198427
0.0330436807948165 0.0908279808943206 -0.145448987906804 0.043009894300754
0.00822835963118543 0.088019323397667 -0.175199086625847 0.0328263492493381
-0.0301800624479682 0.0902157987226619 -0.16353094265664 0.0659909140177514
-0.0715814927596363 0.100333858178144 -0.140744433435849 0.0963973307279475
-0.154820812462009 0.0760506052474668 -0.156553593183172 -0.0425730474710482
-0.118616311659313 0.0463024958297618 0.00800217339981277 0.00172970255687714
-0.0962898901170658 0.0700631300868057 0.140826820078067 -0.0757288539852662
-0.0826260194098425 0.0993796177924164 0.142950632645582 -0.146893810077288
-0.0130866273500165 0.120483428200823 0.0672523056308292 -0.217229448572984
0.0406048687094521 0.103578053254029 -0.0215226338320646 -0.205489225898471
0.0822548790448381 0.0711488947259868 -0.0731659957090234 -0.149762717950012
0.0898915721685885 0.0409722276064313 -0.0791070635514889 -0.0825756884745041
0.114800359234691 0.0366195756156325 -0.0833089185915389 -0.0275514080903129
0.112001399252704 0.0752401001091701 -0.0859655519401241 0.00917779611575442
0.0960213102172433 0.107083503504265 -0.095673385455781 0.0499876255289915
0.0402706226868723 0.160276114714333 -0.134844817369982 0.0616482107079795
-0.0190310486299665 0.161455809510868 -0.168491408521873 0.0331966130928846
-0.0957828290572318 0.135491280804932 -0.138420570904101 0.0446531848833569
-0.157921385883379 0.123149472034884 -0.0920771102148553 0.0714545985565783
-0.228211965885191 0.0820730728821854 -0.070850655927816 -0.0557166672078995
-0.201308959152129 0.0765272344548024 0.0794237491437221 -0.00306763857685063
-0.159814595690657 0.135922245718735 0.190334661072193 -0.0871475078521146
-0.105533910174943 0.176028923847111 0.166049657927798 -0.155877063063439
-0.00362210053097366 0.178205108346354 0.0690814419051136 -0.202493382861561
0.0595315844958893 0.147406111498276 -0.00374128350765434 -0.172683120098283
0.110786513122256 0.108905533090169 -0.0423498732490946 -0.119198358726084
0.116794957236245 0.0680439204014496 -0.0410857939775986 -0.0574092530083663
0.139168391696727 0.0628835584498467 -0.0410521960716039 -0.00631847083615836
0.125500598220059 0.108606565949441 -0.0416016382606133 0.0342974491452781
0.102959154113041 0.140451139073176 -0.0644679972307208 0.0806463832253454
0.0356891835923107 0.202420589651576 -0.119545656331454 0.0821169401109842
-0.0451257290836423 0.206296414887326 -0.157714539361085 0.0329630828160583
-0.147399546804725 0.157714932950519 -0.110711427020268 0.0158075674438254
-0.220734254548705 0.122363161441984 -0.0294198777386607 0.0382657450723069
-0.263179745390124 0.0780560117806723 0.0237415662861559 -0.0691802064939051
-0.251199313497043 0.0984191333318444 0.153313893111799 -0.0162396314188735
-0.196194760884511 0.186210706990603 0.227216865307767 -0.0944338046321275
-0.108571172599612 0.230575008802732 0.180105304868536 -0.151097472289373
0.013197743008775 0.211215910173986 0.0748876553325771 -0.167414721462734
0.0745826591872726 0.167369015080525 0.0240095872039495 -0.124587456315923
0.12520357515276 0.127572670738802 -0.002677977552262 -0.0781896219211511
0.126105587434378 0.0829832907240447 0.00185340199549062 -0.0243979622966886
0.140463729864189 0.083380617075794 0.00377825872480556 0.0226952347768556
0.114625891978308 0.131530150815868 0.00218857247226244 0.0652181079516062
0.0848693006075001 0.158546193372489 -0.0355168338594174 0.112332732175199
0.0102690849602178 0.216252069586745 -0.104626109177462 0.0995276180267325
-0.0774028575297679 0.217212060987177 -0.143046771256051 0.0301837642586672
-0.184356462588002 0.148946724281323 -0.0791799267333684 -0.0135936403140594
-0.253527878631655 0.0962751038000541 0.040171010739777 0.00755784259698195
-0.252147358468425 0.0619682921862001 0.110104198867009 -0.0846744868209424
-0.252691950385053 0.101148425927368 0.211649688315696 -0.040251258698299
-0.19350266958226 0.199227193160182 0.24106011984687 -0.0959904694458883
-0.0911839388591387 0.238280018538318 0.18058117649154 -0.129362216389676
0.0268465050710748 0.20371983172803 0.0849011487848517 -0.116137058266686
0.0765279910659934 0.15690199210451 0.0572699502882824 -0.0701491763517998
0.119598328290235 0.124100658575576 0.04143283135501 -0.0346677916195125
0.115630725943455 0.0855105732413694 0.0431242292083829 0.011317588651471
0.120006944749609 0.0915855744451516 0.0427314072632279 0.058893989232878
0.0860694994939265 0.137425739537209 0.0337169763692322 0.102343843023757
0.0501702333617201 0.156803293552596 -0.0191680227489987 0.14469545942608
-0.0265026410187767 0.199956082321117 -0.0945566134868128 0.112375515474836
-0.106691050544941 0.191859243012756 -0.123250826671065 0.0282545994680829
-0.202194435574363 0.111989460099361 -0.0428508275565698 -0.0316910187862441
-0.252067354025931 0.0511204082253843 0.109184547388612 -0.0108070512836534
-0.195909142844777 0.032735283792359 0.170770478125576 -0.0979993227145792
-0.206167334081582 0.0807830219665975 0.241491554408641 -0.0676766759186504
-0.152064240329989 0.165958810192958 0.230255586230197 -0.0885325104466069
-0.0622566925121067 0.192123430448555 0.170037176403654 -0.0966228704761312
0.0277953302589608 0.156537096034586 0.0987249273741621 -0.0637142374332376
0.0604679722718397 0.120391075814603 0.0909672684126868 -0.0216063750445739
0.0908223771736406 0.102043919606105 0.0815109112238608 0.00329574293997995
0.0872345044875305 0.0744468445972255 0.0765423823767909 0.0449227889993015
0.0851597549378819 0.0841402173779535 0.0695502025466818 0.0967775758897732
0.0510148620975689 0.120319678550668 0.047652199853997 0.140684083933472
0.0164565923008253 0.131555888178911 -0.0198958494798434 0.172919993351578
-0.0515807349754918 0.157133541511385 -0.0922783018423821 0.120409854672725
-0.117313931427523 0.142950140789475 -0.102536892113037 0.029097003101682
-0.190275683789627 0.0619600178455512 -0.00583325408948893 -0.0321949737621228
-0.214344215405353 8.83250163354922E-05 0.169983161685195 -0.0109305179727034
-0.108914828924618 -0.0109916882348216 0.194225598071375 -0.104116432761329
-0.127313038763267 0.0352925112563755 0.239797103295694 -0.085930826662756
-0.0893602333152718 0.0952268749930307 0.205940419356888 -0.0715215787002308
-0.0351079109468696 0.106218216074896 0.159425034270945 -0.0654522948696606
0.0121448767122616 0.0843395323124312 0.11239884751135 -0.0260248519921448
0.0257808100782515 0.0692357326898301 0.11605987222988 0.0090437109752798
0.0437815295767407 0.0677537602140394 0.110210792757707 0.0286720527621943
0.045456432183596 0.0520389444346972 0.0967328212011783 0.0712912630937686
0.0435775071615908 0.0583925325450772 0.0834883427611433 0.128790693216208
0.0216339036488241 0.0801454671334271 0.0454507089756766 0.171914195182222
0.00115629640345455 0.0851381156890873 -0.0320159166308092 0.191986733991109
-0.0472494500490086 0.101870204491011 -0.0938442283395053 0.124760408677095
-0.0972018767852017 0.0874491366884869 -0.0851250907554998 0.0382282997216268
-0.145621749320399 0.0172545545400266 0.0213116930804247 -0.0179710086718429
-0.143327347379469 -0.0422535001823519 0.212601530677243 0.00217732052158128
0.0440555575676398 0.0390754559214577 -0.252027893433048 0.00489759690070281
0.0650831090534951 -0.00824187303440468 -0.07290636498216 0.0299803520771692
0.0487735958497415 -0.0411172133089169 0.0761945623916641 -0.0364633224700673
0.00515692367989161 -0.0373038154249215 0.109674443337172 -0.121860071645644
0.00461748057129733 -0.0130622639944377 0.0547032334158522 -0.213561244589249
0.0100612046135879 -0.0184103005256519 -0.0508981328354353 -0.217361907990104
0.00431933806842694 -0.0324660296563032 -0.107438638202815 -0.158232369407364
0.00274072193281049 -0.0265214045933407 -0.120545489820024 -0.0965094836435168
0.0147780363727145 -0.0306284239744022 -0.129316639330488 -0.0443265767752571
0.0331455772836673 -0.0200379306475298 -0.138496846395189 -0.0174081486188841
0.0350247322749907 -0.004781726469541 -0.131024637777215 0.01170253611666
0.0309850714701467 0.001092709039547 -0.151270624674542 0.0361987968001901
0.0483328624830629 -0.000531222373384891 -0.185203476578254 0.0392620600213277
0.0502509690101512 0.0348401034272555 -0.18797296372756 0.0772155332365551
0.0295083408157733 0.0635268993023709 -0.168496884013773 0.111543152563605
-0.059169153128169 0.0641427297407706 -0.21992876985966 -0.0208683958652012
-0.0250535157906417 0.0210710729578256 -0.0451838160089024 0.0109146708999318
-0.022604122597454 0.0118442705746206 0.0993187044511248 -0.059686250202645
-0.0414696775537597 0.028776535966758 0.123199931350712 -0.13504187283834
-0.00646593589734134 0.0555549959180363 0.0614657195677747 -0.221639314338131
0.0267897742420238 0.0461897967904792 -0.0390131203743285 -0.221432320814183
0.0471908685643918 0.0205255476586596 -0.0976171454453291 -0.163000985462455
0.0513397480660737 0.0076527699543946 -0.108444364587543 -0.0967883521421196
0.0724662770284152 0.00372510323956924 -0.115996512537683 -0.0392154349903118
0.0800349084724836 0.0313604144056008 -0.121775711480217 -0.00726691010084759
0.0707827622826844 0.0593315682841336 -0.120363367814966 0.0267516017254126
0.0361556022770692 0.0925164195144749 -0.14646607029874 0.0466909849032769
0.00931025721549013 0.0896743508110108 -0.178242659162444 0.0371507818590623
-0.0295230660890035 0.092428720176243 -0.16609211542347 0.0694498854493351
-0.0712409242734803 0.101562802702497 -0.143607044414824 0.101038663333351
-0.155577395241806 0.0797428876764068 -0.156515515540361 -0.0404101761444061
-0.120633150970671 0.0509618716395533 0.00928645649245219 0.00254662018138237
-0.0975115271062768 0.0740652411941585 0.143400414809684 -0.0780293664692664
-0.0821473433842908 0.105775051086395 0.146169146590763 -0.152147633202147
-0.00971236213007282 0.124421081961898 0.0651241033101417 -0.220783767136022
0.0443248667537807 0.106096890974135 -0.0249031217983917 -0.207935993694661
0.0851015401879301 0.07078890509073 -0.0768413460956302 -0.148479385616168
0.0927878538221393 0.0407808195050469 -0.0808524698656214 -0.0836599484005952
0.116661046327547 0.0345826522585244 -0.0841983260395062 -0.0259435690044397
0.116038496223293 0.0741576688321725 -0.0867154895610088 0.0115438609125754
0.0994841542491664 0.10714825319031 -0.0957979108914835 0.0529996471950583
0.0450253674242597 0.162540156374359 -0.135120671914356 0.0662005569186348
-0.01714892394442 0.164363554217468 -0.170832825109551 0.0381275193441274
-0.0948169616942681 0.13953827154533 -0.140735376522377 0.0472222714722443
-0.157728056464028 0.127316835335841 -0.0946865878856666 0.0751040615492459
-0.228707218687058 0.0881523149978519 -0.0700364594838459 -0.0545835637483265
-0.204235556487642 0.081833331721508 0.0813166159077194 -0.00354222213508212
-0.160789210082789 0.141726684541587 0.193210199390585 -0.0903325005238014
-0.105184795412495 0.184588503404828 0.169649644119609 -0.161446013297808
0.000694423888581017 0.183089300927263 0.0681405978411368 -0.205493725014892
0.0645189592501395 0.150078760125043 -0.00598982023194393 -0.174632311053463
0.115225198961475 0.108028646230118 -0.0449869252676108 -0.117937628691831
0.120305015265293 0.0670766716840802 -0.0415621569396745 -0.058238401828229
0.14204909824702 0.0609779286492524 -0.0402359045183394 -0.00497242958679768
0.130828684443458 0.10751740136634 -0.0411384869922581 0.0360588541035512
0.107125756208768 0.140661428201086 -0.0626992260077818 0.0834133525553573
0.0410011989911489 0.205794481342146 -0.118909744930681 0.0871400804132018
-0.0423084236031992 0.211360072495604 -0.159593399540538 0.0388331324529655
-0.146817653003912 0.163816721484354 -0.113159068745415 0.0178042652842316
-0.221071718950804 0.129012992490289 -0.0310059114116834 0.0402729451069959
-0.264076990756287 0.0848252556521879 0.0265021279679631 -0.07109359495004
-0.253922189926383 0.104921273123492 0.156209428175646 -0.0183023918509446
-0.197120196715481 0.193268950946271 0.231209943576619 -0.0972108269063679
-0.106487839398511 0.239649039292897 0.183344862625525 -0.155554215835735
0.0178737166447775 0.215376935154366 0.0750781092255482 -0.16894955809223
0.079305327108805 0.169751447318021 0.0231421456449658 -0.126338721626829
0.130590031774148 0.126067817412469 -0.00321822135241638 -0.0771796144541842
0.129719134482201 0.0819168268291512 0.00310625401676965 -0.0254525807375884
0.142912504654809 0.0805932426675806 0.00566696433778485 0.02391717148983
0.120943869726431 0.130608074287334 0.00361581211267729 0.0660452544041409
0.0894024028217363 0.159836645165681 -0.0327142475264206 0.116193054359513
0.0158031794236235 0.219638708133115 -0.103617947267343 0.104420659971565
-0.0743125770864099 0.222054247545389 -0.143764604569262 0.0357138455676047
-0.184905646226662 0.155675359814725 -0.0811139543646871 -0.011496701004674
-0.2540866881531 0.102948418409049 0.0390891210805568 0.0079920137533259
-0.251965113670286 0.0682468508303357 0.113097065945181 -0.0877870375795144
-0.253989226451253 0.108476519952942 0.214975890413061 -0.0442997428244214
-0.193290117368188 0.205812622524212 0.244014573444568 -0.0994545341541879
-0.088297001559224 0.245982573975684 0.183075717842989 -0.133229797311634
0.0313092892784767 0.206742642664397 0.0860734602115088 -0.11751558513279
0.0810926393917774 0.158975458888949 0.0588816861914262 -0.0718582068063415
0.124044026326378 0.122044105979804 0.0427240634797962 -0.0335218463313479
0.11875236786666 0.0844621900479587 0.0455419154551751 0.0108023926465049
0.122440284872751 0.0902005507285381 0.0451597373527493 0.0595182285336362
0.0915593748193355 0.138153759604855 0.0371131398710423 0.10290843957634
0.0535796082117933 0.159212252483409 -0.0156744366950432 0.14806632000819
-0.0217563173550977 0.204234656975299 -0.093458881602785 0.117768454153127
-0.104723028710966 0.197484103370786 -0.124214649101878 0.0333317690122092
-0.202458098646062 0.118064677193053 -0.0446510543279303 -0.0302958520905163
-0.253786319471046 0.058022855543668 0.109453611660824 -0.0115501455668468
-0.196122965348781 0.0377651986857082 0.174144655988917 -0.102763226027918
-0.2067565403172 0.0863590496833877 0.244652968638754 -0.0722415895884711
-0.150806994078312 0.170618773335896 0.233524922666062 -0.0924721723747546
-0.0598090374581467 0.19722209966231 0.172594622851142 -0.100930665880985
0.0306510133969692 0.158323287077668 0.0999894720514592 -0.0647412219567711
0.0629791353323094 0.122128551867156 0.0942101488844221 -0.0236573654894432
0.0943971353088974 0.100425333580802 0.083808192467093 0.00323660379640089
0.0896341695596071 0.0740170141533191 0.0795727179337486 0.044961040338995
0.0868907551508085 0.0825985186225526 0.0724772349069373 0.0979279063224042
0.0548729721334418 0.121787204201405 0.0516930135341862 0.1416558225232
0.0188514916756102 0.13317772839255 -0.0159566763825852 0.176955394192115
-0.048611632350445 0.161670865708875 -0.0909093975837503 0.125221911234341
-0.116660002932795 0.146516825127766 -0.103277331678326 0.0337413121238602
-0.190328067974519 0.0672039101354753 -0.00704750510931743 -0.032358939204528
-0.215952306474631 0.00563166312379504 0.170885638957805 -0.0139226911393524
-0.108814082354687 -0.00858159686787168 0.197510910323527 -0.109081459939137
-0.12730913240973 0.0386903124724584 0.242860917842829 -0.0911535867700803
-0.089251874579509 0.0971484807157311 0.209665107340809 -0.0746839517721929
-0.0336003359558781 0.108809746815675 0.162147931168848 -0.0691274654517128
0.0135784511675804 0.0849175768820813 0.115562436670519 -0.0275714035471396
0.0266304828692592 0.06956690511952 0.120303673023972 0.00615587043625879
0.0453093150797958 0.0665325465254397 0.112852386713506 0.0282040100363796
0.0469638063759726 0.0518368001655045 0.100366203527472 0.0720935518508704
0.0445751140281799 0.0580623493282936 0.0865565097470087 0.130245194336981
0.02444010584176 0.0809894560513765 0.0497973170760415 0.173447748550909
0.00254111492349041 0.0862963874624829 -0.0289602839470368 0.196149379410067
-0.045277782453051 0.104645148595952 -0.0931649734831446 0.12975351476405
-0.0966210619193156 0.0895512076917445 -0.0863632311035391 0.0416418955571148
-0.145444478463385 0.0205507906791188 0.0210782323991252 -0.0185118897669484
-0.145615692773534 -0.0391197558578549 0.214145612905523 -0.00158184717833057
0.0445144930287257 0.0380524952064562 -0.258990888662553 0.00782615564003273
0.0664076562186522 -0.00819834676884282 -0.0742439415675278 0.0319756018075811
0.0497765167081363 -0.0407687374806455 0.0804266728703124 -0.038693081923719
0.00574549117019432 -0.0369933659072253 0.114313471455432 -0.128667401206295
0.0063027614391575 -0.0131582181965766 0.0541110050079462 -0.22282597000496
0.0107994908869769 -0.0184936537130326 -0.055737062893003 -0.22374950755977
0.00379642311554943 -0.0328118939902076 -0.1125658895484 -0.162912417778451
0.00311981496895545 -0.0267433257448583 -0.126490295528625 -0.100240519064422
0.0157997338828066 -0.0309638028281356 -0.134668535478279 -0.0455083337259892
0.033734711222799 -0.0210529233419877 -0.144439046892574 -0.0161241448655428
0.0363789257612045 -0.00571786528966745 -0.136075625647676 0.0129576904510227
0.0328746898793623 0.00149094264441804 -0.155941461360823 0.0384180009833248
0.0494865087159102 -0.000108308611245896 -0.192315358292704 0.0427741579460612
0.0514108049547445 0.0348859837972108 -0.195501828339379 0.0811498119529349
0.0302568507491527 0.0635442811708791 -0.17589130373238 0.117088523061929
-0.0615015958441622 0.0654423238364339 -0.225420202872943 -0.0189850058721257
-0.0265939834048002 0.0229802976721521 -0.0461611323995302 0.0121242243321147
-0.0243187437967506 0.0149616078642852 0.10458668181929 -0.0626230537625078
-0.0422592572997255 0.0331120811918717 0.129280757444113 -0.142314423855025
-0.00462391446754025 0.0589429730056926 0.0625152144974043 -0.23012266284519
0.0299684200847266 0.0488415834342639 -0.0425803962687242 -0.228766649410539
0.049380549214669 0.0214174200941914 -0.101788421803074 -0.167255538035742
0.0540539891380418 0.00803142167139751 -0.113221457328848 -0.100288402833786
0.0748262740942525 0.00352031140779093 -0.119689660209177 -0.0396945210166425
0.0841704816209045 0.0315462031679898 -0.126418290608205 -0.00570772597287473
0.0744194112267256 0.0604968728593804 -0.124632229651088 0.0287814695010806
0.0389463114532761 0.0960890830400989 -0.150454856164318 0.0494810573046855
0.0102526670578703 0.0938107323726259 -0.185024530571942 0.0410831394443393
-0.0304533247783403 0.0957836822021834 -0.172674734879028 0.0728294252319138
-0.0741075078982655 0.1043390380426 -0.149891776776343 0.106744384503206
-0.160311633425705 0.0836947613319934 -0.159477998900318 -0.0402991580802521
-0.12567345655063 0.0544865071192894 0.00993715399999604 0.00296766728818207
-0.1021874889327 0.0792614318933783 0.150067110058993 -0.0801099099232862
-0.0836726676148076 0.113589738114695 0.15233879921221 -0.158906625288829
-0.00783742247059371 0.130819024552946 0.0668910877683509 -0.228531232883609
0.0492481822649796 0.111195101729888 -0.0270740931691197 -0.214049338032565
0.0899084755041097 0.0725416172572295 -0.0794096215988667 -0.151728124279497
0.0974577291100607 0.0414855621435581 -0.0839080367924766 -0.0872235159092883
0.121139243725414 0.0347306915269615 -0.0857245582676727 -0.0263246142496372
0.121961519294738 0.0756045317650088 -0.0892310146487105 0.0140029329584952
0.104059892788548 0.11024878638457 -0.0979571876945283 0.056818754942898
0.049175992901609 0.168736831208334 -0.138557815415545 0.0703968023574904
-0.01588552334715 0.171804883859831 -0.176416346258705 0.0426701129101628
-0.0977871920512693 0.146286685729939 -0.146480264267826 0.0502426704556712
-0.162400783804113 0.131723631510049 -0.0992407952755125 0.0800166404135896
-0.235273493502395 0.0937193425170597 -0.0698902203772334 -0.0568859727122005
-0.211552369209087 0.0875916261791257 0.0843001935670702 -0.00386440246590749
-0.167457199819331 0.149175327780466 0.201542329724874 -0.0927243484895391
-0.106519598721598 0.195447258664381 0.176525202971885 -0.168799835833404
0.00292570297747136 0.190831333245291 0.0709173569624395 -0.211610279948582
0.0699071042301434 0.156832107725367 -0.00619037060067663 -0.18017897205089
0.120857237435668 0.109937876572886 -0.0459828363658816 -0.119268962785278
0.126400958330669 0.0683654663995202 -0.0425540176510253 -0.0617263763260409
0.146747140592619 0.0618194180723951 -0.0405776662596561 -0.00438689639048907
0.138112108667642 0.109909206874762 -0.0418634440580901 0.0377470233064663
0.113145465120669 0.145100719897141 -0.0636687758840645 0.08832486831493
0.0457621063933786 0.214037559454694 -0.120682671668787 0.0925164592290015
-0.0414042095975496 0.21963508621896 -0.165130133068234 0.0429665981105494
-0.150340235554992 0.171608409869444 -0.117980542324828 0.0194207364564594
-0.227645498921113 0.135550357861931 -0.0339573842778235 0.0436813970544245
-0.270588553867532 0.0910776802960239 0.0290592506045017 -0.0748200783789867
-0.26237628107786 0.112915434116537 0.161972606496902 -0.0192775629941013
-0.203477152102908 0.202099158231534 0.240113064352969 -0.100829382054457
-0.107550500246449 0.252162637358671 0.191208466838325 -0.162609348429715
0.0215167250465607 0.224073458538741 0.078269330026277 -0.173881637360125
0.0851573368326425 0.17609865461651 0.0243289121085434 -0.130529531714346
0.13663783141201 0.127598594194488 -0.00226858065365721 -0.0772383782285685
0.136445584392864 0.083706845491491 0.00393515327186913 -0.0272917286660867
0.148075012587695 0.0822365883272975 0.0067338912458 0.025046346739674
0.128111883291055 0.133716380100736 0.00449181941267229 0.068405979186743
0.0942884449733296 0.165094512981859 -0.031472289311846 0.120965170404367
0.020085216662128 0.228569215872693 -0.104885955743484 0.111462987451281
-0.0746443843269548 0.231274133544088 -0.147981536774955 0.0404578318792669
-0.188844016067482 0.163510575355229 -0.0851473311680646 -0.0115252089237653
-0.262544932670889 0.110191961598672 0.03885317117841 0.00912283350298976
-0.258525871406003 0.0750164066291789 0.119205880616543 -0.0926111142500262
-0.261876057657396 0.115230747972612 0.22280198029162 -0.046774755315539
-0.199090846733966 0.214424602201765 0.253668173669715 -0.103091707287744
-0.0888524194946853 0.257955669646145 0.190491481793027 -0.140298194537884
0.0342437800276098 0.214142759975692 0.0896556301741617 -0.120308864085409
0.0858441001108566 0.165004926608101 0.0620269418540773 -0.0753486825932468
0.130278921167609 0.123558082708934 0.0446461548685829 -0.032735383682643
0.124624332951437 0.0864387812169864 0.0493980976478212 0.0106128099680014
0.126536006271795 0.0917806226987371 0.0484185775352548 0.0621741578853838
0.0979623412882316 0.141858114651333 0.0388207142939109 0.105818427599435
0.0571801134751292 0.164448165272936 -0.0136148177083234 0.15449869754407
-0.0189745015174727 0.212709033964086 -0.0945277248035296 0.124442223647826
-0.106918368723268 0.20507810180584 -0.127614133615777 0.0374575671669899
-0.20713243698165 0.124951605989218 -0.046845588082533 -0.0312163018005081
-0.261932003047178 0.0631335840381301 0.111306989756071 -0.012338246331327
-0.200838538413851 0.0419015930514313 0.182048884438383 -0.108409336232812
-0.212273754266085 0.0921731612660574 0.253652734879711 -0.0770450885816778
-0.155380137692807 0.177563610935029 0.242224044550878 -0.0962401116004549
-0.0599931790106786 0.206180063714151 0.179603583243954 -0.106448260887985
0.0335239079576333 0.163307356753195 0.105575865960455 -0.0666584492679241
0.0663339295465647 0.12591002126717 0.0993230345866794 -0.0259773271219997
0.0991976176149565 0.101517015902699 0.0874673016584506 0.00459260338499648
0.0937571320544606 0.0753764101137319 0.0841420742159347 0.0465812281494798
0.0894325248875706 0.0851125993074711 0.0769294427552462 0.101699338415177
0.0595725022914132 0.124414375967022 0.0541751267320821 0.145755047846063
0.0206731703017608 0.137936696652936 -0.0138277290408377 0.184096592753237
-0.0476258596627929 0.168644538590621 -0.0930750467614206 0.1328171422514
-0.119825871306473 0.152366026276968 -0.106075053025487 0.0374380718600696
-0.195521757804611 0.0715049076467494 -0.0081805673889538 -0.0330735034857238
-0.222321704466866 0.00843290669206069 0.175120801046259 -0.0151404487138468
-0.111056839159984 -0.00643426288763181 0.206406256511802 -0.116008452222254
-0.130025129678619 0.0415423867951142 0.250889230408554 -0.0970639071081927
-0.0919648705217653 0.100921453230144 0.217474633293468 -0.0787697827065626
-0.0333097998901704 0.113098744140283 0.168263959083624 -0.0743627061946361
0.0148405996204714 0.0869886703851226 0.120680943307056 -0.0290781737364789
0.0275473155993076 0.0721299422459385 0.125998155697608 0.00516787356913989
0.0479908802641567 0.0677392030129449 0.116895733308028 0.0296720588808573
0.0488868972537237 0.0530138308365419 0.105821524780362 0.0745732279252304
0.0455504109068703 0.0594191171584301 0.0920042136290434 0.134967942417801
0.0270289411606217 0.0828856549694857 0.0520814774432088 0.17808598008898
0.00315488240269219 0.0892571697710833 -0.0277851983097282 0.204347521070095
-0.0449612726497514 0.108657368777028 -0.0958450527711916 0.136916924398859
-0.0993872973647282 0.0925545784369187 -0.0886712000164714 0.0451564620277183
-0.148445004750762 0.0220554404166275 0.0206759697891181 -0.0196442811638599
-0.149903341589599 -0.0376926240531881 0.220159771842711 -0.00360757630772091
0.0460118650928957 0.0384251438556361 -0.271447278937318 0.0137181820502907
0.0689268897941377 -0.00917676442717891 -0.0769570032289522 0.0366091414191296
0.0518248194039291 -0.0430827296663775 0.0862362505467042 -0.0432738135998124
0.00651578604103233 -0.0375459416823722 0.119186172111255 -0.140994313219949
0.00823273166385723 -0.0130114543380277 0.0526584645984261 -0.238168086656127
0.0123122351967 -0.0188146616149836 -0.0638097704314462 -0.235642577217581
0.00371660875964582 -0.0332126706519827 -0.122496244531213 -0.17070345465733
0.00352752789452821 -0.0281761761207118 -0.137011603524814 -0.105071917022855
0.0168368725931182 -0.0327900712993593 -0.143671194983281 -0.045464971268564
0.0352158508822696 -0.0225059195409085 -0.153886076309972 -0.0129390936718845
0.0387159108674044 -0.00694062086866681 -0.144493699530468 0.0154688414353708
0.0352807114210659 0.00181522725336495 -0.164490213062775 0.0425019125236826
0.0525699191944435 -0.000383392964499496 -0.205255744393034 0.0494973712931294
0.0542402357727363 0.0351015157265372 -0.207020705056028 0.0891443765030528
0.0317644480880118 0.064935040335761 -0.187145208233412 0.127983726075393
-0.0656806640509559 0.0702489539560375 -0.236301057333097 -0.0159048918889906
-0.0288841967014063 0.0251899977799061 -0.0479655296658602 0.0149773044950353
-0.0258325950210569 0.0178364808314406 0.111367321223913 -0.0680411443915254
-0.043421067797809 0.0391427345550806 0.136080020604054 -0.155170212763108
-0.00217164066657977 0.0641622936278434 0.0629461355327798 -0.245120208749181
0.0347092010947348 0.052128311826257 -0.049286302745364 -0.240025566808138
0.0531341928345699 0.0223943278073186 -0.110541415570552 -0.174028678345103
0.0581934650095197 0.00784140349184165 -0.122684584116923 -0.105811098621457
0.0800055852855372 0.0026988819954731 -0.127304537476891 -0.0399190308230601
0.0902121290054636 0.0323556814542819 -0.133947837915048 -0.00192194660069958
0.0796101298142188 0.0624816152544533 -0.131194464350282 0.0335285174828102
0.0443837582938424 0.102402995979763 -0.158194503256147 0.0548016809021246
0.0134076290365813 0.10044369219661 -0.196811799223417 0.0479031262648968
-0.0312851738257169 0.102136590996408 -0.182453847161154 0.0808357812937563
-0.0769187879111381 0.111400355929341 -0.158827803387262 0.11659193539626
-0.168841697665763 0.0915391731283584 -0.167389057820635 -0.0401598403110576
-0.133305408774738 0.0612690148279652 0.0113721835866002 0.00456438935049732
-0.107831771609388 0.088233962285989 0.16011310867779 -0.087520471136328
-0.0858195676045829 0.126324832351513 0.161030016011584 -0.173147214649381
-0.00398452005688637 0.140375327344934 0.0674900427591635 -0.243524554895766
0.0565646770984811 0.118022770170795 -0.0326341456589089 -0.22578027880213
0.0965252731363947 0.0748779320410332 -0.0858023052833279 -0.157257612139809
0.105288708714549 0.0421250399525663 -0.0906096473547858 -0.0927636867822951
0.129848878796701 0.0348402788877777 -0.0905707880100639 -0.0264130260468829
0.132218050382249 0.0774856735501865 -0.0944101747288963 0.0173038563687121
0.113164573460929 0.114965007178427 -0.101899199810455 0.0623561997205394
0.0571031678681836 0.179363293512726 -0.144813841824562 0.0782820804161982
-0.0130353233130612 0.183127343477765 -0.187367955395698 0.0497510218556558
-0.101382707955931 0.157809855254456 -0.155735364646162 0.0564631785832676
-0.170371022611201 0.142984765847287 -0.106101806753998 0.0872240908302238
-0.246848077515273 0.103433223467112 -0.0731332103811911 -0.0595689325273565
-0.222948086756938 0.0979004307833091 0.0903986263154028 -0.00436305169397437
-0.176269998469223 0.163371077225544 0.214551545898289 -0.100686500200384
-0.108895749968158 0.213288172989731 0.186039688050138 -0.183093968363485
0.00860150122863958 0.20464986859507 0.0731347596247268 -0.225732155519097
0.0798619178190656 0.166363165722984 -0.00863875000683453 -0.191073236230493
0.131500775615798 0.113252890730091 -0.0492240850938234 -0.123264853812525
0.136751989077342 0.0693528948911371 -0.0461077758549252 -0.0656523424727928
0.156902397291871 0.0627322711853695 -0.042324172288312 -0.00440164286198719
0.150480745711675 0.113147554497527 -0.0436848641217092 0.0416212111239069
0.122995729674146 0.152094083654525 -0.0642480449721568 0.0952653493808099
0.0542990608557768 0.227520924301725 -0.125703712373679 0.102171951878007
-0.0397833335430169 0.234797483918712 -0.174020623052912 0.050620057766831
-0.15595322717962 0.186169990992335 -0.126168231364785 0.0233370024122395
-0.239422100573599 0.147505175670725 -0.0371037274601956 0.0483230587487178
-0.284009741152642 0.102569215477748 0.0318339082126222 -0.0799985035342464
-0.275337112847422 0.124933349997199 0.171335752868438 -0.0228354278282038
-0.213690388583763 0.220298491513993 0.255517393080191 -0.109234567899235
-0.108191701657832 0.27306228999049 0.201741094458968 -0.177518456792029
0.027414863050764 0.238046465935199 0.0818568336508476 -0.18501637862841
0.0958111262757836 0.186296959311527 0.0245794630319587 -0.139045121233539
0.14805677889441 0.131339555351257 -0.00178372777992761 -0.0783527532015969
0.146956734776256 0.0859502080347386 0.00462339182357121 -0.0303133099580123
0.158358163168235 0.0845866454091812 0.00930104399054163 0.026451097277133
0.139796284206229 0.138906925689914 0.00618445157592615 0.0727919430496359
0.103250654964426 0.174333963364458 -0.0295035666742138 0.129930126698457
0.026984836001533 0.243379314186157 -0.108490380104116 0.121507153570571
-0.074520937442993 0.247414101087391 -0.155979197840471 0.0472765273138899
-0.197126197113359 0.178370020823349 -0.091187244314163 -0.00988245457926814
-0.275710657910744 0.122984264577601 0.0394413160412245 0.0102863127767593
-0.270677487860137 0.0853186188282797 0.126463763853952 -0.101293601052236
-0.274402088984137 0.128257045173961 0.235650217032213 -0.0534878659856047
-0.207306462918849 0.232200496589876 0.268833406322749 -0.113163810544417
-0.0883855288703524 0.277731949531794 0.201457360358811 -0.152815112034125
0.041003881348751 0.227297328557354 0.0957369252947784 -0.128537176251837
0.0955901824929507 0.174112534690192 0.0661801743084001 -0.0815476460859664
0.140992785226945 0.126434587197639 0.0492067456826348 -0.0327967901022572
0.134494633118871 0.0884725243001522 0.0528942427832296 0.00911206108015689
0.136294246855235 0.0947762521231859 0.0540525834863634 0.0651937943289164
0.108375986621347 0.147787168490747 0.0434680276794356 0.111459083148114
0.064756450016295 0.174368782623921 -0.0095080801942275 0.164661581193271
-0.0153267487572727 0.227194436219608 -0.0967204092650914 0.136485889575767
-0.109061991566963 0.21981076387416 -0.133756152672415 0.0434233632568761
-0.216789907823838 0.137040632047618 -0.050877512788979 -0.0317879787477118
-0.275039711989689 0.0737532498900908 0.116452806641683 -0.0145760574657653
-0.210588067803949 0.0494214460116226 0.192391891479909 -0.118744000835633
-0.222366965306838 0.102421347968036 0.267087195488897 -0.0869054161038132
-0.162240214179079 0.192194078999037 0.256566965512601 -0.105951928470447
-0.0587062837399235 0.221049160140092 0.189544088171587 -0.117481593893028
0.0389153877300123 0.171792866909848 0.11250168371397 -0.0717271099724189
0.0727776427012829 0.13300369392005 0.106460296543336 -0.0303148908627518
0.107273505674096 0.103649526756463 0.0944849005067049 0.0053618635147204
0.101599178861252 0.0777494979352718 0.0911122755622194 0.0473032040466561
0.0961552773676572 0.0885102183980786 0.085248990506297 0.107132156627554
0.0666405485255483 0.130494354154873 0.0599552339562911 0.153290154206705
0.0252007037424259 0.146348412387998 -0.00987953490734706 0.196847282188664
-0.0461057809244238 0.180087306978785 -0.0950083872922732 0.144507103135716
-0.123659485134258 0.163660634592958 -0.111905549275992 0.0429119479769359
-0.204679850411095 0.0796392555009996 -0.00977590460018773 -0.0352857555702835
-0.234900060695604 0.0151887424465224 0.183993361705375 -0.019518589890141
-0.116922772914674 -0.00374038905042924 0.218343883225839 -0.12725202502787
-0.135464490757304 0.0467016031678542 0.263749504135584 -0.108257006122671
-0.0955687085554794 0.108447557249653 0.230804663862552 -0.0871065419110438
-0.0332707350198849 0.120825481930627 0.17675191893365 -0.082961787821218
0.0170524796474443 0.0908307963731051 0.12830211742704 -0.0324193157616363
0.0296399515558005 0.076175270006256 0.135273303621533 0.00190183552083958
0.0526915113103294 0.069221445902336 0.125281391700407 0.0303746315513589
0.0531996580515602 0.0550459756825238 0.11450543694374 0.0770828019323091
0.0483703471784653 0.0619994572276513 0.100899982348412 0.142757560777218
0.0304588461773794 0.08714896535827 0.0578798822291754 0.187997072620107
0.00470773293294788 0.093937179767378 -0.0253248589427095 0.218448195352827
-0.0450891029344423 0.115906494156408 -0.0988230552277615 0.148332935718308
-0.10274401894559 0.0994620389719031 -0.0934787048557296 0.0505035123068402
-0.155735507698192 0.0260546835565965 0.0207726081141783 -0.0206007597692114
-0.158458817355418 -0.035811679988578 0.231785259471302 -0.00777038787791165
0.0490397081044614 0.0371071804913842 -0.28686156526501 0.0408463158360365
0.0694493786895195 -0.0164655942083018 -0.0765966447450547 0.0515219457364581
0.0483594601897198 -0.0520517143766398 0.0919386799892241 -0.051156421278612
0.00230093614840118 -0.0421474088839348 0.115940465485831 -0.161432301879516
0.00625282699672929 -0.0184728107034362 0.0315815261209104 -0.258033294186443
0.00776937232185518 -0.0227649336781647 -0.0900376665023113 -0.241059108366976
-0.00287343672515932 -0.035262838778152 -0.147017555334595 -0.165406418608799
0.000110497322749836 -0.0293780578525889 -0.158583718204628 -0.0974109070926585
0.0137395663308266 -0.036253934485794 -0.161522050943681 -0.0338768358438298
0.0350703922540752 -0.0295966144783395 -0.170148520034767 0.00381648705570463
0.0399753040182116 -0.0146424157067299 -0.157382803745868 0.03250069054394
0.0395439589869104 -0.00443015203900005 -0.177079850793214 0.0633348619616198
0.0557652143920358 -0.0096611065448291 -0.222475932325188 0.0768445614968689
0.0606023119347196 0.0268931330154121 -0.219980680924233 0.115354535578573
0.0382851695701588 0.0635483322788162 -0.193523213920127 0.151044100064928
-0.0610674553138956 0.0851404925047834 -0.254064226637046 -0.00266073691422556
-0.0283779775939973 0.0326097652975335 -0.0495578356095968 0.0204176167558797
-0.0247728808506134 0.022528185111663 0.111726485001598 -0.0864555929179156
-0.037841642084553 0.0463691487844222 0.127367370872357 -0.184058695645759
0.00563171849206692 0.0646341472749159 0.0359873389959543 -0.266712305215016
0.0403648982519919 0.0496477057797372 -0.0793106084575803 -0.247328391470144
0.0582598139517467 0.0154431571379894 -0.139647403195568 -0.169192626989861
0.0621423940023741 0.00251454492084107 -0.143050839556012 -0.0993954614650193
0.0848601543396888 -0.00812451134264344 -0.142613182434681 -0.0296181667248306
0.100282083815196 0.0208726302551873 -0.149095329546598 0.0136070152630406
0.0915934331596391 0.0540070734250683 -0.142105031622463 0.0499155229006704
0.0619091808488148 0.0997715263572902 -0.170856836712268 0.0745615350999042
0.0264182462209497 0.101642780553864 -0.212600108943754 0.070297742470481
-0.0236142134720674 0.109994776876446 -0.1882076717399 0.103331133834884
-0.0750085086252714 0.12607153229886 -0.156311770470653 0.137860935401823
-0.16427390638227 0.121007504629194 -0.184385506543719 -0.0418493606040815
-0.132234979283732 0.0824142327296802 0.0105610659508695 -0.00301066744172225
-0.101420721930331 0.107185846500405 0.155586175429242 -0.118322232101289
-0.0692123909244622 0.143687880498177 0.145603539286695 -0.210182548319052
0.0130967668520529 0.144545528153676 0.0378221200758254 -0.265335255315677
0.0721854317959147 0.116243093842266 -0.0626924454012021 -0.232659723426465
0.11241774704424 0.0646696853958067 -0.115449854021786 -0.154119899614355
0.115128485699271 0.0329219721655601 -0.106791809890655 -0.087581850197206
0.141378653370384 0.0197244139232423 -0.100618481149486 -0.0187059845521106
0.150522578157243 0.0634698150697673 -0.104605503860237 0.0305211470861641
0.132566662757035 0.104832096471297 -0.10786671179648 0.0791031470237169
0.0856586374675371 0.179963028105275 -0.154883537306182 0.0962804920412341
0.00858185271853082 0.192948989420836 -0.201314772642565 0.0678161554424321
-0.0913283812449071 0.179739311108593 -0.155492407453193 0.0732728667468466
-0.172607710315692 0.172198428465148 -0.0940379714872209 0.104321809047288
-0.242092622165377 0.143077202892323 -0.087169336120483 -0.076565910429547
-0.219270240545157 0.132228870649852 0.0903795350307596 -0.025517554545541
-0.161525712294231 0.195468626884388 0.205734069227792 -0.144867189637992
-0.0797247535782731 0.239130035916555 0.164222331664909 -0.227345926793276
0.0345590431904395 0.210360534760712 0.0414856938755162 -0.244915499444827
0.102766093484875 0.163985591309608 -0.0364614677260412 -0.197525639885382
0.154845489981092 0.0997560131786079 -0.0755974216512635 -0.121736907752343
0.150806401910856 0.0575318197438567 -0.0564359070716897 -0.0640468931984646
0.174599951732458 0.0451774178760296 -0.0451587882639714 -0.000510972761591081
0.174393131741579 0.099320390120317 -0.0474159356599408 0.0513977292860099
0.147302019188801 0.143407802021859 -0.0635145832444966 0.110709679542872
0.0894272664733706 0.230542654331224 -0.132202099350621 0.119720859028398
-0.0128891799366877 0.252511222660008 -0.18613085800944 0.0642482665100293
-0.146347800617037 0.217508150652701 -0.122474841342136 0.0340913140973487
-0.246565830650378 0.18668794537393 -0.0192468815726557 0.0573443421002714
-0.279483864673578 0.145670474394085 0.0224805894966469 -0.110110840265152
-0.269867163916601 0.166201140097776 0.173297520824792 -0.0568826642236515
-0.192500055097468 0.258932805864655 0.243897929993135 -0.161959104344277
-0.0702487930164976 0.300858379359627 0.175751156761931 -0.222969534585043
0.0590776704973511 0.242571108694477 0.0527573837312609 -0.201589196105989
0.122795047334257 0.183865792974185 0.00334216998139403 -0.145724044166513
0.17529088773667 0.116141374714035 -0.0221839234239527 -0.0794147878515951
0.163434317176415 0.073267302577878 0.00206628548098293 -0.0308015029381609
0.178145479055495 0.0680295371313313 0.0141775058371372 0.0274463672553726
0.167615226168896 0.128107847103563 0.010374759191589 0.0789714115173592
0.130114182748073 0.16907920526447 -0.0212575013363347 0.144128136572154
0.0614938834226645 0.252648192922498 -0.109516486651694 0.138640103320326
-0.049088656160073 0.270055717702086 -0.164604664188559 0.0575331983608569
-0.190881796328321 0.214430465200678 -0.0857723171427215 -0.00419734946758644
-0.287849405365832 0.164730056689791 0.0618075394759827 0.0120371942072164
-0.268791368102301 0.124574216679566 0.122388420954255 -0.139219138773757
-0.267140372760717 0.167895264222704 0.239017531764082 -0.0958357727077355
-0.183449797755601 0.270438004394927 0.256735798896159 -0.16600010295408
-0.0487720543299243 0.301189737817678 0.177016625938561 -0.195468176086968
0.072156295317514 0.229203893457889 0.0739719776018783 -0.142479995554429
0.121726605741351 0.170648894527218 0.0539463671390377 -0.0888748119755476
0.168064595513294 0.112004845084136 0.0370083686005932 -0.0370555766665853
0.151265384730497 0.0772911347854959 0.0582783640948647 0.00667002120542118
0.155557283441669 0.0817440585923136 0.0664151332383598 0.0649409259623482
0.133973165197838 0.141600659868373 0.0556165011853151 0.116365861958323
0.0881243469585977 0.174470692729871 0.00396886115926733 0.179233252055008
0.0141027685163987 0.240634537421937 -0.0944487456091079 0.153099548951516
-0.0888060138192582 0.245775139927927 -0.139141399757177 0.0514715742235834
-0.2169521074993 0.172896286331223 -0.0437138802571573 -0.030281087544353
-0.292215679174751 0.112499712906122 0.141696939668175 -0.0192241904035971
-0.209936261379361 0.0784656407026349 0.193645834753999 -0.158770993382096
-0.215958694442447 0.131935140754293 0.269479624761527 -0.130750834386666
-0.141516128454414 0.221095378744728 0.246862438170386 -0.152955494786895
-0.0269593532729487 0.236790418259952 0.171670442074329 -0.152299941237975
0.0630347541637651 0.172421460623648 0.102319124882161 -0.0843869737904635
0.0932335414418989 0.129207350666671 0.104043558747241 -0.0402188845521374
0.129990174111566 0.0928709526782951 0.0917040871695687 -0.00268440139878284
0.115503847439659 0.0696672232052229 0.103195037111132 0.042722645680995
0.112457200047478 0.0805804035734461 0.104952980543287 0.107041666824853
0.087598349137192 0.128478645631919 0.0787201922147555 0.160789301288565
0.0418279150893068 0.149701864095518 0.00809602320911814 0.213624026577855
-0.0262997672587406 0.194769738221138 -0.0896938066174654 0.163240835147258
-0.111284917137866 0.187109820871803 -0.113410610326653 0.0506295425656332
-0.210232867723335 0.109023201747101 -0.00208963289593879 -0.0352744702678664
-0.253469934503771 0.0453794104322616 0.209753627329634 -0.0286458735206602
-0.121081601015144 0.00978068009739106 0.224483332398959 -0.162923926298345
-0.134221399761732 0.0608926694094266 0.268234089318148 -0.148831442841911
-0.0837090979451355 0.124153245569281 0.227326658037999 -0.12486737336222
-0.0149567229681987 0.128245856682747 0.169644616617802 -0.111222978301743
0.0303529936852934 0.0902333863523077 0.128247554005526 -0.0472731880539747
0.0417044330552128 0.0749310617465842 0.140531335528525 -0.0117531214548583
0.0659988228992712 0.0638519261689411 0.130497663521892 0.0193556486122098
0.062491892078368 0.0510414438727195 0.131312015896361 0.0708829155199062
0.0591068709130102 0.0591849804432272 0.126184628382936 0.144458848249713
0.0424328054470925 0.0867449862310629 0.080830910205783 0.199180880339905
0.0140904445119512 0.0968292408182859 -0.00451486547520017 0.239448233658651
-0.0332796009545164 0.126364531303128 -0.0940729993728562 0.169932309693775
-0.0977562557552103 0.11648596781919 -0.0927029944626147 0.0600397064881861
-0.163301233842416 0.0452809599016879 0.029083585771874 -0.0214180814320426
-0.17615260611429 -0.0182794299546927 0.256493655546533 -0.0211809688908987
0.0517025689456557 0.034343936076125 -0.295517894082853 0.0649684051899852
0.0702002672592395 -0.0213734343029218 -0.0735540381957122 0.0614159661727864
0.046874441555655 -0.0568293810496489 0.0938676542002918 -0.0623168349107313
0.000653629487055793 -0.0432703678956845 0.10949856982294 -0.18085133347507
0.0069030523064683 -0.020098208486521 0.0123735339775134 -0.274509844638548
0.00763223216185239 -0.0241739068251115 -0.114450102409621 -0.245764260296011
-0.00521613254577583 -0.0357754844888611 -0.167753448493337 -0.162801813127503
-0.00132311405901778 -0.0302359383219029 -0.176302038835682 -0.0909132799969861
0.0128853448223138 -0.0393377098364664 -0.173332707935148 -0.022300712256555
0.0342610024545054 -0.0338478036734099 -0.179229838031062 0.0185552187549992
0.0407325996257881 -0.018457206040131 -0.164613354578564 0.0464413930207474
0.0421687096530461 -0.00756214300113879 -0.182891408670675 0.080759053413842
0.0576592684103895 -0.0145813396603444 -0.229590639743569 0.100395961754894
0.0642975275602691 0.0239865169031544 -0.223274696677351 0.13831542759788
0.0439804541897487 0.0622175818544004 -0.194312488913408 0.175493759485067
-0.0596729095192515 0.0944156086524341 -0.264178666316437 0.016895388401259
-0.0289642291125645 0.0378266886523065 -0.0484979022089008 0.0269112458784779
-0.0247070904273269 0.0283672129854473 0.112750269557326 -0.100166339010075
-0.0339649130243879 0.054120336771 0.119858010472628 -0.205395223407154
0.0136177550531206 0.0675811795861735 0.0184439983636771 -0.284222446134287
0.0488097452813259 0.0490706602401391 -0.101656337167482 -0.254304139364868
0.0620738910842658 0.0124972757050781 -0.15870810537858 -0.16786400703617
0.0660755776349384 -0.00237780867391356 -0.159893604920226 -0.0941400329936423
0.0891231015854761 -0.0148408927371822 -0.152209579353191 -0.0198010812730829
0.107482501698901 0.0139875044993161 -0.155323848089394 0.0267785103524077
0.101047374622716 0.0491422179350141 -0.146536886762723 0.0634703252176476
0.0746096598483359 0.100738327869233 -0.174518657327127 0.0926652178287087
0.0359927163788568 0.105338360204583 -0.219454863872164 0.0930332750916812
-0.017222811144214 0.118344679912715 -0.191883351949208 0.123808773313969
-0.0704099130097459 0.138201007209423 -0.155771235969297 0.158890516969117
-0.163877673009653 0.139731680682907 -0.194691498409375 -0.0303826640740157
-0.134190787486731 0.0985709692903657 0.0122813656460489 -0.00217316979772239
-0.0990982509744224 0.124249311826499 0.156598702951615 -0.13712164016943
-0.0590207782868487 0.159905887019631 0.13769298414833 -0.233720633730431
0.0274187255250621 0.152515727005706 0.0208972804493098 -0.282071060646875
0.0882472240661914 0.116920525264293 -0.0832570393438701 -0.240163397491459
0.124128455242564 0.0593012817708612 -0.130715786645358 -0.152637920976959
0.12448959390489 0.0247177528515363 -0.12097831146232 -0.0847522729929664
0.151511719437014 0.00873875761699732 -0.107647656303707 -0.0121791372390036
0.164999233524822 0.0541206086171064 -0.107690610686941 0.0405750003390293
0.148596464368869 0.100732339157608 -0.106629089087124 0.0916734562995862
0.106524829167892 0.183656155742327 -0.154943709186728 0.114640869665727
0.0250072156149274 0.204013326526126 -0.20749492787926 0.0900259860463697
-0.0831885140339945 0.196595653623436 -0.159789401831345 0.0903574912893963
-0.169052897287659 0.194884387080472 -0.0927923972046443 0.118667365167408
-0.24293682926035 0.170135880836803 -0.0952823257218168 -0.0738171182513217
-0.221479482359032 0.157751590756645 0.0947255219499308 -0.0320241352149532
-0.15560226095771 0.222171442496504 0.20801570695348 -0.169101003686881
-0.0626140607090259 0.261111096268716 0.156443495866116 -0.252090934645003
0.0541952512240305 0.219929808723637 0.0262451797441108 -0.260828931049759
0.124151562521614 0.165008273815349 -0.0528675169745763 -0.205465535199169
0.171206577144195 0.0926835296258976 -0.0852051586131859 -0.121479706227682
0.164029651061029 0.0473278440509299 -0.0651378143445007 -0.0635683741300108
0.187367378606723 0.0329334839908051 -0.0473145754928749 0.00262466110708527
0.193128593622838 0.0895944700661135 -0.0449669557962174 0.0587915141085855
0.167265927279631 0.140228643734408 -0.0563819604056891 0.121148411605618
0.114568797374611 0.237541517357447 -0.128630131799968 0.137479139452425
0.00669062015560953 0.267833030198428 -0.190954312655813 0.0848282860063955
-0.137617219453221 0.240884656683054 -0.127859788292904 0.0467844903276275
-0.245014039474408 0.217448900942929 -0.0171105631680718 0.0634567114610747
-0.281945497650619 0.175281548007326 0.0172750397078183 -0.117019589925366
-0.271929660569239 0.196626138094057 0.178940327937084 -0.0714912400487206
-0.181758650076183 0.29061336981286 0.24595090679646 -0.18951722418229
-0.0480817487505864 0.324784484019178 0.168303483145961 -0.248983050986368
0.0831726681310936 0.252452398876657 0.0427273967494339 -0.216452460315125
0.14675658620961 0.18380616946045 -0.00597914680641873 -0.154191521388371
0.194275028618845 0.10712014382454 -0.0249659984161146 -0.0805976265974994
0.178844653149359 0.0624623099281056 -0.00038617573249105 -0.0333798512008921
0.194127725808176 0.0569293238378487 0.0178138800074793 0.0278024839121875
0.188556877471429 0.119959744461982 0.0173214095512202 0.0829165699243215
0.151060265996954 0.168796391923783 -0.00941791509131542 0.152811390430496
0.0874321178543105 0.262429041318981 -0.102416608684857 0.155471768944555
-0.0289746262969238 0.289662136394883 -0.168601772694716 0.0760271025340181
-0.184532809097071 0.242267516491988 -0.0921884615956332 0.00282912218528332
-0.290569044658351 0.198329476903322 0.0647317082303871 0.00874383583538585
-0.270445139196096 0.15229048436477 0.120002154281594 -0.156074844772782
-0.268605500519786 0.199000630191232 0.243497208177102 -0.118236199309948
-0.172639536167168 0.301197635733313 0.259576839091922 -0.19445945355922
-0.0261836060855385 0.323427895303743 0.171495898259713 -0.219678196775728
0.0949664535949511 0.236227248081989 0.0690816808119474 -0.155688458843609
0.143335033659918 0.170121256039965 0.0510584874969089 -0.099092440443037
0.184955536110939 0.103047675340509 0.040793028161237 -0.0397110096747743
0.166232972766395 0.0677117081363749 0.0622415006648869 0.00165842172642456
0.171077229701226 0.073533252412358 0.0766868074104829 0.0628354557357759
0.154136401042968 0.136858446323539 0.0675236014766168 0.119433031788473
0.106671892135475 0.178078753036706 0.0210869912436438 0.18849907321824
0.036156600400168 0.253679467366063 -0.0854808441997017 0.170185069000397
-0.0735829198057477 0.266379281879696 -0.142265081712812 0.0670313230978217
-0.21422265639514 0.199699270573126 -0.0499296303656522 -0.0278376195378339
-0.298774710304485 0.143740487080231 0.146112891305139 -0.0303180344385835
-0.21343880488221 0.099794477611943 0.192810238720887 -0.182491531660267
-0.215879823307167 0.156254735322558 0.273199887569093 -0.158768829035668
-0.131421743150626 0.245567690591329 0.249700224496659 -0.18022280308041
-0.00781030623436563 0.253083982998938 0.169596311399991 -0.174920401183248
0.0792067090576827 0.175443205044951 0.103182709450002 -0.0972949136363054
0.109701411199014 0.129657133664063 0.107636042368344 -0.0518311253032234
0.143073887271259 0.0854204834522599 0.100159932879928 -0.00773811633527268
0.127304816990389 0.062090979445006 0.113037474628164 0.0363226090345709
0.12523037772629 0.0757989822699252 0.120959258962921 0.10477539300327
0.103356030909398 0.127778500573339 0.0951570209681104 0.163810815097454
0.0563004605086866 0.155060825316112 0.0271948645741266 0.225627662294278
-0.010415663762506 0.20861514213489 -0.0802358484728193 0.180043148789215
-0.102271862337991 0.205902766063535 -0.115799685116468 0.0635554916952847
-0.212213600832919 0.131038608566162 -0.00586450948280815 -0.0369664390550791
-0.263131029168155 0.0697552900184613 0.216587673983204 -0.0472079981692608
-0.125333533119346 0.0202483610432137 0.224581298859981 -0.189041046203744
-0.13544970042851 0.0745017775594333 0.269652508623598 -0.177551827498928
-0.0782347975206799 0.13703731895936 0.231327910645874 -0.149639008111797
-0.00540897646987359 0.136275084619118 0.169373164146217 -0.130867651064254
0.0377837088854594 0.0915149312034593 0.133415431444791 -0.059593699828473
0.0499185949570958 0.0760330700021627 0.148872532573366 -0.024821671586737
0.07447266369859 0.0605351802681524 0.140622494891374 0.0113989262177817
0.0705289805250113 0.0475852832375096 0.145548830890471 0.0645823588368648
0.0670425902365075 0.0568861375190105 0.145473964433851 0.142600514937466
0.0515965854556455 0.0874674544868147 0.100588106012721 0.204910518670435
0.0211937520793475 0.101245880682289 0.0149610887362571 0.254134009568384
-0.0242964052268643 0.135891836250538 -0.0838903307496379 0.187386031931103
-0.0938688451089753 0.130022632390041 -0.0934926845263884 0.0712354852772909
-0.168025779823367 0.0591470858093083 0.026548541284119 -0.0253222565537814
-0.186603177716148 -0.00286026174882031 0.266513033087152 -0.0432328713006148
0.0526983494401069 0.0313338409981273 -0.292187535501542 0.0903153619158659
0.0688874630838224 -0.0261491000833945 -0.0671527007657594 0.0695781315881078
0.0437151310197718 -0.060364602870893 0.091332708543969 -0.0730777747954403
-0.00127300710024022 -0.0437931656103367 0.0961268651372973 -0.195968433182953
0.00734950040287289 -0.0218039375530616 -0.0110827405269002 -0.281920873263728
0.0064601010523041 -0.0256191952324255 -0.136821481129643 -0.240432439874671
-0.00906807819312985 -0.0349914061346868 -0.186175223877741 -0.15235253550221
-0.0039161253041932 -0.029779057847723 -0.188882498822901 -0.0782608077627629
0.00911534802425907 -0.0404303722932872 -0.178659148827576 -0.00756841332656147
0.0318248681704899 -0.0371796311779174 -0.181542257600174 0.0353710118677506
0.0403251027700113 -0.0225127619804487 -0.16540648239771 0.0611247301877698
0.0435928474173809 -0.0115399153955096 -0.180080653313192 0.0975858965732969
0.0569649918923922 -0.019761228356256 -0.225130638921617 0.123959157282001
0.0660325828679544 0.0196406638790833 -0.216588509993022 0.160831587784426
0.0485828506957628 0.057867357367749 -0.186182264368787 0.19684624730041
-0.0541866487350564 0.101867207589396 -0.265488661845004 0.0382018076369709
-0.0274352633515692 0.0427964229894565 -0.0442710795121453 0.0323735552130121
-0.0228209668508871 0.0336183194395422 0.108276847840906 -0.11332169164149
-0.0274557447840856 0.0598990158287194 0.105902227897112 -0.221341898056684
0.0212447937243928 0.068341348046968 -0.00507990228406723 -0.292171003155478
0.0556759320157286 0.0457624973862773 -0.124721668700427 -0.250194692677449
0.0652395286545965 0.00850200854776575 -0.174763431190404 -0.158095281162165
0.0678793809616297 -0.00775303427082701 -0.173498644422329 -0.0829229763063199
0.090430684758485 -0.0230241591822643 -0.15681434549301 -0.00739383890103796
0.111557216006574 0.00460446081873988 -0.155708213715269 0.0418667805428565
0.107250997724763 0.0420701772659935 -0.143865768770407 0.0777292219219204
0.0872809280757064 0.096855251925868 -0.170060095118333 0.10973187590746
0.0455942029872241 0.104476119243661 -0.21587056508742 0.117060085359028
-0.00848310383061349 0.123797696286998 -0.18525342285825 0.143124206935878
-0.061035161858533 0.146555062910365 -0.147204688218964 0.17795880633698
-0.155709894018239 0.157210777476264 -0.198336597871123 -0.014984785640031
-0.129617311483785 0.114069992587876 0.0142958334028603 -0.00160981854523005
-0.090248598289449 0.138545347701964 0.150311749610543 -0.154747534831824
-0.0439698417264811 0.17132270260802 0.122487387327601 -0.251893436034666
0.0435143131414437 0.154385727099573 -0.000851753429168434 -0.291099524398691
0.10265367362517 0.111466356603204 -0.104397239569928 -0.23863729748086
0.132109085116802 0.0495701678853816 -0.142830797604909 -0.145219768355888
0.129588310134829 0.0144421355913194 -0.13163631140745 -0.0766959567892064
0.155735176748045 -0.00481086051723561 -0.110552997430788 -0.00323424469168219
0.173790214655885 0.0400828241265214 -0.104961366828131 0.0520625444380527
0.160179876819231 0.0898516840728068 -0.100579625686675 0.102574870740443
0.126874471509083 0.178461390588644 -0.147982087256852 0.130820609881372
0.0423894199827036 0.206313980584719 -0.20364810469537 0.112838042076832
-0.0682068044594228 0.209629578169814 -0.156173318907155 0.106693745988909
-0.156942972195344 0.213042119929159 -0.0869014995797953 0.130507310510244
-0.232633710628545 0.193916270424924 -0.101137433559926 -0.0683115541721019
-0.213853493464634 0.18113225577629 0.095676525649762 -0.0387199915981316
-0.14046592848259 0.243147209502268 0.200458066905079 -0.189990236724888
-0.0386542460806923 0.274580682989614 0.139155881454237 -0.27144051701017
0.0763080386441797 0.221212724083393 0.00749393115264442 -0.269286960403884
0.143797704701488 0.157621393909929 -0.0703918925327535 -0.205664771279805
0.182029860737184 0.0790161202246316 -0.0919289581441392 -0.11650366948344
0.171747946333555 0.0334715623908979 -0.0728871271494526 -0.0598247666086096
0.194960595276361 0.0159893010012169 -0.04735442316762 0.00644535933839163
0.206651129446194 0.0731968189963751 -0.040319448883912 0.0646511170088177
0.183383584572765 0.129150497599132 -0.0460603958081308 0.128018823274042
0.140058707092844 0.232486151866531 -0.117780755241753 0.152103210946525
0.0303203383151954 0.273469434474204 -0.187494361704302 0.106417463730845
-0.120114885984423 0.25976054886007 -0.127500714992091 0.0597817197552788
-0.23146050095987 0.244132378464809 -0.013235248468953 0.0676806134852477
-0.271512619471299 0.202431942297867 0.00955429053403535 -0.121553613540399
-0.26037674062396 0.224515892259817 0.177345361087674 -0.0858147903487094
-0.160909522165385 0.316297737065528 0.23753734049753 -0.214775524773506
-0.018800723336401 0.338324040616804 0.152132532123971 -0.269251362227656
0.106622179404364 0.25202767725899 0.0275990043864384 -0.224941648320368
0.167980113686184 0.175517778967168 -0.0184447926529672 -0.158364042820098
0.205982539971206 0.0915577798416834 -0.0265679729189293 -0.0799370751784932
0.187701647784857 0.04682760394132 -0.00359610072558694 -0.0347659619516279
0.203480379508628 0.0399308456802853 0.0209891505672995 0.0261674372192458
0.203742428544281 0.104591604914739 0.0257460674914681 0.0842684405802353
0.169406474002612 0.160708683834649 0.00567885971637958 0.156834113655329
0.114510117852057 0.260692027455154 -0.0898788097057567 0.168373694516845
-0.00441483014294753 0.298869098343981 -0.164837840062181 0.0945342068427418
-0.167433596482082 0.263347205242289 -0.0949649612853623 0.0118559137924378
-0.279565453028205 0.229175593922267 0.065057664969174 0.0050675894985444
-0.261504725903674 0.178978405036765 0.111236775272198 -0.169671606353545
-0.256381843080965 0.226381155133165 0.239449711719944 -0.139658262360731
-0.1489767113481 0.325092341101642 0.250296963837131 -0.221292303148895
0.0036416189027896 0.334021347586433 0.156817497387073 -0.239342997537477
0.116053957213883 0.234106157310048 0.0602598550109747 -0.165615895758568
0.163230105948625 0.161470725416357 0.0451872444027813 -0.106279734372653
0.197117373840316 0.0878198508844212 0.043359143502034 -0.0438169846950503
0.175123713519043 0.0530984414658516 0.0639922491437745 -0.0041426333429372
0.181307640099737 0.0596767478289603 0.0846418638242589 0.0572909660119946
0.170052198568907 0.125352093220482 0.080221736140818 0.116726695206171
0.125485377769006 0.173251295512198 0.0400264845555383 0.191156714653138
0.0609817550153139 0.256432512169452 -0.0706683105081974 0.181583390099529
-0.05136447350973 0.279174700647413 -0.13948400628257 0.0825186782732431
-0.201707837241602 0.222644375393449 -0.0551327256047323 -0.023862435044796
-0.291551216261662 0.174526986456692 0.1449150809811 -0.0430044616195283
-0.207638863726883 0.120108096610024 0.183953226770335 -0.202221313442244
-0.207302855950403 0.177884987626275 0.265413836978186 -0.183703522971348
-0.112453198798109 0.262436176022327 0.241327791032992 -0.205114845172037
0.0147903212795043 0.259860428163956 0.158029483599228 -0.192660738081914
0.0954231301921162 0.173161302035224 0.0991174673476048 -0.108155884837811
0.124067981023705 0.122777359138962 0.106358518150737 -0.0633342706921659
0.151936404681007 0.0733226642997891 0.10579915472571 -0.015487771644779
0.13529473906148 0.0510172815428187 0.119529802388705 0.0270454323603331
0.134515848289626 0.0654169143649631 0.133943271937543 0.0965061788743383
0.117410604277551 0.12008641261226 0.112067068625819 0.160318813116528
0.0711570628333712 0.1547501750379 0.0489168400952515 0.228002715417299
0.00955774999853512 0.214498065051019 -0.0652357394484638 0.191677253408564
-0.0862657918416634 0.219516684057083 -0.112331536971534 0.0761283898216023
-0.204996994063569 0.152004352335095 -0.010680626289878 -0.0370244984969097
-0.261267571566146 0.0959291473599543 0.215541935373544 -0.0668481849884786
-0.125212389004598 0.0321063376464798 0.215008081390637 -0.211930479848564
-0.13116650098416 0.0876760450247024 0.259704636780781 -0.203468937071703
-0.0682625354579814 0.146412548103093 0.2244883796164 -0.172084801227502
0.0061030251923635 0.139522255060218 0.161298067136496 -0.148216606643394
0.0450362091264305 0.0894323225828647 0.132064879544297 -0.0729161770439023
0.0570118387265485 0.0736528253022661 0.150634490862377 -0.0393596525814462
0.0801219919113332 0.054278626350525 0.147854919011607 0.00056058782210343
0.0753008341117384 0.0412161460028848 0.154498906734725 0.0531701601439803
0.0728957799153907 0.052578661615716 0.162299849302844 0.133133806293702
0.0612308665627499 0.0829979779498524 0.120280944818751 0.201352066393327
0.030145054505042 0.101689860778683 0.0387799215173329 0.258766169246643
-0.0121233025473101 0.14098767437759 -0.0692801734859177 0.199351638792987
-0.0845246541870703 0.139992870828576 -0.0897208017635898 0.0817877618152357
-0.166242708353353 0.0746602733270179 0.0238074810011099 -0.0284555758947671
-0.189296612522446 0.0146737279822681 0.265808088495928 -0.0669576123116172
0.0521410355320921 0.0290931735226956 -0.28275117845293 0.106023457986924
0.0660843801251123 -0.0287119796933135 -0.0596012630183652 0.0734514569136491
0.0396537666887174 -0.0617683441671278 0.0869733001333371 -0.0807449550101719
-0.0022049270171713 -0.0435418795077532 0.0826684092824256 -0.202870709136029
0.00731576838984487 -0.0232190538732429 -0.0288494058065548 -0.279781277936653
0.00594254044567204 -0.0261215149707433 -0.151500539681384 -0.230791743042653
-0.0105076442575518 -0.0327708833988677 -0.195941256655899 -0.140734026783148
-0.00511328201918334 -0.0291309160348595 -0.195548013746219 -0.0659330245318015
0.00695251489370321 -0.0409387605764401 -0.179036573403384 0.00430166973012513
0.0288862925261381 -0.0387022364726034 -0.17904908231299 0.0478047866137363
0.0383237968439589 -0.0249710656023586 -0.162640053272725 0.0719297185899304
0.0439338842089373 -0.0146937041652483 -0.17490100682034 0.109089583182489
0.0546689730421576 -0.0228795141303784 -0.216332220936155 0.139874028322596
0.0663828183355585 0.0164868212650977 -0.206531054683603 0.174015565890778
0.0498430507447653 0.0532849984025189 -0.174825149058386 0.209909520342565
-0.0486491549417287 0.106137233982214 -0.260376487940087 0.0531108233463479
-0.026071908709724 0.0468324941241869 -0.0390285042383177 0.0356903025920428
-0.0202386740061872 0.0376839065402512 0.101250710742678 -0.121198465361118
-0.0212510676100866 0.062759123336529 0.091463324445186 -0.228984812696821
0.0284403731720439 0.0663333309643667 -0.0227013090805864 -0.292104883864078
0.0607338072064148 0.0413681270023197 -0.140727641198458 -0.241882915704665
0.0659439438608388 0.00502093770714646 -0.183876772595201 -0.147645102277679
0.067326764389143 -0.0121062370824593 -0.179674529613944 -0.0718970661969914
0.0889230468197285 -0.029417883445214 -0.157153020851609 0.00310368156989881
0.111714245543601 -0.00288148189863082 -0.152185784348628 0.0528205776193898
0.110121823428256 0.0352934222828155 -0.138883821136159 0.0862114429728706
0.0948027943925694 0.0899231925469409 -0.163105080140269 0.120515546647249
0.0513903017605864 0.102289795176197 -0.206678065954236 0.132685020770676
-0.00162008409477994 0.125218761964338 -0.175935912811219 0.155468851776338
-0.0530732881734478 0.149099814466697 -0.137506815718578 0.188262450549863
-0.14520564358855 0.167436961660796 -0.196638263477789 -0.00370768837931154
-0.123123177483942 0.12313947914042 0.0167761643359939 -0.000617978362705385
-0.0808074458917849 0.146914629550609 0.140965353863865 -0.164877286997041
-0.030692795242908 0.175880628287207 0.105859074721979 -0.259720928906178
0.0553475969523314 0.152211466342689 -0.0183332252564446 -0.290882491962784
0.112199241799316 0.103258413791259 -0.119260211221466 -0.232187472192621
0.135368419825055 0.0411390962612552 -0.149479604158199 -0.136959838493441
0.130506486324193 0.00532737213191419 -0.137707518177425 -0.0682803872892265
0.155531277625889 -0.0156368539705776 -0.110086419524531 0.00339252967570458
0.176894334785207 0.027665648471918 -0.10071576310952 0.05921136189208
0.167360572242325 0.0797455076822691 -0.0940003954493153 0.107947193620168
0.140432942915172 0.168913006828969 -0.139141293779881 0.140314064409818
0.0561791602774738 0.204524553515451 -0.194368346783241 0.128160374660347
-0.0561353059374561 0.214299069610927 -0.14977034893659 0.117732734218026
-0.14300226436789 0.22372503394753 -0.0788109086123985 0.13777160019153
-0.219391779996605 0.208085943611368 -0.102880476311885 -0.06205271757034
-0.203298152527564 0.195361045141676 0.0946291753087735 -0.0424075454472308
-0.123017310007543 0.255174556834611 0.18882350970556 -0.203812025567754
-0.0183481386833496 0.278898185049728 0.122521480959644 -0.280899585193825
0.0928894089852384 0.217240541088826 -0.0079532411945657 -0.270927766635941
0.156470241783991 0.147152991181407 -0.0827274615987495 -0.201713898254195
0.186550522141926 0.0669162307797784 -0.095523007235726 -0.111842122877005
0.17351984807552 0.0212245642635163 -0.0768791874124823 -0.0549396972235369
0.195947905274061 0.00280478310757625 -0.0470213038431949 0.00936071940181699
0.211821639956905 0.0585547088506945 -0.0345698512840803 0.0673770769248172
0.192727181224187 0.117775752588048 -0.0369799080653158 0.12982001769205
0.158006077464284 0.222857344676766 -0.107308510895989 0.15998343458183
0.048333468825371 0.272356882418937 -0.178507114424099 0.120908535788889
-0.102906850124599 0.268374781396508 -0.12439925607551 0.0680932662533177
-0.214632401058384 0.259303075700107 -0.0110189717132274 0.0696847471019209
-0.256431376854878 0.219666932018434 0.00428867784175143 -0.12187419002328
-0.246699781328937 0.242629441582822 0.173339078085496 -0.0945401043187827
-0.139148494086343 0.328416334624773 0.22456458386808 -0.230543805725652
0.00591036144173353 0.340694236683593 0.135076647815283 -0.278449797144928
0.124345659241516 0.245968384955328 0.0150850428727392 -0.22700132197387
0.181612510284533 0.162603160065245 -0.0284442867803287 -0.157593519889991
0.211390288195481 0.0770825345639706 -0.026482445463731 -0.0792208925178111
0.189916418514611 0.033286763885169 -0.00595041837509474 -0.0340816737585106
0.205941394382885 0.0253769519724861 0.0231462888255791 0.024200617743343
0.211641583425627 0.0898382682113495 0.0321247014751574 0.0832392317749925
0.180701400905514 0.149999747352552 0.0176130415119478 0.155096393309319
0.134671505009562 0.252782042432708 -0.077165042354715 0.174682067975562
0.0157365067367773 0.300362253438554 -0.157827442522079 0.107566634588648
-0.149890287106179 0.275179929456197 -0.095684414562959 0.0192633965413109
-0.262810972635231 0.248333193033599 0.063721885893301 0.00184453266930224
-0.247837883347776 0.195282557320308 0.102713528332579 -0.175743226752941
-0.240945557979387 0.24335662941514 0.230462813000222 -0.153204502862142
-0.126540997653393 0.335122649873339 0.23706233348682 -0.236817445957122
0.0274325668305841 0.334494694501522 0.141174272058686 -0.248942534645903
0.131488513295793 0.227097716156549 0.0517373860285844 -0.169815756518533
0.175246265709182 0.149150203313527 0.0386886194845657 -0.110279583925709
0.200730290985607 0.0740288882263349 0.0456656831465624 -0.0477519079352381
0.177641919057246 0.0401498190867155 0.0637990499506526 -0.00793639726791867
0.18515190262948 0.0456255572412363 0.0891402243524561 0.0509319087348618
0.178937109253561 0.111950293146228 0.0884062559539081 0.112672627771133
0.137738085998199 0.16637471161449 0.0542645347309762 0.186428090153391
0.0807330111064598 0.252311710555882 -0.0575410932369722 0.186196298226882
-0.0331393900520099 0.282323976111421 -0.132881809062303 0.0938690602220325
-0.185896055654291 0.236153045827476 -0.0571104997454822 -0.0193246693197149
-0.278188743277156 0.195003881388081 0.139226807691456 -0.0510860504131144
-0.198011901714043 0.133483692637141 0.172859512792973 -0.2134798702288
-0.195162733287474 0.191782681638993 0.253458648946783 -0.198857826432554
-0.0938891786087764 0.269937227616729 0.229349748489798 -0.221738857028804
0.0323756636259787 0.25884196474369 0.145255139713045 -0.202659768648869
0.105597197714535 0.167467401019596 0.0933830082268464 -0.115515627432571
0.133050363954678 0.114036685157597 0.102717269269108 -0.0716376849339238
0.15451167864642 0.0632100901737642 0.109237953783888 -0.0228476682566446
0.137284846039053 0.0407655141203836 0.121550243299071 0.0198060885357331
0.138897804593418 0.0553223495962823 0.140384571892816 0.0868611431416764
0.125713042941505 0.110632144212918 0.123383568286485 0.153088169225548
0.0817647459365946 0.150531478749439 0.066696197309318 0.223708317270412
0.025717112393432 0.212920938771613 -0.0518237977436771 0.196066833245313
-0.0716651262068906 0.225468030383614 -0.106687625747545 0.0853226421750419
-0.194631127613079 0.164237324431745 -0.0150257101904904 -0.0363135431449744
-0.252534837942603 0.114589760368751 0.208269476710381 -0.0795282747194957
-0.121306500333716 0.0402741915126246 0.20369760132441 -0.224860841242024
-0.125026813933637 0.0956981540878858 0.246138082440361 -0.21887303333021
-0.0580194411593488 0.149616705950807 0.214078377971845 -0.187499408455195
0.0150275721150352 0.138751553305795 0.150897194022714 -0.158984048071131
0.0488987162911881 0.0865975589221924 0.127605168398287 -0.0820472179195157
0.0619697654657597 0.069733622710359 0.148253342777681 -0.0504736025937589
0.0820858128606605 0.0482203967629736 0.150710933698884 -0.00772019588443491
0.0775397185047174 0.0351801623615453 0.158775079334002 0.043713360253473
0.076714781608324 0.0463037185580472 0.171417848025613 0.121138465424255
0.0665316180547785 0.0780660558195214 0.133637733869744 0.194051509899866
0.0373659302451369 0.0998975541968068 0.0565145536909427 0.255958180982952
-0.00166231289325463 0.141553390831617 -0.055283967958896 0.204487188735372
-0.0748104664128222 0.144792780695652 -0.0847795317149916 0.0884832765323697
-0.1599131896745 0.0840748500061915 0.0199978868577202 -0.0302469040985781
-0.185682832521892 0.0285168417750963 0.258249717455476 -0.0839726158401125
0.0516097180899694 0.0288803465533964 -0.27687343425682 0.114487578000109
0.0649561613070301 -0.0289502236392418 -0.0541605856567276 0.0742971736429156
0.0382630607337337 -0.0615879312121713 0.0835710544293876 -0.0856709781000595
-0.0030021747130326 -0.0436293926606213 0.0740914908854406 -0.206926787834173
0.00764070123265202 -0.0249362724225772 -0.040325170028396 -0.279379170343678
0.00569506174780156 -0.0266850789813792 -0.160284838023679 -0.224772730855413
-0.0114521004205757 -0.0309725445307179 -0.202444769194675 -0.13279247208136
-0.0058537520789291 -0.028207336556722 -0.200126496708938 -0.0583979075384173
0.00565413415970649 -0.0410521346182477 -0.179580105190271 0.0113889999097248
0.0274857543115408 -0.0400357380025751 -0.177279010598817 0.0553492253811114
0.0368808514315492 -0.0272218779042561 -0.161682943224804 0.0789395796597055
0.0444606761437104 -0.0174772653746441 -0.171437230596404 0.11613766132846
0.0534529389757697 -0.024571889222657 -0.210257322021821 0.149860757909615
0.0656072017674049 0.0150586016888646 -0.199982827556393 0.181937211860222
0.0502883917850823 0.0504319974735592 -0.168576928730803 0.217752827697093
-0.0454492731656347 0.108921749275731 -0.256430057780704 0.0608690455789616
-0.0246377215796913 0.0497228969904892 -0.0358887546111291 0.0371735812538678
-0.0171665418618515 0.0406085582332112 0.0969981292600184 -0.127067815537483
-0.0164317943154135 0.064166545328226 0.0823421073658154 -0.233660909662783
0.0326867434834359 0.0647588011970744 -0.033283030646266 -0.292188204931291
0.0640409562417019 0.0381261353330428 -0.149653248367078 -0.236377567930921
0.0673688659041684 0.00313663544622959 -0.188842707387972 -0.142013731614493
0.0677866695403057 -0.015167311301741 -0.183855650141961 -0.0650191171703022
0.088304980194176 -0.0334139616736213 -0.157416582408475 0.008735085969772
0.112079865119146 -0.00761039056706188 -0.149455424093094 0.0593824881940737
0.112072142398379 0.0309408556992828 -0.136541215108731 0.0919491841563287
0.100260459480793 0.0856282181723913 -0.159318523482982 0.127496721441574
0.0548266883775438 0.101370875733001 -0.20088169779322 0.1429969185929
0.00249780917102731 0.126176770216189 -0.171225145256031 0.163142130719807
-0.0487378388021214 0.151245264431467 -0.13131741334952 0.194819534228393
-0.139052221965996 0.172812374016548 -0.195107323155632 0.00183629210493484
-0.11924204975136 0.13047879343324 0.0197590057676032 -0.000578326897682809
-0.0735449801770829 0.153867606141531 0.135245308025451 -0.171786453140783
-0.020282639356416 0.178741831004869 0.0969360152783665 -0.265276095043574
0.0638035202151136 0.150539487355255 -0.0281147190006508 -0.291788773151136
0.118461557602221 0.0982396241973789 -0.127788964754582 -0.227500019054179
0.137480821930554 0.0364166390017057 -0.152614147439863 -0.133652757913945
0.13065165171721 -0.000671142937199134 -0.141278398688433 -0.062953828090946
0.154978089715282 -0.0231642027349783 -0.110661522149137 0.00744033108854163
0.178357667683787 0.0197486046435834 -0.0972241428163168 0.0639564315362434
0.171226646781633 0.0740508955777257 -0.0894617732558357 0.111571244017638
0.14992085984609 0.162113072658742 -0.133650905704504 0.146177532525469
0.0641903671711499 0.20350856647091 -0.188302094046611 0.13834657658269
-0.0475750134834682 0.21865458424894 -0.146051462210424 0.124597444877682
-0.135470053501127 0.230235783910793 -0.0749576918838205 0.141965452008291
-0.21164032925461 0.215604019525042 -0.103421085391553 -0.0587679066015555
-0.19674115651832 0.205778610502314 0.0957679590746229 -0.0449962625148821
-0.112066260408143 0.263221507645631 0.182106585276011 -0.211979593469339
-0.00415590698831967 0.281033026081243 0.112209772506096 -0.286531500994913
0.103498371249033 0.215000347117406 -0.0169775850786124 -0.271681784826394
0.16505793047598 0.139292825938289 -0.0910357813692145 -0.199117419799381
0.189541797105389 0.0592053830275876 -0.0962806202895299 -0.111097550570073
0.174200705452227 0.0131979757943104 -0.0799013053947976 -0.0519434187075351
0.196361618335819 -0.00623257792385066 -0.0461263833711549 0.0107724776418916
0.214558931210525 0.0489561328592423 -0.0310930882072828 0.0691653571294056
0.198911758166461 0.110921737286532 -0.0310692932167182 0.13024247478665
0.169984175247581 0.216075537348728 -0.100837877681376 0.164572188948526
0.0599052631058501 0.271865465631604 -0.172347359306476 0.130157447725057
-0.092934891640073 0.273961143942253 -0.12270328158889 0.0747834578132937
-0.205224666209325 0.269767815484596 -0.00899306990736943 0.0720349119521547
-0.246859656441742 0.228943344526793 0.00192900901838308 -0.122744851366993
-0.237480804278007 0.254063259403361 0.171639742354538 -0.100036640576718
-0.124640700374352 0.336783737354826 0.217173307160067 -0.240513410750558
0.0215610314513676 0.342405381073456 0.124606403627483 -0.284497523889475
0.135558505274932 0.243115457718582 0.00796249538861719 -0.22962277669051
0.190265557341096 0.154953830635354 -0.0341016794946308 -0.157444467937899
0.214452039125808 0.0685957354309037 -0.0258091832425117 -0.0816839353994923
0.191055615654188 0.0249586437155219 -0.00747918321349152 -0.0340777901975177
0.20687010034622 0.0155413474519302 0.024402765297267 0.0228537194329889
0.215536815088937 0.0796560229865364 0.0368300121418613 0.082061936582344
0.18850273639381 0.144214429760415 0.0246673241243123 0.152731766652442
0.147514249808189 0.247119435430293 -0.0704729434643296 0.17804247679361
0.0287353472209321 0.30093101123139 -0.152036533051982 0.116141377202449
-0.139166576410722 0.282914224220962 -0.0957259861764957 0.0241891210940674
-0.251970979315368 0.259880044247369 0.0619035710257049 0.00115387154132016
-0.239186007137142 0.204876356643526 0.0987873059195128 -0.179864576558571
-0.232345371745049 0.253580073382946 0.225923401248423 -0.160880955135045
-0.112262207386208 0.341615084908985 0.228665982470428 -0.248210643308292
0.0432109461625559 0.334659579814986 0.131609715846634 -0.254933394270388
0.141755457199496 0.223933598745071 0.045838465302366 -0.173047586353995
0.183180587096157 0.141782420779046 0.0346181858658471 -0.1128325541656
0.202932092009839 0.0660722654283884 0.0487138291243752 -0.0526032440551622
0.178416916835284 0.0321630347056618 0.0640775239462648 -0.0101026340358215
0.187027498123564 0.0372890324343716 0.0916479465359809 0.0475144233064049
0.184626919588172 0.10376411376067 0.0939802746494821 0.10913709477006
0.145689939378058 0.161739106970407 0.0635122044456814 0.183851069377892
0.0933133422227614 0.249307021513983 -0.0496445253171356 0.188914882468764
-0.0209533755087942 0.285320045829104 -0.128092525259488 0.100865698750988
-0.176891585001069 0.243602658730735 -0.060538506900986 -0.0164357981509753
-0.268914748763974 0.207533754981205 0.135618996737681 -0.0552561198739847
-0.191272574716297 0.14087548399762 0.16734214517654 -0.220352145491426
-0.187434489003389 0.199324161627202 0.247003936533352 -0.20772269886212
-0.0826834222240146 0.274958287388061 0.221141374475602 -0.231350828580581
0.0436539772385033 0.258389604695149 0.137133870623935 -0.208283237503138
0.112267206701896 0.164259413806704 0.0898588485911797 -0.119888003802568
0.138232931976666 0.108790454977872 0.100571636170335 -0.0765390467016389
0.156785710504426 0.056230913723402 0.112332676893691 -0.0286255698910572
0.138239077544426 0.0344891240713439 0.123553038602445 0.0153599380765644
0.141207436948748 0.048795150941284 0.144462675803185 0.0816170690895687
0.130221272633836 0.104628794939487 0.130115371250545 0.149466232484746
0.0891646893239409 0.148338551442822 0.0766160322957686 0.220166000265583
0.0358057406809199 0.211641105442691 -0.0441306045916914 0.199685562473066
-0.0623915407779604 0.228251031040187 -0.103408769460478 0.0909952087462522
-0.187798788256883 0.172690476619442 -0.0182803416727867 -0.0355115120452729
-0.246833685763123 0.126061003102734 0.202896248387076 -0.0861379731573912
-0.118944549077471 0.0458923927698988 0.197737760724673 -0.232378789054378
-0.121386221376202 0.100646808019719 0.238292857257184 -0.228186376452309
-0.0521218594471733 0.152910842932531 0.207591682601365 -0.196945471210462
0.020992921027875 0.138768091943989 0.143837137508032 -0.16438321275684
0.0511597629947614 0.085713179499947 0.125818230230172 -0.0863860148380841
0.0648635009302127 0.0673843187488255 0.147254947091494 -0.0573833955584609
0.0828905287248411 0.0448053891590922 0.154033727605302 -0.0145694028172473
0.0776614768387887 0.0308826676317524 0.161840556224945 0.037968613118223
0.0778596572530738 0.0431116483234938 0.177136010618881 0.1145478410912
0.0694494437694007 0.0749167018161483 0.142541507649258 0.189824435019148
0.0412321237978023 0.0993919883595989 0.068290390814895 0.253859076797861
0.00525792114401312 0.140789106211194 -0.04773101802879 0.208074969949305
-0.0690231946778682 0.147695753954066 -0.0812135761635181 0.0930977199128328
-0.15639925427058 0.0898508742397749 0.0163050684816929 -0.0312900556101205
-0.183156740839903 0.0367066269182137 0.251830882075174 -0.0929439332875237
0.0536637033688125 0.0190828711087194 -0.259414090281867 0.182100187049384
0.0579432273213108 -0.0404999355105067 -0.0352086414085314 0.0890298536889293
0.0243066086179666 -0.0680368452280684 0.0715765650845475 -0.106778208482728
-0.0132485688469189 -0.044478012328885 0.0335863393833667 -0.228991998683957
-0.00163713264085886 -0.0293186248023716 -0.100340702594467 -0.275783187069386
-0.00261744046923836 -0.0263604710330669 -0.208136935373476 -0.194744787283109
-0.0186784002306764 -0.0264293301504997 -0.230395861184411 -0.0932033569189462
-0.011726878507797 -0.0261988470431741 -0.215018310909594 -0.0152551398758561
-0.00457436792912412 -0.0408151190623815 -0.181788193174071 0.0513525137859371
0.0168826701420863 -0.0443915765038409 -0.169019225790898 0.099474330695646
0.0275250267234032 -0.0333181179640953 -0.147360019985237 0.119720960524827
0.0366138376985696 -0.0280208561428877 -0.148500478901522 0.160821752093866
0.0427478796820852 -0.0346361741981116 -0.179503309911771 0.205880595557184
0.0634487451270407 0.000619704453875901 -0.164696656067174 0.235624387495959
0.0548557477384574 0.0410444248213032 -0.130035854406902 0.25990186778927
-0.0227173275366685 0.115237190620529 -0.258443784879887 0.122156648544291
-0.0126209191763454 0.0561460112844716 -0.0296359683943025 0.0462402089895513
-0.00644116999761352 0.0433984074422684 0.0673660247237081 -0.149236436599875
-0.000316333496753647 0.0630682312529698 0.0288735980462335 -0.256055338863118
0.0436966907807736 0.0534238625892953 -0.0997556527153478 -0.286162441556308
0.0691425501188702 0.0238313123731176 -0.201397053885377 -0.20358613537269
0.0648137433878054 -0.0118506587241281 -0.218912209206538 -0.0989833118897382
0.0627364885819662 -0.0272800495580922 -0.199757835741421 -0.0247073440166674
0.0778499404999912 -0.0510139022045465 -0.16122491618447 0.043514580491622
0.107378863766451 -0.0310421303111809 -0.141870129089156 0.0980278294138599
0.11255788605728 0.00802221763970741 -0.119826601844221 0.127624587024035
0.112937161408722 0.060881956136498 -0.135699255634409 0.170016749581484
0.0716012165810506 0.0872728891017938 -0.175867607584219 0.195340813803801
0.0269915281074382 0.125474168673497 -0.141164567474893 0.202407302570393
-0.0199445097153901 0.16438740633348 -0.094900970528398 0.220510189930468
-0.0989649668528859 0.194156925470485 -0.214687561412221 0.0463913071936741
-0.087202439532124 0.154859046218139 0.0125921251139708 -0.00547316338726668
-0.0353668656255186 0.164618806772417 0.0857914867192565 -0.201284904261871
0.0235469242912077 0.173590588760663 0.0271501072816976 -0.287345956217913
0.0936200444216731 0.130574434962199 -0.097208029738179 -0.280982358150687
0.135672395570067 0.0710069203009411 -0.178237210459241 -0.19468512581556
0.141099475415195 0.00350861126340186 -0.180567389808767 -0.0935464463659183
0.127881622571471 -0.0260599085315236 -0.156533602148438 -0.0315355883654159
0.14532430312133 -0.05477147997901 -0.114144127936458 0.031815001881802
0.178753814362997 -0.0182853009822049 -0.08831567104128 0.0911398434294496
0.179456830907073 0.0383858015199834 -0.0679383535214434 0.136883601760524
0.177935638625083 0.125987914416121 -0.107660029858599 0.184016676778011
0.103210430079327 0.184378421822127 -0.168715679472972 0.18823782386598
-0.000438221021255664 0.22847729518142 -0.125394293409326 0.151953331489313
-0.0870412569726596 0.262767618042265 -0.048040728767455 0.147394823225757
-0.158652165065664 0.250410643632328 -0.137859788529629 -0.0388055256128754
-0.145941524746132 0.244620730067479 0.0769178191350297 -0.0678791910263486
-0.0482622051253694 0.279317325079556 0.115869439469041 -0.249988060929484
0.063004240162269 0.269496350869844 0.0313175994901998 -0.307152811504262
0.146286337076367 0.186095591343553 -0.0827745962015279 -0.257346713802844
0.189972455018525 0.100877095551769 -0.13486757621517 -0.169915265754587
0.19776743198088 0.0132852200633984 -0.118822398657982 -0.0790976268429572
0.173201382995108 -0.0213004197716084 -0.0915884137056124 -0.0338127027948858
0.189175173371458 -0.0482362423200121 -0.0485440641372267 0.0211277807403628
0.221616585763302 0.00196194485026599 -0.0204568865215165 0.081313920897737
0.215513557023836 0.068441236693786 -0.00407265353965903 0.142537477844424
0.209895779986982 0.174620913460823 -0.0703591612296016 0.194765803434868
0.114494462240108 0.251645869640305 -0.157268069225914 0.17490824710127
-0.0321738515453748 0.292808194288081 -0.113570698139642 0.0924122184376952
-0.145118504570798 0.316977501017653 0.00575075328109418 0.056914175332185
-0.189270178121552 0.269193656387089 -0.0452354926485102 -0.128880118779793
-0.175182491636738 0.299162581937097 0.13913473208555 -0.142399806779384
-0.0437695330723881 0.352358038521443 0.139467201099002 -0.283336841475896
0.102268965200507 0.322004289630606 0.0411910438877323 -0.30334596880189
0.184916760679144 0.205765074567301 -0.0475871397205053 -0.21743666571038
0.218761551922362 0.110472654394013 -0.0682069014605665 -0.138007688764319
0.223614645717597 0.0159346492180531 -0.0411101228929507 -0.062040406344152
0.191752333099822 -0.0144598198658099 -0.0141136975802857 -0.0304351518506392
0.204533455707444 -0.0276875143957704 0.0265190510077802 0.0183651013998083
0.229484979566151 0.0330733662448846 0.0516893781634425 0.0783089582027617
0.212546275048251 0.103415138595594 0.0582659971785774 0.151946773331585
0.194900397856578 0.210571199050726 -0.0365208711624389 0.199931425315708
0.0903685089845424 0.286773568254711 -0.140696679079946 0.154546954333751
-0.074428993254765 0.312062261254266 -0.096827166226169 0.0314050970211247
-0.19184713801835 0.317558056689864 0.0654793552646975 -0.0321829080048254
-0.186266729821975 0.244645494204797 0.0435212891518949 -0.210304513483682
-0.17012888841401 0.297163223822595 0.183062545153201 -0.216354109210902
-0.0305194967331677 0.354206775947445 0.15028840565243 -0.292394913927725
0.120583876001428 0.309950926960242 0.0556668036592095 -0.272602277732614
0.187091304969219 0.186121075197761 0.00518688744296439 -0.167978124384787
0.208946051875597 0.0990903645152568 0.0114797608054488 -0.108235786179194
0.211583261381205 0.0156694162046352 0.0409582695023008 -0.0489239599341311
0.180936496569369 -0.00494464197584204 0.0634576046631153 -0.0228338285210283
0.19064450342721 -0.00312084495742469 0.100840168212528 0.0274116265379396
0.204378714811751 0.0625190334360485 0.117381619920047 0.0920619821784985
0.175570846942145 0.129745336793211 0.104701686842084 0.173605547597313
0.142870032331612 0.224570055120582 -0.012729333354376 0.205455801804409
0.039550069888395 0.28155767623761 -0.11930486003989 0.130515117456569
-0.119547167421676 0.281765751144706 -0.0668538237828222 -0.0177663559953506
-0.217961868309511 0.269454486779897 0.130720265235519 -0.103383642579694
-0.15308983811767 0.173862823719404 0.111425034476714 -0.268438016155054
-0.138701993751526 0.234102687877411 0.197020285464432 -0.269962875859618
-0.0181021300010454 0.281785190180692 0.152287303151339 -0.276251836612454
0.102876144684356 0.236223782649207 0.0763686332905393 -0.228430289040221
0.144576340457445 0.134669960660311 0.0628428733282534 -0.127298217395066
0.158655095463161 0.0754172788378143 0.0855458757351976 -0.0892687019263285
0.164610248413366 0.017439497824346 0.109689685748782 -0.0413726633466963
0.142622594138874 0.00606513467312719 0.128787764439579 -0.00968318108603672
0.148822410017928 0.018118642323892 0.164253938524589 0.0497565644241542
0.150734182734271 0.0759393954579763 0.164322977408374 0.124453651058623
0.117089292148864 0.12922022993087 0.126984956040829 0.207487432851649
0.0781009514226421 0.201510875215118 -0.00318536351962031 0.213688278642948
-0.0127722027654251 0.235027998005904 -0.0935230491216297 0.113148491502575
-0.145834189683744 0.212280588685089 -0.0269039464792123 -0.044833499529222
-0.212343859549246 0.181742592432606 0.194365372444217 -0.145995322781326
-0.102628895681169 0.0674361101441621 0.148899607840392 -0.288767095768919
-0.0973082089167814 0.122434338723998 0.189150523528603 -0.28935444853788
-0.0169246540042938 0.156762818723111 0.155480825995304 -0.242632650803033
0.052180598932652 0.125719876995937 0.100981165587292 -0.190262821173421
0.0676643458862455 0.0707733638351679 0.107565892755648 -0.10867357747333
0.0777319229545486 0.0506554371520158 0.136015421829603 -0.0848558338944928
0.091142092511444 0.0233236028929441 0.153212101529902 -0.0401345336983936
0.0826886801914916 0.0142066945437653 0.1725349159694 0.00369624113899291
0.0857914361716292 0.0258177289880361 0.206175458644598 0.0763356502542446
0.0838277696685687 0.0604465257338449 0.187810926881145 0.163344931415221
0.0597567829520035 0.091389473712573 0.128083818768731 0.243415071773454
0.032297111232877 0.137354065939282 -0.00324609626936896 0.223887797645789
-0.0368423207685916 0.157343075803348 -0.0674788838252957 0.110230884980937
-0.133601672492109 0.123715645613003 0.0109485352309451 -0.0438336149005728
-0.168271072837934 0.07849207200326 0.24288689307988 -0.156538455851412
0.0565376557399122 0.0193489686087354 -0.263037889553916 0.198364823869995
0.059670324279972 -0.0433256639121312 -0.0325696499384291 0.0938951418968014
0.0248600959282916 -0.0717903503719534 0.0697180319140431 -0.113257039141217
-0.0149485661234599 -0.0463551941197024 0.0263062676529986 -0.239858535601501
-0.00310915440241565 -0.0319939852569184 -0.114758316146139 -0.285489283027612
-0.00296639102011542 -0.0283617065306092 -0.223819637368629 -0.195182362920627
-0.0188087343400269 -0.0258946688985607 -0.245938123907975 -0.0878733787013057
-0.0117712333189236 -0.0267033438948928 -0.227310703498061 -0.00674832385096269
-0.00601128744299249 -0.0422686965956387 -0.189130002238465 0.0603979441009369
0.0159683587412437 -0.0471348585230843 -0.172775161506386 0.110964217374939
0.0275643457721861 -0.0357606201295382 -0.149783623377064 0.131521525672181
0.0369374208144567 -0.0318036061284962 -0.148989083406857 0.174133944575217
0.0429394640277076 -0.036673044504379 -0.177855091165619 0.221997126900074
0.0662598803955781 -0.00101771939915817 -0.164167919579684 0.251981939582803
0.0566759277397315 0.0410994602464315 -0.127751869303517 0.278524807801049
-0.0188462388700528 0.121177804918594 -0.264004717248754 0.135053436477435
-0.0100280792594347 0.0603617481948356 -0.0275730829209413 0.0487138851855258
-0.00216996158407927 0.0468213280311691 0.0628134523955263 -0.158428063552505
0.00401847182309973 0.0656382661097345 0.0194471950296687 -0.267611712589675
0.048886349600007 0.0530623229141692 -0.114963539566694 -0.295959807785399
0.0742013478141826 0.0207786798718633 -0.217700544867445 -0.205171677750184
0.0688899123418182 -0.0144311304860732 -0.233154343949114 -0.0962083639776757
0.0654506822012177 -0.0313360093291048 -0.211694732304392 -0.0177494863537899
0.0790662771047016 -0.0566756169667873 -0.167510167829577 0.0518566258489757
0.111247779975689 -0.0372098936927263 -0.144012734149659 0.10765951271694
0.118463027177658 0.00362551945510231 -0.121409264788532 0.138696708033786
0.120736143894656 0.0575596593774102 -0.135791179006697 0.183620230742761
0.07831981199434 0.0894474326531743 -0.174025920718056 0.212291258850848
0.0333584204369607 0.131481349248202 -0.140436225913809 0.217005017807487
-0.0153565650036632 0.172909921964183 -0.0924237824141748 0.234447391143044
-0.0955156313205445 0.205368728981595 -0.222049482053139 0.0551085784834887
-0.0849410109635631 0.166177027873841 0.0152296949880114 -0.00600192922591951
-0.0273290848911302 0.174932424537123 0.081346506245832 -0.212882741068335
0.0343224782061921 0.181016311847017 0.0174762174125727 -0.299921621883587
0.104756631676704 0.132364077271148 -0.112585531036935 -0.290526298256866
0.145803748087936 0.067268308677322 -0.193667793355638 -0.196532397580191
0.148484587681791 -0.00154632436377146 -0.192187735690695 -0.0931810801645824
0.132841765744504 -0.0326452168754001 -0.165455174525324 -0.0268792224909467
0.148986657808507 -0.0646708042799543 -0.119436610620944 0.0381102839541048
0.186799505392212 -0.0270254647474815 -0.0885162488591149 0.0983302709236502
0.190455074929684 0.0326124637847746 -0.0661809429390988 0.1453224789634
0.192249346416915 0.122141118268498 -0.104908341641418 0.19783720429593
0.115278960312333 0.190043191203774 -0.166683286221983 0.203731491357143
0.00842651524769311 0.239732062543072 -0.125753567692644 0.164669432359166
-0.0800608295208493 0.279082620487272 -0.04634363033213 0.156788773945696
-0.156095170453633 0.265642266120931 -0.144354979151348 -0.0358909530352885
-0.142997584361148 0.26199601332199 0.0798679594214319 -0.0738022956090818
-0.035495137661731 0.295183084768321 0.110225512122444 -0.264557300233218
0.0791265659900442 0.278552786662353 0.0205978378674588 -0.320905758877221
0.163192114018851 0.188523497515302 -0.0964274828451216 -0.26690826191442
0.204934011666249 0.0968017191286655 -0.147263582893985 -0.172042690613208
0.207340630876891 0.00604928173483774 -0.12652963660848 -0.0808933007180341
0.179746177086811 -0.0294162253271503 -0.0973887888801897 -0.030986405339748
0.194288147494012 -0.058501047207168 -0.05039316675976 0.0247640452808047
0.231547683276131 -0.0076495926939421 -0.0173998831739674 0.0853383985080147
0.229180218081661 0.0625368271850216 0.000373141469073244 0.147788765473542
0.22780292256492 0.172025867832267 -0.0660875912699972 0.206587475116789
0.13019953220222 0.260230389444545 -0.155355832123243 0.190138219041621
-0.0209073892077395 0.308985216383774 -0.115885102726364 0.1020283897501
-0.137280444015232 0.337615079396475 0.00642480159982884 0.0605881863408347
-0.188147565757195 0.287055929619663 -0.0500179085006092 -0.133895821319928
-0.17033012820728 0.321234920808911 0.141674902370236 -0.153113254361275
-0.0286548156473773 0.37090876059519 0.133380179078104 -0.300487669695466
0.122457513188795 0.332140252077521 0.0311950762079608 -0.316861862878871
0.203385163992856 0.20832519067782 -0.0573109906442046 -0.224990192126693
0.234549219784561 0.105161477470713 -0.0764388325583523 -0.141151638064915
0.233960983777451 0.00833154109277083 -0.0431805339361541 -0.0672864248704894
0.198691518037332 -0.0226524870165 -0.0152111543042525 -0.0316635637233294
0.211896366777524 -0.0387967188396052 0.0283064031868364 0.0179808961741165
0.241112328719336 0.023367207968822 0.0584212825627956 0.0798911901966698
0.228422892727684 0.0987315040289815 0.065273692886841 0.155315901928905
0.214024632360719 0.210751788700389 -0.0293998041517755 0.212266903242282
0.106529740527224 0.297097459033491 -0.139044013693415 0.167727501565789
-0.0649959391479803 0.329101294980999 -0.100808027385609 0.0388612448659176
-0.184866132694781 0.340826594296138 0.0656710290016203 -0.0349459215627902
-0.184833011423224 0.260930466086672 0.0409069436657285 -0.222057943007426
-0.164905961034499 0.317253979739938 0.182718011768989 -0.232394419259715
-0.0156392806564275 0.371522720510031 0.144968933663093 -0.310700872301486
0.139642488607824 0.318389953204976 0.0480870393443907 -0.285165284758656
0.204410854262637 0.187835115395148 -0.000244556998765502 -0.175828486808246
0.223872916887025 0.0942225332109712 0.00772032543130803 -0.113360937356654
0.221777456631073 0.00841584943222109 0.042176122676547 -0.0566282771497732
0.1873403361814 -0.0125309177245219 0.0660475786422761 -0.026186350500982
0.197626365594987 -0.0118029497231062 0.107002365955309 0.0245145859807674
0.215539193733447 0.0562334674231901 0.126850488811738 0.0915927361640433
0.189880240551531 0.128510702684589 0.115967414300455 0.175494537531368
0.160250439086932 0.227522076753206 -0.00443074988768998 0.215765415125911
0.0532962983442727 0.293492026507676 -0.118444070686517 0.141820900063907
-0.113540850492634 0.299366044769571 -0.0722389421966875 -0.013776323419542
-0.214840207458405 0.290194244980512 0.13120107542039 -0.111464459810276
-0.151973600412016 0.185800638145741 0.109125562091043 -0.285565022359248
-0.134781014280477 0.249728724949644 0.195455072193679 -0.289032703393678
-0.00633664961211185 0.294823280015386 0.147523048235052 -0.294000053518032
0.117563088419971 0.242783630586992 0.0712659902601775 -0.240028395177583
0.15726873237659 0.136003614685627 0.0613452314818879 -0.135240972146359
0.168939094975964 0.0716544049343331 0.0865394498022527 -0.0970856765189776
0.172118372328767 0.01179304821899 0.115314051122949 -0.0510369163539818
0.147466229783449 0.00010729915136016 0.135742055948186 -0.0160784118167355
0.154880383630274 0.0123961133449163 0.173524446668888 0.0456259823110655
0.160518065938679 0.0724095427569525 0.17725393255751 0.123312124950797
0.12906140304058 0.129964641524163 0.141249069268179 0.210405670193574
0.0908811676946963 0.205596451269671 0.00566221250037718 0.224161381448969
-0.00357968737068885 0.246294540856746 -0.0925031134820511 0.122702255194519
-0.144199518864709 0.227207853380529 -0.0314040454752898 -0.0433952464996017
-0.212261299614121 0.19891201421704 0.196064642360058 -0.157960067513887
-0.103628746479488 0.0736122421349246 0.146748265465367 -0.308587275214879
-0.0966279995081451 0.131336257957204 0.186113129463552 -0.309497821872492
-0.011317562983461 0.164372000414607 0.15232067765079 -0.259347849082919
0.0589188082191411 0.129345986803482 0.0986940251625524 -0.200954457563366
0.0736441509266458 0.0719796903726305 0.109025759067413 -0.116967106143018
0.0833163219285434 0.0498104184462022 0.139394078829503 -0.0940697885259974
0.0948876152562639 0.0206353440593292 0.160912966145276 -0.0501786138848683
0.0855704746186318 0.0114212393003434 0.182161734768508 -0.0033132595337764
0.0900276607429941 0.0237860488235175 0.218249217005586 0.0715855210258927
0.0889021194005055 0.0587917328695237 0.203702485093304 0.16357966697667
0.0662773191743847 0.0931705948802747 0.143921699077944 0.2491842182878
0.0399325762060492 0.140658083475609 0.00539479157820501 0.235584395669475
-0.0319960718683409 0.165268539377707 -0.0663979029629624 0.11881085922603
-0.134275280345065 0.133495483001214 0.00755476437598471 -0.0443533746406729
-0.1704453540793 0.0888217104651121 0.245774696141549 -0.171228255266841
0.0603114075219064 0.0178966386078169 -0.261547247403629 0.22403035319452
0.0601106637389421 -0.0488836960937965 -0.0268119677542452 0.0998416649719016
0.0227653583352394 -0.0771674700642906 0.0634021751429765 -0.122067010242433
-0.0178840374382709 -0.0482722542821004 0.0103276317045525 -0.252471330476287
-0.00586476507898917 -0.0345005760022737 -0.139610982972244 -0.291420002595028
-0.00416396355786606 -0.0303591610699545 -0.247552553143704 -0.189058771110734
-0.0195465814779233 -0.025468491585405 -0.264077809587083 -0.074068046658844
-0.0135341438009849 -0.0266085020079003 -0.240936487379366 0.0098358866093751
-0.00900602775619915 -0.0434904645528742 -0.19513472834289 0.0771437042621512
0.0137579105273573 -0.0506474422745761 -0.173821643271472 0.128645934499383
0.0260903208648868 -0.0391592437459014 -0.148565500516357 0.150066125283433
0.0358846993547677 -0.0370384981187677 -0.143749393917227 0.194108385648584
0.0417121652973338 -0.0402550187724192 -0.16953332695484 0.245043146404878
0.0687426436810473 -0.0044314873993874 -0.155488304202931 0.274365893545344
0.0607608894707868 0.0398569698283734 -0.117108720287903 0.300810569945968
-0.0118798000119407 0.127548523635751 -0.267123001010734 0.158804142858195
-0.0054765213365398 0.0651031563325428 -0.0238125227473255 0.0528617350107504
0.00365544815965067 0.0486297757732295 0.0539998944551281 -0.168536339373711
0.0112432126015867 0.0679014692151197 0.00130712097536422 -0.280514926484856
0.0560527126226323 0.0513129278196395 -0.14078752592121 -0.302867470129803
0.0797401207180467 0.0146300019780523 -0.241752358377937 -0.200180053798424
0.0730899104806756 -0.0200266923661651 -0.252039439431876 -0.084728405974121
0.0666956483612756 -0.0368691598296408 -0.224744824377974 -0.00286818268166225
0.0782845571323603 -0.0645414878967219 -0.173188974389717 0.0661774292855726
0.113562858616531 -0.047328946796663 -0.142958689581476 0.122708513826131
0.124908382709637 -0.00469754526749771 -0.118398277151462 0.153886589294815
0.130421859166598 0.0504080753601405 -0.129281193547514 0.203116190859303
0.088602424558483 0.0892240590281541 -0.166051272321806 0.23396363831544
0.0443951506459811 0.136763086415274 -0.132932686544576 0.23735560138259
-0.00419091460140143 0.182613643038117 -0.082982506089756 0.253226836386003
-0.0869626218626006 0.221134656859254 -0.228234620923391 0.0714244563933638
-0.0766248739616691 0.181073409904784 0.0169030450825139 -0.00726346577878969
-0.0128971831296283 0.185235777994412 0.0691629577365907 -0.226295931783356
0.0508742952168712 0.186227670609895 -0.00238883472712915 -0.314976471974217
0.121406099218146 0.130584053640097 -0.138325224304083 -0.297744689196495
0.158942508798481 0.0582082121548798 -0.217056571332649 -0.192340981917567
0.156960824450494 -0.0127685197975082 -0.208173732467826 -0.0862523862642146
0.1370521655976 -0.0430196904740471 -0.176805701618547 -0.0163988845535189
0.150605382994883 -0.0776746370208973 -0.12323868947712 0.0484672556418352
0.193636092949788 -0.0428331316980162 -0.0856519685207126 0.10836698523961
0.203159955980575 0.0202071009383053 -0.060940888492331 0.156614910469835
0.210454925774828 0.112456403493832 -0.09563279198968 0.215933372389244
0.135857781806909 0.19197055977081 -0.158745182513058 0.22517042831395
0.02683039380009 0.251649579795009 -0.1212907211767 0.18190963409609
-0.0636035960974801 0.298637404929412 -0.0394583287647962 0.169204858680352
-0.145622796602987 0.287101750508379 -0.152162721791404 -0.0293575063720877
-0.130602025287269 0.28525457120361 0.0797070752349271 -0.0823230845661297
-0.0132499477335935 0.311803033496586 0.0965353301283895 -0.282749100347454
0.106246988816463 0.286545720139125 -0.000460788568303806 -0.336252909864059
0.187045374661062 0.185536073240517 -0.119387902484529 -0.273166683025502
0.222462191865652 0.0853577678883358 -0.166532213733243 -0.170116520938452
0.21860121320384 -0.00819336791748862 -0.138584546249902 -0.0795735522995172
0.186065182735769 -0.0425326859309907 -0.104622222473353 -0.0261061772943399
0.198254568509392 -0.0756437680751636 -0.0520065363923932 0.02926242844746
0.242609112079432 -0.0261639605591052 -0.0118291650126088 0.0902474053110906
0.246563218943043 0.0489852510559927 0.00928539599408268 0.154120125648296
0.251170383196679 0.162633143835633 -0.0535565622045401 0.223510571643306
0.156078915977942 0.264211593429584 -0.147703131430826 0.20966997127365
0.000925727746362648 0.326080936572819 -0.115413509147668 0.116841395728084
-0.117881815249941 0.365571709472032 0.00950715356336949 0.0646427684016625
-0.177401332857129 0.311347062441387 -0.0602132900399308 -0.137662982565068
-0.155450400043965 0.348357939306835 0.13926145534636 -0.170333060007123
-0.0011648509804923 0.390584072507928 0.11824599459011 -0.322342526298424
0.155817581829527 0.339371464908553 0.010749860725473 -0.332897323385262
0.231047473831364 0.203843165370188 -0.0760447611725248 -0.231813415098086
0.254819759185178 0.0922684417424372 -0.0898509638079911 -0.142288387632203
0.245432590432184 -0.00818052699586357 -0.0497774259415221 -0.071465120555793
0.206433144033398 -0.0374463908414359 -0.0181930304799895 -0.0323529205642158
0.217619857982591 -0.0560856854093817 0.0306975039245275 0.0172898883391387
0.254136515256127 0.0063548712178211 0.06701701164383 0.0789708869256743
0.247979840318907 0.086386811150816 0.0783547391570043 0.156975968401942
0.239995259729892 0.202645553662723 -0.0160376987636522 0.225927858115996
0.135566728258751 0.304192120073567 -0.132644892372724 0.186165334953585
-0.0433998022990513 0.350374202630303 -0.104486995541791 0.0494183489849274
-0.16698420546594 0.370867586881905 0.065570445781964 -0.0388826090769182
-0.175882359718632 0.28456608970766 0.0291907274199212 -0.237713969898325
-0.149637483789479 0.344292834756011 0.176385109256881 -0.255876319338809
0.0126443088158114 0.391286590438039 0.12873913534144 -0.334406546616899
0.171492320516791 0.324346703287202 0.0307614028652942 -0.300485016493214
0.229815905916388 0.18303546008266 -0.0121575608738913 -0.184400940035493
0.241808291372438 0.0820273336400612 0.000313999517493215 -0.118851280090758
0.231937444937439 -0.00690784799502349 0.0415482334781752 -0.066524718694905
0.194886287469669 -0.0256904753796399 0.069315867663289 -0.0329397976505536
0.204913801357356 -0.027537341652168 0.114447279289508 0.0189791479771275
0.230281118993178 0.0419846037221748 0.14010459306499 0.0864582066618416
0.2100405006379 0.120776954145732 0.132416233722704 0.174456610795529
0.184914466131808 0.224571221439868 0.0118468267241156 0.227965002038325
0.0779536372092467 0.304002345707387 -0.113221399889543 0.157782422003886
-0.0970945912885015 0.3211289551821 -0.0783814619997013 -0.00699516712517451
-0.201366470186775 0.320067575400336 0.128817492431364 -0.124141006498031
-0.145426716855055 0.204707854118735 0.0967009025116197 -0.308234059697529
-0.12276662158042 0.270791607616066 0.1849742786898 -0.315803441603916
0.0152964453300567 0.309545922101971 0.133691816518314 -0.316585290399651
0.141324777214898 0.246983466039404 0.0587955640672464 -0.254719362550692
0.175466322466643 0.13248556637082 0.0555814749226993 -0.14530637773766
0.182413665725974 0.0632097374577205 0.0842307308604815 -0.107198305786035
0.179946456445691 0.0001912344903991 0.119183911150642 -0.0652951892480911
0.153058224875545 -0.00991162803829557 0.143030490211504 -0.0264728767407439
0.162163901039918 0.0015961095827317 0.185718347070956 0.0355815570750952
0.173171182633793 0.0632349935116175 0.194697303124108 0.115935755125554
0.145021660291025 0.127758158615819 0.162529739387897 0.20930113594282
0.111245770934318 0.207104753381549 0.0218959956407838 0.235667554560564
0.0143269795476577 0.257391540561725 -0.0881608647489734 0.135650934341159
-0.13467539493796 0.247682072693642 -0.0381185582389257 -0.0409539310248628
-0.205102089442031 0.223428427423145 0.192973391251608 -0.177440747226738
-0.102617284252493 0.0840658514446473 0.135534322600337 -0.334718305509304
-0.0905555636163388 0.144534405296725 0.172724539073763 -0.337178985580839
1.27798277159107E-05 0.173222387269966 0.141130666324897 -0.281232943847262
0.0712133076365374 0.132358946092746 0.0896476703292635 -0.215784681274046
0.0818568931630009 0.0715055912145943 0.107447205040218 -0.129369168603442
0.0908648381652976 0.0471051456584113 0.139961831971052 -0.109184510361475
0.101032682373173 0.0152788799320137 0.167834410175636 -0.066683946547154
0.0890617491025641 0.00593514825173361 0.193264847869982 -0.0161675756412713
0.0952740632158532 0.0182334712909444 0.234703871626797 0.0599400384027341
0.097160053294495 0.0548255753728094 0.224728060558937 0.157533920073268
0.0764542344567022 0.0928068759282265 0.167562044155005 0.249097305337344
0.0512980340180161 0.143527401962765 0.0228628010278084 0.247036714840724
-0.0228421989285561 0.174918582737985 -0.0610792768142751 0.129444024033829
-0.131620955018008 0.147733279865431 0.00256834977212224 -0.0446505333362885
-0.170171063378266 0.105549196336609 0.244869629091151 -0.194055017537639
0.0636253658807596 0.0135960416052683 -0.245997760103661 0.250801112840979
0.0579489890198593 -0.054475502070183 -0.0173189431834932 0.104014852141841
0.0172588778731605 -0.0819494666417848 0.0534414067504107 -0.128610371414347
-0.0221096731154079 -0.0481386604675733 -0.0123381520578524 -0.257830365468021
-0.00959213047980396 -0.0356556436017124 -0.169147913801337 -0.285581811130893
-0.00652165852995351 -0.031914474110312 -0.270536162463065 -0.171109231756195
-0.0202662988247122 -0.0241014457025017 -0.276650243705888 -0.0504657027364096
-0.0148437411486525 -0.0261370924970261 -0.246720021803557 0.0337396321259403
-0.0128662359286453 -0.0433884006349347 -0.193542664227848 0.0973807346155285
0.00916199957553879 -0.0523734470024056 -0.166382871725141 0.147360962146453
0.0229236962637294 -0.0424744791979746 -0.139182374544892 0.166475866909936
0.0323903940655412 -0.0419130744477075 -0.128373203100279 0.21162283709985
0.0394562526845824 -0.0440803242611829 -0.1500145196444 0.265287361226074
0.0706996595014638 -0.00969645188236181 -0.134845549678208 0.292048759483182
0.0643206015159375 0.035291857642751 -0.0937991762452909 0.319178567068274
-0.00100116052449803 0.131313464900634 -0.258410414676876 0.184085760926043
0.000767077058699586 0.0672540489654607 -0.0183423784951667 0.0556221317000511
0.0100415909142033 0.0488304316528811 0.0400313939036452 -0.174106863587906
0.0197866443453251 0.066626366328636 -0.0236539829949382 -0.285965305147483
0.0626999716765003 0.0458215903873668 -0.172086368183132 -0.29693260285201
0.0838228028949389 0.00606768863007076 -0.265210664818054 -0.182270731356461
0.0742333671293624 -0.0273946679758267 -0.265657608520628 -0.0640917999796023
0.0660552684156095 -0.0443750611935304 -0.231376746071305 0.0185619588084283
0.07336536923124 -0.0729392896254425 -0.171974160551304 0.0845741840911683
0.112336468278741 -0.0586711483207823 -0.135397951923987 0.137651341378422
0.127508145914759 -0.0163851346059903 -0.107689576652669 0.168650380848939
0.137269355633082 0.0380663535007112 -0.111551990647678 0.219768938252639
0.0998131742927527 0.0845032606163155 -0.146918733262144 0.253960282351829
0.058680664383408 0.136174163474365 -0.115075848347358 0.253563569251765
0.0125166355389098 0.187614979896615 -0.0642855481548484 0.267374946869435
-0.0691875194148407 0.232847354757148 -0.225785881850835 0.0919762387194224
-0.0609109714551098 0.192285877423649 0.0185412197089673 -0.00941536071733084
0.0063112655019872 0.189344711584978 0.0497747621735209 -0.235476975500227
0.0723721564017508 0.18444492337308 -0.0310270834915381 -0.32047187954799
0.137871245278693 0.12158388222522 -0.168230539426731 -0.291603283038281
0.168766343757672 0.0423313747885822 -0.238914957158867 -0.17539592324536
0.160925028735938 -0.0280622678295905 -0.222135241711018 -0.0702811795427169
0.137260314559432 -0.0563961943742691 -0.183525240807454 0.000266369039013987
0.145704281268382 -0.0934708153330427 -0.122324185451672 0.0611647821226719
0.19368089510687 -0.0621148664399642 -0.0779682978351358 0.117864112972413
0.210135329549941 0.00103755277768003 -0.0492307082974075 0.165744359754403
0.22535508417382 0.0945654449841976 -0.0762525530823079 0.230622212902056
0.157875371863111 0.184620472837404 -0.139713099363545 0.244907075455214
0.0516171112053609 0.255336692186339 -0.108491113988215 0.198055935662094
-0.0354991578264083 0.310421971459958 -0.0274441937645723 0.177543629878118
-0.12440233409178 0.305538129054075 -0.157858545684311 -0.0175562571555665
-0.106452268314581 0.303900861717168 0.0751287164578925 -0.0912773327135597
0.0183417967958446 0.318510811521702 0.0720324653753602 -0.295190319412821
0.137808787880831 0.28131261724695 -0.02996648578875 -0.342180658126097
0.211359168304042 0.171469727218816 -0.147525095717369 -0.267801807877533
0.236755903481787 0.064447579751451 -0.185032670092392 -0.157429901440126
0.223444970732672 -0.0291030787636971 -0.149753100117095 -0.0710555630939456
0.186292851205846 -0.0607523537885787 -0.110007480948795 -0.0167762541580009
0.194882982189731 -0.0955831940330771 -0.0510050096715847 0.035469239539278
0.245085468908604 -0.0499768238448628 -0.00458175230014302 0.0922381371397124
0.257658394072316 0.0263984740843578 0.0223431697170394 0.156442167443076
0.272099355150615 0.140188268689878 -0.032209745073079 0.234574262501834
0.186093667487576 0.255816087286798 -0.129914737132544 0.228366737705182
0.0320179199741112 0.332810080710708 -0.107617781710688 0.131483737672671
-0.0833748507226898 0.383259722078061 0.0135218209207045 0.0667431470683609
-0.153393377132486 0.333209778763698 -0.0737262922061671 -0.137156134242077
-0.125572794766449 0.369551134011544 0.126773172806921 -0.185819252650122
0.0384201184765839 0.398155098328453 0.0905461546051453 -0.336993785324267
0.192262193986233 0.331306246885819 -0.018475087932187 -0.33889400275054
0.256958870148212 0.186875827642228 -0.09854629382649 -0.229490793441009
0.270481959499263 0.0690994265668908 -0.104348653348359 -0.135823450712663
0.250514062691857 -0.0312170043878887 -0.0579828827144751 -0.0724860235571801
0.207124387871672 -0.0568236563023776 -0.0211040366399093 -0.0321952017181831
0.215284923022708 -0.0782745450526397 0.0329244673595869 0.0154282965077674
0.260626670289137 -0.0190309800391923 0.0752762847737291 0.0734569254849779
0.263123850040674 0.0645771733335787 0.0925691444174882 0.151982405845805
0.265129836834355 0.183217960733954 0.00650059449613777 0.23259146722133
0.168688220359611 0.297845201898277 -0.116827162433608 0.201668447943812
-0.0104105201999982 0.360502608562237 -0.103312538370355 0.0619513812490349
-0.132664934998736 0.394145511983674 0.0612794228328816 -0.0446267753138918
-0.153820185135607 0.305625973642873 0.00886905693950544 -0.246212571912069
-0.119821235545666 0.364872937153396 0.156337653710724 -0.276108183410783
0.0518997319002304 0.397250469395389 0.100483627696303 -0.350397294747517
0.206607758665144 0.315013353741713 0.00542992238668542 -0.30858479654089
0.254115850752348 0.165935288555093 -0.0285782452945733 -0.185945997630631
0.255609554898813 0.059988969539483 -0.00908411956798191 -0.120856415919643
0.23649120464513 -0.0288046710381434 0.0364158112431135 -0.075794501416164
0.195933182606673 -0.0440378213077318 0.0683477243492862 -0.0409187356223539
0.205495668524913 -0.0469351714329779 0.118854941822867 0.00879105133034002
0.23867773439482 0.0206010509491391 0.151356424403757 0.074424299790667
0.227954243646177 0.102993469562896 0.149856970563133 0.164300214806056
0.210519451195089 0.210656817420607 0.0335838174422702 0.233215413329084
0.110263261754474 0.303236210603692 -0.100211437028703 0.171548309240282
-0.0683418185657636 0.335945316758248 -0.0820097111036661 0.00233292351679391
-0.171090384817895 0.34426002139517 0.118756760318364 -0.13714996922526
-0.130026173263454 0.221414502982615 0.0720442144746149 -0.324664373641972
-0.0985877682847744 0.287096763740171 0.159384295068382 -0.338074155913235
0.0464976263073833 0.314261691891702 0.106552951329872 -0.334304594205528
0.168076810609134 0.239040470060821 0.0379596465227454 -0.26434334986764
0.19314121487542 0.119499437651642 0.0451609381396165 -0.153568466389956
0.193488434444604 0.0469065536648738 0.0771393919396867 -0.117262998256599
0.183705022333887 -0.0169298153461629 0.116253940802986 -0.0813740389160156
0.15465495554476 -0.0243596917349763 0.144998005291176 -0.0415067580736544
0.164648914814629 -0.0137524004556271 0.193721022738134 0.0190591826302751
0.182076463513318 0.0478492711661688 0.210146266321315 0.100329826764612
0.161771944334872 0.115816076151909 0.183914490739066 0.197135875959736
0.13291592136189 0.199628196075506 0.045510594739324 0.239237255380644
0.0395200229753977 0.260913706202636 -0.0770785708766703 0.146738651910287
-0.114469116709409 0.263413919729416 -0.0440041851973797 -0.0348259455027074
-0.185355957966182 0.246406749824483 0.179915533434497 -0.196989328605317
-0.0962485080304676 0.0942707315645137 0.110210049763315 -0.356112558500116
-0.0780433193026632 0.15580959732946 0.144494026177347 -0.35763773549716
0.016348744425839 0.177369004575505 0.117593804809047 -0.299178023890249
0.0854768238442557 0.130106544533286 0.0725572475895837 -0.226777543018177
0.0907249377395952 0.0672740916585315 0.0993557548637686 -0.141840983786308
0.0976338527185682 0.039538099351416 0.134092547754688 -0.124845374247718
0.103746689244701 0.00582790297256774 0.167220345954779 -0.0867154617369967
0.090631491166607 -0.00200163626456032 0.197007760363986 -0.0355238637162382
0.0978901118258998 0.00963183102768498 0.24577045533619 0.0387049058385272
0.103569954506713 0.0464576032523056 0.245160708994119 0.139879984740845
0.0872353143874325 0.0877642428825182 0.194235043350189 0.23810094865548
0.0658476856398967 0.140306962436513 0.0466109029790558 0.250523585318559
-0.00648016646564259 0.179837210340702 -0.0513133840765076 0.138125528044013
-0.120692437895822 0.161576402624935 -0.00299646967557127 -0.0426381944210422
-0.161031698707733 0.122902301008061 0.231058997955014 -0.218608802731774
0.0644832815057201 0.00914190798590609 -0.221807784563139 0.263847811572675
0.0525605331076522 -0.0576766396535391 -0.00729471704545393 0.10362753704984
0.0105181336574041 -0.0827755338196966 0.0426404327401303 -0.128719671426472
-0.0249476924042782 -0.0465864387839905 -0.032899233832335 -0.251730263121027
-0.0132043739790353 -0.0349544980761641 -0.190551642032108 -0.267314268896939
-0.00919904615742298 -0.0323454991407242 -0.279258145803748 -0.146467446048896
-0.0200663690075162 -0.0228493879261646 -0.277281980426202 -0.0254871906149904
-0.0156979248460947 -0.0246509075335724 -0.241961984679992 0.0554743797084537
-0.0156944126653874 -0.0407810522630284 -0.183997216409342 0.112646788177872
0.00496970826241371 -0.0518711911120513 -0.152371982883555 0.159569502262948
0.0193395887346989 -0.0436271019982991 -0.123862231947814 0.176399888836626
0.0275467676043566 -0.0438907255844608 -0.108377973665698 0.217867810673266
0.0355447640455562 -0.0450068281273279 -0.125241463975316 0.272350660612126
0.0688329854000726 -0.0146431020957115 -0.110746308934287 0.298029592332036
0.06491497962297 0.0296128810103241 -0.0687737603883886 0.323776754440447
0.00961863298885053 0.129715550118163 -0.238649054739917 0.200078992243035
0.00654717225380048 0.0670913134322249 -0.0121588179674232 0.0567180191777423
0.0153217957570452 0.0461493829636091 0.0259992624182691 -0.172863349160936
0.0267299053106139 0.0632867497845609 -0.0457574814983708 -0.278881392831915
0.0661980227492496 0.0391207215102294 -0.193925829007974 -0.277827178031168
0.083397883885714 -0.00247427833633745 -0.276405557428572 -0.157491416952072
0.0728429510695697 -0.0337419765709287 -0.26763052784437 -0.0410653768529663
0.0621354749448764 -0.0486653851589809 -0.227755451532599 0.0387474365429752
0.0662923527026784 -0.0776075855032884 -0.16317377075081 0.0975641412494636
0.105517211339039 -0.0671284625070483 -0.123070779889689 0.146630929836187
0.124620716146536 -0.0273271819654592 -0.09276775988238 0.175109439506409
0.137847625578569 0.0251515105413425 -0.0907328158222976 0.225645237884289
0.105925296444559 0.0754825888896717 -0.122779374213161 0.261153940157085
0.0697560640589211 0.12980825592854 -0.0938500231636948 0.259219199979118
0.0280746175487376 0.182215196283099 -0.0436972455076928 0.26982939275055
-0.0500933593100256 0.234589152125976 -0.214959331256172 0.106828292540019
-0.0442351470844579 0.194581436500558 0.0183288772435539 -0.0108408980849514
0.0235536868312054 0.185306959912108 0.0305460773121794 -0.23303056620629
0.088959517774843 0.174879445295063 -0.0554729151279813 -0.311657525438133
0.147938209737657 0.106528608830188 -0.189807395151412 -0.272826826446721
0.170078057385074 0.0261539997317343 -0.249047422440629 -0.152859179295227
0.157624988981093 -0.0414903448974414 -0.225303438665116 -0.0517354367963924
0.131150510530619 -0.0665398296811815 -0.181714209795685 0.0160344337298717
0.134378279058914 -0.103727213103199 -0.115977808895801 0.071154437612755
0.186094876542763 -0.077650531040635 -0.0678809699617554 0.121883991609916
0.207846032127038 -0.0167892858773833 -0.0357086162875043 0.167390815869457
0.228989928168838 0.072584856438587 -0.0539654543944232 0.233333930584778
0.172092750391193 0.169506369004687 -0.116067534822718 0.251422814776423
0.0732977846589844 0.24742228753958 -0.0921624456354459 0.204293816628171
-0.00738038803488492 0.306939650093111 -0.0146642628248771 0.178933777727511
-0.0983539694443904 0.309922677335263 -0.157255344628509 -0.00586775294444214
-0.0794509951214277 0.307561288748944 0.066890782759497 -0.095740623377268
0.0463738572904995 0.311316492377456 0.046776095582497 -0.293263769232217
0.161923962891938 0.264991569109208 -0.0566862332917417 -0.333324791170675
0.224323050834369 0.149728240765536 -0.166330778690096 -0.251556056135919
0.238994036081526 0.042042389133832 -0.194096943146321 -0.138618978949244
0.218655317241666 -0.0486628350151263 -0.154663447113468 -0.0597510299894345
0.179230247921098 -0.0752401991114268 -0.109698091263374 -0.00742837202139754
0.181956708564391 -0.110069949626349 -0.0473380584167528 0.0395742613359172
0.236817265250807 -0.0707914737402228 0.00265586316019734 0.0905666729112955
0.257482126049199 0.00350089869337346 0.0330749239244582 0.152427815976393
0.278757817704387 0.113678961978607 -0.010613540407299 0.233596023508758
0.206787440234634 0.236953339943131 -0.107882388021687 0.234539711724917
0.0614800893995949 0.324819984863619 -0.095776207848507 0.13924033010761
-0.0481475803240429 0.382112199416722 0.0170868779718876 0.0664971665210127
-0.124469255724677 0.340286595292841 -0.0831426355060937 -0.129754738979105
-0.092525041811795 0.374162870219393 0.109792243730562 -0.192200527788045
0.0731900961997131 0.387269017817543 0.062376824667212 -0.33638424860821
0.219315304717381 0.309642893384184 -0.0448673941209982 -0.33075561755766
0.27192158278014 0.161216635423857 -0.115201468879934 -0.217375720235489
0.272755328333778 0.0435683103104728 -0.112730393829464 -0.123815404778549
0.244511292555108 -0.0521943626738375 -0.0638886290651948 -0.0695214146797451
0.199565858711546 -0.0725547796604226 -0.0233322057546036 -0.0305486083770142
0.203782864897007 -0.0945212946054379 0.0341560576576437 0.0123280919723273
0.254431957882101 -0.0413892708698963 0.0797329700185793 0.0649200797408644
0.266655955443533 0.0407332440357433 0.101834408284442 0.141118386461526
0.276176178602748 0.156377303695389 0.0271901132214106 0.228984273247775
0.193478844750208 0.279392649277004 -0.0981675558799966 0.207551951268516
0.0209433363068792 0.356041802993104 -0.0969418741684409 0.0712797071814883
-0.0936283563288867 0.39557416679774 0.0551415357201187 -0.0466776097092935
-0.126726461267369 0.31237792476809 -0.0108599560577836 -0.243611996075805
-0.086618298270529 0.368476001033184 0.130238272068489 -0.28292395180848
0.0860958810897046 0.384972755811892 0.0696522130009643 -0.350766088050521
0.232769362317113 0.29249247709551 -0.0197081516694351 -0.302856551305649
0.266097548094342 0.141837818663513 -0.0421857317991561 -0.180950697192915
0.257681611254333 0.0368622340672459 -0.0174302635666514 -0.117852284028671
0.230496757506967 -0.0481317330368075 0.0293550148720687 -0.0812218756033032
0.188574726446254 -0.0587403418229598 0.0647618627603305 -0.0472185237872148
0.197359956651368 -0.063064830796974 0.118684553532126 -0.0011683453700071
0.236218352839783 -0.000252683619783063 0.15454945071648 0.0597177330165416
0.234626218645576 0.0813337065078594 0.159102479163981 0.148641309099761
0.225253735063763 0.187673178839936 0.0537655851544412 0.227104851730798
0.135472978310526 0.28820506977609 -0.0848032156603874 0.176608237334803
-0.0388969766705782 0.335887000628615 -0.0810525267148031 0.0115203409169363
-0.135885047929662 0.351703750109551 0.103919720525847 -0.143344767875031
-0.109737364397163 0.228055739718405 0.0457339092408289 -0.326404408787219
-0.0728570494132837 0.290090000067635 0.127541983918834 -0.34379127207412
0.0729048601110529 0.304883137508793 0.0780336919415534 -0.335698301241491
0.187169421795963 0.221044551977794 0.0169213236785042 -0.262267487049761
0.201986278582674 0.102380745090025 0.0324514397938982 -0.154965465467618
0.195341103695694 0.0301400305583301 0.0679066501688187 -0.122074464886505
0.179235538771377 -0.0315782749305153 0.108433963216497 -0.093676321999819
0.149561839183263 -0.0351545358209081 0.141286277443794 -0.0547064414585111
0.159383473283123 -0.0270675938405187 0.193186577335755 0.00195563482515327
0.182835220262491 0.0311388425515401 0.214979417353066 0.0808054041415945
0.170297922675343 0.100210930144924 0.196026797067435 0.177771438137133
0.147194361949202 0.183693972367214 0.0660702651677389 0.232248563772702
0.0619790167529822 0.25307876270565 -0.0642061865559105 0.15084483635703
-0.0898802798100151 0.267995739452532 -0.0468995772660576 -0.0287258357921773
-0.157986297923357 0.256759078467536 0.159668338700135 -0.206977448159822
-0.0859575492513155 0.100255237173571 0.0809873298704264 -0.360445256355845
-0.063320647848533 0.158911281986508 0.111183822873271 -0.36190510979501
0.0320164014070013 0.172845934656335 0.0907112348507367 -0.303560404665573
0.0956875761265463 0.12186276558248 0.0541267063743631 -0.228860075176406
0.0956655748050364 0.0592763519315978 0.0881089249064581 -0.14771307280786
0.0996152109294064 0.0314372531831532 0.12272809807976 -0.134770586422059
0.101802208875403 -0.00263746265861185 0.158310009259779 -0.102404883899364
0.0878756915716318 -0.00899955424050121 0.193295930536723 -0.0523632876971556
0.0960485015143637 0.00188264699110706 0.245773580749493 0.0178539036708829
0.105201248545883 0.0366683903705586 0.253017418042301 0.116586537955373
0.0937662776490507 0.0794694843779814 0.210011891014788 0.217514641529854
0.0758822073114572 0.131909922113037 0.0670866709071505 0.242621432275182
0.00897897135505634 0.176748013992328 -0.0392670100710652 0.140345302763301
-0.1055375673126 0.168110289461918 -0.00717279902847725 -0.039289735781738
-0.145294335290111 0.133977670417644 0.208565995897068 -0.232434625441701
0.0631617682993627 0.00641403100351439 -0.156907537262489 0.293675709636698
0.0429303178797368 -0.0614819664234098 0.0165709293531164 0.0985129720983714
-0.00496686455784254 -0.0808595094647765 0.021206126036738 -0.136081980896442
-0.0361641816045052 -0.0408328610012579 -0.076206908912057 -0.241106703851866
-0.0246055045113839 -0.0285271486482845 -0.233943321265887 -0.225203994307651
-0.0157005722707378 -0.0266740433437027 -0.297769596876087 -0.0939404844582797
-0.0212531674021923 -0.0163831276085679 -0.276433267344434 0.0220913301369082
-0.0178025613010034 -0.019802893018161 -0.225015881065346 0.0973696401185791
-0.0199637760347463 -0.0344668119769691 -0.159391959544078 0.14514219727488
-0.00355986818955099 -0.0486265762488967 -0.116851490539866 0.18466886917785
0.0121136592917874 -0.0425092666980382 -0.0856605286641045 0.193945922006579
0.0176831045629658 -0.0433311694280505 -0.0632068986562208 0.227898676740455
0.026569239387651 -0.0444367797241629 -0.0678748023881792 0.28387958591228
0.0608589871439807 -0.0207553627389597 -0.0509397893022186 0.305178005056392
0.0665743571386563 0.0239916314440575 -0.0136560492451942 0.322391216059514
0.0272275222795583 0.127366369058627 -0.189130273671557 0.241452030072738
0.0176904760264559 0.0625595635956308 0.000115948416934109 0.0589875794962458
0.0197080805176971 0.0382248052878444 -0.00553886591742397 -0.165698227780985
0.0305408076185994 0.0522872132414307 -0.0942059229542699 -0.255264535516124
0.0626436910850803 0.0277832300480122 -0.234242551454255 -0.229505126359235
0.0769714574044875 -0.0130986124522678 -0.291083991066374 -0.103512632616652
0.0641189425492498 -0.0426827709746697 -0.265992066244451 0.00606824819094323
0.0531416630883702 -0.0538294050274617 -0.213521740300992 0.0789851332696926
0.0519631974483752 -0.0826953863665034 -0.142404502646993 0.128180342918128
0.0906733038697218 -0.0801200201624852 -0.0912823504494478 0.169155722052921
0.115920867007019 -0.0415211605998803 -0.0578624609021363 0.187234355154717
0.134250785431283 0.00519653779965448 -0.0468212774656983 0.232794286281433
0.110341128721043 0.0594695269962688 -0.0670603385743881 0.275750631298444
0.0856283385757964 0.115415621387209 -0.0443105520470573 0.264734507546582
0.0543139197479215 0.175539594240446 0.000354408845105184 0.266529433255136
-0.0162508665521526 0.232794058197343 -0.187617520882431 0.153809941339993
-0.0107808269962092 0.19072904704504 0.0140765477627535 -0.00644229881344798
0.0488922338847667 0.166450547852296 -0.0130757348206202 -0.214246425543408
0.107398491398028 0.145392525081901 -0.109900006225453 -0.276162304813568
0.151173262369893 0.0779153720551324 -0.224562950763567 -0.220553323570928
0.16502524342677 0.000346591075910381 -0.260368794315135 -0.102778186393804
0.142571092755026 -0.0642611782756966 -0.222782336878796 -0.0110450205195161
0.11641151126103 -0.0814880183348141 -0.171950911885119 0.0486215093404814
0.11266003723228 -0.118558406833372 -0.100996220101279 0.0945236997486273
0.166278225766822 -0.103769541537428 -0.0431393719848717 0.135690660867199
0.197273878647676 -0.0437125081713903 -0.0054115132584874 0.169102672334674
0.229864476717856 0.0368848329179685 -0.0119937738172817 0.233228222632391
0.18701413287176 0.138187078887466 -0.062729745329772 0.267283848316555
0.10852610790039 0.225326442940235 -0.0541728157780776 0.211242687533802
0.0393057321668525 0.298132090622807 0.0116383941658037 0.174310710423438
-0.0507881822494648 0.309505932648683 -0.156637616994705 0.0384923998378741
-0.0259443155329539 0.300974217861784 0.0417666396415146 -0.0928910588621818
0.0895630002553585 0.279452056113367 -0.00976804188793398 -0.265264508063188
0.191219276518887 0.217053404421572 -0.113835479731174 -0.288484514786313
0.231095240101354 0.105624258713056 -0.193089553001964 -0.200309589144135
0.233707031998214 0.00401347412112334 -0.200375952984869 -0.0978360481556292
0.199196456669117 -0.0811726227234134 -0.151736955973715 -0.0306198701109746
0.160915371488188 -0.0962996709600634 -0.10675532793991 0.0128955783231086
0.156740418937871 -0.132801130111939 -0.0402537805255209 0.051865410497925
0.216351284197995 -0.106139318784232 0.0187586989866021 0.0932232266059812
0.247732702527865 -0.0320264811435473 0.0577242793178939 0.141767620283206
0.285364069627815 0.0679781133347891 0.0286631055571731 0.226035802202474
0.229302630280653 0.195799811844725 -0.0593920731951458 0.250656305885556
0.109733031922179 0.299799266185882 -0.0718983306819921 0.150290557733
0.0131481823383487 0.374214305301637 0.0222321519752174 0.0615094848887799
-0.0722393899868534 0.338219577823298 -0.111136402502677 -0.0918279382857211
-0.0291377953670798 0.363663060723123 0.0631540310884226 -0.190993156702647
0.126963871840723 0.346118885874456 -0.00346943836802135 -0.303684081145302
0.25290102008879 0.248044306120621 -0.100625836785822 -0.282832710110649
0.278151078994645 0.10829375631138 -0.133071805209281 -0.175717898684636
0.265714373157573 -0.000657251272696565 -0.116975048993919 -0.0984396879952827
0.222751274514587 -0.0893233511635642 -0.0637775102558743 -0.0558308500321629
0.180642554061179 -0.0975790332243097 -0.0264312740042204 -0.0245732240060628
0.179834947781965 -0.122502953665084 0.0336430195741413 0.0100838723187871
0.238668268745386 -0.080576252458082 0.0874953699379522 0.0539214257755155
0.262615988078106 0.00222483322293119 0.121591497026611 0.117404371372202
0.290381785942569 0.108497805564381 0.0638381460079373 0.212916343682886
0.223533439063467 0.237631574420845 -0.0557654214367952 0.222962727571552
0.0765268848001438 0.334829306346492 -0.0854574029958768 0.0851897814849107
-0.0292591131086687 0.392541504272815 0.0401186825431056 -0.0543215297478612
-0.0775062125506677 0.310254154297719 -0.0647188440255418 -0.216355931221112
-0.0254133402032566 0.355533232160077 0.0657956391594826 -0.28182889139534
0.137693220233475 0.340488570474254 0.00303990977445139 -0.320199810299168
0.262085571260817 0.2305240444621 -0.0691730726323248 -0.260830647978764
0.271140049774206 0.0897790322292738 -0.055898888813568 -0.155401543294706
0.250723368551972 -0.00577969553242873 -0.0245037609731315 -0.109968618689575
0.209084719446555 -0.0834984603257721 0.0253441662188353 -0.0848241348374714
0.172132890693712 -0.0834482095334854 0.0564140205397762 -0.0575261126837016
0.178280442743914 -0.0913414484195186 0.113280014815194 -0.0200714829084408
0.227646166314082 -0.039594046583036 0.158092877093597 0.0343299110101418
0.23810833428481 0.0447358551556455 0.178769065966248 0.112873044349524
0.246369445690368 0.147591623988232 0.0894997350578131 0.204897193532479
0.169462358654603 0.254559652242424 -0.0497711181650335 0.190876552248551
0.0169275654880205 0.323798738929543 -0.0807972306977781 0.0236835527265506
-0.0761597372419729 0.354272062847177 0.071590726275851 -0.154155655179085
-0.0741291552965822 0.22551200888428 -0.0254243838212814 -0.309963462109919
-0.0262577415833467 0.279365565188109 0.0519137380455177 -0.342409204981212
0.112870086420536 0.268533030603826 0.0126761978387118 -0.312392082630147
0.208871421110103 0.171925165477511 -0.0275370934516637 -0.234022240988195
0.204687698783631 0.0621828559760583 0.0174297089597979 -0.14681144978847
0.189661832742075 -0.00247321323010263 0.0539470361537613 -0.129862761315941
0.162923191713087 -0.0598772077040165 0.0983286350222724 -0.110801917794423
0.137525358552801 -0.0563038701271992 0.128422036192715 -0.0783213205675916
0.148285110853113 -0.0518381153331179 0.186638011520326 -0.0312640647824627
0.181402243357642 -0.000254080679112015 0.221448525411232 0.0410010996654563
0.179473301511039 0.0723667947958711 0.221047332801126 0.133701267863403
0.17140785946148 0.1563174180128 0.102779655209244 0.207805341355309
0.0943180803622978 0.230970996426332 -0.035541877773214 0.161047131733971
-0.0431010923193814 0.268790735080484 -0.0534459019967289 -0.0211166451109972
-0.110676345007724 0.265745036925277 0.114676629090717 -0.224746772082191
-0.0696079402311249 0.10085458570855 0.00457248512475539 -0.355535372950997
-0.038342768089096 0.155239058984727 0.0346184676391192 -0.361740594420207
0.0540181681538995 0.152339232836076 0.0303222303741388 -0.293758537061196
0.107178225983724 0.094977790413566 0.012251855504101 -0.21857934944905
0.0981889195189106 0.0388358009169174 0.0647999937484698 -0.15471561402875
0.0989702773118471 0.012464372117628 0.100327189792894 -0.151759442238908
0.0943969128352194 -0.0200801137437946 0.14203748673887 -0.128048563420492
0.082625268151243 -0.0221810670711666 0.179923796938339 -0.0860372071959753
0.092369861987615 -0.0147365932210406 0.241250321246099 -0.0274657051536207
0.10829349401601 0.0179435924074708 0.266259980066354 0.0670126202652325
0.103950116004759 0.0634508830686707 0.242362579448082 0.168417360722393
0.094296480553754 0.117280041240548 0.107521821809965 0.217816485304162
0.0330217175621093 0.166352894881259 -0.0146270757150311 0.144377837218279
-0.0738416978515468 0.175487050880729 -0.0158181802693838 -0.0380326534797562
-0.116483159304922 0.145480026625724 0.157872590094076 -0.257198506098914
0.0638186755618923 0.00578231704991947 -0.152317630238675 0.289052548404925
0.0422809040401817 -0.0603495246655984 0.0191142688475361 0.0960895327908034
-0.00577468093933535 -0.0803899254631515 0.021587176814745 -0.133109806751806
-0.0357375422853682 -0.0401077239923323 -0.0760728310765561 -0.2358851729793
-0.0245932025993311 -0.0274936516383066 -0.233504256908465 -0.220285253224121
-0.0164206051856977 -0.026478211656001 -0.294186717235731 -0.0903051784232019
-0.0198375433313272 -0.0172976972722045 -0.272451236012866 0.0262651145594577
-0.0167830559779557 -0.0195521583787418 -0.221859185938143 0.10038837233334
-0.0184086965157672 -0.033386215411711 -0.156462047438787 0.145845707048221
-0.00377628552367978 -0.0475241971982008 -0.113822759787431 0.184727750512247
0.0111704319335651 -0.0419582167172045 -0.0823232120392794 0.192378340913871
0.0170718964661585 -0.0425697947501345 -0.0606329405418073 0.223801314359977
0.0262848408488233 -0.0428168434771523 -0.0626384818750771 0.278969143786895
0.0591322246465232 -0.0206969645858498 -0.0476328754196721 0.301649091776545
0.0637617016974723 0.0237341776883349 -0.012291843536882 0.31995722718469
0.0282558713616776 0.125477947570989 -0.185280345565454 0.238230622636608
0.0189932193623771 0.0628722293493028 0.00226821819577726 0.0571285006609432
0.0202496070259507 0.0372732071865677 -0.00466575092301105 -0.161617086434411
0.0316555546315619 0.0502673102698607 -0.0944478206218082 -0.250069084890961
0.0630688189353277 0.0262508121782989 -0.233514996294438 -0.22478711827078
0.0760134323740645 -0.0147161194860472 -0.288056884401607 -0.0996002054901166
0.0641153479177934 -0.0443198822413151 -0.262534960052221 0.00940221611842564
0.0534599004124501 -0.0542528525625364 -0.211290254340952 0.0817665624638747
0.0512377340711771 -0.0813091777700698 -0.140157017378448 0.128690564630385
0.088889981006723 -0.0797407389774009 -0.0895908527478163 0.168001548360781
0.113993079851216 -0.0426505119928845 -0.0557438381432131 0.185646264228072
0.132284839875864 0.00390422414725387 -0.0427926300707329 0.227691546148236
0.111713791909134 0.0581472460748998 -0.0630356420565713 0.271211972269324
0.0859124574672011 0.112502868332397 -0.0412872811402884 0.261887569105869
0.0544756536604184 0.172091728151659 0.00058093691135197 0.265434253090415
-0.0134078185039532 0.230372885480953 -0.184660674541481 0.152606360629152
-0.0082984473998695 0.189295214500851 0.0147802946309935 -0.00626657923663573
0.0515136387758394 0.162801948406546 -0.0136211981350411 -0.208547249525108
0.110075694086372 0.140928468116248 -0.110039660478077 -0.270358150571169
0.152299356231796 0.0737417643874498 -0.223087771308603 -0.215360055209231
0.162710377832513 -0.00355652007620159 -0.255986131004798 -0.0988302063819366
0.140740829366277 -0.0662169338330077 -0.220636189185904 -0.00853946344314198
0.115218933369745 -0.0817489476750573 -0.170518280254146 0.0511549047364996
0.110496184177434 -0.116816794109515 -0.0992572859335517 0.0950028728315254
0.162391549323795 -0.104555825544522 -0.0423792417998873 0.134780527541714
0.194965656676315 -0.0461542828465416 -0.00460177451928209 0.167689000842499
0.226130593628653 0.03332896114757 -0.00810729515352401 0.228618509957874
0.188076331681809 0.134026741854133 -0.0591344674705897 0.263656264339299
0.11024780030582 0.22042314311699 -0.0518925047517824 0.210387960644248
0.0422991796566653 0.291448307909426 0.0119075109136656 0.173850789353612
-0.0467231829461764 0.305830762414909 -0.155509650201148 0.0400799740140477
-0.0228155857693441 0.29771045008871 0.0411821492589257 -0.0906697730290542
0.0936962269675333 0.273326254402618 -0.0108226949508238 -0.258560980419955
0.193628560842694 0.209828885048923 -0.113662929008161 -0.282441538495817
0.231625788366431 0.0999343031737623 -0.191042731589556 -0.195838813813572
0.230948880521283 -0.000930787507613672 -0.197075747326915 -0.094013274701628
0.195167402608208 -0.0834004379517971 -0.151489639527947 -0.0301767393178949
0.158888979994907 -0.0976932537105858 -0.105698562702863 0.0132673199216552
0.153142584736008 -0.131034529435911 -0.0397415071991798 0.0513633332643581
0.212631042123433 -0.107495613892885 0.0178433984041113 0.0918371766451896
0.245226585463256 -0.0362393669054292 0.0566619010313693 0.139853169327665
0.281992954593364 0.0632442509885141 0.0325041431813236 0.220217239714035
0.230765558378156 0.189899549920537 -0.0549164195463255 0.247418313580458
0.111322660718344 0.293452093173852 -0.0697176024675353 0.151221954507979
0.0176834817901395 0.366188123949973 0.0211030122740365 0.0621955414604501
-0.068085982763514 0.334434419140783 -0.111430211144201 -0.0885356242586433
-0.02459846512322 0.358619493136904 0.0610799102079074 -0.186332689808511
0.129850864549681 0.336788645963901 -0.00474195586822754 -0.296692926106071
0.25466231321118 0.240095344444632 -0.100450107035236 -0.276822255472276
0.278162486167638 0.101073798026122 -0.131711810383536 -0.171979147973068
0.263066269281497 -0.0053326768293004 -0.114364417806777 -0.0967131147062654
0.21819322221304 -0.0910091622219973 -0.0650154885651438 -0.0572106513418466
0.177242932405663 -0.0983362067670399 -0.0265704286386052 -0.0258052330527488
0.175145286457926 -0.12127221295754 0.0337678270667972 0.00917953605815565
0.233972524172816 -0.0829991145525966 0.0853080620358581 0.0525096011324105
0.260162401726179 -0.00283025679284437 0.119824002322673 0.115727666063898
0.28752792287289 0.103584554107873 0.0663462383373616 0.208018954693643
0.22422126809108 0.230622840634802 -0.0527261056013399 0.22127216019847
0.0798752359280227 0.328199087207278 -0.0833608487897868 0.0873179742502464
-0.0224956054987118 0.383699173473292 0.0375527778813657 -0.0519817039400833
-0.0733490597180454 0.306603551566372 -0.0651686868248932 -0.211726617886101
-0.0207551490671945 0.35159652653449 0.0624705664496308 -0.275220347568328
0.141030192190734 0.332620617643126 0.000553333359320079 -0.312094214212669
0.262742398455546 0.222870379485195 -0.0692404403675343 -0.254815257642313
0.2699539244454 0.0839138953470526 -0.0554704219180256 -0.153284591215407
0.247808399829121 -0.0105248215506234 -0.0237830075766109 -0.109277825194525
0.204531631413174 -0.0851143578190955 0.0230780227517409 -0.0867977351459346
0.168977154592364 -0.0838332878990574 0.0547597103650837 -0.0589871612991428
0.174223329293469 -0.0911258315996634 0.111874135337188 -0.021704738830686
0.223049202490065 -0.0416749572692963 0.155328078650492 0.0316666661650973
0.236097514727837 0.0403202873094324 0.17610217620388 0.109516587979546
0.245596778108802 0.142080188964278 0.0910858014757605 0.200074630303728
0.171670568724248 0.246759695361311 -0.0473685514147443 0.18919499027598
0.0205723423260497 0.319033698126171 -0.0793159404667937 0.0267726111078401
-0.0693560420085533 0.346353294983621 0.0674148719804241 -0.150702633554695
-0.069595930959532 0.223490458123308 -0.02575764353542 -0.305427350397474
-0.0223522547347188 0.275972438958784 0.0484844359322089 -0.3337194892578
0.115640826610085 0.260915176844469 0.00980834455596263 -0.305799041396235
0.209683783634833 0.166152348839752 -0.0282295591050898 -0.229309396334142
0.204212737054747 0.058515225668385 0.0174416582150781 -0.145115675423796
0.187975822865924 -0.00622431073289237 0.0534380306235413 -0.129898455891656
0.159578173060633 -0.060576323621153 0.0948295524772243 -0.113573487981553
0.135401007248626 -0.0569334302323999 0.126250306288376 -0.081243941453877
0.145213524950807 -0.051914112031022 0.184319700876074 -0.034471580146242
0.178302312117917 -0.0020880008545627 0.218365297570345 0.0378010034977603
0.17868861943022 0.0686424628908248 0.217121415825658 0.128752562033437
0.170397473103482 0.151581462499684 0.105089925056805 0.203483431327169
0.096696205475465 0.225223918187992 -0.0346783238281289 0.159605800253635
-0.0395323617712159 0.26412929313884 -0.0530913775718822 -0.0176390932240639
-0.10384505030865 0.260943390635956 0.109744253031112 -0.221714138976808
-0.066588956548285 0.100356727624912 0.00267509329259005 -0.351034322518279
-0.0352619228101772 0.152988908038254 0.0303703599783075 -0.353584080887151
0.056032319884408 0.148706255926634 0.0269364239035267 -0.289159686520068
0.108069352020521 0.0919963212098514 0.0106356070277572 -0.214581005532707
0.0985504081764407 0.037525971505194 0.0637821889103719 -0.152785377025555
0.0982917884232696 0.0112968249234084 0.0983162263269514 -0.15217468706773
0.0920443117508312 -0.020921254010353 0.138841284751862 -0.131505459359492
0.0804832052306495 -0.0225800014339357 0.177424868830296 -0.0903130922969747
0.0902729301367076 -0.015409826306643 0.237679093043855 -0.0306159706124493
0.10617325130337 0.0170443889508431 0.262685414035306 0.0627985899029714
0.102982927537269 0.0606934372100238 0.239429944023054 0.163301445543878
0.093719168789234 0.114391148827648 0.108790935530472 0.213182947419702
0.03420557170235 0.16232439990304 -0.0135037325857356 0.143724082036236
-0.070718539936637 0.173815530967238 -0.0163796750813229 -0.0355200563929579
-0.110076037385165 0.143058758705906 0.152026650060111 -0.254106520775285
0.0656352694826479 0.0053846423511283 -0.157866709885086 0.293102608656905
0.0442713589528896 -0.0611973540524664 0.0204833536373808 0.0970725008749212
-0.0059565580106924 -0.0817989254330123 0.025022212543204 -0.134828802681798
-0.0362764240124639 -0.0414228533337706 -0.0756684196522818 -0.241923706945276
-0.0248964656627854 -0.028191542863745 -0.238811305910578 -0.227233535693711
-0.0173454504470905 -0.0279156586551417 -0.300412763995915 -0.0941513494942781
-0.0190831472000672 -0.0184899396991973 -0.278153154122129 0.0267087258820884
-0.0160439318068552 -0.0205012350518037 -0.229145622648178 0.104306553694002
-0.017895721239882 -0.034103124434717 -0.162278050117854 0.150099525122884
-0.00282339291205805 -0.0483115620498682 -0.117938575252079 0.189194508883168
0.0110446098732862 -0.0423814142414572 -0.0852517606994786 0.196150662809301
0.0178391727320281 -0.0432865212857486 -0.0637108644020779 0.226818804618645
0.0283658781813066 -0.0427695677909678 -0.0650009308606619 0.283218392480216
0.0604680708208373 -0.0204756479985968 -0.0506653617152336 0.307366676732485
0.0633532931798062 0.0257759109363133 -0.0156904339276659 0.329645257989482
0.0287604709945084 0.127577544665052 -0.191211637672333 0.242799128898471
0.0191420551442546 0.0654541855362683 0.00374046688501257 0.0579231630942696
0.0212685528859622 0.0380869858067541 -0.00154093911479529 -0.163856394359812
0.0338615974518576 0.0506278390574742 -0.0940673720595928 -0.255933603376541
0.0653911949300951 0.0262353047684167 -0.238266072721749 -0.230895749593898
0.0776886304693486 -0.0162083561887682 -0.293541767889744 -0.103459129259174
0.0665267067676992 -0.0461038001788625 -0.268822039238916 0.00907355886798097
0.0560394790413631 -0.0559821813665667 -0.218033321149441 0.085074047871009
0.0535787591417408 -0.0821396410383978 -0.145470760108248 0.132891762909715
0.0916788589014035 -0.0818153826849319 -0.0932758415802289 0.172228389256083
0.116490397788741 -0.0432874307183768 -0.0585048355021899 0.18999732285175
0.135069563384134 0.00450039734204116 -0.0445845888357394 0.231268304173557
0.115854840329768 0.0597608235121442 -0.0646330356663593 0.275940868052015
0.0869855179100705 0.115744676745552 -0.0437875873057566 0.268158193286647
0.0539076075838767 0.176069460832919 -0.00144423709587739 0.273641206319203
-0.0141199288973105 0.234893234533896 -0.190076513432282 0.156430405652271
-0.00931953081499955 0.19492151574872 0.0164004494457797 -0.00676755793359101
0.053620991866878 0.16568362823137 -0.0102137057356594 -0.211480956456794
0.113405316746078 0.142389945069075 -0.109763726511108 -0.276161950417544
0.157630440715855 0.0742852518066555 -0.227310030785711 -0.222254392464299
0.167116953860746 -0.00519580646064795 -0.260775020685453 -0.102497800154525
0.144678560566543 -0.0681810561279893 -0.226520192279536 -0.0104453636639774
0.119819903060268 -0.0838517270877872 -0.175792946575604 0.0527473923374903
0.113562130919927 -0.11780803983655 -0.103034766779655 0.0972137228535978
0.167142381039576 -0.106568856772405 -0.0455938200552143 0.138669486863862
0.199356512722741 -0.0473297124959299 -0.00658386858599649 0.172383598979962
0.231495653643521 0.0349620281845261 -0.00849048639308982 0.23166430094722
0.19399984132872 0.136758760021439 -0.0609978953983732 0.269091068531292
0.111622045598646 0.225110988045644 -0.0531671127091761 0.216233267636176
0.0411069318449838 0.2976118777308 0.0102040557981375 0.180131641827129
-0.0484721050481012 0.312474696639703 -0.158531463033471 0.0416040636541545
-0.0245233809436234 0.305362093124021 0.0438295668245789 -0.0914963622517672
0.0965984276645017 0.277751099121708 -0.00779848966271005 -0.262251600407698
0.19920826223157 0.212904638703093 -0.113127973158244 -0.287962361815692
0.238866614384996 0.10164534650638 -0.194006616448808 -0.20216045537362
0.23636076476518 -0.00246319918222167 -0.199439714489308 -0.0986541468089803
0.200305201279225 -0.0852985801204639 -0.155698073376189 -0.032914302868642
0.16401194524327 -0.0995535476244027 -0.109396346776744 0.0138653041521869
0.156903426028831 -0.13236844301763 -0.040871326442309 0.0529043836830784
0.217687416216869 -0.109857685920167 0.0164093939874829 0.0945913377122735
0.251164112892488 -0.0377725611275131 0.0568785020181139 0.143907868388468
0.28881749184461 0.0653266638282659 0.0330786997572326 0.223263900437648
0.237327932035933 0.193620354970509 -0.0570231754395887 0.252880963699298
0.113271627789007 0.29944520930579 -0.0710167675343875 0.155720015424833
0.0166799378617667 0.372211530436593 0.0200301265581621 0.0658520900432364
-0.0693260303690124 0.341551219884665 -0.11233118367273 -0.0898439996719489
-0.0265018679245999 0.367796636783297 0.0639509264595956 -0.188260258878027
0.13398098835266 0.343354395484897 -0.00188408463088474 -0.300574685198914
0.262183900204339 0.24439825935919 -0.0994723485974394 -0.282852229539011
0.286473349407037 0.101866438652751 -0.132380662079235 -0.177652180525256
0.269235161825928 -0.00704672666470532 -0.114726560603965 -0.100314418192669
0.222723299843188 -0.0932300365577186 -0.0677898898560149 -0.0611186279785149
0.18258148704476 -0.100352063649374 -0.0282018735353547 -0.0272504634912732
0.180063260657066 -0.121903986196893 0.0342277547180491 0.00880908398601804
0.239984441603938 -0.0851824611800309 0.0860485585237213 0.0538826975701735
0.266903734403567 -0.00358721965290317 0.120722895724437 0.11911923263498
0.293705577347367 0.106588240406689 0.0693693140892164 0.211240836605225
0.231745208585606 0.234571017363983 -0.0546987825623185 0.22701138750303
0.0803568111451805 0.334244532732132 -0.0852419692534946 0.090490189761763
-0.0238674004015168 0.389672129784968 0.0371014130870439 -0.0509197174810908
-0.0750981492012187 0.313007727693338 -0.0643851848619838 -0.215620756426507
-0.022505701505036 0.359063453056705 0.0662815345602771 -0.277993705979045
0.14492909700807 0.33848408304502 0.00334356516019881 -0.315884383897005
0.27071934036073 0.226483564056968 -0.0686953501121904 -0.260291661414492
0.278145442327849 0.0842811968485793 -0.05465760557253 -0.157452739230554
0.254140240326548 -0.011680595992303 -0.0216154188706183 -0.113168473229845
0.209274409561002 -0.0859889152481329 0.0220723033900019 -0.0923311664458903
0.173783402122055 -0.0854852041881497 0.0555595109265669 -0.0626843101183823
0.177616896070008 -0.0915713295001993 0.114647521647393 -0.0232141030254123
0.228128722404266 -0.0427918931763774 0.158081609976677 0.0330064634698515
0.242832024700923 0.040011561244363 0.177998630716272 0.112857194689493
0.250391569498829 0.145123001411902 0.094838614838288 0.204400848811297
0.176465046587243 0.251902299639282 -0.0487563356790419 0.194506614495008
0.0194799919105553 0.325476234713971 -0.0805140427578301 0.0293924727871528
-0.0701212137057204 0.351862258614779 0.0681296094213335 -0.153161182600965
-0.0719138374134119 0.22819189614297 -0.0227476519015178 -0.311759533283771
-0.0220823564187364 0.28073247585981 0.0529101690378526 -0.338277171815576
0.11905618938366 0.266810459108706 0.0121689245643345 -0.310126916624676
0.216605255035641 0.169347264958538 -0.026984994861577 -0.233449854610093
0.210438201561615 0.0594651929226694 0.0198128255938614 -0.149016241033152
0.193020206539739 -0.00729798356743059 0.0570503998997998 -0.13372686062287
0.163042067910655 -0.0612965241643112 0.0961086161814736 -0.119616233233954
0.138739290742745 -0.057862599563304 0.12894728900492 -0.0860560037576235
0.148237588917929 -0.0518622729137572 0.189022208506091 -0.0365727472638051
0.182175492381924 -0.00254392417456898 0.223005239275874 0.0390415090992559
0.183905470703515 0.0690822644451111 0.220855217222557 0.132244208711279
0.173852583442422 0.155387572037465 0.107154928300401 0.207184062057017
0.098633940719496 0.229843416806646 -0.035910808139542 0.164346491040232
-0.0416460814263866 0.269801547842415 -0.0539093974826548 -0.016242096910651
-0.104844425914798 0.263336257998109 0.111955009517646 -0.224210549896923
-0.0673886244245994 0.102033484073962 0.00650225758367739 -0.360248684564795
-0.0355522635253789 0.155628115723701 0.0341060253620178 -0.358150569329869
0.057581484737622 0.15135011833076 0.029420611234141 -0.292885583635013
0.112732210112504 0.0940748640396284 0.0122084917887496 -0.218115316491124
0.101871359885792 0.0383133642496353 0.0683019436031337 -0.156677314388965
0.101434334418378 0.0107811682170919 0.102407494444189 -0.156750792066835
0.0937302467702071 -0.0206250298541154 0.142637580624387 -0.137280942709514
0.0821443169002729 -0.0222864972931469 0.18183369132922 -0.0953814846503983
0.0922789847529536 -0.0143660043150217 0.243963604725434 -0.0326860909499736
0.107615860935476 0.0178042859661427 0.268434664570855 0.0647256958914079
0.106216932910075 0.0618478707689562 0.243623219832185 0.16737662878443
0.0954224764171895 0.116339978972915 0.110275759351432 0.218318728883632
0.0345988849814653 0.164885141390887 -0.0150177699209159 0.147552490189395
-0.0730173632554369 0.177083532409802 -0.0164717138866754 -0.0344869485896377
-0.110430286585313 0.144489156517021 0.155444630604796 -0.257465673887101
0.070110381182399 0.00371919937271212 -0.165131352679201 0.31236879940513
0.0467148880510001 -0.0650917038100616 0.0242591733282736 0.102154122441571
-0.00753597811965187 -0.0857512843810391 0.0286451780235835 -0.142879788910344
-0.0387716054543663 -0.0432553168337245 -0.0815268652591148 -0.25563049522474
-0.0269153884007601 -0.029361438404029 -0.256451570961252 -0.238252996243645
-0.0195549456135118 -0.02963659598806 -0.320386524695503 -0.0971161238689648
-0.0192292911398239 -0.0209389722227632 -0.294036354253259 0.0326227980267114
-0.016045233656585 -0.0216379774336657 -0.24249836659768 0.116526730435294
-0.017317350119473 -0.0360573332005862 -0.172320494928177 0.164190358774856
-0.00288850640849554 -0.0512411251566108 -0.123390322648717 0.20364554689598
0.0109517631228601 -0.0445367937883675 -0.0888646487805899 0.20903888254677
0.0189212430165744 -0.0459969270162964 -0.0666951379041132 0.240065182834877
0.0307925823544649 -0.045259072582955 -0.0650689743167863 0.300175908557221
0.0631139554467891 -0.0213599880122281 -0.0511877140477031 0.326330609926229
0.0664257653941735 0.028159372353178 -0.0148881809390818 0.351540051993042
0.0322894816171359 0.134065376827475 -0.200280750900131 0.259903153118558
0.0214263102994272 0.0703399026651162 0.00616640817024654 0.0605686102392518
0.0238887486913586 0.0397042687505688 -0.000454629230871451 -0.173400075359765
0.0375827045907445 0.0522345933885505 -0.100785788171067 -0.27063643087374
0.0713278475751703 0.0259763432550043 -0.255636743199318 -0.242424890962346
0.0819174487859731 -0.0191821679221945 -0.312661576916486 -0.107354297832299
0.0708866044902439 -0.0510506311833922 -0.285502236324741 0.0132198045125347
0.0605514519185952 -0.0604223080926476 -0.231744961939047 0.0954423426488346
0.0575320525933475 -0.0879128467555202 -0.153974009499129 0.144458870894573
0.0974333791232916 -0.0878371256502101 -0.0979957237052137 0.185118720119538
0.123370757949972 -0.0476841237246561 -0.0606915467421441 0.202414098111194
0.143437011354416 0.00341022034110879 -0.0453220586078021 0.244205721193784
0.125239996638162 0.062018863551589 -0.0645970212425176 0.292969133971628
0.0927507284675769 0.121850861235218 -0.0430417697590495 0.285138722063111
0.0581637614221086 0.186477136115099 -0.000541773845463833 0.292593692872933
-0.0123252020458842 0.2483744151912 -0.199577638463464 0.168517006051232
-0.00722254762913869 0.208258573302614 0.018958736784765 -0.00689370123308527
0.0596455188109279 0.174627587389053 -0.0104678619667875 -0.222942978807708
0.12422675565731 0.147806698589142 -0.117676018324596 -0.291587676003792
0.169991354168384 0.0748827969792967 -0.243853354148225 -0.233298697690179
0.177281997489911 -0.00899103025089495 -0.276578137784186 -0.106846817022841
0.153033102103982 -0.0755411146400167 -0.24110532191964 -0.00915389572581635
0.12723609865723 -0.0912536172274896 -0.187536867341353 0.0596085984492544
0.120186873252785 -0.126255635021898 -0.109475270168965 0.105557051543078
0.176503084897706 -0.116137817067762 -0.0482168253712288 0.148997845997498
0.211419018479928 -0.0534657608449828 -0.00613720966159621 0.183014708091475
0.246268201547607 0.0342994501399946 -0.00557189746335393 0.243996308456032
0.209680585915044 0.142102557995704 -0.0600118705088667 0.285404848056436
0.120244760239135 0.237498325316889 -0.0529236730187973 0.231300225961693
0.0462890188990178 0.314648867557523 0.0108099191731187 0.193663911375691
-0.0479954321268212 0.330891429536821 -0.167069793486627 0.0476446291217073
-0.02139839359166 0.325923668933375 0.0473208453420895 -0.0953509687858464
0.107260178480452 0.292273943714651 -0.00772015778346122 -0.275747480582917
0.215943830566142 0.220719633636672 -0.121436854243716 -0.304076587426988
0.257509992136864 0.101352899071289 -0.207357288203386 -0.213227512327142
0.251182759726597 -0.007764629428514 -0.211259109676784 -0.10392159391589
0.211648753214236 -0.0937658282138498 -0.167382903879583 -0.0350081005096675
0.174310831182691 -0.108624620160538 -0.117045284198797 0.0162154519850103
0.165612417896692 -0.141443282377927 -0.0437685823823723 0.0564497084887087
0.230069164278908 -0.119714125778588 0.0173288791320265 0.101158818978155
0.266807413630913 -0.0436329031807955 0.0597772274962267 0.152884315151318
0.307298246595532 0.0662865415912915 0.0394445585645804 0.234115280197527
0.257466031836261 0.200814126045721 -0.0572745693319051 0.269498424381177
0.123373384663566 0.316230036382081 -0.0720246895762042 0.167697007814013
0.0220798547381185 0.393135599707784 0.0208985509320728 0.0720576912139916
-0.0690644520832334 0.362684724515301 -0.119322179620773 -0.0925223815010847
-0.0221487932384648 0.390654356765936 0.0682312461593565 -0.196876735364968
0.147660288001217 0.360279368015311 -0.00357399501171644 -0.31551990600598
0.283001338228946 0.253257281738334 -0.106892481728154 -0.297419798385317
0.307852312246671 0.10260391569404 -0.142425585763289 -0.188272723637619
0.286284141497063 -0.0131178498859102 -0.120772045237153 -0.107575279324451
0.235988796908857 -0.101767341157809 -0.0745266676134764 -0.0663917439108792
0.193250693797944 -0.109323670067631 -0.0316705205348649 -0.0295811571039628
0.189579861663653 -0.130367532779119 0.0359687912571779 0.00820959847667894
0.253133302527203 -0.0942080557775301 0.0906475405512972 0.0571571093896298
0.283649829719744 -0.00888144658225317 0.127580792182766 0.125343691752016
0.314048602236843 0.108508568373964 0.076932183355698 0.221168060373796
0.250739198669611 0.244196371195078 -0.0542130659345238 0.242029701974424
0.0886267280758301 0.353867629706432 -0.0879327032146431 0.0989051153285102
-0.0200626401567404 0.411576784303189 0.0376927747657472 -0.052310961936606
-0.075170883714464 0.332963630200912 -0.0681807677581383 -0.226992069785615
-0.0181189147523955 0.380954772759694 0.0696236845545334 -0.291798072463136
0.158626421363813 0.355935501860578 0.00171034476156577 -0.332560528516265
0.292807768126391 0.234732148503545 -0.0743575186753248 -0.274189644147654
0.298921420253707 0.0841770814607925 -0.0579020352898689 -0.167002553906234
0.271209012692502 -0.0175042072382036 -0.0226296070084722 -0.121604990611168
0.220807848788297 -0.0935296510429476 0.0198348488572421 -0.100834215004601
0.183829224128152 -0.0930572419347996 0.0564428626211912 -0.0697494591713727
0.187666292423589 -0.098313789989125 0.120715749070253 -0.0276789221965817
0.241938652026945 -0.0488289660987201 0.166939537244248 0.0338678870659423
0.259051619130401 0.0376668076673118 0.188607778129745 0.118178103073765
0.268281774130971 0.150990703538281 0.104241802272446 0.213115114229979
0.191566764287301 0.262704389888897 -0.0489983608181712 0.208489275213007
0.0244889919975128 0.344465346347198 -0.0844918093864947 0.0344425689279587
-0.0690216283950775 0.371694892277026 0.0699993377724782 -0.160902004155053
-0.0720905980037826 0.241909956251249 -0.0252298224226776 -0.330218662683573
-0.0199300786005636 0.298292088000534 0.0542031043023329 -0.355307533884284
0.13008962056627 0.278847012975032 0.0105636553565721 -0.326395738392298
0.233957737992298 0.174877400983889 -0.0300178644561742 -0.246498510085127
0.225996124954776 0.0587156397085943 0.0218443890600698 -0.159614480272303
0.205378951899391 -0.0109440810058864 0.060456591486202 -0.144911582742452
0.172013038682806 -0.0660141188970338 0.0983569389464479 -0.131743929744482
0.145909371284186 -0.0627272236607399 0.135507070269591 -0.0964784899051239
0.156137927205749 -0.0559130554621481 0.199857272036332 -0.0423721282322992
0.193293452479577 -0.00481773150034698 0.236878403513316 0.0386840884490848
0.196552596056432 0.0697803259592946 0.233835194691571 0.137611126765527
0.186822227688065 0.161786664292383 0.116737862895375 0.217782976147002
0.108285796312573 0.24080871093624 -0.0359534729316005 0.1762364769588
-0.0405062187276625 0.286473249694332 -0.0570045328782661 -0.0144434213661713
-0.106069967974029 0.279190022951055 0.114931191315724 -0.238889377227922
-0.0692930764818468 0.108852600099306 0.00562742435210641 -0.382983986195713
-0.035074416680238 0.165290931276791 0.0342837479382271 -0.377127113710648
0.0634744377932426 0.158657238178423 0.0278063415200602 -0.308705467393836
0.122338287869284 0.0967566605591059 0.0117668799206464 -0.230354738406543
0.109845732717933 0.0386183008673545 0.0728551240052324 -0.167877046432232
0.108147021431212 0.00974534342840117 0.107727298595654 -0.169290381914611
0.0992451279540641 -0.0221402589332298 0.148188940597141 -0.150869157391352
0.0862737994912083 -0.0240581760660453 0.19128465259628 -0.106740367178134
0.0970761696471191 -0.0162926332125788 0.258842098468205 -0.0392786474239918
0.114079231627751 0.0178863979982564 0.286615079326696 0.0648342144087323
0.113452832834696 0.0635150855334349 0.25911040163292 0.173982753111705
0.102356633180867 0.121655403342827 0.119657723247145 0.230152294189755
0.0387262507018417 0.173309286931097 -0.0145218170179001 0.157866821388912
-0.0743258725159252 0.188368740228548 -0.0183287711429954 -0.034889403473153
-0.113375532047141 0.152528081029319 0.161224250918182 -0.274490145873385
0.0750083557526005 -0.00129735293696768 -0.160536007466404 0.345356179962361
0.0468639185572786 -0.0719732809881265 0.0333564248824193 0.106917922059556
-0.0132067255708893 -0.0926338100258375 0.0261590132101534 -0.156578036527073
-0.0435200645665361 -0.0449891568095631 -0.0995518163388068 -0.271837370156936
-0.0298419505872315 -0.0303957896875273 -0.291698258740716 -0.243858237617379
-0.0230011987281184 -0.0311728880289785 -0.35274631466989 -0.0893376035739044
-0.0210119362621618 -0.022763074636167 -0.315480481835475 0.0523131640715084
-0.016753600498378 -0.0240404453304029 -0.25603816914324 0.143137146820686
-0.0189395724675538 -0.0384578261836363 -0.178486380638401 0.189926332182512
-0.00536581468044995 -0.0544495286006572 -0.121911071187129 0.227508904326555
0.00945117269516991 -0.0479712831408142 -0.0863659717442311 0.230174516391354
0.017982576491606 -0.0504559638797813 -0.0613214424359602 0.261485679792509
0.0321644169536829 -0.0508336505215733 -0.0541577493793936 0.325620226840868
0.0667530033298919 -0.0246836518489345 -0.0379546495461772 0.353009181454583
0.0726302730906862 0.0285623287076615 0.000789549893366019 0.382710526447577
0.0413165664556827 0.141603831689439 -0.203051595269471 0.291763269559555
0.0274741600136803 0.0758425562294196 0.0111722187670244 0.0636003039238084
0.0286183209289173 0.0415517357395716 -0.00628283644938967 -0.187080941104397
0.0445214149723157 0.0528417529914039 -0.121278483830747 -0.286633340495204
0.079786501700264 0.0227375401114746 -0.290821604274804 -0.249521292013978
0.0869212641465189 -0.0262321061708858 -0.343175550473718 -0.100569008806542
0.0746378041294979 -0.0602975277213176 -0.307755478442387 0.0299898698122891
0.0634924269251623 -0.0697696959288586 -0.245199093655934 0.118872476463053
0.0589404331930934 -0.0978037960273808 -0.160036815322619 0.166984977872658
0.101383487073595 -0.100153626907763 -0.0966745507720752 0.207201729182618
0.130490803831771 -0.0577596051927059 -0.0560211228456453 0.222640234513499
0.155455418003301 -0.00384393178730426 -0.0366782614511321 0.264462913422008
0.140117058174962 0.0592413673444192 -0.0534334740742328 0.318444503111314
0.10589833160546 0.127773588854256 -0.0313415649677169 0.310024338740444
0.07251051374994 0.198712566182415 0.01310341498888 0.318578533666137
-0.000808970521351156 0.267785683207534 -0.206324583939793 0.194292154377564
0.00426408851574856 0.226876432518697 0.0222124456118186 -0.00854063769462904
0.0754880949886126 0.184209753423812 -0.019108672868971 -0.238648354451886
0.143812089109954 0.151069056742436 -0.140278922713292 -0.308893090151818
0.189510085939969 0.068755862699509 -0.275995094610397 -0.23969456630698
0.190595761283945 -0.0213214751599621 -0.304058961204839 -0.102246446535007
0.161474266914935 -0.0908004915705691 -0.262027068698143 0.00281629872249075
0.134180446008856 -0.107278067874709 -0.200597312084887 0.0774639470021972
0.124191203124269 -0.14198589390888 -0.113363453705973 0.122217427847637
0.185457119867324 -0.135090459182445 -0.0446038706381725 0.165204489554698
0.225473624377747 -0.0699828845686087 0.000993815685628403 0.198641242646277
0.268509972867432 0.0239359498256863 0.00680934160822995 0.261831107677154
0.235922332216153 0.140295137859694 -0.0489163136961442 0.31078562205809
0.141791808105937 0.249926428128777 -0.0432561292439056 0.253041464021327
0.067423942741895 0.336676621550659 0.0210459841217111 0.211253099628081
-0.0344152074973669 0.359324324737811 -0.176177654391423 0.0616474309855297
-0.00428873913542103 0.354330499168975 0.0479470987390949 -0.104584469881851
0.133501976661124 0.308534377747776 -0.0203025693181076 -0.295338448921625
0.24752280602812 0.224214598509704 -0.145817063070231 -0.321040502317137
0.285614900428638 0.0924714851657355 -0.235656146169803 -0.219605238255317
0.270707101444794 -0.0246603292813323 -0.232533046896831 -0.102911630835825
0.223737541262962 -0.113551515888687 -0.18510305856102 -0.0301850329584896
0.183036233535609 -0.127875072726349 -0.127067220513858 0.0246656816690118
0.172229088289414 -0.160913842839232 -0.0455997992947934 0.064605511943964
0.242759135374849 -0.142447443831706 0.0229254916898479 0.109589729902304
0.285389574363414 -0.0635391917806206 0.0718415211989804 0.162817305806903
0.336897409598901 0.0536805163363013 0.0549645164560811 0.248386818802015
0.291147376396846 0.201250746312341 -0.045153179076669 0.294420217030523
0.149135907341829 0.33543789128976 -0.0668064997785399 0.18588096642263
0.0454661943338181 0.42255842689837 0.0255517792031575 0.0794471541396847
-0.0548256695121675 0.394643838403006 -0.130619416585664 -0.0920854945396557
-0.00143734622504715 0.423898589985098 0.0656936085232221 -0.214111487088557
0.18060381155283 0.379886091685607 -0.0167692959024799 -0.337522066647446
0.321855406433952 0.255289482498728 -0.130371232679985 -0.314983930543982
0.340256933309537 0.0902704204202229 -0.163111116110945 -0.197568912124311
0.309061454556884 -0.0319164417231628 -0.135083400173718 -0.111798834698849
0.250023023842811 -0.122870615029974 -0.0867286704008613 -0.0705278675598281
0.203380157704343 -0.129124250346815 -0.0383273065214604 -0.0308420331999992
0.198283541150254 -0.150140925775712 0.0381827070045533 0.00691979858260195
0.268699370768501 -0.116058889010978 0.100553225845859 0.0576947187780312
0.306021372166557 -0.0262216149754944 0.143253090228138 0.129380467333357
0.34609490498699 0.0998700891034748 0.0955553693500913 0.23235624564028
0.285106255176658 0.248366172753292 -0.0443268892313268 0.265688569036088
0.114506810735615 0.377333407990316 -0.0875116196856185 0.113354186921717
0.00182517792680434 0.443530707740621 0.0372496851270241 -0.0559582132828436
-0.0622092634240311 0.362125128445851 -0.0830574224673437 -0.241112856904806
0.00189164168145997 0.412516136873113 0.06341369210706 -0.315833622548409
0.191842119836287 0.372333309360531 -0.0130310096751417 -0.355654492742035
0.331206990862998 0.234490510418724 -0.0934700321202186 -0.291019019968843
0.328599149697517 0.0715546970358982 -0.0705458763395018 -0.179195471256482
0.291235195556524 -0.0359684296283064 -0.029982914762453 -0.132701436237506
0.234272957027025 -0.112735026155514 0.0134649138492402 -0.112737927067503
0.193356973397086 -0.111155103122007 0.0548683051620261 -0.0801093431988838
0.197289534142336 -0.115706584882906 0.127920395645706 -0.0370633321061997
0.258746584333467 -0.0669021734156429 0.18251917374098 0.02835793370418
0.282034023015923 0.0248336161247044 0.207653176084829 0.11817024034176
0.299472064961367 0.147609183087851 0.124413804695455 0.223754249079285
0.222240314092809 0.271391390498439 -0.0403391116385268 0.228918365303327
0.0442037725108182 0.370608990136276 -0.0877340402296636 0.0436277549032609
-0.052824517843893 0.402372902851753 0.0658917762018669 -0.176091263647561
-0.0641154936980842 0.265479641628717 -0.0413732780519333 -0.356385590140544
-0.00454652990347059 0.3225905303895 0.043558511263538 -0.383161780296164
0.156350360323125 0.292465010325404 -0.00367432503087493 -0.349764440979498
0.264223237212866 0.173684703680788 -0.0453939670823798 -0.263686236940283
0.248923889310892 0.049635448342117 0.0170802460102554 -0.175085984915454
0.221625741445657 -0.0252278299728878 0.0587951130295876 -0.162790396047937
0.182514539047727 -0.0803472363308684 0.097893705281142 -0.151096101059496
0.154414170983357 -0.0757338385129659 0.138790373995698 -0.113877414253294
0.165349704289482 -0.0684468549247421 0.212630100073295 -0.0585282087983403
0.208369354559661 -0.0163950517037685 0.258321555263469 0.0289911450438544
0.216892344095395 0.0630332206473142 0.259023789343611 0.136787017632303
0.212094023021191 0.163675098967302 0.138110849549226 0.228474052030624
0.130705412734767 0.251879937257629 -0.028965929891686 0.193657262812622
-0.0288637332923826 0.310850485354841 -0.0614340487968887 -0.0102993139091937
-0.0975874289905516 0.304153667916816 0.11071395566422 -0.261749611558167
-0.0676679840347283 0.12033110410383 -0.0109911433973214 -0.416514743224043
-0.0279550343281577 0.178720863408606 0.0208510351717689 -0.404764353695841
0.0775680934124137 0.166712889991947 0.0155953817356068 -0.332538330500954
0.139518571894022 0.0965168035785477 0.00144365911422504 -0.248838140212276
0.121580043834961 0.0351283844248355 0.0720185892723302 -0.186922563984923
0.117511645491677 0.00383486001638325 0.108069947849517 -0.190721536517931
0.106019426882799 -0.0291221842472524 0.150461131539945 -0.175191496080442
0.0914372150160605 -0.0301518453393221 0.199190080748842 -0.129906694043617
0.103429153227288 -0.0223374025038158 0.276446197366207 -0.0580369195409037
0.12356923014573 0.0125303482163141 0.313676945985086 0.055037583388167
0.126314185398344 0.0611477801226488 0.288053443796697 0.173753067191472
0.117066485255883 0.124947196870226 0.141533129178106 0.242526563067107
0.0503295895492207 0.18364043114838 -0.0070784781225025 0.173071783950731
-0.0698591277585327 0.207069721307497 -0.0216065684298437 -0.0347216040436706
-0.111012195154843 0.168928103331907 0.157709288285199 -0.303748992310876
0.0811319786872908 0.0160969106337196 -0.212700540110122 0.338770986225281
0.0604915159526654 -0.0672073534137603 0.0249232441745565 0.113040533328622
-0.00192723384982255 -0.0985309417316815 0.0496514807414291 -0.169174020620285
-0.0441443439190304 -0.0518851011370281 -0.0710616013550825 -0.307695057571514
-0.032636921546503 -0.0310605184304443 -0.282782549922017 -0.296922849123455
-0.0238269157511032 -0.0330565506111038 -0.366597642541607 -0.140481479555746
-0.0193619942420071 -0.0275464099064994 -0.343786242610176 0.0158442026866721
-0.0131131023668025 -0.0263925117638953 -0.291730119237858 0.122813270845699
-0.0129936918194929 -0.0445386682835027 -0.214815501177659 0.185352516060641
0.00296288750152749 -0.0574957599145627 -0.157415689420995 0.230234751291714
0.0168252506700321 -0.0467947883318133 -0.12120778896327 0.235762206979488
0.0233290265349035 -0.0484050591342184 -0.0997021196657059 0.270959928559927
0.0410091989113983 -0.0457698898205729 -0.0987201170499329 0.337433280711265
0.0717414758515978 -0.00900636571367134 -0.0902549689445185 0.365206869929299
0.0754939321187808 0.048790015707957 -0.0610749637348608 0.405764033050496
0.0231961582643647 0.159570004990303 -0.24974390844375 0.283131706488756
0.0193649297424848 0.083812876678589 0.00622574177186223 0.0697671890062266
0.021797434911301 0.04621915745118 0.0226517526257784 -0.195828145326937
0.0342850878200264 0.0597939503363147 -0.088767143996963 -0.317972941392132
0.0747121787152036 0.0382359785508582 -0.27564087554686 -0.300488161663855
0.091151210008258 -0.0132036011962059 -0.352454172325058 -0.151567071724811
0.0864884141601897 -0.0538149883920135 -0.330806212559854 -0.00594872460563867
0.0794540480556493 -0.0619051188552 -0.277867992225255 0.0983560376461551
0.0778398446598007 -0.0955762436831334 -0.19325411259755 0.165202631300533
0.122081828830017 -0.0905254358053853 -0.129298884041718 0.214405963553988
0.148705194363684 -0.0369745712756902 -0.0926287042364645 0.230601058911312
0.163845286940079 0.0211478234408631 -0.0828131891231461 0.276759434995696
0.136313505082963 0.0893891432208142 -0.0983236090537958 0.327568937277827
0.0897697796021851 0.158710463073912 -0.0771675545204236 0.314632445471118
0.0465783977005451 0.233155141434919 -0.0345761320481062 0.330434801949457
-0.0417110141511555 0.284122513926392 -0.241631571550524 0.187094701326561
-0.0262826649774224 0.236728855805833 0.0262470452055051 0.000333143973816842
0.0488850384839052 0.199628003197665 0.018156267017273 -0.242613649366588
0.123663118761607 0.173700025084053 -0.102001112521087 -0.3346218379067
0.18321309015115 0.101124885223736 -0.253981742517112 -0.288236256828094
0.200498219884996 0.00618752323343838 -0.306271588689068 -0.14866138337213
0.181802678384892 -0.0739745174849666 -0.276353738822953 -0.029287382388766
0.160016528891398 -0.089648741139183 -0.22433427662624 0.0588205280438122
0.154161458973033 -0.131780999518479 -0.138341114299899 0.123333463070814
0.217066897622882 -0.116370623988407 -0.0699673684223435 0.177538931896274
0.25251322467817 -0.034772269734895 -0.0325539636323018 0.214294125407832
0.281589189183476 0.0671663043776633 -0.0422227855513914 0.280677661960796
0.225511115938598 0.191374809778306 -0.0947820067872205 0.317628946093012
0.1082085296247 0.293154379594874 -0.0839077064336173 0.248738600322439
0.0180361292915755 0.380456594305717 -0.00672094138341631 0.211063574011628
-0.0909739919771398 0.371185284963415 -0.194002247691159 0.0563075316092512
-0.054084847110617 0.366212188097996 0.0665076903512761 -0.0928587145702674
0.0899098967038483 0.336082529608093 0.02813651400481 -0.2924071180093
0.220828558543036 0.261953295195079 -0.100579849561284 -0.340897030415249
0.280250238095385 0.137689976210071 -0.206814282675994 -0.261436782556164
0.286427860733382 0.0130370664645875 -0.226873527299834 -0.140941156142719
0.249284876310659 -0.0890492988970388 -0.187046903908306 -0.0543415142506257
0.215520262514177 -0.104424675732864 -0.139986748626934 0.011255212008016
0.207078400446492 -0.144085804579654 -0.0589297397098164 0.0699753022932886
0.278804396708132 -0.116376932326432 0.00835703450268076 0.128217276233587
0.316379689475611 -0.0174416655029475 0.0440196422733633 0.183822699734262
0.350743412133745 0.109153624726619 0.0059125167796085 0.272496641013982
0.272692102094811 0.264521122479861 -0.0887062754318319 0.299886509701711
0.102885543185428 0.382833918630828 -0.0996979188254175 0.172329756967373
-0.018364307061437 0.468264020179946 0.0202288315060501 0.0675096514867997
-0.120153405342285 0.402374975309866 -0.125726600428526 -0.0975944057965305
-0.0632967699116717 0.437694741688064 0.099808782581067 -0.203980641745016
0.127678747772069 0.415844891002749 0.040107483091418 -0.332237058893549
0.29346795621905 0.303114425935589 -0.0801884625756915 -0.328119468681041
0.338392040921112 0.142188997789365 -0.128763400070803 -0.229649318475057
0.327613969936545 0.00877627077768641 -0.119915812204966 -0.137996552627239
0.278551745025494 -0.0956906168556018 -0.0767025930659588 -0.0845729291225533
0.237232225027108 -0.103189852088478 -0.0379283946227858 -0.0370237667227879
0.233060014420086 -0.128506440764455 0.0368176991250035 0.017474559426734
0.303196551391847 -0.0843407467011557 0.0965755782074529 0.0821746866824893
0.333342907610859 0.0246410491800156 0.123289485142946 0.156452183604949
0.356385875303919 0.158823620712106 0.0499033260336545 0.258386973604033
0.258234122835843 0.313049380110873 -0.0844578776505356 0.268742325339918
0.0599477881320898 0.42086770883204 -0.110010769824981 0.0920424904494573
-0.0701832255096831 0.482730204504872 0.0563034609469606 -0.0754045718769406
-0.124184301285672 0.36518784231613 -0.0549470740460073 -0.249126927670027
-0.0591309148711342 0.424622991604743 0.110176937511552 -0.311094653534281
0.140022522476045 0.410265255232735 0.0462323813795899 -0.350988669048831
0.305951893267997 0.282159202227881 -0.0432157546340898 -0.297907811923458
0.329234685556396 0.119698756721036 -0.0327533817559677 -0.200228696317037
0.311105355641697 0.001617518304614 -0.0057079395459617 -0.148395281467437
0.260702950107204 -0.0865337963350969 0.0357582124516261 -0.119331818396268
0.222958455260955 -0.0852631611917918 0.0673468661556579 -0.0785984766693026
0.226158211240383 -0.0922530300005053 0.138981650987613 -0.0198565457010342
0.285763534503017 -0.0326594294657956 0.187458064379815 0.0582556874718279
0.299766766250911 0.0755278284471816 0.194200338865555 0.14963607917705
0.299504599130493 0.202820634164832 0.0823734902866429 0.248806866367199
0.188019311398843 0.326989069852454 -0.0746129192984557 0.230288212931975
-0.0127632768181988 0.401155006420515 -0.0987060792640993 0.0197119233174331
-0.122154679679322 0.427306608814091 0.106444257465697 -0.195230121925936
-0.112048029143911 0.261930047175897 0.00452419642899481 -0.368748720699808
-0.0537190095945265 0.330402898789871 0.0981938133598973 -0.387364283435865
0.11534691792716 0.321877614561973 0.0527499165186332 -0.348778916979222
0.246145552758714 0.209598782181642 0.000733654234692982 -0.267427605524875
0.249353613088916 0.0836624031280181 0.055151390738316 -0.186012066973099
0.23615272390601 0.00237822642758364 0.0896032759946573 -0.168710723802657
0.20211889518949 -0.0606646854890525 0.128381755031785 -0.150105850181837
0.175342620608913 -0.0550038798113467 0.16102668157145 -0.105683427606001
0.18536100711061 -0.0472875938890357 0.233240402156054 -0.0343386655230128
0.224431951634994 0.0130767633482097 0.268769689833967 0.0664226801668871
0.223513677464654 0.105861757133469 0.248008899282625 0.174519418577334
0.203408397850041 0.207632878540709 0.101120034240959 0.25447858823701
0.0933567417300035 0.290493249051846 -0.0556413763080398 0.195568645857603
-0.0797878849987208 0.326216741388261 -0.0613151878408609 -0.0313238712527305
-0.15345599025626 0.311107579424679 0.166387189077724 -0.274458261166612
-0.0942902230375652 0.108825930091509 0.044244853906531 -0.433991981579983
-0.0595976330793298 0.17770658220399 0.0755778119380166 -0.416911947082226
0.0520833337107331 0.180116028402893 0.0644958612725313 -0.33650995912328
0.12823340103353 0.114370514701945 0.0412378146003227 -0.253880415293869
0.119397124344062 0.0510648418826495 0.108835641401163 -0.191198198708677
0.122514386011356 0.0177103391211363 0.142815632650728 -0.192243710742704
0.115263886452078 -0.0171575718614174 0.18644400330051 -0.169564105895856
0.100994903155035 -0.0172779251902278 0.227881738335266 -0.115104731046042
0.111903081769399 -0.00808059837610047 0.301489024158122 -0.0283683138621352
0.130612943321163 0.0326044358306993 0.326331196688093 0.0974258218178146
0.127172081732971 0.0886266166017726 0.278657138107892 0.21786911681445
0.107027306943606 0.153185336758815 0.109069338028228 0.270979951639089
0.0190182242998398 0.204098528239567 -0.0288875998740396 0.178616616544182
-0.106656301395978 0.208298412475656 -0.0146680149754555 -0.0464253143329828
-0.145855854507877 0.160480008326288 0.219932330267198 -0.305041932040301
0.0823990063545424 0.00593339548822804 -0.17559736492986 0.367799535251407
0.0538744733056873 -0.0744808840155878 0.0386587815292081 0.10917921350103
-0.0135656479497544 -0.0986286117987637 0.0333517468009642 -0.179302645701204
-0.0501853695019592 -0.0474997234597866 -0.106192572219298 -0.304113819267119
-0.0371460243161332 -0.0277667126232992 -0.323525798602325 -0.265939142662985
-0.0287432547418861 -0.0298090529253763 -0.389836944669599 -0.0990248538588399
-0.0229380977828427 -0.0273462686040054 -0.346982712602581 0.0574966693797722
-0.015266334416807 -0.0260438890437536 -0.280011350115882 0.162744157577745
-0.0173083778777658 -0.0443967028225166 -0.19539728598382 0.218466998142528
-0.00304249226093586 -0.0582414502255948 -0.132629784226564 0.253603902987234
0.012038851253296 -0.0482285342432077 -0.09663151563798 0.251989782707695
0.018331191792477 -0.0518378546868591 -0.0720083828156064 0.286118858123843
0.0365129163651843 -0.0504301811686242 -0.0593094947203644 0.35176490189946
0.072351737921778 -0.0154871288453559 -0.0497788824005458 0.377236534730487
0.081639351385262 0.0407337064585277 -0.0164273592516238 0.420862664323135
0.0404696915118665 0.158270769884645 -0.21884807415333 0.318454206190481
0.030780941642984 0.0840287454058144 0.0154205283440518 0.0685211949662469
0.0284248871082631 0.0440692823055548 0.00273181439897624 -0.202045515992191
0.0427917053470106 0.0552237036181028 -0.125103041532307 -0.312368935743658
0.0813792536931141 0.0283743205618567 -0.316101768552453 -0.271619367875279
0.0903754355391047 -0.024639975865821 -0.375738503778574 -0.111800108596698
0.0806908004999198 -0.066513170831923 -0.337177280564399 0.0328566314168259
0.0745817982750852 -0.0735868805182932 -0.269220845336407 0.136559247194734
0.0687009880016923 -0.106543843983171 -0.176250106959098 0.194472065114644
0.114549663433093 -0.106905945636735 -0.10569710167675 0.234160273031537
0.146476145913796 -0.0545711782145182 -0.0688221921879649 0.2460607872524
0.168522808475605 0.00220610274417033 -0.0521888449346905 0.289933193593761
0.150418363312867 0.0728744018829746 -0.0602483962966058 0.341615616352029
0.110550513647219 0.151765915896731 -0.0418564950752509 0.326444077570878
0.0749238957113658 0.230552855788582 0.00247423159978676 0.342087258837485
-0.00989017018007079 0.292154580040643 -0.221549774020916 0.218958546255417
0.0029011431559257 0.243681025870053 0.028126551735386 -0.00307409583253286
0.0749611673078996 0.195173986629485 -0.00643453025622745 -0.247574543125534
0.14770609528718 0.158635058738326 -0.140810026969968 -0.327055293413439
0.198836583272082 0.0779153981900155 -0.292690844910105 -0.262734232447567
0.204035389202381 -0.0191203568775067 -0.329108290622437 -0.115374562760922
0.175729677884117 -0.0987469220591076 -0.285675652143384 0.00415814716382058
0.153048369633345 -0.112215845737016 -0.220520091525414 0.0897015230871727
0.141050146647664 -0.152616816041108 -0.125762128924351 0.14471723478984
0.206555249359995 -0.144568244490871 -0.0497080504231265 0.190337336719491
0.252686559332037 -0.0652036801845107 -0.00906489371712244 0.222248236900916
0.294223817533974 0.033569514423545 -0.0108430625113767 0.287351851236231
0.252166274935211 0.165223532411808 -0.056164779274048 0.332322800494962
0.144262308292186 0.285429880344232 -0.0547852431985794 0.261790474515999
0.0635870441445001 0.383291306934459 0.0170725208440163 0.217158785720755
-0.0493897128405414 0.387566704517363 -0.186650605036579 0.0802438323415016
-0.0103034601363872 0.378445526923604 0.058508035919023 -0.101555452823757
0.133133552036229 0.327834803971352 -0.00097509203494176 -0.298829467329061
0.256318650253814 0.236857118707092 -0.140162507947116 -0.332444166537958
0.30208843077193 0.103065781071499 -0.242234378097326 -0.241328767151383
0.291584009499185 -0.0229988595431997 -0.247490793578717 -0.117668517690206
0.243037859889469 -0.121950195959544 -0.198699458118237 -0.0327700819035368
0.206479950415031 -0.132856845928974 -0.141200577108632 0.0311623223755438
0.194035291866991 -0.170915125858032 -0.0514936344576529 0.0797624530771837
0.269060253303606 -0.151842185778196 0.0239141381219831 0.131027310036369
0.320015998055182 -0.0561044095569985 0.0651600472267176 0.183481221857519
0.369851388793159 0.0671632565933513 0.0369160834228763 0.273641002536541
0.309470376184917 0.232767737506991 -0.0536967697617498 0.314606020833488
0.149687735495979 0.376569989472986 -0.0795455574834859 0.187018928983796
0.0373096475459598 0.475485038839003 0.0277781991734872 0.068604102335503
-0.0734612293865158 0.421581694974832 -0.135076402486256 -0.083865049734227
-0.0102657471468223 0.451059656742858 0.0808750360090735 -0.21654245261307
0.180531465732079 0.403546690437697 0.00588281020521219 -0.339298141957799
0.335409195327533 0.268457895025179 -0.118519763043173 -0.32078374021376
0.360827386783796 0.100377581702946 -0.158651424368909 -0.21850602990931
0.333104154943048 -0.0327407299551063 -0.138166630800193 -0.128827937636546
0.270979107091267 -0.130761388286947 -0.0907290850598959 -0.0783665553510715
0.228712425990967 -0.133452167600179 -0.0443711505497262 -0.0316084729436238
0.220853199284438 -0.158219537549694 0.0392544139128481 0.0148693347816891
0.297329729941962 -0.122702167236077 0.10844615170875 0.0730369806457829
0.341466196803642 -0.0160411757749556 0.14227208389162 0.146051512580747
0.381305194134859 0.117414502151046 0.080570626983828 0.254370787138388
0.300494459797929 0.283472709445949 -0.0519675405333089 0.282398600552095
0.109979392259633 0.420411722815427 -0.0987269392860236 0.107391931564765
-0.0125810420777767 0.495195859441926 0.0472623345598484 -0.0808019019611357
-0.0819327662670283 0.383853169203403 -0.0813101174045611 -0.246642684425797
-0.00840812229994287 0.437746651539019 0.0796190072105884 -0.326727920036749
0.192338861021998 0.396293246183281 0.0104361598306728 -0.358483960292953
0.345284176083978 0.245700730528361 -0.0777738590352047 -0.29552952122167
0.34884418732457 0.0792208980179581 -0.0569737991361107 -0.200507633954492
0.315026277915116 -0.0375286132600536 -0.0234129916254096 -0.152703293427442
0.254815648564114 -0.12060673676627 0.0188845679943261 -0.127060854751219
0.216150494973372 -0.114074423146692 0.0568464195775206 -0.0870333634036919
0.218910346191118 -0.120689223051892 0.137302772449611 -0.0365467558282068
0.28567364063492 -0.0686593353425139 0.197418011590618 0.0376741758787871
0.313950419283616 0.0394681725082494 0.213481964054384 0.130801598877846
0.32950606329478 0.168138987820796 0.112520366639451 0.241500601087396
0.229372167024984 0.306256451581924 -0.0464429984609089 0.242981087130445
0.0346415266496132 0.408324182954856 -0.0957679893576887 0.0327553741045697
-0.0709777851686198 0.444211401210765 0.0836129871902609 -0.208891166011611
-0.0810666004915628 0.277882487351796 -0.0356885741061836 -0.377418883594163
-0.0148200459758653 0.34036978576769 0.0585412175613409 -0.402326567437246
0.156124521787646 0.309460125880261 0.0151428948683306 -0.357469920591901
0.275917686934461 0.180452514388821 -0.029453997773786 -0.269470292930546
0.263815814679129 0.0536407526703639 0.0347577645575861 -0.197299122844438
0.239652121751352 -0.026710755782659 0.0716916387881784 -0.18439850800564
0.19884955324719 -0.0856309266624226 0.110500367274608 -0.170194389351718
0.170525155956943 -0.0767940838111515 0.148520986226111 -0.126987975763214
0.182264024302749 -0.0706283709010177 0.230231576742571 -0.0627203044809209
0.229140418981367 -0.0137519961103321 0.281058205398769 0.0350295865151773
0.240107699535206 0.0783960933497517 0.270621228730787 0.148835615114952
0.233106330919504 0.183948923060415 0.13238565416368 0.244771257732171
0.128990991984947 0.280804540566853 -0.0324341546062684 0.206244041212535
-0.0414811066716981 0.339090636761613 -0.0646864447300073 -0.0226932998434674
-0.116499774332564 0.330619161348329 0.135037994005689 -0.296141807644333
-0.081147475057942 0.12152993371385 -0.0027649315693622 -0.44829526621169
-0.0386511362002718 0.186029572287195 0.0323247558375134 -0.431189484641277
0.0750640829614927 0.17484215463606 0.0276539854808381 -0.346591883697687
0.14422669588296 0.0983426970342221 0.0127742630836505 -0.260072847800718
0.12817717301984 0.0363713887058554 0.0890239265993178 -0.208746848600981
0.12662811907963 0.00251343297512147 0.123477616295408 -0.214605946346332
0.114769830409701 -0.0311004342585463 0.166656372307411 -0.197859848107351
0.100038784675816 -0.0296384835277408 0.214935710391624 -0.145627410517129
0.111719388860481 -0.0216276298016471 0.302670286752307 -0.0645784317481978
0.136060296400238 0.0178980651050287 0.343246153605135 0.0598791919332965
0.139582042489079 0.0732710765301957 0.307080309555328 0.18857663637174
0.127577486179809 0.141689481924509 0.142391698104593 0.261224201482699
0.0432956205048593 0.203113109240105 -0.00785442607315848 0.184846058730244
-0.0826778730301792 0.222039819453043 -0.0198202558386233 -0.0440252704049947
-0.125330535706118 0.176442499591285 0.185625981868658 -0.333207442353313
0.0789615092852007 -0.00209812777947502 -0.135781604390016 0.375295834667883
0.0462768303259336 -0.0767225583849386 0.0478609646930158 0.101102573684505
-0.0223306099997721 -0.0940209556950779 0.016376956302155 -0.179944244912162
-0.0532018373000994 -0.0419726100844742 -0.130483034921653 -0.287282713875753
-0.0379572764701229 -0.0233922510021297 -0.340270269789599 -0.226817900369469
-0.0307497395662127 -0.0256527083122269 -0.391952566414135 -0.0580251563789115
-0.0248645242756993 -0.0256239196020566 -0.332334821486515 0.0893936926563782
-0.0163247371287616 -0.02514008549956 -0.255621190920143 0.187917899043283
-0.0206880542770908 -0.042597273126147 -0.167998894553503 0.235433927843828
-0.00792414622435917 -0.0568117388677591 -0.104887867496577 0.260974148849689
0.00749446453581138 -0.0475972738620245 -0.0720997322108229 0.255090203484591
0.011692755135564 -0.0523732133955155 -0.0443653194707131 0.285609408248105
0.0311871420076081 -0.0534036145039755 -0.0250652949354012 0.346190778379747
0.0697368283246569 -0.0205475621176219 -0.014699314724515 0.370656796823596
0.0824488082779237 0.0323247497607357 0.0209627996007307 0.415286766046409
0.0523352164354134 0.150359432092581 -0.183166814520208 0.330612423680598
0.0388724045272635 0.0803327151627385 0.0220950242950852 0.0640941558464923
0.0326515985707957 0.0403611297468513 -0.0139426324087078 -0.198400727154696
0.0476456205859301 0.0485804604357486 -0.14951775322671 -0.292973241445793
0.0821944942439111 0.0184055900809836 -0.334297693139466 -0.233976865091931
0.0860642193144229 -0.0330625895041208 -0.378442108182396 -0.0728462998911002
0.0724824002354625 -0.0741580827527936 -0.325623373290287 0.0655667150014213
0.0668370372515673 -0.0805262627000456 -0.248019908353928 0.161998715367747
0.0576698504969526 -0.111485268522768 -0.151980933174775 0.210064456473321
0.101438033920909 -0.115770449143733 -0.0813462905205171 0.24057789862407
0.138240712791404 -0.0672528771747975 -0.0452226297241263 0.247743645001833
0.164892352684766 -0.0140620686708433 -0.0255311018792837 0.286384839479408
0.154361470173826 0.055592033975518 -0.0257090063263263 0.336298511904925
0.122109666807568 0.138769061675731 -0.00960418861245916 0.319489366314317
0.0947018536723767 0.216726936710813 0.033311124343578 0.336147741996469
0.0165702371550473 0.285780736950296 -0.192030849194925 0.23527335519427
0.0275549111974868 0.238327692224145 0.0283383809844811 -0.00609804592098162
0.0925768721619234 0.182291095620354 -0.0258430288766502 -0.241561342246822
0.159344696295432 0.138198802088156 -0.165518980573964 -0.304826277497008
0.201709986410097 0.053931192314041 -0.311853244040164 -0.227208313518841
0.196415268442284 -0.0390765225215868 -0.331669222063915 -0.0814256021267186
0.161784094430649 -0.114472436572927 -0.278673899241075 0.0316863410216391
0.139093751042688 -0.125109041671587 -0.204876803407563 0.111308067646987
0.124218200129992 -0.162918352738219 -0.107824813904292 0.156784314327536
0.188538358129573 -0.161084235377602 -0.0303917234868732 0.192275482267261
0.240604650702334 -0.0877897656988356 0.011018254224605 0.219771714248354
0.290764707485124 0.00480581621204887 0.0149089459628353 0.27911585776213
0.262040386089942 0.134572185011335 -0.0227676225005664 0.327945985029298
0.167039594521333 0.266165685040104 -0.0279645739339926 0.257719770628922
0.0991788680285883 0.364777965195344 0.0354097556740376 0.213139630967969
-0.0128822757280901 0.381842931450712 -0.171360725492878 0.0970788448272488
0.0268522334594779 0.370648646003059 0.0499405864708808 -0.103836151640112
0.161632133227453 0.304908224135475 -0.0248021851561913 -0.290340497407199
0.273008103900619 0.203232946326997 -0.165483691412858 -0.310891761159014
0.304499342181268 0.0679009434936729 -0.259474767860595 -0.211920936064862
0.281753517352677 -0.0524528314933393 -0.252199692240992 -0.0927823676422707
0.224824123447573 -0.143928127211847 -0.198152177983578 -0.0123014321070417
0.189205534069676 -0.150197069613839 -0.134230742021397 0.0457648509136794
0.172456419737448 -0.186277784504694 -0.0422099906841312 0.086143238210346
0.248435276810312 -0.175368050028241 0.0356082802592478 0.127223102651032
0.307375750097392 -0.0860485325393955 0.0794095918079126 0.175362959117704
0.368290971707724 0.0295635836596186 0.0618757956799081 0.261011931275999
0.323517765937326 0.195305516473383 -0.0200886256114912 0.310247311265736
0.181074224028584 0.353673442249742 -0.0578550665319055 0.188607565048021
0.0825069787696294 0.455797444132035 0.0323512378222062 0.0658011982104373
-0.0323311568339392 0.417497892895749 -0.136322109023215 -0.0698667031482269
0.0327778976536689 0.440367505852302 0.0613682224892865 -0.218021320291531
0.21519830867806 0.37315560096985 -0.0211052387301474 -0.330156140374823
0.352370283699552 0.226486070941796 -0.142994795300389 -0.300938014011593
0.361528338497082 0.0595805464484016 -0.176023184144451 -0.198009225457873
0.321320424393475 -0.0655325938343234 -0.147152554139014 -0.114283384280965
0.252066872021094 -0.155010332790416 -0.0980565713319769 -0.0678995980990906
0.210254300875033 -0.152895704224052 -0.0463075580546819 -0.0250913642074073
0.200873268556471 -0.175793826705512 0.0398251634660394 0.012562165325627
0.278145476006147 -0.149210123570912 0.112656409348149 0.0625917052845083
0.333043774955513 -0.0494159307519285 0.151169737754633 0.130897362962406
0.384695808779517 0.0758600764931777 0.101991022332152 0.238169795614177
0.31977424882489 0.24456111882517 -0.021518420775389 0.280003209933409
0.147157819854425 0.39907845148838 -0.0842790842657003 0.113882182383879
0.0362569952587768 0.479108339095098 0.0376656318339908 -0.0812921852894393
-0.043249312718045 0.381753235214215 -0.0997531242544248 -0.234036061724158
0.034518126843317 0.425698924109644 0.0506416798968655 -0.325241803281859
0.22591121311907 0.365174878391382 -0.0201785022823158 -0.349060080426871
0.360117237132703 0.203032866136285 -0.101413103582245 -0.27827103732676
0.34794607442121 0.0411642860685674 -0.0756219834724197 -0.190144018787184
0.30289482062253 -0.0686406125468625 -0.0373382126161953 -0.149469514129048
0.236898414114832 -0.142748062781232 0.00398456771445466 -0.126512783718665
0.199471684553003 -0.132524955544398 0.0463564946556182 -0.0897084922121252
0.201829527829915 -0.138482331480951 0.130371364148083 -0.0478981216565751
0.271542359453615 -0.0947684904247353 0.197395858101875 0.0188585712959496
0.31069228653973 0.00681144796431931 0.2196528992044 0.109101784241433
0.338772255403968 0.1298277646386 0.132825014631456 0.222722911330171
0.252703828690676 0.273623910051369 -0.0208325739931423 0.241034639099194
0.0725539141615938 0.395508735319411 -0.0884031724930483 0.0414007844935764
-0.0254008403632085 0.434757666649179 0.0607616574644257 -0.209747453036325
-0.0517501368817202 0.278391829154358 -0.0682739521084097 -0.366971444132951
0.0181721364363902 0.331535004885768 0.0232605426973171 -0.398057058487404
0.181788394956626 0.284508875805103 -0.0152363714886552 -0.348227461224398
0.285768242013443 0.146867727986026 -0.0521864412857353 -0.257319347960629
0.262057280885067 0.0242862613463909 0.014960745807251 -0.197073357590706
0.230991527301698 -0.0510487750880102 0.0523465034715941 -0.189906037044098
0.185321361784839 -0.102843028136966 0.0891329687567421 -0.178479571819683
0.159269239226611 -0.0907033953602237 0.130834498479158 -0.137883592118102
0.170632894520293 -0.0866796548041454 0.217828109960663 -0.0830040453682404
0.22182856493149 -0.0355045780766945 0.278026858382712 0.0075945226866752
0.242384800363005 0.0523184608559367 0.277569401802292 0.120409197092057
0.245143415277972 0.155784731687814 0.152126696734685 0.225083165927066
0.151261188249223 0.260327667835401 -0.010614509940573 0.204781623438862
-0.00829440404611299 0.334178151539145 -0.0634424877017934 -0.0148246108036722
-0.0797875163298348 0.32890205238834 0.102513687202564 -0.300449456829353
-0.0665863092673619 0.125464833491575 -0.0429501612256498 -0.440707316681254
-0.0193548440228565 0.183563653672019 -0.00473011931897901 -0.422495091289894
0.0901887203405956 0.161587627900449 -0.00352800788246846 -0.338546669133149
0.150001684099004 0.0789334477078489 -0.010002057909701 -0.253065225819116
0.128545778278551 0.0219886235586928 0.0670610308457534 -0.214391956714426
0.124019641211406 -0.0106848321237311 0.0992880380725722 -0.223380796603563
0.108343686125438 -0.0418533819767849 0.141384548634295 -0.211225175983922
0.0939888875980072 -0.0378083488222867 0.193578826189036 -0.163441322453475
0.106204356977107 -0.0313886928835625 0.287184464771539 -0.0925365723303669
0.133492630277764 0.00514799436535165 0.340985409187742 0.023628670189515
0.143814161232011 0.0573461525208725 0.316410603696683 0.156178807583023
0.137094819613569 0.12428298539762 0.164057408662855 0.24114762557376
0.0602022740480793 0.193163029683216 0.00961844418034115 0.181623207051205
-0.0586228794247102 0.223366319430263 -0.0230245690243471 -0.0394026316203223
-0.103301125225204 0.180547004321907 0.147747431659532 -0.34126200411929
0.0744593176963992 -0.00617596088959158 -0.109558392283098 0.370890274211057
0.0409461845745893 -0.0759039421156688 0.0515356663959044 0.0937515201247408
-0.0265070543556582 -0.0886202305092097 0.00690145481698394 -0.17725250116221
-0.0539855528613166 -0.037643582715397 -0.141472836400721 -0.273163493255623
-0.0376549499065618 -0.0208254969651491 -0.34353110704045 -0.199426420411369
-0.0308300172515105 -0.0221150541420059 -0.383910470277018 -0.0324044282664174
-0.0259255346517185 -0.0241689706888612 -0.316023480940822 0.1054121583854
-0.0163189666059155 -0.0247634918681061 -0.23472318668098 0.199193700170069
-0.0219794888987826 -0.0406314457772481 -0.147749000628432 0.240091841822253
-0.0100204971245657 -0.0543925708246617 -0.0871643342077912 0.259524924951012
0.00498787792590994 -0.0455943063672002 -0.0568766301097145 0.252011333747839
0.00828711922034039 -0.0507858523315843 -0.0282985437176503 0.279337682792889
0.027682488215997 -0.0536490658758198 -0.00504717612279263 0.332997926866051
0.0676809347491802 -0.0222572542436208 0.00536216738039547 0.356131533704009
0.0808627381824973 0.0272309468832002 0.0430197990013237 0.403193215720544
0.0574698041454978 0.14315067147235 -0.156192496658089 0.330880969268999
0.0435242561174078 0.0767223659019743 0.0248763689522278 0.0607301284451551
0.0351778822479715 0.0367596105444505 -0.0226679458180789 -0.193216674740026
0.0493911402062314 0.0428908980711212 -0.159151343436719 -0.276818777526573
0.081112697820067 0.0118178769699625 -0.337114422714874 -0.205396394537155
0.0812390435951061 -0.0367197198460505 -0.372304591681103 -0.0482170997738896
0.0652795893967571 -0.0772539303817632 -0.311541639597586 0.0832921342811687
0.0603496859665985 -0.0833027778994305 -0.22858469345716 0.172972086143141
0.049633194437093 -0.111637634849707 -0.132972894018928 0.21514091518669
0.092369574027262 -0.118237174217208 -0.0646778470612498 0.238742204575117
0.130747793711131 -0.0728017656695203 -0.0308110037396756 0.243857988051976
0.158951385005416 -0.0227889704738474 -0.0089766663023444 0.278461086222872
0.152548898097287 0.0436040805692925 -0.00566261499165962 0.325734757069676
0.126321398239055 0.128844803091394 0.00702707965525014 0.307872777640258
0.102831486089019 0.203697578783731 0.0490385186051153 0.326718185473801
0.0310617699841581 0.275632830911118 -0.170343190212898 0.238589351846671
0.0409948504397887 0.230204640209604 0.0275235276041746 -0.00721530516893833
0.10107303126276 0.169940228914549 -0.0357768981354419 -0.233074579407313
0.162060603146731 0.122278356885455 -0.175130114051309 -0.28574710416482
0.198781441066869 0.0379883046742534 -0.3151491599957 -0.200034431337441
0.187380333210717 -0.0503984301238567 -0.3267823571665 -0.0599104284833814
0.148907703761003 -0.121596834347369 -0.268989368347206 0.047420789305469
0.128391264662265 -0.130793497920028 -0.190511409597818 0.121140253862568
0.110266668448677 -0.166057520513296 -0.0936190302868258 0.160661174401974
0.172859122681821 -0.168169580045108 -0.0181869919787594 0.189764868472736
0.228149749158636 -0.0992362042329172 0.0225338897186373 0.214093141974039
0.282067929792121 -0.0122522846172489 0.030148602892614 0.26828662862801
0.260981405798352 0.113433109649306 -0.00116205544300238 0.317561387694152
0.177035199301776 0.249340987586967 -0.0122011278282061 0.24981668756622
0.116434942248486 0.346130644847161 0.045210282148628 0.206182012785706
0.00888542071638021 0.369651934679351 -0.157721892536023 0.102682801637081
0.0482815239802266 0.356904263700484 0.0443615552626623 -0.102489665631402
0.174482081427858 0.283488290636524 -0.0366955921069566 -0.279779955033541
0.275799332297695 0.177842879004407 -0.174196642648437 -0.291033151873336
0.297745054424662 0.0447872146168433 -0.264275743442849 -0.189856869409609
0.269103073698682 -0.0682075218189843 -0.250210146496952 -0.0757977655556765
0.209468148095691 -0.153606604079391 -0.193978392723589 0.000205079685482745
0.174076626655018 -0.158530871749147 -0.126092450815323 0.0539056996419669
0.156452899751947 -0.191031842596927 -0.0341652104223836 0.0880113351859469
0.230345754778319 -0.185164319419022 0.0435790300122632 0.122740006432733
0.292881214942842 -0.102289013216041 0.0866525766949697 0.167891374054005
0.3596687717185 0.00625869190269978 0.0733237585872554 0.247658995806679
0.324003933008074 0.167691953840288 -0.000584367721407153 0.301181905787833
0.195219679449491 0.334049971527237 -0.0440761442416736 0.184539980696844
0.104793650232479 0.433105150177701 0.0343755596435257 0.0647165767037098
-0.00794929521341231 0.40610211153908 -0.132485322556874 -0.0603908868250545
0.0584738936209496 0.423567131372711 0.0498530768311186 -0.213566770131487
0.230557407370329 0.346519243841393 -0.0349094291063014 -0.317943612401582
0.35334948645688 0.195390328881067 -0.152377930292217 -0.28160272297688
0.35253120382424 0.0341197106605023 -0.182225015551518 -0.181156152152238
0.30673414632707 -0.083951593229261 -0.149867761019384 -0.103717584078081
0.23452940944907 -0.165637393634904 -0.100170229535742 -0.0598806446699987
0.194336732220408 -0.16112479188491 -0.0458537085784342 -0.0204241282230582
0.183070262061345 -0.182899774888537 0.0403143141492732 0.011713679916621
0.261091517770403 -0.161078400502692 0.113864841936853 0.0548140427622411
0.319273472580437 -0.0686130071642965 0.153394514487967 0.12098664256576
0.378546352060001 0.0498330334835021 0.111191851797379 0.22352700600488
0.323056261724949 0.216204283463647 -0.00311022336208552 0.272013463787889
0.164210171446973 0.379315117688041 -0.0736104313916609 0.114717328294922
0.0626496187872621 0.457731734149417 0.0304491049146516 -0.0789132347428342
-0.0198502831921783 0.371834132967192 -0.106754434375965 -0.223518258392516
0.0576878523500311 0.409684270537682 0.0334719227739901 -0.316908163693468
0.239442803043721 0.337295277237267 -0.0352466381580515 -0.336163634037201
0.359747121947025 0.17216619038493 -0.110793624455145 -0.262256282274221
0.33814049147156 0.0164455892317979 -0.0844049288783537 -0.180290991921257
0.2891811331209 -0.0858555576390097 -0.0452970969717613 -0.143798169476127
0.221064507973189 -0.15290227764103 -0.00546960399969111 -0.123572059412229
0.185953378132119 -0.139448934993668 0.0393261936685774 -0.0889302865161781
0.186937381534671 -0.147112527341206 0.123837321118469 -0.0524125106006291
0.257840676491095 -0.108574150697588 0.192396175931682 0.00692393028103724
0.301776532484748 -0.0131727336008234 0.218414604523903 0.0960165784850145
0.336018812138788 0.104099176599307 0.14062764965724 0.207748690736594
0.25898146187114 0.248438053265552 -0.00440542428072315 0.235710224016148
0.0931177201920808 0.377697047355007 -0.0816008500030326 0.0453294762317487
0.000514565967528243 0.41854655274352 0.0460159545319075 -0.205243832828265
-0.0330310666646233 0.27202950719624 -0.0851581813916189 -0.354456764114014
0.0369611986411526 0.31912462002371 0.00357108668639618 -0.385972612427775
0.192139199889312 0.262748032635116 -0.031055406168597 -0.33507610346745
0.284715257933032 0.122234695217979 -0.0620821517491673 -0.244617983340055
0.255050150454896 0.00677580040340422 0.00288137174092468 -0.191320921595024
0.219918701405778 -0.0644379329154297 0.0393152254314776 -0.188575330478901
0.172770833883267 -0.111638109446253 0.073911921960306 -0.178862242952116
0.148272157646578 -0.0974278176733054 0.117926727026115 -0.141356765349981
0.159706927962386 -0.0934430872787158 0.205985324397532 -0.0927046208386491
0.213454600324053 -0.047168280503672 0.270077169611569 -0.0103221040327978
0.237377507375179 0.0341709717040795 0.274928907359198 0.103392473917207
0.24688249872858 0.134851381316985 0.159938322753732 0.208774299472325
0.16047974425333 0.241785779368357 0.00205000964512937 0.199114067817561
0.0110634971048355 0.322928629464551 -0.0609389468331544 -0.00998922430356136
-0.0576713125989176 0.318719434196629 0.0799071792291977 -0.295947333029583
-0.055741243081133 0.124571131357393 -0.066757760207912 -0.427975374359533
-0.00777741237286529 0.178064247415572 -0.0254813639118767 -0.409337797199932
0.0964799317156072 0.149684087327529 -0.0196225918031709 -0.326111618852966
0.149587739266924 0.0656778546532057 -0.0215096964523834 -0.242937692929711
0.126061083861345 0.0129320524619786 0.0524149118307238 -0.212555928603359
0.119358295046929 -0.0187427238764255 0.0825909144137689 -0.224258283069102
0.101877438533504 -0.0473001301205161 0.123342801376672 -0.214770690026523
0.0880297501201805 -0.0409616654578575 0.176519191499163 -0.170434887669227
0.100426310028518 -0.0365800676159977 0.272567575468923 -0.106787223220616
0.12949774701536 -0.00254342209031099 0.332060034494857 0.00256988503329374
0.142136918780349 0.0451504112948927 0.315901429553636 0.134522222786524
0.139288630456292 0.111399687091909 0.172727270948996 0.224213603182504
0.0682426655648304 0.182795502586385 0.0195029693203988 0.176230711754401
-0.0440871756324528 0.217622341138777 -0.0236997580940705 -0.0355262475999709
-0.0889744101710051 0.175780607617198 0.121943446403652 -0.337867203895175
0.0720263857590431 -0.0076721588344596 -0.0958757435639163 0.369684335018035
0.039546583138431 -0.0753172941451681 0.0539181808896504 0.090268910970138
-0.0282401843117712 -0.0857350467464081 0.00185799316263407 -0.176938188458774
-0.054483158066321 -0.0351500458630204 -0.147328491643283 -0.266631839009397
-0.0373138014024753 -0.0190491815751286 -0.344853093448809 -0.184849013145519
-0.0305963299825556 -0.0203787979381171 -0.38102312301668 -0.0182782949494514
-0.0270508052509997 -0.0237568571063711 -0.308101880132617 0.115394384484727
-0.0161243646350723 -0.0252114051235714 -0.222524551412155 0.205993024923416
-0.0226126347329765 -0.0399336883090935 -0.135210628187889 0.24450862742102
-0.0107485015559642 -0.0539465189025884 -0.0779737813392765 0.260913441950625
0.00393676295922207 -0.0445656223818911 -0.048758225391479 0.251666616280837
0.00596828484035361 -0.049741497749134 -0.02027750774705 0.276747564711084
0.0261301028702019 -0.0538102728377718 0.00457954715911011 0.325890786791585
0.0676488151336866 -0.0232364440584977 0.0123233660217224 0.349787339991728
0.0803141156773071 0.0247244889831455 0.0534952771992885 0.400909673834537
0.0598080977999877 0.140637799994458 -0.142197460515141 0.331911799284875
0.0467284202121777 0.0751764891486338 0.0273551094482011 0.0586334950463523
0.0368524693133864 0.0348880481621184 -0.0268603856720208 -0.191519722996445
0.0493470485823524 0.0396216909272083 -0.16482504173882 -0.269156471951064
0.0807788259824057 0.0070613674282774 -0.339903548650046 -0.190938727926225
0.0792378424233253 -0.039417219994366 -0.369458281574503 -0.0347313383749603
0.0611737494404718 -0.0791072028832216 -0.305337721760647 0.0932246665969828
0.0576875647892454 -0.0860929027413219 -0.217266642251014 0.180922368654374
0.0456415093044712 -0.112363257854105 -0.121670102806259 0.219210841621189
0.0884013801172961 -0.120650138128377 -0.0558114696664099 0.239496498771655
0.127024028240199 -0.0759628764593766 -0.0227808525800278 0.243590023758418
0.156281844031527 -0.0277786928172473 -0.000764733443977772 0.275089930200046
0.151625306281128 0.0372429371033278 0.00567689188261412 0.318911275161953
0.129226092207952 0.124253742556856 0.0148860862306103 0.30213186770097
0.106622902163054 0.197336422867654 0.0584410044860813 0.324536006608283
0.0385216249340135 0.272288692690651 -0.1580321767003 0.241378529059412
0.049259110192514 0.226543289961949 0.0289041271747733 -0.0075117033183836
0.106444634816888 0.163317387895293 -0.0392296382949421 -0.229642034878945
0.163562999652686 0.114249848501884 -0.179397054396311 -0.277541880409441
0.196976467457335 0.0285445769089629 -0.317274203231658 -0.186452553964763
0.183174994424247 -0.0566419261060483 -0.325187283538088 -0.0483538971069215
0.143371606372328 -0.126003107782751 -0.264778480932728 0.0568864530063317
0.122563555251901 -0.135126057580514 -0.181773332991675 0.128468705337519
0.103318050046991 -0.167804197102647 -0.0843104653686572 0.164752254739616
0.16653160385116 -0.172488919712487 -0.0107116886178571 0.189308246386786
0.222606316022601 -0.105738999427353 0.0295940498554206 0.213624874840571
0.278840501418844 -0.0216253016929889 0.0373170052790345 0.263342113632586
0.260416546708981 0.102228818527421 0.00978801252867065 0.311917738177415
0.18367121418502 0.242016979601935 -0.00471153813376114 0.244887101200033
0.123723290285846 0.336076246938408 0.0507825497611677 0.206042690660075
0.0197930311328593 0.366097973414509 -0.149069206589651 0.105806683208727
0.0603318289919966 0.351364872311645 0.0426247291118564 -0.102543895675442
0.181894215648947 0.27222162219041 -0.0416410874926956 -0.275596890622279
0.277320753740166 0.16553316410161 -0.178669055314438 -0.281866972519389
0.296066883047945 0.0310772043347998 -0.267306705166625 -0.17718632453774
0.263313635971991 -0.0773325842338411 -0.250233378968373 -0.0668157810909011
0.200472635746727 -0.159830858221414 -0.192308990454591 0.00719239018840105
0.167659341795365 -0.163045042068202 -0.121199638131022 0.05864693441037
0.147308020495371 -0.193738804171321 -0.0285587489179072 0.0903045313145655
0.221977943764147 -0.192070660604116 0.0471990249426076 0.120873064554684
0.286132725165405 -0.111563852389464 0.0919112566704703 0.165292652498974
0.356614957479198 -0.00682825443298169 0.0797891612108055 0.2412339146093
0.324065291101041 0.1537872471099 0.0112007221427849 0.29636859568025
0.203780583531181 0.323754787494858 -0.0370946404979565 0.182124760959796
0.115897796667948 0.423001397067396 0.0355254417424049 0.06509762466214
0.00537269731297735 0.401703484783485 -0.129856445624395 -0.0576253171055276
0.0718215918619429 0.416304799224379 0.0449796862982988 -0.212722073281152
0.238547208994955 0.331451056271718 -0.0409118405963926 -0.313136879174719
0.355223056043076 0.178622088326934 -0.156123704608548 -0.272412957436764
0.348878208878549 0.01862659344996 -0.185627656561799 -0.171414105975482
0.29917414416281 -0.0948506601428128 -0.151908928310203 -0.0984363035619971
0.225208646145059 -0.173433347164677 -0.102045322209236 -0.0557963323990844
0.186802971970571 -0.166297930783346 -0.0451099543725014 -0.0175837432463432
0.17452635545365 -0.186959579112869 0.0416533392573563 0.0118442578917058
0.252391073229945 -0.169614480641855 0.115326975595409 0.0511929591186204
0.313539496064252 -0.0796781315303493 0.156703942624623 0.117639905078352
0.375832946502019 0.0341288040616171 0.116243209375017 0.216395131713203
0.324382925451562 0.201620123427994 0.00783078204863392 0.268504247416039
0.17488260131432 0.369546315842091 -0.0679546046954111 0.115183355344685
0.0747431571210611 0.446760035010205 0.0267339540628474 -0.0767704280505545
-0.00631695405905898 0.367858864970286 -0.110675009452581 -0.219331526929535
0.0708893225737533 0.402387957502088 0.025304134291311 -0.314587888560341
0.247544821925119 0.322635544483961 -0.0416238388264814 -0.329879213819708
0.359802005567622 0.155482032546868 -0.115220915961541 -0.254257450183639
0.334440379097501 0.0029058941513579 -0.0883593015499632 -0.174615100736533
0.281666013979086 -0.0962096615330973 -0.0504777485762355 -0.141771816525313
0.213242789620193 -0.160006622172649 -0.0108597779771775 -0.121918775370645
0.178889409165169 -0.144373253632195 0.0357323903673791 -0.0885759335840407
0.178606048493748 -0.151501907267638 0.121403972168536 -0.0553456846043697
0.251576166228468 -0.116641094288806 0.191286433532049 0.000411574182490567
0.297590424237431 -0.0257504404589944 0.219512221067926 0.0903690647489168
0.335624054498181 0.0894605613794383 0.145209094335948 0.199758039636104
0.26266954150536 0.236106960578148 0.00541803614490961 0.231999899837652
0.103745034480635 0.370786714930782 -0.0777880778976184 0.0472295805375601
0.01380584446458 0.4090856313081 0.0373727101454315 -0.203228684653603
-0.0222030002427436 0.269244858194076 -0.0942957387709774 -0.34971020999921
0.0473484322125872 0.313397421392673 -0.00597074590838914 -0.382804233067536
0.198866497780672 0.251113564636818 -0.0376868344552664 -0.328616898387123
0.284505001214986 0.109203805472319 -0.0668143348258098 -0.238515173600425
0.251697415096003 -0.00361487133794361 -0.00268084012800238 -0.189499794845263
0.213985744313033 -0.0727484091754699 0.0319215469433823 -0.189039356733486
0.167146116743828 -0.116848669907683 0.0650317397920243 -0.180287358176943
0.143028185249285 -0.100457273751237 0.110956152067133 -0.143621619769502
0.153423680500847 -0.0980398437732007 0.200905917282111 -0.098440312165435
0.209703490756099 -0.0545306340579882 0.267875443896245 -0.0199415715444655
0.236034347384926 0.0238531091418884 0.275793322198364 0.0951342779513793
0.247766310707996 0.122852738433498 0.165637955913321 0.200741681392659
0.165595921612873 0.232949894420002 0.0094871477783816 0.197065404230912
0.0212913582024409 0.318122151444432 -0.0598128768730959 -0.00737814269234347
-0.0471462404051391 0.312505234421256 0.0680556882675718 -0.293782964837114
-0.0492150684976483 0.124716174416423 -0.0785321185914775 -0.423611583672373
-0.00165837885860956 0.175079198200069 -0.0357851124735469 -0.40394544823667
0.100156316063535 0.142939603086659 -0.0274988503712665 -0.320031621690635
0.149387249896899 0.0581733012037416 -0.0273299845602681 -0.237846824058218
0.124802398868828 0.00785748548937321 0.0460834184563888 -0.21180649169223
0.11674350013962 -0.0237472645506582 0.0735046501272602 -0.226053531149754
0.0994745556673518 -0.0503346110641797 0.112598375974149 -0.21835890911013
0.0855559992781341 -0.0423750669215115 0.16692433876571 -0.175505959717227
0.0969536509748607 -0.0391348037953422 0.265759807774745 -0.115676213618175
0.128559427322584 -0.00707191884645217 0.327850331172155 -0.0105986259041914
0.1411080133955 0.0384463316333798 0.316284150670631 0.123879735214591
0.140825887587467 0.104109633488546 0.177822702942366 0.21539679024752
0.0728707253972527 0.177693498320143 0.0250731597175885 0.174271075498108
-0.0361685335949908 0.215295572665299 -0.024298282125434 -0.0333449772318396
-0.0814469514678456 0.172913059568075 0.108105582280963 -0.336889536531285
0.0677326200528653 -0.0396144749444739 0.0814934677186318 0.376701516186556
0.00415315466474337 -0.0871065798940261 0.0889191184394951 0.0550782429240666
-0.0632159965803908 -0.062820455723742 -0.0840759152214977 -0.161428453095319
-0.0648142227541536 -0.00295480025385319 -0.26043160793369 -0.173548106721716
-0.0390756503931332 0.00468156448164302 -0.397106233811492 -0.00228787000386438
-0.0338710966764465 -0.00190821658391641 -0.351613824156651 0.16317111247644
-0.0361348549176822 -0.00907401539346434 -0.226249689856277 0.248790044773533
-0.025165487895086 -0.018484434017949 -0.102419839466116 0.291531234693073
-0.0395366436320193 -0.0265732745299877 -0.00360635856182161 0.284970169110027
-0.0332071760067421 -0.0445374955763238 0.0532179432940947 0.272264932228333
-0.0146460466182727 -0.0420520934705179 0.0726025107597183 0.249863112755807
-0.0165119138390069 -0.0433690940828656 0.111266336655164 0.258633010059222
-0.00137201308863386 -0.0578852076580117 0.154088257542184 0.288126788120654
0.0517928776872207 -0.0481037661247704 0.167847367524284 0.314245817629912
0.086876255591494 -0.011803436774984 0.228842259168601 0.349315011899588
0.119789184952512 0.101553106735342 0.0279663925535815 0.366048375894085
0.0760949825405053 0.0458697092457534 0.054550520162059 0.0389649462936707
0.0471352570234826 0.0176595234018525 -0.108799426820084 -0.163189821150828
0.0599853217268023 0.018073457415556 -0.270684363947884 -0.169960783154146
0.0772038490165578 -0.0239442712247311 -0.393148199188647 -0.0145899822293466
0.0564491169980867 -0.0686525071273164 -0.348108410060762 0.139123343276364
0.0188416591675631 -0.0987681290780786 -0.23237858052048 0.223838209522023
0.0171657435418082 -0.107880854201023 -0.107642120052731 0.265560464365827
-0.00974729111551095 -0.124167961740859 -0.00163726812804488 0.2561936172604
0.0270632419049949 -0.151063673946564 0.0672535291859885 0.243448881249222
0.0851224500493963 -0.127275840521413 0.096395918780719 0.236489618008143
0.129471731582801 -0.0925509450004908 0.131694859277523 0.257013707236467
0.155599155011255 -0.0309470527136819 0.150002970465625 0.288031600714917
0.177076795263825 0.0588028312800514 0.14176618747552 0.272457154536105
0.195680019327486 0.134301058023643 0.188369533338935 0.276861759563478
0.155363903901109 0.232195689207942 -0.0230180415014567 0.293713204458321
0.14299672245037 0.18176564199806 0.0308143868717563 -0.0209861692587379
0.164487688349168 0.103102221518751 -0.129976658208556 -0.193672580670374
0.193207368039625 0.0335705131707893 -0.280381823709337 -0.172782104404205
0.190054657587075 -0.0574110130905805 -0.368242578274188 -0.0253736579291687
0.141817703576803 -0.132479037545918 -0.314839282070021 0.103574295681868
0.0716904853330362 -0.177479490265299 -0.210747057338864 0.16898514657729
0.055272370212943 -0.181491866259675 -0.100038897514514 0.201542208747482
0.019344919217942 -0.200747121212698 0.00736722911513846 0.189299628858991
0.0747526996338544 -0.234938005709831 0.0869814680876747 0.178102923098034
0.160159366536059 -0.199661134174967 0.132806801883835 0.189258273387969
0.243328692739193 -0.144635255999059 0.165597196714978 0.237001514960465
0.285639402115862 -0.0212930416679511 0.150018796991689 0.28477241067519
0.280529745318828 0.140898948187953 0.0936124608098493 0.232886171959425
0.278882138154543 0.253632631041131 0.119001379187922 0.170660939842404
0.176728198406206 0.326856449116578 -0.0729438944865219 0.168616524360464
0.204613705762817 0.290543397249713 0.00339270034388295 -0.113000233733891
0.279026648383524 0.169305431670169 -0.145762818840632 -0.236472126859521
0.315966980214555 0.0281861902887186 -0.274586728343797 -0.178819963468841
0.278672444389776 -0.0984791720715236 -0.316145695788608 -0.0454769359865681
0.203025380501527 -0.18793177222477 -0.254607870793018 0.0492859909358317
0.108759390637826 -0.234453058291063 -0.167504520362742 0.0880512911365499
0.0846099476261985 -0.227115610911681 -0.0779372954415398 0.109680879993628
0.0485652569507881 -0.244435444609485 0.0235584867781682 0.0958585217919447
0.116942363900035 -0.278173758440421 0.109315435591587 0.088990465193916
0.215677068614827 -0.235077010344063 0.168108872310674 0.11989733428717
0.320127542593856 -0.168056346102614 0.194814179413629 0.203025333904724
0.36754088502172 -0.0030026653710644 0.143893784454898 0.273308223589077
0.336549534523228 0.206829036798109 0.0322153864380498 0.192756077479457
0.313067631666139 0.335003361617225 0.0364391612922521 0.0476005531054495
0.177138209456531 0.365575771190761 -0.128285243671958 0.0115282858754559
0.242487516467591 0.345301696220811 -0.0436851291346973 -0.214232121473875
0.354843132537774 0.198987371054306 -0.157962947864967 -0.271259430057308
0.390197277979279 0.00639312604400475 -0.247066549736123 -0.183936929406545
0.32047973931887 -0.133477837122415 -0.240499500490444 -0.0794669171171436
0.227789919116123 -0.219699655985152 -0.180022545994675 -0.0263923864853165
0.125398813934076 -0.257105809849884 -0.115038308690315 -0.0124838895562203
0.100435176588985 -0.238316341002013 -0.0458619854581193 0.00469078403978716
0.0767175347731775 -0.249363655873632 0.0496585449952437 -0.00777631637743486
0.155392875181027 -0.272190895248864 0.137076711500077 -0.00499183081456941
0.255130228224452 -0.218957900848279 0.20381991090637 0.0484708649133032
0.357324550762506 -0.141479906680085 0.215285518512448 0.166693682314618
0.3892190064352 0.0419909719171881 0.127006795623529 0.250240440513682
0.330323431588067 0.260669951894816 -0.027145905475569 0.144080712974168
0.286891747690939 0.375833159072925 -0.037412447368253 -0.0811756519848206
0.150096214086777 0.341482408841099 -0.18505881625195 -0.145280178011487
0.234108575812035 0.334298588545264 -0.108379989877945 -0.298318167282732
0.357765042933362 0.186903111793069 -0.166803957495662 -0.28702172483348
0.383895465671485 -0.0175284564528061 -0.201657592203309 -0.186997882474747
0.29922392564653 -0.142769416280674 -0.155391674675311 -0.128430564216215
0.209764770474402 -0.21392373213783 -0.109361439573641 -0.113284728766949
0.120039588136317 -0.239618083751389 -0.0640151656192468 -0.114713250377464
0.102616075568331 -0.212765541071363 -0.00691340609323759 -0.0977948703426061
0.0959549509639887 -0.218995447938576 0.0884423217439204 -0.105811024796546
0.178196154150389 -0.223287824468144 0.179688742036097 -0.086570449040279
0.264341951540388 -0.161423754247465 0.24525105593859 -0.00560638578312803
0.34701221059651 -0.0730848382902533 0.228788402886846 0.138063136032179
0.348617460087866 0.100980265476033 0.105289347231008 0.217822746745703
0.265590645504019 0.292845903482332 -0.0669329057062445 0.0845787709418705
0.210372632743055 0.369284555938935 -0.0816517922531456 -0.204101462406319
0.0923437872519287 0.259534465964348 -0.233641658730007 -0.273665401183577
0.174373463606355 0.265623740180064 -0.171274290424441 -0.344416331266824
0.283323071696926 0.143072411712765 -0.167175362063152 -0.285362023947018
0.29575613697567 -0.0258142537781151 -0.15554086829458 -0.193023871854498
0.221515089309584 -0.112153935800942 -0.0868241529271578 -0.179154726607353
0.158996909840981 -0.162317007237545 -0.0587937777933364 -0.19258075525619
0.0977615012078833 -0.18029289098243 -0.0239414579371023 -0.201585834488281
0.0879718868023022 -0.155292368983293 0.0337449496410489 -0.182199997898617
0.0973326917018866 -0.158143761106848 0.138169987619798 -0.18306603562857
0.168405187793352 -0.147156806500556 0.236515960578338 -0.140242198689109
0.229766175716495 -0.0874776498367777 0.294979659082597 -0.029944748905666
0.28252218546628 -0.00209184415778106 0.24226288267143 0.125630877761008
0.257428941483112 0.142225744211278 0.0919433120025548 0.18106616161406
0.165686102993475 0.281500916564595 -0.0729074441271155 0.0231442930206834
0.107469676722115 0.307529353944726 -0.0887567745804208 -0.303348452494372
0.0048873715379127 0.139293975282867 -0.258566936725181 -0.349910331075433
0.071358321925476 0.163301207408724 -0.212516294853425 -0.350869449126133
0.148325638556929 0.0882860435541981 -0.160656708030832 -0.278775721450315
0.153919995383792 -0.0120866545761824 -0.125800658790252 -0.207298352360826
0.112074299001188 -0.0462862121027366 -0.0559185566111772 -0.218255439498079
0.0923053989299506 -0.0741248360062965 -0.0387065692006522 -0.242010155325784
0.0668357892087147 -0.0895158990424538 0.000273647695988515 -0.255277920999947
0.0599616788335277 -0.0750385006699203 0.0688875612552819 -0.237084191778335
0.0725151800848748 -0.0788660105606525 0.186652519016941 -0.229326400160555
0.116120812984298 -0.0659123908378611 0.292895612078511 -0.161274299231346
0.148808962229008 -0.0302345597825114 0.342721352479022 -0.0275668984550605
0.177372566479304 0.0311906798674171 0.257565940422652 0.126128391462919
0.147547842127283 0.134285502639174 0.0957027428726863 0.149400533385201
0.0651090911623498 0.212408807461626 -0.0470699494945011 -0.0194991491178443
0.00723426691500375 0.195206635278397 -0.0631456404262982 -0.361190012185316
0.0668357298676498 -0.0438884450898257 0.106473269775901 0.382407618385869
0.000237133725660745 -0.0904992395337586 0.0950096361012627 0.0512626382276699
-0.0679367477124035 -0.0614197833898635 -0.0960203872110198 -0.163030451693794
-0.0668691888497548 0.00121324119852632 -0.278523687415565 -0.166747348518904
-0.04006595176565 0.0063905374909238 -0.408291595867439 0.0207227833092179
-0.0342891850023993 -0.000495385947254642 -0.353049527963659 0.189358383599069
-0.0381077486655681 -0.0065369629691901 -0.218363078446482 0.269608387521626
-0.0273991157730368 -0.0190206925000877 -0.0864160992149057 0.306059828996736
-0.0423007678471367 -0.0254726789988386 0.0154895435161137 0.294239674882128
-0.036713895267463 -0.044330470782497 0.0716127579119324 0.278904597428795
-0.0167532624347253 -0.0415311871049323 0.088230768229412 0.254757025362851
-0.0193429292672875 -0.0428895628418478 0.128085087657609 0.259087213166767
-0.00457172424907902 -0.0596584560650999 0.172424413066017 0.286555371679689
0.0524523379197899 -0.0518204740320763 0.186096313274471 0.313883357489886
0.0875644918782057 -0.0157241995926839 0.256314873858525 0.349851498606518
0.129051349202168 0.0990476666321806 0.051763742826193 0.374164867122425
0.0817886210959042 0.0423552778154565 0.0595194100872006 0.0368185006291615
0.0500541587983394 0.0145821807993255 -0.121024250434963 -0.16341246327881
0.0617931817493675 0.0146796277213886 -0.287487119569409 -0.161854269182792
0.0772166747350856 -0.0314100971740669 -0.403507962111094 0.00856699273353536
0.0538909738013196 -0.0747861939954376 -0.350246313741964 0.164697767094924
0.0127191624858973 -0.103052028804937 -0.226182170157065 0.244959284459903
0.0107999024710898 -0.11354972656485 -0.0938252001186918 0.279499377527707
-0.0168706069777918 -0.127840453152597 0.0167569336599363 0.264256245955192
0.018172548791764 -0.158461264547671 0.0845289267292968 0.248596509734961
0.081176860778441 -0.1361122703176 0.11282539258915 0.24015782558027
0.128108691088315 -0.102523595555481 0.149042599313207 0.25632317639814
0.157432482009695 -0.0401436138053302 0.169711871267105 0.28504740514409
0.187019539717021 0.05114871546203 0.159135772792862 0.272579378833262
0.207577836110137 0.128021459612686 0.210925272555323 0.276850707223404
0.173161185075056 0.231131443466799 -0.00413285070658223 0.301737721458457
0.158006492309513 0.178692428153503 0.0319450030491699 -0.02391727602331
0.174819747015568 0.0951028031989257 -0.143045824901634 -0.193614392966625
0.199209245809625 0.0221844203202977 -0.296479881702543 -0.164303619722434
0.19113354309594 -0.0720599241453995 -0.378589892687613 -0.00372144634755795
0.137937234908778 -0.144990028433551 -0.317441299758036 0.125233033872422
0.0624679332673556 -0.187516230779072 -0.206115176047322 0.187037800446722
0.0462361633525902 -0.192408523215368 -0.0891130132410715 0.212251442161986
0.00766742357993902 -0.208297269680242 0.0223922744740008 0.194206156478292
0.0625929888356888 -0.247893763142709 0.101333198813956 0.179560942437636
0.153451638311065 -0.215823994075763 0.148628523925153 0.188651315896218
0.241869139591351 -0.164023186189974 0.182392784788773 0.234488660456565
0.291308928887624 -0.0366991306483432 0.171048699421107 0.281018853397234
0.298250436604896 0.130779263404935 0.108460563524735 0.233991491341603
0.29988155045781 0.244734936984215 0.133342316044368 0.171883763966134
0.200898613450054 0.325962611073678 -0.0629443976560282 0.17503650533477
0.227753551639614 0.286946022796949 -0.000561228101259293 -0.116939366606351
0.295193108604071 0.155777906086089 -0.160769847727229 -0.236844513113907
0.324707836483113 0.00938793588190696 -0.290035742167747 -0.170942841962787
0.278828107841752 -0.119142612165315 -0.326981962990447 -0.0263869570765196
0.197419422433256 -0.205542277137497 -0.258216950022542 0.0654171330248357
0.0970564077244053 -0.248722765155549 -0.166565240670821 0.10132182632815
0.0736520687969642 -0.240162848963993 -0.0722784985105021 0.116557636494395
0.0352414993579591 -0.254384318797944 0.0330139574044202 0.0969425788192738
0.103031080910089 -0.294791421875112 0.118211866614148 0.0861006141380025
0.208193318234438 -0.255055519307438 0.182363468735231 0.115117962513821
0.320037806946229 -0.193415579182205 0.210538557909383 0.198483733917926
0.376470444615474 -0.0237570364025995 0.164996846121863 0.270077184949748
0.35881768348887 0.193711067877113 0.0438164927613645 0.196077064358689
0.339123421653819 0.325986302484516 0.0403797805828271 0.0496817051310286
0.204195673554562 0.36588099118068 -0.129554436150494 0.0166167287988636
0.26865696611887 0.340542460570815 -0.0541500799560335 -0.218470493253817
0.374220361844819 0.18191323217222 -0.17519824388009 -0.272177121864782
0.399196314399093 -0.0171734649089864 -0.26157654197235 -0.17710586629523
0.319500441672145 -0.157947941119079 -0.249966945727821 -0.0679100687148382
0.219918833323531 -0.240627865881085 -0.186613339106842 -0.0169537192835734
0.113186202647349 -0.272790522663079 -0.119115066241063 -0.0049457798059756
0.0902658077987374 -0.251996358297484 -0.0456310999941742 0.00691288617337817
0.0633923046037303 -0.261393201190516 0.0532681525960027 -0.0114298356943102
0.143614348314415 -0.290768268476401 0.141977835831121 -0.0128783568825365
0.248489241256057 -0.241746951771527 0.215382936125367 0.0388327061031709
0.359621067587553 -0.168545214921983 0.229501426525055 0.159135298718509
0.402435970971273 0.0207431841609702 0.146413716716201 0.249023983524993
0.355418952662682 0.250326177610284 -0.0195965302388573 0.14995721403466
0.313577806243646 0.36849680135859 -0.0430077946585102 -0.0788935770600066
0.175393114472712 0.341275071942937 -0.198311071795857 -0.141460601058028
0.259483398249448 0.33034714541703 -0.126241974104426 -0.30168026561791
0.377671696504951 0.16909744586731 -0.18470064789457 -0.287122049211883
0.391845052925381 -0.0399305720518288 -0.214378800214209 -0.18240958635838
0.297789367039851 -0.165242474153596 -0.165990761852789 -0.122384736228599
0.201950225910355 -0.233633901474593 -0.119439333824867 -0.110869537860653
0.108334346511746 -0.254499640347731 -0.0739757866235257 -0.113718037470587
0.0931978067922597 -0.225518419361748 -0.0124948022106905 -0.100378325898896
0.085377966166099 -0.230787687865686 0.0865019727168795 -0.114787397196211
0.170167530145583 -0.241823669585627 0.180138977140632 -0.098996163419718
0.261351001977485 -0.183031188246007 0.255161563591856 -0.0188959117869964
0.351938271528396 -0.0974801787938832 0.241893477961344 0.129229167977752
0.363660469629759 0.084127032773575 0.123297292431054 0.216534031172402
0.290295978983861 0.286302774709351 -0.0630495176068454 0.0906659011687308
0.235086739611819 0.365974930038196 -0.096450401232762 -0.202361698335455
0.110646522747113 0.259347488653095 -0.255834331071449 -0.271173143868297
0.19446402155459 0.263073753750901 -0.194789809931104 -0.345782104281947
0.297747884008078 0.129330666690704 -0.185167119607748 -0.285611874523307
0.30080680572538 -0.045035864208641 -0.167314036281897 -0.190697226379669
0.220569628657545 -0.129103948070454 -0.0985169291994016 -0.179696221327592
0.152912960215059 -0.176926550326389 -0.0719913103831028 -0.195318783627816
0.0898236121854973 -0.191719769498939 -0.0381338683535172 -0.206475279608627
0.0830967842599516 -0.165089179408486 0.0231641358623938 -0.190030555362102
0.0906725779823176 -0.167539283724578 0.131934410154431 -0.1968032454708
0.164523594566972 -0.162724472518328 0.234462635782253 -0.158022826502913
0.230630356494918 -0.104222776472453 0.304326586190409 -0.0473699204838503
0.289467686817253 -0.0203647119223149 0.255397671735579 0.11556327823461
0.272588449532351 0.131438354849461 0.106831473399922 0.180911236781401
0.184959197578318 0.279849988877319 -0.0720855353557591 0.0282749971824651
0.125793274229074 0.308614234412736 -0.110234001658537 -0.30510958585076
0.0144051381994273 0.140805248184036 -0.288110828417153 -0.348892723822733
0.0822334897222105 0.162611708932668 -0.238086391463851 -0.350535070526343
0.155856406023801 0.0811907864708915 -0.17797630574239 -0.278014463034881
0.155345903162682 -0.0225382541477241 -0.13899832952153 -0.206669929945416
0.11258287196529 -0.0553420605432984 -0.0689936955540913 -0.22281055957087
0.0893745650078164 -0.0828275758223969 -0.0552474941186632 -0.248245556110321
0.0624756081677743 -0.0963869472901117 -0.0173613996324835 -0.263976352381793
0.0583071342936167 -0.0803287355058638 0.0551311027874325 -0.248490301139941
0.0697683492192296 -0.0841299575886926 0.17747933984001 -0.24811458056556
0.115663797364166 -0.0755772609614181 0.291070035061725 -0.184002128922259
0.150204509684107 -0.0401361704066024 0.352236966471643 -0.0479903498264445
0.183709061412792 0.0208437084765266 0.272296256834448 0.11560978954998
0.159157083160099 0.130148278632589 0.10743550574956 0.149181165873502
0.0778452646438072 0.213778037294234 -0.0492519091815127 -0.0168599976129153
0.0168939725512684 0.198285280128772 -0.0873891599400847 -0.366038461717439
0.0633960641510826 -0.0490352539110267 0.141448441865441 0.377613352436456
-0.00722116024806807 -0.092449127084901 0.100604408177805 0.0432075620160824
-0.0730125479273399 -0.0565660581467177 -0.110426677482323 -0.158140674842188
-0.0675222188889664 0.00721497602045866 -0.29629636398249 -0.148533982203604
-0.0406276948723697 0.00877647861009608 -0.409769323879108 0.0557652131562131
-0.0346145665683902 0.00163672667717359 -0.342023032706098 0.223065941806972
-0.0393641722967039 -0.00302481435723409 -0.199555822323896 0.292136397258396
-0.0304972842931793 -0.0179623673886379 -0.0592193667037914 0.318336634047033
-0.0451866209622492 -0.0234831817723082 0.0433668760595071 0.297603346658496
-0.041140051949886 -0.0427980315272459 0.0971001383371793 0.278807115795943
-0.0190406680589066 -0.0403545857030195 0.109589719964531 0.253432811936053
-0.0230068765177764 -0.0406977099536288 0.150753898213607 0.251950189363597
-0.0100416894574399 -0.0591465815143678 0.194860413419417 0.274911369777463
0.049823883130298 -0.0572987721513981 0.210866596150101 0.304907262197252
0.0868978775443059 -0.0215963566034826 0.291583094428649 0.337352263679308
0.138810025809117 0.0904146955852229 0.0857405500877371 0.373190737383186
0.0872897603016928 0.0356529322558028 0.064694975781569 0.0319038472903504
0.0524516683836342 0.00923109226177645 -0.135024569583142 -0.157244244673669
0.0634630709464709 0.00988351836350671 -0.30384966318196 -0.142734911345541
0.074591638898355 -0.0394222543193881 -0.407191355379513 0.0434301394473869
0.0484832882904015 -0.0818339626040698 -0.341598591773659 0.197221879288142
0.00364654935495624 -0.105818784363111 -0.208067097110292 0.268124570537623
0.000267465793002622 -0.118145352930318 -0.0695787837483549 0.290986267091141
-0.0283261754684588 -0.129239148102011 0.0418999363543538 0.26658759884442
0.00510027189665606 -0.164141861640535 0.107607152798819 0.246945635658804
0.0714144402469722 -0.145060282032132 0.135582096745948 0.235186894840089
0.121907005204266 -0.114968195187021 0.171576707661839 0.247651251076727
0.156169329020829 -0.0528445759779013 0.194713749601677 0.273401936362535
0.195139253702351 0.0372042267244115 0.181128027403853 0.264103365522075
0.219678135801499 0.114272592375528 0.239240249321144 0.267235610325031
0.195113923271497 0.22037463367092 0.022088524270747 0.304291016159148
0.175690002257622 0.167861823441854 0.0328618485335934 -0.0277565749685978
0.185233001104698 0.0800218505657888 -0.159525915488559 -0.187177206352808
0.203625374439375 0.00613485024671108 -0.312642315806556 -0.14476344129174
0.185541976154373 -0.0903574681911473 -0.382691295579266 0.0287438164982331
0.126887302035701 -0.160822870964956 -0.311108799647463 0.153807409957188
0.0464698479707936 -0.196296882128821 -0.192935631614992 0.208243892894988
0.0295515993922397 -0.201256089994728 -0.0710246791874294 0.222689497199645
-0.00929118792608353 -0.212507822999197 0.0418375588294973 0.194177921040582
0.0414184328130408 -0.25914592675528 0.119683658646844 0.175052193984466
0.138568719486719 -0.231833102219225 0.169112340156888 0.180149159128293
0.232711436821719 -0.187709201904847 0.202704502546633 0.222759574605422
0.291928164259068 -0.0610071097558968 0.196778307625196 0.268337871533772
0.314397993540631 0.10848264811904 0.128250097271008 0.229029315236089
0.322695392406031 0.223977497210159 0.150388829966062 0.166982621919463
0.231751812459313 0.313580076571824 -0.0470630038775365 0.180764634937535
0.254487083232127 0.271674317414292 -0.00790598663239024 -0.119163540460409
0.311664694704272 0.131417325538879 -0.180455620087049 -0.229847029470304
0.32829669002921 -0.0181528925171203 -0.306186832572925 -0.152293272117507
0.271266214391353 -0.145826692466098 -0.331957160322232 0.000982617129089008
0.181547878776858 -0.227824382370371 -0.256129691179363 0.0878172771644299
0.0765196532986913 -0.260818360382447 -0.160409790906135 0.117621213962875
0.0535708996356594 -0.252408557221208 -0.0624619396752639 0.123808551712291
0.0140475714636379 -0.261562466688086 0.0448353089765048 0.0943310594951707
0.0786826616654235 -0.310410907810094 0.129451732597495 0.0782631656198193
0.190422039905336 -0.278353173735052 0.197172959781503 0.103059776860714
0.308699292377615 -0.224944259228784 0.228824395875138 0.183891607944854
0.379680204825638 -0.0540384073803476 0.190459191478399 0.257288822493993
0.381329419647407 0.168432634057239 0.0609475436266039 0.195129703550204
0.368013565468909 0.302462600567771 0.0466254053272444 0.0503533516443365
0.238150987001726 0.353188321508342 -0.128173539865429 0.0255998607623728
0.300504434468913 0.324148491933812 -0.0703094982520382 -0.217520002139211
0.392528429313734 0.15159221243012 -0.197231962043715 -0.264069284238592
0.402013375089904 -0.050908760449099 -0.277687102444539 -0.160543322355799
0.308939046665917 -0.188492254818936 -0.257713005406322 -0.0475418390586652
0.20211715499982 -0.263925559773951 -0.189848068783851 -0.00214922339325516
0.0899589911320432 -0.287588228925595 -0.121314968861904 0.00573363474352741
0.0699554113142713 -0.265506059192764 -0.0454908563486571 0.0106307681638394
0.0422133870990529 -0.27057971153763 0.0552104865366937 -0.0173455004759866
0.119388368861274 -0.309795444285369 0.143724377740124 -0.0242391574100993
0.231739606758311 -0.266972773349702 0.224661797198211 0.0226115967429765
0.350092818484956 -0.202914190729844 0.244307398013969 0.142524607662875
0.408793186899468 -0.0115932896857363 0.170885108367443 0.236867075372347
0.382659091174438 0.225069520462398 -0.00712369533173457 0.153503200396777
0.3454688261348 0.346901864007505 -0.0502750041890334 -0.0733448451537918
0.20687130332478 0.330015217567143 -0.212247757948168 -0.129065778250108
0.290907122172506 0.31297558924227 -0.149395637129214 -0.296295116872009
0.394748894236499 0.138384681638595 -0.207940711287396 -0.278279960633153
0.392015138426709 -0.0746789962836826 -0.230372919641668 -0.168816627224201
0.287542265146973 -0.194095555709985 -0.176710340208158 -0.111170994183195
0.184342075063254 -0.254657218535135 -0.130022741984639 -0.10416201878347
0.0871355518188401 -0.268296163951742 -0.0850126920465361 -0.109405224413437
0.0760730927478958 -0.238080055328746 -0.0213807496116472 -0.101072065559803
0.0672502984784678 -0.240616630248221 0.0797740364684975 -0.124729376958493
0.150439842984598 -0.262481915331786 0.175525068658867 -0.115491715010887
0.249882658425712 -0.20873619316147 0.259634427453565 -0.0406608513641265
0.347807466628512 -0.131017995955157 0.255807475403011 0.111434874515875
0.375228809121433 0.0550167921887581 0.144508627084146 0.207345166200514
0.317891801998222 0.267346843632821 -0.0551114052525121 0.0977700151029651
0.266325699846841 0.350646659196246 -0.116169696378998 -0.194860955623835
0.13510374455305 0.252321317844233 -0.28285010225043 -0.256652985734318
0.218332400906975 0.249624975583899 -0.224132836842683 -0.336665138818313
0.310290063240744 0.105044475481298 -0.208879046403056 -0.276820710706199
0.299653463641604 -0.0709453438032508 -0.183594969354361 -0.181174597680923
0.212705976003775 -0.150790524832888 -0.113769498220461 -0.17501223975982
0.139339589802636 -0.193582371966044 -0.0888010342796295 -0.193995321085196
0.073463701307746 -0.202588724242123 -0.0575935517487124 -0.206931319182235
0.0711620545671495 -0.175365600697886 0.00678654367654896 -0.194794438220701
0.0774049214976593 -0.177018502786075 0.117516237813428 -0.212600393139163
0.152335013521756 -0.180697079256005 0.22477342660084 -0.180334520248384
0.223175670264492 -0.126357178501384 0.306292408357961 -0.0733765867196166
0.291101704004776 -0.0468008476175182 0.267821060063851 0.0972639550057695
0.287903737339327 0.110988957467946 0.125304548586414 0.173890754870854
0.211343379145348 0.268585985251433 -0.0703883906208387 0.0344194024386615
0.15131220314421 0.301322239853751 -0.138681706722688 -0.297768145609675
0.0264679822612827 0.139724045325432 -0.323646216847347 -0.332881809742717
0.0966131393301375 0.157716185513081 -0.269347832842906 -0.337324965071554
0.163778946146009 0.0677076868175395 -0.201268588718438 -0.269042826595946
0.1538013799746 -0.0367343089667369 -0.156105310838383 -0.198558122628189
0.109175437131272 -0.0662550314044996 -0.0883111375504481 -0.221348578395872
0.0827865082903179 -0.0917517984255139 -0.0761453900165183 -0.248938490290993
0.0544202815397541 -0.102611907140666 -0.0422923529877897 -0.267021873773852
0.0535126416204289 -0.0865534979869318 0.0328599724169155 -0.256856623253063
0.0634277134880684 -0.0902856786210581 0.159133914161331 -0.267743895588203
0.110404425079097 -0.0869437549831298 0.279513963381834 -0.211487511490153
0.147744117613143 -0.0531850865296496 0.35523747305084 -0.0785869656819533
0.186798149967443 0.00539337098338707 0.283990390425897 0.0957179737750207
0.171942240947702 0.118107550303207 0.122522022493431 0.143692870033759
0.0954579257097951 0.210221235948276 -0.0500903746193553 -0.0128148990674519
0.0317822291425692 0.198153500614834 -0.120784805649022 -0.362043668665107
0.0577408963330825 -0.0522262477409017 0.17264131200386 0.35760768573273
-0.0148990198324151 -0.0908110153673063 0.103411411154764 0.0336878376574743
-0.0759301078539769 -0.0496576412048663 -0.122185606016604 -0.147796278045903
-0.0658486817104404 0.0136801691228413 -0.30465002935314 -0.122133818367394
-0.040282755296059 0.011928468755256 -0.397253169021106 0.0899559798321116
-0.034527482099149 0.00438467731860485 -0.317345711653157 0.250416318489726
-0.0392604134253213 0.000688549507155076 -0.171266051570857 0.307094256953845
-0.0328292419690304 -0.0151488490196391 -0.0288914212549056 0.318919007222277
-0.0470835343733998 -0.0197687017843261 0.0711609657610684 0.288878512036719
-0.0451519708866216 -0.039205167664211 0.12029127252827 0.267535929029213
-0.0210153300319704 -0.038334174817633 0.129323751326281 0.241618850396598
-0.0258320208346261 -0.03721573330964 0.168996455995157 0.236032133651482
-0.0150143697516431 -0.0568692913976223 0.212605701365738 0.252422080625944
0.045318487834618 -0.0610685409794384 0.23010132403306 0.283481234943534
0.0829567227965294 -0.0270638065444181 0.318695389453037 0.309447507782633
0.144101118102634 0.0779429295296782 0.11739273540774 0.357404779607025
0.0892538122685804 0.0272760196754785 0.0678141845858026 0.0257186932894917
0.0522041713481076 0.00303647956617668 -0.146430815381309 -0.145034068190822
0.06340281131475 0.00432681697531451 -0.311122143615626 -0.117425381840193
0.0683585627297496 -0.0456965838273024 -0.394371887404662 0.0774103692127882
0.0399604039557519 -0.0860195944051148 -0.318793911024858 0.224920060982864
-0.0054608373265405 -0.104598339995517 -0.180495625182927 0.283318011828194
-0.0116743845348388 -0.117447107576701 -0.0402217524493841 0.293306422393814
-0.0395899609371129 -0.125260117276456 0.0677233566559011 0.257376058066612
-0.0104180109711834 -0.162865840335891 0.129452309644667 0.235266543655957
0.0596034900179507 -0.149511700340619 0.154309414588379 0.222158417294202
0.110675729840632 -0.123999115180468 0.188720166707303 0.229569288763733
0.14872954236308 -0.0645320164143586 0.213421011359459 0.249927696992498
0.1965115204447 0.0198686618096989 0.199033022961708 0.246427705019044
0.224465747468658 0.094781436716351 0.260598444637541 0.24602835730973
0.211739546242058 0.200486933689499 0.0505357337090228 0.29525544205831
0.187698479726369 0.150618134107192 0.0314390803649126 -0.030374132213151
0.187941815989226 0.0608504614950718 -0.171898774364177 -0.172877196560384
0.199732282528087 -0.0113987505813774 -0.319598602339674 -0.119346306902143
0.172753104382831 -0.10595524250894 -0.371929006357114 0.0610734752663165
0.110069383936777 -0.170560713879498 -0.291919225750181 0.178400218994645
0.0278258360597589 -0.197806989092321 -0.170177562227372 0.223123448423891
0.0100767416205138 -0.202302193713833 -0.0483860190129741 0.225390142243225
-0.0286960233928661 -0.208977551812317 0.0611616227637805 0.186192084137823
0.0168054487944433 -0.259982796212656 0.13511454414631 0.16306036574009
0.117504975139848 -0.24221057069413 0.18375637921322 0.164422808838419
0.212774356178842 -0.206338719999248 0.217064976205461 0.202922484214088
0.281674104639334 -0.0847268691386458 0.215545949957973 0.244546780891679
0.32045367833459 0.0805639450987111 0.144649220052142 0.214677352086819
0.334230433723441 0.193627074876751 0.164850342295282 0.154611280760754
0.254966010418495 0.287719218123703 -0.0293540372868385 0.179425971554652
0.274758722742364 0.246319591066492 -0.0155519495513162 -0.117524511846088
0.315997741605286 0.10061428075607 -0.195901578955278 -0.21353198872451
0.320564634441591 -0.0467542453098566 -0.312971236307923 -0.126322347393607
0.252617321016177 -0.168774317201279 -0.323851963649584 0.0296821851661808
0.158481889686188 -0.241191094572439 -0.243585230809097 0.107702413618763
0.0515274678397108 -0.264174355383401 -0.146781517769543 0.130446630894415
0.0295439743539406 -0.255376072385443 -0.0498243443196944 0.127240698839976
-0.00954042560325021 -0.259013740700442 0.0548226860398214 0.0871257766417745
0.047805698050354 -0.313953284057278 0.136009411241008 0.0665134563455349
0.163372213908253 -0.292083620159333 0.205849622671041 0.0845497684058801
0.28400915471857 -0.250098201941914 0.23968350887927 0.162684041965472
0.369157256102771 -0.0857653552746535 0.209459967875869 0.233652106066786
0.392331255301777 0.134628441648774 0.0766276104034087 0.186636750944492
0.386045396406512 0.266847170836333 0.051423521259072 0.0486306561902283
0.266079316513341 0.325370472159639 -0.122926051786682 0.0342302279779772
0.324609797482456 0.293331715239082 -0.0860623314920903 -0.209231913141034
0.397403446124493 0.113110747314932 -0.215588638271834 -0.245763534535496
0.389771955232543 -0.0853953548507457 -0.284017188820025 -0.137161057640038
0.286497183812749 -0.213438957075201 -0.25547183476741 -0.0243661462384023
0.174164827424277 -0.279518291850391 -0.186738796200379 0.0122881128624724
0.0622083025333012 -0.29182495110506 -0.118598188707147 0.0159950782810753
0.0451035731956711 -0.269814878558699 -0.0441766171494282 0.0140254332974196
0.0178907895611422 -0.269678819604325 0.0546617210209054 -0.0239649228265811
0.0882095843585061 -0.317670350329686 0.141072834565528 -0.0364995581415698
0.205081735975261 -0.284880519411005 0.225886436087604 0.0025010965402871
0.326344861841316 -0.233104989657376 0.251328920997317 0.121294927729453
0.400936318634062 -0.0472928997846931 0.189223434781039 0.215695280898525
0.396904804080075 0.189159922840342 0.00749978372846139 0.151503381614226
0.367733923669435 0.311960422021406 -0.0550843657102121 -0.0646843870708079
0.233071301753749 0.304833423441135 -0.219247966992083 -0.111446213298258
0.313265857652892 0.283274481569468 -0.171352050376377 -0.279789256872028
0.398780872189493 0.100971555462876 -0.227354746184272 -0.258477487477809
0.377359432226347 -0.106959267890875 -0.238921439890261 -0.14832803662495
0.265276471807219 -0.216364508885331 -0.181593227698149 -0.0935507987009771
0.15794715573958 -0.268943090447701 -0.136288241387425 -0.0931595926606495
0.0612207191061837 -0.272957624940671 -0.0936424573709485 -0.101259350074871
0.05403065623137 -0.243334457695242 -0.0308354220294833 -0.0980701503780446
0.0450869076709235 -0.242322415407672 0.0686589247295268 -0.131341462613813
0.123373140394209 -0.272711146835346 0.162761022811208 -0.129072241996524
0.22681837732449 -0.228478906576749 0.255639004755125 -0.0624487712180538
0.330931852876497 -0.160979466758694 0.259547000599544 0.08907788847584
0.374451660448391 0.0220108249147058 0.161539219131857 0.189631471830647
0.337364706585865 0.235723318069988 -0.0452260678603696 0.0999434914986559
0.288861345990859 0.321454231661751 -0.13063431982368 -0.17889845409471
0.155090844818438 0.234210804415094 -0.302047278696486 -0.229762935706759
0.236721242480679 0.226274563996725 -0.24824816840695 -0.313369774049583
0.312614088907121 0.0746934001017376 -0.227866163024938 -0.255720012579135
0.286945821332456 -0.0965262891542414 -0.194062581067696 -0.164092357194643
0.195475556130075 -0.168455680347694 -0.126129565797612 -0.162919620213435
0.118926569267055 -0.203505860776494 -0.104282187586429 -0.186097811062771
0.0536327239846403 -0.206429468832445 -0.076720576915865 -0.19915525684069
0.0549755830317349 -0.179767754690251 -0.0118380110028127 -0.19229776687898
0.061059577729811 -0.180600695728723 0.0967524666903966 -0.220766888128523
0.132127966738171 -0.192262441630714 0.206148384942024 -0.197202149002739
0.208278997555666 -0.144426183748378 0.298138109363226 -0.0988780639354521
0.281646337538078 -0.0731920163423476 0.271368155789856 0.0732395883673845
0.292161220444337 0.0837921406491 0.139406653005907 0.15921007154952
0.23096899143537 0.246432516698207 -0.0649560469693461 0.040029198384749
0.172207883417503 0.282418760568693 -0.163020972317491 -0.278364040530615
0.0380693012025113 0.133041313582851 -0.349358401778906 -0.302385506662089
0.108166673673219 0.146218217072582 -0.294236634164238 -0.309904191458848
0.165268108073862 0.0523515080493203 -0.219425867438414 -0.249471844164334
0.146866408249252 -0.0499359452780889 -0.168492840125812 -0.182695797335136
0.101603336968868 -0.0760011304814229 -0.10599329661765 -0.211888208485914
0.0723875354096386 -0.098246648018459 -0.097452660033502 -0.241557223377824
0.0443225131969159 -0.10508903606549 -0.0671320539954703 -0.260326010750649
0.0461260418923066 -0.0901652756274339 0.00890592799865076 -0.256051910491513
0.0553263806325197 -0.093161785443073 0.132461393332121 -0.27862786129634
0.100186808932531 -0.096015826901716 0.255360485038775 -0.232601275024991
0.139458152262849 -0.0655525691161811 0.3440639765264 -0.109184858911072
0.183340785309288 -0.0110549081404246 0.287582118673574 0.0710268995610727
0.180104864090157 0.101401217293569 0.133326037104866 0.130538859235878
0.111026759301829 0.198632469833203 -0.0493288850321955 -0.00772743222686095
0.0475870234472923 0.191026789567327 -0.151737199776079 -0.344330762680076
0.0516783818334102 -0.0522169055848031 0.190420336326589 0.330542277443388
-0.0205332717997188 -0.086398698348913 0.10220260634558 0.0258358887591979
-0.0761937654728141 -0.043757312445559 -0.127078516274214 -0.135704700465661
-0.061815860529628 0.0181442214283876 -0.302732417138742 -0.100584982823254
-0.0387928729385646 0.0148506010198523 -0.375664822872022 0.111505181543893
-0.03361136636472 0.0062374125250531 -0.288432412901675 0.263943608896836
-0.0374350660332192 0.00342244821030711 -0.144260320071138 0.3082304835923
-0.0337125729486298 -0.0126136361023321 -0.00395031460327443 0.30891734796272
-0.0477336847076248 -0.0164080892704652 0.090483923382496 0.273236746614452
-0.0461390539963708 -0.0351340450377209 0.134979628422801 0.251814655199204
-0.0220284227302032 -0.0359048035868573 0.140792625500715 0.226799145880404
-0.0269995581977789 -0.0331182996951393 0.177154661092327 0.216111721516447
-0.0180896885971229 -0.0533106940439534 0.218209713360035 0.228171388116462
0.0406331574754718 -0.0622835730680775 0.238400048735745 0.260587166753802
0.0777732894497633 -0.0291504459838253 0.329862942957418 0.281209606689405
0.143571295383437 0.0667130201742036 0.138074247262828 0.3344249843856
0.0875518082704294 0.0204474893687369 0.0677511899782918 0.0198225950704616
0.0500855956186073 -0.00198431521785545 -0.149401699515015 -0.132086650067009
0.06145911180656 -5.49022730727882E-06 -0.30747850830051 -0.0957229275816366
0.0607733248594905 -0.0482370357706657 -0.373449880729036 0.0995718202736029
0.0317366230607579 -0.0859972093539305 -0.291326645584704 0.238312537613967
-0.012640206157191 -0.10078882706317 -0.154427722149555 0.286186146955841
-0.0202756697427245 -0.113163129363516 -0.0179459868652173 0.284639576241974
-0.0471761075069123 -0.11900564994676 0.0846086936612629 0.242794210548816
-0.0221261892445882 -0.157185349564476 0.141326265482011 0.219510494728709
0.0483143671451165 -0.149107235419954 0.16458866501823 0.205749350343349
0.0994328347592456 -0.126470539972849 0.195395685742762 0.209241425561755
0.138981688193859 -0.0709357166352866 0.218660105983659 0.224892426497557
0.19252493318092 0.00685112825750649 0.205672955780551 0.225615879625791
0.221527225577969 0.0786566351382886 0.270534224932839 0.222586264106818
0.216610700316129 0.178181846977152 0.0690868064678169 0.27904233663685
0.190790691770064 0.132394664033415 0.0300376902955706 -0.0319068954961495
0.183720235795252 0.044805485734295 -0.176367443066211 -0.157203134750734
0.191144044833689 -0.0245084740664777 -0.314915237492719 -0.0968704325040362
0.157947472857978 -0.113288735946608 -0.352265433935673 0.082557947636325
0.0929532007657347 -0.172816881345129 -0.268815307872231 0.190990088147934
0.0131039853547159 -0.193348134634382 -0.148466634776764 0.226716238776892
-0.00522534714588048 -0.197487318402504 -0.0310002612606974 0.219731392653984
-0.0417656190975415 -0.199825512573067 0.0734415097502132 0.17365724177022
-0.00298277258847167 -0.253245377178421 0.1427379219232 0.148985455432033
0.0978263343147335 -0.242422810540853 0.189927544034699 0.147079042076248
0.191988963153013 -0.2139824321722 0.221262263738813 0.182208822754831
0.266667894557549 -0.0991574241526698 0.221421809932779 0.217921431552598
0.316113736784823 0.0570587303129616 0.15248682003714 0.198313213061738
0.333144666636581 0.166299363908635 0.172332792179537 0.140383918873698
0.264809192809127 0.25970846318984 -0.0154467103778232 0.172707893226284
0.280243316533648 0.219397468756129 -0.0204067762034802 -0.112982803635293
0.30818317619854 0.0749624704399643 -0.201751581342441 -0.194900371280797
0.305787327183056 -0.0651047556672624 -0.308139344727162 -0.104303726522326
0.230544523949613 -0.178391458008312 -0.308295327175165 0.0498289880876012
0.134929673539469 -0.244340088632951 -0.227346981800006 0.1191437574792
0.0309245281364212 -0.258860529827333 -0.131617187736221 0.135160952104114
0.0106425662646478 -0.250421847403559 -0.0390233130489087 0.12583597712742
-0.0264656482749803 -0.249089703093621 0.0603069495605945 0.078947598596881
0.0233378649806878 -0.307031367536859 0.137371536468284 0.0558839368971725
0.138443452886463 -0.29365626904109 0.20665445202061 0.0682019477189786
0.25699567708094 -0.261329230389338 0.240590313310901 0.142167315271489
0.350450492610995 -0.106109449175464 0.216095412883465 0.207314496382275
0.387932994643378 0.103899360274545 0.086419257533969 0.175651250701204
0.387015816403662 0.232624453755019 0.0545587794940368 0.0468160385264791
0.276923519762512 0.293664532179468 -0.114609740129888 0.0389480191869243
0.331286956539985 0.261272570045873 -0.0938098385081771 -0.197359278058254
0.387334571395793 0.0819776891039516 -0.222246406029419 -0.224287224956792
0.369207347630086 -0.107135346694802 -0.281249421017887 -0.115919740987911
0.260806209341974 -0.224914375514222 -0.246057669708101 -0.00629675727252753
0.147585417852949 -0.282462860904568 -0.178768604162533 0.0226825606784586
0.0394848201386443 -0.286460386798623 -0.112753371925816 0.0229104822852081
0.0241207993059791 -0.264718693472398 -0.0413853293201938 0.0169505710051554
-0.000518173580754851 -0.261399520405206 0.0522899316773553 -0.0280553601470903
0.0615946930303328 -0.312658272167416 0.135447555692583 -0.0439172521891576
0.178822613703037 -0.289942424283316 0.220809313608734 -0.01271278981429
0.298214727579462 -0.248019548220565 0.249412583820602 0.102192908653622
0.384168668004342 -0.0720023040931069 0.195425212457649 0.192275175334435
0.396634613496792 0.158517873178582 0.0176801579760693 0.145076555458471
0.372174342210004 0.276671528531994 -0.0558423136770927 -0.0555200412564316
0.244268423050776 0.275897710820328 -0.21826499505554 -0.0945845486001402
0.320106707497749 0.253074615653039 -0.181554923718593 -0.259276916476657
0.387258111040274 0.0702717784310207 -0.234419101723435 -0.236369889573276
0.355866346600002 -0.128022585962746 -0.237722289539218 -0.129231607706587
0.239938348652761 -0.227222064608649 -0.180171499092091 -0.0785144652730344
0.132455058747192 -0.271055405549979 -0.138016077590573 -0.0839152935783045
0.0395422590652892 -0.267304549779866 -0.097964581168082 -0.0919212370697799
0.0354133765099132 -0.240019159045296 -0.0367426087996802 -0.0919224930883327
0.0277402463116504 -0.236698534565048 0.0574291556009712 -0.132661245134923
0.0982327660177628 -0.271988653630265 0.14956047177763 -0.135171976797167
0.20290335563867 -0.236421481224105 0.244555483227932 -0.0772715400595702
0.306479543115201 -0.179636702877599 0.255470240542603 0.0711831305809747
0.362107626561098 -0.00414875705246802 0.168051263695446 0.169590719584647
0.340172930675721 0.206577540115422 -0.0361567398966784 0.0985094513048561
0.297717249403491 0.290441644918175 -0.137516185635031 -0.160507735759866
0.164580053283075 0.213029028852363 -0.306733286226494 -0.202820912327341
0.242690429726473 0.20286545170212 -0.258349163089588 -0.286048869056407
0.303909244147147 0.0513222590341259 -0.234290082307751 -0.233468741992432
0.268929886562495 -0.111357220637888 -0.195336522691732 -0.145980322404018
0.17604270871059 -0.176123181839631 -0.131699637146263 -0.149286847348053
0.0996971336907319 -0.205712272863866 -0.114103835418905 -0.175878535589987
0.0368656801014051 -0.203293429462668 -0.0885585613119653 -0.188258411646428
0.0414166835584517 -0.17902302211722 -0.0258777305877151 -0.184404389387324
0.0470707095901707 -0.177464162170481 0.0785837307086857 -0.220276995643214
0.113374878591241 -0.194796909403171 0.185319615219838 -0.203167631530811
0.190081849609241 -0.153427448521709 0.282795613951756 -0.115674601296651
0.265373807143034 -0.0901155888367686 0.265789893217495 0.0550557594619703
0.286626652779888 0.0608502549644911 0.145285539970106 0.143081747699517
0.237846872897154 0.223291294154286 -0.0589292129254123 0.0424756280061915
0.183186140974445 0.259811666417908 -0.175569125508548 -0.254767161424165
0.0454648466409951 0.123650140553794 -0.3580789192096 -0.269241648617528
0.113080528880533 0.132562151881312 -0.303533235922352 -0.279456544075919
0.161515747610304 0.0397472444301076 -0.225678463922 -0.227245993295814
0.136287567535093 -0.0570350098918075 -0.172333707603727 -0.165402324006425
0.0922605444430248 -0.0810850553203551 -0.116583901846239 -0.198408635006616
0.0617107069108583 -0.099645931820283 -0.111816955240406 -0.229691721952329
0.0349984707810129 -0.104601114756453 -0.0848269555889693 -0.247655092870367
0.0396135140403785 -0.090526235963427 -0.0102570471519494 -0.246965838041481
0.0480073773222219 -0.0930568491990137 0.10752464215986 -0.27796216514262
0.0891573929598958 -0.0991357906820914 0.2312114393768 -0.24091927792614
0.129709813339394 -0.071395545239263 0.325670851452987 -0.128376805425058
0.175381364031003 -0.0232073181011539 0.281423622900524 0.0511472782231692
0.180162122680308 0.0853317287780192 0.137621852509907 0.116990898310983
0.119029918639184 0.184301202390484 -0.0472919501292663 -0.00488520662649549
0.056655238133037 0.179743162814981 -0.169467617144604 -0.319233527438457
0.0539210339548614 -0.051836354906073 0.175718346718865 0.319653224058136
-0.0183276295411697 -0.0855529739766899 0.0963365720487961 0.0273803246646867
-0.0741906787321002 -0.0436691710945974 -0.119867769397401 -0.130525856927352
-0.0585192531019446 0.0192764632333331 -0.29169091925709 -0.100368657001419
-0.0342539552027168 0.0175523882536176 -0.35862836236532 0.104293782990194
-0.0303872830867835 0.00747348836911733 -0.276676618020461 0.25192394505333
-0.0371695278407912 0.00514356331269422 -0.139322726226724 0.299208353368088
-0.0336226042260994 -0.0122584306931359 -0.00181279229064963 0.29745243123176
-0.0462631569340227 -0.0141968422014157 0.0894421111870325 0.262974497265206
-0.044032283275982 -0.0338504333344568 0.132981513750157 0.243363269514884
-0.0188533998899717 -0.0348061145064931 0.135139222166467 0.219234041503928
-0.0209587106125056 -0.0288679298460297 0.166673446301571 0.207647895719514
-0.0135577531582844 -0.046992844072362 0.203108550646813 0.219866297938135
0.0434833448085615 -0.0559073407249581 0.223636355471443 0.25745399536523
0.0795594839616099 -0.0268944549991 0.312538414061448 0.281060876096597
0.141518166547547 0.0683328339234095 0.131733802538535 0.319989107727177
0.0841133351387093 0.0220813938728197 0.0667306748979758 0.016907106216719
0.0466829535403497 0.000589849539104683 -0.139422784129348 -0.132808734314231
0.0595261999624498 0.00438533629595868 -0.2933141611034 -0.100252800574985
0.0627159030296933 -0.0416297683214361 -0.357209070807142 0.0873448664952864
0.0330219965149182 -0.0817148946975976 -0.280715222809121 0.223344671207144
-0.0120499242673991 -0.0960701517450033 -0.150698653625592 0.27483453211717
-0.0190789118636238 -0.112215086677239 -0.014148906969096 0.272434863652773
-0.0451095045446109 -0.114794884117182 0.085961280497382 0.232406126064039
-0.0207810446912924 -0.1542044110072 0.141692266925088 0.210981923340659
0.0509810631699484 -0.146955618623934 0.163852152383757 0.199172599810896
0.101327308454739 -0.118834878395606 0.191026177901672 0.201950109461934
0.140472998537087 -0.0629809346300483 0.207553297316479 0.218614416561719
0.190453600474991 0.0115074750513086 0.192528313511576 0.226255411800514
0.219212800568728 0.0762712785852176 0.254674569073791 0.228839298099453
0.209166698303459 0.180875049436957 0.0715953115757861 0.262710252251799
0.181115445009662 0.135409542982314 0.0343899072434388 -0.0371051757146126
0.174480332616195 0.0499917653950426 -0.162075774271859 -0.163022777650137
0.184241354871403 -0.0168512072551816 -0.297067486906314 -0.106787323555907
0.156301011416101 -0.102116224899938 -0.335976123002178 0.0663671549591378
0.0936126291713332 -0.165636466065237 -0.260413348493953 0.175270947208058
0.0138134838644638 -0.186031809285165 -0.145982223192006 0.214572653463733
-0.00298023711028984 -0.195825481419433 -0.0279253822983689 0.20974631099729
-0.0395874131944444 -0.195165846463911 0.0755500162429844 0.165445970529791
-0.00308357616919509 -0.249030119478403 0.144934210620393 0.141031429457081
0.0997084739787504 -0.239917441488438 0.193429615613237 0.142731384091156
0.191075779157318 -0.204325916058076 0.223871339327985 0.176225825371178
0.264576184063135 -0.0899374353044581 0.214800343713905 0.215073385976776
0.309460206433247 0.0613030998668223 0.142255394627951 0.202815630206183
0.325665581128662 0.15992276227425 0.161417192520198 0.151992774117378
0.253131733051956 0.263148623416176 -0.00374124290424215 0.157489928680383
0.265669923608229 0.224092711122088 -0.0107371358847707 -0.119299756647751
0.295181134065421 0.0842635692942106 -0.184569511829516 -0.20450895808776
0.29385561827099 -0.0527268678729097 -0.28898723732851 -0.118919682995133
0.227037127527979 -0.164168583650803 -0.294510700971599 0.0306648818505113
0.133174101240599 -0.234474938506773 -0.22204927170118 0.103895532565345
0.0326900756156001 -0.250635138891954 -0.131576635672456 0.123796303594818
0.0130974377680863 -0.248465098500803 -0.0365737060098316 0.119203095774803
-0.0234610607098453 -0.244044429713504 0.062209579633016 0.0730550699075215
0.0222183661075011 -0.302685317722106 0.140282466959455 0.0508687589987415
0.139862069497337 -0.290544990458992 0.211709486430775 0.0674106702100506
0.253284078585226 -0.252171915168605 0.24652064381444 0.139308671957159
0.346053558050322 -0.0971008985454444 0.210877034163625 0.207265173098269
0.379305056292523 0.106754784697637 0.0789213562566473 0.181208393316467
0.377113297629824 0.223213121287657 0.0487555111915936 0.0607335342168411
0.262685882593456 0.297980427024503 -0.0959580163130592 0.0257571825495741
0.313997276510493 0.267537041949377 -0.078959611271316 -0.203809352170177
0.370556982821218 0.0944119994732209 -0.203240642975082 -0.236839575080852
0.355335555387015 -0.0923141406451483 -0.261418752527003 -0.132395527682667
0.256903127778553 -0.208081561692837 -0.235726152321046 -0.02439540565692
0.146048005687218 -0.27067470296642 -0.176998925937194 0.0108423554022232
0.0406914670045075 -0.277498641917198 -0.113848536542767 0.0146105923767042
0.0277043698907648 -0.263307627489421 -0.0394497004785919 0.0135249913902912
0.00198691043830757 -0.256876110817617 0.0543355835311857 -0.030172718295908
0.0598461706175734 -0.308565090293811 0.138092243984832 -0.0451704973372012
0.178441411136693 -0.287631322659253 0.226132336635582 -0.0099990385707069
0.292703183199713 -0.239301008712665 0.256608792334842 0.102266054626107
0.378491759162933 -0.0642049185063842 0.192060615321561 0.192771732471802
0.386185203747553 0.158469238578151 0.0116154884583744 0.151108941535945
0.360233384768578 0.264894496210092 -0.0560651413890234 -0.0396362135351263
0.230370886020006 0.280808483865482 -0.194564912964139 -0.104549622425816
0.302407102248649 0.258549417302744 -0.163387191114512 -0.265308888707744
0.371169342946813 0.0839773009003068 -0.214278402683929 -0.247753347488617
0.342503529098583 -0.112223052980655 -0.219767851736445 -0.144045596468659
0.235684880197463 -0.211192872428523 -0.173226252591977 -0.0917645686334696
0.130896401775077 -0.259699109645351 -0.137339692606403 -0.0906091816633109
0.0411064336134092 -0.259863451937192 -0.100061249983324 -0.0958325195525517
0.0391465873938861 -0.238511458239899 -0.0356065893907722 -0.0908757842910803
0.0299945419391942 -0.233560615689585 0.0585645185935365 -0.130758418024555
0.0961242501087574 -0.269944663486063 0.150270822761344 -0.132406170632315
0.202226679000239 -0.234772882088367 0.247067196879351 -0.0715377122033261
0.29955748386227 -0.173737785867715 0.261410049944493 0.0747328801593676
0.354271902330694 0.000870744801671864 0.164873671301004 0.172498270510478
0.330438141656285 0.204029145245902 -0.0402398363887137 0.104326256611922
0.287763659098868 0.278440722924321 -0.133244510427034 -0.144558702623418
0.153977014188519 0.217132695723543 -0.28250376189193 -0.208825395806669
0.229062541220113 0.208201807701408 -0.23885661765483 -0.288842494041906
0.291021673336543 0.063034045372719 -0.216173410512877 -0.241343840821316
0.258445136245032 -0.0983770262688862 -0.181176815736159 -0.155662242261344
0.17229324667837 -0.163995601303462 -0.12661527396099 -0.155127532445076
0.0972107591433816 -0.197210488760803 -0.112912511025852 -0.176965125316463
0.0377447055113019 -0.198022956789623 -0.0907903299861575 -0.187306906571379
0.0443274762417054 -0.177786684889316 -0.0257415986156572 -0.179223371688938
0.048547754850083 -0.175438533480832 0.0769351321888143 -0.214519259080543
0.110414551451111 -0.193848466925946 0.182919298532269 -0.197444865991802
0.189000428685135 -0.153363239567885 0.281178795293638 -0.10773532532657
0.259785294046429 -0.0873151651689562 0.267601039066813 0.0621002150067117
0.280483022916826 0.0641340069250989 0.140260379633281 0.14679232917693
0.23002144834027 0.219019052823423 -0.0622831812610626 0.0472464372734065
0.175439677828917 0.248780391729031 -0.167970716315424 -0.238998695398204
0.0390344213318485 0.126179646440845 -0.33748721000564 -0.269772930284229
0.106068659667096 0.136522919406875 -0.284163931072057 -0.278782836893631
0.153381353473339 0.0469423999234093 -0.208860639018739 -0.229324230462897
0.130204151998627 -0.0494732076497514 -0.160456024632762 -0.167416807558936
0.0887294863518878 -0.0748175746849872 -0.1110415653598 -0.196555467635793
0.0589983927592384 -0.0941865996095525 -0.108630919371937 -0.225348046021657
0.035111457132878 -0.1023355405616 -0.0859378844425304 -0.242514795669045
0.0414697412052924 -0.0901246290656208 -0.0113297106498116 -0.238174886168498
0.0491487515026498 -0.0923155207463565 0.10343137891966 -0.269289698600403
0.0880704229695476 -0.099964026950463 0.224237040592057 -0.233816193783244
0.129031064029372 -0.0715305284391771 0.318009942985296 -0.119719875056983
0.172929994580611 -0.0230528667778821 0.277726783698923 0.0586161453251754
0.175435874314153 0.0859173438190931 0.131038926102104 0.120772761047433
0.113479806862155 0.17993302492199 -0.0499441452797597 -0.00118369466772094
0.052448699501027 0.171062633666712 -0.159058565215238 -0.304805412404318
0.0519266395408154 -0.050703158250129 0.179594594017033 0.30971485561574
-0.0191994344999876 -0.0832278904307166 0.0970237569975442 0.0246501352477146
-0.0745127087786763 -0.0416887782398449 -0.120929432889423 -0.127648505394549
-0.0562015438515258 0.0203149047680397 -0.291023602230674 -0.0956356523719391
-0.0332233316282281 0.0189008091230721 -0.350729850105798 0.10851071592036
-0.0297262192999967 0.00871214941387817 -0.266871840729838 0.255640214530589
-0.0360396393379562 0.00592114487824273 -0.130976244146026 0.300177526179975
-0.0340611144529447 -0.0113490046764891 0.00744207486874629 0.29329466872979
-0.0466090375666232 -0.0126300768190105 0.0960499546040084 0.257828897463669
-0.0447575337684869 -0.0325006326006847 0.137870163736525 0.239122298469039
-0.018321486809092 -0.0347596112923548 0.137524975380093 0.215918454951305
-0.0202183893381576 -0.0272895734570504 0.167074181540536 0.202174136297386
-0.0142035023603433 -0.0452136390161707 0.201042399581581 0.21291902508249
0.0428032866246267 -0.0565238339635099 0.223608230049192 0.252223556356478
0.0791146864038667 -0.0261184887262184 0.317190467593394 0.27335436424019
0.140564445943652 0.0652924095423615 0.137076246969037 0.311446939973169
0.0843116790643159 0.0212797500106683 0.0676179022271223 0.0151005650498235
0.0447930171120785 -0.00121180610547266 -0.14024844455225 -0.129983455399689
0.0598219967455292 0.00268634582804842 -0.292342542129213 -0.0961200737435514
0.0609676670547794 -0.0417738899582943 -0.349572749170029 0.0921704199183943
0.0302054359415885 -0.0815436686744595 -0.27157447863867 0.227545263940759
-0.0140668482284572 -0.0953670219442289 -0.141413999174431 0.275818813193326
-0.0220291946078888 -0.111999874568769 -0.00690250599365067 0.270035860268599
-0.0472221729426048 -0.113031385502035 0.0916139842566721 0.227864069253869
-0.025184190859424 -0.152680009638204 0.146228663985428 0.206675503454945
0.0484627913042445 -0.14750611330382 0.166403233624924 0.194481585426957
0.0989384661102546 -0.119947883860259 0.191925537070034 0.197066676998509
0.137805507324184 -0.0646304239437107 0.206193515606729 0.211267325534155
0.189879395848427 0.00774231585838028 0.192961394082613 0.221316346366505
0.218122378344237 0.0731098207291635 0.258952520437822 0.222845401559451
0.209951667335617 0.174229959747063 0.0766949779906328 0.255887106107232
0.182283867150318 0.131016579757908 0.0351973247359123 -0.0375480587877392
0.171269107935631 0.0452237255049354 -0.162598109451017 -0.158924958645692
0.182093527155349 -0.0205118640703245 -0.295728803532641 -0.102118490280641
0.151982861996483 -0.104092094007663 -0.328897323211425 0.0711552659567231
0.0877977410197053 -0.16581724664726 -0.253913355739593 0.178580341345967
0.00939108909192501 -0.184896402105924 -0.138689378481703 0.21515795949948
-0.00888793945464418 -0.195265912271044 -0.0213457879826582 0.207715790339208
-0.0430159906740434 -0.19260817873999 0.0798809044879727 0.160769379446746
-0.00962998530828655 -0.246625111435937 0.147834091140782 0.137451315815755
0.094165748667822 -0.240339044230668 0.194584126360792 0.137633723202317
0.18495752033246 -0.206826448484119 0.222514996899895 0.171427487173055
0.260683039470614 -0.0937894952528144 0.21255335240878 0.206827081763263
0.308881826269769 0.0550818831123733 0.143173132488223 0.19776061517239
0.324468090772821 0.153080470532524 0.164531842457879 0.149117166157188
0.253806615535748 0.252991615819782 -6.78214730136743E-05 0.153407394307249
0.267667916503945 0.217184112754675 -0.0108524499666881 -0.118025525480893
0.289992609304431 0.0769624496170301 -0.18510760242613 -0.199606225109054
0.289372767422626 -0.0594560513099441 -0.286406904724463 -0.114134182305824
0.220536723801149 -0.166639865409354 -0.288774628217984 0.0360092630256681
0.125395709428302 -0.235063849315909 -0.21787351743912 0.106572093638822
0.0256207549115317 -0.249607676388093 -0.126795333293822 0.125087215826615
0.00669822076080531 -0.247486926783245 -0.0321106610758273 0.118504719243733
-0.0282180746471156 -0.241249175183817 0.0642163387613888 0.0697308265523284
0.0139101346401213 -0.300225719943204 0.141832099384179 0.0478700994264051
0.131999109888694 -0.291959704016737 0.212409680248257 0.0615841733696147
0.244709126765054 -0.25635233727911 0.245200121507728 0.134489859016656
0.341150681536637 -0.102568399151074 0.209650458030034 0.198148741261491
0.378294487474857 0.0990596857533883 0.0801982341159216 0.176858821615073
0.375261005466958 0.213802169069878 0.051581068227519 0.0612346385830601
0.264440466782292 0.286668473306826 -0.093219288585177 0.0253929060082164
0.315452532740286 0.258730046304737 -0.0800459153998218 -0.199107999065653
0.365513823344865 0.0854880252193653 -0.203443734138413 -0.230552444875867
0.348937079883387 -0.0984543978294476 -0.258741365972054 -0.127446931438071
0.249365196669856 -0.210909178783235 -0.231045100640357 -0.0191016385756457
0.136486217968051 -0.271868487384 -0.175288690741746 0.0130866536346555
0.0335117872309885 -0.27599760298227 -0.113834323989542 0.0155792683570728
0.0208088838816518 -0.262814991553853 -0.0385985879139899 0.0149034314377979
-0.00274510208498666 -0.254915077182034 0.0534277512818711 -0.0323984044286159
0.0505040054300758 -0.307303225976568 0.136187484618088 -0.0476692615298054
0.170629182639707 -0.289627096969547 0.224646658867519 -0.0154982696315576
0.28287500842156 -0.244137561102742 0.255276199258672 0.0981890713254716
0.372421964271968 -0.0709315352838194 0.191416013996681 0.184437401750555
0.38569771847036 0.148880249624237 0.0144569961278485 0.148536429854166
0.359874479462431 0.255394328394137 -0.0553766907186555 -0.0361024352597992
0.231528730421102 0.269816333258302 -0.193856208679292 -0.10152101386101
0.30506780259416 0.250074390766289 -0.164653945369937 -0.257949695711669
0.365571233790373 0.0755886475023115 -0.215764194161798 -0.240879514992804
0.335502332227991 -0.118353721551887 -0.218408843237438 -0.139822702505502
0.228596968111708 -0.215069450766535 -0.170955546511612 -0.0871236054161211
0.121644067438159 -0.260737386952727 -0.139030026240277 -0.0877192346798956
0.0340116716815504 -0.258865526067651 -0.103262634914955 -0.0936916587868409
0.032043756609304 -0.238531953965804 -0.0375993299698493 -0.0884135657812647
0.0251227881173976 -0.231036837515062 0.0550954629664098 -0.131601288101304
0.0864861286048657 -0.269490087551547 0.146623074137599 -0.133759342785244
0.194213249614118 -0.237735967441415 0.244764100786306 -0.0762718836000486
0.291006595450563 -0.179465378252177 0.260656047799674 0.0713872462584741
0.350554730767032 -0.00545532785940708 0.164729916834533 0.165324725924193
0.332203610575655 0.196056279954851 -0.0374050090390907 0.103336641168137
0.288542412842802 0.268746759119488 -0.134344883632759 -0.137218898757276
0.155254486084503 0.208895673238985 -0.282540042558435 -0.202039787594848
0.231166350700644 0.201042282557363 -0.240736340639156 -0.280565398259274
0.286859737276819 0.0562596505134211 -0.216812049871566 -0.234694440379785
0.252395798688798 -0.102883107457308 -0.178982243925906 -0.151598998110932
0.166515198733405 -0.166777947936196 -0.126605525229404 -0.151250565634863
0.0899162226681027 -0.197517065368845 -0.118244157783831 -0.173845759577412
0.0320130521450371 -0.197062634629478 -0.0964894004565216 -0.184278737972344
0.0393164363285844 -0.178271090445193 -0.0298233535215876 -0.176280769984448
0.0450884971853293 -0.175087313849445 0.0706901301258246 -0.21412302525584
0.103822896562417 -0.194855594614485 0.176605848693289 -0.198667248018501
0.183202287495856 -0.156148795183402 0.276589105331053 -0.113070465626402
0.253619901544996 -0.0924728552694716 0.266202608011125 0.0581606727139248
0.278326023040984 0.0571535388926879 0.140363937285118 0.141273001800321
0.232646224691081 0.212240695902378 -0.0602924936653636 0.0469734202143668
0.176976566469071 0.240992622825376 -0.171268119443285 -0.230515576113094
0.0408228310927507 0.121480547000748 -0.339656040085591 -0.260235153212244
0.106913491147564 0.13230899153917 -0.285053623926304 -0.269681250489782
0.150897228779525 0.0432923873018008 -0.208942669689045 -0.223086731808707
0.126471455098284 -0.0519136724655585 -0.158628137962096 -0.162983935282522
0.0852302423749551 -0.0759335135086118 -0.112957801112897 -0.19212224301745
0.0554024107772906 -0.0944179531001134 -0.114727411827987 -0.222423818707845
0.0320853410690496 -0.101879070632296 -0.0938115817596701 -0.238684604294224
0.0393319958359845 -0.0911569867758915 -0.0177259766306311 -0.23493249720174
0.0479688634090544 -0.092655862373798 0.0949687397366765 -0.268700809269245
0.0839511795441754 -0.100733320185163 0.216079634044115 -0.235225755896744
0.125305552589461 -0.0739596066008274 0.312521547530271 -0.125657351487878
0.169142054422306 -0.026314155229781 0.276093297075245 0.054063738343786
0.1739687227561 0.0810969614731546 0.13198405247889 0.11695810042753
0.115601000776055 0.175111755700294 -0.0495308258127745 -0.000255158311581949
0.054563612169216 0.166369907093929 -0.164943080772545 -0.295751897280085
0.051636126125839 -0.0502174921600022 0.189079025987739 0.308636804987115
-0.0208638881487003 -0.0831458553570301 0.100256842955685 0.022315526657681
-0.0768378661035099 -0.040243954407071 -0.126053411813579 -0.12930925189612
-0.0556738933312837 0.0217237766787788 -0.299289320921154 -0.0920269756031358
-0.032450714276548 0.0204130746204005 -0.353389787123945 0.116017638365145
-0.029581041770892 0.00987271798454053 -0.262543564956931 0.265945286156053
-0.0361184004257246 0.00656953283273883 -0.12252318775937 0.308771394796026
-0.0350942852507149 -0.0108963107835831 0.0164206917585387 0.296914749736653
-0.0475103326874815 -0.0115284552802042 0.10538805911009 0.25894725518467
-0.0467460166421958 -0.0314166618339314 0.146533215599768 0.240681455357994
-0.0185799310415126 -0.0350238801135208 0.144514616164473 0.217498542412239
-0.0197510169601541 -0.0266586520808376 0.172520111398008 0.202170381475265
-0.0142307116142296 -0.0452012833618462 0.204909785683173 0.211843964071353
0.0430019240038007 -0.0583841869980362 0.230176361300878 0.252698636905611
0.0808363836618728 -0.0261386004386458 0.330580927487798 0.270947798996397
0.143565204132137 0.0638658801843904 0.146528221473255 0.310409980600296
0.0868905695815256 0.0202646679432187 0.0703577426956487 0.0138650675435923
0.0441490808715919 -0.00270105227581153 -0.144922959858917 -0.130364946943642
0.0611335884978998 0.000786554004656119 -0.299537900880784 -0.0931147704542454
0.0613324541286644 -0.0433422513237784 -0.351493026637943 0.0997529883347053
0.0286792069362136 -0.0834334918256261 -0.268529842663774 0.237077088702732
-0.0168501898427414 -0.0969347697766151 -0.134821651521991 0.283245084787907
-0.0265863531836377 -0.113795721780087 0.00114384847357452 0.272998377037575
-0.0507097984911628 -0.11365802112759 0.0999094657375888 0.227592521271898
-0.0303174947732977 -0.154337387114623 0.155329502820334 0.207555287076283
0.0461369854630677 -0.152231862050839 0.173828146733728 0.194763940699253
0.0985429063267549 -0.12442251848449 0.197173373832335 0.196608357993699
0.139395910221202 -0.0676338055189609 0.209203618487763 0.208650483171394
0.193741669258476 0.00395303748258445 0.19942453599549 0.221073914116244
0.222995242063648 0.0707802755625987 0.27097020755556 0.221639539415178
0.215151292733227 0.171369856049475 0.0843896188203965 0.255011095539768
0.188757016153984 0.129623788571946 0.0365127450138371 -0.03883518715045
0.172053835527308 0.0416138773496852 -0.168244199649394 -0.158787686695019
0.184476118059656 -0.026334797656447 -0.301562660555259 -0.0994760332820402
0.151855810573417 -0.109103556472229 -0.330345823296568 0.0783651575121058
0.0834459301232424 -0.171417168224805 -0.25214409209832 0.18745040064342
0.00364151353928392 -0.189190067450828 -0.134230750455003 0.220854418665201
-0.0154365293740036 -0.199521295196756 -0.0154577129998721 0.21108976300456
-0.0481163798380688 -0.194752067017879 0.086252171265129 0.159545170107076
-0.0175928095950381 -0.250739353176672 0.155276534526739 0.136954745862591
0.0897205310615863 -0.247955366557506 0.201797702729223 0.135891504714193
0.183118288257441 -0.215992019760102 0.228677084776355 0.17079015285691
0.262998545018487 -0.100586202749483 0.216886158226214 0.203101967632752
0.316417143279484 0.0489565245397104 0.148986757839659 0.197830643900014
0.332585373486093 0.149707152319257 0.172587356648037 0.148640934755435
0.26172099749036 0.249172386055207 0.00520373895631099 0.152941416120007
0.277337553896082 0.2147938318968 -0.0114082276112176 -0.119237043777511
0.293329884948611 0.0714260336521934 -0.191386751763902 -0.198051957057026
0.292415201841597 -0.0679980448053666 -0.291675445267544 -0.111749845697445
0.219418902178327 -0.175304094958378 -0.289173657218967 0.0421765564635015
0.119674837437428 -0.242294536210988 -0.21868481741448 0.113267591225742
0.0178754092006247 -0.254570560271898 -0.12577268546947 0.12896349792372
-0.00145098313283063 -0.254023109713971 -0.0289696306590276 0.120937132475577
-0.0335419082734554 -0.245151038299984 0.0673239931355348 0.06724558320974
0.0044333198289079 -0.30586005093576 0.146482227202862 0.0450587146212392
0.128026008096856 -0.301279854825732 0.218215419009117 0.0574111448172646
0.24135761541303 -0.267307841446921 0.250999732030075 0.132224860356609
0.343796227064491 -0.112101486550929 0.214085708780765 0.193905285914556
0.387892091832201 0.0920522775167334 0.0851539268903728 0.17768782967147
0.384938006633094 0.209346256104605 0.0554186140842537 0.0627432197382917
0.271797246317687 0.282751111471357 -0.0926109464544054 0.0252941245488194
0.326967226499322 0.256368037290155 -0.0833031095287533 -0.200156840449044
0.369545704966433 0.0781713427313335 -0.21003712689042 -0.228978135020155
0.350406906466727 -0.108979039901178 -0.26413535241716 -0.125758270921883
0.24749481875215 -0.221538823913613 -0.232161195770051 -0.014776088323293
0.13003464696523 -0.278852662012545 -0.178207386321164 0.0171242886963686
0.0255854034645793 -0.281670122052341 -0.11643439779994 0.0176871813931189
0.0127721472158957 -0.268903330987682 -0.0379077174067234 0.0158254590276713
-0.00850568736166703 -0.259327688735533 0.0535283954076279 -0.0354100761802287
0.0419642948788898 -0.314005474908108 0.139486089951048 -0.0516145892526204
0.166393126109919 -0.30029880134501 0.22926495072927 -0.0215783263315025
0.27970433301089 -0.256688222420368 0.262173290302304 0.0960057618994279
0.376755161467236 -0.0808814570739224 0.196023145206395 0.180745856715738
0.396563710530973 0.143264658678948 0.0179369049959997 0.149534715196533
0.369682238630135 0.250953884010169 -0.0559526617247837 -0.0327958457131378
0.239803329247019 0.265703706633905 -0.197618476815809 -0.0997895914704065
0.315329959702714 0.247837695295339 -0.170470488507201 -0.257795345017205
0.370552239396681 0.0674219064479911 -0.222595849463834 -0.239560432273385
0.337424410197644 -0.128507493908407 -0.22203188678859 -0.138998240797946
0.225755434773263 -0.224011978163795 -0.172733223597453 -0.0843284653989356
0.115180822844595 -0.267965768175157 -0.144641499636427 -0.0867268600052211
0.0260915848640509 -0.264203364440576 -0.109741419682403 -0.0929840284536118
0.0254214837197361 -0.245004704682251 -0.0402884606000483 -0.0881601395352984
0.0206608412294411 -0.236298856239375 0.0517102917253161 -0.135821270530932
0.0805790287412483 -0.275404104010086 0.146687638169547 -0.139553741335009
0.191139869931028 -0.248195162010837 0.247239631561253 -0.0840741125932547
0.289106284814871 -0.190513396883486 0.266378021461965 0.068503357112171
0.355187754280234 -0.0150798961370529 0.168711942050965 0.16211764124162
0.342371971357019 0.190686454241089 -0.0359455582387784 0.104737775686793
0.29702649637018 0.265511486651479 -0.139241902166982 -0.13383198596928
0.160542078683848 0.205265203760588 -0.290735656391283 -0.199571851499649
0.239614177872025 0.198092126187641 -0.248766748919329 -0.277664921346227
0.290804936568322 0.0502903377843302 -0.222966538786253 -0.23316701224229
0.252679619887731 -0.110677621620984 -0.182197652824064 -0.151044518950145
0.163896932998607 -0.174560851068232 -0.130244262746824 -0.149718633893475
0.0844774037254145 -0.202422211438655 -0.126350072152028 -0.174733190460982
0.0264109286617466 -0.20119558259071 -0.106463227613268 -0.18496594602483
0.03475930587018 -0.183484692259842 -0.0356334720501724 -0.17754894152711
0.0423834720381772 -0.179173459825611 0.0660312869823 -0.219247519523243
0.0994363307388586 -0.200380557995261 0.174553543541691 -0.206381839292113
0.18124029925025 -0.163618750222278 0.278254209049901 -0.121780200622357
0.253455404676348 -0.101473220080149 0.272525402498399 0.0542564657440083
0.282721841052145 0.0509355542114193 0.14503077492325 0.139172095579164
0.240671894087599 0.209888982562681 -0.0602430399971833 0.0484531415246164
0.184138943568189 0.238334878162466 -0.180995104943819 -0.22687307524864
0.0431419538663318 0.1198725131573 -0.350555445324309 -0.256038129142057
0.111271398824262 0.131087531452988 -0.294189767913446 -0.264462742979537
0.153679022984372 0.0404258586221039 -0.215001858989794 -0.221634606412916
0.125935454981127 -0.0552818648115946 -0.162233756211759 -0.162317944351694
0.0838047253915193 -0.0803749623484028 -0.117593415126272 -0.192932446132879
0.0525035940156951 -0.0970217245331663 -0.124477167755437 -0.224463031870566
0.029581001080029 -0.104370328703887 -0.105090022174402 -0.239176425303734
0.0379346642343399 -0.0943887521638234 -0.024371704677254 -0.236904822675663
0.0472834523497055 -0.0953762471075496 0.0879647217409261 -0.275413228744617
0.0825860280232886 -0.104081836556779 0.212872737888028 -0.24471036167035
0.1250687144369 -0.0778626549634899 0.313950155126542 -0.135239806841355
0.169806749407332 -0.0311418330041529 0.282916625896743 0.0500581904858931
0.178160294917922 0.0774742923794599 0.13594139723539 0.115434718881165
0.120656821609026 0.175140817563597 -0.049884349978159 0.000175700295601867
0.0578829247620468 0.165387016858476 -0.176004541133252 -0.293454116092575
0.0508623686962426 -0.0525417287618703 0.207983809578744 0.306798064557605
-0.0238054130219114 -0.0842060200848221 0.105250301616215 0.0186567470170699
-0.0807627173658064 -0.0376442314762556 -0.13588620721739 -0.127700514023349
-0.055048316297209 0.0241304045297057 -0.313336016940526 -0.0822201537344485
-0.0315621251717309 0.0227014044650495 -0.358097533601965 0.132741649792596
-0.0290358339975645 0.0119503752818211 -0.255765944610713 0.285432598178598
-0.0359627888370444 0.00793047943167559 -0.109552880449208 0.324345104313606
-0.036822978563268 -0.00983631898442715 0.0317281796369228 0.304016003979248
-0.0498049073245296 -0.0092972052353557 0.122270388024667 0.261169062264456
-0.0493121828105043 -0.0297815766178643 0.164233802182727 0.241858774571569
-0.0202315708691788 -0.0361631051985004 0.159120946203353 0.21967755711955
-0.0202135216900705 -0.0262771815622566 0.184943442991149 0.200026769718815
-0.0154638573709416 -0.0450725018225396 0.21614450589511 0.209012784028554
0.0422195350024531 -0.0627135446711563 0.246057324685333 0.252190280776411
0.0826199253037512 -0.0288555673334945 0.355825477104115 0.264449959472364
0.149935307649436 0.0598960353298846 0.164450374224581 0.309640202320204
0.0921619155849746 0.0178318678307156 0.0750627821501691 0.0106700055559162
0.0438862608178451 -0.00454213244438488 -0.155584336595941 -0.128154698279419
0.0636934319476364 -0.00341802917972602 -0.314162045133974 -0.0838645345594005
0.0611947467488821 -0.047824194925573 -0.355744794774091 0.116398444005559
0.0252606528169762 -0.0872383049258278 -0.264297876499672 0.256981267399486
-0.0223566416957326 -0.099494999401896 -0.123123781341461 0.298809846949383
-0.0336374639852742 -0.116651563013943 0.01626751864724 0.279859551925257
-0.0573676008906511 -0.114932034343867 0.11523267356264 0.228400215649611
-0.0386991580889689 -0.157598677627643 0.17149941047952 0.207781017172981
0.0415024591608733 -0.160163381143722 0.188326327412746 0.194451307756771
0.0961801199189716 -0.133389088385042 0.210013482856376 0.19446430431532
0.141398001391859 -0.0755228481647723 0.220544182686967 0.204430388403735
0.201631107457995 -0.00442023324931287 0.213124250525572 0.220134067698088
0.233071954692657 0.0645317746542681 0.291867256923859 0.216349033135519
0.228364549942622 0.166954742938795 0.0986871116324368 0.256200497898177
0.202186014560886 0.125435534829164 0.0384785450547635 -0.0415048245029474
0.177210788535543 0.035525909425981 -0.179564322599772 -0.156555535277851
0.188943909478428 -0.0364973961787873 -0.315279618965116 -0.0912217083662804
0.151458714085979 -0.119744934103614 -0.335222999170456 0.0946673338511076
0.0771613060800675 -0.180632707741994 -0.25040845175005 0.204405377056818
-0.00683976239079878 -0.194914560477258 -0.126800132390142 0.23392485984858
-0.0269279306649166 -0.205702842941065 -0.00388771505649075 0.217318093355479
-0.057970286290089 -0.199439496821811 0.0972211216633727 0.15865333122198
-0.0310702782281707 -0.257041105517919 0.168679176656828 0.134294061412129
0.0821067401786485 -0.261200640974577 0.214938235248568 0.130763113137114
0.178481822823762 -0.231713369839053 0.242428821794583 0.166980069351981
0.267016032864304 -0.115484509613411 0.227160644904855 0.198148157621505
0.329942295877903 0.0365456110078057 0.160605015321435 0.197384709004974
0.348314172887864 0.139783111837721 0.186885885209702 0.146828087460635
0.278238252719776 0.243951852151079 0.0127845707536946 0.154682527323413
0.297029092811112 0.209411874234167 -0.0139101729233437 -0.121506837904223
0.302207973349763 0.0606377668235233 -0.203244779495914 -0.196337794740881
0.297894067361535 -0.0838516564976791 -0.304911923880637 -0.104655414875017
0.218456289569873 -0.191384676331131 -0.293713775152394 0.0556647539498925
0.110161155721064 -0.255223286603793 -0.219726795376791 0.12684956802127
0.00521885379967664 -0.263092840095436 -0.124433351446586 0.138165887349767
-0.0153659864019599 -0.2625742452331 -0.0231733931216894 0.125003398856743
-0.046313223685876 -0.251651745568588 0.0733790604395823 0.0642993758860675
-0.0112853036206641 -0.315018874088654 0.155057775957853 0.0398516651359056
0.118418050273512 -0.319207300814249 0.22807499125712 0.049300972551395
0.235371470410915 -0.288146400333252 0.265292294341659 0.127545447200111
0.350139084577816 -0.131420906733776 0.22515010387875 0.188967331839053
0.405741094015283 0.0781242190204247 0.0944848715526759 0.178430716401776
0.404142827703396 0.199525464212643 0.0615636238861709 0.0634172388213912
0.289882744656125 0.277062327116894 -0.0932106183883468 0.0273475369057036
0.349605822043543 0.249771592615281 -0.0914854072452081 -0.201655405536582
0.380996122074191 0.0650062943793749 -0.224464100854682 -0.226545332288692
0.356442493328369 -0.129175038324483 -0.27601023997121 -0.120354986662945
0.244129512369387 -0.240722530213119 -0.237264074670298 -0.0054213355265749
0.118857623457245 -0.294595189372539 -0.183529495586743 0.0258490381856892
0.010701235369967 -0.291395877918794 -0.12109724300217 0.0236728407467288
-0.00174606347536313 -0.279606399957056 -0.0381069213678775 0.0184928962654541
-0.0203087238127061 -0.267235246179571 0.0535040805549111 -0.0408908415131211
0.0267300178454042 -0.325030197384986 0.142621318969544 -0.0596487334214041
0.157485808341319 -0.319446521765298 0.235860225599147 -0.0331667152733871
0.274083674913939 -0.279532485935878 0.274857444550816 0.0892666173067382
0.384571037104671 -0.101238911732833 0.206124002059641 0.175605051878877
0.416284649156699 0.129722044254324 0.024822311149274 0.152778254670481
0.390649347962328 0.2415819135979 -0.0585037699996944 -0.0290630291036435
0.255875802000274 0.260692552380523 -0.207224541977376 -0.0964023043824714
0.336959595214183 0.240601643746638 -0.18421039930159 -0.256797875747767
0.381584760207523 0.0533813638524137 -0.236821878467877 -0.236698713326528
0.340201344256813 -0.148421296196355 -0.232796413281404 -0.134798396836407
0.2212488209746 -0.243001046990418 -0.178535215874741 -0.0796771608583322
0.103833274044448 -0.281592773897981 -0.153820158688914 -0.0822285407525089
0.0121627747801266 -0.273409695567304 -0.120115981994449 -0.0900483316190871
0.0127957988425681 -0.255122144759224 -0.0456787916899189 -0.0886975566006688
0.0107584084901993 -0.24554574465855 0.0469903023174818 -0.143685844240799
0.0683048747401042 -0.288124089485581 0.145772203709555 -0.15069101629712
0.184646197089296 -0.266550539691589 0.251475279324485 -0.0985395211442323
0.286267591275389 -0.21156702207083 0.278875797086511 0.0607880957046695
0.364982099475821 -0.032008465113116 0.178885235852713 0.157670770270578
0.362426370207631 0.181587881255909 -0.0325727069167424 0.109106676126045
0.316357017505878 0.259236451565693 -0.149676250284737 -0.128457283856212
0.172590410715717 0.202153125107712 -0.308375698219748 -0.193590397236201
0.255837776096399 0.192531243036661 -0.265820852788312 -0.273614857051009
0.299574321100857 0.0390524122262768 -0.237510087555378 -0.23036215692284
0.25398808065652 -0.1258784988434 -0.191529409557797 -0.148032272524783
0.159564530071181 -0.188671699790263 -0.137579321576707 -0.149306910366732
0.0756572538217774 -0.213105187822293 -0.139626609395801 -0.17409145402265
0.0161866594700433 -0.208054620750105 -0.121988083457194 -0.18414514640376
0.026363152051653 -0.191911985525912 -0.0450469667489414 -0.180409675809468
0.0357464907560198 -0.187798916764319 0.0563375132703066 -0.230165353229644
0.0922363478151687 -0.210927113879456 0.169982285713729 -0.221134333959461
0.178561832144302 -0.179052425885691 0.281990614390218 -0.138263795757589
0.253573477517436 -0.117187289991965 0.284367175501181 0.045716051668291
0.29307639100525 0.0390389641780691 0.154425145357046 0.135710895495145
0.258582579710292 0.205029097477544 -0.0602316700475439 0.0519643199865977
0.198250241856284 0.236435334016867 -0.196973885204866 -0.221691651386
0.0481788244787905 0.119366784322342 -0.372683787116064 -0.249233974132591
0.120001175684675 0.1283371457043 -0.312917600949545 -0.258343130698839
0.158887235908565 0.0342922820890763 -0.229440593882727 -0.218153489576822
0.125503609973331 -0.0627245498422516 -0.170774325347773 -0.161314602190949
0.0812682358328847 -0.087501782834719 -0.128227862974614 -0.194087640632927
0.048184260939631 -0.101773550007864 -0.140885842228956 -0.22531623068727
0.0242103653461514 -0.10845520698665 -0.123487734265257 -0.239925410605464
0.0339364706137757 -0.10022770659267 -0.0379865372540422 -0.242204077672334
0.044807850258472 -0.101910371652976 0.0766006006321469 -0.28794471259869
0.0798210202099171 -0.110763713245963 0.207162623801544 -0.26170085109418
0.124080767373663 -0.0865033331382072 0.317504303014171 -0.154047133902841
0.172585830447666 -0.0403962398771848 0.294379698948883 0.040084719504436
0.186369489527803 0.0718441295873241 0.145358531234265 0.112857188069038
0.132534521757267 0.175175595352922 -0.0521248139917252 0.00187883218255709
0.0655861191611282 0.166004002779366 -0.196215663089872 -0.290406941703852
0.0484693112280765 -0.0550026850005124 0.234938008882618 0.296821755691149
-0.0292759214512154 -0.0836299543445219 0.110501318579566 0.0107236753384845
-0.0847833272424098 -0.0313793722311673 -0.149589319745672 -0.120843484158808
-0.0533149752492985 0.027817694807931 -0.328168960691923 -0.0620006093349837
-0.0293393703668031 0.0254492333397814 -0.355780105038416 0.160075517499392
-0.0277596043828443 0.0146293342565003 -0.238677907321932 0.310972943503996
-0.0354425425898542 0.0109318247162952 -0.0838484465844448 0.341496606444865
-0.0385906887822241 -0.00686315901942665 0.057064917561851 0.306727223635629
-0.0511218793561017 -0.00547298360637299 0.146668414719894 0.256487565976329
-0.0523765854910476 -0.0263628619470206 0.188889913085238 0.237044821525589
-0.0223514496486852 -0.0363298219337421 0.178490283945037 0.21473502057047
-0.0214143848655775 -0.0253842945538533 0.201244060086314 0.19131129052944
-0.0176465550665335 -0.0446403569774565 0.231597726045504 0.198400993721344
0.039136584969893 -0.0677271679136181 0.26816042973398 0.242086663588991
0.083860280258376 -0.0345295307492622 0.386088945773099 0.243405734432041
0.158209624714941 0.0511725147032825 0.190711989329798 0.302626136470428
0.0972720802241384 0.0111613517312482 0.0797794299630905 0.00496577892970614
0.0435848041924155 -0.00734839509041223 -0.168528461925468 -0.119973634386695
0.0653077331319497 -0.00977882158206977 -0.32809960075733 -0.0638866335794428
0.0596013010353292 -0.0539468506901788 -0.354282856137928 0.143302231304533
0.0191738873852888 -0.0913797949719089 -0.249290341432587 0.282459990676859
-0.0308439435937368 -0.1001178818363 -0.101321383923602 0.31389195093004
-0.04461244062189 -0.117801411285227 0.0395074573396279 0.284065099246193
-0.067838419752236 -0.11348991701296 0.137000004668793 0.223458729414567
-0.0527341999251433 -0.158465490338724 0.193855816017841 0.199782954463063
0.0308114150895173 -0.168707572146547 0.207891976817512 0.186237692105595
0.0886807048178907 -0.144014695489225 0.228255198391501 0.183880468522885
0.140394010779069 -0.0876050421527459 0.235599639684137 0.193264139117454
0.206837823297966 -0.0200266486739628 0.232699806326736 0.210760548586539
0.243862828010623 0.0502935955020404 0.316734660581776 0.198748457485865
0.243507574159194 0.154204455424371 0.120073204227946 0.251808590197395
0.218225783804356 0.113045818903844 0.0391863980665952 -0.0458852338318515
0.181993147675357 0.0237804587884143 -0.194166440337878 -0.146727927299233
0.189988407811937 -0.0531931023181834 -0.330068249125886 -0.0717031781928443
0.14561151295545 -0.135208437242415 -0.333810079235269 0.118910464500832
0.0640989333219565 -0.190678829732737 -0.239291046437084 0.227838406305398
-0.0222907003688091 -0.199211836874111 -0.111653745746417 0.247675369775111
-0.0452473219938525 -0.209310103503471 0.0130373127701691 0.221148361704487
-0.0748965402665776 -0.200326315506291 0.111866268758289 0.1535344027341
-0.0527516206256664 -0.260636171808125 0.185087746328159 0.125142963882525
0.0644981275813877 -0.276253230769919 0.230709432005259 0.119141690132368
0.164057430071743 -0.251432565329868 0.260183345126854 0.15414849087178
0.265781764331955 -0.138121845005875 0.242662769423256 0.185009071189987
0.3419166309892 0.0125859488091832 0.177524784316195 0.189680820126429
0.366631614210315 0.118634760331499 0.204116142915575 0.135592731362542
0.300119270332127 0.228616872874668 0.0252523191181375 0.153396518844181
0.321146443300196 0.191933713628264 -0.02033269241682 -0.123326398805776
0.310945929330254 0.0412937333338892 -0.220520088989716 -0.185684080139167
0.29698348998192 -0.109736181622258 -0.319224513417356 -0.0869419394112163
0.208096666545344 -0.212862918229727 -0.294199251029667 0.0771002595279492
0.0914880350791275 -0.270159999152392 -0.214042148106375 0.145391687581657
-0.0164147757703721 -0.26943110627726 -0.117418100949198 0.150090873358457
-0.0388722776372118 -0.267995154058778 -0.0128260227392189 0.128982416546364
-0.0662117117910863 -0.255682194165382 0.0802838699659347 0.0581957513932547
-0.0372843605567264 -0.322044959558145 0.164014061440988 0.0290508483229909
0.0962290319698878 -0.338383942993694 0.237578164364574 0.033188270078065
0.217182105003595 -0.314866153494688 0.28206170363567 0.113071839357751
0.349349798266042 -0.160915366203133 0.239502559645477 0.175200693730646
0.422497940292395 0.0489753851591158 0.108674738224311 0.175494467556696
0.427799331675788 0.17473543131464 0.0689941695648714 0.0615539545881265
0.31364994961725 0.260771886049285 -0.0925244059380033 0.0324046415397274
0.377321550278265 0.229351014614643 -0.104761202322675 -0.198759108865058
0.39261887948578 0.0393287969948796 -0.243386381498857 -0.216010224487358
0.35312037656392 -0.16046263807636 -0.289728645313321 -0.105277540690308
0.231468436807739 -0.265820253731781 -0.239480356292334 0.01085276335129
0.0975675482225368 -0.310211255866154 -0.185170950904374 0.0401818076507263
-0.0131361181365446 -0.298905018065635 -0.124025849814452 0.0338763439710811
-0.0261484484439987 -0.286532966549827 -0.0364628826218934 0.021553512491096
-0.0412864812301787 -0.273798190088675 0.0515094810937008 -0.0474715640721594
0.000835036098792374 -0.334733820443371 0.143094364444264 -0.0719617921017317
0.136084742160385 -0.341463903132589 0.240482614758655 -0.0514915599280199
0.257965584169776 -0.307780074573001 0.288935113455729 0.0727823558813388
0.385840863604731 -0.133294741394225 0.221379182914763 0.163157435508987
0.437926406823884 0.101265037635434 0.0353647135935318 0.153288556362916
0.415713565452361 0.218227791037566 -0.060810681810288 -0.0225963403933898
0.277922961577365 0.246408023138572 -0.217841207407584 -0.0856047433334551
0.363277032059887 0.219998616099059 -0.20394096954974 -0.247539118926536
0.391885075345807 0.0276991947574596 -0.256899176259626 -0.224828474210319
0.335687703445408 -0.177640297502943 -0.245986359889993 -0.122658116193701
0.20749826729914 -0.266173112210019 -0.184909699312287 -0.069285265378889
0.0827618364734806 -0.295732512321845 -0.164359855416765 -0.0728674977061142
-0.0102376353109343 -0.279344249252633 -0.132725429571435 -0.0816189681997723
-0.00919723591219506 -0.262760394452052 -0.0531251945894078 -0.0865055832422182
-0.0083501906015271 -0.2536882631101 0.0364639948873033 -0.151640851991846
0.0463242590793491 -0.299895938027725 0.138546619567933 -0.16547310289766
0.167965550761894 -0.289018073556748 0.250264781794664 -0.120226266689777
0.274838286940496 -0.238331331101204 0.291538175647644 0.0434446722443516
0.370203742881405 -0.0614611604252156 0.192335193007015 0.147018479105135
0.385112035560663 0.158443626622873 -0.0263150582503991 0.112751741653745
0.341107723855821 0.240384723038562 -0.162215730846976 -0.116254954300736
0.188941436212286 0.191685741322743 -0.32899467452689 -0.17713279609603
0.276219625932658 0.176492230719377 -0.288569202812576 -0.258747922003628
0.307450085119462 0.0181927131914695 -0.257452185268455 -0.217533149401837
0.249403843588056 -0.148081405030186 -0.204819063173068 -0.139521862702568
0.147723150025965 -0.205448835768684 -0.14886487214144 -0.143854786612152
0.0593092917080485 -0.222856665645951 -0.157623530057203 -0.167556196010916
-0.00137297254232193 -0.213214169154095 -0.142276380721619 -0.177007965369634
0.0102462867280229 -0.199312719731443 -0.0606899644865504 -0.179172260648013
0.0218877893369061 -0.195414527039233 0.0392141500275697 -0.24012198772081
0.0763492727954534 -0.223110915628415 0.157810817127842 -0.239100847366638
0.167582659542968 -0.19722100892416 0.277988517720852 -0.163411217520837
0.248251549182115 -0.139569395890085 0.295765314762259 0.0269382617934738
0.301967579952243 0.0175993749280533 0.167567415942014 0.126419445932154
0.280147173812003 0.189981747767452 -0.0589717663928215 0.0571958635010001
0.218661906125866 0.225129482923377 -0.218473805039053 -0.207645232646614
0.0563165351139133 0.116675622801507 -0.398813580081423 -0.227357417449162
0.131710971491751 0.121310197341052 -0.335448021051419 -0.23985513449232
0.164117984491994 0.0231482920090982 -0.247379717960554 -0.207048712092806
0.122226709167435 -0.0735030924500327 -0.183754708732025 -0.154173059455118
0.0747187735544369 -0.0956892658386376 -0.143714295114493 -0.189630346528153
0.039960202146647 -0.106855008506932 -0.163653053274825 -0.219903777222195
0.0157214795162759 -0.111977126262264 -0.148400457476664 -0.233624744895801
0.0263782368186159 -0.105687361720333 -0.0585367311755692 -0.243052137815985
0.0378374520793119 -0.108191251266104 0.0546493365561116 -0.299206085113697
0.0718715046540818 -0.119165728958737 0.191485848538547 -0.283288744653123
0.119189317472719 -0.0975433669820704 0.312318800950834 -0.181791076863029
0.171258207389626 -0.0545235558084417 0.305585141188784 0.0201142731477219
0.195208440185469 0.059679812644135 0.156906576408505 0.104675110903343
0.148356122094516 0.168624288816631 -0.0541260138659379 0.00631425901882378
0.0777538246398576 0.163264852204435 -0.223907382380957 -0.277428451408927
0.0684983916691152 -0.0331593114847346 0.0903188156208459 0.367604049518147
0.00776427648335887 -0.0895536918886868 0.0976505031072679 0.0589448783671429
-0.0644976288274058 -0.0600673636518014 -0.084816374580721 -0.168558337533938
-0.0558236074232499 0.00640681044671796 -0.275573708596298 -0.189932326104123
-0.0319037934400136 0.0133092221838444 -0.39011906280538 -0.00117676023154344
-0.0274541607736614 0.00341265340880344 -0.344421783033862 0.184242585616338
-0.0359544641223137 -0.00116217505657133 -0.214349954056063 0.27534065775452
-0.0321626368052871 -0.021971991646365 -0.06926675645959 0.299469534816272
-0.0424212485632127 -0.0254143537911873 0.0324293628236742 0.291603337859288
-0.0352221173388421 -0.0452457373323317 0.0777962790043881 0.289393878117548
-0.00272768890495632 -0.0425709796663209 0.0741779784744647 0.268510030057585
-0.00416975089982047 -0.0288126484835512 0.100948009092075 0.255200213092667
0.00565429058930229 -0.0449238724843377 0.123786469614516 0.276843331050049
0.0684972452261533 -0.0422694177520916 0.13982765704432 0.340342163454951
0.0923293326939637 0.0029341700188507 0.244239382951047 0.396401056852329
0.124313681821059 0.109847354754368 0.0512509513180325 0.351088579209894
0.0858397793262925 0.0496236243396357 0.0714205983498625 0.0367791095014505
0.0430883036675575 0.014898672387095 -0.103416461917743 -0.179782597010269
0.0655079880546814 0.0197244700869899 -0.275378114214269 -0.195807698874436
0.081293379388957 -0.0213619100096527 -0.384836359931042 -0.0196965376017891
0.0577848531081422 -0.0745299367474912 -0.34516710747549 0.152003327750882
0.0124525513759042 -0.10191619002367 -0.221192467399834 0.243382193270086
0.00746269343505114 -0.126910135217159 -0.0772915839280623 0.271327418062579
-0.0141317806470336 -0.130794702022637 0.0374093219516951 0.256415229755698
0.0157080012210318 -0.16637659869832 0.0993906606258369 0.2571929824299
0.0996605422210651 -0.14393684303737 0.118461019068644 0.252810109693027
0.143060738667565 -0.0928456610583466 0.133266693931432 0.260672274819244
0.167571597643001 -0.0178803034093751 0.131963547527585 0.275585150344573
0.201551424388866 0.0696541097258558 0.119496038762235 0.299092016852908
0.202739503818091 0.145429648723226 0.198796397135162 0.325797734469011
0.159408898145009 0.239375556817488 0.0105921053530623 0.272359485141915
0.154498422001634 0.193864586337979 0.0539250806157419 -0.0316555301110695
0.156158227125418 0.101194579581048 -0.117790771013114 -0.218924234137082
0.196346072083445 0.0313147452023249 -0.273443594439133 -0.208633670394624
0.192530798922658 -0.0601314277957967 -0.358379626434688 -0.0385829338408451
0.137712690775063 -0.146839808810484 -0.316775345537037 0.106825372574759
0.0588007162709275 -0.189971594883472 -0.205397580443011 0.178200404019908
0.04417010649022 -0.21334737386319 -0.0766732872968316 0.203611461918118
0.0133600548912398 -0.213434247715391 0.0431419260650919 0.18130533585831
0.0550722083998152 -0.261048329949052 0.122611928495241 0.185603063888797
0.173330230518259 -0.230219880037764 0.169753293350885 0.20021161054364
0.255046267146514 -0.160796100850721 0.179665059700446 0.246583562295966
0.303289677371626 -0.0125548053490284 0.143951545358553 0.274141503755618
0.310435521333955 0.154154324926727 0.0749123685815829 0.257911514407114
0.287123541507956 0.257802497304787 0.121351107414675 0.218436998202848
0.178720132081527 0.331750611065822 -0.0333159344154836 0.141066303637437
0.217212516751286 0.309898384321874 0.0310069177907921 -0.129887725135471
0.267174074996227 0.171398446746597 -0.125551525717378 -0.268850499032081
0.31534449185551 0.0246196941365115 -0.258893154375897 -0.221268101397807
0.281204043295799 -0.105207562001824 -0.306182185796638 -0.0626681805622411
0.194138009152463 -0.208658817320433 -0.262351506388393 0.0421971176518356
0.0924804245919059 -0.252127162842086 -0.171939726951999 0.0868089044487503
0.0741102624441719 -0.26582558331054 -0.0641840228943918 0.109744287826874
0.0423209464588266 -0.260896743464419 0.0512729784008667 0.0825215279523742
0.0928756107327896 -0.310614960284439 0.143276097478337 0.0900201844281535
0.226366543383182 -0.27549146686073 0.214442291185542 0.124964552534689
0.326769867379719 -0.197663721787596 0.220024874842179 0.21900536460474
0.388004088694348 0.0013467622067457 0.146903795287823 0.264974633917286
0.367728589522787 0.219984022130205 0.0176897750218415 0.215951535990903
0.319496399295894 0.332246967375671 0.0297415983245266 0.0931463214356611
0.1774263496732 0.36962403711081 -0.0899602100229698 -0.0201336090193714
0.252559447140532 0.368193681871904 -0.015933994258203 -0.236747795239002
0.341794711220492 0.204576570867319 -0.13550326465766 -0.308312647491415
0.385963592769449 0.000741164946635063 -0.224993741632697 -0.227480275911606
0.321387239871228 -0.143761173652125 -0.231747230255452 -0.101736761914489
0.214144242717444 -0.242336911381152 -0.193089872224575 -0.0424086811062651
0.106518028784485 -0.278583154857726 -0.131035329253327 -0.0216245249172887
0.0936016677514276 -0.277749148274826 -0.0428512057464447 0.00328755876553289
0.0721313505391962 -0.268402735058518 0.0679048366892971 -0.0245131113321589
0.131929573629471 -0.308239885749748 0.164198550333775 -0.00932401441599957
0.263891393407466 -0.263790234701104 0.250730628128854 0.0493138857918256
0.359362406864935 -0.177148152895892 0.244539022369758 0.187175145135112
0.409863796872586 0.0423229635558391 0.135865207882195 0.246760394305918
0.3600337656759 0.273208872730223 -0.041037480249889 0.164139378485159
0.289073309932021 0.368063932479528 -0.0515073543898815 -0.0424981236851376
0.150613529964883 0.342161739251464 -0.157468853341623 -0.17899747123087
0.244359759917353 0.355813675842937 -0.0864696415461286 -0.321905034083082
0.346809862864293 0.194285633713842 -0.143969106692935 -0.321979300264086
0.376871258875709 -0.0222670396510276 -0.177194545029237 -0.224892165209396
0.298576036856421 -0.154894404958319 -0.148400261278061 -0.15137856982128
0.193679677768612 -0.234719569118439 -0.126751601341581 -0.136584335208559
0.101017398137737 -0.261554469002875 -0.0925750289981243 -0.129017389162155
0.0987286202976121 -0.248326789245461 -0.0149326023941414 -0.101102709273064
0.0938838915006734 -0.237354157814048 0.0948797626171598 -0.124171439495353
0.159164436423894 -0.259506650097159 0.195964066145852 -0.0955504958212793
0.270221266202885 -0.202348355234521 0.286539491670374 -0.00684015586038365
0.347326817556235 -0.107767829262705 0.258801689359398 0.162330134420098
0.364637677571875 0.100232732537706 0.116604062287796 0.220661478512569
0.288302748388158 0.303069596409848 -0.0811313164085611 0.0988448931297974
0.212158886702746 0.356781385302057 -0.102846069763202 -0.173745843515136
0.0921361020554289 0.257648279132799 -0.222903524255926 -0.305984450563607
0.182839989925422 0.279386332755204 -0.158331834555472 -0.363915189269107
0.273920570977288 0.148414774270536 -0.145862341418225 -0.313276619710612
0.284329773393744 -0.0301466711481617 -0.131861525805674 -0.2197685909532
0.216991787765439 -0.124283254828757 -0.0830253712406895 -0.201968943590756
0.141794900264174 -0.177720305131834 -0.0797007312699688 -0.218993176328272
0.0818428524091578 -0.197375678852441 -0.0615936290169766 -0.219247156688591
0.089681214321375 -0.182064879613974 0.0158071095264366 -0.186904404534703
0.0970222142733572 -0.172287506928162 0.131009684332934 -0.202308397953548
0.156378716574668 -0.176339704483389 0.240917897075613 -0.152993836050505
0.233181785456288 -0.117294776391358 0.326236879779848 -0.0350591271448379
0.283503957940608 -0.0294946451414943 0.266928927412718 0.15125147828526
0.269057308806414 0.142906627608127 0.100650755722875 0.191922890304511
0.178294349374483 0.287583617838203 -0.087133155793477 0.0316440123211491
0.106105194830091 0.292896240171952 -0.112267641018879 -0.281961681286045
0.00313352757198107 0.135228636353747 -0.268914196626884 -0.377856008724594
0.0730918089022707 0.170476253393711 -0.20624771227413 -0.361469654048518
0.140741370573277 0.0935294028104327 -0.138758624805309 -0.295588707745714
0.139178900532411 -0.0127300033030472 -0.10384283888732 -0.219751602525292
0.104196603483418 -0.0539253505754282 -0.0547882241763315 -0.23723072174647
0.0768522523011205 -0.0797382907208259 -0.0606227079091574 -0.26961960775428
0.0566164732487755 -0.0970548341432319 -0.0423121848608852 -0.272672681324488
0.0671774841575091 -0.088056825578673 0.0427531368795429 -0.243711812662574
0.0762162628254571 -0.0859308787590989 0.168352980135553 -0.249720260481453
0.111785271958231 -0.084430785336016 0.287040400243115 -0.179192822850403
0.14861652870323 -0.0439893610685898 0.361311840765634 -0.0366407812780007
0.179380676485688 0.0172568249170111 0.275099995880278 0.149163589011069
0.153558711222425 0.135796262284124 0.0997004057270158 0.167696223640079
0.0653713798024727 0.213288339044711 -0.0592332509330426 -0.0163257874055052
0.00276905102477174 0.177550155222677 -0.0856775152438169 -0.348809719943444
0.0652133420736734 -0.0351373844744728 0.116323218912518 0.34852872702782
0.00243549082478315 -0.0874201678541586 0.102390404497971 0.0502009050472239
-0.0657123720922529 -0.0529333398721453 -0.0954655630532536 -0.156878277641438
-0.0536818432582785 0.00965304118044968 -0.284450686290407 -0.163884365161182
-0.0289111222712367 0.015493327550788 -0.379207886276741 0.0273494201034532
-0.0252043954883339 0.00576189593472494 -0.318267463499843 0.206246376718196
-0.0340970090449898 0.000886582840777891 -0.18374704336256 0.285667197888252
-0.0321764749200245 -0.0192841366036447 -0.0428905784365577 0.296131361761363
-0.0423490244654604 -0.0208481920747449 0.056473122298209 0.280463260016035
-0.0381637081675789 -0.041239749066296 0.100190609880969 0.277710108225287
-0.00551474227706049 -0.0416722567842841 0.0930793422679483 0.257867983118126
-0.00501177130249189 -0.0276781981247086 0.114956589668774 0.240484739238976
0.00329669382827953 -0.043684572309248 0.137230565184416 0.26004219796633
0.06375136396625 -0.0469232436214006 0.159935752093475 0.321725508887481
0.0910629125338848 -0.00266901253664956 0.27059178660573 0.365580188099727
0.128684906339759 0.0979349509354341 0.0761642987362919 0.335138720609954
0.0894720604265132 0.0415850669061438 0.0747753530831976 0.0303655358323016
0.0427130234655722 0.01152724239597 -0.113961140055596 -0.165615984302989
0.0653197012926704 0.0129554013922338 -0.283359625544366 -0.171010809353341
0.0783704850448814 -0.0288258727251012 -0.374624145414933 0.00914240867578074
0.0502721925180785 -0.0771884859792472 -0.322269962866301 0.17550438424314
0.0038166122341751 -0.100233300257522 -0.193636417828801 0.254245862028494
-0.00340401945777179 -0.12533870540616 -0.0525983281789127 0.268705842058438
-0.023657368138208 -0.126043148168271 0.0573498892663163 0.2448315726919
0.00188770387113951 -0.162918941282665 0.119406863414032 0.243676184074024
0.0861704752597793 -0.15002564650756 0.135317255870162 0.238704952105706
0.133000798884417 -0.101991523266473 0.148446725755273 0.24389799127923
0.16378781299953 -0.0302335762424102 0.143648781360653 0.257106122489589
0.202414417051919 0.0517489408362875 0.136499330843855 0.281426404722807
0.210257457486375 0.126596969860314 0.219705191820648 0.301425555487603
0.172248080314466 0.220916279551912 0.0319461277765248 0.261274597505207
0.167707733578294 0.17633869329533 0.0538224152171062 -0.0343583041219113
0.158518509964696 0.0874960543453347 -0.129422597177078 -0.203129652531182
0.192757731335479 0.0134257745140197 -0.281963550213138 -0.18305793878779
0.182828055587433 -0.0748595092468647 -0.349326116414358 -0.00991136744779184
0.121410212412821 -0.154053917942925 -0.298003588709429 0.128419401081674
0.0416318726602473 -0.189623695613295 -0.184435951149828 0.189428321719061
0.0242758768550989 -0.211670179497038 -0.0572244152249747 0.203044204606378
-0.00368858795377373 -0.209256228908445 0.0567254407833801 0.171704994884197
0.0325508621684836 -0.258005880818503 0.136721607602763 0.171060706426384
0.151275249695112 -0.240618029416533 0.181624732308975 0.182813308545088
0.2353610862537 -0.177677815904601 0.19376865810711 0.227156874820127
0.29546141226392 -0.0359147590658362 0.156065342712839 0.25360721052745
0.316162541111792 0.126812679681742 0.0919431054208694 0.245556451009898
0.298957487428324 0.229026137762988 0.135748815986897 0.204696190682462
0.196643122600446 0.308743022874478 -0.0203684213926632 0.137179518180305
0.236280218271184 0.284676594068578 0.024610758053066 -0.128659545060697
0.271426203735161 0.147608822033738 -0.14059871160179 -0.25195242723574
0.307673582014512 -0.00230938047654639 -0.267869171946177 -0.196613623225867
0.26471515653881 -0.126117845048773 -0.301005400527282 -0.0385808150487244
0.170880312798923 -0.217838927998063 -0.250803105042447 0.0608173149489051
0.0687356444211918 -0.252939577396837 -0.16120628361124 0.0978140316432433
0.0486970167434879 -0.265040062315043 -0.0533482767872938 0.110968270931756
0.0206775153908641 -0.258541249353684 0.0564631006831447 0.0745356202589087
0.064110838048041 -0.309909999687768 0.14841401079639 0.075707245457647
0.198490414941099 -0.289335834293288 0.219590837691556 0.105603867020283
0.301906190488181 -0.219420516399172 0.231476005929301 0.196409304761026
0.378529275697862 -0.0295837578765075 0.15898164886035 0.245226446350573
0.378164470751748 0.186291068235505 0.03204143444298 0.207482486869838
0.335533030908932 0.298750452929012 0.0365814254281505 0.0892834012000893
0.198298198451119 0.344437385027721 -0.0877025931019416 -0.0148349947853702
0.276556755769754 0.338103110173079 -0.0294662491629201 -0.227949960961424
0.346719312042829 0.173795998055456 -0.152006525811744 -0.289108817738278
0.374825460191818 -0.0302894457350868 -0.235103230598717 -0.205853420575896
0.301394060749607 -0.166909518682557 -0.229176889548454 -0.082364173355971
0.188060334198064 -0.253098808832732 -0.189736218786879 -0.0272563522652458
0.0794362729288999 -0.279036574386387 -0.131159055253653 -0.0102090246843315
0.0667889879868002 -0.278264802378339 -0.0409432711838741 0.00579811753753529
0.0488461160753209 -0.268192528345367 0.0636508988644954 -0.0310261062616039
0.102375142837117 -0.310417266033452 0.160787868381469 -0.0226072987373559
0.23511583938481 -0.280610277604072 0.249357431959411 0.0285820420742484
0.334407248834248 -0.201656590098718 0.254638493744414 0.163610398609408
0.402042181417856 0.00819757987920553 0.148011966230384 0.227651302889514
0.373251856295387 0.23849941094434 -0.0284827536757076 0.161657455833113
0.30905205722459 0.335003450759969 -0.0536975379312147 -0.0346008510784551
0.170208957116265 0.319654678314289 -0.165923956643767 -0.164794330726913
0.266451470021478 0.326003893026902 -0.104911576182697 -0.304970189442
0.350554317873372 0.162160560454781 -0.162007681826414 -0.301650290990459
0.363866745076532 -0.051620567245 -0.188463318354005 -0.206791893024315
0.277722116545607 -0.175879397082793 -0.151905577109764 -0.137516991524966
0.167835260281695 -0.243817534456528 -0.133313985686256 -0.12369463045538
0.075234072111212 -0.261151668631019 -0.102240306673523 -0.117285783745791
0.0740330365237673 -0.250253307006825 -0.0217646436741846 -0.0969946713569098
0.0711001873526423 -0.238679924862752 0.0818275359818428 -0.129404561286364
0.132940586991018 -0.26483989008178 0.184753150829365 -0.109345540300381
0.24627810533459 -0.221292086315692 0.280157639259776 -0.0298203514437575
0.32712394369525 -0.13373040881549 0.266478713807855 0.138541900713995
0.36326173579488 0.0682253588014932 0.127786775459769 0.204223667110956
0.305440282077069 0.273045492164034 -0.0725505164100525 0.101642867491217
0.232380055101475 0.328767955652042 -0.114163804190286 -0.156477889622933
0.107702631795074 0.241268566247533 -0.239329224927842 -0.281884588517901
0.199375176515291 0.25735767013161 -0.177968681884214 -0.340378755277708
0.276467864809001 0.123314368713772 -0.162494055820526 -0.293174890677712
0.273903153507276 -0.0512762353862113 -0.142778163494774 -0.204620793103636
0.200176556998842 -0.139426864061031 -0.0921059888218283 -0.190382240346178
0.122142978867069 -0.183853595022825 -0.094885020829158 -0.208409445302669
0.0629007273444099 -0.196989384435037 -0.079310231362658 -0.206748399047466
0.0714156963663266 -0.184261108026887 0.000453386552154407 -0.18271556391687
0.0802108097767551 -0.175920369287444 0.110209672843246 -0.208290828201138
0.13719956611412 -0.184056161716284 0.222271511427756 -0.168718988761193
0.216398818549839 -0.134787246289025 0.315880253707344 -0.0595415682448836
0.27108902852479 -0.0513301192852653 0.273020395613541 0.127629244337564
0.272268199801963 0.116333986492021 0.111465227275292 0.176714513816768
0.196059538383033 0.265477758386493 -0.0834493481270203 0.036996119441115
0.125525820062162 0.274069902360878 -0.133057560763921 -0.260468405444021
0.0113281345153633 0.12919962067595 -0.290316824840059 -0.347258695437252
0.0835517102152577 0.158606451102254 -0.225368768638712 -0.333712168495373
0.142737284905024 0.0796823406740004 -0.155428668903139 -0.277084173452103
0.13312327338311 -0.022981005437897 -0.115435333984337 -0.207315506768862
0.0959946595503097 -0.0604796058996453 -0.0686894613403529 -0.228206521402635
0.0676248028941632 -0.0816996784877699 -0.0813381186511866 -0.258666023691992
0.0463830503181407 -0.0978645235023533 -0.0651724060203784 -0.259837298192436
0.0573029690822628 -0.0917451679086005 0.0218384987142751 -0.238943344946972
0.0669407226442856 -0.0900973966234613 0.142635471414641 -0.255999413752519
0.101444873329366 -0.0900988518462029 0.264425348266398 -0.197714495166453
0.139572300342302 -0.0548954781541379 0.349187256032369 -0.0653223795880209
0.174706294694212 0.0027806024452212 0.279492800290041 0.123999694632377
0.15957156795756 0.1193694686983 0.109717966560503 0.153680985110691
0.0799238148650555 0.202134808025171 -0.0606461270492456 -0.0114842335264888
0.015109164863651 0.170998766822453 -0.112112402390482 -0.327710990827934
0.0620608014813445 -0.036129486049284 0.131234853872092 0.327507937647817
-0.000699901843647589 -0.0849712804974126 0.104399911596369 0.041807112469834
-0.0652354795411992 -0.046843493928792 -0.0993678424854303 -0.14416406580328
-0.0510781375009359 0.0115944474680046 -0.283276158518555 -0.141109596066182
-0.025756438869946 0.0159517912632402 -0.365112767398962 0.0471509498328011
-0.0222310393026924 0.006090692091545 -0.292197420165541 0.217550403063421
-0.0318319930314695 0.00222203810956621 -0.157664689771371 0.285901988441656
-0.0317026536584098 -0.0171670734157783 -0.0225041961309171 0.287453222441206
-0.0413051187031319 -0.0173000877083467 0.0726826229073233 0.26646865021708
-0.0385690686410376 -0.0369379757665976 0.11505069476761 0.262449105519155
-0.00676685527308183 -0.0410336185133098 0.104904063085329 0.244837409755985
-0.00456841369269489 -0.026191567224192 0.122390053623798 0.225886181142676
0.00164995855177173 -0.0423909886532028 0.141993604453742 0.242746517153403
0.0592420327244224 -0.0496515670777272 0.171363653855988 0.301307180372632
0.0884226576981234 -0.00744561459232073 0.283046112097319 0.335491812949832
0.130004284904166 0.0876460529525545 0.0939314032242621 0.316507833116762
0.0903224013448749 0.0341780599763941 0.0776091617342687 0.0250732829410837
0.0418165998703401 0.00970518045290699 -0.117791904406234 -0.152437421979722
0.0632264780858764 0.00722936814680608 -0.282811309512585 -0.147025954154405
0.0739609488660064 -0.0335255032192394 -0.360600779709125 0.0286343969292549
0.0444709717981336 -0.0784222949743785 -0.297627778319109 0.187154856674251
-0.00208628774497192 -0.0974051827984741 -0.169111115975258 0.255970780035243
-0.0114122707226409 -0.120965653145626 -0.0336031792971778 0.260812615754793
-0.0295822622413332 -0.120406621133285 0.071259547890606 0.231720527980963
-0.00872423429071076 -0.157465874148512 0.132454309397627 0.228649663870969
0.0743964240414622 -0.151673121716694 0.145033797801598 0.223811040122707
0.124015773301085 -0.106707712808914 0.15593002286721 0.226680179901777
0.156813370504891 -0.038848792353818 0.148447558422853 0.239302643845364
0.199411195073108 0.0377526426304661 0.146152498604865 0.263808247244968
0.209761421814639 0.110194749578969 0.230488507859695 0.277568801561476
0.177151639430037 0.202836392792366 0.0466008381377967 0.247773529815335
0.173112829527676 0.159733106301967 0.0541827519624165 -0.0361197471562588
0.156543893754727 0.0760784435940797 -0.134140884117533 -0.187284325930891
0.185107817777354 0.000248193894330047 -0.282141281670237 -0.160402296750466
0.171818022505815 -0.084690935234128 -0.335995191561443 0.00903979924302928
0.107477099634966 -0.156251285112127 -0.277990021021867 0.140232054774376
0.0281620980396257 -0.184953300725029 -0.1653908669865 0.193061178892963
0.00929265634705258 -0.206436014875091 -0.0426325149625491 0.19811968181254
-0.016143098174585 -0.20208806672557 0.0653672478195497 0.161067247708779
0.0146134285293698 -0.250838425303126 0.145419390895624 0.156655297177694
0.131249109260602 -0.244212258432756 0.187573588821991 0.166439793866704
0.216396054432342 -0.186108523392074 0.199511937717647 0.207244953882749
0.283796430604093 -0.0524335838517977 0.159425000148289 0.235727620264549
0.313807297633071 0.103595997329774 0.100657938731514 0.230955581667021
0.300941228164064 0.203116267935732 0.143549603266804 0.190665604635901
0.205385991778887 0.28596919183621 -0.0114192193197809 0.130757602703975
0.245462952820325 0.260281368248171 0.0208665376987964 -0.125184133674144
0.26806525327456 0.128114185054276 -0.148123288292835 -0.233547792484078
0.295312059780093 -0.0218594725423997 -0.268633088319175 -0.175549836526102
0.247578878535755 -0.138457936449527 -0.289052585282119 -0.0209183699582954
0.150592787542117 -0.220165162329497 -0.23564878548057 0.0720429768509005
0.0491801630256967 -0.246975373654609 -0.149484484690242 0.104136643808556
0.0293512993867776 -0.258870097990512 -0.0433552763017906 0.109908491054256
0.00432849545338591 -0.25122542977644 0.0592367832443834 0.0673702146194017
0.0427857130593951 -0.302564167646066 0.150161627835335 0.0636965276851771
0.173477123756673 -0.294372264130912 0.218902018646844 0.0885072839725432
0.277623350444265 -0.230149398796156 0.236321443866519 0.176617223097723
0.364145947691666 -0.0511249204761242 0.162444145256558 0.226098393496929
0.37751232510844 0.157971773264212 0.0414748628175019 0.198036133684213
0.340236833650848 0.269015093158477 0.041873488767118 0.0859143356417257
0.208511681894044 0.32017939373527 -0.0848193050564819 -0.0117228658426751
0.286611504617384 0.310041304905088 -0.0364586017665844 -0.217548884415204
0.342187427030285 0.148643936808024 -0.160692213544466 -0.269558462072302
0.359101865660634 -0.0520475084003314 -0.237006104090327 -0.18592926161847
0.280028322126811 -0.180751620560366 -0.222445290224406 -0.0679892299366787
0.164460222259697 -0.255278703034758 -0.183058783207972 -0.0163234666284716
0.0586655986158027 -0.272756769165915 -0.128073269244807 -0.00122964529773691
0.0447985996464139 -0.272656985714197 -0.037909907223628 0.00812678779232786
0.0301877542586215 -0.262022064251356 0.0584368135456183 -0.0347855999755173
0.079000269713025 -0.305750208107764 0.155322527125104 -0.0327141713516855
0.208223915124553 -0.28783194212074 0.243916905075962 0.0120063983362438
0.309516470011281 -0.215289673566543 0.256352027476151 0.143280520426272
0.388817875748212 -0.017350436477123 0.15096908250501 0.209954324784076
0.37495159386199 0.208255439481815 -0.0191221866332759 0.156619066228274
0.317189399715132 0.304168845468378 -0.0531376857252934 -0.0269858282966831
0.18005073620575 0.297553348559324 -0.167817353507999 -0.151234097862055
0.275651757893232 0.298420381706485 -0.113043066397992 -0.287675526179595
0.345791995738628 0.136644545096516 -0.170549851156119 -0.281015419319955
0.346892345069665 -0.0712732677876025 -0.190846654129723 -0.188970525000078
0.256363242384773 -0.187152862698278 -0.150675245597661 -0.125416839619628
0.146087007594603 -0.244219835848217 -0.135048448146245 -0.11324463873133
0.0558572819183487 -0.25539351902657 -0.1069951559339 -0.106057760992435
0.0542693801716775 -0.246493497633119 -0.0259917242413934 -0.0914516790959553
0.0536825089694147 -0.235772733725241 0.0692116857881425 -0.13060913457552
0.11072558411713 -0.263221559213755 0.172630736883952 -0.116992557655937
0.221932675839472 -0.230330757009948 0.269026982941921 -0.0458679776784351
0.305215308289793 -0.149013968160201 0.266284814074232 0.118583117620944
0.353636371109815 0.0429611066431975 0.132059298658217 0.187679763581955
0.31188107079098 0.244487700781123 -0.0644490050463198 0.101143150898259
0.241404786116504 0.301641167975003 -0.118677632045551 -0.140359996433583
0.115327152269687 0.225251735741651 -0.245588731201415 -0.259560811665427
0.206347854679894 0.235750781417193 -0.186844178103946 -0.316788114952175
0.271451934182869 0.103115879327746 -0.171045666232421 -0.273186585733298
0.259341084570231 -0.065986580938923 -0.147185368185412 -0.189077025239975
0.1837150947298 -0.146936401951042 -0.0962922843538987 -0.180662987903366
0.105708412801413 -0.182760827250286 -0.103772118116586 -0.197719670734236
0.0468280167271747 -0.192841802873147 -0.0911612973890117 -0.192769249939251
0.0563402110264532 -0.182605426220138 -0.0097338836806794 -0.175101559176309
0.0653836391128473 -0.175622201590431 0.0932130537819139 -0.2073244348606
0.119462733380309 -0.186068846451731 0.204274537359705 -0.176320511481493
0.198159170849679 -0.14423835136154 0.301432088212958 -0.0770170339094596
0.255738726868351 -0.0661194397883939 0.272637326837967 0.106965618133673
0.268523478655983 0.0952813603642437 0.11619831230312 0.162924331312139
0.20570388929924 0.243678707886424 -0.0794860807450952 0.0404097171033837
0.134614354361476 0.254473299460394 -0.142700768156541 -0.238456087437081
0.017165627533891 0.122707754116454 -0.299396658440653 -0.318729699342279
0.0883418235800032 0.146963822542153 -0.232331598451483 -0.308045912508195
0.140759234199896 0.0688506036075474 -0.162715023482352 -0.258308649583013
0.126199805811155 -0.0289154848381147 -0.1206909277611 -0.193501777529072
0.0878353047380618 -0.064249679227405 -0.0769129866823508 -0.217752146819595
0.0592935924601681 -0.0818451696569749 -0.0946304919795395 -0.246181220229287
0.0382130430301835 -0.0959981947764 -0.0805671029458747 -0.244721270291719
0.0487299121352638 -0.0919541968985595 0.00804670811247698 -0.230116265390098
0.0584766819043726 -0.091581520960091 0.121294688968744 -0.254810689236038
0.0916376106967983 -0.0926163812688946 0.242052703022527 -0.206343551152616
0.129943678608318 -0.0613033371395652 0.331757643434878 -0.084152304788577
0.166036947516285 -0.00826860515711347 0.278807832124407 0.104017830851842
0.159398915272841 0.10487004909496 0.1133928464588 0.141376431356588
0.0892579906836894 0.189069831712982 -0.0605187304818819 -0.00649980478754226
0.0222293006573583 0.161320424453507 -0.127029518078575 -0.303675467730152
0.0599493366205206 -0.0366926625104086 0.141588089350811 0.310248093898301
-0.0032242247728988 -0.0837389263945478 0.106538369554814 0.035851290744558
-0.0640044966379427 -0.0427992108685458 -0.100165903800076 -0.134939313658536
-0.0482167670613084 0.0128582893981148 -0.280521611338821 -0.124425461756997
-0.0237142638655495 0.0156365713680178 -0.352376890847696 0.0596147501153
-0.0200360074977091 0.00583480512919989 -0.272122293895025 0.223009442718234
-0.0299487809704702 0.00275929382376256 -0.136736934197257 0.283999935449716
-0.0308989541390175 -0.0159856397032574 -0.00843728408206511 0.278526231686078
-0.0393790089799193 -0.0150785163351232 0.0833597298756774 0.254436967296621
-0.0389975823928404 -0.0346365576193236 0.125441109493693 0.250375913692366
-0.00785936535444562 -0.0406230448674861 0.111858639531453 0.235184469646287
-0.00419349549649025 -0.0256283206520457 0.125499191877579 0.213732883962196
0.000801774981848786 -0.0406313069088714 0.142881252669093 0.230401533815345
0.0558136545765939 -0.0517837223005623 0.175841592700757 0.285614769614667
0.0863135949535899 -0.0110356471492394 0.288930548527489 0.312198875041195
0.129480416018925 0.0800352377970918 0.104142668781041 0.300173398972394
0.0905247976196963 0.0277377167659269 0.0798210728592293 0.0196823052721798
0.0414551965448077 0.0075394686967085 -0.117962785800887 -0.141820622043648
0.0608123254760981 0.00335368007434296 -0.279941638825876 -0.130953985226228
0.070221379518786 -0.0371488906822827 -0.347198985960501 0.0424871704048513
0.0397908229709987 -0.0786360578609866 -0.278436769548288 0.194596184357313
-0.00636299803120633 -0.0942865133517872 -0.15113513465 0.254983250601883
-0.017528760834983 -0.117421296759751 -0.0208844882932974 0.253851621349662
-0.0337681673993333 -0.116322463995017 0.0798866646636798 0.220988017109591
-0.0159121387956806 -0.152112641865434 0.141142211475873 0.215684797400436
0.0655193734124586 -0.152086030269503 0.150499374570253 0.212352372878855
0.116015880696408 -0.10937703748313 0.159561194036676 0.21316295317565
0.151479140938359 -0.0450486959337426 0.14908052403019 0.226785872478564
0.196037911327984 0.0282207489216239 0.150441617809809 0.250040510648548
0.208756790427205 0.0979064804387827 0.235793792059461 0.258492514026552
0.178821211675752 0.189233285187455 0.0552910015311709 0.235417041506856
0.176303837149929 0.145960320849868 0.0548694474787128 -0.0377678672516957
0.154435945470541 0.0673697631729525 -0.134832217658421 -0.175021882276284
0.178263452783165 -0.00886700086652232 -0.279084004252846 -0.143801330361102
0.16234738303069 -0.0910152952805442 -0.323218522556792 0.0219079027639099
0.0967935693233925 -0.156687092580713 -0.260886307393224 0.147440038728334
0.0183103130248599 -0.180224677694036 -0.151117489882666 0.193852390466131
-0.00168444184391078 -0.201051006975947 -0.0314538864239082 0.193005848934319
-0.0247203541024306 -0.196065881800463 0.0711371232972163 0.152355100730783
0.00207776972841256 -0.243409640490295 0.150071611652862 0.144973860423905
0.115979607817762 -0.245324540436519 0.189295479499378 0.153435008130176
0.201462108434386 -0.19105858812225 0.202503844995307 0.192995491539574
0.273624959698979 -0.0636434740819689 0.159934726882811 0.221376818000276
0.309825848702086 0.0871084658420421 0.105529111744334 0.218535757554637
0.301160519992288 0.183759914488756 0.14820680143681 0.178975141481842
0.208428240615701 0.268150309953465 -0.00493111217914774 0.125150378746664
0.250347232581093 0.240858767834602 0.0199436877393716 -0.12243555790375
0.264841170900819 0.113775852524367 -0.150429838597361 -0.21945860299196
0.284457959186696 -0.0350264597206199 -0.266598646473629 -0.160394393967331
0.232619528009305 -0.147372464236954 -0.278414640658607 -0.00936336285484866
0.135489181065284 -0.220244333108674 -0.222995144332867 0.0785855229028153
0.0357041248974493 -0.240765192679013 -0.140661081969789 0.107242934524388
0.015016931356972 -0.25221927173254 -0.0366979614395314 0.107906859341603
-0.00822414744562287 -0.244160036155411 0.0597390261105118 0.0611040747346843
0.026600958318459 -0.295028606773623 0.150378558564056 0.053897575625357
0.154026802047813 -0.295429885844135 0.217574763942955 0.0766839403932128
0.258741075505456 -0.236625207824714 0.236350537550289 0.160382189184537
0.351944442368078 -0.0668054279700366 0.162494601572692 0.212130032085814
0.374345954874275 0.137070892542806 0.0482019148251125 0.189139018718255
0.341098578590439 0.245300474765703 0.0451245701332345 0.0833497032461649
0.212121509413064 0.300767610926765 -0.0818188697538475 -0.0101343730375253
0.291768804491728 0.287837218690058 -0.0395606587552879 -0.209835654588472
0.336675870865902 0.131634931524224 -0.164049445952616 -0.253133790921917
0.34435371521148 -0.0671340678002892 -0.236138714928726 -0.170465320155006
0.262384942112747 -0.189536685008805 -0.214743947066914 -0.0581151408938275
0.146295337945076 -0.254252879171054 -0.176786519431157 -0.00999566180867931
0.0431343757223309 -0.265844397770722 -0.124731986904244 0.00508874357657285
0.0291881336616107 -0.267076481283726 -0.0351533660636235 0.00918593613181552
0.0160384636669777 -0.256324988152425 0.0546601266117108 -0.0375507662676565
0.0614452581842299 -0.300040155525275 0.150773122110723 -0.0400182856084189
0.187518127760865 -0.290763521115633 0.237935851492001 0.00016099675933992
0.288898621828203 -0.223644015816157 0.256332533685608 0.127179316515664
0.376607394093536 -0.0348883936109733 0.151376824931758 0.196927368161757
0.375316143551613 0.185928259927974 -0.0129368845710722 0.151611511971598
0.318814791574333 0.279093223288865 -0.051556960865973 -0.0214094981262274
0.183965011292595 0.280186629096623 -0.168461486440705 -0.140619091528328
0.279847731573741 0.276319327829867 -0.117000066124153 -0.273402538304057
0.339351582782172 0.11848311719016 -0.173968393822253 -0.264248402836208
0.331721072957792 -0.0853098207654327 -0.190914050969249 -0.174955963427625
0.238643595759561 -0.194131406018118 -0.146970902276399 -0.116678502691095
0.129192879351259 -0.242689119101514 -0.134809701960176 -0.106337325791069
0.0410907740817525 -0.248164913211096 -0.110073180265338 -0.0970072429369044
0.0395226178393723 -0.241259836552344 -0.0280818300323446 -0.0876361730096798
0.0398646448481198 -0.231303272277202 0.0611417013074429 -0.130907723044372
0.0941586143270747 -0.260100796959521 0.162537758214286 -0.122313639907463
0.202637199173541 -0.235310747563969 0.259966821610271 -0.0575566461437761
0.287060898531205 -0.159009888011005 0.265414450108524 0.103271211845546
0.344318154409062 0.0251367076304157 0.133179876780934 0.176241941590586
0.313289011628747 0.222160822736402 -0.0591556394020409 0.101157301562763
0.245159451129882 0.280573672270552 -0.11984700187119 -0.127009512763609
0.118490976626866 0.211926807861546 -0.24892014266301 -0.24142646069943
0.209391209789837 0.218876043960725 -0.190075210071479 -0.298548508965572
0.266191636246092 0.0897088257353125 -0.174549781614736 -0.257021915991665
0.247912862348612 -0.0754012687503674 -0.148364701874332 -0.177355986553919
0.170074054806788 -0.150991385784797 -0.0979097872618637 -0.173136178517176
0.0929530776378209 -0.180749145955879 -0.109820463836145 -0.188803580539667
0.0355927452243974 -0.187529896835185 -0.0985611107323557 -0.181559513753158
0.0449396951522439 -0.180020970229445 -0.0164805310358997 -0.169195759261906
0.0539295844616295 -0.1726997363146 0.0801582989280584 -0.205250726809293
0.106215426980895 -0.185580900782165 0.190187534977223 -0.181211278571663
0.183232602695211 -0.148837506073298 0.288746198785107 -0.0889123159769531
0.242468204958188 -0.0755684375847119 0.270205695960625 0.0915755788314755
0.263467464250123 0.0792366769546813 0.117749533999347 0.152202923445608
0.210002835331941 0.225946819093274 -0.0761815822698482 0.0433727397938355
0.1387458157248 0.238414816944305 -0.148101267009161 -0.220283152794423
0.0200435521233192 0.117395561435124 -0.302761386990215 -0.295510509700868
0.0906897689873602 0.138034350658397 -0.233314283313438 -0.287593880782555
0.138385408397969 0.0607846810290586 -0.165436721337278 -0.244420667974375
0.120324692181227 -0.0337791048598454 -0.122880294557654 -0.181446518896936
0.0805629497458715 -0.0655199953671011 -0.0813913771442181 -0.210022451452051
0.0532756112717406 -0.0805110677376472 -0.104006468409127 -0.235788094080468
0.031947775618442 -0.0933234686085154 -0.0899168914166032 -0.232460322683032
0.0426133917050504 -0.0920299300215594 -0.00255840715763174 -0.222606679866778
0.0512589483062234 -0.0909186651661285 0.105579493628929 -0.251823020772512
0.0839418049961605 -0.0938782866154103 0.224329761349594 -0.210685954728433
0.121220057492083 -0.0651158208530153 0.317772663542091 -0.0970508432085458
0.158920828914474 -0.0149037183708722 0.275507231559455 0.0882288868177359
0.15831678970103 0.0940520509239926 0.115802943204043 0.131315917533507
0.0936116048604847 0.178449238097835 -0.0597678862145673 -0.00246176528582436
0.0261385020357642 0.153266206022844 -0.135993515439561 -0.283853595742308
0.0582537509970624 -0.0374651383262741 0.149070997604187 0.296245715518726
-0.00539024746879038 -0.0834806115236297 0.108848201651133 0.0293726244563292
-0.0631804154669653 -0.0401296993672505 -0.101017468591087 -0.128069355079043
-0.0464375086564784 0.0136672437604373 -0.278086178451498 -0.109936881065719
-0.0218583590801155 0.015020528172619 -0.34335562837951 0.072408416679597
-0.0183641482686797 0.00472941355359084 -0.255535285555053 0.227731718623111
-0.0287157692401413 0.00321435368919317 -0.119172342698824 0.282118912886796
-0.0310304802993826 -0.01492783994691 0.0030358002228822 0.271713014965674
-0.0376356503810027 -0.0138653557145519 0.0927136408715455 0.245091496692586
-0.0399003509191479 -0.0317828057923242 0.134650462372168 0.239923800543223
-0.0089016542915597 -0.0403274254176725 0.117981995554205 0.227459797971356
-0.00354524798368512 -0.0254813191679839 0.128387656317633 0.203988527548305
0.000271819902267359 -0.0401414577308556 0.144086088665888 0.220360500373506
0.0530489466718776 -0.0532935790604521 0.179750157189821 0.272034234282233
0.0848365530704947 -0.0137352506502432 0.294473596854484 0.293300626213433
0.129670432050387 0.0736477768209418 0.112714887062365 0.28750301934994
0.0903953878447754 0.0217417887728886 0.0824485938616641 0.0146477580639561
0.0408101121654291 0.00553452018661744 -0.117834539443914 -0.133338057752333
0.059128671777758 0.000327846827746476 -0.277460669743915 -0.11713259694097
0.0667450222494407 -0.0404697235859532 -0.337450481645657 0.0546493047235112
0.0359809144962675 -0.0794341819382488 -0.262465197186937 0.200036707568303
-0.00992652133521656 -0.0927584173096659 -0.134865314878844 0.255207738252477
-0.0226985495501053 -0.114859893096209 -0.00976714176647932 0.247778924570759
-0.03718372131603 -0.112704327238917 0.08785704713543 0.212015871825617
-0.0225529537683475 -0.148133566073266 0.148280911897846 0.205218837408783
0.0571168474747643 -0.153263018021456 0.155981111606429 0.203056888691496
0.110030154835794 -0.112473308938182 0.162066984564433 0.203210151651616
0.147262467334079 -0.0496417925725625 0.149966394883023 0.216764920640509
0.194226419122289 0.0197450001219475 0.15326585887324 0.238169488397358
0.208381120988799 0.0866108765890087 0.241159716009111 0.24274320611533
0.180252286824647 0.179147690242354 0.0635373404641187 0.225684343869614
0.17875846625129 0.135066551744205 0.056679500101119 -0.0407094088332652
0.152949330561687 0.0608548605297958 -0.135488854856048 -0.165368995691337
0.172896298712368 -0.0160224723137783 -0.276834394383889 -0.130542051202273
0.154115320535776 -0.0969986921155617 -0.313548113410252 0.0321801013158943
0.087889439543915 -0.157837130710745 -0.247374930260035 0.152377691753928
0.00993838472925661 -0.176578647547849 -0.138850395885844 0.195768648309243
-0.0111376027594555 -0.196961577002342 -0.0219641088440512 0.189118424403737
-0.0318271533311936 -0.19190990422601 0.0755295930689775 0.144898083815523
-0.00894035604525346 -0.238207118518681 0.15524198165045 0.134251517213314
0.102454969965683 -0.246198295338029 0.192238677789279 0.143040536787145
0.190019985752818 -0.19590046716085 0.204938294581243 0.180834841487358
0.266126953167288 -0.0732974708598196 0.160146658515179 0.211603219215496
0.308458340442385 0.0735495158451651 0.109877210172773 0.208848995726876
0.30088798768704 0.168298725277113 0.152424611537986 0.170525229473342
0.210754416167035 0.255247424131875 -8.0553838786795E-05 0.119458223185912
0.255788451315798 0.225407840100009 0.0192437452349972 -0.121764091267626
0.261757709885877 0.10247427320888 -0.151659359240901 -0.207879441031384
0.275408458629483 -0.0458493003264994 -0.264591326647134 -0.146267405051018
0.221120791441702 -0.154904735090779 -0.269461446690357 -0.000486344559793721
0.122816105037173 -0.221518104890805 -0.213651918846022 0.0831849704654186
0.0244888492437408 -0.235610693741628 -0.133015722357484 0.11017509695221
0.00257851706800689 -0.248052428125302 -0.0305964104875023 0.105587546333219
-0.0178422337424637 -0.239280445509412 0.0609113125963299 0.0571945042383185
0.0134767043741854 -0.289079133808266 0.151370294402773 0.0451149390235028
0.137257349144968 -0.297349576385008 0.217134895231495 0.0659187754334887
0.242251077875353 -0.242732170726596 0.238809306497712 0.147579050960897
0.342043281407886 -0.0800592055471679 0.161768514549011 0.202501620935438
0.374314447737201 0.119027193036083 0.0523885819177391 0.181935357379174
0.341651971981115 0.22536711566512 0.0478115787228598 0.0817343748631179
0.216799672625998 0.286482454206854 -0.0793295620494451 -0.00892034198872479
0.29711281975546 0.270335381461054 -0.0412852143540104 -0.204155740974944
0.333106269055691 0.117444620170518 -0.166688036745116 -0.240705728409754
0.332430795985412 -0.0779735792175737 -0.234301608852212 -0.158721992253347
0.247375408059453 -0.196807820676667 -0.208326022887329 -0.0510178241424545
0.131688329660542 -0.254618126765494 -0.171790946768602 -0.00562119387639099
0.0307095365460794 -0.260011389388264 -0.12218930260396 0.0102301221317083
0.0157638146743302 -0.261724099369573 -0.0324523213164618 0.0101035256791841
0.00460885475171085 -0.251446333973271 0.0515265627568146 -0.0396280058641793
0.046452935874672 -0.295572326799778 0.147803228783725 -0.0469822823400529
0.169436250093222 -0.293357548966872 0.233926977578128 -0.00941314722957473
0.272250499247768 -0.231718375786673 0.25660274143698 0.113758362420682
0.367580901455899 -0.0499279523715987 0.151482681382173 0.186588839762934
0.375205906599892 0.165690090714516 -0.00773722219737623 0.147923563251465
0.321138956668396 0.25993543950193 -0.0494744445094693 -0.0162145101501384
0.188642297459386 0.26469067209234 -0.16856201978781 -0.132885925253394
0.284480162376114 0.259895241944393 -0.119683956623389 -0.26398816711176
0.335290786334315 0.104600697181469 -0.177197834682875 -0.252018380309268
0.320017541443992 -0.096207093253022 -0.190416719211056 -0.164916850607502
0.223851206265937 -0.200131613575808 -0.144839397737271 -0.111611846987448
0.115705043281365 -0.242226985401975 -0.136587219182907 -0.100801824066671
0.0287432149450051 -0.242344152933 -0.112358229447909 -0.0894060062167744
0.0271374047200905 -0.237364175135986 -0.0294649522316111 -0.0845271012686961
0.0279616199514268 -0.227383622841233 0.0541688247046724 -0.130416982930366
0.0798595071830648 -0.258289356967141 0.155138635492028 -0.127121160855244
0.185626653121266 -0.239640308584886 0.252486580286082 -0.0682976980257946
0.272228729301928 -0.167452635413339 0.264426185699752 0.0898610153338711
0.336397511705997 0.00976948871568274 0.133545144047138 0.166362278140971
0.317079832654354 0.203287615667114 -0.0554106685410525 0.100309047375821
0.248762128220651 0.261224294468105 -0.120670255920169 -0.116189953734837
0.121882367784401 0.202422916796549 -0.251728868827003 -0.227423895999838
0.212267030888017 0.205429429786478 -0.192672175267669 -0.285047348993493
0.262707994494023 0.0782339053660293 -0.177908257095712 -0.244627558097022
0.238110003959239 -0.0834021186057892 -0.148503757466052 -0.167939462614924
0.158955827745491 -0.154625780109568 -0.0998572075872447 -0.167924333740275
0.0831170823088038 -0.179623640216265 -0.115409911853864 -0.182441456405228
0.026653337639302 -0.183041174544691 -0.104980215046744 -0.172053230927343
0.035073801545586 -0.178056904274062 -0.0217128087584071 -0.164519205080575
0.0444514219838774 -0.170933193509171 0.0696836413995464 -0.204291089768732
0.0945094899200176 -0.186134839033278 0.178260546771242 -0.18501561665518
0.170985019719571 -0.15394508367549 0.278876002352588 -0.0989641407339354
0.232040281089221 -0.0839392566636405 0.26966468789488 0.0787717261054624
0.259031500457157 0.0658438163672405 0.118923379783909 0.143540258667254
0.213818894222745 0.212066335111074 -0.0732860412030129 0.0455692984845326
0.141610903625183 0.225821768714469 -0.151277945134571 -0.204968146121802
0.0228729805024227 0.113226943075239 -0.305376912058335 -0.278035796225654
0.0928577140236855 0.130912920749334 -0.235468407567772 -0.271651572228623
0.136318207385339 0.0549188763725438 -0.168701255414945 -0.232445444303449
0.115582532820685 -0.037437341392387 -0.123876134457824 -0.173526638077418
0.0749854137799891 -0.0670325258917718 -0.085717163847346 -0.204982783557309
0.0490082124936999 -0.0798241256524609 -0.112712273240527 -0.227848167666558
0.0276978626436457 -0.0911195737405678 -0.0992773196703529 -0.221806021021039
0.0373132061142915 -0.0915823998805326 -0.0103665265679411 -0.217830531043743
0.045744430260311 -0.0905736568426242 0.0924561904784683 -0.25004459707312
0.0773061066287999 -0.0951549812751027 0.209173470497678 -0.214837938482723
0.114670411766748 -0.0678975105355015 0.305645297811719 -0.108502420359298
0.152649455659503 -0.020344881423903 0.274463313155158 0.0755289770035044
0.156622035667451 0.0853387938604205 0.117435146972931 0.123483134446336
0.0977275665578222 0.170493636693595 -0.0594448041087152 0.0010320886047522
0.0286176955395901 0.147358731404138 -0.142322802840511 -0.26759981528
0.0582932926826101 -0.0261201512814127 0.0970133001280117 0.310830138943111
0.00711356728929328 -0.0805987337324754 0.106880662349942 0.04499326740597
-0.0506443907614055 -0.0490598559911576 -0.0699941467798403 -0.141004598280228
-0.0413540933622483 0.00312834697234023 -0.248369706515692 -0.152970648951234
-0.0192223061879706 0.00669604344291665 -0.342431308484455 0.0124107545224828
-0.0153787101177909 -0.00190860704542257 -0.284664936304175 0.17583402702603
-0.0254887976534409 -0.0021629956297146 -0.164638438796076 0.252207786000169
-0.02695983279898 -0.0215739944646464 -0.0445225980545919 0.261534253212617
-0.0326253300295971 -0.0217411104306979 0.0479122855519816 0.251687090571222
-0.0315777752524154 -0.0380988272098093 0.086153857571148 0.252840880479046
-0.000994764750615473 -0.0412930304177935 0.0725983151811292 0.240498438305085
0.00434364217893021 -0.0265254002027885 0.0830043363740953 0.220836629064509
0.0112054738565853 -0.0378485134882135 0.096895692806671 0.240411559676198
0.0643664510012107 -0.0419006210406552 0.127172183044059 0.301383724536382
0.0852811416687739 0.00245098293390989 0.236433462516509 0.347544573909472
0.105312377695089 0.0911402829146768 0.0645298816019005 0.297434275005411
0.081476260106505 0.0338006057896061 0.0796219939625337 0.0290379530575798
0.0403872213576471 0.0115308827189287 -0.0873114115030791 -0.146618188509991
0.0588802660069172 0.00768812083574868 -0.246055849555872 -0.158001366010817
0.0741242146622233 -0.031216553871097 -0.334304418649643 -0.00309486236029749
0.050284436395825 -0.0728463953246113 -0.285669510299543 0.148860838746976
0.00713108793817853 -0.0903731547566063 -0.173994347645276 0.222310547890093
-0.00221420645792622 -0.117479459633052 -0.0528043070051489 0.23594289178365
-0.0141669766091977 -0.116654626714125 0.04869977586046 0.218219946814961
0.00483961668095949 -0.145840544191472 0.107669523280066 0.220086673799795
0.0834079377527967 -0.138609046582027 0.116399598282709 0.218650641225455
0.128547872135559 -0.0873311101582814 0.120518558718606 0.221999634877049
0.155104796645556 -0.0181569148094128 0.106888312722254 0.237309379065373
0.186624613059021 0.0554474455606047 0.107474287243777 0.26508690619555
0.185200738635815 0.122733400365122 0.194813620890928 0.289519570787439
0.135135050246076 0.199735693188807 0.0258569249916251 0.230793571461249
0.148299421910463 0.155301710463021 0.0598122389608352 -0.0256101977574618
0.137685931806206 0.0829719935295414 -0.10096251004938 -0.176454394303468
0.167058843287421 0.0108392379249265 -0.242245442562129 -0.168623015711385
0.166166764558077 -0.0700920689514607 -0.308744030130801 -0.0195571838298791
0.11210338025852 -0.137749706281912 -0.26218705206945 0.107548002196287
0.0394978969407145 -0.166903777112944 -0.167030949870567 0.163550306009474
0.0220614560959547 -0.194356554794652 -0.0538928397401819 0.177063303666563
0.00444507385589591 -0.190872228195753 0.0487485721790269 0.151372803537189
0.0331129842790073 -0.229522277491524 0.127055626000271 0.151787200793397
0.142930067897292 -0.219951240546918 0.163767181969729 0.164572394542989
0.219421851669477 -0.151882146793176 0.168819012677149 0.206051672705962
0.275156834507265 -0.0168992112471674 0.122258755549046 0.23350482346315
0.287007956143039 0.129048538230025 0.0706884856231413 0.229937258309736
0.258430818982685 0.217617702928956 0.121305379455328 0.200049040965349
0.151817076417244 0.277557222199239 -0.0174984225518302 0.118578921214628
0.207527822997017 0.254401434529801 0.0335186823831082 -0.108074526810247
0.234662291452174 0.141071501519888 -0.109762827452324 -0.216113135476007
0.266969914125213 0.000677932453784021 -0.227311660477863 -0.179226002371415
0.238314243840996 -0.113002189149733 -0.260766243765817 -0.0438829452044803
0.156068422411037 -0.19195743499839 -0.217722973313919 0.0475774024218678
0.0622495254495839 -0.221158087762988 -0.146226647329039 0.082902111526737
0.0431151187866589 -0.24201337384868 -0.0469855647031046 0.0960939498239926
0.025884110737187 -0.233622117292193 0.050381338585341 0.0634797889225167
0.0626100166223009 -0.274952374002196 0.140369303127644 0.064285413583942
0.184797432845172 -0.262582040188956 0.202673763479318 0.0919029958083319
0.276651058167265 -0.186167181224362 0.210774267465326 0.177524618403673
0.349807497522119 -0.0105861011924478 0.129394985229364 0.223024840757647
0.34087786594918 0.185756765029623 0.0193734063438076 0.193748956018704
0.28456786907928 0.281855179819813 0.0352873991080077 0.0920723833838967
0.153118897636164 0.308237061002747 -0.0737528178347311 -0.0187899769712626
0.241543086140954 0.302777716734544 -0.0134838298456944 -0.196034158539824
0.300914070908817 0.167702953353089 -0.120029380406533 -0.248625587463032
0.326895438315194 -0.0198074611585729 -0.19530786786984 -0.185691926086443
0.270092705444857 -0.147042724064405 -0.192813135115486 -0.0817782444756222
0.170040415441494 -0.220352619891024 -0.162616743349569 -0.0318147601231368
0.0716551192598274 -0.243072024602953 -0.118389411049164 -0.0125048549565694
0.0594436638519603 -0.252371239581549 -0.0327911048430908 0.00326433287114794
0.0498299903678705 -0.240091216844418 0.0585379345535198 -0.0304137651369787
0.0945046970415784 -0.274718992897312 0.153013281750452 -0.0236100474297822
0.214267536983944 -0.253404734295142 0.232816607167399 0.0216022317642208
0.301127018823506 -0.170777018402819 0.234825129094196 0.148956741572174
0.36721331869285 0.0246382045169158 0.122608495291738 0.206858659216124
0.333396406153644 0.230205021552871 -0.0345556896608929 0.150833896929234
0.257650334429763 0.31053080472218 -0.0427132715241543 -0.0230812929732186
0.132941245020102 0.283082225889235 -0.140031925832064 -0.153066330969252
0.23328318176312 0.290127584551428 -0.0797813534332557 -0.266417076189383
0.304970970501103 0.155795409588875 -0.127771436379961 -0.260053444761165
0.316946900585335 -0.0380931420305966 -0.15162916808914 -0.183856774697127
0.247451193396076 -0.152862638732177 -0.121750621373713 -0.129978035761811
0.151814778424333 -0.210326224620495 -0.112366934216296 -0.118728585973428
0.066573482369506 -0.225921535088793 -0.0912248987099308 -0.107083402147801
0.0658913016551464 -0.226200839147005 -0.0126287303253018 -0.087192476399395
0.0670923935132127 -0.212363874257853 0.0766381331618615 -0.117064172561175
0.119592327101767 -0.232855548798434 0.174664602748795 -0.0977929982836416
0.22011493065291 -0.197538198060846 0.261755253634875 -0.0293270117354723
0.28932261987869 -0.109154500422287 0.248635297923593 0.128878727442809
0.324481727439505 0.0757451319154559 0.108985105477761 0.184941912328395
0.268055678972546 0.256341033734397 -0.072756918094547 0.0952323568551588
0.189072274112411 0.298116387475846 -0.0943345980892724 -0.135474776502215
0.0827421943044844 0.210845910432639 -0.204813748992432 -0.258426805596802
0.173333099374768 0.227099901935271 -0.144428268062492 -0.3014022506653
0.24020451517817 0.118359885817742 -0.129218488678714 -0.256880678164316
0.237989374167513 -0.0389977621863802 -0.110314409165577 -0.181676626548495
0.177811812435312 -0.119339890673799 -0.0683993866777706 -0.177520210859247
0.110193332764606 -0.155293751961005 -0.0798792161842675 -0.195650844926089
0.0540775805446314 -0.169036184791021 -0.0704961089497311 -0.186132232272
0.063086891792017 -0.166786950515884 0.00897636004996962 -0.161927296708661
0.0730411325546457 -0.154666013981225 0.103795421499719 -0.183917694143344
0.121162593284733 -0.160979267581505 0.205859919488447 -0.147290892971221
0.190376120274351 -0.116281670174646 0.291050329527106 -0.0515978554151865
0.234727866267267 -0.0371598918819214 0.254226312645661 0.122160946954818
0.237738638776232 0.11498854010571 0.0963791077297131 0.161343478669945
0.166180830081087 0.244414709702824 -0.08179669182471 0.0371990467647453
0.091365139057936 0.244114281075407 -0.108563253547227 -0.229238727937471
0.00606389038308646 0.108603157707386 -0.250374153287376 -0.317933659222564
0.0716872319664303 0.137356409011656 -0.184853053922157 -0.298567489041817
0.123694913333117 0.0745257681655359 -0.121317218269697 -0.247255886012757
0.11651894414074 -0.0155888095041627 -0.0864151910621265 -0.184633912716612
0.0836718863603972 -0.0486576769744333 -0.0482335545724275 -0.212606619094176
0.0608829652249994 -0.0651048491990371 -0.0713084176836433 -0.240174675711252
0.0399102781681274 -0.081433786346702 -0.0574485072678158 -0.233115028112173
0.0505385322918992 -0.0823087172641739 0.0293660861477414 -0.210280311042384
0.0596363030363869 -0.0780774993658203 0.133007588285979 -0.224187285526643
0.088659335459587 -0.077770018978264 0.239228668340679 -0.168374508010214
0.120892963514748 -0.0436939991497035 0.314999805164453 -0.0529953244154746
0.148344961472251 0.00796738997655634 0.257155258403336 0.122236789530628
0.134259036317359 0.113658323168987 0.0966100649607481 0.142620447612464
0.0611742630597174 0.181478808577834 -0.061209006947806 -0.00510945228443596
-0.00262388403349024 0.147860170126057 -0.0889524332116312 -0.289771482012328
0.0564240605608663 -0.0270392166257552 0.105417015619366 0.297203336772663
0.00371842170608402 -0.0794145359630433 0.108230402985916 0.0375332057912079
-0.0502562776016762 -0.0468069117184218 -0.0705728905367508 -0.136031402355246
-0.0398424202263014 0.00416235440320417 -0.24588141122128 -0.139946459331388
-0.01801546785057 0.0060595673805409 -0.332099248149796 0.0235142961097202
-0.0148162647254552 -0.00301673504288119 -0.27013428769696 0.179441278574684
-0.0235327142767082 -0.00239763100870033 -0.147873553504893 0.249837571418897
-0.0267510493463416 -0.0211823373880077 -0.0325902358140909 0.256262837260159
-0.0319548830634203 -0.0211293771900965 0.0570653129485263 0.242179477634098
-0.0317432441468588 -0.035567814854121 0.0945285612559928 0.243484182753798
-0.00214815365401683 -0.0408877468455397 0.0793821910888635 0.232745559344567
0.00401828175673686 -0.0266717060928229 0.0853449115656067 0.212345358636434
0.0106447371310866 -0.0369275861659688 0.0987717909114292 0.231575455126535
0.0619458684453753 -0.0435503244354851 0.130413135342489 0.288751552392706
0.0825227120772073 -0.00190171298114923 0.242016240294325 0.328571207427153
0.105251183160297 0.0852908591513026 0.0725720091915808 0.285670164747138
0.0806767377945904 0.0286888689820114 0.0821175620613271 0.0233228549936298
0.0391152342497288 0.00866131754902375 -0.0863406060399589 -0.139147627057669
0.0567662174950914 0.00459525226227037 -0.242815488576985 -0.145511054109531
0.0705320571563356 -0.0345681062231384 -0.324259504126031 0.00827449880945231
0.0453557095579921 -0.0743615420318776 -0.271066191183388 0.153542881422897
0.00439352951894383 -0.0886995900129724 -0.158691833938539 0.221575319157133
-0.00729108870781521 -0.115362722899172 -0.0413531023520431 0.230955662406662
-0.0181541473692633 -0.114059092597603 0.0564141740632605 0.209998737115939
-0.000546934732288704 -0.14228659906259 0.115234115931304 0.209156135118316
0.0754311834884018 -0.138789048566182 0.121298794350652 0.209892540148156
0.122038333151271 -0.0909520673661471 0.123591253432399 0.212687283436984
0.151160488808174 -0.0231673894838476 0.108905016926779 0.227918354554288
0.184352653105893 0.0468501221129878 0.110986796211802 0.25385879774042
0.183184997053776 0.111932127166124 0.200589147798265 0.274069643503966
0.137394049028124 0.190158348252243 0.0335842521594959 0.221498130871535
0.150014975830495 0.144534390532341 0.0613391988579994 -0.0287591764516609
0.136229043212047 0.076125273536261 -0.100072524199083 -0.167429870320146
0.161882440310991 0.00435766402614893 -0.238995828506642 -0.156746963375672
0.157617781041692 -0.0750532109034223 -0.29896026243543 -0.00940957370456738
0.103582914657494 -0.139793187400455 -0.250009387151441 0.112219984548428
0.0322308528333548 -0.163566944091375 -0.154985407295213 0.165274024694611
0.0123617629786383 -0.191191214961707 -0.0448575382376701 0.174191516722454
-0.00332116738884431 -0.18598772022605 0.0539871310912456 0.144223721918872
0.0232117783731885 -0.224126081042252 0.131550521446688 0.141953444506093
0.129886407929823 -0.22105282425128 0.166676808703325 0.154622825578555
0.207595312683529 -0.157080664978782 0.171237912198154 0.194640040155053
0.26699920155535 -0.0274008854958507 0.123487500317156 0.223527699088019
0.285025700552694 0.114809441838733 0.0742120276831399 0.22081942855163
0.256944749874927 0.201226157878611 0.125662189968487 0.191045662299167
0.156130699102818 0.264469262976407 -0.0123232855088287 0.114017934744041
0.211278852573666 0.238496733223792 0.0335138027791244 -0.108323213382549
0.232982510552175 0.129899577027085 -0.110960738528591 -0.20556655471878
0.259209409368259 -0.00951559613269096 -0.224203923193832 -0.167731931063781
0.226558737672524 -0.1195748109683 -0.251867641048327 -0.0357409327767394
0.143630603129925 -0.193557933882078 -0.208936076582653 0.0512658444429129
0.0523342944266887 -0.216225212949665 -0.138820008967355 0.0857343414457376
0.031827876014495 -0.237326925185894 -0.0412089473546662 0.093954112468787
0.015949552925485 -0.229275865823643 0.0522924699093471 0.0589679696273947
0.0496536370722921 -0.269039146300342 0.140637547156957 0.0562573082689648
0.168810954167818 -0.264773241063075 0.201357335783685 0.0810711270436653
0.262290333722809 -0.193092066541979 0.210734582408966 0.164869316716352
0.34070674627038 -0.0226249375161498 0.129827256655033 0.213034735514615
0.339720418184771 0.166805653761108 0.0235043362806521 0.187762351192367
0.285627679874216 0.263182308736542 0.0387738536441729 0.0898287430192556
0.157014727532309 0.295320642819639 -0.0706471055232665 -0.0175499130346546
0.246458695274598 0.28582751485669 -0.0156394456918144 -0.19253403154842
0.297769050815308 0.152843366530659 -0.120835782131898 -0.235813509628649
0.315386682306079 -0.0321920504349054 -0.192760813801811 -0.17420018884646
0.255746904583595 -0.154025685559446 -0.18711773656849 -0.0754243320280203
0.157133078329107 -0.220911279389703 -0.158990090264226 -0.0277565152092411
0.0595978803844994 -0.237773406728719 -0.11650560634515 -0.00693318535845045
0.0459957736529791 -0.248237427709802 -0.0301391953276147 0.00342451029818821
0.0388772482627204 -0.235838446573054 0.0560236092657198 -0.0325600241248965
0.0807630307719949 -0.270114449267144 0.14921527020149 -0.0311562062059339
0.196888426072204 -0.256799167633319 0.227660231584046 0.0118264011366336
0.285697573757995 -0.177350986076926 0.235157410916314 0.135071519851131
0.357802856694223 0.00896122227817149 0.123383172551215 0.196212434485704
0.333693775776246 0.212640130899461 -0.0296541618716206 0.146383425566456
0.260144896664849 0.292126766998496 -0.0413663213408308 -0.018953777615158
0.13687302063232 0.270009483007589 -0.139884447713468 -0.145273795474048
0.236970078283498 0.27350566087096 -0.0816728386705343 -0.257495132910273
0.302011580202264 0.141748763817908 -0.129955279092497 -0.248153328178358
0.305268070929569 -0.0485842676758356 -0.150031489880332 -0.174051891205081
0.233698781910431 -0.159053769428505 -0.119848556688822 -0.124705377233481
0.139516281729571 -0.210181641736006 -0.114047396982613 -0.113901357858052
0.0554745800266789 -0.220497245057769 -0.0943463528105383 -0.0998217582568896
0.0534492467552902 -0.22264933546139 -0.0142572578630874 -0.0853134334759272
0.0564289776601984 -0.208236967498767 0.0702616729074274 -0.117032721707976
0.105923123803849 -0.230859027262389 0.166320920442622 -0.10330632772839
0.204734259483156 -0.200779309936871 0.252972992314777 -0.0390118238069968
0.275339178636466 -0.117900377082738 0.247559834413755 0.115643165231147
0.317649768240772 0.0612031799318365 0.109027458128464 0.175933699561426
0.270242935762367 0.237875306711428 -0.0682353609803086 0.0950285949300364
0.190972353878206 0.282016748726749 -0.0947743527390198 -0.125065202044633
0.0859706567777365 0.20136922985338 -0.2065316615639 -0.245210703253851
0.175976298733468 0.21434936946229 -0.146550931383391 -0.288474352762063
0.236754870587175 0.10711342394961 -0.131217498096225 -0.243835514777537
0.229601401318374 -0.0463637992576123 -0.109773321276935 -0.173283692653552
0.167325527208895 -0.122726582760498 -0.0705954677151895 -0.173557547245843
0.101275787072979 -0.154454952367892 -0.0859115461680585 -0.189255057647022
0.0457500411427895 -0.164646086597295 -0.0774296094165689 -0.176967406392275
0.0531027137680017 -0.165038523165646 0.00400131259894376 -0.159073269030936
0.0636923358172464 -0.152703130635689 0.0941147998763495 -0.183128315339767
0.109944370437234 -0.161144752707303 0.194032205914647 -0.151205191459359
0.178331552170568 -0.120520010615213 0.280495522564246 -0.0616955372951252
0.225075116634554 -0.0449649699777019 0.25264938775422 0.10864307903935
0.234423751424129 0.102721924152632 0.0974690670562443 0.152620322785764
0.169823066758733 0.230052015479152 -0.0785531534748551 0.039866484908048
0.0952296734735916 0.232862008251102 -0.112404763408078 -0.214998368521295
0.00854230287013076 0.105161499974506 -0.252108735716425 -0.3005678078798
0.0736348111815245 0.131109785223044 -0.186258220914986 -0.283887793910286
0.123209062622387 0.0686571486256932 -0.124651894348259 -0.2363389481221
0.111885653689106 -0.0193899065385715 -0.0865966746334687 -0.177931668362428
0.0786771401518817 -0.0502300101646252 -0.0528825043685456 -0.207755525188988
0.0570609735585448 -0.0647348997875543 -0.0806586583471607 -0.23228129222711
0.0356830246076573 -0.0796504960902913 -0.0659585994941784 -0.223274623821659
0.0444264726368275 -0.0827164492752409 0.0209376337550806 -0.20635867543236
0.0541187602290845 -0.0773187805298876 0.120645155468828 -0.222536559811
0.0818974655270465 -0.0785403977742826 0.225619321897738 -0.172501824965799
0.114242220409004 -0.0464452932852542 0.303126231120396 -0.0638401735395785
0.142609846583906 0.00229629472377531 0.254879255632352 0.108297368274299
0.134167872418934 0.105949569540176 0.0975281545948939 0.133855221832109
0.0650677679789833 0.173611369944912 -0.0605334578268542 -0.00178200399699288
-0.000122551619930109 0.143241517764 -0.0961140340672757 -0.274474422978822
0.0545031327536044 -0.0269705167402255 0.108046797752048 0.286220810472206
0.000849317331259567 -0.0785603461739589 0.108704250749171 0.0321609675600442
-0.0502443654117763 -0.0449949869512824 -0.0689271504965796 -0.131739292929404
-0.0390193710454821 0.00421354528633528 -0.240441160389044 -0.131722173909352
-0.0174770186593286 0.00556357259618367 -0.32360264155781 0.0311870338811408
-0.0144800953808047 -0.00454210089463619 -0.25771171292819 0.181097718126828
-0.0221751400519014 -0.0036360779420907 -0.135330506729423 0.244965790645564
-0.0265097830372852 -0.0208933452815401 -0.0244569712432634 0.25064003489769
-0.0313134714220636 -0.0210761700950636 0.0628501013958514 0.233619367354274
-0.0311310603543385 -0.0333160755316262 0.0996061723656483 0.23420033460763
-0.00290644072282103 -0.0401791938894096 0.0824623951604576 0.227666669486002
0.00446193491864223 -0.026165454543351 0.0855531682484569 0.20519311854065
0.0108451784233747 -0.035984596363468 0.096457819955515 0.224724172935133
0.0593883456974476 -0.0445424121602265 0.130564102845693 0.280343090900295
0.0798869624393991 -0.00366510432377963 0.241809785224393 0.314576827442064
0.103745625349221 0.0814068211566608 0.0764566614589927 0.274775135918488
0.0789325181934187 0.025266382490808 0.0831948542728937 0.0181744914555075
0.037277915733523 0.00784072347552943 -0.0839694778269868 -0.134486222884129
0.0543557675265408 0.00208694284751569 -0.236865180858532 -0.137385182185054
0.0667754096406483 -0.0363179065523311 -0.314640647235608 0.01419572813984
0.0419423261162874 -0.0747671743988641 -0.259158092662357 0.154759463023857
0.00190495841657435 -0.0876160877873453 -0.147285004226432 0.218460474115941
-0.0112756019052873 -0.112446073422721 -0.0335314650827275 0.225786514298357
-0.0206553026422133 -0.112081324112935 0.0609337162066806 0.201380170072209
-0.00409106021835283 -0.137753789328998 0.119085600470117 0.200187105559035
0.069885208265119 -0.138621007845027 0.123432259405683 0.202843915167576
0.117073103727329 -0.0923047227179194 0.123209343966406 0.204179243476016
0.147963737731458 -0.026190792075396 0.106711872519965 0.221142481090778
0.181775927647735 0.0408609092077284 0.11086351807393 0.245468451682047
0.179944136028065 0.103418152650932 0.20097333890395 0.263079516996032
0.136733333019346 0.182163320269642 0.037471820097437 0.212979738579379
0.149965834399063 0.13675423085525 0.0630101237185293 -0.0320864288612405
0.133740446669766 0.0712689376247781 -0.0974604601651116 -0.160557262680081
0.156333659246077 -0.000397375029797164 -0.234252612107172 -0.148798192152899
0.150701275681262 -0.0781486815317601 -0.289454836565909 -0.00442135585763554
0.0969719755144596 -0.139658758784613 -0.239872873080859 0.112762303020019
0.0274985835843842 -0.160198842875788 -0.145925711773402 0.163414451782347
0.00597753635888345 -0.186920603639545 -0.0382148172299256 0.169909634491249
-0.00798869518251826 -0.182359613362518 0.0569874534714667 0.138495674544062
0.0168485311226079 -0.218264368852896 0.133302242465467 0.133294768762124
0.120117253358728 -0.220109145903449 0.16660672121622 0.147016700844993
0.198293252017226 -0.158104759744047 0.170207393491244 0.185713668768564
0.260535176882867 -0.0332262639897332 0.121007541275916 0.215489873034217
0.28199391872408 0.104503897607558 0.0747218970294703 0.213195955782005
0.252984525680759 0.188949479672591 0.127768361933904 0.183738357138884
0.155196014109844 0.255591121088078 -0.00907122012193931 0.108878683275901
0.211515414769677 0.226719678087973 0.03447387329735 -0.107778740328666
0.229096972374966 0.121469353536534 -0.10792996984611 -0.197112360517611
0.250837388248533 -0.0154953827799048 -0.219534011826823 -0.159765009760837
0.216539408418567 -0.12308424725354 -0.242814716594631 -0.0316251948322138
0.13488263563169 -0.192801087787254 -0.201897147036483 0.0522210250445779
0.0453862620666353 -0.211855191096612 -0.132832203232044 0.0870694518564052
0.0226117630991086 -0.231955696241686 -0.0369703752010778 0.0915100352390976
0.00954767884408044 -0.223236690997233 0.0526016044474086 0.0560449642916781
0.0404512081049345 -0.263101957134779 0.139512691473024 0.0491646344099417
0.156106919333658 -0.263487268315745 0.198824055913327 0.0742299430390359
0.249374930600573 -0.195234355349361 0.209732825633829 0.155450916414156
0.330716435964978 -0.0309991453441435 0.127682279103604 0.205173757165097
0.336050494135072 0.155495984581494 0.0250000755960397 0.180881943045806
0.280960102944271 0.247384424741123 0.0413322324062818 0.0882419091620668
0.156598399531168 0.283084071663449 -0.0688153876859314 -0.0175174923173041
0.246807919586839 0.272193760456286 -0.0143665661754647 -0.188229918106169
0.292358014353338 0.143406559831074 -0.118287910226647 -0.22567243652257
0.305571373067609 -0.0381618131979284 -0.187830125915591 -0.166815699279149
0.243946510118316 -0.157169134213507 -0.180527718767195 -0.0727771506707553
0.146533675408843 -0.219306761569434 -0.155710766642072 -0.0263307749067347
0.0523703444160773 -0.231832801767559 -0.113854082565263 -0.00358245760799434
0.0361211473671434 -0.242623055796612 -0.0283880858975862 0.00242800011003167
0.0305910070854737 -0.23087387564944 0.0542408636824114 -0.0339140042785439
0.0710579886135768 -0.264686139389546 0.14574454986663 -0.0352173570976946
0.183605918539551 -0.255884469381389 0.223182682456184 0.00532732706060919
0.272208002151574 -0.180151910798878 0.232830838373078 0.125650471781408
0.347908366063794 -0.000318232766852122 0.120860442927625 0.189361237456495
0.331429583424389 0.198118416450887 -0.0269309844128646 0.142247736468364
0.256225563980944 0.27625023862799 -0.0391391539133749 -0.0153870035873378
0.136448707673919 0.259693667470491 -0.137883411518785 -0.140262513093448
0.236888529363691 0.260941467879838 -0.0812236759401509 -0.250405390398448
0.296512134014313 0.132159616026192 -0.127327188227284 -0.237397629176082
0.294532672969257 -0.054530887634209 -0.1467598456983 -0.167157476433258
0.222266740398065 -0.161139934784865 -0.116264329850431 -0.122501610407657
0.130279472709716 -0.207859020558267 -0.115081100615404 -0.110438837539469
0.0490692617568924 -0.214652937903361 -0.0952062751156594 -0.0941721022508472
0.0439800095818795 -0.218057560387829 -0.0154466124649511 -0.0842995152659991
0.0494703420744284 -0.204405896461836 0.0654015831218913 -0.116438808441279
0.0960657099630462 -0.22685497621953 0.160065414661232 -0.105859597648984
0.191749381129446 -0.201429989664205 0.245511391926132 -0.0454642330172344
0.26315658068351 -0.121287157546071 0.245194784907291 0.104836155765877
0.310066945331728 0.0508325496430211 0.107628266882979 0.16809715091462
0.269180811129262 0.225935479699211 -0.0649386789994118 0.0937146023642129
0.189179527435458 0.269666486501087 -0.0935225262941124 -0.11742949997758
0.0858414114039585 0.193378279631032 -0.204405064994589 -0.234760086833921
0.177017711759304 0.204312215350637 -0.144423357459704 -0.278594349825388
0.232776022319918 0.0994756723639781 -0.129884692929523 -0.23366042247604
0.221665392165053 -0.0502709083929583 -0.106992691800859 -0.166463064210863
0.158408723684231 -0.12369393133362 -0.069894001783202 -0.170617920179228
0.0951618965505554 -0.152601140102547 -0.0901421120007133 -0.183671181938691
0.0404609239020139 -0.159948375634103 -0.0808960269487562 -0.168860117556337
0.0458757452852933 -0.161392888571553 0.000889033607681934 -0.156833124628424
0.0577712288897209 -0.149983165525309 0.0872575790894418 -0.180732932536651
0.10143830928754 -0.158963002883969 0.185277283731531 -0.152765189830433
0.168125428750844 -0.121829449186812 0.271051131579873 -0.0674236307411113
0.215730078534098 -0.0489174154566869 0.249082115044679 0.0983501922673637
0.229528750360327 0.0932913287197338 0.0960833716250722 0.146189948022228
0.170406531657519 0.21960065675538 -0.0757269644729955 0.0403837501411568
0.0947334968712961 0.223648209117985 -0.113080810617343 -0.204018328180427
0.00881454797600108 0.100733825842331 -0.250518151889806 -0.287203448929776
0.074064388542311 0.125953786527287 -0.182738708089968 -0.272898978956423
0.121390738638316 0.0647181648516958 -0.123886241567322 -0.227241670486325
0.108237279036788 -0.0204357349443111 -0.0849800824830214 -0.171171467123152
0.0748535451495186 -0.0504663962574303 -0.0544855335324698 -0.203493472304981
0.0544692024546014 -0.0638459166934837 -0.0862280091826245 -0.22497791309964
0.0327793136742933 -0.0773457874517239 -0.0714810559697787 -0.214316933934586
0.0403403391058502 -0.0810119576812598 0.0157529359641644 -0.202221664228161
0.0498737082705934 -0.0764351408494843 0.111333066435368 -0.21973670980607
0.0769230940060926 -0.0778926158952628 0.214121550863817 -0.173597557725983
0.109355042981375 -0.0469895649596646 0.292375760778836 -0.069358697007258
0.136656690192287 -0.000459772807604415 0.250858451198228 0.098884769947278
0.132126247187636 0.099287777993645 0.0963867223851106 0.12824810533717
0.0663331193198001 0.166636233953384 -0.0588465939728136 0.000156684416268739
0.00149778282712045 0.138779645252571 -0.0989758790698786 -0.26123894560338
0.0537098490985456 -0.0269119337681403 0.109732187698904 0.279938913603567
-0.000499316507468788 -0.0780168424390384 0.108738498364323 0.0279141934968754
-0.0497670124539745 -0.0440310941514582 -0.0672656492582046 -0.130543520564572
-0.0383489637477133 0.00373321719947536 -0.23656223323135 -0.128888669188959
-0.0176278773391068 0.00489878219286047 -0.31791746851327 0.0337660296780941
-0.0151574052538898 -0.0061713826949919 -0.250359055016882 0.180677886891434
-0.0215263763042613 -0.00501638590066154 -0.128384321422174 0.239655328711126
-0.0269074457007238 -0.0209021939024769 -0.0199943601152792 0.246175221906346
-0.0308686334099742 -0.021221270229757 0.0656759760589248 0.228172303640237
-0.0304524884422604 -0.0324207651672348 0.102239394944907 0.22947292657217
-0.00291702778788148 -0.0394549689491177 0.083813690598708 0.224575275062173
0.00423094787048151 -0.0262947685117848 0.083303381237858 0.201911972836017
0.0111566150631659 -0.036051971972514 0.092879685990504 0.221759788299656
0.0585047301496592 -0.045764267167926 0.128012298739064 0.27632231004414
0.0779287585579032 -0.00461454701250827 0.241241516323886 0.306610500418961
0.102567338335802 0.0792776204078817 0.0779396288395102 0.268460724549483
0.0773671925504127 0.0230715409942705 0.084905351994085 0.0145645400188928
0.0361397602691824 0.00714907731381612 -0.0803487645619995 -0.132377172258685
0.0529983190572346 0.00134923125471098 -0.233705962372429 -0.134724581638925
0.0644081810730901 -0.0370211611535043 -0.308420847744182 0.0162033174029137
0.0395741237723477 -0.0764527048720562 -0.252440023188271 0.154492402669835
0.00115534726512818 -0.0875307534854298 -0.140602940255437 0.21470042970556
-0.0136296617450492 -0.111296657064052 -0.029987151437203 0.22159292027669
-0.0216949220685466 -0.110936273944223 0.0631412401100037 0.196701781070012
-0.00548924267640117 -0.13503797562407 0.120598084673288 0.194807421844518
0.0666559046259325 -0.138193853983457 0.124853821887247 0.199724172598891
0.114015442839543 -0.093247587242886 0.121230152342472 0.199436220787411
0.146001909084015 -0.0277522551301185 0.103888964504914 0.217719814439944
0.180007214514843 0.0375320823947148 0.108692907023044 0.242068478590736
0.176397352786022 0.0999431975136243 0.200712288368297 0.255249690484704
0.134703913586561 0.178799597631551 0.0392889895101799 0.207879286476711
0.148421032913998 0.131932043973256 0.0642343610056525 -0.0346406461333456
0.130941127623683 0.0689271900964052 -0.0932609333389827 -0.157229543478295
0.153310787553067 -0.0020436565597721 -0.229420385245838 -0.146518005883869
0.146351311999592 -0.0794887247625545 -0.283573003213703 -0.00333543344604997
0.0925884795870145 -0.140304789805117 -0.234012266239284 0.112129493388393
0.0252904661383629 -0.159077049521465 -0.140854459697291 0.16172141043843
0.00162116499490503 -0.184414980183515 -0.035118256614092 0.166195180758353
-0.0108212299015777 -0.180584020871018 0.0581903851777463 0.134353364138465
0.0138185408552498 -0.214674306090604 0.133628788749524 0.128212696269227
0.114353039987519 -0.21987165967554 0.166183707657401 0.143811368366504
0.193079703146581 -0.159695406846744 0.168409852360085 0.17975619887532
0.257196350607763 -0.0360081258961035 0.117976192322626 0.211855547553051
0.279742896397437 0.0991846566923892 0.0723725319964393 0.209492021394883
0.248851212814397 0.182922307888786 0.12797367838051 0.179336368193765
0.153272997325906 0.250015552568909 -0.0071310670203494 0.105966641747477
0.211760729494631 0.219930441165424 0.0361636431939584 -0.109207417624727
0.22607534201554 0.117955426400945 -0.103000778017909 -0.192598723052621
0.245513997683547 -0.0180906636776666 -0.214336069565302 -0.157791979503315
0.210491297858741 -0.124672612216233 -0.238087595316369 -0.0313455298783336
0.129837328049589 -0.192413828761161 -0.197323861018827 0.0518909120907276
0.0420231655695735 -0.208571668401586 -0.129827392503167 0.086358771516249
0.0171099980161391 -0.228710952702009 -0.0344981548683274 0.0892446024465253
0.00566132000307821 -0.221122052072752 0.0526446453584091 0.0529011912927828
0.036686773212074 -0.259036505615354 0.139043568913831 0.0449076416026429
0.148973418270834 -0.262852398543027 0.196987129079252 0.0711327800671592
0.241156319325992 -0.195792089698806 0.207273418962072 0.14959888384922
0.325135294926182 -0.035206363764566 0.123667725045538 0.201422254966607
0.334299823224691 0.148678225479218 0.0239111121123616 0.177613469709688
0.276037269553631 0.239904415313368 0.0429248077887252 0.0871102902223576
0.154656740232838 0.278114675523778 -0.0669940657181228 -0.0184377048681961
0.245983990720548 0.264482243948678 -0.0127870317076328 -0.18821839395118
0.289175076809167 0.138611890593957 -0.11302592539014 -0.220939164942848
0.298942625565653 -0.0412229146683446 -0.184091929781491 -0.163986328850703
0.236808423900011 -0.158130435158176 -0.17654607578093 -0.0731868235293899
0.141381497959158 -0.218848701896391 -0.153907401745901 -0.0260101406490671
0.0489356504814654 -0.228132923264863 -0.112787384395728 -0.00163527168107223
0.0302229258741015 -0.239190601418878 -0.027518828943817 0.000765709013490368
0.0266050217265962 -0.227244782247494 0.0530516074425375 -0.0349664309246672
0.0659169264170569 -0.261556531069698 0.143651116451156 -0.0383052160177088
0.174613652505355 -0.255248864555088 0.219524563974688 0.00214936254114796
0.264135050493877 -0.181656101307924 0.231287224220272 0.119941072939751
0.342434154757533 -0.00578970039592627 0.117783545739912 0.185367119312407
0.32965971588015 0.190626338475394 -0.0268616060652041 0.140114253961774
0.252417054020463 0.268720586387043 -0.0362979321244877 -0.0133418848595694
0.133886381468721 0.254073084660395 -0.135610818098163 -0.138480298061607
0.237258101147299 0.254493503128821 -0.0779247797105784 -0.248093878779869
0.292392128446342 0.126997775937402 -0.122986679720154 -0.231534929314736
0.288510706296674 -0.0569738074864911 -0.142200271250874 -0.163842857357253
0.216212918702884 -0.161028197340508 -0.114020761278505 -0.122803481138808
0.125864292574599 -0.20645208927094 -0.11519040890544 -0.108706856888343
0.0455043572945079 -0.210918558159949 -0.0954084594880507 -0.0900085222180059
0.0386454373262568 -0.214023616928181 -0.0157037488701066 -0.0846622978385759
0.0446157857186647 -0.201641172838354 0.0638136945929249 -0.116492414666558
0.0910395925062703 -0.223762550303649 0.156262936337201 -0.107541252603418
0.183205545388451 -0.201282126947889 0.241206745699457 -0.0475472503066286
0.255477735350332 -0.122603330174319 0.2423868335333 0.0992054712421368
0.304582932510748 0.0453773551768739 0.104533517925943 0.164648713585254
0.266932158016034 0.218543959005571 -0.0636421303736872 0.0925535997866717
0.184584886242853 0.262403718596779 -0.0914746180605845 -0.112024777949968
0.083465828901091 0.189410352967741 -0.201678533686251 -0.230693176793953
0.176049566085316 0.198594219721029 -0.140526854291393 -0.27504245582151
0.23014781239357 0.0957306248402614 -0.125940317447711 -0.2276187707894
0.216355896180302 -0.0519297212985217 -0.103419423462296 -0.163955427355832
0.154303396144499 -0.123810376079515 -0.0682142572937207 -0.170737580533307
0.0915270384609978 -0.151474473959652 -0.0923444605504303 -0.180377123064641
0.0382725063631297 -0.157604336910322 -0.0824442076030023 -0.163748053352231
0.0412084664180695 -0.159069837891185 -0.00137256900297526 -0.155283743503932
0.0540358658190099 -0.147599713041167 0.0837314528010401 -0.17955847327612
0.0969613099086451 -0.156866387956068 0.180661994383238 -0.153101592098435
0.162619271975642 -0.121236523111239 0.264885841330851 -0.0692860417268222
0.209023991673823 -0.0501027142522368 0.246675424145502 0.0925626053952643
0.225176694660792 0.089090353555963 0.093616986352141 0.142886345999222
0.170038535645899 0.213080489127795 -0.0747827224134902 0.0406567815963721
0.0926210829640937 0.218756251236729 -0.111942337534136 -0.196197972946416
0.00764665703368786 0.0987331832055054 -0.246087604557418 -0.280793758450767
0.0744911789855527 0.122520108856413 -0.17986216939058 -0.268419392170244
0.120294135015022 0.0626205698212825 -0.121748997111662 -0.222281544208942
0.10600467746093 -0.0220681985078224 -0.0814183112785657 -0.16749540248686
0.0727904521745962 -0.05053499455271 -0.0545090561477812 -0.202826081747631
0.0538978273675741 -0.0633646079802343 -0.0893597936794745 -0.220928562789282
0.031490550173949 -0.0756259595735102 -0.0738494534795963 -0.208867167333313
0.0369903442132008 -0.0798734415133815 0.0128160456734241 -0.200411903296867
0.0477388263768786 -0.0746533314036913 0.107421176048471 -0.21770348670453
0.0737977654736364 -0.0768666153857611 0.208273417722043 -0.172808820383728
0.105704378926884 -0.0467872271924683 0.285268165759515 -0.0709603963766202
0.133292599655672 -0.0015282453829713 0.247412681873724 0.0940845233078273
0.129416756030055 0.0959188508726835 0.0936826765302456 0.124879590670774
0.065734212704333 0.162860234638578 -0.0583064925921521 0.00179066732604807
0.00114833148514664 0.136772882272397 -0.0992381281702932 -0.252739775274141
0.0547165261759599 -0.0267184819113117 0.111890720047907 0.280494673405968
-0.00220218334067698 -0.0783762717597339 0.11149709817728 0.0246943198970385
-0.0510609750626091 -0.0430728710751963 -0.067084503801028 -0.13230766762406
-0.0389971627424651 0.00422572151229666 -0.23813122651647 -0.128809417114138
-0.0179102785958324 0.00461995558473433 -0.318586164767901 0.035990645109849
-0.0160940589483601 -0.00702325742255993 -0.248467772427542 0.183604365147864
-0.0214074851427556 -0.00647849489673235 -0.12458837013878 0.240390028320139
-0.0278355849440393 -0.0221422984744139 -0.0166749725914917 0.247790281017893
-0.0309048318318149 -0.0224211718839159 0.0694655495954018 0.228165242923284
-0.030096674198483 -0.0324325492554803 0.105940483708902 0.229842560293428
-0.00309094498639758 -0.0404470161973621 0.0865477602726107 0.226818413204174
0.00452038661373727 -0.0267274834588052 0.0827531663590743 0.203095272160825
0.0125181120445484 -0.036361777289604 0.0911999982355139 0.223518146324835
0.0583519006310676 -0.0474265516915236 0.127245588096815 0.278676420906883
0.0767020666124091 -0.00475575234395665 0.245433085219919 0.304683554708295
0.103034111493208 0.0800318642852565 0.0799705007557511 0.268185868051477
0.0771883758681612 0.0219467358288408 0.0877190289562395 0.0118081341424244
0.0358025223856338 0.00785330638914855 -0.0792190229408684 -0.1341086730868
0.0522995089427718 0.000776816562207189 -0.233866507634696 -0.135331183590209
0.0635840365358445 -0.038724130873621 -0.309011363653556 0.0172122953838175
0.0375407794835494 -0.0782013831236527 -0.251139912063835 0.155842502204831
7.49176567331304E-05 -0.0891235005526224 -0.138126953117302 0.214988436579989
-0.0154609082068495 -0.112360324578207 -0.0264426979273187 0.222362567725971
-0.023125047231235 -0.11190075702618 0.0661712936448185 0.195862432784333
-0.00666381713708326 -0.135548808306233 0.124356377832928 0.193774462520316
0.0653694565978971 -0.140766080018478 0.127387849478732 0.201222041976127
0.11397557353409 -0.0953502498759046 0.121781788890488 0.200211605868576
0.147828282489834 -0.0296041405675374 0.101145005913167 0.220327640272577
0.182253436452294 0.0357523938605084 0.108399018513039 0.244125712730028
0.175982768002346 0.0991198802915136 0.203931981805495 0.25495506034693
0.135302977487849 0.179726127254496 0.0410461515904228 0.206939014198882
0.151027662622235 0.13072267037029 0.0673847033764492 -0.0381266266653331
0.131658635971322 0.0692637052547819 -0.0905823123899894 -0.158551581442274
0.152592318859626 -0.00355309897128984 -0.23056225105826 -0.147583784631102
0.145569759865299 -0.0825397675880909 -0.283685022352082 -0.00320392030954134
0.0907570886463952 -0.143011052313384 -0.232782648443689 0.112905117096491
0.0236636081795991 -0.160152522926368 -0.139170397406659 0.162491865084077
-0.00114523757225018 -0.185751528722661 -0.0329653349909951 0.166748406119478
-0.0132431920880032 -0.182107070126484 0.0601252986681557 0.133063303130359
0.0122343878572333 -0.216615747910404 0.136739671657972 0.126048514485869
0.112024431841365 -0.224009102747991 0.168810855307483 0.143933504201525
0.19150845241512 -0.16292056505274 0.169255481551026 0.179077567351056
0.258863466660684 -0.0392960298812346 0.115266553105206 0.214028039142
0.283402827263482 0.0964752317726263 0.072181006966157 0.211050223282944
0.248550478373815 0.181178034740109 0.131812817419813 0.180008927722628
0.152789020990801 0.251765392122684 -0.00630933068600166 0.104667992419825
0.214650400040856 0.219141560084973 0.0389422886422666 -0.11342160503653
0.226979679420355 0.117705522396744 -0.0999710010966048 -0.19339589457807
0.245516082902916 -0.0197577963764214 -0.214901805961931 -0.159086344119256
0.209374433255808 -0.128249053831856 -0.237693261033656 -0.0324491412261468
0.12722941577677 -0.195716163892437 -0.198340712089166 0.0512990052569654
0.0403110882741089 -0.210669443301864 -0.129155001422716 0.0888682765703336
0.0132794471022799 -0.230141312907628 -0.0339684661882134 0.0881814249494033
0.00263137682510337 -0.222761311660763 0.0541934740661917 0.0518224591070523
0.0348470346139607 -0.261130771975086 0.140956848865034 0.0414696193299548
0.145504551206947 -0.267651148089132 0.199120662510872 0.0700589233233082
0.239659465912361 -0.200047204305401 0.209400300334336 0.148074430374564
0.327868044353253 -0.0390567842795292 0.122101555199461 0.203104268039881
0.338713685647996 0.146098835411314 0.0235534776103091 0.178290033530371
0.277101549603545 0.238788503182596 0.0451873228951343 0.0876609179800597
0.153526395204887 0.279115439179877 -0.0666634963458375 -0.0204159298284814
0.250920021375608 0.263368761189492 -0.0110782979635102 -0.192285459700843
0.291268747624703 0.137966028901899 -0.110452857178265 -0.220956233441606
0.299559439453313 -0.043859361219044 -0.183292117492033 -0.165687262252011
0.23521691372835 -0.162506715180502 -0.176172643634006 -0.0758669191073186
0.139158091576734 -0.222503116240203 -0.155634076730702 -0.0269551740712057
0.0466797626609545 -0.229348101423332 -0.113265239687392 0.000478947221641698
0.0265604706908615 -0.239366285339939 -0.0278507555701491 -0.000108979058925661
0.0236957024014308 -0.228980424288803 0.0533481855146852 -0.0369863990715212
0.0634733910425841 -0.263290976259968 0.144579023674228 -0.0419596052142958
0.171380788374971 -0.259656657891919 0.220813583336751 0.000338501256118569
0.261774129889959 -0.184923225212677 0.232976251964959 0.117406398915841
0.34417373133324 -0.00986354660014506 0.115722542352882 0.186946069174799
0.333477219892349 0.187224876079541 -0.0270241099650768 0.140803831308007
0.25241221464526 0.267500060418446 -0.0353884197094428 -0.0116301885513179
0.132712404725446 0.255415359698405 -0.135594631542833 -0.140949635553892
0.241218895176236 0.251994405837845 -0.077393982222743 -0.251983952421084
0.294443896526777 0.125618344175709 -0.1203693842083 -0.231821742030938
0.290184392482219 -0.0602320807738934 -0.140229085553373 -0.165880044419837
0.214516150553331 -0.165311755826462 -0.113190912559243 -0.125622413861258
0.123433310637593 -0.209866666503145 -0.118359438724427 -0.110402283321792
0.0437261317085167 -0.211840625862808 -0.0972947923569251 -0.0876265091217369
0.0353684470948704 -0.215103835132509 -0.0164002927227936 -0.0861034723723198
0.0424263578547022 -0.202681045499953 0.0628957558920716 -0.118741001475199
0.0882861075022981 -0.226301772946542 0.156126055016485 -0.110682505774398
0.180802961115179 -0.203387489208824 0.241818884505893 -0.0502665531036235
0.253121308211582 -0.125315611243047 0.245116221653479 0.0975446370220546
0.305821435351977 0.0422200405246946 0.102619140467435 0.165443676013588
0.271561551024992 0.216571523798245 -0.0652328181941659 0.0925382146604034
0.185321520769348 0.262035449184629 -0.09155583677559 -0.109933395773184
0.0827114657057191 0.189620187150773 -0.202390482613849 -0.23234156634605
0.178745364202818 0.198012402771341 -0.141163793485625 -0.277638844239432
0.231772784503413 0.0944291891553685 -0.124045405205405 -0.227978750637951
0.216798468793441 -0.0549621468842422 -0.101022768961 -0.1645817582783
0.153280629042647 -0.126451118794857 -0.0684843008891121 -0.173868421453437
0.0909946796096541 -0.153691107000552 -0.0965941737317454 -0.181628950466489
0.0371420672245263 -0.157659807507037 -0.0850598915754348 -0.162169522891573
0.0384551715747378 -0.158664365936376 -0.00285600970937229 -0.157469339389064
0.0525995527379337 -0.148401463955025 0.0819881597634095 -0.182971193410633
0.0951108708530474 -0.158473303635424 0.178626264668543 -0.155797314879492
0.160488721918834 -0.122746060529928 0.265696809136487 -0.0718102068715983
0.208060783297795 -0.0521536023599111 0.248775597478571 0.0907595687325423
0.225914716411403 0.0863463281372211 0.0921745896216917 0.143238924769195
0.172224014315293 0.21200062701775 -0.0758182820461038 0.0418084194007161
0.0927050423996569 0.218945934007752 -0.112163315997339 -0.194326954781987
0.00633565933122293 0.0991244926164399 -0.24824041217733 -0.280346322146322
0.0756265458948681 0.122431236650457 -0.179048192975697 -0.270526988725691
0.121866090082084 0.0620230574052319 -0.120492223733284 -0.222107346947881
0.106308693619919 -0.0233037348198318 -0.0788689175891792 -0.169312680908103
0.0718686477230242 -0.0513871099855376 -0.0556121954758957 -0.205875722643745
0.0532065534062313 -0.0643703395134925 -0.0939306024838039 -0.221475828871012
0.0317334073803679 -0.0759164094304529 -0.0775453937677596 -0.207641429009515
0.0353608564354351 -0.0802712532583636 0.0108832958244989 -0.203284343084272
0.0470849714984424 -0.0750294895410911 0.104897380071475 -0.220541923950082
0.0730137607601661 -0.0774215988262501 0.206118622465305 -0.175144593437539
0.105203689581604 -0.0462952934671718 0.285507055077245 -0.0731492058470683
0.132565889387557 -0.00136831835857622 0.249221662328235 0.0911039387337129
0.130141041554755 0.0951467181577035 0.0924465403242458 0.124804102828506
0.0670472412736682 0.162573389350834 -0.0591499333073435 0.00242217113931261
0.00131421991479372 0.137309238001226 -0.10128731761171 -0.24985508850571
0.0317700510817968 -0.0529004512709657 0.261739128462718 0.150464225833008
-0.0473571538135705 -0.0615368486339914 0.102148071682705 -0.0546282996308343
-0.0679163264585065 -0.00437076601058922 -0.138605308305433 -0.0676299991212779
-0.0299204351355899 0.0271600297188963 -0.275474643876921 0.0439403429282982
-0.0112774568817129 0.0146088024302856 -0.233097958239597 0.227378022341404
-0.017468452134225 0.00460700953928344 -0.0849588929217901 0.301345842754464
-0.0209983676530923 0.0069101006973142 0.0502141207659832 0.270938476898124
-0.0363949200479365 -0.000575662937543049 0.142025351224422 0.208831698365954
-0.0385569322618207 0.00148479553179277 0.199845927317756 0.138506441220409
-0.0434977055632338 -0.00804360929948402 0.231791703493978 0.11933894400585
-0.0263108186758842 -0.0313224057988903 0.21394554683005 0.129173952890072
-0.0107071450785422 -0.0259758688798091 0.193794726546446 0.114164936809726
-0.00888186730963093 -0.0388516157312131 0.214661745773552 0.125847528680107
0.0204027278903733 -0.0761055457910033 0.286835275681142 0.147443944236425
0.0638727937130998 -0.0495426390220706 0.396284598387371 0.0914911115510441
0.133313308094542 0.00758641320471884 0.235462175275298 0.156115564903994
0.0745192587981403 -0.0282020350767736 0.0801182562072247 -0.0506398642463265
0.0322598704535797 -0.0141039820040181 -0.143843652481722 -0.0639253430972201
0.0402536184881363 -0.0286763451501663 -0.275086170405432 0.0328656453266541
0.0278225756032628 -0.068040881475285 -0.237271199300163 0.203794835051774
-0.0178104652425518 -0.0853301834621555 -0.104279074009722 0.278103909431144
-0.053732803233736 -0.0714061379033411 0.0236441376767997 0.259303799909734
-0.0841092446244808 -0.080521018526493 0.118667422933222 0.195177456429499
-0.0896847426129817 -0.0770953270547492 0.179166134196097 0.114760995524183
-0.0906892914556887 -0.107457522025028 0.224132655044315 0.0776520217600263
-0.0351172137972677 -0.15833626263934 0.229169497876071 0.0817539986839007
0.0365505567242661 -0.152097006592418 0.222689521195206 0.0876262698375302
0.109131753455426 -0.121811114733661 0.219135725757278 0.116810313828015
0.176499655067163 -0.0890913307910288 0.246010083191144 0.133910940261434
0.213221367846537 -0.0291539351450672 0.324761785423086 0.0792903626946463
0.21730294388633 0.0728285636806507 0.171949422354874 0.127307449631021
0.19610149660418 0.0150997473001427 0.0385955431044742 -0.0771961170918401
0.146409273073531 -0.0217271529332477 -0.163329744655275 -0.0798975890625501
0.117827593149366 -0.0899616502517524 -0.27599226400362 0.0158809257687524
0.0662453113785425 -0.152203117610094 -0.229116402513229 0.167712940199853
-0.0152753139761992 -0.169372390834247 -0.116515983904276 0.229814180655525
-0.0788762258686243 -0.14271723507283 -0.011286665461914 0.217701458706388
-0.118315332705485 -0.148580485775149 0.0782506046136627 0.154083562281938
-0.125935412585036 -0.140165145291606 0.134595517456494 0.0681152115443675
-0.127819829299924 -0.184776996414741 0.191333218625713 0.0150989201962708
-0.0510839995106293 -0.257031647588821 0.223999068310106 0.00931318280872274
0.0573879832127462 -0.257353092878007 0.247893121216755 0.0406124656995756
0.195695382655416 -0.202764329522733 0.22571065336665 0.103438007373623
0.300315765879769 -0.105064116404579 0.193367170842436 0.134371597752221
0.325969827759823 -0.00835029242591564 0.212345436128407 0.0660514710284156
0.272711087456739 0.122413754148982 0.0743008235006287 0.0727430440867767
0.298326459401552 0.0482712059198536 -0.0263337500489593 -0.119510963862059
0.252616548713427 -0.0398400963422331 -0.187187403197398 -0.10546464980105
0.182288638121712 -0.157928440403028 -0.268770517340006 -0.00793825452306476
0.0895159779845952 -0.227061929664471 -0.211699076836663 0.113695510145926
-0.0183667377205831 -0.233947053648968 -0.126967225378519 0.157084169040153
-0.0965046413840313 -0.19264853276623 -0.0511122435666427 0.150839542973515
-0.134503503679403 -0.193161480805467 0.0284652429512521 0.0917244389042679
-0.139007828262344 -0.183823001485369 0.0781294376163975 0.00643753658411206
-0.138973343812158 -0.235091962339723 0.141127746236875 -0.0556051354938376
-0.0528522613740795 -0.313695893701331 0.201512526847373 -0.0690082156104597
0.0735808991634165 -0.318597101784041 0.259441114211244 -0.0105908312279969
0.252436376988719 -0.247453520880086 0.223383620653019 0.0895243487485818
0.377383779583852 -0.100339287552752 0.131192954375746 0.141776888249288
0.386326223650322 0.0196521217546461 0.079214494133023 0.0486450339527678
0.288279900362437 0.144623407966805 -0.0494563286336072 0.00953098857968028
0.353323385907562 0.0621388172139405 -0.113008981908259 -0.151997568666792
0.315531488390081 -0.0616941866220113 -0.210067634158955 -0.124033923774674
0.211169221440373 -0.208895272069375 -0.246135002006188 -0.0361713187871136
0.0897650776199225 -0.270259441727623 -0.189199101529338 0.0391677193148825
-0.0253907216298505 -0.262070332183188 -0.141935826838847 0.0671363546206053
-0.102993591832417 -0.211061713527406 -0.0938066349087435 0.0700501810881126
-0.129961279836184 -0.209723030877583 -0.0224440285656024 0.0168110887207349
-0.125835414894267 -0.201801421817932 0.0211082723373803 -0.0638943371589165
-0.117477741910535 -0.255533334764062 0.0904821971144796 -0.125313346455547
-0.0255800615784375 -0.323963413153528 0.173565853322126 -0.138624893352182
0.100545537833303 -0.32013233357417 0.259740189221927 -0.0507739206464718
0.286192707818521 -0.232403766103216 0.207389376641156 0.0799545702920831
0.399292489316323 -0.0618419332602563 0.0643176637463475 0.143166688578877
0.383378976967911 0.0583010679468053 -0.0517650216714445 0.0186544389675723
0.255905643476946 0.137422533710848 -0.180878805987127 -0.0423015716302401
0.33741322354244 0.0590205538900166 -0.204329885621653 -0.158811737989919
0.311156951785049 -0.0743681375567745 -0.225004133009785 -0.126184943573393
0.194196339722068 -0.216026496912742 -0.211937350321122 -0.0624830291809263
0.0710627222203719 -0.259606033791534 -0.17053766475585 -0.0396598924204607
-0.0297542441148479 -0.242800224365269 -0.164858281481994 -0.0219168703269784
-0.0953749917938625 -0.195019926664211 -0.136466611737935 -0.0108572662264466
-0.107356203168962 -0.19503921154286 -0.0681966558764763 -0.0593025891933128
-0.0942785647670235 -0.193007181037882 -0.0228034614480326 -0.135430060272006
-0.072773435261114 -0.239792826637401 0.0565622406948371 -0.188195748028861
0.0176209478751075 -0.284337709869087 0.158942266079764 -0.192234980992195
0.130937131637544 -0.263816178306988 0.256531850358984 -0.076163551065896
0.285981563383379 -0.163753363858523 0.183594311505715 0.0703187506660779
0.364113816753281 0.00323906197258158 0.00154503337799481 0.12712583477513
0.323206062847211 0.0965738733787094 -0.159335577803744 -0.0273948341166786
0.174697778734352 0.111456124317509 -0.294013807635302 -0.0703873291432959
0.255901241858611 0.0528234966228211 -0.27436284186157 -0.139286896170027
0.241375987461883 -0.0619500758776393 -0.228951479738594 -0.119297485070659
0.138852263691968 -0.169988909319241 -0.179698375530632 -0.0845265792896812
0.0449888283338415 -0.191805902866528 -0.164272274816394 -0.103905712192765
-0.021650424031788 -0.17752639088957 -0.191961403841069 -0.0897651631089049
-0.0667794526516135 -0.147046936068319 -0.173510170985054 -0.0776205223371927
-0.069903213524413 -0.151555789775216 -0.101431522140116 -0.125143692150309
-0.0520363128769902 -0.154630267871452 -0.049014790858799 -0.198545041425238
-0.0244150982655279 -0.188914108232087 0.0470116057168207 -0.238086384794268
0.0533534412691436 -0.205062757263481 0.164554592533645 -0.224788541623275
0.140006985069152 -0.174814460713685 0.256119921822405 -0.0848996300641874
0.247894532961064 -0.0740786329023705 0.161444298810621 0.0577313732909612
0.278582888153739 0.0641939248150314 -0.0400968157148673 0.089462486547739
0.218065065303566 0.120178832693076 -0.22726987096573 -0.0839651153087145
0.0591510366773483 0.0793085219834553 -0.366303680285997 -0.0744669338773302
0.129544126351522 0.0536883245634746 -0.305570251475297 -0.10658713409313
0.132977954898712 -0.0238894642645603 -0.227586261525858 -0.112247928099201
0.0694439393616032 -0.0803168735941146 -0.165783499311353 -0.0956685754700145
0.0259378600874107 -0.0836618803059599 -0.173338124210672 -0.135255518609068
0.00342071170373981 -0.0832485295855006 -0.213774657838424 -0.119637941195236
-0.0218138047429991 -0.0781131694162435 -0.195108900748012 -0.118954561887746
-0.0220925182067713 -0.0862755390544493 -0.119255273032892 -0.170605367160787
-0.0100949877900967 -0.0918503863324203 -0.0547913957750101 -0.243397866105757
0.00895988812120018 -0.109284043248551 0.0568835379644151 -0.270250687299414
0.0579748108700654 -0.10643854886768 0.180757399106914 -0.238136641191488
0.109943932609639 -0.0858691846043399 0.257392242360883 -0.0842918125685469
0.173349434980679 -0.00453745691991038 0.151057572316968 0.0410261819170533
0.159208067533938 0.0917380240433814 -0.0512232701639232 0.0449952799710656
0.0889518867903626 0.111594914416606 -0.249575647494124 -0.139571219854116
0.0312200229077138 -0.0564546539299319 0.277744262174931 0.141376618717785
-0.0522391130404467 -0.0604628942109804 0.101705405204838 -0.0651838484737726
-0.0691690016035571 -0.000539135020414562 -0.145620993185908 -0.0647881451846301
-0.0290158558833751 0.0294517151634757 -0.281330329690712 0.0580719356655468
-0.010811860390174 0.0161627837762577 -0.228979882351044 0.245684728212723
-0.0185520241303091 0.00579669765452518 -0.0723295195664396 0.313465122020039
-0.022618973021507 0.00708698259899053 0.0653965847059201 0.274309637284917
-0.0388523373741451 0.00104526770107039 0.157562631823815 0.206635226177992
-0.0404169464561676 0.00282029878721442 0.212709346770461 0.130874790502067
-0.0445670156097997 -0.00669722754308193 0.245949440951857 0.110186857578419
-0.0287232026762115 -0.0317946313299715 0.228214077932923 0.122563426110582
-0.0120771441660447 -0.0268463774670585 0.203577791880839 0.110854008163478
-0.0106489852248459 -0.0402933292630644 0.226687503568859 0.12442822488262
0.0159957692045491 -0.0797986046831798 0.302826633402746 0.138643447476929
0.0631845991116172 -0.0523185052184626 0.412394509685654 0.0736721342779349
0.138741942105009 0.0027605245749403 0.249665604595794 0.148094177331163
0.0747405642741602 -0.0328192909107987 0.0793128063261687 -0.05968514949205
0.0329090709884843 -0.0153922967589729 -0.150145673873032 -0.061625441206582
0.0397704130834267 -0.0304296266048846 -0.282011257817722 0.0455163523749572
0.0244709380223537 -0.0713068646363459 -0.234459501050206 0.220814694972373
-0.0240351772186775 -0.0861038803058568 -0.093425522725389 0.289996543836371
-0.0599846842748894 -0.0715720850308483 0.0365988584323028 0.263532966064671
-0.0918405300496394 -0.0782876764307167 0.131533145124013 0.19386651124661
-0.0967175961592931 -0.0744837177226489 0.18935728626437 0.107589857919048
-0.0989234651117825 -0.10630554602736 0.234961079319656 0.067216003768463
-0.0452523634024892 -0.161812402723451 0.241480279257294 0.0727418651129278
0.0289131092025631 -0.158508806763486 0.232116718816621 0.0811239704600865
0.106386635564695 -0.131907974270089 0.230024365528987 0.114755610061874
0.176991767318059 -0.101441728380992 0.260342170681325 0.128466953589
0.217698882232211 -0.0379101037089058 0.337609740901642 0.0634866181300244
0.227440566108612 0.0670868675866004 0.1829028455008 0.122190789360295
0.202741459573116 0.0048879410381922 0.0354841379495477 -0.0857142343288013
0.151109424230176 -0.0285031744985847 -0.169358281655307 -0.0781733815215279
0.116068620833451 -0.0977577770525434 -0.284366333158859 0.0280525756721856
0.059028605254733 -0.159850322653604 -0.229216424391399 0.182638072625107
-0.0262712633876577 -0.173105030252474 -0.109674751919404 0.241854064033699
-0.089628618087452 -0.143370505180089 0.000422083716204783 0.223091874742742
-0.130539973293559 -0.145302770587056 0.0877714436263477 0.154153288115899
-0.137101850719382 -0.138257223038402 0.141156175685753 0.0618833352971429
-0.141637207160763 -0.183881476236951 0.197072826144863 0.0040537005459696
-0.0671883380821293 -0.262265653120064 0.232225520414453 -0.00203570693068956
0.0449894840622347 -0.268399288855724 0.255824663653905 0.0303938129912965
0.191378917666772 -0.219848938884676 0.236757867164795 0.0999303995774872
0.304607666637053 -0.124419813900149 0.204946141658488 0.130841809518569
0.334654134020463 -0.0218600295928046 0.221937172807779 0.0568940323901902
0.287054170480123 0.11539256418596 0.0793236493939168 0.0697869614040873
0.309952126035928 0.0338038443124876 -0.0334654560256949 -0.125417751705343
0.258626322601913 -0.0523161460449613 -0.194210230243486 -0.103891144167626
0.179035024081506 -0.171362244627038 -0.277953552095382 0.00257886282488093
0.078808255812194 -0.238692069381405 -0.213551451781549 0.124840710794295
-0.0331367963921967 -0.239934391910955 -0.124758977011852 0.167375588668242
-0.109824070563309 -0.193294340700242 -0.0439740469287458 0.158008917708648
-0.148739989754439 -0.190752933532057 0.0331137628793433 0.0922041555539753
-0.152874510852111 -0.182107066089504 0.0793253590746021 0.00115541778436915
-0.155753392348382 -0.235097594731314 0.14126229581744 -0.0657423093272973
-0.0724372620005797 -0.321216378392002 0.204258813192072 -0.0812570095835977
0.0584378253263601 -0.331597235253016 0.265804480482468 -0.0233036947541966
0.246804384700632 -0.268661975782636 0.233566312701401 0.0855592269829388
0.384688826697711 -0.125446140620296 0.140503568982283 0.141257611666873
0.397304667098466 0.00344660624039049 0.0849627589658899 0.0452447789840711
0.303672796932666 0.138550199797933 -0.0519599946360922 0.0101613815026015
0.366145526100807 0.0464365823890934 -0.124837799584234 -0.154012725581113
0.323418051653138 -0.0780859389619132 -0.217882151874328 -0.121560770001626
0.206681145744724 -0.224765803578177 -0.255590311471357 -0.0283873497221145
0.0774695495467872 -0.283058006056079 -0.193882162553106 0.0476282765621948
-0.0416670709357311 -0.269517692152901 -0.145569386891943 0.0757885174223254
-0.117177090453701 -0.212462203324535 -0.0920357056307999 0.078009638075358
-0.144976122006371 -0.207949068398456 -0.0239237938378714 0.0179970274764287
-0.140692372558127 -0.201098541632286 0.0175222961286587 -0.0683209594241163
-0.135241675715695 -0.256271323040437 0.0848320842813665 -0.134668808865247
-0.0456072910230942 -0.332282513869538 0.172325181721897 -0.152032878336169
0.085416270482393 -0.332851474091931 0.263844955019947 -0.0657136873367464
0.281406419934671 -0.254340571099957 0.216680735374767 0.0757270339674038
0.409333877145059 -0.0850414546975864 0.0710880526512137 0.146022149414426
0.394836684915444 0.0436757514007865 -0.0505359074649254 0.0214334855538153
0.268947241907677 0.133326601232787 -0.189682809822695 -0.0369985740833952
0.3503058843707 0.0446447651490738 -0.218848483748303 -0.156278537333113
0.316144242506136 -0.0915047706408506 -0.233660719808116 -0.124055194177891
0.188007374333286 -0.23264314942386 -0.220584444411677 -0.0574607600270364
0.0583200658216399 -0.271364649469053 -0.178475642574993 -0.0358252254074948
-0.0443456675664618 -0.248998087534409 -0.173134191534017 -0.0145047979928868
-0.107967165850685 -0.195502630460986 -0.139983007460901 -0.00329923385241468
-0.120917607487458 -0.193971021176699 -0.0739564714842496 -0.0584592189903256
-0.107001999949241 -0.192347787454005 -0.0321745294231815 -0.139451672922209
-0.0887458381428055 -0.242967492508154 0.0468284849544153 -0.19702207081349
0.00182331920840174 -0.292971044358699 0.154529366827197 -0.206242233013898
0.120602796877365 -0.276813332400667 0.259012880108596 -0.0913205031415734
0.28511109784403 -0.182953361841135 0.190857136236496 0.0660212704944998
0.376114738998773 -0.0166889992984395 0.00670390119657658 0.132000351752373
0.335241669479469 0.0858197344621157 -0.163188762293485 -0.02060033222068
0.185452898666482 0.109062406781258 -0.308028623359566 -0.0609349410507048
0.265875311799919 0.0412523784530295 -0.289308431271124 -0.131498337365804
0.245367941581007 -0.0763464496474007 -0.238281404458902 -0.115086183779962
0.133400868694011 -0.18190025591229 -0.187965096644481 -0.0811902315826252
0.0348146785525112 -0.199303663752377 -0.175274399960084 -0.101549077092136
-0.0321973114059195 -0.182264373846408 -0.203565462733058 -0.082584049187995
-0.076284864087044 -0.147982736384039 -0.181101434165614 -0.0692757965000754
-0.0793684149942153 -0.151565829885532 -0.111883061393738 -0.123770017879509
-0.0608632380337846 -0.156005841119826 -0.0615386053920238 -0.203017245219221
-0.0360121342025509 -0.193286880623585 0.035674941279342 -0.247254113980241
0.0437981391038417 -0.212449308864989 0.15827406890919 -0.238886115466009
0.134671572164877 -0.184226044019084 0.258823061049453 -0.100139462722338
0.250191907509278 -0.0878307999346304 0.167185043428266 0.0534037712882859
0.289307137553328 0.0518966851731585 -0.0378267837976514 0.0952566740338729
0.228269664624831 0.114772645602725 -0.234956382403245 -0.0747675769416192
0.0638879685676782 0.0811488333747579 -0.381248840791507 -0.0619327078630345
0.135588901724424 0.0482447659767139 -0.319625110202216 -0.0971434332928245
0.134979966614941 -0.0315065263907502 -0.236898811621182 -0.106798992878006
0.0668653457868351 -0.0861246363807608 -0.173352569270971 -0.0947271547542942
0.0211111542730033 -0.0870228087843499 -0.186584901243548 -0.132920485041378
-0.0011992083482092 -0.0866766263942294 -0.22720519102541 -0.111449466461005
-0.0253350383154864 -0.0794282858140841 -0.205829889138671 -0.11052013217847
-0.0269978217176481 -0.0863515160362804 -0.132600435315646 -0.169822861423441
-0.0152242805195197 -0.0932289084785279 -0.0693729753318828 -0.2479516718976
0.00339847985270283 -0.1124350605403 0.0452024008883596 -0.280487747723966
0.0544957612281252 -0.112403899675354 0.174297933820224 -0.252920641945285
0.108293933824626 -0.0922464897877746 0.260358672820857 -0.0995462121490221
0.177087317658977 -0.0131435910299642 0.15640350559203 0.0370259041234587
0.168213433740309 0.0872558959559453 -0.050821281705815 0.0494056537431031
0.0963010102917047 0.111651764346326 -0.260483341421656 -0.129732497102941
0.0279990785803872 -0.0592620573424548 0.291016739591732 0.121962127138678
-0.0572180890223752 -0.0571508715468749 0.0969939775314882 -0.076691368161539
-0.0688905501890228 0.00450224351783172 -0.151948757109807 -0.0568903845921761
-0.0268569684261232 0.0319797041392755 -0.280205462223933 0.078347801593974
-0.0100471595469423 0.0176058200029254 -0.213431299821249 0.265230956034773
-0.019116165111113 0.00763056064822638 -0.05081990061415 0.320912534376263
-0.0233887640430531 0.00849834013054264 0.0843246387163205 0.270224922859881
-0.040223346626863 0.00412217076041711 0.174927102398522 0.196927451280638
-0.0409346116723444 0.00520668987439106 0.224762997094275 0.116065032679512
-0.0450083915221976 -0.00436888673641842 0.257341996077671 0.0924837133429436
-0.0314025350818609 -0.0313316714151356 0.242118946671995 0.108427943802205
-0.0138181788337222 -0.0267889945920615 0.212653281084623 0.100629615642482
-0.0139628261831733 -0.0411473668025046 0.238199970824628 0.114016406532107
0.00898660140327986 -0.0816091861154574 0.316850738596666 0.122173208654433
0.0605579923653224 -0.0564568590348493 0.419528076618209 0.04300852278467
0.140500127056389 -0.00630697749406276 0.26266670242206 0.13079419282601
0.072855990328925 -0.0387563608729187 0.0741885349808678 -0.069697564790493
0.0338261369556721 -0.0175799200465152 -0.155168944568826 -0.0541379476374379
0.0378998868120515 -0.0333206036141966 -0.28276976035536 0.0653326513225423
0.0186817577516312 -0.0737435662182985 -0.221999467888411 0.239697234366882
-0.031807765113516 -0.0847779295617919 -0.0743348867572576 0.299185207247452
-0.0675805692181627 -0.0686148455108448 0.0557467996482498 0.261877693408943
-0.100052732009698 -0.071780514318264 0.147779120223168 0.186231832641937
-0.10330505867551 -0.0688175427297874 0.198229099926135 0.093704322483433
-0.108377565611881 -0.100763759065091 0.243319075770166 0.0495812050773203
-0.0586608438062877 -0.161137853521358 0.251477715661137 0.0559235939849114
0.0175778864666241 -0.162496213002216 0.239165545175992 0.0669313606681646
0.097694179569992 -0.142552860951005 0.2414317566081 0.104283970624751
0.170742083040343 -0.116499979853321 0.273051766030419 0.113445153177282
0.216981010656451 -0.0520493752498004 0.345228272846067 0.0391657194544563
0.236070613382701 0.0531130189284459 0.192252383953537 0.10898582233816
0.205105459388581 -0.0106906927582023 0.0277779989659491 -0.0923734669196005
0.151182269467731 -0.0390941805448895 -0.174945707148371 -0.0708330704413388
0.110419917787578 -0.107089755198514 -0.286646802517712 0.0473294207310569
0.0466981343463985 -0.165182427565458 -0.219658169496086 0.200563123747975
-0.0415030907999337 -0.172811148555702 -0.0947009354078854 0.25174083252426
-0.101716808972204 -0.138468738040054 0.0158484388204506 0.224822449949945
-0.14432501817254 -0.136597703314139 0.0995078329121951 0.149081517319712
-0.149816487156352 -0.129097124720598 0.145976843499723 0.0509251994921716
-0.1571362823805 -0.175539276187488 0.198355209644558 -0.0117530106279273
-0.0892206498909295 -0.260688555267035 0.236660522144234 -0.0192295486774497
0.0250703550014228 -0.274743384773904 0.259377770962207 0.013710720516508
0.177090235149468 -0.237479188158944 0.246568604532884 0.0892501571871649
0.298273309745095 -0.150042784962259 0.21607873140587 0.119189893318746
0.335836849334336 -0.0445752795594533 0.228392288523795 0.0401879824088526
0.299860669989596 0.0995163608701287 0.0835927632006065 0.0641059841861358
0.316197236028988 0.00983485402145159 -0.0442264197987175 -0.127515135863665
0.259481892670003 -0.07052793692398 -0.200904574700577 -0.0958849398032169
0.168504407457785 -0.185984827575037 -0.281337794129772 0.0212377018469409
0.0603534634930196 -0.247387778119611 -0.208004223335899 0.140336572273868
-0.0533675593865971 -0.240171378063339 -0.116269821972434 0.177383556464175
-0.125691380350964 -0.187446514772862 -0.0322644999263237 0.163191420638166
-0.166265213482635 -0.181251568812701 0.0389440053120182 0.091210996567187
-0.168071220843344 -0.172114903137143 0.0786733622675156 -0.00566151670033834
-0.175539426469102 -0.226426474104881 0.136312408583804 -0.0779482303972881
-0.0993720893557733 -0.319218289389378 0.201383060263386 -0.0981575312296227
0.0331785823909768 -0.339188070228247 0.266238556038522 -0.0421212692057277
0.229905445301999 -0.291869538387823 0.241580517691087 0.0750273432902826
0.379789425105103 -0.15680950703508 0.15099061662505 0.134170135267049
0.400932964003308 -0.021617927291114 0.0895760370480977 0.0385159389515453
0.318851768507532 0.121476190300264 -0.0535883660386865 0.0127204494556397
0.372925105319455 0.0176616854266594 -0.138682148742704 -0.148792886015663
0.322161772171665 -0.102077742317937 -0.226013411491016 -0.112848096908082
0.191754802441875 -0.243351675831527 -0.259908480589544 -0.0126016701790773
0.0552193403687167 -0.29231637214836 -0.193749906146448 0.0596249719194006
-0.0640432067704734 -0.269426027878164 -0.143252470174241 0.0860657508256715
-0.134380585482818 -0.206202566310934 -0.0854319976810148 0.0860887706723857
-0.163060898702369 -0.198805126099223 -0.024008953010772 0.0199205544042466
-0.15643718648005 -0.193058979236163 0.0103662712727025 -0.0714065717258436
-0.157320341333355 -0.249305028033889 0.0744292417892075 -0.143054637598498
-0.0725182449538411 -0.332401867776225 0.163742856910613 -0.167371637252876
0.0611325913913102 -0.342185271569526 0.260324710158768 -0.0856826087550179
0.263838846758253 -0.279466142641088 0.223812340780822 0.0657453168725654
0.408053441222937 -0.118276351104699 0.0801953359194223 0.144758933620712
0.400945411280726 0.0183956696117314 -0.0473304879597498 0.0250240397895956
0.283248061040958 0.118242508310096 -0.19606754691938 -0.0256679982600965
0.358407684710934 0.018045716778756 -0.233217607339284 -0.143621354275136
0.313586787178368 -0.114983438259692 -0.241830338208929 -0.113038981029565
0.172306989799227 -0.248522912183961 -0.226802114752335 -0.045035779718918
0.0371528613201527 -0.278493019658526 -0.184241494948354 -0.0260989738109437
-0.066070872973325 -0.249282465910689 -0.177671226119324 -0.00194099493915772
-0.123438857720714 -0.190430338223952 -0.139755036744569 0.00802565831268864
-0.137119191584465 -0.186377437084067 -0.0804677362595667 -0.0536843052280507
-0.121780424420069 -0.18609934035402 -0.0447139241559002 -0.139670051002886
-0.108545874946138 -0.238861203467223 0.031756348856881 -0.202931544866956
-0.0209744496881152 -0.295154341899452 0.141969168742126 -0.220631458247878
0.100595568357429 -0.287461442047999 0.254917523024169 -0.112268868825465
0.273639464145614 -0.20557915173357 0.197110572834045 0.0565036387795352
0.377423154343714 -0.0441948549074391 0.0145009789821501 0.134628877640662
0.342137892726851 0.0657131973161219 -0.163474715615989 -0.00881662755089412
0.194909892936715 0.0999141327273624 -0.316754050510053 -0.0417912365161052
0.271620050063486 0.0213382036731382 -0.302937171035561 -0.113552455646762
0.24204852931609 -0.0948462627090436 -0.246044261069265 -0.103237691168818
0.120588509734883 -0.193387930107327 -0.193980363093106 -0.0727866135419438
0.0194171728322924 -0.203777872280257 -0.185597942753739 -0.0934030956802688
-0.0475088378042814 -0.182106039771093 -0.213411301050004 -0.0678885915676077
-0.0876130933022147 -0.144353575667231 -0.185885717295114 -0.0560267749819215
-0.0916011038858261 -0.146473900693563 -0.123476375084714 -0.117758513056409
-0.0726870045020214 -0.151949220707147 -0.0783752067423031 -0.201475109252183
-0.0515405590853843 -0.191281664826725 0.016643652621349 -0.252655054980678
0.0280283470362568 -0.217709199402237 0.143430037924667 -0.253033751180963
0.121715933808398 -0.194807266237754 0.253377993732226 -0.120086815953174
0.244920435711653 -0.106921616191035 0.171567401746961 0.0451522855313334
0.295824040523313 0.030991245075529 -0.0329641612266421 0.100526320172336
0.236886622539278 0.10119650744159 -0.239480774760514 -0.0582883687273467
0.0705383369049657 0.0788234689586884 -0.391001040286236 -0.0382260919024305
0.140087843461189 0.0388893849829163 -0.329663196636292 -0.0763078073753177
0.133922906274851 -0.0424004928069888 -0.24489200500742 -0.0948885451213774
0.0599317226545211 -0.0917937364224815 -0.180454665225599 -0.0869347378766624
0.0136397918999904 -0.088825304892376 -0.199526853215001 -0.12358169664582
-0.00785190381182154 -0.0881560282440143 -0.237846756909496 -0.0950902093089132
-0.0312293777475777 -0.0783081625068143 -0.215537908054528 -0.0950349462281928
-0.0340696308176554 -0.0846465609827348 -0.14812620087456 -0.162137577097725
-0.0216404264410891 -0.0923835629504815 -0.0897261490958487 -0.245848065674597
-0.00508647714192318 -0.112512136558813 0.0247379507237338 -0.286214507892847
0.0466705249106865 -0.116799580772912 0.15912882678523 -0.266920078869711
0.102655671109466 -0.0997597672290698 0.254663237881951 -0.11957597085641
0.177323443109248 -0.0254305880103812 0.158688856035617 0.0283980725118315
0.174904856079357 0.0761785082565761 -0.0482211104622275 0.055755551057419
0.103762769985503 0.106388821821948 -0.269907205886831 -0.110102452802293
0.0236199053123377 -0.0606600608177503 0.295181733186237 0.096404069504765
-0.0608932848187894 -0.0510522799305751 0.0873238713867128 -0.085691949222357
-0.0665039805599787 0.00889756200368992 -0.153590982389795 -0.0465140512400699
-0.0240865570314299 0.0329388149243322 -0.269385479874794 0.0963118128699177
-0.00822523047112819 0.0174442825271848 -0.189826940085062 0.276496108776927
-0.0187602203088984 0.00995415468133377 -0.0263238159450892 0.319398626590762
-0.023565367783047 0.00983978685344706 0.102036787264713 0.257452462485519
-0.0399549898014147 0.00723336908972182 0.188007893345121 0.180443225560468
-0.0404954011545028 0.00792923810438513 0.229399587639431 0.0970354474333763
-0.0445074379396584 -0.00121627284743274 0.261734894606578 0.0710296454313451
-0.0340717846661411 -0.0293257015723347 0.248509012439242 0.0890412904009089
-0.0155467146198296 -0.0256278113204928 0.215855119626014 0.08704575998193
-0.0167762695805363 -0.0401656457724443 0.244129379989489 0.0996620560673952
0.00163501750882589 -0.0805664125000248 0.322187857128439 0.0974807353818738
0.0562629439864236 -0.0579109634566705 0.413508584929888 0.010948063586199
0.139063791502827 -0.0161954904586287 0.267681904593536 0.107646551071344
0.0685971736917741 -0.044254634086825 0.0659200357397309 -0.0772115383584565
0.0330180574626181 -0.0199060057855493 -0.15661122924882 -0.04522736119395
0.0351244328642704 -0.035503186646966 -0.273115046433593 0.083691759814077
0.0124740888824608 -0.0735596788496125 -0.199832929271599 0.25109561140351
-0.0389288890685155 -0.0805310018974279 -0.0517406843816031 0.299953374258739
-0.0725978531729435 -0.0621906406546764 0.0738339997964138 0.251885693538858
-0.104965716069668 -0.0622083622762789 0.159498488583087 0.171940601264159
-0.107785359300342 -0.0599527360240867 0.20125667394086 0.076703839706805
-0.114236734647436 -0.0913684464240415 0.242552493419471 0.0298193442743593
-0.071832153238552 -0.155061782001232 0.252996062948064 0.0358097520028812
0.00505736958673216 -0.162139381129481 0.239187188942471 0.0511391154739101
0.0857263532471522 -0.148271263399387 0.246598815112603 0.0895685926827553
0.158721305128477 -0.12849771119108 0.276929114567342 0.0925532080823058
0.209937560259943 -0.0648635131408787 0.340166491382311 0.011634717693128
0.238324494309169 0.0363013334575445 0.196718501159733 0.0923455349067709
0.200643214773429 -0.0264899189997953 0.0190577849138873 -0.0956140064826173
0.147315874414161 -0.0496191001670281 -0.176072956947144 -0.0612250027032086
0.100701259398138 -0.112841243882712 -0.279158894091744 0.0665066670571086
0.0325681184944536 -0.16660859737423 -0.201105365280467 0.212503524372563
-0.0552527059011635 -0.166438665205913 -0.0760917315857979 0.253846390080484
-0.111636605488327 -0.128880989307298 0.0323593188293562 0.218900342856042
-0.153196005412349 -0.123045850802494 0.108672296409613 0.139504405237985
-0.157717858939099 -0.116510074831439 0.146093956680614 0.0388758055209406
-0.169195938182613 -0.160804910377155 0.194042896138073 -0.027804329337431
-0.109478393056114 -0.250116425786712 0.232642425069346 -0.0374088490380258
0.00352738950628047 -0.272365940858109 0.254531832752519 -0.00414762390082136
0.1562254322105 -0.248513665722098 0.24981612511301 0.0742090017895129
0.28247026408498 -0.172230428542919 0.220263578672805 0.104125652322881
0.327372644121642 -0.0657404846536013 0.227092913671407 0.0218390191144349
0.304571500850843 0.0778062484205837 0.0851801998764772 0.0562090114173055
0.311501329295234 -0.0156395827132514 -0.0548254183305666 -0.124237069471654
0.251723258677829 -0.0892755642121954 -0.203291408294338 -0.0848928631095248
0.151655303436547 -0.195498117787382 -0.275949835216721 0.0400424213325922
0.0394258397995075 -0.247249434138494 -0.194316681606627 0.151831105730138
-0.0728069775931651 -0.232274329003277 -0.10302684670485 0.182773335131088
-0.138651046480744 -0.175836845643569 -0.0178914268261581 0.162225874973317
-0.179146487801049 -0.165049226892147 0.044895396688017 0.0870764918830557
-0.178946976527894 -0.156458969170158 0.0747632351924792 -0.0122431520965989
-0.191529626577419 -0.209440624509965 0.126650961933738 -0.0876717603591671
-0.123942491035505 -0.308182381205703 0.191667437420046 -0.112907185071379
0.0066073479498724 -0.336486301190334 0.257071319146005 -0.0615333550748602
0.203632221069562 -0.305061802629988 0.244018873804024 0.0601618590078469
0.362285811778204 -0.184878202804715 0.157454675169143 0.123348227785682
0.391914309656798 -0.0484024445854521 0.0913297087781159 0.0305718166201075
0.32433629279568 0.0989253572865708 -0.0540249557154346 0.0160698341645463
0.370218276429542 -0.0130549531095275 -0.148764674878622 -0.138104302163529
0.31160858534208 -0.125187390627116 -0.228472356152973 -0.10031077852207
0.169811876171545 -0.25306517989397 -0.257029079789511 0.00520682665600362
0.0302426951944926 -0.291649029519666 -0.186727302327206 0.0704495411205285
-0.0859066684459305 -0.260447772423958 -0.137286411064441 0.0960637097388517
-0.147824701477274 -0.193563427519854 -0.0761159201159314 0.090595088012225
-0.176260806593258 -0.182385093240729 -0.0236102590472811 0.0218658194324388
-0.168845050150421 -0.178400168720309 0.00264899928569228 -0.0719737313312335
-0.173926930922544 -0.232584853620684 0.0599802417531708 -0.146669646417026
-0.0991018892217279 -0.32214073642339 0.14947170423526 -0.177159513613116
0.0335196270134688 -0.340511141925122 0.248768065348258 -0.10398746197343
0.238952183241497 -0.294815520221185 0.225129060372775 0.0524644051353293
0.391711855991177 -0.149222860505507 0.0887924150717843 0.138939505890684
0.395352638257563 -0.00870178181522006 -0.0439431496400995 0.0268730611981507
0.289376831659649 0.0977703254847244 -0.197068468045692 -0.0116638995492858
0.353152492747489 -0.0106935250373476 -0.241063108371099 -0.12527671613341
0.301892778922276 -0.137319355535135 -0.244393740679418 -0.09905589845458
0.150070656937763 -0.257087238689243 -0.224774322616018 -0.0305283078132349
0.0135584668987448 -0.27647333488258 -0.183998273078836 -0.0154120739091467
-0.0857084752711993 -0.240005418869373 -0.177341103387507 0.0112576727235109
-0.136200771741034 -0.177827063836356 -0.134581566014841 0.0181449937186616
-0.149806864350136 -0.171941272139634 -0.085151813945891 -0.0465736527057711
-0.133166847565657 -0.174380578011201 -0.0571482098602923 -0.134436961130261
-0.126071271777279 -0.225471352381742 0.0148123491477208 -0.202331777748803
-0.0445736091436855 -0.289403847956876 0.123517690584509 -0.22837024646024
0.0772718515835641 -0.288702957705185 0.241125820199308 -0.12928128438721
0.252906655843003 -0.222293451785204 0.197713716260467 0.0447034698160091
0.36916999860499 -0.0744497433077379 0.0229415336562541 0.134352351604536
0.340308239343982 0.0407659329958284 -0.158678872091746 0.00292667981942389
0.200379728682041 0.0865408098155542 -0.316170249146285 -0.0188549005395353
0.26806299449384 0.000298090056620943 -0.306465792301411 -0.0899623087719871
0.231123696542822 -0.111351910164679 -0.248156781843191 -0.0884143370071091
0.102771060816927 -0.199041568762653 -0.195734961820367 -0.0604362822648644
0.00182580642261646 -0.201499751346096 -0.191282925320891 -0.0815715117470104
-0.062320111842682 -0.175904598923422 -0.216322361587735 -0.0508533623122992
-0.0971814793076939 -0.135282257783725 -0.185756637251094 -0.0406350403876961
-0.101994720872645 -0.135896798550768 -0.132342747658145 -0.107047060171968
-0.0828741019181602 -0.144110470640783 -0.0947846160924707 -0.192410985148588
-0.0661745255120734 -0.183018810848333 -0.00352275051373953 -0.249687814660474
0.0109076718727422 -0.215779129319033 0.122191742633357 -0.260389897682657
0.105450715769297 -0.199493503048187 0.239576785288146 -0.138248592781283
0.232618702163457 -0.122478185570368 0.170834600579204 0.0344944621447229
0.292631772545087 0.00874438016795461 -0.0256846546624114 0.104181934654645
0.239831595705656 0.0838806821502048 -0.237289105584306 -0.039692025015572
0.075856772782088 0.0746249763642792 -0.389470829248375 -0.0108977631726272
0.14042641324569 0.02759379939429 -0.329531442206429 -0.051171589952839
0.127679423685426 -0.0517059537737802 -0.246695022765833 -0.0781317983650933
0.0507399671333495 -0.0946166700058071 -0.182688342862204 -0.0765205991098868
0.00567073571330888 -0.0878805594098677 -0.207362149824931 -0.10962311522978
-0.0150765200448213 -0.0864846421566424 -0.242832123342473 -0.0751132619712639
-0.0363415104897241 -0.0754870052881099 -0.218092347053409 -0.0765868813847956
-0.0401369981252047 -0.0797266896327481 -0.159732017924918 -0.148666080818952
-0.0281583763962433 -0.0889522031749152 -0.108694036999823 -0.234720848709534
-0.0136360257800231 -0.10972275209297 0.00235030690155252 -0.282681791742603
0.0375076681886778 -0.118227548352793 0.136429770146194 -0.274445754825133
0.0937830916197464 -0.104315361649708 0.241157872257841 -0.136057420774076
0.172042875373554 -0.0378186366257854 0.15767460601441 0.0180185242621338
0.177502906090872 0.0626212006154444 -0.0435984669834099 0.0604028398587446
0.109588731272838 0.0983056687306296 -0.270180691031393 -0.0874890918381896
0.0194013044674282 -0.0600768053425608 0.290262730869039 0.0745934152537981
-0.0622455639444496 -0.0449197504862128 0.0767721100696089 -0.0903834186791816
-0.0627229129797997 0.0117326275910897 -0.151257874489408 -0.0377910723035899
-0.0207162124838624 0.0330971629572903 -0.255058459578896 0.107283214310157
-0.00655983518716896 0.0172343759593359 -0.16671029313404 0.277878563220008
-0.0171695162774876 0.0105857972439926 -0.00655430619916267 0.309659315398167
-0.0235603824850504 0.0107976948643684 0.111754787947406 0.24155300093323
-0.0391446792585197 0.00966796491442242 0.192198912171748 0.161810037477989
-0.0391533745818361 0.00963398493228587 0.227348038659827 0.0795841107028213
-0.0427063871795656 -3.58283671225423E-05 0.257794604520723 0.0518540931699634
-0.0343703706695138 -0.02744239261393 0.246631045996674 0.0716024125678214
-0.0164531867373618 -0.0243324508511251 0.213110336658721 0.0757135140104654
-0.0184735481149503 -0.0388617810048325 0.243562743748917 0.0860312661985765
-0.00427931575082063 -0.0768031851681314 0.316714842755997 0.0762540224419491
0.051967238401036 -0.0575894135924735 0.396914289421784 -0.0123813569548491
0.134814133136997 -0.0234481817384437 0.263862227496945 0.087180919762039
0.0637081113628228 -0.0467525398869908 0.0556994743322196 -0.0803284244639185
0.031943242136111 -0.0216895487138512 -0.153264327829603 -0.0385729496074518
0.0321638469794198 -0.0361163869002821 -0.259256041862113 0.0954451233149943
0.00731375294531637 -0.071843398714852 -0.177726781757936 0.254162717459659
-0.0429503485361842 -0.0744618099159812 -0.0326765978520899 0.292474170073941
-0.074886135852779 -0.0559900494993955 0.0845209510225201 0.237544126345772
-0.10564433991537 -0.0534847541535658 0.164136676266559 0.156414115505191
-0.107978981374339 -0.0518986457947699 0.198352006753881 0.0620212045634661
-0.115962123325867 -0.0828913052809409 0.236031056786781 0.0128507472380371
-0.0797364529589779 -0.146445276651792 0.247855562283389 0.0195860089941906
-0.00480283326788836 -0.157211803897634 0.232862490540733 0.0391043222371435
0.0742025388633102 -0.149700410084506 0.244966694747969 0.0765713395942289
0.144906542734588 -0.133485025590793 0.272778427483284 0.0751760337859749
0.199734883783993 -0.0724171719545059 0.327599149807695 -0.00740295973445224
0.234213087333468 0.0227330070645852 0.194052395165677 0.0773671219208031
0.192496160831957 -0.0384682349238249 0.0104286949373338 -0.0953306897920981
0.141449217862124 -0.0571923897821632 -0.173177720833527 -0.0538887337693355
0.0903137923208256 -0.115017885219475 -0.2652967522347 0.0791602146881305
0.0206462957226762 -0.162848873186822 -0.182011778394128 0.215745405331993
-0.0646269150739699 -0.156853173452517 -0.0597099190291887 0.250308625646639
-0.116804690895686 -0.118364043432286 0.044268680813262 0.208630907624954
-0.156559621152376 -0.108430917208564 0.113601976435633 0.128366321485317
-0.159352880126435 -0.103815904352245 0.141478569690186 0.028683477538273
-0.173119400782284 -0.146067510122827 0.184404172196119 -0.0384336647139863
-0.122733028272828 -0.236002723454299 0.22334202004126 -0.0511579932946
-0.0125781038836846 -0.263258253833636 0.244669053927561 -0.0165762668667548
0.136262800915858 -0.249995539838075 0.247125106618274 0.0611089714222647
0.262411276650743 -0.184088135659457 0.218031375842955 0.089330491517337
0.312410411477816 -0.0794075914739682 0.219294070691232 0.00763513944209622
0.301442567095221 0.0591631104958647 0.0842556137579807 0.0489955413168819
0.299696253643513 -0.0344281455673223 -0.0622792220464218 -0.118187058927563
0.239498497041684 -0.100878328481603 -0.200279240325529 -0.0762287010226077
0.134482425834684 -0.197401677406366 -0.264165619147394 0.0530773352226872
0.0216548898650761 -0.241556931456517 -0.179354457365085 0.155391486824374
-0.0861658666051549 -0.219413400160347 -0.0906856364360052 0.183636917056664
-0.145557825892045 -0.162212199883066 -0.00752376552241928 0.156904480614368
-0.18330756574958 -0.148180229369911 0.0477733499141086 0.0820967491235505
-0.182167903138667 -0.142088762470585 0.0691772455475459 -0.0158000541916864
-0.198666930428077 -0.190138673565126 0.115243266679105 -0.0923458381052471
-0.140745910376366 -0.289939285162362 0.179318280618977 -0.121255859832459
-0.0142050891666549 -0.324504201841431 0.243495457574786 -0.0726675061979611
0.178717514475711 -0.308358473463824 0.240117338472933 0.0485055489668515
0.338610890600087 -0.202373889017759 0.158173533933779 0.112632521470905
0.375941487654195 -0.0661588554842241 0.0902563219422216 0.024079833419552
0.322608761063713 0.0783714496468806 -0.0529550171008374 0.018483978962214
0.355706833502461 -0.0352415649791641 -0.152388235317263 -0.125965982021489
0.294487619763013 -0.139602295332164 -0.225575555752274 -0.0901169201599662
0.149750240398644 -0.254197054630805 -0.247285450631108 0.0178481894242336
0.0100989878171749 -0.2833444251978 -0.177475603608205 0.0755252460965338
-0.100465990301389 -0.246021056013277 -0.128679522514485 0.101130272343804
-0.155622388574297 -0.179237058675064 -0.0672173537600644 0.0913372317974352
-0.182082323547539 -0.164947031480528 -0.0220049164167302 0.0227745063490114
-0.173029091498907 -0.162460138666918 -0.00461706640844272 -0.0691176014744053
-0.18360004131687 -0.214356071081264 0.048663913389834 -0.145126309405116
-0.117170161524984 -0.305452637039783 0.133854313706134 -0.181783999885351
0.0127679774332639 -0.330340166643448 0.232217742896844 -0.1143707360035
0.212174344590087 -0.30038434623462 0.220973753597215 0.0421226350724992
0.369100413974293 -0.169049730692359 0.0923797572809471 0.13150816063871
0.380359742965817 -0.0280333599598296 -0.0398046135338131 0.0282629785828939
0.288096804674645 0.080107497895003 -0.192629763817865 -0.000821694303833361
0.339367547409163 -0.0323648455327403 -0.240470821570893 -0.108607027095315
0.284151460597241 -0.149831152780049 -0.24062352542658 -0.0874622795620966
0.129035664678389 -0.256680208660661 -0.2189547049019 -0.01978751708369
-0.0046939572433845 -0.266853890436232 -0.180006380087192 -0.0081412323717357
-0.0986020043277162 -0.226384714747847 -0.172384625968236 0.0223314088903532
-0.142481680712769 -0.165548291525514 -0.127810051116707 0.0249584141882817
-0.155664686337708 -0.156529081694262 -0.0865608649222013 -0.0402990755758295
-0.139261742739846 -0.160593486521877 -0.0660954901956921 -0.126133103980871
-0.135797154061617 -0.209681874268739 0.00084191003979244 -0.195529268011073
-0.0616287760167915 -0.276742693406252 0.106243474567419 -0.228922576589519
0.0578893338568094 -0.28282299395476 0.224459384283159 -0.139186215827877
0.230326092601614 -0.229674107705651 0.193698026116056 0.0360649676154795
0.350257600139871 -0.0947391630113429 0.0289033439174873 0.131268370385187
0.331325262431321 0.0227997490402733 -0.151410784342962 0.0113594519579028
0.200775663540503 0.0734156153641527 -0.30867072253217 -0.00125880192753534
0.258192685181275 -0.0169583609830731 -0.300772328055957 -0.0707456890800096
0.216967173246086 -0.121714564092502 -0.244796652555734 -0.0756252742952785
0.0865931364787014 -0.197524287673742 -0.191563489546694 -0.0512331094239408
-0.0114200694202801 -0.193395536988373 -0.191150725156179 -0.0719619810580122
-0.0722180530871891 -0.166125167092329 -0.213658198608389 -0.035852928043665
-0.10182656219621 -0.126004525285297 -0.180088972168962 -0.029663157346261
-0.106756772613044 -0.124304752144047 -0.135492706530714 -0.095845030213424
-0.0876555137877066 -0.134040232530934 -0.105743892187687 -0.179903529064747
-0.0751516360900108 -0.172138538086748 -0.0186165876221434 -0.240128953208345
-0.00303628186891106 -0.208544949256404 0.103464393965258 -0.25919160429236
0.0902334436214904 -0.19779740005758 0.222208795353117 -0.146887082236126
0.21669874803401 -0.131752299494563 0.167337644987593 0.026617060156691
0.282640817501467 -0.00868357971468061 -0.0196733843048203 0.104236418342585
0.23579096720205 0.0694223870775462 -0.228540105988327 -0.0250971274428489
0.0783262827961507 0.0688323021911082 -0.377553830155495 0.0109909875645266
0.136180885191599 0.0182587929745639 -0.320071223351196 -0.0317573901910494
0.118991970057496 -0.0577914447835895 -0.242872985151553 -0.0643470826516324
0.0422645009641603 -0.0930218239955223 -0.180497465842909 -0.0680225452264563
-8.48993232168625E-05 -0.0837571596615464 -0.208850691137423 -0.0970247863219417
-0.0205638759424245 -0.0828256710120726 -0.239826951514098 -0.0577869364872575
-0.0396657483953982 -0.0714040388244586 -0.213217582625619 -0.061636403976931
-0.0432675079762119 -0.0736001389882764 -0.164265026724375 -0.134316992621605
-0.031402191924399 -0.0833784969862248 -0.120850874022085 -0.220743685885077
-0.0199509716366838 -0.104265161276826 -0.0143151953195784 -0.272011883549923
0.0291539870659733 -0.115866448475963 0.116452362803054 -0.273228706420454
0.0849662474941984 -0.105348231774212 0.225041664689888 -0.14503652884277
0.163092287395742 -0.0462570346399952 0.152740199933676 0.0114866929295527
0.175129950702105 0.050749147779197 -0.038708485905638 0.0629607424425531
0.110221227046443 0.0889075518884317 -0.262078232499996 -0.0683773394121054
0.0435149679379847 -0.0461464997914814 0.223851696157957 0.175341755400213
-0.0361749396286373 -0.0644202432111396 0.0988055090817763 -0.0501776812468238
-0.0603826270032217 -0.0151641040748899 -0.120113866265103 -0.091610029970585
-0.0303343763805248 0.0207248388098004 -0.269696722994687 -0.000970347457875248
-0.0103587681845741 0.0104458522426674 -0.25539821769207 0.183387549777148
-0.0196505849437357 0.00205935526218435 -0.124858681843491 0.273637881477752
-0.0264868677713396 0.000154403092952476 0.00529275683755506 0.257777605855793
-0.0393547934716099 -0.0051515637284787 0.110241967840131 0.21744590462879
-0.0375375871071748 -0.00734108752306181 0.17117297854769 0.15553949392773
-0.0371131531751459 -0.0185176907912851 0.211807848285293 0.143670955757138
-0.0195253166166196 -0.0404567293777254 0.191022674847601 0.157459385094579
-0.00291382427956169 -0.029774794006231 0.158961456699481 0.152435335210791
-4.03105016678878E-05 -0.044829604065767 0.183126052133226 0.171746867117131
0.0264542043998312 -0.072181405520779 0.258304089185479 0.185925982503618
0.0731637370389617 -0.0348830338557532 0.35998980168945 0.144816640469898
0.133175957255455 0.036915708514799 0.196786651165808 0.164341332720149
0.0746969899683704 -0.0158499884415453 0.0773114085053639 -0.0560902193683069
0.0371155454155885 -0.00688747539867066 -0.122845232815035 -0.100097876733813
0.0434632369178213 -0.0181737659593129 -0.272338417749971 -0.0172741258832035
0.0364994234405559 -0.0624920096379288 -0.260897051938518 0.155500491094898
-0.00968629863440867 -0.0833535215195776 -0.145609602532524 0.24647770440278
-0.0460476003326611 -0.0781505221877086 -0.0181983478754912 0.243620226745852
-0.0756249586339572 -0.0872449657343261 0.0875599571417788 0.201429428676089
-0.0763193990618935 -0.0878061843045072 0.152835986263035 0.128139498391084
-0.0727704678013756 -0.11801353024647 0.207160535808906 0.0983713939212721
-0.01769058788325 -0.163570510842554 0.212245010889185 0.110627219607713
0.0551707960608254 -0.145914957247501 0.192850079196763 0.126012195367437
0.123622147037507 -0.114115804297383 0.191483597803384 0.165550618230317
0.180140073445375 -0.0717943635846223 0.222145913738676 0.173955860816822
0.211869773410551 0.00313919729828528 0.293931173250895 0.128754774740917
0.204817191657726 0.120851004233471 0.140317931148248 0.116413733649421
0.184247800024337 0.0437922145219358 0.0435048501053292 -0.0939534262602212
0.149047939905149 0.00546424524709026 -0.134746080904738 -0.129215957372039
0.126351935164087 -0.0629080605631228 -0.275469611994066 -0.0392389569000907
0.0838614718355314 -0.136724943010444 -0.253525305340406 0.116810068810122
0.00239721237043217 -0.163231134461674 -0.157652077380142 0.197108509457317
-0.0591633744297315 -0.149184184341696 -0.0441087238032764 0.202013081778349
-0.100919656828707 -0.155697490032956 0.052576368619602 0.158396260333334
-0.103231698279913 -0.153385669326786 0.114844058104757 0.0764031565957009
-0.102384061757868 -0.195258740628113 0.18090857840163 0.0313502801633969
-0.0260132729311005 -0.260061634417265 0.217543661267091 0.0374129896703494
0.0853129163936355 -0.244398885522038 0.226327542552398 0.0788027746336601
0.216325077305924 -0.185149311448055 0.200740257803897 0.152627060369245
0.302883597803494 -0.0778054018492273 0.172316760458647 0.171466611222322
0.314823108478749 0.0357131278678968 0.190662914211805 0.106778788373312
0.251116293061122 0.184046622665013 0.0554773504209698 0.0416348205773694
0.277072581578958 0.0909587252335108 -0.0110018215395763 -0.148088509130156
0.254585852962194 0.00489994953138922 -0.152343976937123 -0.167289477913837
0.198189946883502 -0.117709195635419 -0.267798041965311 -0.0662714257112399
0.115746927242923 -0.205034172227879 -0.233020681057671 0.0623475779318673
0.00749380969932028 -0.227146390533443 -0.162015449263884 0.124939043371614
-0.0676589334717265 -0.198937201836602 -0.07081102103802 0.135425802736866
-0.109871110701938 -0.200716343119522 0.0108292740546842 0.0916353422042901
-0.11047388814241 -0.196342011373209 0.0670733795236187 0.00874625640000519
-0.109508378485902 -0.243497228397124 0.139878837134705 -0.0433498845116648
-0.024237270523671 -0.314307685364346 0.205206852060274 -0.0422056945366762
0.10567637751465 -0.299723890272913 0.2471676230862 0.0271434061249095
0.274100234338991 -0.222996854554928 0.200874887107244 0.138740749102056
0.377065575478891 -0.067385755625763 0.111230698292498 0.174130031822111
0.365556015284529 0.0703559148906786 0.0672529189588106 0.074854342926746
0.261756865257913 0.211119878823035 -0.0536870168270641 -0.0412430621354465
0.326696381614735 0.113080073109569 -0.0886546175350309 -0.192603228649968
0.318128172523432 -0.00695532966273311 -0.172934519822653 -0.193687753095705
0.232856907072023 -0.160539816202243 -0.241598643896257 -0.0950172789785501
0.121719397361308 -0.245300893011993 -0.202150744361056 -0.00894115208606267
0.00543183539001864 -0.255586971191861 -0.165767566474932 0.0365802403825068
-0.0694106329978513 -0.2182951464105 -0.0987072380297706 0.0532849069003381
-0.102470531200307 -0.216103224954993 -0.0290175782842875 0.0123125899663144
-0.0950816923000068 -0.211239799609566 0.0219225271215857 -0.066586839259907
-0.0884221579521738 -0.258231705728646 0.100215298543796 -0.115507565487413
0.0023806430156087 -0.319475248395724 0.188086248090805 -0.114002734765151
0.131512500703252 -0.29518828753257 0.254536387597045 -0.0143758091208356
0.302335605839267 -0.203475092490837 0.186041734958869 0.126406314329352
0.393178350759422 -0.0260333822622349 0.0441870515363629 0.169142857854991
0.355354729348579 0.106949439258263 -0.0508127032547324 0.0283988750570292
0.229072218383285 0.19684110899293 -0.17080317215574 -0.10798174448764
0.311721716734069 0.109389061627422 -0.173815244582391 -0.209260371647527
0.312020204605995 -0.0199157051411629 -0.188055980940775 -0.196522639651915
0.216242564563737 -0.171045568624823 -0.20194976425785 -0.116808947227587
0.101282104782047 -0.235801504138711 -0.171778295814991 -0.0840372294463734
-0.00037743319296932 -0.238108965800965 -0.17387938152368 -0.0500550034753101
-0.0627002696969974 -0.201177163310977 -0.126600458540521 -0.0291105113754473
-0.0816057520675671 -0.198238452653833 -0.0625771334263936 -0.0684536542753468
-0.0658192525977177 -0.196649970319481 -0.0113800287885964 -0.140237958892987
-0.0478509631531663 -0.236201279826699 0.077132159192368 -0.178100051680335
0.0410071388015131 -0.27315260934285 0.181779318728246 -0.165030290231818
0.154453298171771 -0.234896316720041 0.256083730008674 -0.0388299246946449
0.293909118896157 -0.131483578201035 0.162582262985688 0.111588173830252
0.349953100661616 0.0356788015076133 -0.0154538105254118 0.144881007119752
0.291063371967624 0.137300030699087 -0.145700857940687 -0.0324682723681342
0.151820061944678 0.154524337274912 -0.272098297566823 -0.144099667284725
0.232828078722243 0.0905849516206619 -0.240402231373652 -0.193510054345367
0.240345630779553 -0.0212149302657891 -0.194090893219655 -0.182173737577361
0.155238385022171 -0.136587857447674 -0.162250826820014 -0.132012545798183
0.0664016503502445 -0.17271396269725 -0.153638011985796 -0.143606184886934
0.00013076477152652 -0.173554501624601 -0.184376808858758 -0.11676305799224
-0.0420519301190484 -0.150638977523164 -0.151740412910683 -0.0968659519698011
-0.0497668874904642 -0.150700429597119 -0.086088629228314 -0.136576044893787
-0.0297975847788154 -0.153112084439884 -0.0256678162622509 -0.201740292847709
-0.00658136985912582 -0.180362590974061 0.0774814202466029 -0.224270047219235
0.0692780666783995 -0.1909769772645 0.191486437978262 -0.191388063520956
0.152415253620473 -0.146679600305087 0.256680375319792 -0.0452002033097623
0.245326014596571 -0.0464069274020424 0.140789107902474 0.0935241644743433
0.257602803057821 0.0904769833135205 -0.052633856309304 0.101025386074712
0.186855222488443 0.145654475557827 -0.200113600826092 -0.0994878905911841
0.0421382452135856 0.0975400928721981 -0.335098389931348 -0.147155600794296
0.11161590279833 0.0716903334177792 -0.270110637359405 -0.160587455411537
0.127781466143885 -0.00421330909801363 -0.193915347445702 -0.163663165364959
0.0736920097658804 -0.0630153400414229 -0.140448648428952 -0.139040883309779
0.0336449141018384 -0.071480800051812 -0.154214680495409 -0.171931395649638
0.0140371135169851 -0.0805351320810542 -0.195070874917115 -0.145085257653663
-0.00683426281407426 -0.0785333801428351 -0.167500545942912 -0.137613747728656
-0.0116906478352895 -0.0809911673063333 -0.0973042638905921 -0.182268756065039
0.00111691374077244 -0.0863459077462362 -0.0245471854316321 -0.242496417195535
0.0174141292414469 -0.0999266171301599 0.0927949621721441 -0.249475236980484
0.0655105786925012 -0.0958126699375642 0.20811512504841 -0.197091729424421
0.114703932918616 -0.0661366509966701 0.257890554198075 -0.0410518760281493
0.166592440579845 0.0136147705694171 0.131513182648051 0.073328274962667
0.140091844114928 0.107454485013869 -0.0584139891303774 0.0529241110447192
0.0657140428056092 0.119704467146861 -0.212143984368886 -0.156631662336238
0.0420033943220392 -0.0468508348177311 0.224768111545957 0.163536059745346
-0.0371919109640515 -0.0616621035198062 0.0931158561437291 -0.0540922126040795
-0.0591188758801295 -0.0136796956313944 -0.120198097419286 -0.0883414182130081
-0.0286730941147113 0.0211364164550667 -0.265010332302266 0.00524077570301783
-0.00916609194422691 0.0100274892834774 -0.245061260092664 0.188685717187055
-0.0189148284382747 0.00268440471264744 -0.112198011982973 0.272636335667137
-0.0269186131850442 0.00135120801965887 0.0124976288053761 0.252709986394438
-0.0392277077454245 -0.00374241032233772 0.116711540378665 0.209604445262391
-0.0378354986063493 -0.00678970384066221 0.173994636952922 0.146935919385477
-0.0371312644905361 -0.0173545243141725 0.214047031263651 0.132661644065867
-0.0215029705043444 -0.0391683862131744 0.194913106060268 0.14918931547501
-0.00349476545394976 -0.0299891565697515 0.159778410867935 0.148434165373739
-0.00152886368732995 -0.044908915509554 0.186715908943374 0.166374393118977
0.0231666758878138 -0.070295327462173 0.25907748558139 0.174678544286273
0.0724844202385495 -0.0347455732615274 0.355189293039162 0.131442385676887
0.133337431462642 0.0326402914186152 0.197065927116198 0.153573257002538
0.0730739574895552 -0.0179817346871712 0.0719014209576167 -0.059173450420964
0.0374315892513308 -0.00864022407208099 -0.12327141435803 -0.0973678968386762
0.04214460661317 -0.0192789486068044 -0.268376003995831 -0.0107421323510036
0.0334167235907784 -0.0634148708478044 -0.251142976389145 0.160243663193283
-0.0131861255819905 -0.0812847646208332 -0.134501068069622 0.246871656354672
-0.0491383622318898 -0.0757609544322231 -0.00991824552901063 0.238733326935658
-0.0784698714246498 -0.0822543137316412 0.0931292066138756 0.194847264705843
-0.0786633009705096 -0.0848232657202218 0.153901626268075 0.120721214067007
-0.0765639376939844 -0.114398193451809 0.207354122320017 0.0881987929237134
-0.0245810041446906 -0.161235611787186 0.213525552530812 0.100928693560571
0.049654301296456 -0.145753730046682 0.192539048669538 0.119973881330581
0.118021381194323 -0.11766962338797 0.193726138697068 0.159732435608931
0.174306551634004 -0.0767158626311644 0.222592826124697 0.164978318052493
0.209039509775385 -0.00131774337476041 0.290886914710709 0.117508350227924
0.207561287546586 0.112876056672523 0.140189433692544 0.109076264943982
0.182285725809157 0.0356818246138383 0.037863179967729 -0.0948485657785796
0.148100500356085 -4.06594728241663E-05 -0.136324662629996 -0.127767441779716
0.122082023484579 -0.0664836155195665 -0.271246719268043 -0.0310119772962551
0.0764390909535841 -0.137644240566169 -0.245820529995608 0.121400741095131
-0.00458705007027966 -0.16071368820573 -0.148203300245377 0.198753329027001
-0.064619590871653 -0.14544773859655 -0.0373152062009175 0.198497538381721
-0.105251066355329 -0.149400894509577 0.0567084902840454 0.153716573027054
-0.107398393827725 -0.148298385801202 0.113985003457281 0.0717094702829951
-0.10785892634836 -0.189335621890537 0.178194232867534 0.024167282780223
-0.0369880860557453 -0.255772117416182 0.215781986061362 0.0288790724158436
0.0760658704098339 -0.244067295934941 0.223202828497446 0.0726706826955658
0.205660774251845 -0.190562322388677 0.202863576606671 0.147802730627697
0.295022719932981 -0.087324926988928 0.173194815460207 0.164489861858415
0.31089753088838 0.0284373870052872 0.189549107193053 0.0983725660658795
0.254980990834877 0.173499362196404 0.0539647967570165 0.0383682775977707
0.274962915572365 0.0787326550093095 -0.0168370182812391 -0.145964153689756
0.251732419760349 -0.00424745537623144 -0.154282202906851 -0.165074961084358
0.191037018927345 -0.122272774231265 -0.264317297623359 -0.0586441582257821
0.104689017502705 -0.205980987411618 -0.227097673269517 0.0662931352555541
-0.00224640867973001 -0.223632989964885 -0.156164760968027 0.128855464542996
-0.0744855864494691 -0.194615222728554 -0.0656638786259945 0.13422776238431
-0.116023269387858 -0.193227143873706 0.0140703295324755 0.0901631666097062
-0.115400490489305 -0.190360211499312 0.0646593846813745 0.006858564169141
-0.117232278716174 -0.236319901238165 0.134867067714802 -0.0480141439526082
-0.0368112587472068 -0.30966921745903 0.200122752824056 -0.0494856343561681
0.0939458934042439 -0.298723641595175 0.242189719072957 0.0204738057573369
0.261547941926393 -0.230487428266971 0.201357691697792 0.133423319587848
0.368542647036346 -0.0801444030307143 0.113383373531852 0.169427251127531
0.361461153648862 0.0605647388137403 0.0685449895104661 0.0710610631079336
0.266668637789811 0.199737982717053 -0.0555857552993682 -0.0394092681330938
0.324370850890372 0.0985435374852335 -0.0932843521559685 -0.18669109924592
0.313789785213493 -0.0178586571781631 -0.175432641527501 -0.189947021402022
0.223385715697869 -0.166076417636512 -0.239551894105658 -0.0878008739271951
0.108952172429414 -0.245051086568672 -0.199685105400589 -0.00552431715558871
-0.00561552853032268 -0.252124190523348 -0.163716569531955 0.0418929456091414
-0.0768091328928593 -0.213345947050303 -0.0952371038664912 0.0550288932715265
-0.109196553117639 -0.208193303426221 -0.0286717675112953 0.0131544623662414
-0.10070902843246 -0.206319827629062 0.0163929421741915 -0.0652534202424419
-0.0966549024642893 -0.251000013166662 0.0927131475574737 -0.117494721669481
-0.0111114456159972 -0.315241032102854 0.181325489772279 -0.118475419654552
0.11930662499689 -0.294421635490688 0.247838540647832 -0.021710809630907
0.289547468249474 -0.210556731739901 0.186446331978587 0.122285953903071
0.385317147972899 -0.0393874941800148 0.0471595546183139 0.167138075645638
0.35300278841884 0.0969247249313679 -0.0488749501357928 0.0292256201989839
0.233847841402617 0.187966516422373 -0.172327159658961 -0.101710190539301
0.309884405623876 0.0961294322387377 -0.176307368040519 -0.200803290559587
0.307265766613614 -0.0303240056471874 -0.190471702451791 -0.191990250343486
0.206367179505076 -0.175350620780121 -0.200296099853213 -0.110789218128501
0.0898689172431555 -0.235392562980983 -0.172652706367985 -0.0808442687784491
-0.0104313091786186 -0.233675052421832 -0.174511781739491 -0.0427938630382111
-0.0701443681189615 -0.196587480699378 -0.125167030883505 -0.0254616607512612
-0.0876737802291594 -0.19134595260346 -0.0652794905676048 -0.0650091759993576
-0.0709226160937968 -0.192540148295477 -0.0185311559376817 -0.136693036226053
-0.0565516807970563 -0.230249971459397 0.0688258604979361 -0.178274486497228
0.0285494333678793 -0.270101404498023 0.173566772990447 -0.169373036469965
0.144002253823622 -0.235352032128337 0.249239822660091 -0.0464533625121697
0.283031815072222 -0.139857882348658 0.162540015345335 0.107387766243365
0.344174865231996 0.0228884153572272 -0.0114361032450354 0.145509191306538
0.289947088349944 0.128445588017508 -0.142897326169748 -0.0274983207061196
0.156170341409597 0.147176039631085 -0.272406791731008 -0.134389213512868
0.231560253767763 0.080143400952109 -0.240907975956494 -0.183348301916362
0.235209323919027 -0.0293242974739534 -0.196312343983393 -0.177119196362262
0.14681941469273 -0.139060834142573 -0.16195678903559 -0.127207371312345
0.058911704318461 -0.171019265154051 -0.157865665798006 -0.139695150119748
-0.00707292758400633 -0.170779068800448 -0.187294574087429 -0.108006568562407
-0.0474311343328819 -0.147762640384417 -0.152225200931435 -0.0913402142666554
-0.0546399544223326 -0.14574483099542 -0.0909093188839502 -0.132337931768484
-0.0344364844300467 -0.150180523354527 -0.03488089775618 -0.197017214968849
-0.0136710272440201 -0.17588329067084 0.067183393961907 -0.222825656024827
0.060624924274183 -0.189524575949673 0.182301745413484 -0.195660038856927
0.145549625739576 -0.148922942511114 0.250118763445471 -0.052198777034112
0.238814589660205 -0.0537013305347374 0.139713706658623 0.0902899032251313
0.25568099637008 0.0803840374444924 -0.0488346746838388 0.103857161004367
0.187900364492343 0.139069879569008 -0.198238453572881 -0.0915847380219599
0.0461955396225106 0.0951026886912371 -0.334213685936277 -0.136014089852027
0.111630908320728 0.0662952184589919 -0.269170518463271 -0.14989712980851
0.124198162300785 -0.00886799158075445 -0.194228292587195 -0.157511252734735
0.0696158605142286 -0.0637858943298617 -0.141217680273596 -0.135564347875242
0.0301535010568003 -0.070119756644326 -0.158752698808193 -0.166055549614015
0.0099827688261925 -0.0797922317028294 -0.197560593101946 -0.135723901478363
-0.0101587951154778 -0.0775990591857293 -0.169648212454211 -0.130039041525276
-0.0140165513084614 -0.0788354501165581 -0.103828099825818 -0.176873230041833
-0.00163868213765596 -0.0850295863748757 -0.0350132940430018 -0.23702531209738
0.0127649007914447 -0.0977346507505612 0.0824842090805286 -0.248166743571608
0.0612310191975675 -0.0961802986098424 0.198063940036867 -0.200715098215172
0.11002457293431 -0.0679650261516398 0.250583195580553 -0.0487112986357813
0.162961970977438 0.00779869395298707 0.130714606645287 0.0714273432579986
0.140803992197865 0.101895955173431 -0.0558873956261327 0.0566934041876802
0.0684304568234809 0.116370370821114 -0.211641580911692 -0.146791487798903
0.0395932499974247 -0.0482131560442661 0.228092844253829 0.151273612641595
-0.039764756620186 -0.0588431231429076 0.0874005961209342 -0.0575550221945468
-0.0592100725548255 -0.0113464366156797 -0.122978168710426 -0.0845964050770745
-0.0273900936728227 0.0226041364408933 -0.26292513028319 0.0146338827798095
-0.00890168293336101 0.00950437074259964 -0.233851123369992 0.197301272656443
-0.0189302379618022 0.00387682071092838 -0.0977747065084304 0.274756064463875
-0.0278358800159719 0.00294172732626143 0.0220714009940879 0.249579255571134
-0.0397053823744255 -0.00175592649165774 0.125705323400352 0.201803512988627
-0.0383623359137024 -0.00500991178208015 0.180232832751033 0.137694313663628
-0.0376539029934757 -0.0169409793599856 0.218817127237844 0.120976809083913
-0.0235871495752412 -0.0388801075780806 0.200342691039573 0.140049192312921
-0.00459838347492338 -0.0301184370544461 0.163759711824971 0.144168240718868
-0.00336053067553895 -0.0452971747402685 0.193282376568717 0.158944960442275
0.0193930290600399 -0.06943628213965 0.262524491325753 0.162710755928968
0.0717046472077047 -0.0365078837764829 0.356395681159197 0.115542755733306
0.134445553211576 0.0264959848121064 0.200501990736432 0.143189096252339
0.0709551173744323 -0.0216114920568998 0.0668904209958956 -0.0616058222594959
0.0376690162658286 -0.0113564443444232 -0.125714030761142 -0.094759768185453
0.0408897030521715 -0.020744039394762 -0.266331422911146 -0.000492043435094358
0.0296519931267688 -0.0643996348026168 -0.241608249615771 0.168729530024135
-0.017351774745705 -0.0798094840627539 -0.121560991149787 0.249605821558378
-0.0540211222887085 -0.0728564971548934 -0.000718429361437982 0.237334542361117
-0.0823681939298856 -0.0782157045473158 0.101830503159152 0.18924572312882
-0.0828067734263927 -0.0814996654039267 0.157908224618672 0.113498000067917
-0.0814014628273865 -0.110661988218894 0.210206213266347 0.0770777547778918
-0.0334841436597999 -0.159621494417969 0.216998352789855 0.0908964032733006
0.0428566489447606 -0.148011195600385 0.194687595346005 0.114499423814622
0.111560437699513 -0.122573535256982 0.200130060567375 0.152873526678211
0.169386016230765 -0.0833481848299457 0.226484846986342 0.154543410326275
0.208461432702935 -0.00848085642089022 0.291462518144404 0.104737235039054
0.212228068775827 0.103212892352204 0.142083097533332 0.102591921313456
0.181641555858668 0.0259984456950425 0.032218355805948 -0.0960285453951769
0.14773611925588 -0.00864762077817323 -0.140727287564373 -0.125081819930472
0.118193176151887 -0.0708267923730157 -0.269901683542335 -0.0223876119245276
0.0682917930624585 -0.140365976210317 -0.238737616531054 0.129385980781686
-0.0135224330206674 -0.159423048038236 -0.138480473360648 0.203798679690327
-0.0727206842124752 -0.141880019794755 -0.028617720973966 0.197938509833204
-0.112367412273918 -0.142629187806999 0.0631598605584381 0.150417853039691
-0.114181433485669 -0.143242827983538 0.115741033403906 0.0663989188413488
-0.116857530701249 -0.183796912427053 0.176862473556283 0.0147615567135078
-0.0504449274538036 -0.252554425915957 0.214938303400655 0.0185927424801647
0.0641291026631494 -0.246252792599524 0.223246082574468 0.0645383152146122
0.194855762864706 -0.199772798210343 0.208652606642536 0.140936917940447
0.288005183541809 -0.100778994673016 0.177614589855464 0.158034589051809
0.310807375463452 0.0167797950027923 0.190436054267592 0.0907295828658436
0.263033119812425 0.160877011296121 0.0539933206259684 0.0362647296580118
0.275691452905486 0.0645708395885791 -0.023815583648578 -0.14351012181505
0.251216024741043 -0.0164810059971425 -0.160193064416755 -0.162015860380058
0.184039394811262 -0.129685319029981 -0.264305288495241 -0.0492200534012506
0.0928710974529338 -0.20895423397222 -0.222819603587814 0.0731907893327008
-0.0146275684454585 -0.221530351573686 -0.150239206557009 0.134277100569681
-0.084884670131874 -0.190474947252843 -0.0596488207087195 0.136175067935238
-0.125243703868777 -0.18618431355929 0.0178377980098543 0.0891884061255222
-0.123628099587531 -0.185524468379024 0.0621629303576033 0.00467152126861027
-0.128211742983188 -0.229479956115122 0.129690885077469 -0.0540236843239359
-0.0536159332799945 -0.306080933411271 0.196251516932263 -0.0594616387474114
0.0796825815231007 -0.301775397156848 0.239731157262783 0.0112239740991193
0.248055931290946 -0.241415679065107 0.206533847696088 0.127854247542382
0.361844528848702 -0.0973824893325217 0.118236203969964 0.165861227102866
0.362026875670195 0.0478543796659362 0.0709516744741967 0.0679712761874532
0.275598299577603 0.186579466414194 -0.0583460923694068 -0.036719980983465
0.325341142933216 0.0820625857104994 -0.101373120696238 -0.181375010400303
0.311367995305518 -0.0332318758438523 -0.18160112543376 -0.185968725830017
0.214386668640406 -0.17527805723694 -0.239675156456119 -0.0795074517234282
0.0954710643418574 -0.248496831231775 -0.199144089718753 -0.0005312277308423
-0.0194129050869266 -0.249177319292403 -0.16194818889814 0.0497135219404344
-0.0883420418590209 -0.208809353048145 -0.0921143178186618 0.0580106543918966
-0.118673484295729 -0.201101759672702 -0.0286349103414544 0.0144301744361956
-0.110285846144046 -0.201663862640731 0.0111228843386 -0.064786503916435
-0.108569350834971 -0.245110924808609 0.0858336062647593 -0.121096446710584
-0.0284748943676688 -0.312224971719134 0.173624287943471 -0.12712592861975
0.105277607042288 -0.298524844016994 0.243030969803265 -0.0314598572370213
0.27574027427219 -0.223240996720148 0.190243314005516 0.11665147027801
0.380623702931257 -0.0584610838676237 0.05304823426312 0.166580460215918
0.354310813005775 0.0843845295943987 -0.0477109190699371 0.0314883629588454
0.242203380603497 0.17495788754976 -0.176895417534938 -0.0941051657300735
0.309737878225313 0.0804704695615338 -0.183755195275464 -0.19108059790704
0.304090160540164 -0.0448441921083601 -0.197180540118027 -0.187137262811446
0.196505018770581 -0.183441158721609 -0.202040124377085 -0.104313186734541
0.0771169804632285 -0.237318464984604 -0.17620574106705 -0.0761107364446575
-0.023174175480179 -0.230941792727788 -0.176160369374697 -0.0345518583369624
-0.0806576187418978 -0.192888053114959 -0.125736847649672 -0.0202704576721403
-0.0966332072961415 -0.184696247470918 -0.0686965046745095 -0.0612344377839451
-0.0796800877857232 -0.189016012324136 -0.027264568321779 -0.133779968136246
-0.0672954724091887 -0.225739329438175 0.0591103710331342 -0.179959216892267
0.0145567107118611 -0.269151684151037 0.163728476959974 -0.177021295109745
0.13234098078685 -0.240842780147902 0.243014735352772 -0.0572696839529509
0.273262573161797 -0.152056598337623 0.165044054200357 0.103780291562001
0.341342247329693 0.00619726991240434 -0.00572752290297415 0.147624677911268
0.293124358059995 0.117914871054182 -0.142575006286234 -0.0216590912767463
0.163038204759626 0.139327435628599 -0.276751437494885 -0.123002780672703
0.231225858369834 0.0688477580108041 -0.245589994867565 -0.172026205711694
0.231511314808468 -0.0406482075051899 -0.202102223813603 -0.169855385567222
0.138834429477224 -0.143881662767313 -0.164235500613476 -0.123234752580601
0.0489794494632783 -0.171990547900804 -0.164179435328273 -0.135370947177141
-0.0164460105069769 -0.168833279298937 -0.191690129928351 -0.0979823172475673
-0.0551567223915988 -0.145223845965304 -0.155046952343781 -0.085088631493
-0.0607337557685475 -0.140953885962785 -0.0974268582484589 -0.127163757703481
-0.0412804738774774 -0.147835384947738 -0.0458604644830877 -0.193494402969773
-0.0221273746284638 -0.173835971963797 0.0561933931175759 -0.223521177592315
0.0508049426002143 -0.190013382187896 0.171988887061117 -0.202862306545338
0.137731357011241 -0.153688414021446 0.244516555151144 -0.0625254287294627
0.233278148368842 -0.06394900568124 0.141984363568582 0.0870009457035914
0.256544326721082 0.068170508365973 -0.0440246288115839 0.10750272029348
0.192474956776776 0.13192189843901 -0.19887844149307 -0.082556000321423
0.0507854650825687 0.0928137270215558 -0.337233559611847 -0.122133780162221
0.112605107805221 0.0607845713035767 -0.270709123662192 -0.138332434018945
0.121979449916091 -0.0147384209073277 -0.199388811413456 -0.149837059265923
0.0654270897462997 -0.0658265254749759 -0.144812167683534 -0.132427955528833
0.0261381096478751 -0.0699421843129809 -0.166345299927007 -0.160730886523329
0.00543725720955271 -0.0788359491168776 -0.203051897381883 -0.125171716215788
-0.0144047308475043 -0.0769314885691622 -0.174240815692936 -0.122260114569451
-0.0170405716243097 -0.0762141143752766 -0.112552442609968 -0.170451856177821
-0.00535391752117891 -0.0841081109684767 -0.046762610907818 -0.232549879519778
0.00816760120052317 -0.0966282573344466 0.0712741272040877 -0.24854426888302
0.0562085871193822 -0.0976171472053251 0.187886268991073 -0.208106682652527
0.106209712532505 -0.0719674514663815 0.245906413533059 -0.0585560985702223
0.160761285461021 0.000488771161532364 0.131746606031954 0.0676445671769641
0.144353744355002 0.0948577628904093 -0.0520419411753184 0.0605594619818809
0.0724433516488218 0.114099553416558 -0.214774655378661 -0.136158501537691
0.0361649728542867 -0.0491672949370709 0.231953439721546 0.13434857875643
-0.0423791713063552 -0.0555216098312009 0.0811062921692981 -0.0614371560270421
-0.0581957327850415 -0.00850234506276083 -0.125165747731302 -0.0777026410376317
-0.025135047080029 0.0238961096681448 -0.257409274401685 0.027833312655723
-0.00825042949355998 0.00942131598151068 -0.216627306949613 0.207153987761143
-0.0186548579020422 0.0044011047491154 -0.0786175006946499 0.274053003246843
-0.0281841428427769 0.0049792642069851 0.0370539658300483 0.243359336944474
-0.0395105858748571 0.00101771919322223 0.136745375122145 0.189772079110593
-0.0385684233763603 -0.00338552060767998 0.185188245254962 0.123555032380677
-0.0383591071230043 -0.0150156942591764 0.222180096198112 0.10364400686997
-0.0260816270223838 -0.0364494999978268 0.206400556803757 0.125772919708456
-0.00617605415817371 -0.0294757275076477 0.16987335208606 0.135187450968867
-0.00610916440343301 -0.0441527040663554 0.200705398245579 0.145918144582538
0.0149843432133589 -0.0682269694609846 0.266019670625066 0.143916271129741
0.070188238339825 -0.0394121218134933 0.352766794043978 0.0928934207010418
0.134153782093943 0.0179265617956655 0.204253082144767 0.127886407789829
0.0676891986726779 -0.0262873499041928 0.0605567429534143 -0.0643981114638123
0.0364423273880486 -0.0145142916551074 -0.129356561144707 -0.0882066722120009
0.0389872773983647 -0.0223981318327569 -0.261557727858446 0.0132813739974802
0.0239605737789254 -0.0654082817582329 -0.226955539165826 0.179322463864895
-0.0235664069574225 -0.0769825236079795 -0.10346494727712 0.251230552338033
-0.058701241203859 -0.0677950765590801 0.0130686963048405 0.232570787024224
-0.0862017104378876 -0.0712070250205714 0.112837954792617 0.179144692929726
-0.087615888839421 -0.0755026953423926 0.16180308902868 0.100997047652896
-0.0875825258629853 -0.104034433518925 0.209673888476253 0.0613245753161885
-0.0443697055961816 -0.154554390628586 0.219174081888579 0.0759565086321167
0.0326115299301003 -0.148089180829881 0.197150829145009 0.103324116321947
0.101400803394274 -0.127761072529275 0.206778694104223 0.1400335943194
0.160476010868023 -0.0921197319898648 0.22958635869005 0.139055184830027
0.205631028748661 -0.01953800864497 0.290710917837689 0.0857653244652485
0.215907288937355 0.0885144509886263 0.144172734188082 0.0920711273386909
0.178676979425322 0.0134339722709648 0.0245465461525282 -0.0955132124611369
0.144583226525963 -0.0191133448720392 -0.145127100114037 -0.117734625996687
0.111449203447168 -0.0770848736861908 -0.265790257400708 -0.00781156828572199
0.0564901377324387 -0.141977541998678 -0.226827345685475 0.140162910554327
-0.0257036102205353 -0.154994781893178 -0.123274306143153 0.207052520081766
-0.0818263733874065 -0.134338462803068 -0.0161505818140292 0.196041299598962
-0.119940662777074 -0.132400676449669 0.07262910369211 0.143393445734571
-0.121838113893576 -0.134554937597896 0.116427406913985 0.0584420256060798
-0.126655852685254 -0.173128947422431 0.173767467996622 0.00288607849223763
-0.0682053555519591 -0.244998437702546 0.213237230099 0.00442190778695347
0.0475761319962176 -0.246921430236087 0.221844316733085 0.0526595987839802
0.177682422471122 -0.209250959644092 0.214123721501183 0.128018182069715
0.276436030857722 -0.117331991577035 0.181541853358554 0.146004492574052
0.307116311220014 0.000431815684835017 0.191074156639044 0.0781180223822572
0.269103099092178 0.141086339902119 0.0534400085288328 0.0327699906454354
0.273435017460775 0.0444726329459951 -0.0323008118642892 -0.139265982524663
0.245772589558085 -0.0341475489021021 -0.167088906417453 -0.153634811760381
0.172389189547002 -0.139385910012152 -0.261283249150885 -0.035261830291785
0.0762384168461391 -0.211587490293116 -0.215338579312981 0.0829860558834759
-0.0308337121114989 -0.215898714280154 -0.140218249921153 0.140226496391688
-0.0973957457654489 -0.18103958449092 -0.0504048854508163 0.136439131737553
-0.135751511598191 -0.173953819441136 0.0232381572445809 0.086834089323666
-0.134894686987056 -0.174971995653425 0.0606233152610438 0.00171344469494599
-0.142139767447667 -0.217673497851531 0.123244778958829 -0.0610098799047564
-0.0748824902133786 -0.296533197438114 0.189449264025415 -0.0715230950486972
0.0576727083565036 -0.302103446159724 0.233858042175012 -0.0014623510146204
0.227173394990896 -0.253082593904241 0.211248583255539 0.115264232803243
0.348249789617622 -0.118988196072135 0.124307154326119 0.1575173084235
0.359464268244768 0.0271585937520008 0.0724615585082769 0.0627557384752947
0.283421810205913 0.166038323277728 -0.0602542575723394 -0.0315694418746158
0.323088266837868 0.058548970337593 -0.110191507235399 -0.171416652225397
0.304864841114375 -0.0536763320485312 -0.189552388948241 -0.175913442164224
0.199643129145643 -0.185616842156028 -0.239050096429384 -0.0659677233326192
0.0762177863928039 -0.249510202490316 -0.197009024185437 0.00882519137597396
-0.0373841110165667 -0.242658308408581 -0.157254829494762 0.0585945820555435
-0.101858786544829 -0.199681115760808 -0.0875863520760089 0.0621744331493755
-0.130610464345739 -0.18884573406851 -0.0274897436777699 0.0160848293992126
-0.121925288779515 -0.192378249828885 0.00555607511501662 -0.0630806564634661
-0.122945952875568 -0.23369217771794 0.0750163553050419 -0.123694381432449
-0.0502621673567347 -0.30387571138854 0.162225345432209 -0.137148926738348
0.0832129492851326 -0.300014302218677 0.234630012670976 -0.0443141618644448
0.255794406393895 -0.237281761198899 0.194274184130821 0.10634242665519
0.368311813719254 -0.0808886847891004 0.0613672141419786 0.163097042073413
0.354209861028852 0.0641178112310577 -0.0448765974513199 0.033267077677041
0.249397037958025 0.15751874101721 -0.179653270303117 -0.0807086361039126
0.307419633954958 0.0582702119066361 -0.190780355490518 -0.176210182105824
0.295133617047762 -0.0648711904356696 -0.204689001266138 -0.175226566261689
0.181238447483412 -0.192607117026246 -0.202359462708447 -0.0941532212656213
0.0594521637844337 -0.2374585094403 -0.17953719693848 -0.0679787300288612
-0.0393280325241048 -0.224569472029573 -0.17670500137916 -0.0227203042840728
-0.0929555492072364 -0.184600769242272 -0.125055581448911 -0.0135268907702554
-0.106534011167844 -0.174515105837635 -0.0720931911455864 -0.0559776496234022
-0.0913954806900148 -0.181298315171318 -0.0364662532710893 -0.128301839935163
-0.0813760649317987 -0.216554517256349 0.04531062108641 -0.179658290561222
-0.00487094700510549 -0.264534760130932 0.149217407437434 -0.184719496418944
0.114096244832982 -0.245152013758208 0.233866494653213 -0.069052588060762
0.256781334903651 -0.166321812337543 0.168590208995817 0.0951867207515139
0.33485415895299 -0.0154406963616825 0.00292559482520052 0.147617446422548
0.295011930681235 0.0996653899868754 -0.140661178365672 -0.0125868493521831
0.169462865307061 0.126644876142806 -0.279623122717007 -0.10421561121917
0.229989961320852 0.0528975834186305 -0.249782552318442 -0.1546989986801
0.224287656564194 -0.054803301081111 -0.208086052214188 -0.15753415849298
0.126385209166393 -0.150112272614535 -0.167080998227154 -0.114540841592113
0.036624183479103 -0.170944020749179 -0.171664713216723 -0.126511053424041
-0.0282827630192269 -0.164172846163189 -0.195388393222483 -0.0834258041813877
-0.0651832870486059 -0.138727053040019 -0.158306337353424 -0.0738260383659424
-0.0678377615019683 -0.133473087901635 -0.105276717346052 -0.118408785212174
-0.0503715759169574 -0.142842308975501 -0.0591337836996694 -0.185451767107639
-0.0336618083540499 -0.167610573962554 0.0407154047339706 -0.222763411078281
0.0366849693715801 -0.188896550745622 0.154875670001022 -0.210947865296921
0.124625350599377 -0.159012507913453 0.234735134275386 -0.0759100181976496
0.222908359411631 -0.0769933171744643 0.144202745296033 0.0805249109130244
0.255669117417807 0.050590611581031 -0.0359656033873912 0.110093439247023
0.196940293421034 0.119360746400888 -0.198964377254359 -0.0691981581513452
0.0556498946111843 0.0875180748886769 -0.338361059652809 -0.100946637719969
0.113156366009168 0.0524399300911134 -0.271661223812596 -0.119942532269326
0.117753770140616 -0.0218254570159327 -0.203914274292205 -0.137326085280115
0.0590132844761913 -0.067894898015424 -0.148377579921474 -0.124516344922037
0.020915174095985 -0.0691759420549717 -0.175309194211517 -0.150380051297616
-5.20628950786365E-05 -0.0783371215592841 -0.207759922367171 -0.109917726488156
-0.0205822869471935 -0.0746659534723117 -0.178833349505538 -0.10960387628235
-0.0216060245586142 -0.072267194561531 -0.122571338072845 -0.160343827523637
-0.010288270221938 -0.0822638859029134 -0.0624616524610963 -0.22373600870104
0.00224213115876854 -0.0937926467543673 0.0537701293274088 -0.248502408987751
0.048658604945711 -0.099226561148723 0.170452075189655 -0.216046237278987
0.0996761015375205 -0.0769474287243112 0.236865262433897 -0.071433201894229
0.156300089205264 -0.00956599135406427 0.132457844039037 0.0606916025867721
0.14736425910381 0.0844409042908317 -0.0465883401016972 0.0651585978629816
0.0775276996294834 0.107974014470321 -0.216379145817866 -0.120258587333952
0.032303128860352 -0.0487788766070348 0.228166252118025 0.114105813161125
-0.0442625952068 -0.0498066060498384 0.0744324922944696 -0.0633989433414309
-0.0565104137267444 -0.00504696514553889 -0.123555692351681 -0.0689828822302499
-0.0215533421982843 0.0240046352555738 -0.244583659550756 0.0398770180418685
-0.00752984448821049 0.00884485467889792 -0.194076547931182 0.209609358174791
-0.0175399921227316 0.00559607552211847 -0.0573456898969903 0.264238561281713
-0.0271675684687445 0.00691677442445344 0.0488646345388245 0.229453280957195
-0.0386072079894816 0.00321080660919778 0.14323222590749 0.172458648526981
-0.0378147307794071 -0.00119699383851811 0.183702034257101 0.106430516726261
-0.0377820940243307 -0.0124976419681565 0.218304308149046 0.0841818710545412
-0.0272631618744196 -0.0338737478712204 0.205551452331013 0.108323954770621
-0.00758095799973153 -0.0287829154592459 0.170374231803173 0.12195772257062
-0.00889416532504288 -0.0420267287967146 0.201132683617516 0.128639863660182
0.0110631959111633 -0.0647025345499353 0.259954606787338 0.122926176763056
0.0659374423880251 -0.0411598276286155 0.340476902482215 0.0704347443752383
0.129808938856093 0.00935912332727709 0.20099083291741 0.11084725301903
0.06190367319036 -0.0291377275587434 0.0538379035136524 -0.0642297146045697
0.0331546001392065 -0.0168944515153374 -0.128532292959576 -0.0795893202546161
0.0363445355710772 -0.0239199381880923 -0.248763428388774 0.0262095556331846
0.0176667878322044 -0.0638772379636292 -0.205074530341608 0.183489222374736
-0.0275537168431706 -0.0711890783672148 -0.083590107065313 0.244817842869024
-0.061252895884088 -0.0602096917269423 0.0269804440192056 0.220846201546706
-0.087485602042193 -0.0620950812490746 0.118789079415801 0.1635368556758
-0.0885882570881744 -0.0668966254138009 0.160169457930735 0.0867101859963349
-0.0903850589236815 -0.0945739380120101 0.20333543629805 0.045122894914276
-0.053234828082946 -0.144530081079756 0.214427238696844 0.0590202143252268
0.0213444337077551 -0.143802440552501 0.194646517378808 0.090164949431052
0.0878901313256603 -0.128604908210795 0.206720546752803 0.122825262690455
0.147689156025045 -0.0974249804111594 0.225108989610817 0.121390265860076
0.196066116868715 -0.0294608544092905 0.280087010516469 0.0666780581605063
0.212005595219717 0.0713656693462692 0.142146893490519 0.0802940770738331
0.170311952088164 0.0018880567875005 0.0176079877886967 -0.0918783378425668
0.136081700003312 -0.0289559260083384 -0.145487113108843 -0.107138715188501
0.102208326153804 -0.0806399390391355 -0.254055199623964 0.00643451554332509
0.0437371287178791 -0.138344540447174 -0.207982894029414 0.145118769886902
-0.0346870014782452 -0.14513719408184 -0.105386613975661 0.204702220150559
-0.0877988945409453 -0.122329656393351 -0.00416621219395734 0.187514976059144
-0.124124569696812 -0.118189432482664 0.0788160816625923 0.131907329063207
-0.126342792825118 -0.12171441628684 0.114179963418285 0.0497324682576767
-0.132718277988534 -0.157249012223213 0.164815435797757 -0.0085471654217425
-0.0821978703112657 -0.229350968871773 0.203479565651429 -0.00934591939111648
0.0292978852593152 -0.239357532502256 0.214402357699476 0.0398512404582606
0.155689252176252 -0.211049645089454 0.212339997745522 0.111851387676717
0.255843216586247 -0.128818092527969 0.179865030176702 0.130825017770702
0.294135081733803 -0.0171718851823491 0.185111418636231 0.0647487354567396
0.266507515099771 0.118284064360807 0.0524657583528843 0.0293690929688907
0.261404980965085 0.0253607637848384 -0.0394551948378554 -0.129748625220631
0.231176615728963 -0.0496094698261602 -0.168819509436198 -0.139755925541217
0.15649960252258 -0.144109947146178 -0.250796994820726 -0.0211688534653382
0.0582130697795258 -0.205638273597764 -0.201447886549245 0.0896679933685041
-0.0446355628514373 -0.202445577943028 -0.126196782898998 0.142485619330196
-0.105814077597897 -0.166450457918123 -0.039878688847749 0.132818543005084
-0.141135675392531 -0.15704052527816 0.0278448538158211 0.0815699748450455
-0.141145531899211 -0.159833503078844 0.0568654757109995 -0.000698161968861618
-0.148690279908351 -0.198621616637177 0.112669214817712 -0.0661402305299506
-0.0929142741764025 -0.278517168710766 0.176015185115729 -0.0805126553657172
0.0360288152430134 -0.292523819913692 0.222268014280187 -0.0134230847813016
0.198984517245659 -0.25605395478326 0.209721846288291 0.100956540849645
0.323970051647454 -0.135825218083452 0.127083688074285 0.146256163225808
0.345032056813462 0.00708815220657866 0.0728185975806518 0.0568527359937387
0.281529709276783 0.141260780859994 -0.0600017282040035 -0.0252245600846525
0.309442583491213 0.0358200107024807 -0.115217725906975 -0.155832706157009
0.286585177399042 -0.0715179988411349 -0.191504669956349 -0.159577462682154
0.179182221867534 -0.189982585277148 -0.231180054125952 -0.0521962914487542
0.0557689330922561 -0.242634518288966 -0.190130983243891 0.0172513808325279
-0.0529802650239447 -0.227946020724754 -0.147977382993137 0.0656995919315854
-0.111931325773732 -0.18409412169405 -0.0800186331218762 0.0640461699778245
-0.136398032750971 -0.171506970339275 -0.0250030817762529 0.0174341879894122
-0.129771551321934 -0.176976148396529 -7.14117971645961E-05 -0.0588745432388547
-0.133332918228051 -0.214861901141868 0.0629056235892131 -0.122532161969367
-0.0691567000127102 -0.286566603422187 0.146189768762631 -0.141121278543485
0.0599850467200314 -0.292571212450307 0.220352596574746 -0.0548009683540287
0.227411812045229 -0.241045188634569 0.192487701089324 0.0933587533203553
0.345664989507742 -0.101173397245457 0.0678429941253018 0.154721413592588
0.34226439126597 0.0426294179882952 -0.0402542612223673 0.034814180260406
0.248235691663361 0.13556095986384 -0.176721136330712 -0.0664499635758645
0.294982197101782 0.0373283984660072 -0.191409947172719 -0.156522698613888
0.276932929699643 -0.0803218032559732 -0.206301652734214 -0.157656520303535
0.161083904972278 -0.195003349497839 -0.197756326708358 -0.0809066016615121
0.0412463804605024 -0.229561813251367 -0.178408942757829 -0.0572299585787499
-0.0531698367484621 -0.210955718901936 -0.171221616569724 -0.00993889726522692
-0.101561814915748 -0.169268327081696 -0.121337173123523 -0.00498910121145463
-0.112379968523229 -0.159507375259422 -0.0727855723974193 -0.0491530214820834
-0.098969288186524 -0.168288586157376 -0.044192549917903 -0.118203381490681
-0.091582493311578 -0.20117241752197 0.0314340730847352 -0.173961663340118
-0.0222916488205878 -0.251553088907099 0.130231831852731 -0.185830881647466
0.0930032631102197 -0.241051274270313 0.218025498605938 -0.0788775025771392
0.23314528036078 -0.174202431901827 0.167180508347684 0.0843435023064446
0.317255467490814 -0.0350274310574801 0.012000385187717 0.142937741448662
0.288618006023951 0.0798810892778832 -0.133629939699927 -0.003677135506017
0.169404752107059 0.110521671532467 -0.272877470833191 -0.0837547984523262
0.22102966848157 0.0359692719668564 -0.246974602828128 -0.133311199682938
0.209934103888512 -0.0661473480231583 -0.207364035579029 -0.140800223004961
0.110966161331379 -0.150079941093715 -0.16561461731645 -0.103139002142984
0.023948615698787 -0.164109220502321 -0.174289960996003 -0.113135531606633
-0.0382513120781045 -0.153923772470808 -0.192887364092416 -0.0676563881988988
-0.0717833462366533 -0.128064334009403 -0.156213928684572 -0.0615895344554912
-0.0730349440742852 -0.122631234498157 -0.109285700643907 -0.106301862072901
-0.0572676789474442 -0.133320052710215 -0.0692759971802622 -0.171396091955219
-0.0421089071743432 -0.156668724435713 0.0245235676526999 -0.215024108870876
0.0223070750802076 -0.181941163404165 0.134846908183851 -0.210446196775255
0.109406647243401 -0.159361058486989 0.218282696115496 -0.0848302702967316
0.2064402206685 -0.0862366728327343 0.142980239764654 0.0706029597324736
0.246598326014208 0.0328708290792949 -0.0274876609475442 0.109135781411413
0.194598820443193 0.103868593822894 -0.192497470933731 -0.0536780986486458
0.0590180181325376 0.0796036884883032 -0.328591917483945 -0.077710641276863
0.109707648067064 0.0437076435488718 -0.264917565541607 -0.100886366643058
0.109569869493109 -0.0275882164227102 -0.202040342862312 -0.120664682786293
0.0519792677026592 -0.0678970590758036 -0.148504936554232 -0.114438572923055
0.0154820442432953 -0.0663264797914166 -0.17907015633317 -0.135436914518924
-0.00592970167086039 -0.0739335609030913 -0.205160083230695 -0.0921785959076296
-0.025089954129584 -0.0694399359557611 -0.17788585998103 -0.093570329548285
-0.0238293782612209 -0.0670799980267794 -0.128783529339199 -0.144547813482164
-0.0152308061119412 -0.0770707408399288 -0.0749040612052846 -0.208296663328544
-0.00329659572001841 -0.0886051231542599 0.0359729005081273 -0.239156713801491
0.0408147455886259 -0.0969296714742647 0.149177913056436 -0.216711468672799
0.0901145535461367 -0.0793047148467905 0.221299064263651 -0.0815008378520943
0.146879522592952 -0.0175963878538673 0.12990805404967 0.0535976310543159
0.14531745182107 0.0714181788380854 -0.0394155230256374 0.0661598692334305
0.0803158089632935 0.0988227051805934 -0.211332888323779 -0.10194528387296
0.0262081354909697 -0.0508833804886183 0.224233670105211 0.0825650519916074
-0.0465341871738264 -0.0411574910084725 0.0627230877753144 -0.0666890865814265
-0.0544771460625665 0.00186891311898583 -0.121505713120002 -0.0495666159641617
-0.0179050017275349 0.0246007100798137 -0.221997803860525 0.0695967982058421
-0.00727913793704977 0.00860277393628229 -0.152350433517059 0.219907891352137
-0.0151711977881411 0.00780982727629579 -0.0201941599106298 0.252044403455115
-0.0232884777668599 0.0106657793084865 0.0744900262355036 0.211662214774299
-0.035541175679908 0.00828762401431896 0.153875041672626 0.141198013712607
-0.0356042690441631 0.00268463892677492 0.182823336411943 0.0768192229829417
-0.0376562862181078 -0.00860444474972568 0.211126968320049 0.0498404854464779
-0.0310925840525973 -0.0295066055797447 0.204645122015188 0.0768711661564695
-0.0104516396774846 -0.0277569976627524 0.174454294689653 0.0967659741983216
-0.0140123564316011 -0.0397680959528249 0.20200482603851 0.0964844040378969
0.00307642770019434 -0.063634763154156 0.254236457199655 0.079563731453972
0.0563617887999211 -0.0500931596799099 0.327545287965869 0.0239202249525428
0.127159796515701 -0.00907990139821646 0.189357724674464 0.0803182530728357
0.0538334069185067 -0.0340683088885815 0.0402833087297506 -0.0650676388571303
0.0269004511124282 -0.0205224505714589 -0.131894340892076 -0.0588279024525053
0.0304281132570651 -0.026471063529285 -0.229800178804521 0.0575484428179899
0.00752848247033974 -0.0614065546615391 -0.169182497049905 0.198747223469522
-0.0336674229436348 -0.0618377549324573 -0.0489185889203091 0.2401343064419
-0.0630387325225003 -0.0467781678454216 0.0502253069420373 0.206769057952062
-0.0893605244907323 -0.0459363627136773 0.13065115916978 0.136020788963415
-0.0921452824910025 -0.0519448004027322 0.156585677416711 0.0619505341960033
-0.0958798019957603 -0.0766330393122233 0.18990498962904 0.0150783828227217
-0.0697624123737863 -0.127099819344448 0.203041693361236 0.0296616766516412
0.00198437778155246 -0.137154940852607 0.190400913569976 0.0610670549947564
0.0627607764218785 -0.132197510575797 0.206750638176943 0.0863673188013811
0.12215316821361 -0.109247422727984 0.225409792076657 0.0782277569469311
0.175630706130547 -0.0553267004824632 0.274744709286639 0.0285892609251224
0.213295775039029 0.0385095208334646 0.122930268663396 0.0558608687699523
0.156890370278127 -0.0185160166028078 0.000148193333631234 -0.0866121021729689
0.120525941574436 -0.0437307576215616 -0.156060728788409 -0.0842516575459561
0.0849055195988518 -0.0855148180594667 -0.239791961579189 0.0405371306370049
0.022484682017236 -0.133102558580356 -0.179657801897454 0.165821865499438
-0.0497164791914778 -0.12867917411218 -0.0773386345281084 0.207604749805653
-0.0951769973164118 -0.100702876602228 0.0151072942409027 0.179865428703326
-0.129602725711332 -0.0929633021880678 0.0890299830221543 0.111771567889794
-0.133918523942421 -0.0974613240885107 0.108767248746737 0.0327735626918228
-0.143193289812748 -0.128357837346018 0.145625465815453 -0.0290113039734066
-0.107888634068501 -0.200589919832734 0.182203913070778 -0.032183459929444
-0.0040769919420266 -0.225194798526074 0.20028521853829 0.00875408743614094
0.113207575818079 -0.216822924285912 0.210519442314337 0.0717451312442862
0.216187514317359 -0.150926961221216 0.189304312772467 0.0893421478072902
0.265859668836842 -0.055116289715163 0.189290720851107 0.0385333400717425
0.270794360270997 0.0764183300474761 0.0289303217188313 0.0163796308024962
0.243694527740565 -0.00654973921798945 -0.0600062058218042 -0.1155014295175
0.206984859152489 -0.0745667412248069 -0.186643512300514 -0.111254378670839
0.127672970571882 -0.150101290977548 -0.243913969043559 0.0145716555898063
0.0271024250546912 -0.197047303661904 -0.183919526708395 0.115306488054834
-0.0655149943465328 -0.18052006781482 -0.105022299385716 0.155081751905504
-0.117494658913927 -0.139897647126564 -0.0271034597008732 0.132903747848366
-0.150922572450569 -0.127054512464087 0.0349835647268451 0.0714160074201468
-0.152529917403023 -0.130803805311772 0.0485852346794789 -0.00647558011605151
-0.163228460042425 -0.163243678758317 0.0891286591374093 -0.075781741712298
-0.123527549365197 -0.243504703830691 0.146332606722207 -0.0953952291901828
-0.00419526509894425 -0.274307983939451 0.199737082755252 -0.0422370917500658
0.146938685392002 -0.263068265582011 0.205989082846659 0.0602729737835907
0.276619431507268 -0.165283350392589 0.145403702088666 0.108156163622572
0.315027115835308 -0.0388916767186142 0.0852221372179872 0.0458358771108664
0.288026990336266 0.0964268037180408 -0.0840724218170372 -0.0228330571597035
0.290097597532999 -0.00159112912630044 -0.135235685423693 -0.129967266473195
0.254812681858108 -0.101740164421169 -0.212729328790827 -0.12613850490493
0.143483720463748 -0.195934135283299 -0.231198516953976 -0.0166591268525422
0.0219535585875291 -0.231275557675941 -0.184063797503834 0.0474054075308569
-0.0770658887571193 -0.203219727194735 -0.135900070146882 0.0874078035265071
-0.125722065780265 -0.154367027181625 -0.0740177675605994 0.0727434737085433
-0.14800814750682 -0.141522672821316 -0.0224551859808489 0.0186938494498528
-0.144644632471807 -0.147154044054126 -0.0117824300687652 -0.0536880793699066
-0.15061556084362 -0.17935688655717 0.0357986358591705 -0.122728022659016
-0.103751562260838 -0.252956675044768 0.11117133965313 -0.148800304731687
0.0170335403906769 -0.276270844670814 0.193211411611826 -0.0815134068085266
0.173903893236197 -0.253551168266563 0.190018918347588 0.0547297481716601
0.301505352397676 -0.135844109222354 0.0936019288326238 0.123944403248317
0.31710096422425 -0.00476017057061568 -0.0234786280435121 0.040231989527775
0.254693235249601 0.095255430765212 -0.195502497870306 -0.0475031862864261
0.275627064892199 0.000856217347582062 -0.206202260891263 -0.122078502422825
0.244984069929671 -0.10838564279772 -0.225123391608722 -0.1217920050123
0.126617674938518 -0.198211901269992 -0.203873769672289 -0.0481830214011926
0.0102227377836762 -0.216454204974993 -0.182958345765846 -0.0238176486339554
-0.0756066124835385 -0.187482355548761 -0.166839959561889 0.0192134405827856
-0.115100691855744 -0.143167005005289 -0.121433797350154 0.0120522086658381
-0.124450287113147 -0.1331105944266 -0.0755429494773357 -0.0359821481002121
-0.114741207434804 -0.143016476706447 -0.0600765752906097 -0.104093819185486
-0.109887799404867 -0.171553881220763 0.000685827695132633 -0.166590707537077
-0.0560403342758532 -0.226086305374869 0.0918131561102381 -0.189426011752696
0.0533293408527138 -0.233553856176541 0.188648946524004 -0.104395114636482
0.18870938158212 -0.191905870912233 0.167341652267071 0.0511532577014263
0.284480380809657 -0.0721510809531462 0.0414009918257048 0.123813410252102
0.272404046575243 0.0372844080408261 -0.117302003133081 0.0165049754262709
0.174886662849426 0.082675750227532 -0.280717353095724 -0.0512280264576888
0.207316137474905 0.00917415857857238 -0.251940121982631 -0.0941506069793266
0.184596910648834 -0.0867949540131602 -0.221447930207396 -0.105248568595857
0.0851920939926809 -0.150573426792567 -0.174319981514635 -0.0735941839694761
0.00246843381419898 -0.154831329192988 -0.18418111743024 -0.0780792312825261
-0.0543610701737821 -0.137098799465404 -0.192417288561564 -0.0339552238516692
-0.0830511556526418 -0.108511178047723 -0.159795647069121 -0.037187121022636
-0.0818223913807171 -0.104325378238271 -0.116001957458367 -0.0844109920778516
-0.0704214605542272 -0.11570644523722 -0.0884798950593578 -0.149946032946633
-0.0587936104581524 -0.136347524622811 -0.00922581015839104 -0.203531572180953
-0.00481295966093448 -0.168451008179559 0.0945938639366794 -0.213091809927165
0.0784954494200066 -0.159290168287033 0.191127351044261 -0.110389451795308
0.176601607070712 -0.106971441796955 0.144550419283747 0.043739876425142
0.228050969700911 -0.00150272473425321 0.0001304911031936 0.101350017830928
0.190000935042629 0.0712925857306659 -0.180554673358932 -0.0234927230847523
0.0653406251378983 0.0676824096450792 -0.322557204743423 -0.039428466955616
0.10548357484032 0.0289545032526814 -0.261140866188251 -0.0635864594059216
0.0967829779632769 -0.0383205017198927 -0.208896568602993 -0.0888396238734251
0.039442254032455 -0.067777031128173 -0.157581533051244 -0.0880204880253028
0.00713331076164639 -0.0635909830564218 -0.189971718864552 -0.100749913863929
-0.0148950859742789 -0.0666367856207191 -0.205455919012392 -0.0579158479192946
-0.0329383454025978 -0.0602224905747923 -0.183191418375481 -0.066422988395476
-0.0291829762795287 -0.0591491176970819 -0.138196567444803 -0.117413449353957
-0.0237407825362699 -0.0686412747455103 -0.0971665247865135 -0.183940242578838
-0.0149472356016756 -0.0785099830684863 0.000990903935988076 -0.227685727767937
0.023123482350161 -0.0927719585039845 0.110687154015798 -0.219729067163166
0.0705548338481906 -0.0843162286760035 0.196159385964228 -0.104762155855594
0.131800577929567 -0.0362346138279769 0.130490062811023 0.0319378036745805
0.141048116278271 0.0466510878276906 -0.0196092620148325 0.0671865949236272
0.0853234921325789 0.0812303083557495 -0.207742610683719 -0.0662623055905385
0.0255425032984796 -0.0476334776041162 0.209891729598229 0.0785224800377326
-0.0428443416249675 -0.0381847744517842 0.0601823501550762 -0.062844355673688
-0.0514061986379966 0.00148753035898391 -0.114476212198617 -0.0487900919530021
-0.0163806356636623 0.0220541855912816 -0.20952127289229 0.0624188875944872
-0.00685285215947245 0.00827037073034953 -0.142438776825504 0.205386435634165
-0.0146527688620377 0.0067183926480833 -0.0204987298505798 0.2364857928829
-0.0222580927955872 0.0105335490691184 0.0700867690920768 0.198998041152963
-0.0334998735332698 0.00792386072034539 0.144798087263718 0.132671675370384
-0.0345677400329151 0.00204145196411983 0.171742339823993 0.0734314961047471
-0.0360262139556909 -0.00956689204688611 0.198256327720546 0.0467846125899026
-0.0301324388748309 -0.0275855541549019 0.192418834036964 0.0731446940205904
-0.00894049366272323 -0.0264280876670817 0.16461893024702 0.0936876001348076
-0.0129201389443604 -0.0372629101099211 0.18966792753177 0.0922417994354186
0.00327122872197711 -0.0591452394175152 0.236898453477085 0.0779488570239037
0.0543760359412349 -0.0463113202331578 0.306359543524588 0.0266230432039887
0.119751807014428 -0.00811718347005005 0.17729774103883 0.0771719761924929
0.04993161431904 -0.0314589358203402 0.0393585598339613 -0.0605493688430074
0.0242237896256975 -0.0191099857201173 -0.123669093323799 -0.0584913623650316
0.0289098922498533 -0.0252435525912788 -0.216546619619743 0.0513314990065293
0.00651599857718605 -0.057359547904639 -0.159321209136579 0.185550839371432
-0.032726934164415 -0.0575443914468296 -0.0478047028070099 0.22519522570993
-0.0595920067577669 -0.0430776952540786 0.0462328380040252 0.194464286888608
-0.0841649497104046 -0.0424179969461913 0.123514204675781 0.127332482742291
-0.0877388979882616 -0.0492805410116395 0.146692428470376 0.0590479903250255
-0.0911929758611153 -0.0730454408856533 0.178086330182371 0.015315070741851
-0.0667266812103027 -0.119000098751714 0.191485777672052 0.0276462136458177
0.00143015844853085 -0.129245298922309 0.179944057326147 0.0603623503384968
0.0587331579526062 -0.123888144858404 0.194558545825555 0.0832461512546494
0.115170027721124 -0.101897986531209 0.210943048989189 0.0767145526981753
0.166755783096013 -0.0504628019815497 0.256937960102675 0.0300259744184135
0.201098541129568 0.0367178337743197 0.116422987423141 0.0536902541840251
0.14581547038986 -0.0162232808113297 0.00204554296720966 -0.0805412771455147
0.111814374114278 -0.0413069937084377 -0.146424913148482 -0.0814877932347872
0.0792550389871569 -0.0812727792554517 -0.226263633738108 0.0343559538704853
0.02043879963817 -0.124445377622608 -0.169905768450469 0.153735804829249
-0.047512637422396 -0.119988458623488 -0.0735361262783331 0.194996770904271
-0.0904203512880562 -0.0935220230276306 0.0139405372276713 0.168981500139495
-0.122601297987606 -0.0873995807097795 0.0840568877729479 0.1045452627875
-0.127423678335984 -0.0919892882682253 0.102161803099126 0.0315231189699116
-0.135096871351497 -0.120954868999407 0.136156772777538 -0.0268551159198502
-0.103151238923457 -0.187623898605499 0.171738730207168 -0.0314011562782834
-0.00403419352302336 -0.211927896461624 0.188479838975628 0.0115417432719116
0.105912819359787 -0.203344933893526 0.19866576560574 0.0700982300903171
0.203108802667343 -0.141026129912482 0.176985421880423 0.0868437986299493
0.251839321223322 -0.0497357489138177 0.177355705709995 0.0385176156813607
0.255699440351794 0.0728090366164116 0.0280264915480345 0.0166194514800822
0.22735185256506 -0.00530985125400344 -0.0545171496143048 -0.107378748169026
0.192219723692466 -0.0700052868748177 -0.175294217156684 -0.107952330566941
0.119948204640518 -0.141621810009565 -0.228793288944446 0.0109290453798967
0.0252088477999171 -0.184181531240421 -0.173528250876677 0.10608241483907
-0.0630428239322263 -0.168578532593953 -0.0996351866037529 0.146713965434165
-0.111685763146077 -0.130590141456579 -0.024918454682988 0.124753615556356
-0.142365571829587 -0.118589423063096 0.0338161595197862 0.0664004412821285
-0.14483051823382 -0.123302141394435 0.0458605366922966 -0.00461857971112408
-0.15411244503686 -0.153997622674081 0.0826325888425453 -0.0702767507745556
-0.117731829008005 -0.227672048307752 0.137557066749066 -0.0893802382226273
-0.00474991448825247 -0.25778553920941 0.187817056912162 -0.0368581203819127
0.136801430114668 -0.24696604165045 0.194793473609515 0.0600746008976492
0.259671871726414 -0.154623630032593 0.13633121577045 0.104997108788263
0.298310898600918 -0.0335870440085676 0.0796497016833955 0.0447454528376895
0.270475144840669 0.0909962015949464 -0.0783884764038375 -0.0207483901118873
0.270723763293843 -0.000172839042367181 -0.124991757703647 -0.121474407779933
0.237369174037918 -0.0953699601829713 -0.19918825740318 -0.121597998861212
0.134592549607157 -0.183730134528509 -0.216989278247006 -0.019076931060293
0.0198020472297616 -0.216085758152 -0.174392846060786 0.0425069328086774
-0.0732840907098875 -0.189775512859461 -0.12833461568946 0.0829473008396898
-0.119045810637533 -0.144612776531245 -0.0696233979958179 0.0684292742868684
-0.139619709174603 -0.132568424746351 -0.0215710392072664 0.017322506845022
-0.137937113864388 -0.139202362233432 -0.0107235909795322 -0.0487546817468565
-0.141893243886038 -0.168607289711997 0.0327697047409892 -0.11421845044209
-0.0989343281749435 -0.237160162637056 0.104314720214969 -0.140476072462031
0.0156323385159813 -0.259797282152209 0.181252948730652 -0.0740265718102241
0.162816732428973 -0.237426184338692 0.179676579958708 0.0557125955159889
0.282841517886498 -0.126975663681923 0.0881526672138291 0.119749303145597
0.299422347255598 -0.00169508061862999 -0.0216099236058053 0.0386743644211813
0.239202906485634 0.0902457039187643 -0.182778975109057 -0.0448977903818888
0.257402297173468 0.00185955879750063 -0.191691352682166 -0.114054098173282
0.228825293050148 -0.102042785392545 -0.211387766872588 -0.117069129639731
0.117853743829197 -0.185440791178496 -0.191436264338339 -0.0491412864259138
0.00915939381165084 -0.202974651489124 -0.17394290213529 -0.0243558620882535
-0.0710415163677592 -0.174446931915989 -0.157064529751373 0.0185382985432288
-0.109241831067271 -0.133789471534383 -0.113993531718486 0.0113511395639196
-0.116866282097219 -0.124927394601225 -0.0717624229071415 -0.0344855589056553
-0.108656927385272 -0.134393263034368 -0.0563608534602305 -0.0963572799360883
-0.103983240834668 -0.160806932687777 0.000400286224763734 -0.155432756727946
-0.0536920948410532 -0.212296335203748 0.0854058816668498 -0.178359068823004
0.0497817533474311 -0.218436926972652 0.177372888306449 -0.0959848867954861
0.176368051510296 -0.178948192729058 0.15816190155386 0.0516513056328044
0.266574922563881 -0.0671263383094844 0.0386674364836199 0.118506106158949
0.257198099249267 0.0371858040487924 -0.110024021049284 0.0147603335635201
0.164261436552557 0.078570673137968 -0.263322132308006 -0.050303839132376
0.193676772668334 0.00967488308305397 -0.234357892101725 -0.0892308999990111
0.172203581487005 -0.0808925175366953 -0.207236004542153 -0.101539342559658
0.0797443357468592 -0.140399995353011 -0.163919411313688 -0.0738628883201568
0.00254548436766391 -0.144876316278944 -0.175516533863479 -0.0753036146119858
-0.0516182403168389 -0.128548035443646 -0.18148277570862 -0.0316862577913327
-0.0783357055138864 -0.101158968829121 -0.150524585661241 -0.0352132472434991
-0.0771240590056939 -0.0976771045250599 -0.110355817622701 -0.0790348306989813
-0.0664751220022054 -0.10873191795272 -0.0840332512426673 -0.139955470993698
-0.0550823956407676 -0.127300663221994 -0.00873623837728253 -0.191292134538645
-0.00489559916957664 -0.157959458823235 0.0890919961026552 -0.200748979590485
0.0731259573673253 -0.149078628772506 0.179518785189587 -0.101846256978884
0.164907841174504 -0.0996994287480008 0.136591754749786 0.0453998235935929
0.213516231171495 -0.000176951484778015 0.000552914185279303 0.0965126595238538
0.178857232038812 0.0686631986285097 -0.168823227324859 -0.0225122742511118
0.0609815067678521 0.0637589197583352 -0.30196193766546 -0.0396776251943324
0.0977102328161515 0.0274797336770771 -0.243786168923483 -0.0614900731935509
0.0898915225722313 -0.0357548783885383 -0.195393337539464 -0.0859002785359395
0.0370371269146859 -0.0630858725117682 -0.147856627856057 -0.0872749157061831
0.00738009097418539 -0.0591924058399467 -0.180076218413738 -0.0960371114982903
-0.0141955315493975 -0.0630594982169013 -0.19335013999675 -0.0547932344161888
-0.0313416625332091 -0.0561435546835918 -0.17230420376417 -0.062491069923388
-0.026955044048991 -0.0557408756083421 -0.131441810858404 -0.10972969181889
-0.0223407531861187 -0.0644489687424726 -0.0916937169206111 -0.171247143948025
-0.0131452969738432 -0.0732791906182288 0.000489656391133988 -0.213965064426746
0.0221406695520757 -0.0873107053068131 0.104078187307284 -0.206232500309323
0.0665276770696671 -0.0780230543285683 0.184274711824596 -0.0978136504936892
0.122884242437188 -0.0330806719821707 0.122671207481089 0.0332744506005672
0.131768342331648 0.0446830158533249 -0.0176850683488144 0.0638074030432989
0.07974709332452 0.0769610056574232 -0.193343834761682 -0.0626333610454189
0.0272818823563917 -0.0454844161573678 0.200462523787729 0.0824851739504082
-0.0405366668939249 -0.0376836443061237 0.0608790757366218 -0.0591593741468849
-0.0497877679097323 -0.000142814576106889 -0.109262367746728 -0.0525191070168729
-0.0164414964851093 0.0205046233440457 -0.20617557011048 0.0521997502155792
-0.00705993628398354 0.00714409257334097 -0.143698910313099 0.192950911342475
-0.0142834214299734 0.00624601262367195 -0.0264670010090342 0.228097566889087
-0.0214419746175361 0.00985498914355651 0.0615124900810352 0.194246815567855
-0.0330685807746569 0.00725402210945562 0.137306248168665 0.132402788807656
-0.034462473100612 0.000717550718172956 0.164599112279193 0.0760261772162596
-0.0349214110695951 -0.010484500487354 0.19026692934595 0.0507067451954685
-0.0283219577103535 -0.0278044195984897 0.184438484578427 0.07611900451553
-0.00787001376538058 -0.0263968557211129 0.157491691385445 0.0978140406085262
-0.0119473442368504 -0.0366365095966004 0.181177255736607 0.0957596992118249
0.00504837045672349 -0.0571478736157928 0.225723127195672 0.0851490027953935
0.0554199708313746 -0.0438234423512573 0.294839774073867 0.0381362540923385
0.117213242258873 -0.00454698776923176 0.169909451876025 0.0800608520558848
0.0489950711350339 -0.028647432312089 0.0414648432048693 -0.0577406836486421
0.0229534632395612 -0.0180999224455067 -0.118142202079668 -0.0628367378130054
0.0283903221049722 -0.0238895057418758 -0.212574525915266 0.0410748995226065
0.00790284394772876 -0.0549255128875099 -0.159431580087707 0.173128509145426
-0.0300967695729391 -0.0560231882168362 -0.0526905289157464 0.216352671270812
-0.0567643641408882 -0.0435208678578954 0.0396740787942367 0.189412596058639
-0.0811524106515204 -0.0430390285355829 0.116428084053957 0.126801826392875
-0.0849309932183093 -0.050255989559202 0.141019253228671 0.0618242447411369
-0.0872451556310187 -0.0738414300474153 0.17109197540002 0.0194985954664625
-0.0623753768281948 -0.116852021885603 0.185353443306129 0.0317734089521905
0.00523793931864609 -0.12544473954495 0.172603290452667 0.0657279228961822
0.0604126024484473 -0.118047873179368 0.186363116571315 0.087659083238729
0.114528548583951 -0.0951908116393976 0.201782368498884 0.0827762836605737
0.163409789726663 -0.043396935537892 0.246932635409025 0.0400117335901929
0.19352614825691 0.0414216144939827 0.111737109731062 0.0558586148247249
0.140545178691928 -0.0108610057738594 0.00602202045266471 -0.0775798826681341
0.10781147976829 -0.0368047135355734 -0.139928076182176 -0.0858520596403939
0.0784547291435307 -0.0761314788407609 -0.220082623398213 0.0242464523286281
0.0226600434375569 -0.119319514794209 -0.168639210522864 0.142545915844557
-0.0437478814167363 -0.116568877258736 -0.0764508103977222 0.187021421138236
-0.0859996122162219 -0.092989992567047 0.00943927799153167 0.163899902479424
-0.11737169434482 -0.0870142886184837 0.078641880639943 0.103118075303484
-0.12217948128294 -0.0930477916413828 0.0984577355011677 0.0350208542583031
-0.129031954810442 -0.121401853241765 0.131965229673942 -0.021579069243661
-0.0959459059399907 -0.184030073118856 0.167050215954973 -0.0256560593787697
0.00107553861401938 -0.205054851536142 0.182745136346567 0.0193236790704825
0.107519714680685 -0.193241929754038 0.191181578746787 0.0764464627406391
0.200835225032804 -0.130343419740123 0.168696560430601 0.0925813417720682
0.246400167746943 -0.0389350028922743 0.170773473765005 0.0454210339833557
0.245629576855558 0.0776302374027813 0.0275380859072492 0.0177274387770882
0.219329425685783 0.00234904375507171 -0.0468321979951479 -0.104103856879947
0.186337908165634 -0.062428515549485 -0.166375872188433 -0.111918925715482
0.119144276049794 -0.133875042950937 -0.222394936486849 0.000143100335181585
0.029225246892465 -0.176623638085661 -0.17216807835103 0.0961084857626225
-0.0574468424572703 -0.163541441667156 -0.100937815156201 0.13953255312829
-0.106233704150114 -0.128455306557885 -0.0278409169542028 0.120084206376859
-0.135381439750973 -0.118788894346414 0.0299645808204149 0.0651007873504866
-0.138868010505358 -0.123526413291793 0.0449392609615415 -0.00247927580547128
-0.1468543262241 -0.153321772130046 0.0811950575803073 -0.0653377413401566
-0.11034598390359 -0.222548138985722 0.135447219630326 -0.0839824186632149
0.000679899105930006 -0.250110439376511 0.183088837098283 -0.0283324328888446
0.138159259396045 -0.234789581551964 0.188389995384572 0.0661127083198636
0.256078357953299 -0.142248641611681 0.129391093739481 0.1083387941809
0.29097912966132 -0.0217816068998684 0.0759447683775525 0.0469947023813271
0.259569474229954 0.0962359484281447 -0.0739968641078045 -0.0220571673340184
0.261522323394775 0.00772550352902153 -0.114990067941269 -0.120518101145842
0.231173717785191 -0.0858787292319835 -0.189557097797036 -0.125857055431479
0.134544211992302 -0.174043709781435 -0.209085231599009 -0.0288867179033791
0.0247728968156819 -0.208718939363278 -0.171601299397199 0.0342666105198517
-0.0670558915234762 -0.184407268937642 -0.126724418847433 0.0776609133444288
-0.113017387472797 -0.142437968135038 -0.0689066876967198 0.064972558467569
-0.132844361133117 -0.131650578229018 -0.0217715358425818 0.0160263793420387
-0.131267020042683 -0.138590354699943 -0.00882749293630177 -0.0466612551115271
-0.134702943894853 -0.167083312637929 0.0343690011788173 -0.108882946911449
-0.0918014452352433 -0.231095240987925 0.104192205426995 -0.133722529456522
0.0208024129628297 -0.250805180816244 0.17789004327097 -0.0648977723838781
0.163063323211648 -0.225289587437054 0.174415919923311 0.0617430713511872
0.276841770341859 -0.11521174338224 0.0826812726280277 0.120701440836253
0.29145734833384 0.00845805012983402 -0.0219809653829453 0.0373206207490077
0.229267088309458 0.0942256072818378 -0.174938823921999 -0.0489944947716112
0.24809022868476 0.0102106586039977 -0.179910829854898 -0.115519513786916
0.223194063477815 -0.0921121369353736 -0.201176401095674 -0.121938287083595
0.118732246278306 -0.176500097819114 -0.184079888450259 -0.0566975419320423
0.0138832132957702 -0.195802695836911 -0.169778469038593 -0.0294241329453949
-0.0651402897492224 -0.170572426023117 -0.152524689341194 0.0145426071530805
-0.10369945834108 -0.131062248533611 -0.111292516267389 0.00826592611829151
-0.110343017797708 -0.123208301406528 -0.069630120128386 -0.0355837936491544
-0.10307728237523 -0.133102509517625 -0.0523669690991705 -0.0940442010995037
-0.0968564481860382 -0.158076087428185 0.00358788039578635 -0.149770645145482
-0.0478988074227418 -0.206073634109666 0.0872149872478434 -0.170848986647643
0.0525224768222232 -0.209896788805237 0.174736059875488 -0.086235379047227
0.174448795552118 -0.166848973547461 0.153436626919009 0.0580133349158918
0.259843207536024 -0.0573279942545076 0.0353625838113639 0.117794030323177
0.247977502402142 0.0447699622496294 -0.10653208802842 0.0117928979088493
0.156808818282049 0.0801341064546027 -0.252870017751844 -0.056908610477215
0.186031426794501 0.0153594595919848 -0.222054927107685 -0.0932203245304861
0.168332560557247 -0.0733257709811164 -0.19776269009435 -0.106472529855058
0.0804770138739611 -0.13350326039431 -0.156673361455576 -0.0798591334267059
0.00603315870942285 -0.139544657374959 -0.170057811713796 -0.0782987529349691
-0.0467622178853676 -0.1249044152563 -0.174445064460841 -0.0352958512461704
-0.073681556631607 -0.0992908159380766 -0.14560615812 -0.0376212174468195
-0.0724313483139413 -0.0968177435276555 -0.106179620601793 -0.0799883668015615
-0.0621486059759535 -0.107281120119641 -0.0777568302283194 -0.136570731036084
-0.0501974360590034 -0.124186812073301 -0.00351664130517365 -0.184190778148749
-0.00208938299135579 -0.152169043157583 0.091561603847265 -0.191210358921914
0.0744047474789001 -0.141739459240864 0.17677110433472 -0.0925817623333538
0.161348500469844 -0.090282024820032 0.131460279984748 0.0502272008622685
0.206649050530987 0.00576374704344166 -0.00190692741407846 0.0943909352373801
0.171161919814151 0.0726441087997507 -0.162410553456283 -0.0271069651049046
0.0569020412696361 0.0632711801522212 -0.291879650464857 -0.0491515467757608
0.0936757745788793 0.0298978926685701 -0.232554741356031 -0.0685504634285362
0.0865918504028695 -0.0318601759184271 -0.18621337229921 -0.090529763459561
0.0375081819810676 -0.0591188122756902 -0.141207292767514 -0.0922142956034123
0.00835741446222756 -0.0563064932689196 -0.173715382181548 -0.0976028497916893
-0.0124517394633069 -0.0613331025456505 -0.185739464924246 -0.0581683316972807
-0.0286967692970249 -0.0543536339368914 -0.165083722812989 -0.0649855164825755
-0.0239845098488199 -0.0544559850855576 -0.125862437606109 -0.109896499917642
-0.0193294478367891 -0.0629160369394404 -0.0845217744388067 -0.167573058823724
-0.0101535048463686 -0.0702718326385572 0.00618211874450987 -0.206207855954216
0.0234336476820055 -0.0836689708139652 0.106073281745405 -0.196111539528111
0.0662489994172773 -0.0736138381138433 0.181233524818134 -0.0870846946457366
0.119059679910136 -0.0278201110848567 0.118593490634696 0.0379880875595031
0.126255382398876 0.0463211205209922 -0.017701918343359 0.0623109322108097
0.0752470688635086 0.0770017160284135 -0.184647092982415 -0.0671640540632127
0.0296669122636397 -0.0448190027940605 0.199358628492701 0.0898904782765361
-0.038682650445054 -0.0388621140718693 0.0638795129068705 -0.0595239594876489
-0.0505728003428988 -0.00164317954878212 -0.108270092183918 -0.0588345282601148
-0.0173028497515954 0.0196621366011668 -0.211460135811716 0.044646855935511
-0.00698257647799883 0.00652543294228004 -0.150622832043244 0.188232219391966
-0.0153196385977832 0.0059481237181557 -0.0337394152630017 0.22804029266492
-0.0220393758802888 0.00933704605620635 0.0556809018804622 0.198154325852623
-0.0340045378507214 0.00661913248524908 0.134874362048764 0.137571583116568
-0.0354146709427357 -0.000168606851836875 0.163705934555887 0.0821326665717647
-0.0355985628277674 -0.0129493468812516 0.189868864727695 0.0574144381117539
-0.0283423757931636 -0.0286667968465176 0.184850623192824 0.082634827719284
-0.00675808355845053 -0.0275647297414482 0.156715663128636 0.106044860113324
-0.0108329824299688 -0.0371016561588849 0.179484058438062 0.103454173191589
0.00751657939801115 -0.0568274931250203 0.22387842018563 0.0951593476979789
0.0582517548804924 -0.0429567903862201 0.295688848070889 0.0499987944920915
0.118654732890721 -0.00116785242322372 0.16917630854321 0.0873709980531869
0.0500124061669376 -0.0264031337445455 0.0448414590063814 -0.0578778202380948
0.0223504485819125 -0.0172674761342469 -0.117985840904914 -0.0688048318869827
0.028825358614807 -0.0236391273360286 -0.2163026638363 0.0329423931169488
0.00937015857417445 -0.0556232995589807 -0.165700746381791 0.167991941685258
-0.029584986969987 -0.0571766690179065 -0.0594070315321703 0.215931876864254
-0.0566245773401289 -0.0449644720537703 0.034429738105799 0.191883693988842
-0.0809691622334215 -0.0453708070545912 0.114101319395351 0.130743685600065
-0.0854897541093026 -0.0537018643088646 0.140823475187512 0.0676312117058547
-0.0868553755177393 -0.07752711659265 0.171496244054716 0.0254791964438264
-0.060319757080749 -0.119003923367882 0.185716615732597 0.0379239289041184
0.00842699363578385 -0.126712417016518 0.17306589110752 0.0747093788142726
0.0635860654950698 -0.116691473433195 0.185683356815989 0.0962691158302672
0.118967606543745 -0.0923623049413704 0.199127309908551 0.0932738969065901
0.167295388723879 -0.0379804727646752 0.247754681090763 0.0507633405462945
0.194297524630763 0.0473331903472788 0.111944589243317 0.0614181416388493
0.141474618765359 -0.00604548793216463 0.0110793482475532 -0.0777098920764531
0.108016711599792 -0.0332781946021526 -0.138417180536072 -0.0934943818508595
0.0810160878583208 -0.0740548148716298 -0.223928949961645 0.0155410889315405
0.0256471719793111 -0.119361131529064 -0.174243160484509 0.136978432928222
-0.0415798986385515 -0.117703284487108 -0.0829074180046073 0.186582493657516
-0.0845150151257959 -0.0953265779936836 0.00448534875353393 0.16594913914697
-0.116051377224185 -0.0909959260258483 0.0769808114695111 0.10593888434601
-0.122427727600402 -0.0972593685717466 0.0986647357463264 0.038593401110866
-0.127709463450225 -0.127009485740058 0.133107513160693 -0.0171776771842976
-0.092363587566055 -0.187295887213995 0.168952104211312 -0.0212441456629502
0.00560821094094803 -0.20739290605104 0.183994051074283 0.0274673750011818
0.113103646452388 -0.191233224384461 0.190942442654089 0.0849432471276506
0.206373219242253 -0.125628793108251 0.167029944700755 0.101428378707912
0.251329955054933 -0.0304093293008937 0.170592475391562 0.0528172948732734
0.245192487994891 0.0856328060751709 0.0288887765234599 0.0192016473724992
0.220129685099943 0.00917371047588839 -0.0413719117849831 -0.10599803167893
0.187814486750585 -0.0569539283358087 -0.164197153487632 -0.120515503386998
0.122644768327033 -0.131600554317182 -0.224734096545879 -0.00935201337281921
0.0339118043038914 -0.177298004733858 -0.17719144020172 0.0900860678032161
-0.0544775056069014 -0.165413695434461 -0.105323314068203 0.137769003774441
-0.103877210739441 -0.131454581242645 -0.0314105879362836 0.120682612090754
-0.134510964079026 -0.122508007223753 0.0286985923773911 0.065852345825678
-0.138247185964261 -0.129079612814951 0.0456662953185572 -0.000176469621879374
-0.145033127562704 -0.159187543549088 0.0836547378055123 -0.0629544198941864
-0.106933055713587 -0.226706329077477 0.138232420972702 -0.0809674025421329
0.00689262254800455 -0.25190458021408 0.185871412716546 -0.0209546842088698
0.145910679456686 -0.232266142377328 0.189340180530186 0.0752248151468699
0.262070428065544 -0.135519306798335 0.127131748056827 0.116680434793885
0.295542935633864 -0.0119058416494443 0.0758335208335099 0.0512570326911711
0.258883860205696 0.105438281869603 -0.07225803040549 -0.0245096886575413
0.261980333391911 0.0164695218452971 -0.108495063076716 -0.124168703443737
0.234188156009097 -0.0786574430655777 -0.187246993006294 -0.134936000950228
0.139873892960816 -0.171445259304826 -0.210619755955074 -0.0390663530856744
0.0298270280231177 -0.20815003908571 -0.175344585989477 0.0284813038809244
-0.0634650157511605 -0.187161010791318 -0.129944895094256 0.0750595763984938
-0.110955028930482 -0.146148878307667 -0.0716772434663575 0.0628063719348329
-0.1312445413753 -0.13632297313891 -0.0229825026559153 0.0151166376777814
-0.13002652521857 -0.1434668092183 -0.00815944283094563 -0.0467802148281512
-0.132239267753816 -0.17271462338981 0.0369076518161399 -0.108147718617198
-0.0881164500767338 -0.23461841023696 0.107704922630201 -0.132425597290329
0.0268794840243007 -0.251826960243888 0.181651816245056 -0.0581676238582427
0.169473653627688 -0.220625340386846 0.175487693621189 0.069974089029299
0.2827858323554 -0.108111581081712 0.0802994548735307 0.127159227512429
0.294581809243833 0.0191160736593185 -0.0224067977171692 0.0381034814082748
0.228578746061455 0.101893266300175 -0.173780303596351 -0.0554899083528187
0.249808675934693 0.0183366041195414 -0.174555571949074 -0.121687967325564
0.22645146522173 -0.0857924681912237 -0.199276615731717 -0.130920226323135
0.124504610787264 -0.173465980944644 -0.183848559784101 -0.0669758857857151
0.0190291472268108 -0.196482677104729 -0.172436622247416 -0.0361452629256853
-0.061912381601252 -0.172938427280569 -0.15424012691649 0.0105669571417766
-0.101676939237563 -0.134018732471209 -0.11254885350417 0.00459134870114744
-0.108331515072224 -0.127892948040994 -0.0704244377387616 -0.0377051731147711
-0.101842803800656 -0.13692896580034 -0.0510087040730313 -0.0953331626232497
-0.0938875037030163 -0.161364326258158 0.00702324563283389 -0.150642274179667
-0.0437553289626478 -0.20885882400858 0.0921409134273727 -0.169962949637732
0.0584676740437456 -0.208988546203939 0.178190704891714 -0.0802058152468212
0.180538023689037 -0.162253795347456 0.154490289434236 0.065371907224113
0.262872529597534 -0.0497412970068483 0.0326014551492113 0.121291987468493
0.25081369333798 0.0541441385986146 -0.10676990917167 0.00919196468538473
0.155747454705334 0.0861907007824252 -0.25301257825843 -0.0664700481145187
0.186463045766983 0.0218941454259444 -0.218808841843413 -0.101724243104996
0.169477019776797 -0.0685750836380098 -0.196299707980489 -0.11471557075893
0.0848871149743642 -0.131753675732231 -0.156138288795148 -0.0894380488290346
0.0102801721259441 -0.140135392466718 -0.171208883089421 -0.085134957217533
-0.0446546293243637 -0.126627942164329 -0.174728322568887 -0.0403558540699733
-0.0720882280751003 -0.101179952087265 -0.146277217961273 -0.0430892481628469
-0.0701171019329318 -0.0996434944465646 -0.106074849967159 -0.0831276518266139
-0.0603770895878034 -0.109769044363886 -0.0754303644394749 -0.139350837882107
-0.0467469247750293 -0.1259643279313 0.00141847342437727 -0.18567592160339
0.00177916752235825 -0.152880519357971 0.0969607414802047 -0.190363140982535
0.0788141993587778 -0.140105747098179 0.180504631810225 -0.0862405262933903
0.164754674190431 -0.0847856527945099 0.132343922640288 0.0577257050369734
0.207327606229381 0.0124347842872399 -0.00381602236443577 0.0967450066989895
0.171417157454981 0.0788879541331475 -0.162281278215323 -0.0321881672183376
0.0555130758570015 0.0663100357154822 -0.293590180702638 -0.0606300762624028
0.092920234538516 0.0333449763127741 -0.230634083956912 -0.0776187923472847
0.0869200100891415 -0.0291892028126462 -0.184712451561435 -0.0986235093239561
0.0393030134630132 -0.0577453201969391 -0.140495638409664 -0.101040642165893
0.0103040836823979 -0.05639023231674 -0.17402933654463 -0.104998906174523
-0.0112013961976158 -0.0617104764116579 -0.185629165529329 -0.0640095464224116
-0.0270308278784682 -0.0547453682328982 -0.16592064483516 -0.0699745596508058
-0.0221830532165347 -0.0558067339120436 -0.125172186072692 -0.114239861077869
-0.0178346115110635 -0.0634516620413152 -0.0811133650944804 -0.170905459098485
-0.00747529900698772 -0.0703818955451772 0.0115437465288218 -0.207165133708434
0.0257934903364741 -0.0834795749167118 0.112871412081973 -0.193747221747805
0.0683867151613429 -0.0716054476948665 0.185154619807552 -0.0811589280842965
0.120173946308617 -0.0234587112595373 0.118895129199544 0.0448180065787399
0.125323840131501 0.0509307585118506 -0.0187911526837463 0.0635357189301502
0.0730268876512137 0.0793012106409433 -0.182725571207568 -0.0729553353993595
0.031703695320618 -0.0469644515117899 0.207598666039256 0.0964707266997782
-0.0394451112134414 -0.0406573383512606 0.0679746590460772 -0.0630160758596794
-0.0531319352686074 -0.00223982353545877 -0.112844224155638 -0.0642943913513656
-0.0179821250771098 0.0199688367866032 -0.222112648607318 0.0443596621007519
-0.00705723425765686 0.00566163171697107 -0.158144782174955 0.194241590104962
-0.0162120218404827 0.00579491269479691 -0.0360276991029097 0.23686954170164
-0.0232269152632336 0.0100470419574819 0.0579722423047432 0.20786970943864
-0.0352901520911154 0.00700774259920254 0.140996544685491 0.143991683023804
-0.0382357229442539 -0.000548616704833367 0.170861499737911 0.0877481143249887
-0.03814840111299 -0.0136968078029677 0.197310271829604 0.0610693535837179
-0.029481947042507 -0.030372016988572 0.192304115729759 0.0875286813966771
-0.00659005956778962 -0.0291620466275474 0.163509606397765 0.113732049049698
-0.0109749284242987 -0.0387441727599694 0.186693477915734 0.110561108074846
0.00833813910545532 -0.0595786632888566 0.23211341684253 0.10303280767
0.0622542122994401 -0.044752055511548 0.306643338903559 0.0573747613763312
0.124628492587476 -0.000342633430535465 0.17642767198162 0.0929121391864991
0.0521623650957843 -0.0269461244429142 0.0487920584866955 -0.0603820744110045
0.0229322612046268 -0.0169936734472719 -0.122441558657037 -0.0751114738106341
0.0303017057629519 -0.024183570999239 -0.227159045816901 0.0312998873274271
0.0094076258957784 -0.0582222297308823 -0.173464549784561 0.172265728143074
-0.0311718478187756 -0.0587921148402985 -0.0628224158320693 0.224959223501658
-0.0588413621494872 -0.0465309002650628 0.0355472765865515 0.200984811700739
-0.0850168958085374 -0.0471132010097869 0.118335857048941 0.136405073145881
-0.0897512434827882 -0.056144626230938 0.147526029254123 0.0723457601203804
-0.0912767124053143 -0.0816074639935143 0.178121437746653 0.0280905063338172
-0.0631124269791796 -0.123729806678248 0.193390903637795 0.0403776287435919
0.00909195323403048 -0.132323547130014 0.180674674807271 0.0811624741268271
0.0676401747769375 -0.121149988691202 0.193679336004143 0.103145505142351
0.125053648208582 -0.0957971919426901 0.206649202764873 0.101164276123639
0.176416067079174 -0.0383691820479896 0.257570066229636 0.0571428339333406
0.203495463168838 0.0504583623284514 0.118203104118255 0.0656775587456685
0.14717429578734 -0.00530963691314852 0.0142152535850408 -0.08158954028448
0.111899438787121 -0.03338751448234 -0.14375970528045 -0.100575481265447
0.0842850089767204 -0.0773164960791368 -0.234988466158344 0.0118069866320284
0.0267094737072583 -0.124263098298843 -0.18356408775894 0.140032922548227
-0.0437090111709907 -0.121466119398433 -0.0871156660334537 0.194216708658674
-0.0884245867333199 -0.09926898045518 0.00426582808652053 0.172707550132774
-0.122108014023109 -0.0938702934677939 0.079588465510682 0.111430001555583
-0.128629740659664 -0.102532269671779 0.103648399433773 0.0419771367013912
-0.134189756173613 -0.133558476483295 0.138192271211326 -0.0162788523521408
-0.0975128835119318 -0.19481686738918 0.175586059230045 -0.022291521269624
0.00689817339234736 -0.215981398408554 0.192605565613138 0.0316913452338946
0.118970315965679 -0.198792255568471 0.200438278770338 0.0914134993792274
0.216284315204337 -0.130477119002807 0.173338033850746 0.110839307148957
0.263269481685923 -0.0294873602777737 0.17889475144981 0.0588828753703247
0.255788188772267 0.0900153781050722 0.0315597237552381 0.020361271772529
0.228940773139897 0.0112684909526026 -0.0392893422830571 -0.111081180665344
0.194731380057278 -0.0574954117119965 -0.170797680825588 -0.129548221803967
0.128713607644977 -0.135552256250462 -0.235438378606929 -0.0142165234941274
0.034312332998974 -0.184282286373068 -0.186053482703438 0.0911068396749454
-0.057577570324408 -0.171621597831879 -0.110137250476075 0.143747930902623
-0.10898465614072 -0.136809767993663 -0.0323204179279513 0.124982255192594
-0.140198704992521 -0.128083800786296 0.0291629243191919 0.0686572727247432
-0.145790740294776 -0.13528555559769 0.0477356908936982 0.000600196826389743
-0.152303249100511 -0.166233531126195 0.0864667326123529 -0.0644397140008182
-0.111948823851935 -0.235250830038261 0.143827672544838 -0.0846979122641471
0.00725786919426114 -0.262384575867056 0.194187302392999 -0.0184615024785879
0.152024053338307 -0.240901998467404 0.198352346268787 0.0820364478850607
0.273748863833525 -0.14058677169286 0.132269477193091 0.12492941858918
0.30984896057245 -0.00953730697417093 0.0803716830280167 0.0555266050212713
0.270564143056721 0.110675958576311 -0.0739955760813903 -0.0253932502067842
0.2731498841721 0.0193437916049571 -0.108832843317739 -0.12985253021733
0.243343092688996 -0.0802829096033548 -0.194477007315491 -0.143792171987169
0.146015488125814 -0.178161135003483 -0.220599778345892 -0.0455840064439569
0.0311095094953921 -0.217181500192948 -0.185144558222961 0.0269243266436127
-0.0665684510129624 -0.193903100203358 -0.135876407168254 0.077847632206359
-0.116121776789715 -0.151132969913746 -0.0746193674000376 0.0653448332595816
-0.137004919175168 -0.141920906594417 -0.0251622851008225 0.015588032627061
-0.136885915121174 -0.149967432946648 -0.0088110578848438 -0.0476554879074687
-0.138911395622664 -0.179962250943448 0.0381186137790251 -0.111595387999536
-0.0928067280277646 -0.243694343200289 0.112157607841409 -0.138173033276407
0.0276448300443289 -0.261849278006737 0.189432612026742 -0.057355733874163
0.177222518214552 -0.228711151205489 0.184812370012079 0.076237881872923
0.295372934323282 -0.112066560609748 0.0832163458458866 0.135682964245658
0.309596523246788 0.0226465239029247 -0.0227026450837767 0.0406697981965842
0.238477091614923 0.108098228839759 -0.179851371125168 -0.059507825808243
0.259407248269253 0.0216731777172615 -0.177397753765167 -0.128275047341871
0.234759639134849 -0.0871605141568111 -0.206236521098287 -0.139502907603384
0.130409967634901 -0.179856762666405 -0.192618650813515 -0.0750692658047207
0.0199078253666699 -0.204251130777143 -0.181725411159912 -0.0393517358938753
-0.0653674252920387 -0.17964075808622 -0.160858130687781 0.0104409217032071
-0.105672252992447 -0.139602066650271 -0.117212586448264 0.00433378577495651
-0.113202120826115 -0.133330749369758 -0.0751327116715891 -0.0390924850652071
-0.106680804569867 -0.143267576976379 -0.0536946127534899 -0.0987022725855829
-0.0984610624151773 -0.16851022475044 0.00723599524698854 -0.155894237680038
-0.0465068503945353 -0.217031007901425 0.0951581920575237 -0.17706357728749
0.0609456901006516 -0.217126350317102 0.186007502239936 -0.0810359258784156
0.187670048847913 -0.167786599744201 0.162881994692583 0.072081028663548
0.275422004796745 -0.0515821863976244 0.0339787990563368 0.129110929522049
0.261774705495648 0.058514564557699 -0.111056797298248 0.00932041403103869
0.162548191963787 0.0906170147966313 -0.263213909728188 -0.0729682166775054
0.194391529663122 0.0250298743352933 -0.224262356431619 -0.108411429556134
0.176459398007866 -0.0693481737689933 -0.203815082075855 -0.122423690818512
0.088824866540964 -0.136359765732677 -0.163101175745189 -0.097719489516093
0.010766139990776 -0.145568455235197 -0.179935476444559 -0.0900482746303168
-0.0469601119057877 -0.131861048013561 -0.182516848527776 -0.0428313361725191
-0.0744235880266187 -0.10492825334912 -0.15249267685465 -0.0458000541408074
-0.0727154616761707 -0.104146944289666 -0.112121524288059 -0.0867981657441262
-0.0629173729836858 -0.11421443600626 -0.0792612826393457 -0.144595462964361
-0.0485599663963094 -0.131420917280633 0.00156913973533209 -0.192876983737009
0.00163574729704118 -0.159447951231084 0.101330753542583 -0.198476866440141
0.0821922712833166 -0.145130707739488 0.189005904035074 -0.0872138126809484
0.171478101345921 -0.0867264693563564 0.13941239178473 0.0636987956181334
0.216115542424928 0.013718969202032 -0.00309001101455249 0.102521718886504
0.178331019008031 0.0836315806371278 -0.168788414107935 -0.0338764259015212
0.0580023790820028 0.0690500825705037 -0.306303178956523 -0.066784762124984
0.09680186932149 0.0354840117228928 -0.237944844265384 -0.083559864028408
0.0904297187650405 -0.0288020355165597 -0.191582904742934 -0.10575014736887
0.0412304206054594 -0.0592514491465127 -0.147544499709665 -0.109248434247926
0.011455374430089 -0.0582640745879002 -0.182174761996127 -0.110286454655973
-0.0121146083623708 -0.0641920570007368 -0.193337273704357 -0.0682964650729102
-0.0282015728282143 -0.0569739878882485 -0.173356516290634 -0.0738702744286838
-0.0219288082987338 -0.0583813746430849 -0.131181098253053 -0.119084297069174
-0.0184461789833196 -0.0661823726216895 -0.0850944225773232 -0.17746551166607
-0.00674981515832924 -0.0733907112952399 0.0131796894615105 -0.215294466255386
0.0265852275804837 -0.086428230238009 0.1181561222085 -0.201229837961665
0.0718290832223782 -0.073413703836277 0.193312811260177 -0.0823786613167498
0.124691049117397 -0.0225650367265644 0.124887869829623 0.0500140096744047
0.130111474520402 0.0532911524139936 -0.0194709633934139 0.0659643754156559
0.0758306840086623 0.0828018082492491 -0.190023834268841 -0.0777095837560326
0.02436875903506 -0.054998864901479 0.236706333788418 0.0713651013301292
-0.0462844150860435 -0.0360150980606091 0.0636962341499414 -0.0781828930559826
-0.0542852805168076 0.00625108762607579 -0.127662920046975 -0.0523044550767957
-0.0150180645319316 0.0197144043962071 -0.2241501146517 0.0841096937751774
-0.00969277572496348 0.00328799848607392 -0.132161303467163 0.228469990894842
-0.0172569016037997 0.00731469841858044 0.00161197068436981 0.253224531270117
-0.0231503540103053 0.0134333234529986 0.0988256443779762 0.210068544479258
-0.037183310224743 0.013617369799656 0.169307137914194 0.12696758060333
-0.0405044595689201 0.00681139897490635 0.193799304538006 0.0657775006715392
-0.0437941941823485 -0.00689736390071129 0.215916158575348 0.0331895048034301
-0.0369749926994099 -0.0248964505359331 0.215757992759682 0.0634302794880412
-0.0123607531594842 -0.0312393271349001 0.190236638962905 0.0969795992192205
-0.0173465922658135 -0.0380553311423271 0.212354597538407 0.0883218899863684
-0.00130285961253565 -0.0626943170880709 0.255413773102658 0.0738208759273444
0.0558158858968617 -0.0575473918980198 0.330364648714093 0.0161562784165634
0.130980702443672 -0.0221723578986108 0.194978444085237 0.0763902090251012
0.0514034786255128 -0.0350342584368024 0.0411163672921106 -0.07079629530657
0.0221245400334103 -0.0210741897021888 -0.142542854773613 -0.0592482349993123
0.0287135850839748 -0.0322553884465235 -0.233983677002662 0.0732880950623249
-0.00126953542930123 -0.0647117007079515 -0.152025689511795 0.211019499539865
-0.0425790840569094 -0.0577880508130193 -0.026713956674875 0.247732008422741
-0.0689726171299849 -0.0401392440239813 0.0737570138773441 0.207840318169927
-0.096785153022727 -0.0350172084665834 0.145964641422405 0.123262005146755
-0.103267073247675 -0.0424996070779791 0.16671814607011 0.0539115183548904
-0.10897520613951 -0.0687298526541086 0.189363916240296 0.00267270191665435
-0.0858534740678807 -0.115736880745153 0.208541951844676 0.0154519583789925
-0.011618834091707 -0.139419454372675 0.202163275214438 0.061160082650731
0.0491555835075276 -0.135332073970725 0.217002469438597 0.0791711065366938
0.112505917157945 -0.117423246619754 0.229218144500944 0.0732714836492833
0.175558670138964 -0.0674522926986846 0.279830895814583 0.0230326647533977
0.224122169771002 0.018600829114484 0.120803005432645 0.0582659686783671
0.154220520010249 -0.0257728316014486 -0.00145120650437428 -0.0852687969733019
0.113007088469538 -0.0510219143311808 -0.174425689499757 -0.079237081312746
0.0777121254540595 -0.094870390327295 -0.247641766567625 0.0569602818833781
0.00749875695392926 -0.135258364691413 -0.168415574434345 0.182365999091031
-0.0651689388545383 -0.12059000563593 -0.0556509952964795 0.222485745059836
-0.107408020076742 -0.0897091513333343 0.0358892574255703 0.185352433301589
-0.142273168224336 -0.0784832480321983 0.100880418298636 0.102668435888233
-0.151611527870525 -0.0843415499394534 0.115847602563233 0.0290930917157746
-0.160758287222427 -0.115107117493777 0.140460065683756 -0.036612573925133
-0.132379778651669 -0.182438462092119 0.17941265866285 -0.0469727488923403
-0.0266398041233816 -0.224330747101608 0.206548485968078 0.00950197616546135
0.0895996754357348 -0.222725068045813 0.221245830191243 0.0660810759937604
0.200580706449712 -0.166818408511437 0.195013561519786 0.0855186307755907
0.265866111128415 -0.0706398716422007 0.197194946346287 0.0364543329975531
0.287375114965226 0.0508115705697627 0.0165449565385043 0.0266558018249955
0.243362568230886 -0.0209146279882488 -0.0651454882166142 -0.105879664273196
0.1969084529069 -0.0887910396199482 -0.210031545524722 -0.100986341397667
0.115283731590295 -0.161654353700524 -0.254303776920532 0.0321950835643561
0.0074374490406625 -0.197986059976401 -0.18074747689607 0.136061238061947
-0.0863972442330839 -0.169655970193831 -0.0870605768071878 0.175976210658739
-0.134425276732063 -0.12574771917763 -0.0109129461604163 0.142958964308209
-0.166850378761461 -0.110951862539831 0.0420511219747022 0.0671372184155704
-0.173797138921486 -0.115229708122627 0.0504197240497872 -0.00499711485528329
-0.18430146887473 -0.147440594472266 0.0783549886811703 -0.0778691919825703
-0.153506588810672 -0.221926935575012 0.136946582278085 -0.10608002981161
-0.0334888038238098 -0.271014752375044 0.199128209708258 -0.0434040449494563
0.117109160217956 -0.271856100703928 0.217169105532317 0.0564850471017478
0.258976032798484 -0.187452158589663 0.154965529797574 0.105668540248885
0.31745745225914 -0.0575193716901429 0.0944623037918552 0.0471389533650105
0.307580419585593 0.0696480417459945 -0.105212533029676 -0.00508354338682445
0.291030951007701 -0.0194421041446569 -0.142551098999915 -0.113204820316647
0.244405017618095 -0.12065233141709 -0.239342623583194 -0.11025382525249
0.127892255711316 -0.20798087360629 -0.245620656585388 -0.00123755873114193
-0.000383865860902635 -0.230778408207239 -0.189861501617329 0.0705474995391058
-0.09953018227446 -0.191476689675064 -0.124148264480128 0.112297692813786
-0.143456214163205 -0.139590694322296 -0.0662821130472789 0.0874334538573435
-0.165094321466659 -0.125891630075249 -0.0233527301724986 0.0212392524949143
-0.166968429878092 -0.132412724973232 -0.0167032077421455 -0.0460671284420633
-0.171131160494947 -0.163429339305743 0.0194793168205392 -0.120001170442655
-0.134411181334692 -0.233508106299806 0.0949356878328921 -0.157794643094821
-0.0117622235836153 -0.274041127288156 0.188261049327694 -0.0841179563952237
0.144937304972074 -0.263139462581399 0.202359486895752 0.0528423965144153
0.285312165912263 -0.161422092459994 0.106360084982926 0.123560468161672
0.320977379010051 -0.0233884694507165 -0.0155903471086444 0.0459619198921433
0.274142163738332 0.071396769068458 -0.221152293056858 -0.0243924380956731
0.2786903250168 -0.0159579973673508 -0.214519535881274 -0.100461634678062
0.234601371560508 -0.126246030859058 -0.250487422901393 -0.102583718672341
0.111831491904844 -0.206586431547557 -0.220893139802449 -0.0371668382277618
-0.0083589415294119 -0.216263606060404 -0.197876806614487 6.40307611139014E-05
-0.09519133923199 -0.177310353431792 -0.162391834413148 0.0454492177193698
-0.130226875181995 -0.129413993740656 -0.123145936898121 0.0301408109969191
-0.138596466098627 -0.121586864099774 -0.0836305153942791 -0.0274059760631723
-0.133660186731671 -0.130564691371932 -0.0718904954659475 -0.0927565919365921
-0.126998935009661 -0.157590838988611 -0.0188348060053766 -0.161469292092038
-0.081818077002266 -0.212145318825862 0.0713343972653916 -0.196886156576178
0.0301844392156765 -0.232206174657774 0.180436583445745 -0.108820179029037
0.165703166850572 -0.201474124334967 0.179347629575553 0.0503840061068788
0.274062679207657 -0.0956593796858955 0.0555581253333634 0.124368780945824
0.278776772299903 0.0203288835840677 -0.11261625109468 0.0265982248841745
0.191057941381975 0.0660801914280649 -0.306277153454462 -0.0285420976980091
0.210773887817825 -0.00347910210935119 -0.258919456896057 -0.0744702996710611
0.175792415972794 -0.0989702643367548 -0.241402175081886 -0.0879921007631716
0.0748237160935367 -0.15514967044945 -0.193257636894455 -0.0677108056163598
-0.00784216431470548 -0.154465042708716 -0.205165121157776 -0.0556388641932068
-0.0683467010298804 -0.130099357973594 -0.195316592318341 -0.00905513676924768
-0.0928378855192331 -0.0982206526978833 -0.170495702595011 -0.0169007064664744
-0.0910564071153289 -0.0980188926613033 -0.130415945509762 -0.0707119112514103
-0.0829715675034947 -0.108329501326107 -0.106733314985824 -0.1366819622728
-0.0686551119586902 -0.127360468674362 -0.031239488508291 -0.199491046051174
-0.0226141946824842 -0.160744680403032 0.0734118816252339 -0.220194572917265
0.0623327784788754 -0.160176163031958 0.182000322934398 -0.117511379503728
0.162046609926154 -0.115749278235753 0.154561994625382 0.0447479516153519
0.223575117732735 -0.0191733718224592 0.0133788688981847 0.103235336628488
0.196630965971867 0.0593091976941306 -0.180775153036532 -0.0105737394427252
0.0758429232786886 0.0605346796920713 -0.342217710212617 -0.0209391959548903
0.109422245536264 0.0222656473668667 -0.266968978199815 -0.0501992334539614
0.0914014051615226 -0.0434179112531913 -0.222450782022638 -0.0761462969917161
0.0364341014594587 -0.0681252490115526 -0.177115277048854 -0.0870016611064875
0.00532651226614208 -0.0639684886834846 -0.21110727147377 -0.080759363541836
-0.0219729217285761 -0.0649704742594855 -0.213732662533554 -0.0370138942307059
-0.0365032957260378 -0.0553942246008573 -0.197810147685154 -0.0458254533185289
-0.0308899373747933 -0.0580714154531061 -0.156237671486612 -0.101290039796177
-0.0277596056175399 -0.0653427023595183 -0.118428275673095 -0.170626241562498
-0.015638551180547 -0.0736266915934735 -0.0214151304653546 -0.226022877123351
0.0149494289699234 -0.0907655152387283 0.0912045238087948 -0.227699083429239
0.0626087686791202 -0.0851587942061561 0.187965992849731 -0.114851757588708
0.124076492992058 -0.0422313925589283 0.138155022675933 0.0335939114882444
0.141594455768707 0.0347488476814891 -0.00785193625750479 0.0694877953029572
0.0906101017474466 0.0743764115606563 -0.209688850323829 -0.0529851877780766
0.0208193566761654 -0.0586268581073769 0.247254132208556 0.0525615719184553
-0.0492730129994166 -0.0328105440724641 0.0572794203021503 -0.0866127617823094
-0.0543886766104986 0.0112407956590973 -0.13451109295676 -0.0445652852739343
-0.0135081292579734 0.021124675634486 -0.22215720775647 0.104308841273921
-0.0102500818503187 0.00374826039725713 -0.115656661560495 0.241628176167268
-0.0169602745206247 0.00819580690862432 0.0232625319188355 0.256161986975
-0.0223605668351489 0.0152325030868751 0.118648251207303 0.205101595791085
-0.0360977549641585 0.0169311827623309 0.184151392053939 0.114464529658962
-0.0414117351552571 0.0116047666038919 0.203959918279404 0.0501286986525878
-0.046066253918325 -0.00399610320290235 0.221198711251772 0.0164656709706202
-0.0392347953038372 -0.0221777122233001 0.224515914390954 0.0469445723790465
-0.0147072992649768 -0.0316081688124075 0.202846454687236 0.0843652750911179
-0.0207152810091603 -0.0373513592624801 0.222413685808916 0.0733267374124298
-0.0069448242616162 -0.063326199132984 0.265228887012038 0.0564324107749801
0.0530229887792936 -0.0636961760657206 0.337126728593487 -0.00746186833725937
0.131019347966264 -0.0344116853241906 0.206695063490426 0.060895240295253
0.0492295551633094 -0.0395240972235955 0.0365573249653349 -0.0765301736563132
0.0213121036663479 -0.0217241273280333 -0.150840871502662 -0.050635626570951
0.026401746564981 -0.0357215878320837 -0.233197525152359 0.0933162152641481
-0.00793956474508577 -0.0654627131248489 -0.137118099024503 0.225245198034483
-0.0483979984800496 -0.0548592456304093 -0.00635091435730992 0.252900050509088
-0.0736337384316918 -0.0344050739002677 0.0933670287163345 0.204917565319717
-0.101490294582454 -0.0269975232943133 0.159162031268424 0.112515503471618
-0.110738971777389 -0.0336439969643667 0.174540320668495 0.0409924476448728
-0.118060143645523 -0.0602739524551735 0.191982452149331 -0.0121693069865414
-0.0971969145217329 -0.109599919636253 0.212501149626851 -0.00222569570768056
-0.0236986954703601 -0.14103078325043 0.211451435490714 0.0470753819375541
0.0386291562498496 -0.141614935765264 0.22797234737445 0.0637359006630383
0.103949235556876 -0.128881040300349 0.238716845029985 0.0584945043204046
0.172840074363351 -0.0828615570220346 0.287657747335605 0.00364041963550509
0.228818694126101 -0.00156965913587238 0.129118358790536 0.0492389397130932
0.154262978738462 -0.0388488856473638 -0.00711180220256955 -0.0876897228699484
0.109956266973578 -0.0599494606002275 -0.184338516535601 -0.0690224202334352
0.0705454179505833 -0.102650644550558 -0.248159603319489 0.0772814278416068
-0.00507059913898378 -0.137689960797566 -0.156767562534154 0.197847769284076
-0.0767022510967758 -0.11597696723858 -0.0378062605239961 0.23056382328233
-0.116814480799445 -0.0811188850131416 0.0534116288067683 0.184616612883129
-0.15201513129277 -0.0668788862943632 0.11218381998327 0.0955518823464685
-0.162749685412291 -0.0715720654857371 0.120988913989676 0.0201291027829984
-0.17447379376486 -0.102731657610398 0.138841378931533 -0.047950719062044
-0.15092684401992 -0.172943697223246 0.178077874634775 -0.0623867146401191
-0.0471586857047368 -0.225072317772914 0.211271485498009 -0.00550792390913227
0.0716313219683874 -0.233653518632975 0.231790172579469 0.0498587133741297
0.189774014972458 -0.187126339600467 0.206344977968882 0.0725992623786496
0.265661662822426 -0.0938951605327174 0.205461918802516 0.0211578219209335
0.296984372261545 0.0264535159448249 0.0212230029192412 0.0253776886022636
0.245069445755536 -0.0409257209674082 -0.0717785580782212 -0.103509742617812
0.191822318178036 -0.106088967817054 -0.222603161439465 -0.0878952669856575
0.102633173023658 -0.174091783322793 -0.257167263910837 0.0520567537049886
-0.0104788709605903 -0.201147083523461 -0.172703866846535 0.151731296607494
-0.103173812139108 -0.163188949881774 -0.0736392453277678 0.185621313633807
-0.147473549287076 -0.11499077229169 0.000975081264361349 0.145795889726425
-0.179703094708905 -0.0968849160737821 0.048522869394713 0.0648725886609392
-0.188367193699538 -0.100466705317426 0.0512348718270191 -0.0082785103359377
-0.201488492630665 -0.132383876637411 0.0721396372452372 -0.0844610378046475
-0.176319470593793 -0.210261281943768 0.127828224632063 -0.119704194304991
-0.0579856719455591 -0.272041864384011 0.199663201672697 -0.0589849382729276
0.0950017847209739 -0.284577855073807 0.227709476085309 0.0405522683082444
0.246357207353465 -0.212711580044264 0.167595758883171 0.0967513107373154
0.318820098338479 -0.0841093214800561 0.101212198776299 0.0399735838147612
0.319007421539636 0.0435635659707728 -0.105142020223095 0.00313720571840957
0.293542699153547 -0.0435688815143195 -0.150032919699854 -0.104912421752632
0.236954560775132 -0.141161346463171 -0.252350521453739 -0.0945309128688774
0.111744937237952 -0.221772446355188 -0.251035493181808 0.0172436723682901
-0.0202614924552432 -0.234045033997501 -0.189119993243438 0.0872610871564118
-0.118319353993746 -0.184821051551817 -0.117179703185384 0.12400782399874
-0.158460302617213 -0.12825479064865 -0.0596000908796169 0.094012626525708
-0.180024677969803 -0.113145350465309 -0.0220291999384896 0.0242323498025727
-0.182561033290444 -0.119137026766332 -0.020929187311177 -0.0446002052573581
-0.189550909043132 -0.1500065263816 0.010143468614033 -0.122021887897274
-0.157685109004278 -0.22359149226452 0.0809062550404289 -0.167496331316541
-0.0362710792312316 -0.276211712805343 0.184381318464124 -0.100049135379297
0.124161861500964 -0.278823864615823 0.212243200925532 0.0382169742128554
0.274726554071311 -0.188173567504329 0.119589019290839 0.118032582463847
0.325863376769538 -0.050946519783044 -0.0103615657879646 0.0486184599357799
0.284590817824913 0.0486246140897329 -0.225004892455674 -0.00721394046119508
0.281138563322936 -0.0393520865842598 -0.221912808729187 -0.086728920187822
0.22701963887153 -0.146913337676133 -0.262257635867793 -0.0850022548484993
0.0948357848742016 -0.21940298413818 -0.230087922031823 -0.0211007324631213
-0.0267681882239498 -0.218411564927842 -0.203055457397809 0.016755091787892
-0.113322171874084 -0.169879328422534 -0.161826832136487 0.0595293322892391
-0.144202770824732 -0.118987632541191 -0.122731807619944 0.0413442927433129
-0.151732881444824 -0.110629219309157 -0.0888887160030333 -0.0195856292124952
-0.147876213185345 -0.120457728882249 -0.0818131513445862 -0.0866588087762989
-0.143781535245492 -0.148407097019579 -0.0334251231662734 -0.161190222744177
-0.102232024689891 -0.206405621023077 0.0539959514061255 -0.205287673206285
0.00933148548663834 -0.236948181975929 0.174732028531081 -0.124467921517809
0.150342904529663 -0.217354569001679 0.188878889048357 0.0378214856746285
0.26901550634384 -0.120955611411406 0.0682910418528407 0.122633803617996
0.285585581711655 -0.0027632720269904 -0.111272930037998 0.0369681553128828
0.199595509978249 0.0506755709185133 -0.31318445017962 -0.00410828366087612
0.213585006618416 -0.0208805627794464 -0.266103052493067 -0.0561866371107711
0.169369133141147 -0.114625465419177 -0.252216905162045 -0.0712353441962329
0.0633072009492417 -0.163205546727367 -0.204144899648657 -0.0549281488461638
-0.0213128513436286 -0.155349696031536 -0.214666248624105 -0.0382519351114168
-0.0814440418767531 -0.124829459361877 -0.200062724357061 0.00722026251609371
-0.103259266189678 -0.0913321966645897 -0.174907738017748 -0.00237843547302257
-0.101247779812953 -0.0915872630281775 -0.140216372907512 -0.0598065439149379
-0.0938808877896194 -0.101944318334033 -0.121305403941722 -0.127834647640686
-0.0807656239360691 -0.122741487069925 -0.0485245473942181 -0.198641859462927
-0.0377774025240814 -0.16018265608917 0.0545360103962034 -0.229654152704252
0.049860835710241 -0.167621588136961 0.174830646737115 -0.133771961067698
0.154302540858275 -0.128994953305732 0.163383961304869 0.0338162663263366
0.224248214938137 -0.0389487115987959 0.0238771382992904 0.104322677819809
0.204748559441344 0.0429527083750678 -0.183559470032582 0.0049023856117867
0.082727068269776 0.0548299736866095 -0.351655007943365 0.00637994735447179
0.112279957883763 0.0129897379194657 -0.273264086107289 -0.0314538223021318
0.0887287972084148 -0.0508200907080813 -0.232744197060853 -0.060611951931595
0.0315054699568458 -0.0710598061943554 -0.189140070318962 -0.0756600764708033
0.000441876837233368 -0.06486948886558 -0.222621711853385 -0.0635590873992582
-0.0289375365330275 -0.0630189616570552 -0.220574859879881 -0.0200045177943565
-0.0424570513550963 -0.0522535977940592 -0.205770893593019 -0.0290905314176296
-0.0358680664909267 -0.0573239046812934 -0.168762439578633 -0.0879371663978364
-0.0331510595051717 -0.0641195487563453 -0.135653659570325 -0.160891680623537
-0.0218821978976387 -0.073442251782356 -0.0412632624099238 -0.226389362549512
0.0073528811847108 -0.0931039976897069 0.072610307044856 -0.237553467639371
0.0565233943814568 -0.0910930806320314 0.182010558867837 -0.130744144513886
0.122120388549037 -0.0526021202220425 0.145113705817035 0.0239724201456826
0.145792023673863 0.0233089847278229 -0.00136501766585964 0.0721453558436293
0.0979757882932979 0.0672789181863377 -0.216700811980078 -0.0362491293555446
0.0158353226436767 -0.0595500311130807 0.245005038654659 0.0310916735757082
-0.0497452150552339 -0.0277189735111945 0.0484949246369646 -0.0899726875854327
-0.0508301963228299 0.0152784557191151 -0.135003943057733 -0.0338489405244844
-0.0113039339828467 0.0205496344381638 -0.208625041642418 0.118197130435323
-0.0105060844100445 0.003923230133152 -0.0932390855597753 0.241501440361341
-0.0156214156609743 0.00933095525800131 0.0434428245326373 0.245018258804639
-0.0203416734443682 0.0164963971629054 0.132443686076241 0.188793073256465
-0.0334615033002581 0.0196647342018642 0.187672140780175 0.0953722103716705
-0.0395101101665344 0.0144454255279402 0.201907968092163 0.0325711988406903
-0.0456640460244911 0.000314164706874359 0.215594416160777 -0.000767113040504795
-0.0397976004357727 -0.0187499713879613 0.221405254049539 0.0286271806408544
-0.0166828145041269 -0.030040561272867 0.204266684811858 0.0678903452036054
-0.0224204281894944 -0.0350283261815609 0.220377649697115 0.0543049978335487
-0.0108341867611734 -0.0601767998059571 0.260368328822445 0.0364710318719421
0.0464261384009205 -0.0660899274278059 0.326600431920884 -0.0311925762404513
0.124052464725129 -0.044402855633062 0.206283872629521 0.042117238185776
0.0450075046188505 -0.0420252513820596 0.0297955123679341 -0.0783410049012696
0.0188248198406021 -0.0217190826394469 -0.15120660109423 -0.0390496578399851
0.0229881609644985 -0.0365922166128183 -0.219547592502084 0.10779332614212
-0.013462585128265 -0.0627165752547937 -0.116160343320534 0.228220418893704
-0.0507879719209311 -0.0483007677453968 0.0145560002640144 0.244667671815329
-0.0734472230507171 -0.0270381290442799 0.107504772932536 0.19016068829146
-0.100547444877841 -0.0171902383357882 0.163829188649415 0.0966821863222206
-0.110673171944804 -0.0230141658420112 0.172964529372195 0.0259415532145164
-0.120153892070476 -0.0482904100676589 0.184438858959867 -0.0260532192545587
-0.103328838035988 -0.0981022845360778 0.205041959361599 -0.0176854232489567
-0.0345305180772232 -0.134092624631833 0.210046719018584 0.0310716395395203
0.0262238228907937 -0.140032522294698 0.225812753860848 0.0449321034325902
0.0905181420526021 -0.13227539566901 0.236160419255678 0.0399604318556056
0.161890803787055 -0.0938948549655596 0.279265043864798 -0.0171805314946759
0.220791678529276 -0.0201189513080788 0.131088650583728 0.0364216739778892
0.145886444301788 -0.0495210321299434 -0.0108682010545276 -0.0858875989153283
0.101991045857923 -0.0649372409564482 -0.184112842405516 -0.0540737183433205
0.060118293667802 -0.104729734751341 -0.235134846689978 0.0931884558477328
-0.0166931259211119 -0.132239001337382 -0.137014898150957 0.202298446672274
-0.0829983459027958 -0.105305590843948 -0.0180117735956781 0.224743347215208
-0.119686429552095 -0.0683263195613444 0.0669115837553677 0.173573936721526
-0.152893270652562 -0.0516895986466664 0.116080065814414 0.0835411481533193
-0.164524123267533 -0.0552229440893005 0.119347731884725 0.0110348055317444
-0.17845227716274 -0.0847682139749831 0.130320056516027 -0.0561414173645236
-0.16000183608823 -0.153970660924821 0.166045615557365 -0.0737719676542025
-0.0631729257408213 -0.213485413155556 0.205126389207988 -0.0206730564593113
0.0510145727118167 -0.231635080012619 0.229499204187267 0.0307642425297258
0.168071263790245 -0.195373710866504 0.20722274665559 0.0571412902355873
0.251381015283173 -0.110295335023032 0.201806543249681 0.00582709002264089
0.288563020620141 0.00135649028987531 0.024324351041151 0.0214407498851945
0.233453331273983 -0.0583836459214427 -0.0743214506021431 -0.096873634531578
0.177224067633938 -0.115447727452222 -0.222849927299392 -0.0698115033660417
0.0856606674114332 -0.176523138694553 -0.246830503393639 0.0695400783617356
-0.0265482497537368 -0.193166682651253 -0.157173048332585 0.15937042200695
-0.113397183013248 -0.148082293645827 -0.0561501106677246 0.185199370228744
-0.151814099936771 -0.0976056019331296 0.0135325335981833 0.14035013803639
-0.182496720433661 -0.0786917192470452 0.0518480827791573 0.0589095391180464
-0.191859238963655 -0.0813919119608855 0.0494875385369219 -0.0115266923493854
-0.206911855698157 -0.110974239608206 0.0632543163880905 -0.0861347109085948
-0.187945164147408 -0.187722282969176 0.112778791970546 -0.124439500422238
-0.0780639798158476 -0.257676022733658 0.190206504003936 -0.0706211793127742
0.0691725967088975 -0.282048445617419 0.225565882075905 0.0223048945043389
0.220327097231027 -0.225037145803064 0.171973310780364 0.0814303719858998
0.303578775284346 -0.105631945847284 0.102987959002254 0.0319962554214503
0.31116215407905 0.0160691841746765 -0.0993235161530675 0.0096381988498067
0.280596563578742 -0.0650878650082492 -0.149457472829995 -0.0920144016912664
0.218029118831458 -0.153467775661112 -0.251956487462374 -0.0737392896698334
0.0899578212666916 -0.222939384232762 -0.243366234455246 0.0350310791727379
-0.0394541941839127 -0.223984873322206 -0.177746938491059 0.0987158544368305
-0.130094628158314 -0.166693454574934 -0.102885410917969 0.129479933837768
-0.163999770221519 -0.10988020849958 -0.0510818415957077 0.0956814288010008
-0.183083121616398 -0.0941269049984312 -0.0197580049649642 0.0256122523844599
-0.187313821590456 -0.0986671037326581 -0.0236746996014941 -0.0406462213736011
-0.196709887573908 -0.128393858859942 -0.000586256491885878 -0.11718744773377
-0.172109564854491 -0.201327062491457 0.0629487235283267 -0.167563129622426
-0.0576190400929683 -0.263094991005973 0.171374218568018 -0.108729573092827
0.0975355473903459 -0.277326123480505 0.211194187520191 0.0199809305822908
0.249881217659354 -0.20346586313547 0.127153656416151 0.106169024151637
0.311914783514943 -0.0736530917706772 -0.00495137768117059 0.047869275089737
0.278119426283434 0.0241177118961204 -0.217127793347958 0.0092967070055642
0.268665977169913 -0.0597714339130881 -0.217674643627251 -0.0697458213602773
0.207563908712256 -0.15806743176083 -0.260954203945057 -0.0639205322876617
0.0750093120373432 -0.219447546439738 -0.225647537775161 -0.00414866126127241
-0.0443348789902475 -0.208670058409172 -0.195982887824651 0.0321680697790348
-0.123853395470776 -0.152776821925201 -0.151795616170096 0.0708694948262803
-0.149584203534869 -0.102494468053186 -0.116969374957159 0.0500235525066963
-0.155979856168424 -0.0944590840116967 -0.0883447542147708 -0.0111336637801573
-0.153843959663188 -0.102998348676982 -0.0862440272689507 -0.074993753571075
-0.151330978869 -0.130892276918633 -0.0453228845628718 -0.151945601038133
-0.116707104542287 -0.189558850576915 0.0337278200992079 -0.201164721492652
-0.00961662888343426 -0.229427607575516 0.15930834723978 -0.132750476309275
0.128180082726661 -0.220713262343104 0.187735494347572 0.0224244995595708
0.249300559252036 -0.137683495124349 0.0776866158124382 0.114076820736242
0.276298003261229 -0.0241312720955993 -0.103942654729982 0.0441882812237623
0.197155750765681 0.0322086314015111 -0.30387082245388 0.0192604591506531
0.204426415321334 -0.0364974387124121 -0.259262130457601 -0.0378962162145586
0.154292829386946 -0.121867567046741 -0.248909673599555 -0.0510067055463235
0.0484237765633552 -0.16198232030841 -0.204138297885581 -0.0391827978945515
-0.0333012759387352 -0.148234520549079 -0.212036951151582 -0.0197013030811731
-0.0894289780526384 -0.112764898362212 -0.193866285742906 0.0228900264904301
-0.107247512984273 -0.0789163745539517 -0.171005699020451 0.0119577398364844
-0.105020127469408 -0.0806211031131916 -0.141298127015956 -0.0450829364757998
-0.0990443017248858 -0.0906621331053008 -0.127789728074125 -0.111972206340901
-0.0883476974313307 -0.111554330362628 -0.0629193790380593 -0.18636524223484
-0.0501291286290241 -0.150987260543632 0.0335337478081671 -0.224650125329482
0.0349675539698954 -0.165369273837313 0.16020279875326 -0.141607772324293
0.13919319011631 -0.135094808462622 0.162572009296269 0.0217819371090486
0.212829320262763 -0.0552781527899137 0.0330392034870893 0.0995863071182966
0.201007932554316 0.0264270960543984 -0.17699878051617 0.018644869887575
0.0838959330327633 0.0461786156601825 -0.340987725703165 0.0315470622279301
0.110220266525244 0.00462580940740493 -0.266910840038625 -0.0128388762060235
0.0813718638203774 -0.054961302800682 -0.229258988317262 -0.0423988876722777
0.0256731600815854 -0.0707272441286463 -0.190927514895564 -0.0599820406840488
-0.00401821581651165 -0.0626719116719373 -0.221787226203901 -0.0425163548952368
-0.0340380003672359 -0.0573293524830473 -0.216196139150719 -0.00184366649494791
-0.0448771433415277 -0.047049902898281 -0.201892920523888 -0.011611997944811
-0.0388301425682014 -0.0528680354717998 -0.171367129434931 -0.0707795066515855
-0.0369911677380873 -0.0593674205100833 -0.144569969180237 -0.142856653312221
-0.0264398557186308 -0.0696335794347596 -0.0584638507938287 -0.214668807197225
-0.000616377828162545 -0.0898321145004516 0.0511469030692125 -0.234439979607284
0.0474451907714473 -0.0924202782443857 0.16673236762518 -0.139729981467011
0.113792198016819 -0.0587390797831025 0.143974234643508 0.0135074896832915
0.142231795555802 0.0110499680572588 0.00545009072029371 0.0700224645192533
0.0991789916956829 0.0581418372318119 -0.212368106007214 -0.017677396787068
0.0125521267991028 -0.0574228010603644 0.233771966087828 0.0193239185478987
-0.0470477639517807 -0.0252771034752522 0.0420113585153838 -0.0879872132886262
-0.0463877189179248 0.0160688514148378 -0.130141048300323 -0.028223097626981
-0.0101923684972707 0.0191172655474911 -0.193577397670973 0.119565393428027
-0.0102475697022489 0.00384386285751959 -0.0792067487903854 0.230159136128406
-0.0139280751609109 0.00953760398984729 0.0514572810288815 0.22865769476169
-0.0183427073610382 0.0162094538073693 0.13413250698976 0.172610115258472
-0.030768699505546 0.0194715202487044 0.182646126723819 0.0823870532285697
-0.0374175876347283 0.0161756447436785 0.193446096817162 0.022794502026118
-0.0438989017770058 0.00278893745687181 0.203410274205389 -0.00874116963035253
-0.0382415966932097 -0.0166210392389954 0.210673245317752 0.0187119268415227
-0.017786158656252 -0.0280054898482955 0.197548152533034 0.0580824372104594
-0.0229478994568506 -0.0328059417472692 0.210226726146059 0.0443935988325462
-0.0118314117320223 -0.0558106334937947 0.247116553485357 0.0274275712712492
0.0418355265441427 -0.0649184930935908 0.308338986340104 -0.038725221624871
0.115392227604598 -0.0475470418733312 0.198308955290956 0.0303368331861446
0.0413168214213044 -0.0414848070870226 0.0263951483736722 -0.0769695887857047
0.0177118503990858 -0.0214292614204414 -0.145247563153419 -0.0326580233037262
0.0198037491199244 -0.0357806663002893 -0.204142136215579 0.109710785331757
-0.0160117010054407 -0.0584194354428306 -0.101345624253159 0.218521897773511
-0.0498004049201096 -0.0431765354729207 0.024077532422926 0.229163572291105
-0.0703729277885752 -0.0221459649719864 0.109486725523536 0.175171454499914
-0.0959947027913414 -0.0119005096269535 0.1591239863517 0.0843154971818008
-0.106037248691867 -0.016066978941871 0.166259493849861 0.0175623497419778
-0.116270703873628 -0.0399839651258059 0.173777125470353 -0.0307491839305485
-0.101339004249188 -0.0882890737910928 0.192800966905213 -0.0238365604037231
-0.0381056007026009 -0.12588688209483 0.200571095901882 0.0230081931000253
0.019279311049464 -0.133381125572097 0.214954461876637 0.0346946868401349
0.080628185254601 -0.127667714311613 0.22565335434904 0.0307397203762035
0.150346351703969 -0.0940117513517438 0.264676202946652 -0.0255369265276157
0.207625620692862 -0.0288326496866123 0.127300582894774 0.0281931898614832
0.136162708295181 -0.0518487331532664 -0.0117049260595823 -0.0830618113314434
0.0940647903676352 -0.0646225416662077 -0.177416200029467 -0.0459754875843386
0.0521310664548081 -0.100914828030049 -0.219904979566347 0.0957499699531587
-0.0220344127985657 -0.123508737153372 -0.122434842638939 0.195647435950758
-0.0834431671361961 -0.0941149875094145 -0.00676646506395995 0.212858966715259
-0.115649272793634 -0.0591766079654378 0.0708180197757347 0.160863552064499
-0.146331561084041 -0.0420432569303518 0.113917185703313 0.0744526715419206
-0.158906328241637 -0.0437659159148238 0.114805254755306 0.00586158705559479
-0.173651015116636 -0.0714995308145024 0.121633964797407 -0.0564947854360712
-0.158502749720271 -0.137990984600627 0.153128462070009 -0.0745348285921947
-0.0694193863833122 -0.199000196164437 0.19494766312648 -0.0254011254608134
0.0387776110553249 -0.22002349054198 0.219176120960983 0.0225043613846569
0.150644413486558 -0.190440376546166 0.199346274921774 0.0473568640493686
0.234032071162723 -0.113324871699234 0.192977991823575 -0.00120487759330757
0.272496221521255 -0.0114785556892216 0.025755537016202 0.0179221098409487
0.217298428665792 -0.0641493414611085 -0.0702373525214699 -0.0909913291522229
0.163133174408981 -0.115117002904942 -0.213940911355447 -0.0590441069639129
0.0733256666037211 -0.170106083497687 -0.231367158479497 0.0736922017590863
-0.0342694418179904 -0.180854001985287 -0.143112895262293 0.156050533543246
-0.113658041395117 -0.132980726604662 -0.0450507528163253 0.176313004397257
-0.1479069232055 -0.0849079433670299 0.01807493135423 0.131118449350845
-0.176227694701062 -0.0659342489319178 0.0516655276277213 0.0536550613383958
-0.185335024463927 -0.0667016644882199 0.0467021746840455 -0.0122950702530123
-0.201694880286668 -0.0954942267753979 0.0570106645293546 -0.0816282970137343
-0.186133370844537 -0.167864108903645 0.100262579632305 -0.12103374809202
-0.0847233728185011 -0.239569899443341 0.178172808856348 -0.0726220228768057
0.0540653239701621 -0.268543686659507 0.215978118766467 0.0129049072013576
0.198927242215822 -0.220755544401777 0.167720977123826 0.0720394676269106
0.284271955188739 -0.111518329368163 0.0997931840308338 0.0255264256707287
0.29392788089352 0.00201519327699049 -0.091718438527228 0.012012058924932
0.261114716360189 -0.072492644822718 -0.141598003620428 -0.0841141435252827
0.199763496324578 -0.152522857529045 -0.240863703705303 -0.0615901206259267
0.0763725639773829 -0.213980475130858 -0.23005742238325 0.0412904593862728
-0.0476214217085203 -0.209170921456392 -0.164372174455894 0.100392179241975
-0.13011750591948 -0.149733347122948 -0.0915247772256739 0.126087965629861
-0.159422758441491 -0.0959484131580041 -0.0442728400775229 0.0929033124895263
-0.178066042101525 -0.0801173715534162 -0.0180656811882696 0.025638889592932
-0.181985349151908 -0.0843556818583063 -0.0235661645770032 -0.0359717422877352
-0.192660433117084 -0.112017742824839 -0.00465630519405411 -0.108845048468276
-0.171299306484798 -0.181144887674976 0.051065752133158 -0.159008582327564
-0.0660863294603526 -0.244763961360461 0.158674068301858 -0.108156129914252
0.0802392158319259 -0.26506564975452 0.20259437031875 0.0122106789657562
0.22630404312513 -0.201816783111479 0.126850215953256 0.0960582300879057
0.293429837589307 -0.081829732073315 -0.00166992672614443 0.0450249340684424
0.264299936257787 0.0109030025474866 -0.203358027792381 0.0154316722171612
0.250743128458063 -0.0666322219401511 -0.205160829912418 -0.0609365462970786
0.189975776338612 -0.155826335297107 -0.24909059945198 -0.0525588923480495
0.0614393991634853 -0.209606289505542 -0.214051245256607 0.00372587441856117
-0.0514700276295821 -0.195327727584631 -0.18538553157583 0.0387213976227907
-0.123660259645213 -0.137433765026637 -0.141173306272652 0.0731061778866751
-0.145399398061995 -0.0888164468757122 -0.107879582093672 0.052445544537699
-0.15199745616899 -0.0823585677665464 -0.0841271056598245 -0.00558912592086538
-0.149911092526783 -0.0900777412808478 -0.0846879687739306 -0.0654340085311634
-0.149426251761457 -0.116133428766232 -0.0487775981521444 -0.139658608142998
-0.118653179522572 -0.172603672234373 0.0231365532406331 -0.190026492721789
-0.0189697898784972 -0.215284667520452 0.146871258516552 -0.130205316029608
0.112185975104728 -0.211660713654093 0.180654361697558 0.0152034081516829
0.228741202584289 -0.140002127232585 0.0793892708710518 0.105271955440989
0.260777747037348 -0.0330616355653197 -0.0958457142771955 0.0459546089273352
0.187494284317281 0.0225885742532197 -0.28600064253341 0.0281130418780866
0.191869625724504 -0.042687607248098 -0.244847037260309 -0.0287848397965218
0.140972364261019 -0.120120016119135 -0.236919858015212 -0.0405274435942431
0.0393177274266736 -0.154581902264969 -0.194765458633504 -0.0303805092167184
-0.0376189227978405 -0.138404014488668 -0.201369459081695 -0.009506559339633
-0.0899958500324539 -0.100898728998037 -0.182229325928891 0.0299254922799048
-0.104859794356322 -0.0694245342353061 -0.162288251183471 0.0190038954740312
-0.102801924884317 -0.0713826178334033 -0.136274568666958 -0.0358328219718893
-0.0975461119936998 -0.080676666119626 -0.125169246187093 -0.0985112402353584
-0.0874008277365263 -0.101254069605231 -0.0678529777072759 -0.172571171104847
-0.0537163058059021 -0.138850162220974 0.0214812198031985 -0.212440771936729
0.0262817296995003 -0.156893340443546 0.145832397378634 -0.138746076964736
0.125938163806069 -0.132338607315227 0.156243870430113 0.0153694446535958
0.197061156719643 -0.0600039258075444 0.035821734598934 0.0927793664173447
0.190757610413401 0.0172763670948182 -0.166061578055012 0.0246759276269976
0.0811187175917703 0.0394498566679746 -0.321632776188494 0.0417180969298407
0.103758204351915 4.89939237627043E-05 -0.251548208541791 -0.00467586037068095
0.0742862558547688 -0.0536716046239638 -0.217829012768385 -0.0326604460626064
0.0214147643770163 -0.0676697992136775 -0.184046952791742 -0.0500616088462789
-0.00602594292927121 -0.059226733130453 -0.211046465091876 -0.0316488749015322
-0.0342913301694011 -0.0517825084495872 -0.20526107817854 0.00718364891442123
-0.0451927802857904 -0.0422515990236825 -0.193351915765447 -0.000887501007841563
-0.0386386060118085 -0.0488790421034325 -0.165801922247841 -0.0587286503817926
-0.0367277337968208 -0.0536613907641676 -0.142489205029303 -0.126778280365527
-0.0276536027892374 -0.064825911909007 -0.0636969043183429 -0.198812126908968
-0.00442858994813058 -0.0837892495810838 0.0381509024938886 -0.222488871312503
0.0401874247257568 -0.0890329651364104 0.15272539750263 -0.137208581149714
0.105143737747774 -0.0590292681720071 0.138053571061464 0.00854171940236838
0.133337273659328 0.00518774815863481 0.00873010737752943 0.0659466303571025
0.0944264107107438 0.0508832503127184 -0.201437155053237 -0.00794596523481826
0.0119135205417779 -0.056055589841014 0.225628064419335 0.0166324348588651
-0.0442119283651271 -0.0245119790408235 0.0398398766882303 -0.0854744304615613
-0.0438671399992356 0.0151700439935967 -0.125896597642561 -0.0280193484135336
-0.0102990999664445 0.017936673578367 -0.186715431896586 0.114933543265058
-0.0103813288128225 0.00360448312923678 -0.0766324898792275 0.220041780875517
-0.0136639379633401 0.00849815811858651 0.0505222314576333 0.217389116521398
-0.0171655580704569 0.0153388683491523 0.130232861101602 0.164336306589663
-0.0293838355857358 0.0188566392782492 0.177273876854858 0.0782578667686254
-0.0359933276223992 0.0163002267643809 0.187471580124678 0.0210952372300956
-0.0428922157028362 0.00328464825990958 0.195577807179181 -0.00813955721892482
-0.0371349079772484 -0.0163862656943301 0.202637978981361 0.0184380941957739
-0.0169199422800841 -0.0272237754994945 0.190682311144448 0.0567531649533667
-0.0217270638584248 -0.0317631936168088 0.201133236143825 0.0432523948194848
-0.0111339994537729 -0.0534852324110466 0.237809491676517 0.0278041668833553
0.0404360470677069 -0.062582481253244 0.296355441766523 -0.0356077491865494
0.109762544928026 -0.0465295041531454 0.192112672802515 0.0275207312913158
0.0396972377823674 -0.0401125521337322 0.0259232013870264 -0.0756126685616202
0.0172105102457736 -0.0201810781133428 -0.140635844033624 -0.0321661340586106
0.0186477737090421 -0.0348503905957281 -0.196768372766009 0.104794827449888
-0.0162474521720879 -0.0560685072690167 -0.0981829543171807 0.208394595622621
-0.0483478089907184 -0.0406484624216584 0.0245219785628715 0.218927067098713
-0.0679121273026002 -0.0206602849985117 0.106619835875898 0.167160988803201
-0.0920027830688923 -0.0109298335830088 0.154434916368495 0.0800008562802836
-0.102346615009057 -0.0139259054976761 0.16077495114063 0.0163113593043857
-0.112991033247362 -0.0374576791858246 0.166907552194096 -0.0289627780709141
-0.0979227816007981 -0.0844749976194905 0.185040226831354 -0.0227843767136564
-0.0370998976657709 -0.120907173675144 0.194548140413262 0.023019225100744
0.0184771728957364 -0.127887786855688 0.207426198867328 0.0337373542838368
0.0773445014811975 -0.122209345812515 0.217202411205383 0.0317860767203278
0.145898142022564 -0.0905125991655931 0.255526960772216 -0.023118476202076
0.197864755402476 -0.0289690079248665 0.1245124241659 0.0250554661117043
0.129950858208268 -0.0499016477096373 -0.00952142876225878 -0.0818136399592133
0.0903121639417946 -0.0616022354289156 -0.170644389826392 -0.0452352831245776
0.0493734071837687 -0.0966332685191305 -0.212304419290433 0.0920003502222882
-0.022075218272504 -0.118416654133176 -0.118337652702853 0.186454424849761
-0.0802245803082396 -0.0887041453332801 -0.00545094915362355 0.202760167566693
-0.111040619868721 -0.0552512818928434 0.0694006582838402 0.153594212079097
-0.141617075510247 -0.039402439935739 0.110540115543981 0.0707815351728083
-0.152605828543658 -0.0406685040951267 0.110986015003228 0.00500133579331509
-0.168527833559874 -0.0670175405034712 0.116824657291882 -0.0534016746742849
-0.153066627864715 -0.131058783710709 0.145843181017514 -0.070538528862081
-0.0668797837994704 -0.190820130104231 0.188093727103684 -0.0241789919937833
0.0371980320441513 -0.210807250930818 0.21195199336896 0.0207870850115964
0.143626503206301 -0.182368918993351 0.193135449608314 0.0463024170383526
0.22646214432362 -0.109067099464851 0.186902553337771 -0.00081101154357157
0.260313080139145 -0.0118145724796741 0.0269520832260693 0.0151088026752054
0.208537530432529 -0.0621613611741733 -0.065062033176422 -0.090201997244473
0.156421973033116 -0.109652548085802 -0.20608517083335 -0.0584297957562039
0.0696616006953014 -0.162809175064906 -0.222674893712315 0.0705047403064098
-0.0346751843173319 -0.17258738918901 -0.137852133465391 0.150458624320673
-0.109047179203295 -0.125656409758424 -0.0420251540922494 0.169457389482496
-0.14196613838641 -0.0799403842467993 0.0187888474105205 0.125907338816476
-0.169851710727913 -0.0610743970000606 0.0503838798606393 0.0519265123439961
-0.179831259426908 -0.0622523370091927 0.0462006790469757 -0.0109854135128233
-0.195623510521143 -0.0891210664026812 0.0555213779370952 -0.077527054377695
-0.17956456702964 -0.15897716415201 0.0949388594165402 -0.114790244632956
-0.0826431965300696 -0.22926675292612 0.171921693734498 -0.0686939569025605
0.0508975846665819 -0.256508533216601 0.208809673814381 0.0131866751754957
0.189070803946811 -0.211635712311704 0.163110183081696 0.069588957474491
0.274666160361453 -0.106556893128357 0.0974284421271278 0.0235132315200209
0.281178205908294 0.000294529019550765 -0.0865168649915593 0.00961470089054039
0.250228039058666 -0.0695443085297634 -0.132773737178626 -0.0836143004093284
0.191657106809296 -0.14522278912375 -0.231800246976908 -0.0611597527594057
0.0724801019469177 -0.205210121040024 -0.221379758564286 0.038829298361561
-0.0470992676869272 -0.200295668064899 -0.158572352634798 0.096534980310317
-0.125125686484985 -0.141684330736957 -0.0870954037966619 0.121517345629424
-0.153391517059326 -0.0900518272020317 -0.0418923094602934 0.0894097191978252
-0.171881766597899 -0.0752239110753505 -0.0176356172989716 0.0251759606726061
-0.175876260211027 -0.0792200927490887 -0.0223275535767229 -0.0333017067980203
-0.186742711156996 -0.105267237515319 -0.00394652899213274 -0.102589102586374
-0.166122046590291 -0.17083156218006 0.0476117213072183 -0.151166236580165
-0.0650155449938131 -0.234343019111735 0.153028435237556 -0.102826210655166
0.0760447070426466 -0.253062369643695 0.197121343101698 0.0117885982927995
0.215937906515676 -0.193795249132542 0.123580279036539 0.0915191619316225
0.282709411337724 -0.0785083983517277 -0.000388783673899492 0.0425543177354795
0.252818651109709 0.00920562897838036 -0.194716690186185 0.0131584447241985
0.24048647688759 -0.0644634069702903 -0.195349106879099 -0.0609359682174303
0.18239503911217 -0.148803468429949 -0.238718637799375 -0.0524591004554367
0.0584529851898152 -0.200834310349642 -0.206606958234771 0.00254475596816529
-0.0502565772148739 -0.186536740111919 -0.178229460707114 0.0377864319439544
-0.118881575303505 -0.129739820928058 -0.134787838099446 0.0709596322336049
-0.140374105923508 -0.0835183276838367 -0.104115008538734 0.051157280288605
-0.14686806137853 -0.0772554689645078 -0.0815343144768118 -0.00396787896258289
-0.144615390889142 -0.0847906807311487 -0.0810675489781284 -0.0610717203473549
-0.14431919915002 -0.109862724250083 -0.0465941979430805 -0.132829324446831
-0.115177194559194 -0.163030173637376 0.019985168257842 -0.180508317905438
-0.0194130040249634 -0.205567589818018 0.14082224392236 -0.123264589120784
0.106736144951409 -0.202292177499583 0.176131691310837 0.0145158574948143
0.217847498535235 -0.134498298178883 0.0784009351384855 0.100954398271517
0.250549984391066 -0.0317462786367792 -0.0910848686830471 0.0433975736605956
0.179996020195748 0.0205661975983735 -0.274953011047332 0.0252776831821387
0.183546396071647 -0.0407554846639522 -0.233594951748692 -0.030670955955425
0.135310911663872 -0.113753580978391 -0.227656370589964 -0.0401213276523581
0.0373483859168633 -0.148363094902775 -0.188009264660944 -0.0303137744603845
-0.0371072612365642 -0.132784644995072 -0.193450649615046 -0.0090443267917509
-0.0873616390582551 -0.0946498737419532 -0.175217128030435 0.0300850401642323
-0.100980484532115 -0.0647603894391103 -0.156083952984352 0.0201847931484457
-0.0998011316381817 -0.0679953661848714 -0.131904794653414 -0.0321979594799904
-0.0942074386735706 -0.0769060372178022 -0.120503521313211 -0.0924031764068892
-0.0850186248972963 -0.0961412722352064 -0.0646762797741815 -0.163677083641425
-0.0525377032998077 -0.131627843894534 0.0190536191181439 -0.201638123059589
0.0243277339368821 -0.150095455203151 0.140434618904599 -0.132301757816423
0.120979922549704 -0.125333573538202 0.1526841278933 0.0156638828907481
0.187762457917219 -0.0575323780155469 0.036023159396739 0.0886108884463342
0.183019676426859 0.0174094314320889 -0.158916193362246 0.0238626904328028
0.0775233069979203 0.0378669552884048 -0.309489973381174 0.0394442200226427
0.0997132992355843 -0.000532423121151338 -0.242736208536028 -0.006714093892785
0.071561615256928 -0.0504158315907347 -0.208663323487899 -0.0327755380946221
0.0207866322660486 -0.0647559034838017 -0.178338358861732 -0.0488491648213202
-0.00598296883380396 -0.0573013800059027 -0.203155941471152 -0.028815109099643
-0.0333165457673399 -0.047852975669507 -0.197859939658008 0.00809438492634591
-0.0431347740714314 -0.039212022726271 -0.186325755527841 0.000375204778314006
-0.0376755759107396 -0.0473948166030302 -0.161285024129831 -0.0543229871331962
-0.0353586755874282 -0.0519138454272391 -0.137261199712014 -0.1191383355096
-0.0258016532404892 -0.0618591178366921 -0.0619123079614897 -0.189680408912016
-0.00488328952294968 -0.0800723605901282 0.0359466653432197 -0.212140881177283
0.0384166144282541 -0.0853625357845737 0.14717716440002 -0.130780045208086
0.101098802836793 -0.0554531786174176 0.133474974671215 0.0100746900436817
0.127058003639676 0.00486966203432667 0.00922816804115047 0.0631264869211482
0.0908447749874025 0.0493026277417839 -0.192991769438411 -0.00714118418726277
0.0176826113478479 -0.0537895310398766 0.225306935541601 0.046807520556698
-0.0391533259815732 -0.0301526788261449 0.0541435116489463 -0.0818338335314192
-0.0438247961600671 0.00691569664750782 -0.120137956201264 -0.0484961078007954
-0.0130721594244453 0.0144024496322889 -0.197480117224662 0.0864685757653493
-0.0129701513399326 0.00113033853459583 -0.10533692227356 0.20341166331821
-0.0142795757888978 0.00535302526950328 0.0199252845815924 0.219704355554937
-0.0185945805146702 0.0122074459244982 0.108763850684243 0.177599666266674
-0.0305512506270295 0.0136651584169253 0.163184017463758 0.103448555409201
-0.0361699110866529 0.00943093449353119 0.182811287137829 0.0499070630589925
-0.0414575556962865 -0.00406982774459312 0.193949894927219 0.0233789516884423
-0.0312885698122261 -0.0239123753656699 0.19742212066112 0.0512827175216369
-0.0108148534135081 -0.0327055810119503 0.180506662681761 0.0881425305375124
-0.0130344080483203 -0.0373563546435835 0.189856284398628 0.0765077274638709
-0.000163028414177425 -0.0557888561093709 0.228278149884058 0.0688465445304599
0.0508374225278997 -0.0583438010377265 0.300709039538338 0.0157738914295663
0.112560868695228 -0.0323569001849053 0.186663265926644 0.0598512982587936
0.0449736348577062 -0.0333042521114331 0.0377553227515241 -0.0700704314898189
0.0212465978183979 -0.0176679671953807 -0.134518204651098 -0.0508652142110539
0.0228507963035897 -0.0317647800077029 -0.206166281519685 0.0780406275077241
-0.00825302556538902 -0.0564661741099818 -0.124005884613447 0.190873264891068
-0.039917354605278 -0.0480687203124005 -0.00352431353566648 0.217850471138879
-0.0622946239273695 -0.0310253093805821 0.0868354894215642 0.178624183679162
-0.0878630074465037 -0.0249524126609037 0.140396488953265 0.101519501194861
-0.0962346869228502 -0.0299004020163847 0.156775591067897 0.041624558433453
-0.103872148827501 -0.0536725485914154 0.168860346343339 0.000654224125340982
-0.0809280037952063 -0.0983296386378382 0.184137742364377 0.0098387425990193
-0.0160951742837569 -0.127006167489163 0.189261313289536 0.0569889165262502
0.0404343107783072 -0.124962128825675 0.196583671286705 0.0680289964411505
0.0966460306715268 -0.108779820178433 0.205636547467195 0.0671505547693853
0.158401774910586 -0.0675592424129359 0.25760876125306 0.020058965859723
0.196832945139342 -0.00306597871274366 0.115480349232154 0.0526215820076061
0.134750209957964 -0.0296095413666595 0.00291677828659664 -0.0776361312523266
0.0985011054354186 -0.0467833445434183 -0.16315296682634 -0.0629007077007617
0.0631408997865477 -0.0869771532968504 -0.219542615854559 0.0659963752396056
-0.00409392856755495 -0.117356296477746 -0.139667729302723 0.170939493911437
-0.0639143974934873 -0.0989626894005345 -0.0287881511523722 0.199620747356654
-0.10047926924391 -0.0713371434566664 0.0516660596457833 0.161949312497055
-0.132632155361251 -0.0602622416755446 0.0982041458968297 0.0855484232695282
-0.142059887961239 -0.0628688243395964 0.10911782538695 0.0233720193906039
-0.153777521890071 -0.090622985789001 0.122658205533084 -0.0302024248807763
-0.127729876464843 -0.151760190308998 0.152852448979045 -0.0416207228587938
-0.0346274724458167 -0.199478636765913 0.189979915187055 0.0108629443092738
0.0706249645595852 -0.202597675249805 0.20208952000683 0.0563010401728181
0.170326110324206 -0.155968301150077 0.177194658522894 0.0759638943431379
0.24165857298539 -0.0718001931560534 0.184130316287204 0.0285890289046908
0.255484057021829 0.0214823760061668 0.0176708969353899 0.0339352188222895
0.212730792203448 -0.0298594979424022 -0.0526397855513253 -0.0905033809358282
0.169924442829996 -0.0834322498841289 -0.195879997674994 -0.0756252556062922
0.0925553002861195 -0.147623056886819 -0.22639111792814 0.0468013229443218
-0.00725625283344048 -0.171950806132658 -0.152065840366309 0.134378452918393
-0.0869776805476317 -0.138153453406283 -0.0573226210852716 0.161202495571288
-0.127309829027959 -0.0998957618726912 0.0053053502413264 0.128879957295024
-0.157348207582336 -0.0862249459700467 0.0416482939661607 0.05806348040476
-0.165280844443762 -0.0880215262937629 0.0476416601173117 -0.00203048527768174
-0.177963641998776 -0.115266551719212 0.0652130695911786 -0.06303345609739
-0.151392209700827 -0.182105203421587 0.108485901239461 -0.0918357567157611
-0.0443336745564916 -0.239356850010902 0.18140815420085 -0.0355960483615659
0.0911623643044429 -0.244806523142432 0.201148103655933 0.0472977861067012
0.218492315454812 -0.176870327001288 0.142870901069083 0.0919852793569682
0.287863885043829 -0.0606935625952041 0.0903139216372736 0.0384928495352502
0.274647449799508 0.0362813698740195 -0.0961756961134959 0.0142613909915741
0.255607251960884 -0.0315051338893041 -0.122286661185875 -0.0918943886880084
0.209699756030455 -0.113204671131303 -0.219974753904552 -0.0792090419530835
0.102341442877527 -0.188479564468597 -0.219830091994753 0.0177527395039521
-0.0148886299350376 -0.200884753707304 -0.163438660075651 0.080318834636168
-0.100263989918255 -0.154623533694054 -0.0947441421204238 0.10822265494873
-0.137365261164196 -0.110622462303545 -0.0505195058887571 0.0856969546344753
-0.157193980506286 -0.100068233109704 -0.021369695390322 0.0223210948933357
-0.158910580780487 -0.103081105798909 -0.016856954501212 -0.0339049763746665
-0.166917070743106 -0.129421654865158 0.0104814461857687 -0.0972818604018607
-0.135926921068491 -0.190946703624688 0.0680971326879173 -0.135013432906845
-0.026767214923739 -0.240522283954147 0.167886693439486 -0.0719074744855171
0.115727930398687 -0.236780216321025 0.188946717433415 0.0444643685639391
0.241376683471893 -0.154366044207558 0.101704589254746 0.107153109745725
0.290434038574294 -0.0300882708803189 -0.00988684216651712 0.0402381924923078
0.246983813718256 0.0420257024030479 -0.20361843159248 0.00152908520207678
0.245184512240794 -0.0273610185140851 -0.187326813976973 -0.0784904992453982
0.200611772324135 -0.117733269936476 -0.227468285615056 -0.0719429078634062
0.0888241342003533 -0.186580943027881 -0.200224189301205 -0.0160502607837451
-0.0195009745052897 -0.188998241804468 -0.174499382585212 0.0199560679604776
-0.0959166853729714 -0.141941687083244 -0.135175100535004 0.0521415063600837
-0.125613954691739 -0.102400163555122 -0.107353847632072 0.0407637621050736
-0.133549038658864 -0.0989260321104825 -0.0803099199452337 -0.0165359300606257
-0.129215401272352 -0.103411964163736 -0.0711564572688398 -0.07019967814895
-0.125792864310409 -0.127737327458074 -0.0269182434051324 -0.132983036447105
-0.0885470529130076 -0.175120879497178 0.0444182733042358 -0.169908566660561
0.012623853473507 -0.205313590927707 0.15828676228154 -0.0957929503966681
0.137630740807286 -0.182128190917636 0.168626238939494 0.0431964194285726
0.233614248209776 -0.0958213762898939 0.0567341327661262 0.107600606224463
0.250814937889009 0.0116482959206227 -0.0995512706579025 0.0261682085228818
0.173448868857909 0.043064657619036 -0.282890860386818 -0.00154316603586301
0.186199891387988 -0.0131244312863608 -0.230566501720859 -0.0560258953910433
0.150094920251419 -0.0903953735108479 -0.217957101950417 -0.0620384909044115
0.0600568113045092 -0.138547700509088 -0.178373188071059 -0.04826813491189
-0.0147007021200173 -0.134612632886417 -0.185272864835339 -0.0293612918005039
-0.0694837439168948 -0.10272199373748 -0.172000542245551 0.0055952461653974
-0.0905005851645993 -0.0778520886399077 -0.15563504280181 0.00228173471096142
-0.0881828603167042 -0.0815838534021038 -0.125807447966201 -0.0514552279495572
-0.0809568487824586 -0.0880187854975102 -0.105238536567737 -0.107011921473574
-0.0699175708685325 -0.106045242113698 -0.0405916570649817 -0.168058506269078
-0.0325763186699487 -0.135361063638908 0.0479912782423041 -0.192131131239566
0.0461060093409826 -0.144523122824633 0.158503703714938 -0.105412397338913
0.138681391995808 -0.104990957046558 0.146277607175342 0.0395978509428874
0.192864004120252 -0.0254864566097113 0.0192681277270163 0.0888563903662439
0.176097788019957 0.0490691366151291 -0.163930028191348 -0.00287677650246652
0.0717667785212476 0.0469514027014323 -0.317249565628094 -0.000317779424791982
0.0981081477494316 0.0139056914051593 -0.243136178461719 -0.0381619274434044
0.0781504859513701 -0.0381070598072818 -0.201265936566328 -0.056977437057104
0.0305936464101065 -0.0603794259461026 -0.167657797703836 -0.0692786564489392
0.0031122340667194 -0.0574688177657184 -0.193841484688638 -0.0534363643425853
-0.0247881870165827 -0.049357279027703 -0.194694327802051 -0.018994512078272
-0.0376046691545264 -0.0439310872437799 -0.18380911206251 -0.0217429112968869
-0.0308095062143891 -0.0527148251644103 -0.150715025805971 -0.0761999588322351
-0.0275817538547175 -0.0546403242529568 -0.117878536074009 -0.136878628477427
-0.0174097676398573 -0.0645975051549973 -0.0330163175061988 -0.19382047305382
0.00527804689527704 -0.0793503018711762 0.0663301103603859 -0.201199829624106
0.0496770039363032 -0.0793295159581622 0.164574506982058 -0.104317230507617
0.108623880811504 -0.0396561769929362 0.130125296869499 0.0303134203152811
0.123000759128197 0.0259996671041791 -0.00131710153428478 0.0604071726742187
0.0788832196644549 0.0665621480531864 -0.191273807214841 -0.0400254322621968
0.0175007811672709 -0.055894823985393 0.231258825067106 0.0444104247209764
-0.0397404957071797 -0.0318028895585009 0.0548200441778208 -0.0849327828343674
-0.0447657198208719 0.00628491460278457 -0.123599469553026 -0.050102327217191
-0.0138982366383545 0.0148523439977954 -0.202137034675377 0.0891017207429638
-0.0137414016081057 0.00147160370397908 -0.107362964110313 0.207289134428188
-0.0146676794088457 0.00437865725189901 0.0220567354305614 0.220983645560479
-0.0191349883480885 0.0124370413353846 0.114315806626198 0.178725171441663
-0.0314210922210503 0.0139768540741076 0.16947804034449 0.103097043012769
-0.0367247508450409 0.0105738542182498 0.188929233689278 0.048986723315241
-0.0428008127801296 -0.00323973773996 0.198843964947713 0.0234533752452205
-0.0327952960178824 -0.0246320258625422 0.202728794590026 0.0515717676553451
-0.0112933715925387 -0.0331744109950291 0.187277054551284 0.0897049117216549
-0.0139107666954898 -0.0380575166042176 0.194787105819946 0.0783589224713764
0.000120986088804811 -0.0570645676925382 0.233555069833378 0.070291382739669
0.0525872821567867 -0.0606802702988716 0.308892060058028 0.0160782798848122
0.114586343532705 -0.033485273521085 0.192533174086473 0.0574764026334745
0.0454916648721178 -0.034243007683098 0.0394940558065167 -0.074028770795644
0.0217265859012271 -0.0178980110745845 -0.138078379131989 -0.0528060838363591
0.0231713524048464 -0.0323416434577062 -0.210951796081981 0.0803153447781601
-0.0102770498441359 -0.0575862189967814 -0.126235582120508 0.194982944643718
-0.041771212390741 -0.0480913753819743 -0.00134050959538329 0.220529442295048
-0.0642853783194936 -0.0308794704743174 0.0909870684039721 0.180100912790113
-0.0906853572092463 -0.0244605613144773 0.146139882284252 0.102355793414722
-0.0993994383502207 -0.0287164003108101 0.16264603967405 0.0412856883709664
-0.107472303374412 -0.0532402425265451 0.17336367404718 8.72765507047362E-05
-0.084343602427675 -0.100138655475252 0.188899902682109 0.00953687763252433
-0.0173330295995082 -0.129339509083764 0.195222592863203 0.0581436257316362
0.0407582362992705 -0.127444586931052 0.201821907908255 0.0692702746758997
0.0988719282903743 -0.110970058439618 0.211266217676238 0.0691312519651402
0.163380044537476 -0.0707006849712109 0.264978893400026 0.0197059534381946
0.200151503867096 -0.00427562081606999 0.120057298547331 0.0505208976274565
0.137363179407447 -0.0313554044948207 0.00473804698159777 -0.082599196128113
0.100615240224656 -0.0480351450617599 -0.167740438561237 -0.0654815650673622
0.0637162561013559 -0.0895255055160091 -0.224394735760832 0.0682622086120716
-0.0063077992514933 -0.119031848037315 -0.141973853384737 0.173606538960171
-0.0662262538163842 -0.0995306387586 -0.0263422058703172 0.201824717003692
-0.10325979929535 -0.0714300807030978 0.0546546646048669 0.16314955019385
-0.137024779100507 -0.0591926680667257 0.102077158129924 0.0867639244877806
-0.147060576985234 -0.0619559424858731 0.113408236759089 0.0230599610353908
-0.159302572730952 -0.0902121501197 0.127228416400191 -0.0307965232997005
-0.132889324314935 -0.153470694178431 0.155887035875668 -0.0421490733682662
-0.0374729904806074 -0.203630423080711 0.195715283367209 0.0113716059624848
0.0711044227051147 -0.206907651608205 0.208386433151955 0.0564653738946668
0.173747929724966 -0.16054967328558 0.183061886547974 0.0775009688770037
0.247849502248922 -0.0755074563829604 0.189751861620152 0.0284750693150505
0.259881349416742 0.0200157587416463 0.0193319731826384 0.03191721207635
0.216751599520451 -0.0318663636153446 -0.0510873538283797 -0.095449397416829
0.17355912264819 -0.0855018354889912 -0.200038450954196 -0.0789275469294366
0.0932172704638771 -0.151391478893371 -0.232010819338598 0.0478556119918601
-0.00989022088259586 -0.175265005675479 -0.154384539001224 0.136635563932173
-0.0895431060986757 -0.138685837698297 -0.0566286343410415 0.164050401675898
-0.131323531341496 -0.0995527081953229 0.00723401417057955 0.130610747923203
-0.163272251076354 -0.0853444667100985 0.0439445317414518 0.0588217596846199
-0.170305049786855 -0.0871393424156616 0.0495976033476812 -0.00243629757192941
-0.184677402179546 -0.115056863702943 0.0676549658067455 -0.063536723675639
-0.157012869084298 -0.183510004590368 0.109623995880424 -0.0923695299422283
-0.0477351474428358 -0.243868198653944 0.186022303242005 -0.0358665029529648
0.0919650552979884 -0.250211666278237 0.207517082201243 0.047219984899319
0.222503202230685 -0.181525100548756 0.148517753493414 0.0933757765631236
0.295535901057649 -0.0640314168816535 0.0940370682535064 0.0374981058475511
0.280032999505793 0.0353747903123367 -0.0972730959318598 0.0127404837099531
0.260353263073941 -0.0337110749663069 -0.121965359612655 -0.0962506137939954
0.214441583552772 -0.116056298661541 -0.225271699237419 -0.0815950650608794
0.102601091416976 -0.192840856754266 -0.224762717296924 0.0182916466347508
-0.0179776013109532 -0.204313971161273 -0.166654145305202 0.0816427543081881
-0.103086292463328 -0.155183026422154 -0.0956322091087232 0.111476770838416
-0.14099836120443 -0.110390920222087 -0.0499477365292951 0.0870145660800648
-0.162712536153009 -0.10002579183692 -0.0218170702596818 0.0236422942098836
-0.16499414315521 -0.102747184265619 -0.016979949628386 -0.0337016620789236
-0.173716531442075 -0.128754693107953 0.0111622762105672 -0.0980564346622917
-0.141941373568939 -0.192250849265551 0.0673855381345797 -0.136392249650923
-0.0301519079767628 -0.245183542970713 0.171867828778173 -0.0741784603006598
0.117019486138589 -0.242260520251761 0.195743090224657 0.0440685501668114
0.245136198788543 -0.159030365617851 0.105511165666151 0.108022215308763
0.297727951582924 -0.0330075663333812 -0.00854566918656846 0.0401331565659089
0.251334626457487 0.0405062050790134 -0.207718212009407 0.00159714292343434
0.250088602676665 -0.0301819004702235 -0.18965667469124 -0.0813176905488045
0.204314558129661 -0.120881368906731 -0.232931209218305 -0.0733925942238999
0.0886838534399165 -0.190610209392622 -0.205594606458877 -0.0162201427144455
-0.0230150649306936 -0.192551127148818 -0.177731236838727 0.0209772475244486
-0.0989212342301681 -0.141916030054635 -0.137306185435034 0.0542061230087383
-0.129765676589558 -0.101942570001415 -0.108835074884832 0.0434753769486456
-0.138137868330592 -0.0986949347700215 -0.0827102159834314 -0.0147039441847316
-0.132950923883446 -0.103945918657094 -0.0733105958428645 -0.0702583962876624
-0.130315201727979 -0.127723561600144 -0.0281694653938899 -0.134829901612523
-0.0926627806452878 -0.176458570659142 0.0434398776783105 -0.171250040154324
0.0107080128355583 -0.209342524451769 0.162163593413041 -0.0978704302467144
0.139579645073734 -0.185636314039011 0.175104577678184 0.0435218078251269
0.23709992491209 -0.0991088776259182 0.0605022962934405 0.108840104570196
0.257583823700625 0.00991289378972061 -0.101363037091543 0.0280679123704387
0.1769218345906 0.0430753018437291 -0.289496290164769 -0.00100281665401935
0.189765630895503 -0.014650240618315 -0.233989243300247 -0.0586521494347233
0.152914015841553 -0.09283266508074 -0.223506806258136 -0.0635795466374459
0.060244048716806 -0.141852081983898 -0.183485558587852 -0.0500934769267013
-0.0171608643730148 -0.137757445687421 -0.188650011406076 -0.0296340836364539
-0.0712765632986045 -0.102881109083277 -0.175441669910427 0.00699344242053526
-0.0928096867218114 -0.0772811926528514 -0.159194591972825 0.0054393794995322
-0.0918785682232839 -0.0828252303421219 -0.130726052496789 -0.049357552893473
-0.0840547551667939 -0.0889652509150773 -0.109470126504672 -0.10638369529901
-0.0729009607762121 -0.106656504170146 -0.042284470821263 -0.17018689865653
-0.0352312100608987 -0.136448238126787 0.0470943852669346 -0.194363333240644
0.045181373354326 -0.147233897379406 0.161979680546724 -0.107303613136893
0.141690344718407 -0.107729952195555 0.152245220773047 0.0406789933211107
0.196421222817312 -0.0268513190504092 0.0207840434539078 0.0897777871329266
0.18075637789396 0.0498031500543327 -0.166077750496293 -0.00174106294046099
0.0735132752092033 0.0464413753942592 -0.326037092777413 0.00139541480780483
0.100486176825089 0.0134308996333174 -0.247819730677148 -0.0394251255496039
0.0788656164061987 -0.0382887980091658 -0.206111424917915 -0.057946841615756
0.0306665442938572 -0.0612587036631269 -0.171517614535566 -0.0708118951841122
0.00200027444089591 -0.0583344135947451 -0.198418125618612 -0.0536162350669055
-0.0246941725462622 -0.0485525308432367 -0.199901243249575 -0.0174716762400728
-0.0384793884960321 -0.0430043018943401 -0.189211849793008 -0.0185921249348175
-0.0318018329933271 -0.0543742407519216 -0.155894848202415 -0.0754381281494958
-0.028245657151402 -0.0567394599868714 -0.121867517451161 -0.136576028341753
-0.0183291445140262 -0.0655493267116162 -0.0355937205149999 -0.197067337798783
0.00511539503574216 -0.0802763759374218 0.0653789903685797 -0.204260326527538
0.0492387447096738 -0.0807874213379522 0.168751722636642 -0.1064373342175
0.111371214299182 -0.0402750148009958 0.134831485067897 0.0321612107149337
0.125048094992076 0.0257101183572662 -0.000794143281420219 0.0615391284431625
0.0811564424777981 0.0679440532754212 -0.19576572251886 -0.0380119431701265
0.0152758566211119 -0.0582748001954222 0.23929617350375 0.0323630319521772
-0.0425201234546669 -0.0308816142671852 0.0535578358737778 -0.0914763037044982
-0.0460789409983565 0.00794286503187577 -0.128882009989574 -0.0479933260793335
-0.0134901360098149 0.0157841480522918 -0.203991071920755 0.0997142992985605
-0.0153511434362083 0.00227595119852608 -0.102257048467401 0.216522018726072
-0.0153658969101063 0.00513004064896173 0.0323280777174939 0.223093759276832
-0.0186956739750928 0.0133949107505791 0.126440591487517 0.176300538643864
-0.0316991751839641 0.0157615509947532 0.181271586862176 0.0967823701501744
-0.0372461599284816 0.0126452354881479 0.197629205885957 0.0401228620271478
-0.0439290740670462 -0.000537953226740383 0.20611014268898 0.0155452521517296
-0.0349047138167523 -0.0239844571896096 0.211063274609659 0.0446460477943329
-0.0134385626846858 -0.034426857270832 0.197031399922827 0.0847392108076323
-0.0154836880094187 -0.0384243531125972 0.202710423061399 0.0729814034473857
-0.0017565125067492 -0.0581767955721556 0.242242509219846 0.0645449647107946
0.051180264803792 -0.0649152412427839 0.318901416277034 0.00450129185400646
0.114520737430128 -0.0397387618743356 0.200629123239087 0.0467564744392436
0.04500154766873 -0.0373810287869589 0.0384166839647855 -0.0799464259209892
0.0211338421405278 -0.0196493186345869 -0.143849715208324 -0.050172470590876
0.0224287092011632 -0.0337822487875748 -0.213985696385025 0.0907118481957964
-0.0143024684386474 -0.0577067076412434 -0.122271823761219 0.204118191955758
-0.0453921411967559 -0.0473617794124412 0.00817792635892045 0.222930165315983
-0.067136225727689 -0.0284821576534462 0.102829517200968 0.17876604204996
-0.0947619520971426 -0.0202806536546899 0.15686324162297 0.0968050228063755
-0.103650363932703 -0.0245541636871168 0.170193087793619 0.033988764068361
-0.113349725397374 -0.0484122407925076 0.179212415501931 -0.00722594672941519
-0.0912073700265197 -0.0988806078695957 0.194442960712914 0.00323588565472058
-0.0243746376396087 -0.132281976006338 0.204465849510195 0.0517034508405657
0.0359790222526868 -0.133046705516725 0.21050064988128 0.0622703723379028
0.0968185483901705 -0.117638697086524 0.220259122741817 0.0629081298204589
0.165898064313041 -0.0805378408751682 0.274209487857068 0.00870997273077566
0.203555710933691 -0.0134410391671002 0.126148509483399 0.0432612678847193
0.138375312160042 -0.0376900452682988 0.0026898580366373 -0.0875608553689076
0.100957881527089 -0.0531531820954452 -0.17468334363955 -0.0623707242890686
0.0602093758656341 -0.0943331966798216 -0.227548272535216 0.0784250848511848
-0.0129446878226491 -0.120372311231492 -0.138985632224988 0.182866790322695
-0.0726732208619909 -0.0979572746968068 -0.0180559607585284 0.205607639626303
-0.109017980083551 -0.0675355654894636 0.0646249888238764 0.163581689173926
-0.143960120563435 -0.0537700539710014 0.110901672357507 0.0831677294756005
-0.154346378571288 -0.055573790760857 0.119319621793089 0.0183620708913917
-0.16876183135447 -0.0830469456294962 0.130322618558772 -0.0367553957753749
-0.143822121507618 -0.150396624140527 0.157853601665057 -0.0485222339102005
-0.0484995875344135 -0.206742519151144 0.202284463873742 0.00407710965210095
0.0638211428738185 -0.214870493364164 0.217821026949868 0.0483471854114815
0.170631213443487 -0.171685524696305 0.191737680841641 0.0714094368192819
0.25301546333541 -0.089414256308285 0.19679192957666 0.0200057191232049
0.266207318997916 0.00850812553524032 0.0217258736663835 0.0293938778242678
0.220666086831975 -0.0419887981016851 -0.0543766504763098 -0.099144842849233
0.174528278630504 -0.0953237033562034 -0.209181913499021 -0.0742509749164188
0.0881350698110469 -0.159400335115052 -0.235853276128299 0.0583666428516002
-0.0189629533085866 -0.177376095394583 -0.153102382122704 0.145105799420654
-0.0979252929691387 -0.136383048046174 -0.0506382760565391 0.168597111124309
-0.139443134096504 -0.094426734309767 0.0137911779901471 0.132337508216768
-0.17171031366613 -0.0793887127663626 0.0489230010711786 0.0589113281588128
-0.179885053200903 -0.0798319534323853 0.0517507635608592 -0.00395558439456247
-0.195991085200556 -0.107012687092613 0.0678998699984623 -0.0679064811154063
-0.170473991789732 -0.179355993510478 0.108441057446845 -0.0972252062601833
-0.0610843471508768 -0.247379608684585 0.191382044887644 -0.0443321281526993
0.0836424942279591 -0.260349591660778 0.21619801906737 0.0382993555807649
0.220094218424637 -0.195661888008326 0.156492121824751 0.0879790179833243
0.302272698409385 -0.0802621564610045 0.0984833310498787 0.0330311806236496
0.287651048273974 0.0239087570518645 -0.0981658687305407 0.015530144983914
0.264940198537567 -0.0466531485302256 -0.126656084341279 -0.0973982322435678
0.214753226857489 -0.127931082263983 -0.234557253385819 -0.0755823701066168
0.0954962058879501 -0.202315612120407 -0.230248413258943 0.026449121342333
-0.0289982596252158 -0.207212988415553 -0.167232949253086 0.0899515818147782
-0.112288197117533 -0.152357724501702 -0.0920062271307104 0.116680242735622
-0.149749486453805 -0.104977126201858 -0.04667819279058 0.0911816897432966
-0.17227576742629 -0.0935652391518851 -0.0206301574626462 0.02606732552087
-0.174344475599074 -0.0958946416349437 -0.0187178431883269 -0.0329770673575838
-0.184915587109631 -0.121346123990834 0.00832013218895392 -0.100463526073742
-0.155421498031999 -0.188156713384422 0.0623644453015467 -0.139781266031221
-0.0425039948330295 -0.24926149215423 0.174143722507971 -0.0818100593643579
0.109358756848495 -0.252699494236968 0.20537594986302 0.0356966198163494
0.243738360203982 -0.174239258619855 0.114210980712795 0.104923998432191
0.305489248591841 -0.0481268078924598 -0.00721898424984075 0.0404638725954944
0.25824182248811 0.0300967871491359 -0.212189224843049 0.0100235223377791
0.254100099078888 -0.0421858383233398 -0.1960153961031 -0.0789429322185958
0.205204500217491 -0.132623413725349 -0.242413959205451 -0.0662884226869486
0.0809826093400682 -0.199410620778096 -0.211160094681312 -0.00955640628068388
-0.033308661960107 -0.195305257372439 -0.181066891574658 0.0275982704372821
-0.106629160047586 -0.139109996923116 -0.138467102940112 0.0612638862672391
-0.13725369757878 -0.0966965385746764 -0.109107210524963 0.0493793663513627
-0.147218909796638 -0.0938064926039381 -0.0864276653557284 -0.00919862491098489
-0.141751764637098 -0.0994324568828171 -0.0779801225146953 -0.066823504805726
-0.140998620362331 -0.122631315431825 -0.0341273893875278 -0.135876412578489
-0.10435206087065 -0.175196382334878 0.0368696821772517 -0.175220086331142
-4.21435620221724E-05 -0.21461490844459 0.163071614817206 -0.106085802886258
0.135165416305341 -0.196220531121755 0.184548301137174 0.036208519804478
0.23825065351063 -0.111571286774324 0.0668454693572949 0.107249914905444
0.265606026215489 -0.00120205775775125 -0.102462407994522 0.0324845351209233
0.182579056859694 0.0355797856111747 -0.296802545033012 0.0117852233390619
0.193559744629277 -0.024231603948024 -0.242157912477726 -0.0521027407113377
0.153262952059898 -0.100556388087586 -0.231619157958979 -0.0561162315625226
0.0542938219756406 -0.147950151467962 -0.190769610278318 -0.044169474336806
-0.0248247294406156 -0.140125164064432 -0.194899922557019 -0.0226959020349449
-0.0771247146044153 -0.100529130348716 -0.179578065181077 0.0153900413072429
-0.0989057810629276 -0.0734711285240038 -0.162087974642667 0.0130447217571748
-0.0990710669264033 -0.0802827063060766 -0.137091321245787 -0.0427412379906595
-0.0903424795506154 -0.0871322475737255 -0.117322834054149 -0.101720693508381
-0.0799838180888952 -0.105060847654438 -0.0509991346598622 -0.170958441462956
-0.0425057197295845 -0.13703360640875 0.0389133619964201 -0.199637174050342
0.0388862545037843 -0.152323432721664 0.162366313154245 -0.116601997820939
0.140918139293589 -0.115901070071461 0.16021470108666 0.0348210487130495
0.199293285104174 -0.0356609820971472 0.0255614265978021 0.0901726614138824
0.187447487702035 0.0428735650899801 -0.170528233589505 0.00569346286435908
0.0772403579110585 0.0439672261280909 -0.335304840553774 0.0157832278879779
0.103000634617838 0.0086437319334829 -0.25590796175484 -0.0303569403156631
0.0802112235754488 -0.0411799544792814 -0.213812952065016 -0.0526897012605558
0.0280648618179718 -0.0641127412433277 -0.179624164691335 -0.0666810323343119
-0.000590372351849866 -0.0604992989655287 -0.205344332567024 -0.0472553773273036
-0.0266631091856617 -0.0474623171626231 -0.206253577827399 -0.00872584735252849
-0.0411432039998976 -0.0414012014520682 -0.195231164340098 -0.00879769245267997
-0.0363035445504557 -0.0545505253266923 -0.165052597005759 -0.0675693512110674
-0.0314017745733438 -0.0565688488498779 -0.13208275585977 -0.132198257657291
-0.0220124553436575 -0.0658851718010937 -0.0454040466846913 -0.199545041515977
0.00046147101400802 -0.0814907894034895 0.0578765351223111 -0.210673035799667
0.0471215270349114 -0.0847274075347242 0.168788511092252 -0.115199342288671
0.11254399103004 -0.0459452020058813 0.141809966937776 0.0281274311374486
0.128951641607385 0.0210935555019184 0.00191031829057306 0.0625551637964483
0.0866469270383666 0.0664180382887206 -0.202417587070966 -0.0289133391938216
0.0101552466493697 -0.0586252702851496 0.239973254001073 0.0134133110690522
-0.0446768098414956 -0.0281496085566972 0.0462801614009594 -0.0968289478854588
-0.0453617275109784 0.0109080292327547 -0.132268674879998 -0.0414701291126887
-0.012192499867571 0.0170352208206306 -0.196656136279743 0.112771066410424
-0.015463622999157 0.00360618059713435 -0.0881092921274274 0.221873895337733
-0.0156806491303751 0.00616046530041762 0.046320291986521 0.21656168678074
-0.0177830798432758 0.0137868419560876 0.138094857451974 0.163868121416248
-0.0305139430896438 0.0179206540442663 0.189049448498605 0.0812302935737966
-0.0362411317905184 0.0165014076707702 0.201152064280015 0.0246914998613776
-0.0431213863429093 0.00301180630349194 0.208192391554903 0.00103154400656366
-0.0372447338648979 -0.021561988717213 0.214456828091152 0.0305497495532394
-0.0160864523248915 -0.0332907667174662 0.202682205514133 0.0714031635208469
-0.018064975239223 -0.0374219732364729 0.205508384957499 0.0599636638291547
-0.0046932876584347 -0.0571523718581007 0.245684048800452 0.04997709041702
0.0469371268237231 -0.0687750716453926 0.319271019558075 -0.0166756023797862
0.110584146325673 -0.0472326230752006 0.202553322152622 0.0300351725067393
0.0412182116219051 -0.0403365097133865 0.0336032052910344 -0.0848771621053478
0.0196064576375711 -0.0205453648160987 -0.148104811951909 -0.0419269200601338
0.0193313347018807 -0.0348625477190207 -0.206667128767227 0.104341853897395
-0.0188225644955586 -0.0551432236487746 -0.108263066881869 0.210197233664517
-0.0488722792838472 -0.0434913338156709 0.0231394213939151 0.218822861685888
-0.0689551351023463 -0.0233821788907525 0.114470619525164 0.168206648816506
-0.0961989175710123 -0.0128973817521762 0.164155624648462 0.0833168631866393
-0.105023540744455 -0.0158564076151263 0.173356724860442 0.0201443085379813
-0.116521291171257 -0.0384062487935812 0.179602079252483 -0.0197164320439801
-0.0989723087639308 -0.0911103117542939 0.194260684175601 -0.00911574624533458
-0.0335464345012137 -0.129987588497185 0.207404749402162 0.0383946691186825
0.0269055948697741 -0.134618300930325 0.213851972235701 0.0478598522415382
0.0889452140405908 -0.123974923382275 0.223259516452979 0.048067936745035
0.160256787716737 -0.0924245340866726 0.27418485568515 -0.0107453735488024
0.20044297243058 -0.0271514613907658 0.128963377968849 0.0318369004228086
0.134277302184152 -0.047135367005734 -0.0010774805786634 -0.0907348265371203
0.097423951818033 -0.0594541949100159 -0.179525420354656 -0.0516501968105633
0.0536486107588449 -0.0975166143735573 -0.221648698417237 0.0928915119384698
-0.0223751507693695 -0.117908115635419 -0.126228654661313 0.18984028717695
-0.0789126360860152 -0.0912078406267839 -0.00421281744095599 0.203392536707202
-0.113238936024344 -0.0592616098494049 0.0757166854135799 0.156125059798572
-0.147648176149575 -0.0425903364038593 0.117415800642928 0.074278753865987
-0.158352193538299 -0.0435044044749277 0.121134123681928 0.00886401520657444
-0.174632483964395 -0.0683229865137249 0.12876820806292 -0.0456469256739879
-0.155296545155963 -0.138542067136918 0.1539738678733 -0.0570658569781755
-0.0633803164288542 -0.201747367011057 0.203143836889602 -0.00898611054666124
0.0493144216799777 -0.217818309883683 0.220565029962649 0.0328409201689107
0.15875754622343 -0.182613038055313 0.195853229084943 0.0585525542262443
0.247025868371157 -0.107237929859783 0.198187794945566 0.00447836776787312
0.264690723386753 -0.00954054670757771 0.0248649317101016 0.0253732475083393
0.215485345329416 -0.0569394066656298 -0.0591322701554604 -0.098955169442259
0.167037654804629 -0.106121359524398 -0.213960807253682 -0.0608600329256585
0.0760031215857576 -0.16377105471166 -0.231907340204078 0.0725936029712203
-0.0327458512631071 -0.173642953996921 -0.143292760877794 0.153707306896413
-0.106447998225264 -0.127425851579749 -0.0385133834278625 0.169450854114048
-0.144656531171315 -0.0831179757774491 0.0237098533610118 0.128855688171117
-0.177251356991198 -0.0650680783903849 0.0542129339390923 0.0541207300523104
-0.185193348654694 -0.0655833151911705 0.0522673643253161 -0.00826169511587123
-0.202909371225957 -0.0899412962270787 0.0645623656805585 -0.0726051448710512
-0.18357164941537 -0.165148072540369 0.101825107956592 -0.102281945320146
-0.0794367220134628 -0.240718942035838 0.187534902592475 -0.0564093720211069
0.0648423957434701 -0.264499658414485 0.219352352588456 0.0218907775260192
0.205199029260173 -0.21013488353511 0.162343397368086 0.0771688925682315
0.295596273302917 -0.102415945272432 0.100015426301003 0.0251736099479252
0.287031420800686 0.00320065592335116 -0.0958053814923498 0.0206652237216288
0.259690196684759 -0.064224359309487 -0.130789191075772 -0.092531254090562
0.205369843265163 -0.142267601879698 -0.239036800594245 -0.0603772020680047
0.079837781133851 -0.207526403454155 -0.227535284031326 0.0404993533015305
-0.044882664838247 -0.202999285845015 -0.160767606265173 0.0999279575221695
-0.121284338577338 -0.142626221323792 -0.0836358049426667 0.120817035437443
-0.155565520601778 -0.0921717467987147 -0.0398251998500903 0.0931288027602697
-0.179683168986769 -0.0794720740241418 -0.0180037141221405 0.0277632025351163
-0.181040338616428 -0.082032594667385 -0.020357972614454 -0.0307669341894141
-0.192793478036188 -0.104836361941457 0.00265768073203539 -0.100161346181988
-0.16845524899448 -0.174287553274959 0.0533984505059562 -0.140393707370536
-0.0611335241567264 -0.243690028973843 0.168584128475029 -0.0928053151319485
0.0918051824491326 -0.258883398997153 0.208166696931617 0.020448600487763
0.230146082005381 -0.190011345601169 0.12012871277136 0.0961200661993435
0.301582076403203 -0.0696145455248327 -0.00480816255602109 0.0398010402128461
0.258236662830687 0.011844897987534 -0.209871504289155 0.0228542677711179
0.249695215251561 -0.0599248464902322 -0.19892110998253 -0.0684894175466348
0.195489950498477 -0.145597482031242 -0.245911521788928 -0.0504524837170512
0.0657587487169905 -0.203659144610471 -0.211209992446074 0.00255448372380951
-0.048033962598675 -0.190557929680653 -0.178810080213304 0.0381468174723614
-0.115327585529345 -0.129673627209893 -0.133251969470968 0.0698918131185638
-0.143331687128467 -0.0852723245652292 -0.105330021863864 0.0570105290954315
-0.153946755733935 -0.0824118610137558 -0.0863126642247451 -0.00227498127524946
-0.148598862549282 -0.0881904684157334 -0.0817370178547511 -0.0596768398080385
-0.149939210152728 -0.109635785257031 -0.0429731014291731 -0.13206224864154
-0.116765243232577 -0.164263962454426 0.0245581168072538 -0.173121876732494
-0.0159525695417011 -0.211984230341773 0.155735325227858 -0.116473426029183
0.121412468639148 -0.203639032346342 0.188788199642487 0.0218548013959649
0.22910910677437 -0.1273727031151 0.073848129052208 0.101574497655221
0.264240092843378 -0.0208649495311516 -0.0995798909526543 0.0391832895422436
0.183707730014681 0.0225701725335438 -0.295009328348655 0.0312751526732427
0.190427123549831 -0.0380303157611719 -0.243161153557306 -0.0379617790755147
0.146188273545787 -0.110173711550005 -0.234444872856173 -0.0409572506686969
0.0430637122208975 -0.15007201676749 -0.192640704963565 -0.0328666783045692
-0.0352310648475648 -0.136583534456774 -0.195194438136752 -0.0112179066498595
-0.0829257063895235 -0.0933502705113254 -0.178461031785593 0.0278582703077838
-0.103522060901236 -0.0647450585942016 -0.16101412177735 0.0258396249686732
-0.104953759619112 -0.0729878626557066 -0.139313867995324 -0.0309243090350911
-0.0962641825360137 -0.079955409138056 -0.122991990938148 -0.0916576247143701
-0.0879431355652682 -0.096892704031263 -0.0622922891814283 -0.16508612103245
-0.0528377612122049 -0.131775008082931 0.0249027226803324 -0.198863570326201
0.0274971645653771 -0.153451890303483 0.154197435828894 -0.126003680599235
0.133377131525155 -0.124767527607451 0.164860902825732 0.0235923858311775
0.194958285008224 -0.0494449286526862 0.0312084052530977 0.0873594929707078
0.189561565516365 0.0296428925475409 -0.168699725968374 0.0179069159421148
0.0792389268421951 0.0380714235634232 -0.333417414511193 0.0384977050883421
0.102154762195173 0.00110869665693177 -0.256660490885506 -0.0134462247799908
0.0774011348127605 -0.0466550223344891 -0.216495077147847 -0.0383527559246515
0.0231230584582853 -0.065033106402261 -0.184543821703437 -0.0558345182925852
-0.0055174349542187 -0.0595344483642091 -0.207866969832632 -0.0344793449162183
-0.0290609481061894 -0.0446378079683217 -0.205931400778293 0.00638720886891252
-0.0433332752195942 -0.0368138390349535 -0.194033782354924 0.00595659715683702
-0.0409425131089239 -0.0517014474015212 -0.170041374373095 -0.0528176038897914
-0.0346886796587557 -0.0546743006714943 -0.140540630473457 -0.119294940121664
-0.0265790222604286 -0.0634626204893604 -0.0600249456706059 -0.192720820904497
-0.00455262725509175 -0.080108585767426 0.043000443948083 -0.211276253680356
0.0399050027866052 -0.0864462691949695 0.160036261273407 -0.126612990152304
0.109575745926764 -0.0533012662690789 0.145521888469195 0.0183515908825011
0.129357302753023 0.0131381540065931 0.0067070704404314 0.0615383729590281
0.0902052290741579 0.0598324819521628 -0.202780741957998 -0.0127712530519753
0.00555547826994262 -0.0567164188867379 0.229230271492781 -0.0039649003974579
-0.0441932476370519 -0.0239653673322159 0.0382277946011232 -0.0979423876326007
-0.0432029555608112 0.0129356603141446 -0.12937608834054 -0.0330998729174612
-0.0102577110374487 0.0167394018615267 -0.181847590100712 0.118993940410093
-0.0147520965194155 0.00528204112852185 -0.0716847995793392 0.215878547985746
-0.0155734764929143 0.00720598385852053 0.0551362823009093 0.202188657872499
-0.016053825485704 0.0136197818713505 0.141872838000612 0.146179824574286
-0.0287747626099255 0.018758532183145 0.18706419627255 0.0636238210244248
-0.0332970293450331 0.018304293366428 0.194701320653051 0.0105643459434593
-0.0412058043296547 0.00597108965765577 0.199704043192624 -0.0120277628304596
-0.0376094641975864 -0.0187522490111568 0.207475139525953 0.0166493738672533
-0.0175083048550842 -0.0311869264056422 0.198860059390712 0.0574062241484947
-0.0193419183303515 -0.0344642126961092 0.199527701343262 0.0465352730402509
-0.00740525613096174 -0.0543332747168079 0.237817798331234 0.0354250308962855
0.0415683453675344 -0.0692424629703349 0.305276646555714 -0.0340936014683381
0.101938721787613 -0.0513273087277959 0.194597064478928 0.0144741522213671
0.0367913421154192 -0.0400349224722109 0.0274010076718486 -0.0863657559687567
0.0176849705934849 -0.0207746996726615 -0.144137650000719 -0.0327641411643819
0.0165504992541183 -0.0349641427635305 -0.192354478673253 0.110885199301662
-0.0212957102703694 -0.0508392401210681 -0.0921469786642176 0.207028987058629
-0.0497364959575638 -0.0376251744514726 0.0339195226901735 0.205260117122623
-0.0671128787003609 -0.0188560191895543 0.119803950156019 0.151902097044514
-0.0931706243331579 -0.00580987779896556 0.164400034866319 0.0675239108637022
-0.101872949572171 -0.00782855753185041 0.168729405296628 0.00778700250683642
-0.1138671891175 -0.0292884733722746 0.17183648536845 -0.0306620831180324
-0.100844746703574 -0.080689107026016 0.186162040608418 -0.0194045723490259
-0.0403251083181501 -0.121650212141813 0.202092326655208 0.0249786540054173
0.0183045320463437 -0.13064601068216 0.206364625123171 0.0338276636412611
0.0788570112354252 -0.123356699669925 0.216822324896621 0.0349602369455555
0.147968267411931 -0.098620871672499 0.261648603705402 -0.0263706503103198
0.18954503356798 -0.037613618191138 0.125188518265261 0.0199312363481428
0.124858542795363 -0.0521115617949742 -0.00604374660825292 -0.0909502076354
0.0898800455637991 -0.0619674691403341 -0.174836916597422 -0.0399203537040216
0.0451415215746575 -0.0958338068183652 -0.207345248732438 0.0999749811467366
-0.0286224117237493 -0.10982483224387 -0.110778285134694 0.188292432551499
-0.0810103631408931 -0.0816090891462673 0.00740335393777361 0.192256928019168
-0.111610550459444 -0.049310599164223 0.082156172347448 0.142626619360243
-0.145132269204182 -0.0298554513752585 0.118856940982039 0.0616167890193524
-0.154734088614438 -0.0304728861706404 0.117114880071407 0.000441528505680567
-0.170691440923239 -0.0527326100614219 0.122136207958508 -0.0519530534999659
-0.157934353004279 -0.121717548946941 0.145364239825586 -0.0621924109769652
-0.0728442777062845 -0.188793282260398 0.194639576610144 -0.0203813314538959
0.0341932718179639 -0.21181180951447 0.212538032870468 0.0181359538192123
0.142293502749304 -0.184671367875323 0.189616626788668 0.0443879825579805
0.23079605132076 -0.118595850669104 0.189015976761842 -0.00735322812104451
0.251571316362725 -0.0242967528574326 0.026003021921476 0.0200090324073197
0.201591234996182 -0.0664981104051217 -0.060751603506201 -0.0956506629959089
0.154186905435061 -0.111229545851092 -0.209259212078615 -0.0474276238744061
0.0625924247339676 -0.160434227296589 -0.218043748606723 0.0814104033626355
-0.0422828411794177 -0.162729623552725 -0.128672155020497 0.153939536265563
-0.109405796461202 -0.114083420838891 -0.0273969109967258 0.162749764121416
-0.143112340502697 -0.0704471589957329 0.0301873616747705 0.120744469195105
-0.174429672401266 -0.0502891574471675 0.0558275037061767 0.0477056499357262
-0.181487333722875 -0.0502858496232764 0.0502545506557806 -0.0113948465379798
-0.199933738238225 -0.0711123135502337 0.0588322123205737 -0.0733795351297736
-0.186383552329508 -0.144142525219173 0.092341539543932 -0.101531920753905
-0.0912490581584926 -0.223990486465975 0.177437873799287 -0.0645569399131272
0.0469992663740726 -0.257199716574364 0.211312330461647 0.00709613684751181
0.183788243135254 -0.212990226024066 0.159074675507944 0.0640411958377864
0.277314988705237 -0.11680035951983 0.0961903274693867 0.0166386382862474
0.27378043746461 -0.0132312927286806 -0.089804179537098 0.0229889836782313
0.242810828778426 -0.0766239735487499 -0.128793057231893 -0.0840399621676438
0.188393285413635 -0.148146927181948 -0.233093006168452 -0.0446974047798076
0.0631575403136211 -0.2019130749049 -0.216157436356531 0.0508706824809728
-0.0561900363710227 -0.189836283228582 -0.148517922725792 0.103325720262416
-0.124280755127221 -0.127382075680234 -0.0731349691832473 0.119728365182077
-0.154783175440463 -0.0775241971539028 -0.0326396891722404 0.090350379757138
-0.177446474620752 -0.0636177634747384 -0.0151272944840891 0.0277245802602915
-0.178658588022692 -0.065797141974007 -0.0200586166534862 -0.02814826453339
-0.190772887110749 -0.0853838154709952 -0.00279279646632869 -0.0958660927467219
-0.172979718297091 -0.154645192132838 0.043371851220199 -0.135232106935456
-0.0739431920644605 -0.227908232794604 0.156579159682067 -0.0984725650151031
0.0727415199522777 -0.252957169200909 0.201627016205882 0.00514841874220519
0.209051159570697 -0.195066286512411 0.120224290718651 0.0846428403169066
0.284709173048542 -0.0864167168120281 -0.00322927527557826 0.0384898760881049
0.246809719533485 -0.00256855765843386 -0.198991331937381 0.0327403199387268
0.233684661014218 -0.0719767672558374 -0.192936091925395 -0.0564844402116516
0.179212596445556 -0.150285115238448 -0.238578918438598 -0.0343570142601717
0.0494914050134733 -0.197085125446269 -0.202683521513965 0.0125713926718296
-0.0579564332664993 -0.178433971768889 -0.169432689655108 0.0457251125124757
-0.117403757963212 -0.116068520475248 -0.123245783578407 0.0739676176767661
-0.140539909940947 -0.0713919102276622 -0.0971986090043717 0.0605212025912988
-0.15317843800217 -0.0678504897748165 -0.0829234460642525 0.00448440527544991
-0.148362190589303 -0.0744877042207441 -0.0814556485239574 -0.0508259613469225
-0.149487981943133 -0.0928183712909322 -0.0479458769847336 -0.123237552178344
-0.121486510898377 -0.147489762844284 0.0141703271975908 -0.165368668885453
-0.0284888327243299 -0.200788216333852 0.142964668715084 -0.119574729554133
0.104752634478704 -0.202270989214525 0.182375081665175 0.00825674728464045
0.211034570286613 -0.135160480882262 0.0755836562720677 0.0921540502691988
0.251904381462378 -0.0359534911986402 -0.093520623578597 0.0436379155260349
0.176049319066513 0.0108518887344658 -0.279614147339883 0.0462642884803569
0.178371726169776 -0.0475961678771314 -0.234383434710041 -0.023144830862304
0.133708202515866 -0.113060190852685 -0.226020181106731 -0.0262775675230114
0.0313545546251194 -0.145187639981098 -0.186530788952107 -0.0220710099869197
-0.0431148336355767 -0.128130042211859 -0.188004590811814 -3.74976933025543E-05
-0.0836492972658588 -0.0834330293500294 -0.16884910763517 0.0373874798527441
-0.101773583812459 -0.0542516397932196 -0.152456131429152 0.0353318944930216
-0.106066537887444 -0.0623728912161421 -0.135623451123661 -0.0191158483363616
-0.0973898005065885 -0.0703934441663974 -0.123484318734291 -0.0777845028015674
-0.0893986404866044 -0.0856314853021227 -0.0692897570861644 -0.153462798708035
-0.0584504517855732 -0.121193811695944 0.0121558772804442 -0.189165428008534
0.01637117728428 -0.147066348310397 0.140899924001693 -0.128697747558396
0.120025346656342 -0.127299037281395 0.159996428615964 0.0117785104159235
0.183706124914974 -0.0576846445481265 0.0346857618120916 0.0812315303213255
0.183175514188537 0.016771611004143 -0.160114525781999 0.0282435684533773
0.0768771209375559 0.03150449666735 -0.316784891960167 0.0562599433366794
0.0973125467135571 -0.00512283841611472 -0.245345430762098 0.000850822491402144
0.0716711319301034 -0.048985369502007 -0.208841530163709 -0.0249217931358558
0.0180917104690361 -0.0629717937532312 -0.179857149550336 -0.0438259336820798
-0.00945833089535434 -0.0567839601640128 -0.201088607388797 -0.0215627973129625
-0.029504944237182 -0.0405113006779393 -0.196817092775964 0.0188192526179892
-0.0429517593745431 -0.031890629361219 -0.186011871769634 0.0187246790872398
-0.0435820496505492 -0.0465793143351202 -0.166702184878726 -0.0387091878807184
-0.0362326078222372 -0.0503224294122017 -0.141090527136805 -0.103427580385155
-0.0292630093816047 -0.0580683143584079 -0.0683570734009714 -0.179269485246627
-0.00963264393424314 -0.0753389197191769 0.0287162449868148 -0.202687269361156
0.0323290169996082 -0.0840103127627957 0.146924166638361 -0.128831510579595
0.10259647380847 -0.0572899655237029 0.141392379642604 0.00904237379065334
0.12350249715406 0.00517927705413718 0.00978011052847903 0.0587057209367815
0.0897108734023954 0.0523547600703523 -0.193847882122559 0.000239122762808106
0.0112417851950104 -0.0511521078299306 0.213088205886572 0.0155715717110436
-0.0373685010722331 -0.0267659928857422 0.0448084602814626 -0.091232956172875
-0.0411986741616743 0.00677966935814986 -0.117661420693019 -0.0472493962937562
-0.01226169395714 0.0128947048384353 -0.179290745233898 0.0880988219884719
-0.014955679227182 0.00268729715521791 -0.0885915323290253 0.189710084429443
-0.0169449452264285 0.00389209171754857 0.0288215429269633 0.190400776751565
-0.016926667370032 0.00963531888748157 0.117766995922603 0.148225041722272
-0.0293414439848673 0.0145354681661836 0.168978405205113 0.0778842365574826
-0.0335661127991458 0.012902605534952 0.184435356369337 0.0300828688601698
-0.0394546312945659 0.000708239269341452 0.191196513814486 0.0103381393881588
-0.0344976699969573 -0.0228372450559261 0.196096479290719 0.0403220610544402
-0.0151470372964285 -0.0334978177244289 0.18439103798077 0.0784679673100604
-0.0160344360524074 -0.037028846433097 0.184367666924243 0.0694351809744829
-0.00110010371802522 -0.0532447391114034 0.223402457458729 0.0628625940706622
0.0449640295430536 -0.062379364016381 0.298002487579251 0.00378513901757217
0.098396090120084 -0.0348202470053687 0.182897759479443 0.0346500646886329
0.0386762866487815 -0.03156804704303 0.0370012179832892 -0.0800340734033724
0.0196612600450559 -0.0166942476014201 -0.128501829438921 -0.0462478120176459
0.0197737086366597 -0.0302642693406606 -0.186093436717487 0.0808171024218844
-0.0138457599865784 -0.0496851775324699 -0.104738846805867 0.17914973974661
-0.0425278681710745 -0.042061966323473 0.0097751697876809 0.189168291157001
-0.0610546603414742 -0.0261754747834177 0.0971914564372963 0.150979437568512
-0.0878582559795563 -0.0155993665456865 0.147372040039156 0.0792512628977735
-0.0953686616064283 -0.0191868198728862 0.160805071132787 0.0252091951116759
-0.104151688352047 -0.0394903056730974 0.1686160482305 -0.00791128500770623
-0.0877019557777589 -0.0880616587275511 0.182260612875907 0.00766782448945902
-0.0271629438992314 -0.12117430438985 0.192324849932536 0.0507354007247523
0.0298627113070678 -0.123856955655393 0.1903485650306 0.0595359180128337
0.0869879436740203 -0.109502128214204 0.199442156260925 0.0634081070415007
0.150882881813811 -0.0800999921275894 0.252654750711786 0.00949832122032122
0.176681887881006 -0.012514709273594 0.119953220992715 0.0388350746684971
0.120023747742771 -0.0317163163925391 0.0102515290150286 -0.0853442535136204
0.0908310070767125 -0.0456039947053646 -0.152434387152423 -0.0537783202238104
0.0541850721591135 -0.0827288225118765 -0.196671945506803 0.0704586152556383
-0.0120562216883602 -0.105121179683829 -0.117722027204153 0.160782115852691
-0.0653943851895576 -0.0858220594204393 -0.011050514221629 0.173731651335054
-0.09880140333601 -0.0586363826196286 0.0637295955273547 0.138883601314204
-0.133676229161239 -0.043963889926353 0.104703519481528 0.0696533736591449
-0.142386313995591 -0.045515353929282 0.11319383859629 0.0136434094728236
-0.15454436221324 -0.0677501535359098 0.124849215528044 -0.0331525355049761
-0.136809810533368 -0.13166763831795 0.149781773635711 -0.0357820605595671
-0.0503813200453389 -0.187151697706188 0.191253436892235 0.00790632725445464
0.0525379568354163 -0.199144506001863 0.196724277839284 0.0472778720522386
0.152325324706371 -0.160282672848023 0.170996512036804 0.0724645720138545
0.231050186617687 -0.090611624027298 0.17665038797711 0.0221020490218801
0.231971738996569 0.00662792552807283 0.0296353036897342 0.0334403256534003
0.191545830277491 -0.0358379587846172 -0.0377934779061147 -0.0919420687391315
0.155738867381455 -0.0826639889158098 -0.178214142282746 -0.0607498036040693
0.0782866869847461 -0.13979630285531 -0.200693467239204 0.0532596097988247
-0.0171728288335578 -0.155549150044982 -0.128088747747264 0.127149570803127
-0.0870614939570366 -0.119547517259532 -0.039066614375529 0.141412041277399
-0.126002920229744 -0.0812077154687847 0.0178905869987559 0.113455347114525
-0.159915705578877 -0.0653060350060348 0.0472332951152205 0.0511197275734165
-0.166054677591788 -0.0665477289160277 0.0513375839835244 -0.00307230764182152
-0.179175642424383 -0.0864436802331091 0.0685625407853069 -0.0588782845326813
-0.160562252630286 -0.155236918898048 0.105168546197731 -0.076693996382117
-0.06344011554322 -0.221755361870972 0.180917173805961 -0.0351759390748673
0.0688667457528601 -0.240379469280767 0.196702817906042 0.0374274465930303
0.195627505120219 -0.183346403170489 0.136627210584584 0.0879077550225281
0.275385347877428 -0.0829025935069592 0.0821955757717705 0.036890807754329
0.250317671279203 0.0192927823099991 -0.076293859210129 0.0266711624819378
0.230231060790402 -0.0399293645235701 -0.10004581705766 -0.0866400500373706
0.192197002662468 -0.111705527505293 -0.197717691161359 -0.059657504396852
0.0844766993296118 -0.177573147985695 -0.194621663027357 0.0250486589113928
-0.0264073164908472 -0.183381998938055 -0.139630320683445 0.0788047955706113
-0.0986947050439182 -0.133037503420612 -0.0764576373663353 0.096529628895067
-0.135344190119694 -0.0892292666177468 -0.0370634756439107 0.0805837829925838
-0.161632231741819 -0.0785598999903786 -0.0180436701779073 0.025664105202582
-0.160905170708344 -0.0812606953341442 -0.0139724492344482 -0.0254390950341113
-0.169249796105253 -0.0986238155678951 0.0125266049400558 -0.0856532150394706
-0.145767003445788 -0.162462817162346 0.0616892393424766 -0.113865732227623
-0.0469692351176763 -0.222224302209924 0.164089545749583 -0.0694869459156557
0.0924242086567248 -0.233497614744304 0.186570026746363 0.0336581597635704
0.217444031635069 -0.163143637517536 0.0968762985304141 0.102780780020418
0.279595566890759 -0.0532289875206758 -0.0161243240723305 0.0460535779050787
0.224931388376473 0.0248526151065984 -0.178798857342766 0.0244071494216636
0.220750675561795 -0.0371444915589515 -0.162224258320492 -0.06678612895983
0.184141485960642 -0.115600355619216 -0.203170142945969 -0.0512354404101901
0.0723068217367932 -0.175163678598427 -0.178148062550765 -0.0087054333490776
-0.0300439681657543 -0.172838432551758 -0.152920668325745 0.023252113658324
-0.0927838796470656 -0.121515490083405 -0.118341159207894 0.0498504334300769
-0.123173551039978 -0.0815583197858819 -0.0937709624889905 0.0464931250026212
-0.138665311547953 -0.0800502182673841 -0.0788616080882877 -0.00267034103495407
-0.131218709235001 -0.0851735562224282 -0.0696217196012701 -0.0533094098414917
-0.129003892913161 -0.101734116849895 -0.0288274592181697 -0.116318266812681
-0.098263747740072 -0.150034373004823 0.0352667822249922 -0.145853445739722
-0.00748108759266249 -0.190648863095563 0.151395581268033 -0.092029360446456
0.11819680765069 -0.182107566122931 0.168315340076211 0.0332736087237861
0.213227847213864 -0.105050914711619 0.0532352842828356 0.101749227880612
0.243502055458059 -0.00826188429475878 -0.103162631717886 0.038605954190668
0.15917421824607 0.0298525809017768 -0.256954381845148 0.0252532622000792
0.168035993548329 -0.0216851449560178 -0.207420759024442 -0.0402936517151116
0.13766748237844 -0.087984411844918 -0.196363063187401 -0.0435802404036921
0.0483461160657436 -0.129490400811543 -0.161844715796996 -0.0402943178205382
-0.022307284753448 -0.124549662589994 -0.167303884179601 -0.0209743399247484
-0.0653444109090004 -0.0878974799440581 -0.157695940343186 0.0137963021512278
-0.0882151843306521 -0.0613698496560291 -0.143618487349612 0.0184848113488047
-0.0948057313481268 -0.0698396588111883 -0.12628806320663 -0.0301286245859863
-0.0838655969869232 -0.0759441290232585 -0.107005626961274 -0.0832163497832029
-0.0733521603376203 -0.0883985874178106 -0.0477167946123167 -0.14762188796318
-0.0417324744674774 -0.118009371944969 0.0339240088665873 -0.170520450151222
0.0290927977571275 -0.135652735497497 0.148911162177326 -0.102970148270937
0.125469884647409 -0.109038099838429 0.146973240170456 0.0317402823360372
0.178621701045724 -0.0354854839199871 0.0157027327843616 0.0839637973311753
0.173079779691944 0.0347596575765643 -0.163778454799773 0.0141694864937543
0.0662074426579554 0.0368691553417868 -0.296814677018604 0.0265607859483176
0.0885920410727259 0.00632601951672351 -0.224070898674432 -0.0208890185934261
0.0724726426176165 -0.0357531680477193 -0.18504439884475 -0.0427328248185445
0.02479000050319 -0.0554996975260397 -0.157141987637732 -0.0601935565986238
-0.00151368299324924 -0.0541054451690877 -0.179753903479723 -0.041453059194605
-0.019612326498232 -0.0416079347795546 -0.183541788362863 -0.00359784423058248
-0.0360359302043816 -0.0335866707643722 -0.174095369784485 0.000703034416207087
-0.0372443334380233 -0.0485477598766204 -0.153648533299541 -0.0515663834224904
-0.0288713098307185 -0.0511630466415436 -0.12165682124454 -0.110097759963916
-0.0207569097566979 -0.0565837681873621 -0.0452416349420195 -0.172390489860188
-0.00124435150188836 -0.0701974348059994 0.0493181647900732 -0.183977394708333
0.0376891469154509 -0.0737214940573478 0.153157801913031 -0.103875390431538
0.101425931535799 -0.0456066800292401 0.130713925083204 0.0257254446609313
0.115949882639354 0.0180825407272843 -0.00309302909147285 0.0573570851143508
0.0808968566003122 0.060104239860009 -0.189613639156111 -0.0192444082133834
0.0107096343677948 -0.0486996389928184 0.203948666043101 0.0165853485290822
-0.0351834505031266 -0.0256740374289732 0.0441195062758738 -0.0885513784074251
-0.0392298987190449 0.00584939660771305 -0.112060190753299 -0.0490111997270204
-0.0118808856767765 0.0120145136924398 -0.173197546435187 0.0813627252848902
-0.0145555673956793 0.00263773706585826 -0.0890013544323725 0.179740238647882
-0.0168028328241498 0.00384991608276202 0.0235787737747098 0.18111664369249
-0.0168271318797597 0.0081453202423078 0.110409781948987 0.141973381094565
-0.0285457589174347 0.013756567189346 0.163126125526402 0.0740813125761737
-0.0319828013464969 0.0121281181978316 0.177762831272319 0.0291950841780245
-0.0383600310760592 2.56530545666299E-05 0.18330435249631 0.0119712699772356
-0.0333154379992683 -0.0219776289679371 0.188816768044343 0.0422704895960347
-0.0137431172616377 -0.0324801965077637 0.176603816854584 0.0785718025412888
-0.0140378794150268 -0.0358411046933258 0.175029040853542 0.0705815147934607
0.000760689899161173 -0.0511204799180529 0.213784487625603 0.0662605457448821
0.0440201017555296 -0.0599135180294268 0.286902338625937 0.00850551105371906
0.0945180371518868 -0.0316104420602387 0.174368340979082 0.0329313171548953
0.0374729235825997 -0.0288676271858947 0.0369590628595667 -0.0791693721540639
0.0192304431456131 -0.0153857777245557 -0.122850862126691 -0.0477312805059042
0.0192903594159914 -0.0283851425756627 -0.179555632960965 0.0739973580961166
-0.0123770006240211 -0.0473042801812374 -0.103489742994099 0.169403064733637
-0.0406081960634963 -0.0398845723703648 0.00614144585022948 0.179678535938769
-0.0587650125002771 -0.0263218166127004 0.0911458978914233 0.143964901293623
-0.0842309960787493 -0.0159183648553771 0.141527497330402 0.0756229615768129
-0.0910346934165671 -0.0188538437379444 0.154145160668254 0.0250922631194899
-0.0993789997133041 -0.0390082783916569 0.16275848524091 -0.00596087790261414
-0.0832899891531403 -0.0845378264044866 0.175604335069328 0.0100761901096651
-0.0242337583190407 -0.116057316912918 0.184115585217246 0.052301397333387
0.0301365530461228 -0.118685202436715 0.180881880532681 0.060497865467427
0.0859494395413223 -0.103947619396775 0.190966536155891 0.0648776295165129
0.145690833444469 -0.0756094200825289 0.241734895624865 0.0118818864912886
0.169029311115851 -0.00931353116608852 0.114068730806564 0.0363854353685172
0.115458471947055 -0.0283641659425242 0.0112804210554803 -0.0842514189527714
0.0883152029504137 -0.0422937409796844 -0.14599046984303 -0.0547399261857717
0.052585460294791 -0.0785190995646794 -0.190074881331326 0.063142397054012
-0.0104948723377062 -0.10031785970014 -0.115626279469219 0.150964734507199
-0.0622317784861201 -0.0819366962104242 -0.0140783702549073 0.164587309037206
-0.0947783262157425 -0.0577776632141013 0.0594090931432815 0.132167288020965
-0.128312393579138 -0.0427599670310864 0.10047224404375 0.066320830857512
-0.136146212536034 -0.0446403952200886 0.109365653813655 0.0136194332735386
-0.147875365515463 -0.0649523458802751 0.12120190608618 -0.0308628454343377
-0.130114408287921 -0.126195454190472 0.145750600017316 -0.03140738265982
-0.0466893123949624 -0.179286366264103 0.183919059094088 0.011338047795275
0.0535403236215759 -0.190692506162674 0.187750199202217 0.0476082751888709
0.149527928260987 -0.15149366659464 0.16256530862529 0.0724586531166124
0.222238561603609 -0.0848567049714424 0.168571560492509 0.0232220501975975
0.221273989243299 0.00969735514325626 0.0284897120899787 0.0305284594249939
0.18361177958422 -0.0310147704672061 -0.033589283470823 -0.0924778456499969
0.151261563671948 -0.0769832451531022 -0.170429626579468 -0.0618504677031608
0.0764359834255188 -0.13215594495202 -0.193954502414517 0.0466197998361089
-0.014979941686149 -0.149029566897239 -0.125542543831678 0.119229732776677
-0.0817802046957269 -0.114144242664641 -0.0399193669987749 0.133500347889038
-0.120152421383344 -0.0786128493594004 0.0158169438799911 0.108025414413068
-0.153617941358027 -0.0636088234669171 0.0449673372894766 0.0482866475879185
-0.158722297386464 -0.0646770284950058 0.0497971267866879 -0.00288900857043066
-0.170658784238071 -0.0832098130184302 0.0675884758827392 -0.0562900237602743
-0.153022729883119 -0.148418328571873 0.103010854848092 -0.0710543838089871
-0.0591334641205227 -0.212316610037282 0.175021869299136 -0.0301625429472595
0.0692815882996435 -0.230257249429379 0.186829022155839 0.0382994151426517
0.19062658048558 -0.173723642755709 0.129594462128666 0.0873397627595371
0.265377884951263 -0.0773487509569963 0.0774323937835919 0.0365997894074343
0.238756918082189 0.0219481822133429 -0.0729432351346594 0.0225841321473955
0.220414243793008 -0.0347890906298623 -0.0932406850560279 -0.0876216615380082
0.186250387338999 -0.105220137276006 -0.187502028820036 -0.0605861276582215
0.0827331038698774 -0.168402477832971 -0.186959627564947 0.0191174014986555
-0.0235103149273285 -0.175166229621484 -0.136530091891638 0.0718237225931832
-0.0928649820663395 -0.128354273554892 -0.0747143140105236 0.0904333102196102
-0.128590567511805 -0.0862081117387758 -0.0364600654246609 0.0761697315535914
-0.154725948670021 -0.0757129966406596 -0.0170060814268922 0.0240924552051247
-0.154497703428981 -0.0788265598640348 -0.012689721603127 -0.0237932034471952
-0.160391766907306 -0.0947627884313425 0.0135172088785455 -0.0823437429168282
-0.138359908833796 -0.154161176487003 0.0623807345037143 -0.106727394532685
-0.0428396775942957 -0.212446752406036 0.15918761687478 -0.064026508009745
0.0920505290980451 -0.223287405323195 0.177576073427302 0.0346433813983533
0.210825823085587 -0.153401669311852 0.0900030173793614 0.100157818663941
0.269325662606907 -0.0481055125889024 -0.0173579032606194 0.0440988539754729
0.214259792286101 0.0278782296198277 -0.171334490830691 0.018318844514999
0.212066612862287 -0.0321961420390705 -0.152760254114756 -0.0687865053339307
0.178203580853544 -0.108171281203197 -0.192916674684755 -0.0526651879308377
0.0710171967443132 -0.166016063735563 -0.171147855225109 -0.0129740675530517
-0.0272585024375742 -0.165149515292412 -0.147931059253194 0.0187722792383804
-0.0868880293217885 -0.117211864197248 -0.114212678372011 0.0458605194296747
-0.117284096215989 -0.0788443564357257 -0.0907372999889274 0.0439789591857961
-0.132929944469746 -0.0771277649649217 -0.0751517204874615 -0.00241322170003571
-0.125582362798811 -0.0823302457838264 -0.0659577103289782 -0.0505232357680083
-0.121618119904827 -0.0973106175350224 -0.0253168260221801 -0.111444194971494
-0.0932876012813542 -0.142611954044381 0.037154239725066 -0.137214156440301
-0.00483384523560392 -0.181869736932214 0.146690896309035 -0.085455885920656
0.115586002111161 -0.174293680758655 0.161155531183869 0.0333660934276222
0.205314739865927 -0.098473743698147 0.0483573969803052 0.0985981317713018
0.233923455978002 -0.00512799941236485 -0.100166210666177 0.0368584011099474
0.150981143843311 0.0306101319430206 -0.246996496929357 0.0190070766540344
0.160549340532508 -0.0182392253546536 -0.196329298515686 -0.0431157739106642
0.133604926031056 -0.0820860625166894 -0.186001993020779 -0.0450578331048582
0.0480525355525519 -0.122390243692229 -0.15555109800367 -0.0434308868067789
-0.0210852991198329 -0.118703362124847 -0.161157086512616 -0.0241767551390359
-0.0605250529253131 -0.084617133760281 -0.150999163832929 0.010647408599258
-0.0837796795573548 -0.0593315055630386 -0.137332119169792 0.0170214797433714
-0.0913027012701558 -0.0673051112878477 -0.121269782136879 -0.028310769652667
-0.0799760069276222 -0.0739416110888967 -0.101163197800178 -0.0791979536452872
-0.069031362716624 -0.0837880511305666 -0.0435023012034147 -0.141011402239077
-0.038773855744108 -0.111703007659706 0.0359350339253808 -0.161029230278416
0.0289510963200667 -0.128327893865227 0.144243200881902 -0.0950998693142243
0.121697888049664 -0.103477085909337 0.140975421182897 0.0315102133271692
0.171667338492457 -0.0314050968244992 0.0126411868964745 0.0810353267932525
0.165513209541733 0.0360613196556747 -0.156609272410169 0.012310057948825
0.0622750903850056 0.0368718712069278 -0.285257126783067 0.0206752535757963
0.0839118164922144 0.00766359177063614 -0.213473307112599 -0.0230191601785559
0.0708169366233927 -0.0331041258990108 -0.175134621524257 -0.0438262831621653
0.0248813237366653 -0.0521940971135326 -0.150554926057738 -0.0622525501766094
-0.0014672436931614 -0.0510296200069436 -0.17267212987578 -0.0438036654342481
-0.0179959222748448 -0.039935121563998 -0.176045694638799 -0.00570172065956892
-0.0329807439371177 -0.0322924460267169 -0.16704095322655 -0.00011268976155389
-0.0356250209857586 -0.0460001503361844 -0.147018580904298 -0.0488715945015218
-0.0275825676596352 -0.050017732033045 -0.115139987813642 -0.104770111385662
-0.0186373937232672 -0.0541365270535857 -0.0406607199191673 -0.164611985117164
-0.000710198928785028 -0.066370506946259 0.0505095861751326 -0.173751305191852
0.0363742385477524 -0.0696173397365091 0.148752737830436 -0.0969720578210893
0.0978833680765003 -0.0425846709081172 0.126439296234056 0.0263285026306598
0.110665754163693 0.0191522425739545 -0.00458313970070802 0.055337913978987
0.0765810819457134 0.0586035068303481 -0.180642806282615 -0.0193117953591161
0.0116523326113157 -0.0478254894432872 0.201870414725674 0.0201845280008645
-0.0334321801087675 -0.0263493669258052 0.0455717457252247 -0.0896935882753291
-0.0388957474075127 0.0050638196369052 -0.110961122914705 -0.053894683441929
-0.0118061102435944 0.0118855964954836 -0.17550848354517 0.0752037456296178
-0.0145756210601167 0.00234054686935803 -0.0936266132196485 0.175766029360684
-0.0166885491122536 0.00400088995109389 0.0172629617694709 0.179156816294376
-0.0178315130532929 0.00730033604592108 0.106226176715632 0.141864714075971
-0.0289646100690946 0.0129704900050884 0.161107445574742 0.0744354220637159
-0.0314300075411018 0.0115999417851602 0.177097011791005 0.0325162037276214
-0.0384670857002176 -0.00044927384004043 0.183046767331375 0.016353502298603
-0.032967171324859 -0.0225995957724286 0.1873384392949 0.0462048770974699
-0.0124873794250392 -0.0330454537363213 0.17401896635924 0.0842341191156915
-0.0138051107896066 -0.0361621701976228 0.171334372992843 0.0766907590685096
0.00296704719646628 -0.0508303769001978 0.211160294594211 0.07382090181882
0.0456717480208235 -0.0586728317989776 0.285679803888069 0.0165358326646888
0.0947505416388712 -0.0286425793017187 0.17234008542302 0.0358197390423154
0.0385726894906734 -0.02716589541005 0.0386412080075346 -0.0803865028762588
0.0201224296017504 -0.0145088129878706 -0.121115829064863 -0.0526636241638941
0.0201190359916157 -0.0275254897228271 -0.181777670000838 0.0678212742022154
-0.0112016758080028 -0.0468885008458061 -0.108506837047821 0.164882678161839
-0.0393072030163538 -0.0396191187366625 -0.000217123673927078 0.177297267730762
-0.0585000532500877 -0.0280391881384712 0.0871105894992524 0.14400286777555
-0.0838702731498668 -0.0171887140110522 0.13997928935596 0.0756705868298682
-0.090433046167157 -0.0199996638617012 0.154423558297266 0.0273224394965963
-0.0979751109579469 -0.039864177867721 0.162518244989325 -0.00278063349435207
-0.0815962248551131 -0.0851159985982196 0.175585472683031 0.0150433348262797
-0.0208429192159468 -0.116527059253502 0.181878887362233 0.0574770969546569
0.0334741500277728 -0.117669921951569 0.177993087607641 0.0662489991639044
0.0888045925601937 -0.101573487734637 0.187826265007548 0.0714935896029764
0.14693421441762 -0.0716152703628341 0.24014342331558 0.0186575865248882
0.167705437535726 -0.00434212231180762 0.112494635068943 0.0374799800058091
0.115087568021062 -0.0245143899445556 0.0138317953504778 -0.0869027179004416
0.089508436791999 -0.0398445017395825 -0.142719811509357 -0.0600907539062685
0.0545972729337819 -0.0758904545464667 -0.191384944339237 0.0570481611626837
-0.00821303115164551 -0.0998941437515556 -0.120373188927377 0.146494127789977
-0.0597653541765957 -0.0823322413955051 -0.019385575401911 0.16179791948798
-0.0932944771769515 -0.0595740859942151 0.0561283729892643 0.131114554076918
-0.127906099786939 -0.0449004612168514 0.0996414665249179 0.0662170352309503
-0.135091336303925 -0.0463560865744283 0.109730260552453 0.0155934354502213
-0.145495721425604 -0.0670493384487914 0.122131688520821 -0.0287357990651531
-0.127214914468039 -0.127224837356269 0.147229099821316 -0.026431866355952
-0.0416996179866879 -0.179363894994552 0.183623361667421 0.0172299485167293
0.0578633096715325 -0.188434220947298 0.184122550431896 0.0528399875857697
0.153047919357682 -0.148000427987712 0.159749219105817 0.0784068681824166
0.223327482113412 -0.079236296407688 0.166735604915405 0.0274019665063163
0.21907817288471 0.0160967845008897 0.0275209323880971 0.0285377283408124
0.182443602754617 -0.0258467964004486 -0.0295163386857693 -0.0961553272488141
0.152807612430773 -0.0725225787495439 -0.166327171162474 -0.0676065050568672
0.0798403180547693 -0.128841497622841 -0.195079299101504 0.0393636370212
-0.0119697888083071 -0.147506007173735 -0.129498200334949 0.113688852810212
-0.0783799643583388 -0.1154312196685 -0.044002820459573 0.130071101236281
-0.117963672778841 -0.0813586173275747 0.0132790804300043 0.106570295702659
-0.152255130489203 -0.06541351844901 0.0445634158447934 0.0480861786867698
-0.156971603677859 -0.0667965387533958 0.0502667072795745 -0.00166868803897555
-0.167350022067313 -0.0847484424029564 0.0683565238187224 -0.0552480565242076
-0.149170480013944 -0.148679192518936 0.106232955863872 -0.0675027101120077
-0.0535837075674564 -0.211513557450871 0.175185657705355 -0.0247907216299396
0.0746277600587697 -0.227331764335924 0.184663869195016 0.0431505269015985
0.194259623684638 -0.16863099923153 0.125205976385618 0.0918627609815115
0.265332516862594 -0.0710791511519779 0.0755552154557833 0.038300341623457
0.236294191898932 0.0293461101816357 -0.0733327864232739 0.0181462903349985
0.219020411325212 -0.028039870707205 -0.0885931089961208 -0.0927908938931748
0.189157097514241 -0.0997816971096459 -0.183796548971994 -0.0667935665868498
0.0867632765186476 -0.164518070036379 -0.187274000097914 0.0123853595161946
-0.0197078017277855 -0.173381708346849 -0.138803394844432 0.0658795859652974
-0.0886638164890256 -0.129125829687299 -0.0767996489902836 0.0867579653875636
-0.125948136754606 -0.0887697873316892 -0.0377302108868301 0.0744181924830462
-0.153319250037352 -0.0779923192429861 -0.0167525183753816 0.023740355103535
-0.152390921675759 -0.0808770310361095 -0.0114730229655852 -0.0236167595493894
-0.157547567165443 -0.095638741520201 0.0162462948249231 -0.0823841419123249
-0.134907898353281 -0.154252111771191 0.067009612541617 -0.103322912054724
-0.0374202162545023 -0.210970042625141 0.160524395255011 -0.0580373741549588
0.0968444922023172 -0.220313965221599 0.175676935999863 0.0384218004337567
0.213172438055543 -0.148207466124506 0.0858822471181013 0.102338494972818
0.267643577763394 -0.0408945409557419 -0.0188624426142203 0.0437932101768658
0.212179819615713 0.0332834021430784 -0.170666800700199 0.0128514781090194
0.211132883139953 -0.0256913872374703 -0.14880758475861 -0.0743475387490398
0.181199035296909 -0.10349248675423 -0.189165352061723 -0.058844969104732
0.0750414603990934 -0.162382541341108 -0.170515986735511 -0.0198243372516353
-0.0241815665433049 -0.163900998343853 -0.149516551819037 0.013292748996961
-0.0832345939865764 -0.118404948789379 -0.114738941344042 0.0419218242469087
-0.114317869540874 -0.080763192028629 -0.0906568080613836 0.0419906442731925
-0.131468908900012 -0.0785317104732988 -0.0746500697446435 -0.00289223739525362
-0.123851332330971 -0.0840717281280201 -0.0634969391305316 -0.0506062760797829
-0.118873671074438 -0.0976916337564634 -0.0228095153714646 -0.111698065547551
-0.0894815143764337 -0.141574916193143 0.0426128975669364 -0.134094677563671
-0.000748328351320962 -0.179277130733125 0.149738694449136 -0.080394432223048
0.120057328770011 -0.170557742859765 0.159556957338345 0.0369260277083406
0.206456926105354 -0.0924698971699066 0.0443069543126046 0.100406121803981
0.231365804035609 0.000984899793521298 -0.100656384721038 0.0350540743399763
0.149345856496443 0.0352311506427957 -0.246094637518147 0.0117196036464285
0.159605638274541 -0.0136218790419762 -0.192775200257487 -0.0499291331074544
0.135967255237866 -0.0784556693203794 -0.182661056812742 -0.0510758342745741
0.0509306849860906 -0.120090690560821 -0.154843477009244 -0.0495143363754374
-0.0186444334192203 -0.117969507529599 -0.161110492249296 -0.0295656763371932
-0.0580039754587293 -0.0851492023072795 -0.150948294052027 0.00673861098056676
-0.0813815010696948 -0.0599047061021833 -0.136418189693665 0.0143942641780248
-0.0901289306422988 -0.0680090580217586 -0.119900209400974 -0.0288860157362907
-0.0783757648580404 -0.0748845181563756 -0.0983483602072795 -0.0796586670113034
-0.0659189760360566 -0.0840342761035788 -0.0388740424338476 -0.140423429071813
-0.0355957714162341 -0.110527880307979 0.0411169262955587 -0.158071581159524
0.0321191406873081 -0.125822382663196 0.146866303380292 -0.0902160540725888
0.124065529352078 -0.100415579951547 0.140094617178742 0.0350656636140077
0.171436785680244 -0.0264512095645602 0.00980214887103304 0.0817008953691005
0.163517574997046 0.0402016710919983 -0.156360599477277 0.00915063318276271
0.0601017552867278 0.0387488949461804 -0.283794843416082 0.01258462732078
0.0828620152192829 0.0105742337733363 -0.2110785166407 -0.030073044017968
0.0717900119166864 -0.0312535133898572 -0.172376078901269 -0.0493594731685749
0.0257275909886642 -0.0506798449998448 -0.149467747055716 -0.0679501836134328
1.30611724406624E-05 -0.0502168771768414 -0.172521511719882 -0.0486797670996837
-0.0164845793395267 -0.0397560644503143 -0.175083280918781 -0.0101159530285908
-0.0319327379198939 -0.0324627822960641 -0.165716796490614 -0.00246801507637195
-0.0355893046649304 -0.0468794994706136 -0.145391793264572 -0.0491179172539768
-0.0263795051814725 -0.050390008478075 -0.111635210683525 -0.105197940176249
-0.0166259364262487 -0.0539496413484062 -0.0360842423025369 -0.163655787672944
0.0007641736133887 -0.0647681429920017 0.0557203279444989 -0.17003708121786
0.0382964207447598 -0.0668989649772928 0.151210733230634 -0.0909001254105538
0.0984143509120174 -0.0399731231858433 0.125884250222879 0.0301759270485469
0.109744278087873 0.0221983134874524 -0.0070542038825844 0.0552971747524046
0.0744648382440177 0.0602535956386879 -0.178719311384756 -0.0228320234756269
