TRXV5
3
4
4
9
string Extension=J
integer IsArchMeasurement=1
integer IsSpherical=1
string Generator=SPM
string GeneratorVersion=1.3.1 Dev
double ArchRadius=0.449999988079071
integer FrequencyAxisIndex=0
integer AzimuthAxisIndex=1
integer ElevationAxisIndex=2
Frequency
5 136 690000000 960000000 LIN
Azimuth
7 8 0 2.74889357189107 LIN
Elevation
7 15 -2.74889357189107 2.74889357189107 LIN
Polar H Real Part
13
Polar H Imaginary Part
14
Polar V Real Part
13
Polar V Imaginary Part
14
Polar H Magnitude (dB)
12 0xC0000002 0 1
Polar H Phase
7 0xC0000003 0 1
Polar V Magnitude (dB)
12 0xC0000002 2 3
Polar V Phase
7 0xC0000003 2 3
-0.00174164772033691 0.00297904014587402 -0.0233993530273437 -0.0599403381347656
-0.00363349914550781 -0.00309324264526367 -0.00823211669921875 -0.0252494812011719
-0.00786638259887695 0.00184440612792969 0.0144891738891602 0.00149059295654297
-0.00309610366821289 0.0075688362121582 0.038116455078125 -0.00386810302734375
0.00244760513305664 0.00474309921264648 0.0427589416503906 -0.0186119079589844
0.00367832183837891 0.00127410888671875 0.0379562377929688 -0.0373725891113281
0.00357627868652344 -0.00351262092590332 0.0249099731445312 -0.0458450317382813
0.00235176086425781 -0.00308108329772949 0.0109977722167969 -0.0405921936035156
0.00198745727539063 -0.00298118591308594 0.00324630737304687 -0.0303611755371094
0.00520563125610352 -0.00129890441894531 -0.00160789489746094 -0.0208377838134766
0.00475740432739258 0.00201511383056641 -0.0147933959960937 -0.0145292282104492
-0.00103235244750977 0.0049595832824707 -0.0201740264892578 -0.0122528076171875
-0.00674200057983398 -0.00114774703979492 -0.0271873474121094 -0.015838623046875
-0.000921726226806641 -0.00579404830932617 -0.0394134521484375 -0.0190505981445312
-0.00116109848022461 -0.00271987915039063 -0.0366096496582031 -0.0170707702636719
0.00931358337402344 0.0219764709472656 -0.0176315307617188 -0.0552177429199219
0.00924396514892578 0.0141487121582031 -0.00167465209960937 -0.0210189819335938
0.00497150421142578 0.0134296417236328 0.0185279846191406 0.00152397155761719
0.0116720199584961 0.0140466690063477 0.0404014587402344 -0.00374603271484375
0.0166435241699219 0.00560188293457031 0.0426063537597656 -0.0177688598632813
0.0175142288208008 -0.00657939910888672 0.0374870300292969 -0.0362510681152344
0.0136556625366211 -0.0159273147583008 0.0219573974609375 -0.0421485900878906
0.0114240646362305 -0.0144634246826172 0.0074615478515625 -0.0356864929199219
0.0118474960327148 -0.016911506652832 -0.000452041625976563 -0.0256080627441406
0.017277717590332 -0.0151891708374023 -0.005889892578125 -0.0181617736816406
0.0195102691650391 -0.00586128234863281 -0.018035888671875 -0.0124378204345703
0.0164680480957031 0.00153636932373047 -0.0213394165039063 -0.0112457275390625
0.0103225708007813 0.00491237640380859 -0.0264835357666016 -0.0151939392089844
0.014958381652832 0.00667285919189453 -0.0350685119628906 -0.0148162841796875
0.0136442184448242 0.0126428604125977 -0.0326747894287109 -0.0119743347167969
0.0181159973144531 0.0390205383300781 -0.00999069213867188 -0.0452919006347656
0.0205535888671875 0.0309104919433594 0.00594329833984375 -0.0110101699829102
0.0188064575195313 0.0244579315185547 0.0235424041748047 0.00403213500976563
0.0270118713378906 0.0198574066162109 0.0418052673339844 -0.00324630737304687
0.0310173034667969 0.00546836853027344 0.0403480529785156 -0.0170173645019531
0.0300483703613281 -0.0141029357910156 0.0324954986572266 -0.0335826873779297
0.0216865539550781 -0.0258312225341797 0.0169143676757813 -0.0342197418212891
0.0182971954345703 -0.0239906311035156 0.00284576416015625 -0.0252876281738281
0.0185794830322266 -0.0287151336669922 -0.00468635559082031 -0.0147943496704102
0.0257701873779297 -0.0264091491699219 -0.0109348297119141 -0.0101385116577148
0.0307750701904297 -0.0143280029296875 -0.0221118927001953 -0.00595474243164063
0.0312690734863281 -0.002655029296875 -0.0232505798339844 -0.00903701782226563
0.0266170501708984 0.00838279724121094 -0.0255851745605469 -0.0140972137451172
0.0294990539550781 0.0169219970703125 -0.0276260375976562 -0.00986099243164062
0.0258522033691406 0.0256862640380859 -0.0232315063476563 -0.00235557556152343
0.0257301330566406 0.0502738952636719 -6.86645507812466E-05 -0.0291709899902344
0.0326004028320313 0.0431594848632813 0.0148019790649414 0.00162506103515625
0.0327739715576172 0.0309524536132813 0.0278606414794922 0.00786209106445313
0.0402870178222656 0.0201835632324219 0.0402679443359375 -0.0016326904296875
0.0411262512207031 0.00220489501953125 0.0348281860351563 -0.0145511627197266
0.0373992919921875 -0.0206832885742188 0.0247001647949219 -0.0276298522949219
0.0256538391113281 -0.0321693420410156 0.00901222229003906 -0.0218830108642578
0.0222854614257813 -0.0299587249755859 -0.00231742858886718 -0.0113792419433594
0.0224685668945312 -0.0352210998535156 -0.00850534439086914 -0.000755786895751953
0.0300636291503906 -0.0332374572753906 -0.0151195526123047 0.000912666320800777
0.0371665954589844 -0.0188369750976563 -0.0257339477539062 0.0023193359375
0.0403518676757813 -0.00664520263671875 -0.0249137878417969 -0.00528335571289063
0.0381736755371094 0.011688232421875 -0.0235080718994141 -0.0129413604736328
0.0394706726074219 0.0249671936035156 -0.0164957046508789 -0.00401878356933594
0.0332260131835938 0.0358543395996094 -0.011962890625 0.00987434387207031
0.02880859375 0.0530624389648438 0.0118865966796875 -0.0136909484863281
0.0398139953613281 0.0477104187011719 0.0243148803710938 0.0126972198486328
0.0419235229492187 0.0311088562011719 0.0300426483154297 0.0104522705078125
0.0477981567382813 0.0164642333984375 0.0366020202636719 0.000888824462890626
0.0448799133300781 -0.00336456298828125 0.0265140533447266 -0.00961494445800781
0.0383567810058594 -0.0261344909667969 0.0144481658935547 -0.0177516937255859
0.0245265960693359 -0.0348091125488281 0.00121593475341797 -0.00658369064331055
0.0229015350341797 -0.0309467315673828 -0.00731182098388672 0.00469350814819336
0.0238075256347656 -0.0363121032714844 -0.0128908157348633 0.0138349533081055
0.0309371948242187 -0.0342235565185547 -0.0202541351318359 0.013214111328125
0.0395355224609375 -0.0196189880371094 -0.0290813446044922 0.0100727081298828
0.0439834594726562 -0.00661849975585937 -0.0253772735595703 -0.00122070312500001
0.0434799194335938 0.0141525268554688 -0.019195556640625 -0.0114479064941406
0.0426406860351563 0.0305900573730469 -0.00386357307434082 0.00267457962036133
0.0340766906738281 0.0418586730957031 0.000387191772460938 0.0246391296386719
0.0277519226074219 0.0481491088867188 0.0236721038818359 0.000520706176757815
0.0412445068359375 0.0437965393066406 0.0336360931396484 0.0203800201416016
0.0431137084960938 0.0255508422851562 0.0308113098144531 0.0118007659912109
0.0464134216308594 0.00925064086914063 0.0297203063964844 0.00293922424316406
0.0396194458007813 -0.00846481323242188 0.0175018310546875 -0.00306224822998047
0.0317916870117188 -0.0276851654052734 0.00495004653930664 -0.00538110733032227
0.0197334289550781 -0.0319404602050781 -0.00455570220947265 0.00879287719726562
0.0188179016113281 -0.0270595550537109 -0.0111808776855469 0.0199432373046875
0.0206184387207031 -0.0315761566162109 -0.0170783996582031 0.0270519256591797
0.0276966094970703 -0.0293102264404297 -0.0254993438720703 0.023406982421875
0.0363540649414063 -0.01519775390625 -0.0321292877197266 0.0169162750244141
0.0414352416992188 -0.00413894653320313 -0.0264492034912109 0.00181388854980469
0.0401649475097656 0.016845703125 -0.0150661468505859 -0.00815296173095703
0.0386848449707031 0.0333595275878906 0.00741672515869141 0.0108156204223633
0.0292587280273438 0.0423660278320313 0.010955810546875 0.039794921875
0.0208988189697266 0.0349502563476563 0.0333900451660156 0.0102252960205078
0.0356101989746094 0.0329856872558594 0.0398826599121094 0.0228500366210938
0.0356101989746094 0.0153617858886719 0.0299015045166016 0.0115089416503906
0.0350990295410156 0.00136947631835938 0.0227108001708984 0.00615119934082031
0.0283470153808594 -0.0116405487060547 0.0106210708618164 0.00393962860107422
0.0200366973876953 -0.0239524841308594 -0.00041675567626953 0.00666475296020508
0.0119361877441406 -0.0231456756591797 -0.00804519653320312 0.0220737457275391
0.011749267578125 -0.0187816619873047 -0.0130558013916016 0.0321750640869141
0.0140838623046875 -0.0226612091064453 -0.0205039978027344 0.0367851257324219
0.0200481414794922 -0.0204200744628906 -0.0309791564941406 0.0307807922363281
0.0277557373046875 -0.00971794128417969 -0.0358123779296875 0.0207595825195313
0.0328121185302734 -0.000858306884765625 -0.0279445648193359 0.00481796264648438
0.0313434600830078 0.0174789428710938 -0.0125045776367187 -0.00427532196044922
0.0285320281982422 0.0304794311523438 0.0139102935791016 0.0200328826904297
0.0182342529296875 0.0370330810546875 0.0178375244140625 0.0546112060546875
0.00893020629882813 0.019256591796875 0.0389747619628906 0.0143890380859375
0.0224971771240234 0.0182666778564453 0.0426712036132812 0.0212364196777344
0.0219230651855469 0.00562858581542969 0.0279541015625 0.0104846954345703
0.0187358856201172 -0.0037078857421875 0.0180950164794922 0.00896072387695313
0.0124416351318359 -0.00996303558349609 0.00821208953857422 0.00986385345458984
0.00456619262695313 -0.0147876739501953 -0.00284576416015625 0.0158405303955078
0.00180721282958984 -0.0103540420532227 -0.00782966613769531 0.0313796997070313
0.00260114669799805 -0.00799036026000977 -0.0135116577148437 0.0390396118164063
0.00454235076904297 -0.0109090805053711 -0.0234031677246094 0.0424537658691406
0.00826263427734375 -0.0108919143676758 -0.0360107421875 0.0343208312988281
0.0153036117553711 -0.00608634948730469 -0.03936767578125 0.0220909118652344
0.0190010070800781 -0.000553131103515625 -0.0302104949951172 0.00654220581054687
0.019500732421875 0.0121593475341797 -0.0130128860473633 -2.57492065429703E-05
0.0164813995361328 0.0209217071533203 0.0147018432617188 0.0273571014404297
0.00631904602050781 0.024383544921875 0.0194206237792969 0.0644912719726563
-0.00134181976318359 0.00331997871398926 -0.0266456604003906 -0.0586700439453125
-0.00359606742858887 -0.0027778148651123 -0.00945281982421875 -0.0251693725585938
-0.00742530822753906 0.00216150283813477 0.0150785446166992 0.000482559204101563
-0.00241804122924805 0.00716972351074219 0.0386810302734375 -0.00649261474609375
0.00354433059692383 0.00440645217895508 0.0424613952636719 -0.0218276977539063
0.00380825996398926 0.000611543655395508 0.0365104675292969 -0.0402259826660156
0.00422811508178711 -0.00443410873413086 0.0213584899902344 -0.0485458374023437
0.0022730827331543 -0.00304770469665527 0.0080413818359375 -0.0416297912597656
0.00231838226318359 -0.00351500511169434 0.001190185546875 -0.0312919616699219
0.00540494918823242 -0.00216770172119141 -0.00374412536621093 -0.0214309692382812
0.00537872314453125 0.00182962417602539 -0.0160160064697266 -0.0134668350219727
-0.00042867660522461 0.00531578063964844 -0.0212554931640625 -0.0112018585205078
-0.00695514678955078 -0.000304222106933595 -0.0282878875732422 -0.0150661468505859
-0.00155448913574219 -0.00601816177368164 -0.0415763854980469 -0.0173149108886719
-0.00127339363098145 -0.00227665901184082 -0.0386962890625 -0.0147552490234375
0.0115375518798828 0.0222949981689453 -0.0209083557128906 -0.05438232421875
0.0102806091308594 0.0136747360229492 -0.00291061401367188 -0.0207977294921875
0.00629997253417969 0.0128593444824219 0.0191555023193359 0.000577926635742188
0.0136270523071289 0.0130681991577148 0.0406608581542969 -0.00664901733398437
0.0178050994873047 0.00417900085449219 0.0421943664550781 -0.0209083557128906
0.0173969268798828 -0.00780200958251953 0.0352897644042969 -0.0394706726074219
0.0132102966308594 -0.0178031921386719 0.0191383361816406 -0.0445518493652344
0.0109262466430664 -0.0156078338623047 0.00460052490234375 -0.0368461608886719
0.0104579925537109 -0.01812744140625 -0.00282096862792969 -0.0257701873779297
0.01678466796875 -0.0165853500366211 -0.00750732421875 -0.0183525085449219
0.0200901031494141 -0.00757789611816406 -0.0194740295410156 -0.0110015869140625
0.017430305480957 0.000701904296875 -0.0223884582519531 -0.0108051300048828
0.0111551284790039 0.00473308563232422 -0.0288276672363281 -0.0140266418457031
0.0150413513183594 0.00583076477050781 -0.0375442504882813 -0.0129241943359375
0.0145463943481445 0.0122394561767578 -0.0340862274169922 -0.00996208190917969
0.0218467712402344 0.0389404296875 -0.0124549865722656 -0.044708251953125
0.0235786437988281 0.0300273895263672 0.00567436218261719 -0.0110664367675781
0.0208110809326172 0.0235080718994141 0.0239467620849609 0.003265380859375
0.029388427734375 0.0176563262939453 0.0421562194824219 -0.00569534301757812
0.0315818786621094 0.00265121459960938 0.0396842956542969 -0.0196952819824219
0.0293979644775391 -0.0163478851318359 0.0306472778320313 -0.0357704162597656
0.0203819274902344 -0.0282402038574219 0.0139350891113281 -0.0356941223144531
0.0173683166503906 -0.0262413024902344 0.000509262084960937 -0.0254535675048828
0.0164985656738281 -0.0306320190429688 -0.00630283355712891 -0.014348030090332
0.0242099761962891 -0.0291023254394531 -0.011749267578125 -0.00976276397705078
0.0309162139892578 -0.0163402557373047 -0.0230350494384766 -0.00461196899414063
0.0316638946533203 -0.00505828857421875 -0.0245285034179687 -0.00775337219238281
0.0273113250732422 0.00701522827148437 -0.0277519226074219 -0.0127849578857422
0.0305099487304687 0.0160140991210937 -0.0289344787597656 -0.00845909118652344
0.0280990600585938 0.0249366760253906 -0.0248889923095703 -0.00129318237304688
0.03021240234375 0.0496711730957031 -0.00127029418945312 -0.0298633575439453
0.0357894897460938 0.041259765625 0.0154542922973633 0.00124454498291016
0.0353012084960938 0.029327392578125 0.0282230377197266 0.00695228576660156
0.0425033569335938 0.0176773071289063 0.0412940979003906 -0.00396347045898437
0.041656494140625 -0.000965118408203125 0.0342426300048828 -0.0163707733154297
0.0366477966308594 -0.0238304138183594 0.0223045349121094 -0.0286655426025391
0.0235176086425781 -0.0347805023193359 0.00728607177734375 -0.0226173400878906
0.0204029083251953 -0.0322666168212891 -0.00381374359130859 -0.0108327865600586
0.0206260681152344 -0.0371971130371094 -0.00914764404296875 -0.00020694732666016
0.0282058715820313 -0.0358963012695313 -0.0157222747802734 0.002105712890625
0.0371017456054688 -0.0219039916992188 -0.0261497497558594 0.00400543212890625
0.0409278869628906 -0.00973892211914062 -0.02569580078125 -0.00425338745117187
0.0394744873046875 0.00856399536132813 -0.0251808166503906 -0.0119514465332031
0.0410728454589844 0.0229148864746094 -0.0175552368164062 -0.00380706787109375
0.0366630554199219 0.0338973999023438 -0.0122671127319336 0.0109338760375977
0.0337944030761719 0.0520095825195313 0.0120096206665039 -0.0138416290283203
0.0434074401855469 0.0454139709472656 0.0254669189453125 0.0126857757568359
0.0443382263183594 0.0294570922851563 0.0306797027587891 0.00990104675292969
0.0494270324707031 0.0134468078613281 0.0364646911621094 -0.000789642333984374
0.0452957153320313 -0.00670242309570313 0.0261020660400391 -0.0107040405273437
0.0364646911621094 -0.0287017822265625 0.0128250122070313 -0.0182762145996094
0.0228538513183594 -0.0364837646484375 0.000945568084716798 -0.00641870498657227
0.0209121704101563 -0.0330085754394531 -0.00702762603759766 0.00577116012573242
0.0206222534179688 -0.0381965637207031 -0.0120477676391602 0.0151472091674805
0.02874755859375 -0.0369796752929688 -0.0201416015625 0.0142326354980469
0.03900146484375 -0.0222091674804688 -0.0293560028076172 0.0127182006835938
0.0445709228515625 -0.009918212890625 -0.02642822265625 0.000297546386718748
0.0447463989257813 0.0112075805664063 -0.0209236145019531 -0.009979248046875
0.0449752807617187 0.02880859375 -0.00428104400634765 0.00227642059326172
0.0379638671875 0.0403480529785156 0.00164985656738281 0.0249614715576172
0.0319290161132812 0.0465888977050781 0.0249900817871094 -0.00025367736816406
0.0446357727050781 0.0411491394042969 0.0359115600585938 0.0195274353027344
0.0452156066894531 0.0231666564941406 0.0319747924804688 0.0110530853271484
0.0477714538574219 0.00638961791992188 0.0300197601318359 0.00213432312011719
0.0398139953613281 -0.0115547180175781 0.0174722671508789 -0.00405597686767578
0.0295886993408203 -0.0301704406738281 0.00481557846069336 -0.00524711608886719
0.0170269012451172 -0.0330677032470703 -0.00442314147949219 0.00968837738037109
0.0165786743164063 -0.0290260314941406 -0.00985908508300781 0.0212440490722656
0.0189189910888672 -0.0328006744384766 -0.0154800415039063 0.0289058685302734
0.0254249572753906 -0.03131103515625 -0.0245761871337891 0.0256252288818359
0.0358467102050781 -0.0181541442871094 -0.0315761566162109 0.01971435546875
0.0420989990234375 -0.00699234008789063 -0.0271701812744141 0.00382804870605468
0.0416641235351563 0.0145339965820312 -0.0163774490356445 -0.00701427459716797
0.0409164428710938 0.0312614440917969 0.00720310211181641 0.00992298126220703
0.0325927734375 0.0413589477539063 0.0132255554199219 0.0395660400390625
0.0239162445068359 0.0339546203613281 0.0350284576416016 0.00843429565429688
0.0381927490234375 0.029937744140625 0.0420188903808594 0.0216598510742188
0.0373115539550781 0.0128173828125 0.0312919616699219 0.0101947784423828
0.0363693237304687 -0.0008087158203125 0.0233554840087891 0.005767822265625
0.0273227691650391 -0.0135135650634766 0.0115880966186523 0.00392246246337891
0.0176582336425781 -0.0249271392822266 -0.000389099121093749 0.00657415390014648
0.0100727081298828 -0.0233669281005859 -0.00607872009277344 0.0236434936523438
0.010498046875 -0.0200290679931641 -0.0110797882080078 0.0333652496337891
0.0124988555908203 -0.0235080718994141 -0.0185661315917969 0.0393524169921875
0.0187492370605469 -0.0215606689453125 -0.0288791656494141 0.0334701538085937
0.0273799896240234 -0.0117568969726563 -0.0355033874511719 0.0236015319824219
0.0330810546875 -0.00249862670898437 -0.0285682678222656 0.00667953491210938
0.0328826904296875 0.0155467987060547 -0.0136995315551758 -0.0029592514038086
0.0304164886474609 0.029144287109375 0.0149612426757813 0.0184726715087891
0.021575927734375 0.0362472534179687 0.0204010009765625 0.0534439086914063
0.0110225677490234 0.0181694030761719 0.0416641235351563 0.0121269226074219
0.0240192413330078 0.0161590576171875 0.0443916320800781 0.0198554992675781
0.0222702026367187 0.00362205505371094 0.0292167663574219 0.00918006896972656
0.0186958312988281 -0.00559234619140625 0.0194282531738281 0.00821495056152344
0.0116777420043945 -0.0115346908569336 0.00919342041015625 0.00959110260009766
0.00347614288330078 -0.0146389007568359 -0.00124931335449219 0.0167484283447266
0.00159931182861328 -0.00985336303710938 -0.00545501708984375 0.0326557159423828
0.00272798538208008 -0.0079493522644043 -0.0112686157226562 0.040283203125
0.00356101989746094 -0.0108585357666016 -0.0205802917480469 0.0450782775878906
0.00709724426269531 -0.0120534896850586 -0.0344352722167969 0.037017822265625
0.0143423080444336 -0.00734043121337891 -0.0384597778320313 0.0250358581542969
0.0192604064941406 -0.00160980224609375 -0.0303173065185547 0.00850868225097656
0.0200004577636719 0.0105857849121094 -0.0135049819946289 0.000818252563476563
0.0184726715087891 0.0198535919189453 0.0156536102294922 0.0258121490478516
0.0081634521484375 0.0247249603271484 0.0230674743652344 0.063995361328125
-8.96453857421874E-05 0.00345015525817871 -0.0289649963378906 -0.0556716918945313
-0.00315308570861816 -0.00268936157226562 -0.0104446411132813 -0.0241241455078125
-0.00737619400024414 0.00282526016235352 0.0149059295654297 -0.000467300415039062
-0.00119400024414063 0.00739002227783203 0.0377655029296875 -0.00877761840820312
0.00350117683410645 0.0038459300994873 0.0410003662109375 -0.0240936279296875
0.00402998924255371 -0.000136852264404297 0.0333480834960938 -0.0418663024902344
0.00330924987792969 -0.00464248657226563 0.0176010131835938 -0.0485305786132813
0.00289177894592285 -0.00319433212280273 0.00463485717773438 -0.0412826538085938
0.00252246856689453 -0.00373744964599609 -0.00114250183105468 -0.0312213897705078
0.00571775436401367 -0.00239992141723633 -0.004425048828125 -0.0212593078613281
0.00591945648193359 0.00193452835083008 -0.0158967971801758 -0.0126371383666992
-0.000152587890625 0.005462646484375 -0.0214576721191406 -0.0102863311767578
-0.00666570663452148 0.000403404235839845 -0.0286540985107422 -0.0148468017578125
-0.00190019607543945 -0.00518369674682617 -0.0423049926757813 -0.0153274536132812
-0.00150847434997559 -0.0019230842590332 -0.03924560546875 -0.0124244689941406
0.0136928558349609 0.0213813781738281 -0.0221748352050781 -0.0517311096191406
0.0109233856201172 0.0127363204956055 -0.00332069396972656 -0.0197429656982422
0.00702381134033203 0.0123929977416992 0.0184898376464844 -0.000133514404296874
0.0139026641845703 0.0120067596435547 0.0397491455078125 -0.00835418701171875
0.0180511474609375 0.00292778015136719 0.0408706665039063 -0.0228614807128906
0.0166740417480469 -0.00939750671386719 0.0323867797851563 -0.0405998229980469
0.0118045806884766 -0.0185699462890625 0.0163040161132812 -0.0442047119140625
0.0102682113647461 -0.0166378021240234 0.00201416015625 -0.0354843139648438
0.00972557067871094 -0.0189800262451172 -0.00451278686523438 -0.0252094268798828
0.0158672332763672 -0.0171241760253906 -0.00878334045410156 -0.0182323455810547
0.0195178985595703 -0.00859260559082031 -0.0200176239013672 -0.0101165771484375
0.0171089172363281 9.5367431640625E-05 -0.0225257873535156 -0.0095367431640625
0.0109977722167969 0.00419521331787109 -0.0291461944580078 -0.0130081176757813
0.0147294998168945 0.00507068634033203 -0.038177490234375 -0.0116996765136719
0.0149936676025391 0.0113134384155273 -0.0347537994384766 -0.00735473632812499
0.0240631103515625 0.0367622375488281 -0.0133476257324219 -0.0418357849121094
0.0251293182373047 0.0278530120849609 0.0055685043334961 -0.0102825164794922
0.0223979949951172 0.0223102569580078 0.0239353179931641 0.00216293334960938
0.0298728942871094 0.0153751373291016 0.0413322448730469 -0.00786209106445312
0.0317039489746094 0.0006561279296875 0.0382499694824219 -0.0212783813476563
0.0277824401855469 -0.017791748046875 0.0278434753417969 -0.0367965698242188
0.0180454254150391 -0.0293769836425781 0.0116043090820313 -0.0352783203125
0.0158004760742187 -0.02679443359375 -0.00102996826171875 -0.0243434906005859
0.0153694152832031 -0.0311794281005859 -0.00736522674560547 -0.0134735107421875
0.022552490234375 -0.0298843383789063 -0.012690544128418 -0.00912570953369141
0.0299510955810547 -0.017913818359375 -0.0237808227539063 -0.00308036804199219
0.0307846069335938 -0.00701713562011719 -0.0249290466308594 -0.00641441345214844
0.0273246765136719 0.00595664978027344 -0.0279541015625 -0.0113315582275391
0.0304012298583984 0.0132293701171875 -0.0302467346191406 -0.00630378723144532
0.0293655395507812 0.0224571228027344 -0.0254611968994141 0.000288009643554685
0.0328559875488281 0.0467872619628906 -0.00141334533691406 -0.0281448364257812
0.0374374389648438 0.0385398864746094 0.0155000686645508 0.00130939483642578
0.0360679626464844 0.0270042419433594 0.0289287567138672 0.00613594055175781
0.0430335998535156 0.0144691467285156 0.0404434204101563 -0.00524139404296875
0.0407447814941406 -0.00331878662109375 0.0328826904296875 -0.0172843933105469
0.0340671539306641 -0.0250492095947266 0.0203895568847656 -0.0292072296142578
0.0208549499511719 -0.0357780456542969 0.00527000427246094 -0.0214405059814453
0.0182933807373047 -0.0327682495117188 -0.00430107116699219 -0.00923728942871094
0.0177040100097656 -0.0381698608398438 -0.0092935562133789 0.000534057617187497
0.0255088806152344 -0.0372695922851563 -0.016026496887207 0.00282764434814453
0.0351829528808594 -0.023712158203125 -0.0259742736816406 0.00543403625488281
0.0396194458007813 -0.0123100280761719 -0.0259666442871094 -0.00232124328613281
0.0393829345703125 0.00647735595703125 -0.0261478424072266 -0.01019287109375
0.0417098999023438 0.0204658508300781 -0.0179042816162109 -0.00219345092773437
0.0380439758300781 0.0317115783691406 -0.0126008987426758 0.0112953186035156
0.0366783142089844 0.0487518310546875 0.0118179321289063 -0.0135173797607422
0.0448112487792969 0.0415611267089844 0.0264987945556641 0.0116729736328125
0.0449333190917969 0.0261306762695313 0.0315780639648438 0.00869369506835938
0.0500564575195313 0.0100860595703125 0.0366630554199219 -0.00217056274414062
0.0442733764648438 -0.0086822509765625 0.0249996185302734 -0.0122509002685547
0.0340461730957031 -0.0297565460205078 0.0112648010253906 -0.01861572265625
0.0199241638183594 -0.0370979309082031 0.000456333160400392 -0.0061941146850586
0.0183181762695313 -0.03387451171875 -0.00696372985839844 0.00681209564208984
0.0181427001953125 -0.0385551452636719 -0.0108394622802734 0.0159492492675781
0.0260391235351563 -0.0377883911132813 -0.0194206237792969 0.0154132843017578
0.0368232727050781 -0.0244216918945312 -0.0281391143798828 0.0138015747070312
0.0434112548828125 -0.0129585266113281 -0.0262584686279297 0.00170707702636719
0.0439414978027344 0.00913619995117187 -0.0221347808837891 -0.00829887390136719
0.0455169677734375 0.0257797241210938 -0.00526142120361328 0.00259542465209961
0.0399360656738281 0.036773681640625 0.0018768310546875 0.0243282318115234
0.0338706970214844 0.0434799194335938 0.0246906280517578 -0.00109100341796875
0.0464210510253906 0.0371017456054688 0.0359764099121094 0.0182113647460938
0.045623779296875 0.0199928283691406 0.0323143005371094 0.0108737945556641
0.0473747253417969 0.003204345703125 0.0300960540771484 0.00124168395996094
0.0381240844726563 -0.0135269165039063 0.0170488357543945 -0.00454616546630859
0.0270309448242188 -0.0307464599609375 0.00436544418334961 -0.00560283660888672
0.015045166015625 -0.0330238342285156 -0.00360584259033203 0.00963115692138672
0.015380859375 -0.0289707183837891 -0.00824928283691406 0.0217876434326172
0.0159034729003906 -0.0342235565185547 -0.0132293701171875 0.0300769805908203
0.0227317810058594 -0.0321445465087891 -0.0233192443847656 0.0266857147216797
0.0342521667480469 -0.0202217102050781 -0.0300083160400391 0.0207958221435547
0.0405235290527344 -0.0096435546875 -0.0265617370605469 0.00604820251464844
0.0416984558105469 0.0124740600585937 -0.017024040222168 -0.00537586212158203
0.04205322265625 0.028350830078125 0.00705909729003907 0.00958442687988281
0.0343246459960938 0.0387382507324219 0.0143814086914063 0.0381851196289063
0.0258808135986328 0.0315799713134766 0.0356101989746094 0.00658798217773438
0.0388679504394531 0.0268516540527344 0.0429039001464844 0.0194892883300781
0.0372200012207031 0.0107994079589844 0.0316505432128906 0.00980758666992187
0.035858154296875 -0.00257110595703125 0.0237483978271484 0.00500297546386719
0.0261173248291016 -0.015045166015625 0.0113658905029297 0.00392913818359375
0.0151405334472656 -0.0254497528076172 -7.7247619628906E-05 0.00707626342773437
0.00790023803710937 -0.0233345031738281 -0.00466346740722656 0.0232601165771484
0.00923919677734375 -0.0198402404785156 -0.00872039794921875 0.034088134765625
0.0108757019042969 -0.0234642028808594 -0.0153770446777344 0.0400619506835938
0.0169334411621094 -0.0229377746582031 -0.0275688171386719 0.0342521667480469
0.0260410308837891 -0.0135269165039063 -0.0334835052490234 0.0252304077148438
0.0323257446289063 -0.00543594360351563 -0.0275707244873047 0.0081024169921875
0.0325832366943359 0.0128402709960937 -0.0142850875854492 -0.00152587890625
0.0314922332763672 0.0268383026123047 0.0149478912353516 0.0179557800292969
0.0234870910644531 0.0341110229492188 0.0228042602539063 0.0516548156738281
0.0114374160766602 0.0167484283447266 0.0416259765625 0.010223388671875
0.0244922637939453 0.0141143798828125 0.045318603515625 0.0172538757324219
0.0220108032226563 0.00204658508300781 0.0294952392578125 0.00882339477539063
0.0177898406982422 -0.00611114501953125 0.0198249816894531 0.00818824768066406
0.0106687545776367 -0.0116147994995117 0.00966548919677734 0.00928020477294922
0.00186347961425781 -0.0137119293212891 -0.000347137451171874 0.016514778137207
0.000411033630371094 -0.00914669036865234 -0.0030517578125 0.0313587188720703
0.00217819213867188 -0.00785207748413086 -0.008026123046875 0.0405158996582031
0.0030059814453125 -0.0100364685058594 -0.017547607421875 0.0455741882324219
0.00583171844482422 -0.0112028121948242 -0.0322113037109375 0.0385398864746094
0.0137844085693359 -0.00761127471923828 -0.0363883972167969 0.0265464782714844
0.0184822082519531 -0.00337600708007813 -0.0289096832275391 0.010406494140625
0.0202178955078125 0.00881576538085938 -0.0136280059814453 0.00156211853027344
0.0185832977294922 0.0189495086669922 0.0169258117675781 0.0240325927734375
0.00988960266113281 0.0225334167480469 0.0252494812011719 0.0611152648925781
8.6784362792969E-05 0.00365924835205078 -0.0283088684082031 -0.0533027648925781
-0.00317096710205078 -0.00242996215820313 -0.0103740692138672 -0.0222740173339844
-0.00662946701049805 0.00293302536010742 0.014765739440918 -0.00100135803222656
-0.00101327896118164 0.00679302215576172 0.0363578796386719 -0.00946044921875
0.00383448600769043 0.00320172309875488 0.0392646789550781 -0.0244369506835938
0.0038752555847168 -0.000578880310058594 0.0314865112304688 -0.0416221618652344
0.00383090972900391 -0.005859375 0.0153617858886719 -0.0476341247558594
0.0027778148651123 -0.00402617454528809 0.00338363647460938 -0.0393753051757813
0.00302743911743164 -0.00404906272888184 -0.00267410278320313 -0.0298061370849609
0.00599384307861328 -0.00289487838745117 -0.00531578063964844 -0.0207786560058594
0.00664615631103516 0.00162124633789063 -0.0165805816650391 -0.0121364593505859
0.000581741333007812 0.00583076477050781 -0.021270751953125 -0.00980758666992188
-0.00601816177368164 0.000960826873779296 -0.0280647277832031 -0.0137042999267578
-0.0025181770324707 -0.00461244583129883 -0.0415916442871094 -0.0141716003417969
-0.00131690502166748 -0.00140583515167236 -0.0387992858886719 -0.0115928649902344
0.0133876800537109 0.0206050872802734 -0.0217247009277344 -0.0490493774414063
0.0114669799804688 0.0122308731079102 -0.00348854064941406 -0.0181694030761719
0.00745773315429688 0.0120048522949219 0.0185928344726563 -0.000602722167968749
0.0144863128662109 0.0111188888549805 0.0385780334472656 -0.00913619995117188
0.0177822113037109 0.0018157958984375 0.0386772155761719 -0.0229454040527344
0.0164041519165039 -0.00963401794433594 0.0300941467285156 -0.0406379699707031
0.0115871429443359 -0.0181903839111328 0.0143966674804688 -0.042724609375
0.00976943969726563 -0.0168399810791016 0.000534057617187503 -0.0340557098388672
0.00896835327148437 -0.0191631317138672 -0.00515174865722656 -0.0236320495605469
0.0149593353271484 -0.0174112319946289 -0.00954055786132812 -0.0175971984863281
0.0192909240722656 -0.00907516479492188 -0.0197391510009766 -0.00922775268554688
0.0171699523925781 -0.000303268432617188 -0.0224037170410156 -0.0088958740234375
0.01080322265625 0.00447750091552734 -0.0285396575927734 -0.012542724609375
0.0145473480224609 0.00529003143310547 -0.0375862121582031 -0.0103607177734375
0.0151872634887695 0.0112323760986328 -0.0346508026123047 -0.00714683532714843
0.0249061584472656 0.0350360870361328 -0.0133895874023438 -0.0395545959472656
0.0249137878417969 0.0263137817382813 0.00506210327148438 -0.00968742370605469
0.0222244262695313 0.0209865570068359 0.0234622955322266 0.002349853515625
0.0298881530761719 0.0140514373779297 0.0401039123535156 -0.0078125
0.0308647155761719 0.000143051147460938 0.036376953125 -0.0214157104492187
0.0262851715087891 -0.0180282592773438 0.0263023376464844 -0.0362586975097656
0.0171108245849609 -0.0283145904541016 0.010498046875 -0.0337924957275391
0.0146312713623047 -0.0268268585205078 -0.00217628479003906 -0.0223007202148438
0.0137519836425781 -0.0303134918212891 -0.00777435302734375 -0.0124797821044922
0.0206565856933594 -0.030181884765625 -0.0135202407836914 -0.00853347778320313
0.0287971496582031 -0.0180530548095703 -0.0233993530273437 -0.00242424011230469
0.0299758911132813 -0.00751686096191406 -0.0242271423339844 -0.00519752502441407
0.0266895294189453 0.00537300109863281 -0.0278282165527344 -0.0104103088378906
0.0297393798828125 0.0133590698242188 -0.02923583984375 -0.00602340698242188
0.0286922454833984 0.0215702056884766 -0.0247917175292969 0.000839233398437503
0.0332565307617188 0.0440559387207031 -0.00130653381347656 -0.0266551971435547
0.0372810363769531 0.0358047485351563 0.0152549743652344 0.00181770324707031
0.0359077453613281 0.0253562927246094 0.0278949737548828 0.00611114501953125
0.0426902770996094 0.0135574340820313 0.0386466979980469 -0.0051422119140625
0.0397415161132813 -0.00463485717773438 0.0316448211669922 -0.0174636840820313
0.0317840576171875 -0.0256137847900391 0.0184497833251953 -0.0283622741699219
0.0193367004394531 -0.0351943969726563 0.00530433654785157 -0.0207901000976563
0.0172710418701172 -0.0324974060058594 -0.00476741790771484 -0.00846624374389649
0.0158309936523437 -0.0374298095703125 -0.0091705322265625 0.00124549865722656
0.0236167907714844 -0.0372581481933594 -0.0162067413330078 0.00289821624755859
0.0334358215332031 -0.0245838165283203 -0.0252437591552734 0.00600433349609375
0.0385208129882813 -0.0129203796386719 -0.02508544921875 -0.00157737731933594
0.0380477905273438 0.00582504272460938 -0.025970458984375 -0.00862693786621094
0.0408859252929688 0.0190277099609375 -0.0182762145996094 -0.00174331665039062
0.0378570556640625 0.0292434692382813 -0.0118923187255859 0.0118732452392578
0.0369644165039062 0.0462074279785156 0.0117626190185547 -0.012660026550293
0.0444259643554688 0.0390243530273438 0.0259456634521484 0.0111827850341797
0.0444908142089844 0.0244140625 0.0309028625488281 0.00898933410644532
0.0491600036621094 0.00820159912109375 0.0352897644042969 -0.00186920166015625
0.0422515869140625 -0.010009765625 0.0241298675537109 -0.0116348266601563
0.0315208435058594 -0.0298213958740234 0.0104713439941406 -0.0180473327636719
0.0177040100097656 -0.0362091064453125 0.000354290008544923 -0.00563478469848633
0.0171756744384766 -0.0324840545654297 -0.00641107559204101 0.00752830505371094
0.0160293579101563 -0.0379104614257812 -0.0108156204223633 0.0163822174072266
0.0238418579101563 -0.0374717712402344 -0.0191440582275391 0.0154495239257812
0.0350399017333984 -0.0250110626220703 -0.0277137756347656 0.0143985748291016
0.0412178039550781 -0.0135269165039063 -0.0256004333496094 0.00298118591308593
0.0427207946777344 0.00782012939453125 -0.0220088958740234 -0.00691413879394531
0.0446739196777344 0.0241508483886719 -0.00529623031616211 0.00266408920288086
0.0391578674316406 0.03448486328125 0.00175094604492188 0.0235214233398438
0.0349807739257813 0.0410690307617188 0.0248489379882813 -0.000812530517578123
0.0451240539550781 0.0345649719238281 0.0349941253662109 0.0173110961914063
0.0446815490722656 0.0184402465820313 0.0317325592041016 0.0105743408203125
0.0455245971679688 0.0016632080078125 0.0291728973388672 0.00180625915527344
0.037017822265625 -0.0143547058105469 0.0165519714355469 -0.00384998321533203
0.0251922607421875 -0.0297107696533203 0.00360202789306641 -0.00448417663574219
0.0138492584228516 -0.0319118499755859 -0.00242805480957031 0.0105648040771484
0.0137920379638672 -0.0285472869873047 -0.00721359252929687 0.0218009948730469
0.0141658782958984 -0.0329437255859375 -0.0116081237792969 0.0295200347900391
0.0212421417236328 -0.0314865112304688 -0.0222015380859375 0.0264892578125
0.0319461822509766 -0.0201778411865234 -0.0292739868164063 0.0214004516601562
0.0395736694335938 -0.0105628967285156 -0.0258197784423828 0.00631904602050781
0.0401573181152344 0.0108146667480469 -0.017298698425293 -0.0047454833984375
0.0411720275878906 0.026458740234375 0.00686264038085938 0.00877475738525391
0.034912109375 0.0360946655273438 0.0139617919921875 0.0367698669433594
0.0257797241210937 0.0290546417236328 0.0352897644042969 0.00662994384765625
0.0380706787109375 0.0246696472167969 0.0419998168945312 0.0186614990234375
0.0360679626464844 0.00979995727539063 0.0307197570800781 0.00890922546386719
0.0337619781494141 -0.00436210632324219 0.0233478546142578 0.00515937805175781
0.0246429443359375 -0.0149822235107422 0.0112161636352539 0.00353050231933594
0.0139236450195313 -0.0244007110595703 0.000205516815185548 0.00778388977050781
0.00687026977539063 -0.0222129821777344 -0.00379371643066406 0.0228347778320313
0.00846099853515625 -0.0191593170166016 -0.00697708129882813 0.0332794189453125
0.00912666320800781 -0.0231533050537109 -0.0133438110351563 0.0389060974121094
0.0144577026367187 -0.0220985412597656 -0.0267105102539062 0.0340003967285156
0.0245227813720703 -0.0140419006347656 -0.0320682525634766 0.0251731872558594
0.0306282043457031 -0.00629043579101562 -0.0269737243652344 0.00864028930664063
0.0317592620849609 0.0114459991455078 -0.0143089294433594 -0.0010986328125
0.0316810607910156 0.0248985290527344 0.0144767761230469 0.0161685943603516
0.0240821838378906 0.0313625335693359 0.0222129821777344 0.0495223999023438
0.0119247436523438 0.0149421691894531 0.0411529541015625 0.00935745239257813
0.023712158203125 0.0124492645263672 0.0443954467773438 0.0161323547363281
0.0215606689453125 0.00144577026367187 0.0289077758789062 0.00785255432128906
0.0171623229980469 -0.00680065155029297 0.019134521484375 0.00873565673828125
0.00951004028320313 -0.0113239288330078 0.00932693481445313 0.00947856903076172
0.00141525268554688 -0.0130558013916016 0.000200271606445314 0.0164928436279297
-0.000239849090576172 -0.00809192657470703 -0.00181007385253907 0.0303401947021484
0.0018467903137207 -0.0069117546081543 -0.00592041015625 0.0394821166992187
0.00244235992431641 -0.00917911529541016 -0.0156135559082031 0.0446281433105469
0.00516223907470703 -0.0109777450561523 -0.0304527282714844 0.0374946594238281
0.0125789642333984 -0.00820827484130859 -0.0350112915039063 0.0265998840332031
0.0179862976074219 -0.00393867492675781 -0.0280685424804688 0.0106296539306641
0.0199108123779297 0.00853538513183594 -0.0136547088623047 0.00225734710693359
0.0186939239501953 0.0173206329345703 0.0163459777832031 0.0226154327392578
0.0105648040771484 0.0208568572998047 0.0251846313476563 0.0580863952636719
0.000861406326293945 0.00406289100646973 -0.0266685485839844 -0.0517082214355469
-0.00394129753112793 -0.00248050689697266 -0.00992012023925781 -0.0218391418457031
-0.00602483749389648 0.00319147109985352 0.0145883560180664 -0.000739097595214844
-0.000133991241455079 0.00618553161621094 0.03515625 -0.00867080688476563
0.00423622131347656 0.00321221351623535 0.0386009216308594 -0.0229759216308594
0.00428390502929688 -0.0010678768157959 0.0317611694335938 -0.0407791137695313
0.00391530990600586 -0.00576686859130859 0.0156135559082031 -0.046112060546875
0.00338125228881836 -0.00440025329589844 0.00321197509765625 -0.0383949279785156
0.00365042686462402 -0.00403118133544922 -0.00241661071777344 -0.0292129516601563
0.00593996047973633 -0.00291728973388672 -0.00591278076171875 -0.0216808319091797
0.00656270980834961 0.00107002258300781 -0.0157546997070313 -0.0122337341308594
0.000676155090332031 0.0062713623046875 -0.0206527709960938 -0.0107707977294922
-0.00579309463500977 0.00112533569335938 -0.0276317596435547 -0.0147075653076172
-0.00237250328063965 -0.00408411026000977 -0.04071044921875 -0.014251708984375
-0.00131595134735107 -0.000974297523498535 -0.0385818481445313 -0.011627197265625
0.0137233734130859 0.0204639434814453 -0.0206413269042969 -0.0480003356933594
0.011322021484375 0.0120973587036133 -0.00280952453613281 -0.0176181793212891
0.0078582763671875 0.0121517181396484 0.0185127258300781 8.96453857421882E-05
0.0143756866455078 0.0107078552246094 0.0380020141601563 -0.00810623168945313
0.0175104141235352 0.00218677520751953 0.0383338928222656 -0.0224151611328125
0.015690803527832 -0.00987815856933594 0.0300369262695313 -0.0388717651367188
0.0105781555175781 -0.0187511444091797 0.0141143798828125 -0.0411911010742188
0.0101699829101562 -0.0161895751953125 0.000860214233398441 -0.0325336456298828
0.00934600830078125 -0.0185871124267578 -0.00583076477050781 -0.0230598449707031
0.0150518417358398 -0.0174503326416016 -0.00972747802734375 -0.0177440643310547
0.0196895599365234 -0.00909614562988281 -0.0194931030273438 -0.00936508178710938
0.0175313949584961 -0.000241279602050781 -0.0222320556640625 -0.00925064086914062
0.0109634399414063 0.00505352020263672 -0.0285167694091797 -0.0124282836914063
0.0142965316772461 0.00636863708496094 -0.0371017456054688 -0.0105133056640625
0.0148468017578125 0.0108890533447266 -0.0340766906738281 -0.00705146789550781
0.0240364074707031 0.0345859527587891 -0.011962890625 -0.0384178161621094
0.0241470336914063 0.0259342193603516 0.00559663772583008 -0.00835275650024414
0.02191162109375 0.0210418701171875 0.0229854583740234 0.0028533935546875
0.0292816162109375 0.01385498046875 0.0396614074707031 -0.00671005249023437
0.0301074981689453 -0.000164031982421875 0.0363807678222656 -0.0201988220214844
0.0257644653320313 -0.0176200866699219 0.0255699157714844 -0.0343265533447266
0.0163402557373047 -0.0284214019775391 0.0102291107177734 -0.0327262878417969
0.0149173736572266 -0.0265254974365234 -0.00170135498046875 -0.0216102600097656
0.0139274597167969 -0.0308246612548828 -0.00793647766113281 -0.0120201110839844
0.0213336944580078 -0.0296726226806641 -0.0136890411376953 -0.00827980041503907
0.0287342071533203 -0.0175609588623047 -0.0231609344482422 -0.0025787353515625
0.0302925109863281 -0.00709915161132813 -0.0241031646728516 -0.00614356994628907
0.0265159606933594 0.0066375732421875 -0.0279331207275391 -0.0101890563964844
0.0288925170898438 0.0140132904052734 -0.0292282104492187 -0.00581932067871094
0.0284347534179687 0.0214920043945313 -0.0250415802001953 0.00102424621582031
0.0329093933105469 0.0433845520019531 -9.72747802734364E-05 -0.0257129669189453
0.0363388061523438 0.0354270935058594 0.0153036117553711 0.00202465057373047
0.0344963073730469 0.0256843566894531 0.0278434753417969 0.00686073303222656
0.0413017272949219 0.0129051208496094 0.03900146484375 -0.00410079956054688
0.0387954711914063 -0.0044403076171875 0.0303630828857422 -0.0161094665527344
0.0311508178710938 -0.0249366760253906 0.0185642242431641 -0.0279598236083984
0.0187721252441406 -0.0338783264160156 0.00487518310546875 -0.0197563171386719
0.0173282623291016 -0.0317039489746094 -0.00409507751464844 -0.00763607025146485
0.0157890319824219 -0.0366706848144531 -0.00943279266357422 0.00173664093017578
0.0235748291015625 -0.0363006591796875 -0.0160493850708008 0.00276184082031249
0.0338001251220703 -0.0246486663818359 -0.0252876281738281 0.00580596923828124
0.037933349609375 -0.0119743347167969 -0.0249977111816406 -0.00155067443847656
0.0370597839355469 0.0063018798828125 -0.0258960723876953 -0.00852775573730469
0.0394821166992188 0.0193367004394531 -0.0180072784423828 -0.00194358825683594
0.0368995666503906 0.0291976928710938 -0.0125064849853516 0.0113058090209961
0.0366973876953125 0.0458717346191406 0.0129432678222656 -0.0119752883911133
0.0431175231933594 0.0383071899414063 0.0258388519287109 0.0119762420654297
0.0430221557617188 0.0243949890136719 0.0300941467285156 0.00993156433105469
0.04815673828125 0.00867462158203125 0.0354385375976563 -0.000595092773437499
0.0419387817382813 -0.00939559936523438 0.0236358642578125 -0.0101661682128906
0.0313358306884766 -0.0292854309082031 0.0100870132446289 -0.016993522644043
0.0183258056640625 -0.0345611572265625 0.000182151794433594 -0.00466108322143555
0.0164928436279297 -0.0324668884277344 -0.0059514045715332 0.00811290740966797
0.016265869140625 -0.0376358032226563 -0.0103273391723633 0.0160799026489258
0.0228080749511719 -0.0365715026855469 -0.0193901062011719 0.0157108306884766
0.0347938537597656 -0.0250396728515625 -0.02728271484375 0.0143203735351562
0.0406608581542969 -0.0134162902832031 -0.0258998870849609 0.00234603881835937
0.0415573120117188 0.00839996337890625 -0.0220794677734375 -0.00626564025878907
0.0437507629394531 0.0240669250488281 -0.00559425354003906 0.00292015075683594
0.0385093688964844 0.0341796875 0.000757217407226564 0.0234451293945313
0.0342025756835938 0.0403099060058594 0.0250568389892578 -0.000389099121093747
0.0437164306640625 0.0344505310058594 0.0349578857421875 0.0180873870849609
0.0433082580566406 0.0185737609863281 0.0318870544433594 0.0115203857421875
0.0453758239746094 0.00174331665039062 0.029388427734375 0.002960205078125
0.0358009338378906 -0.0139541625976563 0.0157136917114258 -0.00310134887695313
0.0248794555664062 -0.0290336608886719 0.00327229499816895 -0.00406479835510254
0.0135898590087891 -0.0306568145751953 -0.00262737274169922 0.010467529296875
0.0134639739990234 -0.0276985168457031 -0.00696182250976562 0.0218181610107422
0.0140800476074219 -0.0323333740234375 -0.0114822387695313 0.0295562744140625
0.0206851959228516 -0.0308399200439453 -0.02239990234375 0.0260524749755859
0.0313472747802734 -0.0202751159667969 -0.0284919738769531 0.0212078094482422
0.0387077331542969 -0.0101051330566406 -0.0262069702148437 0.00586318969726562
0.039276123046875 0.0110511779785156 -0.0175876617431641 -0.00436210632324219
0.0401992797851563 0.0263404846191406 0.00622415542602539 0.00847530364990235
0.0340690612792969 0.0353813171386719 0.0128326416015625 0.0361366271972656
0.0251636505126953 0.0290145874023438 0.0347633361816406 0.00676155090332031
0.036834716796875 0.0239410400390625 0.0412101745605469 0.0194740295410156
0.0346546173095703 0.0100345611572266 0.0301780700683594 0.0105667114257812
0.0332965850830078 -0.00393295288085938 0.0228404998779297 0.00662040710449219
0.0242137908935547 -0.0146083831787109 0.0108890533447266 0.0046234130859375
0.0135288238525391 -0.0236110687255859 5.62667846679699E-05 0.00763034820556641
0.0063018798828125 -0.021026611328125 -0.00326728820800781 0.0227756500244141
0.00830268859863281 -0.0183601379394531 -0.00626182556152344 0.0330772399902344
0.00874519348144531 -0.0218601226806641 -0.0127143859863281 0.0387077331542969
0.0141220092773438 -0.0211582183837891 -0.0259342193603516 0.0336704254150391
0.0241165161132813 -0.0135269165039063 -0.0320301055908203 0.0244693756103516
0.0302066802978516 -0.00584793090820313 -0.0260734558105469 0.00868034362792969
0.0309009552001953 0.0120429992675781 -0.0144681930541992 -0.0010232925415039
0.0308914184570313 0.0247306823730469 0.0135736465454102 0.0158891677856445
0.0239162445068359 0.0308837890625 0.0211143493652344 0.048797607421875
0.0116128921508789 0.0138683319091797 0.0403785705566406 0.00981521606445313
0.0233554840087891 0.0111103057861328 0.0439224243164063 0.0162506103515625
0.0207805633544922 0.00152397155761719 0.02862548828125 0.0089263916015625
0.01678466796875 -0.00616550445556641 0.0188484191894531 0.00989723205566406
0.00910377502441406 -0.0105953216552734 0.00979042053222656 0.00967693328857422
0.000608444213867189 -0.0124607086181641 0.000341415405273436 0.0168094635009766
0.000328540802001952 -0.00728750228881836 -0.00154685974121094 0.0305004119873047
0.00261974334716797 -0.00628805160522461 -0.00570297241210937 0.0387077331542969
0.00280857086181641 -0.00909519195556641 -0.0141448974609375 0.0439453125
0.00501918792724609 -0.0106573104858398 -0.0298423767089844 0.0373992919921875
0.0121736526489258 -0.00777912139892578 -0.0343341827392578 0.0263175964355469
0.01708984375 -0.00388813018798828 -0.0278816223144531 0.00999641418457031
0.01885986328125 0.00783538818359375 -0.0132255554199219 0.00179767608642578
0.0180263519287109 0.0167503356933594 0.0159149169921875 0.0217304229736328
0.0108489990234375 0.0203933715820313 0.0235214233398437 0.0571250915527344
-0.000301122665405273 0.00426530838012695 -0.0251083374023438 -0.05279541015625
-0.0027008056640625 -0.00233817100524902 -0.0092315673828125 -0.0222587585449219
-0.00501871109008789 0.00324678421020508 0.0153827667236328 0.000102043151855469
0.000352859497070313 0.00643777847290039 0.0365180969238281 -0.0079803466796875
0.0042572021484375 0.00317263603210449 0.0392570495605469 -0.0225868225097656
0.00443696975708008 -0.00146913528442383 0.0327301025390625 -0.040374755859375
0.00374317169189453 -0.00677347183227539 0.0171279907226563 -0.0463790893554688
0.00415754318237305 -0.00493621826171875 0.00339508056640625 -0.0382652282714844
0.00345373153686523 -0.00448179244995117 -0.00314140319824219 -0.0301799774169922
0.0065770149230957 -0.00363969802856445 -0.00572013854980469 -0.0220775604248047
0.00682592391967773 0.00195837020874023 -0.0153579711914063 -0.0125846862792969
0.00160455703735352 0.0063323974609375 -0.0209503173828125 -0.0108814239501953
-0.00580120086669922 0.00148200988769531 -0.0277519226074219 -0.0161991119384766
-0.00283479690551758 -0.00411367416381836 -0.0414237976074219 -0.0157127380371094
-0.00103598833084106 -0.000354707241058349 -0.0390434265136719 -0.0134468078613281
0.0139026641845703 0.0219650268554688 -0.01910400390625 -0.0488777160644531
0.0111055374145508 0.0122795104980469 -0.00196075439453125 -0.0173349380493164
0.00774097442626953 0.0131387710571289 0.0190219879150391 0.000917434692382813
0.0153903961181641 0.0112953186035156 0.0389938354492188 -0.007537841796875
0.0179977416992188 0.0021820068359375 0.0391082763671875 -0.0207710266113281
0.0160608291625977 -0.00921916961669922 0.0308990478515625 -0.0390243530273438
0.0116825103759766 -0.0187797546386719 0.014556884765625 -0.0418853759765625
0.0104665756225586 -0.0173749923706055 0.00139999389648438 -0.0320034027099609
0.0100822448730469 -0.0192718505859375 -0.00605392456054687 -0.0233745574951172
0.0158443450927734 -0.0178604125976563 -0.0101318359375 -0.0175695419311523
0.0198383331298828 -0.00819969177246094 -0.0196571350097656 -0.0101222991943359
0.0181827545166016 0.000499725341796875 -0.0222454071044922 -0.00993919372558594
0.0108156204223633 0.00630378723144531 -0.0287551879882812 -0.0138568878173828
0.0137662887573242 0.00674819946289063 -0.0379829406738281 -0.0121574401855469
0.0145454406738281 0.0116024017333984 -0.0352630615234375 -0.00816345214843749
0.024169921875 0.0356636047363281 -0.0101966857910156 -0.0394363403320312
0.0241432189941406 0.0273532867431641 0.00523567199707031 -0.00769281387329101
0.0211734771728516 0.0220966339111328 0.0238475799560547 0.00433921813964844
0.0296363830566406 0.0142383575439453 0.0403785705566406 -0.00565719604492187
0.0301265716552734 0.000677108764648438 0.0374107360839844 -0.0191497802734375
0.0263710021972656 -0.0174407958984375 0.0268096923828125 -0.0345821380615234
0.0175304412841797 -0.0281028747558594 0.0111293792724609 -0.0322303771972656
0.0157585144042969 -0.0269336700439453 -0.00163841247558593 -0.0214309692382813
0.0145797729492187 -0.0306854248046875 -0.00765609741210937 -0.0118484497070313
0.0208415985107422 -0.0298519134521484 -0.0147590637207031 -0.00850486755371094
0.0292377471923828 -0.0179615020751953 -0.0242366790771484 -0.00325393676757813
0.0308284759521484 -0.0062103271484375 -0.0245418548583984 -0.00724411010742188
0.0269298553466797 0.00734901428222656 -0.0278949737548828 -0.0108604431152344
0.0286312103271484 0.014556884765625 -0.0298309326171875 -0.00625801086425782
0.0281124114990234 0.0222110748291016 -0.0255165100097656 0.000528335571289066
0.03204345703125 0.0445213317871094 0.00128746032714844 -0.0253772735595703
0.0356559753417969 0.0363922119140625 0.0154943466186523 0.00284481048583985
0.035247802734375 0.0269050598144531 0.0280113220214844 0.00844001770019531
0.042449951171875 0.0136032104492187 0.039764404296875 -0.00264739990234375
0.0392837524414063 -0.00362396240234375 0.0319442749023437 -0.015228271484375
0.0328273773193359 -0.0246658325195313 0.0186920166015625 -0.0268478393554688
0.020172119140625 -0.0346660614013672 0.00543212890625 -0.0195560455322266
0.0186347961425781 -0.0326271057128906 -0.00439167022705078 -0.00661945343017578
0.0172882080078125 -0.0370292663574219 -0.0101194381713867 0.00161933898925781
0.0233612060546875 -0.0365715026855469 -0.0172700881958008 0.00362205505371093
0.0345363616943359 -0.0236892700195313 -0.02606201171875 0.00522804260253906
0.03839111328125 -0.0116920471191406 -0.0258884429931641 -0.00253105163574219
0.0369911193847656 0.00839996337890625 -0.0260982513427734 -0.00882720947265626
0.0402870178222656 0.0202674865722656 -0.0192127227783203 -0.00215530395507812
0.0375938415527344 0.0300941467285156 -0.0135412216186523 0.0109462738037109
0.0352516174316406 0.046630859375 0.0136289596557617 -0.0113668441772461
0.0433120727539063 0.039581298828125 0.0266189575195313 0.013519287109375
0.0432395935058594 0.02587890625 0.0307846069335938 0.0119228363037109
0.0476112365722656 0.00997161865234375 0.0358467102050781 0.00143814086914063
0.0420188903808594 -0.00874710083007813 0.0238056182861328 -0.0093536376953125
0.0317840576171875 -0.0285854339599609 0.0105266571044922 -0.0164299011230469
0.0189495086669922 -0.0349578857421875 0.000636577606201173 -0.00444602966308594
0.0173854827880859 -0.0328750610351563 -0.00627946853637695 0.00861120223999023
0.0165824890136719 -0.0370330810546875 -0.0103549957275391 0.0170116424560547
0.0239105224609375 -0.0363960266113281 -0.0208339691162109 0.0152091979980469
0.036224365234375 -0.0243606567382813 -0.0281295776367187 0.0142955780029297
0.0418701171875 -0.0125503540039063 -0.0260105133056641 0.00214576721191407
0.0423469543457031 0.00963973999023437 -0.0226325988769531 -0.006439208984375
0.044830322265625 0.0248985290527344 -0.00636863708496094 0.0031270980834961
0.0387001037597656 0.0350570678710938 7.62939453125375E-06 0.0239887237548828
0.0332717895507813 0.0401191711425781 0.0258007049560547 0.000766754150390627
0.043212890625 0.0347175598144531 0.0352554321289062 0.0193977355957031
0.0433387756347656 0.01995849609375 0.0319557189941406 0.0131912231445313
0.0449447631835938 0.0029144287109375 0.0297451019287109 0.00507164001464844
0.036529541015625 -0.0134468078613281 0.0163917541503906 -0.00199985504150391
0.0246658325195313 -0.0285129547119141 0.00332331657409668 -0.00280833244323731
0.0146713256835938 -0.0306529998779297 -0.00230121612548828 0.0108776092529297
0.0144691467285156 -0.027130126953125 -0.00738716125488281 0.0230121612548828
0.0141868591308594 -0.0314655303955078 -0.0117530822753906 0.0290355682373047
0.0208873748779297 -0.0305919647216797 -0.0237960815429688 0.0263595581054687
0.0323066711425781 -0.0206050872802734 -0.0303306579589844 0.0208282470703125
0.0387191772460938 -0.0103263854980469 -0.0264492034912109 0.00559234619140625
0.0395736694335937 0.0126495361328125 -0.0180835723876953 -0.00431823730468749
0.0399246215820313 0.0274276733398437 0.0050344467163086 0.00905036926269531
0.0335769653320313 0.035888671875 0.0116119384765625 0.03741455078125
0.0251502990722656 0.0285797119140625 0.0359306335449219 0.00913619995117188
0.0367012023925781 0.02447509765625 0.0420188903808594 0.0205421447753906
0.0352592468261719 0.0113677978515625 0.0305213928222656 0.0119552612304688
0.0345668792724609 -0.00357818603515625 0.0233039855957031 0.00823211669921875
0.0249271392822266 -0.0139579772949219 0.0108652114868164 0.00507736206054687
0.0139503479003906 -0.0231075286865234 -7.48634338378891E-05 0.00872135162353515
0.00700759887695313 -0.0202007293701172 -0.00359725952148438 0.0234870910644531
0.0084075927734375 -0.018463134765625 -0.00667381286621094 0.0326271057128906
0.00968170166015625 -0.0215034484863281 -0.0142478942871094 0.0389022827148438
0.0145378112792969 -0.0208969116210938 -0.0267047882080078 0.0335445404052734
0.0240802764892578 -0.0130100250244141 -0.0334949493408203 0.0250015258789062
0.0299606323242187 -0.00590705871582031 -0.0274715423583984 0.00789642333984375
0.0309391021728516 0.0123920440673828 -0.0143985748291016 -0.000846862792968752
0.0306015014648438 0.0260677337646484 0.0132255554199219 0.016047477722168
0.0231742858886719 0.0310955047607422 0.019439697265625 0.0496444702148437
0.011509895324707 0.0136632919311523 0.0417022705078125 0.0103225708007813
0.0232334136962891 0.0119647979736328 0.0444831848144531 0.017852783203125
0.0209636688232422 0.00238418579101563 0.0287704467773438 0.0101490020751953
0.0164604187011719 -0.00738525390625 0.019256591796875 0.0107803344726563
0.00947093963623047 -0.0104598999023438 0.00861072540283203 0.0108089447021484
0.00081348419189453 -0.0122585296630859 -0.000441551208496093 0.0169515609741211
2.47955322265628E-05 -0.00694465637207031 -0.0014190673828125 0.0302543640136719
0.00213050842285156 -0.00614023208618164 -0.0054168701171875 0.0395240783691406
0.00234127044677734 -0.00880241394042969 -0.0160026550292969 0.0434989929199219
0.00496673583984375 -0.0102100372314453 -0.031097412109375 0.0370597839355469
0.0124082565307617 -0.00742912292480469 -0.0356216430664062 0.0262260437011719
0.0173549652099609 -0.00358295440673828 -0.0288925170898438 0.00935554504394531
0.0188789367675781 0.00834083557128906 -0.0134668350219727 0.00242805480957031
0.0180797576904297 0.0172805786132813 0.0151576995849609 0.0219078063964844
0.0104160308837891 0.0208473205566406 0.0223770141601562 0.0582084655761719
0.00035858154296875 0.00462102890014648 -0.0242385864257813 -0.0550079345703125
-0.00289750099182129 -0.00174975395202637 -0.0092315673828125 -0.0224323272705078
-0.00607633590698242 0.00280237197875977 0.0156965255737305 0.000242233276367188
0.000368595123291016 0.00670099258422852 0.0382308959960938 -0.00811386108398438
0.00453329086303711 0.00292539596557617 0.0412101745605469 -0.0232658386230469
0.00495719909667969 -0.000926494598388672 0.0340309143066406 -0.0423698425292969
0.00413131713867188 -0.00731182098388672 0.0172386169433594 -0.0480155944824219
0.00432348251342774 -0.00585460662841797 0.00362396240234375 -0.0392990112304688
0.0042881965637207 -0.00457572937011719 -0.00298690795898437 -0.0306816101074219
0.00769472122192383 -0.00413227081298828 -0.00691795349121094 -0.0232677459716797
0.00738382339477539 0.00154352188110352 -0.0162639617919922 -0.0142860412597656
0.00194692611694336 0.00656700134277344 -0.0215969085693359 -0.01220703125
-0.00612354278564453 0.00215625762939453 -0.0297622680664062 -0.0179004669189453
-0.00314736366271973 -0.00373554229736328 -0.0433540344238281 -0.0168533325195312
-0.00141489505767822 0.000678896903991699 -0.0411453247070313 -0.0140495300292969
0.0144100189208984 0.0223617553710938 -0.0182952880859375 -0.0506172180175781
0.011474609375 0.013331413269043 -0.00217723846435547 -0.0174188613891602
0.00817489624023438 0.0135097503662109 0.0200252532958984 0.00158500671386719
0.0158615112304688 0.011326789855957 0.0403823852539062 -0.00672149658203125
0.0190200805664062 0.00245857238769531 0.0411262512207031 -0.0210990905761719
0.0172138214111328 -0.0101308822631836 0.0321273803710938 -0.0400657653808594
0.0122547149658203 -0.0199775695800781 0.0156898498535156 -0.0429306030273437
0.0114059448242188 -0.0186347961425781 0.00146675109863281 -0.0328826904296875
0.0107975006103516 -0.0204410552978516 -0.00640106201171875 -0.0238227844238281
0.0169830322265625 -0.0187702178955078 -0.0113677978515625 -0.0189952850341797
0.0211009979248047 -0.00880050659179688 -0.0208034515380859 -0.0104007720947266
0.0189552307128906 0.00101661682128906 -0.0235137939453125 -0.011322021484375
0.0114345550537109 0.00715255737304688 -0.0302181243896484 -0.0149765014648438
0.0139017105102539 0.00772476196289062 -0.0395736694335938 -0.0123558044433594
0.0150957107543945 0.0132770538330078 -0.0370674133300781 -0.00788879394531249
0.025390625 0.0376358032226563 -0.00970077514648437 -0.0405540466308594
0.02435302734375 0.0281429290771484 0.00678920745849609 -0.0071268081665039
0.0224342346191406 0.0232276916503906 0.0246772766113281 0.00501441955566406
0.0313377380371094 0.0146255493164063 0.0419692993164063 -0.00450515747070312
0.03167724609375 0.00048828125 0.0380477905273438 -0.0196342468261719
0.0279426574707031 -0.0179901123046875 0.0276451110839844 -0.0358200073242187
0.0184707641601563 -0.0295753479003906 0.0116977691650391 -0.0331935882568359
0.0164928436279297 -0.0286540985107422 -0.00156021118164063 -0.0208911895751953
0.0154914855957031 -0.0319080352783203 -0.00861835479736328 -0.0121440887451172
0.0223789215087891 -0.0313720703125 -0.0156154632568359 -0.00888156890869141
0.031768798828125 -0.0188426971435547 -0.0253734588623047 -0.0031890869140625
0.0329036712646484 -0.006256103515625 -0.0260810852050781 -0.00722503662109374
0.0275306701660156 0.00844955444335938 -0.0303401947021484 -0.0118370056152344
0.0299263000488281 0.0158348083496094 -0.0317840576171875 -0.00699806213378907
0.0287914276123047 0.0239620208740234 -0.0279312133789062 0.000762939453125004
0.03387451171875 0.0467681884765625 0.00212669372558594 -0.0263862609863281
0.0374565124511719 0.0379753112792969 0.0170660018920898 0.00457477569580078
0.0357513427734375 0.0291023254394531 0.0295600891113281 0.0103244781494141
0.0446052551269531 0.0146408081054688 0.0418052673339844 -0.00135421752929687
0.0413627624511719 -0.0033416748046875 0.0329856872558594 -0.0149402618408203
0.0332107543945313 -0.0245761871337891 0.0193843841552734 -0.0271892547607422
0.0210838317871094 -0.0359420776367188 0.006439208984375 -0.0195236206054688
0.0195045471191406 -0.0339012145996094 -0.00385093688964843 -0.00637674331665039
0.0180282592773437 -0.0385398864746094 -0.0100526809692383 0.00272274017333984
0.02459716796875 -0.0380859375 -0.0200557708740234 0.00321006774902344
0.0361595153808594 -0.0250129699707031 -0.0280246734619141 0.00502586364746093
0.0409622192382813 -0.0122871398925781 -0.0272235870361328 -0.00273895263671875
0.0394630432128906 0.00897979736328125 -0.0281295776367188 -0.00923538208007813
0.0412521362304688 0.0220069885253906 -0.0202198028564453 -0.00205802917480469
0.0390243530273438 0.0320320129394531 -0.0152215957641602 0.0120525360107422
0.0364265441894531 0.0477561950683594 0.0147495269775391 -0.0112342834472656
0.0440025329589844 0.0410728454589844 0.0273189544677734 0.0148963928222656
0.0452842712402344 0.02789306640625 0.0318660736083984 0.0136203765869141
0.0507774353027344 0.00992965698242188 0.0377235412597656 0.00213623046875
0.0438575744628906 -0.0088043212890625 0.0252056121826172 -0.00885200500488281
0.0328273773193359 -0.0295467376708984 0.0102653503417969 -0.0157938003540039
0.0196723937988281 -0.0362663269042969 0.000799655914306641 -0.00374770164489746
0.0183391571044922 -0.0336704254150391 -0.00602054595947266 0.00931167602539062
0.0176658630371094 -0.03863525390625 -0.0114936828613281 0.017608642578125
0.0240974426269531 -0.0379600524902344 -0.0219688415527344 0.0169124603271484
0.0371894836425781 -0.0255889892578125 -0.0304450988769531 0.0154628753662109
0.0430717468261719 -0.0133247375488281 -0.0280075073242187 0.00191116333007812
0.0444107055664063 0.0104217529296875 -0.0238323211669922 -0.00657463073730468
0.0457801818847656 0.0269775390625 -0.00713920593261719 0.00341987609863281
0.0406303405761719 0.0366058349609375 -0.000883102416992184 0.0248565673828125
0.0342063903808594 0.0423240661621094 0.0272960662841797 0.00131416320800782
0.0447845458984375 0.0362586975097656 0.0367240905761719 0.0215263366699219
0.0444984436035156 0.0218467712402344 0.0326499938964844 0.0139427185058594
0.0473403930664062 0.00317764282226562 0.0309371948242188 0.00538444519042969
0.0382614135742188 -0.0134468078613281 0.0175142288208008 -0.00109386444091797
0.0261325836181641 -0.0288619995117187 0.00338912010192871 -0.00269269943237305
0.0150299072265625 -0.0318260192871094 -0.00262832641601562 0.0118770599365234
0.0147342681884766 -0.028564453125 -0.00712013244628906 0.0240440368652344
0.0153121948242188 -0.0324535369873047 -0.0129451751708984 0.0307884216308594
0.0217666625976563 -0.0323467254638672 -0.0254535675048828 0.0278854370117187
0.0333347320556641 -0.0215015411376953 -0.0321464538574219 0.0216541290283203
0.0398063659667969 -0.010406494140625 -0.0287303924560547 0.00594520568847656
0.0415077209472656 0.0128326416015625 -0.0191726684570312 -0.00429916381835938
0.0423088073730469 0.0283355712890625 0.00505352020263672 0.00941944122314453
0.0360298156738281 0.037445068359375 0.0113296508789062 0.0390892028808594
0.0256881713867188 0.0294342041015625 0.0376853942871094 0.00890731811523438
0.0379219055175781 0.0247688293457031 0.0436134338378906 0.0221290588378906
0.0371322631835938 0.0116348266601563 0.0320243835449219 0.0134696960449219
0.0345993041992188 -0.00325584411621094 0.0245094299316406 0.009033203125
0.024993896484375 -0.0142669677734375 0.0114431381225586 0.00671482086181641
0.0140228271484375 -0.0232868194580078 -0.000480651855468749 0.0095834732055664
0.0083160400390625 -0.0211238861083984 -0.00362777709960938 0.0243072509765625
0.009063720703125 -0.0191307067871094 -0.00663375854492187 0.0347747802734375
0.0104427337646484 -0.0216102600097656 -0.0146942138671875 0.0404930114746094
0.0148906707763672 -0.0210647583007813 -0.028900146484375 0.0353279113769531
0.0251865386962891 -0.0140781402587891 -0.0347881317138672 0.0259723663330078
0.03125 -0.00577926635742188 -0.02874755859375 0.00802040100097656
0.0322437286376953 0.0135974884033203 -0.0150718688964844 -0.000453948974609375
0.0318260192871094 0.0262355804443359 0.0127964019775391 0.0171136856079102
0.0244331359863281 0.0316448211669922 0.0189437866210938 0.0519676208496094
0.0123691558837891 0.0143070220947266 0.0436363220214844 0.0114822387695313
0.02410888671875 0.0119400024414063 0.0461006164550781 0.019500732421875
0.0221290588378906 0.00138664245605469 0.0299892425537109 0.0117588043212891
0.0171260833740234 -0.00631141662597656 0.0210704803466797 0.0117645263671875
0.00885295867919922 -0.0115127563476563 0.0106182098388672 0.0120172500610352
0.000693321228027343 -0.011967658996582 3.81469726562297E-06 0.0192832946777344
0.000244617462158203 -0.00715541839599609 -0.000957489013671873 0.0319995880126953
0.00225639343261719 -0.00650501251220703 -0.00610733032226563 0.0407257080078125
0.00256586074829101 -0.007965087890625 -0.0169029235839844 0.0450286865234375
0.00460147857666016 -0.00972270965576172 -0.032318115234375 0.0388374328613281
0.0120573043823242 -0.00773715972900391 -0.0376091003417969 0.0270881652832031
0.0178108215332031 -0.00365066528320313 -0.0305957794189453 0.0106182098388672
0.0189647674560547 0.00933456420898438 -0.0149812698364258 0.00166797637939453
0.0189170837402344 0.0172882080078125 0.0147113800048828 0.0229015350341797
0.0108489990234375 0.0201606750488281 0.0221061706542969 0.0608596801757813
-0.000102519989013672 0.00575447082519531 -0.0267257690429688 -0.0584640502929688
-0.00280523300170898 -0.00112462043762207 -0.0108318328857422 -0.0226154327392578
-0.00555849075317383 0.0035405158996582 0.0170354843139648 0.000165939331054688
0.000357627868652344 0.00670194625854492 0.0404243469238281 -0.009246826171875
0.00555276870727539 0.00286483764648438 0.0427131652832031 -0.0250816345214844
0.00496768951416016 -0.00201082229614258 0.0347709655761719 -0.0449028015136719
0.00426387786865234 -0.009002685546875 0.0165061950683594 -0.0510940551757813
0.00555419921875 -0.00702476501464844 0.0030059814453125 -0.0409736633300781
0.00554752349853516 -0.00655984878540039 -0.00448799133300781 -0.0324935913085938
0.00860500335693359 -0.00471591949462891 -0.00802993774414063 -0.0245628356933594
0.0079045295715332 0.00170660018920898 -0.0181941986083984 -0.0145721435546875
0.00206851959228516 0.00711679458618164 -0.0235137939453125 -0.0126323699951172
-0.00610733032226563 0.00380945205688477 -0.0317325592041016 -0.0186767578125
-0.00407505035400391 -0.00306463241577148 -0.0460700988769531 -0.016510009765625
-0.00120079517364502 -0.000421881675720215 -0.0440139770507812 -0.0139350891113281
0.0145111083984375 0.0232639312744141 -0.0195732116699219 -0.051849365234375
0.0133914947509766 0.0142602920532227 -0.00232315063476562 -0.0177955627441406
0.00928783416748047 0.0144128799438477 0.0214138031005859 0.00147247314453125
0.0185909271240234 0.0105400085449219 0.0429916381835937 -0.00776290893554687
0.0197181701660156 0.00159263610839844 0.0430679321289063 -0.0237998962402344
0.0180091857910156 -0.0116634368896484 0.0320663452148438 -0.0428276062011719
0.0120811462402344 -0.0222244262695313 0.0146331787109375 -0.0448532104492188
0.0108470916748047 -0.0208206176757812 0.00019645690917969 -0.0342063903808594
0.0110683441162109 -0.021942138671875 -0.00831031799316406 -0.0250282287597656
0.0170021057128906 -0.0200023651123047 -0.0130348205566406 -0.0188388824462891
0.0222530364990234 -0.0100784301757813 -0.0226612091064453 -0.01104736328125
0.0208854675292969 0.00146293640136719 -0.0246257781982422 -0.0123004913330078
0.0120887756347656 0.00757884979248047 -0.0326976776123047 -0.0152683258056641
0.0141115188598633 0.00786399841308594 -0.0430793762207031 -0.0122642517089844
0.0164585113525391 0.0137481689453125 -0.0400428771972656 -0.00762557983398437
0.0266799926757812 0.0392303466796875 -0.00997543334960938 -0.041961669921875
0.0273189544677734 0.0283927917480469 0.0070033073425293 -0.00776290893554687
0.0258445739746094 0.0243988037109375 0.0263824462890625 0.00600242614746094
0.0336990356445313 0.0158557891845703 0.0446281433105469 -0.00576019287109375
0.0341644287109375 0.0003814697265625 0.0399742126464844 -0.0210304260253906
0.0291042327880859 -0.0200443267822266 0.0271186828613281 -0.0368576049804687
0.0181941986083984 -0.0320339202880859 0.0107536315917969 -0.034454345703125
0.01605224609375 -0.0310039520263672 -0.00169754028320312 -0.0223484039306641
0.0151462554931641 -0.0344295501708984 -0.00948905944824219 -0.0119428634643555
0.0224285125732422 -0.034820556640625 -0.0172834396362305 -0.00799655914306641
0.0323047637939453 -0.0210723876953125 -0.0270347595214844 -0.00365447998046875
0.0348625183105469 -0.00721931457519531 -0.0275592803955078 -0.00767707824707032
0.0301628112792969 0.00945663452148438 -0.0324840545654297 -0.0125007629394531
0.032196044921875 0.0172157287597656 -0.0338668823242188 -0.00550270080566406
0.0299949645996094 0.0252323150634766 -0.0300216674804687 0.00133705139160157
0.0354232788085938 0.0487594604492188 0.00256156921386719 -0.0267429351806641
0.0405921936035156 0.0389518737792969 0.0187950134277344 0.00429725646972657
0.0393295288085938 0.029815673828125 0.0307693481445313 0.0106124877929688
0.0481758117675781 0.0144424438476562 0.0430679321289063 -0.00255966186523437
0.0435295104980469 -0.00457763671875 0.0348281860351563 -0.0157909393310547
0.0352783203125 -0.0276069641113281 0.0195064544677734 -0.0285778045654297
0.020538330078125 -0.0372390747070313 0.00655746459960938 -0.0189933776855469
0.018798828125 -0.0364036560058594 -0.00296640396118164 -0.00588321685791016
0.01654052734375 -0.041229248046875 -0.0109701156616211 0.00418949127197265
0.0250167846679688 -0.0416603088378906 -0.0206584930419922 0.00464057922363281
0.0376434326171875 -0.0278167724609375 -0.03021240234375 0.00751304626464844
0.0428085327148438 -0.0147552490234375 -0.0295486450195312 -0.00262832641601563
0.0422744750976563 0.00926971435546875 -0.0302047729492187 -0.00864791870117187
0.0448875427246094 0.0227813720703125 -0.0225658416748047 -0.000925064086914063
0.0410041809082031 0.0327415466308594 -0.0156850814819336 0.012883186340332
0.0396766662597656 0.0499382019042969 0.0163402557373047 -0.0121231079101562
0.0485458374023438 0.041168212890625 0.0287628173828125 0.0155830383300781
0.0486068725585938 0.0291023254394531 0.0338172912597656 0.0149822235107422
0.0537796020507813 0.00910568237304688 0.0397491455078125 0.00189208984375
0.045166015625 -0.0107994079589844 0.0260505676269531 -0.00948143005371094
0.0345668792724609 -0.0308895111083984 0.0101175308227539 -0.0149345397949219
0.02001953125 -0.0388259887695312 0.000600099563598634 -0.00297355651855469
0.0191993713378906 -0.0362358093261719 -0.00499820709228516 0.0105171203613281
0.0177459716796875 -0.0406265258789063 -0.0123023986816406 0.0185203552246094
0.0251541137695313 -0.0412788391113281 -0.0237674713134766 0.0192050933837891
0.0382804870605469 -0.0283851623535156 -0.0324649810791016 0.0170993804931641
0.0460319519042969 -0.0152244567871094 -0.0300540924072266 0.00248146057128906
0.0473213195800781 0.0107917785644531 -0.0248336791992187 -0.00614738464355468
0.047821044921875 0.0276222229003906 -0.00742149353027343 0.00425148010253907
0.0432586669921875 0.0370864868164063 -0.00167655944824219 0.0275688171386719
0.0380706787109375 0.0420684814453125 0.0296134948730469 0.00234222412109375
0.0484848022460938 0.0372886657714844 0.0377845764160156 0.0227394104003906
0.0488853454589844 0.0203514099121094 0.0345649719238281 0.0160102844238281
0.0493507385253906 0.00177764892578125 0.0343799591064453 0.00669288635253906
0.0400314331054688 -0.0133590698242188 0.0182151794433594 -9.91821289062508E-05
0.0257911682128906 -0.0312118530273438 0.00356316566467285 -0.000744581222534182
0.0151958465576172 -0.0333137512207031 -0.00174427032470703 0.0133323669433594
0.0142841339111328 -0.0305690765380859 -0.0074462890625 0.0247154235839844
0.0144977569580078 -0.0345458984375 -0.0121536254882812 0.0328865051269531
0.0217514038085938 -0.0335044860839844 -0.0259227752685547 0.0292835235595703
0.0341529846191406 -0.0240764617919922 -0.0334644317626953 0.0247039794921875
0.041748046875 -0.0117225646972656 -0.0295314788818359 0.00790596008300781
0.0423736572265625 0.0139083862304687 -0.0199298858642578 -0.00295257568359375
0.0452156066894531 0.0302238464355469 0.0057210922241211 0.0104913711547852
0.0396003723144531 0.0378150939941406 0.0115013122558594 0.0419158935546875
0.0270175933837891 0.0300426483154297 0.0399818420410156 0.00864028930664063
0.0402946472167969 0.02484130859375 0.0462913513183594 0.0235366821289063
0.0386734008789063 0.0114212036132813 0.0343093872070313 0.0137081146240234
0.0367851257324219 -0.0048980712890625 0.0258903503417969 0.00982093811035156
0.0268726348876953 -0.0161170959472656 0.0122652053833008 0.00633430480957031
0.0145435333251953 -0.0244503021240234 0.000774383544921877 0.0115509033203125
0.00718307495117187 -0.022613525390625 -0.00288772583007812 0.0253925323486328
0.00961685180664063 -0.0202312469482422 -0.00646209716796875 0.0368576049804688
0.00986289978027344 -0.0216083526611328 -0.0138359069824219 0.0431671142578125
0.0143871307373047 -0.0214691162109375 -0.0295028686523438 0.0390892028808594
0.0255718231201172 -0.0153160095214844 -0.0362586975097656 0.0291900634765625
0.0320644378662109 -0.00635147094726563 -0.0310039520263672 0.00943183898925781
0.0347709655761719 0.0134162902832031 -0.0165843963623047 -0.000506401062011717
0.0332603454589844 0.0263137817382813 0.0138092041015625 0.016566276550293
0.0267219543457031 0.0322208404541016 0.0196685791015625 0.0556526184082031
0.0136165618896484 0.0133352279663086 0.0480537414550781 0.011688232421875
0.0256519317626953 0.0112266540527344 0.0493125915527344 0.0201339721679688
0.0243415832519531 0.001983642578125 0.0309925079345703 0.0124664306640625
0.0178050994873047 -0.00918960571289063 0.0223102569580078 0.0124473571777344
0.00902557373046875 -0.0117006301879883 0.0111989974975586 0.0122203826904297
0.000601768493652343 -0.0119476318359375 0.00158882141113281 0.0208969116210938
-0.000517845153808593 -0.0068669319152832 0.000547409057617191 0.0348148345947266
0.00158309936523437 -0.0051732063293457 -0.0046234130859375 0.0425643920898438
0.0029149055480957 -0.00726127624511719 -0.016021728515625 0.0483245849609375
0.00503158569335938 -0.00972270965576172 -0.0327415466308594 0.0419464111328125
0.0132637023925781 -0.00825881958007813 -0.0385704040527344 0.0303459167480469
0.0189590454101563 -0.00405502319335938 -0.0321598052978516 0.0109939575195312
0.0198078155517578 0.00946807861328125 -0.0163211822509766 0.00171852111816406
0.0196914672851563 0.0167350769042969 0.0162353515625 0.0240955352783203
0.0114784240722656 0.0199871063232422 0.0243873596191406 0.0642204284667969
0.000731945037841796 0.00846099853515625 -0.0303230285644531 -0.0589599609375
-0.00349235534667969 -0.000852584838867187 -0.00994491577148438 -0.0230178833007813
-0.00628089904785156 0.00401544570922852 0.0164861679077148 -0.00070953369140625
0.00202465057373047 0.00554752349853516 0.0403671264648438 -0.0125808715820313
0.00569915771484375 0.00297260284423828 0.0423927307128906 -0.0283699035644531
0.00569963455200195 -0.00246810913085938 0.0328369140625 -0.047332763671875
0.00314855575561523 -0.00836420059204102 0.0147438049316406 -0.0537261962890625
0.00490856170654297 -0.00832462310791016 0.000747680664062504 -0.0411834716796875
0.00621652603149414 -0.00827789306640625 -0.0074920654296875 -0.0320358276367188
0.00789451599121094 -0.00673246383666992 -0.0100250244140625 -0.0238914489746094
0.0100431442260742 0.000448226928710938 -0.0198116302490234 -0.0156173706054688
0.00463962554931641 0.00692176818847656 -0.0248794555664063 -0.0141105651855469
-0.00669717788696289 0.00261831283569336 -0.0347518920898437 -0.0170764923095703
-0.00497245788574219 -0.00325441360473633 -0.0504074096679687 -0.0153121948242188
-0.00276327133178711 0.00105738639831543 -0.0471572875976563 -0.0125770568847656
0.0162677764892578 0.0246295928955078 -0.022552490234375 -0.0538444519042969
0.0126447677612305 0.0140752792358398 -0.00247859954833984 -0.0150661468505859
0.00943088531494141 0.0157756805419922 0.0221061706542969 0.00131797790527344
0.0185432434082031 0.00876617431640625 0.0438232421875 -0.00942611694335938
0.0219211578369141 0.000209808349609375 0.0420646667480469 -0.0268974304199219
0.0196533203125 -0.0144157409667969 0.0308876037597656 -0.0468864440917969
0.0113487243652344 -0.0228519439697266 0.0117645263671875 -0.0477256774902344
0.0100021362304688 -0.0224533081054687 -0.000423431396484373 -0.0351638793945313
0.0114459991455078 -0.0245723724365234 -0.009307861328125 -0.0237712860107422
0.0158920288085938 -0.0231647491455078 -0.0146503448486328 -0.0196571350097656
0.0226669311523438 -0.0126056671142578 -0.0245494842529297 -0.0113296508789063
0.0229282379150391 -0.000812530517578125 -0.0274333953857422 -0.00967788696289063
0.0140771865844727 0.00752830505371094 -0.0339164733886719 -0.0151786804199219
0.01495361328125 0.00872039794921875 -0.0449676513671875 -0.0108718872070312
0.0170907974243164 0.0143337249755859 -0.042938232421875 -0.00616836547851563
0.0293540954589844 0.0381965637207031 -0.0120201110839844 -0.0433769226074219
0.0307769775390625 0.0281486511230469 0.007171630859375 -0.0061955451965332
0.0277061462402344 0.0272979736328125 0.0266056060791016 0.00547599792480469
0.0345497131347656 0.0117759704589844 0.0456352233886719 -0.00725173950195313
0.0356369018554688 -0.00101089477539063 0.0405387878417969 -0.0238151550292969
0.0316677093505859 -0.0216140747070313 0.0260086059570313 -0.0406990051269531
0.0183963775634766 -0.0335521697998047 0.0109138488769531 -0.0373153686523437
0.0154075622558594 -0.0326976776123047 -0.00319290161132812 -0.0192928314208984
0.0153694152832031 -0.0377464294433594 -0.00979232788085937 -0.0093994140625
0.0220565795898438 -0.0366630554199219 -0.0187206268310547 -0.00594711303710938
0.0313262939453125 -0.0237579345703125 -0.0284156799316406 -0.000648498535156247
0.0350875854492188 -0.00775146484375 -0.0297355651855469 -0.00758361816406251
0.0283794403076172 0.00835227966308594 -0.0341682434082031 -0.00950050354003906
0.0323219299316406 0.0169773101806641 -0.0357246398925781 -0.00375747680664063
0.0341873168945313 0.0241641998291016 -0.0308284759521484 0.00435256958007813
0.0380973815917969 0.0486717224121094 0.00343704223632813 -0.0288925170898437
0.0425643920898438 0.0401573181152344 0.0200309753417969 0.00484085083007813
0.040679931640625 0.0295066833496094 0.0318126678466797 0.0103187561035156
0.0516090393066406 0.0130691528320313 0.0452041625976562 -0.00273513793945312
0.0451545715332031 -0.008056640625 0.0337429046630859 -0.0168876647949219
0.0352249145507813 -0.0308113098144531 0.0185375213623047 -0.0300960540771484
0.020599365234375 -0.0403480529785156 0.00383949279785156 -0.0206775665283203
0.0162887573242187 -0.0391311645507813 -0.00388908386230469 -0.00518083572387696
0.0155296325683594 -0.0414085388183594 -0.0114212036132812 0.00524711608886719
0.0237350463867188 -0.045013427734375 -0.0222492218017578 0.00841903686523438
0.0373039245605469 -0.0321769714355469 -0.0299129486083984 0.00809288024902344
0.0433158874511719 -0.0158309936523438 -0.0311508178710937 0.00144386291503907
0.0443191528320313 0.00743484497070313 -0.0317363739013672 -0.00745010375976563
0.0465660095214844 0.0204124450683594 -0.0223388671875 0.00134849548339844
0.0434341430664063 0.0333061218261719 -0.0166110992431641 0.0156641006469727
0.0444221496582031 0.04852294921875 0.0167150497436523 -0.0122346878051758
0.0509490966796875 0.0387458801269531 0.0318546295166016 0.0174636840820313
0.052642822265625 0.0277061462402344 0.0363388061523438 0.0135498046875
0.0555381774902344 0.00806427001953125 0.0400047302246094 0.00141143798828125
0.0466766357421875 -0.0153160095214844 0.0263175964355469 -0.0108356475830078
0.0351066589355469 -0.0347042083740234 0.00882625579833985 -0.0148715972900391
0.0168418884277344 -0.0403900146484375 -0.00034809112548828 -0.00281286239624024
0.0165519714355469 -0.0395927429199219 -0.00518131256103515 0.0106592178344727
0.0165863037109375 -0.0434913635253906 -0.0111980438232422 0.022705078125
0.023223876953125 -0.0434799194335938 -0.0233325958251953 0.0215511322021484
0.0370750427246094 -0.0309677124023437 -0.0326976776123047 0.0193729400634766
0.04510498046875 -0.0182762145996094 -0.0317535400390625 0.00474357604980469
0.0474777221679688 0.0073394775390625 -0.0279922485351562 -0.00267601013183593
0.052764892578125 0.0252494812011719 -0.00710487365722656 0.0056757926940918
0.0460853576660156 0.0358161926269531 -0.000579833984374998 0.0286197662353516
0.0410232543945313 0.0409774780273438 0.0303554534912109 0.00110816955566407
0.0491714477539063 0.0346031188964844 0.0435409545898437 0.021881103515625
0.0520744323730469 0.0197334289550781 0.0363082885742188 0.0136947631835938
0.0518646240234375 -0.00110244750976563 0.0351524353027344 0.00728607177734375
0.0405006408691406 -0.0163421630859375 0.0183906555175781 0.000186920166015624
0.0260028839111328 -0.0318107604980469 0.00448846817016602 -0.0013265609741211
0.0141716003417969 -0.0367393493652344 0.000906944274902344 0.0146980285644531
0.0149040222167969 -0.0330886840820313 -0.00470161437988281 0.0257740020751953
0.0134315490722656 -0.0355377197265625 -0.0113143920898438 0.0364151000976563
0.0211658477783203 -0.0346355438232422 -0.027587890625 0.0344982147216797
0.0336284637451172 -0.02587890625 -0.0360221862792969 0.0283699035644531
0.0419158935546875 -0.0164527893066406 -0.0303993225097656 0.00704002380371094
0.0450553894042969 0.0103340148925781 -0.0189495086669922 -0.0024261474609375
0.0482139587402344 0.0263595581054688 0.00570201873779297 0.0101337432861328
0.0427589416503906 0.0375823974609375 0.0143051147460938 0.0420417785644531
0.0302104949951172 0.0274639129638672 0.0431938171386719 0.00636672973632813
0.0429649353027344 0.0228729248046875 0.0503501892089844 0.022918701171875
0.0412025451660156 0.00879669189453125 0.0368003845214844 0.013671875
0.0383453369140625 -0.0073394775390625 0.029388427734375 0.00825691223144531
0.0250587463378906 -0.0188312530517578 0.0127105712890625 0.00623798370361328
0.012939453125 -0.0245113372802734 0.00126361846923828 0.0133991241455078
0.00667190551757813 -0.0247707366943359 -0.00182151794433594 0.0275115966796875
0.00850105285644531 -0.0224475860595703 -0.00246047973632813 0.0376930236816406
0.00889778137207031 -0.0233249664306641 -0.0153579711914063 0.0458183288574219
0.0125217437744141 -0.0244674682617188 -0.0293121337890625 0.0423583984375
0.0243740081787109 -0.0163211822509766 -0.0348300933837891 0.0321750640869141
0.0334262847900391 -0.0102558135986328 -0.0334987640380859 0.0116748809814453
0.0352516174316406 0.0115318298339844 -0.0177192687988281 0.000864028930664061
0.0357551574707031 0.0243148803710938 0.0146036148071289 0.0171871185302734
0.0307502746582031 0.0312767028808594 0.0219688415527344 0.0565414428710938
0.0148115158081055 0.0117330551147461 0.0484199523925781 0.0102157592773438
0.0272712707519531 0.00997543334960937 0.0513153076171875 0.0168190002441406
0.0236835479736328 0.000658035278320312 0.0321769714355469 0.0121688842773438
0.0190315246582031 -0.00782966613769531 0.0242328643798828 0.0131149291992188
0.00922489166259766 -0.0135612487792969 0.0134973526000977 0.0112771987915039
-0.000452041625976561 -0.0125827789306641 0.00294876098632813 0.0211086273193359
-0.00321531295776367 -0.00561380386352539 0.00160980224609375 0.0334453582763672
0.00302362442016602 -0.00507402420043945 -0.00173568725585937 0.0441360473632813
0.00215530395507812 -0.00714015960693359 -0.0145225524902344 0.0519790649414063
0.00538921356201172 -0.00912666320800781 -0.0322189331054688 0.0447540283203125
0.012608528137207 -0.0106124877929688 -0.0405120849609375 0.0352096557617187
0.0182590484619141 -0.0048980712890625 -0.0327606201171875 0.0140666961669922
0.0208950042724609 0.00737190246582031 -0.0195522308349609 0.00381851196289063
0.0219707489013672 0.0165348052978516 0.0173587799072266 0.0211887359619141
0.0117988586425781 0.0203571319580078 0.0293045043945313 0.0660781860351563
0.00139904022216797 0.00799322128295898 -0.0316085815429687 -0.0573005676269531
-0.00293159484863281 -0.00102448463439941 -0.0117988586425781 -0.0218639373779297
-0.00421619415283203 0.0039825439453125 0.0183143615722656 0.000291824340820313
0.00296449661254883 0.00682544708251953 0.0404586791992188 -0.0131187438964844
0.00661230087280273 0.00138473510742188 0.0421371459960938 -0.0309181213378906
0.00567150115966797 -0.00420761108398438 0.0304985046386719 -0.0504379272460938
0.00355815887451172 -0.0107669830322266 0.011871337890625 -0.0542640686035156
0.00377368927001953 -0.00947475433349609 -0.00139617919921875 -0.042236328125
0.00476408004760742 -0.00820350646972656 -0.00958061218261719 -0.0316982269287109
0.00846433639526367 -0.00746583938598633 -0.0124874114990234 -0.0242271423339844
0.00984287261962891 -0.000261306762695313 -0.0223102569580078 -0.0145683288574219
0.00562715530395508 0.0071721076965332 -0.0262928009033203 -0.0124702453613281
-0.0057063102722168 0.00474739074707031 -0.0362091064453125 -0.0178375244140625
-0.00475597381591797 -0.00152206420898438 -0.050384521484375 -0.0133628845214844
-0.00171422958374023 0.00182902812957764 -0.0477828979492188 -0.009521484375
0.0188922882080078 0.0246906280517578 -0.0241889953613281 -0.0518722534179688
0.0151100158691406 0.0140838623046875 -0.00274467468261719 -0.0169601440429688
0.0127716064453125 0.0150299072265625 0.0229415893554688 0.000717163085937501
0.0206203460693359 0.00904464721679688 0.0432014465332031 -0.0117340087890625
0.0216903686523438 -0.00101470947265625 0.0419425964355469 -0.0282478332519531
0.0180492401123047 -0.0147743225097656 0.0288162231445312 -0.04608154296875
0.0103302001953125 -0.0250873565673828 0.0103874206542969 -0.0478324890136719
0.00865554809570313 -0.0240554809570312 -0.002777099609375 -0.0332679748535156
0.00976371765136718 -0.0257854461669922 -0.0117969512939453 -0.0233936309814453
0.0169754028320313 -0.0239925384521484 -0.0169353485107422 -0.0182228088378906
0.0232601165771484 -0.0132675170898438 -0.0260944366455078 -0.00983238220214844
0.0227699279785156 -0.00035858154296875 -0.0282077789306641 -0.00945663452148437
0.0137138366699219 0.00735187530517578 -0.0364112854003906 -0.01287841796875
0.0153999328613281 0.00815963745117188 -0.0457038879394531 -0.00827026367187499
0.0170612335205078 0.0133466720581055 -0.0436515808105469 -0.00338363647460937
0.0329170227050781 0.0385932922363281 -0.0137710571289063 -0.0417366027832031
0.0310440063476563 0.0261783599853516 0.00864076614379883 -0.00613212585449218
0.0282878875732422 0.0236911773681641 0.0283699035644531 0.00482368469238281
0.0374717712402344 0.0107994079589844 0.0455818176269531 -0.00888824462890625
0.0349197387695313 -0.00426483154296875 0.038543701171875 -0.0248451232910156
0.0279445648193359 -0.0241127014160156 0.0243148803710937 -0.0400276184082031
0.015838623046875 -0.0356216430664063 0.00787734985351563 -0.0349826812744141
0.0130500793457031 -0.035247802734375 -0.00367927551269531 -0.0203456878662109
0.0132255554199219 -0.0382881164550781 -0.0117063522338867 -0.00897598266601563
0.0201339721679688 -0.0377922058105469 -0.020843505859375 -0.00553131103515625
0.0321063995361328 -0.0255527496337891 -0.0296478271484375 0.000377655029296876
0.0351219177246094 -0.0112113952636719 -0.0312309265136719 -0.00579071044921875
0.0317897796630859 0.00750160217285156 -0.0353927612304688 -0.00836944580078125
0.0338554382324219 0.0154209136962891 -0.0363006591796875 -0.00212097167968749
0.0355110168457031 0.0237159729003906 -0.0316886901855469 0.00578117370605469
0.0413742065429688 0.0469512939453125 0.000204086303710937 -0.0279159545898438
0.0446815490722656 0.0357246398925781 0.0195579528808594 0.00489044189453125
0.0442237854003906 0.0277671813964844 0.0339565277099609 0.0111618041992188
0.0501136779785156 0.0096435546875 0.0448226928710938 -0.00513076782226562
0.0455551147460938 -0.010955810546875 0.0339031219482422 -0.0183887481689453
0.0336971282958984 -0.0318603515625 0.0162487030029297 -0.0281448364257813
0.0172538757324219 -0.0415115356445313 0.00404739379882813 -0.0197715759277344
0.0154266357421875 -0.0413551330566406 -0.00350427627563476 -0.00514078140258789
0.0132827758789063 -0.0459213256835938 -0.0113725662231445 0.00591659545898437
0.0212516784667969 -0.0455055236816406 -0.0220146179199219 0.00873756408691406
0.036102294921875 -0.0329971313476563 -0.0305442810058594 0.0113201141357422
0.0438575744628906 -0.01934814453125 -0.0324020385742188 0.00100898742675781
0.0438194274902344 0.00555038452148438 -0.0327091217041016 -0.005279541015625
0.0480728149414063 0.0199127197265625 -0.0241012573242187 0.00171852111816407
0.0452842712402344 0.0306320190429688 -0.0174846649169922 0.0173416137695313
0.0453948974609375 0.0469779968261719 0.0164985656738281 -0.0136585235595703
0.0524826049804687 0.0376815795898437 0.0323657989501953 0.0142803192138672
0.0527725219726563 0.0269546508789063 0.0365943908691406 0.0135383605957031
0.0564384460449219 0.00397872924804688 0.0415115356445313 -0.00037384033203125
0.0465126037597656 -0.0155868530273438 0.0266857147216797 -0.00963973999023438
0.0312042236328125 -0.0366477966308594 0.00890922546386719 -0.0151491165161133
0.0169639587402344 -0.0429801940917969 0.000694274902343751 -0.00270342826843262
0.0151176452636719 -0.0401725769042969 -0.00365924835205078 0.0116081237792969
0.0124130249023438 -0.0444374084472656 -0.0102024078369141 0.0228080749511719
0.0196723937988281 -0.0436477661132813 -0.0230464935302734 0.0237789154052734
0.0345439910888672 -0.0340385437011719 -0.0323200225830078 0.0225200653076172
0.0454330444335938 -0.0211257934570313 -0.0316638946533203 0.00629997253417969
0.0497970581054688 0.00654220581054688 -0.0277767181396484 -0.00228500366210938
0.053741455078125 0.0231132507324219 -0.00962066650390625 0.0058135986328125
0.0480270385742188 0.0334930419921875 -0.000120162963867185 0.0285854339599609
0.0425987243652344 0.0399208068847656 0.0307064056396484 -0.00049781799316406
0.052703857421875 0.0316390991210938 0.04327392578125 0.020416259765625
0.0523147583007813 0.017852783203125 0.0388870239257813 0.0149002075195313
0.0512886047363281 -0.0037841796875 0.0355491638183594 0.0048065185546875
0.0387954711914063 -0.0210723876953125 0.0195636749267578 -0.000404357910156251
0.023193359375 -0.0348110198974609 0.00373482704162598 -0.000229835510253908
0.0124626159667969 -0.0356407165527344 -0.000380516052246093 0.0147342681884766
0.0123004913330078 -0.0332984924316406 -0.00276756286621094 0.0271625518798828
0.0110931396484375 -0.036285400390625 -0.0107192993164063 0.0373306274414062
0.0169143676757812 -0.0363922119140625 -0.0238685607910156 0.0353965759277344
0.0317821502685547 -0.0275154113769531 -0.0323810577392578 0.0304813385009766
0.0417671203613281 -0.0173187255859375 -0.0317649841308594 0.0108928680419922
0.0467109680175781 0.0085906982421875 -0.0219898223876953 9.9182128906253E-05
0.0493850708007813 0.0245018005371094 0.0057830810546875 0.0103626251220703
0.0430450439453125 0.0336036682128906 0.0155410766601563 0.0409431457519531
0.0329151153564453 0.0271224975585938 0.0432624816894531 0.00457000732421875
0.0429191589355469 0.0203475952148438 0.0519523620605469 0.0192832946777344
0.0416717529296875 0.00812530517578125 0.0363235473632813 0.0132865905761719
0.037628173828125 -0.00957489013671875 0.0293006896972656 0.00970840454101563
0.0242595672607422 -0.0204753875732422 0.0152463912963867 0.00731468200683594
0.0109748840332031 -0.0256385803222656 0.00298404693603516 0.0147819519042969
0.00550079345703125 -0.0243854522705078 0.00194740295410156 0.0267791748046875
0.00675010681152344 -0.0213832855224609 -0.00122833251953125 0.0386505126953125
0.0074462890625 -0.0243816375732422 -0.010284423828125 0.0469017028808594
0.0114154815673828 -0.0238361358642578 -0.0268135070800781 0.0435867309570313
0.0234298706054688 -0.0183792114257813 -0.0353202819824219 0.0347709655761719
0.0312843322753906 -0.0107345581054688 -0.0311985015869141 0.0133876800537109
0.035919189453125 0.00949478149414063 -0.0176734924316406 0.00156402587890625
0.0376434326171875 0.0220870971679688 0.0154151916503906 0.0162630081176758
0.030181884765625 0.0282230377197266 0.0248947143554688 0.0543746948242188
0.0145416259765625 0.0126981735229492 0.0498123168945313 0.00682449340820313
0.0268325805664063 0.00717544555664063 0.0533828735351563 0.0162200927734375
0.0240917205810547 -0.0024261474609375 0.0346603393554687 0.0112667083740234
0.0162439346313477 -0.0115556716918945 0.0262260437011719 0.0134258270263672
0.00617599487304688 -0.0146503448486328 0.0142917633056641 0.0132379531860352
-0.00284862518310547 -0.0108251571655273 0.00455665588378906 0.0212306976318359
-0.000682830810546875 -0.00537776947021484 0.00458335876464844 0.0344009399414063
0.00139474868774414 -0.00517606735229492 -0.000377655029296878 0.0424156188964844
0.000908851623535156 -0.00780868530273438 -0.0124053955078125 0.0503501892089844
0.00260066986083984 -0.00973796844482422 -0.0307159423828125 0.0469131469726562
0.0104255676269531 -0.00829887390136719 -0.0373802185058594 0.0344772338867187
0.0162792205810547 -0.00704574584960937 -0.0319309234619141 0.0153293609619141
0.0210361480712891 0.00669288635253906 -0.0174884796142578 0.00385093688964844
0.0205898284912109 0.0140838623046875 0.0175056457519531 0.0224094390869141
0.0137882232666016 0.0179481506347656 0.0288887023925781 0.0638313293457031
0.00230598449707031 0.00928783416748047 -0.0322799682617188 -0.0558128356933594
-0.00226306915283203 0.00101494789123535 -0.0119647979736328 -0.0199680328369141
-0.00362873077392578 0.00487899780273438 0.0182266235351563 -0.00110435485839844
0.00337648391723633 0.00599431991577148 0.0391349792480469 -0.0137939453125
0.00638103485107422 0.000800609588623047 0.0397605895996094 -0.0316581726074219
0.00621795654296875 -0.00474786758422852 0.0282783508300781 -0.05126953125
0.00306224822998047 -0.0116024017333984 0.00962066650390625 -0.0535507202148438
0.00368213653564453 -0.0108489990234375 -0.00217056274414063 -0.0412635803222656
0.00538253784179687 -0.00996875762939453 -0.0103549957275391 -0.0301475524902344
0.00951099395751953 -0.00776481628417969 -0.0138435363769531 -0.0237541198730469
0.0105562210083008 -0.000606536865234375 -0.0229759216308594 -0.0138492584228516
0.0058293342590332 0.00724887847900391 -0.0270938873291016 -0.0119400024414062
-0.00528860092163086 0.00565099716186524 -0.0362701416015625 -0.0162696838378906
-0.00502634048461914 -0.000205993652343749 -0.0498008728027344 -0.012542724609375
-0.0014338493347168 0.00342965126037598 -0.0472679138183594 -0.00807952880859376
0.019378662109375 0.0248641967773437 -0.0246925354003906 -0.0502662658691406
0.0150184631347656 0.0145368576049805 -0.00287532806396484 -0.0153989791870117
0.013249397277832 0.0140466690063477 0.0229682922363281 0.00112342834472656
0.0204353332519531 0.00843238830566406 0.0426712036132812 -0.0122108459472656
0.0219707489013672 -0.0026397705078125 0.0402565002441406 -0.0286598205566406
0.0177097320556641 -0.0164241790771484 0.0267906188964844 -0.0464057922363281
0.0087127685546875 -0.0264549255371094 0.00938034057617187 -0.04656982421875
0.00827980041503906 -0.0250377655029297 -0.00387191772460938 -0.0330181121826172
0.00930213928222656 -0.0271835327148438 -0.0122509002685547 -0.0217838287353516
0.0157432556152344 -0.0245475769042969 -0.0179805755615234 -0.0164241790771484
0.0230522155761719 -0.0139579772949219 -0.0266895294189453 -0.00847244262695313
0.0225620269775391 -0.00149726867675781 -0.0294151306152344 -0.00920295715332031
0.0145483016967773 0.00823402404785156 -0.0365676879882813 -0.011962890625
0.0152053833007813 0.00919055938720703 -0.0461349487304688 -0.00673294067382813
0.0180168151855469 0.0145263671875 -0.0427055358886719 -0.00173187255859376
0.03363037109375 0.0383224487304688 -0.01336669921875 -0.0406265258789063
0.0312252044677734 0.0265789031982422 0.00827932357788086 -0.00573539733886719
0.029693603515625 0.0231113433837891 0.0290584564208984 0.00499153137207031
0.0374069213867187 0.00962066650390625 0.045166015625 -0.00990676879882812
0.0350933074951172 -0.00671577453613281 0.0379600524902344 -0.0247077941894531
0.027252197265625 -0.0258026123046875 0.0224151611328125 -0.0390434265136719
0.0148391723632813 -0.0368995666503906 0.006500244140625 -0.0342063903808594
0.0125045776367188 -0.0362319946289063 -0.00368881225585937 -0.0199413299560547
0.0110244750976563 -0.0392837524414063 -0.0127458572387695 -0.00793838500976563
0.0191726684570313 -0.0386085510253906 -0.0210247039794922 -0.00434684753417969
0.0313987731933594 -0.0262222290039062 -0.0303382873535156 0.00173187255859375
0.0356674194335938 -0.0127601623535156 -0.0317611694335938 -0.00370979309082031
0.0316791534423828 0.00745201110839844 -0.0353202819824219 -0.00724411010742188
0.0337963104248047 0.0151214599609375 -0.0368309020996094 -0.0013427734375
0.034393310546875 0.0229854583740234 -0.0313816070556641 0.00737571716308594
0.0430831909179688 0.0452117919921875 0.00113296508789063 -0.0268955230712891
0.0444984436035156 0.0342826843261719 0.0212268829345703 0.00531005859375
0.0449600219726563 0.02667236328125 0.0343589782714844 0.0105190277099609
0.0500755310058594 0.00731658935546875 0.0454483032226563 -0.00537490844726562
0.0441551208496094 -0.0118370056152344 0.0331878662109375 -0.0184288024902344
0.0326595306396484 -0.0333423614501953 0.0161590576171875 -0.0273895263671875
0.0162010192871094 -0.0423812866210938 0.00404548645019531 -0.0190963745117188
0.0132675170898437 -0.04144287109375 -0.00397062301635742 -0.00362396240234375
0.0120697021484375 -0.0455589294433594 -0.0117340087890625 0.00765323638916015
0.0193290710449219 -0.0453758239746094 -0.0227088928222656 0.00998687744140624
0.0347576141357422 -0.0332984924316406 -0.0315151214599609 0.0126323699951172
0.0425224304199219 -0.0204811096191406 -0.0325946807861328 0.00267982482910157
0.0444183349609375 0.00503158569335938 -0.0327911376953125 -0.0037078857421875
0.04730224609375 0.0186119079589844 -0.0242576599121094 0.00317192077636719
0.0455665588378906 0.0284042358398437 -0.0167236328125 0.0177688598632813
0.0465431213378906 0.0452461242675781 0.01629638671875 -0.0134029388427734
0.0525779724121094 0.0352210998535156 0.0339145660400391 0.0142898559570313
0.0532188415527344 0.0242805480957031 0.0372047424316406 0.013641357421875
0.0556106567382813 0.00148773193359375 0.0417137145996094 0.0001373291015625
0.0450439453125 -0.0176048278808594 0.0262699127197266 -0.00975990295410156
0.0306625366210938 -0.0361061096191406 0.00947666168212891 -0.0137662887573242
0.0149574279785156 -0.0426139831542969 0.00141358375549316 -0.00168430805206299
0.0130729675292969 -0.0403060913085938 -0.00323200225830078 0.0129518508911133
0.0113792419433594 -0.0444412231445313 -0.0104866027832031 0.0239391326904297
0.018218994140625 -0.0446052551269531 -0.0228424072265625 0.0248737335205078
0.0342617034912109 -0.0344104766845703 -0.0320358276367188 0.022979736328125
0.0440635681152344 -0.0227012634277344 -0.0318031311035156 0.00782775878906249
0.0496444702148438 0.00502777099609375 -0.0269908905029297 -0.000984191894531255
0.0523643493652344 0.0208778381347656 -0.00889492034912109 0.00702667236328125
0.0488471984863281 0.0314521789550781 0.000108718872070317 0.0294914245605469
0.0430831909179687 0.0377693176269531 0.0305957794189453 -0.00242233276367187
0.0519142150878906 0.028961181640625 0.0425376892089844 0.0192947387695313
0.0519790649414063 0.0165634155273438 0.0382156372070313 0.0153121948242188
0.0505638122558594 -0.00513839721679688 0.0357322692871094 0.0046234130859375
0.0376091003417969 -0.0210113525390625 0.0197849273681641 -0.000392913818359376
0.0213336944580078 -0.0341701507568359 0.00460004806518555 0.0018157958984375
0.010162353515625 -0.0354194641113281 0.000557899475097658 0.0142230987548828
0.0103721618652344 -0.0333957672119141 -0.00197601318359375 0.0274791717529297
0.0101394653320313 -0.03631591796875 -0.00958251953125 0.0369796752929688
0.0157546997070313 -0.035919189453125 -0.0235519409179688 0.0366554260253906
0.0299167633056641 -0.0286712646484375 -0.032562255859375 0.0306739807128906
0.0400924682617188 -0.0196113586425781 -0.0309257507324219 0.0118446350097656
0.0458564758300781 0.00733184814453125 -0.0218124389648437 0.00055503845214844
0.0488739013671875 0.0224151611328125 0.00469589233398438 0.0106840133666992
0.0432701110839844 0.0313529968261719 0.0148887634277344 0.0421905517578125
0.0319633483886719 0.0248222351074219 0.0419654846191406 0.00439453125
0.0420188903808594 0.0177040100097656 0.0505714416503906 0.0187416076660156
0.0414390563964844 0.00613021850585937 0.0367202758789063 0.01416015625
0.0356826782226563 -0.0100631713867188 0.0299358367919922 0.00933837890625
0.0220851898193359 -0.0196819305419922 0.0153379440307617 0.00813674926757812
0.00951576232910156 -0.0248050689697266 0.00328350067138672 0.0145559310913086
0.00404930114746094 -0.0227184295654297 0.00263786315917969 0.0269393920898438
0.0058135986328125 -0.0212001800537109 -0.000427246093750002 0.0375099182128906
0.00658607482910156 -0.0224895477294922 -0.00945281982421874 0.0463600158691406
0.0103397369384766 -0.0226516723632813 -0.0263748168945313 0.0439453125
0.0216960906982422 -0.0183944702148438 -0.0343132019042969 0.0351448059082031
0.0301361083984375 -0.0122528076171875 -0.031707763671875 0.0150699615478516
0.0348415374755859 0.00848197937011719 -0.0180416107177734 0.00275993347167969
0.0370750427246094 0.0202980041503906 0.0142192840576172 0.0159597396850586
0.0308055877685547 0.0265998840332031 0.025543212890625 0.0532569885253906
0.0151309967041016 0.00975608825683594 0.0487747192382813 0.00481414794921875
0.0252838134765625 0.00613975524902344 0.0526580810546875 0.0152969360351563
0.0236854553222656 -0.00371360778808594 0.0349102020263672 0.0106220245361328
0.0154924392700195 -0.0116729736328125 0.0260524749755859 0.0123634338378906
0.00447750091552734 -0.0140037536621094 0.0148105621337891 0.0131320953369141
-0.00315189361572266 -0.0104942321777344 0.00627899169921875 0.0215892791748047
-0.00141096115112305 -0.00520896911621094 0.00597000122070312 0.0332546234130859
0.000884532928466797 -0.00490283966064453 0.00124359130859375 0.0420265197753906
0.00101280212402344 -0.00641918182373047 -0.0109901428222656 0.0503807067871094
0.00217866897583008 -0.00833845138549805 -0.0290451049804688 0.0468788146972656
0.00884532928466797 -0.00893783569335938 -0.0362510681152344 0.0358619689941406
0.0154314041137695 -0.00705528259277344 -0.0319385528564453 0.0159549713134766
0.0204143524169922 0.0058135986328125 -0.017277717590332 0.00426387786865234
0.0203819274902344 0.012969970703125 0.0172176361083984 0.0211238861083984
0.0134572982788086 0.0157432556152344 0.029693603515625 0.061859130859375
0.0026702880859375 0.00955677032470703 -0.0309181213378906 -0.0551528930664063
-0.00160765647888184 0.00177121162414551 -0.0107994079589844 -0.0194301605224609
-0.00245046615600586 0.00506734848022461 0.0191421508789063 -0.000421524047851562
0.00348901748657227 0.00518703460693359 0.0393867492675781 -0.0139389038085937
0.00728273391723633 0.000252246856689453 0.0400619506835937 -0.0314292907714844
0.00617074966430664 -0.00678300857543945 0.0279884338378906 -0.051544189453125
0.00220108032226563 -0.0129938125610352 0.00960540771484375 -0.0530548095703125
0.00345325469970703 -0.0120162963867188 -0.0027618408203125 -0.0404701232910156
0.00566482543945313 -0.0111970901489258 -0.010528564453125 -0.0295543670654297
0.00975608825683594 -0.00860786437988281 -0.0142555236816406 -0.0231513977050781
0.0112504959106445 -0.00126171112060547 -0.0227603912353516 -0.0139904022216797
0.00698375701904297 0.00737762451171875 -0.0270557403564453 -0.0117607116699219
-0.00452852249145508 0.00681304931640625 -0.0366096496582031 -0.0174751281738281
-0.00489330291748047 0.00128650665283203 -0.0504951477050781 -0.0124473571777344
-0.00130796432495117 0.00435042381286621 -0.0471229553222656 -0.00811386108398437
0.0205307006835938 0.0252876281738281 -0.0235519409179688 -0.0501327514648438
0.0158185958862305 0.014735221862793 -0.00196552276611328 -0.0145044326782227
0.0145072937011719 0.0144786834716797 0.0243492126464844 0.00124549865722656
0.0210704803466797 0.00737571716308594 0.0428657531738281 -0.0122528076171875
0.0218448638916016 -0.0031890869140625 0.0397682189941406 -0.0278854370117188
0.0181179046630859 -0.0171623229980469 0.0266914367675781 -0.0459938049316406
0.00846099853515625 -0.0274391174316406 0.0086212158203125 -0.0459442138671875
0.00763702392578125 -0.0264530181884766 -0.00350761413574218 -0.0320549011230469
0.00923919677734375 -0.0283832550048828 -0.0124549865722656 -0.0212459564208984
0.0163288116455078 -0.0254936218261719 -0.0186996459960938 -0.0163078308105469
0.0237712860107422 -0.0146064758300781 -0.0273475646972656 -0.00773811340332031
0.0235595703125 -0.00182914733886719 -0.0293502807617187 -0.00876235961914063
0.014923095703125 0.00920867919921875 -0.0368919372558594 -0.0114669799804688
0.0154628753662109 0.0104103088378906 -0.0457000732421875 -0.00647735595703124
0.0182342529296875 0.0149497985839844 -0.0426445007324219 -0.00147628784179688
0.0336837768554688 0.0385856628417969 -0.0124855041503906 -0.0405464172363281
0.0314350128173828 0.0266342163085938 0.00878190994262695 -0.00530910491943359
0.0313377380371094 0.0224990844726563 0.0300312042236328 0.00660133361816406
0.0371322631835938 0.00973892211914062 0.0449028015136719 -0.009307861328125
0.0356101989746094 -0.00699996948242187 0.0376968383789063 -0.0240287780761719
0.0273456573486328 -0.0259895324707031 0.0226821899414063 -0.0382957458496094
0.0139122009277344 -0.0380134582519531 0.0067596435546875 -0.0346584320068359
0.0121231079101563 -0.0369644165039062 -0.00384330749511719 -0.0191631317138672
0.0112419128417969 -0.0400733947753906 -0.0123529434204102 -0.00687408447265625
0.0190010070800781 -0.039520263671875 -0.0220699310302734 -0.00342941284179688
0.0315227508544922 -0.026885986328125 -0.0306606292724609 0.00178146362304688
0.0363121032714844 -0.012847900390625 -0.03253173828125 -0.00337791442871094
0.0325965881347656 0.00767326354980469 -0.0357742309570313 -0.00699615478515624
0.0338516235351563 0.0155200958251953 -0.0368995666503906 -0.000347137451171874
0.0352401733398438 0.0228309631347656 -0.0317935943603516 0.00746536254882813
0.0438117980957031 0.0452156066894531 0.00128936767578125 -0.0261039733886719
0.0448455810546875 0.0339508056640625 0.0210113525390625 0.00621986389160156
0.0459403991699219 0.0266838073730469 0.0347175598144531 0.011810302734375
0.0510673522949219 0.00713348388671875 0.0455436706542969 -0.00410079956054688
0.0442237854003906 -0.0124664306640625 0.0334606170654297 -0.0176200866699219
0.0323123931884766 -0.0329303741455078 0.0157947540283203 -0.0266571044921875
0.0157966613769531 -0.043212890625 0.00375175476074219 -0.0181636810302734
0.0131378173828125 -0.0420608520507813 -0.00310516357421875 -0.00300073623657227
0.0118217468261719 -0.045745849609375 -0.0113325119018555 0.00910186767578124
0.0190887451171875 -0.045684814453125 -0.0228862762451172 0.0110683441162109
0.0344295501708984 -0.0341167449951172 -0.0323390960693359 0.013946533203125
0.0433273315429687 -0.0210762023925781 -0.0335044860839844 0.00330543518066407
0.0449752807617188 0.006072998046875 -0.0330410003662109 -0.00316619873046876
0.0476837158203125 0.0189704895019531 -0.0239715576171875 0.00372505187988282
0.0449447631835937 0.0281639099121094 -0.0166397094726562 0.0185298919677734
0.04644775390625 0.0442314147949219 0.0166196823120117 -0.0124216079711914
0.0515785217285156 0.0344696044921875 0.0334434509277344 0.01556396484375
0.05389404296875 0.0248260498046875 0.0380439758300781 0.0153236389160156
0.0556640625 0.00172042846679688 0.0420303344726563 0.000400543212890625
0.0447349548339844 -0.0181694030761719 0.0269012451171875 -0.00879287719726563
0.0304069519042969 -0.0356178283691406 0.00945186614990235 -0.0121660232543945
0.0146522521972656 -0.0423049926757813 0.0018078088760376 -0.0013047456741333
0.0126571655273437 -0.04083251953125 -0.00273895263671875 0.0135955810546875
0.0110359191894531 -0.0440101623535156 -0.0100727081298828 0.0246086120605469
0.017730712890625 -0.044189453125 -0.0230770111083984 0.0252971649169922
0.0343132019042969 -0.0348720550537109 -0.0322341918945312 0.0239372253417969
0.0439872741699219 -0.0236434936523438 -0.0323867797851563 0.00848388671875
0.0498847961425781 0.00532150268554688 -0.0276947021484375 -0.000377655029296876
0.0524711608886719 0.0210533142089844 -0.00868368148803711 0.00713300704956055
0.0485916137695313 0.0316123962402344 -0.000699996948242182 0.0300521850585938
0.0425033569335938 0.0366439819335938 0.0308094024658203 -0.00150871276855469
0.0509376525878906 0.0276947021484375 0.0429153442382813 0.0205421447753906
0.0520744323730469 0.0168495178222656 0.0385589599609375 0.0163002014160156
0.0503578186035156 -0.00538253784179688 0.0366668701171875 0.00541305541992188
0.0367698669433594 -0.0214195251464844 0.0204010009765625 0.000791549682617186
0.0214977264404297 -0.03277587890625 0.00531768798828125 0.00331258773803711
0.00966644287109375 -0.0348262786865234 0.00101947784423828 0.0149126052856445
0.00916290283203125 -0.0321292877197266 -0.001800537109375 0.0272331237792969
0.00933456420898438 -0.0357933044433594 -0.00926971435546875 0.0382194519042969
0.0150794982910156 -0.0351791381835938 -0.0235443115234375 0.0372314453125
0.0295810699462891 -0.0281848907470703 -0.0328540802001953 0.0317115783691406
0.0390472412109375 -0.0197982788085938 -0.0320625305175781 0.0124702453613281
0.04583740234375 0.00663375854492188 -0.0223197937011719 0.00150680541992188
0.0483207702636719 0.0216217041015625 0.00449657440185547 0.0110740661621094
0.0425491333007813 0.0308990478515625 0.0140457153320313 0.0424919128417969
0.0318851470947266 0.0234165191650391 0.042144775390625 0.00380706787109375
0.0418510437011719 0.0169754028320313 0.0498847961425781 0.0195732116699219
0.0409431457519531 0.005523681640625 0.0372352600097656 0.0146446228027344
0.0350818634033203 -0.0108757019042969 0.0305881500244141 0.00983238220214844
0.02197265625 -0.0199241638183594 0.0161037445068359 0.00893878936767578
0.00886917114257813 -0.0240116119384766 0.004608154296875 0.015589714050293
0.00435447692871094 -0.0217399597167969 0.00235366821289063 0.0270500183105469
0.00580978393554688 -0.0206031799316406 6.86645507812513E-05 0.037353515625
0.0062408447265625 -0.0216140747070313 -0.00909805297851563 0.0469474792480469
0.00988388061523437 -0.0217933654785156 -0.0259666442871094 0.0444145202636719
0.0209617614746094 -0.0178604125976563 -0.0340480804443359 0.0349922180175781
0.0295524597167969 -0.0125064849853516 -0.0314083099365234 0.0149860382080078
0.0344982147216797 0.00816154479980469 -0.0184192657470703 0.002471923828125
0.0363311767578125 0.0196647644042969 0.0141439437866211 0.0158882141113281
0.0303668975830078 0.024932861328125 0.0243759155273438 0.0539741516113281
0.0152349472045898 0.00856494903564453 0.0491600036621094 0.00496673583984375
0.0246162414550781 0.00434684753417969 0.0521011352539062 0.0160255432128906
0.0227470397949219 -0.00399398803710938 0.035491943359375 0.0118675231933594
0.0145769119262695 -0.0119705200195312 0.0271739959716797 0.0136280059814453
0.00387668609619141 -0.0140409469604492 0.0162029266357422 0.0134658813476563
-0.00409030914306641 -0.00943279266357422 0.0074920654296875 0.0219879150390625
-0.00201034545898437 -0.00439834594726562 0.00576591491699219 0.0329532623291016
0.000410556793212891 -0.00499105453491211 0.00103759765625 0.0417289733886719
0.000933647155761719 -0.00545883178710937 -0.009613037109375 0.0507965087890625
0.00158834457397461 -0.00687837600708008 -0.0289421081542969 0.0467948913574219
0.00884056091308594 -0.00844478607177734 -0.0363044738769531 0.03564453125
0.0151071548461914 -0.00702476501464844 -0.0327301025390625 0.0164661407470703
0.019500732421875 0.00516700744628906 -0.0179271697998047 0.00449180603027343
0.0194149017333984 0.0118389129638672 0.0173778533935547 0.0203990936279297
0.0132207870483398 0.0146312713623047 0.02899169921875 0.0618324279785156
0.00400638580322266 0.0112886428833008 -0.0301971435546875 -0.057373046875
-0.000111818313598633 0.00245332717895508 -0.0100498199462891 -0.0198936462402344
-0.00125694274902344 0.00531911849975586 0.0202064514160156 -0.000642776489257812
0.00522851943969727 0.00496244430541992 0.04071044921875 -0.0141754150390625
0.00742959976196289 -0.000276088714599609 0.0406837463378906 -0.031524658203125
0.00676727294921875 -0.00724220275878906 0.0285568237304687 -0.0518798828125
0.00257778167724609 -0.0148305892944336 0.00962066650390625 -0.0542030334472656
0.00326061248779297 -0.0129766464233398 -0.00272750854492187 -0.0409355163574219
0.00617790222167969 -0.0132322311401367 -0.0108585357666016 -0.0298843383789063
0.0107240676879883 -0.00974273681640625 -0.0147781372070312 -0.0238075256347656
0.0122480392456055 -0.00147247314453125 -0.0239524841308594 -0.0141258239746094
0.00821208953857422 0.00779151916503906 -0.0283184051513672 -0.0129585266113281
-0.00400018692016602 0.00739622116088867 -0.0376815795898438 -0.0180168151855469
-0.00571489334106445 0.00281858444213867 -0.0513572692871094 -0.0130043029785156
-0.000913143157958984 0.00618600845336914 -0.04791259765625 -0.00859832763671875
0.0210514068603516 0.0274810791015625 -0.0230064392089844 -0.05108642578125
0.017024040222168 0.0156326293945312 -0.000791549682617185 -0.0143022537231445
0.0157108306884766 0.0152263641357422 0.0250282287597656 0.00238800048828125
0.0221366882324219 0.00740623474121094 0.0441551208496094 -0.0118904113769531
0.0226192474365234 -0.00364112854003906 0.0409507751464844 -0.0279731750488281
0.0186882019042969 -0.0185985565185547 0.0274543762207031 -0.0461311340332031
0.00914573669433594 -0.0286674499511719 0.00941848754882812 -0.0463066101074219
0.00791740417480469 -0.0280265808105469 -0.00347518920898437 -0.0323867797851563
0.00964164733886719 -0.0303611755371094 -0.0133209228515625 -0.0205554962158203
0.0169906616210938 -0.0270271301269531 -0.0198402404785156 -0.0161933898925781
0.0251426696777344 -0.0149326324462891 -0.0284519195556641 -0.00775718688964843
0.0252361297607422 -0.00188446044921875 -0.0309162139892578 -0.00932693481445312
0.0159721374511719 0.0104961395263672 -0.0383186340332031 -0.0125617980957031
0.0156078338623047 0.012425422668457 -0.0468978881835938 -0.0062255859375
0.0182838439941406 0.0173416137695313 -0.0435066223144531 -0.00160598754882813
0.0349960327148437 0.0395889282226562 -0.0113639831542969 -0.0401458740234375
0.0324916839599609 0.0280265808105469 0.0103187561035156 -0.00423336029052734
0.0328750610351563 0.0236167907714844 0.0315399169921875 0.00745201110839844
0.0389747619628906 0.0088348388671875 0.0472679138183594 -0.008209228515625
0.0364303588867188 -0.0076446533203125 0.0399360656738281 -0.0231742858886719
0.0285377502441406 -0.0276317596435547 0.0234375 -0.0374832153320313
0.0138702392578125 -0.0392303466796875 0.00714302062988281 -0.0336818695068359
0.011474609375 -0.0387992858886719 -0.00354194641113281 -0.0183029174804688
0.0119285583496094 -0.0421600341796875 -0.0131416320800781 -0.0061941146850586
0.0198478698730469 -0.0404739379882812 -0.0226612091064453 -0.00291061401367188
0.0333137512207031 -0.0274257659912109 -0.0319805145263672 0.0026874542236328
0.0382881164550781 -0.0131645202636719 -0.0336112976074219 -0.00313377380371094
0.0340499877929688 0.00975990295410156 -0.0368537902832031 -0.006561279296875
0.0345344543457031 0.0174903869628906 -0.0376358032226563 -0.000160217285156252
0.0348453521728516 0.0249919891357422 -0.0327472686767578 0.00860404968261719
0.0446624755859375 0.0468063354492188 0.00230216979980469 -0.026519775390625
0.0455131530761719 0.0345954895019531 0.0225391387939453 0.0074920654296875
0.0471458435058594 0.0281562805175781 0.0365486145019531 0.0135879516601563
0.0524253845214844 0.00676345825195312 0.0476875305175781 -0.00345993041992187
0.0448799133300781 -0.0130500793457031 0.0349826812744141 -0.016082763671875
0.0326461791992187 -0.0341053009033203 0.0173892974853516 -0.0251312255859375
0.0160865783691406 -0.0445060729980469 0.00479030609130859 -0.0173864364624024
0.013214111328125 -0.0432052612304687 -0.00290369987487793 -0.00180363655090332
0.0119514465332031 -0.0473060607910156 -0.0113716125488281 0.0110368728637695
0.0196151733398437 -0.0469436645507813 -0.0238018035888672 0.0126285552978516
0.0355873107910156 -0.0349540710449219 -0.0336227416992188 0.0145912170410156
0.0444526672363281 -0.0211257934570313 -0.0348091125488281 0.00337791442871093
0.04620361328125 0.0066375732421875 -0.0339145660400391 -0.00322151184082031
0.0487136840820313 0.0201187133789063 -0.024444580078125 0.00451278686523438
0.0459060668945313 0.030029296875 -0.0179252624511719 0.0204811096191406
0.0474014282226563 0.0454788208007813 0.0173225402832031 -0.0127315521240234
0.0518989562988281 0.0355644226074219 0.0344295501708984 0.0171623229980469
0.0553169250488281 0.0253868103027344 0.0395698547363281 0.0177688598632813
0.0571632385253906 0.00160980224609375 0.0435714721679688 0.00230026245117188
0.0459175109863281 -0.0183067321777344 0.0281887054443359 -0.00772476196289063
0.0308647155761719 -0.0365715026855469 0.0103187561035156 -0.0105514526367188
0.0143928527832031 -0.0428886413574219 0.00212955474853516 -0.0002361536026001
0.0127639770507813 -0.0407600402832031 -0.00266265869140625 0.014714241027832
0.0111160278320313 -0.0444908142089844 -0.0100631713867188 0.0268497467041016
0.0179519653320313 -0.0447463989257812 -0.0242118835449219 0.0277519226074219
0.0348052978515625 -0.0351314544677734 -0.0332927703857422 0.0252532958984375
0.0447883605957031 -0.0239906311035156 -0.0338878631591797 0.00943946838378907
0.0508804321289063 0.0059661865234375 -0.0284881591796875 -0.000238418579101568
0.0536651611328125 0.022003173828125 -0.00938320159912109 0.00845527648925781
0.0488815307617187 0.0320014953613281 -0.00116920471191406 0.0323009490966797
0.04351806640625 0.0369758605957031 0.0313682556152344 -0.000381469726562498
0.0510177612304687 0.0284461975097656 0.0445899963378906 0.0220375061035156
0.0531349182128906 0.0169601440429688 0.0403861999511719 0.0185050964355469
0.0505943298339844 -0.00594329833984375 0.0376129150390625 0.00682449340820313
0.0370712280273438 -0.0215187072753906 0.0214061737060547 0.00173568725585937
0.0221195220947266 -0.0337448120117188 0.00610589981079102 0.00429487228393555
0.0101470947265625 -0.0350723266601563 0.00177860260009766 0.0163688659667969
0.00967597961425781 -0.0331363677978516 -0.00154495239257813 0.02899169921875
0.00930404663085938 -0.0354080200195313 -0.00930404663085938 0.04022216796875
0.015533447265625 -0.0355148315429688 -0.0245628356933594 0.0388526916503906
0.0299491882324219 -0.0281600952148438 -0.0335578918457031 0.0334339141845703
0.0399971008300781 -0.0195808410644531 -0.0329666137695313 0.0136604309082031
0.0466728210449219 0.0069732666015625 -0.0229701995849609 0.00211524963378906
0.0488548278808594 0.0229339599609375 0.00447463989257813 0.0121984481811523
0.0428733825683594 0.0310249328613281 0.0136833190917969 0.0454673767089844
0.032470703125 0.0235748291015625 0.0425224304199219 0.00528335571289063
0.0415534973144531 0.0170249938964844 0.0513343811035156 0.0212554931640625
0.04156494140625 0.00576019287109375 0.0389442443847656 0.0165023803710938
0.0351276397705078 -0.0109958648681641 0.0318870544433594 0.0115489959716797
0.0210952758789063 -0.0198802947998047 0.0177993774414063 0.00961875915527344
0.00892448425292969 -0.0232582092285156 0.00556087493896485 0.0162763595581055
0.00397682189941406 -0.0208587646484375 0.00344657897949219 0.0279693603515625
0.00543403625488281 -0.0195999145507813 -0.000339508056640623 0.0380897521972656
0.00619316101074219 -0.0211048126220703 -0.00928878784179688 0.0487937927246094
0.0101203918457031 -0.0215072631835938 -0.0268173217773438 0.0468215942382813
0.0214023590087891 -0.0178203582763672 -0.0348587036132812 0.0365676879882813
0.0292148590087891 -0.0129890441894531 -0.0326938629150391 0.0160045623779297
0.0351371765136719 0.00844573974609375 -0.0188732147216797 0.00364875793457032
0.0357894897460938 0.0197715759277344 0.0135965347290039 0.0174036026000977
0.0304603576660156 0.024993896484375 0.0240821838378906 0.0568771362304688
0.0148153305053711 0.00743579864501953 0.0489234924316406 0.00585174560546875
0.02447509765625 0.00418472290039063 0.0530624389648438 0.0165252685546875
0.022796630859375 -0.00511550903320313 0.0364990234375 0.0134429931640625
0.0138731002807617 -0.0127706527709961 0.0277442932128906 0.0139446258544922
0.00270462036132812 -0.0140953063964844 0.0177974700927734 0.0140495300292969
-0.00461626052856445 -0.00795650482177734 0.00863265991210938 0.0224723815917969
-0.00216460227966309 -0.00285768508911133 0.00657272338867187 0.0334377288818359
0.00045466423034668 -0.0038609504699707 0.00146484375 0.0423431396484375
0.00106716156005859 -0.00478172302246094 -0.0102500915527344 0.0524673461914063
0.00110197067260742 -0.0064396858215332 -0.0297012329101563 0.0485763549804688
0.00761842727661133 -0.00745391845703125 -0.0377197265625 0.0366630554199219
0.0141363143920898 -0.00678730010986328 -0.0330543518066406 0.0167999267578125
0.019073486328125 0.00495719909667969 -0.0188179016113281 0.00477409362792968
0.0191516876220703 0.011199951171875 0.0164260864257813 0.0212993621826172
0.0128498077392578 0.0137748718261719 0.0280914306640625 0.0642013549804688
0.00501346588134766 0.0135822296142578 -0.0313034057617188 -0.0588417053222656
0.000725746154785156 0.0030369758605957 -0.00931930541992187 -0.0198345184326172
0.000338077545166015 0.00578451156616211 0.0220794677734375 -0.00032806396484375
0.00624227523803711 0.00416135787963867 0.0425529479980469 -0.0148353576660156
0.008331298828125 -0.00146007537841797 0.042266845703125 -0.0330886840820312
0.00721549987792969 -0.00948429107666016 0.02886962890625 -0.0542335510253906
0.00182914733886719 -0.015843391418457 0.00957107543945313 -0.0564422607421875
0.00321578979492187 -0.0150394439697266 -0.00335693359375 -0.0425567626953125
0.00611114501953125 -0.0156002044677734 -0.0116672515869141 -0.0304660797119141
0.01171875 -0.0117101669311523 -0.0170383453369141 -0.0240211486816406
0.0141315460205078 -0.00212955474853516 -0.0259609222412109 -0.0143184661865234
0.0100297927856445 0.00779056549072266 -0.0300846099853516 -0.0137081146240234
-0.00310897827148437 0.00962638854980469 -0.0404777526855469 -0.0188636779785156
-0.00517368316650391 0.00503778457641602 -0.053619384765625 -0.0135345458984375
-0.000441551208496094 0.0081171989440918 -0.0498275756835938 -0.00833511352539064
0.0232124328613281 0.0300788879394531 -0.0223121643066406 -0.0528755187988281
0.0191497802734375 0.0161762237548828 9.63211059570336E-05 -0.0144662857055664
0.0180130004882813 0.0150566101074219 0.02783203125 0.00243568420410156
0.0242080688476562 0.00660324096679687 0.0469589233398438 -0.0122413635253906
0.0243911743164063 -0.00519180297851563 0.0429763793945313 -0.0284767150878906
0.0189762115478516 -0.0212230682373047 0.0284843444824219 -0.0468521118164062
0.00836944580078125 -0.0311431884765625 0.00940322875976563 -0.0476112365722656
0.00745964050292969 -0.0300579071044922 -0.00354385375976562 -0.0327243804931641
0.00971603393554687 -0.0326423645019531 -0.0132999420166016 -0.0200157165527344
0.0179347991943359 -0.0298900604248047 -0.0213565826416016 -0.0152339935302734
0.0270042419433594 -0.0165767669677734 -0.0306682586669922 -0.00705146789550781
0.0281352996826172 -0.00164985656738281 -0.0332660675048828 -0.00946044921875
0.0177345275878906 0.0122890472412109 -0.0400962829589844 -0.0125350952148437
0.0169286727905273 0.0141534805297852 -0.0487632751464844 -0.00597763061523436
0.0194568634033203 0.0191154479980469 -0.0450057983398438 3.81469726562346E-06
0.0373039245605469 0.0422630310058594 -0.0115203857421875 -0.0413436889648437
0.0349674224853516 0.0289516448974609 0.0121831893920898 -0.00374698638916015
0.0353851318359375 0.024658203125 0.0348472595214844 0.0083770751953125
0.0414314270019531 0.00851821899414062 0.0498847961425781 -0.00794219970703125
0.0386924743652344 -0.00937271118164062 0.0416107177734375 -0.0233421325683594
0.0295200347900391 -0.0303382873535156 0.0250587463378906 -0.037841796875
0.0139999389648438 -0.0419158935546875 0.00816726684570313 -0.0338058471679688
0.0110206604003906 -0.0409927368164063 -0.00348472595214844 -0.0181369781494141
0.01123046875 -0.0453758239746094 -0.0129613876342773 -0.00427722930908204
0.0204734802246094 -0.0432090759277344 -0.0248870849609375 -0.00107002258300782
0.0349006652832031 -0.0290851593017578 -0.0342979431152344 0.00443458557128906
0.0402908325195313 -0.0137214660644531 -0.0358963012695313 -0.00252532958984375
0.0363197326660156 0.0105400085449219 -0.0389823913574219 -0.00641632080078125
0.0363540649414063 0.0198135375976562 -0.0387725830078125 0.00082778930664063
0.0362663269042969 0.026702880859375 -0.0337791442871094 0.0109500885009766
0.0469436645507813 0.0482254028320313 0.0037689208984375 -0.0265731811523437
0.0476608276367188 0.0362014770507813 0.0242042541503906 0.00885963439941407
0.0503959655761719 0.028564453125 0.0400581359863281 0.0142440795898438
0.0548934936523438 0.00595855712890625 0.0502128601074219 -0.00268936157226562
0.0471992492675781 -0.0146980285644531 0.0364913940429688 -0.0157814025878906
0.0337028503417969 -0.0359230041503906 0.0188694000244141 -0.0248756408691406
0.0161514282226562 -0.04656982421875 0.00579166412353516 -0.0168075561523438
0.0125045776367188 -0.0453109741210938 -0.00295472145080566 -0.00108909606933594
0.0116691589355469 -0.0497665405273438 -0.0113592147827148 0.0130510330200195
0.0198211669921875 -0.0488395690917969 -0.0246467590332031 0.0153999328613281
0.0367507934570313 -0.0371894836425781 -0.0351753234863281 0.0172843933105469
0.0465087890625 -0.0226287841796875 -0.0363960266113281 0.005096435546875
0.0484085083007812 0.0069580078125 -0.0354385375976563 -0.00153732299804687
0.0508079528808594 0.0211181640625 -0.0251312255859375 0.00569152832031251
0.0484428405761719 0.0312957763671875 -0.0184593200683594 0.0227165222167969
0.0494041442871094 0.0469207763671875 0.0185527801513672 -0.0115985870361328
0.05401611328125 0.0365257263183594 0.0365066528320313 0.0187797546386719
0.0583915710449219 0.026092529296875 0.0429458618164063 0.0194931030273438
0.0594139099121094 0.00052642822265625 0.0468711853027344 0.00286865234375
0.0471611022949219 -0.0200157165527344 0.0296840667724609 -0.00649833679199219
0.0318260192871094 -0.0381889343261719 0.0122089385986328 -0.00989532470703125
0.0143165588378906 -0.0444869995117188 0.00355887413024902 0.0008549690246582
0.0122222900390625 -0.0428695678710938 -0.00172805786132813 0.0162420272827148
0.011474609375 -0.0464820861816406 -0.00914382934570312 0.03033447265625
0.0183830261230469 -0.0468597412109375 -0.0247726440429688 0.0310211181640625
0.0349273681640625 -0.0366592407226562 -0.0349750518798828 0.0287265777587891
0.0459403991699219 -0.0253372192382813 -0.0358352661132813 0.011138916015625
0.0529136657714844 0.0055999755859375 -0.0301475524902344 0.000783920288085936
0.0556144714355469 0.0224075317382813 -0.00919055938720703 0.00949192047119141
0.0503387451171875 0.0332450866699219 -0.000934600830078121 0.0352516174316406
0.0444793701171875 0.0374641418457031 0.0326499938964844 -0.00022315979003906
0.0519142150878906 0.0282745361328125 0.0468940734863281 0.0232582092285156
0.0560646057128906 0.0173263549804688 0.0435638427734375 0.0199699401855469
0.0521583557128906 -0.0063934326171875 0.0406532287597656 0.00768661499023438
0.0371131896972656 -0.0224838256835937 0.0235385894775391 0.00242233276367187
0.0224056243896484 -0.0337314605712891 0.00770187377929688 0.00537347793579101
0.00992584228515625 -0.0355453491210938 0.00293350219726563 0.0175046920776367
0.00959205627441406 -0.0335559844970703 -0.000619888305664061 0.0304298400878906
0.00950241088867188 -0.036651611328125 -0.0080413818359375 0.0436019897460938
0.0154457092285156 -0.0360794067382813 -0.0252189636230469 0.042633056640625
0.0301189422607422 -0.0289306640625 -0.0346755981445312 0.0365715026855469
0.0406455993652344 -0.020965576171875 -0.0341777801513672 0.0156059265136719
0.0481452941894531 0.00688552856445312 -0.0238590240478516 0.0031585693359375
0.0504302978515625 0.0221595764160156 0.00569438934326172 0.0131559371948242
0.0444183349609375 0.0311965942382812 0.0141410827636719 0.0482025146484375
0.0328960418701172 0.0228939056396484 0.0442695617675781 0.00558853149414063
0.0416336059570313 0.0163536071777344 0.053436279296875 0.0228691101074219
0.0435905456542969 0.0045166015625 0.0414886474609375 0.0176620483398437
0.0356025695800781 -0.0117721557617188 0.0342693328857422 0.0125255584716797
0.0210380554199219 -0.0210895538330078 0.0195484161376953 0.01055908203125
0.0093994140625 -0.0230922698974609 0.00709056854248047 0.01727294921875
0.00390052795410156 -0.0205287933349609 0.00434494018554687 0.0289268493652344
0.00543022155761719 -0.0194377899169922 0.000652313232421875 0.0405235290527344
0.00679206848144531 -0.0206012725830078 -0.00845336914062501 0.0522384643554688
0.00960922241210938 -0.0211811065673828 -0.0273551940917969 0.0500030517578125
0.02069091796875 -0.0181255340576172 -0.03656005859375 0.0398750305175781
0.0295600891113281 -0.01318359375 -0.0340633392333984 0.0174160003662109
0.0355682373046875 0.00731658935546875 -0.0201778411865234 0.00443077087402343
0.0370521545410156 0.0189628601074219 0.0144252777099609 0.0176734924316406
0.0310268402099609 0.0245361328125 0.0251617431640625 0.0593833923339844
0.0154314041137695 0.00642013549804688 0.0506210327148438 0.00598526000976563
0.0242710113525391 0.00254440307617188 0.0554122924804688 0.0177345275878906
0.0235862731933594 -0.00571441650390625 0.0390968322753906 0.0145835876464844
0.0132932662963867 -0.0135087966918945 0.0309963226318359 0.0154190063476563
0.00134468078613281 -0.0135393142700195 0.0196170806884766 0.0142879486083984
-0.00463294982910156 -0.00640535354614258 0.0104923248291016 0.0235538482666016
-0.00184416770935059 -0.00169289112091064 0.00765228271484375 0.03363037109375
0.000582695007324219 -0.00235509872436523 0.0023651123046875 0.0438766479492188
0.0017402172088623 -0.0030825138092041 -0.0100250244140625 0.0550880432128906
0.00136470794677734 -0.00503015518188477 -0.0303497314453125 0.0517768859863281
0.00725269317626953 -0.00745153427124023 -0.0383262634277344 0.0396232604980469
0.0137491226196289 -0.00700283050537109 -0.0347385406494141 0.0181331634521484
0.0191497802734375 0.00461959838867188 -0.0195484161376953 0.00533294677734375
0.0186710357666016 0.0102024078369141 0.0167465209960938 0.0219745635986328
0.0133123397827148 0.0123691558837891 0.0292015075683594 0.06695556640625
0.00758075714111328 0.0159425735473633 -0.0334053039550781 -0.0608482360839844
0.00246357917785644 0.00389575958251953 -0.00908660888671875 -0.0206756591796875
0.00199556350708008 0.00530433654785156 0.0242652893066406 -0.001495361328125
0.00767660140991211 0.00388669967651367 0.0444679260253906 -0.01727294921875
0.00963497161865235 -0.00267982482910156 0.0426216125488281 -0.0358963012695313
0.00694942474365234 -0.0117483139038086 0.0282516479492187 -0.0565452575683594
0.00116729736328125 -0.0181980133056641 0.00735855102539063 -0.0586357116699219
0.00191593170166015 -0.0169610977172852 -0.00457382202148437 -0.0433006286621094
0.004913330078125 -0.0184230804443359 -0.0129985809326172 -0.0300312042236328
0.0120620727539063 -0.0143165588378906 -0.0191287994384766 -0.0233497619628906
0.0163211822509766 -0.00361251831054688 -0.0284767150878906 -0.0133705139160156
0.0123662948608398 0.007415771484375 -0.0328083038330078 -0.0130424499511719
-0.00176334381103516 0.0114374160766602 -0.0433883666992188 -0.0183525085449219
-0.00422906875610352 0.0075836181640625 -0.0563392639160156 -0.0126800537109375
0.000287055969238282 0.0102300643920898 -0.0517349243164063 -0.00701904296875
0.0265922546386719 0.0315532684326172 -0.0240058898925781 -0.0541954040527344
0.0220928192138672 0.0168685913085938 0.00101947784423828 -0.0143375396728516
0.0208911895751953 0.0152530670166016 0.0301322937011719 0.00177764892578125
0.0264263153076172 0.00565528869628906 0.0484657287597656 -0.01416015625
0.0253105163574219 -0.00784492492675781 0.0439605712890625 -0.0311050415039063
0.0194416046142578 -0.0237884521484375 0.0279884338378906 -0.0489044189453125
0.00686073303222656 -0.0338687896728516 0.00870895385742187 -0.0488700866699219
0.0058135986328125 -0.0331363677978516 -0.00448417663574219 -0.0326995849609375
0.00821304321289063 -0.0362472534179688 -0.0142688751220703 -0.0187053680419922
0.0180606842041016 -0.0333156585693359 -0.0229225158691406 -0.0133743286132813
0.02874755859375 -0.0189208984375 -0.0334720611572266 -0.00485610961914063
0.0302505493164063 -0.00376510620117188 -0.0353927612304688 -0.0079193115234375
0.02044677734375 0.013763427734375 -0.0426902770996094 -0.0112037658691406
0.0187435150146484 0.0167312622070313 -0.0504951477050781 -0.00421142578125001
0.0214881896972656 0.0211296081542969 -0.0464134216308594 0.00288772583007813
0.0411796569824219 0.0434837341308594 -0.0119590759277344 -0.0418586730957031
0.0381431579589844 0.0289154052734375 0.0135078430175781 -0.00333499908447265
0.0389595031738281 0.0243797302246094 0.0375747680664063 0.00833892822265625
0.0442161560058594 0.00643539428710937 0.0522956848144531 -0.00981521606445313
0.0397605895996094 -0.0117645263671875 0.0428276062011719 -0.0250053405761719
0.0290737152099609 -0.0334606170654297 0.0250892639160156 -0.0390243530273438
0.0120658874511719 -0.0447273254394531 0.00816535949707031 -0.0346336364746094
0.00926589965820313 -0.0435676574707031 -0.00297737121582031 -0.0172576904296875
0.00986099243164063 -0.0482330322265625 -0.0129728317260742 -0.00239658355712891
0.0201148986816406 -0.0464057922363281 -0.0256004333496094 0.00193405151367187
0.0357398986816406 -0.0323104858398438 -0.0363006591796875 0.00800704956054686
0.0427360534667969 -0.0161094665527344 -0.038055419921875 -0.000232696533203128
0.0395584106445313 0.0105514526367188 -0.0409202575683594 -0.00434875488281249
0.0392951965332031 0.0202140808105469 -0.0402870178222656 0.00354385375976563
0.0390510559082031 0.0280380249023437 -0.03424072265625 0.0138778686523438
0.0509223937988281 0.0491676330566406 0.003753662109375 -0.0266323089599609
0.0511093139648438 0.035888671875 0.0273704528808594 0.00943565368652344
0.0545158386230469 0.0274391174316406 0.0434303283691406 0.0151824951171875
0.0577239990234375 0.00359725952148438 0.0535469055175781 -0.00423812866210937
0.0484046936035156 -0.017303466796875 0.0389213562011719 -0.0169029235839844
0.0337028503417969 -0.0396041870117188 0.0197486877441406 -0.0253143310546875
0.0143280029296875 -0.0493888854980469 0.00670242309570312 -0.0171546936035156
0.0106773376464844 -0.0477142333984375 -0.00171065330505371 -0.00030624866485596
0.0100250244140625 -0.0530509948730469 -0.00956058502197266 0.0158824920654297
0.0187301635742188 -0.0519638061523438 -0.024871826171875 0.0192356109619141
0.0374069213867188 -0.0402641296386719 -0.0363235473632813 0.0209312438964844
0.047882080078125 -0.026123046875 -0.038116455078125 0.008056640625
0.0513954162597656 0.00609207153320313 -0.0372543334960938 0.000213623046874996
0.0541229248046875 0.0212936401367187 -0.0254592895507812 0.00810050964355469
0.0511093139648437 0.0315704345703125 -0.0173549652099609 0.0257987976074219
0.0527572631835938 0.0464744567871094 0.0196170806884766 -0.0112075805664062
0.0566673278808594 0.035797119140625 0.0400733947753906 0.019195556640625
0.0620841979980469 0.0250129699707031 0.047271728515625 0.0193862915039063
0.0617294311523438 -0.0012664794921875 0.050323486328125 0.00257110595703125
0.0477333068847656 -0.0225982666015625 0.0317173004150391 -0.00671768188476563
0.0317268371582031 -0.0406570434570313 0.0141582489013672 -0.00891590118408203
0.0133247375488281 -0.0466041564941406 0.00496244430541992 0.00238609313964843
0.0104827880859375 -0.0441856384277344 1.33514404296879E-05 0.0179252624511719
0.00970840454101563 -0.0487136840820313 -0.00722694396972656 0.0333042144775391
0.0166435241699219 -0.0486221313476563 -0.0240135192871094 0.035552978515625
0.0352020263671875 -0.0395240783691406 -0.0352096557617188 0.0333213806152344
0.046966552734375 -0.0281181335449219 -0.0372238159179688 0.0148200988769531
0.0549736022949219 0.00379180908203125 -0.0308971405029297 0.00335121154785156
0.058380126953125 0.0209579467773438 -0.00896167755126953 0.0114164352416992
0.0535850524902344 0.0326766967773438 0.000606536865234379 0.0390701293945313
0.0472869873046875 0.0362892150878906 0.0344161987304688 0.000160217285156252
0.0540122985839844 0.0270423889160156 0.0504837036132813 0.0248374938964844
0.0585708618164063 0.0153312683105469 0.0476303100585938 0.0202751159667969
0.053924560546875 -0.00876617431640625 0.0435333251953125 0.0084381103515625
0.0376434326171875 -0.0243301391601563 0.0256175994873047 0.00269126892089844
0.0215644836425781 -0.0355606079101563 0.00994300842285156 0.00661563873291015
0.00935745239257812 -0.0362434387207031 0.00465965270996094 0.0184803009033203
0.00851058959960937 -0.0339889526367188 0.00129127502441406 0.0326271057128906
0.00886917114257813 -0.0374603271484375 -0.0056915283203125 0.0470008850097656
0.0137443542480469 -0.0367393493652344 -0.0238609313964844 0.0471954345703125
0.0291481018066406 -0.0306930541992188 -0.0347328186035156 0.0408439636230469
0.0404548645019531 -0.0231704711914063 -0.03594970703125 0.0192756652832031
0.0496177673339844 0.005523681640625 -0.0248928070068359 0.00513267517089844
0.0529365539550781 0.0207633972167969 0.00595760345458985 0.014430046081543
0.0469436645507812 0.0303306579589844 0.0164871215820313 0.051177978515625
0.0344371795654297 0.0211563110351563 0.0458717346191406 0.00572586059570313
0.0428009033203125 0.0140342712402344 0.0571708679199219 0.0226173400878906
0.0443954467773438 0.00300216674804688 0.0451507568359375 0.0179710388183594
0.0351638793945313 -0.0135765075683594 0.0375289916992188 0.0122222900390625
0.0195560455322266 -0.0212173461914063 0.0218467712402344 0.0106163024902344
0.00810623168945313 -0.0226840972900391 0.00941276550292969 0.018463134765625
0.00339317321777344 -0.02001953125 0.00656700134277344 0.0303821563720703
0.00496673583984375 -0.0186252593994141 0.00347518920898438 0.0423507690429688
0.00654983520507813 -0.0205192565917969 -0.00569534301757812 0.0555496215820313
0.0090484619140625 -0.0201129913330078 -0.0262374877929687 0.0545196533203125
0.0199432373046875 -0.0180416107177734 -0.0360336303710938 0.0443458557128906
0.0287532806396484 -0.0145549774169922 -0.0348091125488281 0.0207424163818359
0.0362396240234375 0.0067901611328125 -0.0209407806396484 0.00583648681640625
0.0377311706542969 0.0173187255859375 0.0154933929443359 0.0183162689208984
0.0318946838378906 0.0225124359130859 0.0279884338378906 0.0624885559082031
0.0151863098144531 0.00464153289794922 0.0524177551269531 0.00473403930664063
0.0243854522705078 0.000598907470703125 0.0588645935058594 0.017120361328125
0.0229644775390625 -0.0081634521484375 0.0418777465820313 0.0142745971679688
0.0119352340698242 -0.0146455764770508 0.0340194702148438 0.0149135589599609
-0.000706672668457031 -0.0131244659423828 0.0216903686523438 0.0142078399658203
-0.0052332878112793 -0.00481748580932617 0.0128440856933594 0.0230541229248047
-0.00124156475067139 0.000229001045227051 0.00945663452148438 0.0346546173095703
0.00064629316329956 -0.000747442245483398 0.00406265258789063 0.045166015625
0.00226497650146484 -0.00124073028564453 -0.00782394409179688 0.0581474304199219
0.00148820877075195 -0.00296449661254883 -0.0298881530761719 0.0559120178222656
0.00640487670898438 -0.00611019134521484 -0.0385169982910156 0.0435638427734375
0.0126361846923828 -0.00713539123535156 -0.0357856750488281 0.0214157104492187
0.0184764862060547 0.00404739379882813 -0.0203590393066406 0.00692939758300781
0.0186347961425781 0.00896835327148438 0.0178508758544922 0.0221099853515625
0.0130348205566406 0.0105009078979492 0.0322761535644531 0.070037841796875
0.0102262496948242 0.0168790817260742 -0.0359153747558594 -0.0599555969238281
0.0048518180847168 0.00405359268188477 -0.00897789001464844 -0.0200214385986328
0.00400590896606445 0.00504446029663086 0.0251541137695313 -0.00330162048339844
0.00918102264404297 0.00189971923828125 0.0443534851074219 -0.0205039978027344
0.00997543334960938 -0.00458812713623047 0.0412330627441406 -0.03839111328125
0.00614547729492187 -0.0137662887573242 0.0248794555664063 -0.0582695007324219
-0.00148773193359375 -0.0200920104980469 0.00449752807617188 -0.0591697692871094
-8.01086425781233E-05 -0.0190639495849609 -0.00732421875 -0.0427322387695313
0.00368499755859375 -0.0210018157958984 -0.0151576995849609 -0.0287456512451172
0.0119695663452148 -0.0172548294067383 -0.0214481353759766 -0.021270751953125
0.0174741744995117 -0.00641345977783203 -0.0304222106933594 -0.0110607147216797
0.0144844055175781 0.00652027130126953 -0.0349349975585938 -0.0109672546386719
0.000758171081542968 0.0132360458374023 -0.0454368591308594 -0.0161552429199219
-0.00235557556152344 0.0105648040771484 -0.0575599670410156 -0.0100898742675781
0.00206661224365234 0.0126819610595703 -0.0517654418945312 -0.00383758544921876
0.0303688049316406 0.0317554473876953 -0.026123046875 -0.0529365539550781
0.024322509765625 0.016265869140625 0.00188159942626953 -0.0145330429077148
0.0237083435058594 0.0135917663574219 0.0323543548583984 -0.000120162963867187
0.0279216766357422 0.00261116027832031 0.0489044189453125 -0.0168190002441406
0.0254688262939453 -0.0100917816162109 0.0431098937988281 -0.03277587890625
0.0177516937255859 -0.0271415710449219 0.0263710021972656 -0.0504684448242188
0.00376510620117187 -0.0356483459472656 0.00685501098632813 -0.0490226745605469
0.002838134765625 -0.0347843170166016 -0.00556755065917969 -0.0315189361572266
0.00519943237304688 -0.0389633178710938 -0.0146045684814453 -0.0168313980102539
0.0164794921875 -0.0358619689941406 -0.0248985290527344 -0.0106220245361328
0.0292701721191406 -0.0220756530761719 -0.0344181060791016 -0.00184440612792969
0.0321235656738281 -0.00580596923828125 -0.0371971130371094 -0.00511932373046876
0.0225772857666016 0.0142555236816406 -0.044464111328125 -0.00856781005859376
0.0215930938720703 0.0181102752685547 -0.0508804321289063 -0.00093841552734374
0.0237808227539062 0.0221538543701172 -0.0458984375 0.00600433349609376
0.0448760986328125 0.0429420471191406 -0.0125617980957031 -0.041473388671875
0.0409469604492188 0.0278587341308594 0.0152673721313477 -0.00376033782958984
0.0421218872070313 0.0217742919921875 0.0401458740234375 0.006378173828125
0.0454254150390625 0.00371932983398437 0.0539169311523438 -0.0123863220214844
0.039581298828125 -0.0154228210449219 0.0429000854492188 -0.0268287658691406
0.0277519226074219 -0.0367050170898438 0.0245323181152344 -0.0391921997070313
0.00875091552734375 -0.046783447265625 0.0072479248046875 -0.0342864990234375
0.00602340698242188 -0.045318603515625 -0.00303077697753906 -0.0157546997070313
0.0061187744140625 -0.0509414672851563 -0.0119533538818359 0.000432968139648436
0.0174140930175781 -0.0494232177734375 -0.0257949829101562 0.00575637817382812
0.0354270935058594 -0.0356674194335938 -0.0367774963378906 0.0119361877441406
0.0433578491210938 -0.0188827514648438 -0.0385780334472656 0.00360870361328125
0.0415191650390625 0.009765625 -0.0422439575195313 -0.00105667114257813
0.041900634765625 0.0205078125 -0.03973388671875 0.00572586059570313
0.0418548583984375 0.0285224914550781 -0.032989501953125 0.0174789428710937
0.0543937683105469 0.0478706359863281 0.00358390808105469 -0.0259552001953125
0.05322265625 0.0339775085449219 0.0298500061035156 0.009307861328125
0.0577239990234375 0.0252494812011719 0.0470657348632813 0.0129966735839844
0.0587501525878906 0.00078582763671875 0.0552558898925781 -0.00606536865234375
0.0475082397460938 -0.0205764770507813 0.0392951965332031 -0.0177383422851563
0.0317039489746094 -0.0424919128417969 0.0204925537109375 -0.0248947143554688
0.0109748840332031 -0.0507087707519531 0.00670337677001953 -0.0163669586181641
0.00742721557617187 -0.0487327575683594 4.29153442382871E-06 0.00179505348205566
0.00661849975585938 -0.0547218322753906 -0.00782585144042969 0.0187110900878906
0.0155372619628906 -0.0539398193359375 -0.0242214202880859 0.0235919952392578
0.0363006591796875 -0.0433158874511719 -0.0350551605224609 0.0254955291748047
0.0471382141113281 -0.02862548828125 -0.0387687683105469 0.0116043090820313
0.0529823303222656 0.00469589233398438 -0.0378074645996094 0.00391387939453126
0.0559730529785156 0.0196495056152344 -0.0246639251708984 0.0106487274169922
0.0531730651855469 0.0299186706542969 -0.0153160095214844 0.0295124053955078
0.0555496215820313 0.0440673828125 0.0203495025634766 -0.0113544464111328
0.0582771301269531 0.0327987670898438 0.0432472229003906 0.0187950134277344
0.0643539428710937 0.0215873718261719 0.0505905151367188 0.0182342529296875
0.0621337890625 -0.0047760009765625 0.0521583557128906 0.0003814697265625
0.0463600158691406 -0.0245170593261719 0.0339088439941406 -0.00833892822265625
0.0296478271484375 -0.0422554016113281 0.0158119201660156 -0.00911235809326172
0.0110206604003906 -0.0472908020019531 0.00641250610351563 0.00320148468017578
0.00813674926757812 -0.0441360473632813 0.00197219848632813 0.0196323394775391
0.0069427490234375 -0.0494155883789063 -0.00349807739257813 0.0364494323730469
0.013763427734375 -0.0494155883789063 -0.0217781066894531 0.0398025512695312
0.033599853515625 -0.0413398742675781 -0.0336647033691406 0.0379295349121094
0.0459213256835938 -0.0304374694824219 -0.0368499755859375 0.0189170837402344
0.0562591552734375 0.00189971923828125 -0.0314064025878906 0.00621795654296876
0.0597496032714844 0.0189094543457031 -0.00771808624267577 0.0133886337280273
0.0551528930664062 0.0303688049316406 0.00339508056640625 0.0413703918457031
0.0490379333496094 0.0341262817382813 0.0352821350097656 -0.000164031982421873
0.0546646118164063 0.0244865417480469 0.0536079406738281 0.0234756469726563
0.0596122741699219 0.0122489929199219 0.0505027770996094 0.0191154479980469
0.053192138671875 -0.0108757019042969 0.0460243225097656 0.0070648193359375
0.0357894897460938 -0.0256004333496094 0.0275382995605469 0.00207710266113281
0.0202159881591797 -0.0349941253662109 0.0120668411254883 0.00665473937988281
0.00801086425781249 -0.03607177734375 0.00697517395019531 0.0194034576416016
0.00658416748046875 -0.0332794189453125 0.00467300415039062 0.0341873168945312
0.0072784423828125 -0.0373382568359375 -0.00139999389648437 0.0492668151855469
0.011810302734375 -0.0365638732910156 -0.0205726623535156 0.0514869689941406
0.0275611877441406 -0.0321025848388672 -0.0323333740234375 0.0453681945800781
0.0387954711914063 -0.0248756408691406 -0.0351352691650391 0.0227813720703125
0.0493698120117188 0.00305938720703125 -0.0248985290527344 0.00752449035644531
0.0534934997558594 0.0178871154785156 0.00688934326171875 0.0152072906494141
0.0477027893066406 0.0271682739257813 0.0200614929199219 0.0532875061035156
0.034698486328125 0.0184040069580078 0.0463180541992188 0.00503921508789063
0.0422134399414063 0.0114059448242188 0.059295654296875 0.0219154357910156
0.0439834594726563 -0.00070953369140625 0.0478019714355469 0.01727294921875
0.0338706970214844 -0.0154972076416016 0.0397453308105469 0.0110282897949219
0.017852783203125 -0.0214824676513672 0.0238475799560547 0.00974273681640625
0.00732612609863281 -0.02154541015625 0.0125389099121094 0.0182819366455078
0.00324440002441406 -0.0184669494628906 0.0090484619140625 0.0303668975830078
0.00466251373291016 -0.0173892974853516 0.00649261474609375 0.0425872802734375
0.00641822814941406 -0.0193862915039062 -0.001800537109375 0.0571517944335938
0.0086669921875 -0.0193290710449219 -0.0225906372070313 0.0586395263671875
0.0185508728027344 -0.0177230834960938 -0.0336036682128906 0.0482330322265625
0.0271511077880859 -0.0152797698974609 -0.0338687896728516 0.0243492126464844
0.0353813171386719 0.00521087646484375 -0.0208244323730469 0.00827407836914063
0.0378608703613281 0.0151405334472656 0.0161056518554688 0.0186672210693359
0.0322551727294922 0.0206127166748047 0.0314712524414063 0.0630836486816406
0.0146608352661133 0.00282001495361328 0.0527381896972656 0.00311279296875
0.0228233337402344 -0.00160408020019531 0.0601005554199219 0.0156402587890625
0.0214557647705078 -0.0107517242431641 0.0439376831054688 0.0131149291992188
0.00954532623291016 -0.0149984359741211 0.0366020202636719 0.0137252807617187
-0.00293731689453125 -0.0110359191894531 0.0236759185791016 0.0126094818115234
-0.00519752502441406 -0.00246238708496094 0.01519775390625 0.0221996307373047
-0.000653266906738281 0.00216984748840332 0.0116748809814453 0.0336971282958984
0.0013655424118042 0.0014042854309082 0.0065765380859375 0.0455551147460938
0.00379347801208496 0.000447750091552734 -0.00417327880859376 0.0593376159667969
0.00187313556671143 -0.00111997127532959 -0.0266838073730469 0.0589332580566406
0.00531673431396484 -0.00478458404541016 -0.0365715026855469 0.0465049743652344
0.0112695693969727 -0.00644016265869141 -0.0350608825683594 0.0242061614990234
0.0171804428100586 0.00365447998046875 -0.02117919921875 0.00842857360839843
0.0168342590332031 0.00743198394775391 0.0181293487548828 0.0211200714111328
0.0116777420043945 0.00888156890869141 0.0354728698730469 0.0696907043457031
0.0134811401367187 0.0177593231201172 -0.0364112854003906 -0.0580787658691406
0.00733375549316406 0.00432252883911133 -0.00852584838867188 -0.0201930999755859
0.00618314743041992 0.00417470932006836 0.0259246826171875 -0.00472068786621094
0.00992298126220703 -4.67300415039062E-05 0.0432624816894531 -0.0220222473144531
0.0100927352905273 -0.00673675537109375 0.0389823913574219 -0.0394058227539063
0.00432491302490234 -0.0159101486206055 0.0218620300292969 -0.0575599670410156
-0.00378227233886719 -0.0211257934570313 0.00255966186523438 -0.0579376220703125
-0.002532958984375 -0.0200386047363281 -0.0079803466796875 -0.0409164428710937
0.00101852416992188 -0.0229225158691406 -0.0155601501464844 -0.0263023376464844
0.0106983184814453 -0.0196151733398437 -0.0221462249755859 -0.0187740325927734
0.0177211761474609 -0.0080718994140625 -0.0308246612548828 -0.0078277587890625
0.0170049667358398 0.00498771667480469 -0.0355567932128906 -0.00921249389648438
0.0034646987915039 0.0141077041625977 -0.0464820861816406 -0.0137557983398437
0.000480651855468749 0.0124750137329102 -0.0570526123046875 -0.00816345214843749
0.00391197204589844 0.0144739151000977 -0.0506248474121094 -0.00214767456054687
0.0330657958984375 0.0313472747802734 -0.0259017944335937 -0.0514984130859375
0.0263080596923828 0.0150928497314453 0.0028829574584961 -0.0139808654785156
0.0251922607421875 0.0116539001464844 0.03326416015625 -0.0012359619140625
0.0280132293701172 0.000112533569335938 0.0486640930175781 -0.0187034606933594
0.0243263244628906 -0.0125770568847656 0.0417289733886719 -0.0336456298828125
0.0147743225097656 -0.0287189483642578 0.0250816345214844 -0.0495033264160156
0.000560760498046871 -0.0361404418945313 0.00552749633789062 -0.0473365783691406
-1.14440917968742E-05 -0.0352516174316406 -0.00555038452148438 -0.0298900604248047
0.00194168090820313 -0.0404815673828125 -0.0141458511352539 -0.0138311386108398
0.0142135620117188 -0.037811279296875 -0.0243186950683594 -0.00739288330078126
0.0287666320800781 -0.0248279571533203 -0.0340404510498047 0.00173568725585938
0.0333499908447266 -0.00777053833007813 -0.0373191833496094 -0.00241851806640625
0.0250740051269531 0.0140361785888672 -0.0446739196777344 -0.00630950927734375
0.0235176086425781 0.0190467834472656 -0.0502166748046875 0.000801086425781262
0.0251998901367188 0.0236625671386719 -0.0438919067382813 0.00795364379882814
0.047210693359375 0.0418663024902344 -0.0118446350097656 -0.0396080017089844
0.0415534973144531 0.0259475708007813 0.0174665451049805 -0.00374221801757812
0.0436744689941406 0.0188140869140625 0.042022705078125 0.00440216064453125
0.0453338623046875 0.000148773193359375 0.0531768798828125 -0.0140304565429687
0.0380630493164063 -0.0173187255859375 0.0420074462890625 -0.0275115966796875
0.02459716796875 -0.0382080078125 0.0237693786621094 -0.0384559631347656
0.0053253173828125 -0.0467185974121094 0.00721549987792969 -0.0329074859619141
0.00274658203125 -0.0449638366699219 -0.00218105316162109 -0.0141782760620117
0.00296783447265625 -0.0514068603515625 -0.00986194610595703 0.00343990325927734
0.0144119262695313 -0.0501289367675781 -0.02398681640625 0.00919151306152343
0.034149169921875 -0.0375823974609375 -0.0344905853271484 0.0155868530273438
0.0432243347167969 -0.0206108093261719 -0.0387725830078125 0.00642013549804687
0.0431594848632813 0.00949478149414063 -0.04132080078125 0.00150299072265626
0.0430221557617188 0.0203361511230469 -0.0382804870605469 0.00841140747070312
0.0422248840332031 0.0278091430664063 -0.0304832458496094 0.0196456909179687
0.0558357238769531 0.0454902648925781 0.00427436828613282 -0.0249099731445312
0.0535202026367187 0.0317611694335938 0.0320816040039063 0.008636474609375
0.0584068298339844 0.0219955444335938 0.0488739013671875 0.0113525390625
0.0577316284179688 -0.00242996215820313 0.0554084777832031 -0.00787353515625
0.0449943542480469 -0.0222091674804688 0.0398750305175781 -0.0185165405273437
0.0288581848144531 -0.0433464050292969 0.0207538604736328 -0.0244426727294922
0.00848770141601563 -0.0499114990234375 0.00780773162841797 -0.015380859375
0.00472640991210938 -0.0479698181152344 0.00164437294006348 0.00290727615356445
0.00326156616210938 -0.0540084838867188 -0.00459671020507813 0.0206050872802734
0.012725830078125 -0.0543632507324219 -0.0217151641845703 0.0264568328857422
0.0336761474609375 -0.0441360473632813 -0.0326900482177734 0.0297203063964844
0.04595947265625 -0.0302200317382813 -0.0375862121582031 0.0150985717773437
0.0533256530761719 0.00323867797851563 -0.0369300842285156 0.00670242309570312
0.05621337890625 0.01824951171875 -0.0225715637207031 0.0122585296630859
0.0528297424316406 0.029052734375 -0.0125827789306641 0.0314102172851563
0.0559883117675781 0.0418205261230469 0.0208740234375 -0.0105018615722656
0.0578155517578125 0.03033447265625 0.0451011657714844 0.0177154541015625
0.063934326171875 0.0186767578125 0.0521049499511719 0.0162544250488281
0.0598869323730469 -0.00653839111328125 0.0534133911132813 -0.000911712646484375
0.0443191528320313 -0.0256881713867188 0.0345878601074219 -0.00868606567382813
0.027252197265625 -0.0422630310058594 0.0168552398681641 -0.00882148742675781
0.00876617431640625 -0.0460281372070313 0.00805377960205078 0.00355720520019531
0.00663375854492188 -0.0431900024414063 0.00473403930664063 0.0199413299560547
0.00461959838867187 -0.0482406616210937 5.72204589843776E-05 0.0373878479003906
0.0119552612304687 -0.0481529235839844 -0.0181045532226562 0.0424003601074219
0.0306854248046875 -0.0415763854980469 -0.0303421020507813 0.0409927368164063
0.0437202453613281 -0.0315284729003906 -0.0349540710449219 0.0215015411376953
0.0544815063476563 0.000270843505859375 -0.0303249359130859 0.00918388366699218
0.0591506958007813 0.0168075561523437 -0.00590801239013672 0.0138654708862305
0.0546836853027344 0.0282554626464844 0.00628662109375 0.0432472229003906
0.0487747192382813 0.03143310546875 0.0355110168457031 0.000656127929687502
0.0529518127441406 0.0217323303222656 0.0549812316894531 0.0225372314453125
0.0580253601074219 0.00977706909179688 0.052398681640625 0.0173149108886719
0.05120849609375 -0.0125389099121094 0.047454833984375 0.0054168701171875
0.0330181121826172 -0.0249366760253906 0.0285587310791016 0.00153350830078125
0.0193233489990234 -0.0345554351806641 0.013951301574707 0.00659751892089844
0.00730705261230469 -0.0342903137207031 0.00908851623535156 0.0195140838623047
0.0061798095703125 -0.0317173004150391 0.00725364685058594 0.0339469909667969
0.00660896301269531 -0.0350399017333984 0.00308990478515625 0.0495452880859375
0.0106830596923828 -0.0350074768066406 -0.0169601440429688 0.0533485412597656
0.0252952575683594 -0.0308666229248047 -0.0287361145019531 0.0478134155273438
0.0357208251953125 -0.0251426696777344 -0.0328884124755859 0.0261116027832031
0.0477638244628906 0.0015716552734375 -0.0241661071777344 0.00993728637695313
0.0514564514160156 0.0156173706054688 0.00801372528076172 0.0151853561401367
0.04632568359375 0.0246505737304688 0.0225601196289063 0.0532951354980469
0.0329933166503906 0.0160865783691406 0.0459442138671875 0.00428009033203125
0.0391731262207031 0.0093231201171875 0.0604019165039063 0.0202255249023438
0.0415153503417969 -0.00213241577148438 0.0493240356445313 0.0157585144042969
0.0312309265136719 -0.0156040191650391 0.0413093566894531 0.00948333740234375
0.0151767730712891 -0.0196170806884766 0.0250797271728516 0.00911521911621094
0.00694084167480469 -0.0195865631103516 0.0140037536621094 0.0169334411621094
0.00366020202636719 -0.016444206237793 0.0105056762695313 0.0295372009277344
0.00522518157958984 -0.0158720016479492 0.00871658325195313 0.0422286987304688
0.0065460205078125 -0.0178699493408203 0.00188446044921875 0.0572013854980469
0.00808620452880859 -0.0167856216430664 -0.0185203552246094 0.0594406127929688
0.0167121887207031 -0.0160102844238281 -0.0301589965820312 0.0506553649902344
0.0246047973632813 -0.0141716003417969 -0.0319461822509766 0.0267200469970703
0.0331058502197266 0.003631591796875 -0.0200290679931641 0.00981712341308594
0.0350456237792969 0.0131435394287109 0.0166225433349609 0.0182819366455078
0.0302925109863281 0.0177249908447266 0.0341110229492188 0.0627479553222656
0.0126791000366211 0.000302314758300781 0.0517654418945313 0.0017242431640625
0.0197734832763672 -0.00347328186035156 0.06011962890625 0.0137863159179688
0.0181293487548828 -0.0119380950927734 0.0447654724121094 0.0115470886230469
0.00650882720947266 -0.014439582824707 0.0377998352050781 0.0122032165527344
-0.00420570373535156 -0.00912284851074219 0.0249004364013672 0.0110988616943359
-0.00485849380493164 -5.57899475097665E-05 0.0167827606201172 0.0200099945068359
0.00126528739929199 0.00431180000305176 0.0125656127929688 0.0323734283447266
0.00257444381713867 0.00294756889343262 0.0088043212890625 0.0440330505371094
0.00517129898071289 0.00210428237915039 -0.000968933105468748 0.0586509704589844
0.00308322906494141 0.00128483772277832 -0.0226516723632813 0.0602760314941406
0.00451374053955078 -0.00217103958129883 -0.0330848693847656 0.04864501953125
0.00921726226806641 -0.00490665435791016 -0.0335044860839844 0.0264492034912109
0.0153293609619141 0.00313568115234375 -0.0209102630615234 0.00963973999023438
0.0140581130981445 0.00648212432861328 0.0179939270019531 0.0211830139160156
0.00942420959472656 0.00663375854492188 0.0372543334960938 0.0682144165039063
0.0165176391601563 0.0188674926757813 -0.0345993041992188 -0.0577468872070313
0.00935745239257813 0.00390911102294922 -0.0070953369140625 -0.0203018188476563
0.00768423080444336 0.00250768661499023 0.0256061553955078 -0.00613021850585938
0.0107536315917969 -0.00217056274414063 0.0419044494628906 -0.0218963623046875
0.00940036773681641 -0.00860500335693359 0.0378303527832031 -0.0382652282714844
0.00284957885742187 -0.0178508758544922 0.0210952758789063 -0.0557899475097656
-0.00615119934082031 -0.0218830108642578 0.00172805786132813 -0.0556411743164063
-0.00500679016113281 -0.0209178924560547 -0.00737762451171875 -0.0393829345703125
-0.00166511535644531 -0.0243568420410156 -0.0145034790039063 -0.0242214202880859
0.00933837890625 -0.0216922760009766 -0.0216846466064453 -0.0165443420410156
0.0185527801513672 -0.0112171173095703 -0.030731201171875 -0.00660324096679688
0.0180130004882813 0.00340461730957031 -0.0355720520019531 -0.00799179077148438
0.00578784942626953 0.0145149230957031 -0.0460624694824219 -0.0135154724121094
0.00326251983642578 0.014256477355957 -0.0562171936035156 -0.00814819335937499
0.00612831115722656 0.0166311264038086 -0.0482139587402344 -0.00210952758789063
0.0340194702148438 0.0314464569091797 -0.0237197875976563 -0.0498580932617188
0.0272960662841797 0.0143089294433594 0.00478267669677735 -0.0144987106323242
0.0262298583984375 0.0100555419921875 0.0334587097167969 -0.00250625610351562
0.0280895233154297 -0.00221824645996094 0.0475196838378906 -0.0187759399414063
0.02325439453125 -0.0141582489013672 0.0405502319335938 -0.0328102111816406
0.0131053924560547 -0.0298309326171875 0.0246047973632813 -0.0472564697265625
-0.00118255615234375 -0.0364303588867188 0.00591278076171875 -0.0454673767089844
-0.00183486938476563 -0.0351905822753906 -0.00387763977050781 -0.0278339385986328
-0.000549316406249998 -0.0408363342285156 -0.01202392578125 -0.0122928619384766
0.0129241943359375 -0.0393409729003906 -0.0232448577880859 -0.00440597534179688
0.0286407470703125 -0.0260677337646484 -0.0331897735595703 0.00379180908203125
0.0339775085449219 -0.00887870788574219 -0.0365066528320313 -0.000774383544921875
0.0273494720458984 0.0149917602539062 -0.0435066223144531 -0.00451278686523436
0.0248222351074219 0.0202445983886719 -0.0478134155273438 0.00113677978515625
0.0265235900878906 0.0249671936035156 -0.041168212890625 0.00831985473632812
0.047576904296875 0.0412406921386719 -0.00997543334960937 -0.0378837585449219
0.0415534973144531 0.0250701904296875 0.0187625885009766 -0.00393486022949219
0.0435600280761719 0.0179862976074219 0.0418624877929688 0.00379180908203125
0.0442276000976562 -0.00064849853515625 0.0527763366699219 -0.014007568359375
0.0361137390136719 -0.0180168151855469 0.0421257019042969 -0.0261917114257813
0.0225791931152344 -0.0386543273925781 0.0243263244628906 -0.0368614196777344
0.00411605834960938 -0.046142578125 0.00863265991210938 -0.0309772491455078
0.00134658813476562 -0.0441360473632813 0.000115394592285157 -0.0132713317871094
0.000862121582031248 -0.0506668090820313 -0.00741291046142578 0.00407361984252929
0.013214111328125 -0.0504684448242188 -0.0217666625976563 0.0115776062011719
0.0334320068359375 -0.0385208129882813 -0.0330142974853516 0.017730712890625
0.0430412292480469 -0.0215263366699219 -0.0371513366699219 0.00804901123046875
0.0435905456542969 0.00950241088867188 -0.0406265258789063 0.00294113159179687
0.0434722900390625 0.0212821960449219 -0.035858154296875 0.00857162475585939
0.0422897338867188 0.0288314819335938 -0.027618408203125 0.020599365234375
0.0544090270996094 0.0444869995117188 0.00623130798339844 -0.0230579376220703
0.0521469116210938 0.0305595397949219 0.0337619781494141 0.00842094421386719
0.0572700500488281 0.020843505859375 0.049285888671875 0.01025390625
0.0557746887207031 -0.00276565551757813 0.0551605224609375 -0.0081329345703125
0.0435981750488281 -0.0220985412597656 0.0393257141113281 -0.0174102783203125
0.0278205871582031 -0.0424766540527344 0.0222454071044922 -0.0229625701904297
0.00757980346679687 -0.0489044189453125 0.00963211059570313 -0.0144062042236328
0.00411605834960938 -0.046539306640625 0.00398826599121094 0.00398111343383789
0.002044677734375 -0.053009033203125 -0.00140380859375 0.0215644836425781
0.0120773315429688 -0.0529670715332031 -0.0187511444091797 0.0283927917480469
0.0324478149414062 -0.0435028076171875 -0.0306625366210938 0.0317420959472656
0.0453453063964844 -0.0295295715332031 -0.0357627868652344 0.0176277160644531
0.052520751953125 0.00328826904296875 -0.0350360870361328 0.00815391540527343
0.0556831359863281 0.0191993713378906 -0.0210895538330078 0.0125274658203125
0.05126953125 0.0290489196777344 -0.00992774963378906 0.0322284698486328
0.0538291931152344 0.0408477783203125 0.0218582153320313 -0.00890541076660156
0.0543289184570313 0.02972412109375 0.0458908081054687 0.0178070068359375
0.0619277954101563 0.0178680419921875 0.0529327392578125 0.0158576965332031
0.0584564208984375 -0.00672531127929688 0.0535049438476563 -0.00123214721679688
0.0425910949707031 -0.0240707397460938 0.0350303649902344 -0.00803947448730469
0.0263404846191406 -0.0415573120117188 0.0186252593994141 -0.00812339782714844
0.00885772705078125 -0.0441551208496094 0.0099325180053711 0.00367641448974609
0.00606155395507813 -0.0410957336425781 0.00699996948242188 0.0202198028564453
0.00474929809570312 -0.0466537475585938 0.00350570678710938 0.0376091003417969
0.0117111206054687 -0.0465164184570312 -0.014892578125 0.0439071655273438
0.0293960571289063 -0.0393257141113281 -0.0279006958007812 0.0428123474121094
0.0419197082519531 -0.0300865173339844 -0.0331230163574219 0.0235328674316406
0.0531883239746094 0.000774383544921875 -0.0287799835205078 0.0109939575195313
0.0568656921386719 0.0169754028320313 -0.0049753189086914 0.0149164199829102
0.0517082214355469 0.0274200439453125 0.00819778442382813 0.0436363220214844
0.0452766418457031 0.0298881530761719 0.0356636047363281 0.00176620483398438
0.0491790771484375 0.0212059020996094 0.0551605224609375 0.023193359375
0.0549736022949219 0.00936126708984375 0.0529670715332031 0.0173721313476563
0.0487289428710938 -0.0110321044921875 0.0481681823730469 0.005340576171875
0.0313835144042969 -0.0230693817138672 0.0289802551269531 0.001190185546875
0.019012451171875 -0.0321102142333984 0.0156173706054688 0.00622463226318359
0.00759506225585938 -0.0318355560302734 0.0101757049560547 0.0193939208984375
0.00695991516113281 -0.0296497344970703 0.00930404663085937 0.033416748046875
0.0064849853515625 -0.0332450866699219 0.00537109375 0.0488357543945312
0.0113182067871094 -0.0324821472167969 -0.0139503479003906 0.0538101196289063
0.0247364044189453 -0.0284519195556641 -0.0261039733886719 0.0489959716796875
0.0340156555175781 -0.0227146148681641 -0.0309429168701172 0.0268669128417969
0.0451087951660156 0.0026092529296875 -0.0229701995849609 0.0114822387695312
0.0482940673828125 0.0153923034667969 0.00840950012207032 0.0161886215209961
0.0428848266601562 0.0240097045898437 0.0236587524414063 0.0545845031738281
0.0299835205078125 0.0146255493164062 0.0453643798828125 0.00580596923828125
0.03558349609375 0.00809097290039063 0.0590972900390625 0.0208473205566406
0.038055419921875 -0.00198745727539062 0.0493392944335937 0.0156211853027344
0.0292186737060547 -0.0138874053955078 0.0421028137207031 0.009735107421875
0.0140533447265625 -0.0175857543945313 0.0252609252929688 0.00789642333984375
0.00759220123291016 -0.0174560546875 0.0148334503173828 0.0157594680786133
0.00565433502197266 -0.0143651962280273 0.0108547210693359 0.0286426544189453
0.00676822662353516 -0.013148307800293 0.00970077514648437 0.0413970947265625
0.00791358947753906 -0.0159692764282227 0.00393676757812501 0.0558090209960938
0.00911998748779297 -0.0144691467285156 -0.0164146423339844 0.0595817565917969
0.0164432525634766 -0.0132217407226562 -0.0276107788085938 0.0501136779785156
0.0230140686035156 -0.0122337341308594 -0.0300369262695312 0.0284633636474609
0.0299949645996094 0.00469779968261719 -0.0189094543457031 0.0112495422363281
0.0320510864257813 0.0127143859863281 0.0164337158203125 0.0185337066650391
0.0262660980224609 0.0164890289306641 0.0338554382324219 0.0631332397460938
0.0102605819702148 -0.00114917755126953 0.0492706298828125 0.00318145751953125
0.0164527893066406 -0.00405693054199219 0.0582923889160156 0.0144882202148438
0.0148458480834961 -0.0113706588745117 0.044677734375 0.01153564453125
0.00424766540527344 -0.0131292343139648 0.0381927490234375 0.0114173889160156
-0.00476503372192383 -0.00626564025878906 0.0251140594482422 0.0089569091796875
-0.00389671325683594 0.00222492218017578 0.0162849426269531 0.0187263488769531
0.00370931625366211 0.00597333908081055 0.0120449066162109 0.0311355590820312
0.00516700744628906 0.00507831573486328 0.00878143310546875 0.0422401428222656
0.00751733779907227 0.00425052642822266 0.000213623046874996 0.0567359924316406
0.00475835800170898 0.00349187850952148 -0.0205612182617188 0.0595130920410156
0.00487899780273438 0.000815391540527344 -0.0316009521484375 0.0483360290527344
0.00781583786010742 -0.00267744064331055 -0.0322818756103516 0.0266094207763672
0.0127296447753906 0.00423812866210938 -0.0204105377197266 0.0108261108398438
0.010746955871582 0.00609016418457031 0.0162792205810547 0.0210475921630859
0.00618314743041992 0.00507020950317383 0.0361976623535156 0.0679702758789062
0.0186691284179688 0.0198917388916016 -0.0319557189941406 -0.0589828491210937
0.0116539001464844 0.00315189361572266 -0.00539779663085937 -0.0219078063964844
0.00926685333251953 0.00121021270751953 0.0261993408203125 -0.00589561462402344
0.0111665725708008 -0.00453090667724609 0.0415878295898438 -0.0215072631835938
0.00861263275146484 -0.0108823776245117 0.0382194519042969 -0.0366554260253906
0.000648498535156249 -0.0198268890380859 0.0220947265625 -0.0540313720703125
-0.00792884826660156 -0.02301025390625 0.00319290161132813 -0.0545539855957031
-0.00680351257324219 -0.0218887329101563 -0.00524139404296875 -0.0382804870605469
-0.00378227233886719 -0.0258636474609375 -0.0122013092041016 -0.0235099792480469
0.00808525085449219 -0.0241661071777344 -0.0206527709960937 -0.0153617858886719
0.0185451507568359 -0.0128841400146484 -0.0301761627197266 -0.00559043884277343
0.0199966430664062 0.0011138916015625 -0.0356407165527344 -0.00827789306640625
0.00922012329101563 0.0148525238037109 -0.0457687377929688 -0.01416015625
0.00632190704345703 0.0156164169311523 -0.0552978515625 -0.0106735229492188
0.00880050659179688 0.0187129974365234 -0.0468177795410156 -0.00433349609375
0.0361480712890625 0.03314208984375 -0.0201759338378906 -0.0510292053222656
0.0282821655273438 0.0147171020507812 0.00688266754150391 -0.0155906677246094
0.0268573760986328 0.00918388366699219 0.0345745086669922 -0.00258636474609375
0.0281715393066406 -0.00302505493164063 0.0478363037109375 -0.0175895690917969
0.0229434967041016 -0.014892578125 0.0417137145996094 -0.0311317443847656
0.0114307403564453 -0.03094482421875 0.0262641906738281 -0.0458412170410156
-0.00274276733398438 -0.0369338989257812 0.00799179077148437 -0.044281005859375
-0.00294876098632812 -0.0355262756347656 -0.00127601623535156 -0.0275459289550781
-0.00142669677734375 -0.0417709350585938 -0.00964546203613281 -0.0119152069091797
0.0123977661132813 -0.0404281616210938 -0.0212841033935547 -0.00288200378417969
0.0298309326171875 -0.0279293060302734 -0.0319690704345703 0.00504875183105469
0.035858154296875 -0.00967788696289062 -0.0361175537109375 -0.000240325927734373
0.0297317504882813 0.0160617828369141 -0.0431022644042969 -0.00555801391601562
0.0274085998535156 0.0225677490234375 -0.0473709106445313 -0.000316619873046884
0.0278663635253906 0.0277290344238281 -0.0387039184570313 0.00732040405273438
0.0470771789550781 0.0428352355957031 -0.00646209716796874 -0.0377769470214844
0.0410346984863281 0.0253105163574219 0.0213699340820313 -0.00484466552734375
0.0436058044433594 0.0183677673339844 0.0428085327148438 0.00419235229492188
0.0444831848144531 -0.00145339965820313 0.0538101196289063 -0.0130729675292969
0.0353202819824219 -0.0182075500488281 0.0432929992675781 -0.02490234375
0.0221176147460937 -0.0390625 0.0271377563476563 -0.0354957580566406
0.0035552978515625 -0.0457763671875 0.0109138488769531 -0.0303783416748047
0.00135040283203125 -0.0440635681152344 0.00265789031982422 -0.0123815536499023
0.000392913818359377 -0.0515823364257813 -0.00445652008056641 0.0054473876953125
0.0130424499511719 -0.0514907836914063 -0.0197525024414063 0.0132961273193359
0.0340538024902344 -0.0388832092285156 -0.0312404632568359 0.0197181701660156
0.0443763732910156 -0.021209716796875 -0.0368423461914063 0.00934219360351563
0.0454292297363281 0.0116004943847656 -0.0401077270507813 0.00294876098632812
0.0448570251464844 0.023956298828125 -0.0345840454101563 0.00787925720214845
0.0422134399414062 0.0316696166992188 -0.0254402160644531 0.0195999145507813
0.0527687072753906 0.0457191467285156 0.0091400146484375 -0.0226306915283203
0.050567626953125 0.0316314697265625 0.0351943969726562 0.0084991455078125
0.0562286376953125 0.0217475891113281 0.0505256652832031 0.010955810546875
0.055633544921875 -0.0019989013671875 0.0565605163574219 -0.00677108764648438
0.0434074401855469 -0.0206184387207031 0.0413017272949219 -0.0161323547363281
0.0280380249023438 -0.0418510437011719 0.0246658325195313 -0.0220546722412109
0.00830841064453126 -0.0480918884277344 0.0125951766967773 -0.0129976272583008
0.00513458251953126 -0.0459098815917969 0.00638866424560547 0.0048222541809082
0.00290298461914062 -0.0525703430175781 0.00152015686035156 0.0223007202148438
0.0128555297851562 -0.0528984069824219 -0.0164966583251953 0.0305252075195312
0.0337104797363281 -0.0426750183105469 -0.0294303894042969 0.0331764221191406
0.0456085205078125 -0.0283966064453125 -0.0348377227783203 0.0185737609863281
0.0534934997558594 0.00567245483398438 -0.0342922210693359 0.00832366943359375
0.0555419921875 0.021728515625 -0.0192012786865234 0.0127201080322266
0.0504608154296875 0.0323829650878906 -0.00839614868164062 0.0326347351074219
0.050933837890625 0.0416984558105469 0.0238170623779297 -0.00669288635253906
0.0523529052734375 0.031036376953125 0.0469779968261719 0.0190353393554688
0.0605087280273438 0.0195388793945313 0.0543594360351563 0.0169448852539063
0.0582427978515625 -0.0050506591796875 0.0545806884765625 -0.000102996826171875
0.0425338745117188 -0.0217552185058594 0.0363998413085938 -0.007354736328125
0.0274200439453125 -0.0397377014160156 0.0207252502441406 -0.00756454467773438
0.0104904174804688 -0.04278564453125 0.0120820999145508 0.00441265106201172
0.0078582763671875 -0.0400962829589844 0.00913810729980468 0.0205650329589844
0.00676345825195312 -0.045562744140625 0.00533676147460938 0.0377693176269531
0.0126571655273438 -0.044921875 -0.0126190185546875 0.0444564819335938
0.0308265686035156 -0.0378341674804688 -0.0261802673339844 0.0439033508300781
0.0426292419433594 -0.0283279418945313 -0.0320167541503906 0.024871826171875
0.0530891418457031 0.00296783447265625 -0.0278530120849609 0.0113105773925781
0.0554161071777344 0.0193710327148438 -0.00355243682861328 0.0155582427978516
0.0496139526367187 0.0300788879394531 0.00967788696289063 0.0455780029296875
0.0421409606933594 0.0301132202148437 0.0363235473632812 0.00436782836914063
0.0457267761230469 0.0229339599609375 0.0553550720214844 0.0250511169433594
0.0533180236816406 0.0110702514648438 0.0533370971679688 0.0185890197753906
0.04766845703125 -0.00883102416992188 0.0491752624511719 0.00659942626953125
0.0319328308105469 -0.0206489562988281 0.0304431915283203 0.00122451782226562
0.0204410552978516 -0.0302238464355469 0.016693115234375 0.00675773620605468
0.00980186462402344 -0.0303173065185547 0.0108909606933594 0.0199928283691406
0.00936317443847656 -0.0279674530029297 0.0103759765625 0.0334243774414063
0.00882148742675781 -0.0315818786621094 0.0072479248046875 0.0490264892578125
0.0129261016845703 -0.0304527282714844 -0.0126724243164063 0.0542106628417969
0.0256900787353516 -0.0252189636230469 -0.0251502990722656 0.0495719909667969
0.0341053009033203 -0.0201740264892578 -0.0301380157470703 0.02789306640625
0.043548583984375 0.00484085083007813 -0.0219249725341797 0.0119743347167969
0.0455703735351563 0.01715087890625 0.00969505310058594 0.0173931121826172
0.0394325256347656 0.0248336791992188 0.0241127014160156 0.0558357238769531
0.0268192291259766 0.0143241882324219 0.0448074340820313 0.0089263916015625
0.0321178436279297 0.00934219360351562 0.0594482421875 0.0237655639648437
0.0355987548828125 -0.000904083251953125 0.0502204895019531 0.0167961120605469
0.0274200439453125 -0.0118427276611328 0.0431022644042969 0.010162353515625
0.0142431259155273 -0.0139579772949219 0.0261001586914063 0.00772476196289062
0.00937843322753906 -0.0146713256835937 0.0150146484375 0.0158348083496094
0.00802993774414063 -0.0126304626464844 0.0110244750976563 0.0289134979248047
0.00888633728027344 -0.0118017196655273 0.00969314575195313 0.0411758422851563
0.01025390625 -0.0135431289672852 0.00478363037109375 0.0552215576171875
0.0110912322998047 -0.0124759674072266 -0.0150718688964844 0.0598030090332031
0.0173664093017578 -0.0101280212402344 -0.0266647338867188 0.050323486328125
0.0217742919921875 -0.00900650024414063 -0.0298099517822266 0.0283832550048828
0.0278396606445313 0.00681686401367188 -0.0191249847412109 0.0123271942138672
0.0279254913330078 0.013885498046875 0.0161876678466797 0.0197963714599609
0.0230960845947266 0.0169277191162109 0.0327873229980469 0.0650634765625
0.00716781616210938 -0.00179100036621094 0.0482559204101563 0.00634002685546875
0.0137052536010742 -0.00381088256835938 0.05792236328125 0.0171699523925781
0.0117683410644531 -0.0109357833862305 0.0456199645996094 0.0125999450683594
0.00226974487304687 -0.0106582641601563 0.0387763977050781 0.0115699768066406
-0.00527667999267578 -0.00398063659667969 0.0254497528076172 0.0084075927734375
-0.00241947174072266 0.00512838363647461 0.015960693359375 0.0177650451660156
0.00575590133666992 0.00732278823852539 0.0105800628662109 0.0305309295654297
0.00722980499267578 0.00625753402709961 0.0074462890625 0.0418052673339844
0.009368896484375 0.00509071350097656 -0.000373840332031246 0.0557670593261719
0.00689172744750976 0.00564956665039062 -0.020843505859375 0.0589637756347656
0.00526523590087891 0.00372505187988281 -0.0303421020507813 0.0479774475097656
0.00670862197875976 1.57356262207031E-05 -0.0320358276367187 0.0267219543457031
0.00951957702636719 0.00586605072021484 -0.0212783813476563 0.0114345550537109
0.00684165954589844 0.00670623779296875 0.0151252746582031 0.0225601196289062
0.00303030014038086 0.00502824783325195 0.0344429016113281 0.0699195861816406
0.0226516723632813 0.0209445953369141 -0.029571533203125 -0.0629539489746094
0.0146608352661133 0.00295543670654297 -0.00363540649414062 -0.0242156982421875
0.0112543106079102 -0.00111293792724609 0.0267677307128906 -0.00671768188476563
0.0117893218994141 -0.00733661651611328 0.0429039001464844 -0.0210380554199219
0.00818634033203125 -0.0138692855834961 0.0400047302246094 -0.0361595153808594
-0.00165176391601562 -0.0221710205078125 0.0251960754394531 -0.0543174743652344
-0.0106983184814453 -0.0251274108886719 0.00522994995117187 -0.0550880432128906
-0.00860023498535156 -0.0234565734863281 -0.00301742553710938 -0.0392837524414063
-0.00629425048828125 -0.0285816192626953 -0.00977897644042969 -0.0242481231689453
0.00686264038085938 -0.0270462036132813 -0.0195026397705078 -0.0149631500244141
0.0198917388916016 -0.0156307220458984 -0.0294075012207031 -0.00487899780273438
0.0217723846435547 -0.000186920166015625 -0.035980224609375 -0.00845718383789062
0.0122509002685547 0.0154390335083008 -0.047637939453125 -0.0159263610839844
0.00940608978271485 0.0171651840209961 -0.0572853088378906 -0.0131072998046875
0.0118961334228516 0.021240234375 -0.0462570190429688 -0.00745773315429688
0.0383758544921875 0.035308837890625 -0.0162582397460937 -0.0541610717773438
0.0299530029296875 0.0151538848876953 0.00941562652587891 -0.0169181823730469
0.0286045074462891 0.0080718994140625 0.035980224609375 -0.00259780883789062
0.0291233062744141 -0.00501632690429688 0.0500450134277344 -0.0177268981933594
0.0223846435546875 -0.0168437957763672 0.044891357421875 -0.0298690795898438
0.0103778839111328 -0.0332584381103516 0.0298118591308594 -0.0459251403808594
-0.00429153442382813 -0.0390968322753906 0.0115890502929688 -0.044586181640625
-0.00407791137695312 -0.0372772216796875 0.00151443481445313 -0.0277557373046875
-0.00295639038085938 -0.0443458557128906 -0.00631332397460938 -0.0113677978515625
0.0123023986816406 -0.0437164306640625 -0.0188446044921875 -0.00213241577148438
0.0312442779541016 -0.0300369262695313 -0.0318164825439453 0.00663566589355469
0.0387802124023438 -0.0110588073730469 -0.0368232727050781 0.000202178955078124
0.032989501953125 0.0171051025390625 -0.0450477600097656 -0.00670623779296874
0.0305690765380859 0.0259037017822266 -0.0472412109375 -0.0027008056640625
0.0304336547851563 0.0316944122314453 -0.0381278991699219 0.00527954101562501
0.0486679077148438 0.0461692810058594 -0.00308609008789062 -0.0398902893066406
0.0425834655761719 0.0270233154296875 0.0239658355712891 -0.00533294677734375
0.0446815490722656 0.0180892944335938 0.0461883544921875 0.00440216064453125
0.0447502136230469 -0.00127029418945313 0.0563735961914063 -0.0122947692871094
0.0360221862792969 -0.0180320739746094 0.0470352172851562 -0.0241241455078125
0.0216560363769531 -0.03961181640625 0.031524658203125 -0.0355339050292969
0.00352859497070312 -0.0465621948242188 0.0153083801269531 -0.030517578125
0.00155258178710938 -0.0454864501953125 0.00626754760742188 -0.0125694274902344
9.53674316406211E-05 -0.0534286499023438 -0.000460147857666016 0.00548028945922851
0.0141487121582031 -0.0539321899414063 -0.0175027847290039 0.0146026611328125
0.0367927551269531 -0.0405998229980469 -0.0308761596679687 0.0207557678222656
0.0482177734375 -0.0214920043945313 -0.0364990234375 0.0104255676269531
0.0488777160644531 0.0140647888183594 -0.0402259826660156 0.00313568115234376
0.0479698181152344 0.02789306640625 -0.0346317291259766 0.00614738464355468
0.0440444946289063 0.0363616943359375 -0.0232391357421875 0.0196094512939453
0.052734375 0.0500755310058594 0.0130939483642578 -0.0223350524902344
0.0502738952636719 0.0347404479980469 0.0383644104003906 0.00948333740234375
0.0572395324707031 0.0243263244628906 0.0529975891113281 0.0119743347167969
0.0571098327636719 -0.000202178955078125 0.0600395202636719 -0.00509262084960938
0.044189453125 -0.0194473266601563 0.0450935363769531 -0.0155067443847656
0.0294532775878906 -0.0422248840332031 0.0286083221435547 -0.0213832855224609
0.00976943969726563 -0.0492820739746094 0.0154542922973633 -0.0136241912841797
0.00658798217773438 -0.0466079711914062 0.00992012023925781 0.00487136840820312
0.00445175170898438 -0.0542831420898437 0.00493621826171875 0.0230255126953125
0.0148124694824219 -0.0541152954101562 -0.0137252807617188 0.0319766998291016
0.0367393493652344 -0.043609619140625 -0.028472900390625 0.0352554321289063
0.0491943359375 -0.0277175903320312 -0.0340118408203125 0.019195556640625
0.0564537048339844 0.00884628295898438 -0.0335903167724609 0.00889396667480469
0.0573234558105469 0.0256385803222656 -0.0182113647460938 0.0129547119140625
0.0508613586425781 0.0369911193847656 -0.00673675537109375 0.0343170166015625
0.049041748046875 0.0459098815917969 0.0266609191894531 -0.0056610107421875
0.0508651733398438 0.0355949401855469 0.0507316589355469 0.0217247009277344
0.0609092712402344 0.02252197265625 0.0568428039550781 0.0184288024902344
0.0591888427734375 -0.00229644775390625 0.0582618713378906 0.00159835815429687
0.0445747375488281 -0.0200271606445313 0.0395469665527344 -0.0069122314453125
0.0302085876464844 -0.0390853881835938 0.0242462158203125 -0.00677871704101563
0.0136337280273438 -0.0434150695800781 0.0140552520751953 0.00499248504638672
0.0105857849121094 -0.0407600402832031 0.0110416412353516 0.0209388732910156
0.00885772705078125 -0.0465545654296875 0.00857925415039062 0.0386848449707031
0.0151634216308594 -0.0450897216796875 -0.0108146667480469 0.0468788146972656
0.0330352783203125 -0.0367965698242188 -0.0244483947753906 0.0454254150390625
0.0451774597167969 -0.0262603759765625 -0.0312614440917969 0.0263767242431641
0.054168701171875 0.0065460205078125 -0.0274925231933594 0.0123233795166016
0.0554618835449219 0.0234527587890625 -0.00175857543945312 0.0160808563232422
0.0482292175292969 0.0337562561035156 0.0111732482910156 0.0476799011230469
0.0391960144042969 0.0337867736816406 0.0383567810058594 0.00751113891601563
0.043365478515625 0.0265731811523438 0.0583877563476563 0.0289726257324219
0.0523834228515625 0.0145683288574219 0.0561370849609375 0.021240234375
0.0483589172363281 -0.00623703002929688 0.0513572692871094 0.00751113891601563
0.0334529876708984 -0.0169048309326172 0.0325927734375 0.00230979919433594
0.0232124328613281 -0.0289402008056641 0.0184268951416016 0.00600051879882812
0.0133171081542969 -0.0304546356201172 0.0121650695800781 0.0196971893310547
0.0123424530029297 -0.0279731750488281 0.0112113952636719 0.0338344573974609
0.0131607055664063 -0.0310535430908203 0.00860595703124999 0.0501289367675781
0.0160045623779297 -0.0292549133300781 -0.01080322265625 0.0563011169433594
0.0284900665283203 -0.0231475830078125 -0.0241775512695313 0.0512962341308594
0.0355072021484375 -0.0175971984863281 -0.029083251953125 0.0289592742919922
0.0431747436523438 0.00810623168945313 -0.0219631195068359 0.0133533477783203
0.0437049865722656 0.0206718444824219 0.0101814270019531 0.0189018249511719
0.0374717712402344 0.0286598205566406 0.0246353149414062 0.0603599548339844
0.0231552124023437 0.0162353515625 0.0465812683105469 0.0132217407226563
0.0297050476074219 0.0114097595214844 0.0610084533691406 0.0278091430664063
0.0333232879638672 0.00163078308105469 0.0526123046875 0.0192184448242188
0.0269355773925781 -0.00875473022460938 0.0450668334960938 0.0115203857421875
0.0145540237426758 -0.0113420486450195 0.0277595520019531 0.00790596008300781
0.0125751495361328 -0.0129938125610352 0.0154972076416016 0.0150575637817383
0.0119647979736328 -0.0120954513549805 0.0108394622802734 0.0299968719482422
0.0119752883911133 -0.0114555358886719 0.0104331970214844 0.0414314270019531
0.0140628814697266 -0.0125799179077148 0.00469207763671875 0.0567703247070313
0.0143909454345703 -0.0105018615722656 -0.0146408081054687 0.060638427734375
0.0193080902099609 -0.00690460205078125 -0.026763916015625 0.0513114929199219
0.0224418640136719 -0.00536918640136719 -0.0292835235595703 0.0297012329101563
0.0260276794433594 0.0100002288818359 -0.0188140869140625 0.0130977630615234
0.024749755859375 0.0162906646728516 0.0161819458007812 0.0214672088623047
0.0194416046142578 0.0181674957275391 0.0322914123535156 0.0697174072265625
0.00378537178039551 -0.00213241577148438 0.0482749938964844 0.0106124877929688
0.0101776123046875 -0.0032806396484375 0.0594558715820313 0.0210494995117188
0.00869846343994141 -0.00963115692138672 0.0478134155273438 0.0151863098144531
0.00116395950317383 -0.00851011276245117 0.0402870178222656 0.0117416381835938
-0.00586462020874024 -0.000928401947021485 0.0251884460449219 0.0082244873046875
-0.000364780426025391 0.00727319717407227 0.0152511596679688 0.0172557830810547
0.00867843627929688 0.00929069519042969 0.00927925109863282 0.0315628051757813
0.0105495452880859 0.00713825225830078 0.00673675537109375 0.0433998107910156
0.0135669708251953 0.00701141357421875 -0.00163269042968749 0.0576171875
0.0102243423461914 0.00787162780761719 -0.0215377807617187 0.0592918395996094
0.00723934173583984 0.00683927536010742 -0.0310249328613281 0.0477485656738281
0.00687074661254883 0.00373172760009766 -0.0326309204101563 0.0266914367675781
0.00717830657958984 0.00800228118896484 -0.0209426879882813 0.0118865966796875
0.00296783447265625 0.00889682769775391 0.0139999389648438 0.0239372253417969
-0.00108098983764648 0.00514984130859375 0.032867431640625 0.0745697021484375
0.0282211303710938 0.022003173828125 -0.0284652709960938 -0.0696830749511719
0.0176868438720703 0.000413894653320313 -0.00254631042480469 -0.0276679992675781
0.0131816864013672 -0.00408554077148438 0.0286159515380859 -0.00819778442382813
0.0113925933837891 -0.0106430053710937 0.0453224182128906 -0.0222854614257813
0.00650501251220703 -0.0173797607421875 0.0433235168457031 -0.0368537902832031
-0.00542640686035156 -0.0252532958984375 0.0273246765136719 -0.0566596984863281
-0.0145587921142578 -0.0258216857910156 0.00843048095703125 -0.0581550598144531
-0.0122699737548828 -0.0248966217041016 -0.000747680664062498 -0.0409736633300781
-0.0108280181884766 -0.0308589935302734 -0.00872993469238281 -0.0253143310546875
0.00513267517089843 -0.0309257507324219 -0.0184288024902344 -0.0152950286865234
0.0206031799316406 -0.0202198028564453 -0.0296287536621094 -0.00412178039550781
0.0250530242919922 -0.00342941284179687 -0.0381393432617188 -0.00844955444335938
0.0171604156494141 0.0150365829467773 -0.0505104064941406 -0.0169334411621094
0.0143547058105469 0.0190353393554688 -0.0598068237304687 -0.0165176391601562
0.0166034698486328 0.0241527557373047 -0.0469284057617188 -0.0113182067871094
0.043365478515625 0.0382843017578125 -0.0138435363769531 -0.0592117309570313
0.0336761474609375 0.0144519805908203 0.0122661590576172 -0.0202732086181641
0.0308780670166016 0.007415771484375 0.0383682250976563 -0.00375747680664063
0.0297985076904297 -0.00714683532714844 0.0537376403808594 -0.0183372497558594
0.0226230621337891 -0.0190219879150391 0.0485572814941406 -0.0304718017578125
0.0087432861328125 -0.0356864929199219 0.0337753295898438 -0.0473480224609375
-0.00651931762695313 -0.0406646728515625 0.0152206420898437 -0.0469436645507813
-0.00634384155273437 -0.0397453308105469 0.00531959533691406 -0.0298671722412109
-0.006011962890625 -0.0470008850097656 -0.00316810607910156 -0.0126323699951172
0.0111923217773437 -0.0475845336914063 -0.0174999237060547 -0.00154209136962891
0.0336627960205078 -0.0340633392333984 -0.0307445526123047 0.00826263427734375
0.0427932739257813 -0.0134162902832031 -0.0379791259765625 0.000480651855468756
0.0395736694335938 0.0182151794433594 -0.0468292236328125 -0.00674438476562499
0.0365829467773438 0.0293540954589844 -0.0494766235351563 -0.00455093383789063
0.0350379943847656 0.0360145568847656 -0.0377273559570313 0.00325775146484375
0.0520439147949219 0.0507698059082031 0.00212097167968751 -0.0432548522949219
0.0457077026367188 0.0296363830566406 0.0272560119628906 -0.00686073303222656
0.0479393005371094 0.0193099975585938 0.0489730834960938 0.00353622436523438
0.0471534729003906 -0.00213623046875 0.0610504150390625 -0.0128440856933594
0.0375404357910156 -0.0191154479980469 0.0513191223144531 -0.0246047973632813
0.0215721130371094 -0.0424537658691406 0.0363006591796875 -0.0363044738769531
0.00262069702148437 -0.0503158569335938 0.0190563201904297 -0.0317058563232422
0.00164413452148438 -0.0477867126464844 0.010127067565918 -0.0143966674804688
-0.000263214111328122 -0.0568389892578125 0.00345468521118164 0.00551319122314453
0.0139656066894531 -0.0575942993164063 -0.0148725509643555 0.0162563323974609
0.040313720703125 -0.0449180603027344 -0.0293865203857422 0.0236015319824219
0.0534324645996094 -0.023834228515625 -0.0369491577148438 0.0122413635253906
0.0554542541503906 0.0155525207519531 -0.041168212890625 0.00365066528320312
0.0531845092773437 0.0311241149902344 -0.0347366333007813 0.00604438781738282
0.047637939453125 0.0413970947265625 -0.0221595764160156 0.0196342468261719
0.0551223754882813 0.0555000305175781 0.017333984375 -0.0232772827148437
0.0520820617675781 0.0391578674316406 0.0434303283691406 0.00907135009765625
0.0604820251464844 0.0268783569335938 0.0574531555175781 0.0126609802246094
0.0601081848144531 0.000640869140625 0.0649490356445312 -0.00553131103515625
0.0474586486816406 -0.0190315246582031 0.0496788024902344 -0.0160446166992188
0.0314826965332031 -0.0441017150878906 0.0333080291748047 -0.0224685668945313
0.0116348266601562 -0.0514984130859375 0.0205898284912109 -0.0143566131591797
0.00796890258789063 -0.0496177673339844 0.0132722854614258 0.00432586669921875
0.00595855712890625 -0.0578346252441406 0.00940895080566406 0.0237884521484375
0.0166435241699219 -0.0579452514648438 -0.0109233856201172 0.0340213775634766
0.0405349731445313 -0.0460624694824219 -0.0261154174804687 0.0381622314453125
0.0540199279785156 -0.0289230346679687 -0.0339374542236328 0.0218238830566406
0.0620002746582031 0.0111427307128906 -0.0341625213623047 0.0105476379394531
0.0612335205078125 0.030975341796875 -0.0182514190673828 0.0127677917480469
0.053375244140625 0.0423774719238281 -0.00284576416015625 0.0358428955078125
0.0494804382324219 0.0509910583496094 0.0321083068847656 -0.00386810302734375
0.0518112182617188 0.0404129028320313 0.0556449890136719 0.0232925415039063
0.0621109008789063 0.0271759033203125 0.06182861328125 0.0200767517089844
0.0625953674316406 0.000865936279296875 0.0634613037109375 0.00198745727539063
0.0485877990722656 -0.0188522338867187 0.0435523986816406 -0.00666046142578125
0.0332374572753906 -0.0403823852539063 0.0276355743408203 -0.00722122192382813
0.0159645080566406 -0.046112060546875 0.0174627304077148 0.00439834594726562
0.01361083984375 -0.0423355102539063 0.0147438049316406 0.0216445922851562
0.011871337890625 -0.048858642578125 0.0129852294921875 0.04034423828125
0.0183563232421875 -0.0477447509765625 -0.00757598876953125 0.0494461059570313
0.037933349609375 -0.0380859375 -0.02337646484375 0.0493354797363281
0.0490036010742188 -0.0256996154785156 -0.0308742523193359 0.0286521911621094
0.0575141906738281 0.0101470947265625 -0.0276679992675781 0.0139579772949219
0.05804443359375 0.0275039672851562 -0.000664710998535154 0.0172224044799805
0.0493545532226563 0.0394744873046875 0.0144309997558594 0.0517539978027344
0.0384750366210938 0.0384521484375 0.0438728332519531 0.0112686157226563
0.0436515808105469 0.0309371948242188 0.0632781982421875 0.0315208435058594
0.0535392761230469 0.0188140869140625 0.0615653991699219 0.0227775573730469
0.051849365234375 -0.00244140625 0.0571632385253906 0.00785446166992187
0.0372352600097656 -0.0150909423828125 0.0354576110839844 0.00194549560546875
0.0277194976806641 -0.0286769866943359 0.0213394165039063 0.00641441345214844
0.0177593231201172 -0.0321063995361328 0.0150089263916016 0.0201358795166016
0.0160903930664063 -0.0289306640625 0.0135002136230469 0.0352134704589844
0.0164566040039063 -0.0330009460449219 0.0115890502929687 0.0517425537109375
0.0202255249023437 -0.0297145843505859 -0.0086669921875 0.0593681335449219
0.0319995880126953 -0.0224857330322266 -0.0226974487304687 0.0538101196289063
0.0393829345703125 -0.0147972106933594 -0.0291843414306641 0.0314216613769531
0.0441131591796875 0.0125045776367188 -0.0211334228515625 0.0139732360839844
0.0438346862792969 0.0253639221191406 0.0123176574707031 0.0208206176757813
0.0358772277832031 0.031951904296875 0.0286064147949219 0.0657196044921875
0.0210437774658203 0.0176334381103516 0.0501899719238281 0.0175819396972656
0.0274829864501953 0.0144844055175781 0.0655326843261719 0.0317916870117188
0.0323753356933594 0.00492286682128906 0.0568580627441406 0.0217056274414063
0.0276908874511719 -0.00526618957519531 0.0490264892578125 0.0124092102050781
0.0175666809082031 -0.00797939300537109 0.028533935546875 0.00773429870605469
0.0161380767822266 -0.0119056701660156 0.0163202285766602 0.0160846710205078
0.0157651901245117 -0.0122690200805664 0.0117740631103516 0.0309944152832031
0.0164670944213867 -0.0111474990844727 0.0102577209472656 0.0437088012695313
0.0196113586425781 -0.0131168365478516 0.00605392456054688 0.0594749450683594
0.0194664001464844 -0.00954818725585938 -0.01324462890625 0.0636215209960938
0.0227184295654297 -0.00387191772460938 -0.0261154174804687 0.0533905029296875
0.0244083404541016 -0.000881195068359375 -0.0304737091064453 0.0315036773681641
0.0254096984863281 0.0143947601318359 -0.019317626953125 0.0145626068115234
0.0224609375 0.0203075408935547 0.0175056457519531 0.0249767303466797
0.0153141021728516 0.0215282440185547 0.0356063842773438 0.0764083862304688
0.000525236129760742 -0.00284600257873535 0.0511016845703125 0.015533447265625
0.00689363479614258 -0.00169563293457031 0.0630302429199219 0.0250968933105469
0.00630474090576172 -0.00809097290039063 0.051422119140625 0.0158843994140625
-0.000298500061035156 -0.00520706176757813 0.0437049865722656 0.0120582580566406
-0.00512886047363281 0.00251102447509766 0.0264530181884766 0.00763130187988281
0.00260353088378906 0.0105915069580078 0.0146894454956055 0.0175313949584961
0.0127105712890625 0.00962924957275391 0.00841140747070313 0.03314208984375
0.0147666931152344 0.00809192657470703 0.00487899780273438 0.0448837280273438
0.0179691314697266 0.00767707824707031 -0.00209808349609375 0.05889892578125
0.0140752792358398 0.0102090835571289 -0.0215530395507812 0.0618095397949219
0.00998497009277344 0.0109481811523437 -0.0322303771972656 0.0496139526367188
0.0073089599609375 0.00790548324584961 -0.0342483520507813 0.0290374755859375
0.00457668304443359 0.0120868682861328 -0.0227298736572266 0.0130939483642578
-0.00110149383544922 0.0113296508789063 0.0146732330322266 0.0268306732177734
-0.00614356994628906 0.00630760192871094 0.0338516235351563 0.0809860229492188
0.0348796844482422 0.0206661224365234 -0.030303955078125 -0.0762786865234375
0.0220069885253906 -0.0027618408203125 -0.00308799743652344 -0.0320320129394531
0.0151853561401367 -0.00843524932861328 0.0299396514892578 -0.0107517242431641
0.0108375549316406 -0.0154457092285156 0.0475273132324219 -0.0243911743164063
0.00418472290039062 -0.0201148986816406 0.0450820922851563 -0.0394287109375
-0.0102024078369141 -0.0269985198974609 0.0298118591308594 -0.0597381591796875
-0.0198478698730469 -0.0272064208984375 0.009918212890625 -0.0613594055175781
-0.017059326171875 -0.0261669158935547 0.00063705444335937 -0.0448799133300781
-0.0153121948242187 -0.0325031280517578 -0.00659942626953125 -0.0284156799316406
0.000392913818359371 -0.0344619750976563 -0.0170269012451172 -0.0154867172241211
0.0194206237792969 -0.0255393981933594 -0.0301151275634766 -0.00312995910644531
0.0269012451171875 -0.00829505920410156 -0.0395317077636719 -0.00773239135742187
0.0223331451416016 0.0131721496582031 -0.0551261901855469 -0.0172882080078125
0.0210399627685547 0.0189437866210938 -0.0644493103027344 -0.0185661315917969
0.0236053466796875 0.0250053405761719 -0.0497779846191406 -0.0148086547851562
0.0503616333007813 0.0391502380371094 -0.0132408142089844 -0.0658416748046875
0.0380058288574219 0.0136909484863281 0.0139293670654297 -0.0245323181152344
0.0337009429931641 0.00429344177246094 0.0414886474609375 -0.00616073608398437
0.0305137634277344 -0.0106182098388672 0.0567550659179688 -0.0205764770507813
0.0216827392578125 -0.0218944549560547 0.0522918701171875 -0.0334815979003906
0.00494766235351563 -0.0385627746582031 0.0373306274414063 -0.0509796142578125
-0.0100593566894531 -0.0426368713378906 0.0184898376464844 -0.0510215759277344
-0.00924301147460937 -0.0418777465820313 0.00781631469726562 -0.0333747863769531
-0.00948333740234375 -0.0506477355957031 0.000177383422851563 -0.0143756866455078
0.00857162475585938 -0.0526580810546875 -0.0149164199829102 -0.00147151947021485
0.0340690612792969 -0.0407142639160156 -0.0296211242675781 0.00988578796386718
0.0468673706054688 -0.0188674926757813 -0.0379371643066406 0.002197265625
0.0461158752441406 0.01727294921875 -0.0488624572753906 -0.00558090209960937
0.0447349548339844 0.029541015625 -0.0520896911621094 -0.00543212890624999
0.0421333312988281 0.0396385192871094 -0.0373191833496094 0.000587463378906254
0.0583953857421875 0.0541229248046875 0.00483322143554688 -0.0486183166503906
0.0494575500488281 0.0302543640136719 0.0324554443359375 -0.0102348327636719
0.0513153076171875 0.0191078186035156 0.0530891418457031 0.00159454345703125
0.0499229431152344 -0.0040435791015625 0.0653724670410156 -0.0150146484375
0.0390892028808594 -0.0215568542480469 0.055755615234375 -0.0266532897949219
0.0211639404296875 -0.0454330444335938 0.0405616760253906 -0.0401992797851563
0.00150680541992188 -0.0526351928710938 0.0229263305664063 -0.0364646911621094
-0.000297546386718755 -0.0513534545898438 0.0143394470214844 -0.0173254013061523
-0.0026092529296875 -0.0606307983398438 0.00780677795410156 0.00402402877807617
0.0127372741699219 -0.0624732971191406 -0.0104837417602539 0.0172882080078125
0.0420875549316406 -0.0504341125488281 -0.0264263153076172 0.0266342163085937
0.0572395324707031 -0.0286903381347656 -0.0360069274902344 0.0146408081054687
0.0631942749023438 0.0147819519042969 -0.0424575805664062 0.00503540039062499
0.0620079040527344 0.0338134765625 -0.0351104736328125 0.005645751953125
0.055206298828125 0.046661376953125 -0.0196628570556641 0.0180606842041016
0.0592422485351563 0.0605926513671875 0.022857666015625 -0.026580810546875
0.0557060241699219 0.0421943664550781 0.0493965148925781 0.00618743896484375
0.0642890930175781 0.028839111328125 0.0627937316894531 0.010955810546875
0.064056396484375 0.000446319580078125 0.070556640625 -0.00807952880859375
0.0507621765136719 -0.020904541015625 0.0540618896484375 -0.0182533264160156
0.0329551696777344 -0.0474090576171875 0.0379447937011719 -0.0254364013671875
0.0116119384765625 -0.0554618835449219 0.0240268707275391 -0.016845703125
0.00844192504882813 -0.0521888732910156 0.0181865692138672 0.00181961059570312
0.00537109375 -0.0620536804199219 0.0145092010498047 0.0223846435546875
0.0172500610351563 -0.0626258850097656 -0.00564193725585938 0.035980224609375
0.0436592102050781 -0.0509223937988281 -0.0224685668945313 0.0414199829101562
0.0592079162597656 -0.0326576232910156 -0.0323257446289062 0.0246829986572266
0.0687751770019531 0.01220703125 -0.0343837738037109 0.0121173858642578
0.0681991577148438 0.0327644348144531 -0.015925407409668 0.0124311447143555
0.0593147277832031 0.0479927062988281 0.00115203857421876 0.03692626953125
0.0522804260253906 0.0566139221191406 0.0386924743652344 -0.004241943359375
0.0544395446777344 0.04510498046875 0.0620956420898438 0.0227432250976563
0.0669403076171875 0.030364990234375 0.0673675537109375 0.0192527770996094
0.0678215026855469 0.001129150390625 0.0688858032226562 -0.00016021728515625
0.0520095825195312 -0.0190467834472656 0.0477027893066406 -0.0093536376953125
0.0369453430175781 -0.0431442260742188 0.0315742492675781 -0.00972938537597657
0.019287109375 -0.0487632751464844 0.0219249725341797 0.00349998474121093
0.015960693359375 -0.0456047058105469 0.0191841125488281 0.0205345153808594
0.0135307312011719 -0.0534210205078125 0.017364501953125 0.0404396057128906
0.0205726623535156 -0.0509567260742188 -0.00286483764648437 0.051910400390625
0.0419998168945313 -0.0401268005371094 -0.0191268920898437 0.0523567199707031
0.0538444519042969 -0.026641845703125 -0.0285453796386719 0.0320510864257813
0.0626678466796875 0.0119209289550781 -0.0255584716796875 0.0160598754882813
0.0622138977050781 0.0312309265136719 0.00282669067382813 0.0179119110107422
0.0522270202636719 0.0447196960449219 0.0209732055664063 0.0545120239257812
0.0384025573730469 0.0424957275390625 0.0503158569335938 0.0132026672363281
0.0439796447753906 0.0359306335449219 0.0710601806640625 0.0330963134765625
0.0558929443359375 0.022308349609375 0.0676345825195313 0.0230827331542969
0.05548095703125 -0.000377655029296875 0.0622291564941406 0.007049560546875
0.0412635803222656 -0.0146636962890625 0.0394439697265625 0.000469207763671874
0.0317420959472656 -0.0302600860595703 0.0242347717285156 0.00559806823730469
0.0214595794677734 -0.0349578857421875 0.0182609558105469 0.0211467742919922
0.02081298828125 -0.0313529968261719 0.0167121887207031 0.0358772277832031
0.0208702087402344 -0.0364265441894531 0.0153884887695313 0.0531845092773438
0.0240039825439453 -0.0316162109375 -0.00439453125 0.0619277954101563
0.0369033813476563 -0.0223960876464844 -0.0199089050292969 0.0574264526367188
0.0431938171386719 -0.01336669921875 -0.0276374816894531 0.0351238250732422
0.0472908020019531 0.0160408020019531 -0.0202083587646484 0.0166969299316406
0.0450782775878906 0.0301284790039063 0.0166397094726563 0.0214042663574219
0.0355415344238281 0.0378799438476563 0.0349159240722656 0.0702476501464844
0.0188045501708984 0.0209007263183594 0.0560111999511719 0.0215415954589844
0.0260601043701172 0.0183048248291016 0.0730972290039063 0.0346145629882813
0.0328311920166016 0.00873756408691406 0.0631217956542969 0.0214729309082031
0.0303401947021484 -0.00196647644042969 0.0534553527832031 0.0107345581054688
0.0207538604736328 -0.00585365295410156 0.0315666198730469 0.00603485107421875
0.0205001831054688 -0.0114593505859375 0.0178585052490234 0.0157184600830078
0.0211124420166016 -0.0139350891113281 0.0132617950439453 0.0326042175292969
0.0215892791748047 -0.0128078460693359 0.01239013671875 0.0454635620117188
0.0248565673828125 -0.0155715942382813 0.008270263671875 0.0609397888183594
0.0247955322265625 -0.009796142578125 -0.0108795166015625 0.0659904479980469
0.0280666351318359 -0.002044677734375 -0.0246467590332031 0.05706787109375
0.0274295806884766 0.00224876403808594 -0.0294075012207031 0.0340576171875
0.0258598327636719 0.0189895629882813 -0.0189609527587891 0.0166130065917969
0.0207977294921875 0.0258522033691406 0.0209884643554688 0.0261917114257813
0.0128936767578125 0.0253849029541016 0.0406570434570313 0.0822830200195313
-0.00441408157348633 -0.00148677825927734 0.0551300048828125 0.0200767517089844
0.00311517715454102 -0.000154733657836914 0.0689239501953125 0.0286331176757813
0.00347280502319336 -0.00473976135253906 0.0568199157714844 0.0165824890136719
-0.00132620334625244 -0.000818490982055664 0.0473823547363281 0.0107040405273438
-0.00304508209228516 0.00606822967529297 0.0270576477050781 0.00617027282714844
0.00704383850097656 0.0125207901000977 0.0142726898193359 0.0180091857910156
0.0182037353515625 0.00979804992675781 0.00838470458984375 0.0358200073242188
0.0203170776367188 0.00838661193847656 0.00513076782226563 0.0475387573242188
0.0246772766113281 0.00731086730957031 -0.00185775756835937 0.0625495910644531
0.0197906494140625 0.0107421875 -0.0210723876953125 0.0650215148925781
0.0146627426147461 0.0140342712402344 -0.0317268371582031 0.0527153015136719
0.00979137420654297 0.012176513671875 -0.0345058441162109 0.0310707092285156
0.00380039215087891 0.0171537399291992 -0.0235271453857422 0.0161972045898437
-0.00423431396484375 0.0161724090576172 0.0163764953613281 0.0302314758300781
-0.01068115234375 0.009124755859375 0.0374984741210937 0.0879898071289063
0.0425262451171875 0.0165557861328125 -0.0351333618164063 -0.0843429565429688
0.0244979858398438 -0.00756454467773438 -0.00488662719726562 -0.0360107421875
0.0160598754882813 -0.0131597518920898 0.0303363800048828 -0.0128459930419922
0.00837326049804687 -0.0202312469482422 0.0479774475097656 -0.0276451110839844
6.10351562499978E-05 -0.0224437713623047 0.0465621948242188 -0.0422935485839844
-0.0160732269287109 -0.0272254943847656 0.0304489135742188 -0.0640182495117188
-0.0254077911376953 -0.0254783630371094 0.00926971435546875 -0.0655899047851563
-0.0220012664794922 -0.025177001953125 0.00107574462890625 -0.0487289428710938
-0.0219173431396484 -0.0311031341552734 -0.0047760009765625 -0.0308456420898438
-0.00406646728515625 -0.0372047424316406 -0.0161523818969727 -0.0163030624389648
0.0163307189941406 -0.0313186645507813 -0.0281734466552734 -0.00122642517089844
0.0275154113769531 -0.0137176513671875 -0.0410232543945313 -0.00633239746093751
0.0282878875732422 0.0082855224609375 -0.0583229064941406 -0.0157814025878906
0.0284614562988281 0.0161323547363281 -0.0700454711914062 -0.0188865661621094
0.0313930511474609 0.0247859954833984 -0.0525588989257813 -0.0190582275390625
0.0579452514648438 0.0392990112304688 -0.0146484375 -0.0724716186523438
0.041290283203125 0.0101814270019531 0.0136699676513672 -0.0302104949951172
0.0355300903320313 0.000339508056640625 0.0434417724609375 -0.00958251953125
0.0297698974609375 -0.0142688751220703 0.0592117309570313 -0.0240592956542969
0.0197486877441406 -0.0248394012451172 0.0551528930664062 -0.0371475219726562
0.000637054443359371 -0.0397224426269531 0.0400390625 -0.0555000305175781
-0.014617919921875 -0.0424880981445313 0.0197639465332031 -0.0563201904296875
-0.0132980346679688 -0.0431709289550781 0.00983810424804687 -0.0376968383789063
-0.0146675109863281 -0.0517539978027344 0.00429439544677734 -0.0170803070068359
0.00289154052734375 -0.0570335388183594 -0.0112409591674805 -0.00170612335205078
0.0335617065429688 -0.0477180480957031 -0.0259456634521484 0.0117034912109375
0.0494728088378906 -0.0254859924316406 -0.0380172729492188 0.00362014770507812
0.0542793273925781 0.0126228332519531 -0.0515403747558594 -0.00288009643554688
0.0531501770019531 0.0291481018066406 -0.0547904968261719 -0.00662994384765625
0.0517158508300781 0.0407371520996094 -0.0374107360839844 -0.0027008056640625
0.065704345703125 0.0545387268066406 0.00774765014648437 -0.0544357299804688
0.0537605285644531 0.0300369262695313 0.0349941253662109 -0.0153388977050781
0.0552902221679688 0.018157958984375 0.0568313598632813 -0.00208663940429687
0.0518760681152344 -0.00714874267578125 0.0688591003417969 -0.0190582275390625
0.0390586853027344 -0.0246009826660156 0.0602645874023437 -0.0299530029296875
0.0197334289550781 -0.0485153198242188 0.0451202392578125 -0.0449752807617188
-0.00209426879882813 -0.0546875 0.0256423950195312 -0.041168212890625
-0.00400161743164063 -0.0541954040527344 0.0165214538574219 -0.0219783782958984
-0.0067291259765625 -0.0644187927246094 0.0120763778686523 -0.000204086303710941
0.0088653564453125 -0.0679931640625 -0.00533390045166016 0.016693115234375
0.0419044494628906 -0.0572662353515625 -0.0217075347900391 0.0276165008544922
0.0606040954589844 -0.0356559753417969 -0.0336246490478516 0.0163726806640625
0.0707321166992188 0.0124130249023438 -0.0418663024902344 0.00741195678710938
0.0708465576171875 0.0335540771484375 -0.0355720520019531 0.00363540649414063
0.06414794921875 0.0483131408691406 -0.0168123245239258 0.0170412063598633
0.0652427673339844 0.0632743835449219 0.0277462005615234 -0.0311222076416016
0.0602569580078125 0.0436058044433594 0.0534248352050781 0.00214004516601563
0.0695381164550781 0.0295295715332031 0.0683631896972656 0.00764083862304688
0.0686264038085938 -0.00152206420898437 0.0754623413085938 -0.0124435424804688
0.0528182983398438 -0.0241813659667969 0.0575599670410156 -0.0222663879394531
0.0330696105957031 -0.0508651733398438 0.0417060852050781 -0.0314750671386719
0.0102462768554687 -0.0585403442382812 0.0287551879882812 -0.0216560363769531
0.00786209106445313 -0.0570831298828125 0.0219573974609375 -0.00330352783203125
0.00289916992187499 -0.0656967163085937 0.0204410552978516 0.0192661285400391
0.0148773193359375 -0.0666656494140625 6.86645507812515E-05 0.0359153747558594
0.0454216003417969 -0.055908203125 -0.0170097351074219 0.0417060852050781
0.0643463134765625 -0.0383720397949219 -0.0296592712402344 0.0262584686279297
0.0760345458984375 0.0097808837890625 -0.0335483551025391 0.0149822235107422
0.0759353637695313 0.0344314575195313 -0.0135946273803711 0.0119752883911133
0.0650787353515625 0.0521888732910156 0.00601577758789063 0.0352516174316406
0.0563735961914063 0.061126708984375 0.0446662902832031 -0.00668716430664062
0.0584983825683594 0.0489273071289063 0.0685043334960938 0.0200767517089844
0.072052001953125 0.0316848754882813 0.0743331909179688 0.0165328979492188
0.0733642578125 0.001373291015625 0.0739288330078125 -0.0047607421875
0.0565757751464844 -0.0205726623535156 0.0516624450683594 -0.0119667053222656
0.0391120910644531 -0.0476112365722656 0.03521728515625 -0.0140914916992188
0.0204734802246094 -0.0529975891113281 0.0261306762695313 0.000776290893554684
0.0175514221191406 -0.0493507385253906 0.0234127044677734 0.0175037384033203
0.0150032043457031 -0.0576667785644531 0.0244293212890625 0.037445068359375
0.0216789245605469 -0.0555191040039063 0.00467300415039062 0.0525360107421875
0.0457687377929688 -0.04522705078125 -0.014068603515625 0.0547065734863281
0.0588264465332031 -0.030426025390625 -0.0242233276367187 0.0337142944335938
0.0700607299804688 0.0132408142089844 -0.0228652954101563 0.0177421569824219
0.0684089660644531 0.0337867736816406 0.0059957504272461 0.016845703125
0.0556106567382813 0.0499916076660156 0.0295372009277344 0.0543441772460938
0.0396766662597656 0.0471839904785156 0.0562019348144531 0.0132827758789063
0.0458488464355469 0.0409278869628906 0.0792617797851563 0.0322113037109375
0.0599365234375 0.0272483825683594 0.0743179321289063 0.0206069946289063
0.0601310729980469 -0.0008392333984375 0.0667037963867188 0.00337600708007813
0.0458335876464844 -0.0149383544921875 0.0414466857910156 -0.00196075439453125
0.03668212890625 -0.0336151123046875 0.0260601043701172 0.00270271301269531
0.0255775451660156 -0.0398635864257812 0.020538330078125 0.0204601287841797
0.0232467651367188 -0.0358543395996094 0.0197868347167969 0.0354347229003906
0.0241661071777344 -0.0410385131835937 0.0201568603515625 0.0526847839355469
0.0283260345458984 -0.0339088439941406 0.001861572265625 0.0630226135253906
0.0421028137207031 -0.0242156982421875 -0.0134963989257812 0.0595741271972656
0.04852294921875 -0.0136299133300781 -0.0234375 0.0385589599609375
0.0520591735839844 0.0196800231933594 -0.0183925628662109 0.0179805755615234
0.0471267700195313 0.0345382690429688 0.0204391479492188 0.0202121734619141
0.0375404357910156 0.0422935485839844 0.0435638427734375 0.0712738037109375
0.0170021057128906 0.0258045196533203 0.0637397766113281 0.0227241516113281
0.0253524780273438 0.0228233337402344 0.0802383422851563 0.0347061157226563
0.0340366363525391 0.0119895935058594 0.0676307678222656 0.0211944580078125
0.0329017639160156 0.001251220703125 0.0571746826171875 0.00848007202148438
0.0256099700927734 -0.00341224670410156 0.0328769683837891 0.00418853759765625
0.0259628295898438 -0.0133094787597656 0.0187873840332031 0.0148105621337891
0.0262165069580078 -0.017974853515625 0.0153656005859375 0.0339946746826172
0.0281848907470703 -0.0162029266357422 0.0144767761230469 0.044921875
0.0304641723632813 -0.0186614990234375 0.0122756958007813 0.06109619140625
0.0302982330322266 -0.01220703125 -0.00691604614257812 0.0673141479492188
0.0341320037841797 -0.00208282470703125 -0.0217170715332031 0.0604743957519531
0.0321636199951172 0.00549125671386719 -0.0261077880859375 0.0373649597167969
0.0285205841064453 0.023834228515625 -0.0177688598632813 0.0196437835693359
0.0209484100341797 0.0316734313964844 0.0248012542724609 0.0276679992675781
0.0116539001464844 0.0304336547851562 0.0495758056640625 0.0855178833007813
-0.00836849212646484 0.000806808471679687 0.0602493286132813 0.0232696533203125
-0.00103402137756348 0.00375962257385254 0.0763931274414063 0.0289993286132812
0.00137889385223389 0.000553369522094727 0.0612144470214844 0.014862060546875
-0.000390768051147461 0.00438380241394043 0.0513343811035156 0.00757980346679687
-0.000486373901367188 0.00959491729736328 0.0274276733398437 0.00616264343261719
0.013092041015625 0.0135116577148438 0.0131340026855469 0.0183219909667969
0.0249309539794922 0.00795555114746094 0.00941085815429688 0.0376014709472656
0.0266494750976563 0.00582313537597656 0.00608444213867188 0.0500373840332031
0.0314407348632813 0.00388717651367188 0.00048446655273437 0.0646743774414063
0.02630615234375 0.00907325744628906 -0.0180702209472656 0.067657470703125
0.0204181671142578 0.0162181854248047 -0.0300788879394531 0.0552902221679688
0.012908935546875 0.0168228149414063 -0.0333023071289062 0.0337715148925781
0.00470352172851563 0.02337646484375 -0.022674560546875 0.0182971954345703
-0.00670623779296875 0.0222930908203125 0.0203266143798828 0.0335235595703125
-0.0148487091064453 0.0133562088012695 0.0455474853515625 0.0926437377929688
0.0468330383300781 0.0137557983398438 -0.0392608642578125 -0.0889968872070312
0.0255489349365234 -0.0124244689941406 -0.00817108154296875 -0.0389976501464844
0.0142726898193359 -0.0176277160644531 0.0280895233154297 -0.0158233642578125
0.00442886352539063 -0.0218791961669922 0.0495529174804688 -0.02789306640625
-0.00618171691894531 -0.0233516693115234 0.0471954345703125 -0.0441932678222656
-0.0231037139892578 -0.0239372253417969 0.0302543640136719 -0.06781005859375
-0.0297012329101563 -0.0214481353759766 0.00756454467773438 -0.0673904418945313
-0.0253982543945312 -0.02392578125 0.00162506103515625 -0.0515289306640625
-0.0274276733398437 -0.0290355682373047 -0.00298118591308594 -0.0341777801513672
-0.0118904113769531 -0.0383720397949219 -0.0150308609008789 -0.0159015655517578
0.0125656127929688 -0.0359611511230469 -0.0254344940185547 0.00103759765625
0.0267047882080078 -0.0203285217285156 -0.0409622192382812 -0.00408935546875
0.0314292907714844 0.003692626953125 -0.0625534057617188 -0.0147323608398437
0.0347614288330078 0.0113601684570313 -0.0750045776367188 -0.0190277099609375
0.0378265380859375 0.0224647521972656 -0.05633544921875 -0.0215110778808594
0.0627021789550781 0.0351409912109375 -0.0163955688476563 -0.0799331665039063
0.0459747314453125 0.0068359375 0.0113029479980469 -0.0359153747558594
0.0358200073242188 -0.0026397705078125 0.0431594848632813 -0.0114555358886719
0.0280990600585937 -0.0182170867919922 0.0593757629394531 -0.0262985229492188
0.0163898468017578 -0.0249900817871094 0.0552597045898438 -0.0397453308105469
-0.00260162353515625 -0.03955078125 0.0401229858398438 -0.0617294311523438
-0.0180549621582031 -0.0430641174316406 0.0214080810546875 -0.0605964660644531
-0.0189476013183594 -0.0410995483398437 0.0114021301269531 -0.0428848266601563
-0.0212440490722656 -0.0509071350097656 0.00583457946777344 -0.0230617523193359
-0.00105667114257813 -0.0582733154296875 -0.00832748413085938 -0.00565004348754883
0.0293083190917969 -0.0518951416015625 -0.0229835510253906 0.0105381011962891
0.0502738952636719 -0.0335540771484375 -0.037017822265625 0.00452041625976562
0.0588645935058594 0.0079803466796875 -0.0510787963867187 -0.00161361694335937
0.0607452392578125 0.0259590148925781 -0.0565414428710937 -0.00872039794921875
0.0581283569335938 0.0399055480957031 -0.0387153625488281 -0.00602722167968749
0.0726165771484375 0.0538864135742188 0.00637435913085938 -0.0602455139160156
0.0569076538085938 0.0289421081542969 0.0358467102050781 -0.0223503112792969
0.0568656921386719 0.0144691467285156 0.0562629699707031 -0.00723648071289063
0.0527725219726562 -0.0099945068359375 0.071502685546875 -0.0252151489257813
0.0386466979980469 -0.0271453857421875 0.0625534057617188 -0.0330543518066406
0.0139389038085938 -0.0485000610351563 0.0457305908203125 -0.0487899780273438
-0.00465011596679688 -0.0572547912597656 0.02911376953125 -0.0465774536132813
-0.00689315795898437 -0.0542945861816406 0.0183010101318359 -0.0265159606933594
-0.0111770629882813 -0.0642280578613281 0.0153293609619141 -0.005218505859375
0.00438690185546875 -0.0707015991210938 -0.000746726989746094 0.0133848190307617
0.0396347045898438 -0.0620918273925781 -0.0185222625732422 0.0261611938476562
0.0608139038085938 -0.0404624938964844 -0.0298328399658203 0.0156764984130859
0.0765762329101563 0.00862884521484375 -0.0408287048339844 0.00810623168945312
0.0769424438476563 0.031646728515625 -0.035186767578125 0.001922607421875
0.070556640625 0.0496063232421875 -0.0139303207397461 0.0127382278442383
0.0728988647460938 0.0667648315429688 0.0296211242675781 -0.0374221801757812
0.066650390625 0.0443611145019531 0.0556449890136719 -0.00437164306640625
0.0733642578125 0.02923583984375 0.0694122314453125 0.00504302978515625
0.0692710876464844 -0.00316238403320313 0.0775299072265625 -0.01776123046875
0.0561256408691406 -0.02569580078125 0.060302734375 -0.0263748168945312
0.0333976745605469 -0.053436279296875 0.0452423095703125 -0.0368995666503906
0.00809860229492188 -0.0644950866699219 0.0310001373291016 -0.0263805389404297
0.00478363037109375 -0.0593147277832031 0.0237693786621094 -0.00669670104980469
-0.0015716552734375 -0.0696144104003906 0.0243511199951172 0.0155029296875
0.0134849548339844 -0.0698051452636719 0.00599861145019531 0.0330295562744141
0.0453414916992188 -0.0617828369140625 -0.00974655151367187 0.0434341430664062
0.0648345947265625 -0.0432281494140625 -0.026031494140625 0.0267391204833984
0.08306884765625 0.00630950927734375 -0.02923583984375 0.0149669647216797
0.0850982666015625 0.0330276489257813 -0.0127964019775391 0.00827789306640625
0.071380615234375 0.0534439086914063 0.0108280181884766 0.0302944183349609
0.0610008239746094 0.0664100646972656 0.04937744140625 -0.0108413696289062
0.0646858215332031 0.0538291931152344 0.0762252807617188 0.01495361328125
0.07879638671875 0.0321884155273438 0.0767364501953125 0.0126419067382813
0.0770111083984375 -0.00220489501953125 0.0756988525390625 -0.0080108642578125
0.0596809387207031 -0.0214424133300781 0.0534286499023438 -0.0140914916992188
0.0425186157226563 -0.0520858764648438 0.0361976623535156 -0.0172271728515625
0.0193367004394531 -0.0572853088378906 0.0269966125488281 -0.00184822082519532
0.0176239013671875 -0.0538864135742188 0.0276374816894531 0.0137042999267578
0.0146713256835938 -0.0646514892578125 0.0265331268310547 0.0341815948486328
0.0214080810546875 -0.060699462890625 0.00998306274414063 0.0492782592773438
0.0482521057128906 -0.0495071411132813 -0.00968933105468749 0.0535697937011719
0.0613975524902344 -0.032928466796875 -0.0211372375488281 0.0342445373535156
0.07550048828125 0.0131759643554688 -0.0191650390625 0.0196952819824219
0.073577880859375 0.03631591796875 0.00955867767333985 0.0144529342651367
0.0624313354492187 0.054351806640625 0.0338592529296875 0.0522956848144531
0.0418205261230469 0.0516014099121094 0.0631484985351563 0.0125350952148438
0.048828125 0.0457229614257813 0.0862197875976563 0.0303421020507813
0.0631256103515625 0.0296554565429687 0.0799407958984375 0.0179367065429688
0.0653877258300781 0.0012359619140625 0.0689048767089844 -0.00220489501953125
0.05010986328125 -0.0164031982421875 0.0411796569824219 -0.00563430786132813
0.0387153625488281 -0.0378913879394531 0.0301227569580078 0.00249671936035156
0.0266647338867188 -0.0451545715332031 0.0255756378173828 0.0173587799072266
0.0267791748046875 -0.0416030883789063 0.0241127014160156 0.0338497161865234
0.025970458984375 -0.0462760925292969 0.0252914428710938 0.0484352111816406
0.0327377319335938 -0.0412635803222656 0.00538253784179688 0.0626907348632813
0.0478706359863281 -0.0276107788085938 -0.00736618041992188 0.0606689453125
0.0542030334472656 -0.01416015625 -0.0188674926757812 0.0362777709960938
0.0572357177734375 0.0231513977050781 -0.0129127502441406 0.0182266235351563
0.0518341064453125 0.0384254455566406 0.0251331329345703 0.0202255249023438
0.0397300720214844 0.0479278564453125 0.0508193969726563 0.07196044921875
0.0158805847167969 0.0310420989990234 0.0734100341796875 0.0235671997070313
0.0256137847900391 0.0267333984375 0.0874099731445313 0.0336990356445313
0.0359306335449219 0.0192947387695313 0.070892333984375 0.0166549682617188
0.0387191772460937 0.00287628173828125 0.0593223571777344 0.0062103271484375
0.0300979614257813 -0.00349807739257813 0.0334262847900391 0.00382804870605469
0.0312595367431641 -0.0170040130615234 0.0203208923339844 0.0150127410888672
0.0315418243408203 -0.0210037231445313 0.0168590545654297 0.0339508056640625
0.0310516357421875 -0.0206699371337891 0.016937255859375 0.0464096069335937
0.032745361328125 -0.0245628356933594 0.014617919921875 0.0617027282714844
0.0362663269042969 -0.0147666931152344 -0.00370407104492187 0.0673408508300781
0.0383377075195313 -0.00386810302734375 -0.0183525085449219 0.0603523254394531
0.0392799377441406 0.00436782836914062 -0.0231437683105469 0.0381546020507812
0.0326385498046875 0.0273036956787109 -0.0139064788818359 0.0201911926269531
0.0238609313964844 0.0379562377929688 0.0277023315429688 0.0275382995605469
0.0104026794433594 0.0362091064453125 0.05615234375 0.08673095703125
-0.0121698379516602 0.00642967224121094 0.0658721923828125 0.0266990661621094
-0.00343894958496094 0.00807809829711914 0.0830841064453125 0.0302963256835938
0.00185632705688477 0.00617265701293945 0.0654449462890625 0.0145301818847656
0.00139474868774414 0.00668716430664063 0.049224853515625 0.00437164306640625
0.00456333160400391 0.0103883743286133 0.0249614715576172 0.00333595275878906
0.0184135437011719 0.0106220245361328 0.0142498016357422 0.0182418823242188
0.0280799865722656 0.00366401672363281 0.008026123046875 0.0390052795410156
0.0312614440917969 0.00217819213867188 0.00889205932617188 0.0532608032226562
0.0362739562988281 -0.00272750854492188 0.00178146362304687 0.0648574829101563
0.0334091186523438 0.00642204284667969 -0.0172576904296875 0.0666427612304687
0.0261821746826172 0.0152626037597656 -0.02886962890625 0.0564956665039062
0.0206031799316406 0.0214080810546875 -0.0319557189941406 0.0375289916992187
0.00681686401367188 0.0287818908691406 -0.0218372344970703 0.0212287902832031
-0.00605010986328125 0.0288906097412109 0.0242824554443359 0.0337963104248047
-0.0193843841552734 0.0194339752197266 0.050140380859375 0.0945053100585938
0.0517044067382813 0.00702667236328125 -0.0440444946289063 -0.0929336547851563
0.0265998840332031 -0.0190391540527344 -0.0117225646972656 -0.0426177978515625
0.01171875 -0.02215576171875 0.0288219451904297 -0.0161666870117187
-0.000165939331054688 -0.0263195037841797 0.0479507446289063 -0.0314750671386719
-0.00918960571289063 -0.023895263671875 0.0486946105957031 -0.0479049682617187
-0.0274505615234375 -0.0214939117431641 0.0315704345703125 -0.07000732421875
-0.0334491729736328 -0.0187473297119141 0.00919342041015624 -0.0729598999023438
-0.0305156707763672 -0.0201148986816406 0.000442504882812494 -0.05584716796875
-0.0326995849609375 -0.0259838104248047 -0.00434112548828125 -0.0389556884765625
-0.0160598754882813 -0.0361061096191406 -0.0125331878662109 -0.0196113586425781
0.00712966918945313 -0.037933349609375 -0.0253143310546875 -0.0025634765625
0.0241928100585938 -0.0254287719726563 -0.0418739318847656 -0.00380325317382812
0.033477783203125 -0.0023345947265625 -0.0629539489746094 -0.0121116638183594
0.0388259887695312 0.00719451904296875 -0.0784912109375 -0.019073486328125
0.0443038940429688 0.0178642272949219 -0.0608367919921875 -0.0262031555175781
0.069793701171875 0.0328865051269531 -0.0197601318359375 -0.086334228515625
0.0459022521972656 0.00286483764648437 0.0111656188964844 -0.0399551391601563
0.036163330078125 -0.0062713623046875 0.0435028076171875 -0.0153312683105469
0.0252952575683594 -0.02081298828125 0.0615005493164063 -0.0292205810546875
0.0140399932861328 -0.0266475677490234 0.0577239990234375 -0.0429725646972656
-0.00793075561523437 -0.0375213623046875 0.0428504943847656 -0.0642585754394531
-0.0222587585449219 -0.0404396057128906 0.0223655700683594 -0.0665359497070313
-0.02142333984375 -0.0409698486328125 0.0118446350097656 -0.0477828979492188
-0.0256538391113281 -0.0504150390625 0.00668907165527343 -0.0280189514160156
-0.0074310302734375 -0.0592727661132813 -0.00576400756835938 -0.00712251663208008
0.0253944396972656 -0.0560455322265625 -0.020538330078125 0.00941276550292968
0.0490341186523438 -0.0384864807128906 -0.035186767578125 0.004486083984375
0.0635757446289063 0.00316238403320313 -0.0516929626464844 -0.000850677490234368
0.0676002502441406 0.0208930969238281 -0.0597038269042969 -0.00813674926757811
0.0675888061523438 0.037139892578125 -0.0406608581542969 -0.0116500854492187
0.0802459716796875 0.0538787841796875 0.00632858276367188 -0.0679740905761719
0.0618438720703125 0.0276679992675781 0.0357742309570313 -0.0273056030273437
0.059295654296875 0.0138893127441406 0.0584220886230469 -0.00841140747070312
0.0531349182128906 -0.0120010375976563 0.0725936889648438 -0.0265350341796875
0.038421630859375 -0.0273056030273438 0.0636367797851563 -0.0386085510253906
0.0142593383789063 -0.0492668151855469 0.0474128723144531 -0.0542106628417969
-0.00557327270507813 -0.05694580078125 0.0292701721191406 -0.0517578125
-0.00860977172851563 -0.0560798645019531 0.0206813812255859 -0.0318431854248047
-0.0142440795898438 -0.0676918029785156 0.0185947418212891 -0.011383056640625
0.00167083740234374 -0.0730972290039062 0.00180149078369141 0.00978469848632812
0.0373954772949219 -0.0681877136230469 -0.0136604309082031 0.0259666442871094
0.0633392333984375 -0.0476112365722656 -0.0285091400146484 0.0155582427978516
0.0832138061523438 0.0037689208984375 -0.040191650390625 0.00847625732421876
0.0873641967773438 0.0287704467773438 -0.0352973937988281 0.000961303710937496
0.0796737670898437 0.04913330078125 -0.0140752792358398 0.00689411163330078
0.0782928466796875 0.068695068359375 0.0326957702636719 -0.0433197021484375
0.0706405639648438 0.046112060546875 0.0587310791015625 -0.00942230224609374
0.0775299072265625 0.028717041015625 0.0722427368164063 -0.000450134277343748
0.07421875 -0.00537872314453125 0.0790328979492188 -0.0205764770507813
0.056396484375 -0.0270652770996094 0.0622978210449219 -0.0305023193359375
0.0318870544433594 -0.0565338134765625 0.0465011596679687 -0.0392684936523438
0.00938415527343749 -0.0653877258300781 0.03326416015625 -0.0328254699707031
0.00628280639648438 -0.0624847412109375 0.0265235900878906 -0.0122337341308594
-0.000373840332031245 -0.0733718872070313 0.0276908874511719 0.00867652893066406
0.0118331909179688 -0.0753631591796875 0.0102558135986328 0.0292167663574219
0.0460739135742187 -0.0683860778808594 -0.00736618041992187 0.0398712158203125
0.0684814453125 -0.0487861633300781 -0.0211620330810547 0.0260238647460937
0.0886077880859375 0.00519561767578125 -0.0282154083251953 0.0140819549560547
0.0923995971679688 0.0331268310546875 -0.0108356475830078 0.00704288482666016
0.081390380859375 0.0558242797851563 0.0146942138671875 0.0276851654052734
0.0665321350097656 0.0687713623046875 0.05487060546875 -0.0143699645996094
0.0677490234375 0.0548896789550781 0.0784683227539063 0.0096893310546875
0.082672119140625 0.0348129272460938 0.0801467895507813 0.00975799560546875
0.0828857421875 -0.00164794921875 0.078033447265625 -0.0130233764648438
0.0639305114746094 -0.0249519348144531 0.0542221069335938 -0.0193061828613281
0.0422554016113281 -0.0555953979492188 0.0389480590820313 -0.0219764709472656
0.0208969116210938 -0.063690185546875 0.0308856964111328 -0.00750923156738282
0.0184173583984375 -0.0592613220214844 0.0280742645263672 0.0106678009033203
0.0144119262695313 -0.0678596496582031 0.0314846038818359 0.0306797027587891
0.0228500366210937 -0.0641899108886719 0.0140457153320313 0.0463027954101562
0.0504570007324219 -0.0540695190429688 -0.00333404541015625 0.0511932373046875
0.0668411254882812 -0.0370635986328125 -0.0174388885498047 0.0326290130615234
0.0815200805664063 0.012908935546875 -0.0178050994873047 0.0165081024169922
0.0802536010742188 0.0380783081054688 0.0129232406616211 0.012476921081543
0.0672569274902344 0.0583724975585937 0.0389671325683594 0.0483016967773438
0.0458717346191406 0.0582351684570313 0.072479248046875 0.00899505615234375
0.0533943176269531 0.0495223999023438 0.0903778076171875 0.0261459350585938
0.068603515625 0.0336875915527344 0.0810623168945313 0.0136032104492188
0.07220458984375 0.00104522705078125 0.0711441040039063 -0.00504302978515625
0.0558357238769531 -0.0160293579101563 0.0429611206054688 -0.00701522827148438
0.0436744689941406 -0.0422096252441406 0.02935791015625 -0.00106430053710938
0.0295219421386719 -0.0499496459960938 0.0257682800292969 0.0165691375732422
0.0283889770507812 -0.0472564697265625 0.0257492065429688 0.0307216644287109
0.0289039611816406 -0.0530242919921875 0.0275650024414062 0.0484733581542969
0.0344314575195313 -0.0451126098632813 0.00976181030273438 0.0582427978515625
0.0519027709960938 -0.0310401916503906 -0.00558853149414063 0.057891845703125
0.060211181640625 -0.0157699584960938 -0.0167694091796875 0.0363273620605469
0.0621719360351563 0.0254783630371094 -0.0115528106689453 0.0177192687988281
0.0576362609863281 0.0442161560058594 0.0278835296630859 0.0177993774414063
0.0421524047851563 0.0546836853027344 0.0571174621582031 0.0696067810058594
0.0168190002441406 0.0357170104980469 0.0776824951171875 0.0232162475585938
0.0276126861572266 0.0330944061279297 0.0950393676757813 0.0323715209960938
0.0400276184082031 0.0209808349609375 0.076904296875 0.0146713256835938
0.0436553955078125 0.0039825439453125 0.0619277954101563 0.00200271606445313
0.0344219207763672 -0.00348854064941406 0.0328693389892578 0.00216484069824219
0.037322998046875 -0.0200729370117187 0.0200328826904297 0.0149936676025391
0.0334682464599609 -0.0279407501220703 0.0197238922119141 0.0347633361816406
0.0339889526367188 -0.0274162292480469 0.0185546875 0.0473251342773438
0.0384941101074219 -0.0309295654296875 0.0189323425292969 0.0605354309082031
0.0384254455566406 -0.0208625793457031 -0.000381469726562494 0.0656890869140625
0.0466957092285156 -0.00550460815429688 -0.014739990234375 0.0594596862792969
0.04510498046875 0.0063629150390625 -0.0207862854003906 0.0375480651855469
0.0362167358398438 0.033966064453125 -0.0111465454101562 0.0197467803955078
0.0256805419921875 0.0441818237304687 0.0323333740234375 0.0281600952148438
0.0117759704589844 0.0442581176757813 0.0625839233398438 0.0872726440429688
-0.0149316787719727 0.0100431442260742 0.0748519897460938 0.0280609130859375
-0.00429248809814453 0.0133485794067383 0.0894851684570313 0.0301437377929688
0.00211334228515625 0.0112638473510742 0.0681495666503906 0.0110359191894531
0.00681972503662109 0.0117321014404297 0.0518760681152344 0.00348663330078125
0.0103616714477539 0.0140724182128906 0.0246677398681641 0.00385093688964844
0.0245037078857422 0.00891685485839844 0.0131111145019531 0.0218429565429688
0.0337600708007813 -0.00100898742675781 0.0105934143066406 0.0438804626464844
0.0343341827392578 -0.00332832336425781 0.00856781005859376 0.0551872253417969
0.0416946411132812 -0.0057220458984375 0.00360488891601562 0.0685997009277344
0.0373611450195313 0.00164413452148438 -0.0161666870117187 0.0691947937011719
0.0333137512207031 0.0150547027587891 -0.0272445678710937 0.0563583374023438
0.0258846282958984 0.0215435028076172 -0.0290489196777344 0.0364418029785156
0.00948715209960938 0.0340175628662109 -0.0190258026123047 0.0218963623046875
-0.00644302368164062 0.0372276306152344 0.0247611999511719 0.0358314514160156
-0.0201873779296875 0.0267601013183594 0.056396484375 0.09930419921875
0.0548095703125 0.00168991088867188 -0.0493850708007812 -0.0991058349609375
0.0259780883789063 -0.0237846374511719 -0.0155067443847656 -0.0472068786621094
0.009521484375 -0.0273094177246094 0.0276851654052734 -0.0178756713867188
-0.00552749633789062 -0.0280609130859375 0.0491409301757813 -0.0318374633789063
-0.0130405426025391 -0.0236186981201172 0.0509719848632813 -0.0487899780273438
-0.0312004089355469 -0.0178642272949219 0.03204345703125 -0.0734481811523438
-0.0373001098632813 -0.01513671875 0.00969696044921875 -0.0788955688476562
-0.0339794158935547 -0.0166587829589844 4.95910644531231E-05 -0.0613555908203125
-0.0367469787597656 -0.0222244262695312 -0.00556564331054688 -0.0441932678222656
-0.0204868316650391 -0.0348644256591797 -0.0120010375976563 -0.0228176116943359
0.00238418579101563 -0.0395774841308594 -0.0242919921875 -0.00441741943359375
0.0211296081542969 -0.0292491912841797 -0.0429306030273438 -0.00459671020507813
0.0353584289550781 -0.00809478759765625 -0.0646133422851562 -0.01214599609375
0.0432052612304688 0.00139617919921875 -0.08428955078125 -0.0198135375976562
0.0501213073730469 0.0130767822265625 -0.0670928955078125 -0.030487060546875
0.0749282836914063 0.0300216674804688 -0.0225448608398438 -0.093536376953125
0.0481224060058594 -0.00058746337890625 0.00882339477539063 -0.0445785522460938
0.0356559753417969 -0.00850677490234375 0.043426513671875 -0.0167922973632813
0.0234737396240234 -0.0220756530761719 0.0628662109375 -0.0314712524414063
0.0122604370117188 -0.0268344879150391 0.0608444213867188 -0.0461349487304688
-0.0103111267089844 -0.0362472534179688 0.0447235107421875 -0.0693511962890625
-0.0246353149414062 -0.0388984680175781 0.0233383178710938 -0.0726776123046875
-0.0235557556152344 -0.0405654907226563 0.0112075805664063 -0.0538558959960938
-0.0290107727050781 -0.0498580932617187 0.00676345825195312 -0.0342369079589844
-0.0112724304199219 -0.0600013732910156 -0.0048980712890625 -0.0111074447631836
0.0224266052246094 -0.0611457824707031 -0.0183086395263672 0.0072784423828125
0.0475578308105469 -0.0443916320800781 -0.0343685150146484 0.003631591796875
0.0675544738769531 -0.00302505493164063 -0.0524368286132812 -0.000984191894531244
0.0745773315429688 0.0163040161132813 -0.0637588500976563 -0.0095062255859375
0.0752792358398438 0.0349273681640625 -0.044952392578125 -0.0168571472167969
0.085357666015625 0.05560302734375 0.00583648681640625 -0.076263427734375
0.0651626586914062 0.0272483825683594 0.0352821350097656 -0.0333175659179688
0.0621223449707031 0.0138893127441406 0.0599632263183594 -0.0108642578125
0.0545768737792969 -0.0139236450195312 0.0748062133789062 -0.029022216796875
0.0389900207519531 -0.028594970703125 0.0661163330078125 -0.0409889221191406
0.0130348205566406 -0.0510902404785156 0.0498085021972656 -0.0601005554199219
-0.008331298828125 -0.0589370727539063 0.0310401916503906 -0.0597114562988281
-0.0109519958496094 -0.05828857421875 0.0211868286132812 -0.0386505126953125
-0.0179557800292969 -0.0687026977539063 0.0190525054931641 -0.0171451568603516
-0.00237274169921875 -0.0765228271484375 0.00384044647216797 0.00644063949584961
0.03594970703125 -0.0743179321289063 -0.0112552642822266 0.0224189758300781
0.064300537109375 -0.0552749633789063 -0.0273818969726562 0.0141410827636719
0.0889663696289063 -0.00197601318359375 -0.0394706726074219 0.00820541381835938
0.0952987670898438 0.0251541137695313 -0.0373382568359375 -0.000587463378906249
0.0889205932617188 0.049713134765625 -0.0161523818969726 0.00110340118408203
0.085906982421875 0.0724639892578125 0.0341072082519531 -0.0500144958496094
0.0750274658203125 0.0489578247070313 0.0600166320800781 -0.0146598815917969
0.08392333984375 0.0303726196289063 0.0739669799804688 -0.0023651123046875
0.0794906616210937 -0.00768280029296875 0.0818634033203125 -0.0243148803710937
0.0602226257324219 -0.0296173095703125 0.0643043518066406 -0.0332756042480469
0.0334587097167969 -0.060028076171875 0.0484237670898438 -0.0449867248535156
0.00864028930664063 -0.0692291259765625 0.0345535278320313 -0.0380935668945313
0.00476455688476562 -0.0660896301269531 0.0262432098388672 -0.0170059204101563
-0.00285339355468749 -0.0773086547851563 0.0287628173828125 0.00349044799804687
0.00989532470703124 -0.0796661376953125 0.0123634338378906 0.024993896484375
0.046173095703125 -0.0741119384765625 -0.00403594970703125 0.0379180908203125
0.0718841552734375 -0.0555191040039062 -0.0194530487060547 0.0232982635498047
0.0963363647460938 0.001556396484375 -0.0264644622802734 0.0136642456054688
0.101081848144531 0.0320892333984375 -0.011021614074707 0.00393581390380859
0.09014892578125 0.0590438842773438 0.0147590637207031 0.0218849182128906
0.0735015869140625 0.0758743286132813 0.059844970703125 -0.0202560424804687
0.0743026733398438 0.0596542358398438 0.0823516845703125 0.00609588623046875
0.09063720703125 0.037994384765625 0.0833206176757813 0.0064849853515625
0.0905838012695313 -0.0040283203125 0.0807418823242188 -0.0153656005859375
0.0690689086914063 -0.0278816223144531 0.05615234375 -0.0204544067382813
0.0451774597167969 -0.0599861145019531 0.0409965515136719 -0.0237960815429688
0.0224800109863281 -0.0691146850585937 0.0318317413330078 -0.011322021484375
0.0189552307128906 -0.06500244140625 0.0285625457763672 0.00699996948242187
0.01409912109375 -0.074615478515625 0.0333042144775391 0.0255851745605469
0.0233535766601563 -0.0709304809570313 0.0156364440917969 0.0425148010253906
0.0545005798339844 -0.0604019165039063 -0.00164794921875 0.0495376586914062
0.0730514526367188 -0.0422744750976563 -0.0144290924072266 0.0301685333251953
0.0895614624023438 0.0119247436523438 -0.0151882171630859 0.0151653289794922
0.0898666381835937 0.0404510498046875 0.0141220092773438 0.00897026062011719
0.0754318237304687 0.0640945434570313 0.0438880920410156 0.0457534790039063
0.0502128601074219 0.0644149780273438 0.077911376953125 0.00718688964843751
0.0586318969726563 0.0541839599609375 0.0977020263671875 0.0233917236328125
0.076995849609375 0.0355300903320313 0.08563232421875 0.0123062133789063
0.0794906616210938 -0.000274658203125 0.0738754272460938 -0.0062408447265625
0.0621910095214844 -0.0198936462402344 0.0438652038574219 -0.007415771484375
0.0468902587890625 -0.0482673645019531 0.0307674407958984 -0.00193595886230469
0.0310440063476562 -0.0572357177734375 0.0275840759277344 0.0154781341552734
0.03045654296875 -0.0531120300292969 0.0262908935546875 0.0303268432617187
0.0299148559570312 -0.0606956481933594 0.0300865173339844 0.0459976196289062
0.0361785888671875 -0.0513381958007813 0.0114631652832031 0.0565681457519531
0.0576934814453125 -0.0359230041503906 -0.00366592407226562 0.0563545227050781
0.0673751831054688 -0.0188179016113281 -0.0144462585449219 0.0350437164306641
0.0709152221679688 0.0270919799804688 -0.00946807861328124 0.016819953918457
0.0638084411621094 0.0488815307617188 0.0306587219238281 0.015960693359375
0.0484352111816406 0.0619087219238281 0.063140869140625 0.0681610107421875
0.0186119079589844 0.0424461364746094 0.0866851806640625 0.025177001953125
0.0303306579589844 0.0392646789550781 0.102256774902344 0.0311737060546875
0.0456085205078125 0.026580810546875 0.0803298950195313 0.0125656127929688
0.0502281188964844 0.00536346435546875 0.0631904602050781 0.000156402587890625
0.0413551330566406 -0.00534820556640625 0.0335044860839844 0.00265121459960938
0.0405006408691406 -0.0251388549804688 0.0209941864013672 0.0150985717773437
0.0364761352539063 -0.0346794128417969 0.020751953125 0.0357856750488281
0.0369949340820313 -0.0333290100097656 0.0201835632324219 0.048248291015625
0.0413284301757813 -0.0392570495605469 0.0192375183105469 0.0619049072265625
0.0439109802246094 -0.027191162109375 -0.000663757324218748 0.066162109375
0.0537033081054688 -0.00881195068359375 -0.01446533203125 0.0584259033203125
0.0532798767089844 0.00545120239257813 -0.0190696716308594 0.0363197326660156
0.0434074401855469 0.0392494201660156 -0.00931358337402343 0.019256591796875
0.0304718017578125 0.0516586303710938 0.0370635986328125 0.0267868041992188
0.0145301818847656 0.05218505859375 0.0700912475585938 0.0888671875
-0.0169172286987305 0.0160083770751953 0.0837936401367187 0.0308303833007812
-0.00399017333984375 0.0197505950927734 0.095794677734375 0.0301589965820313
0.00401020050048828 0.0159168243408203 0.07171630859375 0.00890350341796875
0.011937141418457 0.0143556594848633 0.0532073974609375 0.00259017944335938
0.0144367218017578 0.0144166946411133 0.0240268707275391 0.00506401062011719
0.0303325653076172 0.00568008422851562 0.0131492614746094 0.0242271423339844
0.0365142822265625 -0.00589370727539062 0.0122337341308594 0.0469703674316406
0.0386772155761719 -0.0091400146484375 0.0102767944335937 0.0584526062011719
0.0445671081542969 -0.0127716064453125 0.00432586669921875 0.071990966796875
0.0423583984375 -0.00273513793945312 -0.01678466796875 0.0701789855957031
0.0406913757324219 0.0130729675292969 -0.0278587341308594 0.0579719543457031
0.0331954956054687 0.0218009948730469 -0.0288925170898437 0.0372810363769531
0.0142326354980469 0.0405158996582031 -0.0171699523925781 0.0228939056396484
-0.00402450561523438 0.0443115234375 0.0297088623046875 0.0380859375
-0.020660400390625 0.0340919494628906 0.0638427734375 0.103538513183594
0.0580787658691406 -0.0047454833984375 -0.0575103759765625 -0.107170104980469
0.0246715545654297 -0.0301856994628906 -0.0210075378417969 -0.0504379272460938
0.00576019287109375 -0.0313816070556641 0.027801513671875 -0.0188274383544922
-0.0110988616943359 -0.0285377502441406 0.0516624450683594 -0.0341758728027344
-0.0177154541015625 -0.0216407775878906 0.0539512634277344 -0.0533027648925781
-0.0347194671630859 -0.0138740539550781 0.033233642578125 -0.0788650512695312
-0.0404472351074219 -0.0102615356445312 0.00792694091796874 -0.0864944458007813
-0.0368309020996094 -0.012786865234375 -0.0023345947265625 -0.068084716796875
-0.0406150817871094 -0.0183219909667969 -0.00728988647460938 -0.0504074096679687
-0.0259475708007813 -0.0329513549804688 -0.0120620727539063 -0.0271377563476563
-0.00275802612304687 -0.0412483215332031 -0.0250568389892578 -0.00701904296875
0.0178203582763672 -0.0338764190673828 -0.0449981689453125 -0.00511932373046874
0.0365104675292969 -0.0147018432617188 -0.0688705444335938 -0.01043701171875
0.0466842651367188 -0.00492095947265625 -0.092864990234375 -0.019561767578125
0.0562591552734375 0.00796127319335938 -0.0773086547851562 -0.0346450805664063
0.0825347900390625 0.0277633666992187 -0.0289993286132812 -0.103431701660156
0.0499191284179688 -0.00362396240234375 0.00500869750976563 -0.0500984191894531
0.03594970703125 -0.0114936828613281 0.0437965393066406 -0.0189857482910156
0.0213871002197266 -0.0238323211669922 0.06512451171875 -0.0344924926757813
0.0105094909667969 -0.0270748138427734 0.0641136169433594 -0.0503425598144531
-0.0128898620605469 -0.0346221923828125 0.0467910766601563 -0.0756607055664063
-0.0277442932128906 -0.0379867553710938 0.0227279663085938 -0.08135986328125
-0.0273590087890625 -0.0391693115234375 0.00970458984375 -0.0610427856445313
-0.03350830078125 -0.0492668151855469 0.00556945800781249 -0.040863037109375
-0.0157127380371094 -0.061004638671875 -0.00443935394287109 -0.0158700942993164
0.0181846618652344 -0.0655021667480469 -0.0175027847290039 0.00428676605224609
0.0464096069335937 -0.0503349304199219 -0.0360641479492188 0.00218582153320312
0.0720901489257813 -0.009246826171875 -0.0545310974121094 -0.000995635986328122
0.0819015502929688 0.0105133056640625 -0.069580078125 -0.0109214782714844
0.084869384765625 0.0319290161132813 -0.0522270202636719 -0.0218963623046875
0.0941162109375 0.0558242797851563 0.00324249267578125 -0.086700439453125
0.0702056884765625 0.0266494750976562 0.0329780578613281 -0.0393333435058594
0.0666580200195313 0.0125846862792969 0.0616302490234375 -0.0139198303222656
0.0562057495117188 -0.0157508850097656 0.0786514282226563 -0.0339813232421875
0.0400238037109375 -0.0304107666015625 0.0692176818847656 -0.0460700988769531
0.0124130249023437 -0.0529212951660156 0.0519142150878906 -0.0673561096191406
-0.0106315612792969 -0.0613479614257813 0.0312919616699219 -0.0684013366699219
-0.0131111145019531 -0.0601806640625 0.0196304321289062 -0.0454673767089844
-0.0218887329101563 -0.072540283203125 0.0186481475830078 -0.0240516662597656
-0.00583648681640624 -0.0802993774414063 0.00473880767822266 0.000755310058593745
0.0334548950195313 -0.081329345703125 -0.0100421905517578 0.0206165313720703
0.0650558471679688 -0.0633506774902344 -0.0270881652832031 0.0117301940917969
0.0956497192382812 -0.00809478759765625 -0.0396919250488281 0.00770187377929688
0.105247497558594 0.0204315185546875 -0.0412673950195312 -0.00289154052734374
0.100822448730469 0.0489730834960937 -0.0201435089111328 -0.00371170043945312
0.0957412719726563 0.07586669921875 0.0351219177246094 -0.0589179992675781
0.08245849609375 0.0507888793945312 0.0614013671875 -0.0208511352539062
0.0922775268554688 0.0305404663085938 0.0766067504882813 -0.0051727294921875
0.08563232421875 -0.0107879638671875 0.0853729248046875 -0.0281600952148438
0.0645332336425781 -0.0328330993652344 0.0672378540039063 -0.0372695922851563
0.0332145690917969 -0.065093994140625 0.0505867004394531 -0.0518264770507813
0.00686645507812501 -0.075531005859375 0.0350227355957031 -0.0451889038085938
0.00212860107421874 -0.0719757080078125 0.0262660980224609 -0.0229759216308594
-0.00617980957031249 -0.084259033203125 0.0299148559570312 -0.00223541259765625
0.00640106201171874 -0.0862045288085938 0.0140247344970703 0.0205802917480469
0.046112060546875 -0.0825881958007813 -0.00217437744140624 0.0351333618164062
0.0752334594726562 -0.0643310546875 -0.0193119049072266 0.0211029052734375
0.10516357421875 -0.0035400390625 -0.0258159637451172 0.0121498107910156
0.112030029296875 0.0294036865234375 -0.0113334655761719 0.00072479248046875
0.101234436035156 0.0615692138671875 0.0152091979980469 0.0180587768554688
0.0836715698242188 0.08172607421875 0.0642738342285156 -0.0269775390625
0.0826339721679688 0.0636367797851563 0.0865554809570313 0.0014495849609375
0.100921630859375 0.0397720336914063 0.087310791015625 0.0034332275390625
0.098968505859375 -0.00740814208984375 0.0842666625976563 -0.0191268920898438
0.0751113891601563 -0.031951904296875 0.0586585998535156 -0.0243568420410156
0.0471267700195313 -0.0676651000976563 0.0429534912109375 -0.0284194946289063
0.0214309692382812 -0.0773696899414063 0.0329875946044922 -0.0158710479736328
0.017974853515625 -0.0725860595703125 0.0289878845214844 0.00343704223632812
0.0116119384765625 -0.0835037231445313 0.0348606109619141 0.0218772888183594
0.0225753784179688 -0.0785598754882813 0.0174217224121094 0.0398292541503906
0.0570716857910156 -0.0686988830566406 0.00119781494140625 0.047698974609375
0.0788497924804688 -0.0503158569335938 -0.0138492584228516 0.0280818939208984
0.100090026855469 0.00962066650390625 -0.0140933990478516 0.0137701034545898
0.100265502929687 0.0418014526367188 0.0159778594970703 0.00561141967773438
0.085723876953125 0.0686874389648438 0.0476493835449219 0.0416107177734375
0.0576934814453125 0.0719757080078125 0.0864410400390625 0.003173828125
0.0658645629882813 0.0603065490722656 0.103965759277344 0.01971435546875
0.086761474609375 0.0389556884765625 0.0906295776367188 0.00933837890625
0.089019775390625 -0.00276947021484375 0.0767288208007813 -0.010009765625
0.0691795349121094 -0.0243186950683594 0.0458946228027344 -0.0087890625
0.0495719909667969 -0.0564231872558594 0.0327510833740234 -0.00347328186035157
0.0317955017089844 -0.0665931701660156 0.0291156768798828 0.0138835906982422
0.0305938720703125 -0.0615348815917969 0.0276374816894531 0.0296459197998047
0.0297431945800781 -0.0702400207519531 0.031982421875 0.0444450378417969
0.0378990173339844 -0.0600852966308594 0.0126762390136719 0.0554428100585937
0.0631484985351563 -0.0433692932128906 -0.00259780883789062 0.0565757751464844
0.0743942260742188 -0.0245132446289063 -0.0131950378417969 0.033294677734375
0.0801773071289062 0.0290985107421875 -0.0070343017578125 0.0147571563720703
0.0733413696289063 0.0533676147460938 0.0351524353027344 0.0135574340820313
0.0559120178222656 0.0695915222167969 0.0703506469726562 0.0674514770507812
0.0231208801269531 0.0503311157226563 0.09796142578125 0.023193359375
0.0355796813964844 0.0455780029296875 0.111526489257813 0.0287933349609375
0.0524482727050781 0.0301246643066406 0.0865402221679688 0.0101852416992188
0.058837890625 0.00457382202148438 0.0660476684570313 -0.00129318237304687
0.0477256774902344 -0.00894927978515625 0.0340499877929687 0.00260162353515625
0.0440826416015625 -0.0319747924804688 0.022918701171875 0.0167770385742187
0.0377349853515625 -0.0431632995605469 0.0228729248046875 0.0379447937011719
0.0385589599609375 -0.041778564453125 0.022003173828125 0.0507659912109375
0.042938232421875 -0.0486373901367188 0.0210952758789063 0.0642547607421875
0.0471076965332031 -0.0348243713378906 0.000289916992187505 0.0668563842773438
0.0609550476074219 -0.0149116516113281 -0.0141525268554688 0.0592803955078125
0.0623092651367188 0.00313568115234375 -0.0183601379394531 0.0358543395996094
0.0524635314941406 0.0438919067382813 -0.00737380981445312 0.0190372467041016
0.0370521545410156 0.0589370727539063 0.0421028137207031 0.0257186889648438
0.018951416015625 0.0607757568359375 0.0794906616210938 0.0911178588867188
-0.0168628692626953 0.0230255126953125 0.0952911376953125 0.0319671630859375
-0.00316238403320313 0.0260181427001953 0.106124877929688 0.0296630859375
0.00710296630859375 0.0211257934570313 0.0764083862304687 0.0071258544921875
0.0178604125976563 0.0156326293945313 0.0550308227539063 0.000820159912109376
0.0195827484130859 0.0135364532470703 0.0244789123535156 0.00677108764648438
0.0347194671630859 0.000314712524414062 0.0140743255615234 0.0274715423583984
0.0399971008300781 -0.0121116638183594 0.015167236328125 0.0520057678222656
0.0402565002441406 -0.0159645080566406 0.0122299194335938 0.0629692077636719
0.0471878051757812 -0.0209732055664062 0.0058746337890625 0.0766983032226563
0.0461311340332031 -0.00930404663085938 -0.01751708984375 0.0737380981445313
0.04742431640625 0.00875091552734375 -0.0292396545410156 0.0600700378417969
0.0404472351074219 0.0215911865234375 -0.027862548828125 0.037750244140625
0.02099609375 0.0458450317382812 -0.0159797668457031 0.0238056182861328
-0.000541687011718752 0.0515327453613281 0.0351333618164063 0.0401229858398438
-0.019439697265625 0.0419273376464844 0.0731353759765625 0.108489990234375
0.0614204406738281 -0.0116043090820313 -0.06988525390625 -0.112960815429688
0.0223808288574219 -0.0362319946289063 -0.0278892517089844 -0.0530052185058594
0.000976562499999998 -0.0348472595214844 0.0277729034423828 -0.0213737487792969
-0.0173854827880859 -0.0286331176757813 0.052825927734375 -0.038055419921875
-0.0214786529541016 -0.0197963714599609 0.0555229187011719 -0.0593757629394531
-0.0380210876464844 -0.00844573974609376 0.0328903198242187 -0.0870819091796875
-0.0426902770996094 -0.00410842895507813 0.00397491455078124 -0.0944442749023438
-0.0398139953613281 -0.00794601440429687 -0.00693511962890626 -0.075408935546875
-0.044403076171875 -0.0130577087402344 -0.0118980407714844 -0.0561752319335938
-0.0314121246337891 -0.0303230285644531 -0.0145053863525391 -0.0315074920654297
-0.0091094970703125 -0.0418510437011719 -0.0260162353515625 -0.00868797302246094
0.0125846862792969 -0.0379142761230469 -0.0475616455078125 -0.00494766235351562
0.0357475280761719 -0.021728515625 -0.0732803344726563 -0.00804901123046876
0.0493125915527344 -0.0130119323730469 -0.103179931640625 -0.0161209106445313
0.0612754821777344 0.000701904296875 -0.0906829833984375 -0.0353927612304688
0.090362548828125 0.0226364135742188 -0.0390090942382812 -0.112380981445313
0.0516624450683594 -0.00863265991210938 -0.00107574462890624 -0.0556983947753906
0.0362205505371094 -0.0146255493164063 0.0443763732910156 -0.0222358703613281
0.0189456939697266 -0.0257987976074219 0.0678291320800781 -0.0402183532714844
0.00876426696777344 -0.0275840759277344 0.0666046142578125 -0.0575408935546875
-0.0156936645507813 -0.033721923828125 0.0466232299804688 -0.08538818359375
-0.0315322875976563 -0.0370140075683594 0.0191116333007813 -0.0922470092773438
-0.0308761596679688 -0.0381507873535156 0.00554656982421875 -0.069427490234375
-0.0391426086425781 -0.0478935241699219 0.00176239013671875 -0.0486335754394531
-0.0220985412597656 -0.0616607666015625 -0.00536727905273438 -0.0209751129150391
0.0118789672851563 -0.0702171325683594 -0.0185756683349609 0.00175285339355468
0.0437545776367188 -0.0592193603515625 -0.0381927490234375 0.00196456909179687
0.0759506225585937 -0.0186691284179687 -0.0577201843261719 0.000644683837890623
0.0894851684570313 0.00194549560546875 -0.07769775390625 -0.00904846191406249
0.095184326171875 0.0255050659179688 -0.0631866455078125 -0.0246353149414062
0.106277465820313 0.0535812377929688 -0.00377655029296875 -0.0970993041992187
0.0764846801757812 0.0238113403320312 0.0298309326171875 -0.0465202331542969
0.0729141235351563 0.00980377197265625 0.0631217956542969 -0.0181961059570313
0.0588188171386719 -0.0202789306640625 0.0815582275390625 -0.0400161743164062
0.0417060852050781 -0.0337104797363281 0.0715179443359375 -0.0533294677734375
0.0100440979003906 -0.0560379028320312 0.0524673461914063 -0.077423095703125
-0.0147132873535156 -0.0645179748535156 0.0285491943359375 -0.0779342651367188
-0.0177001953125 -0.0635528564453125 0.0162353515625 -0.0531806945800781
-0.028839111328125 -0.0750274658203125 0.0164928436279297 -0.0323696136474609
-0.012939453125 -0.084808349609375 0.00497674942016601 -0.00341558456420899
0.02899169921875 -0.0894622802734375 -0.00902080535888672 0.0170059204101562
0.0638351440429688 -0.0738983154296875 -0.028228759765625 0.0105037689208984
0.102813720703125 -0.0176925659179688 -0.0412635803222656 0.00810623168945312
0.116401672363281 0.0125656127929688 -0.0465431213378906 -0.00374221801757813
0.114639282226562 0.045318603515625 -0.0263442993164063 -0.00765228271484374
0.110130310058594 0.0766067504882813 0.0337371826171875 -0.0693931579589844
0.09405517578125 0.050689697265625 0.0619277954101563 -0.0275077819824219
0.102378845214844 0.0287628173828125 0.080108642578125 -0.0099334716796875
0.0916671752929687 -0.0176773071289062 0.08807373046875 -0.0350723266601563
0.0679817199707031 -0.0395698547363281 0.0698165893554688 -0.0439720153808594
0.0322036743164062 -0.0720443725585938 0.0516891479492187 -0.05987548828125
0.00251007080078126 -0.0826339721679688 0.0330963134765625 -0.0539436340332031
-0.00195312499999999 -0.0782394409179688 0.0248489379882813 -0.0284271240234375
-0.0134429931640625 -0.0912017822265625 0.0290660858154297 -0.00877952575683594
0.00115203857421876 -0.0933609008789063 0.0146207809448242 0.0165414810180664
0.0432662963867187 -0.0935821533203125 -7.62939453124912E-06 0.0326690673828125
0.0761184692382813 -0.075836181640625 -0.0196113586425781 0.0191192626953125
0.115158081054687 -0.0120315551757812 -0.0259857177734375 0.0115413665771484
0.125312805175781 0.02362060546875 -0.0133876800537109 -0.00218486785888672
0.116561889648438 0.06072998046875 0.0139503479003906 0.0132827758789063
0.0976333618164063 0.0850296020507813 0.0687522888183594 -0.0362167358398437
0.0947341918945313 0.0655364990234375 0.0910491943359375 -0.0057373046875
0.113906860351563 0.0376052856445313 0.0920562744140625 -0.0013275146484375
0.107879638671875 -0.0149078369140625 0.088104248046875 -0.0255661010742187
0.0809173583984375 -0.0402908325195313 0.0607833862304688 -0.0285873413085938
0.0461807250976563 -0.0773696899414063 0.0437202453613281 -0.0349006652832031
0.0174102783203125 -0.0870819091796875 0.0341892242431641 -0.0218086242675781
0.0142898559570313 -0.0814208984375 0.0296726226806641 -4.00543212890675E-05
0.00640106201171876 -0.0931396484375 0.0363273620605469 0.0171966552734375
0.0186996459960938 -0.0875778198242188 0.019012451171875 0.0372543334960937
0.0570068359375 -0.0809707641601563 0.00348663330078125 0.046356201171875
0.0829238891601563 -0.0614776611328125 -0.0128231048583984 0.0270442962646484
0.110740661621094 0.00394439697265625 -0.0135278701782227 0.0119705200195313
0.114006042480469 0.03863525390625 0.0170011520385742 0.00140190124511719
0.0999069213867187 0.0710525512695313 0.0512733459472656 0.0378189086914063
0.068817138671875 0.0769805908203125 0.095703125 -0.00472259521484375
0.0771408081054688 0.0635833740234375 0.112945556640625 0.0131912231445313
0.0995635986328125 0.0382537841796875 0.0963211059570313 0.00445556640625
0.0984268188476563 -0.0100784301757813 0.0801010131835938 -0.0142059326171875
0.0748672485351563 -0.0325241088867188 0.0480270385742188 -0.0118484497070313
0.05078125 -0.0670166015625 0.0345859527587891 -0.00637245178222657
0.0293960571289062 -0.0771560668945313 0.0316925048828125 0.01171875
0.0278396606445313 -0.0714263916015625 0.0297031402587891 0.0289878845214844
0.0262603759765625 -0.081695556640625 0.03448486328125 0.0428924560546875
0.0366325378417969 -0.0701103210449219 0.0144500732421875 0.0553207397460937
0.0673370361328125 -0.0547409057617188 -0.000919342041015627 0.0554656982421875
0.0818099975585938 -0.0329666137695313 -0.0120468139648437 0.0319328308105469
0.0927658081054688 0.027130126953125 -0.00617122650146484 0.0139036178588867
0.0865631103515625 0.0548171997070313 0.0392189025878906 0.00975799560546875
0.0676116943359375 0.07568359375 0.0789794921875 0.0644149780273438
0.0299110412597656 0.056549072265625 0.109786987304687 0.01849365234375
0.043212890625 0.0505332946777344 0.122795104980469 0.0232315063476563
0.0625724792480469 0.0326728820800781 0.092803955078125 0.0058746337890625
0.0670318603515625 0.00080108642578125 0.0687789916992188 -0.00525665283203125
0.0543365478515625 -0.0141677856445313 0.0353927612304687 0.00214767456054687
0.0465774536132813 -0.041046142578125 0.0247936248779297 0.0172176361083984
0.037139892578125 -0.0530662536621094 0.0270309448242188 0.0399208068847656
0.03729248046875 -0.0514678955078125 0.0260124206542969 0.0529098510742188
0.0410423278808594 -0.0595932006835938 0.0250358581542969 0.0657005310058594
0.0482597351074219 -0.0451850891113281 0.00164413452148437 0.0695877075195313
0.0666885375976563 -0.0244636535644531 -0.0128059387207031 0.0613975524902344
0.070526123046875 -0.0032196044921875 -0.0173912048339844 0.0357627868652344
0.0638771057128906 0.0451889038085938 -0.00609016418457031 0.0181293487548828
0.047210693359375 0.064605712890625 0.0482215881347656 0.0235710144042969
0.0268592834472656 0.0686607360839844 0.091400146484375 0.0910186767578125
-0.0154953002929688 0.0296211242675781 0.109130859375 0.0294189453125
0.000135421752929687 0.0326404571533203 0.118415832519531 0.0250625610351563
0.013092041015625 0.0258312225341797 0.082489013671875 0.003082275390625
0.0243072509765625 0.0161762237548828 0.0575637817382813 -0.000869750976562499
0.0257530212402344 0.0108661651611328 0.0252170562744141 0.00805473327636719
0.0381011962890625 -0.0055999755859375 0.0165500640869141 0.0312995910644531
0.0415115356445312 -0.0198745727539062 0.0201454162597656 0.0567092895507813
0.0419120788574219 -0.0238494873046875 0.0175399780273438 0.0688362121582031
0.0482025146484375 -0.0301780700683594 0.00938415527343751 0.0822830200195313
0.0490570068359375 -0.0177116394042969 -0.0165328979492187 0.0783920288085938
0.0550270080566406 0.00209426879882813 -0.028900146484375 0.0639762878417969
0.0491256713867188 0.0180282592773438 -0.0286521911621094 0.0393829345703125
0.0295066833496094 0.05078125 -0.0147113800048828 0.0249366760253906
0.00553512573242188 0.0593681335449219 0.0420455932617188 0.040191650390625
-0.0172691345214844 0.0505523681640625 0.0861663818359375 0.112808227539063
0.0625343322753906 -0.0212936401367188 -0.0867691040039063 -0.114166259765625
0.016815185546875 -0.0418434143066406 -0.0370941162109375 -0.0527572631835938
-0.0052947998046875 -0.0377044677734375 0.0262527465820312 -0.0230007171630859
-0.0234889984130859 -0.0263729095458984 0.052276611328125 -0.0429420471191406
-0.0261116027832031 -0.0163192749023438 0.0548629760742188 -0.0665626525878906
-0.0398750305175781 -0.00192642211914062 0.0289688110351562 -0.095001220703125
-0.04400634765625 0.00119400024414063 -0.00432586669921876 -0.102615356445313
-0.0409736633300781 -0.00142288208007812 -0.01495361328125 -0.0811309814453125
-0.0471076965332031 -0.0052642822265625 -0.0189132690429688 -0.0614700317382813
-0.0354042053222656 -0.025360107421875 -0.0182533264160156 -0.0353355407714844
-0.0162277221679687 -0.0408134460449219 -0.0289726257324219 -0.00991249084472656
0.00604629516601562 -0.0407524108886719 -0.0499687194824219 -0.00231170654296875
0.0332794189453125 -0.0293750762939453 -0.0774078369140625 -0.00277709960937502
0.0494956970214844 -0.0226020812988281 -0.112373352050781 -0.00891876220703127
0.0643348693847656 -0.00971603393554688 -0.104812622070313 -0.0314178466796875
0.0967864990234375 0.0135345458984375 -0.0550308227539062 -0.117698669433594
0.0523567199707031 -0.0146255493164063 -0.00963973999023437 -0.0587692260742188
0.0355682373046875 -0.0189056396484375 0.0440673828125 -0.0258674621582031
0.0157318115234375 -0.0270805358886719 0.0675010681152344 -0.0472488403320312
0.00623893737792969 -0.0274257659912109 0.0662307739257813 -0.0662841796875
-0.0191364288330078 -0.0310535430908203 0.0423202514648438 -0.0951309204101562
-0.0353240966796875 -0.0346908569335938 0.0109710693359375 -0.101509094238281
-0.0350761413574219 -0.0354881286621094 -0.002349853515625 -0.0763778686523437
-0.0446090698242188 -0.0443115234375 -0.0046539306640625 -0.0551986694335938
-0.029327392578125 -0.0607337951660156 -0.00897979736328125 -0.0258750915527344
0.00395965576171875 -0.0736618041992188 -0.0200023651123047 -0.000736236572265632
0.0374641418457031 -0.0667953491210938 -0.0397605895996094 0.00263977050781249
0.076873779296875 -0.0293121337890625 -0.0595512390136719 0.0036163330078125
0.0947723388671875 -0.0104751586914063 -0.0848007202148438 -0.00469207763671876
0.103988647460938 0.0152816772460938 -0.074554443359375 -0.0228805541992187
0.118698120117188 0.047515869140625 -0.015289306640625 -0.105224609375
0.082794189453125 0.0182876586914063 0.0237579345703125 -0.0519866943359375
0.078094482421875 0.00418853759765625 0.0637474060058594 -0.0232505798339844
0.0592079162597656 -0.0259933471679688 0.08123779296875 -0.0482711791992187
0.0408935546875 -0.0380058288574219 0.0722503662109375 -0.0622711181640625
0.00649261474609375 -0.0588722229003906 0.0487213134765625 -0.0877151489257813
-0.0211601257324219 -0.066253662109375 0.021087646484375 -0.08807373046875
-0.024200439453125 -0.0646324157714844 0.0101547241210937 -0.0600395202636719
-0.0376510620117188 -0.075714111328125 0.0111198425292969 -0.0388565063476563
-0.021820068359375 -0.0866012573242188 0.00286388397216797 -0.00856018066406251
0.0202484130859375 -0.0969467163085938 -0.00887107849121094 0.0143022537231445
0.0585479736328125 -0.0853424072265625 -0.0297451019287109 0.0102920532226562
0.106842041015625 -0.0306320190429688 -0.0423469543457031 0.00904083251953125
0.125030517578125 -0.00060272216796875 -0.0513114929199219 -0.00264739990234376
0.127639770507812 0.0356903076171875 -0.0341873168945312 -0.00927925109863282
0.12530517578125 0.0724029541015625 0.0273056030273438 -0.0794677734375
0.104927062988281 0.0460891723632813 0.0588302612304688 -0.03558349609375
0.11273193359375 0.0214691162109375 0.0811767578125 -0.0166549682617188
0.0958709716796875 -0.0267333984375 0.0885467529296875 -0.0438003540039063
0.0691604614257813 -0.0473136901855469 0.0698471069335938 -0.0516204833984375
0.0282516479492188 -0.0793075561523438 0.0483131408691406 -0.0690460205078125
-0.0047760009765625 -0.0883102416992187 0.0282974243164062 -0.0622901916503906
-0.00933074951171874 -0.0830001831054688 0.0207881927490234 -0.0342807769775391
-0.0228500366210938 -0.09564208984375 0.0266399383544922 -0.0160789489746094
-0.00838470458984374 -0.098907470703125 0.0142784118652344 0.0119132995605469
0.0355987548828125 -0.103538513183594 0.000650405883789067 0.0293006896972656
0.0725479125976562 -0.0894088745117187 -0.019622802734375 0.0183277130126953
0.121849060058594 -0.024810791015625 -0.0264778137207031 0.0106658935546875
0.136909484863281 0.0115127563476563 -0.0161094665527344 -0.00397109985351562
0.132301330566406 0.052978515625 0.0112342834472656 0.00888729095458985
0.11383056640625 0.0836639404296875 0.0683708190917969 -0.047210693359375
0.108634948730469 0.0619125366210938 0.0928421020507813 -0.01531982421875
0.12744140625 0.0307769775390625 0.094757080078125 -0.00884246826171875
0.114044189453125 -0.0266647338867188 0.088775634765625 -0.033966064453125
0.0836181640625 -0.0511093139648438 0.0611763000488281 -0.0348396301269531
0.0421218872070313 -0.0872421264648438 0.0426864624023437 -0.0415191650390625
0.00946044921874999 -0.0962753295898438 0.0316486358642578 -0.0279369354248047
0.00659179687500001 -0.0894622802734375 0.0284137725830078 -0.00361633300781251
-0.00340270996093749 -0.101104736328125 0.0364608764648438 0.0117721557617187
0.0107879638671875 -0.0959930419921875 0.0204906463623047 0.03363037109375
0.0524749755859375 -0.0936431884765625 0.00587081909179688 0.0437965393066406
0.0826644897460938 -0.07574462890625 -0.01287841796875 0.0255069732666016
0.120742797851563 -0.00724029541015625 -0.0132503509521484 0.0102815628051758
0.12786865234375 0.0303497314453125 0.0171356201171875 -0.0035257339477539
0.116340637207031 0.0672988891601562 0.0543479919433594 0.0313072204589844
0.0837173461914062 0.078155517578125 0.102035522460938 -0.0154800415039062
0.0906906127929687 0.0626678466796875 0.119377136230469 0.002227783203125
0.112785339355469 0.0332794189453125 0.100494384765625 -0.00370025634765625
0.10565185546875 -0.021087646484375 0.081817626953125 -0.021240234375
0.0784530639648438 -0.0425872802734375 0.0495262145996094 -0.0147514343261719
0.0466232299804688 -0.0779190063476562 0.0357933044433594 -0.00994491577148438
0.0223922729492187 -0.0873489379882812 0.0334892272949219 0.00859069824218749
0.0219345092773438 -0.08148193359375 0.0325355529785156 0.0274791717529297
0.0177078247070312 -0.0927963256835938 0.0377960205078125 0.0403404235839844
0.031585693359375 -0.0803070068359375 0.017303466796875 0.0542716979980469
0.0661544799804688 -0.0678329467773438 0.00221633911132812 0.0551109313964844
0.085723876953125 -0.0459442138671875 -0.0111446380615234 0.0303268432617187
0.104888916015625 0.0196990966796875 -0.0049896240234375 0.0118741989135742
0.100959777832031 0.0513153076171875 0.0416183471679688 0.00330734252929688
0.0826797485351563 0.076507568359375 0.087249755859375 0.0582122802734375
0.0396156311035156 0.0611381530761719 0.121627807617187 0.00795745849609375
0.0530166625976563 0.0524635314941406 0.132293701171875 0.0129470825195313
0.0729141235351563 0.0306396484375 0.096710205078125 -0.002838134765625
0.0743179321289063 -0.0069427490234375 0.0710830688476563 -0.0104446411132813
0.0579566955566406 -0.0220527648925781 0.0371818542480469 0.00123977661132812
0.0446701049804688 -0.0515365600585938 0.0282192230224609 0.0170860290527344
0.0329132080078125 -0.0638351440429688 0.0325050354003906 0.0399589538574219
0.0331764221191406 -0.0617179870605469 0.0309295654296875 0.05419921875
0.0356979370117188 -0.0717697143554688 0.0310096740722656 0.0665626525878906
0.0455665588378906 -0.0557518005371094 0.00489807128906251 0.0719146728515625
0.0698089599609375 -0.0361175537109375 -0.0104713439941406 0.0626640319824219
0.0776290893554687 -0.0129013061523437 -0.0161323547363281 0.0358314514160156
0.0757980346679688 0.0430908203125 -0.00445938110351562 0.0171318054199219
0.0602569580078125 0.0655860900878906 0.0536689758300781 0.0181961059570313
0.03790283203125 0.0739898681640625 0.104095458984375 0.0860519409179688
-0.0121307373046875 0.0363807678222656 0.122444152832031 0.0211105346679688
0.00548171997070313 0.0377426147460937 0.129379272460937 0.0162200927734375
0.0195026397705078 0.0290813446044922 0.0864105224609375 -0.00400543212890625
0.0309581756591797 0.0140323638916016 0.0591392517089844 -0.00461196899414062
0.030731201171875 0.00774192810058594 0.0270137786865234 0.00893974304199219
0.0397071838378906 -0.0132522583007813 0.0208530426025391 0.0337371826171875
0.0407028198242188 -0.029388427734375 0.027435302734375 0.0600166320800781
0.0400314331054688 -0.0322074890136719 0.0241851806640625 0.0722198486328125
0.0455513000488281 -0.0403175354003906 0.0164794921875 0.0864486694335938
0.0486221313476563 -0.02752685546875 -0.0133209228515625 0.083770751953125
0.0592994689941406 -0.00677871704101563 -0.02685546875 0.0680198669433594
0.05670166015625 0.0119132995605469 -0.0271148681640625 0.0414314270019531
0.0399322509765625 0.0511665344238281 -0.0121574401855469 0.0255947113037109
0.0150527954101563 0.064971923828125 0.049163818359375 0.0371055603027344
-0.0104026794433594 0.0589866638183594 0.102012634277344 0.110359191894531
0.0596580505371094 -0.030181884765625 -0.101852416992188 -0.10931396484375
0.0100021362304688 -0.0454177856445313 -0.0457038879394531 -0.0495071411132813
-0.0123977661132812 -0.0381965637207031 0.0248279571533203 -0.0246353149414063
-0.0283622741699219 -0.0225696563720703 0.0501594543457031 -0.0475273132324219
-0.0289287567138672 -0.0117454528808594 0.0508499145507813 -0.0728073120117188
-0.0393295288085937 0.00468444824218751 0.0219650268554687 -0.100288391113281
-0.0430488586425781 0.00744247436523437 -0.0144195556640625 -0.10614013671875
-0.0394744873046875 0.004302978515625 -0.0240402221679688 -0.08343505859375
-0.0459136962890625 0.00171661376953124 -0.0280990600585937 -0.0629196166992188
-0.038360595703125 -0.0193443298339844 -0.0235710144042969 -0.0374832153320313
-0.0224342346191406 -0.0369338989257813 -0.0308685302734375 -0.0101032257080078
-0.000701904296875001 -0.0413322448730469 -0.0503463745117188 0.000576019287109383
0.0280303955078125 -0.0357742309570313 -0.0787277221679688 0.00294494628906249
0.0464630126953125 -0.0316505432128906 -0.117904663085938 0.00130462646484372
0.0642929077148438 -0.0193061828613281 -0.115745544433594 -0.0227203369140625
0.099884033203125 0.00316619873046875 -0.07037353515625 -0.116706848144531
0.05029296875 -0.0205268859863281 -0.0188179016113281 -0.0588493347167969
0.0332984924316406 -0.0226116180419922 0.0418472290039063 -0.0288505554199219
0.0123119354248047 -0.0277004241943359 0.0649070739746094 -0.053070068359375
0.00382232666015625 -0.0268917083740234 0.0625534057617188 -0.0733871459960937
-0.0206928253173828 -0.0280342102050781 0.0353622436523438 -0.10260009765625
-0.0380477905273438 -0.0306243896484375 -0.000190734863281264 -0.106796264648438
-0.0376510620117188 -0.0318450927734375 -0.0118942260742188 -0.0798110961914063
-0.0494728088378906 -0.0388069152832031 -0.0134773254394531 -0.0582542419433594
-0.0356788635253906 -0.056732177734375 -0.0135288238525391 -0.0290985107421875
-0.0048370361328125 -0.0735549926757813 -0.0209980010986328 -0.0019683837890625
0.0286941528320312 -0.0719375610351563 -0.0402183532714844 0.00381469726562499
0.0735702514648438 -0.0399932861328125 -0.0603523254394531 0.00730514526367187
0.0950546264648438 -0.0235443115234375 -0.08966064453125 0.00196075439453127
0.108390808105469 0.00249481201171875 -0.0848922729492187 -0.01788330078125
0.126823425292969 0.037109375 -0.0283050537109375 -0.108596801757813
0.0863418579101563 0.0105361938476563 0.0146636962890625 -0.0547981262207031
0.0807647705078125 -0.003326416015625 0.0612144470214844 -0.0282402038574219
0.0575599670410156 -0.0313796997070313 0.0783920288085938 -0.055572509765625
0.0390205383300781 -0.0417213439941406 0.0686912536621094 -0.0699806213378906
0.0012664794921875 -0.0594558715820313 0.0419921875 -0.095550537109375
-0.0279922485351562 -0.0655021667480469 0.0112075805664063 -0.0942230224609375
-0.0299720764160156 -0.0630455017089844 0.00231170654296875 -0.0641365051269531
-0.0456619262695312 -0.0731353759765625 0.00424957275390625 -0.0436363220214844
-0.0309295654296875 -0.0848464965820313 -0.000674247741699221 -0.0131340026855469
0.00938415527343751 -0.100028991699219 -0.00939559936523437 0.0115156173706055
0.0487136840820313 -0.093719482421875 -0.0301666259765625 0.010498046875
0.1060791015625 -0.0438232421875 -0.042633056640625 0.0104484558105469
0.128204345703125 -0.0161590576171875 -0.0559577941894531 -0.000133514404296885
0.136123657226563 0.0221481323242188 -0.041778564453125 -0.00842666625976562
0.137313842773438 0.0625686645507813 0.0184173583984375 -0.086639404296875
0.113075256347656 0.0375900268554687 0.0535812377929688 -0.0420150756835938
0.120223999023438 0.0109329223632813 0.0801162719726563 -0.0233001708984375
0.0963363647460938 -0.0375823974609375 0.0858078002929688 -0.051788330078125
0.0682792663574219 -0.0555191040039063 0.0669174194335937 -0.0588607788085937
0.0215606689453125 -0.084197998046875 0.0427703857421875 -0.0766372680664063
-0.0146865844726563 -0.0906295776367188 0.0206375122070313 -0.0683059692382813
-0.0179595947265625 -0.0848007202148438 0.0153999328613281 -0.03814697265625
-0.0341415405273438 -0.0956649780273438 0.0216865539550781 -0.0217666625976563
-0.0186004638671875 -0.100189208984375 0.0123825073242187 0.00755023956298828
0.0247421264648437 -0.110214233398437 0.00102996826171875 0.0260429382324219
0.0643463134765625 -0.100296020507813 -0.0203437805175781 0.0171108245849609
0.123092651367188 -0.0392379760742188 -0.0261726379394531 0.0103302001953125
0.142715454101563 -0.0038299560546875 -0.0192222595214844 -0.00527191162109375
0.144607543945313 0.0407867431640625 0.00760936737060548 0.00587987899780274
0.127510070800781 0.0758285522460938 0.0648155212402344 -0.05755615234375
0.119667053222656 0.0532684326171875 0.0909652709960938 -0.0250701904296875
0.137123107910156 0.0190963745117188 0.09429931640625 -0.017059326171875
0.115646362304687 -0.0397720336914063 0.0871124267578125 -0.04144287109375
0.0820083618164062 -0.0615615844726563 0.0594635009765625 -0.0398025512695313
0.0342559814453125 -0.095001220703125 0.0399436950683594 -0.0474777221679688
-0.00142669677734374 -0.101417541503906 0.0279979705810547 -0.0328750610351563
-0.0033111572265625 -0.0934677124023437 0.0266189575195313 -0.00679779052734376
-0.01556396484375 -0.104385375976563 0.0347194671630859 0.00665855407714843
0.000564575195312506 -0.100563049316406 0.0204181671142578 0.0297145843505859
0.04315185546875 -0.102836608886719 0.00763320922851563 0.0401077270507812
0.0770492553710938 -0.0876998901367188 -0.0129852294921875 0.0237388610839844
0.125724792480469 -0.020538330078125 -0.0126123428344727 0.00857162475585937
0.137260437011719 0.0174636840820313 0.0149850845336914 -0.00843048095703125
0.130409240722656 0.0586700439453125 0.0548515319824219 0.0244178771972656
0.0969924926757813 0.07452392578125 0.103858947753906 -0.028045654296875
0.101707458496094 0.0564346313476563 0.121139526367188 -0.00949859619140625
0.122932434082031 0.0228652954101563 0.101112365722656 -0.0125808715820313
0.108230590820313 -0.0335617065429687 0.080780029296875 -0.02789306640625
0.0780868530273438 -0.05303955078125 0.0488662719726563 -0.0179252624511719
0.03997802734375 -0.0866546630859375 0.0350189208984375 -0.0131626129150391
0.011749267578125 -0.0945205688476563 0.0338859558105469 0.00519561767578124
0.0121917724609375 -0.0882492065429687 0.0339927673339844 0.0250968933105469
0.0057525634765625 -0.09954833984375 0.0399322509765625 0.0366477966308594
0.0228195190429688 -0.0879669189453125 0.0193977355957031 0.0523452758789062
0.0607223510742187 -0.0797882080078125 0.00506591796875 0.0533676147460937
0.0843048095703125 -0.0590591430664063 -0.0109653472900391 0.0292720794677734
0.113235473632812 0.0090484619140625 -0.0041971206665039 0.00984573364257813
0.112037658691406 0.0429153442382813 0.0417671203613281 -0.00347518920898437
0.0969390869140625 0.0721588134765625 0.0923614501953125 0.0487060546875
0.0497817993164063 0.0606613159179687 0.128089904785156 -0.0052947998046875
0.0625724792480469 0.0508155822753906 0.136940002441406 -0.000434875488281247
0.08197021484375 0.0256805419921875 0.097808837890625 -0.0109405517578125
0.07769775390625 -0.0161209106445313 0.0702781677246094 -0.0159187316894531
0.0592460632324219 -0.0304985046386719 0.0380477905273438 -5.72204589843769E-05
0.0392570495605469 -0.0603675842285156 0.0303764343261719 0.0157623291015625
0.0251846313476563 -0.0719757080078125 0.0372390747070313 0.0381698608398437
0.0251388549804687 -0.0688438415527344 0.0365982055664063 0.0533332824707031
0.0261611938476563 -0.0800018310546875 0.0359687805175781 0.0650711059570313
0.0398178100585938 -0.0647392272949219 0.00875091552734375 0.0719528198242188
0.0675468444824219 -0.047760009765625 -0.00712203979492188 0.0629959106445312
0.080078125 -0.0246810913085938 -0.0149021148681641 0.0350799560546875
0.0862884521484375 0.0364761352539063 -0.00202560424804687 0.0151910781860352
0.07275390625 0.0626144409179688 0.0566940307617188 0.0111808776855469
0.0501785278320313 0.07464599609375 0.113868713378906 0.0767669677734375
-0.00682449340820313 0.0411529541015625 0.132209777832031 0.00872802734375
0.0117568969726563 0.0408287048339844 0.135627746582031 0.0030517578125
0.02728271484375 0.0288143157958984 0.0867691040039063 -0.0118637084960937
0.0361289978027344 0.00948715209960938 0.0592498779296875 -0.00799179077148438
0.0342350006103516 0.0025787353515625 0.0280895233154297 0.00931549072265625
0.0386505126953125 -0.0209579467773438 0.0257778167724609 0.0340118408203125
0.0370063781738281 -0.0373306274414063 0.0350990295410156 0.0600051879882812
0.0352287292480469 -0.03961181640625 0.0323410034179688 0.0727691650390625
0.0396652221679688 -0.04974365234375 0.02484130859375 0.0869522094726563
0.0454902648925781 -0.0359230041503906 -0.00792694091796874 0.0871658325195313
0.0603713989257813 -0.016815185546875 -0.023193359375 0.0705947875976563
0.0614204406738281 0.0033416748046875 -0.0249824523925781 0.0422248840332031
0.0497245788574219 0.048553466796875 -0.00968170166015624 0.0251312255859375
0.0251579284667969 0.0668601989746094 0.0553512573242187 0.0316162109375
-0.00167465209960937 0.0639877319335938 0.115219116210938 0.102622985839844
0.0557174682617187 -0.0365333557128906 -0.11212158203125 -0.101295471191406
0.00371551513671875 -0.0464057922363281 -0.0513381958007812 -0.0442543029785156
-0.0179862976074219 -0.0369415283203125 0.0228328704833984 -0.0249958038330078
-0.0316600799560547 -0.0176353454589844 0.0475502014160156 -0.0495223999023438
-0.02947998046875 -0.00698280334472657 0.0464248657226563 -0.0762405395507813
-0.0369796752929688 0.0101394653320313 0.015533447265625 -0.102935791015625
-0.0400962829589844 0.0129318237304688 -0.0235671997070313 -0.106086730957031
-0.0372657775878906 0.00893020629882813 -0.0326995849609375 -0.0826416015625
-0.0438957214355469 0.00736236572265626 -0.0358428955078125 -0.0622673034667969
-0.0389060974121094 -0.0134391784667969 -0.0276527404785156 -0.0379905700683594
-0.0262889862060547 -0.0324821472167969 -0.0324535369873047 -0.0102729797363281
-0.00640487670898438 -0.0400505065917969 -0.0505867004394531 0.00224685668945311
0.0223731994628906 -0.0399055480957031 -0.0785446166992187 0.00716400146484374
0.0416717529296875 -0.0382461547851563 -0.119338989257813 0.0106277465820313
0.0615348815917969 -0.0274429321289063 -0.123023986816406 -0.0130081176757813
0.0998306274414063 -0.0061492919921875 -0.082275390625 -0.111900329589844
0.0469932556152344 -0.0242271423339844 -0.0264816284179687 -0.0559425354003906
0.0302104949951172 -0.0252132415771484 0.0386962890625 -0.0306739807128906
0.00922012329101563 -0.0269393920898438 0.0611228942871094 -0.0563926696777344
0.00199317932128906 -0.0256767272949219 0.0583038330078125 -0.077880859375
-0.0216121673583984 -0.0248584747314453 0.0281295776367188 -0.106178283691406
-0.039306640625 -0.0268211364746094 -0.0101852416992188 -0.108551025390625
-0.0391159057617188 -0.0280342102050781 -0.0200729370117187 -0.080169677734375
-0.0510368347167969 -0.0335159301757812 -0.0213775634765625 -0.0592842102050781
-0.0400009155273437 -0.051666259765625 -0.0180511474609375 -0.0309066772460938
-0.0119247436523438 -0.07110595703125 -0.0226783752441406 -0.00344467163085938
0.0205917358398438 -0.0728530883789063 -0.0408782958984375 0.00439834594726562
0.0685272216796875 -0.0477447509765625 -0.0597381591796875 0.0100135803222656
0.0919952392578125 -0.0340576171875 -0.0924835205078125 0.00827789306640623
0.108734130859375 -0.00887298583984375 -0.0920867919921875 -0.0114059448242187
0.131027221679687 0.0262069702148437 -0.0402679443359375 -0.107246398925781
0.0872650146484375 0.00421142578125 0.00728607177734376 -0.0554351806640625
0.0811767578125 -0.0100936889648437 0.05828857421875 -0.03082275390625
0.0549697875976563 -0.0352630615234375 0.0736312866210938 -0.0595321655273438
0.0362815856933594 -0.0445022583007813 0.0635604858398438 -0.0748825073242188
-0.00191497802734376 -0.0590782165527344 0.034393310546875 -0.0998764038085938
-0.0328445434570312 -0.0630950927734375 0.00165557861328124 -0.09637451171875
-0.0348587036132813 -0.0606040954589844 -0.00542831420898438 -0.0647735595703125
-0.0518226623535156 -0.0684890747070312 -0.003692626953125 -0.0460700988769531
-0.037994384765625 -0.0811843872070312 -0.00435161590576172 -0.0159101486206055
-1.52587890625036E-05 -0.100028991699219 -0.0110359191894531 0.00859355926513671
0.0396652221679688 -0.0978164672851563 -0.0306549072265625 0.0102176666259766
0.101448059082031 -0.0542221069335938 -0.0416603088378906 0.0110931396484375
0.127159118652344 -0.028900146484375 -0.0583839416503906 0.00233840942382811
0.139907836914063 0.0092010498046875 -0.0478401184082031 -0.00545501708984374
0.144668579101563 0.052337646484375 0.00909423828125001 -0.0897140502929688
0.117164611816406 0.0287246704101562 0.0468940734863281 -0.0458946228027344
0.123237609863281 0.00131988525390625 0.0769805908203125 -0.0271530151367188
0.0936279296875 -0.045318603515625 0.0812835693359375 -0.0567779541015625
0.0644683837890625 -0.0616950988769531 0.0628547668457031 -0.0630302429199219
0.015167236328125 -0.0860824584960938 0.0360641479492187 -0.0807571411132813
-0.0230789184570313 -0.0905685424804688 0.0125656127929687 -0.0706405639648437
-0.0245742797851563 -0.0842819213867188 0.0102005004882813 -0.0392990112304688
-0.0432815551757813 -0.093231201171875 0.0156383514404297 -0.0245323181152344
-0.0272293090820313 -0.0984039306640625 0.00921058654785156 0.00381851196289062
0.015045166015625 -0.112754821777344 0.00017356872558594 0.0223903656005859
0.0550994873046875 -0.107223510742188 -0.0209083557128906 0.0158405303955078
0.120903015136719 -0.050994873046875 -0.0259857177734375 0.00940704345703125
0.14361572265625 -0.0176544189453125 -0.0224132537841797 -0.006072998046875
0.150299072265625 0.028045654296875 0.00280880928039552 0.00374031066894531
0.13714599609375 0.0665283203125 0.0592842102050781 -0.0644683837890625
0.125755310058594 0.0445556640625 0.08648681640625 -0.031951904296875
0.141464233398438 0.007965087890625 0.0919570922851563 -0.0221328735351563
0.113716125488281 -0.0502853393554688 0.0827560424804688 -0.04620361328125
0.0788955688476563 -0.0694732666015625 0.0568695068359375 -0.0436058044433594
0.0266265869140625 -0.098785400390625 0.034912109375 -0.0506820678710938
-0.0110626220703125 -0.10321044921875 0.0231246948242187 -0.0353317260742188
-0.0115127563476563 -0.0946502685546875 0.0244312286376953 -0.00860214233398438
-0.0266342163085938 -0.104827880859375 0.0318450927734375 0.00248336791992187
-0.00875091552734376 -0.101707458496094 0.0190620422363281 0.02655029296875
0.033660888671875 -0.107955932617188 0.00762557983398438 0.0371246337890625
0.069549560546875 -0.0964508056640625 -0.0130939483642578 0.0214996337890625
0.126747131347656 -0.0321044921875 -0.0128822326660156 0.00599956512451172
0.141067504882812 0.0049591064453125 0.0122222900390625 -0.0119132995605469
0.138984680175781 0.0480880737304688 0.0525970458984375 0.0189666748046875
0.106300354003906 0.0676498413085938 0.101676940917969 -0.0379714965820312
0.109031677246094 0.0495681762695313 0.11981201171875 -0.0197296142578125
0.128822326660156 0.0131683349609375 0.09857177734375 -0.0186614990234375
0.106796264648438 -0.0433273315429688 0.0780410766601562 -0.032073974609375
0.07550048828125 -0.0618972778320312 0.0485458374023438 -0.0205230712890625
0.0319290161132813 -0.0917739868164063 0.034027099609375 -0.0158424377441406
0.00188446044921875 -0.0978622436523438 0.0337886810302734 0.00222015380859374
0.00324249267578124 -0.090728759765625 0.0348625183105469 0.0231246948242187
-0.00513458251953126 -0.10162353515625 0.0399856567382813 0.0320854187011719
0.0143508911132813 -0.091796875 0.0203132629394531 0.0496597290039063
0.0527572631835937 -0.0872421264648438 0.00556182861328126 0.05035400390625
0.08001708984375 -0.0689697265625 -0.0108585357666016 0.0275478363037109
0.117156982421875 -0.00142669677734375 -0.00384378433227538 0.00688552856445313
0.119796752929687 0.0334930419921875 0.0404891967773438 -0.00951004028320312
0.106864929199219 0.06475830078125 0.0936126708984375 0.039947509765625
0.0575027465820313 0.0582084655761719 0.130195617675781 -0.017547607421875
0.0697135925292969 0.0469894409179688 0.1370849609375 -0.0117111206054687
0.0880584716796875 0.0187301635742188 0.0959091186523438 -0.017486572265625
0.0783920288085938 -0.0239334106445313 0.0681610107421875 -0.0192222595214844
0.058380126953125 -0.0376853942871094 0.0385475158691406 -0.00124740600585938
0.0340156555175781 -0.0663032531738281 0.0322761535644531 0.0145244598388672
0.0162506103515625 -0.076141357421875 0.0405426025390625 0.0355949401855469
0.0178146362304687 -0.073089599609375 0.0403633117675781 0.0511665344238281
0.0160446166992187 -0.084075927734375 0.039306640625 0.0617904663085937
0.0323333740234375 -0.0704879760742188 0.0116348266601563 0.0710067749023438
0.0632705688476563 -0.0573959350585938 -0.00453567504882812 0.0616798400878906
0.0790634155273438 -0.0339126586914063 -0.0145015716552734 0.0343914031982422
0.0930252075195313 0.0284576416015625 -0.00144863128662109 0.0134248733520508
0.08123779296875 0.0573806762695313 0.0569572448730469 0.00381851196289063
0.0599288940429688 0.0722427368164063 0.118553161621094 0.0659637451171875
-0.000637054443359376 0.0435523986816406 0.136703491210938 -0.00368499755859375
0.01788330078125 0.0417556762695312 0.138046264648437 -0.00823211669921875
0.03350830078125 0.0278911590576172 0.0849075317382813 -0.0176773071289063
0.039581298828125 0.0050201416015625 0.0583343505859375 -0.0104789733886719
0.0362548828125 -0.00262451171875 0.0288982391357422 0.00917434692382813
0.0356483459472656 -0.0269584655761719 0.0295886993408203 0.0335788726806641
0.03057861328125 -0.043365478515625 0.0417747497558594 0.0581092834472656
0.0292625427246094 -0.0443954467773438 0.0383834838867188 0.0712966918945313
0.0319137573242188 -0.0549583435058594 0.031158447265625 0.08538818359375
0.0404014587402344 -0.042388916015625 -0.00325775146484375 0.087860107421875
0.0581092834472656 -0.02569580078125 -0.0202560424804687 0.0706939697265625
0.0627708435058594 -0.00432968139648437 -0.0233001708984375 0.0421257019042969
0.0572013854980469 0.0445175170898438 -0.00726127624511718 0.0243167877197266
0.0344467163085938 0.06561279296875 0.0588264465332031 0.0258293151855469
0.00687408447265625 0.0659103393554688 0.123085021972656 0.0925979614257813
0.0517539978027344 -0.040863037109375 -0.119178771972656 -0.0944290161132813
-0.00141525268554687 -0.0459442138671875 -0.0552749633789063 -0.0396003723144531
-0.0222396850585938 -0.0349693298339844 0.0213336944580078 -0.0244121551513672
-0.033935546875 -0.0138950347900391 0.0459556579589844 -0.0506629943847656
-0.0297508239746094 -0.00327873229980468 0.0435943603515625 -0.0784683227539063
-0.0345649719238281 0.0140457153320312 0.0108718872070312 -0.103599548339844
-0.0371627807617188 0.0165863037109375 -0.0299911499023438 -0.105491638183594
-0.0347480773925781 0.0113868713378906 -0.0389404296875 -0.0818099975585938
-0.0407676696777344 0.0109024047851562 -0.0415840148925781 -0.0609779357910156
-0.0374031066894531 -0.00901412963867187 -0.0313835144042969 -0.03839111328125
-0.0278644561767578 -0.0278873443603516 -0.0340404510498047 -0.0108985900878906
-0.0111045837402344 -0.0381126403808594 -0.0501708984375 0.00279998779296875
0.0174598693847656 -0.0424613952636719 -0.0771331787109375 0.00924682617187499
0.0368232727050781 -0.042938232421875 -0.120071411132812 0.016845703125
0.0577049255371094 -0.0334739685058594 -0.127571105957031 -0.00481414794921876
0.0987777709960938 -0.0122299194335938 -0.09039306640625 -0.107192993164063
0.0443038940429688 -0.0267257690429688 -0.0322456359863281 -0.0528221130371094
0.0279731750488281 -0.0265121459960938 0.0373191833496094 -0.0309677124023437
0.00727462768554687 -0.0257854461669922 0.0585098266601563 -0.0581779479980469
0.00116348266601562 -0.0245952606201172 0.0542755126953125 -0.0802459716796875
-0.0213603973388672 -0.0225334167480469 0.0223541259765625 -0.107963562011719
-0.0396347045898438 -0.0232810974121094 -0.0180206298828125 -0.108375549316406
-0.0390625 -0.0259132385253906 -0.0263519287109375 -0.0796356201171875
-0.0514373779296875 -0.0295066833496094 -0.0279655456542969 -0.0588874816894531
-0.0421257019042969 -0.0474929809570312 -0.0221157073974609 -0.0319499969482422
-0.0162849426269531 -0.0680351257324219 -0.0246391296386719 -0.004638671875
0.01416015625 -0.0731582641601563 -0.0410232543945312 0.004425048828125
0.0640487670898437 -0.0530853271484375 -0.0590171813964844 0.0103912353515625
0.0877914428710938 -0.0420379638671875 -0.0938720703125 0.0125885009765625
0.107902526855469 -0.0171966552734375 -0.0971832275390625 -0.0056304931640625
0.132858276367188 0.01812744140625 -0.04840087890625 -0.105300903320313
0.0872879028320312 -0.0004730224609375 0.00114822387695313 -0.0544967651367188
0.0806121826171875 -0.0146942138671875 0.0560340881347656 -0.0322418212890625
0.052978515625 -0.0374755859375 0.0706939697265625 -0.06201171875
0.0352325439453125 -0.0459175109863281 0.0601882934570313 -0.0772933959960938
-0.00433731079101563 -0.0581436157226563 0.028717041015625 -0.102378845214844
-0.0362396240234375 -0.060821533203125 -0.00577545166015626 -0.0970001220703125
-0.0373992919921875 -0.058685302734375 -0.011566162109375 -0.0645217895507813
-0.0550270080566406 -0.0650138854980469 -0.00933456420898438 -0.0463905334472656
-0.0421524047851563 -0.0779953002929688 -0.00863265991210938 -0.0171356201171875
-0.00617218017578125 -0.09881591796875 -0.0128450393676758 0.00685977935791015
0.0322952270507813 -0.0995407104492188 -0.0314579010009766 0.00933265686035156
0.0980224609375 -0.0615997314453125 -0.0410728454589844 0.0103492736816406
0.1246337890625 -0.0394287109375 -0.0602455139160156 0.00498199462890624
0.141082763671875 -0.0001983642578125 -0.0527458190917969 -0.00246047973632812
0.1497802734375 0.043731689453125 0.00207519531250001 -0.09088134765625
0.118820190429688 0.0220184326171875 0.0410079956054688 -0.0472412109375
0.12481689453125 -0.00614166259765625 0.0747222900390625 -0.028778076171875
0.0915298461914063 -0.0501785278320313 0.0780792236328125 -0.0585250854492188
0.0619659423828125 -0.0657691955566406 0.0601272583007813 -0.0650482177734375
0.0106353759765625 -0.0867156982421875 0.0311355590820313 -0.0828475952148438
-0.0289077758789063 -0.0891265869140625 0.0070343017578125 -0.0720367431640625
-0.0301284790039063 -0.0836029052734375 0.00583267211914062 -0.0403213500976563
-0.0495376586914062 -0.090606689453125 0.0107746124267578 -0.0260562896728516
-0.0331573486328125 -0.0960617065429687 0.00609731674194336 0.00159072875976562
0.00734710693359376 -0.113540649414063 -0.00104522705078125 0.0200366973876953
0.0478363037109375 -0.110298156738281 -0.0214290618896484 0.0146484375
0.117881774902344 -0.0594635009765625 -0.0258674621582031 0.00679969787597656
0.143295288085938 -0.028167724609375 -0.0254364013671875 -0.00624465942382813
0.153945922851563 0.0186767578125 -0.00188446044921874 0.00427770614624024
0.14324951171875 0.05828857421875 0.0544776916503906 -0.0683212280273438
0.129928588867188 0.0372772216796875 0.0818939208984375 -0.035858154296875
0.144515991210938 -0.0011749267578125 0.08929443359375 -0.0248031616210938
0.111351013183594 -0.0575942993164063 0.0797653198242187 -0.0483474731445313
0.075836181640625 -0.0756683349609375 0.0553855895996094 -0.0449066162109375
0.020477294921875 -0.101188659667969 0.0320091247558594 -0.0527229309082031
-0.0191879272460938 -0.102691650390625 0.0203704833984375 -0.0368003845214844
-0.01824951171875 -0.0949859619140625 0.0220718383789063 -0.00955200195312501
-0.0349349975585938 -0.103431701660156 0.0285682678222656 0.000318527221679681
-0.0154876708984375 -0.101295471191406 0.0173110961914063 0.0242538452148437
0.0265731811523437 -0.110443115234375 0.00641632080078125 0.0342044830322266
0.062896728515625 -0.10211181640625 -0.0138015747070312 0.0204734802246094
0.126327514648438 -0.04083251953125 -0.0134057998657226 0.00417518615722656
0.14337158203125 -0.005340576171875 0.00926685333251954 -0.0145454406738281
0.1439208984375 0.040435791015625 0.04949951171875 0.0157661437988281
0.112640380859375 0.0619964599609375 0.0999526977539063 -0.0452957153320313
0.113960266113281 0.0433731079101563 0.116508483886719 -0.0254898071289062
0.132057189941406 0.0050048828125 0.0964889526367188 -0.022186279296875
0.105209350585938 -0.0514297485351563 0.0756149291992188 -0.0338516235351563
0.0731277465820313 -0.068145751953125 0.0480766296386719 -0.0207672119140625
0.0257186889648438 -0.095489501953125 0.0331096649169922 -0.0175590515136719
-0.0065460205078125 -0.0989151000976562 0.0328330993652344 0.000623703002929681
-0.00353240966796876 -0.0922927856445313 0.0353736877441406 0.02142333984375
-0.0135955810546875 -0.101211547851563 0.0390548706054688 0.0300559997558594
0.0064849853515625 -0.0933151245117188 0.019927978515625 0.0477676391601562
0.0461807250976563 -0.0922088623046875 0.00582504272460938 0.0480422973632813
0.0753402709960938 -0.0759429931640625 -0.0112361907958984 0.0259990692138672
0.119720458984375 -0.00934600830078125 -0.00430917739868163 0.00464391708374023
0.1239013671875 0.0256195068359375 0.0380897521972656 -0.0137939453125
0.113258361816406 0.0592498779296875 0.0919570922851563 0.0338134765625
0.0639305114746094 0.0557975769042969 0.129753112792969 -0.0261154174804687
0.0748672485351563 0.0433731079101563 0.136016845703125 -0.0199050903320312
0.0926132202148437 0.0138626098632812 0.0940780639648438 -0.02142333984375
0.0785446166992188 -0.0309600830078125 0.0674591064453125 -0.0210456848144531
0.0573463439941406 -0.0434989929199219 0.0392494201660156 -0.00141525268554688
0.02899169921875 -0.0697174072265625 0.0339279174804688 0.0131797790527344
0.00874328613281251 -0.0786361694335938 0.0427665710449219 0.0332794189453125
0.0109329223632813 -0.0752410888671875 0.0437583923339844 0.0491790771484375
0.00797271728515626 -0.08624267578125 0.040863037109375 0.0593490600585937
0.0261383056640625 -0.072967529296875 0.0129776000976562 0.0700225830078125
0.058685302734375 -0.0629043579101563 -0.00355529785156249 0.0607643127441406
0.0770263671875 -0.0413360595703125 -0.0142555236816406 0.0334091186523438
0.0976715087890625 0.022003173828125 -0.000567436218261714 0.0113143920898438
0.0877456665039063 0.0523529052734375 0.0564994812011719 -0.00136184692382812
0.0669136047363281 0.0694580078125 0.120147705078125 0.0589599609375
0.00396347045898438 0.0448684692382813 0.139488220214844 -0.012420654296875
0.0232696533203125 0.0416030883789063 0.138381958007813 -0.01611328125
0.0384101867675781 0.0258293151855469 0.0835800170898437 -0.0209426879882812
0.0413932800292969 0.000659942626953125 0.0573463439941406 -0.0112228393554688
0.0370712280273438 -0.00703048706054688 0.0311641693115234 0.00976181030273438
0.0330924987792969 -0.0313987731933594 0.0328464508056641 0.0333366394042969
0.0256729125976563 -0.046295166015625 0.0466957092285156 0.0554389953613281
0.0241661071777344 -0.0473747253417969 0.0438156127929687 0.070068359375
0.0259933471679687 -0.0577011108398437 0.0350189208984375 0.0836029052734375
0.0354499816894531 -0.0461654663085938 -0.000610351562500003 0.0881729125976563
0.0558128356933594 -0.031585693359375 -0.0183029174804688 0.0705718994140625
0.0626602172851563 -0.01068115234375 -0.0223350524902344 0.0416069030761719
0.0626564025878906 0.0401039123535156 -0.00616645812988281 0.0224094390869141
0.0410308837890625 0.06396484375 0.0602607727050781 0.0203323364257813
0.0128974914550781 0.0660858154296875 0.12725830078125 0.0850296020507813
0.0487632751464844 -0.044189453125 -0.125442504882813 -0.0899810791015625
-0.00492095947265625 -0.0462722778320313 -0.0594215393066406 -0.0358810424804687
-0.0261421203613281 -0.0338497161865234 0.0214443206787109 -0.0242500305175781
-0.0357513427734375 -0.0101280212402344 0.0453681945800781 -0.0520210266113281
-0.0307254791259766 -0.000867843627929684 0.0426712036132813 -0.0803604125976563
-0.0324478149414063 0.0171146392822266 0.00811004638671874 -0.106040954589844
-0.0352516174316406 0.0189323425292969 -0.0352783203125 -0.106437683105469
-0.0330085754394531 0.0136032104492187 -0.043304443359375 -0.0819473266601563
-0.0382537841796875 0.0138206481933594 -0.0463752746582031 -0.06048583984375
-0.0366935729980469 -0.00574493408203124 -0.0348243713378906 -0.039825439453125
-0.0293388366699219 -0.0247573852539062 -0.0358047485351563 -0.0120964050292969
-0.0142593383789062 -0.0367622375488281 -0.0519294738769531 0.00263977050781249
0.0136032104492188 -0.0441551208496094 -0.0781326293945313 0.0108261108398438
0.033538818359375 -0.0465087890625 -0.122383117675781 0.0214080810546875
0.0563430786132813 -0.0381011962890625 -0.133674621582031 0.00113677978515626
0.099365234375 -0.0175857543945313 -0.0975341796875 -0.105125427246094
0.0430908203125 -0.0282096862792969 -0.036834716796875 -0.0499801635742187
0.0265636444091797 -0.0278110504150391 0.0367431640625 -0.0309677124023437
0.00539207458496094 -0.0253334045410156 0.0577621459960937 -0.0594367980957031
0.000789642333984374 -0.0240325927734375 0.0534439086914062 -0.083587646484375
-0.0209941864013672 -0.0209255218505859 0.0190048217773437 -0.110984802246094
-0.0398292541503906 -0.0216598510742188 -0.0239715576171875 -0.109992980957031
-0.0391273498535156 -0.02435302734375 -0.0316925048828125 -0.0800628662109375
-0.0517005920410156 -0.0267181396484375 -0.0339622497558594 -0.0588531494140625
-0.0431785583496094 -0.0447921752929688 -0.0256614685058594 -0.0336627960205078
-0.0196952819824219 -0.0664291381835938 -0.0264930725097656 -0.00629806518554688
0.00984954833984375 -0.0732345581054687 -0.0425376892089844 0.00421905517578124
0.0605735778808594 -0.0574684143066406 -0.0600090026855469 0.0102462768554688
0.08575439453125 -0.0488433837890625 -0.096435546875 0.0160980224609375
0.108543395996094 -0.0235748291015625 -0.103309631347656 -0.000549316406250022
0.136360168457031 0.0129852294921875 -0.0556488037109375 -0.104698181152344
0.0883865356445312 -0.00373077392578125 -0.00395965576171874 -0.0529403686523438
0.0817718505859375 -0.0186080932617188 0.0558357238769531 -0.0323486328125
0.0515480041503906 -0.040130615234375 0.0696487426757813 -0.0636444091796875
0.034912109375 -0.0481986999511719 0.0590744018554688 -0.080291748046875
-0.005859375 -0.0584297180175781 0.0250015258789063 -0.105606079101563
-0.0391960144042969 -0.0597457885742188 -0.0115585327148437 -0.0978927612304688
-0.0394363403320313 -0.0587692260742188 -0.0155906677246094 -0.0650825500488281
-0.0583038330078125 -0.0628433227539063 -0.0148849487304688 -0.0472908020019531
-0.0452041625976563 -0.0756149291992188 -0.0122089385986328 -0.019256591796875
-0.0111541748046875 -0.09857177734375 -0.0154657363891602 0.00523853302001953
0.027069091796875 -0.101661682128906 -0.0326728820800781 0.00827598571777344
0.0956039428710938 -0.0677947998046875 -0.0420684814453125 0.00902557373046875
0.123176574707031 -0.0476531982421875 -0.0638542175292969 0.00692367553710938
0.144088745117188 -0.007659912109375 -0.0584182739257812 0.000556945800781253
0.154983520507813 0.038238525390625 -0.00337219238281248 -0.0923919677734375
0.122444152832031 0.0179901123046875 0.0367889404296875 -0.0477676391601563
0.127479553222656 -0.0122528076171875 0.0740966796875 -0.0297775268554688
0.090545654296875 -0.055572509765625 0.0774002075195313 -0.0609054565429688
0.0617713928222656 -0.0695457458496094 0.0598411560058594 -0.0677528381347656
0.0071563720703125 -0.088958740234375 0.0278472900390625 -0.0857315063476563
-0.034515380859375 -0.0892715454101563 0.00235748291015624 -0.072662353515625
-0.0343780517578125 -0.0841598510742188 0.00313949584960938 -0.0404243469238281
-0.0555419921875 -0.0888900756835938 0.00630569458007812 -0.0268993377685547
-0.0379562377929688 -0.0953292846679687 0.00317311286926269 0.000332117080688471
0.00157928466796874 -0.114784240722656 -0.00288200378417969 0.0180950164794922
0.0424346923828125 -0.114349365234375 -0.0232181549072266 0.0133304595947266
0.1175537109375 -0.066925048828125 -0.0273342132568359 0.00524330139160156
0.144302368164063 -0.0373687744140625 -0.028818130493164 -0.00631904602050781
0.15911865234375 0.0115966796875 -0.00581884384155272 0.00464820861816406
0.15008544921875 0.0530853271484375 0.0515289306640625 -0.0726776123046875
0.134544372558594 0.0324783325195313 0.0789794921875 -0.0385589599609375
0.148468017578125 -0.0081634521484375 0.0888137817382813 -0.0258255004882813
0.109916687011719 -0.0642547607421875 0.0792465209960937 -0.0496063232421875
0.0751953125 -0.0806808471679688 0.0557022094726563 -0.0467414855957031
0.016021728515625 -0.105110168457031 0.0300750732421875 -0.0547866821289063
-0.0254745483398438 -0.104423522949219 0.0176124572753906 -0.0376319885253906
-0.0236968994140625 -0.0962448120117187 0.0215911865234375 -0.0101947784423828
-0.0416488647460938 -0.103485107421875 0.0254669189453125 -0.00102996826171876
-0.0211715698242188 -0.102119445800781 0.0154094696044922 0.0230541229248047
0.0207443237304687 -0.114082336425781 0.00464439392089844 0.0327033996582031
0.0591506958007813 -0.10760498046875 -0.0155525207519531 0.0183696746826172
0.127960205078125 -0.0493011474609375 -0.0140419006347656 0.00162124633789062
0.146408081054688 -0.0127716064453125 0.00638103485107423 -0.0168638229370117
0.150436401367187 0.034027099609375 0.0472145080566406 0.0141067504882813
0.119903564453125 0.0581741333007813 0.0995559692382813 -0.0511322021484375
0.119010925292969 0.0396194458007813 0.115516662597656 -0.03076171875
0.137054443359375 -0.00156402587890625 0.0962982177734375 -0.023773193359375
0.104728698730469 -0.0579299926757813 0.075439453125 -0.0347900390625
0.0723724365234375 -0.0736846923828125 0.048370361328125 -0.0219497680664063
0.0210418701171875 -0.09906005859375 0.0326118469238281 -0.0185642242431641
-0.0130767822265625 -0.101448059082031 0.0333328247070313 -0.000261306762695319
-0.00927734375 -0.0943679809570312 0.0366630554199219 0.0209159851074219
-0.0207595825195312 -0.102943420410156 0.038665771484375 0.0295066833496094
0.00138092041015625 -0.0949554443359375 0.0189857482910156 0.0478057861328125
0.0420989990234375 -0.0972366333007813 0.004974365234375 0.0475502014160156
0.0730819702148437 -0.0819015502929688 -0.0122241973876953 0.0246372222900391
0.123580932617187 -0.0165023803710938 -0.00451135635375976 0.00205373764038086
0.129524230957031 0.0195999145507813 0.0362892150878906 -0.0174903869628906
0.12054443359375 0.0551605224609375 0.0924453735351563 0.0309371948242188
0.0699539184570313 0.0547332763671875 0.132286071777344 -0.0332717895507813
0.0797653198242188 0.0411376953125 0.13739013671875 -0.0259552001953125
0.0974960327148438 0.009552001953125 0.0933914184570312 -0.0240936279296875
0.0793075561523437 -0.0362930297851562 0.0679512023925781 -0.0214424133300781
0.0572471618652344 -0.0485954284667969 0.0410842895507813 -0.00153732299804688
0.02508544921875 -0.0739822387695313 0.0354156494140625 0.0127639770507812
0.00310516357421875 -0.0815963745117188 0.0451240539550781 0.0323028564453125
0.00618743896484374 -0.0780487060546875 0.0462913513183594 0.0488166809082031
0.00148773193359375 -0.0879592895507813 0.0426597595214844 0.0586585998535156
0.02166748046875 -0.0769500732421875 0.0135421752929688 0.070953369140625
0.0552711486816406 -0.068267822265625 -0.00441360473632812 0.0608787536621094
0.0762710571289063 -0.0477218627929687 -0.0142688751220703 0.0326251983642578
0.103096008300781 0.0167694091796875 -0.000930786132812495 0.0094146728515625
0.0942230224609375 0.0485382080078125 0.0567131042480469 -0.00531768798828125
0.0740890502929688 0.0684814453125 0.122535705566406 0.0549774169921875
0.00838470458984375 0.0459327697753906 0.143753051757813 -0.020416259765625
0.0275650024414062 0.0421066284179688 0.140541076660156 -0.022857666015625
0.0433158874511719 0.0245323181152344 0.0836105346679688 -0.023223876953125
0.0439605712890625 -0.00296783447265625 0.0584793090820313 -0.0115852355957031
0.0382308959960938 -0.0108528137207031 0.0323352813720703 0.0112838745117188
0.030517578125 -0.0353240966796875 0.0361518859863281 0.0331993103027344
0.0216636657714844 -0.0494842529296875 0.0511817932128906 0.0548896789550781
0.0208511352539063 -0.0503044128417969 0.0485877990722656 0.069122314453125
0.0208511352539062 -0.0608291625976562 0.0385894775390625 0.08367919921875
0.0319938659667969 -0.0499114990234375 0.00138092041015625 0.0902633666992188
0.0540733337402344 -0.0364570617675781 -0.0178375244140625 0.0714797973632813
0.0634078979492188 -0.0164108276367188 -0.0224456787109375 0.0413093566894531
0.0679359436035156 0.0373115539550781 -0.00494194030761718 0.0212211608886719
0.0475196838378906 0.0626258850097656 0.0618896484375 0.0166206359863281
0.0181159973144531 0.0673942565917969 0.132286071777344 0.080963134765625
0.0477294921875 -0.04864501953125 -0.134223937988281 -0.0866546630859375
-0.009033203125 -0.0468254089355469 -0.0637397766113281 -0.0317344665527344
-0.0300350189208984 -0.0325260162353516 0.0216197967529297 -0.024444580078125
-0.03753662109375 -0.00708007812500001 0.0454635620117188 -0.0539932250976563
-0.0310611724853516 0.00237655639648438 0.040924072265625 -0.0841064453125
-0.0306129455566406 0.0202407836914063 0.00469207763671875 -0.110145568847656
-0.0330581665039063 0.0217437744140625 -0.0424652099609375 -0.108528137207031
-0.0315361022949219 0.0156764984130859 -0.0504989624023437 -0.0827789306640625
-0.0362205505371094 0.0165138244628906 -0.0525169372558594 -0.0606040954589844
-0.036102294921875 -0.00287628173828126 -0.03961181640625 -0.0411529541015625
-0.0307941436767578 -0.0221920013427734 -0.0384941101074219 -0.0123176574707031
-0.0175552368164062 -0.0356903076171875 -0.0541038513183594 0.00332260131835938
0.00891876220703126 -0.0469970703125 -0.08026123046875 0.0127029418945312
0.0293388366699219 -0.0513496398925781 -0.126174926757813 0.0286941528320312
0.05462646484375 -0.04388427734375 -0.140945434570313 0.0094146728515625
0.101486206054688 -0.0235061645507813 -0.107170104980469 -0.102691650390625
0.0422935485839844 -0.0309257507324219 -0.0423469543457031 -0.0474357604980469
0.0247707366943359 -0.029571533203125 0.0367240905761719 -0.0322952270507813
0.00402641296386719 -0.0252113342285156 0.0578422546386719 -0.0628433227539063
0.000511169433593749 -0.0240154266357422 0.0524520874023437 -0.0879364013671875
-0.0213165283203125 -0.0196800231933594 0.0151596069335937 -0.116050720214844
-0.0414505004882813 -0.01959228515625 -0.0313873291015625 -0.112297058105469
-0.0409965515136719 -0.0230445861816406 -0.0383529663085937 -0.08074951171875
-0.0532722473144531 -0.0248489379882812 -0.0399894714355469 -0.0594100952148437
-0.0453567504882813 -0.042724609375 -0.0305805206298828 -0.0349540710449219
-0.0233078002929687 -0.0657424926757813 -0.0300617218017578 -0.0072021484375
0.0054473876953125 -0.0749588012695313 -0.0445709228515625 0.00368118286132812
0.0582733154296875 -0.06298828125 -0.0621604919433594 0.0112838745117188
0.0842437744140625 -0.056396484375 -0.101455688476563 0.021697998046875
0.110885620117188 -0.0311660766601563 -0.110206604003906 0.00593566894531248
0.142181396484375 0.0061492919921875 -0.0640716552734375 -0.104927062988281
0.0911178588867188 -0.00800323486328125 -0.00893402099609374 -0.0519676208496094
0.0838546752929688 -0.0238265991210938 0.0559768676757813 -0.0338478088378906
0.0510520935058594 -0.0434112548828125 0.0693397521972656 -0.0675430297851563
0.0342979431152344 -0.0520057678222656 0.0581130981445313 -0.085174560546875
-0.00806045532226563 -0.059967041015625 0.0207290649414063 -0.110122680664063
-0.0436363220214844 -0.05950927734375 -0.0180740356445313 -0.100685119628906
-0.0441513061523437 -0.0589179992675781 -0.0206298828125 -0.0662689208984375
-0.0631065368652344 -0.0617790222167969 -0.0207138061523438 -0.0472984313964844
-0.0496673583984375 -0.0750045776367188 -0.0163745880126953 -0.0205802917480469
-0.0167388916015625 -0.099884033203125 -0.018402099609375 0.00406455993652343
0.0216522216796875 -0.105735778808594 -0.0349216461181641 0.00806808471679686
0.09466552734375 -0.0761337280273438 -0.0444869995117188 0.00867843627929687
0.12420654296875 -0.05731201171875 -0.0681533813476563 0.00951004028320312
0.1494140625 -0.0164642333984375 -0.0640754699707031 0.00501251220703124
0.163482666015625 0.0311431884765625 -0.009246826171875 -0.0949783325195313
0.127578735351562 0.0124053955078125 0.0330810546875 -0.0494041442871094
0.133018493652344 -0.0202865600585938 0.0749740600585938 -0.0318450927734375
0.090606689453125 -0.061920166015625 0.077667236328125 -0.0634078979492188
0.06103515625 -0.076507568359375 0.0596542358398438 -0.0719757080078125
0.00365447998046875 -0.0923080444335937 0.024627685546875 -0.08978271484375
-0.040618896484375 -0.0900115966796875 -0.00262451171875 -0.074859619140625
-0.0400924682617188 -0.0859222412109375 -2.28881835937529E-05 -0.0415458679199219
-0.0619354248046875 -0.089019775390625 0.0022430419921875 -0.0276012420654297
-0.0443649291992187 -0.095977783203125 0.000250220298767087 -0.000286906957626349
-0.00490570068359375 -0.118186950683594 -0.00501823425292969 0.0174579620361328
0.0369415283203125 -0.120391845703125 -0.0254001617431641 0.0123958587646484
0.118476867675781 -0.0769271850585938 -0.0291576385498047 0.00440597534179688
0.147232055664063 -0.0477447509765625 -0.0324363708496094 -0.0057830810546875
0.166839599609375 0.003143310546875 -0.0090503692626953 0.00640010833740234
0.159347534179688 0.046966552734375 0.048492431640625 -0.077667236328125
0.14166259765625 0.027496337890625 0.0776824951171875 -0.0424346923828125
0.1553955078125 -0.0164794921875 0.0905075073242188 -0.0284500122070313
0.110641479492187 -0.0722732543945313 0.0804214477539063 -0.0525436401367188
0.0745315551757813 -0.0888671875 0.0566635131835938 -0.0502433776855469
0.0111160278320312 -0.109146118164063 0.0282135009765625 -0.0577583312988281
-0.0330429077148437 -0.105682373046875 0.0151176452636719 -0.0395164489746094
-0.0303878784179688 -0.0992279052734375 0.0207958221435547 -0.0111732482910156
-0.049713134765625 -0.104354858398438 0.0240840911865234 -0.00132942199707032
-0.02789306640625 -0.103645324707031 0.0141487121582031 0.0231761932373047
0.0145034790039063 -0.119621276855469 0.00371742248535156 0.0320453643798828
0.0547866821289063 -0.114356994628906 -0.0169906616210937 0.0179271697998047
0.131080627441406 -0.059051513671875 -0.0156354904174805 5.05447387695261E-05
0.15155029296875 -0.022735595703125 0.00315093994140626 -0.0186290740966797
0.160003662109375 0.0272674560546875 0.0466423034667969 0.01324462890625
0.128227233886719 0.0542526245117188 0.1002197265625 -0.0586776733398438
0.126312255859375 0.0349884033203125 0.116233825683594 -0.03656005859375
0.144149780273437 -0.0089569091796875 0.09796142578125 -0.0266342163085938
0.105445861816406 -0.0662612915039063 0.077423095703125 -0.0379714965820313
0.0717849731445313 -0.0814208984375 0.0508346557617188 -0.0235252380371094
0.015472412109375 -0.104171752929688 0.0325336456298828 -0.0208549499511719
-0.0205764770507812 -0.103469848632813 0.0340175628662109 -0.00125694274902344
-0.0161590576171875 -0.0973739624023438 0.0386505126953125 0.0202674865722656
-0.02923583984375 -0.104774475097656 0.039031982421875 0.0292396545410156
-0.00442504882812501 -0.0984344482421875 0.0191802978515625 0.0483474731445313
0.0368499755859375 -0.103256225585938 0.00429534912109375 0.047393798828125
0.0706024169921875 -0.089813232421875 -0.0135173797607422 0.0241641998291016
0.128654479980469 -0.0250244140625 -0.00571441650390624 0.000208854675292967
0.136474609375 0.01129150390625 0.0346660614013672 -0.0210895538330078
0.13055419921875 0.0510330200195313 0.0948638916015625 0.0280609130859375
0.0768508911132813 0.052825927734375 0.136283874511719 -0.0424728393554688
0.086456298828125 0.0391464233398438 0.139892578125 -0.03369140625
0.104148864746094 0.0037689208984375 0.0955581665039063 -0.0270462036132813
0.08087158203125 -0.0429153442382813 0.0702247619628906 -0.0234375
0.0579109191894531 -0.0551834106445312 0.0437469482421875 -0.00178146362304688
0.0209121704101563 -0.0789947509765625 0.037811279296875 0.0119400024414062
-0.00377655029296874 -0.0845489501953125 0.049285888671875 0.0313034057617187
0.000366210937499996 -0.081695556640625 0.0510330200195313 0.048370361328125
-0.005828857421875 -0.090850830078125 0.045501708984375 0.0592422485351563
0.0160598754882812 -0.0805892944335938 0.0150604248046875 0.0732650756835937
0.0516586303710937 -0.0746078491210938 -0.00349044799804687 0.0619316101074219
0.0764541625976562 -0.0549087524414062 -0.0162067413330078 0.0326271057128906
0.109626770019531 0.0109100341796875 -0.00120019912719726 0.00746726989746094
0.101943969726562 0.044281005859375 0.0570297241210938 -0.00975799560546875
0.0827560424804688 0.066864013671875 0.127754211425781 0.05084228515625
0.0127105712890625 0.0476150512695313 0.1494140625 -0.030548095703125
0.0328712463378906 0.0423431396484375 0.145065307617188 -0.031585693359375
0.04931640625 0.0230178833007813 0.084686279296875 -0.0265884399414063
0.0460166931152344 -0.007049560546875 0.06048583984375 -0.0124320983886719
0.0392723083496094 -0.0151748657226563 0.0362472534179688 0.0118598937988281
0.0281219482421875 -0.039764404296875 0.0405235290527344 0.0333595275878906
0.0167121887207031 -0.0529098510742188 0.0567741394042969 0.0541038513183594
0.0171470642089844 -0.0532112121582031 0.0540351867675781 0.069183349609375
0.0157012939453125 -0.0644187927246094 0.0434951782226562 0.0856781005859375
0.0278282165527344 -0.0539207458496094 0.00396728515625001 0.0934600830078125
0.05242919921875 -0.0424690246582031 -0.0174942016601562 0.07452392578125
0.0641288757324219 -0.0223312377929687 -0.0226287841796875 0.0421371459960937
0.074554443359375 0.033966064453125 -0.00410652160644531 0.0200729370117188
0.05401611328125 0.0618782043457031 0.0646247863769531 0.012054443359375
0.0250205993652344 0.0690040588378906 0.139816284179688 0.0774765014648438
0.044219970703125 -0.0544891357421875 -0.145828247070312 -0.080078125
-0.0137252807617187 -0.0468635559082031 -0.0687484741210938 -0.0259361267089844
-0.0356025695800781 -0.0305709838867187 0.0211315155029297 -0.0259647369384766
-0.0389862060546875 -0.00286483764648437 0.0447883605957031 -0.05810546875
-0.0316219329833984 0.00616645812988282 0.0383148193359375 -0.0897216796875
-0.0281715393066406 0.0240440368652344 -0.000991821289062506 -0.114959716796875
-0.0303077697753906 0.0256996154785156 -0.0518341064453125 -0.109275817871094
-0.029632568359375 0.0182781219482422 -0.059234619140625 -0.0821456909179687
-0.0339794158935547 0.0194015502929687 -0.0606422424316406 -0.0592384338378906
-0.0358734130859375 0.000720977783203125 -0.0461807250976563 -0.0409812927246094
-0.0326995849609375 -0.0191650390625 -0.0422325134277344 -0.0118255615234375
-0.02197265625 -0.0339450836181641 -0.056671142578125 0.00574493408203125
0.00357818603515625 -0.0484542846679687 -0.08319091796875 0.0171279907226563
0.0239486694335938 -0.0564651489257813 -0.130035400390625 0.0387802124023438
0.052093505859375 -0.0502090454101563 -0.14910888671875 0.02197265625
0.103324890136719 -0.0317153930664062 -0.11895751953125 -0.098663330078125
0.04107666015625 -0.0341758728027344 -0.0488929748535156 -0.0433845520019531
0.0230827331542969 -0.0320816040039063 0.0363006591796875 -0.0338821411132813
0.00236701965332031 -0.0248641967773438 0.0568389892578125 -0.0674629211425781
-0.00101661682128906 -0.024169921875 0.0496749877929688 -0.0941619873046875
-0.0218372344970703 -0.0180072784423828 0.00811004638671875 -0.121238708496094
-0.0427360534667969 -0.0164337158203125 -0.0414199829101563 -0.113716125488281
-0.0427780151367188 -0.0212669372558594 -0.0467681884765625 -0.0808029174804687
-0.0557823181152344 -0.0216026306152344 -0.0481300354003906 -0.0577316284179687
-0.0482978820800781 -0.0400886535644531 -0.0361061096191406 -0.0352859497070313
-0.0284690856933594 -0.0647697448730469 -0.0332870483398438 -0.0072479248046875
-0.00118255615234375 -0.076507568359375 -0.0478172302246094 0.00501632690429687
0.0531463623046875 -0.0699615478515625 -0.0644721984863281 0.0141029357910156
0.0806961059570313 -0.0655288696289063 -0.105026245117188 0.0299835205078125
0.111747741699219 -0.041961669921875 -0.1177978515625 0.0161666870117187
0.149124145507813 -0.004425048828125 -0.0747909545898438 -0.104293823242188
0.0940322875976563 -0.0141220092773437 -0.0148849487304687 -0.0507316589355469
0.0851287841796875 -0.0308914184570313 0.0562171936035156 -0.0367965698242187
0.0496406555175781 -0.0478324890136719 0.0685806274414063 -0.0726394653320313
0.0323677062988281 -0.055999755859375 0.0563735961914063 -0.0919036865234375
-0.0122756958007813 -0.0612373352050781 0.0137176513671875 -0.115707397460938
-0.0490570068359375 -0.0578155517578125 -0.0265960693359375 -0.102622985839844
-0.0495719909667969 -0.0586471557617187 -0.0269813537597656 -0.0667495727539063
-0.0690269470214844 -0.0588569641113281 -0.0274658203125 -0.0471839904785156
-0.0559463500976563 -0.0733489990234375 -0.0206127166748047 -0.0208034515380859
-0.0248260498046875 -0.100479125976563 -0.0207118988037109 0.00359344482421875
0.01373291015625 -0.110382080078125 -0.0377693176269531 0.00866699218749999
0.09136962890625 -0.0871124267578125 -0.0471687316894531 0.00985336303710938
0.122688293457031 -0.0703506469726563 -0.0724105834960937 0.0147705078125
0.154266357421875 -0.029144287109375 -0.0693740844726562 0.01123046875
0.172637939453125 0.0206756591796875 -0.0173797607421875 -0.0980606079101562
0.134429931640625 0.0044097900390625 0.0284576416015625 -0.0503044128417969
0.137229919433594 -0.0316085815429688 0.0767135620117188 -0.0349807739257813
0.089385986328125 -0.0703887939453125 0.0768661499023438 -0.0696640014648438
0.05853271484375 -0.0842819213867188 0.057708740234375 -0.0784378051757813
-0.00284576416015625 -0.096160888671875 0.0191650390625 -0.0947952270507813
-0.0492019653320313 -0.0894851684570313 -0.00918579101562501 -0.0764389038085938
-0.048309326171875 -0.0860824584960937 -0.00344085693359375 -0.0425872802734375
-0.0715103149414063 -0.087066650390625 -0.00262451171875001 -0.0279922485351563
-0.0523300170898437 -0.0956268310546875 -0.00255846977233887 -0.000825166702270514
-0.0141448974609375 -0.121253967285156 -0.00707626342773438 0.0174264907836914
0.0286636352539063 -0.127655029296875 -0.0272407531738281 0.0133552551269531
0.11737060546875 -0.08990478515625 -0.0316810607910156 0.00397109985351563
0.148300170898438 -0.0622406005859375 -0.0367584228515625 -0.00415420532226562
0.174636840820313 -0.01007080078125 -0.0120096206665039 0.00894737243652344
0.170364379882813 0.0378265380859375 0.0442352294921875 -0.0839767456054688
0.14935302734375 0.0182952880859375 0.075531005859375 -0.0469970703125
0.16156005859375 -0.0296783447265625 0.092437744140625 -0.0328140258789063
0.109428405761719 -0.0834732055664062 0.080657958984375 -0.057830810546875
0.0710830688476563 -0.0995941162109375 0.0568046569824219 -0.055084228515625
0.00286102294921874 -0.114395141601563 0.0246391296386719 -0.0606765747070313
-0.0436782836914063 -0.106735229492187 0.0123252868652344 -0.0411415100097656
-0.0397720336914062 -0.100837707519531 0.0201549530029297 -0.0122032165527344
-0.06072998046875 -0.103782653808594 0.0219306945800781 -0.00174331665039063
-0.0369796752929688 -0.105255126953125 0.0134086608886719 0.0230731964111328
0.00572967529296875 -0.124588012695313 0.0028228759765625 0.0323505401611328
0.047607421875 -0.123260498046875 -0.0187911987304688 0.0182723999023437
0.132171630859375 -0.0727081298828125 -0.01824951171875 -0.00183486938476563
0.155609130859375 -0.0366058349609375 -0.000715255737304678 -0.0206069946289063
0.170425415039063 0.016082763671875 0.0467414855957031 0.0115890502929688
0.138725280761719 0.0469970703125 0.0998687744140625 -0.0679397583007813
0.13433837890625 0.0270767211914063 0.116142272949219 -0.044647216796875
0.150802612304688 -0.0211334228515625 0.100273132324219 -0.031341552734375
0.105171203613281 -0.077239990234375 0.0786361694335938 -0.0422592163085938
0.0686264038085938 -0.0922012329101563 0.0523948669433594 -0.0272331237792969
0.00736999511718749 -0.109703063964844 0.0326175689697266 -0.0226268768310547
-0.0315933227539062 -0.105461120605469 0.0349407196044922 -0.00329017639160157
-0.0257339477539063 -0.100433349609375 0.0421295166015625 0.0188713073730469
-0.0401382446289063 -0.105827331542969 0.0411529541015625 0.0278434753417969
-0.0130767822265625 -0.101814270019531 0.0208587646484375 0.049560546875
0.0295944213867188 -0.110557556152344 0.00515365600585938 0.0484962463378906
0.066162109375 -0.0991973876953125 -0.0144004821777344 0.02459716796875
0.133460998535156 -0.0370330810546875 -0.00725221633911132 -0.00175762176513672
0.143310546875 0.0006561279296875 0.032562255859375 -0.0254917144775391
0.141555786132813 0.0433349609375 0.0985183715820313 0.0230331420898438
0.0850448608398438 0.0497055053710938 0.138427734375 -0.055023193359375
0.093994140625 0.0346527099609375 0.141769409179688 -0.0442047119140625
0.110511779785156 -0.00441741943359375 0.0972518920898438 -0.031585693359375
0.0809783935546875 -0.05157470703125 0.0720138549804688 -0.0271224975585938
0.0565299987792969 -0.0634193420410156 0.0470314025878906 -0.00362014770507813
0.0136642456054688 -0.0842514038085938 0.0403709411621094 0.0100021362304687
-0.0126800537109375 -0.0873031616210938 0.0533790588378906 0.0296516418457031
-0.00785827636718749 -0.0850067138671875 0.0566940307617188 0.04681396484375
-0.01495361328125 -0.0936813354492187 0.0506858825683594 0.0590362548828125
0.00906372070312499 -0.0848007202148438 0.0184707641601563 0.0754547119140625
0.0475997924804688 -0.0825042724609375 -0.00220870971679687 0.0641212463378906
0.074493408203125 -0.0640029907226563 -0.0156764984130859 0.0331783294677734
0.116432189941406 0.00159454345703125 -0.00117731094360351 0.00564861297607422
0.110427856445313 0.0373687744140625 0.0574760437011719 -0.0154037475585938
0.0930938720703125 0.0634613037109375 0.134262084960938 0.0441665649414063
0.0183143615722656 0.0483627319335938 0.1546630859375 -0.043487548828125
0.0392913818359375 0.0416259765625 0.148101806640625 -0.0434417724609375
0.05535888671875 0.0189437866210938 0.0863723754882813 -0.0309371948242187
0.0479507446289063 -0.0123291015625 0.0631332397460938 -0.0155677795410156
0.0396842956542969 -0.0208168029785156 0.0406074523925781 0.0114974975585938
0.0244674682617188 -0.0440521240234375 0.0457382202148438 0.0319557189941406
0.0110206604003906 -0.0564918518066406 0.0643424987792969 0.051361083984375
0.0118484497070312 -0.0571022033691406 0.0621871948242188 0.0677566528320312
0.00880432128906249 -0.0673637390136719 0.0512619018554687 0.0856857299804687
0.02288818359375 -0.0580711364746094 0.00890350341796876 0.0977325439453125
0.0501480102539063 -0.0489921569824219 -0.0150070190429687 0.077789306640625
0.0653953552246094 -0.0290718078613281 -0.0223159790039063 0.0441322326660156
0.0816421508789063 0.0289382934570313 -0.00260734558105468 0.0193195343017578
0.0622329711914063 0.0600509643554687 0.0677223205566406 0.00619125366210938
0.0323677062988281 0.0700531005859375 0.149948120117188 0.070465087890625
0.0394248962402344 -0.0595321655273438 -0.15557861328125 -0.0673980712890625
-0.0182876586914062 -0.0458221435546875 -0.0722427368164063 -0.0176467895507812
-0.0400505065917969 -0.0262832641601563 0.019744873046875 -0.0269813537597656
-0.0408248901367188 0.002471923828125 0.0413475036621094 -0.0615806579589844
-0.0307025909423828 0.0109081268310547 0.0324783325195313 -0.0943145751953125
-0.024383544921875 0.0273017883300781 -0.0100936889648437 -0.117507934570313
-0.0267009735107422 0.0291099548339844 -0.0629653930664063 -0.107208251953125
-0.0273933410644531 0.0211982727050781 -0.0691757202148437 -0.0778884887695313
-0.0309524536132813 0.0223464965820313 -0.0689506530761719 -0.0540542602539063
-0.0342235565185547 0.00410270690917968 -0.0517578125 -0.0386505126953125
-0.0340976715087891 -0.0146942138671875 -0.045379638671875 -0.0104446411132813
-0.0257034301757813 -0.0303592681884766 -0.0586700439453125 0.00907516479492186
-0.00368118286132813 -0.0496406555175781 -0.0837249755859375 0.0240020751953125
0.0173377990722656 -0.0596504211425781 -0.129653930664063 0.0523300170898438
0.0465927124023438 -0.0573081970214844 -0.152328491210937 0.03826904296875
0.102241516113281 -0.0423965454101563 -0.131034851074219 -0.0886993408203125
0.0380897521972656 -0.0382156372070313 -0.0542831420898438 -0.0367240905761719
0.0197029113769531 -0.0341129302978516 0.034515380859375 -0.0365829467773438
0.000164031982421874 -0.0242462158203125 0.0524215698242188 -0.0727157592773438
-0.00249481201171875 -0.0241298675537109 0.043304443359375 -0.0999069213867188
-0.0222244262695313 -0.0159339904785156 -0.00246429443359376 -0.124778747558594
-0.0436782836914063 -0.0125083923339844 -0.0531845092773438 -0.11175537109375
-0.0450706481933594 -0.0179672241210937 -0.0560989379882813 -0.077850341796875
-0.0570297241210937 -0.0168190002441406 -0.0565834045410156 -0.0537986755371094
-0.05108642578125 -0.0354881286621094 -0.0427322387695313 -0.0335540771484375
-0.03436279296875 -0.0615425109863281 -0.0365486145019531 -0.00539779663085938
-0.0088043212890625 -0.0765838623046875 -0.0496788024902344 0.00752639770507811
0.0458831787109375 -0.0765762329101563 -0.0659103393554688 0.0182571411132813
0.0737838745117188 -0.0752944946289063 -0.105720520019531 0.040679931640625
0.109451293945312 -0.054229736328125 -0.121330261230469 0.0292739868164063
0.151626586914062 -0.0184173583984375 -0.0866851806640625 -0.0981597900390625
0.0949859619140625 -0.022216796875 -0.0216560363769531 -0.0476837158203125
0.0842514038085938 -0.0398025512695313 0.0551109313964844 -0.040130615234375
0.0464401245117188 -0.0524940490722656 0.0643310546875 -0.0784378051757813
0.0285873413085938 -0.0602760314941406 0.0504608154296875 -0.0981826782226563
-0.0167999267578125 -0.0607872009277344 0.00360107421875 -0.118873596191406
-0.0552253723144531 -0.0533294677734375 -0.037750244140625 -0.101631164550781
-0.0559005737304688 -0.0546493530273437 -0.0348701477050781 -0.0649909973144531
-0.075927734375 -0.0528488159179688 -0.0345458984375 -0.0450553894042969
-0.0630149841308594 -0.0686111450195313 -0.0256385803222656 -0.0196018218994141
-0.0338973999023437 -0.098785400390625 -0.0236644744873047 0.00447463989257812
0.00325012207031249 -0.112579345703125 -0.0400581359863281 0.00986099243164061
0.0832443237304688 -0.0976409912109375 -0.04888916015625 0.0122604370117187
0.1165771484375 -0.0841293334960937 -0.0743789672851562 0.02227783203125
0.154556274414063 -0.045166015625 -0.073211669921875 0.0197906494140625
0.179779052734375 0.0042724609375 -0.0276565551757812 -0.09747314453125
0.137649536132813 -0.00751495361328125 0.0228652954101563 -0.0511741638183594
0.137313842773438 -0.0459442138671875 0.0756378173828125 -0.0400238037109375
0.0839385986328125 -0.0804367065429688 0.0736770629882813 -0.0759201049804688
0.0519866943359375 -0.0919570922851563 0.053375244140625 -0.084686279296875
-0.01214599609375 -0.0970687866210938 0.0106124877929688 -0.0974655151367188
-0.0590133666992187 -0.0859603881835937 -0.0164108276367187 -0.0763320922851562
-0.05816650390625 -0.0830230712890625 -0.00817108154296876 -0.0422821044921875
-0.0810089111328125 -0.0813674926757812 -0.00682258605957032 -0.0270366668701172
-0.0623550415039062 -0.0915374755859375 -0.00531530380249024 -0.000497817993164069
-0.0262374877929688 -0.121223449707031 -0.00875568389892579 0.0166091918945312
0.0162887573242187 -0.132240295410156 -0.0292224884033203 0.0138263702392578
0.110366821289063 -0.104011535644531 -0.0338897705078125 0.00450706481933593
0.143966674804688 -0.0783233642578125 -0.040252685546875 -0.000473022460937504
0.178619384765625 -0.026885986328125 -0.0143356323242187 0.0117835998535156
0.17840576171875 0.022857666015625 0.0366744995117188 -0.0897979736328125
0.155349731445313 0.005462646484375 0.0709991455078125 -0.0522689819335937
0.162826538085938 -0.0470428466796875 0.0922317504882813 -0.038970947265625
0.103370666503906 -0.0959701538085938 0.0787582397460937 -0.0643157958984375
0.0630722045898437 -0.10931396484375 0.0542678833007813 -0.0609779357910156
-0.00852203369140626 -0.116859436035156 0.0191497802734375 -0.0632972717285156
-0.0558853149414063 -0.10357666015625 0.00889205932617188 -0.0419654846191406
-0.0510101318359375 -0.0991744995117187 0.0200424194335937 -0.0138664245605469
-0.0726242065429688 -0.0988311767578125 0.0206279754638672 -0.00302124023437501
-0.0478363037109375 -0.102798461914063 0.0128307342529297 0.02276611328125
-0.00716400146484376 -0.126884460449219 0.0030670166015625 0.0323829650878906
0.0361328125 -0.130027770996094 -0.0200252532958984 0.018585205078125
0.128776550292969 -0.0876312255859375 -0.0205135345458984 -0.00209808349609375
0.154495239257813 -0.053497314453125 -0.00451469421386718 -0.0210208892822266
0.176925659179688 -0.00018310546875 0.0462303161621094 0.00852203369140625
0.147537231445313 0.035125732421875 0.0952987670898438 -0.079345703125
0.140281677246094 0.0157089233398437 0.11334228515625 -0.0545654296875
0.152969360351563 -0.0368499755859375 0.100494384765625 -0.0385589599609375
0.0995864868164063 -0.089141845703125 0.07781982421875 -0.0483627319335938
0.0615005493164062 -0.102241516113281 0.0529670715332031 -0.0320396423339844
-0.00407409667968751 -0.112686157226563 0.0308341979980469 -0.0254135131835938
-0.0438613891601562 -0.103523254394531 0.0351390838623047 -0.00617599487304688
-0.0367050170898438 -0.0996780395507812 0.0444183349609375 0.0158309936523437
-0.05206298828125 -0.102989196777344 0.0430870056152344 0.0260505676269531
-0.02410888671875 -0.101470947265625 0.023590087890625 0.0491180419921875
0.0184783935546875 -0.115303039550781 0.006866455078125 0.0484619140625
0.057342529296875 -0.108283996582031 -0.01470947265625 0.0250968933105469
0.133865356445313 -0.05267333984375 -0.00947856903076171 -0.00360774993896485
0.146347045898438 -0.0142364501953125 0.0286731719970703 -0.0299510955810547
0.150375366210938 0.0308380126953125 0.100257873535156 0.0152816772460938
0.0927200317382813 0.0425567626953125 0.136978149414063 -0.069854736328125
0.0995941162109375 0.0268173217773438 0.139678955078125 -0.0572967529296875
0.114021301269531 -0.0159683227539063 0.09735107421875 -0.0389480590820312
0.0781936645507813 -0.061126708984375 0.072723388671875 -0.0322113037109375
0.0507888793945312 -0.0720443725585938 0.0490684509277344 -0.00745391845703125
0.00507354736328125 -0.0876007080078125 0.0429153442382813 0.00774765014648437
-0.0234756469726562 -0.0868911743164063 0.0578765869140625 0.0253219604492187
-0.017578125 -0.0856399536132813 0.0629310607910156 0.0422744750976562
-0.0259780883789063 -0.09283447265625 0.0564117431640625 0.0564956665039062
0.000396728515624996 -0.0869674682617187 0.024200439453125 0.07647705078125
0.0393218994140625 -0.0892181396484375 0.00105667114257813 0.0659751892089844
0.0695724487304688 -0.07330322265625 -0.0148944854736328 0.0340938568115234
0.11993408203125 -0.0109786987304688 -0.00202202796936034 0.00303053855895996
0.116989135742187 0.0268020629882812 0.0556259155273438 -0.0224227905273437
0.103599548339844 0.0561141967773438 0.139938354492188 0.0333099365234375
0.02410888671875 0.0481910705566406 0.154449462890625 -0.060638427734375
0.0453720092773438 0.0389404296875 0.146835327148438 -0.0586090087890625
0.06060791015625 0.0135536193847656 0.0855636596679688 -0.0372772216796875
0.0481147766113281 -0.0185432434082031 0.0642356872558594 -0.0197296142578125
0.0383682250976563 -0.0267257690429688 0.0433502197265625 0.00915908813476562
0.018768310546875 -0.0481452941894531 0.0505332946777344 0.0290412902832031
0.00391387939453125 -0.058441162109375 0.0716400146484375 0.0463638305664062
0.00441360473632813 -0.0585556030273438 0.0702629089355469 0.0626220703125
0.000759124755859379 -0.0686378479003906 0.059539794921875 0.0834274291992188
0.0163803100585938 -0.061370849609375 0.0171279907226563 0.099700927734375
0.0452003479003906 -0.0557899475097656 -0.0103378295898437 0.0811691284179688
0.062957763671875 -0.036956787109375 -0.0202713012695312 0.0458869934082031
0.0873489379882813 0.0206069946289063 -0.00169181823730468 0.0173511505126953
0.0704193115234375 0.054229736328125 0.0687255859375 -0.00164794921875
0.0409698486328125 0.0678977966308594 0.15863037109375 0.0584259033203125
0.0320320129394531 -0.0627555847167969 -0.159423828125 -0.052154541015625
-0.0229644775390625 -0.0431900024414062 -0.0723114013671875 -0.00861358642578126
-0.0429000854492188 -0.0214195251464844 0.0178871154785156 -0.0274105072021484
-0.0399894714355469 0.007476806640625 0.0363082885742188 -0.0631942749023437
-0.0287532806396484 0.0145225524902344 0.0253524780273437 -0.0952224731445313
-0.0196170806884766 0.0291347503662109 -0.0192184448242188 -0.115913391113281
-0.0211505889892578 0.0298995971679688 -0.0721588134765625 -0.09954833984375
-0.0240612030029297 0.0229816436767578 -0.0762252807617188 -0.0707244873046875
-0.0273456573486328 0.0239639282226563 -0.0743331909179688 -0.0468826293945313
-0.0314388275146484 0.00752067565917969 -0.056640625 -0.03497314453125
-0.0335845947265625 -0.00983428955078126 -0.0473403930664063 -0.00745391845703125
-0.0290012359619141 -0.0260124206542969 -0.0581016540527344 0.0129737854003906
-0.0101432800292969 -0.0471343994140625 -0.0811233520507813 0.0304031372070313
0.00960540771484375 -0.0601615905761719 -0.123939514160156 0.062957763671875
0.0396728515625 -0.0612754821777344 -0.148956298828125 0.05352783203125
0.0964202880859375 -0.051483154296875 -0.137580871582031 -0.0749893188476563
0.0344047546386719 -0.0403861999511719 -0.056640625 -0.0286788940429688
0.0159835815429688 -0.0351943969726563 0.0315170288085938 -0.0377655029296875
-0.00199508666992187 -0.0225715637207031 0.046783447265625 -0.0750885009765625
-0.00443458557128906 -0.0225925445556641 0.0348434448242188 -0.1019287109375
-0.0220851898193359 -0.0134754180908203 -0.0126571655273437 -0.12335205078125
-0.0425376892089844 -0.00833511352539062 -0.06304931640625 -0.105171203613281
-0.0450057983398438 -0.0141029357910156 -0.0630569458007812 -0.0711746215820313
-0.0569801330566406 -0.0118331909179687 -0.0624847412109375 -0.0478591918945312
-0.0522651672363281 -0.0299949645996094 -0.0472793579101563 -0.029510498046875
-0.0385665893554688 -0.0560836791992188 -0.0383682250976563 -0.00395584106445312
-0.0160293579101563 -0.073272705078125 -0.0504493713378906 0.0109939575195312
0.0360565185546875 -0.07891845703125 -0.0650711059570313 0.0229949951171875
0.0634231567382813 -0.0808792114257813 -0.101852416992188 0.049896240234375
0.101669311523438 -0.0643768310546875 -0.119331359863281 0.0421524047851562
0.148529052734375 -0.03277587890625 -0.0953445434570312 -0.0885391235351563
0.0916748046875 -0.0304031372070312 -0.0260505676269531 -0.04132080078125
0.0792617797851562 -0.0471343994140625 0.0517082214355469 -0.0428733825683594
0.0405387878417969 -0.0550689697265625 0.0582656860351563 -0.0812225341796875
0.0227012634277344 -0.0617218017578125 0.0417633056640625 -0.101043701171875
-0.0212249755859375 -0.0581512451171875 -0.00686645507812499 -0.117210388183594
-0.0578346252441406 -0.0475921630859375 -0.0470428466796875 -0.0959548950195313
-0.0598373413085938 -0.0493850708007813 -0.0410995483398438 -0.0598907470703125
-0.0794296264648438 -0.044830322265625 -0.0397911071777344 -0.0397377014160156
-0.0672264099121094 -0.0611114501953125 -0.029754638671875 -0.0169754028320313
-0.0424270629882813 -0.0931396484375 -0.0248374938964844 0.00571441650390624
-0.00790405273437499 -0.110145568847656 -0.0407142639160156 0.0122528076171875
0.0715713500976563 -0.104400634765625 -0.0487403869628906 0.0148963928222656
0.105064392089844 -0.0944442749023437 -0.0731353759765625 0.029388427734375
0.148818969726563 -0.059783935546875 -0.0725784301757812 0.028717041015625
0.1788330078125 -0.0123748779296875 -0.036773681640625 -0.0932769775390625
0.135665893554687 -0.0199432373046875 0.0164604187011719 -0.0488548278808594
0.132301330566406 -0.0586395263671875 0.0722732543945313 -0.0438919067382813
0.0755767822265625 -0.0865554809570313 0.0675125122070313 -0.07904052734375
0.0430450439453125 -0.0968246459960938 0.0464324951171875 -0.0874786376953125
-0.0203399658203125 -0.0945816040039063 0.00163269042968749 -0.0962066650390625
-0.0656661987304688 -0.0784683227539063 -0.0240631103515625 -0.0727310180664063
-0.065216064453125 -0.07708740234375 -0.0119590759277344 -0.0405387878417969
-0.0877456665039063 -0.0719146728515625 -0.01104736328125 -0.0252208709716797
-0.0692367553710938 -0.0833969116210938 -0.00770902633666993 -0.000220298767089848
-0.0371627807617188 -0.116798400878906 -0.00929546356201172 0.0172061920166016
0.00376892089843749 -0.130828857421875 -0.0299930572509766 0.0145721435546875
0.0984268188476563 -0.113761901855469 -0.0356369018554688 0.00597381591796874
0.132858276367188 -0.0914306640625 -0.042022705078125 0.003692626953125
0.1746826171875 -0.0440216064453125 -0.0152254104614258 0.0149507522583008
0.179550170898438 0.005950927734375 0.0277862548828125 -0.0917129516601563
0.154083251953125 -0.0084228515625 0.0636558532714844 -0.0553741455078125
0.157958984375 -0.062286376953125 0.0887298583984375 -0.0443801879882813
0.093597412109375 -0.103912353515625 0.0733108520507813 -0.068695068359375
0.05230712890625 -0.114830017089844 0.0494651794433594 -0.0640640258789063
-0.01947021484375 -0.113876342773438 0.0134201049804688 -0.0635185241699219
-0.064849853515625 -0.0954360961914063 0.005096435546875 -0.0412521362304688
-0.0605010986328125 -0.09259033203125 0.0179824829101562 -0.0151615142822266
-0.08074951171875 -0.089691162109375 0.0186271667480469 -0.00367355346679688
-0.0567474365234375 -0.0960159301757812 0.0125827789306641 0.0220985412597656
-0.0193557739257813 -0.124221801757813 0.00350761413574218 0.0314369201660156
0.0225677490234375 -0.131805419921875 -0.0205631256103516 0.0186271667480469
0.118301391601563 -0.100112915039063 -0.0230789184570312 -0.0016918182373047
0.146408081054688 -0.0682525634765625 -0.00808715820312499 -0.0203056335449219
0.175796508789063 -0.017364501953125 0.0443649291992188 0.00598526000976562
0.150680541992188 0.021240234375 0.0866775512695313 -0.0868453979492188
0.141464233398438 0.0030059814453125 0.105583190917969 -0.0619583129882813
0.149490356445313 -0.051177978515625 0.0968093872070313 -0.0449066162109375
0.0899887084960938 -0.09716796875 0.074127197265625 -0.05364990234375
0.0510406494140625 -0.107215881347656 0.0501976013183594 -0.0356521606445313
-0.01507568359375 -0.110343933105469 0.0286521911621094 -0.0268592834472656
-0.0538101196289062 -0.0970306396484375 0.03485107421875 -0.00837707519531251
-0.0468063354492188 -0.094818115234375 0.0461196899414063 0.0117607116699219
-0.0623626708984375 -0.0957489013671875 0.0430183410644531 0.0226402282714844
-0.033782958984375 -0.0967178344726563 0.0260162353515625 0.04718017578125
0.00667572021484375 -0.115615844726563 0.00854873657226563 0.0475273132324219
0.046875 -0.112442016601562 -0.0145721435546875 0.0246906280517578
0.127410888671875 -0.065704345703125 -0.0114049911499023 -0.00451087951660157
0.143035888671875 -0.028076171875 0.0240211486816406 -0.0325527191162109
0.153564453125 0.01568603515625 0.0988235473632813 0.00696563720703125
0.096923828125 0.0339584350585938 0.128410339355469 -0.0820465087890625
0.101905822753906 0.0172348022460938 0.131294250488281 -0.067901611328125
0.113265991210938 -0.027008056640625 0.0939559936523437 -0.0450210571289062
0.0716629028320313 -0.0681533813476563 0.0699729919433594 -0.0375480651855469
0.0430984497070312 -0.0770187377929688 0.0488777160644531 -0.0106925964355469
-0.00496673583984375 -0.0866012573242188 0.0430374145507813 0.00485992431640624
-0.03289794921875 -0.0826263427734375 0.0600204467773438 0.0196914672851563
-0.026763916015625 -0.0822982788085938 0.0659255981445313 0.036376953125
-0.0362014770507813 -0.0880279541015625 0.0601806640625 0.0509109497070312
-0.00899505615234374 -0.0852279663085937 0.0294189453125 0.0745468139648438
0.0289535522460938 -0.0921249389648438 0.00470352172851563 0.0651092529296875
0.0611114501953125 -0.0795516967773438 -0.0135078430175781 0.0337371826171875
0.118743896484375 -0.0234909057617188 -0.00328826904296874 0.00137948989868164
0.118057250976563 0.0147476196289063 0.0511741638183594 -0.0281143188476562
0.108596801757813 0.0448837280273438 0.139549255371094 0.020355224609375
0.0300674438476563 0.0455322265625 0.147384643554688 -0.07537841796875
0.0495147705078125 0.0340995788574219 0.138687133789062 -0.0710525512695313
0.0629119873046875 0.00613021850585938 0.0818557739257813 -0.0431442260742188
0.046112060546875 -0.0243797302246094 0.0629310607910156 -0.0240478515625
0.0350513458251953 -0.0315189361572266 0.0453147888183594 0.00608062744140625
0.0124473571777344 -0.0496940612792969 0.0536308288574219 0.02435302734375
-0.00415802001953125 -0.0565528869628906 0.0757598876953125 0.03936767578125
-0.00228118896484376 -0.0580558776855469 0.076202392578125 0.0550994873046875
-0.00766372680664062 -0.0666007995605469 0.0659103393554688 0.0770034790039063
0.008697509765625 -0.0608024597167969 0.0248641967773437 0.098358154296875
0.0376968383789063 -0.0597114562988281 -0.00525665283203125 0.0807113647460938
0.058380126953125 -0.0432968139648438 -0.0173721313476563 0.0460472106933594
0.0899658203125 0.0111923217773438 -0.00141716003417968 0.0151557922363281
0.07586669921875 0.0463485717773438 0.0660629272460938 -0.00945281982421875
0.0483665466308594 0.0623855590820312 0.160629272460938 0.0431671142578125
0.0257949829101563 -0.0629005432128906 -0.157119750976562 -0.040252685546875
-0.0255317687988281 -0.0396194458007813 -0.0695304870605469 -0.00209045410156249
-0.0431976318359375 -0.0160331726074219 0.0152969360351562 -0.0262527465820313
-0.0377159118652344 0.0116348266601563 0.0330047607421875 -0.0619010925292969
-0.0263557434082031 0.0164718627929687 0.0204620361328125 -0.0932388305664063
-0.0148868560791016 0.0294437408447266 -0.0245208740234375 -0.111640930175781
-0.0166072845458984 0.0300636291503906 -0.076751708984375 -0.0918807983398438
-0.021240234375 0.0228729248046875 -0.0789642333984375 -0.0632171630859375
-0.0238723754882812 0.0236797332763672 -0.0764007568359375 -0.039825439453125
-0.0283374786376953 0.00894355773925781 -0.0592842102050781 -0.0311279296875
-0.0323371887207031 -0.00646018981933595 -0.0479736328125 -0.00601959228515625
-0.0300025939941406 -0.0218048095703125 -0.0569915771484375 0.0150070190429687
-0.0144195556640625 -0.0442543029785156 -0.0775985717773438 0.0329055786132812
0.00303268432617188 -0.0585060119628906 -0.116058349609375 0.0693435668945312
0.0332298278808594 -0.0622482299804687 -0.141738891601563 0.0634002685546875
0.089691162109375 -0.0564346313476563 -0.137741088867188 -0.0633926391601563
0.0306930541992188 -0.0411529541015625 -0.0563850402832031 -0.021240234375
0.0129528045654297 -0.0347194671630859 0.0287857055664063 -0.0372543334960937
-0.00364112854003906 -0.0203762054443359 0.041900634765625 -0.0738449096679688
-0.00561714172363281 -0.0211982727050781 0.0290756225585938 -0.100692749023438
-0.0208015441894531 -0.0118427276611328 -0.0194778442382813 -0.118865966796875
-0.0400428771972656 -0.00564956665039062 -0.0683135986328125 -0.0971832275390625
-0.0441551208496094 -0.0109786987304688 -0.0667190551757812 -0.064422607421875
-0.0549888610839844 -0.00782775878906251 -0.0647544860839844 -0.0414581298828125
-0.0504035949707031 -0.025665283203125 -0.0498924255371094 -0.0263633728027344
-0.039794921875 -0.0507354736328125 -0.0398674011230469 -0.00260925292968751
-0.0205650329589844 -0.0683250427246094 -0.0494956970214844 0.0122566223144531
0.0284271240234375 -0.07843017578125 -0.0625572204589844 0.0254402160644531
0.053436279296875 -0.0817794799804688 -0.0960540771484375 0.0550079345703125
0.0935440063476563 -0.0690994262695313 -0.114791870117188 0.0506439208984375
0.14178466796875 -0.0418853759765625 -0.0981903076171875 -0.0787887573242188
0.0867233276367188 -0.0346450805664063 -0.0276241302490234 -0.0347957611083984
0.0739593505859375 -0.0511627197265625 0.0485954284667969 -0.042694091796875
0.0360298156738281 -0.0551986694335938 0.0523223876953125 -0.081451416015625
0.0182952880859375 -0.0615882873535156 0.035430908203125 -0.100318908691406
-0.023284912109375 -0.0549392700195313 -0.0137863159179688 -0.113029479980469
-0.05841064453125 -0.0413322448730469 -0.0522689819335937 -0.0886611938476563
-0.060821533203125 -0.0441017150878906 -0.0438156127929688 -0.0554695129394531
-0.0791015625 -0.0384597778320313 -0.0424118041992188 -0.0353927612304688
-0.0673370361328125 -0.0542259216308594 -0.0322456359863281 -0.0147972106933594
-0.0465316772460937 -0.086456298828125 -0.0262241363525391 0.00623321533203125
-0.0151138305664063 -0.105278015136719 -0.0406951904296875 0.0132637023925781
0.0616912841796875 -0.105560302734375 -0.0483245849609375 0.0163383483886719
0.0933151245117188 -0.0972137451171875 -0.0696868896484375 0.0338325500488281
0.139999389648438 -0.0684814453125 -0.0706939697265625 0.0342254638671875
0.1734619140625 -0.02392578125 -0.0424575805664062 -0.0874404907226562
0.130210876464844 -0.0275802612304688 0.0125885009765625 -0.0450210571289063
0.124168395996094 -0.0657272338867188 0.0685348510742188 -0.0451622009277344
0.0675277709960938 -0.0879440307617188 0.0616912841796875 -0.0798187255859375
0.0353546142578125 -0.097564697265625 0.0408096313476563 -0.0876922607421875
-0.0252456665039063 -0.0895843505859375 -0.00472259521484375 -0.0926895141601562
-0.068817138671875 -0.0709304809570313 -0.0282173156738281 -0.0679969787597656
-0.0681686401367188 -0.0706253051757812 -0.0148239135742188 -0.0378532409667969
-0.0898284912109375 -0.0629959106445313 -0.0135440826416016 -0.0225353240966797
-0.0713653564453125 -0.07525634765625 -0.00926685333251954 0.00136756896972656
-0.0432357788085937 -0.109657287597656 -0.0103874206542969 0.0167818069458008
-0.00545501708984375 -0.126853942871094 -0.0307197570800781 0.0152664184570312
0.0871047973632813 -0.116806030273437 -0.0360794067382812 0.00689315795898436
0.121131896972656 -0.0969390869140625 -0.0416259765625 0.00640106201171874
0.16693115234375 -0.0555419921875 -0.0167226791381836 0.0174579620361328
0.17559814453125 -0.0063018798828125 0.0201034545898438 -0.0901718139648438
0.14886474609375 -0.0177459716796875 0.0574264526367188 -0.0544624328613281
0.149444580078125 -0.071990966796875 0.085205078125 -0.04669189453125
0.0835113525390625 -0.106887817382812 0.0676727294921875 -0.0697021484375
0.0430755615234375 -0.115615844726563 0.0447196960449219 -0.0647125244140625
-0.0261993408203125 -0.109138488769531 0.00960922241210938 -0.0610198974609375
-0.0696868896484375 -0.0872726440429688 0.00204086303710937 -0.0398178100585938
-0.0650863647460937 -0.085479736328125 0.0167388916015625 -0.015838623046875
-0.084747314453125 -0.0802230834960937 0.0169553756713867 -0.00312328338623047
-0.06060791015625 -0.0887298583984375 0.0121612548828125 0.0216903686523437
-0.0271453857421875 -0.118629455566406 0.00334930419921875 0.0292186737060547
0.0132675170898437 -0.128875732421875 -0.0214366912841797 0.0181407928466797
0.107864379882813 -0.105583190917969 -0.0246429443359375 -0.00178718566894532
0.136489868164063 -0.0751571655273438 -0.0113487243652344 -0.0187244415283203
0.170684814453125 -0.028778076171875 0.0414390563964844 0.0044708251953125
0.148300170898438 0.0102691650390625 0.0777053833007813 -0.0894088745117188
0.136970520019531 -0.0051727294921875 0.0969390869140625 -0.0643234252929687
0.14215087890625 -0.0605316162109375 0.0922775268554688 -0.048095703125
0.0809478759765625 -0.100471496582031 0.0696258544921875 -0.0549659729003906
0.0418548583984375 -0.108840942382813 0.04730224609375 -0.0371513366699219
-0.0224838256835938 -0.105674743652344 0.0264759063720703 -0.0264148712158203
-0.0594558715820312 -0.0886459350585938 0.0336570739746094 -0.00994300842285157
-0.0527572631835937 -0.0876235961914062 0.0451812744140625 0.00840377807617187
-0.0674896240234375 -0.0868911743164063 0.042755126953125 0.0197486877441406
-0.038970947265625 -0.0906829833984375 0.0271110534667969 0.0456047058105469
-0.00241088867187501 -0.112174987792969 0.00918960571289063 0.0457191467285156
0.0365219116210938 -0.112106323242188 -0.0151233673095703 0.0235767364501953
0.118843078613281 -0.0730056762695312 -0.0130481719970703 -0.00535202026367188
0.136093139648438 -0.0372238159179688 0.0193824768066406 -0.0329265594482422
0.150970458984375 0.0042266845703125 0.0942459106445313 0.00156402587890625
0.0968551635742187 0.0263519287109375 0.119140625 -0.088043212890625
0.100837707519531 0.0106735229492188 0.122566223144531 -0.0732269287109375
0.108566284179687 -0.0348968505859375 0.0888595581054688 -0.0478057861328125
0.0647659301757813 -0.0715484619140625 0.0665168762207031 -0.0393524169921875
0.0362472534179687 -0.0786819458007813 0.0478134155273437 -0.0126304626464844
-0.0115509033203125 -0.082916259765625 0.0425987243652344 0.00260925292968749
-0.0381393432617188 -0.0759429931640625 0.0602149963378906 0.0153236389160156
-0.0323028564453125 -0.0773773193359375 0.0673332214355469 0.0299568176269531
-0.0413055419921875 -0.0820846557617188 0.0604820251464844 0.0464286804199219
-0.0150299072265625 -0.080718994140625 0.0323867797851563 0.0713958740234375
0.0209884643554688 -0.0910568237304687 0.007080078125 0.0627403259277344
0.053466796875 -0.0813674926757813 -0.0129909515380859 0.0322170257568359
0.113792419433594 -0.0320053100585938 -0.00466299057006835 -0.000300884246826174
0.1158447265625 0.0061187744140625 0.0457229614257813 -0.0310783386230469
0.109596252441406 0.03594970703125 0.135116577148438 0.0118255615234375
0.0331192016601563 0.0422286987304688 0.138618469238281 -0.0827560424804688
0.0513153076171875 0.0302619934082031 0.129135131835938 -0.0776748657226563
0.0628204345703125 0.00131988525390625 0.077972412109375 -0.0446929931640625
0.0424728393554687 -0.0276527404785156 0.0606269836425781 -0.026458740234375
0.030975341796875 -0.0339565277099609 0.0455169677734375 0.00411605834960937
0.00751495361328125 -0.0480422973632813 0.0543327331542969 0.0208549499511719
-0.00965499877929688 -0.0533065795898438 0.0762252807617188 0.032257080078125
-0.00719451904296875 -0.055328369140625 0.0780410766601563 0.0478591918945313
-0.0129890441894531 -0.0631561279296875 0.0684814453125 0.0704116821289063
0.0033416748046875 -0.0587654113769531 0.0295791625976563 0.0943527221679688
0.0309562683105469 -0.0606880187988281 -0.0010986328125 0.0794754028320313
0.0529594421386719 -0.0465126037597656 -0.0157623291015625 0.0449638366699219
0.0881500244140625 0.00333404541015625 -0.00162887573242187 0.0124435424804688
0.0767135620117188 0.0395965576171875 0.0623283386230469 -0.014068603515625
0.0519332885742187 0.05755615234375 0.157135009765625 0.0322418212890625
0.0219650268554688 -0.0624198913574219 -0.1534423828125 -0.03314208984375
-0.0263557434082031 -0.0374374389648438 -0.0666465759277344 0.00252151489257811
-0.0434646606445313 -0.0132713317871094 0.0145702362060547 -0.0249195098876953
-0.0360527038574219 0.014068603515625 0.0312919616699219 -0.0600509643554688
-0.0241775512695312 0.0182342529296875 0.0183334350585937 -0.0914306640625
-0.0121498107910156 0.0280284881591797 -0.0270538330078125 -0.108474731445312
-0.0141773223876953 0.0289268493652344 -0.0779800415039063 -0.0866241455078125
-0.0189590454101562 0.0223789215087891 -0.0800247192382813 -0.0580520629882812
-0.0214195251464844 0.0236244201660156 -0.0759429931640625 -0.0357208251953125
-0.0257511138916016 0.00907135009765625 -0.0606536865234375 -0.0282211303710938
-0.0303382873535156 -0.00375175476074219 -0.0485610961914063 -0.00556564331054688
-0.0299320220947266 -0.0191974639892578 -0.0558433532714844 0.0153541564941406
-0.0171089172363281 -0.0415153503417969 -0.0740966796875 0.0336227416992188
-0.000396728515625001 -0.0562171936035156 -0.110603332519531 0.07122802734375
0.0288238525390625 -0.0621452331542969 -0.13641357421875 0.0679855346679688
0.0847015380859375 -0.0586090087890625 -0.136093139648438 -0.0560226440429688
0.0280647277832031 -0.0404548645019531 -0.0549125671386719 -0.0158233642578125
0.0107631683349609 -0.0335597991943359 0.0275726318359375 -0.0358543395996094
-0.00422477722167969 -0.0185165405273437 0.0391845703125 -0.0723190307617188
-0.00562477111816406 -0.0197601318359375 0.0261611938476563 -0.0988006591796875
-0.0193557739257813 -0.0110282897949219 -0.0219879150390625 -0.11505126953125
-0.0380706787109375 -0.00410079956054687 -0.0697250366210938 -0.0917434692382813
-0.0430335998535156 -0.00963592529296874 -0.0674934387207031 -0.0595550537109375
-0.0532608032226563 -0.0059051513671875 -0.0655326843261719 -0.0370025634765625
-0.0487632751464844 -0.02349853515625 -0.0518531799316406 -0.0239639282226562
-0.0397109985351563 -0.0468215942382813 -0.0405616760253906 -0.00217819213867188
-0.0221405029296875 -0.0642471313476562 -0.0491600036621094 0.0125579833984375
0.0235137939453125 -0.07635498046875 -0.060546875 0.0257034301757812
0.0477371215820313 -0.0806961059570313 -0.0918502807617188 0.0577239990234375
0.08831787109375 -0.0711288452148438 -0.111076354980469 0.0552139282226563
0.136337280273438 -0.046142578125 -0.0979537963867187 -0.0725936889648437
0.0828857421875 -0.03668212890625 -0.027801513671875 -0.0301246643066406
0.06982421875 -0.0528640747070312 0.046783447265625 -0.0419197082519531
0.0329513549804688 -0.0542373657226562 0.0491409301757813 -0.0794601440429687
0.0153579711914062 -0.0608139038085938 0.0322723388671875 -0.0983810424804688
-0.0232315063476562 -0.0523719787597656 -0.0163040161132812 -0.109176635742188
-0.0570335388183594 -0.0381240844726562 -0.0535354614257813 -0.0835418701171875
-0.0609169006347656 -0.0406684875488281 -0.0451316833496094 -0.0521659851074219
-0.077972412109375 -0.0337295532226563 -0.0442428588867188 -0.0318984985351563
-0.0661888122558594 -0.0502090454101562 -0.0341644287109375 -0.0131511688232422
-0.04754638671875 -0.0809783935546875 -0.0275421142578125 0.00578689575195312
-0.018402099609375 -0.100502014160156 -0.0412788391113281 0.0133934020996094
0.0552139282226563 -0.104331970214844 -0.047637939453125 0.0169334411621094
0.0850067138671875 -0.0972824096679687 -0.0675735473632813 0.0359535217285156
0.133377075195313 -0.0721588134765625 -0.0688667297363281 0.0380134582519531
0.168258666992188 -0.029876708984375 -0.0442962646484375 -0.0820693969726563
0.125930786132813 -0.0312118530273438 0.0104179382324219 -0.0404548645019531
0.118904113769531 -0.070068359375 0.0663108825683594 -0.0450210571289063
0.0626144409179688 -0.0875701904296875 0.0585479736328125 -0.07891845703125
0.0301437377929687 -0.0965042114257812 0.0379562377929688 -0.0859451293945313
-0.0275421142578125 -0.0865249633789063 -0.0066680908203125 -0.0892715454101563
-0.0689430236816406 -0.0655288696289063 -0.0293960571289063 -0.0644950866699219
-0.0692901611328125 -0.0658187866210938 -0.0155982971191406 -0.0364265441894531
-0.0892562866210938 -0.0573272705078125 -0.0153331756591797 -0.0203628540039063
-0.0710601806640625 -0.0706100463867188 -0.0111780166625977 0.00202465057373046
-0.0458755493164063 -0.103904724121094 -0.0117092132568359 0.016108512878418
-0.0104598999023438 -0.121925354003906 -0.0315513610839844 0.0145263671875
0.0799407958984375 -0.116676330566406 -0.0366744995117187 0.0074920654296875
0.113296508789062 -0.0978622436523438 -0.0416145324707031 0.00911712646484374
0.161056518554688 -0.060333251953125 -0.0166950225830078 0.0196266174316406
0.171234130859375 -0.012451171875 0.0161895751953125 -0.0874252319335938
0.144699096679687 -0.0225982666015625 0.0535545349121094 -0.0519218444824219
0.143524169921875 -0.0757598876953125 0.0824813842773438 -0.0465316772460938
0.077392578125 -0.106300354003906 0.0644683837890625 -0.0690956115722656
0.03704833984375 -0.114456176757813 0.0426673889160156 -0.06365966796875
-0.02960205078125 -0.104141235351562 0.00799560546874999 -0.0586433410644531
-0.0709609985351563 -0.0812149047851563 0.00117111206054687 -0.0378456115722656
-0.0673599243164063 -0.0806732177734375 0.0160617828369141 -0.0157537460327148
-0.086273193359375 -0.0743026733398438 0.015376091003418 -0.00330448150634766
-0.0616683959960938 -0.0834884643554687 0.0112457275390625 0.0210380554199219
-0.0313873291015625 -0.113967895507813 0.00180435180664062 0.0287132263183594
0.00772857666015625 -0.1260986328125 -0.0225486755371094 0.0176925659179687
0.10076904296875 -0.107048034667969 -0.0260086059570312 -0.00177955627441407
0.12933349609375 -0.0779037475585938 -0.0134048461914062 -0.0171213150024414
0.165924072265625 -0.0350189208984375 0.0386810302734375 0.00458908081054687
0.14556884765625 0.004974365234375 0.0727767944335938 -0.0893783569335938
0.133987426757813 -0.00962066650390625 0.0917129516601563 -0.0638961791992188
0.137092590332031 -0.0654144287109375 0.0893325805664063 -0.0482711791992188
0.0748214721679688 -0.100456237792969 0.0666351318359375 -0.0546531677246094
0.036224365234375 -0.108184814453125 0.045867919921875 -0.0369491577148438
-0.026214599609375 -0.100830078125 0.0256214141845703 -0.0253658294677734
-0.0617294311523437 -0.0829696655273438 0.0329475402832031 -0.0105667114257813
-0.0550308227539062 -0.0828628540039063 0.0445823669433594 0.00624084472656249
-0.0690689086914062 -0.0812606811523438 0.0414009094238281 0.0184898376464844
-0.0409927368164062 -0.0859375 0.0270042419433594 0.044219970703125
-0.00659942626953124 -0.108604431152344 0.00876998901367188 0.0442352294921875
0.030975341796875 -0.110885620117187 -0.0157375335693359 0.0225658416748047
0.113265991210938 -0.0760650634765625 -0.0152997970581055 -0.00565528869628907
0.130828857421875 -0.04107666015625 0.0159549713134766 -0.0326614379882813
0.148162841796875 -0.0015716552734375 0.0899429321289063 -9.62329516935004E-20
0.0966796875 0.02215576171875 0.113082885742188 -0.0895538330078125
0.099090576171875 0.00717926025390625 0.115226745605469 -0.0739669799804688
0.106330871582031 -0.03936767578125 0.0854339599609375 -0.0482254028320313
0.0603790283203125 -0.0722503662109375 0.0645065307617188 -0.0398063659667969
0.0316543579101563 -0.0787811279296875 0.0472183227539063 -0.0134201049804688
-0.0148544311523438 -0.0797805786132813 0.0427360534667969 0.00213241577148437
-0.04150390625 -0.0710678100585938 0.0599174499511719 0.0127754211425781
-0.0353469848632813 -0.0728912353515625 0.0663566589355469 0.0265464782714844
-0.0443801879882813 -0.0767745971679688 0.0602264404296875 0.0431938171386719
-0.0180892944335938 -0.0764541625976563 0.0335273742675781 0.0688858032226563
0.0163345336914062 -0.0889358520507813 0.00732803344726563 0.0608978271484375
0.0481948852539062 -0.081573486328125 -0.0140609741210937 0.0315628051757812
0.109916687011719 -0.03619384765625 -0.00658464431762695 -0.00129556655883789
0.113075256347656 0.001678466796875 0.0420799255371094 -0.0317764282226563
0.1092529296875 0.0304031372070313 0.13037109375 0.0077667236328125
0.0345420837402344 0.0400772094726563 0.131668090820313 -0.086578369140625
0.0516242980957031 0.0276870727539063 0.122276306152344 -0.078582763671875
0.062591552734375 -0.002593994140625 0.0749359130859375 -0.0455245971679688
0.0406951904296875 -0.0296974182128906 0.0586585998535156 -0.0266151428222656
0.0283355712890625 -0.03533935546875 0.0455780029296875 0.00296401977539062
0.00418472290039062 -0.0470123291015625 0.0543479919433594 0.0187950134277344
-0.0123176574707031 -0.0507431030273438 0.0762405395507813 0.0281295776367188
-0.0106239318847656 -0.052276611328125 0.0776596069335937 0.0435104370117188
-0.0159873962402344 -0.0600204467773437 0.0689697265625 0.0663681030273438
0.000381469726562505 -0.0561904907226563 0.031402587890625 0.0915756225585938
0.0266494750976563 -0.0602684020996094 0.000228881835937496 0.0771102905273438
0.0494842529296875 -0.0474967956542969 -0.0157814025878906 0.0430793762207031
0.0867843627929687 -0.000640869140625 -0.00272750854492187 0.0112142562866211
0.07672119140625 0.035430908203125 0.0583992004394531 -0.0167274475097656
0.0534934997558594 0.0533180236816406 0.15240478515625 0.0263519287109375
0.019500732421875 -0.0619087219238281 -0.152603149414062 -0.03070068359375
-0.027069091796875 -0.0365791320800781 -0.0651588439941406 0.00451278686523439
-0.0432815551757812 -0.0114212036132812 0.0145187377929687 -0.0236129760742188
-0.0348548889160156 0.0156307220458984 0.0315933227539063 -0.0592002868652344
-0.0228137969970703 0.0194911956787109 0.0182876586914062 -0.0914154052734375
-0.010040283203125 0.0276203155517578 -0.0278091430664063 -0.108375549316406
-0.0121841430664063 0.0277004241943359 -0.0788421630859375 -0.084259033203125
-0.0185184478759766 0.0219707489013672 -0.0808639526367188 -0.0558624267578125
-0.0203151702880859 0.0225696563720703 -0.0775604248046875 -0.0341262817382813
-0.0240116119384766 0.00866508483886719 -0.0623435974121094 -0.0279045104980469
-0.0285682678222656 -0.00340843200683594 -0.0503425598144531 -0.00547409057617188
-0.0302238464355469 -0.0172710418701172 -0.0563163757324219 0.01507568359375
-0.018585205078125 -0.0399589538574219 -0.073089599609375 0.0337448120117187
-0.00275039672851562 -0.0551986694335938 -0.10870361328125 0.072021484375
0.0262184143066406 -0.0624275207519531 -0.135459899902344 0.0717544555664062
0.082733154296875 -0.059814453125 -0.1356201171875 -0.0522689819335937
0.0270500183105469 -0.0406112670898438 -0.0537071228027344 -0.0126800537109375
0.00987815856933593 -0.0332736968994141 0.0278167724609375 -0.0351486206054688
-0.00380516052246094 -0.0172138214111328 0.0391387939453125 -0.071258544921875
-0.0054779052734375 -0.0190410614013672 0.0259323120117187 -0.098358154296875
-0.0180244445800781 -0.0110530853271484 -0.0230484008789062 -0.114784240722656
-0.0363540649414063 -0.0036468505859375 -0.0707931518554688 -0.0890579223632812
-0.0425338745117188 -0.00923538208007811 -0.0686988830566406 -0.0576629638671875
-0.0525169372558594 -0.00525665283203126 -0.0671615600585938 -0.0356559753417969
-0.0474128723144531 -0.0228462219238281 -0.0535087585449219 -0.0231552124023437
-0.0387229919433594 -0.0452804565429687 -0.04254150390625 -0.00242614746093749
-0.0230979919433594 -0.0626602172851563 -0.0508613586425781 0.012481689453125
0.021392822265625 -0.0753936767578125 -0.0605392456054688 0.0252685546875
0.0442962646484375 -0.0803451538085938 -0.0903778076171875 0.0589370727539062
0.0858993530273438 -0.0724029541015625 -0.110633850097656 0.0582351684570312
0.13482666015625 -0.0485610961914063 -0.0993270874023438 -0.06988525390625
0.08251953125 -0.038177490234375 -0.0278491973876953 -0.0262126922607422
0.068572998046875 -0.054107666015625 0.04705810546875 -0.0411338806152344
0.0316505432128906 -0.053680419921875 0.048919677734375 -0.078399658203125
0.0142364501953125 -0.0603523254394531 0.0319747924804688 -0.0980987548828125
-0.0233421325683594 -0.0519065856933594 -0.017425537109375 -0.10833740234375
-0.0562934875488281 -0.0371627807617188 -0.0544052124023437 -0.081573486328125
-0.0610580444335938 -0.039276123046875 -0.0461349487304688 -0.0505294799804688
-0.0777511596679687 -0.031982421875 -0.0455703735351563 -0.0304069519042969
-0.0653610229492188 -0.0489959716796875 -0.0357894897460938 -0.0122795104980469
-0.0477294921875 -0.07965087890625 -0.0291023254394531 0.00543403625488281
-0.0200271606445313 -0.09881591796875 -0.0428276062011719 0.0124969482421875
0.0518798828125 -0.104263305664062 -0.0479202270507812 0.0166091918945312
0.081939697265625 -0.0972213745117188 -0.0672225952148438 0.0372390747070313
0.13165283203125 -0.0737991333007813 -0.0691986083984375 0.0411109924316406
0.16717529296875 -0.0330810546875 -0.045562744140625 -0.0802536010742188
0.125205993652344 -0.0327835083007813 0.0103225708007813 -0.037811279296875
0.116844177246094 -0.07269287109375 0.0667076110839844 -0.0443611145019531
0.0601806640625 -0.0879058837890625 0.0579147338867188 -0.077850341796875
0.0282058715820313 -0.0966720581054688 0.0368881225585938 -0.0859146118164062
-0.0288162231445313 -0.0854949951171875 -0.00797271728515625 -0.08770751953125
-0.0687141418457031 -0.0634040832519531 -0.0298385620117188 -0.0630760192871094
-0.07025146484375 -0.0641365051269531 -0.0164031982421875 -0.0364532470703125
-0.089752197265625 -0.0548477172851562 -0.0166187286376953 -0.018829345703125
-0.0711746215820313 -0.068572998046875 -0.0123453140258789 0.00233078002929687
-0.0471572875976563 -0.101882934570313 -0.0131349563598633 0.0152778625488281
-0.0123519897460938 -0.120689392089844 -0.0338478088378906 0.0141410827636719
0.076873779296875 -0.117362976074219 -0.0376968383789062 0.00729370117187499
0.1094970703125 -0.0988388061523438 -0.0422248840332031 0.00964736938476563
0.159439086914063 -0.0637969970703125 -0.0177745819091797 0.0217742919921875
0.171371459960938 -0.015655517578125 0.0144882202148438 -0.0863265991210938
0.1439208984375 -0.0240020751953125 0.052459716796875 -0.0493240356445312
0.14111328125 -0.0795745849609375 0.082550048828125 -0.0469741821289063
0.0744476318359375 -0.107032775878906 0.0646133422851563 -0.0678749084472656
0.0341873168945313 -0.115165710449219 0.0429115295410156 -0.0636672973632813
-0.03076171875 -0.102981567382813 0.00771713256835938 -0.0576896667480469
-0.0714874267578125 -0.078643798828125 0.000858306884765622 -0.0373611450195313
-0.068603515625 -0.078887939453125 0.0157461166381836 -0.0163974761962891
-0.0872650146484375 -0.0710601806640625 0.0139560699462891 -0.00288581848144532
-0.062530517578125 -0.0810470581054688 0.0101604461669922 0.0211067199707031
-0.0331268310546875 -0.111961364746094 0.000253677368164058 0.0277671813964844
0.00485992431640625 -0.125480651855469 -0.0245780944824219 0.0173015594482422
0.0979537963867187 -0.108795166015625 -0.0276050567626953 -0.00192260742187501
0.126686096191406 -0.079620361328125 -0.0144805908203125 -0.0163745880126953
0.165328979492188 -0.038543701171875 0.0368919372558594 0.00568771362304687
0.145919799804688 0.0020294189453125 0.0702590942382813 -0.0902328491210938
0.133453369140625 -0.0113677978515625 0.0898666381835938 -0.0619964599609375
0.1361083984375 -0.0687789916992188 0.0890426635742188 -0.0478286743164063
0.0728759765625 -0.1011962890625 0.0666847229003906 -0.0545196533203125
0.033447265625 -0.109207153320312 0.04638671875 -0.0370597839355469
-0.0278244018554687 -0.09991455078125 0.0261211395263672 -0.02471923828125
-0.0628814697265625 -0.079437255859375 0.0331802368164062 -0.0105781555175781
-0.0569229125976563 -0.0814056396484375 0.0446662902832031 0.00410842895507812
-0.0703353881835937 -0.0785751342773437 0.0408439636230469 0.018707275390625
-0.0427093505859375 -0.0845184326171875 0.0260887145996094 0.0438995361328125
-0.00931549072265625 -0.107551574707031 0.00765228271484375 0.042816162109375
0.0285797119140625 -0.110733032226563 -0.0179615020751953 0.0216464996337891
0.111503601074219 -0.0785064697265625 -0.0172567367553711 -0.00614166259765626
0.128654479980469 -0.0428390502929688 0.0137290954589844 -0.0325717926025391
0.148727416992187 -0.0050201416015625 0.0887222290039063 0.00012969970703125
0.0975570678710938 0.0206069946289063 0.111259460449219 -0.0906906127929688
0.0989456176757813 0.00624847412109375 0.113197326660156 -0.0740966796875
0.10565185546875 -0.0421218872070313 0.085479736328125 -0.04852294921875
0.0587921142578125 -0.0730133056640625 0.0635986328125 -0.039459228515625
0.029266357421875 -0.0796661376953125 0.0481681823730469 -0.0132484436035156
-0.0171585083007812 -0.0782852172851563 0.0436515808105469 0.00240325927734375
-0.0430831909179687 -0.0679702758789063 0.0606231689453125 0.0115394592285156
-0.0372695922851563 -0.07171630859375 0.0669288635253906 0.0248336791992188
-0.0463790893554688 -0.0741043090820313 0.0600318908691406 0.042266845703125
-0.0190048217773437 -0.0751876831054687 0.033355712890625 0.0684051513671875
0.0133590698242188 -0.0888671875 0.0066070556640625 0.0602302551269531
0.0465164184570312 -0.0823974609375 -0.0153312683105469 0.0307426452636719
0.109207153320312 -0.0389175415039062 -0.00841283798217773 -0.00225973129272461
0.112281799316406 -0.000946044921875 0.0394325256347656 -0.0325546264648437
0.109710693359375 0.0281295776367188 0.128616333007813 0.0070953369140625
0.0361480712890625 0.0390625 0.130050659179688 -0.0878067016601563
0.0517387390136719 0.0265159606933594 0.119552612304687 -0.07965087890625
0.0632705688476563 -0.00447845458984375 0.0742416381835937 -0.0452117919921875
0.0391426086425781 -0.0308113098144531 0.0581512451171875 -0.0264434814453125
0.0269927978515625 -0.0363807678222656 0.0466194152832031 0.00328826904296875
0.0028839111328125 -0.0460548400878906 0.0550804138183594 0.0186500549316406
-0.0140457153320313 -0.0483016967773438 0.0771865844726563 0.0257339477539062
-0.0127029418945312 -0.0515937805175781 0.0783920288085938 0.0405654907226563
-0.0179634094238281 -0.0583763122558594 0.0696830749511719 0.0654449462890625
-0.00111007690429687 -0.0548095703125 0.0319290161132813 0.0909576416015625
0.0246543884277344 -0.0600738525390625 -0.000129699707031253 0.0766983032226563
0.0478401184082031 -0.0485992431640625 -0.0165634155273437 0.0423240661621094
0.086822509765625 -0.00311279296875 -0.00387096405029296 0.00967025756835938
0.0775985717773438 0.0335922241210938 0.0568428039550781 -0.0183792114257812
0.0546035766601563 0.0516891479492188 0.151565551757813 0.0245208740234375
0.0182342529296875 -0.0638504028320313 -0.15545654296875 -0.0277862548828125
-0.0287361145019531 -0.0361709594726563 -0.0648384094238281 0.00798416137695313
-0.0446701049804688 -0.0100555419921875 0.0154056549072266 -0.0231971740722656
-0.0342082977294922 0.0179672241210938 0.0321502685546875 -0.0606498718261719
-0.0224571228027344 0.0212574005126953 0.0179595947265625 -0.093292236328125
-0.00896644592285157 0.0273609161376953 -0.0296859741210937 -0.110633850097656
-0.0106678009033203 0.0272922515869141 -0.0822906494140625 -0.0840072631835938
-0.0176982879638672 0.0225772857666016 -0.083984375 -0.0543060302734375
-0.0198612213134766 0.0228748321533203 -0.0810775756835938 -0.0326461791992188
-0.0233955383300781 0.0082855224609375 -0.0660972595214844 -0.0275154113769531
-0.0279350280761719 -0.00260543823242188 -0.0535354614257813 -0.00529098510742187
-0.0312328338623047 -0.0159339904785156 -0.058319091796875 0.0159225463867188
-0.0207328796386719 -0.0398445129394531 -0.0739593505859375 0.0340576171875
-0.00506210327148437 -0.0559768676757812 -0.108871459960937 0.0752716064453125
0.0243644714355469 -0.0640716552734375 -0.137825012207031 0.0774459838867187
0.0828323364257813 -0.0624237060546875 -0.139541625976563 -0.0504684448242188
0.0263442993164063 -0.0420112609863281 -0.0539321899414063 -0.00979232788085939
0.0089263916015625 -0.0345458984375 0.0286312103271484 -0.0345230102539062
-0.00385379791259766 -0.0161600112915039 0.0397720336914063 -0.0726165771484375
-0.00530242919921875 -0.0188655853271484 0.0257339477539063 -0.100677490234375
-0.0176200866699219 -0.0115509033203125 -0.025665283203125 -0.116531372070312
-0.0362930297851562 -0.00422286987304687 -0.0743560791015625 -0.0890274047851563
-0.0433311462402344 -0.0088043212890625 -0.0722198486328125 -0.0564041137695313
-0.0535964965820313 -0.00450515747070312 -0.0707015991210938 -0.0341567993164063
-0.0478401184082031 -0.0235443115234375 -0.0570411682128906 -0.022735595703125
-0.0393714904785156 -0.0446586608886719 -0.0453033447265625 -0.00243377685546876
-0.024627685546875 -0.0625724792480469 -0.0528526306152344 0.0122566223144531
0.0191421508789062 -0.076568603515625 -0.061309814453125 0.0260429382324219
0.0423736572265625 -0.081817626953125 -0.0912017822265625 0.062042236328125
0.085540771484375 -0.07598876953125 -0.112899780273437 0.063751220703125
0.136817932128906 -0.0531692504882813 -0.102348327636719 -0.0681381225585937
0.0829010009765625 -0.0400772094726563 -0.0278530120849609 -0.0233974456787109
0.0683708190917969 -0.0577659606933594 0.0480804443359375 -0.0420303344726563
0.0310096740722656 -0.0545463562011719 0.0495529174804687 -0.0797042846679688
0.013397216796875 -0.0620803833007813 0.0315170288085937 -0.100555419921875
-0.0247421264648438 -0.0522689819335937 -0.01953125 -0.109939575195313
-0.0576553344726563 -0.0364494323730469 -0.0570526123046875 -0.0814285278320313
-0.0631790161132813 -0.0388717651367188 -0.0482025146484375 -0.0499725341796875
-0.0791778564453125 -0.030548095703125 -0.048370361328125 -0.0289382934570313
-0.0666160583496094 -0.048797607421875 -0.0380630493164063 -0.0119171142578125
-0.0493392944335937 -0.0793228149414063 -0.03192138671875 0.00569915771484374
-0.0224761962890625 -0.0993576049804688 -0.0457191467285156 0.0130500793457031
0.0501022338867188 -0.106788635253906 -0.0495109558105469 0.0165519714355469
0.0801849365234375 -0.100105285644531 -0.0683555603027344 0.0397109985351563
0.133293151855469 -0.0790786743164063 -0.0706863403320312 0.0452499389648437
0.17041015625 -0.03790283203125 -0.0482101440429687 -0.0800323486328125
0.12713623046875 -0.0362930297851563 0.00950241088867189 -0.0358314514160156
0.117301940917969 -0.0775299072265625 0.0686912536621094 -0.0457763671875
0.0595932006835938 -0.0904922485351563 0.0593109130859375 -0.0790023803710938
0.0264968872070313 -0.0994949340820313 0.0374526977539063 -0.0876922607421875
-0.0309295654296875 -0.086181640625 -0.00855255126953126 -0.0887832641601563
-0.0704727172851563 -0.0626220703125 -0.0314369201660156 -0.0628318786621094
-0.0730667114257813 -0.063934326171875 -0.017669677734375 -0.0368080139160156
-0.0921707153320312 -0.052581787109375 -0.0182590484619141 -0.0187206268310547
-0.0733642578125 -0.0681991577148438 -0.0144481658935547 0.00289726257324218
-0.0499420166015625 -0.101921081542969 -0.0163154602050781 0.0149288177490234
-0.015869140625 -0.122840881347656 -0.0364913940429688 0.0146293640136719
0.0751953125 -0.121726989746094 -0.0390968322753906 0.00672149658203125
0.108795166015625 -0.102325439453125 -0.043243408203125 0.01123046875
0.162246704101563 -0.0689239501953125 -0.0189723968505859 0.0243701934814453
0.175430297851562 -0.02081298828125 0.0129852294921875 -0.0877227783203125
0.146697998046875 -0.0275421142578125 0.0524444580078125 -0.0481605529785156
0.142776489257813 -0.08526611328125 0.0850372314453125 -0.0484085083007813
0.0736312866210938 -0.110092163085938 0.0660171508789063 -0.0691184997558594
0.0318069458007812 -0.119361877441406 0.0433616638183594 -0.0652122497558594
-0.0339431762695313 -0.103523254394531 0.00751113891601562 -0.0581092834472656
-0.0742950439453125 -0.07769775390625 0.000701904296874995 -0.0377616882324219
-0.0719070434570313 -0.0782318115234375 0.0155773162841797 -0.0176124572753906
-0.0901641845703125 -0.0697555541992187 0.013035774230957 -0.00209426879882813
-0.0643844604492188 -0.0810928344726563 0.00958251953125 0.0220489501953125
-0.0365524291992188 -0.112686157226563 -0.00115203857421875 0.0279178619384766
0.00131225585937499 -0.127311706542969 -0.0271072387695313 0.0169849395751953
0.0972518920898438 -0.113418579101563 -0.0290660858154297 -0.00199508666992189
0.126663208007813 -0.0834579467773438 -0.0161266326904297 -0.0157909393310547
0.168777465820313 -0.0433807373046875 0.0372276306152344 0.00715255737304687
0.149765014648438 -0.00115966796875 0.0706405639648438 -0.0927200317382812
0.136138916015625 -0.014068603515625 0.0902252197265625 -0.0632476806640625
0.136970520019531 -0.073883056640625 0.0914764404296875 -0.0497970581054688
0.071746826171875 -0.105133056640625 0.0679206848144531 -0.0554237365722656
0.031280517578125 -0.112106323242188 0.0479049682617188 -0.0378799438476563
-0.0303192138671875 -0.100196838378906 0.0274562835693359 -0.0247745513916016
-0.065338134765625 -0.0782699584960938 0.0341262817382812 -0.0119895935058594
-0.060882568359375 -0.0808181762695312 0.0456466674804687 0.00274276733398437
-0.074066162109375 -0.07720947265625 0.040985107421875 0.0183868408203125
-0.0446548461914062 -0.0838546752929688 0.0270729064941406 0.044647216796875
-0.012481689453125 -0.108856201171875 0.00664901733398438 0.0434303283691406
0.026275634765625 -0.1134033203125 -0.0205612182617188 0.0219535827636719
0.111709594726563 -0.08380126953125 -0.0185317993164062 -0.00648689270019532
0.130363464355469 -0.0462875366210937 0.0120429992675781 -0.0332756042480469
0.15203857421875 -0.0089874267578125 0.0891876220703125 -6.86645507812506E-05
0.100967407226563 0.0189361572265625 0.111518859863281 -0.0948333740234375
0.102058410644531 0.0044097900390625 0.113510131835938 -0.0759124755859375
0.106681823730469 -0.0459518432617188 0.0871810913085937 -0.0497894287109375
0.0578842163085938 -0.0765151977539063 0.0657920837402344 -0.0406379699707031
0.0278701782226563 -0.082855224609375 0.0499000549316406 -0.0139808654785156
-0.0185623168945312 -0.078582763671875 0.0452995300292969 0.00223159790039062
-0.0454635620117188 -0.0672569274902344 0.0624580383300781 0.0098114013671875
-0.0403976440429688 -0.0710525512695313 0.0690498352050781 0.0224266052246094
-0.0493545532226562 -0.0737838745117188 0.0617218017578125 0.042236328125
-0.0216827392578125 -0.075897216796875 0.0347442626953125 0.0698356628417969
0.0104446411132812 -0.090423583984375 0.00629806518554688 0.0611915588378906
0.0448455810546875 -0.0852432250976563 -0.0167675018310547 0.0306968688964844
0.110809326171875 -0.042755126953125 -0.00956249237060546 -0.00253868103027344
0.114738464355469 -0.0025787353515625 0.0383987426757813 -0.0345191955566406
0.113784790039062 0.0253448486328125 0.130378723144531 0.0054779052734375
0.0385246276855469 0.0391921997070313 0.131500244140625 -0.092864990234375
0.0544853210449219 0.0263938903808594 0.119789123535156 -0.0824661254882813
0.0655708312988281 -0.00699996948242187 0.0754013061523438 -0.0459060668945313
0.0391845703125 -0.0330772399902344 0.060577392578125 -0.0272178649902344
0.0262069702148438 -0.0389595031738281 0.0495452880859375 0.00274658203125
0.000556945800781251 -0.0467529296875 0.0580177307128906 0.0188751220703125
-0.0161552429199219 -0.0470924377441406 0.0804901123046875 0.0239715576171875
-0.0150985717773437 -0.0509452819824219 0.0811233520507813 0.0383682250976563
-0.020843505859375 -0.0579986572265625 0.072265625 0.0645217895507813
-0.00261306762695312 -0.0556793212890625 0.0345993041992187 0.0924301147460938
0.0225372314453125 -0.0616340637207031 -0.000404357910156254 0.0780715942382813
0.0472793579101563 -0.0511932373046875 -0.0179786682128906 0.0430412292480469
0.0888824462890625 -0.00595855712890625 -0.00549840927124023 0.00871992111206055
0.0798492431640625 0.0323638916015625 0.0560073852539063 -0.0203399658203125
0.0573234558105469 0.0509986877441406 0.154388427734375 0.0221710205078125
0.0146408081054688 -0.0664138793945313 -0.160812377929688 -0.022003173828125
-0.0312957763671875 -0.035736083984375 -0.0645332336425781 0.0118446350097656
-0.0465354919433594 -0.00815582275390625 0.015380859375 -0.0231304168701172
-0.0337429046630859 0.0206871032714844 0.0322837829589844 -0.0628585815429688
-0.02099609375 0.0233840942382812 0.0163497924804688 -0.0968170166015625
-0.00644874572753906 0.0278091430664063 -0.0344314575195313 -0.113395690917969
-0.00941276550292969 0.0264663696289063 -0.0882110595703125 -0.0821990966796875
-0.0167732238769531 0.0230369567871094 -0.0897598266601563 -0.0511322021484375
-0.01898193359375 0.0237941741943359 -0.086029052734375 -0.029632568359375
-0.0232639312744141 0.00852394104003906 -0.0715179443359375 -0.0261154174804687
-0.0276622772216797 -0.00103759765625 -0.0575714111328125 -0.00363159179687499
-0.0325431823730469 -0.0138568878173828 -0.0606651306152344 0.0181236267089844
-0.0238456726074219 -0.0388259887695313 -0.0744476318359375 0.0367660522460938
-0.00810623168945313 -0.0563888549804688 -0.109138488769531 0.0814132690429687
0.0215492248535156 -0.066986083984375 -0.139694213867188 0.0871810913085937
0.0817031860351563 -0.0686569213867188 -0.145401000976562 -0.0450897216796875
0.025360107421875 -0.0439987182617188 -0.0544471740722656 -0.00574493408203126
0.0073699951171875 -0.0355148315429688 0.0288047790527344 -0.0358619689941406
-0.00396442413330078 -0.0155115127563477 0.0395584106445313 -0.0752639770507813
-0.0056915283203125 -0.0183601379394531 0.022705078125 -0.104515075683594
-0.0177154541015625 -0.0118236541748047 -0.0303192138671875 -0.118675231933594
-0.0369338989257813 -0.00364303588867188 -0.08056640625 -0.088165283203125
-0.0446052551269531 -0.00756835937500001 -0.0768966674804688 -0.0539474487304687
-0.0541496276855469 -0.00194168090820312 -0.0751724243164062 -0.0308685302734375
-0.0491180419921875 -0.0221443176269531 -0.0621528625488281 -0.0214309692382813
-0.041351318359375 -0.0439682006835938 -0.0487632751464844 -0.00104522705078126
-0.028076171875 -0.0617790222167969 -0.0552253723144531 0.01470947265625
0.0155410766601562 -0.0788803100585938 -0.062042236328125 0.0277481079101562
0.0389556884765625 -0.084869384765625 -0.09130859375 0.0675811767578125
0.0842132568359375 -0.0828857421875 -0.114295959472656 0.0726852416992187
0.13873291015625 -0.0615692138671875 -0.107818603515625 -0.0647659301757813
0.0835723876953125 -0.0450363159179688 -0.0288600921630859 -0.0203418731689453
0.06671142578125 -0.0631561279296875 0.0489463806152344 -0.0449142456054688
0.0297317504882812 -0.0572700500488281 0.0490646362304688 -0.0832977294921875
0.0108985900878906 -0.0637397766113281 0.0287551879882813 -0.104118347167969
-0.0271568298339844 -0.0534172058105469 -0.024017333984375 -0.111785888671875
-0.0597152709960938 -0.0354995727539062 -0.0625457763671875 -0.0806808471679688
-0.0665512084960937 -0.0371551513671875 -0.0525093078613281 -0.0493659973144531
-0.082427978515625 -0.02734375 -0.0523490905761719 -0.0269126892089844
-0.0696678161621094 -0.0478286743164063 -0.0420646667480469 -0.0108451843261719
-0.0535507202148437 -0.0784912109375 -0.0354042053222656 0.00648880004882812
-0.0277862548828125 -0.100723266601563 -0.0486183166503906 0.0148468017578125
0.0464630126953125 -0.112228393554688 -0.0507469177246094 0.0182037353515625
0.0772628784179687 -0.10528564453125 -0.0688705444335938 0.044097900390625
0.133674621582031 -0.0883712768554688 -0.0717620849609375 0.0517578125
0.174209594726563 -0.0470123291015625 -0.0534133911132812 -0.0795364379882813
0.129806518554688 -0.0427093505859375 0.00931739807128907 -0.0342235565185547
0.116958618164062 -0.0864334106445312 0.0701103210449219 -0.0491523742675781
0.0575790405273438 -0.0951919555664063 0.0593185424804688 -0.0821456909179688
0.0220413208007812 -0.104034423828125 0.0364151000976562 -0.092132568359375
-0.0348434448242188 -0.0868682861328125 -0.0119552612304687 -0.0904541015625
-0.0748748779296875 -0.0611495971679688 -0.0350341796875 -0.0627403259277344
-0.0786514282226562 -0.0621261596679688 -0.020355224609375 -0.0368309020996094
-0.0973434448242188 -0.0501861572265625 -0.0213775634765625 -0.0170364379882813
-0.0775070190429687 -0.0671005249023438 -0.0161933898925781 0.00385475158691406
-0.0556411743164063 -0.102447509765625 -0.0185527801513672 0.0163536071777344
-0.0222625732421875 -0.124885559082031 -0.0392570495605469 0.0160560607910156
0.0718231201171875 -0.128746032714844 -0.0409774780273437 0.00806808471679688
0.106689453125 -0.109596252441406 -0.0446243286132813 0.0138473510742187
0.164382934570313 -0.079559326171875 -0.0187892913818359 0.0281352996826172
0.180145263671875 -0.0301971435546875 0.00981140136718751 -0.0902862548828125
0.150299072265625 -0.0348663330078125 0.0520896911621094 -0.0493240356445313
0.14227294921875 -0.095489501953125 0.0856246948242188 -0.0526046752929688
0.0705718994140625 -0.116401672363281 0.0660629272460938 -0.0730743408203125
0.0264511108398438 -0.124626159667969 0.0434036254882813 -0.0689888000488281
-0.0392379760742188 -0.105087280273438 0.0058135986328125 -0.0594978332519531
-0.0798873901367187 -0.07568359375 9.91821289062412E-05 -0.0389480590820313
-0.0783615112304688 -0.0772933959960938 0.0150680541992187 -0.0196990966796875
-0.0963668823242188 -0.0666656494140625 0.012476921081543 -0.00180435180664063
-0.06915283203125 -0.0800247192382813 0.00939178466796875 0.0225448608398437
-0.0424728393554687 -0.113998413085938 -0.00235939025878906 0.0283927917480469
-0.00492095947265626 -0.131439208984375 -0.0300731658935547 0.0182571411132812
0.0948410034179688 -0.121589660644531 -0.0311927795410156 -0.00131797790527344
0.12646484375 -0.0906829833984375 -0.0175971984863281 -0.0153732299804688
0.17279052734375 -0.053466796875 0.0384559631347656 0.007720947265625
0.154800415039063 -0.0085296630859375 0.0681228637695313 -0.0981903076171875
0.140274047851563 -0.0197525024414063 0.0904388427734375 -0.06573486328125
0.138298034667969 -0.084075927734375 0.0926055908203125 -0.05426025390625
0.0688934326171875 -0.111000061035156 0.0687103271484375 -0.0588188171386719
0.0259017944335938 -0.118064880371094 0.0489616394042969 -0.0412445068359375
-0.0359954833984375 -0.101036071777344 0.0284633636474609 -0.0260543823242188
-0.0703582763671875 -0.0766830444335937 0.0352592468261719 -0.0142555236816406
-0.06683349609375 -0.0801239013671875 0.0474624633789062 -0.000228881835937505
-0.0803146362304688 -0.0752487182617187 0.0430755615234375 0.0178565979003906
-0.0498428344726562 -0.083984375 0.0284767150878906 0.0455093383789062
-0.0179214477539062 -0.110786437988281 0.0064544677734375 0.0440483093261719
0.02093505859375 -0.118980407714844 -0.0224971771240234 0.0228099822998047
0.111854553222656 -0.0919265747070313 -0.0206851959228516 -0.00626754760742188
0.13226318359375 -0.0530014038085938 0.0104484558105469 -0.0343437194824219
0.157470703125 -0.0173797607421875 0.0914840698242188 -0.00281524658203125
0.105987548828125 0.0145645141601562 0.111221313476563 -0.102333068847656
0.106132507324219 -1.52587890625E-05 0.113487243652344 -0.0810775756835938
0.108779907226563 -0.05303955078125 0.0880126953125 -0.0540237426757813
0.0555419921875 -0.0812911987304688 0.0663604736328125 -0.0435371398925781
0.0240020751953125 -0.0872955322265625 0.0519065856933594 -0.0159149169921875
-0.0236053466796875 -0.0798721313476563 0.0482177734375 0.00093460083007812
-0.050048828125 -0.0657157897949219 0.0655937194824219 0.00668716430664062
-0.0458564758300781 -0.070220947265625 0.0718460083007813 0.0191879272460937
-0.0547256469726562 -0.0723800659179687 0.0653877258300781 0.04119873046875
-0.025604248046875 -0.0763168334960938 0.0378494262695312 0.0706405639648438
0.00608825683593749 -0.0927352905273438 0.00674819946289062 0.0628280639648437
0.0420150756835937 -0.090606689453125 -0.0184516906738281 0.0318794250488281
0.112632751464844 -0.0504837036132813 -0.0112676620483398 -0.00278568267822266
0.118064880371094 -0.00799560546875 0.0368919372558594 -0.0370140075683594
0.119171142578125 0.0207366943359375 0.133872985839844 0.000907897949218751
0.0413627624511719 0.0383491516113281 0.131889343261719 -0.10205078125
0.0581283569335938 0.0244865417480469 0.11932373046875 -0.0888595581054688
0.0675048828125 -0.0110549926757812 0.075714111328125 -0.04913330078125
0.0378608703613281 -0.0361824035644531 0.0615768432617188 -0.030029296875
0.0243606567382812 -0.0417442321777344 0.0519599914550781 0.00113677978515625
-0.00200271606445313 -0.0477294921875 0.061798095703125 0.0173835754394531
-0.0192947387695313 -0.046600341796875 0.0848617553710938 0.02044677734375
-0.0182533264160156 -0.0510101318359375 0.0853042602539062 0.0349884033203125
-0.0244178771972656 -0.0576248168945312 0.0768203735351563 0.0632553100585938
-0.00574493408203125 -0.0562095642089844 0.0387802124023438 0.0944976806640625
0.0190391540527344 -0.0640869140625 0.001220703125 0.080657958984375
0.0460586547851563 -0.0551185607910156 -0.0187530517578125 0.0437126159667969
0.0919189453125 -0.011077880859375 -0.0066537857055664 0.00826358795166016
0.0841827392578125 0.0300140380859375 0.0553550720214844 -0.0242729187011719
0.0615158081054687 0.0497817993164062 0.159133911132813 0.0175628662109375
0.0100593566894531 -0.0686759948730469 -0.163726806640625 -0.011871337890625
-0.0345134735107422 -0.0340843200683594 -0.0631828308105469 0.0170516967773438
-0.0478668212890625 -0.00441741943359375 0.0153217315673828 -0.0232467651367188
-0.0322494506835937 0.0242424011230469 0.0301780700683594 -0.0649452209472656
-0.0180873870849609 0.0257911682128906 0.011138916015625 -0.0993118286132812
-0.00388908386230469 0.0277481079101562 -0.0415573120117188 -0.113998413085938
-0.0073089599609375 0.0265140533447266 -0.0948104858398438 -0.0775604248046875
-0.0151939392089844 0.0240859985351563 -0.0945510864257813 -0.0454025268554688
-0.0171928405761719 0.0250701904296875 -0.0907135009765625 -0.0234146118164063
-0.0227508544921875 0.00948524475097656 -0.0761260986328125 -0.0211944580078125
-0.02734375 0.000305175781250006 -0.0604209899902344 -0.000385284423828118
-0.03350830078125 -0.0110492706298828 -0.0611495971679688 0.02130126953125
-0.0274467468261719 -0.0370826721191406 -0.073822021484375 0.0401153564453125
-0.0129623413085938 -0.0559883117675781 -0.106307983398438 0.089874267578125
0.0170440673828125 -0.0701828002929688 -0.137283325195312 0.099517822265625
0.0779953002929688 -0.0756759643554687 -0.149627685546875 -0.0360260009765625
0.0231742858886719 -0.0461349487304688 -0.0540351867675781 -0.00101089477539062
0.00465011596679687 -0.0365753173828125 0.0278244018554688 -0.037017822265625
-0.00474262237548828 -0.0150156021118164 0.0367660522460938 -0.0779647827148438
-0.00646209716796875 -0.0183677673339844 0.0182647705078125 -0.107704162597656
-0.0180740356445313 -0.01123046875 -0.0378799438476563 -0.119606018066406
-0.0371627807617188 -0.002288818359375 -0.0869598388671875 -0.0832748413085938
-0.0456962585449219 -0.00518035888671874 -0.08245849609375 -0.0497512817382812
-0.055023193359375 0.000816345214843751 -0.0800399780273437 -0.0255889892578125
-0.0506973266601563 -0.0204277038574219 -0.0663795471191406 -0.0171470642089844
-0.0436744689941406 -0.0420951843261719 -0.0518722534179687 0.00167083740234376
-0.0324211120605469 -0.0599746704101563 -0.0569572448730469 0.0171890258789062
0.0109024047851563 -0.0804901123046875 -0.0615386962890625 0.03106689453125
0.0335159301757813 -0.087982177734375 -0.0886383056640625 0.074615478515625
0.0801239013671875 -0.09002685546875 -0.112068176269531 0.0834579467773438
0.136863708496094 -0.0723114013671875 -0.114051818847656 -0.05792236328125
0.0823593139648438 -0.0514144897460937 -0.0286903381347656 -0.0167007446289063
0.0634765625 -0.0688400268554688 0.04766845703125 -0.0472259521484375
0.0270042419433594 -0.0589599609375 0.0468292236328125 -0.0861663818359375
0.0065460205078125 -0.0657234191894531 0.0246047973632812 -0.107734680175781
-0.0297889709472656 -0.0529060363769531 -0.0309066772460938 -0.111824035644531
-0.0622024536132813 -0.0328483581542969 -0.0686798095703125 -0.0777206420898438
-0.0703125 -0.0342254638671875 -0.0571632385253906 -0.0462226867675781
-0.0853500366210937 -0.0225677490234375 -0.0561103820800781 -0.0219306945800781
-0.0728225708007813 -0.0443649291992188 -0.0451736450195313 -0.00739288330078126
-0.0585708618164062 -0.0761184692382813 -0.0377616882324219 0.00867843627929687
-0.0346603393554688 -0.0997467041015625 -0.0504875183105469 0.0177841186523437
0.039337158203125 -0.116439819335938 -0.0506668090820313 0.0202674865722656
0.0712890625 -0.111480712890625 -0.0671195983886719 0.0492477416992187
0.130340576171875 -0.0994186401367188 -0.0696678161621093 0.0595626831054688
0.174697875976563 -0.06085205078125 -0.0587921142578125 -0.0763092041015625
0.129463195800781 -0.0514602661132813 0.00848197937011719 -0.0322055816650391
0.113204956054687 -0.0966033935546875 0.0680465698242188 -0.05291748046875
0.052154541015625 -0.0998458862304688 0.0564346313476563 -0.0861053466796875
0.01507568359375 -0.107719421386719 0.0324020385742188 -0.0958328247070313
-0.0408859252929688 -0.0865097045898438 -0.016754150390625 -0.090789794921875
-0.0795745849609375 -0.0571441650390625 -0.0394325256347656 -0.0614509582519531
-0.0843963623046875 -0.0580291748046875 -0.02294921875 -0.0361366271972656
-0.102218627929687 -0.0433502197265625 -0.0232162475585938 -0.0151042938232422
-0.082122802734375 -0.0636444091796875 -0.0180587768554688 0.00566673278808594
-0.0625 -0.100395202636719 -0.0207500457763672 0.0172920227050781
-0.0308151245117188 -0.125038146972656 -0.0410919189453125 0.0184249877929687
0.0647048950195313 -0.135688781738281 -0.0415687561035156 0.00941085815429686
0.101387023925781 -0.117401123046875 -0.0446586608886719 0.0177040100097656
0.163299560546875 -0.0930938720703125 -0.0178585052490234 0.0320262908935547
0.182373046875 -0.04266357421875 0.00443267822265627 -0.0914993286132813
0.151092529296875 -0.0450439453125 0.0509796142578125 -0.050750732421875
0.138595581054688 -0.107772827148438 0.0843887329101563 -0.0581588745117188
0.06439208984375 -0.123023986816406 0.06396484375 -0.0775070190429688
0.0177841186523437 -0.128898620605469 0.0410079956054688 -0.072540283203125
-0.04638671875 -0.103958129882813 0.00391006469726562 -0.0600395202636719
-0.0856704711914063 -0.071197509765625 -0.00222778320312501 -0.0400505065917969
-0.0855712890625 -0.072845458984375 0.0131855010986328 -0.0216407775878906
-0.102218627929688 -0.0604095458984375 0.0120983123779297 -0.00209712982177735
-0.0754928588867187 -0.0766677856445313 0.00965118408203124 0.0229568481445313
-0.0508270263671875 -0.112464904785156 -0.00370025634765625 0.0289249420166016
-0.0136566162109375 -0.133354187011719 -0.0314826965332031 0.0206756591796875
0.08880615234375 -0.130638122558594 -0.0324802398681641 -0.000282287597656251
0.122886657714844 -0.100227355957031 -0.0199260711669922 -0.0143394470214844
0.17352294921875 -0.067291259765625 0.0390472412109375 0.00682449340820312
0.158462524414062 -0.0193634033203125 0.0636138916015625 -0.103813171386719
0.1422119140625 -0.029022216796875 0.0880279541015625 -0.0704116821289062
0.134635925292969 -0.0947036743164063 0.0911483764648438 -0.0607986450195313
0.06268310546875 -0.117164611816406 0.0673561096191406 -0.0631790161132813
0.0176925659179688 -0.122062683105469 0.0488204956054687 -0.0447616577148438
-0.0434951782226563 -0.100326538085938 0.0289726257324219 -0.0273704528808594
-0.0766372680664062 -0.072601318359375 0.0356864929199219 -0.0170860290527344
-0.0740509033203125 -0.076385498046875 0.0475921630859375 -0.0042572021484375
-0.086517333984375 -0.0702667236328125 0.04486083984375 0.015533447265625
-0.0555496215820312 -0.0821609497070313 0.0315284729003906 0.0449600219726562
-0.0260543823242188 -0.110618591308594 0.00687408447265624 0.0445480346679687
0.012939453125 -0.121841430664063 -0.0234966278076172 0.0250301361083984
0.108673095703125 -0.101486206054688 -0.0223140716552734 -0.00604438781738282
0.131393432617188 -0.0622100830078125 0.00752258300781251 -0.0356903076171875
0.160369873046875 -0.0284576416015625 0.0925979614257813 -0.007537841796875
0.109443664550781 0.007598876953125 0.106208801269531 -0.111740112304688
0.108253479003906 -0.00629425048828125 0.110122680664063 -0.087249755859375
0.107940673828125 -0.0619049072265625 0.0866546630859375 -0.0597381591796875
0.0512466430664063 -0.0860137939453125 0.0657882690429688 -0.04736328125
0.0178451538085938 -0.0908584594726563 0.0536651611328125 -0.0191612243652344
-0.0295791625976563 -0.0793228149414063 0.0510025024414063 -0.0015106201171875
-0.0555953979492188 -0.062469482421875 0.067657470703125 0.00194931030273437
-0.0515518188476562 -0.0686416625976563 0.0740890502929688 0.0130615234375
-0.0613899230957031 -0.0689544677734375 0.0690536499023438 0.0367698669433594
-0.0310745239257812 -0.0753860473632813 0.043212890625 0.0698585510253906
-0.00065612792968749 -0.0942153930664063 0.00896072387695312 0.0636215209960938
0.0358505249023437 -0.0952911376953125 -0.0189704895019531 0.0334091186523437
0.111587524414062 -0.0597152709960937 -0.0127391815185547 -0.00332069396972656
0.120063781738281 -0.0158462524414063 0.0343780517578125 -0.0402145385742188
0.123283386230469 0.0129013061523438 0.135871887207031 -0.00689697265625
0.0458641052246094 0.0361099243164063 0.127532958984375 -0.113334655761719
0.0617408752441406 0.0221519470214844 0.115058898925781 -0.0967025756835938
0.0684967041015625 -0.0161781311035156 0.074859619140625 -0.0536727905273437
0.0364265441894531 -0.0387420654296875 0.0619888305664062 -0.0332107543945313
0.0209999084472656 -0.0439262390136719 0.0549163818359375 -0.00172805786132813
-0.005706787109375 -0.0474662780761719 0.0656089782714844 0.0139198303222656
-0.0223274230957031 -0.0445213317871094 0.0878067016601563 0.014434814453125
-0.0226478576660156 -0.0498504638671875 0.0891647338867188 0.028717041015625
-0.0294227600097656 -0.0562515258789063 0.0833206176757813 0.0591506958007813
-0.00976181030273438 -0.0559005737304688 0.045318603515625 0.0935745239257813
0.0147781372070312 -0.0658950805664063 0.00443267822265625 0.0822601318359375
0.0422897338867187 -0.0598678588867188 -0.0181045532226562 0.045440673828125
0.0932846069335938 -0.0180892944335938 -0.00735330581665039 0.00842571258544922
0.0885543823242188 0.0244979858398438 0.0537261962890625 -0.028411865234375
0.0668983459472656 0.0467796325683594 0.162521362304687 0.00775146484375
0.00472259521484375 -0.0685768127441406 -0.161758422851563 -0.000854492187499974
-0.0364151000976563 -0.0311622619628906 -0.0598945617675781 0.021209716796875
-0.0478515625 -0.000980377197265619 0.0142307281494141 -0.0227642059326172
-0.0296707153320313 0.0269775390625 0.0273246765136719 -0.0651969909667969
-0.0152873992919922 0.0271701812744141 0.00620269775390625 -0.0986099243164063
-0.00111961364746094 0.0269031524658203 -0.0481185913085938 -0.110939025878906
-0.00551414489746094 0.0253543853759766 -0.0989151000976563 -0.0705413818359375
-0.012847900390625 0.0244159698486328 -0.09649658203125 -0.0378036499023438
-0.0144062042236328 0.0258197784423828 -0.0919265747070313 -0.0155029296875
-0.0215625762939453 0.0101261138916016 -0.0783309936523438 -0.0154037475585938
-0.0260143280029297 0.00242805480957031 -0.0611953735351563 0.00336837768554687
-0.0337638854980469 -0.00776481628417968 -0.0607337951660156 0.0243339538574219
-0.0299663543701172 -0.0339736938476563 -0.0712661743164063 0.043182373046875
-0.01690673828125 -0.0538291931152344 -0.09881591796875 0.0950851440429688
0.0113296508789063 -0.0706558227539063 -0.129219055175781 0.109222412109375
0.072021484375 -0.0803985595703125 -0.150192260742188 -0.0247802734375
0.0194320678710938 -0.0473442077636719 -0.0514869689941406 0.00354766845703124
0.00185394287109375 -0.0362777709960938 0.0258293151855469 -0.037689208984375
-0.00506114959716797 -0.0137948989868164 0.0328826904296875 -0.0783157348632813
-0.00696849822998047 -0.0171003341674805 0.0120086669921875 -0.106986999511719
-0.0172643661499023 -0.0107803344726562 -0.0443801879882813 -0.116180419921875
-0.03668212890625 -0.000629425048828122 -0.0918045043945313 -0.076568603515625
-0.0459060668945313 -0.00245285034179689 -0.0848236083984375 -0.042449951171875
-0.0538597106933594 0.004669189453125 -0.0818099975585937 -0.0185317993164063
-0.0512161254882813 -0.0174064636230469 -0.0685081481933594 -0.012054443359375
-0.04510498046875 -0.0386962890625 -0.0532455444335938 0.00470733642578126
-0.0357170104980469 -0.0563583374023438 -0.0567245483398438 0.020111083984375
0.00469970703125 -0.07965087890625 -0.0600051879882813 0.0325546264648437
0.0268325805664063 -0.0887298583984375 -0.0828628540039063 0.0792922973632812
0.0734100341796875 -0.0952072143554688 -0.105323791503906 0.09271240234375
0.130439758300781 -0.0809402465820313 -0.115425109863281 -0.0486602783203125
0.0783920288085938 -0.0559539794921875 -0.0281085968017578 -0.0122833251953125
0.0574874877929688 -0.0726242065429688 0.0446281433105469 -0.0489654541015625
0.0233230590820313 -0.0594863891601563 0.0419464111328125 -0.0875015258789062
0.00237655639648438 -0.0656929016113281 0.01812744140625 -0.107978820800781
-0.0328369140625 -0.0505485534667969 -0.0370635986328125 -0.108970642089844
-0.0641899108886719 -0.028411865234375 -0.0727081298828125 -0.07171630859375
-0.0724716186523438 -0.0289230346679687 -0.0600051879882813 -0.0413398742675781
-0.0852813720703125 -0.0159835815429688 -0.0580940246582031 -0.0171165466308594
-0.0744705200195313 -0.039520263671875 -0.0472984313964844 -0.00352096557617189
-0.0619735717773438 -0.0713729858398438 -0.0391921997070313 0.0112457275390625
-0.04107666015625 -0.0956344604492188 -0.0504531860351563 0.0204696655273438
0.0312576293945312 -0.117454528808594 -0.049591064453125 0.0221176147460937
0.0631179809570313 -0.1143798828125 -0.0632667541503906 0.0532798767089844
0.122650146484375 -0.108566284179688 -0.0655746459960938 0.0657844543457031
0.168807983398438 -0.072906494140625 -0.0630111694335937 -0.0701560974121094
0.125038146972656 -0.059722900390625 0.00761032104492188 -0.0303573608398438
0.103973388671875 -0.10369873046875 0.0646476745605469 -0.0566291809082031
0.044769287109375 -0.102317810058594 0.0517120361328125 -0.0879669189453125
0.0069580078125 -0.107429504394531 0.0269241333007813 -0.0963363647460937
-0.046295166015625 -0.0830154418945313 -0.0216140747070312 -0.08807373046875
-0.0822906494140625 -0.0514144897460937 -0.0426826477050781 -0.0585479736328125
-0.0880661010742188 -0.0515594482421875 -0.0263004302978516 -0.0345382690429688
-0.103813171386719 -0.035491943359375 -0.0249671936035156 -0.0122795104980469
-0.0853195190429688 -0.0575714111328125 -0.0192031860351563 0.00716018676757812
-0.0683670043945313 -0.0944290161132812 -0.0217781066894531 0.0187053680419922
-0.0392837524414063 -0.12066650390625 -0.0420036315917969 0.0213279724121094
0.0545120239257812 -0.138954162597656 -0.0412330627441406 0.0106086730957031
0.0923995971679688 -0.122604370117188 -0.0432090759277344 0.0202293395996094
0.155593872070313 -0.10443115234375 -0.0151195526123047 0.0342464447021484
0.177017211914063 -0.0553131103515625 -0.00128173828125 -0.090118408203125
0.147476196289063 -0.0540771484375 0.047943115234375 -0.0506477355957031
0.128509521484375 -0.116996765136719 0.0802764892578125 -0.0615997314453125
0.0550765991210938 -0.125411987304688 0.0605545043945313 -0.079254150390625
0.00783538818359376 -0.128791809082031 0.03704833984375 -0.0745773315429688
-0.0529403686523438 -0.0992584228515625 0.00141525268554687 -0.0590400695800781
-0.0889205932617188 -0.063934326171875 -0.00458908081054688 -0.039154052734375
-0.0903701782226563 -0.0656661987304687 0.0111675262451172 -0.0224704742431641
-0.105201721191406 -0.0517196655273437 0.0116453170776367 -0.00256443023681641
-0.0793304443359375 -0.07098388671875 0.0100345611572266 0.0224552154541016
-0.0579757690429688 -0.107215881347656 -0.00424003601074219 0.0293216705322266
-0.023651123046875 -0.129974365234375 -0.0325279235839844 0.0219326019287109
0.0789794921875 -0.136268615722656 -0.0325355529785156 0.00020027160644531
0.115158081054688 -0.106903076171875 -0.0208683013916016 -0.0126285552978516
0.167816162109375 -0.07989501953125 0.0391273498535156 0.00590896606445312
0.1561279296875 -0.0307464599609375 0.055877685546875 -0.106559753417969
0.139389038085938 -0.0377044677734375 0.0830535888671875 -0.0728836059570313
0.126502990722656 -0.103874206542969 0.0863113403320313 -0.064849853515625
0.0542526245117187 -0.119606018066406 0.0644607543945313 -0.0657882690429688
0.00858306884765624 -0.122467041015625 0.0467567443847656 -0.0471076965332031
-0.0497817993164062 -0.0961837768554688 0.0282478332519531 -0.0281429290771484
-0.0802001953125 -0.0659332275390625 0.0344161987304687 -0.0194034576416016
-0.0787811279296875 -0.0699234008789063 0.0456695556640625 -0.00829696655273438
-0.0915451049804688 -0.061981201171875 0.0449943542480469 0.0125732421875
-0.05987548828125 -0.0768508911132813 0.0331687927246094 0.0428581237792969
-0.0337142944335938 -0.106925964355469 0.00732040405273438 0.0440711975097656
0.00337982177734376 -0.121444702148437 -0.0241317749023438 0.0258655548095703
0.10052490234375 -0.109306335449219 -0.0230484008789062 -0.0057811737060547
0.125625610351563 -0.0704498291015625 0.00457000732421876 -0.0359649658203125
0.1575927734375 -0.0403594970703125 0.0907669067382813 -0.012542724609375
0.109535217285156 -0.00055694580078125 0.0983123779296875 -0.117713928222656
0.107383728027344 -0.0128326416015625 0.104194641113281 -0.0916748046875
0.103034973144531 -0.06927490234375 0.0820541381835938 -0.0633316040039063
0.0452194213867188 -0.0883712768554687 0.0634803771972656 -0.0502777099609375
0.0108566284179688 -0.0912399291992187 0.0532302856445313 -0.02252197265625
-0.0347366333007812 -0.0763168334960938 0.0517044067382813 -0.00379562377929688
-0.0584564208984375 -0.0572624206542969 0.0677566528320313 -0.0035400390625
-0.0561332702636719 -0.0635566711425781 0.0735015869140625 0.0070953369140625
-0.0656051635742187 -0.0630569458007813 0.0711441040039063 0.0318756103515625
-0.0354995727539062 -0.0720062255859375 0.0468215942382813 0.0669441223144531
-0.00720214843750001 -0.0926361083984375 0.0108795166015625 0.0628852844238281
0.028289794921875 -0.0965347290039062 -0.0187129974365234 0.0337104797363281
0.107101440429688 -0.067718505859375 -0.0132303237915039 -0.00336742401123047
0.118850708007813 -0.0234527587890625 0.0300407409667969 -0.0423583984375
0.12371826171875 0.003875732421875 0.13385009765625 -0.015045166015625
0.0489158630371094 0.031982421875 0.118690490722656 -0.120986938476563
0.0623779296875 0.0179862976074219 0.108100891113281 -0.102188110351563
0.0675125122070313 -0.0219764709472656 0.071258544921875 -0.0568008422851563
0.0331077575683594 -0.0410079956054688 0.0601615905761719 -0.0355224609375
0.0173873901367188 -0.0457038879394531 0.0552558898925781 -0.00466537475585938
-0.0088958740234375 -0.0468292236328125 0.0675277709960938 0.00986862182617187
-0.0250244140625 -0.0416336059570313 0.0885696411132813 0.00743865966796875
-0.0257148742675781 -0.047088623046875 0.0896148681640625 0.0216598510742188
-0.0338935852050781 -0.052764892578125 0.0864105224609375 0.0519943237304688
-0.0134124755859375 -0.0540885925292969 0.0508651733398438 0.0907745361328125
0.00977325439453126 -0.06591796875 0.00812530517578126 0.0814590454101563
0.0373344421386719 -0.0619964599609375 -0.016815185546875 0.0454444885253906
0.091766357421875 -0.0257949829101563 -0.0076298713684082 0.00775003433227539
0.0891647338867188 0.0182342529296875 0.0496940612792969 -0.0322265625
0.0694007873535156 0.0416641235351563 0.160263061523437 -0.0023040771484375
0.000499725341796879 -0.0666084289550781 -0.157089233398438 0.00555419921874997
-0.0368385314941406 -0.0298423767089844 -0.0565948486328125 0.0233001708984375
-0.0465354919433594 0.00191879272460937 0.0143642425537109 -0.0214176177978516
-0.0267009735107422 0.0278339385986328 0.0253257751464844 -0.0639152526855469
-0.0123310089111328 0.0277156829833984 0.00320434570312499 -0.0963363647460938
0.000272750854492185 0.0249748229980469 -0.051300048828125 -0.106727600097656
-0.00445175170898437 0.0239124298095703 -0.0993728637695312 -0.0638351440429688
-0.0118045806884766 0.0241565704345703 -0.0958175659179688 -0.03106689453125
-0.0127983093261719 0.0247039794921875 -0.090728759765625 -0.00993347167968748
-0.020263671875 0.0105361938476563 -0.0789108276367188 -0.0106582641601563
-0.0245742797851563 0.00290870666503906 -0.0609207153320313 0.00590896606445313
-0.0326023101806641 -0.00512886047363281 -0.0594024658203125 0.0257911682128906
-0.0311756134033203 -0.0308094024658203 -0.0683746337890625 0.0429611206054687
-0.0192070007324219 -0.0515213012695313 -0.0926742553710938 0.096893310546875
0.00734710693359376 -0.0693550109863281 -0.121284484863281 0.113906860351562
0.065521240234375 -0.0817108154296875 -0.146408081054688 -0.0174102783203125
0.0171432495117188 -0.0470085144042969 -0.0482749938964844 0.00642395019531249
0.000110626220703124 -0.0352516174316406 0.024688720703125 -0.03662109375
-0.00498867034912109 -0.0123882293701172 0.030426025390625 -0.0767745971679688
-0.00685310363769531 -0.0160818099975586 0.00833129882812501 -0.104812622070313
-0.0172910690307617 -0.0102128982543945 -0.0477523803710937 -0.111824035644531
-0.0356674194335938 0.000362396240234377 -0.0926361083984375 -0.0693511962890625
-0.0450439453125 -0.000492095947265627 -0.08465576171875 -0.0367279052734375
-0.0519866943359375 0.00625610351562499 -0.0813980102539063 -0.0129013061523438
-0.0500259399414063 -0.0154495239257812 -0.0689620971679687 -0.00820159912109374
-0.0446815490722656 -0.0360565185546875 -0.0538978576660156 0.00674819946289063
-0.0370979309082031 -0.0524482727050781 -0.056060791015625 0.021697998046875
0.000686645507812502 -0.0772552490234375 -0.0575103759765625 0.0325736999511719
0.022216796875 -0.0870742797851563 -0.076934814453125 0.080841064453125
0.06695556640625 -0.09710693359375 -0.098907470703125 0.0962448120117188
0.122940063476563 -0.0855712890625 -0.113792419433594 -0.0414352416992188
0.0740280151367188 -0.0579757690429688 -0.0259819030761719 -0.00953483581542969
0.0517501831054687 -0.0734405517578125 0.04229736328125 -0.0483856201171875
0.0204582214355469 -0.0583534240722656 0.0393600463867188 -0.0857009887695313
-0.00101089477539063 -0.0638809204101563 0.0151214599609375 -0.105857849121094
-0.03399658203125 -0.0479087829589844 -0.0396804809570313 -0.104446411132813
-0.0635108947753906 -0.0247535705566406 -0.0738296508789063 -0.06610107421875
-0.0723342895507813 -0.0244903564453125 -0.060943603515625 -0.0371894836425781
-0.0839157104492188 -0.0119400024414062 -0.0580329895019531 -0.0127105712890625
-0.0737991333007812 -0.035614013671875 -0.0483169555664063 -0.000686645507812505
-0.0634498596191406 -0.0670585632324219 -0.0402183532714844 0.0124015808105469
-0.0439834594726563 -0.0899276733398438 -0.0502433776855469 0.0219306945800781
0.02471923828125 -0.116226196289063 -0.0487747192382813 0.0215988159179687
0.0562973022460937 -0.113090515136719 -0.0592994689941406 0.0547142028808594
0.114265441894531 -0.112350463867188 -0.0608634948730469 0.0691452026367188
0.160812377929688 -0.07977294921875 -0.0634841918945312 -0.0645484924316406
0.119575500488281 -0.063262939453125 0.00803947448730469 -0.0276813507080078
0.0960922241210938 -0.106636047363281 0.0614395141601563 -0.0561904907226563
0.0397109985351562 -0.101104736328125 0.0488967895507812 -0.086822509765625
0.00162506103515624 -0.104476928710937 0.0240478515625 -0.094879150390625
-0.048065185546875 -0.0786666870117188 -0.02337646484375 -0.08489990234375
-0.0825958251953125 -0.0463409423828125 -0.0442047119140625 -0.0543746948242188
-0.0887222290039063 -0.0459442138671875 -0.027862548828125 -0.0321617126464844
-0.102073669433594 -0.0283203125 -0.0260639190673828 -0.00967979431152344
-0.0846633911132813 -0.052581787109375 -0.0203590393066406 0.0088043212890625
-0.0704421997070313 -0.088714599609375 -0.0224971771240234 0.0194244384765625
-0.043853759765625 -0.115646362304688 -0.0425071716308594 0.0218658447265625
0.0469284057617188 -0.138084411621094 -0.0410118103027344 0.0103912353515625
0.0845260620117187 -0.123161315917969 -0.041473388671875 0.0212974548339844
0.147430419921875 -0.109756469726563 -0.0132675170898437 0.0358314514160156
0.170639038085938 -0.0631866455078125 -0.00469207763671874 -0.0870742797851563
0.141708374023438 -0.0590972900390625 0.0463676452636719 -0.0491523742675781
0.120132446289063 -0.120086669921875 0.0765228271484375 -0.0621414184570313
0.0484237670898438 -0.124664306640625 0.057159423828125 -0.0790481567382813
0.00164031982421876 -0.125907897949219 0.0345458984375 -0.0738525390625
-0.0565261840820312 -0.09423828125 0.000938415527343747 -0.0570182800292969
-0.0893936157226562 -0.058502197265625 -0.00580215454101563 -0.0374984741210938
-0.0920791625976562 -0.05975341796875 0.00889587402343749 -0.0223903656005859
-0.105361938476563 -0.044830322265625 0.0101289749145508 -0.00233936309814453
-0.0801467895507813 -0.0654067993164063 0.00930786132812499 0.0226840972900391
-0.0603866577148437 -0.101631164550781 -0.00524520874023438 0.029296875
-0.0289764404296875 -0.1248779296875 -0.0331993103027344 0.0230426788330078
0.0709228515625 -0.137336730957031 -0.0331687927246094 -0.000595092773437513
0.107833862304687 -0.109443664550781 -0.0215530395507812 -0.0112419128417969
0.160659790039062 -0.086090087890625 0.0380706787109375 0.00514984130859375
0.150833129882812 -0.0376739501953125 0.05072021484375 -0.105667114257812
0.134635925292969 -0.0425796508789063 0.0791778564453125 -0.0718536376953125
0.118560791015625 -0.107513427734375 0.0819244384765625 -0.0657958984375
0.0480575561523437 -0.118988037109375 0.0615615844726563 -0.0659942626953125
0.00234222412109376 -0.119743347167969 0.0447921752929688 -0.047821044921875
-0.0525894165039062 -0.0911941528320313 0.0281715393066406 -0.0283756256103516
-0.0809860229492188 -0.060028076171875 0.033294677734375 -0.0210418701171875
-0.080657958984375 -0.0643157958984375 0.043670654296875 -0.0101547241210938
-0.0919876098632813 -0.0554351806640625 0.0436058044433594 0.0100898742675781
-0.06195068359375 -0.07244873046875 0.0332450866699219 0.0408706665039062
-0.03802490234375 -0.102340698242188 0.00683975219726563 0.0434646606445312
-0.00221252441406251 -0.118179321289063 -0.0250720977783203 0.0260143280029297
0.093505859375 -0.112113952636719 -0.0238800048828125 -0.00618362426757814
0.120170593261719 -0.073883056640625 0.00199127197265626 -0.0352554321289063
0.152572631835938 -0.047149658203125 0.08795166015625 -0.0148849487304688
0.107452392578125 -0.00632476806640625 0.0909957885742188 -0.119430541992188
0.105506896972656 -0.0165786743164063 0.0980072021484375 -0.0922775268554688
0.0972213745117188 -0.072662353515625 0.0781326293945313 -0.0637283325195313
0.03997802734375 -0.0881500244140625 0.0605850219726563 -0.0506629943847656
0.00576019287109374 -0.08966064453125 0.0520133972167969 -0.0238456726074219
-0.037445068359375 -0.072479248046875 0.0524673461914063 -0.00574874877929688
-0.0593223571777344 -0.0522117614746094 0.066162109375 -0.00698471069335938
-0.0580635070800781 -0.0587043762207031 0.0714035034179688 0.00279998779296875
-0.0669059753417969 -0.056915283203125 0.0695877075195313 0.0275382995605469
-0.0380096435546875 -0.0680809020996094 0.0480384826660156 0.0635032653808594
-0.0112686157226562 -0.0895462036132813 0.0113487243652344 0.0613746643066406
0.0227737426757812 -0.0950164794921875 -0.01904296875 0.0337963104248047
0.102249145507812 -0.0720977783203125 -0.0139884948730469 -0.00435638427734376
0.114982604980469 -0.0281829833984375 0.0264129638671875 -0.04266357421875
0.121734619140625 -0.00231170654296875 0.129203796386719 -0.0194931030273437
0.0494766235351563 0.0288887023925781 0.110877990722656 -0.123710632324219
0.0624656677246094 0.0149421691894531 0.101654052734375 -0.102981567382813
0.0650825500488281 -0.0248641967773438 0.0671844482421875 -0.0567588806152344
0.0300483703613281 -0.0418815612792969 0.0580101013183594 -0.0364837646484375
0.0142364501953125 -0.0457191467285156 0.0554428100585937 -0.00662994384765625
-0.011474609375 -0.0445327758789063 0.0680007934570313 0.00694656372070312
-0.0260353088378906 -0.0386009216308594 0.0867538452148438 0.00205230712890625
-0.0277175903320313 -0.0439414978027344 0.0876541137695312 0.015472412109375
-0.0353965759277344 -0.0485343933105469 0.0857772827148438 0.0460891723632813
-0.0159149169921875 -0.0509910583496094 0.0537338256835938 0.086334228515625
0.00598526000976562 -0.0638771057128906 0.00959014892578125 0.0797500610351563
0.0331459045410156 -0.0626373291015625 -0.0165367126464844 0.0451393127441406
0.0885009765625 -0.0303573608398438 -0.00804758071899414 0.0069737434387207
0.088470458984375 0.0137100219726563 0.04595947265625 -0.0347175598144531
0.0704421997070313 0.0375137329101563 0.155746459960937 -0.008636474609375
-0.00164794921875001 -0.0650787353515625 -0.1536865234375 0.00796508789062502
-0.0375404357910156 -0.0280799865722656 -0.0536384582519531 0.0240364074707031
-0.0464134216308594 0.00350189208984374 0.0146732330322266 -0.0201015472412109
-0.0248737335205078 0.0287570953369141 0.0255470275878906 -0.0620193481445312
-0.0108661651611328 0.0270729064941406 0.0029449462890625 -0.0949554443359375
0.00111198425292969 0.0231494903564453 -0.0515518188476563 -0.104560852050781
-0.00461196899414063 0.0230884552001953 -0.09912109375 -0.0597305297851563
-0.0115299224853516 0.0236034393310547 -0.0944366455078125 -0.0279159545898438
-0.0119571685791016 0.0245952606201172 -0.0901947021484375 -0.006378173828125
-0.0197296142578125 0.00982093811035156 -0.07940673828125 -0.008819580078125
-0.0235157012939453 0.00299835205078125 -0.0615425109863281 0.00656509399414064
-0.0314464569091797 -0.00398063659667969 -0.0587348937988281 0.0257148742675781
-0.0314388275146484 -0.0291347503662109 -0.0671310424804688 0.0420074462890625
-0.0204963684082031 -0.0494003295898438 -0.0888519287109375 0.0964736938476563
0.00496292114257812 -0.0687713623046875 -0.116935729980469 0.1158447265625
0.0620803833007813 -0.0815048217773438 -0.14312744140625 -0.0146331787109375
0.0158653259277344 -0.0459823608398438 -0.046112060546875 0.00787734985351563
-0.00183296203613281 -0.0344257354736328 0.0242385864257813 -0.0351524353027344
-0.00471973419189453 -0.011754035949707 0.0302352905273438 -0.07513427734375
-0.00672340393066406 -0.015284538269043 0.00836944580078125 -0.102996826171875
-0.0165262222290039 -0.0106821060180664 -0.0484542846679688 -0.109062194824219
-0.0352287292480469 0.000312805175781243 -0.092620849609375 -0.06610107421875
-0.0442352294921875 0.000423431396484366 -0.084320068359375 -0.0335006713867188
-0.0504875183105469 0.00758361816406251 -0.080596923828125 -0.0091094970703125
-0.0487136840820313 -0.014678955078125 -0.0699729919433594 -0.00588226318359376
-0.0439224243164063 -0.0345039367675781 -0.054718017578125 0.00778198242187501
-0.0369758605957031 -0.0503578186035156 -0.056182861328125 0.0219650268554687
-0.00128173828125001 -0.0753860473632813 -0.0568504333496094 0.0311317443847656
0.0199127197265625 -0.0848922729492188 -0.0742645263671875 0.0808792114257813
0.0634841918945312 -0.0972061157226563 -0.0949554443359375 0.098297119140625
0.117813110351563 -0.0865859985351563 -0.112197875976563 -0.0381622314453125
0.0718841552734375 -0.0585708618164063 -0.0241565704345703 -0.00731468200683594
0.0486221313476563 -0.0733184814453125 0.04132080078125 -0.0465316772460938
0.0190391540527344 -0.05780029296875 0.0386962890625 -0.0843124389648438
-0.002227783203125 -0.0620231628417969 0.0139999389648437 -0.103843688964844
-0.0341835021972656 -0.0464744567871094 -0.0401535034179687 -0.101669311523437
-0.0626335144042969 -0.0236320495605469 -0.074371337890625 -0.0629653930664063
-0.071929931640625 -0.0224761962890625 -0.0610885620117188 -0.0340309143066406
-0.0815353393554687 -0.00936126708984376 -0.0577812194824219 -0.00992202758789062
-0.0729827880859375 -0.0336151123046875 -0.048797607421875 0.000839233398437505
-0.0631942749023438 -0.064483642578125 -0.0411224365234375 0.0133323669433594
-0.0447158813476563 -0.0868606567382812 -0.0512237548828125 0.0223274230957031
0.0217208862304687 -0.114395141601563 -0.0484085083007813 0.0205192565917969
0.0527267456054688 -0.111778259277344 -0.056915283203125 0.0548362731933594
0.109832763671875 -0.113677978515625 -0.0581588745117188 0.0710830688476563
0.1553955078125 -0.0820159912109375 -0.062835693359375 -0.0617942810058594
0.116508483886719 -0.06439208984375 0.00938034057617188 -0.0249900817871094
0.091400146484375 -0.106727600097656 0.0595016479492188 -0.054656982421875
0.036529541015625 -0.0997543334960938 0.0480270385742188 -0.0855789184570312
-0.00146484374999999 -0.102058410644531 0.0231170654296875 -0.0935134887695313
-0.0491409301757813 -0.0757064819335938 -0.022735595703125 -0.0824508666992187
-0.0816421508789063 -0.043182373046875 -0.0440254211425781 -0.05224609375
-0.0891799926757813 -0.04290771484375 -0.0287513732910156 -0.0306911468505859
-0.100883483886719 -0.025390625 -0.0258827209472656 -0.00840377807617188
-0.0838546752929688 -0.0497970581054687 -0.0211238861083984 0.00961685180664062
-0.0703964233398438 -0.0854415893554687 -0.0238780975341797 0.0199146270751953
-0.0452041625976562 -0.111053466796875 -0.04364013671875 0.0226593017578125
0.0427398681640625 -0.137237548828125 -0.0414161682128906 0.00886535644531249
0.08050537109375 -0.121917724609375 -0.0406112670898437 0.0215339660644531
0.142379760742188 -0.112289428710937 -0.0120849609375 0.037109375
0.166259765625 -0.06597900390625 -0.00579833984374999 -0.0847091674804688
0.139015197753906 -0.06011962890625 0.0462112426757813 -0.0471534729003906
0.114753723144531 -0.120536804199219 0.0735855102539063 -0.060394287109375
0.0451889038085937 -0.122474670410156 0.0562973022460938 -0.0784225463867188
-0.00189971923828126 -0.122756958007813 0.0338897705078125 -0.073150634765625
-0.0574264526367188 -0.0911331176757812 0.0012054443359375 -0.0561790466308594
-0.0889511108398438 -0.0550613403320313 -0.00651931762695313 -0.0375175476074219
-0.092681884765625 -0.0558242797851563 0.00757789611816406 -0.0228519439697266
-0.104072570800781 -0.0408477783203125 0.0092020034790039 -0.00229644775390625
-0.0799713134765625 -0.0626068115234375 0.00840950012207031 0.0221748352050781
-0.0617294311523438 -0.0980453491210937 -0.00669288635253907 0.0292778015136719
-0.0316162109375 -0.121635437011719 -0.0347118377685547 0.0231533050537109
0.0667800903320312 -0.13726806640625 -0.0341243743896484 -0.00174903869628908
0.103202819824219 -0.108818054199219 -0.0217304229736328 -0.010711669921875
0.156463623046875 -0.08990478515625 0.0378227233886719 0.00579071044921874
0.1474609375 -0.040283203125 0.048126220703125 -0.104621887207031
0.132522583007812 -0.0437088012695312 0.0780105590820313 -0.0709228515625
0.114395141601563 -0.108757019042969 0.0797576904296875 -0.064208984375
0.0447235107421875 -0.117324829101563 0.0602836608886719 -0.0650901794433594
-0.00099182128906251 -0.117378234863281 0.0445518493652344 -0.0474586486816406
-0.0533905029296875 -0.087982177734375 0.0289077758789062 -0.0284061431884766
-0.0806198120117188 -0.0568466186523437 0.0323295593261719 -0.0216751098632813
-0.0819549560546875 -0.0606002807617188 0.0418930053710937 -0.0113029479980469
-0.0916366577148438 -0.0511474609375 0.0420684814453125 0.00870895385742187
-0.061920166015625 -0.0698928833007813 0.0322151184082031 0.0396080017089844
-0.0392532348632812 -0.099609375 0.0052947998046875 0.04302978515625
-0.00548553466796875 -0.115036010742188 -0.0263614654541016 0.0259494781494141
0.0888214111328125 -0.113235473632813 -0.0244045257568359 -0.00752639770507813
0.116592407226563 -0.0751953125 0.000577926635742194 -0.0348129272460938
0.149185180664062 -0.05084228515625 0.085357666015625 -0.0149917602539063
0.105010986328125 -0.00888824462890625 0.0874404907226563 -0.119224548339844
0.103981018066406 -0.0182266235351563 0.0952301025390625 -0.090789794921875
0.0945281982421875 -0.073760986328125 0.0756072998046875 -0.0623626708984375
0.0373153686523438 -0.0870361328125 0.0600929260253906 -0.0501670837402344
0.00301361083984376 -0.0879440307617188 0.0516128540039062 -0.0242118835449219
-0.0385169982910156 -0.0698165893554688 0.0533294677734375 -0.00693511962890626
-0.0587959289550781 -0.0494728088378906 0.0652580261230469 -0.00889968872070313
-0.0588531494140625 -0.0555877685546875 0.0694236755371094 0.000492095947265622
-0.0675430297851563 -0.0536270141601562 0.068084716796875 0.0251960754394531
-0.0383567810058594 -0.0660438537597656 0.0479507446289063 0.0615196228027344
-0.0127410888671875 -0.0867538452148438 0.0100784301757812 0.0608253479003906
0.019683837890625 -0.0934219360351563 -0.0205726623535156 0.0332717895507813
0.0986099243164063 -0.0743484497070313 -0.0154333114624023 -0.00566482543945313
0.1126708984375 -0.0302047729492188 0.024322509765625 -0.0431098937988281
0.119880676269531 -0.00555419921875 0.125869750976563 -0.02105712890625
0.0489730834960938 0.0274200439453125 0.106498718261719 -0.123710632324219
0.0622406005859375 0.0140190124511719 0.0980606079101563 -0.101448059082031
0.064056396484375 -0.0262107849121094 0.0658988952636719 -0.0562973022460938
0.0283889770507813 -0.041748046875 0.0574378967285156 -0.0360183715820313
0.0125923156738281 -0.0452232360839844 0.055084228515625 -0.00732421875
-0.0121498107910156 -0.0428962707519531 0.0682563781738281 0.00547409057617187
-0.0268058776855469 -0.0367088317871094 0.0850067138671875 -0.000740051269531252
-0.0284156799316406 -0.0421371459960937 0.0857086181640625 0.0125656127929687
-0.0365753173828125 -0.0456886291503906 0.0844192504882813 0.0429840087890625
-0.0165519714355469 -0.0499114990234375 0.0542678833007813 0.0833740234375
0.00427627563476563 -0.0619926452636719 0.00930786132812499 0.0791778564453125
0.03045654296875 -0.0622291564941406 -0.0178413391113281 0.0440597534179687
0.0861968994140625 -0.0323944091796875 -0.00940895080566406 0.00510787963867187
0.0872344970703125 0.0118637084960938 0.0429916381835938 -0.0343399047851563
0.07073974609375 0.0353012084960938 0.151779174804688 -0.0109405517578125
-0.00299072265625 -0.0648841857910156 -0.1541748046875 0.00930786132812498
-0.0379905700683594 -0.0279350280761719 -0.0536766052246094 0.0250205993652344
-0.0466232299804688 0.00423812866210939 0.0155487060546875 -0.0186271667480469
-0.0238285064697266 0.0294055938720703 0.0269584655761719 -0.0613670349121094
-0.00949859619140625 0.0278682708740234 0.00443267822265625 -0.0956573486328125
0.00100898742675781 0.0224819183349609 -0.0526275634765625 -0.105224609375
-0.00461387634277344 0.0227146148681641 -0.09930419921875 -0.0583038330078125
-0.0110054016113281 0.0237922668457031 -0.0953292846679688 -0.026458740234375
-0.0118751525878906 0.0240669250488281 -0.0910415649414063 -0.00452423095703125
-0.0197830200195313 0.00955009460449219 -0.0813522338867188 -0.00793457031249999
-0.0229434967041016 0.00264167785644531 -0.0633659362792969 0.00667190551757811
-0.0316104888916016 -0.00291061401367187 -0.0599746704101563 0.0255928039550781
-0.0316123962402344 -0.0282573699951172 -0.0680465698242188 0.0415687561035156
-0.0210723876953125 -0.0496940612792969 -0.088897705078125 0.0968246459960938
0.00348663330078125 -0.0694351196289063 -0.116561889648438 0.1185302734375
0.0608596801757813 -0.0818634033203125 -0.143112182617188 -0.013275146484375
0.0150642395019531 -0.0469245910644531 -0.0452041625976563 0.00938796997070312
-0.00245094299316406 -0.0346279144287109 0.0252819061279297 -0.033843994140625
-0.00367164611816406 -0.0108194351196289 0.0316162109375 -0.0753097534179688
-0.00624847412109375 -0.0150575637817383 0.0094146728515625 -0.103721618652344
-0.0166158676147461 -0.0113754272460937 -0.0488052368164063 -0.110115051269531
-0.0357017517089844 0.000476837158203125 -0.0929718017578125 -0.0644989013671875
-0.0445747375488281 0.00105667114257813 -0.084869384765625 -0.0317535400390625
-0.0501861572265625 0.00774765014648438 -0.0812530517578125 -0.007598876953125
-0.0487861633300781 -0.0144500732421875 -0.0721359252929688 -0.00457763671874999
-0.043914794921875 -0.0350914001464844 -0.0569076538085938 0.00806427001953124
-0.0368461608886719 -0.0492362976074219 -0.0582504272460938 0.0221710205078125
-0.00157165527343749 -0.0752639770507813 -0.05828857421875 0.0306129455566406
0.0186004638671875 -0.0851516723632813 -0.0737075805664063 0.08135986328125
0.0617523193359375 -0.0985488891601563 -0.0941238403320312 0.101425170898437
0.117256164550781 -0.0880279541015625 -0.111587524414062 -0.0367660522460938
0.0713653564453125 -0.0590133666992188 -0.0228290557861328 -0.00605201721191407
0.0476608276367188 -0.073974609375 0.042022705078125 -0.0453605651855469
0.0189399719238281 -0.0570144653320312 0.0400161743164062 -0.084014892578125
-0.0025787353515625 -0.0616798400878906 0.015472412109375 -0.104469299316406
-0.0341911315917969 -0.0467529296875 -0.0396804809570313 -0.102043151855469
-0.0627670288085938 -0.0231437683105469 -0.07464599609375 -0.0616912841796875
-0.0725936889648438 -0.021392822265625 -0.0617103576660156 -0.0327644348144531
-0.081787109375 -0.00802612304687499 -0.0586280822753906 -0.008392333984375
-0.072906494140625 -0.0339508056640625 -0.0506629943847656 0.00245285034179687
-0.0630226135253906 -0.0641326904296875 -0.0438041687011719 0.0138626098632812
-0.0451126098632813 -0.0855331420898438 -0.0531349182128906 0.0226898193359375
0.0207366943359375 -0.115608215332031 -0.0502128601074219 0.0186843872070312
0.0517196655273438 -0.111541748046875 -0.0574569702148438 0.0553627014160156
0.108955383300781 -0.115890502929688 -0.0577545166015625 0.0728759765625
0.154922485351563 -0.082916259765625 -0.0626068115234375 -0.0609321594238281
0.116676330566406 -0.0659637451171875 0.0102024078369141 -0.0235309600830078
0.089691162109375 -0.10821533203125 0.06024169921875 -0.0530967712402344
0.0355758666992187 -0.0998764038085937 0.0500869750976562 -0.0857162475585938
-0.0021209716796875 -0.101966857910156 0.024322509765625 -0.0940170288085938
-0.0493316650390625 -0.0756454467773438 -0.02215576171875 -0.0832443237304687
-0.0829010009765625 -0.0428390502929687 -0.04473876953125 -0.0514335632324219
-0.0903091430664062 -0.0411529541015625 -0.0291690826416016 -0.0297737121582031
-0.100822448730469 -0.0242843627929687 -0.0268173217773438 -0.00733566284179688
-0.0842132568359375 -0.0499038696289063 -0.0226764678955078 0.0108375549316406
-0.0710906982421875 -0.0849075317382813 -0.0263023376464844 0.0206966400146484
-0.0460891723632813 -0.110511779785156 -0.0460128784179688 0.0228691101074219
0.0411834716796875 -0.138755798339844 -0.0434913635253906 0.00747299194335936
0.079010009765625 -0.122627258300781 -0.0403366088867187 0.0218734741210937
0.141586303710937 -0.115478515625 -0.0116615295410156 0.038330078125
0.165542602539063 -0.068145751953125 -0.00548553466796874 -0.0842971801757812
0.139236450195313 -0.061553955078125 0.0471992492675781 -0.0459671020507813
0.113273620605469 -0.122688293457031 0.0742950439453125 -0.0595779418945313
0.0438995361328125 -0.123214721679687 0.0579071044921875 -0.0781402587890625
-0.00347900390625001 -0.122703552246094 0.0355987548828125 -0.074005126953125
-0.0578231811523437 -0.0904464721679688 0.00301742553710937 -0.0567550659179688
-0.0889205932617187 -0.053924560546875 -0.00647735595703125 -0.0376739501953125
-0.0937576293945313 -0.054351806640625 0.00668334960937499 -0.0222759246826172
-0.104606628417969 -0.0389556884765625 0.00836181640624999 -0.00184345245361328
-0.0803451538085938 -0.0623855590820313 0.00738143920898437 0.02276611328125
-0.0627822875976563 -0.0973052978515625 -0.00913810729980469 0.0301151275634766
-0.0326614379882812 -0.121192932128906 -0.0372390747070313 0.0236663818359375
0.0652008056640625 -0.139358520507813 -0.0359764099121094 -0.00394821166992189
0.102676391601562 -0.109977722167969 -0.0225849151611328 -0.0109176635742188
0.156005859375 -0.0929107666015625 0.0378532409667969 0.00637817382812499
0.147247314453125 -0.042327880859375 0.0478363037109375 -0.104598999023438
0.133438110351563 -0.0451889038085938 0.079010009765625 -0.0697860717773438
0.113746643066406 -0.109657287597656 0.0801925659179688 -0.063140869140625
0.0436477661132812 -0.117752075195313 0.0615882873535156 -0.065582275390625
-0.00260925292968749 -0.1180419921875 0.0455551147460937 -0.0483856201171875
-0.0544967651367187 -0.0870513916015625 0.0305671691894531 -0.0293807983398438
-0.0813980102539063 -0.0555648803710938 0.0322952270507812 -0.0225429534912109
-0.0833206176757813 -0.0589599609375 0.0410804748535156 -0.0117530822753906
-0.0924606323242187 -0.0492782592773437 0.0416603088378906 0.00869369506835937
-0.06292724609375 -0.068939208984375 0.0318794250488281 0.0400009155273437
-0.04034423828125 -0.0987167358398438 0.003570556640625 0.043853759765625
-0.00605010986328125 -0.114990234375 -0.0291938781738281 0.0263175964355469
0.0879058837890625 -0.115531921386719 -0.0267887115478516 -0.00937461853027345
0.116493225097656 -0.0762100219726563 -0.000553131103515615 -0.0353927612304688
0.149429321289063 -0.0535125732421875 0.0853958129882813 -0.0152587890625
0.105316162109375 -0.0101852416992188 0.0870819091796875 -0.119621276855469
0.104827880859375 -0.0185012817382813 0.0959014892578125 -0.0907363891601563
0.0946807861328125 -0.0749893188476563 0.0761184692382813 -0.0619735717773438
0.0372238159179688 -0.087432861328125 0.0611572265625 -0.0503883361816406
0.00214385986328125 -0.0888595581054688 0.0528144836425781 -0.0242767333984375
-0.0387077331542969 -0.0694198608398438 0.0552825927734375 -0.00756072998046875
-0.0591926574707031 -0.0482368469238281 0.0654449462890625 -0.0106544494628906
-0.0607223510742187 -0.0546035766601563 0.0684318542480469 -0.000282287597656253
-0.0685844421386719 -0.0523681640625 0.0674591064453125 0.0240211486816406
-0.0391120910644531 -0.0653343200683594 0.0480270385742188 0.0616188049316406
-0.0139236450195313 -0.086669921875 0.00869369506835938 0.0616073608398438
0.0182723999023437 -0.0934829711914063 -0.0228900909423828 0.0331172943115234
0.09783935546875 -0.0760726928710938 -0.0170364379882812 -0.00738239288330079
0.113113403320313 -0.0312652587890625 0.0230369567871094 -0.0433998107910156
0.120674133300781 -0.00739288330078125 0.125640869140625 -0.0214614868164063
0.0494422912597656 0.0269775390625 0.105926513671875 -0.125907897949219
0.0633888244628906 0.0136451721191406 0.097900390625 -0.101737976074219
0.06488037109375 -0.0275459289550781 0.0669136047363281 -0.054779052734375
0.0282249450683594 -0.0421676635742188 0.0585479736328125 -0.0355186462402344
0.0115623474121094 -0.0453758239746094 0.0567054748535156 -0.00777816772460938
-0.0137214660644531 -0.0423431396484375 0.0705108642578125 0.00432586669921875
-0.0268211364746094 -0.0361137390136719 0.086273193359375 -0.0026397705078125
-0.0296630859375 -0.0417900085449219 0.0853118896484375 0.0109634399414062
-0.0377578735351563 -0.0445976257324219 0.0846328735351563 0.0420379638671875
-0.0170364379882813 -0.049530029296875 0.0548782348632813 0.0835113525390625
0.00354385375976562 -0.0623779296875 0.00865173339843751 0.0794830322265625
0.0300559997558594 -0.062347412109375 -0.0197296142578125 0.0441398620605469
0.0858993530273438 -0.0343170166015625 -0.010960578918457 0.00397109985351562
0.0886993408203125 0.011260986328125 0.0415725708007813 -0.0355300903320313
0.0716400146484375 0.0341339111328125 0.151687622070313 -0.0118560791015625
-0.00454330444335938 -0.0661125183105469 -0.157974243164063 0.0114593505859375
-0.0403099060058594 -0.0283241271972656 -0.0537071228027344 0.0272178649902344
-0.0481834411621094 0.00532913208007814 0.0172309875488281 -0.0179710388183594
-0.0230426788330078 0.0309467315673828 0.0287857055664063 -0.0628662109375
-0.00852775573730469 0.0283355712890625 0.00550079345703125 -0.0983352661132813
0.00141525268554688 0.0218944549560547 -0.0554122924804688 -0.108314514160156
-0.0047454833984375 0.0232067108154297 -0.102874755859375 -0.0573654174804688
-0.0117721557617188 0.0249118804931641 -0.0983200073242188 -0.0244369506835937
-0.0116996765136719 0.0243911743164063 -0.0934829711914063 -0.00186920166015623
-0.0201969146728516 0.00930404663085938 -0.0856170654296875 -0.00556945800781248
-0.0233688354492188 0.00273895263671875 -0.0666160583496094 0.00773620605468751
-0.0319232940673828 -0.00179481506347656 -0.0627250671386719 0.0267372131347656
-0.03326416015625 -0.0279083251953125 -0.0703506469726563 0.0423049926757812
-0.023101806640625 -0.050384521484375 -0.0898513793945313 0.100616455078125
0.00131225585937499 -0.0714111328125 -0.117889404296875 0.125625610351563
0.0610733032226563 -0.085052490234375 -0.146759033203125 -0.0112152099609375
0.0141258239746094 -0.0488052368164063 -0.0451812744140625 0.0111465454101562
-0.00370025634765625 -0.0353965759277344 0.0268001556396484 -0.0332469940185547
-0.00397396087646484 -0.0106277465820313 0.0333023071289063 -0.07672119140625
-0.00605583190917969 -0.0150423049926758 0.00960540771484376 -0.10736083984375
-0.0172824859619141 -0.0117177963256836 -0.0516891479492188 -0.112213134765625
-0.0368919372558594 0.001129150390625 -0.0964584350585937 -0.063690185546875
-0.0463829040527344 0.00234603881835937 -0.0881881713867188 -0.029998779296875
-0.0513763427734375 0.00854110717773437 -0.0842971801757812 -0.00492095947265624
-0.0505599975585938 -0.0147781372070313 -0.0759201049804688 -0.00266265869140626
-0.0455284118652344 -0.0353507995605469 -0.0603446960449219 0.00849151611328124
-0.0385284423828125 -0.0491142272949219 -0.0610427856445313 0.0232391357421875
-0.00377655029296876 -0.0772705078125 -0.0610389709472656 0.0303802490234375
0.017578125 -0.0872421264648438 -0.074676513671875 0.0843505859375
0.061065673828125 -0.10296630859375 -0.095367431640625 0.107109069824219
0.118194580078125 -0.0922088623046875 -0.115226745605469 -0.0358734130859375
0.072601318359375 -0.062255859375 -0.0226516723632812 -0.00430870056152344
0.0464935302734375 -0.0768966674804688 0.0440292358398438 -0.0450935363769531
0.018463134765625 -0.0588150024414063 0.041351318359375 -0.0864944458007813
-0.00365829467773437 -0.0630989074707031 0.0154342651367188 -0.108360290527344
-0.0358657836914063 -0.0477218627929687 -0.0417861938476563 -0.104393005371094
-0.0653839111328125 -0.022247314453125 -0.0777740478515625 -0.0609130859375
-0.0764312744140625 -0.0199050903320313 -0.0642929077148438 -0.0320091247558594
-0.0839767456054688 -0.00689697265625001 -0.0612640380859375 -0.00638198852539064
-0.0758514404296875 -0.0341720581054687 -0.0540542602539063 0.00423812866210936
-0.0653724670410156 -0.0648460388183594 -0.0472145080566406 0.0151405334472656
-0.0478744506835938 -0.0871353149414063 -0.0568351745605469 0.0240554809570312
0.0183029174804687 -0.11871337890625 -0.0535545349121094 0.0182533264160156
0.0509796142578125 -0.115272521972656 -0.0577545166015625 0.057647705078125
0.109779357910156 -0.122138977050781 -0.0574798583984375 0.0775375366210938
0.157882690429688 -0.0888214111328125 -0.0646018981933594 -0.061370849609375
0.119438171386719 -0.069732666015625 0.0117740631103516 -0.0230884552001953
0.0889511108398438 -0.11309814453125 0.0619163513183594 -0.05364990234375
0.035430908203125 -0.103019714355469 0.0510635375976563 -0.0882186889648438
-0.00447845458984375 -0.104393005371094 0.02471923828125 -0.097747802734375
-0.0516128540039063 -0.0770034790039062 -0.0229339599609375 -0.0855026245117188
-0.0850372314453125 -0.0418777465820312 -0.0465507507324219 -0.0516204833984375
-0.0940399169921875 -0.0396499633789063 -0.0313796997070313 -0.0294246673583984
-0.104446411132813 -0.022247314453125 -0.0289955139160156 -0.00616455078125001
-0.0874176025390625 -0.0494918823242188 -0.0250072479248047 0.0120506286621094
-0.0745925903320312 -0.0860214233398438 -0.0297031402587891 0.0223941802978516
-0.0496597290039062 -0.111618041992188 -0.0496406555175781 0.0249214172363281
0.0391998291015625 -0.144180297851563 -0.0465621948242188 0.00586700439453125
0.0792388916015625 -0.127182006835938 -0.0417900085449219 0.0229110717773437
0.14324951171875 -0.122421264648437 -0.01068115234375 0.04107666015625
0.168670654296875 -0.0726470947265625 -0.006500244140625 -0.0868606567382813
0.14239501953125 -0.065948486328125 0.0493278503417969 -0.046173095703125
0.113853454589844 -0.128196716308594 0.0770034790039063 -0.060028076171875
0.0430145263671875 -0.127273559570313 0.0595855712890625 -0.08111572265625
-0.00686645507812501 -0.126739501953125 0.0361557006835938 -0.0770339965820313
-0.0605392456054688 -0.0918655395507813 0.00371170043945312 -0.0590629577636719
-0.0925674438476563 -0.052947998046875 -0.007171630859375 -0.0379600524902344
-0.0986709594726562 -0.0525741577148438 0.00597763061523437 -0.022979736328125
-0.108192443847656 -0.0369186401367187 0.00739336013793945 -0.00145769119262696
-0.083343505859375 -0.06219482421875 0.00609016418457031 0.0240821838378906
-0.0662155151367187 -0.0985336303710938 -0.0114021301269531 0.0320186614990234
-0.0356979370117188 -0.122932434082031 -0.0409431457519531 0.025726318359375
0.06378173828125 -0.145980834960938 -0.0395278930664062 -0.00513839721679688
0.103164672851563 -0.114532470703125 -0.0238227844238281 -0.0113334655761719
0.158798217773438 -0.0995941162109375 0.0387954711914063 0.00705718994140624
0.150833129882813 -0.0459442138671875 0.0480194091796875 -0.108573913574219
0.137428283691406 -0.0484161376953125 0.0816497802734375 -0.0718841552734375
0.115341186523438 -0.115692138671875 0.0822296142578125 -0.0634841918945313
0.0430374145507813 -0.120994567871094 0.0636024475097656 -0.0674934387207031
-0.00588226318359375 -0.121109008789062 0.0472755432128906 -0.05059814453125
-0.05731201171875 -0.087982177734375 0.0334358215332031 -0.0311908721923828
-0.0846710205078125 -0.0553817749023438 0.0331058502197266 -0.024444580078125
-0.0877838134765625 -0.0576324462890625 0.0406265258789062 -0.0133132934570313
-0.0961456298828125 -0.0479049682617187 0.0416488647460937 0.00812530517578125
-0.0653724670410156 -0.0700187683105469 0.0327262878417969 0.0412178039550781
-0.0432662963867187 -0.100296020507812 0.00201797485351562 0.0458145141601562
-0.00921630859375001 -0.117744445800781 -0.0324039459228516 0.0280551910400391
0.087921142578125 -0.122207641601563 -0.0300273895263672 -0.0114669799804688
0.118629455566406 -0.0799713134765625 -0.00156784057617186 -0.0363082885742188
0.15325927734375 -0.0589141845703125 0.0874481201171875 -0.0163955688476563
0.108497619628906 -0.0122833251953125 0.0875930786132812 -0.125007629394531
0.108406066894531 -0.02032470703125 0.0983200073242187 -0.0928421020507812
0.096405029296875 -0.0794906616210938 0.0788192749023438 -0.0632781982421875
0.0369873046875 -0.0904922485351563 0.0630531311035156 -0.0520362854003906
-0.000381469726562506 -0.091522216796875 0.0552101135253906 -0.0257415771484375
-0.0411529541015625 -0.070404052734375 0.0586929321289063 -0.00934982299804688
-0.0614776611328125 -0.0481529235839844 0.0669975280761719 -0.0129013061523438
-0.0642242431640625 -0.0542564392089844 0.06939697265625 -0.00247955322265625
-0.0719680786132813 -0.050384521484375 0.0690345764160156 0.0236053466796875
-0.0416259765625 -0.0665817260742188 0.0496902465820313 0.0628585815429688
-0.0159912109375 -0.0885162353515625 0.00835800170898438 0.0641746520996094
0.0174407958984375 -0.096099853515625 -0.0258655548095703 0.0345687866210938
0.0989151000976563 -0.08197021484375 -0.0198020935058594 -0.00915908813476563
0.116218566894531 -0.03436279296875 0.021881103515625 -0.0452384948730469
0.123580932617188 -0.0104827880859375 0.128746032714844 -0.0233078002929688
0.0511512756347656 0.0271148681640625 0.107124328613281 -0.131866455078125
0.0660247802734375 0.0134620666503906 0.0997161865234375 -0.105728149414062
0.0660781860351563 -0.0299720764160156 0.0692481994628906 -0.0564842224121094
0.0285987854003906 -0.0436782836914062 0.0610427856445313 -0.0372657775878906
0.0098876953125 -0.0475921630859375 0.0592613220214844 -0.00873947143554688
-0.0149154663085937 -0.0429000854492188 0.0747909545898438 0.00215911865234375
-0.0288925170898437 -0.0357475280761719 0.0888824462890625 -0.00547027587890625
-0.0322608947753906 -0.0417137145996094 0.0868759155273438 0.00855255126953125
-0.0396804809570313 -0.0437965393066406 0.0860443115234375 0.0411148071289063
-0.0186653137207031 -0.0504722595214844 0.0571823120117188 0.0846328735351563
0.00204086303710938 -0.063720703125 0.00872802734375 0.0826568603515625
0.0291519165039063 -0.0639495849609375 -0.0221099853515625 0.0457344055175781
0.0875167846679688 -0.038116455078125 -0.0130548477172852 0.00293731689453125
0.0920333862304688 0.0091400146484375 0.0405807495117188 -0.0372238159179688
0.073822021484375 0.0338211059570313 0.15521240234375 -0.014251708984375
-0.00815200805664063 -0.0677375793457031 -0.162521362304687 0.0186309814453125
-0.043609619140625 -0.0275650024414063 -0.0540084838867188 0.0308341979980469
-0.0501480102539063 0.00788879394531249 0.018585205078125 -0.0179061889648438
-0.0215625762939453 0.0331459045410156 0.0294723510742187 -0.0658493041992187
-0.0068206787109375 0.0297374725341797 0.0027923583984375 -0.103050231933594
0.00204277038574219 0.0218963623046875 -0.062164306640625 -0.110374450683594
-0.00435256958007812 0.0237522125244141 -0.1085205078125 -0.0543136596679688
-0.0103683471679688 0.0261421203613281 -0.102561950683594 -0.0192642211914063
-0.0110816955566406 0.0257968902587891 -0.0968475341796875 0.00347900390625002
-0.0205707550048828 0.0102615356445313 -0.09033203125 -0.00137329101562501
-0.0238933563232422 0.00345230102539063 -0.0703048706054688 0.0103912353515625
-0.0326709747314453 7.24792480468801E-05 -0.0650520324707031 0.0300521850585937
-0.0356559753417969 -0.0270271301269531 -0.0721206665039063 0.0450973510742187
-0.0263595581054688 -0.0504417419433594 -0.0886688232421875 0.107315063476562
-0.00238800048828126 -0.0741195678710938 -0.115440368652344 0.137008666992188
0.0591049194335938 -0.0904083251953125 -0.1517333984375 -0.00531005859375001
0.0124969482421875 -0.0507164001464844 -0.0450439453125 0.0145301818847656
-0.00668716430664063 -0.0359611511230469 0.0280818939208984 -0.0340919494628906
-0.00352573394775391 -0.0111675262451172 0.0330810546875 -0.0805435180664062
-0.00634002685546875 -0.0151538848876953 0.00694274902343749 -0.111961364746094
-0.0182704925537109 -0.0118942260742187 -0.057464599609375 -0.114692687988281
-0.0382881164550781 0.00233078002929688 -0.1019287109375 -0.0601730346679687
-0.0479927062988281 0.00518798828125 -0.0916213989257813 -0.0260009765625
-0.0526046752929688 0.0107498168945313 -0.0877532958984375 0.000114440917968761
-0.0529098510742188 -0.0133209228515625 -0.080657958984375 0.00189971923828125
-0.0483016967773438 -0.0347938537597656 -0.0647544860839844 0.0119132995605469
-0.0411109924316406 -0.0489120483398438 -0.0640830993652344 0.0266151428222656
-0.00740814208984376 -0.0796661376953125 -0.0632972717285156 0.0322952270507812
0.0144882202148437 -0.09063720703125 -0.0732040405273438 0.0900497436523437
0.057647705078125 -0.109794616699219 -0.0934829711914063 0.116485595703125
0.118446350097656 -0.100227355957031 -0.119606018066406 -0.0314178466796875
0.0719070434570313 -0.067718505859375 -0.0216159820556641 -0.00242424011230469
0.0433578491210938 -0.0819168090820313 0.0449676513671875 -0.0465354919433594
0.0167617797851562 -0.0609054565429688 0.0412139892578125 -0.0906906127929688
-0.00640106201171875 -0.0645751953125 0.013214111328125 -0.113372802734375
-0.0380897521972656 -0.0483627319335938 -0.0468215942382813 -0.107818603515625
-0.0681266784667969 -0.0199012756347656 -0.0819091796875 -0.05902099609375
-0.0792770385742188 -0.0163497924804688 -0.0679054260253906 -0.029205322265625
-0.087371826171875 -0.00287628173828123 -0.0641899108886719 -0.00258255004882813
-0.0790863037109375 -0.0318603515625 -0.0576133728027344 0.00765228271484376
-0.0704803466796875 -0.0649871826171875 -0.05096435546875 0.0186271667480469
-0.0527114868164063 -0.0870819091796875 -0.0600547790527344 0.0273780822753906
0.0139083862304687 -0.123970031738281 -0.0562019348144531 0.0193138122558594
0.0476913452148438 -0.121269226074219 -0.0574378967285156 0.0612220764160156
0.107093811035156 -0.132156372070313 -0.0556564331054687 0.0841903686523437
0.158920288085938 -0.098236083984375 -0.0688018798828125 -0.0601768493652344
0.120559692382813 -0.0778427124023438 0.0130424499511719 -0.022552490234375
0.0863876342773438 -0.121231079101563 0.0638618469238281 -0.0558204650878906
0.03143310546875 -0.107032775878906 0.051605224609375 -0.0926971435546875
-0.009613037109375 -0.107192993164063 0.0231094360351563 -0.102867126464844
-0.0566024780273438 -0.0771560668945313 -0.0261764526367187 -0.0886001586914063
-0.0896835327148437 -0.0391006469726562 -0.0495796203613281 -0.0512237548828125
-0.09967041015625 -0.03521728515625 -0.0342502593994141 -0.0286884307861328
-0.108306884765625 -0.0177078247070312 -0.0314235687255859 -0.00372123718261719
-0.0917587280273438 -0.0479049682617187 -0.0269031524658203 0.0147323608398437
-0.08050537109375 -0.0850677490234375 -0.0324974060058594 0.0252742767333984
-0.0557785034179687 -0.113189697265625 -0.0530433654785156 0.0284614562988281
0.0334930419921875 -0.151763916015625 -0.0509414672851563 0.00605010986328125
0.0766372680664063 -0.133918762207031 -0.0423507690429688 0.0249862670898437
0.142333984375 -0.13409423828125 -0.00924682617187499 0.0444107055664063
0.171371459960938 -0.082794189453125 -0.0101165771484375 -0.0888900756835938
0.145278930664063 -0.0744476318359375 0.0504531860351563 -0.048431396484375
0.112129211425781 -0.13861083984375 0.0782546997070313 -0.063323974609375
0.0397262573242188 -0.132987976074219 0.060211181640625 -0.0856170654296875
-0.0129547119140625 -0.130256652832031 0.0361862182617188 -0.0814361572265625
-0.0662765502929688 -0.09283447265625 0.00280761718749999 -0.0620040893554688
-0.0973663330078125 -0.0506515502929688 -0.00870513916015626 -0.0391998291015625
-0.104705810546875 -0.0488967895507813 0.00391769409179687 -0.0237178802490234
-0.113380432128906 -0.0325469970703125 0.00582170486450195 -0.00160026550292969
-0.088623046875 -0.0611038208007812 0.00676727294921874 0.0253047943115234
-0.0725173950195312 -0.0990219116210938 -0.0136184692382813 0.0342216491699219
-0.0425338745117188 -0.124977111816406 -0.0442466735839844 0.0285682678222656
0.05804443359375 -0.15399169921875 -0.0437736511230469 -0.00592803955078126
0.102546691894531 -0.122573852539062 -0.0254077911376953 -0.0114059448242188
0.159286499023438 -0.111190795898438 0.0411109924316406 0.00643920898437499
0.154052734375 -0.054962158203125 0.0451736450195313 -0.1146240234375
0.1412353515625 -0.0563812255859375 0.0817718505859375 -0.07672119140625
0.114341735839844 -0.125534057617188 0.0843276977539063 -0.0675582885742188
0.039154052734375 -0.127464294433594 0.0641326904296875 -0.072235107421875
-0.0120391845703125 -0.125007629394531 0.0481910705566406 -0.0546607971191406
-0.0631561279296875 -0.0891799926757813 0.0347175598144531 -0.0347251892089844
-0.0893707275390625 -0.052825927734375 0.03338623046875 -0.0266094207763672
-0.0939559936523437 -0.05474853515625 0.0406074523925781 -0.0157318115234375
-0.101142883300781 -0.0437545776367187 0.041656494140625 0.00704574584960937
-0.0711669921875 -0.0694122314453125 0.034393310546875 0.0412254333496094
-0.0488662719726563 -0.101669311523438 0.00120162963867187 0.0485572814941406
-0.0146408081054687 -0.121017456054688 -0.0355567932128906 0.0309295654296875
0.0841445922851563 -0.131340026855469 -0.0342731475830078 -0.0123691558837891
0.119537353515625 -0.0878753662109375 -0.00436401367187499 -0.0380287170410156
0.156341552734375 -0.0690460205078125 0.0897750854492188 -0.0202484130859375
0.111747741699219 -0.0170135498046875 0.0854110717773438 -0.133193969726562
0.113143920898438 -0.0259017944335938 0.0984725952148438 -0.100212097167969
0.0971603393554688 -0.0878219604492188 0.0794677734375 -0.066925048828125
0.0348434448242187 -0.094757080078125 0.0634613037109375 -0.0560455322265625
-0.00497436523437499 -0.0947341918945313 0.0570030212402344 -0.0299034118652344
-0.0461883544921875 -0.0707778930664063 0.0616683959960938 -0.0135688781738281
-0.06585693359375 -0.0466690063476563 0.0691070556640625 -0.017425537109375
-0.069610595703125 -0.0517539978027344 0.0703964233398438 -0.00579071044921875
-0.0764083862304688 -0.0479354858398438 0.0706634521484375 0.021087646484375
-0.0459785461425781 -0.0670166015625 0.053131103515625 0.0625572204589844
-0.020599365234375 -0.0908737182617188 0.00907516479492187 0.0668716430664063
0.0135421752929688 -0.0998153686523437 -0.0284385681152344 0.0373077392578125
0.097900390625 -0.0899658203125 -0.023345947265625 -0.0103263854980469
0.119125366210938 -0.0403976440429688 0.0194931030273438 -0.0483169555664063
0.127685546875 -0.0172271728515625 0.131149291992188 -0.0290603637695313
0.0545425415039063 0.0262527465820313 0.104354858398438 -0.140869140625
0.0703582763671875 0.0106887817382813 0.0988235473632813 -0.112846374511719
0.0682792663574219 -0.0356254577636719 0.07049560546875 -0.0594253540039063
0.0282707214355469 -0.0460739135742188 0.0620231628417969 -0.0401840209960938
0.00790786743164063 -0.0497322082519531 0.0624160766601563 -0.0113487243652344
-0.0176124572753906 -0.0437812805175781 0.078826904296875 -0.00104522705078125
-0.0307388305664063 -0.035247802734375 0.0910568237304687 -0.0107955932617188
-0.0354576110839844 -0.0409584045410156 0.0887985229492188 0.00438690185546875
-0.0432968139648438 -0.0422782897949219 0.0896453857421875 0.0378341674804688
-0.0215263366699219 -0.0511245727539063 0.0619964599609375 0.0850067138671875
-0.000656127929687505 -0.0659103393554688 0.0102691650390625 0.08599853515625
0.0272216796875 -0.0675315856933594 -0.0237617492675781 0.048370361328125
0.08843994140625 -0.0441055297851563 -0.0155572891235351 0.00185298919677734
0.095611572265625 0.00583648681640625 0.0390281677246094 -0.0409889221191406
0.0786285400390625 0.0312728881835938 0.158981323242187 -0.020416259765625
-0.0125617980957031 -0.0679283142089844 -0.163833618164063 0.0293121337890625
-0.0466346740722656 -0.0250625610351562 -0.0521583557128906 0.0354881286621094
-0.0516815185546875 0.0119743347167969 0.0197010040283203 -0.0185070037841797
-0.0192012786865234 0.0348243713378906 0.0281410217285156 -0.0683670043945313
-0.00386810302734375 0.0300178527832031 -0.00212860107421876 -0.1064453125
0.00347709655761719 0.0215015411376953 -0.0700531005859375 -0.10906982421875
-0.00323295593261719 0.0243110656738281 -0.113029479980469 -0.0475234985351563
-0.0087127685546875 0.0273551940917969 -0.1044921875 -0.0121688842773437
-0.00931549072265625 0.0257720947265625 -0.098602294921875 0.011260986328125
-0.0204868316650391 0.0111331939697266 -0.0938949584960938 0.00598907470703123
-0.0241603851318359 0.00441932678222656 -0.0733871459960938 0.015289306640625
-0.0329456329345703 0.00289344787597657 -0.0656242370605469 0.0338134765625
-0.0388908386230469 -0.0249710083007813 -0.0714797973632812 0.0493316650390625
-0.0303573608398437 -0.050048828125 -0.0836868286132813 0.11383056640625
-0.00829315185546874 -0.0751724243164063 -0.1083984375 0.14813232421875
0.0544281005859375 -0.0957260131835937 -0.154006958007813 0.00451660156249998
0.00896453857421875 -0.0525665283203125 -0.044036865234375 0.0183677673339844
-0.00993728637695313 -0.0358772277832031 0.0283851623535156 -0.0352745056152344
-0.00360870361328125 -0.0104103088378906 0.030853271484375 -0.0836029052734375
-0.0067901611328125 -0.0149869918823242 0.00146484375 -0.11529541015625
-0.0191211700439453 -0.0115814208984375 -0.0656051635742188 -0.113899230957031
-0.0384902954101563 0.00485610961914062 -0.107002258300781 -0.0541534423828125
-0.0484695434570313 0.0088043212890625 -0.0950164794921875 -0.0193252563476562
-0.0523605346679688 0.0149116516113281 -0.0895614624023438 0.00726318359375001
-0.0547027587890625 -0.0109977722167969 -0.0831756591796875 0.00797271728515625
-0.0508995056152344 -0.0332450866699219 -0.0674629211425781 0.0167961120605469
-0.0442390441894531 -0.0463943481445313 -0.0650100708007813 0.031005859375
-0.0128326416015625 -0.0807113647460938 -0.0639305114746094 0.0354499816894531
0.00889587402343749 -0.0926666259765625 -0.0691070556640625 0.0957107543945313
0.0507354736328125 -0.116096496582031 -0.086700439453125 0.126060485839844
0.113990783691406 -0.109992980957031 -0.122879028320312 -0.0235977172851562
0.0684814453125 -0.0741043090820313 -0.0202770233154297 0.000375747680664057
0.0373916625976563 -0.08624267578125 0.0445938110351562 -0.049041748046875
0.0135116577148437 -0.06243896484375 0.0385665893554688 -0.0947418212890625
-0.0100288391113281 -0.0647201538085938 0.00772857666015625 -0.116790771484375
-0.0418968200683594 -0.0468025207519531 -0.0538482666015625 -0.107635498046875
-0.070343017578125 -0.016143798828125 -0.0868148803710938 -0.0544662475585938
-0.081878662109375 -0.010498046875 -0.0710983276367187 -0.0240478515625
-0.0886383056640625 0.00299835205078125 -0.0657577514648438 0.00329971313476563
-0.08282470703125 -0.0280075073242187 -0.0598258972167969 0.0132980346679688
-0.0754318237304687 -0.0612640380859375 -0.0533599853515625 0.0223350524902344
-0.05859375 -0.0850906372070313 -0.061309814453125 0.0322074890136719
0.0047454833984375 -0.127693176269531 -0.0585861206054687 0.0215339660644531
0.0409164428710938 -0.125526428222656 -0.0545806884765625 0.0660820007324219
0.0989227294921875 -0.143051147460938 -0.0501327514648438 0.0905227661132813
0.155410766601562 -0.1107177734375 -0.0732345581054688 -0.0565643310546875
0.117706298828125 -0.0877227783203125 0.0133438110351563 -0.0227947235107422
0.0787734985351563 -0.12939453125 0.0637588500976563 -0.0590057373046875
0.0253143310546875 -0.111061096191406 0.0483779907226563 -0.0968551635742187
-0.0168380737304687 -0.108695983886719 0.0184173583984375 -0.107124328613281
-0.062042236328125 -0.0752639770507812 -0.0315933227539063 -0.0892791748046875
-0.0938262939453125 -0.0338821411132812 -0.0530319213867188 -0.0483970642089844
-0.104103088378906 -0.0281295776367188 -0.0371971130371094 -0.02642822265625
-0.110847473144531 -0.01007080078125 -0.033416748046875 3.81469726562546E-05
-0.0966796875 -0.0430145263671875 -0.0275764465332031 0.017608642578125
-0.0871124267578125 -0.0819473266601562 -0.0338878631591797 0.0288543701171875
-0.0636215209960938 -0.111495971679688 -0.0549468994140625 0.0328025817871094
0.0230712890625 -0.157073974609375 -0.0545730590820313 0.00754547119140623
0.0695343017578125 -0.140975952148438 -0.0421142578125 0.0279464721679687
0.13531494140625 -0.147659301757812 -0.00569534301757812 0.0471878051757813
0.169647216796875 -0.0962066650390625 -0.0154876708984375 -0.08941650390625
0.14373779296875 -0.085968017578125 0.0499687194824219 -0.0514717102050781
0.103866577148437 -0.148544311523438 0.0776596069335938 -0.067657470703125
0.0314865112304688 -0.136940002441406 0.0570449829101562 -0.0901947021484375
-0.0225067138671875 -0.131080627441406 0.032257080078125 -0.0860748291015625
-0.0728607177734375 -0.0897750854492188 -0.000282287597656252 -0.0648345947265625
-0.102523803710938 -0.0451736450195313 -0.010894775390625 -0.0396003723144531
-0.110122680664063 -0.0413970947265625 0.00182723999023437 -0.0236282348632813
-0.117019653320313 -0.0241165161132813 0.00506544113159179 -0.000803470611572267
-0.0943603515625 -0.056427001953125 0.00667953491210937 0.0259475708007813
-0.0801773071289063 -0.0958328247070313 -0.014312744140625 0.0375595092773437
-0.0511016845703125 -0.123588562011719 -0.046234130859375 0.0332984924316406
0.0482635498046875 -0.161300659179688 -0.0484580993652344 -0.00495147705078127
0.0965423583984375 -0.130783081054688 -0.0278892517089844 -0.0103130340576172
0.154556274414063 -0.125396728515625 0.0422439575195313 0.00459671020507812
0.153976440429688 -0.0660858154296875 0.0394515991210938 -0.118972778320313
0.140884399414063 -0.066650390625 0.0797119140625 -0.0822525024414063
0.108024597167969 -0.135910034179688 0.083038330078125 -0.0730361938476563
0.03216552734375 -0.132057189941406 0.0618820190429688 -0.0776443481445313
-0.020263671875 -0.126365661621094 0.0466728210449219 -0.0595893859863281
-0.0700454711914063 -0.0866851806640625 0.033935546875 -0.0393905639648438
-0.09405517578125 -0.0480499267578125 0.0325679779052734 -0.0304031372070313
-0.0994186401367188 -0.0483627319335938 0.0390167236328125 -0.0186500549316406
-0.105728149414063 -0.036651611328125 0.0415229797363281 0.0047454833984375
-0.0767440795898438 -0.0655975341796875 0.0364036560058594 0.0400505065917969
-0.0562591552734375 -0.0998458862304688 0.00241851806640625 0.0503578186035156
-0.0226364135742188 -0.121932983398438 -0.0373382568359375 0.034149169921875
0.0756149291992188 -0.140213012695312 -0.0387115478515625 -0.0120735168457031
0.116661071777344 -0.0971603393554688 -0.00782012939453124 -0.0388145446777344
0.153091430664063 -0.08154296875 0.0902328491210938 -0.0255966186523438
0.113601684570313 -0.02459716796875 0.0785675048828125 -0.141159057617188
0.114120483398438 -0.0341873168945313 0.094573974609375 -0.107864379882813
0.0934295654296875 -0.0968551635742187 0.0785675048828125 -0.0716934204101563
0.029510498046875 -0.0987548828125 0.0622749328613281 -0.0600967407226563
-0.0120925903320312 -0.0962066650390625 0.0578231811523438 -0.0338668823242188
-0.0511817932128906 -0.069427490234375 0.0637168884277344 -0.0185966491699219
-0.0696144104003906 -0.0432548522949219 0.0684356689453125 -0.0236701965332031
-0.074371337890625 -0.0473251342773438 0.0696487426757813 -0.0111465454101563
-0.0814437866210938 -0.04248046875 0.0718307495117187 0.0167160034179687
-0.0507621765136719 -0.0649757385253906 0.0568466186523438 0.0601577758789062
-0.0268630981445313 -0.0905075073242188 0.0116958618164062 0.0682487487792969
0.00703430175781249 -0.102485656738281 -0.0295028686523438 0.0404930114746094
0.0929794311523438 -0.0984039306640625 -0.0267105102539062 -0.0101833343505859
0.118812561035156 -0.0488204956054687 0.0154953002929688 -0.0507469177246094
0.128868103027344 -0.02703857421875 0.131423950195313 -0.0372238159179688
0.0573005676269531 0.023468017578125 0.097259521484375 -0.150466918945312
0.0734405517578125 0.0067901611328125 0.0940017700195313 -0.120597839355469
0.0677261352539062 -0.041961669921875 0.0694770812988281 -0.0642433166503906
0.0254287719726562 -0.0491600036621094 0.0619430541992187 -0.0442581176757813
0.00424575805664063 -0.0512847900390625 0.0644607543945313 -0.0154533386230469
-0.0208702087402344 -0.0430526733398438 0.0822219848632813 -0.006805419921875
-0.0331554412841797 -0.0336971282958984 0.092041015625 -0.018310546875
-0.0386695861816406 -0.0384063720703125 0.0889434814453125 -0.00226593017578125
-0.0466728210449219 -0.0392036437988281 0.0925750732421875 0.032257080078125
-0.0250205993652344 -0.0507164001464844 0.0684356689453125 0.0823593139648437
-0.00484466552734375 -0.0666732788085938 0.0141372680664063 0.0875167846679688
0.0232391357421875 -0.0707321166992188 -0.0242156982421875 0.0511627197265625
0.0867691040039063 -0.0512161254882813 -0.0178298950195312 0.00153350830078125
0.0981903076171875 -0.00099945068359375 0.0358924865722656 -0.0448799133300781
0.0818023681640625 0.0261154174804687 0.16015625 -0.030548095703125
-0.0170783996582031 -0.0663528442382813 -0.16058349609375 0.0396575927734375
-0.0486030578613281 -0.02130126953125 -0.0483932495117188 0.0392112731933594
-0.0510711669921875 0.0163192749023437 0.0207881927490234 -0.0188827514648438
-0.0157890319824219 0.0357513427734375 0.0263938903808594 -0.0698890686035156
-0.00132179260253906 0.0297508239746094 -0.00750732421875001 -0.106826782226563
0.00402069091796875 0.0211963653564453 -0.0763626098632813 -0.10467529296875
-0.00139617919921875 0.0246009826660156 -0.114028930664063 -0.0390548706054687
-0.0065765380859375 0.0269756317138672 -0.103874206542969 -0.00425720214843751
-0.00791358947753906 0.0261363983154297 -0.096435546875 0.0190353393554687
-0.0200386047363281 0.0118007659912109 -0.094573974609375 0.0133590698242188
-0.0236415863037109 0.00601005554199218 -0.07440185546875 0.0202102661132812
-0.0314693450927734 0.005523681640625 -0.0638580322265625 0.0374069213867188
-0.0399246215820313 -0.0220184326171875 -0.0689163208007813 0.0518798828125
-0.0337448120117188 -0.0482673645019531 -0.0754241943359375 0.118003845214844
-0.0139923095703125 -0.0738449096679688 -0.0966796875 0.155181884765625
0.0474472045898438 -0.0981903076171875 -0.151611328125 0.0145721435546875
0.00498580932617188 -0.0529098510742188 -0.0412216186523438 0.02142333984375
-0.0131912231445313 -0.0340862274169922 0.0281600952148438 -0.03631591796875
-0.00443363189697266 -0.00997734069824219 0.0286178588867188 -0.084808349609375
-0.00716209411621094 -0.0143213272094727 -0.004364013671875 -0.115837097167969
-0.0199317932128906 -0.0107955932617187 -0.0721588134765625 -0.110198974609375
-0.03802490234375 0.00746917724609376 -0.108566284179688 -0.0465240478515625
-0.0472145080566406 0.0123939514160156 -0.094757080078125 -0.0120391845703125
-0.0510101318359375 0.0178031921386719 -0.0879592895507812 0.0145263671875
-0.0552787780761719 -0.007904052734375 -0.0838088989257812 0.0151519775390625
-0.0527725219726563 -0.0302009582519531 -0.0678215026855469 0.0215377807617188
-0.0464973449707031 -0.0426864624023438 -0.0645408630371094 0.0350303649902344
-0.0186309814453125 -0.07891845703125 -0.0631752014160156 0.0373001098632812
0.00263214111328126 -0.0923843383789062 -0.06195068359375 0.0989456176757812
0.0420989990234375 -0.119110107421875 -0.0765762329101562 0.132179260253906
0.106277465820313 -0.116958618164063 -0.122207641601563 -0.0152359008789063
0.0629959106445313 -0.0782546997070313 -0.0184879302978516 0.00296592712402343
0.0305557250976562 -0.0876007080078125 0.0440254211425781 -0.0501785278320313
0.00951004028320312 -0.0624542236328125 0.0346145629882813 -0.0961990356445313
-0.0141143798828125 -0.0634994506835937 0.000968933105468747 -0.117294311523438
-0.0446624755859375 -0.0440254211425781 -0.0599288940429688 -0.103759765625
-0.0715103149414063 -0.0114974975585938 -0.0887451171875 -0.0482864379882812
-0.0820083618164063 -0.00417327880859375 -0.0718994140625 -0.0185317993164062
-0.0875244140625 0.00929260253906251 -0.0657196044921875 0.00940704345703125
-0.0835342407226563 -0.0227584838867188 -0.0600433349609375 0.0181503295898438
-0.0786590576171875 -0.0567092895507813 -0.0546340942382813 0.0270156860351562
-0.0630874633789063 -0.0801544189453125 -0.0610847473144531 0.0360755920410156
-0.004241943359375 -0.126762390136719 -0.05999755859375 0.0234260559082031
0.0325775146484375 -0.127349853515625 -0.0501060485839844 0.068206787109375
0.0883636474609375 -0.148544311523437 -0.0429534912109375 0.0938949584960937
0.147537231445313 -0.120773315429687 -0.0752792358398437 -0.0505599975585938
0.110671997070312 -0.094696044921875 0.0136013031005859 -0.0223426818847656
0.0687026977539063 -0.133750915527344 0.0617027282714844 -0.0613517761230469
0.0186004638671875 -0.111038208007813 0.0436935424804687 -0.0992507934570313
-0.0234298706054688 -0.105827331542969 0.0128631591796875 -0.108085632324219
-0.06658935546875 -0.0716094970703125 -0.0373077392578125 -0.0880050659179687
-0.0947494506835938 -0.0281524658203125 -0.0552978515625 -0.0444488525390625
-0.104331970214844 -0.0201873779296875 -0.0386238098144531 -0.0223960876464844
-0.110374450683594 -0.00198364257812502 -0.0332927703857422 0.00359344482421875
-0.098419189453125 -0.0367660522460937 -0.0278034210205078 0.0206356048583984
-0.0916748046875 -0.076263427734375 -0.0350933074951172 0.0324916839599609
-0.0696487426757813 -0.105560302734375 -0.0551033020019531 0.0372962951660156
0.01116943359375 -0.157760620117188 -0.0565986633300781 0.0101814270019531
0.0599212646484375 -0.144134521484375 -0.0402641296386719 0.0298843383789062
0.123504638671875 -0.155776977539063 -0.00224304199218749 0.0476875305175781
0.162429809570313 -0.1063232421875 -0.020050048828125 -0.0876693725585938
0.137809753417969 -0.0951919555664063 0.0474853515625 -0.0535087585449219
0.09234619140625 -0.155014038085938 0.07501220703125 -0.0708847045898438
0.0229339599609375 -0.137168884277344 0.0529632568359375 -0.0927886962890625
-0.0301132202148438 -0.128524780273438 0.0282440185546875 -0.0883712768554688
-0.0786209106445312 -0.0848617553710938 -0.00362396240234376 -0.0653152465820312
-0.104118347167969 -0.037933349609375 -0.0129585266113281 -0.0392570495605469
-0.11212158203125 -0.0321578979492188 -0.000429153442382817 -0.0235557556152344
-0.117240905761719 -0.0152664184570313 0.00388121604919433 0.000281810760498046
-0.0965576171875 -0.0501708984375 0.00686454772949218 0.0258235931396484
-0.0854339599609375 -0.089935302734375 -0.0142745971679688 0.0396232604980469
-0.0586700439453125 -0.119125366210938 -0.0466194152832031 0.0367813110351562
0.035308837890625 -0.163467407226563 -0.0522499084472656 -0.00248718261718751
0.0881576538085937 -0.136642456054687 -0.0284614562988281 -0.00858306884765626
0.144058227539063 -0.135604858398438 0.0430030822753906 0.00267791748046874
0.14923095703125 -0.0755615234375 0.0315704345703125 -0.120704650878906
0.136421203613281 -0.0757064819335938 0.0743942260742188 -0.0858993530273437
0.0980072021484375 -0.14300537109375 0.079345703125 -0.07623291015625
0.0243911743164062 -0.132614135742188 0.0584564208984375 -0.079437255859375
-0.028961181640625 -0.12396240234375 0.0434989929199219 -0.0621986389160156
-0.0753707885742187 -0.081817626953125 0.032379150390625 -0.0422592163085938
-0.0962753295898438 -0.0409011840820313 0.03033447265625 -0.0334186553955078
-0.101974487304688 -0.0402603149414062 0.0370101928710938 -0.0208663940429688
-0.106956481933594 -0.0276031494140625 0.0402145385742187 0.0034637451171875
-0.080047607421875 -0.0601806640625 0.0369644165039062 0.0375556945800781
-0.0621566772460937 -0.0960617065429688 0.00298690795898437 0.0516319274902344
-0.0297927856445312 -0.119110107421875 -0.0376205444335938 0.0380630493164062
0.0652923583984375 -0.144012451171875 -0.043121337890625 -0.0102577209472656
0.109321594238281 -0.10406494140625 -0.0113945007324219 -0.039031982421875
0.146011352539063 -0.0919647216796875 0.0875396728515625 -0.0304718017578125
0.111579895019531 -0.0316314697265625 0.069183349609375 -0.14532470703125
0.112083435058594 -0.0423126220703125 0.087615966796875 -0.112075805664062
0.086334228515625 -0.10382080078125 0.0748138427734375 -0.07501220703125
0.0233535766601562 -0.100181579589844 0.0595855712890625 -0.063262939453125
-0.0185775756835938 -0.094818115234375 0.0560951232910156 -0.0373992919921875
-0.0559272766113281 -0.065704345703125 0.0631484985351563 -0.0238456726074219
-0.0715713500976563 -0.0381393432617188 0.0666999816894531 -0.0289573669433594
-0.0772781372070313 -0.0410079956054688 0.0671920776367188 -0.0158271789550781
-0.082672119140625 -0.0359649658203125 0.0709228515625 0.0131072998046875
-0.0547447204589844 -0.0611114501953125 0.0595512390136719 0.0558280944824219
-0.0324249267578125 -0.0885543823242188 0.0137100219726562 0.0687599182128906
0.000823974609374998 -0.101913452148438 -0.0293693542480469 0.0427970886230469
0.0849609375 -0.104820251464844 -0.030242919921875 -0.00951766967773439
0.115814208984375 -0.0564651489257813 0.0107460021972656 -0.0516510009765625
0.125679016113281 -0.03570556640625 0.127479553222656 -0.045196533203125
0.0589027404785156 0.0192604064941406 0.086761474609375 -0.156173706054688
0.0740585327148438 0.00167083740234375 0.0852508544921875 -0.125617980957031
0.0647544860839844 -0.0470962524414063 0.0658378601074219 -0.0666694641113281
0.0225753784179687 -0.0510978698730469 0.0594825744628906 -0.0473480224609375
0.000232696533203126 -0.0513954162597656 0.0642013549804688 -0.0199241638183594
-0.0243263244628906 -0.0415916442871094 0.0820388793945313 -0.013641357421875
-0.0348701477050781 -0.0308322906494141 0.089569091796875 -0.025390625
-0.0414161682128906 -0.0348091125488281 0.087005615234375 -0.00843048095703125
-0.0490303039550781 -0.0345497131347656 0.0922393798828125 0.0256729125976562
-0.0283851623535156 -0.0489692687988281 0.0720443725585938 0.0764846801757813
-0.00980377197265625 -0.0660514831542969 0.018646240234375 0.087127685546875
0.0189437866210938 -0.0717544555664063 -0.0232505798339844 0.0529518127441406
0.0825653076171875 -0.0571441650390625 -0.0200977325439453 0.00158119201660156
0.0977325439453125 -0.00748443603515625 0.0311431884765625 -0.0468635559082031
0.0825347900390625 0.0203475952148438 0.1563720703125 -0.0400238037109375
-0.0193328857421875 -0.0640106201171875 -0.154464721679688 0.045806884765625
-0.0495414733886719 -0.0186958312988281 -0.0450553894042969 0.0411643981933594
-0.049346923828125 0.0195274353027344 0.0216045379638672 -0.0187969207763672
-0.013702392578125 0.0354995727539063 0.0250816345214844 -0.0701560974121094
0.000762939453125 0.0293407440185547 -0.0106048583984375 -0.105377197265625
0.00468254089355469 0.0201225280761719 -0.079376220703125 -0.0995101928710938
-0.000490188598632811 0.0240135192871094 -0.112518310546875 -0.03271484375
-0.00517654418945312 0.0273227691650391 -0.100341796875 0.00158691406250002
-0.00700569152832031 0.0255031585693359 -0.0927505493164063 0.023895263671875
-0.0193309783935547 0.0118408203125 -0.0932693481445313 0.0188369750976563
-0.0225772857666016 0.00664901733398437 -0.0735549926757813 0.0241928100585937
-0.0300693511962891 0.00734519958496093 -0.062530517578125 0.0384063720703125
-0.040252685546875 -0.0191383361816406 -0.0666351318359375 0.052398681640625
-0.0362701416015625 -0.0453872680664063 -0.06903076171875 0.118331909179688
-0.0177459716796875 -0.0710372924804687 -0.0869140625 0.156845092773438
0.0419769287109375 -0.098724365234375 -0.146591186523437 0.0211639404296875
0.00219345092773438 -0.0518989562988281 -0.0374984741210937 0.0238761901855469
-0.015045166015625 -0.031585693359375 0.0278739929199219 -0.036102294921875
-0.00412750244140625 -0.00937938690185547 0.0261459350585937 -0.0846481323242188
-0.00673961639404297 -0.0138492584228516 -0.0080108642578125 -0.1141357421875
-0.0199031829833984 -0.00986099243164063 -0.0758743286132813 -0.105033874511719
-0.0372428894042969 0.00901031494140625 -0.107337951660156 -0.0403976440429687
-0.0456428527832031 0.014373779296875 -0.0922622680664063 -0.00611877441406249
-0.0495948791503906 0.0200614929199219 -0.0850906372070312 0.0196762084960938
-0.0548248291015625 -0.00580215454101564 -0.082611083984375 0.0200958251953125
-0.0531234741210938 -0.0269508361816406 -0.068084716796875 0.0252037048339844
-0.0464401245117187 -0.0392684936523438 -0.0629615783691406 0.036773681640625
-0.0221633911132812 -0.0762710571289063 -0.0621070861816406 0.0380630493164063
-0.00159454345703124 -0.0903167724609375 -0.05609130859375 0.0990524291992188
0.03466796875 -0.118125915527344 -0.067718505859375 0.13330078125
0.0983657836914062 -0.12042236328125 -0.119346618652344 -0.010040283203125
0.0576095581054687 -0.0800399780273437 -0.0165548324584961 0.00413417816162109
0.0255203247070312 -0.0863418579101563 0.0433006286621094 -0.05029296875
0.00682449340820312 -0.0612335205078125 0.0321731567382813 -0.095611572265625
-0.0161857604980469 -0.0611801147460938 -0.00247955322265626 -0.115966796875
-0.0456047058105469 -0.0416603088378906 -0.0631866455078125 -0.0992813110351563
-0.0699577331542969 -0.00810623168945312 -0.0876388549804687 -0.0428237915039063
-0.0800552368164062 0.000488281250000014 -0.070831298828125 -0.0134963989257812
-0.0847702026367187 0.0132217407226563 -0.0632057189941406 0.0140647888183594
-0.0827255249023438 -0.0188446044921875 -0.0591964721679688 0.0219879150390625
-0.0790939331054687 -0.0515518188476563 -0.0543708801269531 0.0303955078125
-0.0645980834960937 -0.0751953125 -0.0597763061523438 0.0391502380371094
-0.0110321044921875 -0.123313903808594 -0.0602684020996094 0.024658203125
0.026580810546875 -0.125259399414063 -0.0457801818847656 0.0681724548339843
0.0780181884765625 -0.149688720703125 -0.036346435546875 0.0944595336914063
0.13873291015625 -0.125274658203125 -0.0746383666992187 -0.0459747314453125
0.104660034179688 -0.0984573364257813 0.0138378143310547 -0.0210151672363281
0.0602264404296875 -0.133621215820313 0.06048583984375 -0.0617599487304688
0.0137710571289062 -0.10845947265625 0.0412521362304688 -0.0987167358398438
-0.0282516479492188 -0.101829528808594 0.00894165039062499 -0.106819152832031
-0.0680084228515625 -0.0671463012695312 -0.0393447875976562 -0.0851058959960938
-0.0940170288085938 -0.0224990844726563 -0.0555229187011719 -0.0412368774414063
-0.102699279785156 -0.0131607055664062 -0.0387306213378906 -0.0194587707519531
-0.107551574707031 0.00394439697265624 -0.0323162078857422 0.00713348388671876
-0.0978012084960938 -0.031524658203125 -0.027557373046875 0.0229434967041016
-0.0930328369140625 -0.0700759887695313 -0.035247802734375 0.0353240966796875
-0.0726089477539063 -0.100189208984375 -0.053863525390625 0.0403785705566406
0.0024871826171875 -0.154586791992188 -0.0585670471191406 0.0116043090820312
0.052825927734375 -0.14373779296875 -0.0386085510253906 0.0299873352050781
0.112167358398438 -0.15887451171875 0.00123214721679688 0.0474967956542969
0.15411376953125 -0.112380981445313 -0.0228652954101562 -0.0846710205078125
0.129913330078125 -0.100212097167969 0.0456390380859375 -0.0529518127441406
0.082366943359375 -0.156326293945313 0.072235107421875 -0.0714035034179688
0.0166473388671875 -0.134788513183594 0.0498275756835938 -0.0928878784179688
-0.0360946655273438 -0.124313354492187 0.0246658325195312 -0.0883865356445313
-0.0807342529296875 -0.0795745849609375 -0.00579833984375 -0.0645027160644531
-0.10394287109375 -0.0316543579101562 -0.014068603515625 -0.0384292602539063
-0.110450744628906 -0.0254287719726563 -0.00242233276367188 -0.0221652984619141
-0.114349365234375 -0.00836944580078123 0.00330066680908202 0.0020902156829834
-0.09674072265625 -0.0447540283203125 0.00651168823242187 0.0261421203613281
-0.0875701904296875 -0.0839920043945312 -0.0144195556640625 0.0410537719726562
-0.0620803833007812 -0.114036560058594 -0.0456428527832031 0.0396232604980469
0.0258331298828125 -0.161666870117187 -0.0545768737792969 -0.000980377197265627
0.0802993774414063 -0.137359619140625 -0.0295925140380859 -0.00841522216796876
0.133499145507813 -0.139701843261719 0.042724609375 0.00111007690429687
0.14276123046875 -0.0808563232421875 0.0260238647460938 -0.119537353515625
0.130714416503906 -0.0811843872070312 0.0702743530273438 -0.0861129760742188
0.088470458984375 -0.144760131835938 0.076263427734375 -0.07659912109375
0.0179519653320312 -0.130256652832031 0.0553054809570313 -0.080474853515625
-0.034515380859375 -0.119430541992188 0.041778564453125 -0.0633430480957031
-0.0769882202148438 -0.0764617919921875 0.0308570861816406 -0.0441093444824219
-0.0963897705078125 -0.0361557006835938 0.0280036926269531 -0.0350322723388672
-0.101753234863281 -0.033172607421875 0.0339984893798828 -0.0215854644775391
-0.104965209960937 -0.0213241577148438 0.0385589599609375 0.00263595581054687
-0.0805587768554687 -0.0549850463867188 0.0365409851074219 0.0360374450683594
-0.0654144287109375 -0.090972900390625 0.00277709960937499 0.0518913269042969
-0.0345001220703125 -0.114410400390625 -0.0376396179199219 0.0398788452148437
0.0550384521484375 -0.14422607421875 -0.0457878112792969 -0.00911712646484375
0.102302551269531 -0.107429504394531 -0.0139617919921875 -0.0380668640136719
0.137763977050781 -0.0971298217773438 0.084716796875 -0.0327377319335938
0.108314514160156 -0.0366439819335938 0.0611114501953125 -0.144851684570313
0.108444213867188 -0.046661376953125 0.0810165405273437 -0.11273193359375
0.0797576904296875 -0.106300354003906 0.0715103149414062 -0.0755081176757813
0.0188140869140625 -0.099334716796875 0.0567703247070313 -0.0640716552734375
-0.0230636596679688 -0.09210205078125 0.0546760559082031 -0.039306640625
-0.0580406188964844 -0.0611610412597656 0.0613327026367187 -0.0275154113769531
-0.0721435546875 -0.0336532592773437 0.0630722045898438 -0.0318717956542969
-0.0770950317382813 -0.035308837890625 0.0635757446289063 -0.0182037353515625
-0.082275390625 -0.029632568359375 0.0686569213867188 0.0100784301757813
-0.0561752319335938 -0.0575485229492187 0.0593299865722656 0.052398681640625
-0.0360336303710938 -0.0849380493164062 0.0144157409667969 0.0679588317871094
-0.00391387939453124 -0.0999221801757813 -0.0294418334960937 0.0441932678222656
0.077362060546875 -0.10693359375 -0.0338783264160156 -0.00859260559082032
0.111160278320312 -0.0607986450195312 0.00699234008789063 -0.0515632629394531
0.1204833984375 -0.0410537719726563 0.1226806640625 -0.048736572265625
0.0597496032714844 0.0166816711425781 0.0774688720703125 -0.156295776367188
0.0738449096679688 -0.002716064453125 0.0779876708984375 -0.125633239746094
0.0608367919921875 -0.0509147644042969 0.062835693359375 -0.0672225952148438
0.020263671875 -0.0509605407714844 0.0581436157226563 -0.0485916137695313
-0.00255584716796876 -0.0507049560546875 0.0631942749023438 -0.0221939086914063
-0.0257797241210938 -0.0392532348632813 0.0811386108398438 -0.0185089111328125
-0.0358772277832031 -0.0285682678222656 0.0857162475585938 -0.0297393798828125
-0.0420341491699219 -0.0312309265136719 0.0831146240234375 -0.0120468139648438
-0.049285888671875 -0.0305938720703125 0.09033203125 0.021453857421875
-0.0296554565429688 -0.0463790893554688 0.072509765625 0.0714035034179688
-0.0119972229003906 -0.0642547607421875 0.0201492309570313 0.0860671997070313
0.0148239135742188 -0.0715179443359375 -0.022613525390625 0.0538444519042969
0.0779037475585938 -0.0602951049804688 -0.0217704772949219 0.00200080871582031
0.0960159301757813 -0.011962890625 0.0266952514648438 -0.0475654602050781
0.081756591796875 0.0162200927734375 0.150360107421875 -0.0449371337890625
-0.0212249755859375 -0.0627212524414062 -0.150131225585938 0.0487518310546875
-0.0496253967285156 -0.0167465209960938 -0.0419731140136719 0.0421333312988281
-0.0484542846679688 0.0217704772949219 0.023101806640625 -0.0182838439941406
-0.0120735168457031 0.0354347229003906 0.0257148742675781 -0.0699920654296875
0.00250053405761719 0.0286502838134766 -0.01226806640625 -0.104873657226563
0.00503349304199219 0.0194969177246094 -0.0802764892578125 -0.0966415405273438
0.000440597534179685 0.0239181518554688 -0.110481262207031 -0.0288772583007812
-0.00383377075195312 0.02703857421875 -0.0971527099609375 0.0049591064453125
-0.00601005554199219 0.0253200531005859 -0.0899276733398438 0.0265274047851563
-0.0192584991455078 0.0119380950927734 -0.0916900634765625 0.0222320556640625
-0.0218067169189453 0.00700950622558594 -0.0736465454101563 0.026580810546875
-0.0289821624755859 0.00820350646972656 -0.0615577697753906 0.0388031005859375
-0.0407028198242187 -0.0172348022460938 -0.0655288696289063 0.05157470703125
-0.0369338989257812 -0.0430221557617188 -0.0642776489257813 0.116973876953125
-0.0200958251953125 -0.0689620971679688 -0.07965087890625 0.156661987304687
0.0389404296875 -0.0987319946289062 -0.14276123046875 0.0245819091796875
-5.72204589843773E-05 -0.0507125854492188 -0.0350723266601563 0.0250396728515625
-0.0161571502685547 -0.0301361083984375 0.0292510986328125 -0.0354766845703125
-0.00344562530517578 -0.00883197784423828 0.026214599609375 -0.0840225219726563
-0.006439208984375 -0.0133171081542969 -0.00971984863281251 -0.11346435546875
-0.0198860168457031 -0.00989151000976563 -0.0769195556640625 -0.101654052734375
-0.0363197326660156 0.010040283203125 -0.105445861816406 -0.03656005859375
-0.0440597534179687 0.0159683227539062 -0.0893478393554688 -0.00295257568359374
-0.0479507446289063 0.0209503173828125 -0.08233642578125 0.0226821899414063
-0.0540046691894531 -0.00468826293945312 -0.081939697265625 0.0236587524414063
-0.0526809692382813 -0.02545166015625 -0.0684013366699219 0.0278244018554688
-0.0460052490234375 -0.0372695922851563 -0.0629310607910156 0.0380783081054688
-0.0241622924804687 -0.0737152099609375 -0.0624923706054688 0.0376701354980469
-0.00417327880859375 -0.0886459350585938 -0.0525588989257813 0.0978012084960938
0.0301589965820312 -0.116973876953125 -0.0617752075195313 0.133087158203125
0.0933914184570313 -0.121078491210938 -0.1163330078125 -0.00679016113281252
0.053863525390625 -0.0799560546875 -0.0141792297363281 0.00556850433349609
0.02166748046875 -0.0849456787109375 0.0434532165527344 -0.0497703552246094
0.00558090209960937 -0.0597953796386719 0.0311203002929687 -0.0949630737304688
-0.0171356201171875 -0.0596923828125 -0.0045318603515625 -0.115470886230469
-0.0458946228027344 -0.0395317077636719 -0.0645675659179688 -0.09686279296875
-0.0690879821777344 -0.00589370727539061 -0.0868911743164062 -0.0396575927734375
-0.0782699584960938 0.00333404541015625 -0.0688819885253906 -0.0104179382324219
-0.0824356079101563 0.01556396484375 -0.0614852905273438 0.0167236328125
-0.0822601318359375 -0.016693115234375 -0.0586967468261719 0.0249214172363281
-0.0794677734375 -0.0493927001953125 -0.0548973083496094 0.0328788757324219
-0.0647811889648438 -0.0719223022460937 -0.0600852966308594 0.0406265258789063
-0.0146026611328125 -0.121025085449219 -0.0613288879394531 0.02520751953125
0.02276611328125 -0.124282836914063 -0.0437545776367187 0.0675697326660156
0.072296142578125 -0.149368286132813 -0.03240966796875 0.0943527221679687
0.132949829101563 -0.127456665039063 -0.0737991333007812 -0.0434722900390625
0.09967041015625 -0.099822998046875 0.0147972106933594 -0.0202121734619141
0.0544662475585937 -0.133201599121094 0.0597076416015625 -0.0609397888183594
0.011016845703125 -0.106590270996094 0.0398941040039062 -0.0976181030273438
-0.0305938720703125 -0.099609375 0.00724029541015624 -0.106498718261719
-0.0688285827636719 -0.0639457702636719 -0.040313720703125 -0.0831222534179688
-0.0935821533203125 -0.019744873046875 -0.0551719665527344 -0.0397262573242188
-0.10107421875 -0.00957489013671876 -0.0385780334472656 -0.0170402526855469
-0.104804992675781 0.00723266601562501 -0.0314693450927734 0.00911712646484376
-0.096771240234375 -0.02880859375 -0.0277748107910156 0.0248069763183594
-0.0933303833007813 -0.066650390625 -0.0359878540039063 0.0375442504882812
-0.0732498168945313 -0.0960159301757813 -0.0541191101074219 0.0423049926757812
-0.00242614746093752 -0.151229858398438 -0.0603485107421875 0.0123214721679687
0.0484771728515625 -0.142440795898438 -0.0374641418457031 0.0295791625976562
0.104965209960938 -0.15911865234375 0.00323867797851564 0.0468978881835937
0.14886474609375 -0.114822387695313 -0.0234603881835937 -0.0824737548828125
0.125419616699219 -0.102127075195313 0.0456161499023438 -0.0524482727050781
0.0756988525390625 -0.156219482421875 0.071685791015625 -0.07025146484375
0.013580322265625 -0.132789611816406 0.0488510131835938 -0.091827392578125
-0.038665771484375 -0.120559692382813 0.0235214233398437 -0.088134765625
-0.0816421508789063 -0.0760345458984375 -0.00637817382812501 -0.064178466796875
-0.103294372558594 -0.0287094116210938 -0.015167236328125 -0.0375862121582031
-0.109230041503906 -0.02056884765625 -0.00279426574707032 -0.0211162567138672
-0.112174987792969 -0.00399017333984374 0.00291442871093749 0.00340771675109863
-0.0964508056640625 -0.0417556762695313 0.00570869445800781 0.0267047882080078
-0.08831787109375 -0.0798187255859375 -0.0154991149902344 0.0432701110839844
-0.0633926391601563 -0.109764099121094 -0.0463027954101563 0.0422935485839844
0.020355224609375 -0.159561157226563 -0.056915283203125 0.00032424926757811
0.075897216796875 -0.137260437011719 -0.0297622680664063 -0.00766181945800782
0.1268310546875 -0.141311645507813 0.0427474975585938 0.000839233398437491
0.138763427734375 -0.0841598510742188 0.023712158203125 -0.117965698242187
0.127052307128906 -0.0842819213867187 0.0681838989257813 -0.0847091674804688
0.0829315185546875 -0.145675659179688 0.0751571655273437 -0.0762176513671875
0.0153579711914062 -0.128868103027344 0.0542526245117188 -0.0798263549804688
-0.0373458862304688 -0.116340637207031 0.04046630859375 -0.0640983581542969
-0.0784988403320313 -0.073516845703125 0.0301895141601562 -0.0448265075683594
-0.095672607421875 -0.03216552734375 0.0260658264160156 -0.0354194641113281
-0.100418090820313 -0.0286636352539063 0.0315532684326172 -0.0215358734130859
-0.103034973144531 -0.0169830322265625 0.03692626953125 0.0027923583984375
-0.0810317993164062 -0.052642822265625 0.0354270935058594 0.03509521484375
-0.066680908203125 -0.087646484375 0.00263595581054687 0.0533103942871094
-0.0365524291992187 -0.111686706542969 -0.0383224487304688 0.0421257019042969
0.0499725341796875 -0.143218994140625 -0.0489768981933594 -0.00859832763671875
0.0989151000976563 -0.107864379882813 -0.0160293579101562 -0.0372467041015625
0.132575988769531 -0.09912109375 0.0822067260742188 -0.0337600708007813
0.106109619140625 -0.0394058227539062 0.0567474365234375 -0.1441650390625
0.106361389160156 -0.0489501953125 0.0773849487304688 -0.112091064453125
0.0745697021484375 -0.107208251953125 0.070404052734375 -0.0747299194335938
0.0165786743164062 -0.0984420776367188 0.05609130859375 -0.063629150390625
-0.02569580078125 -0.0896224975585938 0.0543556213378906 -0.0403938293457031
-0.0589981079101563 -0.0581245422363281 0.0610313415527344 -0.0295791625976563
-0.0722427368164063 -0.0311126708984375 0.0613136291503906 -0.0344276428222656
-0.0766525268554688 -0.0316848754882813 0.0608634948730469 -0.0192070007324219
-0.0806121826171875 -0.0261001586914063 0.0666236877441406 0.00887680053710938
-0.0567550659179688 -0.0548324584960937 0.0580978393554687 0.0503807067871094
-0.0374984741210938 -0.08251953125 0.0146713256835938 0.068206787109375
-0.00606536865234375 -0.0981903076171875 -0.0301742553710938 0.0461235046386719
0.072296142578125 -0.106895446777344 -0.0360374450683594 -0.00875854492187501
0.108200073242187 -0.0633163452148437 0.00394058227539063 -0.0510406494140625
0.117332458496094 -0.0435562133789062 0.119606018066406 -0.050384521484375
0.0596046447753906 0.0146369934082031 0.07232666015625 -0.1556396484375
0.0730819702148438 -0.0048065185546875 0.0732879638671875 -0.124168395996094
0.058319091796875 -0.0521926879882813 0.0616111755371094 -0.0663871765136719
0.0185165405273437 -0.0514030456542969 0.0569496154785156 -0.048492431640625
-0.00505447387695313 -0.0497169494628906 0.0637283325195312 -0.0233802795410156
-0.0269508361816406 -0.037841796875 0.080291748046875 -0.0211410522460938
-0.0354042053222656 -0.0272216796875 0.0830612182617188 -0.0327377319335938
-0.0419998168945313 -0.0291099548339844 0.0802230834960937 -0.0142974853515625
-0.0484275817871094 -0.0274620056152344 0.08758544921875 0.0185165405273438
-0.0303916931152344 -0.0443458557128906 0.0718917846679687 0.0686569213867188
-0.0135269165039063 -0.0628471374511719 0.0210037231445313 0.0855636596679688
0.0131149291992188 -0.0702018737792969 -0.0236549377441406 0.0548744201660156
0.0748443603515625 -0.0619354248046875 -0.0246315002441406 0.00163078308105469
0.0940093994140625 -0.0146102905273437 0.0234794616699219 -0.04791259765625
0.0809173583984375 0.0139389038085937 0.146041870117188 -0.0468292236328125
-0.0226478576660156 -0.0626144409179688 -0.148727416992188 0.050994873046875
-0.0500373840332031 -0.0150985717773438 -0.0400314331054688 0.0437698364257812
-0.0477714538574219 0.023345947265625 0.024993896484375 -0.0185031890869141
-0.0107307434082031 0.0350303649902344 0.026824951171875 -0.0705108642578125
0.00418853759765625 0.0277099609375 -0.0127182006835938 -0.106163024902344
0.0052032470703125 0.0191593170166016 -0.0821609497070313 -0.0957412719726562
0.000797271728515623 0.0237865447998047 -0.109367370605469 -0.026275634765625
-0.00293731689453125 0.0272789001464844 -0.0953826904296875 0.00717926025390625
-0.00615119934082031 0.0256481170654297 -0.0888290405273437 0.0293502807617187
-0.0193347930908203 0.0123348236083984 -0.0922088623046875 0.0253219604492188
-0.0219345092773438 0.00737190246582031 -0.0747528076171875 0.0286483764648437
-0.0279312133789063 0.00910568237304688 -0.0632400512695313 0.0394554138183594
-0.0414543151855469 -0.0161590576171875 -0.0663490295410156 0.0506973266601563
-0.0384140014648438 -0.0422325134277344 -0.06219482421875 0.117233276367187
-0.021881103515625 -0.068145751953125 -0.07666015625 0.158157348632813
0.0365982055664062 -0.0993881225585938 -0.141632080078125 0.0264129638671875
-0.00156021118164062 -0.0508575439453125 -0.0328025817871094 0.0256462097167969
-0.0172157287597656 -0.0289230346679687 0.0308456420898438 -0.0357284545898438
-0.00314188003540039 -0.00864219665527344 0.0268630981445312 -0.0850372314453125
-0.00581264495849609 -0.012995719909668 -0.0108413696289062 -0.114639282226563
-0.020538330078125 -0.00950241088867187 -0.0787506103515625 -0.100395202636719
-0.0359306335449219 0.0109062194824219 -0.105003356933594 -0.0347061157226563
-0.043060302734375 0.0171623229980469 -0.0884246826171875 -0.000511169433593747
-0.0476913452148437 0.0216522216796875 -0.0811080932617188 0.0249862670898437
-0.0546073913574219 -0.00393295288085936 -0.082366943359375 0.0268325805664063
-0.0531387329101562 -0.0247726440429688 -0.06982421875 0.0304183959960937
-0.0462799072265625 -0.0366592407226562 -0.0640449523925781 0.0385551452636719
-0.0259628295898438 -0.0730361938476563 -0.0640182495117188 0.0376014709472656
-0.00587463378906251 -0.0877914428710938 -0.0506973266601563 0.09765625
0.0273971557617188 -0.11724853515625 -0.05841064453125 0.13433837890625
0.0907211303710938 -0.122657775878906 -0.115089416503906 -0.00507354736328126
0.0523223876953125 -0.0810317993164063 -0.0125446319580078 0.00657176971435546
0.0196456909179687 -0.0847244262695313 0.0449943542480469 -0.0499076843261719
0.00530624389648437 -0.0591659545898438 0.031890869140625 -0.0957489013671875
-0.0177230834960937 -0.0591392517089844 -0.00528717041015624 -0.116500854492188
-0.0467720031738281 -0.0394210815429688 -0.0659408569335938 -0.0960540771484375
-0.0689163208007812 -0.00363159179687499 -0.0869827270507813 -0.037994384765625
-0.0777816772460938 0.00594329833984373 -0.0681838989257813 -0.00849151611328125
-0.0817947387695313 0.017730712890625 -0.0605964660644531 0.0191802978515625
-0.0825881958007813 -0.01580810546875 -0.0595741271972656 0.0276527404785156
-0.0805816650390625 -0.0478668212890625 -0.056243896484375 0.0356330871582031
-0.0654067993164063 -0.070831298828125 -0.0614356994628906 0.0416717529296875
-0.0176315307617187 -0.120018005371094 -0.0636672973632813 0.0250015258789062
0.0209197998046875 -0.124114990234375 -0.041717529296875 0.0671157836914062
0.0690155029296875 -0.150787353515625 -0.0293960571289063 0.0945587158203125
0.129989624023438 -0.130584716796875 -0.0731735229492187 -0.0426177978515625
0.09698486328125 -0.101860046386719 0.0167808532714844 -0.0190639495849609
0.051239013671875 -0.133171081542969 0.0615081787109375 -0.0615768432617188
0.00986480712890626 -0.105857849121094 0.0408477783203125 -0.0985641479492188
-0.0314254760742188 -0.0982894897460938 0.00631713867187499 -0.107719421386719
-0.070068359375 -0.0626678466796875 -0.0412139892578125 -0.0833053588867188
-0.0933990478515625 -0.0174102783203125 -0.0554695129394531 -0.0388069152832031
-0.100723266601563 -0.00594329833984374 -0.0379295349121094 -0.0158271789550781
-0.103652954101563 0.00999450683593751 -0.0306987762451172 0.0110549926757812
-0.0966796875 -0.02752685546875 -0.0286636352539063 0.0267238616943359
-0.0943374633789063 -0.0649185180664062 -0.0373916625976563 0.0401420593261719
-0.0742340087890625 -0.0946884155273437 -0.055328369140625 0.0439872741699219
-0.00572204589843748 -0.150177001953125 -0.0635337829589844 0.0130615234375
0.046478271484375 -0.14306640625 -0.0374336242675781 0.029571533203125
0.1016845703125 -0.160995483398438 0.00473403930664063 0.04681396484375
0.147171020507813 -0.118820190429688 -0.0241928100585937 -0.0821990966796875
0.123199462890625 -0.104751586914063 0.0458564758300781 -0.0511207580566406
0.0723724365234375 -0.157211303710938 0.0731277465820313 -0.0703887939453125
0.0119552612304688 -0.132598876953125 0.049774169921875 -0.0929107666015625
-0.0410842895507812 -0.119491577148437 0.0235137939453125 -0.0895309448242188
-0.08282470703125 -0.0744400024414063 -0.00725936889648438 -0.0652351379394531
-0.103645324707031 -0.0259017944335938 -0.0160675048828125 -0.0375938415527344
-0.108856201171875 -0.0172653198242188 -0.0033416748046875 -0.0202732086181641
-0.111015319824219 -0.00113677978515627 0.00307989120483398 0.00497722625732422
-0.0965728759765625 -0.0399627685546875 0.00448799133300781 0.0281105041503906
-0.0897674560546875 -0.0781631469726563 -0.0167350769042969 0.0459060668945312
-0.0647964477539063 -0.108406066894531 -0.04766845703125 0.044647216796875
0.01666259765625 -0.159286499023437 -0.0604019165039062 0.000991821289062494
0.0734634399414063 -0.138801574707031 -0.0306987762451172 -0.00801658630371094
0.123855590820313 -0.143295288085938 0.0430145263671875 4.95910644531162E-05
0.137229919433594 -0.0875320434570313 0.0218658447265625 -0.118476867675781
0.125160217285156 -0.0864105224609375 0.0676193237304688 -0.0846405029296875
0.0793914794921875 -0.147689819335938 0.0762939453125 -0.0758285522460938
0.0137939453125 -0.129005432128906 0.0546798706054688 -0.0804672241210938
-0.0399246215820312 -0.115547180175781 0.041015625 -0.0653724670410157
-0.079925537109375 -0.0716705322265625 0.0305213928222656 -0.0463447570800781
-0.096405029296875 -0.0301666259765625 0.0253067016601562 -0.0366325378417969
-0.100677490234375 -0.0252151489257813 0.0310039520263672 -0.0217399597167969
-0.101997375488281 -0.0141220092773437 0.0367202758789062 0.003509521484375
-0.0816574096679688 -0.05072021484375 0.0345993041992187 0.0355491638183594
-0.0680313110351562 -0.0857620239257813 0.00116348266601562 0.0552902221679687
-0.0373687744140625 -0.111167907714844 -0.0393829345703125 0.0444564819335937
0.047119140625 -0.143783569335938 -0.0519866943359375 -0.00745010375976563
0.09759521484375 -0.11004638671875 -0.0176315307617187 -0.0373916625976563
0.130027770996094 -0.101646423339844 0.0820999145507813 -0.0347442626953125
0.105567932128906 -0.0413665771484375 0.0539703369140625 -0.145095825195312
0.105690002441406 -0.05072021484375 0.07647705078125 -0.1116943359375
0.0724334716796875 -0.109481811523438 0.0707855224609375 -0.0748672485351563
0.0157012939453125 -0.0983505249023438 0.0564727783203125 -0.0639991760253906
-0.0277023315429688 -0.0891189575195313 0.0555953979492188 -0.0417213439941406
-0.0605506896972656 -0.057281494140625 0.0613136291503906 -0.0321311950683594
-0.0725936889648438 -0.02899169921875 0.0596427917480469 -0.0357894897460938
-0.0770339965820312 -0.0289230346679688 0.0600433349609375 -0.0200958251953125
-0.0801925659179688 -0.0231475830078125 0.0657882690429688 0.00811004638671875
-0.0571250915527344 -0.0537490844726563 0.0573768615722656 0.0498504638671875
-0.0389251708984375 -0.0815277099609375 0.0142326354980469 0.0700416564941406
-0.00746917724609374 -0.09796142578125 -0.0316047668457031 0.0480613708496094
0.06988525390625 -0.108566284179688 -0.039459228515625 -0.00835418701171876
0.107345581054687 -0.0650405883789063 0.00163269042968751 -0.0514144897460938
0.116508483886719 -0.0455703735351563 0.118782043457031 -0.0513534545898438
0.0602149963378906 0.0131340026855469 0.0687103271484375 -0.156967163085938
0.0737228393554688 -0.0063934326171875 0.0719375610351563 -0.124130249023438
0.0570907592773438 -0.0545234680175781 0.0617790222167969 -0.0669593811035156
0.0183143615722656 -0.0517921447753906 0.0581436157226563 -0.0486297607421875
-0.0061492919921875 -0.0495529174804688 0.0649986267089844 -0.0243492126464844
-0.0277481079101563 -0.0367507934570312 0.081329345703125 -0.0236434936523438
-0.0362052917480469 -0.0262374877929688 0.0814208984375 -0.035614013671875
-0.042388916015625 -0.0277214050292969 0.0784988403320313 -0.0152130126953125
-0.0481986999511719 -0.0258636474609375 0.08697509765625 0.0176773071289063
-0.0312309265136719 -0.0437164306640625 0.0721206665039063 0.0673294067382813
-0.0150184631347656 -0.06280517578125 0.0208816528320313 0.0863800048828125
0.011962890625 -0.0703811645507813 -0.0248527526855469 0.0567207336425781
0.0730133056640625 -0.0635299682617188 -0.0269432067871094 0.00186538696289062
0.0943603515625 -0.0167694091796875 0.0209197998046875 -0.047821044921875
0.0812301635742188 0.0129852294921875 0.145751953125 -0.0487060546875
-0.0244979858398438 -0.0627784729003906 -0.148818969726563 0.054962158203125
-0.0512542724609375 -0.0136604309082031 -0.038421630859375 0.0458869934082031
-0.0480155944824219 0.0255889892578125 0.0270595550537109 -0.0194129943847656
-0.00999069213867188 0.0360679626464844 0.0278472900390625 -0.07373046875
0.00556373596191407 0.0280208587646484 -0.0151901245117188 -0.108512878417969
0.00565719604492188 0.0191326141357422 -0.0861358642578125 -0.0952072143554688
0.00129318237304688 0.02410888671875 -0.110313415527344 -0.0237274169921875
-0.00193023681640625 0.02734375 -0.0947952270507813 0.0100784301757813
-0.00509071350097656 0.0259857177734375 -0.088836669921875 0.0323104858398438
-0.0202770233154297 0.0127849578857422 -0.0935440063476563 0.029937744140625
-0.0219459533691406 0.00791549682617188 -0.0763778686523438 0.032379150390625
-0.0274486541748047 0.00972557067871094 -0.0649681091308594 0.0411300659179688
-0.0428085327148438 -0.0153007507324219 -0.0680084228515625 0.0518226623535156
-0.040313720703125 -0.041168212890625 -0.0593719482421875 0.118782043457031
-0.0241546630859375 -0.0684432983398438 -0.0721893310546875 0.162216186523438
0.033966064453125 -0.102462768554688 -0.141708374023437 0.0299072265625
-0.00324630737304687 -0.0507659912109375 -0.03125 0.0277786254882813
-0.0182056427001953 -0.0278873443603516 0.0327262878417969 -0.0370979309082031
-0.00289583206176758 -0.00833797454833984 0.027313232421875 -0.087799072265625
-0.00562667846679688 -0.013636589050293 -0.0133056640625 -0.117668151855469
-0.0208969116210938 -0.00945663452148438 -0.0823135375976563 -0.100120544433594
-0.0358047485351563 0.0123481750488281 -0.106208801269531 -0.0315780639648437
-0.0428962707519531 0.0191688537597656 -0.08782958984375 0.00231170654296876
-0.0474472045898438 0.0237770080566406 -0.081512451171875 0.0290679931640625
-0.0557441711425781 -0.00246810913085938 -0.0835647583007812 0.0312576293945312
-0.0548667907714844 -0.0232467651367188 -0.0716934204101563 0.034881591796875
-0.0471038818359375 -0.03582763671875 -0.0661201477050781 0.0410194396972656
-0.0290451049804687 -0.0729141235351563 -0.0664138793945313 0.0385208129882812
-0.00855255126953125 -0.0884170532226563 -0.0484085083007812 0.099029541015625
0.0240478515625 -0.119384765625 -0.0546646118164063 0.137290954589844
0.0881271362304688 -0.128067016601563 -0.115524291992187 -0.00244140624999999
0.0500869750976563 -0.0829315185546875 -0.0101213455200195 0.00762271881103515
0.0167694091796875 -0.0853347778320313 0.0465927124023438 -0.0514297485351563
0.00461578369140624 -0.05999755859375 0.0324020385742188 -0.098358154296875
-0.0186614990234375 -0.0592193603515625 -0.00794982910156249 -0.119216918945312
-0.0484161376953125 -0.0388603210449219 -0.0690231323242188 -0.0957794189453125
-0.0700302124023438 -0.00138854980468749 -0.0882186889648438 -0.0359115600585937
-0.0778274536132813 0.00917816162109375 -0.068267822265625 -0.00645828247070312
-0.0818023681640625 0.0206527709960937 -0.0605506896972656 0.0222206115722656
-0.0839385986328125 -0.0136489868164062 -0.0602340698242188 0.0317611694335937
-0.0826263427734375 -0.046478271484375 -0.0582237243652344 0.0401763916015625
-0.0675506591796875 -0.070465087890625 -0.0628814697265625 0.0448646545410156
-0.021514892578125 -0.120162963867187 -0.0666122436523438 0.0266532897949219
0.0179214477539063 -0.125808715820313 -0.0413322448730469 0.0678749084472656
0.065093994140625 -0.15447998046875 -0.0261306762695312 0.0966339111328125
0.128150939941406 -0.13604736328125 -0.0744400024414063 -0.0412445068359375
0.0955886840820313 -0.105552673339844 0.0182247161865234 -0.0185565948486328
0.0470352172851562 -0.135887145996094 0.0632133483886719 -0.0629653930664063
0.00796508789062499 -0.107490539550781 0.041595458984375 -0.100990295410156
-0.0349197387695313 -0.0983505249023438 0.0042877197265625 -0.110954284667969
-0.0724105834960938 -0.0620880126953125 -0.0434494018554687 -0.0836334228515625
-0.0946578979492188 -0.014312744140625 -0.0568885803222656 -0.0375633239746094
-0.101593017578125 -0.00256347656250001 -0.0384979248046875 -0.0140800476074219
-0.104248046875 0.013336181640625 -0.0309562683105469 0.0132713317871094
-0.0990219116210938 -0.0254898071289062 -0.0294418334960938 0.029876708984375
-0.0973434448242188 -0.0627593994140625 -0.0385780334472656 0.0444602966308594
-0.0768585205078125 -0.0939254760742187 -0.0570793151855469 0.0472984313964844
-0.010498046875 -0.151611328125 -0.0670280456542969 0.0148391723632813
0.0430450439453125 -0.146072387695313 -0.0376663208007813 0.0297737121582031
0.09783935546875 -0.165542602539063 0.00711059570312501 0.0475311279296875
0.145645141601562 -0.1251220703125 -0.025909423828125 -0.0830001831054688
0.121864318847656 -0.10986328125 0.0465660095214844 -0.0524024963378906
0.0677947998046875 -0.160812377929688 0.0747146606445313 -0.0722122192382813
0.00982666015625001 -0.134910583496094 0.0500640869140625 -0.0954360961914063
-0.0449752807617187 -0.119125366210938 0.0224761962890625 -0.092926025390625
-0.0859375 -0.0728836059570313 -0.00757980346679687 -0.0663261413574219
-0.105491638183594 -0.0232925415039062 -0.0176849365234375 -0.03802490234375
-0.110313415527344 -0.0132217407226562 -0.00377655029296876 -0.0196704864501953
-0.111793518066406 0.00214385986328125 0.00313091278076171 0.00624847412109375
-0.0988082885742188 -0.0381088256835937 0.00425720214843749 0.0299530029296875
-0.0928726196289063 -0.0767974853515625 -0.0176200866699219 0.0498313903808594
-0.067596435546875 -0.108322143554687 -0.0493583679199219 0.0476951599121094
0.011993408203125 -0.16131591796875 -0.064483642578125 0.00258255004882812
0.07098388671875 -0.142410278320312 -0.0323657989501953 -0.00758934020996094
0.12066650390625 -0.148178100585938 0.0446891784667969 -0.00103759765625001
0.13653564453125 -0.0919342041015625 0.0196456909179688 -0.120506286621094
0.1243896484375 -0.0906295776367187 0.0681228637695313 -0.086273193359375
0.0753326416015625 -0.151687622070313 0.077484130859375 -0.0777435302734375
0.0112838745117188 -0.131385803222656 0.0552902221679687 -0.08270263671875
-0.0440750122070313 -0.115692138671875 0.0411033630371094 -0.0688705444335938
-0.0832138061523438 -0.0696258544921875 0.0307235717773437 -0.048736572265625
-0.0985488891601563 -0.0267486572265625 0.0236930847167969 -0.0379447937011719
-0.10235595703125 -0.0223617553710937 0.0305233001708984 -0.0219688415527344
-0.103042602539062 -0.0105438232421875 0.037109375 0.00378799438476562
-0.0836257934570313 -0.0497360229492187 0.0343742370605469 0.0363349914550781
-0.0711288452148438 -0.0850830078125 0.00161361694335938 0.0583457946777344
-0.0408248901367188 -0.111404418945313 -0.0412483215332031 0.0475807189941406
0.0431365966796875 -0.146392822265625 -0.056365966796875 -0.00600433349609376
0.0962295532226563 -0.113967895507813 -0.0201377868652344 -0.0375633239746094
0.128814697265625 -0.107025146484375 0.0831756591796875 -0.0367507934570313
0.10626220703125 -0.045074462890625 0.0516357421875 -0.148056030273438
0.106033325195313 -0.0547943115234375 0.0751876831054687 -0.113616943359375
0.0698699951171875 -0.113288879394531 0.0723037719726563 -0.0767822265625
0.0139541625976563 -0.100906372070313 0.0577468872070312 -0.0659980773925781
-0.0309906005859375 -0.0888671875 0.0565757751464844 -0.0441627502441406
-0.0624275207519531 -0.0557060241699219 0.0623741149902344 -0.0353469848632812
-0.0740737915039063 -0.0272140502929688 0.0584793090820313 -0.0387763977050781
-0.078857421875 -0.0263442993164063 0.0586166381835937 -0.0212974548339844
-0.0809326171875 -0.0210037231445312 0.0659294128417969 0.00768280029296875
-0.059539794921875 -0.0535430908203125 0.0583915710449219 0.0498886108398438
-0.0423812866210938 -0.0815505981445313 0.01470947265625 0.0729904174804688
-0.00918579101562499 -0.0991134643554688 -0.0330352783203125 0.0511360168457031
0.0674362182617187 -0.111671447753906 -0.0432586669921875 -0.00707244873046876
0.107093811035156 -0.0696029663085938 -0.000907897949218746 -0.0518875122070313
0.116539001464844 -0.0490646362304687 0.119239807128906 -0.0543746948242187
0.0613174438476562 0.0113525390625 0.0661773681640625 -0.160690307617188
0.0747756958007813 -0.009063720703125 0.0701980590820313 -0.126007080078125
0.0561294555664063 -0.05731201171875 0.063323974609375 -0.0680656433105469
0.0170669555664062 -0.05303955078125 0.0592498779296875 -0.0502243041992188
-0.00835800170898437 -0.0497207641601562 0.0670928955078125 -0.0273399353027344
-0.0293922424316406 -0.0354118347167969 0.0828628540039063 -0.0280303955078125
-0.0377845764160156 -0.0251235961914062 0.0808563232421875 -0.0387191772460937
-0.0440673828125 -0.0263214111328125 0.07794189453125 -0.017059326171875
-0.0494804382324219 -0.0243682861328125 0.0876083374023438 0.0159835815429688
-0.0327644348144531 -0.0438995361328125 0.07318115234375 0.06695556640625
-0.0170745849609375 -0.0632286071777344 0.0223464965820313 0.088775634765625
0.0108642578125 -0.0722427368164063 -0.0262260437011719 0.0590858459472656
0.071929931640625 -0.0668182373046875 -0.0302009582519531 0.00234222412109375
0.0955886840820313 -0.0206146240234375 0.0180091857910156 -0.0484237670898438
0.083251953125 0.0114517211914062 0.146255493164063 -0.05194091796875
-0.021472169459358 0.0452241025111077 -0.120777388192743 -0.0935642504983503
0.0252766529437608 0.0451632828310171 -0.0537371225159932 -0.0182516212006815
0.048612701578073 0.0267576325084595 0.0327293596680105 0.0030030645738109
0.0365021350887141 -0.0106042741295894 0.0743600477998397 -0.0177591221437935
0.0181319060456868 -0.0138344078474367 0.0887280135449399 -0.0753813636821554
0.018719657623754 -0.00522633788044832 0.0430934963790709 -0.120716708525534
0.0274226604719539 -0.0126415615147591 -0.0185269538240824 -0.114231409345802
0.0274237059909768 -0.0183887626253365 -0.0572314574461825 -0.0859459774882429
0.0322523842281304 -0.0112760234255338 -0.069775000174413 -0.0714899663462404
0.0286075040176672 0.00416524326486708 -0.0704908886494569 -0.0683115658276904
0.0247822063924155 0.0098858099374261 -0.0680223489714589 -0.0588309291425453
0.0291073704515142 0.0147903897331167 -0.068689053557757 -0.0452820125837777
0.0268024389886206 0.0374408028508068 -0.0762117968501334 -0.0318546611396521
-0.0023839894012034 0.0487255594766187 -0.12507977859018 0.00982233066559957
-0.0379998387091637 0.0445115637729691 -0.163055558669834 0.0490194493764385
-0.0849740535175423 0.0215600507226883 -0.0949552887642974 -0.0903204296025951
-0.0364425665734223 0.0320514092475276 -0.03300369143663 -0.00747556564806569
-0.0133459326975339 0.0361487126620042 0.0616150823522194 0.0114096896840561
-0.00650665719327884 0.0154019431890392 0.0970174748959332 -0.0178427764753926
-0.00349505891212911 0.025382262873669 0.104230380957269 -0.0792868983476922
0.0126149410383513 0.0335594788914134 0.0553751892459123 -0.121278476352583
0.0362647519174384 0.0270873586961987 -0.00453149447034167 -0.115694462332384
0.0474050172257818 0.0169705023226877 -0.0439492999302738 -0.0863932512178969
0.054315368051993 0.0259385349178278 -0.0594947353710419 -0.0685014276384573
0.038799917500415 0.0425972393416617 -0.061952749548022 -0.0605529244558889
0.0234047729567666 0.0551257396259889 -0.0618385778426366 -0.0534364450855137
0.0020502982573145 0.0597858720454636 -0.0620847654050094 -0.0429662647948795
-0.0212963009911717 0.0701872621676447 -0.0615540620615763 -0.0328059091673447
-0.0580714924101483 0.0537494433735401 -0.102987366376842 0.0153940560193719
-0.102191545257854 0.0343175555243593 -0.138503113053664 0.053399188070102
-0.137112469746508 -0.0039745194927512 -0.0538019275026695 -0.0774944134970085
-0.0986563119259115 0.0123701670312579 -0.0053176735956889 0.0145029722071159
-0.0826211590443315 0.0436825534736446 0.0929073843642241 0.0311587606644211
-0.0567048066453145 0.0468173017383356 0.121762435865921 -0.0103720658864065
-0.0265956230081543 0.0688906811672855 0.116811969937262 -0.0761708999248025
0.00674684467409865 0.0721171720063766 0.0636953653184837 -0.109105343463862
0.0412597991036619 0.0642053323942455 0.0118589898250174 -0.102381149534153
0.0610822548668316 0.049258105278497 -0.0246619519800114 -0.0749304070720344
0.0703279891775252 0.0574808894835041 -0.0414909716996622 -0.054197105870317
0.0464947223016458 0.0722223919613424 -0.0469268489092199 -0.0417799133679808
0.0257844791287449 0.0906263352758798 -0.0554444918448045 -0.0379220195757807
-0.0152703194472095 0.0983173698244845 -0.0585884741949615 -0.0355794060479042
-0.0582824149027531 0.100628364775031 -0.0498346143098452 -0.0360990337705168
-0.102481504615781 0.0576852224596298 -0.0739435806879932 0.0115169562025515
-0.150300065438902 0.0223760945933914 -0.0946908612225141 0.0539230390956661
-0.169247431217669 -0.0264974944739608 0.000247361883073493 -0.0578059693606986
-0.148250026430985 -0.00661992405724234 0.0312539510119258 0.0389426654084535
-0.144358434694964 0.0498452805748189 0.120493760268048 0.0534737459851578
-0.100563760325592 0.0779979921973639 0.140873307183132 0.00265459439017538
-0.0443019433575732 0.108205458889302 0.122462069953461 -0.0608022383928329
0.00224446865940697 0.103458032754139 0.0693498106367278 -0.0826337124655016
0.0419587028885545 0.0939466733334997 0.0288549540975161 -0.0756650285597408
0.066131479871448 0.0742815209555585 -0.000614486446774117 -0.051768319917131
0.0754816493319912 0.0804541077971966 -0.0185849714487791 -0.0314449212637727
0.0457999514818495 0.0917494284445371 -0.0280517104219768 -0.0166232652807645
0.0226100137453082 0.112430049451379 -0.0473001312715803 -0.0170773493287508
-0.0300666846788312 0.121790897357882 -0.0546083058425628 -0.0266335250772224
-0.0871933930623944 0.117184426042218 -0.0393211258608188 -0.0402481905866588
-0.132915321769082 0.0532550897498886 -0.0412382136788041 -0.00160216132228478
-0.176440164691119 0.00526348512051348 -0.0403363052624272 0.0511799940508182
-0.173638448622389 -0.0410478077240571 0.059783616747727 -0.0394487705704618
-0.170199285348757 -0.0221425204289732 0.0739604209678759 0.0537282694651025
-0.1782008073522 0.0487830979866894 0.138927373486073 0.0671515001098132
-0.125677926929972 0.096201284644195 0.147230896372647 0.0178606318981623
-0.053707373162998 0.129851979198271 0.11925060992087 -0.0354172667083422
-0.00123208896957719 0.119256846636448 0.0739383431446086 -0.0447522236562513
0.0375593988296792 0.107666456838655 0.0452984866877756 -0.0382046581825619
0.0618539554972692 0.0881895825916764 0.022032322449035 -0.0221399518795088
0.0672326458449975 0.0930038364133078 0.00405801569774068 -0.00288155561840214
0.0341178875084096 0.100538396174226 -0.0108224467091979 0.013262362626462
0.00886747712571881 0.117966583387358 -0.0410202858973609 0.0076636866030293
-0.047675843685723 0.122350196796155 -0.0506833582637321 -0.0162939550088525
-0.110060967890073 0.109560010051562 -0.0286067035850377 -0.0421658447719618
-0.147424393555977 0.0319534502134085 -0.00935712727053211 -0.0148490374264247
-0.176088947759294 -0.0190845403750493 0.0155158377052794 0.0491432779391296
-0.147854066493552 -0.0463683459229582 0.114039032682282 -0.0261319273350397
-0.15855855237401 -0.03316800785639 0.112847591290269 0.0542992720598186
-0.176141911250273 0.0371275461519624 0.142226603061252 0.0676814577869911
-0.125402333365742 0.091213584880553 0.13685312435896 0.02962670061799
-0.0539551312869304 0.124938470940986 0.106963549956622 -0.00397232769615227
-0.00473349908232283 0.112076139103004 0.0745493307986848 -0.00243528655732842
0.0278696352462719 0.103810645930464 0.0602790832161917 0.00171895400656091
0.0487138211686396 0.0887009871816015 0.0416820332405023 0.010515774580133
0.0488391014151322 0.0933056811365771 0.0209322384830867 0.0283808497212581
0.0130558774098043 0.0963037697305742 -0.00213692414649892 0.0445442006734166
-0.0128827974164808 0.107261185108006 -0.0408605619124354 0.0319773496701205
-0.0678963205327005 0.100982818311405 -0.0503295659748715 -0.00547334361599448
-0.123972721293932 0.0790376599230051 -0.0206071027044377 -0.0391722991557526
-0.141882651302605 -0.00193570161060765 0.0181083472383704 -0.0211589600332362
-0.149489783187518 -0.0439750555197129 0.0646641463527768 0.0525135245649907
-0.0961519427699093 -0.0441582181257713 0.152407024275019 -0.0228751591813124
-0.11728055875489 -0.0387279512344105 0.138770766530593 0.0394509996040744
-0.140714197624658 0.018492863560634 0.129791841613693 0.0576079329570615
-0.101340890369846 0.0660243628364891 0.11417623828911 0.0364998327117699
-0.0458584454391637 0.0932755514123454 0.0889148169885393 0.0251570833522237
-0.00920833967604506 0.0856642232901033 0.0734910528908358 0.0347013155098992
0.0126148309804866 0.0826748557422778 0.070053061862122 0.0368058895924063
0.0282384005933053 0.0751509971057145 0.0540316344823139 0.0403968796729001
0.0255891539575313 0.0792853928513113 0.0285077152051697 0.0591122896243331
-0.00661918386574272 0.0794581467257646 -0.00443563966311371 0.0735294635333375
-0.0312659905950191 0.0825969992123747 -0.0505040982803934 0.0546153991822882
-0.0775693748825976 0.0665691903965829 -0.0542155401370807 0.00542029559996338
-0.120023791610826 0.0373358746380464 -0.0164581097420292 -0.0291366293510191
-0.116035610210647 -0.0363209462515586 0.0363711067007876 -0.0156959765717036
-0.100694582162742 -0.0623026264438672 0.100130127560143 0.0639608171249412
-0.0285192863567834 -0.0369720329999959 0.167542009586943 -0.0279041376727739
-0.0590026827926919 -0.0412892228589091 0.144196768041102 0.0171751830555217
-0.0854664488676156 -0.00392947844556483 0.105348134605204 0.0438769237452196
-0.0631159171278299 0.0284259212944005 0.0883862332826398 0.0417500498894123
-0.035794452263283 0.0467399685202362 0.0725458718882256 0.0473344970896022
-0.0172846045130349 0.0464301245026604 0.0711380808735871 0.0596088400578179
-0.00662507482984166 0.0492750621994422 0.0731236405151944 0.0608038410657947
0.00482904720037696 0.049506242962627 0.0575266230071976 0.063487049403904
0.0026353516231283 0.0529244529929363 0.0268863869729289 0.0854068162694341
-0.0174243410191461 0.0515154266646994 -0.0153021508338536 0.0955445139083502
-0.0347905753670118 0.0517896781125202 -0.065520016109904 0.0693401214872934
-0.0672241800450463 0.0320860186233095 -0.0640099396901281 0.0150778225779971
-0.093842759416246 0.00103317613695183 -0.0207559604367517 -0.0158456032240337
-0.0731815405885096 -0.0574532336971652 0.0411562935754302 -0.00280263533732874
-0.0391990730346088 -0.0661088009198443 0.117884754010728 0.0798857593764487
-0.0189611589909267 0.0469171576699936 -0.125148559354959 -0.086582321947719
0.0274743612998827 0.043447231619423 -0.054040838609103 -0.0134933806791761
0.0503866566574478 0.0234728678759074 0.034230051021121 0.00311900002127941
0.0356264277572861 -0.0125591011318828 0.0746922484328312 -0.0201511301272439
0.0160333580514176 -0.0141803950228824 0.0855070680040486 -0.0798794466629727
0.0181806873042714 -0.00608113688279497 0.0371307013195846 -0.12253022873123
0.0267842092835651 -0.0142791325528984 -0.0238285000022021 -0.111875656863606
0.0255238030021234 -0.0200702200084194 -0.0603630436965086 -0.081504504158619
0.0314559378832433 -0.0129781698882149 -0.073584962888097 -0.0663838730241211
0.0291066701695349 0.00272706851850154 -0.0756625666204065 -0.0642664004365978
0.0251954217262725 0.0083692581535381 -0.0726992571835572 -0.0552786658647381
0.0294689374193704 0.0126528063902324 -0.072427267083657 -0.0432286903236787
0.0302187370404398 0.0356633163188786 -0.0780896994166573 -0.0306374731041765
0.000146226714330079 0.0488307707721779 -0.122874228510049 0.0148024695693197
-0.0350667212420083 0.0471575306481339 -0.159439030305526 0.0580465912543408
-0.0831572907038115 0.0276420821621991 -0.0989748554516906 -0.0848303035949961
-0.0340954261350232 0.0339244521257568 -0.0327328299191115 -0.00381308034294932
-0.0102697154056682 0.0365356568042422 0.0630135639004706 0.00972517601684582
-0.00634043168821178 0.0154624846513449 0.097765039854045 -0.0214680146027192
-0.00345464112144926 0.0254587356256945 0.100785589107436 -0.0845207336984484
0.0144841451383256 0.0330071862850754 0.0489412679660307 -0.123925129710284
0.037735444755811 0.0247296382084391 -0.0101039222148866 -0.114070176760393
0.047471931685252 0.0135504520379809 -0.0475106555787144 -0.0821915103400693
0.0558692492713625 0.0222853012215713 -0.0634461741518153 -0.0641096323822884
0.0412712140391033 0.0404829017983727 -0.0670917450528794 -0.0565547083735635
0.026343430194818 0.0535408899244324 -0.0671763000497124 -0.0500941629083442
0.0049107389464094 0.059318579933605 -0.0656868670905942 -0.0412095157780487
-0.0161432525717793 0.0710405845131135 -0.0643513088467614 -0.0323318078831809
-0.0551070971535984 0.0565027101933058 -0.100786136899161 0.0195787300458426
-0.099752231220551 0.0399082214324614 -0.134196185338551 0.0606071778015942
-0.136561787986186 0.0045755941971908 -0.0567317336058371 -0.07413463207256
-0.097034944022541 0.0176662249853455 -0.0040399602997603 0.0166387781893038
-0.0787976730241381 0.0477850250827885 0.0952944300225447 0.0283317388024408
-0.0543387533896547 0.0489594947363318 0.122582389181968 -0.0151369791850664
-0.0233858199580666 0.0698340170382965 0.113134036946441 -0.0823548391321086
0.0101401562306786 0.0716373607784946 0.0580826694197257 -0.112268072995509
0.0446503341492304 0.0614529360194324 0.00603594620981546 -0.102072709400889
0.0634572655421602 0.04479754017216 -0.0277233341277225 -0.0718941351736994
0.0734275395282398 0.0525370880475578 -0.0449128201806497 -0.0510495957341721
0.0503370627272967 0.0698447622350535 -0.051047848227857 -0.0387212306243285
0.0309335194246125 0.0888888449968305 -0.0602328447400584 -0.0349389152968222
-0.0105700235022735 0.098886721909791 -0.0621761477067256 -0.0341087014984452
-0.0518717299604821 0.103303879197174 -0.0531613255764549 -0.0364213812136849
-0.0989197993773928 0.0626037490338423 -0.0719269644197489 0.0140876597109174
-0.148886580792874 0.0311032039937673 -0.0907313446950477 0.059258489404257
-0.170306655039504 -0.0161977524922038 -0.00150026744971653 -0.0575755648602457
-0.147323612377652 0.00126175732476737 0.0337087815975993 0.0391063156051832
-0.140154077253493 0.0579787744505317 0.124090155628107 0.0494599186914223
-0.0967696830122175 0.0832873469272964 0.142646054223044 -0.00285546121680168
-0.0382977795963522 0.110121155614894 0.119538466604745 -0.0679515945286542
0.00727273082726267 0.103217740517119 0.0656913353924282 -0.0863588289644331
0.047276990880099 0.0907096106079147 0.0245680537545769 -0.0762463428495329
0.0700655923524371 0.0691645991769824 -0.00356015564129525 -0.0505895746731102
0.0794125765121076 0.0746577553320183 -0.0210363473934111 -0.0294971516451052
0.0501758921206834 0.0897356988932258 -0.0309177439337151 -0.0148150476861148
0.0288932818698156 0.110425275529284 -0.0516607945204257 -0.0143982190981952
-0.0234669795939124 0.122711210825526 -0.0585151075225745 -0.0252825620267608
-0.0794441946112662 0.120915002023225 -0.0437477618678131 -0.0409398681762075
-0.130247023138174 0.0596363286828482 -0.0405624536573013 -0.000450791622445656
-0.175970284773862 0.0148937250912852 -0.0373475801628103 0.0535461715080801
-0.175405847829556 -0.0309333346368085 0.0585188637291423 -0.0420141688701386
-0.170874893137296 -0.0132115642552226 0.0770239727822532 0.0518308566114006
-0.174408370573117 0.058938186508363 0.142930381098629 0.0622182118089329
-0.121236221036317 0.102019796206008 0.148958380082724 0.0117272960579543
-0.0464572843518045 0.132266843276937 0.11858477953961 -0.0423295438301585
0.00539743664766886 0.118513867719414 0.0720643113388592 -0.0486015537623549
0.0440330975564758 0.104457680633207 0.0428059168059534 -0.0411588845327109
0.0670245740823318 0.08312689793812 0.0206555608410495 -0.0228848689571699
0.072141377134049 0.0876799413547108 0.00285795858117498 -0.0026054893011382
0.0386824906272211 0.0983200110030349 -0.0122574034546605 0.0143190765350599
0.0151661436115759 0.116864891748304 -0.0434184402167829 0.00970263934136911
-0.042026269153129 0.12471888539901 -0.0544661187969556 -0.014822951207009
-0.102892832560262 0.115247894573508 -0.0340109954638042 -0.0431399221828887
-0.145602730880033 0.0397564507557021 -0.0102148277300622 -0.0156565643417485
-0.176492849150162 -0.00868327042947765 0.0186067773120864 0.0487437419192878
-0.150675637346218 -0.0377466201333075 0.113013303139352 -0.0317984468008937
-0.16065819089417 -0.0247982539201215 0.115094055348302 0.0503530293285176
-0.173009871905899 0.0469358766874469 0.145923922071903 0.0621953599910139
-0.121206809671213 0.0973530116868416 0.139235428030811 0.0240312036400166
-0.0466456182654399 0.126737845287893 0.10830016574818 -0.00972814924841964
0.00169470809301334 0.112254800511565 0.0758080765154581 -0.00639580799636273
0.0338026635764369 0.100958563807007 0.05948530828203 -0.00269333095972519
0.0538965206103787 0.084291972276504 0.0412614696779921 0.00792657563759335
0.0538534126707328 0.0884033511941222 0.0209880109568638 0.0276913465025145
0.0183621892641706 0.0953652598601095 -0.00138294661395344 0.0445414083852222
-0.00704595256402126 0.107871610199193 -0.0422544852123157 0.0349224670959508
-0.0632433872068698 0.10456422532862 -0.0532465173066511 -0.00399308195419656
-0.118174660071144 0.0854112196236287 -0.0250121083213183 -0.0399535967363758
-0.142050600134152 0.00543863738724333 0.016404393185996 -0.0231894757785423
-0.151319531546775 -0.0355848552825705 0.0678214092322315 0.0493478780689659
-0.098895162384123 -0.0384791066625942 0.150844433853759 -0.0308207081623102
-0.119828780150058 -0.0325110503747866 0.140011756187627 0.0340733748751779
-0.139610447428471 0.0266585748568411 0.13338024675891 0.0523090964247697
-0.0986606108165866 0.0714523528615311 0.117132718587573 0.0322934105270054
-0.0401926213029159 0.0960079191540515 0.0921104246292386 0.0209977512045747
-0.00483830783400913 0.0856066059222564 0.0765793795659826 0.0306662636410394
0.017460151700874 0.081295251725633 0.0710874505644795 0.0312425276607459
0.0327191040531735 0.0718338698132066 0.0549481020305698 0.0366244723418878
0.0297144162047028 0.0767750494271206 0.0298175732433283 0.0577565780208599
-0.00242554246489453 0.0791679548589102 -0.00215700298030234 0.0732620470294831
-0.0261279066545922 0.0843858333669123 -0.0500076691150992 0.0565949703675278
-0.0738525943648524 0.0705690804921438 -0.0570949561621939 0.00786114237657762
-0.116367447200278 0.0444445764338898 -0.0197748684064777 -0.0308891914780159
-0.118127367592651 -0.0303154251133389 0.0343978959416853 -0.0185699696840374
-0.104218772676516 -0.056957938358119 0.103583489675164 0.0587030568515849
-0.0305131107446978 -0.0358731237520817 0.165104608325888 -0.0367109758382669
-0.0619502064754277 -0.0386533093320916 0.144348796645894 0.0111483125678586
-0.0855335435381288 0.000985052042467538 0.108227311472984 0.0409989312739098
-0.0620986138160149 0.0317915823864054 0.0911497498930268 0.0377928082989746
-0.0327063784168832 0.0483514712998094 0.0767240820424237 0.0438550955520421
-0.0143982530324121 0.0472709346153339 0.0763257553247008 0.0551112236386574
-0.00406513316782921 0.0494491203926396 0.0764130885806093 0.0554053476407225
0.00783864177570238 0.0487496889346185 0.0596009206937783 0.0585361367176438
0.00612453959802481 0.0523840975551111 0.0300384062281238 0.0830661200463601
-0.0145066696207443 0.0521023405790599 -0.0116399264008346 0.0956645449773931
-0.0315498314539706 0.0533057931165015 -0.0639343218808499 0.0724598893263849
-0.0657382161707639 0.0360894910696361 -0.0654272787193631 0.017222791025915
-0.0935549672088073 0.0061888227775004 -0.0231788481287205 -0.0169920445037665
-0.0766083422789488 -0.0531406637409909 0.0403916082091344 -0.00617898725663943
-0.0424094490754166 -0.0647461569597812 0.121560300248055 0.0738144063188057
-0.0161031331652406 0.0477346093211692 -0.125123690793526 -0.0790419911698254
0.0293465122103026 0.041216073348396 -0.0533085461918017 -0.00927720385199632
0.0512602504406196 0.0202123548996551 0.0345554401078416 0.00310709097139923
0.033690286475892 -0.0140034437424837 0.0748025025109925 -0.0215531588214924
0.0143257180883873 -0.0141018963973509 0.0817753956131457 -0.081808055094528
0.0172313747675756 -0.00628301551944482 0.0303930593719515 -0.121639654296557
0.0252781500797145 -0.0157665608892155 -0.0272157914833225 -0.106836204585338
0.023560417343686 -0.0209477566191229 -0.061175564604489 -0.0754839438133393
0.0302743944964319 -0.0147638635739737 -0.0754746130166371 -0.0613864172003558
0.0288390379539709 0.00079233358335984 -0.0784882532016625 -0.0589565000481603
0.025182549709013 0.00724287690544517 -0.0747258372690246 -0.0516712326991117
0.0296052065945626 0.0106850122810017 -0.0736958672167397 -0.0411602045874079
0.0319527998723048 0.0338145311001201 -0.0786435475955194 -0.0294384101236622
0.00290624414700656 0.0477148071798046 -0.118079315476477 0.0184859799955617
-0.0319263030111569 0.0475462748686111 -0.152531389122622 0.0636651522578077
-0.080036433147583 0.0316716088590992 -0.0993919742941512 -0.0788673280890296
-0.0312091841645036 0.0347129161633084 -0.0318662369272064 -0.000919751812322776
-0.00730706391200767 0.0360572285456069 0.0630924613769966 0.00838932512014046
-0.00583872050541679 0.0149250934718812 0.095956031633961 -0.0239943881551983
-0.00309994741377038 0.0247989384882885 0.0955233459825615 -0.0874621009522961
0.0155813050367284 0.0316417422272598 0.042470613869459 -0.123071868876015
0.0379342288674881 0.0216298180552926 -0.014354756044871 -0.109944168040571
0.04663327000837 0.0105748058806311 -0.0488854545365907 -0.0768849932480734
0.0551453651702982 0.0186034879608247 -0.0653541865987523 -0.0588601621740916
0.0421984430353216 0.0375174375615835 -0.0693324407350973 -0.0517687683344961
0.0284088779540934 0.0511315339519202 -0.069412074898551 -0.0466525230241877
0.00655702418424186 0.0571898490873945 -0.0679460757429481 -0.0389630306315356
-0.0116862441298466 0.0698661748496458 -0.0650274721572101 -0.0316016040064275
-0.0512056181998712 0.0575667552163842 -0.0962400063530596 0.0224753577172051
-0.0954224036841107 0.0439283611173429 -0.127619857412475 0.0647257096524001
-0.133170666644404 0.0118247588372517 -0.0579110894811315 -0.0698840578933654
-0.0933806829992294 0.0216312932069448 -0.00201878424654103 0.0180813362103364
-0.0736797624904576 0.0501967488116053 0.0954974241652023 0.0252262447377972
-0.0516311981958143 0.0502478333298829 0.120611098976713 -0.0187477973701774
-0.0205395672802972 0.0690016585573788 0.107973486660011 -0.0854666597716685
0.0128801617265469 0.0698154500682449 0.0524325305862025 -0.111621791680697
0.046652877186261 0.0575181525908071 0.00171628657440505 -0.0995412205327308
0.0634585936745683 0.0396247920133205 -0.0299300672127415 -0.0674716548881198
0.073907568324334 0.0463772553444812 -0.0468110343294383 -0.0464913681132945
0.0524936786196816 0.0660572652560092 -0.0533027488185067 -0.0350157366070666
0.0340981908313456 0.0855917367723443 -0.0631971886703106 -0.0310303925911517
-0.00597510566612724 0.0970225368346169 -0.0645643382065783 -0.0325844249379587
-0.0450288829522161 0.102888131224896 -0.0554963544796313 -0.0359399778083157
-0.0944091513617305 0.0656127922723026 -0.0686161142361064 0.01525827142765
-0.143761483417635 0.0371640519896755 -0.0855414872743818 0.0618695008251618
-0.167122525191111 -0.00740789532636829 -0.00331683221791986 -0.0562372564351296
-0.143995285197246 0.00744765632161302 0.0353263057425236 0.0385548062932121
-0.132741924743374 0.0628106919707555 0.124332224693581 0.0452794299463821
-0.0915426583143138 0.0847637233118524 0.140782709965626 -0.00727914024982544
-0.0331239357486565 0.109144250184984 0.115286659539631 -0.0720934530691908
0.01199611443115 0.100540866285278 0.0612510840071804 -0.0869692168691535
0.0502900967328495 0.0853130440473094 0.0196686701710483 -0.0749136777811762
0.0712614740882765 0.0632713795412446 -0.00575033158410572 -0.0483944714778891
0.0808301766075765 0.0683709050604921 -0.0222946736425441 -0.0271236150593296
0.053133211406735 0.0858350505920394 -0.0332513350982058 -0.0123843150914077
0.0331798665315001 0.106154990606583 -0.054338735964793 -0.0109215633260556
-0.0177497629993514 0.120834709268328 -0.0605989681477458 -0.0234167962098818
-0.071458894587718 0.1217052798497 -0.0466987039172 -0.0404039486595267
-0.124580637846866 0.0641422273534363 -0.039212853164712 -0.000364583367427381
-0.171125886640204 0.0232100712978463 -0.0329814935641171 0.0538462535556572
-0.173602723079752 -0.0210326590035324 0.0557722484548648 -0.0440566787771103
-0.167341154570132 -0.00597962003735578 0.0772108034018964 0.0490912916455945
-0.166636791878963 0.0654939405662494 0.143797854581799 0.0570963582675108
-0.115123665036019 0.105201597339639 0.147909430195175 0.00692039107692086
-0.0387733632623554 0.131051846080924 0.114907182581332 -0.0473097272309371
0.0103797378596491 0.115610373587848 0.0692095587605394 -0.0508009322343716
0.0477528310397144 0.0993006704843062 0.0392008137115008 -0.0418046287498336
0.0688867598333963 0.0770794574148221 0.0188052518117716 -0.0225514709451175
0.0747041618421265 0.0807296467582427 0.00182481806054232 -0.00189034258847572
0.0418860825762588 0.0948435458763492 -0.0134053498428352 0.0145633608916228
0.0202538016657064 0.112988722154199 -0.0453466346953372 0.0122925047466848
-0.0356315887871196 0.123338225859264 -0.056806626133716 -0.0132340411204865
-0.0947903433665383 0.117206330188156 -0.0378659781313035 -0.0430788185629248
-0.140593893156829 0.0451927336263295 -0.0105567567271813 -0.0161963294978831
-0.173032821843076 -0.00020648151182198 0.0207670004243944 0.0465732823120726
-0.149154925470449 -0.030017900031634 0.109202918245849 -0.0359051980912854
-0.157669437029592 -0.0178697080932658 0.114647314358081 0.0459812139902534
-0.166992682433868 0.0543181174296833 0.146639831171507 0.057090843388156
-0.115835467147332 0.100129821941001 0.138666546561303 0.0197581406167344
-0.0398283852941638 0.125799229906591 0.106046983776178 -0.0143965920214865
0.00650633100440511 0.109425874921435 0.0752216962474385 -0.0103365086281091
0.0377760114526733 0.0966870933636983 0.0574343587945091 -0.00531937615870262
0.0560997408638029 0.0787249774828833 0.0397653928370563 0.00643537271554567
0.0564195700259024 0.0827887563679954 0.0207844889967751 0.0266168215810726
0.0216881707003826 0.0928332222060148 -0.00140199599266891 0.043792853084844
-0.00178763303820636 0.104966040810344 -0.0428974179247419 0.0363255614613613
-0.0574014132509349 0.105214678105572 -0.0546358579930375 -0.00227141628296895
-0.111230160471825 0.0891867151745485 -0.0288987647606204 -0.0409534833690762
-0.13876551164317 0.0117821709897373 0.0145471333887642 -0.0244797947088284
-0.149342673420348 -0.0279112923887635 0.0685824954117732 0.0454859835941311
-0.0991697219766463 -0.0328466671399824 0.146243247446538 -0.0363320396357068
-0.119474442753079 -0.0274904370650594 0.13797171972945 0.029023551690379
-0.135517559484549 0.0332742900121514 0.133222791512681 0.0480466205688522
-0.0943411214543545 0.0744359331589181 0.117253332850821 0.0286375837634545
-0.0351586219993758 0.095426011156858 0.0920071391011219 0.0161894703145023
-0.000396192463631433 0.0840816081139253 0.0779196266563098 0.0257789318678035
0.0209679551579119 0.0781746549164151 0.0702875388441985 0.0266182553447568
0.0356555072745032 0.0682545783645908 0.0542946256547253 0.0328011184385286
0.0330793165886828 0.0726781243318 0.0306112052896225 0.0549410460727211
0.0013275251785268 0.0781662947063832 -0.00032975955171108 0.0716645806118335
-0.0217950631313075 0.0833805982023936 -0.0491159026240508 0.058232183635188
-0.0702324590389897 0.0726032891039895 -0.057771810379986 0.00860602807874011
-0.111851322567863 0.0485366450122602 -0.0235720889959878 -0.0311519009209304
-0.11737859408535 -0.0240898168137447 0.0318136405580224 -0.0201363460399371
-0.104151472166211 -0.0514158799177588 0.103573793834024 0.0528550784287091
-0.032287332214008 -0.0341076915355307 0.159282569192659 -0.0421848536621968
-0.0628008250502106 -0.035306959825143 0.140503007286284 0.00618703207266647
-0.0842372465784233 0.00569489199675985 0.108259463032714 0.0371490450114303
-0.0597752992263761 0.0341758395650385 0.0918062968899886 0.035571003474543
-0.0295428200529369 0.0490968299620863 0.0783104383388933 0.0403258570958102
-0.0118792582730793 0.046343534319796 0.0782999256926257 0.0502981086948187
-0.0013589087553294 0.0480198296111366 0.0767006459881078 0.0494026675314845
0.0103554115968711 0.0466425662604479 0.0595427432442432 0.0539462859412744
0.00804398347146477 0.0503100184002511 0.0319183072079949 0.0791994941998116
-0.0117875164797439 0.0520619092480978 -0.00793436680560749 0.093340730473562
-0.0280088555574384 0.0534449927486268 -0.0611067744102614 0.0743144176899155
-0.0634553962987931 0.0385094163512802 -0.0654086586830736 0.0188762943778387
-0.0906711389766679 0.0111172734783422 -0.025212614428386 -0.0174427141099068
-0.0776013730425893 -0.048612474883616 0.0374644216532697 -0.00863064430258858
-0.0446816697824311 -0.0616764011012204 0.122096988785068 0.0671537642658024
0.000593785775571606 0.0512539611653601 -0.141282326381254 -0.0354546674002254
0.0411782045147678 0.0288935878216319 -0.0538124062862114 0.00969566869078245
0.054033591935241 0.000746280333158781 0.032513988321836 -0.00406912958378216
0.0256746637245145 -0.0246525312289886 0.0648948398545688 -0.0411094855305303
0.00840495618936361 -0.0172199526710844 0.0512908365046134 -0.100954838774223
0.0144038399772527 -0.0123571245164691 -0.0103582415430571 -0.120454131938783
0.0181743155609727 -0.0237224513815121 -0.059603084282983 -0.0879835688584894
0.0136105480166367 -0.0264556839210809 -0.0787528684766917 -0.0480577537644879
0.0223031889585886 -0.0233235228718903 -0.0880340266634851 -0.0309967779964834
0.0271607741651797 -0.00792919704187446 -0.0921282518320041 -0.0289600590506252
0.0252086868078737 -0.00147631498704437 -0.0870383394241879 -0.02302557586926
0.0298522869548716 0.0010476872730136 -0.0826565145333297 -0.0159267435020816
0.0404477137487827 0.0206019145738539 -0.0833119345487346 -0.00568089825569896
0.0190025566840432 0.0426237956662235 -0.102132893513212 0.0505102864863499
-0.0141558030535822 0.0541704066005081 -0.117961030959942 0.10245380650159
-0.0642837772127197 0.0581320535476979 -0.115228807058185 -0.045265604096316
-0.0171176891854164 0.0432297187534485 -0.0293743829223092 0.00781892643141859
0.00610457790346323 0.0344547889513227 0.0606087732552266 -0.0121494002979167
-0.000157854654757364 0.0153961625559755 0.0834348045475422 -0.0529883965874356
0.00549194386097032 0.0234506062632468 0.0608282019733232 -0.111160914666274
0.0247860996542819 0.0227981005400927 -0.0016757031620439 -0.126513343972361
0.0424789437120703 0.00684502417353063 -0.0495976272584586 -0.0956566431290718
0.0440290789028784 -0.00581682995235877 -0.0689679763504716 -0.0528239749646986
0.0555567043943609 -0.00129615954410294 -0.0789813398264894 -0.0317190711590423
0.0507357065700572 0.021525928912702 -0.0823595253591006 -0.0250511716683704
0.0420583251151975 0.0376956950293219 -0.0816459594996607 -0.02011187034934
0.0238651037159346 0.050895681291396 -0.076825632939541 -0.0165844992648419
0.0115156213243294 0.0676382704606702 -0.07167678422759 -0.0118519264974356
-0.0281709534205791 0.0692128895561374 -0.0795438052474716 0.048056904248913
-0.0745585138611578 0.0703427885107688 -0.0937359687446372 0.0977312552687409
-0.121649255185925 0.057828414239461 -0.0718805849957267 -0.0512002468147916
-0.079068852825002 0.0516787168193314 0.0067420587757493 0.0144407466396153
-0.0490106745494717 0.0697295562710038 0.0962729193208312 -0.0104064387971812
-0.0293647056379939 0.0633788116525723 0.106914452064305 -0.0587259022446346
0.00414457103838957 0.0689028815207929 0.0701384173048328 -0.11510908385115
0.0347619052305481 0.0585023376979268 0.00957138409650252 -0.119828489623074
0.0617940908090128 0.0372345119312835 -0.0325846339769309 -0.0921607600363229
0.0688554960529159 0.0151488760945638 -0.0492209919815923 -0.0501751002824606
0.0813248272549521 0.0181467812157669 -0.0582819865807376 -0.0259955170185552
0.0688578488310703 0.0447804191682458 -0.0633194278805782 -0.0147682366329028
0.0579401017236267 0.0666286771425354 -0.0716099731069365 -0.00822194372292347
0.0248820582659676 0.0910428047300884 -0.0722344646992943 -0.0122786377497451
-0.00890855896345283 0.107724878352982 -0.0631654771074819 -0.0184907477093558
-0.0654662181527893 0.0903247894151233 -0.0560173491579327 0.0337737442055917
-0.121574792627143 0.0784272435249439 -0.0555068885009691 0.0836893137989368
-0.159306778593903 0.0505706865876467 -0.0162536507805417 -0.0561386136281112
-0.129730546143587 0.0560067841438776 0.0500412111476997 0.0197204939335902
-0.0992035979886356 0.101705230782368 0.129909912499405 -0.00460206326911439
-0.0543254197049233 0.109347077762079 0.12771034478167 -0.0569375845367169
0.0057339777428736 0.108911310872057 0.0799262818843238 -0.105796100358614
0.0436969161759824 0.0867519190746682 0.0252896682498285 -0.10093633243914
0.074774982017806 0.0615747497447531 -0.00892899508626405 -0.0770265890866324
0.0834597179679167 0.0338320468838284 -0.0222471843593198 -0.0405837779483544
0.0941681780045248 0.0352855642825592 -0.0303768563027088 -0.0159254396718437
0.0758481277406538 0.0615991490431197 -0.0373710972075842 -0.00110239147375552
0.063925043615191 0.0857499629632908 -0.0575686819401054 0.00707266830018154
0.0215361383357151 0.116780662032063 -0.0660626482206004 -0.00538185818038586
-0.026747252632524 0.132971464492381 -0.0563777580065278 -0.0254616505138248
-0.0944314087086889 0.0987994245558049 -0.0336028495433366 0.011357755715445
-0.152128656211154 0.0738036876392577 -0.0100380487860998 0.0620977236184528
-0.169480587328488 0.039102516167896 0.0430455444987342 -0.0631998852141072
-0.156412057489647 0.051315739010189 0.0929572527664008 0.0157399796940192
-0.130115139230253 0.115891440961386 0.152313661667036 -0.00134595259732396
-0.0675785506684214 0.136232975201903 0.137784383969359 -0.0477332989719886
0.00755519811834958 0.131250526424573 0.087100858195547 -0.0832111135733413
0.0471106188075403 0.101441613574772 0.0440152935437399 -0.0709999143950451
0.0772698321641986 0.075919300889106 0.0194863053686724 -0.0532673365772943
0.0859769084045676 0.0468224304116904 0.00762679288492378 -0.0255680984670279
0.0931356757664673 0.0487886665098527 -0.000757186386393853 -0.00110186836654581
0.0690733820273929 0.073481713313123 -0.0110862412044696 0.0172794707260597
0.0543035305287618 0.0957267981766871 -0.0422013056630563 0.0253771225780458
0.00569470284595665 0.124571838881283 -0.0590632435291017 0.0027628243692993
-0.049398737276205 0.136081930461639 -0.0480143225103589 -0.0301965893265887
-0.115082002101952 0.0867331248144859 -0.0128340824535183 -0.0114110183977569
-0.161292462240375 0.0520685178198293 0.0361813010938934 0.0403036668032369
-0.15004706617093 0.0230060910032873 0.0948120947936607 -0.0713620940377966
-0.152041712852761 0.0366775838282292 0.126722674854518 0.00225290719823069
-0.134501214848775 0.105841900928217 0.15583040824562 -0.00213689111560923
-0.070252714027511 0.132773406713537 0.133532907788988 -0.0328077335402098
0.00558891254315952 0.127060825430922 0.0890308144719913 -0.0507016325865319
0.041926407949737 0.097700164221721 0.0624464143643473 -0.0353706804596751
0.0671664263689279 0.0769002621832442 0.0482263147219654 -0.0264613303416436
0.0753487858922872 0.052357776489558 0.0357982793931132 -0.00672204881165435
0.0776784542978557 0.0560862859183439 0.024780947112928 0.0186444973055893
0.0492685785057517 0.0783322256325626 0.00926407897746587 0.0398630048008782
0.0313106119551583 0.0955576787304296 -0.0314772341012135 0.0464313115755954
-0.019275299758378 0.115015488066753 -0.0536079276885955 0.0126710687275222
-0.0733000816009129 0.115893477593853 -0.0394990403097057 -0.0299787461329893
-0.124363187228383 0.0556270224875735 0.00684200138072673 -0.0264734754313803
-0.148375487935193 0.0195296184092286 0.0784768050045188 0.0252015259133649
-0.104411240239204 0.00179627861208379 0.127094526574951 -0.0813508896265683
-0.120233803782953 0.0145455805020797 0.141651695966589 -0.0189739854284269
-0.113222136142783 0.075980496094956 0.141260878957783 -0.00371276200136661
-0.059748964915359 0.100998731251459 0.116795858598557 -0.0162433986920168
-0.00040325941809805 0.0980464857438419 0.087503354641384 -0.0166483911722541
0.0273105841497545 0.0769342680169527 0.077959757047379 -0.00333831921845995
0.0457241393072363 0.0654669238471038 0.071715149042922 -0.000980850569168882
0.0537398315418028 0.0496905160635366 0.0574147302555552 0.0127958820206327
0.0529204167489567 0.0543567480015052 0.0431771136327297 0.040820302917404
0.0257221707752128 0.0707576000117021 0.0193499417941129 0.0647393941265152
0.00674746566915808 0.0825449638954278 -0.0288951625804169 0.0679289304355556
-0.0415481831095969 0.0895001470632368 -0.0518453992325573 0.0238939219441123
-0.0862420624926685 0.0788124698069785 -0.0317680533292108 -0.0226321565978502
-0.115907861029286 0.0153816664913508 0.0231395922808914 -0.0275352851064459
-0.113535956827301 -0.0164167399677476 0.111196652705082 0.0212053553017765
-0.0417428509202934 -0.0226300324356652 0.135319738629182 -0.0892609452519257
-0.0705742917256515 -0.0121931401107414 0.135616298051591 -0.03844665125763
-0.0749335144679514 0.0342261449582193 0.114815339932476 -0.00279334842241256
-0.0426909180406263 0.0527165826923509 0.0971235366581534 0.0014447811470534
-0.00997932319279013 0.0544131756511096 0.0847734120550352 0.0106286202859031
0.00507180633347898 0.0465651141099082 0.0876999319538668 0.0190027083986962
0.0151619613363419 0.0452426807519709 0.0861204118987578 0.0172201450980594
0.0242108203130114 0.0385641613040645 0.0694351154942454 0.0290771404897702
0.0230264724455211 0.0421863134303966 0.0520837821287963 0.0621100471185293
0.00649958341535384 0.0508609496430382 0.019531930129106 0.0868915421888186
-0.00820014727140338 0.0580824719466386 -0.0338998582570286 0.085537897531712
-0.0458164970829347 0.056187041640252 -0.0556926471077858 0.0356593273005895
-0.0796785544954885 0.0385569416281693 -0.0292448732184146 -0.00900013639578654
-0.0875434729293798 -0.019598713329326 0.0310660068258383 -0.0188030028419508
-0.0614755686926615 -0.0442642596795615 0.130045125093365 0.0280062135309468
0.00221582075743984 0.0508539497797705 -0.138506368880143 -0.0341853535242425
0.0410466685129385 0.0278412399423425 -0.0512334965862862 0.0109084795510023
0.0532033946868185 -0.000279907448228268 0.0338727879543227 -0.00296674310091293
0.0247841426557623 -0.0244281818599533 0.0659143481265194 -0.0410997159367594
0.00769079536439256 -0.016200568435465 0.0514220986401725 -0.0998488869158858
0.0142058167293999 -0.0119192185423898 -0.0103524426622891 -0.118502271272113
0.0170117488139773 -0.0234780565074909 -0.0579420569288509 -0.0856815710295101
0.0128696875127383 -0.026441883008546 -0.0761672539092147 -0.0469164847246921
0.0211891421480452 -0.0233488782033654 -0.0870357298230582 -0.0290911188981062
0.0269415222558758 -0.00823523809517317 -0.0913525086943488 -0.0265129246990099
0.0248214954328858 -0.00140990064848689 -0.0867253779476722 -0.0217289778644824
0.0290281868724017 0.000777939302485495 -0.0830105809849548 -0.0158835760513901
0.0405994539808714 0.0192995234206731 -0.0839721323093684 -0.00703740864729583
0.019113975436761 0.0424438317614481 -0.0991484009278835 0.048242042862867
-0.0131112250983858 0.053939343828551 -0.115129010625482 0.101016924857855
-0.0622142808998639 0.0583251041391406 -0.112464659035552 -0.0439729950058231
-0.0164904834874473 0.0424362328203537 -0.02709849449736 0.00884784030358725
0.00698800940125527 0.0330463083642367 0.0613028243908601 -0.0114874693106217
-0.000743089397611909 0.0148222061504171 0.0841404262230652 -0.0519089800888677
0.0050767826401057 0.023535387132783 0.0601411914421425 -0.11036885679184
0.0244072332945271 0.0227732064914244 -0.00127699886013855 -0.123940784237179
0.0409687433278017 0.00602107343556786 -0.0483573571662957 -0.0933809774268357
0.0423795842591199 -0.00601352103541961 -0.0662735656482487 -0.0513288193750517
0.053852785934934 -0.00237285842273372 -0.0774960606954275 -0.0292198841446777
0.0503636450036726 0.0207013811263341 -0.0823008571383007 -0.0227306087031383
0.0417801454045506 0.0365982723253758 -0.0825175347191158 -0.0184465136622253
0.0238787632284664 0.0497237337849561 -0.0779875982224617 -0.0171778454831127
0.0127451917570367 0.0656085391476046 -0.0722818849256573 -0.013046227806604
-0.0271567974584986 0.0680133439546219 -0.0777723230783095 0.0460794861529387
-0.0720316212099992 0.0701329352329479 -0.091352264097062 0.0962073116746388
-0.117845744817962 0.0577685683784439 -0.0700466069872392 -0.0503544576141047
-0.0772573653202555 0.0513483702856928 0.00814983434988787 0.0151979885216944
-0.0472831299052616 0.0680207643365912 0.0970482241754477 -0.0095334823250295
-0.0292881381086104 0.0620720315734126 0.106828002654153 -0.0579115622629828
0.00361491043184731 0.0675667785811508 0.0697477816268463 -0.113851184121028
0.0346721773824876 0.0578113348466313 0.00951424099095174 -0.11803047805121
0.0608494676044025 0.0355240798637542 -0.0324115853496204 -0.0892945693120799
0.0665290833151422 0.0139370604944063 -0.0476409973696368 -0.0486215806179173
0.0795350036174944 0.0161954834077794 -0.0572190484217356 -0.0243471070662634
0.0677700276740618 0.0431294728337362 -0.0635179238598874 -0.0127742234013254
0.0575932969086466 0.0648860562534569 -0.0733031844459297 -0.00654994571895633
0.0247781919545783 0.0891091394637906 -0.0736096106808188 -0.0118782859493904
-0.00672308280716854 0.10534190123038 -0.0652240624111081 -0.0197699057176788
-0.0642371844260889 0.0896037245885604 -0.0544629933999125 0.0315088066148817
-0.118723965470791 0.0788525019077339 -0.0534873690644975 0.0820026311884337
-0.155309119330966 0.0520934297651416 -0.0156290893243299 -0.0551245082053623
-0.127541183344905 0.055687107901049 0.050680306726316 0.0202607275381777
-0.09607932242201 0.0999089002603817 0.130333318674137 -0.00428653020662131
-0.0525352411686608 0.107750326366552 0.127359899490792 -0.0561457705237781
0.00634039370169075 0.107143498832882 0.0787335911279345 -0.105038529308797
0.0434859989498035 0.0856391448399842 0.0251550413473047 -0.099681207233187
0.0731068082875858 0.059549608284534 -0.0089857377571742 -0.0747555183385191
0.08146248150312 0.0311978232536896 -0.0213468090899155 -0.038970579163507
0.0921184682201572 0.0330011755573745 -0.0301761038470673 -0.0140246929333027
0.0745644972433939 0.0605956825650675 -0.0381609943436489 0.000957496783193943
0.0633647695533831 0.083755878208156 -0.0587369900864265 0.00903751969970301
0.0214833803536777 0.114808343647808 -0.0678242791223864 -0.00516948263184147
-0.0248189199591802 0.130393742338633 -0.0585988016467254 -0.0259132421045658
-0.0926262651815627 0.0978170598874398 -0.0330926534787155 0.00975167383975738
-0.148461162018958 0.0740862596763015 -0.00873721038614195 0.0606711466018193
-0.166038685733978 0.0409791094269712 0.0426661707850091 -0.0622376377582972
-0.153963766532012 0.0512231100004632 0.092748695035356 0.0168716391043046
-0.126211784027362 0.114738240121495 0.151862078735727 -0.000501750541224838
-0.0664333454958166 0.134460730768432 0.137558234135358 -0.0469110035823865
0.00861455079315356 0.128826723641118 0.085450717911048 -0.0828773080367028
0.0470340621137564 0.0996138634713201 0.0438120307037381 -0.0704144577550447
0.0763329286595309 0.0734707527748868 0.0185563579810654 -0.0519702727605728
0.0837602163500227 0.0443916496559502 0.00792014867031141 -0.0244031110040918
0.0906031595190243 0.0461711620482423 -0.000821300202337794 -3.31425699601699E-05
0.067574772176974 0.0722729319763932 -0.0119709802757651 0.0188597257135252
0.0535450010209125 0.0935624996755055 -0.0434459548469883 0.0272881872245339
0.00647563403971272 0.12274847243143 -0.0612369802863917 0.00342563500105773
-0.0469661976911623 0.133654467384372 -0.0510851542496258 -0.0306185855401012
-0.113051023731848 0.0860731244145799 -0.0130582153739818 -0.0126608900345009
-0.158274291558983 0.0532035546136155 0.0365249972848034 0.0389354899492249
-0.147006687254202 0.0235481498174622 0.0920943917884207 -0.0704983099677989
-0.150010820250563 0.0366277745386676 0.125324664272369 0.0030135014599698
-0.13066877417321 0.104805357401475 0.155400837782234 -0.00174102418259887
-0.0686116097563423 0.131225984670266 0.133539985530801 -0.0324521425821462
0.00612738949972069 0.124765247883414 0.0883143002557246 -0.0506656050164894
0.0419326342509238 0.0956873077267058 0.0622515884342358 -0.036246614432802
0.0665945936110185 0.074647432090148 0.0463996206927385 -0.0262695496457166
0.0737011586018258 0.0498862997166654 0.0347880163377499 -0.00675231739922453
0.0759946139786607 0.0534508866031645 0.0240118394175433 0.0187618157189882
0.0493451189080678 0.0763222118367834 0.00771007965257413 0.0399328116134092
0.0311958586606756 0.0933105615806802 -0.0324357039482902 0.0472997216079321
-0.0190835689335007 0.113572258002996 -0.0555926869279354 0.0123899087567832
-0.0706324188819704 0.114110554600163 -0.0419087983631814 -0.0303750609899961
-0.122281050227992 0.0549730831621753 0.00588497081494191 -0.0267703522266195
-0.146124504885318 0.0198613873980414 0.0775584461418749 0.0242213074435838
-0.102247797597338 0.0029865637751859 0.124923367282147 -0.0809705518380687
-0.118848418277942 0.0149765573223308 0.139757939881647 -0.0178761134300193
-0.110320133836072 0.0760630024565773 0.140491750385785 -0.00339365058652949
-0.0590177838865676 0.100806517682668 0.117320248533684 -0.0156414505708738
0.000426027353680492 0.0968330331002535 0.0871634624474371 -0.0176685798924985
0.027505596076987 0.0754441506399192 0.0777371778199238 -0.00457534703038303
0.0460592191504153 0.0636042893948452 0.0698022743906844 -0.00220000523503405
0.0531306885833471 0.0474318196212962 0.0558900877829642 0.0122375108644873
0.0520795227043564 0.0523140285404175 0.0413388175465867 0.0405826812512493
0.0264128575392828 0.069646717242276 0.0179156141290993 0.06400487777749
0.00693110406800244 0.0806225095261239 -0.0300524063446796 0.0677415355098952
-0.040579903944166 0.0885556652716876 -0.0543502889347181 0.0240290732466996
-0.08385276396148 0.0781484678961796 -0.0342208343119715 -0.0230920401573655
-0.114428546204758 0.0159797011221011 0.0217855056546636 -0.0278006464727321
-0.112212520703968 -0.0152628323108276 0.109833484405223 0.0203176539787252
-0.0417397409231734 -0.0216120983018008 0.132557411276554 -0.0880687128368254
-0.0697359944311829 -0.0118756363367828 0.133457257828562 -0.036634880477961
-0.0730381633006874 0.0339913248339657 0.114728101262533 -0.00189131651316973
-0.0421283013907539 0.0524458100445716 0.0979290922820518 0.00163709631271298
-0.00921651091678195 0.0535518607968685 0.0846875471289149 0.00919514020596627
0.00530203771693014 0.0457586232423951 0.0874363169745736 0.0170254080073015
0.0158851232480851 0.0437711020644136 0.0838978958905904 0.0162420113900622
0.0237777687240794 0.0369783720242042 0.0676508950903066 0.0282201542851779
0.0228712738490329 0.0406371554145554 0.0500238010385493 0.0605293810675088
0.00723609934498506 0.0501429961982243 0.0187464600404984 0.0854167088513109
-0.00766351106819359 0.0568810620629328 -0.0342854084354206 0.0854519379679439
-0.0451569544304884 0.0558432294330221 -0.0572259707781894 0.0360331042428958
-0.0777738112106639 0.0384505546865327 -0.0320027119176553 -0.00923507831506097
-0.0866741427321911 -0.0184481412327159 0.0291745534403431 -0.0185073628183933
-0.0614109104471698 -0.043348450182525 0.128200090457774 0.0269882044320802
0.00290609534022681 0.0510576728670921 -0.13824914871508 -0.0341742762300148
0.0410185227304151 0.0278517717198025 -0.0504254379602087 0.0124959409349731
0.0532700336151083 -0.00128252172193131 0.035963543937436 -0.00221809548181153
0.0245508096556406 -0.0246349872970025 0.068678604581421 -0.0408258537858818
0.00709646635721903 -0.0148900944478128 0.0523427047708097 -0.100819822410866
0.0137931927433117 -0.0118621611355376 -0.00965086973598559 -0.118879270274352
0.0165124900983912 -0.0238792812257414 -0.0561898334035969 -0.0853752950563116
0.0116720495165825 -0.026213470227659 -0.0740855686903303 -0.0466576251891202
0.0205774748417297 -0.0235694905917996 -0.0866731565992042 -0.028065106455561
0.0270209887849623 -0.00874800840115774 -0.0925659179784877 -0.0249371619317593
0.0249483193817347 -0.00164779368372979 -0.0882996742085405 -0.0214136598166555
0.0289733034812146 0.000331017785358738 -0.0854968714851084 -0.0163000786880676
0.041334300373426 0.0185763855684044 -0.0861138530655629 -0.00857523009038785
0.0193521486257879 0.0429943494940636 -0.098747240191574 0.0468454799124697
-0.0119522897837524 0.0547013044493986 -0.114801269500802 0.101029632051944
-0.0611783522774869 0.0590993245439037 -0.112082168791757 -0.0440731974876305
-0.0165292204629521 0.042298834738323 -0.0255227550016148 0.0102796768969847
0.00720955445279027 0.0321691536997843 0.0638090890186514 -0.010074504342805
-0.00132465249509068 0.0152526563732152 0.0860601181126229 -0.0516769766785146
0.00493066669970837 0.0246691945927267 0.0615499308127317 -0.111032720723659
0.0243515947369695 0.0230540912556096 -0.00112887221209599 -0.124093188873806
0.0407677328266782 0.00511457125381841 -0.047506957857541 -0.0927198428902402
0.041349234883391 -0.00676757155624178 -0.0652129621685826 -0.0512613788983357
0.0533023928820358 -0.00312309545618406 -0.0776458054034028 -0.0284792998096307
0.0507565563395307 0.0206549509825649 -0.0835042688371582 -0.021391166784503
0.0419589637543473 0.0364322252189876 -0.0848801941326465 -0.0178973386068279
0.023565066066038 0.0502265575603594 -0.0805135170935518 -0.017048425980089
0.0138165605553021 0.0647907262518648 -0.07515698297057 -0.0146173409370206
-0.0271417385251264 0.0686117630240145 -0.0772844713397603 0.0441328631735276
-0.0720489985295623 0.0716122199503011 -0.0904989900264341 0.0968224147252258
-0.117241291899309 0.0593275181129426 -0.0694388498890246 -0.050769852873169
-0.0770834400142809 0.0511901539646077 0.00948317654278051 0.0166399431960566
-0.0465725764964308 0.0672926642123824 0.0989031270309354 -0.00915601218645971
-0.0298586808219021 0.0622385117225361 0.109580356549966 -0.0575402206714956
0.00348869764247647 0.0683499666481452 0.0703986156053436 -0.11471289417323
0.0342744699691236 0.0578849657466079 0.0106051085127186 -0.118745960677522
0.0602912103626187 0.0348572613177109 -0.0314187407226536 -0.0889945279261191
0.0659881623225813 0.0132049777186492 -0.0462519000299171 -0.0481115975167626
0.0786732918496593 0.0155514218974334 -0.05786111601501 -0.022653792243165
0.0689272800410488 0.0433846034681178 -0.0645584003096655 -0.0112672998506438
0.0577793161483188 0.0647226340892565 -0.0751777559737743 -0.00487410626958627
0.024216215754891 0.0892795096315037 -0.076635871542841 -0.0119470703592849
-0.00614288703349539 0.105048128007048 -0.0679682839912499 -0.0204503505132111
-0.0644279526925629 0.090469733106836 -0.0543115564589241 0.0299138129289168
-0.118739798966946 0.0806163916587968 -0.0525108540617342 0.0819885503126619
-0.155227905682674 0.0538265097012606 -0.0145078478185035 -0.0553956222243609
-0.128014118081496 0.056084557638476 0.0524892263721185 0.0216977003367028
-0.094580247642417 0.0996548060592485 0.132481107727412 -0.00301768264012845
-0.0527177467544227 0.108042886432987 0.130533400241726 -0.0554804828213495
0.00629765289923871 0.107328884346563 0.0793114081770686 -0.105682440331131
0.0438751566149944 0.0856941233447855 0.0253821056494626 -0.100550404213767
0.0732549514251416 0.0589721284314811 -0.00841576448128017 -0.0742445797005161
0.0803077036909241 0.0303536071729791 -0.0204011869540656 -0.0386001584263097
0.0917489264781743 0.0314698623872471 -0.0301971095096785 -0.013189663876164
0.0752521464039348 0.0601420119926248 -0.039850106995241 0.00262151685652446
0.0634584516177518 0.0832355945089588 -0.0612499251807922 0.0110035244374778
0.0209970080750404 0.114778473813086 -0.071498341521019 -0.00440818527411431
-0.0239943520229683 0.130208110272687 -0.0620425452267414 -0.0268221566429957
-0.0929466551950305 0.0987837239031375 -0.0333644564579676 0.00787319456932941
-0.148364501259818 0.0759187375751553 -0.00842071087484356 0.0602062956088687
-0.165901336640053 0.0420585580527938 0.0431652623924547 -0.0625398754351361
-0.155218834327043 0.0515714696393594 0.0945139034937457 0.0183106341953094
-0.125298446902205 0.115000830909365 0.154970441320516 -6.90435702058082E-06
-0.0668821496800052 0.13477370067527 0.140599797147512 -0.0462321532978693
0.00809137631223692 0.128951505703289 0.0873223309650094 -0.0835141974453758
0.0472844590726157 0.0994511554428673 0.0444164396516478 -0.0711087187684001
0.0762127002839578 0.0726210834992557 0.0187996139030513 -0.0515372417877939
0.0834408581750408 0.0427698385165588 0.00759171059974177 -0.0241295829022859
0.0901900690382202 0.0443931702161102 -0.00172322147256379 0.000809601056163509
0.0683764873017608 0.0720690435674963 -0.0138308765059991 0.0199788413243139
0.0539491454191848 0.0931606510349779 -0.0453952323164678 0.0292568205895271
0.00646855227213588 0.123734385793572 -0.0645499734388953 0.00419537856821691
-0.0461893979144095 0.13369640461413 -0.0546742535752372 -0.0315280158219144
-0.114089216426617 0.0872659288524424 -0.0135152348856321 -0.0141646330526855
-0.158494501280126 0.0545951590724034 0.0370794177418673 0.0386387780411614
-0.147578926542462 0.0246716670458546 0.0929899149678431 -0.0709270884951341
-0.150902584253244 0.0369135137331945 0.127156985442375 0.00425650904797401
-0.130088823775556 0.105420363476172 0.158246601330336 -0.000217369537737106
-0.069400553069073 0.132094028361221 0.136322505124317 -0.0317155780153045
0.00628449879052156 0.124535332355401 0.089272773723048 -0.0514060832521896
0.0420247254391153 0.0955756231186155 0.0633266092038431 -0.0364523290122818
0.0671901490928638 0.0738749601396998 0.0463117330550243 -0.026298776632521
0.0738658613752615 0.0485412145265066 0.0344550654842979 -0.00576336014069594
0.0756236132840927 0.0520386064458591 0.0234053927520589 0.0193846896853809
0.0503459756271033 0.0765130326185902 0.00643002943828181 0.0408962847812861
0.0319139831537432 0.0933842754184206 -0.0343571484823798 0.0492147900837429
-0.0192539977527669 0.11429215921604 -0.0591718579740853 0.0137406925957819
-0.070139149189517 0.114400996092921 -0.0457522315214953 -0.0308491387011305
-0.12341345005414 0.0559707846151787 0.00519103930906318 -0.0276513137731204
-0.146831548548138 0.0211519998368752 0.0781917126735957 0.0234022799115875
-0.102794713695775 0.00345747986954662 0.124674094164214 -0.0807913978394545
-0.119982504753657 0.0152860947407886 0.141753565966653 -0.0162945600699516
-0.110121925785434 0.0762647538827424 0.143119014510758 -0.00255357210245057
-0.0596647876753901 0.101144586006614 0.119497193532227 -0.0153313033259088
0.000895539093407508 0.0967131236589497 0.088116919636363 -0.0178413640907428
0.0278099227783332 0.0756390380474131 0.0787681611460121 -0.00511844818670462
0.0459924977797552 0.0630316904804867 0.0690895366128547 -0.00251874293973096
0.0527545744362595 0.0461219427070115 0.0549485838115716 0.0124918719240828
0.0512695561833023 0.0510200454537237 0.0408011812199309 0.040910115097162
0.0273570608680263 0.0697519720071433 0.0168841592963253 0.0645073741834643
0.00784474571049793 0.0811457602120686 -0.0316725224638656 0.0693366671758576
-0.0407928103506322 0.0892888699526538 -0.0571743009134665 0.0246449764601388
-0.0841424764832976 0.0790194931350192 -0.037424165030975 -0.0239846173503593
-0.115231095486034 0.0168688581417365 0.0207993526532517 -0.0287065569030167
-0.11343234276844 -0.0144170047309148 0.110346714096962 0.0201564589881554
-0.0421853124463993 -0.0216204880002594 0.13294705648182 -0.0879491822040298
-0.0714126330047624 -0.0118144753990768 0.13446828471998 -0.0353649044661525
-0.0735960822712165 0.0350024319208006 0.116816616045348 -0.00112834941191027
-0.04240967737701 0.0536068802936873 0.100158287097819 0.00220000612585375
-0.00926654075774036 0.0536682699424732 0.0867788436782919 0.0093832313156622
0.00577098564123924 0.0458780166095419 0.0884408688693614 0.0162866327467273
0.015420153290304 0.0440960683114987 0.0835581204294506 0.0151001290341752
0.0244848837853048 0.0366363847110039 0.0667996640981167 0.0282866343668749
0.0232395511681551 0.0398824119329695 0.0490482788409638 0.0607141976017959
0.00732310035939532 0.0498806524176771 0.0171812107425238 0.085553716193698
-0.0069918621860297 0.0573442142988145 -0.0358508946521244 0.0861010248689377
-0.0456033153884123 0.0569236600303403 -0.0599581731421622 0.0370184140923457
-0.0775760995570748 0.0388009513147357 -0.0344412380030726 -0.0101682125420853
-0.0873235753529739 -0.0182780470827805 0.0286245026773351 -0.0191473275004711
-0.0623572582239596 -0.0436700045242349 0.12893903751695 0.0267769630902216
0.00448677865720782 0.0520556968173545 -0.140182009127411 -0.0321007378006156
0.0424040138034851 0.0276147669467514 -0.0495592176249686 0.0143379007829013
0.0539963525352253 -0.00321209063680537 0.0385404904201494 -0.00131964693452196
0.0238950813531864 -0.0256791928836347 0.0707983404140926 -0.042088587116433
0.00701014374154642 -0.0147485610166175 0.0530287213765062 -0.103035024197072
0.0137860835169292 -0.0121612801712475 -0.0112698330699964 -0.120574308192678
0.0158990056146267 -0.0247700870935666 -0.0571132014115137 -0.0861634883682899
0.010907283680206 -0.0264638817666841 -0.0746622936492473 -0.0470364673234702
0.0200389228153098 -0.0244346570504679 -0.0887743065807459 -0.0259203131551991
0.0273340751840957 -0.0098003952195906 -0.0950938176360348 -0.0228162383650429
0.0251665254130275 -0.00161589196597136 -0.0918545148435588 -0.0196392717512654
0.0295199761222524 3.16773734062954E-05 -0.0882990828003404 -0.0155305042044071
0.0432517884136206 0.0171508843975592 -0.0897205869146184 -0.00865447298379337
0.0207605370059219 0.0435789104404725 -0.0991684591818079 0.0470732332097058
-0.0102204431438612 0.0559367991928511 -0.114928383266086 0.104607416075071
-0.0601980212496243 0.0622006277776734 -0.113874837100162 -0.043709785891642
-0.0157371452452988 0.0431251722427308 -0.0241347040926413 0.0119366178779522
0.00790219504040517 0.0316718786905503 0.0665302055283775 -0.010391672216165
-0.00222858610646848 0.0149485744636397 0.0888802738137357 -0.0534411725863042
0.00467961900181647 0.0254380495479582 0.0618505976384531 -0.113855415560218
0.0251410567425506 0.022955642626576 -0.002384937065231 -0.126257293265852
0.0403318309057561 0.00414326496510593 -0.048249696301689 -0.0929173450549148
0.0410293012835585 -0.00751477398799377 -0.0651288869150728 -0.0505224648358219
0.0532120475723792 -0.00400798977834771 -0.0790491085791157 -0.0262069243648307
0.0516651001217005 0.0195075066879953 -0.0861087203088396 -0.0188035690044813
0.0434791740755634 0.0360226681122548 -0.0878563834285482 -0.0150918876676469
0.0240984975756431 0.0507231249393732 -0.0842191020566933 -0.015924986547024
0.0152778115418367 0.0644270814329409 -0.0789073257765696 -0.0148012649841798
-0.0263163028824447 0.0710711731459767 -0.0773441681029565 0.0438337378758154
-0.0707480852396231 0.073832462986797 -0.0904017073864 0.0995884192640769
-0.116921484671342 0.0626992992961831 -0.0708478975054722 -0.0507031922993929
-0.077562722698001 0.0534100262847546 0.0115826716826982 0.0174449712317933
-0.045550511831069 0.0681797979864032 0.102051554476568 -0.00930640184580507
-0.0296848427638544 0.0632432965489148 0.112760243890296 -0.0596071906666867
0.00450752809303873 0.0692445938819832 0.0704935265463239 -0.117564060094776
0.0362260042417408 0.0582845182677739 0.00942118889315312 -0.120750929296131
0.0614003400298497 0.0334093247823592 -0.0324965836133924 -0.0888875923494451
0.0660065726599899 0.011771229668162 -0.0463467580195977 -0.0482611347408619
0.0787565744324651 0.0135923739784919 -0.0582045061070409 -0.0206475052617394
0.0702390913809051 0.0429545774537196 -0.0668883513509634 -0.00861243128921372
0.0593709095295034 0.0641634756061691 -0.0783977238849571 -0.00199724136465807
0.0260092632148098 0.0906069652054434 -0.0808286929187432 -0.0100886333352954
-0.00393983533547349 0.105678442958308 -0.0721823080526229 -0.0208484011500508
-0.0639827104607973 0.093014138012579 -0.0540851246355216 0.0290731332621513
-0.118087687613474 0.0843355649139213 -0.0514561490660152 0.0839043549729115
-0.155398310855702 0.0578483844356065 -0.015204068496191 -0.0565772619216572
-0.128965611599313 0.0586410892043266 0.0548904688241593 0.0223007669791197
-0.0938224781960179 0.101670699700325 0.136987781242042 -0.00370059349363292
-0.0527146383918059 0.110199172514102 0.133902112726906 -0.0578577922648948
0.00804260696199724 0.108219641626582 0.0794067879972419 -0.108289631641184
0.0459757060301187 0.0862103599692142 0.0253212283348647 -0.102411619389837
0.0753263737300351 0.0573037612151263 -0.00916755326306677 -0.0740727867688554
0.0811775434622729 0.0283775531799638 -0.0204574331940858 -0.0390488271596234
0.0924426226665119 0.0295539401625325 -0.0310650965301016 -0.011631565794735
0.077692741608354 0.0604098106065218 -0.0408172356818752 0.00501219926950291
0.0655812130222136 0.0826937032501321 -0.063873155776661 0.0147915265848438
0.0234418582141226 0.116735359969664 -0.0757765518876997 -0.00236691000704924
-0.0214730680781119 0.131682308278102 -0.0667444506064029 -0.0266711315719109
-0.0932013552459757 0.101942503954515 -0.0335040938769712 0.00642470271767495
-0.149314044217169 0.0803978206780453 -0.00708447910766795 0.0604099146194523
-0.166581672835972 0.0463446179073958 0.0433773921643173 -0.0640615566998172
-0.156493525413588 0.0549249564455942 0.0976861041962985 0.0181990033797385
-0.124506966521179 0.117147877762705 0.159122839659254 -0.00123982819619244
-0.0668628794574291 0.137998552058296 0.145071934475444 -0.0481048513581462
0.0105585656861844 0.130536139305942 0.0872126698321819 -0.08611321640841
0.0502706909061477 0.0998228527826619 0.0445315636222803 -0.0731223037002119
0.0787600779342088 0.0713289956973741 0.0186111806714159 -0.0524094435650857
0.0836955131914658 0.0408591409413283 0.00773170000370056 -0.0239201144084614
0.0910847661326907 0.0421457027921131 -0.00198059047268382 0.00248389603473926
0.0710063188725798 0.072010195930102 -0.0144251599999329 0.021837381934268
0.0557459797005979 0.0930537367710007 -0.0479186170190677 0.0331306953882716
0.00858148461156411 0.125144450672362 -0.0693816689298658 0.0063619160758244
-0.0440738277969882 0.135571996601556 -0.0591588089045554 -0.0310012034943259
-0.114448783074093 0.0904670122011934 -0.014242775970804 -0.0154936220300862
-0.159737231135145 0.0588168139901038 0.0387634441932574 0.0376845668800843
-0.148957040483433 0.0280820965864155 0.0933535329092794 -0.0729716255443543
-0.153226371220184 0.0398016122692594 0.130168674382676 0.0036417399890051
-0.129995058615196 0.108626450520673 0.163416975983057 -0.0018739519622455
-0.0696043732017677 0.135286916032189 0.140387902186407 -0.0337639456177357
0.00865174313640585 0.126047508373136 0.0907859663183841 -0.0534311133663397
0.0448701212944047 0.0964877337398039 0.0650337622092927 -0.0388308066850038
0.0690695101775357 0.0726681207035574 0.0466373639696498 -0.0265606722919277
0.0742473112321912 0.0468620784546421 0.0352325557805826 -0.00593174504433217
0.0766641923842941 0.0504406341032698 0.0229056279774631 0.020254802763051
0.0523114993572036 0.0769538012599476 0.00638936669840251 0.0426747814634935
0.0336396404404156 0.0936517176679289 -0.036353596446303 0.0521032518298037
-0.0177565807339593 0.11694385863079 -0.0628785725220612 0.0159443484020202
-0.0686233713778797 0.117184667020985 -0.0503388062555466 -0.0312254587877535
-0.124894985565841 0.0591077271945244 0.00426490964929954 -0.0289346231376594
-0.148392886088082 0.0251319484069533 0.0802685977583598 0.0219573919966015
-0.104793759197463 0.00560264712223106 0.12608629162499 -0.0829963024858095
-0.122244730984333 0.0174176276565755 0.144478754662972 -0.0176206694674218
-0.110442914478798 0.0788434243141606 0.147409040925979 -0.00380305552127907
-0.0596381093855754 0.104581042496407 0.123979629691808 -0.0166483998625633
0.00263689371308715 0.0979307545711881 0.0902517192712483 -0.0200729527448742
0.0293615569472947 0.0755459960529216 0.0812801795555206 -0.00742244298294296
0.0477733296927641 0.0626630065061355 0.0706826448224348 -0.00368096078412858
0.0538049317267335 0.0445595741850839 0.0548335946081478 0.0120005657603769
0.0526534389852041 0.0496425859350592 0.0407471907354042 0.0412691137251514
0.0290585655925035 0.0699825346200766 0.0171196614673569 0.0660430720027327
0.00949188560345368 0.0811582566882414 -0.0328919866278691 0.072633155780439
-0.0400786776609857 0.0919866270830575 -0.060954532973466 0.0272587024220376
-0.0831879211445811 0.0814282505466666 -0.0415213159656149 -0.0242227751703164
-0.1172719455226 0.0191365729211555 0.0201797614528518 -0.0299845317727444
-0.115631955464853 -0.0127135810282909 0.11262226180888 0.0181458340464892
-0.043254794411105 -0.0209374241214223 0.133881714417921 -0.0907076229855557
-0.0735930287954939 -0.0109376653007425 0.136275038775619 -0.0366592193162392
-0.0737832044533439 0.0372196376117853 0.120431318541392 -0.00192884168578898
-0.0431746243711599 0.0555750653875028 0.104098688072228 0.00132563867083277
-0.00787559560725259 0.0548615882246785 0.0890082474834275 0.00698646551561293
0.00648348012217443 0.0456462460925952 0.091553680167539 0.0141038708210991
0.0166755394374353 0.0440422243467299 0.0849302329830024 0.0136161014338679
0.0250952436778818 0.0359611068687935 0.0669251853713372 0.0279564219502814
0.0243940470286951 0.0395083456742445 0.0496710085514813 0.0610450739845183
0.00860592673441833 0.0502247865053708 0.0181623409375133 0.0866833390209363
-0.0054715872070912 0.0579576779636619 -0.0362931502540708 0.0893836697478052
-0.0453710759653692 0.0595225544790346 -0.0631386932218982 0.0388021064029764
-0.0778873538913158 0.0406755487299727 -0.0378816892833164 -0.00989520765076517
-0.0894762651508082 -0.0169286384969823 0.0273778690715466 -0.0205232617083814
-0.0650392900349532 -0.0432982577669117 0.131234457588346 0.0249026196451397
0.00748967694487133 0.0525719021721855 -0.141907639658877 -0.02827277513774
0.043812585032315 0.0264111394946009 -0.0477273982335226 0.0171189106592225
0.0539503946385026 -0.00559361018544738 0.0406575272735757 -0.00167436547551822
0.0224779943751258 -0.0263461623291658 0.0733407442401362 -0.0442989238999607
0.00717990758025673 -0.0137633200791506 0.0517481493578639 -0.106695469523166
0.0135848004462064 -0.0126253500602996 -0.0152935036159503 -0.121555536723506
0.0143964768854061 -0.0257116234571691 -0.0592851711287267 -0.0853310043176447
0.00894235727978218 -0.0262657743108147 -0.0752765304630825 -0.0452869435027605
0.0188079004383405 -0.0250272926440331 -0.0896525610101298 -0.0221507948672923
0.0272628957313099 -0.011269267889251 -0.0972560241005201 -0.018755884361871
0.0255895428698209 -0.00305332365944339 -0.0944351081838942 -0.0162523988678035
0.0296250310393732 -0.00140161576931635 -0.0911549226514745 -0.0129037995438965
0.043963566289422 0.0150234093964787 -0.0926011159879314 -0.00718902892240728
0.0228019405300105 0.0436391308563874 -0.0983478229502811 0.048031447242992
-0.00714293383965461 0.0563030797464086 -0.11152330159376 0.109154548105853
-0.0573557602472244 0.064560986993954 -0.115250401409621 -0.0401494182763679
-0.0144991666625599 0.0444951299549805 -0.0227311948672194 0.0133365568215934
0.00879078524857545 0.0305695388229053 0.068415449527898 -0.0115931055038896
-0.00170277584433367 0.0154915195213285 0.0905615053717876 -0.0563334356921843
0.00544784255156602 0.0261303233955775 0.0596639743807117 -0.116678567774957
0.0260714159486373 0.0227537127286185 -0.0058551484579669 -0.126809646114908
0.0407207118366484 0.00216551735297346 -0.0511339586036706 -0.0922072131780509
0.0397711864165364 -0.00883037023086261 -0.0654029835419249 -0.0496139920900318
0.0524834292222478 -0.00624128023417874 -0.0801953383628153 -0.0226242378543082
0.0527474442782598 0.0179419159649354 -0.0877505587935007 -0.0145710481158444
0.0442147659836158 0.0350885378836908 -0.0904292999874379 -0.0114565617764506
0.0258775363007068 0.0507106937238218 -0.0874995230119818 -0.0130464536407469
0.017892711269707 0.0637572335210385 -0.0825136078498898 -0.013406296942699
-0.0239186188942322 0.0726742676621252 -0.0763386771025676 0.0442028691421689
-0.0675749959426533 0.0771505661951716 -0.0868380435226542 0.102603250206633
-0.114676637409277 0.0680182465512845 -0.07233293979122 -0.0491612642447978
-0.0763142383996161 0.0565703673850021 0.0136784754252255 0.0187819122022208
-0.0431409500146484 0.0696567012064106 0.105307038072866 -0.0122540055105813
-0.0293036515672602 0.0649485385203639 0.114119602340749 -0.0633941101089453
0.0062626836999902 0.070071210264574 0.0682027735514948 -0.120591052842308
0.0376727940807719 0.0575844727705379 0.0062640563464504 -0.121837283666568
0.0621834946604796 0.0309991429186799 -0.0346061926361897 -0.0885664589089473
0.0655436519150233 0.00919247361252573 -0.0466667954356619 -0.0473786426934254
0.0787203317328896 0.0104756582930148 -0.0593827360245825 -0.0180474386855142
0.0728228651115152 0.0407506998185291 -0.068073556064968 -0.00437916409020918
0.0616751500664421 0.0626622168819684 -0.0808879781702544 0.00237196131906081
0.0288602671625256 0.0913218251089696 -0.0846076066494665 -0.00678336253813804
-0.000501053423607461 0.105636182307872 -0.0762292135374901 -0.0192616303021026
-0.0612646178190593 0.0965415344469724 -0.0533910031134242 0.0283772082858781
-0.115706446308528 0.0894415530873367 -0.0485740982931173 0.0858016472255656
-0.153519641475609 0.0642043429244624 -0.0163470455325369 -0.0562853621011942
-0.128650814316949 0.0631983313750744 0.0573660720335398 0.0216618803497565
-0.090696108211443 0.104462944021214 0.140265082859716 -0.00769157290510662
-0.0508331980102133 0.113178836016031 0.136065889475401 -0.0620173822908317
0.0108752687786822 0.108893967209982 0.0772631294402968 -0.112124564729998
0.048912309949498 0.0853763310185992 0.0226038860213578 -0.104752529783857
0.0769379820448808 0.0543483912155489 -0.0113059255266968 -0.0744275762366876
0.0809898667435149 0.0256969235451112 -0.0208905008727173 -0.0384819542859029
0.0925081922948202 0.0256827347838469 -0.0318557562085007 -0.00944372943092584
0.0805801537065171 0.0579812930395777 -0.0419087118421537 0.00844374979919632
0.0674830018081693 0.081086270444038 -0.0658833755774254 0.0188948377810567
0.0270623090295069 0.116981762515208 -0.0793231903170147 0.00181522388658446
-0.0173324469107123 0.132385889157248 -0.0709138189734711 -0.0249820188247351
-0.0911432775583882 0.106606203509353 -0.0339147449809122 0.00570113431135499
-0.147209355081886 0.086801306397769 -0.00457693012478453 0.0610015458239952
-0.165366784170918 0.0523230894103621 0.0419856261982648 -0.0660419237810705
-0.156527559662639 0.0598886298163774 0.100521876645306 0.0170845158655102
-0.120892822260397 0.121278208387461 0.162790451930031 -0.00472390788307733
-0.0637683556432221 0.141989883360199 0.147701255323301 -0.0531797279306636
0.0145831438289933 0.130903148101442 0.0855782888731705 -0.0898867854670119
0.0534214444178319 0.0991321149554461 0.0433050811918796 -0.0759706885086278
0.081330662603933 0.0691406482338889 0.0175262551686943 -0.0532182117217908
0.084670891520785 0.0381566616301671 0.00827790697253866 -0.0244219719110795
0.0918453797627657 0.038302436178781 -0.00216846453129583 0.00329705888538579
0.0740745983508774 0.0702159783206394 -0.0143470383089032 0.0244377570015888
0.0590811023043095 0.0913052286035956 -0.0485674143502147 0.0368947564375392
0.0121166551806888 0.12616323127268 -0.0728155516671828 0.00999809449654323
-0.0396113151203466 0.13732934092337 -0.0642688544933809 -0.0291081735013425
-0.112333539820814 0.0952851849570554 -0.0156471386582017 -0.016763627640444
-0.158946159924007 0.0658748369383994 0.0406657595999762 0.0361217209181132
-0.14818033586385 0.0343333852321835 0.0924757185535974 -0.0768388453534292
-0.153884552625086 0.0449759901932377 0.132758596872935 0.001254491563451
-0.127162386785469 0.112452840153057 0.166129322969782 -0.00607321908639786
-0.0665570693521921 0.139201838477699 0.14302148964958 -0.0381008265901858
0.0124517001368702 0.126323957820372 0.0904087575524996 -0.0569561494961375
0.047834762234649 0.0951043705573344 0.0647520399946316 -0.041754929252115
0.0717418054583919 0.0700357349441452 0.0462002225809257 -0.0279450970396876
0.0753563431125368 0.043257898201361 0.0348632637509624 -0.00693434658302564
0.0775064042060092 0.0470835119512955 0.0234207973050776 0.0203862480422512
0.0545852257046125 0.0756173253229829 0.00673668085180761 0.0445574625973553
0.0366461795798137 0.0926899365305364 -0.0366825243341103 0.056178002679627
-0.0141868243890609 0.118593616943484 -0.0664896668710071 0.0196165040296155
-0.0649458020760984 0.119828608065536 -0.0547318588306501 -0.0296776351823076
-0.123900277633575 0.0641490118148135 0.00311141036800504 -0.0311987432132934
-0.148724641855923 0.0305046065672095 0.081813830423875 0.0189357243604554
-0.104714218457054 0.00939105227003016 0.124567561855754 -0.0874789390270709
-0.123852015588593 0.021084004794775 0.14631575543731 -0.0205669331572652
-0.109484447166302 0.0828724557703035 0.150263986768722 -0.00711501862257332
-0.0580214856231413 0.10751256012572 0.126495321858609 -0.0197233661576206
0.00514339605364969 0.0978717604409859 0.0909841784219619 -0.0225961816907038
0.0319705154781219 0.0749885337564485 0.0821351153306594 -0.0103056868885215
0.0506378392223666 0.060932424380746 0.0702662595123954 -0.00583580754818689
0.0550849249567832 0.0426337147097555 0.0557225940725258 0.0108972993721073
0.0536625860344218 0.0476031812734099 0.0416201089458849 0.0409055378801089
0.0314045126214994 0.0697480304808156 0.0181614833836723 0.0668052377059248
0.0120176619397018 0.0817683408301829 -0.0320595863991153 0.075836432847731
-0.0371556625940347 0.0945663280643951 -0.0634263956303288 0.0303857655751336
-0.081250148877601 0.0847407323316562 -0.0453902081560925 -0.0225859337087136
-0.118168624298023 0.0234879769170451 0.0183172776649525 -0.0310852741596016
-0.116942542633965 -0.0088412723667968 0.114257803908449 0.0145655613791896
-0.0446551125978367 -0.0200606926527103 0.131839578142324 -0.0947764862340571
-0.075827867330387 -0.0090567261531982 0.13710016953431 -0.0394025761746758
-0.0737622277086718 0.039866716101441 0.122825007748527 -0.00430204273537534
-0.0422825762660459 0.0576192411324928 0.106896768296218 -0.00128896369187416
-0.00615423164455772 0.0548986681448565 0.0911565228308764 0.00459663166613335
0.00796736597941113 0.0454367720708355 0.0936322502433551 0.0106570255196855
0.0184716757706008 0.0436055047737342 0.0852451942326889 0.0108248898617869
0.0263611859141946 0.034572152444932 0.0672751472799094 0.0269861636419371
0.0255916379205859 0.0382139174344261 0.0506856183427212 0.0602495756367968
0.0101591192273402 0.05046094763424 0.0199252976583081 0.0871580030772308
-0.00342425740855172 0.0581614353380232 -0.035572087443759 0.0925535642467146
-0.0435524608101106 0.0625076200453414 -0.0647984578153469 0.0422014521929685
-0.0774536214413586 0.0441750059726816 -0.0410834967580036 -0.0084966019603313
-0.0913083148871513 -0.0133611564659234 0.0256088076046401 -0.0216494659831539
-0.0671895971883111 -0.041297382519885 0.133250430500707 0.0203699208256588
0.0137869042930059 0.0510361038756386 -0.143878053923606 -0.00943576554717569
0.0461795895025128 0.0196864016484028 -0.0442291947511325 0.0248511092639853
0.0519435033268008 -0.0149855760804919 0.0408445685510867 -0.00348557215219611
0.0187441552605747 -0.0308652981025832 0.0687108242087934 -0.0522327267601234
0.0051484680712493 -0.0160963130595916 0.0383046444758153 -0.112186263149424
0.0095209771631027 -0.0168428031048088 -0.0301862911583127 -0.11552916404803
0.00788505293816368 -0.0283308869739628 -0.0685083726940833 -0.0744774239984816
0.00373393250267376 -0.0262943002196499 -0.0775841986197978 -0.0349617052360123
0.013282901840515 -0.026337939726365 -0.0902385544705466 -0.0106719901274162
0.024455518220832 -0.0139121191710393 -0.098930619895201 -0.00631428673659039
0.0245329624628324 -0.00577469787432069 -0.0963165388757173 -0.0038493500119361
0.0287792940645943 -0.00430410227184628 -0.0938293222237408 -0.00266852355088224
0.0461092932043864 0.00900986918996015 -0.0956645231515111 0.00153502028445259
0.0306483923815206 0.0402175124066426 -0.0924427575099981 0.0556033172157082
0.00223864323789507 0.0573201455256896 -0.0962025071959069 0.117510483010047
-0.0469968660670894 0.073669290793923 -0.117895807343543 -0.0278354119750931
-0.00636465237232867 0.0458066565712202 -0.0202807195569739 0.0144618953041878
0.0142674726350612 0.0264058642296027 0.0659341751429512 -0.0207398725697435
0.000961567867740391 0.0137033518945932 0.0830434092317977 -0.0685231870716972
0.00891131616159391 0.0221492421377271 0.0422361708209487 -0.12331564340127
0.0262059284106419 0.0158954698031873 -0.0237123023044246 -0.121701733815021
0.0380316378133044 -0.00499822328961472 -0.0628126048993695 -0.0824797179722302
0.035699682407437 -0.0132921039327733 -0.0695919355171541 -0.0399863126831831
0.0490835320968415 -0.0129111519117581 -0.0806477835041005 -0.0114898795607434
0.0545847512819431 0.0113826863520087 -0.0893189516307861 -0.00305433253852272
0.0481673335693455 0.0286022717575028 -0.0924805719386987 0.000387055600669681
0.0329516013767136 0.0476886040798163 -0.0907724135247048 -0.00451457547921104
0.0259457404820474 0.0606930310398927 -0.0847793944828921 -0.00672447187801491
-0.0129894089361975 0.0747976459898688 -0.0694119998060087 0.0499659122918345
-0.0548860106091676 0.0857407590654865 -0.0713159404072916 0.109276499143702
-0.101727164538621 0.0850283747713932 -0.0758779054560954 -0.0445752700191498
-0.0646667281543545 0.0671142738585429 0.0166579094204369 0.0116509573635591
-0.0302271580883337 0.0721835706911466 0.100803073873581 -0.0292948995214674
-0.0170506531986231 0.0664326539347086 0.103932349072159 -0.0811064980901813
0.0166030502797673 0.0643517317199297 0.0479523084599746 -0.128280654958845
0.0436377521479796 0.0478040338243845 -0.0127572992065467 -0.119068055392962
0.0646375910782382 0.0195812648464261 -0.0481044498734468 -0.0814709983627339
0.0622651300375179 0.000982574127367335 -0.0504012782692862 -0.039509542064796
0.0772034072760577 -0.000464992804288012 -0.0598150213893885 -0.00887808158984878
0.0770451377050954 0.0310188772225283 -0.0695936178692002 0.00479087445061651
0.0685226157937899 0.0532395512330155 -0.0819811347474319 0.0131120637260847
0.0419684946413718 0.0873993806031291 -0.0880333722685977 0.00123035335763058
0.0137612692175257 0.10390532381253 -0.0793737597623344 -0.0136589771571341
-0.0467591013821734 0.103170219491928 -0.048074767618062 0.0327594006456215
-0.101540754602065 0.103754111080502 -0.0347458033061416 0.0895036564395129
-0.139052846540937 0.0871615991293342 -0.0220016715555143 -0.060747492887551
-0.113789563352175 0.0817295934684839 0.0607769901898617 0.00746832791482655
-0.070049254142602 0.11412969639788 0.135213887344419 -0.0332509434670938
-0.0301381913994975 0.116870277683953 0.124061881873129 -0.0860393583340655
0.0270205516377093 0.101447070712789 0.0566853723769533 -0.121428077390008
0.0581801709930783 0.0733249026004612 0.00520012050732519 -0.104367578251764
0.0835517861744261 0.0407160645680163 -0.0244379912379827 -0.0716088610692042
0.080013049087105 0.0142042987128722 -0.0250843415382033 -0.0339389135740048
0.0930035885505052 0.0116292517870406 -0.031802670795982 -0.00395842006729225
0.0877442794618621 0.046100033083166 -0.0427737028852447 0.0138934028886652
0.0775090217381181 0.0699185057692414 -0.0650921868518449 0.0277348414810417
0.0436814972788351 0.113397825174141 -0.0820043574699482 0.00826511698282002
0.00138287567735975 0.132231705371289 -0.0749027033550717 -0.019695118358908
-0.0745452153034877 0.116959500136867 -0.0307757335445559 0.00882862329383276
-0.133037264338272 0.104479344271452 0.00653319037531197 0.0618364362754447
-0.152293181040206 0.0768363903237823 0.0346289831504821 -0.0777539302687717
-0.141092005654028 0.0830573362273384 0.102297810124264 -0.00460026561333084
-0.096513840008544 0.135198146107994 0.157624500342578 -0.0361969975112976
-0.0380822110549916 0.14749694146989 0.13460243442093 -0.0802699739716982
0.03307725782762 0.122340555485461 0.0666339460548902 -0.100952110550156
0.0656559342540982 0.0858791010364387 0.0287086137373503 -0.0794933587875159
0.090652681503494 0.0532818345093007 0.0061924018278152 -0.0549649527430726
0.0852118842442011 0.0251138254698159 0.00382894115515077 -0.0235445900388845
0.0947739868866361 0.0245465223518033 -0.00239010066330903 0.00478303011374601
0.0833315402340929 0.0592769799271449 -0.0142495459381931 0.0265753160688424
0.0700264369711225 0.081276751948603 -0.0467634083966424 0.0440416930170761
0.0308147730424798 0.124894058362886 -0.0745768685123156 0.016392825426694
-0.0200917278118281 0.140392214009825 -0.0679263136941066 -0.0244773461491551
-0.0979966599257097 0.109087089838152 -0.0147355964555396 -0.0147797317668638
-0.148481673815199 0.0844982257319701 0.0470004052146483 0.0339637117507031
-0.138091762239721 0.0550758190082062 0.0822864540009607 -0.0932563376659337
-0.141558537490489 0.0665817165766369 0.131827845486411 -0.0241269281080469
-0.105104133709886 0.128201020072037 0.160548765572299 -0.0375507242854612
-0.0413797591425909 0.145594037975168 0.132731448615616 -0.0643935000428655
0.0312358617183693 0.119202577232473 0.0760817767331137 -0.0696625461927555
0.0606022609219848 0.0832683864312818 0.0538927079452905 -0.0495134575374805
0.0826878034779426 0.0567158034355889 0.0373631618928215 -0.0355939452045155
0.0779764362307349 0.0321028578977085 0.0318481198350685 -0.0096913476072826
0.0826061189072155 0.0345149783767593 0.0244396183716773 0.0190692634316264
0.0663771883734855 0.0667576976894685 0.00961727094941089 0.0437367048076231
0.048950717723017 0.0857901806408991 -0.0324014318391324 0.0604692390958101
0.00355598450059427 0.120135608210361 -0.0663766103117062 0.0255535448737417
-0.0473363693567234 0.126574241808636 -0.0574837778980442 -0.0250739389416755
-0.113816980885623 0.0799806141324414 0.000949910766041695 -0.0297308300242902
-0.143316053750537 0.0482016525213768 0.0852070158563412 0.013123885425233
-0.0997040881613162 0.0231767420676971 0.111507898599331 -0.10589205738109
-0.116128780890046 0.0380856656931597 0.142720994067052 -0.0450131687439004
-0.0919066815486338 0.0967671890550154 0.145631936604624 -0.0345590859540965
-0.0377300113859015 0.114168721106469 0.119532782885947 -0.0428081606462136
0.0214759791571958 0.0934644658186095 0.0827178182662546 -0.0362073750572163
0.0430357293730429 0.0666564028340813 0.0765928535389491 -0.0222140325216855
0.0600989498755312 0.0513978438912397 0.0647264119035187 -0.01693659181327
0.0583934041474005 0.0332553267114437 0.0541602247218977 0.00483101214542539
0.0598346493716126 0.0380777192353522 0.0441618586991523 0.0371163702810694
0.0422779421514623 0.0638944763339478 0.0233785642596649 0.0642694662574848
0.0234325745007758 0.078230927747648 -0.0253104269911986 0.0792434892721218
-0.0221939374840311 0.100564482726541 -0.0614190045033723 0.0362079234211186
-0.0679536205765019 0.0945032066607487 -0.0473516711592945 -0.0184202184619571
-0.113329554153364 0.0387949717179192 0.0149796773286725 -0.0312408819043389
-0.116930055772497 0.0047841185317391 0.114778996834729 0.00511469841653228
-0.0458867696982002 -0.0154181797587728 0.117532957646048 -0.111012147923431
-0.0741660584082952 0.00152404626124181 0.131924038382275 -0.0597090254309282
-0.0643644997630184 0.0486176155299975 0.120966790954192 -0.0247094635838257
-0.0308506198629719 0.0631413804599409 0.10587233472972 -0.0199282603137391
0.0035722331437334 0.0536184243779015 0.0888339429418027 -0.00934216772496665
0.0156830647666826 0.0415453639947409 0.09146321311929 -0.00363006539571808
0.0264948443208163 0.0394719192422499 0.0828134114841304 -0.00281447705611459
0.0300826082662763 0.0290625762331099 0.0671016758148579 0.0184163967553076
0.0309281289652593 0.0326329094547639 0.0557242215334883 0.0545980899539194
0.0187887817441747 0.0479174837784284 0.0272379297601811 0.0842908469330426
0.00629187493823017 0.0571262235644122 -0.0265733229299162 0.0949296238352956
-0.0331502384007398 0.0696114178912125 -0.0605909635445833 0.0483914877323037
-0.0698000294866757 0.0542172586717335 -0.0419354559282077 -0.00406053609587817
-0.0920821424289534 -0.00124202649018073 0.0223605418858467 -0.0223302454882838
-0.072297471729739 -0.033854438627913 0.132263012649442 0.00880870520956256
0.0156030879105347 0.0492491367821644 -0.140115565612575 -0.00749355472592529
0.0458949697779355 0.0185844938656916 -0.0419443965646905 0.024874774491118
0.0500424958915991 -0.015922567638379 0.0426088336401084 -0.00386918538677768
0.0175117542579099 -0.0304249478429757 0.069575520161385 -0.0526277208244371
0.0051704508871442 -0.0151744501081347 0.0368652472356512 -0.111112788920827
0.00895945347414332 -0.0161118958876303 -0.0306997411412106 -0.112125529810987
0.00623062260234676 -0.0282567283522425 -0.0670337415365723 -0.0719415610720885
0.00262033148404468 -0.0246765600944699 -0.0756588424107022 -0.0339722993792979
0.011962301784817 -0.0255468950519019 -0.0868439379513309 -0.00819019047754662
0.0241694222302347 -0.014664091722297 -0.0970339868964318 -0.00360848088959506
0.0240277120935658 -0.00640729903654975 -0.0957157613541265 -0.00148164221378151
0.0281495436747231 -0.00488295970274658 -0.0932946257104667 -0.00105528147324446
0.0448248364081822 0.0072399322528129 -0.0961066281014185 0.00182604298491365
0.0313221079999427 0.0389381969587188 -0.0901534084539363 0.0544795501043624
0.00411654612356919 0.0555763515055205 -0.090936209021025 0.115760140072605
-0.0430736349541308 0.0721165105104491 -0.115457446459576 -0.0261206132015201
-0.00498755083831168 0.0448634883313498 -0.0182481840264221 0.0150217305681649
0.0140928952216398 0.0250255389881532 0.0661565250400164 -0.0205354927025815
0.000196181704632311 0.013233020302614 0.0827905479474663 -0.0681631722534064
0.0092942184574723 0.0222712893519067 0.0407472951598672 -0.121706909832494
0.0259816786608347 0.0153138256799094 -0.0244753337537404 -0.119182557160111
0.0357984848431202 -0.0057818281349478 -0.0617748963243876 -0.0797694711115592
0.0336367712686554 -0.0132546783807713 -0.067498071624389 -0.0386194813012349
0.0464762869862958 -0.0136108875624484 -0.0779765077684326 -0.00914510818700019
0.0530681341246374 0.0094548966764024 -0.0877639709084109 1.23955827683638E-05
0.04753050535206 0.0270855928808867 -0.0915191658977036 0.00313364945262324
0.0329086177285604 0.0462128688694382 -0.0906580515500043 -0.00207119042657479
0.0261115133145015 0.0578004510440779 -0.0860404962712277 -0.00575017842608073
-0.0103074699030724 0.0734618051578022 -0.0679270672317118 0.0480836970650989
-0.0507669436273672 0.0841354142393047 -0.0673133475040233 0.107188699560438
-0.095748324900982 0.0847056113982963 -0.0747034185761163 -0.0431333164489359
-0.0617562060748359 0.06693396775766 0.0180460325789956 0.0110216455425749
-0.0283407920753006 0.069840157041796 0.100452069828196 -0.0296120717740868
-0.0158289380775472 0.0654982063967371 0.103114404001859 -0.0815655901385085
0.0165405903295966 0.0629872399394274 0.0462623442888801 -0.126501192345795
0.0428470509754488 0.0463289649189675 -0.0137952345894952 -0.116125933940742
0.0625277182333212 0.0181840909031407 -0.0474733038182692 -0.0783843393008103
0.0599377002316827 0.000274671010424194 -0.0492630806202888 -0.0387625877227301
0.0743337621680438 -0.00201948411646804 -0.0577359987175209 -0.00712627665964293
0.0762205559861804 0.0286969311603278 -0.0681643807687865 0.00766406456719496
0.0677424802840416 0.0510356539106667 -0.0808570565547517 0.0161835962085997
0.0423100062128832 0.0849758958519843 -0.0878763596304387 0.00350736602914935
0.015244939430614 0.10008488761244 -0.0807353645457441 -0.0119513203074448
-0.0433076780667913 0.102146383783512 -0.0474215968637518 0.0311379868091526
-0.0959415285833354 0.102608453013707 -0.0319419542062797 0.0873112376094347
-0.133343686503311 0.0874467247285426 -0.0217705834862177 -0.0597174992615742
-0.109186682012715 0.0818937751020274 0.0609892482917698 0.00652069707062351
-0.0665315886262507 0.111175946355908 0.134128085189228 -0.0342324590527147
-0.0281292587411268 0.115462007978441 0.122553801963778 -0.0869362066061964
0.0273174934562361 0.0987557605079498 0.0545962279853521 -0.119978954365949
0.0582468160780388 0.0705742102358677 0.00361619340761993 -0.102451632115363
0.081331002468607 0.0373540650510195 -0.0242781753925445 -0.0688082530645127
0.0768470516066687 0.0127450273176336 -0.0242827137248055 -0.0332564619257128
0.0894769929561105 0.00988190482430544 -0.0308729411357707 -0.00243413260569298
0.0862303117042247 0.0433214452301902 -0.0417941801941937 0.0159975159967903
0.0764075689718765 0.0672966290519225 -0.0642484689077847 0.0305338014613681
0.0452988398058093 0.110219375956711 -0.0823348912021742 0.0114776016157168
0.00319002153789014 0.128383306542921 -0.0762685919272589 -0.0178182863616714
-0.070372546180176 0.116162125000608 -0.0307534284539727 0.00692034408813511
-0.127310542492333 0.104111214904632 0.0075355854930551 0.0593475922872328
-0.146270889912327 0.0778217660210858 0.0325272775896941 -0.0769979891284725
-0.13728704554154 0.083431375376874 0.101511451759383 -0.00581399497308709
-0.0935194417024856 0.132906499404315 0.156205214435795 -0.0367292361727126
-0.0351987854324458 0.145489174360087 0.133484029286106 -0.080850733419565
0.0339497869425907 0.119409816848945 0.0643963305761453 -0.099662387795664
0.0649497686665064 0.0826951342777059 0.0272903423560657 -0.0788633937544062
0.0884217072962923 0.0500079365957618 0.00498224802234433 -0.0533213819716853
0.0826501472621126 0.023195516426067 0.00419283820010305 -0.023179671239391
0.0916546095781504 0.0216097711552255 -0.00177037649695508 0.00573913619046723
0.0822993409894917 0.0561020367789956 -0.0140064527726019 0.0277574754484942
0.0692105722904943 0.0781956456174928 -0.046215520125642 0.045918018854496
0.0319871342811536 0.121807052401651 -0.0749766167691432 0.0192666442804527
-0.0174003337437387 0.136862745467592 -0.0696462767922775 -0.0224600822191592
-0.0939051744182416 0.108568180817671 -0.0159945732210501 -0.0160874725730942
-0.142223725971428 0.0851067844819287 0.0472355459581838 0.0309078308307061
-0.133043287656693 0.0559569127914646 0.0793341362518996 -0.093016574186771
-0.137989736878787 0.0676913026497582 0.130337962835674 -0.0250119449956735
-0.101485020077002 0.126360546452481 0.159091231352807 -0.0378472738053948
-0.0387522574195692 0.144365943052497 0.131324476168705 -0.0658277557876833
0.0321885432768804 0.116451172555892 0.0740799417269868 -0.069077076088819
0.0596663631111828 0.0804568355770873 0.0528102052341621 -0.0504622628594382
0.081160208229599 0.0534468219017918 0.0359582796954883 -0.0354062284348825
0.0754624260924986 0.0296977567836591 0.031197722178057 -0.00982655464871395
0.0796211007426752 0.0314815370830157 0.0235819768984743 0.0193905249390713
0.065770017566004 0.0635924285028701 0.00936071735940819 0.0439854307175547
0.0482163828051642 0.082771998747374 -0.0318047562018666 0.0626228784312355
0.00597403542765665 0.118155315091011 -0.0669883737670481 0.0284213049190041
-0.0442630537231598 0.123468588647515 -0.0599209039608768 -0.0226366951199393
-0.10974361539274 0.0803943832870529 -0.000992540438225203 -0.0302227174188543
-0.138760852704966 0.0493626131039208 0.082794636682899 0.0106070070849689
-0.0963790289317501 0.0238917166906892 0.107212573935385 -0.105041553867767
-0.113369813929785 0.0394111480104066 0.139807606223625 -0.0458484515550716
-0.0894362817660312 0.0956364544520782 0.143994155187874 -0.0354564204117828
-0.0360419242939165 0.113669184354237 0.118867239686589 -0.0442183080727079
0.0216625370943051 0.0918913218333635 0.0817164174843108 -0.0366518771501951
0.0427753813205286 0.0644570344973291 0.0749862445036451 -0.0242719681453799
0.0594900490854575 0.0484011951415398 0.0627500116684735 -0.0178409972228904
0.0564345329025886 0.0310824242812735 0.052978186072657 0.0044837591648402
0.0583157092071871 0.0355702606822213 0.0430374047765717 0.0363389379878388
0.0419398620941694 0.06114267075266 0.0229969065266676 0.0634332914818977
0.0241243474209417 0.0757691333809887 -0.0250986335717638 0.0797063106344485
-0.0196204827113745 0.099400442159687 -0.0621072625183786 0.0385873549480651
-0.0650285520661324 0.0926876094924716 -0.0493884098643856 -0.0164164607157431
-0.11035242208672 0.0404916003781872 0.0131525187165201 -0.0320901417244866
-0.113820242682031 0.0068837757068436 0.112194455872724 0.00254746956947958
-0.045103163916997 -0.0148692697590074 0.112318659148677 -0.109809538910846
-0.0734606808469613 0.00254099535287458 0.128498608315043 -0.0594856954060697
-0.0625450846077301 0.0483610494675633 0.119997662773215 -0.0248496575735634
-0.0293874936624228 0.0632021903703518 0.104981247158423 -0.0208159862262405
0.00448460055291978 0.0525330456886193 0.0882009118648616 -0.0113934625206105
0.0153539284122052 0.0399670791931361 0.0901999851406043 -0.00578969095876235
0.0262587766647862 0.0372459267583585 0.0804254377700127 -0.00450378478518923
0.0299067053456852 0.0277329709052706 0.0653831321181122 0.0172742869301032
0.0296820651036439 0.0309337096505245 0.0535905846238184 0.0534717480236368
0.0194534530605175 0.0460886066317409 0.0269389814882025 0.0824517665609304
0.00697242802795263 0.0555799975265051 -0.0258292608593897 0.0952929108347663
-0.0304892734531129 0.0690222228334605 -0.0607170442205022 0.0499384253711363
-0.0672495716652598 0.0540962945351871 -0.0432526696722362 -0.00300631378705345
-0.089830698557536 0.00100552009947703 0.0203044623214495 -0.0222463860255127
-0.071538249167684 -0.032272698871289 0.129413379534841 0.00662228826634977
0.0159963103329336 0.0481556448016584 -0.137830059952621 -0.00811541722656061
0.0461146281970949 0.0188975801119313 -0.0404830463759209 0.0246086416171984
0.0492536290371459 -0.0152739514374794 0.0445362582609711 -0.0029204745999334
0.0170250644921778 -0.0298784223456263 0.072058505646661 -0.0520680633535566
0.00554796909324962 -0.0143488813222348 0.0388499934404814 -0.110306173089106
0.00926936324581288 -0.0155780805962551 -0.0291606542232074 -0.111106699785934
0.00529849822911362 -0.027285163875077 -0.064809687503963 -0.0717177801185045
0.00248863311036129 -0.0242094571256739 -0.0733115040557418 -0.0353773028028321
0.0117207364582785 -0.024652533033103 -0.0849672831801268 -0.00838746848543818
0.0230287573044116 -0.014287855895692 -0.0959300601073763 -0.00291189834678444
0.0239033001559172 -0.00645015218362246 -0.0949653268358015 -0.00129933520960818
0.0272737128093645 -0.00459598661546477 -0.0932730658559799 -0.00189861032707359
0.0441317755014102 0.00699588669176221 -0.0967856546301885 0.000325922711082593
0.0315134013285793 0.0379228854674089 -0.0904797309016377 0.0511360545083903
0.00448705673610448 0.0538308944168968 -0.0899613289166935 0.112742714570039
-0.0413254630206908 0.0698206365458157 -0.113865407564745 -0.0269796512477206
-0.00512370998173812 0.0441551306767018 -0.0173781241243291 0.0139968253359842
0.0132996848935135 0.0246479675962511 0.0681138889952884 -0.019341842868802
-3.06095054917301E-05 0.0135510587079029 0.084878463920069 -0.0681658468399777
0.0090524949423903 0.0224588586314929 0.0424415288974118 -0.120348594331676
0.0258942251402837 0.0156618889944989 -0.0227526540799505 -0.117271963603536
0.0342089476400838 -0.0053524503938186 -0.0591179802591026 -0.0792941464927467
0.0328670261458825 -0.0119572977124722 -0.0652932191299318 -0.0403494110862598
0.0453977090725242 -0.0127884746431787 -0.0758949886561368 -0.00937425349837383
0.0523001832583851 0.00941467140729941 -0.0866004415079975 0.000356319105213476
0.0460281314168731 0.0269257312123295 -0.0911806002339202 0.00377960145160677
0.0319715255662751 0.0455060247301841 -0.0913687940044316 -0.00293398138121438
0.0250941963221026 0.0562619462611138 -0.0874006454759687 -0.00679190569439877
-0.0102706592898311 0.071735397238366 -0.0682829007854261 0.0446370590537089
-0.0498138028524265 0.0820451753916099 -0.0665955104970749 0.104508482018896
-0.0929599660213308 0.0823201701861471 -0.0736771589372679 -0.0442090462574334
-0.0604966725676843 0.0649357960293914 0.0186620075725432 0.0113626224236483
-0.0284290580503026 0.0682175366541359 0.10185948134588 -0.0282063639583791
-0.0169711857906249 0.0646701438444844 0.104518427285809 -0.080920006266902
0.0157587696096695 0.062907990119699 0.0480023822545657 -0.124391144928662
0.0419474748891704 0.0463339328412549 -0.0117859521845629 -0.114674447720945
0.0602930294755252 0.0178620284646824 -0.0450059360603655 -0.0769855206288239
0.058287015827381 0.000834941796862012 -0.0476474675382582 -0.0399246472924916
0.0717515893943356 -0.00129286988292615 -0.0561472237821733 -0.00714611637165831
0.0750056434228637 0.0285200145100991 -0.0674881572307899 0.00799711849650725
0.0660261903654653 0.0506487231672748 -0.0808193966623059 0.0173358809503877
0.0410134324193811 0.0844591532634126 -0.0886377670159733 0.00389810834417282
0.013658594530642 0.0981621233073278 -0.0822957406466965 -0.0129446082593999
-0.0431972773357305 0.0997916430833057 -0.0488140208067934 0.0276285786699491
-0.0940746383779811 0.0998423694544773 -0.0316685115836119 0.0849424833194282
-0.129744951473035 0.0851393723355218 -0.021360403578182 -0.0599702082188354
-0.108093660828855 0.0798628082185413 0.0608403254213353 0.00728121337493228
-0.0670563260002312 0.108271691138104 0.135481721913093 -0.0321049142442708
-0.0289047046784339 0.114532518114421 0.124349331397451 -0.0862087691874543
0.0256346374597403 0.0978423758786849 0.056243069035551 -0.117471639023794
0.0563304064623311 0.0706033023116067 0.00516602240375995 -0.101353077363468
0.0784792521246927 0.0368354050863267 -0.0228095312295731 -0.06727824631257
0.0744865592894016 0.0136936992666551 -0.0229886872762575 -0.0336744003653253
0.0868631313298305 0.0101407666126553 -0.0298946140362145 -0.00222962480283541
0.0851807224767529 0.0433735590719914 -0.0415568666440424 0.016475622462556
0.0741107239595796 0.0669071237157711 -0.064339349642297 0.0324414037872642
0.0435363187451556 0.10935179838003 -0.0839488866442747 0.0125599145649609
0.00182870109193737 0.125862938936788 -0.0778226749709158 -0.017986793524776
-0.0705194550165585 0.113486867788913 -0.0321083757784096 0.00463995615800654
-0.124794704301055 0.101524594664311 0.00720823978226275 0.0576156454086398
-0.14275659488176 0.0750576519414001 0.0326042360930956 -0.0766971378592197
-0.13579567957089 0.0813086996819388 0.101166394387227 -0.0046369924503622
-0.0933209402109861 0.12924207625098 0.157346496110746 -0.0342321841152989
-0.036674057568386 0.143992529237034 0.135140026151974 -0.0794300750413603
0.0321792514025493 0.117592511999253 0.0654676975594302 -0.0975411243104126
0.0635609156347878 0.0824333020509131 0.0278312660580491 -0.0779505522085142
0.0856392502910326 0.0488605716984547 0.00535819547261771 -0.0511399723412326
0.0801928027829613 0.0233452185276228 0.00441262105517369 -0.0233698032964635
0.0881458771090112 0.0216226830283775 -0.00206161149948351 0.00674190399083305
0.0809232406206715 0.0553421511913035 -0.0145501677695734 0.0288317842986713
0.0670558709214392 0.0781162622499363 -0.0462468764827664 0.0477561456621085
0.0315750384838991 0.120269594992091 -0.0764028231076393 0.021232291737377
-0.0177876866318495 0.134013889368652 -0.0716381725382841 -0.0222041620065126
-0.0928119764882477 0.106796977533341 -0.0172577405269847 -0.0174257420252758
-0.140039954110412 0.0832329527531625 0.0464526302509155 0.030256584304246
-0.129800011594671 0.0540260344334196 0.0783094589001789 -0.0915462459361638
-0.13719614728807 0.0663793694865185 0.129941148803347 -0.0228352285540603
-0.101110582033939 0.123226797758597 0.159695827554353 -0.0352109429262192
-0.0399416156859178 0.14347751184116 0.132881355984884 -0.0645053946803272
0.0305409492907155 0.115010903262992 0.0745203289644639 -0.0674206177574306
0.0579229560676624 0.0800549397874315 0.0526371328404675 -0.0500661681603418
0.0790374749390752 0.0526654720586621 0.0352966796126531 -0.033723786854794
0.0732706353830329 0.0297175783758187 0.0312090601488746 -0.00987846094385376
0.076656462110771 0.0312088156043193 0.0229008501953402 0.0204057884212055
0.0646712529994493 0.0627865790778049 0.0077021879050942 0.044435117760143
0.0467713082888579 0.0817664829395144 -0.0324902442446493 0.0639588777962721
0.00567013570651579 0.117019047352275 -0.0690122742080454 0.0296673440660816
-0.0445543694390041 0.120539400950426 -0.0618773878918575 -0.0221428100861773
-0.108638375619023 0.0789347361900091 -0.00202678659824301 -0.0312850316271231
-0.136221589021861 0.0479224404100648 0.0818018524333485 0.0105996960623441
-0.0945438378401136 0.0226262806551221 0.106485814921676 -0.102504167075175
-0.113453881732037 0.0383626369532382 0.13950201310702 -0.0430597666449126
-0.089563391224159 0.0937934742539825 0.144372786113747 -0.0323485723348316
-0.036437444192194 0.113199457292968 0.120268666561282 -0.0430287163189203
0.0206293375495627 0.0907066625141084 0.0814357292198506 -0.0358953949459519
0.0407819503335014 0.06386672457046 0.0745089375713932 -0.0243290526761202
0.0581365276191966 0.0475432750545238 0.0618062360663851 -0.0160964121133515
0.055081916470906 0.0309556143729446 0.0515775263341758 0.00473208824932738
0.0559617360577729 0.0345016857108687 0.0408860364947147 0.0372910232376533
0.0413268039520607 0.0603297127532328 0.0212141662755506 0.0634217118938706
0.0228536701491488 0.0741599950275244 -0.0262644429124127 0.0810424360956556
-0.0196650940731821 0.098349422347882 -0.0635861720875441 0.0395262034800076
-0.0644500309496641 0.0905408888793692 -0.0509433207124471 -0.0160891099995763
-0.108523319524103 0.039224444798188 0.0121600428861617 -0.031846076362332
-0.112744550237016 0.00574143630609297 0.110288002079778 0.00342457567344301
-0.0442348916837574 -0.015125683378313 0.112142488626933 -0.106816868541663
-0.0733137621599107 0.00273425027685674 0.128147964013456 -0.0568985541751854
-0.0628939669906235 0.0477814279747181 0.12103947819987 -0.0223327813471824
-0.0299966086900793 0.0631961300677444 0.106450820558574 -0.0199632719415409
0.00405757205848514 0.052264167465291 0.088367050324888 -0.010809116664966
0.0144632414371369 0.0397160107930501 0.089596854253237 -0.00639051270297854
0.0261978332184973 0.0365740817783703 0.078149248613883 -0.00371036773651809
0.0290202976211771 0.0275072856675257 0.0635763628296945 0.0184703005794346
0.0290634045774009 0.0301048765524185 0.051527226028004 0.054026925645003
0.0193133141598811 0.044914503229844 0.0246013090250301 0.0819748847486207
0.00697557443307336 0.054227574141157 -0.0275780499961929 0.0949667777545569
-0.0298439996228321 0.0686818622141984 -0.0625361095675886 0.0503430977069023
-0.0664807568568264 0.052869460268617 -0.044830293295338 -0.00266531064970517
-0.0886062012323316 0.000951436972231141 0.0193905235244176 -0.0221084145635039
-0.070417009851336 -0.0324629158490847 0.12759113614741 0.00739825389388484
0.0160660240859369 0.0478699427603201 -0.139265711787591 -0.0113860182323598
0.0467838797912145 0.0192181929218992 -0.0411375597446683 0.024602630357534
0.0501444956923863 -0.0148745060829026 0.0472254721883417 -0.0022387610077777
0.0176114056029115 -0.0296155244465002 0.0757805385446558 -0.0530189973168205
0.00633406018949508 -0.0142073699290868 0.0423153124492428 -0.111636259678475
0.00939603530289691 -0.0153258491675608 -0.0265172339286122 -0.112410211912841
0.00484861534567217 -0.0267083315977813 -0.0626287792665937 -0.0744530571186935
0.00273805431617194 -0.0237077495763404 -0.0729990861689773 -0.0383310461838935
0.0123174451109513 -0.0245316324735144 -0.0848686143950707 -0.010093485733994
0.0233225119722535 -0.0144562425743616 -0.0971395020310265 -0.00398225583812513
0.0240000109998955 -0.00626737516659875 -0.0964139449493596 -0.0027618758312948
0.0272863960171468 -0.00391874615242298 -0.0955994333726547 -0.00400667382817707
0.0441796666685928 0.00726141856569355 -0.100483071059306 -0.00228257563756076
0.0314855262134756 0.037808737641443 -0.093422747508959 0.0483825124715841
0.00416426100812106 0.0537026268969258 -0.0923382772273162 0.110584536804191
-0.0416739020707805 0.0690173638160447 -0.114473973098472 -0.0300600020646634
-0.00491797685507909 0.0440458392536283 -0.0171139321872784 0.0144702564027904
0.0128812279316001 0.02403581378178 0.0711919270052858 -0.0184748444326855
-0.000575050011539332 0.0139251235291286 0.0895947442928896 -0.0684539394341586
0.00880073634827165 0.0235553521316473 0.0467416689028445 -0.121368331436049
0.0258273748892371 0.0165795626309343 -0.0200064361188787 -0.118965763080998
0.0335882143636206 -0.0045170534890089 -0.056909314894629 -0.0807692251822237
0.0324521099571331 -0.0110170420372585 -0.0645932268932102 -0.0430638742203935
0.0455893711041002 -0.0114941426145004 -0.075412571861202 -0.010742572961869
0.0523745296441712 0.0108645262082936 -0.0875191589244211 -0.000419089951770172
0.0458467676868372 0.0282134781842692 -0.0932467500845354 0.00322925185733776
0.0311220291072589 0.0466554411904833 -0.0936194482736074 -0.00412731459024944
0.0243029361849917 0.0567242473730815 -0.090914509545539 -0.00931664492694972
-0.0111088612286324 0.0718653752294196 -0.0710433132449075 0.0418077201754123
-0.0509876461095908 0.0810491806184813 -0.0686307413499901 0.103072566960723
-0.0935140933760463 0.080917547742445 -0.0729447140872988 -0.0466217108474583
-0.0616178481210222 0.0643132747969973 0.0194207282583841 0.0116435621339368
-0.030587168416451 0.0669274137610534 0.105837667360663 -0.0262419578867801
-0.01896133298784 0.0650947409521165 0.110263190792791 -0.0807260213252148
0.0147954264725242 0.0640054796989761 0.0517316929782838 -0.125189743396566
0.0419990700256319 0.0477908338743944 -0.00933917559060326 -0.116345392610885
0.0585429060778522 0.0184110219802858 -0.0431294841508263 -0.0779286283834158
0.0576573681308876 0.00257010444109428 -0.0470341267232445 -0.0419157150091324
0.0716288259244007 0.000651557765884867 -0.0557239740147526 -0.00806863976307493
0.0749334075106463 0.0299492881186066 -0.0681984129747966 0.00784658133567446
0.0650243593345089 0.0522850275391322 -0.0823338642182466 0.0178158416262374
0.0397002569988584 0.0860344158737991 -0.0914002019410841 0.00369290872881924
0.0117198982262621 0.0985961800700781 -0.0859468312892124 -0.0146281086174372
-0.0449913003846888 0.0996756961899092 -0.050820906768084 0.0249821091579539
-0.0958333862350724 0.0986607256618988 -0.0332531462932081 0.0836270381922739
-0.130430810761129 0.0826368043678103 -0.0208954756981313 -0.0618138568714696
-0.110148294913078 0.0781937105517153 0.0623494000974505 0.00835305961722705
-0.0703802145649545 0.106585741443523 0.139897712378201 -0.0292554711006688
-0.0318408186435379 0.115376786333991 0.130164022654551 -0.0861846831453588
0.0241643233029685 0.0993161955028566 0.0601425951965091 -0.118175691062337
0.0556272317637626 0.0724719711442664 0.00782676076315812 -0.10208316783204
0.0773899488896289 0.0380877892912499 -0.0208223668957917 -0.0674750381220284
0.0741078896183504 0.0157422101100122 -0.0220116521469949 -0.0354807297094186
0.0856863766655711 0.0120787483970272 -0.0294463273835917 -0.00216223716727505
0.0852976871057082 0.0449358188966002 -0.0423413639517606 0.0175365508842143
0.0731368063956942 0.0686436011039814 -0.0659524923009791 0.0337037866627161
0.0420862272964724 0.110943298452665 -0.086591238664002 0.0130984808981269
-0.000697809436785589 0.126397208014211 -0.0818347191565784 -0.0195174970509653
-0.0722522036023121 0.113416223865001 -0.0340618707607248 0.00174073614298319
-0.126825607588029 0.0998834269619575 0.00613916035058753 0.0567515075614449
-0.143889881914412 0.07242564902327 0.0341731062200302 -0.0772054964168378
-0.138721576851131 0.0790676108951648 0.103089138426877 -0.00232031371996589
-0.0973412391424551 0.12779830227479 0.161898743645865 -0.0314898532854211
-0.0397397386463632 0.145921652473492 0.140405006368063 -0.0796378101453187
0.0301557551805588 0.119385457196065 0.0693256602119808 -0.0975188046772297
0.062320604393678 0.0847781927909912 0.0299579064543073 -0.078896872678558
0.0850184704774223 0.0503718588232084 0.00725589345385579 -0.0510828886268285
0.0797969433635791 0.0257326288148803 0.00517040641239287 -0.024122853729862
0.0866728733091173 0.0234204164670511 -0.00203926413239291 0.00764646608287982
0.0810403339987778 0.0571161873143886 -0.0154270867139909 0.029774874724441
0.0657262982042274 0.0798750232032714 -0.0480328041097038 0.0496362054474003
0.0293802415132979 0.121849625419036 -0.0798989790502558 0.022552069566621
-0.0210302801588827 0.133878052458709 -0.0747671273747814 -0.0235342734202937
-0.095085719207353 0.105544859713915 -0.018562886155478 -0.0193940349545136
-0.14149587251624 0.0805865248757207 0.0461173694522118 0.0300053941295246
-0.131428142966369 0.0513598281628768 0.0803971461890187 -0.0911119228107227
-0.140240308457277 0.0645605402539083 0.13259163898898 -0.0203583318251361
-0.105826614120032 0.122066476415587 0.164809919068637 -0.0323754870076958
-0.0433755905106754 0.145485946337791 0.137829556424077 -0.0635337069642381
0.0288789846600239 0.116557334148111 0.0778361285227728 -0.0670931568926361
0.0571361329158763 0.0821128753487619 0.0547713011055036 -0.0507023373876574
0.0782475152408208 0.0535551384598285 0.0362229514942231 -0.0324725422599683
0.0727303712977501 0.031176174679961 0.0315169480153455 -0.00973676177283829
0.075501773929358 0.0326532429441098 0.0224688682409026 0.022025365192348
0.0638204656676578 0.0641700377152709 0.00615352338130239 0.0457892736044599
0.0454860840323306 0.0830973274693355 -0.0351048657985201 0.0661404640649715
0.00364343300955656 0.118046374604458 -0.0723776523180461 0.0307421668901016
-0.0477451031904178 0.121002602497183 -0.0645377450745122 -0.0235864776605185
-0.110262903698845 0.0774477541746026 -0.0029197701915024 -0.0329688071851719
-0.137777866699393 0.0455578558840693 0.0825158647808994 0.0114022265660988
-0.0955141312501036 0.0206969454160703 0.10899247001527 -0.101469514262198
-0.11631052315369 0.0364626043106285 0.142033991865416 -0.0408325932667433
-0.0930647452320594 0.092974685021442 0.14893669773045 -0.029361051847663
-0.0390508052158892 0.114536084453433 0.124330631530462 -0.0424178737904755
0.0196710246427691 0.0918171906588466 0.0840947733832821 -0.0345303945085023
0.0397383672510535 0.0656748270267239 0.0760889303239146 -0.0242055398103956
0.0572924481809958 0.0482435442214621 0.0616673934159206 -0.0148239859967493
0.0545461966991532 0.0322601573244517 0.0517564269122502 0.00622874848894275
0.0543834790070718 0.0363537015524536 0.0405547799435731 0.0393298871418535
0.0406567217701218 0.0610887437864447 0.01875646139091 0.0649295294141585
0.0218642216213803 0.075113790748374 -0.0290116818835044 0.0834582219725986
-0.0208048287432415 0.0990863087134793 -0.0673268629541643 0.0404299750380805
-0.0669373083539813 0.0900411100461075 -0.0535928552564454 -0.0172287163571791
-0.109845865476605 0.0379751118557925 0.0118060453192623 -0.0327791143736577
-0.113576553053046 0.00327082070589019 0.111243602693048 0.00502655182536252
-0.0446942228419024 -0.0166909849949991 0.114809631462561 -0.10466444548529
-0.0749726441504023 0.00118348852108672 0.131641753851906 -0.0541351129515552
-0.0645832069181172 0.0476494458975682 0.124435846609448 -0.0196062172313367
-0.0311190735626738 0.0646343287941653 0.10987350285524 -0.0191416296350454
0.00365829470560881 0.0527610740172821 0.0904118067541922 -0.00937837060392636
0.0134375461379123 0.0401714318504942 0.0909926750025582 -0.00553959231341844
0.0259694496179713 0.0370472346778603 0.0777764285225732 -0.00229953923095839
0.0282391732187301 0.0281850471004548 0.0639904542210917 0.0201520076946854
0.027953113419634 0.0303584240213197 0.0499403326392774 0.0568086508649925
0.0186556054169489 0.045128366223672 0.0217734304163257 0.083548100870202
0.00595867011414832 0.0546948721478458 -0.0309242119580214 0.0973512086626598
-0.0306544606493404 0.0689516644885509 -0.0662626173951288 0.0512095597345009
-0.0683270037331555 0.0524290859414966 -0.0475320076414963 -0.003003305826872
-0.0893699505259752 -0.00115478984868894 0.0183214531390148 -0.0221508843985068
-0.0710671200189907 -0.0340622510167782 0.128089826091897 0.0100053215853488
0.0165793891053874 0.0490124183399198 -0.14385038348756 -0.0131272369872821
0.0491758197507249 0.0203076713166696 -0.0423335021582087 0.0255004503188323
0.0522606908156214 -0.0151262164551846 0.0520969345169249 -0.00207768652198599
0.0179221269379288 -0.0297909916692867 0.0820739829277574 -0.0556068638069255
0.00754493808178809 -0.0140921763170368 0.0462547285409603 -0.117180029285078
0.0109871977267905 -0.0153786542574893 -0.0253580009805695 -0.117401431461583
0.00499829972787807 -0.0272791676953628 -0.063463467881419 -0.0784457837847783
0.00244888679886398 -0.0236461519118051 -0.0748615021460101 -0.0412999975147258
0.0129717780923318 -0.0249223252492554 -0.0870729600338536 -0.0115565647081501
0.024489486476997 -0.0144661984516282 -0.100527706982315 -0.0043070548017771
0.0251325122715893 -0.00656101389396279 -0.101211069965361 -0.00340379881622422
0.0284662455103237 -0.00352354865243806 -0.100916882281062 -0.00575002921586627
0.0465589333944295 0.00738893934417133 -0.107300276407226 -0.00387208124338032
0.0321234747186829 0.0392483467027143 -0.0979878946384827 0.0473410941052034
0.00442218225752556 0.0553692737706114 -0.0962532126307637 0.112352737513281
-0.0431649890159631 0.0703398093624326 -0.11815761100379 -0.0328481396645271
-0.0046441895947473 0.0447841636447325 -0.0175224429166281 0.0147885537297551
0.0129583435838237 0.0247090311596155 0.076107309353154 -0.0184446706885886
-0.00138617006338382 0.0147654672611625 0.0959646631242463 -0.0715348861467208
0.00889186003254782 0.0248788812024737 0.0508325467356855 -0.126297289226826
0.0273359333493557 0.017801648069783 -0.0183106234972882 -0.12372529940144
0.0339625137548611 -0.0037126574517533 -0.056871754563213 -0.0839030164330565
0.0331334712374042 -0.0107819127450172 -0.0663904980826116 -0.0468688641818899
0.0466402787091741 -0.0108325539600036 -0.0774881852856479 -0.0125467949214047
0.0542578135647563 0.0113803594720891 -0.0908987760019946 0.000143760601560947
0.047134178322446 0.0291589635393719 -0.0972427674552772 0.00367766328563445
0.0314284077882134 0.0492757489069058 -0.0991693455626201 -0.00487568242295237
0.024295248168251 0.0582678043331184 -0.0976140812648177 -0.0110398767661391
-0.0120828148470803 0.0740778565102753 -0.075216662467042 0.0404442343460631
-0.0528874982675898 0.0831575628237503 -0.0716924246063939 0.104500350179985
-0.096629953964441 0.0816616535806055 -0.0758105041211711 -0.0499082218418269
-0.0638862252398585 0.0650542156040774 0.0202296686702104 0.012837886862104
-0.0328221422433932 0.0683173054366528 0.112838584641095 -0.0264939103254425
-0.0206625539847384 0.0684059647861922 0.117519853163952 -0.084679606515503
0.0144672818378499 0.0666733354350412 0.0565344503644445 -0.129757081816536
0.0431524441332723 0.0503390697023499 -0.00751407183543023 -0.120626858069865
0.0593687349607565 0.0198577708694402 -0.0421274448981688 -0.0807471267732009
0.0587328611814859 0.00343757453586728 -0.0478760249254272 -0.0449329460267337
0.0732615159223601 0.00183672250066176 -0.0571928117306524 -0.00898963463914765
0.0773777929934922 0.0319836423888389 -0.0710046216750273 0.00884595741753202
0.0664883087042475 0.0555038195113805 -0.0862520123925807 0.0192401974111747
0.04007048036318 0.0899901558547789 -0.0971782800422581 0.00394117632587811
0.0107322556935347 0.101662820785689 -0.0926597398876993 -0.0162357363198092
-0.0472710790172178 0.102672310150314 -0.0544350411896961 0.0234089081938406
-0.0993261294127181 0.100854277508461 -0.035124205060074 0.0848862214077194
-0.134338233377565 0.0830413056948941 -0.0216561196501143 -0.0649273957939364
-0.114467031452569 0.0795312173281271 0.0655950845955112 0.00979259848569265
-0.0746823270178783 0.109051210542474 0.148102427329682 -0.0293479527044072
-0.0343851888498354 0.120237414685608 0.137841844630806 -0.0893562779337084
0.0236004986560767 0.103566505106423 0.0644438874958229 -0.12225675188471
0.0572999718995917 0.0757276759930532 0.00969122155231296 -0.106419883910893
0.0784795116928791 0.0403154365062386 -0.0196381667276863 -0.0689364538657617
0.0758463085148772 0.0167288727317929 -0.0228311599238962 -0.0381557787244795
0.0873590447133153 0.014224195642035 -0.0305050976491566 -0.00265518253796306
0.087426496727255 0.0475669085174518 -0.0446852367309488 0.0194120061688186
0.0746064640501033 0.072903731125355 -0.069587277528938 0.0362173396275363
0.0422795989088046 0.116061621687254 -0.0926991882689285 0.0142312564753666
-0.00213668371165641 0.130560127182262 -0.0883468902380492 -0.0208694982403319
-0.0760548257045029 0.116407257051165 -0.0372326755079415 -0.000312777824535816
-0.131727225607225 0.10126575324819 0.00610595619899519 0.0576086966464887
-0.148489359284611 0.0723800558578986 0.0348046932912592 -0.0800827991837739
-0.144583933790135 0.0799967870079018 0.107594880992883 -0.000873268012336571
-0.10327299838182 0.131369857169072 0.171075716741456 -0.0306955170434618
-0.0426783532021568 0.152093781682928 0.148910945721607 -0.0836359585220209
0.0296185676858875 0.12468112569547 0.0743463309981365 -0.101037583459522
0.0637879266710929 0.0890089344090334 0.0323706854909784 -0.082226876914935
0.0857968995162259 0.0525260806855201 0.00886511194193358 -0.0515099277271826
0.0813992187241804 0.027351990122257 0.00534981829203532 -0.0254939828726958
0.0880808092827024 0.0262011856345234 -0.00188506911491266 0.00864489706696931
0.0829885054781773 0.0596447011600937 -0.0171853170651304 0.0320301550733875
0.067091292982134 0.0830397758311897 -0.0512548180988246 0.053717524391975
0.0289762101458787 0.127270615756313 -0.0852107893187345 0.0247335990323944
-0.0240817166311658 0.138235555464269 -0.0809105438951964 -0.0247617604859749
-0.09907721023436 0.108493039319588 -0.0209798150769982 -0.0223942069807722
-0.147374627293902 0.0815026262767497 0.0475692634835658 0.0305500400073848
-0.135607936453348 0.0505230073599599 0.0835992657409218 -0.0933617386975853
-0.146598464859885 0.0649777554593376 0.138090511433981 -0.0191172109874376
-0.112139259290945 0.125530127687787 0.174032012682267 -0.0316145797077849
-0.0461725791136561 0.15130655680717 0.145702682549142 -0.0664396408250412
0.0286445885712301 0.121676645038972 0.0826592468450089 -0.0692877571418864
0.0578394822305999 0.0860502589330735 0.0577421928656556 -0.0530668352170145
0.0792964894202756 0.0555858387968665 0.0384588028967335 -0.0315863657335509
0.0745038330409259 0.0333786038185137 0.0322551000244457 -0.00939539032171148
0.076366507684206 0.0351804350286957 0.0227236113882517 0.0235969301393056
0.0653490066674614 0.067381258058402 0.00522802003871241 0.0492788054715669
0.0457098061091307 0.0869806091184741 -0.0376269813247698 0.0710039099424203
0.00258012740001186 0.122879631963759 -0.0775143608105233 0.0335543466848414
-0.0506689109877753 0.124148356113871 -0.0700569683354581 -0.0245678070350639
-0.11461620658665 0.0788319539117316 -0.00427850447220462 -0.0351751131051555
-0.143503151616376 0.044842710883458 0.0850207658960228 0.0116804917489973
-0.0990251600565609 0.0197698147498029 0.113441190018887 -0.103543821271037
-0.121690334641031 0.0374042350536982 0.148210133756408 -0.0397161726228777
-0.0985353277564106 0.0960993137248889 0.157259243902694 -0.0286079362908728
-0.0421423487163812 0.119980106117743 0.131386007911986 -0.0437422287213924
0.0193627758212068 0.0957529645550408 0.0890706624191983 -0.0352000175437189
0.0401328998163733 0.0687919063338778 0.0796486204794376 -0.0252544789238411
0.0588781456139971 0.0498941156915517 0.0636486888028372 -0.0137286928060159
0.0562204841865477 0.0338101430446995 0.0533918421053382 0.0071810943889361
0.0550018546531843 0.0378608061559374 0.0404964337090272 0.0424284106765247
0.0415587387058181 0.0634340679455907 0.0171502497344339 0.0689346225027469
0.0214544528971119 0.0780643545421406 -0.0319109155442462 0.0879334738359989
-0.0226004238074178 0.102648274784815 -0.0723994967996721 0.0437437664257629
-0.0708764217561789 0.0928038677996799 -0.0585253603382595 -0.0178145275147148
-0.114244218171553 0.037815752676717 0.0108580765644068 -0.0347188825645938
-0.117986527369318 0.00213934281045837 0.114941798684111 0.00573780231745902
-0.0465385699378909 -0.01838106859629 0.119460128173612 -0.106176861692928
-0.0785987181181348 0.00127289370361892 0.137061273833088 -0.0540763909119874
-0.0685261600004177 0.049186146920462 0.132329031195557 -0.0185417230136009
-0.0322484964493569 0.0671693357205652 0.115955287623909 -0.0197988882168278
0.00373074348542781 0.0548749909654903 0.0951820584746182 -0.00961077230548893
0.0132942447360562 0.0424364870828508 0.0945510513116793 -0.00566249408666924
0.0266389523752326 0.038216422808346 0.0799895722746631 -0.000854060141783491
0.029064189121334 0.0296066033433081 0.0656120371144412 0.0222802591918873
0.028137220391745 0.0314115124071 0.0501032778841883 0.0605330757130675
0.0191411950683175 0.04684111527324 0.0201568678712774 0.0878627713583399
0.0056468613418616 0.0562162044442906 -0.0342509599419532 0.102663493806002
-0.0322373767856003 0.0718752111748337 -0.0704054302792104 0.0539958112220987
-0.0713056376886689 0.0538092118939233 -0.0512540415443214 -0.00349493900257155
-0.0922934921510556 -0.00152987625996444 0.0186855031646338 -0.0234727792109081
-0.0735453788088182 -0.0365454132433138 0.132586419044182 0.0111255313687954
0.021402165877034 0.0495044434023419 -0.154045664269544 -0.00547989481241006
0.0529353692624329 0.0160864305769145 -0.0425865118097383 0.033260937345276
0.0522891291362058 -0.0226443869329403 0.0567397257924416 -0.00167132304822225
0.0155707158275621 -0.0343522385970635 0.0853467432426138 -0.0637760209595593
0.00649100878191589 -0.0168954307178235 0.0419700642596988 -0.126275230725549
0.00805221097707713 -0.0173081640989231 -0.0319540313143536 -0.119494454150892
0.000427786671351032 -0.0284232749797465 -0.0691927525190413 -0.0763284717674509
0.00068707912734498 -0.0239154879431646 -0.0812848319108744 -0.0389603419322866
0.0106339513584274 -0.0266150928221815 -0.0936690801648524 -0.00617006747764655
0.0246463810921622 -0.018889276346527 -0.108992602513482 0.00434070674045954
0.0251598887657406 -0.0107069653245034 -0.109381924326948 0.00474994762916785
0.0301580332484624 -0.00757507993829984 -0.111751162584779 0.00123656734139102
0.0497650024532095 0.000651009355373809 -0.120430407997174 0.00383611849128799
0.0376574853802058 0.0361715495370231 -0.103336438516519 0.0532319205038386
0.00784188827973391 0.056683833593732 -0.0945372017702635 0.120131234369747
-0.0366501292142722 0.0772006281732215 -0.130081270222809 -0.0318955411816106
2.90917325446863E-05 0.0462163424847876 -0.0193800858717533 0.0170123959757547
0.0166741969282488 0.0220372911908099 0.0779239072604594 -0.0245296584040921
0.00095673783750012 0.0140142686774678 0.0959941447964983 -0.0833483864213765
0.0113926735449179 0.0226340181866949 0.0437899049964301 -0.135887993978092
0.0274469773347282 0.0152532364283081 -0.0275283295939695 -0.126021730764596
0.0331421876875654 -0.00745388003367504 -0.0657460805435238 -0.081939647947957
0.0322713364222684 -0.0126620917562372 -0.0723352678820882 -0.0442392713791988
0.0468237460698932 -0.0156102683992731 -0.0831183013200168 -0.00704502899524069
0.058064149298307 0.00621425856706418 -0.0987391292182054 0.00766055370239094
0.0515745601146254 0.0246484521223805 -0.106549737519246 0.0122469977587859
0.0387858407308805 0.0470734814060458 -0.111249513098494 0.00142514585123134
0.0309698196538949 0.0562665224863117 -0.11043299897337 -0.00700167578049223
-0.00658142363987763 0.0777201535278456 -0.076538745091634 0.0435167593953603
-0.0514302565630514 0.090810136675017 -0.0645541949649953 0.111428663790712
-0.0896463396155058 0.0935432720492933 -0.0869971807842903 -0.0557732326268936
-0.0577918584074021 0.0722544212293741 0.0189167365600257 0.00860623277022423
-0.0260050958952602 0.0714144464600013 0.112380634383197 -0.0396344155463191
-0.0126503975876773 0.070751446057117 0.112915134150986 -0.101286638145642
0.020340544198442 0.0648479308988554 0.0471081725441258 -0.139774519041652
0.047330165023661 0.0473916053979917 -0.0176169565598206 -0.123508411003235
0.0626297972445282 0.0145824799415973 -0.0523297678522326 -0.0782770737870971
0.060028375724378 6.60082655772171E-05 -0.05332551142394 -0.0437583692820352
0.0751040986502416 -0.00511656520877534 -0.0612223029569471 -0.0050512813162104
0.0838016254672369 0.024920493337626 -0.0778240115115229 0.01602461852365
0.0738218751503355 0.0498572399442085 -0.0938451454765222 0.0291017093672235
0.0513474040717324 0.0876764886442175 -0.109977983071109 0.0104685109317832
0.0208572102293568 0.103124274967744 -0.105767083737558 -0.01471957816923
-0.0417680577833285 0.111315328517707 -0.0529532654409942 0.0228982243390319
-0.0999370840864456 0.11435845929407 -0.0234740791498199 0.0889725145765097
-0.127914392693874 0.0978805560363082 -0.0316468701082284 -0.0770678173477843
-0.108331150209643 0.0918021707233439 0.0648121117623598 -0.000491557899410396
-0.0643808663485296 0.118212576400415 0.14616499399077 -0.0490938875880758
-0.0206511616269646 0.125222688320886 0.130018863786026 -0.109795379918546
0.0336092196283736 0.101951196005237 0.0528090294142157 -0.131486944697287
0.063852213804087 0.072450261876771 -0.000590425695530673 -0.109601145733746
0.0849163004643307 0.0332928454683574 -0.0303427001940933 -0.0677376728117896
0.0781165811394562 0.0120754571076588 -0.0265027286430051 -0.0371766231648183
0.0914453862223165 0.00682054869370911 -0.0322051914444189 2.12332772711273E-05
0.095367353797474 0.0404871464705628 -0.0490412375599166 0.0256318578213358
0.083167527928392 0.0665385763435715 -0.074469048670295 0.0464849981475238
0.0559186801895331 0.115222703299622 -0.103489932134975 0.0212891965394316
0.00910213213025263 0.134662004783972 -0.101358940790583 -0.0214555905572756
-0.0701328522245423 0.12867551965084 -0.0343485624462457 -0.00310003112432618
-0.133966251345519 0.117516498987426 0.0205157754988239 0.0587915449586875
-0.143465003959715 0.087719991843034 0.0276872649109109 -0.0963980340921238
-0.138902683490371 0.0948752947258822 0.108189282556288 -0.0161410955781792
-0.091873523517251 0.144748356768434 0.168281309618406 -0.0548935751867096
-0.0258387907891828 0.159288363854717 0.139053561862936 -0.105451211396593
0.0419924935666989 0.123263032525245 0.0629086777630812 -0.109337583355995
0.0724357710702106 0.0854911466430098 0.0234790240763386 -0.0858390619502756
0.0944171017726966 0.0442990643835134 -0.00130317672271868 -0.0516280592963619
0.0850768924053533 0.0224971566428666 0.00374631865196992 -0.0259914567595595
0.0925845034607968 0.0185462643945899 -0.00168791796863525 0.00946186133765298
0.0918724114309514 0.053896449920933 -0.0191375176590105 0.037172462646468
0.0754462597184811 0.0791866985713867 -0.0537013376489838 0.0638062656104507
0.043098858192891 0.127723934555978 -0.0951024965867649 0.0314987415063931
-0.0124675847383171 0.144885066011637 -0.0926386990268326 -0.0262308790412376
-0.0960372027837995 0.122298404131534 -0.0176158211442161 -0.0265085026077716
-0.152048840850999 0.0980958179167076 0.0629666819660011 0.0300593245042077
-0.133326547625683 0.0638128995786014 0.0789170004207982 -0.111827033051232
-0.142870845800147 0.0794728801191307 0.140422380449091 -0.0368001358432753
-0.101307034877432 0.140185629172052 0.171650875277354 -0.0564705770414254
-0.028657870291206 0.159988687211409 0.13685952670595 -0.0881520770765402
0.0410969353626265 0.120347045120989 0.0736777566656998 -0.0771727682769686
0.066736326235495 0.0830261900516858 0.0516764167638959 -0.0571630437062083
0.0882537384771605 0.0478707200298445 0.0309964071707456 -0.033805999570493
0.0783433698758379 0.0287964948658027 0.0325505984282473 -0.0112847022047559
0.0817864795158289 0.0294416723704302 0.025425953121128 0.0243786935308287
0.0742295777398929 0.0633964400805262 0.00576065456039674 0.0535071180410644
0.0539406828378932 0.0848367085801965 -0.0373703054768743 0.0810112206213311
0.0146480345772576 0.126596844851388 -0.0853793203162967 0.0409207147929359
-0.0414602309317937 0.132967623632187 -0.0797888667337762 -0.0266189929247308
-0.114284138152373 0.0933222276436935 -0.000552530625963738 -0.0397221891056966
-0.150331777062658 0.0595658670531067 0.100384404684494 0.010070694805054
-0.0990955010107432 0.027703546209195 0.111898748048694 -0.120901732004326
-0.120454278119146 0.0486236200051467 0.151347583611264 -0.0578564957818256
-0.0906124500890794 0.108238299257009 0.157344805681995 -0.050518437230952
-0.0275645411653246 0.127133830691995 0.126218920307343 -0.0617234822812294
0.0297127541118441 0.0950715856932219 0.0848524064360141 -0.0426345120945902
0.0473547050194343 0.066745739407438 0.0779194433411862 -0.0312535723688324
0.0666990714152324 0.0447545685786435 0.0598130043062599 -0.0177622522682739
0.0598653207713278 0.0306096378158609 0.0558304097539796 0.0047642445924907
0.0596576859471944 0.0339225762640569 0.0458711285157744 0.0433763399845542
0.048937309166908 0.0611932659150961 0.0205501309714016 0.0739027999896446
0.0281489422674508 0.0771988456357223 -0.0301647257341932 0.0986006989625427
-0.0135487313090033 0.107996262176501 -0.0770928288552293 0.0512382320929603
-0.0649618269848941 0.102618901085926 -0.0644705642634176 -0.0193528301534198
-0.117242693628354 0.0502120638685877 0.0149468063169922 -0.038231377544476
-0.126789991557388 0.0114883223359183 0.12930050299419 0.00359944648949702
-0.0509528440291636 -0.0167946646838906 0.121239548391812 -0.119274328706488
-0.0811335142134299 0.00748888310805647 0.14131388801774 -0.0685737103617304
-0.0647436504653082 0.0574562035189693 0.134806063187688 -0.034256001104015
-0.0243359142053817 0.0721664329819967 0.116389966640811 -0.034572396906445
0.00985830338188303 0.0540479048879423 0.0956444293262028 -0.0167219474670925
0.0177556376530039 0.0420335108801574 0.0961475400819303 -0.0133904554058669
0.0323554417853888 0.036172349293078 0.0795277312419995 -0.00674360719613648
0.0325729373380438 0.0274435623599294 0.069976525004616 0.0194261941851003
0.0312018077899405 0.0298559615196189 0.0568010810428148 0.0620602907514787
0.0240815927913537 0.0463461060958958 0.0253287106791786 0.0931440014627593
0.00975379246328518 0.0562834647403001 -0.0308207480981861 0.113901102546074
-0.0255598972556727 0.0768994977450471 -0.0748324044469915 0.0627842450967481
-0.0687540969033407 0.0625099310848049 -0.0552004363741102 -0.00242045485039924
-0.097314578661972 0.00596655498567798 0.0219735271979207 -0.0236757000664598
-0.0827700800656025 -0.0321924144621262 0.144587199138479 0.0092816262270509
0.0245714894521849 0.0493962000412102 -0.159263499186072 0.00142661988182741
0.0555735911377609 0.0138793832869737 -0.0410304560381298 0.0372902360592377
0.0533160111908912 -0.0270056110292574 0.0612738956675738 -0.00523249651962713
0.014361993739029 -0.0362729615545351 0.0871888539002783 -0.072786293161236
0.0064460450761882 -0.0179238392654 0.0386075775923095 -0.134830097668201
0.00748530603250616 -0.0184662898679464 -0.0374773324881403 -0.123317308571841
-0.00134118019104761 -0.0287567972320532 -0.0746071658231887 -0.0769518840140985
-0.00108616425130619 -0.0245387906608244 -0.0860093557113532 -0.0380370911174686
0.0095830157952629 -0.0280235882570831 -0.0970903354160761 -0.00219429739925267
0.0238673076042163 -0.0205464057376823 -0.112537708252239 0.00983910062000504
0.025469459516783 -0.0123228646075426 -0.114975320142108 0.0104260322531538
0.0308932555719682 -0.00958590708223372 -0.118417036477916 0.0073842160208319
0.051584271668799 -0.00270993650218643 -0.127881971579426 0.0107112392995615
0.0409529540422668 0.0353237922887034 -0.105607484469958 0.0580362005264669
0.0112994772454502 0.0578717134056109 -0.0921782199416063 0.127671447141432
-0.0338725861984459 0.0807084788454055 -0.135585703921392 -0.0277616328650005
0.0028142017648589 0.0472099117913726 -0.0178496466125011 0.0195139828989175
0.0176769906774568 0.0214026665905061 0.0826467552561905 -0.0299338113003118
0.00129021075098506 0.0146260291750021 0.0971407354122923 -0.0937565090140087
0.012791197104125 0.0233838116208682 0.0405614343527613 -0.144065631548631
0.0295837581493009 0.0147034724838586 -0.033211505629616 -0.130208793991951
0.0331189466446553 -0.00859911848662611 -0.070214949832047 -0.0828046764151394
0.032579654954224 -0.0138936403601556 -0.0772043222274301 -0.0437048306216289
0.0472406627621429 -0.0179381189404177 -0.085746588308055 -0.00375472767866701
0.0599639086595865 0.00341142487849627 -0.101649690476881 0.0141149037064373
0.0541245961900403 0.023259510180216 -0.110241012169411 0.0187554835616578
0.0422921539181423 0.0472945676351149 -0.117635324954784 0.00749420909011627
0.0344063471113594 0.0562799030799224 -0.11856100077576 -0.000950533001939967
-0.00348849524779702 0.0803504323570559 -0.0790331100963254 0.0467472040717281
-0.048252434358217 0.0963073210183341 -0.0617261805280516 0.116247943766258
-0.0877196792818466 0.100102450376162 -0.0928628026192877 -0.0542851276448975
-0.0567167898327999 0.0768119273257618 0.0210469034861582 0.00880065833619255
-0.0237989846093178 0.0748464837871798 0.116738752015736 -0.0475693464083988
-0.00967355940457111 0.0740869581119503 0.113710052533803 -0.112084110913662
0.0244302196705387 0.0670278403410144 0.0429809912614122 -0.148081800974699
0.0517928667616834 0.0468903953616584 -0.0229734959270513 -0.127658714935999
0.0643864649405547 0.0127795729371993 -0.0559297452320554 -0.0799146466089423
0.0611102068230533 -0.00233762549077782 -0.0574666242894916 -0.0440514574074464
0.0769510654094074 -0.00814823090333812 -0.0629708981513347 -0.00203699383366308
0.0876494869218069 0.0220596514311287 -0.0791627550601482 0.0218380112511938
0.0783199263008598 0.0484982848157317 -0.0963531607158341 0.0361289671037466
0.0579522643364394 0.089450068732492 -0.116100993705341 0.0175274205603218
0.0261817092147224 0.105562279631576 -0.11400683945552 -0.00924830766631662
-0.0379654055855252 0.116916954849803 -0.0565910665855426 0.0244676939227571
-0.0976551326940621 0.122233669047229 -0.0207217028845186 0.0916623516782411
-0.127243473077637 0.105594116261277 -0.0366260828538513 -0.078876664024193
-0.10784798692346 0.0991255987226783 0.0685443204641593 -0.00318707156586858
-0.0620876368507864 0.125093894013902 0.152403072913039 -0.0591159508332171
-0.0155080362469891 0.131273234096351 0.130533537098131 -0.122648082837653
0.0391416919577191 0.10441173734201 0.050099363843064 -0.140225323467565
0.0699659436604236 0.0724412198022885 -0.00506289111510116 -0.11435685700532
0.0878038366765784 0.03045368748625 -0.0328433979174722 -0.068680647414656
0.0807224984462791 0.00957140348119273 -0.029633453049617 -0.0380387989811206
0.0932534380168278 0.00293198648848261 -0.0329036729612027 0.00182905407541798
0.100788478118273 0.0374638573619311 -0.04952748897882 0.0308322528071698
0.0888522979955552 0.0657034067819647 -0.0748552204833809 0.0536977749964093
0.0636361720225423 0.117423330825497 -0.108551566132515 0.0293876428132156
0.0153226628927703 0.138404443264756 -0.109759810985814 -0.0159512982735355
-0.0669744601771063 0.136397630503122 -0.0382285966938279 -0.00289645238074105
-0.133687121356866 0.127462036411517 0.0237225732444719 0.0582133217494028
-0.14385437422268 0.0963215149185473 0.0236911104545285 -0.101065802820744
-0.140197695305465 0.104749435646149 0.113095761941897 -0.0208683997471254
-0.0889740520250952 0.154199696787903 0.174837407658619 -0.065478226462938
-0.0193250247715879 0.167076689994578 0.140651102678312 -0.118118421659577
0.0487471308988934 0.125949611397084 0.0617587203617623 -0.11729539043608
0.0789764669488145 0.0857405867325856 0.0214393057472277 -0.0911242330505073
0.0986298353368405 0.0416060385469951 -0.00164388793029467 -0.0525450333242979
0.0879569657202356 0.0195276327246466 0.00244896740265718 -0.027618956450134
0.0965262533146807 0.0154348086039343 -0.000920338243489741 0.0108254781148704
0.0976141760681315 0.0515188626714846 -0.0182457206510588 0.0418838616910391
0.081353841818188 0.0787429462344003 -0.0523895968727064 0.0713010760125021
0.0508503637920985 0.131287961616515 -0.0989099664847249 0.0402676888604509
-0.00619798053423214 0.150396383082389 -0.101439593679734 -0.0211519054534883
-0.0933566190980959 0.131319115276902 -0.0220293303376534 -0.0282597657671309
-0.153360077572098 0.108512289095296 0.0660719948899251 0.0265130450552444
-0.134995638057232 0.0712549091565079 0.0757451550648545 -0.119221705839559
-0.145516856413645 0.0889880557796355 0.144486550645115 -0.0442702606942261
-0.0991864663308728 0.151511817594611 0.178332439463272 -0.0673082275253527
-0.0225525240950871 0.168381949206999 0.139456602939891 -0.100011716534529
0.0473160365982328 0.122947228129499 0.0742615557856102 -0.0845110321233903
0.0730606818098893 0.0839331298589401 0.0515406517207769 -0.0627751249701593
0.0923099568108616 0.0457829081781752 0.0322228404512579 -0.0358843009741091
0.0815720029924044 0.0260404792465973 0.0329576058554881 -0.0134186374814202
0.0848611533630345 0.0265947035455726 0.0279395453526218 0.0250868049872833
0.0793983321973436 0.0614573562035212 0.00792964575473699 0.0570669128004562
0.0589726272859048 0.0852245628168357 -0.03479837011324 0.0885226665038916
0.0214037553342265 0.1311086718473 -0.0879517345546667 0.0491772073187624
-0.0365277277810405 0.140224187356458 -0.0873530638160539 -0.0226609491320559
-0.114488766157764 0.101756199513275 -0.00481258108158827 -0.0419492121187687
-0.153687801519884 0.0684997193733127 0.104167021539927 0.00459691533871556
-0.102477670317937 0.0323722066834126 0.110203026284757 -0.128984130699571
-0.124181441610376 0.0563313239743952 0.155253197170815 -0.0660642011261477
-0.0888078123245366 0.118053546538407 0.163360193178234 -0.0600046357116212
-0.0227963357033389 0.134637403725616 0.129531207367975 -0.0720502867273832
0.0348075756772891 0.097041988449033 0.08684423346967 -0.049500369294845
0.0525154010504039 0.067111890602382 0.0795867042596263 -0.0362818068851922
0.0703610512992798 0.0422745299372383 0.0616242866364137 -0.02007273244091
0.0633439292418349 0.0285383601690503 0.0573215206491882 0.00288716325310148
0.0627295969008807 0.0330240191493425 0.0496727019965787 0.0437888944183141
0.0536481448143026 0.0607713129105808 0.0241247797850083 0.0777366036023315
0.0323836198975708 0.0788923773850646 -0.0268311938227794 0.10607973770278
-0.00831618667363699 0.113321143201181 -0.0798700873319907 0.059179011536741
-0.0627156040444423 0.109483213793121 -0.0712726173229983 -0.0154478406705177
-0.119769300254878 0.0569208128115368 0.0117342831195216 -0.0404690505350227
-0.13166508308961 0.0186826810821653 0.133739872869658 -0.00325761853439635
-0.0541053289202228 -0.0151622886334127 0.119899917095285 -0.128252380463927
-0.0849804573401693 0.01161337994981 0.143630919227143 -0.0771906498056643
-0.0648632301446477 0.0630886881412069 0.140755677005875 -0.0420456065501267
-0.021052855633045 0.0772125545108182 0.12016702209461 -0.0423644952893808
0.0128693318284936 0.0553396872542735 0.0989582945112734 -0.022846269410264
0.0201776565038256 0.0429088817621245 0.0989863865821263 -0.0195028681602039
0.034592273555344 0.0347933975069506 0.0817327219884202 -0.0093362715134413
0.0349386294443287 0.0266846382996597 0.0727812057518589 0.0178736890003922
0.0339588003761296 0.0294320763091851 0.0615656698145259 0.0628688278869766
0.0268392938525479 0.0465025745956202 0.028961901809566 0.0976230299786365
0.0126350417703565 0.0570313485697207 -0.0275806885823666 0.121545365805626
-0.0224282055524257 0.0814959889595345 -0.0764933776766713 0.0710578127672208
-0.0685347605375304 0.0685789094696276 -0.0604335613345104 0.00056987209252329
-0.10105090928611 0.0108069187899662 0.0196186583566161 -0.0262018723336523
-0.0884159089493762 -0.0293668067097942 0.149746662954339 0.00238769219255842
0.0276136841832807 0.0474589562601384 -0.159745877060826 0.00933431880227135
0.0567119892108654 0.010168445840838 -0.0377574740412346 0.0404538704815911
0.0518627938630117 -0.0300809250629904 0.0634927673636569 -0.0101846757524253
0.0123181873512831 -0.0373005582298144 0.0860208846641202 -0.0801086099133605
0.00592311430835747 -0.0185526941497187 0.0327504175455053 -0.139508166893643
0.00675788635560213 -0.0192754905800728 -0.043536260407385 -0.122864191331818
-0.00297637998296398 -0.02735876427115 -0.0785688288467546 -0.0754635784862274
-0.00248427109115841 -0.0235835350491293 -0.0886369429699892 -0.0350811081955331
0.00778006259674021 -0.0282497086786238 -0.0972702510837322 0.00311272195244374
0.02303320503982 -0.0216270350480365 -0.112683857277379 0.0167242677467823
0.0250446038959274 -0.0141993407028175 -0.116219328355293 0.0179620881855303
0.0307390582689749 -0.0112371106041866 -0.120844098482533 0.0143090782214085
0.0507346763733617 -0.00636740963602004 -0.130275109814612 0.0193173771986931
0.0431710609798468 0.0332975389907718 -0.104330034780505 0.0623967758661267
0.0148849508278284 0.0570714597007431 -0.0859777186910697 0.131918430279332
-0.0296500410217545 0.0818079322742347 -0.138110656666115 -0.0204526637590735
0.00516356252515096 0.0464494546671081 -0.0157124696002777 0.0208687184349992
0.0181934407510665 0.020359102129365 0.0835163260073793 -0.0361886603918947
0.0020663621109793 0.0148180916367368 0.0938151406648586 -0.101430610665752
0.0147738993304513 0.0231665773576512 0.0341846280529578 -0.148863507936481
0.0305360831226338 0.0128186238145276 -0.0389020336221222 -0.129704548799743
0.0319355785992086 -0.00928470581027996 -0.0733992268815796 -0.0806823721987459
0.0311136316715265 -0.0151543718902119 -0.0798036071599498 -0.040578194892993
0.0462320884112846 -0.0204484440503753 -0.0861740497209962 0.000962655744949447
0.0604931500898073 -0.000360075488584229 -0.101578520445199 0.0209798251224337
0.0553806026205171 0.0208003035119985 -0.110376671398557 0.0265035390254161
0.0458410249491268 0.0453151550214659 -0.120757306261777 0.0149123559819359
0.0371459845056063 0.0538606287018412 -0.122401806852364 0.00723945042853398
0.000757400546083966 0.0809828683231314 -0.0788770695531171 0.0500853808555964
-0.0428135196643854 0.098715461279659 -0.0562683001407362 0.118678715894332
-0.0819699892631759 0.103918989721957 -0.0965375920761206 -0.0501116041276877
-0.0530365556043007 0.0798332493909023 0.0236926437848856 0.00841946551560706
-0.0208548410063938 0.0761410268582307 0.117482622947605 -0.0557887762854658
-0.00569008656501515 0.0756133772586892 0.109945996356733 -0.121812016515883
0.027731467287362 0.0664629692260647 0.0371640972187615 -0.152389659487739
0.0541723070698375 0.0445952615269878 -0.0291887981891968 -0.128302315122046
0.0641081971327587 0.0105576511436015 -0.0585178632783669 -0.0782415561514092
0.0606753372999013 -0.00494587398583286 -0.0610857303952473 -0.0419250365474495
0.0764896196948625 -0.0123124487037237 -0.0633664515286259 0.00131818621006953
0.0896562516821408 0.0170673694776802 -0.0780804683193837 0.0284580146428638
0.0809213845553128 0.0446737950019249 -0.0950539023264701 0.0436356511881243
0.0633147853445048 0.0872649715337982 -0.11731766215034 0.0260698575432957
0.0311627130887736 0.104167637261333 -0.118664253937759 -0.000885577960644023
-0.0326807307730555 0.119601570408269 -0.0571073902648253 0.0264669741807641
-0.0908564949030014 0.127800305846313 -0.015876359282821 0.091319652682485
-0.121852088844524 0.111679565214798 -0.0416188872559864 -0.0771459324935132
-0.103789309870826 0.104568230679673 0.0693785057441487 -0.00573988853857508
-0.0564850089744423 0.129480302112235 0.152652409546703 -0.0692560356498412
-0.00808661507740157 0.133332675778279 0.126619882574819 -0.132526628570089
0.0444459521464218 0.103455507183518 0.0445509471807927 -0.145267029042903
0.0740034901624565 0.069143970809888 -0.0108013578947967 -0.11554462046393
0.0887293703529758 0.0267380680964792 -0.033961016271762 -0.0678669273477679
0.0809999150986352 0.0059093782144372 -0.0323232044247207 -0.0371211358040183
0.0939777644754685 -0.00151979070620247 -0.0332585806394947 0.00396868115417681
0.103754220025036 0.0319465195760544 -0.0477583107663791 0.0352733698360321
0.0925939364364953 0.0619332083600237 -0.0723995788729884 0.0607164081692166
0.0706776926872392 0.114638113299005 -0.110099445667739 0.0385656831200985
0.0226884347886614 0.138017556057016 -0.115052090633631 -0.00744132665764083
-0.0600899654177834 0.14054152315492 -0.0415452007159714 -0.00212824819742781
-0.126833353479388 0.135598278637255 0.0262440118810966 0.0558303798384614
-0.139393840749138 0.103225879906914 0.0175107482245334 -0.102611234321065
-0.136132877590322 0.112484159143791 0.113525026936904 -0.0259388551968524
-0.0816702295149208 0.160721933431638 0.174989644119476 -0.0774778409335956
-0.00986745932719087 0.170511444343684 0.136535980611324 -0.128938316266158
0.055639575523762 0.124614945939831 0.0570824229613491 -0.122916088215996
0.0843089469992695 0.081897311242624 0.0166625279805645 -0.0941237093692231
0.0999037776065696 0.0366769324542642 -0.00174029681528975 -0.0531564552774384
0.0887524054733845 0.0151999508534699 -6.69150407693563E-05 -0.0279771406397976
0.0972433728799288 0.0109132163362807 -0.000551008767850307 0.0110462164920763
0.100488864932492 0.0467474153739401 -0.015504438793486 0.0453023420682051
0.0858985726745258 0.0757560320377969 -0.0479525561880491 0.0771263142484434
0.0585320510973311 0.129618716304912 -0.099378863551101 0.0496539560876919
0.00114398013481316 0.151582008016596 -0.106753486046193 -0.0132347301165358
-0.087510309127374 0.136757743118578 -0.0265875909264079 -0.0279538899768517
-0.147727419872151 0.117670698257706 0.0675858479278183 0.0212384474969095
-0.132205223502837 0.0776295118955468 0.0694577324269455 -0.122682389027611
-0.142512889032261 0.0979989393343727 0.144521888117478 -0.0510433135120257
-0.0922523934371096 0.158285939686096 0.178913738386132 -0.0785235807237031
-0.0129205675503714 0.171547121558997 0.136323124930499 -0.110155717765204
0.054351683017327 0.1218832729253 0.0711837042274118 -0.0900815618921843
0.0780527400321826 0.0800393054421743 0.0483212567824384 -0.0667660650328484
0.0944616307008289 0.0414153084143254 0.0325509289650508 -0.0376502396121912
0.083055381974769 0.0218229253546101 0.0317380596012109 -0.0149725064511759
0.0862314923444029 0.0229562010440458 0.0291691960185682 0.0244054500879404
0.0832151468059786 0.0574629560768019 0.0106008508223354 0.0596843883199269
0.0636847267266936 0.0833848348937165 -0.0298192582735262 0.0937236186607404
0.0297143606427694 0.130919553229864 -0.0875498517358115 0.0579698179400992
-0.0302164190585617 0.142403672377265 -0.0924592565362231 -0.0154288490311865
-0.110649094584751 0.107724270982441 -0.00951741485326795 -0.0426259405860895
-0.151134613117664 0.0778193805253614 0.104351535154738 -0.00255280741146698
-0.101151446952217 0.0376375622459071 0.103861839755548 -0.134715950867594
-0.123201791011935 0.0634609405244556 0.153696689142516 -0.0742082062919688
-0.0840133511465862 0.12436213737919 0.16388329593279 -0.070164565759846
-0.0143278801268876 0.138044666537208 0.127506741450245 -0.0815067661029209
0.0399935832060765 0.0961923020299437 0.0861403700458619 -0.0553651450588291
0.0567040105637449 0.0653516786656009 0.0775810664367138 -0.0418792191403727
0.0719553916417065 0.0385002864569673 0.062490104268551 -0.0227873109431017
0.0643129269252412 0.0253246271260612 0.0580747256198684 0.000121492046210103
0.0643135181281722 0.0298428775567763 0.0520357330131834 0.0430420877546258
0.0573078763951845 0.0581727331897994 0.0274374250570274 0.079109227349021
0.0362461675443612 0.0778314525293699 -0.021176206158817 0.111087922715098
-0.00128137810073814 0.115251248170458 -0.0785020349903209 0.0670129537675149
-0.0570322309732181 0.113716046629651 -0.0761239281150597 -0.0101573851011998
-0.118261276661885 0.0634139349789272 0.00753932902315131 -0.0411416748587475
-0.131960420066232 0.0262473151994064 0.133871113500684 -0.0112870172843186
-0.0563710329667255 -0.0133985489807926 0.11415829936487 -0.134102624041283
-0.0850777648390384 0.0166886484484335 0.141646987975106 -0.0841432613169499
-0.0621188139017951 0.0685185866527269 0.142234018465628 -0.0504710336264551
-0.0170868806216022 0.0797473128147643 0.119776587453204 -0.0503685724817952
0.0155940575447397 0.0552164493019478 0.0995606811116251 -0.0297140273164786
0.0230313627896818 0.0422622773050204 0.0992667655370537 -0.0259007404540844
0.036615617658186 0.0326468274348951 0.0820512600661229 -0.0125554619960304
0.0367474513095638 0.0244358163317692 0.0735080136885544 0.0147746749294027
0.035103099672436 0.0280610796525419 0.0657919254725027 0.0612120766965358
0.0295678872511564 0.0445862201132481 0.0330120519652278 0.0992870664486095
0.0155963108779272 0.0565666395364092 -0.0207269840248658 0.126731104652934
-0.0172452822621145 0.083715265956803 -0.0738799634740701 0.0769563316230601
-0.0649645216048469 0.0729703816330917 -0.0634377436739127 0.00487022840018632
-0.101709101741781 0.0162819302532913 0.017072706724571 -0.0274523056874324
-0.0912261288183498 -0.0245402535584049 0.150797801316035 -0.00727821251803557
0.0288361340887754 0.0458109292327175 -0.157189946578049 0.0146085054123312
0.0563886562122998 0.0077652296769534 -0.0338045968100333 0.0407945255722354
0.0500365862761341 -0.031933249839347 0.0639932440307952 -0.0134928061143457
0.0105508527954121 -0.0372127431212432 0.0824306542066042 -0.084068227549198
0.00614016940168938 -0.0185608183577397 0.0279179704301242 -0.140132995557887
0.00632971322833432 -0.019423539345924 -0.0455541617232866 -0.121026424415182
-0.00470320166029081 -0.0260331145929281 -0.0798643892253434 -0.0731018083056792
-0.00359116530408905 -0.0224684741271619 -0.0886539663814739 -0.0323025948163373
0.00652776580418231 -0.0281781136140482 -0.0950795450182911 0.00592822494618708
0.0213666723240394 -0.0226378920320778 -0.1104658030898 0.021583371684937
0.0238454780272106 -0.0149963961466597 -0.115063080373763 0.0223156008275326
0.0304483905754242 -0.0124054638550891 -0.120619765249247 0.0194845903884181
0.0494763911712207 -0.00906823095788086 -0.130040112172499 0.0247167335584829
0.0436552465380382 0.031339608692873 -0.102518402419371 0.0638981464401954
0.0171455007714774 0.0545287508260306 -0.0808833108940903 0.131017902423915
-0.0261004814142999 0.0810615750188876 -0.136633695241394 -0.0167107253852486
0.00587557688043217 0.0451646601973477 -0.0124186138395686 0.0212234543593879
0.0183061123235571 0.0191456515567069 0.0827592599482465 -0.0399280314017878
0.00236533524436732 0.0143751977367355 0.0901856092861237 -0.105707568985846
0.015649194624629 0.022595214364423 0.0296867036226878 -0.149469915719144
0.0306684828989958 0.0110466141178807 -0.0421112912105055 -0.127389628112726
0.0303525234785687 -0.00900362907179256 -0.0741552853674514 -0.0789360082692006
0.0297897067552268 -0.0147654092279188 -0.0806167574163206 -0.038789973569912
0.0443478036509803 -0.0213555149149194 -0.0839382073340066 0.00367089219030876
0.0592839665158288 -0.00203507639967008 -0.0989534014715798 0.0252094674786701
0.0553925534076005 0.0187040220082944 -0.108729537109118 0.0311723931556663
0.0469000314321394 0.0432513721069576 -0.120561119101828 0.021048175261881
0.0371298485221158 0.0512589351519656 -0.122864777360164 0.0132755690799894
0.00318586826426443 0.0794494067079413 -0.0776769542427882 0.0503957642219806
-0.0384483871178969 0.0978282831938146 -0.0518789620307696 0.117502723473611
-0.0770099686154365 0.103905032202504 -0.0974402174367029 -0.0458976147283383
-0.0501154458043561 0.0792152910463482 0.0246329800873697 0.00821954299053324
-0.018194418870618 0.0754098145973915 0.115692324751006 -0.0612793223450135
-0.00348997235807945 0.0748116837075248 0.104819840568355 -0.125971927163751
0.0297813137440368 0.0650229233779806 0.0320379099574991 -0.153341467608561
0.0551518545312924 0.0416997236932928 -0.0320825671925715 -0.126091433933395
0.0622839598815603 0.00909862293485014 -0.058314949993478 -0.0762101593301812
0.0586098843171259 -0.00590132430514779 -0.0616720746095784 -0.0400370131334376
0.0740952537803566 -0.0139487582776176 -0.0619478096646345 0.00325468164744177
0.0885372632551572 0.0137065094180403 -0.0754280081920829 0.0315263531983304
0.0809451708759008 0.0418828830396412 -0.0923850618060556 0.0479332596777285
0.0657620025933077 0.0844783625586281 -0.117067919883481 0.0322447486293023
0.0331855469259471 0.101083391565461 -0.11978006314418 0.0060971800933654
-0.0277367669741902 0.11858133961655 -0.0581454698976021 0.0266332641296709
-0.0847845040241431 0.128419161659 -0.0132598981156168 0.0888047411799323
-0.115628163659316 0.112689783687256 -0.0440330411811841 -0.074498007124599
-0.0989805501810185 0.106071132026829 0.0705812626166831 -0.00714635725477851
-0.051259628483508 0.128875248614871 0.149980476323434 -0.0753817884633258
-0.00370889482022396 0.132508947889725 0.120754819820254 -0.137791096561009
0.0470612030873906 0.101188956392058 0.0397012869811841 -0.146058935426632
0.0759642902838357 0.0658656872481967 -0.0139973851423569 -0.114033446052909
0.0868877557910457 0.0240887460719406 -0.0331975991247274 -0.0672086460715759
0.0790307748718178 0.00353081609919107 -0.0336398712622348 -0.0360247183772339
0.0916013623952616 -0.00438407627142036 -0.0319127875698082 0.0050394952619198
0.102778651620356 0.0277934887713042 -0.0452161255106939 0.0379941494259379
0.0932262849929385 0.0588852942690189 -0.0682973348833626 0.0644670781308485
0.0744970003610881 0.111016030201834 -0.108556105653486 0.0450487740136555
0.0262278686116391 0.134870842635731 -0.116432878334588 2.27093588991956E-05
-0.0546837092477889 0.14029701773001 -0.0437107946543356 -0.00145708356286379
-0.119165080309064 0.13744032402749 0.0267409704340657 0.0521494725622785
-0.133728637709184 0.10527914962312 0.0140256877118635 -0.100937593881218
-0.131368012760246 0.115455836165982 0.112858714753419 -0.0284600968910586
-0.0756947656659318 0.161245499190027 0.17296212355309 -0.0844354212908998
-0.00334658622969955 0.168366136180516 0.130613050217127 -0.134302491234321
0.0589207794023347 0.121310582488059 0.0525163308702738 -0.125155790621929
0.0857803084510288 0.0776581118735385 0.0130336788748272 -0.0937294917768769
0.0981326212142002 0.0337262721268961 -0.0012382344323091 -0.0530720490681737
0.0870542366144877 0.011776342424864 -0.00154495089013375 -0.0275579162626228
0.0954082610843019 0.00747519835783853 -0.000163991340743719 0.0120545320774912
0.100831565632595 0.0421488355217206 -0.0129470951864576 0.0470501972340336
0.0866017630502759 0.0722536746924572 -0.0441874093500812 0.0795041973070479
0.0627443297609168 0.127016014149805 -0.0966831410523457 0.0551016579651275
0.00570615522983089 0.14933953726774 -0.108598165986442 -0.00618662893813067
-0.082386118528664 0.13757215761899 -0.029617978849012 -0.027293347328723
-0.141451909114136 0.120716133775794 0.0661685457826722 0.017137616758367
-0.127658324292285 0.0793212585436073 0.0643008563998621 -0.121648559129506
-0.138207350394381 0.101615731235331 0.141250532303446 -0.0544940435664058
-0.085389506013323 0.160108501414019 0.175909302289929 -0.0857172979625989
-0.00620211276544346 0.170551589936915 0.130847576319204 -0.115193864896327
0.0571375691960591 0.119140217430783 0.0678007205740171 -0.0928187778986233
0.0802331647748451 0.0768655817096766 0.0449226625052425 -0.0686001890784351
0.0927980442076358 0.0371845846602082 0.032594817677453 -0.0381270216781197
0.0817636120648158 0.0188154974810159 0.0299044232903917 -0.015125333916186
0.085179901075217 0.0197381192840455 0.0296505942258754 0.0244485344851878
0.0836927861653918 0.0532371960797374 0.0129663953037309 0.0608142166231561
0.0653139210504681 0.0806055211584183 -0.0252511523931119 0.0956841615607514
0.0342750159125815 0.128760921308226 -0.0852036687576124 0.0630333341373294
-0.024752347191415 0.141746579205104 -0.0952430395194012 -0.00971958726152549
-0.105630041559242 0.110477532427093 -0.0137430352432227 -0.042126130936977
-0.145822585363311 0.081621731935428 0.101465463626146 -0.00751939540529931
-0.0997510975704861 0.0399329498107547 0.098306346758357 -0.134871266300223
-0.119955328050201 0.0672589852497083 0.149828231222191 -0.0771706405923185
-0.0783774245853556 0.126419488796276 0.161555849797713 -0.0761217988796852
-0.0096782829391034 0.137812245246389 0.123138635905521 -0.0861966381161572
0.0423458896297275 0.0941043339924182 0.0834507466925663 -0.0585992228642674
0.0579120672358324 0.0630396154499425 0.0751840415248707 -0.0447585852087605
0.0709241783324914 0.0353913638236471 0.0622015300012727 -0.0244710234222274
0.0638872127846318 0.0220364816429213 0.0563401100695901 -0.000799953613085268
0.0638244811496207 0.026317780259749 0.0526604423237778 0.0416574566447693
0.0582197034632674 0.0545597420221027 0.0295273856779317 0.079270509483765
0.0383797957496884 0.0760335413030852 -0.016156507544294 0.11258587278707
0.00403602520800488 0.114071289679802 -0.0760059350050205 0.0714254453923886
-0.0523939976710905 0.113947903611126 -0.0782767590542651 -0.00479144132494438
-0.114440265231406 0.0665118987913697 0.00370396201272287 -0.0416279679990445
-0.12933298433803 0.0307894592818881 0.130607101923388 -0.017086115228221
-0.0571864441754449 -0.0110409528076707 0.109188548713207 -0.134438584723017
-0.0846590858647653 0.0200709212428481 0.138116204646141 -0.0865061365003613
-0.0585836981874636 0.0703419016565459 0.1411458150217 -0.055809092435204
-0.0136784110565502 0.0799492929759189 0.117105811001908 -0.0557428436842712
0.0169578062750786 0.0537687633829365 0.0979650652473592 -0.0337063166403181
0.0241482760856921 0.0418831915440481 0.0966654763230839 -0.0300156028231259
0.0366564454432097 0.0310077208200088 0.0810775410110997 -0.0145253496628687
0.0367170258465628 0.0218634415121073 0.0727633873297308 0.0130614044418102
0.0352472322852548 0.025885310478235 0.0666977636569925 0.0596115243931848
0.0307640750391243 0.0419594370211389 0.0359464843912113 0.0988065138951035
0.017294147803375 0.0554309337179057 -0.0161873111382883 0.127939540548159
-0.0125052374446154 0.0835239452579978 -0.0723526020520277 0.0810376821742304
-0.0611242641840444 0.0739234809194244 -0.0650179134697138 0.00836664909322506
-0.10015755981098 0.0198225221450615 0.013643467218258 -0.0284974639501024
-0.0917579670366302 -0.0204510177034036 0.147551671967978 -0.0121544122612654
0.0285780597466133 0.0454622857883339 -0.155314163425023 0.0144634514684482
0.0557823352552093 0.0072923774967469 -0.0314080937307164 0.0404353128883139
0.0484058034424655 -0.0323178660471768 0.0653930515447624 -0.0156637153784069
0.0101246213657304 -0.0373265738411436 0.0811335219578711 -0.0864539002097807
0.0063319346465301 -0.0191460699940449 0.0270092388078948 -0.140614556277317
0.00616943285401087 -0.0190189532615773 -0.0458606514704988 -0.120671680387517
-0.00479884897929454 -0.0250131641771493 -0.0795492348402972 -0.072848941929859
-0.00356266774244785 -0.0213273338888905 -0.0880000356840938 -0.0323300201910004
0.00593940554896972 -0.0276070893057808 -0.0935091226850565 0.00631411218473941
0.0206675531281521 -0.022574267183584 -0.108733724130834 0.0223085042206411
0.0230544735088832 -0.0152200387084967 -0.114613414434683 0.0244433928118173
0.0302452497963742 -0.0133447551478037 -0.12114793045089 0.0218700127613838
0.0482116415802629 -0.0101056521289853 -0.12963863152099 0.0272997023752971
0.0438300836120813 0.030413386616702 -0.101797725415269 0.0624932238579025
0.0176020409719737 0.053100899530054 -0.0797429771638017 0.12851054441697
-0.0244722282179697 0.0798765308463338 -0.1353293828877 -0.0157844058174996
0.0062080366752701 0.0440566986968116 -0.010822325295426 0.0211190238707575
0.0178635707374444 0.0180308528211705 0.0830825572809424 -0.0417348970807451
0.00208417063367338 0.0145467949233252 0.0887392000092437 -0.106589099965251
0.0159437434533674 0.0219333514941054 0.0285019665445565 -0.149629883685718
0.0307093550039082 0.0106778164518766 -0.0413945250811994 -0.12686127417799
0.0290648397502675 -0.00839861015525446 -0.073245138157823 -0.0787348113831613
0.0289139855757249 -0.0140330098422214 -0.0804509451237546 -0.0384297550588693
0.0433533256557671 -0.0211860058547136 -0.0827451871190275 0.00387374175460476
0.0584328456254128 -0.00278447556315788 -0.0972530191186372 0.0266776806605427
0.054694975973211 0.0180896092623571 -0.108446702124943 0.033441621726499
0.0472597324861819 0.0420398062949263 -0.121582168348817 0.0237929253897097
0.0363807643125891 0.0497769903157802 -0.123017580780014 0.0159115019875795
0.00377626520195083 0.0785720779959708 -0.0779887430545357 0.0486403629986945
-0.0366516562884073 0.0964001716878242 -0.0509719820575658 0.113942879186078
-0.0749831777436152 0.102307738834306 -0.0966120103124926 -0.0453893872076912
-0.0492109411155486 0.0779741681959648 0.0267026761390285 0.00729316966721653
-0.0180793701641652 0.0745950449368092 0.115966055426344 -0.0628842548850716
-0.00251504678412997 0.0741194170084699 0.103214694638477 -0.127570416077197
0.0300224102598415 0.0643310505550634 0.0315335401777625 -0.153476317786169
0.055108379307956 0.0408036475198998 -0.032951596373947 -0.125094463541175
0.0611505601029412 0.00917053929207319 -0.0575029177178384 -0.0768305035010512
0.0576170556970785 -0.005581476857318 -0.0615027514455185 -0.0397264817849788
0.0725120673069906 -0.0145292905207603 -0.0605750117625961 0.00353804274762135
0.0873847958820147 0.0125740023863408 -0.0738157532492393 0.0334309918330117
0.0802743951721392 0.0410392003676857 -0.0908164783036266 0.050075642213774
0.0664687707878309 0.0829347072856243 -0.117424400854436 0.035420827724799
0.0323910732448419 0.0997861925539665 -0.120698591677151 0.00917534189128988
-0.026999836239516 0.117566323558669 -0.059640748048976 0.0258064748326762
-0.0821991533535546 0.126944203084036 -0.0135164200391514 0.0858310434665264
-0.113256104905651 0.111068367494113 -0.0445249561932737 -0.0727359744820327
-0.0976984910499584 0.104941589339863 0.0708532003659543 -0.00738135585270414
-0.0501053496720199 0.128300819516744 0.149764366868224 -0.0784922209693148
-0.00227927224143138 0.130894170490253 0.118688645065476 -0.139215646671142
0.047118476759681 0.0998353575208908 0.0386638516996009 -0.146995960262554
0.0756248614170352 0.0639483679860968 -0.0146809086005793 -0.113484440754173
0.085205176495579 0.024124602829581 -0.0318212794114877 -0.0674531551233837
0.0770495662087474 0.00371832364687129 -0.033824686545856 -0.0354652749334509
0.0901107806347727 -0.00437613598120275 -0.0311713761735614 0.00549814012146232
0.101685666167374 0.0269447532314763 -0.0434946676555626 0.0399271983288126
0.0921799524659083 0.0581199092389874 -0.0668227471251638 0.066447769166867
0.0749398773528206 0.10933946298975 -0.108823304737266 0.0480051044770802
0.025326864061264 0.133511056405017 -0.117363993132669 0.00352841428632926
-0.05354026111688 0.139217844978832 -0.0461925813652873 -0.00225591928156189
-0.116836996710903 0.136416493524925 0.0256562102572451 0.0495728806762483
-0.131060080970499 0.104229846771847 0.0123511690675754 -0.0988340737451266
-0.129449378454649 0.114678317630737 0.112671066645582 -0.0285958134691332
-0.073720233055303 0.160639829216428 0.17206580595184 -0.0874165038303749
-0.00193877555797603 0.167324795043037 0.128241435911316 -0.136281639218481
0.0586282124118107 0.120722304947833 0.0514721673489273 -0.125378174511979
0.0855615293948627 0.075981516642393 0.011758315810658 -0.0937776641865893
0.0965985201596318 0.0333543681748 -0.000150834631448002 -0.0539597050345141
0.0851532923134195 0.0115598789854358 -0.00201682437602957 -0.0265767183811895
0.0939395358504807 0.00752775864651128 0.000360132006250397 0.0123456628224663
0.0994343623992856 0.0414949074641876 -0.0123209278802307 0.0483403846643558
0.0859222047063426 0.0716909825010742 -0.0420076787031507 0.0815361487914286
0.0641953209138393 0.124390595283058 -0.0968858353529059 0.0585950927282808
0.00651914468203572 0.147075058614305 -0.110453978178727 -0.00200649343649333
-0.0801932365423932 0.136421481920825 -0.0330693880929116 -0.027179884498423
-0.138565940419223 0.119923939537495 0.0641319567306312 0.0153148430366917
-0.125941210651257 0.0789490124781279 0.0630202770140017 -0.120224644665902
-0.137068464122267 0.101889100494184 0.140989057371298 -0.0540371395213052
-0.0838643191835509 0.160025370121946 0.175316470042427 -0.0884132723174584
-0.00438026662018085 0.169264518591888 0.128196276404119 -0.117167791462622
0.0574491319993882 0.118169806307364 0.0667794583377047 -0.0937282357466651
0.0801716379862207 0.0754669712052231 0.0436906826279623 -0.068917723416184
0.0911434412576162 0.0363100239057418 0.0335907722615513 -0.0382016159408022
0.0802963003954361 0.0178581527519956 0.0289290407661774 -0.0149383566235327
0.0836990880862173 0.0193048350690021 0.0296043924149636 0.0248950729789154
0.0828971269176584 0.0515602292132348 0.0134620118018062 0.0617335125503302
0.0650396080038513 0.0796057734200872 -0.0235316427271616 0.0967783404013729
0.0356841047050109 0.127233559150723 -0.0854808474226594 0.0660298221832587
-0.0238849993495262 0.140361696004087 -0.0967604078194503 -0.00557849891296443
-0.103462875050361 0.110070396294963 -0.0167306012746576 -0.0422998930082579
-0.143550661224382 0.0822597001879276 0.0991071520568967 -0.00931673994436558
-0.0991324909082752 0.0398144450658144 0.0964495569425099 -0.132711782251129
-0.119193439415892 0.0687807719618222 0.148803255097131 -0.0771269362652546
-0.0769994195287909 0.127186928701221 0.161869012408226 -0.0787242805674647
-0.00822021468361335 0.137224988999188 0.121060511646249 -0.0884555106286288
0.0423347618210958 0.0932309591485943 0.0822725624386423 -0.0599479699314888
0.0582365598245493 0.0620744348107646 0.073396067382595 -0.0460048419574005
0.069488892422859 0.0349351396303802 0.0626708245154156 -0.0245418150690314
0.0624813582874924 0.021656141322493 0.0551702706691408 -0.000398874783074008
0.0634528807972715 0.0260227969492394 0.0522956436831846 0.0421230167977286
0.0573875529831928 0.0527460438095493 0.0299295276409474 0.0804786805296779
0.0383301533389241 0.0753857175805816 -0.0142765046452729 0.113332071575035
0.00576025873750539 0.113178001694176 -0.0758718091591129 0.0738425614801694
-0.0509281149174424 0.113222215547761 -0.0798535008241598 -0.00192473666798055
-0.113336293518037 0.0669594929503133 0.00067359893054848 -0.0414683153371694
-0.127716758298339 0.0316645592039173 0.128260156480009 -0.018414739394851
-0.0576338302766603 -0.0102944118050815 0.107449151042297 -0.13220761857025
-0.0847827360547124 0.021378289777418 0.136980274388002 -0.0861348478853624
-0.0581742391167556 0.0710355173886417 0.141786949059033 -0.0573637207679949
-0.0126522750829807 0.0798937180624754 0.116136680073534 -0.0575170226109649
0.0172718827891217 0.053524680722723 0.0967320939515943 -0.0354740421652256
0.0242488353655776 0.0411385782248351 0.094940823891035 -0.031012124191983
0.0356691489344438 0.0301622715424039 0.0810523104208233 -0.0146093525023896
0.0360093637743203 0.021302448924991 0.0715269407268337 0.0133535350331506
0.0350799667727641 0.0253905555720719 0.0660665208687408 0.0592821144028167
0.0301258455276383 0.0409448276951377 0.0354952855008752 0.0996548189596679
0.0175669641269657 0.0545571995434081 -0.0146323617085844 0.128413366218009
-0.0104371758380183 0.0821954473566861 -0.0712921890674512 0.0828930683776572
-0.0593350999109096 0.0740041526668916 -0.0661108240537697 0.0110676857852008
-0.0990391241804909 0.0204381984225489 0.0119805849452261 -0.0281119290457886
-0.0911810758854945 -0.0187953127082365 0.144870746527679 -0.0137456747888456
0.0348663726257296 0.0381569140524404 -0.157871289570597 0.047477843865427
0.0555565559574374 -0.00375695869634466 -0.0218844923513465 0.0490677910942756
0.0408982897477094 -0.0412801254955989 0.0681823757362769 -0.027579301752141
0.00133232456091665 -0.0396479798439138 0.0699813275109337 -0.105239464900674
0.00126321858685554 -0.0220518939852825 0.00219730167715803 -0.149702609087236
0.000780948297960376 -0.0197741724236015 -0.0659063884784216 -0.114850970984659
-0.0103656800204597 -0.0214927763205296 -0.0905667445374697 -0.0615795147698268
-0.00701681746301997 -0.0193021172560204 -0.0944830244797603 -0.0169970323635975
0.000123912478324781 -0.0274196166892214 -0.0931697683933546 0.0236662647611587
0.0147032486399099 -0.0255077916036471 -0.10626128168269 0.0457415561349566
0.0177969981353089 -0.018929690615409 -0.111655705798256 0.0497952159033397
0.025259287554817 -0.0199579523210107 -0.120591266068242 0.0488983548899493
0.0422795134595388 -0.0200866598592309 -0.12806924406147 0.0573589695359368
0.0470717381637573 0.020562706363201 -0.0956801243898206 0.0833560124735251
0.0262472044826131 0.0491158168687443 -0.0607086682892115 0.141499723978882
-0.00989633932101186 0.0794448795713501 -0.147991308785456 0.0113723035365079
0.0148056325081102 0.041422697339457 -0.00722766205252694 0.0246379763444953
0.0207297462604825 0.0130089425507663 0.0766951982576973 -0.0576213177369888
0.00420975701052436 0.0115407164516972 0.0699976560802032 -0.126328435071292
0.0179940811290157 0.0166164021027111 0.000804833526722091 -0.156623110572643
0.0300561776914018 0.00533740047426009 -0.0635394967542903 -0.119819233455132
0.026088781845796 -0.0127701407212142 -0.0858012357573912 -0.0656129749845839
0.0254306040775023 -0.01742685827222 -0.0876621617750545 -0.0242062006867772
0.0372035110027831 -0.0279329577424622 -0.0835889040699139 0.0192715580892292
0.0553107745559478 -0.012953904907725 -0.094682502510881 0.0479814498804899
0.0537899796724493 0.00830730224361342 -0.103522658137786 0.0580807353724769
0.0517139205523006 0.030889670077676 -0.12141758005583 0.0512415722972716
0.0420314143665511 0.0403495445199881 -0.126443136256474 0.0437739451624285
0.0173993649265918 0.0756038763430844 -0.0747820684630592 0.0616765712510387
-0.0198828750925192 0.103232861546784 -0.0329906811487595 0.117513125617804
-0.0538227903486242 0.108979459537475 -0.116844154309998 -0.0273902635697862
-0.0327327769505668 0.0842871863435759 0.0255766137277869 0.00321672351523241
-0.00274578368265603 0.0736390042096342 0.100078445862208 -0.0850798765338538
0.011854830847115 0.0694411943034624 0.0755460339327115 -0.148036828526509
0.0396870665288353 0.0552363344279888 0.0013651632858952 -0.15841686684098
0.0589995436003227 0.0301756019392581 -0.0548565910380391 -0.117543611927999
0.0597928828745189 -0.0023645369786606 -0.0696805128038047 -0.0634366843544905
0.0543436737594494 -0.013987984464253 -0.069116575901647 -0.0283731285396583
0.0674833350976265 -0.0258174099782725 -0.0617954980893616 0.0149512629585171
0.0868034011050098 -0.00262844082197236 -0.0698694910293781 0.0507139093987875
0.0828982391727581 0.0267278478806621 -0.0834203368144593 0.072102680354704
0.0773082324199689 0.0670728605774517 -0.115757638857677 0.0630849034334165
0.0472865472124281 0.0889550160620895 -0.127503513836121 0.0365212207700698
-0.00495204214204384 0.120189784101746 -0.0607508061428111 0.0316868106706039
-0.0587688926209345 0.141898091641186 0.000540101627490037 0.0793611703455676
-0.0884889381423934 0.124225399449579 -0.0697357566844519 -0.0666301793273661
-0.0754067178019337 0.118933713484381 0.0659897687152101 -0.0215546893539026
-0.0232756503482502 0.131361502479101 0.126807894656796 -0.106568645830544
0.0236747589875812 0.123767740606512 0.0844735199881902 -0.160686761647895
0.063109932599877 0.0871017320728043 0.00861630523067013 -0.149907474955195
0.0833141319044783 0.0486531241090228 -0.0355716177684304 -0.106987149850157
0.085762712757568 0.00741378255454195 -0.0433454010733241 -0.0562984744438782
0.0752535503024452 -0.0079465694469982 -0.0408005764921331 -0.0287370161321353
0.0857693490444194 -0.0192296830738918 -0.0320419393606237 0.0119696385406836
0.103586252693297 0.00894838913370179 -0.0379909459429297 0.0517837631194779
0.0973452022112728 0.0412996693909047 -0.0552873123535689 0.0845317887884
0.0907933080732164 0.0918921018980015 -0.105097207633968 0.074722706797119
0.0466613297458838 0.12291615027855 -0.127359782090136 0.0298170874078776
-0.0266209553295174 0.146727607718061 -0.0521985197153655 -0.000722584614318015
-0.0901889345051851 0.15803575315636 0.0352917506379769 0.0337073409447033
-0.107937102197809 0.120268400139395 -0.0166665151680223 -0.105273380192575
-0.10467647074828 0.134594649285181 0.103304902014621 -0.0520104464601587
-0.0402713266782275 0.167333550769413 0.144423924477102 -0.119839669423898
0.0319165497276848 0.158870843598857 0.0918774918550384 -0.15781674462063
0.0786081279164134 0.104788261822183 0.0250463543447092 -0.129274615404943
0.0959685123224722 0.0588292167283674 -0.00544829009692225 -0.0901480658361121
0.0981116381349968 0.0135320391915036 -0.00942253607348118 -0.0469132144647632
0.0845139294405785 -0.0017918643971758 -0.00734197862931517 -0.0253371709851541
0.0912700807699452 -0.00833591211182326 0.00114500449714746 0.0126227558767582
0.103698793881444 0.0228846433330847 -0.00532278254679804 0.0545514393957959
0.0940840861324738 0.0558909893051855 -0.0271254231975914 0.0944298066988936
0.0827037303025754 0.108901788297773 -0.0907933130561882 0.0831726296132335
0.031092662361613 0.140638920625371 -0.121272297357889 0.0217901446829342
-0.0528797560392697 0.149500926465259 -0.0429005037180221 -0.0296746213421796
-0.114272691620255 0.14582684463684 0.0693213225164081 -0.00791432843222332
-0.107795202096694 0.0966396378816609 0.0326778631831572 -0.136769371813004
-0.114800740051736 0.124077660345803 0.128132733648987 -0.0847675177100773
-0.0498508032837046 0.169323539786782 0.147544769708557 -0.12208121057092
0.0303181245790894 0.162011795291369 0.0950003836268063 -0.139287901420064
0.0774997522159183 0.102757632851822 0.0461909244990474 -0.0999341744527923
0.0909324955421522 0.0587274431551657 0.0308965757852905 -0.0713222969919321
0.0947317938217393 0.0172954784718666 0.0266631712470811 -0.0374449921886244
0.0801120689170857 0.00473965999566251 0.0265446868719555 -0.0184846970222886
0.0842673605751329 0.00445918422874328 0.0333482161025833 0.0204718140696191
0.0895090492670565 0.0369028152393778 0.0243759754215197 0.0632052378671032
0.0745921112842848 0.0671055402434596 -0.00498636330074058 0.106000052406954
0.0565820364748571 0.11680772982744 -0.0773325385664906 0.0876951216493984
0.000811570856751313 0.139457467563352 -0.107216006551246 0.0142068065493093
-0.0810560753888113 0.127634773097545 -0.0271621515196971 -0.0472786358725668
-0.125850414649664 0.109018664104718 0.102117331631875 -0.0372671884349197
-0.0889930788461746 0.0547723069018034 0.0689147152249339 -0.15633427216023
-0.103983575738632 0.0888707886711005 0.134058091568973 -0.109369103157949
-0.0493265765195905 0.136508994031469 0.138208828016416 -0.110887550313215
0.0210062664128772 0.131830673951939 0.0962963844927876 -0.109037633842623
0.0589706133379521 0.0815590531047322 0.0692116956892522 -0.0699790238288589
0.0675911920111564 0.0497669458289379 0.0646586813315368 -0.0549512168779652
0.0735528798536479 0.0196278712727739 0.0581024550970726 -0.0296318931992247
0.0644072778899924 0.0106002209085387 0.0547351463508904 -0.00886037474520484
0.0655444444882238 0.0148525959208039 0.0604130460179771 0.0332931561213524
0.0650094482816952 0.0425571222741948 0.0446454262111622 0.0784481681452519
0.0485654054301345 0.0672979083126087 0.00735412749371373 0.120932391329618
0.0247339822951911 0.108283828680666 -0.0657779046836976 0.0929394569972482
-0.0294788593675906 0.117800333797559 -0.087997347036578 0.0133923089098997
-0.0983145053017445 0.0873252036820455 -0.00699660207257205 -0.0484445027365751
-0.11948860588041 0.056533853168286 0.130683629420031 -0.0479793924837832
-0.057859380779893 0.00032207998957473 0.0848732244577493 -0.158486765701634
-0.0789462201890322 0.0368749513834298 0.122966213931262 -0.116777593116487
-0.0420705777638037 0.0793451845559596 0.12681505961337 -0.086874838078732
0.00465607915254984 0.0782253761262663 0.100821294735937 -0.0783866054582752
0.0267996396080665 0.047150379724667 0.0896495340717323 -0.0511571687559647
0.0307283385103021 0.0350369424918961 0.0885473254443539 -0.0468962364481818
0.0402936020268305 0.0216335386374067 0.0778089575171107 -0.0246456064888456
0.0383971566987894 0.0141796151763346 0.0737222171594202 0.00180010640738468
0.038315572996905 0.0187783629550748 0.0779761969967698 0.0490829835303465
0.0366443668030985 0.0349670008619584 0.0549672596843997 0.0967868383754284
0.0247929457585899 0.0508324585533823 0.0102513021365506 0.135470302844248
0.00373705485992496 0.0815254917861122 -0.0587808943458335 0.100770607630155
-0.0441463857295947 0.0819399543498112 -0.0697555186355635 0.0228034916610733
-0.0932516115724339 0.0398830585214852 0.00833286792590695 -0.0348006917241753
-0.0928843873818839 9.4389047406912E-05 0.149157666195253 -0.0424619556157413
0.0368873907332615 0.0389490145854842 -0.163493075681204 0.0492568094714394
0.0581514727951915 -0.00463180125379082 -0.0213554588156519 0.0502808363779548
0.0416953732823988 -0.0434220086604202 0.0710288007839168 -0.0303415591841103
0.000843796066358157 -0.041366396103792 0.072107914655058 -0.110416606879853
0.00083732638770646 -0.0236081451872448 0.00188304132436101 -0.156357443513311
0.00117528993087229 -0.0202028391609769 -0.0680066449509922 -0.119899524998814
-0.0106898967763329 -0.021033635558718 -0.0941803927521183 -0.0642772207945895
-0.00730989631851813 -0.0191435197800781 -0.0986538083901293 -0.0181509326290191
-0.000368760900894391 -0.027710755140532 -0.0967745128171684 0.0240824474108274
0.0150005109350392 -0.0266906831498478 -0.109301475473047 0.0485613606632615
0.0178714798067609 -0.0196921494152574 -0.115727281788838 0.0532495821462505
0.0258028764081002 -0.0218104266549379 -0.125659937815909 0.0535387949625012
0.0423468922913466 -0.0212988297134936 -0.13272341501356 0.061707148679435
0.0493535419388692 0.0206721939012667 -0.100784191505293 0.0857358602786731
0.0265730006490235 0.0498637059914439 -0.0632086710037121 0.145406335122372
-0.00880878447661557 0.0808578076693508 -0.153415881820793 0.0124784307179787
0.0152361591301885 0.0417064785361002 -0.00628588535770336 0.0249612676271339
0.0212100325569636 0.0129672469428158 0.0786346774249383 -0.0617175508052673
0.00405498908736737 0.0117789732983476 0.0711321420760691 -0.131994931529699
0.0185351982161665 0.0167042289311278 -0.000170696784654605 -0.163391067721595
0.0313454079430863 0.00564174375329088 -0.0658504419574438 -0.124607332016467
0.0268959679946484 -0.011846434618279 -0.089087086527747 -0.0686600974083594
0.0261468872315132 -0.0175719027389122 -0.0918990629318955 -0.0254988646399414
0.0380114388155666 -0.0281983326304631 -0.0863797264238423 0.0199160731828578
0.0572600164306759 -0.0133304899424199 -0.096918685948845 0.0505273993423038
0.0555481032641705 0.00842633682211532 -0.106559296498107 0.0619139069377302
0.0533501413114158 0.0307278323223976 -0.126409295436999 0.0569486159674807
0.0422342086423537 0.0415454330344389 -0.131836217202373 0.0486765690176658
0.0189656063057736 0.0778916352177133 -0.079598624782931 0.0633027961103229
-0.0195887593200627 0.10591993525967 -0.035089994616058 0.119707999908215
-0.0549942862458794 0.111226464556228 -0.121410039559214 -0.0275953676593921
-0.0334400199725182 0.0865651176982207 0.027173382288616 0.00192095652525765
-0.00247283648930625 0.0760094056003802 0.103060500174497 -0.089974329055854
0.012306619992099 0.0718290492770304 0.076747375291627 -0.15498957639073
0.0409849168819153 0.0573563546078006 0.000177219633422811 -0.165404934743978
0.0610959198685715 0.0306061843518468 -0.0569646654667056 -0.121768092299585
0.061429758026653 -0.000657199819692863 -0.0725141627787247 -0.0671941883070997
0.0561617552514373 -0.0134108799224078 -0.0721822571401235 -0.0294455474998686
0.0684505559440228 -0.026501023528076 -0.0638271068233459 0.015385297697476
0.0896654460820355 -0.00334233827134089 -0.0710623052990118 0.0531752187732929
0.0859756731550037 0.027405948402429 -0.0848687196271569 0.0765972037089879
0.0805290434331645 0.0685154734161047 -0.12032085303255 0.0698288539147361
0.0482069943415866 0.0924660677962392 -0.132572558641056 0.0409758743374984
-0.00454707491416405 0.12431127238735 -0.0658358688347196 0.0329759710671426
-0.0597025027129353 0.14643724108303 -0.000943870582768375 0.0802507008898434
-0.0912577799739594 0.126417693500334 -0.0729953366594866 -0.0682356638836931
-0.0772467442931641 0.122836494883528 0.0693336096848774 -0.0233633442191402
-0.0238066660183663 0.136011757356799 0.129992432867878 -0.112863708818096
0.0248965335163569 0.127625188835734 0.0854072026522287 -0.167821057501898
0.0657884826200136 0.0899057876071024 0.0081110435768915 -0.156166929309052
0.085954623974373 0.0502319913786292 -0.0376018649890981 -0.111060089614657
0.0885657202685858 0.00869474766660887 -0.0443164565370872 -0.0596956749972205
0.0774922443077818 -0.00774508567185755 -0.0424037518026737 -0.0300514060037825
0.0877816274016448 -0.0200548924742532 -0.0331981654034657 0.0122583042610374
0.106703288237255 0.00821354611936962 -0.0380662193243508 0.0544613732567229
0.100783811471062 0.042399975704095 -0.0555223195712098 0.0882880109563704
0.0947086612377358 0.0942034916682393 -0.108710726319005 0.0819867425898351
0.0479033779733086 0.12775849306611 -0.132616224010352 0.0350447501021665
-0.0269884884633517 0.151708425923377 -0.0571745452682506 -0.000179069598579799
-0.092452788240492 0.163679107221566 0.0341176319365322 0.0337184465144453
-0.111596421899458 0.123425171040799 -0.0178246525665816 -0.108035576829138
-0.10773360007019 0.140398301464385 0.107960111320584 -0.0551215053890338
-0.0400859561080347 0.173438476301328 0.14835404500969 -0.127370120431815
0.0338798319371773 0.16418162046218 0.0930973304426931 -0.165734636627595
0.0820098099647302 0.10834196989425 0.0238898328571165 -0.13494161183853
0.0994070512795271 0.0609376960889581 -0.00700463377763992 -0.0939285317336943
0.101245094426136 0.0150703968158385 -0.00903477361314087 -0.0504135320610212
0.086208386930212 -0.00127181061362684 -0.00785518464434225 -0.025780566457031
0.0938868108725564 -0.00833146740970568 0.00135896477816835 0.0138898621673902
0.106941841987355 0.0231557138332035 -0.00341833834349322 0.0575968553602146
0.0976035241507529 0.0581631080176105 -0.0263941589636946 0.0993663053782336
0.0863305194766111 0.11160725481203 -0.0938302285127645 0.0904972522946022
0.0321114325101967 0.145236986688781 -0.12644279902234 0.0265614065525591
-0.0540982864669748 0.154508111854075 -0.0473917570548622 -0.0298505205069329
-0.116921111281632 0.151469227065467 0.0695981256840866 -0.0092175201283698
-0.11133326996382 0.0990741961900452 0.0336463301044522 -0.141355172460068
-0.11781222591147 0.129365278873084 0.133367085577241 -0.0881982927215104
-0.0500195745492136 0.175496479991138 0.151597377263053 -0.129554184346158
0.0327648621140129 0.167988407563186 0.0964269006038472 -0.145011846423978
0.0806919400132456 0.106863208754998 0.0467968296368939 -0.104394680669333
0.09393481022128 0.0601128977378698 0.030384192745903 -0.074245181279925
0.0971969409361834 0.0181462177639843 0.028604317362393 -0.0400480250292683
0.0823980366450643 0.00492949318711279 0.0272570256548668 -0.0186182618272594
0.086268710735405 0.00499864253567913 0.0347852793969007 0.02197521039678
0.0925535754870062 0.0377501805911254 0.0266045746963783 0.0668069982287311
0.0780022288918208 0.0694997951425132 -0.00315000414033745 0.111206558746249
0.0592325298164952 0.119822340051761 -0.079596001732193 0.0951802394174463
0.00146073139363251 0.143887285841652 -0.11226719877066 0.0190029722434338
-0.083537771492044 0.132551237106154 -0.0313203980052299 -0.0479615511838933
-0.129230855978391 0.113601081423578 0.103733763936121 -0.03906578968382
-0.092317959632111 0.0567371237582437 0.0713546223864261 -0.161274779406731
-0.106912276694711 0.0939472166480666 0.138886862027027 -0.114465576081411
-0.0498926967752212 0.142323218453804 0.142293814538753 -0.11736868808135
0.0231841725093456 0.136764770765225 0.0978348250143222 -0.113811884864254
0.0615342871870484 0.084473958665588 0.0713814583883104 -0.0733365799931259
0.0706045051683841 0.0512018883093951 0.0659018000172448 -0.0573293182559024
0.0759680928503719 0.0205274653439374 0.0608384534966279 -0.0315465740262005
0.0659291992033573 0.0107480775731561 0.0568571101525067 -0.0087230530648385
0.0672576469930627 0.0153334187782549 0.0627187572311965 0.0353462545265456
0.067385766817371 0.0436045330208416 0.0475962454652041 0.0827661056212686
0.050697752882476 0.0696623322738865 0.00875757865623597 0.12634012222164
0.0269983800715565 0.11082464841268 -0.0683727432176643 0.0996622973068664
-0.0300063590665235 0.121945203474467 -0.0924498881428103 0.017448049734142
-0.101314095843378 0.0907860799598785 -0.0103119530322507 -0.0492749034123699
-0.123439231270167 0.0590324969019973 0.133551516604967 -0.0506589724718737
-0.0605037469448589 0.000729273175165996 0.0881369983884877 -0.162949953992251
-0.081709346583773 0.0398387230792105 0.1276595325556 -0.121946439346264
-0.042479736742029 0.0829352336881878 0.131815366067518 -0.092479193805075
0.00631631401433114 0.0813987267694422 0.102987591260646 -0.083346415048817
0.0282870767650241 0.0493237071148442 0.0926791545311336 -0.0538051492146917
0.0323332538182163 0.0365077064548382 0.0911321007950255 -0.0488663453610473
0.0414666186059743 0.0223135128097406 0.0811786746415208 -0.0262365258055784
0.0391830155898933 0.0143827642640552 0.0762601274246834 0.00304337627691212
0.0394694523171022 0.0194594247517101 0.080383715806387 0.0514291903408846
0.0374846476275003 0.0356959182076254 0.0576727160814362 0.101452940805395
0.0260178432959325 0.0524670338652361 0.0122687508661735 0.142146976002011
0.0051585981146455 0.0837858247108473 -0.0605092389382661 0.107265851063003
-0.0447587155881319 0.0848307048696904 -0.0733956553185123 0.0264953072406096
-0.0965481147278903 0.0413784664294189 0.0056605201715303 -0.0348235394572988
-0.0966023413258457 0.00127631759987689 0.153412223196352 -0.0450042623324469
0.0399208147676165 0.0386075943638728 -0.168269351562887 0.0569850160754865
0.0603654749480813 -0.00694302491389931 -0.0198012839507041 0.0517733325915795
0.0419975338196444 -0.0469504011027273 0.0726307188927641 -0.0355342533293847
-0.000598238909703097 -0.0428275222429575 0.0708413203420229 -0.118718154856826
-0.000240187246925138 -0.0248438327927699 -0.00338251354656254 -0.164313713708971
0.000497196525151073 -0.021586706273179 -0.0742409098343052 -0.123642054512585
-0.0108227853067529 -0.0210854013143857 -0.101259529201969 -0.0640909792735215
-0.00798920371132608 -0.0192052125344016 -0.104338950944327 -0.0162010068002703
-0.00192594512765296 -0.0285436461073447 -0.100456036837347 0.027347193992903
0.0145898772830045 -0.0283655283433862 -0.111882597867557 0.0539786248877445
0.017452307758692 -0.0210627380716295 -0.118529520211884 0.0609245661113984
0.0253713569810205 -0.0243402315845346 -0.129494590347078 0.0622259482098066
0.0423385583345216 -0.0238656242904971 -0.137089750090024 0.0700762473534431
0.0518826073341736 0.0196678241954213 -0.103338923584603 0.0917516733572275
0.0298435364886037 0.0501722153849409 -0.0626458404941583 0.151378026180905
-0.00640390032381551 0.0829637487044186 -0.159250204662915 0.0180258547554622
0.0175603259141732 0.041910739747723 -0.00517596613630552 0.0251253674050819
0.0228866765189688 0.0117927522815848 0.0792950118720008 -0.0673518318174075
0.00418533032057595 0.0122226848407317 0.0684699786207603 -0.140840773397041
0.0197845529143022 0.0165608988289536 -0.00570379038224435 -0.171792168044407
0.0325269944103274 0.00419700963599566 -0.0725320431160497 -0.128801089132314
0.0276968359480665 -0.0119506718090624 -0.095213236275617 -0.0700249340216118
0.0272542792023962 -0.0176441175710811 -0.097186721571288 -0.0243547127120001
0.0377388854604276 -0.0302786540274869 -0.0900836571264422 0.0226910474895124
0.0589784463086809 -0.0165479568335912 -0.098301796056773 0.0559119709567711
0.0580814984005342 0.00697770178761479 -0.109102789057044 0.0697759422636675
0.0567762182749675 0.0297235664979376 -0.129989205631763 0.0662758604829732
0.0445452610254551 0.04210654025472 -0.136279544242731 0.0567627183858135
0.0221613105272266 0.0797212947212835 -0.0833944329707145 0.0676624812567092
-0.0162442326545213 0.109787327916665 -0.0350353768196215 0.124566901512308
-0.0529784498749009 0.11530862072097 -0.128061859093637 -0.0240109624122593
-0.0319113409407163 0.0899545196143978 0.0291412084497796 0.000739708602565452
0.000121407347085714 0.0780220138623209 0.103269879971972 -0.0990411668196509
0.0148558102537054 0.0737251580853792 0.0732314228446525 -0.164224295504093
0.0445733766757971 0.0581256207877985 -0.00605150169052912 -0.172677104921832
0.0646597493973643 0.0300451315098391 -0.0631439381569125 -0.125927875981013
0.0645334330955178 -0.00177699099180455 -0.0776189348935458 -0.0687458605228624
0.0583296346949729 -0.0144571109294975 -0.0768008189909963 -0.0284118832666232
0.0697442435554709 -0.0289674430171619 -0.0661861030028514 0.0181519290338437
0.0928657055851431 -0.00663268557956163 -0.0710314137240278 0.0582367093686846
0.0901404758984072 0.0259979732579603 -0.0848131182565931 0.0840520039387188
0.0858062273912442 0.0681552728390913 -0.12258008580623 0.0806213460700022
0.0519131586459965 0.0945680355349406 -0.137621937498922 0.0503026373150762
-0.000392116392470323 0.129108836396375 -0.0705203448276785 0.0366162400733944
-0.0558704061208029 0.153387967452655 -0.00085782847150365 0.0815751691153211
-0.0911144772064266 0.132630723562747 -0.0788033596428946 -0.0672867527149261
-0.076362753348942 0.129733597553443 0.071841789465693 -0.0271917349185066
-0.0197619076366381 0.141423648733133 0.130681957519165 -0.123453349686166
0.0303840907863776 0.131922362077869 0.0821681687609023 -0.178869475462355
0.0712499168260756 0.0914961029087112 0.00225861604553695 -0.164076459089686
0.0913114284921644 0.0496768363917155 -0.0426959052643841 -0.114608608986064
0.092011442028649 0.00699291647516642 -0.0484208042518313 -0.0625776959335756
0.0798169046864943 -0.00944654322880445 -0.0459062642011693 -0.0292037146792486
0.0896474544575042 -0.0228144716860655 -0.0344799566138991 0.0142998588110782
0.111002151038702 0.00507609195299239 -0.0361531682901653 0.0587060041567932
0.106562224949907 0.0412934902318087 -0.0540241317453667 0.0957016541221992
0.101324097943099 0.0941510339700384 -0.10995437968631 0.093269276875171
0.0536571786573632 0.131376720089201 -0.137595379611606 0.0441119434070435
-0.0227010428630538 0.158639129253663 -0.0627346771686038 0.00188673312826025
-0.0897268997605914 0.172388182567627 0.0340925777807876 0.0327377571565954
-0.112235505795618 0.130236768017681 -0.0222357130435635 -0.110291285501077
-0.107029620502789 0.14880494962469 0.110993329431858 -0.0613684735430254
-0.0354608690054793 0.182285968035135 0.149104263399359 -0.138998578303229
0.0411991221735796 0.169605283124241 0.0902870201165028 -0.176076096700396
0.0891899952449153 0.110132397263166 0.0192957051688989 -0.142066212700019
0.104977565367772 0.0599776441731422 -0.0103897198046311 -0.0971328552492872
0.105419464958303 0.0132964702556543 -0.0111186587998998 -0.0537862706070036
0.0891810637134469 -0.00302039030581066 -0.00950703930013323 -0.0268551908766874
0.0961908224290851 -0.0110844144797624 0.00182042408485638 0.0152756171778417
0.111932638606323 0.0203501639318786 -0.000542100701170412 0.0611930942356528
0.103789710981647 0.0574624193783674 -0.0230783050987296 0.105492026221164
0.0939943971776732 0.1127255516864 -0.0939160522767154 0.101756979889183
0.0382389647554929 0.150587138472241 -0.131518627625116 0.0353333247452862
-0.051438465641719 0.162168026803989 -0.0539016962652135 -0.0282082365418631
-0.116251281648149 0.161000790439865 0.069705768880796 -0.0129720395355438
-0.113318891602541 0.106128385517664 0.0304907778315051 -0.14692755687277
-0.118381023753995 0.139152308842782 0.135934827227303 -0.0972228826204201
-0.0453141888501646 0.184715679257056 0.15235948199806 -0.141689997905623
0.040203314180002 0.173616691785192 0.0947156848544408 -0.15523913738381
0.087687119639772 0.109089088902552 0.0445669921101756 -0.110568798708168
0.099918636685157 0.0601580378204493 0.0287460885366201 -0.0772685720430233
0.101341066684632 0.0170134023393706 0.0288970731082 -0.0434579512063973
0.0853147966910741 0.00374935243957475 0.0275644977716338 -0.0194930747481004
0.0893679764990887 0.00231777281329263 0.03657323838831 0.0226525129056604
0.097039526954182 0.035760328285152 0.0307470723046892 0.0698621936107236
0.0836065317284154 0.0703336492284587 0.00113640572707835 0.11695403977368
0.0661844722493417 0.121899588453212 -0.0795246809070661 0.105599156487971
0.00665852898600671 0.149722057737901 -0.117819643239588 0.0267278331700444
-0.0820266864330183 0.139740881905807 -0.0374738642808913 -0.0475702186476819
-0.130122048239874 0.123047480190068 0.104914903240154 -0.0445929323665294
-0.0949895364262998 0.0622322765072702 0.0701880484861632 -0.169074361294984
-0.108143649808584 0.102176523901527 0.140986996400251 -0.12383105176015
-0.0461398863335733 0.150670111536021 0.143620694410784 -0.128745242396226
0.0291563884161459 0.142292878854396 0.0975540268169104 -0.122598420335887
0.0673711959544166 0.0861762657111597 0.0709613090003763 -0.0790393700488988
0.0754218815084493 0.0513991468679219 0.0664300875516095 -0.0617161504599637
0.0794842796712946 0.0194779661377232 0.0623550846260374 -0.0351737046177778
0.0680032695514911 0.00908680689271995 0.059057209342932 -0.00967310102540579
0.0696053268730814 0.0138904521874562 0.0668779027499945 0.0360895256216988
0.0707925934618555 0.0428006862140995 0.0527769219290323 0.0864814903327797
0.0548488252466263 0.0709989182642953 0.0150675546982731 0.132653287915545
0.0323183785685466 0.113281899406759 -0.0675168988628321 0.109767282254007
-0.0265124125953477 0.128339527187218 -0.0964240412736209 0.0239742932606841
-0.102232011620572 0.0976987596269266 -0.0148769207413056 -0.049261116427441
-0.12638725465603 0.066947125030123 0.136100503664507 -0.0570816943308563
-0.0634296284382963 0.00357257172177637 0.0878977699735787 -0.171748563845453
-0.0838289175418604 0.0454350901942627 0.129191927304592 -0.131050333293771
-0.0406931383202454 0.0886344898746773 0.133459474441276 -0.101998193871731
0.0100355409761672 0.0851713190551067 0.104324840745241 -0.0903310553649365
0.0309679316643059 0.0504516872773935 0.0944527781649435 -0.0592691853949705
0.035291420680613 0.0371980486803315 0.0929778110517357 -0.054330316528728
0.0439076614774888 0.0216308679504185 0.0842121008571998 -0.0299204005705813
0.0407033842833213 0.0133494704891134 0.0803539686566765 0.00156345743783447
0.0412921546125998 0.01857250471877 0.0857574757398896 0.0522035015633891
0.0395350275171731 0.0356570101370595 0.0639184773248632 0.105642134233158
0.0284165150628713 0.0534667019350307 0.0180522064365819 0.14855498218406
0.00910171497782218 0.0856055271077663 -0.0592834722542599 0.116821849003553
-0.0429594544598535 0.0898952659441477 -0.0767629561969218 0.0324267830078684
-0.098498884989448 0.0465584440633476 0.00297814179436733 -0.03553570058434
-0.100399602668961 0.00537491134291266 0.15704001701519 -0.0515308999230393
0.0432571044313947 0.0365757947303913 -0.168350667349791 0.066569441100607
0.060779397392844 -0.0110359852618823 -0.0169833035199325 0.0534896851633937
0.0395787363970639 -0.0516984130936825 0.0719349687070165 -0.0407651409491453
-0.00335223133579377 -0.0432193849208632 0.0653150462469571 -0.125637218092696
-0.00204098040784079 -0.025953630028625 -0.0127400605053635 -0.168287577953304
-0.000262406745151138 -0.0224615775814812 -0.0821629862993661 -0.123524196854405
-0.0110319612245949 -0.0196494051349809 -0.106669004099588 -0.0603890367263615
-0.00800471425677381 -0.01829029025466 -0.108157390524778 -0.0114057643932474
-0.0031617088389708 -0.0281505898147524 -0.10066305799834 0.0331525320506809
0.012799367839028 -0.0294955226245537 -0.110638648064525 0.0614260517278645
0.0161275095331175 -0.0221088077865846 -0.116708134598183 0.0698680371738611
0.0240479859812906 -0.0266232747853016 -0.127698584186565 0.0728239531153793
0.0405630480722742 -0.0266147663193216 -0.135668628844295 0.079652869838635
0.0539907861033763 0.0163200024685668 -0.102561876496467 0.0974713104717894
0.03282932458997 0.0482040048985886 -0.0570140551977867 0.155584919580587
-0.00160195432031613 0.0833898368687653 -0.161222110418737 0.0266451542201172
0.0197011443134121 0.0405808397992025 -0.00317074741492834 0.0250716640829569
0.0235840445312538 0.00946920580607955 0.0765280003987261 -0.0735245198070804
0.00524446590094932 0.012481409098916 0.0610356069957501 -0.147578114965477
0.0209067172486533 0.0157846080820773 -0.0157711989925313 -0.175056751627332
0.0334665691758455 0.00263788984633596 -0.0806406083295697 -0.127983855972019
0.0285616895425582 -0.0121715228772798 -0.100635576481358 -0.0669062543151597
0.0267704595111584 -0.0185253137367081 -0.10124874585656 -0.0194741445872995
0.0362942312879658 -0.0319116781215027 -0.0899631552804134 0.0278269102726627
0.058467026441643 -0.0195279411856997 -0.0963871896099244 0.0619502932320025
0.0591191588167528 0.00428816194136726 -0.105930929119664 0.0781830404780021
0.0583387717937743 0.0262465929511225 -0.127828179976176 0.0781900580704632
0.0465853456797955 0.04032250738713 -0.135931394720388 0.0670536528858438
0.0268632608658154 0.0796327121148157 -0.0838494493318478 0.0731570004855724
-0.0103523955848044 0.111227649993378 -0.0312189283219874 0.126488828728808
-0.0479877553802133 0.118324827323554 -0.131482865874924 -0.0171599571896005
-0.028093363412102 0.0918139963983288 0.030164220450055 -0.001831215004944
0.00389902031550985 0.0783164375870002 0.098667963276198 -0.106687476796579
0.0186604896826882 0.0742713633370763 0.0648033133987186 -0.171782053126774
0.04841084842037 0.0569949974275689 -0.0160003207719748 -0.176429796395613
0.0673421470242114 0.0268597814116192 -0.0713565880012414 -0.125122659558185
0.0659131296807272 -0.00403308429453208 -0.0830938541554379 -0.0675748114281626
0.0585667882182253 -0.0163123676379772 -0.0806868567393946 -0.0252527538875985
0.0684020432330944 -0.0325835862855618 -0.0666237776047224 0.0219552041995395
0.0933992336789336 -0.0120390012918382 -0.0679906373989789 0.0632289245830813
0.0932228555790566 0.0219744666697943 -0.0809503021364794 0.0909451702398735
0.0903845964589724 0.0636860817001182 -0.119668946816361 0.0922418772158603
0.0573939642405669 0.0937967315590192 -0.137604235618432 0.0616957655126897
0.00673011116846507 0.130302026367052 -0.0731407554206794 0.0413235648801789
-0.0474546205209998 0.157993040609028 0.000933863508119634 0.0816662285666689
-0.0860931878821168 0.137823197659581 -0.0842600655284736 -0.0638935340248065
-0.0709469629736135 0.135067258193665 0.0718573371339695 -0.0328923001874459
-0.0118221127826575 0.143912597939834 0.124295533062647 -0.133656002122657
0.0381042236204271 0.132105397674849 0.0727146238326574 -0.186407659766809
0.0776669011367677 0.0894547922627958 -0.0076645273800394 -0.167361777930496
0.0956084295059389 0.0453190157913946 -0.0501204182640317 -0.113526609165179
0.0941999570115677 0.00369152515638701 -0.0527826885486621 -0.0626451907777407
0.0802432287054636 -0.0119572372581369 -0.0487944187337972 -0.0277069675236183
0.0892258436875988 -0.0273317280715674 -0.0341762342927008 0.0170396530727575
0.11265812962729 -0.00071189559403655 -0.0328323683345175 0.0622152777780201
0.110668460213003 0.0361815661393778 -0.0487829222185111 0.101478027990741
0.107528349632993 0.0889685513472824 -0.104879973948388 0.105230574225496
0.0611737901440001 0.130909940892747 -0.13743038488517 0.0555470549784668
-0.0146063895695994 0.161543593610179 -0.0673994131945241 0.00705938137682976
-0.0800615656225069 0.179090318594632 0.0338763572723477 0.0298622077611141
-0.108060312496327 0.137329568649175 -0.0287878219688618 -0.110584417763969
-0.100739736192138 0.156209034589252 0.108996414853581 -0.0695252489710033
-0.0253118993964082 0.185979309810236 0.141984541444249 -0.150575148782818
0.0511394150961233 0.170418147183803 0.0804993584401527 -0.184162248748299
0.0966329926077497 0.107677916486076 0.011194701135119 -0.145554882315203
0.11092333349479 0.0554322018705619 -0.0164794022636868 -0.0975052193743153
0.107909858756074 0.00863629956901248 -0.0140110116797646 -0.0553100799353772
0.0902963454579431 -0.00652504488203572 -0.0107736232149 -0.0263543564397809
0.0960197867151638 -0.0156596425107723 0.00318166348613436 0.0159286910047393
0.114731041080943 0.0148147971889758 0.004003342380362 0.062609790360529
0.10846432745344 0.0530476212411493 -0.0165486774172891 0.109554259183633
0.101516092506544 0.108202572968747 -0.0888953539971799 0.112768114124386
0.046524536783874 0.151102072634606 -0.131816179638327 0.0467006902449443
-0.0428793885797376 0.166570631320703 -0.0594598491687178 -0.024567400147093
-0.107115249532702 0.169451920250581 0.0677324507852136 -0.0177854563379695
-0.11037907020669 0.113608265647605 0.0237269433755289 -0.149968596445064
-0.112694566925836 0.147986440148058 0.132318887327421 -0.106584885934586
-0.035100324623477 0.190493355367387 0.145067109043951 -0.152794663231633
0.0509797270198497 0.175026832145871 0.0864806822978056 -0.163477510590096
0.0957699774676656 0.105999173653757 0.0384250706381866 -0.115004940027658
0.105290176168562 0.0557359480700694 0.0251074770982474 -0.0800790813707248
0.103778767278149 0.0127043966205581 0.0265509835404277 -0.0473303292516283
0.0860542887391596 6.61293009683516E-05 0.0270385769163742 -0.0208509114743631
0.0898357403108244 -0.00143780849224242 0.0391477854186656 0.0220779101028018
0.0999859896437538 0.0313296661268265 0.0361216814883784 0.0702898539057881
0.089192671701941 0.0677725577878245 0.0092273850709874 0.120284942433514
0.0738084322571212 0.119219205631962 -0.0734107853041173 0.116019839844357
0.0146906281373251 0.151879308730189 -0.117998626331643 0.0373775103983139
-0.0757639032956439 0.146394991417788 -0.0430526412727744 -0.0442396602045199
-0.124612340011358 0.131805444902003 0.10182026074493 -0.0516361186665106
-0.0935299631589327 0.0685440596378091 0.0617587000317374 -0.174518030273407
-0.103645637766587 0.110035934158337 0.13582761916277 -0.133870781345762
-0.0373643978094321 0.156102666080989 0.137759090280109 -0.139524115668247
0.0383942518678629 0.143763458461464 0.0912045130569227 -0.130375722536884
0.0735378977389964 0.0841705798490939 0.0675584996738769 -0.0848518686448256
0.0798074580723478 0.0486994588575558 0.0635000815855086 -0.0664767046307616
0.0814186501271065 0.0159276933277554 0.0622450905259311 -0.0403099702603471
0.0690823559517786 0.00618365176562641 0.0597566629491186 -0.0123535597961721
0.0710826025156201 0.0105152206492219 0.0697412802295517 0.0340851033973144
0.0736885147880657 0.0394862961736481 0.0595824080769887 0.0860616310741921
0.0594849746713223 0.0693866910682132 0.0232843425164664 0.13513066914701
0.0396056295486124 0.112689842281352 -0.0617279347623213 0.118855788704624
-0.0193157754610434 0.131945051707644 -0.0980158915920903 0.0323382327928576
-0.0982052722372166 0.104900064639735 -0.0202964014106312 -0.0478946060081291
-0.124259899954502 0.075060434888276 0.134164933075668 -0.0653891596180267
-0.0649933297622038 0.00861210819471113 0.0806778984067316 -0.177515561291055
-0.0821218783182308 0.0521189640997709 0.123898611454654 -0.139185030547386
-0.0355098273200123 0.0933585648413799 0.12962122183115 -0.112639785468102
0.0152797795924344 0.086802715439157 0.100994061901767 -0.0980228025547025
0.03436428925702 0.050040875958335 0.0923561840833865 -0.0660253805817018
0.0380929774843665 0.0363063619163177 0.0908838140825805 -0.0603433046396626
0.0458724136497691 0.0196922488925611 0.0846434282859466 -0.0354819250424668
0.0417276743937059 0.0115493358225069 0.0819532912803778 -0.00189197266190873
0.0423643076666681 0.017256083067636 0.090782786791875 0.049131875106832
0.0417689689100123 0.0337081305955656 0.0713071792727932 0.105781229363363
0.0324028957863193 0.0526787993685383 0.0271862959059076 0.150882418542645
0.0145796469722701 0.0851788742941306 -0.0535847135286712 0.12443509359496
-0.0383571457190132 0.0935009392651827 -0.0771325794837196 0.0392744842590603
-0.0979837096835103 0.0524144688201793 -0.00113527279223295 -0.0343659388242328
-0.101340632748933 0.0124477781397665 0.156178081705558 -0.0613135098937473
0.0443432858403992 0.0328741019164569 -0.161286179867849 0.0726346171539366
0.059327769731058 -0.0144452132719647 -0.0136808808076907 0.0521883827335528
0.0355089012336353 -0.0531181934291009 0.0687332148382667 -0.0433933059482024
-0.00554327484700966 -0.0421185276929931 0.0577545810843801 -0.126904700256331
-0.003298832917028 -0.0256056000982888 -0.0205422651918474 -0.165635247209165
-0.00160079439740198 -0.0220270575141257 -0.0860361928924351 -0.118532879935609
-0.0109709784539416 -0.0181566249091427 -0.107807494711193 -0.0552331888414812
-0.00815831922246639 -0.0172587078985054 -0.107694539445514 -0.00640403885032373
-0.00449422730101674 -0.0268196621975818 -0.0975368053789211 0.0360921619903451
0.0109441529276685 -0.0293196048536677 -0.105479451632568 0.0652140111973006
0.0148691174500182 -0.0225604325585668 -0.110977859720667 0.0746645555992418
0.0216185170238568 -0.0270934572528722 -0.121116658619757 0.078031051006369
0.0377119534414267 -0.027482215861539 -0.129809469982152 0.0856414665469398
0.0541144358654427 0.0126573834536111 -0.0988267686672136 0.0993972806399871
0.0343412552511407 0.0447117940673056 -0.0518580715412174 0.15322332625655
0.00189036584620194 0.0807101445849252 -0.157350273996447 0.0327946904263107
0.020886793879336 0.0377218484897772 -0.00183598314451255 0.024238752908582
0.0226444924751528 0.00697090690749814 0.0714221828494317 -0.0759353160449785
0.00511385603607553 0.0120988582442316 0.0529901665305667 -0.1482957239616
0.0213102638022793 0.0146286735581777 -0.0236325293440234 -0.172012884978325
0.0332208988319928 0.000853080523361359 -0.0845172280506125 -0.12305584817567
0.0281155997465412 -0.0123781889611248 -0.102600478181947 -0.0622965344550563
0.0266879706267289 -0.0182710732686213 -0.101008395197058 -0.0149715790065054
0.0338676771425192 -0.0318718023100861 -0.0870513967746614 0.0308274259268097
0.0564081235190186 -0.0216176827312495 -0.0912360663331493 0.0655633096235419
0.0580404919567933 0.00172982407056883 -0.10017614344933 0.082247597365903
0.0576883240572006 0.0233456166946174 -0.121170955660736 0.0844762032336687
0.0464675096847732 0.0382440836957269 -0.130664017473076 0.0735266230423969
0.030358935333445 0.0764015039346035 -0.0816645759436131 0.0750444259316106
-0.00435883257887706 0.107985678329901 -0.0275944750896031 0.124113911782457
-0.04232165400322 0.116791542862287 -0.130331972886152 -0.0109873646686779
-0.0242555984033608 0.0901056071806787 0.0298333845560767 -0.00375292046710164
0.00722818705577922 0.0754473058994743 0.0904931909339784 -0.10954764656823
0.0218866634253026 0.0721419545195298 0.0547932210707813 -0.171950923932268
0.0499647905370022 0.0537113484833317 -0.0239746126063261 -0.173033870996698
0.0672365446633603 0.0235256248059313 -0.0752292634742564 -0.119751793293994
0.0649492038970457 -0.00554179834562753 -0.0851380643481928 -0.0633103565135106
0.0571214174559545 -0.0171533098229298 -0.0810366220017335 -0.0212841881853947
0.0656598967394676 -0.0337310608590067 -0.0644458964485045 0.0241165432151096
0.0908897251095899 -0.0151834347058334 -0.063423269552104 0.0648473859987032
0.0926857425449287 0.0179354030143322 -0.0744978196641214 0.0940875294259739
0.090948296225239 0.0577582342956377 -0.11179686108528 0.0984081815222966
0.0602291233876629 0.0901580659997971 -0.13269298237125 0.0680891451870712
0.0125873869846858 0.127073918935382 -0.0727907024102976 0.0443280337673911
-0.0393140672690374 0.155428974336149 0.0014243325781973 0.0792789997526625
-0.0792996618939258 0.137391331845389 -0.0858342330499234 -0.0585769179578915
-0.0639581482697927 0.134247268700895 0.0689862474736334 -0.0354617328453387
-0.00555406480295307 0.140724111661434 0.114965301330175 -0.137031597874849
0.0430439851728829 0.128307056993237 0.0617335772568656 -0.18647260113767
0.0802665828968938 0.0845418195969257 -0.0159563085019064 -0.164084372975359
0.0958930690370596 0.0403559856757219 -0.0545898439117555 -0.109743654688844
0.0929411950573124 0.00051598301156986 -0.0550427120388419 -0.0602686002206718
0.0789017484327943 -0.0139779879164059 -0.0494613213348263 -0.0248715071497241
0.0855427349974955 -0.0294670323708375 -0.0324899513598837 0.0182026842509928
0.109974102084505 -0.00562866263460183 -0.0284707549305909 0.0622085644379424
0.110662639940301 0.0312889160848204 -0.0426019498060607 0.102635293506008
0.10932894671726 0.0824430197323026 -0.0968160871065206 0.111283016955612
0.0658227658760098 0.126081703912728 -0.132862168255815 0.0636055610339703
-0.00712083254876344 0.158499435605054 -0.0683465244830911 0.0108017146477403
-0.0698995031230807 0.177967615446945 0.0318541909399069 0.0274536510508355
-0.100718793091494 0.138464328652543 -0.0339763413525087 -0.106315984179233
-0.0924170900460938 0.157751421977542 0.103395815915592 -0.0728280432379748
-0.0164718101262554 0.182562388580063 0.131243239112398 -0.154242070920426
0.058049664709152 0.16469681610241 0.0692623878363281 -0.184838911648543
0.100243065536092 0.101654086186544 0.00361500077006815 -0.143497812784339
0.110986480680479 0.0496947884065463 -0.0205185174381795 -0.0947121986149417
0.106747793358322 0.00503214550576844 -0.0165547712560466 -0.0550576237098495
0.0885904332087045 -0.00883607046258386 -0.012000333783419 -0.024852344778882
0.0930301997362013 -0.0184064906179692 0.00399368424309714 0.0160855697589564
0.112533671782146 0.00979455113912093 0.00806080203523431 0.0616981724775123
0.109295891292502 0.0475720666569682 -0.00986673822918939 0.109712735611503
0.104280767410686 0.101206218086816 -0.0802132472097704 0.117914839014913
0.0526319926236236 0.146647091640154 -0.127878529211647 0.0549035528927653
-0.034755800428364 0.164518177131357 -0.0623549143180922 -0.0190926194844798
-0.0962813551194922 0.169920691173064 0.0630798237589549 -0.0210079954007544
-0.103994786731528 0.11592943583532 0.016035955403372 -0.147131894735037
-0.103375624985654 0.15007433178929 0.124298584248254 -0.110397167145527
-0.0251683857483787 0.188419467282435 0.134698577017488 -0.157512564006382
0.0587620576954977 0.169976534979897 0.0762486013022792 -0.164362747145845
0.099187729943026 0.0999274069515315 0.0316033453216723 -0.114444764018493
0.106230558694303 0.0504533863940849 0.0207257022245477 -0.0795099193677815
0.102138905949477 0.00878999210731168 0.0242095865373287 -0.0486509753106751
0.0841869280583858 -0.00252090178704197 0.026151384571802 -0.0210959120610341
0.0873292276518577 -0.00447878629452939 0.0401436928393418 0.0206448710527271
0.0993021010708565 0.0266519772444211 0.0399110434025809 0.0676500922922963
0.0908637151982378 0.0625921388484377 0.0150090313893418 0.1186577537522
0.0779191930059461 0.113355323401183 -0.0653246192226236 0.120491148550474
0.0215325469813134 0.148821211803671 -0.114584031922266 0.0443100882702825
-0.0676168245769032 0.146483220308888 -0.0474249569326193 -0.039770307693494
-0.115451916605786 0.1343148856162 0.0958311738065446 -0.0548701588887023
-0.0892377571239446 0.072533903377347 0.0529719196880915 -0.17232892422988
-0.0968245135919731 0.113555428419804 0.126411950598528 -0.136434234199022
-0.0291035212169827 0.155544275715601 0.127721817919363 -0.144079757500634
0.0450642657671618 0.139934420715313 0.0829075612812819 -0.13222438356193
0.0762453938730868 0.0801534830891899 0.0623023075204792 -0.0860119269717314
0.0806859048697949 0.044227922940522 0.0592041551313194 -0.0676585355750852
0.0807982401656614 0.0127283575218582 0.0590813559197424 -0.0430748568143872
0.0677694533339948 0.00400249118994712 0.0589205595845372 -0.014171490725853
0.069523693491938 0.00792786537030024 0.0710549629217914 0.0314657497911803
0.0740006960238477 0.0360042970458916 0.063074125220054 0.0823837195475108
0.0620327474307087 0.0660890255449138 0.0299355568658352 0.132260380925186
0.043890620906467 0.107716206380774 -0.0541169525381034 0.122385947940744
-0.0128490733079468 0.130201109107135 -0.0947779551338987 0.0391196954129227
-0.0921862521131255 0.107063021228845 -0.0237765346177358 -0.0440711499243457
-0.117470090164012 0.07978140785249 0.126833201223339 -0.0703524769708371
-0.0636609201632425 0.0119404293156074 0.0725072447135817 -0.17633740100412
-0.0770239265026946 0.056291580936094 0.114632952575206 -0.141843743353287
-0.0294509194139933 0.0936318096036508 0.12188600942426 -0.117487638047041
0.0206078778637138 0.0851466439289922 0.0937689247300426 -0.10149688186124
0.0363318379154631 0.0478757223128136 0.0874963851017538 -0.0695076723109854
0.0396666780498074 0.0338829177594508 0.0861196135759759 -0.0630845494027784
0.0456419853320348 0.0177300566858764 0.0822249353914295 -0.0388689340364726
0.0405620897528354 0.00939174614233123 0.0809293373080884 -0.00479562420503075
0.0417730305144555 0.0148266878649288 0.0914452363250405 0.0453263442836976
0.042289352439751 0.0308456477443706 0.0751603257855883 0.101719042068169
0.0337098204370827 0.0502989365639831 0.0340610096788395 0.147630975542015
0.0183793001025571 0.082087691703499 -0.0462004414701351 0.127020381650914
-0.0326590839210755 0.0935321462645358 -0.0748940576718828 0.0445166635477856
-0.0935486958003027 0.0563977473899598 -0.00382391465284909 -0.0318988313838496
-0.098702737936371 0.0181322114370528 0.149591518563217 -0.0666415239978411
0.0442193048009374 0.0292405953077962 -0.141387660295844 0.0959770180278245
0.0543572777269583 -0.0208917884290423 -0.00187639152968827 0.0519593575474595
0.0259267930567457 -0.0558219969685844 0.0637169657572698 -0.0556437959765133
-0.013450903884939 -0.0401859658590586 0.038833838783917 -0.135686723835924
-0.0103442773162463 -0.0233745578198612 -0.0451326948109725 -0.160464447918155
-0.00586472880272305 -0.0197081441922176 -0.100194064811795 -0.106113458954246
-0.0119464026439917 -0.0147817092538953 -0.113493660306805 -0.0414187787550713
-0.00915704931781264 -0.0143691928839053 -0.105618412593984 0.00745360206500268
-0.00724210000503525 -0.0234749860782903 -0.090248680351084 0.0494881390192255
0.00638532197488107 -0.0285460381547055 -0.0919020265866199 0.0801518657617952
0.0109701173764813 -0.0218022930815662 -0.095008539257655 0.0897180651008401
0.0155295955908004 -0.027585110568485 -0.103958275503156 0.0945796492681454
0.031136158814295 -0.0288230027449305 -0.111390454973765 0.103397477942132
0.0511835869269355 0.005856562616995 -0.0821928070722517 0.11049449534781
0.0377017156082443 0.0407066864719569 -0.0323664122997609 0.152506911679421
0.00829657048387454 0.0773214234366828 -0.14547525364709 0.0600912921523616
0.0240973171562562 0.0329330344636064 0.00246213051990168 0.0248801854979241
0.0203123269188806 0.00187575825322111 0.0588460000332496 -0.0830917066033222
0.00346013117150281 0.0089380491346862 0.0296169811253174 -0.150903809259794
0.0179173481204967 0.0111752173745312 -0.0472365746068435 -0.162801070597314
0.030243419074533 -0.00147781794861476 -0.0979517793759611 -0.108714921491674
0.0257837899595628 -0.0138845802395336 -0.108394982220868 -0.0482442184363801
0.0237049885990426 -0.0189353765769049 -0.100577549982841 -0.000840360284893617
0.0290112611716773 -0.0326647001319141 -0.081326596923088 0.0427697727777151
0.0509859195789013 -0.0264008133802843 -0.0784997478898189 0.0787913087121095
0.0554147271204375 -0.00236319056308914 -0.083856638419146 0.0958236298493144
0.0561856515100659 0.0164864089296449 -0.104263068105013 0.100230854489068
0.0464851282196706 0.0323025170993479 -0.114980820501228 0.0933187996546957
0.0372316370028896 0.0689578030952097 -0.0709464784342082 0.0842546354383297
0.00764169978876953 0.105140827719757 -0.0143743584318502 0.121439991450967
-0.0305895801648412 0.115399346557599 -0.129486961806878 0.0147904685214164
-0.012204649793807 0.086588029294349 0.0265846488851724 -0.00502387225221718
0.0141457617047296 0.0670258413369402 0.0698491372599106 -0.113961494822678
0.0267755915257831 0.0625068437284548 0.0261776842539252 -0.16941055425772
0.049754083178662 0.0445724977463888 -0.0465520093847533 -0.160300769526176
0.065092063942932 0.0160307883849693 -0.0868746208884045 -0.105559646145658
0.0616103857058491 -0.0123478820280191 -0.0897824497189138 -0.0510304968211775
0.05331630245791 -0.0209128222137401 -0.0813696794641538 -0.00962086865588672
0.0589530366550354 -0.0379915432739756 -0.0603038906982857 0.0337053963514236
0.085273383795532 -0.0242160601744171 -0.0514455310035723 0.0748710109902261
0.0904483722803444 0.0095003097035617 -0.0576109897399968 0.103096956681173
0.0922607079329671 0.0464544587593319 -0.0932320710830014 0.11317700824055
0.0646764555615686 0.080342562388683 -0.117992978756335 0.0896184933554927
0.0263378047656742 0.119223331159448 -0.0674888649202806 0.0532125045436773
-0.0198744880179066 0.153677657696804 0.00757880381270109 0.0740579097442519
-0.0627736651126001 0.137871657276545 -0.0966130370300156 -0.0359692109121694
-0.0446869914216296 0.132501262617262 0.0568352983570134 -0.0406943780226597
0.00981935888614168 0.128691240486686 0.0861229118284398 -0.139184552847324
0.0541558156019204 0.111524782578154 0.0292211311647037 -0.180118517070117
0.0825864506471185 0.069862609420834 -0.0353593711460969 -0.150465666593291
0.09457486602997 0.0285694218367029 -0.0632314470561254 -0.0973454440272521
0.0883561939411418 -0.00983899385761988 -0.0584433979452202 -0.0509459953397248
0.0744769956152917 -0.0201080770603939 -0.051181582388144 -0.0171730237543152
0.0788954307030803 -0.0362759439730649 -0.0300105569085964 0.0239594882250357
0.10590625399463 -0.0171298547009773 -0.0184387661305236 0.0671214814868328
0.1093133338461 0.0208384326451223 -0.0250073384596916 0.106430288696236
0.11246783970377 0.0678548808008845 -0.077135673706268 0.122646263312704
0.0736199111530016 0.11346139811045 -0.119776364039214 0.0856870973714875
0.0118976456619515 0.150804166195931 -0.0690437434480895 0.0207732875994216
-0.0471899426149074 0.177845951241142 0.0293039427752969 0.0205040663183709
-0.0834115743150449 0.140068171401776 -0.054419453812057 -0.0892329592311368
-0.0687325927020526 0.157558812963079 0.0828608251796207 -0.0811798259485372
0.00550110658255628 0.169591992004529 0.097534330206637 -0.156927807256287
0.0729773307890623 0.144129845558203 0.0370239025974225 -0.176782894839937
0.1044060620141 0.0829491606985457 -0.0123121102940552 -0.131748952921712
0.110892953053436 0.0354651443220202 -0.0280568175526039 -0.0871343714176445
0.101443983269186 -0.00735275579628387 -0.0191715128170456 -0.0499738281460417
0.0840496704884814 -0.0164659705040909 -0.0143491837626531 -0.0213967453775505
0.0871272099781056 -0.0275718731894374 0.00534948088177738 0.0174753977802182
0.109636813758364 -0.00344574192473188 0.0163081147644297 0.0616775725972354
0.110058099790104 0.0367811393920046 0.00745937722118741 0.108162408079911
0.110588807048631 0.0868541880540894 -0.0593571009220475 0.126594608656689
0.0636084692850908 0.134240792873087 -0.116028835167891 0.0767399576583487
-0.014287014792291 0.160366601210237 -0.0668539197542284 -0.00908628518738078
-0.0734584927101544 0.172564557234898 0.0539775160517317 -0.0292013611401061
-0.0884584106308918 0.118302538808514 -0.0127847929628808 -0.136661471225154
-0.0802225841013961 0.151882592532686 0.096912284254442 -0.120142519201266
-0.00186218045003409 0.17609749822717 0.0994143779686881 -0.159887334180476
0.075169139152792 0.148276865984075 0.0456110575254521 -0.157607405763161
0.103835076740933 0.0816501858959255 0.0192599544221563 -0.107945272885287
0.106754140922015 0.0361200001110519 0.0134289550735374 -0.0775688926417308
0.0982524863584786 -0.00397101533804391 0.0213692532238099 -0.0492026427559806
0.0803929473449399 -0.0103809887356972 0.0234242356340912 -0.0231982854009669
0.0830329260780368 -0.0136682123486658 0.0413402792131252 0.0164629190183012
0.0990918198144224 0.0142865129229419 0.0481471608196566 0.0625124217526174
0.0937707024595053 0.0526054580475772 0.0335538012863967 0.112777504497354
0.0868021939270969 0.10119161533653 -0.0448004523017759 0.126369532977181
0.0349631508310451 0.138884561736346 -0.105639298727121 0.0649854293467671
-0.0473941605027479 0.146738944710871 -0.0543593581921857 -0.0315761661661424
-0.094907001673429 0.140780271452806 0.0818025474117811 -0.0666030155038833
-0.0787621805021489 0.0754716289883863 0.0198311064208698 -0.169094783218587
-0.0779443125390594 0.116794862168468 0.096598537164696 -0.147146955481439
-0.00859034669253925 0.146117939016713 0.0958615332936511 -0.147603921971759
0.0596446434689357 0.122413068576256 0.057607927234517 -0.130341205239617
0.0806409505515513 0.0650336800713473 0.0515992184138089 -0.0865897062573086
0.0821935327754196 0.0323228170630855 0.0515871034289351 -0.071879083922533
0.0779599045520029 0.00205578422393181 0.0557618320425877 -0.0484535843611194
0.0650370574279454 -0.00315930775227793 0.0562886138146648 -0.020496912902707
0.067474436877936 -0.000318079267305741 0.0730973756460513 0.0219450399789907
0.0756208084951758 0.0260943695374524 0.0734532909157459 0.0736848915074029
0.0669291543002112 0.057894950476663 0.0501174507636249 0.124187972043183
0.0538165158755362 0.100010392899847 -0.0331425860737502 0.126220928130611
0.000898667672401271 0.124466453313565 -0.0876273826571098 0.0553494055366065
-0.0745828895292302 0.112606710757967 -0.0320123660953394 -0.0394433080011612
-0.10291028465921 0.0883965792145879 0.110898851525941 -0.0853426402802939
-0.0600897879581822 0.015675240130407 0.0402712941289065 -0.17853516949848
-0.0669363998014587 0.0604661559901961 0.0859385277676921 -0.151967443266036
-0.0163528048570801 0.0886659516897638 0.0959434971739119 -0.126099283656084
0.0300052792572862 0.0745359687601157 0.0736648122402102 -0.106111605260526
0.0393341056172061 0.0391776111222463 0.0765925600532127 -0.0766107565331997
0.0415835258993218 0.0269993730226063 0.0770060678406166 -0.0716418034626651
0.0451294588892148 0.0104397263234296 0.0773927597410295 -0.047475263296068
0.0398603921389341 0.00466269303381618 0.0793529260456551 -0.014786055524425
0.0418134155393466 0.00877681980471138 0.095478254720827 0.0320972705102479
0.0442157710642687 0.0254328260106828 0.0886637697991971 0.089052462102523
0.038395805638596 0.0461274065059413 0.0559129807210756 0.138179651850148
0.0266884318824723 0.0775836883314694 -0.0258167888272722 0.129023820173808
-0.0217282781014429 0.0924601618199243 -0.0665874951330633 0.0561298215144764
-0.082400483356878 0.0652796912680124 -0.00896238431833895 -0.0310337516027946
-0.0915330715951436 0.0278745685654446 0.133927746977245 -0.0843420380612464
0.0433005949521893 0.0295061416207425 -0.142013559559143 0.0897158073919233
0.0541604455124621 -0.0191892135984824 -0.00319281542336785 0.0509803145470368
0.0261489953417849 -0.0547106369151183 0.0646076778616165 -0.053215292643719
-0.0125220417706144 -0.0398964882010453 0.0417699281737767 -0.133228907084442
-0.009774413188399 -0.0235235962123425 -0.0399234496973631 -0.160698608745878
-0.00504733895168924 -0.0201787172097631 -0.0962249872501159 -0.108663858150766
-0.0106971186654936 -0.0147575190765189 -0.111326518828191 -0.0448243483671225
-0.00780017403932104 -0.0142173448789441 -0.105783144198486 0.00381285880349741
-0.00605383150679803 -0.0222809780544869 -0.0909758565246239 0.0455217938693612
0.00706372375056951 -0.0272353448753211 -0.0937191318211777 0.0758850508806147
0.0111431063267761 -0.0206674682655046 -0.0955012443232666 0.0858462187305891
0.0153511807010207 -0.0268307184576723 -0.104779032923178 0.0907490176055341
0.0309987015261936 -0.0272258870512296 -0.112913134013545 0.0993617490726928
0.0503349536051788 0.00663176290226166 -0.0867868410510428 0.106122241762013
0.035388803046051 0.0402457308861001 -0.0388334960776734 0.147980647144398
0.00575373044467546 0.0756130122220749 -0.146061713051436 0.0545996976880735
0.0221713363686399 0.032554432289279 0.00193474666115811 0.0238956357101861
0.0189666381484629 0.00195399699896319 0.0608157867289426 -0.0798471089747589
0.00289664381139069 0.00857326562470405 0.0334277181464796 -0.147893003279651
0.0167790239890631 0.011998639547372 -0.0420791151722195 -0.162979177863777
0.0296470607493319 -0.000661735282192282 -0.0930574681301869 -0.111754742796614
0.0266093259075851 -0.0124437375548558 -0.105508318961318 -0.0516903957512405
0.024787110792289 -0.0169291888540188 -0.100170520972119 -0.00420233049879733
0.0299166793062441 -0.0297289041127034 -0.081977534377445 0.0392876366711418
0.0510181901163177 -0.0238156168454534 -0.0802036302364525 0.0750088115515136
0.0542441822800506 -0.000663167773313817 -0.0847542218493306 0.0923927825042228
0.0536956818520876 0.0184875733300862 -0.10371375108362 0.0965448634096035
0.0448716167555215 0.0337534617685134 -0.116281562022502 0.0901613815774075
0.0342215013387503 0.0679868871531849 -0.0750159019480484 0.0815226871063341
0.00375905498087628 0.102385238389309 -0.0202096283787871 0.118379692221796
-0.0337775848612934 0.11145656023396 -0.128875630215683 0.0112371586810595
-0.015736671393475 0.0847459875383227 0.0259354478698472 -0.00491108314029571
0.0109217633840612 0.0660969673331984 0.0722482279412553 -0.109828947796331
0.0237276500153538 0.0625747952146856 0.0302736512434111 -0.166289398873242
0.0483218195525177 0.0459062539701218 -0.0410882490090616 -0.159894214432095
0.063863583969314 0.0180183525634494 -0.0822079947839855 -0.107752279457952
0.0613271223975368 -0.0094400968666007 -0.0872083238285074 -0.0542862088974538
0.0536095979724158 -0.0177132097300219 -0.0809819221001447 -0.0116552484490861
0.0593860907829935 -0.034399840313356 -0.0608715548058771 0.0310912635517466
0.0847572777553814 -0.0211282296289432 -0.053055568657361 0.0718557576893167
0.0890047218458116 0.0125193424564766 -0.0588387437885504 0.100690983464262
0.0888608682812979 0.0487234434051659 -0.0932933326837299 0.109897385119479
0.0610070548932603 0.0818669046093112 -0.119036984787539 0.0870036439509898
0.022034197354826 0.117295937930412 -0.0710002158280872 0.0517376695365998
-0.0244760780289745 0.149063749291933 0.00238049302267308 0.0730443088441171
-0.0665961934768762 0.133279367114617 -0.0949017325384388 -0.037002296010089
-0.0494478923287225 0.128987784151508 0.0565461860861911 -0.0380175127366632
0.00530267430943697 0.126088956567115 0.0880695119275429 -0.134944500263183
0.0496830298326183 0.112138884085526 0.0336535128658582 -0.176556385587772
0.0799400078944833 0.0718829019766853 -0.0306354909507059 -0.149480764406659
0.093014334780166 0.0309696030217405 -0.0590412107910472 -0.0979839772558183
0.0876778386813525 -0.0059869313717656 -0.0565880472313864 -0.0534236469747285
0.0746744556542389 -0.0161234535404016 -0.0509283634371586 -0.0180782745568219
0.0788474185665235 -0.0317561472575449 -0.0301751731525396 0.0231475324207763
0.104378175386183 -0.0130076088787631 -0.0201147886310735 0.065485971389389
0.107704434414842 0.0244956854419994 -0.0267162387905423 0.104645088250143
0.108694070036144 0.0708952652317415 -0.0769244601932382 0.120519057734803
0.0693347867181734 0.114760418474971 -0.120238450763849 0.0830384713900801
0.00605727011465761 0.147898031067588 -0.0712381977425508 0.0206297896723497
-0.0514906828676821 0.172405784334345 0.0260814365364775 0.0208380087589224
-0.0869533366131142 0.135366157383128 -0.0517172218035535 -0.0877830055628447
-0.0731076897154115 0.152520744129107 0.0837075223283317 -0.0764633673282153
7.91454692843016E-05 0.167066048352606 0.100020231451252 -0.150482249226836
0.0682601532948972 0.144555586360167 0.0402316595450093 -0.172633115173339
0.100785993212427 0.0856636361856369 -0.00882657781445953 -0.130677732164615
0.108813351897254 0.0388166013471338 -0.0245359992626064 -0.0868984606530807
0.100336868167365 -0.00343097512749719 -0.017557331893456 -0.0509754865615215
0.0835528599306647 -0.0125628244702098 -0.0138427317630853 -0.0220241914649592
0.0861797775128528 -0.0226300197656706 0.00561503318164936 0.0171679868435149
0.10833893387583 0.000964631475830814 0.015188450936924 0.0609575995603539
0.107871601006308 0.0395287019095829 0.00540320430040494 0.107154954769191
0.105164658800645 0.0893875103447853 -0.0596795049122311 0.124629046950049
0.0588906618962744 0.133906123638755 -0.116760552431777 0.0754406177064124
-0.0193285598478873 0.15697136667512 -0.0675956769864406 -0.00905404781792698
-0.0774925105190256 0.166373250451422 0.0515362334504389 -0.0270465676159027
-0.0913235878008842 0.11457355845418 -0.00851196949108055 -0.133468007223427
-0.0838478869967516 0.147637264287447 0.0986777291930954 -0.114083061653606
-0.0064355893778505 0.173128960807893 0.101648460977974 -0.153699136697205
0.0708968271262699 0.148917190157432 0.0486874304732664 -0.15394326223903
0.10054130057143 0.0842604515290936 0.0217277560907676 -0.105657924772394
0.105055276826899 0.0390272543601915 0.0160542005177603 -0.0760110479678903
0.0968355229468113 6.50816661205673E-05 0.0224908072184293 -0.0490271079032823
0.0803062033944895 -0.00666704615064693 0.0239915504991 -0.0219574202047018
0.0824234901833966 -0.00989431673690709 0.0412578113409813 0.0172227319982328
0.0969126401519193 0.0179690537773317 0.046674202650077 0.0640444422076742
0.0911689981423135 0.0550657004501818 0.0307916109146427 0.112759345515738
0.0820236649422552 0.102787055602037 -0.0451866790261859 0.124648546090361
0.0303912522229096 0.138186872704187 -0.106850535999013 0.0638422810431798
-0.0516360514885567 0.143135955292024 -0.0541562235136953 -0.0299754764887856
-0.096854784415271 0.134918768713002 0.0806691004696865 -0.0631515337353401
-0.0802869780877958 0.0722636236236512 0.0251634630766013 -0.164620792195184
-0.0801591736169221 0.113333788645849 0.0983910566745204 -0.140314966232345
-0.0121636993266916 0.143630475908138 0.0980475352202482 -0.142746916573464
0.0564851226182344 0.123100474149361 0.0596763006861737 -0.126121936868025
0.0785848581880702 0.0665144147496686 0.0531511540540879 -0.0836876952753504
0.0810058349669737 0.034619756800025 0.0535325748195641 -0.0697395814129143
0.076561420770262 0.00507739145040996 0.0565371717121884 -0.0468984482384455
0.0639997212479988 -0.000414015459067445 0.0568986897881597 -0.0183441903099673
0.0661791406059885 0.00324998370696477 0.0724716239110053 0.0244198674272463
0.0732198244150316 0.0283694686088029 0.0712443479536992 0.074955567344692
0.0641984513382311 0.0590534564696662 0.046048275719065 0.1245602593009
0.0500705396635433 0.0997082186797241 -0.0347561876967301 0.124952447241893
-0.00243758674880176 0.122621080752127 -0.0886692659473584 0.0546304908087137
-0.0772146885193782 0.108784759743388 -0.0311792580890606 -0.0383063056560771
-0.103135994072171 0.0842636634081847 0.110376802261836 -0.0804475024886003
-0.0597717849668744 0.0147211630175315 0.0460657409178465 -0.174124017270434
-0.0669570316154267 0.058519781454944 0.0888042047530759 -0.146403103540304
-0.0176982922055782 0.0873041517873753 0.0982006886205552 -0.121183036626287
0.0284146638755599 0.0745476874719987 0.0749802749880757 -0.102947472307152
0.0381138613373726 0.0399577926103341 0.0775853649317983 -0.0735693534195751
0.0408568952667897 0.0278154448519603 0.0781026887642827 -0.0684152025437288
0.0442023543665514 0.0120153692995186 0.0783184970682937 -0.0453667009331808
0.0384919745015667 0.00594096028075533 0.0795419180989908 -0.0117242938483471
0.040750762050477 0.0104412152927969 0.0938004134395169 0.0355427182400433
0.0426495040113307 0.0263564891765904 0.0854199625279106 0.091705758278989
0.0367913176656664 0.04630558090319 0.0518204340345093 0.138138505470571
0.0243071987916565 0.0770277203206961 -0.0276809498381905 0.128248026242006
-0.0236652465069839 0.089767702276127 -0.0678861781514739 0.0558403237601469
-0.0831188599810644 0.062114821656204 -0.0090785780764407 -0.0292895804572599
-0.0897462701503642 0.025593348270919 0.133572227100447 -0.0792484297159806
0.0439732445932444 0.0309452196090296 -0.150648144442918 0.0852767900497807
0.0567018780569415 -0.0172447614004211 -0.00502756003446608 0.051409538779387
0.0283089469723004 -0.0547455220012605 0.0698624099736762 -0.0515547525572241
-0.0110806649689017 -0.0406381232104533 0.0492501636660052 -0.135260852211039
-0.00908123826031338 -0.0241189569772355 -0.0339304982756272 -0.168107398571326
-0.00466953104000234 -0.020735588640188 -0.0935862101399512 -0.117777143554658
-0.00920682940648312 -0.0153052888712616 -0.11247307569348 -0.0520098604719018
-0.00665372630676744 -0.0145389815522818 -0.109841850198176 -0.00134923375167532
-0.00426057945350973 -0.0219418719985717 -0.0968395352133816 0.0417579251477558
0.00813529532076131 -0.0271439993836983 -0.0992318748053064 0.0739094765762857
0.0119581284618018 -0.020236651112004 -0.101402337914371 0.0841524831528997
0.0159388012490283 -0.0260520802097872 -0.110843285409493 0.0879484631481472
0.0326996663805809 -0.025855594364015 -0.120142642934648 0.097368222023542
0.0504750960406665 0.00872829809869436 -0.0953304979581186 0.105171170357123
0.0333983438073251 0.0425611838244166 -0.0493348045890525 0.149263143396236
0.00262171253814939 0.0762802435865803 -0.153194240755741 0.0491279710571726
0.0204677067025744 0.0341396743093762 0.00151928906148306 0.0247202372727047
0.018390566898878 0.00297217336967552 0.0663338765216157 -0.0789504236374813
0.00244209043454148 0.00984246433458585 0.0406976907415722 -0.150805321772603
0.0171730424488813 0.0134634559166838 -0.0357097030410255 -0.170057119555746
0.0301663145302356 0.00076897975641568 -0.090097696007462 -0.120208076129272
0.0288253218306763 -0.0110896276584464 -0.106360838393658 -0.0587885394331449
0.0270570113879279 -0.0152483758898998 -0.103887910851822 -0.00962504028016444
0.0326464931727961 -0.0278873341465427 -0.0871705284122214 0.035978425870885
0.0533626942416236 -0.0215839989092632 -0.0858021301417022 0.0736540653320501
0.055862161675057 0.00250137148710379 -0.0905830695094954 0.0909398596675667
0.0540008602965481 0.0215875548481883 -0.110271809860654 0.0951750215286246
0.0441817348670154 0.0374978042345882 -0.123553874904864 0.0878135397692583
0.0309355719542156 0.0705129204096078 -0.0824513716741164 0.0810656387832401
-0.00155777291767087 0.104180750684175 -0.0293522702873272 0.119591384316105
-0.0403930301277025 0.111626608715579 -0.133549613639141 0.00574703082431834
-0.0209754399947324 0.0854989054661713 0.026708706061696 -0.003845066191849
0.00727849288689249 0.0678855341820153 0.0784873725235392 -0.10891307044581
0.0215620962305724 0.065978562353738 0.0386516160048243 -0.168861597993105
0.0475520506247316 0.0505117723472416 -0.0351682437847794 -0.167358112484129
0.0644579709547108 0.0214539111981251 -0.0786055203151336 -0.115339732811986
0.0640681735631372 -0.00576663729869423 -0.0872126858994547 -0.0607757672153327
0.0573177064098445 -0.0143502207105303 -0.0836404161284952 -0.0164685770390744
0.0632505820793077 -0.0307190251369869 -0.0649610247630505 0.0288064160189135
0.0879583616024679 -0.0166572152195759 -0.0579862432252757 0.0711977021640791
0.0910848358534947 0.0171811896698072 -0.0641689445533471 0.100370673384695
0.0883119810613762 0.0550117635282177 -0.0994846753677516 0.109783757761988
0.058937883318495 0.0876161771519433 -0.126123541602715 0.0857074450347128
0.0161514608522576 0.120694117146022 -0.0772629654877708 0.0515093543630826
-0.0328298341887903 0.150562133067338 -0.00381286730716479 0.0741304699488181
-0.0756212397322845 0.132603112291733 -0.0961709976600492 -0.0412304852344887
-0.057458786364581 0.129486119625391 0.0600268507716664 -0.0358888541119178
-0.000547542772705325 0.129419938709942 0.095710470911977 -0.133950613334805
0.045906835720413 0.117292815000584 0.0420152599223004 -0.179391131753445
0.0787271994237781 0.0780544271892728 -0.0245834734076134 -0.15515358364102
0.0940088700807703 0.0370863922399985 -0.0554041264977172 -0.104613963788767
0.0907108860203087 -0.00138810252106185 -0.0560191035731752 -0.0584857889152729
0.0785371097436844 -0.0121430413933944 -0.0514769243659554 -0.0213068303937311
0.082389592942947 -0.0270867004323301 -0.032226492329503 0.0213325552619557
0.107773309446664 -0.00816184570653441 -0.0235791113855119 0.0665337200183664
0.109774696470462 0.0306256966942325 -0.0313840338532354 0.106385082041478
0.106664765424775 0.0780325942617265 -0.0819652257937549 0.121129511635101
0.0658926673590389 0.121765699269108 -0.127224532986162 0.0823073587564889
-0.00123219190069108 0.151555444561073 -0.0755316406060071 0.0195287866495179
-0.0614106284131281 0.172643336364461 0.0228215491373056 0.0228199736125369
-0.0961761596103429 0.134321057236875 -0.0490980341099894 -0.0903793347691591
-0.0832182982205626 0.153328532787658 0.0891551640860069 -0.0734875305780574
-0.00752499868651685 0.170584533881148 0.108144948395272 -0.14925693979057
0.0638375855688539 0.15188795619205 0.0484776535384157 -0.174992809172155
0.0996451480505328 0.0930705918170988 -0.00260591042169309 -0.134267376783092
0.109973528198346 0.0451329713267815 -0.0205577651613945 -0.0904021865202305
0.103442538676245 0.00262781838225652 -0.0161006705318033 -0.0548491277952411
0.0872739436503014 -0.00762617025892758 -0.0127194034072764 -0.0234272795004069
0.089878617819056 -0.0177332897916942 0.00500006898405143 0.0179364843608655
0.111160348186097 0.00690327634959081 0.0125422113292298 0.0639401593354
0.109383896465421 0.0462466727133997 0.00158105872207202 0.110662615694092
0.103701669882145 0.0972615704365484 -0.064085613683283 0.126509007456694
0.0542085338354534 0.140850251557457 -0.122979358708148 0.07429647841349
-0.0283888959705985 0.15940414418039 -0.0706327072442617 -0.00967966703246256
-0.0875679092443458 0.165487919606329 0.0518679291281493 -0.0253079117042972
-0.0992538483152181 0.113384351825855 -0.002540528211518 -0.135431952325653
-0.0933508211161714 0.147945200326369 0.106236239118193 -0.110960034452824
-0.0143128572801589 0.176899668514249 0.110498180190627 -0.152416986056524
0.0670114292815339 0.156310944400991 0.0561363835092621 -0.155031791972772
0.0999205297599805 0.0912041060961369 0.0273067037702155 -0.107161144189505
0.106078998636576 0.0449658370840202 0.0209522219036183 -0.0776044028300962
0.0997287200044899 0.00537868264800692 0.0252974876348926 -0.0503943429738613
0.0829830559139195 -0.00220606592961729 0.026101629781348 -0.0217089942407221
0.0848681027567893 -0.00427362327417067 0.0418655752528664 0.0198868712780064
0.0983883256574571 0.0237386044261859 0.0450203223877749 0.0682118132171836
0.0915253340950365 0.0608145055716184 0.0268838799475283 0.117694854436294
0.0790897702191676 0.109492785202071 -0.050321436075455 0.127523830282635
0.0249928321257088 0.143151375134289 -0.111988600135708 0.0631118815880571
-0.0602733669075585 0.143456174453353 -0.0554680479812049 -0.0315036715756713
-0.105731009120255 0.132928164578076 0.0837795899718662 -0.0601150765799748
-0.0857753647196891 0.0707446426273077 0.0349507381991324 -0.165287163753602
-0.0867692295839959 0.113364444512918 0.108165967251203 -0.137371625362444
-0.0184750161584928 0.147073202597626 0.106909515770919 -0.141091082937388
0.0531719607084392 0.129306930876683 0.0664142945050574 -0.126618367407158
0.0779401144041832 0.0725042115155094 0.0586007508002118 -0.0832848273404171
0.0816014185411235 0.0390141926341398 0.0588431781628786 -0.0689219980726439
0.0782219686960416 0.00945409072551751 0.06066308686724 -0.0468883743089024
0.0654272569753892 0.00354089396047133 0.0602948153879994 -0.0164261547744114
0.0678097878058677 0.00688935638486965 0.0744190886510809 0.0285927965640935
0.073975315832285 0.0330616151509977 0.0703690939282794 0.0810076984704264
0.0636158095584466 0.0642237445884574 0.0425162050326964 0.130071053088683
0.0467532604658499 0.104386030370925 -0.0398040248737383 0.128220295446849
-0.00780707749736769 0.125731032075043 -0.0935975620857175 0.0542834623025556
-0.0847159638291048 0.107332220397584 -0.0315330255415028 -0.0381787386674615
-0.109092772879913 0.0813131800318925 0.115917443283011 -0.0769804658004676
-0.061608959055672 0.0135170978746779 0.0572106413439025 -0.174556053797121
-0.0704487129706158 0.0577171566722482 0.0985267076010673 -0.143643032751772
-0.0213793483850197 0.0886956181687158 0.105718277836186 -0.120081425575766
0.0275073690200903 0.0783678327347648 0.0813592514434566 -0.102081264975543
0.0382485824172733 0.0428557427974677 0.0829478735311461 -0.0718110033904566
0.0410404024751788 0.0303724723466767 0.0834249522445037 -0.0669529592310346
0.0442303756113985 0.0146257526978274 0.0828150378083815 -0.0431528295774153
0.0390838026009387 0.00812316318775858 0.0830007339217488 -0.0084737345167983
0.0408702355434444 0.0134023855299119 0.0958999539311785 0.0409899221184784
0.0420631635927888 0.0293987629824562 0.0845557498287692 0.0989599512335191
0.0354048781850151 0.0490468893885375 0.0478118560069754 0.144832847943827
0.0213727728258833 0.079342724928954 -0.0338076339179343 0.131216688516995
-0.0275228563944535 0.0904524369429386 -0.0723659285939894 0.0560470556492793
-0.0876683353391591 0.0600383230697712 -0.00842945488531812 -0.0292834714365132
-0.09240494570308 0.0232750034934818 0.139916050403052 -0.0746157018815232
0.0463675164455277 0.033493091534062 -0.164182925323749 0.0855572306132558
0.0608908592537052 -0.0168922368629077 -0.00640231396148011 0.0547940201737136
0.0308782788970249 -0.0576226991789389 0.0769772044563163 -0.0534488325583039
-0.0109222905848707 -0.043346510356378 0.0573394363365466 -0.143928204409083
-0.00907833074796098 -0.0258416743183667 -0.0314344590500188 -0.182677969992403
-0.00429075058494539 -0.0224354048681023 -0.0968978987556968 -0.131548030819147
-0.00849977427835641 -0.0165723397521563 -0.118757584612158 -0.0599208796785674
-0.00573756178296359 -0.0151272809048556 -0.119080596804499 -0.004953966543328
-0.00279217381590449 -0.0231340049799461 -0.106308574731342 0.0408909581541275
0.00964711439052371 -0.0286192520599647 -0.108975618716017 0.0758377279753693
0.0132096770997224 -0.0211876043292741 -0.111035790156655 0.0859357877218879
0.0180647788504903 -0.027186878496412 -0.12204053390246 0.0902205760323641
0.0358569282035902 -0.0257091030975534 -0.131769287575247 0.100351629262105
0.0530334193621879 0.0102723167058078 -0.10670615865166 0.109211620685811
0.033600392293007 0.0461454148411322 -0.0608983193697025 0.157308790394569
0.000280336965202682 0.0802643250626887 -0.166191736609523 0.0479726574091369
0.0200638348108418 0.0368927679504408 0.000703350335609732 0.0258075327376172
0.0184337358011254 0.0036811478642395 0.0738825098324093 -0.0822567219998277
0.00180256432512359 0.0111533715187213 0.0488976828308077 -0.160308204198172
0.0185081591667592 0.0159101952719091 -0.0334672775849191 -0.184721898105689
0.0327603602776142 0.0018223872269766 -0.09235133853371 -0.133628673367867
0.0319874069319381 -0.0103015580666829 -0.112135126737688 -0.0673583308512972
0.030931543838519 -0.0146029139401773 -0.112072007608176 -0.0136938336745831
0.0367214708710816 -0.0273606710154304 -0.0958210637535431 0.0351715516940165
0.0580833133745316 -0.0205390206695935 -0.0943456717991376 0.0754205942895388
0.0597069666459609 0.00508310372461932 -0.0994928677866098 0.0939770775664237
0.0565934134781995 0.0255742396785494 -0.120319389373909 0.0985365466440549
0.0453872045202156 0.0419966541245366 -0.135161247828899 0.091807760120646
0.0296161465536252 0.075878942460827 -0.093393197823559 0.0848453270561852
-0.00617501057858651 0.110633680260383 -0.038198610774458 0.126047602051724
-0.0473758388808708 0.116448243855059 -0.144197143601597 0.00351539803226734
-0.0266075941246121 0.0904883624127293 0.0285795141178191 -0.00328126616035631
0.0041438879227561 0.072528293250908 0.0874935623586063 -0.113678472497987
0.0206575584426086 0.0713389773465793 0.0466804599002211 -0.179267774929918
0.0497450273736856 0.0558190294521292 -0.0319207815847921 -0.180833184665863
0.0687671032455704 0.025605446241143 -0.0796271476653813 -0.127200691426232
0.0698386865036861 -0.00293761743481395 -0.0917264949742115 -0.0691038487219581
0.0631608980624961 -0.0128869544735399 -0.0901261461833167 -0.0205633088007705
0.0690762670710735 -0.0286778563915281 -0.0707714782934775 0.028746962663657
0.0953001062964483 -0.0140676178950633 -0.0647217240805908 0.0741925682635175
0.0966855672424201 0.0221047097203138 -0.0714517045594361 0.105884850714188
0.092091213328824 0.062975465564269 -0.10782644473788 0.114332841628946
0.0603540138760394 0.0961044330158572 -0.138361583992162 0.0896684142787497
0.0116056624580553 0.128273289012843 -0.0860852086558496 0.0541139404260793
-0.0410589833684311 0.158689245624411 -0.00962507243308494 0.079364339304909
-0.0857738737814525 0.137990152632357 -0.1018383507802 -0.0456088583897495
-0.0671343752700785 0.136600247170167 0.0650605774546298 -0.0357499748111309
-0.00642918606829075 0.138009630597872 0.106952008837673 -0.139452760918191
0.0448459676269394 0.127016801919595 0.0505772748844584 -0.190311322266105
0.0822711863626743 0.086718322446774 -0.021511750573046 -0.168536919630818
0.0995829960589525 0.0429343819695974 -0.0553144315295202 -0.114510651638612
0.0978807765036452 0.00333725880617747 -0.0584549989534488 -0.0661798758446123
0.0853600780340767 -0.00920971541055874 -0.0551125057136517 -0.0245371215617256
0.0898800509721752 -0.024386231060588 -0.0357897487154328 0.0216849762007914
0.116345031637588 -0.0036049344907634 -0.0277042300454086 0.0705078198396017
0.116578438161558 0.0372748353820458 -0.0359419568961318 0.113578313020983
0.111326627084625 0.0887050280353626 -0.0901861172342418 0.128340669302142
0.0664338096341259 0.133228165213963 -0.13893156601306 0.0866820664393643
-0.00790023838140593 0.16137702543231 -0.0832428554346172 0.0208652545791691
-0.0722878428742503 0.181624562095463 0.0208752625885322 0.0253086511472996
-0.108165098924802 0.139664447867512 -0.0495205716289511 -0.0965362840817854
-0.0948821893210291 0.161367855505305 0.0976009865248175 -0.0743499820638891
-0.0144611712275985 0.181634844245821 0.120153449232195 -0.155557438009645
0.0634486256584078 0.164683037547164 0.056917072150566 -0.185436450853341
0.104545720912392 0.103442629561596 0.00150961687721803 -0.144477621318066
0.11668481642894 0.0520381633884162 -0.0181421642802876 -0.0984496627657258
0.111377391434269 0.00738037577329585 -0.0163796826518567 -0.0606239661603215
0.094581916622105 -0.00421450776149498 -0.0136467952156696 -0.0256178874697044
0.097007781141832 -0.013807581865287 0.00488871148281868 0.0191218432704723
0.118829915074413 0.0123748368294222 0.0117494431338962 0.0696129374089876
0.115376921976136 0.0537502855339779 -0.000472951732626369 0.11939716858904
0.106963844721416 0.108468536677969 -0.070511156316971 0.134850300726981
0.053222446421397 0.152733941809716 -0.133876378868349 0.0790736273214774
-0.0369567355143374 0.168591488604193 -0.076491661190581 -0.0106207701813166
-0.0989694203976675 0.173086311173058 0.0540369842238978 -0.0250092301427804
-0.110522325354975 0.117920028524926 0.00290127241522487 -0.142305259328007
-0.105099546680152 0.155466088117477 0.117478640093095 -0.112566975085594
-0.0211522471004187 0.188651651528423 0.123193887880612 -0.158492081559527
0.0670079137850874 0.169971984288655 0.0650898650256878 -0.163394485439059
0.104910989011271 0.101308293692989 0.0328961764216629 -0.113894526034337
0.112483671447892 0.0521127239657464 0.0258754483386903 -0.0826368191767136
0.10615231000075 0.0107261166837923 0.0285931770244284 -0.0543727239821837
0.0891863091512825 0.00125334932545549 0.0284193143208622 -0.0229899784279249
0.0910429792566627 -0.000548356560257705 0.0447698646599662 0.0226611884617305
0.104564901296453 0.0294962885715427 0.0468293871888681 0.0752995854540603
0.0960122575009112 0.0691648868362859 0.0260569353649173 0.127719034144373
0.0805881496580629 0.120357625263584 -0.0551654059691802 0.136413199380734
0.0220362270424799 0.154125371280624 -0.121584144356618 0.0669232767835283
-0.0707938248248743 0.151360871574673 -0.0595017551093904 -0.0327384291098063
-0.117479246720968 0.137642168628496 0.0900131952593907 -0.0613439116342617
-0.0942323635858427 0.0736612408108822 0.0445633961923872 -0.173371729662903
-0.0970086053142182 0.119218356100733 0.120419986265801 -0.140969805875089
-0.023905297035741 0.156305450843575 0.118618935679944 -0.146915604110901
0.0542614572574885 0.140393315575131 0.0749234058693752 -0.133098654410692
0.0819108486920656 0.0802632676531135 0.0661393874296948 -0.0871843550186586
0.0864662580730781 0.0449555832063134 0.0659346356999959 -0.0716502647055014
0.0835083596405792 0.0137581441687847 0.0672227494765524 -0.0490563120630376
0.0700621492409522 0.00665045556411848 0.0651628082813563 -0.0164601581371377
0.0723360989199754 0.010823854479141 0.0792219540076027 0.0335159725923308
0.0773725088912324 0.0387479885493587 0.0732023288071249 0.0903294821264584
0.066254994815679 0.0710441585620399 0.0418658564727056 0.141346850094108
0.046363687499497 0.113839796461392 -0.0447260291662739 0.13733160240087
-0.0125995726806765 0.134011872141988 -0.102010306881605 0.058098520797399
-0.0947259782958828 0.112234043620766 -0.0333242780643958 -0.0400787888956143
-0.119292678408583 0.0835192826336668 0.125214756221572 -0.0782816860106381
-0.0661108378643466 0.0130870698064397 0.0692054424040025 -0.183349694396786
-0.0769843670001231 0.0603152684918341 0.111149386592453 -0.148406241331614
-0.0249785160515223 0.0942081611851569 0.11748277080068 -0.124639837967517
0.0282319025861872 0.0849423464254086 0.0901998922997615 -0.106441976175839
0.039621531643947 0.0480034043957777 0.0920846450367294 -0.0733971468944987
0.043345670650175 0.0338384516504575 0.0922393732883846 -0.0689755537169838
0.0471515090394194 0.0172984358139852 0.0910826061728695 -0.0445157715476272
0.0411681974877539 0.0105459716385287 0.0904912901614984 -0.00664776067259425
0.0431106479544216 0.0159948225640118 0.102504939524374 0.0482886012009249
0.0436785234320837 0.0330579408558431 0.0875675953229882 0.110023812367972
0.0365047236597091 0.0531572422213647 0.0461632053782981 0.156883727035209
0.0202980565373469 0.0854838281730505 -0.0392201921647437 0.140201991473304
-0.0322565613762681 0.0958141964120088 -0.0799202792540051 0.0597874060311045
-0.0962691373987926 0.0615305789015335 -0.00891484168861521 -0.0298312381946972
-0.0985227072568506 0.0223370974320959 0.151919407783144 -0.0747173006655525
0.0507708714262381 0.0346513044214014 -0.179180312573575 0.0958083311776819
0.0662323223640907 -0.0194926046120313 -0.0055714007221975 0.0593415420234408
0.0318944800884027 -0.0629808625571622 0.0858233557595267 -0.0596793348777261
-0.0123403853666135 -0.0465546034183393 0.0616273613785102 -0.159062295447668
-0.00998678610085798 -0.0278821773052401 -0.0373116849474608 -0.201157952435874
-0.00530838823101066 -0.0243731882478299 -0.107883209989494 -0.145219689281929
-0.0081550857450584 -0.0180033098625233 -0.131024600916474 -0.0654664679391959
-0.00563217954738417 -0.0159871695885267 -0.13151358646703 -0.00443379270763187
-0.00242768606349123 -0.0248692322977507 -0.118269337349767 0.0459678975801522
0.0104411480733736 -0.0304585396722991 -0.118911234559568 0.084421501653649
0.0139456356152238 -0.0225974287175115 -0.120368013977685 0.0952251072365758
0.0188663313496638 -0.0290394970572456 -0.132512508495742 0.0999552269465456
0.038870803295551 -0.028367772831501 -0.14334577990302 0.1116137951042
0.0575354918361532 0.0106396178514959 -0.118085304165055 0.120319539497857
0.0365120179258138 0.0500340568861828 -0.0679529760670101 0.172123597164903
0.000747416903394811 0.0859515223689989 -0.18287023618803 0.0546875841675151
0.0213559473597926 0.0399929608859559 0.00172152073204533 0.0279442962274796
0.0192247245153253 0.00390368533518249 0.0809761175200681 -0.0911753623685984
0.00225133784802165 0.0131491488113955 0.0522128656429363 -0.176653803720669
0.0206518289807565 0.0177025455477733 -0.0383055475685619 -0.203645986064183
0.0353514478585332 0.00238323552262449 -0.102934300549082 -0.147635515889133
0.0359247514130344 -0.0108888691412989 -0.124063636953474 -0.0746914803644919
0.0348439971101581 -0.0155078619304092 -0.124685333491728 -0.0138937730508062
0.0415056415937232 -0.0294650957686934 -0.106391149429569 0.0391330128355871
0.0640021609659655 -0.0219813797733811 -0.103298623879552 0.084141849381998
0.0651412202405266 0.00551966111108169 -0.108228311976469 0.104756294586651
0.0614911694210651 0.0287648510076741 -0.130276910097196 0.109233106123147
0.0503543134502681 0.0462838026551272 -0.147636382114018 0.1026999632742
0.0321855598347537 0.0825285837948292 -0.102911404679317 0.0942761663836798
-0.00633025112806673 0.120354352764114 -0.0444212025055945 0.138339237277306
-0.050653110520896 0.12653573246965 -0.158052715347875 0.00620909091971096
-0.0294108226357966 0.0996078036436502 0.0316585186246153 -0.0033067111816708
0.00405586023130619 0.0793021908323476 0.0955461440146883 -0.125066382337508
0.0232512415072484 0.0785319144405145 0.0496049929744598 -0.19731282575251
0.0553355398800481 0.0616746598744528 -0.0368918838794175 -0.199498621317136
0.0753865445327231 0.027655921243979 -0.0884767899362161 -0.140469479614262
0.0772386411845842 -0.00309527978310021 -0.102170242375466 -0.0763853865521928
0.0702167652354648 -0.0134466766424713 -0.100566149130029 -0.021905838165726
0.076644222372484 -0.030816623498266 -0.078361464117781 0.0319336075829742
0.104516683198054 -0.0153302083196964 -0.0702726112810429 0.0825245448362715
0.106257211098867 0.0238775115511523 -0.0768769155228813 0.116536895010194
0.10077070864259 0.0692210057205702 -0.115614528454495 0.127435507551735
0.0670912219582995 0.105420488544603 -0.150757881412695 0.10134430158586
0.0123255000987926 0.140431569743957 -0.0958628864911249 0.061559385633331
-0.0441546962090363 0.173266343034728 -0.0134514774571366 0.0871115934307633
-0.0932023535052943 0.150236274402923 -0.112204404119602 -0.0467427972710017
-0.0737025595213611 0.150620137654723 0.0712693163773519 -0.0388831452540462
-0.00679444391597517 0.151395054901547 0.115468393954902 -0.15278879975103
0.0503552083464727 0.139390685252596 0.0532130785385011 -0.209330602041271
0.0921890061461887 0.094751373441679 -0.0249293793598196 -0.185212422936874
0.109836731962256 0.0464689228206797 -0.0609741156412272 -0.126408355771577
0.108053755622622 0.00391775008560257 -0.0650942286050501 -0.0733638833332015
0.094977961146916 -0.00917903019181633 -0.0619861463995413 -0.0267188656802133
0.099372049056667 -0.0256969350938186 -0.0392245840014737 0.0244266597000758
0.127771017726823 -0.00406912489060096 -0.0291158531312292 0.078076553446293
0.12785697596839 0.0394788045650227 -0.0374565892134552 0.125119253112357
0.122872451025636 0.0975177188611635 -0.0945111627289449 0.141571135307453
0.0739658811082562 0.14596147594796 -0.150796452326271 0.0989516707757749
-0.00893542116071691 0.176804434953356 -0.0925431982632272 0.0257405594206434
-0.0784730223709074 0.198296158931465 0.0198439876074088 0.0276747298383577
-0.11759972919609 0.152966608755344 -0.0541882826182731 -0.102669051780103
-0.102529076549256 0.178364644172543 0.106948389827781 -0.0803292452377471
-0.0146064500263772 0.198826901373374 0.130216231746445 -0.170513198101129
0.0713661353963635 0.179947377033852 0.0596783456471237 -0.202999941463849
0.116008354235052 0.113032238810704 0.000324211905722658 -0.158980242210798
0.1287253312132 0.0565580871568984 -0.0198227146794729 -0.108993209142965
0.122612921119514 0.00831694150413133 -0.0187058016871445 -0.0675802811198826
0.104995778894199 -0.00417586812731473 -0.0160731244639702 -0.0279633725534019
0.107445964495233 -0.0140424718886236 0.00545548394254431 0.0212620143503122
0.131347614918769 0.0131026099755435 0.0143671709292627 0.0765944153670873
0.127180768822736 0.0591540173075559 0.000812482654244155 0.130746375537568
0.118209061771982 0.119794580272455 -0.0732495210038934 0.149163829920102
0.0599325777857069 0.167303770368194 -0.145367719293151 0.0910235124872896
-0.0402096877339296 0.185620018392192 -0.0848027031962551 -0.00854439965876429
-0.107859500847919 0.190431662658516 0.0567126608355741 -0.0270621368008372
-0.120289316342196 0.129677662983312 0.00326056411117642 -0.153206732177798
-0.113955228598879 0.171506907777842 0.128434983649039 -0.121809716271859
-0.0217416293694137 0.206404576156074 0.132921687705034 -0.173725651935562
0.076384391212096 0.186211663136768 0.0685194225125736 -0.179620385640935
0.116865856734302 0.110758569554604 0.0351342279404554 -0.126382334892199
0.125061191919249 0.056168410083528 0.0285332012920644 -0.0916758922577735
0.11752928478899 0.0118787951584177 0.0307924540870125 -0.0613641753965894
0.0982210153240563 0.00201763871729383 0.0308007524648416 -0.0257593462609288
0.100081324747575 0.000529944223910744 0.0498514625784903 0.0244803017490378
0.115724613055517 0.032589832002454 0.0534716902625478 0.0832785669895769
0.106284815019035 0.0749689488985529 0.0305884595694956 0.140643801013342
0.0895920440913536 0.132427026024355 -0.0569121313406942 0.151190394133843
0.0253357833144629 0.168679565802461 -0.132610284827865 0.0785540256830159
-0.0767885326500013 0.166233956916688 -0.0665003368146678 -0.0333294464593288
-0.127579102338624 0.151964165141762 0.0963671171701406 -0.068004900884445
-0.102651501337529 0.0822323619122577 0.0496469825797089 -0.188784088554729
-0.104488527728506 0.131732433501267 0.132278594994236 -0.152925988291764
-0.0241623799688004 0.171396812996311 0.128227789346882 -0.160954075745595
0.0625716076197004 0.153603611173152 0.080243589310243 -0.145898513416477
0.0916866119910128 0.0874439152531784 0.0722172494634844 -0.0966662400326331
0.095677194247774 0.0483261473303904 0.0728157456282146 -0.0799459101699759
0.0922275521847162 0.0149906059883321 0.0728173557103034 -0.0551981420964907
0.0770961472312473 0.00731538160766469 0.0714425480944514 -0.0189494883802217
0.0794191029838948 0.0124837571929565 0.0875426895354192 0.0363834136611278
0.0853977823827933 0.0423358280190147 0.0823754905105258 0.0993902925165344
0.0735117795853804 0.0775339697792092 0.0479652276484957 0.155212281570003
0.0520595294562222 0.124451784479548 -0.0465873920829885 0.152034075603795
-0.0122384895077725 0.146952148776297 -0.111206435699684 0.0677835428100173
-0.103843665852145 0.124360809775623 -0.0375719157772043 -0.0416025583044632
-0.129331600460312 0.0929162792490108 0.13576969799703 -0.0866002034124791
-0.072256795433864 0.0155754736581019 0.0765455548927207 -0.199733580578534
-0.0828241748457648 0.0673365830315835 0.122417865740802 -0.160753277276316
-0.0256104472099977 0.104270896842809 0.127068165457427 -0.136956602241135
0.0334850195555231 0.0925647840787154 0.0974991063388849 -0.117222304432554
0.0448644637961471 0.0518207144925298 0.101369811977118 -0.0824214905206837
0.0484874990626806 0.0361486140059413 0.101161530939889 -0.0765231355397276
0.0516101894439896 0.0189953372576982 0.0995804790057199 -0.0506456762943847
0.0443474918658949 0.0114332027595059 0.10001461054018 -0.00903145066203373
0.0469753094769547 0.017676802068337 0.113452470230226 0.0523658574025199
0.0472772009930158 0.0363673214013616 0.0988391093467276 0.121648754818931
0.039767319339561 0.0583245372797448 0.0525384837172631 0.172554456302498
0.0229082616821382 0.0927034694186909 -0.040524670999865 0.15616062737365
-0.0340756862424814 0.104589662935782 -0.0869731290081336 0.068799328570129
-0.104887137932089 0.0694287156757925 -0.00999986282758263 -0.0314260642733202
-0.106870923863074 0.0261777239973484 0.165011444254622 -0.0836449546190471
0.0461370717832701 0.0485278388529226 -0.20569994198314 0.0709888872109331
0.0732400429659558 -0.0087555510483779 -0.0125666218749436 0.0616421513082984
0.0446159692035044 -0.061555502666326 0.106043310889583 -0.0540707421303066
-0.00761551584487846 -0.0521399380928108 0.0948944577946734 -0.16526031575143
-0.00992784475587979 -0.0310144171456126 -0.0081864303113848 -0.225987560191499
-0.00424136935997153 -0.026582821629202 -0.0929826304318909 -0.178387086809543
-0.00539173538548451 -0.0208432646967611 -0.131654991482583 -0.095843400492704
-0.00221758203202734 -0.0176575588220082 -0.14336117909322 -0.0282799496231708
0.00362108767392491 -0.0270309833083981 -0.137271665529034 0.0307057234286052
0.0165470371233816 -0.0301820445813815 -0.142687661173056 0.0722705231630827
0.0182160216673108 -0.0201382754750645 -0.145656570592893 0.0828494947562524
0.0233079805191032 -0.0270967956895721 -0.160776760848153 0.0858325772069548
0.0450547927453207 -0.021834119249066 -0.174168207601366 0.0972845697871477
0.056403187469001 0.0242469367162396 -0.150747667652903 0.10676831720117
0.0294410911857284 0.0651337199646791 -0.110634131055429 0.166562930460384
-0.0180508065230848 0.0926703633474391 -0.203823439153374 0.0295343819275146
0.0147806845523579 0.0459875048398006 -0.00149242361690501 0.0310980628497397
0.0173126482705541 0.00535691844605657 0.10511532123571 -0.0835599387982911
-0.00299327731255268 0.0126989715744605 0.0875385903418577 -0.18108311151166
0.0140974250538 0.023115993280319 -0.00659807576788077 -0.226631292710398
0.0348687997104202 0.00942478570846776 -0.085263311552473 -0.178685278997683
0.0406604622664368 -0.00464779256235342 -0.121353548723347 -0.103012590442336
0.0411364880124653 -0.00747732323558654 -0.134201580700401 -0.0371549838294375
0.0508898788852533 -0.0226653198314682 -0.123856453427159 0.0266461565457
0.0721294527141601 -0.00973610026214609 -0.126491347724651 0.0756397985140912
0.0677980838159831 0.0222290918503158 -0.135408763555985 0.0937257063327716
0.0582506174144597 0.0436348514560242 -0.162713896626017 0.094782633720414
0.0416214331769781 0.060938571826278 -0.176812903501625 0.0857442596352956
0.014262851103806 0.0964382740630384 -0.129245998789291 0.0785548412244929
-0.0340238132353436 0.132447722622285 -0.074126224844432 0.133358322336424
-0.0816654461451823 0.124275873091728 -0.172217058721684 -0.0150332629104167
-0.049407025205589 0.0984401572501987 0.0338497613856445 0.00504352850366727
-0.0127773352663696 0.081281762360154 0.124128333947943 -0.111456592836317
0.00721347161784806 0.0844502912691979 0.0872951663092049 -0.198918115401189
0.0432429147099463 0.075723863724908 -0.00337933707536553 -0.219603859340398
0.0732040871574937 0.0452939522963502 -0.0697392547028322 -0.167625720000465
0.0829789760152077 0.0115507311612758 -0.0965752871580829 -0.100262483627653
0.0781747224747818 0.00257406400820177 -0.105928371192386 -0.0407321633064634
0.089283672479225 -0.0163223327950029 -0.092772054360155 0.0227862929781695
0.114987233523801 0.00570644845872802 -0.0914864914731766 0.0792394187362921
0.108372895854219 0.0511890003912241 -0.10523419207671 0.112022561358257
0.093030543434333 0.0952878049890651 -0.152149219258671 0.115250535470587
0.0467083047628752 0.128284806661634 -0.180371215273697 0.0833649021297985
-0.0182917394754589 0.153938105301231 -0.114841018420776 0.0437827567687054
-0.0868213207804014 0.182472722951377 -0.027825953235693 0.0828941663768805
-0.131389540383538 0.139847941225118 -0.114351133902832 -0.0621671898142502
-0.105559804212019 0.14284496074474 0.0813526127123432 -0.024069687632461
-0.0378940046074076 0.154450956205339 0.149218146279721 -0.133350724835643
0.0243038314374396 0.153097759905689 0.0934484278160619 -0.205760656597776
0.0755080988163191 0.117809450218617 0.0101017465758849 -0.200662373777141
0.106599450163264 0.0712985321104607 -0.0412227626632731 -0.146440626110894
0.114462874060884 0.0248455869653948 -0.0563390070155527 -0.0895118489343252
0.104045338388738 0.0114299026226443 -0.0626074019469381 -0.0397050193533976
0.11228680315368 -0.00615524281300428 -0.0486361098487952 0.0219510371372571
0.138893510136858 0.0219966194218913 -0.0465527521197452 0.0820042440071986
0.129459531732324 0.0739481155523873 -0.0650737981883179 0.126925253307196
0.111751577118722 0.13064890650534 -0.133994304504209 0.133700961037973
0.0455441238267575 0.172988987866299 -0.179804873966198 0.0795479126242779
-0.0496519718557468 0.187890473676162 -0.103814662006967 0.00511372632641767
-0.129454552536796 0.202393808850182 0.0223052622795716 0.0253231312032021
-0.157498195372081 0.136681138072717 -0.0441681858485015 -0.110009637518141
-0.142185577121134 0.165399158647835 0.125695619762145 -0.0608447882062908
-0.0558314124568762 0.202448849136249 0.167001960875833 -0.146648263198818
0.0397607972423824 0.198520261009347 0.10055881608752 -0.195035105298055
0.0984541905429539 0.140252440163757 0.0349320799887218 -0.166817339014167
0.125456695219496 0.0843550047703007 0.00104117748392412 -0.119545121536749
0.128837641538169 0.0325028255607289 -0.0060297779114721 -0.074310485838669
0.113261952475391 0.0191213609738779 -0.0131357262855347 -0.0332355365871586
0.118214793893174 0.00745601066391481 0.000335329060331041 0.0259052024850386
0.138583276490044 0.0414202767507614 0.00104302060690147 0.0880636856596559
0.124827384267116 0.0938189526594724 -0.0236134180108093 0.138978837060051
0.1025509160112 0.154119046036355 -0.111427300445848 0.143318530756627
0.0254461653444363 0.192713450520821 -0.171965269211841 0.0720811002082813
-0.0843043870954568 0.190637836542916 -0.0885029825373241 -0.0295156053557408
-0.159292860934428 0.186558963932698 0.0743922177082388 -0.0255384232579199
-0.155155118695593 0.1107949946433 0.0268612007696137 -0.15381429245497
-0.152061050378059 0.157129256757474 0.15582495958227 -0.100800665612337
-0.0640099441679281 0.209229365238894 0.170188765076838 -0.148846925540542
0.044494641181435 0.205223948003018 0.105069931670697 -0.166945180313014
0.100196321934995 0.137010167415306 0.0671860299398356 -0.126000298001635
0.121624122500045 0.083622358647859 0.0497319995590628 -0.0925384028962783
0.123274927421795 0.0345954300292976 0.0458520401248355 -0.0587378190960904
0.104953712910106 0.0237801267987938 0.0373915286093948 -0.0226312851578692
0.107550395105464 0.0219166860226486 0.0480458025245719 0.0374628516808596
0.118311065768552 0.0588499190276083 0.0417342234245344 0.101251474596715
0.0986404954305595 0.106694104393064 0.00690094112099956 0.153467730376702
0.0700079884238916 0.16155698105315 -0.0934657554238331 0.147204474294103
-0.0117436397432121 0.186999251524194 -0.154528197234914 0.0602378511291246
-0.119731101408118 0.162717151295457 -0.061932432505947 -0.0515622989619517
-0.172482780947751 0.139783402707526 0.125430706098257 -0.0586641246391709
-0.126617759712497 0.0633645108574517 0.083775747478698 -0.185176363959257
-0.135183138662113 0.116726698147129 0.165781929374878 -0.134482384055768
-0.0592225845901375 0.172263525552972 0.163337797248769 -0.138536064200377
0.0370296809867942 0.169408602460467 0.111424271526082 -0.131730867703956
0.0791050822951214 0.107395047393452 0.100716768069954 -0.0884249778112142
0.093532457935955 0.0688170552032481 0.0947641677918523 -0.0726457124050447
0.0955798352896309 0.0335709952744537 0.0907406287004066 -0.0455945935109866
0.0807685541452237 0.0244786006877026 0.0806893060296524 -0.00832938530569769
0.0827404647184706 0.0303148221847756 0.0879976025648204 0.0557923318253591
0.0838185518624849 0.0631839919196676 0.071933438375848 0.123456452459009
0.0625339956747262 0.102048833535564 0.0239811101374866 0.171760311750457
0.0313990070351095 0.146035835594012 -0.0803790649109337 0.151026533514186
-0.0466099395771968 0.154197548769419 -0.129466367265802 0.0535076378581663
-0.13821507759731 0.112524348803838 -0.028735556760943 -0.0544284802385098
-0.160498566506468 0.0739677327458522 0.170280959519608 -0.0685979891903276
-0.0809761546982944 -0.00106544921768828 0.117605719048303 -0.19552336634884
-0.100468090761665 0.0525437818891025 0.157198915580495 -0.146926938391763
-0.0470158828021234 0.101377055851622 0.158362597882218 -0.11735331166623
0.0187501664358386 0.10043991185974 0.125130672368698 -0.102691667270889
0.0368125838623045 0.0607401609482584 0.126501875326052 -0.0689882475136499
0.0452197367640501 0.0466173273786195 0.124150302208701 -0.0647192285133179
0.0524999722780569 0.0297805075978794 0.118186143905111 -0.0361546535306825
0.045488420891118 0.0220127384984133 0.109570057742201 0.00716228655537487
0.0471307913420227 0.0280805886042586 0.113322928049872 0.077563784358193
0.0443282479807064 0.0489139803788554 0.0859877323824033 0.149176205945125
0.0307034728601268 0.0732879211845463 0.0267059150647323 0.192886929470129
0.00630321782773753 0.105719379025032 -0.0737238643661735 0.15653746229845
-0.0600256676761348 0.103822531938943 -0.103684064906729 0.0591878846508194
-0.126861767673237 0.0531625066861899 -0.000931323064098326 -0.0366425177900754
-0.121035431679749 0.00561706194135426 0.198873305408702 -0.0568639947734053
0.0512995262658346 0.0450693807652049 -0.208278837519685 0.0915353552702957
0.0745505278578519 -0.0151886903307748 -0.00720119404651281 0.0643814344664579
0.0400452716665578 -0.0676991457896177 0.106651807072635 -0.066522569956309
-0.0121790358538369 -0.0534701653171579 0.0855251474345977 -0.180850798775473
-0.0131045391034108 -0.0311261335189871 -0.0284271293327895 -0.23617780861108
-0.0069163293620332 -0.0268787201381218 -0.112454711628765 -0.180162037520628
-0.00605744018711794 -0.0213536448392479 -0.145252361736707 -0.0899813845905203
-0.00246629501582704 -0.0175452789020938 -0.152655006857907 -0.0171494595594799
0.00227530023076693 -0.0281776939024729 -0.142106697716318 0.0439573998598272
0.0151930313372906 -0.0318753493350261 -0.142804533351936 0.0875105889062984
0.0168373435143358 -0.0217046194663128 -0.145060646026878 0.0976073147741592
0.0209387014167179 -0.0302565068392053 -0.160694659371765 0.10306758926837
0.0448933120378349 -0.0264876858386333 -0.172513834034028 0.11635854017846
0.060057283976133 0.0208874213509854 -0.149640336912922 0.122340691067655
0.0359462860758482 0.0643886603112428 -0.104634072463518 0.181696934073239
-0.0125125902304503 0.0960906803518912 -0.20990882949777 0.0486965330428365
0.0180415837982024 0.0460169653258532 0.00168901429826839 0.0318756580727643
0.0173409962934434 0.00497962167996151 0.103327978709259 -0.0965360397725693
-0.00223176642502989 0.013430027117617 0.0762472047048946 -0.196252805493204
0.0170984636706792 0.0231966230481879 -0.027004260013077 -0.236960156183474
0.0364493880839727 0.00751059491020363 -0.104483392940067 -0.181579284988759
0.0430649313204537 -0.00828672770875424 -0.136140062065394 -0.0980504369771033
0.0436563954875487 -0.0107576339647332 -0.144070852790598 -0.0267841631898845
0.0525645382349043 -0.0268162936705333 -0.128636249666307 0.0381775238286459
0.0748673623022101 -0.0157015633028823 -0.12554880860888 0.0892023284258087
0.0721838402876262 0.0184862485260337 -0.133476888002789 0.108796244045371
0.0635258817026037 0.0416081250518115 -0.161022624428704 0.112808096448921
0.0480410648863595 0.0603593553783135 -0.176827465325146 0.105163146426141
0.0214003890204788 0.0984993168343998 -0.128953958131896 0.0931240765770652
-0.0239928709269812 0.139654582428683 -0.0697332323339959 0.143987543389343
-0.0759661867477152 0.133694383226688 -0.180380203927606 8.80599915046987E-05
-0.0445457343260548 0.106164749035032 0.0362805207779493 0.00253870298661592
-0.00752851205228493 0.0854630025865819 0.120364882367161 -0.126806071955046
0.0140561659850183 0.0882328019348306 0.0745602768920285 -0.214039663179396
0.0516143298143294 0.0755285369859125 -0.0224901348348006 -0.229436395974156
0.079681009601919 0.0411452228342015 -0.0867540995740809 -0.171002415262422
0.0881042287969 0.00603984049508422 -0.1093363711392 -0.0971605655123564
0.0837531350997497 -0.00316409636263787 -0.114842835929381 -0.0332020710718826
0.0928190621094075 -0.0236581617859513 -0.0960761510076445 0.0327381133442361
0.121237167265288 -0.00301736788612407 -0.0886025167288383 0.0913787810794651
0.117598357286269 0.0455692732089549 -0.100144785090991 0.125278374413498
0.104712660085261 0.0927287325552699 -0.147907631043054 0.13316287591839
0.0592499157167927 0.129662828394134 -0.179716368304332 0.103981500550046
-0.00876556324103132 0.161424375640897 -0.11682580223533 0.0564319653507236
-0.07515279842627 0.195552339609013 -0.0259048671557859 0.087783038716935
-0.126193259372799 0.15514358278053 -0.123921659651487 -0.0522894427698534
-0.0990013885355663 0.15714189942817 0.0832391478598463 -0.030771757743658
-0.0273523414047861 0.1631883752272 0.14456622744708 -0.150372877529833
0.0384197026025335 0.157476453928637 0.0789457999919664 -0.221619477027019
0.088855828477057 0.116490556065958 -0.00657804091985558 -0.20994027533826
0.116458316234636 0.0659827315009996 -0.0549811455220287 -0.150941575357417
0.12244308051497 0.0172695617780986 -0.0676099425198821 -0.089477426590422
0.110417575308871 0.00440336396290388 -0.070413926497537 -0.0352644101319548
0.117390091226168 -0.0144739073057599 -0.0502440678418528 0.027936881011494
0.146873456130537 0.0124540972053796 -0.0409251003337237 0.0909903234228333
0.140954766830713 0.0672270450759409 -0.0563068924553031 0.137884023764917
0.127509559033664 0.128929031792545 -0.126266434159446 0.150458983359267
0.0614438616934648 0.176115719698154 -0.179013956369667 0.101287358006488
-0.0377852566502726 0.199512156262627 -0.108394316639323 0.0160388448822288
-0.117637628051848 0.220229453732096 0.0217718605054947 0.0246836939065935
-0.153458681997146 0.154481180629568 -0.0531089136466011 -0.108719472827155
-0.134750724619515 0.183910311269508 0.126669508726051 -0.0718525021771413
-0.0412569151915346 0.215198980089676 0.161760066267084 -0.165050305792308
0.0587185216130855 0.203616080115171 0.0867535360572324 -0.21068778876129
0.114909217494594 0.137983788961611 0.0221838538898697 -0.177368534459954
0.138358997553467 0.0779951598068155 -0.00875300590367397 -0.126717723712442
0.138589510725139 0.0240044708013715 -0.0141776394017825 -0.0782083402911034
0.120539537469704 0.0115209789546359 -0.0174204767512781 -0.0329834728156373
0.124610760268302 -0.000617113490932911 0.00173762430789139 0.0279751339110267
0.148293534937136 0.0323460360651268 0.00870705622546604 0.0929693952150172
0.138183158541841 0.0883497180523806 -0.0129574715935629 0.147768547701332
0.119780147908865 0.153239343715402 -0.102495733057384 0.159425210338156
0.0422182791227526 0.198417152297054 -0.17207469841814 0.0930013800512028
-0.0742596586815239 0.205514445884771 -0.0949539944042119 -0.020605478383636
-0.150384856719297 0.206201096163432 0.0726333095505668 -0.0320701882214305
-0.153184216603398 0.127467580631613 0.0178177162916044 -0.160802096859088
-0.145900452298699 0.17610980963992 0.155705126487315 -0.116516977813888
-0.0489172203992147 0.223403340709772 0.164693251508081 -0.167741649914265
0.0648833416031581 0.209723252587511 0.0946321574668578 -0.181664240808315
0.11735431502504 0.134499534296545 0.0591181734092251 -0.136605128360057
0.134092669779217 0.0770569240762612 0.0448088011799165 -0.102033712337833
0.132339981020039 0.0267456249603534 0.0420834296250903 -0.0663715349721576
0.111925708417008 0.0174709196533356 0.0365248329110781 -0.02529031633322
0.114691965059613 0.014908071592272 0.0530615438448335 0.0356793556601368
0.127909569888435 0.0521209579878629 0.0533962844755234 0.103377041002573
0.111971672078786 0.103968810042598 0.0208159890160898 0.160144584093369
0.0869290595130493 0.162871762351136 -0.0833070800718611 0.162690903252175
0.00323442922999123 0.194243328590435 -0.154554017154738 0.0798557126261062
-0.111668333836707 0.179484202003268 -0.0694359668525761 -0.0462114401273667
-0.167129615151023 0.159402313841042 0.123641226514859 -0.0714017837978642
-0.127155745659961 0.0762672463719867 0.0750279855047203 -0.198716864574217
-0.131256926197901 0.1328243624483 0.163449433307108 -0.15135625874275
-0.0471077425125739 0.184144354772032 0.158121562005176 -0.156636295051077
0.0553230064779589 0.17229278338808 0.104029310507679 -0.145764735679449
0.0919116849816194 0.105346000343046 0.0973877799230076 -0.101283195500679
0.103612230278191 0.0640552466637614 0.0938116820691651 -0.0847827202698057
0.103178171708166 0.0271462890574912 0.0906753925197658 -0.0556991001056962
0.0871113659195902 0.0195830232992855 0.0825642378623741 -0.0148137626983086
0.0893241473230738 0.0249554787134326 0.096437259594092 0.0520525480771536
0.0922698936530706 0.0595636514258983 0.0865018401179491 0.124245343996658
0.0740846649721801 0.101274567668512 0.0396643583835192 0.178527968624147
0.0449050036890866 0.149164278560876 -0.0701227479907784 0.165338055230712
-0.0357822575639324 0.164027673827424 -0.129314377436843 0.0695220143422644
-0.135408667829214 0.128920845201847 -0.034211307038692 -0.0523938359688651
-0.159546978712452 0.0902933223076203 0.169649600961247 -0.085750470607234
-0.0841553031132622 0.00629055428441344 0.109977476896346 -0.212519349037887
-0.0991002497727429 0.0637902788428125 0.154634852933941 -0.163654232559579
-0.0395264168027028 0.109772434925058 0.155494850272665 -0.135412816911397
0.0296827883647101 0.102018612630329 0.120973686358431 -0.117112698148789
0.0438161530045927 0.0600756119360449 0.126780916405349 -0.0838884197599384
0.0514884835229684 0.044860812963889 0.124448332237874 -0.0787312238071401
0.0571878962288166 0.0261575231218267 0.120519163699474 -0.0483055931549647
0.0485024945526505 0.0193662500886673 0.114601326995371 -0.00121855844880549
0.0510259626938591 0.0256159918464926 0.12503837950992 0.0716144687701986
0.049321597828279 0.0479975677058224 0.103557463156246 0.150133311963486
0.038506290812751 0.074203497970066 0.044175071064861 0.199303051085361
0.0156297894110443 0.108778836472717 -0.0631024163133797 0.171369020662684
-0.0542892342447811 0.112800480972803 -0.102611124172352 0.0726444627382428
-0.126894302362315 0.0666783398890776 -0.00463392922615441 -0.0364348125451179
-0.123729935780761 0.0168074277212373 0.201304555353048 -0.0755891238503203
0.0536192220472449 0.0399414860599144 -0.202946717118874 0.10501198687634
0.0736641245163745 -0.0204058880336818 -0.00261783418375872 0.0636588952025904
0.0348688600940069 -0.0698714379398725 0.103818758498484 -0.0754022503727622
-0.0159834592827451 -0.0523182118524137 0.0744156451943936 -0.187773513358736
-0.0153438990219242 -0.0294923589799267 -0.0451327573037732 -0.235774630429095
-0.00925067045804836 -0.025806192901572 -0.126565692719648 -0.175997594868036
-0.00686657335428174 -0.0215595691547283 -0.152059478357571 -0.0817525146037219
-0.00229269299141174 -0.0176531839364722 -0.155613375236704 -0.00656022448935421
0.00155568810785663 -0.0282466545305516 -0.140992873400939 0.0550952047010581
0.0129429783794891 -0.0323846332814604 -0.137190444120615 0.097568939079035
0.0155352223160207 -0.0218236139957296 -0.139187661194312 0.106915547631802
0.0191223737730963 -0.0315284590109953 -0.155277968172628 0.11370502523292
0.0431484641144911 -0.029250124996699 -0.164534902788413 0.127758329373556
0.0612473511163871 0.0171249062047741 -0.143549747098353 0.131385400141235
0.0400086289733009 0.0613753001002981 -0.0975167373943882 0.188361844493704
-0.0075023220866156 0.0956656438054831 -0.207412632905186 0.063339500089222
0.0201377018205422 0.0450810038610901 0.00369011513124604 0.0316409555525222
0.0165950864846355 0.00426658980779598 0.0980265817822117 -0.104131847877106
-0.00154729358890279 0.014761230038708 0.0637654813764774 -0.201593706064202
0.0186539230880631 0.0226930856045554 -0.0435475427201899 -0.236669735791811
0.0372372350103961 0.00574607662857082 -0.118485023079722 -0.177185023649669
0.043171875845627 -0.0110518652388596 -0.143603898875367 -0.0906096090151353
0.0450485596819952 -0.0135159248115261 -0.147212876656726 -0.0162366052227051
0.0521411968187251 -0.0301044171160593 -0.12793470568205 0.0487556104853477
0.0744116940761432 -0.0190529212274819 -0.120243148325056 0.0981556715199199
0.0740213210147604 0.0146281168017966 -0.126576623620185 0.118354673879406
0.0660262744108625 0.0382407255250165 -0.15388427364715 0.124167502230463
0.0517076002633303 0.0571056028033979 -0.169587822594636 0.118460949826223
0.0266352177520466 0.0977506557091572 -0.125022518860238 0.101463154519715
-0.0157186440142314 0.14035064613291 -0.0645110788050907 0.148850315484329
-0.0692431353570184 0.137478482354663 -0.180766982351845 0.0133963525527825
-0.0390585264766007 0.109154365777804 0.0360977935928698 2.09738623277636E-06
-0.0031704101815579 0.0868286717446393 0.113183415967572 -0.134525115814774
0.0199224206206048 0.0877282287058213 0.0606417465204087 -0.219378088765421
0.057148984898702 0.0722327680706217 -0.0387300117919434 -0.229381682298222
0.0829024010956116 0.0367913451593283 -0.0991226678592914 -0.16771997370769
0.090199132123924 0.000872775946470544 -0.117068276520759 -0.091548334626473
0.0853701037265829 -0.00756751783549067 -0.11850398078344 -0.0247203549261621
0.0927523817101526 -0.0291173744765556 -0.0952421668247344 0.0407427713657749
0.122623651466087 -0.0100491219301955 -0.0828586844266195 0.0978931634519976
0.121382871710295 0.0393860002445878 -0.092281061157919 0.132850402758856
0.111358830093671 0.0875690027407422 -0.13908408329462 0.143857149931108
0.0673846148758759 0.12595734529275 -0.172887315341603 0.117695158327515
-0.000201678472842352 0.163174624887001 -0.114196428446346 0.0650502428567361
-0.063376591317881 0.199627349144002 -0.0239002232377865 0.0904307350925504
-0.118371110699178 0.162494503928642 -0.126653960269344 -0.0428497778968792
-0.0900043322019582 0.163390927326289 0.0816499445423295 -0.0354662647976263
-0.0180022519324231 0.165361598838378 0.135702429936944 -0.159547574977492
0.0487278723135778 0.155093721651509 0.065022412074977 -0.226443163946368
0.0973536974711115 0.111360152219254 -0.0216472401366747 -0.211209226274418
0.121797233964852 0.0592976467246961 -0.0651485920574248 -0.149828360528663
0.125296656013908 0.0100495343213852 -0.0745841751791066 -0.0861749625201739
0.113031079407355 -0.00153349653525158 -0.0736307454334612 -0.029817830211996
0.118323766201902 -0.0212565051634958 -0.0495422807415668 0.0329064785730961
0.148774865232592 0.00428542526244965 -0.0352455435932445 0.094531226023869
0.14640528489226 0.0594571934671042 -0.0475201900734684 0.142979065551526
0.136476628185229 0.122052609102205 -0.115369063238271 0.160155829219956
0.0727205043294265 0.173087894163651 -0.172141348284941 0.115754249208975
-0.0266992723369425 0.203425565524536 -0.107886796276504 0.0246422312967042
-0.104104929455826 0.226567659915318 0.020698404425679 0.0237644049944113
-0.14540681106206 0.164224120012903 -0.0587623293504372 -0.103484148186865
-0.124113986804144 0.193420934078659 0.123436492829994 -0.0789989632154996
-0.0276321841214199 0.218095811930254 0.15243127134827 -0.174466580500806
0.0727348796299909 0.199826520079752 0.0729890760952093 -0.21473392903629
0.124905466622757 0.131323361151246 0.00872056226112924 -0.180216716169852
0.14397356911566 0.0695642574495705 -0.0170805062195894 -0.127385154726718
0.141812813949418 0.0158201242093213 -0.0201065508946716 -0.078475224296881
0.122811217216567 0.00512454926817314 -0.0204588183438854 -0.0308758238915683
0.126241562992832 -0.00771418306562337 0.00345509906495632 0.0292714947429516
0.151375521459971 0.024088800552968 0.0162854820840405 0.0940478894937601
0.144932649006674 0.0810421864572203 -0.00306635865134138 0.149500204173782
0.131421026930827 0.14681663852999 -0.0904317235817461 0.167819736284553
0.0554453633158422 0.196042678106767 -0.164674436911326 0.107228501466578
-0.0627664845686351 0.210987093098135 -0.096641911525236 -0.0128014534462163
-0.137430629015646 0.214853963851802 0.0680617169857441 -0.0364168116846613
-0.146126644887217 0.137355624266907 0.0100265528824565 -0.160616038418511
-0.135326783595239 0.186084131924285 0.150428741627918 -0.125130867225411
-0.0337915405085847 0.22666721844879 0.154660427041049 -0.177450144776147
0.0801276405910172 0.206018564855956 0.0823283808803152 -0.186515801555141
0.126894749494099 0.127427324354625 0.0498230906797821 -0.14174875554736
0.140798927309824 0.0681789597445326 0.0384519566415815 -0.10628019202467
0.135851360573123 0.0188633505783176 0.0372516813508094 -0.0695589427640472
0.114394768579631 0.0108613177259346 0.0344402685008291 -0.0270072767974049
0.116874410914681 0.00797725767628769 0.0556458790741028 0.0338644845055278
0.132922069057788 0.0455678329167163 0.0615432381246018 0.101046825051768
0.120018320903607 0.0977815267409616 0.031765725149175 0.160322646270808
0.0987826666463641 0.158476207294463 -0.0709494499244112 0.169782045234931
0.0161553574520168 0.194266373591613 -0.148672392274972 0.0924133091263817
-0.101703143794325 0.188090177280715 -0.0727605537411158 -0.0400960635740257
-0.156390568470284 0.169688805325413 0.118024317811425 -0.0792922012512275
-0.122883612785486 0.0853128204725021 0.064995043575548 -0.203038361799481
-0.122928955714275 0.142044971195043 0.157334961319714 -0.160487231655241
-0.0340038629932752 0.18791356154959 0.149133864664641 -0.166219659314195
0.068090986494979 0.168958073818471 0.0947325048466873 -0.151290458645538
0.0999427833389639 0.0997459268669198 0.090712530280498 -0.108028719762451
0.109085906457433 0.0573715485580418 0.0882952033567705 -0.0922017311011629
0.106364940869973 0.0202878965144256 0.0871301242332626 -0.0623752247121012
0.0884636812067276 0.0145162922785152 0.0818035920264946 -0.019402261186792
0.0913570579151351 0.0197117796841041 0.100623521595023 0.0469307474854814
0.0964098091385038 0.0551650726933414 0.0964046970541497 0.12040119791077
0.0818690077998217 0.0969611546278621 0.0516311707633038 0.178044117968558
0.0554539071932144 0.146731321957803 -0.0584087876559536 0.171567614501869
-0.0256886999565075 0.165995135911042 -0.124450496866692 0.0812200008604256
-0.12732896849189 0.138665028270738 -0.0378693692279553 -0.0483587532622146
-0.153118150836092 0.100556489502995 0.163984271643468 -0.0961654512889904
-0.0840012614870864 0.0124722180363119 0.0998767856921691 -0.219232793767555
-0.0948409431458643 0.0707168489242078 0.147877364595352 -0.17255963142796
-0.0319437175643336 0.112634776534709 0.147343182585643 -0.145741928062409
0.0381704411142672 0.0993595872971593 0.113190036079957 -0.124432314987112
0.0485516440388277 0.0569165908100026 0.121943283770788 -0.0927771958545465
0.0550075381091494 0.0413086848343879 0.120591914900133 -0.0880351478491277
0.0597457441552019 0.0224203357325026 0.118446274177079 -0.0574572203724209
0.0495793710063615 0.0166686718222272 0.115050320738623 -0.00844044255837079
0.0531580745852556 0.0225835291384206 0.130876032616628 0.065165731589922
0.0525119683169041 0.0455077176343644 0.115093548308627 0.144336360956513
0.0438372513834089 0.0716957137943161 0.057554892332364 0.198930645779871
0.0232004231683024 0.107695095294485 -0.0511254352760915 0.177545873802405
-0.0471558676116252 0.115985650135745 -0.0977542803388453 0.0818295055976908
-0.122126313864806 0.0757330994693989 -0.00737840831802356 -0.0346424875787638
-0.120609487606219 0.0242087051727423 0.195984406120467 -0.0890675177985586
0.0539435991695853 0.0375409978157288 -0.199457613887927 0.111209776880893
0.0727832579613005 -0.0220814832988952 -0.000790310471790086 0.0624350172299442
0.0312466345790817 -0.069520045648262 0.10168501138934 -0.0800585418125453
-0.0176767379789361 -0.0512276189755258 0.0691743521834545 -0.190686007731141
-0.0161002960123312 -0.0285222325352919 -0.0534884047222798 -0.234767416978759
-0.00986661099166013 -0.0245904430458693 -0.134303137855026 -0.172882347878672
-0.00719151371331996 -0.021864475052972 -0.154665895962767 -0.0781602729728371
-0.0016144754196975 -0.0175451550165472 -0.15613068197855 -0.00107178785938723
0.0014523859780355 -0.0281410536590167 -0.13932805886366 0.0606468932774475
0.0125476731658947 -0.0322201025652661 -0.134098381344641 0.100945582050942
0.0145749919050194 -0.021778398813014 -0.136100484797466 0.110695746391032
0.0170338344090968 -0.0317754920734051 -0.151427235680209 0.119189261655073
0.0411855581356692 -0.0308773805480723 -0.159961603346836 0.132200094883299
0.0615265621577741 0.0156761055038571 -0.140621140346278 0.13391105309319
0.0413863148860971 0.059028996162027 -0.0951061828378447 0.190100118877066
-0.0063131808808377 0.0942897546818061 -0.20500443047997 0.0701377908345547
0.0209316663826095 0.0445317835591107 0.00445503334672539 0.0305693689409093
0.0161170713652257 0.00436594545554042 0.0950822095159456 -0.107671742865707
-0.00117761482597208 0.0150566274268252 0.0583846975548549 -0.203652241052267
0.0196983014528301 0.0224955648689607 -0.0521293583193987 -0.234781273567825
0.0374373433283525 0.0060974469449481 -0.124433753853976 -0.174940783464469
0.0441430099773763 -0.0120672910663718 -0.147389988657293 -0.0869267331161016
0.0458429561512438 -0.014234120024242 -0.148316134426873 -0.0109859920522315
0.0521456798662808 -0.0309993867248239 -0.126773118550679 0.0534879956123878
0.0746976392033062 -0.0211221858239443 -0.117224734647609 0.101790624583288
0.0748402866461043 0.0133452143874635 -0.123236852156064 0.121540477315394
0.0665729602510584 0.0369090513057329 -0.149310526077038 0.129288525639314
0.0525775288014413 0.0554357319733448 -0.164618846235701 0.124035688235069
0.0282247690898927 0.0971643076197336 -0.122255724569764 0.105223575794395
-0.0119700975283543 0.138931817422555 -0.0640305044828504 0.150473632690133
-0.0666825457934769 0.13784795365082 -0.178882546913514 0.0206119530577189
-0.036922425582101 0.110024205799186 0.0364441850851185 -0.00090028976802768
-0.00130945933594634 0.0870075939271056 0.109128675812204 -0.137662799890883
0.0218407575531588 0.0869761841815087 0.0542878448402999 -0.219250999793033
0.0599768926317553 0.0709251815092384 -0.0465411969355795 -0.228105332342008
0.0837988502572286 0.035040291279654 -0.104384918321106 -0.165236884000988
0.0906226568040706 -0.00186432203694589 -0.120757490274899 -0.0885428357681875
0.0863180390552663 -0.0100971379379112 -0.119527244219439 -0.0195868397485014
0.0927733604281143 -0.0309713703648095 -0.0944570696404271 0.0452079281668323
0.122469083519221 -0.0129804390480265 -0.0793581993544191 0.100807201458322
0.122702311305056 0.0367138960035847 -0.0876449582446698 0.135829170115042
0.113229744439542 0.0850995282465511 -0.132828965422476 0.148335425112244
0.070650145843978 0.123886991067084 -0.16745256169783 0.124657453080018
0.0032916324573224 0.162757126948188 -0.112733517495446 0.0692707235841794
-0.0580541592488385 0.199143101222656 -0.0244291990820719 0.0910998803282642
-0.115231037365442 0.164483140913954 -0.126204458890125 -0.0371316586049782
-0.0864448334935788 0.166444912720639 0.0807469438579386 -0.0368906993779245
-0.0134755734286664 0.16544304023347 0.130898345123905 -0.162080185193715
0.0532566922614126 0.153416326010426 0.0577224590074042 -0.226419261847195
0.100323697148635 0.108185938802133 -0.0296460328920727 -0.210492125288457
0.123381562553285 0.0563060073183286 -0.0703964313874646 -0.148568337327328
0.126048414022592 0.00640310720047111 -0.078243243299361 -0.0841260621680975
0.113994057900227 -0.00435601856130756 -0.0746145621027695 -0.0260205018331322
0.118626156012324 -0.0240441069495934 -0.0485103423182068 0.0359599997748186
0.149053242750934 0.000290385068650855 -0.0308455675400431 0.0963348446779871
0.148589371542344 0.0561617927552876 -0.0426536680775148 0.144732876532857
0.139979017034039 0.119189434222062 -0.108458269577749 0.163595856992359
0.0771000228197905 0.17009562985491 -0.166272486560358 0.123698402289456
-0.0221820398502372 0.203934568615542 -0.107365962554744 0.0295233135952054
-0.0976008069557694 0.227345148804168 0.0184390621389497 0.023698256756743
-0.141683494675303 0.167986562004186 -0.0596462306419325 -0.099643924289376
-0.118833329625752 0.196632637772247 0.121614970327506 -0.081191113892933
-0.0216713725760125 0.217874190986141 0.146866299297715 -0.178101401199979
0.0784104119774213 0.196764118648362 0.0664057320622825 -0.214818044661321
0.129142988886591 0.127120879486104 0.00233062428912736 -0.179877503319174
0.14612290480915 0.0659999429697394 -0.0215133561020599 -0.127770773004689
0.14298407839419 0.0112072123675739 -0.0228692654499865 -0.0777810645136465
0.124168300984641 0.00191027180686187 -0.0212264033953374 -0.028557552715029
0.126782585688255 -0.0106417695274811 0.00414915686319995 0.0305892900687329
0.152762758981685 0.0203723051249088 0.0201281707901841 0.0935415807132202
0.148233049541643 0.0772153956643421 0.00219409536623527 0.15052077037818
0.136108013180635 0.14319656206187 -0.0837621002817586 0.170487628207418
0.06031793464445 0.193426479807891 -0.159203592343612 0.114599891055836
-0.0578358216706437 0.213518886750575 -0.0967309209785686 -0.00791236081350218
-0.130562893537867 0.216521967701191 0.0644480883859627 -0.0376385854651059
-0.142706151936673 0.141794505868515 0.00756901264160303 -0.158256908408537
-0.129725031201968 0.190023350534625 0.147859035864606 -0.12747895521643
-0.0273095987347956 0.227208311781506 0.149847526619989 -0.180641123469486
0.0861335827103235 0.20283948015003 0.0763002090586541 -0.186437745499992
0.130915882617465 0.123391777962082 0.0443716501059925 -0.142865529661093
0.142963460187007 0.0642167091164823 0.0348590200459524 -0.108342070053245
0.13684043144292 0.0146584441237601 0.034994960124288 -0.0710287604219382
0.11496724631396 0.00793877047848935 0.0338025246479592 -0.0269529042906101
0.11736317160067 0.00499504417991261 0.0574570943089916 0.033612737036272
0.133977934230647 0.0417191793248722 0.0665458580499067 0.100267828605054
0.122824302361898 0.0944136096373582 0.037449728812312 0.160405359084027
0.103674388486996 0.155582800049476 -0.0640246047745697 0.172288748345335
0.0210353434260514 0.193200034353046 -0.143505817044117 0.0995710489433129
-0.0968890118748688 0.190679173177689 -0.0736141883950138 -0.035909665944657
-0.150555672414199 0.172200532639245 0.113310234698697 -0.0817410029403956
-0.120534088045822 0.0892814304473186 0.0620139722752492 -0.203547291013005
-0.118353016414391 0.145563669375095 0.15447606305165 -0.163884048649219
-0.0278935808960653 0.188345341083994 0.144590305452658 -0.16935957362402
0.0740179801706419 0.165097631700882 0.0896246266464168 -0.152233300339639
0.102823478164255 0.0964620026345583 0.0863391085491213 -0.111095880908036
0.111062756798464 0.053671517156694 0.0854773442172482 -0.0955896232061932
0.107186206693863 0.0170826713229557 0.0850487480886404 -0.0657372847805338
0.0888965859875973 0.0127672110187181 0.0813473906744558 -0.0207342181151277
0.092055908234 0.0170841924223486 0.102454072874726 0.0453064318677431
0.0987494749242444 0.0530081623016241 0.101891835153388 0.117440119136447
0.0848330629640559 0.0943047228289354 0.0575240901571291 0.177259008976464
0.0608104965275617 0.144444019932897 -0.0513294631549499 0.17425337307758
-0.0208999950122964 0.165561054214445 -0.120161427478943 0.0874845110696786
-0.12332642911337 0.142506547824128 -0.0390562388858591 -0.0453693982873371
-0.148161013686243 0.103934818115881 0.159205395616442 -0.101051264455547
-0.0837389779972343 0.015776401462142 0.0955427546320342 -0.221608629093793
-0.0918141669172156 0.0735315306623151 0.144866831238295 -0.175961130612223
-0.0271129535162414 0.113215440306934 0.143666257803226 -0.14905652974396
0.0422549608959992 0.096429739883295 0.109096824570177 -0.126422403462973
0.0508739095873978 0.0553157237999326 0.118323714567439 -0.0969233567273172
0.0566782159842744 0.0393507745781776 0.117268494211972 -0.0922753198275315
0.0604693267073404 0.0200480943958226 0.116895168373397 -0.0612069422726492
0.0496479300751424 0.0153332971489166 0.114590897661212 -0.0111904233596417
0.0531120814370968 0.0206082248801212 0.133780110193401 0.0627755665374379
0.0535622182786111 0.044459907006263 0.121247048460715 0.14132278002415
0.0462100256987584 0.0693090140178295 0.0633543273332966 0.197633936207265
0.0272521411664517 0.10508989892178 -0.0448838922364053 0.179590349740714
-0.0435915080365933 0.116650851551809 -0.0942531877992072 0.0863633687572227
-0.118792279641123 0.0796398021312056 -0.008612543366536 -0.0337722645361319
-0.117956432101327 0.0271092561771708 0.191560512204475 -0.0943731452691288
0.0537373532532211 0.0368897668103296 -0.201919365893691 0.115627255434924
0.0732182490508602 -0.023061130785546 -0.000205861297943261 0.0630171831811483
0.0301569506215122 -0.070133074939144 0.103194149684659 -0.0838573061915398
-0.0189394731521528 -0.0515036091982764 0.0694534600160637 -0.19521247617157
-0.0164101181915653 -0.0280898343263042 -0.0583270324934613 -0.2384448158144
-0.0103147696315986 -0.0242203146698491 -0.140069943435278 -0.17560663785247
-0.00727403365440269 -0.0225526127711115 -0.159056909547315 -0.079056354956675
-0.000556898952258426 -0.0179866827613193 -0.159803990534308 0.000802993336375007
0.00155919542540798 -0.028376902294148 -0.141922647819202 0.064102702070937
0.0127186119134436 -0.0324533380620301 -0.136185625381393 0.104193957639276
0.0149636848526237 -0.0215670566710897 -0.137482292083219 0.114310149467799
0.0162315610617789 -0.0317314340904267 -0.152875338741826 0.123159393660198
0.0414363834098446 -0.0314514125398143 -0.160567775363612 0.135146436214103
0.0623229881313911 0.0157224580194346 -0.144155301117908 0.136301399298066
0.0416923808594624 0.0588731965981691 -0.0990259502473298 0.194588683025075
-0.0070945232888918 0.0951021399007466 -0.207619700876677 0.0743715537573
0.0209610816279719 0.0449274659228649 0.00494887318527476 0.0309448519641935
0.0157364288889958 0.00474177659479278 0.0962910420350378 -0.110961365075162
-0.00161195756929587 0.0153444676022036 0.0581297961782391 -0.208191489433242
0.0207731741168317 0.0236251414067112 -0.0564815543311592 -0.238929389264418
0.0383916114906 0.00681222244016994 -0.129831990998002 -0.177381296090127
0.0453511476104519 -0.0129910003446944 -0.151417394408802 -0.0884175733933068
0.0480473130414888 -0.0148323329693765 -0.151592802153049 -0.00914565502027112
0.0535436578521619 -0.0318136703592412 -0.128799451864364 0.0573975373998013
0.0763777033897458 -0.0213935642695433 -0.118220322847295 0.104911230272712
0.0763396631117071 0.0140243736853617 -0.124318716057655 0.125960671012971
0.0673698381576215 0.0376682047354769 -0.150161500570835 0.133697041903532
0.0537255671631703 0.0560955180160312 -0.165340157962248 0.128458658255403
0.0286975604822734 0.0992166584202755 -0.124927440556371 0.107280002182452
-0.0119803738942854 0.139797808046211 -0.0682710524515096 0.153995871666548
-0.0687039360334964 0.14031668135714 -0.180969702029506 0.0238104594958539
-0.0377062758950495 0.112499011791517 0.0367459807463769 -0.00106892299175948
-0.00146752247980467 0.0882603095387078 0.110311461181505 -0.141599028145871
0.0223006413753733 0.0882690430683662 0.0537175723723196 -0.223685864521292
0.0620472933942593 0.0721700518199788 -0.050426458023643 -0.23181927357382
0.0862503486302355 0.0359005116661473 -0.109585180198402 -0.168583243275137
0.0930599618976717 -0.00241602919632771 -0.124840075515976 -0.0895909187146739
0.0897942699239145 -0.0105812479143335 -0.121628852430588 -0.0178624527429402
0.095451532379441 -0.0318941344520903 -0.0958210734548645 0.0487257175867948
0.126376047020533 -0.0135287043168887 -0.0800453875780253 0.103874136676283
0.126075954918459 0.0373258082268614 -0.0882347779426063 0.140180717748065
0.11597559630507 0.0872620431419878 -0.132963279146581 0.152477729850121
0.0721229281307609 0.125514973447101 -0.168171440050037 0.130034290744599
0.0034799202339371 0.166811116583798 -0.115058257933405 0.0714586116151612
-0.0578867265336339 0.201512766875187 -0.0276679933747432 0.0940194230465066
-0.117334884433386 0.168045473272872 -0.127072501204564 -0.0350853468954462
-0.0876065384233842 0.170130741461793 0.0824765335939856 -0.0372866589275155
-0.0130259424654491 0.168730473585995 0.132244846016165 -0.166300635407272
0.0551011594451513 0.156037728670094 0.0573626924481222 -0.22971132789748
0.103571205831759 0.109557189424017 -0.0338825441503579 -0.213336517519833
0.126755748506441 0.0566863555271414 -0.0743871716866894 -0.151488698324034
0.12933260051069 0.00557333405662231 -0.0810300433306352 -0.0856597746442012
0.117865674238519 -0.00482196154846189 -0.0762482163794986 -0.0245029499679925
0.121698842969849 -0.0251751851744368 -0.0482468027661911 0.0387966166578205
0.153268111831145 -0.000340367886151765 -0.0301335732607823 0.0987341269058856
0.153161905834982 0.0565463952828358 -0.0411461404081346 0.148875431354806
0.143667432907731 0.120687445117074 -0.107049303315155 0.167805639025311
0.0798169779005169 0.172398894605852 -0.166260083103081 0.129494578839942
-0.0230981779759845 0.208448041912651 -0.109378880981472 0.0323692444056544
-0.0982693119511639 0.230129812005155 0.0157954529327377 0.0245741165637323
-0.144064662387022 0.172009570235622 -0.0596449391079637 -0.099259977499106
-0.120136286044356 0.201658849239905 0.12459414032285 -0.0827582822481233
-0.0200140642401968 0.221649571862442 0.148297857524741 -0.181951448229694
0.0817628451049731 0.199578180562899 0.0656016725228878 -0.218133482469014
0.132368227055024 0.128972900880368 -0.000750807690367903 -0.182695935992827
0.150212229023487 0.0664558040018273 -0.0236301711746601 -0.130705686481199
0.14648059312617 0.0106553094067931 -0.0249323340483984 -0.0795487208009754
0.127773123969667 0.00138586794757589 -0.0215466549129052 -0.0280458427871947
0.130215385600944 -0.0118277906709536 0.00556622108948873 0.033180079458663
0.157286496355857 0.0206008073474696 0.0225790741190344 0.0960566721507658
0.15247135999771 0.0779268530359862 0.00466140438471324 0.154908374027432
0.140502124504796 0.145958206626717 -0.0809891829467701 0.175380767131279
0.062088435363232 0.195767567232969 -0.158935216193077 0.120957497784074
-0.0587546393919731 0.218241512361868 -0.0983687438909073 -0.00590964683055883
-0.131662559229164 0.219149017236924 0.063584170709714 -0.0381790429250473
-0.14477749333397 0.146426416246993 0.00880147986456555 -0.160389658146724
-0.131042405919505 0.195286325563594 0.151091770833645 -0.130332696254547
-0.0253802966503079 0.230915668326113 0.150965845916124 -0.184570284567878
0.0906412864044908 0.20448375611255 0.0761760664952112 -0.189237870006104
0.134843075584112 0.124468001625933 0.0426065528187754 -0.145636803997546
0.147004167736575 0.0640747349244921 0.0342087646770716 -0.111258094332063
0.140155365290922 0.0143427849122481 0.034270765976632 -0.0730207954273233
0.118332218977126 0.00798240376935308 0.034580532142388 -0.0270480100371025
0.120009396391776 0.00483813484604345 0.0598539960011642 0.0356640940224778
0.138079634791503 0.0424476362625243 0.0702188682499155 0.101935845303211
0.127530154769321 0.0957054343218305 0.0403380366707588 0.164135318758457
0.107123525560389 0.158009844537529 -0.0609584414734604 0.176746562244517
0.022987533764399 0.195957791281546 -0.143302885513702 0.105790933181933
-0.0980014641997596 0.195544656348845 -0.0749626119068914 -0.0341698313055758
-0.151269535543505 0.174756013846239 0.112969481753704 -0.084078967465083
-0.121740034494302 0.0928386225602302 0.0646051513240732 -0.206338454802416
-0.11880196492583 0.149911728519808 0.158262277283063 -0.167353482788738
-0.0258682756720449 0.191545450924769 0.146228794679644 -0.173015557225391
0.0775318316078637 0.166670086238232 0.0899468417058521 -0.154251876790489
0.106819479161496 0.0966320214851248 0.0864174105923976 -0.113750090128082
0.114053047053274 0.053265663957845 0.0857313620363287 -0.0985821269969031
0.110309941775289 0.0163761123595766 0.0855824798507279 -0.0683574033299583
0.0908840154841541 0.0129892186273259 0.0831183996637022 -0.0214976649269744
0.0938492899725281 0.0170311466652896 0.106483640515519 0.0463242625378618
0.10137161391354 0.0541374322317215 0.106914095326686 0.119071749556143
0.0877854834255583 0.094896638697981 0.0607049214207611 0.18167033481446
0.0635521834694178 0.145843064714437 -0.0489504904935053 0.179224364868195
-0.0199937253670695 0.168370862594699 -0.120239193639148 0.0923999211154783
-0.123583990209452 0.146044398043142 -0.0403968306723483 -0.0448103075843246
-0.149381869814405 0.105240230187919 0.16011000021878 -0.104267956893125
-0.0841699755185599 0.0178352790448631 0.0989541891913819 -0.226275615035457
-0.0918399899964231 0.076177741410606 0.148561454619538 -0.179692629719804
-0.0257061156471373 0.114844046870101 0.145217988512528 -0.152358796519733
0.0452316660074901 0.0963613162509224 0.109753400320092 -0.128619477061412
0.0527231558420216 0.0553855103601104 0.119080039949058 -0.0995643031500755
0.0587746796979972 0.0394637399189446 0.118212690224203 -0.0956798954341258
0.061479908987603 0.0197449589719234 0.119119598462846 -0.0642349587353895
0.0503320944126749 0.0157264222642694 0.117607094756855 -0.0119350857539972
0.0539648316347717 0.0205233511881981 0.138146023667282 0.0632801908410788
0.0550780714209869 0.0455858870913156 0.12690350888573 0.142795973504708
0.0480089123047024 0.0695315784711473 0.0671329409794254 0.202211715352051
0.0286167110200536 0.106175731048063 -0.0428615827935653 0.184966823870508
-0.0437538077187912 0.118574373657028 -0.0946845925539702 0.0902625336710341
-0.119550757969569 0.081893850790503 -0.00915482228824552 -0.033148106975133
-0.118487070440777 0.0280882476212579 0.193333792886333 -0.0983840462582389
0.0690397804744475 0.0133994135180692 -0.137634646267464 0.198204679724914
0.0591907473740015 -0.0537312984753863 0.0282407754257449 0.0561134553034297
-0.00350278081167812 -0.0784096788880908 0.0550171483733106 -0.129476492777187
-0.0427409510119043 -0.0369921738279014 -0.027809402811976 -0.218884186606165
-0.0285745469240677 -0.0146491664362217 -0.168293705891147 -0.195588497928196
-0.0202520040092795 -0.0158462290734875 -0.215082001752794 -0.100113938217122
-0.0165971316048917 -0.0181543754995582 -0.188601132929145 -0.00263268210179177
-0.00672548104235949 -0.0174980352398322 -0.150120083432572 0.0757383864196357
-0.0110286868008575 -0.0282279340456966 -0.102443238776561 0.127575059167731
-0.00150985333125543 -0.0355600479663678 -0.0791410003542444 0.160489551458922
0.00455455554866197 -0.0255049202039179 -0.0759174639667101 0.169234827050661
-0.00174584180298264 -0.034500687573891 -0.0847544353592948 0.185153129922489
0.0229004905143078 -0.0476057966068963 -0.0865872244351914 0.200367012313973
0.0641594958065823 -0.0118514429637673 -0.0772377254946386 0.195845205704935
0.0673839389421762 0.0375516804685068 -0.0150167740876182 0.232543729238522
0.0345238108527509 0.0948858852751175 -0.159958057174082 0.165519585701797
0.0387842771755962 0.033134266984863 0.0199746756705287 0.0265793861940889
0.0142587623610699 -0.00119979481214157 0.0401237867658863 -0.149695409562398
0.0021074324628618 0.0173345827172816 -0.040241479059502 -0.222522971699737
0.0281538324890916 0.0164177093634673 -0.163201488151952 -0.198149402379082
0.0394861136035022 -0.00829648911719015 -0.20470794509123 -0.10759583973572
0.0368859991605035 -0.0318664815360647 -0.183671733179731 -0.014842997856822
0.0422547389711116 -0.0356141009552966 -0.145900400629985 0.063100108722697
0.0378107691839515 -0.0544750167091165 -0.0929092387276571 0.115701288842534
0.0647893260633493 -0.0540159074147648 -0.0602661055211812 0.155286620820353
0.0809447038618751 -0.0189777368107174 -0.0587998481062701 0.177827743639786
0.0792352352634731 0.00846966838551343 -0.0793425973244081 0.198982005487371
0.0737573072837024 0.0314378038037347 -0.097013197445997 0.197411059970919
0.0698291866503006 0.0835183920800305 -0.0767122005192176 0.159369439338018
0.054276093433222 0.142437430951657 -0.00659455985739467 0.176548565187688
-0.00593496822845013 0.163852748993576 -0.156072572990721 0.108914549772909
0.0116285333271077 0.121447627059102 0.0373134844127679 -0.0157893922960132
0.0331658724752124 0.0849874541032437 0.0436999935410395 -0.1811724207933
0.0559340974759888 0.07403240136901 -0.0471744298025777 -0.233317737819389
0.0875787770313455 0.0441977416503618 -0.152109768391391 -0.194325138646901
0.0976333105345914 -0.00195344147891753 -0.179264821738212 -0.109317654743739
0.0873715219845227 -0.0435305180224347 -0.15711699206887 -0.0289042759401201
0.0845276667305722 -0.0495498487239844 -0.122071052639142 0.0415123197126343
0.0773823444445788 -0.0724497964921745 -0.064969932743875 0.0927199637624754
0.115858937719458 -0.0684248201741337 -0.0237136088825429 0.13759733043048
0.139642705204759 -0.0192446082569726 -0.0177154632094389 0.177646031963267
0.147738848873784 0.0326686117683328 -0.0554934013660258 0.214619147072499
0.122421077704917 0.0902258248426479 -0.10038245034426 0.202254761914048
0.0764069958513417 0.15934081924466 -0.0862081964350378 0.120785189858806
0.0393300778581518 0.222878206914051 0.0015022174329192 0.0977417785644435
-0.0413468265674888 0.210952764790001 -0.130827638083123 0.0319164990631294
-0.0117223193230915 0.196153622457347 0.0653453608144095 -0.0689007846630553
0.0551792408963972 0.164007888552266 0.0572612848856341 -0.211734202202925
0.114212389779554 0.122599665050953 -0.0427907892756566 -0.239333510391684
0.14284168427047 0.0603437485841968 -0.124558458943565 -0.185682842515347
0.144563006302487 -0.000757849027444153 -0.136720206694758 -0.109698762525582
0.124780864837939 -0.0516484584057417 -0.112277178451663 -0.045345633358303
0.113900206702657 -0.0565034298181133 -0.0817024490650703 0.0139588467069564
0.10599545669919 -0.0773641710471717 -0.0244888769687851 0.0625073148247104
0.148388827672446 -0.0680123551578145 0.0215748000470264 0.110514350385197
0.17468846539324 -0.0131298230291015 0.0288875595560523 0.166302118240207
0.190435829254979 0.051542888414902 -0.0258111224076378 0.220314619113544
0.150501741394975 0.132410813684472 -0.100061953327106 0.202343934336696
0.0704067463453232 0.211258540801015 -0.0992677329178381 0.0794975510247244
0.0149526824596503 0.269041542944869 0.0119123509908717 0.00978080033918506
-0.0659634708755824 0.225633198876038 -0.0943709579155625 -0.058384381095703
-0.0301598320621966 0.240129230548159 0.0856307995783795 -0.12953009982141
0.070906382683698 0.217873119273927 0.0678448274750697 -0.232336783121101
0.158060868102588 0.150472407608946 -0.0264629778150001 -0.230879019734612
0.177736324583168 0.0652991688454056 -0.0787729057372542 -0.172545138700274
0.170947524997392 -0.00277421983515862 -0.0790700093299414 -0.114046680943042
0.142997250434602 -0.0542836787401608 -0.0551098847796147 -0.0658378302848864
0.125927026618411 -0.0535753627956113 -0.0315574086191248 -0.0146918181997909
0.120214268199493 -0.0682278935341836 0.0237269016249287 0.0317733736436233
0.161132718597111 -0.0507998399005199 0.0695908759115084 0.0836480156046844
0.18389204241396 0.00752747598959483 0.07450509387731 0.151041715168213
0.198600028929613 0.0760658129124995 0.000323302160966736 0.215847015877665
0.144372085545595 0.16347305288273 -0.0975774862675052 0.190355758870868
0.0420810331289476 0.236183517817914 -0.106213372862299 0.0373665094254845
-0.0216622831493398 0.274471432170134 0.0300031317992451 -0.0733028131137773
-0.0780962992044275 0.201657707837387 -0.0572584027460431 -0.147775650268284
-0.0432567058965158 0.239114362333593 0.08972628770742 -0.187321725709734
0.0703758107474334 0.227933421571652 0.0702100581874565 -0.235771043490014
0.168614157976775 0.150268947367517 -0.00278360606140279 -0.208452930676916
0.178084463534941 0.0589551595000172 -0.0209032045740497 -0.158242537005385
0.166170080645902 -0.00433291431561865 -0.0158920878954026 -0.121874208045882
0.138464427043755 -0.0485312709239981 0.00406531167678608 -0.0874489598438931
0.118468904514096 -0.0432402770114933 0.0218261976297347 -0.0402319623366394
0.117724319539877 -0.0484645382082112 0.0755949444880949 0.00814480783955556
0.153136073648885 -0.0207998429003903 0.116489617046419 0.0665817108574561
0.167681514498142 0.034800590842676 0.11122301102698 0.14290024544382
0.172514225133181 0.102311580962101 0.0177850312967796 0.20698459758778
0.106712101357631 0.180009833344997 -0.0902405581139047 0.167605269356984
-0.00550535616430501 0.231984318832017 -0.0953524767984747 -0.00168695443577427
-0.0615745525662815 0.240269158339539 0.0602649348087541 -0.140484117761296
-0.0797292212891284 0.141403050102322 -0.0266164081533354 -0.219026241774682
-0.0503916651819367 0.191973450434376 0.0781513573930877 -0.226648003531697
0.054352449441974 0.190961712645968 0.0687082567830486 -0.223330102081204
0.141183630029222 0.119315271444406 0.0236133028055857 -0.183188527594935
0.139662369705851 0.0446446345026869 0.0334572476845245 -0.14836817992127
0.131143212552677 -0.000580034255775422 0.0380561602133177 -0.133513806633853
0.111377314721549 -0.0332203036247822 0.0538960058810981 -0.106076336687914
0.0935875885955371 -0.0267323525156035 0.0700460357226258 -0.0578631428644756
0.0975787536734415 -0.0249580821144355 0.123970545032836 -0.00372396546622701
0.122413868894941 0.00610634337471873 0.157776154472524 0.0653390619711814
0.128841426487478 0.0523121908778451 0.138033143613994 0.148038086135896
0.125461236450428 0.110655388986707 0.029856040049107 0.200591992568532
0.0542512813564605 0.172642324466404 -0.0750820621090716 0.142685420660109
-0.0518430013012325 0.195400713854186 -0.0656992040540446 -0.0286695207463101
-0.0920334343942329 0.171406939084805 0.100220237592707 -0.179552069565842
-0.0753360813969749 0.0547229177726353 -0.00449014265546513 -0.256395815449274
-0.0565700762760583 0.111535295364135 0.0619706326015801 -0.235858485317144
0.0219984214055589 0.118338125289613 0.0725974491662077 -0.205426596362811
0.0806657143727267 0.0680422639764939 0.0497059346559013 -0.170046411185732
0.0710401265384122 0.0286270015593511 0.0683996017240878 -0.150224071471203
0.0718379455797455 0.00981942609257155 0.0682455234812389 -0.14487352089908
0.066707979729263 -0.0092492569162468 0.0850466643470798 -0.117384854569569
0.0546025421768587 -0.00617449012412247 0.105891683249288 -0.0654800892991925
0.0605249778349226 -0.00312970552872237 0.161447206743103 -0.00302637528569418
0.0747315698368168 0.0193165879372495 0.186640904754037 0.0769895970075607
0.0778780337423564 0.0454404040611482 0.154335148612683 0.163028349490342
0.0743435789427939 0.0884953123389348 0.0390815810657141 0.199072070814922
0.00947772093066874 0.134793893224329 -0.0510625077578095 0.127477067383046
-0.0756618433080724 0.131823748654961 -0.0282597599852205 -0.0317738107248825
-0.0993019096190719 0.0823172352605235 0.139015189627085 -0.186792628044195
0.0725335912913689 0.0111201233403703 -0.13675913781315 0.216097663590043
0.0602189748065949 -0.0592943056150218 0.0317324847025621 0.0581237840272069
-0.00699372130230609 -0.0817522391981011 0.0523363074424596 -0.140603571220341
-0.0466151993759303 -0.0365664578332731 -0.0385271466577168 -0.231877046451019
-0.0302474495656704 -0.0148420622960253 -0.186179403964517 -0.200883463822182
-0.0213295809795546 -0.0156881344585266 -0.233951097630039 -0.0971874442650358
-0.0183510494527364 -0.0187256888671218 -0.201453388786973 0.00423951383403467
-0.00747904724489804 -0.0195571517445344 -0.156287712103823 0.0873891011377363
-0.0125813978948855 -0.0295948143921925 -0.103515170957982 0.140010138257245
-0.00257459440091645 -0.0377168546967616 -0.077705265654622 0.173772764819903
0.00435534932718763 -0.0265453096286262 -0.0741284333873253 0.18273879626434
-0.00348484198453287 -0.0354536417714289 -0.0817467570279876 0.199543773578898
0.0212236171940597 -0.0506807365234509 -0.083271124370737 0.213873408896465
0.0676245949500206 -0.0150883179006466 -0.0765533703354967 0.210276502373245
0.0712367516454294 0.036510429475806 -0.00902885129841866 0.249321131572097
0.0390663840513947 0.0990464136235281 -0.161668669854642 0.182879049118789
0.0421267797163313 0.0334822001473096 0.0217652243646318 0.0275554574598862
0.0147557722838427 -0.000868567266510566 0.0365087384040564 -0.160042303298669
0.00264788751142806 0.0188990166330286 -0.0508905452972157 -0.2348038808261
0.0312437500312561 0.016156802174048 -0.181612442147155 -0.202818066805759
0.0425619345919563 -0.0100511633662056 -0.22327518643309 -0.105473832601302
0.0383255136658994 -0.0357238954617947 -0.196459856885212 -0.00857678445531393
0.04423298605688 -0.0404205020815949 -0.151845515955163 0.073517488179545
0.0383779253896167 -0.0589802166468663 -0.0928023907393169 0.1277818176287
0.0674404275264649 -0.0602686382303119 -0.0582608755514697 0.167253645903294
0.0857497236317289 -0.0225118861931104 -0.0546974726598895 0.191253742190084
0.0842253983637999 0.00696086347949377 -0.0753914663263447 0.214621472478675
0.078160251602358 0.0307490610904101 -0.0928036398083595 0.213541398384995
0.0768029210456473 0.0864123475017589 -0.076373620896024 0.172557940235711
0.0612774824470465 0.148131503008663 -0.0030308059920209 0.190299504560996
-0.00107367441517778 0.173988184211952 -0.159044571109105 0.122801600260889
0.0162485554740095 0.128121814829494 0.0389771279937966 -0.0176002678460875
0.0383034746608705 0.0882487318589243 0.039511449512551 -0.194007053308381
0.0617386551635122 0.0772402005370283 -0.0586490910435782 -0.245157621614894
0.0951725808029208 0.0429582578974623 -0.169187199693469 -0.1985528666926
0.104446806540116 -0.00597438633024121 -0.19602390477019 -0.108571033314037
0.0910640770595821 -0.0500012980913912 -0.168794379858728 -0.023970872736139
0.0890423145419479 -0.0567935742131182 -0.1269101558768 0.0494885783440234
0.0807137994369617 -0.079904134023918 -0.0634054096053314 0.102384022611562
0.121642619906397 -0.0779577118147091 -0.0190083889580953 0.146732015629835
0.148676829747566 -0.0250725556001304 -0.0109663886255835 0.189758790758517
0.158567381670089 0.0292014305286122 -0.0486211623291149 0.22969132693046
0.132566643088052 0.0914342560734498 -0.0956350691397586 0.218725357250363
0.0866385266032541 0.167526499442465 -0.086872447520348 0.132489515729619
0.0486998533819965 0.233620537430775 0.00314369667468098 0.1065695281417
-0.0366619568745888 0.225371795003185 -0.134589067059903 0.0403770552606555
-0.00610222943144667 0.208626713214074 0.0673622468961026 -0.0748757712947316
0.0646273277701457 0.17177181273607 0.0530450724707301 -0.226471737366785
0.125981478538815 0.125196646186228 -0.0539080160079172 -0.25080495645774
0.153923902942625 0.058153011975132 -0.14023024238173 -0.189835542643703
0.155034786620749 -0.00638106066713938 -0.150012363535792 -0.111165607556809
0.131294529953515 -0.0600498432111415 -0.121622160597207 -0.0434722429153328
0.120442782483051 -0.0645019541210929 -0.0852070934347153 0.0183533685958395
0.110814807275772 -0.0862004086948061 -0.0215787553951904 0.0684063889776449
0.156380605752405 -0.0788853282549545 0.0276974165698069 0.116510484649541
0.185824557865522 -0.0201577022668952 0.0391692161371548 0.175727327380394
0.204950188852726 0.0476413043039078 -0.0165337828496191 0.233532825212138
0.163715392648638 0.134849771798256 -0.0947931399560578 0.219136533538299
0.0818734703559817 0.222867260897927 -0.102398107407601 0.0895813408339435
0.0244182522680061 0.283510600714209 0.0106878945014587 0.012381454941523
-0.0618681415548104 0.242384160267633 -0.09996194781151 -0.0576030983928554
-0.0231234976515464 0.256147628411936 0.0872983865698733 -0.140622895053429
0.0834539586228448 0.227156679463239 0.0635029744572712 -0.248223869130758
0.173095059283947 0.152710218946856 -0.0362383307088305 -0.242822216119412
0.191476557827013 0.061592630513064 -0.0914651040557493 -0.178263966697742
0.182254864025752 -0.0106964707220267 -0.0890620808346158 -0.11688633595723
0.150496101146061 -0.0641923707905224 -0.0617711822596917 -0.067040141862102
0.132849549360373 -0.0622679590535053 -0.0323917396205213 -0.0143024656835414
0.125662173051983 -0.0769159060250827 0.0288913373252349 0.0332408883350026
0.170723458599691 -0.0611090630417529 0.0780402804957139 0.0855260543694389
0.196304847765306 0.000329619960823646 0.0868963371980599 0.157912374631324
0.214466115001813 0.072746833213263 0.0106173359345876 0.227988647186752
0.158590993047951 0.16770678446882 -0.0917909890128843 0.207214457702907
0.0527633325951963 0.25067975995555 -0.11062416579672 0.0455082127317173
-0.0132654142704173 0.289785610552583 0.0270022959509885 -0.077397880761827
-0.074885602842187 0.217618895222408 -0.063874120084652 -0.154068068580522
-0.0366841901414198 0.254988587022078 0.089005078593404 -0.201769676170219
0.0840686294974671 0.238287346322742 0.0656771264406747 -0.252129314965712
0.184817886490299 0.15178015772568 -0.0104369420391873 -0.219741983074226
0.191755209809587 0.0549819613490179 -0.0285855210813858 -0.165733944373614
0.177472938660307 -0.0113729729529842 -0.0214427299653964 -0.127819560592073
0.145524589092787 -0.0578489219509406 2.00097140752936E-05 -0.0929466163318334
0.125681868804049 -0.0503943408333245 0.0224288581105 -0.0431785429082224
0.123432746019586 -0.0560192357741291 0.0826197510292831 0.00602566783927148
0.163279088886125 -0.0288727095417162 0.127744479049422 0.0654080095356534
0.179693446161707 0.0304449737739211 0.126069806668326 0.14810266289478
0.188585093170553 0.101246802452488 0.0294119544276355 0.21816097885664
0.120003324129564 0.186989008864377 -0.0861705891097065 0.182715052290149
0.00234446378879449 0.247080101768854 -0.101204538615788 0.00344624736514121
-0.0570707772539426 0.255751698709805 0.0563890090152923 -0.149811676088987
-0.0777112467430028 0.153759063241352 -0.0341837985562961 -0.231587020665396
-0.0455013162991022 0.20557757610874 0.0753330485613136 -0.244252456077932
0.0655036850840286 0.199521607971485 0.0644208224662433 -0.239122998757245
0.154296145505992 0.119372800595148 0.0185266283824171 -0.193845922058274
0.150559661069644 0.0410812448931248 0.0290733710847669 -0.157841888819343
0.13914683352597 -0.00636608879944035 0.0349410487218693 -0.142885583154315
0.116296381294498 -0.0400584990193607 0.0526482948706093 -0.114985383940945
0.0988653639030448 -0.0312491568384822 0.0729247810108548 -0.0644947207048403
0.102835970962523 -0.0298797464915706 0.13350181403302 -0.00898561937672521
0.131491723250263 0.00129682422607912 0.171397030454884 0.062406580678278
0.139146933971991 0.0499643339634851 0.154422250355858 0.152610612704263
0.137417619249998 0.111669634860829 0.0410896210393715 0.210894610218249
0.0639181529892523 0.18098377774092 -0.0714708288568557 0.154685908708139
-0.04754682227543 0.209639445658012 -0.0702834449295665 -0.0259606557334142
-0.0912386342649796 0.183669618423904 0.0975787269798267 -0.193825418983103
-0.0762729052568823 0.0610031578870977 -0.0121308846688115 -0.273440966924568
-0.0545111031583155 0.120779058184095 0.0588961784180792 -0.253439881269751
0.0289671912773754 0.123726810347805 0.0692223391128681 -0.220068730541574
0.0884738244145709 0.0670495480638836 0.0466573187974135 -0.18156937171083
0.0768388451376514 0.0262417579686737 0.0666428826784175 -0.161563739139024
0.0764965090184584 0.00676863257734385 0.0668678322187135 -0.156241387855783
0.0697337457910864 -0.0124234242068637 0.0850602526672063 -0.12847944552792
0.058263582771117 -0.00752694895310171 0.110757429411391 -0.0740477290712679
0.0635420761106148 -0.00525999346335143 0.172987872719269 -0.0106884612303948
0.0804288125589253 0.0172156453201546 0.202405654093679 0.0737537771118243
0.0838342700230301 0.0443409023988356 0.171654899058784 0.167337283005839
0.0820099281221781 0.0899364983918099 0.0511071593412673 0.209579212859397
0.0160037803450753 0.142642705786399 -0.0479341061841181 0.138131855739656
-0.0746897324718698 0.142207803084976 -0.0306859909930707 -0.0314256943264208
-0.101737148727974 0.0898964558700569 0.138763914720918 -0.203377401798613
0.0747457182813658 0.00622055004754842 -0.126677309032013 0.234999573336256
0.0585390416044885 -0.0666336458207545 0.0370626512639382 0.0581542964842183
-0.0132654980956088 -0.0838620040299603 0.044717176213662 -0.150943260911742
-0.0513338576029808 -0.0342996884808149 -0.0561276607294085 -0.240656820891395
-0.0325932113389202 -0.0135425661578866 -0.208866212556284 -0.19567309292431
-0.022471440011253 -0.0148119303198121 -0.253042389635423 -0.0847564758183452
-0.0207961563965863 -0.0178721806783518 -0.211871410806992 0.0186078671714937
-0.00912040383448336 -0.0205497232015155 -0.157284521415293 0.102564934041045
-0.0144024688038694 -0.0302228248412148 -0.097473381207482 0.154068405732511
-0.00516947032814456 -0.0394205052194762 -0.0694842985053153 0.187494466091645
0.0030684761028369 -0.0269840797754448 -0.0652436091967612 0.195712682042554
-0.00667544728380095 -0.0355668263616218 -0.070441923288443 0.213858533364931
0.0182148205837374 -0.0535770642346442 -0.0717347465057873 0.227984086157535
0.0698208468478836 -0.0201867723702542 -0.0676860872151491 0.225056347417688
0.0748567343941282 0.0330958627360766 0.00516756307570702 0.264208913672505
0.0459156585263876 0.100665513276238 -0.154375806697128 0.202411988511701
0.0456707493626398 0.032612432665299 0.024843531006666 0.0273335604933864
0.0153202950323038 -0.00149906955931108 0.0271519316729717 -0.170270793166387
0.00400064406489702 0.0206534778724459 -0.0683676996381676 -0.242684867431122
0.0339778416547093 0.0145841441523827 -0.20382914553684 -0.19793646652247
0.0446183174815298 -0.0136166672157591 -0.241263361328483 -0.094468799012312
0.0378410652380951 -0.0398661820886393 -0.207102895010396 0.00495390481081697
0.0447433406886375 -0.0465440880556123 -0.15389482551044 0.0879350246302171
0.0370687571635458 -0.0645196076759873 -0.0869344067513433 0.140733004851718
0.0672458978523188 -0.0681331617151065 -0.0492035876441437 0.17940187157352
0.088926592350689 -0.0289511456026941 -0.0436976500196678 0.204335557282759
0.0889549610458223 0.00287988425490571 -0.0630637079130649 0.228938306457215
0.0825823604470925 0.028106018138296 -0.0809242633448869 0.228550255575613
0.0853730125877392 0.086239682400927 -0.0693724252516905 0.18623141386971
0.0721540511299414 0.149586333043312 0.00766280608294684 0.202201903809516
0.00967964689329537 0.182418415333778 -0.155692746278431 0.140056726105932
0.0248907534268435 0.132959886354841 0.0402102726099786 -0.0202029120046124
0.0457616710279372 0.0899122870717763 0.0285324365415499 -0.204966995244925
0.0692748630461273 0.0769843733521919 -0.076930813989736 -0.251773707424325
0.102519120747774 0.0378871674718416 -0.190923451665338 -0.194608962620651
0.109418918159756 -0.0131494347229548 -0.213214042890542 -0.0994967117187942
0.0927238778427194 -0.0588584531731496 -0.178955556658342 -0.0127213800326503
0.0909272635086747 -0.0666927954131339 -0.128333492539442 0.0611980680928176
0.0799508871533731 -0.0890596017308851 -0.057821279026076 0.112019388108206
0.122411225176396 -0.0908631448927671 -0.00905892639289466 0.155521975152131
0.154693753993805 -0.0359339612377135 0.00285000139359719 0.199539309464781
0.169097606599666 0.0209897325733381 -0.0335404996422601 0.24154264604781
0.143375212766242 0.0879913211669624 -0.082204079796021 0.23502244075781
0.101334532510866 0.170537224114452 -0.0824565454716196 0.145597699856228
0.0641851006434273 0.240066352318577 0.00828988953377404 0.114056769146107
-0.0237727350641319 0.238261409490418 -0.135380358623049 0.0514492490627966
0.00709412085545016 0.21882295967931 0.0661602248538735 -0.0821640707715889
0.0788415682120461 0.174651626772516 0.0411087861272972 -0.239684450117471
0.139171692852691 0.122526126768126 -0.0712941581693528 -0.257224133705935
0.16542899520265 0.0497896468662641 -0.159552929987181 -0.187295304453549
0.162165135068563 -0.0179931750586272 -0.164964041569395 -0.104607118243718
0.133597886169726 -0.0728227752435727 -0.130620137028088 -0.036153882624758
0.123177957395388 -0.0767136784315737 -0.0867936085365198 0.0251362322020283
0.110801743419587 -0.0978279921250998 -0.0155815274987379 0.0731709820506767
0.159078069772252 -0.0945120773003633 0.0379934608563914 0.1198512414581
0.194177447907531 -0.0336484464165892 0.0548407810208183 0.181268195213464
0.218984035469677 0.0367171757726344 2.21986764119895E-05 0.243806332485422
0.180081091352081 0.131377661618707 -0.0803323770182305 0.235179405930212
0.100634585736676 0.228898934047626 -0.10055011069665 0.10223054169811
0.0426263701670858 0.293232494867297 0.00978128911202118 0.0148066883990631
-0.0472302086918834 0.257680107914956 -0.105357813976028 -0.0528265746676231
-0.00773625277679889 0.269137691983123 0.0822939031373692 -0.15180677003258
0.102303690801317 0.231146984691803 0.0503198932156419 -0.263099476521632
0.190777600989439 0.148187133926288 -0.0529526046614663 -0.249680523334591
0.204674709710838 0.0508572057501907 -0.107517866681461 -0.17824503892596
0.190876330912319 -0.0232494032970693 -0.101344704101362 -0.115445706772124
0.154153524828706 -0.0774202956703966 -0.0697944572935355 -0.0659197656156374
0.136559182432146 -0.0752280413904247 -0.0340605366468032 -0.0128686844149482
0.126868170943 -0.0895038380201586 0.0349381796060807 0.0328061940580201
0.175413149899849 -0.0764085988179546 0.0889538130025199 0.0836638910298608
0.206206069291624 -0.0128047767291052 0.103987557809019 0.159261660840829
0.230288719916444 0.0614518569582153 0.0282277798949868 0.236213654565629
0.177784040028216 0.165592708336474 -0.0780279283176744 0.22235592086315
0.0714420538780178 0.259726856265323 -0.111684425345919 0.0571431512058539
0.0040218441005079 0.303141311668518 0.0208032145193758 -0.080176372342856
-0.0629085108951571 0.232462039529047 -0.0744165700984976 -0.156885615971879
-0.0212727172204467 0.269707179046562 0.0805679411490581 -0.216764989759785
0.10390095710783 0.241632083727869 0.0530912340541053 -0.26698891628103
0.202718325309696 0.14513721613996 -0.0247506769084734 -0.227507315303699
0.204783237231949 0.0442973684747557 -0.0416588823722125 -0.168844619542815
0.185154782567862 -0.0250302332110914 -0.0316285508104862 -0.131851573788503
0.148571953946791 -0.071141399259173 -0.00668476334637859 -0.097007702461858
0.129398398806357 -0.0616270787493193 0.0220251564910682 -0.0467647130655927
0.125535007630741 -0.0669122207589806 0.0892863032686466 0.000490818607019603
0.169428592421129 -0.0425533602967556 0.139315997940596 0.0592798591474328
0.190675425177363 0.0188906467053272 0.143932335895074 0.146972383927681
0.204454862347467 0.0921415616624963 0.0472557893850226 0.225285509646157
0.137408979791136 0.188289821788499 -0.0737564160503338 0.197040167301795
0.0190157096027321 0.258805603311509 -0.104558728475342 0.0118002686504784
-0.0432843481292985 0.269856403224062 0.0467165411969538 -0.158760712115184
-0.0700121797154191 0.166695423040467 -0.0490132089250221 -0.240759839989717
-0.0331038068362384 0.217830070039852 0.0632985876877532 -0.259964185090982
0.0826299099194874 0.202198861078704 0.0519623290919358 -0.253753663778903
0.16884753010568 0.112636984829559 0.00681680474422474 -0.203161501256733
0.16069619268859 0.03163821261386 0.0197581423021578 -0.165718377968861
0.145589220016367 -0.0175900662613544 0.027147132451686 -0.151225652901139
0.119453422247621 -0.0505128307352202 0.0464450713685968 -0.124488565638816
0.102668123878658 -0.0392064253667288 0.073118933245467 -0.0730381106928529
0.105157684578426 -0.0375897752967605 0.14168158997308 -0.0187822496978289
0.138397266385138 -0.00827101708512053 0.184640863796882 0.0523614048451665
0.148613706210398 0.0427156159105552 0.175033238674496 0.149779172786146
0.151729426600062 0.106259862280976 0.0595238923599687 0.216831283525217
0.0794963486038097 0.184224936288107 -0.0611891772584402 0.167882363818278
-0.0351336877352475 0.22264715349258 -0.0740722098373923 -0.0213850948098653
-0.0833694042750227 0.197663990671095 0.086548216908251 -0.208510348167056
-0.0743525223436906 0.0694954206519086 -0.0300771128625229 -0.286909844181896
-0.0477165184720794 0.129410808861244 0.0449239621946969 -0.269966882370012
0.0394093543672569 0.125755766022131 0.0582038978477039 -0.234931650578509
0.0965569456232794 0.0621658003441318 0.0369851302291474 -0.191849679476601
0.082682318555843 0.0220948425627035 0.057965328277463 -0.172808261389945
0.0810178251388717 0.000921875171157209 0.0597977485191179 -0.168568722854495
0.0717760134752047 -0.0181650873407188 0.080479111527738 -0.141335322690038
0.060827486092794 -0.0113770902647388 0.111252758948595 -0.0858782791041569
0.0659225210201847 -0.00941633054699092 0.181523925714099 -0.0238324152113179
0.0857720488358606 0.0120569117780617 0.217957255939995 0.0619010960948377
0.0901981756668043 0.0405440582537838 0.193513118627019 0.16379574056085
0.0914169177646271 0.0872830058883962 0.0681978336209808 0.215457514695445
0.0269000389578049 0.147577041383477 -0.0393150770064459 0.148615150055692
-0.0683467794986457 0.153160151317722 -0.0337702920992014 -0.029610073892976
-0.100047786815549 0.0995489233475968 0.128431251361372 -0.222143341550098
0.0743323804049341 0.000382063018227528 -0.109365254186405 0.246567687188055
0.05419505020408 -0.071810491651227 0.0413263764685921 0.0554776484634284
-0.0194289762467004 -0.0832460359364055 0.0335017889155422 -0.156318345042718
-0.0545058895015739 -0.0294954718228471 -0.0746229657874286 -0.240317902806218
-0.0338228433585036 -0.0114672732132075 -0.225852686130362 -0.181977811499021
-0.0238892246519615 -0.0135747373523257 -0.26361045479984 -0.0662727958519121
-0.0219276614846232 -0.0167197520602416 -0.215019690984866 0.0347911110899429
-0.0106898411548595 -0.0211141022816257 -0.151891027822821 0.115969486194593
-0.0164920607688066 -0.0300182132374748 -0.086336511301683 0.16396367632309
-0.00781707950688562 -0.0396018874353712 -0.0570388389485014 0.1952186027409
0.00170624138285395 -0.02656953393899 -0.0517046779302945 0.202427605683782
-0.00960084883887139 -0.034103681438877 -0.0551439992591502 0.221738793427023
0.0133131046724584 -0.0546891731398295 -0.0565609124000245 0.234735233813962
0.0686796744233406 -0.0248340330939274 -0.0546548790192829 0.23297129553112
0.0761296110485838 0.0278955948275017 0.0229296703061437 0.270306700747753
0.0523265956029008 0.0986027425279943 -0.13949153927698 0.216587672010183
0.0474419808262073 0.0293878273982792 0.0268524386374673 0.0262398485604091
0.0151383619038714 -0.00254085024973638 0.0155702135184415 -0.174382079876569
0.00551571260632725 0.0217179860475369 -0.0864124368378488 -0.240802116736409
0.0356508884502173 0.0120229852674011 -0.220267018316067 -0.184742987361244
0.0451287633842113 -0.0173345086463479 -0.253090179882999 -0.0772236877399257
0.0356785537604652 -0.0433909710820262 -0.210795224952578 0.0211100111605402
0.0422297575517844 -0.0515541055150496 -0.149113433127108 0.100862860812175
0.0333605605768669 -0.0685503200133411 -0.0763314193384225 0.149350189694012
0.063712608172529 -0.0744248194470396 -0.0364851829083695 0.185756054725046
0.0891306209175688 -0.0351429441071776 -0.0293503189575075 0.210054195940931
0.091181927140613 -0.00251787247339001 -0.0456822266989765 0.235290124583629
0.0846844669122001 0.0238372444370578 -0.0636906233761964 0.23586149501302
0.0923925746786518 0.0820813365901314 -0.0581626547216927 0.194537419754211
0.0811053588568716 0.145843238386511 0.0205512759024832 0.208115917191053
0.0218911207203133 0.183692005069923 -0.144687772083555 0.153268306222289
0.0336995152903689 0.132897677955461 0.039851780707447 -0.023037025134287
0.0522489729358158 0.0875115109018725 0.0138926412722707 -0.209131921657214
0.0755088060270385 0.0737597994152375 -0.094314400924823 -0.249686247360991
0.106591624865454 0.0305755247319073 -0.206722890266746 -0.1812454676827
0.111154077074006 -0.0221661187863052 -0.223830808642783 -0.084145357421839
0.0903178865650585 -0.0664899992967191 -0.183030127744357 0.00133816149758974
0.0883915468243147 -0.0752673494627024 -0.125419498330725 0.0716936175330773
0.0751075250787551 -0.0968945320888955 -0.0476565540206898 0.11763017829594
0.118553143569812 -0.101989021248719 0.00252720550380083 0.158264494446596
0.15525737627834 -0.0476057507422547 0.0188978923944583 0.202170983722961
0.173506064483876 0.00950971286208916 -0.0152481613049598 0.246366213909409
0.151020429835389 0.0799595475122708 -0.0633446181262743 0.242610970256255
0.114116299391358 0.167136883890469 -0.0731360031167208 0.154332832245754
0.079750252409279 0.238123042292592 0.0150791821238604 0.118650528714902
-0.00716383495365184 0.242954610847786 -0.130471412750764 0.062321917467825
0.0222787046348393 0.220663733763217 0.061748506303466 -0.08720422279735
0.0920756128250077 0.170280832995417 0.0245978932354945 -0.245096335004681
0.149385248100845 0.114522726752069 -0.0899553769015108 -0.255565104679427
0.170902196989822 0.0384492819939291 -0.174796043525732 -0.176080605319885
0.164311058854185 -0.0305420644722412 -0.175195034168065 -0.0935263302789103
0.13100107912352 -0.0839874157192064 -0.135321422449903 -0.0268044160293281
0.120580905351235 -0.0883071728003649 -0.0856799972899989 0.0321681664913872
0.106030196077396 -0.107735754020079 -0.00844365337044068 0.0752423583607747
0.154612915182558 -0.109204923119496 0.0483068668317536 0.119015598523149
0.195637413719183 -0.0483841006950497 0.0708278005950694 0.18015232070308
0.225136098765603 0.0206788574811041 0.0190762918114146 0.246033109610734
0.190793762697545 0.121193963124005 -0.0603630283909798 0.243618319669944
0.117688856039897 0.226169420293692 -0.0939625754869476 0.112443937157529
0.0621973406829343 0.293480102308885 0.00925839103138683 0.0181441989119397
-0.0293810737638325 0.264034781785398 -0.107943767358175 -0.04622194142244
0.0105380341644352 0.273857005432444 0.0738342719606992 -0.158831485286656
0.119526079136746 0.225366770198411 0.0325786464164006 -0.269836151470261
0.203123087720748 0.136176000172865 -0.0702261601828801 -0.248013369631717
0.211417752381577 0.0362373335055954 -0.121174470976609 -0.170930665118133
0.192426013452786 -0.0388808657561332 -0.110459878572712 -0.108885481319475
0.15077644100246 -0.0910668781750293 -0.0748369041267413 -0.06100428598766
0.134672817491348 -0.0868895041977896 -0.0353581791744179 -0.0105706095289213
0.122901750244049 -0.0998488285444333 0.0403086862444391 0.030514924494168
0.172825617237811 -0.0920939514958854 0.0976245010902638 0.0780995904537437
0.209455667234007 -0.027945124693696 0.119021329017292 0.154096458787789
0.239201716607441 0.044998212331522 0.0472681153903126 0.236276165144273
0.191154274353966 0.156388047103859 -0.0587919285257645 0.230170173355895
0.0906349794906025 0.259231879616425 -0.108115463954038 0.0666844549391098
0.023854030655449 0.30632138844762 0.0133241737068036 -0.0801050131480286
-0.0458560004327019 0.240037327579441 -0.0841027224629491 -0.153800250592812
-0.00223597742166683 0.274332743026516 0.0671658630988364 -0.224906231935824
0.122098089154731 0.236649322010118 0.0341226776818744 -0.273781013551538
0.215851743482893 0.131789504745991 -0.0409127091964377 -0.228045110950014
0.210665300216587 0.028900074969339 -0.0545238258620369 -0.166499089400292
0.186634710195051 -0.039889618159184 -0.0405222497819663 -0.130846285966428
0.145795261091434 -0.084053163482616 -0.0136232626642085 -0.0981088426249621
0.128357651335223 -0.0724249571675945 0.0186886721174019 -0.0495179480864845
0.123081930589686 -0.076805881073204 0.0930050901943219 -0.00695402984088972
0.168802068866003 -0.0572014431947829 0.146344558084405 0.0499204308273597
0.195351932754193 0.00491583241115995 0.159302830999834 0.13798367264409
0.21450771864946 0.0772290065080171 0.0654362703754031 0.223670469455336
0.153169142233579 0.181456603303498 -0.0560817780966772 0.204050394982881
0.037931921305606 0.261536593626656 -0.103524386938559 0.0215204153251175
-0.0258277453924381 0.275293008162256 0.0339069993505893 -0.162253226731634
-0.0569349016865708 0.172869016163877 -0.0647191857571364 -0.241202157179704
-0.0177078610745559 0.223669216399473 0.0469295075308099 -0.268308731670513
0.0980189536778199 0.197674697576132 0.0350224217404575 -0.259934252436427
0.178211954159096 0.100621863756538 -0.00709973816256608 -0.205049443446113
0.165616678637134 0.0197971625794976 0.00855015962616794 -0.168649535481765
0.146601215634391 -0.0292020509864089 0.0176013661792989 -0.155172690233731
0.116821907676791 -0.0607910048602111 0.0381815309956593 -0.130382140043121
0.102549238928456 -0.0474047059043464 0.0689456347980823 -0.0793949276068015
0.103811216670192 -0.0454660037698771 0.14392625497846 -0.0306337547882803
0.140284814829005 -0.0200055203731571 0.192013789782951 0.0390742793169746
0.153857503696889 0.0313952238842198 0.189916344742621 0.138724375905577
0.161576059516951 0.0954040530683745 0.076493562429577 0.214923080227499
0.0939439376162631 0.181134110095926 -0.0462876311983916 0.175021854899362
-0.0195062565597751 0.228133349035353 -0.0759769307116735 -0.0145490169853486
-0.0706694468441336 0.205169630391031 0.0709525447626718 -0.216438374460425
-0.0685727750734192 0.0752875174922282 -0.0487215964052705 -0.29076781104093
-0.0381674265987096 0.133984045819244 0.0262840373968276 -0.27779456880564
0.0492466866186878 0.123394771459273 0.0427012355541927 -0.241565256400886
0.101145087127644 0.0545013914335771 0.0232909007382986 -0.196340826800635
0.0856961854205242 0.0154910308801532 0.0459958663471992 -0.179717678219572
0.081560459912381 -0.0058937297035677 0.0489974527730923 -0.175218967256979
0.0709213558275375 -0.023858444223027 0.0704649646425659 -0.150224663692287
0.0612105650950585 -0.0149225122347924 0.106901205099711 -0.0958435354476529
0.0656401554773941 -0.0136435417275518 0.183838968623236 -0.0387462364956367
0.0877378051001527 0.00509358937842962 0.226039869685434 0.0461924474678257
0.0935979596566774 0.0343018262684837 0.21011052845633 0.151822288751918
0.0986879219585942 0.0809242443446422 0.0855543042988656 0.213602436990614
0.0383205959309089 0.146718826684848 -0.0258793315543452 0.153967169045968
-0.0576325124240876 0.159416714692645 -0.0359664281926266 -0.0263115083369437
-0.0935289958464842 0.107648918873969 0.112324761889253 -0.233625578346134
0.0718113237915847 -0.00328735117982738 -0.0948057286525768 0.249146662664418
0.0484228314436554 -0.0740346139748094 0.0436512700097808 0.0533689852554416
-0.0239767170438131 -0.0809449034528421 0.0255084452011368 -0.157463477780643
-0.0553352458884894 -0.0251893834849051 -0.0865515661374135 -0.235344331818357
-0.0345304790845077 -0.00924017353635424 -0.233010074848841 -0.168056355899283
-0.0244059817868051 -0.0124837439996354 -0.266413859048363 -0.0501918423695161
-0.0229570912707604 -0.0151222344861126 -0.213303887822157 0.0459693652262645
-0.0122062306051211 -0.0210483019656255 -0.143945245176987 0.124071756317186
-0.0180262444359406 -0.0292234559400743 -0.0765767783487754 0.167150317595859
-0.00933580047547142 -0.0390608215780915 -0.0462404332548634 0.197007718281938
0.0012462911969401 -0.0257603413320901 -0.0416939567445982 0.203717668227882
-0.0111904310939316 -0.0317872545462478 -0.0430027027407298 0.221499570982249
0.00947636227647459 -0.0534538730659698 -0.0438187556337777 0.233513011362552
0.0664683056191381 -0.0279091689541329 -0.0444471922545191 0.23368252201333
0.0748791644910848 0.0242129180771366 0.0349572830221461 0.26991161120502
0.055456777910861 0.0949080030564126 -0.125067056993707 0.220935549416798
0.0476538737239605 0.0269923232148658 0.0284680507760361 0.0248808216689999
0.0148135374995152 -0.00316998998344147 0.00638969947316196 -0.173413953164808
0.00674370933735602 0.0223761366324751 -0.0971772103780571 -0.235466036358485
0.0355638140131585 0.0100793718944031 -0.227079148830049 -0.170170812247944
0.0436076665551543 -0.0200709423269896 -0.25508157008105 -0.0622693135228274
0.0337544647335424 -0.0449887221210149 -0.208992236621129 0.0324666560427243
0.0397257683325364 -0.0544325089499446 -0.141603555615009 0.108539077089386
0.0300242150845463 -0.0703592605898918 -0.0662553878223253 0.152024800835999
0.0593506913215991 -0.0781964821049812 -0.0261785291418251 0.186644621023586
0.0876088609822391 -0.0388984425425077 -0.0177300250041749 0.209325207068839
0.0903132553541566 -0.0063424728250494 -0.0325884336966219 0.234265989843705
0.0844616365253438 0.0208877053423714 -0.0500011039727898 0.235072285316723
0.0952546431153601 0.0772895167618955 -0.049396014681867 0.19700250557596
0.0849577690211672 0.140619943962755 0.0293964276201877 0.208071850256059
0.0299696649868814 0.180953278184736 -0.133158033473113 0.159012603511304
0.0387220037309918 0.130625563341932 0.0385276988195757 -0.0238325519307923
0.055602579423127 0.0834304484901579 0.00416877387188188 -0.207749500804653
0.0788018408842755 0.0703371246947006 -0.104949061524371 -0.242581684938614
0.106964565367415 0.024883121846485 -0.213139041524439 -0.16747525136318
0.109447435647719 -0.0286086650523212 -0.226904010790256 -0.07152242528753
0.0870506262579744 -0.0711941657738956 -0.181812116157162 0.0114580121942159
0.0844290775554615 -0.0808737551588385 -0.119958343072576 0.0779996481602143
0.0702671978567119 -0.100232221368064 -0.0400473361703616 0.119342376164417
0.112339766947392 -0.10853555113026 0.0113533020879236 0.157591386109597
0.153026819415136 -0.0550636388342933 0.0296089474471297 0.1987091190091
0.173898677119355 0.00118289182513869 -0.0018298139798668 0.243174297727415
0.153113963185389 0.0732460649381605 -0.0474779580581537 0.241772244973423
0.120803916363459 0.16074145978181 -0.0647104058288901 0.157676139128618
0.0886391755811625 0.231584405613884 0.0196765311580376 0.120205890073263
0.00554970579472775 0.240750585177577 -0.123151768571122 0.0684094033526551
0.0315694545143298 0.21803002105483 0.0572665944740588 -0.0886738700901847
0.0987022809568669 0.163288369780635 0.0122530492675732 -0.24302294759062
0.153435622547824 0.10718467342544 -0.100538921103952 -0.247617202348103
0.171211605287729 0.0289952785401749 -0.181604901995822 -0.163833945734257
0.161646566956231 -0.0401076121709328 -0.17791644775672 -0.0836073246292825
0.126162653055144 -0.0905634970170439 -0.135855780775196 -0.0188111805949471
0.116157162588796 -0.0953772103442517 -0.0830644139500277 0.0370178819360073
0.100295486221734 -0.112469268133784 -0.00214530639214917 0.0744279297027668
0.148420178027844 -0.117514048296586 0.0550209396830652 0.115734596674477
0.192944631962113 -0.0581053317893901 0.0812168509582921 0.17441907485862
0.225629666579819 0.00925355048821737 0.0323853395936976 0.241578529741141
0.195113546389986 0.112225525779779 -0.0441012803058231 0.241834678864776
0.127706941979455 0.220067085101715 -0.0861445176829915 0.117697789273031
0.0736318529350594 0.286941651848465 0.00891060759391873 0.0208849685560946
-0.0148051776434183 0.262548486834297 -0.106725985346683 -0.0402754465541185
0.0237015309631749 0.271068592250219 0.0654388920925653 -0.160058857155165
0.128651332456461 0.216300724672523 0.0188699030720573 -0.268421568339308
0.207547738606131 0.124688246967159 -0.0814870948105639 -0.241451025555354
0.211422952323253 0.024953449325507 -0.127344624887642 -0.160998771630223
0.189130369580917 -0.0499512156950739 -0.114364778810706 -0.102218924653749
0.14542894817613 -0.0981628055212509 -0.0775291370863578 -0.0561730996226871
0.130207676241132 -0.0946503998509187 -0.0348312325587181 -0.00825609980502238
0.117403298306628 -0.10514270285902 0.0436969047510069 0.0273296195485212
0.166842108365814 -0.101463799786291 0.10203261551738 0.0723866701422812
0.207690613394428 -0.0391622376935315 0.128260553098428 0.146417679674519
0.240245183058137 0.0312147335691273 0.0596796667265616 0.230889261276951
0.197233255468717 0.146464352318144 -0.043137683345581 0.228967280146506
0.102830161119199 0.253514795977588 -0.102538646047774 0.0735451677565179
0.0374575602233987 0.300711699310804 0.00770777703653212 -0.0772320831450833
-0.0322381399615828 0.23920698246497 -0.0888898890934089 -0.148290584061757
0.012158322364855 0.272674770032733 0.0558350535617902 -0.226504001270453
0.132701627832988 0.226722424377578 0.0204558734368055 -0.272626342345076
0.219626093415536 0.119348931096831 -0.0508300635489657 -0.222605619512271
0.210682883443604 0.017283716877713 -0.0618714309504097 -0.160813688953011
0.182836680595491 -0.0506684729324299 -0.0455717867954897 -0.127886992595872
0.140538547958234 -0.0912044757045531 -0.0184497877471458 -0.0967474392949246
0.124634944301586 -0.0795551593845805 0.0165597175027005 -0.0496523061464577
0.118668645157752 -0.0817263453581118 0.0934711700491493 -0.0127834913855926
0.165037234945123 -0.0662664953483939 0.148594143725606 0.0408543461845585
0.19437170688931 -0.00518711892934785 0.166929681586332 0.128048142906318
0.216623034577248 0.064752512751049 0.0764200080946495 0.217849552438627
0.161002784150038 0.171923352888577 -0.0411589533199254 0.20426895608927
0.0506705150959536 0.258500920024351 -0.100163902911494 0.0273470991477529
-0.0127276963657467 0.273090205128063 0.0234744432572963 -0.160350825977055
-0.046490781690061 0.173549118299887 -0.074149992909179 -0.237033963522142
-0.0056611589338248 0.222013811227101 0.0335113858916326 -0.268727218407271
0.106836781469896 0.189387677246033 0.0212838456208536 -0.259532077316672
0.181423335434524 0.0899801591910715 -0.0165848357687248 -0.201796985149562
0.165096383725516 0.0107895569558121 -0.000471147808320262 -0.16579295379086
0.143223425053056 -0.0381271190316388 0.0108383725739462 -0.156091251998052
0.112672656365725 -0.066565032275452 0.0311369137821824 -0.132029232386027
0.100304803150173 -0.0522626923945 0.0643148287561416 -0.0820673073581258
0.100868068113615 -0.0498061572990715 0.142004797753779 -0.0389486655717871
0.137973544362023 -0.0276002347901411 0.193097408523311 0.0279732601952706
0.154190247058688 0.0231742263839981 0.197124864034328 0.127247272036616
0.164833696348592 0.0849353266348666 0.0874276283728773 0.209060455418988
0.102443424543998 0.1741020896861 -0.0341672870968749 0.174910647520568
-0.00772892144578945 0.226311266335283 -0.0747373769787192 -0.0095768143379911
-0.0599542408591905 0.206174551081886 0.0570673605571894 -0.216506938168564
-0.0625857114069205 0.0773837151349361 -0.0623178184824523 -0.286102518824866
-0.0304173616074114 0.134402608725077 0.0126102796703417 -0.277360438831555
0.055103126754163 0.118503692344976 0.0302253960621702 -0.241498777796868
0.102253928631294 0.0474735091152411 0.0134510719757702 -0.194299603460401
0.0855412511404886 0.0096247058223822 0.0362338765458251 -0.179483125390751
0.0802023592260405 -0.0113625288540395 0.0405745946411191 -0.177017148221259
0.0687478095667599 -0.0272407545429173 0.0622283654859369 -0.153988189471886
0.0608090686784325 -0.0177573238336817 0.100878569946927 -0.10066554508579
0.0644041368360408 -0.0155586033845157 0.181384522740215 -0.0491111311886518
0.087119562624694 2.38098434227098E-05 0.227104253906452 0.0334689861144768
0.0937629919170214 0.0291627261550749 0.218460361611023 0.139114011283126
0.101566602497508 0.0739859834583894 0.0965824326265153 0.20698198721967
0.045711946639152 0.142967218027815 -0.0161666122852535 0.153844192636194
-0.0488700679744061 0.160380135503508 -0.0362793713399312 -0.023458301626211
-0.0869242989789653 0.111028685368263 0.0981950859542708 -0.236371098175012
0.0740879936844328 1.30063386487517E-06 -0.101287229526562 0.239966700020873
0.0508769596520949 -0.0723833224847399 0.0382463042407975 0.0535657791318776
-0.0225698121331215 -0.0811040620440266 0.0269388749855356 -0.152952824234798
-0.0547875758482255 -0.024070309682774 -0.0809531982634776 -0.234568828905766
-0.0338791614466017 -0.00637062627905166 -0.224967028513456 -0.168940668394174
-0.0239844125630542 -0.0109948947696743 -0.261685018669988 -0.0543087035119744
-0.0238282608995554 -0.0151959190675129 -0.214241804879676 0.0424168366440314
-0.0120245845578122 -0.0220455908323285 -0.144335977674888 0.122312566155104
-0.0179172231454901 -0.0289676038814607 -0.0777183673906196 0.164994204494849
-0.00914722392672159 -0.0379011563305596 -0.048310705951972 0.195036170094396
0.0030784787480418 -0.0237814863283746 -0.0450692151382579 0.20022961777883
-0.0100925244156756 -0.0261573436277055 -0.0470305855823338 0.214297322967573
0.00922211301807919 -0.0488110325650641 -0.0493049722048744 0.225832773311956
0.0652367755508211 -0.0231960488011228 -0.0527645473885494 0.231171654754099
0.0747052984686402 0.027879530469051 0.0210851874130629 0.271607675946685
0.0528535030699846 0.0986724326151791 -0.126868358960783 0.213141104404765
0.0447254826794237 0.0289224152949505 0.0278891896912947 0.0249202237564692
0.0121553768045822 -0.00191050590308123 0.0128454971089735 -0.170700058615988
0.00440431715957751 0.0252118830831949 -0.0878061554594565 -0.23514885449603
0.0343528027491409 0.0153665868686473 -0.216982262048681 -0.173324404439298
0.0445157258640169 -0.0167245958623811 -0.249619660998803 -0.0682198888220601
0.034040681223753 -0.0436592288805751 -0.20917639194889 0.0271111058759573
0.04215511926055 -0.054382356776323 -0.141300688416205 0.105795650370864
0.0318354211683785 -0.068831378781515 -0.0665968315671665 0.150430085346193
0.0619290435755904 -0.0766773563672278 -0.0259165443558713 0.185437312910856
0.0914529403319771 -0.0351501404186023 -0.0188795012357748 0.209207540110817
0.0912147241203829 0.00142707641550959 -0.0347340243596072 0.232191079816385
0.0823573182614597 0.0280634445184977 -0.0546320343230346 0.230582172528811
0.0913793073596522 0.0831561517353399 -0.0580016072246984 0.196332182675239
0.0831168668179277 0.14362696640806 0.0153229517855914 0.211962398110082
0.0221430074048293 0.184077073984269 -0.128652430960542 0.153447929020998
0.0308811007719572 0.132286485359358 0.0431844521919558 -0.0231035353796735
0.0483243534747448 0.0861371865827709 0.0152908254416377 -0.205772298720415
0.0730757591940531 0.0749113954223264 -0.0915447530977603 -0.244177749065904
0.104781176624009 0.0326551327993322 -0.200301475759643 -0.172592040428045
0.110107072085075 -0.0237942622994934 -0.219666182352278 -0.0783383827686353
0.0883949804393441 -0.0680825521456492 -0.180303472668255 0.00501962418756958
0.0892965702688761 -0.0804343322945659 -0.118610460749103 0.0753604641576493
0.0736897595222687 -0.0985848712654848 -0.0382171731654502 0.118188634923997
0.116282678052895 -0.107275809062977 0.0129855622025916 0.157730053149746
0.158421316296712 -0.0508925744594567 0.0300082817804776 0.201545894811537
0.174549574939393 0.00986356356546798 -0.00140742301594008 0.245706879102519
0.149807972951219 0.082926636238054 -0.0518259591334889 0.23970683279268
0.115436613813175 0.166799141948349 -0.0736624571914814 0.159146482781652
0.085313012041926 0.23282566778247 0.00696145499148857 0.126262536891451
-0.0067545401851581 0.243199096644873 -0.113395208060941 0.0660766668210456
0.0189607706291771 0.220369883206237 0.0668244259246328 -0.0866602560679652
0.0871239736629752 0.168342845561595 0.0274954428837836 -0.242158562264754
0.144567107359677 0.113838074512729 -0.0828957248930612 -0.250202026983461
0.16751067556606 0.0391161261821261 -0.167862636472741 -0.170044645315787
0.162129661367476 -0.0334100603414254 -0.17101539694787 -0.0902357815366237
0.128945713786959 -0.0862713581187773 -0.133234341443312 -0.0254416032572123
0.122496221323918 -0.0938642189132688 -0.0802534349921045 0.0347541764016244
0.104801906008319 -0.110477744630776 0.000471138209500225 0.074148859663658
0.153660838391423 -0.116423385413605 0.0573851646798045 0.116756430386409
0.199409358872694 -0.0538821346377289 0.0831451877189485 0.179163791221747
0.226485745714535 0.0178275356121042 0.0339365337273962 0.245934806016839
0.191897755537081 0.122062598668749 -0.0483879270520494 0.242047652599833
0.120489430816089 0.225700364252713 -0.0948079694730265 0.118692402126981
0.0695221729237133 0.286711569633479 -0.000577819078249798 0.0276107252196148
-0.0285852512616971 0.264568753329592 -0.0914985978717452 -0.0402747094770813
0.00830440975384946 0.272932599849178 0.0791558964754051 -0.157672192157121
0.11380787102574 0.222502416071668 0.0380435254537744 -0.266721302468395
0.19786544773879 0.132926789828971 -0.0619545795786399 -0.243869167632736
0.207195746483255 0.0361961378601669 -0.114352954826729 -0.167115413137823
0.189651065381851 -0.0432889062098493 -0.107487968919275 -0.10851446127905
0.148539775969666 -0.0948317123991207 -0.0745010120587255 -0.0622913125781215
0.136782507643159 -0.092434451174639 -0.0325017765738941 -0.00939396288282487
0.122195754464111 -0.102788514099901 0.0465319787686694 0.0278360854094035
0.171440717681722 -0.100466776487008 0.105115764933279 0.0743836178838452
0.213757073632679 -0.034642117767828 0.129933849201372 0.152496054478236
0.240578291588566 0.040039818800157 0.0616808841378662 0.237870651576362
0.192907959884114 0.15612882853487 -0.0468765440839379 0.230120997669196
0.0945522502464198 0.257847167487808 -0.109415956701173 0.0741437375285228
0.0324505579879676 0.299577995703458 0.00154746258021851 -0.0700808983676851
-0.0457497154089927 0.240913190179631 -0.0709770399305765 -0.146595059649571
-0.00404285584285787 0.274380150313455 0.0713925381618643 -0.223032044701956
0.117420950624133 0.233203184779055 0.0399978628507293 -0.271617749752783
0.208710778583875 0.126610795132647 -0.032586066076272 -0.224253325083627
0.206419783168745 0.0275841325448284 -0.0501535923172299 -0.165428386010952
0.182637095292448 -0.0444736068634281 -0.0397475872223486 -0.132768034124297
0.143598186409587 -0.0875919180194897 -0.0153835051990851 -0.10191204083203
0.130426550186566 -0.0767290770935956 0.0191886578332252 -0.0500638264798433
0.123107083377825 -0.0796820872141882 0.0962188962156119 -0.0113216327908286
0.16913242416865 -0.0651914449259219 0.151002454141967 0.0442157020764355
0.199510358572137 -0.000722957059014451 0.167918637983903 0.135155669477809
0.216200854024126 0.0712407102540058 0.0772691684771697 0.226165466869881
0.15604769204099 0.179928432587395 -0.0462021082218322 0.205563560141724
0.0434616786102685 0.260133039226023 -0.105722156036464 0.0273042241103172
-0.0166567106691723 0.269735247105584 0.0209441586349332 -0.152852444858788
-0.0573172288436334 0.174106941373689 -0.0569158705208425 -0.234875265677266
-0.0183875256512301 0.223353885291259 0.0493624141213685 -0.265188807814536
0.0944967774373978 0.195046463477173 0.0389970289725342 -0.257430521700708
0.172613951875116 0.0958794891800943 -0.00191993621706902 -0.201630649522856
0.161194187545925 0.017658623059884 0.0083516720056078 -0.16775350748108
0.142891516141683 -0.0339398338394632 0.0159500294653709 -0.157520797094476
0.114909787370845 -0.0643340158821823 0.0342122594831721 -0.135400341656111
0.105035873895067 -0.0503639112738522 0.0664853156846726 -0.0815187399703523
0.104398178686802 -0.0478530150292321 0.143785673461682 -0.0366858972781004
0.140952574400412 -0.0266849220538925 0.194310488358143 0.0321082048357925
0.157617088365142 0.0271250237187763 0.196270571292125 0.133711913681963
0.163969741005919 0.0899601522213287 0.0854613020852621 0.217223514785944
0.0976539036144822 0.179446386539346 -0.0401628252510663 0.176852285606243
-0.0136068666488945 0.226602949794601 -0.0792398151538995 -0.0108482940465316
-0.0622538854165311 0.202545103850715 0.0575645953762036 -0.209473453336111
-0.0689608589954979 0.0768457250787875 -0.0471469290697462 -0.285100790776558
-0.0384306930079273 0.134310821901726 0.0270773368902552 -0.274088992602785
0.0461833943986134 0.120717151369742 0.0444622993542573 -0.238092014397618
0.0961876914219963 0.0504518830367689 0.0239755598769339 -0.192268874087158
0.082397010858994 0.0131798588191902 0.0424630486696783 -0.178004486047418
0.0783331758663742 -0.00905554540505137 0.0457830970712627 -0.176202996885309
0.0699386692647388 -0.0260883319820101 0.0644919198395801 -0.154720382010187
0.0635306311453297 -0.0159537970630479 0.102372708913485 -0.098794631321127
0.0668782524072457 -0.0141476077295121 0.182294528813811 -0.046432553825572
0.0894547597389888 0.000814337673038422 0.226936661293639 0.0366133705556579
0.0959582606589788 0.0312574748716687 0.214621953115196 0.144712310689974
0.100883081871782 0.0777209423601535 0.0922383427964986 0.213457906750895
0.0421590087402698 0.14530488569923 -0.0229717876193443 0.154684902344042
-0.052165930309944 0.158592922684897 -0.0390935360028836 -0.0247644921206534
-0.0873120850775399 0.106853322697779 0.101061370109085 -0.229604959204395
0.0735058892284995 0.000624559610533826 -0.101206067624386 0.243715412574953
0.0501865559583032 -0.0730163499697697 0.0393759586162538 0.0550798167746486
-0.023654476062891 -0.0822885058667673 0.0270883751141656 -0.155847389569637
-0.055018946674378 -0.0229203840188871 -0.083741255211029 -0.239799790066198
-0.0344902208138401 -0.005644447324471 -0.228206127657016 -0.170782390140208
-0.024540040027244 -0.0104913284492212 -0.267312908269293 -0.0526341333728436
-0.0241203477944755 -0.0148725421110835 -0.219230632777046 0.0457841544346022
-0.0122089776608676 -0.0226717186228173 -0.145466448385447 0.125337389872934
-0.0186736223661719 -0.029600044664491 -0.0777610860279679 0.168637451502404
-0.00924537216546618 -0.038704534809065 -0.0482402149054459 0.198807675463704
0.00380478426383001 -0.0237819214234674 -0.0451613918434405 0.20365247449873
-0.00995503027128277 -0.0250995750626327 -0.0465692145837429 0.217541991186363
0.00870173281739883 -0.0482187769608131 -0.0499394460038441 0.228094317996117
0.0661115155822251 -0.0233195726917401 -0.0553333265354319 0.236026146879879
0.0746790354036557 0.0288706779631003 0.021641607072273 0.27879357748771
0.0522361322991938 0.100453660047907 -0.126349996766858 0.217054821364454
0.0444561099360601 0.0301826448179966 0.0287269075371802 0.0261929852875633
0.0116613647518956 -0.00247785798013441 0.0121163736816072 -0.173641497683933
0.00516480686899029 0.0265246940867659 -0.0896257484271156 -0.240285986905909
0.0349178563031314 0.0161767839492735 -0.220190616764077 -0.175001832773117
0.0454456726942401 -0.0169122006559128 -0.255092433699684 -0.0672100497740549
0.0353088666938032 -0.0449520574080115 -0.213617419568462 0.0297099771453359
0.0433079416252742 -0.0567859450527484 -0.142760065887618 0.108998798024116
0.0327292219209176 -0.0708121129888655 -0.065975869070584 0.153664489938026
0.0628096854152521 -0.0787724344191949 -0.025676618063502 0.189846057237602
0.0942235513394405 -0.0360341376072938 -0.0181379743486427 0.212395904838076
0.0934831178013656 0.00246235243972319 -0.03384369463195 0.235004900751034
0.0835792431373965 0.0297112912811142 -0.0547964735945014 0.232803636729462
0.0932552041728186 0.0851324258757383 -0.0600914826798672 0.200503857117627
0.0825593321787107 0.145986832496407 0.0154698618247949 0.219516093543655
0.0219498095065987 0.186458584699786 -0.128676786474967 0.156443624391891
0.0305980117876482 0.13516040851911 0.0438510938424711 -0.0224098843038556
0.0484144695598616 0.0868332015685121 0.0148999095477863 -0.208727951408662
0.0750032045780026 0.076705753138373 -0.0922054142723309 -0.247963895901036
0.10653027382362 0.033582694303494 -0.203257294359968 -0.173968943594079
0.111879095021436 -0.024357312396679 -0.224352976031819 -0.0782257123911744
0.0903348323021851 -0.0705486275650342 -0.184111798239212 0.00659711645327779
0.0912422645414799 -0.0835866183390808 -0.119769434373215 0.0776429250119152
0.0756292444646257 -0.1011591856433 -0.0372128647972558 0.120117565840289
0.11817529967288 -0.110426646258741 0.0144092174546609 0.161056278865824
0.162772766800659 -0.0524835696507498 0.032579636487806 0.204707446545407
0.179257055270881 0.00967336030540269 -0.000757606447956776 0.248755148216848
0.153193921536048 0.0853867954861584 -0.0515297940046377 0.241748831744438
0.117641623201056 0.171100548757599 -0.074370634830157 0.162518339080946
0.0850002672808087 0.237432361150203 0.00690476853398799 0.131831819230484
-0.00689438190525443 0.246031956928055 -0.112792909332778 0.0671376604330064
0.0181292515579924 0.225667785034778 0.067842993019203 -0.0866608824939735
0.0872837607295812 0.169998681582795 0.0276990404209032 -0.245349330591621
0.147955357436045 0.115958219165479 -0.0837543467128164 -0.253460181338913
0.17078320652546 0.0399249606262349 -0.170213899181622 -0.170811995626575
0.165172714699833 -0.0351509692913669 -0.174642252273225 -0.0914731970726143
0.131543360535506 -0.0894958805842092 -0.13584598108106 -0.0249204998738705
0.125204331673672 -0.0978246964257014 -0.0813490455843571 0.0362579824054109
0.107451247629474 -0.113096177920171 0.00214113803064335 0.0749143937332957
0.155985529500616 -0.120351684609221 0.0601043466356098 0.118655836474318
0.205049150541131 -0.0556155506960068 0.0863550022723227 0.181504362663506
0.231628375518768 0.0169798008399514 0.0356318321219389 0.250471818220466
0.195516577570824 0.125514258874862 -0.0464686324088059 0.243867560106898
0.123439150009839 0.230790741818192 -0.0954456435119776 0.12158501777974
0.0694746699997863 0.291878572420919 -0.00162513274359033 0.0312823765362051
-0.0284816014994162 0.267555596606782 -0.0905878875600347 -0.0408556167944224
0.00807896235683869 0.2781106489986 0.0799059653952503 -0.159168126676643
0.114907140004308 0.225026550879532 0.0380432206441123 -0.270146379860018
0.201704874157991 0.135350694518667 -0.062039400314037 -0.246562725955502
0.211187475443356 0.0358554295144455 -0.116762319056853 -0.1673952493424
0.192993512650893 -0.0456114160568114 -0.109852257215559 -0.110495311430698
0.15133049123805 -0.0975270103815135 -0.0765629109135622 -0.0638083906150865
0.140089973590777 -0.0962979545402541 -0.0325118329554471 -0.00910205088984018
0.125327484586807 -0.104928903223011 0.0491408700752453 0.027308837959326
0.1747296927652 -0.104149195597746 0.107717503197689 0.0753316593402034
0.21932230032617 -0.0360621155595614 0.134611049119677 0.153658461191081
0.245833843308156 0.0383406570348424 0.0636949571396035 0.241915465489404
0.197184671498072 0.158841309557625 -0.0451251914028296 0.231961426407866
0.097483830772769 0.263895167581172 -0.110182222386537 0.0761131527637133
0.0324095904415863 0.304330158514301 0.000348579775944427 -0.068709820214488
-0.045415798058525 0.243518396034074 -0.0704539391306126 -0.149043142147456
-0.00388384661137485 0.27986194070694 0.0726960145725421 -0.225611302281478
0.119403856407643 0.236032633156497 0.0401939127512982 -0.274612190831929
0.213506769287361 0.128555207761638 -0.0324703503833171 -0.226781398166272
0.210700194982884 0.0265820174953073 -0.0510543397172626 -0.165375322079936
0.18625102406758 -0.0473123380179652 -0.0411979449503231 -0.135414457884986
0.146226497916591 -0.0907706689670157 -0.0164373538939019 -0.104870291662821
0.133886730992916 -0.0799996199666509 0.0195837499066171 -0.0501878000798582
0.126205678669728 -0.0810775052383804 0.0992037960700281 -0.0132390506884899
0.172134655072662 -0.0681893223732759 0.155080296223004 0.0442275740012148
0.204212669723445 -0.0023300597278927 0.173038330501361 0.136420519555588
0.220903081092403 0.0707285487088651 0.0796996519429102 0.230209334558584
0.1596199021885 0.18221609268511 -0.0441687251673027 0.207513333442394
0.044619828337347 0.265685595141525 -0.106246983133307 0.0286282078463004
-0.0169175109866278 0.273776738828833 0.0191039414053944 -0.154029531287301
-0.0564955320263273 0.176259622583301 -0.0568421524299158 -0.239400022664602
-0.0179114283088353 0.227702949055605 0.0492153131545672 -0.268844502839418
0.0958813734850766 0.196356743604691 0.0393660842174339 -0.261280266057403
0.176135406339635 0.0956750152087883 -0.0013388444075442 -0.203553142382272
0.164503708618648 0.016373611770785 0.00845125229507524 -0.169157527671835
0.144906220533557 -0.0362281150871863 0.0153983920498198 -0.160936930612631
0.117103214078815 -0.0662783355788675 0.0333647131898803 -0.138972671745817
0.107867795316031 -0.0522624720951907 0.0674927446159366 -0.0833396616582588
0.10735754130493 -0.0484397646264611 0.14742583923622 -0.0391795721906149
0.143257905370378 -0.0284188833194585 0.198736797858645 0.0309436044161631
0.160823843025349 0.0266699392570144 0.202099318405868 0.134989521052388
0.166705846882845 0.0900432316262009 0.0880126168036288 0.22072777810402
0.0996278841642635 0.181944101992124 -0.0374327202045035 0.178094300254928
-0.0129986662829257 0.23145018730627 -0.0796826233887316 -0.00960869350851119
-0.0626019133657328 0.205308923772832 0.0559480087744032 -0.212174502693477
-0.0681822979026275 0.0773760002178395 -0.0475228436865495 -0.290845779412862
-0.0382418689530133 0.135929327712413 0.0258933177611382 -0.278412438636705
0.0470077361957775 0.121934547958771 0.0443028611281144 -0.242186184185729
0.0973764161614837 0.049488073643519 0.0238501043319615 -0.194461976332899
0.0835319203039263 0.0122873374873563 0.0426722170433965 -0.18029130123198
0.0788542568575389 -0.0105491540808567 0.0455081903287698 -0.180388059158487
0.0707913858422744 -0.0268667490779265 0.0642649212614086 -0.159580747797078
0.0656195946853772 -0.0165149232197899 0.103982024538401 -0.100812295837959
0.0687510502767025 -0.0135998254458753 0.185822609463057 -0.0495682518966591
0.090841316340955 0.0002385006444882 0.231708510936061 0.0360642090603271
0.0981043975561798 0.0313430413979786 0.220140871572783 0.145508625035265
0.10270921069241 0.0773330557179474 0.0949029656716182 0.216997587486944
0.0432530170508448 0.147078435750237 -0.0215442506008294 0.156985031526185
-0.0522635906251331 0.161604765512304 -0.039467887143795 -0.0245135666456916
-0.0876177148510591 0.10805575296243 0.100283570837896 -0.23339133924882
0.0750361374578088 0.000642836722281937 -0.103531155275904 0.254976127841679
0.0512617267436094 -0.0761447341401318 0.0421418325043539 0.0577438555836231
-0.0257281749433089 -0.084743137724082 0.0273759274903839 -0.164576862093434
-0.0569447548573203 -0.0226062886505372 -0.0895726657206953 -0.250959165334778
-0.0358117419299968 -0.00427567281497302 -0.239841746898189 -0.177266835596747
-0.0252457004748994 -0.0102174835214953 -0.280190778940491 -0.0514678027920178
-0.0245254635833216 -0.0155571604095186 -0.230472187334801 0.0515773718960545
-0.0130772984697219 -0.0238631421204979 -0.150805413396019 0.132925335361613
-0.0196479673450437 -0.0307720651991319 -0.0789553971128576 0.177241587727239
-0.0100391926846204 -0.0402219388913003 -0.049209861501083 0.209163740457524
0.00507661055466561 -0.0247355205722764 -0.0471157530760973 0.213504514285891
-0.0102603283794515 -0.0252322747096703 -0.0477444365548772 0.226729411271711
0.00840603480342342 -0.0490972298210171 -0.0521787856652969 0.236719873918754
0.0686391922635458 -0.0247836282991123 -0.0587259660769388 0.248061121473819
0.0767481230832538 0.0307230661044829 0.0235483801600709 0.294204519342944
0.0534948377222743 0.104861288254733 -0.129533408186825 0.226865392450606
0.0454015933949199 0.032568150144998 0.0304280044685809 0.0280380763719098
0.0112110889536654 -0.00257929561044781 0.0118891834386701 -0.182208099521574
0.00651267004966159 0.0289416747282429 -0.0952242117628847 -0.25111505464706
0.0376890466622318 0.0176812792561602 -0.230325620104192 -0.18166783384056
0.0475837549638969 -0.0180380424661732 -0.2683586506485 -0.0673101080948341
0.0372423237609898 -0.0473919509361087 -0.224033432982022 0.0346916567830179
0.0455294007553552 -0.0608952719691167 -0.14737171887867 0.115972929932499
0.0342176176860366 -0.074499432200528 -0.0667444858166821 0.16128079150062
0.0652937907270075 -0.0837053422260409 -0.0256769778234473 0.199550689872442
0.0998762842440023 -0.0381589582636807 -0.0175001503190488 0.222490955306259
0.0990628995229047 0.00265879723964668 -0.0340388409246009 0.245922150729703
0.087164551636169 0.0326462852264689 -0.0561433743567014 0.241688576877719
0.0977588903485413 0.0897263192656171 -0.0628131950988241 0.210012046164304
0.0866144238121513 0.153335763466279 0.0172435589781876 0.231844789867033
0.0226393970037798 0.194203413389837 -0.13101017509112 0.163942942028311
0.0314429078024079 0.142403962957477 0.045956072430428 -0.0222621265705896
0.0493199267738584 0.0901827193535281 0.0145036399124937 -0.217991840835975
0.0798100722962029 0.080825703863939 -0.0973278246809147 -0.259477544285611
0.112456014777992 0.0353733455640883 -0.212588145145087 -0.179670672786379
0.117240511232818 -0.0270830363034003 -0.236299623572967 -0.0796681605685744
0.0947678497616387 -0.0751765030821331 -0.192624721897476 0.00934755428967955
0.0958415944753412 -0.089592037611669 -0.123832922450786 0.0832961810689128
0.0796011592806587 -0.106684185313706 -0.0368536914411256 0.125231447963548
0.122934646609649 -0.117707896674131 0.0166305556104542 0.168897514638801
0.172586892736535 -0.0562135871311771 0.036317613784137 0.213282243867501
0.189016845573785 0.00932920155842244 0.00153908737016869 0.260433075968057
0.161073371734532 0.0898586264248439 -0.0514459805755312 0.250392900909939
0.123816550480748 0.180710429988571 -0.0776321832039822 0.171280566103758
0.0890016340704391 0.248553712244221 0.00754373276105682 0.140653346207189
-0.00653239534465259 0.256420299828668 -0.11479874645425 0.0709908320309741
0.0195600944068923 0.237016439558417 0.0707303552471752 -0.0894333565416521
0.0906158342693616 0.177054393777548 0.0278576406360547 -0.255481480766973
0.156126675895731 0.12077164909635 -0.0880058856217921 -0.264868552464892
0.179934031226444 0.0412882569039405 -0.177960986025736 -0.176489415122142
0.1734017134039 -0.0391218655105493 -0.18395546113062 -0.0941000077627133
0.13762173791994 -0.0956729657486777 -0.142394823361219 -0.0250083856389892
0.131263035915552 -0.105324106952792 -0.0842961441247666 0.0391832552343268
0.11314801631361 -0.119516481911785 0.00415716369712234 0.077509469761637
0.162398427167576 -0.128347899042054 0.0649040603031458 0.1241919433681
0.215833379300732 -0.0600384547891285 0.0930793748483408 0.188334394296787
0.243525521818146 0.0159464250552058 0.0391191351838242 0.261677989138362
0.206138448133869 0.131597552793189 -0.046173083321604 0.25266015360578
0.130245249578412 0.243411524725209 -0.0984701836269098 0.128972845270111
0.0730494246004234 0.305645071244605 -0.0021637309816199 0.0350664737900028
-0.0286265443888788 0.278220307431917 -0.0923839239626575 -0.0418467073585615
0.00947651460468788 0.292686255845286 0.0833163005264309 -0.165401279536369
0.12037599156649 0.234133528437471 0.037837810839616 -0.281420785304193
0.212647928597109 0.140201505015362 -0.0649717073695929 -0.257105047946172
0.22230364598511 0.0368252739989051 -0.121337645098896 -0.172180849896998
0.201486495836204 -0.0500084664565076 -0.116741711350182 -0.114798664536022
0.157865280667213 -0.104528215868596 -0.0810437577983364 -0.0671861907207359
0.146939735290865 -0.103852119688188 -0.0334555977491595 -0.00860171784124799
0.132056565078836 -0.110912326293955 0.052903261158693 0.0269318028077731
0.18227232019386 -0.110771589431377 0.114811080297211 0.0774063841475678
0.230864014375067 -0.0400834813758903 0.142866155805139 0.159274967644398
0.258191158044696 0.0380986327109083 0.0686084498712658 0.252389797730761
0.20828106936018 0.1661325605683 -0.0437734890150681 0.240427491455767
0.103479169588531 0.277066357089857 -0.11361341272467 0.0809139055592815
0.0344138129879651 0.317757118471894 -0.00179171222583619 -0.0692820442717027
-0.045723983534095 0.252846827387883 -0.0722908404501707 -0.156200253911178
-0.00200145005212816 0.293974365110916 0.0753827298426878 -0.234876572593774
0.12481791676561 0.245622039065296 0.0395111802433875 -0.285712693071018
0.224306732819412 0.132827531752647 -0.0339664125793267 -0.235901846475498
0.221476349901158 0.0264103555219884 -0.0536033957973109 -0.170060773837668
0.194047082641512 -0.0517743507007055 -0.0443932424167279 -0.141947386884913
0.152638874944591 -0.0970095951847041 -0.0186233562541454 -0.110187867636274
0.141279706730104 -0.0868308970120481 0.0207233310553855 -0.0531192806324642
0.133305204030364 -0.0861069182490531 0.105325907755239 -0.0153947517175322
0.179746419814158 -0.0732145154249479 0.16377265805998 0.0445663285432028
0.21580385751355 -0.00411312932398649 0.183780989475227 0.14036584976422
0.232370135610624 0.0717177900474377 0.0854691841322983 0.240977732154982
0.167985848900881 0.190127081076104 -0.0434329206050384 0.215835414291611
0.0485642777378378 0.279287280615525 -0.110087979197106 0.0315630835201907
-0.017048515420126 0.286612835655229 0.0178459776973644 -0.159311207296714
-0.0576508411463525 0.183311491032596 -0.0589725547896292 -0.250780817516728
-0.0165209848592705 0.23888806699838 0.0505724923151361 -0.281132085407104
0.101236031563732 0.204245251434634 0.0398128788066406 -0.272102403591899
0.184337085439425 0.0987920662733163 -0.00158610495431893 -0.211757464510801
0.172915076064511 0.0149714208464738 0.00823741873948822 -0.174448647007319
0.151171372480151 -0.0399032278782199 0.0150080998637625 -0.169943466111533
0.122231254969914 -0.0713079109453801 0.0327434051154774 -0.147283111342379
0.113937830966606 -0.0565172298347526 0.0710405371988763 -0.087339670097615
0.11291001866598 -0.0510190126917593 0.155573977833857 -0.0436241341349687
0.149878704112131 -0.0314035034188532 0.209062104342452 0.0304387446630202
0.169736092198705 0.0260875141283843 0.21378655340957 0.139011819948686
0.175523757654425 0.0917015189557229 0.0952868018700011 0.230972949055707
0.105815138951382 0.189369737149755 -0.0370200157347375 0.186363239819249
-0.0121813118090183 0.242587791963854 -0.082735489282166 -0.00935676219214147
-0.0638603753101371 0.21446574978739 0.0551909129135916 -0.2214385898361
-0.0700882425593671 0.0799247974548857 -0.0505699720104549 -0.30437171115001
-0.0378268073873897 0.143090202396845 0.0249529265490594 -0.290917777921874
0.0507049214816248 0.126505579458127 0.0447678235950612 -0.252697140996112
0.101597999703353 0.0501682126570103 0.0250350837008613 -0.201691897012542
0.0876033359863348 0.0107343449925668 0.0434939681821572 -0.186910680023946
0.0818200203774642 -0.0122819627940276 0.0456530457730162 -0.190563119041044
0.0736972047284351 -0.0290800431086918 0.0644195719374537 -0.169024372924446
0.0692042668868025 -0.018225502425564 0.108405054876442 -0.106723349895694
0.0725422852754992 -0.0140002567583572 0.194798509506426 -0.0545587143105962
0.0942424479556623 -0.000521959361734546 0.24366325150214 0.0356867621814075
0.101959477628669 0.0319239831062507 0.233089324223885 0.150356825755297
0.107173312462801 0.0792378127211676 0.101812860161947 0.227797157602364
0.0465716591678637 0.152628287288327 -0.0204950714233454 0.164426434968277
-0.0538871491558437 0.168711726360384 -0.0407075150123721 -0.0248818938732014
-0.0897347023740378 0.112769447509322 0.101055571014641 -0.244689580052847
0.0776975976233165 -0.000757666231774504 -0.101272780977963 0.273113995108861
0.0516030305890926 -0.0814216084542502 0.046316804473366 0.0609251211646422
-0.0310987857211872 -0.0883717695111564 0.0236761136981067 -0.177011695773891
-0.0600988515196874 -0.0209709759698247 -0.104256152544758 -0.265565342613074
-0.0374008983862969 -0.00289768581503778 -0.259021953804761 -0.18252354483673
-0.0271868321149774 -0.0092382441981168 -0.300452954501065 -0.0440584455130838
-0.0259735151879982 -0.0154661726976387 -0.244972990392647 0.0646415621343436
-0.0142875793212884 -0.0256837199129715 -0.155892161186252 0.146530206977264
-0.0218491159536894 -0.0320337874598905 -0.0788259292622851 0.191988146745102
-0.0121970103254908 -0.042293487419868 -0.0461485954860205 0.225588297897897
0.00555864435849403 -0.0261410472816895 -0.044873781806157 0.22844037073495
-0.0110429957468566 -0.0240128201825335 -0.0435093485502628 0.241390999866554
0.0071074139124668 -0.0506625909653861 -0.0495566782243905 0.251774537686151
0.0725978748177246 -0.0277313919383201 -0.057244835849821 0.266230638697813
0.082036327994456 0.0316717231002148 0.0343469881275105 0.315340433136288
0.0584611447733904 0.11022167079979 -0.12957119578902 0.244737176607299
0.04898864349593 0.0343154853598881 0.033586129956256 0.0305380475724647
0.0106795981192605 -0.00261936051215937 0.00650311749318013 -0.194382008110822
0.00950283339742973 0.0313893590783215 -0.109166797481779 -0.265718298913235
0.0416130971129715 0.0183756083268763 -0.249916582274282 -0.185972322456571
0.0507170784160317 -0.0205843978375739 -0.287740479804692 -0.0611579741482481
0.0389587185311878 -0.0521189677641235 -0.237935485911989 0.0455328890497034
0.0471162342299563 -0.0674382989262956 -0.153091755163049 0.128405303312286
0.0352961632534787 -0.0808826318568499 -0.0649786742959892 0.173740030308198
0.0669764642106752 -0.0910982774484722 -0.0208504537090561 0.214645489326109
0.107194083759221 -0.043980339353888 -0.0117852133556072 0.237450599783799
0.106697115898081 0.00095231711900861 -0.0285033870660687 0.26187166051961
0.0942833337160186 0.0339294247730965 -0.0524174462645388 0.2567103097476
0.10669005563622 0.0943113022861977 -0.0618025560973909 0.227269768683047
0.0955250168869786 0.161626092566651 0.0258791021492914 0.249260156311663
0.0285690435423306 0.205724172110765 -0.13309098172032 0.177853755359998
0.0375430012193997 0.152373693482532 0.0489754025333439 -0.0230521256817803
0.0534721725471665 0.0946359722132326 0.00883932475074405 -0.231632818820875
0.0887194213495319 0.0839505293023085 -0.110720276957973 -0.273295825718652
0.122052981557868 0.0350400678540621 -0.231284579427276 -0.184256181861379
0.124934936389461 -0.0326560119672928 -0.253998391243622 -0.0759815350392552
0.0990829602446157 -0.0840501572303565 -0.205415111589563 0.0161297312039867
0.0998148342887844 -0.10075264392454 -0.128256796545155 0.0931482881323954
0.0829643446213313 -0.116677512244693 -0.0337832172370319 0.134566215878252
0.127715274872158 -0.129362306764843 0.0238878525006634 0.180006413303194
0.184076364027655 -0.0654529933690902 0.0450522041237682 0.225982068532762
0.202980840871492 0.00361026297513836 0.00912512663021079 0.276813280894546
0.174690128233277 0.0928737607203045 -0.0466296059047272 0.265408462499603
0.137351564920729 0.190792046732256 -0.0778812150111205 0.185715253714644
0.10064413649697 0.263316439167137 0.0120887442393148 0.15247183433174
-0.000323572434793779 0.27209510866736 -0.117638452915472 0.0786007196621154
0.0272752547983035 0.253443321332336 0.0732947828654112 -0.0947637612434616
0.0990607203585272 0.185506441934846 0.0217892362153466 -0.271055095352406
0.171135016637823 0.124269973876259 -0.0997870160823939 -0.278865268154474
0.194278679891615 0.0389684808342112 -0.193157086427962 -0.180800644246897
0.183339524931163 -0.0473064360180097 -0.199282287161214 -0.0931919770912714
0.143821373860443 -0.107244939952495 -0.15290826088196 -0.0229182913663406
0.137259590281356 -0.118267754775763 -0.0874494888376006 0.044351563019981
0.117993609568635 -0.131635937117288 0.00834873536803971 0.0810766695759287
0.168830850307031 -0.142738465510713 0.0740273691990254 0.130421939100934
0.230938200152933 -0.0714733916628774 0.105621024776299 0.197416942155172
0.262225549943646 0.00916384265276168 0.0501018640912431 0.277088094244073
0.224730593676089 0.135006551413852 -0.0407643479227258 0.267510444209855
0.146620019058565 0.256973226426865 -0.100679186803318 0.140470162514209
0.0847583058609006 0.323286380193293 -0.00185705879157489 0.0401332688800876
-0.0235335157111514 0.295961861180152 -0.0969064549526799 -0.0419626032224265
0.0193799926096387 0.313705912330616 0.0850107899206592 -0.176184757135302
0.133207430486803 0.245651944564729 0.0319683268806253 -0.298557936689153
0.230728049592561 0.142906477628048 -0.075679050133331 -0.271107016031159
0.23953758191164 0.0323322993177935 -0.132979937350944 -0.177713242779421
0.213597744123342 -0.0603375794453887 -0.127588899899779 -0.117991509708399
0.164974838183719 -0.1174213501683 -0.0896038438033403 -0.0696348122035912
0.154191001573855 -0.117579403156793 -0.0353183983141771 -0.00807407003257224
0.139049851436983 -0.12309044293716 0.0589350784894666 0.0259279532881069
0.191024720592208 -0.12544231180894 0.125611352887725 0.0792422959519617
0.247611280592538 -0.0506227391978336 0.159028476221151 0.163785885675943
0.277498067075746 0.0322336713524297 0.081705852244039 0.266996999204017
0.227267529165279 0.171578469394621 -0.03815532896036 0.25517381756893
0.118495576754505 0.294547590500221 -0.117789593352838 0.0900418958563817
0.0454788940075003 0.33789011269034 -0.00500906152413163 -0.0718735530712157
-0.0408594512193669 0.269064409603454 -0.0787121487208303 -0.164314082476154
0.00693986573035848 0.31416814704239 0.0733789847580069 -0.250240197240526
0.139710755908488 0.257161643014444 0.0344626806588937 -0.303342745348322
0.243315201008629 0.13455531342229 -0.0419520425564482 -0.248776774309995
0.238287411242328 0.0209129611281748 -0.0598647309322322 -0.176925296970045
0.205245120399694 -0.0620959426392085 -0.0517262556832627 -0.149159373838643
0.158944850268079 -0.109475275391031 -0.0252368364425612 -0.118352825004978
0.148534471957693 -0.0986583546448216 0.0211416659154959 -0.0570264725157992
0.140598503343164 -0.0961687351411321 0.112960926380131 -0.0214387034282812
0.189835188712752 -0.0847717019268713 0.177114466754269 0.0412547069159568
0.231149126557579 -0.011914131476313 0.20200932589744 0.14264740964812
0.250586732044588 0.0673336639783722 0.0999699039056513 0.254788717731671
0.185909561596544 0.198142227011274 -0.0375468309143344 0.228965541769903
0.0606895335125972 0.296967671895325 -0.114981482155366 0.0373674590163772
-0.0100955743600491 0.304839487701285 0.0121389230039509 -0.16850296435998
-0.0557174783837262 0.194720683960265 -0.0675155995953582 -0.26444665343032
-0.00997278515182669 0.255271697092761 0.0454462780024926 -0.298483262174116
0.113985406124616 0.213891536589416 0.0339824017186567 -0.289099116769666
0.199245419873842 0.0984451951038497 -0.00626988729055942 -0.223490722905421
0.185219424730803 0.00969395075166411 0.00511419774590181 -0.183640375466106
0.159327221884741 -0.0487593230009316 0.0100139266694724 -0.181663561510563
0.127262991488362 -0.0806843665674232 0.0279178771144527 -0.159590835942741
0.120211158283544 -0.0654445458610571 0.0725557564242367 -0.0959051260285213
0.120243032202463 -0.0579450019937676 0.164696445258455 -0.0526727633196372
0.15920525221627 -0.0387791790574158 0.22535474298834 0.0248938639268316
0.182118085691886 0.0213148136781918 0.233956859933671 0.140654166591632
0.189534496147753 0.0907689920117894 0.109703010839157 0.244369903101102
0.119260792750452 0.197980053404421 -0.0323062885506722 0.198128891963003
-0.00459666383117996 0.259500472060348 -0.0872365993439959 -0.00713530243217104
-0.0621564061887568 0.229583549128532 0.0496455244318512 -0.236130918603079
-0.0713427686238381 0.0858991366853825 -0.0613437835996763 -0.323515403047127
-0.0349209397165382 0.152811197391843 0.017954099816493 -0.308390547584533
0.0574558612970237 0.132265577311567 0.0403286269689005 -0.268961679064599
0.108934886189825 0.0492562562716729 0.021175104606828 -0.214249579840713
0.0936200282347552 0.00720284276643383 0.0417187830910811 -0.199071400740414
0.0859132911592679 -0.0165318615112162 0.0422068251424525 -0.205513278617595
0.0771678211387305 -0.0339895741677406 0.0611289908559189 -0.183461104340454
0.0740661835839254 -0.0223489505610754 0.112111653383718 -0.117863040708301
0.077933038483739 -0.0174872457441586 0.205927923545374 -0.0654148837811697
0.100450518348043 -0.0038824724059345 0.261771458805983 0.029088205947053
0.10933181524527 0.030239979099456 0.254774604948874 0.151858348965873
0.116166404217677 0.0800874976651444 0.116325758779579 0.239757437424392
0.0540680111543208 0.160294981234581 -0.0161361705251227 0.17515869400377
-0.0516463637870987 0.180727447231845 -0.0442437535193496 -0.0253327071921058
-0.0916937593148763 0.121190986959401 0.0967807286277856 -0.26313711042117
0.0808447105297687 -0.00413005697557189 -0.0897129276204121 0.294729235694558
0.048894144344363 -0.0886010935918703 0.0528805198384971 0.0628266930984406
-0.0389453424490293 -0.0896652297441491 0.0118261050687167 -0.189630554968738
-0.0634524586577413 -0.0177824365635169 -0.128961005438269 -0.2757005192486
-0.0381803870168858 5.29890371377614E-05 -0.286224593771428 -0.177823520704668
-0.028224919096166 -0.00663117571557498 -0.321654178549197 -0.025793306111757
-0.0281275651106564 -0.0142828988275742 -0.25536349672061 0.0867339331727904
-0.0169157650480221 -0.0265081900172254 -0.155518622675968 0.166127726213448
-0.0253466053852593 -0.0326931395664671 -0.07033985789007 0.209185454613288
-0.0151423410447944 -0.0438652892548273 -0.0346507372692673 0.243627010795739
0.00597676672292184 -0.0277001514596044 -0.0340908525504091 0.245745406310819
-0.0125125370050972 -0.0236565221515189 -0.0313158758722358 0.257558973993385
0.00442335719398416 -0.0523809284234908 -0.0381026467383856 0.267967616099419
0.0748153756963366 -0.0341152142509446 -0.0460201633767691 0.287533279467765
0.0881289537909026 0.0294534860792958 0.0565486607744257 0.334121256439733
0.0667651781332477 0.113893199365528 -0.120358658437871 0.266196205823136
0.0537361864502439 0.0349988067618867 0.0378681897881458 0.0324018969152847
0.00988759562004667 -0.00177105133558125 -0.00597366218974977 -0.206318623738785
0.0136707657192708 0.0333563087920169 -0.132876203460658 -0.27534328033545
0.0469590284238534 0.0173394039560284 -0.27599390308543 -0.182780158221713
0.0533411923022771 -0.024999192450662 -0.308985189554372 -0.0456000223235363
0.0387894155213055 -0.0583838426615412 -0.249773449319462 0.0658886658182961
0.0457229082886029 -0.0758735107934064 -0.153030249554418 0.146440032985614
0.0324867195044649 -0.0882607819268816 -0.0569503671611857 0.188773938592304
0.0654630122733739 -0.101582814389404 -0.00759635161712694 0.229909084561827
0.11259256658503 -0.0535249942208918 0.00244815743108116 0.253070292577839
0.115045839494913 -0.00532362063047769 -0.0136210502878075 0.279232699446298
0.102565551818587 0.0316245815482021 -0.040547782105291 0.27240314114396
0.118881484454178 0.0945313910268412 -0.0523382671609141 0.245603562134686
0.110080246446087 0.166864604599342 0.0430896929912546 0.265380440968229
0.0414784334334507 0.216003400726817 -0.127918248082302 0.195889878032664
0.0488752010955854 0.161146095497436 0.0512339855560019 -0.025528327141886
0.0606424857020167 0.097796062832042 -0.00571527404316549 -0.245298215912502
0.100676999764834 0.0841204364943642 -0.134848184434738 -0.283498803975106
0.133190413718445 0.0295130469539515 -0.255734750039142 -0.181463572186072
0.131391423747514 -0.0431805423874776 -0.274587314647907 -0.0634133047881258
0.100123272857645 -0.0968853677972522 -0.217035414147372 0.0314671199401508
0.099626512298712 -0.115502225943279 -0.129494994235706 0.107063910982072
0.0813161130388539 -0.129801073994721 -0.0257657871713154 0.14418070144903
0.127210532733659 -0.146990269564904 0.0375055947003267 0.190138204579626
0.193589332527107 -0.0824513601884327 0.0630069516339729 0.2368583188259
0.217494408064326 -0.00878430017041665 0.0279441082923558 0.2931528020689
0.192671009594717 0.0891758524782705 -0.0327946292444556 0.281696162357226
0.158763922430824 0.194976638357927 -0.0716842341503688 0.202016205122568
0.121364694470105 0.273311789859498 0.0226146262479469 0.163511307066729
0.0151541855100214 0.286936951885565 -0.117140924008181 0.0899880344019925
0.0447629537949264 0.268908451606588 0.0728538189302727 -0.102291845086779
0.11458262278953 0.19096962116393 0.00572043061239396 -0.286598804675016
0.190733113614305 0.121075420973002 -0.122786525017532 -0.289304654167353
0.210344170800173 0.028437944569771 -0.214301383736027 -0.17825417595456
0.192203770164458 -0.0628110440223812 -0.217389977706938 -0.0854685800047813
0.145557497984626 -0.124277760376956 -0.164846093903955 -0.0141426833957836
0.138448663439082 -0.136698825425386 -0.0891579316386429 0.053234696884116
0.118995571351221 -0.148072471183881 0.0155784428435159 0.0844023932729185
0.170035113543977 -0.163285128416432 0.0883035064061734 0.133687066812434
0.242989453144014 -0.0923180211275028 0.125419629163685 0.201650476886358
0.279788659463702 -0.00849311031591094 0.0720201666091867 0.290954751065216
0.247894271752027 0.130361056540302 -0.0252903748412867 0.283763387036667
0.172373875591576 0.265793297337732 -0.0978899641258246 0.155664744839
0.109768023028949 0.338658826775346 -0.000215562975165559 0.0453354469497006
-0.00788991981745023 0.313474139725071 -0.101797492782067 -0.0387132163281238
0.0399263861657584 0.33290036851027 0.0797883825286345 -0.189207719115838
0.154762198928208 0.25270323769145 0.0153866259344975 -0.316024135370475
0.255031632951117 0.13721097701455 -0.0961719445820315 -0.28171866106867
0.257752693703559 0.0192034624642662 -0.150003679503314 -0.17735894174885
0.222973296871234 -0.0785932210162671 -0.142933487283769 -0.115862114664257
0.167072078197493 -0.136856731038446 -0.100714971038505 -0.0683008878458122
0.156454197217178 -0.13726753634296 -0.0372089885210222 -0.00600466102676909
0.140964055600549 -0.140472450349381 0.0656018534735306 0.0218734336568579
0.194234660913679 -0.146442689148788 0.140123115261094 0.0759341649517468
0.261697436309148 -0.0711529079351725 0.180200871684823 0.162906140630807
0.297339872200428 0.0140732718727891 0.105287178667869 0.279108276694942
0.253270224775429 0.168138440503507 -0.0235469139111946 0.269714509681138
0.14619570239968 0.307057312682077 -0.118519847875483 0.102788805466965
0.0681893485912324 0.355371242042917 -0.0111230696777448 -0.0737406379715378
-0.0275311484143843 0.286252076960976 -0.0907632426274583 -0.169958182835381
0.0283767163351517 0.334492975878855 0.0638615073197816 -0.267422855159087
0.162892196740652 0.263667108274201 0.0181040356428384 -0.32151774763763
0.266758718333776 0.126497559305001 -0.0584397808965196 -0.259310695544649
0.254365468551891 0.00602109751742879 -0.0726836379598749 -0.181910924767118
0.213330782747322 -0.0807766527385529 -0.0643775993577417 -0.154325826630246
0.161170034645741 -0.127837366118126 -0.0365954543146367 -0.124422830384101
0.151608989915845 -0.116537768496381 0.0196700146207862 -0.0617261616253449
0.144273032513387 -0.111904569101012 0.119719261194045 -0.0320176269779334
0.195264212227755 -0.103749553445416 0.192032310013719 0.0323700249827266
0.246322028988857 -0.0290891287205425 0.225249649811354 0.137763626057467
0.269072119994199 0.0539631853804863 0.123362624790892 0.26425466196301
0.210265076876106 0.198217836482327 -0.0237968523828287 0.243381661629637
0.0844042973015599 0.313428785850818 -0.119193410327175 0.0467124116520224
0.00847570049367753 0.324064948115207 -9.79606348884549E-05 -0.17740990835266
-0.0466553949510241 0.208453830831578 -0.0863550299025011 -0.277069843323313
0.00762333133345266 0.27131983993911 0.0300830273763458 -0.317500108877742
0.134105110502291 0.219128381236698 0.0185730151568925 -0.306317848366243
0.217636082213121 0.0910924503773381 -0.0191425205271374 -0.235594250448408
0.197141602451795 -0.00312470596739305 -0.00400033695151436 -0.193063018803302
0.164759559054031 -0.0627487329472328 -0.00164508967837827 -0.193103146038409
0.129016324674654 -0.0948998825693595 0.0171379376700974 -0.171816451358296
0.123830660450296 -0.0787829674825778 0.0709057463181173 -0.106575745428691
0.125042208650851 -0.0705048162392897 0.172271346458379 -0.0683491317938102
0.166282497114647 -0.052678859460785 0.241646386847682 0.0111312642849272
0.195127207533011 0.0104213800886777 0.259203323828768 0.132519904595134
0.205903637583757 0.0823981423830086 0.133309074050843 0.25280803872062
0.138982997570299 0.202082213407739 -0.0196366234331993 0.210868551990712
0.0117888212393368 0.276251493130423 -0.0924995516822017 -0.00211490950583463
-0.0504485122272639 0.24632860110696 0.0346918924437354 -0.251976863067937
-0.0698545312366656 0.0943825214023703 -0.0832229821415748 -0.339941801616879
-0.0262470827242024 0.163632221045426 -0.000198913127040179 -0.326262761284487
0.0697521887242658 0.135949781930422 0.0260923756761177 -0.286194702812256
0.117232667413635 0.0444462486286255 0.0103339903950379 -0.226693865048835
0.0991377415743838 0.000541777687760564 0.0336005183007409 -0.211818948611353
0.088758347706157 -0.0235109760262518 0.0307318729946354 -0.220985937909913
0.0787397113941456 -0.0411332111829945 0.0505572473830092 -0.199525310931127
0.0776767147117024 -0.0293381061928287 0.111159870878804 -0.132504503859321
0.082402863720419 -0.0234623343639277 0.214341469200313 -0.0843556196185875
0.105957338744757 -0.0106171016859334 0.280753110140251 0.0130096207134725
0.117798869601356 0.0248278644458328 0.281236106600044 0.143856814945235
0.126807195419146 0.0758894425191308 0.140635903981254 0.247993127156521
0.0679906380565534 0.165983425677068 -0.00396799077986291 0.186663903801952
-0.0428441043775612 0.195550401849162 -0.0479291813560777 -0.0242515993141369
-0.0887426378359724 0.133279937474117 0.0818833066311464 -0.28454271070778
0.0809103711986828 0.0309775845039008 -0.214503056047485 0.237628447358521
0.0847986845323305 -0.0628402814827347 0.0197200439956363 0.0860382529889618
-0.000906607809190658 -0.0987839286830334 0.0910507306668998 -0.170814317586412
-0.0521138717723724 -0.0386185299150529 -0.00372283230695394 -0.317121879045631
-0.0352310581377009 -0.0106089854164616 -0.191895514699812 -0.291351713621079
-0.0230495419041705 -0.0153667391519692 -0.292080380524189 -0.164501257155255
-0.022026683559624 -0.0239359207383893 -0.279628622543563 -0.028119061348558
-0.00435233698857343 -0.0316049803051153 -0.21686476496911 0.0889654938041654
-0.00887990835304724 -0.0399033126020982 -0.153903777783263 0.167610289307891
0.00524872959574763 -0.0453599672104834 -0.134852896816899 0.213579078993237
0.0186890253014642 -0.0216581177010892 -0.137483013767483 0.215351157138444
0.000266385070746153 -0.0212522644869965 -0.142630812831593 0.224930423669759
0.026209054361331 -0.0427607398071526 -0.155853241965831 0.231886063040944
0.0843056515550084 0.00468239797741635 -0.176820061523647 0.253135205369924
0.0706593452930787 0.0666957910029554 -0.107109496668154 0.34474188415032
0.0151265693523204 0.136944667867013 -0.228586543315718 0.198270916095447
0.0353239360125574 0.0571405807106772 0.0213446343100921 0.0471649745624665
0.00660222957620355 0.00554577395323385 0.0840088762566983 -0.196404061815531
-0.00206305345243497 0.0416665545623991 -0.00573451869928118 -0.319886459930609
0.0377216832199359 0.0425681770076097 -0.179609897857853 -0.295183832215626
0.0621920404826696 0.00322083190685196 -0.271864861534551 -0.180068651940836
0.0607335189847019 -0.0375171555949562 -0.26391977538895 -0.0472778090749844
0.0777343488946992 -0.0522950618547819 -0.205404637938262 0.0719793135148259
0.0703713440096801 -0.0683470419681615 -0.131599692290046 0.153810838385582
0.106888310597104 -0.0671770834004819 -0.10300462973371 0.213559204064122
0.133213449744341 -0.00156878163975449 -0.103989567139411 0.240408437273121
0.111925555478305 0.0500582944429381 -0.132709172557008 0.257036600888885
0.0814420806997145 0.0803568278044354 -0.161132040930935 0.238521463827764
0.0704670422487617 0.14535562442938 -0.166656463524388 0.210817173640653
0.0314424298482904 0.205659236788434 -0.0890242564671165 0.272502907495601
-0.0550289362224973 0.221697580219675 -0.201083632914835 0.128731436563069
-0.0250709278067452 0.17571709039118 0.0610544327819227 -0.00372326062748226
0.0103590710439778 0.123015812254758 0.102462245083993 -0.235726374971471
0.0575346413221017 0.126648255048183 -0.00126404436141931 -0.330768643173205
0.113785741453648 0.0917810578281261 -0.158632566086983 -0.28816995143653
0.142688769685994 0.0187954894707074 -0.232727439661936 -0.183190344139405
0.135316708885391 -0.0480313296953332 -0.219284650241268 -0.066722619093605
0.147279254856909 -0.0674349840818925 -0.166369685404953 0.0443487318295038
0.134194726170229 -0.0878220753527093 -0.0834394623877341 0.124893868239174
0.183912953649599 -0.0855795332404281 -0.041739664473259 0.195831411955159
0.22352703345952 0.00543569777427158 -0.037092338659508 0.253148722074503
0.210535241266716 0.0894378089070853 -0.0971533723482964 0.291053971442107
0.140896186437206 0.174248856188553 -0.157349706355833 0.253623859096792
0.063358711472531 0.257825091825639 -0.166974233480962 0.160809674142311
-0.00362721613764577 0.31142026371533 -0.0620589079397464 0.16557862485014
-0.112458517198731 0.277080967988238 -0.141314753509903 0.0337573307783044
-0.0771116370010607 0.27689549157777 0.117747846757055 -0.0698026198379782
0.0198272154489557 0.236325667204472 0.134115222361282 -0.272853941388578
0.124835537157823 0.199923848854863 0.0139505988476492 -0.333399371981653
0.185597878933522 0.124401425414025 -0.120884353245712 -0.270412861412706
0.208417702899027 0.0257822893732991 -0.169735817874224 -0.180482757693993
0.190775721484675 -0.0560073943644792 -0.150694977859135 -0.088258850358919
0.193807213518491 -0.0712586918895973 -0.10484960561861 0.0108159375042482
0.178302306106835 -0.0896231058243777 -0.0189466526384876 0.085348295786902
0.232943882056412 -0.0842737012322418 0.0297480704644976 0.164792860644495
0.27475599533945 0.0162022169794482 0.0382490850620954 0.249153787762101
0.269884672039509 0.116222265210689 -0.0536133982261144 0.311599431945231
0.175889951798346 0.237899213076754 -0.150318437005311 0.260915834713827
0.0459369205795883 0.329929529048684 -0.171628686260192 0.104648644409247
-0.0432324197726202 0.367243629875616 -0.028996065821348 0.0427051334723931
-0.146422029278924 0.293726917120085 -0.0679637516121666 -0.0817889846284221
-0.109381394919981 0.337032930260654 0.163773496856328 -0.150595511953152
0.0305610929473753 0.311963879827704 0.157410214962348 -0.297603400193662
0.178381770729935 0.242034003394986 0.0377089307258053 -0.315256079655056
0.233864011233885 0.134045977296027 -0.0593061900900755 -0.243503303853282
0.244074203469658 0.0231282173887949 -0.0858857288375015 -0.177468308344073
0.217181770446414 -0.0589302957069302 -0.067103015825962 -0.111514904758122
0.21175366508581 -0.0644579523478348 -0.0306330266781068 -0.0231985730453692
0.195541799101761 -0.0737751030414878 0.054834966437964 0.0476718213799011
0.247707043300222 -0.0582854489754435 0.103483717540204 0.132708202838663
0.283591293605834 0.0438931109102702 0.107261187943806 0.236863341402692
0.276722507846433 0.143126318187634 -0.015848443645795 0.315543689384025
0.163482932761825 0.27481496607088 -0.142228788737506 0.249928626865209
0.00209084993540939 0.356832521691051 -0.167862156524198 0.0447422794582567
-0.0898408768360695 0.36502768183124 0.0171664892102922 -0.0752503974602466
-0.154492074400249 0.259823348627092 -9.09126599357772E-05 -0.200932415012861
-0.121731602941099 0.3333709609212 0.182846969416153 -0.230999993081274
0.0341544583157176 0.326551653775463 0.162062459404389 -0.302527435280776
0.194303573119566 0.236633920638819 0.0633639548679432 -0.277599614942357
0.236425678613079 0.119322259004109 0.0149468592777025 -0.213613332662611
0.235672782956294 0.0161579788822541 0.00489110970098179 -0.178815111981388
0.207953842408811 -0.0530503095226432 0.0180690230904112 -0.135599274703209
0.197237626711354 -0.0462136644531782 0.0453970279298268 -0.0506486832225494
0.186198625991249 -0.044836359754638 0.128105313911479 0.0202778911018059
0.231198872442629 -0.0169119956081437 0.170135871984312 0.114007250459111
0.250504350308027 0.0763396868807865 0.158122723058585 0.23174604847143
0.233652759524089 0.167028270629955 0.00576251352611495 0.311078975832162
0.111076999713939 0.282916819361396 -0.132328745656713 0.223073989009109
-0.0575258684964141 0.334307917902815 -0.142370821854774 -0.0108392231331064
-0.132553849412111 0.307930301553441 0.0768582677337681 -0.169290788903522
-0.139391520390922 0.179147636575923 0.0489870856977027 -0.301114653548627
-0.113333103603294 0.265758087495941 0.173039301929739 -0.291814842118565
0.0278811464647947 0.27066645078516 0.156605588231083 -0.286441629257478
0.162547243337891 0.180249862557063 0.0884141457324111 -0.2364531899849
0.184499520726077 0.0842753597140605 0.083920914168105 -0.19098598362063
0.1806958805134 0.0112655009577189 0.0822078697069245 -0.186305708692115
0.162931898218592 -0.0371162621344146 0.088206190942417 -0.157130123315675
0.154255229053621 -0.0227045528855123 0.112904851435536 -0.0708027146498622
0.149826873072292 -0.0144373683525694 0.192395766261459 0.00797666745396114
0.181853326536988 0.018328380239526 0.224168686114586 0.113921494157559
0.183984800898133 0.0918499062899253 0.189886654733136 0.241559383779631
0.161401581911431 0.165945500600267 0.017490569556299 0.303250096242408
0.0417530205248576 0.254054070276176 -0.115026357999107 0.19452360510843
-0.10888354505632 0.265884230664613 -0.0933991449668314 -0.0468791831968908
-0.153676942457423 0.208994569022887 0.144466675646893 -0.223236141686677
-0.110795128139311 0.0617019555353262 0.0749520133056754 -0.358845274397166
-0.0976171221389451 0.147159624990385 0.147597497743723 -0.310548098446357
0.00307626523252792 0.16229577559916 0.153705287081935 -0.261307185343008
0.0872451745558378 0.0931793581594394 0.111558333529444 -0.211609118847158
0.089172664288956 0.0436980821267445 0.126016186570717 -0.189010551394602
0.0906416561246909 0.0153722499187403 0.126193314508993 -0.196444960362118
0.091708659477177 -0.00771764294674439 0.131924486892173 -0.16697782335477
0.0877661367484474 0.0054197938244929 0.161027492466051 -0.0776247317463804
0.0893823561748148 0.0116527651490285 0.23869009017927 0.0110104806665658
0.106657542052993 0.033022300771284 0.259337217566553 0.131272598208832
0.103220983666609 0.0732497703069943 0.204711964946086 0.257760996312475
0.0886115489914999 0.126564990796882 0.0249222356791368 0.300610789846624
-0.00969195398622372 0.18692313444881 -0.0898229397471967 0.17740031059564
-0.124501269318284 0.165150275119847 -0.0394414622805564 -0.0491112739115578
-0.140586161743921 0.0864483391034115 0.207221863708412 -0.231454116582323
0.0821354894693951 0.0266998751201031 -0.198766170924285 0.25629471907113
0.080852179787889 -0.0687923648314735 0.0270426150382372 0.0880354622857898
-0.00864355790421061 -0.0978630079921208 0.077910227948354 -0.178519408829651
-0.0541628811058496 -0.0344853647094793 -0.0299030654918851 -0.320827706180075
-0.0354200967892653 -0.00739285624873068 -0.217046523957509 -0.282636929301918
-0.0236044802965481 -0.0122031593565888 -0.308500613844445 -0.141797109605469
-0.0229172041665688 -0.0219125553230785 -0.285446362382383 -0.0049074241198359
-0.00667927461214514 -0.0318854553024501 -0.212518551932458 0.107594218724964
-0.011709262622622 -0.0391732641860711 -0.142929525223654 0.181543811146076
0.00212046979192402 -0.0466134226418329 -0.121011306415191 0.22807005492257
0.0188263151972982 -0.0233272009476701 -0.1242194329505 0.228536988409112
-0.000858293947498392 -0.0193290624859353 -0.1275496623302 0.23691381022551
0.0227959974699933 -0.0438946926783847 -0.141754580843502 0.244627769859869
0.0859015010394353 -0.00129429238908199 -0.163180424788773 0.269406889285598
0.0759495846796486 0.0632861330540224 -0.0826099780552813 0.358235499825674
0.0239979667458323 0.137806713526929 -0.214545516756801 0.217581133633092
0.0402017255232128 0.0566375604773962 0.0256629041115768 0.0492361691808784
0.00604002318092648 0.00659700706820661 0.0685158267287945 -0.204033506544205
0.00287365223497824 0.0425437970516291 -0.030657931503968 -0.324146139182176
0.0428191934183945 0.0405519330448709 -0.20356359115327 -0.286302398640638
0.0641694059288372 -0.0010131546458871 -0.289753312848917 -0.159123033274718
0.059199078917964 -0.0426617183139388 -0.271882176946025 -0.0255470656402601
0.0756098169518779 -0.060086676422362 -0.202382734124653 0.0890400483283705
0.0670117486631165 -0.0748853573093959 -0.121047097974862 0.165746519458531
0.103613160970236 -0.0768629132869174 -0.0874950564981397 0.225426333182721
0.137572503941388 -0.0115833621382366 -0.0874696795228081 0.251758138784893
0.118818948015191 0.0436165737304675 -0.114633068042501 0.26922663953632
0.0887095667687249 0.0773369742223591 -0.145293827616417 0.25066665389876
0.0822483439847372 0.143197770423156 -0.154884995789847 0.226537336577988
0.0464995625254847 0.20615344253043 -0.0701016417896347 0.284298476136658
-0.0409887742424439 0.228180957725765 -0.191054973871359 0.145179469489871
-0.012447878426831 0.181548052545424 0.0629130128932784 -0.00507662291063185
0.0178487992655045 0.124933847748517 0.0854376745147295 -0.244344993208113
0.0687038246669657 0.123899069064197 -0.0256585894096965 -0.334620225135372
0.123713823801665 0.0846183682317868 -0.1818009659696 -0.279118201260543
0.147521701449711 0.00819854564247481 -0.249130594927382 -0.167135370818802
0.134445793125361 -0.0590927344163329 -0.227454105783433 -0.050147275852247
0.144627076536491 -0.0809668055568195 -0.164191756480558 0.0578417323703579
0.130804178926135 -0.0992967736247974 -0.0736683500041548 0.132242723157412
0.180786630159181 -0.101454793952624 -0.0265744594924641 0.203137693803866
0.229770108522204 -0.0121346504848874 -0.0179583733629511 0.260044975762685
0.220995012360052 0.0756549182983343 -0.0759046727768878 0.302261908326751
0.157125025815378 0.168059229766806 -0.140768574953951 0.265275257921747
0.083727714915635 0.258464366298537 -0.157952472935247 0.176121274814359
0.0181247672700044 0.315829199994303 -0.051160870258416 0.174028001260522
-0.0953028731557472 0.288570800545618 -0.137332152487154 0.0443561800434168
-0.0569957775440625 0.287914784457491 0.115472171038748 -0.0755784021032505
0.0348952186490118 0.237704596578125 0.114774316724809 -0.28359329687083
0.142298786279335 0.193392833539352 -0.00921119210564159 -0.338040524659027
0.198916440994295 0.111955373581364 -0.141077927117725 -0.263680290449352
0.214148890227987 0.00988820098821089 -0.185067973401526 -0.16812160773106
0.189680727432162 -0.071376012737894 -0.159488923457002 -0.0773695755471326
0.1917472321167 -0.0888846830127695 -0.104982884244654 0.018846904218599
0.174759334577594 -0.104983147781721 -0.0107890018693396 0.0872736750731513
0.229313009196992 -0.104040731504068 0.04502005802551 0.165135727563631
0.283066660576438 -0.00494988757749193 0.0587019968811919 0.24930203457111
0.283353925820216 0.0970612703989934 -0.0292725283801949 0.320247321399555
0.196352489850185 0.229560918580327 -0.131574346166507 0.27173727280466
0.071149651055592 0.33366452857992 -0.166061555515311 0.119725715195841
-0.0184627861672622 0.375234363290592 -0.0272640595630939 0.0472355803537917
-0.12840554343193 0.305919118161654 -0.0721399414562406 -0.0779252618234486
-0.0859959772269132 0.350829189839436 0.156156776592796 -0.160876745199566
0.0520608944371058 0.313921362831871 0.136981858333716 -0.310696939765156
0.199531613382946 0.231761786503464 0.0154856517912009 -0.321189783613704
0.249102243034425 0.118347462516778 -0.0771699695635433 -0.239579984943876
0.249669010839238 0.00407258640329273 -0.0999744993908802 -0.17194733556801
0.215837033798845 -0.0769636470251736 -0.0772408077427576 -0.108619176329783
0.209635222149854 -0.0829870527980996 -0.0323306398211977 -0.0204962478064912
0.193296785713496 -0.0904724835748599 0.0605586742052755 0.0425771019015031
0.247309760063912 -0.0785236658793304 0.11740680136964 0.126165726395585
0.29420036610926 0.0203232413917613 0.127273056693508 0.231678604026431
0.292297310299376 0.123270352660598 0.00926915285360783 0.322325942558269
0.188140102973678 0.267942385698317 -0.124303407326639 0.259870341461282
0.0301058176396615 0.362935582980587 -0.16642448934899 0.0578060776435438
-0.0645622113462742 0.376500751427804 0.00899073082709743 -0.0755094571391504
-0.137998766848463 0.27311186718497 -0.0121306500418934 -0.20360351851305
-0.096507665205302 0.347721228831176 0.169350565133684 -0.244034759694773
0.0576372580212057 0.327986732274106 0.142314465693218 -0.315303322734585
0.214326249490807 0.224659037941099 0.0441823635122221 -0.284768808225611
0.249230878376558 0.102133206260051 0.00135891692028569 -0.21382749073534
0.239524220751481 -0.00244803101281974 -0.00746257377035096 -0.179871926518512
0.205756776334947 -0.0705738625349561 0.00641141882793371 -0.138896157456808
0.196814528005523 -0.0639659345912097 0.0427172330851561 -0.0550965084274215
0.186354741213911 -0.0612301812269577 0.13275036834988 0.00922474113914676
0.232913039223566 -0.0364716632805556 0.183190899520898 0.101341797939755
0.261640544178604 0.0566120148785769 0.180014815475405 0.222718990200294
0.248872738478182 0.150547171377731 0.0315879913373827 0.315410518573667
0.135253369429012 0.27928364312573 -0.115264625810281 0.234128919037257
-0.0322602785070024 0.344576750791253 -0.144500197722592 -0.000738219102017504
-0.110418574630304 0.321622383321998 0.0616563905305383 -0.175000359853694
-0.127532784532853 0.190214166854722 0.0298890780779946 -0.308533212478942
-0.0935071184075681 0.277449030467837 0.153945896108646 -0.304356052010675
0.0470751847308167 0.270880422311349 0.137104214115411 -0.29906516237223
0.177621956122027 0.170018995232169 0.0730601858828162 -0.243759085918948
0.194117975365672 0.0700540770724147 0.0725201954811297 -0.197148463627815
0.182843573461947 -0.00295730464416176 0.0698058967231232 -0.195005311900412
0.161256592565157 -0.049914174711594 0.0761156568247703 -0.165712957559895
0.154374497981434 -0.0360251083613051 0.109169174046965 -0.0797764284347695
0.151473665934851 -0.027205459083644 0.19654910263955 -0.00776925473147382
0.184964318710006 0.00399103685364728 0.238177738082432 0.0978109010799007
0.194313334727663 0.0776083152824451 0.213045760494784 0.228616719114307
0.175376112020524 0.154432133846128 0.0435820198806775 0.307621439484701
0.0626040008184028 0.253137955011385 -0.099386810500659 0.204458613935341
-0.0889571902836327 0.279260568650233 -0.0986618197982523 -0.0408550535786514
-0.138702203493604 0.222554618361435 0.126119808491688 -0.234965564783637
-0.106851545615212 0.0694383910675244 0.0505213459542914 -0.36928150700959
-0.0864213860189949 0.155840710522496 0.127356904294829 -0.322728444744301
0.0162772947718354 0.162897616742925 0.137440971456048 -0.273585001368177
0.0943070124039337 0.086554199830013 0.0977410636100182 -0.221695660170439
0.0933808173819928 0.0363236868619326 0.115982398467817 -0.198907077615669
0.0918743521945275 0.00863192082482452 0.113132630928291 -0.209334815834864
0.0908126021268095 -0.0146505582183088 0.119762372756157 -0.179815021845013
0.0895014026891451 -0.00237447670444343 0.157315420505245 -0.090662996443172
0.0912003375930085 0.00432684259796465 0.242640463542614 -0.00795200367396402
0.110340175341002 0.0245317778344896 0.273526330483705 0.112268771596879
0.109846827190434 0.0644889284942186 0.229403093144762 0.245098768472457
0.0994788840865824 0.11958745434329 0.0495317774359921 0.302813694760336
0.00561078101572961 0.189281306386763 -0.0755499248321863 0.186335116760121
-0.112629291088904 0.176694699536449 -0.0439956973051067 -0.0469531268333699
-0.134598413899391 0.0960776519549732 0.18781757584121 -0.248239616824971
0.0832801129257457 0.0234349899308928 -0.183362946403497 0.269008462216778
0.0774112666699186 -0.0731118437659911 0.0337049062343092 0.0895462532525432
-0.0143386613836485 -0.0956570111322351 0.0658455992267978 -0.181576581394846
-0.0557322616517262 -0.0309387115002331 -0.0507035935670649 -0.320210188902013
-0.0345220172241437 -0.00506776400866972 -0.235283125084024 -0.271738847967212
-0.0224660038354721 -0.00976391281769156 -0.318221758240726 -0.122622240500079
-0.0229649697718757 -0.0203625486035671 -0.286818668039277 0.0155490707775795
-0.00743790564686345 -0.031725421525107 -0.206549215273263 0.121407078177917
-0.0136384188050717 -0.0379269248151158 -0.13207816684046 0.192436489024963
-0.000119475311537432 -0.0463693581657865 -0.107040959109416 0.238420532215921
0.018976167373857 -0.0246019401080514 -0.111552869033858 0.237059174030894
-0.00105527334544469 -0.0178536303657039 -0.114450288904689 0.243910690472929
0.0203842165683955 -0.0436498080936577 -0.129805433690248 0.251414210881822
0.0862502523973817 -0.00627475946827291 -0.149024641822002 0.280138733714932
0.0795217271542522 0.0590231920002774 -0.0621311615753549 0.366227432309769
0.0312318446714064 0.137084434772789 -0.200713434589579 0.230285308037244
0.0443432425371722 0.0553714461195566 0.0300459833444815 0.0510655272217144
0.00538070613032334 0.00779727596969315 0.0554113681237118 -0.206688643429722
0.00610867997418276 0.0425024820001804 -0.0508453114360091 -0.323165442463897
0.0475789994840244 0.0384429627377728 -0.221042157449634 -0.275584078454647
0.0662018498262223 -0.00511240116604624 -0.300414850142098 -0.14051341493416
0.0577113890895877 -0.0468005583525115 -0.273886365296706 -0.00719350030399362
0.0728235333404817 -0.066207633568958 -0.196629780963488 0.101368268621664
0.0635490683180893 -0.0790001573869813 -0.110832829224037 0.173772374482057
0.0995214504332006 -0.0837400619696879 -0.0728558093903855 0.232824148802129
0.13998726911014 -0.0211317936365737 -0.0728127328383568 0.258247938337856
0.123361625601001 0.0375061507205603 -0.0981730061708348 0.276246593357759
0.0948761919342812 0.0743401135408111 -0.133045518326003 0.256959853929259
0.0913046204922407 0.13991795278221 -0.143164137842634 0.236202917737381
0.0584037632313734 0.205037751756275 -0.0538649362449931 0.290758038428058
-0.0294686213965039 0.230685187107387 -0.180915287551821 0.157047137654617
-0.00088204005058769 0.183968684327126 0.0642702393599696 -0.00549110912738803
0.0241140918287611 0.125090130302784 0.0705477994347454 -0.24810941396506
0.0775160610612544 0.120098981102693 -0.0459235426192123 -0.33368109488596
0.131196862921482 0.0773234118204471 -0.198301100083766 -0.268889555681904
0.149605502775052 -0.000784449569803783 -0.260224742614756 -0.150802258577003
0.131509258695948 -0.0681445443608179 -0.231982260759855 -0.0351300986997785
0.140813058574034 -0.0915586359392231 -0.160562902365605 0.0683548685952177
0.126410166425552 -0.108597253779577 -0.06419135411526 0.135968271909224
0.175815620453012 -0.113676149580572 -0.0125449794752549 0.206580331266777
0.23257218760154 -0.0282713287624085 -0.00184243736835133 0.262231674890758
0.228635867365623 0.0624370383466824 -0.0561836105931013 0.307601345008372
0.168841304585268 0.161236128980443 -0.126017834592805 0.271501175948474
0.0998645110400644 0.256537483023344 -0.147416000908931 0.186396184769827
0.0366492578986977 0.31716498954129 -0.0421821055292566 0.179783115831807
-0.0796499392223869 0.293709119882608 -0.132445173190301 0.0522380188554434
-0.0403609876395362 0.294078047064521 0.113200754821822 -0.0792144719891608
0.0473861196813681 0.237823753466556 0.0978564081556371 -0.2894404781243
0.155129671032437 0.185258942917169 -0.0300967454182888 -0.338065766179521
0.208958614000421 0.100190328413153 -0.15582600492646 -0.254935441891377
0.216961064783344 -0.00344184563745915 -0.194807500658658 -0.15628477876221
0.185967228527894 -0.0840641708816691 -0.165553320744105 -0.0672013338376927
0.187210147739183 -0.103336775796184 -0.103419995710663 0.0257873032517642
0.170391791428042 -0.116912496832984 -0.00437718635057747 0.0865660644709346
0.224204782041579 -0.11887772728769 0.0575180303183548 0.163685822505002
0.286903336931543 -0.0245372270554947 0.0748822983212064 0.24654346075529
0.291645626434907 0.079691382252918 -0.00813098153841985 0.322736316371781
0.213295644449402 0.219731271231152 -0.116805314726747 0.276968110838933
0.0917846576743143 0.333158264490641 -0.159318098371824 0.129708511988377
0.00412263671837617 0.37796686761244 -0.0261533883973399 0.0515002450533925
-0.112513698522097 0.313193684655809 -0.0743751898296805 -0.0741172436375871
-0.064649624078056 0.358353994177887 0.148885858533527 -0.166250063317252
0.0693706989958953 0.312617271014425 0.11892271128953 -0.317306273468429
0.214643148603432 0.220580251504071 -0.00289973012019726 -0.321857606685516
0.258663514370413 0.102308797321018 -0.0890783937451113 -0.233691256786502
0.250921420800557 -0.011758592672714 -0.108959597019357 -0.165389051336313
0.211074491661922 -0.0908426077530384 -0.0853269780043577 -0.103726797191427
0.205776800744193 -0.0982959345972578 -0.0330060337879245 -0.0181592871981581
0.190263468678567 -0.103493151796018 0.064399779050834 0.037543025600647
0.243603108653343 -0.0958591241900973 0.127558661390666 0.119128382787441
0.298432115364999 0.000525265108239616 0.14423929355527 0.224484669450796
0.301753003048457 0.104193597615225 0.0308853696257791 0.32324023509572
0.206599418216244 0.258114079751991 -0.108544464729323 0.265540161338782
0.051940235997603 0.364970016267571 -0.1625354181526 0.0680802914049167
-0.0424437404088793 0.380620710408552 0.00252777995654393 -0.0740944035217568
-0.123464130039872 0.281103301121184 -0.0218360236601565 -0.203398238184687
-0.0764610568970464 0.35572612792207 0.157325422490522 -0.251870103465805
0.0760533995603921 0.325395562357529 0.123398981311958 -0.32263132895057
0.229254248951993 0.211699457512768 0.0277957614752355 -0.28696550752277
0.258203688650128 0.08634644444866 -0.00821638052882804 -0.212096233645898
0.240162513279509 -0.0172610068260821 -0.0171367307993223 -0.179855560213435
0.200983850320255 -0.0839808873458132 -0.00340851113843821 -0.140077083633178
0.193738381948915 -0.0782811792572369 0.0405875506755218 -0.0571988165327218
0.18419881833292 -0.0744360115108137 0.134614570177023 -0.000600234535191867
0.231436900836285 -0.0517398302962685 0.191736240322381 0.09007169539991
0.267860392372995 0.0381292441806894 0.195749532138264 0.212345913643719
0.25954502364697 0.134451645027351 0.0536179338683313 0.315129048687735
0.153356513430502 0.272433911515133 -0.10020333471979 0.239228622992872
-0.0105421082942291 0.349770782844713 -0.14452974471491 0.00829754158591992
-0.0913849345505867 0.328342733397296 0.0486039468378185 -0.17674680921606
-0.116629891342913 0.197079432931383 0.0145177604168766 -0.311205974703645
-0.0769627659586253 0.283428310877124 0.137888918677773 -0.310911117360991
0.062960910229673 0.268774094455613 0.119761330521494 -0.306014413833782
0.188363129033934 0.158607078552583 0.0590567000729284 -0.247472612610407
0.199548410076974 0.057417435714652 0.0638113832952201 -0.200400162923998
0.182827814364548 -0.0144376538926571 0.0602131522215611 -0.199911525891984
0.157780165340956 -0.0605222419203964 0.0648726613995158 -0.170787948914432
0.153202354891292 -0.0466320616309847 0.105796433351377 -0.0861836638946167
0.150831632808948 -0.0371414949812679 0.19766880050725 -0.0217110935781581
0.185578264188176 -0.00853277525501893 0.246501468347712 0.0819429088843721
0.200013823047914 0.0640579369731157 0.230319632633025 0.215862015576589
0.184993909447209 0.142572609389299 0.0648841579376513 0.306555883528468
0.0790464406306385 0.250053340516099 -0.0861189221860892 0.209263852191975
-0.0710596636261003 0.28538309364274 -0.101523607856558 -0.0343733619173985
-0.125182208002895 0.229674690804577 0.108543581790001 -0.241499775119413
-0.102907222241007 0.0752107488138112 0.0311375021708541 -0.373890907383678
-0.0761601518996513 0.160803407367051 0.10948313209801 -0.328525350423018
0.0257597701627698 0.161679420167869 0.121936586887978 -0.281350160879619
0.0995324609596582 0.0803152553419371 0.084942289064659 -0.226278416906079
0.0952752917884723 0.0301161798725758 0.106280576947746 -0.205126404090477
0.0918155100187287 0.0032392456924718 0.101638788387037 -0.217568620625617
0.0892728446810896 -0.0197544098364589 0.107923391541216 -0.187096740360302
0.0899921525389715 -0.00795999149110798 0.152929406421377 -0.100178966547286
0.0921936151518064 -0.00158574582056727 0.24340289241467 -0.0243123373495122
0.112060512553691 0.0177088472623438 0.28250425370266 0.094139593770044
0.113390817686636 0.0573143526618211 0.246488924186598 0.230893878154241
0.106235205422207 0.112342277864663 0.0705918957403684 0.302136106210875
0.0177744290445224 0.188687545174029 -0.0627042134263004 0.191009472321382
-0.101069145396175 0.182804784182018 -0.0483618743458933 -0.0441077763455489
-0.128619433414496 0.102464863862541 0.16931428298943 -0.25835415710719
0.0846972610196831 0.0208835157313034 -0.171369588162363 0.279043057528846
0.075452019901365 -0.0770535674755573 0.0405417052510763 0.090783750677514
-0.018377923440778 -0.0938903691216813 0.0571702582303487 -0.18435587631365
-0.0563583081735916 -0.0278602617570934 -0.0679688902442646 -0.319243682822018
-0.0334763592114122 -0.00320407522407717 -0.251533384241557 -0.262968658831609
-0.021466857674167 -0.00858599659773046 -0.326446156903519 -0.105909431584773
-0.0226264748899364 -0.0192791541263473 -0.287187684412765 0.033033907067907
-0.0083166300413538 -0.0322183087841456 -0.202947966824538 0.133253023737556
-0.0147515266792861 -0.0369497870780115 -0.122608206269374 0.200720211036053
-0.00209492956700934 -0.0469507170368168 -0.0953604512347336 0.246631154165842
0.0193180760234124 -0.0256231645952399 -0.102728226075605 0.244587822008639
0.000174471744444578 -0.0161841277574959 -0.10346338688432 0.248672729602987
0.018362995097964 -0.0434608265297791 -0.121495625734761 0.257343367415617
0.0863702351829733 -0.0107476805747911 -0.137348087403343 0.289657493859353
0.0833916806602127 0.0556628237549222 -0.0443047370967459 0.372619704954577
0.0369535420282463 0.136668602526286 -0.189051041418694 0.24127961188446
0.0481607582953612 0.054102917246583 0.0352223014057773 0.053535606897044
0.00612705405364452 0.00872028058771 0.0450882180294427 -0.208063870574539
0.00968777561068924 0.0426021846983042 -0.0680626081772839 -0.32169471869632
0.0515840192390057 0.0361160491285633 -0.236574887871588 -0.266540883566336
0.0678593087517052 -0.00788408500848882 -0.309237579451412 -0.125868427071286
0.0568167126790172 -0.0501108957199637 -0.276082483062401 0.00845870500098702
0.0706456939503848 -0.0718877306621175 -0.193676202711702 0.113041679378819
0.0610013307483019 -0.0836476893364919 -0.102148143319929 0.180947878566374
0.0962237672228313 -0.0900451749076091 -0.0604525905075041 0.240202047639754
0.141987958974671 -0.0293638476872465 -0.0609093433127873 0.264406178647902
0.128432550118849 0.0327202657215242 -0.0857101517512462 0.281770029534091
0.0999135387398769 0.072123920457871 -0.123489963231957 0.263186417873326
0.0994765649781187 0.137101786213615 -0.133719120236292 0.245434482550507
0.0691258915123686 0.204113894087982 -0.0400067726034072 0.297032377374832
-0.0199163163916431 0.233066351678201 -0.172979908905181 0.166701764039994
0.00843892551820188 0.186371838709566 0.0667972323965147 -0.00490173802181222
0.0286832927499607 0.126516055847394 0.058641513550947 -0.250152105538956
0.0846541188197067 0.116658317014649 -0.0634198060023161 -0.33213068280591
0.137803429599589 0.0708061340808853 -0.211669791667842 -0.260450248498872
0.152306246132318 -0.00849064193803158 -0.268413487877994 -0.136838094827731
0.129768921960734 -0.0758902942337022 -0.235330961934198 -0.0219398534188342
0.137834275981157 -0.101650158485551 -0.158070464544856 0.0767042987525353
0.122998622173347 -0.11659906718112 -0.0574947680478927 0.139685939165913
0.171469439175902 -0.12419241105654 -0.000138845463711169 0.209567944381353
0.235785545831597 -0.0423904971872731 0.0121677903199205 0.264615861829097
0.235753874842675 0.0518183985835632 -0.0398600610246887 0.311438011146514
0.179392439908728 0.155597823774469 -0.115398958474075 0.276827077627758
0.114195978170099 0.255588983751943 -0.140535483066948 0.195225500877489
0.0524893415120359 0.316984360468922 -0.0341973224487525 0.185591379105535
-0.0693976700348388 0.298514485523143 -0.12858657450407 0.0588726790230862
-0.0250677420673017 0.298966013477862 0.112659444145831 -0.0812708690177531
0.0576691091256671 0.238171239584498 0.08445943880343 -0.292107593269453
0.166249457804821 0.179027204157091 -0.0463499719370246 -0.337572205232502
0.217772892012639 0.0897906051345641 -0.16714999067365 -0.248071251704017
0.21881253027915 -0.0145676790286099 -0.202535542223858 -0.146567120424186
0.183324598415401 -0.0942860266250326 -0.17100787519928 -0.0583338820099371
0.183782950105677 -0.115113963666311 -0.102274304552627 0.0311130130827337
0.166686820302996 -0.12799127854777 0.000949946472520245 0.0861294951425245
0.220253211715357 -0.132466403886076 0.0685235590751867 0.161980224261857
0.290147897042728 -0.0421515426084454 0.0902312627832211 0.244320456624682
0.29970894264006 0.065907510181462 0.0108941747667646 0.325493458933089
0.227446999231023 0.212269554534495 -0.105506180537048 0.282011825279152
0.110199882672749 0.333606273504598 -0.15369533628567 0.138444036126365
0.0230396352851291 0.380748698617821 -0.0252366093519406 0.0555416708891526
-0.100169210942676 0.319864393590665 -0.0757526301227763 -0.0713482670834756
-0.047333061243422 0.365906953330264 0.14504729477079 -0.170880671077664
0.0833881230534105 0.312876310334697 0.104039392351 -0.321765328225402
0.227600893437819 0.211160310102509 -0.0184526823993896 -0.322596804691051
0.268159602544946 0.0892619736023831 -0.0981582720904493 -0.229212171329431
0.252816621038284 -0.0245471545881056 -0.115826095808753 -0.160403214515003
0.206954953914311 -0.102824673050302 -0.092445497143028 -0.0999271422532809
0.202580926481482 -0.111796398694825 -0.0330160854286305 -0.0161602087188185
0.187470946862716 -0.115479509364542 0.067930341306486 0.0325713887977079
0.241222839783761 -0.109765874570318 0.137311435773635 0.112953834360952
0.304095604683559 -0.0177653427112544 0.158459022997344 0.217943020796266
0.3103886059177 0.0896357414273734 0.0502694841972792 0.324326745065303
0.222587919466678 0.250794502101858 -0.0962328738294258 0.269562135688882
0.0726746785023463 0.366962286128249 -0.160035883665347 0.076559628848713
-0.0235303791025286 0.384621810126045 -0.00302051403134174 -0.0716927313019764
-0.11196591656281 0.287687119573728 -0.0295542148044899 -0.204282609724502
-0.0582837648865322 0.362160923024883 0.149257708045208 -0.257241167213575
0.091621986545632 0.324914700884216 0.109087900999207 -0.327873925882664
0.242304440665038 0.201382021972736 0.0149611574770951 -0.288134748968351
0.26618622035676 0.0728211014958269 -0.0156834986307191 -0.211345326778749
0.240882851219109 -0.0303818256125204 -0.0236470630133603 -0.180766287218614
0.197341805564867 -0.0958320585320893 -0.0119026978904068 -0.141083754981935
0.19148615000167 -0.0905012511908008 0.0391043674376639 -0.0591778999451626
0.182379168543195 -0.0852598715721267 0.136457798901244 -0.00987845486268153
0.230752092340343 -0.0650589291640939 0.200203678948536 0.0797469147019527
0.272992280598884 0.0225939242909756 0.21044489937316 0.202565664085732
0.268744525830634 0.121077410305291 0.0728183242599124 0.315634407466328
0.169774034136733 0.266673249950713 -0.0887214447365474 0.243066902159483
0.00856800017573797 0.353869948953367 -0.145172498473371 0.0157922294098635
-0.0753739362693087 0.333312879438493 0.0378754327696139 -0.177432158613747
-0.108464978435091 0.203746323072795 0.000843505386753999 -0.314805607002513
-0.062092625783824 0.288924903209784 0.127024432727505 -0.31707215574222
0.0765458916011348 0.267124478040844 0.106902276289841 -0.312071687374704
0.19745393966592 0.150149135790906 0.0482876042232829 -0.25033211999686
0.203975490802723 0.0464602631029735 0.0579959327726519 -0.20310565489041
0.182687010113114 -0.023879319345726 0.0518804282086537 -0.205354332908238
0.154760136801766 -0.0688642733245761 0.0550020682363988 -0.175492291377886
0.15225473574318 -0.0562046281337267 0.103276425234351 -0.0916554749766605
0.150041184385374 -0.0465975488732038 0.199186961034256 -0.033076578768145
0.186645674360505 -0.018851976351932 0.253423587547692 0.0684940272327603
0.204591590079487 0.0523645519471602 0.244888711635131 0.204537872207199
0.192744069534603 0.132575995906681 0.0840545457811313 0.306255730051014
0.0928875617621416 0.246681978105532 -0.0750944155272513 0.21376876520514
-0.0557284621838994 0.291994808401857 -0.104029594335123 -0.0292890706497343
-0.113985182058325 0.23517649744466 0.0945612018961368 -0.245383464193559
-0.0997456696714793 0.0800133862227454 0.0147714239537756 -0.378416558583121
-0.067935168309726 0.164295708462537 0.0968791896682911 -0.3330047557666
0.0342590046471948 0.160293272669054 0.110526973846689 -0.28764348646417
0.103526185189312 0.0753255489922584 0.0749838191761248 -0.229927787974004
0.0967686344332074 0.0245010767306313 0.0998848501804828 -0.211451801142393
0.0918005857378647 -0.00108440937561034 0.0918079792506474 -0.22537813296607
0.0879361410595074 -0.0241882511066259 0.0977142760809113 -0.193924397218435
0.0902462798515596 -0.013407210302358 0.150110609055831 -0.107859355857402
0.0924791528314576 -0.00722556886837574 0.244515227871961 -0.0371986367600683
0.113280297967711 0.0116399994924576 0.290613475975479 0.0790113354027016
0.116149585501362 0.0508144441360918 0.261392300733257 0.218674998268105
0.110767195986842 0.106316589127212 0.0880697561029721 0.301844675341729
0.0274508023086144 0.187411618003132 -0.0527367193766497 0.194454382993779
-0.0916153863052453 0.188893839740813 -0.0514567151916853 -0.0412898786925643
-0.123880716809948 0.107182092538122 0.154336537071585 -0.266029359160424
0.0862475033212851 0.0177272055273668 -0.159375117142471 0.290679132817731
0.0735054292984535 -0.0821160607106757 0.0483543815859356 0.0923552573743395
-0.022121318416094 -0.0927672763470683 0.049717435806094 -0.187257359358755
-0.0574475746868638 -0.0249154138336009 -0.0862853531869038 -0.318096844409881
-0.0321166304055681 -0.00153496642986521 -0.269762849082339 -0.254636737563887
-0.0196343492418229 -0.00766322124558776 -0.334791911223504 -0.0888048742453612
-0.0224232118440651 -0.0176172791873929 -0.288449125385721 0.0505992150577065
-0.00932575831879678 -0.0323656560354867 -0.199345550608612 0.146517929719408
-0.0150889318498974 -0.0363945977698153 -0.113012565377525 0.210755904793035
-0.00459752261506455 -0.0469013277185978 -0.0832403062315298 0.256060978084508
0.0189121099003086 -0.0272658072261693 -0.0934916539070996 0.254226213989345
0.000703017160155254 -0.0154871158086236 -0.0939164310060709 0.25536996391764
0.0168858135042622 -0.0432009518799219 -0.113086210264874 0.264400405404904
0.0873168459076481 -0.0160187974363762 -0.127301901402946 0.299594327270226
0.0866701376503431 0.0522203678478313 -0.0266020650111333 0.38065472163846
0.0432016361935265 0.136954515378282 -0.179243757980206 0.253581396363098
0.0526701969192606 0.0523642393677082 0.0417010863071482 0.0550150753844431
0.00642426930793168 0.00987952374971222 0.0369720866572621 -0.210347368404801
0.0124874700831931 0.0427062049788923 -0.0860712818367931 -0.321140847015701
0.0561462637548547 0.0329736363326136 -0.252881313583343 -0.258728208494368
0.0704138657343117 -0.0121176599254221 -0.318019768379903 -0.109417323138637
0.0561298845361757 -0.0539759343719466 -0.279086511083735 0.0252132058248054
0.068448527536732 -0.0779862121244376 -0.190473542662224 0.124295151795068
0.0592926716797462 -0.0876753570060068 -0.0936280358565238 0.189066430892292
0.0932343114373045 -0.0969281852019067 -0.0480823575817825 0.248276465593958
0.14422976650649 -0.0380284320839954 -0.0485113346243646 0.271398666940787
0.133999631419928 0.0271092172659008 -0.072283986576542 0.288561809073943
0.105761063830307 0.0691312670111579 -0.115308521525423 0.270530627611791
0.107578478883458 0.135523556048712 -0.124480871633435 0.254733041075422
0.0794241767259963 0.203042443187606 -0.0255526131817966 0.304951525723508
-0.0107503925895764 0.237403747215838 -0.165145417131367 0.176298785268832
0.0182488114951567 0.188694427063008 0.0711985803265761 -0.00476296647423483
0.0347393980028321 0.128174635118467 0.0478658576794641 -0.252194078128778
0.0919196549529183 0.113765825978809 -0.0804890226707574 -0.332498083159872
0.145222156070381 0.0634425493924454 -0.226834531803013 -0.253069631709103
0.155760914342299 -0.0167223523897457 -0.277245806628308 -0.124733559367498
0.128206416131104 -0.0836605020962236 -0.239426842327966 -0.00885741239443339
0.135463810279188 -0.112286285295081 -0.15620154551004 0.0870956592179529
0.120486971247324 -0.125278977033531 -0.0508337686486411 0.14434597409253
0.167609724858096 -0.135262446182955 0.012730807451331 0.212889668719772
0.238499628187952 -0.0564672415000853 0.0266179599019173 0.268481551261036
0.243684278077865 0.0406386989984798 -0.0239684894184702 0.317770199062201
0.191362315374025 0.150256833631734 -0.105426358447858 0.28472458756108
0.12881831409957 0.255527480695604 -0.132936166012933 0.204329502537978
0.0686227419960859 0.319374597975229 -0.0263461177790549 0.191759120055753
-0.0572009959917711 0.305928473778247 -0.125160705443001 0.0662962326226978
-0.0107644414478391 0.305230146444985 0.114033156602443 -0.0837141795677122
0.0698992033136006 0.240860375977689 0.0728865422217501 -0.29688034944426
0.176735950106903 0.172990973605071 -0.0620418932023318 -0.337945847440703
0.226541469280529 0.0784884658151727 -0.178780541226072 -0.241782730604183
0.222428011419856 -0.0267279462637202 -0.210439023010294 -0.138314683168636
0.180913016320501 -0.105845505609225 -0.176461504240025 -0.0501614567633321
0.180888524264269 -0.12885646248621 -0.10089530428892 0.0367816480381335
0.163309119256931 -0.138809172772846 0.0061867215199243 0.0865926825965453
0.216459919089932 -0.146780420572045 0.0802677438359396 0.160389336142668
0.29409840699448 -0.0596597963490689 0.104616202895924 0.242664438860218
0.308998711973438 0.0498672269022304 0.0284561435218639 0.329429562647179
0.242597502502163 0.205067282215825 -0.0944967406517381 0.287781506508467
0.13004583898546 0.335084702281231 -0.149116352824016 0.147800518250118
0.0410172022137945 0.383576056467613 -0.0240486716076868 0.0607345787715652
-0.0883347970034947 0.328804765396655 -0.0775461855323802 -0.06863223836777
-0.029786315386176 0.374562912775448 0.142228914003678 -0.176780178556863
0.0993578410766576 0.314445356537986 0.0909234691729342 -0.327125430207779
0.241793266291169 0.202707177213173 -0.0334633034789955 -0.323615980685308
0.277878697653108 0.0754625663098522 -0.107204686949349 -0.226052512678276
0.255620553466105 -0.0383521164460829 -0.122637038205497 -0.157390383210251
0.204489047416911 -0.115000254707187 -0.099291752812518 -0.0959796190786571
0.199735979634019 -0.125867791261032 -0.0331524113604011 -0.0141411580159996
0.184342466726365 -0.128184188545966 0.0713698237962417 0.0283315149593547
0.238795561149811 -0.124851724417669 0.146817379436444 0.106612200986141
0.308063877200536 -0.0361353531840671 0.173910694739133 0.212032857713695
0.31990623564107 0.0741304514217776 0.0694426862331396 0.326076693241529
0.241617222666692 0.243202020682665 -0.0856164734055164 0.275729200166617
0.094229452744584 0.372769150934683 -0.157901889936121 0.0843744442047248
-0.00575649040030411 0.389359565499046 -0.00809670704500965 -0.0693812405419801
-0.101387819170675 0.296322289865896 -0.0370208643405869 -0.205826659463869
-0.0397519862437369 0.371660865615859 0.142155184456502 -0.265477962966365
0.108457177606764 0.32462883180156 0.0955096584545451 -0.33433140593602
0.25559615611521 0.191500029882245 0.00176721096366229 -0.290139703165958
0.274008376456883 0.0584675046745697 -0.0227913755568789 -0.211539550223367
0.243005222846611 -0.0434643036051958 -0.03082858976467 -0.183213712002792
0.194801834342432 -0.107036429260816 -0.0206097643922188 -0.142054770544507
0.190015796925677 -0.103718009023031 0.0385353537652201 -0.0615582440064237
0.18072957629743 -0.096999362592627 0.138553183370381 -0.0179705578989533
0.230864054990406 -0.0793774457288524 0.209273000001732 0.0696048705801412
0.277840124609497 0.00591685794182906 0.225743457933461 0.193726362236652
0.278426513877917 0.107556826729322 0.0928701263748804 0.315745512551206
0.185913997205782 0.261024083444457 -0.077127376154715 0.248434914515741
0.0271041472893107 0.359175563284735 -0.145484849992182 0.0230434921548521
-0.0591613429807757 0.33952804249851 0.0271878876324078 -0.178571148340787
-0.100604019213822 0.210632136511314 -0.0130320644284018 -0.318833234014808
-0.0481011460181406 0.295964683403933 0.116946144715629 -0.32395461435169
0.0904666200415338 0.266790220886592 0.0942437052570753 -0.319635672205395
0.208264941823864 0.140550998750436 0.0369040470073776 -0.252927943196292
0.20983369725075 0.0351884307164289 0.0523497509831498 -0.207775374480601
0.183888813141369 -0.0338944932240813 0.0444654887322634 -0.21258948106385
0.151963700189881 -0.0777423241063792 0.0458683242816589 -0.180435696555856
0.151394509724983 -0.0662225352617259 0.102031261784244 -0.0976852689734114
0.149838525788299 -0.0546388777604755 0.200456050264799 -0.0455499838338642
0.187981314871813 -0.0291175196854574 0.26208131347967 0.0552616720283548
0.21038788063893 0.0407241449721294 0.260716667701173 0.192817532466819
0.201406898209385 0.12308744659241 0.102910666941835 0.307189647064568
0.107005766624407 0.24390866504081 -0.0645485207812802 0.218208220150072
-0.0407595963222022 0.298505447969696 -0.107424383590478 -0.0238225471360619
-0.104443553161521 0.241723635926386 0.0808520803766899 -0.249913327252619
-0.0966457570178908 0.0848660940862296 -0.00263474593475667 -0.384302316395218
-0.0597022971544217 0.168926068522116 0.0855799007046999 -0.339667615659217
0.0422454004326243 0.160416355353709 0.0983768719456506 -0.295005091134285
0.108561230479218 0.0702730895882281 0.0655250135278883 -0.233831591765961
0.0982991275563513 0.0190414916197278 0.0929836071584482 -0.21902676114349
0.0921423696482247 -0.00477426898294703 0.0831825978615499 -0.234947359750851
0.0871758270233357 -0.0283312770290573 0.0880758389339503 -0.202301851337884
0.0911695780662625 -0.0194215839743617 0.147783168622177 -0.117175604889012
0.0937294266831719 -0.0121405309417294 0.246146346560832 -0.0520032643034782
0.115541697688777 0.00555785091533888 0.30018396133429 0.0629582508427976
0.118992403348877 0.044837386512723 0.277240858772403 0.206607823850867
0.116731297257939 0.100835631129102 0.10749005540152 0.300980756377471
0.0375013227084172 0.187236607424227 -0.0433238769488745 0.198640150061176
-0.0821445478152423 0.194956539251846 -0.0554843519075223 -0.0388986500688842
-0.119861703422209 0.112120930830709 0.140295645914266 -0.274700136808919
0.0800401173387593 0.0283632783088309 -0.203423303780593 0.268144756427879
0.0831643828610893 -0.0706586579925454 0.0400754722227677 0.105436311169969
-0.00504606095987346 -0.0918378936927556 0.0836962269128253 -0.176236350819558
-0.0466570760636784 -0.0299496685018688 -0.0364522459433774 -0.330500625064977
-0.0245413366942168 -0.0052483189533157 -0.230164060719594 -0.296244705094384
-0.0131044813535448 -0.00990034872376245 -0.321193091217773 -0.143322251348111
-0.0177354895148925 -0.019783681420744 -0.298367195247862 0.00365158763012987
-0.00227427751331726 -0.0348830123294531 -0.223074590317693 0.112813755069684
-0.00660036011279731 -0.0391535588791137 -0.148082780770424 0.191556704816553
0.00457022888810012 -0.04722294076591 -0.126283669690645 0.239905190632663
0.0250918118015371 -0.0237473345419012 -0.136344920182523 0.235683954366294
0.00714658133002256 -0.0129131179511486 -0.140395633929535 0.236416481680043
0.0261344950667411 -0.0365264830892639 -0.161360090675257 0.244499695087338
0.0914975851137353 0.0024573710440864 -0.183000171920586 0.284391885994053
0.077196869053872 0.0672953169201003 -0.0990469243820605 0.387729390801651
0.0174102851856045 0.137571426373988 -0.218506613509999 0.229193161385343
0.0434045461722259 0.0586573095852712 0.0342495200664667 0.0656288672087745
0.00671742572555294 0.0138841547559196 0.0702366160005052 -0.199385693783552
0.00993104003445282 0.0460423450988593 -0.0351701756638164 -0.331716766151917
0.0564845391122406 0.0424069076082902 -0.213614226250218 -0.298469689872971
0.0764602344939097 -0.000113577706875538 -0.301702983887346 -0.159804580452093
0.0657863195598077 -0.0432432834937265 -0.284050235006925 -0.0209453436635529
0.0839912161532367 -0.0689434693764295 -0.211218874506444 0.0928041084775871
0.0761141525192733 -0.0776869250000693 -0.123437946248737 0.172741823300475
0.110063426978796 -0.0802918489902179 -0.0860649593415189 0.236731583369416
0.152011765148887 -0.0133174223761599 -0.0898883047943788 0.260806234964137
0.131004668811927 0.0532289270512239 -0.119195041786987 0.275056762780001
0.0934490644716012 0.0941958261569277 -0.16112158370545 0.253969613314895
0.0840299790795557 0.157877848885015 -0.172454315436793 0.240741611130506
0.0429430061308839 0.217579479510564 -0.0845875722321855 0.310755700142775
-0.0521702492771909 0.226687238128334 -0.1934398165933 0.154629991984286
-0.0104210846382198 0.188230738064491 0.0683787072979736 0.00874652867691681
0.0156767430812884 0.134979008538413 0.0851686046366606 -0.238496125253547
0.0755871506725321 0.127233006653735 -0.0287876579035419 -0.340111042220916
0.139007042912342 0.0871657532062745 -0.188326916391974 -0.288074276015647
0.16086101924158 0.00887608514464378 -0.257935947308227 -0.16661667694202
0.141240108092791 -0.0618825238664799 -0.238177748700722 -0.0480453767328564
0.15608214068356 -0.093057379351499 -0.169409938108531 0.0605047482705324
0.142984151530785 -0.104924611211697 -0.0723747618532776 0.135482396235016
0.189747842250597 -0.106988920833942 -0.0184930510703744 0.212012012012337
0.249978782471178 -0.0159589407284562 -0.0103744096771098 0.269523973342704
0.236858201647231 0.085456682114712 -0.0707436908253764 0.313749788611268
0.165053661702631 0.19154294198106 -0.150318288577313 0.272369664415457
0.083773609112351 0.282075280583325 -0.173636416522761 0.190011821324709
0.0110583853753454 0.330682303402461 -0.0627790788166286 0.195609453583898
-0.10879256036022 0.287375462972026 -0.136751250744596 0.0505296156210807
-0.0557295040171728 0.300551188239726 0.119393295316743 -0.0654705122897678
0.031935428235161 0.252235768977096 0.112591770249936 -0.277472426153895
0.148709876719856 0.198508239368957 -0.0109468986823715 -0.341058145106186
0.216166775630525 0.115058965017379 -0.143107086083481 -0.268781707254953
0.227563689469326 0.0104253076870128 -0.18935714759706 -0.168464224832516
0.196293740787998 -0.0758849586827713 -0.168296454439284 -0.0792543041617574
0.204178501325235 -0.101976970585991 -0.106250026915754 0.0209935090524181
0.188251127404091 -0.111242915719496 -0.00608909013727433 0.0878688405844782
0.240233834132685 -0.110211966154008 0.0587523742600501 0.171683115260942
0.305715917671359 -0.0101158608120606 0.0748762149205741 0.257134183661206
0.299388296731454 0.105363274678367 -0.0174885204406187 0.334169939986483
0.20654702874897 0.255935012526804 -0.136603181199839 0.279345198023295
0.0706095460098957 0.362138371569398 -0.180667153743941 0.130784902560266
-0.0283146726305226 0.390778978685878 -0.0364486618067836 0.0614836788587984
-0.141874258611396 0.306882769270926 -0.0682123078170352 -0.0774094581396895
-0.0840494408168466 0.365563639670771 0.159590064423825 -0.155059860128311
0.0495504367816952 0.329675697723766 0.133833207285832 -0.304135442694972
0.205793641220943 0.237581630343985 0.0153732193636333 -0.320586811983084
0.265082618869211 0.120503615864732 -0.0738900157681765 -0.241456661761107
0.261158633634682 0.00485065147116121 -0.0983486539232718 -0.173292409621076
0.22073750878649 -0.0813132908708951 -0.0819302814880014 -0.111703145196096
0.223459703249305 -0.0953868826186543 -0.0293550633875637 -0.0196266311648052
0.207260670260012 -0.0956018636423514 0.068778956098532 0.0404160333773643
0.258177851976481 -0.0854522366237909 0.133952257332365 0.130453584331833
0.314841873524943 0.0155712261367832 0.149233738467085 0.238885877081011
0.304263468075236 0.131022120028761 0.0251943726341098 0.339244658742196
0.196105018919495 0.293338088555029 -0.124959834098895 0.268850674459766
0.0261391231831928 0.391599456007662 -0.179797579077743 0.0652843279002372
-0.0767218167362269 0.388817697084229 0.00404214831212541 -0.0689656374022334
-0.147470321498586 0.273328691172556 -0.00609504621352688 -0.208657735464403
-0.0927732370726318 0.362010204959803 0.172745888670439 -0.24381870549363
0.057635438892131 0.342135376231019 0.139678721681047 -0.310913675214195
0.220465041112549 0.227745069685604 0.0453113071307088 -0.280644842477828
0.262849984357204 0.10286766306337 0.00957326378623806 -0.214369611816599
0.248432252481694 -0.00200177307727799 -0.0018959239940778 -0.184968487699765
0.208276698750207 -0.0757579884009739 0.00493979158573918 -0.144928209310524
0.208202675307754 -0.0750588513576654 0.0501703900307009 -0.0544647839538175
0.196641947863267 -0.0653852619024607 0.144136649412104 0.0058998224968715
0.242161704910409 -0.0408612452826938 0.201136687410954 0.10411718327
0.275893520548267 0.0532858867217613 0.20358462864331 0.229431136463157
0.255839764182086 0.154654000414045 0.0501638982982423 0.335122350934242
0.13785762866599 0.298940631673396 -0.113636509973408 0.243433995774311
-0.0377380044684495 0.366025798845469 -0.157408461056251 0.00304337543246343
-0.12180870689907 0.3268957611682 0.0598704002262693 -0.174324865758203
-0.130517434813042 0.191352582417431 0.0370939461161011 -0.318600787005085
-0.0874297906797677 0.287340093146843 0.15889793585316 -0.307192312204326
0.0503542869258162 0.281065243837932 0.137556510467297 -0.297203188343106
0.181509451328263 0.171297730721211 0.0757246500754749 -0.239029998778185
0.200699729740639 0.0700252203485002 0.0843634381735188 -0.198606901647157
0.186465435431668 -0.0018175970016299 0.0788381397362992 -0.204169088609034
0.161676068488249 -0.0531171356420615 0.0784142767965082 -0.172731300936693
0.163598512017801 -0.0436696400621785 0.119261856334404 -0.0796592303440022
0.157801298425989 -0.0284662582401411 0.209202521315687 -0.0114077479983434
0.19096668777089 0.000866395925980111 0.254883369652319 0.0995294894557273
0.201782161285442 0.0756941483788523 0.234971680880631 0.235984466060888
0.176122162133534 0.155938989504803 0.0597597514936517 0.329044752705673
0.0613205386512067 0.266189673414516 -0.096996490916451 0.215202087145747
-0.0941533568624471 0.290622182703048 -0.110194129094722 -0.0394352693084721
-0.14922303619398 0.220738421998865 0.128158904078725 -0.238689025156144
-0.104718246514182 0.0700545982646677 0.0566690063735792 -0.384211148067983
-0.0799800611371151 0.159138135829213 0.134977400875248 -0.328445795243404
0.0191338827935331 0.167456308841778 0.142258065026681 -0.274627642260252
0.0953331292685306 0.0875075064559648 0.102034139449624 -0.218003343141397
0.0930540567573547 0.0377025544256802 0.128518980123686 -0.203396488459191
0.0908260550769405 0.0124467221518275 0.121923414961407 -0.223147895192722
0.0892868523406389 -0.0141953930937745 0.124158583556357 -0.187800900785635
0.0951413679497946 -0.00551577928371852 0.168376896595519 -0.0909310264380881
0.0942460917070395 0.00437694602513773 0.256229116701596 -0.00972951736502663
0.112306306700489 0.0236538606683271 0.287575009076949 0.114240347687203
0.109204759358612 0.0650073412246471 0.246665296987303 0.252922704135858
0.0972398417211978 0.118420992487452 0.0606933780511791 0.323697370912463
0.00200326025800321 0.194858164726551 -0.0745320708164347 0.197368598696846
-0.117040583961827 0.178988383853095 -0.054639104374978 -0.0477392128593101
-0.141415479083268 0.0884902031907184 0.193210658764088 -0.253659079512288
0.0813800008250787 0.0244694527251961 -0.189532753465546 0.278033984504914
0.079914366920619 -0.0762470686611862 0.0492119705531425 0.104293917031389
-0.00888888787232512 -0.091053174397158 0.0759327227692603 -0.178488314183978
-0.0474621256305237 -0.0273363095431244 -0.0527121807280345 -0.327329532102218
-0.0233534479811476 -0.00452543453799354 -0.246747302002813 -0.285935580324047
-0.0114441739208013 -0.0103361396665745 -0.329591930779795 -0.12570373653616
-0.016808141863071 -0.0190887135347096 -0.297331621290165 0.0218656677360536
-0.0030611488441717 -0.035988106236973 -0.218701581074626 0.125909896329237
-0.00747350225134392 -0.0390429479515548 -0.136483688579357 0.199783501935347
0.00247766188534442 -0.0471479620449898 -0.113207392465278 0.248064694817112
0.024827240641145 -0.0253738623060583 -0.126165013520987 0.243830758083784
0.00820712877442279 -0.0119530412786783 -0.129408797013621 0.241306144887609
0.0241945533895051 -0.0361865200727691 -0.151795138799867 0.25083177750455
0.0919536521631534 -0.00253729436615631 -0.170982496120977 0.292999982904843
0.0804289642414564 0.0622839077397953 -0.0793588104007761 0.392887420117444
0.0236668441670256 0.136814630905101 -0.205849169582776 0.239725734406912
0.0460508898699432 0.055456967161848 0.0416974438674023 0.0656650289266719
0.00755219360448697 0.0136157902636664 0.0618495421121629 -0.200511699505166
0.0131642126104911 0.0451745987291716 -0.0511304862669595 -0.328440825127053
0.0597809236365176 0.0387263426422357 -0.229409143906341 -0.286675459106045
0.0781656054381499 -0.0052534901463944 -0.309649450129994 -0.143919194669878
0.0651619117444592 -0.0469272115036712 -0.283582501203049 -0.00384881364740484
0.0806940793459086 -0.0750129890878498 -0.206685592504264 0.104988907111117
0.0742769410012694 -0.0825490546605483 -0.113692924942956 0.179540560862235
0.106154209984172 -0.0865187495538852 -0.0729517690347246 0.242645977203772
0.1531125107641 -0.0225077151385309 -0.0767050664748189 0.26771767747309
0.136286664125399 0.0461339399636422 -0.104965225267708 0.280161799720037
0.0992811187782862 0.0913046810239563 -0.150464981086806 0.260482978526278
0.093413806990899 0.154103293943248 -0.162427458760893 0.248875066118303
0.0537992940453604 0.213812408997118 -0.0689063772644407 0.316557544031856
-0.0423584137035879 0.229578380918183 -0.184111740450896 0.164464396684364
-0.00108273328898283 0.189397279788034 0.0728699035336529 0.00748271609139029
0.0218045787821819 0.135007633888033 0.0741304402715238 -0.239033879461008
0.0828698265229837 0.123256321361466 -0.0451067631063558 -0.336615115678887
0.145166297689321 0.0783614780436727 -0.201677872013213 -0.277574541791421
0.162718332915723 -0.000581820004822439 -0.265756952476222 -0.152598624844954
0.139074630043423 -0.0695706898773806 -0.239960227982654 -0.0338394266012812
0.151761758780588 -0.103670324379704 -0.165849615260188 0.0704615407609644
0.139389834460527 -0.113368841193934 -0.064211794539656 0.139496081667134
0.184748157561367 -0.117722055244543 -0.00492555011657316 0.213628978671154
0.251761696215807 -0.0314080477557867 0.00474644996853483 0.270142789668658
0.243895181640342 0.0731884359083674 -0.0538378608884794 0.316608074550822
0.175973612958351 0.184507984402128 -0.138167466365117 0.278242411222331
0.100362692017286 0.279876194776804 -0.164805113129113 0.197460462340174
0.0280393361313994 0.329227231638819 -0.0538287892311428 0.20131017040675
-0.0959508751302696 0.292329680701969 -0.132066962497807 0.057362404804597
-0.0397570859967165 0.304700453377007 0.120280966846819 -0.0692326792455419
0.0440002784218686 0.251171477364705 0.0994741409091753 -0.278926178147714
0.159580398589185 0.19020944008647 -0.0266395993066954 -0.338080120148812
0.223642023118304 0.102609402089194 -0.154216083993684 -0.260917650029444
0.229635414507479 -0.00312132966211859 -0.196211445345231 -0.158950757185482
0.192844835003983 -0.0866358872207539 -0.172139341473593 -0.0694910352790367
0.199728589249687 -0.115484157966913 -0.103693948955607 0.0273726486775991
0.18421577344254 -0.122557787929091 -0.00024250040670104 0.0872733927525638
0.235149702286999 -0.124112720870142 0.0700598933035253 0.168310000610062
0.307417033314053 -0.0294509987576463 0.0899783858202377 0.252539217870712
0.307871568859633 0.0887473285694708 0.00299086910229392 0.335033776882978
0.2216633194253 0.246815121441271 -0.123718353966187 0.284186797879616
0.0903060113071396 0.360587958263097 -0.174082241264801 0.138997050888003
-0.00877207594938363 0.389906268526298 -0.0341603782305639 0.0660976725407058
-0.128123938785648 0.313635815287886 -0.0694025803397461 -0.0734380458796499
-0.0640787877479985 0.370340848911309 0.15657245809406 -0.159944651095959
0.0665954950440977 0.329051571276803 0.118477427085385 -0.306523736313878
0.219017106502256 0.226084051389728 0.0011314849690079 -0.318193538174244
0.27250999852039 0.104786422049898 -0.0825297435465684 -0.236896483421574
0.262694759652647 -0.0103555986992913 -0.105466398414217 -0.169743385244409
0.216588081038341 -0.0936118098360934 -0.0882548731274597 -0.107394216910517
0.218309921979637 -0.110765468617179 -0.0282182007833611 -0.0178443582660549
0.202227346457387 -0.108087217869801 0.0722951007566709 0.0359482915526116
0.254003801817028 -0.100051628332765 0.144004975326407 0.121555136816196
0.317984227124026 -0.00394462321835752 0.164022912804083 0.230352694895515
0.312417844406709 0.112978065579818 0.0462540940504858 0.337992696781517
0.214420836276976 0.283054389218209 -0.111745132162727 0.273125492607267
0.0492143417466699 0.392169462232111 -0.176408207488973 0.0734939989797858
-0.0574075695080335 0.390821594628313 -0.000565595293918589 -0.0659434907646525
-0.134918142576128 0.280127692785415 -0.0142899077696121 -0.207747799246838
-0.0732597937356466 0.368038756998144 0.164934855813885 -0.24942309000609
0.0764089138344453 0.340238517991782 0.12408450681718 -0.314129996790032
0.232363038483822 0.215852021926554 0.0323875113886269 -0.279420304449045
0.269088400537927 0.0879315981236818 0.00196393322054255 -0.213241072502595
0.249545523572482 -0.0157728467594229 -0.00985229088732574 -0.186714852914686
0.204394003793476 -0.0864034697197401 -0.00357166973488513 -0.145688595919409
0.203959162555108 -0.0888074979485807 0.0492923513283584 -0.057291520663944
0.19411301613536 -0.0766173299402559 0.145104850484261 -0.00276581617889261
0.239641214634445 -0.0549990342279085 0.209502443292193 0.0914811085817229
0.27903149718221 0.0353511532580787 0.217775519363867 0.217076009470241
0.264456164645774 0.140397769348413 0.0713765520228739 0.332414772965044
0.154488452459324 0.29184915863103 -0.100857567425429 0.247131897384827
-0.0166005185610494 0.368656221538915 -0.156746757401379 0.010598144073749
-0.106039230578106 0.330985084029243 0.0490743053231831 -0.174556431064911
-0.121490780825096 0.196884095930358 0.0233589817262753 -0.320383108058879
-0.072051028194565 0.292430570663738 0.146388411397097 -0.312368172822328
0.0652037163814036 0.279003649311037 0.122886712044199 -0.301118999227274
0.190888970157849 0.160997225505517 0.0652585703987814 -0.23972634504998
0.205076865835533 0.0586536577233958 0.0782310132825695 -0.202214848234048
0.187475470295969 -0.0110339301717241 0.0687871241296058 -0.210552092388411
0.157939900441975 -0.0611725579584454 0.0677705287709246 -0.176770069804697
0.161023953858267 -0.0542627689049302 0.117911049596207 -0.0863063554862293
0.156436757052622 -0.0376885611865593 0.21042059893703 -0.0233255430614627
0.19040706951618 -0.0102814641537417 0.261453923084649 0.084685024910307
0.205000520477444 0.0633385105588895 0.249643585811423 0.221440226124419
0.183464002514246 0.145367222522767 0.0795348633200182 0.324985938073816
0.0754593130979979 0.261395743553832 -0.0854094482240164 0.218166050103536
-0.0783195582448129 0.294755474545604 -0.112724509805532 -0.0331393563192155
-0.138348604436172 0.226467689255218 0.113609786956577 -0.242016914789177
-0.100796140165399 0.0742451563978693 0.0401687043422776 -0.387434519599676
-0.0719886026882047 0.163020814321735 0.121302782626431 -0.333159057192314
0.0280147879419543 0.166667494201275 0.128528212493418 -0.280065370939446
0.0992109938073116 0.0825723051371308 0.0927888779267801 -0.219559871669586
0.0941987562686964 0.0319170270321838 0.120804359106971 -0.209480188757042
0.0917712064290755 0.00795858255956344 0.110366386212108 -0.231847771918684
0.0875971550663861 -0.0185361210789579 0.113005202572187 -0.195709459938241
0.0949470599457336 -0.0120142318475085 0.165572292443325 -0.100420143990103
0.094323840637695 -0.000563110234805861 0.256729311296635 -0.0243952576714701
0.113371539269169 0.0164250056176425 0.294509641179015 0.0984381737632983
0.111046335455284 0.0576580761734691 0.261346281572951 0.237945837081248
0.101530249951613 0.111668817350492 0.0802438165429741 0.320163511459365
0.0124606829017103 0.193422809523828 -0.0639810557610493 0.200002261726365
-0.107225151442277 0.184386381850164 -0.0576124162979322 -0.0445036167873268
-0.137625456593648 0.0942974843401281 0.176417496184279 -0.261435597743128
0.0811448697345091 0.021885644807611 -0.17755224202766 0.285159220384826
0.0755095681871951 -0.0804481341194238 0.0570784609538489 0.102606596298544
-0.0126348153565374 -0.0898290928875341 0.0707365944716121 -0.180184286352671
-0.0469470015542921 -0.0248620239986135 -0.0648866684412965 -0.322216604079399
-0.0223500113739788 -0.00415996128052027 -0.259529132100069 -0.274282275148852
-0.0100037284513349 -0.0115401712040737 -0.33377586371756 -0.111559029689288
-0.0154765813676028 -0.0187170768781915 -0.292140418986492 0.0361312505043223
-0.00391717705120927 -0.0370494246670013 -0.212562222882526 0.135972490633784
-0.00729006588870626 -0.0392221901341899 -0.12696214985516 0.20524644159751
0.00158357862595021 -0.0459217575374263 -0.101870380977364 0.25250754744344
0.024608889500909 -0.0260349323749438 -0.117304334915927 0.249801951096513
0.00945315670893223 -0.0118525393877152 -0.121110797938913 0.244631154462813
0.0231102639682808 -0.0356663518734924 -0.144400140397419 0.254340954547151
0.0918979889234246 -0.00675200774979573 -0.162224829245863 0.297575068102431
0.0820485618636978 0.058075147073219 -0.0642722866809099 0.395911543950637
0.0275299468808346 0.135203802333342 -0.195006357543545 0.247556568165991
0.0481463087611217 0.0531945889844457 0.0482274515700299 0.0649808233043446
0.00784169658712993 0.0135994773897485 0.0556828708062874 -0.200193970891906
0.0156445741928331 0.0442557311985317 -0.062457449271286 -0.324000520797443
0.0624461329769045 0.0352862588782806 -0.240299151635664 -0.275821090823217
0.079551555283711 -0.010239790915319 -0.314317285920052 -0.1295920348707
0.06461182550722 -0.0500588818570788 -0.28150338151995 0.00896457321531286
0.0777064757394473 -0.0804759147317483 -0.201142026314731 0.114915820636808
0.071189466654091 -0.0867529817769212 -0.104233215872018 0.184210014362635
0.102546442063985 -0.0909244144279322 -0.060950307657028 0.24567546409594
0.153226932898546 -0.0299266202225776 -0.0659571745589039 0.270015021217358
0.139201894584008 0.0406711737178319 -0.0940090203246491 0.281992574300946
0.103732415725731 0.0885500944525251 -0.142219794343931 0.264101818386668
0.100114523854189 0.150964777180468 -0.154835959006829 0.254375753639147
0.0617889270625487 0.20938981720429 -0.0562092877194938 0.319822634890775
-0.0349927217320939 0.230520897622902 -0.175510734099246 0.171021588959344
0.00743123234394574 0.188590614544634 0.0774799009305206 0.00670210816182001
0.0263643065511754 0.13421302799043 0.0663799284075249 -0.237633412171827
0.0878583144302748 0.118998079754319 -0.0558331645187358 -0.332560015767644
0.149352793713059 0.0710396304388868 -0.21111625134897 -0.268716194355059
0.164458008649793 -0.00921927746274204 -0.270921405527934 -0.141198313222525
0.137340326649636 -0.0758744086165868 -0.239852173225541 -0.0229471185411452
0.147094087086213 -0.111862152196876 -0.161968355708548 0.0777760327620012
0.135445792891415 -0.120319453524579 -0.0575619639405317 0.141278672473143
0.17916380326999 -0.125259034158881 0.00607746548730588 0.213156458088865
0.251550877505731 -0.044314785316842 0.0156497533651473 0.269597548372147
0.248238981753571 0.0618373499441212 -0.0397270634176882 0.315988995808143
0.185272909289744 0.178188689468959 -0.128510951872556 0.280650606274319
0.112165195244172 0.276227452051092 -0.158744405025804 0.202894897853715
0.039803507840349 0.32522043459132 -0.0458403490805853 0.205303766671992
-0.0868376806013871 0.294685492720122 -0.126958135316062 0.0623620777303314
-0.027357844167402 0.306224708058403 0.121717109985158 -0.0712174362740386
0.0531648048544641 0.250044630321574 0.0901643924797347 -0.277633155254606
0.166815436372504 0.183043617377311 -0.0365103678486408 -0.333952341007269
0.228019604829641 0.091993863201247 -0.161481212085607 -0.253153035165281
0.231037562573398 -0.0136470578723955 -0.201001064216354 -0.151387675431916
0.189769859705742 -0.0946085485816063 -0.174235855873529 -0.0613509432817037
0.193968550055573 -0.126175866975786 -0.1009473968329 0.0311762941789408
0.178949698347856 -0.131064727403478 0.00475021972314712 0.0865149011127883
0.229110330090024 -0.133845359492743 0.0793404843222333 0.164172461994476
0.307554287067541 -0.044866318066622 0.102002222379933 0.248088492503197
0.311314926039737 0.0741134875219534 0.0178882003392666 0.333629569815699
0.233298086405913 0.237525215284789 -0.113018927727922 0.285686724221633
0.105663021905583 0.35856739197365 -0.168582035168974 0.144765369157365
0.00490261236243886 0.387480638742177 -0.0315711345121602 0.0706917895612364
-0.117549326880805 0.315155555137709 -0.0691496583207405 -0.0709432254150867
-0.0489281377577224 0.374142475713304 0.154723227078794 -0.163446068689046
0.0787756164449071 0.327112347629045 0.108148094001949 -0.305511985976362
0.227980466623756 0.21616379984468 -0.00926429971376742 -0.31462432469984
0.277495183595728 0.0922027277335648 -0.0876011753105764 -0.232308762856912
0.263465608723503 -0.02199669931259 -0.110678649260045 -0.166180843565719
0.212123008343816 -0.101687748434256 -0.0929425871326647 -0.102568106975229
0.212377689275021 -0.121819928308374 -0.0271097906458644 -0.0171601159729563
0.198454684547923 -0.117222916031673 0.0751513817330529 0.0318625601754679
0.248747122714009 -0.111154052394722 0.151205658183976 0.114195540712113
0.317286134095805 -0.0196005782788071 0.175355139502606 0.221666825154609
0.31688884018523 0.0972430250703014 0.0631134254425531 0.33384542688415
0.225786499447179 0.27417284645321 -0.101334714913923 0.274756837341246
0.0660014164767262 0.389725927951146 -0.17285769048244 0.0802451858090525
-0.0426284372599227 0.389046945300534 -0.00458495063396763 -0.0628200771975158
-0.124401437751279 0.283129369690334 -0.0194919717419023 -0.206245256118469
-0.0578934921757664 0.371240525139123 0.159441113015343 -0.254356586159009
0.0884682146307193 0.337518308402313 0.112914186873411 -0.314243863302214
0.241077929479925 0.205642772413903 0.023853305688326 -0.277038897049788
0.272552732611076 0.0757726611845687 -0.00178945761048447 -0.21309259835735
0.24870280094216 -0.0268492540915595 -0.0161023896984348 -0.188198550700041
0.200123477345203 -0.0944929506336258 -0.0107773966997538 -0.144777560791682
0.199914361927765 -0.0992126371618921 0.0492897130603221 -0.0606373983328378
0.190050698075363 -0.0853586145983394 0.146412589346207 -0.0101748013485766
0.236236437132298 -0.0656271968317783 0.214796093518574 0.0815571004579504
0.280318185458065 0.021808220555674 0.227535064335917 0.206160423908107
0.268703304375785 0.127444819517338 0.0873939263855969 0.327769685895344
0.167080774884188 0.28338560569499 -0.0914765103494139 0.248690024994941
-0.000770521892523754 0.369941117070596 -0.156118612758406 0.0167730901110359
-0.0932456456820059 0.332143869202053 0.0409834583787688 -0.172719899269598
-0.113769785118958 0.199578217780576 0.012619186384978 -0.319724783368573
-0.0594339606507092 0.294768839438235 0.139219527194684 -0.316124704431204
0.0760360583083656 0.275934806318726 0.111786394267297 -0.301827229401826
0.197210994342759 0.15187449729317 0.0579709497589334 -0.237924655408417
0.206450441857731 0.0487996532013715 0.0733598097831275 -0.204787920001193
0.187030797653348 -0.0192593791505297 0.0602152194226255 -0.215187059684479
0.155029456967558 -0.0671844385299185 0.0594479036262062 -0.179436167848438
0.15787153826874 -0.0626279194146908 0.116058029924321 -0.0920367942769831
0.154361131240822 -0.0445401917319818 0.209679052038102 -0.0333220483651737
0.189393649921369 -0.0189609732879414 0.265604212768425 0.0716477183387916
0.206392457821403 0.0533081325881341 0.258718325866377 0.209577818699955
0.18776316661995 0.135877690186801 0.0953286053367285 0.3203738005106
0.0856248929200798 0.256566986370087 -0.076428669412184 0.219207836570224
-0.0654267227195405 0.297275067837162 -0.114023545942189 -0.0286005611316441
-0.130578541949399 0.2287379111969 0.101389427381141 -0.242982350677788
-0.0976372647834834 0.0767481685123562 0.0263709454049426 -0.386026670337361
-0.0644729792875835 0.16517476224534 0.111845409762161 -0.33602654064041
0.0352547873215299 0.164969887884986 0.118179628726836 -0.283428330499143
0.102036933478322 0.07709818505674 0.0856962716771605 -0.219824766168883
0.0948310172992646 0.0274947524502665 0.115346285118021 -0.2142163088809
0.0922709270290228 0.00484691192740651 0.0994649345404732 -0.238356047891944
0.0863989879398617 -0.0215217723181499 0.103227054074819 -0.200288580117548
0.0932454467306638 -0.0173104639321989 0.162969468422366 -0.107875701618628
0.0939858916447987 -0.0053192150239254 0.255824042167189 -0.0368505104073326
0.112945185285672 0.0118505346324972 0.297705678763385 0.0835451553252486
0.111825704670477 0.0529455610752987 0.269669427441823 0.224971598764737
0.104028375422212 0.106215408570716 0.0956096840169798 0.315284978275527
0.0201300033420523 0.190888748865086 -0.0554586060346341 0.199750396468001
-0.0989929493386467 0.186966227633862 -0.0601523788585168 -0.04111614934022
-0.134317792050156 0.0982346133865104 0.163026714382606 -0.265601505988287
0.0816235402715102 0.0203715082880189 -0.170340950383109 0.292241101222884
0.0730747558663215 -0.0837991931985985 0.063185851796624 0.101383909515824
-0.0146283624914612 -0.0898535326537248 0.0677932399488179 -0.182240556951398
-0.047025162243118 -0.023869667084558 -0.072568432781142 -0.322098028304325
-0.0218970121666894 -0.00453842519750127 -0.26907747040846 -0.267521290989794
-0.00961564651786249 -0.0127029557607144 -0.338184896950366 -0.101742100574986
-0.0137587617177842 -0.0189227426124557 -0.290678989324389 0.0451891715528127
-0.00464281839642664 -0.0378091709289037 -0.209978003399286 0.143793583414958
-0.00758220187543922 -0.0405501678693208 -0.121248900002158 0.210241613008382
0.000728369361484882 -0.0456191510159157 -0.0945166732122634 0.257109646845687
0.0246050868782418 -0.0271457931535979 -0.112228859083066 0.255153868726506
0.0101678515803471 -0.0115245804792462 -0.11659026491563 0.246952446716907
0.0233222919699967 -0.0342873024214055 -0.141445189910154 0.257355289732304
0.0926235227714134 -0.00993922433679154 -0.158528745391124 0.303711472423045
0.0826275464573154 0.0546139291559742 -0.0544086409850193 0.39903733299336
0.029777934181987 0.135107114259693 -0.189194999942818 0.253831354793544
0.0494082819709839 0.0513327821877666 0.0542453366108487 0.0645975183585835
0.00742411365021476 0.0137708396007836 0.0536504134531391 -0.20076572902159
0.0171475708276949 0.0436294645248299 -0.0699598244002715 -0.323001599928859
0.0650938549972395 0.0321861707710682 -0.248721521756084 -0.271007009407196
0.0815576259822504 -0.0146885037003814 -0.319165907611197 -0.121398206942917
0.0651158049433526 -0.0534923809166617 -0.280668924547811 0.0184130802848193
0.0756655396154837 -0.0843618033049816 -0.198039499358598 0.121635241491064
0.0702448457376653 -0.0910508324096236 -0.0990687119058189 0.187793816112282
0.101558149700829 -0.0939598447629273 -0.0525421265070404 0.248410411229447
0.15451959735241 -0.0353864396359464 -0.058988975288862 0.27447297177532
0.142726879621378 0.0356391970057136 -0.0865070512540712 0.284666572060682
0.108095226931238 0.0878725834760235 -0.138358829413816 0.267659276954363
0.105183510403294 0.149314225776441 -0.151950051180367 0.259988262054524
0.0654747427650846 0.207299573932947 -0.0482738862114442 0.324182751769572
-0.0308154184327813 0.232460587164427 -0.170161751620896 0.176489305138724
0.0118863170029541 0.189719216089101 0.0826678113409715 0.00510154201964928
0.029527070796287 0.134999855689644 0.0625408167879619 -0.236316760683377
0.0921277566278104 0.117092175532814 -0.062512945991967 -0.331425974032959
0.153160779263055 0.065665354756275 -0.217200717604605 -0.264092308865055
0.16647447614525 -0.0161798195607415 -0.275052882842255 -0.134809477505936
0.1371889074663 -0.0811669071661108 -0.241212283680137 -0.0158491862226969
0.144311940537765 -0.119537474103714 -0.159237095601836 0.0833716759696085
0.133996424566479 -0.126675054715194 -0.0526856459194578 0.143468097018962
0.17773989816559 -0.131860448446214 0.0143459138945775 0.213844458368874
0.252528610574272 -0.0532238481961094 0.0236307909165843 0.270715495546748
0.252859280173578 0.0540674226729049 -0.0304677553305709 0.318316794998625
0.192660522663884 0.175506338193802 -0.124246777949259 0.284023824231047
0.121789682674139 0.276541108919142 -0.155429396614607 0.208013245740917
0.0471144870939856 0.323832624049206 -0.0409369098675615 0.209377395633145
-0.0821275634757474 0.29855314422495 -0.124319920192314 0.0661398174183929
-0.0185623909966065 0.308731865755863 0.125356412756659 -0.0737790450287685
0.0596264439474681 0.251216122815162 0.0862765785060167 -0.276763722869901
0.172423576364786 0.179447148267516 -0.0430540427486266 -0.333718911988975
0.234065988424438 0.0843949581237062 -0.166044305214949 -0.249549102723811
0.233366438288646 -0.0223674786250697 -0.20505831405595 -0.147351307502461
0.18853492350272 -0.100896717858066 -0.176882943934116 -0.0556496504757416
0.19033909739564 -0.134793440915022 -0.0988180342149608 0.0340388773815566
0.176925510913027 -0.139077749990411 0.00856935293250704 0.0856134784429971
0.226720627442462 -0.142053890662187 0.0875072290531815 0.160964599044141
0.308800548508507 -0.0567483861140514 0.110443144252703 0.245542044428247
0.316782904367053 0.0640544524558863 0.0294157216331788 0.33332011264344
0.243105562353382 0.232881119008984 -0.108359581150441 0.288474409297169
0.118908304512382 0.359635026212277 -0.166777238774301 0.14968938190014
0.0134545363250984 0.387721185292747 -0.0302439066819503 0.0739493125321622
-0.111929054153632 0.320320440102157 -0.0684703452206632 -0.0690816890613136
-0.0378815003150455 0.377874297806392 0.155834678957998 -0.166913619640241
0.0880178260306933 0.32791823345726 0.102407578482479 -0.305217145052911
0.235244275294374 0.210848432122081 -0.0148544917348199 -0.31440821981025
0.282629000069103 0.0830773478362499 -0.0907595249773533 -0.231090278773225
0.265407683323927 -0.0312733553526882 -0.115427724889941 -0.165177851618263
0.210584353497222 -0.108933502695098 -0.0976560375189661 -0.100106625832144
0.209101445237884 -0.130326786319791 -0.0253026321281472 -0.0174113952247337
0.195873967496472 -0.125473327120243 0.0779176694069378 0.028482831518615
0.247331582119414 -0.119686868260113 0.157479280328324 0.108168271175194
0.318545721698793 -0.031853627362084 0.18350682648587 0.215721200972893
0.320928996918484 0.0873280444151484 0.0757793832793139 0.332935077105723
0.237681996971505 0.268981858489172 -0.0956378470789778 0.276170450223849
0.0784140383925203 0.391395482890089 -0.171786756318097 0.0846134515825911
-0.0339416260906119 0.38995159447116 -0.00679844385524431 -0.06006052773851
-0.120047379238109 0.287006060567819 -0.0213183273823073 -0.206715606443031
-0.0466563655730574 0.374610396467358 0.158653048443719 -0.258221749498203
0.099943188871743 0.338146075709475 0.106463549457557 -0.313984586703243
0.248493585681789 0.199406225643647 0.0196679698586459 -0.27645082832774
0.276913985952111 0.0663626026640071 -0.00376106450030383 -0.214268205800822
0.250467470435169 -0.0349434673981581 -0.0212762889956653 -0.190649720930383
0.199054505132963 -0.100299225965214 -0.0160375544956503 -0.144993620251174
0.196443884491421 -0.107005239630953 0.0497409733886824 -0.0625599855362606
0.18828551488428 -0.0922406256073423 0.148574276959153 -0.0159360666165678
0.236081005203831 -0.0732637680196446 0.220144372645993 0.0735850499655406
0.282196276307594 0.011670587065116 0.235691851380535 0.19873114912654
0.273101876998589 0.118473091514341 0.099604326579932 0.325044014872201
0.176599141052899 0.280266405931308 -0.0858166367008942 0.249447017494188
0.0124093288960176 0.371637696825643 -0.156008035461411 0.021011042031025
-0.0873266372665492 0.334580429572577 0.0359227488747523 -0.172190808255727
-0.109881588643422 0.202220850095463 0.00798318703765517 -0.320499976042934
-0.0506001315437477 0.29776503424484 0.135904966494334 -0.320630729952216
0.0844009849535929 0.27563059853159 0.106026553020568 -0.303272646064562
0.202179447446035 0.146606384134997 0.0548881266213017 -0.237663018934407
0.20942449691866 0.0422553323273293 0.0715449683735499 -0.208096446119246
0.18781442974929 -0.0250761042486103 0.0541321346441888 -0.219495610616518
0.154026556435979 -0.0718490009208194 0.052593745315769 -0.18212674217868
0.155606706778938 -0.0688925384607214 0.116028232692323 -0.0972501728835387
0.154011341210418 -0.0505511002497135 0.211060833667988 -0.0409707868045382
0.189433278171102 -0.0250420534994122 0.269991705977657 0.0628003404413968
0.207535560727158 0.0467237423410526 0.267107115142085 0.201187115105824
0.190094727679225 0.129343549219587 0.107561822879901 0.318428003332795
0.0939069975670232 0.254320048294317 -0.0711583945858077 0.219815789703599
-0.0566070508301785 0.299593274633294 -0.11547994329025 -0.0250672990466813
-0.126529160075763 0.232266020407498 0.0937239852626426 -0.243943197568479
-0.0963079511898682 0.0786330179098302 0.0192017067292928 -0.388371476991837
-0.0600495400243134 0.167625027479467 0.106981066084651 -0.339483906153832
0.0406495182747617 0.164697467544091 0.11204878025939 -0.285739120244753
0.104398598981948 0.0741087398649486 0.0824273106825921 -0.220429825100785
0.0955684782953562 0.0250064407252961 0.112157904168455 -0.218560028289574
0.0934323841542589 0.00250889070305327 0.091762342367014 -0.24385616033639
0.0864933198443313 -0.0234303262298883 0.0968680057726179 -0.204082822721141
0.0925416810750247 -0.0207893326631484 0.163020178169737 -0.114080945284475
0.0940414758186537 -0.00805004836439718 0.257199437924018 -0.0451792221360793
0.112984743195369 0.00818653032885096 0.302930944803082 0.0736055667422049
0.112557470693303 0.0503675093385886 0.278196721257014 0.216762072304734
0.105695327846583 0.102734478982838 0.107390678156599 0.312254855846487
0.0255278045413553 0.190189163119597 -0.0504848343719444 0.200578227521416
-0.0942699072475539 0.18953752207217 -0.0618923785375678 -0.039088583345365
-0.133418198906307 0.101400915040619 0.154609937201156 -0.269002400734861
0.08366133057755 0.0196131575889007 -0.165925024278584 0.303203511088961
0.0707297270855931 -0.0879147129573972 0.0710629450608085 0.10191077448453
-0.0180411339079385 -0.0908668431229326 0.0672800582890173 -0.187845175138123
-0.0477350028120143 -0.0231504800427024 -0.081113815254113 -0.326693122270788
-0.0220367700644959 -0.00475480840695312 -0.282725566094214 -0.266371836320661
-0.00941646663676661 -0.0150003546976402 -0.348728093130765 -0.0939477511389704
-0.0129952485386339 -0.0206922075195569 -0.293885563655051 0.0542709095125091
-0.00536212418553205 -0.03971520868284 -0.210381481880463 0.154311995935701
-0.00774448664533122 -0.0417990840553039 -0.117695393584089 0.218028187960358
0.000302952533121686 -0.0463843401185963 -0.0895444156308923 0.265725213659679
0.0256469100964416 -0.0280448369750706 -0.109985220337857 0.265595596740186
0.0109144720019632 -0.0118058153071473 -0.115127373327614 0.253955112672799
0.0244652714135674 -0.0341042925777208 -0.142889613241968 0.264874824282781
0.0945923900086983 -0.0134577218900991 -0.158698583541124 0.315166940450331
0.0837839748925607 0.0533330602219328 -0.0456714612302914 0.409071637522136
0.032269507374828 0.137979961174105 -0.185622878832491 0.264821476426955
0.0507408367509556 0.0511642319568448 0.0609278845493024 0.0645522003045583
0.00672998742327187 0.0145764190607748 0.0522600880402726 -0.203873768916081
0.0187746606958648 0.044123037185746 -0.077538188324011 -0.328949007220691
0.0678857239354097 0.0302792553058968 -0.260627834911231 -0.270325208002525
0.0833310740598708 -0.0190177915008256 -0.328149772588698 -0.115801318580048
0.0669860252615472 -0.0580025563630815 -0.284695284800859 0.0255872894999448
0.075376898489755 -0.0899374706518557 -0.198784146176264 0.129906569128081
0.0701481334091418 -0.0959429945201879 -0.0950257382022762 0.194461080106749
0.10217818139811 -0.0991679947244762 -0.0460545810468996 0.255571031008955
0.158373495047877 -0.0412263280026106 -0.0540298025234773 0.282571204368101
0.148725565273425 0.0332204551222924 -0.0825417389268103 0.291163583206611
0.114946171947757 0.0888320734977195 -0.139874221888771 0.275314076377859
0.112302750550076 0.150540582363908 -0.15218607325458 0.2697224470142
0.0699366083969059 0.209101421805307 -0.0408564605485608 0.333713228987288
-0.0289295956182775 0.238351183131035 -0.16876984279164 0.184739483747558
0.0165741290030786 0.194076503656847 0.0892094833258763 0.00376843565006097
0.0321507083070077 0.137970550446994 0.0615027548264651 -0.240623107951647
0.0964234235331402 0.117154987939008 -0.0683140522237211 -0.337155909121964
0.1593118450109 0.0619615603393283 -0.227785917771694 -0.264581929315816
0.171109200598156 -0.0228822368139093 -0.284134212742573 -0.1310254434273
0.139514614134383 -0.0875076189633504 -0.246205411974516 -0.00984803240553193
0.14365727658115 -0.127857307254869 -0.159360919860949 0.088951750164768
0.133949505469579 -0.134830070383504 -0.0491928992706907 0.147021099987041
0.179189156289129 -0.139825757779097 0.0214465784833457 0.216935431516221
0.258542384291296 -0.0635607742008214 0.0317179544613704 0.276851663851477
0.261971133551139 0.0473359965717876 -0.0221533899225517 0.323322195630654
0.203834921201916 0.17538305000464 -0.123373994891264 0.291481706311243
0.133419832348968 0.281104017615597 -0.156194301445077 0.216139258170806
0.053511299487039 0.328277839769158 -0.0373101603295483 0.216359037810979
-0.0798208079506216 0.306531520096315 -0.1226446900834 0.0705312709549075
-0.0113287512100013 0.317091409765412 0.131786194565223 -0.0778302690992515
0.0660684521244156 0.257303694812304 0.0839399234744296 -0.281342289040047
0.181932791952781 0.179504466180866 -0.0492717656261641 -0.338941499634376
0.241731958444356 0.0786448462273873 -0.173324632593077 -0.251799777061161
0.239379229863282 -0.0306896381449776 -0.212222801208682 -0.14642684812817
0.192026284954269 -0.108400499968303 -0.1826317274884 -0.0527034988224795
0.190877319283271 -0.144527790280448 -0.0994324742271534 0.036002796588576
0.177541629428803 -0.148518512174826 0.0120460581097051 0.0864909325699395
0.229014075102975 -0.152628253341924 0.0955639458202758 0.160679623217643
0.315304001908239 -0.0687865012091255 0.119450093792787 0.248531736290519
0.326021045015929 0.0554839924221082 0.0398932628645414 0.337558231145914
0.256472233629928 0.232591230840511 -0.106290080266439 0.295975081182393
0.131911843557814 0.365897793235611 -0.167281672801488 0.156583826679628
0.0216779191570231 0.393514055557428 -0.0294941818548988 0.0788162813684383
-0.110240908361951 0.328581977185347 -0.0688049378653839 -0.0694688481974305
-0.029102024258822 0.388943409754004 0.160659051405781 -0.175033689835814
0.0970592772691384 0.333832346846364 0.0999998706316249 -0.309347753018195
0.246017914864081 0.209963213290355 -0.0190966464061208 -0.319194079053872
0.292209161197067 0.0766960443523054 -0.0953545767052121 -0.234215513908682
0.272035055625746 -0.0399358283271558 -0.121169963353628 -0.167621405540006
0.21378085076911 -0.117414141395054 -0.103492028065808 -0.0998510459662895
0.209102299044089 -0.140358908578236 -0.0246641227515076 -0.0184003007573311
0.197743470285853 -0.134676295864545 0.0821493123923168 0.0257527865404545
0.25112042314973 -0.129978322335316 0.165780612991706 0.104619174770176
0.325933200131782 -0.0434073431278758 0.193485423294138 0.215380563727456
0.330891003142873 0.0789131083237366 0.0880736025052555 0.337003700263982
0.251046924326043 0.268227616538997 -0.0938082616571156 0.282818767244512
0.0919702947247733 0.399379142721296 -0.174410785547218 0.0893506982303907
-0.0280741136761185 0.397176427980411 -0.00893823524456078 -0.0588491305671737
-0.118596644740817 0.294748405085339 -0.0230929983644731 -0.210845404862403
-0.0373809215519869 0.385310128849115 0.160875563256637 -0.26814867568714
0.109763451509914 0.343360686756247 0.104657508474031 -0.318890515165478
0.259579002704477 0.197263469418839 0.0173925067714217 -0.280794163540204
0.285907353299154 0.0595042435228948 -0.00549046256889663 -0.219105185665904
0.256536635846094 -0.0436954210465312 -0.0262810937917226 -0.196130752831444
0.201127563175936 -0.107992640423672 -0.0214755660271415 -0.14738349842191
0.196565019194124 -0.115756883091341 0.0508707321053453 -0.0673525354088723
0.19094888356749 -0.100607846400983 0.152614320655233 -0.0216816493206558
0.240143498613002 -0.0823926180173938 0.228041655133033 0.0669844519082411
0.288292985497101 0.00268799771981804 0.246734283839601 0.195871116019297
0.281540602503046 0.112477117280781 0.112718992775374 0.328561185264047
0.188277570997664 0.280918456962033 -0.0838099740030249 0.254715471497229
0.0216293518263577 0.380291322940865 -0.159077433040648 0.02472961824769
-0.0831746564048497 0.341954386800913 0.0306917753050265 -0.174070019273616
-0.110156224430513 0.20792130031976 0.00482761421667409 -0.328282159930746
-0.0433489798020274 0.30592663791548 0.136110798316097 -0.330808900327254
0.0941527141413512 0.279008108739608 0.103923493219743 -0.308651508793198
0.21076755680589 0.143956018509123 0.0535540406695687 -0.241135779816684
0.215663366585657 0.0365907759718906 0.0714659745245965 -0.21524126699432
0.192380196618542 -0.0314343345081772 0.0492575014222084 -0.227845964575733
0.156086942358509 -0.0770139525105533 0.0474718895168023 -0.187093085213524
0.156208539237056 -0.0756827766112945 0.118067420373601 -0.103996436323907
0.155651725790455 -0.0553277595075831 0.216709246692422 -0.0489287160333086
0.192944034506543 -0.0313884622980323 0.278459575275771 0.0555614730286715
0.212595637502884 0.0419457103276501 0.278459596107654 0.198213847865267
0.196540216281721 0.126689489926219 0.11990261714632 0.320484692474672
0.102396510061492 0.256100651325436 -0.0685139593908683 0.224225839331314
-0.0497810773858676 0.307222144198115 -0.118401287878783 -0.0229357066719906
-0.125208445059513 0.238713934642521 0.0878800965832391 -0.24924371351322
-0.0979052890758051 0.0812433941165785 0.0142037547627853 -0.395896098457303
-0.0561386988386208 0.172763551264757 0.105136412515619 -0.34970462742341
0.0465385530442626 0.167231317639296 0.109311292223252 -0.292063595764202
0.108081401705139 0.0728578878750281 0.082540253343183 -0.224045871387934
0.0982347866298667 0.0222299847883266 0.111899790205926 -0.227691933555615
0.0962161383450268 0.000612016554357854 0.0868107610882011 -0.252853273810757
0.0878975163210084 -0.0258006359192469 0.0921660990319662 -0.21149212258801
0.0927299336661289 -0.0242297580835724 0.165442512846075 -0.12319730374612
0.0957666266950904 -0.0109472811091697 0.262723284808036 -0.054980703102479
0.115135882440896 0.00513591022200919 0.310570206033949 0.0663539330722581
0.114808210347871 0.0491342160300724 0.289634294822059 0.212789865292541
0.109170895344728 0.10148159992415 0.118225012550976 0.314941994757201
0.0308214000992925 0.192466389372751 -0.0475089295441578 0.20426004472807
-0.0916759252427831 0.195161905102483 -0.0649050554673288 -0.038526392165104
-0.134756802264316 0.106758992443395 0.149339722435115 -0.276816964563188
0.0817174083151276 -0.0314748684101619 0.0630672901190732 0.345031457634526
0.00310323848679332 -0.11317330318616 0.124270032838776 0.029457059802101
-0.0707510164465311 -0.0629605646585504 -0.067364253136137 -0.198279845681902
-0.0539278727072082 0.00994395494092374 -0.279499500119427 -0.213973279798288
-0.020617648321058 0.0108782797271597 -0.399439683736782 -0.0312522500452401
-0.0167698872471762 -0.00602102643804715 -0.341003387856783 0.150081039301463
-0.0222015894201535 -0.00928430122303885 -0.202637567993634 0.235881379183077
-0.0304781649754 -0.0296609181825776 -0.0695840775383528 0.261151422438462
-0.0329509133921541 -0.028744175320133 0.0477672323143074 0.253020411558736
-0.0284977877705256 -0.0377102661204782 0.100631622861961 0.276194402267263
0.00493949297266114 -0.0386811897790797 0.0843065164269513 0.287601747090736
0.00514261486800219 -0.0155335943163831 0.0698151571120099 0.281553433511204
0.00154060661078404 -0.0408560146440032 0.0565256674099811 0.310387280704316
0.0712881468756309 -0.0705484974353037 0.0836787488442742 0.367719828986323
0.104462188053286 -0.00580403637267281 0.235190185167435 0.369214728299458
0.109557722477933 0.0983391372968418 0.0317858222624293 0.327380170547382
0.0713126994899031 0.0103458777638594 0.0971067830847037 0.00978767755016303
0.0135750771434717 0.00817142333611902 -0.0842415954881693 -0.200192644657522
0.0400053101372111 0.0237748944426907 -0.272659744642216 -0.219829983508092
0.0727789293666786 -0.0173640377161377 -0.382001083248111 -0.0511808159541868
0.0544617192987212 -0.0680660388090918 -0.336480767143823 0.117878544768071
0.0181252332680879 -0.0893341780245164 -0.214248558071463 0.205771598665005
0.00183655426441967 -0.122915392769504 -0.0756049750864015 0.234298223431426
-0.00477958097849381 -0.124966972664175 0.0510572979014629 0.219500572053873
0.0195395543168673 -0.148091616051439 0.129712808392672 0.238853471991171
0.105299752158838 -0.139201507790917 0.139766011052186 0.262785551317121
0.148726785483582 -0.0687934178573323 0.120894804129956 0.289221722488461
0.160754510110033 0.00117087548385131 0.0649097326852246 0.314712176537936
0.19662471538639 0.0534656890583856 0.0536872191780193 0.327702469126361
0.198274233565119 0.13267289411711 0.182117112068615 0.300536795016084
0.117656303782873 0.218703561944728 0.00186113707473594 0.255280245156562
0.130308266263424 0.145536381669394 0.0843451506152296 -0.0519973592438767
0.109826318562011 0.0923321405486697 -0.0928470813955171 -0.233425816971566
0.146351345130977 0.0355520255136593 -0.265895660608163 -0.233182342498689
0.165957830864684 -0.0480252229356617 -0.350096827925689 -0.0704862088600097
0.123003697308799 -0.126883507545266 -0.308255403892132 0.073510883459531
0.0571278437880403 -0.159197233503275 -0.20601745050649 0.151296951909325
0.0322051592557849 -0.197863913517094 -0.0707363911071326 0.175450314098017
0.0216619453482607 -0.199101516293178 0.0583590458988088 0.151038030323428
0.0557839403592935 -0.233177899351663 0.160053955966122 0.162558917706738
0.172657275094177 -0.224825804857063 0.203384702072452 0.200542970121035
0.252292697862231 -0.131262871007885 0.189084153207451 0.275965523226204
0.295660854358472 0.0141526044885466 0.0876807132499778 0.316130271046816
0.302522082293325 0.14699640731796 0.0101526842122723 0.287689446751177
0.264210452812398 0.241416145495016 0.102577523224275 0.198144492984045
0.115507538343076 0.305505671839275 -0.029350259199159 0.135640890276189
0.182931720379135 0.260494715572033 0.0693752520041916 -0.141199885415963
0.210867454230297 0.167637674140764 -0.0933881226464441 -0.278811991450603
0.252088031943867 0.0340664565618816 -0.24510287995482 -0.249020995053033
0.24344998985868 -0.0865288062481753 -0.296345178038028 -0.0959444535628553
0.17302773376708 -0.176949310397817 -0.259384607133819 0.0152140862200987
0.0849465690960771 -0.209067078438169 -0.182923654771726 0.0741562100817073
0.0588536200141329 -0.242240111968602 -0.0563230737356334 0.0928869680439937
0.0484452246763371 -0.238442225730201 0.0678959513643681 0.0616149563860783
0.0886244011863164 -0.277073105320345 0.18304850388315 0.0675774776459795
0.216099261627547 -0.267774022812861 0.254417197412512 0.119031520841721
0.310731649959716 -0.167070184175282 0.250210234381896 0.244801965423381
0.379162660816613 0.0262679879419365 0.103950214668906 0.307264797855827
0.356704747875493 0.217348831310754 -0.042344129257633 0.246231370169847
0.281865055948563 0.315911648561008 0.0126177635591143 0.0776787168625498
0.102723101937766 0.341260132247071 -0.0742602007142849 -0.0104247287638385
0.211939519074386 0.327916793933899 0.0322858003605618 -0.235946560851844
0.283711352848549 0.210473255850265 -0.0934150272756751 -0.311828340007205
0.322115491734467 0.0195323008758883 -0.204307071975859 -0.253745712238841
0.282171033545428 -0.119850504489224 -0.221059288049694 -0.134465777669938
0.193295201237574 -0.205223042784387 -0.199621967776378 -0.0624360260566197
0.0966918190770097 -0.229750219179441 -0.149709015503981 -0.0167990831287438
0.078083721672935 -0.250856537146184 -0.0325032723212082 2.1339235545072E-05
0.0745490338988613 -0.241394733312227 0.0841737627288803 -0.0328598543060317
0.120477490082397 -0.273288356711282 0.20338134694544 -0.0237380104573844
0.241820379091709 -0.253678709355705 0.292654279068718 0.0435285178966455
0.330368522612786 -0.150602114539837 0.287271642563548 0.212333469783042
0.395718988562128 0.0606548879119203 0.105577320705828 0.287320275315422
0.346824018584705 0.272337109403119 -0.0932765123716571 0.1949468009437
0.2437770984103 0.350666535785216 -0.0631958588228754 -0.0499827799228348
0.0749686848643675 0.317522316894883 -0.129911169818631 -0.153443959500248
0.203282273260891 0.330031542922287 -0.0277762985031541 -0.311077506353053
0.300300879263798 0.209540936016152 -0.0951060368988142 -0.322346030828555
0.325041367573134 0.000494703926602351 -0.149064761231976 -0.246343700474249
0.265222268598127 -0.129810241344384 -0.139006533255673 -0.179889587490371
0.179112224990801 -0.198358823770026 -0.142035300352127 -0.14607812892543
0.0924324560243027 -0.213543945899535 -0.114412190645998 -0.108495537736042
0.0834865052546246 -0.223087960789072 -0.00255938422870943 -0.0886506759176392
0.0915891221669073 -0.208230834425442 0.110644788987827 -0.118138291104972
0.141866449875166 -0.226852427233093 0.229016775251935 -0.0950599761827022
0.241599063490013 -0.190054549910008 0.323241764635 -0.00700768749690366
0.309477534871354 -0.0900120432710153 0.304299358016434 0.188853587195788
0.3513935840927 0.1119329860931 0.0961095558005149 0.25816732813151
0.273127733411664 0.301678670247846 -0.124013875773847 0.129425552556762
0.160109606318825 0.3406817546053 -0.104239122208989 -0.172335571221532
0.0294302537397557 0.239132312685725 -0.188587617917828 -0.264770155754881
0.149740228689161 0.270024181334373 -0.0917652722488513 -0.347959822783674
0.24797383977995 0.16600433463932 -0.0942321537183704 -0.314550297236722
0.254469669251186 -0.0133481822218847 -0.0964311101243293 -0.237125523583477
0.194376410650708 -0.104530949223934 -0.0751144329337983 -0.224809310288117
0.134429995315839 -0.146894333318224 -0.104239069116734 -0.219024583969233
0.0746502674423293 -0.159652399826952 -0.0839848608916483 -0.185071358885887
0.0767989643639656 -0.163250321820793 0.0276782466108817 -0.161774660088633
0.0918632415271927 -0.148954106314072 0.143102318147908 -0.182174844460072
0.136970808409367 -0.154163087315443 0.261858442054276 -0.13636725409157
0.204507725491259 -0.107564222288073 0.351050253545255 -0.0263514060737814
0.24755133660356 -0.0222353815455357 0.306497015249903 0.177595112228314
0.260940872174356 0.149114340648442 0.0885178638594324 0.223039281363466
0.163946822123718 0.288835159210525 -0.121551737201362 0.0613487960956515
0.0567499905081012 0.282121702807698 -0.103270032529904 -0.271676384023846
-0.0356564491979023 0.124881522214304 -0.234460836039677 -0.325964933367268
0.0577470433117997 0.170283878820282 -0.13424623390097 -0.345633749052731
0.140301923059688 0.103725849423821 -0.0863112703305467 -0.30602609514578
0.12930459098463 -0.00895038507803466 -0.0674986051434412 -0.238671554515704
0.0914174234456918 -0.0426177679474756 -0.0530147941862185 -0.258071147957227
0.0765748916721224 -0.0601028242630391 -0.0928515768847402 -0.260731041956892
0.0528314585032478 -0.0756523738406459 -0.0642374688324448 -0.23332256361542
0.0584043614636273 -0.0801037037547109 0.0529602519088659 -0.208007905494176
0.0721265407758586 -0.0730539087293109 0.176199637293704 -0.216999176769075
0.0977355421736746 -0.0728794457405306 0.295645086222105 -0.148654319184056
0.129941000540839 -0.0350885503174029 0.370090048209204 -0.0198704459462534
0.158063091019882 0.014557511709565 0.301627155465586 0.174662505303475
0.157168625105921 0.143443984204889 0.0943472237260726 0.193148779253085
0.05315930751519 0.222527014848243 -0.0848943336717327 0.0115075971794094
-0.0396377126242834 0.177262389423074 -0.0661523587813106 -0.33267854038544
0.0833617066086283 -0.0372321383493347 0.0894640494527546 0.356769492445796
-0.00462420173491815 -0.117003508595343 0.133786681322474 0.0198178428826666
-0.076645387880471 -0.0598170587734947 -0.0815829748114296 -0.203351481441677
-0.0551136825283124 0.0137719977205018 -0.304636754662277 -0.205702204470475
-0.0207555378994803 0.0117911781431296 -0.418871621980452 -0.0066529447473978
-0.0189518187888977 -0.00635316414538252 -0.345859933535032 0.178061634464304
-0.0244688523879783 -0.010501141384404 -0.1954501734453 0.257269143085021
-0.0346501443010493 -0.030037844741238 -0.0543075409907364 0.278032204174143
-0.036467078924943 -0.0289500262885362 0.0664072645711442 0.260501983136969
-0.0305861689153018 -0.0378240959021693 0.123818688691416 0.282344461723705
0.00411879293874626 -0.0415663197937794 0.106447959239908 0.29670777859443
0.00552588509975716 -0.0174528313825441 0.0869503277674565 0.289861908530581
0.000481111640216837 -0.0422428454688186 0.0740763674998769 0.322469298411815
0.0682197367953801 -0.0786834308989531 0.108056203818853 0.38284913761511
0.106708224837771 -0.0107121706254304 0.268169834118905 0.370776124833249
0.119503334037968 0.0972581073780361 0.0550173761001899 0.339521151886061
0.0745391350781228 0.00704380364943953 0.104373330638057 0.000415554492254419
0.0149311962410352 0.00896160365626427 -0.0973359729584907 -0.204277272784205
0.0435350271964477 0.0224413740962665 -0.297471181668395 -0.212920124472687
0.074364278969903 -0.0236319744614542 -0.401679581946306 -0.0296631684991103
0.0514281362043754 -0.0765134318948657 -0.342787584030059 0.144358572946397
0.0130433260312332 -0.0966462708382024 -0.209131605181106 0.227563236512203
-0.00743420928639447 -0.129862751245936 -0.0640547317218527 0.249767330273894
-0.0135987321271631 -0.130957206548894 0.0676492976012275 0.22462588174141
0.0120710194924025 -0.156395321568376 0.151294421166051 0.239698032496858
0.101941488838784 -0.153988383694997 0.162730371196153 0.266514999807914
0.151886781120868 -0.0820434044624518 0.140906220542755 0.293945149048354
0.170397871816534 -0.00920692868723461 0.083287172873576 0.326842214584809
0.209113301297725 0.0428502299238583 0.0756163910732435 0.34044076071112
0.212669040381246 0.127600241189488 0.209005879477613 0.301482675943924
0.134888989285723 0.223311418620376 0.0192068319642072 0.264621854753067
0.145841956816363 0.144005776255915 0.0873642713562587 -0.0632985663735091
0.121007434477293 0.0918185252781522 -0.10663670999272 -0.237767166810559
0.155159294269598 0.0285173344789641 -0.290711277655357 -0.227638267286189
0.169581945972754 -0.0626249890989507 -0.368322105190244 -0.0521961530224068
0.119250494259663 -0.142538671801844 -0.316951535524745 0.0965924850453468
0.049832761781241 -0.17104831997813 -0.204995044178126 0.170671673625878
0.0192750489924521 -0.209652264285809 -0.0630394386405086 0.187054097027056
0.0101105274141126 -0.210006617272525 0.0704255857521106 0.151782809235477
0.0431549232348433 -0.248122895356621 0.177323650733911 0.15734203515986
0.166312957337596 -0.248533005062004 0.225839402717818 0.196208457226551
0.255203359382106 -0.155375823929663 0.213907425400487 0.273744577867322
0.310920665335765 -0.00506942192131877 0.107024447139519 0.327826292991466
0.326753277390219 0.134095867813622 0.027332646160472 0.301902862075107
0.288444660050291 0.237161650105467 0.120694134261579 0.200543375674644
0.136895996080344 0.31530509710298 -0.0212021893812383 0.141719796026243
0.208357521576547 0.261048325554983 0.0666096667204108 -0.155393741861477
0.230913980897277 0.163718784200777 -0.108243250791991 -0.28433466266873
0.264670437577137 0.0204106978156091 -0.269594955166517 -0.247096591864202
0.247313451813031 -0.10809414616311 -0.313979529056326 -0.0837529264528865
0.168882396456002 -0.197724824798114 -0.270299778077363 0.0302773983457762
0.0755373332258669 -0.225427579132548 -0.18602305815379 0.0900344896163179
0.0445551990074058 -0.258029757449342 -0.053252607944134 0.099686994612939
0.0350805142567016 -0.253013983680365 0.0748948774733685 0.0579221291998681
0.0739449894200648 -0.296657131001972 0.194976411090395 0.0565962734244328
0.20832031007627 -0.296128159997202 0.273894582017751 0.107120160580467
0.313828932369174 -0.195649426361767 0.274802413785601 0.237926353645576
0.398322386654728 0.00213260888213984 0.123581119068859 0.3162666057211
0.388611951344175 0.20409731029391 -0.030345709972925 0.260654880646428
0.30983955708593 0.313266053896594 0.0196312580561665 0.0815666981545734
0.125888341084284 0.35405621032876 -0.0762806521171219 -0.00849071932000986
0.24310157947943 0.328691308708797 0.0208627222313082 -0.251979309292672
0.310180029667642 0.203164891053016 -0.110678535068309 -0.318939366536371
0.338131722053447 -0.000426289384417753 -0.225686180160897 -0.253706863360464
0.285816119702322 -0.145309765315685 -0.237285183535322 -0.12768624549999
0.187439629758656 -0.229311241016807 -0.212441869317327 -0.0539875201333545
0.0872890393698279 -0.247203440226959 -0.156413927880002 -0.00614621532781539
0.0633576453992042 -0.267540078993625 -0.0343850533568349 0.000517554701841145
0.0617029881496568 -0.256717557112676 0.085418647380246 -0.0425241811517399
0.107200094674899 -0.295141623361691 0.209174813618636 -0.040999682357628
0.234845940209436 -0.28243351614585 0.308350356415929 0.0259883542192904
0.333952597546934 -0.17927257291357 0.313715306667595 0.2003811467069
0.418737443360019 0.0360488832236346 0.124190501132986 0.29528569196319
0.380967035424265 0.261995699038247 -0.0868548837399886 0.208837548227609
0.273540849261947 0.351857856319567 -0.0673357511107554 -0.046106593468012
0.0951127361611703 0.330034414220262 -0.143051138520349 -0.156042781005755
0.234150923269527 0.330527533165675 -0.0470301062866506 -0.327045888529099
0.32631483254867 0.199474602958529 -0.113050891176739 -0.329682607474156
0.339557451109741 -0.0212473257249219 -0.166817496982753 -0.249057978944741
0.267908770187501 -0.154547761746426 -0.153562462705507 -0.181479379952166
0.173243171773012 -0.219840060752795 -0.158577815716198 -0.144985737250816
0.0826517986015791 -0.229670377091281 -0.125845369944792 -0.10370705109283
0.0713635145120769 -0.238898788335725 -0.00847428366621821 -0.0948469846848696
0.0821850655782125 -0.223660331938101 0.107204528475809 -0.132779193303262
0.132549120768399 -0.247100123947387 0.232069988604593 -0.116871310087388
0.23864723717208 -0.21542861673191 0.33747252478342 -0.029126476329192
0.315875864679032 -0.113924971909922 0.329565168499408 0.174844445530151
0.373857318862272 0.0936632080707172 0.113320396461688 0.263590897482259
0.305821260595371 0.29795593749025 -0.122645086987277 0.142770654981411
0.185605030846245 0.346698848111022 -0.118026994297217 -0.170285614728541
0.0436916251871756 0.249262012747167 -0.211350408292844 -0.267862172968741
0.174187597457314 0.27118008809643 -0.115710125537041 -0.359966392914611
0.26947067774757 0.156745982191352 -0.112033912985072 -0.322199438835538
0.263987726762382 -0.0310101182947724 -0.110691384952402 -0.241929407031596
0.195285290075426 -0.122752461802355 -0.0902977900495311 -0.232624710006908
0.130781637087899 -0.164200345324889 -0.123718772562926 -0.22286009309872
0.068229705001237 -0.17190690141184 -0.100166111814144 -0.18635765117326
0.0688297605815843 -0.175798405746924 0.018231671512454 -0.173436254965107
0.0857922793558819 -0.161286096594801 0.136971191158117 -0.202193231059928
0.1320162515741 -0.170095106659637 0.263531174055404 -0.161537801894384
0.206299897937554 -0.124877022807812 0.364628437175725 -0.0496343940481207
0.254833886927929 -0.0377657742168706 0.330743752423528 0.163434722964651
0.280399891453669 0.137986969760995 0.104258322456791 0.227363963957544
0.190050637879986 0.290659814130201 -0.123998942905321 0.0717297335912731
0.0749244851013779 0.290381638880184 -0.123542725819327 -0.274069567249234
-0.0304801599124517 0.133512966372816 -0.260750515431113 -0.328901163244895
0.0714112280868629 0.173326119899475 -0.159597718945077 -0.355092940076652
0.152940976449193 0.0977355194057216 -0.105310085743452 -0.313372789937122
0.133447426351955 -0.0180282523205798 -0.0806576056996893 -0.244974239034348
0.0912459372798482 -0.0510357093494982 -0.0693853312854114 -0.269146756576331
0.076227009410492 -0.0685486818027184 -0.114251755342545 -0.265782032386314
0.0507068636975416 -0.0818136214395406 -0.0824834987642445 -0.237955253971673
0.0554234925449956 -0.0871834048185003 0.04239168127114 -0.223421362548542
0.0700273052257068 -0.0800242448101908 0.169749159367987 -0.23994995895785
0.0964889349708685 -0.0817460528860868 0.297770850569221 -0.175432306667355
0.133263492925268 -0.0441614141875242 0.384382509142086 -0.0440327604631717
0.164563308905284 0.00610819423321149 0.324838062251865 0.161535991228372
0.171878546765858 0.1384232499987 0.108220313000576 0.195225472831148
0.0686904080298998 0.228221832898343 -0.08902512500561 0.0176745046051717
-0.0317470692854856 0.187555860945438 -0.0901709567742842 -0.339561941123316
0.0827860132120364 -0.0447778868350885 0.123482680938423 0.357344549677491
-0.0152408690959572 -0.118361105230309 0.140965014132856 0.00401583938217519
-0.0820268096432134 -0.0530982191083519 -0.0990623460095715 -0.201649751892926
-0.0541743056369285 0.0187291447824626 -0.328901281991286 -0.185822650032859
-0.0203329189988082 0.0139572049571666 -0.429987813289938 0.0298242478760026
-0.0212052764441829 -0.00520937656333218 -0.33865951719831 0.212429621046772
-0.0264707405613682 -0.0105811849091363 -0.177284942412551 0.277972078459558
-0.0392292818480326 -0.0283226149293443 -0.0320944578998643 0.290473853093625
-0.0401161260374573 -0.0275496104654684 0.090553801019831 0.260311360166242
-0.0338969238801426 -0.0368586278286346 0.151411113787909 0.278727308653578
0.00163859754897484 -0.044012295174586 0.134634387365648 0.296404877001764
0.00514892456255036 -0.0187398544803128 0.109261913616841 0.289958466767274
-0.0017255581293714 -0.0434833790389692 0.0992282398374952 0.329442294467397
0.0613191463037037 -0.0864631600378973 0.143274457776132 0.386039590320257
0.107365346983836 -0.0177121125608299 0.303294138154878 0.354722752473919
0.130082651192263 0.0916658620526071 0.08633644701929 0.342123465834728
0.076854451016698 0.00144895976297624 0.109127522864582 -0.0121405776340201
0.0177204006391042 0.0102187546050396 -0.113734872692472 -0.201873359948735
0.0470284873993518 0.0193649394207906 -0.321503165241537 -0.193973228153033
0.0742655127709511 -0.0317002593391332 -0.414080869927524 0.00374595126318968
0.0447539358210587 -0.0836941257596375 -0.339531710236265 0.175847155162707
0.00420606968121555 -0.101932006444944 -0.194240713160046 0.250003025750239
-0.0206047615786702 -0.133362318030666 -0.0436899506376414 0.261013406863886
-0.0250604536692393 -0.134571708526841 0.0878549375268807 0.223236238655904
-0.000999292750871356 -0.162481272206362 0.176798132219944 0.232553873250474
0.0907545395725746 -0.168693935122326 0.190980490442788 0.259740100054438
0.148859411944722 -0.0988801474396732 0.166173909356278 0.288349875789276
0.175573907530336 -0.0239776569103096 0.109452489635138 0.332572125162462
0.217742947912785 0.025339875015889 0.106243949990672 0.345119175879272
0.22666110723058 0.115208671160397 0.239599252156007 0.29078067381592
0.156058910850701 0.220680323867867 0.0431047644925337 0.268778041015532
0.162143355286832 0.135559096342154 0.0868660101946251 -0.0759568614027286
0.132502234444904 0.0858740097446668 -0.123631904895702 -0.235123526107037
0.16162575180748 0.0163123839084812 -0.316378775014828 -0.210059085202288
0.168022712591459 -0.0796841312233127 -0.38159324951616 -0.0224901701336276
0.108539796948742 -0.157912062512939 -0.317434078660336 0.124463182208843
0.035880489428215 -0.181789005254345 -0.194709936904062 0.191915952825281
0.000690569987840381 -0.217428616487451 -0.0492757395077662 0.196794498327945
-0.00908557656328615 -0.217401659411021 0.0845275487406045 0.148148333939332
0.0227243702178942 -0.259634941421985 0.195183679723552 0.144192506435062
0.148124587415307 -0.271615317351755 0.248930189026022 0.181704986458772
0.248030968825611 -0.181664444828042 0.239770374569325 0.261597272098504
0.320499696788958 -0.0330755791894862 0.134249967349522 0.329996230529456
0.347115470347912 0.108629223210792 0.0522703617988878 0.308291983965539
0.312426789988694 0.221739614022658 0.140595148779152 0.195428204978986
0.164947700507322 0.315824692944847 -0.00921380716613071 0.144722694089566
0.23717332713298 0.250038305523994 0.0561912381743607 -0.16873260203878
0.251857078036265 0.150420396460038 -0.128349624776405 -0.283577017897887
0.273889540858174 -0.0021073680166838 -0.295244846862838 -0.230757803366903
0.243815412267118 -0.133569872036001 -0.328181814998705 -0.0604495924170577
0.154137323066533 -0.2198727278897 -0.274809182375076 0.0527067996511999
0.0582895507341587 -0.239411057674383 -0.182102903526327 0.108862320590032
0.0221122381279611 -0.268940826323343 -0.0469980306532057 0.105599070157939
0.0133998553314271 -0.263776868634306 0.0795790704271267 0.0500653296609807
0.049968011926039 -0.312279462073723 0.203365234423433 0.0384514049966442
0.186740730544481 -0.324059861286458 0.290916349536071 0.0853869520782031
0.304033977102236 -0.229024826288148 0.300621555432363 0.218703796563936
0.410136076090532 -0.0332988006417855 0.149964386679155 0.316185813411032
0.419484840299504 0.1755423437246 -0.0107453509768166 0.27070815114637
0.3415786267231 0.29720532637707 0.0280789237976385 0.0826815822631996
0.157820461290091 0.357769776739091 -0.0781603707369001 -0.0056543677841631
0.280171211711882 0.315709422814676 0.000715264469892096 -0.263742062940867
0.336726368983495 0.183719480635434 -0.132627251651741 -0.318558884260296
0.346704426061732 -0.0297486360490871 -0.25027551469424 -0.242012525498845
0.27980101108461 -0.175113204840852 -0.252079587963502 -0.113422899194832
0.171301127348083 -0.25334934649745 -0.223736734063252 -0.0387292381603055
0.0684780260688618 -0.261926431219203 -0.160248878970778 0.0088557383754541
0.0403460202585039 -0.281279443046687 -0.0359881442731388 0.00289137991217833
0.0409038880427515 -0.269483227286129 0.0831921235005504 -0.0541469036070747
0.0837316510123213 -0.313044601227334 0.209689787531763 -0.0622175153413173
0.215456646309895 -0.311309172797467 0.318772741811199 -0.000840980686194025
0.326154255461801 -0.212483136174422 0.337226903455114 0.175508370309904
0.434305478981439 -0.000113872370293823 0.149359010776901 0.29396616621114
0.41527580220228 0.234550455107359 -0.0728669706199965 0.221562841787297
0.306980792372066 0.340228493137865 -0.0711273130505597 -0.0405443158529621
0.123271954135514 0.333850516492493 -0.159073943827312 -0.151393499229893
0.269936972458292 0.319045843530939 -0.0755757497878895 -0.334466477774905
0.352125206958735 0.178005657966622 -0.136622066231207 -0.329422906225219
0.346299393220615 -0.0513674603219382 -0.188645888993478 -0.24244895319048
0.260824166028911 -0.182446797705385 -0.170386383000664 -0.175801938744661
0.15739219799655 -0.243098842255232 -0.17556739351874 -0.136271970824915
0.0659116623711023 -0.243712804135923 -0.13653980457808 -0.0937572173404578
0.0515290769211871 -0.251152158623363 -0.0176526057862221 -0.0983759623934714
0.0645841845897655 -0.236142710413372 0.097425950688222 -0.148841331394113
0.113725818278556 -0.266473727951622 0.226368979588858 -0.141976528010548
0.225948354035388 -0.242392080075288 0.343400006870278 -0.0599724570459832
0.312056696441106 -0.142841949531165 0.351714864240151 0.148144831913663
0.390264916306516 0.0635046662566816 0.135519237231062 0.261140957594671
0.340527292654838 0.277816329479968 -0.115904300849544 0.157109851169076
0.216614660397762 0.340676219440525 -0.133529101755812 -0.162591264862533
0.0638694088454086 0.254562699976132 -0.237586473634924 -0.261843297805043
0.202568399169986 0.262416662181416 -0.149521658807055 -0.363179666672665
0.290138316272002 0.137305842103788 -0.136180717692631 -0.321614098660126
0.266934161955574 -0.0555650001836633 -0.128929368832303 -0.239977513796288
0.18806849497757 -0.143671349221398 -0.109817637065828 -0.233453930176873
0.119083046248051 -0.180694569559449 -0.146166581693044 -0.218267812313095
0.0551885404913003 -0.182152777239742 -0.117379708678789 -0.179630074184018
0.0546506550208984 -0.185114850087888 0.00314528650667511 -0.181014129622709
0.0743314569317325 -0.172062492078917 0.122045619683761 -0.221483424509412
0.119581597531751 -0.186138975370221 0.255017669918187 -0.189994211301802
0.200582510372415 -0.145521890402919 0.36983754887415 -0.0823366398585989
0.256282193325506 -0.0597004536061083 0.352368984428002 0.137188789272398
0.297925133719208 0.116533315058875 0.123282448234527 0.223775123749023
0.218674945576454 0.280806137475497 -0.121724645967835 0.0841252610381024
0.0993277474942115 0.292179595178035 -0.147777621536703 -0.266699848900008
-0.0214898024521919 0.140593178386656 -0.293413635946519 -0.320472078888599
0.0877132858800652 0.170866458875322 -0.193421575859441 -0.352409630301458
0.164702227514192 0.0855542486624376 -0.130190201079198 -0.313254427291294
0.133826848935478 -0.0311462664186665 -0.0979038883065165 -0.245294723679835
0.0880152854659867 -0.0608530429238809 -0.091772613088169 -0.272722903049715
0.072240955751435 -0.0775339191128763 -0.140766195578282 -0.262219668025148
0.0454471997876913 -0.0879537231267861 -0.104244694170638 -0.234752575574826
0.048216292572478 -0.0930965582200688 0.0238438283727905 -0.235018283077621
0.0651324388026467 -0.0875301667946227 0.153325516141774 -0.263382138291009
0.0909596150628061 -0.091330052480789 0.288892183206448 -0.206198818613887
0.132710673674282 -0.0559601278310215 0.389777035527829 -0.0778816684563768
0.167175086982535 -0.00547527898218376 0.346395834849423 0.136314485992939
0.186418977399072 0.126182442162711 0.124648074331935 0.19115894361612
0.0887211059979892 0.22751329394922 -0.0911294306353667 0.026114689070648
-0.0172417193128771 0.195459995271891 -0.120610467909832 -0.336463326391285
0.0791728190515631 -0.0510572630313466 0.15533455378628 0.344360908791784
-0.0264570306886359 -0.116140245404641 0.142140632048621 -0.0117776148962178
-0.084723814025695 -0.0456509998135553 -0.114639360669365 -0.194020568192079
-0.0516524611213501 0.0227812369571426 -0.342152353226099 -0.157317994551028
-0.0191965720832436 0.0150632346878283 -0.425720693908614 0.067197896096
-0.022277304640246 -0.0035912487937265 -0.319318603145771 0.240923933650883
-0.0285185401093392 -0.0098951194965234 -0.152966001326532 0.291610978804884
-0.0429140131303934 -0.0254977493527183 -0.00576827955767136 0.29357140410522
-0.0426544066215082 -0.0255314134623493 0.112379791431312 0.252344959873755
-0.0357543417206086 -0.034847180563469 0.176939178803327 0.265509200703634
-0.00156967564103587 -0.0460475745895565 0.160751108116568 0.2863064318825
0.00483514046452769 -0.0191547280606016 0.130114977773253 0.281557023401952
-0.00382625630932467 -0.0438077459780385 0.1247191659009 0.325237241869841
0.0518173748935354 -0.091574243603574 0.176136456160285 0.375697686365783
0.104575842254637 -0.0249323043318866 0.332302408042288 0.326917606606997
0.137027188741029 0.0825317853925547 0.116982628026308 0.333769913062093
0.0766171175920576 -0.00448739903259348 0.108517913082692 -0.0254590096602159
0.0195956223273899 0.00994125239276746 -0.126769925650776 -0.193130365572959
0.0492886099838439 0.0154535996292626 -0.336562996950444 -0.166863250346315
0.0713201962893375 -0.0387610709766883 -0.412277588957011 0.0400780527697895
0.036452359706249 -0.0883879257153059 -0.323544548755634 0.20539538939209
-0.00552606971465988 -0.103973354741276 -0.171661170774321 0.265703536611673
-0.0337890103578318 -0.13186561985702 -0.0208684706504413 0.265235571451121
-0.0372588480559205 -0.132862080396471 0.106139236853454 0.214339524901117
-0.0146921920469959 -0.163528551385752 0.196765898277845 0.216266040223682
0.076471452059116 -0.178710661880071 0.213639481195378 0.244321890000189
0.141289906479241 -0.111914954117724 0.186864302854049 0.274209088668361
0.175143538087962 -0.0400800679504905 0.135152452446152 0.327220963497576
0.219376260104409 0.00630175548793165 0.135591243400996 0.337773174966271
0.23350103011879 0.0985682522751023 0.262751639468094 0.268197601336096
0.17420888848345 0.210137773398513 0.066590642222089 0.262737679610189
0.174075050934992 0.121511521170277 0.0809288871473829 -0.0871051128195858
0.141792956159375 0.0765881398148941 -0.138367307370084 -0.226593920263634
0.163361461493916 0.00218746972344454 -0.332072417899091 -0.184417330609555
0.16040343272562 -0.0959114609556604 -0.383008715408869 0.00927366730997553
0.0938653345502285 -0.168504475160129 -0.306744417402224 0.150533686546332
0.0198773249540445 -0.187038304714535 -0.1768326562409 0.207941992894523
-0.0199551152821509 -0.218432099169909 -0.0328674761894191 0.20070004825348
-0.0280406924571547 -0.217050888478676 0.0951646127351432 0.138705650349177
0.000419230111687532 -0.262017298914691 0.207099466272261 0.125948977554652
0.123885734396771 -0.286908119436442 0.265109244926754 0.159986338625822
0.232934854627241 -0.204202947207532 0.258829128570412 0.239739128790127
0.318797235674901 -0.0613711804681227 0.159763952924337 0.322191883309164
0.357508485620519 0.0788664706245921 0.0781384274280265 0.303909917606265
0.328721380300117 0.19747709867004 0.156723501116269 0.182889711764592
0.191184916120763 0.305904891765551 0.00312535586272763 0.143294089184592
0.259469450218627 0.229307968342272 0.0429069163657077 -0.176586510690577
0.26656260479424 0.131338876180791 -0.14601382874711 -0.274373676292319
0.27409629524239 -0.0257306980432374 -0.313122200618556 -0.206766307039046
0.232346898281483 -0.155792815046697 -0.331453087966593 -0.0341220688523031
0.133700949326407 -0.235037137458276 -0.271756678617367 0.0749669834110125
0.0375824441615869 -0.245874408875267 -0.170863071512613 0.124389021570297
-0.00325267407699755 -0.270918546506836 -0.0389334931757012 0.109483172315627
-0.00818707175133415 -0.265959627054281 0.0819983993821863 0.0409926580273519
0.0221784065515538 -0.318185829235143 0.205096988809105 0.01870072798692
0.157714467582434 -0.34295449630434 0.298637580406824 0.0600172472880662
0.284464870433794 -0.256110838498624 0.316704041650891 0.191303292765356
0.408080478875038 -0.0701995508479363 0.174382542545026 0.306786164071551
0.434671243224318 0.137662285875753 0.011267383078346 0.272431714782569
0.362930657826229 0.270706874714567 0.0358488715709612 0.0806687507289478
0.18599109760843 0.348548323657015 -0.0784534865346143 -0.00131864925017232
0.308531429728349 0.291745414979595 -0.0204162116349015 -0.265565212095727
0.353306748389094 0.156688847043525 -0.153092591415551 -0.308884015087331
0.344318714809885 -0.0600319731977622 -0.268187594496668 -0.221327189966089
0.263521019813486 -0.201267164188738 -0.25904373902231 -0.0938247943280085
0.147902928859844 -0.270825284934085 -0.227768664844448 -0.0210708856082306
0.045853737765531 -0.269492985091848 -0.157271400113019 0.0234747118128811
0.014491283637618 -0.284190129399452 -0.0365780833920171 0.00455741082688322
0.0181660243789979 -0.273355113950767 0.0757177100401328 -0.0636916903875561
0.0556213028485533 -0.321327476761478 0.202382534630352 -0.0824275104170433
0.187220964416369 -0.332617289939861 0.319358464081882 -0.0296895456234193
0.307092244878918 -0.240652422460642 0.349357191476497 0.144964865982285
0.433433345022605 -0.0382358865675011 0.172189076248325 0.283817080423757
0.437132239246066 0.198106907920913 -0.0562628945946448 0.228679249317222
0.332704445571776 0.315251908592941 -0.0728492693299786 -0.0330758773666461
0.151042385428004 0.32730764632026 -0.171297180271869 -0.140861126023815
0.29807251001889 0.294167585909352 -0.102909858096744 -0.329229540998986
0.368621143923178 0.147772363719949 -0.157473265496196 -0.319862918141084
0.341177094004078 -0.0813984450644056 -0.204510848610777 -0.22688220246248
0.242871644221983 -0.206763822896212 -0.182150842093997 -0.163876283596512
0.134738340768049 -0.258826469530602 -0.188586354149291 -0.122297571634001
0.0453097151749936 -0.250051484117694 -0.142296750135198 -0.0803339766205886
0.0288558848853945 -0.256410614151635 -0.0272108809038941 -0.098078225619121
0.0446514129611701 -0.24231832187877 0.0823322114509839 -0.160488112683472
0.0897196472759269 -0.276526683265643 0.211943463899383 -0.162607443171914
0.203894456727612 -0.263087924027964 0.337929155805561 -0.0897130949034107
0.298726624001442 -0.168724743757316 0.363318570895328 0.115312158601733
0.394714446470219 0.0285875492736465 0.154252366480121 0.250808678428327
0.363412693747307 0.246646934201347 -0.103982735018253 0.167531525636081
0.242480655530919 0.324210244165736 -0.145342674241946 -0.148423709419736
0.0853642071856799 0.25259635098551 -0.259435617905742 -0.245035098531323
0.225165324895639 0.242903223231306 -0.179737974880361 -0.350887522787637
0.30175619584892 0.111781329192462 -0.157324351290559 -0.311066791266539
0.260716164987393 -0.0792117775111911 -0.14448330241453 -0.230238593374027
0.17353284230104 -0.160830551104519 -0.127080298066099 -0.227581143413994
0.102168205268106 -0.192641136186611 -0.166144152534912 -0.205999053585906
0.0403641667352143 -0.187468589589853 -0.131040586836743 -0.168873099746192
0.0369050999444947 -0.189777431363792 -0.0132220059338082 -0.184208132631422
0.0593904576181329 -0.178658978166524 0.101393086021632 -0.23533633252131
0.103072350047378 -0.196868455109281 0.236497924454058 -0.212542544421176
0.187043019630108 -0.163017978870099 0.361861729621532 -0.11521227169661
0.249280154304206 -0.0796479554547305 0.363616906749392 0.104740365667792
0.305977692338924 0.0902372601520384 0.138908589536293 0.213507593459175
0.24205496804251 0.261505429048492 -0.115597368348741 0.0951788138348351
0.121415752023542 0.284488122217518 -0.168426705319077 -0.251072198998279
-0.0105636318805884 0.145075788663156 -0.318425641102299 -0.298741375018375
0.102042808805188 0.162255828274844 -0.222347631747734 -0.336249198649506
0.171168189762728 0.0698321395602472 -0.152662891553513 -0.303275079171405
0.128975884254674 -0.0431298634666218 -0.114181879483141 -0.239196796362918
0.0810375822134176 -0.068212014645008 -0.113916823582744 -0.268062042645578
0.0649871648669746 -0.0845649547415331 -0.162874557609677 -0.249213286786558
0.0385912301406185 -0.0924497311186955 -0.12312706340323 -0.22495116658546
0.0393146558779749 -0.0968640700010336 0.00284905582476665 -0.239503918316876
0.0571220278864924 -0.0922668564146085 0.128538742185137 -0.279522429696821
0.0825222102405496 -0.0991868880433782 0.270062667239787 -0.230367205443316
0.127824810464238 -0.0665516807339788 0.38317868151863 -0.111735506510971
0.165788445318776 -0.0185405589077818 0.355948480787472 0.10520708563904
0.195038372032055 0.110211906750681 0.138839154227681 0.180937947654098
0.10676274706874 0.219524659111249 -0.0895847490404456 0.0350960560177765
-0.00111965739551837 0.196121494746316 -0.147178308245692 -0.322105591973421
0.0742027369042766 -0.0546705079477558 0.177513546240547 0.326037146195213
-0.0342668669178245 -0.110551511368372 0.137999477629423 -0.0248410656430945
-0.084560540841073 -0.0391121623127285 -0.124421607724041 -0.184262367675285
-0.0481828026895407 0.0254256752337639 -0.344636004424932 -0.132138623735688
-0.0172789430590546 0.0160734244334521 -0.413153479599033 0.0962356649581843
-0.0226220481583312 -0.00219181753839998 -0.296826613284241 0.260744812602847
-0.030442177221724 -0.00861280923049303 -0.130981467615584 0.294569973766418
-0.0453087231436783 -0.0223506412973753 0.0150224208215424 0.288840515758171
-0.0442501905038558 -0.0225962821712393 0.12726182669949 0.240728281675151
-0.0367858849879577 -0.0323944710539453 0.192894543684138 0.248731806390251
-0.00443321389618698 -0.0470585518857266 0.178089873719022 0.271818352183856
0.00470503443457854 -0.0197101720119067 0.143264154252093 0.270227361141031
-0.00551844489150919 -0.0437318777956179 0.143334723277389 0.315669188493288
0.0425832582484554 -0.0927253581844361 0.198412659667868 0.359010380864152
0.100168719968007 -0.0283652790020906 0.34590887868671 0.298757595420792
0.140738164164093 0.0737804959910179 0.138225104665617 0.317557637363407
0.0748235612257615 -0.0086430455556944 0.104529363625414 -0.0364245524872228
0.0222045048151421 0.00893472565282089 -0.134377359202757 -0.183394762010181
0.050246265460283 0.011661331320852 -0.339028676480607 -0.142462802022993
0.0673991929032058 -0.0435593814598196 -0.402579943148194 0.0674869765248501
0.0285852707908684 -0.0904057781027583 -0.304298860152105 0.223870891859366
-0.0137759547640816 -0.10328298962557 -0.150708633893215 0.270967964949167
-0.0437036672073846 -0.127883362424076 -0.00241613048309394 0.262155286801752
-0.045805726372671 -0.12904321048953 0.117448470762437 0.2027121076014
-0.0247237577068614 -0.161316142101454 0.208849267906221 0.19747674247127
0.0623427815393292 -0.183267321354647 0.227501328141403 0.22549857302761
0.131952383217303 -0.12059772262339 0.198601244891528 0.257935898837427
0.170926944881903 -0.052363058578073 0.153739719600721 0.31712725381208
0.215809742121571 -0.00797230437845323 0.155284740211751 0.324161677755031
0.234516444771151 0.0848761461045163 0.274128786060112 0.24548953603647
0.185677376668334 0.198548623826872 0.08301088791205 0.252270756458522
0.179764636448083 0.107506598027581 0.0730981442729773 -0.0939855858531609
0.146599950503155 0.0669754846015281 -0.145573875732087 -0.215548890760649
0.161319771993093 -0.00854420800087548 -0.336474754516621 -0.159593571256946
0.151059628802183 -0.105983766886844 -0.373188537082142 0.0345122814370985
0.0785385229871387 -0.173015102334804 -0.292164624236793 0.169122377974005
0.00571914583218165 -0.186365506491897 -0.158799126448458 0.215932519377399
-0.0373477301714204 -0.213619153168657 -0.0188779918812753 0.199756132533496
-0.0422090388451513 -0.212622411558242 0.100452149809364 0.128659644225978
-0.0179517730865323 -0.259685338369026 0.211178365693369 0.107553671115276
0.101039705408595 -0.293270787698259 0.272343377774303 0.138350055867815
0.215183909883131 -0.217373865662739 0.267029813482024 0.217445318237064
0.310926807007558 -0.0841839084615797 0.176519610930995 0.309340712214186
0.357041909333037 0.0516262790715178 0.0964299062811923 0.294673585585243
0.334219181434134 0.175723928189176 0.165899238414126 0.169041076588126
0.210116222729405 0.29115390801572 0.0127614790907254 0.138434818098447
0.270503536002454 0.206537467690979 0.0297790439280157 -0.178445550976655
0.273432250000851 0.112087406940934 -0.155423548314817 -0.262832285153035
0.267849456039737 -0.0432606748905967 -0.318025285630755 -0.182838780854691
0.216765429065544 -0.171033316076902 -0.325493848001112 -0.0127313146561681
0.113819203250058 -0.241811144152288 -0.263371211415262 0.0911675278953697
0.019704361279099 -0.246752206747856 -0.158199773896425 0.134067496908937
-0.0235608723475145 -0.267504880230489 -0.0317718186481109 0.110235168165102
-0.0259237906409984 -0.261929447648437 0.0804498743185962 0.0329492291690826
-8.30984223781327E-05 -0.314909471985926 0.201371632731341 0.00314204435416194
0.129818060431338 -0.351186308643045 0.297542840892009 0.0377005366220001
0.261341594766081 -0.271696588992549 0.320225030629821 0.164179296123563
0.39821298217501 -0.0994753851675758 0.190024547124285 0.292808488082636
0.439832197425556 0.104980670588244 0.0271303321738115 0.266891557776376
0.373436053890806 0.244986133512169 0.0405465276850613 0.0773109207396461
0.20712207840724 0.333682788574812 -0.0774038095603335 0.00143923440962949
0.322846851979186 0.264033621962769 -0.038200727089032 -0.261846759093256
0.360098139910069 0.130299065135955 -0.164032988349447 -0.297110196873205
0.333850458599581 -0.082252480833142 -0.275098302745228 -0.200410292322934
0.243672018115286 -0.217387195707434 -0.259134702860441 -0.0771202793621664
0.124814264503873 -0.27816497454434 -0.226538512601121 -0.00639021487665704
0.0268349156812519 -0.270013074551301 -0.151099955107859 0.0343349227025824
-0.00706454689026723 -0.28125382733129 -0.037305895143932 0.0064651919575298
-6.39946230640443E-05 -0.271414389201686 0.0668346325570145 -0.070668300205777
0.0317485925847639 -0.320702052826017 0.190223071958665 -0.0964198328543073
0.159096389645814 -0.34174679021373 0.311898157291117 -0.0525342147313356
0.285130258948165 -0.25704599432575 0.350749103953606 0.115419638172157
0.422892101606791 -0.0685157136410866 0.184571294805768 0.269672007418458
0.444146283019059 0.163722613221986 -0.0413804238068112 0.229277957090663
0.344708366959167 0.289091369457585 -0.0729001204965597 -0.026354550997249
0.171816761326397 0.315577266469189 -0.177881109849246 -0.129662912224312
0.313304718497045 0.268230497671048 -0.123506148869556 -0.3175001449864
0.372863190502873 0.120149228068345 -0.170507367332097 -0.306695526552593
0.328004209222253 -0.104157937163952 -0.21220465419417 -0.211079067422961
0.223033720484627 -0.220755306872287 -0.187343288141495 -0.152750546573416
0.11228311067036 -0.265198358950663 -0.194691113151547 -0.108818088324891
0.0278857416254838 -0.250951114560389 -0.142994097190852 -0.0690756127393298
0.00911912010879961 -0.253624672501903 -0.0348059325422991 -0.0957591367146208
0.0275917770700211 -0.241909465239131 0.0669718522867556 -0.165750649077552
0.0681635956222471 -0.278377616136541 0.194468178660333 -0.175773446005443
0.180162371139005 -0.274205853826659 0.326902732763307 -0.113954328359384
0.282386636839388 -0.184629177310001 0.36247282069698 0.0859880269500309
0.389139507259881 0.000317378922243223 0.165754411751433 0.238260493030034
0.37381659340493 0.217389767321842 -0.0926885621608388 0.172353443128656
0.257620532674817 0.303523916779527 -0.150240435746274 -0.134777486799836
0.100818484859374 0.245261990851101 -0.270931038703515 -0.226277317616728
0.23756275278068 0.22185946059725 -0.200044362464101 -0.332575172636305
0.304087412882284 0.0881500467242216 -0.170295357590482 -0.298743080190339
0.249338787592479 -0.0955421103491913 -0.152830358349723 -0.218857830404637
0.157533819341009 -0.17047479445901 -0.137714378901266 -0.219043702085591
0.0854900029363703 -0.197506281467876 -0.177825040269593 -0.192205583673384
0.0271934704812124 -0.188605353166391 -0.138455751541858 -0.156479141072456
0.022021773385069 -0.18912228194946 -0.0273515926147359 -0.182287008414619
0.0472199436865143 -0.179752801186792 0.0806630475021048 -0.240831480117118
0.0868262387722241 -0.200071087745746 0.216522696955385 -0.225540490459389
0.171989501938887 -0.173671584075991 0.348468185518435 -0.139824954803877
0.239880820669968 -0.0935759911770734 0.362684835860093 0.0764391325893495
0.305336031957276 0.0670269820331302 0.148882012113415 0.201858762267714
0.254706420989187 0.238912571454589 -0.109558909671578 0.103019709158601
0.13674371090917 0.272442421127232 -0.179741778706144 -0.232847576923903
-0.000344385384279102 0.144521856662368 -0.33323837345641 -0.272826261606036
0.110816632063117 0.150716613659992 -0.240459172369714 -0.316039305514868
0.172076378107633 0.0551724638319602 -0.166800508468398 -0.289912160175497
0.122010325812481 -0.0511511366557585 -0.122240591294581 -0.230391690757348
0.0734547569706505 -0.0718816455227912 -0.127720957214311 -0.259429160702428
0.0573143198086727 -0.0882346897490459 -0.177344551605075 -0.23488026883273
0.032307917186899 -0.0938650195492041 -0.135462840131547 -0.21151186363367
0.03081705766511 -0.0968712679036823 -0.0150628307289395 -0.237967998024795
0.0496947477199422 -0.0951296720394833 0.104245841920355 -0.285564790004019
0.0730207698145136 -0.102301810694798 0.248517202837193 -0.246245742332218
0.120841473781822 -0.0740726326131203 0.369510054915303 -0.136410101292195
0.160817647554299 -0.0276298189537369 0.355795478391398 0.07809178019064
0.197410382798207 0.0941595064343399 0.145565809900204 0.168746851225405
0.119125288898607 0.208852472598328 -0.0872303530706011 0.0420228396024826
0.011157264394446 0.193878445126682 -0.164724538189805 -0.303285411416904
0.0923699212687413 -0.018995768126696 0.0316791722213318 0.358023970229795
0.0132151782542785 -0.112105442792292 0.129472965726158 0.0272687243739863
-0.060025421535407 -0.0687461963214381 -0.0443760578836746 -0.212854255956712
-0.0515479498314457 0.00479749987316132 -0.265548339892579 -0.251135994147194
-0.0171819752541236 0.00728969884185116 -0.413555222266257 -0.0700551404699062
-0.0192341952688675 -0.012191972208212 -0.369438115353959 0.124903749861419
-0.0247292598088992 -0.0213708303843497 -0.233501192228146 0.217869858890467
-0.0336483883987895 -0.0373987868344798 -0.0950900064000655 0.269473947969258
-0.0301825499064058 -0.0378747145043546 0.0244353260556615 0.265941787806471
-0.0182413529958937 -0.0449026945321265 0.0837283316813959 0.300472759240864
0.0175699200999749 -0.0461317781138664 0.057468288686134 0.313606178684446
0.0168580049398064 -0.017244518333337 0.0224033342014871 0.30215822014792
0.0167734730794496 -0.0413620827267293 0.00808560274436272 0.342844598618633
0.0747761660007356 -0.0673994210880371 0.0533677975252534 0.403321694547826
0.107784660085339 0.013253517266653 0.199050406104412 0.409486568700366
0.099265375307711 0.130547150447472 0.0111838998078567 0.324551447363663
0.0701025182587939 0.0234592100753983 0.109420260405485 -0.00152098813068623
0.0178178735495794 0.0176381358978563 -0.0480918019289181 -0.22268324240066
0.0413255391627286 0.0318287536370529 -0.256094403132178 -0.265065919280475
0.0821365370174113 -0.0128349587583759 -0.392357049672407 -0.0979321626078022
0.0607021361031772 -0.0714230427699883 -0.364757475198294 0.083905494040203
0.0259940089595346 -0.100216336398004 -0.242422496663601 0.187141281880201
0.00693084963923971 -0.133850152243749 -0.101449102839438 0.238808148317269
0.00721271845459322 -0.135896596414837 0.0307687885390517 0.22734308828103
0.0376017389511823 -0.158194599424909 0.119120516591542 0.257651828090165
0.127178749771682 -0.148987332170102 0.121550820832092 0.289061059360679
0.170063421940491 -0.0636637104135034 0.0807413086831613 0.311799222981797
0.185430037080625 0.0116006055263653 0.0184371713458048 0.35057831579628
0.205718757220514 0.0688141518437097 0.0253376606339851 0.363977731411725
0.193414751054806 0.163479744053441 0.147527027773549 0.338013783256434
0.0883856790518092 0.266501390852669 -0.00178507365711692 0.23506151016962
0.117747345433484 0.169629748593872 0.110872594864164 -0.0708479873223426
0.107527547797381 0.12048684067471 -0.0392568875154492 -0.265940042345228
0.148486012541366 0.0587901782887455 -0.245442179872267 -0.286135522516926
0.181714064947878 -0.0365221931175316 -0.356200211948154 -0.122401257581854
0.137853730457822 -0.127478137384479 -0.33439202031021 0.034264216168548
0.0757393910308331 -0.168338891679469 -0.228942819046919 0.13257537773192
0.0447669120479149 -0.210063587659194 -0.093063237835878 0.176011598883968
0.041845940874607 -0.211987853858036 0.0447605123071114 0.152458189328891
0.078522722586985 -0.246411969911968 0.156124782675527 0.175222232023112
0.200498167058941 -0.238426608891667 0.195653351940714 0.225764262354189
0.28124276332607 -0.123583178829048 0.161500220188589 0.300573729236393
0.32776785125093 0.0305089394326083 0.0444810444371901 0.354626608545008
0.316626102592783 0.172218526858334 -0.019931673451836 0.32285940156709
0.252657843352764 0.280886299664307 0.0726064044824558 0.230721249524786
0.0715762007980725 0.363664097400927 -0.0137456474250857 0.100390119919532
0.159277193223282 0.296457033474838 0.10947490375843 -0.168629400186492
0.205263431067818 0.211036094426973 -0.0259177896429383 -0.321577099104228
0.257664442094193 0.0703487411776732 -0.219312751264188 -0.308220851519611
0.264237778955191 -0.0693923093290162 -0.296600733633717 -0.151561886271626
0.19546649552171 -0.176414404605907 -0.279482456327912 -0.028554668934892
0.111523838214921 -0.217103753007604 -0.196970706080137 0.0569658690915325
0.0776164440586224 -0.254543570110567 -0.0717163135472142 0.0884108274305786
0.073686710261373 -0.251302637904579 0.0631206694939803 0.057180603607112
0.113261887403055 -0.29093225049149 0.187575351159944 0.0753989470687494
0.246111845806507 -0.281698099677988 0.257759515462207 0.14296080166901
0.343009361501159 -0.157992461921194 0.232753219767354 0.271847963251524
0.413747891516807 0.0458387782098778 0.0632719888432739 0.346035879504707
0.373286647567632 0.247400405876017 -0.0742055591971031 0.276982080914296
0.263787251377575 0.358050588346754 -0.0105522542499 0.100283026155055
0.0510766979154778 0.402370274320948 -0.0391871210327423 -0.061310380041662
0.184037433347428 0.369433358067166 0.0820832806203639 -0.272673658454005
0.276410690258542 0.261402303890133 -0.0184356986693969 -0.361516297222625
0.331497080283417 0.0621261141965709 -0.172824275845795 -0.312565680864436
0.306463233966907 -0.0994481616273241 -0.2114758786324 -0.188284936473428
0.218864247241312 -0.204311690613106 -0.210698225441059 -0.105467935804136
0.126999718335424 -0.235596267900838 -0.152226110159911 -0.0312521376337964
0.0971040195335431 -0.261246007894968 -0.0374651991685491 -0.00897680339171093
0.101282115601159 -0.250962496876811 0.0887957129354372 -0.0420650307249641
0.143409356687444 -0.284606195255577 0.215322380056785 -0.0191530045094262
0.268748943861467 -0.263657075124025 0.305016099496237 0.0668780146549015
0.358448271153865 -0.135928924947032 0.27981691210625 0.240019880003982
0.42634885620354 0.0831519705193783 0.0671039713955774 0.322722735715634
0.355778605592306 0.30345977307486 -0.126317234874887 0.217511788486442
0.218993136475254 0.389697143669116 -0.0757769279624052 -0.0389966632893311
0.025170672491345 0.369529953021501 -0.0819598771314411 -0.215550045089371
0.172862133975176 0.367056211738052 0.0258071472793241 -0.355284226270436
0.291403330823958 0.257429409536143 -0.0224180756959974 -0.374354734058747
0.334267344755636 0.0399493446835342 -0.111788345560993 -0.29895053253581
0.287467717348456 -0.110495161242776 -0.117434042173598 -0.229140554884159
0.203346485845098 -0.196607678445736 -0.141948411414661 -0.184535507860746
0.120450940375493 -0.217354223372071 -0.104821613202901 -0.122320609208043
0.102310259083327 -0.229602896041479 0.00298881643910956 -0.102283347107881
0.115590024751537 -0.213294095473943 0.123426490636412 -0.129343885690292
0.16070471498057 -0.232637389435779 0.24856390346699 -0.0887945149735011
0.264098629910626 -0.19240807515879 0.341817368571043 0.0186603576138924
0.328257882605357 -0.070774728913438 0.300542539332339 0.21676482284224
0.367610372932579 0.135374528465625 0.060139800525816 0.287025437106541
0.271948372894372 0.330463525488951 -0.154781507785516 0.14497492563803
0.13229259732684 0.370133873170006 -0.104770929558306 -0.171900889617631
-0.0105508497073116 0.273356512321415 -0.134996314852328 -0.330202097378351
0.123236185073933 0.295681059137994 -0.0404543190713405 -0.392904011897156
0.240313758969927 0.198814457615325 -0.0281511178673165 -0.361797773328666
0.259147640581464 0.0147054344860402 -0.054294060015766 -0.278785857333376
0.207688734204796 -0.0894344447157808 -0.0446917596249158 -0.267061132860555
0.153587094026524 -0.145772685689083 -0.0924538519439476 -0.251840771553322
0.0967179249121045 -0.161160949431428 -0.0662408050704372 -0.199444115904608
0.0905104164807232 -0.165207471735085 0.0425678851818715 -0.178128420976741
0.108976116682145 -0.149332606358045 0.164763374929517 -0.191196670054304
0.148703815480079 -0.153772682130532 0.287652573761743 -0.124887090135408
0.219237413592606 -0.102919562179725 0.370196417785072 0.00438287086074768
0.255956126896571 -0.00223050176948667 0.302881061212584 0.208498883574079
0.265665576929533 0.169293108259711 0.0558220298773179 0.246805296179588
0.153297450589967 0.309527637727268 -0.147338092966981 0.0702542770953997
0.0297707636909099 0.298837229624411 -0.0907829659989538 -0.277495748254854
-0.0615546595770107 0.136132796211266 -0.182200425512636 -0.385963123471146
0.0384497247325416 0.180051805941889 -0.0879600223438541 -0.386807867992017
0.13305083664147 0.115907597122347 -0.0323854861575053 -0.343034511021601
0.127300151082171 0.00392085622887018 -0.021841544053487 -0.269799456303095
0.0928978176984196 -0.0325470107145134 -0.0173002836380817 -0.29448824801277
0.0856523695089596 -0.0572518666143263 -0.0725805461676718 -0.285951312711924
0.0652597527371747 -0.0726973785523702 -0.0417444140366815 -0.247379587273923
0.0635920198251477 -0.0770805135798184 0.07479832461818 -0.224237268356728
0.0797475464197116 -0.0701352882155941 0.202446513353388 -0.222318664058571
0.101812706491068 -0.0691598951602342 0.322652436873999 -0.13091330697253
0.137625321085546 -0.0287102843595781 0.386792674273721 0.0172725378540038
0.159513812141273 0.030639854288777 0.294066983621387 0.208974751736893
0.154833114969211 0.155902548928025 0.0653693001642469 0.21253235533903
0.0370368475517934 0.234076827867801 -0.105273724415715 0.016571606291326
-0.058555600002175 0.180690604587146 -0.0448525979168936 -0.339596625770725
0.0917516729708812 -0.0224217058430334 0.0493066624947075 0.354294158422911
0.00769915175802797 -0.111085920067198 0.129590652807826 0.0182638668974405
-0.0621056395742745 -0.0662304207843594 -0.0514235198797511 -0.212308024256898
-0.0505810723717743 0.00666543303735045 -0.274661741834465 -0.241772420080254
-0.0158351098261729 0.00745593154203142 -0.415737449570955 -0.0502136949897438
-0.0199698353890878 -0.0112466552217435 -0.364100890029813 0.143605151864197
-0.0272872912895979 -0.0216159438241371 -0.224074734442403 0.227446048177163
-0.0368651850264597 -0.0363438177715679 -0.0816273100518323 0.275201395473587
-0.032523828288941 -0.0372257744887054 0.0367515443589272 0.265867637759843
-0.0193392959885359 -0.0450188905481411 0.0986961091119317 0.297398585046732
0.0154446080929228 -0.0487143818928725 0.0722355935263993 0.313340417018767
0.0175164458854983 -0.0182166733757331 0.0313391155901743 0.303326228666232
0.0161695707427344 -0.0427165333749758 0.0232421153008149 0.346883297549205
0.0699556619020645 -0.0693405909805402 0.0720771639935784 0.401096458669962
0.108310649252734 0.0112568650596662 0.215379564765063 0.400552638204959
0.105754959504786 0.127772084428641 0.0261709687641193 0.322634453602487
0.0715105660042138 0.0208750974913868 0.109384476004366 -0.00889280711770276
0.0201944068718078 0.0181004589447763 -0.0544903033369912 -0.2231136708286
0.0433235243430224 0.0302359633782335 -0.265633188039133 -0.254817464063278
0.0816687877214525 -0.0181027906555876 -0.396142913921054 -0.0800692167252618
0.0572667068505089 -0.0753077350279365 -0.361175376194425 0.102042193621521
0.0203302821897254 -0.103916516397657 -0.23479494997278 0.197463981969599
-0.000592186324053971 -0.134974955999553 -0.0906967742061602 0.244329807923976
0.00107148777589307 -0.13825908111382 0.0402172900502173 0.225998740763303
0.0312777141685738 -0.161603834073344 0.131201335660882 0.251001279746792
0.120060415625869 -0.158276001821728 0.135279636176225 0.284240836427647
0.169365808498193 -0.0727572377095577 0.0916588576487359 0.308949644839205
0.187845349447861 0.00268088466084513 0.0329525218078727 0.353980808749638
0.208881831446407 0.0607292824219862 0.0402457064361919 0.363135425139381
0.199131999653474 0.158925841770798 0.160315401064195 0.331852875341673
0.101399538537998 0.265152524784305 0.00927975346586715 0.234298083029732
0.126297638372795 0.164627842880247 0.106814792602441 -0.0782870712429426
0.115144764975464 0.116414755369681 -0.0466991635100159 -0.267010531152854
0.152517944709104 0.0526526284744971 -0.256068705421292 -0.277691070195587
0.179652441691433 -0.0463599230762382 -0.361336444185402 -0.107344093344762
0.130961985697358 -0.136404671434707 -0.333615269973539 0.0501190270215605
0.067424465090678 -0.174943806988439 -0.222863034050438 0.142311233822302
0.0340328152183244 -0.213659574854036 -0.086023201809178 0.181187608210067
0.0322309082585242 -0.216022794839151 0.0499657160521918 0.149794239920024
0.0677411144905616 -0.253091213903066 0.164498475047731 0.167110213415086
0.189414192114146 -0.251514020070188 0.207191873481006 0.216518824919693
0.277668500000819 -0.138483707312546 0.171731711571025 0.293749949119191
0.331470325288796 0.0133508878455509 0.0583032221831425 0.356526660405584
0.324868943614105 0.158461715532655 -0.00687253394528926 0.323990283154152
0.264007129288069 0.274758646284084 0.0803736722377464 0.227562814045149
0.0893501052146261 0.364642170578283 -0.00918324188749876 0.0986603451914532
0.174132822196583 0.288342344285633 0.101337540981174 -0.175013849005599
0.217919337567138 0.203053712231276 -0.0342936403874627 -0.323971943313555
0.262639500693205 0.0589530991912136 -0.23078959028111 -0.300586966600125
0.261559775761315 -0.0831509477817668 -0.301213903166241 -0.140515294216397
0.186209472151829 -0.187723017911778 -0.282492855491937 -0.0162849381820112
0.101037392927273 -0.225786163733263 -0.194361834973908 0.0662103301813789
0.0641769610270707 -0.259599337213941 -0.0685286262982698 0.0922629323273708
0.0636800720366758 -0.257190160564246 0.0626627508578002 0.0527075337665497
0.0996139671652369 -0.29903707101618 0.189755290457968 0.064664024837786
0.232406562514644 -0.297612324206402 0.265359633731204 0.130056784938029
0.336970148691231 -0.175200789452784 0.242102691962064 0.259777752912311
0.419039704107384 0.0248564545718772 0.0764316876288709 0.346094006896588
0.386049197026613 0.231470320721341 -0.0651207349701757 0.281155701545845
0.276956716817969 0.350874086023817 -0.00727435460856565 0.101364827116934
0.071938846726523 0.405072489068691 -0.0417183275274792 -0.0621428205599594
0.201360291275546 0.359187644939853 0.0699789591756229 -0.277567044476363
0.291980421316874 0.250674544142488 -0.0285984922289256 -0.364579301918669
0.335645085001361 0.0464686984919374 -0.182444057220899 -0.306102735980624
0.301595379163442 -0.115711638260598 -0.216528287679256 -0.182076088964777
0.208725582916112 -0.217239747580264 -0.217133895833452 -0.0968519438740056
0.116422981790003 -0.244360198438508 -0.152770173736931 -0.0245387254098767
0.0846886656283845 -0.267517702804262 -0.0389777364810785 -0.0076815033589368
0.090626921786532 -0.257888488286206 0.083484109618332 -0.0487826173710915
0.129995755797557 -0.294006584838922 0.213271715734739 -0.030754075976912
0.256406331184984 -0.280076954678174 0.308573020088119 0.0507696928898137
0.353709624507191 -0.153096405156668 0.288185255074121 0.224587187302565
0.432332347517981 0.0610212354115321 0.0789530866358576 0.32268226904662
0.371462491499406 0.287054240069799 -0.119866050925291 0.224964211918685
0.233344999115185 0.383809679991599 -0.077624777886275 -0.0347693414117465
0.0436138551228838 0.372672222261854 -0.0915124273998238 -0.214586428327619
0.191191809179398 0.35917189858137 0.010779736513653 -0.357383769960742
0.305345857468836 0.243411733562747 -0.033492477952572 -0.376126113922645
0.336669163123646 0.0242927815727452 -0.120713743131867 -0.294487657015324
0.281581091178144 -0.125218679635563 -0.124390752137364 -0.227771380484826
0.192940506101912 -0.208864723145186 -0.152597568821169 -0.18029467667526
0.110807299835195 -0.225933892410393 -0.108948638794343 -0.118002724170286
0.0903615293885661 -0.235734976157664 -0.00234924560760518 -0.104220025511264
0.107110710592752 -0.221230250238857 0.114747615024854 -0.137842783938599
0.149679518236146 -0.24171318064092 0.243898229482027 -0.102320188063791
0.253803027906624 -0.207519812180112 0.343680013906515 0.000710244752715138
0.325874838871617 -0.0853510235884304 0.308555251768065 0.201935666435743
0.375742318970299 0.117395297597212 0.0695918204577832 0.286415775203099
0.288229600491255 0.316954857962234 -0.151991700195524 0.153911625178456
0.14611823988193 0.367575520961455 -0.111909240316718 -0.165792881945513
0.00324347597575489 0.277149352084622 -0.148064246066089 -0.326936558589147
0.13751681131565 0.288938018899045 -0.0570485014296409 -0.392279255566427
0.250372616418349 0.187363802740655 -0.0409670667914781 -0.363104465813879
0.258879486460761 0.00257116028138588 -0.0619031504027491 -0.278251062242624
0.202555962437439 -0.099870287063543 -0.0541984166711179 -0.269110763318099
0.145298932826512 -0.154318647706331 -0.105565530786665 -0.248742903039262
0.089484872824833 -0.167978618252928 -0.0744301632266357 -0.197892485384052
0.0813382768173047 -0.169130665476778 0.0339605039411152 -0.182615957655111
0.103324778597913 -0.155395050439007 0.152689459165656 -0.201545140894914
0.141147803346853 -0.16158016059219 0.280881222969733 -0.139766027217396
0.214080976442093 -0.113870577634368 0.37184321818335 -0.0138346656255515
0.256387640275355 -0.0128983054462069 0.310641749363477 0.192959018924508
0.272496392405308 0.155390665446468 0.0640310400884493 0.245845543731451
0.166192232155141 0.302504985312495 -0.146445543508647 0.0781737403110336
0.0410158490977934 0.298946272496067 -0.101951564066433 -0.27183363760261
-0.0546959859739921 0.140820232927493 -0.196049212508096 -0.380533551077401
0.0459944109262578 0.177470686403727 -0.103508268446796 -0.382415454775614
0.137555517846266 0.108095929828247 -0.0451584458710897 -0.343483248209896
0.125626811124981 -0.00222794071331877 -0.0288310607191795 -0.271321872862572
0.0901696740672852 -0.0367746116256821 -0.0288945381406308 -0.297677125446786
0.0826043594142275 -0.0624541798330125 -0.0867755498859361 -0.284158666878999
0.0621575948813891 -0.0777166419187633 -0.0525181853561633 -0.246890441069439
0.0591845123063433 -0.0791508624266077 0.0637354114671964 -0.231092876602536
0.0770082868578141 -0.0736127600256581 0.188758946096923 -0.234164314614737
0.0974362476029282 -0.0738228583605962 0.316067315324687 -0.146003385207564
0.136049274893238 -0.034554098799435 0.38821018159786 -0.001854498428154
0.16035392481856 0.0240609116483443 0.302859602469113 0.194006045210776
0.160792545488837 0.147728153528964 0.0722517312795967 0.211134239412687
0.0473738705811848 0.232568129866043 -0.106148209756734 0.0230570798560777
-0.0516713998650311 0.184234354381442 -0.0588933550035221 -0.334984875211858
0.0908375003933002 -0.0265595932783486 0.0707304096035676 0.352960324072878
0.000770856265903021 -0.111572651307937 0.130273959376877 0.00950491611863927
-0.0653808901863826 -0.0630401166080299 -0.0619696992226448 -0.212117239085583
-0.0501776280544142 0.00987197509710108 -0.289381350785466 -0.229875929426323
-0.01489111848835 0.00740797100015299 -0.422205593935524 -0.0257328405038865
-0.0209298520139098 -0.0107430074856903 -0.35688230299156 0.16801767801169
-0.0306673080659216 -0.0205387020239107 -0.214247494013317 0.243479119008455
-0.0397633320521551 -0.0346109258055073 -0.0660666942900176 0.283747095125362
-0.0355769964811764 -0.036933115400928 0.0529077790508773 0.267258379438378
-0.0219263481342095 -0.0454780022436606 0.119714186242259 0.294172246369099
0.0127123987136272 -0.0518402004296353 0.090988327587279 0.313451603506963
0.0179681853596982 -0.0194968999766157 0.0459626033995175 0.307016741338467
0.0146190000280191 -0.0442276553357805 0.0428066201740391 0.352683150727394
0.0656041286218935 -0.0718374293000964 0.0946050697698034 0.401560749692773
0.109507959099872 0.00801885326770744 0.236794738449479 0.392524218667917
0.114435883737809 0.124530026477845 0.045403722153193 0.321904813304116
0.0737180674433999 0.0172274671241762 0.107841151488655 -0.0166719527586593
0.0236303845169277 0.017011623596133 -0.0651336803496224 -0.223725515975097
0.0462806633519684 0.0278991391036417 -0.280988803363928 -0.243712315179171
0.0814838134158605 -0.0245583394197339 -0.403784564482165 -0.0581101360375121
0.0525717991826658 -0.0807415383241204 -0.357410694739834 0.12572659307209
0.012732867480338 -0.10779323601956 -0.22617138068544 0.214135018003027
-0.00997475806513617 -0.137093258950814 -0.0760371354055039 0.252981564386257
-0.0074281120909386 -0.141568160493459 0.0536674332817665 0.226631754040482
0.0217466990115318 -0.167152987451418 0.148565627754957 0.24546092709929
0.111129794431279 -0.169614933090242 0.153632433741392 0.280061179096553
0.168771318283495 -0.0852899769071119 0.106826146309484 0.308200121763075
0.191249471864694 -0.00986450127213164 0.05396018953795 0.358387815619747
0.214358764961281 0.0497796988100756 0.0603907540368478 0.364198365956406
0.209835259211762 0.15248347863425 0.178510013442318 0.326681646634701
0.118978559962276 0.263948282072992 0.0227074396184711 0.232989608260685
0.13795428734036 0.158401581587916 0.102138483207308 -0.0862360762026604
0.126030140191532 0.111082075325099 -0.0587396918501699 -0.269336273297134
0.157871175286119 0.0439780987707263 -0.272552788091492 -0.267212767679558
0.178512976433699 -0.0594366782630622 -0.369404576537146 -0.0885688438306577
0.122567590943571 -0.1469103065444 -0.33343639079179 0.0706397048476063
0.0556159992889351 -0.182924083993813 -0.217371866536054 0.156817281284707
0.0198525246744911 -0.218472185782779 -0.0757635550435598 0.188385324194177
0.0200671593843329 -0.22219694092424 0.0568781724228069 0.148276411330611
0.0533496152068389 -0.261432454308554 0.175549497175349 0.157420938229107
0.174772519554944 -0.268923380229402 0.222049747701155 0.205506598336216
0.273679977612629 -0.15858397477472 0.187526210483632 0.286617714776473
0.337867527181631 -0.00706828536394662 0.0788612735589296 0.359815576023489
0.33858957411279 0.140841267771432 0.0102669951609787 0.328115198662913
0.280531585393389 0.265474575378918 0.092837114751399 0.226234788969924
0.113781377371875 0.365837185712427 -0.0038801864285544 0.098508090790154
0.194214059721322 0.279838078223564 0.0911094046001248 -0.183853592895995
0.235133240324984 0.19215508280448 -0.0486882423516994 -0.328267906518484
0.269542560325549 0.0442186478574557 -0.247081525656666 -0.290374683981602
0.258506112233591 -0.10169140479622 -0.310133689475475 -0.126819990359957
0.175030188477305 -0.203557485965221 -0.286740541801031 0.0002674031176379
0.0878720519036912 -0.236575171647174 -0.192265305122354 0.0775661035847002
0.04779339494458 -0.267589474385054 -0.0645148111902428 0.0973062912974006
0.0494570868051393 -0.266758933372243 0.0633687109336849 0.0492828199629673
0.0821927131981229 -0.310032027652556 0.194502969808752 0.0524501500035565
0.215298556003254 -0.318091673890463 0.275606075462771 0.113632888913447
0.331844124158749 -0.198499738990957 0.256698079716346 0.247103141963357
0.425166119863287 -0.00197663881580997 0.0961009251852219 0.347943352916257
0.40480148280466 0.209738935539196 -0.0516428276099412 0.289064469670311
0.299162635410607 0.34164700798662 -0.00286634943027355 0.104309883316092
0.098103604853971 0.407369044665812 -0.0461215855180426 -0.0625346605784753
0.225313221054995 0.350286074833129 0.0536822763774996 -0.284791349796042
0.312849750604751 0.235532675735289 -0.0456127204700054 -0.370036449536192
0.343015399717926 0.0267994089738883 -0.198447855278557 -0.300094435858347
0.297929188674792 -0.1370473292446 -0.226979369128038 -0.175134412211728
0.195550438311253 -0.234563534193769 -0.226419471945675 -0.0855865838549908
0.101890729097329 -0.257543340827802 -0.155285541375924 -0.016943523996717
0.067970453699223 -0.276046974242472 -0.0409334584858126 -0.00587927800988352
0.0770198620496463 -0.269500365075936 0.0782540732263109 -0.055044455472551
0.113214345478628 -0.306385127232963 0.211955905429666 -0.0465537787898559
0.2401518498172 -0.300864522309323 0.314902871446528 0.0309363246529861
0.348687212060187 -0.177281037837366 0.30194050793389 0.208456486781202
0.440690519899018 0.0348633067436617 0.0961168062091836 0.323399210719439
0.394836964076463 0.268509024024752 -0.110041188305945 0.235581351712076
0.256761049898906 0.377906274226979 -0.080476292808925 -0.0298830523646962
0.0677168769200017 0.375756907921579 -0.104356809995391 -0.213850679612389
0.214943113816732 0.349221330062855 -0.010559788242761 -0.361351053345016
0.325061854558848 0.227684093091444 -0.0516122011229246 -0.381808625937085
0.342292101260436 0.00361400707555515 -0.134168153435575 -0.292258641899031
0.275967623755251 -0.145167313293957 -0.13621888181667 -0.227648955373715
0.180216153893878 -0.224646431266262 -0.165692173307773 -0.173568614429605
0.0971612110504196 -0.237711275329935 -0.117004131689108 -0.114408480632656
0.0760431952824513 -0.243513231912612 -0.00978941119421876 -0.106350038323552
0.0954081611701666 -0.231985099645581 0.104538449233523 -0.147510345820683
0.135881453043533 -0.254179719058662 0.239222784858654 -0.119846788480138
0.243289148655356 -0.226650393578987 0.347118638656019 -0.0219804335284427
0.324936974056489 -0.106236182759464 0.321763757713214 0.18285933137918
0.386556602395872 0.0943003250616184 0.0846411003164865 0.286842068260236
0.310153536395981 0.302692762739619 -0.146021635311682 0.165888725927773
0.166260167962687 0.366494901793695 -0.121640914464498 -0.160143390868046
0.0212322638946729 0.281384743285036 -0.168229150304785 -0.324956261131348
0.156053650254021 0.28194742068787 -0.0798620978755607 -0.393096790746925
0.264064414038937 0.173576732369483 -0.0590328596453617 -0.367412075667328
0.261336924587612 -0.0128056027612892 -0.0736983552037312 -0.279256341165795
0.19754227549184 -0.112567389617062 -0.0682394516606978 -0.273813687713215
0.135969633869176 -0.166656904940741 -0.122696478725387 -0.246075158584353
0.0796222248249734 -0.177064726966619 -0.0856791377757564 -0.19655902944997
0.0710494965979407 -0.175575751985208 0.0223511708171741 -0.188829388945383
0.0950927359001889 -0.16453750050929 0.138527059564797 -0.215076889868228
0.131418126749668 -0.171923724892629 0.274905786321402 -0.159616195857662
0.208616034274445 -0.128298172881817 0.374713096638857 -0.0380491228135386
0.258026266652243 -0.0278483872890929 0.323848332091089 0.175058867024458
0.283768406256979 0.13985046466489 0.0761656839548571 0.245995821697228
0.186183102676544 0.295331099021196 -0.144590812587821 0.0901063747565711
0.0572679304217146 0.302070558398308 -0.117706179429613 -0.267550249069871
-0.0456697446501905 0.146718776846846 -0.219836861193466 -0.376740146903403
0.0567415531828976 0.174884388468756 -0.124873761609693 -0.379578968563718
0.144266841325634 0.0993770525571805 -0.0634599578485545 -0.345853268926222
0.12542021827991 -0.00942460927677304 -0.040267978695292 -0.274543012191973
0.0882387457212539 -0.0418665842958427 -0.0454882757174864 -0.303818222965313
0.0791576971408074 -0.0687471213308302 -0.104696043479986 -0.282425626623385
0.0577606777252939 -0.0833358479099674 -0.0678074134668653 -0.247001586169712
0.054778262075266 -0.0822042975371568 0.0487284040620557 -0.24005721956581
0.0732173588064077 -0.0792841794119807 0.174687279027271 -0.250476889665218
0.0924832571428494 -0.0801959984287173 0.309929128103986 -0.16805256200784
0.134930202922001 -0.0430164305377933 0.391635639480203 -0.026363135252169
0.163827379018967 0.0157447158870768 0.315548929634777 0.177252951005158
0.169798761900005 0.139068318133878 0.0824560712309964 0.209904558433882
0.0616515022445324 0.23221904100729 -0.10689477929331 0.0326450857413947
-0.04210012881118 0.190433726179386 -0.078353301809698 -0.332913181250506
0.0881793841197765 -0.0330471019432612 0.0978624658340158 0.344795582982873
-0.00802232055224656 -0.11028667250362 0.129554917810331 -0.00128481867895726
-0.0690696121858469 -0.0584778130270407 -0.0759997261832819 -0.208334899183188
-0.0489447992693956 0.0136726458341148 -0.305398386768312 -0.20909835297541
-0.0141151422132091 0.00753194330794554 -0.422969170222614 0.00864809893409867
-0.0216838793051603 -0.00928334383146973 -0.340291500321968 0.196383784363175
-0.0340620761676449 -0.0188669782010272 -0.194866961530736 0.260143852609091
-0.0434983451871135 -0.0316698429659761 -0.0415613921001522 0.28994216107351
-0.0383970506229065 -0.0348777951042695 0.0738438773775184 0.262139293689775
-0.0243810497942291 -0.0445251309233073 0.143214588321711 0.283220243438059
0.00851081091290566 -0.0533642884940817 0.115821406315095 0.306564717409152
0.0173860314871008 -0.0218837925913807 0.0662364044841767 0.306506193769012
0.0116968185529772 -0.045659468521412 0.0707534143573789 0.351027850410698
0.0584627387234386 -0.0743842052638323 0.124506343631747 0.392642196496447
0.110854021590532 0.00235620603827146 0.264056737464475 0.373801411366115
0.124268747503292 0.116612194999038 0.0700222618022526 0.316455399100055
0.0745825329062466 0.0109373847689634 0.104977722379848 -0.0254574140871278
0.0263313439365528 0.0146036686327431 -0.0785954731942894 -0.220720071234933
0.049237943268018 0.0245409735958945 -0.298520877352224 -0.224299419713268
0.0792500600526307 -0.0323102752306133 -0.407440729148316 -0.0262791038514667
0.0447054307041643 -0.0858922184911883 -0.344905304192567 0.153236552945255
0.00188034504513326 -0.109669841050486 -0.209706542171899 0.230774317654107
-0.0225324514382247 -0.136794787205035 -0.0553878689160627 0.260476426248419
-0.0187820186123525 -0.142395675162478 0.0708685073378673 0.221960303481716
0.00836775680390601 -0.17062457407337 0.16746545900826 0.231602861387856
0.095658063138145 -0.180134517266207 0.176126082563757 0.266692439385756
0.16232533539872 -0.100024496210976 0.127148852942959 0.302067362603295
0.191388316169521 -0.0261554274155141 0.0808007747127229 0.356907434993287
0.217403962728508 0.0343113632229787 0.0866200518600192 0.358929247150725
0.22116763728414 0.138673887366969 0.201051644104482 0.312294448213758
0.140581542599694 0.256059355199886 0.0395440288936749 0.230555019924243
0.149951739143728 0.146229326939168 0.0936778490300295 -0.0938346629495982
0.136703309056548 0.0999958331009269 -0.0761515026293606 -0.267494938308782
0.161755325822195 0.0313824433710783 -0.289993986187469 -0.247354826237413
0.172701658892306 -0.0758003128946692 -0.374076154692962 -0.0610917018859751
0.109068491821323 -0.158624486785761 -0.326343126199734 0.0970589111073312
0.0385892490140992 -0.188722645841296 -0.20524915047176 0.174093633090617
0.000508116876055492 -0.220870383789714 -0.0607608318089906 0.195345925341768
0.00183580298741026 -0.226290893511711 0.0665461209719038 0.143756687954436
0.0317417681608015 -0.266907085625293 0.186634009088128 0.140756506092274
0.150481737360959 -0.285395306323729 0.237814536576729 0.187170318322955
0.261341945098175 -0.181786217135157 0.206142309730493 0.272460999074627
0.3369601424166 -0.0360567918841892 0.105819423222616 0.355778714379288
0.349502872791592 0.11291630767804 0.0331983346701185 0.327893567823911
0.300926136538145 0.247491558047496 0.108112298162251 0.218552221628149
0.143217671922654 0.357964265773785 0.00259800209673334 0.097806413613674
0.216630229714352 0.263104700786169 0.0756064015010735 -0.190792100829604
0.2520255565446 0.172524371942411 -0.0706840674419641 -0.327151874760419
0.27383192755067 0.0226565617661365 -0.265739067907165 -0.272469450243914
0.249307615248548 -0.124828485615252 -0.318188040928028 -0.10475479699271
0.156260412999921 -0.219025661883189 -0.286236755706801 0.0233313982207872
0.0670166751436976 -0.245629014748868 -0.185943474217823 0.0923484053580684
0.0237460225711791 -0.270790605738126 -0.0564058325138239 0.102971071791815
0.0274879126968208 -0.27268047914071 0.0646901186201766 0.0439407948335794
0.0564101048520684 -0.318178631380807 0.19647219342272 0.0350681004954131
0.187432192943643 -0.3365705516084 0.284621042172109 0.0900463456194527
0.315650162326374 -0.226986615461249 0.27242755513592 0.227047406967362
0.424853375577152 -0.0380804934516568 0.121761327784855 0.34311151141884
0.422761938556468 0.176501871716712 -0.030754414457136 0.294091690616707
0.323034046182578 0.322112664370666 0.00482005772562336 0.104737330366532
0.130429350371424 0.400486529294755 -0.0520030883669366 -0.0598091835113863
0.252839873093508 0.329891108787639 0.0307323209490014 -0.287897382473036
0.332632312110824 0.208715263332115 -0.0710629010750976 -0.369371135733157
0.345381820023126 -0.00114665090515061 -0.217254762003795 -0.286304585546246
0.285002027823576 -0.162399477526519 -0.238378617359058 -0.160252222202429
0.174055447560795 -0.251726130369557 -0.233137974416598 -0.0675152651575907
0.0792800206251299 -0.267959971085537 -0.156686833114705 -0.00539205556537806
0.044189655797461 -0.282249201878817 -0.0418104883770324 -0.00251227922746902
0.0547081948169952 -0.278424073667761 0.0697626445202841 -0.0614089110638752
0.0874952992486049 -0.316593140331256 0.20616853579125 -0.065283314367972
0.213562834743726 -0.323123686446902 0.317145386344729 0.00353140756959715
0.33494022172963 -0.206754104576802 0.315101686597076 0.183216041302276
0.44225058043433 -0.00371112369266204 0.119647007342336 0.31888809527278
0.415342748660238 0.234079001943252 -0.0936861804387645 0.245601355665901
0.28461540154064 0.360780881312955 -0.0832808855427486 -0.0222141395741124
0.0984912252565958 0.371702576675166 -0.121076987261391 -0.206907732879479
0.241279483361088 0.330568592667762 -0.0381162032449047 -0.35916339026435
0.343497843717168 0.200432014124121 -0.0779424582331201 -0.380256176276812
0.341785546143986 -0.0245340571172858 -0.152036719138774 -0.283519036880228
0.262679924701904 -0.167110691027561 -0.152348023502325 -0.221088049932131
0.159977680344111 -0.24027304294632 -0.180097921192943 -0.160937996289777
0.0770438755320341 -0.247598060543201 -0.125136906408662 -0.106125479005857
0.0554026564580048 -0.248930828280418 -0.0192262594960919 -0.10668739231823
0.0764908349883731 -0.24201100727284 0.0883735982273009 -0.156279817975308
0.114169661329503 -0.265429621372971 0.227278519459149 -0.140836821545855
0.222661038416241 -0.247703413352063 0.344668077014673 -0.0515847801588637
0.316029557318522 -0.132892011796834 0.33259464190268 0.15613571189787
0.391721239545352 0.0621725551513646 0.104986316754756 0.282142555383437
0.334573590285081 0.276833388431492 -0.134360611489631 0.178559909141798
0.194310283461163 0.355969275866013 -0.133975739697082 -0.149265313458761
0.0448265094837843 0.280135792256444 -0.193081754549567 -0.313638151546548
0.177558517649628 0.267561936457891 -0.107933964801283 -0.385036988697683
0.277234830890155 0.150475388819949 -0.0857022151947312 -0.363219082268365
0.258971544918855 -0.0342188089584218 -0.0913152618760448 -0.275052794969196
0.186969848534228 -0.128657933813347 -0.0892051942590356 -0.273118427776659
0.120264889701939 -0.177725860350076 -0.142469944056296 -0.235730618437746
0.063987544188585 -0.184753570251939 -0.101106643335502 -0.190286433104861
0.0562441290698575 -0.180064918578404 0.005201069796822 -0.191430691728096
0.0821822177747134 -0.173061004634887 0.117861284694786 -0.227157687351562
0.116007510446763 -0.18215242343167 0.260010774400362 -0.182517675287488
0.196914180157914 -0.14580463474274 0.370155395865764 -0.0697460535360222
0.255701879873548 -0.0483271746751304 0.334793654116642 0.147943875932472
0.292400575111469 0.115310660549797 0.093013996476448 0.241025605551797
0.20976335681019 0.279356984418688 -0.137949671516356 0.102884889650476
0.08105101678407 0.29930626513839 -0.137272149605492 -0.25631771107559
-0.0325158989784097 0.150035059344942 -0.246186719668893 -0.361496452741881
0.0699831294336269 0.169038281211048 -0.151650717717792 -0.369753679208166
0.150900179688104 0.0864195608159745 -0.0877812643390666 -0.341902204593253
0.122803534797078 -0.0192029307874342 -0.0569754538722283 -0.273459333786452
0.0832901360450959 -0.0478939366364552 -0.0679080472379907 -0.302992329230822
0.0726442538657436 -0.0752985107711045 -0.127446971864895 -0.273572544033458
0.0500187911018111 -0.0887308719897981 -0.0862939162055257 -0.242132383792946
0.0475864294094548 -0.0849901269658366 0.0276315397173987 -0.245150234547337
0.0667743258291355 -0.084788298834452 0.150685872200237 -0.265235535929736
0.0852384922587066 -0.086310368157932 0.296252290742596 -0.193065735591009
0.130940943429432 -0.0529371112662217 0.388618453982867 -0.0585391780277183
0.163818676002751 0.00372341952680572 0.327716553758305 0.15200594043644
0.178297847820746 0.123838369660126 0.0962796215327425 0.204728896033877
0.0800496729706457 0.227044522501446 -0.103877508016561 0.0430377461381745
-0.0262609625418678 0.193409529537168 -0.103352805914897 -0.324148724126002
0.082537370219709 -0.0378872174075521 0.121006221741675 0.325716364969056
-0.0166056544572621 -0.105135272957789 0.124283619161692 -0.0106035554339323
-0.0708798034868366 -0.051442975632847 -0.0877889200030775 -0.196719958261503
-0.0448161538139535 0.0175128620394173 -0.310595877948335 -0.180623862095297
-0.0129507880125528 0.00798735822935916 -0.407596130806035 0.0413830966080441
-0.0220208283117613 -0.00708248083774548 -0.311829997528314 0.217317425702489
-0.0357302399805883 -0.0150562959833409 -0.168837315264986 0.268266304096262
-0.0459142676800495 -0.0273530777301194 -0.0164646464464591 0.285101054918323
-0.0406628381578406 -0.0315431496227574 0.0922511967360062 0.248847739854581
-0.0272389484599767 -0.0429577543299466 0.161444768299436 0.261929876941655
0.00345801254961942 -0.0537016736360243 0.136961475629467 0.288585823409035
0.0161975565107657 -0.0232781703715855 0.0858687312296679 0.294026129632504
0.00839099682929972 -0.0456156790234001 0.095803334170963 0.335942899968123
0.0510817635897266 -0.0750602587283607 0.148854948855708 0.370420590666847
0.108564669438695 -0.00417146947211359 0.280022599958109 0.342503916335641
0.130058426552355 0.104067235925366 0.0906843454739985 0.300771477385726
0.0727710842148923 0.00496142840614404 0.099072705133031 -0.0320116844215255
0.0280032233403461 0.0105204877253235 -0.0917454265353673 -0.209800584575946
0.0507294611294849 0.0196470310022456 -0.304791778450693 -0.195210294617615
0.0736887807131214 -0.039149338412175 -0.395093360631041 0.00584763853060094
0.0350921455961435 -0.0873936734100711 -0.320478618310311 0.175195465949115
-0.00834466884339504 -0.106647221877978 -0.184933843882031 0.241152295538795
-0.0340562776803745 -0.130777050373154 -0.0321865048765872 0.257495165909061
-0.0304813208901643 -0.138269341787248 0.0857092316968854 0.210178502635406
-0.0059936987009785 -0.167333567309631 0.180366162185045 0.209500272078196
0.0770922227607199 -0.183907368105467 0.19240092683564 0.245472162108075
0.149724956722786 -0.111627431257078 0.144651056419098 0.284762680637559
0.183321869929778 -0.0418877645986245 0.106952941418957 0.341422769083227
0.213258241311859 0.0173624630921349 0.109519416446057 0.341079861664535
0.22500523551211 0.120507517144698 0.216093962324946 0.287463933050911
0.157088474840646 0.238384241502355 0.0553636562365442 0.220793449813885
0.155847485903121 0.129297228347814 0.0826825417897903 -0.0974839253099026
0.141615322867939 0.084145711693742 -0.091606529771807 -0.255757648693847
0.160468707897066 0.0170278193014886 -0.297517000362616 -0.218408169462552
0.15979388425219 -0.0878734798300953 -0.36630339371511 -0.0307114683249182
0.0910176028285633 -0.162851269635174 -0.308710719975361 0.118885216570279
0.0204324579820621 -0.18732573370941 -0.185320769239071 0.18496129878513
-0.0187565044776818 -0.214792510484101 -0.0427114058760793 0.194951409704493
-0.01700382670456 -0.222062405438252 0.0744136770148669 0.134889087085347
0.00843551446107107 -0.26298531458614 0.191428289820892 0.12036543125239
0.120751812240532 -0.291184172644813 0.246038687274516 0.162195575550665
0.238877363881757 -0.199486548283431 0.218451167587584 0.249331238810672
0.323650680779541 -0.0632743344189616 0.130248945891018 0.33869818693625
0.347918210127742 0.0819239575552331 0.0549065314428747 0.31538771308151
0.309414833507156 0.219026074717332 0.119475815348703 0.204366559979611
0.167964774032141 0.336394133973801 0.00892364901090291 0.0949994926589265
0.229756633302538 0.236399877613239 0.057749017425929 -0.188768242483813
0.25910702459126 0.144882984961068 -0.0910577381679441 -0.314727536395408
0.268414645474567 -0.00116386667011674 -0.275975202507245 -0.245588936266007
0.229897648309463 -0.142017798248932 -0.315158443726443 -0.0792972750320217
0.131299416485148 -0.226294637234784 -0.276111083614371 0.0443542264630231
0.0418032578083212 -0.244902759861934 -0.173097805081456 0.104793313834078
-2.24430748728193E-05 -0.265936107385647 -0.0465546787908392 0.105013172340124
0.00403872397467082 -0.270290011996677 0.0631888300411579 0.038134603502906
0.0285450604481863 -0.314900321030973 0.191496476579816 0.0166631907236316
0.151718768907173 -0.34499125455359 0.282488319459898 0.0636341406202716
0.288174537045542 -0.247664353441515 0.278369980961033 0.198981048135927
0.408108456619585 -0.0731898264129207 0.143751873469852 0.325579216312427
0.422556795153587 0.137940359327351 -0.00965990688667426 0.287995424095647
0.338109280833637 0.290531035081495 0.0119267308423185 0.102614247995823
0.159474763476015 0.378263280448656 -0.0554652576664617 -0.0534169398643219
0.26934629433139 0.297337455135315 0.00691701233354766 -0.280320340058691
0.340213192977864 0.173843754888654 -0.0945195123451631 -0.35576265661593
0.335666992816755 -0.0293769556182788 -0.228800170843323 -0.262515487845747
0.261256071466951 -0.181221949087783 -0.242291978778739 -0.141041246554677
0.146028975494251 -0.259115343531761 -0.23218762542335 -0.0477047039746985
0.0525829722667482 -0.267658243451243 -0.152136750086787 0.00713437676132274
0.0189902224812204 -0.27650218033909 -0.0407707463785335 0.00067371354685164
0.0303223634673911 -0.27643276959512 0.0598381961768417 -0.0647610019765196
0.0576706327126737 -0.31587853498401 0.192610497645047 -0.0802576481317011
0.178515585129792 -0.33188331441202 0.307016840638765 -0.0230746880377062
0.307616847582467 -0.229251638636621 0.316056878640454 0.152532018076458
0.426454769921995 -0.0408546116287504 0.13917535777021 0.302508676368216
0.42166936521967 0.193864383898141 -0.0738370294452373 0.24690240748473
0.303898711137789 0.331195616183137 -0.082549815101233 -0.0140191795185516
0.126133481292884 0.353227620672511 -0.133586598679724 -0.191846208904092
0.259646433366917 0.298657727637995 -0.0650965907937796 -0.344020621253089
0.349407488982454 0.164344421273364 -0.101982582665502 -0.365141864436579
0.328713459001888 -0.0508335678706649 -0.164454100318427 -0.265585430019476
0.2397711606133 -0.183925845418265 -0.164606854710447 -0.207460430630326
0.133288640870581 -0.246505715021519 -0.18823554583197 -0.142520754796723
0.0518672595529817 -0.247915673224899 -0.130133592818506 -0.0940747664745945
0.0333961469345848 -0.245677131499272 -0.0281490784286968 -0.102369699410966
0.0542948719343867 -0.242761648959811 0.0700149697371659 -0.1580617972705
0.0880544130580446 -0.267743173190001 0.207223362453768 -0.155212370462172
0.194235729051259 -0.258886623791104 0.329036674786044 -0.0792934555211055
0.295255737066462 -0.155088406835708 0.33196461873807 0.124387320825361
0.3811808291338 0.0278697657401828 0.121419516590285 0.268683351697424
0.344572588395646 0.241926612277909 -0.117137401111004 0.185293643757955
0.215537851467996 0.332025124048403 -0.140454997082451 -0.132993905901314
0.0664101656418681 0.26834146117311 -0.210634985161013 -0.290527699818406
0.191894188234365 0.243865628380344 -0.13373942145378 -0.363432397897383
0.280204910012716 0.122316173199906 -0.108790970245643 -0.348106724825194
0.247180967935481 -0.054347412346838 -0.104678488998638 -0.262635540933917
0.169775343867397 -0.139346308765886 -0.107488631639077 -0.262070163182411
0.100647243322705 -0.182266174801881 -0.157837793636271 -0.218054812441089
0.0452112723848355 -0.185426033641739 -0.113668136474437 -0.177579369149448
0.0403714325742894 -0.178284860324626 -0.0116905751867804 -0.187737288650115
0.0649828625280051 -0.175366798571976 0.0927660994675882 -0.228961714988163
0.0973074353115375 -0.185609842876369 0.23570690529453 -0.198518039653011
0.178118523541595 -0.156958523662485 0.35336527407618 -0.0986283847830117
0.242854891914743 -0.0669193975654317 0.333858675408061 0.116971860976517
0.289578239093478 0.0879346804033418 0.106802010406535 0.228917078777718
0.225228969357035 0.253403334021297 -0.125921875666556 0.112192673173267
0.101012097614002 0.284786759154702 -0.152297900503496 -0.235765400101428
-0.0182785857676698 0.148123230116681 -0.266341581783825 -0.33288855736102
0.0798011144357078 0.157312173457707 -0.173186713779115 -0.34672620219757
0.151973557440935 0.0710808037461042 -0.110340989056024 -0.325465765634217
0.116097266743011 -0.0284894381557989 -0.0734544795536075 -0.263999122176355
0.075998962336211 -0.0522568370984997 -0.0908953556546735 -0.292040074094943
0.0629939352568243 -0.0794253585857923 -0.145845892712549 -0.255490319140548
0.0397021272308233 -0.09066097802469 -0.103422126053598 -0.228853599864945
0.0398391331850877 -0.0851805309003991 0.0059663757829277 -0.241007067232991
0.0577366670562014 -0.0880911005550733 0.121461731429638 -0.269202465000448
0.0748740053880789 -0.0892982341995169 0.27019440377518 -0.211115069856466
0.122559938099403 -0.0610448779720252 0.370322308947153 -0.0887142165621284
0.158386280477504 -0.00873696196456998 0.327456979295496 0.121649237481151
0.180378727417946 0.105080836567202 0.107117357861632 0.192378475886083
0.0956682165457384 0.213208536960821 -0.0974795054870178 0.0519033255707383
-0.0103989616129495 0.189736108505872 -0.124564769465513 -0.303358188939544
0.0753021974491269 -0.0470693474825227 0.155426669378289 0.293530022832887
-0.0295997139737493 -0.095895675371354 0.117073339795267 -0.0247407681676249
-0.074585033345008 -0.0392552023188077 -0.107255107087084 -0.171421691711334
-0.0400884337166814 0.0213911473850086 -0.319583765943584 -0.121881576320845
-0.0120772493987715 0.00652440511658418 -0.375276303046877 0.102040375123218
-0.0220799290652605 -0.00343113368590704 -0.260994045735792 0.250108113923775
-0.0360650218932228 -0.00726236817476571 -0.123102088972093 0.282240461223403
-0.0474891514997206 -0.0186693594297626 0.0270871381764544 0.269452308132773
-0.0427091295654514 -0.02493079865888 0.121556863507421 0.220815734781645
-0.0313717695286317 -0.0388798582479696 0.189482961065714 0.220242307689365
-0.00503124854113393 -0.0540240022119493 0.167868670141464 0.25331567657232
0.0143341135691757 -0.027435980399476 0.121483092601642 0.268979139260718
0.00309020514733156 -0.0463689543099352 0.137778862366121 0.303504732180643
0.0397893197105502 -0.0781578792136903 0.192756105849099 0.320973091820769
0.104399318317979 -0.0220489613255365 0.315844036942492 0.284213700178878
0.143962301986597 0.0824378534508171 0.116025658896264 0.262727019749076
0.0683267771657454 -0.00523625239868512 0.0858638065123656 -0.0435248182312771
0.026354463439374 0.00474678983493527 -0.116453271804554 -0.186887372636511
0.0504701746887762 0.0112893678730303 -0.318926430336977 -0.138378143911707
0.0617747933101463 -0.0488733427179236 -0.373968838523365 0.065971020275312
0.0199643046148991 -0.0862192775976408 -0.279920011122153 0.212392430457529
-0.0240125873559836 -0.0963268665453437 -0.144779076429547 0.257361579369673
-0.0518462218595463 -0.11717442852048 0.0082416880672798 0.246310263055423
-0.0493211437130301 -0.126927307657416 0.107048480511917 0.184492007090212
-0.0303571365941487 -0.156751904137659 0.196595819033998 0.165853279748646
0.042013851445444 -0.186093807656807 0.210319614973517 0.201142146128479
0.124837080189556 -0.128962636608599 0.17464730318822 0.246953814741806
0.165642893153903 -0.07036403847695 0.151901538730815 0.30270689599005
0.20167645947608 -0.0171943948703572 0.160448789037786 0.29930714722971
0.229609876556849 0.0754363592295802 0.250268587249138 0.246568689320612
0.191695691204008 0.206913124424363 0.0656992686118786 0.182605637953009
0.162987408868409 0.0998908945862817 0.0585560939232046 -0.106648352529596
0.144035706336605 0.0572560009122208 -0.128011644506571 -0.235471721417472
0.152058104461415 -0.00562036238700901 -0.318395520748052 -0.1628123523701
0.135340049589887 -0.106913696073019 -0.356799972738632 0.025609208324256
0.0611193453021994 -0.165233835144684 -0.280297209648773 0.157977740419183
-0.00871701280003957 -0.175781170780406 -0.155109465561073 0.202421892240486
-0.0498048278520942 -0.198083381033196 -0.0110347653745126 0.18798641613142
-0.0498644909586932 -0.207852318599553 0.0850296025070266 0.114299663364025
-0.0318920662126576 -0.24714047370442 0.190806098716166 0.0786293972650696
0.0656600752129854 -0.291835533102969 0.247542011903069 0.113327167889695
0.193953946904986 -0.223743931502656 0.23797239305387 0.198109410191973
0.292265533055091 -0.113621344621208 0.176186404389903 0.292923304443971
0.33429839533701 0.0231285484650772 0.113272648514351 0.282700007541098
0.32068909243284 0.154529842429242 0.150194440673809 0.185337502089653
0.216776619347147 0.299215412984718 0.00156231678476636 0.0632929437612391
0.246354008189566 0.189301364463449 0.018599200164945 -0.191128479404656
0.262168440430396 0.0971679944621331 -0.139805455338703 -0.293574151856567
0.25035882432012 -0.0368957941155985 -0.304984108993351 -0.19386220795484
0.193674593185449 -0.166406781824985 -0.32064319985146 -0.0278024930146087
0.0891713417915548 -0.229827615173271 -0.264764615946709 0.0834660837594582
0.00360704615643517 -0.233327637849931 -0.15745223683001 0.122650814616113
-0.0394022560899311 -0.249182380045765 -0.0279962698303948 0.103803729959067
-0.0380453007725139 -0.256266820035525 0.0596285785873551 0.0245648197954254
-0.0217833377514445 -0.297310887382907 0.174256531962737 -0.0187806881705583
0.0851813619432289 -0.34599847215777 0.265241595902132 0.0141901614362541
0.231501907883982 -0.275513389468921 0.287571626543757 0.138781318897041
0.368060962315576 -0.13574102813107 0.187552887877801 0.276489931305798
0.411583923471152 0.0625054718377541 0.0529421209888868 0.268284245562003
0.355899864238829 0.217621575570599 0.0351748865135473 0.106512043147203
0.214085893225446 0.340150015387718 -0.0806036022284563 -0.0706288579610363
0.292630508672393 0.241420094084848 -0.0440426465687451 -0.270964220048765
0.341626421194041 0.113077937662435 -0.154242074935499 -0.3339718092334
0.309014210668186 -0.073285349305595 -0.266143778505125 -0.217804546338226
0.218609387807842 -0.207787404133994 -0.264357678577767 -0.0981608237830123
0.0987056282036258 -0.262919547687255 -0.237884560408575 -0.00947907956276905
0.0101715106664152 -0.256942867523616 -0.15235280200712 0.0253211477959606
-0.023106684275612 -0.262589435906746 -0.0394335183803476 0.00521627540127273
-0.0141436862191578 -0.266551504616243 0.0410568094495653 -0.0720688938822536
0.00559512711550842 -0.302044327153773 0.161752224521747 -0.111448327197259
0.112383428516559 -0.337907603971339 0.276553274817045 -0.0726165440492491
0.252445832845289 -0.260568541153305 0.316709673782742 0.0892326022791972
0.390126912958695 -0.108050022265366 0.181222128111212 0.255750904414828
0.417189404852783 0.115567540946905 -0.0110808152645142 0.241142170564031
0.329275121573258 0.261337884732634 -0.0719343926302588 0.010437456951339
0.17778324079492 0.320126161525443 -0.170443566383315 -0.188919639022674
0.28187960193514 0.24416020011385 -0.120123444394999 -0.321616812389772
0.349157307085609 0.102380789845821 -0.163347067496668 -0.34017524489315
0.300402373713958 -0.0914222779330889 -0.205514236140542 -0.230610631888573
0.198426270064012 -0.206137595428872 -0.200585645496211 -0.17290492824438
0.0888919643411279 -0.24957669754647 -0.209195223803924 -0.105000311655445
0.0117975585947296 -0.238384462663394 -0.145487871912365 -0.073926586812651
-0.0053028139471519 -0.235301326379814 -0.043163165809536 -0.0936321535816889
0.0133088664203721 -0.236980428237421 0.0375808757308871 -0.161849606192122
0.0399691049339122 -0.260980429368423 0.165530439155712 -0.183201116250428
0.137520911621493 -0.271872911411713 0.291516342280752 -0.129355946474868
0.250414020047095 -0.188993902484367 0.330017786919006 0.0612494671117613
0.359371147122447 -0.0370893008361395 0.160136742045221 0.228977661962226
0.353911736029499 0.170267410685645 -0.063326100080797 0.1939667958684
0.247037720454919 0.275987814328232 -0.145930142047407 -0.0939892191004717
0.105115562894645 0.246867924895967 -0.25031275409693 -0.265978847937164
0.210587850346032 0.201344490114152 -0.184984739151886 -0.329405529405715
0.277544066068572 0.0738218806914872 -0.163380342423025 -0.321668443921114
0.223005339608951 -0.0835347553947434 -0.146552310404464 -0.237072020126952
0.139385551023512 -0.154167303639126 -0.152020843923084 -0.233171128178884
0.0669249659163346 -0.184956870007889 -0.188833380096421 -0.181093755885375
0.0144653420938378 -0.179441115668196 -0.139817595995995 -0.15709560603863
0.0118713277926759 -0.172386910477951 -0.0411110337432552 -0.175982827685163
0.0335128732513192 -0.174697607979517 0.049878352114504 -0.23164593133059
0.0610431594021235 -0.185459922617512 0.187922753677465 -0.227264228723044
0.138604982698579 -0.173229176742393 0.313431018365737 -0.149160807674009
0.213891067037804 -0.0997720825586951 0.332574305340399 0.0561810674457409
0.28177264238363 0.0342803551520787 0.140367428750449 0.197309352006071
0.24487859008522 0.200505219892071 -0.0852976583074345 0.130254470199419
0.134002704450901 0.249071208518881 -0.175417037357321 -0.191494581305661
0.00369311375101996 0.144066927113734 -0.299037526682688 -0.291208308301249
0.0939107652564783 0.135544036983437 -0.214855573283603 -0.306447008926594
0.149275705724808 0.0436646216014271 -0.156468957479153 -0.295604895639977
0.103839630159425 -0.0414089847234861 -0.112026766815177 -0.242634658753007
0.0650828104727667 -0.0595995273665897 -0.135968255322556 -0.26492492672337
0.0465654138857951 -0.0833637691745421 -0.178740159096847 -0.220087313592528
0.0222549368539378 -0.0908325619766944 -0.13484289356716 -0.206460030207113
0.0258601984794797 -0.0848468030597501 -0.0324742692646124 -0.22788542670276
0.0402074974352488 -0.090544282151645 0.0722151562924455 -0.272245833664419
0.0547316154234466 -0.0918390048524269 0.2194144674841 -0.241719809273857
0.102019417486876 -0.0757194811545871 0.334010293788077 -0.139751276582595
0.143892529957135 -0.0334478336797872 0.328260381418131 0.0646895928475957
0.182232178751282 0.0679745804505338 0.133398176722266 0.165550082001823
0.119502439909131 0.182125438420575 -0.0738606264180626 0.071318820651476
0.0165548784110794 0.177091737471685 -0.160792875305958 -0.262087749585241
0.0716077570303063 -0.0455744616362069 0.152266573248642 0.276508405808854
-0.0296027639407724 -0.0891117530639954 0.11265574961341 -0.024824950469083
-0.0716702473015151 -0.0365803573933519 -0.10365931967884 -0.162576467444839
-0.0365770246067946 0.0200516808034251 -0.305356010004717 -0.113304347371437
-0.0110437865665798 0.0064691330295432 -0.353530280950909 0.103913980337559
-0.0210571379947783 -0.00327536008189419 -0.243081382506593 0.241754229000899
-0.0347553926992286 -0.00524695735406295 -0.111783055544818 0.271145819898592
-0.0457810398122885 -0.0165624356202236 0.0317366426833273 0.256858317373689
-0.0424269572690262 -0.023884206847721 0.118931408310043 0.208455215350182
-0.0305451022137055 -0.0376893876274301 0.183461260765683 0.204907336984444
-0.00613958905077594 -0.0516043601313324 0.164386774865791 0.238206050517528
0.0139087495600533 -0.0272513417647845 0.118616832753403 0.256803339234985
0.00275901616267918 -0.043842201447024 0.136029926402651 0.286780999607924
0.0371666269254729 -0.0734802696149354 0.185439275638325 0.303378472671649
0.10021962502388 -0.0218511953344932 0.300969976289722 0.267039380629636
0.138915251340068 0.0766475907120479 0.114690818575018 0.248800595876132
0.0638903342924783 -0.0054712585976999 0.0821847779484489 -0.0416671439795303
0.0246381420590139 0.00285116424854762 -0.112025843584491 -0.177917629488167
0.0484335511731048 0.00889142881368368 -0.303275162356145 -0.128855932465839
0.057447365659946 -0.0479704015273091 -0.352850397343161 0.0690209054635666
0.0166020063758372 -0.0827238131960497 -0.261958092484641 0.205905672007299
-0.0256007789398248 -0.0908172197396158 -0.13270464066235 0.247187054386032
-0.0526460318871563 -0.110655021642232 0.0133257840655082 0.23415643543423
-0.0508319184828613 -0.121290572916003 0.104972610701965 0.174636609729711
-0.0324154282618042 -0.149884087965537 0.188749938351928 0.153557093802028
0.0353592953032419 -0.179167954968088 0.204811113450026 0.187408921152835
0.116609077169652 -0.125751795368666 0.168639910334186 0.234859147208
0.156327431415461 -0.0701641187432856 0.149703308142794 0.286173669715448
0.192529319312862 -0.0190024954062548 0.154939308499376 0.284077006843387
0.220382234072134 0.0704325984818574 0.239375860949623 0.232899744239351
0.185848976371473 0.193890223009042 0.0659710265828505 0.174273379094369
0.154833377568175 0.0921449592462209 0.0548808333133158 -0.0997491463138662
0.136898510262749 0.0502694654412466 -0.123955845520156 -0.223982703119754
0.145167713801379 -0.00863578718523234 -0.304116142247069 -0.152774813948602
0.12566027816461 -0.104257272233568 -0.338065448383568 0.0299789604100245
0.0530011000519264 -0.157832498294721 -0.263657828449656 0.155418079297803
-0.0133901254504014 -0.167271620349436 -0.1440431152565 0.196173835091447
-0.0524496514755526 -0.187394837350675 -0.00618872129360583 0.179144994339133
-0.0528182470282348 -0.198235376165551 0.0815038872558709 0.108921324388805
-0.0354492522283439 -0.235907037520166 0.181292026563791 0.0710384998356529
0.0539657376232971 -0.279805380609617 0.237399976418708 0.101951703224853
0.179426210458634 -0.217995243019806 0.227711938344238 0.186355200661429
0.274690454988357 -0.114243808222762 0.171806362215447 0.277605785366429
0.319021918578271 0.0160759606703164 0.109717125673108 0.269467442990042
0.308313529290624 0.14495520862658 0.144624782713118 0.175675033334257
0.212344786049426 0.28092089200242 0.00318804419506097 0.0616139325252215
0.235075610128259 0.175865698189509 0.0157598321586429 -0.179439711499164
0.250073294778448 0.0856009232855414 -0.136250663491213 -0.279891239927996
0.237395642470702 -0.0406865044766156 -0.290363114390514 -0.181814565171786
0.180128990280184 -0.162201723073311 -0.304134910814826 -0.0236584052171415
0.0784194358696939 -0.220195618629092 -0.250821913671706 0.084053880688299
-0.00362776543667723 -0.22308430604147 -0.146771878656933 0.120176429014625
-0.0433390986689281 -0.236598562250991 -0.0241596795523546 0.0992323793498793
-0.0422989283782216 -0.24499739453337 0.0558260744357489 0.0241283712737844
-0.0272723449595337 -0.284740344565087 0.163769251620825 -0.0217297711371634
0.0710300183611368 -0.332641767274248 0.252290551756376 0.00766425599089275
0.213999444974267 -0.267705755124261 0.27350717510293 0.128884897985651
0.345920184359251 -0.13676875569263 0.183065077292628 0.262716527022715
0.391955508330569 0.0526477784687299 0.0535832491862854 0.25657981270229
0.34255981572314 0.204050899751395 0.0344834012631419 0.102764053052755
0.211299154043261 0.320180452667685 -0.0772748246007253 -0.064699813398022
0.281438433230015 0.224020536446936 -0.0454069422087191 -0.254100171968516
0.325485473556109 0.0997430496553752 -0.149365263455034 -0.316959918872253
0.292174907272356 -0.0757538794851383 -0.253011140518384 -0.206496109634558
0.2025026563175 -0.201959031313505 -0.252696202782511 -0.0916294057617335
0.0866860145849043 -0.25227026847763 -0.227628437967175 -0.00422986501264056
0.00235621023043129 -0.244850266182646 -0.14427208637869 0.0275660101626374
-0.0284212585756573 -0.249398410187808 -0.0374722972333054 0.00497321949112484
-0.0203842989228384 -0.254557302579695 0.0361358984050442 -0.0679962660167137
-0.00146042545685022 -0.288807447138933 0.149565431491804 -0.108743458369338
0.0975630051104714 -0.324729290506123 0.260546324725753 -0.075999697328711
0.233809483171207 -0.253696775556983 0.300287036323586 0.0806253845479638
0.367756752429752 -0.110416498606792 0.175848331082749 0.242607885260903
0.398734654111529 0.102604772259963 -0.00739748626342575 0.232302824569241
0.317903113380734 0.246710375754381 -0.0680186121480274 0.0129566419151179
0.175171824852559 0.301716843631422 -0.164045345887638 -0.177429558058554
0.271181328729231 0.226947279115406 -0.118670489812593 -0.300974687033292
0.332583286836785 0.0901425102652222 -0.159279340016501 -0.323110039216352
0.283158098133871 -0.0928587149988149 -0.19641421747713 -0.219576800635311
0.183660271472091 -0.199775466872842 -0.194313496076364 -0.164196406907632
0.077110050821179 -0.238540292516989 -0.202144013827039 -0.0948286797135269
0.00411562532899569 -0.227080926874491 -0.139856286751797 -0.0678705509384178
-0.00964283103771769 -0.224189706512531 -0.0438088530173494 -0.0889199233280267
0.00640152436817083 -0.227048754991815 0.0308762941675094 -0.153779189083947
0.0323146898510373 -0.249132013901293 0.151791756420803 -0.177771540822489
0.123877153779832 -0.261501254537921 0.273451904086973 -0.129183728864671
0.233498278174885 -0.186132174309729 0.312558279632012 0.0524877648630124
0.338347702816263 -0.042111352203669 0.155323096455888 0.217659804137094
0.339150269042696 0.155870823734486 -0.056665663231279 0.188465886501472
0.240444385633834 0.260232006921536 -0.140348781026119 -0.0858079593963195
0.105232040390853 0.232761799497764 -0.241481035703401 -0.250699284099144
0.202422023788463 0.187602737076684 -0.179351375558549 -0.309080516668355
0.263270707038484 0.0634721596194297 -0.159513897452481 -0.304233549164728
0.208472313386391 -0.0829364231576584 -0.139997301187005 -0.226784970690162
0.128720249970823 -0.148330995950201 -0.15031972795457 -0.222078882485294
0.0585972136905106 -0.176716671379873 -0.183687193566599 -0.168767518573511
0.00814688307371644 -0.170639487709443 -0.136677204960193 -0.146757807836092
0.00830334161337683 -0.16462818088865 -0.0438896707299529 -0.167742619738553
0.0278939919833687 -0.167741709248631 0.0401943383975534 -0.220578045407764
0.053366770032118 -0.176628092055384 0.172839057582714 -0.220362630440881
0.127287438058721 -0.167429460027091 0.294214560923789 -0.148195208772172
0.201363534761761 -0.0982816322584422 0.315108898147545 0.0484917665074388
0.266134575574679 0.0278093392627108 0.135188163877052 0.188007798691419
0.235871373205016 0.185055159094733 -0.0785585593675002 0.127700412598743
0.132228236885535 0.235310047580368 -0.168739949705198 -0.177921687579102
0.00669487556114531 0.136181731554083 -0.287513221095558 -0.27246155412377
0.0906000419694709 0.126874846895523 -0.207085798327455 -0.287544123199837
0.140869173083028 0.0379545393959415 -0.152255329142743 -0.280707876879464
0.0964546676525651 -0.040845173161956 -0.108361094274198 -0.232490083874776
0.0602045904975195 -0.0573326533746178 -0.13600857153226 -0.251542280890268
0.0421726765312096 -0.0796673935291903 -0.173723679763828 -0.206006415918052
0.0182329859860761 -0.0860749274345483 -0.133281643679847 -0.194783992496319
0.0242404536262946 -0.0805774537100571 -0.0371872402746894 -0.217660058586267
0.0361124220415184 -0.0870510667334961 0.0617889343917808 -0.258875500911551
0.04991702742668 -0.087463360097044 0.203506207379292 -0.234206389603976
0.0953353447473737 -0.0738977126609021 0.314081813841872 -0.139289353007662
0.135685182453107 -0.0334821644569687 0.311236485031266 0.0563685357013645
0.172659044975861 0.0612561142496759 0.127606815898859 0.157609553645013
0.116202353427176 0.170005814867131 -0.0688498177913551 0.0707252917500767
0.0194001847048578 0.168290920716201 -0.155935948793424 -0.245201303683104
0.0716861787271974 -0.0428330838598567 0.14546244245709 0.271123146763775
-0.0282280100743897 -0.0856123915585402 0.111995434590513 -0.0229447733722366
-0.069498319508203 -0.0367402808594452 -0.0978582776368411 -0.161535136219665
-0.0350324011866857 0.0183309071012616 -0.297557864759356 -0.116454143425592
-0.0106239931041525 0.00552997396539174 -0.344355262569356 0.0981020477658526
-0.0203933847540788 -0.00385605510787202 -0.23845590350505 0.234393137291215
-0.0345637390254166 -0.00520715431782439 -0.110975232053096 0.265033880199769
-0.0454947536533383 -0.016219909508157 0.0302334293977477 0.251804265093289
-0.0417234449477345 -0.0244832636591151 0.114093368715659 0.206649184195082
-0.0297120831924624 -0.0388343235726797 0.176799178919554 0.201201191788104
-0.00612791874175404 -0.0514770165495877 0.159358187381614 0.235399004674198
0.0142658718589306 -0.0268467197389925 0.112909935911609 0.255433782086281
0.00292635047898313 -0.0432902901703294 0.130177806029015 0.281507688232072
0.0374139207715011 -0.0699410478696977 0.175949539495929 0.298660563461148
0.0994787379427516 -0.019633076702461 0.28795097068033 0.267458511594412
0.135678689329602 0.0766839088239315 0.109296343929449 0.244829346128965
0.0617361485411297 -0.00345909902462977 0.082746848076183 -0.0390829519120896
0.0236198758748518 0.00230643211495627 -0.105994497355696 -0.17761912276488
0.0475956106625619 0.00826514420723307 -0.294964914935035 -0.131461151113203
0.055756165549021 -0.0468301850266266 -0.342812066041317 0.0637799272924843
0.0154608629781608 -0.0811437081751682 -0.257310317557139 0.199920964596384
-0.0250523588776116 -0.0885031886410077 -0.131261141818962 0.241695755101969
-0.0520282739889819 -0.108202040981642 0.0120604023908495 0.228997011041314
-0.0496592962306725 -0.120220765176276 0.0999726687951062 0.172644723688234
-0.030999228666444 -0.149018661056821 0.182393310872362 0.151271111122287
0.0339942600110893 -0.17532278452261 0.198407469923167 0.184229092561413
0.114254221033235 -0.1238410328775 0.162037282485099 0.233474839589475
0.153278608090239 -0.068294185622955 0.142908177420596 0.282751829237373
0.188242050293033 -0.0163797996134532 0.146311579759385 0.280882398579161
0.215285056091099 0.072232478690824 0.228457476704112 0.232204691473299
0.180895309206179 0.191866933999029 0.063486289483865 0.17133430653467
0.149758318926226 0.0917907249804731 0.0561134478344691 -0.0949667144189166
0.131965757520231 0.0494314474913943 -0.116334282371436 -0.222027784721477
0.14181307423648 -0.00861857365234211 -0.29295722334397 -0.15524441493376
0.122765145935064 -0.10178342509334 -0.327618860547975 0.0251389199834685
0.0510374143773205 -0.153811193896754 -0.258855820507148 0.15008933386466
-0.0132901181383731 -0.16364565032893 -0.141287829486932 0.191444356081647
-0.0519271082834644 -0.183965268407079 -0.0065128666268945 0.17520971636812
-0.0520109084313542 -0.195618434244526 0.0786087866859312 0.108854295792266
-0.0344316890047559 -0.23292639295973 0.174882719863306 0.0706127896322703
0.0525174212062356 -0.273619031376979 0.230945108812016 0.100538963867175
0.175641871649631 -0.213083845438192 0.218898224085089 0.186497966168288
0.269220889588811 -0.110454520284937 0.165519597424398 0.275298638594678
0.311683233493116 0.0185843007711223 0.10299604887839 0.266064073944303
0.299920212143897 0.146727127092247 0.13820800079577 0.175989967305753
0.205786366130646 0.277095292067704 0.00359642994124067 0.0616738404617646
0.227410450464324 0.173825882878803 0.018808081259273 -0.172070045526395
0.241497475476611 0.0847747634862178 -0.128485240372129 -0.27690588818004
0.232466734442695 -0.0391353316422072 -0.279072640040026 -0.18378222904794
0.175735896662345 -0.157329550777939 -0.29700462446819 -0.0278740770064382
0.0757939376308284 -0.214577080080656 -0.245724019860323 0.0813884255145009
-0.00427382225965629 -0.218472075466528 -0.143931275971792 0.116652277995096
-0.0429834634307409 -0.231869785052779 -0.0243091614799387 0.096344188103158
-0.0418467551111119 -0.241360084579529 0.0535362093766348 0.025119179913118
-0.0261814793597232 -0.279563821162178 0.157774056652043 -0.0201563587669115
0.0688143507597567 -0.325596564880485 0.246605662408126 0.00722421274199783
0.209119023205922 -0.261718439503168 0.264299205997101 0.129644213187165
0.338204170730162 -0.131776491397274 0.175944227831206 0.260992533579862
0.38262575446598 0.0546977663820516 0.0489125440310442 0.254235908390688
0.333948730806412 0.206949300470638 0.0317607643682353 0.103171693946442
0.204595700838195 0.314538565699802 -0.0736694393046006 -0.0636660878546578
0.27104782069559 0.22210427446968 -0.0399605387637404 -0.245153194797457
0.315846668664882 0.0977247620684577 -0.141083811852925 -0.313643214714498
0.286204987192927 -0.0721061988194501 -0.242562861295064 -0.207828943079622
0.197916176325688 -0.195979237847232 -0.246427270925474 -0.0939358104357034
0.0827327137585538 -0.245419633761516 -0.222391431466366 -0.00475513354348537
0.000940699560005492 -0.239279960885337 -0.140530812222092 0.0259259784347888
-0.0273727507758397 -0.244657354267719 -0.0371240339715328 0.00341870677370625
-0.0205320013489781 -0.250603873904135 0.0342512919588866 -0.0646696360791369
-0.00117190536480786 -0.284055381360924 0.14450505410141 -0.105801224345159
0.0940858878940677 -0.317644385353586 0.254486535793159 -0.0733352537583275
0.228571087457484 -0.248497126785961 0.2907881214684 0.0817667629287226
0.357233978792706 -0.105072268048031 0.169335020663978 0.242216407713187
0.388895873437243 0.103279959938753 -0.0100260988520318 0.229188968916477
0.309031374185198 0.245751387401976 -0.0662597002767895 0.0140217678010097
0.168810247158201 0.295796589178969 -0.157420517149279 -0.17476789112195
0.261997478275644 0.223436537171789 -0.11071032367431 -0.292269394804007
0.321202150533114 0.0896278453507719 -0.15077228593709 -0.319187391607302
0.276209749443862 -0.0892351817029619 -0.186817610680459 -0.220557924470227
0.18003192052595 -0.194216553690625 -0.1892753160343 -0.164767246057521
0.075303013840425 -0.23304603536205 -0.196998325155384 -0.0933804354938469
0.00382447572976886 -0.221946385543269 -0.136923047093411 -0.0677097801782498
-0.0092009267296514 -0.219709298793834 -0.0434272222807093 -0.0895702621123695
0.00620669360150321 -0.22359540001518 0.0290572643451663 -0.149736308681024
0.0319095162674237 -0.244406304105515 0.14773911437579 -0.172964736967491
0.120185735501668 -0.255887334598973 0.266214980301528 -0.126105617374088
0.228457766191948 -0.180599815705581 0.302471735324155 0.0547713886166651
0.328683379098632 -0.0380140430208244 0.149155307252948 0.216995940943175
0.330790167732058 0.154583843620351 -0.0569050132413726 0.185290130043396
0.232495070963598 0.259148363854137 -0.135432941937693 -0.0839476785490205
0.100997766529857 0.228626331014616 -0.23204984765158 -0.247926840393611
0.194849674818783 0.184532005400656 -0.170813976556761 -0.301905014221793
0.255269411617851 0.0629452726258504 -0.151489267217251 -0.300385257159891
0.203592254377355 -0.0797556959515204 -0.132102889629323 -0.227035418249457
0.12654968622694 -0.144540933088377 -0.146843115249033 -0.220569137319875
0.0575839966570601 -0.17237785748304 -0.178608634539402 -0.165697821031689
0.00734650397191812 -0.166378620856152 -0.133121832631464 -0.145234460547051
0.00948924953699194 -0.161124883475195 -0.0434957396959747 -0.165540021302952
0.0275023511234698 -0.164197081832162 0.0391058214129856 -0.214512329765994
0.0526240743527175 -0.171911282453932 0.168607034212756 -0.214605221159686
0.124288053305567 -0.163389771373386 0.286758782735945 -0.143912010672538
0.196229659236053 -0.0951443767702735 0.305804429713137 0.0489421260739708
0.257452166384949 0.0300432683424374 0.129558683716117 0.187452767105446
0.227948017270063 0.182354802252318 -0.0777446415090312 0.126014002553901
0.127703820810296 0.232585109121575 -0.162793454793237 -0.174654862744446
0.00588773670310099 0.132734320859339 -0.277728252909897 -0.272989792261798
0.0863548037976893 0.124568316934969 -0.197533894363995 -0.282673316317404
0.135554437804212 0.0375060427016448 -0.145011526065675 -0.276052379777903
0.0933879747364903 -0.0380271726725667 -0.101683922962847 -0.233101223285594
0.0595714237379128 -0.0547130075633098 -0.132497408308601 -0.249134710399768
0.0410388211283652 -0.0779397879314888 -0.168547614871421 -0.202310113132445
0.0174868388325286 -0.0833241292137205 -0.12922887198764 -0.191203372741898
0.0251508788524742 -0.0784773249118675 -0.0367521550920259 -0.214396915766417
0.0357773367478626 -0.0841705173614944 0.0604061491834882 -0.252655889715516
0.0493036450665592 -0.0837818206847119 0.198422968957824 -0.228087789627055
0.0937943394154052 -0.0716437173890584 0.305875758789162 -0.134559689854313
0.131577228800055 -0.0315288570316276 0.302244173737232 0.0579375369023953
0.166116200593956 0.061458311519406 0.12211284300454 0.157596819624613
0.111478104458986 0.165874661930682 -0.0669897058092233 0.0699158386299032
0.0180785651206094 0.163992864698038 -0.149560435299058 -0.239773300221632
0.0735547379911902 -0.041689228099798 0.145351491343724 0.276791572276827
-0.0271403481835552 -0.0855918156256376 0.115997231636493 -0.0225964750704904
-0.0701133628457517 -0.0378151358005814 -0.0959347014196136 -0.166789054913719
-0.0347356503282719 0.0174243337934615 -0.301014809517874 -0.12384952504972
-0.010309614291427 0.00453051567156428 -0.348111237959402 0.0949751652383909
-0.0216709590483925 -0.0045571599610021 -0.243216427604028 0.235207367485873
-0.0350947488936708 -0.0055010189168414 -0.114432897786496 0.268120981597615
-0.0463444549286721 -0.0166074217217844 0.0289464491227521 0.256234335401613
-0.0431347506832739 -0.026076592555041 0.113579334199414 0.21234220388406
-0.030602064070498 -0.0413289851527387 0.176623933571642 0.205916475012916
-0.006380846426344 -0.0525223382854915 0.159493570104437 0.24092183758438
0.0151731284836355 -0.0275862675923244 0.110812714609632 0.262792238599476
0.00399135558307852 -0.0435288443860647 0.127401048572795 0.287783216260785
0.0390201466841539 -0.0699193837059891 0.173201353565874 0.306995215121912
0.102732664153082 -0.0176865963413568 0.287405618816835 0.277662202288046
0.137877195545081 0.0799126625972008 0.108746611712573 0.2504848060976
0.0629142331493874 -0.00172739878435505 0.0868385229632731 -0.0385388817301684
0.0232655535037935 0.00237145587372346 -0.103943348996098 -0.183069050968036
0.0485442917937879 0.00802262040205707 -0.297084817188913 -0.13931555373778
0.0573979455606109 -0.0476392688306736 -0.346246994034802 0.0601977805733939
0.0149648846013971 -0.0823233970212036 -0.261864150292753 0.200179994964795
-0.0260801014766193 -0.0901011120000167 -0.134869354880233 0.244781937404708
-0.0524775899424018 -0.110848421736725 0.0110729319517894 0.233188150044133
-0.0513027606648018 -0.123635898355471 0.0993937762327312 0.177678064873769
-0.0315929831959391 -0.153067039597004 0.181703019634717 0.154675552494159
0.0345417478678788 -0.178377899067709 0.19986478241827 0.188364112011542
0.117394458365318 -0.125647687362835 0.16132102603091 0.240457750376962
0.155888347701351 -0.0677742465727562 0.141601569369549 0.289560476335689
0.192020652804863 -0.0139847006662619 0.143239641693102 0.288162478930431
0.21895745474221 0.0774774611944017 0.227824098459887 0.242429688492898
0.182138672795021 0.196707355597675 0.0634643850076961 0.175758432050751
0.149514373752111 0.0949053168786881 0.0606357051528789 -0.0934489603874968
0.131837523048146 0.050540256291136 -0.113535938215049 -0.229030611757556
0.143483050375027 -0.00830831530977639 -0.294720302379047 -0.163307465929342
0.12478726887689 -0.102778672300788 -0.331416687878544 0.0206916997421744
0.0509741413401081 -0.156206143867079 -0.263397144520948 0.15068536025108
-0.0139893542134843 -0.166205368341457 -0.144350375177271 0.194053285458737
-0.0530440445390419 -0.187400760529375 -0.00704949380855194 0.178062323236272
-0.053122151007278 -0.201079266413313 0.0781193967371242 0.113150028586234
-0.0350848372070491 -0.238611062062173 0.175383978874782 0.073933758627653
0.0527741910490412 -0.277987474076453 0.232895482636694 0.1033555820628
0.17997413543576 -0.216151460354678 0.21920725840934 0.193750252504691
0.273093621885956 -0.109782211759632 0.164719873460677 0.283199343711175
0.316669943221246 0.0218791416194963 0.100055931186086 0.274502615151737
0.30378248650694 0.154710599984162 0.136801563637169 0.183409277664427
0.206618967615803 0.283475914444361 0.00429517475410245 0.0636743316350758
0.228043849791923 0.179083558664408 0.0237645389061264 -0.171107317277551
0.242744569089618 0.0871881667613051 -0.124894869414171 -0.285139688791921
0.235287986558776 -0.0385125600771118 -0.280104884779604 -0.19339198972512
0.178744519216141 -0.159186034252227 -0.300035620727559 -0.0331075760227478
0.0766989889435592 -0.217206183268126 -0.24945919503879 0.0818487961079991
-0.00431970356979729 -0.221335904123543 -0.145905116406046 0.118200105477413
-0.0431085926497885 -0.235631638704597 -0.0256960683866199 0.0970175014488366
-0.0428716395498671 -0.247489476574598 0.0531258011903373 0.0275222163519968
-0.0260001512291886 -0.286752031692874 0.158105954237202 -0.0186058967237861
0.0697548582178978 -0.330194242124129 0.248528636062052 0.00817575855137108
0.213180940096837 -0.265363479419153 0.264911383521413 0.136445233072342
0.34338935697465 -0.130697139137968 0.17543208769614 0.269516871211836
0.388729929284909 0.0585460128619644 0.0461111786658815 0.261156763057187
0.338058810847349 0.215501460677552 0.0318000217664385 0.108113557950649
0.204414811324523 0.322018091985822 -0.0725229283926737 -0.0645008415802505
0.273224779118241 0.227950071358674 -0.0347299801745893 -0.245218245843144
0.318277012094575 0.101692179214889 -0.138080711237693 -0.321619111136527
0.289682958743245 -0.071881116929638 -0.241522893670648 -0.217323136534944
0.20156574954234 -0.197504283972631 -0.24884510046833 -0.100090289319192
0.0846123104832962 -0.248808852545642 -0.225397237407993 -0.00536662511756309
0.00100576194107537 -0.243047656120944 -0.142344758935709 0.0259087847575362
-0.0268380503142989 -0.248797061755545 -0.0383202402674267 0.00261685265003081
-0.0204702166433323 -0.256929738615473 0.034307344263921 -0.0646486860692624
-0.00115061340267636 -0.288813197285138 0.145465306755975 -0.105541003695916
0.0952625821543109 -0.322434324016136 0.257312862594018 -0.07468431998383
0.231656676777835 -0.25084004438766 0.292494140273406 0.0876847838880321
0.362988853567155 -0.104580698254633 0.168913382158976 0.250246876269097
0.394865861735464 0.10774824595002 -0.0126414415828894 0.234937308718384
0.312427156219279 0.2549611153354 -0.0671376026965941 0.0154639429945406
0.168499839660954 0.302544090732869 -0.157193095977446 -0.178600901071722
0.262549076438687 0.228155107033175 -0.107017269469884 -0.293777235785063
0.324035933007934 0.0920558086563749 -0.148367232452984 -0.327204240301326
0.280551111352979 -0.0882335712037793 -0.184535860245017 -0.230175926940106
0.182902174693331 -0.195440049701292 -0.191301530566711 -0.17134684938577
0.0764954262552773 -0.235781766893803 -0.198694613650158 -0.0961164163174708
0.00371697766037337 -0.224399136007251 -0.137688110208277 -0.0694916573087488
-0.00770814317182548 -0.223085899662538 -0.0448308236787564 -0.0919172710435497
0.00655014643685798 -0.228083458555077 0.0290699041150698 -0.150830193706538
0.0328905174950088 -0.24850013147677 0.148693214662635 -0.174903563847789
0.121503541000108 -0.258632902309888 0.27090622318784 -0.126582683597615
0.231986491502118 -0.181590938391518 0.304577959204835 0.0593042737573471
0.331704151969728 -0.0355772114009234 0.148732117369612 0.225645525599836
0.33379533159404 0.159868754194678 -0.0597337346664146 0.189737217182817
0.234438879572219 0.266472362762244 -0.136194150606826 -0.0845122146207285
0.100673250998496 0.232956154878094 -0.232553103334239 -0.255891408743482
0.195323509436694 0.188890722791606 -0.167857386536677 -0.305759864987129
0.255385840366349 0.0653990404990731 -0.149029488073749 -0.307145158318815
0.206033532018835 -0.078336667000795 -0.129506393537019 -0.236435898348093
0.128693141153288 -0.144760262849936 -0.148288518764223 -0.227570419868642
0.0587058015009112 -0.175118338034334 -0.178819042436131 -0.169832849564006
0.00727358041834608 -0.167978415319247 -0.13387913932623 -0.14887471384415
0.010508684230646 -0.163563490129701 -0.0449011356181306 -0.169764619556686
0.028963591841441 -0.167136305458609 0.0397796042710427 -0.217237167555578
0.0545885469005278 -0.173647756978448 0.171294082429135 -0.216313193398705
0.126033395878469 -0.164569063519268 0.290479921750629 -0.144653635815511
0.198869909086386 -0.0942314907677486 0.308342303668483 0.0537209404407248
0.258860554323502 0.0334109414020373 0.12833980611778 0.194645317393682
0.229715241825686 0.186654988598071 -0.0800966729651351 0.127781150039217
0.12765579155272 0.23711157290204 -0.163321883942532 -0.17735591698368
0.00524480384402725 0.134329410958015 -0.278857800217867 -0.282995282301957
0.0860567989869552 0.127257836909045 -0.194807082470535 -0.288681152391367
0.134776417460138 0.0386736442122456 -0.14250818486977 -0.282692176749326
0.09433883775099 -0.0371203102399916 -0.0992465225609049 -0.241499050517774
0.0606573283660638 -0.0544949736943361 -0.133793735054135 -0.255267518938342
0.0409393669786703 -0.0795725162704822 -0.169134062172842 -0.207160496712427
0.0179430409514903 -0.0834803415421713 -0.130150929476672 -0.195898868550777
0.0269680034128578 -0.0792999093594931 -0.0379561615413437 -0.219197719737379
0.0366430859667985 -0.0848595958155205 0.0611698135785772 -0.255050862762844
0.0512785518149703 -0.0837629933842477 0.202039356320104 -0.229719937074869
0.0952668421529796 -0.0720111264994434 0.310061511072888 -0.13394228140372
0.133320105854226 -0.0299145817730816 0.30437014903316 0.0619716547004186
0.165914563040054 0.0643695357598121 0.120510999065946 0.164399074997261
0.111666282501572 0.168976850695595 -0.0682263709180968 0.0716127839731909
0.0167842422577545 0.165598992781043 -0.148635931411078 -0.243344914855036
0.077738313117196 -0.0442744423651584 0.155846067873488 0.287893381432975
-0.0280241876894813 -0.0880425127625619 0.122952658142191 -0.026618902857627
-0.0737301168399132 -0.0384394357914135 -0.100875220538356 -0.176112120565814
-0.0354839490516052 0.0177667370040171 -0.318028278094373 -0.127969088303912
-0.00971242978023778 0.00377555240427338 -0.360736833339508 0.103246733100131
-0.0230444154175471 -0.00505326569803539 -0.249359792086205 0.249609279858983
-0.0367363635875725 -0.00488653776584595 -0.116003141660482 0.284323195295299
-0.0496658538745374 -0.0165481064128476 0.035810185095657 0.268892137836263
-0.0462379874671174 -0.0269811229556889 0.121958966679611 0.222103443425308
-0.0335016330118077 -0.0442874979270142 0.186687236175574 0.212956536088362
-0.00750086686137163 -0.0556186113201103 0.170565562889667 0.24940289670667
0.0170237001594999 -0.0304257963411921 0.119157909169901 0.276456288525954
0.00408748521303058 -0.0450224834336092 0.136784067822921 0.300417933754798
0.0402395822509827 -0.0732678562102731 0.18209295272578 0.321409041500542
0.108784742935237 -0.0197106641347748 0.301807372332388 0.288662282673811
0.146309214597753 0.0820555589723178 0.119155352123118 0.261621065894406
0.0657557669562652 -0.00202733085399624 0.0925976833988871 -0.0408816271062812
0.0234941769565549 0.00178886071295646 -0.108901855454695 -0.192122422313649
0.0510578928788929 0.00682111840600981 -0.314049250640663 -0.14496201884748
0.0592997405157456 -0.0521010450902338 -0.359292831485131 0.0658529623324896
0.0131714639466245 -0.0866004108880121 -0.269739809413898 0.214134484727142
-0.0293848871704451 -0.0939575281276244 -0.137136660996726 0.259427748503556
-0.0583973687087261 -0.11451936024862 0.0158081510221248 0.245391103886464
-0.056970268633393 -0.129298338978964 0.107238844054558 0.186864273666032
-0.036914066788155 -0.161480633495267 0.190732628844016 0.159460533514539
0.0319599941402997 -0.187071466796079 0.211126630238659 0.194172203055753
0.12066460084451 -0.134050364296166 0.170675787817432 0.252129681757669
0.162434002441531 -0.0735766248757418 0.152616324103564 0.303031225153124
0.20104378374592 -0.0169966735840312 0.151468326988039 0.302126668612336
0.231632902470666 0.079656703235703 0.240262686891005 0.253230957903007
0.194820236635474 0.204132543683533 0.0704140955726939 0.184552980422693
0.158189437175075 0.0977892287418047 0.0656533115240127 -0.0972586077472096
0.137258029446892 0.0510010080842153 -0.119758802273513 -0.240590684238687
0.149921740238934 -0.0115025731843022 -0.310397086953379 -0.170524996729439
0.128925669543607 -0.110259446846575 -0.345085400313922 0.0242241148073259
0.0491415962766229 -0.164101621210571 -0.272226335514718 0.161872851288742
-0.0184626814299476 -0.173749510341624 -0.147316387937684 0.206120491096373
-0.059494701102514 -0.194697405776546 -0.00482393096733903 0.186710610128848
-0.0609295849231271 -0.211503626454281 0.083407513319302 0.119252233139116
-0.0418044103076454 -0.2508614856096 0.18244337409221 0.0751362648228232
0.0485155826499533 -0.29197360526055 0.244059313561563 0.103460726718992
0.183163480886255 -0.230246656636616 0.231089658921557 0.201962320777353
0.283170107972308 -0.119188156804514 0.176990304747183 0.296104568273262
0.332065661666755 0.0183823046456782 0.106672314157447 0.289404474745355
0.320527671639937 0.159383817958855 0.145653142369769 0.193338409646576
0.22077956870909 0.294569511937138 0.00731794400497581 0.0682520001600931
0.240498409410724 0.184403780523566 0.0263095845099346 -0.177032960551579
0.253413495698724 0.08728690407521 -0.132099670764666 -0.298936196219211
0.245004387834077 -0.0440858231626999 -0.295054469907844 -0.202503382589326
0.183208056469789 -0.169526161718654 -0.312826875235648 -0.0326659518389961
0.0745126264156586 -0.228686413990782 -0.259109599333177 0.0893848776210312
-0.0103015965470267 -0.231316460646898 -0.150075308596197 0.12587106305783
-0.0505428643096425 -0.246766478214264 -0.0256499677191964 0.102394550411162
-0.0518194030201414 -0.259920004913418 0.0550246663712904 0.0294802073644736
-0.0343317051307672 -0.300415279177306 0.163303116436073 -0.0211434656506629
0.0634941252720446 -0.347745506702478 0.259053180459219 0.00264179639578564
0.217353415749691 -0.282239820002869 0.27725950015518 0.141316370372577
0.356438372121039 -0.142193307377901 0.188230649765795 0.282974838565816
0.409445068403744 0.0543308788689509 0.0506622227183906 0.276364987731418
0.357368022645491 0.22210500018509 0.0347397641762979 0.115532764982455
0.220683924957627 0.334962879633451 -0.074477744819417 -0.066091099352074
0.286778530692814 0.234476926748757 -0.0359808021754926 -0.253338025977984
0.332023716431901 0.101871641739381 -0.147197020267985 -0.335977742399009
0.30154965314624 -0.080317119912278 -0.254715139887028 -0.229028243714767
0.20627067234178 -0.210851741165311 -0.262059562841298 -0.104073914200431
0.0823203986147577 -0.261745242420064 -0.234707061436766 -0.00167470112952408
-0.00466176358851914 -0.253750238921007 -0.148066103797993 0.0290899212028823
-0.03420087555045 -0.260798197983625 -0.0415982924909417 0.00266186389309824
-0.0280871018506592 -0.269823928537396 0.0332127264366639 -0.0678272314194839
-0.0077772413523931 -0.304175313839046 0.147616958712964 -0.112303138176177
0.0912234399680202 -0.340161715808702 0.266272162762013 -0.0839431792629869
0.237198949537055 -0.266725732293049 0.305767342191898 0.088293332821742
0.377148646088623 -0.114739595297998 0.180914670299167 0.263237517287622
0.414850767900446 0.106602939319508 -0.0105655932376852 0.250018129737395
0.330234372154079 0.265073415300591 -0.0691067161552973 0.0201792786183983
0.182194194521224 0.314448102257052 -0.165788411895747 -0.185545131057674
0.27707338860552 0.23678776404516 -0.112272681102219 -0.30392431062014
0.338013904552529 0.091474102587448 -0.157448892850477 -0.341831687932102
0.291202473537341 -0.0964660845394101 -0.195645313545193 -0.243796113399021
0.187964889524869 -0.207653936698769 -0.203629540289617 -0.179023246382951
0.0739525782405667 -0.248671491054594 -0.208672757713022 -0.0973556642635765
-0.00195506652926239 -0.234777732164861 -0.145141564102547 -0.0709308978742745
-0.0134623611668165 -0.23404534014346 -0.0503636455352815 -0.0960188146909613
0.00131303667575608 -0.239829617287771 0.0264294606838945 -0.158144702668486
0.0290505885115475 -0.261763777513651 0.150459317764367 -0.184768440820641
0.120198890411866 -0.273513912545513 0.278566141887693 -0.138894691045178
0.237988413171033 -0.192828250177939 0.317891710805625 0.0592091620890341
0.344800658565941 -0.0416668057571142 0.158963021073508 0.238133158056862
0.35239459693622 0.160961958994468 -0.060068111015434 0.20219947469589
0.250339703418289 0.276326770535595 -0.143041078581852 -0.0848918873204061
0.109850111619008 0.242674569886426 -0.245171197769983 -0.267036440173835
0.2067856455538 0.195081897235315 -0.175437747175545 -0.316568388116768
0.26610853255521 0.064549888450316 -0.158459371815183 -0.32043133700073
0.213251724054857 -0.0848187803469966 -0.137184897872295 -0.250659805996655
0.132035541698599 -0.153274465135313 -0.160081299486034 -0.237783475027065
0.056292989567753 -0.184498999592493 -0.190071662391372 -0.174963124160855
0.00410577571776023 -0.17554004017205 -0.142412344339309 -0.153894515393018
0.00799470577179797 -0.171857278827776 -0.0526567121774565 -0.17784547272779
0.0257040431003818 -0.176004495712858 0.0351219040131819 -0.228162308726378
0.053819667503803 -0.182872230812783 0.173250903033628 -0.229049145700198
0.127431031262634 -0.174735071679405 0.300030247862928 -0.157123639592374
0.205722668465038 -0.100960443042486 0.321890859886864 0.0525709902656194
0.269835143313453 0.0318216031076667 0.136890229412381 0.205498606200949
0.242962726039856 0.191212319635603 -0.0813742521989582 0.137478820846449
0.137612498179596 0.246810520044972 -0.17220311557605 -0.181825745352029
0.00782871630635274 0.140159876941006 -0.294782893309766 -0.295729237304143
0.0914193637238741 0.131744580398347 -0.204469901024827 -0.30013014359712
0.139804125611489 0.0381178904290445 -0.152418534877273 -0.295340974754115
0.0968990806792874 -0.0397070436899328 -0.106356532152163 -0.256296813811196
0.0617330623430343 -0.0573826096726067 -0.145189660579669 -0.266871905013647
0.0406126201036763 -0.0840755795350871 -0.179985698465973 -0.215097795475056
0.0175727166864335 -0.0874060766140561 -0.13997307401755 -0.203532977666703
0.0273709434680798 -0.0835452280146121 -0.0461323013192166 -0.229283404991141
0.0366809721566429 -0.0890280489988824 0.0573235272118443 -0.268702230850124
0.0527456856884444 -0.0879668910345021 0.205328633721162 -0.243705792109911
0.0978076899560438 -0.077364304976046 0.320480591244953 -0.145369868086799
0.138355110700702 -0.0326539067150928 0.317881581083539 0.0620651517213752
0.172557713380003 0.0654493432546244 0.127173614985384 0.173081555567825
0.119081928150496 0.173868212361227 -0.0691043907002061 0.0770966319486567
0.0210836503842069 0.17222153317642 -0.158068335133626 -0.251925595913625
0.0718033275816619 -0.0618496533913935 0.216444258276298 0.281282962610458
-0.0435895075118088 -0.0856777959706081 0.12912643531123 -0.050493464819801
-0.0814124473970634 -0.0265444839716695 -0.132471785920743 -0.167836159600872
-0.0306497042481511 0.020371440028355 -0.355517161067922 -0.0725862298424049
-0.0105510934432804 -0.00184105481684172 -0.354685726730697 0.174230244349552
-0.0251085443922613 -0.00403074494716225 -0.213388001736834 0.305583841556182
-0.039614187332234 -0.000196204446480722 -0.0655858469314571 0.324227641592339
-0.0556842123573091 -0.00853000994234286 0.085163059084095 0.273226260186453
-0.0549253592553709 -0.0188799342173979 0.167676121074452 0.212551211777496
-0.0460169709210817 -0.0401843604773122 0.230839008959274 0.190296136314365
-0.0204606698246665 -0.0556151711081773 0.220766507768937 0.23380750198717
0.0127577369175189 -0.0375920799804376 0.172539364209868 0.271893860281749
-0.00360771589323896 -0.0475184483097336 0.194394475009908 0.291112587129907
0.0282464707130557 -0.0829051903846624 0.241971069976371 0.302735911426719
0.108818658672629 -0.0412300651482985 0.363404198576294 0.257187988806695
0.169640325600596 0.0584757021642383 0.161351393091574 0.258265772787142
0.0690842516637558 -0.0111474882311167 0.0894019069266757 -0.0595718610322361
0.0263568930496474 -0.000168020367581266 -0.150830265907853 -0.18433039707617
0.0572541602104344 -0.00429982295616031 -0.357423930838977 -0.0901286238960434
0.051588003964803 -0.0698536615722226 -0.363808069027993 0.138336706363914
-0.00108301956624667 -0.0945622743108906 -0.241140478910854 0.277021295458932
-0.0463103997001745 -0.093337663073151 -0.0931107733069675 0.304052421389032
-0.0820439886235569 -0.109293068636669 0.0606822597061466 0.252215798227365
-0.0850085206411131 -0.123323100582564 0.144759237085404 0.178891207505295
-0.0689931408427587 -0.160852438193526 0.224160149352343 0.134298418973217
-0.00418724478299414 -0.197306414064379 0.252256558335286 0.168836952729512
0.101328293395763 -0.161198241682851 0.218424055000409 0.238577878781411
0.153911565307841 -0.10457757510401 0.209490837696982 0.289209922898664
0.202898126753235 -0.0529622439363011 0.208252732611796 0.286944558268805
0.251070156445862 0.0410233268333367 0.293207473072493 0.229447362841781
0.244704331744451 0.17780353087924 0.085409949872286 0.181385764060164
0.182637208583555 0.0789121836686659 0.0456248519851867 -0.113067591186729
0.153800178818684 0.032109020679234 -0.17789074058798 -0.232497087007462
0.157579139584961 -0.0388458430861859 -0.363332533856764 -0.117716739970858
0.114407666107923 -0.140737119723252 -0.359807230328736 0.0953591900768675
0.0224608146147435 -0.181212735161303 -0.254679841039724 0.227667922396951
-0.0481996690711852 -0.1781980489523 -0.116515250262739 0.251186110901906
-0.0973068132451181 -0.19291217750817 0.0287210683701286 0.196065299969329
-0.103655331350813 -0.207964679825117 0.107138392581215 0.112286952882548
-0.0896835431244555 -0.250988373179644 0.199343532207182 0.0475891209202044
-0.00493456189150551 -0.306918897209355 0.269096252456478 0.0694652009304973
0.148817826545901 -0.270154005315485 0.271434109726257 0.175204096769351
0.269893706096757 -0.174082379710712 0.232256971609684 0.277700538376187
0.34361710306971 -0.0393599553605335 0.160991597795083 0.277448820596959
0.357725080859914 0.108660631542653 0.186361087185457 0.181706653955145
0.292505154152225 0.268098585083024 -0.00961189072957147 0.0665094322942053
0.28460551794728 0.156331931475399 -0.0142499552544269 -0.189764790705707
0.281867224343493 0.0506914858310356 -0.208244303844172 -0.288737265179281
0.251539929271715 -0.0883130688274827 -0.357357042904523 -0.152911022924996
0.161450780991755 -0.210548204877726 -0.340304634042602 0.0337176986163879
0.0376716596981611 -0.251852939626982 -0.25494203243538 0.15189493189482
-0.0497399579734826 -0.239013862431777 -0.135842545054499 0.169127654035916
-0.096438456712836 -0.247833242929949 -0.00784302569008212 0.111834709069755
-0.102736648472891 -0.259805080619095 0.0620823456731013 0.02404277801838
-0.0900420113578122 -0.303623807979803 0.161502928093973 -0.0489874817737798
0.00121802349824531 -0.365249199007811 0.266492791275014 -0.0378881074442946
0.174571144176039 -0.32871250757059 0.307557403292682 0.103651034021288
0.338736390318968 -0.210204632355997 0.241036356458495 0.260169660742485
0.428836658073112 -0.0165752320982514 0.10155628853635 0.271178227506078
0.405138278556075 0.169131189553593 0.0583020296712777 0.118002343907071
0.299693386065153 0.310938801003096 -0.124561912585917 -0.0616832388373425
0.342793571866147 0.20002180457602 -0.0961743175741717 -0.258955512778481
0.367023188131102 0.0518671447748007 -0.23516094394282 -0.324477373905784
0.304118879382279 -0.134198549646226 -0.322753114914241 -0.186124636554959
0.179709544672548 -0.255697282437528 -0.302531228679198 -0.0483858625743553
0.0405050906710999 -0.286763296054189 -0.247070220135542 0.0542898385856698
-0.0482710955885494 -0.263517466153254 -0.15325182417688 0.0663502641478453
-0.0817717826370761 -0.265776931834239 -0.0428859849785651 0.011611060262845
-0.0798291902997005 -0.274259027506007 0.0206678522415216 -0.0739540034101766
-0.0620745869268046 -0.311701312406097 0.129070699940005 -0.141305505938538
0.0305425243509435 -0.361124524870369 0.258469990422732 -0.130082182236524
0.197457445584274 -0.314709546783553 0.326590249151402 0.0431844811964464
0.36493589666118 -0.18492528049141 0.230164902834356 0.241783657395128
0.443308613053454 0.0361857293572233 0.0346914021151399 0.253625535829273
0.385496192967662 0.215523507434722 -0.0660801330868082 0.0349196830064767
0.257385638399705 0.297707846101056 -0.23908424337339 -0.172957725291077
0.333198405242396 0.203103554445578 -0.184400460971745 -0.298610355180443
0.371298462956173 0.0402568886642037 -0.247775835108706 -0.325326796387251
0.290478080823998 -0.148424856573431 -0.264390839222326 -0.21223186384888
0.16226809799133 -0.248137046922428 -0.256489491884918 -0.138100790943185
0.034670693205521 -0.271519260970138 -0.237605243514644 -0.0519551970841424
-0.0411444267712154 -0.2440159394169 -0.170474199621447 -0.0411371427321629
-0.0542352260829489 -0.241686165508881 -0.0704121466186506 -0.0889911436199246
-0.0426315409740504 -0.247912421661549 -0.00328695480991759 -0.16767147520682
-0.0154651760937861 -0.272556898878865 0.119608707257874 -0.217672039672328
0.07320349677396 -0.29842222682853 0.262244660547485 -0.191213797709365
0.211173590687794 -0.238173369624762 0.335642794373739 0.00825128072954217
0.345347989359458 -0.104491510905738 0.204110627937472 0.218478902308583
0.388498569972948 0.104087625507549 -0.0233707245829645 0.213345911367548
0.305847963877547 0.24152977734999 -0.161911539769883 -0.0623532348925519
0.167605491738719 0.234978129483719 -0.330084872965265 -0.244505380806744
0.252809516106553 0.171302292397403 -0.249733695824113 -0.300756966873488
0.291629812719255 0.0233414824061526 -0.240801524133344 -0.304171502398609
0.211192279575304 -0.121810250289813 -0.201914676709013 -0.232135075147354
0.114555393601067 -0.181559118901401 -0.219973166713712 -0.210611249261888
0.0279682085220598 -0.200914544632318 -0.23174332501638 -0.140029142709954
-0.0236196060939774 -0.183510996104597 -0.184350082190258 -0.131008969486158
-0.0194655606166286 -0.180336545494709 -0.0876895667958181 -0.173831380293741
-0.00404685477856987 -0.185697204180587 -0.0068561134751907 -0.242940544028753
0.024831941759617 -0.194795369251982 0.1358628213603 -0.268857926366141
0.0993150903269425 -0.198064931981197 0.281956043823713 -0.21519362775947
0.192725957968759 -0.137471235012383 0.33971151139641 0.000432206596761157
0.280727939794957 -0.0148980365586978 0.176840470415527 0.189007249835046
0.281487918008888 0.153415779697484 -0.0554203117205658 0.151689184870963
0.183251287134928 0.230350645668473 -0.209073894517032 -0.160008918597386
0.0403902767719361 0.14545083406677 -0.376371726208625 -0.26746992829803
0.121650170408666 0.123075334821029 -0.273037674449066 -0.280025379791421
0.153666480871928 0.0178846099133589 -0.220884193284171 -0.280305853118907
0.0980499229969783 -0.0551430730086026 -0.166022499014993 -0.246462814804421
0.0591157699112464 -0.070130951942436 -0.206791142891957 -0.247887362207035
0.0288896690871201 -0.0941766681869664 -0.227972812095286 -0.188431544783606
0.00512342557773762 -0.0930785366374269 -0.19052675687514 -0.186287158968709
0.0165843883579233 -0.0919493084041172 -0.0908683745319398 -0.228695467496893
0.0240345161269631 -0.0978447138876245 0.00976291637598677 -0.289687058638275
0.0414693390006064 -0.0965830913263084 0.168655332799704 -0.290154237434709
0.0864726223133154 -0.0922125443527964 0.306179757040891 -0.20693425498631
0.135156775130967 -0.0555124927384962 0.339844499528917 0.0101764588396081
0.186875468446778 0.0376418099811713 0.161904661964512 0.158163395175243
0.151292659855276 0.156750079952457 -0.0544175657951889 0.0904466728929744
0.0504169837176182 0.172929887692797 -0.206580807620602 -0.235681618321698
0.067947656490289 -0.0703676518649404 0.249489411856963 0.264377017324365
-0.0515986012077846 -0.0814161503677765 0.126412652001942 -0.0659761940660939
-0.0846538605791857 -0.0176414062013546 -0.150740253676583 -0.15991712766022
-0.0281932689359017 0.0226237185338971 -0.369473012849713 -0.0386987760356066
-0.0117339565158876 -0.00207772461058096 -0.341050408564947 0.211302097083174
-0.0256650497595128 -0.00150675563367108 -0.184095990397931 0.331828503568963
-0.0396563162918391 0.00427491708304578 -0.0315103815073034 0.33629289246493
-0.0575761965650596 -0.00251011290529226 0.116394098999695 0.26957227852152
-0.0585588501867394 -0.0137712867032376 0.192613033660346 0.200582057858014
-0.0514313014894289 -0.0364023171777464 0.252154126957986 0.170568349612953
-0.0265497620426521 -0.0544622053589893 0.245873193011884 0.216667311352175
0.00947343157391249 -0.0406533485730138 0.201325470777441 0.261954882070356
-0.00726151668853535 -0.0483998837870097 0.225078925797003 0.276378910711866
0.0208771174168581 -0.0860044267545814 0.274246521470475 0.285485165658523
0.107344924788047 -0.0528557696403573 0.391260363928497 0.227657835761652
0.178211430364712 0.0414864958509483 0.191157088147871 0.245874743536527
0.0695514365229606 -0.0169444605784862 0.0868705479501755 -0.0701914548506242
0.0266940707586406 -0.00160306401201443 -0.170055214602736 -0.175121757552144
0.0580662305330011 -0.0112083467018157 -0.37186184330615 -0.0576522501652899
0.0444731745866527 -0.0775299703644388 -0.354158083021621 0.174805613015762
-0.0115725446135431 -0.0954028981001072 -0.21544407566418 0.304820223064764
-0.0572803808410875 -0.0894028129086768 -0.0624836206350732 0.317784063791218
-0.0956637776969514 -0.101775825227952 0.0886257624774045 0.250264714266523
-0.10073203502636 -0.117273153509396 0.166769507419968 0.169483984282235
-0.0883265270853646 -0.155940962837635 0.239828404279047 0.114636428453834
-0.0247815966837176 -0.199639180896241 0.270960739556263 0.146725245469548
0.0860575522821006 -0.174874328477931 0.244670776708654 0.223419469636808
0.146377781079062 -0.122300351176355 0.241945030581766 0.273796345952265
0.200384634098606 -0.0742981118461086 0.238780191430127 0.272622812390585
0.259994678449627 0.0167542280236747 0.320618600338063 0.207399482881241
0.267024466345869 0.15469642982582 0.108252150448615 0.176769985688953
0.192906201162916 0.0622445046483797 0.0391245158675473 -0.119778532244759
0.158238150475278 0.0186984341322157 -0.202725983817964 -0.220929639623222
0.156030104407356 -0.055832057562587 -0.381173290369017 -0.085419086729747
0.0995439502746699 -0.155395624291206 -0.355209434947186 0.130318637822577
0.00288097418194605 -0.185065901924925 -0.233944179186939 0.256255526551248
-0.0684710539073112 -0.174294472561342 -0.0904472732092658 0.267263871167289
-0.120148660395837 -0.185494381263368 0.049817437740751 0.196281942635136
-0.12924909514526 -0.200708958991196 0.120964182342998 0.104989976713582
-0.118694021758233 -0.246326172947552 0.205115692931642 0.0297455658947511
-0.038554870588667 -0.310062969077919 0.2772094774827 0.0425433264230406
0.122697745092315 -0.289784970988672 0.29204146199232 0.153791267514585
0.255687690530883 -0.204136711767721 0.264201485507304 0.259742666779853
0.344452951662954 -0.075760211177132 0.191339180534585 0.268523784716443
0.374569274535892 0.075554643653544 0.208338675402746 0.16960048874825
0.324418942954891 0.241952004434545 -0.000224711452889812 0.0692169126533971
0.303591830303035 0.130025039350811 -0.0281412660734933 -0.189728409938487
0.289918157240574 0.0244775747906068 -0.239183875266193 -0.275194070790513
0.245806583827639 -0.114792469411727 -0.37795417168147 -0.122469179552956
0.141448020506648 -0.230622496204792 -0.342372567459026 0.0664357681998604
0.0100593469167859 -0.258183847974996 -0.242166745798965 0.180557264750237
-0.0766872207999716 -0.236611647424809 -0.119768067668521 0.184895867636727
-0.12555493041397 -0.241516040766864 0.00284547786225523 0.114953106519858
-0.133558429456461 -0.2530893836139 0.0653192817914056 0.0201373708179706
-0.124433213971837 -0.299182822484701 0.156759542833939 -0.0642519319117507
-0.0388702331707978 -0.37005613429045 0.263370984515083 -0.0659315419394018
0.142696933040055 -0.351339850707259 0.321254828296746 0.076932322421203
0.321453060772589 -0.247945305276233 0.271919632639084 0.241770360658213
0.432648312695942 -0.0605190542187054 0.130600214046122 0.268545921935513
0.429629542167999 0.131527404927588 0.0729285616644687 0.116719482577746
0.335936592671543 0.285669758078462 -0.12901238348483 -0.0505170037798536
0.36704095439421 0.16907944946691 -0.116729210403615 -0.251780147583893
0.375627143280295 0.016604206342151 -0.268992827842348 -0.30765472571567
0.294962616455747 -0.165733082444845 -0.346918484030633 -0.160161563790405
0.155451565250546 -0.278106782499672 -0.313364945194056 -0.021019491511309
0.00870753529852189 -0.294399960378515 -0.244046090149818 0.0790715149023049
-0.0771159275775133 -0.262031365614437 -0.149039697581473 0.0822740828647967
-0.111538971419093 -0.2607916502598 -0.0433043698261539 0.0166718051869755
-0.111756656664853 -0.270443190585927 0.0127126155768348 -0.0750097396393441
-0.0978491782885801 -0.310262928498064 0.114166490930812 -0.154506126606582
-0.00884380574159798 -0.369529609556313 0.246147652937976 -0.159133389039242
0.166889542372751 -0.338998427656943 0.335963878923491 0.0132799693894241
0.350133295180089 -0.224242052558811 0.259741048449258 0.224053207639968
0.453437373016783 -0.0102608900426841 0.062027855816828 0.256558259244306
0.414263496741127 0.181397210732072 -0.062139540989267 0.0440862203613921
0.292313764111994 0.275182989565379 -0.257486732327515 -0.152349224872687
0.358866607007402 0.172055937142766 -0.210415232206188 -0.283532149421576
0.378953314368256 0.00474525156222874 -0.281284794751168 -0.307815659925408
0.278829375757446 -0.179377002557948 -0.289820707402177 -0.193117018641134
0.138629676883949 -0.268475334254361 -0.275615316923655 -0.115839568661948
0.00417104040421785 -0.277753108194975 -0.245698391168799 -0.0289392171338729
-0.0678179502717706 -0.242868098131483 -0.177727589925261 -0.0246381897935543
-0.0805627233567033 -0.239982428265584 -0.082846931828363 -0.0829586684168261
-0.0707732128432444 -0.247671018202078 -0.0226839497260943 -0.167891953732921
-0.0455494473865368 -0.274710352595868 0.0963371191830517 -0.230898827064707
0.0407177850440338 -0.309427811739465 0.242903785335986 -0.220488371240303
0.188351604390139 -0.263374154218368 0.340389416368963 -0.023465470816818
0.338125569529936 -0.139278336175468 0.230808129013305 0.203991268079998
0.403836674715848 0.0644939513786041 -0.00050755829336636 0.221032198849772
0.334292391492985 0.214831934591747 -0.169372968279199 -0.0459477986496354
0.194239761635314 0.220688317367197 -0.357833904788282 -0.216471265049932
0.273797462494781 0.147665606498675 -0.278720182965344 -0.281843837586433
0.295808603132788 -0.00430939319448207 -0.272722580859946 -0.286510824456031
0.201401486554501 -0.143808262398312 -0.229542829322752 -0.219063657653663
0.098328191852113 -0.195873881845376 -0.246378474500785 -0.192293333325123
0.00587662869279939 -0.206324804392161 -0.249076314030395 -0.119908604301984
-0.0435768373867068 -0.182710595456346 -0.201624379356682 -0.114690334763945
-0.0388123491126771 -0.181382147213945 -0.109396165282068 -0.166590456711225
-0.0240616575896944 -0.187803467857728 -0.0343452358159724 -0.244717796712431
0.00505553065614005 -0.20006713636681 0.108189954533589 -0.284993464062616
0.0784864204358305 -0.20974033801191 0.260821545294344 -0.24701950105111
0.18128428823643 -0.157984781385751 0.342962534218399 -0.0328911080192656
0.282312006774224 -0.0413528076839356 0.199526718340535 0.177068294508031
0.29966890959741 0.125924024331992 -0.0397199074684048 0.161084738825362
0.209715823742448 0.214329998752125 -0.226834411629048 -0.13946486163169
0.0564818932443068 0.142412435936659 -0.405820837522271 -0.236146899011665
0.135395857078073 0.111933298584452 -0.300843744937488 -0.25916653845269
0.155872279975808 0.00390491064401117 -0.251137037719832 -0.263324776765507
0.0932449592450907 -0.0644100317751223 -0.194822287555128 -0.237038464810772
0.0530607391118315 -0.0767119100998061 -0.236943311662865 -0.230977220425489
0.01802417552051 -0.0975820305347674 -0.251784021266512 -0.169243605343362
-0.00465496306167837 -0.0951506518559596 -0.213744504882739 -0.170373470294561
0.00825914199656665 -0.09509101641364 -0.117939901918846 -0.222140815707897
0.0151685390765886 -0.100817586113648 -0.0226643566779455 -0.293257001184556
0.0327913482251308 -0.101382770208382 0.138590611366873 -0.310085589196927
0.0779983162843287 -0.101763894941933 0.287840739789138 -0.241142024475529
0.131956523704849 -0.0691796823677056 0.344198500157513 -0.022821541850789
0.191287332354287 0.0203472286593348 0.18049856447287 0.146724066568637
0.16814567458733 0.14317123510976 -0.0450443837924527 0.0982001086764057
0.0680622702672114 0.169163901131286 -0.232298153902082 -0.217213016134742
0.0597751057492086 -0.0750700982311346 0.266173805988834 0.231988347822506
-0.0547266730201718 -0.0734797245351007 0.116718022517218 -0.0775184819776537
-0.0820589219410206 -0.00892502961560799 -0.160179221168152 -0.143561499997995
-0.0246789747537409 0.0230704044169602 -0.361326638440453 -0.00430668793115772
-0.0117765959745316 -0.00214049958518447 -0.309746547963422 0.233156224470525
-0.0255461036617459 0.000967375893488358 -0.145010707416422 0.33656724607884
-0.0374453174154285 0.00791858006561279 0.00214346289132403 0.328542920671893
-0.0553784392441031 0.0032779546082351 0.138643809516362 0.250020573081862
-0.059436441886331 -0.00738451896593066 0.20656517177191 0.177446132532876
-0.0547754412396522 -0.0307690016053417 0.258179078957712 0.142201127145719
-0.0304678857868652 -0.0503358203904274 0.257470574617496 0.187159356478907
0.00582059197767488 -0.0413570481882797 0.218240754257538 0.237919928837433
-0.0107489917011898 -0.0468588151316751 0.241379255605549 0.247509115205809
0.0127917242479696 -0.0840929026621775 0.288136796886095 0.253454799848938
0.0997499743033212 -0.0609636690849367 0.398934509053255 0.187636438240703
0.17664458762674 0.0227708634580808 0.209929263899853 0.220456645569528
0.0667085958062269 -0.0221727647646139 0.0799111912926427 -0.0774480008059504
0.0263791722837429 -0.00300001181167314 -0.180062689883435 -0.156500737727324
0.0552034224881115 -0.0166531775396628 -0.365547637912737 -0.0230593273717773
0.034470083373943 -0.0796503619724219 -0.325231968890349 0.199050568200307
-0.0207714827818255 -0.0901584627126389 -0.1780503565176 0.314339047076676
-0.0637944147199714 -0.080819983722113 -0.0295788654565403 0.313831219496591
-0.101905210414931 -0.0889047580692899 0.110466952303448 0.234244133079148
-0.109849140228028 -0.103353175620845 0.177170390385146 0.149277801093668
-0.102165830395255 -0.14312466109004 0.240396561402194 0.0902984484864694
-0.0431561474976219 -0.190202464563766 0.273314008621028 0.116553044983408
0.0665020047110326 -0.177213638709814 0.256849310098826 0.19544521752369
0.130606565397727 -0.132013617236174 0.25793718182157 0.243325271316108
0.187251298698475 -0.0891762772486442 0.254021738275118 0.244549377264108
0.253564299659569 -0.00612306464212268 0.328254264695695 0.175267899525133
0.272993546558412 0.124485525015679 0.123763274194978 0.161199556892808
0.192107854760244 0.04290902342406 0.0308744602061939 -0.119912804539822
0.154669671113454 0.00488883617046661 -0.214997724665421 -0.198168435348036
0.14508782359913 -0.0685413852788146 -0.376516341147226 -0.0500334940463652
0.0806460005999271 -0.159423832492388 -0.330654737405226 0.15587742782211
-0.0155832433039399 -0.177605506674272 -0.20056435851194 0.268058757102942
-0.0832710380018868 -0.161961488777641 -0.0619330723259908 0.265585472582705
-0.134290581876268 -0.16763096434792 0.0676655923320142 0.185684490182995
-0.145630751400891 -0.181059706849706 0.127135533282918 0.0920760342265881
-0.140162377460997 -0.227086391176363 0.199428400483103 0.0122560527136015
-0.0671336430740626 -0.29567410204527 0.269770660498993 0.015909091956744
0.090802388524282 -0.291629901724788 0.295094318581801 0.125023819294505
0.227304950860188 -0.22029008191316 0.279295055674373 0.228468211727059
0.325445210808318 -0.104690404395213 0.208943184799026 0.244426284679148
0.36986436577827 0.0407296929074737 0.217915816726759 0.147994153230194
0.335916368333876 0.20329022874259 0.00911947191401833 0.0664371270098439
0.304740548453496 0.0981163017815377 -0.0390122038527439 -0.180732940533457
0.281655823158519 -0.00114318750173637 -0.254489192494907 -0.247429713018692
0.226407083983569 -0.133385241479067 -0.376440290040378 -0.0863977174976519
0.113497959050737 -0.235648841755211 -0.324773179936172 0.0925932567661426
-0.0160505940593575 -0.248821140060275 -0.216290787896793 0.195733879606519
-0.0972749847266549 -0.219872968155671 -0.0974405331347901 0.189652013069585
-0.144832526337772 -0.220818127098599 0.0136541031419428 0.111561226016408
-0.155613587751431 -0.232179690566833 0.0648227603068238 0.0148250978401976
-0.151374341624039 -0.278188826594232 0.144476741426217 -0.0738199251446161
-0.0739897700607857 -0.353089825923523 0.244873360757111 -0.0876893364546788
0.103693444278442 -0.352361078969054 0.316322577550837 0.0479446031615936
0.287199498547261 -0.2687456029764 0.286012652172725 0.210235817175715
0.409968066782462 -0.0990406900435872 0.15225793494699 0.249335657020279
0.428284081326477 0.0897870993144499 0.0828847546410727 0.108433449940222
0.352084603399238 0.243992859889282 -0.12576861516864 -0.0374197637123667
0.370543364471229 0.129480575818059 -0.129575660955294 -0.232830128348423
0.36307691103598 -0.0163404488992214 -0.285805359222451 -0.274764909227655
0.268604849039709 -0.186810604968435 -0.349843839716248 -0.12564697546793
0.123064375071382 -0.282845828250528 -0.305346352579512 0.00707454854592643
-0.0209307451792782 -0.283335313640933 -0.228300381221907 0.0988604571337717
-0.0996296670300846 -0.243819432498379 -0.135665107598361 0.0929345923257272
-0.13396111825613 -0.241456090941581 -0.0413959191842812 0.0206169589819808
-0.135746601644532 -0.249256598430282 0.00444609801193567 -0.0716103823989278
-0.125837945482967 -0.290104222869425 0.0940275778054682 -0.157267473873146
-0.0459302959925718 -0.354119978337602 0.218764555455798 -0.175396607622498
0.128646998637349 -0.342135232629897 0.324145612084413 -0.0153390375586887
0.316506484601479 -0.24785255356009 0.273018547318954 0.195485052673837
0.43500366593279 -0.0523477334426285 0.084912021188786 0.244165426918422
0.417057852576375 0.139326091921968 -0.0539823184420899 0.0492676821560118
0.30791340923597 0.238256706680862 -0.25967529574919 -0.124838736771626
0.361818898909231 0.134950581797954 -0.222126912412628 -0.25651866767766
0.3647019785972 -0.0283115657591418 -0.297528409687774 -0.273733052590333
0.252181160547262 -0.198016264760155 -0.297981249590987 -0.163104923308965
0.108180254323187 -0.272379605520937 -0.278047593367529 -0.0870157088631009
-0.023403755226423 -0.267144157207946 -0.240350232190847 -0.00605298256243337
-0.0897019056009449 -0.22711166287801 -0.174230360032947 -0.00786852902346122
-0.101401461251585 -0.224384187225534 -0.089187867377555 -0.0719710671148941
-0.0929992911960015 -0.231879695630716 -0.0389422799961262 -0.157749637409013
-0.0714957292483203 -0.260980771921608 0.0702086074722106 -0.229953413553833
0.00842543505758935 -0.301537168359386 0.209938390244285 -0.234918888151127
0.156719114992123 -0.2704880093541 0.324936907914813 -0.0519888587296669
0.311913697217421 -0.164459971549302 0.242978075394214 0.178714111315301
0.394202426411004 0.0231900729438951 0.0211566870311262 0.215130364481051
0.34264538988116 0.177677654470696 -0.165918199841755 -0.0279902134631734
0.208578727219458 0.194524423733557 -0.36460722250683 -0.179058505026815
0.277278703704407 0.117612914798935 -0.28913039337281 -0.248673042165351
0.283291977948698 -0.029864320398792 -0.28702534523471 -0.252914151206643
0.181488979226793 -0.156711882483131 -0.242516889628392 -0.193460677777875
0.0764114580977008 -0.198093917585812 -0.257272603946536 -0.162947591031346
-0.0156971359071368 -0.198162532507542 -0.252593049680836 -0.092909403196131
-0.0601464418280865 -0.172052490432726 -0.206865729065827 -0.0925420213911199
-0.0543856621713504 -0.171748047925144 -0.123513596335208 -0.151022017022329
-0.0413056594533103 -0.178419549607575 -0.0576391318608372 -0.230551056855111
-0.0149622808218164 -0.193116489184137 0.0763677227374127 -0.283231928673724
0.0547880046798187 -0.209454902655708 0.225757154700928 -0.262515574204737
0.15984077756235 -0.168393107817636 0.327428373480452 -0.060576932874363
0.266257640464098 -0.0643756189521313 0.209703696667379 0.155254971685766
0.299690092158005 0.0928860582250881 -0.0219338811719135 0.160460234490324
0.221594932875501 0.18705686421795 -0.231371644046391 -0.113329569985875
0.0680003238108758 0.131166040374404 -0.416571072854982 -0.192500630767792
0.140751219496451 0.0951629038572533 -0.311074289046517 -0.226569252299899
0.148988933206691 -0.00938475393669271 -0.263933584114446 -0.232683813481338
0.0842672358472463 -0.0695237641713635 -0.210755114468354 -0.214122134538854
0.0447814650944528 -0.0782955264388178 -0.250334914033951 -0.200016290557039
0.00664582150073098 -0.0951438370807792 -0.259619850843246 -0.142034822535304
-0.014058298991324 -0.0910949545085684 -0.224045131565717 -0.144926924019562
-0.000179920301059333 -0.0933445297625782 -0.13682041460006 -0.203627391964415
0.00516272283169463 -0.09828431445413 -0.051771512761691 -0.279043911945685
0.023288687172022 -0.10048498761465 0.10395948951895 -0.311074455959891
0.0651579722002593 -0.105340787743942 0.253892657363408 -0.257926548608633
0.121022040768474 -0.0788377417442158 0.329562904265478 -0.0509613304866643
0.185467152593306 0.00343211189322469 0.18782353607803 0.127208342524734
0.1744944268943 0.121012003924325 -0.0338620263977466 0.0995964875893771
0.0803599063797362 0.15555457222687 -0.243653560284433 -0.187365726280938
0.05360910955942 -0.0743744850524704 0.265068441387264 0.204592665881889
-0.0537929554525426 -0.0661534819000329 0.106202453247528 -0.080701842253918
-0.0755901586273327 -0.00445038181398791 -0.158827071427189 -0.12969192815348
-0.0221060991902144 0.0214291864204255 -0.342107333909547 0.0138716571174823
-0.0117797169358356 -0.00234126785854782 -0.279611004989507 0.233509089282534
-0.0237693827034552 0.00203936009361043 -0.117222374482508 0.323742767303607
-0.0350973167822747 0.0094262389466257 0.0213717319202634 0.311155324281864
-0.0521271747124612 0.00604412043467335 0.145847233157752 0.229610846608703
-0.0573920355134189 -0.00331227958941287 0.205638252478073 0.157935767285637
-0.0546460415091253 -0.0259629626428603 0.250286611155611 0.122223391527421
-0.0309210009517971 -0.0469214783928315 0.252413159244234 0.16510006047571
0.00316670953567787 -0.0404572111118019 0.218335729354014 0.215766050606189
-0.0115922507645793 -0.0438754840483276 0.238469317635875 0.221928824155278
0.00843908489993911 -0.0784291090825165 0.283332862813522 0.227107388332528
0.0921998811182311 -0.0622665241905504 0.385893919594108 0.162014134859251
0.168608558821716 0.0114409254954836 0.211713884347071 0.19714810791144
0.0622548050302809 -0.0239619703975731 0.073043125682996 -0.0781932551350959
0.0257940679911653 -0.00313500316096285 -0.177827137680834 -0.1411158172872
0.0518534776376077 -0.0194797310160416 -0.347323313291204 -0.0053110094428148
0.0273157156778411 -0.0778998483644638 -0.296577602774278 0.201973222838
-0.0250230319368425 -0.083621534221771 -0.150182607175678 0.30433766874138
-0.0644669901938531 -0.0730067543891663 -0.00936129556763495 0.297874600743456
-0.101162015725653 -0.0785241233143268 0.117684675228441 0.215632467425421
-0.110899704206497 -0.0913694936883308 0.17655967163773 0.133203978084465
-0.104920088364012 -0.129532827221947 0.230745612031905 0.0743429128723312
-0.0510712047853568 -0.176900311467192 0.262728969264542 0.0972559021800428
0.0532738256345257 -0.171105040859359 0.252243647863389 0.174181618599575
0.116452491265497 -0.13107902703792 0.254600593961887 0.217445385113196
0.172251584334193 -0.0925720077217798 0.25208752161092 0.220335307343354
0.240599985912037 -0.0171902272325755 0.319553352060621 0.152375564970104
0.264463213210907 0.101828263403161 0.127265534696678 0.145125289345746
0.183838848958478 0.0315115299732713 0.0266868065742949 -0.115477418288455
0.146237392560695 -0.00200522360512972 -0.211674997645281 -0.17843321588659
0.133574117562727 -0.0726449664599088 -0.35826621064255 -0.0299389609096615
0.0667056551821672 -0.155570445330597 -0.304661647344813 0.161483836390508
-0.0250359439216973 -0.165973264916624 -0.17469915199546 0.262521869637868
-0.0873809419661822 -0.147302614941684 -0.0430407230847557 0.254284028898085
-0.136600933591879 -0.15036815849057 0.0742272528206884 0.172411452497347
-0.149359604451637 -0.16302830635258 0.126001385348006 0.0819940642243095
-0.14689073802288 -0.207493272868901 0.188023014931123 0.00321659970022702
-0.0802664605418695 -0.275265483684008 0.252546550034187 0.00237034893583116
0.069756355085907 -0.27968740610099 0.285575085126307 0.106470332936881
0.203304666129078 -0.219163962042553 0.275349638629336 0.203305594058978
0.301583938631767 -0.114474199179014 0.210554116554513 0.222220370376997
0.353144293364681 0.0220034438647384 0.215120956430766 0.131077155079236
0.327843542529164 0.173060150051808 0.0154252175446071 0.0610369278160562
0.292110320458866 0.0779374928422664 -0.0398759858156255 -0.170131104150878
0.265080457055655 -0.0147019237538779 -0.251383414320798 -0.222785227152118
0.206400347060969 -0.137793795305499 -0.360278884687329 -0.0641945164474365
0.0933252910272662 -0.22920200631895 -0.302470309173781 0.102644092214008
-0.0300120694624949 -0.231897610801624 -0.192342212682512 0.195506088712115
-0.104297407127367 -0.201853365158569 -0.0812170010039513 0.183688919558101
-0.149744281615583 -0.200598719752117 0.0187720810900324 0.10501731359442
-0.160722342790514 -0.210131961796948 0.0623154443148985 0.0126288760871134
-0.160167374154034 -0.253780622250266 0.131304573927395 -0.0746237743296276
-0.0910423018139884 -0.327825576148753 0.22331984576054 -0.0941010932056465
0.0790390566134401 -0.337341729450252 0.300980116451463 0.0318002489406077
0.256409755115853 -0.267626729769487 0.282276292367204 0.18639293365552
0.382494392367584 -0.114473066576171 0.157143874113651 0.229946827446139
0.410423428906921 0.0653955443193169 0.0860899991764579 0.0986839810988232
0.344997600914476 0.210352610982545 -0.117636099291681 -0.0307450929654018
0.355563968299811 0.104354196157295 -0.127409936421681 -0.214801662118309
0.340861697141303 -0.0325246392194616 -0.281509661701713 -0.248141582226918
0.243625689676561 -0.190913214281892 -0.3370453493986 -0.103130620890524
0.100060488156906 -0.273712987796525 -0.288443879369031 0.0218099910098981
-0.0369327529666398 -0.264087020572702 -0.209816401115483 0.104720874569816
-0.109033922293776 -0.224256710740688 -0.122808491354275 0.094501033039734
-0.140536264011929 -0.220897385258576 -0.0390030633425296 0.0224501303736783
-0.143355908148888 -0.227565711936172 -0.000245208720180697 -0.0659096999247406
-0.136190096398765 -0.266870824042167 0.0799980723868841 -0.150892749921476
-0.0640908760085085 -0.330767052114856 0.19348275852153 -0.175749970125529
0.102094714491331 -0.329561559228603 0.304315687923889 -0.0278422441056715
0.284789380851363 -0.248075356318258 0.269639309953905 0.17255087922251
0.407911368768849 -0.0716200345438865 0.094581995621095 0.227670377557459
0.402100848557101 0.111589929150232 -0.0463525459772007 0.0504218115791907
0.302941442938145 0.207980727577978 -0.249103425340701 -0.106672112486804
0.347826649309401 0.108973494102297 -0.217053813424654 -0.232070440369188
0.341618146564216 -0.0437361812987653 -0.293054955816369 -0.245886829404303
0.227997802067891 -0.199846041155353 -0.28953157499696 -0.140501758237623
0.0868384268581266 -0.262541876761156 -0.267380373278681 -0.0676362011374956
-0.0385169256001397 -0.248593970805386 -0.227312557886277 0.00614271098913281
-0.0977891747617902 -0.208659582829064 -0.165650004373913 0.00168870156572419
-0.108809281707763 -0.206379862239614 -0.0892048339842038 -0.0629650195025805
-0.101778175630653 -0.212716529518136 -0.0465419025436668 -0.144867783056419
-0.0830604669912533 -0.241598762615622 0.0527251107707517 -0.218551609381535
-0.00992596509212717 -0.283247955818824 0.181946058772147 -0.231985171588048
0.133199040582981 -0.263507437040287 0.302728512570182 -0.0626461553847224
0.285063352317371 -0.169199591260451 0.239401690585668 0.15756370511539
0.370600009760025 0.00162631406059676 0.0331907173229076 0.202383445242713
0.332429321009816 0.151373213121265 -0.156567003833072 -0.0173799944877351
0.207145391496586 0.171377237923788 -0.352036908728477 -0.151949417685445
0.266925741437524 0.0969792290987534 -0.281294032438298 -0.222966623949692
0.264709721152199 -0.0407031996542696 -0.281771185865071 -0.225817020047956
0.162647145836146 -0.156107780388402 -0.238698885922045 -0.171868798912238
0.0614765944176936 -0.190948548744213 -0.251198142259091 -0.140609852915955
-0.027403391093062 -0.184776564625286 -0.243756301196981 -0.0748778457171966
-0.067106475689629 -0.158467070659282 -0.201455343985717 -0.0761678546413398
-0.0608544667701545 -0.159738410094608 -0.125905289518257 -0.13559921546329
-0.0488682626959453 -0.166165542126929 -0.0677993464503967 -0.212053690463873
-0.0246385336776591 -0.181123597407562 0.0556200693872569 -0.26960686438867
0.0393039225133245 -0.199569250710649 0.196559662009502 -0.25818499237875
0.141471038182496 -0.166518927586846 0.304669764242908 -0.0721362011168678
0.246797435082262 -0.0721867488135121 0.206854781643317 0.138124414738982
0.285747626571599 0.0718326195720714 -0.011365883472595 0.153148249480644
0.21760769908123 0.166417911217994 -0.222742395213551 -0.094782176015741
0.071117141653716 0.118907502915367 -0.402693317415699 -0.165043393714729
0.137152574682701 0.0826538213604197 -0.301680841369581 -0.201637548029989
0.138823998533345 -0.0152336075684569 -0.258970167665957 -0.208222422187242
0.0761974645415474 -0.0692815800432279 -0.210786757884807 -0.193450312946229
0.038607470567068 -0.0763258929494568 -0.247104327828476 -0.176423826923273
-0.000225965507041119 -0.0886212968487967 -0.252884135224901 -0.12086054410174
-0.0188692472663336 -0.0853502829212073 -0.22036693664727 -0.125276867836135
-0.0044727032766674 -0.0888286474584846 -0.142299938903874 -0.18444150123567
0.000490549251462854 -0.0926080896167881 -0.0650334899438321 -0.258314551699253
0.0172878028307053 -0.0957740778610006 0.0808540817062525 -0.297083391971541
0.0550856971734812 -0.102346744403796 0.223560753146166 -0.255540594237163
0.1094125426958 -0.0796683832794323 0.30781364808244 -0.062762582792048
0.174224192146394 -0.00440921749237456 0.183916456842364 0.113830915307367
0.169061691974774 0.104998459568933 -0.0256402541624288 0.0964622674536059
0.0823866112349025 0.142382947255392 -0.239395623613549 -0.163902747398146
0.0505549386200473 -0.0725750089474589 0.259159946089723 0.192946320929968
-0.0509462955749878 -0.0628781275561304 0.101355267933752 -0.0801816748024462
-0.0708377910167483 -0.00413078411828935 -0.154131179987522 -0.123921698913928
-0.0213911089414905 0.0200492107829843 -0.329061861919006 0.0162064837033053
-0.01228314549325 -0.00331942179715402 -0.265226948474153 0.225287311643049
-0.0225732150774872 0.00224253874297214 -0.105988846815643 0.310623129182063
-0.0328545534304363 0.00901318826085695 0.0273635704878721 0.297766649959664
-0.0493334050140916 0.00614533636686456 0.144701607928577 0.218243510311891
-0.0555250404444736 -0.00159537303144929 0.200682401757209 0.150029313313497
-0.0533973576800596 -0.0237408506605786 0.241074530772799 0.11576291273712
-0.0301403527312783 -0.0451447294942593 0.243600883778437 0.156995371450721
0.00266105821206252 -0.0390368130051029 0.212361792927516 0.207149799556334
-0.0109243261900279 -0.0423833878788615 0.229717247095346 0.211355820983319
0.0084424621193983 -0.0740579777125306 0.272544731938928 0.216932727551579
0.0881590545576157 -0.0602779405330401 0.370883318375287 0.154485635712838
0.161765783936618 0.00848085143704674 0.208539746636288 0.185597728624335
0.0603131830493142 -0.0235288217987212 0.0710635144148181 -0.0774548878352001
0.0258187480487902 -0.00329492699976128 -0.171950070391835 -0.135795968240891
0.0488827679545246 -0.0201425967542269 -0.334082896153955 -0.00165699324377928
0.0240437031718513 -0.0755615373457507 -0.282099651405476 0.195010745802844
-0.0252852210869712 -0.0796117963994963 -0.138183246576942 0.292736303922577
-0.0627510682524596 -0.0691111847608759 -0.00295025559525024 0.285847752791374
-0.0981926179808503 -0.073907468606445 0.117292995453603 0.206459567517249
-0.108711786815946 -0.0856364591876963 0.172692121110508 0.127002198139914
-0.104198382033142 -0.12240258301317 0.22152251987813 0.0712585794039503
-0.0517642839471312 -0.170000375378221 0.251713343494775 0.0919391777838057
0.0488137813510817 -0.165776975298606 0.244256987509528 0.166155395160621
0.110558583009256 -0.12748323017545 0.246380688435445 0.207146283112243
0.164671077646494 -0.0896692974517861 0.243685691167943 0.211689494010617
0.232096084873034 -0.0176479772628222 0.309456747742 0.14516759433766
0.25380204947807 0.0930556419098985 0.128032810503325 0.135906334881036
0.17684506725166 0.0282710238798177 0.0281521449441958 -0.112289303308516
0.140662538176108 -0.00278736836329279 -0.205236816452113 -0.172037530021132
0.126853961772008 -0.0717698208202702 -0.34501214313148 -0.0263225141691776
0.0606703756201673 -0.15010771316038 -0.290003998579536 0.156489315390958
-0.0273684445435374 -0.15789734550067 -0.162108317744662 0.254120235583358
-0.0860174895907393 -0.139949223635882 -0.0363757719860674 0.244102331104575
-0.133484291765369 -0.142670066308524 0.0741011925383367 0.165448507225402
-0.146808834120053 -0.153140143976091 0.123098596477558 0.0787456357657083
-0.145802652512215 -0.196520420327992 0.180022633708238 0.00304058131745632
-0.0818887737780813 -0.262429716050567 0.239935687020719 0.00104708905071992
0.0629381740804158 -0.269773434695236 0.274829379224175 0.10067030516642
0.192757681028183 -0.212927940102946 0.266911458987294 0.19327676198467
0.287954588194171 -0.112527567242603 0.205318931773544 0.212895246612631
0.340885380117873 0.0188943075356322 0.210188987618889 0.125204012457224
0.316103809160354 0.160339733002949 0.0193898453462052 0.056644931029175
0.281010609448967 0.0713249752483777 -0.035531367270951 -0.163773840275235
0.25456865455618 -0.0150168689221784 -0.242089924824084 -0.213692189460884
0.196296921932811 -0.134955100953429 -0.346781862456944 -0.0593324609306635
0.0845621580577313 -0.221694849049082 -0.288719010788264 0.100180445449954
-0.033479041387257 -0.220962487260513 -0.181624821041372 0.189857710200438
-0.103781995399752 -0.19150691490766 -0.0741782197968668 0.176792302054283
-0.147415110417002 -0.189799319538916 0.0195643891769863 0.10151962911271
-0.160086895291317 -0.198281811094799 0.0605991217038319 0.013029012168652
-0.159791659984851 -0.241688670089936 0.124329809019992 -0.0707374093763938
-0.0930542424982383 -0.31290327088258 0.21026617309425 -0.0921084081023003
0.0704262366882469 -0.325133709375783 0.288579159632827 0.0296682331994255
0.242607417393323 -0.258890581763789 0.274030032700778 0.177452452483406
0.363568727304114 -0.113324080434219 0.155835139441842 0.220254256398033
0.397032616142239 0.0590661353088554 0.0861184491897283 0.0953524997066176
0.333387796075406 0.195180660243069 -0.11037884523377 -0.0299112293937352
0.34115387299919 0.0958765967127121 -0.118519436339407 -0.205748760103167
0.32648077792167 -0.0336824752883704 -0.271663881817809 -0.237621895493201
0.231096668306032 -0.186386208366525 -0.324735566613244 -0.0974590125867455
0.0909526565489739 -0.26422476311294 -0.276991965373121 0.022698898310241
-0.0405525636774148 -0.251162652847425 -0.199074322097795 0.103134009023267
-0.108732968659775 -0.212944062314682 -0.116639828338035 0.0918621800402394
-0.138838389317737 -0.210210677605605 -0.0376914497255854 0.022540199837303
-0.141991900952785 -0.21646246800744 -0.00111624758506761 -0.0611062743078137
-0.137794105802971 -0.253345378364844 0.0739244587853621 -0.143395870700253
-0.0685135663109553 -0.315815918709757 0.179896148966133 -0.169501023642402
0.0932133849545984 -0.317590238044856 0.291074047608887 -0.0281057404693606
0.270348841708369 -0.240546553192208 0.261444036980171 0.163974484403175
0.388546228101985 -0.0748261650178482 0.096042494505164 0.218794691589295
0.389702660291151 0.103309508587853 -0.041782836457363 0.0487873742878233
0.293094340727678 0.193869033705839 -0.238193813778394 -0.102012160464813
0.334063086454699 0.0996404510281412 -0.205623281450202 -0.222973777936031
0.326551290042152 -0.0438226187225811 -0.281682185345727 -0.234985309767361
0.216133208077315 -0.194487645707295 -0.279357877008769 -0.133488548165906
0.0784776058644391 -0.253684565485461 -0.257790994588513 -0.0626471020020815
-0.0420752940834111 -0.23591995607109 -0.217874551919259 0.00898443689640803
-0.0979728353243659 -0.197636210988749 -0.1598687530405 0.00455021194534223
-0.108040683812618 -0.196713961708622 -0.088392418923379 -0.0583262929106346
-0.101355123941965 -0.202276328284641 -0.047664113783488 -0.136449081605838
-0.0853902545303373 -0.230308702299406 0.0470618601652524 -0.207610907723496
-0.014934850053709 -0.270378841535236 0.168554862705045 -0.223140455196681
0.123979434486108 -0.253469601957681 0.289149100343007 -0.0620032622464111
0.271162500193722 -0.163997136527867 0.233118062339167 0.151244331562179
0.355260700225071 -0.00356648051579123 0.036060594886571 0.194684368717278
0.321294724615954 0.141819082283623 -0.148871987454097 -0.0142295120760056
0.200669034779264 0.160926132750455 -0.33962652806973 -0.145238584207294
0.256769074426143 0.0893697112332168 -0.268946317707551 -0.213441036497508
0.252531473692493 -0.0403935013879786 -0.271647708470079 -0.215948810335546
0.154320690220129 -0.151701162988712 -0.231187256954732 -0.164486586198114
0.0559895602648064 -0.184403656299579 -0.242277017722156 -0.131991120716681
-0.0297581102124335 -0.174619460516544 -0.234802642453937 -0.0694734966219246
-0.0675017770407024 -0.150152057125417 -0.195332809833633 -0.0700455912570141
-0.0609834073705437 -0.153659191724418 -0.125935487376056 -0.127393003375585
-0.0494437848113851 -0.158138316622149 -0.0693462800965182 -0.200999431875159
-0.0266687527674906 -0.173042918497345 0.0488895967659322 -0.257341925909482
0.0336337436168688 -0.190320845711017 0.181933448218719 -0.248847141182475
0.133382431453845 -0.160721985260878 0.291720180391961 -0.0710794851324025
0.235729606055576 -0.0703236808481374 0.200446081419322 0.132400853597682
0.27334596308127 0.0660032992050593 -0.00750735895301593 0.147155118588047
0.210490325840233 0.157293267349689 -0.214332667297523 -0.0876233249991992
0.0691595493006057 0.112434008490803 -0.387459984474257 -0.156203570170528
0.132265268162901 0.0773228717962923 -0.290960876829416 -0.192843059622357
0.131473985582187 -0.0143626074062195 -0.249527964382535 -0.198746457500442
0.0729192721449707 -0.0668207857419764 -0.203996043590621 -0.184735045532063
0.0365897149152167 -0.0742838703961517 -0.23895741837092 -0.166522868008126
-0.00291623967860122 -0.0829456401433926 -0.244773082894786 -0.113185932210452
-0.0199771620716687 -0.0804096223367286 -0.214869037000174 -0.116933554384462
-0.00503064120253305 -0.0862541055252019 -0.141746112842854 -0.174827487770668
-9.72994447186043E-05 -0.0883563375222994 -0.067708957912782 -0.245052307378505
0.0156661889418855 -0.0921400770197618 0.0725519517326414 -0.284925067343372
0.0507224973385209 -0.0983572521733889 0.209243626777278 -0.246420249116978
0.104270221826935 -0.0773820595826695 0.293828850536772 -0.0626828119100486
0.166460635803405 -0.004260190570527 0.178097925461922 0.109759491967713
0.161514076323166 0.0986241273231078 -0.0226246471652134 0.0921740813713157
0.0787725997778669 0.135585775200411 -0.231019043489959 -0.153625749935346
0.0577426336028092 -0.066010910811673 0.237828425918528 0.2273263609479
-0.0395345178201768 -0.0682081818784177 0.116263443320001 -0.0682214939912547
-0.0667775316896398 -0.0144298827185115 -0.133903649224709 -0.147117777685692
-0.0233812281018407 0.0142162040847749 -0.323375392997862 -0.0265334330793888
-0.0138938168185338 -0.00679776109976813 -0.287320630990935 0.185277381564491
-0.0201849309960482 -0.00282141167363422 -0.143449096716887 0.290787317853147
-0.0323367713214451 0.00442252347494911 -0.00627825911503564 0.297923142677085
-0.0478082943720617 -0.00075969691473241 0.113313098957632 0.236508111707667
-0.0513746214985697 -0.00972234469195073 0.178289325078547 0.178856710005455
-0.0470841651562132 -0.0312791692279112 0.220548246211613 0.151311839216695
-0.0197192185335209 -0.0499234052532413 0.21685622657694 0.192753953050193
0.0129243244082771 -0.0420491082381499 0.1795300525569 0.23967707911834
0.00238212756855476 -0.0446075939760615 0.192049401058716 0.244331476229852
0.0242503957227406 -0.0718557095827706 0.232832170549469 0.25769106429578
0.099690775658007 -0.0491454765480117 0.344288538273826 0.215579767330592
0.156798041856072 0.02666718972852 0.18022620023291 0.217656264418669
0.063575831395088 -0.0139005982402815 0.0824400239123214 -0.0654363198065921
0.0276758369418317 0.000667141156235526 -0.152954253456388 -0.156410955602069
0.0504588829912551 -0.013990132001337 -0.328175462031758 -0.0412165624413077
0.0321551393310398 -0.070783767355094 -0.300811420703287 0.15711748317021
-0.0118081624092893 -0.0822970590839405 -0.170550403822037 0.271220318201222
-0.0506087196474229 -0.0763867510528065 -0.0341028094857905 0.284334255753396
-0.0854240386310054 -0.0870759535259985 0.0873198708942612 0.220515296808573
-0.0918116661028461 -0.0988190020053174 0.153027117179465 0.152471993933368
-0.0837039369275397 -0.134965931223989 0.206139336057031 0.10645673111597
-0.0230849234445692 -0.174292406050197 0.231304039937066 0.131142358442396
0.0761544740262124 -0.158801827247509 0.215688490714679 0.206218571184262
0.132866909687176 -0.11037753081876 0.208106423293034 0.241183648870637
0.178042495305111 -0.0640799373409771 0.204887281845781 0.244286046111814
0.234267520497648 0.0159294146601541 0.284256839710439 0.19555769524483
0.236735214662385 0.121925834404075 0.0983108435579701 0.161864778975102
0.169767676676265 0.0526740145021547 0.0400757923825393 -0.10223535122555
0.139280585980456 0.0181140164205361 -0.183998402499448 -0.191744537285342
0.134670298882311 -0.051974731882881 -0.337721444266975 -0.0636128149999288
0.078663941954383 -0.137506292697644 -0.304724384300619 0.122146064438319
-0.00313650267216048 -0.157815987679694 -0.186546405434277 0.232993475858297
-0.0649627765916946 -0.150098223099716 -0.0623374168786215 0.240642417123468
-0.111458683771169 -0.159366314286888 0.0501930459145629 0.173088403022692
-0.12105892934941 -0.170366323089256 0.110629314149173 0.0976491731543154
-0.114955940797996 -0.213139824131236 0.172612868691911 0.0344579738669395
-0.0407853428358698 -0.268718628565655 0.230785190298302 0.0403403685279133
0.104628653105614 -0.258323224128181 0.254283590516156 0.146236503241397
0.224041707036323 -0.182218006482967 0.229467042528372 0.229514354990073
0.30130774949652 -0.0672198874930155 0.165155843859956 0.236478371465262
0.335148083353588 0.0711840040237215 0.188855356956668 0.157093700510478
0.290464749082187 0.195126122574319 -0.00660992558326965 0.0711211748619027
0.266335937591331 0.109600215728312 -0.0201816795770502 -0.159048067787538
0.252826064811088 0.0214206773267945 -0.219009354824462 -0.231578159496432
0.211708199353186 -0.103487930065793 -0.337062582330147 -0.0922144155579804
0.113618852189344 -0.202599343965881 -0.296465230679033 0.0704974182664773
-0.000298944285562524 -0.219055084249892 -0.195438376536863 0.169339574702819
-0.0740681773668437 -0.203071306864971 -0.0931305791280208 0.171137641618908
-0.118728412879488 -0.208844538895252 0.00571562677177957 0.10184322022243
-0.127440635707164 -0.216017148181135 0.0570659003426008 0.0243282198873964
-0.122908846534041 -0.258456375875523 0.128203278175027 -0.0459711719579551
-0.0457446336952881 -0.319598125362868 0.213074470307166 -0.0541415084185988
0.118848813054636 -0.310692637685896 0.278429471791874 0.0785663537089395
0.279111240704517 -0.21963977529072 0.238606847367869 0.214909204600739
0.376036196876808 -0.0568823815707108 0.114958371416341 0.233922823425533
0.381502893310321 0.120523139104874 0.0705214077073824 0.105062799036546
0.303164455101689 0.231888002059219 -0.127412537107965 -0.0310223330673908
0.322913474952052 0.141730936784489 -0.100293749851786 -0.210081439474971
0.326581256543438 0.0141051158878467 -0.246733483123856 -0.253673631807453
0.253358716199144 -0.147708368482082 -0.310640668909699 -0.123669714380622
0.126670393828624 -0.243240239363978 -0.273539577578771 -0.000536501125153102
-0.0033059324287646 -0.248453460236104 -0.200730385659099 0.082063591417298
-0.0771727235455922 -0.224195579261343 -0.125219263953779 0.0822885744014728
-0.107788137872584 -0.226543984036883 -0.0405034910537496 0.0166405449874899
-0.10879602174445 -0.230650958562984 0.0059957276591439 -0.0581934498664827
-0.100106756447034 -0.26680556192725 0.088493677475012 -0.125108988658425
-0.0225614818809275 -0.317739330275449 0.193882175599118 -0.136046838668859
0.139136083137494 -0.300382834642276 0.288412659484344 0.0208002476803674
0.302615117638571 -0.197023525680748 0.228472799682405 0.199924337250891
0.391247714131263 -0.0147264756527239 0.0570638696328105 0.221540170498308
0.365664908620778 0.163907828022295 -0.0505481909855693 0.0384493870578623
0.264937230254061 0.226010631230914 -0.245182401241873 -0.12137597133935
0.313856238253789 0.144300839251941 -0.185141994663192 -0.239005767002042
0.326651499081944 0.0034452851264351 -0.256727155052231 -0.252511830940326
0.239989717752998 -0.157453628435714 -0.261130374383138 -0.15358966971596
0.114226817773558 -0.235122355139469 -0.244075594651701 -0.0826323078117348
-0.00775724872593229 -0.233755859304215 -0.208121441767787 -0.013393340741845
-0.0690158671411794 -0.207986141280876 -0.158337161936385 -0.0102205308062953
-0.0796885651085636 -0.209987700401481 -0.080115454385393 -0.0699032519969033
-0.071458457769775 -0.211951694262202 -0.0301400324442515 -0.138471902093033
-0.0522736068751942 -0.237298719657868 0.0712574190516491 -0.194371586738634
0.0218527347291903 -0.266244795512827 0.192487218128998 -0.191478435872848
0.158634426638116 -0.232961541284412 0.291384912997853 -0.0143171792918558
0.292079538278952 -0.121904603332618 0.203534900096541 0.182233680235177
0.347445707406436 0.0502836775149181 0.00416104725562506 0.188908772703369
0.292559241963994 0.191630640231169 -0.146969287609388 -0.0408510130123107
0.178160202590188 0.181730980198815 -0.335211813048931 -0.181146684216836
0.239863641249829 0.123955009077928 -0.248098529330315 -0.241100670721811
0.253470204374424 -0.00295155277420906 -0.246356604417776 -0.236286755138513
0.173522983312886 -0.125003305545448 -0.208179804047995 -0.181185028953719
0.0826256152912379 -0.171757133856245 -0.220595713286009 -0.151844825965953
-0.00482114408400593 -0.171671541830442 -0.217414679232847 -0.0947613232857994
-0.0464307678232122 -0.156618740276464 -0.186273029221366 -0.0886469290638816
-0.0398927960711662 -0.161486013252398 -0.106978506604719 -0.143114388119682
-0.0275208792834559 -0.161310169510526 -0.0432662007944814 -0.205928193000601
-0.00362779491161392 -0.173948201774746 0.0805248212587159 -0.244492986423855
0.0579593565176144 -0.182145016995037 0.210235533355605 -0.215608475347715
0.154691078403955 -0.141411791140798 0.295647033899667 -0.0246445781557103
0.243481310015322 -0.0351205574220482 0.176574509311508 0.159559806890898
0.257192441791275 0.105810836243635 -0.0295201943358696 0.135912550177572
0.178361857363598 0.189712240216765 -0.20070611513295 -0.123016124211502
0.0557174845249816 0.118082790125918 -0.375373661717669 -0.205959746513853
0.119636745818044 0.0935784751364888 -0.270390990039174 -0.229435562184197
0.131263988470338 0.00551789522535953 -0.224076910310428 -0.222590526134484
0.0821327550759944 -0.0542768562643037 -0.178244481952125 -0.203274833097927
0.0477164522396363 -0.0677817925743867 -0.213629055133509 -0.189545039856922
0.00942842931632167 -0.0782222255723607 -0.225725867241827 -0.142754631386054
-0.010075038960976 -0.0809299655601122 -0.200960994875957 -0.140229887570834
0.0056915444916091 -0.0873551036480402 -0.116528219484054 -0.191489803971742
0.0108756231466115 -0.0872937015267053 -0.0343588083012899 -0.250031987021874
0.0267500965797225 -0.0894489424505168 0.109539907688049 -0.268928297919662
0.0625470357333384 -0.0902509455237963 0.238944933037352 -0.211658514455654
0.112834642648475 -0.0638481903341873 0.298915649684372 -0.0168769807643493
0.165700850322567 0.0196364236101204 0.158454604813792 0.134389917192629
0.142125917132081 0.120749305350359 -0.0348527159321928 0.0824714557345095
0.0529464161335833 0.147796041922405 -0.206842102139808 -0.190126325436771
0.0582832556597202 -0.0691202692150515 0.249839880837677 0.225735177090737
-0.0403489844042557 -0.0696003495893922 0.118664384422289 -0.0725862283447457
-0.0671080076240954 -0.0151489629871839 -0.138012770187488 -0.150279295836299
-0.0238594716256135 0.0139091071761365 -0.332332877558588 -0.0230381951967833
-0.0157714486872654 -0.00755910827712004 -0.29135525618413 0.191417421581212
-0.0212901416610838 -0.00303932501800208 -0.139218499396144 0.296253446270608
-0.0331998850958183 0.00538083312392728 0.00245393219159811 0.30333137805628
-0.0493969394985944 -0.000101654296759783 0.123143257143329 0.241306579385884
-0.0535935580873853 -0.00824178927476303 0.188267322685425 0.181173840749619
-0.0504573140321226 -0.0311509113802076 0.22793158273406 0.153641160529421
-0.0213248712219357 -0.0516809394502573 0.224921938736193 0.19570595291092
0.0120089901638875 -0.0441260979799812 0.187477333046029 0.244452109710098
0.00227243054332531 -0.0468905076059053 0.199280378438216 0.247859176281476
0.024590200516028 -0.0731817220459982 0.24091583000968 0.262897110127256
0.102624363969873 -0.0513178410107946 0.355554348936242 0.22093708360306
0.160820072701357 0.0240279033188487 0.19100729622262 0.217690480549349
0.0654768733880209 -0.0153506671731558 0.0862056550874269 -0.0697919563076636
0.0290326571906715 0.00017756498338536 -0.158062815311073 -0.160326589114805
0.0515214171589309 -0.0153698079286438 -0.33635313979021 -0.0390536266224711
0.0299921951323482 -0.0735774080391387 -0.306032182416403 0.162636942043197
-0.0139835554924282 -0.0842183133565597 -0.167836032538545 0.277934697176889
-0.0533613538255544 -0.0771201293491174 -0.0280146818396501 0.290923868241709
-0.0897973811115466 -0.0877622999534326 0.0962099148980185 0.224904444249961
-0.0972879181256666 -0.0989867729027265 0.162050255056422 0.154590832160253
-0.0898378110539184 -0.136218072944541 0.213746493632875 0.107739656889419
-0.0276802296483794 -0.178771081114766 0.237494754933741 0.132474051491631
0.0750867262996786 -0.164404585111843 0.22374079246944 0.209444228097072
0.134370803986039 -0.115482090610852 0.217436086960073 0.24510046919914
0.1825237401596 -0.0669891116794493 0.212420973685357 0.248871665867478
0.241996072177636 0.0143672208865546 0.296296908670101 0.197624338661794
0.2435786452301 0.120259856882181 0.106635533396458 0.1616529669431
0.174505322116884 0.0518382804443185 0.0445899002864434 -0.107217422084062
0.143597760638983 0.0165970072127912 -0.190215850302856 -0.19502277549078
0.13658643288556 -0.0557431813703115 -0.346538347933434 -0.0610844313278563
0.0769121617009508 -0.141962117012506 -0.309365638082018 0.127607575962822
-0.00629064155692921 -0.16059958021771 -0.185581995036995 0.239659559972248
-0.0693074043675433 -0.151812022348547 -0.0575492917468099 0.24691053984252
-0.117298385716383 -0.161411873489323 0.0565446336543902 0.177686170404501
-0.128474274591401 -0.172354092827027 0.116472597270192 0.0999079012815545
-0.123969992999154 -0.21602966902893 0.178382937362999 0.0351892606291558
-0.0480595254413317 -0.275064641482951 0.235171599720502 0.0400254007592703
0.101916845767326 -0.266828815501558 0.262713633505371 0.147931179426343
0.22731483187146 -0.189135885768771 0.240391119873145 0.233103736077152
0.307863754738468 -0.0735995414941207 0.173686508773101 0.241310929127957
0.34683381581323 0.0685114395453564 0.198367476089211 0.159206800620919
0.298021632590014 0.194979960962695 -0.00247337066546846 0.0701993287027339
0.273852753180127 0.108097532640944 -0.0167299237929165 -0.164648789561846
0.25964802651437 0.0196439821088818 -0.225487041874504 -0.235875689131226
0.214894755825008 -0.109663036154822 -0.345461054007042 -0.0915228836727824
0.1112261214254 -0.209141084350637 -0.301170626024054 0.0755411481267342
-0.0052731859660296 -0.222130459259004 -0.194922197845317 0.174892630750286
-0.0810883536096151 -0.205665159381623 -0.0907589323682276 0.175921821194512
-0.127105665887015 -0.212211750063565 0.00810174946618616 0.10537095294082
-0.137045578278031 -0.218781787444063 0.0597701822205695 0.0256429970823387
-0.134098089775742 -0.262270186722939 0.130985610497998 -0.0463268130434207
-0.0546008866784672 -0.325239897744258 0.214872764295281 -0.0564917020721219
0.115202032271684 -0.321005335878408 0.285727038511926 0.0783491442910415
0.28294803655652 -0.228835542005455 0.249991539704048 0.217617409087652
0.383374054857929 -0.0624152040101248 0.122874294280535 0.238437652220065
0.396813738872463 0.120138275674333 0.0753932465166307 0.106510350533131
0.312221905437003 0.23252014675552 -0.128331817412163 -0.0326980725644375
0.332684681862163 0.140203355292805 -0.0995656551694557 -0.215845014010036
0.334011801035574 0.0104033507570124 -0.254072383991982 -0.258854400032803
0.256612953922374 -0.155158816964084 -0.318882777159746 -0.122879703392526
0.12379812890849 -0.251289664745938 -0.279020065618461 0.00139463063303062
-0.00958722871594576 -0.252208198571202 -0.202773734776146 0.0862499778228496
-0.0845376346316305 -0.227063522724747 -0.125477442195243 0.0866896206309503
-0.11598742302618 -0.230703612079122 -0.0420443277275548 0.0191554736407672
-0.117362562549338 -0.234105527188 0.00530100827790013 -0.0580895104927378
-0.111126140707657 -0.270740653459329 0.0886999437360736 -0.127576058777117
-0.0312024714549048 -0.324090259701383 0.194140368746865 -0.138848487890965
0.136068065493303 -0.309658580224445 0.295282427270376 0.0197870400886474
0.307020174491586 -0.205688987366514 0.239956592540351 0.202458771126513
0.399927661953086 -0.0206554884358416 0.0640285566989918 0.225631534469727
0.379283951259397 0.163701600465682 -0.0487953818275972 0.0400210984091971
0.273133185168907 0.226542670613802 -0.251748644331601 -0.122795655834755
0.324643782483719 0.143735924921359 -0.188576977986586 -0.244297255194143
0.335225017626462 0.000401652172375765 -0.265349167317261 -0.257368745826812
0.24281824398363 -0.165413977751749 -0.26779436002019 -0.155473825561475
0.111329311493949 -0.242690726132283 -0.250188597324163 -0.0822129366158106
-0.012912954385798 -0.236715656185056 -0.212160294020514 -0.0110781984383911
-0.0759263414664015 -0.210516314065079 -0.162293240911373 -0.00732325765323391
-0.0870562697604959 -0.214523066821786 -0.0848002996052168 -0.0688914208571996
-0.0780648872746984 -0.215927722157894 -0.0339739298758938 -0.140179528227397
-0.0607562683907312 -0.241863495473741 0.0689951240555963 -0.198438306638226
0.0155546318697973 -0.272046125625016 0.189983130922311 -0.196535264794044
0.157682523359841 -0.24166536196839 0.298403478090373 -0.01695590228911
0.29720010156845 -0.128136324320429 0.213880849747196 0.185463827944428
0.356254052268535 0.0470680139835038 0.00909317413377726 0.192835478222912
0.303558207529978 0.192833275289097 -0.149946903226811 -0.0395377575962739
0.185385244557655 0.18254627357449 -0.346284813297937 -0.182927124563492
0.247467700584156 0.12226772396744 -0.254939863145285 -0.24615917703749
0.258447393935545 -0.00509160172326131 -0.253950566852231 -0.241126207075082
0.17524074095912 -0.130405844525191 -0.215545397209275 -0.18407638110577
0.0807429891156634 -0.177854808786023 -0.226555594032172 -0.15221820438765
-0.00841173678321946 -0.173347016933744 -0.224072532899338 -0.0942217298445529
-0.0513200546333094 -0.158428452621572 -0.192856242865623 -0.0869349435864878
-0.0446032874807744 -0.164532156436855 -0.114487303024006 -0.143660437758813
-0.0314764303618655 -0.165260698030849 -0.0491745044923923 -0.208055858288922
-0.00800372714769412 -0.177490878842009 0.0783505050218424 -0.249547422941715
0.0548679353657519 -0.186481315126711 0.210256888549551 -0.221918649338142
0.154665192316379 -0.146773669609153 0.302604873787466 -0.027981163293038
0.249001754889727 -0.0379146847714146 0.184645856859381 0.163490250718961
0.263598132645744 0.104885644018696 -0.026807876709262 0.139180853306464
0.186058755885195 0.192752966706058 -0.206251375140576 -0.122053794866882
0.0585237970109605 0.119507368770774 -0.389034229271163 -0.208464113027262
0.123665925838597 0.0933255768932882 -0.279478855264852 -0.23225237602164
0.133701319581373 0.00589510206861111 -0.231226029209097 -0.226854298090078
0.0828125940771767 -0.05689921459222 -0.184781093109658 -0.207197496620459
0.047242075250761 -0.0706645407289863 -0.220963957852199 -0.191378792408797
0.00759280512407853 -0.0783150087127884 -0.234411907751937 -0.142929514769107
-0.0126286824658043 -0.0816343345415612 -0.209178573293466 -0.138781077805614
0.00464348464853028 -0.0906872401634677 -0.125872619618118 -0.193939544187204
0.0102077698556012 -0.089379707525484 -0.0411049101074454 -0.253225008005329
0.0263054645581451 -0.0919035531366921 0.106018210318044 -0.275754187050444
0.0616196202704107 -0.0929630079589454 0.239580217296727 -0.218233325883548
0.113802614239148 -0.0671392435581125 0.304947212751439 -0.0210681345857492
0.169429681616117 0.019091511451442 0.165436404735216 0.138431593676414
0.146008822248071 0.121665093509357 -0.0337033067170946 0.0848965901674931
0.0550306170251226 0.150581445918991 -0.214494503761354 -0.190350422550893
0.0559992803233502 -0.0747340610391464 0.270398343182935 0.215348994244386
-0.0446648376936373 -0.0704230169091631 0.119598904419707 -0.0831437407768144
-0.0696174379294545 -0.0130772244667715 -0.148534576949336 -0.14995569754876
-0.0241460370707233 0.0156494344944744 -0.343130991133011 -0.00625223328426938
-0.0184940294423695 -0.00735893811246503 -0.290320807376269 0.211432197555715
-0.0224476468004372 -0.00308023705711175 -0.125668958208382 0.308376877584558
-0.0337394504515802 0.00676255646846796 0.0222546383658697 0.310482287185136
-0.0507571143362874 0.00237412477304587 0.143995658210886 0.241478069528017
-0.0557773198985175 -0.00494146733188805 0.205896592276747 0.1764303903454
-0.0537322540895146 -0.0280602327767033 0.243988835196949 0.147213686640016
-0.0253046878607618 -0.0530266654012963 0.241925125769163 0.190657810977756
0.0104501392027605 -0.0469302972953362 0.207215891706224 0.243423006932057
0.000540495449026418 -0.0486126032542127 0.216138032576535 0.24559633461026
0.0227809971708253 -0.0754982224151323 0.259335953526734 0.260587069331203
0.103945417580566 -0.0588517103956613 0.379693950495275 0.211652893071954
0.165396155116433 0.0160555971467804 0.210053096391528 0.209848322934178
0.0662095373740744 -0.0196500099989272 0.0885062993156369 -0.0784983717998113
0.0296331633078143 -0.00195733722236746 -0.169715956729292 -0.158479769558696
0.0521093873027575 -0.01877429798919 -0.348063230053176 -0.0234540493119833
0.0251167408062318 -0.0768926559536049 -0.305667384122535 0.181765082397337
-0.0199634362634857 -0.0855420863585299 -0.154765448247478 0.291484769742415
-0.0595528204151967 -0.0762132330858381 -0.00967433055643656 0.298384270822578
-0.0980389317824611 -0.0853729422700014 0.115143583169399 0.226241951241123
-0.106606182527263 -0.0958432506624149 0.177813205772325 0.150920343490966
-0.101668746629364 -0.134532918799641 0.226171103646033 0.100766458194919
-0.0394762164160697 -0.182651862380473 0.250848109471498 0.124808368355583
0.0674753123763349 -0.174291653327381 0.242064820847842 0.204533435993544
0.13304302866588 -0.125888163550418 0.235935103017117 0.241027443662939
0.184660653504845 -0.0782476341950224 0.231760842580658 0.247033086307172
0.25198890430565 0.00215018903574512 0.317033615261968 0.189898818604567
0.255668134572179 0.110285099108057 0.120492473996869 0.156730866164958
0.181799973827837 0.043658077958015 0.0448407673734589 -0.114469506448884
0.149469800664085 0.00946605232626186 -0.204888665988514 -0.19371934226088
0.137238407144029 -0.0652489429710643 -0.358978823967962 -0.0464774748895195
0.068735200832711 -0.150261355608492 -0.311939249455511 0.14566239030246
-0.016397353102701 -0.163647994878593 -0.175494091555535 0.253506075019475
-0.0806302957875012 -0.151491148144142 -0.0430281326591141 0.255437267711044
-0.131463037906222 -0.159408627903109 0.0711844850950047 0.180263442865621
-0.14355483615254 -0.169086138600091 0.127584628123145 0.0971251399220945
-0.141914712939087 -0.213634966891818 0.186993148460367 0.028733834781516
-0.0665327489588423 -0.280357558160975 0.242123181911772 0.0316634777065987
0.0889273068030714 -0.279757464630998 0.278414230431724 0.14053407856998
0.223955951089353 -0.207303191505961 0.260737956888525 0.227029608138442
0.313743334112467 -0.0908424328678935 0.19198407059082 0.239514155106622
0.363536809301649 0.053044450695869 0.21432425164339 0.153241689581806
0.316236245156261 0.183895069336088 0.00413017783488383 0.069606760386712
0.287275450557725 0.0963379076044754 -0.0204879880438932 -0.170706179042724
0.2688791812284 0.00741211774723867 -0.243754903873514 -0.234532513690402
0.213598064836738 -0.124288438660855 -0.359848268689811 -0.0771230194156726
0.100895210603164 -0.221392887476508 -0.306399310575118 0.0911377739360214
-0.0188597786330127 -0.226621287764716 -0.189341926743727 0.188653467113824
-0.0960699253752463 -0.204925033313823 -0.0810699810659226 0.184697479738238
-0.14435800529416 -0.210193495598699 0.0160834888942929 0.108807413963739
-0.154001074849055 -0.216744800012067 0.0643720110982857 0.0235704834886941
-0.155848408181033 -0.260292415661523 0.133421000363478 -0.0531141817942099
-0.0772867218210333 -0.331859360937085 0.215854209692832 -0.066878755685206
0.0996077291137809 -0.336827579993305 0.298749083600675 0.0669479888800366
0.278788451924665 -0.250151929646445 0.270609115460578 0.210593422011134
0.391698298464522 -0.084849751116387 0.140411080737212 0.238383662184218
0.415977301175934 0.100613757601521 0.0849417423403968 0.104753844794004
0.332113357052581 0.221208930112639 -0.131662390924225 -0.0289230993698612
0.348436133815595 0.125948433776329 -0.108483264658197 -0.219558356423882
0.345526702631896 -0.00559163843786381 -0.274648280318851 -0.256445874607399
0.254379989147043 -0.174101486168903 -0.333259154706593 -0.11171872286783
0.110864959496154 -0.265298155801801 -0.285850199338863 0.0147481079812233
-0.0244114311128029 -0.257058765120063 -0.202769871874114 0.0981230326633945
-0.100677568516029 -0.22690586276469 -0.122902777687567 0.0955286901414747
-0.134708003325249 -0.230482322624036 -0.041804373235675 0.0226979567304152
-0.135716415014601 -0.23361411568212 0.00211894570820492 -0.0586729072967515
-0.132341152300557 -0.270654468218442 0.085365876784201 -0.134410159899858
-0.0520472217518941 -0.329616328641091 0.190110175171525 -0.15032160256901
0.121590988917726 -0.325969204988116 0.304404471113541 0.00625288776277235
0.304360653665045 -0.228081071795633 0.260987697528517 0.195829618747954
0.411779658897163 -0.0427070376625806 0.0786536287154526 0.228281986979194
0.402012409558639 0.147210359965614 -0.0469003854996594 0.0436225792712857
0.292696254190872 0.217797711759985 -0.263732380307942 -0.115351585748373
0.340215315497293 0.128974228211604 -0.202138300514019 -0.243707272022885
0.344971587329319 -0.0169525035504231 -0.284911088264248 -0.251623128635684
0.239303545180404 -0.183753618053459 -0.282749234007479 -0.148180452567015
0.0994413603281984 -0.25605054519098 -0.260458450211456 -0.0727643601675652
-0.0265164283586027 -0.240521907710347 -0.2180253341258 -0.00114403270905184
-0.0904726499294918 -0.210703122210035 -0.166375829554012 0.00183449908304003
-0.103503349288322 -0.214787758885096 -0.0926247400186258 -0.0651305665140666
-0.0933573193866011 -0.216502534848596 -0.0429034222942059 -0.140165769421551
-0.0783369550483383 -0.242886352332501 0.0604714136938549 -0.205583826061638
-0.00130793772332824 -0.279140498217769 0.182375214241422 -0.209818565468577
0.147644602357735 -0.256217418335301 0.306034615932134 -0.0316083717369743
0.299259264678763 -0.146523035021565 0.233144437253156 0.180534164622683
0.367445403395821 0.0291336314377137 0.0209275286334778 0.196610205838041
0.323792088302893 0.181969591426688 -0.155600354900302 -0.0321485992520707
0.199250457446308 0.176330969605964 -0.365231402433669 -0.172017466112868
0.260917165999654 0.11181606251945 -0.271357072933202 -0.241022741921654
0.266282416171146 -0.0181253021338141 -0.27280373513881 -0.235026221746119
0.172166426769095 -0.144385787613136 -0.230001288848206 -0.179899324224747
0.0716559165972485 -0.187253983158972 -0.239795019725735 -0.146202105093236
-0.0183171478028431 -0.175493079861214 -0.235932626884009 -0.0850356820654216
-0.0622610323605652 -0.157589387709316 -0.202930026156119 -0.0781510182012136
-0.0562776554928786 -0.168063255353158 -0.128116273402335 -0.140393433569288
-0.0425655496813959 -0.167963375833165 -0.0636709055965455 -0.2091398864105
-0.0195770882622405 -0.181218004739757 0.0649098120529807 -0.259614500921752
0.0441437285106127 -0.193517029311421 0.200847534255462 -0.237052456437515
0.14989848649942 -0.15952152372252 0.308599223551546 -0.0427331257513785
0.254679579378249 -0.0505276287776867 0.201478353646463 0.159898136264343
0.274653396351112 0.0937380157539866 -0.0193488963237424 0.143594179746049
0.201957064333611 0.18755171769194 -0.218512534592616 -0.113337203313475
0.0662869203197949 0.118293132806939 -0.412830580857868 -0.194381953890673
0.131995874351829 0.088552968806106 -0.298510284559714 -0.226372513033404
0.137522682708152 -6.61772842815329E-05 -0.249114594032074 -0.222120382118454
0.0813153832853971 -0.063098953910967 -0.201204581703113 -0.204990975914024
0.0442739823638779 -0.0757855333719181 -0.236043954416644 -0.185378922192974
0.00365896848346041 -0.0784230941837976 -0.249268671722603 -0.135017814195695
-0.017511650470293 -0.0817875250558875 -0.224243586702544 -0.130319958337461
-0.000667435804850561 -0.0951413326877188 -0.142706674129599 -0.191029500819973
0.00591770550149112 -0.0929653842634433 -0.0586999292552114 -0.255429535974243
0.0212035637194736 -0.0960483817238941 0.0920402598339184 -0.288003022436876
0.0572698437077797 -0.0983097659681283 0.232736740463168 -0.23542526703104
0.112183432027833 -0.07468856625369 0.312400349652964 -0.0356535918432689
0.175953225340028 0.0117293197425098 0.17895924233686 0.135904114289317
0.15548959976098 0.117836175171458 -0.0290732274650973 0.0886369266063834
0.0642164696196547 0.152321216406872 -0.23088470904797 -0.18200346798792
0.0493898550740457 -0.0793800695789921 0.288201138140409 0.190611616346799
-0.0502594275684632 -0.0666189479218447 0.114224746666043 -0.0950025493343864
-0.0708619469533425 -0.00828806520330048 -0.159099752992578 -0.139868523564665
-0.0232992246318912 0.0173950145111045 -0.3423117503649 0.0197269116798576
-0.020187083898218 -0.0057577737567528 -0.273875067196448 0.231603242824341
-0.0235877946320597 -0.00173727432370276 -0.0997619093405024 0.313548482431893
-0.0319838656877079 0.00914094342296652 0.0492842566384756 0.305306692431339
-0.0509937622796679 0.00565528351343543 0.167212699587908 0.22877053589414
-0.0561000536972064 0.00057430589042018 0.223531455675188 0.159577249861013
-0.0562516333779143 -0.023106601648917 0.256639051573152 0.128374268318596
-0.0298040098397684 -0.0517202702851364 0.257181903601707 0.17261273810811
0.00613555041073384 -0.0483295829958379 0.225722467555734 0.229197920099775
-0.00315544223467823 -0.0486387371089438 0.23341615385986 0.228227110881056
0.0179249761839396 -0.0760065051736136 0.27805970551938 0.242353732041576
0.0999840024768239 -0.0669038966311372 0.396658599397304 0.184198367522075
0.16537443359451 0.00294655853214515 0.228627963089799 0.189596745637262
0.0641967859040388 -0.0242083052940352 0.0855013276592448 -0.0882800262040751
0.0300390847583075 -0.00388775151119239 -0.181212086920296 -0.147948204724761
0.0502351773168533 -0.0229153495963346 -0.349434958846126 0.00110110890692422
0.0174916897371037 -0.0780533824046088 -0.291578273288251 0.203732713393775
-0.027855374318725 -0.0835113199727029 -0.131286309619708 0.299961532481328
-0.0658458068483277 -0.0712726518756497 0.0174220580747859 0.296493763857788
-0.105948954536706 -0.0768266360658764 0.13701509386231 0.216362239118721
-0.1153454481243 -0.0862641858950217 0.19213880259125 0.136862692965099
-0.113503434757002 -0.124807124187664 0.235361114617873 0.0839328172511421
-0.0552913872653876 -0.179805298618631 0.260328802901799 0.107447306695459
0.0531259348130633 -0.179478791300507 0.258354488845952 0.187611763776164
0.123115114458789 -0.135999591012416 0.25474649569029 0.222099520863669
0.179654765904411 -0.0912729216842699 0.250165974709383 0.229741058969859
0.254090296201057 -0.0182888844596647 0.333205243256423 0.166053868765068
0.263238194618746 0.0901451735566355 0.135505346182876 0.143345416041387
0.184056281097355 0.0294394158023735 0.0402225614661038 -0.121574874971672
0.150014292915148 -0.000781008432320502 -0.21871937307192 -0.181293248999925
0.130946609390127 -0.0759100394692244 -0.362372239816313 -0.0206619478192455
0.0551896006741497 -0.154300152451007 -0.299657195704465 0.167200554056802
-0.0304862362066293 -0.160549141276554 -0.153756286991765 0.263060549353295
-0.0924160730251315 -0.14436962034589 -0.0211589576121482 0.256049058745159
-0.145928641300705 -0.147884229756713 0.0884143636412712 0.173764815033771
-0.158454318280912 -0.156814073806531 0.137369128974259 0.0871069504811453
-0.161406682468279 -0.199961590181482 0.190691880241727 0.0150049734424461
-0.0913379872959255 -0.274548099356389 0.243672385911225 0.0155716085838275
0.0650630519333414 -0.287312708199569 0.289344097033317 0.119712302500196
0.208130132649388 -0.224941056622244 0.279424083388979 0.205271977445515
0.307109022628602 -0.114316464782079 0.211034648397024 0.224387425938053
0.369971960964384 0.0233000948648797 0.227788411082739 0.135996948183533
0.328542630552181 0.158880052039084 0.0120371474037934 0.0656160468060325
0.293119423386823 0.0726095092167875 -0.02823609061874 -0.172604940196375
0.269529724829385 -0.0135714244373662 -0.26082848722159 -0.218015417689648
0.202950608240396 -0.14112850307947 -0.364623852161242 -0.0512373115062471
0.0814137958737317 -0.227825446591088 -0.298387301961379 0.112734289952021
-0.0370821547194873 -0.222644657613265 -0.173027687207256 0.200106996201102
-0.11231947348157 -0.196736507898528 -0.0645447466634896 0.189039453781586
-0.1638352132741 -0.198367801459354 0.0264546510125512 0.10767075103027
-0.173200721974807 -0.203594362392589 0.0673427103445595 0.0195149503141828
-0.179325996176815 -0.244728383874698 0.131002848829794 -0.0626133655245888
-0.105518429999861 -0.324039055129253 0.208582750114039 -0.0798551007701588
0.0712323539641039 -0.343717662165817 0.304076638153074 0.045511968758895
0.259916837560944 -0.271420041863502 0.288361657127103 0.188338068348164
0.384459590023085 -0.116409510210457 0.159652333907288 0.226177348762814
0.427212830851434 0.0671296012207937 0.0939389283437312 0.0968876899039524
0.349109832261214 0.195971343246752 -0.132157722879669 -0.021216759186053
0.356922266685297 0.0973505807825848 -0.119517161762642 -0.214054263181566
0.345043485695669 -0.0312593258189658 -0.293978264617999 -0.235758608872437
0.239497224632906 -0.194322533873701 -0.340444533458187 -0.0883003934777949
0.0873653389343547 -0.272936028729594 -0.283590817432367 0.034829785647848
-0.0448517979342403 -0.252253064692985 -0.194017367095876 0.112520604838796
-0.119452706111167 -0.216526524574003 -0.113904704571476 0.103975700371603
-0.155381555053637 -0.219193427436605 -0.0397277984772356 0.0271086876639046
-0.15578047522696 -0.221601545582883 -0.00205442920844139 -0.0573578402490417
-0.156801562984862 -0.256961589496237 0.0750567842019706 -0.139190836987344
-0.0814023912720292 -0.323702212446765 0.175570355336485 -0.161195410620428
0.0936350773549749 -0.334684041683318 0.305585986702584 -0.016292774091082
0.287919465259632 -0.250313446254073 0.278742601749625 0.174597288640701
0.407383163534738 -0.0741039817991477 0.0974781143700701 0.219658250473299
0.415228065493278 0.116481288146046 -0.0432473686204562 0.0454256845429624
0.306780741599782 0.193375046306256 -0.271347425358392 -0.0961454787137202
0.349606957161921 0.100595896804318 -0.216911485038048 -0.230478469201863
0.342868800955794 -0.0427575433708789 -0.302942549204866 -0.231298032911376
0.223446747580463 -0.201496856326741 -0.293227796938721 -0.128449555272773
0.076938024464104 -0.263370257280822 -0.264001258726021 -0.0547766920594786
-0.0451124819412374 -0.235119086064121 -0.217582981738523 0.0150751445126464
-0.107665738021952 -0.201226326443027 -0.165114761229492 0.0146191968982916
-0.122801245580812 -0.207180761315101 -0.0986891368550708 -0.0563454095078837
-0.112527991418305 -0.209020550525922 -0.0542485394290331 -0.134100889903846
-0.100641501844912 -0.234404268513738 0.043983107245619 -0.208320497709071
-0.026257129820016 -0.276807493472826 0.163921396130301 -0.21969840639219
0.125121153931997 -0.267415638996511 0.303185537110259 -0.053776776128513
0.288666368954846 -0.168118508948779 0.250383753405909 0.161749779514471
0.369120484897163 0.000401636599617297 0.0369637360419796 0.193117207844852
0.338969686956061 0.156076956222512 -0.157537536704982 -0.0200436815261393
0.211773942084342 0.160126131625855 -0.378171517536989 -0.14461831808248
0.268172705731744 0.0898173322941581 -0.28770970130562 -0.222124119626705
0.264089286108422 -0.0374779191891046 -0.290027521922782 -0.214970512897753
0.159186550139611 -0.157122459233606 -0.242527879334552 -0.164050227761092
0.0553540660105619 -0.19316065700757 -0.249885813521088 -0.128718373471418
-0.031643366944539 -0.171904017664015 -0.242474852906551 -0.0672095560023267
-0.07527597162937 -0.150965420813552 -0.209428938829602 -0.0618251128016167
-0.0719172116386976 -0.164158393582475 -0.141418583821297 -0.127970708919545
-0.0558930587024845 -0.164405714151179 -0.0812707020589412 -0.20134930388834
-0.0360300262179125 -0.1774930709343 0.0438069364069444 -0.262085151863329
0.0276610121916187 -0.195475604479891 0.179975672190612 -0.249263460987823
0.135793113899096 -0.170372330347643 0.305127926530052 -0.0663849666354074
0.250844101807853 -0.0690052693597387 0.216717748030585 0.144564647177086
0.281316101609066 0.0723891613149493 -0.00705324654223425 0.143369405134336
0.217490103031672 0.171434239157461 -0.226717021673725 -0.0952146652789414
0.074579842261524 0.111188498927415 -0.429144594282731 -0.162779123739721
0.137997087473262 0.0768892008990379 -0.315427993911868 -0.204088260818329
0.137191242841327 -0.00947131845031044 -0.26471145877946 -0.203500062998072
0.0750532512679796 -0.0682846621381874 -0.215866428537684 -0.191074013321157
0.0372989034736381 -0.079943129175015 -0.249158081763825 -0.168356919036029
-0.00150870499060038 -0.0772551398299849 -0.260320539842354 -0.114516043287208
-0.0239745072548649 -0.0789450551350207 -0.235901178216869 -0.111305407310524
-0.0101266458518989 -0.0961759000277883 -0.161841741003667 -0.177697264440715
-0.000854875189237434 -0.0933355145346354 -0.0803457294048272 -0.247676130338739
0.0136773997578446 -0.0967078461336984 0.0678903401280201 -0.292858913435779
0.0486628468491626 -0.101977700938848 0.210944957032523 -0.250876133984167
0.104984170674413 -0.0826909975238184 0.309061064074211 -0.0586469569983
0.176501560567973 -0.000604304402130022 0.191419531389106 0.123203205260098
0.163043877439555 0.106089710060099 -0.0219352398230995 0.0902230611442494
0.0765186209351841 0.146893529943077 -0.244874913986601 -0.161117028704729
0.0411150977716599 -0.0796334660289844 0.2901255590942 0.159598885061832
-0.0526431298521659 -0.0604395837835361 0.10466174719706 -0.101831705008208
-0.0686799446585924 -0.00351337221043922 -0.161478733229147 -0.12531693983871
-0.0209549995033484 0.0178061889208105 -0.327663107163413 0.0419437839027125
-0.0204837027708289 -0.00328868621222043 -0.247057562378974 0.239667321313133
-0.0242844639972714 3.85329395501382E-06 -0.0736589716051363 0.303724309997789
-0.0298372515890067 0.0101665989988672 0.0703219159600166 0.286702503432303
-0.0489277753571065 0.00918452117151328 0.180255914550728 0.205680469610832
-0.053974919040464 0.00484331027070953 0.228446146759589 0.137095252464585
-0.055014992845972 -0.0177476105598202 0.256889598254825 0.105765963558635
-0.0332289683716654 -0.0478070966530378 0.259896358625518 0.149244413532321
0.00211384106710289 -0.0470965960551625 0.23305570604046 0.204732413193079
-0.00609064552682563 -0.0465482427092187 0.238128149941985 0.204309073319111
0.0134556313940169 -0.0740855501861844 0.282724476889613 0.216295403624462
0.0926741207706795 -0.0713079778510813 0.394128551694299 0.151501461027144
0.157933967446253 -0.00795932966373895 0.232859706141721 0.161151466792226
0.0592617495636332 -0.0273022453114932 0.0781285389184598 -0.0935997628342251
0.0287979656506547 -0.00588431375776846 -0.183920103046359 -0.132482152030281
0.0464315590578751 -0.0256328979612577 -0.335112372988427 0.0247315017518405
0.00978525520353771 -0.0752793065031358 -0.266595872932543 0.213196023905501
-0.0335344280105474 -0.0779665394821703 -0.104518910811283 0.29296282037264
-0.0671609132176716 -0.0646445623282961 0.0384166192789136 0.280522923764139
-0.108313731233443 -0.0661041022189124 0.150172795828663 0.196566292706342
-0.11773471752931 -0.0739073833552415 0.196900937412656 0.117241968985562
-0.118610199649133 -0.110622027310081 0.233967328602218 0.0649179726413583
-0.0677822274208542 -0.168692797101616 0.258185642924177 0.0867850475586581
0.0375177284814674 -0.175886512267489 0.262297640783734 0.163514167807301
0.10931752848489 -0.139519948392219 0.259073826863045 0.195676777450534
0.167917887090584 -0.0992445688124921 0.255265718381713 0.204041460959321
0.243971711886844 -0.0356771093275402 0.333109095931908 0.137440902777528
0.257224150727773 0.0686424263903595 0.140786234701256 0.124533626411159
0.17841851443545 0.015902932219365 0.0343835706865149 -0.124487276287741
0.144165467994091 -0.0106295251118389 -0.222298710646256 -0.160833420967122
0.120288960130102 -0.0817248558546628 -0.349234256543181 0.00324149480460502
0.0408911261024036 -0.151385760334627 -0.276266112526597 0.179468424483833
-0.0412909524364962 -0.151274820499156 -0.128696653297995 0.260777669725264
-0.0992394078150128 -0.131883227006456 0.000127773893279834 0.245012084143421
-0.152286464905344 -0.131088660879393 0.100010646775234 0.159661873232681
-0.164794897770611 -0.137886274239032 0.140137182641531 0.0734728742633138
-0.170406568504236 -0.178326957825876 0.186517380388307 0.00165084470869668
-0.10929884283048 -0.256300355444539 0.235253906416679 0.000283260507622377
0.0416296057916871 -0.28022928925944 0.286596304711614 0.0960169430049553
0.184546919693401 -0.229804361266892 0.282814954272542 0.176997436086406
0.28829158974188 -0.13086343480334 0.218111672505795 0.201172914345414
0.358582359746197 -0.00397068661907168 0.228790221959658 0.113403061497241
0.325910522688811 0.129783700709613 0.0179100044974613 0.0584853097609363
0.286106805809339 0.0496102031249769 -0.0343752335541713 -0.167880161832479
0.258375305767469 -0.0300045884724027 -0.26522857878292 -0.193023745799049
0.184613069588235 -0.14987852921259 -0.353357634332877 -0.0265922428591928
0.0598114674445777 -0.223964591451108 -0.277871746710684 0.126084303840511
-0.0511056721768641 -0.210368995031819 -0.151779644014254 0.201415978389424
-0.121887017002252 -0.179506581040473 -0.0473266856148187 0.184021922899105
-0.173359090209138 -0.177720446560893 0.0353719237532512 0.101059965209051
-0.182642152284142 -0.181534824225785 0.0676813867003194 0.0141260611866563
-0.191565898068006 -0.219364422034241 0.123407049357122 -0.0687475936493068
-0.128037242528902 -0.301649658365837 0.195260458606392 -0.0869372585073712
0.0417960318128698 -0.334505912130102 0.295641136228688 0.0239377561851365
0.231520250009609 -0.27913086252191 0.291635979700955 0.158817551048547
0.362763700329827 -0.137925580512133 0.167697089636885 0.205829661174033
0.416494936718581 0.0343423605468844 0.0972694437063437 0.0847692873447316
0.346240246997651 0.162693033825122 -0.125729071042261 -0.0143245390755017
0.348484466763604 0.0688782570169606 -0.125332245455206 -0.200520227557226
0.329959878728271 -0.053180603205914 -0.297174656080392 -0.208076265662645
0.214723709054117 -0.202799033499816 -0.332402817851052 -0.0639584905521903
0.0626804115981841 -0.267419859626279 -0.269418250928175 0.0498735583204818
-0.0605081087377379 -0.237598684423128 -0.177792913380309 0.11950493029766
-0.130309282230335 -0.198394989866036 -0.101440888213433 0.106331434321664
-0.167270244580096 -0.198294057724628 -0.0351108956889881 0.0291532802074832
-0.167317100384595 -0.200330456112757 -0.00527948048036697 -0.0536748872129778
-0.1708553933592 -0.232307767294362 0.0634959705137823 -0.137678792047623
-0.103886026186239 -0.302586905237465 0.156602597584673 -0.162923304479956
0.0638658096779478 -0.32647338937631 0.292571810192884 -0.0346193146018359
0.258928938936087 -0.260599783787103 0.281052660257615 0.146865176586939
0.385719683451886 -0.100250361209769 0.10854498128242 0.202925298602142
0.407954526799627 0.0806689328249556 -0.0385417674743367 0.0461244073189813
0.306928823545396 0.164492963794574 -0.26571362835678 -0.0756293284896652
0.341770925013726 0.0725162064187908 -0.221006055247222 -0.209601628277701
0.327381561332573 -0.0638099699741497 -0.306500052474669 -0.202184380027871
0.198828141395613 -0.209404525731691 -0.289350996680692 -0.105306011684236
0.0529271769477932 -0.257519556747062 -0.256770885978 -0.0369131715051072
-0.0602983370776231 -0.221317034704733 -0.206984968534133 0.0286252208843647
-0.117768598844442 -0.183693600682477 -0.1579897552403 0.0253050817591167
-0.135010860431401 -0.189591289280351 -0.0996056723815681 -0.0458194601326104
-0.124027171553619 -0.192303736786301 -0.0620979359944882 -0.122557760396989
-0.114734495754056 -0.214696728515666 0.0276603865644696 -0.201328311847614
-0.0468391825193493 -0.26216069427645 0.140781863279066 -0.21812069589282
0.099670054479375 -0.264274392750489 0.28770747538348 -0.0705708208482073
0.266313649362461 -0.181592035226762 0.253265455546562 0.13697016180047
0.353362125853519 -0.0257382469723965 0.0484054246951081 0.181047896255465
0.337195278635885 0.125527646304705 -0.152672472200508 -0.00893068003652456
0.213535879889329 0.138300274256826 -0.373209900361284 -0.11366085671318
0.262400593989224 0.0670360414223781 -0.289459987192482 -0.195227607218143
0.25182907209875 -0.053783208215764 -0.292579650987353 -0.186715763614292
0.141056490526869 -0.16051238754624 -0.243206615420252 -0.144499605702926
0.037537005678608 -0.189048194250274 -0.248269246505737 -0.108907460783781
-0.0416748133001198 -0.161079793889145 -0.237048184725007 -0.0479159850891692
-0.0830865776922053 -0.137941961007716 -0.206127688301107 -0.0438556308723756
-0.082676142026081 -0.152419947931178 -0.147399203952364 -0.111376557231364
-0.0659052890538908 -0.154367577754364 -0.0928328189959676 -0.184494212733917
-0.0473051217683907 -0.165998185935024 0.0232635576650088 -0.252811487387045
0.0115390244932208 -0.187591320870135 0.153381923625651 -0.248334214359352
0.117130455711342 -0.172256124437329 0.288176630682552 -0.0828539662792108
0.237241810994583 -0.0834575163207888 0.220377086720138 0.123443234985399
0.274014971200015 0.0501219539963729 0.00269041834901374 0.135842591240603
0.220607817411191 0.149258962056553 -0.224154306026022 -0.0742428510325124
0.0788535759336354 0.101087219909208 -0.424731915821901 -0.127680758038513
0.136552085354536 0.0632377115652475 -0.316215359781178 -0.175402216353639
0.1308772385863 -0.017486377070023 -0.267857934530421 -0.177708704361153
0.0664652621583597 -0.0702823581456751 -0.219813503649166 -0.170577409637823
0.0289993418589832 -0.0790742264263763 -0.250081493429771 -0.145714081612334
-0.00601180961152814 -0.0726104926084605 -0.258689873299676 -0.0922469538158315
-0.0281363527378577 -0.0723943324918434 -0.235231740595622 -0.088115797683029
-0.0182331921702478 -0.0918188912470383 -0.170200313266762 -0.157235785417817
-0.00733946736904405 -0.0906583446754897 -0.0958486477621158 -0.229530504632948
0.00536678249658145 -0.0928458593631513 0.0431067899766005 -0.284053802656122
0.0390503058444206 -0.10052971131065 0.18342368345409 -0.252499446962153
0.0948323484082874 -0.0853930418848613 0.292626691617665 -0.0769466703375289
0.170687010056399 -0.0121928005834316 0.194184555777724 0.106147564772092
0.163060675106662 0.0909309243910697 -0.0155724597437998 0.0870497631385903
0.0828569014011166 0.135359318838606 -0.245310440707094 -0.136185161394244
0.044756399384729 -0.0688424859586887 0.260637077446711 0.169388406320232
-0.0414892715938701 -0.0605882590536549 0.108330961995124 -0.0925892889055568
-0.0621207640651889 -0.0109455416992228 -0.138803275491418 -0.137828297157827
-0.0215450442809191 0.0124521349468609 -0.304422674192247 0.00483333649381317
-0.0200159293094414 -0.00634207783667845 -0.249444315156086 0.195681047794566
-0.0242886606761199 -0.00571401896144584 -0.0974848200132226 0.271816101681026
-0.028501054410043 0.00431535555144979 0.0417761613447365 0.272411658591091
-0.0469905148031455 0.00340183516173731 0.15305648022103 0.209782982845687
-0.0514474416893077 -0.00190391038319059 0.206494944688016 0.15223359518056
-0.0509010675480153 -0.0232418595499235 0.234453800688848 0.12699496598195
-0.0284137655774182 -0.0514112464828613 0.233806773047127 0.171561351246493
0.00510236846647969 -0.0491053585068673 0.203821061352753 0.222722624768035
-0.00155645655225251 -0.0499504230720034 0.2049929973517 0.222737782057289
0.0205505681894943 -0.0703132613863777 0.249079406848539 0.24005721257046
0.0939568157162966 -0.0621183363089861 0.368063733409189 0.192812667635905
0.144794421952158 0.0091757598118467 0.206790210704667 0.1758204084589
0.0578738332051147 -0.0173260622028848 0.0858664389138293 -0.0828516793876599
0.0278101163167313 -0.00155044863106878 -0.15549385974496 -0.140851141343722
0.0459420950408636 -0.0189482214148733 -0.308722449372215 -0.00952705720766892
0.0177492876216477 -0.0688841140381137 -0.263111483834816 0.171054983618824
-0.0233935209083177 -0.078275881613484 -0.121717046461739 0.258102728586471
-0.0567911795677494 -0.0692517119021201 0.0139801973416142 0.264121674992443
-0.0968964911851687 -0.0734242810114538 0.124693333296102 0.198515730837846
-0.103883244315723 -0.0824220929935312 0.178871869887614 0.131740277181807
-0.101637901758593 -0.116233673461324 0.218080721184149 0.0895550434141424
-0.0486797217751308 -0.168006560272961 0.237463290553032 0.11728266249104
0.0508964470529807 -0.167149857721433 0.234480312197695 0.189094883260283
0.117103666442709 -0.127693691846747 0.222161547545138 0.216765977842181
0.169715084861544 -0.079417980929047 0.217551997001071 0.226627807065795
0.236768677802317 -0.012913571343588 0.302310166075042 0.172905281547756
0.228256371726203 0.0904249739705326 0.12366944657165 0.141307637091527
0.161320872930562 0.0353043850723477 0.050196306243359 -0.108500074874437
0.135559919268128 0.00730078151674648 -0.186275117097102 -0.164865646443612
0.121450076419069 -0.0618869992731485 -0.31690227427674 -0.0264648886478878
0.0563495507642561 -0.135732941558755 -0.266875409497557 0.141251452716514
-0.0219100886457204 -0.146931268132152 -0.137782897554074 0.224856973952022
-0.0795031302204067 -0.1346906151595 -0.0190272989707452 0.2277882226067
-0.132603756974 -0.139606788914186 0.0798646692454465 0.159540317404341
-0.142489307447969 -0.147805709356199 0.128721772158566 0.0864855334985124
-0.143991271222785 -0.184656746351121 0.179656814854622 0.0274504836931614
-0.0799271740685802 -0.25388119117373 0.225221575345591 0.0368257760601894
0.0648766973733315 -0.264829762572962 0.264873101133352 0.12950748375866
0.196783728466666 -0.206318416012672 0.244091307916043 0.203003819361126
0.286546773173444 -0.0984359955531096 0.176224160082657 0.221293897090725
0.34354875024136 0.0275867577496916 0.198315481707523 0.14029372213338
0.284674991883799 0.153156486645028 0.0142266760811726 0.0763771756935908
0.255793066724255 0.0783654260338015 -0.00706950842502018 -0.150818342627214
0.243420674208405 0.00219099472714917 -0.219334976543974 -0.192419421020765
0.188904160800514 -0.117075807834737 -0.315016462238969 -0.0524271482149364
0.0825794849712761 -0.200728735433733 -0.260832650883224 0.0931331723290786
-0.024408194720349 -0.202624147189783 -0.151209163252005 0.168140151083014
-0.0964526237118956 -0.181363910001583 -0.0574451095330847 0.167895749374174
-0.147954710948282 -0.185103391211275 0.0223321061829885 0.0984969841524124
-0.155204514390497 -0.190627504460957 0.0642958554572656 0.0245348823697238
-0.159734382835984 -0.224609366171715 0.126466706617401 -0.0435724775751757
-0.0928745268906057 -0.297518622748049 0.195097574874292 -0.0478310533546657
0.0698786830947517 -0.315755905877656 0.281100027189589 0.0633574370840234
0.244387456881827 -0.249149723986358 0.252807492284808 0.18746777864794
0.358423237666389 -0.0983982556385131 0.125312944177971 0.220435772807426
0.395809698991252 0.0712635245202981 0.0706251800267876 0.0988212058583388
0.301240723220345 0.18426876996389 -0.114079952413353 -0.000566630962197774
0.310645285387471 0.102412519568493 -0.0883389792242295 -0.185812765396849
0.311981074940834 -0.0116259764810679 -0.244393574863448 -0.205626382795747
0.223629171941231 -0.162083494984297 -0.289897162651828 -0.0831749602674332
0.0918475693718737 -0.241869442942975 -0.243852182562126 0.0253995689805698
-0.0288035548961436 -0.228168738038253 -0.167159309939768 0.0888076819889458
-0.102433427133135 -0.198913879474743 -0.100784216714267 0.0916127431801906
-0.141176912260752 -0.204461410184303 -0.037986216528228 0.0246374290228222
-0.139679469440397 -0.206680367668186 0.000380656127964296 -0.0462132129174307
-0.139260870460912 -0.233114982542413 0.0755762785109761 -0.114779251903814
-0.0700548397740033 -0.295075366744753 0.1655483794189 -0.12417389565334
0.0897150366351596 -0.30508052131865 0.283227552508923 0.00587009978054325
0.269975597322646 -0.228290272558427 0.243728828837647 0.174019182206659
0.376961689081805 -0.0599432875567252 0.0676413124439849 0.209568945524367
0.383951418806811 0.11527600522374 -0.0583053187827428 0.04633547655939
0.264249396568525 0.182052462057355 -0.239414259235431 -0.0723228142542199
0.303679042577493 0.104347088748855 -0.176226447944751 -0.201777186563055
0.310540520991615 -0.0216666561058021 -0.253032521982692 -0.20099468939904
0.210027347007397 -0.169438143649695 -0.245537695055934 -0.118331237850398
0.0808747920564047 -0.2338578026834 -0.223452693914052 -0.0544049476070877
-0.0288246132785241 -0.21242657374155 -0.187991290584547 0.00224089150557737
-0.0927045092066489 -0.183344878859684 -0.147099535389601 0.0111232601609963
-0.111698057135251 -0.193347388473507 -0.0917225548455695 -0.0509470164846957
-0.0991075722209907 -0.193936261949148 -0.0477912219142837 -0.117340510316978
-0.0871806028091039 -0.210563089183799 0.0462309636444054 -0.180002057356361
-0.0197598864100074 -0.249433701365879 0.153926874313833 -0.179937672587657
0.116541273870713 -0.240669792347817 0.280998187889419 -0.0309377583379761
0.269339290633125 -0.151863296846469 0.219482921268874 0.158794737025692
0.338514934660402 0.00916114655369246 0.013330867057607 0.178740208142335
0.311681394487849 0.152408272188205 -0.161698644887373 -0.0201433857092574
0.180589131919268 0.148489165599515 -0.33648817625023 -0.122612288425932
0.232675869160735 0.0901400364369332 -0.245843041593462 -0.196862142760559
0.239514546308908 -0.0199563871801081 -0.243989616177759 -0.188840264185511
0.150318402441739 -0.131321944040241 -0.201533213905165 -0.151473849724495
0.0582253730498036 -0.170995508851966 -0.210887299511357 -0.122178276417541
-0.0185169062396249 -0.154279914195335 -0.211202011538542 -0.0694669699097985
-0.0643671165354665 -0.136482245679684 -0.187234185744416 -0.0576756432172454
-0.0660572305016649 -0.153113453868168 -0.130377516699518 -0.116620039066969
-0.0474722701042276 -0.151954644712173 -0.0720132465513404 -0.179661616467652
-0.0287683279580859 -0.158601307483738 0.0456140898021436 -0.230180951784973
0.0276602923060079 -0.173673017903171 0.167907004279187 -0.210925738528609
0.124240692679795 -0.150946124481952 0.281455921880411 -0.0449149198201282
0.232627208243106 -0.0613954404793928 0.191174859087236 0.141254225083036
0.255235883954355 0.0731060474113541 -0.023195754402244 0.12920716409353
0.198038021204405 0.164802499562101 -0.221070506372777 -0.092942576469981
0.061000535828617 0.100075354886121 -0.385497732564164 -0.148581437819063
0.117323274874993 0.0727948532316897 -0.276954561355081 -0.184352564985504
0.124049148402281 -0.000728680089528583 -0.225851260340817 -0.182664407104661
0.0706074996489607 -0.0567081370359048 -0.180924968457987 -0.177020397751737
0.0366017799620369 -0.0708759301596313 -0.213310383652618 -0.158955526424852
0.00574696614545633 -0.06758591197085 -0.230639413494198 -0.110685207569111
-0.0190352520127447 -0.0687702093465293 -0.212606433897109 -0.102117353119188
-0.0100117141393121 -0.0896027187548629 -0.148582383614681 -0.162669469031594
0.00178073863039637 -0.0862238851482137 -0.0707983410340238 -0.223425179334104
0.014357282934842 -0.0846028087005855 0.0660852121129716 -0.260193682787686
0.0442878833493698 -0.0885457479694182 0.196483141573367 -0.216247919816909
0.0938532469201836 -0.0710541906521845 0.285169784572405 -0.0407960300109026
0.162974506179117 0.00149006005062016 0.170531937064139 0.120711768980781
0.145850182994438 0.10117423732184 -0.0314337268133353 0.078613499290055
0.0673149405076655 0.139334687923341 -0.230499071546599 -0.156294763500628
0.0428246976483758 -0.0655742886153815 0.250321884597045 0.159917980356981
-0.0388817428723796 -0.0573664596157652 0.105365633809892 -0.0912184475052671
-0.0596132851502347 -0.0105462990732376 -0.131871205180422 -0.135339970955841
-0.0207075852123536 0.0113574088276861 -0.293405733178199 0.00295917880404153
-0.0193471409863651 -0.00583242411917399 -0.241378153921226 0.186280061605209
-0.0243008218730067 -0.00513528736800458 -0.0946605171361761 0.258145849993867
-0.0277164673215886 0.00299084354386859 0.0415260070027141 0.259202921508705
-0.0457416370253744 0.00321932207475018 0.150370699184828 0.199873206081407
-0.0494274804672451 -0.00122581059178286 0.200419272209749 0.145699409277862
-0.0494982327565913 -0.0221974110289066 0.226991080677976 0.122658876101372
-0.0276491718053523 -0.0496346473045608 0.224895189065839 0.166609241521121
0.00514570042489983 -0.0472314399199014 0.195386405071382 0.216855527582355
-0.000638794392316244 -0.0478605835790705 0.194182130596304 0.216315885299575
0.0213807340903294 -0.0673049439774849 0.238305095125858 0.234481324183469
0.091109892618165 -0.0599047770256489 0.354003659900609 0.187328641905846
0.138364595751963 0.0098505478811021 0.199437321098723 0.166833326138375
0.055753281792108 -0.0156893480645095 0.0847273092341951 -0.0826282677403642
0.0274774559529634 -0.00101974490269466 -0.148647243760145 -0.13762237659978
0.0445090140241126 -0.0186036632342643 -0.296982703606574 -0.0100591028289697
0.016718332212226 -0.0660346313988044 -0.253772360739984 0.162646377122869
-0.0237565631968603 -0.0744540051380779 -0.117179271557219 0.244988072211229
-0.0554041077413058 -0.0672227923716647 0.0145029262509072 0.251521022020321
-0.0942128903071793 -0.0703021206923881 0.123526820616625 0.189041910505664
-0.101214911406492 -0.0786956065369599 0.174746679274502 0.126420932291999
-0.0983546805202228 -0.111469610659593 0.211235247522176 0.0861363893429294
-0.0483909556060833 -0.161049581232984 0.229387886775216 0.115141638347506
0.0488647367843905 -0.160828360737581 0.225718696618943 0.18411572837761
0.113505365631771 -0.122467088391459 0.211266953042443 0.209132255329639
0.165290996032743 -0.0755022750284367 0.207977160335648 0.221455172198644
0.228160073151578 -0.0126502837712861 0.291687828597216 0.166812899297155
0.218279896282055 0.0872098855614057 0.119687952217634 0.133821224080959
0.155025376973852 0.0353956866678438 0.0517434151261168 -0.108263678709342
0.131749612271074 0.00783203973220208 -0.178104242554343 -0.161117828080018
0.11673399674398 -0.0590818843437869 -0.30506290532768 -0.0280595682276865
0.0528389087545087 -0.129704738521923 -0.257325500218331 0.133073939577665
-0.0219899263222008 -0.140887490208321 -0.133230553081323 0.213488486313488
-0.077399788244067 -0.129737868552273 -0.0168118605898319 0.217207356076298
-0.129286717502832 -0.133671800520166 0.0799764240310836 0.151909377975806
-0.138898794146594 -0.141707910137541 0.126195510030029 0.0834062265406506
-0.139615804093001 -0.176263056639981 0.175011299310554 0.0260525196422579
-0.0790676108262657 -0.242915015930889 0.217482521526384 0.0376340390615564
0.0619099069780693 -0.254601325651565 0.255856510726845 0.127230965915112
0.190290758293065 -0.1993098247467 0.23292313246679 0.195135835494915
0.27803411618686 -0.0945216107651311 0.169238824477205 0.214332030985353
0.331906088430527 0.0263178091299818 0.190947288857738 0.135514663260817
0.272625159758021 0.147621161242958 0.0147276733295623 0.0706439707368817
0.24476506796243 0.0766898220837588 -0.00322865019900449 -0.148639573586915
0.235697473492081 0.00344552416953524 -0.208820832091866 -0.18736027652838
0.181405831608138 -0.111978408473532 -0.302775380314976 -0.0533632923463685
0.0794753055791634 -0.192513836306153 -0.251763531264701 0.0866511391284139
-0.0240868473143346 -0.194008496589712 -0.14614727216262 0.15847968903549
-0.0933841220258468 -0.174908587789425 -0.0544720091645244 0.159741413107189
-0.145315871643856 -0.177986476682908 0.0238934854434802 0.0943351694813304
-0.151432056216122 -0.182741561314067 0.0634984787853603 0.0240042679275845
-0.155027213273339 -0.213793448417742 0.123247164625714 -0.0423610041839443
-0.0928080390091903 -0.284250579614013 0.189550918188038 -0.0429923526413784
0.0667888494905552 -0.302784379742994 0.270189247926552 0.0624956831305878
0.236344771657969 -0.23991663459029 0.242446132410071 0.179960619896382
0.345649207688678 -0.0950465663183265 0.119386250671635 0.212347175861219
0.381588084097988 0.068047574974604 0.0673824374870104 0.0951126083416433
0.286900815799767 0.178936847263696 -0.10818451655052 -0.00379180421982623
0.298056953596758 0.0991972163540932 -0.0808746280168455 -0.182247507805484
0.30077419104015 -0.0102458768041664 -0.233357740111986 -0.199068473857692
0.214483534911521 -0.154667583669605 -0.277890500413693 -0.083933356172447
0.0865163122205165 -0.23169061351935 -0.235334711018053 0.0206692984862336
-0.0278389478836799 -0.218516812737752 -0.16128337184414 0.083599622424423
-0.0991294283984591 -0.19089236474263 -0.0968360075177895 0.087136020457028
-0.138488589788401 -0.196561115000567 -0.0354535410523648 0.0244539076587999
-0.136035072364717 -0.198314454725941 0.000558872891350797 -0.0431490598211479
-0.134997456476397 -0.222184921777507 0.0739682950026911 -0.110405629845485
-0.0705331845999054 -0.282018231248694 0.16009215896201 -0.115266902591669
0.0851143457978014 -0.292251640444292 0.272181605603671 0.00829324682455097
0.260235007016538 -0.221000596547254 0.235039027137341 0.16631582149733
0.363403231577792 -0.0574296487630624 0.0627399143180406 0.201550230111752
0.36947686760741 0.110633677273485 -0.0574090639757326 0.0445327265083419
0.253253350562437 0.176327403135996 -0.229199709101181 -0.0717739598539717
0.291109431128004 0.100939353721179 -0.16621735200075 -0.19699496425716
0.299968663049522 -0.0197216305576027 -0.240827612427141 -0.193847713583023
0.201000095832303 -0.161772869701711 -0.23466069336184 -0.117379919103475
0.0765915768243978 -0.223721849561545 -0.215855427518911 -0.0562765830479008
-0.0273901139632242 -0.203553706389137 -0.180681868718104 0.000806782931150244
-0.0893151875892 -0.175690423760199 -0.141075052909741 0.0107196451822655
-0.110174981108173 -0.185710838262241 -0.0889932790122984 -0.0473281409143606
-0.0972296692657359 -0.186427150122681 -0.0469025967652202 -0.11166906233982
-0.0849096071652374 -0.200696133735834 0.0448604620204274 -0.172415869233875
-0.0211093438051541 -0.238227135138227 0.149608352022475 -0.169928228149719
0.111336769728309 -0.230590904217747 0.27053101622234 -0.0276384999997923
0.259677477075589 -0.146369008890351 0.212044445148445 0.153095503732579
0.326056206089677 0.00839321273334308 0.0104906429375964 0.172014817318724
0.299414347135284 0.145799374054009 -0.156581920978993 -0.0186298445852557
0.172685474096723 0.143359111813809 -0.323688958264273 -0.120546713897662
0.222416991291587 0.0869694911348352 -0.233431225250324 -0.191564218320171
0.231279577355057 -0.0177231808615649 -0.231834197660962 -0.182429331914886
0.144232241324126 -0.125744994704586 -0.193000486119507 -0.149755532196797
0.0546872796108668 -0.164372513127181 -0.203264237594285 -0.121143194292205
-0.0171399626885664 -0.147544765601229 -0.203246112982931 -0.0677356812582066
-0.0616016688498339 -0.130522119607969 -0.180867355986533 -0.0542733244209816
-0.0653142780281807 -0.146828246731286 -0.127668556886036 -0.110928799867978
-0.046865718226333 -0.146509854559524 -0.0701565577713844 -0.170962378508881
-0.0285630779621889 -0.150958320858651 0.0431833890708162 -0.220061757096226
0.0252034556988673 -0.165984955897917 0.161719846148092 -0.200067426706162
0.118378532199557 -0.143840696306405 0.269793624750489 -0.041517745745808
0.224776907106007 -0.058219576368147 0.184907945799542 0.135533554990309
0.245096265816213 0.071185051229932 -0.0249669591272278 0.123743385124612
0.190261690882665 0.158412259592946 -0.212551421528819 -0.0884914340009747
0.0572237640408801 0.0962076018284965 -0.371220907699275 -0.145768999400734
0.111311111650191 0.0699782758613569 -0.264011337075519 -0.178077597410481
0.120273276150906 0.00055123501268493 -0.215097326981436 -0.176930119300304
0.0674129648312367 -0.0533458401410054 -0.173463442118562 -0.174529047426976
0.0346588447675081 -0.0668371012119355 -0.205083083487567 -0.156117416058356
0.00622167946060293 -0.0644048854058491 -0.222227783486679 -0.106483415513128
-0.0175800167057828 -0.0655272066288206 -0.205872204295987 -0.0968101265253929
-0.0113278146231695 -0.0862327191826359 -0.145612793946612 -0.154401408486281
0.00137437583551928 -0.0837354577156015 -0.0690333412068908 -0.21231484293508
0.0139020791298422 -0.081291092594859 0.0632743112266162 -0.248344312280805
0.0423742783522396 -0.0849875373114291 0.188306118145672 -0.204693847725574
0.0894990079762983 -0.0673652564139455 0.273842316866469 -0.0380585065990595
0.156219196034111 0.00164387949529489 0.164410393765978 0.117060976242627
0.139389174026816 0.0983383301742417 -0.0318353324086832 0.0752116303881108
0.0646307328756692 0.134023242757269 -0.2212186410516 -0.148908834561013
0.0429804617152235 -0.0647104704120399 0.247382566872536 0.160752242619269
-0.0370510787776727 -0.0573913049587396 0.10646001797696 -0.0927812893030897
-0.0587629812862435 -0.0115231342207437 -0.129054651104328 -0.138992364513794
-0.020160196095221 0.0114094140440733 -0.292543957353403 -0.00199195645097025
-0.0194569303069767 -0.00619796985732045 -0.243363104071065 0.181953635903833
-0.0244803997598173 -0.00447279182347575 -0.0991334804686524 0.253445370211619
-0.0283375470947675 0.0012183839322925 0.0391249469253125 0.256957350657378
-0.0458737975178811 0.0026678278526111 0.151300302903472 0.198497076738146
-0.0484413988758126 -0.000941509436468635 0.200941948429262 0.14757387093079
-0.0488656042481894 -0.0226445762967995 0.225229196112078 0.125708301843799
-0.0280759338377135 -0.0496855005338436 0.222819653961839 0.169563273554939
0.00614865428235045 -0.0479128154434646 0.192658864430018 0.220215822462442
-2.3938474896593E-05 -0.0484921059995079 0.189138457275874 0.220045552526416
0.0238316602265227 -0.0662239333337907 0.234315903780244 0.239966020994236
0.0917396305319072 -0.0586003915324286 0.351362495943671 0.192708183684401
0.137119821050442 0.0123453609101367 0.197070913005861 0.165432582039877
0.0564197944611918 -0.0141141961107603 0.0873682556547606 -0.0849502873887338
0.0280481213940369 -0.000503909512924973 -0.145415262837282 -0.142295418193026
0.0447989189061953 -0.017665910591115 -0.296221512317953 -0.0158324053180586
0.0169658316485134 -0.0653736716638553 -0.25624380016116 0.15757017674841
-0.0231490692955583 -0.0740011467763843 -0.121079192294659 0.239663538944167
-0.0547450183940248 -0.0690725162189168 0.01291312849119 0.248980729867743
-0.0943059566024274 -0.0716395223451165 0.124425251434483 0.187286978483368
-0.100572643779072 -0.07911563136122 0.1746006294835 0.127988157509964
-0.0980547585098952 -0.111204594144177 0.210932581346884 0.0879581459710863
-0.0484984082756787 -0.160426448914101 0.228110772991181 0.119261209531721
0.0512214303051111 -0.16050338504869 0.221794954720774 0.188197033453538
0.115346489893103 -0.121645327577002 0.206579856921765 0.211913638453875
0.167132711213169 -0.0740555979524731 0.204336035382281 0.225628471288285
0.228681898444914 -0.00999276281801123 0.290070036267063 0.17157027487523
0.21607144024155 0.0906088079698567 0.118390405227277 0.131369032384691
0.154154985617275 0.0380771471988387 0.0557618810610096 -0.111122303242433
0.132189725280313 0.00960887299060235 -0.173575899740489 -0.164942587736949
0.117285634383947 -0.0569534778800649 -0.30480945000833 -0.0340798024998246
0.0540339998980777 -0.128564533152084 -0.259595090281916 0.127221254089447
-0.020455103939052 -0.13984650808405 -0.13626904974271 0.20828642110315
-0.076723151039301 -0.131906790618061 -0.01884967329311 0.214920546998932
-0.129936613983541 -0.13438580271545 0.0807960869799879 0.150701452652417
-0.138199139891943 -0.142021357341681 0.126174595324269 0.084223002775967
-0.13883992586943 -0.175947793877776 0.175329619501957 0.0276415422629494
-0.0785212000238291 -0.242033858911047 0.21809465765922 0.0431798213391809
0.0642824833124066 -0.253654027537157 0.252459564511938 0.131626793097963
0.192673388150303 -0.197855068834788 0.229278032045571 0.197855188189639
0.279912981136001 -0.0915637049951412 0.164137909956955 0.217939279513211
0.331892587929746 0.0292527655850249 0.188623948126631 0.13729522307632
0.269287347824717 0.152000059620607 0.0149815805285409 0.0673472634855715
0.243074268215836 0.0808500031175004 0.00273411506691104 -0.151847752186923
0.235688204292131 0.00637581887819737 -0.203708906706799 -0.191132713636688
0.182454545022187 -0.108757919644544 -0.301152368278868 -0.0591842681757997
0.0795317346779401 -0.190581546347769 -0.252699677766209 0.0804652192376573
-0.0221739130250188 -0.192565093397835 -0.147503686075028 0.154057530611228
-0.0920789993763694 -0.175805423479628 -0.0547115833710266 0.15794660592278
-0.145241561547407 -0.178655588011831 0.0243883864030294 0.0933918207354422
-0.151362042571093 -0.183068176882137 0.0640372980714675 0.0252356850631294
-0.153581216057771 -0.213070146494753 0.124437971345704 -0.0411697561207776
-0.0918202196151595 -0.282628472338055 0.191272779414492 -0.0388227111090528
0.0688356310006203 -0.30086892590963 0.268743194550994 0.0684081981659417
0.238461658842406 -0.238167929785924 0.238409925539465 0.182114202565881
0.347069240289201 -0.0913015700835401 0.114733213132341 0.213875185715409
0.380039027942059 0.0698632129599552 0.0647633693514576 0.095922996100149
0.283610692445297 0.182833223228797 -0.106948823421731 -0.00809597575397553
0.295327555022158 0.103718938670263 -0.0742905153187896 -0.1859249290944
0.30253430641989 -0.00617356094336834 -0.226992582619383 -0.202693765096063
0.215745373203695 -0.151472078672747 -0.27581705398632 -0.0898642620381192
0.0873606362030541 -0.230116966160473 -0.236125717660035 0.0143875209359324
-0.0251840947693815 -0.217337433079112 -0.161017503893314 0.0796901933921131
-0.0976394568718422 -0.191859561652456 -0.0967038849007385 0.0856160356973017
-0.139497580654025 -0.196693385397979 -0.0349827904207971 0.0246489385540698
-0.136094657478995 -0.199247014044283 0.00176227139850249 -0.0423843932235838
-0.133502485179615 -0.220100354511283 0.0756926572678814 -0.109420046557616
-0.0702086119013307 -0.278870825648579 0.162954443840081 -0.110008048610245
0.0870621187616907 -0.289750576461514 0.271867952247314 0.0124538976413686
0.261936795787201 -0.217529804481835 0.231177278282094 0.168417770330142
0.3628831387602 -0.0542728583010737 0.058009950851685 0.202362604925334
0.366987415498873 0.113171861806991 -0.0588107030313659 0.0445234140755801
0.249284802122775 0.179400384053192 -0.226549422986236 -0.0771822553778478
0.288431858150843 0.1045953249456 -0.15978871371927 -0.200561471496506
0.301164182552866 -0.0158572729018697 -0.235262810175908 -0.196984162879635
0.202061159586976 -0.158280769825491 -0.232767928863093 -0.123955242091984
0.0772936743111761 -0.222380241324637 -0.215248847983359 -0.0619423852299719
-0.0252191529390725 -0.202735258404265 -0.179980858572055 -0.00204603231099209
-0.0877019786640724 -0.175876971630389 -0.141248886274137 0.00937442411802814
-0.110528887889711 -0.186164559975023 -0.0889043663206922 -0.0475218482145232
-0.0968597529647966 -0.186918937576182 -0.0452372734737526 -0.109722596624606
-0.0833163585196357 -0.198742961840851 0.0466185389454029 -0.170572466065429
-0.0205937081693147 -0.235108947005031 0.152034464765532 -0.164558231447487
0.11250285447759 -0.227470206254941 0.270416491008636 -0.0221924490778828
0.261475865670919 -0.143556893736594 0.209407647860382 0.154296204952531
0.325076415806226 0.0122411061890138 0.00629121155212264 0.17238328787956
0.297167906636027 0.148588296029366 -0.156441117165556 -0.0195703201502268
0.168853500726007 0.145724845223303 -0.320663817556538 -0.126286029927629
0.220159800656603 0.0899205004081647 -0.227336137010299 -0.195383134510854
0.232061089522023 -0.0148761983784612 -0.226672902507997 -0.184787678362459
0.145112307305051 -0.122679553148511 -0.190447223357504 -0.155504199509395
0.0553712489225932 -0.162980958293544 -0.201984070329564 -0.127057926808762
-0.0151346323889217 -0.146877258528876 -0.202141066617105 -0.0707422313447938
-0.0600271216119383 -0.130629175793719 -0.179510080612093 -0.0552363370330166
-0.0661077270740638 -0.147301311023865 -0.127643799001806 -0.108866941745384
-0.0469594011911433 -0.146538636757633 -0.068518751249649 -0.168524579361454
-0.0269162410832342 -0.149184030782733 0.0449541953684655 -0.217842728706217
0.0254540731039414 -0.163798533169225 0.164590822865807 -0.195028149968795
0.119357458379452 -0.141152708219228 0.270711542451817 -0.0363241560440198
0.224636068733453 -0.0560812099977736 0.182476082799298 0.137951239393551
0.244048352185373 0.0743140798668143 -0.0278737365318923 0.122108835849524
0.187786874413072 0.160246962328144 -0.211210730246721 -0.0893141159132113
0.0541535814710404 0.0969840739477116 -0.368075263574521 -0.151060835922332
0.109546654573312 0.0711546642456473 -0.259735782780365 -0.181605805561234
0.120399431257295 0.00224387278114486 -0.210336522460555 -0.179823296663994
0.0677999307275666 -0.0516558647039558 -0.170783469792589 -0.18026669348054
0.0342144987438488 -0.0659518706927333 -0.203220455130209 -0.161351430128854
0.00747447804863631 -0.0633656636086619 -0.221085129994865 -0.109629721532703
-0.016638637115992 -0.0647750187150489 -0.205206719726647 -0.0972375988750626
-0.0117846274369156 -0.0865686076964422 -0.146040494987654 -0.152304016717428
0.00216620968700232 -0.0840711299831786 -0.0672506220288684 -0.210016847490896
0.0148106813256509 -0.0799049814058245 0.0650873892685116 -0.244530644677427
0.0421280070874529 -0.0830286557567195 0.189825723843286 -0.199467174973294
0.0894926880743131 -0.0649678644578731 0.273392930603974 -0.0320856327643402
0.15631942967067 0.00308217886585143 0.163420196208649 0.119320289553269
0.137311923559953 0.0999392644029044 -0.0343471379617269 0.0745229897623218
0.0623779008134295 0.133746106168462 -0.218757488946795 -0.148833553516462
