TRXV5
3
4
4
9
string Extension=J
integer IsArchMeasurement=1
integer IsSpherical=1
string Generator=SPM
string GeneratorVersion=1.3.1 Dev
double ArchRadius=0.449999988079071
integer FrequencyAxisIndex=0
integer AzimuthAxisIndex=1
integer ElevationAxisIndex=2
Frequency
5 136 690000000 960000000 LIN
Azimuth
7 8 0 2.74889357189107 LIN
Elevation
7 15 -2.74889357189107 2.74889357189107 LIN
Polar H Real Part
13
Polar H Imaginary Part
14
Polar V Real Part
13
Polar V Imaginary Part
14
Polar H Magnitude (dB)
12 0xC0000002 0 1
Polar H Phase
7 0xC0000003 0 1
Polar V Magnitude (dB)
12 0xC0000002 2 3
Polar V Phase
7 0xC0000003 2 3
-0.0385284423828125 -0.0619163513183594 0.171981811523438 0.019134521484375
-0.053985595703125 -0.0502738952636719 0.118217468261719 -0.00301361083984375
-0.072479248046875 -0.00519561767578124 -7.82012939453166E-05 -0.0123958587646484
-0.0493431091308594 0.0328865051269531 -0.0598869323730469 0.0456962585449219
-0.0168914794921875 0.0355949401855469 -0.0640792846679687 0.100723266601563
0.00677108764648437 0.0365486145019531 -0.0288238525390625 0.18182373046875
0.01995849609375 0.037628173828125 0.0314178466796875 0.222885131835938
0.0119991302490234 0.0337905883789063 0.0612335205078125 0.215988159179687
0.0202293395996094 0.0356864929199219 0.0478973388671875 0.198562622070313
0.0120697021484375 0.0481071472167969 0.00704956054687501 0.167083740234375
-0.00598526000976563 0.0546722412109375 0.00262451171875 0.101997375488281
-0.0345802307128906 0.0597457885742188 0.0246467590332031 0.0484962463378906
-0.0694999694824219 0.0193977355957031 0.0955657958984375 0.0423507690429688
-0.0609512329101562 -0.0214004516601563 0.220062255859375 0.1025390625
-0.0431022644042969 -0.0181312561035156 0.264312744140625 0.239791870117188
-0.131904602050781 -0.122718811035156 0.1500244140625 0.00808715820312499
-0.148971557617188 -0.100677490234375 0.108955383300781 -0.00558471679687501
-0.164215087890625 -0.030426025390625 0.0163917541503906 -0.0171852111816406
-0.142242431640625 0.041839599609375 -0.0501251220703125 0.0262260437011719
-0.0887069702148438 0.0796051025390625 -0.0660476684570313 0.07598876953125
-0.0360641479492187 0.120124816894531 -0.040740966796875 0.164276123046875
0.0109634399414063 0.1260986328125 0.0167388916015625 0.1976318359375
0.00332641601562499 0.114273071289063 0.0513916015625 0.188369750976563
0.0105514526367187 0.122184753417969 0.0426177978515625 0.171356201171875
-0.011016845703125 0.129348754882813 0.00654602050781251 0.145965576171875
-0.0504302978515625 0.115158081054688 0.00303649902343749 0.0779266357421875
-0.0954666137695312 0.1044921875 0.0285568237304687 0.0273284912109375
-0.148666381835937 0.0330810546875 0.113151550292969 0.0228271484375
-0.155014038085938 -0.0402679443359375 0.216842651367188 0.0849151611328125
-0.143173217773438 -0.0605316162109375 0.247329711914063 0.219558715820312
-0.206680297851563 -0.167312622070313 0.0984878540039062 -0.0233001708984375
-0.224746704101563 -0.139022827148438 0.0779953002929687 -0.019195556640625
-0.235458374023438 -0.0525665283203125 0.0261554718017578 -0.0185947418212891
-0.218643188476563 0.0435333251953125 -0.0313987731933594 0.00634574890136718
-0.150741577148438 0.110092163085937 -0.0531272888183594 0.0408592224121094
-0.078369140625 0.186065673828125 -0.0418319702148438 0.120918273925781
-0.00245666503906249 0.19622802734375 0.00218200683593751 0.141082763671875
-0.00656127929687501 0.1781005859375 0.0324325561523437 0.13153076171875
0.0021209716796875 0.191085815429687 0.0269622802734375 0.119865417480469
-0.0281219482421875 0.1962890625 0.00172424316406251 0.1038818359375
-0.0832672119140625 0.1661376953125 0.000202178955078116 0.043212890625
-0.14215087890625 0.144607543945313 0.0284004211425781 0.00423049926757813
-0.210708618164063 0.050689697265625 0.116325378417969 0.00592041015625
-0.229034423828125 -0.0456390380859375 0.18377685546875 0.068511962890625
-0.2247314453125 -0.0890350341796875 0.19879150390625 0.18365478515625
-0.252975463867187 -0.180465698242188 0.0242385864257812 -0.0668678283691406
-0.270217895507812 -0.148880004882813 0.0266036987304687 -0.0393600463867188
-0.27337646484375 -0.05670166015625 0.0265617370605469 -0.0201702117919922
-0.257965087890625 0.046051025390625 -0.0077800750732422 -0.0158710479736328
-0.186569213867188 0.126678466796875 -0.0292930603027344 -0.00144004821777343
-0.105987548828125 0.2220458984375 -0.034149169921875 0.0573043823242188
-0.0145721435546875 0.235000610351563 -0.0119132995605469 0.06158447265625
-0.0160369873046875 0.214263916015625 0.00782012939453125 0.0547943115234375
-0.00755310058593749 0.23321533203125 0.00443267822265625 0.0506095886230469
-0.042633056640625 0.23583984375 -0.00690078735351563 0.0454216003417969
-0.107574462890625 0.195556640625 -0.00548076629638673 0.0011277198791504
-0.171981811523438 0.165512084960938 0.0245018005371094 -0.01861572265625
-0.245437622070313 0.0592803955078125 0.103530883789062 -0.0054168701171875
-0.270416259765625 -0.0469818115234375 0.126617431640625 0.0552978515625
-0.272384643554688 -0.10333251953125 0.124748229980469 0.139289855957031
-0.260360717773438 -0.1624755859375 -0.0635604858398438 -0.113372802734375
-0.272308349609375 -0.128204345703125 -0.0359840393066407 -0.0614395141601563
-0.263748168945312 -0.042449951171875 0.014678955078125 -0.0232582092285156
-0.249679565429687 0.04730224609375 0.0109634399414062 -0.0398712158203125
-0.185501098632813 0.123214721679687 -0.00488281250000001 -0.046905517578125
-0.11285400390625 0.22186279296875 -0.0235080718994141 -0.0165119171142578
-0.0237274169921875 0.23699951171875 -0.0255756378173828 -0.0268993377685547
-0.023162841796875 0.218460083007813 -0.0185050964355469 -0.0295448303222656
-0.0186920166015625 0.239913940429688 -0.0199546813964844 -0.0264701843261719
-0.056365966796875 0.237960815429688 -0.0163307189941406 -0.0217800140380859
-0.121414184570313 0.191085815429688 -0.0103950500488281 -0.0438499450683594
-0.181716918945312 0.156021118164063 0.01934814453125 -0.0390510559082031
-0.246551513671875 0.0489349365234375 0.0800094604492187 -0.0102462768554687
-0.268096923828125 -0.0511627197265625 0.0550346374511719 0.0457954406738281
-0.275909423828125 -0.10443115234375 0.037506103515625 0.0902633666992188
-0.226348876953125 -0.115753173828125 -0.148101806640625 -0.152374267578125
-0.225860595703125 -0.08624267578125 -0.0975494384765625 -0.0810775756835937
-0.20623779296875 -0.022552490234375 -0.00680923461914064 -0.0271797180175781
-0.19439697265625 0.0384979248046875 0.0190238952636719 -0.0608253479003906
-0.149612426757813 0.097808837890625 0.0118942260742187 -0.0853958129882813
-0.100234985351563 0.18609619140625 -0.0150833129882813 -0.0864791870117187
-0.0281524658203125 0.20208740234375 -0.037200927734375 -0.109176635742187
-0.026611328125 0.18994140625 -0.041473388671875 -0.109687805175781
-0.02960205078125 0.210784912109375 -0.038238525390625 -0.100738525390625
-0.0663604736328125 0.2020263671875 -0.017852783203125 -0.0865631103515625
-0.122161865234375 0.152999877929687 -0.00744628906250001 -0.0834732055664062
-0.168075561523437 0.115325927734375 0.0184211730957031 -0.0545501708984375
-0.208251953125 0.021392822265625 0.0526161193847656 -0.0113029479980469
-0.223114013671875 -0.0548248291015625 -0.0163307189941406 0.0345745086669922
-0.23663330078125 -0.093109130859375 -0.0457801818847656 0.0402107238769531
-0.155120849609375 -0.0546875 -0.21630859375 -0.1783447265625
-0.140090942382813 -0.03955078125 -0.149642944335938 -0.09259033203125
-0.117027282714844 -0.00769042968750002 -0.0344867706298828 -0.0284214019775391
-0.112213134765625 0.0172500610351563 0.0152206420898437 -0.0715103149414063
-0.0948638916015625 0.0541152954101563 0.0188064575195313 -0.107460021972656
-0.0747756958007812 0.120994567871094 -0.0111465454101563 -0.138999938964844
-0.0292739868164062 0.137428283691406 -0.0472564697265625 -0.173446655273438
-0.0265274047851562 0.133712768554688 -0.0579376220703125 -0.173263549804688
-0.0361480712890625 0.150299072265625 -0.0462646484375 -0.162002563476563
-0.0647048950195312 0.13446044921875 -0.008148193359375 -0.140235900878906
-0.101142883300781 0.0902786254882812 0.00606536865234375 -0.110282897949219
-0.124771118164063 0.0567855834960938 0.0234947204589844 -0.0625495910644531
-0.136306762695313 -0.00585937499999998 0.0275344848632812 -0.0130844116210938
-0.143264770507813 -0.0470428466796875 -0.0741653442382813 0.0164718627929687
-0.163284301757813 -0.063385009765625 -0.1123046875 -0.0066375732421875
-0.0593223571777344 0.00901031494140625 -0.260894775390625 -0.187896728515625
-0.0329494476318359 -0.001220703125 -0.184158325195313 -0.0924072265625
-0.0188064575195313 -0.00550270080566406 -0.0626449584960938 -0.0212516784667969
-0.025787353515625 -0.0137500762939453 0.00474929809570312 -0.0674400329589844
-0.0366325378417969 3.05175781250028E-05 0.0177001953125 -0.111457824707031
-0.0457077026367188 0.0393714904785156 -0.01202392578125 -0.16827392578125
-0.0288352966308594 0.0535888671875 -0.0538787841796875 -0.209884643554688
-0.0224342346191406 0.0571784973144531 -0.0664825439453125 -0.210708618164063
-0.0339546203613281 0.0664215087890625 -0.043121337890625 -0.19921875
-0.045989990234375 0.0495033264160156 0.0100860595703125 -0.171600341796875
-0.0545845031738281 0.0201797485351562 0.0259323120117187 -0.120353698730469
-0.0528907775878906 0.00260543823242187 0.03271484375 -0.0614585876464844
-0.042694091796875 -0.0141067504882812 0.00664520263671875 -0.013545036315918
-0.0461044311523437 -0.0164451599121094 -0.10992431640625 -0.00294494628906252
-0.071044921875 -0.0152053833007813 -0.152786254882813 -0.042327880859375
-0.0437049865722656 -0.0602607727050781 0.185012817382813 0.0090484619140625
-0.05804443359375 -0.0479393005371094 0.126922607421875 -0.0108184814453125
-0.0731658935546875 -0.00135040283203126 0.00145530700683593 -0.0129499435424805
-0.0480766296386719 0.0360183715820312 -0.0582504272460937 0.0531044006347656
-0.0152435302734375 0.0368728637695313 -0.0593109130859375 0.110786437988281
0.009368896484375 0.0366706848144531 -0.016326904296875 0.191604614257813
0.0224990844726563 0.0367050170898438 0.0526275634765625 0.230010986328125
0.0147056579589844 0.0336704254150391 0.0838623046875 0.220748901367187
0.02374267578125 0.0340900421142578 0.06744384765625 0.203964233398438
0.0164871215820312 0.0480537414550781 0.01953125 0.175552368164063
-0.00148391723632813 0.0566825866699219 0.0097808837890625 0.107109069824219
-0.0296974182128906 0.064300537109375 0.028717041015625 0.0501632690429688
-0.0691871643066406 0.0255813598632813 0.101799011230469 0.037353515625
-0.0649452209472656 -0.0163002014160156 0.237197875976563 0.08770751953125
-0.0444869995117188 -0.0138015747070313 0.292266845703125 0.229278564453125
-0.146224975585937 -0.1165771484375 0.161331176757813 0.000320434570312493
-0.161331176757813 -0.0925140380859375 0.116432189941406 -0.0125045776367188
-0.171340942382813 -0.0206298828125 0.0179729461669922 -0.019134521484375
-0.144149780273438 0.0537261962890625 -0.0499801635742188 0.0326347351074219
-0.0862808227539063 0.0885543823242187 -0.0623016357421875 0.0851821899414063
-0.0281295776367187 0.126884460449219 -0.0282745361328125 0.174362182617188
0.0208740234375 0.129447937011719 0.0349884033203125 0.2052001953125
0.0124893188476563 0.118667602539063 0.0705718994140625 0.192520141601563
0.0219497680664062 0.125518798828125 0.060028076171875 0.17626953125
-0.00109100341796876 0.135009765625 0.019378662109375 0.153350830078125
-0.0433197021484375 0.12335205078125 0.00925445556640625 0.0827102661132813
-0.0908050537109375 0.116607666015625 0.0311355590820312 0.0285072326660156
-0.151535034179688 0.0458526611328125 0.118782043457031 0.0157394409179688
-0.164642333984375 -0.02978515625 0.2322998046875 0.0713043212890625
-0.1539306640625 -0.0513458251953125 0.273910522460938 0.20953369140625
-0.228195190429688 -0.158447265625 0.105537414550781 -0.0280914306640625
-0.24383544921875 -0.127334594726563 0.0825271606445313 -0.0235366821289063
-0.248245239257813 -0.038482666015625 0.0272541046142578 -0.0223197937011719
-0.224014282226563 0.0617828369140625 -0.031393051147461 0.00979614257812501
-0.149368286132813 0.12628173828125 -0.0502090454101563 0.0483894348144531
-0.0655975341796875 0.1981201171875 -0.0306777954101562 0.129745483398437
0.0136260986328125 0.202926635742187 0.0155029296875 0.147430419921875
0.00816345214843748 0.186569213867187 0.0466766357421875 0.134521484375
0.018890380859375 0.19976806640625 0.039642333984375 0.123527526855469
-0.012969970703125 0.207000732421875 0.0120315551757812 0.110008239746094
-0.074371337890625 0.180328369140625 0.00420379638671875 0.0475654602050781
-0.1365966796875 0.162490844726563 0.0295658111572266 0.00478172302246095
-0.21490478515625 0.0673675537109375 0.120742797851562 -0.00279998779296875
-0.242721557617188 -0.0313873291015625 0.1964111328125 0.057159423828125
-0.2420654296875 -0.075286865234375 0.219772338867187 0.177597045898438
-0.278076171875 -0.170211791992188 0.0237541198730469 -0.0676116943359375
-0.29248046875 -0.135009765625 0.0269813537597656 -0.0398406982421875
-0.288360595703125 -0.03985595703125 0.0274028778076172 -0.0232219696044922
-0.266860961914063 0.0681304931640624 -0.00888633728027345 -0.014399528503418
-0.185317993164063 0.146270751953125 -0.0284099578857422 0.00236511230468751
-0.091522216796875 0.23876953125 -0.0270767211914063 0.0628814697265625
0.00497436523437499 0.244766235351562 -0.00609207153320312 0.0661888122558594
0.00228881835937498 0.226226806640625 0.0144119262695313 0.0572853088378906
0.0130615234375 0.244644165039063 0.0105934143066406 0.053314208984375
-0.024566650390625 0.24993896484375 -0.000865936279296875 0.0496711730957031
-0.09722900390625 0.213150024414062 -0.00396537780761719 0.00415706634521486
-0.166946411132812 0.187393188476562 0.0241737365722656 -0.018646240234375
-0.250701904296875 0.07904052734375 0.106773376464844 -0.0135574340820312
-0.286773681640625 -0.0302734375000001 0.135772705078125 0.0487213134765625
-0.29345703125 -0.086578369140625 0.137969970703125 0.137214660644531
-0.28509521484375 -0.151092529296875 -0.0707473754882813 -0.109748840332031
-0.294158935546875 -0.113189697265625 -0.0405044555664063 -0.0585823059082031
-0.278518676757813 -0.0265655517578124 0.0145416259765625 -0.024627685546875
-0.258621215820312 0.068603515625 0.00921630859374998 -0.0408515930175781
-0.185684204101563 0.143814086914062 -0.00591278076171876 -0.0472526550292969
-0.0983428955078125 0.240402221679688 -0.0210647583007813 -0.0150470733642578
-0.0043182373046875 0.248306274414063 -0.0269584655761719 -0.0251064300537109
-0.00468444824218751 0.231674194335938 -0.0205211639404297 -0.0284957885742187
0.0020294189453125 0.253707885742188 -0.0208759307861328 -0.0252647399902344
-0.0374908447265625 0.25408935546875 -0.0156764984130859 -0.019775390625
-0.111602783203125 0.211074829101562 -0.0119667053222656 -0.0422935485839844
-0.17852783203125 0.179336547851562 0.0177345275878906 -0.0393142700195312
-0.252731323242188 0.0689849853515626 0.081878662109375 -0.0171966552734375
-0.28607177734375 -0.03466796875 0.0597991943359375 0.0448074340820313
-0.2982177734375 -0.08953857421875 0.0431900024414062 0.093048095703125
-0.24639892578125 -0.106246948242187 -0.16253662109375 -0.145599365234375
-0.243667602539062 -0.0748291015625 -0.107749938964844 -0.074432373046875
-0.218368530273438 -0.00947570800781254 -0.00870323181152345 -0.027984619140625
-0.202072143554688 0.055877685546875 0.0157546997070312 -0.0632286071777344
-0.150588989257812 0.114639282226563 0.00916290283203124 -0.0890045166015625
-0.0881805419921875 0.202346801757813 -0.018798828125 -0.088592529296875
-0.010833740234375 0.212554931640625 -0.0464935302734375 -0.110450744628906
-0.01031494140625 0.202850341796875 -0.0515365600585937 -0.109756469726562
-0.0111236572265625 0.225189208984375 -0.0460205078125 -0.101669311523437
-0.052093505859375 0.21771240234375 -0.0236282348632813 -0.088226318359375
-0.11553955078125 0.170989990234375 -0.0125579833984375 -0.084136962890625
-0.167022705078125 0.135635375976563 0.0154647827148437 -0.0559158325195312
-0.21600341796875 0.0377655029296875 0.0531539916992187 -0.0170936584472656
-0.239227294921875 -0.042938232421875 -0.0160026550292969 0.0379180908203125
-0.256851196289063 -0.0803680419921876 -0.047515869140625 0.0464630126953125
-0.1666259765625 -0.04827880859375 -0.23675537109375 -0.168243408203125
-0.15093994140625 -0.0328216552734375 -0.162338256835938 -0.0832672119140625
-0.124763488769531 -0.0006866455078125 -0.0371627807617188 -0.0270500183105469
-0.118637084960937 0.027587890625 0.0112075805664062 -0.075042724609375
-0.0968399047851563 0.0651473999023438 0.01397705078125 -0.113441467285156
-0.0672760009765625 0.133979797363281 -0.0195159912109375 -0.144821166992188
-0.01702880859375 0.146240234375 -0.0628204345703125 -0.1761474609375
-0.0142364501953125 0.143508911132813 -0.074798583984375 -0.17449951171875
-0.0230255126953125 0.162063598632813 -0.0602264404296875 -0.165115356445313
-0.05596923828125 0.147689819335938 -0.01776123046875 -0.145187377929687
-0.0988845825195313 0.104156494140625 -0.000602722167968746 -0.114051818847656
-0.126724243164063 0.072174072265625 0.019989013671875 -0.0653152465820313
-0.142974853515625 0.00497436523437502 0.0265407562255859 -0.0166378021240234
-0.155426025390625 -0.0396270751953125 -0.0781326293945313 0.0238723754882813
-0.178359985351563 -0.0551910400390625 -0.120719909667969 0.00135803222656248
-0.0613555908203125 0.0105361938476563 -0.28363037109375 -0.175048828125
-0.0356330871582031 -0.00121307373046874 -0.198593139648437 -0.0818023681640625
-0.0212898254394531 -0.00545120239257813 -0.0653190612792969 -0.0174560546875
-0.0298347473144531 -0.0121192932128906 0.000465393066406254 -0.0712127685546875
-0.0400505065917969 0.00416946411132813 0.0117416381835938 -0.118606567382813
-0.0440940856933594 0.0467262268066406 -0.0235443115234375 -0.175796508789063
-0.0237388610839844 0.0589332580566406 -0.0736541748046875 -0.214736938476563
-0.0168609619140625 0.0631103515625 -0.0875244140625 -0.21307373046875
-0.0279998779296875 0.0743179321289063 -0.0616302490234375 -0.204727172851563
-0.0431861877441406 0.0568809509277344 -0.00238037109375 -0.180145263671875
-0.0554924011230469 0.0273017883300781 0.0181961059570312 -0.125679016113281
-0.0560455322265625 0.0093536376953125 0.0294761657714844 -0.06573486328125
-0.046722412109375 -0.0107803344726562 0.00397396087646484 -0.0154514312744141
-0.0518035888671875 -0.0147171020507813 -0.118148803710938 0.00609588623046875
-0.0775909423828125 -0.0118789672851563 -0.165985107421875 -0.0326995849609375
-0.0463790893554687 -0.0561103820800781 0.191909790039063 -0.0019989013671875
-0.0599517822265625 -0.0443153381347656 0.131126403808594 -0.019378662109375
-0.07244873046875 0.00197601318359375 0.00239276885986328 -0.0136518478393555
-0.0451698303222656 0.0380821228027344 -0.0540351867675781 0.0582466125488281
-0.0133018493652344 0.0368156433105469 -0.0520477294921875 0.116355895996094
0.0115337371826172 0.0348796844482422 -0.00239562988281252 0.195205688476563
0.0238571166992188 0.0354156494140625 0.0706939697265625 0.228607177734375
0.0170745849609375 0.0321769714355469 0.102432250976562 0.215225219726563
0.0261440277099609 0.0315742492675781 0.0841522216796875 0.20166015625
0.0200462341308594 0.0462532043457031 0.0326690673828125 0.177413940429688
0.00263214111328125 0.0569419860839844 0.016387939453125 0.108734130859375
-0.0235137939453125 0.0649032592773438 0.0312767028808594 0.0488739013671875
-0.0667610168457031 0.0302658081054687 0.104576110839844 0.0308303833007813
-0.0656051635742188 -0.010650634765625 0.24481201171875 0.0706787109375
-0.0435600280761719 -0.00942993164062499 0.3082275390625 0.21099853515625
-0.154678344726563 -0.10687255859375 0.166473388671875 -0.00802612304687501
-0.167388916015625 -0.0825042724609375 0.1201171875 -0.0194778442382813
-0.172210693359375 -0.0113372802734375 0.0181770324707031 -0.0207424163818359
-0.141403198242188 0.0624847412109375 -0.0468482971191406 0.037750244140625
-0.0814743041992188 0.0941390991210937 -0.0557708740234375 0.0911712646484375
-0.0191192626953125 0.128128051757813 -0.013916015625 0.177978515625
0.0301742553710937 0.128265380859375 0.05230712890625 0.205032348632813
0.02142333984375 0.118324279785156 0.08746337890625 0.188140869140625
0.0314559936523437 0.125213623046875 0.0748291015625 0.17474365234375
0.00961303710937501 0.136016845703125 0.0315093994140625 0.155487060546875
-0.03472900390625 0.127449035644531 0.0156021118164062 0.0848617553710938
-0.0823287963867188 0.123825073242187 0.0327930450439453 0.0282249450683594
-0.1485595703125 0.05548095703125 0.120162963867187 0.007781982421875
-0.16778564453125 -0.0189056396484375 0.238815307617188 0.05499267578125
-0.1575927734375 -0.039886474609375 0.288330078125 0.192657470703125
-0.241607666015625 -0.143325805664063 0.108528137207031 -0.0331268310546875
-0.253921508789063 -0.11114501953125 0.0844497680664062 -0.0270462036132813
-0.251068115234375 -0.0238494873046875 0.0280036926269531 -0.0245342254638672
-0.2222900390625 0.0772857666015625 -0.0304107666015625 0.0137596130371094
-0.142181396484375 0.137649536132813 -0.0452003479003906 0.0532798767089844
-0.0517578125 0.203109741210937 -0.0187759399414063 0.132682800292969
0.028839111328125 0.202728271484375 0.0279998779296875 0.14849853515625
0.0230712890625 0.187591552734375 0.05889892578125 0.1324462890625
0.035430908203125 0.200119018554688 0.0508804321289063 0.122344970703125
0.00297546386718751 0.210205078125 0.0223388671875 0.111618041992188
-0.0629425048828125 0.188461303710938 0.00877761840820313 0.0498123168945313
-0.126419067382813 0.174606323242188 0.0305290222167969 0.00507354736328126
-0.211105346679688 0.08148193359375 0.120521545410156 -0.0114669799804687
-0.247955322265625 -0.0162353515625 0.201553344726563 0.043792724609375
-0.2493896484375 -0.0580596923828125 0.2320556640625 0.164779663085937
-0.293304443359375 -0.152496337890625 0.02337646484375 -0.0670509338378906
-0.30401611328125 -0.115509033203125 0.0273361206054687 -0.039764404296875
-0.2926025390625 -0.0225830078125 0.0269756317138672 -0.0253925323486328
-0.265548706054688 0.0871124267578126 -0.0093517303466797 -0.0118036270141602
-0.1778564453125 0.161148071289063 -0.0255603790283203 0.00558090209960939
-0.074798583984375 0.245941162109375 -0.0193252563476563 0.0650520324707031
0.0233306884765625 0.244888305664063 0.000991821289062497 0.0682601928710938
0.020660400390625 0.2283935546875 0.0200004577636719 0.056671142578125
0.032989501953125 0.247406005859375 0.0162162780761719 0.0533103942871094
-0.00550842285156248 0.254409790039063 0.00562667846679688 0.0517463684082031
-0.083770751953125 0.223587036132813 -0.00214862823486329 0.00666427612304689
-0.155136108398437 0.202911376953125 0.0237178802490234 -0.0174579620361328
-0.2467041015625 0.095550537109375 0.105476379394531 -0.0217819213867187
-0.292938232421875 -0.012908935546875 0.139320373535156 0.0403823852539063
-0.303375244140625 -0.0671081542968749 0.147491455078125 0.1304931640625
-0.2989501953125 -0.13433837890625 -0.074981689453125 -0.103118896484375
-0.306182861328125 -0.094818115234375 -0.0433692932128907 -0.0534477233886719
-0.28369140625 -0.00906372070312503 0.013833999633789 -0.0259571075439453
-0.258270263671875 0.0874481201171875 0.00692749023437498 -0.0399131774902344
-0.177886962890625 0.15966796875 -0.00622940063476563 -0.0458602905273437
-0.0814971923828125 0.248931884765625 -0.0189399719238281 -0.0139389038085937
0.0150146484375 0.2491455078125 -0.0273456573486328 -0.0219841003417969
0.0147552490234375 0.235092163085938 -0.021575927734375 -0.0267925262451172
0.0233154296875 0.256988525390625 -0.0212879180908203 -0.024179458618164
-0.01849365234375 0.261062622070313 -0.0146808624267578 -0.0180282592773437
-0.0990142822265625 0.2232666015625 -0.0130424499511719 -0.0394248962402344
-0.167739868164062 0.19573974609375 0.015838623046875 -0.0383491516113281
-0.25030517578125 0.085296630859375 0.0804519653320312 -0.0239334106445312
-0.292938232421875 -0.017852783203125 0.0628395080566406 0.0418281555175781
-0.309295654296875 -0.069610595703125 0.0479278564453125 0.0925979614257813
-0.257431030273438 -0.09344482421875 -0.170989990234375 -0.133453369140625
-0.252670288085937 -0.059722900390625 -0.113037109375 -0.0654678344726562
-0.222442626953125 0.00439453124999998 -0.0102863311767578 -0.0271759033203125
-0.203216552734375 0.0716094970703125 0.0121688842773437 -0.0637626647949219
-0.1453857421875 0.12835693359375 0.00540924072265625 -0.0897979736328125
-0.0737762451171875 0.21136474609375 -0.0209197998046875 -0.0889816284179688
0.0057373046875 0.214813232421875 -0.0539169311523438 -0.106590270996094
0.00659179687500001 0.20611572265625 -0.0592498779296875 -0.105667114257812
0.00802612304687501 0.229293823242188 -0.0526123046875 -0.099029541015625
-0.03485107421875 0.22479248046875 -0.0272216796875 -0.0870285034179687
-0.104949951171875 0.182815551757813 -0.0158843994140625 -0.082366943359375
-0.159393310546875 0.1519775390625 0.0127410888671875 -0.0550308227539062
-0.21575927734375 0.0520477294921875 0.05108642578125 -0.0219612121582031
-0.24658203125 -0.0285797119140625 -0.0145339965820313 0.0407905578613281
-0.267959594726563 -0.0637664794921875 -0.047332763671875 0.0511016845703125
-0.173187255859375 -0.0405731201171875 -0.248016357421875 -0.151885986328125
-0.156784057617188 -0.0251922607421875 -0.16998291015625 -0.0709686279296875
-0.127784729003906 0.00704193115234377 -0.039703369140625 -0.024505615234375
-0.120216369628906 0.0371780395507812 0.00690460205078125 -0.0756149291992188
-0.095184326171875 0.0744705200195313 0.0077362060546875 -0.116218566894531
-0.0578460693359375 0.141204833984375 -0.026947021484375 -0.145431518554688
-0.0050506591796875 0.148513793945313 -0.075775146484375 -0.172607421875
-0.00184631347656249 0.146682739257813 -0.087799072265625 -0.16900634765625
-0.00822448730468749 0.167312622070313 -0.072357177734375 -0.162033081054687
-0.04437255859375 0.155075073242188 -0.026824951171875 -0.145156860351563
-0.09222412109375 0.114151000976562 -0.006561279296875 -0.11358642578125
-0.12322998046875 0.08404541015625 0.01629638671875 -0.0655136108398438
-0.145156860351563 0.0144195556640625 0.0237598419189453 -0.0195541381835938
-0.162338256835937 -0.0314178466796875 -0.0791778564453125 0.0307235717773437
-0.186874389648438 -0.04412841796875 -0.124252319335938 0.0105056762695313
-0.0622787475585938 0.0113677978515625 -0.29608154296875 -0.15789794921875
-0.0384559631347656 -0.0013275146484375 -0.205978393554688 -0.068084716796875
-0.0235881805419922 -0.00456428527832032 -0.0667152404785156 -0.0132942199707031
-0.0331783294677734 -0.00899314880371094 -0.0035552978515625 -0.0723419189453125
-0.0421218872070313 0.00819778442382813 0.00522613525390625 -0.122016906738281
-0.0407371520996094 0.0519371032714844 -0.03448486328125 -0.176925659179688
-0.018341064453125 0.0614700317382812 -0.0905609130859375 -0.210906982421875
-0.0101966857910156 0.0652313232421875 -0.104583740234375 -0.20745849609375
-0.0204010009765625 0.0789642333984375 -0.0764617919921875 -0.201248168945312
-0.0379486083984375 0.0626068115234375 -0.0149993896484375 -0.181854248046875
-0.053558349609375 0.0333137512207031 0.0110015869140625 -0.12738037109375
-0.0558242797851563 0.0157661437988281 0.0250740051269531 -0.0669784545898438
-0.0487403869628906 -0.00707626342773438 0.00115203857421875 -0.0167741775512695
-0.0558738708496094 -0.0122299194335938 -0.121635437011719 0.0153579711914062
-0.0825042724609375 -0.00784301757812499 -0.1728515625 -0.0220794677734375
-0.0468826293945313 -0.0523338317871094 0.194915771484375 -0.00799560546875
-0.0596694946289062 -0.0419769287109375 0.133316040039063 -0.0247650146484375
-0.07037353515625 0.00308227539062501 0.00423812866210937 -0.013768196105957
-0.0434379577636719 0.0376663208007813 -0.0496063232421875 0.0609169006347656
-0.0122337341308594 0.0359420776367188 -0.0462875366210937 0.11859130859375
0.0123710632324219 0.0324878692626953 0.00595092773437499 0.194686889648438
0.0247516632080078 0.0335483551025391 0.0816802978515625 0.224212646484375
0.0178050994873047 0.0306415557861328 0.112152099609375 0.209426879882813
0.0272808074951172 0.0291576385498047 0.0936279296875 0.19769287109375
0.0222663879394531 0.044586181640625 0.04052734375 0.177230834960938
0.00521469116210937 0.0558433532714844 0.0198135375976562 0.109085083007813
-0.0199432373046875 0.0641250610351563 0.0324363708496094 0.0486831665039063
-0.0635986328125 0.0327682495117188 0.104583740234375 0.0268707275390625
-0.0646209716796875 -0.00661468505859375 0.245697021484375 0.058624267578125
-0.0413780212402344 -0.0066375732421875 0.313751220703125 0.197265625
-0.157760620117187 -0.0991668701171875 0.169937133789063 -0.0128326416015625
-0.168014526367187 -0.075714111328125 0.122322082519531 -0.0231552124023438
-0.1700439453125 -0.00680541992187499 0.0187397003173828 -0.0211772918701172
-0.138664245605469 0.0664749145507813 -0.0434608459472656 0.0406417846679687
-0.0775527954101563 0.09588623046875 -0.0502395629882813 0.0941390991210937
-0.0139694213867187 0.126678466796875 -0.00518798828124999 0.178085327148438
0.0349502563476563 0.125190734863281 0.062591552734375 0.201263427734375
0.0267791748046875 0.116714477539062 0.0970001220703125 0.182815551757813
0.0371627807617188 0.122726440429688 0.083709716796875 0.170806884765625
0.0156021118164062 0.134994506835938 0.039764404296875 0.154937744140625
-0.0298690795898438 0.128746032714844 0.0191116333007812 0.0854644775390625
-0.076446533203125 0.1260986328125 0.0337772369384765 0.0284595489501953
-0.144912719726562 0.059844970703125 0.119056701660156 0.00263214111328125
-0.167861938476563 -0.01220703125 0.23944091796875 0.0445098876953125
-0.157745361328125 -0.0323333740234375 0.2930908203125 0.18121337890625
-0.246429443359375 -0.13232421875 0.11083984375 -0.0338516235351563
-0.255706787109375 -0.101531982421875 0.086090087890625 -0.0284881591796875
-0.249679565429688 -0.0167236328125 0.0277996063232422 -0.0255813598632813
-0.218612670898438 0.084869384765625 -0.0279445648193359 0.0168933868408203
-0.13714599609375 0.14154052734375 -0.0407638549804688 0.0562019348144531
-0.0433349609375 0.202285766601563 -0.0106582641601563 0.132957458496094
0.03741455078125 0.198699951171875 0.03680419921875 0.14642333984375
0.0315704345703125 0.185623168945313 0.0657577514648437 0.128547668457031
0.044525146484375 0.198211669921875 0.0573577880859375 0.119705200195313
0.01239013671875 0.208755493164063 0.028900146484375 0.111770629882813
-0.055572509765625 0.190811157226563 0.0122032165527344 0.0517921447753906
-0.118301391601563 0.179855346679687 0.0307445526123047 0.00628089904785157
-0.207305908203125 0.0880279541015625 0.118057250976562 -0.0168609619140625
-0.248931884765625 -0.00668334960937501 0.201171875 0.0358123779296875
-0.250335693359375 -0.0476226806640625 0.236297607421875 0.156280517578125
-0.299163818359375 -0.1405029296875 0.0248527526855469 -0.0641441345214844
-0.30755615234375 -0.104156494140625 0.027679443359375 -0.0382881164550781
-0.291595458984375 -0.01348876953125 0.0271186828613281 -0.0261077880859375
-0.26214599609375 0.0973663330078124 -0.00891304016113283 -0.00964641571044921
-0.171493530273438 0.167816162109375 -0.0230197906494141 0.0078411102294922
-0.0637664794921875 0.2469482421875 -0.0126609802246094 0.0654373168945313
0.0338287353515625 0.242111206054687 0.00662994384765626 0.0690040588378906
0.031707763671875 0.227142333984375 0.0238265991210938 0.0555648803710938
0.045166015625 0.245468139648438 0.0201301574707031 0.0520744323730469
0.00668334960937498 0.25421142578125 0.0102882385253906 0.0522689819335938
-0.074462890625 0.227554321289062 0.000441074371337886 0.00860881805419923
-0.146743774414063 0.210128784179688 0.0237083435058594 -0.0156650543212891
-0.242935180664063 0.103347778320313 0.102851867675781 -0.0268173217773437
-0.2950439453125 -0.00299072265625004 0.140296936035156 0.0354232788085938
-0.305419921875 -0.0535583496093751 0.150421142578125 0.12628173828125
-0.3055419921875 -0.123382568359375 -0.0751266479492188 -0.096832275390625
-0.3094482421875 -0.0838623046875001 -0.0437545776367188 -0.0487632751464844
-0.283111572265625 -0.000335693359374968 0.0128707885742187 -0.0257186889648438
-0.255233764648438 0.09893798828125 0.00599288940429686 -0.03790283203125
-0.172500610351563 0.167160034179688 -0.00547027587890626 -0.044830322265625
-0.0709381103515625 0.251480102539063 -0.0155973434448242 -0.013620376586914
0.02618408203125 0.246734619140625 -0.0265903472900391 -0.0200099945068359
0.02618408203125 0.234344482421875 -0.0216312408447266 -0.0251178741455078
0.037261962890625 0.25634765625 -0.0211391448974609 -0.0227813720703125
-0.00608825683593751 0.261550903320313 -0.0123977661132812 -0.0171260833740234
-0.089813232421875 0.227996826171875 -0.0118026733398438 -0.0375251770019531
-0.1590576171875 0.204010009765625 0.0157699584960937 -0.0366592407226562
-0.246139526367188 0.09295654296875 0.0779571533203125 -0.0279769897460937
-0.295745849609375 -0.00830078125000004 0.0630531311035156 0.0408515930175781
-0.312530517578125 -0.0567016601562499 0.0497817993164062 0.0919952392578125
-0.26239013671875 -0.0849761962890624 -0.172042846679688 -0.123565673828125
-0.256332397460938 -0.0512542724609375 -0.113990783691406 -0.0576324462890625
-0.223297119140625 0.0111541748046875 -0.0106658935546875 -0.0257339477539062
-0.201248168945313 0.0808258056640625 0.010101318359375 -0.0620002746582031
-0.14129638671875 0.135726928710937 0.00388336181640624 -0.0899124145507813
-0.064361572265625 0.21441650390625 -0.0214767456054688 -0.08837890625
0.0158233642578125 0.213363647460938 -0.0567245483398438 -0.10284423828125
0.0179595947265625 0.206161499023438 -0.0634841918945312 -0.101676940917969
0.0205535888671875 0.2296142578125 -0.0562667846679688 -0.0959091186523437
-0.023773193359375 0.227005004882812 -0.0285873413085937 -0.0851516723632812
-0.09765625 0.188735961914063 -0.0164031982421875 -0.0801925659179687
-0.15283203125 0.159988403320313 0.0119819641113281 -0.0536460876464844
-0.21368408203125 0.0592193603515625 0.0481529235839844 -0.0245704650878906
-0.250228881835938 -0.0208282470703125 -0.0142288208007813 0.0430107116699219
-0.271575927734375 -0.0529327392578125 -0.0473365783691406 0.0543022155761719
-0.176727294921875 -0.036712646484375 -0.24981689453125 -0.140487670898438
-0.159927368164063 -0.0208740234375 -0.171112060546875 -0.0613250732421875
-0.129287719726562 0.0111770629882812 -0.0395469665527344 -0.0220413208007812
-0.1207275390625 0.0436630249023437 0.00432586669921874 -0.0753250122070313
-0.093475341796875 0.0807876586914063 0.00500488281249999 -0.1168212890625
-0.051605224609375 0.144622802734375 -0.0309295654296875 -0.14501953125
0.0018310546875 0.148117065429688 -0.0821075439453125 -0.167861938476563
0.00669860839843749 0.147598266601563 -0.095672607421875 -0.16339111328125
0.00155639648437501 0.168289184570313 -0.0786895751953125 -0.15802001953125
-0.0362701416015625 0.157943725585938 -0.0316009521484375 -0.144012451171875
-0.087066650390625 0.119087219238281 -0.00911712646484377 -0.112274169921875
-0.118965148925781 0.0914993286132813 0.0149307250976562 -0.0650405883789063
-0.144500732421875 0.01947021484375 0.0211410522460937 -0.0208473205566406
-0.166229248046875 -0.026397705078125 -0.0786972045898438 0.035614013671875
-0.190475463867188 -0.037139892578125 -0.125732421875 0.01654052734375
-0.0632705688476563 0.0107307434082031 -0.298492431640625 -0.145294189453125
-0.0410881042480469 -0.00178146362304688 -0.207550048828125 -0.0581512451171875
-0.0257091522216797 -0.00395774841308594 -0.0662117004394531 -0.0106391906738281
-0.0356521606445313 -0.00655746459960937 -0.00588226318359375 -0.072418212890625
-0.0428199768066406 0.0119209289550781 0.00131988525390626 -0.123260498046875
-0.0380668640136719 0.05548095703125 -0.0405120849609375 -0.177017211914062
-0.0150413513183594 0.0621528625488281 -0.099456787109375 -0.20513916015625
-0.00489425659179687 0.066802978515625 -0.113555908203125 -0.200592041015625
-0.0144729614257812 0.0805435180664063 -0.0859222412109375 -0.196807861328125
-0.0337448120117187 0.0654449462890625 -0.0220794677734375 -0.18133544921875
-0.0517234802246094 0.0363235473632813 0.00714874267578126 -0.126998901367188
-0.0550613403320313 0.02020263671875 0.0222549438476562 -0.0666122436523438
-0.0494766235351563 -0.00415420532226562 -0.00222206115722657 -0.0162734985351563
-0.05938720703125 -0.010528564453125 -0.122314453125 0.0218353271484375
-0.0848388671875 -0.00478363037109376 -0.175491333007813 -0.01507568359375
-0.0457687377929688 -0.0510749816894531 0.200698852539063 -0.008697509765625
-0.0584907531738281 -0.041900634765625 0.137413024902344 -0.0267410278320313
-0.0694847106933594 0.00195312500000001 0.00605583190917968 -0.0146121978759766
-0.0431327819824219 0.0367469787597656 -0.0477218627929687 0.0623092651367188
-0.0125579833984375 0.035186767578125 -0.0449066162109375 0.120979309082031
0.0121364593505859 0.0312271118164062 0.0085601806640625 0.196929931640625
0.0247611999511719 0.032562255859375 0.0865631103515625 0.224960327148438
0.0178031921386719 0.0299396514892578 0.117691040039063 0.208572387695313
0.0273475646972656 0.0279140472412109 0.0981903076171875 0.198959350585938
0.0230484008789063 0.0437126159667969 0.043212890625 0.1800537109375
0.00651168823242188 0.0555648803710937 0.0211029052734375 0.111495971679688
-0.0187225341796875 0.0635910034179688 0.0323677062988281 0.0500526428222656
-0.0632476806640625 0.0335922241210938 0.104965209960937 0.0264739990234375
-0.0639305114746094 -0.00534820556640625 0.248489379882813 0.0548858642578125
-0.0392341613769531 -0.00537872314453125 0.316375732421875 0.195953369140625
-0.158905029296875 -0.0959320068359375 0.17510986328125 -0.0128021240234375
-0.16864013671875 -0.0751495361328125 0.125984191894531 -0.0240478515625
-0.170379638671875 -0.00804138183593749 0.0202121734619141 -0.0217342376708984
-0.139732360839844 0.068023681640625 -0.0411376953125 0.042724609375
-0.0788116455078125 0.0965652465820313 -0.0483474731445312 0.09619140625
-0.01336669921875 0.126205444335938 -0.00108337402343751 0.180648803710938
0.0359573364257813 0.125244140625 0.0677947998046875 0.20294189453125
0.0285110473632813 0.117523193359375 0.10150146484375 0.18231201171875
0.0394363403320313 0.12310791015625 0.0879974365234375 0.17132568359375
0.0181884765625 0.136016845703125 0.0434112548828125 0.157455444335938
-0.0285720825195313 0.131011962890625 0.0203323364257812 0.0884780883789063
-0.07513427734375 0.128158569335938 0.0343284606933594 0.0303363800048828
-0.145309448242188 0.06121826171875 0.118179321289062 0.00177001953125
-0.170303344726563 -0.0106048583984375 0.241744995117188 0.042572021484375
-0.157730102539063 -0.030670166015625 0.2958984375 0.180328369140625
-0.249923706054688 -0.129608154296875 0.116134643554687 -0.0332412719726563
-0.2584228515625 -0.100296020507813 0.0890960693359375 -0.02783203125
-0.250503540039063 -0.01715087890625 0.0293025970458984 -0.0249710083007813
-0.219772338867187 0.0877838134765625 -0.025930404663086 0.0190410614013672
-0.137680053710938 0.1439208984375 -0.0379142761230469 0.0579719543457031
-0.042236328125 0.20318603515625 -0.0064697265625 0.13470458984375
0.0392608642578125 0.199432373046875 0.0411529541015625 0.148529052734375
0.034698486328125 0.187606811523438 0.06927490234375 0.128326416015625
0.04937744140625 0.199737548828125 0.0609817504882813 0.120994567871094
0.0157928466796875 0.211624145507812 0.0331878662109375 0.113540649414063
-0.0540008544921875 0.194900512695313 0.0142135620117187 0.0538444519042969
-0.117889404296875 0.183624267578125 0.0316238403320312 0.00839233398437501
-0.208450317382813 0.0896148681640625 0.117538452148438 -0.0181961059570312
-0.253524780273438 -0.00552368164062496 0.204421997070312 0.0345001220703125
-0.253402709960938 -0.04473876953125 0.238311767578125 0.158172607421875
-0.304931640625 -0.138397216796875 0.02862548828125 -0.0618858337402344
-0.312530517578125 -0.102752685546875 0.0297355651855469 -0.0368423461914063
-0.295654296875 -0.014373779296875 0.0275249481201172 -0.0256004333496094
-0.2646484375 0.101409912109375 -0.00699996948242189 -0.00710058212280273
-0.17291259765625 0.1719970703125 -0.0201854705810547 0.00891685485839845
-0.0618438720703125 0.249588012695312 -0.0090484619140625 0.0663414001464844
0.036651611328125 0.242813110351563 0.00880050659179688 0.0699501037597656
0.03668212890625 0.229339599609375 0.0261459350585938 0.0558929443359375
0.0511627197265625 0.248123168945313 0.0218772888183594 0.0527000427246094
0.0111083984375 0.258193969726563 0.013427734375 0.0532379150390625
-0.073760986328125 0.233016967773438 0.0024118423461914 0.0102596282958984
-0.145538330078125 0.215499877929687 0.0252056121826172 -0.0136623382568359
-0.246002197265625 0.104400634765625 0.101799011230469 -0.0284500122070312
-0.30084228515625 -0.00115966796875003 0.14111328125 0.0346832275390625
-0.3096923828125 -0.0505981445312499 0.151275634765625 0.1280517578125
-0.312408447265625 -0.122406005859375 -0.0730361938476563 -0.09423828125
-0.31549072265625 -0.083099365234375 -0.0432815551757813 -0.0459327697753906
-0.28717041015625 0.000396728515624992 0.0139007568359375 -0.0244941711425781
-0.258743286132813 0.103973388671875 0.00674057006835936 -0.0352821350097656
-0.174484252929688 0.171920776367187 -0.00398254394531251 -0.0444107055664062
-0.069000244140625 0.25445556640625 -0.0128030776977539 -0.0147981643676758
0.02972412109375 0.247772216796875 -0.0246410369873047 -0.0184574127197266
0.0308685302734375 0.237060546875 -0.0213794708251953 -0.0240459442138672
0.0429840087890625 0.260040283203125 -0.0216884613037109 -0.0214805603027344
-0.00202941894531249 0.265838623046875 -0.00994205474853515 -0.0166130065917969
-0.0888671875 0.233108520507813 -0.0104713439941406 -0.0367279052734375
-0.159088134765625 0.210067749023438 0.0173835754394531 -0.0353813171386719
-0.250289916992188 0.0948333740234375 0.0757598876953125 -0.0295867919921875
-0.302825927734375 -0.00720214843750001 0.0632553100585937 0.041748046875
-0.317474365234375 -0.0539550781249999 0.0492935180664062 0.0941543579101562
-0.268386840820313 -0.0850830078124999 -0.17132568359375 -0.121597290039062
-0.262725830078125 -0.050079345703125 -0.115364074707031 -0.0543060302734375
-0.22723388671875 0.0113372802734375 -0.00999069213867189 -0.0244522094726563
-0.204666137695313 0.085052490234375 0.0101432800292969 -0.0610160827636719
-0.142898559570313 0.140945434570312 0.00579071044921875 -0.090118408203125
-0.062347412109375 0.21856689453125 -0.02008056640625 -0.090545654296875
0.018463134765625 0.215286254882813 -0.05706787109375 -0.102508544921875
0.0225830078125 0.208724975585937 -0.0646133422851563 -0.100784301757812
0.02685546875 0.233840942382812 -0.0580368041992187 -0.0959625244140625
-0.0194549560546875 0.232025146484375 -0.0280532836914063 -0.0866928100585937
-0.0962982177734375 0.193405151367188 -0.0152587890625 -0.0806045532226562
-0.153091430664063 0.165237426757812 0.0128746032714844 -0.0526123046875
-0.216949462890625 0.0603179931640625 0.0465888977050781 -0.0255966186523437
-0.257003784179688 -0.0201873779296874 -0.0151710510253906 0.0451583862304688
-0.277328491210938 -0.050689697265625 -0.049072265625 0.0568008422851562
-0.181869506835938 -0.03778076171875 -0.251144409179687 -0.1383056640625
-0.165725708007813 -0.021331787109375 -0.173507690429688 -0.057830810546875
-0.132461547851563 0.0113525390625 -0.0398063659667969 -0.0207138061523438
-0.123779296875 0.0464935302734375 0.0040435791015625 -0.0745391845703125
-0.095428466796875 0.0843429565429687 0.00577545166015625 -0.118293762207031
-0.0493927001953125 0.148635864257813 -0.0310211181640625 -0.147735595703125
0.00454711914062499 0.150299072265625 -0.0844879150390625 -0.167877197265625
0.0109100341796875 0.149093627929688 -0.0975341796875 -0.161361694335938
0.00630187988281249 0.171707153320313 -0.0822296142578125 -0.157546997070313
-0.0327301025390625 0.161590576171875 -0.0321044921875 -0.145309448242188
-0.0866546630859375 0.123085021972656 -0.00839996337890625 -0.113082885742188
-0.118888854980469 0.0963134765625 0.0150489807128906 -0.0645713806152344
-0.147354125976563 0.0208740234375 0.0183696746826172 -0.0214786529541016
-0.17279052734375 -0.0258331298828125 -0.0809478759765625 0.0391387939453125
-0.19549560546875 -0.03533935546875 -0.129112243652344 0.018310546875
-0.0665016174316406 0.00864410400390625 -0.301116943359375 -0.143524169921875
-0.0449638366699219 -0.00339889526367188 -0.210586547851562 -0.0555267333984375
-0.0280017852783203 -0.00362014770507812 -0.06622314453125 -0.00966262817382813
-0.0376663208007812 -0.00579452514648438 -0.00658416748046876 -0.0734176635742188
-0.0442581176757813 0.0149078369140625 0.000961303710937486 -0.125389099121094
-0.0373001098632812 0.0589981079101563 -0.04180908203125 -0.180068969726563
-0.0131072998046875 0.0642356872558594 -0.10302734375 -0.2060546875
-0.00234603881835938 0.0674819946289063 -0.117431640625 -0.198959350585938
-0.0107879638671875 0.0832061767578125 -0.089630126953125 -0.197067260742187
-0.0321540832519531 0.0686454772949219 -0.02459716796875 -0.18280029296875
-0.0521965026855469 0.0393333435058594 0.00705718994140625 -0.12835693359375
-0.0552291870117188 0.0233955383300781 0.0225830078125 -0.067230224609375
-0.0516586303710937 -0.00362396240234374 -0.00496482849121094 -0.0165414810180664
-0.0636558532714844 -0.0102996826171875 -0.125617980957031 0.0247344970703125
-0.0880126953125 -0.00499725341796876 -0.180908203125 -0.0139007568359375
-0.0446052551269531 -0.050933837890625 0.213302612304687 -0.008209228515625
-0.0585212707519531 -0.0439186096191406 0.14666748046875 -0.0283355712890625
-0.0711288452148438 0.000282287597656236 0.00800132751464843 -0.0155191421508789
-0.0454788208007813 0.0370941162109375 -0.0469818115234375 0.0648345947265625
-0.0141506195068359 0.0349273681640625 -0.0456314086914062 0.126327514648438
0.0113697052001953 0.0310382843017578 0.0104217529296875 0.206405639648438
0.0256805419921875 0.03326416015625 0.0924224853515625 0.232986450195312
0.0170269012451172 0.0306892395019531 0.124221801757813 0.215362548828125
0.0279827117919922 0.0279426574707031 0.104782104492188 0.206298828125
0.0244064331054688 0.0445022583007813 0.0471038818359375 0.189193725585938
0.00765991210937501 0.0577354431152344 0.0213470458984375 0.118171691894531
-0.0186119079589844 0.0655937194824219 0.0333366394042969 0.0536994934082031
-0.0641632080078125 0.0347099304199219 0.108291625976563 0.0281600952148438
-0.0653724670410156 -0.00350189208984375 0.257675170898437 0.0551910400390625
-0.0390968322753906 -0.00513839721679688 0.328125 0.20416259765625
-0.164016723632813 -0.098785400390625 0.1871337890625 -0.011260986328125
-0.174163818359375 -0.077972412109375 0.13385009765625 -0.0251617431640625
-0.176666259765625 -0.01092529296875 0.0229530334472656 -0.0227985382080078
-0.145004272460938 0.069610595703125 -0.0408287048339844 0.0451850891113281
-0.0822219848632812 0.0994720458984375 -0.0480499267578125 0.100563049316406
-0.014312744140625 0.129814147949219 0.000671386718749983 0.18865966796875
0.0376663208007813 0.129402160644531 0.073577880859375 0.210678100585938
0.029693603515625 0.122276306152344 0.108322143554688 0.1876220703125
0.0426559448242187 0.126747131347656 0.093719482421875 0.17803955078125
0.019561767578125 0.140571594238281 0.047088623046875 0.165069580078125
-0.0294189453125 0.137046813964844 0.0224838256835937 0.0943222045898438
-0.0776748657226563 0.133750915527344 0.0357246398925781 0.0335922241210938
-0.1519775390625 0.0628509521484375 0.122314453125 0.0018310546875
-0.178009033203125 -0.01031494140625 0.25103759765625 0.042449951171875
-0.163192749023438 -0.031524658203125 0.307037353515625 0.189483642578125
-0.259292602539063 -0.133621215820312 0.124519348144531 -0.0310821533203125
-0.26861572265625 -0.103469848632812 0.0955963134765625 -0.0274810791015625
-0.261276245117188 -0.0211639404296875 0.0316734313964844 -0.0253162384033203
-0.229736328125 0.0914459228515625 -0.0247344970703125 0.0220470428466797
-0.145050048828125 0.150039672851563 -0.0365257263183594 0.0613365173339844
-0.04412841796875 0.210739135742188 -0.00307464599609375 0.140251159667969
0.0415802001953125 0.206802368164062 0.0461883544921875 0.154434204101563
0.03753662109375 0.195404052734375 0.0739364624023438 0.132682800292969
0.05328369140625 0.20794677734375 0.0652084350585938 0.125770568847656
0.0183258056640625 0.220458984375 0.03704833984375 0.119277954101563
-0.055572509765625 0.204376220703125 0.0161285400390625 0.057830810546875
-0.122314453125 0.192581176757813 0.0337181091308594 0.010833740234375
-0.218551635742188 0.0916748046875 0.119949340820312 -0.0187835693359375
-0.266067504882813 -0.00474548339843746 0.212112426757812 0.0347442626953125
-0.263778686523438 -0.0458831787109375 0.247314453125 0.166213989257812
-0.318511962890625 -0.1422119140625 0.0340766906738281 -0.061309814453125
-0.325958251953125 -0.106475830078125 0.0330390930175781 -0.0350227355957031
-0.308258056640625 -0.0165710449218751 0.0308113098144531 -0.0251941680908203
-0.2763671875 0.107070922851562 -0.00551033020019533 -0.00500822067260741
-0.181732177734375 0.1793212890625 -0.0179729461669922 0.0101032257080078
-0.0644073486328125 0.2598876953125 -0.00520706176757813 0.0686721801757813
0.0395050048828125 0.252182006835938 0.013031005859375 0.0735015869140625
0.0401153564453125 0.239898681640625 0.0284271240234375 0.0589752197265625
0.056671142578125 0.258865356445313 0.0240898132324219 0.0563240051269531
0.013519287109375 0.26995849609375 0.015960693359375 0.0548820495605469
-0.07659912109375 0.244781494140625 0.00467109680175781 0.0123462677001953
-0.151931762695313 0.226043701171875 0.0270500183105469 -0.0121746063232422
-0.257949829101563 0.107772827148438 0.103416442871094 -0.0296707153320312
-0.3167724609375 -0.00106811523437496 0.146499633789062 0.037109375
-0.323150634765625 -0.052001953125 0.156906127929687 0.135513305664063
-0.327178955078125 -0.126800537109375 -0.0728073120117188 -0.0942764282226563
-0.3314208984375 -0.08551025390625 -0.0434150695800781 -0.0445289611816406
-0.3018798828125 -0.002960205078125 0.014810562133789 -0.0240764617919922
-0.27105712890625 0.1099853515625 0.00824737548828123 -0.0343303680419922
-0.18280029296875 0.1815185546875 -0.000537872314453135 -0.0455894470214844
-0.070526123046875 0.2667236328125 -0.00902652740478516 -0.0161924362182617
0.0312347412109375 0.259063720703125 -0.0228252410888672 -0.0183219909667969
0.035003662109375 0.247116088867187 -0.020904541015625 -0.0240230560302734
0.0489501953125 0.272064208984375 -0.0213108062744141 -0.021280288696289
0.00106811523437499 0.279861450195312 -0.009063720703125 -0.0177364349365234
-0.091949462890625 0.246185302734375 -0.00824737548828125 -0.03759765625
-0.166168212890625 0.221298217773438 0.019195556640625 -0.0349655151367187
-0.262680053710938 0.097808837890625 0.0771102905273437 -0.0306854248046875
-0.31988525390625 -0.00735473632812495 0.0656585693359375 0.0446395874023438
-0.33245849609375 -0.0553894042968751 0.0504074096679687 0.101188659667969
-0.283172607421875 -0.08892822265625 -0.175949096679688 -0.123138427734375
-0.277572631835937 -0.053314208984375 -0.11907958984375 -0.0533447265625
-0.239471435546875 0.0104827880859375 -0.0099925994873047 -0.0238418579101563
-0.215713500976563 0.091583251953125 0.011199951171875 -0.0617599487304687
-0.150558471679688 0.14910888671875 0.00762176513671873 -0.0952072143554688
-0.0639495849609375 0.230728149414063 -0.0184173583984375 -0.0958480834960937
0.0207366943359375 0.224945068359375 -0.0580215454101562 -0.10565185546875
0.0269775390625 0.21826171875 -0.0662155151367188 -0.103202819824219
0.0319061279296875 0.244064331054688 -0.061248779296875 -0.097869873046875
-0.01739501953125 0.243301391601563 -0.0283660888671875 -0.0904998779296875
-0.100082397460937 0.204788208007813 -0.014312744140625 -0.0833206176757812
-0.15814208984375 0.175521850585938 0.0146026611328125 -0.0531730651855469
-0.227523803710937 0.062255859375 0.0457496643066406 -0.0267601013183594
-0.27239990234375 -0.0209503173828125 -0.0165481567382813 0.04827880859375
-0.290740966796875 -0.0523681640625 -0.0527610778808594 0.06146240234375
-0.193511962890625 -0.0405731201171875 -0.258255004882813 -0.142059326171875
-0.176849365234375 -0.02227783203125 -0.18084716796875 -0.0575408935546875
-0.141921997070313 0.00979614257812501 -0.0406303405761719 -0.0200309753417969
-0.131752014160156 0.0505218505859375 0.00451660156249999 -0.0761260986328125
-0.100555419921875 0.0908355712890625 0.00741577148437499 -0.124610900878906
-0.0500640869140625 0.158721923828125 -0.0311126708984375 -0.155532836914063
0.00625610351562499 0.157394409179688 -0.0880889892578125 -0.173553466796875
0.0140533447265625 0.155624389648438 -0.102447509765625 -0.165603637695312
0.0103607177734375 0.179855346679688 -0.0860748291015625 -0.16253662109375
-0.0318450927734375 0.171356201171875 -0.034454345703125 -0.15179443359375
-0.0902099609375 0.130653381347656 -0.00775909423828124 -0.117904663085938
-0.123802185058594 0.103355407714844 0.0166664123535156 -0.0659103393554688
-0.155685424804688 0.0216064453125 0.0171375274658203 -0.0225791931152344
-0.18438720703125 -0.0267333984375 -0.0854110717773438 0.04193115234375
-0.20587158203125 -0.037109375 -0.137069702148438 0.0203094482421875
-0.0719985961914063 0.0060272216796875 -0.311676025390625 -0.149658203125
-0.050048828125 -0.00481414794921876 -0.219329833984375 -0.055908203125
-0.0311565399169922 -0.00502967834472657 -0.0684967041015625 -0.00904846191406248
-0.0416755676269531 -0.00540924072265624 -0.0068206787109375 -0.0762863159179688
-0.0474891662597656 0.01751708984375 0.00119781494140626 -0.131881713867188
-0.0378036499023437 0.064697265625 -0.044464111328125 -0.188613891601563
-0.0124702453613281 0.067901611328125 -0.108306884765625 -0.213607788085938
-0.0010528564453125 0.0706329345703125 -0.123458862304687 -0.204437255859375
-0.00885009765624999 0.0882415771484375 -0.0958099365234375 -0.203353881835938
-0.0318145751953125 0.0729827880859375 -0.0271453857421875 -0.191543579101563
-0.0536994934082031 0.0434303283691406 0.00730895996093749 -0.134193420410156
-0.0570945739746094 0.0269660949707031 0.0233039855957031 -0.0695381164550781
-0.0556983947753906 -0.00296401977539063 -0.00672912597656251 -0.0165920257568359
-0.069976806640625 -0.0106201171875 -0.133201599121094 0.0277328491210937
-0.0944747924804688 -0.00473785400390624 -0.190673828125 -0.0139923095703125
-0.0452041625976562 -0.0532798767089844 0.23260498046875 -0.0120697021484375
-0.0610122680664062 -0.0469512939453125 0.159072875976562 -0.0337982177734375
-0.074859619140625 -0.000564575195312496 0.00981330871582031 -0.0182075500488281
-0.0472488403320313 0.0390815734863281 -0.0474739074707031 0.0701370239257812
-0.0156669616699219 0.0362815856933594 -0.0457382202148438 0.136016845703125
0.0108108520507813 0.0312004089355469 0.016693115234375 0.222000122070313
0.0268096923828125 0.0341300964355469 0.105514526367187 0.246749877929687
0.0183696746826172 0.0320320129394531 0.139129638671875 0.22552490234375
0.0296573638916016 0.0280227661132812 0.117156982421875 0.218292236328125
0.0272064208984375 0.0455284118652344 0.05560302734375 0.203155517578125
0.00970840454101563 0.0609550476074219 0.02557373046875 0.12786865234375
-0.0176467895507812 0.0693130493164063 0.0355987548828125 0.05792236328125
-0.0674247741699219 0.0388870239257813 0.11480712890625 0.0282440185546875
-0.0682563781738281 -0.00148391723632814 0.27679443359375 0.051605224609375
-0.0398902893066406 -0.00419235229492188 0.353363037109375 0.211761474609375
-0.174179077148438 -0.100830078125 0.204635620117188 -0.014068603515625
-0.186126708984375 -0.0804595947265625 0.146026611328125 -0.02716064453125
-0.188323974609375 -0.0112457275390625 0.0256290435791015 -0.0248355865478516
-0.153884887695313 0.0762176513671875 -0.0404281616210938 0.0498504638671875
-0.0881576538085938 0.107345581054688 -0.0474853515625 0.108810424804688
-0.0145339965820312 0.137290954589844 0.00729370117187498 0.201873779296875
0.0416030883789063 0.136398315429688 0.0855865478515625 0.223495483398438
0.0346755981445312 0.129615783691406 0.120391845703125 0.197555541992188
0.048553466796875 0.133613586425781 0.104965209960938 0.188796997070313
0.0247650146484375 0.149612426757813 0.055206298828125 0.176620483398438
-0.028564453125 0.147567749023438 0.0267181396484375 0.102493286132813
-0.0801239013671875 0.144775390625 0.0387992858886719 0.0374984741210938
-0.1617431640625 0.07012939453125 0.128547668457031 0.000404357910156254
-0.191635131835937 -0.00605773925781252 0.2691650390625 0.0389862060546875
-0.173751831054688 -0.02947998046875 0.331634521484375 0.1988525390625
-0.278121948242188 -0.137176513671875 0.137641906738281 -0.0329513549804688
-0.288665771484375 -0.106231689453125 0.104316711425781 -0.0285110473632813
-0.281158447265625 -0.021270751953125 0.0356712341308594 -0.0269737243652344
-0.244873046875 0.101425170898437 -0.0235729217529297 0.0256462097167969
-0.153213500976563 0.1629638671875 -0.0352592468261719 0.0660934448242188
-0.043548583984375 0.225692749023437 0.0026397705078125 0.1500244140625
0.047210693359375 0.219482421875 0.05584716796875 0.164291381835938
0.0454559326171875 0.208389282226562 0.083099365234375 0.140914916992188
0.0632171630859375 0.22088623046875 0.0730056762695312 0.133804321289063
0.0258331298828125 0.236114501953125 0.0439910888671875 0.126976013183594
-0.0558624267578125 0.22186279296875 0.0206451416015625 0.0630722045898438
-0.126663208007812 0.2095947265625 0.0369338989257812 0.0136184692382813
-0.23394775390625 0.101394653320312 0.1260986328125 -0.0220489501953125
-0.28759765625 0.000335693359374945 0.2265625 0.0333404541015625
-0.28216552734375 -0.042999267578125 0.26727294921875 0.175384521484375
-0.343292236328125 -0.146087646484375 0.0402717590332031 -0.06304931640625
-0.3519287109375 -0.107513427734375 0.0365753173828125 -0.0349769592285156
-0.332550048828125 -0.016204833984375 0.033599853515625 -0.0259742736816406
-0.29559326171875 0.1201171875 -0.003446102142334 -0.00275325775146484
-0.192520141601562 0.196517944335938 -0.0163030624389649 0.0109977722167969
-0.063201904296875 0.2794189453125 -0.00012969970703126 0.0720443725585938
0.0466461181640625 0.26904296875 0.0186767578125 0.0786666870117188
0.049407958984375 0.256179809570313 0.0330009460449219 0.0627708435058594
0.0687713623046875 0.276275634765625 0.0277023315429688 0.0605239868164063
0.022186279296875 0.29046630859375 0.0201225280761719 0.0592155456542969
-0.076690673828125 0.2666015625 0.00718498229980468 0.0143823623657227
-0.158187866210937 0.248062133789063 0.0305156707763672 -0.0113506317138672
-0.276641845703125 0.1187744140625 0.107276916503906 -0.033172607421875
-0.3427734375 0.00393676757812493 0.157302856445312 0.037506103515625
-0.3472900390625 -0.048614501953125 0.16998291015625 0.144973754882813
-0.35418701171875 -0.12890625 -0.0738754272460938 -0.0969467163085938
-0.358917236328125 -0.08514404296875 -0.0458984375 -0.0432205200195313
-0.32684326171875 -0.000823974609374996 0.0178375244140625 -0.0244655609130859
-0.290740966796875 0.124481201171875 0.0108299255371094 -0.0345916748046875
-0.1929931640625 0.19976806640625 0.00160980224609373 -0.0496902465820312
-0.06988525390625 0.288055419921875 -0.00666046142578125 -0.0181522369384765
0.0397491455078125 0.276718139648438 -0.0221195220947266 -0.0186119079589844
0.0445556640625 0.265335083007813 -0.0217723846435547 -0.0243434906005859
0.061737060546875 0.290313720703125 -0.0225696563720703 -0.0212879180908203
0.00958251953125001 0.300323486328125 -0.00906181335449219 -0.0187625885009765
-0.0941925048828125 0.268524169921875 -0.00730133056640626 -0.038726806640625
-0.172500610351563 0.24322509765625 0.0214500427246094 -0.0355377197265625
-0.282623291015625 0.108428955078125 0.078399658203125 -0.034271240234375
-0.34747314453125 -0.00122070312500002 0.0702743530273437 0.0479888916015625
-0.35888671875 -0.0518798828125 0.0549697875976562 0.109840393066406
-0.307891845703125 -0.0902099609375 -0.18603515625 -0.126144409179688
-0.302337646484375 -0.05133056640625 -0.127326965332031 -0.0508270263671875
-0.261016845703125 0.0127105712890625 -0.00958633422851564 -0.0234184265136719
-0.23260498046875 0.104049682617187 0.0132904052734375 -0.0630836486816406
-0.159744262695312 0.166000366210938 0.00945281982421874 -0.102157592773437
-0.0623931884765625 0.24945068359375 -0.0188827514648438 -0.103233337402344
0.0278778076171875 0.241348266601563 -0.0616683959960937 -0.110725402832031
0.03546142578125 0.234115600585938 -0.0722122192382813 -0.106796264648437
0.0435791015625 0.261703491210938 -0.066650390625 -0.101570129394531
-0.0118560791015625 0.26324462890625 -0.031524658203125 -0.0967025756835937
-0.103240966796875 0.224197387695313 -0.014739990234375 -0.0888824462890625
-0.166366577148437 0.194320678710938 0.0161819458007812 -0.0562095642089844
-0.246307373046875 0.071014404296875 0.0460014343261719 -0.0298843383789062
-0.29736328125 -0.01617431640625 -0.0172004699707031 0.0541725158691406
-0.314300537109375 -0.0498046875 -0.0575485229492188 0.0687980651855469
-0.21099853515625 -0.041107177734375 -0.276885986328125 -0.145736694335938
-0.19451904296875 -0.02093505859375 -0.193923950195312 -0.055450439453125
-0.155136108398438 0.01220703125 -0.0424690246582031 -0.0188369750976562
-0.143463134765625 0.058319091796875 0.00441741943359374 -0.0808944702148438
-0.107078552246094 0.102455139160156 0.00725555419921873 -0.134468078613281
-0.04937744140625 0.172882080078125 -0.0350494384765625 -0.167755126953125
0.01080322265625 0.169998168945312 -0.0967254638671875 -0.183792114257813
0.019927978515625 0.167373657226563 -0.111785888671875 -0.173553466796875
0.0189056396484375 0.193344116210937 -0.095916748046875 -0.170257568359375
-0.0279541015625 0.186065673828125 -0.040252685546875 -0.162429809570313
-0.0940704345703125 0.145217895507813 -0.00918579101562501 -0.126411437988281
-0.13006591796875 0.115287780761719 0.0180587768554688 -0.0705184936523437
-0.168930053710938 0.0259552001953125 0.0150928497314453 -0.0234127044677734
-0.202896118164063 -0.02410888671875 -0.091949462890625 0.0492935180664063
-0.224044799804687 -0.035491943359375 -0.148727416992188 0.0264892578125
-0.080413818359375 0.00601959228515626 -0.334564208984375 -0.154449462890625
-0.0588417053222656 -0.00471115112304688 -0.236297607421875 -0.0536651611328125
-0.0361824035644531 -0.00535964965820312 -0.0721511840820313 -0.00728607177734376
-0.0478935241699219 -0.00321578979492188 -0.00846099853515626 -0.080718994140625
-0.0517120361328125 0.0224647521972656 -0.000167846679687488 -0.142868041992188
-0.0371551513671875 0.072357177734375 -0.051544189453125 -0.202987670898438
-0.010650634765625 0.0746536254882813 -0.121383666992188 -0.225860595703125
0.00224304199218751 0.0760345458984375 -0.136688232421875 -0.2139892578125
-0.00431823730468751 0.0954971313476562 -0.106796264648437 -0.213912963867188
-0.0305633544921875 0.0816726684570312 -0.0343780517578125 -0.20379638671875
-0.0573234558105469 0.0494728088378906 0.005706787109375 -0.144073486328125
-0.060302734375 0.0322113037109375 0.0235824584960937 -0.0743637084960938
-0.0614128112792969 -0.000701904296875004 -0.0101194381713867 -0.0168142318725586
-0.0793228149414063 -0.00904083251953125 -0.143325805664063 0.0351715087890625
-0.103569030761719 -0.00311279296874998 -0.207489013671875 -0.0102386474609375
-0.0475540161132813 -0.0553131103515625 0.254959106445313 -0.0265960693359375
-0.0654449462890625 -0.0486679077148437 0.17291259765625 -0.0454559326171875
-0.0797271728515625 0.000801086425781235 0.0110874176025391 -0.0214939117431641
-0.0484848022460937 0.0420646667480469 -0.04498291015625 0.077423095703125
-0.016143798828125 0.0384140014648437 -0.04034423828125 0.149154663085938
0.010711669921875 0.0311317443847656 0.032379150390625 0.238571166992187
0.0294418334960938 0.0343685150146484 0.12939453125 0.2586669921875
0.0202579498291016 0.0331516265869141 0.16290283203125 0.233474731445313
0.0322837829589844 0.0262622833251953 0.139175415039063 0.228790283203125
0.032012939453125 0.0455093383789063 0.0717010498046875 0.217056274414062
0.0149078369140625 0.0649261474609375 0.0351028442382812 0.138130187988281
-0.0143051147460937 0.0741119384765625 0.0405387878417969 0.0619125366210938
-0.0686416625976563 0.0454216003417969 0.124099731445313 0.0246658325195313
-0.0719680786132813 0.00312042236328125 0.299285888671875 0.038330078125
-0.0411186218261719 -0.00205230712890625 0.389801025390625 0.2091064453125
-0.189926147460938 -0.0985107421875 0.226348876953125 -0.0253143310546875
-0.202911376953125 -0.0767364501953125 0.159347534179688 -0.0366668701171875
-0.204345703125 -0.00483703613281246 0.0283355712890625 -0.0289402008056641
-0.161666870117188 0.088226318359375 -0.0384254455566406 0.0554580688476563
-0.0909423828125 0.118843078613281 -0.0433349609375 0.119857788085938
-0.0102386474609375 0.147811889648438 0.0223541259765625 0.216934204101563
0.049774169921875 0.14306640625 0.107650756835938 0.235260009765625
0.0447235107421875 0.136955261230469 0.14117431640625 0.20538330078125
0.0600357055664063 0.139808654785156 0.124237060546875 0.197845458984375
0.036834716796875 0.158721923828125 0.07086181640625 0.188446044921875
-0.0216217041015625 0.161651611328125 0.035614013671875 0.110374450683594
-0.0771942138671875 0.160308837890625 0.0451698303222656 0.040283203125
-0.170822143554688 0.0842437744140625 0.136985778808594 -0.00698089599609374
-0.20745849609375 0.00518798828125 0.291015625 0.0255126953125
-0.188446044921875 -0.021942138671875 0.366668701171875 0.197235107421875
-0.306640625 -0.131866455078125 0.152725219726562 -0.0418243408203125
-0.316162109375 -0.097442626953125 0.114845275878906 -0.033782958984375
-0.30548095703125 -0.011474609375 0.0395584106445312 -0.0311737060546875
-0.258880615234375 0.12158203125 -0.0207386016845703 0.0301017761230469
-0.15753173828125 0.183853149414062 -0.0321807861328125 0.0723114013671875
-0.0365447998046875 0.24462890625 0.0150146484375 0.159866333007813
0.061492919921875 0.232620239257813 0.072235107421875 0.174118041992188
0.0616302490234375 0.222686767578125 0.0989837646484375 0.146194458007813
0.0829925537109375 0.234085083007813 0.08868408203125 0.141571044921875
0.0424346923828125 0.252944946289063 0.0556869506835937 0.135826110839844
-0.047454833984375 0.244293212890625 0.0274696350097656 0.0683441162109375
-0.124984741210938 0.23406982421875 0.0421524047851562 0.0154762268066406
-0.248291015625 0.122268676757812 0.131317138671875 -0.0293197631835937
-0.31219482421875 0.0171203613281249 0.24560546875 0.02294921875
-0.306427001953125 -0.02996826171875 0.298065185546875 0.175933837890625
-0.377532958984375 -0.1375732421875 0.0458183288574219 -0.0670051574707031
-0.38568115234375 -0.0955505371093751 0.0413627624511719 -0.0360870361328125
-0.36297607421875 -0.00244140625000008 0.0381660461425781 -0.0293350219726562
-0.31268310546875 0.146484375 -0.000145912170410175 -0.000968217849731436
-0.197677612304687 0.224594116210938 -0.0138320922851563 0.0112771987915039
-0.053436279296875 0.304656982421875 0.00791931152343749 0.076202392578125
0.064788818359375 0.287261962890625 0.0283660888671875 0.0836715698242188
0.06939697265625 0.274093627929688 0.0406913757324219 0.0669174194335938
0.091766357421875 0.293426513671875 0.0355987548828125 0.0653152465820313
0.042144775390625 0.312591552734375 0.0269241333007813 0.0634346008300781
-0.06787109375 0.294189453125 0.0111904144287109 0.0161151885986328
-0.156234741210938 0.27783203125 0.0340347290039062 -0.0123176574707031
-0.29351806640625 0.1441650390625 0.111442565917969 -0.0408477783203125
-0.37286376953125 0.024505615234375 0.171096801757812 0.03228759765625
-0.378204345703125 -0.033111572265625 0.191070556640625 0.150177001953125
-0.390594482421875 -0.120880126953125 -0.0797195434570313 -0.0964431762695312
-0.39483642578125 -0.069793701171875 -0.0488815307617188 -0.0396728515625
-0.356689453125 0.0146484375000001 0.0208282470703125 -0.0248756408691406
-0.30902099609375 0.15264892578125 0.0134773254394531 -0.0352401733398437
-0.199050903320312 0.228546142578125 0.000484466552734363 -0.0542488098144531
-0.05853271484375 0.315826416015625 -0.00456809997558594 -0.0215129852294922
0.058258056640625 0.29754638671875 -0.0217952728271484 -0.0192832946777344
0.065643310546875 0.284332275390625 -0.0219860076904297 -0.0236949920654297
0.086669921875 0.30902099609375 -0.0243072509765625 -0.0187721252441406
0.030120849609375 0.3243408203125 -0.00986862182617187 -0.020669937133789
-0.087066650390625 0.297821044921875 -0.00757217407226563 -0.0405769348144531
-0.1722412109375 0.273818969726563 0.0234642028808594 -0.0381736755371094
-0.302215576171875 0.131927490234375 0.0798721313476562 -0.0408096313476562
-0.37896728515625 0.01763916015625 0.078948974609375 0.048828125
-0.390655517578125 -0.0364685058593751 0.0644454956054687 0.118522644042969
-0.339599609375 -0.081329345703125 -0.202682495117188 -0.122940063476563
-0.332550048828125 -0.0363159179687501 -0.138153076171875 -0.04412841796875
-0.286285400390625 0.0272827148437501 -0.00887107849121096 -0.0232162475585937
-0.248703002929687 0.126922607421875 0.0130462646484375 -0.0662841796875
-0.164566040039063 0.190841674804688 0.0063018798828125 -0.112106323242187
-0.052215576171875 0.274871826171875 -0.0237350463867188 -0.112190246582031
0.0441131591796875 0.260208129882813 -0.0699539184570313 -0.115760803222656
0.054595947265625 0.25103759765625 -0.0818328857421875 -0.109542846679687
0.0660247802734375 0.279571533203125 -0.0765304565429688 -0.104393005371094
0.00637817382812501 0.28607177734375 -0.0397186279296875 -0.102180480957031
-0.097869873046875 0.251449584960938 -0.0188522338867188 -0.0946426391601562
-0.167831420898438 0.222259521484375 0.0160675048828125 -0.0609893798828125
-0.265289306640625 0.0903625488281251 0.0445137023925781 -0.0330963134765625
-0.326629638671875 3.99992730864285E-17 -0.0158653259277344 0.0617752075195313
-0.343170166015625 -0.03564453125 -0.05828857421875 0.0802459716796875
-0.232696533203125 -0.0339202880859375 -0.30224609375 -0.14154052734375
-0.216049194335938 -0.01141357421875 -0.211654663085938 -0.0449371337890625
-0.17132568359375 0.0217742919921875 -0.0441551208496094 -0.0167922973632812
-0.154830932617187 0.07440185546875 0.00138092041015623 -0.0859756469726562
-0.111495971679688 0.119453430175781 0.00135803222656251 -0.147781372070313
-0.0411529541015625 0.191986083984375 -0.0464019775390625 -0.180587768554688
0.023345947265625 0.184219360351563 -0.113540649414062 -0.19171142578125
0.03436279296875 0.1796875 -0.128585815429688 -0.178573608398438
0.0354156494140625 0.207916259765625 -0.112533569335937 -0.17572021484375
-0.0168914794921875 0.203994750976563 -0.0534820556640625 -0.17279052734375
-0.0926361083984375 0.164138793945313 -0.0155181884765625 -0.135719299316406
-0.133628845214844 0.134063720703125 0.016082763671875 -0.0759735107421875
-0.183258056640625 0.037841796875 0.012451171875 -0.0248146057128906
-0.22479248046875 -0.0133514404296875 -0.09710693359375 0.0602188110351562
-0.245880126953125 -0.025146484375 -0.159957885742188 0.038665771484375
-0.0897216796875 0.0100021362304687 -0.366790771484375 -0.147796630859375
-0.0673561096191406 -0.000919342041015636 -0.2584228515625 -0.0420989990234375
-0.0425376892089844 -0.0043487548828125 -0.0766372680664063 -0.00302124023437502
-0.0543060302734375 0.000797271728515627 -0.0130691528320313 -0.0866317749023438
-0.0550689697265625 0.0291786193847656 -0.00872802734375001 -0.155853271484375
-0.0343856811523437 0.0835952758789062 -0.0679168701171875 -0.217605590820312
-0.00604248046875 0.08270263671875 -0.144271850585938 -0.236801147460937
0.00781249999999999 0.0827255249023438 -0.158157348632813 -0.220657348632813
0.00447845458984376 0.103935241699219 -0.126617431640625 -0.222335815429687
-0.0260086059570312 0.092376708984375 -0.049346923828125 -0.217391967773438
-0.0578269958496094 0.0579605102539062 -0.00205993652343752 -0.155517578125
-0.061676025390625 0.0408134460449219 0.02166748046875 -0.0808563232421875
-0.0680580139160156 0.00467681884765626 -0.014521598815918 -0.0165128707885742
-0.0900955200195313 -0.00363922119140625 -0.153961181640625 0.0477752685546875
-0.11480712890625 0.00239562988281252 -0.226821899414063 0.000762939453124951
-0.0511322021484375 -0.0535316467285156 0.271820068359375 -0.052734375
-0.0716094970703125 -0.049163818359375 0.181228637695312 -0.0666961669921875
-0.083831787109375 0.00447845458984375 0.0107288360595703 -0.02410888671875
-0.0470924377441406 0.0453453063964844 -0.0383224487304688 0.0846023559570313
-0.0162773132324219 0.0397415161132813 -0.029693603515625 0.161788940429688
0.0114212036132812 0.0309295654296875 0.0568695068359375 0.248397827148438
0.0318641662597656 0.0309162139892578 0.159164428710938 0.259933471679688
0.0220317840576172 0.0314788818359375 0.190216064453125 0.228469848632812
0.03521728515625 0.0238265991210938 0.165847778320313 0.229278564453125
0.0385208129882813 0.0431976318359375 0.0950164794921875 0.22406005859375
0.0217628479003906 0.0646476745605469 0.0486297607421875 0.144927978515625
-0.00737762451171875 0.0782852172851563 0.04754638671875 0.0635643005371094
-0.0662384033203125 0.0541229248046875 0.130996704101563 0.01531982421875
-0.073333740234375 0.00976562499999999 0.316314697265625 0.012939453125
-0.0413436889648437 0.00226974487304688 0.4278564453125 0.187744140625
-0.206512451171875 -0.0902252197265625 0.2393798828125 -0.0462493896484375
-0.21868896484375 -0.0645599365234375 0.1680908203125 -0.0521697998046875
-0.214080810546875 0.00851440429687498 0.0297279357910156 -0.0327835083007813
-0.164657592773438 0.105560302734375 -0.0317649841308594 0.0615386962890625
-0.0885391235351562 0.134323120117188 -0.0322952270507813 0.129837036132813
-0.00114440917968749 0.15594482421875 0.04498291015625 0.225555419921875
0.0649566650390625 0.145614624023438 0.135940551757813 0.2364501953125
0.0583572387695313 0.139518737792969 0.167510986328125 0.201812744140625
0.0751953125 0.14166259765625 0.15142822265625 0.197296142578125
0.052001953125 0.162139892578125 0.092071533203125 0.193435668945313
-0.00669860839843749 0.171951293945313 0.04833984375 0.116279602050781
-0.0672760009765625 0.175643920898438 0.0506515502929687 0.0401535034179688
-0.171340942382812 0.103179931640625 0.14111328125 -0.01702880859375
-0.217041015625 0.024017333984375 0.306976318359375 0.001678466796875
-0.198471069335938 -0.00662231445312499 0.403076171875 0.17706298828125
-0.332855224609375 -0.113555908203125 0.164306640625 -0.055511474609375
-0.340240478515625 -0.0756530761718749 0.122085571289062 -0.044830322265625
-0.326812744140625 0.011810302734375 0.0418128967285156 -0.03656005859375
-0.263153076171875 0.149673461914062 -0.0157756805419922 0.0327320098876953
-0.153076171875 0.208572387695313 -0.02557373046875 0.0783462524414063
-0.019744873046875 0.260482788085937 0.033782958984375 0.16448974609375
0.08447265625 0.240798950195313 0.09576416015625 0.174850463867188
0.0850982666015625 0.230209350585938 0.119461059570313 0.14501953125
0.106887817382813 0.237335205078125 0.107894897460938 0.143402099609375
0.0681610107421875 0.261245727539063 0.0720748901367188 0.13909912109375
-0.029205322265625 0.262847900390625 0.0364990234375 0.071014404296875
-0.1104736328125 0.259475708007813 0.0474205017089844 0.0138969421386719
-0.254364013671875 0.150558471679688 0.132781982421875 -0.0412368774414063
-0.327606201171875 0.0471801757812501 0.258010864257813 0.00299072265625
-0.325164794921875 -0.00451660156250001 0.329132080078125 0.160400390625
-0.410797119140625 -0.11376953125 0.050811767578125 -0.0725936889648438
-0.41510009765625 -0.065704345703125 0.0443611145019531 -0.0377693176269531
-0.3875732421875 0.024566650390625 0.0411529541015625 -0.03607177734375
-0.319061279296875 0.180908203125 0.00369405746459959 -0.000621557235717762
-0.191177368164063 0.254806518554688 -0.0112972259521484 0.0115346908569336
-0.031036376953125 0.3248291015625 0.0192947387695313 0.0764389038085938
0.0928955078125 0.2979736328125 0.0408096313476563 0.0845794677734375
0.098358154296875 0.283050537109375 0.0513992309570313 0.0670318603515625
0.125579833984375 0.30010986328125 0.045379638671875 0.0669097900390625
0.074554443359375 0.325714111328125 0.0348587036132813 0.065826416015625
-0.045806884765625 0.317901611328125 0.0157022476196289 0.0174560546875
-0.140289306640625 0.308258056640625 0.0355644226074219 -0.0150604248046875
-0.3018798828125 0.174896240234375 0.109275817871094 -0.0516586303710937
-0.395355224609375 0.0588989257812499 0.18267822265625 0.02081298828125
-0.400360107421875 -0.00292968750000003 0.213623046875 0.144989013671875
-0.422882080078125 -0.094757080078125 -0.0860443115234375 -0.0934524536132812
-0.423065185546875 -0.0387878417968751 -0.0509033203125 -0.0347023010253906
-0.3804931640625 0.04766845703125 0.0218391418457031 -0.0279026031494141
-0.316314697265625 0.189178466796875 0.0149002075195312 -0.0358200073242187
-0.191925048828125 0.2611083984375 -0.00121688842773439 -0.0591163635253906
-0.033966064453125 0.337677001953125 -0.00296592712402344 -0.0251522064208984
0.087677001953125 0.309417724609375 -0.0209789276123047 -0.0197982788085937
0.09893798828125 0.292816162109375 -0.0237312316894531 -0.0216331481933594
0.120758056640625 0.31768798828125 -0.0242061614990234 -0.0181102752685547
0.063201904296875 0.342010498046875 -0.0114192962646484 -0.0186672210693359
-0.064544677734375 0.324493408203125 -0.00913238525390625 -0.0427589416503906
-0.157196044921875 0.3072509765625 0.0222625732421875 -0.0406913757324219
-0.310699462890625 0.166015625 0.0779037475585937 -0.0468673706054687
-0.402099609375 0.05126953125 0.0867156982421875 0.0468978881835938
-0.415191650390625 -0.00436401367187495 0.0801849365234375 0.120536804199219
-0.36737060546875 -0.0594482421875 -0.217056274414063 -0.110031127929688
-0.356414794921875 -0.0111389160156249 -0.146316528320313 -0.029632568359375
-0.304473876953125 0.05169677734375 -0.00939178466796877 -0.0231266021728516
-0.254318237304688 0.157394409179688 0.0123443603515625 -0.0702247619628906
-0.156478881835938 0.2197265625 -0.000564575195312517 -0.118988037109375
-0.0286865234375 0.295806884765625 -0.0341415405273438 -0.119613647460937
0.0711212158203125 0.27178955078125 -0.0829925537109375 -0.117256164550781
0.0823974609375 0.259994506835938 -0.0939559936523437 -0.107345581054687
0.09716796875 0.29034423828125 -0.0881118774414062 -0.100334167480469
0.033966064453125 0.303558349609375 -0.050140380859375 -0.1036376953125
-0.0812835693359375 0.277145385742187 -0.0267105102539062 -0.09661865234375
-0.158172607421875 0.249984741210937 0.0136528015136719 -0.0651588439941406
-0.274749755859375 0.11810302734375 0.0424041748046875 -0.0380935668945312
-0.34832763671875 0.0283203125000001 -0.0116844177246094 0.0686225891113281
-0.3671875 -0.00726318359375 -0.0560989379882813 0.0923004150390625
-0.253936767578125 -0.016632080078125 -0.3265380859375 -0.121124267578125
-0.23345947265625 0.00875854492187495 -0.225418090820313 -0.0254058837890625
-0.184539794921875 0.0370635986328125 -0.0442314147949219 -0.0133781433105469
-0.160171508789062 0.094512939453125 -0.00222778320312502 -0.0899658203125
-0.109092712402344 0.138839721679688 -0.0101165771484375 -0.156723022460938
-0.0244903564453125 0.208938598632813 -0.062957763671875 -0.187210083007813
0.040283203125 0.194198608398437 -0.13409423828125 -0.192031860351563
0.054351806640625 0.1873779296875 -0.148635864257813 -0.175399780273437
0.059906005859375 0.21624755859375 -0.133468627929688 -0.173828125
0.00199890136718748 0.219070434570312 -0.0722198486328125 -0.175643920898438
-0.0836944580078125 0.184616088867188 -0.027587890625 -0.1436767578125
-0.128738403320313 0.156875610351563 0.010986328125 -0.0815353393554688
-0.192840576171875 0.0563507080078125 0.0079364776611328 -0.0266304016113281
-0.2435302734375 0.00750732421875002 -0.0965423583984375 0.0743560791015625
-0.264862060546875 -0.00518798828125002 -0.167816162109375 0.0558013916015625
-0.0984573364257813 0.017578125 -0.397186279296875 -0.123809814453125
-0.07440185546875 0.00531005859374999 -0.27496337890625 -0.0174407958984375
-0.049835205078125 0.000373840332031259 -0.0793075561523438 0.00403594970703126
-0.0609893798828125 0.00848388671874999 -0.019683837890625 -0.0903549194335937
-0.0571250915527344 0.0388374328613281 -0.02276611328125 -0.165557861328125
-0.0258255004882813 0.0926666259765625 -0.0904541015625 -0.22454833984375
0.0018310546875 0.089202880859375 -0.173141479492187 -0.235580444335938
0.017181396484375 0.08599853515625 -0.18499755859375 -0.217529296875
0.017669677734375 0.108810424804688 -0.153213500976563 -0.222564697265625
-0.0151901245117188 0.100303649902344 -0.07208251953125 -0.222824096679688
-0.0560646057128906 0.0698089599609375 -0.0162811279296875 -0.163909912109375
-0.0613365173339844 0.0501213073730469 0.016815185546875 -0.0860671997070313
-0.072509765625 0.011322021484375 -0.0196075439453125 -0.0151195526123047
-0.100257873535156 0.00444030761718749 -0.157989501953125 0.066314697265625
-0.12335205078125 0.0124588012695312 -0.242080688476563 0.0229644775390625
-0.0535507202148437 -0.0521125793457031 0.275665283203125 -0.077301025390625
-0.0748138427734375 -0.0465621948242188 0.182662963867188 -0.084442138671875
-0.0843582153320313 0.00833129882812501 0.0103988647460937 -0.0271778106689453
-0.0447998046875 0.0486907958984375 -0.0305938720703125 0.0879898071289063
-0.0145187377929688 0.0412673950195313 -0.014617919921875 0.166229248046875
0.0108451843261719 0.0297527313232422 0.0818634033203125 0.24859619140625
0.0320529937744141 0.0294876098632813 0.186538696289063 0.250625610351563
0.0247611999511719 0.0290355682373047 0.21453857421875 0.216888427734375
0.0348625183105469 0.0193557739257813 0.191085815429688 0.2193603515625
0.040069580078125 0.0391998291015625 0.117996215820313 0.221023559570312
0.0283737182617187 0.0633659362792969 0.063812255859375 0.145233154296875
-0.00095367431640625 0.0782470703125 0.0540771484375 0.0616340637207031
-0.0624122619628906 0.0597686767578125 0.13409423828125 0.00595855712890625
-0.0717239379882813 0.0175247192382813 0.3206787109375 -0.015533447265625
-0.0381660461425781 0.00519943237304687 0.449371337890625 0.156219482421875
-0.21539306640625 -0.0746002197265625 0.245925903320313 -0.0682525634765625
-0.224838256835938 -0.0496826171875 0.171493530273437 -0.07012939453125
-0.220916748046875 0.023345947265625 0.0291824340820312 -0.0380973815917969
-0.158050537109375 0.118988037109375 -0.0245475769042969 0.06536865234375
-0.08001708984375 0.142257690429688 -0.0215301513671875 0.133636474609375
0.00799560546875001 0.15826416015625 0.067962646484375 0.223968505859375
0.0757293701171875 0.144027709960938 0.1612548828125 0.227676391601563
0.0719451904296875 0.13739013671875 0.189208984375 0.190811157226563
0.0868606567382813 0.136192321777344 0.172348022460938 0.190444946289063
0.067535400390625 0.160064697265625 0.113388061523438 0.19122314453125
0.00669860839843751 0.176498413085937 0.0617294311523437 0.114860534667969
-0.053131103515625 0.183624267578125 0.0559539794921875 0.0381355285644531
-0.167861938476563 0.119766235351563 0.140525817871094 -0.0277633666992187
-0.220687866210937 0.0440521240234375 0.31109619140625 -0.025054931640625
-0.200714111328125 0.011932373046875 0.4244384765625 0.14886474609375
-0.34674072265625 -0.089874267578125 0.168548583984375 -0.071502685546875
-0.351531982421875 -0.04974365234375 0.125579833984375 -0.054779052734375
-0.3341064453125 0.03546142578125 0.0416679382324219 -0.0412635803222656
-0.25677490234375 0.173904418945313 -0.00964736938476564 0.0355300903320313
-0.1402587890625 0.225372314453125 -0.0168609619140625 0.0807647705078125
0.0013275146484375 0.267959594726563 0.0528717041015625 0.162673950195313
0.105575561523437 0.238510131835937 0.113739013671875 0.16839599609375
0.107574462890625 0.225234985351562 0.134475708007813 0.137809753417969
0.130538940429688 0.232391357421875 0.123809814453125 0.137123107910156
0.0941619873046875 0.261505126953125 0.0875930786132813 0.137054443359375
-0.00579833984375002 0.271926879882813 0.045806884765625 0.0706024169921875
-0.0901031494140625 0.273681640625 0.0506362915039062 0.0115242004394531
-0.247970581054688 0.173675537109375 0.129264831542969 -0.0507965087890625
-0.334259033203125 0.0756225585937499 0.263778686523438 -0.018829345703125
-0.33038330078125 0.022857666015625 0.349334716796875 0.13995361328125
-0.4285888671875 -0.0841674804687501 0.0522918701171875 -0.078857421875
-0.427734375 -0.0323486328125001 0.0479087829589843 -0.0408401489257813
-0.3961181640625 0.0570983886718751 0.0419845581054687 -0.0390968322753906
-0.312103271484375 0.2127685546875 0.00812196731567381 0.000673770904541029
-0.174819946289063 0.277755737304688 -0.00748825073242189 0.0113353729248047
-0.00393676757812502 0.335845947265625 0.0283660888671875 0.0721664428710938
0.120941162109375 0.29681396484375 0.0508956909179688 0.0806427001953125
0.127365112304688 0.280380249023438 0.059600830078125 0.0633811950683594
0.15521240234375 0.294708251953125 0.055145263671875 0.0659370422363281
0.10675048828125 0.32586669921875 0.0430564880371094 0.0639457702636719
-0.0179443359375 0.332427978515625 0.0197639465332031 0.0165748596191406
-0.116424560546875 0.328155517578125 0.0383758544921875 -0.0165138244628906
-0.29693603515625 0.2052001953125 0.10479736328125 -0.0582962036132812
-0.401336669921875 0.0954895019531249 0.186935424804687 0.00587463378906251
-0.408447265625 0.032958984375 0.231704711914062 0.131439208984375
-0.4417724609375 -0.0625610351562501 -0.0872344970703125 -0.0879364013671875
-0.435821533203125 -0.00213623046875002 -0.0490036010742188 -0.0261116027832031
-0.39068603515625 0.077789306640625 0.0237178802490234 -0.0312938690185547
-0.308380126953125 0.22235107421875 0.0155143737792969 -0.0375175476074219
-0.174072265625 0.285491943359375 -0.00396347045898439 -0.0621566772460937
-0.003570556640625 0.348907470703125 -0.00272750854492187 -0.028472900390625
0.117919921875 0.3096923828125 -0.0209102630615234 -0.0193748474121094
0.126983642578125 0.291839599609375 -0.0233173370361328 -0.0204677581787109
0.15313720703125 0.314361572265625 -0.0236949920654297 -0.0147457122802734
0.096282958984375 0.3428955078125 -0.0114068984985352 -0.0174102783203125
-0.036712646484375 0.340667724609375 -0.0114250183105469 -0.042327880859375
-0.13360595703125 0.32952880859375 0.0223274230957031 -0.0434799194335937
-0.307952880859375 0.19476318359375 0.0720672607421875 -0.0523452758789062
-0.409332275390625 0.0909729003906249 0.0935897827148437 0.0416183471679688
-0.42535400390625 0.031585693359375 0.0914459228515625 0.120803833007813
-0.384246826171875 -0.030059814453125 -0.224349975585938 -0.0947265625000001
-0.367279052734375 0.0234375000000001 -0.146377563476563 -0.012939453125
-0.312896728515625 0.0799560546875 -0.00677871704101564 -0.0224208831787109
-0.249282836914062 0.187957763671875 0.00872039794921874 -0.0718460083007812
-0.14404296875 0.241546630859375 -0.0107192993164063 -0.124549865722656
-0.00204467773437503 0.3067626953125 -0.0421600341796875 -0.121940612792969
0.0994110107421875 0.27374267578125 -0.09295654296875 -0.112815856933594
0.108474731445313 0.259384155273438 -0.101806640625 -0.100906372070312
0.12744140625 0.28607177734375 -0.0943832397460938 -0.09527587890625
0.06494140625 0.306793212890625 -0.05889892578125 -0.101661682128906
-0.0577392578125 0.292938232421875 -0.0344161987304688 -0.0982742309570312
-0.137954711914062 0.272064208984375 0.00973510742187499 -0.0673446655273437
-0.275772094726563 0.144622802734375 0.0360565185546875 -0.0394134521484375
-0.35784912109375 0.0620422363281249 -0.00455474853515628 0.0721282958984375
-0.3759765625 0.023193359375 -0.0486297607421875 0.100914001464844
-0.26422119140625 0.00169372558593745 -0.33795166015625 -0.095245361328125
-0.239822387695313 0.03057861328125 -0.227340698242188 -0.00263977050781249
-0.1904296875 0.0541534423828125 -0.0441360473632813 -0.00906753540039063
-0.158920288085937 0.11419677734375 -0.00814819335937502 -0.091400146484375
-0.0990447998046875 0.156021118164063 -0.0236968994140625 -0.161834716796875
-0.00389099121093751 0.216781616210938 -0.081756591796875 -0.189865112304687
0.0635223388671875 0.196701049804688 -0.153610229492188 -0.186248779296875
0.07305908203125 0.18731689453125 -0.16558837890625 -0.166671752929687
0.08221435546875 0.215087890625 -0.147171020507812 -0.16552734375
0.0262603759765625 0.2237548828125 -0.0877685546875 -0.173080444335938
-0.0675201416015625 0.19903564453125 -0.04071044921875 -0.14178466796875
-0.116378784179688 0.17236328125 0.00494384765624999 -0.0835189819335937
-0.195159912109375 0.07635498046875 0.00385856628417968 -0.0250778198242187
-0.251708984375 0.0297393798828125 -0.0921478271484375 0.0866622924804688
-0.271743774414063 0.0173034667968751 -0.167556762695313 0.0741119384765625
-0.102577209472656 0.0245513916015625 -0.41119384765625 -0.094512939453125
-0.0800094604492188 0.0123748779296875 -0.279266357421875 0.00607299804687498
-0.0547752380371094 0.00475692749023437 -0.0771102905273438 0.0104827880859375
-0.0642738342285156 0.0177764892578125 -0.027618408203125 -0.0910568237304687
-0.0553016662597656 0.0489082336425781 -0.0379180908203125 -0.169570922851563
-0.0149002075195313 0.0984115600585938 -0.113983154296875 -0.223007202148438
0.0138092041015625 0.0925979614257813 -0.197509765625 -0.226531982421875
0.0283432006835938 0.0880355834960938 -0.205245971679688 -0.206619262695313
0.0308914184570313 0.110687255859375 -0.173004150390625 -0.213455200195313
-0.00477600097656249 0.10595703125 -0.0929107666015625 -0.221725463867188
-0.050140380859375 0.0779342651367187 -0.0311431884765625 -0.166046142578125
-0.0571174621582031 0.0591964721679687 0.00789642333984375 -0.0893020629882813
-0.0760955810546875 0.0203018188476563 -0.0220756530761719 -0.0114860534667969
-0.105690002441406 0.0172500610351563 -0.156646728515625 0.0827789306640625
-0.127876281738281 0.0234527587890625 -0.246322631835938 0.0440368652343749
-0.0539894104003906 -0.0501899719238281 0.274246215820313 -0.096160888671875
-0.075897216796875 -0.0450286865234375 0.179489135742188 -0.0991668701171875
-0.08502197265625 0.01043701171875 0.00986480712890625 -0.0290431976318359
-0.0430717468261719 0.0477828979492188 -0.0229949951171875 0.0876083374023437
-0.014404296875 0.0407295227050781 -0.00267028808593749 0.166778564453125
0.00953292846679688 0.0293426513671875 0.10003662109375 0.242828369140625
0.0304946899414062 0.0280666351318359 0.203948974609375 0.238143920898438
0.0244045257568359 0.0272464752197266 0.228424072265625 0.202987670898438
0.0333118438720703 0.0166358947753906 0.206283569335938 0.208831787109375
0.0415153503417969 0.0344314575195313 0.13409423828125 0.215621948242187
0.0327033996582031 0.0596084594726562 0.0735321044921875 0.14288330078125
0.00447845458984376 0.0767059326171875 0.0575714111328125 0.0604324340820313
-0.0569190979003906 0.0641365051269531 0.133537292480469 -0.000328063964843746
-0.0670623779296875 0.0223312377929688 0.3175048828125 -0.036346435546875
-0.034423828125 0.00778388977050781 0.458282470703125 0.129791259765625
-0.21875 -0.0631561279296875 0.2476806640625 -0.0850677490234375
-0.2269287109375 -0.0386810302734375 0.17156982421875 -0.0810546875
-0.221817016601562 0.033935546875 0.0286178588867187 -0.0410614013671875
-0.15301513671875 0.126510620117187 -0.017333984375 0.0652656555175782
-0.073699951171875 0.147262573242188 -0.0113906860351563 0.133514404296875
0.016387939453125 0.158966064453125 0.0863189697265625 0.217620849609375
0.0825271606445313 0.139877319335938 0.177688598632813 0.216690063476563
0.0794296264648437 0.133140563964844 0.202377319335938 0.179763793945312
0.0948715209960938 0.130790710449219 0.186721801757812 0.181564331054687
0.0775909423828125 0.155349731445313 0.128097534179687 0.186065673828125
0.01953125 0.176528930664063 0.070068359375 0.113128662109375
-0.0413360595703125 0.18719482421875 0.0592918395996094 0.0364875793457031
-0.161712646484375 0.130630493164063 0.136909484863281 -0.0331344604492187
-0.217315673828125 0.0592041015625 0.30889892578125 -0.04461669921875
-0.197677612304687 0.02276611328125 0.435394287109375 0.125030517578125
-0.35357666015625 -0.0702514648437501 0.170852661132812 -0.0821533203125
-0.353546142578125 -0.029876708984375 0.127845764160156 -0.063018798828125
-0.33587646484375 0.053619384765625 0.0420265197753906 -0.0454292297363281
-0.248703002929687 0.189254760742188 -0.00350952148437502 0.0352859497070313
-0.12835693359375 0.235458374023437 -0.00971984863281252 0.07958984375
0.0164337158203125 0.268875122070312 0.0656890869140625 0.155975341796875
0.12030029296875 0.234466552734375 0.126953125 0.159255981445313
0.122039794921875 0.21978759765625 0.14569091796875 0.128738403320313
0.145523071289062 0.224746704101562 0.136283874511719 0.130294799804688
0.111114501953125 0.255416870117187 0.0987930297851563 0.133285522460938
0.0125732421875 0.274459838867187 0.0530548095703125 0.0687255859375
-0.073638916015625 0.281585693359375 0.0530967712402344 0.00950622558593752
-0.240875244140625 0.191085815429687 0.124931335449219 -0.05517578125
-0.332977294921875 0.098663330078125 0.262649536132813 -0.0339813232421875
-0.327850341796875 0.042144775390625 0.35986328125 0.121826171875
-0.436126708984375 -0.0596618652343749 0.0548553466796875 -0.082916259765625
-0.429901123046875 -0.00598144531250001 0.0518302917480468 -0.0429496765136719
-0.399139404296875 0.08013916015625 0.0416793823242187 -0.0422096252441406
-0.3017578125 0.23455810546875 0.0120353698730469 -0.000349044799804673
-0.15911865234375 0.292205810546875 -0.00524902343750001 0.0101318359375
0.017425537109375 0.338592529296875 0.036346435546875 0.0672378540039063
0.140472412109375 0.292449951171875 0.0587158203125 0.0756607055664063
0.14678955078125 0.273056030273438 0.0666275024414063 0.0592308044433594
0.176025390625 0.285919189453125 0.0632095336914063 0.0627517700195313
0.129669189453125 0.321441650390625 0.049407958984375 0.06292724609375
0.00445556640625001 0.33709716796875 0.0238590240478516 0.0155124664306641
-0.096038818359375 0.338226318359375 0.0391426086425781 -0.0183029174804687
-0.2891845703125 0.225555419921875 0.0989990234375 -0.061614990234375
-0.399810791015625 0.123443603515625 0.188156127929687 -0.00471496582031249
-0.40673828125 0.056976318359375 0.241592407226562 0.120620727539062
-0.450042724609375 -0.0364685058593751 -0.0850067138671875 -0.084075927734375
-0.437774658203125 0.0253906250000001 -0.04437255859375 -0.0210075378417969
-0.392913818359375 0.101837158203125 0.0247821807861328 -0.0334644317626953
-0.296966552734375 0.245025634765625 0.0177879333496094 -0.0384445190429687
-0.157806396484375 0.30126953125 -0.00559997558593751 -0.0641899108886719
0.01922607421875 0.352569580078125 -0.00306129455566406 -0.0333461761474609
0.13970947265625 0.305084228515625 -0.0199623107910156 -0.019998550415039
0.148590087890625 0.284912109375 -0.0221099853515625 -0.0187282562255859
0.17681884765625 0.30462646484375 -0.0201873779296875 -0.0133094787597656
0.122406005859375 0.338592529296875 -0.0104084014892578 -0.0166702270507812
-0.01422119140625 0.347991943359375 -0.0114364624023438 -0.042388916015625
-0.11309814453125 0.340972900390625 0.0217514038085937 -0.0448760986328125
-0.301849365234375 0.216094970703125 0.0658493041992187 -0.0537376403808594
-0.4102783203125 0.119110107421875 0.095855712890625 0.0371551513671875
-0.424530029296875 0.057464599609375 0.100090026855469 0.11785888671875
-0.3919677734375 -0.00717163085937501 -0.223800659179688 -0.082672119140625
-0.369659423828125 0.048492431640625 -0.14208984375 -0.00154113769531248
-0.31573486328125 0.10040283203125 -0.00546455383300783 -0.0219039916992187
-0.240341186523437 0.208038330078125 0.00860595703124999 -0.0721054077148437
-0.128982543945312 0.256271362304688 -0.0174789428710938 -0.125923156738281
0.019744873046875 0.309295654296875 -0.0489349365234375 -0.123588562011719
0.119491577148437 0.27001953125 -0.0981292724609375 -0.109291076660156
0.12908935546875 0.253677368164063 -0.106071472167969 -0.0954360961914062
0.149566650390625 0.278778076171875 -0.0974044799804687 -0.0901336669921875
0.088623046875 0.30517578125 -0.0640411376953125 -0.0961074829101563
-0.03814697265625 0.30126953125 -0.0389633178710937 -0.0969161987304687
-0.12115478515625 0.284210205078125 0.00714874267578125 -0.0678749084472656
-0.271408081054688 0.163589477539062 0.0311737060546875 -0.0383453369140625
-0.360137939453125 0.0874328613281249 -0.000221252441406279 0.0743331909179688
-0.37738037109375 0.0467529296875 -0.04180908203125 0.107231140136719
-0.26953125 0.017242431640625 -0.33966064453125 -0.0773620605468749
-0.24188232421875 0.0467987060546875 -0.224502563476563 0.0148162841796875
-0.19366455078125 0.0680694580078125 -0.0424156188964844 -0.00690078735351561
-0.154022216796875 0.12939453125 -0.0112686157226563 -0.0900115966796875
-0.0896453857421875 0.168533325195313 -0.0348968505859375 -0.161727905273437
0.0125579833984375 0.2191162109375 -0.0943756103515625 -0.187774658203125
0.079498291015625 0.194976806640625 -0.164779663085938 -0.177017211914063
0.089324951171875 0.184158325195313 -0.174728393554688 -0.156539916992187
0.100601196289062 0.210342407226563 -0.155441284179687 -0.157516479492188
0.0445098876953125 0.2236328125 -0.09771728515625 -0.167190551757813
-0.053375244140625 0.207244873046875 -0.0483169555664062 -0.140213012695313
-0.104461669921875 0.182952880859375 0.00176239013671874 -0.0846405029296875
-0.194244384765625 0.0908966064453125 0.000225067138671863 -0.0228443145751953
-0.25469970703125 0.050018310546875 -0.087066650390625 0.093597412109375
-0.274459838867188 0.0350494384765625 -0.162918090820313 0.0863494873046875
-0.105308532714844 0.0293807983398438 -0.414154052734375 -0.07061767578125
-0.0833206176757813 0.0186614990234375 -0.276962280273438 0.0259552001953126
-0.0587501525878906 0.00913238525390626 -0.0741729736328125 0.0145950317382812
-0.0661468505859375 0.0259933471679688 -0.03179931640625 -0.090423583984375
-0.0522689819335938 0.0568008422851562 -0.0494537353515625 -0.168701171875
-0.00599670410156249 0.100959777832031 -0.129669189453125 -0.218292236328125
0.0233154296875 0.0937042236328125 -0.212814331054687 -0.213714599609375
0.0370407104492188 0.08685302734375 -0.218368530273438 -0.19366455078125
0.0418624877929687 0.108192443847656 -0.185760498046875 -0.203216552734375
0.00618743896484375 0.107177734375 -0.10791015625 -0.215545654296875
-0.0428314208984375 0.0842819213867188 -0.0412750244140625 -0.16436767578125
-0.0515060424804688 0.0652122497558594 0.00399017333984375 -0.09014892578125
-0.0764999389648438 0.0286483764648438 -0.0251712799072266 -0.00779724121093749
-0.10858154296875 0.0279541015625 -0.151947021484375 0.095123291015625
-0.130302429199219 0.0326766967773438 -0.2471923828125 0.06103515625
-0.0535545349121094 -0.0500450134277344 0.275833129882813 -0.109512329101563
-0.07684326171875 -0.045928955078125 0.179367065429687 -0.109603881835938
-0.0858612060546875 0.0105514526367187 0.0102863311767578 -0.03173828125
-0.0434112548828125 0.0463676452636719 -0.0187225341796875 0.0867691040039063
-0.0158424377441406 0.0402603149414063 0.00511169433593751 0.167434692382813
0.0076446533203125 0.0297622680664063 0.11334228515625 0.240234375
0.0292835235595703 0.0269260406494141 0.217041015625 0.231231689453125
0.023468017578125 0.0264797210693359 0.239761352539062 0.196701049804687
0.0315895080566406 0.0147724151611328 0.218582153320313 0.203887939453125
0.0414581298828125 0.0316123962402344 0.146484375 0.214981079101562
0.0356979370117187 0.0564231872558594 0.080718994140625 0.14373779296875
0.0077056884765625 0.0750656127929687 0.0601615905761719 0.0609474182128906
-0.0529289245605469 0.0666236877441406 0.134132385253906 -0.0041046142578125
-0.0640716552734375 0.025482177734375 0.316741943359375 -0.049468994140625
-0.0311985015869141 0.00871849060058594 0.467315673828125 0.115692138671875
-0.222183227539062 -0.0572509765625 0.251266479492188 -0.0970611572265625
-0.22979736328125 -0.03326416015625 0.173904418945312 -0.090362548828125
-0.225326538085938 0.0389862060546875 0.0295143127441406 -0.0442695617675781
-0.152359008789062 0.131500244140625 -0.0126113891601563 0.0636138916015625
-0.0714569091796875 0.151611328125 -0.00443267822265624 0.133804321289063
0.0203399658203125 0.16058349609375 0.0974273681640625 0.21270751953125
0.087249755859375 0.139350891113281 0.190704345703125 0.209518432617188
0.0841751098632813 0.130569458007813 0.213394165039063 0.17315673828125
0.0997390747070312 0.128364562988281 0.199249267578125 0.175643920898438
0.08441162109375 0.153549194335938 0.139495849609375 0.1849365234375
0.02691650390625 0.176544189453125 0.07733154296875 0.113136291503906
-0.0343780517578125 0.190383911132812 0.061920166015625 0.0369300842285156
-0.159088134765625 0.138626098632812 0.135848999023438 -0.0360641479492188
-0.215927124023437 0.068817138671875 0.308624267578125 -0.057098388671875
-0.1956787109375 0.0296478271484375 0.445159912109375 0.1116943359375
-0.36138916015625 -0.057861328125 0.175094604492187 -0.09075927734375
-0.35693359375 -0.018463134765625 0.13250732421875 -0.069183349609375
-0.342010498046875 0.0640869140625 0.0430564880371094 -0.0490341186523437
-0.246658325195313 0.201171875 0.00195693969726561 0.0337295532226563
-0.123626708984375 0.24462890625 -0.00482940673828127 0.0782470703125
0.0257568359375 0.272659301757813 0.0742340087890625 0.15087890625
0.130615234375 0.233291625976562 0.137313842773438 0.153594970703125
0.1328125 0.216934204101563 0.155044555664063 0.124343872070313
0.156143188476563 0.221710205078125 0.147216796875 0.1260986328125
0.123886108398437 0.25384521484375 0.108444213867188 0.132164001464844
0.025054931640625 0.278305053710938 0.0587959289550781 0.0682792663574219
-0.062896728515625 0.288421630859375 0.0551185607910156 0.00929641723632814
-0.238510131835938 0.204071044921875 0.122062683105469 -0.05657958984375
-0.33367919921875 0.11444091796875 0.262924194335938 -0.0443115234375
-0.32830810546875 0.05389404296875 0.369476318359375 0.112396240234375
-0.445770263671875 -0.0438232421875 0.0593109130859375 -0.0872726440429688
-0.4351806640625 0.00946044921875007 0.0575141906738281 -0.0443153381347656
-0.405975341796875 0.0953063964843751 0.043701171875 -0.0455970764160156
-0.2987060546875 0.249725341796875 0.0168304443359375 -0.00215911865234373
-0.150604248046875 0.304901123046875 -0.00262928009033204 0.00765514373779299
0.030548095703125 0.343414306640625 0.0408782958984375 0.0618515014648438
0.155670166015625 0.291107177734375 0.0650100708007813 0.0718536376953125
0.161636352539063 0.270309448242188 0.072967529296875 0.0572280883789063
0.19140625 0.282196044921875 0.0705032348632813 0.0599517822265625
0.14666748046875 0.320037841796875 0.0560111999511719 0.0625190734863281
0.02001953125 0.34344482421875 0.0275382995605469 0.014333724975586
-0.083099365234375 0.347900390625 0.0409202575683594 -0.0193557739257812
-0.287872314453125 0.241180419921875 0.0962600708007812 -0.0612945556640625
-0.40264892578125 0.143035888671875 0.190139770507812 -0.0106964111328125
-0.409149169921875 0.07220458984375 0.250991821289063 0.115615844726563
-0.4608154296875 -0.0195922851562499 -0.0811996459960938 -0.0825042724609375
-0.4434814453125 0.043548583984375 -0.0382499694824219 -0.0181121826171875
-0.39990234375 0.119415283203125 0.0270767211914062 -0.0356788635253906
-0.29290771484375 0.26336669921875 0.021240234375 -0.0402793884277344
-0.14794921875 0.315704345703125 -0.00652313232421875 -0.0668792724609375
0.034759521484375 0.357940673828125 -0.0033721923828125 -0.0380134582519531
0.1571044921875 0.3046875 -0.018167495727539 -0.0209999084472656
0.1649169921875 0.28240966796875 -0.0194244384765625 -0.0188064575195312
0.195037841796875 0.301025390625 -0.0171403884887695 -0.014017105102539
0.14105224609375 0.338653564453125 -0.00832271575927733 -0.0157365798950195
0.00207519531250002 0.3558349609375 -0.0105705261230469 -0.0427436828613281
-0.10125732421875 0.352935791015625 0.0222854614257812 -0.0454368591308594
-0.302520751953125 0.232940673828125 0.0638236999511719 -0.0522804260253906
-0.415008544921875 0.140106201171875 0.0983505249023437 0.0354766845703125
-0.42791748046875 0.0726623535156249 0.107833862304687 0.1180419921875
-0.401824951171875 0.00692749023437498 -0.222412109375 -0.07598876953125
-0.374053955078125 0.0635986328125 -0.137046813964844 0.00566101074218752
-0.32269287109375 0.115997314453125 -0.00339508056640627 -0.0223655700683594
-0.236724853515625 0.225326538085938 0.0100173950195312 -0.0729904174804688
-0.119430541992187 0.269668579101563 -0.0216217041015625 -0.128082275390625
0.034423828125 0.31365966796875 -0.0538101196289063 -0.126373291015625
0.136322021484375 0.269989013671875 -0.102104187011719 -0.107933044433594
0.143722534179688 0.25091552734375 -0.108589172363281 -0.0921401977539062
0.166778564453125 0.275421142578125 -0.099700927734375 -0.0878219604492187
0.10650634765625 0.30621337890625 -0.0666732788085937 -0.0946807861328125
-0.0242919921875 0.310302734375 -0.0406951904296875 -0.0970001220703125
-0.109710693359375 0.29595947265625 0.00714111328124999 -0.0690879821777344
-0.272674560546875 0.179214477539062 0.0293846130371094 -0.0363960266113281
-0.365142822265625 0.106353759765625 0.00280761718749998 0.076263427734375
-0.38275146484375 0.0610351562499999 -0.03717041015625 0.112274169921875
-0.277481079101562 0.0279998779296875 -0.340057373046875 -0.0674743652343749
-0.24578857421875 0.058319091796875 -0.22039794921875 0.02520751953125
-0.19964599609375 0.07843017578125 -0.0398674011230469 -0.005126953125
-0.152557373046875 0.142913818359375 -0.0116958618164063 -0.0909957885742188
-0.082611083984375 0.179244995117187 -0.0413970947265625 -0.16375732421875
0.02545166015625 0.222640991210938 -0.102996826171875 -0.188232421875
0.093292236328125 0.195281982421875 -0.173736572265625 -0.173538208007813
0.101760864257812 0.182525634765625 -0.18109130859375 -0.152374267578125
0.114822387695313 0.208221435546875 -0.161300659179687 -0.154037475585938
0.05914306640625 0.225234985351562 -0.104751586914062 -0.16436767578125
-0.0428924560546875 0.215576171875 -0.0529708862304688 -0.140243530273437
-0.096893310546875 0.191665649414063 4.577636718749E-05 -0.0855636596679687
-0.196456909179688 0.102798461914063 -0.00157737731933595 -0.0195770263671875
-0.260589599609375 0.064727783203125 -0.0837326049804688 0.0999069213867187
-0.279159545898438 0.0457916259765626 -0.16217041015625 0.0952606201171875
-0.110450744628906 0.0334625244140625 -0.41766357421875 -0.057952880859375
-0.0873794555664063 0.02294921875 -0.2755126953125 0.03814697265625
-0.0625534057617188 0.0130348205566406 -0.0718841552734375 0.0173568725585937
-0.0664825439453125 0.0336189270019531 -0.0345230102539063 -0.090484619140625
-0.0494880676269531 0.0634765625 -0.0575408935546875 -0.170074462890625
0.00120544433593751 0.10333251953125 -0.141616821289063 -0.216323852539062
0.0314788818359375 0.0945968627929688 -0.224151611328125 -0.207794189453125
0.0443191528320313 0.0866775512695313 -0.227249145507812 -0.187850952148437
0.0501556396484375 0.106674194335937 -0.1949462890625 -0.198593139648438
0.0145645141601563 0.108619689941406 -0.11767578125 -0.213668823242188
-0.0377883911132813 0.0898590087890625 -0.0471954345703125 -0.164154052734375
-0.047515869140625 0.0708084106445313 0.00115203857421874 -0.0903549194335938
-0.07830810546875 0.0354232788085938 -0.0269680023193359 -0.00404930114746093
-0.111968994140625 0.0372390747070312 -0.150772094726563 0.104263305664062
-0.134552001953125 0.0388031005859375 -0.249053955078125 0.07275390625
-0.0532798767089844 -0.0512351989746094 0.283721923828125 -0.123016357421875
-0.0797882080078125 -0.04833984375 0.1832275390625 -0.122039794921875
-0.0892562866210937 0.0100936889648437 0.01043701171875 -0.0357742309570313
-0.0461006164550781 0.0461616516113281 -0.0158004760742188 0.0872726440429688
-0.0190811157226562 0.0409164428710938 0.0115966796875 0.170974731445313
0.00597000122070312 0.0309581756591797 0.12689208984375 0.241928100585938
0.0280532836914063 0.028228759765625 0.233139038085938 0.22979736328125
0.0228176116943359 0.0268669128417969 0.255126953125 0.194625854492188
0.0296306610107422 0.0142841339111328 0.23590087890625 0.203659057617188
0.0419692993164063 0.0297012329101563 0.161880493164062 0.219589233398437
0.0390777587890625 0.0545768737792969 0.0895233154296875 0.147918701171875
0.010589599609375 0.0748977661132813 0.0640144348144531 0.0636863708496094
-0.049560546875 0.0693283081054688 0.137626647949219 -0.006317138671875
-0.0611381530761719 0.027191162109375 0.323577880859375 -0.06268310546875
-0.0280532836914063 0.00934600830078125 0.4853515625 0.10675048828125
-0.229721069335937 -0.0530548095703125 0.261474609375 -0.108993530273438
-0.23724365234375 -0.0299072265625 0.181060791015625 -0.101364135742188
-0.234634399414063 0.045440673828125 0.0305709838867187 -0.0494270324707031
-0.15509033203125 0.139312744140625 -0.00894165039062501 0.0633201599121094
-0.071929931640625 0.159286499023438 0.00130462646484375 0.136054992675781
0.0239410400390625 0.16693115234375 0.110122680664062 0.213729858398438
0.0936126708984375 0.14239501953125 0.206039428710938 0.208221435546875
0.0903091430664063 0.132530212402344 0.228713989257812 0.1710205078125
0.105308532714844 0.129348754882813 0.215972900390625 0.175491333007813
0.092193603515625 0.1546630859375 0.154998779296875 0.188552856445312
0.0352325439453125 0.181015014648438 0.0858612060546875 0.11541748046875
-0.0287933349609375 0.197052001953125 0.0664291381835938 0.0387229919433594
-0.159576416015625 0.149627685546875 0.139205932617188 -0.0384292602539062
-0.220260620117188 0.0791473388671875 0.314971923828125 -0.069427490234375
-0.199081420898438 0.0359649658203125 0.462677001953125 0.104156494140625
-0.37542724609375 -0.04833984375 0.1845703125 -0.100830078125
-0.368377685546875 -0.00921630859375008 0.140350341796875 -0.0775680541992188
-0.35540771484375 0.075958251953125 0.0450439453125 -0.054412841796875
-0.24993896484375 0.21539306640625 0.00705909729003905 0.03179931640625
-0.120803833007813 0.258407592773438 -0.000450134277343766 0.0785446166992188
0.03411865234375 0.282684326171875 0.0833740234375 0.148590087890625
0.143524169921875 0.237945556640625 0.150161743164063 0.150985717773438
0.14544677734375 0.219024658203125 0.168106079101563 0.12249755859375
0.170074462890625 0.22381591796875 0.160720825195313 0.12408447265625
0.139068603515625 0.258041381835938 0.121177673339844 0.134674072265625
0.037261962890625 0.2884521484375 0.0668106079101563 0.0698356628417969
-0.0540771484375 0.301177978515625 0.0596389770507813 0.0098228454589844
-0.24237060546875 0.220596313476563 0.124305725097656 -0.0579681396484375
-0.342254638671875 0.13153076171875 0.269271850585938 -0.053558349609375
-0.33709716796875 0.065155029296875 0.38775634765625 0.106781005859375
-0.465118408203125 -0.030029296875 0.0657577514648437 -0.093841552734375
-0.448516845703125 0.023529052734375 0.0651702880859375 -0.0493087768554687
-0.42364501953125 0.112030029296875 0.0464706420898437 -0.0502395629882812
-0.301849365234375 0.27008056640625 0.0219345092773437 -0.00491333007812498
-0.145721435546875 0.322784423828125 -0.000634193420410166 0.00519704818725588
0.043212890625 0.355255126953125 0.0453948974609375 0.0574798583984375
0.173004150390625 0.296966552734375 0.0727996826171875 0.0691909790039063
0.17852783203125 0.272994995117188 0.0813522338867188 0.0554580688476563
0.209808349609375 0.284912109375 0.0785903930664063 0.0581130981445313
0.166351318359375 0.32550048828125 0.0643730163574219 0.0637359619140625
0.03436279296875 0.357513427734375 0.0318984985351563 0.0145034790039063
-0.07379150390625 0.365692138671875 0.0446052551269531 -0.0198860168457031
-0.29345703125 0.262298583984375 0.097442626953125 -0.0615615844726562
-0.41485595703125 0.16412353515625 0.195388793945313 -0.016204833984375
-0.4219970703125 0.0863342285156251 0.265579223632813 0.114120483398438
-0.481292724609375 -0.00439453124999992 -0.0789260864257813 -0.0855560302734375
-0.45794677734375 0.0598144531249999 -0.0320587158203125 -0.0175399780273438
-0.41754150390625 0.13824462890625 0.0298004150390625 -0.0384597778320312
-0.295745849609375 0.28594970703125 0.0261459350585937 -0.0435752868652344
-0.140899658203125 0.335693359375 -0.00736999511718752 -0.0709762573242187
0.04974365234375 0.370330810546875 -0.00436782836914062 -0.0432853698730469
0.176849365234375 0.31011962890625 -0.0174369812011719 -0.0233516693115234
0.183624267578125 0.285308837890625 -0.0173511505126953 -0.0199966430664062
0.215728759765625 0.3040771484375 -0.0147275924682617 -0.0159492492675781
0.162384033203125 0.3447265625 -0.00522518157958983 -0.0151195526123047
0.017364501953125 0.371307373046875 -0.00975799560546874 -0.0449180603027344
-0.091278076171875 0.3714599609375 0.0242195129394531 -0.0478706359863281
-0.309051513671875 0.255645751953125 0.0641899108886719 -0.0511856079101562
-0.4273681640625 0.1619873046875 0.103584289550781 0.0347366333007813
-0.442291259765625 0.0885009765625001 0.117034912109375 0.120887756347656
-0.420257568359375 0.0220947265624999 -0.225738525390625 -0.0743865966796875
-0.3880615234375 0.07958984375 -0.134086608886719 0.0115432739257813
-0.337493896484375 0.134429931640625 -0.000513076782226584 -0.0233917236328125
-0.237747192382813 0.246292114257812 0.0130691528320312 -0.0769577026367187
-0.112274169921875 0.288360595703125 -0.0256195068359375 -0.133689880371094
0.0499267578125 0.325592041015625 -0.0601654052734375 -0.1319580078125
0.154586791992188 0.2742919921875 -0.107200622558594 -0.109779357910156
0.162200927734375 0.253738403320313 -0.111961364746094 -0.0931549072265625
0.186935424804687 0.27801513671875 -0.103225708007813 -0.090057373046875
0.126373291015625 0.312591552734375 -0.0693588256835937 -0.0959091186523438
-0.010711669921875 0.326080322265625 -0.043060302734375 -0.0996475219726562
-0.102325439453125 0.312744140625 0.006927490234375 -0.0723495483398437
-0.280563354492188 0.199539184570312 0.0283203125 -0.0341663360595703
-0.3787841796875 0.1268310546875 0.00630950927734372 0.0806198120117188
-0.396484375 0.074859619140625 -0.0335235595703125 0.118728637695313
-0.292388916015625 0.0389404296875 -0.3487548828125 -0.062164306640625
-0.256744384765625 0.0700225830078125 -0.221466064453125 0.0337982177734375
-0.2100830078125 0.0918731689453125 -0.0380477905273438 -0.00476455688476561
-0.153274536132812 0.159088134765625 -0.0113906860351563 -0.094451904296875
-0.0772705078125 0.193405151367188 -0.0484161376953125 -0.16888427734375
0.036651611328125 0.231491088867188 -0.11456298828125 -0.193008422851562
0.108200073242187 0.198471069335938 -0.184921264648438 -0.174087524414062
0.11590576171875 0.184463500976563 -0.190292358398438 -0.151153564453125
0.130706787109375 0.209854125976563 -0.17034912109375 -0.15557861328125
0.07421875 0.231338500976562 -0.112518310546875 -0.166152954101562
-0.032958984375 0.227127075195313 -0.0581512451171875 -0.145095825195312
-0.091827392578125 0.204971313476563 -0.00152587890625001 -0.0893096923828125
-0.20245361328125 0.11773681640625 -0.00314521789550782 -0.0162363052368164
-0.270721435546875 0.081298828125 -0.0833663940429688 0.108123779296875
-0.290740966796875 0.057373046875 -0.164230346679688 0.105636596679688
-0.117927551269531 0.03857421875 -0.42974853515625 -0.0496826171875
-0.0937652587890625 0.0277175903320313 -0.280014038085938 0.0498199462890625
-0.069671630859375 0.0177001953125 -0.0704727172851563 0.0190658569335937
-0.0688629150390625 0.0414466857910156 -0.0365219116210938 -0.0929489135742188
-0.0468673706054687 0.0721588134765625 -0.06573486328125 -0.174713134765625
0.00775146484375 0.107376098632813 -0.154937744140625 -0.219161987304688
0.0413589477539063 0.0964736938476563 -0.238677978515625 -0.206695556640625
0.0530548095703125 0.0869979858398438 -0.24066162109375 -0.186447143554687
0.0598297119140625 0.106376647949219 -0.208084106445313 -0.19989013671875
0.0240402221679688 0.111412048339844 -0.129684448242188 -0.216445922851563
-0.0321426391601563 0.0968399047851563 -0.0533294677734375 -0.16839599609375
-0.0441513061523438 0.07708740234375 -0.00130462646484376 -0.0941925048828125
-0.0806655883789063 0.0435104370117187 -0.0284385681152344 0.000215530395507815
-0.117820739746094 0.0482254028320313 -0.15185546875 0.115478515625
-0.141281127929688 0.04681396484375 -0.25750732421875 0.0845642089843749
-0.0542640686035156 -0.0526962280273438 0.29473876953125 -0.145172119140625
-0.084930419921875 -0.0509567260742188 0.18817138671875 -0.141250610351563
-0.0944595336914063 0.0112533569335937 0.00936508178710937 -0.0406684875488281
-0.0491943359375 0.0476608276367187 -0.0121917724609375 0.0903549194335938
-0.0218048095703125 0.0434951782226562 0.022003173828125 0.17791748046875
0.0039520263671875 0.0333919525146484 0.147613525390625 0.24462890625
0.0277061462402344 0.0301856994628906 0.258285522460937 0.227020263671875
0.0226612091064453 0.0279617309570313 0.280471801757813 0.190505981445313
0.0288009643554688 0.0139884948730469 0.262252807617187 0.201889038085937
0.0433998107910156 0.0272178649902344 0.185928344726563 0.224014282226563
0.043182373046875 0.05224609375 0.104171752929688 0.153427124023438
0.0150527954101563 0.0759201049804688 0.0712509155273438 0.0670394897460937
-0.0454177856445313 0.0741195678710938 0.1444091796875 -0.01239013671875
-0.0589218139648438 0.0303802490234375 0.3333740234375 -0.08319091796875
-0.0249519348144531 0.00948905944824219 0.513580322265625 0.089019775390625
-0.241958618164062 -0.0438995361328125 0.274505615234375 -0.129928588867188
-0.249237060546875 -0.02294921875 0.188674926757812 -0.119430541992187
-0.248184204101563 0.057159423828125 0.0305709838867187 -0.0562171936035156
-0.1590576171875 0.152633666992187 -0.00381851196289063 0.0639381408691406
-0.0708465576171875 0.172088623046875 0.0092315673828125 0.140701293945313
0.0319061279296875 0.1756591796875 0.127838134765625 0.213912963867188
0.105056762695313 0.14654541015625 0.229568481445312 0.205322265625
0.10150146484375 0.134773254394531 0.25286865234375 0.166656494140625
0.116981506347656 0.1307373046875 0.240966796875 0.171890258789063
0.104812622070312 0.156097412109375 0.178054809570313 0.191207885742188
0.0469970703125 0.187850952148437 0.0994110107421875 0.118980407714844
-0.019439697265625 0.208358764648438 0.0735015869140625 0.0402679443359375
-0.158966064453125 0.167037963867187 0.145095825195313 -0.04388427734375
-0.226043701171875 0.0954132080078125 0.325775146484375 -0.08905029296875
-0.205703735351563 0.04730224609375 0.493988037109375 0.088775634765625
-0.3961181640625 -0.030853271484375 0.19573974609375 -0.118499755859375
-0.386962890625 0.00637817382812501 0.149642944335937 -0.0920257568359375
-0.374786376953125 0.097137451171875 0.0464553833007812 -0.0618934631347656
-0.254791259765625 0.2393798828125 0.0120258331298828 0.0302753448486328
-0.115219116210938 0.279617309570313 0.0045928955078125 0.0796051025390625
0.050537109375 0.297119140625 0.09637451171875 0.147109985351563
0.164352416992188 0.243759155273438 0.16815185546875 0.148040771484375
0.165725708007813 0.222503662109375 0.186859130859375 0.117782592773438
0.192276000976563 0.2264404296875 0.179916381835937 0.12060546875
0.1617431640625 0.263504028320313 0.140106201171875 0.136215209960938
0.0565185546875 0.302459716796875 0.0767135620117187 0.0711441040039063
-0.0406494140625 0.32098388671875 0.0664100646972656 0.00926971435546877
-0.243972778320313 0.248336791992187 0.128555297851563 -0.0623245239257812
-0.352996826171875 0.158050537109375 0.279708862304687 -0.0687103271484375
-0.350250244140625 0.0848999023437501 0.41473388671875 0.095367431640625
-0.49261474609375 -0.00506591796875001 0.0721282958984375 -0.105461120605469
-0.47100830078125 0.0474243164062501 0.0734786987304687 -0.0575485229492187
-0.446014404296875 0.141845703125 0.0483360290527344 -0.0571022033691406
-0.304962158203125 0.302581787109375 0.027566909790039 -0.00925636291503905
-0.13623046875 0.3502197265625 0.00103974342346191 0.00307655334472658
0.064910888671875 0.373077392578125 0.0506668090820313 0.0535812377929688
0.200653076171875 0.303741455078125 0.0826568603515625 0.065887451171875
0.205108642578125 0.277069091796875 0.0927886962890625 0.0519561767578125
0.2393798828125 0.288330078125 0.0897903442382813 0.0550079345703125
0.1956787109375 0.3326416015625 0.0764999389648438 0.0638885498046875
0.058624267578125 0.37652587890625 0.0380439758300781 0.0128288269042969
-0.0572509765625 0.391937255859375 0.0489501953125 -0.0226783752441406
-0.29742431640625 0.295867919921875 0.100738525390625 -0.0642166137695312
-0.429290771484375 0.198089599609375 0.205642700195312 -0.02520751953125
-0.440032958984375 0.111297607421875 0.2874755859375 0.109344482421875
-0.51080322265625 0.0215759277343749 -0.0792922973632813 -0.0897369384765625
-0.48016357421875 0.087677001953125 -0.0272102355957031 -0.0187759399414062
-0.4385986328125 0.171112060546875 0.0330924987792968 -0.0436630249023437
-0.296356201171875 0.32122802734375 0.030731201171875 -0.0499839782714844
-0.128662109375 0.36492919921875 -0.0103759765625 -0.0767288208007812
0.074432373046875 0.388671875 -0.00641632080078125 -0.0490684509277344
0.206451416015625 0.316375732421875 -0.0167064666748047 -0.0265216827392578
0.211883544921875 0.2891845703125 -0.0149078369140625 -0.0219593048095703
0.2476806640625 0.3077392578125 -0.0137424468994141 -0.018411636352539
0.193939208984375 0.354339599609375 -0.00221920013427733 -0.0164003372192383
0.04254150390625 0.393890380859375 -0.00907135009765624 -0.0474281311035156
-0.074981689453125 0.399200439453125 0.026031494140625 -0.0517120361328125
-0.314727783203125 0.2900390625 0.0662193298339843 -0.0524215698242187
-0.444366455078125 0.1968994140625 0.111808776855469 0.0333328247070313
-0.463531494140625 0.115966796875 0.131889343261719 0.12396240234375
-0.447509765625 0.0478210449218749 -0.233810424804688 -0.07147216796875
-0.407958984375 0.106048583984375 -0.133171081542969 0.0180740356445312
-0.355438232421875 0.164093017578125 0.00194168090820311 -0.025970458984375
-0.23773193359375 0.2783203125 0.0147628784179687 -0.0838165283203125
-0.100067138671875 0.31439208984375 -0.0327911376953125 -0.141403198242187
0.072662353515625 0.342193603515625 -0.0712509155273438 -0.138786315917969
0.183258056640625 0.279342651367188 -0.116546630859375 -0.111495971679687
0.188247680664062 0.25701904296875 -0.1192626953125 -0.0936508178710937
0.2166748046875 0.28204345703125 -0.111648559570312 -0.0921096801757812
0.15533447265625 0.321990966796875 -0.0753021240234375 -0.0970306396484375
0.010345458984375 0.347381591796875 -0.0483856201171875 -0.104568481445312
-0.089691162109375 0.338104248046875 0.00604248046874999 -0.077239990234375
-0.287689208984375 0.229736328125 0.029520034790039 -0.032876968383789
-0.395294189453125 0.158905029296875 0.01190185546875 0.0865249633789063
-0.415924072265625 0.0997009277343749 -0.0274810791015625 0.128852844238281
-0.311431884765625 0.057586669921875 -0.36492919921875 -0.0523681640625
-0.271148681640625 0.0885009765625 -0.224349975585938 0.047393798828125
-0.223770141601563 0.112716674804687 -0.0362205505371094 -0.00400924682617187
-0.153549194335938 0.181869506835937 -0.0130386352539063 -0.100379943847656
-0.0666656494140625 0.213272094726563 -0.0593414306640625 -0.176712036132813
0.05511474609375 0.242889404296875 -0.131439208984375 -0.198562622070312
0.13067626953125 0.202285766601563 -0.202362060546875 -0.173797607421875
0.13665771484375 0.186477661132813 -0.206130981445313 -0.150588989257812
0.153564453125 0.2115478515625 -0.187271118164063 -0.156097412109375
0.0965576171875 0.238525390625 -0.12518310546875 -0.169204711914063
-0.0185699462890625 0.245254516601563 -0.0670166015625 -0.15020751953125
-0.0824432373046875 0.223968505859375 -0.00453186035156251 -0.094696044921875
-0.20880126953125 0.140121459960937 -0.00352382659912111 -0.0132884979248047
-0.28363037109375 0.10552978515625 -0.0804214477539063 0.120460510253906
-0.3070068359375 0.078155517578125 -0.167953491210938 0.121139526367188
-0.128402709960938 0.0474777221679688 -0.45184326171875 -0.035980224609375
-0.101966857910156 0.036834716796875 -0.287139892578125 0.067626953125
-0.0778045654296875 0.0262680053710938 -0.0691070556640625 0.0224266052246094
-0.0699272155761719 0.0532073974609375 -0.04107666015625 -0.0976486206054688
-0.0421066284179687 0.082855224609375 -0.079742431640625 -0.181732177734375
0.0174179077148438 0.114112854003906 -0.176162719726563 -0.222900390625
0.0536041259765625 0.0981521606445313 -0.262649536132813 -0.204299926757813
0.0648193359375 0.0872421264648438 -0.263046264648438 -0.18280029296875
0.0733108520507813 0.1068115234375 -0.230133056640625 -0.200454711914062
0.0367507934570313 0.115394592285156 -0.14752197265625 -0.220062255859375
-0.0240402221679688 0.106330871582031 -0.0649566650390625 -0.174911499023437
-0.0386810302734375 0.086212158203125 -0.00585174560546875 -0.0992965698242188
-0.083038330078125 0.055419921875 -0.0300064086914063 0.00538253784179688
-0.123329162597656 0.0631790161132813 -0.152938842773438 0.1319580078125
-0.150466918945313 0.0598602294921875 -0.268753051757812 0.104248046875
-0.05633544921875 -0.0533294677734375 0.300445556640625 -0.177520751953125
-0.0917434692382813 -0.0515289306640625 0.186141967773437 -0.166717529296875
-0.0997848510742188 0.0152053833007813 0.00631332397460936 -0.0459785461425781
-0.0519027709960938 0.051055908203125 -0.0059967041015625 0.093109130859375
-0.0236740112304688 0.0475540161132813 0.0382232666015625 0.182952880859375
0.00244522094726562 0.0364303588867188 0.175491333007813 0.24139404296875
0.0281620025634766 0.0314712524414063 0.290008544921875 0.2144775390625
0.023040771484375 0.0286998748779297 0.31024169921875 0.17425537109375
0.0279903411865234 0.0133056640625 0.295318603515625 0.189483642578125
0.0447158813476563 0.0235633850097656 0.217437744140625 0.219467163085938
0.0480842590332031 0.04815673828125 0.124481201171875 0.15509033203125
0.0215225219726562 0.0757217407226563 0.0814971923828125 0.0676727294921875
-0.0378189086914063 0.0792770385742188 0.150238037109375 -0.0236053466796875
-0.05548095703125 0.0344314575195312 0.3392333984375 -0.11419677734375
-0.0211315155029297 0.00928115844726562 0.545501708984375 0.05615234375
-0.253646850585938 -0.0276336669921875 0.28179931640625 -0.160675048828125
-0.2613525390625 -0.00706481933593756 0.191116333007812 -0.1451416015625
-0.25848388671875 0.0772552490234375 0.0283241271972656 -0.063568115234375
-0.157211303710938 0.171188354492188 0.00190353393554686 0.0642166137695313
-0.0631866455078125 0.187393188476562 0.0225982666015625 0.143997192382813
0.044342041015625 0.183013916015625 0.1517333984375 0.209976196289063
0.120758056640625 0.146255493164063 0.258804321289062 0.192367553710937
0.115737915039062 0.132781982421875 0.282073974609375 0.1505126953125
0.131706237792969 0.12786865234375 0.271011352539063 0.157913208007813
0.122268676757813 0.153396606445313 0.20782470703125 0.185501098632813
0.0654449462890625 0.19146728515625 0.117958068847656 0.118606567382813
-0.00276184082031248 0.219482421875 0.0834808349609375 0.0384521484375
-0.150970458984375 0.187973022460937 0.148910522460938 -0.0547637939453125
-0.225830078125 0.118515014648437 0.331817626953125 -0.118408203125
-0.208984375 0.064453125 0.526214599609375 0.05572509765625
-0.416046142578125 0.000213623046874931 0.202133178710938 -0.1429443359375
-0.40386962890625 0.036468505859375 0.15374755859375 -0.113235473632812
-0.389068603515625 0.133514404296875 0.0450592041015625 -0.0709381103515625
-0.249282836914062 0.27154541015625 0.0178241729736328 0.0271263122558594
-0.099639892578125 0.30377197265625 0.0127105712890625 0.079803466796875
0.076019287109375 0.30865478515625 0.112075805664062 0.141647338867188
0.191986083984375 0.242019653320313 0.190673828125 0.137664794921875
0.191421508789063 0.218673706054687 0.210205078125 0.103836059570313
0.221282958984375 0.221206665039063 0.202713012695313 0.1083984375
0.19244384765625 0.260543823242188 0.164642333984375 0.130142211914063
0.08612060546875 0.31231689453125 0.0910186767578125 0.068695068359375
-0.014495849609375 0.340545654296875 0.0737457275390625 0.00590515136718752
-0.2353515625 0.28240966796875 0.131874084472656 -0.0722274780273437
-0.356903076171875 0.1968994140625 0.287139892578125 -0.09375
-0.359710693359375 0.1163330078125 0.4461669921875 0.0703125
-0.51708984375 0.035858154296875 0.0753631591796875 -0.121124267578125
-0.49041748046875 0.0875244140624999 0.079010009765625 -0.07073974609375
-0.4632568359375 0.187896728515625 0.0487823486328125 -0.0660667419433594
-0.295806884765625 0.343841552734375 0.0324344635009765 -0.0158710479736328
-0.112762451171875 0.380523681640625 0.00318074226379394 -0.000952243804931617
0.099853515625 0.38751220703125 0.057098388671875 0.0474014282226563
0.237396240234375 0.300201416015625 0.094879150390625 0.0583877563476563
0.239028930664063 0.271621704101563 0.105819702148438 0.0426712036132813
0.27764892578125 0.281341552734375 0.102165222167969 0.0469284057617188
0.236297607421875 0.331024169921875 0.0918655395507813 0.0595245361328125
0.095367431640625 0.3922119140625 0.0450172424316406 0.00981521606445315
-0.025390625 0.41796875 0.0531387329101563 -0.0272903442382812
-0.28887939453125 0.3399658203125 0.103073120117188 -0.0710067749023437
-0.435546875 0.245849609375 0.213470458984375 -0.041290283203125
-0.453765869140625 0.151458740234375 0.31488037109375 0.094085693359375
-0.537109375 0.0678710937500001 -0.0831375122070313 -0.0931777954101563
-0.49822998046875 0.132232666015625 -0.0225162506103516 -0.0207252502441406
-0.45306396484375 0.221893310546875 0.0342826843261718 -0.0499191284179687
-0.284149169921875 0.36456298828125 0.0327529907226562 -0.0582046508789062
-0.1016845703125 0.396240234375 -0.01556396484375 -0.082855224609375
0.11279296875 0.4034423828125 -0.0116653442382812 -0.0550880432128906
0.246490478515625 0.31304931640625 -0.016794204711914 -0.0300922393798828
0.24859619140625 0.28302001953125 -0.0130195617675781 -0.0260562896728515
0.28961181640625 0.300079345703125 -0.0128402709960937 -0.0203857421875
0.23760986328125 0.353271484375 0.00167465209960939 -0.0175838470458984
0.082183837890625 0.412445068359375 -0.00996398925781249 -0.05059814453125
-0.042022705078125 0.427886962890625 0.0261497497558594 -0.0572547912597656
-0.308197021484375 0.336181640625 0.0680084228515625 -0.0553474426269531
-0.45306396484375 0.248046875 0.121597290039062 0.0280685424804688
-0.479339599609375 0.159149169921875 0.152328491210937 0.121795654296875
-0.470062255859375 0.0894165039062501 -0.2445068359375 -0.0613555908203125
-0.422088623046875 0.147979736328125 -0.130477905273438 0.027008056640625
-0.36676025390625 0.208953857421875 0.00404167175292966 -0.0285282135009766
-0.225250244140625 0.3173828125 0.0139617919921875 -0.0914535522460937
-0.074005126953125 0.34149169921875 -0.045013427734375 -0.147491455078125
0.109344482421875 0.35333251953125 -0.086578369140625 -0.142318725585937
0.220596313476563 0.275375366210938 -0.127845764160156 -0.109939575195312
0.222457885742188 0.250839233398438 -0.129585266113281 -0.09130859375
0.254959106445313 0.273971557617188 -0.122970581054687 -0.0890426635742187
0.195556640625 0.323089599609375 -0.083343505859375 -0.0959701538085937
0.0455322265625 0.366485595703125 -0.0572052001953125 -0.107818603515625
-0.06219482421875 0.36517333984375 0.00225830078125 -0.0826644897460937
-0.284515380859375 0.2706298828125 0.0308456420898437 -0.0327301025390625
-0.40380859375 0.20440673828125 0.0211715698242187 0.0917739868164063
-0.4322509765625 0.140380859375 -0.0162353515625 0.139671325683594
-0.32867431640625 0.0891418457031251 -0.381866455078125 -0.031036376953125
-0.281341552734375 0.120025634765625 -0.224899291992188 0.0663299560546876
-0.231658935546875 0.1439208984375 -0.033956527709961 -0.00296020507812499
-0.144317626953125 0.210739135742188 -0.018280029296875 -0.107284545898437
-0.0469207763671875 0.232986450195313 -0.076934814453125 -0.182220458984375
0.0831146240234375 0.251678466796875 -0.154830932617188 -0.198379516601562
0.159149169921875 0.198287963867187 -0.224838256835938 -0.166641235351563
0.162994384765625 0.181350708007812 -0.22607421875 -0.14215087890625
0.184234619140625 0.205886840820313 -0.2091064453125 -0.149856567382813
0.12713623046875 0.240585327148437 -0.143661499023437 -0.167190551757813
0.00674438476562503 0.261322021484375 -0.081146240234375 -0.15350341796875
-0.0635833740234375 0.245361328125 -0.011688232421875 -0.0998001098632812
-0.208023071289063 0.170211791992188 -0.00252246856689454 -0.00995349884033202
-0.290008544921875 0.140472412109375 -0.0730667114257813 0.135086059570313
-0.3199462890625 0.109893798828125 -0.165756225585938 0.142929077148438
-0.1368408203125 0.0627365112304688 -0.47454833984375 -0.00631713867187506
-0.109535217285156 0.0499038696289063 -0.290283203125 0.09295654296875
-0.0844192504882813 0.0402908325195312 -0.0670967102050781 0.0262107849121094
-0.0685653686523438 0.0675621032714844 -0.0489044189453125 -0.101913452148438
-0.033294677734375 0.09429931640625 -0.09942626953125 -0.185028076171875
0.0326766967773438 0.1197509765625 -0.203887939453125 -0.219573974609375
0.0693435668945313 0.0965728759765625 -0.291900634765625 -0.192474365234375
0.0795135498046875 0.0840225219726563 -0.290130615234375 -0.170166015625
0.090362548828125 0.103179931640625 -0.2586669921875 -0.190170288085937
0.05340576171875 0.116264343261719 -0.172042846679688 -0.217315673828125
-0.010986328125 0.115333557128906 -0.0820770263671875 -0.178207397460937
-0.0291290283203125 0.0954513549804687 -0.0139999389648438 -0.103569030761719
-0.0811538696289062 0.070770263671875 -0.0299930572509766 0.0114879608154297
-0.125213623046875 0.0834197998046875 -0.148605346679687 0.153549194335938
-0.156600952148438 0.0797576904296875 -0.274185180664063 0.133773803710938
-0.0569572448730469 -0.0532722473144531 0.291107177734375 -0.21282958984375
-0.0982284545898438 -0.0493240356445313 0.172348022460938 -0.19171142578125
-0.102775573730469 0.0203018188476563 2.28881835937418E-05 -0.0495033264160156
-0.0526008605957031 0.0547027587890625 0.00238037109374999 0.093597412109375
-0.0251274108886719 0.0517501831054687 0.0572967529296875 0.180221557617188
0.00160980224609375 0.0394363403320313 0.2027587890625 0.22467041015625
0.0288333892822266 0.0324363708496094 0.316436767578125 0.186859130859375
0.0234718322753906 0.0293827056884766 0.334808349609375 0.1435546875
0.025909423828125 0.0131626129150391 0.3231201171875 0.16046142578125
0.0439338684082031 0.0185317993164063 0.24786376953125 0.200408935546875
0.0511512756347656 0.0410003662109375 0.146102905273438 0.147628784179688
0.02850341796875 0.0713119506835938 0.0915069580078125 0.0637588500976562
-0.0273818969726562 0.0809326171875 0.149566650390625 -0.0372161865234375
-0.0488510131835938 0.0376968383789062 0.32904052734375 -0.148223876953125
-0.0162973403930664 0.00865459442138672 0.56024169921875 0.00640869140625
-0.256805419921875 -0.00538635253906246 0.275909423828125 -0.194686889648438
-0.266220092773438 0.0133056640625 0.181838989257813 -0.171096801757813
-0.25921630859375 0.10186767578125 0.0216178894042969 -0.06976318359375
-0.148391723632813 0.187744140625 0.00943756103515624 0.0618858337402344
-0.049560546875 0.197860717773438 0.0373382568359375 0.141464233398437
0.0601806640625 0.184722900390625 0.174835205078125 0.194992065429688
0.135658264160156 0.1385498046875 0.283660888671875 0.166595458984375
0.129531860351563 0.125831604003906 0.303680419921875 0.12115478515625
0.145370483398438 0.117706298828125 0.295166015625 0.13055419921875
0.138397216796875 0.1422119140625 0.236892700195313 0.16619873046875
0.085693359375 0.186355590820313 0.1370849609375 0.110336303710938
0.019439697265625 0.22265625 0.0919113159179687 0.0333328247070313
-0.132492065429687 0.206207275390625 0.147171020507812 -0.06695556640625
-0.216354370117188 0.142974853515625 0.323638916015625 -0.1514892578125
-0.203872680664063 0.08465576171875 0.543853759765625 0.00756835937500001
-0.42108154296875 0.04156494140625 0.198471069335937 -0.170684814453125
-0.407073974609375 0.0741882324218751 0.149444580078125 -0.13592529296875
-0.38812255859375 0.17437744140625 0.0401382446289062 -0.0794906616210937
-0.23028564453125 0.300933837890625 0.0235538482666015 0.021780014038086
-0.07232666015625 0.3203125 0.0213470458984375 0.0760498046875
0.106658935546875 0.3087158203125 0.127548217773437 0.12860107421875
0.21966552734375 0.2279052734375 0.209197998046875 0.1160888671875
0.216461181640625 0.203170776367188 0.226638793945313 0.0798797607421875
0.247695922851562 0.202789306640625 0.22125244140625 0.0865020751953125
0.223541259765625 0.244613647460938 0.18731689453125 0.113555908203125
0.12091064453125 0.3099365234375 0.104530334472656 0.0600128173828125
0.020172119140625 0.34912109375 0.0793304443359375 -0.000297546386718729
-0.210601806640625 0.3131103515625 0.12957763671875 -0.082244873046875
-0.3436279296875 0.2371826171875 0.282379150390625 -0.120819091796875
-0.354461669921875 0.154022216796875 0.465972900390625 0.0296630859375
-0.522918701171875 0.089324951171875 0.0709228515625 -0.137130737304688
-0.49029541015625 0.13720703125 0.0788116455078125 -0.0850906372070312
-0.45562744140625 0.242095947265625 0.045623779296875 -0.0743789672851562
-0.26806640625 0.381683349609375 0.0355415344238281 -0.0237960815429687
-0.075836181640625 0.399871826171875 0.00366544723510742 -0.00502157211303709
0.140655517578125 0.386077880859375 0.0624275207519531 0.0382957458496094
0.273681640625 0.28167724609375 0.104499816894531 0.045440673828125
0.271255493164063 0.25079345703125 0.115570068359375 0.0272750854492188
0.3135986328125 0.25726318359375 0.1123046875 0.0342178344726563
0.277618408203125 0.312042236328125 0.105751037597656 0.048583984375
0.14111328125 0.390777587890625 0.0511970520019531 0.00406646728515627
0.01763916015625 0.430145263671875 0.0550994873046875 -0.0331916809082031
-0.260101318359375 0.377685546875 0.102119445800781 -0.078704833984375
-0.420257568359375 0.29736328125 0.2149658203125 -0.0612030029296875
-0.44927978515625 0.20074462890625 0.335357666015625 0.06719970703125
-0.543426513671875 0.1258544921875 -0.0871353149414063 -0.0935211181640625
-0.495819091796875 0.18634033203125 -0.0184650421142578 -0.0237579345703125
-0.443695068359375 0.27874755859375 0.0342140197753906 -0.056671142578125
-0.252716064453125 0.404510498046875 0.0326004028320312 -0.0669593811035156
-0.06011962890625 0.41534423828125 -0.0234298706054688 -0.0861129760742187
0.158172607421875 0.400299072265625 -0.0177841186523437 -0.0583038330078125
0.286102294921875 0.290802001953125 -0.0178680419921875 -0.0331363677978515
0.284210205078125 0.26055908203125 -0.0127239227294922 -0.0301418304443359
0.329315185546875 0.274017333984375 -0.0128765106201172 -0.0233879089355469
0.283050537109375 0.333831787109375 0.00561332702636721 -0.0207786560058594
0.130126953125 0.414398193359375 -0.012420654296875 -0.0532722473144531
0.002899169921875 0.443511962890625 0.0242042541503906 -0.0624656677246093
-0.281036376953125 0.378509521484375 0.0673751831054687 -0.0591926574707031
-0.43878173828125 0.3023681640625 0.12896728515625 0.0184707641601563
-0.4752197265625 0.2125244140625 0.171783447265625 0.11077880859375
-0.475341796875 0.143035888671875 -0.249923706054688 -0.0456390380859375
-0.418792724609375 0.19622802734375 -0.123298645019531 0.0368423461914063
-0.357574462890625 0.25970458984375 0.00566864013671873 -0.0320606231689453
-0.196044921875 0.35223388671875 0.00970458984374999 -0.09918212890625
-0.035888671875 0.357757568359375 -0.060211181640625 -0.148208618164063
0.15081787109375 0.350311279296875 -0.102577209472656 -0.138504028320313
0.257339477539063 0.255142211914063 -0.1402587890625 -0.102447509765625
0.25482177734375 0.230621337890625 -0.137992858886719 -0.0841064453125
0.292877197265625 0.25018310546875 -0.132453918457031 -0.0812454223632812
0.238250732421875 0.30694580078125 -0.0897445678710938 -0.09130859375
0.089752197265625 0.370697021484375 -0.0668182373046875 -0.106521606445312
-0.022216796875 0.382171630859375 -0.003936767578125 -0.0862579345703125
-0.26287841796875 0.311187744140625 0.0319843292236328 -0.0322456359863281
-0.393096923828125 0.255218505859375 0.0330963134765625 0.0936660766601563
-0.430267333984375 0.18963623046875 0.000961303710937482 0.145751953125
-0.331512451171875 0.128570556640625 -0.38873291015625 0.000152587890625031
-0.279296875 0.155838012695313 -0.216018676757813 0.087371826171875
-0.226531982421875 0.18023681640625 -0.0300464630126953 -0.00274085998535156
-0.123672485351562 0.235397338867188 -0.0257797241210937 -0.111061096191406
-0.0185394287109375 0.2451171875 -0.0971527099609375 -0.179763793945312
0.115203857421875 0.24859619140625 -0.178604125976562 -0.187576293945312
0.187652587890625 0.182861328125 -0.244781494140625 -0.149078369140625
0.187973022460937 0.164840698242188 -0.242584228515625 -0.124435424804688
0.213180541992187 0.187362670898438 -0.227569580078125 -0.132308959960938
0.160476684570313 0.229415893554688 -0.160354614257813 -0.155563354492187
0.040191650390625 0.266693115234375 -0.0972442626953125 -0.150070190429688
-0.0356292724609375 0.258026123046875 -0.0206222534179687 -0.101692199707031
-0.193893432617187 0.20062255859375 -0.000871658325195324 -0.00628614425659179
-0.282928466796875 0.179534912109375 -0.058990478515625 0.14697265625
-0.318572998046875 0.148162841796875 -0.1536865234375 0.164657592773438
-0.140167236328125 0.0814285278320313 -0.48236083984375 0.0355834960937501
-0.111503601074219 0.0672149658203125 -0.2821044921875 0.12176513671875
-0.0870590209960938 0.0564193725585937 -0.0617713928222656 0.0293350219726562
-0.0613250732421875 0.0824127197265625 -0.0589599609375 -0.102241516113281
-0.0191574096679687 0.101943969726563 -0.1214599609375 -0.179367065429688
0.0499267578125 0.119468688964844 -0.232009887695313 -0.202850341796875
0.085540771484375 0.0881271362304688 -0.316070556640625 -0.16668701171875
0.0928268432617188 0.07452392578125 -0.311187744140625 -0.145050048828125
0.106986999511719 0.0915679931640625 -0.282501220703125 -0.167938232421875
0.0714187622070313 0.110038757324219 -0.196609497070313 -0.2021484375
0.00648498535156251 0.118698120117187 -0.101577758789062 -0.173477172851563
-0.0148849487304687 0.101638793945313 -0.0242691040039063 -0.10443115234375
-0.0734024047851562 0.0861968994140625 -0.0274295806884766 0.0182018280029297
-0.119430541992188 0.1053466796875 -0.134140014648438 0.173675537109375
-0.15472412109375 0.102493286132813 -0.268264770507813 0.166610717773438
-0.0559501647949219 -0.0535736083984375 0.272048950195313 -0.238510131835938
-0.10235595703125 -0.0468673706054687 0.151565551757813 -0.207443237304688
-0.103729248046875 0.0239334106445312 -0.00585174560546875 -0.0500068664550781
-0.0537757873535156 0.056671142578125 0.00888824462890626 0.08990478515625
-0.0262680053710937 0.05584716796875 0.072357177734375 0.169723510742188
0.000465393066406248 0.0429115295410156 0.218963623046875 0.200836181640625
0.0284214019775391 0.0336780548095703 0.328857421875 0.154022216796875
0.0230388641357422 0.0295791625976563 0.343505859375 0.110015869140625
0.0228443145751953 0.0135021209716797 0.334808349609375 0.126434326171875
0.0399703979492188 0.0140113830566406 0.266860961914063 0.173126220703125
0.0508766174316406 0.0332565307617188 0.161727905273438 0.134063720703125
0.0333518981933594 0.0648574829101563 0.0986557006835937 0.0581130981445313
-0.01702880859375 0.0778656005859375 0.143203735351563 -0.04730224609375
-0.0410690307617188 0.0374298095703125 0.307769775390625 -0.173309326171875
-0.0107479095458984 0.00643348693847656 0.552581787109375 -0.040496826171875
-0.249038696289063 0.0132598876953125 0.259597778320312 -0.221435546875
-0.261642456054688 0.0303802490234376 0.165115356445312 -0.189376831054688
-0.25146484375 0.120498657226562 0.0153579711914062 -0.0726242065429687
-0.135330200195313 0.197738647460938 0.0149955749511719 0.0569114685058594
-0.035858154296875 0.201690673828125 0.04962158203125 0.132560729980469
0.072418212890625 0.180801391601563 0.188552856445313 0.172348022460938
0.14398193359375 0.127639770507813 0.29443359375 0.13543701171875
0.13665771484375 0.113876342773438 0.31109619140625 0.088104248046875
0.152236938476563 0.10418701171875 0.3055419921875 0.0977783203125
0.147247314453125 0.126724243164062 0.254013061523438 0.139572143554687
0.100662231445313 0.17431640625 0.150131225585937 0.09600830078125
0.039215087890625 0.215744018554688 0.0971298217773438 0.0262451171875
-0.11004638671875 0.213363647460938 0.140701293945313 -0.076507568359375
-0.197418212890625 0.158706665039063 0.30377197265625 -0.1751708984375
-0.19036865234375 0.09893798828125 0.5401611328125 -0.037841796875
-0.408966064453125 0.0764160156250001 0.186752319335937 -0.191970825195313
-0.39459228515625 0.105010986328125 0.138229370117187 -0.1524658203125
-0.371826171875 0.2071533203125 0.03375244140625 -0.0847854614257812
-0.203521728515625 0.317901611328125 0.027008056640625 0.0143241882324219
-0.044952392578125 0.323974609375 0.0280418395996094 0.0695037841796875
0.131072998046875 0.298187255859375 0.136253356933594 0.111000061035156
0.236724853515625 0.205581665039062 0.217376708984375 0.0916595458984375
0.230804443359375 0.181198120117187 0.23260498046875 0.0527801513671875
0.263168334960938 0.177032470703125 0.228607177734375 0.0611419677734375
0.242660522460938 0.219528198242188 0.201370239257813 0.091156005859375
0.14886474609375 0.29388427734375 0.113906860351563 0.04833984375
0.05291748046875 0.342437744140625 0.0827255249023437 -0.00679779052734373
-0.1783447265625 0.32861328125 0.123786926269531 -0.0891342163085937
-0.316497802734375 0.26715087890625 0.268264770507813 -0.1419677734375
-0.334259033203125 0.181976318359375 0.466766357421875 -0.00976562499999999
-0.50640869140625 0.134735107421875 0.064208984375 -0.148422241210938
-0.469482421875 0.178863525390625 0.0752182006835937 -0.096893310546875
-0.432647705078125 0.284423828125 0.0411148071289062 -0.0802459716796875
-0.23236083984375 0.40234375 0.0363044738769531 -0.0321807861328125
-0.03936767578125 0.401580810546875 0.00364494323730469 -0.00916194915771482
0.17462158203125 0.370269775390625 0.0637168884277344 0.0280036926269531
0.29534912109375 0.25250244140625 0.107856750488281 0.0295867919921875
0.29022216796875 0.2220458984375 0.118560791015625 0.0103302001953125
0.334136962890625 0.223907470703125 0.11639404296875 0.019256591796875
0.304901123046875 0.2801513671875 0.114830017089844 0.0345687866210938
0.177947998046875 0.37384033203125 0.0554618835449219 -0.00365829467773435
0.059661865234375 0.424713134765625 0.0554046630859375 -0.0384178161621093
-0.223236083984375 0.399810791015625 0.0978851318359375 -0.0834884643554687
-0.388702392578125 0.33526611328125 0.209335327148438 -0.076416015625
-0.42608642578125 0.238983154296875 0.34222412109375 0.037689208984375
-0.527008056640625 0.176177978515625 -0.0880661010742188 -0.091888427734375
-0.472991943359375 0.230010986328125 -0.0141410827636719 -0.0275020599365234
-0.416656494140625 0.323333740234375 0.0320892333984375 -0.0618972778320312
-0.21282958984375 0.42620849609375 0.0305862426757812 -0.0751571655273437
-0.019775390625 0.41632080078125 -0.0296173095703125 -0.08642578125
0.195404052734375 0.382080078125 -0.0231781005859375 -0.0591850280761719
0.31060791015625 0.25909423828125 -0.0193443298339844 -0.0361328125
0.305145263671875 0.2294921875 -0.0134544372558594 -0.0347480773925781
0.3531494140625 0.237060546875 -0.0132789611816406 -0.0246791839599609
0.313812255859375 0.3011474609375 0.0087394714355469 -0.0251331329345703
0.171875 0.39849853515625 -0.013458251953125 -0.0550346374511718
0.046844482421875 0.440521240234375 0.0209426879882813 -0.0652732849121093
-0.24383544921875 0.404815673828125 0.0662040710449219 -0.0617179870605468
-0.40802001953125 0.342681884765625 0.131378173828125 0.00875091552734377
-0.451873779296875 0.25250244140625 0.185623168945312 0.0950775146484375
-0.45947265625 0.188385009765625 -0.245635986328125 -0.02960205078125
-0.397552490234375 0.236480712890625 -0.1119384765625 0.0424575805664063
-0.332916259765625 0.299530029296875 0.00777435302734373 -0.0358657836914062
-0.15948486328125 0.37103271484375 0.005279541015625 -0.103660583496094
0.00164794921875 0.357696533203125 -0.0721282958984375 -0.143646240234375
0.18621826171875 0.33160400390625 -0.114028930664063 -0.130111694335937
0.280227661132813 0.2252197265625 -0.146392822265625 -0.092681884765625
0.274627685546875 0.201583862304688 -0.142776489257812 -0.075836181640625
0.31591796875 0.21600341796875 -0.137184143066406 -0.0700225830078125
0.26861572265625 0.277389526367188 -0.09228515625 -0.0853347778320312
0.128326416015625 0.35882568359375 -0.0735626220703125 -0.102119445800781
0.016204833984375 0.381195068359375 -0.0094146728515625 -0.0867538452148437
-0.23138427734375 0.33709716796875 0.0327949523925781 -0.0325279235839844
-0.367340087890625 0.294097900390625 0.0443954467773437 0.0907974243164063
-0.410491943359375 0.229400634765625 0.017608642578125 0.14508056640625
-0.32122802734375 0.16168212890625 -0.380950927734375 0.0285949707031251
-0.265213012695312 0.185043334960938 -0.1998291015625 0.101364135742188
-0.210556030273438 0.209808349609375 -0.0251750946044922 -0.00424957275390624
-0.0975799560546875 0.2508544921875 -0.0327987670898438 -0.112274169921875
0.00981140136718749 0.245590209960938 -0.112518310546875 -0.169570922851562
0.141387939453125 0.234786987304688 -0.193435668945313 -0.170852661132812
0.205307006835937 0.159515380859375 -0.254425048828125 -0.127899169921875
0.203628540039062 0.142303466796875 -0.249755859375 -0.104583740234375
0.231887817382813 0.160980224609375 -0.235916137695312 -0.11102294921875
0.184967041015625 0.20745849609375 -0.168716430664063 -0.140731811523438
0.0699615478515625 0.259918212890625 -0.108673095703125 -0.141571044921875
-0.00679016113281251 0.25958251953125 -0.0287322998046875 -0.0997390747070313
-0.172164916992188 0.222274780273437 0.00222277641296386 -0.0038022994995117
-0.264419555664062 0.210403442382813 -0.04229736328125 0.152099609375
-0.3033447265625 0.17962646484375 -0.134963989257813 0.178131103515625
-0.137191772460937 0.0980148315429688 -0.472930908203125 0.0717468261718749
-0.109031677246094 0.0825424194335937 -0.262954711914063 0.141494750976562
-0.0834579467773437 0.0737380981445313 -0.0550727844238281 0.029296875
-0.05078125 0.0927658081054688 -0.0669708251953125 -0.09942626953125
-0.0042877197265625 0.104995727539062 -0.1376953125 -0.166641235351562
0.0654220581054688 0.112770080566406 -0.248184204101563 -0.179794311523438
0.0966796875 0.0761489868164063 -0.32720947265625 -0.136505126953125
0.10205078125 0.0612030029296875 -0.320068359375 -0.11590576171875
0.117340087890625 0.076202392578125 -0.2940673828125 -0.139373779296875
0.0863571166992188 0.0980453491210938 -0.211166381835938 -0.181320190429687
0.023040771484375 0.116111755371094 -0.115646362304687 -0.162796020507813
-0.000129699707031252 0.10247802734375 -0.0331954956054687 -0.100540161132813
-0.0614700317382812 0.09759521484375 -0.0223388671875 0.0232830047607422
-0.107154846191406 0.122550964355469 -0.11480712890625 0.1861572265625
-0.145797729492188 0.121124267578125 -0.249755859375 0.191970825195313
-0.0540084838867188 -0.0560150146484375 0.252944946289063 -0.25146484375
-0.105178833007813 -0.047698974609375 0.13458251953125 -0.214431762695313
-0.105712890625 0.0236968994140625 -0.0100784301757813 -0.0494232177734375
-0.0562324523925781 0.0574684143066406 0.0126113891601563 0.084991455078125
-0.0277519226074219 0.0591697692871094 0.078521728515625 0.158432006835938
-0.00141525268554687 0.0473594665527344 0.223678588867187 0.180374145507813
0.0270614624023438 0.0357818603515625 0.328704833984375 0.130615234375
0.0212917327880859 0.0308380126953125 0.3408203125 0.0845947265625
0.0194873809814453 0.0153026580810547 0.335205078125 0.099853515625
0.0349502563476563 0.0117816925048828 0.273147583007813 0.15155029296875
0.0476646423339844 0.0266609191894531 0.170150756835938 0.121505737304687
0.03460693359375 0.0574836730957031 0.101966857910156 0.0535354614257813
-0.00900268554687501 0.0712738037109375 0.135795593261719 -0.051788330078125
-0.0336761474609375 0.0336246490478516 0.28668212890625 -0.18408203125
-0.00585556030273438 0.0024256706237793 0.53759765625 -0.06689453125
-0.238540649414063 0.0225677490234375 0.243743896484375 -0.236160278320312
-0.254684448242188 0.037994384765625 0.150115966796875 -0.198837280273438
-0.243408203125 0.129852294921875 0.00999450683593749 -0.0739212036132812
-0.12664794921875 0.200408935546875 0.0180091857910156 0.0505905151367188
-0.02716064453125 0.201522827148437 0.0540924072265625 0.122314453125
0.0786590576171875 0.176727294921875 0.192306518554687 0.153060913085937
0.146255493164063 0.119583129882813 0.294525146484375 0.111053466796875
0.137321472167969 0.10516357421875 0.308441162109375 0.063018798828125
0.152023315429688 0.0948028564453125 0.30560302734375 0.073333740234375
0.1475830078125 0.113937377929687 0.260574340820313 0.1165771484375
0.106857299804688 0.161834716796875 0.15740966796875 0.0832061767578125
0.050018310546875 0.206192016601563 0.100234985351563 0.0212783813476563
-0.0933074951171875 0.211456298828125 0.134284973144531 -0.0788421630859375
-0.1807861328125 0.16436767578125 0.2850341796875 -0.185546875
-0.176315307617187 0.104537963867188 0.52655029296875 -0.065887451171875
-0.390869140625 0.0960998535156251 0.17529296875 -0.20526123046875
-0.378326416015625 0.11981201171875 0.12774658203125 -0.16253662109375
-0.3553466796875 0.224945068359375 0.0293655395507812 -0.087554931640625
-0.1846923828125 0.321990966796875 0.0287456512451172 0.00677108764648439
-0.02801513671875 0.3201904296875 0.0309295654296875 0.0612640380859375
0.14459228515625 0.286407470703125 0.13763427734375 0.0956039428710938
0.24212646484375 0.188400268554688 0.217193603515625 0.071014404296875
0.234161376953125 0.163787841796875 0.22991943359375 0.031890869140625
0.26666259765625 0.157958984375 0.229232788085938 0.041290283203125
0.249221801757812 0.1976318359375 0.207473754882813 0.0712127685546875
0.163848876953125 0.277191162109375 0.119056701660156 0.0373458862304688
0.073211669921875 0.33062744140625 0.0847930908203125 -0.0113754272460937
-0.153778076171875 0.3306884765625 0.119087219238281 -0.0901565551757812
-0.291961669921875 0.2803955078125 0.255859375 -0.151260375976563
-0.31292724609375 0.195343017578125 0.459228515625 -0.03631591796875
-0.484466552734375 0.162841796875 0.0601348876953125 -0.156478881835938
-0.44671630859375 0.1990966796875 0.0713119506835937 -0.105308532714844
-0.407745361328125 0.30548095703125 0.0382614135742187 -0.0844192504882813
-0.203887939453125 0.408447265625 0.0361099243164062 -0.0397911071777343
-0.0155029296875 0.39520263671875 0.00323486328125 -0.0135526657104492
0.192901611328125 0.352264404296875 0.0629425048828125 0.0183448791503906
0.303680419921875 0.2279052734375 0.107078552246094 0.0172576904296875
0.29693603515625 0.198577880859375 0.116432189941406 -0.00342559814453124
0.341705322265625 0.195953369140625 0.1171875 0.00759124755859376
0.316192626953125 0.251373291015625 0.119720458984375 0.0204010009765625
0.199951171875 0.35382080078125 0.0582656860351563 -0.0104751586914062
0.085662841796875 0.412261962890625 0.055999755859375 -0.0418548583984375
-0.193756103515625 0.406158447265625 0.0951004028320313 -0.0844879150390625
-0.359405517578125 0.354034423828125 0.202423095703125 -0.08465576171875
-0.400177001953125 0.256927490234375 0.34246826171875 0.017425537109375
-0.50335693359375 0.2056884765625 -0.0861816406250001 -0.0933456420898437
-0.44683837890625 0.253875732421875 -0.0103797912597657 -0.0321140289306641
-0.3887939453125 0.347503662109375 0.0316543579101562 -0.0671882629394531
-0.1810302734375 0.432647705078125 0.0290069580078125 -0.0816879272460937
0.00814819335937496 0.407318115234375 -0.03375244140625 -0.0867767333984375
0.21630859375 0.361358642578125 -0.0268936157226562 -0.0606155395507812
0.320068359375 0.231536865234375 -0.0209770202636719 -0.0396842956542969
0.31231689453125 0.203460693359375 -0.0146903991699219 -0.0388946533203125
0.3614501953125 0.20654296875 -0.0118560791015625 -0.0273990631103516
0.328948974609375 0.27069091796875 0.0125446319580078 -0.0307769775390625
0.1966552734375 0.378021240234375 -0.0131645202636719 -0.0566940307617187
0.07470703125 0.4287109375 0.0194091796875 -0.0673789978027344
-0.215057373046875 0.41424560546875 0.0661468505859375 -0.0621223449707031
-0.378570556640625 0.36566162109375 0.13262939453125 0.00208282470703127
-0.42620849609375 0.275604248046875 0.192291259765625 0.0819854736328125
-0.439788818359375 0.21630859375 -0.236892700195313 -0.0231781005859374
-0.373809814453125 0.259124755859375 -0.100456237792969 0.04248046875
-0.307464599609375 0.32330322265625 0.0100440979003906 -0.0406341552734375
-0.130035400390625 0.37841796875 0.00188446044921874 -0.108367919921875
0.02734375 0.349884033203125 -0.0776443481445313 -0.138801574707031
0.20562744140625 0.312103271484375 -0.119033813476562 -0.122718811035156
0.28961181640625 0.199066162109375 -0.147628784179687 -0.0864105224609375
0.282012939453125 0.176361083984375 -0.143051147460938 -0.070343017578125
0.324859619140625 0.186187744140625 -0.136299133300781 -0.0626678466796875
0.284210205078125 0.2493896484375 -0.0908126831054687 -0.0819854736328125
0.153594970703125 0.341766357421875 -0.0764083862304688 -0.0982666015625
0.043548583984375 0.3729248046875 -0.0129318237304687 -0.08575439453125
-0.204986572265625 0.34832763671875 0.034881591796875 -0.0321826934814453
-0.34222412109375 0.3170166015625 0.0516510009765625 0.0873489379882813
-0.38824462890625 0.25225830078125 0.03094482421875 0.140838623046875
-0.30853271484375 0.183013916015625 -0.36700439453125 0.0432434082031251
-0.24932861328125 0.202972412109375 -0.183273315429688 0.105758666992188
-0.193084716796875 0.228851318359375 -0.0217037200927734 -0.00855636596679686
-0.076690673828125 0.257293701171875 -0.0363693237304688 -0.113182067871094
0.02960205078125 0.239974975585938 -0.11993408203125 -0.160491943359375
0.158233642578125 0.219024658203125 -0.199630737304688 -0.156265258789063
0.214263916015625 0.138946533203125 -0.255630493164063 -0.113082885742187
0.2098388671875 0.1229248046875 -0.249237060546875 -0.0907745361328124
0.239486694335937 0.136962890625 -0.2352294921875 -0.0954895019531249
0.198699951171875 0.186187744140625 -0.170135498046875 -0.129669189453125
0.090667724609375 0.247528076171875 -0.113410949707031 -0.133773803710937
0.014678955078125 0.254486083984375 -0.0328369140625 -0.0968475341796875
-0.1514892578125 0.232101440429688 0.00564336776733397 -0.00149202346801756
-0.24432373046875 0.229522705078125 -0.0291748046875 0.152496337890625
-0.286773681640625 0.198883056640625 -0.118057250976563 0.18255615234375
-0.133720397949219 0.10980224609375 -0.457733154296875 0.0907592773437499
-0.104759216308594 0.093719482421875 -0.244552612304688 0.148971557617187
-0.0784988403320313 0.0870819091796875 -0.0496597290039063 0.02593994140625
-0.0401153564453125 0.100044250488281 -0.0706710815429688 -0.09747314453125
0.00766754150390626 0.104019165039063 -0.14569091796875 -0.154953002929687
0.0764846801757813 0.104682922363281 -0.25360107421875 -0.159744262695313
0.103302001953125 0.0640106201171875 -0.327911376953125 -0.114410400390625
0.106575012207031 0.0497207641601562 -0.31829833984375 -0.0957336425781249
0.122962951660156 0.0612564086914063 -0.294769287109375 -0.117706298828125
0.0950927734375 0.0856170654296875 -0.213577270507813 -0.164154052734375
0.0357131958007813 0.110092163085938 -0.12200927734375 -0.151931762695313
0.0115280151367187 0.100151062011719 -0.0374603271484375 -0.0958175659179688
-0.049713134765625 0.104461669921875 -0.0174579620361328 0.026153564453125
-0.0949783325195313 0.134170532226563 -0.0984649658203125 0.190567016601563
-0.136077880859375 0.134323120117187 -0.232192993164062 0.204925537109375
-0.0522422790527344 -0.0621109008789063 0.242340087890625 -0.260971069335937
-0.110420227050781 -0.0510101318359375 0.123077392578125 -0.219085693359375
-0.111419677734375 0.0223541259765625 -0.0136337280273438 -0.0490493774414063
-0.0617408752441406 0.0590095520019531 0.0137710571289062 0.0819549560546875
-0.0309906005859375 0.0644645690917969 0.0805816650390625 0.151657104492187
-0.00299453735351563 0.0536689758300781 0.225006103515625 0.168167114257813
0.0258598327636719 0.0404205322265625 0.32830810546875 0.115203857421875
0.0192813873291016 0.0338897705078125 0.3389892578125 0.06976318359375
0.0165081024169922 0.0193462371826172 0.33575439453125 0.083221435546875
0.0291252136230469 0.0118751525878906 0.277664184570313 0.136688232421875
0.0430488586425781 0.0222740173339844 0.177322387695313 0.113189697265625
0.0332069396972656 0.0518455505371094 0.106399536132813 0.0514450073242188
-0.00515365600585938 0.0635604858398438 0.132064819335938 -0.0520858764648438
-0.0285816192626953 0.0275955200195313 0.2730712890625 -0.188186645507813
-0.000928401947021484 -0.00261282920837402 0.52874755859375 -0.080108642578125
-0.23150634765625 0.023223876953125 0.234893798828125 -0.247482299804687
-0.253067016601563 0.039031982421875 0.140335083007812 -0.206222534179687
-0.242355346679687 0.134490966796875 0.00713348388671874 -0.0758895874023437
-0.125137329101563 0.20355224609375 0.0187187194824219 0.0452690124511719
-0.0254364013671875 0.2037353515625 0.05584716796875 0.114677429199219
0.08197021484375 0.177688598632813 0.192901611328125 0.140655517578125
0.147018432617188 0.1171875 0.29351806640625 0.09576416015625
0.137832641601563 0.101921081542969 0.30718994140625 0.04705810546875
0.151077270507813 0.0908966064453125 0.30572509765625 0.056549072265625
0.146896362304688 0.1072998046875 0.265396118164063 0.1009521484375
0.109146118164063 0.15411376953125 0.16351318359375 0.07391357421875
0.056365966796875 0.199127197265625 0.104476928710937 0.0187149047851563
-0.082794189453125 0.208175659179688 0.132072448730469 -0.0787429809570312
-0.169601440429688 0.166122436523438 0.274688720703125 -0.189315795898438
-0.166839599609375 0.10479736328125 0.5206298828125 -0.08172607421875
-0.37884521484375 0.104766845703125 0.170089721679687 -0.215896606445313
-0.36981201171875 0.126190185546875 0.121551513671875 -0.171722412109375
-0.34637451171875 0.23486328125 0.0262298583984375 -0.0914535522460937
-0.17559814453125 0.326690673828125 0.0290374755859375 -0.000843048095703105
-0.02044677734375 0.320281982421875 0.0311431884765625 0.0543441772460938
0.15216064453125 0.28179931640625 0.13671875 0.084930419921875
0.245193481445312 0.179336547851562 0.216354370117188 0.0576934814453125
0.236190795898437 0.155029296875 0.227706909179688 0.0179901123046875
0.268600463867187 0.146377563476562 0.229736328125 0.0269622802734375
0.253265380859375 0.184402465820313 0.212203979492188 0.0565032958984375
0.17266845703125 0.265365600585938 0.124191284179688 0.0284805297851563
0.08489990234375 0.322967529296875 0.0880050659179688 -0.0150909423828125
-0.13897705078125 0.332672119140625 0.118919372558594 -0.0901412963867187
-0.276397705078125 0.28753662109375 0.24951171875 -0.155776977539063
-0.300201416015625 0.201019287109375 0.459075927734375 -0.05126953125
-0.47076416015625 0.177215576171875 0.058563232421875 -0.166046142578125
-0.434539794921875 0.20977783203125 0.06976318359375 -0.113967895507812
-0.39239501953125 0.321014404296875 0.0363845825195312 -0.0903778076171875
-0.18902587890625 0.413421630859375 0.0363540649414062 -0.0486259460449218
-0.00231933593749996 0.392425537109375 0.00203514099121094 -0.0192813873291015
0.204559326171875 0.343902587890625 0.0608100891113281 0.0109405517578125
0.30792236328125 0.2135009765625 0.10546875 0.00739288330078126
0.299652099609375 0.185028076171875 0.114799499511719 -0.013671875
0.34527587890625 0.17962646484375 0.118537902832031 -0.00210571289062499
0.323150634765625 0.233978271484375 0.123725891113281 0.00867462158203126
0.213531494140625 0.341156005859375 0.0612449645996094 -0.0176811218261719
0.101531982421875 0.40399169921875 0.0575942993164063 -0.0450286865234375
-0.1761474609375 0.4105224609375 0.0968856811523437 -0.0839385986328125
-0.341705322265625 0.3663330078125 0.200836181640625 -0.0893096923828125
-0.384735107421875 0.2672119140625 0.34564208984375 0.00405883789062502
-0.48931884765625 0.2244873046875 -0.0836410522460938 -0.099151611328125
-0.432373046875 0.267333984375 -0.00607299804687503 -0.0397186279296875
-0.36993408203125 0.365509033203125 0.0321578979492187 -0.0739974975585937
-0.160980224609375 0.43792724609375 0.0280838012695312 -0.0900344848632812
0.023681640625 0.40252685546875 -0.0357208251953125 -0.088958740234375
0.230682373046875 0.3494873046875 -0.0296783447265625 -0.0637397766113281
0.32635498046875 0.214599609375 -0.0222129821777344 -0.0443572998046875
0.317291259765625 0.18768310546875 -0.0163536071777344 -0.0439796447753906
0.367034912109375 0.18695068359375 -0.0102424621582031 -0.0313320159912109
0.33892822265625 0.25 0.0152091979980469 -0.0380439758300781
0.213897705078125 0.36590576171875 -0.0129356384277344 -0.0608901977539062
0.093536376953125 0.422119140625 0.020599365234375 -0.0696220397949218
-0.195648193359375 0.42181396484375 0.0695419311523437 -0.0618438720703125
-0.358856201171875 0.38153076171875 0.135543823242187 -0.00221252441406248
-0.410980224609375 0.287200927734375 0.199737548828125 0.073486328125
-0.42901611328125 0.235107421875 -0.23162841796875 -0.0238800048828124
-0.3599853515625 0.2740478515625 -0.0918502807617188 0.0377426147460938
-0.28948974609375 0.341644287109375 0.0117454528808594 -0.0468215942382812
-0.10943603515625 0.384429931640625 0.000625610351562501 -0.115058898925781
0.04400634765625 0.344085693359375 -0.0814208984375 -0.137954711914062
0.22021484375 0.29913330078125 -0.123046875 -0.120407104492188
0.295806884765625 0.181854248046875 -0.149917602539062 -0.08465576171875
0.287445068359375 0.160552978515625 -0.144210815429688 -0.0687408447265625
0.330596923828125 0.167022705078125 -0.135345458984375 -0.0609512329101562
0.294891357421875 0.23040771484375 -0.0895156860351562 -0.0837936401367187
0.1708984375 0.3311767578125 -0.077423095703125 -0.099639892578125
0.06201171875 0.3687744140625 -0.0139846801757813 -0.0870819091796875
-0.187042236328125 0.357879638671875 0.0382575988769531 -0.0315132141113281
-0.324493408203125 0.33447265625 0.0587310791015625 0.0851287841796875
-0.374755859375 0.26617431640625 0.0414962768554687 0.137077331542969
-0.302703857421875 0.198974609375 -0.360107421875 0.046905517578125
-0.240463256835937 0.2159423828125 -0.171966552734375 0.104522705078125
-0.179672241210937 0.245407104492188 -0.0184001922607422 -0.0147895812988281
-0.060150146484375 0.264053344726563 -0.038482666015625 -0.117317199707031
0.04351806640625 0.23638916015625 -0.12384033203125 -0.156295776367187
0.171127319335937 0.207962036132812 -0.203277587890625 -0.149246215820313
0.220458984375 0.123825073242188 -0.257400512695313 -0.104827880859375
0.214340209960938 0.108718872070313 -0.249679565429688 -0.083892822265625
0.244384765625 0.119461059570313 -0.234848022460938 -0.0884552001953125
0.208419799804687 0.169769287109375 -0.169876098632813 -0.126144409179687
0.105575561523438 0.238967895507813 -0.116592407226563 -0.130744934082031
0.02978515625 0.251693725585938 -0.0344772338867187 -0.0963363647460937
-0.137725830078125 0.241973876953125 0.0101528167724609 -0.000649452209472641
-0.230545043945312 0.245758056640625 -0.0196685791015625 0.1529541015625
-0.27685546875 0.212890625 -0.106521606445313 0.184967041015625
-0.133186340332031 0.120819091796875 -0.450042724609375 0.0990905761718751
-0.103363037109375 0.10418701171875 -0.232757568359375 0.150375366210937
-0.0726242065429688 0.100044250488281 -0.0475578308105469 0.0203475952148438
-0.03082275390625 0.106712341308594 -0.0741806030273438 -0.0988922119140625
0.016998291015625 0.1031494140625 -0.150482177734375 -0.148269653320313
0.0855636596679688 0.0984344482421875 -0.257919311523438 -0.148681640625
0.108413696289063 0.0536117553710938 -0.328887939453125 -0.10211181640625
0.109901428222656 0.0398025512695313 -0.31787109375 -0.083984375
0.126312255859375 0.04937744140625 -0.29364013671875 -0.105804443359375
0.101364135742188 0.07379150390625 -0.214508056640625 -0.155990600585937
0.045989990234375 0.104110717773438 -0.12542724609375 -0.14569091796875
0.021942138671875 0.097503662109375 -0.0393753051757812 -0.0932769775390625
-0.0395050048828125 0.111106872558594 -0.0130577087402344 0.0289516448974609
-0.0856170654296875 0.145980834960938 -0.087005615234375 0.194107055664062
-0.130584716796875 0.145172119140625 -0.220245361328125 0.2130126953125
-0.0523300170898438 -0.071502685546875 0.238296508789063 -0.275100708007813
-0.119247436523437 -0.0567398071289063 0.115631103515625 -0.22802734375
-0.122314453125 0.0232086181640625 -0.0167465209960938 -0.0506477355957031
-0.0702362060546875 0.0633392333984375 0.014129638671875 0.0811843872070313
-0.0356216430664062 0.0722274780273438 0.0828399658203125 0.14874267578125
-0.0038909912109375 0.0627555847167969 0.229705810546875 0.161285400390625
0.0263099670410156 0.047454833984375 0.334320068359375 0.10565185546875
0.0179634094238281 0.0393867492675781 0.34356689453125 0.058258056640625
0.0140552520751953 0.0244350433349609 0.34197998046875 0.0714111328125
0.0240554809570313 0.0142955780029297 0.28851318359375 0.127197265625
0.0380477905273438 0.018951416015625 0.187698364257813 0.107894897460938
0.0310173034667969 0.0469169616699219 0.113494873046875 0.0512619018554688
-0.00285720825195312 0.0559844970703125 0.132217407226563 -0.0517501831054688
-0.0256671905517578 0.0202960968017578 0.267120361328125 -0.192672729492188
0.00384902954101563 -0.0101251602172852 0.532012939453125 -0.09039306640625
-0.231124877929688 0.0225982666015625 0.233474731445313 -0.263458251953125
-0.259765625 0.0390777587890625 0.135177612304688 -0.217376708984375
-0.24981689453125 0.141494750976562 0.00359344482421873 -0.079193115234375
-0.1282958984375 0.211807250976563 0.0187187194824219 0.040863037109375
-0.0247039794921875 0.213348388671875 0.0564727783203125 0.110618591308594
0.086639404296875 0.184326171875 0.195755004882813 0.133224487304688
0.151336669921875 0.11981201171875 0.298583984375 0.084320068359375
0.139999389648438 0.103363037109375 0.310150146484375 0.0347900390625
0.153900146484375 0.09063720703125 0.31085205078125 0.043548583984375
0.148193359375 0.10455322265625 0.275009155273438 0.0886993408203125
0.111648559570313 0.150360107421875 0.173019409179688 0.0661468505859375
0.061309814453125 0.19573974609375 0.111579895019531 0.016510009765625
-0.07647705078125 0.208145141601563 0.135322570800781 -0.0797805786132813
-0.1634521484375 0.167510986328125 0.272384643554688 -0.195297241210938
-0.161117553710938 0.105422973632812 0.530731201171875 -0.09429931640625
-0.377593994140625 0.11090087890625 0.168960571289062 -0.233062744140625
-0.37249755859375 0.131195068359375 0.117828369140625 -0.183868408203125
-0.349151611328125 0.24798583984375 0.0239334106445312 -0.0978164672851562
-0.17303466796875 0.33837890625 0.0288219451904297 -0.00843429565429685
-0.01483154296875 0.327880859375 0.030731201171875 0.0489273071289063
0.16265869140625 0.28558349609375 0.13714599609375 0.0764312744140625
0.253097534179688 0.177566528320313 0.218673706054688 0.0462188720703125
0.242218017578125 0.15228271484375 0.229888916015625 0.00573730468750001
0.274871826171875 0.140396118164063 0.234359741210938 0.0137939453125
0.259552001953125 0.176544189453125 0.220352172851563 0.043853759765625
0.182144165039063 0.2613525390625 0.131271362304688 0.020172119140625
0.0958251953125 0.322479248046875 0.09442138671875 -0.0182952880859375
-0.12921142578125 0.338287353515625 0.123580932617187 -0.0914154052734375
-0.267486572265625 0.2979736328125 0.250045776367188 -0.161834716796875
-0.295257568359375 0.208740234375 0.4691162109375 -0.06402587890625
-0.468505859375 0.190185546875 0.05816650390625 -0.180618286132813
-0.433135986328125 0.221405029296875 0.069610595703125 -0.126258850097656
-0.388519287109375 0.33984375 0.035369873046875 -0.0981826782226562
-0.1796875 0.4261474609375 0.0361557006835937 -0.059173583984375
0.00738525390625003 0.399139404296875 0.000274658203124998 -0.0258121490478515
0.2188720703125 0.342864990234375 0.0587043762207031 0.00384902954101565
0.318756103515625 0.2076416015625 0.105659484863281 -0.00222015380859374
0.3084716796875 0.178131103515625 0.114982604980469 -0.0231399536132812
0.35504150390625 0.16900634765625 0.121261596679688 -0.0123672485351562
0.334808349609375 0.222320556640625 0.129127502441406 -0.00380706787109374
0.22906494140625 0.336578369140625 0.0653953552246094 -0.0255622863769531
0.116668701171875 0.405975341796875 0.0616340637207031 -0.050201416015625
-0.165130615234375 0.422943115234375 0.103706359863281 -0.085968017578125
-0.33123779296875 0.38275146484375 0.205551147460938 -0.095367431640625
-0.380645751953125 0.28033447265625 0.35723876953125 -0.00720214843749998
-0.488006591796875 0.244171142578125 -0.0830307006835938 -0.10943603515625
-0.42742919921875 0.284881591796875 -0.00395584106445315 -0.0498809814453125
-0.360565185546875 0.3880615234375 0.0317840576171875 -0.0825653076171875
-0.145843505859375 0.451751708984375 0.0272140502929687 -0.101585388183594
0.037689208984375 0.407135009765625 -0.0396041870117188 -0.09503173828125
0.24871826171875 0.345489501953125 -0.0342025756835938 -0.0688400268554687
0.337432861328125 0.2052001953125 -0.0254440307617187 -0.05047607421875
0.327972412109375 0.17828369140625 -0.0179100036621094 -0.0505485534667969
0.379425048828125 0.173553466796875 -0.0100975036621094 -0.0378379821777344
0.352935791015625 0.23614501953125 0.0175933837890625 -0.0479888916015625
0.232696533203125 0.36187744140625 -0.0122947692871094 -0.0676651000976562
0.111572265625 0.424530029296875 0.0219650268554688 -0.0741424560546875
-0.182891845703125 0.43853759765625 0.0760574340820312 -0.0642242431640625
-0.349700927734375 0.402496337890625 0.142532348632812 -0.00637817382812497
-0.407867431640625 0.3040771484375 0.210906982421875 0.0652923583984375
-0.427459716796875 0.256591796875 -0.231826782226563 -0.0283660888671875
-0.356231689453125 0.293060302734375 -0.0871810913085938 0.0317459106445313
-0.276580810546875 0.36468505859375 0.0128059387207031 -0.0562667846679687
-0.09228515625 0.397308349609375 -0.00110626220703124 -0.125457763671875
0.059295654296875 0.347137451171875 -0.0866241455078125 -0.142044067382813
0.237945556640625 0.29278564453125 -0.129127502441406 -0.12249755859375
0.307464599609375 0.16986083984375 -0.155136108398438 -0.086334228515625
0.29840087890625 0.149444580078125 -0.148269653320312 -0.0703582763671875
0.341461181640625 0.15234375 -0.136459350585937 -0.0626983642578125
0.309539794921875 0.21502685546875 -0.0903854370117187 -0.0899581909179688
0.189971923828125 0.3272705078125 -0.080780029296875 -0.102981567382812
0.08050537109375 0.37054443359375 -0.0148239135742187 -0.0902099609375
-0.1748046875 0.374053955078125 0.044677734375 -0.0327911376953125
-0.315155029296875 0.356109619140625 0.0675277709960937 0.0837478637695313
-0.371978759765625 0.28399658203125 0.0517501831054687 0.135475158691406
-0.302978515625 0.21881103515625 -0.36151123046875 0.048431396484375
-0.2371826171875 0.233642578125 -0.166656494140625 0.102523803710938
-0.16900634765625 0.264755249023438 -0.017324447631836 -0.0225410461425781
-0.0446319580078125 0.27471923828125 -0.042266845703125 -0.125175476074219
0.057159423828125 0.238037109375 -0.130935668945313 -0.157501220703125
0.185760498046875 0.202728271484375 -0.21136474609375 -0.146041870117187
0.229965209960938 0.111892700195313 -0.265167236328125 -0.101821899414062
0.222763061523438 0.097320556640625 -0.2557373046875 -0.0808563232421875
0.254226684570313 0.106201171875 -0.238449096679687 -0.0856933593750001
0.22052001953125 0.156784057617188 -0.17364501953125 -0.12762451171875
0.121719360351563 0.23492431640625 -0.1214599609375 -0.132049560546875
0.0447998046875 0.2523193359375 -0.0366973876953125 -0.0980377197265625
-0.125808715820313 0.254974365234375 0.0158061981201172 -0.000403404235839828
-0.2213134765625 0.265823364257813 -0.00961303710937502 0.154800415039063
-0.274368286132813 0.229827880859375 -0.0980224609375 0.189849853515625
-0.136566162109375 0.1353759765625 -0.45355224609375 0.10601806640625
-0.102447509765625 0.117942810058594 -0.2283935546875 0.152023315429688
-0.0670318603515625 0.114303588867188 -0.0476264953613281 0.0141372680664063
-0.0203323364257813 0.114891052246094 -0.0798416137695312 -0.103919982910156
0.0267868041992187 0.104393005371094 -0.158599853515625 -0.147018432617188
0.096282958984375 0.0936203002929688 -0.266036987304688 -0.141921997070313
0.11456298828125 0.0442886352539062 -0.336181640625 -0.093597412109375
0.114990234375 0.0300369262695313 -0.32366943359375 -0.076385498046875
0.131134033203125 0.037567138671875 -0.298980712890625 -0.1002197265625
0.109382629394531 0.0629806518554688 -0.220352172851563 -0.1536865234375
0.056396484375 0.0993118286132813 -0.130279541015625 -0.144943237304688
0.0326690673828125 0.0957183837890625 -0.0416412353515625 -0.0935134887695313
-0.02862548828125 0.118820190429687 -0.00825500488281251 0.0309886932373047
-0.07598876953125 0.160308837890625 -0.076934814453125 0.200088500976563
-0.126663208007813 0.158599853515625 -0.213241577148438 0.223800659179687
-0.05548095703125 -0.0839004516601563 0.232330322265625 -0.298797607421875
-0.133705139160156 -0.0608367919921875 0.105316162109375 -0.242080688476563
-0.135719299316406 0.0282058715820312 -0.0220375061035156 -0.0516929626464844
-0.0792007446289063 0.0728912353515625 0.0154342651367187 0.0814361572265625
-0.0383453369140625 0.084075927734375 0.0880126953125 0.148361206054688
-0.00254058837890624 0.0741653442382813 0.239532470703125 0.153671264648438
0.0291900634765625 0.0561866760253906 0.34814453125 0.09228515625
0.0189781188964844 0.0467720031738281 0.354217529296875 0.042236328125
0.0129871368408203 0.0317859649658203 0.35430908203125 0.054473876953125
0.0194015502929687 0.0177001953125 0.304656982421875 0.113922119140625
0.0318450927734375 0.0172901153564453 0.202789306640625 0.0991363525390625
0.0286102294921875 0.0422248840332031 0.123832702636719 0.0489273071289063
-0.00171279907226562 0.0485572814941406 0.135009765625 -0.0541610717773437
-0.023162841796875 0.0110530853271484 0.26287841796875 -0.204437255859375
0.00793075561523438 -0.0195293426513672 0.54766845703125 -0.11175537109375
-0.234268188476563 0.021148681640625 0.22845458984375 -0.28985595703125
-0.271499633789063 0.04345703125 0.125732421875 -0.235549926757813
-0.259246826171875 0.156356811523438 -0.000991821289062519 -0.0847930908203125
-0.130813598632813 0.228286743164063 0.0181961059570312 0.0365333557128906
-0.02069091796875 0.227127075195313 0.0593948364257813 0.107429504394531
0.0975494384765625 0.193511962890625 0.20208740234375 0.12518310546875
0.161178588867187 0.123245239257812 0.30877685546875 0.07037353515625
0.147720336914063 0.105911254882813 0.318084716796875 0.016998291015625
0.160476684570313 0.091064453125 0.32208251953125 0.02484130859375
0.152725219726563 0.102783203125 0.289520263671875 0.07122802734375
0.116897583007812 0.148544311523438 0.18585205078125 0.05474853515625
0.069305419921875 0.19586181640625 0.122177124023438 0.0115585327148438
-0.06866455078125 0.211227416992188 0.140579223632813 -0.0836944580078125
-0.156539916992188 0.1737060546875 0.272216796875 -0.209320068359375
-0.156692504882812 0.108306884765625 0.54718017578125 -0.119476318359375
-0.380950927734375 0.1239013671875 0.164642333984375 -0.259262084960938
-0.381103515625 0.145599365234375 0.111557006835937 -0.202804565429688
-0.352294921875 0.271148681640625 0.019317626953125 -0.106697082519531
-0.167083740234375 0.358642578125 0.0271778106689453 -0.0177745819091797
-0.00411987304687503 0.343170166015625 0.0297431945800781 0.0425682067871094
0.18096923828125 0.29150390625 0.139137268066406 0.067901611328125
0.26788330078125 0.175033569335938 0.223922729492188 0.0317230224609375
0.25555419921875 0.148284912109375 0.2347412109375 -0.0108489990234375
0.288330078125 0.13360595703125 0.242431640625 -0.00354003906249999
0.27313232421875 0.168350219726563 0.23162841796875 0.025177001953125
0.198501586914063 0.25970458984375 0.140480041503906 0.00710296630859377
0.112518310546875 0.3253173828125 0.102348327636719 -0.025299072265625
-0.11712646484375 0.351470947265625 0.131195068359375 -0.0973663330078125
-0.25823974609375 0.316253662109375 0.254562377929688 -0.1759033203125
-0.290985107421875 0.221893310546875 0.4874267578125 -0.08892822265625
-0.4710693359375 0.214111328125 0.0535430908203125 -0.202468872070313
-0.436309814453125 0.243194580078125 0.0654449462890625 -0.142974853515625
-0.38336181640625 0.368621826171875 0.031829833984375 -0.109642028808594
-0.166168212890625 0.44866943359375 0.03240966796875 -0.0730819702148437
0.02471923828125 0.412811279296875 -0.00448036193847656 -0.0338973999023437
0.24395751953125 0.344879150390625 0.0562324523925781 -0.00512695312499998
0.337615966796875 0.199066162109375 0.10565185546875 -0.0138397216796875
0.325164794921875 0.16998291015625 0.11578369140625 -0.0367431640625
0.373291015625 0.15606689453125 0.124794006347656 -0.0268936157226562
0.35498046875 0.20947265625 0.135612487792969 -0.0202102661132812
0.25250244140625 0.33392333984375 0.0687713623046875 -0.0377006530761718
0.14117431640625 0.411651611328125 0.0671730041503906 -0.0577583312988281
-0.14801025390625 0.443572998046875 0.111114501953125 -0.0930099487304687
-0.320220947265625 0.41082763671875 0.213150024414062 -0.107452392578125
-0.378448486328125 0.302459716796875 0.3758544921875 -0.02740478515625
-0.4876708984375 0.2757568359375 -0.08856201171875 -0.122657775878906
-0.424468994140625 0.31243896484375 -0.00354766845703128 -0.0621719360351562
-0.348175048828125 0.42047119140625 0.030181884765625 -0.0954513549804687
-0.125335693359375 0.4744873046875 0.022979736328125 -0.117271423339844
0.06024169921875 0.417724609375 -0.0472335815429688 -0.103523254394531
0.274871826171875 0.341400146484375 -0.0415420532226562 -0.0754013061523437
0.35736083984375 0.19281005859375 -0.0306129455566406 -0.0577850341796875
0.3463134765625 0.16510009765625 -0.022125244140625 -0.0580406188964844
0.398406982421875 0.156005859375 -0.0118331909179687 -0.0459861755371094
0.376068115234375 0.219818115234375 0.0180702209472656 -0.0608329772949219
0.26104736328125 0.358642578125 -0.0143890380859375 -0.0766754150390625
0.1396484375 0.432525634765625 0.0226898193359375 -0.0813369750976562
-0.1640625 0.46258544921875 0.0836639404296875 -0.0709915161132812
-0.337738037109375 0.436248779296875 0.1531982421875 -0.0151824951171875
-0.406707763671875 0.332000732421875 0.228729248046875 0.053253173828125
-0.42840576171875 0.291107177734375 -0.237548828125 -0.0315704345703125
-0.3502197265625 0.3236083984375 -0.0852584838867188 0.0255279541015625
-0.260406494140625 0.396026611328125 0.0121345520019531 -0.0678291320800781
-0.0673828125 0.417083740234375 -0.00762176513671874 -0.139625549316406
0.08251953125 0.352996826171875 -0.0975799560546875 -0.148635864257813
0.26409912109375 0.28558349609375 -0.140899658203125 -0.123992919921875
0.325439453125 0.15423583984375 -0.165206909179687 -0.087554931640625
0.3140869140625 0.134765625 -0.15704345703125 -0.07135009765625
0.3599853515625 0.13323974609375 -0.1434326171875 -0.0645751953125
0.331451416015625 0.197540283203125 -0.0964508056640625 -0.0976791381835937
0.2171630859375 0.32269287109375 -0.0875930786132813 -0.109077453613281
0.106231689453125 0.376739501953125 -0.0169906616210937 -0.0968399047851562
-0.156402587890625 0.39788818359375 0.0523147583007813 -0.0380668640136718
-0.301116943359375 0.38934326171875 0.0801849365234375 0.0809707641601563
-0.36865234375 0.31390380859375 0.0659942626953125 0.132545471191406
-0.30352783203125 0.25006103515625 -0.3697509765625 0.05621337890625
-0.232025146484375 0.260772705078125 -0.163299560546875 0.1029052734375
-0.153900146484375 0.291839599609375 -0.0187492370605469 -0.0316505432128906
-0.023345947265625 0.2886962890625 -0.0507888793945312 -0.135734558105469
0.077423095703125 0.240570068359375 -0.14324951171875 -0.158935546875
0.207443237304688 0.193130493164063 -0.2255859375 -0.143325805664062
0.24395751953125 0.096710205078125 -0.278366088867188 -0.0960693359374999
0.235977172851562 0.082672119140625 -0.267623901367188 -0.074859619140625
0.265533447265625 0.0876617431640625 -0.248748779296875 -0.0818023681640625
0.23663330078125 0.140045166015625 -0.183670043945313 -0.129623413085937
0.142623901367188 0.23004150390625 -0.131111145019531 -0.133888244628906
0.0660400390625 0.254791259765625 -0.0402984619140625 -0.101615905761719
-0.108535766601563 0.273300170898438 0.0235061645507812 -0.00237274169921873
-0.20733642578125 0.292572021484375 0.00326538085937498 0.158920288085938
-0.269821166992187 0.256622314453125 -0.0866546630859375 0.197555541992188
-0.137405395507813 0.156631469726563 -0.46539306640625 0.122833251953125
-0.101577758789063 0.136322021484375 -0.226455688476562 0.158462524414062
-0.05792236328125 0.1312255859375 -0.0497093200683594 0.00789260864257814
-0.0066680908203125 0.124427795410156 -0.0904922485351563 -0.109092712402344
0.0401840209960938 0.105369567871094 -0.17315673828125 -0.144989013671875
0.110809326171875 0.0865859985351562 -0.281951904296875 -0.13348388671875
0.123100280761719 0.0311431884765625 -0.35174560546875 -0.0809326171875
0.121788024902344 0.0175018310546875 -0.337677001953125 -0.065643310546875
0.13690185546875 0.022308349609375 -0.3114013671875 -0.0909729003906251
0.117279052734375 0.0492782592773438 -0.23211669921875 -0.150726318359375
0.069488525390625 0.0925750732421875 -0.13897705078125 -0.144088745117188
0.0465850830078125 0.0924072265625 -0.044921875 -0.095062255859375
-0.0131683349609375 0.126998901367188 -0.000881195068359378 0.0324192047119141
-0.0620269775390625 0.178115844726563 -0.064208984375 0.210296630859375
-0.121185302734375 0.1783447265625 -0.206436157226562 0.24169921875
-0.0656356811523438 -0.0971908569335938 0.213623046875 -0.327728271484375
-0.153350830078125 -0.05975341796875 0.0859527587890625 -0.257232666015625
-0.150238037109375 0.0393524169921875 -0.02777099609375 -0.0518112182617188
-0.08624267578125 0.0871963500976563 0.0182266235351562 0.0817947387695313
-0.0372390747070312 0.0992431640625 0.096710205078125 0.145584106445313
0.00403594970703126 0.0875396728515625 0.251876831054688 0.1422119140625
0.0359306335449219 0.06591796875 0.360565185546875 0.06884765625
0.0225257873535156 0.0551376342773437 0.363739013671875 0.01678466796875
0.0144691467285156 0.0408515930175781 0.364776611328125 0.027587890625
0.0159130096435547 0.0244503021240234 0.322021484375 0.090362548828125
0.0247898101806641 0.0170402526855469 0.21990966796875 0.082550048828125
0.0241432189941406 0.0376930236816406 0.136436462402344 0.0416030883789063
-0.0016937255859375 0.0392036437988281 0.13763427734375 -0.058807373046875
-0.0237827301025391 0.000274658203125002 0.253921508789063 -0.21868896484375
0.00981330871582031 -0.0328254699707031 0.55810546875 -0.1458740234375
-0.239288330078125 0.0258026123046875 0.210906982421875 -0.32257080078125
-0.284820556640625 0.05560302734375 0.107162475585937 -0.255462646484375
-0.265396118164063 0.179428100585938 -0.010101318359375 -0.0900039672851562
-0.126068115234375 0.249801635742187 0.0170536041259766 0.0315437316894531
-0.00886535644531252 0.24371337890625 0.06280517578125 0.102500915527344
0.115432739257813 0.20068359375 0.20947265625 0.111770629882813
0.175216674804687 0.12298583984375 0.3179931640625 0.046966552734375
0.157974243164063 0.10467529296875 0.32476806640625 -0.00924682617187499
0.170196533203125 0.089019775390625 0.32965087890625 -0.00402832031249999
0.158798217773438 0.0980072021484375 0.304046630859375 0.044342041015625
0.1231689453125 0.142898559570313 0.198715209960937 0.0357513427734375
0.0802001953125 0.191680908203125 0.133087158203125 0.000602722167968762
-0.05670166015625 0.212905883789063 0.144515991210938 -0.0922088623046875
-0.146942138671875 0.1788330078125 0.266876220703125 -0.227737426757813
-0.150466918945313 0.110977172851562 0.559051513671875 -0.15753173828125
-0.381011962890625 0.14410400390625 0.1495361328125 -0.29010009765625
-0.386871337890625 0.167633056640625 0.096221923828125 -0.223159790039063
-0.347381591796875 0.302093505859375 0.00957489013671874 -0.115638732910156
-0.151763916015625 0.3846435546875 0.0222244262695312 -0.0280895233154297
0.01727294921875 0.35870361328125 0.0276451110839844 0.0361976623535156
0.208099365234375 0.29119873046875 0.140274047851563 0.0551376342773438
0.2882080078125 0.165924072265625 0.22796630859375 0.01220703125
0.272705078125 0.138397216796875 0.236709594726563 -0.0342864990234375
0.30462646484375 0.11968994140625 0.246505737304688 -0.0284271240234375
0.28875732421875 0.152679443359375 0.240036010742188 -0.00141906738281249
0.218109130859375 0.249923706054688 0.147537231445313 -0.01190185546875
0.13616943359375 0.323272705078125 0.110511779785156 -0.0376205444335937
-0.0950927734375 0.363739013671875 0.137413024902344 -0.108695983886719
-0.238861083984375 0.336456298828125 0.253982543945313 -0.196884155273438
-0.280364990234375 0.240829467773438 0.502227783203125 -0.128448486328125
-0.4654541015625 0.247772216796875 0.0395355224609375 -0.226715087890625
-0.431854248046875 0.27423095703125 0.0553131103515625 -0.162582397460937
-0.369140625 0.4063720703125 0.0229415893554687 -0.122268676757812
-0.139190673828125 0.475128173828125 0.0242156982421875 -0.08770751953125
0.053253173828125 0.424285888671875 -0.0119667053222656 -0.0414810180664062
0.277130126953125 0.337310791015625 0.0508613586425781 -0.0141525268554687
0.359832763671875 0.182281494140625 0.102951049804688 -0.0285568237304687
0.345489501953125 0.1512451171875 0.112693786621094 -0.0536956787109375
0.392974853515625 0.132568359375 0.124618530273438 -0.045806884765625
0.376800537109375 0.184967041015625 0.137626647949219 -0.0430450439453125
0.283966064453125 0.321197509765625 0.0687408447265625 -0.0537261962890625
0.175506591796875 0.41021728515625 0.0705108642578125 -0.0696563720703125
-0.118194580078125 0.46527099609375 0.117660522460938 -0.105934143066406
-0.294158935546875 0.4434814453125 0.217681884765625 -0.127548217773437
-0.364013671875 0.332672119140625 0.39251708984375 -0.060333251953125
-0.476959228515625 0.316650390625 -0.0991363525390625 -0.136390686035156
-0.411773681640625 0.34967041015625 -0.00901794433593753 -0.075897216796875
-0.321868896484375 0.459259033203125 0.0239028930664062 -0.109664916992187
-0.0885009765624999 0.49688720703125 0.0119705200195312 -0.1339111328125
0.092742919921875 0.4227294921875 -0.06005859375 -0.110450744628906
0.309356689453125 0.327728271484375 -0.0531082153320312 -0.0795059204101562
0.37982177734375 0.169281005859375 -0.03985595703125 -0.0633964538574219
0.365997314453125 0.141326904296875 -0.0293121337890625 -0.0655441284179687
0.41796875 0.127044677734375 -0.01641845703125 -0.0553131103515625
0.401092529296875 0.19036865234375 0.0129318237304688 -0.0758514404296875
0.29766845703125 0.343719482421875 -0.021148681640625 -0.0868911743164062
0.17913818359375 0.432464599609375 0.0215682983398438 -0.0912094116210937
-0.13153076171875 0.489105224609375 0.0908126831054687 -0.0832748413085937
-0.307861328125 0.47479248046875 0.162277221679688 -0.03045654296875
-0.39154052734375 0.368499755859375 0.24578857421875 0.0303955078125
-0.416290283203125 0.3345947265625 -0.246261596679688 -0.0311737060546875
-0.333526611328125 0.36199951171875 -0.0840682983398438 0.0192718505859375
-0.229339599609375 0.430694580078125 0.00675201416015623 -0.0802993774414062
-0.029571533203125 0.432830810546875 -0.021270751953125 -0.154830932617187
0.115264892578125 0.352691650390625 -0.113571166992187 -0.151840209960937
0.295867919921875 0.26617431640625 -0.156982421875 -0.122268676757813
0.34442138671875 0.1287841796875 -0.179306030273438 -0.0836639404296875
0.33160400390625 0.108978271484375 -0.1676025390625 -0.06951904296875
0.377410888671875 0.102508544921875 -0.153244018554687 -0.0644683837890625
0.3533935546875 0.168701171875 -0.106475830078125 -0.103759765625
0.25140380859375 0.309417724609375 -0.0991439819335938 -0.113533020019531
0.142791748046875 0.376007080078125 -0.0219039916992187 -0.102622985839844
-0.124114990234375 0.42364501953125 0.0590896606445312 -0.0472145080566406
-0.27252197265625 0.4268798828125 0.0936355590820312 0.072235107421875
-0.353729248046875 0.350860595703125 0.08331298828125 0.123420715332031
-0.292816162109375 0.28875732421875 -0.376312255859375 0.071533203125
-0.216522216796875 0.2928466796875 -0.1585693359375 0.105087280273438
-0.125457763671875 0.318695068359375 -0.0225868225097656 -0.0412254333496094
0.00985717773437501 0.2989501953125 -0.06646728515625 -0.14501953125
0.104263305664062 0.237335205078125 -0.161056518554688 -0.157119750976562
0.232696533203125 0.1744384765625 -0.242752075195313 -0.132720947265625
0.25762939453125 0.071868896484375 -0.29376220703125 -0.082305908203125
0.247512817382813 0.059295654296875 -0.280548095703125 -0.063201904296875
0.278244018554688 0.060882568359375 -0.261871337890625 -0.0714263916015625
0.251907348632813 0.11407470703125 -0.1981201171875 -0.127731323242187
0.1697998046875 0.216522216796875 -0.144302368164063 -0.13323974609375
0.0936126708984375 0.251235961914063 -0.0466232299804688 -0.104835510253906
-0.081207275390625 0.29046630859375 0.0310630798339844 -0.00742340087890623
-0.179779052734375 0.322113037109375 0.0205078125 0.158218383789063
-0.2552490234375 0.28985595703125 -0.0697784423828125 0.20391845703125
-0.130844116210938 0.184799194335937 -0.4703369140625 0.14959716796875
-0.0924835205078125 0.15875244140625 -0.221664428710937 0.169754028320313
-0.04144287109375 0.14892578125 -0.0543899536132813 0.00310897827148437
0.0139846801757813 0.130355834960938 -0.106201171875 -0.111122131347656
0.0567855834960938 0.102828979492187 -0.190475463867188 -0.13616943359375
0.1259765625 0.07257080078125 -0.29913330078125 -0.11602783203125
0.12982177734375 0.0136337280273438 -0.366668701171875 -0.0594482421875001
0.125617980957031 -0.0008087158203125 -0.349945068359375 -0.045318603515625
0.140548706054688 0.001953125 -0.323944091796875 -0.074951171875
0.1236572265625 0.02947998046875 -0.247482299804688 -0.1417236328125
0.0839157104492188 0.0799636840820313 -0.152023315429688 -0.139694213867187
0.0626754760742188 0.0843505859375 -0.0499954223632813 -0.0953750610351563
0.00782012939453124 0.133232116699219 0.00852203369140625 0.0319385528564453
-0.0380096435546875 0.194839477539063 -0.0448150634765625 0.217239379882813
-0.106704711914062 0.201309204101562 -0.18890380859375 0.261871337890625
-0.0809555053710938 -0.107521057128906 0.181304931640625 -0.34912109375
-0.174179077148438 -0.0511474609375 0.058013916015625 -0.264938354492188
-0.161407470703125 0.05535888671875 -0.0357742309570313 -0.0489959716796875
-0.0889892578125 0.106155395507813 0.021514892578125 0.08062744140625
-0.0310821533203125 0.115531921386719 0.104721069335937 0.13897705078125
0.01556396484375 0.0992202758789063 0.25933837890625 0.123641967773437
0.0476226806640625 0.0735015869140625 0.36517333984375 0.03985595703125
0.0295562744140625 0.0632514953613281 0.362548828125 -0.013427734375
0.0194015502929688 0.049957275390625 0.3651123046875 -0.004974365234375
0.0140857696533203 0.0318107604980469 0.329681396484375 0.0595703125
0.0160408020019531 0.0193977355957031 0.23095703125 0.0587921142578125
0.0175819396972656 0.0337028503417969 0.146224975585938 0.0298309326171875
-0.00478363037109375 0.0277729034423828 0.137626647949219 -0.0633468627929688
-0.0284881591796875 -0.0124225616455078 0.236923217773438 -0.229812622070313
0.00734329223632813 -0.0489540100097656 0.5521240234375 -0.18499755859375
-0.241775512695313 0.0303192138671875 0.1783447265625 -0.348236083984375
-0.293609619140625 0.07208251953125 0.0790863037109375 -0.26776123046875
-0.262893676757812 0.204055786132813 -0.0217361450195313 -0.0920639038085937
-0.113265991210937 0.269912719726563 0.0143642425537109 0.0270786285400391
0.00939941406249999 0.254592895507813 0.0647735595703125 0.0953903198242188
0.136032104492188 0.202224731445313 0.211837768554688 0.0939178466796875
0.191116333007813 0.118026733398437 0.3175048828125 0.018829345703125
0.169769287109375 0.0997467041015625 0.32049560546875 -0.039764404296875
0.179351806640625 0.0830078125 0.326873779296875 -0.035919189453125
0.16363525390625 0.09088134765625 0.306976318359375 0.010528564453125
0.128211975097656 0.135116577148438 0.203994750976563 0.010986328125
0.088897705078125 0.182418823242188 0.141403198242188 -0.014892578125
-0.044036865234375 0.20819091796875 0.144729614257813 -0.102142333984375
-0.134078979492187 0.179244995117188 0.25299072265625 -0.244766235351563
-0.140182495117188 0.109855651855469 0.55291748046875 -0.204620361328125
-0.370697021484375 0.163604736328125 0.11944580078125 -0.31536865234375
-0.3814697265625 0.193389892578125 0.070953369140625 -0.239486694335937
-0.330230712890625 0.3321533203125 -0.00382232666015627 -0.121437072753906
-0.126434326171875 0.402618408203125 0.0125846862792969 -0.0377006530761718
0.046142578125 0.36566162109375 0.0221595764160156 0.0288543701171875
0.235076904296875 0.281036376953125 0.136070251464844 0.0412445068359375
0.304534912109375 0.147735595703125 0.222549438476563 -0.0112457275390625
0.284393310546875 0.12066650390625 0.229217529296875 -0.059844970703125
0.3154296875 0.09893798828125 0.240234375 -0.057342529296875
0.2979736328125 0.130523681640625 0.2384033203125 -0.0337677001953125
0.234634399414063 0.23297119140625 0.147384643554688 -0.0346527099609375
0.1602783203125 0.309814453125 0.114616394042969 -0.0546035766601562
-0.067230224609375 0.364501953125 0.139259338378906 -0.122390747070312
-0.210540771484375 0.348236083984375 0.244338989257813 -0.21820068359375
-0.259307861328125 0.253280639648438 0.499969482421875 -0.1746826171875
-0.443389892578125 0.279510498046875 0.015533447265625 -0.247116088867187
-0.41448974609375 0.305023193359375 0.03570556640625 -0.178497314453125
-0.336700439453125 0.435577392578125 0.00897979736328124 -0.132858276367187
-0.0997314453125 0.488494873046875 0.00937652587890623 -0.100425720214844
0.087432861328125 0.42352294921875 -0.0229225158691406 -0.0473594665527343
0.307220458984375 0.3157958984375 0.0407562255859375 -0.0233879089355469
0.375091552734375 0.15478515625 0.0943222045898438 -0.0426101684570312
0.358612060546875 0.123504638671875 0.104011535644531 -0.0709381103515625
0.4041748046875 0.10028076171875 0.116905212402344 -0.065521240234375
0.389007568359375 0.150360107421875 0.130577087402344 -0.0670013427734375
0.309722900390625 0.296600341796875 0.0631752014160156 -0.0699882507324219
0.209808349609375 0.39556884765625 0.0694656372070313 -0.0839080810546875
-0.078582763671875 0.471649169921875 0.120147705078125 -0.121757507324219
-0.254486083984375 0.465057373046875 0.214279174804688 -0.150283813476562
-0.3365478515625 0.357025146484375 0.395477294921875 -0.10211181640625
-0.447662353515625 0.356689453125 -0.115280151367188 -0.147705078125
-0.3836669921875 0.383331298828125 -0.01904296875 -0.0891647338867187
-0.280731201171875 0.485015869140625 0.0109939575195312 -0.121513366699219
-0.042938232421875 0.50311279296875 -0.00752258300781252 -0.147293090820312
0.12884521484375 0.413604736328125 -0.0760650634765625 -0.113258361816406
0.338653564453125 0.29815673828125 -0.0670318603515625 -0.0805511474609375
0.393951416015625 0.1351318359375 -0.0505638122558594 -0.0675430297851562
0.376373291015625 0.1087646484375 -0.0393600463867187 -0.0725555419921875
0.42803955078125 0.0885009765625 -0.0259666442871093 -0.063690185546875
0.4141845703125 0.15045166015625 0.00337982177734378 -0.0895767211914062
0.327972412109375 0.31488037109375 -0.0303497314453125 -0.09637451171875
0.218017578125 0.414794921875 0.0172348022460938 -0.100982666015625
-0.085723876953125 0.500244140625 0.0933914184570312 -0.0987014770507812
-0.264862060546875 0.500762939453125 0.165115356445312 -0.0506134033203125
-0.35986328125 0.401275634765625 0.256088256835938 -0.000366210937499975
-0.384552001953125 0.376190185546875 -0.253021240234375 -0.0289459228515625
-0.298065185546875 0.393798828125 -0.0833816528320313 0.0128707885742188
-0.18310546875 0.451812744140625 -0.00378417968750001 -0.0924835205078125
0.015594482421875 0.4320068359375 -0.04083251953125 -0.164642333984375
0.148834228515625 0.337982177734375 -0.131866455078125 -0.148345947265625
0.32110595703125 0.23370361328125 -0.171249389648438 -0.114181518554687
0.35369873046875 0.093994140625 -0.190628051757813 -0.0749969482421875
0.33990478515625 0.07452392578125 -0.177261352539062 -0.0636444091796875
0.382568359375 0.0643310546875 -0.16259765625 -0.0601348876953125
0.36474609375 0.128326416015625 -0.118942260742187 -0.105819702148437
0.280349731445313 0.279800415039063 -0.112075805664062 -0.113571166992187
0.18133544921875 0.359130859375 -0.0287551879882812 -0.107261657714844
-0.08074951171875 0.434295654296875 0.0634040832519531 -0.0603256225585937
-0.226043701171875 0.45263671875 0.104454040527344 0.0567169189453125
-0.32208251953125 0.384796142578125 0.0989608764648437 0.106773376464844
-0.265838623046875 0.325836181640625 -0.373809814453125 0.0867309570312499
-0.185791015625 0.320648193359375 -0.15142822265625 0.1053466796875
-0.08544921875 0.33587646484375 -0.0305671691894531 -0.0508995056152344
0.04681396484375 0.29656982421875 -0.085540771484375 -0.148391723632813
0.130722045898438 0.222702026367187 -0.178939819335937 -0.147567749023438
0.251296997070313 0.1444091796875 -0.256301879882813 -0.11517333984375
0.261383056640625 0.040496826171875 -0.303009033203125 -0.0612182617187499
0.249221801757813 0.02984619140625 -0.28863525390625 -0.045440673828125
0.278518676757813 0.0274505615234375 -0.269943237304688 -0.05615234375
0.259078979492188 0.0807647705078125 -0.210769653320312 -0.119674682617188
0.191131591796875 0.192367553710938 -0.157196044921875 -0.126327514648438
0.121185302734375 0.23492431640625 -0.0540695190429687 -0.105857849121094
-0.04364013671875 0.29656982421875 0.0366744995117188 -0.0164070129394531
-0.1397705078125 0.342193603515625 0.038421630859375 0.14996337890625
-0.225189208984375 0.317413330078125 -0.0474700927734375 0.20257568359375
-0.1126708984375 0.2119140625 -0.46435546875 0.178924560546875
-0.0738372802734375 0.179656982421875 -0.20916748046875 0.178619384765625
-0.01690673828125 0.161712646484375 -0.0597686767578125 -0.000881195068359373
0.03765869140625 0.129409790039063 -0.122871398925781 -0.10784912109375
0.074462890625 0.0933914184570313 -0.205276489257812 -0.120147705078125
0.137908935546875 0.05126953125 -0.309478759765625 -0.090484619140625
0.130226135253906 -0.00919342041015625 -0.370697021484375 -0.0296630859374999
0.122337341308594 -0.0223617553710937 -0.354705810546875 -0.01934814453125
0.134986877441406 -0.0218124389648438 -0.3311767578125 -0.05181884765625
0.121994018554688 0.00572967529296875 -0.25958251953125 -0.12713623046875
0.0927734375 0.060943603515625 -0.162811279296875 -0.13055419921875
0.0762863159179688 0.0682144165039063 -0.0557785034179688 -0.0944976806640625
0.0329360961914063 0.131019592285156 0.0173759460449219 0.0272026062011719
-0.00523376464843748 0.2041015625 -0.0209808349609375 0.216094970703125
-0.0825042724609375 0.220596313476563 -0.162078857421875 0.274734497070313
-0.0976791381835938 -0.114875793457031 0.144927978515625 -0.351837158203125
-0.19073486328125 -0.0368194580078125 0.032196044921875 -0.258529663085938
-0.167999267578125 0.0732269287109375 -0.0422554016113281 -0.0442733764648437
-0.086334228515625 0.123794555664062 0.0223464965820312 0.0789413452148438
-0.02032470703125 0.130020141601562 0.106101989746094 0.130447387695313
0.02984619140625 0.108375549316406 0.257217407226563 0.104644775390625
0.0611419677734375 0.0783843994140625 0.357025146484375 0.01507568359375
0.04022216796875 0.0687370300292969 0.350555419921875 -0.037078857421875
0.0279426574707031 0.0581855773925781 0.351531982421875 -0.031097412109375
0.0156097412109375 0.0414276123046875 0.324066162109375 0.0291748046875
0.00946617126464843 0.0256309509277344 0.231277465820312 0.0338897705078125
0.008514404296875 0.0318946838378906 0.150726318359375 0.01641845703125
-0.0149068832397461 0.0169878005981445 0.138870239257813 -0.066253662109375
-0.0390777587890625 -0.0245780944824219 0.2193603515625 -0.229660034179688
-0.000160217285156254 -0.0640907287597656 0.5328369140625 -0.21392822265625
-0.243545532226562 0.0307159423828126 0.14068603515625 -0.35723876953125
-0.29754638671875 0.0895080566406249 0.04998779296875 -0.267669677734375
-0.255050659179688 0.222000122070313 -0.0330276489257813 -0.0891036987304687
-0.098419189453125 0.2823486328125 0.00914764404296874 0.0249042510986328
0.027435302734375 0.263702392578125 0.0620651245117188 0.0884170532226563
0.152603149414063 0.197830200195313 0.205780029296875 0.07904052734375
0.201690673828125 0.11029052734375 0.305328369140625 -0.00555419921874999
0.178482055664063 0.0924835205078125 0.305755615234375 -0.06341552734375
0.183425903320313 0.0795440673828125 0.311553955078125 -0.061859130859375
0.163040161132813 0.0854034423828125 0.2982177734375 -0.021392822265625
0.126571655273437 0.128669738769531 0.200759887695313 -0.01495361328125
0.0913848876953125 0.171951293945313 0.141754150390625 -0.029815673828125
-0.0356903076171875 0.194412231445313 0.144989013671875 -0.111358642578125
-0.12396240234375 0.171310424804688 0.234588623046875 -0.254150390625
-0.131591796875 0.0999679565429687 0.533203125 -0.23785400390625
-0.353912353515625 0.171478271484375 0.0830993652343749 -0.3275146484375
-0.369964599609375 0.208953857421875 0.0420074462890625 -0.242095947265625
-0.309173583984375 0.349639892578125 -0.0178604125976563 -0.123207092285156
-0.09716796875 0.40966796875 0.00117111206054687 -0.0421562194824218
0.068450927734375 0.3612060546875 0.0135173797607422 0.0223445892333985
0.253799438476563 0.263351440429688 0.125617980957031 0.0311050415039063
0.313568115234375 0.129730224609375 0.208831787109375 -0.0311126708984375
0.288848876953125 0.10491943359375 0.211456298828125 -0.080657958984375
0.3170166015625 0.08050537109375 0.223495483398438 -0.079559326171875
0.295928955078125 0.109771728515625 0.224090576171875 -0.0606689453125
0.23980712890625 0.214065551757813 0.139320373535156 -0.055267333984375
0.1729736328125 0.290283203125 0.113632202148438 -0.07196044921875
-0.044586181640625 0.35394287109375 0.136329650878906 -0.1348876953125
-0.18408203125 0.344146728515625 0.2281494140625 -0.230117797851563
-0.237319946289062 0.253067016601563 0.48272705078125 -0.21490478515625
-0.414093017578125 0.29388427734375 -0.0136566162109375 -0.25933837890625
-0.3870849609375 0.320709228515625 0.0107879638671875 -0.1845703125
-0.29937744140625 0.44781494140625 -0.00576019287109378 -0.136024475097656
-0.065521240234375 0.48480224609375 -0.00959014892578125 -0.106170654296875
0.114471435546875 0.409698486328125 -0.0358123779296875 -0.04974365234375
0.3231201171875 0.28759765625 0.02777099609375 -0.0262889862060547
0.37994384765625 0.125640869140625 0.0804443359375 -0.0543670654296875
0.358489990234375 0.0963134765625 0.0892486572265625 -0.0841064453125
0.400115966796875 0.069610595703125 0.102424621582031 -0.0809097290039063
0.38641357421875 0.1175537109375 0.116615295410156 -0.0885162353515625
0.322021484375 0.26641845703125 0.05218505859375 -0.0849151611328125
0.231353759765625 0.36822509765625 0.0662155151367188 -0.0964126586914062
-0.04364013671875 0.462921142578125 0.117630004882813 -0.136337280273437
-0.21478271484375 0.464508056640625 0.203903198242188 -0.166763305664062
-0.30328369140625 0.3624267578125 0.3841552734375 -0.14013671875
-0.409759521484375 0.378875732421875 -0.132461547851563 -0.154312133789062
-0.34295654296875 0.394866943359375 -0.0311203002929688 -0.0986251831054687
-0.235748291015625 0.489654541015625 -0.00366973876953127 -0.128997802734375
-0.00491333007812501 0.491241455078125 -0.0272216796875 -0.152740478515625
0.154937744140625 0.392913818359375 -0.0921249389648438 -0.110069274902344
0.35235595703125 0.2626953125 -0.0811538696289062 -0.077880859375
0.39227294921875 0.10150146484375 -0.0624313354492187 -0.06915283203125
0.37109375 0.078704833984375 -0.0523529052734375 -0.0767135620117188
0.4205322265625 0.054534912109375 -0.0376358032226562 -0.0704116821289063
0.408721923828125 0.112701416015625 -0.0109100341796875 -0.100662231445313
0.34246826171875 0.27880859375 -0.043121337890625 -0.101112365722656
0.244171142578125 0.38531494140625 0.0110015869140625 -0.10906982421875
-0.0433349609375 0.49066162109375 0.0897903442382813 -0.115303039550781
-0.216217041015625 0.506622314453125 0.1612548828125 -0.0691070556640625
-0.318695068359375 0.411041259765625 0.251800537109375 -0.0316162109375
-0.34100341796875 0.397308349609375 -0.256973266601563 -0.0273895263671875
-0.254180908203125 0.405120849609375 -0.0861053466796875 0.00199890136718751
-0.133331298828125 0.45367431640625 -0.015716552734375 -0.101036071777344
0.054595947265625 0.41644287109375 -0.061737060546875 -0.16802978515625
0.1728515625 0.31048583984375 -0.147384643554688 -0.141357421875
0.330078125 0.195953369140625 -0.181854248046875 -0.102249145507812
0.3502197265625 0.060516357421875 -0.197433471679688 -0.0652923583984375
0.332733154296875 0.042694091796875 -0.183929443359375 -0.05560302734375
0.37091064453125 0.02801513671875 -0.1685791015625 -0.0545806884765625
0.3568115234375 0.090972900390625 -0.131134033203125 -0.106620788574219
0.294830322265625 0.244537353515625 -0.12432861328125 -0.111228942871094
0.2066650390625 0.33026123046875 -0.0356597900390625 -0.112686157226562
-0.03973388671875 0.42498779296875 0.0627365112304688 -0.075286865234375
-0.17706298828125 0.457061767578125 0.109588623046875 0.0385055541992188
-0.28179931640625 0.400115966796875 0.107490539550781 0.0842514038085938
-0.22650146484375 0.34759521484375 -0.366485595703125 0.0963134765625
-0.14935302734375 0.3326416015625 -0.144973754882813 0.0993804931640626
-0.045074462890625 0.335113525390625 -0.0405769348144531 -0.0576019287109375
0.0797576904296875 0.27838134765625 -0.104095458984375 -0.14697265625
0.150604248046875 0.198638916015625 -0.189315795898438 -0.132980346679688
0.256500244140625 0.109237670898438 -0.26116943359375 -0.0965728759765625
0.252151489257813 0.013153076171875 -0.303253173828125 -0.044281005859375
0.239364624023438 0.0020294189453125 -0.28839111328125 -0.029754638671875
0.265548706054687 -0.0032196044921875 -0.272872924804688 -0.0426483154296876
0.249359130859375 0.048431396484375 -0.219345092773437 -0.109954833984375
0.198715209960937 0.16168212890625 -0.166397094726563 -0.117828369140625
0.139572143554688 0.210281372070313 -0.0602188110351563 -0.107200622558594
-0.00949096679687499 0.2904052734375 0.0394477844238281 -0.0272750854492187
-0.095916748046875 0.344085693359375 0.0510787963867188 0.135391235351563
-0.18756103515625 0.3311767578125 -0.0284271240234375 0.190338134765625
-0.0865631103515625 0.229949951171875 -0.447235107421875 0.19598388671875
-0.0489959716796875 0.191268920898438 -0.196395874023437 0.1763916015625
0.0108489990234375 0.165176391601563 -0.066009521484375 -0.0066986083984375
0.059051513671875 0.119148254394531 -0.138526916503906 -0.100296020507813
0.0875473022460938 0.0768585205078125 -0.213180541992188 -0.1007080078125
0.139518737792969 0.0268630981445313 -0.30938720703125 -0.06683349609375
0.119926452636719 -0.0297698974609375 -0.36572265625 -0.00506591796875001
0.110748291015625 -0.03985595703125 -0.349365234375 0.00204467773437495
0.122711181640625 -0.03985595703125 -0.3275146484375 -0.03131103515625
0.110610961914062 -0.014801025390625 -0.262359619140625 -0.1112060546875
0.0941848754882813 0.03851318359375 -0.167465209960937 -0.11920166015625
0.0839614868164062 0.0485076904296875 -0.0587539672851563 -0.0925216674804688
0.0557098388671875 0.118759155273438 0.0248069763183594 0.0179710388183594
0.0276336669921875 0.201278686523438 0.000656127929687511 0.205795288085938
-0.053070068359375 0.230453491210938 -0.13397216796875 0.273727416992188
-0.116943359375 -0.120201110839844 0.117523193359375 -0.343994140625
-0.20562744140625 -0.0236358642578125 0.012542724609375 -0.245162963867188
-0.171249389648438 0.0923919677734375 -0.0453643798828125 -0.0378074645996094
-0.0806808471679688 0.140518188476563 0.0214920043945313 0.0799789428710938
-0.0079498291015625 0.140716552734375 0.105644226074219 0.125404357910156
0.0467605590820312 0.114585876464844 0.251358032226563 0.0954132080078125
0.075836181640625 0.0801620483398438 0.345489501953125 0.000671386718750005
0.0498504638671875 0.07366943359375 0.335296630859375 -0.050201416015625
0.03778076171875 0.0659027099609375 0.336822509765625 -0.04559326171875
0.0180091857910156 0.0523185729980469 0.313262939453125 0.010528564453125
0.00328826904296875 0.0352783203125 0.224319458007813 0.0159759521484375
-0.00188064575195312 0.03570556640625 0.152816772460938 0.0060882568359375
-0.0283966064453125 0.00991439819335937 0.138992309570313 -0.0667190551757813
-0.0522537231445312 -0.0342178344726563 0.210418701171875 -0.221954345703125
-0.0126800537109375 -0.0795440673828125 0.5196533203125 -0.223846435546875
-0.249069213867188 0.0269622802734375 0.107208251953125 -0.353912353515625
-0.302947998046875 0.100311279296875 0.0285186767578125 -0.257125854492188
-0.250259399414063 0.237701416015625 -0.0400466918945313 -0.083709716796875
-0.086151123046875 0.294158935546875 0.00155258178710937 0.0230445861816406
0.04290771484375 0.266006469726563 0.0551834106445313 0.0849075317382813
0.168182373046875 0.194183349609375 0.193923950195313 0.0713653564453125
0.211776733398437 0.105758666992187 0.290557861328125 -0.017425537109375
0.182968139648438 0.090911865234375 0.286102294921875 -0.076202392578125
0.188323974609375 0.076080322265625 0.293212890625 -0.077362060546875
0.160049438476563 0.0851287841796875 0.281158447265625 -0.04052734375
0.121208190917969 0.12738037109375 0.190322875976563 -0.0326080322265625
0.085235595703125 0.164306640625 0.141021728515625 -0.0445098876953125
-0.0388946533203125 0.1826171875 0.1446533203125 -0.11676025390625
-0.123306274414063 0.158187866210938 0.224990844726563 -0.252029418945313
-0.131156921386719 0.0855865478515625 0.5140380859375 -0.257568359375
-0.34649658203125 0.169036865234375 0.050048828125 -0.32757568359375
-0.3636474609375 0.216522216796875 0.0196533203125 -0.23870849609375
-0.2952880859375 0.3575439453125 -0.0316696166992188 -0.1214599609375
-0.082550048828125 0.41180419921875 -0.0121803283691406 -0.0436630249023437
0.08416748046875 0.35784912109375 0.00288009643554688 0.0213279724121094
0.265533447265625 0.251785278320313 0.112388610839844 0.0271453857421875
0.317352294921875 0.117919921875 0.192245483398438 -0.0388641357421875
0.28839111328125 0.093841552734375 0.193344116210938 -0.0903472900390625
0.314422607421875 0.07080078125 0.20513916015625 -0.091827392578125
0.289520263671875 0.099884033203125 0.208038330078125 -0.0794219970703125
0.23724365234375 0.201370239257813 0.127616882324219 -0.070953369140625
0.173904418945313 0.273406982421875 0.110321044921875 -0.0835037231445313
-0.035919189453125 0.33843994140625 0.134811401367188 -0.146331787109375
-0.170928955078125 0.330963134765625 0.219146728515625 -0.238082885742188
-0.225006103515625 0.240554809570312 0.46185302734375 -0.238525390625
-0.39111328125 0.29327392578125 -0.04119873046875 -0.261978149414063
-0.36834716796875 0.322235107421875 -0.00712585449218753 -0.187103271484375
-0.277587890625 0.445587158203125 -0.0210113525390625 -0.138908386230469
-0.045013427734375 0.476165771484375 -0.0258255004882813 -0.108283996582031
0.126983642578125 0.396881103515625 -0.0518722534179687 -0.0495491027832031
0.328125 0.26690673828125 0.0139617919921875 -0.0271778106689453
0.375762939453125 0.109222412109375 0.0643577575683594 -0.0583343505859375
0.351593017578125 0.08209228515625 0.071563720703125 -0.0917892456054688
0.3924560546875 0.0537109375 0.0852127075195313 -0.08984375
0.3758544921875 0.09893798828125 0.0989456176757813 -0.102920532226563
0.320587158203125 0.244903564453125 0.0392837524414063 -0.0955352783203125
0.239471435546875 0.345428466796875 0.0600738525390625 -0.110267639160156
-0.0269775390625 0.445892333984375 0.114212036132813 -0.151702880859375
-0.191436767578125 0.453155517578125 0.194732666015625 -0.179611206054688
-0.28143310546875 0.35491943359375 0.368316650390625 -0.1661376953125
-0.37506103515625 0.380218505859375 -0.152099609375 -0.158767700195312
-0.314788818359375 0.39422607421875 -0.0465850830078125 -0.106468200683594
-0.201629638671875 0.480255126953125 -0.0179595947265625 -0.134971618652344
0.018707275390625 0.470855712890625 -0.0487213134765625 -0.155792236328125
0.16473388671875 0.370697021484375 -0.106300354003906 -0.107276916503906
0.350555419921875 0.235260009765625 -0.0916290283203125 -0.0725479125976562
0.3829345703125 0.08001708984375 -0.0746078491210937 -0.0679702758789063
0.3616943359375 0.057342529296875 -0.0640335083007812 -0.078704833984375
0.4073486328125 0.031890869140625 -0.0485992431640625 -0.0736160278320313
0.39691162109375 0.086456298828125 -0.0265884399414062 -0.108558654785156
0.34271240234375 0.251983642578125 -0.0558090209960938 -0.106109619140625
0.25543212890625 0.3590087890625 0.00435638427734376 -0.119735717773437
-0.019805908203125 0.4737548828125 0.0853500366210938 -0.129081726074219
-0.183807373046875 0.495849609375 0.155776977539063 -0.0857696533203125
-0.292022705078125 0.407379150390625 0.24285888671875 -0.0575714111328125
-0.30499267578125 0.40338134765625 -0.266555786132813 -0.0339813232421874
-0.22210693359375 0.403717041015625 -0.0935821533203125 -0.0102310180664062
-0.101806640625 0.43951416015625 -0.0295486450195313 -0.110084533691406
0.076385498046875 0.39044189453125 -0.082305908203125 -0.16766357421875
0.179290771484375 0.287506103515625 -0.158111572265625 -0.131790161132812
0.323394775390625 0.166961669921875 -0.186752319335937 -0.0931396484375
0.3349609375 0.036468505859375 -0.20269775390625 -0.0603790283203125
0.317169189453125 0.023193359375 -0.19000244140625 -0.0547332763671875
0.35528564453125 0.008575439453125 -0.175613403320312 -0.052581787109375
0.34283447265625 0.06439208984375 -0.142868041992188 -0.107772827148437
0.29443359375 0.215118408203125 -0.131797790527344 -0.108665466308594
0.217498779296875 0.3031005859375 -0.0417861938476562 -0.117317199707031
-0.0115966796875 0.41009521484375 0.0586700439453125 -0.0892486572265625
-0.142730712890625 0.448272705078125 0.107398986816406 0.0218429565429688
-0.249420166015625 0.3984375 0.105964660644531 0.0615005493164063
-0.1929931640625 0.35626220703125 -0.3643798828125 0.094512939453125
-0.117828369140625 0.333221435546875 -0.143325805664062 0.086212158203125
-0.013763427734375 0.323883056640625 -0.0517005920410156 -0.0656585693359375
0.0991058349609375 0.257720947265625 -0.1207275390625 -0.142410278320312
0.155746459960938 0.17510986328125 -0.196304321289063 -0.1202392578125
0.249679565429687 0.0828704833984375 -0.260910034179688 -0.0828399658203125
0.238067626953125 -0.00897216796875 -0.300750732421875 -0.0335388183593751
0.223922729492188 -0.0156707763671875 -0.287841796875 -0.0220947265625
0.247711181640625 -0.020843505859375 -0.272125244140625 -0.0354766845703125
0.233612060546875 0.0262603759765625 -0.224746704101562 -0.104766845703125
0.197860717773438 0.1348876953125 -0.1719970703125 -0.11236572265625
0.14715576171875 0.18511962890625 -0.0642471313476562 -0.108680725097656
0.012237548828125 0.271682739257813 0.0394973754882813 -0.0406036376953125
-0.06304931640625 0.334228515625 0.056243896484375 0.118942260742188
-0.15753173828125 0.332275390625 -0.0201873779296875 0.173049926757813
-0.0604400634765625 0.2408447265625 -0.435272216796875 0.200927734375
-0.026763916015625 0.196517944335937 -0.189346313476563 0.168350219726562
0.03460693359375 0.160934448242187 -0.0768051147460937 -0.00926971435546874
0.0754013061523438 0.106376647949219 -0.149551391601563 -0.090118408203125
0.0933456420898437 0.060150146484375 -0.213104248046875 -0.0847015380859375
0.1348876953125 0.00556182861328125 -0.30047607421875 -0.0492248535156251
0.107528686523438 -0.0459365844726563 -0.355621337890625 0.00991821289062497
0.095703125 -0.0536422729492188 -0.3416748046875 0.0139160156249999
0.103050231933594 -0.0536727905273438 -0.322296142578125 -0.0213623046875
0.09576416015625 -0.031005859375 -0.26275634765625 -0.100067138671875
0.0888824462890625 0.0187149047851563 -0.1690673828125 -0.11151123046875
0.0850677490234375 0.0271072387695313 -0.0600814819335937 -0.0933685302734375
0.0737457275390625 0.101287841796875 0.0287132263183594 0.00787353515625001
0.0546875 0.189132690429688 0.0118560791015625 0.191497802734375
-0.0261993408203125 0.22998046875 -0.115646362304687 0.26165771484375
-0.139839172363281 -0.123939514160156 0.1016845703125 -0.33245849609375
-0.221099853515625 -0.00679016113281249 0.00256347656249997 -0.233062744140625
-0.175537109375 0.112213134765625 -0.0475120544433594 -0.0312080383300781
-0.07373046875 0.159042358398438 0.0216903686523437 0.0829696655273438
0.00582885742187501 0.1527099609375 0.103912353515625 0.125526428222656
0.064727783203125 0.119178771972656 0.248001098632813 0.0944976806640625
0.091827392578125 0.0818634033203125 0.339019775390625 -0.00338745117187499
0.063323974609375 0.0776443481445312 0.326934814453125 -0.05450439453125
0.0506515502929688 0.0727691650390625 0.327423095703125 -0.05047607421875
0.0243415832519531 0.0628395080566406 0.30517578125 -0.0010986328125
-0.000633239746093754 0.0487136840820313 0.21942138671875 0.003387451171875
-0.0131797790527344 0.0435791015625 0.155990600585938 -0.003173828125
-0.04547119140625 0.00652313232421876 0.146987915039063 -0.0677337646484375
-0.0714874267578125 -0.0415191650390625 0.213348388671875 -0.2158203125
-0.028411865234375 -0.0930328369140625 0.518035888671875 -0.22869873046875
-0.264541625976563 0.0210876464843751 0.085601806640625 -0.346466064453125
-0.313079833984375 0.11285400390625 0.0129547119140625 -0.247573852539063
-0.25103759765625 0.254074096679688 -0.0465850830078125 -0.0798492431640625
-0.076873779296875 0.308868408203125 -0.00479698181152344 0.0257186889648438
0.0557403564453125 0.273574829101563 0.0476150512695313 0.086212158203125
0.184707641601563 0.19439697265625 0.187225341796875 0.0724945068359375
0.22442626953125 0.103652954101563 0.280380249023438 -0.0208587646484375
0.191665649414062 0.092315673828125 0.27313232421875 -0.081298828125
0.1968994140625 0.0786590576171875 0.278915405273438 -0.0832366943359375
0.162445068359375 0.090118408203125 0.268325805664063 -0.053131103515625
0.117942810058594 0.133956909179688 0.180862426757812 -0.04522705078125
0.07672119140625 0.165130615234375 0.141326904296875 -0.05596923828125
-0.05059814453125 0.175872802734375 0.149612426757813 -0.124053955078125
-0.134170532226563 0.148223876953125 0.224990844726563 -0.253005981445313
-0.140670776367188 0.0709991455078125 0.507843017578125 -0.270904541015625
-0.3515625 0.162078857421875 0.024169921875 -0.32464599609375
-0.368255615234375 0.22216796875 0.00216674804687496 -0.232681274414063
-0.29229736328125 0.364532470703125 -0.041717529296875 -0.119216918945312
-0.0736083984375 0.419036865234375 -0.0255279541015625 -0.0429534912109375
0.093536376953125 0.36138916015625 -0.0101490020751953 0.0243339538574219
0.27484130859375 0.246307373046875 0.101089477539063 0.0300216674804688
0.324493408203125 0.11224365234375 0.178421020507813 -0.040191650390625
0.2919921875 0.091552734375 0.177566528320313 -0.0960540771484375
0.317840576171875 0.06829833984375 0.190048217773438 -0.09869384765625
0.2872314453125 0.098602294921875 0.19122314453125 -0.092315673828125
0.23486328125 0.199615478515625 0.114677429199219 -0.0833282470703125
0.169448852539063 0.269546508789063 0.105766296386719 -0.0988006591796875
-0.04119873046875 0.32952880859375 0.13641357421875 -0.15997314453125
-0.17303466796875 0.3211669921875 0.216720581054688 -0.245895385742187
-0.226791381835937 0.226974487304688 0.452880859375 -0.2562255859375
-0.38421630859375 0.28668212890625 -0.0682220458984375 -0.26336669921875
-0.36431884765625 0.321258544921875 -0.025848388671875 -0.187225341796875
-0.2703857421875 0.445220947265625 -0.03521728515625 -0.14111328125
-0.0369873046875 0.473876953125 -0.0438690185546875 -0.108741760253906
0.132080078125 0.393463134765625 -0.0661697387695313 -0.0460624694824218
0.332794189453125 0.25701904296875 0.000135421752929707 -0.0231170654296875
0.376922607421875 0.1016845703125 0.0499000549316406 -0.0584373474121094
0.349609375 0.076568603515625 0.0551223754882813 -0.0953292846679688
0.389862060546875 0.04669189453125 0.0701446533203125 -0.0942840576171875
0.369384765625 0.0911865234375 0.080902099609375 -0.11309814453125
0.319183349609375 0.237457275390625 0.02520751953125 -0.104965209960938
0.23956298828125 0.3355712890625 0.0529022216796875 -0.124664306640625
-0.023223876953125 0.43682861328125 0.1107177734375 -0.167144775390625
-0.1846923828125 0.443695068359375 0.189300537109375 -0.191818237304687
-0.275543212890625 0.344268798828125 0.356048583984375 -0.18743896484375
-0.35943603515625 0.374725341796875 -0.177169799804688 -0.165969848632813
-0.30303955078125 0.390228271484375 -0.0648269653320312 -0.113052368164062
-0.19110107421875 0.47137451171875 -0.0344390869140625 -0.140510559082031
0.02679443359375 0.459075927734375 -0.0682220458984375 -0.1561279296875
0.16619873046875 0.36114501953125 -0.120643615722656 -0.103385925292969
0.346923828125 0.22149658203125 -0.102943420410156 -0.0687332153320313
0.37628173828125 0.0709228515625 -0.0865936279296875 -0.0664291381835938
0.353302001953125 0.050384521484375 -0.0776824951171875 -0.0804672241210938
0.398773193359375 0.0230712890625 -0.0620498657226562 -0.0754013061523437
0.384979248046875 0.0748291015625 -0.0440902709960937 -0.115196228027344
0.340850830078125 0.2373046875 -0.0701141357421875 -0.110511779785156
0.25933837890625 0.34283447265625 -0.00485992431640624 -0.131454467773437
-0.0103759765625 0.464263916015625 0.079620361328125 -0.145050048828125
-0.168426513671875 0.486358642578125 0.149673461914063 -0.100006103515625
-0.277801513671875 0.40142822265625 0.232803344726563 -0.079498291015625
-0.281982421875 0.401458740234375 -0.283599853515625 -0.0420532226562499
-0.201751708984375 0.39715576171875 -0.107643127441406 -0.0216293334960937
-0.0830078125 0.42828369140625 -0.0458984375 -0.116569519042969
0.08721923828125 0.37237548828125 -0.100784301757813 -0.167266845703125
0.178741455078125 0.271087646484375 -0.1685791015625 -0.127197265625
0.315948486328125 0.148223876953125 -0.1951904296875 -0.0886383056640625
0.32232666015625 0.0252685546875 -0.21112060546875 -0.0571441650390625
0.304901123046875 0.013702392578125 -0.2005615234375 -0.0540618896484375
0.34246826171875 -0.0023193359375 -0.184814453125 -0.052642822265625
0.328521728515625 0.051025390625 -0.156723022460938 -0.10968017578125
0.2901611328125 0.19830322265625 -0.143798828125 -0.110000610351563
0.2197265625 0.283721923828125 -0.0505905151367187 -0.125808715820312
0.00137329101562499 0.39599609375 0.053253173828125 -0.102394104003906
-0.12188720703125 0.438720703125 0.103164672851562 0.00723266601562503
-0.230499267578125 0.3939208984375 0.0999298095703125 0.0420913696289063
-0.16668701171875 0.359344482421875 -0.37353515625 0.087615966796875
-0.094573974609375 0.330352783203125 -0.153060913085938 0.0731964111328125
0.00772094726562497 0.312896728515625 -0.0671005249023438 -0.0714645385742187
0.11077880859375 0.239517211914063 -0.136566162109375 -0.139190673828125
0.156631469726563 0.156982421875 -0.202362060546875 -0.112518310546875
0.240097045898438 0.0634918212890625 -0.261993408203125 -0.07708740234375
0.222991943359375 -0.0215301513671875 -0.30419921875 -0.029571533203125
0.208206176757813 -0.0248870849609375 -0.29278564453125 -0.01959228515625
0.230361938476563 -0.029998779296875 -0.277435302734375 -0.0330810546875
0.216278076171875 0.0132293701171875 -0.234344482421875 -0.104110717773438
0.189834594726563 0.11712646484375 -0.17962646484375 -0.111160278320313
0.147140502929688 0.165176391601563 -0.0704727172851562 -0.114608764648437
0.027191162109375 0.2547607421875 0.0356788635253906 -0.0526466369628906
-0.03961181640625 0.322357177734375 0.0557632446289062 0.104606628417969
-0.134185791015625 0.3289794921875 -0.021240234375 0.156661987304688
-0.036163330078125 0.248077392578125 -0.437774658203125 0.19818115234375
-0.00585937499999999 0.200698852539063 -0.195648193359375 0.1580810546875
0.0559844970703125 0.15496826171875 -0.0901260375976563 -0.012237548828125
0.0876541137695313 0.0914306640625 -0.16119384765625 -0.082275390625
0.0955352783203125 0.0444259643554688 -0.213485717773438 -0.074432373046875
0.126380920410156 -0.0119781494140625 -0.29608154296875 -0.0416259765625
0.0915985107421875 -0.0576400756835938 -0.351226806640625 0.01409912109375
0.0803985595703125 -0.0609893798828125 -0.33978271484375 0.0186767578125001
0.0850372314453125 -0.0604248046875 -0.3232421875 -0.0184326171875001
0.077606201171875 -0.0394668579101562 -0.265899658203125 -0.0982513427734375
0.0774154663085938 0.0029144287109375 -0.17169189453125 -0.110000610351562
0.0799484252929688 0.00853729248046875 -0.0631256103515625 -0.0974273681640625
0.0850372314453125 0.0826950073242188 0.0289859771728516 -0.00236892700195312
0.0773162841796875 0.174652099609375 0.0165252685546875 0.177093505859375
-0.00347900390624998 0.228469848632812 -0.108062744140625 0.2493896484375
-0.168777465820313 -0.123748779296875 0.09234619140625 -0.3232421875
-0.237625122070313 0.0146484375 -0.00202941894531252 -0.221649169921875
-0.178848266601562 0.137115478515625 -0.0491828918457031 -0.0254402160644531
-0.0636444091796875 0.180831909179688 0.02288818359375 0.0886306762695313
0.0233154296875 0.164886474609375 0.104515075683594 0.1295166015625
0.087646484375 0.122093200683594 0.252151489257813 0.096527099609375
0.112716674804687 0.0789947509765625 0.34197998046875 -0.00619506835937499
0.0797653198242188 0.0796737670898438 0.326416015625 -0.057952880859375
0.0680465698242188 0.0771942138671875 0.325714111328125 -0.053985595703125
0.0354995727539063 0.0724334716796875 0.302734375 -0.009063720703125
0.00107574462890624 0.0644264221191406 0.216217041015625 -0.0079345703125
-0.022186279296875 0.0557899475097656 0.161529541015625 -0.012969970703125
-0.0663223266601563 0.00877761840820311 0.158798217773438 -0.0734710693359375
-0.095916748046875 -0.0439682006835938 0.225082397460938 -0.216567993164062
-0.0504913330078125 -0.105171203613281 0.52972412109375 -0.239776611328125
-0.289764404296875 0.0223083496093751 0.0692138671875 -0.3392333984375
-0.3297119140625 0.132568359375 0.00273132324218749 -0.238800048828125
-0.254226684570312 0.27801513671875 -0.05401611328125 -0.0756607055664062
-0.065887451171875 0.329437255859375 -0.0110073089599609 0.0306034088134766
0.0736083984375 0.2860107421875 0.0413970947265625 0.0923080444335938
0.2073974609375 0.194534301757813 0.18438720703125 0.0780792236328125
0.245086669921875 0.099609375 0.27655029296875 -0.020965576171875
0.2076416015625 0.092681884765625 0.266006469726563 -0.0846710205078125
0.213226318359375 0.08099365234375 0.27191162109375 -0.087860107421875
0.17181396484375 0.0973663330078125 0.259002685546875 -0.0632476806640625
0.120361328125 0.146240234375 0.172897338867188 -0.0572052001953125
0.07061767578125 0.17388916015625 0.140792846679688 -0.070648193359375
-0.0673065185546875 0.177093505859375 0.156265258789063 -0.136993408203125
-0.153289794921875 0.146316528320313 0.231155395507813 -0.261245727539063
-0.159271240234375 0.0604095458984375 0.511749267578125 -0.286895751953125
-0.369873046875 0.16168212890625 0.000488281249999971 -0.320404052734375
-0.38201904296875 0.23614501953125 -0.0136871337890625 -0.226959228515625
-0.29656982421875 0.3843994140625 -0.05377197265625 -0.117317199707031
-0.064208984375 0.4361572265625 -0.0391311645507813 -0.0382423400878906
0.10821533203125 0.371490478515625 -0.0225067138671875 0.0310306549072266
0.293975830078125 0.245574951171875 0.092498779296875 0.0377960205078125
0.340728759765625 0.107940673828125 0.169448852539063 -0.0389404296875
0.3048095703125 0.0906982421875 0.165435791015625 -0.098114013671875
0.331024169921875 0.06719970703125 0.177383422851563 -0.1029052734375
0.294036865234375 0.101104736328125 0.176589965820313 -0.102798461914063
0.239944458007813 0.20654296875 0.101333618164063 -0.0941543579101562
0.168548583984375 0.274993896484375 0.100242614746094 -0.115219116210937
-0.051025390625 0.332000732421875 0.1363525390625 -0.178009033203125
-0.184906005859375 0.32147216796875 0.21685791015625 -0.25994873046875
-0.240707397460938 0.21856689453125 0.450592041015625 -0.278289794921875
-0.3914794921875 0.285125732421875 -0.0981597900390625 -0.2623291015625
-0.371673583984375 0.329132080078125 -0.0464019775390625 -0.18560791015625
-0.274871826171875 0.45574951171875 -0.05194091796875 -0.141952514648437
-0.02996826171875 0.483795166015625 -0.0634231567382812 -0.105705261230469
0.140777587890625 0.39898681640625 -0.0826187133789062 -0.0402297973632812
0.34332275390625 0.254791259765625 -0.0121288299560547 -0.0150089263916015
0.3863525390625 0.095733642578125 0.0365447998046875 -0.0555801391601562
0.35662841796875 0.073822021484375 0.0384902954101563 -0.0967788696289062
0.397430419921875 0.042999267578125 0.05487060546875 -0.0977020263671875
0.372100830078125 0.088897705078125 0.0612945556640625 -0.121124267578125
0.324951171875 0.236968994140625 0.00808715820312502 -0.112510681152344
0.2435302734375 0.335845947265625 0.0422515869140625 -0.1405029296875
-0.02581787109375 0.438995361328125 0.104949951171875 -0.187225341796875
-0.1876220703125 0.446044921875 0.184722900390625 -0.208221435546875
-0.283050537109375 0.34100341796875 0.34893798828125 -0.2100830078125
-0.354461669921875 0.372955322265625 -0.208526611328125 -0.168014526367188
-0.30035400390625 0.391326904296875 -0.0869979858398438 -0.116706848144531
-0.18701171875 0.473846435546875 -0.0540313720703125 -0.144439697265625
0.0318603515625 0.458831787109375 -0.0906982421875 -0.154678344726562
0.169219970703125 0.360015869140625 -0.138359069824219 -0.0979537963867187
0.350372314453125 0.2156982421875 -0.117225646972656 -0.06243896484375
0.378692626953125 0.065093994140625 -0.101898193359375 -0.063507080078125
0.354278564453125 0.04608154296875 -0.095306396484375 -0.0801010131835938
0.400360107421875 0.01702880859375 -0.079010009765625 -0.076812744140625
0.38275146484375 0.06988525390625 -0.0651473999023437 -0.120223999023437
0.344818115234375 0.2318115234375 -0.0879821777343749 -0.1138916015625
0.264434814453125 0.33758544921875 -0.018035888671875 -0.144744873046875
-0.00451660156249995 0.4627685546875 0.0708465576171875 -0.163848876953125
-0.16131591796875 0.48724365234375 0.142929077148438 -0.11456298828125
-0.2764892578125 0.400970458984375 0.222610473632812 -0.100921630859375
-0.26531982421875 0.404754638671875 -0.312774658203125 -0.044921875
-0.190185546875 0.395660400390625 -0.130172729492188 -0.028778076171875
-0.071441650390625 0.42083740234375 -0.0663986206054688 -0.121849060058594
0.09326171875 0.362396240234375 -0.124282836914062 -0.165817260742188
0.178314208984375 0.263458251953125 -0.184158325195312 -0.12139892578125
0.312469482421875 0.137847900390625 -0.20672607421875 -0.083953857421875
0.316864013671875 0.018585205078125 -0.226394653320312 -0.0545806884765626
0.298004150390625 0.008544921875 -0.21697998046875 -0.051544189453125
0.3360595703125 -0.00933837890625 -0.200897216796875 -0.0521240234375
0.319488525390625 0.044281005859375 -0.176406860351562 -0.111236572265625
0.28948974609375 0.1878662109375 -0.161148071289062 -0.110763549804688
0.2222900390625 0.273269653320313 -0.0639419555664063 -0.134986877441406
0.00952148437499996 0.38946533203125 0.0439453125 -0.118110656738281
-0.10833740234375 0.435455322265625 0.0960617065429688 -0.00591278076171872
-0.22113037109375 0.394287109375 0.0896377563476562 0.0247726440429688
-0.144073486328125 0.363372802734375 -0.398468017578125 0.0864257812500001
-0.076080322265625 0.329498291015625 -0.172470092773437 0.0655975341796875
0.025543212890625 0.303070068359375 -0.0876235961914063 -0.0754852294921875
0.119155883789062 0.223648071289063 -0.156402587890625 -0.134292602539062
0.15521240234375 0.14410400390625 -0.211807250976563 -0.106201171875
0.231246948242187 0.049041748046875 -0.26953125 -0.0727844238281251
0.210113525390625 -0.029327392578125 -0.314971923828125 -0.0264282226562501
0.19561767578125 -0.0307159423828125 -0.3055419921875 -0.01641845703125
0.217559814453125 -0.0343780517578125 -0.291473388671875 -0.030426025390625
0.202239990234375 0.0078125 -0.25048828125 -0.103240966796875
0.182373046875 0.105697631835938 -0.1932373046875 -0.110916137695312
0.143280029296875 0.150039672851563 -0.0820999145507812 -0.121726989746094
0.0363922119140625 0.241439819335938 0.0294227600097656 -0.0655937194824218
-0.020721435546875 0.31134033203125 0.0515518188476562 0.0939788818359375
-0.117401123046875 0.328460693359375 -0.0282135009765625 0.144073486328125
-0.009979248046875 0.255218505859375 -0.45556640625 0.203704833984375
0.01617431640625 0.2022705078125 -0.211196899414063 0.15435791015625
0.0770111083984375 0.1463623046875 -0.107772827148438 -0.0115280151367187
0.0976638793945313 0.0757675170898438 -0.175613403320312 -0.0731048583984375
0.0960006713867188 0.0284500122070313 -0.217727661132813 -0.0653228759765625
0.115211486816406 -0.0275726318359375 -0.298309326171875 -0.03741455078125
0.0741653442382813 -0.0653610229492188 -0.35662841796875 0.0173645019531251
0.0635986328125 -0.0660285949707031 -0.347503662109375 0.0234680175781251
0.0667800903320313 -0.0624542236328125 -0.33251953125 -0.015533447265625
0.0588836669921875 -0.0433807373046875 -0.275833129882813 -0.0972595214843751
0.063323974609375 -0.00918197631835938 -0.178787231445312 -0.111618041992188
0.070770263671875 -0.0092315673828125 -0.0699844360351562 -0.104225158691406
0.0936431884765625 0.0625 0.0271949768066406 -0.0134983062744141
0.098175048828125 0.15765380859375 0.0171356201171875 0.167205810546875
0.01947021484375 0.225555419921875 -0.108306884765625 0.23992919921875
-0.203033447265625 -0.11444091796875 0.086639404296875 -0.3187255859375
-0.251174926757813 0.046142578125 -0.00514221191406253 -0.214111328125
-0.175674438476562 0.16839599609375 -0.0503349304199219 -0.0185470581054688
-0.044158935546875 0.203887939453125 0.0282363891601563 0.09490966796875
0.048797607421875 0.17462158203125 0.1107177734375 0.135337829589844
0.115348815917969 0.117744445800781 0.263580322265625 0.09637451171875
0.13671875 0.0697402954101563 0.35260009765625 -0.013641357421875
0.100341796875 0.0767440795898438 0.331634521484375 -0.065887451171875
0.09014892578125 0.0765609741210938 0.330963134765625 -0.06219482421875
0.0518798828125 0.0804443359375 0.303466796875 -0.020965576171875
0.009002685546875 0.0811767578125 0.21484375 -0.0201568603515625
-0.0269012451171875 0.0729141235351563 0.167434692382813 -0.0279083251953125
-0.0879669189453125 0.0187759399414063 0.170928955078125 -0.087127685546875
-0.123931884765625 -0.0378570556640625 0.239166259765625 -0.229019165039063
-0.0796585083007813 -0.111183166503906 0.548675537109375 -0.2674560546875
-0.3216552734375 0.0349121093749999 0.05230712890625 -0.33416748046875
-0.3447265625 0.16510009765625 -0.00668334960937504 -0.230484008789063
-0.25311279296875 0.313385009765625 -0.0618438720703125 -0.0693244934082031
-0.045074462890625 0.3558349609375 -0.0150375366210938 0.0387611389160156
0.101043701171875 0.298583984375 0.039215087890625 0.102409362792969
0.2379150390625 0.188873291015625 0.189804077148438 0.084197998046875
0.272140502929688 0.087615966796875 0.279510498046875 -0.024322509765625
0.2296142578125 0.087371826171875 0.262619018554688 -0.0909271240234375
0.237701416015625 0.077056884765625 0.268890380859375 -0.09521484375
0.188507080078125 0.1019287109375 0.251113891601563 -0.0752105712890625
0.131103515625 0.15911865234375 0.163726806640625 -0.06988525390625
0.071441650390625 0.188583374023438 0.138656616210938 -0.087982177734375
-0.0836944580078125 0.1898193359375 0.159988403320313 -0.157073974609375
-0.175827026367188 0.155593872070313 0.236160278320313 -0.28076171875
-0.186553955078125 0.0587615966796875 0.5196533203125 -0.3199462890625
-0.3946533203125 0.17523193359375 -0.02593994140625 -0.3135986328125
-0.3966064453125 0.26611328125 -0.0303955078125 -0.220046997070312
-0.29730224609375 0.41851806640625 -0.0686264038085938 -0.112869262695312
-0.045257568359375 0.46142578125 -0.052764892578125 -0.0291404724121094
0.132354736328125 0.384735107421875 -0.0331954956054687 0.0428237915039063
0.322479248046875 0.24066162109375 0.0900039672851563 0.048065185546875
0.36517333984375 0.0958251953125 0.164779663085938 -0.037078857421875
0.325439453125 0.083892822265625 0.15472412109375 -0.101577758789063
0.35321044921875 0.059295654296875 0.166488647460938 -0.107223510742188
0.30963134765625 0.1004638671875 0.160324096679688 -0.11260986328125
0.254898071289063 0.214141845703125 0.085357666015625 -0.10443115234375
0.176025390625 0.284637451171875 0.089569091796875 -0.133827209472656
-0.05853271484375 0.34716796875 0.1314697265625 -0.2021484375
-0.1966552734375 0.3353271484375 0.214111328125 -0.282623291015625
-0.261276245117188 0.223236083984375 0.446563720703125 -0.311920166015625
-0.406158447265625 0.298736572265625 -0.132476806640625 -0.255172729492188
-0.381591796875 0.350616455078125 -0.0698394775390625 -0.180953979492187
-0.27398681640625 0.481231689453125 -0.0727157592773438 -0.140052795410156
-0.017425537109375 0.50482177734375 -0.0845565795898438 -0.09783935546875
0.158843994140625 0.411163330078125 -0.100379943847656 -0.0272140502929687
0.364837646484375 0.2493896484375 -0.0223979949951172 -0.00309181213378905
0.406219482421875 0.08538818359375 0.0252418518066406 -0.0504951477050781
0.371490478515625 0.06585693359375 0.0220489501953125 -0.0952377319335937
0.416107177734375 0.03277587890625 0.03802490234375 -0.0979232788085938
0.384765625 0.08331298828125 0.039276123046875 -0.126640319824219
0.341156005859375 0.237274169921875 -0.0136947631835937 -0.117843627929687
0.256317138671875 0.340728759765625 0.02484130859375 -0.156219482421875
-0.02301025390625 0.453460693359375 0.0923614501953125 -0.21063232421875
-0.189117431640625 0.46124267578125 0.175857543945313 -0.230010986328125
-0.2940673828125 0.3489990234375 0.33770751953125 -0.24102783203125
-0.353973388671875 0.3837890625 -0.247406005859375 -0.160003662109375
-0.301727294921875 0.403411865234375 -0.115562438964844 -0.113761901855469
-0.183441162109375 0.487030029296875 -0.0800628662109375 -0.144912719726562
0.042327880859375 0.4674072265625 -0.117019653320312 -0.147491455078125
0.179443359375 0.365264892578125 -0.159072875976563 -0.0871124267578124
0.362274169921875 0.208740234375 -0.131546020507812 -0.05084228515625
0.38861083984375 0.056121826171875 -0.119163513183594 -0.0549774169921875
0.362518310546875 0.03802490234375 -0.1160888671875 -0.0748672485351563
0.410736083984375 0.006195068359375 -0.0985794067382812 -0.071990966796875
0.389739990234375 0.061065673828125 -0.0912322998046875 -0.119949340820312
0.357421875 0.22625732421875 -0.112052917480469 -0.113639831542969
0.277069091796875 0.336029052734375 -0.039337158203125 -0.155838012695312
0.00503540039062498 0.472076416015625 0.0539093017578125 -0.183395385742187
-0.153167724609375 0.50054931640625 0.131172180175781 -0.132278442382812
-0.27874755859375 0.41131591796875 0.20849609375 -0.124786376953125
-0.25390625 0.413421630859375 -0.351409912109375 -0.034210205078125
-0.178497314453125 0.4022216796875 -0.159500122070313 -0.028045654296875
-0.059844970703125 0.42010498046875 -0.0935821533203125 -0.121955871582031
0.101104736328125 0.357635498046875 -0.1513671875 -0.157974243164062
0.181915283203125 0.260696411132813 -0.20263671875 -0.111648559570312
0.312591552734375 0.12908935546875 -0.22332763671875 -0.0742340087890625
0.315460205078125 0.011749267578125 -0.245010375976562 -0.0441436767578125
0.29754638671875 0.003326416015625 -0.238265991210938 -0.042388916015625
0.336883544921875 -0.01678466796875 -0.22314453125 -0.042999267578125
0.318389892578125 0.03704833984375 -0.20294189453125 -0.105911254882813
0.2935791015625 0.179656982421875 -0.184188842773437 -0.106185913085937
0.2296142578125 0.265365600585938 -0.0856170654296875 -0.142822265625
0.02069091796875 0.390228271484375 0.027923583984375 -0.134590148925781
-0.093597412109375 0.4384765625 0.0858917236328125 -0.01788330078125
-0.2115478515625 0.40087890625 0.0747909545898437 0.0101318359375
-0.1195068359375 0.36944580078125 -0.43133544921875 0.101165771484375
-0.05548095703125 0.33026123046875 -0.199493408203125 0.0684814453125
0.043548583984375 0.29351806640625 -0.113121032714844 -0.0727386474609375
0.12701416015625 0.20904541015625 -0.179229736328125 -0.123443603515625
0.154693603515625 0.132217407226563 -0.225189208984375 -0.095733642578125
0.222930908203125 0.0369873046875 -0.282562255859375 -0.064483642578125
0.198883056640625 -0.0347442626953125 -0.33355712890625 -0.01556396484375
0.1859130859375 -0.0338287353515625 -0.324554443359375 -0.00540161132812499
0.207626342773438 -0.0378570556640625 -0.311981201171875 -0.019805908203125
0.190826416015625 0.0048370361328125 -0.274322509765625 -0.09613037109375
0.175491333007813 0.096954345703125 -0.212539672851563 -0.105926513671875
0.140335083007813 0.138404846191406 -0.100448608398438 -0.12689208984375
0.04425048828125 0.2298583984375 0.0172958374023438 -0.0785675048828125
-0.00250244140625002 0.302947998046875 0.0454483032226563 0.0851974487304688
-0.09881591796875 0.3299560546875 -0.0393218994140625 0.136642456054688
0.0211639404296875 0.2581787109375 -0.479522705078125 0.224334716796875
0.040740966796875 0.201065063476563 -0.232986450195313 0.162063598632813
0.0982894897460938 0.133247375488281 -0.12823486328125 -0.002899169921875
0.104843139648438 0.0566635131835938 -0.191268920898437 -0.058135986328125
0.092376708984375 0.0121383666992188 -0.22265625 -0.0541534423828125
0.100875854492188 -0.040771484375 -0.30572509765625 -0.0291748046875
0.0547103881835937 -0.0689620971679688 -0.369354248046875 0.02838134765625
0.0460281372070312 -0.0663986206054688 -0.361083984375 0.034576416015625
0.047882080078125 -0.0603828430175781 -0.349700927734375 -0.00521850585937495
0.0399703979492188 -0.0424232482910156 -0.294097900390625 -0.0916748046875
0.0458526611328125 -0.0171127319335938 -0.192474365234375 -0.11016845703125
0.0564727783203125 -0.0245437622070313 -0.08270263671875 -0.109642028808594
0.0974349975585938 0.039215087890625 0.0216197967529297 -0.0250320434570313
0.117454528808594 0.136085510253906 0.01605224609375 0.160232543945313
0.0453948974609375 0.21923828125 -0.112640380859375 0.23773193359375
-0.235824584960938 -0.0903167724609375 0.080718994140625 -0.31439208984375
-0.25323486328125 0.0860595703125 -0.00654602050781252 -0.206771850585938
-0.159652709960938 0.201919555664062 -0.048858642578125 -0.0109329223632812
-0.0133819580078125 0.22088623046875 0.03814697265625 0.0990066528320313
0.08087158203125 0.175186157226563 0.121719360351563 0.137924194335938
0.143630981445313 0.100830078125 0.27838134765625 0.0880279541015625
0.15826416015625 0.0485076904296875 0.362548828125 -0.0303955078125
0.12054443359375 0.06402587890625 0.335693359375 -0.081512451171875
0.113296508789063 0.0665206909179688 0.333770751953125 -0.07708740234375
0.0725784301757813 0.0812225341796875 0.301788330078125 -0.0372314453125
0.0243148803710937 0.0946807861328125 0.209869384765625 -0.03643798828125
-0.0239791870117188 0.0924072265625 0.169235229492188 -0.046783447265625
-0.105796813964844 0.0389251708984375 0.178314208984375 -0.1083984375
-0.151123046875 -0.0192718505859375 0.245956420898438 -0.251190185546875
-0.11334228515625 -0.105804443359375 0.55718994140625 -0.311187744140625
-0.349212646484375 0.06396484375 0.03680419921875 -0.325286865234375
-0.34637451171875 0.20782470703125 -0.01495361328125 -0.221084594726562
-0.234619140625 0.352935791015625 -0.0689010620117188 -0.0596237182617187
-0.00848388671874996 0.376129150390625 -0.01470947265625 0.0493316650390625
0.13812255859375 0.29937744140625 0.042724609375 0.113739013671875
0.270492553710938 0.168502807617188 0.19927978515625 0.0855865478515625
0.29595947265625 0.06256103515625 0.283721923828125 -0.032562255859375
0.252700805664063 0.0707244873046875 0.258636474609375 -0.098602294921875
0.263229370117188 0.0601959228515625 0.262954711914062 -0.104873657226562
0.210357666015625 0.096893310546875 0.240493774414063 -0.0882415771484375
0.1524658203125 0.167068481445313 0.149810791015625 -0.082122802734375
0.079925537109375 0.203399658203125 0.129074096679688 -0.107475280761719
-0.0932769775390625 0.21075439453125 0.154556274414062 -0.18212890625
-0.193374633789062 0.178146362304688 0.232330322265625 -0.30670166015625
-0.214492797851563 0.071136474609375 0.512237548828125 -0.364044189453125
-0.41448974609375 0.203887939453125 -0.05157470703125 -0.29791259765625
-0.397216796875 0.306915283203125 -0.0464630126953125 -0.206893920898437
-0.2825927734375 0.458709716796875 -0.0833511352539063 -0.102005004882812
-0.0107727050781249 0.484039306640625 -0.0625991821289063 -0.0151100158691406
0.168182373046875 0.39007568359375 -0.0385208129882812 0.0611915588378906
0.35443115234375 0.220184326171875 0.0930099487304688 0.0587158203125
0.389495849609375 0.0701904296875 0.162246704101563 -0.0363006591796875
0.346527099609375 0.065155029296875 0.143157958984375 -0.102493286132813
0.37713623046875 0.03759765625 0.154190063476563 -0.111251831054688
0.330078125 0.08856201171875 0.141189575195313 -0.119659423828125
0.27838134765625 0.213653564453125 0.0647659301757813 -0.110565185546875
0.19293212890625 0.292724609375 0.070343017578125 -0.150115966796875
-0.05615234375 0.3677978515625 0.114990234375 -0.2265625
-0.201690673828125 0.360321044921875 0.2000732421875 -0.308197021484375
-0.280044555664063 0.239517211914062 0.4298095703125 -0.35174560546875
-0.414764404296875 0.32257080078125 -0.1668701171875 -0.233718872070312
-0.380218505859375 0.3829345703125 -0.093017578125 -0.16595458984375
-0.261199951171875 0.515106201171875 -0.0953826904296875 -0.128463745117188
0.0119323730468751 0.5238037109375 -0.104133605957031 -0.0813140869140625
0.18798828125 0.416961669921875 -0.113784790039062 -0.00677490234374999
0.391357421875 0.232330322265625 -0.0270366668701172 0.0127201080322266
0.424560546875 0.063720703125 0.0153007507324219 -0.0409011840820312
0.388458251953125 0.048828125 0.00501251220703128 -0.0886688232421875
0.434112548828125 0.009246826171875 0.021026611328125 -0.0929794311523438
0.400360107421875 0.067352294921875 0.0138168334960938 -0.125274658203125
0.364532470703125 0.228668212890625 -0.038238525390625 -0.115493774414062
0.278533935546875 0.3389892578125 -0.0010986328125 -0.166366577148437
-0.00930786132812496 0.470916748046875 0.068206787109375 -0.231597900390625
-0.180023193359375 0.485260009765625 0.157211303710937 -0.252655029296875
-0.30078125 0.368865966796875 0.31463623046875 -0.27392578125
-0.349365234375 0.40155029296875 -0.28564453125 -0.133392333984375
-0.291839599609375 0.423797607421875 -0.143295288085938 -0.098419189453125
-0.170501708984375 0.50408935546875 -0.107376098632812 -0.133262634277344
0.06207275390625 0.47607421875 -0.142608642578125 -0.129623413085937
0.1978759765625 0.36798095703125 -0.177154541015625 -0.0664825439453125
0.37750244140625 0.194427490234375 -0.14398193359375 -0.0326080322265625
0.398773193359375 0.038238525390625 -0.13446044921875 -0.03924560546875
0.371002197265625 0.0233154296875 -0.136085510253906 -0.0606307983398438
0.42083740234375 -0.014312744140625 -0.118927001953125 -0.0591812133789062
0.39752197265625 0.044952392578125 -0.118560791015625 -0.109382629394531
0.376922607421875 0.2127685546875 -0.137893676757812 -0.103019714355469
0.297027587890625 0.327301025390625 -0.068023681640625 -0.158599853515625
0.023834228515625 0.48199462890625 0.0282440185546875 -0.198989868164062
-0.135986328125 0.514862060546875 0.113052368164062 -0.148040771484375
-0.2724609375 0.428680419921875 0.18377685546875 -0.14703369140625
-0.23223876953125 0.421478271484375 -0.388336181640625 -0.00512695312500001
-0.162384033203125 0.4085693359375 -0.189071655273438 -0.01214599609375
-0.0457763671875 0.41973876953125 -0.122367858886719 -0.110580444335937
0.11395263671875 0.3519287109375 -0.177520751953125 -0.13848876953125
0.189193725585938 0.255477905273438 -0.221206665039063 -0.0923919677734374
0.315399169921875 0.11590576171875 -0.237762451171875 -0.05615234375
0.31494140625 0.000579833984375 -0.262954711914062 -0.0243377685546875
0.29669189453125 -0.005218505859375 -0.258819580078125 -0.023193359375
0.33782958984375 -0.030181884765625 -0.243209838867188 -0.0235748291015625
0.317138671875 0.026763916015625 -0.2298583984375 -0.088775634765625
0.301300048828125 0.167755126953125 -0.208221435546875 -0.0905914306640625
0.239227294921875 0.254379272460938 -0.112388610839844 -0.140525817871094
0.0364990234375 0.38836669921875 0.00508117675781249 -0.144866943359375
-0.072784423828125 0.440765380859375 0.0716781616210938 -0.0274124145507812
-0.196136474609375 0.4107666015625 0.0543594360351562 -0.0011177062988281
-0.088775634765625 0.370635986328125 -0.460540771484375 0.134185791015625
-0.031585693359375 0.326141357421875 -0.225418090820313 0.085693359375
0.0612640380859375 0.279556274414063 -0.138572692871094 -0.0587921142578125
0.132965087890625 0.192291259765625 -0.201080322265625 -0.102676391601562
0.15252685546875 0.120407104492188 -0.23712158203125 -0.0782623291015625
0.212966918945313 0.02569580078125 -0.295257568359375 -0.048309326171875
0.18743896484375 -0.039154052734375 -0.34954833984375 0.006622314453125
0.17608642578125 -0.03546142578125 -0.34173583984375 0.018402099609375
0.198562622070313 -0.040985107421875 -0.3309326171875 0.00192260742187497
0.181015014648438 0.003204345703125 -0.298065185546875 -0.0772705078125
0.169479370117188 0.0899200439453125 -0.233169555664063 -0.091949462890625
0.13519287109375 0.127754211425781 -0.123283386230469 -0.12359619140625
0.0511627197265625 0.216217041015625 -9.91821289062532E-05 -0.0871047973632812
0.0150146484375 0.289306640625 0.0374679565429688 0.0788116455078125
-0.07635498046875 0.327117919921875 -0.0527114868164063 0.134384155273438
0.0566253662109375 0.250640869140625 -0.497833251953125 0.260040283203125
0.0665435791015625 0.19085693359375 -0.250244140625 0.182403564453125
0.116455078125 0.11126708984375 -0.145858764648438 0.015777587890625
0.105918884277344 0.034423828125 -0.202987670898438 -0.034881591796875
0.084442138671875 -0.00351715087890625 -0.226318359375 -0.0373077392578125
0.081787109375 -0.0500030517578125 -0.31268310546875 -0.014434814453125
0.0342063903808594 -0.0654640197753906 -0.381103515625 0.048248291015625
0.0278282165527344 -0.0604934692382813 -0.373321533203125 0.056365966796875
0.0294876098632813 -0.0523262023925781 -0.36590576171875 0.0149536132812501
0.0212612152099609 -0.0351142883300781 -0.3125 -0.0762329101562499
0.0259075164794922 -0.018096923828125 -0.209396362304688 -0.101715087890625
0.0368003845214844 -0.0346107482910156 -0.100631713867188 -0.109214782714844
0.093475341796875 0.0130691528320313 0.0110416412353516 -0.0348587036132812
0.13006591796875 0.107139587402344 0.0141448974609375 0.1546630859375
0.0712738037109375 0.203414916992187 -0.116058349609375 0.239349365234375
-0.256332397460938 -0.054901123046875 0.0777587890625 -0.3095703125
-0.238571166992187 0.123458862304688 -0.0045928955078125 -0.199844360351563
-0.130935668945313 0.226638793945312 -0.0448760986328125 -0.0036468505859375
0.0222320556640625 0.223297119140625 0.0496902465820313 0.0996017456054688
0.110733032226563 0.162200927734375 0.133293151855469 0.135513305664063
0.163619995117188 0.0736541748046875 0.289764404296875 0.0738525390625
0.169647216796875 0.0203857421875 0.365966796875 -0.05133056640625
0.134750366210938 0.0442276000976563 0.333709716796875 -0.097930908203125
0.131034851074219 0.0468292236328125 0.331207275390625 -0.093841552734375
0.0916900634765625 0.07318115234375 0.294464111328125 -0.052398681640625
0.0442962646484375 0.100830078125 0.1988525390625 -0.0500335693359375
-0.0136260986328125 0.109657287597656 0.162460327148438 -0.0662689208984375
-0.114372253417969 0.064117431640625 0.176467895507813 -0.130996704101563
-0.168060302734375 0.00885009765625004 0.244140625 -0.276702880859375
-0.142364501953125 -0.087615966796875 0.547637939453125 -0.35675048828125
-0.36376953125 0.102630615234375 0.02691650390625 -0.3106689453125
-0.329559326171875 0.24981689453125 -0.0183563232421875 -0.208511352539062
-0.201934814453125 0.3836669921875 -0.0715484619140625 -0.04791259765625
0.034027099609375 0.37994384765625 -0.00996398925781249 0.0581779479980469
0.17352294921875 0.286224365234375 0.0507659912109375 0.121971130371094
0.29345703125 0.136474609375 0.209518432617188 0.0823974609375
0.30938720703125 0.02838134765625 0.28509521484375 -0.04290771484375
0.267562866210938 0.0450592041015625 0.25177001953125 -0.107086181640625
0.280471801757813 0.032867431640625 0.254318237304688 -0.113433837890625
0.22943115234375 0.0829620361328125 0.225189208984375 -0.0970001220703125
0.174530029296875 0.16571044921875 0.1324462890625 -0.0891342163085938
0.0952911376953125 0.213424682617188 0.112342834472656 -0.122093200683594
-0.0937957763671875 0.2344970703125 0.139389038085938 -0.202880859375
-0.200332641601563 0.206771850585937 0.21636962890625 -0.329254150390625
-0.236114501953125 0.093292236328125 0.489013671875 -0.404205322265625
-0.42083740234375 0.239288330078125 -0.0688629150390625 -0.2735595703125
-0.38140869140625 0.34637451171875 -0.0545501708984375 -0.188674926757812
-0.251068115234375 0.490875244140625 -0.09326171875 -0.08575439453125
0.03265380859375 0.491302490234375 -0.0652580261230469 0.00170898437500004
0.20526123046875 0.379547119140625 -0.0365524291992188 0.0793914794921875
0.378814697265625 0.18914794921875 0.100006103515625 0.0659408569335938
0.40216064453125 0.035980224609375 0.160736083984375 -0.03533935546875
0.359619140625 0.038238525390625 0.131988525390625 -0.100318908691406
0.3917236328125 0.0057373046875 0.141754150390625 -0.109909057617188
0.345062255859375 0.06915283203125 0.120346069335938 -0.119468688964844
0.302032470703125 0.20245361328125 0.0431671142578125 -0.108978271484375
0.2130126953125 0.291961669921875 0.0460662841796875 -0.157974243164062
-0.0445556640625 0.38720703125 0.088775634765625 -0.242660522460938
-0.196044921875 0.386138916015625 0.17626953125 -0.32855224609375
-0.289886474609375 0.264373779296875 0.397064208984375 -0.385009765625
-0.411834716796875 0.349700927734375 -0.18890380859375 -0.20025634765625
-0.36505126953125 0.4141845703125 -0.107421875 -0.142410278320313
-0.23541259765625 0.541412353515625 -0.111732482910156 -0.109443664550781
0.0486450195312499 0.528472900390625 -0.11474609375 -0.05853271484375
0.218536376953125 0.411102294921875 -0.118453979492187 0.0173873901367188
0.410888671875 0.205718994140625 -0.0250186920166015 0.0292606353759766
0.435577392578125 0.0333251953125 0.0112285614013672 -0.0288906097412109
0.397918701171875 0.023895263671875 -0.00828552246093748 -0.0762786865234375
0.442962646484375 -0.021697998046875 0.00696563720703127 -0.0818710327148438
0.410736083984375 0.044708251953125 -0.00887298583984373 -0.114517211914063
0.38555908203125 0.2099609375 -0.0605087280273437 -0.103927612304687
0.299713134765625 0.329498291015625 -0.0290985107421875 -0.1656494140625
0.01123046875 0.481964111328125 0.0366058349609375 -0.241683959960937
-0.16229248046875 0.505462646484375 0.129776000976562 -0.265701293945312
-0.29730224609375 0.391021728515625 0.280303955078125 -0.29595947265625
-0.33575439453125 0.416412353515625 -0.30963134765625 -0.093963623046875
-0.275787353515625 0.44061279296875 -0.162551879882813 -0.07220458984375
-0.149505615234375 0.51861572265625 -0.128440856933594 -0.112312316894531
0.087158203125 0.4754638671875 -0.159439086914063 -0.102706909179687
0.217559814453125 0.362091064453125 -0.1861572265625 -0.0401153564453124
0.388397216796875 0.1741943359375 -0.147491455078125 -0.0107574462890625
0.40399169921875 0.01641845703125 -0.142120361328125 -0.0186767578125
0.375396728515625 0.005584716796875 -0.149200439453125 -0.0398406982421875
0.42401123046875 -0.039703369140625 -0.131027221679687 -0.0394515991210938
0.40057373046875 0.024444580078125 -0.140022277832031 -0.0883255004882812
0.390106201171875 0.192626953125 -0.1578369140625 -0.0834808349609375
0.3150634765625 0.31256103515625 -0.0959014892578125 -0.150314331054687
0.046417236328125 0.484527587890625 -0.00239562988281248 -0.202468872070312
-0.11151123046875 0.52496337890625 0.089111328125 -0.155319213867187
-0.260498046875 0.442352294921875 0.152297973632812 -0.158721923828125
-0.209686279296875 0.423309326171875 -0.409698486328125 0.0381774902343751
-0.1416015625 0.4085693359375 -0.209747314453125 0.0144195556640626
-0.029693603515625 0.41534423828125 -0.144744873046875 -0.08795166015625
0.124237060546875 0.3428955078125 -0.194931030273438 -0.110275268554687
0.195343017578125 0.249130249023438 -0.229843139648438 -0.0670166015624999
0.313751220703125 0.1026611328125 -0.244384765625 -0.033203125
0.31182861328125 -0.010589599609375 -0.272125244140625 0.00181579589843745
0.29376220703125 -0.015106201171875 -0.269256591796875 0.00390625000000004
0.334228515625 -0.04443359375 -0.253524780273438 0.00262451171874999
0.313873291015625 0.014251708984375 -0.24755859375 -0.0617523193359375
0.305755615234375 0.152496337890625 -0.22515869140625 -0.0667572021484375
0.2452392578125 0.240631103515625 -0.136825561523437 -0.127777099609375
0.05255126953125 0.381927490234375 -0.02130126953125 -0.145172119140625
-0.050628662109375 0.436920166015625 0.0552024841308594 -0.030426025390625
-0.177337646484375 0.41424560546875 0.0308074951171875 -0.00311851501464841
-0.0595703125 0.35955810546875 -0.474395751953125 0.178253173828125
-0.01055908203125 0.31427001953125 -0.242156982421875 0.112152099609375
0.0724639892578125 0.26031494140625 -0.156478881835938 -0.0345458984375
0.132965087890625 0.175262451171875 -0.2132568359375 -0.0743408203125
0.145950317382813 0.110702514648437 -0.241134643554688 -0.0564117431640624
0.199691772460938 0.01904296875 -0.300872802734375 -0.02691650390625
0.176223754882813 -0.038818359375 -0.3568115234375 0.033538818359375
0.166824340820313 -0.0343170166015625 -0.349395751953125 0.046142578125
0.190093994140625 -0.0404052734375 -0.339874267578125 0.032012939453125
0.1722412109375 0.00347900390625 -0.311859130859375 -0.04913330078125
0.162261962890625 0.0856475830078125 -0.246856689453125 -0.0684814453125001
0.128158569335938 0.119979858398438 -0.143508911132813 -0.110336303710937
0.052886962890625 0.201690673828125 -0.0199432373046875 -0.088104248046875
0.027435302734375 0.270660400390625 0.0274200439453125 0.0770187377929688
-0.056182861328125 0.316192626953125 -0.0656814575195312 0.13836669921875
0.086578369140625 0.230300903320313 -0.49853515625 0.303680419921875
0.0875091552734375 0.172149658203125 -0.257659912109375 0.209854125976562
0.124565124511719 0.0839996337890625 -0.155120849609375 0.0391387939453125
0.0992889404296875 0.014434814453125 -0.20556640625 -0.00849914550781253
0.07037353515625 -0.0145797729492187 -0.222946166992188 -0.021240234375
0.0610275268554688 -0.0504608154296875 -0.31402587890625 0.00183105468749996
0.0173683166503906 -0.0543975830078125 -0.384063720703125 0.0732727050781249
0.0139846801757813 -0.0480422973632813 -0.3751220703125 0.08258056640625
0.016387939453125 -0.0373649597167969 -0.37255859375 0.0420837402343749
0.00829124450683594 -0.0219039916992188 -0.32403564453125 -0.052703857421875
0.0078887939453125 -0.0112857818603516 -0.221694946289063 -0.085540771484375
0.0150146484375 -0.0360450744628906 -0.116470336914062 -0.101486206054688
0.0803070068359375 -0.0087432861328125 -0.00196075439453124 -0.0393257141113281
0.131637573242188 0.0750961303710938 0.0108184814453125 0.1505126953125
0.0897369384765625 0.178512573242187 -0.118194580078125 0.24365234375
-0.262619018554688 -0.0201568603515625 0.0806884765625 -0.3048095703125
-0.214630126953125 0.1483154296875 0.00227355957031247 -0.196243286132813
-0.099456787109375 0.238006591796875 -0.0383110046386719 0.000133514404296884
0.05181884765625 0.214706420898437 0.059722900390625 0.0955276489257813
0.131195068359375 0.141983032226562 0.142608642578125 0.131256103515625
0.171218872070313 0.04412841796875 0.294952392578125 0.0592041015625
0.170455932617188 -0.00738525390625 0.36328125 -0.068450927734375
0.139671325683594 0.0235671997070312 0.3280029296875 -0.1103515625
0.139480590820313 0.0242156982421875 0.325592041015625 -0.104461669921875
0.10638427734375 0.0601043701171875 0.2840576171875 -0.061370849609375
0.0633087158203125 0.0994415283203125 0.185211181640625 -0.0563812255859375
0.0003662109375 0.121246337890625 0.151290893554688 -0.0795440673828125
-0.114311218261719 0.088958740234375 0.168594360351563 -0.14910888671875
-0.174560546875 0.0383148193359375 0.2353515625 -0.295501708984375
-0.160812377929688 -0.063751220703125 0.52862548828125 -0.389251708984375
-0.364959716796875 0.137786865234375 0.0267333984375 -0.2967529296875
-0.303131103515625 0.277313232421875 -0.0137176513671875 -0.198287963867187
-0.167266845703125 0.399322509765625 -0.0685806274414063 -0.0368728637695312
0.0697021484375 0.37115478515625 -0.00235748291015624 0.063690185546875
0.198287963867187 0.26580810546875 0.0600128173828125 0.128311157226563
0.30218505859375 0.102874755859375 0.218185424804688 0.07733154296875
0.3111572265625 -0.00384521484375 0.284698486328125 -0.0509033203125
0.272659301757813 0.0211029052734375 0.245071411132813 -0.1104736328125
0.28765869140625 0.00469970703125 0.246978759765625 -0.116409301757813
0.241714477539063 0.06512451171875 0.210769653320313 -0.0977935791015625
0.193817138671875 0.1583251953125 0.115646362304688 -0.0883102416992187
0.110107421875 0.218429565429687 0.0943222045898438 -0.128570556640625
-0.0878143310546875 0.2559814453125 0.122177124023438 -0.2152099609375
-0.199081420898438 0.234176635742187 0.199981689453125 -0.343780517578125
-0.24847412109375 0.11865234375 0.46099853515625 -0.42901611328125
-0.417327880859375 0.268829345703125 -0.0713653564453125 -0.248336791992187
-0.35723876953125 0.37237548828125 -0.053253173828125 -0.171722412109375
-0.216644287109375 0.508056640625 -0.095306396484375 -0.0693359375
0.06793212890625 0.483642578125 -0.0615005493164063 0.0165252685546875
0.2308349609375 0.361785888671875 -0.02899169921875 0.0945281982421875
0.38739013671875 0.156707763671875 0.109016418457031 0.071441650390625
0.403350830078125 0.003753662109375 0.161453247070313 -0.0332183837890625
0.3631591796875 0.01416015625 0.124755859375 -0.0944366455078125
0.3944091796875 -0.023681640625 0.133872985839844 -0.104743957519531
0.352691650390625 0.047882080078125 0.104148864746094 -0.111541748046875
0.318603515625 0.18817138671875 0.0256500244140625 -0.099761962890625
0.229248046875 0.288482666015625 0.0234375 -0.156341552734375
-0.031494140625 0.40118408203125 0.064056396484375 -0.247772216796875
-0.1845703125 0.408050537109375 0.152069091796875 -0.33648681640625
-0.29400634765625 0.286346435546875 0.363739013671875 -0.400115966796875
-0.40460205078125 0.370391845703125 -0.1944580078125 -0.166183471679687
-0.34466552734375 0.432952880859375 -0.109710693359375 -0.119102478027344
-0.208709716796875 0.55633544921875 -0.118209838867187 -0.0876617431640625
0.0791015625 0.525238037109375 -0.115425109863281 -0.0365676879882812
0.240753173828125 0.398406982421875 -0.114097595214844 0.0389404296875
0.418792724609375 0.17852783203125 -0.0177993774414062 0.0430450439453125
0.43621826171875 0.006011962890625 0.0118846893310547 -0.0172700881958008
0.399566650390625 0.003326416015625 -0.0147590637207031 -0.0624198913574219
0.4422607421875 -0.04937744140625 0.000446319580078149 -0.0690383911132813
0.4117431640625 0.02392578125 -0.0237350463867187 -0.0980987548828125
0.397674560546875 0.190521240234375 -0.0758438110351562 -0.0870132446289062
0.315032958984375 0.317596435546875 -0.05157470703125 -0.155838012695312
0.02783203125 0.488555908203125 0.00949096679687498 -0.238540649414062
-0.142974853515625 0.51739501953125 0.105682373046875 -0.267562866210937
-0.29248046875 0.40655517578125 0.2452392578125 -0.30291748046875
-0.324493408203125 0.422760009765625 -0.316162109375 -0.0538330078125
-0.259857177734375 0.44805908203125 -0.16888427734375 -0.04498291015625
-0.13238525390625 0.5234375 -0.138511657714844 -0.0872726440429687
0.105926513671875 0.470794677734375 -0.16363525390625 -0.0762481689453124
0.230010986328125 0.355316162109375 -0.185073852539062 -0.0153961181640625
0.390777587890625 0.156890869140625 -0.143096923828125 0.00791931152343749
0.402099609375 -0.001220703125 -0.141372680664062 0.000244140624999987
0.3741455078125 -0.008331298828125 -0.153671264648438 -0.0193328857421875
0.420013427734375 -0.060272216796875 -0.135528564453125 -0.0187835693359375
0.39654541015625 0.008026123046875 -0.151107788085937 -0.0648956298828125
0.39495849609375 0.17340087890625 -0.168075561523437 -0.0603485107421875
0.3238525390625 0.29827880859375 -0.115928649902344 -0.134407043457031
0.0630493164062499 0.482147216796875 -0.0284271240234375 -0.19537353515625
-0.0912780761718749 0.526153564453125 0.0680389404296875 -0.153121948242187
-0.248382568359375 0.4503173828125 0.12286376953125 -0.1572265625
-0.194000244140625 0.4169921875 -0.413848876953125 0.0795898437500001
-0.12994384765625 0.402557373046875 -0.217987060546875 0.0435333251953126
-0.0228271484375 0.409454345703125 -0.15576171875 -0.0623931884765625
0.128997802734375 0.33416748046875 -0.200119018554687 -0.08251953125
0.19622802734375 0.24420166015625 -0.229263305664063 -0.0443725585937499
0.30889892578125 0.0953369140625 -0.242828369140625 -0.0128936767578125
0.30755615234375 -0.017120361328125 -0.271453857421875 0.0249176025390625
0.29052734375 -0.0201416015625 -0.270858764648438 0.0281066894531249
0.328948974609375 -0.05328369140625 -0.2547607421875 0.0281524658203125
0.30816650390625 0.0072021484375 -0.254531860351563 -0.034698486328125
0.304473876953125 0.140777587890625 -0.2313232421875 -0.0420989990234375
0.246826171875 0.230117797851563 -0.152557373046875 -0.1087646484375
0.06024169921875 0.373748779296875 -0.0425949096679687 -0.137168884277344
-0.036834716796875 0.427764892578125 0.0400924682617188 -0.0264854431152344
-0.165130615234375 0.40972900390625 0.00959110260009765 0.00335502624511721
-0.04132080078125 0.341552734375 -0.472808837890625 0.21783447265625
0.00195312499999997 0.2978515625 -0.2491455078125 0.141159057617187
0.074432373046875 0.241973876953125 -0.163909912109375 -0.00988769531249998
0.126937866210938 0.162918090820313 -0.213607788085938 -0.047882080078125
0.136817932128906 0.106681823730469 -0.237869262695313 -0.0388031005859375
0.187301635742188 0.019439697265625 -0.2996826171875 -0.00985717773437495
0.168228149414062 -0.0333404541015625 -0.355682373046875 0.057220458984375
0.160980224609375 -0.0286865234375 -0.348175048828125 0.0712585449218749
0.184051513671875 -0.0361175537109375 -0.33843994140625 0.0577697753906251
0.165557861328125 0.0084991455078125 -0.315673828125 -0.0233459472656249
0.15509033203125 0.0856170654296875 -0.251144409179688 -0.0460968017578125
0.119384765625 0.11749267578125 -0.156051635742188 -0.0943450927734375
0.0477142333984375 0.190170288085937 -0.0368499755859375 -0.0828857421875
0.0301361083984375 0.251953125 0.0184249877929688 0.07958984375
-0.045257568359375 0.300262451171875 -0.07763671875 0.145828247070313
0.103988647460938 0.203659057617188 -0.489288330078125 0.337249755859375
0.09820556640625 0.150039672851563 -0.257675170898438 0.234832763671875
0.122451782226562 0.0592498779296875 -0.15484619140625 0.0617828369140625
0.0863418579101563 -0.00042724609375 -0.199050903320312 0.0139312744140625
0.0550994873046875 -0.0185317993164063 -0.215240478515625 -0.0102081298828125
0.044189453125 -0.0427093505859375 -0.310089111328125 0.0154418945312499
0.00683975219726563 -0.0391082763671875 -0.380218505859375 0.092742919921875
0.0069732666015625 -0.0334606170654297 -0.370574951171875 0.1041259765625
0.0114288330078125 -0.0201435089111328 -0.370758056640625 0.0654602050781249
0.0012969970703125 -0.00553178787231445 -0.326568603515625 -0.031219482421875
-0.00474691390991211 0.000531673431396485 -0.226531982421875 -0.0693817138671875
-0.00305557250976562 -0.0294113159179688 -0.127426147460937 -0.0895538330078125
0.0620498657226563 -0.0225601196289063 -0.0153884887695312 -0.0390205383300781
0.122154235839844 0.04827880859375 0.0048065185546875 0.14874267578125
0.0963134765625 0.15228271484375 -0.122238159179688 0.247451782226563
-0.261962890625 0.00793457031250005 0.0897216796875 -0.305908203125
-0.1917724609375 0.161544799804688 0.011749267578125 -0.199005126953125
-0.0741729736328125 0.24005126953125 -0.032196044921875 0.00094223022460939
0.0731201171875 0.201507568359375 0.0673141479492188 0.0911865234375
0.143264770507812 0.122589111328125 0.14996337890625 0.127914428710938
0.170791625976563 0.0195770263671875 0.2982177734375 0.05035400390625
0.165740966796875 -0.0288543701171875 0.36346435546875 -0.07989501953125
0.140548706054688 0.00696563720703125 0.327239990234375 -0.11712646484375
0.141632080078125 0.004180908203125 0.323760986328125 -0.110076904296875
0.114456176757813 0.0470962524414062 0.277587890625 -0.062530517578125
0.0783920288085938 0.0948562622070313 0.17523193359375 -0.0569305419921875
0.0143508911132812 0.12835693359375 0.14117431640625 -0.0866241455078125
-0.1092529296875 0.109222412109375 0.16180419921875 -0.161758422851563
-0.173797607421875 0.0632476806640625 0.2305908203125 -0.3111572265625
-0.171127319335938 -0.04010009765625 0.513671875 -0.4102783203125
-0.361968994140625 0.165679931640625 0.03564453125 -0.289276123046875
-0.2803955078125 0.292388916015625 -0.00381469726562501 -0.195083618164062
-0.139190673828125 0.4053955078125 -0.0636787414550781 -0.0297203063964844
0.09423828125 0.3587646484375 0.00505447387695314 0.0668487548828125
0.212615966796875 0.24627685546875 0.0692291259765625 0.132957458496094
0.3033447265625 0.07598876953125 0.225296020507813 0.0738983154296875
0.30694580078125 -0.02880859375 0.286895751953125 -0.055023193359375
0.273422241210937 0.00177001953125 0.243637084960938 -0.110321044921875
0.289459228515625 -0.0174560546875 0.245208740234375 -0.115463256835938
0.249603271484375 0.049774169921875 0.201995849609375 -0.0928802490234375
0.208633422851562 0.151046752929687 0.104690551757813 -0.0829925537109375
0.1243896484375 0.223480224609375 0.0807418823242188 -0.129829406738281
-0.0817108154296875 0.275741577148437 0.108062744140625 -0.221389770507812
-0.194793701171875 0.257827758789062 0.18817138671875 -0.353363037109375
-0.256973266601562 0.14129638671875 0.440826416015625 -0.441650390625
-0.416595458984375 0.293975830078125 -0.0639801025390626 -0.2315673828125
-0.338592529296875 0.388885498046875 -0.0448150634765625 -0.161148071289062
-0.192657470703125 0.518951416015625 -0.0918426513671875 -0.0562820434570312
0.092987060546875 0.476470947265625 -0.0550575256347656 0.0267524719238282
0.246124267578125 0.347686767578125 -0.01959228515625 0.106178283691406
0.390655517578125 0.132476806640625 0.119125366210938 0.0745773315429688
0.401123046875 -0.01947021484375 0.165542602539063 -0.03070068359375
0.365447998046875 -0.00360107421875 0.122978210449219 -0.0876693725585938
0.394805908203125 -0.0469970703125 0.132049560546875 -0.0982666015625
0.357940673828125 0.032073974609375 0.0954818725585938 -0.10076904296875
0.331329345703125 0.17657470703125 0.0147247314453125 -0.0888671875
0.242156982421875 0.287872314453125 0.00801086425781253 -0.150100708007813
-0.0223388671875 0.415618896484375 0.045440673828125 -0.247055053710938
-0.17547607421875 0.42669677734375 0.13629150390625 -0.338775634765625
-0.298126220703125 0.30670166015625 0.33941650390625 -0.40380859375
-0.40301513671875 0.385345458984375 -0.189071655273438 -0.141159057617187
-0.331512451171875 0.44488525390625 -0.104133605957031 -0.101974487304687
-0.191650390625 0.56689453125 -0.117393493652344 -0.0702209472656249
0.099609375 0.520233154296875 -0.111106872558594 -0.0200042724609375
0.25506591796875 0.38995361328125 -0.106086730957031 0.0556182861328125
0.422515869140625 0.16094970703125 -0.0079231262207031 0.052764892578125
0.43511962890625 -0.011932373046875 0.0161447525024414 -0.0086832046508789
0.401580810546875 -0.01031494140625 -0.0155754089355468 -0.0500564575195313
0.441986083984375 -0.068359375 -0.000263214111328096 -0.0571556091308594
0.413360595703125 0.009368896484375 -0.0302200317382812 -0.0815200805664063
0.4052734375 0.177093505859375 -0.0833816528320312 -0.07061767578125
0.325286865234375 0.310699462890625 -0.06689453125 -0.1436767578125
0.03955078125 0.496429443359375 -0.010406494140625 -0.231918334960937
-0.13006591796875 0.5284423828125 0.0894622802734375 -0.264923095703125
-0.293731689453125 0.421142578125 0.220733642578125 -0.29974365234375
-0.32196044921875 0.42822265625 -0.313629150390625 -0.0236206054687499
-0.2525634765625 0.453369140625 -0.167266845703125 -0.0225982666015625
-0.125213623046875 0.529693603515625 -0.140342712402344 -0.0663223266601562
0.115875244140625 0.468353271484375 -0.161331176757813 -0.0556793212890625
0.238433837890625 0.353485107421875 -0.179580688476562 0.00267028808593748
0.393035888671875 0.147796630859375 -0.135429382324219 0.0215606689453125
0.402069091796875 -0.012054443359375 -0.137779235839844 0.0143203735351563
0.375244140625 -0.015533447265625 -0.15350341796875 -0.00291442871093751
0.418304443359375 -0.072967529296875 -0.134468078613281 -0.00294494628906249
0.39593505859375 -0.001495361328125 -0.1546630859375 -0.045318603515625
0.398223876953125 0.161895751953125 -0.17193603515625 -0.040283203125
0.32928466796875 0.28961181640625 -0.127593994140625 -0.117889404296875
0.0718994140625 0.481201171875 -0.045867919921875 -0.18475341796875
-0.080902099609375 0.528594970703125 0.0542144775390625 -0.146102905273437
-0.247467041015625 0.455963134765625 0.1015625 -0.14892578125
-0.189910888671875 0.41119384765625 -0.41259765625 0.112762451171875
-0.125030517578125 0.39691162109375 -0.219467163085938 0.0688629150390625
-0.023040771484375 0.40667724609375 -0.158218383789063 -0.0399932861328125
0.128936767578125 0.33197021484375 -0.197708129882813 -0.0609893798828125
0.195953369140625 0.246231079101562 -0.225204467773438 -0.0283203125
0.30645751953125 0.094940185546875 -0.237396240234375 0.000625610351562534
0.30706787109375 -0.01837158203125 -0.26837158203125 0.04150390625
0.291259765625 -0.0196533203125 -0.269454956054687 0.0462493896484375
0.327606201171875 -0.057861328125 -0.251998901367188 0.0466766357421875
0.30609130859375 0.005645751953125 -0.255325317382813 -0.0134735107421875
0.303192138671875 0.136688232421875 -0.231964111328125 -0.0218505859374999
0.246307373046875 0.2255859375 -0.161590576171875 -0.0913543701171874
0.06146240234375 0.37005615234375 -0.0574722290039062 -0.125785827636719
-0.03125 0.4215087890625 0.0297489166259766 -0.0183277130126953
-0.161865234375 0.4052734375 -0.00641632080078126 0.0149679183959961
-0.035888671875 0.324615478515625 -0.469970703125 0.249237060546875
0.0037841796875 0.28448486328125 -0.250747680664063 0.165206909179688
0.067840576171875 0.230453491210938 -0.164810180664062 0.01171875
0.118118286132813 0.157974243164063 -0.209335327148438 -0.0286865234375
0.129241943359375 0.109550476074219 -0.23382568359375 -0.02838134765625
0.180679321289063 0.026031494140625 -0.296234130859375 0.00143432617187501
0.166656494140625 -0.0257110595703125 -0.352691650390625 0.0732421874999999
0.160964965820313 -0.0212249755859375 -0.344940185546875 0.0886840820312501
0.184158325195313 -0.02984619140625 -0.3348388671875 0.0764770507812501
0.163848876953125 0.015167236328125 -0.314544677734375 -0.00396728515624997
0.151199340820313 0.0904083251953125 -0.251358032226563 -0.0294647216796874
0.112396240234375 0.120735168457031 -0.162979125976562 -0.0787811279296875
0.0381927490234375 0.185211181640625 -0.0490570068359375 -0.0746078491210937
0.0255889892578125 0.23974609375 0.0103759765625 0.0862503051757813
-0.04541015625 0.2864990234375 -0.0886077880859375 0.156997680664063
0.11016845703125 0.180557250976563 -0.480865478515625 0.36529541015625
0.100746154785156 0.131980895996094 -0.256805419921875 0.257278442382813
0.114364624023437 0.0418014526367188 -0.151763916015625 0.0795440673828125
0.0734405517578125 -0.00677490234375 -0.190261840820312 0.0286407470703125
0.042572021484375 -0.0170707702636719 -0.208236694335938 -0.00523376464843749
0.0335960388183594 -0.0316905975341797 -0.30731201171875 0.02191162109375
0.00395011901855469 -0.0236473083496094 -0.3778076171875 0.10498046875
0.00588798522949219 -0.0191707611083984 -0.36688232421875 0.117645263671875
0.0129861831665039 -0.00423812866210938 -0.368621826171875 0.08172607421875
0.000827789306640626 0.00971698760986328 -0.326995849609375 -0.01727294921875
-0.0117950439453125 0.0149164199829102 -0.2281494140625 -0.0574798583984375
-0.0162067413330078 -0.0195465087890625 -0.133979797363281 -0.0792007446289063
0.0432357788085937 -0.0283012390136719 -0.0263214111328125 -0.0354461669921875
0.107353210449219 0.030517578125 -0.00204467773437498 0.151626586914063
0.0933685302734375 0.130668640136719 -0.12939453125 0.254150390625
-0.261093139648438 0.0302886962890625 0.101806640625 -0.31707763671875
-0.174606323242188 0.169921875 0.0208740234375 -0.209671020507813
-0.0546417236328125 0.242080688476563 -0.0274639129638672 0.00107955932617189
0.0890045166015625 0.191314697265625 0.0739517211914063 0.0881423950195313
0.15240478515625 0.107345581054687 0.158782958984375 0.127731323242188
0.168609619140625 -0.000640869140625 0.306243896484375 0.043304443359375
0.160064697265625 -0.0467376708984375 0.36993408203125 -0.089447021484375
0.140625 -0.007080078125 0.33245849609375 -0.12359619140625
0.1424560546875 -0.0119476318359375 0.330841064453125 -0.1151123046875
0.121116638183594 0.035003662109375 0.278945922851563 -0.0620269775390625
0.0920791625976563 0.0896453857421875 0.171249389648437 -0.0550537109375
0.0276947021484375 0.135269165039063 0.135528564453125 -0.092071533203125
-0.103668212890625 0.128684997558594 0.15850830078125 -0.174575805664063
-0.171859741210938 0.0858917236328125 0.230438232421875 -0.33148193359375
-0.178466796875 -0.020263671875 0.513458251953125 -0.433013916015625
-0.364410400390625 0.191253662109375 0.047821044921875 -0.29290771484375
-0.26580810546875 0.305633544921875 0.00640869140625 -0.200759887695312
-0.119964599609375 0.4136962890625 -0.0586433410644531 -0.026092529296875
0.1124267578125 0.3515625 0.0124320983886719 0.0691719055175781
0.22613525390625 0.23529052734375 0.0791549682617188 0.138046264648438
0.305145263671875 0.0556640625 0.236801147460938 0.072845458984375
0.305511474609375 -0.048095703125 0.295684814453125 -0.05975341796875
0.27783203125 -0.0130157470703125 0.24859619140625 -0.11138916015625
0.293487548828125 -0.03717041015625 0.250579833984375 -0.116302490234375
0.258392333984375 0.0380706787109375 0.201797485351563 -0.0878448486328125
0.22454833984375 0.145172119140625 0.0988922119140625 -0.0765380859375
0.139694213867187 0.230987548828125 0.0716400146484375 -0.130195617675781
-0.074432373046875 0.29833984375 0.099517822265625 -0.228927612304687
-0.19140625 0.282745361328125 0.183013916015625 -0.36798095703125
-0.26611328125 0.165847778320313 0.434478759765625 -0.456787109375
-0.422149658203125 0.31878662109375 -0.053131103515625 -0.225997924804687
-0.328765869140625 0.404815673828125 -0.0344390869140625 -0.159866333007812
-0.17718505859375 0.534515380859375 -0.0880126953125 -0.0479965209960937
0.111602783203125 0.47552490234375 -0.0487060546875 0.0343666076660156
0.261138916015625 0.342498779296875 -0.00941467285156248 0.116737365722656
0.39697265625 0.116424560546875 0.1317138671875 0.0782470703125
0.40509033203125 -0.03704833984375 0.174575805664063 -0.0298614501953125
0.37261962890625 -0.01708984375 0.127189636230469 -0.0828781127929688
0.4010009765625 -0.06561279296875 0.136222839355469 -0.093963623046875
0.36749267578125 0.020233154296875 0.09375 -0.0917205810546875
0.34710693359375 0.169830322265625 0.00916290283203128 -0.0785293579101562
0.258544921875 0.292816162109375 -0.00288391113281248 -0.14544677734375
-0.01312255859375 0.437713623046875 0.0333251953125 -0.24835205078125
-0.169189453125 0.450927734375 0.127960205078125 -0.345977783203125
-0.306488037109375 0.332244873046875 0.328704833984375 -0.410369873046875
-0.411163330078125 0.40557861328125 -0.181884765625 -0.126327514648438
-0.328826904296875 0.46197509765625 -0.0959854125976563 -0.09271240234375
-0.182861328125 0.58673095703125 -0.115036010742188 -0.057464599609375
0.11456298828125 0.526458740234375 -0.106086730957031 -0.00793457031249996
0.269134521484375 0.392913818359375 -0.0984878540039062 0.0694503784179688
0.4320068359375 0.1513671875 0.00280380249023441 0.0596466064453125
0.442535400390625 -0.02581787109375 0.0231590270996094 -0.0026397705078125
0.41082763671875 -0.0205078125 -0.013519287109375 -0.0403785705566406
0.448516845703125 -0.085601806640625 0.00290298461914065 -0.0485305786132813
0.420989990234375 -0.0009765625 -0.0323295593261719 -0.0687522888183594
0.419708251953125 0.1695556640625 -0.0877532958984375 -0.056365966796875
0.339385986328125 0.313079833984375 -0.0770492553710937 -0.133224487304687
0.0492248535156249 0.51312255859375 -0.023895263671875 -0.226898193359375
-0.12384033203125 0.54901123046875 0.079559326171875 -0.264694213867187
-0.3004150390625 0.443389892578125 0.20782470703125 -0.29815673828125
-0.3309326171875 0.43988037109375 -0.31170654296875 -0.000701904296875005
-0.254730224609375 0.464935302734375 -0.16363525390625 -0.00563049316406247
-0.12353515625 0.547210693359375 -0.140098571777344 -0.0505905151367187
0.126220703125 0.476654052734375 -0.158203125 -0.040802001953125
0.249237060546875 0.360626220703125 -0.175247192382812 0.0164184570312501
0.4019775390625 0.144622802734375 -0.128929138183594 0.0306472778320312
0.410919189453125 -0.018768310546875 -0.134613037109375 0.0246505737304688
0.385467529296875 -0.020904541015625 -0.153411865234375 0.00973510742187498
0.425262451171875 -0.084625244140625 -0.132415771484375 0.00946807861328127
0.402130126953125 -0.006378173828125 -0.156204223632812 -0.0297393798828125
0.408447265625 0.15789794921875 -0.175140380859375 -0.0244598388671875
0.34014892578125 0.29193115234375 -0.136428833007812 -0.104660034179687
0.079132080078125 0.49395751953125 -0.05853271484375 -0.175872802734375
-0.07568359375 0.539703369140625 0.0468673706054688 -0.139869689941406
-0.253936767578125 0.470123291015625 0.0877456665039062 -0.139091491699219
-0.1962890625 0.4141845703125 -0.414886474609375 0.139739990234375
-0.1292724609375 0.401824951171875 -0.220550537109375 0.0907745361328125
-0.02655029296875 0.41558837890625 -0.160232543945313 -0.0223541259765625
0.13006591796875 0.339324951171875 -0.195556640625 -0.0453338623046875
0.200515747070313 0.255523681640625 -0.223175048828125 -0.0174713134765625
0.31201171875 0.099090576171875 -0.236099243164062 0.010009765625
0.315399169921875 -0.01824951171875 -0.268814086914063 0.0537261962890625
0.299713134765625 -0.0194091796875 -0.271209716796875 0.061309814453125
0.334320068359375 -0.060516357421875 -0.251998901367188 0.0604705810546875
0.311553955078125 0.0059814453125 -0.25677490234375 0.00230407714843748
0.308563232421875 0.137725830078125 -0.233383178710938 -0.00656127929687496
0.250335693359375 0.229446411132812 -0.168319702148437 -0.0779266357421875
0.06195068359375 0.377197265625 -0.0678482055664062 -0.1163330078125
-0.032684326171875 0.4261474609375 0.0241584777832031 -0.00898170471191404
-0.168487548828125 0.4111328125 -0.019033432006836 0.0294055938720703
-0.03704833984375 0.317413330078125 -0.472808837890625 0.2791748046875
0.00105285644531253 0.279693603515625 -0.254409790039063 0.189743041992188
0.0605926513671875 0.229034423828125 -0.16558837890625 0.0294647216796875
0.112167358398438 0.160690307617188 -0.206787109375 -0.0140380859375
0.12640380859375 0.117279052734375 -0.232192993164063 -0.0219573974609375
0.18072509765625 0.0354156494140625 -0.298919677734375 0.00830078125000002
0.172210693359375 -0.018035888671875 -0.3565673828125 0.086212158203125
0.167434692382813 -0.0142059326171875 -0.34814453125 0.1036376953125
0.191421508789063 -0.0241546630859375 -0.336578369140625 0.091552734375
0.168167114257813 0.022979736328125 -0.318511962890625 0.00967407226562503
0.152053833007813 0.09930419921875 -0.2537841796875 -0.0167999267578125
0.109062194824219 0.128501892089844 -0.168869018554688 -0.0674285888671875
0.029998779296875 0.187957763671875 -0.0588417053222656 -0.0661468505859375
0.0178985595703125 0.236160278320313 0.00518798828125 0.0962600708007813
-0.051177978515625 0.282135009765625 -0.099578857421875 0.17266845703125
0.111495971679688 0.16485595703125 -0.483123779296875 0.391143798828125
0.100181579589844 0.119247436523438 -0.25897216796875 0.281219482421875
0.10565185546875 0.0303497314453125 -0.149642944335938 0.09515380859375
0.0629806518554688 -0.00937271118164063 -0.184982299804687 0.039215087890625
0.0331535339355469 -0.0121612548828125 -0.20611572265625 -0.0037994384765625
0.0290069580078125 -0.0195255279541016 -0.31146240234375 0.025787353515625
0.00611495971679688 -0.00978374481201172 -0.38348388671875 0.117095947265625
0.00909614562988281 -0.00706386566162109 -0.371337890625 0.129364013671875
0.0187892913818359 0.00888252258300781 -0.37298583984375 0.094757080078125
0.00432395935058594 0.023590087890625 -0.33172607421875 -0.00781249999999994
-0.0144386291503906 0.0289211273193359 -0.232131958007813 -0.04962158203125
-0.0248851776123047 -0.00836944580078125 -0.139762878417969 -0.0713043212890625
0.0274295806884766 -0.0298347473144531 -0.0358085632324219 -0.0301933288574219
0.093597412109375 0.02056884765625 -0.007904052734375 0.160003662109375
0.08758544921875 0.116477966308594 -0.139663696289062 0.267364501953125
-0.262725830078125 0.05474853515625 0.109100341796875 -0.340362548828125
-0.160888671875 0.179718017578125 0.0240936279296875 -0.228240966796875
-0.03582763671875 0.247238159179688 -0.0232391357421875 0.000583648681640639
0.105300903320313 0.18328857421875 0.0826644897460938 0.0848541259765625
0.162750244140625 0.0929412841796875 0.172393798828125 0.1258544921875
0.166976928710938 -0.0198516845703125 0.32061767578125 0.033935546875
0.154541015625 -0.0639801025390625 0.383758544921875 -0.10736083984375
0.141204833984375 -0.02142333984375 0.34478759765625 -0.13763427734375
0.142852783203125 -0.028533935546875 0.343505859375 -0.12823486328125
0.127578735351563 0.0229644775390625 0.288421630859375 -0.0660400390625
0.106208801269531 0.0838775634765625 0.17218017578125 -0.055755615234375
0.04388427734375 0.1417236328125 0.131698608398438 -0.0994415283203125
-0.0943450927734375 0.149673461914063 0.155105590820313 -0.192459106445313
-0.167755126953125 0.110137939453125 0.227569580078125 -0.360260009765625
-0.185653686523438 0.00114440917968747 0.51708984375 -0.471527099609375
-0.3682861328125 0.223846435546875 0.0570068359375 -0.308074951171875
-0.254730224609375 0.325042724609375 0.012054443359375 -0.214004516601563
-0.0996704101562499 0.429931640625 -0.05523681640625 -0.0233116149902344
0.134857177734375 0.349578857421875 0.0201492309570313 0.0706100463867188
0.243759155273438 0.225509643554688 0.0932464599609375 0.144622802734375
0.311676025390625 0.035491943359375 0.253738403320312 0.068267822265625
0.307525634765625 -0.07025146484375 0.310821533203125 -0.07110595703125
0.285888671875 -0.030975341796875 0.259109497070312 -0.11907958984375
0.299774169921875 -0.05877685546875 0.261688232421875 -0.124160766601563
0.270904541015625 0.0230255126953125 0.2076416015625 -0.0879974365234375
0.245773315429688 0.138275146484375 0.09765625 -0.0727310180664062
0.16156005859375 0.238739013671875 0.0644302368164063 -0.132743835449219
-0.06158447265625 0.32647705078125 0.091033935546875 -0.241470336914062
-0.184112548828125 0.315460205078125 0.176727294921875 -0.391082763671875
-0.274505615234375 0.197113037109375 0.433929443359375 -0.487030029296875
-0.430084228515625 0.35498046875 -0.045623779296875 -0.22955322265625
-0.322601318359375 0.43133544921875 -0.0272674560546875 -0.165679931640625
-0.157928466796875 0.562042236328125 -0.085662841796875 -0.0417022705078125
0.136749267578125 0.4815673828125 -0.0420074462890625 0.0409660339355469
0.28509521484375 0.341278076171875 0.00266265869140626 0.127815246582031
0.411224365234375 0.0986328125 0.148651123046875 0.0790252685546875
0.41497802734375 -0.06103515625 0.187545776367188 -0.0344390869140625
0.38739013671875 -0.035858154296875 0.134368896484375 -0.0834732055664063
0.412017822265625 -0.0906982421875 0.143661499023438 -0.0957489013671875
0.382537841796875 0.003753662109375 0.0960845947265625 -0.086944580078125
0.371124267578125 0.161407470703125 0.00610351562500002 -0.0697517395019531
0.284423828125 0.297760009765625 -0.0122222900390625 -0.142349243164062
0.00531005859374997 0.46783447265625 0.021209716796875 -0.253814697265625
-0.157501220703125 0.486968994140625 0.118865966796875 -0.36175537109375
-0.31427001953125 0.368865966796875 0.322021484375 -0.4290771484375
-0.4202880859375 0.441436767578125 -0.178375244140625 -0.115692138671875
-0.3272705078125 0.49090576171875 -0.090850830078125 -0.0884628295898437
-0.16754150390625 0.620849609375 -0.114646911621094 -0.0471420288085937
0.139007568359375 0.540618896484375 -0.101707458496094 0.00293731689453128
0.29541015625 0.40045166015625 -0.090545654296875 0.0835647583007813
0.452392578125 0.139617919921875 0.0156517028808594 0.064727783203125
0.4576416015625 -0.045623779296875 0.0310420989990235 0.00100898742675781
0.427886962890625 -0.03680419921875 -0.0113449096679687 -0.0335311889648438
0.462432861328125 -0.108734130859375 0.00672912597656253 -0.043212890625
0.43792724609375 -0.017242431640625 -0.0328292846679687 -0.0583953857421875
0.444061279296875 0.160919189453125 -0.0917892456054687 -0.04327392578125
0.366668701171875 0.31695556640625 -0.0876541137695312 -0.124618530273437
0.07196044921875 0.540985107421875 -0.0370635986328125 -0.226303100585937
-0.109130859375 0.58123779296875 0.071075439453125 -0.271026611328125
-0.3057861328125 0.480438232421875 0.199249267578125 -0.30377197265625
-0.338623046875 0.470489501953125 -0.3133544921875 0.0231628417968751
-0.254791259765625 0.489349365234375 -0.161712646484375 0.00918579101562501
-0.11651611328125 0.5792236328125 -0.1414794921875 -0.0357666015625
0.145050048828125 0.493896484375 -0.157333374023438 -0.0271453857421875
0.272491455078125 0.37432861328125 -0.17242431640625 0.0310821533203125
0.423431396484375 0.1405029296875 -0.123367309570313 0.0385894775390625
0.428436279296875 -0.033721923828125 -0.133140563964844 0.0348129272460938
0.403411865234375 -0.032989501953125 -0.155548095703125 0.0233001708984375
0.44000244140625 -0.10284423828125 -0.132026672363281 0.0210800170898438
0.418609619140625 -0.01934814453125 -0.159576416015625 -0.0150146484375
0.429656982421875 0.15191650390625 -0.178909301757813 -0.00816345214843747
0.362396240234375 0.2945556640625 -0.145736694335938 -0.091796875
0.095489501953125 0.516937255859375 -0.070892333984375 -0.169677734375
-0.06292724609375 0.56744384765625 0.0411300659179688 -0.138023376464844
-0.257476806640625 0.501922607421875 0.0786666870117187 -0.132499694824219
-0.20068359375 0.429229736328125 -0.4193115234375 0.17333984375
-0.131591796875 0.417938232421875 -0.221435546875 0.115142822265625
-0.026092529296875 0.438323974609375 -0.162628173828125 -0.00482177734374994
0.1405029296875 0.35345458984375 -0.197113037109375 -0.03033447265625
0.215438842773438 0.269195556640625 -0.224624633789063 -0.00502014160156245
0.329498291015625 0.100616455078125 -0.2379150390625 0.019775390625
0.331634521484375 -0.02508544921875 -0.274185180664063 0.0699615478515625
0.316741943359375 -0.024444580078125 -0.276947021484375 0.079742431640625
0.3492431640625 -0.071014404296875 -0.2552490234375 0.077484130859375
0.32550048828125 0.001434326171875 -0.263412475585938 0.01898193359375
0.32476806640625 0.1385498046875 -0.238037109375 0.0104217529296875
0.264419555664063 0.236053466796875 -0.176605224609375 -0.064422607421875
0.069671630859375 0.393798828125 -0.0780181884765625 -0.107170104980469
-0.02679443359375 0.44195556640625 0.0216903686523438 0.000349044799804715
-0.173187255859375 0.430389404296875 -0.027587890625 0.0465660095214844
-0.038604736328125 0.320281982421875 -0.48004150390625 0.31854248046875
-0.000152587890624987 0.28302001953125 -0.256271362304688 0.22021484375
0.0567474365234375 0.235931396484375 -0.166824340820313 0.0482940673828125
0.112197875976563 0.167404174804687 -0.207504272460937 0.000305175781250004
0.130844116210938 0.127632141113281 -0.236038208007813 -0.01385498046875
0.189544677734375 0.0417633056640625 -0.30615234375 0.01800537109375
0.184463500976563 -0.015411376953125 -0.36578369140625 0.105255126953125
0.179275512695312 -0.011688232421875 -0.356903076171875 0.123138427734375
0.203598022460938 -0.024169921875 -0.3436279296875 0.1107177734375
0.17962646484375 0.0274200439453125 -0.3270263671875 0.025634765625
0.160842895507813 0.107742309570313 -0.259521484375 -0.00265502929687501
0.113410949707031 0.138572692871094 -0.176956176757813 -0.0550689697265625
0.025909423828125 0.197647094726563 -0.0677375793457031 -0.0569839477539063
0.01385498046875 0.241378784179688 0.00473785400390624 0.109725952148438
-0.057373046875 0.28753662109375 -0.107955932617187 0.196029663085938
0.11474609375 0.152496337890625 -0.48760986328125 0.43304443359375
0.100967407226562 0.1112060546875 -0.259124755859375 0.314788818359375
0.0984954833984375 0.0222625732421875 -0.147476196289063 0.113784790039063
0.0539779663085938 -0.0102272033691406 -0.182449340820313 0.0512847900390625
0.0270767211914063 -0.00708198547363281 -0.209915161132813 -0.00102233886718751
0.0289077758789063 -0.00896263122558594 -0.321624755859375 0.034027099609375
0.0117120742797852 0.00155830383300781 -0.39569091796875 0.134918212890625
0.014948844909668 0.00280857086181641 -0.38177490234375 0.1488037109375
0.0275096893310547 0.0189933776855469 -0.383544921875 0.113739013671875
0.0109710693359375 0.0353317260742188 -0.34393310546875 0.00500488281250005
-0.0135383605957031 0.0433807373046875 -0.24072265625 -0.0408172607421875
-0.0311756134033203 0.00309371948242188 -0.148117065429688 -0.06353759765625
0.0127029418945313 -0.0286350250244141 -0.0442276000976563 -0.024017333984375
0.0811767578125 0.0137176513671875 -0.0102081298828125 0.174240112304688
0.0817108154296875 0.107505798339844 -0.147369384765625 0.291656494140625
-0.261566162109375 0.0835418701171875 0.10504150390625 -0.37042236328125
-0.1455078125 0.1922607421875 0.017669677734375 -0.249725341796875
-0.0124359130859375 0.251693725585938 -0.0196399688720703 -0.000125885009765611
0.123489379882813 0.172195434570313 0.093109130859375 0.0790176391601563
0.17340087890625 0.0751190185546875 0.189254760742188 0.120513916015625
0.162094116210938 -0.041290283203125 0.33721923828125 0.015533447265625
0.146224975585938 -0.0834197998046875 0.395599365234375 -0.13623046875
0.140174865722656 -0.0378875732421875 0.35595703125 -0.1641845703125
0.141204833984375 -0.047760009765625 0.356292724609375 -0.153472900390625
0.133621215820313 0.00824737548828125 0.299896240234375 -0.078704833984375
0.121849060058594 0.0735855102539063 0.174850463867188 -0.061279296875
0.0641021728515625 0.145004272460938 0.126548767089844 -0.10931396484375
-0.079742431640625 0.171585083007813 0.146438598632813 -0.215042114257813
-0.158233642578125 0.13714599609375 0.21429443359375 -0.397979736328125
-0.19049072265625 0.0257568359375 0.51043701171875 -0.52655029296875
-0.366424560546875 0.26702880859375 0.054962158203125 -0.329833984375
-0.237579345703125 0.35028076171875 0.00990295410156248 -0.232467651367187
-0.068267822265625 0.45062255859375 -0.0524978637695313 -0.0207901000976562
0.163970947265625 0.346099853515625 0.0302276611328125 0.0706939697265625
0.266921997070313 0.212112426757813 0.112289428710938 0.146438598632813
0.31842041015625 0.0089111328125 0.274169921875 0.05560302734375
0.3082275390625 -0.099517822265625 0.324615478515625 -0.094146728515625
0.293243408203125 -0.056396484375 0.268951416015625 -0.137222290039063
0.304443359375 -0.089019775390625 0.271865844726563 -0.142654418945313
0.284149169921875 0.001434326171875 0.2152099609375 -0.09527587890625
0.269760131835938 0.124420166015625 0.0966644287109375 -0.0726547241210937
0.191452026367188 0.240859985351563 0.0555419921875 -0.136466979980469
-0.036041259765625 0.355865478515625 0.0769805908203125 -0.256851196289063
-0.1649169921875 0.352142333984375 0.15924072265625 -0.4222412109375
-0.275131225585938 0.237442016601562 0.421966552734375 -0.530426025390625
-0.42694091796875 0.4066162109375 -0.0457305908203125 -0.23687744140625
-0.3056640625 0.466644287109375 -0.027252197265625 -0.175308227539062
-0.12548828125 0.59674072265625 -0.084136962890625 -0.034576416015625
0.173309326171875 0.487060546875 -0.0341300964355469 0.0475387573242188
0.3192138671875 0.3353271484375 0.0197067260742188 0.137458801269531
0.428985595703125 0.071929931640625 0.168502807617188 0.0730133056640625
0.42364501953125 -0.0950927734375 0.19989013671875 -0.046112060546875
0.4014892578125 -0.065948486328125 0.140251159667969 -0.0896759033203125
0.421356201171875 -0.12713623046875 0.150970458984375 -0.10455322265625
0.39959716796875 -0.024566650390625 0.0995101928710938 -0.086395263671875
0.401519775390625 0.14178466796875 0.00315856933593752 -0.0622825622558594
0.321533203125 0.296722412109375 -0.0233154296875 -0.138893127441406
0.040618896484375 0.499420166015625 0.00326538085937499 -0.260665893554687
-0.126800537109375 0.528106689453125 0.100677490234375 -0.383575439453125
-0.31085205078125 0.41839599609375 0.308258056640625 -0.459136962890625
-0.419464111328125 0.492950439453125 -0.178543090820313 -0.104522705078125
-0.313201904296875 0.531494140625 -0.088836669921875 -0.0851287841796875
-0.13616943359375 0.6644287109375 -0.114997863769531 -0.03558349609375
0.178375244140625 0.55450439453125 -0.0971221923828125 0.0142822265625
0.3353271484375 0.40185546875 -0.0789718627929687 0.0985717773437501
0.476776123046875 0.116119384765625 0.0304336547851563 0.0666351318359375
0.472991943359375 -0.07928466796875 0.0395317077636719 0.00116729736328125
0.447540283203125 -0.0670166015625 -0.00871086120605466 -0.0281791687011719
0.474456787109375 -0.146514892578125 0.01031494140625 -0.0408515930175781
0.4556884765625 -0.0455322265625 -0.0328483581542969 -0.0489463806152344
0.475494384765625 0.139404296875 -0.094696044921875 -0.0289382934570312
0.405426025390625 0.31207275390625 -0.0987396240234374 -0.114242553710937
0.1107177734375 0.5692138671875 -0.0543670654296875 -0.224563598632813
-0.0747070312499999 0.6207275390625 0.056884765625 -0.280914306640625
-0.299102783203125 0.530029296875 0.1856689453125 -0.31573486328125
-0.336669921875 0.51300048828125 -0.3133544921875 0.052734375
-0.244720458984375 0.527557373046875 -0.158905029296875 0.0260772705078125
-0.08966064453125 0.6195068359375 -0.143234252929688 -0.0191955566406249
0.179412841796875 0.51165771484375 -0.156356811523438 -0.0111846923828125
0.310028076171875 0.381622314453125 -0.167892456054687 0.048431396484375
0.451019287109375 0.12298583984375 -0.117134094238281 0.04827880859375
0.448211669921875 -0.06195068359375 -0.131034851074219 0.0477142333984375
0.4244384765625 -0.057403564453125 -0.157257080078125 0.0406494140625
0.454132080078125 -0.13482666015625 -0.131088256835937 0.0350189208984375
0.43609619140625 -0.042938232421875 -0.162261962890625 0.00233459472656247
0.459014892578125 0.13427734375 -0.18231201171875 0.01190185546875
0.39654541015625 0.289886474609375 -0.15576171875 -0.0756683349609375
0.130706787109375 0.53955078125 -0.0850067138671875 -0.161758422851562
-0.0319824218749999 0.59881591796875 0.0343551635742188 -0.137176513671875
-0.24835205078125 0.54571533203125 0.0699539184570312 -0.127128601074219
-0.196746826171875 0.458648681640625 -0.41943359375 0.218414306640625
-0.123565673828125 0.442535400390625 -0.217864990234375 0.14471435546875
-0.00982666015625001 0.46636962890625 -0.1636962890625 0.0162658691406251
0.163848876953125 0.367156982421875 -0.197738647460938 -0.011474609375
0.242263793945313 0.278030395507813 -0.226760864257813 0.0113372802734375
0.352996826171875 0.091522216796875 -0.240936279296875 0.0344390869140625
0.35089111328125 -0.043365478515625 -0.27850341796875 0.093017578125
0.335174560546875 -0.040863037109375 -0.28192138671875 0.106536865234375
0.364288330078125 -0.092987060546875 -0.256881713867188 0.1014404296875
0.34210205078125 -0.0135498046875 -0.268157958984375 0.0421142578125
0.347991943359375 0.129852294921875 -0.2421875 0.0320281982421875
0.287933349609375 0.236328125 -0.185882568359375 -0.046234130859375
0.090057373046875 0.41204833984375 -0.0888824462890625 -0.0966110229492187
-0.007965087890625 0.463348388671875 0.0226764678955078 0.00849723815917972
-0.1661376953125 0.462371826171875 -0.0305366516113281 0.0664558410644532
-0.0328369140625 0.328460693359375 -0.476226806640625 0.37158203125
0.00537109375000001 0.291900634765625 -0.250640869140625 0.259033203125
0.0617218017578125 0.24676513671875 -0.166290283203125 0.070892333984375
0.120162963867188 0.174148559570312 -0.206954956054688 0.0196990966796875
0.142669677734375 0.13543701171875 -0.241043090820313 -0.000808715820312454
0.203826904296875 0.0419464111328125 -0.315887451171875 0.03485107421875
0.198654174804688 -0.02093505859375 -0.37548828125 0.13482666015625
0.193984985351563 -0.016326904296875 -0.363922119140625 0.15472412109375
0.21807861328125 -0.0322723388671875 -0.349395751953125 0.140655517578125
0.194259643554688 0.024749755859375 -0.336517333984375 0.050079345703125
0.176467895507813 0.1112060546875 -0.266067504882813 0.0174102783203125
0.123733520507813 0.14630126953125 -0.18603515625 -0.0391082763671875
0.0286102294921875 0.21063232421875 -0.0756072998046875 -0.0457382202148438
0.0173797607421875 0.250396728515625 0.00973510742187501 0.123954772949219
-0.056427001953125 0.300872802734375 -0.107559204101563 0.225997924804688
0.119354248046875 0.14117431640625 -0.481048583984375 0.4903564453125
0.103294372558594 0.103546142578125 -0.2491455078125 0.355987548828125
0.0921173095703125 0.01544189453125 -0.142120361328125 0.135833740234375
0.0466690063476563 -0.0100288391113281 -0.179122924804688 0.067718505859375
0.0234050750732422 -0.00137138366699219 -0.215499877929688 0.00668334960937499
0.0314311981201172 2.6702880859375E-05 -0.33380126953125 0.050537109375
0.0203647613525391 0.00928878784179687 -0.406585693359375 0.166595458984375
0.0229606628417969 0.0103530883789063 -0.39044189453125 0.180328369140625
0.0390701293945313 0.0262374877929688 -0.392730712890625 0.144195556640625
0.0211029052734375 0.0447540283203125 -0.357574462890625 0.027313232421875
-0.00766372680664062 0.0570487976074219 -0.251495361328125 -0.0265045166015625
-0.0349254608154297 0.0163364410400391 -0.1578369140625 -0.0518341064453125
-0.00116539001464844 -0.0244731903076172 -0.0515975952148438 -0.014068603515625
0.0699844360351563 0.00902175903320313 -0.0044708251953125 0.19085693359375
0.0782852172851563 0.100700378417969 -0.145172119140625 0.324127197265625
-0.25079345703125 0.117752075195312 0.084136962890625 -0.398590087890625
-0.124649047851562 0.202713012695313 -0.000823974609375025 -0.2686767578125
0.0157470703125 0.2503662109375 -0.0155801773071289 -0.00152111053466796
0.14227294921875 0.155059814453125 0.102493286132813 0.0679931640625
0.180267333984375 0.0518341064453125 0.206436157226562 0.106246948242187
0.151016235351563 -0.0628204345703125 0.348114013671875 -0.0130615234375
0.131599426269531 -0.1011962890625 0.396026611328125 -0.175567626953125
0.13446044921875 -0.0549163818359375 0.35552978515625 -0.199462890625
0.132926940917969 -0.0664825439453125 0.35711669921875 -0.188201904296875
0.135551452636719 -0.00951385498046875 0.304962158203125 -0.1002197265625
0.134231567382813 0.057464599609375 0.173980712890625 -0.069549560546875
0.0866241455078125 0.14208984375 0.117866516113281 -0.1207275390625
-0.0561676025390625 0.187973022460938 0.127731323242188 -0.237686157226562
-0.138397216796875 0.162353515625 0.181854248046875 -0.43341064453125
-0.187774658203125 0.0543670654296875 0.47650146484375 -0.58770751953125
-0.34771728515625 0.314605712890625 0.040313720703125 -0.349273681640625
-0.20660400390625 0.373779296875 -0.00408935546875002 -0.248275756835937
-0.0245971679687499 0.461181640625 -0.0494766235351563 -0.0173530578613281
0.198699951171875 0.330352783203125 0.0402984619140625 0.0685958862304688
0.28997802734375 0.186492919921875 0.133819580078125 0.14019775390625
0.316558837890625 -0.024322509765625 0.29034423828125 0.032623291015625
0.297210693359375 -0.1326904296875 0.329559326171875 -0.125457763671875
0.291412353515625 -0.087738037109375 0.269729614257813 -0.162109375
0.298187255859375 -0.12353515625 0.27325439453125 -0.168731689453125
0.289459228515625 -0.029022216796875 0.218353271484375 -0.108566284179688
0.29180908203125 0.09893798828125 0.0946731567382813 -0.0735626220703125
0.225067138671875 0.231918334960938 0.0436325073242188 -0.139694213867187
0.003326416015625 0.37652587890625 0.054229736328125 -0.269912719726563
-0.127471923828125 0.384033203125 0.1251220703125 -0.449371337890625
-0.260177612304688 0.280288696289063 0.385986328125 -0.5787353515625
-0.404083251953125 0.463836669921875 -0.0529022216796875 -0.241867065429687
-0.27239990234375 0.503662109375 -0.0338592529296875 -0.182815551757812
-0.07122802734375 0.623046875 -0.0821304321289063 -0.0256958007812499
0.2220458984375 0.478118896484375 -0.0241050720214844 0.0523490905761719
0.357025146484375 0.312744140625 0.0413055419921875 0.140945434570313
0.438690185546875 0.0322265625 0.186294555664063 0.058319091796875
0.419769287109375 -0.137298583984375 0.20745849609375 -0.064666748046875
0.404876708984375 -0.105316162109375 0.142440795898438 -0.100677490234375
0.417236328125 -0.173004150390625 0.152587890625 -0.11737060546875
0.4066162109375 -0.06292724609375 0.100509643554688 -0.0893402099609375
0.426971435546875 0.10760498046875 0.00141906738281253 -0.0548629760742187
0.3616943359375 0.278228759765625 -0.0358428955078125 -0.132637023925781
0.09234619140625 0.51690673828125 -0.0196685791015625 -0.263198852539063
-0.077301025390625 0.56121826171875 0.0698242187500001 -0.3995361328125
-0.285675048828125 0.468170166015625 0.2752685546875 -0.489532470703125
-0.392974853515625 0.55126953125 -0.177459716796875 -0.0898895263671875
-0.27947998046875 0.5723876953125 -0.0883560180664063 -0.0811614990234375
-0.0803222656249999 0.69952392578125 -0.112709045410156 -0.01953125
0.231781005859375 0.55194091796875 -0.0894393920898437 0.026824951171875
0.3818359375 0.385162353515625 -0.0613250732421875 0.110641479492188
0.49853515625 0.07659912109375 0.0451850891113281 0.0631217956542969
0.475921630859375 -0.1259765625 0.0473709106445313 -0.00168609619140626
0.45489501953125 -0.109100341796875 -0.00596809387207028 -0.0226993560791016
0.473663330078125 -0.19549560546875 0.0134315490722657 -0.0397300720214844
0.4635009765625 -0.087738037109375 -0.0323600769042968 -0.0403594970703125
0.502410888671875 0.09991455078125 -0.0947799682617187 -0.0125198364257812
0.44635009765625 0.286956787109375 -0.108512878417969 -0.0995330810546875
0.166259765625 0.58087158203125 -0.074615478515625 -0.217071533203125
-0.0191040039062499 0.648681640625 0.034820556640625 -0.287811279296875
-0.26544189453125 0.582275390625 0.162811279296875 -0.3282470703125
-0.311798095703125 0.559661865234375 -0.30462646484375 0.0869750976562501
-0.2149658203125 0.56396484375 -0.151763916015625 0.0447235107421875
-0.04132080078125 0.65350341796875 -0.140701293945313 0.00195312500000006
0.227935791015625 0.514129638671875 -0.150588989257812 0.00764465332031252
0.356414794921875 0.369873046875 -0.157562255859375 0.0664520263671875
0.474090576171875 0.089385986328125 -0.108528137207031 0.056182861328125
0.45623779296875 -0.104339599609375 -0.124351501464844 0.061981201171875
0.43475341796875 -0.096221923828125 -0.153121948242187 0.0618743896484375
0.455535888671875 -0.179473876953125 -0.126213073730469 0.0507278442382813
0.4442138671875 -0.080596923828125 -0.160430908203125 0.0226287841796875
0.484344482421875 0.0987548828125 -0.17919921875 0.0342864990234375
0.433197021484375 0.2672119140625 -0.161941528320312 -0.0553436279296875
0.18011474609375 0.54876708984375 -0.098663330078125 -0.14886474609375
0.01837158203125 0.6195068359375 0.0252914428710938 -0.136619567871094
-0.21630859375 0.59002685546875 0.0601730346679687 -0.1219482421875
-0.1751708984375 0.488616943359375 -0.40179443359375 0.268646240234375
-0.101104736328125 0.4659423828125 -0.203125 0.175704956054688
0.02374267578125 0.488250732421875 -0.159027099609375 0.0414886474609375
0.196868896484375 0.370147705078125 -0.193374633789063 0.0113983154296876
0.276092529296875 0.272720336914063 -0.2232666015625 0.03216552734375
0.373504638671875 0.0684814453125 -0.239395141601562 0.052642822265625
0.3614501953125 -0.073699951171875 -0.273849487304688 0.12237548828125
0.346710205078125 -0.068206787109375 -0.2763671875 0.138427734375
0.36968994140625 -0.125396728515625 -0.250625610351563 0.129226684570312
0.3524169921875 -0.039825439453125 -0.267303466796875 0.070526123046875
0.37103271484375 0.10748291015625 -0.2393798828125 0.0586700439453125
0.315155029296875 0.2232666015625 -0.189697265625 -0.02325439453125
0.123870849609375 0.421478271484375 -0.0968475341796875 -0.0814056396484375
0.02630615234375 0.47869873046875 0.0262126922607422 0.015340805053711
-0.143096923828125 0.492218017578125 -0.0267105102539063 0.0861892700195313
-0.018341064453125 0.3367919921875 -0.449615478515625 0.430389404296875
0.01922607421875 0.29833984375 -0.22943115234375 0.297760009765625
0.0749053955078125 0.253997802734375 -0.157806396484375 0.097259521484375
0.133392333984375 0.175704956054688 -0.20068359375 0.04168701171875
0.1588134765625 0.135986328125 -0.2425537109375 0.01824951171875
0.216888427734375 0.0336761474609375 -0.319091796875 0.0587158203125
0.210128784179688 -0.035430908203125 -0.37139892578125 0.173431396484375
0.205535888671875 -0.0296630859375 -0.35821533203125 0.194610595703125
0.228591918945313 -0.04827880859375 -0.3433837890625 0.177215576171875
0.20684814453125 0.0142974853515625 -0.3382568359375 0.082855224609375
0.19427490234375 0.106369018554687 -0.267593383789063 0.0433349609375
0.138931274414063 0.14825439453125 -0.190048217773438 -0.0175018310546875
0.0396881103515625 0.221176147460938 -0.08056640625 -0.031646728515625
0.0285186767578125 0.257659912109375 0.0219268798828125 0.135246276855469
-0.0452880859375 0.3148193359375 -0.0927276611328125 0.254592895507812
0.124244689941406 0.127098083496094 -0.448272705078125 0.5517578125
0.105873107910156 0.0941238403320313 -0.220489501953125 0.397705078125
0.0848922729492187 0.00948333740234375 -0.127532958984375 0.158599853515625
0.0406570434570313 -0.0090484619140625 -0.169448852539062 0.086151123046875
0.0214481353759766 0.00403976440429688 -0.21795654296875 0.020111083984375
0.0361785888671875 0.00571441650390625 -0.339630126953125 0.0765075683593749
0.0303382873535156 0.0136260986328125 -0.403106689453125 0.207611083984375
0.0325927734375 0.0140132904052734 -0.38555908203125 0.221466064453125
0.0521736145019531 0.0286407470703125 -0.39080810546875 0.184722900390625
0.0334930419921875 0.0495452880859375 -0.365142822265625 0.05975341796875
0.00236892700195312 0.068328857421875 -0.257614135742188 -0.00389099121093753
-0.0344715118408203 0.0300750732421875 -0.165191650390625 -0.0344085693359375
-0.013545036315918 -0.0164318084716797 -0.0554656982421875 -0.00194931030273439
0.0586280822753906 0.00635910034179688 0.01007080078125 0.205337524414063
0.0748825073242188 0.09466552734375 -0.126861572265625 0.356781005859375
-0.227920532226563 0.144210815429688 0.054779052734375 -0.41302490234375
-0.099884033203125 0.204818725585938 -0.0234527587890625 -0.275909423828125
0.0418243408203125 0.23797607421875 -0.0122804641723633 -0.00394058227539061
0.152542114257813 0.13134765625 0.1064453125 0.054840087890625
0.178665161132813 0.02764892578125 0.215316772460938 0.0858154296875
0.132926940917969 -0.0792388916015625 0.34490966796875 -0.0430908203125
0.11151123046875 -0.112693786621094 0.37969970703125 -0.210479736328125
0.122650146484375 -0.0689926147460938 0.338226318359375 -0.23077392578125
0.118682861328125 -0.081573486328125 0.3428955078125 -0.219940185546875
0.130599975585938 -0.0261688232421875 0.300048828125 -0.1224365234375
0.139495849609375 0.0382919311523438 0.168365478515625 -0.0780487060546875
0.105865478515625 0.130294799804688 0.104011535644531 -0.128044128417969
-0.028564453125 0.194015502929688 0.100250244140625 -0.249862670898438
-0.111404418945312 0.177322387695313 0.138031005859375 -0.451812744140625
-0.1751708984375 0.0792999267578125 0.418212890625 -0.6265869140625
-0.3104248046875 0.350799560546875 0.018829345703125 -0.35919189453125
-0.168975830078125 0.384613037109375 -0.0220794677734375 -0.254486083984375
0.020751953125 0.454864501953125 -0.0447425842285156 -0.0138969421386719
0.224578857421875 0.301422119140625 0.04876708984375 0.0617408752441406
0.302154541015625 0.15386962890625 0.150131225585938 0.127105712890625
0.30157470703125 -0.05474853515625 0.29412841796875 0.0048828125
0.273193359375 -0.159881591796875 0.319366455078125 -0.155731201171875
0.278076171875 -0.115509033203125 0.2587890625 -0.184432983398437
0.279006958007813 -0.154052734375 0.262100219726563 -0.19195556640625
0.28228759765625 -0.058349609375 0.213180541992188 -0.121963500976562
0.299530029296875 0.066802978515625 0.0908889770507813 -0.0737762451171875
0.251327514648438 0.20904541015625 0.0314102172851563 -0.137496948242188
0.046142578125 0.378265380859375 0.0275726318359375 -0.272048950195313
-0.082611083984375 0.396209716796875 0.08184814453125 -0.46014404296875
-0.2301025390625 0.312713623046875 0.33209228515625 -0.60687255859375
-0.35821533203125 0.505340576171875 -0.060699462890625 -0.240463256835937
-0.22540283203125 0.521820068359375 -0.043365478515625 -0.184814453125
-0.01043701171875 0.62335205078125 -0.0759201049804688 -0.016357421875
0.261932373046875 0.450225830078125 -0.01220703125 0.0538902282714844
0.382965087890625 0.27630615234375 0.0622711181640625 0.135993957519531
0.432159423828125 -0.0087890625 0.1959228515625 0.038177490234375
0.3978271484375 -0.17730712890625 0.205963134765625 -0.0846405029296875
0.390960693359375 -0.143096923828125 0.138679504394531 -0.110031127929688
0.39385986328125 -0.212005615234375 0.146728515625 -0.129119873046875
0.396728515625 -0.101776123046875 0.0979995727539063 -0.0919723510742187
0.43499755859375 0.06439208984375 0.00125503540039065 -0.046600341796875
0.389862060546875 0.244598388671875 -0.0453872680664062 -0.122611999511719
0.145843505859375 0.510711669921875 -0.0426025390625 -0.255386352539062
-0.020263671875 0.566650390625 0.033599853515625 -0.40185546875
-0.24053955078125 0.50341796875 0.23175048828125 -0.503997802734375
-0.345703125 0.591796875 -0.169952392578125 -0.07513427734375
-0.22894287109375 0.595703125 -0.0869369506835938 -0.0753402709960937
-0.0152587890625 0.7059326171875 -0.104637145996094 -0.00449371337890621
0.278839111328125 0.52679443359375 -0.0765762329101563 0.036376953125
0.4180908203125 0.348388671875 -0.0409622192382812 0.115745544433594
0.4981689453125 0.031280517578125 0.0566444396972657 0.0537872314453125
0.458892822265625 -0.16943359375 0.0528450012207031 -0.00657653808593751
0.443084716796875 -0.150482177734375 -0.00182914733886716 -0.0179290771484375
0.45025634765625 -0.23895263671875 0.0157012939453125 -0.038665771484375
0.451202392578125 -0.130096435546875 -0.0297489166259765 -0.0321788787841797
0.509429931640625 0.05291748046875 -0.0897216796875 0.0026702880859375
0.4730224609375 0.246368408203125 -0.112098693847656 -0.0819168090820312
0.22235107421875 0.56793212890625 -0.090423583984375 -0.20343017578125
0.0438232421875 0.6468505859375 0.01055908203125 -0.28485107421875
-0.215576171875 0.6121826171875 0.13470458984375 -0.330230712890625
-0.26953125 0.590576171875 -0.2813720703125 0.115509033203125
-0.17059326171875 0.583251953125 -0.137794494628906 0.0597457885742188
0.0162963867187499 0.6624755859375 -0.129745483398438 0.0231781005859375
0.271484375 0.49383544921875 -0.137741088867187 0.0239105224609375
0.39215087890625 0.34149169921875 -0.1409912109375 0.0804901123046875
0.480072021484375 0.048492431640625 -0.0983047485351562 0.0609817504882812
0.4444580078125 -0.1444091796875 -0.113052368164062 0.0726852416992188
0.42742919921875 -0.13458251953125 -0.141433715820312 0.0788421630859375
0.437530517578125 -0.220703125 -0.115615844726562 0.0638961791992187
0.43475341796875 -0.118804931640625 -0.152511596679687 0.0408477783203125
0.491729736328125 0.054473876953125 -0.1693115234375 0.0553131103515625
0.455474853515625 0.229949951171875 -0.160308837890625 -0.03369140625
0.22930908203125 0.53411865234375 -0.106849670410156 -0.132362365722656
0.07275390625 0.6138916015625 0.0165328979492188 -0.131729125976562
-0.17047119140625 0.61334228515625 0.0508880615234375 -0.114028930664062
-0.141998291015625 0.5030517578125 -0.365081787109375 0.308197021484375
-0.06854248046875 0.4761962890625 -0.178695678710937 0.198394775390625
0.062744140625 0.494598388671875 -0.14508056640625 0.0643157958984375
0.22735595703125 0.357086181640625 -0.179946899414062 0.0314178466796875
0.3031005859375 0.2535400390625 -0.2115478515625 0.0503387451171875
0.38031005859375 0.039581298828125 -0.230667114257813 0.06903076171875
0.3560791015625 -0.10565185546875 -0.257293701171875 0.146942138671875
0.344085693359375 -0.097869873046875 -0.25848388671875 0.166397094726563
0.360015869140625 -0.157562255859375 -0.232986450195312 0.153518676757813
0.34912109375 -0.068511962890625 -0.255172729492188 0.0971679687500001
0.381072998046875 0.077117919921875 -0.227218627929687 0.083343505859375
0.334228515625 0.199737548828125 -0.184326171875 -7.62939453125284E-05
0.15777587890625 0.414031982421875 -0.0989990234375 -0.0649948120117187
0.063629150390625 0.4744873046875 0.0309333801269531 0.019918441772461
-0.10791015625 0.507843017578125 -0.0169677734375 0.1014404296875
-0.000305175781250009 0.334869384765625 -0.401702880859375 0.474365234375
0.035400390625 0.296905517578125 -0.194061279296875 0.32421875
0.0897979736328125 0.253814697265625 -0.139595031738281 0.118034362792969
0.14495849609375 0.170669555664063 -0.18548583984375 0.06158447265625
0.172531127929688 0.128326416015625 -0.23553466796875 0.036041259765625
0.22369384765625 0.0193023681640625 -0.312042236328125 0.083038330078125
0.211654663085938 -0.052825927734375 -0.352203369140625 0.2061767578125
0.2088623046875 -0.0448760986328125 -0.336700439453125 0.229736328125
0.2291259765625 -0.06719970703125 -0.322357177734375 0.209747314453125
0.211929321289063 -0.0010223388671875 -0.3267822265625 0.114715576171875
0.207290649414063 0.0937042236328125 -0.257354736328125 0.068450927734375
0.152435302734375 0.142486572265625 -0.186050415039063 0.00486755371093747
0.0532989501953125 0.224273681640625 -0.0793991088867188 -0.017333984375
0.042724609375 0.257156372070313 0.0364761352539062 0.139938354492188
-0.0286865234375 0.32037353515625 -0.069122314453125 0.274139404296875
0.123313903808594 0.110618591308594 -0.39141845703125 0.59124755859375
0.105499267578125 0.082733154296875 -0.177703857421875 0.422882080078125
0.0768814086914063 0.00537109375 -0.105148315429687 0.173995971679687
0.0348072052001953 -0.00609779357910156 -0.152923583984375 0.100204467773438
0.0207023620605469 0.00868797302246094 -0.214157104492187 0.03424072265625
0.0415840148925781 0.0088348388671875 -0.333282470703125 0.102294921875
0.0389938354492188 0.0135536193847656 -0.383453369140625 0.243560791015625
0.0417976379394531 0.0141563415527344 -0.36309814453125 0.256134033203125
0.0633773803710938 0.0258941650390625 -0.370758056640625 0.2210693359375
0.0454216003417969 0.0501518249511719 -0.357513427734375 0.09246826171875
0.0149078369140625 0.0742034912109375 -0.254348754882813 0.0196380615234375
-0.02935791015625 0.0421409606933594 -0.164794921875 -0.015045166015625
-0.0218830108642578 -0.00513839721679688 -0.0540237426757813 0.00946044921874999
0.0475196838378906 0.00666427612304687 0.0290069580078125 0.210174560546875
0.0704421997070313 0.0882034301757813 -0.096893310546875 0.37701416015625
-0.202301025390625 0.158920288085938 0.0315551757812499 -0.414886474609375
-0.07977294921875 0.199691772460938 -0.0418853759765625 -0.27447509765625
0.058074951171875 0.221145629882813 -0.0100193023681641 -0.0063953399658203
0.154388427734375 0.110015869140625 0.105575561523438 0.043243408203125
0.17083740234375 0.00921630859375 0.21575927734375 0.069427490234375
0.113922119140625 -0.0858078002929688 0.333648681640625 -0.06317138671875
0.09246826171875 -0.1148681640625 0.357086181640625 -0.231964111328125
0.109550476074219 -0.0764999389648437 0.31817626953125 -0.248626708984375
0.103828430175781 -0.0888519287109375 0.32330322265625 -0.23876953125
0.121551513671875 -0.0373077392578125 0.290130615234375 -0.136627197265625
0.137939453125 0.0228729248046875 0.162033081054688 -0.08111572265625
0.117324829101563 0.116912841796875 0.0912399291992188 -0.129592895507813
-0.00659179687499999 0.190704345703125 0.0767974853515625 -0.250900268554688
-0.086395263671875 0.180404663085938 0.100311279296875 -0.452301025390625
-0.158447265625 0.0957183837890625 0.3643798828125 -0.63873291015625
-0.271240234375 0.367767333984375 0.00344848632812501 -0.359466552734375
-0.136993408203125 0.381256103515625 -0.0367584228515625 -0.254119873046875
0.052459716796875 0.437042236328125 -0.0393218994140625 -0.0124549865722656
0.235580444335938 0.272567749023438 0.0538749694824219 0.0545158386230469
0.30072021484375 0.124969482421875 0.159103393554688 0.113143920898438
0.281158447265625 -0.073455810546875 0.2894287109375 -0.01593017578125
0.247451782226563 -0.173416137695313 0.304351806640625 -0.17462158203125
0.259445190429688 -0.131423950195313 0.244827270507813 -0.196121215820313
0.255279541015625 -0.170318603515625 0.247879028320313 -0.20440673828125
0.26788330078125 -0.0774383544921875 0.206634521484375 -0.128829956054688
0.2965087890625 0.040679931640625 0.0877914428710938 -0.0710296630859375
0.263900756835938 0.185836791992188 0.0222015380859375 -0.132606506347656
0.078857421875 0.367523193359375 0.00747680664062498 -0.266265869140625
-0.044921875 0.39276123046875 0.046844482421875 -0.45428466796875
-0.19915771484375 0.328765869140625 0.28302001953125 -0.61016845703125
-0.31378173828125 0.52337646484375 -0.064422607421875 -0.236419677734375
-0.1851806640625 0.5224609375 -0.0499267578125 -0.183639526367187
0.0331420898437501 0.60845947265625 -0.0674095153808594 -0.00987243652343745
0.282623291015625 0.417816162109375 -0.00231170654296874 0.0509986877441406
0.391265869140625 0.24151611328125 0.0771255493164063 0.126823425292969
0.41363525390625 -0.037567138671875 0.19635009765625 0.0206451416015625
0.369293212890625 -0.198944091796875 0.199188232421875 -0.098724365234375
0.37030029296875 -0.167083740234375 0.133438110351563 -0.1148681640625
0.3658447265625 -0.2352294921875 0.139915466308594 -0.134872436523438
0.376495361328125 -0.126068115234375 0.0952682495117188 -0.0916900634765625
0.428558349609375 0.0308837890625 0.00294494628906253 -0.0389251708984375
0.400482177734375 0.212615966796875 -0.048614501953125 -0.1114501953125
0.182586669921875 0.490875244140625 -0.0577239990234375 -0.24310302734375
0.0250244140624999 0.5531005859375 0.00509643554687502 -0.392364501953125
-0.1993408203125 0.516265869140625 0.195831298828125 -0.499755859375
-0.30010986328125 0.607177734375 -0.15838623046875 -0.0653076171875
-0.186767578125 0.597900390625 -0.0823974609375 -0.0708694458007812
0.0339965820312499 0.69390869140625 -0.0927276611328125 0.00594329833984379
0.307037353515625 0.494354248046875 -0.0630416870117187 0.0396919250488282
0.432861328125 0.31304931640625 -0.023681640625 0.113128662109375
0.48419189453125 -0.00164794921875 0.0620765686035157 0.0444526672363281
0.432464599609375 -0.195831298828125 0.0550498962402344 -0.0119438171386719
0.424224853515625 -0.17755126953125 0.00236415863037112 -0.0147867202758789
0.419952392578125 -0.265380859375 0.0178985595703125 -0.0382614135742188
0.42852783203125 -0.156097412109375 -0.025726318359375 -0.0249996185302735
0.500244140625 0.015960693359375 -0.0812606811523437 0.0148468017578125
0.480224609375 0.2093505859375 -0.109642028808594 -0.0671844482421875
0.25732421875 0.542816162109375 -0.0985107421875 -0.187698364257812
0.0884399414062501 0.6285400390625 -0.00650024414062501 -0.274169921875
-0.171630859375 0.62200927734375 0.112274169921875 -0.321502685546875
-0.23028564453125 0.60107421875 -0.255538940429688 0.130752563476562
-0.13409423828125 0.5841064453125 -0.122566223144531 0.0676956176757813
0.06146240234375 0.65350341796875 -0.114097595214844 0.0358047485351563
0.2978515625 0.467864990234375 -0.12164306640625 0.0321273803710938
0.40826416015625 0.30926513671875 -0.123809814453125 0.085357666015625
0.47174072265625 0.01806640625 -0.0893630981445312 0.0611495971679688
0.42327880859375 -0.1712646484375 -0.101516723632812 0.0771026611328125
0.41241455078125 -0.159942626953125 -0.127677917480469 0.0900115966796875
0.41107177734375 -0.24566650390625 -0.103584289550781 0.07098388671875
0.41412353515625 -0.1431884765625 -0.141632080078125 0.053466796875
0.48419189453125 0.0224609375 -0.155105590820312 0.0705413818359375
0.46160888671875 0.196258544921875 -0.151718139648438 -0.0174560546875
0.26007080078125 0.510986328125 -0.10833740234375 -0.117462158203125
0.11102294921875 0.5941162109375 0.0107955932617188 -0.125518798828125
-0.12945556640625 0.61773681640625 0.046142578125 -0.104057312011719
-0.116943359375 0.5059814453125 -0.3267822265625 0.32550048828125
-0.04168701171875 0.473724365234375 -0.153305053710938 0.209152221679688
0.09234619140625 0.48760986328125 -0.1265869140625 0.0787200927734375
0.245025634765625 0.339324951171875 -0.162063598632813 0.0420989990234375
0.317718505859375 0.232757568359375 -0.197280883789062 0.0601959228515625
0.37774658203125 0.0167236328125 -0.22003173828125 0.078216552734375
0.3428955078125 -0.127716064453125 -0.239242553710937 0.160552978515625
0.33514404296875 -0.1177978515625 -0.2374267578125 0.183197021484375
0.34295654296875 -0.17828369140625 -0.21319580078125 0.166641235351562
0.33782958984375 -0.087799072265625 -0.238937377929687 0.114151000976562
0.37969970703125 0.0526123046875 -0.210220336914062 0.0994415283203125
0.340362548828125 0.17657470703125 -0.173797607421875 0.0164337158203125
0.178741455078125 0.399017333984375 -0.0956192016601562 -0.052398681640625
0.0887451171875 0.45941162109375 0.0353317260742188 0.022247314453125
-0.0806274414062501 0.50897216796875 -0.00732421875 0.110809326171875
0.0103759765625 0.328460693359375 -0.354583740234375 0.492401123046875
0.046051025390625 0.290435791015625 -0.160797119140625 0.33489990234375
0.099700927734375 0.25 -0.118537902832031 0.130195617675781
0.151504516601563 0.164169311523438 -0.167770385742188 0.071258544921875
0.179168701171875 0.120208740234375 -0.223602294921875 0.04681396484375
0.2235107421875 0.0085601806640625 -0.300750732421875 0.097564697265625
0.208511352539063 -0.0653076171875 -0.329803466796875 0.226165771484375
0.208023071289063 -0.05712890625 -0.310455322265625 0.24835205078125
0.224639892578125 -0.0805206298828125 -0.298126220703125 0.22760009765625
0.210601806640625 -0.013275146484375 -0.3084716796875 0.13470458984375
0.212844848632813 0.0809783935546875 -0.242019653320313 0.085479736328125
0.159652709960937 0.135391235351563 -0.175796508789063 0.02056884765625
0.06341552734375 0.223297119140625 -0.0737457275390625 -0.00673675537109375
0.0516510009765625 0.251495361328125 0.0484390258789063 0.138603210449219
-0.016998291015625 0.318389892578125 -0.0487060546875 0.28216552734375
0.116630554199219 0.0976409912109375 -0.33837890625 0.60491943359375
0.10150146484375 0.0743942260742188 -0.13922119140625 0.428619384765625
0.0691490173339844 0.00484848022460938 -0.083740234375 0.180099487304688
0.0312652587890625 -0.0022735595703125 -0.134849548339844 0.105918884277344
0.0206871032714844 0.0132884979248047 -0.206756591796875 0.042205810546875
0.0459785461425781 0.0105018615722656 -0.3223876953125 0.117218017578125
0.0460433959960938 0.0115432739257813 -0.358673095703125 0.26409912109375
0.0481185913085938 0.0125656127929688 -0.33673095703125 0.27642822265625
0.0715866088867188 0.0210189819335938 -0.346343994140625 0.2420654296875
0.0541229248046875 0.047637939453125 -0.3421630859375 0.113983154296875
0.0258407592773438 0.0751800537109375 -0.244842529296875 0.0360260009765625
-0.0224189758300781 0.0499954223632813 -0.158767700195313 -0.000152587890624972
-0.0260848999023438 0.00597000122070312 -0.0501670837402344 0.0179519653320313
0.0379676818847656 0.010101318359375 0.0435638427734375 0.209228515625
0.0640335083007813 0.08453369140625 -0.071075439453125 0.382720947265625
-0.181655883789063 0.164779663085938 0.019195556640625 -0.41497802734375
-0.0681304931640625 0.193359375 -0.0545501708984375 -0.272048950195313
0.0660247802734375 0.206298828125 -0.00854682922363281 -0.00890636444091796
0.150390625 0.0950164794921875 0.102958679199219 0.0358810424804688
0.161178588867188 -0.0024566650390625 0.214141845703125 0.058685302734375
0.0993270874023438 -0.087554931640625 0.323638916015625 -0.07452392578125
0.0782394409179688 -0.112655639648437 0.34033203125 -0.242034912109375
0.099578857421875 -0.0787887573242188 0.30328369140625 -0.2564697265625
0.0919418334960937 -0.0914154052734375 0.3101806640625 -0.247833251953125
0.114006042480469 -0.0435104370117188 0.28271484375 -0.14312744140625
0.134056091308594 0.0132064819335938 0.158126831054688 -0.08123779296875
0.122787475585937 0.106277465820312 0.083465576171875 -0.127792358398438
0.00845336914062502 0.185546875 0.060546875 -0.248687744140625
-0.06842041015625 0.178680419921875 0.0748291015625 -0.447265625
-0.144302368164063 0.105331420898438 0.3287353515625 -0.63787841796875
-0.2437744140625 0.373443603515625 -0.00384521484375004 -0.359893798828125
-0.11724853515625 0.374542236328125 -0.0452728271484375 -0.2532958984375
0.070648193359375 0.41986083984375 -0.0349559783935547 -0.0125751495361328
0.236923217773438 0.252105712890625 0.0565719604492188 0.0483131408691406
0.295440673828125 0.1064453125 0.163314819335938 0.102371215820312
0.262832641601563 -0.0820465087890625 0.283355712890625 -0.028289794921875
0.227584838867188 -0.176605224609375 0.292388916015625 -0.185211181640625
0.245559692382813 -0.140029907226563 0.23541259765625 -0.202606201171875
0.237655639648438 -0.178359985351563 0.239120483398438 -0.211471557617188
0.256057739257813 -0.08837890625 0.20220947265625 -0.131393432617188
0.291351318359375 0.024383544921875 0.0871200561523438 -0.0673141479492188
0.270263671875 0.169677734375 0.0177459716796875 -0.127456665039063
0.09820556640625 0.3570556640625 -0.00592041015625 -0.2596435546875
-0.02044677734375 0.384857177734375 0.02508544921875 -0.44549560546875
-0.17706298828125 0.336669921875 0.25360107421875 -0.605224609375
-0.280517578125 0.53106689453125 -0.0625 -0.236160278320312
-0.160064697265625 0.516265869140625 -0.05279541015625 -0.183380126953125
0.0609130859375 0.59228515625 -0.0586166381835937 -0.00695800781249997
0.291107177734375 0.39361572265625 0.00458908081054689 0.0469703674316406
0.39178466796875 0.2181396484375 0.085968017578125 0.1185302734375
0.3966064453125 -0.0523681640625 0.195053100585938 0.00965881347656249
0.34698486328125 -0.20904541015625 0.192916870117188 -0.107177734375
0.353729248046875 -0.179656982421875 0.130989074707031 -0.116935729980469
0.343414306640625 -0.246307373046875 0.136833190917969 -0.138389587402344
0.359832763671875 -0.138763427734375 0.09521484375 -0.0900802612304688
0.420440673828125 0.010345458984375 0.00648880004882815 -0.0324745178222656
0.403961181640625 0.191558837890625 -0.0484848022460937 -0.103553771972656
0.20263671875 0.47491455078125 -0.06549072265625 -0.233551025390625
0.05267333984375 0.539215087890625 -0.01068115234375 -0.381683349609375
-0.171905517578125 0.521881103515625 0.173431396484375 -0.49176025390625
-0.2706298828125 0.612548828125 -0.146743774414063 -0.062774658203125
-0.16064453125 0.59368896484375 -0.0779800415039063 -0.0698394775390625
0.0660400390624999 0.681396484375 -0.0801010131835938 0.0118255615234375
0.319366455078125 0.47119140625 -0.0520439147949218 0.0386505126953125
0.4384765625 0.28863525390625 -0.0112457275390625 0.109230041503906
0.47125244140625 -0.019866943359375 0.0644340515136719 0.0373954772949219
0.4110107421875 -0.20916748046875 0.0564994812011719 -0.0158271789550781
0.40869140625 -0.19195556640625 0.00751113891601565 -0.0123558044433594
0.3978271484375 -0.277252197265625 0.02056884765625 -0.0375823974609375
0.41058349609375 -0.16888427734375 -0.0207710266113281 -0.0198936462402344
0.489898681640625 -0.004791259765625 -0.07275390625 0.0228347778320312
0.48114013671875 0.186065673828125 -0.104705810546875 -0.057952880859375
0.277679443359375 0.522674560546875 -0.1009521484375 -0.177017211914062
0.1148681640625 0.60845947265625 -0.0159912109375 -0.265716552734375
-0.14483642578125 0.62176513671875 0.1004638671875 -0.31158447265625
-0.20428466796875 0.604248046875 -0.233978271484375 0.135467529296875
-0.11090087890625 0.5809326171875 -0.110427856445313 0.0702972412109376
0.08917236328125 0.64471435546875 -0.0992050170898437 0.0435256958007813
0.310943603515625 0.448028564453125 -0.108245849609375 0.034149169921875
0.4171142578125 0.288604736328125 -0.111343383789062 0.0860443115234375
0.4639892578125 -0.00048828125 -0.0835342407226562 0.0599517822265625
0.406463623046875 -0.1856689453125 -0.0939102172851562 0.078765869140625
0.39990234375 -0.174346923828125 -0.116104125976562 0.0962448120117188
0.39154052734375 -0.25738525390625 -0.0945968627929687 0.0737380981445312
0.3995361328125 -0.155517578125 -0.131141662597656 0.0610809326171875
0.4754638671875 0.00201416015625 -0.14227294921875 0.0787200927734375
0.46051025390625 0.175567626953125 -0.142776489257812 -0.00801086425781252
0.274749755859375 0.4931640625 -0.10650634765625 -0.107589721679687
0.13323974609375 0.57647705078125 0.00776672363281251 -0.11962890625
-0.10565185546875 0.61669921875 0.0442733764648437 -0.0948638916015625
-0.0998840332031249 0.505218505859375 -0.297454833984375 0.331787109375
-0.02911376953125 0.46966552734375 -0.133651733398437 0.212020874023438
0.1116943359375 0.484161376953125 -0.109458923339844 0.0862274169921875
0.25421142578125 0.327728271484375 -0.147720336914062 0.045867919921875
0.324951171875 0.21954345703125 -0.186294555664062 0.0637359619140625
0.373565673828125 0.00311279296875 -0.212631225585938 0.0823822021484375
0.33251953125 -0.13885498046875 -0.22564697265625 0.166915893554687
0.328125 -0.129669189453125 -0.220703125 0.191558837890625
0.33013916015625 -0.188690185546875 -0.198196411132813 0.171600341796875
0.328216552734375 -0.096893310546875 -0.226089477539062 0.12371826171875
0.375091552734375 0.0374755859375 -0.195602416992187 0.107620239257813
0.342041015625 0.163055419921875 -0.162704467773437 0.02581787109375
0.1907958984375 0.38958740234375 -0.0907516479492187 -0.0444717407226562
0.10101318359375 0.44805908203125 0.0392074584960938 0.0235061645507813
-0.063385009765625 0.508544921875 0.000801086425781249 0.11749267578125
0.013916015625 0.323211669921875 -0.32025146484375 0.497283935546875
0.050018310546875 0.286651611328125 -0.136962890625 0.337432861328125
0.105789184570313 0.247955322265625 -0.101020812988281 0.135635375976563
0.15472412109375 0.160491943359375 -0.15264892578125 0.0740203857421875
0.183486938476562 0.115829467773437 -0.21600341796875 0.051300048828125
0.22406005859375 0.0025482177734375 -0.29296875 0.105224609375
0.20526123046875 -0.0732269287109375 -0.312774658203125 0.2353515625
0.206634521484375 -0.064483642578125 -0.291168212890625 0.258270263671875
0.221038818359375 -0.0886077880859375 -0.280181884765625 0.234527587890625
0.209365844726563 -0.0201416015625 -0.2945556640625 0.145965576171875
0.216064453125 0.0724945068359375 -0.22930908203125 0.0944061279296875
0.164169311523437 0.131118774414063 -0.166412353515625 0.0294342041015625
0.0690155029296875 0.223434448242188 -0.0686149597167969 -0.000846862792968725
0.054534912109375 0.247726440429688 0.055908203125 0.137290954589844
-0.011932373046875 0.317169189453125 -0.0338134765625 0.28662109375
0.108726501464844 0.0901336669921875 -0.3018798828125 0.60736083984375
0.0966796875 0.0707244873046875 -0.113037109375 0.42974853515625
0.0632057189941406 0.00665664672851563 -0.066497802734375 0.181488037109375
0.0297393798828125 0.00199699401855469 -0.121208190917969 0.105995178222656
0.0217685699462891 0.0177288055419922 -0.202285766601563 0.04571533203125
0.0497322082519531 0.0117950439453125 -0.31396484375 0.1258544921875
0.0506744384765625 0.00920486450195313 -0.341705322265625 0.274871826171875
0.0543708801269531 0.0107498168945312 -0.317352294921875 0.28619384765625
0.0773849487304688 0.0174331665039063 -0.328155517578125 0.252105712890625
0.0606536865234375 0.0448646545410156 -0.330047607421875 0.126983642578125
0.0341949462890625 0.0751953125 -0.235641479492188 0.0451812744140625
-0.0165786743164063 0.0558357238769531 -0.152145385742188 0.00917053222656252
-0.0276279449462891 0.0161666870117187 -0.0453987121582031 0.0231590270996094
0.0310134887695312 0.0147876739501953 0.0531005859375 0.20660400390625
0.0566329956054688 0.0834579467773438 -0.054840087890625 0.38592529296875
-0.168350219726563 0.16900634765625 0.012451171875 -0.423370361328125
-0.0613555908203125 0.189544677734375 -0.0619354248046875 -0.275146484375
0.0706634521484375 0.198211669921875 -0.00727272033691406 -0.0116634368896484
0.147613525390625 0.0868377685546875 0.102043151855469 0.0313568115234375
0.155593872070313 -0.01025390625 0.215347290039062 0.052764892578125
0.0893173217773438 -0.0876541137695313 0.321929931640625 -0.08050537109375
0.06927490234375 -0.110389709472656 0.33392333984375 -0.25225830078125
0.0937042236328125 -0.080596923828125 0.29840087890625 -0.26568603515625
0.084564208984375 -0.0937118530273438 0.306732177734375 -0.25677490234375
0.108871459960938 -0.0471343994140625 0.28466796875 -0.148712158203125
0.132637023925781 0.00684356689453125 0.158828735351563 -0.081390380859375
0.129150390625 0.0994873046875 0.0791168212890625 -0.127792358398438
0.018707275390625 0.182815551757812 0.0503082275390625 -0.2491455078125
-0.05682373046875 0.1773681640625 0.05926513671875 -0.44775390625
-0.135154724121094 0.112327575683594 0.3109130859375 -0.645263671875
-0.22613525390625 0.38128662109375 -0.00701904296874998 -0.367034912109375
-0.1065673828125 0.372833251953125 -0.0511016845703125 -0.2567138671875
0.08251953125 0.41278076171875 -0.0305728912353516 -0.013427734375
0.238555908203125 0.2406005859375 0.0589523315429688 0.0437812805175781
0.293701171875 0.0955810546875 0.168197631835938 0.09576416015625
0.253067016601563 -0.0865325927734375 0.28399658203125 -0.03558349609375
0.2166748046875 -0.179168701171875 0.2880859375 -0.1944580078125
0.238388061523438 -0.145965576171875 0.233352661132813 -0.2083740234375
0.227462768554687 -0.184005737304687 0.237167358398438 -0.218536376953125
0.249740600585938 -0.095001220703125 0.2041015625 -0.134552001953125
0.289794921875 0.014617919921875 0.089874267578125 -0.0648727416992188
0.27752685546875 0.16064453125 0.0158843994140625 -0.125923156738281
0.11199951171875 0.353973388671875 -0.0143585205078125 -0.2579345703125
-0.00561523437500004 0.381866455078125 0.011077880859375 -0.44403076171875
-0.163604736328125 0.347015380859375 0.23944091796875 -0.60711669921875
-0.262603759765625 0.54168701171875 -0.06060791015625 -0.242233276367188
-0.14666748046875 0.517730712890625 -0.0546112060546875 -0.186599731445312
0.0789794921875 0.5887451171875 -0.0513038635253906 -0.00582504272460933
0.297576904296875 0.382781982421875 0.00928115844726564 0.0435829162597656
0.395172119140625 0.205047607421875 0.0932846069335938 0.113311767578125
0.389190673828125 -0.060577392578125 0.196441650390625 0.002716064453125
0.335540771484375 -0.213897705078125 0.192230224609375 -0.113906860351563
0.34771728515625 -0.188568115234375 0.132980346679688 -0.119407653808594
0.33197021484375 -0.255523681640625 0.137176513671875 -0.142578125
0.353424072265625 -0.1475830078125 0.0990066528320313 -0.0895004272460938
0.4190673828125 -0.001556396484375 0.0119361877441407 -0.0275135040283203
0.411376953125 0.1802978515625 -0.0476150512695312 -0.099639892578125
0.2197265625 0.470245361328125 -0.0712127685546875 -0.2293701171875
0.06805419921875 0.533721923828125 -0.021331787109375 -0.378875732421875
-0.157012939453125 0.532501220703125 0.162689208984375 -0.4903564453125
-0.253173828125 0.62542724609375 -0.138969421386719 -0.065460205078125
-0.1466064453125 0.59918212890625 -0.0749664306640625 -0.07159423828125
0.08819580078125 0.6806640625 -0.0692634582519531 0.0149726867675782
0.330352783203125 0.46173095703125 -0.0448532104492187 0.0362930297851563
0.447723388671875 0.27685546875 -0.00290679931640621 0.105949401855469
0.467041015625 -0.031494140625 0.0664291381835938 0.0329322814941406
0.4010009765625 -0.218231201171875 0.0582313537597657 -0.0187644958496094
0.404388427734375 -0.20343017578125 0.0128698348999024 -0.0112142562866211
0.386016845703125 -0.287811279296875 0.0234489440917969 -0.0389404296875
0.40380859375 -0.177398681640625 -0.0163412094116211 -0.0162324905395508
0.4886474609375 -0.01800537109375 -0.0652542114257812 0.0289382934570313
0.487457275390625 0.17523193359375 -0.100669860839844 -0.0533370971679688
0.29351806640625 0.518157958984375 -0.103195190429687 -0.17218017578125
0.1292724609375 0.603271484375 -0.0216827392578125 -0.261642456054688
-0.1275634765625 0.63250732421875 0.0953369140625 -0.306610107421875
-0.1929931640625 0.61553955078125 -0.22113037109375 0.137649536132813
-0.10015869140625 0.58709716796875 -0.102142333984375 0.0715484619140626
0.1092529296875 0.6463623046875 -0.085845947265625 0.048675537109375
0.323822021484375 0.441741943359375 -0.0994796752929687 0.0337448120117188
0.428863525390625 0.279571533203125 -0.10406494140625 0.0854568481445313
0.463134765625 -0.01104736328125 -0.0815658569335937 0.0592575073242188
0.3992919921875 -0.194671630859375 -0.0895919799804687 0.0808944702148437
0.39794921875 -0.1851806640625 -0.108207702636719 0.101707458496094
0.383880615234375 -0.26727294921875 -0.0891265869140625 0.0759506225585937
0.3944091796875 -0.163787841796875 -0.124984741210937 0.0668716430664062
0.475677490234375 -0.01043701171875 -0.133132934570313 0.085418701171875
0.46697998046875 0.165130615234375 -0.136741638183594 -0.00277709960937502
0.2882080078125 0.4893798828125 -0.106048583984375 -0.102767944335937
0.143798828125 0.57196044921875 0.00759124755859375 -0.117042541503906
-0.09356689453125 0.62713623046875 0.0456466674804688 -0.0880661010742187
-0.0939331054687501 0.511688232421875 -0.281036376953125 0.338653564453125
-0.02215576171875 0.47576904296875 -0.12158203125 0.216522216796875
0.124542236328125 0.48651123046875 -0.0955123901367187 0.0912399291992188
0.26416015625 0.324676513671875 -0.13824462890625 0.0467300415039063
0.335540771484375 0.21368408203125 -0.180694580078125 0.065521240234375
0.37506103515625 -0.004791259765625 -0.211151123046875 0.08538818359375
0.329010009765625 -0.147918701171875 -0.219497680664063 0.17242431640625
0.328338623046875 -0.13885498046875 -0.210540771484375 0.199783325195312
0.325927734375 -0.197479248046875 -0.190826416015625 0.177108764648438
0.326629638671875 -0.10345458984375 -0.219375610351562 0.1309814453125
0.377716064453125 0.02789306640625 -0.1868896484375 0.114471435546875
0.348388671875 0.1572265625 -0.156524658203125 0.0307769775390625
0.20001220703125 0.389007568359375 -0.0886611938476562 -0.0408782958984375
0.10858154296875 0.445159912109375 0.0427131652832031 0.0250205993652344
-0.055328369140625 0.515228271484375 0.00679779052734376 0.125518798828125
0.013702392578125 0.3260498046875 -0.3023681640625 0.5057373046875
0.05145263671875 0.289306640625 -0.12176513671875 0.34332275390625
0.111740112304688 0.25152587890625 -0.087310791015625 0.139640808105469
0.159942626953125 0.160751342773438 -0.143722534179688 0.074859619140625
0.190170288085937 0.115386962890625 -0.213226318359375 0.053680419921875
0.227081298828125 -0.000274658203125 -0.292724609375 0.110504150390625
0.205810546875 -0.0787353515625 -0.30584716796875 0.2447509765625
0.209686279296875 -0.07025146484375 -0.281219482421875 0.268280029296875
0.222610473632813 -0.09466552734375 -0.27203369140625 0.241958618164063
0.211654663085938 -0.023529052734375 -0.28875732421875 0.154266357421875
0.220596313476563 0.0677032470703125 -0.221710205078125 0.100326538085938
0.170745849609375 0.130340576171875 -0.160140991210937 0.0349884033203125
0.0741119384765625 0.228073120117188 -0.0653419494628906 0.0021934509277344
0.0555267333984375 0.249191284179687 0.0620040893554687 0.138397216796875
-0.010955810546875 0.32305908203125 -0.024444580078125 0.29534912109375
0.102272033691406 0.087921142578125 -0.282958984375 0.61474609375
0.0933761596679688 0.0696487426757813 -0.0950927734375 0.433624267578125
0.0608444213867187 0.00866317749023438 -0.054290771484375 0.182937622070313
0.029632568359375 0.00546455383300781 -0.113571166992188 0.105026245117188
0.0237655639648438 0.0223941802978516 -0.2027587890625 0.0472412109375
0.054168701171875 0.0131378173828125 -0.31378173828125 0.13232421875
0.0555839538574219 0.00765609741210938 -0.334564208984375 0.28521728515625
0.060089111328125 0.0087432861328125 -0.30853271484375 0.29541015625
0.0832672119140625 0.0147933959960937 -0.32061767578125 0.261566162109375
0.0664482116699219 0.0428657531738281 -0.325836181640625 0.135589599609375
0.0412979125976563 0.0748748779296875 -0.231964111328125 0.051513671875
-0.0108909606933594 0.0604972839355469 -0.14801025390625 0.0147552490234375
-0.02777099609375 0.0250110626220703 -0.0426292419433594 0.0265426635742188
0.0262317657470703 0.0207309722900391 0.0599822998046875 0.20849609375
0.0512313842773438 0.0864715576171875 -0.04437255859375 0.394439697265625
-0.158294677734375 0.177032470703125 0.00073242187500002 -0.442230224609375
-0.05548095703125 0.190582275390625 -0.0748291015625 -0.282867431640625
0.0771942138671875 0.194778442382813 -0.0069284439086914 -0.0147562026977539
0.14874267578125 0.0798492431640625 0.1029052734375 0.0272216796875
0.152847290039062 -0.018280029296875 0.222244262695313 0.0458526611328125
0.081146240234375 -0.0894622802734375 0.326690673828125 -0.091339111328125
0.0627517700195313 -0.110626220703125 0.33294677734375 -0.27020263671875
0.0901336669921875 -0.084808349609375 0.297576904296875 -0.283721923828125
0.0786666870117188 -0.0976943969726563 0.308197021484375 -0.274932861328125
0.107231140136719 -0.0520248413085938 0.290374755859375 -0.160400390625
0.133918762207031 0.00061798095703125 0.162490844726562 -0.0844573974609375
0.137138366699219 0.0941009521484375 0.0760345458984375 -0.132171630859375
0.029083251953125 0.183700561523438 0.0393829345703125 -0.254638671875
-0.046630859375 0.179336547851563 0.04278564453125 -0.4581298828125
-0.127799987792969 0.121711730957031 0.2965087890625 -0.66888427734375
-0.21246337890625 0.3980712890625 -0.0142822265625 -0.3846435546875
-0.0960693359375 0.3802490234375 -0.0613861083984375 -0.2647705078125
0.09832763671875 0.4150390625 -0.0268192291259766 -0.0146026611328125
0.247055053710937 0.234909057617187 0.0614128112792969 0.0403709411621094
0.299835205078125 0.0853271484375 0.176315307617188 0.09014892578125
0.24884033203125 -0.093994140625 0.290130615234375 -0.04571533203125
0.209793090820312 -0.185592651367187 0.2890625 -0.21051025390625
0.236465454101563 -0.156509399414062 0.235565185546875 -0.222457885742188
0.221603393554688 -0.1953125 0.23828125 -0.233856201171875
0.2498779296875 -0.10455322265625 0.210159301757813 -0.1427001953125
0.29571533203125 0.00372314453125 0.0939559936523438 -0.0650177001953125
0.291961669921875 0.153167724609375 0.0129852294921875 -0.127517700195312
0.1307373046875 0.357421875 -0.024688720703125 -0.261276245117188
0.010498046875 0.38690185546875 -0.00473022460937501 -0.45263671875
-0.150665283203125 0.365142822265625 0.224609375 -0.62548828125
-0.2469482421875 0.56439208984375 -0.0638427734375 -0.254318237304687
-0.13287353515625 0.533203125 -0.06011962890625 -0.193511962890625
0.101806640625 0.5965576171875 -0.0437736511230469 -0.00561904907226558
0.313629150390625 0.378814697265625 0.0144844055175781 0.0411033630371094
0.410003662109375 0.194915771484375 0.102935791015625 0.109169006347656
0.3902587890625 -0.0716552734375 0.202224731445313 -0.005523681640625
0.33038330078125 -0.22601318359375 0.193634033203125 -0.124114990234375
0.34832763671875 -0.204193115234375 0.136543273925781 -0.127113342285156
0.327178955078125 -0.27239990234375 0.13897705078125 -0.151992797851563
0.3538818359375 -0.16009521484375 0.103797912597656 -0.0923309326171875
0.427520751953125 -0.01654052734375 0.0174694061279297 -0.0245037078857422
0.42913818359375 0.1690673828125 -0.0493011474609375 -0.0991592407226562
0.24395751953125 0.4759521484375 -0.0804901123046875 -0.230758666992188
0.08795166015625 0.540863037109375 -0.03515625 -0.383544921875
-0.13958740234375 0.556549072265625 0.152191162109375 -0.502044677734375
-0.23614501953125 0.65240478515625 -0.136787414550781 -0.0698471069335937
-0.1318359375 0.61798095703125 -0.0750350952148438 -0.0746078491210937
0.11676025390625 0.69415283203125 -0.0588531494140625 0.017486572265625
0.351898193359375 0.459197998046875 -0.0389518737792968 0.034942626953125
0.46917724609375 0.26483154296875 0.00495910644531253 0.10498046875
0.473846435546875 -0.04449462890625 0.0697784423828125 0.0287666320800781
0.399627685546875 -0.2347412109375 0.0605354309082032 -0.0224494934082031
0.406707763671875 -0.221649169921875 0.018453598022461 -0.011322021484375
0.38232421875 -0.30718994140625 0.0261955261230469 -0.0417289733886719
0.40576171875 -0.191375732421875 -0.0113725662231445 -0.0143451690673828
0.49847412109375 -0.036102294921875 -0.0585594177246094 0.0344123840332031
0.506439208984375 0.16302490234375 -0.100318908691406 -0.0503158569335937
0.320343017578125 0.52239990234375 -0.110061645507812 -0.170074462890625
0.1507568359375 0.6090087890625 -0.0298309326171875 -0.264251708984375
-0.10888671875 0.66021728515625 0.09014892578125 -0.310333251953125
-0.17816162109375 0.64154052734375 -0.213409423828125 0.1439208984375
-0.08599853515625 0.60736083984375 -0.095947265625 0.0744476318359376
0.138916015625 0.661865234375 -0.0732650756835937 0.0524368286132813
0.346771240234375 0.442840576171875 -0.094024658203125 0.0344085693359375
0.453155517578125 0.271575927734375 -0.0989608764648437 0.087799072265625
0.47271728515625 -0.0234375 -0.0815353393554687 0.0608444213867187
0.400360107421875 -0.21087646484375 -0.086944580078125 0.085540771484375
0.4019775390625 -0.203094482421875 -0.10137939453125 0.108566284179687
0.381988525390625 -0.2872314453125 -0.0858230590820312 0.0803680419921875
0.396820068359375 -0.177215576171875 -0.120979309082031 0.0742034912109375
0.484527587890625 -0.026458740234375 -0.126174926757812 0.0932998657226563
0.484710693359375 0.155242919921875 -0.135536193847656 0.002044677734375
0.312042236328125 0.4949951171875 -0.109642028808594 -0.0994720458984375
0.16314697265625 0.5782470703125 0.00574493408203126 -0.116676330566406
-0.0761718750000001 0.65252685546875 0.0463638305664063 -0.0845947265624999
-0.085540771484375 0.53167724609375 -0.269195556640625 0.352386474609375
-0.010955810546875 0.490753173828125 -0.111038208007813 0.225494384765625
0.146514892578125 0.498687744140625 -0.0822296142578125 0.0968093872070313
0.282135009765625 0.326141357421875 -0.132804870605469 0.0493698120117188
0.35479736328125 0.210113525390625 -0.179061889648438 0.0701446533203125
0.385589599609375 -0.014434814453125 -0.214019775390625 0.0921173095703125
0.331268310546875 -0.160858154296875 -0.216583251953125 0.184829711914063
0.335052490234375 -0.15460205078125 -0.20361328125 0.212966918945312
0.3284912109375 -0.213226318359375 -0.187301635742188 0.187942504882813
0.330413818359375 -0.114349365234375 -0.216201782226563 0.1429443359375
0.38763427734375 0.016265869140625 -0.180679321289062 0.123245239257812
0.36328125 0.15203857421875 -0.153457641601562 0.036651611328125
0.217010498046875 0.3963623046875 -0.0902099609375 -0.0374221801757812
0.120819091796875 0.451812744140625 0.0472030639648438 0.0270919799804688
-0.04400634765625 0.538238525390625 0.0146484375 0.136001586914063
0.017120361328125 0.33636474609375 -0.28753662109375 0.5269775390625
0.058319091796875 0.297698974609375 -0.106231689453125 0.355560302734375
0.122833251953125 0.258132934570312 -0.074615478515625 0.14471435546875
0.170394897460938 0.16278076171875 -0.138832092285156 0.0775833129882813
0.2022705078125 0.115921020507813 -0.21588134765625 0.059783935546875
0.236587524414063 -0.005340576171875 -0.297119140625 0.12115478515625
0.210220336914063 -0.0871124267578125 -0.30316162109375 0.2620849609375
0.216766357421875 -0.080322265625 -0.27435302734375 0.284698486328125
0.2281494140625 -0.1044921875 -0.268051147460937 0.258132934570313
0.2181396484375 -0.0302276611328125 -0.287841796875 0.16815185546875
0.230575561523438 0.0621337890625 -0.21868896484375 0.109451293945312
0.18182373046875 0.130859375 -0.157958984375 0.041595458984375
0.0830230712890625 0.238021850585938 -0.0647392272949219 0.0054473876953125
0.0603485107421875 0.257278442382812 0.0705108642578125 0.141372680664063
-0.00616455078125 0.336883544921875 -0.01385498046875 0.310272216796875
0.0993270874023438 0.0877838134765625 -0.26617431640625 0.6390380859375
0.0940780639648438 0.0700225830078125 -0.0777587890625 0.448638916015625
0.0600967407226563 0.00965118408203125 -0.0425872802734375 0.1865234375
0.0312576293945313 0.00753974914550781 -0.108207702636719 0.107887268066406
0.0270481109619141 0.026214599609375 -0.207168579101563 0.052490234375
0.0602912902832031 0.0142898559570313 -0.319976806640625 0.14434814453125
0.0606689453125 0.00455474853515625 -0.332427978515625 0.30401611328125
0.0660667419433594 0.00525665283203125 -0.304168701171875 0.314910888671875
0.09161376953125 0.010711669921875 -0.319244384765625 0.279998779296875
0.0736541748046875 0.0414886474609375 -0.3287353515625 0.150970458984375
0.0490570068359375 0.0753250122070313 -0.23260498046875 0.058746337890625
-0.00519180297851563 0.0655517578125 -0.148162841796875 0.0211181640625
-0.027008056640625 0.0339622497558594 -0.0410881042480469 0.0303802490234375
0.0236854553222656 0.0261192321777344 0.0692291259765625 0.213668823242188
0.0487136840820312 0.0914764404296875 -0.032318115234375 0.411773681640625
-0.145919799804688 0.188369750976563 -0.0240173339843751 -0.462432861328125
-0.0454254150390625 0.194900512695313 -0.095245361328125 -0.28955078125
0.0892791748046875 0.19189453125 -0.00680446624755859 -0.0169734954833984
0.152938842773438 0.072235107421875 0.1058349609375 0.0210189819335938
0.150894165039062 -0.0290374755859375 0.23065185546875 0.0338287353515625
0.0724639892578125 -0.0926666259765625 0.333038330078125 -0.111175537109375
0.0551681518554688 -0.112373352050781 0.326324462890625 -0.298187255859375
0.0848541259765625 -0.09149169921875 0.290374755859375 -0.31121826171875
0.07061767578125 -0.104286193847656 0.3033447265625 -0.3046875
0.104972839355469 -0.0594940185546875 0.295166015625 -0.18194580078125
0.135810852050781 -0.0084228515625 0.1651611328125 -0.092437744140625
0.148101806640625 0.08587646484375 0.0698013305664063 -0.138710021972656
0.0438690185546875 0.1846923828125 0.02325439453125 -0.262191772460938
-0.0338134765625 0.183258056640625 0.0147705078125 -0.473358154296875
-0.118385314941406 0.134109497070312 0.26519775390625 -0.70458984375
-0.18890380859375 0.4217529296875 -0.03497314453125 -0.402801513671875
-0.077728271484375 0.3931884765625 -0.0794830322265625 -0.273147583007813
0.125274658203125 0.416717529296875 -0.0241031646728516 -0.0159645080566406
0.262557983398438 0.225845336914063 0.0655899047851563 0.0355148315429688
0.3094482421875 0.0687255859375 0.188079833984375 0.08062744140625
0.244369506835938 -0.10638427734375 0.296173095703125 -0.06341552734375
0.201675415039063 -0.197723388671875 0.285064697265625 -0.234893798828125
0.232742309570312 -0.174667358398437 0.23187255859375 -0.244491577148437
0.211929321289062 -0.213134765625 0.235305786132812 -0.257308959960938
0.248184204101563 -0.120819091796875 0.214202880859375 -0.158203125
0.302642822265625 -0.013763427734375 0.0981674194335938 -0.0690765380859375
0.311248779296875 0.1385498046875 0.00666046142578127 -0.130844116210938
0.157958984375 0.359649658203125 -0.0428619384765625 -0.265167236328125
0.034515380859375 0.394775390625 -0.0330810546875 -0.462127685546875
-0.129180908203125 0.3883056640625 0.19500732421875 -0.65509033203125
-0.2171630859375 0.59759521484375 -0.0761871337890625 -0.26751708984375
-0.1064453125 0.55352783203125 -0.0719757080078125 -0.200668334960938
0.142822265625 0.60540771484375 -0.0365753173828125 -0.00586700439453122
0.340240478515625 0.369049072265625 0.0198974609375 0.0375289916992188
0.43157958984375 0.17431640625 0.114425659179688 0.103866577148438
0.39324951171875 -0.092620849609375 0.208389282226563 -0.01861572265625
0.323394775390625 -0.246978759765625 0.193359375 -0.141159057617188
0.346221923828125 -0.230926513671875 0.13702392578125 -0.139427185058594
0.31646728515625 -0.29815673828125 0.136947631835938 -0.16705322265625
0.352569580078125 -0.18353271484375 0.107261657714844 -0.100028991699219
0.437225341796875 -0.04266357421875 0.0226669311523438 -0.0238132476806641
0.454010009765625 0.148223876953125 -0.0542831420898437 -0.0985565185546875
0.28076171875 0.4764404296875 -0.09649658203125 -0.229354858398437
0.121917724609375 0.5484619140625 -0.05810546875 -0.388946533203125
-0.1090087890625 0.58709716796875 0.1292724609375 -0.521209716796875
-0.20355224609375 0.689697265625 -0.139411926269531 -0.0713806152343749
-0.10162353515625 0.64471435546875 -0.07830810546875 -0.0769424438476562
0.1644287109375 0.70703125 -0.0479812622070313 0.0182723999023438
0.387237548828125 0.45233154296875 -0.0334720611572265 0.0344791412353516
0.49957275390625 0.2452392578125 0.015106201171875 0.104827880859375
0.48211669921875 -0.070709228515625 0.0741195678710938 0.0231704711914062
0.395538330078125 -0.259765625 0.0625381469726563 -0.0277900695800781
0.40704345703125 -0.2520751953125 0.0238609313964844 -0.0126285552978516
0.373626708984375 -0.337677001953125 0.0261993408203125 -0.0452690124511719
0.405303955078125 -0.217681884765625 -0.00674915313720701 -0.0125198364257813
0.50909423828125 -0.0670166015625 -0.0510215759277343 0.0401802062988281
0.532958984375 0.1375732421875 -0.103279113769531 -0.0462646484375
0.3607177734375 0.521087646484375 -0.122390747070312 -0.1661376953125
0.18975830078125 0.61700439453125 -0.0439605712890625 -0.265914916992188
-0.0744628906249999 0.69366455078125 0.07830810546875 -0.31866455078125
-0.14892578125 0.6763916015625 -0.205154418945313 0.15423583984375
-0.056884765625 0.6329345703125 -0.0904464721679688 0.079071044921875
0.18524169921875 0.6756591796875 -0.0595359802246094 0.0555305480957031
0.382080078125 0.436370849609375 -0.08843994140625 0.0367660522460938
0.48602294921875 0.252838134765625 -0.0929489135742187 0.0928726196289063
0.485137939453125 -0.0499267578125 -0.0805282592773437 0.0642166137695312
0.398651123046875 -0.23736572265625 -0.0822677612304687 0.09246826171875
0.4049072265625 -0.234222412109375 -0.0923080444335937 0.118095397949219
0.376129150390625 -0.316680908203125 -0.0826492309570312 0.0877456665039063
0.398284912109375 -0.2025146484375 -0.115585327148437 0.0852890014648437
0.496673583984375 -0.055419921875 -0.116783142089844 0.103111267089844
0.510498046875 0.1318359375 -0.134811401367187 0.00978851318359378
0.350616455078125 0.4937744140625 -0.117019653320312 -0.0939254760742187
0.19671630859375 0.5858154296875 0.00155639648437501 -0.116706848144531
-0.04107666015625 0.68353271484375 0.0472793579101563 -0.0820388793945312
-0.060394287109375 0.558685302734375 -0.25079345703125 0.375518798828125
0.0133972167968749 0.510528564453125 -0.095367431640625 0.23687744140625
0.182220458984375 0.508514404296875 -0.0664443969726562 0.101295471191406
0.310577392578125 0.321380615234375 -0.127494812011719 0.0539932250976563
0.38287353515625 0.196075439453125 -0.178314208984375 0.08050537109375
0.3992919921875 -0.0352783203125 -0.216506958007812 0.105300903320312
0.33294677734375 -0.183563232421875 -0.209701538085938 0.20330810546875
0.3397216796875 -0.17974853515625 -0.19158935546875 0.231155395507812
0.327484130859375 -0.23919677734375 -0.179702758789062 0.20574951171875
0.335174560546875 -0.134307861328125 -0.210418701171875 0.1602783203125
0.40020751953125 -0.005523681640625 -0.172760009765625 0.135696411132812
0.38525390625 0.13641357421875 -0.151641845703125 0.045989990234375
0.246856689453125 0.4010009765625 -0.0929031372070312 -0.0314407348632812
0.145538330078125 0.459716796875 0.052581787109375 0.027252197265625
-0.016845703125 0.56353759765625 0.026947021484375 0.146728515625
0.0308837890625 0.350433349609375 -0.2593994140625 0.555328369140625
0.073883056640625 0.30712890625 -0.082763671875 0.37152099609375
0.141357421875 0.262893676757812 -0.0587158203125 0.149612426757813
0.18499755859375 0.1602783203125 -0.132926940917969 0.0838088989257813
0.218719482421875 0.110336303710938 -0.217880249023438 0.07122802734375
0.247573852539063 -0.017608642578125 -0.3016357421875 0.14056396484375
0.213363647460937 -0.101318359375 -0.294952392578125 0.2877197265625
0.222808837890625 -0.0968170166015625 -0.26129150390625 0.309814453125
0.232437133789062 -0.122650146484375 -0.259918212890625 0.283050537109375
0.225128173828125 -0.0422821044921875 -0.284759521484375 0.191070556640625
0.24261474609375 0.050933837890625 -0.214630126953125 0.123489379882812
0.198287963867188 0.125656127929687 -0.155914306640625 0.0517730712890625
0.100265502929688 0.245529174804688 -0.0649490356445312 0.0109367370605469
0.0725860595703125 0.265411376953125 0.083648681640625 0.143646240234375
0.00936889648437498 0.353790283203125 0.00802612304687497 0.327392578125
0.0999069213867188 0.0881271362304688 -0.23223876953125 0.67156982421875
0.0974044799804688 0.06854248046875 -0.048583984375 0.4658203125
0.0602455139160156 0.00922012329101563 -0.027252197265625 0.191131591796875
0.0324745178222656 0.00820350646972656 -0.101219177246094 0.112625122070313
0.0317726135253906 0.0291557312011719 -0.21063232421875 0.0643768310546875
0.06787109375 0.0129470825195313 -0.32421875 0.165985107421875
0.0660438537597656 0.00030517578125 -0.324920654296875 0.334136962890625
0.0720901489257813 0.000579833984375 -0.292205810546875 0.34161376953125
0.10009765625 0.00339508056640625 -0.3104248046875 0.308685302734375
0.0812530517578125 0.0375137329101563 -0.329437255859375 0.174560546875
0.0584259033203125 0.07427978515625 -0.233978271484375 0.0724029541015625
0.00292587280273437 0.0702629089355469 -0.147857666015625 0.03094482421875
-0.0243759155273437 0.0428733825683594 -0.0390281677246094 0.0350074768066406
0.0231037139892578 0.0317420959472656 0.08599853515625 0.218048095703125
0.0499725341796875 0.0971298217773438 -0.00708007812500001 0.433074951171875
-0.126693725585937 0.199508666992188 -0.062103271484375 -0.474700927734375
-0.03118896484375 0.197128295898438 -0.121490478515625 -0.287689208984375
0.103836059570313 0.184249877929688 -0.00698852539062499 -0.0190696716308594
0.156494140625 0.0599212646484375 0.106307983398438 0.0120468139648438
0.145065307617187 -0.0421600341796875 0.235183715820312 0.0152587890625
0.0611343383789063 -0.0945892333984375 0.33087158203125 -0.136932373046875
0.044830322265625 -0.113555908203125 0.3065185546875 -0.32965087890625
0.0766677856445313 -0.0979461669921875 0.269683837890625 -0.340301513671875
0.0588302612304688 -0.108833312988281 0.283782958984375 -0.336761474609375
0.0995254516601563 -0.0685043334960938 0.2896728515625 -0.20953369140625
0.135971069335938 -0.0202713012695313 0.163375854492188 -0.104385375976563
0.15826416015625 0.0725250244140625 0.0580596923828125 -0.144775390625
0.0606536865234375 0.181198120117188 -0.000259399414062474 -0.265655517578125
-0.017059326171875 0.18499755859375 -0.024871826171875 -0.47784423828125
-0.104095458984375 0.145980834960938 0.20965576171875 -0.73443603515625
-0.15234375 0.441375732421875 -0.0676574707031251 -0.414886474609375
-0.0482177734375 0.4010009765625 -0.103179931640625 -0.273712158203125
0.160369873046875 0.41033935546875 -0.0208320617675781 -0.0182952880859375
0.280120849609375 0.206466674804688 0.0685157775878906 0.0281524658203125
0.315521240234375 0.043548583984375 0.197601318359375 0.0651092529296875
0.234954833984375 -0.122665405273438 0.296905517578125 -0.08782958984375
0.186630249023438 -0.211105346679688 0.270767211914063 -0.261932373046875
0.220657348632813 -0.194473266601563 0.217788696289062 -0.267776489257813
0.193405151367188 -0.230636596679688 0.2186279296875 -0.2825927734375
0.241226196289063 -0.140548706054688 0.209945678710938 -0.178146362304688
0.304473876953125 -0.038726806640625 0.0990753173828125 -0.0754013061523437
0.328857421875 0.113494873046875 -0.00350189208984373 -0.131965637207031
0.191650390625 0.352081298828125 -0.0653228759765625 -0.26165771484375
0.066680908203125 0.3948974609375 -0.0704345703125 -0.462890625
-0.095977783203125 0.407379150390625 0.14630126953125 -0.67913818359375
-0.1669921875 0.623779296875 -0.0969696044921875 -0.273666381835937
-0.06573486328125 0.56781005859375 -0.0895538330078125 -0.2012939453125
0.1934814453125 0.59906005859375 -0.0292816162109375 -0.00827407836914059
0.3721923828125 0.346923828125 0.0246868133544922 0.0331573486328125
0.450714111328125 0.140625 0.12591552734375 0.0931243896484375
0.386627197265625 -0.12066650390625 0.20977783203125 -0.0367584228515625
0.30670166015625 -0.270599365234375 0.185714721679688 -0.159683227539063
0.332977294921875 -0.261260986328125 0.131973266601563 -0.154067993164063
0.293487548828125 -0.325439453125 0.12677001953125 -0.182464599609375
0.342742919921875 -0.2113037109375 0.106857299804688 -0.109992980957031
0.43853759765625 -0.078857421875 0.0271701812744141 -0.0244426727294922
0.475250244140625 0.11309814453125 -0.0610580444335937 -0.0945281982421875
0.325592041015625 0.46295166015625 -0.115631103515625 -0.221023559570313
0.167327880859375 0.54351806640625 -0.088653564453125 -0.3858642578125
-0.05914306640625 0.6094970703125 0.091705322265625 -0.5355224609375
-0.14862060546875 0.7188720703125 -0.1436767578125 -0.0696563720703125
-0.0540771484375 0.66265869140625 -0.084564208984375 -0.0758895874023437
0.2275390625 0.70330810546875 -0.0362052917480469 0.0165290832519532
0.427032470703125 0.426483154296875 -0.027933120727539 0.0330066680908203
0.52813720703125 0.207611083984375 0.0266876220703125 0.101531982421875
0.482177734375 -0.106658935546875 0.076568603515625 0.01544189453125
0.37969970703125 -0.290863037109375 0.0628013610839844 -0.0344657897949219
0.39361572265625 -0.28961181640625 0.0276508331298828 -0.0156726837158203
0.3485107421875 -0.37261962890625 0.0250511169433594 -0.0481834411621094
0.3929443359375 -0.2493896484375 -0.00307750701904295 -0.0117263793945313
0.509735107421875 -0.107574462890625 -0.0421218872070312 0.0450210571289062
0.553985595703125 0.095703125 -0.105499267578125 -0.038330078125
0.4088134765625 0.50335693359375 -0.136093139648437 -0.154983520507812
0.23785400390625 0.61077880859375 -0.0636444091796875 -0.262603759765625
-0.0156860351562501 0.71630859375 0.057861328125 -0.323516845703125
-0.0960693359375001 0.70428466796875 -0.191574096679688 0.166915893554688
-0.00842285156249997 0.6500244140625 -0.082489013671875 0.084381103515625
0.246337890625 0.67144775390625 -0.04437255859375 0.0551643371582032
0.422515869140625 0.4132080078125 -0.0818557739257812 0.039642333984375
0.51580810546875 0.216888427734375 -0.0833969116210937 0.09844970703125
0.48956298828125 -0.0875244140625 -0.07769775390625 0.0692901611328125
0.3861083984375 -0.270233154296875 -0.0742263793945312 0.0995025634765625
0.39422607421875 -0.271514892578125 -0.0789566040039062 0.125617980957031
0.355072021484375 -0.35247802734375 -0.0738143920898437 0.0964508056640625
0.387847900390625 -0.233612060546875 -0.106483459472656 0.0960769653320312
0.498046875 -0.09576416015625 -0.104484558105469 0.112251281738281
0.530242919921875 0.092559814453125 -0.132621765136719 0.019989013671875
0.396575927734375 0.477081298828125 -0.124382019042969 -0.0822601318359374
0.24273681640625 0.57916259765625 -0.00446319580078124 -0.11553955078125
0.01239013671875 0.70477294921875 0.0467300415039062 -0.0803222656249999
-0.02001953125 0.5772705078125 -0.218994140625 0.3968505859375
0.0518798828124999 0.52191162109375 -0.073974609375 0.245285034179688
0.228271484375 0.504974365234375 -0.0493011474609375 0.102401733398438
0.34130859375 0.303680419921875 -0.120132446289062 0.05987548828125
0.409027099609375 0.16888427734375 -0.171539306640625 0.0926055908203125
0.404388427734375 -0.066131591796875 -0.213516235351562 0.121749877929688
0.324493408203125 -0.210693359375 -0.195068359375 0.222686767578125
0.33270263671875 -0.211090087890625 -0.170440673828125 0.248916625976562
0.314117431640625 -0.269805908203125 -0.163284301757812 0.224807739257812
0.331329345703125 -0.160186767578125 -0.19757080078125 0.180130004882812
0.405181884765625 -0.037109375 -0.159393310546875 0.149322509765625
0.403961181640625 0.108917236328125 -0.146331787109375 0.0579986572265625
0.284759521484375 0.391448974609375 -0.095184326171875 -0.021759033203125
0.17987060546875 0.458953857421875 0.0591392517089844 0.0257225036621094
0.0262451171875 0.580078125 0.04425048828125 0.1531982421875
0.054290771484375 0.358489990234375 -0.21392822265625 0.5819091796875
0.09625244140625 0.308868408203125 -0.049285888671875 0.381561279296875
0.16424560546875 0.258834838867187 -0.0403900146484375 0.151458740234375
0.20111083984375 0.150238037109375 -0.12384033203125 0.0910720825195313
0.235198974609375 0.0955810546875 -0.214126586914063 0.08734130859375
0.253646850585938 -0.036895751953125 -0.2978515625 0.16571044921875
0.210494995117188 -0.119705200195313 -0.2752685546875 0.316436767578125
0.221450805664063 -0.11810302734375 -0.237091064453125 0.335052490234375
0.229461669921875 -0.14556884765625 -0.23797607421875 0.31036376953125
0.22796630859375 -0.06024169921875 -0.272384643554688 0.217117309570313
0.251739501953125 0.0323333740234375 -0.20379638671875 0.139373779296875
0.213790893554688 0.113204956054688 -0.151046752929688 0.06427001953125
0.123214721679688 0.246994018554688 -0.0634269714355469 0.0186424255371094
0.0915069580078125 0.267333984375 0.099212646484375 0.141143798828125
0.034423828125 0.364959716796875 0.039215087890625 0.337890625
0.102348327636719 0.0848236083984375 -0.1778564453125 0.6971435546875
0.101463317871094 0.063720703125 -0.00665283203124998 0.474151611328125
0.0595169067382813 0.007232666015625 -0.00863647460937498 0.191024780273438
0.0335102081298828 0.00767135620117188 -0.0910720825195313 0.117942810058594
0.0372848510742188 0.0298385620117188 -0.20916748046875 0.0795898437500001
0.073944091796875 0.00794219970703125 -0.319488525390625 0.19390869140625
0.070098876953125 -0.00571823120117188 -0.30157470703125 0.366119384765625
0.0771408081054687 -0.00732421875 -0.26678466796875 0.370330810546875
0.10614013671875 -0.0079193115234375 -0.286773681640625 0.3416748046875
0.089324951171875 0.0305404663085938 -0.32025146484375 0.204315185546875
0.0672264099121094 0.0699844360351563 -0.229888916015625 0.089996337890625
0.0123519897460937 0.0720748901367188 -0.144332885742188 0.0436859130859375
-0.0181503295898437 0.0514297485351563 -0.0355873107910156 0.0399665832519531
0.0239410400390625 0.0366363525390625 0.107040405273438 0.2159423828125
0.054779052734375 0.09954833984375 0.0303955078125 0.445587158203125
-0.104095458984375 0.202392578125 -0.10089111328125 -0.467620849609375
-0.015594482421875 0.193115234375 -0.14447021484375 -0.274246215820313
0.115493774414063 0.17041015625 -0.00705337524414062 -0.0206031799316406
0.155319213867188 0.046234130859375 0.103385925292969 0.0023193359375
0.134323120117188 -0.0534744262695313 0.231231689453125 -0.0037384033203125
0.0487213134765625 -0.0933151245117187 0.316497802734375 -0.160552978515625
0.0341644287109375 -0.110824584960937 0.2750244140625 -0.3494873046875
0.0656509399414063 -0.101173400878906 0.237152099609375 -0.357818603515625
0.0458526611328125 -0.109207153320313 0.25146484375 -0.3577880859375
0.0906448364257813 -0.074554443359375 0.271774291992188 -0.2310791015625
0.130996704101563 -0.0313873291015625 0.155776977539063 -0.113113403320313
0.162155151367188 0.0565185546875 0.0445098876953125 -0.144699096679688
0.0750885009765625 0.171859741210938 -0.0230255126953125 -0.259063720703125
-0.000350952148437506 0.180328369140625 -0.064453125 -0.46502685546875
-0.0853271484375 0.152389526367188 0.14447021484375 -0.73736572265625
-0.109832763671875 0.444366455078125 -0.10174560546875 -0.4091796875
-0.01702880859375 0.396087646484375 -0.124710083007812 -0.262588500976563
0.190032958984375 0.38763427734375 -0.0174732208251953 -0.0206623077392578
0.288818359375 0.18060302734375 0.06878662109375 0.0199508666992188
0.3099365234375 0.016387939453125 0.199066162109375 0.0466156005859375
0.217788696289063 -0.134597778320313 0.285858154296875 -0.110137939453125
0.165679931640625 -0.218124389648438 0.246139526367188 -0.280990600585938
0.200149536132813 -0.20843505859375 0.19366455078125 -0.283355712890625
0.16839599609375 -0.239959716796875 0.191986083984375 -0.29925537109375
0.22491455078125 -0.157135009765625 0.196701049804688 -0.1942138671875
0.295989990234375 -0.061859130859375 0.096343994140625 -0.0800857543945313
0.335205078125 0.08392333984375 -0.01373291015625 -0.127944946289063
0.2188720703125 0.331451416015625 -0.085845947265625 -0.24957275390625
0.0977783203125 0.380859375 -0.106658935546875 -0.446319580078125
-0.05657958984375 0.410888671875 0.08953857421875 -0.67529296875
-0.109130859375 0.62774658203125 -0.117706298828125 -0.268890380859375
-0.02020263671875 0.56256103515625 -0.105087280273437 -0.193618774414062
0.24163818359375 0.57196044921875 -0.0228176116943359 -0.0122947692871093
0.3912353515625 0.31072998046875 0.0273017883300781 0.0263710021972656
0.452728271484375 0.099853515625 0.133010864257813 0.0784149169921875
0.368499755859375 -0.146484375 0.20367431640625 -0.053924560546875
0.279266357421875 -0.28753662109375 0.17071533203125 -0.173782348632813
0.3065185546875 -0.284515380859375 0.119781494140625 -0.1646728515625
0.259368896484375 -0.342742919921875 0.11126708984375 -0.191055297851563
0.31982421875 -0.233184814453125 0.101104736328125 -0.11822509765625
0.423736572265625 -0.1116943359375 0.0305824279785156 -0.0255470275878906
0.47998046875 0.071868896484375 -0.0666275024414062 -0.087554931640625
0.361602783203125 0.43072509765625 -0.130615234375 -0.204910278320312
0.207305908203125 0.52191162109375 -0.11669921875 -0.3697509765625
-0.00573730468749999 0.60943603515625 0.049957275390625 -0.52880859375
-0.08563232421875 0.72235107421875 -0.145782470703125 -0.0635986328125
-0.000366210937499939 0.65728759765625 -0.088409423828125 -0.0708236694335937
0.28436279296875 0.67242431640625 -0.0258636474609375 0.011098861694336
0.45361328125 0.3858642578125 -0.0221290588378906 0.0297718048095703
0.53656005859375 0.157806396484375 0.0367889404296875 0.0941543579101563
0.46490478515625 -0.141082763671875 0.075164794921875 0.00748443603515624
0.350311279296875 -0.313629150390625 0.0599174499511719 -0.0407371520996094
0.365478515625 -0.31842041015625 0.0299301147460938 -0.0199375152587891
0.31201171875 -0.3924560546875 0.0230560302734375 -0.0497932434082031
0.366851806640625 -0.274749755859375 0.000587463378906274 -0.0115184783935547
0.491790771484375 -0.146728515625 -0.0320549011230468 0.0465660095214844
0.554046630859375 0.048980712890625 -0.104705810546875 -0.0294189453125
0.447418212890625 0.464996337890625 -0.143539428710937 -0.137237548828125
0.28070068359375 0.5819091796875 -0.0811157226562499 -0.249969482421875
0.045654296875 0.71160888671875 0.034942626953125 -0.317291259765625
-0.0366821289062499 0.7034912109375 -0.172821044921875 0.173431396484375
0.0438232421875 0.64312744140625 -0.0725784301757812 0.0864562988281251
0.29949951171875 0.64166259765625 -0.0304412841796875 0.0497627258300782
0.448760986328125 0.372894287109375 -0.0736160278320312 0.0406265258789063
0.52783203125 0.1697998046875 -0.0713653564453124 0.100669860839844
0.47607421875 -0.124298095703125 -0.073211669921875 0.0735321044921875
0.359832763671875 -0.29559326171875 -0.064056396484375 0.102836608886719
0.36865234375 -0.301300048828125 -0.0628204345703125 0.128372192382812
0.320892333984375 -0.375335693359375 -0.0619430541992187 0.101707458496094
0.364105224609375 -0.25836181640625 -0.0931472778320312 0.102996826171875
0.48126220703125 -0.132720947265625 -0.0882110595703125 0.117523193359375
0.530853271484375 0.048492431640625 -0.125732421875 0.0295257568359375
0.4312744140625 0.44281005859375 -0.125457763671875 -0.0669403076171875
0.280731201171875 0.55291748046875 -0.00991058349609374 -0.111030578613281
0.072509765625 0.69879150390625 0.0443801879882813 -0.0769119262695312
0.0262451171875 0.5751953125 -0.181121826171875 0.404541015625
0.090057373046875 0.511962890625 -0.050079345703125 0.244796752929688
0.26763916015625 0.48193359375 -0.0334625244140625 0.0972976684570313
0.3616943359375 0.273590087890625 -0.109161376953125 0.0635299682617188
0.420013427734375 0.133453369140625 -0.158950805664062 0.102386474609375
0.3955078125 -0.097808837890625 -0.202346801757812 0.136077880859375
0.304779052734375 -0.232818603515625 -0.172012329101563 0.23553466796875
0.31304931640625 -0.23675537109375 -0.143936157226562 0.257003784179687
0.28863525390625 -0.29248046875 -0.138687133789063 0.235061645507812
0.31427001953125 -0.182525634765625 -0.176742553710938 0.193984985351562
0.39569091796875 -0.06842041015625 -0.1409912109375 0.156997680664062
0.407501220703125 0.0740966796875 -0.136245727539063 0.0684738159179687
0.313720703125 0.36737060546875 -0.0927810668945313 -0.01068115234375
0.211700439453125 0.43994140625 0.0634346008300781 0.0221939086914063
0.07281494140625 0.57513427734375 0.061614990234375 0.152297973632813
0.07952880859375 0.353790283203125 -0.15985107421875 0.58642578125
0.1170654296875 0.300079345703125 -0.01495361328125 0.37774658203125
0.183090209960938 0.244766235351563 -0.0225372314453125 0.146133422851563
0.211029052734375 0.134231567382813 -0.111297607421875 0.094512939453125
0.24298095703125 0.0759735107421875 -0.202713012695313 0.101089477539062
0.250396728515625 -0.0562591552734375 -0.2825927734375 0.1865234375
0.200424194335938 -0.135086059570313 -0.245086669921875 0.334686279296875
0.2117919921875 -0.135848999023438 -0.20208740234375 0.3472900390625
0.21600341796875 -0.1646728515625 -0.204620361328125 0.32568359375
0.221847534179687 -0.076934814453125 -0.248825073242187 0.23663330078125
0.250747680664063 0.0119476318359375 -0.1873779296875 0.151138305664062
0.22222900390625 0.0943145751953125 -0.140083312988281 0.0753097534179688
0.144241333007812 0.237716674804688 -0.0588302612304688 0.0256462097167969
0.109405517578125 0.260772705078125 0.111770629882813 0.131088256835938
0.06158447265625 0.363037109375 0.070953369140625 0.33349609375
0.102767944335938 0.079345703125 -0.11505126953125 0.6983642578125
0.10272216796875 0.0565109252929688 0.033935546875 0.465789794921875
0.05694580078125 0.00562286376953125 0.00868225097656252 0.183624267578125
0.0335044860839844 0.0068206787109375 -0.0778274536132813 0.118637084960937
0.0416641235351563 0.0287322998046875 -0.200149536132813 0.09307861328125
0.0779037475585938 0.0012359619140625 -0.302581787109375 0.216796875
0.0712661743164063 -0.0124969482421875 -0.266754150390625 0.38671875
0.0783309936523438 -0.0148773193359375 -0.230010986328125 0.3861083984375
0.107246398925781 -0.019989013671875 -0.251617431640625 0.361907958984375
0.0928802490234375 0.021881103515625 -0.297637939453125 0.2288818359375
0.0745391845703125 0.0629501342773438 -0.218231201171875 0.105300903320313
0.0212478637695312 0.0704727172851563 -0.135551452636719 0.05438232421875
-0.0105781555175781 0.0565071105957031 -0.0301704406738281 0.0437431335449219
0.0253982543945312 0.0399589538574219 0.125259399414063 0.204833984375
0.0587844848632812 0.0991363525390625 0.06903076171875 0.44061279296875
-0.0855865478515625 0.1986083984375 -0.12591552734375 -0.45123291015625
-0.0049285888671875 0.184783935546875 -0.155731201171875 -0.258697509765625
0.11981201171875 0.155563354492188 -0.00696754455566405 -0.0223674774169922
0.149566650390625 0.03546142578125 0.0977325439453125 -0.00424957275390625
0.121719360351562 -0.0591354370117188 0.2225341796875 -0.0156402587890625
0.0392837524414063 -0.0882034301757813 0.2989501953125 -0.17279052734375
0.0262985229492187 -0.105705261230469 0.245574951171875 -0.354766845703125
0.0561676025390625 -0.100212097167969 0.208892822265625 -0.361724853515625
0.0352706909179688 -0.104942321777344 0.2218017578125 -0.36248779296875
0.0819625854492188 -0.0768890380859375 0.253097534179687 -0.2425537109375
0.124610900878906 -0.0383453369140625 0.14788818359375 -0.11639404296875
0.160934448242188 0.0429229736328125 0.0343017578125 -0.140609741210938
0.0831756591796875 0.160629272460938 -0.038818359375 -0.247100830078125
0.01080322265625 0.171951293945313 -0.08990478515625 -0.44366455078125
-0.069366455078125 0.151885986328125 0.09619140625 -0.71826171875
-0.077911376953125 0.432708740234375 -0.1231689453125 -0.395050048828125
0.00415039062500001 0.38177490234375 -0.1368408203125 -0.248687744140625
0.20623779296875 0.360595703125 -0.0149650573730469 -0.0245838165283203
0.286712646484375 0.158233642578125 0.0663032531738281 0.013092041015625
0.296539306640625 -0.002655029296875 0.194778442382813 0.03363037109375
0.199859619140625 -0.137786865234375 0.272293090820313 -0.12225341796875
0.147903442382813 -0.215911865234375 0.222015380859375 -0.28704833984375
0.181686401367187 -0.212722778320312 0.171722412109375 -0.28765869140625
0.146987915039063 -0.2396240234375 0.16925048828125 -0.301849365234375
0.20770263671875 -0.162857055664063 0.183181762695313 -0.201217651367188
0.282196044921875 -0.077728271484375 0.0931777954101563 -0.0815048217773438
0.3299560546875 0.060394287109375 -0.0202560424804687 -0.121437072753906
0.2333984375 0.30908203125 -0.0962982177734375 -0.233566284179688
0.115936279296875 0.36138916015625 -0.1282958984375 -0.423736572265625
-0.0264892578125 0.4031982421875 0.0487060546875 -0.6549072265625
-0.06646728515625 0.61273193359375 -0.130294799804687 -0.259017944335937
0.010101318359375 0.543548583984375 -0.11285400390625 -0.183853149414063
0.268157958984375 0.5367431640625 -0.017822265625 -0.0184707641601562
0.393280029296875 0.279144287109375 0.0282402038574219 0.0204925537109375
0.441070556640625 0.06964111328125 0.133392333984375 0.0665969848632812
0.345916748046875 -0.159210205078125 0.194000244140625 -0.0642242431640625
0.253814697265625 -0.289825439453125 0.154861450195313 -0.179779052734375
0.280609130859375 -0.2933349609375 0.10870361328125 -0.168960571289063
0.229400634765625 -0.3447265625 0.0982666015625 -0.192626953125
0.296234130859375 -0.241363525390625 0.095184326171875 -0.121589660644531
0.40362548828125 -0.131866455078125 0.0329742431640625 -0.0262680053710938
0.468505859375 0.041168212890625 -0.06805419921875 -0.0803070068359375
0.37701416015625 0.39813232421875 -0.135223388671875 -0.187240600585937
0.228485107421875 0.493194580078125 -0.131439208984375 -0.348663330078125
0.0333251953125 0.59375 0.02081298828125 -0.5103759765625
-0.0374755859375 0.7064208984375 -0.1444091796875 -0.058990478515625
0.03387451171875 0.63641357421875 -0.0889968872070312 -0.0659255981445312
0.3153076171875 0.63299560546875 -0.0186500549316406 0.00311088562011723
0.459930419921875 0.347625732421875 -0.0182418823242187 0.0256195068359375
0.52880859375 0.120574951171875 0.0424041748046875 0.0858078002929688
0.440826416015625 -0.159912109375 0.0721588134765625 0.00262451171874999
0.321014404296875 -0.3209228515625 0.05633544921875 -0.0442237854003906
0.335968017578125 -0.3309326171875 0.0305538177490235 -0.0240249633789063
0.277099609375 -0.396240234375 0.0219535827636719 -0.0499534606933594
0.340179443359375 -0.284515380859375 0.00421333312988283 -0.012019157409668
0.467071533203125 -0.16851806640625 -0.0233993530273437 0.0461311340332031
0.539031982421875 0.01531982421875 -0.100418090820312 -0.0226974487304688
0.462860107421875 0.4276123046875 -0.142898559570312 -0.121246337890625
0.30126953125 0.548126220703125 -0.0891265869140625 -0.235275268554687
0.0882568359375 0.69140625 0.019989013671875 -0.303558349609375
0.00671386718749997 0.6868896484375 -0.155548095703125 0.173370361328125
0.075927734375 0.62384033203125 -0.064300537109375 0.0858688354492188
0.32977294921875 0.6044921875 -0.0207672119140625 0.0408706665039063
0.45623779296875 0.33544921875 -0.0665054321289062 0.0384521484375
0.522674560546875 0.132415771484375 -0.0609130859375 0.0976028442382813
0.45404052734375 -0.14556884765625 -0.0687484741210937 0.0753326416015625
0.33160400390625 -0.30401611328125 -0.0550994873046875 0.102874755859375
0.341278076171875 -0.314849853515625 -0.0499496459960937 0.12542724609375
0.287689208984375 -0.381439208984375 -0.0504379272460937 0.101432800292969
0.339111328125 -0.26861572265625 -0.0803375244140625 0.104736328125
0.458160400390625 -0.155853271484375 -0.0748519897460937 0.116485595703125
0.516021728515625 0.015625 -0.117477416992187 0.0352401733398438
0.44598388671875 0.406158447265625 -0.121284484863281 -0.054901123046875
0.30218505859375 0.520416259765625 -0.0123519897460937 -0.105598449707031
0.1114501953125 0.678466796875 0.0443878173828125 -0.0723495483398437
0.057708740234375 0.5604248046875 -0.148651123046875 0.397735595703125
0.1134033203125 0.495269775390625 -0.0326690673828125 0.238388061523438
0.288665771484375 0.45147705078125 -0.021942138671875 0.0881271362304688
0.366180419921875 0.246368408203125 -0.0990066528320312 0.0631332397460938
0.417083740234375 0.104644775390625 -0.146102905273437 0.104721069335938
0.37933349609375 -0.11688232421875 -0.191146850585937 0.143936157226563
0.28302001953125 -0.242462158203125 -0.1522216796875 0.237548828125
0.292572021484375 -0.249481201171875 -0.121185302734375 0.255294799804688
0.26287841796875 -0.30072021484375 -0.116424560546875 0.235244750976562
0.295684814453125 -0.192626953125 -0.157028198242187 0.1976318359375
0.3795166015625 -0.087677001953125 -0.124069213867187 0.157470703125
0.39947509765625 0.0482177734375 -0.124984741210937 0.0727920532226563
0.328277587890625 0.3408203125 -0.0862579345703125 -0.00263214111328122
0.22723388671875 0.41778564453125 0.06658935546875 0.0183525085449219
0.1048583984375 0.558197021484375 0.0742340087890625 0.147323608398438
0.094268798828125 0.34271240234375 -0.118896484375 0.57342529296875
0.127410888671875 0.2869873046875 0.010009765625 0.364349365234375
0.191314697265625 0.22955322265625 -0.0113067626953125 0.137313842773438
0.212753295898437 0.119842529296875 -0.0997467041015625 0.0932083129882813
0.242813110351563 0.060455322265625 -0.189010620117187 0.106155395507813
0.24267578125 -0.0701904296875 -0.266311645507813 0.197891235351563
0.188873291015625 -0.142242431640625 -0.216278076171875 0.339385986328125
0.199874877929688 -0.146209716796875 -0.17303466796875 0.346221923828125
0.201400756835937 -0.174545288085937 -0.174896240234375 0.3270263671875
0.212738037109375 -0.087005615234375 -0.224868774414063 0.243988037109375
0.24481201171875 -0.00238037109375 -0.170623779296875 0.154434204101563
0.222198486328125 0.078704833984375 -0.12823486328125 0.0794677734375
0.156463623046875 0.225433349609375 -0.0528602600097656 0.0299339294433594
0.118927001953125 0.249649047851563 0.118110656738281 0.120811462402344
0.079071044921875 0.35394287109375 0.09234619140625 0.322052001953125
0.10052490234375 0.0749130249023438 -0.069580078125 0.68023681640625
0.100074768066406 0.0504684448242188 0.06268310546875 0.44659423828125
0.05377197265625 0.00548553466796875 0.01861572265625 0.17425537109375
0.0330390930175781 0.00638580322265625 -0.0670394897460938 0.115798950195312
0.0450973510742188 0.0275611877441406 -0.188919067382813 0.0995330810546875
0.0792617797851563 -0.00440216064453125 -0.283905029296875 0.227752685546875
0.0706558227539063 -0.0176010131835938 -0.2354736328125 0.3917236328125
0.077178955078125 -0.0209579467773438 -0.198516845703125 0.38568115234375
0.104995727539063 -0.0295791625976563 -0.218170166015625 0.363555908203125
0.0933914184570313 0.0148239135742188 -0.274261474609375 0.239547729492188
0.0776290893554688 0.0562515258789062 -0.204757690429688 0.112579345703125
0.0271072387695313 0.066741943359375 -0.125465393066406 0.0601959228515625
-0.00306320190429688 0.0580940246582031 -0.0252647399902344 0.0456886291503906
0.0269279479980469 0.0418014526367188 0.134994506835938 0.19146728515625
0.060516357421875 0.0978622436523437 0.09552001953125 0.42498779296875
-0.07421875 0.192367553710938 -0.13751220703125 -0.438751220703125
0.000625610351562488 0.177413940429688 -0.160507202148438 -0.248092651367188
0.120574951171875 0.145172119140625 -0.0063800811767578 -0.0252723693847656
0.144012451171875 0.0296173095703125 0.0923385620117188 -0.007659912109375
0.111824035644531 -0.0605010986328125 0.2144775390625 -0.0206146240234375
0.033599853515625 -0.0822372436523438 0.28778076171875 -0.1776123046875
0.02264404296875 -0.100303649902344 0.226654052734375 -0.354339599609375
0.0504531860351563 -0.0987548828125 0.1905517578125 -0.3594970703125
0.0291748046875 -0.100296020507813 0.202606201171875 -0.36224365234375
0.0754241943359375 -0.077362060546875 0.24090576171875 -0.245681762695313
0.119270324707031 -0.0422592163085938 0.144058227539062 -0.115951538085937
0.1583251953125 0.0349578857421875 0.0282440185546875 -0.136390686035156
0.08648681640625 0.153228759765625 -0.047027587890625 -0.236679077148438
0.0166168212890625 0.164642333984375 -0.101409912109375 -0.426116943359375
-0.0587158203125 0.149307250976562 0.0706176757812501 -0.69805908203125
-0.058685302734375 0.4215087890625 -0.1337890625 -0.38409423828125
0.014801025390625 0.36932373046875 -0.141159057617188 -0.239120483398437
0.212066650390625 0.34173583984375 -0.0130176544189453 -0.0297050476074219
0.28125 0.14453125 0.063446044921875 0.00900268554687501
0.28411865234375 -0.012176513671875 0.189498901367188 0.0263519287109375
0.188186645507813 -0.135604858398438 0.261688232421875 -0.127487182617187
0.13702392578125 -0.210952758789063 0.205108642578125 -0.289581298828125
0.169021606445313 -0.213027954101563 0.15802001953125 -0.286956787109375
0.133331298828125 -0.234375 0.154388427734375 -0.301025390625
0.196365356445312 -0.16412353515625 0.175018310546875 -0.2041015625
0.271820068359375 -0.0844268798828125 0.0923614501953125 -0.08135986328125
0.324615478515625 0.046295166015625 -0.0230178833007812 -0.11712646484375
0.2386474609375 0.294464111328125 -0.100234985351562 -0.222183227539062
0.123291015625 0.346771240234375 -0.137176513671875 -0.40576171875
-0.00891113281250001 0.3946533203125 0.0277099609375 -0.6348876953125
-0.04278564453125 0.59710693359375 -0.135818481445312 -0.252578735351562
0.02557373046875 0.530029296875 -0.115707397460938 -0.17681884765625
0.27801513671875 0.5111083984375 -0.0145282745361328 -0.0257282257080078
0.3892822265625 0.257568359375 0.0277252197265625 0.0156307220458985
0.4285888671875 0.0526123046875 0.131935119628906 0.0588760375976563
0.329681396484375 -0.1611328125 0.186447143554688 -0.0682830810546875
0.23828125 -0.2869873046875 0.144638061523438 -0.182388305664063
0.26373291015625 -0.296356201171875 0.101104736328125 -0.170455932617188
0.210052490234375 -0.339630126953125 0.0906829833984375 -0.19189453125
0.280853271484375 -0.243209838867188 0.0918350219726563 -0.123298645019531
0.389190673828125 -0.14068603515625 0.0360069274902344 -0.0264015197753906
0.457122802734375 0.0233154296875 -0.0673141479492187 -0.07623291015625
0.38275146484375 0.376678466796875 -0.1346435546875 -0.175567626953125
0.23687744140625 0.472320556640625 -0.136474609375 -0.3326416015625
0.05517578125 0.57940673828125 0.00610351562499998 -0.493865966796875
-0.0137329101562501 0.68817138671875 -0.142852783203125 -0.057373046875
0.0518798828124999 0.61859130859375 -0.0884323120117188 -0.0626144409179687
0.32916259765625 0.60284423828125 -0.0138959884643554 -0.00548934936523434
0.45855712890625 0.3226318359375 -0.0153980255126953 0.0211830139160156
0.517608642578125 0.098663330078125 0.044891357421875 0.0793914794921875
0.42236328125 -0.168060302734375 0.0694961547851563 0.000690460205078115
0.30340576171875 -0.32073974609375 0.0532608032226563 -0.0467147827148438
0.3184814453125 -0.334564208984375 0.0307121276855469 -0.0265483856201172
0.254638671875 -0.392303466796875 0.022369384765625 -0.0507431030273438
0.322418212890625 -0.285736083984375 0.00697231292724611 -0.012990951538086
0.4490966796875 -0.178680419921875 -0.0167884826660156 0.0442733764648437
0.526123046875 -0.003082275390625 -0.0963363647460937 -0.0196380615234375
0.468170166015625 0.403900146484375 -0.137855529785156 -0.111518859863281
0.30877685546875 0.5250244140625 -0.09063720703125 -0.224929809570312
0.1112060546875 0.67449951171875 0.0150146484375 -0.292694091796875
0.0284423828125001 0.67034912109375 -0.144607543945313 0.169036865234375
0.0914306640625 0.60723876953125 -0.058563232421875 0.0842285156250001
0.34210205078125 0.576171875 -0.0153751373291015 0.0315437316894532
0.45574951171875 0.31317138671875 -0.0611991882324218 0.0350837707519531
0.5142822265625 0.1102294921875 -0.0546188354492187 0.093597412109375
0.436279296875 -0.155181884765625 -0.0663528442382812 0.0758438110351563
0.314422607421875 -0.305023193359375 -0.049224853515625 0.100723266601562
0.323577880859375 -0.32025146484375 -0.0423355102539062 0.121223449707031
0.267791748046875 -0.3804931640625 -0.0424652099609375 0.0993423461914062
0.322967529296875 -0.26898193359375 -0.0714645385742187 0.104194641113281
0.439453125 -0.165435791015625 -0.0654678344726562 0.113113403320312
0.503662109375 -0.0013427734375 -0.110366821289062 0.0358505249023437
0.45123291015625 0.384185791015625 -0.114555358886719 -0.0472946166992188
0.308197021484375 0.498748779296875 -0.0121078491210937 -0.101760864257812
0.13232421875 0.6617431640625 0.0464553833007813 -0.0677642822265625
0.072662353515625 0.545989990234375 -0.131072998046875 0.387451171875
0.12384033203125 0.48199462890625 -0.0222015380859375 0.232192993164063
0.29681396484375 0.432159423828125 -0.015411376953125 0.0796890258789063
0.364532470703125 0.2291259765625 -0.0922622680664062 0.0601119995117188
0.412445068359375 0.088287353515625 -0.137130737304687 0.1026611328125
0.36749267578125 -0.12481689453125 -0.183746337890625 0.147415161132812
0.269393920898438 -0.244781494140625 -0.138946533203125 0.236495971679687
0.278961181640625 -0.256240844726563 -0.106903076171875 0.250411987304687
0.246002197265625 -0.302764892578125 -0.101699829101563 0.231704711914063
0.283172607421875 -0.195648193359375 -0.144119262695312 0.1973876953125
0.36602783203125 -0.09698486328125 -0.113067626953125 0.154510498046875
0.3902587890625 0.03363037109375 -0.116523742675781 0.072845458984375
0.333526611328125 0.324249267578125 -0.0794525146484375 0.00144195556640627
0.230743408203125 0.400909423828125 0.0681037902832032 0.0159263610839844
0.11956787109375 0.546142578125 0.0819244384765625 0.14434814453125
0.100128173828125 0.333953857421875 -0.094635009765625 0.5584716796875
0.13104248046875 0.278549194335938 0.022613525390625 0.35345458984375
0.19317626953125 0.22064208984375 -0.00566101074218749 0.129005432128906
0.2113037109375 0.112228393554688 -0.0927658081054687 0.089874267578125
0.241806030273438 0.051849365234375 -0.180038452148437 0.106124877929688
0.236251831054688 -0.07586669921875 -0.255767822265625 0.202194213867187
0.180953979492188 -0.145294189453125 -0.197662353515625 0.338775634765625
0.192642211914063 -0.151153564453125 -0.15521240234375 0.341400146484375
0.191574096679688 -0.179428100585937 -0.155853271484375 0.322235107421875
0.2061767578125 -0.0908660888671875 -0.208969116210938 0.24462890625
0.239028930664063 -0.0101776123046875 -0.1595458984375 0.153564453125
0.219436645507813 0.0693511962890625 -0.119354248046875 0.080413818359375
0.1630859375 0.216659545898438 -0.046844482421875 0.0319366455078125
0.12249755859375 0.243179321289063 0.120979309082031 0.113616943359375
0.08795166015625 0.347259521484375 0.1041259765625 0.312957763671875
0.0971221923828125 0.072906494140625 -0.044677734375 0.65997314453125
0.0969085693359375 0.0476150512695312 0.07635498046875 0.4312744140625
0.0508842468261719 0.00687408447265625 0.0237274169921875 0.166549682617188
0.0324516296386719 0.00723457336425781 -0.0608062744140625 0.110427856445312
0.0479507446289063 0.0262603759765625 -0.181365966796875 0.0999755859375
0.0793914794921875 -0.0080413818359375 -0.272750854492188 0.231643676757812
0.0697097778320313 -0.0205650329589844 -0.21441650390625 0.39105224609375
0.0770797729492187 -0.0243682861328125 -0.179107666015625 0.382110595703125
0.102890014648438 -0.035430908203125 -0.197265625 0.360870361328125
0.0935287475585937 0.0102767944335937 -0.25811767578125 0.243438720703125
0.0791778564453125 0.0517807006835938 -0.195220947265625 0.1143798828125
0.0311050415039062 0.0642356872558594 -0.117576599121094 0.0626068115234375
0.00209426879882812 0.0591545104980469 -0.0209503173828125 0.0464439392089844
0.0275650024414063 0.0444984436035156 0.13824462890625 0.1822509765625
0.0602798461914063 0.0986251831054688 0.1090087890625 0.413543701171875
-0.0675201416015625 0.18975830078125 -0.147308349609375 -0.4375
0.00344848632812499 0.173995971679688 -0.165420532226563 -0.24566650390625
0.121337890625 0.139358520507813 -0.00711059570312499 -0.029296875
0.140975952148438 0.0261688232421875 0.0890579223632813 -0.00931549072265625
0.105606079101563 -0.060882568359375 0.211898803710938 -0.02227783203125
0.030303955078125 -0.078338623046875 0.284942626953125 -0.182220458984375
0.0208816528320313 -0.0977554321289063 0.21697998046875 -0.358001708984375
0.0467987060546875 -0.0981292724609375 0.181243896484375 -0.362335205078125
0.0258941650390625 -0.0974349975585937 0.193084716796875 -0.3648681640625
0.0724029541015625 -0.0777511596679688 0.236953735351563 -0.251800537109375
0.116706848144531 -0.0444183349609375 0.144287109375 -0.116378784179687
0.158706665039062 0.0293731689453125 0.0248794555664063 -0.134445190429688
0.08941650390625 0.15020751953125 -0.0526275634765625 -0.232330322265625
0.0196990966796875 0.1610107421875 -0.109832763671875 -0.419708251953125
-0.0513458251953125 0.148544311523438 0.0566406250000001 -0.69183349609375
-0.04827880859375 0.417510986328125 -0.14129638671875 -0.383087158203125
0.020965576171875 0.36572265625 -0.145233154296875 -0.237014770507813
0.216064453125 0.332611083984375 -0.0131988525390625 -0.0358848571777344
0.279464721679688 0.137237548828125 0.0617523193359375 0.00598526000976563
0.277862548828125 -0.017120361328125 0.1884765625 0.0236663818359375
0.182540893554688 -0.1334228515625 0.258956909179688 -0.132095336914063
0.13250732421875 -0.210113525390625 0.196929931640625 -0.292205810546875
0.163726806640625 -0.215362548828125 0.150909423828125 -0.2896728515625
0.126480102539062 -0.232635498046875 0.148040771484375 -0.30438232421875
0.191360473632813 -0.166046142578125 0.172714233398438 -0.209060668945313
0.268295288085938 -0.0891265869140625 0.0947418212890625 -0.08197021484375
0.323822021484375 0.03857421875 -0.0254745483398437 -0.115646362304688
0.24566650390625 0.288604736328125 -0.102813720703125 -0.217269897460937
0.128265380859375 0.341766357421875 -0.14300537109375 -0.3980712890625
0.00210571289062497 0.39300537109375 0.01690673828125 -0.6295166015625
-0.0296020507812499 0.5924072265625 -0.140304565429688 -0.251663208007812
0.033843994140625 0.526580810546875 -0.118408203125 -0.1751708984375
0.2860107421875 0.498931884765625 -0.0135860443115234 -0.0339603424072265
0.389892578125 0.247100830078125 0.0274505615234375 0.0116863250732422
0.424468994140625 0.04302978515625 0.132598876953125 0.0549163818359375
0.322265625 -0.162139892578125 0.18463134765625 -0.07098388671875
0.231842041015625 -0.287811279296875 0.138824462890625 -0.18511962890625
0.255859375 -0.301666259765625 0.09771728515625 -0.173126220703125
0.2008056640625 -0.339996337890625 0.08721923828125 -0.194900512695313
0.274169921875 -0.2454833984375 0.0920028686523438 -0.126777648925781
0.3834228515625 -0.147186279296875 0.040008544921875 -0.0276374816894531
0.45428466796875 0.014862060546875 -0.0672531127929687 -0.0749282836914063
0.39178466796875 0.3690185546875 -0.132843017578125 -0.170822143554687
0.241943359375 0.464385986328125 -0.139373779296875 -0.326416015625
0.0698242187500001 0.5770263671875 0.00256347656249999 -0.486328125
0.00152587890625001 0.6837158203125 -0.142471313476563 -0.058441162109375
0.06024169921875 0.616943359375 -0.08843994140625 -0.0618820190429687
0.34002685546875 0.590087890625 -0.0122537612915039 -0.0145444869995117
0.459808349609375 0.3125 -0.0138196945190429 0.016998291015625
0.5142822265625 0.086212158203125 0.047332763671875 0.0759735107421875
0.41558837890625 -0.170562744140625 0.0683975219726563 0.000251770019531239
0.296142578125 -0.321990966796875 0.0517959594726563 -0.0482749938964844
0.310333251953125 -0.3419189453125 0.0313053131103516 -0.0292453765869141
0.24517822265625 -0.39556884765625 0.0232124328613281 -0.0531082153320313
0.31549072265625 -0.288238525390625 0.00977993011474611 -0.0152606964111328
0.44189453125 -0.184906005859375 -0.0118675231933593 0.0424232482910156
0.522491455078125 -0.01483154296875 -0.0944595336914062 -0.0192031860351563
0.476776123046875 0.3946533203125 -0.134223937988281 -0.107826232910156
0.313690185546875 0.515045166015625 -0.0913848876953125 -0.2213134765625
0.1268310546875 0.6719970703125 0.0142822265625 -0.287841796875
0.0400390625 0.6671142578125 -0.139572143554687 0.1676025390625
0.1005859375 0.60400390625 -0.0548858642578125 0.0835418701171875
0.35260009765625 0.56622314453125 -0.0129108428955078 0.0232200622558594
0.458343505859375 0.30291748046875 -0.0582122802734375 0.0309600830078125
0.514984130859375 0.099365234375 -0.0512161254882812 0.0904541015625
0.43157958984375 -0.160400390625 -0.0653305053710937 0.0779876708984375
0.308349609375 -0.30908203125 -0.0464324951171875 0.100936889648437
0.316131591796875 -0.328460693359375 -0.0379409790039062 0.119316101074219
0.257537841796875 -0.383270263671875 -0.0370941162109375 0.0977630615234375
0.31658935546875 -0.27191162109375 -0.066253662109375 0.103752136230469
0.434356689453125 -0.171905517578125 -0.0594329833984375 0.111198425292969
0.498992919921875 -0.012725830078125 -0.107315063476562 0.0363235473632812
0.4603271484375 0.37542724609375 -0.109199523925781 -0.04473876953125
0.31341552734375 0.49163818359375 -0.010467529296875 -0.100601196289062
0.1468505859375 0.66009521484375 0.0504035949707031 -0.0659103393554687
0.0806579589843749 0.5428466796875 -0.12078857421875 0.384033203125
0.131561279296875 0.480621337890625 -0.0157318115234375 0.22998046875
0.30389404296875 0.42657470703125 -0.0129852294921875 0.0729522705078125
0.36761474609375 0.2215576171875 -0.0882339477539062 0.0564346313476563
0.414276123046875 0.078216552734375 -0.13385009765625 0.10107421875
0.363861083984375 -0.130859375 -0.181503295898437 0.151336669921875
0.26507568359375 -0.248077392578125 -0.1322021484375 0.238357543945312
0.273880004882813 -0.263381958007813 -0.0995941162109375 0.248947143554688
0.2384033203125 -0.3070068359375 -0.0933380126953125 0.230224609375
0.279541015625 -0.198638916015625 -0.137222290039062 0.198776245117188
0.3629150390625 -0.102142333984375 -0.10736083984375 0.152603149414062
0.388214111328125 0.027008056640625 -0.11175537109375 0.0728607177734375
0.341400146484375 0.31768798828125 -0.0742416381835937 0.00402069091796875
0.235992431640625 0.39794921875 0.07086181640625 0.013946533203125
0.13018798828125 0.54534912109375 0.089874267578125 0.143814086914063
0.1041259765625 0.33343505859375 -0.081817626953125 0.554840087890625
0.133056640625 0.2779541015625 0.03131103515625 0.350555419921875
0.196044921875 0.218994140625 -0.00311279296874999 0.12457275390625
0.211654663085938 0.1087646484375 -0.0884246826171875 0.0867996215820312
0.245162963867187 0.046600341796875 -0.177291870117187 0.105026245117187
0.235244750976562 -0.08026123046875 -0.252777099609375 0.207290649414063
0.179443359375 -0.148529052734375 -0.18792724609375 0.34100341796875
0.190155029296875 -0.157501220703125 -0.145294189453125 0.34100341796875
0.187545776367187 -0.184539794921875 -0.145294189453125 0.3221435546875
0.205215454101563 -0.094024658203125 -0.201141357421875 0.248123168945313
0.238174438476563 -0.0139007568359375 -0.154495239257813 0.15252685546875
0.22052001953125 0.064971923828125 -0.114402770996094 0.0807113647460937
0.16986083984375 0.214370727539063 -0.0425567626953125 0.0331687927246094
0.126007080078125 0.242279052734375 0.124412536621094 0.110000610351563
0.09466552734375 0.348541259765625 0.114288330078125 0.31060791015625
0.0952377319335938 0.0734329223632812 -0.0300903320312501 0.65380859375
0.0951614379882813 0.0475997924804688 0.0848388671875 0.42584228515625
0.0495719909667969 0.00960159301757813 0.0257720947265625 0.163299560546875
0.0320358276367188 0.00788497924804688 -0.057525634765625 0.107536315917969
0.0517959594726563 0.0255355834960938 -0.179794311523437 0.099456787109375
0.0811767578125 -0.0109710693359375 -0.269546508789063 0.237030029296875
0.0710983276367188 -0.0226211547851563 -0.203033447265625 0.3941650390625
0.0779342651367188 -0.0277862548828125 -0.168975830078125 0.382110595703125
0.102882385253906 -0.041229248046875 -0.18609619140625 0.360931396484375
0.0947036743164063 0.0070953369140625 -0.2508544921875 0.248321533203125
0.0812835693359375 0.04937744140625 -0.192214965820312 0.115447998046875
0.0337028503417969 0.0634841918945313 -0.113197326660156 0.0633468627929688
0.00592422485351563 0.0606575012207031 -0.0177650451660156 0.0471687316894531
0.0286331176757813 0.0475387573242188 0.1422119140625 0.177841186523438
0.0611419677734375 0.101730346679688 0.11871337890625 0.410797119140625
-0.06207275390625 0.190841674804688 -0.163604736328125 -0.444793701171875
0.00788879394531251 0.174118041992188 -0.176055908203125 -0.247451782226563
0.125907897949219 0.1357421875 -0.00879287719726562 -0.0339183807373047
0.141525268554688 0.0225982666015625 0.087890625 -0.0121307373046875
0.101577758789063 -0.0629348754882813 0.215316772460938 -0.02581787109375
0.0275344848632813 -0.0765457153320313 0.28765869140625 -0.193817138671875
0.018890380859375 -0.09796142578125 0.20770263671875 -0.371917724609375
0.0441207885742188 -0.100593566894531 0.1728515625 -0.374847412109375
0.0229949951171875 -0.0969085693359375 0.184783935546875 -0.3785400390625
0.070068359375 -0.0804061889648438 0.236068725585938 -0.265899658203125
0.116996765136719 -0.0494155883789062 0.148513793945313 -0.121078491210938
0.162094116210938 0.0233917236328125 0.0207443237304687 -0.135978698730469
0.09552001953125 0.150894165039063 -0.060638427734375 -0.232955932617187
0.0247039794921875 0.16156005859375 -0.123046875 -0.42266845703125
-0.04547119140625 0.150665283203125 0.0391235351562501 -0.70245361328125
-0.036834716796875 0.423583984375 -0.1556396484375 -0.38995361328125
0.029388427734375 0.37017822265625 -0.1552734375 -0.239288330078125
0.228179931640625 0.329498291015625 -0.0150489807128906 -0.0429153442382812
0.28497314453125 0.13134765625 0.0609664916992188 0.00256729125976563
0.278152465820313 -0.02374267578125 0.192733764648438 0.0194244384765625
0.181015014648438 -0.136245727539063 0.26190185546875 -0.141357421875
0.129547119140625 -0.214691162109375 0.190185546875 -0.30438232421875
0.159652709960937 -0.224136352539062 0.144805908203125 -0.300750732421875
0.122177124023438 -0.238479614257813 0.142059326171875 -0.3165283203125
0.188827514648438 -0.173233032226563 0.171661376953125 -0.220245361328125
0.269912719726563 -0.0980987548828125 0.0992813110351563 -0.0859146118164063
0.331024169921875 0.029022216796875 -0.029449462890625 -0.116607666015625
0.26043701171875 0.287139892578125 -0.108901977539062 -0.217025756835937
0.13861083984375 0.342864990234375 -0.1546630859375 -0.3994140625
0.017303466796875 0.4005126953125 0.00238037109375 -0.63720703125
-0.0128173828125 0.6024169921875 -0.150146484375 -0.25640869140625
0.04754638671875 0.534027099609375 -0.125457763671875 -0.177383422851563
0.305023193359375 0.49658203125 -0.015106201171875 -0.0421066284179687
0.400177001953125 0.239471435546875 0.0273494720458985 0.00781631469726564
0.42938232421875 0.031951904296875 0.137367248535156 0.0520477294921875
0.323089599609375 -0.16888427734375 0.186996459960938 -0.0768585205078125
0.228759765625 -0.29656982421875 0.134674072265625 -0.193557739257813
0.251739501953125 -0.31640625 0.094451904296875 -0.18096923828125
0.19476318359375 -0.349151611328125 0.0847625732421875 -0.203384399414063
0.2720947265625 -0.255935668945313 0.0925140380859375 -0.134002685546875
0.385589599609375 -0.160125732421875 0.044708251953125 -0.0301475524902344
0.464813232421875 0.00018310546875 -0.0705947875976562 -0.0752334594726562
0.4124755859375 0.365509033203125 -0.136917114257812 -0.170761108398437
0.2567138671875 0.46722412109375 -0.148895263671875 -0.327606201171875
0.09197998046875 0.587646484375 -0.00820922851562497 -0.493438720703125
0.0189208984375001 0.6959228515625 -0.146499633789063 -0.058746337890625
0.07720947265625 0.62774658203125 -0.091094970703125 -0.0620880126953125
0.3631591796875 0.58990478515625 -0.0131740570068359 -0.0228137969970703
0.47418212890625 0.303955078125 -0.0134429931640625 0.0128746032714844
0.524444580078125 0.07232666015625 0.0514068603515625 0.0734405517578125
0.41729736328125 -0.181793212890625 0.0699195861816407 -0.00110244750976564
0.292236328125 -0.334625244140625 0.0504188537597656 -0.0514602661132813
0.305389404296875 -0.36126708984375 0.0314655303955078 -0.0325717926025391
0.2388916015625 -0.408843994140625 0.0240135192871094 -0.0575180053710938
0.3131103515625 -0.300750732421875 0.011993408203125 -0.017171859741211
0.44366455078125 -0.1983642578125 -0.00668716430664059 0.0417633056640625
0.531829833984375 -0.027984619140625 -0.0960617065429687 -0.0188369750976563
0.500457763671875 0.3902587890625 -0.13519287109375 -0.106414794921875
0.331695556640625 0.518280029296875 -0.0958251953125 -0.221847534179687
0.15185546875 0.68438720703125 0.012115478515625 -0.291107177734375
0.0574951171874999 0.6800537109375 -0.135757446289063 0.171035766601563
0.11724853515625 0.61474609375 -0.051788330078125 0.0854721069335938
0.376953125 0.56744384765625 -0.012460708618164 0.0167341232299805
0.4732666015625 0.2947998046875 -0.0570144653320312 0.0274658203125
0.52716064453125 0.08477783203125 -0.0486297607421875 0.0900344848632812
0.436004638671875 -0.173187255859375 -0.0648269653320312 0.0825653076171875
0.307281494140625 -0.322723388671875 -0.0439453125 0.103630065917969
0.313018798828125 -0.347137451171875 -0.0340728759765625 0.120216369628906
0.252227783203125 -0.398284912109375 -0.0323104858398437 0.0977706909179687
0.3162841796875 -0.284271240234375 -0.0625381469726562 0.106559753417969
0.4375 -0.18505859375 -0.0543212890625 0.111534118652344
0.506561279296875 -0.02496337890625 -0.1072998046875 0.0370254516601562
0.482147216796875 0.369903564453125 -0.107872009277344 -0.0435562133789063
0.329498291015625 0.493621826171875 -0.0100479125976562 -0.102676391601562
0.17010498046875 0.6715087890625 0.0547714233398438 -0.0669479370117187
0.0953369140625 0.554046630859375 -0.11077880859375 0.391632080078125
0.1448974609375 0.489593505859375 -0.00798034667968748 0.234725952148438
0.322479248046875 0.428070068359375 -0.0112991333007812 0.0696487426757813
0.379608154296875 0.216888427734375 -0.0864410400390625 0.0548629760742188
0.4256591796875 0.06695556640625 -0.13299560546875 0.102523803710937
0.36834716796875 -0.141876220703125 -0.18194580078125 0.160842895507812
0.265151977539063 -0.259475708007813 -0.125869750976562 0.246261596679688
0.272262573242188 -0.27960205078125 -0.092132568359375 0.254043579101563
0.23468017578125 -0.32073974609375 -0.08514404296875 0.234024047851562
0.281402587890625 -0.20867919921875 -0.131454467773437 0.205718994140625
0.3663330078125 -0.1134033203125 -0.10296630859375 0.155364990234375
0.39654541015625 0.01715087890625 -0.110549926757812 0.0751266479492188
0.36029052734375 0.315093994140625 -0.0711135864257812 0.00482177734375001
0.250244140625 0.399932861328125 0.0746917724609375 0.0119552612304688
0.150177001953125 0.555572509765625 0.100189208984375 0.145645141601563
0.1124267578125 0.340087890625 -0.067138671875 0.56280517578125
0.141510009765625 0.282562255859375 0.043609619140625 0.355499267578125
0.206375122070313 0.221389770507813 0.000564575195312508 0.124183654785156
0.218902587890625 0.106781005859375 -0.0862274169921875 0.086273193359375
0.25311279296875 0.039794921875 -0.178009033203125 0.107833862304688
0.239822387695312 -0.0885009765625 -0.253707885742188 0.219879150390625
0.180465698242188 -0.15673828125 -0.179534912109375 0.35302734375
0.190994262695312 -0.168655395507813 -0.13653564453125 0.349609375
0.185638427734375 -0.195343017578125 -0.1353759765625 0.329498291015625
0.208541870117187 -0.1009521484375 -0.195602416992188 0.25799560546875
0.242919921875 -0.0204925537109375 -0.153076171875 0.157058715820312
0.22637939453125 0.060333251953125 -0.112174987792969 0.0827255249023438
0.1820068359375 0.214996337890625 -0.0389251708984375 0.0344085693359375
0.134078979492188 0.2462158203125 0.131172180175781 0.108535766601563
0.106597900390625 0.35693359375 0.12841796875 0.313934326171875
0.0962066650390625 0.0754852294921875 -0.0127563476562499 0.6611328125
0.0960845947265625 0.0480728149414063 0.099761962890625 0.430633544921875
0.0499496459960938 0.0123100280761719 0.030731201171875 0.164871215820313
0.0329017639160156 0.00886154174804688 -0.0554275512695313 0.107810974121094
0.0555992126464844 0.0240249633789063 -0.182083129882813 0.10302734375
0.0841293334960938 -0.0148086547851563 -0.270950317382813 0.25030517578125
0.07366943359375 -0.0265884399414063 -0.193878173828125 0.407928466796875
0.080596923828125 -0.033111572265625 -0.15911865234375 0.393035888671875
0.103706359863281 -0.0482025146484375 -0.176666259765625 0.371063232421875
0.099212646484375 0.0036773681640625 -0.246688842773437 0.260650634765625
0.0853347778320313 0.0477447509765625 -0.192733764648438 0.120620727539063
0.0374946594238281 0.0634307861328125 -0.11090087890625 0.0666885375976563
0.010711669921875 0.0620155334472656 -0.0148429870605469 0.0488548278808594
0.031707763671875 0.0507049560546875 0.150985717773438 0.176773071289063
0.0648345947265625 0.106071472167969 0.136138916015625 0.4166259765625
-0.0519561767578125 0.195755004882813 -0.19268798828125 -0.45001220703125
0.0157928466796875 0.174713134765625 -0.195037841796875 -0.2462158203125
0.134231567382813 0.129295349121094 -0.0130500793457031 -0.0388069152832031
0.143218994140625 0.015594482421875 0.086517333984375 -0.0164718627929688
0.0971832275390625 -0.067413330078125 0.22027587890625 -0.0360565185546875
0.0244903564453125 -0.07623291015625 0.286773681640625 -0.213775634765625
0.014678955078125 -0.0995941162109375 0.1915283203125 -0.390838623046875
0.0386581420898438 -0.104240417480469 0.156219482421875 -0.3929443359375
0.0191497802734375 -0.0977630615234375 0.168670654296875 -0.39947509765625
0.0662155151367188 -0.0847930908203125 0.228424072265625 -0.288360595703125
0.116607666015625 -0.05718994140625 0.149612426757813 -0.131072998046875
0.16766357421875 0.0139923095703125 0.0131683349609375 -0.138328552246094
0.107635498046875 0.148849487304688 -0.0747222900390625 -0.233535766601562
0.0334320068359375 0.162338256835937 -0.146575927734375 -0.424224853515625
-0.0357666015625 0.1551513671875 0.00256347656249994 -0.71795654296875
-0.0152587890625 0.433929443359375 -0.1802978515625 -0.3944091796875
0.04791259765625 0.376007080078125 -0.172393798828125 -0.237991333007812
0.248931884765625 0.322357177734375 -0.0200843811035156 -0.0489425659179687
0.295196533203125 0.120361328125 0.0601882934570313 -0.00218582153320312
0.280502319335937 -0.0370330810546875 0.199386596679688 0.0107879638671875
0.178085327148438 -0.143966674804688 0.2630615234375 -0.158523559570313
0.121963500976562 -0.224441528320312 0.1767578125 -0.32159423828125
0.149948120117187 -0.238510131835938 0.13177490234375 -0.3162841796875
0.112869262695313 -0.248504638671875 0.128265380859375 -0.333587646484375
0.18475341796875 -0.185577392578125 0.165863037109375 -0.237899780273438
0.271621704101563 -0.11468505859375 0.101898193359375 -0.0934524536132813
0.341064453125 0.011383056640625 -0.03680419921875 -0.117446899414063
0.28436279296875 0.2816162109375 -0.121353149414062 -0.216552734375
0.158203125 0.343658447265625 -0.17755126953125 -0.400299072265625
0.040985107421875 0.409210205078125 -0.027099609375 -0.64971923828125
0.01873779296875 0.61785888671875 -0.167831420898437 -0.258041381835938
0.07452392578125 0.544830322265625 -0.137771606445312 -0.176422119140625
0.33721923828125 0.4903564453125 -0.0202102661132812 -0.0493240356445312
0.418701171875 0.22412109375 0.0268096923828125 0.00304603576660158
0.438201904296875 0.0111083984375 0.143966674804688 0.0448455810546875
0.32159423828125 -0.18463134765625 0.189682006835938 -0.08868408203125
0.22052001953125 -0.31292724609375 0.126800537109375 -0.2054443359375
0.239990234375 -0.33917236328125 0.087310791015625 -0.19146728515625
0.181121826171875 -0.366973876953125 0.07635498046875 -0.2161865234375
0.266494750976563 -0.274169921875 0.0897216796875 -0.144699096679688
0.38671875 -0.182830810546875 0.0486335754394531 -0.035064697265625
0.4754638671875 -0.023834228515625 -0.0766754150390625 -0.0748138427734375
0.445159912109375 0.35321044921875 -0.145721435546875 -0.168838500976562
0.283935546875 0.465301513671875 -0.1668701171875 -0.328155517578125
0.12786865234375 0.59796142578125 -0.0299072265624999 -0.502532958984375
0.0555419921875001 0.71197509765625 -0.152511596679688 -0.0563354492187499
0.11138916015625 0.63983154296875 -0.095611572265625 -0.0609893798828125
0.40081787109375 0.58209228515625 -0.0161952972412109 -0.0300006866455078
0.49835205078125 0.28668212890625 -0.0136852264404297 0.00857734680175783
0.539703369140625 0.048065185546875 0.0568885803222657 0.0696067810058594
0.419158935546875 -0.2030029296875 0.0730819702148438 -0.00401306152343751
0.284637451171875 -0.35528564453125 0.0488662719726563 -0.0552444458007813
0.2923583984375 -0.388641357421875 0.0313606262207032 -0.0370140075683594
0.221893310546875 -0.43048095703125 0.0229377746582031 -0.0634613037109375
0.307647705078125 -0.321563720703125 0.013702392578125 -0.0208187103271485
0.44512939453125 -0.226531982421875 -0.00105285644531247 0.0402259826660156
0.5423583984375 -0.0565185546875 -0.0997390747070312 -0.0164718627929688
0.536346435546875 0.371856689453125 -0.139007568359375 -0.105125427246094
0.36431884765625 0.514556884765625 -0.10626220703125 -0.222763061523437
0.19403076171875 0.69366455078125 0.00247192382812498 -0.29718017578125
0.09381103515625 0.69683837890625 -0.130157470703125 0.177825927734375
0.1517333984375 0.6279296875 -0.0465316772460938 0.0891571044921875
0.4151611328125 0.562286376953125 -0.0126867294311523 0.0115547180175782
0.497894287109375 0.27886962890625 -0.0564956665039062 0.0257453918457031
0.544342041015625 0.058258056640625 -0.0449295043945312 0.0904617309570313
0.438385009765625 -0.196441650390625 -0.0616836547851562 0.0885162353515625
0.300262451171875 -0.344390869140625 -0.0390625 0.107948303222656
0.30322265625 -0.375 -0.0268402099609375 0.122520446777344
0.23614501953125 -0.4202880859375 -0.0263824462890625 0.0975799560546875
0.310791015625 -0.305206298828125 -0.0555877685546875 0.110794067382812
0.438995361328125 -0.2103271484375 -0.047882080078125 0.113609313964844
0.517852783203125 -0.050201416015625 -0.107467651367187 0.0412368774414063
0.517730712890625 0.35400390625 -0.107444763183594 -0.0421676635742187
0.359588623046875 0.491180419921875 -0.0126571655273437 -0.10528564453125
0.21099853515625 0.680908203125 0.0581436157226563 -0.0702285766601562
0.1239013671875 0.5672607421875 -0.092071533203125 0.402984619140625
0.17279052734375 0.498809814453125 0.00724792480468753 0.240203857421875
0.354217529296875 0.424407958984375 -0.0078773498535156 0.0680313110351563
0.399566650390625 0.20416259765625 -0.0847396850585937 0.0550918579101563
0.441436767578125 0.04583740234375 -0.130821228027344 0.107551574707031
0.372802734375 -0.16302490234375 -0.178298950195312 0.175201416015625
0.261688232421875 -0.279342651367188 -0.115036010742188 0.258697509765625
0.2645263671875 -0.30413818359375 -0.079345703125 0.262588500976563
0.22308349609375 -0.342437744140625 -0.0731964111328125 0.240631103515625
0.279464721679688 -0.227371215820313 -0.121902465820312 0.21697998046875
0.370025634765625 -0.133758544921875 -0.0965423583984375 0.160751342773438
0.40606689453125 -0.002288818359375 -0.10858154296875 0.0793685913085937
0.389251708984375 0.304107666015625 -0.0677947998046875 0.00638961791992189
0.27423095703125 0.40008544921875 0.0799407958984375 0.00672912597656253
0.18426513671875 0.56634521484375 0.114730834960938 0.144439697265625
0.129852294921875 0.34661865234375 -0.0379638671875 0.5748291015625
0.158447265625 0.28607177734375 0.065460205078125 0.3614501953125
0.223831176757813 0.220382690429688 0.00735473632812501 0.125015258789063
0.229385375976563 0.099700927734375 -0.0830230712890625 0.0885391235351563
0.264312744140625 0.0268402099609375 -0.178909301757812 0.11541748046875
0.242843627929687 -0.10272216796875 -0.249923706054688 0.239669799804687
0.179534912109375 -0.17041015625 -0.16265869140625 0.37066650390625
0.18804931640625 -0.185653686523438 -0.119049072265625 0.36273193359375
0.179351806640625 -0.212509155273437 -0.11920166015625 0.340972900390625
0.210464477539063 -0.114547729492188 -0.184768676757812 0.27459716796875
0.248458862304688 -0.033660888671875 -0.148666381835937 0.165725708007813
0.235794067382813 0.0508575439453125 -0.109512329101562 0.0882644653320312
0.200912475585938 0.211196899414063 -0.0341339111328125 0.03607177734375
0.149200439453125 0.24835205078125 0.142120361328125 0.103118896484375
0.129486083984375 0.364776611328125 0.1514892578125 0.31549072265625
0.100173950195313 0.0765762329101563 0.0213623046875 0.676025390625
0.0999832153320312 0.0464096069335937 0.1265869140625 0.436248779296875
0.0526390075683594 0.01458740234375 0.0405731201171875 0.167343139648438
0.0338420867919922 0.0092620849609375 -0.0503921508789063 0.109169006347656
0.0607719421386719 0.0211448669433594 -0.183761596679688 0.111923217773437
0.086883544921875 -0.0206756591796875 -0.26617431640625 0.272201538085938
0.076202392578125 -0.032318115234375 -0.174774169921875 0.427398681640625
0.0824203491210938 -0.0400466918945313 -0.14019775390625 0.408721923828125
0.103408813476563 -0.0580596923828125 -0.159271240234375 0.38714599609375
0.103248596191406 -0.00290679931640625 -0.237197875976562 0.280685424804688
0.0910263061523438 0.0442886352539063 -0.192108154296875 0.132766723632813
0.0426979064941406 0.062896728515625 -0.108070373535156 0.0725479125976563
0.0169601440429688 0.0639991760253906 -0.0102462768554688 0.0498123168945313
0.0359916687011719 0.0530281066894531 0.164871215820313 0.173309326171875
0.0719146728515625 0.109657287597656 0.1622314453125 0.420257568359375
-0.0378875732421875 0.198089599609375 -0.23004150390625 -0.443023681640625
0.026947021484375 0.171783447265625 -0.2169189453125 -0.235580444335937
0.142333984375 0.118392944335938 -0.019073486328125 -0.0411758422851562
0.142990112304688 0.0057525634765625 0.083740234375 -0.021575927734375
0.09039306640625 -0.072174072265625 0.220672607421875 -0.0500335693359375
0.0192489624023438 -0.075531005859375 0.275314331054688 -0.237945556640625
0.00797271728515625 -0.100349426269531 0.164276123046875 -0.4075927734375
0.0308303833007813 -0.107017517089844 0.12725830078125 -0.407958984375
0.0127944946289062 -0.09783935546875 0.13922119140625 -0.41607666015625
0.059967041015625 -0.0893325805664062 0.2103271484375 -0.310394287109375
0.113128662109375 -0.066436767578125 0.146209716796875 -0.143417358398438
0.169525146484375 -0.0001068115234375 0.00267791748046876 -0.138137817382813
0.119766235351562 0.142379760742188 -0.0933685302734375 -0.227951049804688
0.044769287109375 0.159927368164063 -0.17755126953125 -0.41619873046875
-0.022674560546875 0.15704345703125 -0.04779052734375 -0.72052001953125
0.016357421875 0.436370849609375 -0.211456298828125 -0.387725830078125
0.073883056640625 0.374114990234375 -0.192245483398437 -0.229751586914062
0.272247314453125 0.304351806640625 -0.0266952514648437 -0.0529060363769531
0.303131103515625 0.099578857421875 0.0574569702148438 -0.00708389282226562
0.276596069335938 -0.0556488037109375 0.203460693359375 -0.002899169921875
0.169723510742188 -0.152969360351563 0.256149291992188 -0.180496215820313
0.108657836914063 -0.233627319335938 0.153717041015625 -0.337493896484375
0.133560180664062 -0.251937866210938 0.108184814453125 -0.32952880859375
0.09619140625 -0.257095336914063 0.103485107421875 -0.348602294921875
0.173568725585937 -0.198928833007812 0.151290893554688 -0.255538940429688
0.265640258789063 -0.134628295898438 0.100448608398438 -0.103706359863281
0.3450927734375 -0.01348876953125 -0.0460433959960937 -0.114860534667969
0.30999755859375 0.26361083984375 -0.136489868164063 -0.209884643554687
0.182403564453125 0.335723876953125 -0.20623779296875 -0.3907470703125
0.074127197265625 0.408477783203125 -0.0734863281250001 -0.65057373046875
0.06378173828125 0.62139892578125 -0.188629150390625 -0.251312255859375
0.113372802734375 0.54339599609375 -0.152267456054688 -0.169876098632812
0.37457275390625 0.46783447265625 -0.0261726379394531 -0.0538063049316406
0.435394287109375 0.19573974609375 0.0249595642089844 -0.0018482208251953
0.440399169921875 -0.01861572265625 0.149002075195313 0.033233642578125
0.312713623046875 -0.2047119140625 0.186355590820313 -0.103973388671875
0.201934814453125 -0.330078125 0.111968994140625 -0.215957641601563
0.216278076171875 -0.36090087890625 0.073822021484375 -0.20074462890625
0.157470703125 -0.382568359375 0.0604400634765625 -0.226638793945313
0.250946044921875 -0.29376220703125 0.0811920166015625 -0.155609130859375
0.376953125 -0.21185302734375 0.0508193969726563 -0.0415763854980469
0.480194091796875 -0.058197021484375 -0.0835189819335937 -0.0701828002929688
0.4774169921875 0.323486328125 -0.156341552734375 -0.1622314453125
0.3170166015625 0.4500732421875 -0.189361572265625 -0.31854248046875
0.17578125 0.5960693359375 -0.06292724609375 -0.503021240234375
0.10614013671875 0.7164306640625 -0.157974243164063 -0.0493774414062499
0.1568603515625 0.63909912109375 -0.09979248046875 -0.0562744140625
0.446533203125 0.558746337890625 -0.020355224609375 -0.0346927642822265
0.520111083984375 0.254119873046875 -0.0150117874145508 0.00510406494140626
0.545379638671875 0.009552001953125 0.0629463195800782 0.0633392333984375
0.410675048828125 -0.231170654296875 0.0747451782226563 -0.010009765625
0.265625 -0.378143310546875 0.0448837280273438 -0.0591468811035156
0.2664794921875 -0.415008544921875 0.0296821594238281 -0.0418472290039063
0.19317626953125 -0.4493408203125 0.0184288024902344 -0.0700950622558594
0.289703369140625 -0.344879150390625 0.0139484405517578 -0.0237464904785156
0.433441162109375 -0.259185791015625 0.00447845458984378 0.0369606018066406
0.54388427734375 -0.096160888671875 -0.102981567382812 -0.0111923217773438
0.57196044921875 0.3369140625 -0.144119262695312 -0.099273681640625
0.400543212890625 0.494903564453125 -0.12066650390625 -0.21807861328125
0.24859619140625 0.6888427734375 -0.015045166015625 -0.2996826171875
0.14276123046875 0.6981201171875 -0.117828369140625 0.1842041015625
0.19683837890625 0.62603759765625 -0.0388565063476562 0.0917587280273438
0.4600830078125 0.53900146484375 -0.0128688812255859 0.00711631774902347
0.520355224609375 0.247711181640625 -0.0553741455078125 0.02435302734375
0.553985595703125 0.019622802734375 -0.0395050048828125 0.0908050537109375
0.430511474609375 -0.226318359375 -0.0556182861328125 0.0941619873046875
0.28277587890625 -0.3682861328125 -0.0303726196289062 0.111770629882812
0.277069091796875 -0.40301513671875 -0.0172195434570312 0.123077392578125
0.20709228515625 -0.44293212890625 -0.0192184448242187 0.0959854125976562
0.294830322265625 -0.329254150390625 -0.0460128784179687 0.114097595214844
0.428497314453125 -0.242584228515625 -0.039031982421875 0.114952087402344
0.519561767578125 -0.08685302734375 -0.106216430664062 0.0467910766601562
0.5516357421875 0.319122314453125 -0.107582092285156 -0.0383071899414062
0.394866943359375 0.472320556640625 -0.0176925659179687 -0.106773376464844
0.26556396484375 0.67303466796875 0.0584259033203125 -0.0749130249023437
0.16552734375 0.56793212890625 -0.064117431640625 0.408599853515625
0.21124267578125 0.4952392578125 0.026580810546875 0.24017333984375
0.3897705078125 0.40521240234375 -0.00275802612304685 0.0648956298828125
0.4171142578125 0.179046630859375 -0.0816421508789062 0.05609130859375
0.4495849609375 0.01434326171875 -0.126510620117187 0.113395690917969
0.367401123046875 -0.188873291015625 -0.168228149414062 0.190200805664063
0.24755859375 -0.30120849609375 -0.09588623046875 0.268707275390625
0.244537353515625 -0.32940673828125 -0.0590972900390625 0.26824951171875
0.19915771484375 -0.36370849609375 -0.05615234375 0.244003295898438
0.26885986328125 -0.248123168945313 -0.10467529296875 0.226226806640625
0.36456298828125 -0.1597900390625 -0.0856781005859375 0.166168212890625
0.41009521484375 -0.030059814453125 -0.103874206542969 0.0848770141601563
0.417144775390625 0.2783203125 -0.0641975402832031 0.00777053833007814
0.3040771484375 0.385833740234375 0.083282470703125 -0.000694274902343726
0.228729248046875 0.56011962890625 0.130172729492188 0.136810302734375
0.154144287109375 0.345306396484375 0.00207519531249999 0.58013916015625
0.180023193359375 0.28192138671875 0.094696044921875 0.358642578125
0.2440185546875 0.209671020507812 0.0172576904296875 0.123794555664063
0.238433837890625 0.0864105224609375 -0.0768585205078125 0.0893020629882812
0.27008056640625 0.0070953369140625 -0.174636840820312 0.126434326171875
0.241592407226563 -0.12176513671875 -0.236175537109375 0.26202392578125
0.172409057617188 -0.186279296875 -0.13568115234375 0.38555908203125
0.176284790039062 -0.203521728515625 -0.092010498046875 0.372314453125
0.164718627929688 -0.229888916015625 -0.094329833984375 0.3494873046875
0.206832885742187 -0.131240844726562 -0.16436767578125 0.289581298828125
0.249435424804687 -0.050811767578125 -0.138702392578125 0.175735473632813
0.241668701171875 0.0351409912109375 -0.102951049804687 0.09405517578125
0.219345092773438 0.197967529296875 -0.0291099548339843 0.035797119140625
0.167648315429688 0.242706298828125 0.1527099609375 0.0923004150390625
0.15765380859375 0.36181640625 0.17779541015625 0.306793212890625
0.105003356933594 0.0735321044921875 0.0701904296875 0.67608642578125
0.103172302246094 0.0426254272460938 0.16070556640625 0.429107666015625
0.0554885864257813 0.0144691467285156 0.0540618896484375 0.16558837890625
0.0356636047363281 0.008758544921875 -0.0426864624023437 0.110008239746094
0.064849853515625 0.016632080078125 -0.180816650390625 0.1234130859375
0.0881118774414063 -0.0283737182617188 -0.2523193359375 0.295654296875
0.0764083862304688 -0.0398025512695313 -0.143310546875 0.44317626953125
0.0811920166015625 -0.048492431640625 -0.110626220703125 0.419891357421875
0.0997390747070313 -0.068267822265625 -0.13140869140625 0.399200439453125
0.105598449707031 -0.0118408203125 -0.21685791015625 0.300323486328125
0.0966567993164063 0.0377349853515625 -0.185806274414063 0.146591186523438
0.0490226745605469 0.060791015625 -0.102081298828125 0.0785598754882813
0.02386474609375 0.0634803771972656 -0.00508880615234375 0.0499954223632812
0.0410041809082031 0.0535469055175781 0.179916381835937 0.162033081054687
0.0808258056640625 0.109359741210938 0.196044921875 0.412567138671875
-0.02252197265625 0.195053100585938 -0.257049560546875 -0.421539306640625
0.0366363525390625 0.164764404296875 -0.232452392578125 -0.217376708984375
0.145217895507813 0.103912353515625 -0.024658203125 -0.041046142578125
0.138771057128906 -0.00370025634765625 0.0784378051757813 -0.0259475708007813
0.0820541381835938 -0.0752716064453125 0.21612548828125 -0.06365966796875
0.0134963989257813 -0.07183837890625 0.256637573242188 -0.255859375
0.00139617919921875 -0.0985641479492188 0.13055419921875 -0.4122314453125
0.022064208984375 -0.106903076171875 0.0938720703125 -0.410003662109375
0.00679016113281249 -0.0964279174804688 0.105499267578125 -0.42083740234375
0.0522308349609375 -0.0913619995117188 0.185577392578125 -0.322967529296875
0.106285095214844 -0.0744857788085938 0.138885498046875 -0.1534423828125
0.166702270507813 -0.0135650634765625 -0.00749206542968749 -0.133773803710937
0.129508972167969 0.131027221679688 -0.107513427734375 -0.216140747070313
0.0549774169921875 0.15277099609375 -0.2027587890625 -0.394683837890625
-0.00958251953124999 0.15338134765625 -0.0968017578125 -0.7021484375
0.047149658203125 0.4268798828125 -0.2359619140625 -0.368682861328125
0.098052978515625 0.36138916015625 -0.20672607421875 -0.213180541992187
0.2869873046875 0.278045654296875 -0.0330581665039062 -0.0529861450195312
0.301910400390625 0.077178955078125 0.0537528991699219 -0.0113449096679687
0.265914916992188 -0.072021484375 0.201217651367188 -0.01708984375
0.1575927734375 -0.15850830078125 0.24224853515625 -0.196807861328125
0.09222412109375 -0.236465454101563 0.126708984375 -0.342132568359375
0.11285400390625 -0.258148193359375 0.081878662109375 -0.3326416015625
0.077545166015625 -0.259109497070312 0.075225830078125 -0.352325439453125
0.157455444335938 -0.206695556640625 0.130752563476563 -0.264617919921875
0.25225830078125 -0.151702880859375 0.0959014892578125 -0.11151123046875
0.339569091796875 -0.03955078125 -0.0546493530273437 -0.108856201171875
0.326141357421875 0.23602294921875 -0.148483276367187 -0.197052001953125
0.20159912109375 0.318115234375 -0.228179931640625 -0.36907958984375
0.104339599609375 0.395355224609375 -0.114990234375 -0.63323974609375
0.10504150390625 0.60736083984375 -0.20404052734375 -0.237014770507812
0.148468017578125 0.526885986328125 -0.161346435546875 -0.157470703125
0.398834228515625 0.432159423828125 -0.0325279235839843 -0.055572509765625
0.438568115234375 0.16455078125 0.0216255187988282 -0.00610351562499999
0.430419921875 -0.048248291015625 0.1494140625 0.0213775634765625
0.296051025390625 -0.218780517578125 0.178207397460938 -0.116729736328125
0.17822265625 -0.3387451171875 0.09515380859375 -0.219879150390625
0.1859130859375 -0.371826171875 0.0579986572265625 -0.204437255859375
0.12750244140625 -0.387542724609375 0.04119873046875 -0.230438232421875
0.226287841796875 -0.3055419921875 0.0699005126953125 -0.161285400390625
0.35748291015625 -0.235015869140625 0.0504646301269531 -0.0479774475097656
0.46881103515625 -0.091552734375 -0.0888748168945312 -0.0633544921875
0.495574951171875 0.284912109375 -0.163726806640625 -0.15142822265625
0.341461181640625 0.42291259765625 -0.206573486328125 -0.301116943359375
0.21795654296875 0.57275390625 -0.093170166015625 -0.4893798828125
0.15618896484375 0.69891357421875 -0.159469604492188 -0.0411987304687499
0.19842529296875 0.61920166015625 -0.10076904296875 -0.0500793457031249
0.478790283203125 0.51739501953125 -0.0243339538574219 -0.0374946594238281
0.52752685546875 0.21636962890625 -0.0161733627319336 0.00181198120117189
0.537811279296875 -0.028350830078125 0.0662155151367188 0.0551033020019531
0.39166259765625 -0.254364013671875 0.0738449096679688 -0.0159912109375
0.23773193359375 -0.391082763671875 0.0411376953125 -0.0614852905273438
0.231353759765625 -0.429107666015625 0.026153564453125 -0.0452728271484375
0.1585693359375 -0.457244873046875 0.0113906860351563 -0.07366943359375
0.26190185546875 -0.358734130859375 0.0135211944580078 -0.0272502899169922
0.4100341796875 -0.2843017578125 0.00949859619140627 0.0325584411621094
0.528900146484375 -0.13140869140625 -0.104225158691406 -0.00417327880859375
0.58966064453125 0.2891845703125 -0.147430419921875 -0.09197998046875
0.427154541015625 0.46258544921875 -0.131851196289062 -0.207443237304687
0.296630859375 0.6600341796875 -0.031829833984375 -0.293243408203125
0.19049072265625 0.68243408203125 -0.103012084960937 0.186172485351563
0.2374267578125 0.604248046875 -0.0294265747070312 0.0909271240234376
0.493072509765625 0.497955322265625 -0.0124940872192383 0.0036277770996094
0.528533935546875 0.207855224609375 -0.0545310974121093 0.0225601196289063
0.548309326171875 -0.01995849609375 -0.033538818359375 0.0888671875
0.412445068359375 -0.2523193359375 -0.0472488403320312 0.0964431762695312
0.255401611328125 -0.38421630859375 -0.0203323364257812 0.112014770507812
0.242523193359375 -0.419158935546875 -0.00766754150390622 0.120277404785156
0.172119140625 -0.45147705078125 -0.0130386352539062 0.092254638671875
0.269500732421875 -0.34381103515625 -0.0354461669921875 0.113182067871094
0.4053955078125 -0.26715087890625 -0.0290985107421875 0.111946105957031
0.50531005859375 -0.12115478515625 -0.103263854980469 0.052001953125
0.5682373046875 0.2725830078125 -0.106765747070312 -0.0350265502929687
0.419189453125 0.44073486328125 -0.0231170654296875 -0.106086730957031
0.31207275390625 0.6474609375 0.0559539794921875 -0.0784988403320312
0.202178955078125 0.55126953125 -0.03424072265625 0.40277099609375
0.24237060546875 0.476043701171875 0.0465545654296875 0.232742309570313
0.414093017578125 0.375091552734375 0.00221252441406252 0.0605621337890625
0.422271728515625 0.15020751953125 -0.077178955078125 0.0553207397460938
0.4454345703125 -0.018646240234375 -0.119049072265625 0.117637634277344
0.352142333984375 -0.212677001953125 -0.152999877929687 0.2001953125
0.226806640625 -0.316162109375 -0.0725555419921875 0.270751953125
0.217071533203125 -0.3438720703125 -0.038909912109375 0.265579223632813
0.169281005859375 -0.37286376953125 -0.0375518798828125 0.239944458007812
0.249404907226563 -0.263153076171875 -0.0844573974609375 0.228439331054687
0.3475341796875 -0.182098388671875 -0.0725555419921875 0.166168212890625
0.401336669921875 -0.05694580078125 -0.0974960327148437 0.0883102416992188
0.434051513671875 0.24334716796875 -0.0606422424316406 0.007354736328125
0.324188232421875 0.361968994140625 0.0836639404296875 -0.00831604003906248
0.26776123046875 0.538360595703125 0.140869140625 0.1243896484375
0.17584228515625 0.333770751953125 0.04229736328125 0.56787109375
0.19696044921875 0.267791748046875 0.120697021484375 0.344482421875
0.257293701171875 0.192459106445313 0.0270614624023438 0.117599487304688
0.241241455078125 0.070953369140625 -0.06982421875 0.0886917114257813
0.268875122070313 -0.0124969482421875 -0.166244506835937 0.133438110351563
0.232101440429687 -0.137298583984375 -0.216262817382812 0.275955200195313
0.159393310546875 -0.1976318359375 -0.104156494140625 0.38818359375
0.15948486328125 -0.215652465820313 -0.0633544921875 0.36944580078125
0.145675659179687 -0.239486694335937 -0.06787109375 0.347259521484375
0.196609497070313 -0.143890380859375 -0.138824462890625 0.295379638671875
0.242965698242187 -0.067047119140625 -0.124984741210938 0.18084716796875
0.240753173828125 0.018890380859375 -0.0945892333984375 0.0978851318359375
0.2332763671875 0.178970336914063 -0.0240554809570312 0.0341033935546875
0.181564331054688 0.229843139648437 0.157821655273438 0.0778656005859375
0.182586669921875 0.34857177734375 0.199127197265625 0.28887939453125
0.10723876953125 0.0688323974609375 0.1143798828125 0.65679931640625
0.104530334472656 0.0371322631835938 0.19158935546875 0.409637451171875
0.0576972961425781 0.0132484436035156 0.0664825439453125 0.157699584960937
0.0363693237304688 0.00785446166992188 -0.0349502563476563 0.107574462890625
0.066619873046875 0.0108375549316406 -0.173782348632813 0.132278442382812
0.0867462158203125 -0.0355911254882813 -0.229888916015625 0.31195068359375
0.0747528076171875 -0.0467605590820313 -0.10711669921875 0.44573974609375
0.0774002075195313 -0.0554122924804688 -0.07696533203125 0.419403076171875
0.0922164916992188 -0.0766067504882813 -0.099334716796875 0.39996337890625
0.104461669921875 -0.020233154296875 -0.190826416015625 0.310546875
0.0990142822265625 0.0300979614257812 -0.17333984375 0.156509399414063
0.0537528991699219 0.056671142578125 -0.0941009521484375 0.0826416015625
0.0301475524902344 0.0611343383789063 5.34057617187544E-05 0.0473518371582031
0.0454559326171875 0.0523109436035156 0.189773559570313 0.145126342773437
0.0882110595703125 0.105728149414063 0.22296142578125 0.39227294921875
-0.0113067626953125 0.188095092773438 -0.2725830078125 -0.39959716796875
0.04193115234375 0.155960083007813 -0.238922119140625 -0.198654174804688
0.14263916015625 0.092437744140625 -0.0286865234375 -0.0390739440917969
0.132850646972656 -0.0100555419921875 0.0738677978515625 -0.026947021484375
0.07354736328125 -0.0743789672851563 0.209228515625 -0.0727386474609375
0.0103111267089844 -0.0673675537109375 0.238632202148438 -0.264129638671875
-0.00372314453125001 -0.0944061279296875 0.1051025390625 -0.406280517578125
0.0154342651367188 -0.105171203613281 0.0694580078125 -0.40155029296875
0.00238037109374999 -0.0932388305664063 0.078857421875 -0.413299560546875
0.0458526611328125 -0.0909347534179688 0.162689208984375 -0.32562255859375
0.0982208251953125 -0.078216552734375 0.130081176757813 -0.15814208984375
0.161178588867188 -0.023529052734375 -0.0132980346679687 -0.1275634765625
0.13299560546875 0.119873046875 -0.115585327148437 -0.201675415039062
0.0611724853515625 0.144317626953125 -0.2171630859375 -0.371551513671875
0.000152587890625016 0.14727783203125 -0.12738037109375 -0.67437744140625
0.068572998046875 0.4114990234375 -0.249755859375 -0.3480224609375
0.11175537109375 0.344970703125 -0.212677001953125 -0.197433471679688
0.291351318359375 0.254119873046875 -0.0376510620117187 -0.0519371032714844
0.294189453125 0.0606689453125 0.0494766235351563 -0.0139274597167969
0.252609252929688 -0.0811614990234375 0.196319580078125 -0.02734375
0.14703369140625 -0.157882690429688 0.226821899414063 -0.206619262695313
0.0785980224609375 -0.234024047851563 0.10577392578125 -0.338226318359375
0.0952911376953125 -0.257080078125 0.06103515625 -0.32696533203125
0.0623321533203125 -0.255706787109375 0.05218505859375 -0.3470458984375
0.142684936523438 -0.207855224609375 0.11383056640625 -0.266754150390625
0.238327026367188 -0.16107177734375 0.0910491943359375 -0.116104125976563
0.328094482421875 -0.056365966796875 -0.0593032836914062 -0.101486206054688
0.330780029296875 0.21142578125 -0.153671264648437 -0.184417724609375
0.211669921875 0.29962158203125 -0.239288330078125 -0.346466064453125
0.123291015625 0.37750244140625 -0.14019775390625 -0.607177734375
0.13470458984375 0.585205078125 -0.211181640625 -0.221664428710937
0.169952392578125 0.504119873046875 -0.1650390625 -0.146041870117187
0.409576416015625 0.398284912109375 -0.0369110107421875 -0.0558547973632812
0.430023193359375 0.13824462890625 0.018148422241211 -0.00852394104003905
0.413970947265625 -0.066131591796875 0.147720336914063 0.0119171142578125
0.279525756835938 -0.223861694335938 0.168960571289063 -0.124526977539063
0.158233642578125 -0.3385009765625 0.0818939208984375 -0.218521118164063
0.1602783203125 -0.3724365234375 0.044281005859375 -0.202102661132813
0.103607177734375 -0.3834228515625 0.0256805419921875 -0.228286743164063
0.206329345703125 -0.30767822265625 0.0605621337890625 -0.163406372070313
0.337188720703125 -0.245941162109375 0.0491828918457032 -0.0526275634765625
0.451385498046875 -0.1131591796875 -0.0911712646484375 -0.056396484375
0.49981689453125 0.249237060546875 -0.166244506835938 -0.141494750976562
0.351287841796875 0.396209716796875 -0.2139892578125 -0.282867431640625
0.24249267578125 0.543670654296875 -0.112091064453125 -0.46923828125
0.1884765625 0.67425537109375 -0.157379150390625 -0.034881591796875
0.22509765625 0.59210205078125 -0.100082397460937 -0.04559326171875
0.49383544921875 0.478118896484375 -0.0273284912109375 -0.0397796630859375
0.520538330078125 0.18487548828125 -0.0183429718017578 -0.000944137573242174
0.5196533203125 -0.0538330078125 0.0667648315429688 0.0485267639160156
0.370819091796875 -0.263214111328125 0.0716781616210938 -0.0202407836914063
0.213134765625 -0.394317626953125 0.0383377075195313 -0.0621681213378906
0.201446533203125 -0.431365966796875 0.0228958129882813 -0.0468978881835938
0.129486083984375 -0.451416015625 0.00459289550781251 -0.0747833251953125
0.238739013671875 -0.36126708984375 0.012868881225586 -0.029287338256836
0.384613037109375 -0.29730224609375 0.0124549865722656 0.0275135040283203
0.50933837890625 -0.15380859375 -0.103431701660156 0.000869750976562485
0.5902099609375 0.2498779296875 -0.147216796875 -0.08612060546875
0.436004638671875 0.4307861328125 -0.136093139648438 -0.196746826171875
0.32391357421875 0.6259765625 -0.04168701171875 -0.2838134765625
0.2191162109375 0.6563720703125 -0.090728759765625 0.18316650390625
0.2611083984375 0.577880859375 -0.0222854614257812 0.0873947143554688
0.50665283203125 0.459808349609375 -0.0124807357788086 -0.00058841705322263
0.522705078125 0.178009033203125 -0.0539932250976562 0.0198020935058594
0.532012939453125 -0.047607421875 -0.030029296875 0.08575439453125
0.392913818359375 -0.26422119140625 -0.0410995483398437 0.0957794189453125
0.23272705078125 -0.388671875 -0.0116195678710937 0.108978271484375
0.213592529296875 -0.421722412109375 -0.00131988525390623 0.114776611328125
0.142852783203125 -0.448089599609375 -0.00962829589843748 0.0869216918945312
0.247314453125 -0.347259521484375 -0.0271377563476562 0.109794616699219
0.381927490234375 -0.280364990234375 -0.0221328735351562 0.1070556640625
0.486175537109375 -0.14111328125 -0.0998916625976562 0.0550079345703125
0.56756591796875 0.2347412109375 -0.104934692382812 -0.0336532592773437
0.42919921875 0.4114990234375 -0.0261077880859375 -0.103996276855469
0.33941650390625 0.61383056640625 0.0535812377929688 -0.079559326171875
0.2239990234375 0.529815673828125 -0.012939453125 0.38916015625
0.260833740234375 0.4539794921875 0.0587921142578125 0.220947265625
0.425079345703125 0.343963623046875 0.0057182312011719 0.0544815063476563
0.418304443359375 0.127593994140625 -0.0742874145507812 0.0525894165039063
0.43408203125 -0.041229248046875 -0.112602233886719 0.117988586425781
0.33612060546875 -0.225189208984375 -0.138687133789062 0.203414916992188
0.207366943359375 -0.3218994140625 -0.0545196533203125 0.265533447265625
0.19317626953125 -0.34808349609375 -0.0239410400390625 0.256759643554688
0.144195556640625 -0.372528076171875 -0.02587890625 0.231414794921875
0.231338500976563 -0.268234252929688 -0.0685577392578125 0.224533081054687
0.330352783203125 -0.1939697265625 -0.0628509521484375 0.163177490234375
0.388092041015625 -0.073974609375 -0.0919952392578125 0.0895233154296875
0.435516357421875 0.213592529296875 -0.05804443359375 0.00597381591796877
0.33282470703125 0.338897705078125 0.0812606811523438 -0.0146636962890625
0.2891845703125 0.51104736328125 0.145538330078125 0.112884521484375
0.18756103515625 0.318511962890625 0.06817626953125 0.544586181640625
0.205520629882812 0.253372192382812 0.137359619140625 0.326507568359375
0.26324462890625 0.176422119140625 0.032806396484375 0.1099853515625
0.23907470703125 0.0595703125 -0.0650177001953125 0.084808349609375
0.263107299804688 -0.02642822265625 -0.159347534179687 0.136932373046875
0.221405029296875 -0.147109985351563 -0.197479248046875 0.281463623046875
0.148040771484375 -0.203536987304688 -0.0787353515625 0.38055419921875
0.14410400390625 -0.219879150390625 -0.041839599609375 0.359466552734375
0.127777099609375 -0.241317749023437 -0.0484619140625 0.33740234375
0.185317993164063 -0.1505126953125 -0.118316650390625 0.29254150390625
0.234939575195313 -0.07708740234375 -0.112457275390625 0.180694580078125
0.235977172851563 0.0072174072265625 -0.08819580078125 0.098052978515625
0.23736572265625 0.161026000976562 -0.0213775634765625 0.0307750701904297
0.18798828125 0.217208862304688 0.157882690429687 0.0656280517578125
0.197021484375 0.3319091796875 0.209808349609375 0.269439697265625
0.107200622558594 0.0648269653320313 0.143310546875 0.62811279296875
0.103218078613281 0.0325775146484375 0.20745849609375 0.38629150390625
0.0591773986816406 0.0124359130859375 0.0731964111328125 0.148529052734375
0.0367469787597656 0.00768661499023438 -0.0298004150390625 0.102188110351562
0.06732177734375 0.0063629150390625 -0.166580200195313 0.136566162109375
0.0836410522460937 -0.0411529541015625 -0.208587646484375 0.317840576171875
0.0719070434570313 -0.0510711669921875 -0.07952880859375 0.436798095703125
0.073028564453125 -0.0598068237304687 -0.053253173828125 0.40789794921875
0.0849685668945313 -0.0804977416992188 -0.07513427734375 0.3905029296875
0.101882934570312 -0.0261383056640625 -0.167266845703125 0.310302734375
0.099273681640625 0.0235824584960938 -0.16180419921875 0.160964965820313
0.056121826171875 0.0527610778808594 -0.0863494873046875 0.0831756591796875
0.0342864990234375 0.057525634765625 0.00301361083984375 0.0442886352539063
0.0475540161132813 0.05120849609375 0.191986083984375 0.13037109375
0.0924453735351563 0.101432800292969 0.236968994140625 0.369415283203125
-0.00433349609375001 0.182601928710938 -0.279754638671875 -0.38299560546875
0.0439605712890625 0.149856567382813 -0.240936279296875 -0.187042236328125
0.139595031738281 0.0855178833007813 -0.0310134887695312 -0.0378036499023437
0.127593994140625 -0.0131454467773438 0.0705108642578125 -0.0271148681640625
0.0682754516601563 -0.0724029541015625 0.2056884765625 -0.0774078369140625
0.008453369140625 -0.0630416870117188 0.227157592773438 -0.268341064453125
-0.0070037841796875 -0.0914382934570313 0.0887451171875 -0.400634765625
0.0109176635742187 -0.103195190429688 0.054168701171875 -0.393890380859375
-7.62939453124942E-05 -0.0917816162109375 0.063690185546875 -0.407318115234375
0.0417633056640625 -0.089752197265625 0.148406982421875 -0.325531005859375
0.093658447265625 -0.0805740356445313 0.125656127929688 -0.160781860351563
0.156219482421875 -0.029388427734375 -0.0166244506835937 -0.122428894042969
0.135116577148438 0.112129211425781 -0.11846923828125 -0.19122314453125
0.0640945434570313 0.137771606445313 -0.222686767578125 -0.355499267578125
0.00572204589843749 0.1416015625 -0.1435546875 -0.65252685546875
0.08056640625 0.399749755859375 -0.255340576171875 -0.3345947265625
0.11846923828125 0.333770751953125 -0.215042114257813 -0.18682861328125
0.2908935546875 0.237518310546875 -0.0405464172363281 -0.0517845153808594
0.287078857421875 0.052520751953125 0.0461654663085938 -0.0150146484375
0.243072509765625 -0.08514404296875 0.193496704101563 -0.0336151123046875
0.141067504882813 -0.155776977539063 0.216827392578125 -0.211669921875
0.0704345703125 -0.231063842773438 0.092254638671875 -0.333831787109375
0.0837249755859375 -0.255645751953125 0.048858642578125 -0.3211669921875
0.0531158447265625 -0.252685546875 0.038055419921875 -0.342132568359375
0.134078979492188 -0.206756591796875 0.102676391601563 -0.26739501953125
0.228302001953125 -0.1654052734375 0.0888671875 -0.119941711425781
0.320037841796875 -0.066162109375 -0.061614990234375 -0.0957260131835938
0.332061767578125 0.195037841796875 -0.156585693359375 -0.17645263671875
0.215576171875 0.286895751953125 -0.243927001953125 -0.331787109375
0.13385009765625 0.36383056640625 -0.1529541015625 -0.58685302734375
0.150634765625 0.56988525390625 -0.213409423828125 -0.212448120117188
0.18109130859375 0.48822021484375 -0.166152954101563 -0.138809204101562
0.412139892578125 0.376373291015625 -0.0404090881347656 -0.0566368103027344
0.422607421875 0.125244140625 0.0151662826538086 -0.0105018615722656
0.402679443359375 -0.07623291015625 0.145965576171875 0.006317138671875
0.269149780273438 -0.225387573242188 0.161880493164063 -0.129135131835938
0.14520263671875 -0.33782958984375 0.0736236572265625 -0.217697143554688
0.14410400390625 -0.3717041015625 0.0364990234375 -0.199676513671875
0.090179443359375 -0.378662109375 0.0146331787109375 -0.224884033203125
0.19403076171875 -0.306182861328125 0.053955078125 -0.1639404296875
0.322509765625 -0.252349853515625 0.0487594604492188 -0.0566596984863281
0.43927001953125 -0.124847412109375 -0.0925827026367187 -0.0507583618164063
0.498626708984375 0.226043701171875 -0.1669921875 -0.13531494140625
0.35528564453125 0.379364013671875 -0.216888427734375 -0.270370483398438
0.256317138671875 0.5250244140625 -0.12127685546875 -0.45587158203125
0.20709228515625 0.6552734375 -0.155715942382813 -0.0316925048828124
0.24005126953125 0.57159423828125 -0.0986862182617187 -0.0429840087890624
0.499359130859375 0.4508056640625 -0.0298080444335937 -0.0423088073730468
0.513214111328125 0.16668701171875 -0.020700454711914 -0.00341415405273436
0.508148193359375 -0.069183349609375 0.0666465759277344 0.044036865234375
0.3587646484375 -0.268951416015625 0.0699844360351563 -0.0230216979980469
0.19940185546875 -0.395294189453125 0.0372543334960938 -0.0633506774902344
0.181060791015625 -0.4302978515625 0.0203361511230469 -0.0477409362792969
0.112518310546875 -0.447265625 -0.000747680664062498 -0.075164794921875
0.22454833984375 -0.359832763671875 0.0123577117919922 -0.0318241119384766
0.368743896484375 -0.304229736328125 0.0135688781738281 0.0230941772460937
0.494537353515625 -0.165069580078125 -0.102897644042969 0.00524139404296874
0.58709716796875 0.22271728515625 -0.14727783203125 -0.083465576171875
0.439239501953125 0.412109375 -0.13848876953125 -0.19012451171875
0.33843994140625 0.6021728515625 -0.04718017578125 -0.275955200195312
0.23907470703125 0.63836669921875 -0.0831146240234375 0.178878784179688
0.27569580078125 0.55780029296875 -0.017852783203125 0.08447265625
0.511871337890625 0.4329833984375 -0.0139265060424804 -0.00490856170654294
0.516876220703125 0.161407470703125 -0.0552597045898437 0.0173072814941406
0.519989013671875 -0.063232421875 -0.0274581909179687 0.0836181640625
0.379608154296875 -0.271026611328125 -0.0371322631835937 0.0950698852539062
0.217864990234375 -0.391082763671875 -0.00611877441406249 0.105545043945312
0.1944580078125 -0.42205810546875 0.00215911865234377 0.1103515625
0.124908447265625 -0.444427490234375 -0.00979614257812499 0.0835647583007812
0.2330322265625 -0.34661865234375 -0.0218124389648438 0.105857849121094
0.366943359375 -0.285675048828125 -0.0183258056640625 0.102401733398437
0.47088623046875 -0.151519775390625 -0.0978164672851562 0.0576095581054688
0.56536865234375 0.21246337890625 -0.104103088378906 -0.033782958984375
0.432373046875 0.393218994140625 -0.0281219482421875 -0.103660583496094
0.3536376953125 0.58990478515625 0.0524139404296875 -0.0802764892578125
0.23822021484375 0.514312744140625 -0.000671386718749955 0.3780517578125
0.27081298828125 0.437744140625 0.0657501220703125 0.212738037109375
0.43023681640625 0.32427978515625 0.00663757324218752 0.0495071411132813
0.413543701171875 0.11468505859375 -0.0737533569335937 0.0499114990234375
0.4249267578125 -0.054718017578125 -0.108940124511719 0.118453979492188
0.32476806640625 -0.232330322265625 -0.130218505859375 0.205596923828125
0.1953125 -0.32525634765625 -0.0426483154296875 0.259445190429688
0.17779541015625 -0.349639892578125 -0.0154571533203125 0.249923706054687
0.129180908203125 -0.369354248046875 -0.0198822021484375 0.224822998046875
0.220611572265625 -0.269454956054688 -0.0588531494140625 0.219650268554687
0.319183349609375 -0.20074462890625 -0.0571136474609375 0.158920288085938
0.378326416015625 -0.083099365234375 -0.0881423950195312 0.0904541015625
0.4339599609375 0.194488525390625 -0.057220458984375 0.00342941284179688
0.335662841796875 0.32647705078125 0.0799407958984375 -0.0195159912109375
0.302490234375 0.493011474609375 0.147537231445313 0.104965209960938
0.194091796875 0.309906005859375 0.083343505859375 0.52734375
0.209747314453125 0.243331909179688 0.145751953125 0.3131103515625
0.2667236328125 0.165435791015625 0.0356369018554688 0.10418701171875
0.236892700195313 0.053497314453125 -0.0635223388671875 0.082275390625
0.257980346679687 -0.0357666015625 -0.15478515625 0.1385498046875
0.214828491210937 -0.1534423828125 -0.185699462890625 0.28466796875
0.140411376953125 -0.207061767578125 -0.062286376953125 0.37371826171875
0.134613037109375 -0.222000122070313 -0.02960205078125 0.349884033203125
0.116806030273437 -0.241119384765625 -0.0377197265625 0.328826904296875
0.17889404296875 -0.153717041015625 -0.1048583984375 0.2886962890625
0.228668212890625 -0.08306884765625 -0.105560302734375 0.179107666015625
0.231979370117188 0.0006256103515625 -0.0837326049804687 0.0979843139648438
0.238296508789063 0.149078369140625 -0.0200576782226562 0.0278854370117188
0.191146850585938 0.210113525390625 0.156707763671875 0.0568084716796875
0.204681396484375 0.320892333984375 0.213851928710938 0.256484985351563
0.106094360351563 0.0627670288085938 0.15753173828125 0.60595703125
0.102081298828125 0.0298995971679688 0.215911865234375 0.369598388671875
0.0606269836425781 0.011688232421875 0.0762176513671875 0.141571044921875
0.0370330810546875 0.00788497924804688 -0.02789306640625 0.0981826782226563
0.067352294921875 0.00294113159179688 -0.162887573242187 0.139312744140625
0.0818710327148438 -0.04498291015625 -0.194610595703125 0.321563720703125
0.0706710815429688 -0.0551605224609375 -0.061859130859375 0.42913818359375
0.0701866149902344 -0.0622062683105469 -0.03875732421875 0.39862060546875
0.080047607421875 -0.0828628540039063 -0.0618896484375 0.382659912109375
0.10052490234375 -0.0300750732421875 -0.15234375 0.30810546875
0.0993499755859375 0.0199737548828125 -0.15399169921875 0.1624755859375
0.0578689575195313 0.0500907897949219 -0.0818252563476562 0.08251953125
0.0367431640625 0.0554885864257813 0.00423812866210938 0.041015625
0.0493545532226563 0.0509681701660156 0.191436767578125 0.119857788085938
0.095062255859375 0.09967041015625 0.243255615234375 0.35418701171875
0.000778198242187517 0.180648803710937 -0.288787841796875 -0.376312255859375
0.0453948974609375 0.147125244140625 -0.245574951171875 -0.180465698242187
0.139251708984375 0.0815963745117188 -0.0334281921386719 -0.0372657775878906
0.125160217285156 -0.0151290893554688 0.0693817138671875 -0.0273551940917969
0.0646286010742188 -0.0709609985351563 0.205718994140625 -0.083892822265625
0.00881958007812501 -0.0602340698242188 0.221206665039063 -0.27691650390625
-0.00888824462890625 -0.0897750854492188 0.0777587890625 -0.400848388671875
0.00739288330078125 -0.1031494140625 0.043182373046875 -0.392608642578125
-0.00199127197265624 -0.0914688110351563 0.051300048828125 -0.4063720703125
0.03936767578125 -0.0895767211914063 0.13916015625 -0.33001708984375
0.0904006958007813 -0.0833511352539063 0.123687744140625 -0.166000366210938
0.154647827148437 -0.0345306396484375 -0.0185089111328125 -0.11962890625
0.137947082519531 0.107582092285156 -0.121917724609375 -0.185836791992187
0.0665206909179688 0.134437561035156 -0.2288818359375 -0.347747802734375
0.00917816162109375 0.138839721679688 -0.15521240234375 -0.6429443359375
0.091888427734375 0.39520263671875 -0.262969970703125 -0.327880859375
0.12518310546875 0.328155517578125 -0.219329833984375 -0.181304931640625
0.293701171875 0.228668212890625 -0.0434188842773437 -0.05194091796875
0.284759521484375 0.0467529296875 0.0442581176757813 -0.015106201171875
0.239105224609375 -0.088104248046875 0.19451904296875 -0.039337158203125
0.13897705078125 -0.155868530273438 0.2122802734375 -0.219436645507813
0.064788818359375 -0.231979370117188 0.083221435546875 -0.336456298828125
0.075469970703125 -0.25732421875 0.039947509765625 -0.3204345703125
0.0468902587890625 -0.252822875976563 0.027069091796875 -0.341461181640625
0.129684448242188 -0.209136962890625 0.09564208984375 -0.270782470703125
0.223068237304688 -0.171493530273438 0.0872726440429688 -0.12493896484375
0.31756591796875 -0.074737548828125 -0.0636367797851563 -0.0919265747070312
0.336883544921875 0.185760498046875 -0.16009521484375 -0.172012329101562
0.220489501953125 0.28125 -0.249847412109375 -0.32427978515625
0.142852783203125 0.359405517578125 -0.163818359375 -0.57989501953125
0.1661376953125 0.563232421875 -0.218032836914063 -0.208694458007812
0.1925048828125 0.4803466796875 -0.169052124023438 -0.13507080078125
0.421142578125 0.3623046875 -0.0433807373046875 -0.05816650390625
0.422393798828125 0.115936279296875 0.0125141143798828 -0.0115861892700195
0.398529052734375 -0.085174560546875 0.147628784179688 0.000717163085937495
0.266311645507813 -0.229339599609375 0.158935546875 -0.134567260742188
0.137786865234375 -0.340850830078125 0.068572998046875 -0.219467163085938
0.132598876953125 -0.375030517578125 0.0307769775390625 -0.199676513671875
0.0794677734375 -0.380706787109375 0.00630187988281252 -0.2242431640625
0.188018798828125 -0.308837890625 0.049560546875 -0.167449951171875
0.316131591796875 -0.26007080078125 0.0483131408691406 -0.0611038208007813
0.436492919921875 -0.134796142578125 -0.0942001342773437 -0.0462417602539063
0.502349853515625 0.212677001953125 -0.17071533203125 -0.133163452148438
0.3614501953125 0.371368408203125 -0.221832275390625 -0.264663696289063
0.269195556640625 0.516632080078125 -0.129180908203125 -0.450531005859375
0.22393798828125 0.6495361328125 -0.155548095703125 -0.02984619140625
0.2529296875 0.56414794921875 -0.09918212890625 -0.0419540405273437
0.5106201171875 0.435028076171875 -0.0326690673828125 -0.0451774597167968
0.513397216796875 0.157257080078125 -0.0238361358642578 -0.00460624694824217
0.504669189453125 -0.080474853515625 0.0686874389648438 0.0411415100097656
0.35528564453125 -0.274688720703125 0.0696296691894532 -0.0257568359375
0.189605712890625 -0.40167236328125 0.0368919372558594 -0.0659713745117188
0.169647216796875 -0.43609619140625 0.0184745788574219 -0.0491485595703125
0.099456787109375 -0.4483642578125 -0.00534820556640624 -0.0750961303710938
0.217620849609375 -0.363983154296875 0.0116958618164063 -0.0345802307128906
0.361663818359375 -0.312774658203125 0.014547348022461 0.0191516876220703
0.489501953125 -0.176177978515625 -0.103981018066406 0.01007080078125
0.59210205078125 0.20611572265625 -0.149932861328125 -0.083038330078125
0.446533203125 0.403472900390625 -0.142410278320313 -0.187057495117187
0.352294921875 0.59375 -0.0508270263671875 -0.273971557617188
0.25396728515625 0.63238525390625 -0.07855224609375 0.17755126953125
0.289031982421875 0.54998779296875 -0.014862060546875 0.0829315185546875
0.52410888671875 0.41790771484375 -0.0151309967041015 -0.00792694091796873
0.518402099609375 0.15234375 -0.0574188232421875 0.0158119201660156
0.517913818359375 -0.076324462890625 -0.0255584716796875 0.0830764770507813
0.3753662109375 -0.28106689453125 -0.0346603393554687 0.0969085693359375
0.2091064453125 -0.398895263671875 -0.0013580322265625 0.102485656738281
0.181915283203125 -0.42779541015625 0.00413513183593752 0.108062744140625
0.11358642578125 -0.4466552734375 -0.0100860595703125 0.082489013671875
0.227874755859375 -0.35009765625 -0.0190505981445312 0.10406494140625
0.359588623046875 -0.29449462890625 -0.0159149169921875 0.100128173828125
0.468505859375 -0.16119384765625 -0.09686279296875 0.0612945556640625
0.5697021484375 0.195068359375 -0.106048583984375 -0.0351181030273438
0.43817138671875 0.383758544921875 -0.0301971435546875 -0.105003356933594
0.36883544921875 0.581787109375 0.0522232055664063 -0.0818252563476562
0.24981689453125 0.510772705078125 0.00781250000000003 0.37396240234375
0.281341552734375 0.43060302734375 0.072235107421875 0.208282470703125
0.4404296875 0.312347412109375 0.0066032409667969 0.0456314086914063
0.415863037109375 0.10772705078125 -0.0748214721679687 0.0487442016601562
0.42425537109375 -0.065826416015625 -0.107322692871094 0.120895385742188
0.321044921875 -0.2410888671875 -0.124923706054687 0.210067749023437
0.187744140625 -0.33416748046875 -0.0341339111328125 0.257186889648438
0.16802978515625 -0.354736328125 -0.00982666015624997 0.246490478515625
0.1190185546875 -0.372772216796875 -0.01654052734375 0.223846435546875
0.216033935546875 -0.274276733398438 -0.0530242919921875 0.218246459960938
0.31494140625 -0.2083740234375 -0.053955078125 0.157913208007813
0.376983642578125 -0.090057373046875 -0.0868988037109374 0.0936126708984375
0.439422607421875 0.181976318359375 -0.0582656860351562 0.00152587890625001
0.342498779296875 0.319183349609375 0.07916259765625 -0.0237197875976562
0.314544677734375 0.4849853515625 0.150360107421875 0.100921630859375
0.201812744140625 0.307830810546875 0.095184326171875 0.520751953125
0.215408325195313 0.239028930664063 0.15478515625 0.30694580078125
0.272140502929688 0.15869140625 0.0376510620117188 0.100265502929688
0.238662719726563 0.050262451171875 -0.063323974609375 0.0804824829101563
0.257904052734375 -0.04315185546875 -0.15386962890625 0.14300537109375
0.21185302734375 -0.160049438476563 -0.178314208984375 0.291656494140625
0.136566162109375 -0.214141845703125 -0.05084228515625 0.371429443359375
0.128875732421875 -0.227462768554688 -0.021026611328125 0.347198486328125
0.109710693359375 -0.244308471679688 -0.030609130859375 0.3271484375
0.176712036132812 -0.158599853515625 -0.096588134765625 0.2886962890625
0.227264404296875 -0.088623046875 -0.102081298828125 0.17999267578125
0.232513427734375 -0.0035247802734375 -0.0812225341796875 0.0992889404296875
0.242355346679687 0.14312744140625 -0.0205783843994141 0.024871826171875
0.196563720703125 0.208145141601562 0.157012939453125 0.050750732421875
0.213592529296875 0.31719970703125 0.219772338867188 0.251495361328125
0.107147216796875 0.0632400512695313 0.169921875 0.59661865234375
0.10247802734375 0.0286712646484375 0.22503662109375 0.361053466796875
0.0627174377441406 0.0109710693359375 0.0796432495117188 0.137870788574219
0.0380859375 0.00870895385742188 -0.0273513793945312 0.0960540771484375
0.0678367614746094 -0.00020599365234375 -0.16241455078125 0.144485473632812
0.080841064453125 -0.0487899780273438 -0.187164306640625 0.329193115234375
0.0697708129882812 -0.0594520568847656 -0.049957275390625 0.428009033203125
0.069610595703125 -0.0655708312988281 -0.029571533203125 0.3955078125
0.0777053833007813 -0.0850753784179688 -0.05242919921875 0.380950927734375
0.100875854492188 -0.0332717895507813 -0.143463134765625 0.30987548828125
0.100807189941406 0.0166778564453125 -0.150421142578125 0.166091918945313
0.0602912902832031 0.0488510131835938 -0.0789642333984375 0.0836944580078125
0.0392417907714844 0.0540771484375 0.00466537475585938 0.0390205383300781
0.0523109436035156 0.05169677734375 0.193344116210938 0.11297607421875
0.0989608764648438 0.0996551513671875 0.25042724609375 0.348419189453125
0.00868225097656249 0.18060302734375 -0.30645751953125 -0.37213134765625
0.0496978759765625 0.146392822265625 -0.255950927734375 -0.173675537109375
0.141616821289063 0.07745361328125 -0.0361404418945312 -0.0372085571289063
0.124809265136719 -0.0187530517578125 0.0693283081054688 -0.0292167663574219
0.0618438720703125 -0.071380615234375 0.207656860351563 -0.09423828125
0.00875473022460938 -0.0583343505859375 0.2139892578125 -0.29132080078125
-0.0116424560546875 -0.0886764526367187 0.0633544921875 -0.408294677734375
0.00202941894531251 -0.104171752929688 0.02850341796875 -0.39691162109375
-0.00582885742187499 -0.0927963256835938 0.035888671875 -0.413330078125
0.0365219116210937 -0.0915298461914063 0.1285400390625 -0.3406982421875
0.0874862670898438 -0.0882034301757813 0.121673583984375 -0.175384521484375
0.155044555664063 -0.0419464111328125 -0.0223922729492187 -0.118675231933594
0.144882202148438 0.103057861328125 -0.128875732421875 -0.181304931640625
0.0705795288085938 0.131973266601563 -0.242950439453125 -0.342315673828125
0.0148239135742188 0.139198303222656 -0.17608642578125 -0.6436767578125
0.108917236328125 0.395477294921875 -0.27777099609375 -0.323883056640625
0.13812255859375 0.326324462890625 -0.228134155273438 -0.175674438476562
0.304595947265625 0.219635009765625 -0.0474662780761718 -0.05255126953125
0.288421630859375 0.03924560546875 0.04327392578125 -0.0169601440429687
0.237518310546875 -0.0953216552734375 0.19775390625 -0.048980712890625
0.138702392578125 -0.160537719726563 0.20684814453125 -0.232498168945313
0.05804443359375 -0.236663818359375 0.071746826171875 -0.343902587890625
0.0654449462890625 -0.263397216796875 0.028106689453125 -0.324432373046875
0.0382537841796875 -0.258804321289062 0.012725830078125 -0.34613037109375
0.124710083007812 -0.215240478515625 0.0863189697265625 -0.280166625976562
0.219467163085938 -0.182952880859375 0.0853424072265625 -0.133056640625
0.31982421875 -0.08795166015625 -0.0677261352539062 -0.0888824462890625
0.34844970703125 0.17431640625 -0.167617797851562 -0.168655395507813
0.23175048828125 0.277755737304687 -0.263092041015625 -0.318450927734375
0.157684326171875 0.357940673828125 -0.1834716796875 -0.57989501953125
0.1900634765625 0.56439208984375 -0.22796630859375 -0.204879760742188
0.21044921875 0.477874755859375 -0.175369262695312 -0.131317138671875
0.438720703125 0.34991455078125 -0.0477943420410156 -0.0603828430175781
0.43017578125 0.106414794921875 0.00953578948974612 -0.0128793716430664
0.399658203125 -0.09857177734375 0.151275634765625 -0.00653076171875001
0.265396118164062 -0.239669799804687 0.156173706054688 -0.144241333007813
0.128143310546875 -0.350830078125 0.0613555908203125 -0.226699829101563
0.11834716796875 -0.384613037109375 0.0229339599609375 -0.203033447265625
0.06597900390625 -0.3883056640625 -0.00416564941406251 -0.226699829101563
0.1820068359375 -0.319061279296875 0.0443878173828125 -0.1737060546875
0.31048583984375 -0.27520751953125 0.04742431640625 -0.0669975280761719
0.43878173828125 -0.1513671875 -0.097137451171875 -0.040924072265625
0.518463134765625 0.19439697265625 -0.1783447265625 -0.130691528320313
0.378570556640625 0.366241455078125 -0.232925415039063 -0.261474609375
0.2919921875 0.513580322265625 -0.143035888671875 -0.4501953125
0.25341796875 0.65032958984375 -0.158447265625 -0.02667236328125
0.275238037109375 0.5621337890625 -0.100578308105469 -0.0399703979492187
0.532318115234375 0.420196533203125 -0.0367279052734375 -0.0481300354003906
0.525238037109375 0.144927978515625 -0.0270862579345703 -0.00540924072265624
0.509674072265625 -0.099578857421875 0.0716400146484375 0.0371780395507812
0.352142333984375 -0.291259765625 0.0695838928222657 -0.0293045043945313
0.178955078125 -0.415191650390625 0.035430908203125 -0.0714111328125
0.15386962890625 -0.448638916015625 0.0164108276367188 -0.0511436462402344
0.08404541015625 -0.45867919921875 -0.0105743408203125 -0.0754013061523438
0.210662841796875 -0.375396728515625 0.010406494140625 -0.0373573303222656
0.354888916015625 -0.329132080078125 0.0151662826538086 0.0157203674316406
0.49249267578125 -0.19390869140625 -0.104949951171875 0.015960693359375
0.60821533203125 0.18670654296875 -0.156402587890625 -0.0814971923828125
0.466094970703125 0.39544677734375 -0.150177001953125 -0.186752319335938
0.3800048828125 0.59027099609375 -0.058197021484375 -0.27630615234375
0.28277587890625 0.63330078125 -0.0735931396484375 0.179916381835938
0.310821533203125 0.5479736328125 -0.0107574462890625 0.082794189453125
0.547149658203125 0.40325927734375 -0.0175256729125976 -0.0109148025512695
0.530609130859375 0.1405029296875 -0.0605354309082031 0.0160560607910156
0.5234375 -0.09637451171875 -0.0231094360351562 0.0840988159179687
0.37322998046875 -0.298583984375 -0.0313644409179687 0.0998306274414062
0.197601318359375 -0.41510009765625 0.00302124023437501 0.10040283203125
0.167572021484375 -0.442474365234375 0.00764465332031251 0.107856750488281
0.097930908203125 -0.456268310546875 -0.00981140136718749 0.0836029052734375
0.22039794921875 -0.363128662109375 -0.0156021118164062 0.103378295898437
0.354583740234375 -0.311737060546875 -0.014007568359375 0.0996627807617188
0.47113037109375 -0.17828369140625 -0.0965652465820312 0.06719970703125
0.5828857421875 0.17681884765625 -0.111091613769531 -0.0353927612304687
0.457916259765625 0.376983642578125 -0.034698486328125 -0.106948852539062
0.394287109375 0.577392578125 0.0511322021484375 -0.0843429565429687
0.272613525390625 0.51092529296875 0.019927978515625 0.375213623046875
0.299713134765625 0.427825927734375 0.08203125 0.206222534179688
0.45977783203125 0.300079345703125 0.00796890258789065 0.0433006286621094
0.426177978515625 0.0985107421875 -0.0762863159179687 0.0494003295898437
0.428619384765625 -0.083404541015625 -0.105705261230469 0.125625610351562
0.3193359375 -0.257415771484375 -0.118331909179687 0.219223022460938
0.178802490234375 -0.349151611328125 -0.0234832763671875 0.25799560546875
0.155548095703125 -0.367950439453125 -0.00160217285156251 0.248046875
0.10577392578125 -0.38201904296875 -0.010162353515625 0.226272583007812
0.21221923828125 -0.286285400390625 -0.0459442138671875 0.221038818359375
0.311920166015625 -0.222412109375 -0.0505218505859375 0.161178588867188
0.380126953125 -0.103271484375 -0.0848617553710937 0.0989761352539063
0.45208740234375 0.1683349609375 -0.0612525939941406 0.000110626220703146
0.3587646484375 0.31591796875 0.0778884887695313 -0.0287399291992187
0.336700439453125 0.48297119140625 0.156158447265625 0.0976104736328125
0.21551513671875 0.307830810546875 0.112701416015625 0.520904541015625
0.2266845703125 0.235427856445313 0.16827392578125 0.302886962890625
0.283538818359375 0.151397705078125 0.0414810180664063 0.0979080200195313
0.244964599609375 0.0455780029296875 -0.0637741088867187 0.0816497802734375
0.260879516601563 -0.0543670654296875 -0.15277099609375 0.151153564453125
0.211013793945313 -0.172348022460938 -0.1697998046875 0.304931640625
0.130416870117187 -0.226486206054688 -0.0369873046875 0.374786376953125
0.12274169921875 -0.237136840820313 -0.00979614257812496 0.3497314453125
0.102005004882813 -0.2520751953125 -0.021240234375 0.33111572265625
0.176025390625 -0.167205810546875 -0.086822509765625 0.29412841796875
0.227920532226563 -0.097991943359375 -0.0977172851562499 0.186019897460938
0.23663330078125 -0.0103607177734375 -0.0784454345703125 0.103775024414062
0.251480102539063 0.135391235351563 -0.0218181610107422 0.0233840942382813
0.207382202148438 0.206130981445313 0.1590576171875 0.0443267822265625
0.22906494140625 0.316314697265625 0.230300903320313 0.24725341796875
0.110443115234375 0.063140869140625 0.18914794921875 0.59619140625
0.103973388671875 0.0265655517578125 0.240692138671875 0.356201171875
0.0649299621582031 0.00950241088867188 0.0856399536132812 0.135955810546875
0.0401725769042969 0.00893402099609375 -0.0260543823242188 0.0967788696289063
0.0695343017578125 -0.003570556640625 -0.161880493164063 0.154510498046875
0.0801010131835938 -0.0543289184570313 -0.17742919921875 0.343902587890625
0.0689697265625 -0.0662193298339844 -0.033843994140625 0.432373046875
0.06884765625 -0.0712432861328125 -0.016143798828125 0.3988037109375
0.0755462646484375 -0.089752197265625 -0.04052734375 0.385406494140625
0.102333068847656 -0.0387191772460937 -0.133819580078125 0.318084716796875
0.104156494140625 0.0132064819335938 -0.147323608398438 0.173721313476563
0.0640983581542969 0.0479240417480469 -0.0763320922851562 0.0866546630859375
0.0427513122558594 0.0536155700683594 0.00435256958007813 0.0378341674804688
0.0566787719726563 0.052276611328125 0.198760986328125 0.105575561523438
0.105674743652344 0.0994873046875 0.264923095703125 0.3455810546875
0.179081786437905 -0.0670189217439014 0.115938151714929 -0.48929534513467
0.114845763481595 -0.123725915980602 0.000392084602583994 -0.338130323062251
-0.0157610082118363 -0.159528002795169 -0.0186468422749898 -0.0319328496762479
-0.109514208357899 -0.0885533517448003 0.051553673195987 0.0815046926360134
-0.114041324932801 0.0195898139259063 0.217946024387793 0.146921895763331
-0.0750563994275672 0.0552059474014019 0.368262466304508 0.0591719473727336
-0.0751148329007511 0.0814575544792786 0.416624856031444 -0.080757028215147
-0.0725918965685477 0.0938501882956662 0.401892988536771 -0.1630420124652
-0.0856540516182164 0.08754116779897 0.405385745216645 -0.137998327752887
-0.0955092074684779 0.053219820139346 0.355415665830295 -0.045542339167356
-0.130788336091329 0.00586572089389612 0.225931971642638 0.0415992937683236
-0.133281786201483 -0.0966949069431025 0.08095428572619 -0.0572228591448665
-0.0332122549118984 -0.15537415358393 0.0565231546352489 -0.200997105332301
0.0669987236741111 -0.112125167915225 0.155729341003899 -0.390921167959825
0.111599957433395 -0.0519901836346874 0.376913751783077 -0.533594410324873
0.293008961835086 -0.26897017988003 0.0554284676338168 -0.4428563214919
0.198829149285863 -0.310492994346984 -0.0234652044204588 -0.322054649297531
0.00330186839990362 -0.378803824777193 -0.0601347449649815 -0.0295159915392817
-0.174600736756437 -0.270645245338743 -0.00834646432723625 0.0994296157166821
-0.261890005412061 -0.0924279609245459 0.169700189252543 0.19150290408219
-0.235087973155634 0.0162788527542878 0.319267370780502 0.10556324489184
-0.244270936393323 0.0968875332826293 0.366936579674294 -0.0236784138367539
-0.229063883528681 0.14802186289544 0.344657291570905 -0.116230072893913
-0.250139836736131 0.144533865160075 0.342578814582766 -0.112899408685689
-0.249692344231449 0.0609205587154297 0.284930476446546 -0.0292060324167235
-0.289164547974783 -0.0266260735492245 0.164510379887277 0.0510722269802291
-0.273950422947747 -0.2106224557865 0.0148032138613038 -0.0603164982012175
-0.132512018339486 -0.342153441725588 0.00440224100043968 -0.216358786196944
0.0807918148501062 -0.322293134136596 0.102095019835412 -0.403183612103849
0.206588128695112 -0.275498605659629 0.309367802405886 -0.522152955488856
0.37636660984189 -0.438730704309683 -0.0461825454201592 -0.335503661245144
0.266152735061378 -0.47143425847414 -0.0699239079991223 -0.257951397423691
0.0297064777199472 -0.566871613354676 -0.0969390717877522 -0.0181787525869416
-0.21728173458748 -0.441477781983215 -0.0639764395395746 0.0996963105611439
-0.381924694517143 -0.210977568503133 0.0996264774663093 0.197988651573266
-0.370590887181152 -0.0362218619567374 0.220143541311616 0.124973495582188
-0.384458568854153 0.0910821458645465 0.25710184319972 0.0314637954118859
-0.351234320258752 0.18112974572395 0.235392191910255 -0.0519201826642272
-0.374909381489067 0.190404312736246 0.233588042371148 -0.0639849016838533
-0.367043948494358 0.0777375842108545 0.177391956286609 0.00314131604639348
-0.417825711602997 -0.0317116936377927 0.0838885416046457 0.0672822045595719
-0.401489112611767 -0.273728566653843 -0.0522707441993827 -0.0421023826490053
-0.240200998426594 -0.46984343449772 -0.0442985995949444 -0.194503379312561
0.0562587009006961 -0.488496093343007 0.0490309012272592 -0.350849933143614
0.25654192086991 -0.463388465670088 0.223201872880888 -0.429623076260699
0.402001751678538 -0.55278332461936 -0.172580490649622 -0.1737532741418
0.28308579511442 -0.585128715453245 -0.137652582868945 -0.141915607247584
0.0295674202931328 -0.689257423552504 -0.128854209129389 0.0131693100474638
-0.249253079297475 -0.55236350564452 -0.110736355189669 0.0901386130895053
-0.45734177079769 -0.293738120390517 0.0104436033733464 0.167447233192351
-0.455512902608379 -0.0805098746307527 0.0788443447358602 0.117757666553778
-0.467204860655672 0.0734646133280456 0.102483482891414 0.0774795014924116
-0.421505863270375 0.188099789252528 0.0912294435732631 0.0222912353442527
-0.442913100838098 0.206397305165273 0.0947217185792611 0.00292262184446365
-0.431797660123924 0.0840046264922608 0.0484075139568225 0.0510659392632993
-0.485418680399184 -0.030856014601266 -0.00952169697800185 0.0891877736245943
-0.471326481310866 -0.298114029695794 -0.110506941611392 -0.00942493848632884
-0.311556169505789 -0.526776623850101 -0.0775186861676422 -0.143163278958355
0.0226178244112241 -0.575859400567918 0.0176261121514654 -0.241142013323903
0.263954079426339 -0.576979638589724 0.132359884493404 -0.268272536264892
0.360226771640252 -0.591412036077517 -0.300110607608581 0.022475802896295
0.234263233549396 -0.615889780692596 -0.207739718035547 0.0122917676667399
0.00385597678785909 -0.695997120626403 -0.149834407039592 0.0571993276632469
-0.25648479346498 -0.558027065363994 -0.146511466780049 0.073697586543634
-0.458913232169031 -0.312524044452438 -0.088660661141041 0.109975491900344
-0.463656411082501 -0.102335226482331 -0.0837872085178592 0.0920223256770981
-0.47697290037637 0.0477616946430373 -0.0728936451229671 0.112416832118152
-0.427517114870704 0.163764809115402 -0.0656494616067039 0.0931942533918529
-0.444903127589151 0.184485825905708 -0.0532934313780629 0.0731206303685424
-0.429745685950022 0.0602304302944888 -0.0859510581151253 0.0980167028014634
-0.469647123627603 -0.0463675308121489 -0.104391762032673 0.102466832538608
-0.443244918939293 -0.292800612399169 -0.152234115165973 0.0203196196271948
-0.304605664517557 -0.508392391019457 -0.0870450399870119 -0.0814526031757722
0.00771242211384016 -0.563327956419729 0.00941496545450166 -0.101193619681517
0.240509887117085 -0.591117761235479 0.0527113728791504 -0.068870396189169
0.254195268746146 -0.538859581635203 -0.393918102337187 0.224232404727161
0.136697813104765 -0.537062066840298 -0.254814293820001 0.174481759054086
-0.0305765578617096 -0.565515128909558 -0.153456831449884 0.101413222280302
-0.217139566165823 -0.442370905206985 -0.161411523732255 0.0548214789308792
-0.37207841807613 -0.25978752873946 -0.175394395742807 0.0441597417716332
-0.387677716466742 -0.0978221552524036 -0.233495488378047 0.0602545724778064
-0.407828654310617 0.018808455111476 -0.235368462954751 0.134267080482786
-0.36821681113622 0.1130904938528 -0.210923193251578 0.148918597358317
-0.383859248496554 0.121842215950558 -0.191625029274622 0.128307557536255
-0.364862843020667 0.00910395831087892 -0.20586766931454 0.120795415444937
-0.373839728554615 -0.0806820402672763 -0.184336188041464 0.0868502960729676
-0.322642896127243 -0.26590417136218 -0.170405578862717 0.027283158501078
-0.215376295114303 -0.418743526309375 -0.0782397135235227 -0.0303588878824832
0.0150410133928497 -0.458194327084416 0.0127387268668384 0.0363310950097432
0.191251106914783 -0.506735254220075 -0.0155988799513991 0.12888420911463
0.110478026093411 -0.396529512728049 -0.435071124719751 0.393936092708944
0.0195029889227858 -0.362221305076939 -0.261413140806579 0.317515459586176
-0.0529187394192117 -0.334639099745613 -0.133020728697902 0.140302674729468
-0.133055317799347 -0.252171008099076 -0.14774164614217 0.0413116286254321
-0.221832089562469 -0.163929986551527 -0.227539022456776 -0.0115919458599876
-0.246116270609568 -0.077526458085772 -0.339765502497891 0.0332542843073385
-0.271641793054859 -0.0128096227390944 -0.356815579401909 0.144508349328109
-0.253561953197132 0.0448108841926042 -0.322227660547556 0.182701628932666
-0.268506343838301 0.0413125043929187 -0.303205256577477 0.152443672890053
-0.248318338080915 -0.0446761605488984 -0.294817026162641 0.104907898618358
-0.22399412405564 -0.106955753479593 -0.235260973061019 0.0354689351744239
-0.154220991083473 -0.203047838986985 -0.162762216921122 0.00791042923789763
-0.0923933927286393 -0.26572384724268 -0.0591004097396602 0.00242231744950845
0.0202349814271593 -0.283624550390967 0.0123375307735863 0.146606900408357
0.113802664850709 -0.347184653332705 -0.0724345805033456 0.292306851584606
-0.0381440672262616 -0.187826504565067 -0.413619101086728 0.509510206327468
-0.0772502866216927 -0.129175250023328 -0.224046546701769 0.418963495024236
-0.0430792686939681 -0.0706351967544116 -0.0875670020787282 0.168080923145036
-0.0203424878365135 -0.0510979486463445 -0.107403332768331 0.0341286978771863
-0.0416980667961645 -0.0648174902931909 -0.23914684435009 -0.0491747121604678
-0.0706954755120271 -0.0579205276085715 -0.387258049119519 0.0185871632298836
-0.0959054981963861 -0.0493839332486852 -0.418681882551801 0.142704323144956
-0.100390650864535 -0.0295232451858917 -0.384517746332268 0.18964368535533
-0.112542636480941 -0.0350271794895398 -0.371589128680376 0.141988011819305
-0.0975169669124369 -0.0736876396051519 -0.341219351359305 0.0565380615385221
-0.055413980057516 -0.0926542659390961 -0.247437774562182 -0.0383002479632532
0.00375644330093113 -0.0917767915477351 -0.130079266089443 -0.0248211723050739
0.00412127179194562 -0.0708474964342737 -0.0357970164822851 0.0228974339785572
-0.00499336768371414 -0.0821902859961553 0.00160261217548905 0.22004181633433
0.00850352310124363 -0.147187994518674 -0.113464969592833 0.399086784565034
0.17155572335314 -0.0777862985020728 0.083207475940772 -0.497227106280437
0.106402951168359 -0.129118000040764 -0.0230877851806232 -0.337552084477401
-0.0251460942823014 -0.156538833129598 -0.0204185388759686 -0.0319706742314375
-0.113209987917378 -0.080490243987547 0.0562651519726187 0.0774411923922934
-0.110684338369964 0.0249313680725716 0.229338739415924 0.130166123192634
-0.0714278977793301 0.0578850381718559 0.373471025873234 0.0317822085281515
-0.0692185394314277 0.0852568265570112 0.408068599536638 -0.109520341919141
-0.0643154596924123 0.0982612848630582 0.386532848545788 -0.188873301535477
-0.0784365918777201 0.0937184467494162 0.393985348193276 -0.1658488886579
-0.0906888380791096 0.05917443255725 0.35210358583807 -0.0712228988266604
-0.129128751457882 0.0158141299181385 0.231396848869803 0.0255567790407977
-0.139566550296537 -0.0858129988823544 0.0762888259509279 -0.0606441009728651
-0.0442766358860844 -0.151921069189526 0.0427804166056607 -0.202441111344882
0.0600357089483252 -0.114415484215438 0.128725468801112 -0.397530089574265
0.106845321517441 -0.0592404464071025 0.342137299658978 -0.553241686359835
0.271537388866492 -0.28829182025333 0.0269555671917109 -0.445632244806289
0.177544203332128 -0.320717011747644 -0.0441565430964613 -0.319558647385076
-0.0213817076547489 -0.37430025554617 -0.0606685897568471 -0.0285015939853162
-0.189439341063589 -0.259355120459504 -0.00299016751621873 0.097619080801308
-0.265004040504906 -0.0764699481989049 0.184566641992888 0.177842659340359
-0.23417015179273 0.0291544585995197 0.326766675327842 0.0814740812328863
-0.237733497483386 0.112796090893108 0.363364064925089 -0.0499332902836136
-0.216322520311773 0.164110184640389 0.333770164693719 -0.140037654153743
-0.239169938779398 0.162261450124236 0.332030807277849 -0.135824994562899
-0.244749222235025 0.0763497839673416 0.282668002602813 -0.0507535656118665
-0.289498157494195 -0.00588150493173658 0.170923367264996 0.0385130143797034
-0.288897729095293 -0.191130723949852 0.0096267890151738 -0.0589422767171008
-0.156234557301024 -0.331516339227304 -0.00992581447214185 -0.216096885156254
0.0608507199651576 -0.326808880601393 0.0740318057760866 -0.407325673856037
0.186747905440247 -0.28964536093224 0.27500634945901 -0.539346409726103
0.344137245834192 -0.464589168048033 -0.0661800752906609 -0.33110683479623
0.234115485899597 -0.485379477265227 -0.0848947493965162 -0.251852173086051
-0.0094630887140127 -0.563241178673373 -0.0963430919087002 -0.0152364207087255
-0.242549620497001 -0.42774128208275 -0.0585522336113675 0.100716117212809
-0.393184481690959 -0.184994628196094 0.115641533659788 0.188676063998655
-0.373880115789642 -0.0139647564139829 0.228821551059018 0.108952375021925
-0.377311917711773 0.117314484092101 0.259109493934642 0.0119926037235747
-0.336202627027998 0.206430515544709 0.229625020219518 -0.0676738949736178
-0.360150597252933 0.216752999623332 0.22630850766131 -0.0806314954575336
-0.362109459196966 0.100245299122583 0.177683193749996 -0.0103243996891108
-0.417795515485583 -0.00310844235778879 0.0904899079417247 0.0590921315650054
-0.421594580682923 -0.247489554862709 -0.0565420469803527 -0.0363337851648275
-0.271730175005662 -0.451554625835368 -0.0573717638856174 -0.193030428172744
0.0262317830276458 -0.492219763670072 0.02578503321428 -0.352653681278724
0.222955842599002 -0.481173202491583 0.194316935882996 -0.441277217002524
0.361726592079893 -0.581066758060059 -0.181958234134207 -0.161828920637495
0.243320469322074 -0.600516575389814 -0.144075359388999 -0.131565173577531
-0.017371306269953 -0.685117006810039 -0.125150257009192 0.0177171933670416
-0.284537484060414 -0.536096782037465 -0.105473527986664 0.0940088912264037
-0.474644625622491 -0.262059750027952 0.0247429027881989 0.164421814196556
-0.462029102010677 -0.0513866092769472 0.0870448256466908 0.112487117755372
-0.462869461746084 0.106183777499818 0.109611973059059 0.067474701256928
-0.406315383856156 0.218235388620661 0.0925976964798528 0.0150233375272753
-0.425937983800517 0.238292380900974 0.0926025868968239 -0.00560260612568549
-0.426198120535956 0.110640335336801 0.0518584526012361 0.045987504906501
-0.486600302134841 0.00281626247991754 -0.00201073862392201 0.0873448153178032
-0.491825660013294 -0.266388999313958 -0.112236184074829 0.000423572108937728
-0.346082386918341 -0.505038644164573 -0.0871507522600878 -0.140417822063526
-0.014378515051922 -0.578553186016395 0.000629407862374753 -0.242458033727257
0.224537948862224 -0.595509050822243 0.114972013159993 -0.27488865462027
0.320061998531843 -0.615003145914516 -0.294930668024468 0.0408351927572375
0.195024446884093 -0.628951193549238 -0.203329391143942 0.0264316627099862
-0.0447920464472646 -0.691645069202889 -0.143310305071704 0.0634741392664631
-0.291614293883439 -0.542021885917275 -0.141727056916261 0.0793580169565183
-0.479194768613214 -0.280563028325867 -0.0787391688891147 0.114408087733126
-0.472187496473031 -0.0727551381351834 -0.0771705735155204 0.0989992272678849
-0.474686076995136 0.0824758108581957 -0.0615820124857344 0.114349168940449
-0.41515085310377 0.194518207285648 -0.0582485779461099 0.0954675233537039
-0.430087049178947 0.214654124897027 -0.0495891245286152 0.074821673848926
-0.427550480647299 0.0862395738677841 -0.0790634327053555 0.102798657491823
-0.471489742525359 -0.0147938383485054 -0.0962974961141634 0.10703491788057
-0.463973508617031 -0.265201992977761 -0.150818793703966 0.0321222771522031
-0.337488311801332 -0.486334439600917 -0.0932310819964528 -0.0787063679965359
-0.029163617707542 -0.565104778023465 0.00226213667902794 -0.103249268915264
0.19882673547919 -0.60822082041497 0.0477391501960389 -0.0711807234531813
0.218129033291231 -0.5557647478756 -0.376903408619949 0.246286235902424
0.102600700326139 -0.544232759702459 -0.239003001370737 0.190981472796524
-0.0710912998975621 -0.561356095487961 -0.143834842648561 0.108783504806212
-0.244227698421598 -0.431078794087808 -0.157990015620519 0.061960223622594
-0.389803996940923 -0.232776586831871 -0.170996117161235 0.0546876800032614
-0.395613695065241 -0.0710876036812486 -0.229211958016294 0.0780933932308019
-0.407691581725858 0.0497923559738042 -0.221387106224826 0.147638839458861
-0.359499488516884 0.140717163734013 -0.198190973786766 0.160574541553074
-0.375305208007593 0.150300817020046 -0.18319330392227 0.139601551880822
-0.366594408136433 0.0318025635473273 -0.196713038408347 0.133590399783909
-0.37837485825867 -0.0553846913204861 -0.177855434989815 0.0977594120174093
-0.341173803997929 -0.246120643303409 -0.168495035330597 0.0400216051786307
-0.242367571960589 -0.402666240919014 -0.0810287466484447 -0.0286838965604017
-0.0150449776082994 -0.459283643736123 0.0149061379261066 0.0331491663414435
0.155916527510212 -0.521166473261264 -0.00743278973417963 0.130215023482437
0.086193129951917 -0.406177640750382 -0.405857500299421 0.41842230379845
-0.00191550028545351 -0.361505291852975 -0.235354401819932 0.332593809820406
-0.0760699940241244 -0.331848815515638 -0.122226710407207 0.147107131263145
-0.149767326082345 -0.246590249986978 -0.144771658485429 0.0484835329151144
-0.233478979206178 -0.148332633694536 -0.228724778210529 0.00357655568489175
-0.252362722045988 -0.0602874856600086 -0.337129973650676 0.0595015363357132
-0.27398977061175 0.00872451901275316 -0.34226890185687 0.166910453847974
-0.2508968407356 0.064639308279778 -0.306324360086545 0.200454428820369
-0.265780451738777 0.0610286922593096 -0.291391269191678 0.170609366181714
-0.253557225210089 -0.02843301366289 -0.285984130394713 0.124481442611526
-0.230905539243781 -0.0912179693417382 -0.232399425842669 0.050651737889472
-0.168895778564941 -0.194528507825634 -0.161029151934011 0.0197338240255345
-0.110828081321851 -0.258949519784343 -0.0601123977734117 0.00387239708342404
0.00203072641816073 -0.285719397336038 0.0217401999384806 0.143229954186287
0.0899125349346127 -0.355863027209634 -0.0542551227511614 0.296812436558733
-0.0473118572662319 -0.186639416476245 -0.378690284349266 0.530583410271396
-0.0836192488029202 -0.12376696121027 -0.192501289806782 0.431013204984107
-0.0473579617279121 -0.0693125335874054 -0.075861268372691 0.172971241844437
-0.0238829683196545 -0.0515735587978957 -0.105231337669341 0.039571805563279
-0.0464130979610434 -0.0611907470649678 -0.2440772792571 -0.0332134000726377
-0.0755863525978683 -0.0521112658201975 -0.385717201549207 0.0470888427383684
-0.101235037908951 -0.0405637724022839 -0.405270425748877 0.170361978817273
-0.103888616009213 -0.0212016429325085 -0.368556657375364 0.2123766368337
-0.115798843433292 -0.0269206730532394 -0.360371693491734 0.165447879130853
-0.104433938600065 -0.0668907709866986 -0.335723285586317 0.0801334065820687
-0.062777367453451 -0.0887691569560689 -0.25004213950832 -0.0213224224075038
-0.0036178492583768 -0.0931894472914756 -0.129323245902169 -0.0155793733316936
-0.00155961814733891 -0.0720327550646698 -0.0358436508395918 0.0236541464587452
-0.0107073629422527 -0.0838329709827179 0.0160454246384739 0.216984707542474
-0.000889413401847651 -0.149265381508919 -0.0889368555501819 0.405342053020098
0.1606201713591 -0.0849711860499122 0.0529916073307246 -0.491028292477726
0.0965048892001255 -0.130638194103885 -0.0429826212455126 -0.32719624409193
-0.0330015701508408 -0.14944591178997 -0.0215608555361232 -0.0317742623490726
-0.113075389913796 -0.0716115415572328 0.0592951482534491 0.0711833604386597
-0.10442001123143 0.0293548680994251 0.233594358475412 0.111548558470812
-0.0663346717644731 0.0587622937652012 0.367322975109534 0.00559690856883762
-0.0618216937063622 0.0866869542549576 0.389670240836537 -0.132147624711458
-0.0552509907976516 0.0994158033273468 0.363115430592824 -0.206456233065786
-0.0692591676426612 0.0967380192226093 0.372465405389336 -0.186394313181634
-0.0841744794962831 0.0630787706215756 0.339542953748929 -0.0936546699538126
-0.124120391892786 0.0245037124414064 0.229971441615958 0.00980287424992931
-0.141333023155523 -0.0736121242594111 0.0698025066090015 -0.0619330999894473
-0.0534177759911812 -0.145290930750169 0.0297397971890447 -0.198184864739028
0.0522591677149789 -0.114940590935469 0.10197765364557 -0.392789095784437
0.0992490618024647 -0.0644655349777816 0.301970761103661 -0.557948763694335
0.245595568834549 -0.296996517275437 0.00117041857646678 -0.436855729202501
0.153533743560843 -0.320875013491049 -0.0612799040053432 -0.30819718574811
-0.0429635043122059 -0.361130470611457 -0.0598043090459827 -0.0271458179271346
-0.197944692953757 -0.242272879415124 0.00221628656971199 0.0932715653609181
-0.261449758903722 -0.0595655727731171 0.193706350596898 0.159731346442489
-0.227989341829814 0.0405121782916109 0.324567141357077 0.0583003661110456
-0.224737875770584 0.12437731415105 0.350006128585443 -0.0720257197056538
-0.199380862603956 0.174090167176569 0.314634321305807 -0.155094338409244
-0.222027332762098 0.174153206211968 0.314088642665406 -0.154363501273834
-0.235632295300148 0.0878873475417019 0.272638670962883 -0.0686380662422168
-0.282209278092239 0.0125991529163488 0.171341855558208 0.0250607295881237
-0.294687069897577 -0.168490077850591 0.00469019168911221 -0.056321070574213
-0.172263119365427 -0.314092850945722 -0.0224095437886964 -0.210769999542658
0.0410198213268294 -0.322825497171287 0.0488312421595304 -0.400670410721232
0.1635453464725 -0.29481378319534 0.236792226518485 -0.539360633006766
0.304831842593786 -0.47216825000698 -0.0826471504206259 -0.320198985994765
0.199586062770731 -0.48405114956916 -0.0964112928399378 -0.239501418754228
-0.0430710903729768 -0.545958997937516 -0.093217418569585 -0.0122932046176555
-0.260403440861863 -0.404331913292185 -0.052613179131602 0.099139827779422
-0.393697573800425 -0.157678960883031 0.127184859548761 0.174631433833369
-0.367632171981282 0.00701375468773657 0.231063585034441 0.0915866594674525
-0.36196075290791 0.138439345747533 0.253725476648621 -0.00702392281653963
-0.313358528429362 0.223566807888608 0.218823234011084 -0.0801935985898069
-0.336282135791514 0.235003008060724 0.213872828809639 -0.0935151592553437
-0.349707953208426 0.118129055532362 0.172490122566955 -0.0227327514112409
-0.407591502155819 0.0228624163736949 0.0936436885234866 0.0505825946763145
-0.427818825419446 -0.215363337413427 -0.0579860186315294 -0.0295620696370195
-0.293005963735536 -0.426599867086341 -0.0691037122095236 -0.186418831126552
-0.00262198175705096 -0.483544015645535 0.00450411910001743 -0.344870015325031
0.189141812396468 -0.48400715748089 0.164190052571066 -0.440601305286902
0.317130104454649 -0.589553521883701 -0.185122319989012 -0.148459186451421
0.202489951284865 -0.598337582395106 -0.146010863127564 -0.119605814807825
-0.0601733117241279 -0.665301306177024 -0.119660075735576 0.0210690771433509
-0.306544395696708 -0.510005608037861 -0.0994481085508726 0.0946082409758001
-0.479169583170601 -0.22641168384371 0.0377068907667477 0.155968525544313
-0.457719322391841 -0.0238064286043827 0.0933816977198626 0.104931633725043
-0.446470201043553 0.134475033842125 0.112176457523957 0.0561784327127777
-0.382258055047542 0.239779277752139 0.0904723044047697 0.00792792444757161
-0.400252793019606 0.260878852105999 0.088325381199168 -0.0119421794652348
-0.413285040054716 0.132407389547286 0.0535694279082289 0.040745988098506
-0.473877394010985 0.0320647372988639 0.00439642559689436 0.0832833814226189
-0.499399237969783 -0.232418677925286 -0.110316426256596 0.00957519802497502
-0.369579738076907 -0.474304157359753 -0.0953012477988148 -0.13442983685765
-0.046169684807423 -0.565584041042855 -0.0137625266798927 -0.237431548066854
0.182003089872607 -0.596684451116972 0.0962714066373848 -0.273429523574306
0.273826083166784 -0.623205595652292 -0.28359286524143 0.0557016014621163
0.155033498205194 -0.623985240041758 -0.193514332792765 0.037309116256063
-0.0862596509356206 -0.67097050675976 -0.134460577899336 0.0673943336085656
-0.316178653358007 -0.517373390208743 -0.135958832974318 0.0835941408028
-0.483283878178737 -0.243456681752708 -0.067720499463617 0.113970425528366
-0.469370362515248 -0.042808724184483 -0.0682833445927724 0.102491406551612
-0.46002676574272 0.111740008316751 -0.0509603040288453 0.111630699562507
-0.391787791496699 0.217798434566631 -0.0508554720718911 0.0950045903631216
-0.406297304096771 0.238565538142516 -0.0452738253146495 0.0753353405139107
-0.415337836534522 0.109725748669184 -0.0706577472799331 0.104476131175136
-0.460017453171307 0.0142505019740459 -0.0870866339460396 0.108520038725371
-0.471457167199102 -0.231551304326013 -0.144950719795595 0.0424113328325468
-0.358644726324292 -0.454623901011329 -0.0976150166205711 -0.0746247286332435
-0.0610172605398478 -0.552367947589957 -0.0049794596412186 -0.102183264318329
0.159028320185858 -0.607930974812798 0.042403801141223 -0.0712352162999036
0.180622104829869 -0.560893234883094 -0.352012247327516 0.260755894909431
0.0704006139840706 -0.536559452045758 -0.218911251709721 0.199508448415093
-0.104506153064303 -0.54354707692186 -0.13298022869028 0.112687149643539
-0.264547095495353 -0.410261058320426 -0.151759679208021 0.0672515631410593
-0.39510910996227 -0.202687406933762 -0.162015114846508 0.0625879998041178
-0.393760668994239 -0.0466042534079872 -0.218430730277906 0.0923349612338807
-0.396427544043718 0.0759808089237286 -0.204620868571588 0.154348531517599
-0.342165699778138 0.162863750928212 -0.182662808569301 0.1660921430556
-0.356339929667853 0.170883993775931 -0.170979620741492 0.14575184068628
-0.358639845571522 0.0531184850840173 -0.183296407457924 0.142773620422418
-0.372292952799044 -0.0318041288548553 -0.168097086285194 0.10443704154253
-0.349889043126141 -0.221741646699577 -0.161234810247151 0.0502393025467452
-0.26170381974118 -0.379000304272807 -0.0829633179167247 -0.0256999444596578
-0.0416536948334249 -0.449202386149006 0.0155173008279819 0.0295954066289069
0.120538542398162 -0.520578497674529 -0.000395428886587202 0.12889564626417
0.0612267563583644 -0.404585153567122 -0.371581037905952 0.428778709110249
-0.0216946647330969 -0.352822747684286 -0.207842368726828 0.33748033544618
-0.0943981157589459 -0.320369985326814 -0.110059571450265 0.14919935728047
-0.161512412279686 -0.234944626727515 -0.139756741173719 0.0545552677364093
-0.23702719913182 -0.129373684920379 -0.223580764775678 0.0162846377451942
-0.252129537687679 -0.0433841440546097 -0.325181127849935 0.081041547150984
-0.268987567846724 0.0281247337837249 -0.321563753280244 0.180351250236082
-0.242020402855961 0.0806159286698668 -0.286639298062053 0.212258982733133
-0.256352161546677 0.0776394891028711 -0.274089362134947 0.183363529112455
-0.25232832896675 -0.0126738504163691 -0.271059817478894 0.139593960961713
-0.231268521565334 -0.0757112941809355 -0.224578559811878 0.0631678918796494
-0.17803466921094 -0.180816124607272 -0.154511196855521 0.0291829475111759
-0.124228892341931 -0.2462679351308 -0.0602949383947994 0.00522080492233578
-0.0148328055658303 -0.280468527772891 0.0284148228220594 0.136239266914967
0.0665502511230812 -0.35512865791303 -0.0370286392426815 0.294188484633819
-0.055460769344002 -0.182057260601191 -0.338277483234775 0.538144426154877
-0.0872525083390125 -0.116534417366911 -0.16105210503684 0.430083285910875
-0.050619798914175 -0.0662913496896077 -0.0638419581706911 0.173022393952511
-0.0272879820409071 -0.050615158367057 -0.100710297788028 0.0436427496548341
-0.0489689914717717 -0.0560656982917756 -0.24212867758122 -0.0165849667094269
-0.0774531289927753 -0.0457876276852574 -0.373519204633863 0.0721060660929015
-0.102191419860943 -0.0315136473886158 -0.382489560333064 0.189071564597539
-0.104343404702512 -0.0123957960038228 -0.345070435749122 0.225948604475112
-0.116149459975967 -0.0176319308377512 -0.34112394082819 0.182721175490057
-0.108742837530388 -0.0580626404603799 -0.321919837012016 0.0992703026490382
-0.068297757906474 -0.0829016230152381 -0.24644695455516 -0.00460130805696662
-0.0109753710880939 -0.0923619517787006 -0.126239436640266 -0.0074946696623635
-0.00694494027243091 -0.0712809066041111 -0.0353588876068726 0.0242457027243664
-0.0156450652668759 -0.0825713444191591 0.0275308675622311 0.209481555631088
-0.00952039138167427 -0.147556115431343 -0.063720403147371 0.403151739889702
0.113939978786507 -0.136200941128493 -0.11476441187304 -0.461266365849344
0.0400120155351515 -0.154387987958928 -0.145512723215382 -0.278188147088156
-0.0812078300762789 -0.123704456766028 -0.0211261754198981 -0.0233030565010421
-0.126601408340836 -0.0244273248256428 0.0834929870574733 0.0402448318696023
-0.0823521380807794 0.0600143654517126 0.251115117269663 0.0186940010947462
-0.0371067558034903 0.0738629691674817 0.334241553671916 -0.125980891206171
-0.0245383445082443 0.0995434983176629 0.308556335704262 -0.258665162737201
-0.0141279873980328 0.105520079102693 0.253880442635227 -0.311290238368834
-0.028911727252359 0.109687332009145 0.273891277072921 -0.293962153721188
-0.0564747368304071 0.0837912838490181 0.278539336169397 -0.199080853802423
-0.102657961042503 0.0642357824497318 0.214010739613008 -0.0726334511684144
-0.152579625401872 -0.0186478308358148 0.0467340905321887 -0.076633520536369
-0.0972156529928314 -0.113742013517523 -0.037069231739041 -0.185301369584659
0.00873341492277074 -0.118154752460884 -0.034327452089905 -0.389768469041682
0.0695343299644664 -0.0871034806015429 0.0979790580545385 -0.595731010265214
0.116166068935401 -0.364236328424911 -0.139321277116632 -0.386733817090573
0.024511604871963 -0.349843134492207 -0.147378155286101 -0.246854828185189
-0.166231229200379 -0.311707588561974 -0.0420703006369089 -0.00395520318463447
-0.265618417712407 -0.147613077944664 0.04836381174979 0.0768935120541182
-0.253812138881456 0.0336176468446179 0.236479673168972 0.0695757352544983
-0.190289723292284 0.111794378332007 0.316667496041206 -0.0680894151780771
-0.162884371998215 0.191528204209333 0.297547490568043 -0.195902804781222
-0.119117040958682 0.220088235072441 0.228178939440441 -0.25273298812925
-0.140725635332467 0.231476790130158 0.23106727645231 -0.247029170550592
-0.186172368106053 0.156723008153218 0.228276397018678 -0.157887418699317
-0.25058556272639 0.105217590838848 0.169245476212983 -0.0418656157533491
-0.324248480213698 -0.0545715700280904 -0.00665020127717452 -0.0487806716935656
-0.261575563365026 -0.227709461664538 -0.0893003912774724 -0.176441020365107
-0.0708049333029433 -0.305638579136244 -0.0888539414580865 -0.377323953466225
0.0553057911337801 -0.32199917239013 0.0391785536872285 -0.559000878352394
0.110455596210069 -0.549044078272256 -0.172510380761251 -0.246228551527578
0.00801527436900132 -0.516363815708006 -0.150071363930071 -0.166472882410824
-0.232506118916363 -0.478687535372091 -0.057186359753283 0.0234176394791848
-0.382223916038428 -0.272557974707169 0.00945226311691485 0.0991694024964764
-0.407262310424791 -0.008856198898185 0.186828947634882 0.100103560831088
-0.33018747463714 0.128766355784058 0.246013549468161 -0.00967525686341011
-0.285339015744284 0.252690990681153 0.236608711081549 -0.105176042955791
-0.206418650106016 0.303742404340846 0.166944654015272 -0.155566013375687
-0.223851590473938 0.325126202474437 0.159193305726055 -0.1602904613984
-0.281577528070262 0.222982194496274 0.15410382935843 -0.0853846316213399
-0.360863831621073 0.157633857497747 0.109275406791113 0.00438868953498562
-0.461817754687963 -0.0545428448497586 -0.0516879024746128 -0.00497081416633377
-0.406732107444137 -0.289781996848384 -0.123276454717744 -0.13688032343427
-0.16355698932234 -0.439332645817578 -0.113930349422742 -0.310145740751479
0.0177390411510195 -0.506892665418363 -0.00254872902324488 -0.444060933173042
0.0792699231116178 -0.661504448717432 -0.205640462433152 -0.0522327380551791
-0.0289693375176523 -0.622522933370346 -0.150451939252469 -0.037353529154288
-0.289877836840153 -0.58351201166373 -0.0629157301461953 0.0646358223475663
-0.464875997956604 -0.351975266827467 -0.0284244048298141 0.110397815544309
-0.509051863527859 -0.0421888298792602 0.103182507181229 0.110628192582757
-0.42359550878248 0.133135726751253 0.128025502837124 0.047306579392773
-0.366660560449445 0.278729298606287 0.133097126745684 -0.000475817357043492
-0.26262728245316 0.342018539083002 0.081715205861455 -0.0341777991093789
-0.272301758560661 0.369674740463598 0.0721422964591365 -0.0453853769637446
-0.333949669789177 0.256914475800256 0.0669736185055341 0.0107654509670871
-0.417920608719554 0.187290445667466 0.039763547919057 0.0632749715027079
-0.533404808832151 -0.0450435049231782 -0.0845838479515189 0.0468893709492821
-0.491457963824734 -0.307049699218964 -0.12944649622963 -0.0803522774842031
-0.23176099971487 -0.500968247234491 -0.0973473575545977 -0.205177884402749
-0.0253924526353016 -0.608522433062943 -0.0143842050187304 -0.26886128560357
0.0298541166268296 -0.67572756171132 -0.226124991233997 0.166795923633505
-0.0803338581087155 -0.627713006325385 -0.140006775038623 0.121063805993253
-0.316599389870699 -0.580304834239567 -0.0608232260147928 0.110887920611672
-0.476571505735252 -0.353135680673168 -0.0646054357010039 0.111513406628851
-0.521036817456815 -0.0544940095145536 -0.00616742682387593 0.106629187376243
-0.441762214480236 0.119651031746096 -0.0187429021424821 0.100704257677414
-0.388470414388526 0.26544943807907 0.00562822962205187 0.106915996053524
-0.279731703752118 0.327131321458346 -0.0151374583316328 0.0916392629797566
-0.286215345698998 0.351608335608443 -0.0193154517318639 0.0775914087186771
-0.344093732596398 0.237923103221135 -0.0238630515281414 0.110047631812908
-0.412320531973256 0.165826098784794 -0.034504168816501 0.117545693546405
-0.509242206697666 -0.0553775340020112 -0.10625074762618 0.0882601823801565
-0.476633079465799 -0.294205545081292 -0.112711380073262 -0.0251499961694742
-0.240560965058396 -0.484369947484482 -0.0452809502789428 -0.085310593729334
-0.0495821257826081 -0.612640693713634 -0.00057121011964591 -0.0685973728187146
-0.0327218401162409 -0.583395863154151 -0.221957969764355 0.373005785143276
-0.126564302543956 -0.517260474417641 -0.111013536042045 0.271868543245602
-0.288498614987323 -0.459309606436823 -0.0512901492983206 0.149494712444793
-0.391256974110668 -0.276327516350144 -0.0910125694871847 0.103400331798312
-0.427892708758528 -0.0481099029239047 -0.113270776571749 0.0954472468955525
-0.376505814252818 0.092238594850739 -0.159789806476975 0.146107325909374
-0.342726954512739 0.211006725824422 -0.120074396151588 0.201043393257005
-0.25404203005197 0.261662432220614 -0.109690621280651 0.202557202516885
-0.26430304738684 0.275248532639644 -0.108549297407208 0.184066896930222
-0.311025506595885 0.168103636174109 -0.114051846489931 0.183931514646375
-0.347853003214071 0.0948753196679773 -0.109581596048152 0.144184215910242
-0.394386264169659 -0.0861003204563067 -0.120656482405214 0.0995751509872943
-0.36195577112079 -0.258081432161478 -0.0845496569174334 0.012339598022335
-0.18798373642553 -0.397582009112437 0.0164088412327874 0.0262467094690458
-0.0567440837881255 -0.521980960465746 0.0244916401805099 0.124873134854145
-0.0857226337665901 -0.395788171718909 -0.185933619484435 0.526015011172842
-0.144411333307342 -0.315041700601717 -0.061070768592351 0.384858309481928
-0.199734452703939 -0.259346434832302 -0.0311973657154929 0.172723418057945
-0.234493271976426 -0.15512349950112 -0.0954815737907911 0.0908383333047217
-0.260851235409765 -0.0352590745890777 -0.190332679162971 0.0802092290227624
-0.24800614068832 0.0467619423628147 -0.263343385715777 0.177933871054906
-0.242060875913329 0.122684358849375 -0.220607036945192 0.269148235136453
-0.191206167611985 0.155595984078896 -0.185665358008891 0.281035579757693
-0.205717690617999 0.157608677584313 -0.187430401650607 0.252914851566571
-0.234992563976842 0.0742519555791103 -0.195471023580684 0.212414772526826
-0.235597911173938 0.00826716154101598 -0.175854325310604 0.129368384517805
-0.22433854463394 -0.106596147513185 -0.124609499606737 0.0784149573816104
-0.195017784593026 -0.18294363969531 -0.0549921794969507 0.0295049918107275
-0.108446927533314 -0.253081173725854 0.0647238288247611 0.117535020005028
-0.0535749638215805 -0.352746447970746 0.0473236237241427 0.284304106547866
-0.112451994284928 -0.147056461520689 -0.124768830906822 0.605156544083781
-0.118482213681024 -0.073754173148243 0.00339820664808204 0.445187207438082
-0.0695503394077981 -0.0428241542307444 0.00357468195488999 0.178029889687582
-0.0447379238465159 -0.0361564286385297 -0.0758125724165218 0.0724668056222169
-0.0653121456912239 -0.0333753985903031 -0.22503723089221 0.0635685895587889
-0.0907259252949754 -0.0136196344302073 -0.312503954751161 0.192943608857872
-0.108713593319938 0.00965069371982424 -0.27701622407654 0.303193526391465
-0.0994152760454406 0.0267205856540257 -0.23316133397474 0.317862523049099
-0.111982711546184 0.024707372401787 -0.24745224229031 0.276470009626007
-0.118063454657795 -0.0141822802675939 -0.256535066192938 0.195107114379723
-0.0908386969765735 -0.0527133115458014 -0.220452585314244 0.0792556023501367
-0.0426889005668213 -0.0802981343419684 -0.114182490489351 0.0345408963102005
-0.0305559422775022 -0.0626986735568213 -0.0264495844471848 0.0349666579368146
-0.0432552216465862 -0.0726844053123445 0.0897652597948251 0.182417225176686
-0.0564102984334097 -0.137993575071443 0.062029298030174 0.388952693185638
0.106820497193513 -0.134038163017904 -0.124636660195456 -0.450380994621145
0.0360298496284017 -0.15085474052163 -0.149539105689352 -0.268512915438766
-0.0810756102813513 -0.118136296295525 -0.0219036229445178 -0.0239629386621475
-0.123396210252043 -0.0215639432071667 0.0820119945485341 0.0354613168211853
-0.0793452912111815 0.0592897450416988 0.246253295968868 0.00885071608108884
-0.0345769839195433 0.0718298051387228 0.322979473556584 -0.134264116476234
-0.0210077549370736 0.0976824105431684 0.29250325003766 -0.260396736200481
-0.0101304080501731 0.10287469627976 0.240438101617395 -0.308126724511808
-0.0242595057087399 0.107204911918864 0.258054060623719 -0.29493354724026
-0.0524449513195271 0.0827775723556428 0.266275985961187 -0.205178686044631
-0.0977103938649114 0.0655962455020631 0.208616776710011 -0.0787754242361345
-0.148730502304326 -0.012980051972487 0.0435544613825577 -0.0742003260360607
-0.09828057622679 -0.107930237149879 -0.0402038890214728 -0.179504549971848
0.00625744730894126 -0.11571378442884 -0.042769856950008 -0.379141962850654
0.0640623318354216 -0.0865161516450402 0.0827179916814064 -0.584470064574298
0.102132597217161 -0.357713637591061 -0.145430517331347 -0.375423977563062
0.0160687715488159 -0.341677485163782 -0.149746209645952 -0.238156928882881
-0.16880315259733 -0.299175480718223 -0.042660129049643 -0.00567579328904018
-0.262269444708575 -0.139271585970403 0.0469410893430813 0.0722700213961348
-0.247797273539348 0.0376963099634388 0.233603964724633 0.0589253873581819
-0.18544361565035 0.112901603250328 0.3080069373746 -0.0770533358407289
-0.154509954169534 0.19176144779507 0.283729402334109 -0.198792142660959
-0.109204318676482 0.218495891081052 0.215970414324909 -0.251325759164724
-0.129632763098339 0.230412308527416 0.217100679448406 -0.247953124326605
-0.179736437123586 0.158217230580576 0.217907199731198 -0.162190445967329
-0.241441400824059 0.109536584226891 0.164839280684559 -0.0478339376266764
-0.319353363850789 -0.0438827455419426 -0.00752567517615317 -0.046183013086097
-0.26210577931198 -0.21593496837423 -0.0922769333839266 -0.170421260724236
-0.0766553214021471 -0.298881354486739 -0.0960621757587073 -0.366181424624675
0.0444768729789788 -0.317076397782523 0.0263168635494506 -0.546217249653195
0.0893945853581844 -0.53856470293819 -0.1729551646829 -0.236963267473489
-0.00363740928471383 -0.504111948498765 -0.149662148663843 -0.159808209901089
-0.238795042792238 -0.460788596307028 -0.0560456389820116 0.020933901970846
-0.38048199986535 -0.257994588088349 0.009051002633745 0.0952939270949248
-0.397815442863482 0.000523070431582888 0.185797567395936 0.0893635915567335
-0.322615963340494 0.134815528126752 0.241458557954862 -0.0170347487116882
-0.272686267269605 0.256434186664027 0.226634598392535 -0.110353821700128
-0.191587505275266 0.303034772961372 0.15839927787634 -0.15493802269691
-0.207948552249329 0.325046296619568 0.149878658099093 -0.160769848600921
-0.272384365536815 0.225548706660639 0.14710083101309 -0.0884785443944823
-0.348148153890597 0.163018142544689 0.106471383945765 -0.000871708323232978
-0.45604304511499 -0.0399338802888331 -0.0502412232912964 -0.00220438323849162
-0.408011093175583 -0.272540191868388 -0.125658700619971 -0.130868926844021
-0.170756087711512 -0.427962085187689 -0.119165882590098 -0.300055212668738
0.00328997032223814 -0.497471065805991 -0.0116245096336139 -0.433651245002523
0.0579323206423101 -0.649312960105788 -0.201010489148471 -0.0471308963114488
-0.042632488403967 -0.607845336012357 -0.145848081781814 -0.0338684856048943
-0.299740272542313 -0.56041560131409 -0.0597754047012475 0.0614684354427261
-0.464725571206637 -0.334710396485613 -0.0280526103234197 0.107730699234144
-0.499286567214924 -0.028402259883746 0.103852936576016 0.101570179718855
-0.414137152605317 0.141813995551138 0.127010852494106 0.0422334467045915
-0.351906344443392 0.284120404265031 0.128129653354559 -0.00625246391942324
-0.245481765917994 0.342980268384481 0.0782508264454371 -0.0358386570369628
-0.25407728377169 0.371131928660135 0.0679257417044384 -0.0457188879562419
-0.324047161814109 0.261801798453599 0.065145694983833 0.00826311905551222
-0.402287213994412 0.193946955687808 0.0400443722201727 0.0586590868878434
-0.525709758677892 -0.0297874035203745 -0.0808827994030337 0.0491190843088877
-0.48998650517807 -0.287195218462424 -0.131482535792186 -0.0758554865496861
-0.240658977901114 -0.486007385566288 -0.101224846467038 -0.197984083016813
-0.0413714961451245 -0.598379762264856 -0.02006282527853 -0.26144351570332
0.0084999728602346 -0.664198747451114 -0.216043535431061 0.167329788382161
-0.0923024772620768 -0.612336864285471 -0.131672354716038 0.12040343774535
-0.326683521806595 -0.55711380082863 -0.056323467052078 0.107552722747195
-0.475915081456295 -0.335685420972863 -0.0630048088223218 0.109326438574987
-0.511549234629868 -0.0390526445450672 -0.00299804439369547 0.100803985333195
-0.432863458255836 0.130424895400221 -0.0146849816085945 0.0999840709226437
-0.372706143603581 0.273000144473361 0.00698655820809532 0.101229913280005
-0.262767649634427 0.329283266556034 -0.0133813962932083 0.0893310960695201
-0.269004037607766 0.353493744448075 -0.0181002656125885 0.0772543651705787
-0.333964119206431 0.242377639921665 -0.0208105679437446 0.108257625555266
-0.398909830039358 0.173662029792951 -0.0311638868279658 0.11504232376646
-0.500739907680875 -0.0406966646597333 -0.100796423641616 0.088686445587816
-0.475663175317461 -0.275831291285105 -0.113426565951438 -0.0227620826214094
-0.247841264548809 -0.469496576976469 -0.0478424437743389 -0.0823934888361373
-0.0665143043502042 -0.600837060227509 -0.00171104272424322 -0.065230064410699
-0.0489847183099996 -0.571955429337394 -0.206244518790206 0.367606469142248
-0.136531883818028 -0.504371108599988 -0.0994657295626603 0.266695666527769
-0.294498205166083 -0.441120226096617 -0.0459189226653226 0.145971731982392
-0.392292947436687 -0.262711730968157 -0.0882432085801936 0.103189667571853
-0.420630589436934 -0.0352618962254147 -0.108438680330429 0.0940898045507217
-0.369101948057015 0.10209154122371 -0.151454817944265 0.147744776311217
-0.330075870463017 0.219004389241658 -0.113416265114003 0.196532607327045
-0.240421055973596 0.26489005400153 -0.102699460208669 0.199459331196888
-0.249469828549173 0.278124130749568 -0.101638277520517 0.183220200867203
-0.302775588321549 0.17388934052215 -0.106307109074883 0.183099971001692
-0.337859652225403 0.101323168219358 -0.103966936005159 0.143711301901356
-0.390245901009432 -0.0738153483029202 -0.11394480893953 0.100544390838549
-0.362748410811526 -0.242266872960511 -0.0850273772563644 0.0132783482081806
-0.194573185815056 -0.386378114596333 0.0149915320608556 0.0251094533411268
-0.0699180637909554 -0.511020515222023 0.0278496355033085 0.123576425905611
-0.0956514996186136 -0.388200772145298 -0.169128999441755 0.517630694200029
-0.147713845352623 -0.306793871089937 -0.048803996227851 0.376322768169259
-0.203605339198621 -0.248993786325906 -0.025573707709755 0.16990645320502
-0.235156482341223 -0.147604706574537 -0.0921369082400665 0.0911218551326392
-0.255594599472046 -0.0279817574734445 -0.184867079931731 0.0824643382321067
-0.243378359630266 0.0539496954718406 -0.251940826100278 0.182320002977066
-0.233767971785817 0.129599116776518 -0.209169953525381 0.266356793653703
-0.183080848584591 0.159747454618196 -0.175853680010702 0.277545415369106
-0.197170791853733 0.161823815789755 -0.176966669341343 0.252559983119053
-0.230545826415359 0.080370231277352 -0.184497462244216 0.212622874672109
-0.231132494214822 0.0145890090091159 -0.168724554686296 0.131911587117815
-0.224491963145312 -0.098031325210636 -0.118589402449577 0.0789125228352075
-0.196746091335631 -0.174274345551924 -0.0554155591545306 0.0298408694829
-0.11267361501437 -0.24676513207144 0.0647105806912071 0.11288428864295
-0.0620374374787158 -0.346290854262238 0.0535084130472734 0.279291771500947
-0.114625986461584 -0.143075730564541 -0.107717566571795 0.59277211369889
-0.117214880832287 -0.0700824616741698 0.0150169002848877 0.433874365747873
-0.0702485208715174 -0.0413693087482931 0.0088881011538093 0.17457196554334
-0.0454084002067045 -0.0354613704161867 -0.0727293187216517 0.0729920752708492
-0.0647409035441435 -0.0308383479183797 -0.219652029340305 0.0691124982932398
-0.0896558010192834 -0.00987866947136787 -0.300265285192737 0.198056416233817
-0.106613012282753 0.0148250684057791 -0.262970330230255 0.300881727571419
-0.0971280928538283 0.0307959805943798 -0.221650095215588 0.314666362149416
-0.109054338904024 0.0293196811163076 -0.234725016141081 0.275957073993094
-0.118072358847469 -0.00905590134546352 -0.243803621315546 0.198018160128918
-0.0915183014387465 -0.0484774804233148 -0.212562882317668 0.0844357157393547
-0.0458083600669297 -0.077464493180292 -0.109846547261102 0.0359032810960666
-0.0329631779229641 -0.0611761885013304 -0.0263938447772305 0.0351293117174916
-0.0448552912131254 -0.0713292426479602 0.0915113393267337 0.176040610171184
-0.0592085749292189 -0.13615497138718 0.0698655446053754 0.382520801118232
0.102230287308865 -0.133853963183979 -0.133783836161519 -0.445963711426754
0.0334221104797768 -0.150399322465044 -0.155538124601312 -0.263709257927931
-0.0816527498193007 -0.11545400823974 -0.0233540236765638 -0.0256750060675798
-0.122624978217606 -0.0190250538539122 0.0814371347763637 0.0319166139774917
-0.0778707981189244 0.0592281548014071 0.245339597636761 -0.000263920861591045
-0.0335107870369111 0.0709862950379496 0.31839296221935 -0.143913855122439
-0.0179199696504692 0.0972381512858948 0.284067836152408 -0.265474334056312
-0.00654863832592676 0.10117474963081 0.231257109726605 -0.309629358623244
-0.0201129013410108 0.107298170005525 0.24894781041159 -0.300799198745472
-0.0504471232580558 0.0833440886561371 0.258792175341317 -0.212645646366392
-0.0949586841202077 0.0675232922733595 0.206013479004018 -0.0853916432035018
-0.147935108100765 -0.00874682221520027 0.0420841763384907 -0.0734435178283178
-0.100908335796157 -0.104252299413585 -0.0432185523002871 -0.176850285530961
0.00361823045689747 -0.115537631389982 -0.0509782449262784 -0.374558266650781
0.0602294352623396 -0.0860561355405325 0.0699701382049958 -0.583836024271903
0.09157619010517 -0.357225646306503 -0.152727133218308 -0.372300243324072
0.00994948225599054 -0.339192694336405 -0.154576941790058 -0.234484619508263
-0.173683842637877 -0.292165314030862 -0.0430884657039549 -0.00729542630953548
-0.26419466028275 -0.134317549295982 0.0462838164658774 0.0701475864107133
-0.245138881302536 0.0425237373295153 0.233577911153504 0.0492735698744414
-0.184033664639462 0.116769290626761 0.304742034799537 -0.0860906245982888
-0.149084684329305 0.195423736382832 0.275982800870036 -0.204881977468862
-0.10124964291802 0.219614791144961 0.208193904052865 -0.252768249977166
-0.121707809768158 0.232293224037006 0.20831921177316 -0.252405589819157
-0.177193343841461 0.161711549232847 0.211602435771578 -0.167879488287357
-0.237059485428715 0.114713076887287 0.163086730366472 -0.0537184173378871
-0.320177505267007 -0.035393184744553 -0.00787361614923394 -0.0447069289867808
-0.267511668074996 -0.208533229355893 -0.0964212937670765 -0.166899609605148
-0.0832345349685739 -0.297349878757184 -0.103502873171587 -0.35974090355299
0.0346060206509079 -0.317063273835133 0.0137544001857374 -0.544707464954553
0.0731065631381528 -0.537826459426472 -0.177264879514335 -0.232941911572225
-0.0150275357216196 -0.501352359286469 -0.150841398740343 -0.156689040418285
-0.24709102335487 -0.449584215366481 -0.0558358746567794 0.0188981166978106
-0.384906822144488 -0.250344284341076 0.00827207524648394 0.0938686025611446
-0.395925284179502 0.00905357075736668 0.186508532036651 0.0808380255965378
-0.320845334015979 0.142734301373309 0.240297301291549 -0.024107004766706
-0.266039118994066 0.263605118963023 0.221298696642972 -0.115932583871127
-0.181282423634746 0.307261294354048 0.153102597626066 -0.156797668740637
-0.196417406772401 0.329456546536222 0.143223616617494 -0.163284411566909
-0.268803476437753 0.232592212225115 0.142855982430932 -0.0928678388971663
-0.342005568963633 0.170454188740239 0.105726630260162 -0.005294604856661
-0.456303451614385 -0.027965138909897 -0.0495392515408499 -9.91835053408846E-05
-0.413945375395611 -0.262639697294422 -0.130023181734055 -0.128325375475773
-0.179956915292699 -0.424687768917131 -0.126568695265191 -0.294889942304038
-0.0107083047969616 -0.496840306191464 -0.0213378567693792 -0.430225472343863
0.0388584766304999 -0.647231246337378 -0.200179371440421 -0.0428087507695756
-0.0553422311531977 -0.604748156529161 -0.143963423101678 -0.031904086263796
-0.309756697132013 -0.547419766977521 -0.0582977774733875 0.0593995345761808
-0.470006623770154 -0.325438337255758 -0.0285683625399656 0.107086418756874
-0.496489327468409 -0.0178361730877281 0.104858220910433 0.0951315983364674
-0.412381685055007 0.153012554366767 0.128542665186793 0.0387475486447707
-0.343290506323332 0.294697278506608 0.125503914782723 -0.0111197232877829
-0.233798597546463 0.348947985726641 0.0757009944181471 -0.0368520093347175
-0.242701174283878 0.376409612828671 0.0647885331247513 -0.0461430887441852
-0.319727055371381 0.269635210513206 0.0642394152560827 0.00624397462530505
-0.395110273141933 0.202116802358418 0.0404814750474492 0.0563604317518581
-0.526045345581294 -0.0160269916790126 -0.0791482175336828 0.0514941135762795
-0.497623859659639 -0.274709897662016 -0.135276659639234 -0.0726027116564885
-0.249342359568334 -0.481749433903721 -0.106554270447346 -0.19395052714546
-0.0569700784921225 -0.597045707275721 -0.0254367999073873 -0.259681907887681
-0.0117955445457668 -0.662245776992968 -0.20998611408188 0.170911811023236
-0.105284291367956 -0.60872887037915 -0.125775476587481 0.121088349893451
-0.337757393707699 -0.546324566424363 -0.0538043577340136 0.106176696086832
-0.48315448809257 -0.327838583640406 -0.0630768822075589 0.110651638426117
-0.509913456076834 -0.0262540549148562 -0.00137690874784737 0.097437139153218
-0.43117403086699 0.141525644829998 -0.0116376175059174 0.0998762104571155
-0.364027369998787 0.285276433022425 0.00761429332493232 0.0989081286072267
-0.251339853952742 0.335845308419813 -0.0122526332122496 0.0894660713971459
-0.257260702245597 0.360261487893147 -0.0170834720675141 0.0780088219133565
-0.33008716826568 0.251194445682793 -0.0184008769351804 0.10822986930019
-0.39171992339987 0.181419757686988 -0.0287906277508309 0.114416660000015
-0.502681847122543 -0.0288279471871456 -0.0979393450303033 0.0914236158221427
-0.481854676066678 -0.26313777980491 -0.116845581727776 -0.0202716892894091
-0.258911025378723 -0.464739509879853 -0.051350002679256 -0.0799647496499661
-0.0828097333972859 -0.600629482562005 -0.00242733519405835 -0.0636622467203238
-0.0658073388250683 -0.569906465846144 -0.195574769307948 0.369835383808987
-0.146496379100468 -0.501038810417261 -0.0908441767828515 0.266115890935746
-0.304542073235762 -0.432708888715338 -0.0422693218379491 0.145037858491026
-0.399119299563842 -0.255870892232566 -0.0873251688018052 0.104999143577417
-0.419867186106301 -0.0253357598373204 -0.106900095500136 0.094423238217633
-0.367675733476568 0.112969412489594 -0.146642909024448 0.152231385292398
-0.323753832230284 0.229989385880788 -0.109736668334716 0.196424983020786
-0.231183273000622 0.272285000742994 -0.0982751869013142 0.199631859863057
-0.240240053622157 0.284108018312642 -0.0971927909407641 0.185138516912657
-0.300817781163736 0.183571605734144 -0.10069586630683 0.185152483499323
-0.334619742888343 0.108450339679129 -0.0998875236714761 0.145989484746786
-0.393220549759595 -0.0645447708989841 -0.110877874320524 0.102302167370064
-0.369455165225746 -0.233173104035736 -0.087555610565885 0.0151552025256919
-0.202566164489397 -0.381807601775524 0.0137286612144903 0.0251005152385918
-0.0835040863678554 -0.510711769838098 0.0313878790869447 0.12493908428676
-0.105936142711542 -0.385642866045936 -0.15586348362331 0.517838320899182
-0.153626800332336 -0.303449293087962 -0.0386227372053487 0.373961607150153
-0.209620057601914 -0.243827718239433 -0.0206559135860725 0.168774360983254
-0.238775960731487 -0.144002287956278 -0.0906050739049742 0.0926901958524459
-0.255582085335065 -0.0214658139244517 -0.183160125871601 0.0866074048984039
-0.242746443805606 0.0616777580305937 -0.245730872266678 0.189714520949522
-0.229313912062093 0.137755730199084 -0.202158461492182 0.267768624883568
-0.177259914167853 0.165903734906327 -0.169429324626991 0.279061105127363
-0.191383737893583 0.167438777644537 -0.170104658417283 0.255746682278404
-0.230351646644865 0.0875824096672715 -0.177770931488303 0.217232662280707
-0.230252807180626 0.0197824817895507 -0.16376104914154 0.135323790516513
-0.228473908604911 -0.0924114202420262 -0.11572541935494 0.0803706051254601
-0.201886982859622 -0.168485375295397 -0.0564479774990545 0.0312925574732667
-0.118976137495209 -0.244493504806224 0.0657229591348016 0.11036404044476
-0.0716185075179632 -0.34696531484374 0.0600431921366047 0.279768778717135
-0.117826484386157 -0.14220738122617 -0.0946609144606706 0.589891775139131
-0.117680353020969 -0.0683702117547503 0.0264425334183317 0.429835176128218
-0.0721073928701389 -0.0402155520695101 0.0143340973903061 0.174288859080906
-0.0463930772231687 -0.0351004922014958 -0.0701338903839567 0.0740487746849684
-0.0646323498935464 -0.0292774943327043 -0.218124967923187 0.0747436313783337
-0.0898825568993697 -0.00635779822978705 -0.294253597761296 0.20633655942664
-0.10623753650294 0.0196734911312937 -0.25474055093738 0.303674101871207
-0.0954948101205719 0.0354934010607666 -0.213398479947275 0.316166604965913
-0.108478543131477 0.0338617096073929 -0.225766615461263 0.280405019246081
-0.119140386792898 -0.00405492421413094 -0.237294258430073 0.20411125313963
-0.0938572128038985 -0.04604611803058 -0.20913483478017 0.0902380531552488
-0.0496457982623321 -0.0756951067876745 -0.107791334491103 0.0369511175194959
-0.0356034332394647 -0.0603315665267612 -0.0276072834078758 0.0359091890675615
-0.0469258999390696 -0.0716534498494615 0.0938676967379071 0.172245294105215
-0.0630688638208562 -0.136365394894651 0.0793403600278248 0.382500517377383
0.0975013779182005 -0.136526030757328 -0.151464310456646 -0.444381128567078
0.0289009940672718 -0.15111972165778 -0.166726286445459 -0.257716599237974
-0.0852597488443422 -0.113056833162894 -0.025850416723061 -0.0264766825006033
-0.123345989373228 -0.0150195783138873 0.0807098052177001 0.0277882340825025
-0.0766815704199016 0.0617833723893517 0.245846798792205 -0.0119784454972555
-0.0326881513665479 0.0711811914032451 0.313381199089659 -0.159325184646324
-0.0140299353662943 0.0979878920151481 0.274219443693212 -0.27668378731838
-0.00200573434925016 0.100999569004512 0.221704832571717 -0.318006197547885
-0.0146407863478931 0.107550133945914 0.237109888201035 -0.311264921495619
-0.0472056454148176 0.0855883645897608 0.250324437809687 -0.224690732828501
-0.0921301755478383 0.0714447352536059 0.203882584553517 -0.0957526355054301
-0.148144753642668 -0.001769832316883 0.0393218508625977 -0.0739128077653503
-0.106210292365154 -0.100524580071531 -0.0497825385720769 -0.174679846345559
-0.000363980778620956 -0.115899238869708 -0.0642648941946554 -0.372391214599939
0.0562487474677433 -0.0877410454725557 0.0479219422247681 -0.589238076392649
0.0755799197566397 -0.360336623430752 -0.166673713963721 -0.367661590198669
-0.00238439228136773 -0.340279872032569 -0.163048881897203 -0.229265089911002
-0.183898082214171 -0.285385241436553 -0.045209394124728 -0.00791616173660145
-0.26981046556552 -0.126159097959389 0.0458919771795655 0.0678367131323964
-0.245282192599565 0.0512836812639035 0.235215001937825 0.0376739437091958
-0.182524359138227 0.123959481649583 0.302406659775318 -0.100063268908568
-0.141478366438084 0.202768736013639 0.268214271019441 -0.216362772017589
-0.0919486437826938 0.224273752979841 0.19901614676866 -0.259026825624316
-0.111036959513189 0.238151455552637 0.198153926448147 -0.260947110493487
-0.172938643490393 0.170544374745493 0.204205297546824 -0.17819072778788
-0.233109517965538 0.124129731339829 0.161016180964162 -0.061619478108965
-0.323567224345405 -0.0223811581083921 -0.0101318439152186 -0.043650340926491
-0.278167171211797 -0.198677477950286 -0.103538642686643 -0.163423930000433
-0.0957516506910725 -0.296855715900276 -0.117240200409465 -0.356138128433161
0.0200830432193387 -0.320306123331578 -0.0073788234002834 -0.547939140076967
0.0490374693966154 -0.542374178976716 -0.185354061256105 -0.227573737206414
-0.0322587039067394 -0.503875437082831 -0.156026556889977 -0.152891937956949
-0.264258246172274 -0.438467905018182 -0.0560178359227658 0.0179033382148485
-0.39553160128314 -0.238780141833426 0.00839998913934945 0.0937988190634513
-0.396532212298262 0.0236452894890739 0.189082625297459 0.0703682823397123
-0.319528601389225 0.155954727844612 0.240208943711449 -0.034709885057893
-0.256604950085019 0.277501577758949 0.216361568546147 -0.12574316712862
-0.168304017387245 0.315334867478783 0.147023802444287 -0.161220780337226
-0.182109556809194 0.338823227983377 0.135203756481468 -0.168447416548348
-0.262927373007508 0.245814584945687 0.138485343849963 -0.0988097695418231
-0.336698899977482 0.183212233329554 0.105354130272522 -0.010238783483633
-0.461397995064655 -0.01000103173921 -0.0491622094510846 0.00287342722238634
-0.428530056366182 -0.246185182824667 -0.136967852278583 -0.123304271824301
-0.197879744063546 -0.422796200619942 -0.137970948076629 -0.288780824208113
-0.0340867807120578 -0.499379137412449 -0.0372179724543005 -0.431463904699721
0.00961102343807238 -0.651121135624747 -0.201580873768725 -0.0359866327183272
-0.0768098513324088 -0.605161587050274 -0.143920635057235 -0.0279797957889131
-0.331447278036604 -0.536035616056732 -0.0570266122784842 0.0591991492012711
-0.486153435263018 -0.311537286699278 -0.0274900610936005 0.109310116883159
-0.498176330896637 0.00125293921632754 0.107345736945627 0.087746760911631
-0.411183386967596 0.171597997304475 0.131360784168189 0.0341061229101997
-0.331719791611386 0.313001369020564 0.123952871426854 -0.0167620965335494
-0.218131206950952 0.361101365467416 0.0742419893930071 -0.0387039285681244
-0.226427814981497 0.388091074717075 0.062190576982673 -0.0477602025904427
-0.314021716739227 0.285283791498975 0.063547696406303 0.00426535287267224
-0.389380492940016 0.21865762725763 0.0424218546050597 0.0539616888015077
-0.530721274249279 0.0046530300051336 -0.0766037391526346 0.0551007635193538
-0.512117761683854 -0.256821953431318 -0.14164630828467 -0.0675432019383588
-0.270614714638397 -0.477014263998163 -0.115097437375882 -0.18938450745093
-0.0856850959714722 -0.599907395113649 -0.0348838757318219 -0.258806508838994
-0.0408637602122681 -0.664121511131319 -0.202948429554788 0.178097003047202
-0.127766946774011 -0.609714381824773 -0.120201297759494 0.124255962947481
-0.361346664095063 -0.533967954140254 -0.0494480535436595 0.106308301449469
-0.50107881911061 -0.312857697456517 -0.060374132642717 0.114260801440592
-0.514496451414215 -0.00796238987576702 0.000913670967529197 0.0959406066179461
-0.428082404993832 0.163051151718926 -0.00621315925515113 0.101756121252599
-0.355218936648561 0.304227739731373 0.0094189744179497 0.0966555652798101
-0.236523145139676 0.348767216674326 -0.0097391559363968 0.0903295578201819
-0.239948296059197 0.372603069258615 -0.0148935369291693 0.0797903459210975
-0.325639363702765 0.268957953445858 -0.0141722486011906 0.110309184096877
-0.388341721743499 0.196668174066845 -0.0250986443159664 0.116160349840881
-0.509439431609829 -0.00828887616474574 -0.094370688993826 0.0953680479724888
-0.495797543510914 -0.245342482136027 -0.121361638620877 -0.0156891556575402
-0.278653955840145 -0.460688809519693 -0.0557318234328625 -0.0770499741777355
-0.111116941672242 -0.603922687292508 -0.00396724097506106 -0.0627207874656676
-0.0909953883498893 -0.570747178351696 -0.181814450104409 0.377429962552461
-0.164418570830873 -0.499590008285762 -0.0797233833869777 0.268973036675567
-0.323402467928721 -0.423347196723796 -0.036508044026135 0.145491487653814
-0.41359943116324 -0.245431440594389 -0.0846469932413133 0.109741263009132
-0.422455819271016 -0.00946132527005232 -0.104830218083346 0.0974133999674875
-0.366863352211973 0.130359798601027 -0.140132652087282 0.160576132768833
-0.315334337186787 0.247621671333102 -0.104159585644622 0.199373618501375
-0.219698110307265 0.284272676941234 -0.0924654354796308 0.204243461713154
-0.227651929488137 0.296485771350228 -0.0903176366260546 0.190073417818379
-0.297415133142653 0.199019919931564 -0.0936773839514309 0.190752875984567
-0.332575996909483 0.120812996539531 -0.0947477747823382 0.150667227443155
-0.399796517283336 -0.0489218884348986 -0.106992933553311 0.106406048951567
-0.381983747696427 -0.219021104184838 -0.0901622146988877 0.0191165597240781
-0.219175952422104 -0.378451587925333 0.0134150119511657 0.0257780753217621
-0.108451439969758 -0.513368290273337 0.0372940420286979 0.125934818558323
-0.123293844478646 -0.384356022204986 -0.137300595442341 0.524758097584729
-0.164400478990023 -0.301321495425349 -0.0231283743424055 0.375643681665386
-0.22061199094919 -0.23777613630335 -0.013367257417042 0.169797872786736
-0.247579395631898 -0.138535409633499 -0.0873692649834062 0.0973846325991792
-0.257608742640618 -0.0122478101183797 -0.181459609943933 0.0939918707301666
-0.242743936651471 0.0738276082565897 -0.238835886538012 0.201880831529364
-0.225091957507148 0.151246423056731 -0.194343573135146 0.274709120035012
-0.170143397082107 0.175782160314694 -0.160554741105618 0.285460192112749
-0.184707947239375 0.178327262896234 -0.160234803328194 0.263115635817743
-0.229931972005886 0.099761662340588 -0.168654837858939 0.225883048940096
-0.232337231855456 0.0278617448384673 -0.159155662775411 0.142951645373424
-0.235171628083256 -0.0838989213695928 -0.112485428658742 0.0840211880883193
-0.210991020913342 -0.161149498619188 -0.0582971096694353 0.0339069159306591
-0.129440106433451 -0.243879260351523 0.0682323541847189 0.109001642197206
-0.0887159263206203 -0.348057602719399 0.0721711304295445 0.280917654111132
-0.123840890578411 -0.139787734919834 -0.0740693513463928 0.594559502475845
-0.12036694421318 -0.0653379787530815 0.043220784197059 0.428593137970435
-0.0745084691445219 -0.0378524601303321 0.0223077104819368 0.173926305066785
-0.0489744402498691 -0.0349248253135685 -0.0659827743844849 0.0774916880870833
-0.0653859479655605 -0.0271966908457582 -0.216613089963091 0.0845483944404841
-0.0909017712905323 -0.00121529093593595 -0.286645314661806 0.221307728671384
-0.105722709108588 0.0259415787910481 -0.244845989645157 0.313488134617452
-0.0942685759170911 0.0411577503110353 -0.204030874902945 0.323561568148581
-0.107280514660543 0.0405421287716974 -0.215090981684222 0.290069277752694
-0.121608924958506 0.00258508721521031 -0.228486979038172 0.215248484352078
-0.0973967644253874 -0.0413325929165687 -0.205085182813506 0.0986863827792461
-0.0546258061646592 -0.0733649102977961 -0.106120900327512 0.0404488639323868
-0.0400132653926429 -0.0590360808052581 -0.0278539956876328 0.0381222429758188
-0.0506956409954552 -0.071525466800173 0.0992014313929692 0.169573450994977
-0.0701952161861139 -0.137317093086769 0.0962261672477052 0.3835043253035
0.0889230417982185 -0.139638824491904 -0.175054527447564 -0.434402190226012
0.0209542746239409 -0.151656125285085 -0.180330440412423 -0.247047809282069
-0.0894135659011918 -0.108164310953318 -0.0285629693848707 -0.0257820466218974
-0.123080814349204 -0.00881849762179846 0.0787576522593482 0.0229105103144309
-0.0731561626599671 0.0647731347949286 0.242371120164373 -0.0268269438639219
-0.0304556723578144 0.0714153463686681 0.302981222048828 -0.178315097443014
-0.00800145799676301 0.0978776282943955 0.258185292150186 -0.290218122073721
0.00387106262160975 0.0992970651917381 0.204059266193035 -0.325401549424482
-0.00793677067243865 0.105984138931536 0.216216229153801 -0.322372742138277
-0.0419281685823348 0.0870945868549891 0.234663682068884 -0.237769233765514
-0.0868760663558168 0.0762761955306711 0.197543432253514 -0.10759553181789
-0.146905467118597 0.00656546584193996 0.0353376557001453 -0.0743309922722271
-0.110785289946071 -0.0935074521507287 -0.0572504094853725 -0.170537188139559
-0.00702987203343791 -0.11436152460667 -0.0818603635420179 -0.366184162783677
0.0504711465901921 -0.0892060349852924 0.0168956937375084 -0.588121736926212
0.0530402178357099 -0.361095061293942 -0.184610737855704 -0.357682213796495
-0.0199699755880479 -0.338380657471219 -0.174195951236741 -0.21941875485602
-0.196274604337666 -0.272680220567823 -0.0465908114333353 -0.00736261125567334
-0.27502929305481 -0.112519539889416 0.045758114362853 0.0652413042687376
-0.241304456167227 0.0626376524044403 0.234645139275514 0.0227580009195531
-0.17767032009687 0.133580052523117 0.296170801366559 -0.117891834080566
-0.12913523837343 0.210630539162401 0.254613395038789 -0.229719257265503
-0.0783080465113459 0.227685681313945 0.18463501989863 -0.265857240595164
-0.0961427772333076 0.241538582788087 0.18097687059442 -0.269403226358685
-0.163862295717354 0.180541767240158 0.191613598632481 -0.188578564051814
-0.225329015051283 0.135568832378992 0.156297811482082 -0.0708932496746274
-0.323471944274915 -0.00389105043349029 -0.0119474345327033 -0.0418144917728487
-0.28805035666614 -0.181476852907627 -0.11187555373716 -0.156865212508584
-0.111046771390961 -0.291494402869562 -0.133697293271694 -0.346454598421028
0.000806605151227938 -0.319531143691197 -0.0358400027748639 -0.543019833723255
0.0169752735590185 -0.541737652620978 -0.195570891370921 -0.216707809311975
-0.0566833320571343 -0.498627364754807 -0.162301871664791 -0.14509239528545
-0.284663761877019 -0.421439331618902 -0.0558641127607649 0.0185653410014811
-0.407528202327398 -0.219400208879517 0.0101342069522247 0.0944629820082959
-0.393451643830244 0.0428747182935124 0.188924975912187 0.0579180091386599
-0.311907503193154 0.173516766013218 0.237951100177054 -0.0484659386431517
-0.239353193891025 0.291787518642448 0.206916435478728 -0.137402407158692
-0.148598464272535 0.322029892912238 0.138288540068102 -0.166027590539944
-0.160329125777445 0.346199006893061 0.124303129119384 -0.173921794933105
-0.250132519171231 0.261187992795345 0.130847903099317 -0.105582592624551
-0.325405597270033 0.199787750287174 0.103444585228755 -0.0163984479772174
-0.461252548977277 0.0151000018231369 -0.0495513518309223 0.00593858964868802
-0.441318430162826 -0.221118598430718 -0.14449783862781 -0.114175477092043
-0.219753558190157 -0.411985471803809 -0.151498085489394 -0.278524144252898
-0.0646522733616058 -0.496265197018088 -0.0598014524823109 -0.426097126124599
-0.0297448887232881 -0.647857842579047 -0.20066535698242 -0.025448960469177
-0.108271399145109 -0.5991199742107 -0.143143974444458 -0.0217923633019186
-0.357316969695399 -0.514073931231946 -0.0542999678135551 0.0589301695481444
-0.502579469627169 -0.286763999078614 -0.0240784393150068 0.111429583672408
-0.496428115504547 0.0278735569335516 0.109394686784027 0.0792863289850475
-0.401732314922212 0.193914036818404 0.133029484109297 0.0264869612648307
-0.312980624745758 0.332346326474278 0.120741630025048 -0.0246670866550742
-0.195663301014797 0.370622450660074 0.0715250236067451 -0.0409024567547999
-0.200260261753933 0.397311606943597 0.0582990523581953 -0.0496583356281617
-0.298072522066459 0.303627541837045 0.062336278980742 0.001086372331107
-0.375511524079552 0.235343446118173 0.0436716842938627 0.0516517257598872
-0.53189102463893 0.0332295835774706 -0.0741705855726535 0.059365848003818
-0.525752457402049 -0.225480495812758 -0.147163389184116 -0.0584637986065266
-0.295759869903335 -0.463271410887588 -0.123652700925482 -0.17988503102159
-0.122129653931498 -0.593558577145189 -0.0483648458051479 -0.25487777995789
-0.0799053801819515 -0.658571613572039 -0.191765633318738 0.187981461240619
-0.158592064879683 -0.600019020865554 -0.111058468013868 0.127922069297846
-0.387324270638279 -0.511714757239741 -0.0443394407183007 0.106079721795426
-0.517551221715662 -0.290006172480336 -0.0566708139845944 0.118282500309812
-0.510558218526324 0.0184201801628356 0.00401044263136972 0.0935610544803481
-0.422458375815547 0.187396189007475 0.000467608836326095 0.102114011392688
-0.334836255135142 0.325266359013639 0.0121651946969253 0.0950832439379313
-0.214688447194199 0.359858757767608 -0.00590725394496749 0.0907429783286837
-0.215409199849108 0.384252696292752 -0.0108974024072054 0.0811401116362338
-0.311470844157453 0.288335941540855 -0.00837290857027562 0.111228175795795
-0.375715373521551 0.214278134172673 -0.0192318239834443 0.116812888498894
-0.510160553188703 0.0203057887082035 -0.0888193584443935 0.0997483167762814
-0.510142538280811 -0.216464763238778 -0.124395044979876 -0.00743654713488939
-0.303797130210209 -0.446997900368009 -0.0598396866539246 -0.0716785983736046
-0.149339978730981 -0.595585229124298 -0.00717098524575794 -0.0604299542152994
-0.123878624549406 -0.563621984560502 -0.160930552272762 0.384338475928579
-0.188639660696873 -0.490138056880619 -0.0639114842667754 0.269718706768396
-0.343303451482113 -0.403761529828677 -0.0287459914431727 0.145443201046612
-0.428052977720048 -0.225669888203443 -0.0789839744026511 0.114650601704287
-0.421579993270011 0.012371899140224 -0.100860314031789 0.102454148773669
-0.359558100091072 0.152007337435296 -0.129417883170741 0.169032698644022
-0.299193746153614 0.267594909017943 -0.0952283175579265 0.202711530471927
-0.201009887527824 0.295794459083944 -0.082149575908944 0.208032044260092
-0.208421364386449 0.309435275633763 -0.0791235286695648 0.194505797893453
-0.287854508014077 0.218043175560643 -0.0820095251049302 0.195915390933954
-0.325130279435589 0.137276308458293 -0.085953033576822 0.154908626236959
-0.403466249799055 -0.0261676228625252 -0.100384531541789 0.110991486740123
-0.39420954831046 -0.195023096447931 -0.0912990451092698 0.0253973264332403
-0.240323187899054 -0.36896109512129 0.0137194603583279 0.0263946159086556
-0.140951554215329 -0.506912485599474 0.0445598673746645 0.125051767662039
-0.145255311644187 -0.376623347733611 -0.108468088178369 0.528513009095707
-0.179125544337403 -0.292800168566268 -0.00291495121874961 0.372592125424751
-0.232408012989842 -0.225830651353152 -0.00448282490469453 0.16867029761912
-0.256601892234829 -0.12755307300705 -0.0802351961780114 0.101980930966807
-0.256971901100829 0.00017426244032372 -0.176571791994953 0.103995727833878
-0.238176192001658 0.0892783277179313 -0.225710929910178 0.215607594101955
-0.214488089881554 0.165655252686929 -0.180144552767796 0.283296790546955
-0.158392074842326 0.185093439411624 -0.14623265300937 0.291619758754197
-0.171881742365892 0.189210524836201 -0.144858893189646 0.270109385941076
-0.225371887849685 0.115504202276854 -0.153842537926774 0.234417649176091
-0.229994615676315 0.0400762623864701 -0.150183417747048 0.150243723839337
-0.241232276790191 -0.0700231555913351 -0.107810091827829 0.0884818226495017
-0.220304366083876 -0.147728477484211 -0.0583313021023881 0.0379761219051881
-0.14340571266788 -0.237774415342217 0.0728058579798416 0.106044760563764
-0.110598763773635 -0.343610568789754 0.08908358141986 0.277575410750615
-0.131565254902667 -0.134243524360281 -0.0442087981999266 0.594379797120363
-0.122375179403583 -0.059828672481111 0.0658288103710722 0.422361608878904
-0.0768018421556147 -0.0348695499393458 0.0325090960974773 0.171764930470099
-0.0516983104545816 -0.0338581868398275 -0.0604824057938202 0.079687264751072
-0.0666608590393775 -0.0246279130495678 -0.211470501476995 0.096742314777241
-0.0898397608414981 0.0039118024034796 -0.272929970501628 0.238140908302375
-0.104220501026139 0.0333290608393391 -0.227575305313954 0.325013951808066
-0.0909026951713213 0.0471682065627858 -0.187567746777041 0.331378374310908
-0.104058118273958 0.0480975855145281 -0.197653048243058 0.298850734252994
-0.121910177303348 0.0117248053406708 -0.214014845364733 0.226643627679111
-0.100427534420245 -0.0354572837851076 -0.197895726777443 0.108831507901245
-0.0604339336643106 -0.0692178821655352 -0.1033082833557 0.0448832133943384
-0.04425409081067 -0.0562768246561211 -0.0272429939307473 0.0408330836768701
-0.0554641459813856 -0.0703372832947601 0.107106065441397 0.163807763782054
-0.0797187270940571 -0.135161894199388 0.117665307541604 0.378564603077075
0.0521412196992661 -0.153100612557053 -0.230475528806648 -0.381773320598288
-0.0131004398409265 -0.149933500959306 -0.204792598881009 -0.204811305594846
-0.104900581986066 -0.0887917952821372 -0.0258489296279785 -0.0226530980906847
-0.117135216016355 0.0128573102274399 0.0806767974978319 0.00462041476600475
-0.0550953276006133 0.0705044286755265 0.226053332028569 -0.0690792891193805
-0.0152458932239298 0.0645905143178039 0.257802178230485 -0.221314366377434
0.00975599741859621 0.0905741276491176 0.201626154277872 -0.322712145072086
0.0168583991308217 0.0877459516284615 0.147953811230534 -0.339741500256329
0.00763457396342704 0.0983086185890234 0.164312379876472 -0.340525427176925
-0.0297904707147348 0.0878323805915027 0.196226057853713 -0.263723620312096
-0.0719625181848014 0.0839737202924492 0.176852604241679 -0.132263803744448
-0.14196369557581 0.0304003194509013 0.0290300373321906 -0.075654125327614
-0.123309184390208 -0.0707759696043903 -0.0744797440918805 -0.154322277623285
-0.0260343613037198 -0.105106708714905 -0.129486008087731 -0.343764665210133
0.0305072678830103 -0.0909977114727422 -0.0584221662199266 -0.56669387674928
-0.022045603885829 -0.357480484099439 -0.218005848585362 -0.303032541177319
-0.0848732009664843 -0.321180028000465 -0.185859003019776 -0.178915218970972
-0.236170545309955 -0.227577796687695 -0.0294133764817728 -0.0050305382571624
-0.283168528777061 -0.0604637225142279 0.0648389214427825 0.0477646427575208
-0.21612933738806 0.0959574271514906 0.226993761257104 -0.027180682689526
-0.145878216832517 0.149308702630314 0.260567061361689 -0.167371877972671
-0.0875881344478004 0.22397456048171 0.2099742974269 -0.269462478338678
-0.0422524143039894 0.222728970075497 0.136075543776896 -0.281390473333201
-0.0544490374434915 0.244977407987142 0.136322558649982 -0.284898238668827
-0.133087846173576 0.199679191084022 0.161943212822982 -0.212185145879118
-0.19593198525691 0.163236160023723 0.143433279645352 -0.0931945170611866
-0.316419452772498 0.0494199375387054 -0.0082223056109624 -0.0382766805955537
-0.307432294559648 -0.128287914436703 -0.123164961982617 -0.129587667584752
-0.153077722272048 -0.26139247249605 -0.181057837047475 -0.313939617403157
-0.0510747954707903 -0.308318049183322 -0.108961366579056 -0.514122306140895
-0.089386144843976 -0.521616382852857 -0.197798237800121 -0.163978756735547
-0.149726408310349 -0.46629517600764 -0.154771618056255 -0.108023615069122
-0.346294448199194 -0.354178127278517 -0.0248526125163326 0.0198782298367259
-0.43102252704119 -0.138652719799355 0.0440967173514976 0.07796849159729
-0.365666524621917 0.103573665458739 0.191726658502249 0.00730943828519395
-0.268720467217253 0.211318569037987 0.216981697262624 -0.0967801899935978
-0.180697408018549 0.324883546738315 0.180663879284006 -0.178741906335263
-0.0945005704821402 0.325502227749281 0.104495722693755 -0.180642249313483
-0.098921691011611 0.357916266230651 0.0940103810436363 -0.184710626732103
-0.203848266593127 0.2939311720154 0.114920669251659 -0.125484087214525
-0.281964987313878 0.240727175160079 0.099930748350479 -0.0356077537398896
-0.447654638797105 0.0916325215668637 -0.0352427487893013 0.0115420291352898
-0.46029657857295 -0.142146279532036 -0.147149206985037 -0.0821567839327077
-0.277369824087021 -0.362013197979226 -0.190704818953786 -0.240874936259335
-0.139814369062966 -0.473745333543578 -0.120152122678272 -0.393623495100229
-0.15078332561772 -0.613558740105121 -0.168710431731024 0.0201897253609594
-0.212766965567383 -0.552306166398964 -0.111802313246369 0.00592462669085153
-0.432795763999746 -0.42988265159678 -0.0101956893622102 0.0568981256093831
-0.537371572279375 -0.185393932572021 0.0211215584265463 0.0970857768150133
-0.470047749425353 0.106047103181246 0.119979881450441 0.0371928478355191
-0.352836138199179 0.248922689588155 0.129695753242656 -0.0114241515368493
-0.245593790626049 0.380403957959194 0.117509824064581 -0.0590946278990285
-0.132119968951306 0.38110595418175 0.0581053968762878 -0.0520838443063702
-0.12784119433586 0.416572281541144 0.046883811116569 -0.056251556806694
-0.243017080318133 0.345249186129106 0.0637580278162401 -0.0129420498448186
-0.325243378703712 0.283920722040385 0.0520449860038982 0.0377121731738256
-0.513235465859942 0.121747374480857 -0.0506425656032174 0.0653288538777624
-0.541565403488714 -0.134570867099664 -0.140591909725697 -0.0261899211477388
-0.358967358067815 -0.40309649194441 -0.15251069544699 -0.14590651328547
-0.209706847318228 -0.559342993152523 -0.0905442030335941 -0.227034734631425
-0.198650610260202 -0.611301063894106 -0.125673710464722 0.219892276116601
-0.259689011796167 -0.544279314609259 -0.057354536902804 0.142821503440187
-0.46069938712341 -0.423615359602983 0.0081337380565209 0.0986631089700412
-0.554037836059325 -0.184790709054524 -0.00757088560305859 0.107710615339549
-0.487151693894378 0.101925341859618 0.0214618790254843 0.0675394020790679
-0.373816316321145 0.248968399573894 0.0158278350583531 0.0823468991321097
-0.268324049354122 0.381497865998932 0.0333675432935171 0.0723821812002815
-0.150107422123607 0.376575447930685 0.00285423911165736 0.0843465465747588
-0.144761897109337 0.409090826007227 -0.00139734250874226 0.0787734249627854
-0.255558406964011 0.334093769264805 0.0104682577323803 0.102878582435281
-0.327057773661403 0.264714245585309 -4.62681625693412E-05 0.109845671086684
-0.493503965759741 0.104691654121473 -0.0607606848988791 0.10659504854681
-0.52485747265831 -0.127268365860453 -0.112961367215223 0.0209241471497357
-0.362452907358672 -0.387981341496183 -0.0760947557101332 -0.0491270811266991
-0.234963580197779 -0.558621012303348 -0.0260853839593889 -0.0445410105115383
-0.22069649770615 -0.510725114096743 -0.0692769504996046 0.398756812872429
-0.265496957932234 -0.431019850875626 0.00565536738621357 0.268101059865739
-0.401196315408461 -0.326555907850047 0.0235328896819903 0.13378280699099
-0.456540048582919 -0.139948390905285 -0.0349585121043678 0.108870109969182
-0.404772255032152 0.0818187823386946 -0.077918299794057 0.0962605472421343
-0.321044436656271 0.208514037765467 -0.0966057922386991 0.169173514378441
-0.243011019506426 0.320510413483314 -0.0533123691365592 0.196290383988472
-0.145802186306886 0.315856822605349 -0.0530027916150718 0.2076823846449
-0.147417741753063 0.336157349226982 -0.0525592221721593 0.197333940292932
-0.242949390174841 0.261708836335331 -0.0499712554357775 0.195768253004693
-0.2912951759647 0.184032171570347 -0.059566935186262 0.156418625805521
-0.39709087770545 0.0419426248877984 -0.0731251295769146 0.11975158868081
-0.409554365982206 -0.12615761821667 -0.0792705271812428 0.046917776564406
-0.288404456594162 -0.322146649722734 0.00978458174756051 0.0344444494356752
-0.2120619900204 -0.474183514184853 0.0492280124181762 0.126813828948441
-0.204233477412954 -0.327017881332304 -0.00455092264004132 0.52271446204601
-0.218438053750941 -0.244416365009181 0.0717170941758588 0.354397416957765
-0.262713450841437 -0.175922672129264 0.0398608420614837 0.154414226366271
-0.27364782407027 -0.0754250334585932 -0.0476834572625228 0.101439615264596
-0.250256786435873 0.0449756845208417 -0.152143565797797 0.117532372917887
-0.216010216652547 0.131019093516096 -0.180258042709654 0.233772089293614
-0.179730630956061 0.207177333205949 -0.124531561357305 0.291726870529348
-0.121258700907881 0.206088295003348 -0.100912291054151 0.297705476402474
-0.133031396737557 0.215363041033596 -0.104224973664607 0.279172639104366
-0.197571863965973 0.152575400297168 -0.115006373369988 0.24466824073157
-0.215002024184504 0.0768441049256007 -0.121599601936303 0.162524092537361
-0.246812942348983 -0.026538485419355 -0.0867029894651762 0.0998517643975951
-0.23429084168572 -0.107192517880054 -0.0494426263282161 0.0520481386623487
-0.175588852603118 -0.211722886000784 0.0795905012328888 0.100172296057607
-0.158139284081887 -0.322263836695529 0.113489731485983 0.265583153431885
-0.144848716362904 -0.0967463313136984 0.0556518065914927 0.57083539183081
-0.120080269852596 -0.0304725163584944 0.13413742923435 0.389915389471877
-0.0782177460893889 -0.0192992692183979 0.0623752305994585 0.155757483302022
-0.058179660007915 -0.0218707730633431 -0.0411247587103508 0.0834067611037037
-0.0719270127460658 -0.0102331009891757 -0.186766721870753 0.12536138408829
-0.0876073294851495 0.0277376486657614 -0.220561200092032 0.267732029323464
-0.0950963403935675 0.0588473677844141 -0.165723562137761 0.344991930036109
-0.0785218950004736 0.065200758361616 -0.132447581913246 0.343568106310886
-0.0898115436083284 0.0694917092425449 -0.150785275169799 0.313951172608633
-0.114046130848729 0.0358027067688489 -0.174992137283814 0.246961848715715
-0.102544382964581 -0.0154497330802991 -0.174425696747977 0.131126731974628
-0.0709027956914395 -0.0552193654875497 -0.0926401663517074 0.0571333625477985
-0.0518582907204854 -0.046820064479483 -0.0220075440523027 0.0469429092281204
-0.065213533615575 -0.0635852710430571 0.123725644941267 0.148277082551275
-0.0950388514763485 -0.124252800337016 0.158282089211897 0.355794390414288
0.0445689506601984 -0.146863985323303 -0.235094522481069 -0.360203678643915
-0.0173444152662861 -0.142725282714453 -0.204101168126709 -0.188868319683932
-0.103146204068305 -0.0816334159425533 -0.026547871501426 -0.0213974400712897
-0.111279650985295 0.0148984787230111 0.075666806961451 0.0032088268161841
-0.050755346460117 0.0689945500107914 0.21311139247625 -0.0751022228815569
-0.0146066824027171 0.0635674860727679 0.238054338212612 -0.223992691719432
0.0140455815112361 0.0855384728425397 0.181452439926018 -0.317950318341463
0.0195915782731548 0.0830367051996879 0.132835060869272 -0.330906170484662
0.0105493496517211 0.0931021525502829 0.144960819535354 -0.331457612381742
-0.0249121732480109 0.0849737774624221 0.177250520369524 -0.260960154883322
-0.0656714787560589 0.0833031341703278 0.165351406301546 -0.134344504360592
-0.134204174104318 0.0337731653277172 0.0259438584371122 -0.0720237092691565
-0.121224089045511 -0.0632092231665393 -0.0753830000489368 -0.14570906156751
-0.0279395018494368 -0.099151147623269 -0.133997134988166 -0.326466064041879
0.0260594561107724 -0.087056480960384 -0.0761432575546634 -0.539896098616292
-0.0349993905735773 -0.339601193391019 -0.218393701112537 -0.284809684743078
-0.0921581828018408 -0.304395150264318 -0.184042438430134 -0.165794306306423
-0.233501393412942 -0.210080601753509 -0.0299518075220216 -0.00455550671250558
-0.274637956582225 -0.0493965883109938 0.0620351577483752 0.0457741660308529
-0.20445779511333 0.0986424948280953 0.215208459501674 -0.0346203607265831
-0.137683326228529 0.149423702149087 0.243544541388062 -0.171451022493817
-0.0739990833490043 0.218060520241654 0.190458098244314 -0.267665146523547
-0.0322760948621086 0.215323388777033 0.123918324769847 -0.273760546473919
-0.0431161709723382 0.236027963075906 0.119965236198085 -0.276487401535684
-0.121597303158775 0.197901427816281 0.146803415158085 -0.209206292095955
-0.182633855093021 0.162684949591354 0.134655117679902 -0.0950441858263248
-0.302889738112719 0.0587199089180296 -0.0094533680209125 -0.0346393799839559
-0.301314175757371 -0.111975070369938 -0.122205504754113 -0.120104246708315
-0.156981069415778 -0.246099056080572 -0.181793479425821 -0.295933650052463
-0.0617738969731182 -0.293266960546217 -0.121242139470749 -0.488741295941743
-0.107449362559695 -0.494398703610804 -0.193927937086108 -0.151319127265437
-0.158696597316277 -0.443165956044636 -0.151097024975335 -0.0996684791048082
-0.343505115239441 -0.327955538290869 -0.0245891176006534 0.0185581456801242
-0.420250512204471 -0.120055480906667 0.0429895507187014 0.0755967393493378
-0.348627359828989 0.110484713238783 0.18212496786311 0.000152629137018155
-0.25355896480709 0.214819576179443 0.205322568402199 -0.101505590866047
-0.159019454566219 0.320276084840196 0.164844134830133 -0.178675511494895
-0.0783481833115036 0.316443682258366 0.0961661908259278 -0.175275774712558
-0.0810622057168625 0.346041343148354 0.0832846208214831 -0.178410761909013
-0.186010569194269 0.292014105836831 0.105294475237051 -0.123460082088813
-0.264398717560549 0.240853804385471 0.0944295233077243 -0.0373617540576933
-0.42924492058597 0.10558867801031 -0.0339099710521323 0.0134653404783864
-0.447939232689122 -0.120814577261644 -0.144921779383649 -0.072511194479436
-0.280869949960065 -0.341192723219244 -0.189771993573041 -0.225031320767332
-0.153552392954385 -0.447608550707831 -0.130747750461697 -0.371949730604653
-0.169251388540112 -0.579077000894798 -0.158597268539186 0.0241780641207968
-0.223768676540123 -0.523538306657578 -0.105726788307276 0.00857653434172953
-0.430551391259375 -0.398286052176178 -0.00904568445478513 0.0542261850386082
-0.52682757707005 -0.161130874688829 0.022347884926478 0.0948041361993957
-0.448274688884837 0.116694388147809 0.113489553474216 0.0314332371743845
-0.330735158359543 0.254930739348816 0.125209548810691 -0.016154072505628
-0.219233819471598 0.376924906126408 0.108125048546776 -0.0614535645646899
-0.112307102486063 0.370596377353349 0.0551616288864348 -0.050007215527843
-0.105054278736665 0.40347002272862 0.0427829771619993 -0.0542861068134512
-0.22093540703582 0.343921580292362 0.0608523952125588 -0.0138953419129798
-0.303168721602317 0.283520964406543 0.0506841604554009 0.0348026158526429
-0.490184937027511 0.13682504934755 -0.0468587130014364 0.06544285605536
-0.527455397626297 -0.108794005138108 -0.137542921118268 -0.0180733726995784
-0.361180965023201 -0.377174856026995 -0.150025508143964 -0.134570098275016
-0.224412299334848 -0.529386743939566 -0.0946231328045606 -0.213786308795179
-0.213769561307144 -0.577394904962917 -0.110594855494455 0.214604188513984
-0.267670382106239 -0.517432216207653 -0.0486919318019452 0.138083804377548
-0.456954163540447 -0.392261343568347 0.00978601388448068 0.0936659108794047
-0.543453980846016 -0.16016620849377 -0.00406726050604542 0.105132104954386
-0.46773316580202 0.113892414723326 0.0211991978711987 0.0643186380684605
-0.351584783756855 0.254766958615522 0.0199118807234346 0.0791939523415092
-0.240302498822993 0.378786323386822 0.0316740140174759 0.0679773290328952
-0.129335060772508 0.36743257309374 0.00604716115345936 0.0830445607668771
-0.120560091478425 0.396667715341292 0.00124008891589476 0.0762783131400463
-0.234033325894711 0.332905421239114 0.0138388391364085 0.0996558462962279
-0.306421224973408 0.265040935148299 0.00308155356179774 0.105894248110861
-0.47318802542125 0.119550966070617 -0.0555032276848191 0.104541570350922
-0.508205081684928 -0.10317238534537 -0.109288024793478 0.0262784614533388
-0.36510551490963 -0.360722231418021 -0.0733974527212799 -0.0438575896545517
-0.248503555504005 -0.527711076173201 -0.0256964828859553 -0.0407658031295211
-0.232209593162425 -0.481345026675251 -0.051371181311747 0.384790498248065
-0.27032033707795 -0.40899923812674 0.0150389954079934 0.25640940431504
-0.397146309175851 -0.302759799000807 0.0267385485288662 0.127378828437969
-0.449422544797201 -0.120080334990524 -0.029915014602351 0.106228636492338
-0.387819844253231 0.0915100190014792 -0.0733138395511704 0.0963098131885311
-0.302492889032136 0.213658244737536 -0.0847503369365572 0.166916742063468
-0.218919514780328 0.319576082931442 -0.0472059586807388 0.190441443510624
-0.128512042304121 0.309400284688369 -0.0444284036164958 0.202525945664521
-0.127382487155759 0.327699449511454 -0.0440629042654238 0.1914640721712
-0.224002418424416 0.264315098097334 -0.0394143562052135 0.190345312263318
-0.274812586271823 0.186369832241878 -0.0520514124614886 0.15285317322563
-0.382893651093915 0.0568422282306219 -0.0666217756376248 0.117169562589153
-0.398582646222111 -0.106460491292935 -0.0764411150797345 0.0507460867048189
-0.291701155938377 -0.300915980420524 0.0112446574591669 0.033620887030556
-0.223870882714896 -0.447569253645999 0.0523069732062123 0.121168495649022
-0.209731186720102 -0.306884937079851 0.0133140583701017 0.501293377523678
-0.218171191415801 -0.229437128990672 0.0809125232546531 0.338104119411835
-0.259458967497611 -0.160995684222182 0.0437179665451672 0.146872606924679
-0.270108745118883 -0.0632574191530965 -0.0414963282561804 0.0986343944137359
-0.241018624928844 0.0506940495478016 -0.142169232783141 0.119495583187084
-0.203009801692324 0.134374293936595 -0.163127231010191 0.232926636047474
-0.162844847819518 0.208833846240194 -0.110749070693983 0.284729435125395
-0.108629371052832 0.202591291123289 -0.0881885000467069 0.290470143894755
-0.117574647087809 0.211946553931749 -0.0912196762482592 0.270585557426122
-0.184248597666904 0.157646293456461 -0.0997820375003754 0.239501711651355
-0.205215340811645 0.0814661677564891 -0.111571376474383 0.160740419631106
-0.239664157287878 -0.014600825752424 -0.0806223703487799 0.0984578618104699
-0.229543077471538 -0.0939634720835209 -0.0471773776065324 0.0547757599033799
-0.178602916975447 -0.198655060655792 0.0801926803369293 0.0943183912407573
-0.165924761221393 -0.303629916881602 0.119138386821779 0.251891326948242
-0.142981800423565 -0.0889816082064386 0.0722637408278331 0.544811929640159
-0.116601452563858 -0.0276274865587875 0.141483969477278 0.36942436645832
-0.0767061529474315 -0.0171158250917866 0.0658066046519693 0.147551894687202
-0.0588315222208123 -0.0193138943347598 -0.0361383807162826 0.0795886252957772
-0.0705378605840676 -0.00829606023337259 -0.174896695865957 0.127741675853783
-0.0831882852063931 0.0289944437952622 -0.201262213055968 0.267374775782499
-0.0885857906186284 0.0622288845278139 -0.147737007896551 0.337192370588676
-0.0722603154307533 0.066632051039577 -0.118314952569013 0.33427617014919
-0.0827030974991365 0.0708339418760434 -0.133701347280856 0.30639128731932
-0.108081686058059 0.0415173179713793 -0.157407063229331 0.242869721517949
-0.0997546079905797 -0.0102045227141731 -0.1624780460692 0.132084669851028
-0.0711319007234778 -0.0488815692777574 -0.0877410702340888 0.0568798543832425
-0.0520587172116502 -0.0430001631620403 -0.0203858033374544 0.0483552669600255
-0.0669185083406136 -0.0597569987379953 0.123246531353933 0.139522843605743
-0.0987358871153345 -0.116830191459883 0.166033596952529 0.336924025354633
0.0421677010957899 -0.140439266584226 -0.23206165633742 -0.346709530614398
-0.0170282500487095 -0.136516119364087 -0.199251218178038 -0.181812769419874
-0.100244767249443 -0.0778395124933606 -0.0267432279787834 -0.0207023917781118
-0.107309046808008 0.0143151601238638 0.0718784009437053 0.00417838081728731
-0.0484305983196915 0.0663124499563976 0.203845707280379 -0.0757002494159438
-0.014535915388086 0.0622080588900308 0.225293548764313 -0.221636136160733
0.015204472690882 0.0812232276758283 0.170449392335409 -0.309798736377438
0.0207355330681357 0.0799926391823795 0.127399294907161 -0.32208261447259
0.011161872567764 0.0887759654866116 0.13584101737991 -0.320582930871866
-0.0232068650889357 0.0819600960385392 0.167021773962118 -0.2541428250902
-0.0620353282997976 0.0807163470612051 0.158373970946983 -0.132427353934084
-0.128959210139321 0.0336805853401411 0.0248061711519268 -0.0683687947281811
-0.1180390656347 -0.0590732190822643 -0.0733733034215592 -0.141648594112816
-0.0270172747973905 -0.095220243513963 -0.131827184916292 -0.315845249985276
0.0247892704373699 -0.0835986789202284 -0.0789719894390616 -0.522039284085617
-0.0386598982785371 -0.324557643311325 -0.21371376937837 -0.274417106509395
-0.0922591324490575 -0.292286199419347 -0.178368419119289 -0.159110154939485
-0.226126746635281 -0.200815877117903 -0.0308828269682009 -0.00489999319854149
-0.267581371433258 -0.0469742581773304 0.0592426325944921 0.0457665465905375
-0.197770819178283 0.0962628906447783 0.206007934262744 -0.0359575820372633
-0.133084161005629 0.147877781037456 0.232912433365545 -0.171017998292939
-0.0678788363459126 0.21151503940787 0.178628388003894 -0.260834724939916
-0.0284982492460857 0.208298871956817 0.120155606644739 -0.265100681081095
-0.0380045812252741 0.227623170813457 0.112567763379596 -0.267139453717011
-0.115313275223955 0.193835523798608 0.138535095548521 -0.203754731138445
-0.175949300109304 0.159452279383837 0.128686876758378 -0.0942750132101229
-0.292836306106487 0.0609551648984074 -0.0093902175088996 -0.0325416390116379
-0.293005708091358 -0.10428377180351 -0.12007560140462 -0.114784177840284
-0.154826657981347 -0.237140369385723 -0.17735085683116 -0.284967651629253
-0.0637923062165602 -0.281591984784622 -0.123033163285818 -0.470237704573215
-0.109571686586438 -0.472847817068899 -0.187062659106319 -0.145961718067552
-0.158152033698839 -0.425803120308098 -0.145840203402 -0.0964063746224908
-0.333823424717336 -0.314690707839485 -0.0258836199826295 0.0173299472602825
-0.412763739179614 -0.113278365593938 0.0421851423166569 0.0755438597626346
-0.337944179856441 0.108598305129158 0.17389690182603 -0.00110849948390182
-0.24519111622602 0.21305595907243 0.197619748820272 -0.102115198268769
-0.147564670395647 0.311922873832619 0.154629257879487 -0.174304157925465
-0.071869833166715 0.307803412050005 0.0941704965608155 -0.169464769234899
-0.0734347329677558 0.334382024398557 0.0782252960644994 -0.172058140341534
-0.177118937817982 0.287029444142122 0.0999820469196374 -0.119668781506614
-0.254665550889739 0.235362670977172 0.0905358710016056 -0.0368695695772022
-0.415347814705849 0.108023406513462 -0.0332233011580229 0.0149269541802086
-0.43606623997734 -0.110402578653762 -0.141094420462431 -0.0676525517718043
-0.27804530121134 -0.327475836031918 -0.184414639347491 -0.216769751239663
-0.155258826184359 -0.429625564682229 -0.129270113384837 -0.357431035454877
-0.173335231836296 -0.55605690110532 -0.15028529065897 0.0238444065041683
-0.221189570505347 -0.504560131537534 -0.100681548591501 0.00740582823868403
-0.418795418991409 -0.383427035654054 -0.010280809223174 0.0512166909013836
-0.517625267550933 -0.151599482855757 0.0229431121194336 0.0938676488137552
-0.435303547480322 0.117084908704939 0.108887817409069 0.0301439194618787
-0.320681601283192 0.251206181809565 0.122077572627053 -0.0167889053639159
-0.204111276456335 0.36900769092029 0.100351922002181 -0.0606317281858664
-0.10307510223381 0.361293007912677 0.0548497694091109 -0.0477374006014867
-0.0958040065234986 0.390231523266471 0.040128538534014 -0.0512769083872146
-0.211113562312508 0.337456493439832 0.0588807967833807 -0.0130093637238963
-0.292957934495765 0.277838532775084 0.0491111752127867 0.0341484456957429
-0.473714045201134 0.141056410222543 -0.0459325531699338 0.0642938476309057
-0.513031134208679 -0.0992315473224388 -0.134369715720432 -0.0136198787915144
-0.355731033833967 -0.362325433260557 -0.144832559405836 -0.129184386467156
-0.224892106947987 -0.508428459245501 -0.0934040551801985 -0.203949888696851
-0.215755292288276 -0.553226012392811 -0.101998199504499 0.207519253618714
-0.264995466874202 -0.500225824488313 -0.0447411080020275 0.132547073040307
-0.445267199480012 -0.376179357850631 0.00870398691555809 0.0897372614580248
-0.535361390214361 -0.149175896984918 -0.00247933016049625 0.103553230376666
-0.454493931305518 0.113742519795721 0.0198626642998169 0.0634841979132249
-0.339079289856482 0.253258925098313 0.0221234463494124 0.076115809037037
-0.224727054643979 0.371183903754229 0.0278009350614684 0.0660449817272902
-0.120328174849679 0.358637346694631 0.00771125385633599 0.0816009492480123
-0.1116765585418 0.382702735987696 0.001338032243087 0.0755815807169142
-0.222489686309832 0.328756463614374 0.0157457339674435 0.0968262964408682
-0.296600758450438 0.25964617919323 0.0036346546255619 0.102846522604284
-0.458087725438538 0.124213883062198 -0.054207724847978 0.10264937453402
-0.494336558109355 -0.0921889137498616 -0.106305221376264 0.0295308274461212
-0.359462844373282 -0.347101887600275 -0.0704561388709117 -0.0416232264472907
-0.249192788857308 -0.50676864104556 -0.0253119315134687 -0.0375742738027485
-0.232403888214479 -0.461010727527824 -0.0434260900286622 0.371490755598145
-0.267456959460171 -0.394000549130486 0.0190996438042015 0.247813999016526
-0.389080184987333 -0.291283565542519 0.0261820652594447 0.12326421011617
-0.442575784574471 -0.111205030232031 -0.0266523008213904 0.104461739312758
-0.377124032621587 0.0924783203140657 -0.0702798218367415 0.094864916137003
-0.292323572560276 0.212399267551327 -0.0774430866317254 0.163432605891998
-0.205718596603191 0.313620785101116 -0.0468019243180341 0.184869684848344
-0.119520776371557 0.301870190160963 -0.0408869402774149 0.197821176550877
-0.118674924662583 0.317083303183169 -0.0407980491930167 0.186555425582112
-0.213409770915943 0.261316257951435 -0.0344646137424543 0.184612466613131
-0.266734491064591 0.183085726122909 -0.0489271944580183 0.149338668710537
-0.370702580543003 0.0608134802139256 -0.065417311007468 0.114505153181843
-0.387429265626957 -0.0980860387164642 -0.074652797141199 0.0531322954581189
-0.28823000999124 -0.288292527421816 0.0120076952752106 0.0333655275893926
-0.224794949393376 -0.430137219088811 0.0523761378069575 0.117873756926175
-0.207493582874748 -0.294336166751155 0.0187285056772056 0.483224310133441
-0.214228914261698 -0.223222183436954 0.0822511086950931 0.325508402107029
-0.254077726789984 -0.155659123939911 0.043615824417875 0.141709397787067
-0.266559177147302 -0.0580964939348938 -0.0389799088310528 0.0954357805969821
-0.23499331146015 0.0517855890935048 -0.136372614105182 0.118033601518878
-0.195756024701072 0.133492185162373 -0.15310676720398 0.228407321329559
-0.152996206792535 0.205592410801585 -0.106326692716201 0.277525599691498
-0.102859455026774 0.199362726026424 -0.0836427305440328 0.283017795662219
-0.110496015750437 0.206746582580842 -0.0859872821067998 0.26280239413541
-0.17644348125788 0.157792691665487 -0.092376625244269 0.2321416128725
-0.200104308891764 0.0814522012188692 -0.106494601097165 0.157568491757961
-0.232971411381125 -0.0101305097651028 -0.0783390044208247 0.095821061297857
-0.22367209155134 -0.088411185184446 -0.0457087598121683 0.0571080112583853
-0.177723970774705 -0.190384363953428 0.0793134768858988 0.0911897083430869
-0.166685454930497 -0.292391159856706 0.119425055378335 0.244058744146924
-0.140355608911746 -0.0853965132073095 0.0748493003313781 0.526744893570701
-0.113616584844587 -0.0276149467077168 0.141165809320762 0.356281540338574
-0.0751512603487518 -0.017214201268608 0.0656839864069785 0.141988139837168
-0.0592769686382068 -0.0174554685014677 -0.0335813543152755 0.0757047421216961
-0.0698805190789379 -0.0072088415850496 -0.167878267239305 0.126790109413162
-0.0800876408944852 0.028575316445634 -0.189942145494303 0.262106730679823
-0.0844072996449826 0.0633156126340189 -0.139405600804295 0.328045618931268
-0.0691901850115911 0.06644092542406 -0.113109097078504 0.325652340505365
-0.077804648473149 0.0706166147638339 -0.12782819029278 0.297259910399982
-0.103686458010874 0.043384939874658 -0.148442605699383 0.236093628555991
-0.0979848243494712 -0.00784199035596145 -0.15627686079809 0.129729454147114
-0.0703726569045343 -0.0447727557011254 -0.0849180659503432 0.056008773230975
-0.0521565237210394 -0.0408173690856876 -0.0195185393322407 0.0501287862197102
-0.068080956420858 -0.0577082067443526 0.121503502428231 0.134355932278316
-0.0988735683067454 -0.112830887455788 0.165799523069001 0.325921515631897
0.0421017229255887 -0.136894297729946 -0.229568047628896 -0.343554402422408
-0.0159727993081394 -0.133666980490264 -0.196188489760526 -0.181445160723591
-0.0981656017745107 -0.0770227162952993 -0.0275494979458679 -0.0204939177383806
-0.106898259589971 0.012277952257138 0.0701984675080783 0.00579885892784212
-0.0485826754319102 0.0647169616384014 0.200636258654668 -0.0757864418105546
-0.0162306953058533 0.0627116032351604 0.221517021024981 -0.220252223317475
0.0155388781609462 0.0785449642482546 0.167956970866875 -0.305950164907571
0.0207702810657722 0.0786460838989492 0.129373389104673 -0.31869783872923
0.0111263978134532 0.087443090128144 0.1355977801329 -0.316388102826022
-0.0229590895548917 0.0802643517880463 0.164061176086357 -0.251467443184499
-0.0610787149863649 0.0790355087262299 0.156636231216239 -0.131686708478216
-0.12772635568535 0.0333449894465507 0.025751458697966 -0.0664352182272908
-0.116749408878143 -0.0583139420155214 -0.0714726619910345 -0.141386477952739
-0.0251168643451253 -0.0935248650925911 -0.129165046608982 -0.313351988410985
0.0250645524955771 -0.0815450556481054 -0.0771536312178032 -0.514898254881585
-0.0378964060045722 -0.318425933969619 -0.20995169431616 -0.272292189043634
-0.0896111902748936 -0.287689264833827 -0.175743052345433 -0.15948329525333
-0.222639846302677 -0.19910620894698 -0.0317940779141851 -0.00536494566569692
-0.267347350351544 -0.0478594202009891 0.0583089961911685 0.0474993454399502
-0.197479194813885 0.0934571556628683 0.202530838949121 -0.034518308032785
-0.133663817104029 0.14863135849662 0.229388502047115 -0.170086923511317
-0.0659216772297817 0.208502074505844 0.174651451111244 -0.256815430966527
-0.0273360807131178 0.20662344257102 0.122751043530236 -0.262970168661085
-0.0383808307732379 0.223961513611242 0.112662473504955 -0.26271375751008
-0.114918631962478 0.191987549521837 0.13646175425851 -0.200894079241746
-0.175435924281603 0.157265341280911 0.127629863300004 -0.0926615526734089
-0.291255403535639 0.0603133391896747 -0.00902384503110225 -0.0308822246730439
-0.289823269416035 -0.103718179279898 -0.117896621078984 -0.114729336574581
-0.15311790718754 -0.234825845760007 -0.173786613301092 -0.284396111474556
-0.0632192623653087 -0.277313633147394 -0.120995789111065 -0.463541481838975
-0.109236215655821 -0.463577805587293 -0.18236904736852 -0.145897746583324
-0.154443223645419 -0.421324660567556 -0.143261868493767 -0.0979024970280739
-0.3295748921007 -0.312497153249737 -0.0269374260089591 0.0165954546986668
-0.411045289970171 -0.114229971871583 0.0417106293979087 0.0768111071583234
-0.3373999199611 0.106504202831075 0.170921671527739 0.000270841377761146
-0.245154225380056 0.213320072488519 0.19572810617794 -0.101312886305739
-0.144153458041884 0.308358206897759 0.149514114032911 -0.171082526076199
-0.0704884134499159 0.305153985948719 0.0965851659955421 -0.167766566940636
-0.0720764956939355 0.329470589851003 0.0784639793370278 -0.168757635883514
-0.175434970274314 0.285591965914394 0.098761090576437 -0.118122761663939
-0.2535261063013 0.232315315873129 0.0891382866402573 -0.0359710605426046
-0.412606672019391 0.108445048083173 -0.0332277087260902 0.0164320518868958
-0.432329108933028 -0.110010785247043 -0.140627648754888 -0.0664320092002529
-0.275500894366745 -0.325493898788112 -0.180797193562669 -0.216420195248909
-0.154367468644827 -0.424864817779055 -0.127179593081215 -0.352828753017298
-0.171761415636736 -0.545382251942049 -0.145537135410075 0.0206656732163564
-0.217465925877737 -0.502158332756212 -0.098164202258375 0.00468908698283253
-0.413974447756823 -0.380539387950988 -0.0116146744442137 0.0504298690259898
-0.515319444426795 -0.151741864083009 0.0232639264357875 0.0946865167927428
-0.433723604089491 0.115712149100958 0.106767273193906 0.0309319139409163
-0.319890645277944 0.253054334242885 0.122456672855754 -0.0173790499178756
-0.199837041252503 0.366074029152914 0.0955328678119758 -0.0583388851538027
-0.101100937275233 0.359045951491725 0.0571483145419707 -0.0462375232070648
-0.0957806904511155 0.384108288866475 0.0402793556902136 -0.0488871838069712
-0.208497975834226 0.33730377045613 0.0587636434561426 -0.0128363257959313
-0.293643007883717 0.274498650342829 0.0481143789243385 0.0346400676127981
-0.472652295063359 0.1397953180086 -0.0466719033479162 0.0659707668744863
-0.507415418474108 -0.0980474125506016 -0.133474653625506 -0.0121887015468213
-0.353779892172649 -0.358596194008442 -0.141125897298162 -0.128798032449215
-0.225690304114934 -0.502296127709816 -0.0918530054532583 -0.200395491057134
-0.214131044946757 -0.544857424614687 -0.0985969160237803 0.202446155836728
-0.262363007485001 -0.495929863840904 -0.0421667796437698 0.129622092135842
-0.44277852542843 -0.376073675508718 0.00779843849811748 0.0898023217659902
-0.534790924399903 -0.147775425496818 -0.00109924167330679 0.104191479259037
-0.451990297100436 0.113097278273874 0.0187709267707432 0.0638705500347905
-0.338644476457459 0.253389153430088 0.0239278036635439 0.075706491039258
-0.219758025146724 0.367941557835596 0.023906313784959 0.0662585146610706
-0.118319594685239 0.356892191546651 0.00935384098360251 0.0819285220653889
-0.110389603639939 0.377440362381397 0.00134386247764329 0.0761872929348804
-0.219962101620181 0.328307323007826 0.016527457238623 0.0959513033641152
-0.295798464462045 0.258164709620613 0.0032071947990661 0.103092104231638
-0.454692629878118 0.124229679008117 -0.0550505588011109 0.102595749496981
-0.490517845784346 -0.0940101091434426 -0.106309857874152 0.032041652703904
-0.357751426696731 -0.342701113493117 -0.0678335952287791 -0.0416740987636333
-0.24938798036778 -0.500486915376542 -0.0243798553728397 -0.0354037426355008
-0.230217493002523 -0.454751298809171 -0.042204913292005 0.364812705856549
-0.263465960552691 -0.394707140188315 0.0194930427287397 0.244040437619229
-0.386766176615929 -0.29154760134498 0.0256519470494894 0.122668795526033
-0.443603954935362 -0.109952364852039 -0.0256385495492759 0.104093744191955
-0.377100971801645 0.0913299187058033 -0.0697789339343776 0.0958696109888433
-0.29053296553296 0.212147217148498 -0.0743898748939772 0.16201411848147
-0.200756278669108 0.312506633289571 -0.0492974918393543 0.184582677691002
-0.117698228079495 0.300862014453996 -0.0400980681375401 0.197479875634308
-0.11699788407481 0.312862481559108 -0.0412062828546122 0.184789787220197
-0.211106663907016 0.26164535595768 -0.0333946976745304 0.182382654816202
-0.266436789406942 0.180980525526156 -0.0493549791314301 0.148282981606964
-0.368172627625201 0.0619177244252061 -0.0662915755881122 0.114083116796924
-0.38339653486419 -0.0960442119468177 -0.0734610846713038 0.0552685652449823
-0.288372516493641 -0.285995767845031 0.0128284166066581 0.0329228661308392
-0.223875171889403 -0.425585183173383 0.0527836930388838 0.118419364614947
-0.206010093545357 -0.29045323568716 0.0178772129526018 0.476635916824574
-0.213218175976014 -0.223513734142552 0.0816634067464436 0.322262236095433
-0.254022374795511 -0.15724694270469 0.042534113883676 0.14124194228585
-0.267765240227378 -0.0570834679381569 -0.0381224558570654 0.0942503561028085
-0.234363780870559 0.0516186287741209 -0.135168149351863 0.117590176270265
-0.194996548786033 0.132783770467765 -0.149232325928951 0.226576564623495
-0.149639145031249 0.205367466451525 -0.107059969892239 0.274903748490894
-0.101155403388334 0.199194211392428 -0.0837045031520973 0.282115571864664
-0.108428650786176 0.203940384548267 -0.0864332042038713 0.260485052260062
-0.173989302049908 0.159063300736934 -0.0899521330317333 0.229255960358203
-0.199883227330245 0.0816289441741746 -0.105958199926068 0.156015045748479
-0.231577594846876 -0.00807033736603041 -0.0795834782216349 0.0946923327156589
-0.222280053911536 -0.0876396047018637 -0.0450001547164763 0.0590183820401782
-0.177797245635197 -0.188294243783207 0.0792041067064918 0.0911923193421209
-0.167209216906285 -0.288868395740968 0.118758422401638 0.24278763777397
-0.139778102304535 -0.0857598742383482 0.0721249893373733 0.519727505620183
-0.113233835090641 -0.0288334447720002 0.139695434406706 0.353198692170218
-0.0764994761919002 -0.0185741962710153 0.0658580041498427 0.140731706198584
-0.0597577003677495 -0.0166873897924923 -0.0335018334565271 0.0736695418872599
-0.0695066244876268 -0.0071960996682291 -0.165798046759173 0.125630254295152
-0.0797050085718306 0.0282287738742627 -0.186008703036955 0.260413131559272
-0.0818146092722761 0.0644119533683657 -0.139389859015031 0.325142152681193
-0.0684850887733902 0.0670569360996326 -0.114735081745606 0.323690901080559
-0.0767428651789594 0.0700206641939479 -0.128134018301227 0.293764991534756
-0.102034615802375 0.0450412328399191 -0.145705081928985 0.232306239175675
-0.0980113268207401 -0.00604803590952905 -0.154241964091254 0.128021193220363
-0.069989213029516 -0.0428031296830534 -0.0851973453257904 0.0544318506636958
-0.052691295963579 -0.0405214080493039 -0.0189720048113756 0.052420551694772
-0.0692500751615846 -0.0568955038641413 0.119971543103573 0.133416590541566
-0.099521793452071 -0.112500876667021 0.164316205772635 0.323566276142807
0.0432945115265273 -0.138107855341551 -0.235387386838119 -0.349194212942845
-0.01495503377608 -0.134875436549261 -0.201586040307781 -0.183523833325985
-0.0994528998667151 -0.0778652401430551 -0.0288512358604397 -0.020956982061896
-0.109666645601957 0.0126528566618822 0.0712125099958845 0.00649916267908157
-0.0501835484354063 0.0650440563869787 0.202023999310703 -0.0779346605644974
-0.0167954157489646 0.0653393003500686 0.221766779326079 -0.22661378224809
0.0160127084502531 0.07805973930235 0.167694582181927 -0.310611654104784
0.0225174703650351 0.0789416162164571 0.133077555800152 -0.326230004808971
0.0116268511401041 0.0882431659083278 0.136995319057864 -0.321720681560456
-0.0230593831938093 0.0813458551857528 0.164258277490948 -0.256226303258322
-0.0617755257559563 0.0802919944592936 0.15911781700511 -0.134586509850735
-0.12996088512186 0.0346287149551613 0.0275450933347592 -0.0669271867046602
-0.118590106925038 -0.0574914540857223 -0.0737336030828509 -0.145173143423436
-0.0248670620163491 -0.0951862235943797 -0.132689412849534 -0.319620154517665
0.0255201864682674 -0.0821514081662095 -0.0793922739283269 -0.521914187614702
-0.0400803533242301 -0.31994733883162 -0.213455688943051 -0.277508207091416
-0.0914825981156795 -0.291290549863828 -0.18000631727748 -0.163419629529844
-0.226482528675496 -0.202292407143508 -0.0334234452040518 -0.00469205526198926
-0.274735584168999 -0.0479906156444343 0.059734847643622 0.0498216908424735
-0.201861560397945 0.0957092410383522 0.204420636200108 -0.0366564879069504
-0.136446729803823 0.154556873052568 0.231020888479795 -0.175569679140416
-0.0650741505063278 0.210974881567064 0.174180828365878 -0.260567502034537
-0.0249789968826855 0.21079885251528 0.126535976843943 -0.269547418752244
-0.0377699049298025 0.227956814056623 0.114106017051511 -0.26656151068124
-0.115424164929329 0.197239274487865 0.137147477282953 -0.203800916144508
-0.178141872002345 0.160777397636433 0.128506887334225 -0.0952019340190068
-0.296653115669122 0.0640509315993889 -0.00910501097614383 -0.0300752659377288
-0.29523232091715 -0.103198201787808 -0.12015685265219 -0.116908807329128
-0.156914706299978 -0.239433233569172 -0.177963081743829 -0.289726579110051
-0.0659083872634123 -0.280832490184111 -0.125300928336201 -0.470291423814356
-0.113455478863248 -0.46605626999194 -0.183745193408395 -0.150568666881246
-0.158734198063839 -0.42757034266581 -0.145503056631236 -0.101200682645587
-0.335823080043423 -0.317412872015809 -0.0284468022677831 0.0173860852363766
-0.423010929340237 -0.113610656193604 0.0435855129562714 0.0799707536968768
-0.345400540773797 0.110713996725932 0.17309933188009 -0.000205282215458916
-0.249160602003177 0.222190463200981 0.198269612424396 -0.105225787512161
-0.142749512284846 0.31436302759271 0.147923661466518 -0.172566622624783
-0.0678932737722058 0.312008190423043 0.100681036300245 -0.171879824465424
-0.0720704345569057 0.33435304411208 0.0798124457322018 -0.170309717164562
-0.177563520853436 0.292931259894241 0.0996525468848019 -0.119277077784915
-0.258746908392546 0.237996500948935 0.0900531139193057 -0.0362779395694055
-0.420453535825542 0.112775281513642 -0.0343227809851059 0.0183423377166347
-0.441147273654053 -0.109736340197277 -0.143242014451918 -0.0665881122575901
-0.282553114542479 -0.329493025527918 -0.184351596004633 -0.221189870874274
-0.161702124889755 -0.429483776371694 -0.130746777319494 -0.355835103622361
-0.176802877387808 -0.54971527236421 -0.145738920284229 0.018262832212714
-0.222770484046722 -0.508563814653233 -0.0985528909545431 0.00272230040357972
-0.423732014606626 -0.387332838561728 -0.0120899526662605 0.052029554280694
-0.53077467208893 -0.151280033062921 0.0252358844022417 0.0977893324926714
-0.443639028896454 0.119611990444607 0.10835078636477 0.0324620334905977
-0.32664302317368 0.262586038610282 0.125522507417108 -0.0189820282824269
-0.197470243878656 0.373204587256819 0.0930256345256647 -0.0576055981153801
-0.0984329840116439 0.36689878988285 0.0608628007610392 -0.0480418962652683
-0.0942117595341933 0.390717135316199 0.041575494383503 -0.0480157509470827
-0.209990848659494 0.346704326341051 0.060093261421067 -0.0125328000712229
-0.299603523441602 0.280808038366423 0.0485647165290983 0.0363047040816949
-0.480959591823808 0.147044727033806 -0.0481302254858528 0.0690831433549611
-0.517459307006691 -0.0970867624728131 -0.135621634279736 -0.0107393495289841
-0.364176629559256 -0.362899851027312 -0.143174174672197 -0.132386939244463
-0.233633160716237 -0.508199375031595 -0.0937736526518598 -0.201484108738034
-0.221183714690403 -0.549110930825407 -0.0970193932411808 0.202601778862998
-0.269074264109134 -0.502895068033075 -0.0407658760504091 0.12947991189531
-0.454289650617725 -0.381795546934074 0.00897633232401103 0.0916556540550623
-0.551371665400473 -0.146670172743022 0.00104720094121926 0.106378801051355
-0.462832500845347 0.117910301350538 0.0196126339189864 0.0664180437438318
-0.344799789821374 0.264702522913764 0.0272084468120794 0.0760258535827885
-0.217771265489632 0.3770787246744 0.021179087133391 0.0696837387533689
-0.11614385517365 0.366113773673387 0.0123635433236894 0.0831956367287716
-0.110126005949074 0.384740246684072 0.00220558399881195 0.0788996440676999
-0.221499683504429 0.338188560955469 0.0179470714279075 0.0974525939370277
-0.302819887675982 0.263550032280233 0.00291785226002304 0.107033120445967
-0.462916306218374 0.130543343082367 -0.057158115937485 0.106961349405351
-0.499999379799524 -0.0918524518933989 -0.107319139608592 0.0347862645399474
-0.368460443373283 -0.345876796954742 -0.0679526834263738 -0.042903841343682
-0.25712736725287 -0.507109075684688 -0.0238499005076166 -0.0337808416440087
-0.237390576812314 -0.458930761296998 -0.0394625539591465 0.367502648340587
-0.271624969160269 -0.401642464697954 0.0227847573595678 0.246462857509368
-0.398348895993129 -0.296440793797113 0.0273330548680199 0.125296271813456
-0.457356516298284 -0.108319336954826 -0.0238540519166257 0.105719184424096
-0.384494681042607 0.0966526763015543 -0.0703456700694635 0.0982256596919243
-0.296226045879923 0.220360784328736 -0.0727200298322531 0.165206746501994
-0.19895411721022 0.320256510796095 -0.0522877747371088 0.189210293798524
-0.116194310939475 0.3094697822284 -0.0389626696880319 0.201765509779573
-0.117004278222417 0.319006646460298 -0.0406652829509278 0.189290870002253
-0.212673691211978 0.269812520074427 -0.0320244482956746 0.184731437299218
-0.271594525340062 0.187056302447128 -0.0496578416799217 0.152559653046509
-0.375062873334841 0.0664370660852572 -0.0686811006457135 0.117531126114221
-0.392112773701491 -0.0966137578414419 -0.0741364957532142 0.0596253469701411
-0.295999783193393 -0.286894962702447 0.0149993253043811 0.0324133036268509
-0.232374218098109 -0.430518269394733 0.0556041290911564 0.122009871682934
-0.211626345012258 -0.293531806153104 0.0212268436934518 0.481022766653748
-0.218971587754743 -0.22811293658794 0.0867174833840023 0.326750288770745
-0.262211433232273 -0.160244861650669 0.0455737459563359 0.144269034042632
-0.276605970491632 -0.0551541793521175 -0.0370034424466674 0.094931579849433
-0.239425003051081 0.0546543019278852 -0.136038737401522 0.12129699813603
-0.199248444396347 0.138052905163273 -0.148236735397 0.231516961378567
-0.147991188429339 0.211255528281857 -0.109538832268 0.281861882305141
-0.0997779860641768 0.205107124554091 -0.0837529447886828 0.288322361308287
-0.108534687638895 0.208175108956314 -0.0874684553814712 0.266085820625298
-0.175619822003179 0.164744136932871 -0.0898103901786538 0.232379191295514
-0.204314338486633 0.0857936232534404 -0.106821529229441 0.159800290019919
-0.23612368175362 -0.00530820348267406 -0.0816353897055895 0.0975234284619833
-0.227505537207465 -0.087713600337516 -0.0447981013324593 0.0633896265487139
-0.183948630512412 -0.189956439224182 0.0820165505756534 0.0920937398793349
-0.173767998970053 -0.293042926500446 0.123411393949865 0.24745014112297
-0.143481960175945 -0.0865259231763262 0.0741927655738789 0.524996403393919
-0.116121822121052 -0.030711594646998 0.144793111237597 0.35815602857545
-0.0799543721255519 -0.0191188846030509 0.0691835614067892 0.143006106535574
-0.0618713728249871 -0.0158425839886411 -0.033337158656943 0.0735011229417699
-0.0706319053440523 -0.00675778316871485 -0.16712087866734 0.128941254343139
-0.081110798047691 0.0291998247661743 -0.186170794946732 0.265403914313893
-0.0812262249802615 0.0676957441234472 -0.140473612017491 0.331468422996702
-0.0684891086161374 0.0703250847662525 -0.116478956586923 0.331983799160306
-0.0767624289692093 0.0726346449626673 -0.130038666198141 0.300027339004271
-0.102372151745494 0.0485187573467979 -0.146794203890943 0.236209348805266
-0.100475572785898 -0.00418745007392722 -0.156031910261232 0.131264269832632
-0.0714070769689465 -0.0415236835276567 -0.0878754242813137 0.056145182939897
-0.0554538326997966 -0.0403686816373802 -0.0178267704707441 0.0557752754510821
-0.072966996702213 -0.0569628472539836 0.124155588223688 0.135457665708005
-0.10403836947097 -0.114695785886779 0.170050216715665 0.330385727536514
0.0208016680768258 -0.140836035895282 -0.255149585280263 -0.335981591352023
-0.0337967164348932 -0.131149202336669 -0.21292530518075 -0.172966235432157
-0.109255632885256 -0.0660554524128141 -0.0234150194931468 -0.0264695619932841
-0.10935477364299 0.0257884367376735 0.0743677107511826 -0.0073609279514202
-0.0427403276353729 0.0676199587310443 0.193590377124436 -0.100905953381064
-0.0118000206547051 0.063534694671669 0.201667606767195 -0.250989824663549
0.0250661040497263 0.0736423311380735 0.137443092030758 -0.334008487441901
0.0285953499622794 0.0752799737428276 0.106986392407398 -0.347684067907641
0.0224546183081468 0.0877088804427389 0.114979908368002 -0.348373341180012
-0.0140534203635657 0.0872085205849041 0.149708909613872 -0.283722514806449
-0.0525153996016793 0.0891222724606472 0.155463685548689 -0.157653592879082
-0.12764003952244 0.0511902473916171 0.0277121051520565 -0.0759705158252592
-0.123302151415957 -0.0469367798935747 -0.0842387407311792 -0.146866852181712
-0.0268379448721008 -0.0968895010941873 -0.170080300990128 -0.320413927991941
0.0275229323807067 -0.0879071429311502 -0.12205458188931 -0.534975939592568
-0.0838392796784346 -0.31080043237526 -0.211361759240883 -0.271307742312127
-0.128296685316066 -0.279060187659593 -0.179505994382424 -0.159055098365469
-0.253637194491941 -0.176307247107021 -0.0156207455415093 -0.0194568593303417
-0.284382095175756 -0.0117718559191285 0.075131787775705 0.0253576355437632
-0.192768191918101 0.116021729773747 0.198034326486376 -0.0681252832698682
-0.123854327114702 0.167241519359665 0.212978938860088 -0.206182409883246
-0.0398797464998783 0.220268707252595 0.144107291535393 -0.293972208234231
-0.00699178484364347 0.213016270079931 0.103683306135299 -0.288141642903697
-0.0119409544555443 0.234995703440847 0.096895750142033 -0.287684384974042
-0.0958741534783143 0.215801698869221 0.127107853155193 -0.230577604924288
-0.163538347029819 0.183320229933051 0.127614671576557 -0.115865989277806
-0.295957574018375 0.0998354514727821 -0.00327086007019348 -0.0368449547347627
-0.31056446238813 -0.0763301700916671 -0.123052796746029 -0.112473403531781
-0.179648874575257 -0.234523782823504 -0.211381751177954 -0.274639406603553
-0.0868438510646236 -0.290114738252624 -0.169770567936835 -0.463170085809075
-0.172915036155803 -0.447132430987838 -0.161849485905671 -0.149887504296227
-0.211411279827033 -0.407802807053904 -0.129531017627933 -0.10213115419
-0.37889975299512 -0.278843800378971 0.00317797270760024 -0.00607480709970343
-0.442913175461091 -0.0583801161124807 0.070014838238798 0.0458210790768333
-0.335486592356234 0.147463756387449 0.168022636321471 -0.0375117980350401
-0.231174525852266 0.248776024702791 0.183253616226939 -0.138612917486474
-0.105577470677196 0.33632283649484 0.123554847654005 -0.209845148601019
-0.0402496878381938 0.319517930908026 0.0849562252955922 -0.185525542129096
-0.0346477975668971 0.347351751223698 0.0691894921693207 -0.184228157526602
-0.148135975631289 0.321222701787785 0.0950584230150498 -0.140095479728523
-0.238280312114327 0.269566174638293 0.0920121952253078 -0.0532559412182154
-0.41787832402458 0.164772035552861 -0.0233016384137096 0.0122482298191204
-0.461723958323554 -0.0684655418627816 -0.136187391763435 -0.0581110889067421
-0.322037591900916 -0.317958083437941 -0.208253707424209 -0.192453926069668
-0.201465528286119 -0.439464303936029 -0.168322721921987 -0.331748264007276
-0.245405195234091 -0.521362924984074 -0.10468598676139 0.0149444887726943
-0.285305809413777 -0.481542412477015 -0.0676940076004129 -0.00415664876775496
-0.47690302997677 -0.338787908831405 0.0304472266046402 0.0210684016075452
-0.559097821844987 -0.0801110640236288 0.0587371006233097 0.0570929292961978
-0.435670755111404 0.169296544600723 0.10496280645595 -0.00516486744305045
-0.303910947546491 0.300062492936996 0.115548620257036 -0.048863552418883
-0.153316488722306 0.40474478354411 0.0769506667220717 -0.0929323110166569
-0.0646498966486408 0.379796634028419 0.053511351667534 -0.0545549687775207
-0.0513775407096017 0.406344333722467 0.0407671137693569 -0.0533779767803243
-0.176170749494783 0.379435457227158 0.0628646650566782 -0.0264593217786193
-0.274327706608369 0.31765545108629 0.0551853158101533 0.0255333298788645
-0.475262593090388 0.205080269550291 -0.0324469586129075 0.0655824267159301
-0.542115330453142 -0.0470286490950756 -0.11926682702705 0.000611703301723218
-0.411639696860283 -0.344278802955998 -0.153744802249803 -0.0978872440633496
-0.287380307629309 -0.514203448409428 -0.117287644113124 -0.166060907904564
-0.28559507760339 -0.515075323723386 -0.0433044240509604 0.196532183150253
-0.328701634318777 -0.473650413102005 0.00148737104711618 0.117863720388795
-0.507376619226419 -0.330148983121666 0.0553995406230164 0.0572235525655115
-0.577602543807554 -0.0728921533932936 0.034194455016031 0.0648883823461592
-0.453975902574833 0.170977711561529 0.0174775128478199 0.0348804214081634
-0.321963627904306 0.304624295632296 0.0237769964231614 0.0558195073471948
-0.172877500285371 0.413208224209889 0.0164856131922937 0.0428148525478333
-0.0822424752209531 0.38050485662881 0.0153755694425193 0.0854894010693035
-0.0676658447577597 0.402515100391691 0.0105416888707335 0.0832289854579617
-0.189184568275977 0.370461515419712 0.0283154962110172 0.092177785954303
-0.280387249179978 0.30016300687488 0.0136873367605546 0.10395348191952
-0.460234426343136 0.186333994197661 -0.0393322361412141 0.107018313896016
-0.522557406114245 -0.0446756007122652 -0.0862556263769692 0.0463043914056553
-0.416855821482984 -0.325287816179393 -0.0668109267969911 -0.0105520471963918
-0.316066575413648 -0.509364761270847 -0.0308504458059797 0.00499429099233163
-0.28790847226682 -0.424461406223842 0.018816421450813 0.359807595903178
-0.316100571674658 -0.372768155356145 0.0690902511454301 0.233416471756288
-0.440619194203556 -0.250631165028215 0.0688805989671529 0.093628956895735
-0.478785404295505 -0.0459168188351007 0.00336048240515568 0.0726465318829297
-0.379432887263732 0.141943939234114 -0.0702016061782091 0.0809789263920133
-0.277922131914503 0.258703477509529 -0.0682235897246284 0.157743805956672
-0.16003825456632 0.354693326931749 -0.0447912017134595 0.173946265630976
-0.0869369096044348 0.324264110545155 -0.026227571182737 0.211636040102691
-0.0817215836319925 0.3372713468909 -0.0255021727104715 0.201698921068987
-0.186969091452093 0.299238353406032 -0.0161239074740104 0.189410138245238
-0.258357694840704 0.218260355226073 -0.0371499172792836 0.15826232956641
-0.376046520974872 0.110665046718381 -0.052355004799097 0.122635875738656
-0.4144976519444 -0.0593412759946302 -0.053313211420171 0.0713639321880926
-0.33845245487052 -0.269671793800325 0.0261193572857053 0.0566439614665355
-0.286134036792932 -0.431462419501661 0.064119825090977 0.157099630250492
-0.241352459307763 -0.264092904797677 0.0747895866502456 0.473712688511901
-0.241711172078572 -0.204333786140869 0.129778522502438 0.313078573460775
-0.285887221572024 -0.12919351535189 0.0762083694866421 0.121705077114197
-0.287698608689102 -0.017015311272606 -0.0197034801717812 0.0768484653511068
-0.236994570575532 0.0845440842921824 -0.132279080960289 0.11936062768526
-0.186826257517257 0.165063780774842 -0.135186064491003 0.236855384301061
-0.121861410544414 0.238272679031833 -0.0911418913035681 0.280096477002213
-0.0802935012206514 0.219206164778819 -0.0645680758642055 0.305028649941101
-0.0862188704431878 0.224500620386945 -0.0672076457573962 0.28522367062436
-0.161242368830996 0.187152856782772 -0.0729638573741238 0.246067255092361
-0.200167192934191 0.107635334697143 -0.096364370388343 0.172935346217688
-0.242658486488235 0.0208212477475539 -0.0707808688264709 0.107296342313819
-0.244738979475729 -0.0663446264443993 -0.0288875426826011 0.0737050780294061
-0.213999628780035 -0.177718795080338 0.0992631365476302 0.104962663514222
-0.213765504056241 -0.291150466918276 0.145704783999701 0.273469431843422
-0.147387009927452 -0.0673297964524626 0.115854146869596 0.520528859359175
-0.113767342385235 -0.0178149863435887 0.178819081820149 0.346851590427344
-0.0834133850350234 -0.00917760479311518 0.0860496994748285 0.133028016261585
-0.0646264463066372 -0.00631162525762909 -0.0257332374615998 0.0713348335729362
-0.0729654391539194 0.00420696226352925 -0.15873295930787 0.141065821483514
-0.0780288162943293 0.0427920061051522 -0.167224839701483 0.281723471065447
-0.0725078091316429 0.0837747544395039 -0.113876877564849 0.343658811660814
-0.0604583879662773 0.0806131898201826 -0.0913558377422508 0.352949104298164
-0.0696186370871773 0.0834793285553782 -0.109503609532292 0.32504404753944
-0.0989995983828273 0.0599972116908091 -0.132382550397725 0.25770012673759
-0.103403653137045 0.0056339393088446 -0.151370090816608 0.149834748577986
-0.0779322559520827 -0.0349936838726372 -0.0850191603095953 0.0673102408393865
-0.0636373067939393 -0.0356596054513616 -0.00971009907188696 0.0634388796536896
-0.0865313942293133 -0.0503807596051294 0.145215551663407 0.136952104382411
-0.126247082054349 -0.110134871040974 0.20331149059183 0.343500653450874
0.0138917344181699 -0.143769539784852 -0.278638628627381 -0.325965982505946
-0.04072024842874 -0.130884158080101 -0.227513501543227 -0.162079037222127
-0.11434797928864 -0.0615204847338972 -0.0253716815486917 -0.0255580323876381
-0.110474072193381 0.0337069388566808 0.0750600947394735 -0.0112715444281124
-0.0407130799726974 0.0719394538437362 0.188925860123154 -0.11407349286985
-0.00842357324982291 0.0666884266903977 0.187598760581902 -0.26804726202042
0.0291021760265675 0.0724171029844199 0.119735123012956 -0.347118827748282
0.0343842231996155 0.0732122723356112 0.0888604817864044 -0.362123400643502
0.0281006177960025 0.0866954001640189 0.0969449481983057 -0.361667113156945
-0.00962333092733946 0.0890918804053141 0.134587599413641 -0.296895914544713
-0.0479868813779556 0.0935204506646192 0.14886082721977 -0.170042511129799
-0.126174996361731 0.0603448560664105 0.0244153118818729 -0.0789031727833039
-0.12727122660218 -0.0398417554805604 -0.0965770546496514 -0.145855835673532
-0.0321293812250337 -0.097527796356933 -0.193311005935897 -0.316983848127031
0.0236754244166434 -0.090718187827362 -0.156873980754045 -0.535421408847672
-0.103092863629082 -0.308456534665514 -0.230876594027672 -0.264588007309319
-0.145996958679852 -0.275673032356521 -0.192088899409132 -0.151178896518126
-0.268966443319942 -0.164198023333456 -0.0159828337478009 -0.0189747742079849
-0.292206805370145 0.00667943809759505 0.0782031942945568 0.0215090598764094
-0.19114436893767 0.13007481369605 0.19632048294781 -0.0800765044780213
-0.115393197058196 0.180494468109118 0.202503946487019 -0.223217291058737
-0.0266756845126768 0.225173164366174 0.129216717655421 -0.303727560349234
0.0073436503541324 0.216344914896581 0.0901912714315231 -0.301455887257039
0.00238260186267181 0.239680882815725 0.0811363963102978 -0.298606576817492
-0.0844319839827366 0.226713641518728 0.114306317649051 -0.240861427127279
-0.157201374169231 0.196611671341541 0.123307386864989 -0.125351076764117
-0.295750703968701 0.121760840603203 -0.00507004877629573 -0.0363176383805699
-0.320853240315397 -0.0586714348031947 -0.134356207031971 -0.107622030317029
-0.197223001731946 -0.228244885505904 -0.232779204787426 -0.267540319150029
-0.106935420824297 -0.289182714414364 -0.199514841923274 -0.457917582221762
-0.2022689176707 -0.440005741266134 -0.171790427747855 -0.145497617565582
-0.238442973117698 -0.40114843915473 -0.138833306068488 -0.0983914788194888
-0.404640656811155 -0.261317376953675 0.00411143959152961 -0.00633844698498182
-0.457413779782444 -0.0292786949031047 0.0751189482800742 0.0423230808895555
-0.334727525576112 0.170976783417083 0.169069861706596 -0.0470739434469184
-0.21950646179729 0.271365775077295 0.178478843304038 -0.152979875999286
-0.0844745200854507 0.348560926248726 0.112280692323114 -0.216223999699446
-0.0187503119584127 0.328063629543225 0.0762507753254816 -0.196329678376681
-0.0138204130640655 0.356293554628208 0.0605960293828614 -0.191093318349683
-0.130951058453687 0.338564595972287 0.0883852806225487 -0.147824625039771
-0.228310652066029 0.289814992967718 0.0916309037756756 -0.0582690231416066
-0.415699028760005 0.196034777407398 -0.022602664367185 0.0162057747938061
-0.475996812870427 -0.0410835036578542 -0.143267628263622 -0.050639834806432
-0.348061118911228 -0.30408846860836 -0.224730623386119 -0.185268024996621
-0.233708405116368 -0.433340251722724 -0.189786161117283 -0.326233471874071
-0.279382912274033 -0.512012919324948 -0.104917972333874 0.0175164022115522
-0.318055890748443 -0.472812136129943 -0.0695316376552672 -0.00311549004737917
-0.508017394274334 -0.31522200717824 0.0336940511480922 0.0185926154322881
-0.576918054735132 -0.0455691043362634 0.0638305399463948 0.0542194178721234
-0.433782857824582 0.201026105037962 0.10635238546193 -0.0106594055112293
-0.290846194373611 0.328122130316036 0.116183097446808 -0.0579224570200445
-0.129110165131215 0.421100326614577 0.072278089334209 -0.0933697448606985
-0.0394245449023125 0.389773748041308 0.0527613452492425 -0.0605045979107438
-0.0258438914067505 0.417935417972657 0.0396485637378532 -0.0561758433821708
-0.155569858048384 0.39944034476559 0.0626235747792746 -0.0300051617376524
-0.263432633627212 0.34131677526036 0.0587118994840814 0.0247112052399794
-0.472999182464203 0.241597654436537 -0.0288071798618345 0.0712098205131324
-0.555573518075404 -0.0146892681037306 -0.122342122968214 0.00846565361312212
-0.440571351924193 -0.324380776407266 -0.163185596548853 -0.0916143170020148
-0.326703284107462 -0.504500265174674 -0.1280071289261 -0.159124476368297
-0.320776860230879 -0.502196336259787 -0.0321999194437036 0.197423125660852
-0.362237277270583 -0.462638833293214 0.00871997861265896 0.117171574807878
-0.539596350992245 -0.305450484877312 0.0611177973280642 0.0543189517234322
-0.597378917379705 -0.0365723071640248 0.0398913468007074 0.0634262990876122
-0.454885646122878 0.20259300502208 0.0208228461205264 0.0359767414973772
-0.308139455512243 0.334438739341328 0.0300382791314676 0.0533863354275565
-0.147638838364698 0.43068651006938 0.0179142744446798 0.0480726416769637
-0.056707188939486 0.393286495202303 0.0218576529677027 0.0842911085687975
-0.0422440259421975 0.414004462015702 0.0173113257640223 0.0840024780213718
-0.168665888769384 0.390839413133818 0.034469387915961 0.0926480798528017
-0.269353985332178 0.32245495679163 0.02159020340853 0.10687236590077
-0.457299185650766 0.221797796640966 -0.0326814455921486 0.11374277088038
-0.537272370406479 -0.0127303123116222 -0.0847500300628524 0.053888541171213
-0.44460825833996 -0.305007178767794 -0.0682912767835618 -0.00910370377360384
-0.356774712865254 -0.498041960493199 -0.029897458214572 0.00926685518502442
-0.319813169020701 -0.410681268023518 0.0399909441971438 0.360302356754007
-0.345120328117173 -0.360629124873161 0.085070775542101 0.229574084394167
-0.467744455096173 -0.227950293772619 0.0779853593936022 0.0906780828137459
-0.494429077817927 -0.0151369695064822 0.00860936259802321 0.0731869143910597
-0.379486885122991 0.168753651512487 -0.0649341246223173 0.0870960074021995
-0.266835837673096 0.283164364805686 -0.0568886481312539 0.162577786757786
-0.13853012639366 0.370190752171546 -0.0363983941137271 0.185782215335701
-0.0649243026189293 0.336270397211327 -0.0129777987579553 0.21601978756532
-0.0619483934664846 0.349062239747827 -0.0121357914439483 0.207811805907226
-0.170607260062094 0.318576930443271 -0.00521905398055729 0.193588993927167
-0.251774944371848 0.239252412021635 -0.0270964326146792 0.16532316606645
-0.377133128168189 0.137468224444153 -0.0459258228000431 0.130978885386434
-0.42591978936088 -0.0349554613728979 -0.0487314055905243 0.0766559028639248
-0.362209665575155 -0.252986210344258 0.0299424777040163 0.0547075319753988
-0.321138396914162 -0.420341532348146 0.0766625340242352 0.15730840935957
-0.261294596223226 -0.252319950429025 0.102078329706337 0.472761295369212
-0.259550775035474 -0.193981479877182 0.151715227631199 0.307421709132727
-0.302373449992177 -0.113656237474124 0.0864232556602028 0.1182264568322
-0.296252552862392 0.00195270846268049 -0.015333598430013 0.0783090621019701
-0.237454948126517 0.100601185955257 -0.125851855709746 0.129921054128679
-0.180268358432505 0.182111789451581 -0.12169617536766 0.247967801995565
-0.106694478595992 0.249721556442889 -0.0769396038837324 0.294447466228693
-0.0654159453987435 0.228999620951965 -0.0459626521379089 0.314784183998574
-0.0727675471417783 0.235037150899314 -0.0502115336156838 0.296458736279635
-0.15051105136395 0.202844716949275 -0.0593542786525396 0.254562389280905
-0.19888814941442 0.122877226824841 -0.0874333265961311 0.183870617507855
-0.245736964594712 0.037617321420824 -0.0661716260313623 0.114691247246468
-0.2548496306124 -0.0512199728701296 -0.0233265055986159 0.0779441263244119
-0.229562463774216 -0.167170965067873 0.107904800725681 0.0996525424253073
-0.239177767916497 -0.282948294885072 0.167037154553815 0.270858119764527
-0.154615981969013 -0.0590187515671029 0.146181450491872 0.519806905866753
-0.118356916003262 -0.0119342345903803 0.203981108919357 0.340260092358499
-0.0870573897639727 -0.0042281892765356 0.0963659979139733 0.128624730302096
-0.0667479888688592 -0.00198186506283108 -0.0220408314589395 0.0724382285812794
-0.0743665255428731 0.0081706666545966 -0.151897812193846 0.152446568928942
-0.0778384174036551 0.0491203850565526 -0.151858190122153 0.297121379157891
-0.0664984525970701 0.0897907436272295 -0.0960179248105581 0.357013506593669
-0.0547626158868371 0.0867259087271782 -0.0725302589275833 0.365615254093114
-0.0644716675254813 0.0905177265231965 -0.0912316103480215 0.338376275736401
-0.095852630595677 0.0687333003433016 -0.119793162251428 0.269325803831167
-0.104962376509541 0.0136341028531879 -0.144871022045042 0.162915192896808
-0.0814753139410618 -0.0294792839926677 -0.0830217724550648 0.0748749640895658
-0.0686100098716519 -0.0309791819251638 -0.00391275570530005 0.0665304822390853
-0.0925012620070369 -0.0448937414696046 0.157151973807 0.129773347192015
-0.138300464489377 -0.10439243780881 0.229993861450314 0.337759882804719
0.00429657627660104 -0.143050158018164 -0.295276924409241 -0.302375300686846
-0.0475666219427347 -0.126073042699965 -0.23561897911271 -0.143706063166357
-0.117623721628184 -0.0542658602788886 -0.0259772713588597 -0.0239409434490361
-0.107511298592381 0.0412918874048304 0.0735690631025755 -0.0158542996333932
-0.0365027088532848 0.0745285496188038 0.177966461978041 -0.124781717668421
-0.00398794369009024 0.067422971570418 0.164513670332819 -0.276934730402213
0.0325771900104945 0.0686556805910095 0.0957206277647399 -0.349893065590874
0.0387503451901883 0.0689982010223803 0.0644916185168146 -0.366061008776912
0.0334059196032125 0.0831500881731717 0.0712046838032563 -0.36382899382739
-0.004496199960291 0.0883847734651654 0.112546138174241 -0.30160535586251
-0.0418953674210903 0.0954411984843345 0.136172165575165 -0.179014902205287
-0.120706741259313 0.0687918874518414 0.019785687532293 -0.0793708915103941
-0.127744901246087 -0.0313761467429957 -0.106866415558653 -0.13805879455878
-0.0373858807943347 -0.0947692958479597 -0.213218217493103 -0.299534133034742
0.0182578891891538 -0.0908149255791291 -0.191091000909669 -0.514687410211139
-0.122056316042316 -0.295508760378443 -0.244347499854824 -0.247957291428254
-0.160689904213307 -0.261542383510864 -0.200446869588002 -0.136675689345123
-0.277425150519974 -0.144263885119261 -0.0157741959917006 -0.0184972609014736
-0.289204917013514 0.0279628951979927 0.0792824137213903 0.0168343226843967
-0.181057881075231 0.14265001264686 0.188271054010867 -0.0910943621694402
-0.100742311422899 0.188777941179638 0.184030115834192 -0.235604052010639
-0.0113583720878671 0.223503752126044 0.10835509070421 -0.305474630718584
0.0238893098298256 0.211875969394847 0.0693743948210375 -0.306722325639844
0.019230193156535 0.236729726274373 0.0611549306646559 -0.300634869336431
-0.068592485145561 0.230859065802223 0.0970566258646662 -0.244947404271393
-0.143042303189543 0.206022959492618 0.114463575810986 -0.131813714813127
-0.284431931773587 0.142423289237582 -0.00658863277059749 -0.0345508127697938
-0.321084071669607 -0.0366547277217378 -0.142025665212575 -0.0975168122531744
-0.210294252245858 -0.213299037045164 -0.249702738940718 -0.249717944803965
-0.125482568318033 -0.277524781524303 -0.226373383472039 -0.437757921873959
-0.227480364402161 -0.417379523621928 -0.178607840492192 -0.136017316991789
-0.260754542202717 -0.380422213204535 -0.144504239247765 -0.0897435694258133
-0.417884718433033 -0.229955109362665 0.00513628044262747 -0.00753332007151544
-0.455604206548068 0.00512723817906057 0.0776639396599898 0.0370729852017639
-0.320856498465334 0.192573974061987 0.16450862657592 -0.0564075507142411
-0.197369440960192 0.287606196490867 0.166472837766791 -0.164626471964776
-0.0591900021091712 0.348900507257902 0.098082221208183 -0.216774534423311
0.00589739987269958 0.323854048380841 0.0631428283128687 -0.201459789964682
0.012322640441526 0.353305643248236 0.0484936633308299 -0.192479790717117
-0.10555136208588 0.344816771539668 0.0776301571355209 -0.150801817286011
-0.208305582163745 0.303650658381759 0.0886674479725519 -0.0627190520633984
-0.398016249052681 0.224606059334942 -0.0203764834620263 0.0193735249632789
-0.474323012453989 -0.00820716387772523 -0.146887286614181 -0.0402158832404055
-0.365332838015503 -0.276509672632451 -0.235543238792324 -0.169240371195497
-0.263605720880627 -0.410554168738441 -0.208823480622535 -0.305123740109139
-0.308656241762963 -0.4813396258607 -0.102021542845141 0.0197508089603752
-0.345122342839096 -0.446399843512618 -0.069902774915117 -0.000849747289180594
-0.525705160059782 -0.277006811346632 0.036460318766873 0.0145926028460835
-0.573425276077447 -0.00120461203305268 0.067235879238164 0.0483207703483445
-0.417863816744771 0.228640837135026 0.106053435888383 -0.0164344390299224
-0.263364643994235 0.3493129587535 0.112682293931909 -0.0677033550354225
-0.0967853629984049 0.423002584420653 0.0659890637797444 -0.0909918126967185
-0.0100867342188403 0.387068239592025 0.0490621334711437 -0.0659914044528639
0.00425983400200249 0.414638318303185 0.0370788112240178 -0.0580054669386415
-0.12466513178034 0.407289986198441 0.0606262210203934 -0.0326835054051887
-0.239577911727843 0.356610533708917 0.0620204108129089 0.0223532400609908
-0.451482251575461 0.274042586366814 -0.0225630053983181 0.0749013910289298
-0.552100970642497 0.0234319338089526 -0.121522582422286 0.0178904856750744
-0.46091656683972 -0.290578752487307 -0.168818351814516 -0.0809907371542701
-0.360078724202675 -0.474726620513043 -0.135812821079127 -0.146375878637703
-0.349905234898985 -0.470780988832425 -0.0192498275568898 0.193389823293932
-0.389454186348128 -0.433449171741823 0.0159016989580973 0.112067783619073
-0.557947506099798 -0.263713571500649 0.0666993721732928 0.0477667886915785
-0.594912328834449 0.00843634851747266 0.0446518162684899 0.0593079412850056
-0.437335120349306 0.232827814471739 0.0248480519504535 0.0346203051746363
-0.281731012525616 0.356646212741526 0.0356348158893508 0.0480714027256173
-0.113709802825395 0.434433935448306 0.0216257209711826 0.0524615759649966
-0.0263428742059907 0.390962726496126 0.0276942608761244 0.0802232630514405
-0.0112609669708304 0.413193466672343 0.0240252636790837 0.0823541754635534
-0.138034274462695 0.400217448855139 0.0407978079226826 0.0897696515868499
-0.24757487259354 0.340187785099123 0.031049935469235 0.106622047002715
-0.437112645742931 0.252356446871975 -0.0236995949619144 0.117693206999275
-0.533436354587597 0.0266678855441565 -0.0801111980730591 0.0595114119427556
-0.461497486369461 -0.270848689797191 -0.0690457769002168 -0.00552756011567386
-0.390422932901801 -0.466393934841857 -0.0272457610693334 0.0130609512274131
-0.341523771557663 -0.381462076079421 0.0617165565393159 0.349815937010257
-0.367261408994721 -0.334871229414045 0.0991606306411184 0.218184498137253
-0.481893795096957 -0.191334749354447 0.0857073731312075 0.0827071194278682
-0.492200083568685 0.0213792266749064 0.0144491222136083 0.0705509377855516
-0.366707528952911 0.19346887536492 -0.056085536908081 0.0906918590531409
-0.2432896861337 0.301703478336549 -0.0426650862173064 0.161862727194741
-0.10867002634185 0.37519566940322 -0.0223451871358251 0.191162465770048
-0.0380512689782203 0.336028861959571 0.00171381531126223 0.213905332878135
-0.0342427515838417 0.350927262049161 0.00335348213565198 0.205985548287929
-0.144680239061685 0.328457062213239 0.0084610714471587 0.192320481170048
-0.233958503374075 0.256233221470938 -0.0138211607781526 0.167436937137155
-0.363700420832837 0.164679979061234 -0.0356821707343146 0.134419728605206
-0.425334507522106 -0.00271772182472482 -0.042119468609245 0.0796244757172077
-0.37599392091577 -0.225119405424519 0.0331165044118992 0.0503501480160191
-0.349883769629152 -0.390729918121775 0.0881988400493772 0.151393301010607
-0.274989284148744 -0.229603408839014 0.131069158217806 0.458869126731153
-0.270679217404427 -0.175764906133595 0.170497764029461 0.290843312989025
-0.310034766119784 -0.0906583904326925 0.0951226232465132 0.109823938711015
-0.295478272806339 0.0239378115009924 -0.00937662769580011 0.0768485151323882
-0.229942459985773 0.115303994498448 -0.113956100703044 0.136162122379718
-0.165640631093432 0.1938752068866 -0.101154535699772 0.251609791472338
-0.0864195487929958 0.25363166916993 -0.0567657424758243 0.300187259495261
-0.0459012598543085 0.230276639915724 -0.0250159969895189 0.314530410379875
-0.0536695765868694 0.23853111014454 -0.0293464850460643 0.296753391350846
-0.132960088053593 0.211914230446461 -0.0416462827071355 0.255313724466605
-0.188757356410181 0.137136598259145 -0.0726327133591193 0.189899436079043
-0.240559301527063 0.0557666267677367 -0.0570752731115359 0.1201699149414
-0.256814951641135 -0.0317741545489429 -0.016245730607646 0.0795326051619821
-0.239013578017813 -0.148093545418081 0.113497633714906 0.0892135491678586
-0.259476703497082 -0.261064432966799 0.185450275543424 0.255919983300202
-0.157259718255079 -0.0467891613795695 0.176530062699931 0.502164050243937
-0.11903295381972 -0.00453913145129407 0.224631080380701 0.319642069761557
-0.0881016204247765 0.00308428092984709 0.104989401287318 0.119928215390395
-0.0671113744106543 0.00279735789985924 -0.0172419645971413 0.0715216710264432
-0.0741248566895589 0.0119122268867929 -0.139018664202426 0.160000335103413
-0.0745230233873831 0.0544806729243223 -0.128105335242926 0.302529635958208
-0.0580601426935192 0.0934719570668876 -0.0719439778166601 0.360978297804862
-0.0467913298565936 0.0901585755787426 -0.0478492508130352 0.368047994912295
-0.0562175482702963 0.0946378770435133 -0.0668159690409288 0.341723457262394
-0.0884722866713344 0.0762362881221357 -0.0999896385865176 0.274184375453151
-0.103287915063118 0.0225105932684004 -0.131677212173097 0.171728614914974
-0.0825399695687882 -0.0219820466579208 -0.0767069842457568 0.0805276412817909
-0.0714640755717226 -0.023887098054357 0.00322895811301535 0.0674124548973704
-0.0958188884427705 -0.0371554156989179 0.164106192604845 0.116315195510154
-0.147273465112339 -0.0928936044724144 0.251476595912244 0.317616167251704
-0.00277520642683078 -0.138142938708893 -0.2989197513346 -0.279148890866846
-0.0510197067118879 -0.119715898332576 -0.234930142807914 -0.126275888344856
-0.116690809195166 -0.0468623506521657 -0.025516415132496 -0.0231317810267145
-0.102410452327229 0.0458220858863859 0.0702954156097498 -0.0184477968447859
-0.0322798152549543 0.0747425483355168 0.165674623405839 -0.127553952901852
2.5987704525908E-05 0.0664135678794417 0.143816547236624 -0.275369036961227
0.0340416597106554 0.0638249037325552 0.0774100072934399 -0.342743035010644
0.0410213925563055 0.0635294429655313 0.0453029025394499 -0.358551066833318
0.0360409569969861 0.0781779945189975 0.0506484131756474 -0.354652827623539
-0.000295682915107235 0.0857178017389546 0.0943391813999579 -0.29639067966714
-0.0362359522572279 0.0943366979552025 0.123615041302863 -0.180437998454462
-0.113104497825851 0.0725972216634592 0.0156507575507081 -0.077039911642936
-0.1241369434241 -0.0246674906201107 -0.112132041799875 -0.12821569274343
-0.039721059540329 -0.0903364758422815 -0.222359345898065 -0.279056265687612
0.0137019409485784 -0.0888740080191622 -0.207952856614951 -0.486551020277334
-0.131456241223585 -0.277631180714519 -0.247450991406578 -0.228656313093863
-0.167032577738316 -0.24471493859452 -0.200974009286769 -0.12269430374203
-0.275558057963233 -0.12568510164524 -0.0159040589518452 -0.0188517687374681
-0.279603193963995 0.043236460616595 0.0783797196900875 0.0125941479126514
-0.169967385708133 0.147477170847147 0.178841833499906 -0.0954451385427323
-0.0874650454691918 0.189745528466262 0.165920383227311 -0.237713198899512
0.000251316984775939 0.215843665138874 0.0929076718530967 -0.298696349497135
0.0342351590574041 0.202228431681366 0.052788995843457 -0.301748041684489
0.0308855870630618 0.227906060395339 0.0446528981591981 -0.293846293161531
-0.0541855491327454 0.227361006349345 0.0821657420116154 -0.240436803328317
-0.129765005179354 0.207568466297737 0.105950539776385 -0.132957693854954
-0.267943718051435 0.152778626407222 -0.00738813016245596 -0.0324285497276052
-0.313202466996215 -0.0202012559224583 -0.144608084272755 -0.086613233229472
-0.214087763897882 -0.196056328525012 -0.254540699691381 -0.229279559914347
-0.13576053223421 -0.261684438532108 -0.239850098723336 -0.408278360044823
-0.239329057422685 -0.38831006842031 -0.178832130721439 -0.124958664559515
-0.269276496811897 -0.355602023773399 -0.144936225925701 -0.0810728937759344
-0.417387452414298 -0.201356503965707 0.00524480173535624 -0.00977083774053114
-0.442637165526144 0.0312332289174937 0.0784105599157054 0.0313521184696977
-0.302873862831014 0.203407869836689 0.157988030197472 -0.0617358912290854
-0.174549793433671 0.290448254811105 0.153018314324589 -0.169830479335817
-0.0397858729942284 0.33898056459423 0.0876929046487394 -0.21025913825693
0.0235592169825534 0.311487618672979 0.0518525017910099 -0.200161234248018
0.031593181800992 0.341224239860677 0.0383334361006986 -0.188787189324687
-0.0840206300194434 0.340801614945507 0.0685681501763801 -0.148903830133528
-0.187773507803389 0.306093947107797 0.0842292952114192 -0.0644762976098053
-0.373737331942705 0.240850160411556 -0.0170234307713669 0.0210017239300518
-0.461167924742137 0.0155255656223295 -0.145948159895263 -0.0303605323342809
-0.368200855215971 -0.24899035532959 -0.236949185190739 -0.152791504246661
-0.275696060800319 -0.384182498201134 -0.215176878552519 -0.282484113106514
-0.320488019285659 -0.445401583314434 -0.0978095218698665 0.020403313255875
-0.355885687696776 -0.415447220677815 -0.0684363959873859 0.000443624923256699
-0.524001175148067 -0.239663720931371 0.0374109598192946 0.0104536184687359
-0.559246641880956 0.031073626422482 0.0693665416877407 0.043045836639967
-0.395744011816406 0.242996152450838 0.104425863175949 -0.0204362556006856
-0.235810794960639 0.353565934842974 0.106616566429304 -0.0739819966286682
-0.0717147903354094 0.413719185440753 0.0636013091497632 -0.0863130157447571
0.0116468694815065 0.374396112430924 0.0440428360030499 -0.0680227719286208
0.0277314182865008 0.40151599578718 0.0343272273467279 -0.0579830467380977
-0.0991266035267832 0.402230153233855 0.058057770384647 -0.0340519194641965
-0.21621003401595 0.360289425098934 0.064112483257132 0.01953457550675
-0.421431626857436 0.290707279012493 -0.0165703137816055 0.075509056459269
-0.534940053816717 0.051062797729011 -0.117556506916687 0.0244094197752796
-0.458845804260341 -0.257747500633417 -0.168908672157054 -0.0714434527609905
-0.373763812251037 -0.440611292056237 -0.136959926739474 -0.132639915893907
-0.357426620131937 -0.434400281161857 -0.0111974796694494 0.184157817183291
-0.398532904174978 -0.400967501081746 0.0195574175000195 0.104933278569796
-0.556979291384007 -0.22665606243539 0.0690141967059777 0.0409217906747166
-0.578593193051978 0.042344613018325 0.0473850184402819 0.0535496238109209
-0.415185751591413 0.248625754964942 0.0292402645917557 0.0322214823003784
-0.253666857448593 0.362754987847692 0.0386705228378801 0.0414976064944447
-0.0872068638339272 0.426262292272238 0.0275198814099188 0.0546022666758767
-0.00288334159658499 0.377855845876361 0.0300197584318684 0.0749369490293689
0.0117981980581271 0.400736329609488 0.0285052742576286 0.0780270783410304
-0.111234273454049 0.394524760478323 0.0449731968537692 0.0855635949953344
-0.224314499312179 0.344082012836794 0.0386234350605669 0.103065102038806
-0.408517270434407 0.269224853810619 -0.0156711004007378 0.116743200756852
-0.517447985633198 0.0543255390365402 -0.0744239933995906 0.0630621375727125
-0.460331632328186 -0.237794148796017 -0.0680776005145628 -0.00357610998474196
-0.40304491367258 -0.428168054478705 -0.0234675383848659 0.0150400250956255
-0.34620686857346 -0.348946015341889 0.07390522740586 0.331573890150649
-0.371885929795735 -0.307480828733499 0.105488711786054 0.203789420914189
-0.47845396097052 -0.160686849315782 0.0888136578021514 0.0742303069171544
-0.477989548025974 0.0488826191115252 0.0181531888042638 0.0661042701417625
-0.349059476777268 0.206956993138422 -0.0471664086447924 0.0899878604879451
-0.219313104836453 0.307111972427316 -0.031251546103285 0.156264412607338
-0.084692080640643 0.367602955014474 -0.00953570675578416 0.190695468328466
-0.0176481858551007 0.32555975906539 0.0115188210057406 0.206737464583336
-0.0133964043287983 0.341477789269419 0.0141076339050957 0.198666665404357
-0.12202632965758 0.326094303150809 0.0186779829801993 0.185889414999766
-0.216006216120131 0.261585051383056 -0.00225565461082504 0.164523701319141
-0.343420921404452 0.179725935910833 -0.026332094596022 0.133857736740408
-0.41247317403613 0.0203569903583904 -0.0363163666096576 0.0803212332445638
-0.375766485480144 -0.197670449267231 0.0340444159702591 0.0453871912736458
-0.361099031278165 -0.357976421767899 0.09509751095676 0.142303861320168
-0.275611805352899 -0.20659264092158 0.145501113666295 0.435773327395619
-0.271957694334272 -0.157662930331086 0.178378711707917 0.27159046787405
-0.306921662863255 -0.0711702989786184 0.099153201171023 0.100756793262698
-0.28743765514204 0.0399085497337415 -0.00443790800000854 0.0738426775317108
-0.219681885421018 0.123891772661437 -0.102312732401114 0.135741828786946
-0.150225336382684 0.198023206246163 -0.0839625108991426 0.246396854366838
-0.0688841857463903 0.249785201940314 -0.0385346386748224 0.29623596685737
-0.0312940216418941 0.224546089073844 -0.00970774404958312 0.306423352780034
-0.0379250080711598 0.2335259400272 -0.0133609663964429 0.28740026900621
-0.115953050855882 0.213137318134919 -0.0271695868434247 0.248845344633911
-0.176690014876902 0.143891173919954 -0.0591087760489683 0.188380676648914
-0.229444205435124 0.0678470215549077 -0.0487332395260749 0.120465046975039
-0.250893436118581 -0.0149463918458221 -0.0103345668639726 0.0779307185592289
-0.239783574936782 -0.130209341417825 0.114061538792595 0.0789131874436817
-0.267414994505383 -0.237076970352478 0.193479647756171 0.238485164085089
-0.153249077594719 -0.037297345247072 0.191271371569491 0.476137202755136
-0.116100251532477 0.000201190891958487 0.231789133144093 0.297024319174059
-0.0862439398982978 0.00795829832093766 0.109050507510747 0.110099213887976
-0.065677084752217 0.00629399944340093 -0.0134482602460105 0.0685593267479974
-0.0728504450759088 0.0146242538475387 -0.126347326280209 0.159950174961955
-0.0694325782984464 0.0568385169780063 -0.107620187718648 0.297633052439403
-0.0503036758500306 0.0932874569424652 -0.0525868312615697 0.354787458012295
-0.0393120685361494 0.089877926176062 -0.0285088982065666 0.359218598456085
-0.0479722514806875 0.0946894219427929 -0.047682726777207 0.333079928162148
-0.0799413518337685 0.0787790999301902 -0.0836661919640714 0.270321461942234
-0.0989651313242797 0.0279954498078954 -0.117544032547453 0.1739106690847
-0.0804135180872062 -0.016099293909988 -0.0704871283314032 0.082818586935162
-0.0716357849602093 -0.0173825774746426 0.00814184389817392 0.0648651906915989
-0.0953609069186011 -0.0301466721950989 0.164385136370652 0.102619165842726
-0.149314680338892 -0.0806742508553641 0.260251591541083 0.29385186152692
-0.00624087792115359 -0.133688677575782 -0.294973618095288 -0.264058273768681
-0.0509826088699931 -0.114530685082455 -0.230286860563649 -0.116090181342475
-0.114962785372838 -0.0422106943840012 -0.0248932802501786 -0.0237824299754196
-0.0982590232106489 0.0474141484962578 0.0683408912404258 -0.0189199961106588
-0.0295986985359365 0.0744201816154286 0.157693816375212 -0.126661255291771
0.00192721656368023 0.065440965403645 0.131762666790473 -0.270173640800288
0.0336002243497649 0.061329019147921 0.0681631168735882 -0.33525984217688
0.0406671375484802 0.0598854005446392 0.0369691758769493 -0.350608384765977
0.0367690257266227 0.0748705020091735 0.0410255291314566 -0.34470766098069
0.000701367248519335 0.0834120398266172 0.0848103361560757 -0.289593811710957
-0.0331021656720146 0.0925349396096185 0.115246466777861 -0.178851492646093
-0.107335918433059 0.0734133809655123 0.0139397244056984 -0.0749050605809101
-0.120940926183628 -0.021765758000964 -0.113785834555103 -0.121054577603219
-0.0401104404709169 -0.0875716517405231 -0.223092405373578 -0.264113780900672
0.0116203051953411 -0.0869708554329455 -0.211954338999861 -0.463678974059042
-0.133076296224235 -0.263583297912488 -0.243790813326194 -0.217882302870767
-0.166597843146967 -0.232694068363941 -0.19857734424155 -0.113678536033422
-0.27176910268074 -0.113699584892746 -0.0149057846681479 -0.0200443664725425
-0.270222676565175 0.050352262780983 0.0770668134718687 0.010519278602509
-0.162250980521668 0.149049674829008 0.172133269919414 -0.0970873796179869
-0.0781746085850325 0.188193087528565 0.154364441378516 -0.235749428495476
0.00561282730878524 0.209165175384358 0.0854978548332731 -0.291579932010324
0.0386612567447431 0.194345728570643 0.0447364379662294 -0.296028067653918
0.0365738441904561 0.220008249143358 0.0375799670179105 -0.285834533032662
-0.0471167003923342 0.22294248256447 0.075266618933819 -0.234997991400834
-0.121702592804313 0.206024080564505 0.100344632722772 -0.132570060939
-0.255740522931961 0.156106773678486 -0.00714274513957943 -0.0304453904268354
-0.305466111751174 -0.0118616850418972 -0.144098017098942 -0.0800072077059092
-0.212138944627983 -0.185713838560334 -0.253756972625546 -0.216023803312987
-0.138521347582232 -0.250147552317941 -0.240372756578269 -0.388055424151959
-0.239676771695267 -0.369115976331571 -0.175985470436533 -0.11990033624106
-0.268638529779062 -0.336787736719298 -0.143603691244058 -0.075744504388517
-0.410754007782824 -0.183310989805331 0.00616689305603889 -0.0122696138358162
-0.429876789618003 0.0431615723062145 0.0777992676176753 0.0285296976611423
-0.291011055393119 0.207517080102705 0.154468989792311 -0.0633234791640382
-0.160024334526386 0.288381237278094 0.144333225532453 -0.170775272815693
-0.0294324492780035 0.329887676379266 0.0844752026958381 -0.20414324334777
0.0318192438890489 0.300418705266984 0.0457104921875905 -0.19685467829423
0.0407828608885082 0.329940811361193 0.0337940361269215 -0.184479985789736
-0.073400089811398 0.334467115494224 0.0647784624909188 -0.145460291013305
-0.176296737257155 0.304692774452401 0.0828357407855939 -0.064828482043369
-0.356641496121557 0.244003180791832 -0.0150945209292894 0.0223184382890529
-0.448033429087144 0.0266354784317519 -0.144308997737172 -0.024732775974745
-0.364434874996031 -0.233661258042012 -0.235397289303007 -0.14264688015362
-0.278434622041161 -0.36373856329672 -0.212823463818819 -0.267144434269666
-0.318362827639331 -0.422670005363038 -0.0954569305684197 0.019327768890491
-0.354484020270656 -0.395077350751342 -0.0678356178004214 0.000723856455831302
-0.516734718918179 -0.218187532472022 0.0381786670652659 0.00550168150767294
-0.542122750421408 0.048617332654495 0.0694599362720995 0.0384717332646693
-0.381489848503426 0.248036296840992 0.104241707288034 -0.023304026403641
-0.217416767124957 0.35271876814241 0.102227480728481 -0.0777961642093694
-0.0586133968727044 0.402969563459493 0.0649474409544594 -0.0824633186619616
0.0217562824311954 0.360815728348312 0.0408149557744954 -0.0681502289760825
0.0384788895386612 0.387940720982873 0.0326273506463861 -0.0578353931787169
-0.0852139347325067 0.393983902852095 0.0564132789016479 -0.0334992821015092
-0.201354308322919 0.358225539535132 0.0659520971083476 0.017204897322742
-0.402767876829357 0.295399952759794 -0.0125918758595959 0.0751265249710407
-0.518889624602442 0.0655046483243425 -0.114204258818348 0.0275081735793455
-0.452564865992804 -0.238660486433447 -0.167104230564514 -0.0661324411093632
-0.375703615665441 -0.414725913408003 -0.133601187996057 -0.12405272405152
-0.354230883539283 -0.409680796462097 -0.00753500976500199 0.17572473280735
-0.396597801539815 -0.381443780808865 0.019758956525166 0.0999737983229886
-0.548304538207614 -0.202767347639655 0.0702633645684514 0.0347976169307212
-0.562604972414986 0.0596554103327669 0.0488226350000036 0.0492718581963964
-0.400774168563051 0.254462573216551 0.0319643080259624 0.0289532477986839
-0.233023608925377 0.361629514160694 0.0394718226546182 0.0348727606663881
-0.0718142678415995 0.41427401742495 0.0326760203629082 0.0556290750679354
0.00795421110958167 0.365111075485441 0.0302553170773869 0.0719261507173728
0.0242532227815811 0.387296165209895 0.0300008358461113 0.0741187520521734
-0.096979738713968 0.387784694784401 0.0465201127231569 0.0821473559152605
-0.211589433608042 0.342920290810419 0.0439941275190089 0.09963112422186
-0.390449124964959 0.27392789892159 -0.0107100932699429 0.115426521589242
-0.501942443746617 0.0657935625941091 -0.0709079845886055 0.0643238246193279
-0.454240608390581 -0.219234250323088 -0.0675585290278883 -0.00254431393754777
-0.403314584255092 -0.40188532112 -0.0199165025067532 0.0159525914185298
-0.341099586117144 -0.327977848237249 0.0767514412752191 0.317876531022729
-0.369730573653037 -0.2909401824768 0.105934720522081 0.194452625411344
-0.471960456941086 -0.142898684342634 0.0900006259135326 0.067515394895941
-0.465052551636953 0.0626050405868316 0.0199514472553439 0.0618181457145327
-0.336007743218685 0.211130095679736 -0.0419603731648251 0.0861696349478714
-0.203967217682792 0.306223215621554 -0.0256829380218989 0.148637818358304
-0.070775867458972 0.357827548309022 -0.000996542270884024 0.188846206040322
-0.00715519096682456 0.315346168309483 0.0149819449235715 0.200779302124209
-0.00210127870466904 0.330367386021629 0.0184348783294516 0.1922762246561
-0.107846816659115 0.321222128698226 0.0236139533376039 0.180038615619925
-0.204516516860034 0.262231201861858 0.00517004368063946 0.159882249814881
-0.327971162638415 0.185382507141189 -0.0205980257725316 0.131796479212802
-0.401657983305489 0.0321453497293508 -0.0330540775162306 0.0792429454751896
-0.370204029119089 -0.181719604754407 0.0331460307913039 0.0416655994570268
-0.36166545869533 -0.335960488186245 0.0970676299632568 0.136314449042932
-0.269680940432186 -0.192748151483831 0.147411200609821 0.418696547660171
-0.269116989841219 -0.148431452128422 0.178435358910538 0.257828298591535
-0.301998548203811 -0.060356830096629 0.100473209775723 0.0935446341342198
-0.279888512116513 0.0482694544356769 -0.00261787480824219 0.069697550159858
-0.212933459607568 0.127018661740168 -0.0946088505225152 0.132688807051656
-0.140395548039838 0.197724753975783 -0.0737838338487468 0.238898221484763
-0.0585897204264304 0.243858143592393 -0.0277248287229374 0.291923876511758
-0.0227311293629494 0.218457127823146 -0.00285750213521443 0.298853575744313
-0.0290906164619808 0.226689148740623 -0.00619447904588156 0.279661137697242
-0.105598999010231 0.210369881983877 -0.0195647742148363 0.242418427817259
-0.168593829098062 0.147172125826344 -0.0497489913775458 0.184563291935594
-0.220600306343952 0.0728743570300436 -0.0432853839156103 0.119272763059043
-0.244426478205762 -0.00659292577997201 -0.00720099155555978 0.0762297090880264
-0.236141273239376 -0.11893059971931 0.111943934818055 0.0720802706455754
-0.266860542945182 -0.220737231206608 0.194166710316847 0.225697611179317
-0.148384369148851 -0.0321398875655236 0.193499421220368 0.458324610280499
-0.11411076996122 0.00221475282881694 0.23141630709085 0.281463841092357
-0.0845830772946548 0.0108688071914021 0.109656899000072 0.102842864991039
-0.0644960409050678 0.00807693066969683 -0.0115372562433497 0.0652970907153894
-0.0720199214154627 0.0158411753825537 -0.118916257865924 0.156553037550296
-0.0665941985001991 0.0578474542367882 -0.096921019446996 0.2902518611927
-0.0449123801694012 0.0917060053305207 -0.0416479331078157 0.347733117493582
-0.0345757405905629 0.0879883692934934 -0.0202198835824734 0.351486284205759
-0.0423186513951142 0.0932056952997153 -0.0389095685114541 0.325563405305452
-0.0744190660961652 0.079144422380789 -0.0742470364048837 0.264370471078959
-0.0949442510913595 0.0312188504610421 -0.10890171846557 0.172948437188553
-0.0783760213760274 -0.0128880883598094 -0.065502195040534 0.082946737878114
-0.0705248735014225 -0.0126366371434496 0.011110291346134 0.0633272853977507
-0.0945611410585477 -0.0255837458344361 0.161504902984845 0.0937819626167248
-0.148833314817151 -0.0728554798309117 0.260012574355024 0.278150370143673
-0.0316897917795683 -0.123950553317869 -0.345080011563071 -0.214413044357975
-0.0713112656224897 -0.0957470196652127 -0.250778151991556 -0.0759333991593657
-0.116770656688477 -0.0159196518789256 -0.0332654998481253 -0.0297605613090922
-0.0812571262612841 0.0655599690730355 0.0573587353230045 -0.0386144834322853
-0.0131062456062183 0.0744169364252202 0.125892773784148 -0.154634543347496
0.0119652470289156 0.0606216653316777 0.0729154169004596 -0.288670965337779
0.0424062277063887 0.0480886016430392 -3.26563923095245E-05 -0.337291447759906
0.048220684714011 0.0477099149328787 -0.0326083179959278 -0.350312462640344
0.0483892812847722 0.0609937756429864 -0.0283654328349818 -0.351246096760141
0.0176858572115631 0.0771172952583244 0.0228981630944902 -0.307331551751184
-0.0127845410672382 0.0911814533481743 0.0749552295090217 -0.203237945326627
-0.0866941082358144 0.0892345337653115 -0.00239154058527019 -0.0801141810066171
-0.118259525601732 -0.000479247297288496 -0.138643187576751 -0.100234816277602
-0.0549237531774176 -0.08246611973236 -0.275476639745036 -0.209061138280585
-0.00600535426561256 -0.0946890172844582 -0.299373429235592 -0.411885381729774
-0.172631654281322 -0.220525031132443 -0.284096279590729 -0.189372762454694
-0.203643089251527 -0.183454795674611 -0.217901978539701 -0.0888816036067958
-0.278430985466567 -0.0496061854659865 -0.0262040748861155 -0.0429042875602934
-0.241494365534353 0.106532064771794 0.0663340257239836 -0.0240414613712914
-0.123909680125816 0.172563584225515 0.136442507847649 -0.132034295507751
-0.0395405503327645 0.192967437920584 0.0939274776710312 -0.259823636433341
0.0482473610947531 0.193111032241801 0.0156601272791865 -0.297185993369059
0.0708479885087535 0.176044122678232 -0.0150535120779915 -0.298607303042697
0.0765179732281637 0.198878482723317 -0.0199015965867688 -0.294018263583668
-0.00151985383113193 0.221042348185599 0.0231448017303237 -0.255040665454865
-0.0755237220890463 0.216126882712574 0.0695670577249678 -0.15607318186674
-0.211859368525834 0.197981493578355 -0.0137302761947461 -0.0354175433059881
-0.291911565804014 0.0459948463530386 -0.158534519693914 -0.060392569644503
-0.242519547807193 -0.140988011885134 -0.285930465482093 -0.156282879873626
-0.186225064741699 -0.220657421822737 -0.298432714097662 -0.32822572297509
-0.289553965284806 -0.296717803996427 -0.196534851083936 -0.114108940110654
-0.321023652333618 -0.262637756553389 -0.154640293035975 -0.0692720570314545
-0.423164106378878 -0.0852362662344861 -0.00644786492820291 -0.0524452157053806
-0.39301349638286 0.135970486975531 0.0654597392731563 -0.0191990591821128
-0.234866481984347 0.253964425753746 0.117077116928928 -0.0999566151843421
-0.0964402943819341 0.30506380702605 0.0891965482870157 -0.196111165366614
0.0419751404703676 0.315058277195904 0.0223467479454925 -0.211153327480917
0.0840376691923661 0.278478858816224 0.00430267555108391 -0.201979018373513
0.101211150929089 0.302770817647129 -0.00313711745182271 -0.194638071166367
-0.004335163542612 0.33294096719492 0.0302712767186878 -0.16647197145508
-0.10917705746925 0.320325233124223 0.0660372883489194 -0.0864915655776768
-0.291289348192342 0.301241090331664 -0.0116439798636835 0.0156991993508124
-0.419131106023921 0.112238628547959 -0.146188941653572 -0.012326938703871
-0.400266359603809 -0.153643140950245 -0.243134007566216 -0.0906254766839663
-0.345380864381111 -0.299488186186473 -0.236815249308892 -0.213813560161614
-0.372944931130478 -0.332767847721077 -0.0888737744902276 0.00379254017677428
-0.41330080023813 -0.300218658243867 -0.0639391406946718 -0.012462999080219
-0.53052192404326 -0.0957390844071681 0.0269729368893201 -0.0496271470855314
-0.497466030881403 0.166128435665152 0.0549690917949352 -0.0167608453632472
-0.311671959130203 0.313053555196267 0.0685758312443296 -0.0529909005023808
-0.138781030363375 0.377857196583774 0.0614167867905233 -0.0973900824299277
0.0312175243420855 0.390483096364595 0.0204901366540483 -0.0889200769662015
0.0872329520365322 0.338186336610229 0.0240542686799918 -0.0746068467408053
0.111255230947098 0.35925954818241 0.0208126252011087 -0.0702861539152752
-0.00431130121491076 0.393044636750727 0.0453975085817449 -0.054400984455414
-0.124552163358045 0.376996395105144 0.0666911942239772 -0.00158395106241438
-0.324868182493271 0.359663679466309 0.00199961878701075 0.066729625888822
-0.47944681953826 0.162901924615322 -0.105943300483387 0.0306361627355569
-0.487699103595225 -0.139005261884481 -0.154517501148357 -0.0320096679509153
-0.450949898505995 -0.32583858940928 -0.123043680454049 -0.0878153712811106
-0.403214412609904 -0.314977492161339 0.0285239913629442 0.143493340977847
-0.452005446357761 -0.281456624464874 0.0424240337241216 0.0683824796691822
-0.556284888884637 -0.075984456340035 0.0619718837666332 -0.0282132591287633
-0.514496368994789 0.180277615707378 0.0344260746682363 -0.00291790833101919
-0.32995144447468 0.324660179249312 0.00568340614230959 0.0116929176141736
-0.152342556382909 0.390591167102738 0.0208239054407784 0.0253857880432971
0.0224071367529993 0.405026673563909 0.0141506389658322 0.0518336864146762
0.0744209760411219 0.345973983703652 0.0410653423679564 0.0648781374776976
0.0972761654791963 0.361805476674301 0.0446864926713728 0.0615749213332983
-0.017297090411153 0.389878127039383 0.059869623451572 0.0636974433567817
-0.135775196094619 0.364867290177868 0.0617793455667427 0.0841497244167367
-0.319704557073878 0.338104795300619 0.0138323386766789 0.106197405612657
-0.461986616311391 0.162422724996685 -0.0545897562571371 0.0577733124333549
-0.482827929246044 -0.116267382718505 -0.0414322071917263 0.00709364265498894
-0.476914552997807 -0.305467032622409 0.017610306435988 0.0269320990693895
-0.377255021595498 -0.241276247652723 0.140281897475074 0.274551719271832
-0.40743279644716 -0.201288113354077 0.144633598485129 0.149505912907501
-0.47380072229441 -0.0346665436635643 0.088560013601063 0.00873995652291365
-0.42350050793622 0.163965790512271 0.0116284105532083 0.0226195372354593
-0.277771859629056 0.272502351188401 -0.0506607559272763 0.084096018249818
-0.132507081486649 0.333566811631399 -0.0180609068166022 0.149458545533693
0.0121950251527442 0.353341466009734 0.00975017205338769 0.187363380762188
0.0513920753547259 0.302110776688706 0.0515859913470327 0.193704731192683
0.0621317500813219 0.313986130296707 0.0565581652753957 0.181485768897236
-0.0409562735982334 0.329148306771034 0.05795971064448 0.166352844317331
-0.144138694202148 0.288406056179577 0.0380938099445882 0.152972751462017
-0.276706748927108 0.241829860093439 0.00811364043053097 0.12647577363443
-0.373458242729537 0.11157695357733 -0.0124996635070814 0.0687457556076688
-0.394323684368471 -0.095467065013967 0.0632531802430511 0.0299638077129425
-0.419989611091972 -0.245322538959684 0.153717624648013 0.119687411341724
-0.285369407012369 -0.128686760532227 0.228530165534593 0.370180327413936
-0.283588274116234 -0.087437104352926 0.227582422680748 0.207363435551545
-0.296780939278162 0.00687477109637671 0.107570596277005 0.0478979738766382
-0.252113359951883 0.10824850822097 -0.00256291644106976 0.0483568903506356
-0.177391019413387 0.166501588060957 -0.0846961804915923 0.143087535756631
-0.0924451214538521 0.217862880697743 -0.0416909725782927 0.247819102348655
-0.00045279305579006 0.243757159343122 0.0105590360063872 0.292299581529542
0.0193563806701712 0.212672158196668 0.0542494176712651 0.29448519593669
0.0172153956492788 0.222377514732726 0.0503500611223345 0.27442300187421
-0.0598838146593371 0.223590722071178 0.0296849227360536 0.2404594263608
-0.132411786162337 0.172681629097585 -0.0100216271073687 0.190750903232498
-0.196512921837085 0.113865538091146 -0.0157656635944518 0.122251911421198
-0.232651754225129 0.0450129668077951 0.0129166470909522 0.0672518260059727
-0.252752206373193 -0.0626791085729888 0.14031320345793 0.0434004170500896
-0.304339786940646 -0.152088415117774 0.259119158572266 0.187162657503833
-0.143496453883428 -0.0013632629191095 0.280553402217977 0.415752995707904
-0.106070882458855 0.0227738742477139 0.284203355214593 0.230769568410461
-0.0772624762735971 0.0274633435486041 0.124891784981686 0.0742138319652469
-0.0587859651061356 0.0226869470586007 -0.00277347324682414 0.0614511919394933
-0.0658724599009861 0.0325800762510928 -0.0928385870915179 0.17504260058422
-0.0493730140120345 0.0699811119107771 -0.0441670634622662 0.302225831295676
-0.0201938095573386 0.0981450555785613 0.0177546347175984 0.347988722584044
-0.0154932052985894 0.0917056727153255 0.0488761946845298 0.348658672055135
-0.0220164260367918 0.0987636650416718 0.0270650014117355 0.329491794672066
-0.0563330736586431 0.0918138843623144 -0.0188609398845334 0.276700038275208
-0.0847872714316146 0.0495941913443398 -0.0703518057928041 0.193303600754412
-0.0780745904745205 0.00432476522384435 -0.0459248994994572 0.0950398224227438
-0.0690377540360645 0.00470830856810843 0.0269307305291658 0.0573481281485929
-0.0966517332220697 -0.00118252487478549 0.185368142672778 0.0544130758024522
-0.158955261192471 -0.0331975844557248 0.32292267355452 0.222393155314535
-0.034430128433673 -0.122811335239313 -0.351477094225294 -0.209149818866308
-0.0722193944571703 -0.095054668393632 -0.254263840695633 -0.070159576787008
-0.117618007052476 -0.012293509889337 -0.035631909943049 -0.0311662151902965
-0.0802981795622843 0.0685533486321436 0.0569259478679547 -0.0407697934983609
-0.0106785808447901 0.0763173261215446 0.124873867049774 -0.158788037237313
0.0143212892021228 0.0615127429889562 0.0658626196909302 -0.292894049007583
0.0432414034746242 0.0474589748870884 -0.00768340725227772 -0.342943430018789
0.049017869256503 0.0463388746124769 -0.0408906371617219 -0.356835795978048
0.0504645841860847 0.0602341039036762 -0.0358431317274388 -0.35521949406684
0.0189731981350102 0.0778072289905106 0.0158443605559724 -0.310825138586229
-0.0108596194408783 0.0927587591970305 0.0710866350015963 -0.207314369235732
-0.0848732234368812 0.0920864602002371 -0.00390679237134595 -0.0807064241813241
-0.120082986399584 0.00162786076090643 -0.143775372151922 -0.0969616578670956
-0.0571898940298797 -0.0828360284727721 -0.28275554186667 -0.203000054362016
-0.00850986732433439 -0.0959123970185022 -0.307935368668991 -0.407805524209477
-0.176806695897057 -0.216520379955051 -0.291762637265631 -0.187163701892042
-0.207903761404482 -0.181019035662685 -0.222772046628183 -0.084087130990396
-0.282018089144669 -0.0419058619098295 -0.0293531118410432 -0.0449842599397266
-0.241162860353392 0.115492540241842 0.0660044548707895 -0.0272804718199936
-0.121144105762092 0.179592659500217 0.13648681668476 -0.137997555269927
-0.033349021655399 0.19626551901484 0.0872974435816356 -0.265636450003594
0.0531795690927597 0.193448049092421 0.0108405534560352 -0.302476500256527
0.0754490621757596 0.175391354811412 -0.0222885234476541 -0.304659476176371
0.0830839192220975 0.197880162560005 -0.0258821111305227 -0.298003462342721
0.00447317029106933 0.224610547296025 0.0186454248786522 -0.258205055481752
-0.0712328218503056 0.221876915514441 0.0675284433407019 -0.160508541804282
-0.208531873898291 0.206266099605428 -0.0142464329239549 -0.0350898540114206
-0.295788610779355 0.0536117525669881 -0.162824833516143 -0.0558620636242284
-0.248923484365405 -0.137433371827351 -0.2924051140525 -0.150150823921039
-0.194264415751993 -0.216588606424556 -0.305699941248601 -0.323943943964456
-0.295357533832951 -0.291648278493379 -0.201683327189439 -0.113153813324354
-0.329014122301864 -0.258059268168978 -0.158384849947206 -0.0660597315186064
-0.429614300039251 -0.0734102538569657 -0.0090090115429165 -0.0561731551655853
-0.39216727608912 0.148280563627734 0.0651692518915257 -0.0228222105379908
-0.231899768968752 0.266355779471302 0.11703376294642 -0.106934458482018
-0.0882962736279534 0.311493065898313 0.0841601554177897 -0.202552758851876
0.0508283535353652 0.3159605753926 0.021187707803908 -0.216148545567862
0.0919779694484029 0.277952266902931 -7.0045918668099E-05 -0.205645513882793
0.111740461124945 0.302267785144761 -0.00687623586970323 -0.197975595466387
0.0049170843840666 0.338198319225827 0.0277733853964056 -0.16861456389527
-0.102065752970755 0.329018795279311 0.0663016318262579 -0.0903055544328994
-0.285392259433271 0.313865823288256 -0.0103484613111801 0.0161702249858201
-0.422437625068413 0.12478888658121 -0.149218493076426 -0.00672736865171338
-0.408356623606893 -0.14615553500632 -0.249844204613468 -0.0853863759105042
-0.358260146411635 -0.291504941268873 -0.239905209788301 -0.209767703682533
-0.378875267986648 -0.32674047971359 -0.091303192682208 0.00340268797178457
-0.423577861385057 -0.294488279289266 -0.0659763176613224 -0.0117390720358373
-0.538445583860063 -0.0811658097962229 0.0248757606064962 -0.0547007194961566
-0.497858461889693 0.18306159784947 0.0543546624646824 -0.020473868370738
-0.308759130527092 0.32848502034221 0.0689931062310708 -0.0590499970886066
-0.128037426843245 0.387004566909345 0.0578800562038228 -0.103894597774101
0.0420342998575093 0.393663190420346 0.0231634673396242 -0.0917777161851963
0.0962390234800211 0.338229374660637 0.0230060950891842 -0.0760549100842992
0.123909606864136 0.358633919747747 0.0196585231979013 -0.0723561278458386
0.00641709693515676 0.398692873006615 0.0459603454872521 -0.0557479687188272
-0.116186791566079 0.387307092396396 0.069650251036001 -0.00551886859938236
-0.316886193229782 0.373654621381557 0.00495793861541136 0.0672045687132219
-0.482038463249924 0.178658934382993 -0.10677375901215 0.0349490704838675
-0.496685970769147 -0.127165908633482 -0.158256690131235 -0.0286000603241305
-0.465753909673743 -0.313976996824631 -0.122669247592214 -0.0855598590798425
-0.410934706171411 -0.30883522036048 0.0301600023805527 0.142005225821612
-0.463304743668175 -0.272842063754636 0.0439518381872154 0.0670269543253357
-0.565807894806203 -0.059439045396318 0.0615541552255138 -0.0338523723544448
-0.515974179494354 0.19948761106593 0.0342760694815568 -0.00615360794516443
-0.326423410898268 0.340165805391997 0.00692070899977817 0.00797531639729888
-0.14131352336597 0.399490906810587 0.0190758898644293 0.0211060401678575
0.0332302348512449 0.408086084256156 0.0205008715619695 0.0515144960383023
0.085299722812038 0.345927543001122 0.0436939641393211 0.0646097975316121
0.109593446544786 0.36227630374418 0.0463879630217179 0.0606471311231839
-0.00589937836430695 0.396474647633567 0.063540811728072 0.0623007933211384
-0.127664837617964 0.374923097461705 0.0673267775917094 0.0814330290087114
-0.311770763748055 0.351555632659047 0.0176830057337494 0.106951245732892
-0.46421889173744 0.178671693614617 -0.0533932433627599 0.061146153902706
-0.492446345730131 -0.105219472191718 -0.0438224975418846 0.0081355025195247
-0.490971431112073 -0.29162098877684 0.0214614261656841 0.0265239952956866
-0.382294844267509 -0.235373659148485 0.145348372104346 0.272981853821166
-0.417186889194348 -0.193424679676552 0.149052014719433 0.145901340982973
-0.480743760248246 -0.0211084315039025 0.0895581562866159 0.00336762369066494
-0.424019374697496 0.179536502873443 0.0116968228003093 0.0201714243759528
-0.275544003781076 0.28518032267205 -0.0495405328932771 0.0833696765837463
-0.1241397570628 0.342157715217058 -0.0161072646686557 0.147483535452259
0.0226587554799122 0.355498832684977 0.018880264400548 0.1891720130408
0.0603893014877775 0.30235291453347 0.0575270091092354 0.196572389869494
0.072200049574757 0.3143163867165 0.0614910468890619 0.183050022435558
-0.0317369692999864 0.334419611337904 0.0638582344499255 0.167002461344262
-0.137832642058833 0.297655634321458 0.0447918990878655 0.151969310341046
-0.272876176280596 0.252787332426304 0.0127899063654752 0.128004508831693
-0.375347976251436 0.12516449351101 -0.00987447221990979 0.0708989186668661
-0.401292474638605 -0.08653556060747 0.0620444369418356 0.0281572090845356
-0.432127782410387 -0.232671598314935 0.159568944212586 0.117753753839944
-0.289234069322813 -0.123941495619833 0.237307510539172 0.367878319842524
-0.290146165897704 -0.0817025222756496 0.234593969273319 0.203055813448678
-0.301959844282621 0.0159212981402622 0.109937790653196 0.0431863847536505
-0.253096932294237 0.118740238279367 -0.0021392924818193 0.0478130528522907
-0.177415662588811 0.175409764855988 -0.0834113871219098 0.145381645168075
-0.087096707970178 0.22340135286168 -0.0374037173742088 0.24872948417599
0.00625574514889179 0.24530057565464 0.0214004288123567 0.295962620127839
0.0252661952531339 0.213269201341909 0.0625146715544996 0.2983084183326
0.0236706947911626 0.223428323895312 0.056574558931256 0.278041303732579
-0.0534413120357833 0.228033438611539 0.036540337253886 0.242283409187163
-0.128647397516294 0.179974702988111 -0.00325269938944172 0.191587802038326
-0.194371552764472 0.121668979580466 -0.0121901907521289 0.124372961690112
-0.233088123457779 0.053485134743224 0.0152879100419214 0.0676475417779855
-0.25680346361108 -0.0555082058632052 0.140302191157943 0.039449096070157
-0.31202585293892 -0.142455458382884 0.267087829484513 0.183039263883612
-0.143921770535211 0.000689048508575821 0.290082419746967 0.413078043828442
-0.108194956740827 0.0256904103085279 0.292531728447675 0.225677677508636
-0.0793498193888755 0.0300607039561068 0.128788103297514 0.0705781816459777
-0.0596233147472711 0.0251216861741575 -0.00215185521413007 0.0612973058790591
-0.0676156048275093 0.0352770714048756 -0.0907960153260378 0.178320833450022
-0.0481408325009957 0.0725355924894966 -0.0380147110506462 0.305514777451339
-0.0170383690051328 0.0987125004566752 0.0273571693082593 0.353092001010773
-0.0129864047766273 0.0925979943415145 0.0575057725651763 0.354280950403093
-0.0186414063282605 0.0999880383463902 0.0354224610791289 0.333617231968252
-0.052989867059661 0.0940108699711308 -0.0122534370547975 0.280371947548378
-0.08376041225694 0.0535585109145803 -0.0648174751132031 0.196303409386137
-0.0774934664552396 0.00723471003796383 -0.0428672362761122 0.0980485617358315
-0.0688247850164052 0.00881338229178952 0.0301241944094399 0.056963265532021
-0.0980560786506419 0.0025544136297072 0.18684182305199 0.0495248423561936
-0.161876989097566 -0.027264940475545 0.332080783952698 0.216788954137056
-0.0406152744519804 -0.120945546127157 -0.367181040602294 -0.195619763822175
-0.0760452961835256 -0.0929967541258648 -0.262130906096484 -0.0574051082135517
-0.118735261612772 -0.00517010821857406 -0.0396380945053657 -0.031319739221279
-0.0776235064450162 0.075016288588545 0.0552355758308111 -0.0450792276345036
-0.0060538773786235 0.0784757118507627 0.118173901521633 -0.168640353579198
0.0191278325376096 0.0619994391452764 0.0506278770506371 -0.299216847073795
0.0456794221864161 0.0457162600361828 -0.0267279683134235 -0.347622229305048
0.0516651291819017 0.0437419059725462 -0.0598643258006241 -0.362055750682394
0.0543786401053561 0.0576004408204616 -0.054295287795547 -0.358359191915061
0.0230998139541197 0.078366350074485 0.000920489192784535 -0.315890603690182
-0.00615464502781502 0.0950506704463241 0.0606968309648921 -0.214590946616424
-0.0811466032076115 0.0972369825197125 -0.00812072719013074 -0.0814966537215653
-0.122199758947924 0.00727483262822213 -0.15154125764373 -0.088756082436877
-0.0623415658882172 -0.081973758377488 -0.29652379448647 -0.188911108587709
-0.0136608185529888 -0.0960083291778038 -0.329044645432819 -0.397209140241623
-0.187726901923108 -0.208828561664536 -0.305072823280775 -0.17631156803515
-0.216976859550815 -0.172399137630276 -0.230075312203031 -0.0734369254390678
-0.285561891713616 -0.0247263577927318 -0.0345453150512543 -0.0467075828758946
-0.236987456500158 0.132078263174942 0.0647923162650563 -0.0327922042006981
-0.112438941101703 0.190379963678887 0.130747875585074 -0.149954820119396
-0.0215915547511816 0.20148402756782 0.0725658042225327 -0.275384783659149
0.0635628789759876 0.193068270590232 -0.00364421293818256 -0.309440202300028
0.0856134056790812 0.172712969320192 -0.0377476345411106 -0.309860538922951
0.0955294949231894 0.195278948409813 -0.0411885190303538 -0.301110479417346
0.0165292837194429 0.228260682769268 0.00666199593727409 -0.261944147649253
-0.0600716242983773 0.230441620903284 0.0607245051047814 -0.1672581466294
-0.199401275850603 0.220509197108736 -0.0164797372809082 -0.0349344817476676
-0.297416714907084 0.0702392932303268 -0.168697298633837 -0.0457486148049188
-0.259165492198374 -0.125829587715709 -0.304175122676728 -0.13618169250042
-0.20909334344633 -0.207692930723966 -0.322042249946349 -0.312336712155717
-0.309937038484517 -0.279783293581172 -0.211151773296176 -0.106586868528391
-0.343724888009212 -0.242808000879428 -0.164064865838933 -0.058498335716961
-0.437381093907801 -0.048707180831032 -0.0146042217410891 -0.0596467431376006
-0.387571681583788 0.175176704412568 0.0639830265345877 -0.0292076932902671
-0.220008375005563 0.284695990471443 0.113301761974151 -0.117944245399902
-0.0705669263905897 0.320619087814105 0.0714053667349735 -0.212435047412851
0.0681547031568932 0.316991289460963 0.0127214240553905 -0.222492691342835
0.107724879577625 0.275090741968752 -0.0106856785119614 -0.210026955611106
0.129541886731053 0.298198024480562 -0.0168861918188624 -0.201286805412338
0.0243593047641972 0.343170113429165 0.0207772248734286 -0.171944288389337
-0.0857659400938962 0.341427135936657 0.0639741587809881 -0.0973657693454232
-0.271146976293319 0.334807962246848 -0.00901527495342537 0.0171972640169228
-0.423285995680664 0.149690728385503 -0.152217341079687 0.00369659211369015
-0.421673185011338 -0.12569380775828 -0.25754627539781 -0.0725471544682868
-0.378961192944817 -0.271635957942753 -0.249729939909904 -0.199886796686693
-0.395876410828943 -0.310798719822868 -0.0932068416114565 0.00546475073990563
-0.442091245455859 -0.274674655575158 -0.0673129813785825 -0.00908562868586435
-0.548859580919674 -0.0502015364449183 0.019856779656913 -0.0600889207880875
-0.492818395192729 0.216328598325669 0.0530492647370889 -0.0260719231490833
-0.297211692864193 0.352884689933205 0.0667328553660388 -0.0678939641781834
-0.106753281233963 0.399143861256492 0.0498661175002991 -0.111827603149874
0.065214020906766 0.394917184240422 0.0221978632714052 -0.0971212252249406
0.115085737582041 0.336153704421188 0.0199640402895659 -0.0790564038819128
0.14547701862256 0.355378588712542 0.0165748679875985 -0.0746928439376932
0.030583769411731 0.405179172120704 0.0452634520710707 -0.0591234691451139
-0.0958571351001319 0.401707491177102 0.0725700708199815 -0.0116832172019034
-0.299174076032556 0.397779071996172 0.00895896046790126 0.0674742970083569
-0.479485675860582 0.208731631179902 -0.106377873862679 0.0436174074840359
-0.511059852438262 -0.101773476611609 -0.163282666585074 -0.0203865680565739
-0.488504886114993 -0.288013771540749 -0.125551882669306 -0.0806982106211081
-0.427524085974626 -0.290633181463315 0.0361504199587956 0.140277981769908
-0.481685221620941 -0.251656559347163 0.0478637813217322 0.0648711318638998
-0.576211324718377 -0.0272669980187709 0.0587857391761647 -0.0411690828483727
-0.511330668652884 0.233251356348785 0.0339576892377546 -0.0103216973617726
-0.31372217461822 0.366916883968232 0.00685334111681706 0.00377587857079589
-0.119702075082943 0.413758299354595 0.0175874261100298 0.0168603502880242
0.0567564034467854 0.410285574731924 0.0276381058405645 0.0491831726730128
0.104366819939585 0.344795635802049 0.0484601131091658 0.0639088977794725
0.132151191523559 0.358419193437629 0.0505679532898576 0.0587775308701726
0.0169199354096307 0.402092112808975 0.0692933754002226 0.0597946169705344
-0.109244726727678 0.390535777396925 0.0753898737905176 0.0762656528880281
-0.294991807181141 0.374518203888398 0.0241926715738738 0.10703181973042
-0.4608856242048 0.208795857153766 -0.0506554887840503 0.0663170541140469
-0.50398100932919 -0.0796441263612611 -0.0457652627512303 0.010782622712032
-0.512195111469047 -0.263893937205787 0.0258458289109443 0.0253700366085261
-0.395066151698921 -0.22112499914641 0.159719159098194 0.268064682303302
-0.43299187471682 -0.174042569155269 0.158673382883941 0.138983640611404
-0.490426839725026 0.00799601120197675 0.0906267656553522 -0.00486644120444859
-0.419686302658642 0.208765259037684 0.0120597976068531 0.0180033546805939
-0.265341799294187 0.307800368671036 -0.0471302338026436 0.0840640380345868
-0.105918662884879 0.353807669079025 -0.0117602662646793 0.147460552288378
0.0422042874626096 0.357254035326476 0.0332747034172766 0.189393549780954
0.0770403030632871 0.301437944011036 0.0695155345688065 0.197324952101713
0.0918068920743688 0.312618093925465 0.0721912528615266 0.182290095117336
-0.0125966931944135 0.340730260304042 0.0750617425955269 0.165676903054067
-0.122484502373458 0.311234711087802 0.0554426445379343 0.149142444007703
-0.261047558354063 0.272759627579801 0.0201389042563807 0.128842637701608
-0.371812675811335 0.150471239145598 -0.0058919267380119 0.0728099453504841
-0.411097821031609 -0.0637898740592779 0.0624600383001353 0.0247953544748665
-0.4503553934157 -0.206211443457882 0.170047250898004 0.110972891323948
-0.296909682891567 -0.11290833731791 0.258909677385651 0.361270964625754
-0.299939638186312 -0.0672138356975324 0.248020381095823 0.191794527142389
-0.306976887765681 0.0348843490152605 0.113793985119922 0.0360474224712417
-0.250978551791563 0.135983737128775 0.000145037983051938 0.0473898551514663
-0.171766831142114 0.190646085309345 -0.0780296087742715 0.149657669705031
-0.0762887048883203 0.232249556919287 -0.0265143732519104 0.251948502488438
0.0206419254080897 0.246922087724696 0.0407345438710184 0.298801708148224
0.0372325693650106 0.214013739458869 0.0798384325483645 0.301386128008199
0.03757496121082 0.223250275686929 0.0726177232675969 0.279842295688239
-0.0403055619921431 0.233422074785319 0.0506869153479965 0.243135051582389
-0.119612273386299 0.190583805284581 0.0085732785147483 0.192675611345235
-0.189204626660313 0.134271452577699 -0.0046578049907784 0.126390351563336
-0.232399028317614 0.0693120769011098 0.0203228546301994 0.0679814985592513
-0.262562089970125 -0.0409796910862121 0.14181330945358 0.0319520082326219
-0.323203990374966 -0.123011139321938 0.280435099277904 0.171631708176482
-0.144932750630681 0.00618986014766162 0.312373319517985 0.404065596715571
-0.109620745304284 0.0315063524807127 0.307102233405364 0.211823749232408
-0.0802977907756737 0.0357567962053272 0.134391936385387 0.0626809985503101
-0.0598360491869434 0.0296435327431958 0.000169406619463658 0.0615305832711847
-0.0680815681063172 0.0403529799081439 -0.0846259160698705 0.185268318759644
-0.0453402928213712 0.0768289505656561 -0.0236798268976681 0.310838086758728
-0.0110028894478506 0.0998421849065875 0.0483243812529427 0.35758970340274
-0.00762702925147447 0.0941843674712284 0.0784765294827118 0.359244051165723
-0.0127559943865785 0.101896188562387 0.0538301346403875 0.338134128502399
-0.0475233950275608 0.098333039944646 0.00413348664487508 0.285606783828982
-0.0808210795753443 0.0594624801681359 -0.0540442978635655 0.201258493638685
-0.0777672152776648 0.0121439017835559 -0.0371403346862629 0.10219637850115
-0.0688264893725589 0.0149394571033787 0.034744193982658 0.0562421579286733
-0.0994384891193936 0.00891213287119414 0.189327770167721 0.0395089980548157
-0.165768837009196 -0.0166630955031105 0.347358958679918 0.203187923577995
-0.0477496722170722 -0.115297744565191 -0.375321588255456 -0.16778084868805
-0.0791090644739902 -0.0873644293043294 -0.262163249907746 -0.0367637150640404
-0.115620778931451 0.00370589706004044 -0.0438828705028393 -0.0291726848906202
-0.0700263460196078 0.0797684117598717 0.0501293566516047 -0.0490435373556687
0.000626048400617307 0.0778424746234539 0.10387563111531 -0.17620487329099
0.0247394882212166 0.0602503533557813 0.0271544301785327 -0.298785789958311
0.0477729281175706 0.0422250352121296 -0.0521100873164494 -0.342606977303445
0.0536131837511678 0.0391150264421727 -0.0863914997912228 -0.355545912940922
0.0575433410757108 0.0524816100665355 -0.0795943022795571 -0.350939159555003
0.0281226376390017 0.076266210221423 -0.0216328732029668 -0.310967919886181
0.00112158358183566 0.0941689997209388 0.0437139802388719 -0.215854501970013
-0.0726212066856632 0.101362399521105 -0.0138677258681419 -0.0790424889929439
-0.12067233178044 0.0151144064723057 -0.1576772636581 -0.0743982245625857
-0.0670938328473952 -0.0767773612540471 -0.303673979757474 -0.163848625467743
-0.0200302271755803 -0.0925076467303522 -0.350828176001937 -0.368928620133117
-0.196989840405148 -0.191995619171972 -0.313021253129563 -0.153985818176727
-0.223547888592516 -0.155380902202824 -0.231252059894313 -0.0545569592633162
-0.281122634463799 -0.00289625658394977 -0.0408296874585607 -0.0447547557602996
-0.222448117094018 0.148536141434675 0.0596520557805941 -0.0380236411447302
-0.0960787426694104 0.197126791014856 0.11804222494024 -0.159126075798276
-0.00466275349435682 0.200170436764437 0.0492525052277478 -0.277117858785114
0.0767366389093084 0.185548855562729 -0.0259347790717858 -0.30743007684219
0.095821993349988 0.163070104588856 -0.0602246844551526 -0.305595486993819
0.10876413464743 0.18397195009419 -0.062176258692357 -0.295083325800933
0.033946539369202 0.224645408176736 -0.0113595408287319 -0.259248655532622
-0.0412729519346559 0.233156282310466 0.0478404060893311 -0.170610309574644
-0.179397978301649 0.232103106938153 -0.0191669213910619 -0.0324736514267428
-0.28887691291632 0.0920851772155362 -0.171120455066848 -0.0308325141619785
-0.264933955109794 -0.105247219010218 -0.309403512507129 -0.110845170713534
-0.220479984284745 -0.186469741273707 -0.337040250198061 -0.285048854766081
-0.321643497671116 -0.254635624910322 -0.216156765086538 -0.0928056562183761
-0.35400449998839 -0.2156431963091 -0.165330432602425 -0.0455234467194958
-0.432217161477998 -0.0131396097001529 -0.0220459512666096 -0.060363693469135
-0.368336629948069 0.202191534409975 0.0591364112286107 -0.0342137007970308
-0.195014115975024 0.299717076352331 0.101308069506012 -0.127546876250944
-0.0437319268137324 0.322054503796349 0.0518665889351882 -0.217228722929792
0.090146956508026 0.307765764632176 -0.00196439484886821 -0.223652047747761
0.125194511702966 0.262730652420068 -0.0252653533421563 -0.20867628238943
0.150991875517753 0.282490815002657 -0.0308056964109159 -0.19797037127505
0.0500820471785261 0.337363649609192 0.0101539392654284 -0.171459395438086
-0.0580713875533649 0.345443645914551 0.0575503758374653 -0.102671936071328
-0.241114448240267 0.350190751156809 -0.00835005256399142 0.0181313906485193
-0.407806967614478 0.181466317176169 -0.149797498419837 0.0170290592805185
-0.425004689324153 -0.0926780660577135 -0.25993883791767 -0.0527000056694086
-0.39296564914227 -0.236157466691732 -0.258157967883359 -0.1805369205299
-0.408860589808957 -0.279264332364997 -0.0929189493114286 0.00970899600306823
-0.455103490993111 -0.238186778081029 -0.0666531518841194 -0.00463406408471644
-0.542926633988818 -0.00539356218619868 0.0125883350747321 -0.0642030339431326
-0.468260915049493 0.252057172470298 0.0489069445232819 -0.0311863957019267
-0.265025150623494 0.374512498713574 0.0589991391700204 -0.075352562818328
-0.0727822214688341 0.402088443098061 0.0365250377696514 -0.11615686634106
0.0933259749046967 0.383661785082529 0.0172154909681951 -0.100380413215773
0.136624773171934 0.321407270837254 0.0147106195926943 -0.0807717890766837
0.170054338822725 0.336087962674288 0.0110384292966425 -0.0750857986563548
0.0602735038549735 0.397684537349945 0.0426107457973079 -0.0617278303654095
-0.06315161787637 0.405280395516633 0.0719761186029809 -0.0200232869233897
-0.26474773865275 0.414087292204361 0.0137535511005436 0.0664037575294395
-0.458134556909079 0.244705272309444 -0.10064636604176 0.0525807635540854
-0.510586571709829 -0.0621044609528903 -0.163720773889216 -0.00722746522443915
-0.502502002854699 -0.240269365640964 -0.126113460814904 -0.0714957456642363
-0.438749793690645 -0.259761415896827 0.0443901049552599 0.132851220372113
-0.493012085363382 -0.212983291550644 0.052026435775427 0.058756260726234
-0.569932164524095 0.020470331981922 0.0531593259847496 -0.0487827187397355
-0.48505570333025 0.272725380816045 0.031354279685774 -0.014950121438682
-0.280811192063479 0.389959007740041 0.00470339078473069 -0.000275693265050659
-0.0861311919317573 0.417810586415046 0.0144235010673902 0.0130601980788569
0.0863434909230135 0.399858491680079 0.0342801466727376 0.0432270957724207
0.127090041054386 0.33163350063787 0.0537615278097087 0.0596922681527263
0.157383127970747 0.340888145229076 0.0541625009841208 0.0550055496504026
0.0478399541843365 0.396310463623089 0.0750761117315407 0.0532499592364509
-0.076834507588501 0.395479511715635 0.0816374557685633 0.066205611007925
-0.260950679711285 0.391979689447986 0.0321922082588497 0.103999028852425
-0.436625672162295 0.242587240604036 -0.044238778188091 0.070151479954243
-0.503171599535036 -0.0389906946336022 -0.0462534082434355 0.014274737443403
-0.522691412108082 -0.216208980734723 0.0298845046981646 0.0222143556362605
-0.403107320669752 -0.191631188428533 0.174677499720056 0.250780761460002
-0.440022222948893 -0.140705926871268 0.16706760315823 0.123454493737578
-0.482605241779786 0.047828036380935 0.0874470783137715 -0.014540586721477
-0.398238540403124 0.239909883064795 0.012582297470787 0.0151023306008493
-0.23884860946067 0.328694772275753 -0.0423380533349452 0.0839497967160474
-0.0777821959870069 0.358419656728273 -0.00391574710880601 0.144580276074205
0.0688201801815337 0.348408037922619 0.0498322325594683 0.182535206743552
0.0980479293473403 0.290952793129768 0.0845582514047225 0.19093235829316
0.113360040989305 0.299475060715021 0.0845750781154443 0.175571902938835
0.0142794449098389 0.337548292720503 0.0878810412308924 0.157460880974532
-0.0967243769257102 0.3182500822866 0.0675940560364579 0.139562148736183
-0.235168838561908 0.288520365627063 0.0299012900718042 0.125163902883621
-0.354492484791913 0.177476342549782 0.000494995014269236 0.0728163172789098
-0.409486843569726 -0.032113039645162 0.0610497921555539 0.019998476492993
-0.457120493371496 -0.165823124580817 0.176727776371266 0.0962227139629097
-0.299302894970342 -0.0928995092698247 0.277320025225677 0.336829726519059
-0.300934420893405 -0.0445493038549562 0.257827945770068 0.169451767690708
-0.301215255441367 0.0600436352737283 0.114292897144503 0.0249421435934763
-0.236945741420171 0.155536984129286 0.00321295663948232 0.0452606206316333
-0.156151267328687 0.203937232453153 -0.0678192512187034 0.152115315330315
-0.057793910154652 0.236209525403645 -0.0100773919761792 0.249337275827984
0.0391292341682216 0.241258249684839 0.0642338390089257 0.29118816417425
0.0522943170489657 0.207781041790256 0.103024749529964 0.293090304836065
0.0540870815141953 0.216178125199934 0.0920575864715162 0.271879303924349
-0.021901231460057 0.232908027212546 0.0689504903638801 0.235993549122673
-0.102343751817531 0.198057865899192 0.0242925880293909 0.187534785089231
-0.175203391133178 0.147622649631815 0.00583687407011306 0.124670474195669
-0.222694965326162 0.0877889959447653 0.0261221420387871 0.065508834291699
-0.261625357214532 -0.0194509906154299 0.139890904480456 0.0208964354840152
-0.326798862508104 -0.0937738421345607 0.290002539977755 0.148101087064835
-0.142620167832756 0.01437487830047 0.334773700488353 0.378124296134992
-0.107018609469347 0.0398964518423347 0.316893377545794 0.184836061354243
-0.0783002174932714 0.0427165975026726 0.137674801966116 0.0507806367417434
-0.0576493324569561 0.0348358641075449 0.00458022334162075 0.0594472172002559
-0.0653548949718596 0.0468861499327879 -0.0710233425282879 0.189121758056171
-0.0397290048299096 0.080024029741721 -0.00156249055501778 0.307347875291379
-0.00297807288830114 0.0987317704592212 0.0752600101771063 0.349553366840311
-0.000120596217075154 0.0932040069592092 0.105636694024639 0.350828474262134
-0.00405652171136833 0.101079066954252 0.0780921179500809 0.330578392808653
-0.0385564548725139 0.0999562824625625 0.0245850673613167 0.281132607598351
-0.0740341769982761 0.0651803922645799 -0.037509666021544 0.20198226238547
-0.0744834832793808 0.0179871667570062 -0.02749848894288 0.103444090969105
-0.0652176873669326 0.0219241738614772 0.0397598706880299 0.0526630247526839
-0.0970382775528124 0.0175886827760037 0.186695532250586 0.0250801921648621
-0.16482004921389 -0.00217731254547424 0.35717426715267 0.175820666613074
-0.051038775749141 -0.105645428856629 -0.36624860879852 -0.137494133815894
-0.0782966399019878 -0.0795407053120043 -0.249648708413047 -0.017728074500737
-0.107722394807321 0.00943902359042314 -0.0456294819684346 -0.0250805856845039
-0.060640465691841 0.0798504500369845 0.0429229370021937 -0.0499783233514706
0.00645268446147154 0.0733221357198642 0.0868721801374007 -0.174513551444589
0.0283231265927314 0.0555844714505594 0.00674635987157464 -0.285204148757391
0.0470715053183319 0.0381130660994246 -0.0716323808919895 -0.323611780056876
0.0525395979393693 0.0337455232184359 -0.104322538183731 -0.33499316974611
0.0576956091372366 0.0458421009255818 -0.0963210411035744 -0.329127429927766
0.0308809694710963 0.070818335555269 -0.0385618217285494 -0.293399083614407
0.00709070327090167 0.0898154850809026 0.027909048440546 -0.207660038232537
-0.0627948647979052 0.100211637826646 -0.0183244754166514 -0.0732919981243748
-0.114417436988299 0.0209495081911238 -0.154616346058102 -0.058864325843039
-0.0679455674288904 -0.0693943367335106 -0.297070592541429 -0.136200530361963
-0.0239195256758144 -0.0854890138520849 -0.351808024684497 -0.330002664294542
-0.19636428597357 -0.170091474572684 -0.306985661858394 -0.129169024411319
-0.217826976374553 -0.135657712308761 -0.222140923756617 -0.0370735805177852
-0.264966107052926 0.0148124733157529 -0.0442058938430375 -0.0412035145330473
-0.200090937761975 0.15522795370195 0.05298791386038 -0.0401402491173096
-0.0779244766964887 0.194212073360076 0.100622467528982 -0.160450682359775
0.009787239625535 0.190796579806883 0.0272557115216988 -0.266928351029766
0.0839480129693057 0.17194869634186 -0.0436018561371525 -0.292151025602121
0.100235658549062 0.148823900282516 -0.0764513325877996 -0.289576758284833
0.114404442016649 0.166714425958479 -0.0768940204335311 -0.277737900363456
0.0463380000312447 0.212282924660913 -0.0253224767729674 -0.245424143532066
-0.0243742547171801 0.225139298054686 0.0349924631305185 -0.166221875185576
-0.155970992125433 0.231622656651989 -0.0206677438878843 -0.028105154751927
-0.269427249335576 0.106151635434426 -0.164638944681494 -0.0170156628516856
-0.25794936408299 -0.0831662633514652 -0.299208991255609 -0.0861558428534079
-0.218496195408354 -0.160871233574374 -0.333799577189483 -0.252635823339975
-0.31715762840058 -0.22200455526458 -0.211715292423745 -0.0781559722280103
-0.345128707921147 -0.184357214257924 -0.159244531870623 -0.0337394840911988
-0.407800977713677 0.0150076017825396 -0.0281316306711558 -0.0580634272525029
-0.333168290122122 0.216773358093245 0.0519517270503004 -0.0374197205091162
-0.16585536269087 0.299070425494035 0.0866473943304448 -0.129810775261792
-0.0195997406377488 0.309201540011206 0.0321415266620509 -0.209065295644191
0.105349673829495 0.28632568981034 -0.0154679974450329 -0.214891023453184
0.134088734433959 0.241417564724084 -0.0370781784791436 -0.198755869498096
0.160814440202017 0.257054867000696 -0.0413152974104385 -0.186512810290135
0.0701537459510899 0.318272966565365 0.000728668455855519 -0.164695730615306
-0.0324523469691563 0.333822446935217 0.0483505220478454 -0.103643936291369
-0.206383712573949 0.347410476368597 -0.00683367318218639 0.0199058783994995
-0.374849696863594 0.199399776800407 -0.141553793935896 0.0271300621822493
-0.409100469889595 -0.060954488186946 -0.249984182734316 -0.0330145225920394
-0.385084848870867 -0.194556353314977 -0.252668564050456 -0.155900483194809
-0.402113196632413 -0.241854591464865 -0.0884458392375744 0.0115720136661711
-0.443830453741049 -0.200619461994826 -0.0631578070346869 -0.00191522158226908
-0.513177614905043 0.0298404475777734 0.00490617141238505 -0.0641322187425457
-0.427928111609781 0.271163296114567 0.0426817987120693 -0.0336876757985126
-0.227093117316659 0.373451282426789 0.049702955906721 -0.0773748035583033
-0.0437361559275537 0.3875697690312 0.023561892466457 -0.113084488270312
0.113074686713124 0.35767022067543 0.0113842127902465 -0.0994064322129531
0.148602795356009 0.296463856817031 0.0096597720974375 -0.0792846800211749
0.182929376294966 0.306055186616552 0.0058641198087608 -0.0722955218983379
0.0833375349137192 0.373841752528198 0.039084235343454 -0.0628060494242416
-0.0332626116672772 0.392326295591036 0.0684096112819087 -0.0265934505120604
-0.223670772552136 0.410928199936457 0.0175457643588577 0.0634306444876327
-0.419138676503371 0.263373109458122 -0.0914560319362805 0.0574028501049385
-0.487655630573389 -0.0257173107667132 -0.156679776433687 0.00343654648107609
-0.488269555133387 -0.193053842207606 -0.121422484562991 -0.061351421259039
-0.430359435631521 -0.221384727709969 0.0477173896875841 0.120698128645536
-0.478396393142214 -0.173086342856067 0.0531587031027883 0.0506271710782519
-0.53748916303338 0.0571326367787231 0.0455255113823678 -0.0518460871335469
-0.441863324345886 0.291042894270374 0.0278549616006059 -0.0178219575417381
-0.242372962953236 0.391434728617024 0.00225915929349005 -0.00242034312922027
-0.0534314803496024 0.403234109187217 0.0102043070005953 0.0106599990932222
0.107980628709912 0.373489086458926 0.0367176579722769 0.0363507077189413
0.140102803345649 0.306599952273561 0.0555012309452112 0.0522338453706207
0.170201529979819 0.312134651388369 0.0552476673134183 0.0494971130579295
0.0720530989742768 0.372900911167796 0.0763309704422462 0.044445920862474
-0.0474696638546724 0.381636464888854 0.0821886371986761 0.054901450983497
-0.221696105376065 0.388895930971467 0.0371637946854859 0.0977999132835761
-0.399291625294748 0.260396025137086 -0.0364018304535998 0.0698868333121392
-0.47702031336174 -0.00477933114365156 -0.0440759404973843 0.0163188361361157
-0.505121332990705 -0.16677486840784 0.0318498605781873 0.017952564253645
-0.393010015792668 -0.160164389361594 0.178399134715354 0.225789913393224
-0.427121159601709 -0.107780004390425 0.165587407779571 0.104816042495568
-0.45460733699536 0.0781045621459714 0.0813124822680517 -0.0217587212363804
-0.362098439998771 0.255481117010824 0.0123712879113754 0.0116420594522924
-0.206077812322867 0.330574863581931 -0.0362492566328154 0.0804710010841027
-0.0502258809256251 0.346094239952595 0.00196351183986954 0.136729472590054
0.0879351070514574 0.325461222433753 0.0609241344059045 0.167936738390015
0.110074414035737 0.270588522617001 0.0943269120796496 0.176076852388779
0.126331737487511 0.274644641658109 0.0912360058906929 0.162669279412128
0.0356401449951251 0.31912105155801 0.0946157408032664 0.142783593491039
-0.0700814032063553 0.309548056006051 0.0738042666090581 0.12557583734859
-0.203520479927818 0.288810381479494 0.0364236224983263 0.117392736497131
-0.32344541027153 0.19305782447169 0.0061336293266166 0.0693695670455877
-0.389384879561574 -0.00295351804041933 0.0579732019951312 0.0151385714262753
-0.441088093692247 -0.122759673501656 0.175519310241579 0.0791629619945278
-0.289370959847135 -0.0722677606408423 0.280810548176013 0.303037365567131
-0.289757592068115 -0.0236872955709541 0.254224910129328 0.142859251839863
-0.281867291116896 0.0790165299388973 0.109477459499723 0.0138805798258434
-0.214753036560482 0.164931206658418 0.00511751848082601 0.0413298829360415
-0.135452987109638 0.206661594817151 -0.0562994624158686 0.148055350575122
-0.039590222367908 0.229071173762792 0.00384559864534497 0.236919427051417
0.0519669282252901 0.22522517198441 0.0811524832781144 0.271077137615308
0.0625028883820394 0.194313161137346 0.117990476759344 0.273979366253536
0.0651722148598649 0.200513033643428 0.104969444133406 0.253222665987374
-0.00487541781354547 0.222540254350448 0.0807974520861122 0.218596299653036
-0.0843925805804731 0.195690138262055 0.0349842613835835 0.173888587023795
-0.155411439665433 0.15062061809083 0.0136151718160422 0.117879365873763
-0.203607737845394 0.0991391022788089 0.0297098743540242 0.0603526069538761
-0.248609565140217 -0.000981144220566483 0.131713865432867 0.0114937987331002
-0.313406046567146 -0.0646897499925898 0.285207652622582 0.123313777582923
-0.13538139535848 0.0203057630307379 0.338400756236833 0.339478481054412
-0.100742171737798 0.0448390977509553 0.310465812615067 0.154830561824892
-0.072621840095691 0.048126128610516 0.1341489509983 0.0375881885875695
-0.0524904336307726 0.037934720746626 0.00747153952439001 0.0549917716257396
-0.0599268409743491 0.050762180940857 -0.0568740616751732 0.183844847653406
-0.0328969872336648 0.0792068512708732 0.0168964839356975 0.291657172550805
0.00379996086592828 0.0933089551781129 0.0947189914762358 0.327766802113323
0.00603806742251995 0.088376341367564 0.122930725285904 0.329604990734792
0.0031703629857911 0.095470335270216 0.0955088891307407 0.31036527073508
-0.0292997720548885 0.0968733103580563 0.041080622580548 0.265386440363958
-0.0658055430464595 0.0670889947177037 -0.02217247058365 0.192870755710818
-0.0679105290833255 0.0224731608562444 -0.0189387901448847 0.0988258850743055
-0.0585723422103045 0.0264012741158541 0.0421957575274699 0.0467778697946262
-0.0912800123274911 0.0233321086154317 0.176880156547068 0.0134405750853913
-0.155974440858729 0.00998386581911575 0.350445890354635 0.14591232543261
-0.0652051663865164 -0.0862960191573337 -0.361362446039308 -0.0730975435023697
-0.0817988130781432 -0.0598428454692635 -0.236762151023138 0.0219653905955068
-0.0959144512178325 0.021832647723732 -0.0560031959424555 -0.0167235916383246
-0.0436474050323391 0.0796829842507326 0.024072220637456 -0.0500557117575612
0.0130388698720513 0.062769999644296 0.0526614480262543 -0.172502989570758
0.0304717787720716 0.0469496293023373 -0.0371705590659299 -0.264992913379639
0.0453329375211067 0.0293539502437647 -0.11408450695464 -0.294322321727789
0.0496493546033754 0.0241795999878271 -0.149046849706549 -0.299099402489967
0.0563266457432288 0.0347936563763358 -0.143518070398084 -0.295077989919771
0.0366211531211453 0.0607238527419226 -0.0849507780619193 -0.268646918837379
0.0158209402817244 0.0799949798386821 -0.00799179452850877 -0.19824134073384
-0.0463757452170255 0.10009885062241 -0.0276436931551337 -0.0660813965335919
-0.104409309621185 0.0311548586819404 -0.154287840969672 -0.0288542247695991
-0.0742990031607276 -0.0584858440931807 -0.292251666204941 -0.0771731304014431
-0.0379112547223165 -0.0795930903013106 -0.36764647839253 -0.255874755621295
-0.203908026498847 -0.129333966626788 -0.311544510717764 -0.0789667247870868
-0.215984072839457 -0.0921315698924002 -0.219275029350315 -0.0049443048509803
-0.235960020776606 0.0479843443865288 -0.0678043053718934 -0.0347161741839283
-0.157080392601137 0.167356235822977 0.023530860887776 -0.0436188502083614
-0.0467089916825664 0.184779583856391 0.0602211340822696 -0.154105616547266
0.0310413527704335 0.173312402466166 -0.0166486095644633 -0.24525380608671
0.0976006289499423 0.145890631689111 -0.0844291923140706 -0.26306759614288
0.106986111638608 0.124875978536689 -0.115869361509323 -0.259999240440743
0.125107718690767 0.138663248524505 -0.119444311342583 -0.251299698539999
0.0702921839884934 0.189767472876794 -0.0679943967346493 -0.22731315553555
0.00233132354872458 0.209416558626303 0.0057969936880232 -0.162122088645721
-0.114048904647441 0.235309903341643 -0.0218150991452168 -0.0268099205206408
-0.236215342568536 0.128634687465178 -0.158832983945992 0.0108176920006093
-0.250570993052505 -0.0446258036609066 -0.285076098113909 -0.0342557598770593
-0.22622674403768 -0.123697976155096 -0.339593894476844 -0.188549322047628
-0.318063961737322 -0.163955817454407 -0.222014372882805 -0.0503936884769428
-0.337995307184243 -0.119224563468513 -0.165394035213089 -0.0154418596880866
-0.363252241387952 0.066861912530946 -0.0656843114769378 -0.0554079127191705
-0.267687690565186 0.243146745557992 0.01248656446815 -0.042834297503215
-0.11133780702988 0.292494856433584 0.0453133435995483 -0.11772734613511
0.020268214851432 0.28662956466195 -0.00559374498077931 -0.187086406298234
0.133229796637639 0.247357185706004 -0.047519620717806 -0.18943252285369
0.150108542013328 0.206559037613799 -0.0660478617587127 -0.18042334985657
0.180057854367806 0.215537023527152 -0.0731483287845598 -0.171738808316641
0.107263394815015 0.285793913146996 -0.0330327685491666 -0.156245781768485
0.00756227083359249 0.311146629857509 0.0276043393949662 -0.108268358368203
-0.145238779100917 0.351047057486297 -0.0013051224778295 0.0130546856456197
-0.321064058621288 0.228245457005797 -0.131909674982348 0.0466970046649911
-0.385308424930274 -0.000609260382870194 -0.229382078712824 0.00348015484927858
-0.383173297078475 -0.133326922697152 -0.250841160850187 -0.11324178280928
-0.394406401443505 -0.172478920967391 -0.0989938146118571 0.0100685572251099
-0.429053293203444 -0.122886922554851 -0.0743890651941356 -0.00344603270789499
-0.457253352244817 0.0957949578598409 -0.0429547901286599 -0.0681378922311551
-0.343630944479585 0.306312105081811 -0.00318799548010635 -0.0392734412204668
-0.156233203813374 0.371829200489625 0.0135540775638293 -0.0587580556740659
0.00917917252438925 0.36305313387639 -0.000807304980728189 -0.0925594208101588
0.151534388318527 0.311104614167556 -0.00649028642918132 -0.0811640294238407
0.172092235371082 0.255921591411397 -0.00471037956655833 -0.0743686826880232
0.20721850267159 0.257529600531405 -0.0115637857906546 -0.0715903819357119
0.128244003938216 0.336250170293095 0.0181166685759241 -0.0676786910532561
0.0132218183788586 0.365347517009135 0.0584216819968368 -0.0399930799270472
-0.153542110926343 0.412194550041276 0.0286789102431945 0.0480836349918513
-0.351888034058162 0.291957752758145 -0.0822253804020681 0.0664873588320992
-0.452168728725637 0.0422365337405105 -0.137456403042011 0.0205190859550614
-0.474459282896165 -0.117011532199191 -0.115568458269545 -0.0457660764003154
-0.415272230401628 -0.152619650804563 0.0428871668699788 0.0895871585774069
-0.45737929542229 -0.0947962039531342 0.0400910428709984 0.0265151651938781
-0.476107742936598 0.123078337819749 -0.0051111219587813 -0.0630966377654121
-0.353656278880042 0.328231085440522 -0.0164633004546838 -0.0216558007220025
-0.166216058792114 0.39042269684836 -0.019211597075366 0.01931982320318
0.0044107094552338 0.380435405386633 0.0051422751825684 0.026028258290239
0.150296824376185 0.325357224169431 0.0367636155916181 0.0444126072015128
0.165961113946947 0.26599506242709 0.0589305711906693 0.042765823566673
0.197419924550108 0.263820605007059 0.0535923777027435 0.0357170689788067
0.11803849681561 0.336832237753349 0.0709316171353867 0.0259960605514131
0.0023825974787178 0.359121727435617 0.0848406941703448 0.0320748767157604
-0.153082708599046 0.390855281772604 0.0517094614072558 0.0765348584462047
-0.333112076127341 0.287195390115582 -0.0290347110553735 0.0685095226473881
-0.43796810582563 0.0617483549044831 -0.0330813310206852 0.0147258691474927
-0.486335664352863 -0.090114816934811 0.0366398434692247 0.00663775869855942
-0.37290700829723 -0.100562772651147 0.181815103155427 0.168189238166404
-0.399289553532393 -0.0430085818728201 0.15485591043798 0.0615374385888412
-0.399061289704831 0.132614235996067 0.0388350554293647 -0.0381911853708324
-0.286578156665893 0.286032230356341 -0.0195588522205123 0.00867001957740779
-0.139563115169623 0.332594710705252 -0.0391130153429032 0.0997220888483447
0.00128788252363244 0.327171831997066 0.0171767148368559 0.143301148185055
0.125904980911597 0.284181575689148 0.0791592890787028 0.1635417182836
0.135204282316078 0.23640149473683 0.113918751372025 0.152691339565178
0.153745645615851 0.235978778041042 0.106707244257251 0.136112532913039
0.0779531381438928 0.291742500484643 0.105382228245393 0.114811674848877
-0.028726005571 0.2946283535655 0.0889471022306167 0.100785589648552
-0.14993072901299 0.296163378967622 0.0551213277767839 0.0968134490293825
-0.270663478352344 0.216291155297322 0.0116943207711031 0.0611970415418732
-0.355729356268669 0.0505886984765667 0.0588416764379244 -0.00127885724698662
-0.418977858460835 -0.0585497915905794 0.176205435186888 0.0441548494281655
-0.26558780624902 -0.0333842516425771 0.294438181078534 0.227844532836564
-0.262945351725161 0.013857349341599 0.247635211079668 0.08678659674154
-0.24305413174284 0.109288272045757 0.083440558692893 -0.00621219402817487
-0.167665891800508 0.182330512063694 -0.00891839493290912 0.0376427827297174
-0.0916408224539705 0.210218538416118 -0.041149786287445 0.158847583626892
-0.00357943178548967 0.21809271775537 0.0354471329917133 0.231322180290589
0.0812558650817116 0.197569167805981 0.113823703712458 0.254191648259926
0.082776599977211 0.171696202776022 0.150648266458469 0.240096823919066
0.0883022693850328 0.175336700762626 0.135696826038869 0.220676068188892
0.0274199839169309 0.207374766664827 0.107039314880226 0.189045133633989
-0.0537901820622824 0.191556617996259 0.0614476240623533 0.153442422210245
-0.123378922480078 0.161833968840856 0.0332923371772589 0.103090580701174
-0.171711411457997 0.116136869182351 0.0346778368853568 0.0485328721576608
-0.225746695486774 0.0342088868109453 0.124235587267098 -0.0146281421126505
-0.29301023915562 -0.0196918717796562 0.282046094594681 0.0706725168449335
-0.113085981049525 0.0331635574636176 0.36048106716838 0.258507670686613
-0.0818310563476217 0.0509120149088387 0.309287368621262 0.092946674281687
-0.0581355259773667 0.0533547951000951 0.124850611141773 0.0136426460736412
-0.0403377281509256 0.0436580787525932 0.0100670029726784 0.0491532743424271
-0.0443485349231064 0.0576880823443616 -0.0294496319565165 0.183983101799718
-0.0163264787778963 0.0782717545076757 0.0573549004939315 0.27511122300682
0.0194111883860028 0.0835038412788816 0.135825232658146 0.300828046374881
0.0187257022710319 0.0813645765363071 0.164835055516742 0.291719063297359
0.0180602907737809 0.0874829050200711 0.138076554909961 0.276006187815493
-0.0121519579815848 0.0948003449321096 0.0802917234674986 0.24045808182676
-0.0516446331880749 0.0709334579675368 0.011401558198974 0.181780048706632
-0.059499171920972 0.0308538473182665 -0.000167399864858912 0.0934806511197704
-0.0483716414011137 0.0323877690842681 0.0465691587500514 0.0351646751400352
-0.0783814336110913 0.0359560175673198 0.16414571294707 -0.017564563645147
-0.138117839592803 0.0303279358482621 0.344404948230632 0.0839301537598533
-0.0595175372728328 -0.0819799132977299 -0.340206135690927 -0.0762348349017878
-0.076012567792538 -0.0603499214414815 -0.223140134152335 0.0179966883305241
-0.0915636585876402 0.0180654918496327 -0.0541745832141857 -0.0162045523086904
-0.0421552139798347 0.0745411381653729 0.0227550685704232 -0.0466038528130333
0.011111808771846 0.0597488746062116 0.0516057614463497 -0.163170140434614
0.0289399230186829 0.0443512932207616 -0.0323525354193475 -0.25201592471649
0.0426005924457795 0.0290370674068169 -0.105984118231668 -0.28164032205736
0.0460484470185582 0.0239136843200655 -0.139425128297659 -0.288752621699353
0.0520179282784547 0.0334342300130427 -0.13218424378446 -0.283024452731117
0.0334951759906193 0.0589722527077734 -0.0760367321317943 -0.256594827922849
0.0135723869399594 0.0761719961925055 -0.00444834233602089 -0.187392476784671
-0.0459635550488038 0.0940494831506737 -0.0243643603152831 -0.0617567838083107
-0.10054074286569 0.0282566553594184 -0.145231354594523 -0.0277663199140459
-0.0687917543160079 -0.0580265333188578 -0.274885273251787 -0.0776091097848438
-0.033727933058675 -0.076428685188744 -0.343086895483103 -0.249648577296594
-0.18943509196369 -0.126002767694126 -0.29487267520577 -0.0830725535126768
-0.202794566513873 -0.0931706232238426 -0.206501958296896 -0.00771266833150989
-0.223560443449145 0.0416850620344973 -0.0660674383380216 -0.0338671803670816
-0.150741006876097 0.15730522783873 0.0219185419634778 -0.0410376834560477
-0.0463030983087068 0.175599148327294 0.0586376521680486 -0.145837128886209
0.0280570264936641 0.164895495207391 -0.0137244864302876 -0.232004825968324
0.090124866327156 0.140224334146008 -0.0768834725559143 -0.252387512667486
0.0993525904714848 0.120892656545581 -0.108713737309734 -0.25089612225312
0.115530510096761 0.132609525333006 -0.109340185982959 -0.241638619551104
0.0645033648032648 0.182278589454071 -0.0600240296377043 -0.218353980416724
0.00010084941964853 0.199272168577865 0.00724648826973837 -0.154844086355683
-0.112255736439286 0.22135633147056 -0.0196557508915894 -0.0240674685383151
-0.226891792819654 0.119506458801198 -0.150718068553697 0.00948826391603008
-0.236092614344087 -0.0465028684716068 -0.269766657452869 -0.0358331963324082
-0.210394562181018 -0.119807121541701 -0.317032670302934 -0.186380463521143
-0.297991819570853 -0.161798153815137 -0.21179424586064 -0.0543449516631307
-0.317816022829104 -0.12148358563272 -0.155862715078966 -0.0181015873815375
-0.34558418560386 0.0605521915626066 -0.0640008428617783 -0.0540292319841976
-0.255455011627647 0.227932823129441 0.0113116844711337 -0.0406453633938109
-0.108242166124747 0.278551715595039 0.0434278222273801 -0.111766368817174
0.0169440474278389 0.272919206503487 -0.00504874902186032 -0.176697017360539
0.123684474533719 0.236539651625827 -0.0428998451891484 -0.182539146230191
0.139024006276774 0.198846167302163 -0.0606247880505519 -0.174310104932612
0.166257077738496 0.205688233173365 -0.0666836842380764 -0.1648067388885
0.0982541687876099 0.273873868353495 -0.0271908194925996 -0.150866660493142
0.0043534263708283 0.296723618916545 0.0272394103924252 -0.103798929202025
-0.142846184991442 0.33095105161678 -4.00844600220666E-05 0.013780614539862
-0.30704242630012 0.213419363441453 -0.12522148584821 0.0434551544444538
-0.364093734902143 -0.00654406802895195 -0.219023327398394 0.000446158206987165
-0.358023098500594 -0.130323830958353 -0.233881026814524 -0.1133344820857
-0.37100451269494 -0.171367767667956 -0.0970290057282615 0.00544761100733785
-0.404919714224613 -0.124976523908048 -0.0709842944059721 -0.00582100067062544
-0.43322225398514 0.0867148317491486 -0.0423424196735086 -0.0669739997432567
-0.328231517334639 0.287484617269839 -0.00394082838567285 -0.0375463667573916
-0.150118272014433 0.352281478801018 0.0128035032719167 -0.0565903286619466
0.00643579554719398 0.34599541739025 -0.00223854471335374 -0.0863855205328193
0.139843941338721 0.297489416196934 -0.00465954043319657 -0.0797042431921235
0.159477540743777 0.24536981977213 -0.00322821203850821 -0.0721878225790206
0.191162730103233 0.245561485938321 -0.0092426422165904 -0.0683957248287721
0.117980231499244 0.321807809565586 0.0195523993197983 -0.0663586621350596
0.00949290518888487 0.348183310438983 0.0551880424293102 -0.0398624793739384
-0.150497720577547 0.38913769369855 0.0277389378277179 0.0479830313590866
-0.337505064763855 0.273871045192693 -0.0788184899927485 0.0626607634388388
-0.428008019156532 0.0341261802073125 -0.131755540261949 0.0181112912245391
-0.444008133724526 -0.116668795889692 -0.107730334572721 -0.0462817106320079
-0.391296095743297 -0.151360704888243 0.0355562150702544 0.0840000467136026
-0.432893599682593 -0.0979656879848115 0.0370763187248641 0.0237382490034759
-0.451000527322628 0.113757674997713 -0.00639701731257256 -0.0619781790348097
-0.338605086023295 0.308754076090888 -0.016464294967853 -0.0226640148882611
-0.160221969906954 0.37171840468506 -0.0196790038060732 0.0175610071979001
-0.000484036498335287 0.361961046058092 0.00179908865048182 0.0261298502557322
0.137649550709357 0.310255074363931 0.0358944899064819 0.0397946863634212
0.153601199091636 0.255376977356593 0.0564464800457964 0.0402414551233366
0.18204818136206 0.251493951506946 0.0516174582965656 0.0349991176266067
0.108164499269923 0.322370245321457 0.0679569790321251 0.0236704585409313
-0.00179334623628677 0.341524212693044 0.0793658678762114 0.0299361331942155
-0.151090848186864 0.369135953599003 0.0491942216078692 0.0750106671497826
-0.318195383409632 0.269548574196981 -0.0277438958332202 0.0650288267030384
-0.414950570675334 0.0524761565969528 -0.0325689440900766 0.0142268506544471
-0.454619799056686 -0.0898363930600666 0.0358785480441046 0.00541228129257534
-0.351850063951607 -0.101802258899718 0.166467150959345 0.161435300519869
-0.379893870503809 -0.0475024376529635 0.144012929130107 0.0590759653012155
-0.378977885738387 0.12343579667686 0.0358956570518149 -0.0385429451137416
-0.274217078019689 0.269732772466007 -0.01954080669224 0.00651290502607417
-0.134399769858165 0.316842699358618 -0.0401033708082522 0.0935706010579868
-0.00242328344898804 0.312297058496884 0.0118992172306087 0.136542423068837
0.115722200993697 0.271112812860455 0.0744950545598397 0.154300386378262
0.124983233577663 0.226992127182608 0.107787480236687 0.145925452030408
0.141667417914407 0.224993027788983 0.100643926641655 0.131298592949064
0.0708934461581861 0.277991186212877 0.0990643354364861 0.109468432744611
-0.0296508089334799 0.28096016687817 0.0824449086554381 0.0941439470353452
-0.145321960122081 0.27841330424348 0.051511316453561 0.0936690690836159
-0.258082532945576 0.202209703614497 0.0102924785624771 0.0574472519422752
-0.336390916716803 0.0443008857521965 0.0539269543650907 -2.79248590302595E-05
-0.393015523591114 -0.0587338600234035 0.167835090625732 0.0438392561161226
-0.252934516867653 -0.0370592610701433 0.271904426818816 0.22195774144683
-0.250644334089453 0.0101746807886642 0.232021263284748 0.0853775837466175
-0.231825511582886 0.104037403662407 0.0781727872420752 -0.00744079801383306
-0.160589609452493 0.172906580030123 -0.00993040013067866 0.0341430771819362
-0.0883992954504546 0.20121234064138 -0.0425695711689681 0.150026552792789
-0.00528531761647867 0.208094584282338 0.028696101138659 0.220760114922665
0.0743575247499416 0.187545036714619 0.106126455841527 0.241755437522387
0.0765285247398283 0.164731238793337 0.142392673181778 0.230465834530864
0.0810570975142093 0.167274587996205 0.127565859349061 0.211838397437645
0.0241433752804298 0.197194958506575 0.100062234065599 0.17996110070624
-0.0526741245784693 0.18224943493442 0.0557196427384261 0.144070089561243
-0.118099828031311 0.151338112796351 0.0309478722296734 0.0988307365911036
-0.161863449660804 0.108889062578683 0.0322302018707527 0.0457576984173241
-0.213878912332145 0.0301277756236034 0.116818635165079 -0.0113353435778348
-0.275164397576626 -0.0208816999471087 0.267424037833569 0.0707158515571759
-0.109515189912403 0.0287569838148685 0.335786093069572 0.253716813852231
-0.0792537549866721 0.0479982861730068 0.289828053226379 0.0927040024738674
-0.0551772284080751 0.0522878373366078 0.118065275333693 0.012546526655684
-0.0380161931764988 0.0420881559554959 0.00792664614193667 0.0454430073636558
-0.0420501414957581 0.0558277330956437 -0.0313903884032325 0.174840545598405
-0.0160985830709221 0.0755416012201333 0.049384892316851 0.261790996172798
0.0166822911242868 0.0789718005839695 0.126748471234657 0.286660521978557
0.0173878724382759 0.0773545293783021 0.155952133559736 0.280111384536547
0.0160611043116146 0.0824816343482943 0.128436468178575 0.26569797499693
-0.012422837113762 0.0894585106742275 0.0731454055612277 0.229185235728477
-0.0490075596311012 0.0671415499116545 0.00850129549015045 0.171529147608176
-0.0558217663791437 0.0282731843943508 -0.000285788270098066 0.0882677162960476
-0.0441415031763232 0.0308335722274993 0.0442009711449962 0.0331450429880265
-0.074704951049635 0.0345468228844219 0.155186513850097 -0.0136162924995549
-0.130658251527615 0.0277566007876079 0.326129379867747 0.0857435040242782
-0.0543240838308054 -0.082190629069398 -0.33285568002966 -0.0888054414834135
-0.0727007593277338 -0.0645827103334384 -0.218369560654544 0.0101607624270262
-0.0911507659825302 0.0136212077653424 -0.0546393969342047 -0.0168482632047418
-0.0436375616180516 0.0715715234819386 0.0229163439799305 -0.0445651785977292
0.00891701614404605 0.0591735837062675 0.0563527048043653 -0.159965432897758
0.0273361465609124 0.0438948358233055 -0.024368598418281 -0.248478717675725
0.0409414900781197 0.0304475713592446 -0.0958869174395101 -0.281491981696052
0.0442833322420923 0.0253096349714782 -0.130583949401825 -0.291255258879275
0.0494693151540604 0.0352834418878606 -0.120494037567491 -0.285385911256297
0.0310627563298338 0.0601463673711245 -0.0649801861603627 -0.256165679075626
0.0110648220888799 0.0751124136149793 0.00243239133400318 -0.184393613325995
-0.0493127185969067 0.0911474674164038 -0.020894905605539 -0.0604182769326883
-0.101266420736525 0.0248237340549565 -0.142042539839833 -0.0302405484400584
-0.0652187372148624 -0.060940106506059 -0.267597621505632 -0.0849039354081327
-0.0298093723916678 -0.0772797028707552 -0.328867355295377 -0.259524032010386
-0.180936683726642 -0.130205463723281 -0.28846970757435 -0.0945817998331582
-0.196498985746568 -0.100857748973052 -0.200997176213594 -0.01512372584227
-0.222035789305284 0.033080401686048 -0.0658760274392684 -0.0346117496483645
-0.152694450585953 0.15089162159667 0.0220230579224586 -0.0395363981096819
-0.0510170095652045 0.172556656045516 0.0617290827476379 -0.142719452811927
0.0228744490013815 0.163865781607195 -0.00718042894500598 -0.2283014400515
0.0851337045823154 0.14131244312655 -0.0684142336103857 -0.253306686364502
0.0941219921840439 0.122913175039965 -0.100504935689345 -0.254176973916395
0.108500076891148 0.133783474128577 -0.0998623972375963 -0.243143841694208
0.0578711065465848 0.18313563022073 -0.0506490524253468 -0.218208118965536
-0.00566573310969285 0.197214900780075 0.0125824090416375 -0.152824566399413
-0.118295634866075 0.214823344317037 -0.0173567863128056 -0.022672531272618
-0.227678702279065 0.111818720321783 -0.148023691831483 0.00580597063512633
-0.230082036071492 -0.0551186044762657 -0.264573040569923 -0.0439147499536592
-0.200484571957446 -0.126258732688078 -0.306436249329497 -0.196206440220427
-0.286112487683806 -0.168128438899519 -0.208733793673779 -0.0633473647128883
-0.308408843438226 -0.132985043128747 -0.151594270288549 -0.0241242707315122
-0.341061663523364 0.0483063143659219 -0.0633473865124831 -0.0557228244855906
-0.257535035297152 0.217287188052662 0.0108954554274871 -0.0395929307377675
-0.114578137682952 0.272773608664625 0.0458778541822432 -0.109362188879195
0.00895053804285773 0.269840368243912 -0.000719625305439626 -0.173115906107664
0.113950594801351 0.236782034864195 -0.0358862527000239 -0.183833950057012
0.131064765981398 0.201363634785721 -0.0556962254686659 -0.176380967936145
0.156208527875837 0.20785237128418 -0.0601087369123343 -0.165529882525665
0.0885184472378574 0.274015689318091 -0.0207588922986523 -0.151593390764535
-0.00437863814226975 0.293913621399703 0.0303560446523249 -0.103057997182922
-0.15227864335392 0.321080799863709 0.00132922554950543 0.0159596026422033
-0.310664838670698 0.201357744644832 -0.124446221057696 0.0400992733731457
-0.357141659768113 -0.0195890716126401 -0.216026972719096 -0.00566003161243219
-0.344244967361354 -0.140280504430432 -0.225132026951181 -0.121085468545683
-0.358513164038071 -0.181198886618223 -0.0986719755874523 -0.000132405699076783
-0.394128076747189 -0.138771440510075 -0.0693883190327657 -0.00956696050603044
-0.427923048606299 0.0724258286135008 -0.0423218614913009 -0.0685342510708799
-0.330688552509889 0.275145830059813 -0.00378911400211554 -0.0382453766835993
-0.158217312087121 0.345689800890788 0.0131881324433865 -0.0555712003803963
-0.00326902186282671 0.341211326005033 -0.00117228103318213 -0.0837463286705377
0.128344359401113 0.296609540029609 -0.00118880136131518 -0.0810547873093552
0.14887766330964 0.248319692043934 -0.00115041488623225 -0.0733532689947232
0.178432590517102 0.246938027160585 -0.0057273418766399 -0.0679051554554692
0.106684142035045 0.321655437987349 0.0222841749744512 -0.067123631606005
-0.000496422725742173 0.34408185369768 0.0552998452104066 -0.0392700163889481
-0.160915469609275 0.377854638158322 0.0279671055700212 0.0502091039576717
-0.340478181996873 0.261166617858307 -0.0790834447202566 0.0597220912144441
-0.421740025625719 0.018440296693601 -0.131883567153941 0.0145112818178091
-0.430424432474593 -0.128103600710124 -0.102715001304984 -0.0508512846977808
-0.38014559565842 -0.163447771833687 0.0288000169153492 0.0823234694407769
-0.424808265324007 -0.113274900862392 0.0342079512440979 0.0234052716627238
-0.447056065451898 0.0986270666594262 -0.0063038611627765 -0.0631991224966378
-0.340104858754121 0.296346622416722 -0.0170407314737526 -0.0239480504045465
-0.167815580120084 0.363919793222705 -0.0212259900057089 0.015595323076816
-0.0100136411290652 0.357796051666684 -0.000816245359551998 0.0268184656089401
0.126209193201697 0.309787772280015 0.0347143116569294 0.0383101691057368
0.143840677915447 0.257188161851057 0.0551589788554694 0.0405300631036684
0.170030731138614 0.252682272926438 0.0512552027303443 0.0357804894587536
0.0966418608496556 0.320795075396078 0.0672302729144602 0.023784639047266
-0.0106835684119084 0.33796450578483 0.0773313769025855 0.0294408199492676
-0.161444031539436 0.357923517158237 0.0479329444128262 0.0775591817565606
-0.320110412417786 0.256664943892785 -0.0296779988784549 0.0634660510444871
-0.408750281209657 0.0370464364446279 -0.034419546800746 0.0140608905797192
-0.441346387277142 -0.102213565793551 0.0365048051902207 0.00498453976234129
-0.343998185316554 -0.113818543599356 0.154610466232447 0.164920050212247
-0.373287682335513 -0.0597774305633344 0.13839740092756 0.0610845289755517
-0.375794756667885 0.112538077180611 0.034762131600845 -0.0390452936301801
-0.276710019104101 0.259111901733876 -0.021039775755404 0.00439086658999641
-0.140894491482596 0.309927106456107 -0.0438218176702595 0.0905631277184571
-0.0109854636838214 0.309127228962431 0.00572785575412619 0.13615717671693
0.104460079977602 0.270063027268673 0.0696136749272784 0.152293368492763
0.116811515322226 0.228170752436799 0.103286797447308 0.147096172378632
0.130836219926162 0.224710879378232 0.0968721995052753 0.133943344360177
0.0611169494509333 0.276452998797666 0.0944141248522763 0.108760581866446
-0.0368141546401379 0.276735758826395 0.0776458753711494 0.0934625504907304
-0.152179715301275 0.268947026605461 0.0488564731537938 0.0951948104572689
-0.257767332011582 0.192714716047103 0.00884406508742481 0.0572518089221798
-0.331055299884935 0.032853870628115 0.0521231015914201 0.00254019265844127
-0.380213544728576 -0.0688848834964216 0.164632737836141 0.0477474534376763
-0.249359503083633 -0.0461132507471062 0.257961032609808 0.229661978833741
-0.249159679850583 0.00130883622456297 0.223210001622198 0.0913060841182168
-0.231125720285705 0.0972713323932516 0.0760717388687041 -0.00701309534139935
-0.161827264615767 0.167144126647884 -0.0123325794284309 0.0318187314587333
-0.0922013739162108 0.197177627831586 -0.047759023319333 0.146744926368124
-0.0108774616590753 0.206958914115942 0.0196795820939071 0.219432503033793
0.0665508345809865 0.186729250408886 0.0979254853502464 0.240187165623219
0.0708906452946702 0.165076724484416 0.135545103305402 0.231478219973839
0.0741189945344211 0.166237283181593 0.120287809748136 0.214310208880606
0.0175234429455201 0.194746776148794 0.0924400158787771 0.179843331567352
-0.0564135974717979 0.17812375876321 0.050090413128511 0.142306108734253
-0.120586835328295 0.144949182054598 0.0280820349591341 0.0990398453340169
-0.160611077548158 0.102320362115743 0.030206099728481 0.0459019101853622
-0.210727397890323 0.0242182244607631 0.114477701629603 -0.00677855003801052
-0.267255990171779 -0.0282428964775798 0.262222722985177 0.0787858479537536
-0.110744419269729 0.0237619244692643 0.320137521373865 0.263232785959995
-0.0807865725161109 0.0451714972500594 0.28014384927565 0.101696143512991
-0.055667290081258 0.0521628279490572 0.114835426133899 0.0138595241984327
-0.0380484336687258 0.0413333592497572 0.00519361692531018 0.0440841287915179
-0.0427836833456675 0.054443403198406 -0.0380010714068325 0.171400688353149
-0.0179801256147438 0.0751114799256734 0.0387161716222206 0.260255619385933
0.0139363601382564 0.0778816802406696 0.116812644047864 0.286604918526043
0.0155305485699849 0.076931070552911 0.147478156538275 0.282112997235355
0.0132882458177283 0.080816046050037 0.11932251156337 0.267232272374749
-0.0142489812282752 0.0872142677549942 0.0653860842826828 0.227803690055385
-0.0496791990442995 0.0645425101714567 0.00256567291611065 0.167840654575214
-0.054701254469147 0.0257087642662727 -0.00349649859965445 0.0868240000171552
-0.0425589497260927 0.0291256317093005 0.0427656538618588 0.0333629050653148
-0.0746275548657835 0.0329969065572236 0.151900331263112 -0.00783119006283653
-0.128543177777694 0.0248344567981738 0.319452316718811 0.0952826858048363
-0.0520241824300435 -0.0847958796089427 -0.338941120083444 -0.102320222453486
-0.0730035416054312 -0.0702202678406153 -0.221342712714505 0.00484358260914719
-0.0945787025222879 0.0108201793058315 -0.0562322791236624 -0.0173190398988367
-0.0474100539774433 0.0723500584125731 0.0239815242002557 -0.0440315129158263
0.00761427279692892 0.0609727114355677 0.0607513988085706 -0.163662342395707
0.0278709719457892 0.0453855994174853 -0.019042969970796 -0.255235220535565
0.0420403078600235 0.0325660754813067 -0.0933020970221431 -0.291331982931655
0.04409118655837 0.0274113391239907 -0.130471808942214 -0.303803993273681
0.049050055503136 0.0372229749103941 -0.117263750089325 -0.297467317619339
0.0304420418755677 0.0628482723846184 -0.0598196020655684 -0.264859920023826
0.00899167007515775 0.0774654344542447 0.00754759040307307 -0.18853259745554
-0.0536706067235001 0.0928016776676518 -0.0191250725798927 -0.0613719574254572
-0.105468208560355 0.023461154773187 -0.143650372642131 -0.0327274201172861
-0.0651457943595144 -0.0664444367126718 -0.27103811318671 -0.0920785917696633
-0.027804879199385 -0.0809172873912883 -0.329038295112651 -0.278049750933695
-0.180457460012428 -0.137727245765154 -0.295613682163255 -0.10659877662942
-0.199164823368552 -0.110976919598858 -0.203951031069582 -0.020888658317359
-0.227453231794747 0.0284803618493078 -0.0685999252405615 -0.0367197502855992
-0.159535353510955 0.151153213586641 0.0222384489537785 -0.0391084856446267
-0.0556489514025369 0.177236468948522 0.066034843782512 -0.146265549065152
0.0211871557388742 0.168049835650349 -0.00233005933889803 -0.233465341223056
0.0838870654966394 0.147207298178903 -0.0648862797323948 -0.26231352959533
0.0934113243343127 0.12869358995099 -0.100052025465642 -0.264510695344326
0.107450816602925 0.14034336065474 -0.0967004007343283 -0.253107293356072
0.0555755535642359 0.190409235149423 -0.0456373500933697 -0.227254027579358
-0.0103765530293862 0.202289629590578 0.0173494365118142 -0.15706501154573
-0.12737596693228 0.21772455250093 -0.0153434858529956 -0.0213882224387025
-0.236911395761596 0.110192790495526 -0.151808605196757 0.00453531954470715
-0.233981686556395 -0.0644685070691411 -0.270191967791843 -0.0500763732475293
-0.201823599976958 -0.134364781388297 -0.307524648383322 -0.210966721035617
-0.28800117937286 -0.179628695703362 -0.215326363299116 -0.0725852411513904
-0.313685502682537 -0.145960723525211 -0.154135540302305 -0.0295817380871796
-0.34867581114679 0.0417555903264343 -0.0661926624518588 -0.0585677809150575
-0.267720116082992 0.21799927824914 0.0111391864016076 -0.0400936647247942
-0.122110407426306 0.279547076500441 0.049053912642256 -0.112532475555871
0.00461636985969882 0.277114823237736 0.00209467304395138 -0.176808332925928
0.111790586867478 0.245550736983256 -0.0324702260727693 -0.191421376741492
0.12959937381276 0.210817914548612 -0.0545952868990506 -0.183978194671343
0.154109292154801 0.21630827362486 -0.0561706892493393 -0.172448038732182
0.0853392820791519 0.284515656704369 -0.0166168319160289 -0.158652659878701
-0.0101145030518339 0.301933966036319 0.0342352121461685 -0.10640113773206
-0.164040971752319 0.326041097500181 0.00311055534411374 0.0187893886881975
-0.322527153616312 0.201003447365184 -0.128396583518095 0.039936727503269
-0.365332620218508 -0.0312754921173635 -0.221974903458203 -0.00923777160992409
-0.347578330292598 -0.152770470939194 -0.226665707539044 -0.131433620696525
-0.362252032984977 -0.194965684582942 -0.104463897240542 -0.00403433546046501
-0.400505508779079 -0.154217880253965 -0.0710857410736783 -0.0135600535940214
-0.43917090232009 0.0656676307520836 -0.0440999681268225 -0.0725204209704539
-0.342063218964455 0.27502024962624 -0.00468211337074212 -0.0398450948891158
-0.167092394294006 0.353647388742867 0.0144542700589155 -0.0578438157698578
-0.00990591507153109 0.350707030959494 -0.000761510299735267 -0.0846539008304591
0.124331028731291 0.30726312108569 0.00151286295960356 -0.0856862773114745
0.14847043345542 0.259024016753055 0.00059163119729757 -0.0769094311010072
0.176433846516072 0.257740756949973 -0.00291986912125617 -0.0704311912789638
0.102887556389607 0.33327700732167 0.025673176538727 -0.0704294411554863
-0.00600510105667958 0.355217302981776 0.0575983663202081 -0.0412567398447171
-0.176060208165069 0.384220236659496 0.0296323941112694 0.0544437867188301
-0.35242146341067 0.261127791342314 -0.0825645708884771 0.060544029646844
-0.431406494733028 0.00691512621338013 -0.13695240448128 0.0131577804548966
-0.434732169639736 -0.141418347319707 -0.103547455044641 -0.0562303525432918
-0.386269163660887 -0.178718785376787 0.0242558780518186 0.0851094647664364
-0.432898564010427 -0.125767747285228 0.0334407216027209 0.023092436784541
-0.459132287559859 0.0920248366183482 -0.00784214267312846 -0.0672479333692244
-0.353171248265524 0.296685921613992 -0.017837466469437 -0.0253384219354015
-0.17834343376862 0.371670155783345 -0.0225309472118254 0.0150634472126817
-0.0167944721497285 0.367659898797907 -0.003042594313482 0.028909679991833
0.121004712971507 0.320177450531035 0.0359759562097635 0.036698901796112
0.142726025102652 0.267637512794731 0.0566571688333454 0.0408061608240114
0.167385257467074 0.261901825805501 0.0535631620702972 0.0380392907865933
0.0928306835197645 0.332587557103033 0.0688226440400133 0.0233392584146184
-0.0176055518247261 0.347564704818993 0.0775904856068562 0.0296203169145296
-0.173608639598683 0.363167237735113 0.0495848963773439 0.0827281885557443
-0.332401309146263 0.25718358691932 -0.0317352635738267 0.0652278570868838
-0.419274388591315 0.028243494620791 -0.0370725708054155 0.0144658978609518
-0.445544956994258 -0.114530870801881 0.0378224367609634 0.00498992982186818
-0.352455502573111 -0.127766460010575 0.151620188825916 0.173789873814079
-0.382463413648658 -0.0697693237250461 0.138535320940985 0.0654863914418213
-0.387900173109441 0.107554138684493 0.0344644803619299 -0.0413800886848613
-0.287408204428613 0.261201060256166 -0.0225026360348345 0.0022801571894306
-0.149401319314413 0.317475945430019 -0.0479679343006195 0.0912154297756888
-0.0162052909502546 0.317897457969962 0.0007063793829335 0.141475014502519
0.100094541029913 0.279163071394789 0.0692003479629853 0.15556792506121
0.11472782149532 0.237173454588779 0.104914843814638 0.151860491200259
0.127722839124174 0.2333276717741 0.0984012035235758 0.140233828426846
0.0568636948142896 0.285424217402616 0.095135641489723 0.112723943408607
-0.042901225481973 0.284177479268047 0.0770494252627987 0.0953792723873358
-0.162226140243863 0.272073924554059 0.0494895467424778 0.100144426522757
-0.266457568957938 0.192200466942013 0.00714841241940071 0.0589798960070691
-0.338278227978129 0.025615933248351 0.0518260484918335 0.00458637997265305
-0.38658690335999 -0.0792593257362268 0.168760538307481 0.0526225370997548
-0.256948860000405 -0.0546244457121973 0.256392846511291 0.244119219263685
-0.256702078247818 -0.00426252595021875 0.225155345217914 0.0987018718318589
-0.237831334504519 0.0971594229644506 0.0760369400903563 -0.00826648257072962
-0.168489363965399 0.169425975343887 -0.0141192270155236 0.0304115878145871
-0.097742337848094 0.201853618884706 -0.0533927628221476 0.14951299650499
-0.0145153463462235 0.213359354808911 0.0137321355014641 0.226768117234128
0.0630487662539603 0.19308136546286 0.0964095708859134 0.247324309395131
0.069692589010427 0.170817533471855 0.136654574070287 0.241252769749781
0.0710843298707752 0.172063220148493 0.12043227467325 0.223960778894701
0.0136460122424945 0.200473124042843 0.091399109822162 0.186026706080166
-0.0606566700559855 0.182306816293455 0.047455028022739 0.145937439316159
-0.127134963697156 0.145390969643787 0.0273608611469529 0.102839741893526
-0.165265597217995 0.101958242622589 0.0298394088200764 0.0480358807529454
-0.215253555715942 0.0201243473375853 0.115673507970627 -0.00345751131299209
-0.271088228932378 -0.0336754932614066 0.268302225489072 0.0872124567201864
-0.11658159422805 0.0213815926312354 0.321302334138264 0.281116201519349
-0.08446494447178 0.0455600022637264 0.282947593950649 0.111564904953309
-0.0575320258974543 0.0541313912664722 0.11630317470988 0.0144817034652039
-0.0383773610301985 0.0427040273008147 0.00324171187694979 0.0436487216385502
-0.0446609423984944 0.0556222132593229 -0.0432031637928532 0.175966805621604
-0.0195293297329331 0.0773629885702525 0.0324244190016325 0.268646615224798
0.0117842289531917 0.0796549381197215 0.11382896707122 0.296798975890268
0.0147445923627538 0.0787155109839495 0.148023994225527 0.29282207365796
0.0116093311931228 0.0824037625393722 0.118575197166368 0.278270746047635
-0.016957993658843 0.088639427477303 0.0620596502006873 0.235817759968136
-0.0513224781155634 0.06526123499227 -0.00179368089988348 0.171696304094806
-0.0556835962355883 0.0246627614607068 -0.00457126927609595 0.0887541540339744
-0.0423147745813491 0.0293645311344817 0.0432764029724119 0.0348309036662878
-0.0771157406045862 0.0339840296929896 0.15479270907047 -0.00400423591714604
-0.131365344998231 0.0234591767460402 0.326980981132336 0.105987342944271
-0.0539217716463098 -0.0886551583176366 -0.358385591759951 -0.105708339764203
-0.0779644602886165 -0.0750719615888217 -0.22984715271377 0.00740647629327159
-0.100068168109789 0.011860602593148 -0.0604029924258908 -0.0164848228227418
-0.0490107055293014 0.0765642180765302 0.0235608448008306 -0.0456884480125945
0.00901276723654693 0.0648458444887225 0.0601555465588813 -0.173460817309685
0.0299057369291299 0.0464525334928428 -0.0241306533316796 -0.267349193111046
0.0452533924300531 0.0335637969729041 -0.103552648866077 -0.304095738053075
0.04656802210301 0.0282925541157997 -0.144311041082519 -0.318187163604552
0.0517985248997787 0.0388672778016786 -0.128564835940024 -0.311899666286029
0.0327593301629362 0.0671821837226455 -0.0654746696001607 -0.278081361760857
0.0101104106151993 0.0812199768985076 0.00709231758462126 -0.197262384777314
-0.0560226147865356 0.0983104792799559 -0.0191076231801392 -0.0626038170044379
-0.1117684820635 0.0264922737429818 -0.150509653080892 -0.0307781236931805
-0.0696614073453714 -0.071345882911164 -0.284614137187107 -0.0923633339636438
-0.0305372474253333 -0.0854247184357654 -0.348576480389951 -0.287480130669379
-0.189462566194952 -0.142230634806802 -0.313165749352419 -0.110993717133741
-0.211363809115307 -0.116245703206305 -0.2127101262121 -0.020797992586989
-0.238282295843586 0.0331990263046136 -0.0737297338233297 -0.036763513594514
-0.164628140452897 0.161513729537941 0.021990844771969 -0.0405681711796659
-0.0554356843790441 0.188463049996751 0.0665709932903679 -0.155837250118509
0.0256195025904021 0.175721111483279 -0.00657581939399758 -0.245114338825464
0.0902026309178861 0.153174726071467 -0.0728889047841815 -0.276205028339558
0.100375787909801 0.134798102340233 -0.111235297692193 -0.278117124777258
0.113315675656069 0.14610640122067 -0.10503216777367 -0.26662917535438
0.0618576765887854 0.200408762685978 -0.0505262655756574 -0.240237617140734
-0.00771320408576257 0.213547269014608 0.0167330868429509 -0.165443483626814
-0.132039573091166 0.231068340214024 -0.0140928503576647 -0.020302966594378
-0.247319680793912 0.12002338888476 -0.159387096193877 0.00871568173372062
-0.24700499447785 -0.0671294892648849 -0.283516008763195 -0.0477054778845857
-0.2122890730257 -0.139248540529983 -0.324899965962076 -0.218607085562684
-0.303236404457994 -0.185589737807723 -0.229598500480138 -0.0751370449327407
-0.331750456121844 -0.150886341845956 -0.161137288446323 -0.0305498912259907
-0.364149336317754 0.0489791034044983 -0.07228094680185 -0.060639397086097
-0.276486483125256 0.233439255104316 0.0100167143066881 -0.0418310275563295
-0.122327878187357 0.297366667636538 0.0488441957374128 -0.119714729228462
0.00989264626965648 0.290871388929314 -0.00111554084989237 -0.183647002697709
0.120691665725108 0.256579867159257 -0.0367907404625352 -0.202605867164999
0.140546370931935 0.22033404889428 -0.0620761477361399 -0.194819900783728
0.162879908629023 0.225105080336323 -0.061420889138988 -0.18196046796852
0.0949498397897056 0.298673616520574 -0.0190168167451037 -0.168567421470055
-0.00585912486462648 0.318107219290532 0.0344266714594877 -0.113312173269577
-0.168378724572198 0.345673780012831 0.00610974356367139 0.0217861578691981
-0.335895163019921 0.217972003010021 -0.134241751963574 0.0459298498274479
-0.3848365510191 -0.0302773392879093 -0.233729049983356 -0.00483171752952685
-0.364773765868462 -0.156003253044599 -0.23922600920273 -0.136866014345373
-0.38220605631504 -0.201656927151029 -0.112958823543751 -0.00330646755357055
-0.423431862702997 -0.157936387329716 -0.0746162384654532 -0.0146616804500936
-0.456242003845264 0.0757607384119997 -0.0508341212897933 -0.0758660255757632
-0.353113752684721 0.294277903396035 -0.00657397607199967 -0.0414020339184948
-0.169166701296854 0.376661536508704 0.0134368645250925 -0.0626153016667148
-0.00413297367796313 0.368978402429331 -0.00298017802199456 -0.0872698999085188
0.134510732069868 0.320364812175356 0.000664356943229601 -0.0927578405388799
0.159517630933758 0.270332809402117 -0.00132529841312558 -0.0826110076327349
0.187337606397259 0.268000612357179 -0.00263909870035337 -0.0747899599286846
0.113262180733414 0.350070323537835 0.0264291342326026 -0.0769101576251099
-0.000850710961956355 0.373404050942705 0.0595890530948418 -0.0456736546493177
-0.179295105902891 0.406058460789731 0.0349590651476905 0.0593763596414354
-0.365797226158981 0.281746000958771 -0.0854236772959283 0.0663042632700937
-0.451702870422179 0.0124504893558592 -0.143785062828052 0.0177361389653553
-0.454902966654875 -0.142820015665154 -0.108245687374415 -0.0590852313128594
-0.406733241227016 -0.182776751394033 0.0231717493120606 0.0896431760278344
-0.457381595694863 -0.127610369128995 0.0349813577662354 0.0225163113170565
-0.478213862181765 0.105702820824733 -0.0120233843875365 -0.0720997254890065
-0.363799206053448 0.318623888528781 -0.0209358893945786 -0.0277062538152737
-0.180826596188304 0.396206311187373 -0.0246072872031396 0.014464705449362
-0.00935235750680839 0.387227205495741 -0.00393501172691071 0.0320423237249103
0.131520019629938 0.334471613571087 0.0391253094090734 0.0352631498793825
0.154343292874075 0.280332877439746 0.0606630721797509 0.0402530051945049
0.177253578053255 0.273373117062968 0.0591983133803829 0.0389553184073116
0.102449657996394 0.349132796821876 0.0730330459323744 0.0219222316864813
-0.01275226290372 0.365178550250232 0.0812781668020291 0.0283784199908129
-0.177101323587908 0.384483188689722 0.0564028204406524 0.0877819542215761
-0.342520805278126 0.275584397492969 -0.0323819492907167 0.0702219901088709
-0.437278239639678 0.034339546334668 -0.0397252739860584 0.0176814670797801
-0.465691996037928 -0.114309169454339 0.0409916554192793 0.00391777280493482
-0.3719909698913 -0.129354011573253 0.158484568664143 0.182845962435562
-0.404601379671744 -0.0687619726485203 0.145541447637687 0.0668902407444086
-0.404029115209555 0.120426001446933 0.0323617350273414 -0.0460378893175112
-0.295004335100536 0.279419797337149 -0.0250705239907753 0.00145862139176755
-0.150695024553775 0.337246722803492 -0.0495452248746016 0.0956094028377419
-0.0103778376080398 0.336187496151938 0.00186358181237423 0.150278296193044
0.108510483402778 0.291324992961139 0.075867817889983 0.160003254576288
0.12513223352224 0.247530359576754 0.113794518660648 0.156499531662664
0.136128809183347 0.242967733765599 0.107514439969759 0.145657815273654
0.0643288188377327 0.299340038818339 0.101514718258225 0.115348084275907
-0.0397638930670859 0.299324295255489 0.0810605717495552 0.0975072053309126
-0.166995461544737 0.288287398186052 0.0553674030341227 0.105883235784317
-0.27446528782371 0.206040019621283 0.00842785560534717 0.0630041987988921
-0.352858752242058 0.0314812704074211 0.0525213205104847 0.00554336724241775
-0.401199779274798 -0.0774143335574436 0.17868327159409 0.0524490635143864
-0.271960028992283 -0.0541844025732082 0.270516359781284 0.255684631294613
-0.271078698474758 0.000172248961358633 0.236021621716277 0.100975455721283
-0.246786326070831 0.107726691510244 0.0770544821381186 -0.0116550393611074
-0.171342181787453 0.181271503700653 -0.0158065608957362 0.030453805534577
-0.0977370856782061 0.21483716378954 -0.0542125867311646 0.157681600182325
-0.0109907492158634 0.225390603171429 0.0162008219713554 0.239373453805806
0.0683483982236138 0.201845518103267 0.105505448660075 0.256470635690226
0.0763649749017039 0.178311315090789 0.149154875438919 0.249938259246044
0.0766351817469849 0.178853747315981 0.131915345241407 0.233579860068235
0.0182817719134206 0.21031469933606 0.0986452278025715 0.193483695279538
-0.0604798368129511 0.192690322046639 0.0508078969637823 0.151171774119179
-0.130571368947592 0.154192867088603 0.0316596279275492 0.108643409291321
-0.169977114916611 0.109752611109963 0.0323058428250125 0.049730034898099
-0.223940459187667 0.0253161674075756 0.119445381837588 -0.00441350995148107
-0.283137785777711 -0.0312772417815197 0.283570806753394 0.0883981865264665
-0.124608644688255 0.024069080167904 0.3408144267841 0.294794209544535
-0.0890079436331934 0.0502641060586836 0.297398327302697 0.114444330065981
-0.0581766357247163 0.0597242340637427 0.120058436792584 0.0113382839069428
-0.0380412880222473 0.045829832764102 0.00276840404686592 0.0441787446725331
-0.0452308372629074 0.05981699416617 -0.043949102906037 0.185881474204193
-0.0185091042258079 0.0825376588786279 0.036277962762865 0.283103182335045
0.0133601907040163 0.0837284849016499 0.12432206514801 0.309541519230629
0.0168850283720634 0.0820926826897753 0.161905065594017 0.305373065867332
0.0131791161234069 0.0860280827167005 0.130398898616268 0.292011900864836
-0.016019979088929 0.0929257879273403 0.0691419552279219 0.247505855178364
-0.0519249411975255 0.0695375767194341 0.000149094229567264 0.180036305581442
-0.0573254077826602 0.0257607491101885 -0.00314867543409123 0.093628077231882
-0.0416787259520734 0.031424713747957 0.0462749834070466 0.0352243182906468
-0.0791993996475271 0.0386744777179686 0.161236349182232 -0.00608189123868623
-0.136463366210201 0.0271010686291333 0.345145315054127 0.107346176879195
-0.0427619223056476 -0.0947734183446732 -0.34696273885416 -0.175444148160149
-0.0667763981078797 -0.087633602578383 -0.23613125748427 -0.0340146906732727
-0.103658905445803 -0.00628022342240314 -0.0658895846834953 -0.0250319460038923
-0.0630328670134416 0.0678594284732435 0.0256866856104589 -0.0382552635690861
-0.00585396623474852 0.0654634598044628 0.0893228494759095 -0.167260119713276
0.0198431294638996 0.0505397417568535 0.018499570479033 -0.279848160891718
0.0395425176181391 0.0404318647373841 -0.0581793230004897 -0.332561456255446
0.039852839739969 0.0368347337406926 -0.0990204785945852 -0.354319411255417
0.0452984169723399 0.0496845223944626 -0.0855058708362812 -0.346725281901304
0.0210614411302603 0.0742772381823917 -0.0244338282405733 -0.300431933178382
-0.00662949394394384 0.0846718854701669 0.0403067560671448 -0.204314698484491
-0.0762423318161602 0.0910698331322754 -0.00634284927535227 -0.0727616823742152
-0.123152304899895 0.00205693524747437 -0.146912170931457 -0.053405367650708
-0.0614925317560556 -0.0933874087503772 -0.269302536285766 -0.136923780684129
-0.018610074003811 -0.100094047034154 -0.3045426482632 -0.356858293416464
-0.16876077355757 -0.175079120928372 -0.305969931951505 -0.174757464686428
-0.193768586598156 -0.152869045114248 -0.218279904796116 -0.0616388287315449
-0.24595172212213 -0.00941346086109492 -0.0854281445565216 -0.0469975312005124
-0.191742497149649 0.133533776301348 0.0136452246712724 -0.0308636757749903
-0.0915926530619663 0.17937687713065 0.0908496612067578 -0.140502140127333
-0.00784858700748742 0.182798149310322 0.0315777027624913 -0.24942354076487
0.0646981955728667 0.170238155122615 -0.0321120437201203 -0.294754315169242
0.0736121552567383 0.157475685156801 -0.0716329777701835 -0.307938326543696
0.088175595192487 0.170779503171279 -0.0703805480508452 -0.296461657221042
0.025721358628378 0.217165113270142 -0.018343367981385 -0.260528768999791
-0.052686016431954 0.218276505178609 0.0460760388961795 -0.175311655911872
-0.179026823060375 0.215893634458187 -0.00600210716737395 -0.0368685178683422
-0.282295710558334 0.0719450825188719 -0.157895227827136 -0.0158030991487413
-0.245383639907257 -0.122828856450429 -0.269945114529136 -0.0902681306404782
-0.199200036717789 -0.193424063303237 -0.284604503690356 -0.275165494527078
-0.274127032987148 -0.241192343648634 -0.231976933382086 -0.126683336350951
-0.308782970946319 -0.208704239346732 -0.168421685871712 -0.0649532837772242
-0.374451657056908 -0.0163362255014206 -0.0890332566963225 -0.0715730031256867
-0.314575717677964 0.187255791005094 -0.00716857979519941 -0.0331508741801287
-0.177410948512829 0.27808031083927 0.0644572805381102 -0.100426313361727
-0.0434681291585749 0.298278355844104 0.0267169548312706 -0.182177922445324
0.0778271146613937 0.279714804193488 -0.00871706708793117 -0.209708608508089
0.0982547692697612 0.253840845413859 -0.0331245673898088 -0.21268237344672
0.123871244371275 0.260469705501978 -0.0397993975531081 -0.201578482213214
0.0431532410657662 0.325472204271213 0.000805601086665868 -0.18387947616441
-0.0718662118152474 0.327997409438504 0.0552549562030705 -0.123663555386968
-0.237664253908323 0.328510044841516 0.00844044402011407 0.00320067913160994
-0.393039622406037 0.155432948944529 -0.135384754768917 0.0230990134849144
-0.392535905338202 -0.110532598606648 -0.220335836476666 -0.0399266726563639
-0.355568087164695 -0.24044510112677 -0.205280302163296 -0.170062875270366
-0.347846084073805 -0.272641880013346 -0.129699718320376 -0.034209446997955
-0.40012785661904 -0.231574120924436 -0.0864151501244389 -0.0346767280974747
-0.471387863106664 -0.0052774828192658 -0.0699960446246405 -0.0832024971019126
-0.401623774205954 0.235701501842269 -0.0305082994435192 -0.0341297197265734
-0.236534031984167 0.351387453038097 0.0175202240232385 -0.0416843235011143
-0.0691346889694886 0.377045501763521 0.00911460425320984 -0.0806171057370013
0.081196680790408 0.348099645412176 0.0116416472735658 -0.0879669164258435
0.108039601265544 0.309220262137575 0.0116688070808482 -0.0869857639125445
0.139628658772592 0.308572887289202 0.00398727347718249 -0.0813432767319176
0.0527850873217662 0.382016076055712 0.0317571016737671 -0.0822831239625824
-0.0782838716216548 0.386107439731397 0.07001606742594 -0.0525796344147406
-0.257707708025591 0.390308993938342 0.0311775019116198 0.0419561813810069
-0.436406078036337 0.215625180003883 -0.0870261576111091 0.0515501074708735
-0.469557043046615 -0.0787473214591378 -0.130482744209077 -0.00313256567103793
-0.452071053916888 -0.244288065582277 -0.0800597932762608 -0.0639407777125194
-0.375100935778687 -0.260141653573512 -0.00877592524172793 0.0844646905805713
-0.436702570639772 -0.209103958577424 0.0179840039569371 0.0227136622078218
-0.49709135994782 0.0196622331271435 -0.0330014353556651 -0.0714805550432444
-0.415135476907424 0.258576253620845 -0.0486470477220554 -0.0218095499509922
-0.249591401019376 0.369990853273698 -0.0346967856465714 0.0330198143523015
-0.0787544898962933 0.39544167407154 -0.0122556951092825 0.04300913959086
0.0752444211230192 0.362722346918886 0.0306123031384044 0.0520279154458802
0.101529065029107 0.318010690247401 0.0559114615876215 0.0506861999451719
0.128102570935575 0.313256193021938 0.0513631229087466 0.0470910149042739
0.0428267159535828 0.378610430674074 0.0648961380368297 0.0270456348345776
-0.0878474939690554 0.37697633470134 0.0802170228580583 0.0271638847609933
-0.252647386922479 0.369281120066539 0.0487615205818115 0.0755787532102246
-0.409985750634179 0.214002905026847 -0.0342704083437605 0.0633128495317321
-0.45637140746236 -0.051333624096009 -0.0251448931561889 0.0124498654414693
-0.466892314315584 -0.216207034036382 0.062737256917084 0.0278093125073529
-0.346164832142368 -0.200167561638822 0.11393548534956 0.20504900868926
-0.393016979513662 -0.141639615616775 0.125157817201053 0.089132195183764
-0.425314400753027 0.048108393591293 0.0129890541608004 -0.0376110481758141
-0.339051713118314 0.232408225850315 -0.0530334673706046 0.0051886306838838
-0.209239262021228 0.316772348120127 -0.0729339133068645 0.109522935373815
-0.0690939233662755 0.344408297841787 -0.0248126147957786 0.164938158129589
0.0596911734178908 0.316096752616008 0.0486736944091854 0.186000344040647
0.0792542521142715 0.279567093607638 0.0923420651870236 0.18018613835421
0.0926012452257846 0.274354519080685 0.0862245910642822 0.165875727898347
0.0121893410172212 0.321358187388704 0.0809187252332811 0.12985227643713
-0.102291582577768 0.303256276082021 0.0702539855594402 0.101384968365326
-0.224474243029921 0.270365830631093 0.0462503711607587 0.100021968814709
-0.32403269622849 0.155553891425504 0.00674474626300185 0.0633474444607051
-0.368086358858441 -0.0366810583129644 0.0664340232875856 0.0152834554329956
-0.405038156750381 -0.16456549781584 0.193026813478794 0.100948797954547
-0.258102177160738 -0.106812070438804 0.218765057517789 0.303047169071078
-0.270137368724886 -0.0499263116942725 0.216203459397985 0.142401551355229
-0.265818614461029 0.0643083791987246 0.0630628760474626 0.0046826114612723
-0.199291506322056 0.154421863731759 -0.0381134209409471 0.0344249254781966
-0.133747461606439 0.202840470274312 -0.0861191271718655 0.165964960464014
-0.0485349651858016 0.231753136154807 -0.0241375956198711 0.257271008905192
0.0350115943255899 0.218330691990598 0.0648897997980643 0.290550844407409
0.044236669665416 0.199059688436832 0.114696340434966 0.283141391285839
0.0435727197728619 0.196970520179777 0.0988867419257126 0.262392975020195
-0.0188490833917912 0.220931519414318 0.068054532332149 0.211892510095113
-0.10158751930629 0.188116652998133 0.0301539273440506 0.156069267517796
-0.162382155764169 0.137858977293698 0.0202848334286802 0.106209279740154
-0.194984771333045 0.078280703011258 0.0303124393820352 0.0548772575894607
-0.232623685101424 -0.0156623148249399 0.130592250558101 0.015247944285187
-0.287376921229363 -0.0900173145679055 0.290081880612038 0.151564462989112
-0.122814559516608 0.000246223450947661 0.288678061684432 0.358608799160811
-0.0951488037574069 0.0325165222165113 0.282509705916094 0.168111913985429
-0.0672761444146841 0.0498306801476042 0.115319766313683 0.0328851586416909
-0.0432146784595152 0.0398035457879913 -0.00977019072360536 0.0463307433209907
-0.0527013670038497 0.054482227914715 -0.078277695229844 0.189336705127377
-0.0301788438183738 0.0838247345807903 -0.00995870927572624 0.302709785193856
-0.000562532809476447 0.0883313767481012 0.077676795851798 0.344959449674912
0.0030370122752309 0.0880768105352905 0.118830809871352 0.343495616253859
-0.00296587481187655 0.0901356032606593 0.091026385823764 0.32347017570442
-0.0327049060543631 0.0934659006098833 0.0317832757773994 0.265371796228025
-0.0679126062364294 0.0627060010133525 -0.0265111132836868 0.182787381089461
-0.063480597794662 0.0168309648511179 -0.014929009469333 0.0932011326691312
-0.0475225764468793 0.024305820291199 0.0438807613432963 0.042965228669882
-0.08564270106787 0.0276813927321324 0.166466308118015 0.0198616430156847
-0.144815073755948 0.00212938273573702 0.344356263964796 0.176850867746216
-0.0482864989387679 -0.0917503289077042 -0.360364301675903 -0.151447021048471
-0.0746767031142529 -0.0843667774215473 -0.236045765085432 -0.0188627280383898
-0.105037221113499 0.00123590578072156 -0.0684056145860576 -0.0192429279523559
-0.0582781014551037 0.0730973731814694 0.0219251530838061 -0.0390440310176239
-0.000626564635212662 0.0661041155495627 0.07357929509748 -0.174425639253305
0.0242790029235225 0.0482439279289856 -0.00453266428467376 -0.281183823276965
0.0432521352580076 0.0369560113655542 -0.0845830081743154 -0.327595949193056
0.0428818119906803 0.0339356623437569 -0.12970490382185 -0.345643549813656
0.0494278909100781 0.0463485950409755 -0.113082099799809 -0.340641319190431
0.0269818977129987 0.0732631435097311 -0.0461577260489957 -0.300171139762484
-0.000611316141744922 0.0844945262340254 0.0264364211738433 -0.207404627291667
-0.0700120325097501 0.0973484727538384 -0.0102990597352051 -0.0708386628738633
-0.123659711521644 0.0121756269016429 -0.149393547096078 -0.0397315561452106
-0.069626123785022 -0.0912113074531972 -0.277442274678706 -0.11480526245288
-0.0263123887252983 -0.0992402583229167 -0.331292437052671 -0.335448745503489
-0.179862523214536 -0.162667739021232 -0.32039123793351 -0.15342278495389
-0.205913323826405 -0.139479253305395 -0.220976812430614 -0.047308397288135
-0.245359464591191 0.00929474854123202 -0.0904892053691289 -0.0392300183923016
-0.180940851804411 0.148871452468306 0.0101429703906668 -0.0308872070747389
-0.0758151972191015 0.187353382895918 0.077936723190428 -0.148828445096492
0.00747168090613564 0.182325124563654 0.0117059506127073 -0.251259295204311
0.0784705020499156 0.164468361449056 -0.0563422656032687 -0.293722505323295
0.0861209186054863 0.151779754811857 -0.0981852429588423 -0.302223754739302
0.100922248399742 0.164269476794327 -0.0939370613798609 -0.291650137935146
0.0440485384953896 0.216153567801263 -0.0380988901445212 -0.26115297588594
-0.035221775984054 0.221998151640465 0.0333205711800097 -0.180299679839343
-0.162663315204151 0.23017117307766 -0.00640011547001465 -0.0344768259333234
-0.276201170429837 0.0955471105619607 -0.158462208135626 -0.00104582326020586
-0.254931300498194 -0.106510357518041 -0.275412740337806 -0.0678696398781269
-0.213052805372433 -0.178070844793003 -0.304850665820742 -0.253500123968208
-0.290123837078364 -0.21967649796159 -0.243718611190789 -0.110182770215452
-0.324128229269831 -0.186079654997817 -0.172673622182799 -0.0541275832059629
-0.373172841655102 0.0134095195333211 -0.0964752271864987 -0.0640271505144508
-0.297652440284253 0.212127144846361 -0.0113177164831338 -0.0316077997579676
-0.153397323530375 0.293584063447801 0.0550813027976638 -0.106284969275991
-0.0177464826082653 0.301073074314536 0.0119920677761624 -0.183675723622971
0.0996941153792387 0.27325562011019 -0.0261810981401128 -0.211637705011113
0.118634098778236 0.245791319630566 -0.0521204750122178 -0.210794601838861
0.143228154726745 0.251680859984597 -0.0551325562534026 -0.200079870222538
0.0692814727677632 0.323009660303743 -0.0137485795342714 -0.185783769561484
-0.0455837119235455 0.333716950691691 0.0460360988045594 -0.129923249328064
-0.21298533582389 0.347560740542157 0.0124268306391851 0.00463650402908364
-0.378864459183026 0.186765939598629 -0.132716729320526 0.036769745082355
-0.401324438941219 -0.081579986615214 -0.222362219358208 -0.0205871083130435
-0.371033464117157 -0.213158653266972 -0.216401948768385 -0.155017970491493
-0.366896405160128 -0.245553281589816 -0.134842779522842 -0.024718148549384
-0.417475844299386 -0.202165343215374 -0.0889591315370241 -0.0299953354844304
-0.467688171246117 0.032215065403459 -0.0794205874714841 -0.078060169674901
-0.379357512591033 0.267361109176561 -0.0347128377941484 -0.0324470755272675
-0.206169837729178 0.370907952433833 0.0126918680045774 -0.0450370344712113
-0.0387576002858078 0.381506057249063 0.00195758991018867 -0.0803936161944911
0.107795492971918 0.341465720331198 0.0041676674763475 -0.0918896124767121
0.133376181812173 0.300644443297356 0.00305043568427603 -0.0889498931968506
0.162166230921212 0.298063180026645 -0.00118018308992213 -0.0830138217109946
0.0839269143964324 0.377467929405517 0.02483461818387 -0.0867572758473172
-0.0478530111257416 0.392855105535254 0.0652477009838686 -0.0598365573012245
-0.229707045222631 0.410337728034385 0.0389418434270373 0.0417809173806812
-0.416544406670835 0.248359468806685 -0.0829526271311807 0.0608090050723846
-0.473660446134286 -0.0435390129974037 -0.131085166842529 0.0094609895291519
-0.465968316843962 -0.209385153572418 -0.0836311527051141 -0.0585076312936816
-0.391402352759377 -0.230641013004664 -0.00479759948193399 0.0853963855887053
-0.451615586934764 -0.174468836935977 0.0190958336413914 0.0200357840871201
-0.492230607878344 0.0587771465011131 -0.0418475500858634 -0.0696093522365591
-0.391380929342734 0.29027121733639 -0.052008703779992 -0.0194535677059763
-0.217746072763436 0.390160146681536 -0.0332899444582955 0.033416183167893
-0.0457499483588192 0.402699044285398 -0.00958522303243876 0.045382414948837
0.103682580717652 0.355940934090799 0.0341134959176433 0.046637723487581
0.127025292985318 0.309762579467056 0.0593146957773075 0.0446671201870743
0.1514788274068 0.302658754396653 0.0558338004151297 0.0415911086683098
0.0727839241516553 0.375846184599424 0.0666007722330371 0.0209431589640382
-0.0577079208721569 0.383598556214421 0.0813985395269201 0.0187581586372738
-0.224760320342476 0.388814314439052 0.0595028486295541 0.0740707074705218
-0.38935062097875 0.245907535815341 -0.0289985726255835 0.0679005589890973
-0.458532021029489 -0.0189135533442537 -0.0256310425937723 0.0168529543350951
-0.477776541644715 -0.178446524637217 0.0659397558340771 0.0221204394189429
-0.360410455820053 -0.173053443272494 0.127547231264144 0.19832974194549
-0.404951219025575 -0.110307306110967 0.13069655350349 0.0787363040743792
-0.416455091849041 0.083245308452636 0.00643015842969045 -0.0391862130673273
-0.31825405016585 0.259136670031679 -0.0542838358513634 0.00775781162827855
-0.181363415843262 0.333837602326174 -0.0654887146583408 0.113325721924453
-0.0397586134383878 0.350294457372319 -0.01256554751557 0.167869175325932
0.0839413033157581 0.311635095453872 0.0633393943364335 0.179671299271683
0.101298211334816 0.272582322871354 0.106768483148121 0.170836945622618
0.112847444944239 0.266868582807771 0.100669968857545 0.158320789993633
0.0377724117037907 0.320018660925826 0.0904960414205864 0.122742792250206
-0.0777449761895553 0.311433443074859 0.0758075699025848 0.0940110670674761
-0.202762923202742 0.288437195182854 0.0569883332039351 0.0973808773902873
-0.308660414485287 0.180298584004035 0.0119724529538074 0.0638412457133676
-0.367891957402539 -0.00874530291416851 0.065355112723938 0.012053717575848
-0.413696083728052 -0.131142002793666 0.202146069200875 0.0855533072127726
-0.267221660616704 -0.0860115781055117 0.240746659078134 0.288121077235649
-0.274048108597134 -0.0281436427542976 0.225647038162489 0.125674159525718
-0.258444705405235 0.0866102436176662 0.0602429662644834 -0.00143630891933181
-0.1850656376721 0.16988470229617 -0.0375793825487197 0.0351316815452423
-0.115752349427184 0.213495602468368 -0.0742948785687591 0.17185396860906
-0.0285460350679109 0.235599227680484 -0.00481716818716133 0.260526997450765
0.0512067162514609 0.215659283606253 0.0873944420231986 0.28354130668597
0.0600122212759023 0.194393289275888 0.137439838321816 0.272485694656637
0.0584475072852985 0.193346735546353 0.121910801685339 0.253439875915011
-0.00152061219046401 0.222640666091416 0.0848778007904228 0.206291668591095
-0.0857454957631079 0.19650678454523 0.0413463517677075 0.152635992799712
-0.150798419996287 0.149810023533587 0.031083579336259 0.105239624516463
-0.185849785974673 0.0933548983205706 0.0347731216784541 0.0526949437153866
-0.230606058239638 0.00231835496859951 0.128766420830727 0.0062903352980342
-0.291914667712944 -0.066926530663958 0.302986993158655 0.129719335430704
-0.124570289914803 0.00989762924225516 0.315830814725641 0.33946160690365
-0.0925127209364361 0.0406674570916125 0.293070775844304 0.147102406385106
-0.0614475971991096 0.0565511839845175 0.115200629864673 0.02276788724624
-0.0384719209280708 0.042816873305657 -0.00760533150158996 0.0457095452365508
-0.047841241799532 0.0586837830134744 -0.0640986485327434 0.195035403064046
-0.0225508605367312 0.0865356204342017 0.0130188421084692 0.304471271428011
0.00594065290442272 0.0889004026514205 0.104768828992181 0.339036891272213
0.0100217736603726 0.0872779003480916 0.147155108197765 0.332340003058885
0.00410114849768848 0.0895941864231606 0.117425970987344 0.316100331094142
-0.0249118530326052 0.0959299516341514 0.0533268436785942 0.2635439949301
-0.062010596756609 0.0675996186904348 -0.013321757162865 0.184997687608965
-0.0613536812303239 0.0205609140950171 -0.00672525845275389 0.0948649411760697
-0.0434447964107296 0.0274548558766942 0.0476304764311533 0.0390467919312158
-0.0810233914531646 0.0359344560215858 0.165479909209135 0.00729365374893569
-0.143879455912297 0.0140064131112199 0.358852909285111 0.15064959133764
-0.0503087578038291 -0.0863816509358749 -0.357632051981127 -0.126954285027395
-0.0775267267632273 -0.0785207021910893 -0.227782147774654 -0.00775194383360452
-0.102144011090611 0.00655714247394335 -0.0669175185674147 -0.0144417574939212
-0.0523165878508071 0.0748359685363381 0.0180466884359593 -0.037788532090066
0.00354069768280256 0.0642849343739929 0.0583717772197972 -0.171978953363434
0.0259136385212202 0.0438459415294094 -0.0214896026135896 -0.270178640253366
0.0443718767129756 0.0326749128754394 -0.101652075306497 -0.311482848582049
0.043368176096782 0.0306287624196351 -0.147216537096861 -0.325241783755959
0.0500897715226518 0.042087516480683 -0.130058435467685 -0.323283371468783
0.0308793420981967 0.0702461669611151 -0.0614830312650586 -0.287783145118795
0.00375543213326884 0.0815586532703519 0.0152097417640138 -0.201736996852829
-0.0624503081287458 0.0988082014671645 -0.0123360624823311 -0.0667487343619489
-0.118939420278504 0.019192611770181 -0.145837079463181 -0.0273820977625969
-0.0738001698793165 -0.0858873774100786 -0.270716018397622 -0.0944301143060142
-0.0313379665634379 -0.0946576507234323 -0.336236828890199 -0.306500552060386
-0.180702621431552 -0.147271720762153 -0.320059039213066 -0.131464211614313
-0.206688757312772 -0.12431616997677 -0.215509138673083 -0.0364460172584556
-0.235733841395535 0.0230998513737044 -0.0906408140971532 -0.032099577105663
-0.164535819474245 0.15419275533742 0.00765750217311288 -0.0289609133197418
-0.0606084197965322 0.185821276142064 0.0645484288842835 -0.147787422957798
0.0184207142328723 0.174119451117838 -0.00476874048943819 -0.242425566675982
0.0847362213041344 0.153739096211029 -0.0725593096446766 -0.281470022636713
0.0925539075872044 0.1412920899049 -0.114716001909436 -0.284676880504681
0.106540172047353 0.152927033889078 -0.108243624106896 -0.277222038346548
0.055483627912175 0.206463818006558 -0.0513806366897405 -0.251548093534328
-0.0212517120755721 0.216803299283968 0.022689900962778 -0.177114741764873
-0.144180597568711 0.232675870102684 -0.00505205343859556 -0.0314633818197482
-0.260045681754172 0.107856484020413 -0.1522011891184 0.0107257431962348
-0.252736486974485 -0.0915767073808912 -0.267303064046086 -0.0479368846424676
-0.214084099948501 -0.160047542844035 -0.307243335814217 -0.228780252155165
-0.289339952000386 -0.196367831995677 -0.243650734035306 -0.0928347093766079
-0.322600018695027 -0.162772948883607 -0.169392826970296 -0.0453229754489363
-0.356532920928429 0.0342398289283995 -0.0987279712751402 -0.0552184366549664
-0.272849770980207 0.221134618650878 -0.0138826337743326 -0.0295422690141749
-0.128194130344972 0.292730907281855 0.0454322110392395 -0.106954162249478
0.000770000345322213 0.290554513861018 4.73948384184329E-05 -0.177343870179615
0.111988604313212 0.257354115916517 -0.038728579984248 -0.205372813308362
0.129098657968189 0.229898230096264 -0.0649295068609103 -0.200300710873553
0.152201779342297 0.234610758968 -0.0653222818159302 -0.191150633925764
0.0861542826330732 0.307662713670712 -0.0243067815679074 -0.179993725820813
-0.0241749374306069 0.324445231535861 0.0365347069522493 -0.129157200052932
-0.186034665982143 0.349115957811125 0.0167014579833592 0.00522583639319471
-0.35234416008148 0.20281729567808 -0.125267956910996 0.045757635506845
-0.391474400459102 -0.0594335873685524 -0.214453262432419 -0.00461553886064563
-0.367382759084172 -0.184303486622994 -0.216879828135484 -0.138369118098835
-0.365533867342839 -0.217166505294202 -0.133393525254116 -0.0156882597871774
-0.412027799325097 -0.171842545009032 -0.0879815278096184 -0.026462512636541
-0.446190611117922 0.0570717648030854 -0.0836315730420375 -0.0700345026232139
-0.347691312508753 0.278335255619449 -0.0370307763087031 -0.0293819469816861
-0.173417943627237 0.369447800413424 0.00803694246869915 -0.0459225482512447
-0.0132079705758848 0.370348000908144 -0.00345047908824569 -0.0770528984714885
0.123507997373848 0.32313294991728 -0.00242238740949239 -0.0922881915883385
0.145944308896701 0.280750703044361 -0.00356687835906276 -0.0868605965389847
0.173828945831447 0.278313199773227 -0.00611519103840934 -0.0815031979678293
0.103771897391237 0.359801527338782 0.0187620215493502 -0.0863666637298025
-0.0229222199283982 0.381850571480961 0.0589839751684037 -0.06364701511383
-0.196689635899409 0.411076522646945 0.0442418603798169 0.0387175355782407
-0.385298865028063 0.262870164206661 -0.075773387694239 0.0655183688666587
-0.458192201864962 -0.0167414491841096 -0.125250637421888 0.0189993261490673
-0.457280901504336 -0.174030312035881 -0.082654819385231 -0.0526412682613607
-0.390305627827286 -0.200637835664742 -0.00161821651602371 0.0841420972514178
-0.445093747206768 -0.143212451182288 0.0185757496232869 0.0161095842081413
-0.467326381631187 0.0872474713843457 -0.0478646541547093 -0.0644628964011182
-0.358134800441057 0.302129192584928 -0.0533566372590956 -0.0167615412318123
-0.183920828054374 0.389660693964663 -0.0319703448286695 0.0321819232177224
-0.0192563994032151 0.389955732980419 -0.0074384343055486 0.0445457493729978
0.119703042830771 0.337725214822536 0.0345312012266317 0.0399087232803869
0.14027904116803 0.29071048281177 0.0585035531794927 0.0385470176932965
0.162752708379278 0.283482327219803 0.0569632371437712 0.0352012952254609
0.0923769167525939 0.358535772169067 0.065056430112908 0.0150377571725737
-0.0331213894022967 0.373613039061149 0.0781116968085485 0.0118688818096351
-0.194828627210715 0.388024824976914 0.0649591378878799 0.0685579640810851
-0.359048482840559 0.258317783183535 -0.023866592340513 0.0690179506856132
-0.443473128259855 0.00589964408187803 -0.0243009565009368 0.0209752288767141
-0.467125746999181 -0.144574435419912 0.0661801306495978 0.0173131469991285
-0.357428052411456 -0.145896714655043 0.133167938234574 0.185029278374857
-0.395579271381864 -0.0838757318816326 0.128940478576039 0.0677098851663849
-0.395034231362418 0.106087437761626 0.000156958385525468 -0.038474469802276
-0.289156256127286 0.26720555992851 -0.0547222178797543 0.00910665914350598
-0.153249877667881 0.332715833644655 -0.0582663003812458 0.11117283771838
-0.0157482149880123 0.339265249962629 -0.00358983897028266 0.163139448824311
0.098750973690365 0.29606627074552 0.0697636281228281 0.167051073782985
0.113645785543712 0.256189254877543 0.112001584475356 0.157228129680637
0.123894258960037 0.250725217600027 0.10753689592586 0.145382508272248
0.0556227941519246 0.307180674625485 0.0943997914915352 0.112115162740291
-0.0564802511561645 0.304932521752536 0.0771750144237153 0.0856034836127252
-0.178695083733746 0.28975512867853 0.0639526843402884 0.0912328983262081
-0.284129099518065 0.191122613726008 0.0155549660430658 0.0620593732592741
-0.35377796086498 0.0106162616154977 0.0620392572667126 0.0105748214660435
-0.402314218894428 -0.101400420205776 0.200971286912281 0.0708249167103418
-0.263352063383628 -0.0670532161468481 0.248062393829794 0.265687075145162
-0.26588252901233 -0.0114686860231083 0.223373815793623 0.109484306796737
-0.24085335157585 0.100215203268423 0.0546940173344999 -0.00491419519342034
-0.165616317341799 0.173725390977828 -0.036446511226887 0.034354030555187
-0.0975765650501355 0.212947594627894 -0.0630380069900411 0.168418621540617
-0.0123247134788291 0.229723290914496 0.00981413705695368 0.252619046519936
0.0617542503464864 0.205939732119554 0.0999958274395355 0.266582547368243
0.0687922745583688 0.183554337434351 0.14882530766909 0.253641136513057
0.0674503410626942 0.183087075956691 0.133934728460865 0.236623618609885
0.0117013083291853 0.214368219335012 0.0937110246300356 0.193964944264412
-0.0699907305924841 0.194646768246214 0.0476569418949739 0.144406378275861
-0.135913852714481 0.152881862606174 0.0382113205577963 0.100136062238496
-0.171766751596077 0.0996055290928616 0.0367072621873681 0.0492059149300472
-0.219827026287703 0.0147661124323263 0.122353921171559 0.00111098862748037
-0.28224529875168 -0.0465164760049875 0.300602597595096 0.10806961605574
-0.12092478005703 0.0185741389102653 0.324158299118554 0.311170618401644
-0.0868328524990082 0.0457776329750724 0.29084107846679 0.126491926495053
-0.0538364630118141 0.0594514532268368 0.109257857426214 0.0145813894370319
-0.0333590688254206 0.0424097599877083 -0.00691231355309976 0.0429834831164725
-0.0425408325171375 0.0597490424509878 -0.0514018969913482 0.191578888828609
-0.0153349846884048 0.0854865377992552 0.0290352579902309 0.294268589246809
0.0107657334591498 0.0856368688819236 0.120831460956671 0.320750600773461
0.0143622097714387 0.0831554177461037 0.162782946372337 0.31161894310837
0.00870046432113462 0.0862656960001261 0.13417778758554 0.297220144345956
-0.0185715598726872 0.0932741122168548 0.0673178939162855 0.25072028421157
-0.0547259593729131 0.0688429867603198 -0.0027013837091063 0.179809212526764
-0.056880886268734 0.0228706478584589 0.000577138799901013 0.0911208346831392
-0.0383061840969666 0.0286608960727279 0.0484456142807343 0.0341880951324206
-0.0743108864645228 0.0396196981057901 0.15806014402048 -0.000757692496536263
-0.136263976448979 0.0222382525236443 0.35606465442987 0.125436208781926
-0.0485925042222654 -0.0828068914351265 -0.34828803804535 -0.116319770065438
-0.0769104061987614 -0.0754995332205416 -0.219121684469573 -0.00579895487857039
-0.0984598645413661 0.00851408265301757 -0.0652754216146214 -0.0114650427881558
-0.048692405621679 0.0737059111243714 0.0157166136417291 -0.0349809710791208
0.0057514439642471 0.0621565475303475 0.0511908149990004 -0.16503074391612
0.0256533504836383 0.0408319244669324 -0.0285310992265084 -0.258503279218999
0.0432579197491486 0.0289207612416467 -0.105859688381506 -0.296572212962959
0.0425740098437506 0.0277596202826811 -0.150488053674812 -0.30819948437665
0.0492862846608283 0.0395745621334858 -0.132458843021718 -0.306909509846275
0.031649000581453 0.0672065365365028 -0.0645050689966613 -0.276010646084207
0.00485166451526445 0.0785653463723285 0.0115589373498763 -0.194973020139987
-0.0582969456940976 0.0968110117094858 -0.0113887001839047 -0.0627691313510721
-0.113749603753937 0.0212208739564988 -0.138979028915757 -0.0209983566450682
-0.0742475586879676 -0.0828540734257405 -0.259799623324309 -0.0850114382540159
-0.0318454791060842 -0.0907437467167097 -0.329302577888476 -0.288926202076934
-0.175044569325906 -0.138868889404873 -0.311777288477115 -0.119734271973055
-0.200998196173424 -0.1157484653784 -0.20744847915367 -0.0328941206794816
-0.224532403361727 0.027381219305469 -0.0885405456383713 -0.0276326000819276
-0.15367188166328 0.152008674052503 0.00508901724349832 -0.0268441313889685
-0.0519815937266415 0.180007737769285 0.0568392352096521 -0.143155887307906
0.0221955244389794 0.166042043651798 -0.0112603416608831 -0.232039369598823
0.0855073071443112 0.144968631707865 -0.0779103336423637 -0.270143161728126
0.0921926708544386 0.133341064940747 -0.118546201242202 -0.270824292927494
0.10584289229672 0.144564196588031 -0.111545548454664 -0.264655783954774
0.0590136938959622 0.197465936946551 -0.055157856864291 -0.241116496171638
-0.0157732340003523 0.20890642426553 0.0182306006627298 -0.171693914732864
-0.133400576484357 0.227644090143341 -0.00243629350566815 -0.0288282193322386
-0.245897032864116 0.10943397466104 -0.144751735070145 0.0154000460275499
-0.246065835336505 -0.0841376575507373 -0.25597123993804 -0.0393120549293935
-0.207506186236748 -0.1494666935918 -0.298815505010735 -0.214553023427075
-0.280111956880044 -0.182824976920407 -0.237440567915488 -0.084243037510885
-0.312903308789554 -0.150278505276255 -0.164046326767334 -0.042829954250001
-0.338683797238212 0.0409081197696079 -0.0975182825434069 -0.0496483061086965
-0.254913683915834 0.218343428510558 -0.0155452430683936 -0.0270295850759076
-0.113710707386207 0.283912527136376 0.0390071441478673 -0.104194581821436
0.00839322144781961 0.278037261753431 -0.00502080542774061 -0.169838905783256
0.113014308559441 0.244000895794246 -0.0438954788222243 -0.198139279231173
0.129110355950693 0.217141858135359 -0.0682376905327581 -0.190652964618193
0.151144093907156 0.22162317298093 -0.0679019943853626 -0.183048762145249
0.091168835192807 0.294348238115829 -0.0279774331566913 -0.173512353396159
-0.0162162247772246 0.312794076092243 0.0317352702938583 -0.126572422301281
-0.170760220918206 0.340696807706004 0.0195411219811544 0.00515298214994214
-0.332007089251497 0.201875909761637 -0.118790393321288 0.0489971772102316
-0.377465231650638 -0.0505901354540472 -0.205118497452334 0.00183780053331074
-0.353793391153939 -0.169080626396493 -0.209487962999856 -0.12910668924186
-0.352670632666082 -0.200450215215651 -0.130047527746855 -0.0115573316844522
-0.398994010520563 -0.157027772381731 -0.085992467915728 -0.0259190659621646
-0.42446204996728 0.0646804705850253 -0.0847115283091768 -0.0644605911445613
-0.324640427032762 0.274015027635425 -0.0380479165963603 -0.0271781742925153
-0.156610185112239 0.358237119267674 0.0041677436597987 -0.0456111185805315
-0.00333297005877037 0.354336442946398 -0.00619705502241481 -0.0736199996897186
0.12553594199538 0.307016045450338 -0.00637277519464936 -0.0909261699972718
0.146769456805084 0.266632502938043 -0.00680574397749657 -0.0832199415035885
0.172307169111575 0.263374780975453 -0.00795654427644984 -0.0794655301484145
0.10888808780914 0.343782046338634 0.0156286767677307 -0.0844003093350255
-0.0124836845042105 0.368057914558776 0.0536013409963507 -0.0642822352326299
-0.179460766691274 0.400744047872962 0.0478187183736494 0.0362814690326869
-0.361135436316874 0.260266460674173 -0.0709515575334614 0.0674045264069992
-0.44088900753901 -0.0105495985745825 -0.119600427943765 0.0236472354632266
-0.439087695312019 -0.15793807856365 -0.0794189567595535 -0.0493615803415888
-0.378367131331304 -0.18476695508119 -0.00123393213783321 0.0819238404164592
-0.429598777844515 -0.128428190924112 0.0170077218201323 0.0142158010889542
-0.444101936680831 0.092544304427191 -0.0502443924053427 -0.0601219103975593
-0.33419318726928 0.297088037461392 -0.0542513971973706 -0.0151657552059574
-0.166349928698031 0.378260394430462 -0.0319432585925702 0.0295531610318629
-0.00858864873457484 0.374623550435002 -0.00686194287051856 0.0434576766200341
0.122459285416371 0.32185105969896 0.0320082027099103 0.0351288305002239
0.141549980511726 0.275307125469925 0.0558410088023612 0.0351290739400485
0.162226903170762 0.268055164768743 0.0554019293547192 0.0310679999995733
0.0978748830998705 0.342448326016507 0.0622928329356665 0.0120084804337764
-0.0228601040216734 0.360579378443574 0.0737557686366433 0.0081208548325351
-0.177835311884815 0.378781839549675 0.0683301150714002 0.0638534951578681
-0.335910163406637 0.255878615371109 -0.0203444899325159 0.0680434290709131
-0.423253429610074 0.0124828453538276 -0.0233941261323029 0.0229976017041203
-0.44693483385272 -0.128448359443078 0.065212777719454 0.0147940225017147
-0.346645439731932 -0.132713670776756 0.130839147158856 0.176376986437288
-0.381664536880112 -0.0724704832072081 0.124443387643388 0.06173622546617
-0.373961929596209 0.111150651639893 -0.0034066193110408 -0.0366700788706954
-0.269041786443058 0.26219173220639 -0.054865266987639 0.00880758057393153
-0.136663014796589 0.323141425148121 -0.0550855463564091 0.1064486135604
-0.00571119723803976 0.326282664327091 -0.00069083606686381 0.157506712165698
0.101805719728485 0.282439827059138 0.0696623700876244 0.156797704237827
0.114820546060409 0.242986338191719 0.111090458550146 0.147632555386288
0.124492285559627 0.237980473626713 0.107160570337279 0.135498562456479
0.0607812439983543 0.293371753282163 0.0927750047138347 0.104856728461299
-0.0463807051952042 0.294559806141306 0.0747695081842606 0.0790061637707052
-0.164738764015012 0.28308820994857 0.0667412471020542 0.0854296401826829
-0.266023815700862 0.187990192506446 0.0166507053439764 0.0600796297147498
-0.337226791459593 0.0162538803701288 0.0591215826150948 0.0112516355438509
-0.385664664463233 -0.0887788263512714 0.195889448494608 0.0642871109997403
-0.2545119275301 -0.0573571010251005 0.243284206830522 0.251629311781187
-0.254526825014035 -0.00395543941993096 0.215901345876885 0.0999724944906183
-0.226022051446282 0.102629748389945 0.0496206748416029 -0.00557650410452809
-0.153542414096033 0.169758183198259 -0.0367412466456457 0.0324050110846969
-0.0870557665103467 0.206389397800378 -0.0581396626190707 0.1621907163944
-0.00448145266744411 0.220624059884132 0.0146225222254139 0.243160007605316
0.0641546900818742 0.196610269422562 0.101906556525871 0.252873438386133
0.0701164323999655 0.174682118362921 0.148714708041725 0.239337390283932
0.0686495548670823 0.174239672125768 0.135215607256871 0.222148385918826
0.0167118323353189 0.205729598295111 0.0954110151875834 0.183975929100514
-0.0617637297078368 0.188414043250412 0.0480185017518669 0.136676306349401
-0.127013850354915 0.149601370503829 0.0413592169387517 0.0947762111110615
-0.160327315308204 0.0979137958204596 0.0362972694496239 0.046839435647738
-0.208791619968098 0.0181234513036874 0.115655175745747 0.000771791424018305
-0.26910084936448 -0.0389909306126753 0.29190136311067 0.0972532280700235
-0.116254760898822 0.0220422381832725 0.318706776391326 0.29322131673757
-0.0820094490601486 0.0467972530251199 0.281599148093164 0.115832821185037
-0.0477340104409084 0.0590975948994239 0.102703819217348 0.0112491382187051
-0.0297647945848823 0.040759163741524 -0.00819011339829731 0.0403329130120405
-0.0390324188653075 0.0580810127784629 -0.0465887111851984 0.184519243092896
-0.0115277928841594 0.0826543849705219 0.03461563233952 0.282389123047217
0.0126292002639133 0.0828236669645221 0.122931758962551 0.305254197321444
0.0152211945398558 0.0793915371262039 0.164452050652999 0.294707351232915
0.0101203285687228 0.082580307986196 0.137380667235191 0.281096495918694
-0.0154282258210351 0.0895899624446349 0.0713791952277384 0.239358857569072
-0.0500934457724938 0.0668516440430396 0.00172969228689356 0.172536361870569
-0.0534990202608897 0.0221258711481175 0.00423532209196006 0.0872351432601575
-0.0347933623177738 0.0279207724900767 0.0475306017227425 0.0308819229134869
-0.0676828825478137 0.0402209568805595 0.149259581710818 -0.00256324912089747
-0.129346320068402 0.0250143413388268 0.345029798753335 0.112075224655867
-0.0466539672279758 -0.0825564118523062 -0.343530349923658 -0.115136928976686
-0.0763075864114335 -0.0750851813302372 -0.215447687578837 -0.00763900251890296
-0.0977346238294997 0.0083296351968158 -0.0644432519191395 -0.0108880641376343
-0.0472389118281603 0.0728157366896107 0.0150176119844823 -0.0327149573633607
0.00654318005157704 0.0612878336172495 0.0482597698353938 -0.161205637792053
0.0245293991488689 0.0395231066703386 -0.0296498065354589 -0.252797870933324
0.0423657058059797 0.0281770734443915 -0.105547577373821 -0.291521055648108
0.0423324228989307 0.0273858141328138 -0.150096371902083 -0.301401927126061
0.0481318030653908 0.0388828831906038 -0.131192632820587 -0.302070806551426
0.0315885069985541 0.0665058043760627 -0.0632050759115282 -0.272383480157147
0.00416406667647189 0.0774591678834917 0.0131033540889191 -0.192247127646303
-0.0572978471001143 0.0956740352797856 -0.00939124953209238 -0.0610343637798345
-0.111925758592228 0.0214052892117026 -0.134360559240243 -0.0187748689546763
-0.0744649613875082 -0.0828698206609319 -0.252050261562947 -0.0832986520736293
-0.0315446256415948 -0.0892848754821173 -0.321938882515558 -0.284981395131218
-0.169855845112003 -0.137329000679393 -0.307467464966637 -0.118302522695085
-0.197416085400314 -0.115263767032314 -0.204492006078232 -0.0347926309298391
-0.219501473144018 0.0264954402337384 -0.0877337916477544 -0.0262135436002168
-0.148983826117933 0.149540842742425 0.00429014895762528 -0.0248368574864116
-0.049282348693335 0.176654343043217 0.053513322081274 -0.139777072308838
0.0216696906155874 0.162180689844442 -0.012265929177067 -0.226662609981751
0.0838950425879506 0.141452936820361 -0.0786017645269469 -0.265861458213474
0.0908647189934216 0.130182675247872 -0.118236066071617 -0.264857645106714
0.104334782816272 0.141927004286657 -0.111255776800833 -0.259996404758234
0.0591094424339053 0.194970747802276 -0.054461057187696 -0.238088826623324
-0.0159795076654848 0.205477039679101 0.0182462756830587 -0.169693893256232
-0.131050285965944 0.224735607281511 0.00039381641015506 -0.027422315366285
-0.240277225256307 0.10731647932953 -0.141195935604509 0.0173434216185725
-0.242783461567568 -0.0851228687142285 -0.248923548361164 -0.037925934037619
-0.202315303100758 -0.147252025546157 -0.290963799972098 -0.211609615912729
-0.273541031099434 -0.181364842461879 -0.234392711870295 -0.0823993474658554
-0.30699698399333 -0.148809092846791 -0.162324371854387 -0.0441493238953338
-0.330307194400133 0.0397536060082391 -0.0970798522646257 -0.0472713829304321
-0.248586121403205 0.213471249583343 -0.0165820462686954 -0.0253739860429546
-0.108815633172964 0.278615623914402 0.036452649122699 -0.10305801713342
0.00905652614210436 0.272472776139627 -0.00615064022557986 -0.165836003167467
0.111653852996539 0.239293807727217 -0.0453640392011879 -0.196010646260046
0.127026796500516 0.212740641798279 -0.0684872041885717 -0.186553880592143
0.148886611349559 0.217645083106422 -0.0680944975288703 -0.18049348195636
0.090167994002798 0.289498957838227 -0.0273357315260821 -0.171638178930088
-0.0155263856029699 0.306859274489807 0.0302717259194942 -0.125759820640792
-0.16665510077296 0.336063384827306 0.0230689260588061 0.00505199562228018
-0.323151396330691 0.196783163920096 -0.115938468264044 0.0507146314818136
-0.371420948202144 -0.0525028001282323 -0.199707166105736 0.00318083986508022
-0.344196787636492 -0.167172191859154 -0.204288714798994 -0.128277397393812
-0.344774321332832 -0.197956966764686 -0.128837349947521 -0.0114354331648178
-0.391020114688373 -0.156535864006928 -0.0856971116234204 -0.0267779352530758
-0.412962640160829 0.0641419429832609 -0.0844732028309046 -0.0618842337150283
-0.316445439826216 0.267947132893227 -0.0394196253908198 -0.0257707529579975
-0.150118977353364 0.351134851673785 0.0027088079851833 -0.0458913188761343
-0.00222882295012353 0.347117672236294 -0.00717980795244783 -0.0717824213253477
0.12394674183171 0.301842067438783 -0.00880030655220449 -0.0911243304053215
0.144022009264703 0.260899786537799 -0.00797251597875343 -0.0816572089269861
0.169711158884562 0.258496911638357 -0.00857362663759813 -0.0788547392390462
0.108243050132068 0.338399481463141 0.0145735794899077 -0.084142413612592
-0.0121833989430659 0.360742477367162 0.0510782233447281 -0.0638823941918223
-0.177568775258306 0.393757554663058 0.0511480671153909 0.0353032084096615
-0.352086757727418 0.254643563431317 -0.0688841109049199 0.06793298265271
-0.43256404267389 -0.0133330560355626 -0.116339444111591 0.0251250865919648
-0.425840170319753 -0.155899552990027 -0.0767482434719155 -0.0497927057151414
-0.36959147734006 -0.18175276844067 -0.00230581878059176 0.0806090342408061
-0.420855064745556 -0.127374239998884 0.01492744822732 0.0124642125479277
-0.433207830818748 0.0904395756078099 -0.0515973742093336 -0.0583737522184296
-0.325025783047378 0.290353063120552 -0.055530399799192 -0.0150056095712624
-0.159488375437861 0.369987877576645 -0.0336151329587141 0.0277833311480555
-0.00616806516574433 0.367863843722475 -0.00809114210356432 0.043210081647704
0.120499658268391 0.316963214098525 0.0289910626469992 0.0324463833429258
0.138795300143697 0.269607239711255 0.0543356584975643 0.034249733489602
0.159559791267224 0.262817212592199 0.0544146860060362 0.0293619447768753
0.0965740813367179 0.336032830657931 0.0608878812587158 0.0112385563144366
-0.0216173313978602 0.35475530126979 0.0704039723232403 0.00721523723856166
-0.173604055099807 0.373321273664327 0.0703392309620412 0.0618433586314751
-0.328968520599057 0.249019217856536 -0.0195272954376599 0.0690875941939585
-0.415594381679439 0.00982288594020973 -0.0226606721908201 0.0252256335633844
-0.434234345052173 -0.126547018324234 0.065358772866223 0.0140794264228298
-0.338863218445231 -0.130599758734856 0.127574132328319 0.173498113804461
-0.372325586634579 -0.0714230754776862 0.120371890305857 0.0598929089623315
-0.362746617276239 0.10935803870425 -0.0058302483400431 -0.0352460005330729
-0.262259561283355 0.256409544168239 -0.0566074870593485 0.00786652233314258
-0.132362338303798 0.316693693127416 -0.0565676713151437 0.102985602499681
-0.00333806275932722 0.319850852925873 -0.00166303534823631 0.155399145327167
0.10011062261143 0.277939726825601 0.0668393317472453 0.152214298631825
0.112487370663142 0.238330240281155 0.10867339970196 0.14437839688417
0.121858458327268 0.233378850157498 0.105158913190417 0.131627174597686
0.0603151846365158 0.289405488961618 0.0912975293285758 0.102588234650776
-0.045106288529725 0.289567875863448 0.0716639493096324 0.0771802001872917
-0.160825237780185 0.278518091341532 0.0694401119691346 0.0829499383020515
-0.259086623899093 0.183126874405617 0.016438096781019 0.0600330419142747
-0.329447422804724 0.0136127726491318 0.0566597514709881 0.0134887171597216
-0.372373913194546 -0.0868023573646885 0.193531485484641 0.0618089619450167
-0.250133775946124 -0.0557302209688446 0.238502139770418 0.247051620702602
-0.249541569243093 -0.00458643796432086 0.211278275468624 0.0977486672513649
-0.219294848722794 0.101587235469311 0.0462343457166403 -0.00513477818019506
-0.149119226802964 0.16558002525355 -0.0391180079833768 0.0309080667237684
-0.0846498121159394 0.202318848162994 -0.0586809239346374 0.158031204230892
-0.00296534515063834 0.216498764970864 0.0137489150719772 0.23905207689995
0.0632259054910929 0.194363817625886 0.0994664339354998 0.246794021349963
0.0683793045280961 0.171215535226858 0.146798688974018 0.233859309110559
0.0676160600972624 0.171128678928336 0.133644178362212 0.217226409361258
0.0168599505034678 0.201942420103023 0.0934662666916348 0.180584140720882
-0.0602117188257742 0.185199012595289 0.0458137869816857 0.134303541557101
-0.123984441047402 0.14675974277617 0.0432364671560895 0.0923904729651129
-0.155606569415286 0.0951049725750221 0.0357836163236932 0.0459480347001715
-0.202810936317682 0.0168039414748829 0.111761956985736 0.00251032442769859
-0.261796517149481 -0.0381627906104148 0.288240788015665 0.0947843414194018
-0.114673645146056 0.0229539854526914 0.313356181101087 0.287954549866509
-0.0800005491474429 0.046691459340698 0.275658946364396 0.1139903629255
-0.0445187178444131 0.0585804336584463 0.0983167412165406 0.0112972296771746
-0.028054305762322 0.0393637718395293 -0.0104248055096435 0.0382326868643123
-0.0378674001656597 0.0570042665519396 -0.0466170949263129 0.181021709866017
-0.0100721218765761 0.0810940158297609 0.0338814801873258 0.27849003037458
0.0130200122410033 0.0817586658217856 0.12158826142145 0.29894924981693
0.0149938423531783 0.0781273580464335 0.162564628722066 0.287684802521489
0.00975824707794116 0.0812693715665931 0.136398302310015 0.274795078481306
-0.014781885795907 0.088125110416391 0.0718305449093812 0.234887930860413
-0.0483529163609528 0.065166096252976 0.00166477336660492 0.169784631092737
-0.0519797083486555 0.0207457243331683 0.00591251794801659 0.0844393923641294
-0.0327219152471936 0.026820780268604 0.0467884755974066 0.0299757020212841
-0.0647051100850965 0.0394855986157687 0.144770952099032 -0.000763422117309567
-0.126011571428336 0.0249002265106621 0.340040228048687 0.109970316519758
-0.0728667170180564 -0.0529078020686682 -0.370052078466456 0.0382160192660269
-0.0975860604478248 -0.0354287065571832 -0.204453708678322 0.0865077964146706
-0.085930544804551 0.0476214129486093 -0.0641579398783844 0.0226499729516167
-0.0123621932031697 0.0848671757558465 0.000755563861239214 -0.0306008840581471
0.0294787144285407 0.0542132087999223 -0.0250970591879378 -0.165652413909501
0.0367956299737301 0.0274054917690321 -0.136556445408064 -0.215629593020465
0.0495232708722026 0.00719063745671094 -0.223372487081539 -0.220298267813534
0.0511024734674548 0.0101996027879067 -0.270171044200574 -0.208481893011312
0.0614119877801576 0.014887413902974 -0.25381013097329 -0.216967083074568
0.0570899597605997 0.047613396625989 -0.17926479103301 -0.219382704405442
0.0356773363766258 0.070487405183444 -0.0741311479338885 -0.181150652513857
-0.011503079748102 0.112120583139035 -0.0410170802406201 -0.0519274126403302
-0.0971687901033465 0.0662915568717569 -0.128947299267292 0.0375468063534963
-0.109211858391011 -0.046229140979088 -0.259152246221843 0.0246167667248015
-0.0735609579345561 -0.0712699204779451 -0.410932024368168 -0.127602840604836
-0.207779359359248 -0.0554815255655133 -0.343413688011938 0.0228851223189791
-0.223419961903965 -0.0235527469314514 -0.208356883683045 0.0597996009371981
-0.188272995229128 0.112636474382076 -0.0931721860559392 0.0255644304472836
-0.0720407872751264 0.194479138266065 -0.00634965845437332 -0.0127779759435521
0.027288341943577 0.181012634652463 -0.00805361433638982 -0.145181994330626
0.0863424671681462 0.140489648827729 -0.10734811457756 -0.197645375890923
0.134426522916955 0.0934926248429117 -0.185025494702993 -0.205669112068389
0.139312043908505 0.0867512741350998 -0.225076932471929 -0.187881442382691
0.156268890391533 0.0869720326258028 -0.218253072013688 -0.186316100350544
0.137212833819612 0.15488965488518 -0.158454624435861 -0.189360706403605
0.0723046894279352 0.19876842133234 -0.0662911141754946 -0.162111015554205
-0.0221878032322284 0.261423424075362 -0.0283164983401011 -0.0265403921145298
-0.180970875678641 0.201044706275469 -0.123975352632647 0.0698607663773915
-0.266101943628917 0.0240156254957972 -0.23667531843998 0.0570674600015186
-0.258863154960417 -0.0478963646866551 -0.346944386828652 -0.0826640264679894
-0.320079827866672 -0.0558201151250197 -0.264407319639697 0.0282860296770119
-0.336052836300183 -0.0108414585109088 -0.174843038437222 0.0358793452854709
-0.282871030314453 0.169059606338147 -0.112302104062385 0.0154594812921028
-0.133139514433131 0.291554150822102 -0.0267132804145086 0.00159328310342307
0.0158381850263571 0.296219622854123 -0.0053653155404994 -0.100371908583852
0.121830681775479 0.245390970311702 -0.0728338488165984 -0.142971902872326
0.200478023272771 0.171335691050091 -0.121688191955063 -0.153654245816768
0.20695820491391 0.148506055991768 -0.145794088475245 -0.137046337894374
0.228904519531367 0.139085851693418 -0.14480767933981 -0.131106423410547
0.20667588975435 0.229225211921689 -0.10657475851739 -0.138156893702929
0.116547243985227 0.294535291228108 -0.0411905481460759 -0.126669495325647
-0.00717772187005864 0.378880106504399 -0.00140201916928708 -0.00533655776963068
-0.219803335102588 0.32059550759177 -0.0907860403907196 0.0859782118024444
-0.371760367393627 0.109628590437436 -0.176847342740746 0.0688399695627159
-0.398628604494441 -0.000308428622185636 -0.228406280419437 -0.0511696981729077
-0.392263579396959 -0.0456729848968109 -0.139063700988566 0.0518090574849904
-0.415523436967897 0.0155260730291445 -0.0984332539433634 0.0207656173053347
-0.348740791443608 0.223119034600807 -0.108010797181284 0.00191771173812781
-0.171815202678899 0.36847356295323 -0.0494236392323317 0.0152014960020111
0.00980833893771153 0.38041684691358 -0.00979795715238271 -0.0310359756646743
0.143932823155205 0.318201531239928 -0.0314062600634409 -0.0549793615128382
0.237977041650253 0.223372132084245 -0.0412194055903779 -0.0717827866554982
0.242492437306595 0.186088302100922 -0.0441086837965078 -0.0679011159209497
0.265241380074961 0.168378048528975 -0.0462458366328179 -0.0643844730641566
0.244130405238791 0.267569623094042 -0.030136458955804 -0.0759472873133622
0.143119702639334 0.343724909335931 0.00128730851981725 -0.0782876940203821
0.0105687189144947 0.436895806228272 0.0330453385809232 0.010201560354726
-0.22184058652227 0.385181455379035 -0.0439647585848289 0.0806300368967214
-0.40843392209818 0.172490619161793 -0.0943289224079092 0.0511397084044962
-0.471196491787536 0.0464126983919155 -0.0765290583187641 -0.0364147754038947
-0.40941018184342 -0.0236316334163873 0.0167481684155474 0.0849469940172326
-0.432623276518857 0.0522775320019289 0.0115613247768929 0.0146091485191092
-0.353900838149119 0.255402830779243 -0.0756396845599211 -0.00768832759934749
-0.171443829835416 0.390881333478287 -0.0596117757442544 0.0332204179502399
0.00876587706778475 0.399648513342069 -0.00966731404876605 0.0522803975822537
0.148591839527609 0.337236549820506 0.0184574602439921 0.0502339165639342
0.241175089109368 0.238493610298545 0.048033963421038 0.0250502917573066
0.240195558669964 0.195491756903324 0.0636144335337096 0.0103157251227211
0.257592793150925 0.177466518320446 0.0587548618514209 0.0063079085037979
0.234084992076262 0.270850011198595 0.0538782384765313 -0.00974241442915354
0.131250292456744 0.340425250417946 0.0497851594158056 -0.0220312017221792
0.00362622207466413 0.416074702865171 0.063863676823607 0.0249576631791247
-0.200577306151474 0.370598601609246 0.00083526828406886 0.0610657248628932
-0.380800449003299 0.187901560634499 -0.0102951068001672 0.0128351440207197
-0.463114924874137 0.0778366702259219 0.079465872203238 -0.0387996649849103
-0.361692457948846 0.0106358997789428 0.177981710362574 0.11569564974469
-0.36790382828214 0.0831644087716162 0.130879550500589 0.0117069619177264
-0.284963833367443 0.244335191718962 -0.0225309082589393 -0.00911638299809658
-0.128431167557638 0.334327878703487 -0.0501294691056245 0.0505464972321445
0.0124981229300072 0.339619807097409 0.00136408722176802 0.129422148977832
0.13318154503005 0.292577338802111 0.0727197612017248 0.148650514432492
0.207531932801192 0.212216009674841 0.134372201426982 0.117985858698711
0.202700564034504 0.176771823224547 0.16180095321601 0.0863170531660013
0.210680023622248 0.165725234500493 0.151496059777164 0.0758387049734425
0.179884509758061 0.242010918371398 0.122958439461581 0.0587144095226325
0.0831752474583707 0.290416118030725 0.0841180446860932 0.0396398054019187
-0.0245156962655052 0.324429451936786 0.0771820821754668 0.0424001397733122
-0.163113298587082 0.279606836726732 0.0325799685507455 0.0393513341823961
-0.298085297795293 0.153329993509575 0.0570211299504979 -0.0259643487246669
-0.385983879386938 0.0876059016911585 0.214677009188257 -0.0460563841823353
-0.251343698890587 0.0422673010319259 0.316503881622781 0.135118550311372
-0.229109031799984 0.0933323114505666 0.233416134682423 0.00495331134741584
-0.156705104314544 0.17857319732033 0.0395440823268424 -0.0113582370360348
-0.0643332259747119 0.207929065354378 -0.0238132656035515 0.056776074876864
0.00943088924182093 0.216254168121752 0.0201987934915051 0.176967849489933
0.0910823301387496 0.196582898021833 0.120842904674082 0.216389343609967
0.139200431232905 0.151378972104353 0.203000720338073 0.188458692613926
0.133709315566296 0.131244586266123 0.236251760726304 0.149612994548213
0.133674196431057 0.131455210369197 0.216073438085374 0.139872591648007
0.102735028046553 0.17998654233277 0.16091765511341 0.125541760793823
0.0241543950608126 0.199112471105654 0.0910384106523243 0.101176362244472
-0.0477612267323206 0.187892353474335 0.0666868621818067 0.0595500044046773
-0.103317386997458 0.153965438867919 0.0473459488378977 0.0208054405135724
-0.178063505986252 0.101792126564561 0.101822282915564 -0.0525612341051048
-0.258405056378461 0.0840477086621593 0.311821218876078 -0.0499128773540074
-0.0961209085053261 0.0602929095747665 0.40777024068868 0.138030355747619
-0.0552305414091949 0.0707922740408405 0.301969654996907 -0.0126593195532336
-0.0159274221791167 0.0697099730842374 0.0946111555790705 -0.0276164557445989
-0.00835368635571458 0.0450877725900911 0.00521029456060856 0.0419941385751008
-0.0085093769744449 0.0654730146104113 0.0374351878973125 0.187947672643808
0.0275360510297761 0.0762570378434237 0.154316455148668 0.241120498545819
0.0463694430053439 0.0702566502737037 0.243631322747238 0.223790345059172
0.0456364083855873 0.0657255334708364 0.275305884059824 0.191033215485921
0.042912649051124 0.0723088647780915 0.244876042298859 0.189212477455568
0.0243394056685346 0.0881268590733723 0.167367121100705 0.182851290072986
-0.01607538921058 0.0821978327205531 0.0721860934276809 0.151933314771542
-0.0379253236487406 0.0418491962503245 0.0394542341212838 0.0691954947503768
-0.0176914591204855 0.0385102205131013 0.05387503754984 0.00449938584056183
-0.0395193963329875 0.0636252735383765 0.128783219576683 -0.0625864798088044
-0.102711069555013 0.0813923275609553 0.360060493710763 -0.0503031796726917
-0.0760000540644428 -0.0531956097048071 -0.379565646658781 0.0493072901245643
-0.1017661422317 -0.0340457273664868 -0.208330885443334 0.0941859646999448
-0.0872381273293895 0.0523297441575513 -0.0654419740579042 0.0254240553680984
-0.0101021557017815 0.0877105450940867 3.19289333544162E-05 -0.0301522674204587
0.0329907702772139 0.0549722072449657 -0.0311152497984156 -0.167864693927655
0.0381468000913911 0.0270202385949351 -0.146414856605132 -0.21581134432575
0.0504898383243746 0.00570118127509837 -0.237601078018143 -0.21917220043553
0.0527869985419902 0.00813435808984292 -0.283424545025163 -0.204012235852913
0.063939140596473 0.0129657596558394 -0.268199545741289 -0.214650154105647
0.060572735890251 0.0477083345359712 -0.190423825408499 -0.221219462289713
0.0378425849702902 0.0726253660656856 -0.0794851546669598 -0.185513734452578
-0.00811612652215355 0.116143873167742 -0.0417854975341403 -0.0520243313052541
-0.0979535213799101 0.0705145880769085 -0.128805845975311 0.0431465526889303
-0.115399032714188 -0.0445114116532594 -0.262185934503311 0.0304340891192414
-0.0771730857501955 -0.071349072476355 -0.426072142286733 -0.119720495703876
-0.214918007816429 -0.0520770729736944 -0.353041773487804 0.0334862637928545
-0.230006176911044 -0.018529249851611 -0.213535500071716 0.0664171929695351
-0.189098114014616 0.121095957254962 -0.0947059382121153 0.0289474372374827
-0.0670844252791464 0.20094056976197 -0.00692732477620017 -0.0113949989345455
0.0351133836746119 0.183478511154562 -0.0142899109057541 -0.147969737825265
0.0923035769538976 0.141750256859608 -0.116475921994148 -0.198418805740838
0.140550884007479 0.0919417836633868 -0.198270746206152 -0.20479197664165
0.145141577113348 0.0838819400227085 -0.237628935697505 -0.183966971188736
0.162535096891623 0.0840307913316032 -0.230596085380123 -0.183450324070526
0.146647353145473 0.154998778015767 -0.168774677009076 -0.190480017116897
0.0800927932450616 0.202827203710662 -0.0729861151116409 -0.16593908661925
-0.0137486673154964 0.270190666757672 -0.0271750301113898 -0.0273665316705709
-0.178455583951084 0.210445967410225 -0.122288100777682 0.0767736501718894
-0.274347346184905 0.0311240466480858 -0.239518871517691 0.0644743693558588
-0.265332673020696 -0.0422972716005335 -0.358528212791545 -0.0769817982441649
-0.329440824653539 -0.0491011613786315 -0.271356052089654 0.0360388701975954
-0.344886150829552 -0.00249184709860439 -0.180056973727662 0.0408406608931052
-0.283124363102819 0.180613450015523 -0.1147886046427 0.0198470453682685
-0.127276767967283 0.301138903746605 -0.0285246263778003 0.00403413639559567
0.0269622838049454 0.302528366206978 -0.0109905797267598 -0.102525269662882
0.131848613994826 0.247457072927926 -0.0797983808223299 -0.142838979655686
0.210577103864132 0.169824774458013 -0.132779819161419 -0.153516897713342
0.216145748424986 0.145716665095642 -0.154498386766948 -0.135196197193773
0.238598235168982 0.135222995207058 -0.152851397316137 -0.130245183827336
0.220675161361365 0.229814579171485 -0.114127883301761 -0.139907793758078
0.128305578217351 0.299060507663816 -0.0473438862269296 -0.128973882197413
0.00576615750466786 0.389163515621322 0.00126154098718715 -0.00804154032558995
-0.21600532262537 0.332874985610898 -0.0879953550260823 0.0928789980770815
-0.380202563103185 0.122399530305899 -0.176798688768917 0.0751769800155898
-0.407193159066984 0.0077978861248917 -0.234785526146523 -0.0469599417822752
-0.403396318764607 -0.0350163403500928 -0.142370964094273 0.0571493887013821
-0.425755877008134 0.0266988535917528 -0.102847423622252 0.0236627181579699
-0.347732583290793 0.236160909143322 -0.111601226639408 0.00583672906479383
-0.165690256284735 0.3805410355242 -0.0517699805538693 0.0185129958345987
0.022565623859653 0.385695450798084 -0.0141022213393663 -0.0314688271580087
0.157823231051395 0.32129537928163 -0.0352610172010529 -0.0540207951848254
0.250550668390123 0.221632615967022 -0.0478304910443554 -0.0718797693349321
0.254124832677415 0.184062568753126 -0.0478999857097251 -0.0678761993154394
0.275816977850783 0.164269747816042 -0.050382777818362 -0.0644070884084823
0.260928397255292 0.267816594647386 -0.0340486993394887 -0.0787518746260096
0.15679705882734 0.348362049513091 -0.00258409166963056 -0.0804755565370007
0.0253772585743039 0.448430435921253 0.037406026473829 0.00604548362394979
-0.214912198524548 0.400468798383233 -0.0404663635545137 0.0862031924323063
-0.41672632624468 0.188098082396763 -0.0926946844866576 0.0561893792135743
-0.477425989811016 0.0596247842799407 -0.0788528463730436 -0.0376195894513529
-0.420311075914287 -0.0116519553675623 0.0180520441094936 0.0860646243943972
-0.441521315534425 0.0635364748373676 0.00981237858215467 0.0139218950217669
-0.353185297563518 0.271053225481266 -0.0788661788634173 -0.00490887687837352
-0.162412345355219 0.403103674265861 -0.0621496215739596 0.0369449196907241
0.0230507571021551 0.407449582604172 -0.0116702475207875 0.0539640166547233
0.164375156386539 0.33972915553712 0.0193249386028861 0.0524227672127749
0.255422846995709 0.237175114282471 0.046886513642139 0.0247465581935622
0.252255221801521 0.194719290318865 0.0650013502520562 0.00867123490574248
0.268737965481812 0.174276781305548 0.0601981930993858 0.00389792498559463
0.249327057464368 0.270890503376316 0.0544115532795141 -0.0129337188289897
0.14527830903774 0.345843323748749 0.0486610505366052 -0.0238496785333163
0.0177400482904081 0.427379040900198 0.0684400516529978 0.0204129101890203
-0.193984059299759 0.383422085612789 0.00511884776128718 0.0641733516461666
-0.386197312048327 0.200685081611795 -0.00896523241459697 0.015675542428738
-0.468835946632799 0.0914626941604929 0.0814825591451325 -0.0442102607413732
-0.369610725644999 0.0210966439334067 0.184147537120027 0.113020183534825
-0.37395485741958 0.0946931484466647 0.132183721553987 0.00792141839887718
-0.281336147832505 0.257584776056645 -0.0246533655355792 -0.00765687939847163
-0.12027068068858 0.345120829939774 -0.0521554293333799 0.0547786645785233
0.0239473607044743 0.347181892016874 0.00232466668670609 0.132662961626329
0.145640200079577 0.29511784197263 0.077703057327205 0.152160879219749
0.219396848074703 0.211835258793508 0.138190564368308 0.116917673166468
0.213153793049516 0.176261495636606 0.167911466071982 0.082928040342072
0.220081394564366 0.163883514649707 0.157528207265357 0.0726034978321618
0.193085434302768 0.243148590499356 0.126990642162904 0.0552877117242946
0.0940899155434353 0.294991819485882 0.0862882962004462 0.0385887973368504
-0.0139910610850873 0.33324971428572 0.0820062310200788 0.0375873633295934
-0.159044149642029 0.289330321949911 0.0356924892980908 0.0406382420478138
-0.301779881688293 0.163692272496511 0.05810041723014 -0.0256589577910224
-0.391088634978325 0.0993177526646265 0.219938360348441 -0.0549024721537721
-0.255432228781222 0.0515853304210895 0.327008338528739 0.129358599392111
-0.231969360459873 0.102783330000222 0.237581422329233 -0.00179001652009558
-0.152783143369882 0.18667286520251 0.0385840920338596 -0.0113767381930848
-0.059117675526981 0.213269780602172 -0.0250400583432423 0.0595290812277136
0.0159451421687942 0.220785734362875 0.0235474047195476 0.181335605217424
0.0993791150007773 0.198733934456614 0.130258206018207 0.219902276637462
0.148501056083545 0.151413043331821 0.212802584957036 0.187289128071941
0.140810427997029 0.132041143998897 0.247018240649798 0.146163046611816
0.140541151463272 0.130613393090101 0.22578930128446 0.13549071787179
0.111372224152825 0.181402019275139 0.169402593240837 0.12281218024091
0.0315973774248084 0.20270303314523 0.0960016717142048 0.10129898095223
-0.0430981897949929 0.193607651874807 0.0708533238654706 0.0561132490931199
-0.100759890661221 0.159188024694771 0.049501829961399 0.0199813374724233
-0.179125506925024 0.107774893059977 0.103301575705617 -0.0539914319940771
-0.26048655286423 0.0933777646032284 0.319234593437431 -0.061972226162323
-0.0959678843789828 0.0663349390594176 0.420914583114921 0.129254322733343
-0.0540413087470524 0.0746146332722618 0.307726441340599 -0.0213552240878605
-0.0118638761720346 0.0706217546386397 0.0944883226754784 -0.0296671265377975
-0.00740297014888293 0.045644578630104 0.00409563325911337 0.0431377749432889
-0.00707324721960745 0.0676703649302343 0.0420427535316753 0.192434048603187
0.0311255331200275 0.0767668228343663 0.164857374650761 0.243767176384124
0.0507230809414627 0.0708215556686396 0.256802155573846 0.222201139717553
0.0486372446705918 0.0673411587221058 0.288367759334758 0.185690333963888
0.0458705494398524 0.0732313712597324 0.257761057884427 0.185149427290079
0.0283634365422167 0.0896146848927832 0.178002925886043 0.180658132874068
-0.0137897682232132 0.0836866347998006 0.0795477752961096 0.153454157946687
-0.0376515327491522 0.0431256754288219 0.0430035649113561 0.0671823271570518
-0.0158615185241 0.0396970718355259 0.0548464001420541 0.00229134840538299
-0.037907896421663 0.0654187325718927 0.130561501640441 -0.0653307985891181
-0.102223455377678 0.0871424824509643 0.368776042815385 -0.0637381035218374
-0.0799351061925078 -0.0500906166761973 -0.381866456507624 0.0725787220507286
-0.10595363030962 -0.0293081319940011 -0.206920377119579 0.106048384820421
-0.0861132278689859 0.0590057475891955 -0.0652343308278378 0.0292037904237509
-0.00440570634539698 0.0898744107916358 -0.00136448750230005 -0.029003705734682
0.037398244724252 0.0528360618138959 -0.0429435380230128 -0.166056594273966
0.0402166684077386 0.0254992150802175 -0.161421185493737 -0.209300812249815
0.0507707160801659 0.00274601611517756 -0.253811792596584 -0.20655764883007
0.0539271228348131 0.00463818142965949 -0.298700769549692 -0.189115180225478
0.0659575895566677 0.0091332407443439 -0.284972948923574 -0.20132286875219
0.0649011416521754 0.0444611981319119 -0.205663665937245 -0.214307241022881
0.0425359600740336 0.0719212898355825 -0.0916205724365723 -0.184897755873847
-0.00150598140738026 0.118677849296886 -0.0431522807236258 -0.0503601816336173
-0.0956419938115236 0.076333879368894 -0.124871778285437 0.0513214719332605
-0.120628274989932 -0.0382617111333083 -0.261972544107286 0.0428713650902405
-0.0818073467477713 -0.0679993619156077 -0.438794012886522 -0.0988465372345625
-0.219674781871172 -0.0406744644274252 -0.355577861538931 0.0548781933687535
-0.23466508632897 -0.00649614950347561 -0.213468704953143 0.0790593181858017
-0.183564419808784 0.133638663177923 -0.0943155397294039 0.0346813964776757
-0.0555717859236755 0.206095356424914 -0.00791088779877871 -0.0090702810419838
0.0476148524120014 0.182482799924688 -0.0255168745191809 -0.147229557586542
0.10181598954623 0.137826209463223 -0.12971724817997 -0.19294369365262
0.147354192905225 0.084611927723805 -0.214252387392079 -0.194587500480778
0.152220980385439 0.0763880009708336 -0.251419020887382 -0.171885827564981
0.16990862491223 0.0753729561413368 -0.244752664186548 -0.171779890518576
0.158675756837632 0.148705954468667 -0.182409922207751 -0.184585799238373
0.0929151706461557 0.200971721887791 -0.0839322938619523 -0.164550783212608
0.00168419905144937 0.274325217592657 -0.0262955231757165 -0.0269372968943206
-0.170251370563904 0.220978736292017 -0.115964982387665 0.0858229238481771
-0.277596624183314 0.0474784297029981 -0.236441703784184 0.0767331545507017
-0.269822772570738 -0.0290760745082509 -0.367050319194205 -0.0595809623564836
-0.334981532428951 -0.031804601260121 -0.273627877424867 0.0526239149468814
-0.348788320160622 0.0155102785802754 -0.181554965893569 0.0513482882976936
-0.274417757270428 0.197449344136089 -0.115599653448963 0.0272774293792547
-0.111012381644924 0.310192363140534 -0.0285573156112507 0.00782417342771553
0.0462931031699968 0.301945024759531 -0.0199031788179318 -0.101582881343565
0.148292627953568 0.242672658200427 -0.0900993191956986 -0.138876842648702
0.222832329932957 0.159420891095136 -0.145895611848337 -0.146497670500785
0.22766989253487 0.135074883630476 -0.164267011692881 -0.12740887381243
0.248764556506542 0.12224348893456 -0.163046319433965 -0.122343246262997
0.238367383373442 0.218938900587681 -0.124578109944552 -0.13616374714848
0.147217193401507 0.295682188845511 -0.0565368359617221 -0.128118457705994
0.0288390962483222 0.394833227725316 0.00349959599262613 -0.0104997874911247
-0.198794139496543 0.347071236295273 -0.0798393001263211 0.10085876703945
-0.377712843374107 0.143964322619916 -0.173471152532199 0.08576508471054
-0.410123275357832 0.030363994640192 -0.240072352096101 -0.0365472828062726
-0.409451565904474 -0.0132542646267165 -0.14209187112354 0.0657751843175996
-0.429188093453009 0.0493493140916252 -0.104736079258653 0.0289408485683588
-0.335416823305077 0.257498524699145 -0.112739895861318 0.0127042930509159
-0.144584090405607 0.392097807694035 -0.0520015132009012 0.0236212144329373
0.0464580657616558 0.387710542649497 -0.0192715132376106 -0.0300916505163844
0.178204949723769 0.315578350781695 -0.0396526653822539 -0.0510055959410012
0.266888018462401 0.209888037194777 -0.0553338493656307 -0.0688709673515272
0.268399793804796 0.171548432016144 -0.0525534244232852 -0.0655710046347713
0.287999334167709 0.149983846053154 -0.055007294140431 -0.0623757017871924
0.281283487358906 0.255144726285583 -0.040441279174701 -0.0788518505262931
0.179519161939531 0.343360637504291 -0.00844771874642452 -0.0808921206948852
0.0524623284504894 0.451696663914053 0.0400022488139634 0.000778445807070413
-0.195810807576862 0.415088899138383 -0.0318333186150371 0.0913779410204919
-0.410427866989851 0.211092709011948 -0.0896644236561932 0.0623177203996146
-0.476799969833639 0.0856300600892339 -0.0814188697803754 -0.0360094622474488
-0.422728117295539 0.0114247796697436 0.0212286188714868 0.0863185613857923
-0.443854178058551 0.0879082625675918 0.00830961425683722 0.0138052793388389
-0.339012996545244 0.290868663242694 -0.0809813326218672 0.000488120246821539
-0.142320672604068 0.415199521234922 -0.0626560358453763 0.042289032909857
0.0469774964268791 0.409923012614973 -0.0121441375643719 0.055871424374639
0.187025758105572 0.334487554714445 0.0213281362395163 0.0542164676633381
0.273553481831871 0.225487406069637 0.0458939911606486 0.0235017518026977
0.267424298056332 0.183190599845685 0.0658679378185709 0.0046617913200291
0.281389255546846 0.160416417451029 0.0602483112723034 0.000213902747430053
0.269389648868324 0.259653623390918 0.0527084372610305 -0.0177048271713084
0.167247948349826 0.341384129979833 0.0465269694726592 -0.0259081575190499
0.0454213252346569 0.431014346603419 0.0713758053993757 0.0122682629935385
-0.175222891277306 0.395516208283996 0.0114217954615812 0.0664543936475644
-0.37989632451175 0.223086111201812 -0.00742340399998527 0.018038252131746
-0.466737804682178 0.117035327927757 0.0798393990813658 -0.0517523961732842
-0.371937255248527 0.0432147948921146 0.190589062173451 0.104252687986082
-0.372756721177728 0.115580210263336 0.131974644831343 0.0013311315858533
-0.267594311317102 0.274456665719659 -0.0263608210294495 -0.00541370936402795
-0.101823660355334 0.353092000162461 -0.0521536643233144 0.0598683702791614
0.0452833197485619 0.348400739565726 0.00707139107776105 0.134734110389456
0.164997087895203 0.289732138546972 0.0867712404516535 0.151159663747298
0.235962037728097 0.201638236981275 0.144885253195283 0.111513031129657
0.226414456009479 0.167288431064081 0.174784919649737 0.0735806187910781
0.231323740258049 0.153298621945922 0.162747297302743 0.0629809888508506
0.210358345122121 0.233943653486204 0.13073475308626 0.0472307299475953
0.113090543664591 0.292468132285083 0.0887170615775907 0.0350114278925198
0.00591166379224113 0.338138772837241 0.085351829800334 0.029128959030301
-0.143435518265043 0.299731859279029 0.0396497838369423 0.0397839844651737
-0.296044637837371 0.180625676192433 0.0581967268753913 -0.0272430682979584
-0.385892678434984 0.120565125483919 0.219178667020045 -0.0706838379876578
-0.254276228782589 0.0675830651077484 0.33584077332512 0.111535196690089
-0.228751748626926 0.116449403686978 0.23784324623371 -0.0146637411474477
-0.141341341709737 0.195449042444153 0.0379188902080973 -0.0126848911199216
-0.047362388846921 0.217372436762457 -0.0245766257227906 0.0621723166485936
0.0289334229124592 0.222171593195668 0.0325170839223439 0.182263132905789
0.112548982671972 0.194681604005581 0.144232873645044 0.216836021156894
0.159801074796208 0.143921443260254 0.224671408813746 0.177914538806443
0.151066026614165 0.126669268465192 0.257955538416045 0.131519568672562
0.148990681066492 0.124604827383748 0.235696840873296 0.122580793134979
0.124261218442203 0.176941079018837 0.17755666111369 0.112704109022199
0.0440287987995632 0.202804154796001 0.102954686746031 0.0971478531346574
-0.0321036987772638 0.19804062096028 0.0755182285008326 0.049071500308399
-0.0912918578195532 0.165015077519507 0.051579193335268 0.0180563464305306
-0.174423330015976 0.117458099193632 0.101386378707235 -0.0578225273236757
-0.255994747227252 0.10790015423638 0.319379845024545 -0.082670265531523
-0.0924425803635676 0.0732713703583755 0.430651468864658 0.1070468476446
-0.0497865711524781 0.0786928601200753 0.308829406971455 -0.0390941178453693
-0.00636113994200656 0.0705625211605613 0.0931515474695576 -0.0344262687287048
-0.00478789223203089 0.0457235563023786 0.00389297762117496 0.043927855416748
-0.00367744384109762 0.0691695558671552 0.0532370589687782 0.19287755100219
0.0359659522430464 0.0749120265036853 0.181426033320863 0.238965592858361
0.0560995877055827 0.0683737165449967 0.272501078410063 0.209964855049334
0.0533322596793442 0.0665636341645683 0.302440792704221 0.170478513078773
0.0500232980764647 0.0721576184037465 0.271516692394778 0.169704782538329
0.0340549237757131 0.0888357128365362 0.191053919274166 0.170887212397963
-0.00899906551865072 0.0845510839638581 0.0900772071174969 0.14975481295745
-0.035879148748764 0.0452631030762968 0.0471397984174377 0.062945249759645
-0.0125508970778876 0.0398657433792371 0.0549822956609508 -0.00200468625621242
-0.0329222948669901 0.0672746137724745 0.12826672078822 -0.0712036869291989
-0.097387690708241 0.0943467911027911 0.369476330630657 -0.0871950811302114
-0.0818226344269151 -0.0447963886077195 -0.370653947916417 0.0951329412719105
-0.106953313860224 -0.0221960941660654 -0.197202462674412 0.116620183147188
-0.0810145293744361 0.064506009071916 -0.0626879120799096 0.0327515379302887
0.00198772436696164 0.088809663203525 -0.00245298109393184 -0.026409383333062
0.0412259548977539 0.0484777582599257 -0.0532178826347535 -0.158221838103143
0.0413702687122709 0.0227059261168934 -0.172013471051974 -0.193839559256006
0.0496272570565486 -0.000808507839898815 -0.262834171304303 -0.185356776258172
0.0526673695369608 0.000405051222857007 -0.305086629510798 -0.165442244696184
0.0657920197075447 0.00443289517194192 -0.292077097761927 -0.179227785498983
0.0671542092309232 0.0397942228750847 -0.215049744498212 -0.198496329391174
0.0466060771786039 0.0690206195528195 -0.100510974137373 -0.177276191643178
0.00627906134658926 0.117524896696098 -0.042939428458216 -0.0473753229857687
-0.0898761811911859 0.0805183989454776 -0.115989197091496 0.0577754536989106
-0.121878632672755 -0.0296303177194447 -0.253266909058069 0.0554996882108874
-0.0839069090322608 -0.0623114766126221 -0.434716887393629 -0.0700130105279769
-0.217284089934667 -0.0273111697578296 -0.346303425940578 0.0756645026008843
-0.230875191179141 0.00733982774884702 -0.20561670059006 0.0898934394800171
-0.170328688215937 0.142248564579146 -0.0907361570686335 0.0400985128611894
-0.0412777357580744 0.205251359599058 -0.00766116253146152 -0.00668612376512781
0.0591096269222925 0.174533362591606 -0.0353525537042459 -0.140447815870149
0.109203763275223 0.129186128156277 -0.140250078978225 -0.179457509921763
0.149704826990846 0.0736863463459412 -0.224701419459899 -0.176290847074426
0.154363061873642 0.0645935819662264 -0.25743500312244 -0.151483779584925
0.171373840714545 0.0630251580595726 -0.251013157965994 -0.153283242494269
0.16618533628882 0.134978053859847 -0.191688055567046 -0.170569606007621
0.104248467115914 0.192682014756673 -0.0930389441081336 -0.157361364113993
0.0193514779528135 0.269818701469771 -0.0248360569025222 -0.0268754744567921
-0.153832743610118 0.227105621175971 -0.103801472587649 0.092000490432191
-0.271013631303007 0.0635106422631143 -0.226172834006922 0.0879241474972787
-0.264292074344996 -0.0135002216498556 -0.363995545881056 -0.0370441028263086
-0.329205616002213 -0.0104904217875033 -0.266037324482536 0.0684726658709971
-0.341829544911021 0.0352304239906241 -0.177158478316025 0.0615489329221407
-0.254271845023234 0.209276578012355 -0.112173274060525 0.0336975278294426
-0.0890494426272811 0.309826118076482 -0.0276804858520493 0.01079461770339
0.065189287344745 0.291827716776117 -0.0282709177170504 -0.0965826476861196
0.161240500713447 0.229068197343602 -0.0978181884633955 -0.128400100436133
0.22892058738338 0.142195893357364 -0.154737158313733 -0.132597858824473
0.232224458707817 0.118241395973904 -0.169278091183113 -0.114581096715412
0.251093962043267 0.10427141595205 -0.16757255332366 -0.109048528051251
0.248491935573711 0.199363964644088 -0.132300764776329 -0.126604816317212
0.163245612173644 0.281340229445672 -0.0640938222800693 -0.122505978118522
0.0549280346950973 0.384505973219658 0.00532312724194588 -0.0135582376169542
-0.174898996464927 0.35193094726611 -0.0675056017258759 0.104560242859949
-0.363732186111774 0.163484875815205 -0.1634348478772 0.0940300680917292
-0.396490672307056 0.0515961921805908 -0.238018109635993 -0.0232762611007587
-0.399981343480913 0.011201592253021 -0.137278973893709 0.0737227470029875
-0.417425231577482 0.0726529732135062 -0.102980517910535 0.0351579187623854
-0.310064040169363 0.270232367961703 -0.110916601416101 0.0195916620528078
-0.118519264347474 0.390168898652463 -0.0501796564124316 0.0275202279716399
0.0700069981495993 0.375216107859132 -0.0232047897236129 -0.0273962267134302
0.195799616431623 0.298489837553897 -0.0427113839016402 -0.0453746825934303
0.27522390439883 0.188441446251027 -0.0616579899265368 -0.0619843567684414
0.274269256908004 0.151354966321696 -0.0561874144926305 -0.0608766490558618
0.290403631042909 0.129173028225964 -0.0581709429502792 -0.0577383345425793
0.292739167233913 0.231476885750846 -0.0460580343239995 -0.0757949315168071
0.197691075430914 0.326060526231279 -0.0146498506205522 -0.0784339968064111
0.0810354841641216 0.440565863154036 0.0411528791623284 -0.00594985510310293
-0.166493864600319 0.417197188539304 -0.021558198620825 0.0926119270698363
-0.391529242101226 0.231656488157311 -0.0822308454599045 0.0675440991687687
-0.458611120922027 0.109643729938956 -0.0830166631996555 -0.0322983772454476
-0.413209275267357 0.0363749644663915 0.0238484716444159 0.083838128162339
-0.429961030082081 0.11258112295532 0.00726523293277025 0.0133611188425431
-0.311297789174455 0.304043822451689 -0.0806743135207983 0.00615479679966033
-0.113360096048593 0.412753077073581 -0.0599845366690691 0.0469420744864886
0.072182301950905 0.397152272663224 -0.0111700775173049 0.0568880724541988
0.204761891819819 0.316781474925824 0.0241103519449911 0.0542803958218533
0.282692463199297 0.20419952147874 0.0445529772624068 0.022230901949683
0.274376109095577 0.163992783970246 0.0646697973623996 -0.000316543856411974
0.284546942018523 0.140033179154277 0.0587286491479684 -0.0039125563134254
0.281657653976842 0.236698942637032 0.048973394890372 -0.0217466848066739
0.185897617829337 0.324365966135824 0.0429625787574885 -0.0279664432297073
0.0708807823416411 0.420308100669557 0.071627426541606 0.00342672329557396
-0.147273597725064 0.397749117242613 0.0187383840505163 0.065367014836627
-0.359502625307812 0.240179956667281 -0.00490680503384951 0.019608242392009
-0.445836960272823 0.139651955894788 0.0740233537959782 -0.0579266308410883
-0.359750160233219 0.065353653638609 0.190610058796962 0.0908515473224122
-0.359058668479813 0.134971301469666 0.127901749896104 -0.00608049298770087
-0.242794030643502 0.283029963232581 -0.0273360028347258 -0.00307730270687115
-0.0787346092699966 0.351247194938094 -0.0492245083810838 0.0627656492210028
0.0652007017843179 0.337615899180605 0.0128934648700302 0.132097635311959
0.180553368342337 0.273329708280164 0.0945779053876213 0.145225450423298
0.245110797046041 0.182625214098139 0.14741684480925 0.101645879931961
0.233243012305528 0.151265485643495 0.175578283911592 0.0600918388873587
0.235388863134497 0.136261705067549 0.162914866418816 0.0507740468155659
0.222452838006325 0.215474203066948 0.129962560337911 0.0370121150916397
0.129149820934507 0.279353313782804 0.0884329113056769 0.0286417647325108
0.0279272821904227 0.330455284324519 0.0860378665431764 0.0198406375392978
-0.12168659928704 0.301292490545254 0.0433539622465866 0.0375096540492216
-0.279638558921067 0.19342003822698 0.056163550555207 -0.0275771234917688
-0.367506737478023 0.14042434730716 0.209789032780112 -0.0850544939010034
-0.243561529494015 0.0830905720304993 0.333081578733368 0.0896400400610003
-0.216433901948377 0.128082443056078 0.231136319148837 -0.0284149230427259
-0.124551263049279 0.197954224122951 0.0356814028476919 -0.0138706235376767
-0.0332162887531869 0.214349848268315 -0.022229938653303 0.0633503269286308
0.0422751048399024 0.216244015821722 0.0411942316003941 0.177308120645523
0.123287893557332 0.183611043979595 0.155379257745186 0.205668702672863
0.166830915896714 0.131160804127117 0.23096142497815 0.161296395033263
0.156597816248815 0.11609080781065 0.260855062569714 0.111713691045363
0.153053331811092 0.113347757194771 0.238343654741188 0.103707426748932
0.133172770190018 0.164681933969179 0.180665202808839 0.0983262883209768
0.0563514471065481 0.19541817377194 0.106999187565068 0.0885869627268715
-0.0181879154456844 0.195591788021946 0.0761536537843621 0.040177183038162
-0.0789143274294822 0.16607000356091 0.0521267108023842 0.0146173796187508
-0.163648719717313 0.124323725063074 0.0969802899568542 -0.0604122355610849
-0.241590184177692 0.120443480874154 0.30735067812355 -0.10250262312712
-0.0847059853626734 0.0788085029616599 0.427583580660054 0.0781223065006103
-0.0431376964853829 0.0808477526158636 0.299154886757245 -0.0563687156167835
-0.000387693940203189 0.0676869654315198 0.0883441492214289 -0.0381852902230118
-0.00203257732361411 0.0439128411563447 0.00397418362305584 0.0431246543712712
0.000503433845005062 0.0690981265890045 0.0630957768632522 0.185452663221103
0.0404557989388659 0.0710831987596423 0.193341792687272 0.224057076833862
0.0599699081720415 0.0634731206704027 0.280894038204575 0.18982046263516
0.0573330169446573 0.0629251063458039 0.306445593206487 0.14583738723798
0.0533482581840916 0.0684099927056945 0.276489163732732 0.147483357670252
0.0390839162934883 0.08448627264397 0.197966266184716 0.153959186654544
-0.00339627745038535 0.082901316284239 0.0983585830518363 0.140568768829978
-0.0320335209804691 0.0461831888763757 0.0491613750119146 0.0556321811995458
-0.00853320234418642 0.0388888331718388 0.0532077805822173 -0.00564575740333863
-0.0278299652477982 0.0670356393325943 0.122452084879936 -0.0753042189616013
-0.088276448556092 0.0986458975903417 0.356883114687203 -0.110065938089817
-0.0799082621767826 -0.0397355935344633 -0.350625757633263 0.106760380274429
-0.104832036767486 -0.0175809493282027 -0.185083065257579 0.119679522192312
-0.0747560690280472 0.0662813882304907 -0.0595150372041895 0.0335596737451989
0.00617493958700012 0.0853818655430153 -0.00289987973829054 -0.0239406953230898
0.0422703319385151 0.0439516959511257 -0.0582736571041102 -0.146937591824628
0.0409018432623013 0.0199658003125422 -0.173609737423555 -0.177879545746213
0.0468515927609117 -0.00272825591377557 -0.261521659957847 -0.166131516717168
0.0502247314032625 -0.00271808964301612 -0.299654888324907 -0.145086148282369
0.0634577692782707 0.000875303967217076 -0.287260281381573 -0.15918423064992
0.0672333423905282 0.0352252305624236 -0.215269611653086 -0.182341412292795
0.0478110340700859 0.0651781665453399 -0.104233967606133 -0.167066588702808
0.0113429527414847 0.112603953528617 -0.0404767176636083 -0.0445840579010983
-0.0838743138695713 0.0804411228466713 -0.10584143953213 0.0594032351660282
-0.118889281124372 -0.0231672384852728 -0.239640518829609 0.0607080267091841
-0.0822315020416651 -0.057121729928278 -0.420279676277741 -0.0511524406453866
-0.208096284749621 -0.0171700680094089 -0.328541128737789 0.0873315541639932
-0.221913781315143 0.0153962489260446 -0.19448076655744 0.0947873649860949
-0.156056830360361 0.143191307268324 -0.0857886757123712 0.0418755867173058
-0.030199566954949 0.197980040388867 -0.00694018398039297 -0.00460914635826054
0.064781966685601 0.163115203060868 -0.0415236846208262 -0.130772289566413
0.110400316590722 0.119115130619241 -0.142388449479629 -0.164464912653855
0.14614954384363 0.0645460136332785 -0.224757277859694 -0.157558111266266
0.150473746998338 0.0551487698170299 -0.252984521752522 -0.134518832593985
0.166787378266305 0.0528340404077714 -0.246938271817853 -0.135398215847635
0.165979483253337 0.122163502290743 -0.191382352231889 -0.15678698469457
0.107750844969826 0.180945607759432 -0.0963014427854085 -0.147599695683978
0.0305091390669842 0.25843041260587 -0.0221322963071823 -0.0270640900699598
-0.139047318880738 0.222982036497848 -0.0919820772172637 0.0924326055481295
-0.258045206964882 0.0710248480290996 -0.212389437674796 0.0918541112267026
-0.252635236365893 -0.00405005891776965 -0.350528533247602 -0.0213788530484253
-0.313593628825056 0.00266960117007697 -0.252954239260876 0.0770150208321405
-0.325642756609026 0.0457017911295649 -0.16840336267792 0.0656956080606817
-0.233064815941141 0.208991626445553 -0.106699466330072 0.0365484279591779
-0.0723717445409302 0.298862824165537 -0.0257220263619326 0.0129039669627816
0.0751180038667781 0.274649833755011 -0.0327524595604397 -0.0891486557836312
0.165214103418966 0.212429394674418 -0.0988061308566329 -0.116729650424552
0.225168198782755 0.126668553061063 -0.155872868588269 -0.117973210878679
0.228137417649758 0.103685996356003 -0.167149747076215 -0.102589801851743
0.244454344097203 0.0890702181484993 -0.165581708410363 -0.0970456930794763
0.24781501334892 0.18005450681956 -0.132792923875349 -0.116668193300282
0.168603748255821 0.263367359497814 -0.0677097217815253 -0.114848654226917
0.0699775476817986 0.367515240848982 0.00611031362319923 -0.0167965006433645
-0.155372132265473 0.342279896655338 -0.0564112664980727 0.103156427389035
-0.343281553000908 0.170264366214531 -0.151619564316961 0.0964793789191109
-0.375389809328554 0.0637082009916764 -0.229977369002452 -0.0142912733707516
-0.379994257907905 0.0274416515527216 -0.129686242158882 0.0767995383862706
-0.396454608372592 0.0850029586872755 -0.0990298220136855 0.0382135618143947
-0.284372392480909 0.268557593509852 -0.106224388343227 0.0228129057232768
-0.0973218619501381 0.377894027605592 -0.0471742546273307 0.0297570038410678
0.082626050788219 0.354990428171431 -0.0258588286428616 -0.0233635662091416
0.201159528181823 0.277260620927396 -0.0424399101122733 -0.0394352745987585
0.272651857522228 0.169679090933329 -0.0629867426851669 -0.0546360749826951
0.269444122348093 0.134248688765283 -0.0565492833163119 -0.0572130747625337
0.283093001035166 0.111941338115119 -0.0582178759423172 -0.0531482480421849
0.291081187138995 0.208897359105293 -0.0486137553812685 -0.0714798422616469
0.203263672897219 0.305144348885938 -0.0181936784619746 -0.0743782439103148
0.0974918534187503 0.419587644413135 0.0399369926600997 -0.0117141375712062
-0.142875015412615 0.4044104710755 -0.013181017646703 0.0897103003560797
-0.366796898483397 0.235926036657752 -0.0752845612698059 0.0686303000743311
-0.432205499256366 0.120207062545136 -0.0815850363401721 -0.0295557902601323
-0.391740230539286 0.0521820609862396 0.0245360444001756 0.0800333770893846
-0.406406996358911 0.123666471827051 0.00538590485755217 0.0131256145175953
-0.283308396577127 0.300346939665834 -0.0779708616440141 0.00903565531067047
-0.0922461380617092 0.397962604006426 -0.0572314113304084 0.0480540512558826
0.0858353102191683 0.376706108174271 -0.0107190624891645 0.0560837378131102
0.209749738691348 0.294385358188486 0.0259567975366762 0.0525774981669468
0.279772287217221 0.183469032612462 0.0423920859508312 0.0215021450001082
0.270880123155381 0.146251067990011 0.0615109911021585 -0.00397711514245286
0.276604944278483 0.123752560631174 0.0560718870942929 -0.00685161763866266
0.280554551619555 0.214204651812242 0.0443264694267945 -0.0235362077669925
0.192007370105623 0.303276327902403 0.0393870208594807 -0.0283373639976121
0.0871636169646745 0.399950896251773 0.0688184466995801 -0.00433534324610523
-0.125211185407455 0.385535410271645 0.0237991991461637 0.0620757776547096
-0.337079353182085 0.242139280786664 -0.00152921546867369 0.0205473409728266
-0.418864117047992 0.148903133601142 0.0677850163478813 -0.060031492413802
-0.338517903477974 0.0793768257168232 0.183949746929109 0.0808059352071904
-0.337653453952504 0.141968622447666 0.120546311977971 -0.0104630193541732
-0.218636842170829 0.277681035632769 -0.0271379477308377 -0.00169180835649027
-0.0615799667314747 0.337244372328894 -0.0466163867704875 0.0629657916925583
0.0764829126148103 0.320463431747477 0.0151550147892749 0.127096671555841
0.185413783148434 0.254326393261975 0.0976695155903903 0.136945066001646
0.243154035800383 0.164483654413586 0.145544590351702 0.0936248142654425
0.230762176520513 0.135699600323162 0.17030048836739 0.048931529599671
0.229985218230868 0.121625047998888 0.157567858345199 0.0410827677312276
0.222335055780645 0.196259040248368 0.124990349782359 0.0295788237570827
0.136282700607835 0.262363590569076 0.0855571883306639 0.024230582531527
0.0419521833364027 0.31554190813292 0.0822013223625813 0.0115371932257367
-0.104197693544815 0.2917681330688 0.0453758216440718 0.0344611156754645
-0.260899065645675 0.194479701040398 0.0540775961305348 -0.0268113906849384
-0.343954769739188 0.146283476074556 0.196519619966409 -0.0916425966705371
-0.227822425469824 0.0903181204543187 0.320055145882921 0.0739175420867676
-0.201816830364827 0.130821733589561 0.219177729169674 -0.0355623562094326
-0.109743550456711 0.192055546688453 0.032737415142941 -0.0140124094303957
-0.0230210961061957 0.205187189839843 -0.0208560103283902 0.0627978424604325
0.0491080171394282 0.205765538346129 0.044797863379478 0.16869556562995
0.126219811074194 0.170544927269877 0.158717377375687 0.191981884681214
0.166343675813557 0.118525382191727 0.228750464425006 0.146667682090117
0.156397000328092 0.105445428942271 0.25333966966139 0.0945405446579916
0.150966615590568 0.10339971874055 0.232125134606259 0.0885094490909287
0.134777061667709 0.151514029837553 0.176784926826411 0.0857798743452603
0.0623967021209438 0.184602178460181 0.106121678977404 0.0801157385955278
-0.00887471445138615 0.187463772894282 0.0736005736792049 0.0325279735416597
-0.0677568933289409 0.161231119971292 0.0513802684568587 0.0121244858829371
-0.151939797432526 0.124391686954996 0.0914927341559975 -0.059450133000438
-0.224491536207575 0.124076124615663 0.289394308483546 -0.112774905113211
-0.0767664799205454 0.0800195907009135 0.41020253423809 0.0580677990488291
-0.037364129421027 0.079932530757997 0.282758959582108 -0.0656606571736114
0.00299442542678732 0.0633152980176353 0.0827113531420742 -0.0396012761305935
-0.00042869371930457 0.0411417561334968 0.0032736738009775 0.0421183919571561
0.00335863146663374 0.0668820343456915 0.0666636073968334 0.175581158487929
0.0415633019616822 0.0665054737301013 0.195772207622008 0.208158193341691
0.0605320070521047 0.0583450784231554 0.277917314280139 0.170354629261374
0.058584199327671 0.0585794684567274 0.299573441782787 0.126069755797638
0.0536804427460017 0.0644053130350991 0.270359808055552 0.128428275607867
0.0402770507893753 0.0787650787765291 0.195678415910094 0.137611661991616
0.000391937949963995 0.0790655863450184 0.100820554287541 0.129455526851518
-0.0293327264073516 0.0447549137675156 0.048085830296358 0.0493465805250807
-0.00499565726729058 0.0364148303714284 0.0495689296658421 -0.00834535613781569
-0.0233939238433602 0.0642284346391035 0.114978334021129 -0.0754167282966304
-0.0792248020977359 0.0981617902880604 0.336578882749602 -0.121607881444563
-0.0724144518316779 -0.0412745612969929 -0.343579612135521 0.0886735748112333
-0.0989302500311203 -0.0218108228540291 -0.182676691310279 0.109508249508147
-0.0746427386411865 0.0619295112620771 -0.0561185734360689 0.0330162767877051
0.00231544894266353 0.0820816429155837 0.00215476252909544 -0.0195314628535647
0.0375464149185691 0.0445649253329273 -0.0476552008428131 -0.139247255650381
0.0373951975405416 0.0222871677882954 -0.157762678635815 -0.173390494359748
0.0426786539335873 -0.00199592732551563 -0.245820489270257 -0.166050879814075
0.047903665843357 -0.00130119578598944 -0.282767620221745 -0.144580259005056
0.0593122836953734 0.000602533364838048 -0.271734970712221 -0.15861933681967
0.0634888007716461 0.0356504364330914 -0.202379096933044 -0.179331166964252
0.0441786385639275 0.0648269813766862 -0.0956803220314973 -0.162073065416218
0.00676717275142922 0.10821569647175 -0.0375606754619387 -0.0403631465483702
-0.0869620655476304 0.0758290956442572 -0.103414631428649 0.0502270421301178
-0.118659058360726 -0.0256754520404797 -0.230227052824548 0.0424862263831578
-0.0819943587371703 -0.0555633361117487 -0.394878014952143 -0.074083819342931
-0.198294208696107 -0.0269188129006718 -0.32273616594747 0.0756902593569098
-0.213016359888642 0.00300086658581685 -0.18915394135264 0.0888490322260458
-0.156824044610645 0.130291088231945 -0.0785482712828699 0.0429852651849751
-0.037580853511221 0.186504928416675 -5.58228225514838E-06 0.00269060582709107
0.0533010877426478 0.158589583881871 -0.0276019970015683 -0.12144903201147
0.100692441038453 0.120036175133723 -0.125280696738518 -0.159612632515473
0.136480309441106 0.0669797020497861 -0.207178372882794 -0.156532200023913
0.144262340699925 0.0598268128842793 -0.236991020303157 -0.132536831866044
0.157698577426544 0.054933660484549 -0.233885824690861 -0.133181698927025
0.157700132466251 0.123068993806926 -0.181156476416953 -0.15178342328086
0.0996916243933729 0.180342202619947 -0.0923040622943571 -0.138928821204636
0.021685799502022 0.24802230974768 -0.0249206108644073 -0.0184679394264327
-0.144990160801712 0.211570459195741 -0.0959518998766083 0.0832307568222605
-0.255851491745369 0.0612684727418814 -0.207741510518492 0.069828176746981
-0.244816080137137 -0.00810637177876095 -0.332335211232351 -0.0461760705492368
-0.30190576113337 -0.0139674251264624 -0.251008110693231 0.0741148139368908
-0.315161062799472 0.0260119307792986 -0.162122665756657 0.064785987235421
-0.234153599821397 0.188382848245853 -0.0955570708652499 0.0398562094788369
-0.0821829883680504 0.279203678009073 -0.017195325987889 0.0227318046845739
0.0577562743335445 0.265040958328862 -0.0172666121263539 -0.0793437967194834
0.149610388558591 0.211318980001204 -0.0822766640488233 -0.113039255034767
0.210644080569285 0.130619499010457 -0.140071788125251 -0.117072688105543
0.218689172979837 0.110798516060288 -0.155287801781109 -0.100569638935048
0.232510698002411 0.09426526885877 -0.156428270662863 -0.0938976455315491
0.235894261783593 0.180701479271987 -0.126841708670527 -0.109378380326213
0.155714628329333 0.263350156630493 -0.067800981230993 -0.103341453755029
0.055489104547686 0.353288061084887 -0.00115952613162179 -0.00371881503676684
-0.163141610221648 0.328240475995079 -0.0659815997574823 0.0965850542923663
-0.340000568403307 0.153952007217936 -0.15375782190439 0.075651396166613
-0.362964709831018 0.052608447777372 -0.221542051689807 -0.0363675389448664
-0.367790609263394 0.00385207433862021 -0.133493030584635 0.0833013150703324
-0.386791397571437 0.0598708164431721 -0.0932909165917305 0.0436994716040808
-0.287374699255648 0.241987073068395 -0.0926238146080061 0.029686220047434
-0.10940065783952 0.353187300592117 -0.0375174392026231 0.0408695745232921
0.061404882142004 0.342116314212569 -0.0104868489216598 -0.0153049841609937
0.182885306630486 0.273640186710707 -0.0287969153910208 -0.0378175335045529
0.254292937271992 0.174130477688927 -0.0512182027194589 -0.0533101339445927
0.258387602412856 0.143433996086424 -0.0503456115463732 -0.0548417977531386
0.269637043172783 0.118530024006553 -0.0547542927265572 -0.0487578015418317
0.277596667017025 0.210546132008306 -0.0471636761296612 -0.0633112623327005
0.189886771575405 0.304293988905201 -0.0228665694144545 -0.0612415090609066
0.0830010301229015 0.403763590123952 0.0290635880011068 0.00429848679552223
-0.153802435265152 0.385596768425252 -0.0256322187011828 0.0869539103186787
-0.364332874537303 0.215773307799059 -0.0808319342974145 0.0530244224113156
-0.415749624046813 0.10491771053078 -0.0825287501902672 -0.0452511551222979
-0.381359834422106 0.0268138563677024 0.0145327886238544 0.094903875708484
-0.39830342826282 0.0945518599024981 0.00856548222295869 0.0244438491037204
-0.28916543249109 0.272040864636635 -0.0637582929042964 0.0172420085917344
-0.106790268546308 0.373238037832126 -0.0471884479044887 0.0587779932789147
0.064723526652747 0.361591493636565 0.00177410269332396 0.0604564294454575
0.190752453883152 0.290411547483087 0.0337780473339544 0.0515745404421556
0.261751834192475 0.189084350196851 0.0483687350792421 0.0221846414772292
0.25909980042451 0.155516608721694 0.0615502385917001 -0.00175626513798084
0.265013781216839 0.129788588451367 0.0529326211886982 -0.00178078417320985
0.26860863989914 0.215162523709942 0.0407451286407009 -0.0152954648700508
0.178637654249797 0.302673046823463 0.0306343898058433 -0.015774838673459
0.0739035552883419 0.384853351108176 0.0560805968835515 0.0115977558337698
-0.1357042293855 0.367085771106851 0.0105164752249235 0.0628396335007993
-0.333487107010897 0.224087149571821 -0.00911095977160626 0.0119490475431369
-0.402342804363478 0.131918222916057 0.0595240132259849 -0.0660562361020523
-0.332935109275253 0.0531361777081867 0.168942165670949 0.101598430075214
-0.333678793276897 0.116853289541292 0.120125427418022 0.00522444778969895
-0.22596453038763 0.252995741880103 -0.0153028318639917 0.00725458869357066
-0.0734682850900295 0.316066898192508 -0.0392569896691935 0.0704960704160323
0.0587752514481367 0.30807232104861 0.0222024884257278 0.126559551047577
0.168781622649148 0.250595078935301 0.097550192718466 0.133733234416622
0.228035468409339 0.169276913415464 0.144371661550511 0.0935606958120048
0.221496925920977 0.144438441110081 0.163764463134826 0.051281134656917
0.220742018284704 0.127477225285533 0.149330373478679 0.045520464379939
0.212972122666888 0.196557576666911 0.117194231137618 0.0352677513752372
0.125973661840643 0.260572404121604 0.0741329910045682 0.0331184355107084
0.0328994306297915 0.30189449704215 0.0688457749606463 0.0232367271232828
-0.110222390105622 0.277294111768353 0.0335943022009316 0.0365808542563509
-0.256830866921177 0.178139961113448 0.04769584850611 -0.027983508390661
-0.329387413095601 0.130517104599104 0.184095265525097 -0.0869905735297495
-0.226386464715788 0.0707140769266608 0.302195890526536 0.0968067197043292
-0.203141973787363 0.113723250397522 0.214736922182947 -0.018414835966677
-0.116064378553742 0.176935190980961 0.0387163756790817 -0.00693370847245029
-0.0311298957000276 0.192284036411945 -0.0186386275451548 0.0661215409536668
0.0383443951241836 0.196949097866256 0.0440171258671983 0.165167551497229
0.115491514979194 0.167407829618892 0.151065940868833 0.187077227859963
0.157372422067519 0.122298148003507 0.220916024631527 0.146613007744139
0.150379141212481 0.111115885277112 0.24183966557427 0.0962792433904169
0.145363554699574 0.107430429762523 0.219086229469111 0.0911499756183904
0.128801855265457 0.151120733696715 0.165863111619864 0.0882225649772228
0.0560455045481689 0.181869446358315 0.0943022626995936 0.0831412965721288
-0.0119267324434909 0.177772226695118 0.0615114645637391 0.0371416639532227
-0.0692661809126091 0.151675031325321 0.0429522804573627 0.0144007274264611
-0.148615754894665 0.113403291786936 0.0868852053029142 -0.0546567223597034
-0.213781330437263 0.112312000427517 0.274491524889268 -0.0991234220955378
-0.0801886081344345 0.0695215674147673 0.390494651176726 0.0810274678057143
-0.0414866709147829 0.0735683208550002 0.274386380645453 -0.0495305256714507
-0.00106294618542967 0.0590851555011332 0.0817145163922744 -0.0336418324616046
-0.00257095083458393 0.0377084609002587 0.000400215903458405 0.0421833690631312
0.0014799399832313 0.0626198123191019 0.0586874756567497 0.171405478880811
0.0380371413279643 0.0636249863354066 0.181888981574612 0.203694181414649
0.0581615654032245 0.0598390906663879 0.263862874702713 0.170289384704212
0.0559886028241661 0.0612123703935262 0.283744694493631 0.126661474782441
0.0525917138492092 0.0664952453080779 0.25536639735551 0.127955521858479
0.0388160375516292 0.0783491626743394 0.183737731818891 0.135852043448317
-0.00132308891773178 0.0769892052280612 0.0899184673022033 0.126309870983655
-0.0280580741000733 0.0413394485333236 0.0402915707119834 0.0473607122194835
-0.00411907096781897 0.0338860697316806 0.0456855813606115 -0.00565181368611814
-0.0223663668930212 0.0599360665964977 0.111789688615268 -0.0655491382939522
-0.0742889797653301 0.0903552948786606 0.321406898773224 -0.10105995621509
-0.0702013115265834 -0.0416300176781053 -0.337035963040407 0.083401941047353
-0.0979082273342553 -0.0225290725225373 -0.180710141355699 0.106401000148381
-0.0728772532974281 0.0610110086406396 -0.0564526023481389 0.0326759586072592
0.00251652285868654 0.0809141875062182 0.00364637796653756 -0.0175533857913999
0.036614534202471 0.0429401074451759 -0.0451673906867921 -0.134742887266496
0.0368096273956525 0.0216925029660018 -0.154472278632907 -0.169208560833038
0.0415830818359863 -0.00151916210499539 -0.240908142848445 -0.163174682024842
0.0463847913571065 -0.00169660749544566 -0.277231400454182 -0.143212248837352
0.0577965343541439 0.000364170305131494 -0.265151339989714 -0.15713165338774
0.0627399822339674 0.0350478172838778 -0.198095671972919 -0.178317449447751
0.0433010223306068 0.0644824443042083 -0.0925443480343677 -0.161384228167741
0.00603385097367577 0.107212116628921 -0.0343126331800855 -0.0414918842872303
-0.087104155293581 0.0742211197607207 -0.0989987121247403 0.0475079829778523
-0.117523855226797 -0.0264238852265103 -0.225686002363845 0.0370168209739798
-0.0801002553986629 -0.0560725809798369 -0.386312868737386 -0.0754896210408289
-0.192766618606929 -0.0283968909270882 -0.317050294004356 0.0719006435606356
-0.210413617006891 -0.000234026884070163 -0.186821343323328 0.0852373359475345
-0.153219128140261 0.126171241585627 -0.0784268343830648 0.0411093531733921
-0.037608379673595 0.18253460505022 0.000606326731830046 0.00413722113052179
0.051303063251929 0.155241721357939 -0.026809996397849 -0.117113593214993
0.0987506775246073 0.118287088569043 -0.121781188144214 -0.155989331142455
0.133472372361064 0.0666863767542404 -0.203870202652004 -0.153001117040694
0.140728800423696 0.0597423917790437 -0.232936796444345 -0.1317156074391
0.153873406706241 0.0542631270608617 -0.228679160512952 -0.132917102869797
0.154934470271443 0.121017845145716 -0.178094927229102 -0.150945251007802
0.0964377597981373 0.178406670792605 -0.0897897060233856 -0.138002084060575
0.0204021183125483 0.243881162233777 -0.0225204273337884 -0.0213246190941683
-0.145182974450729 0.206864201006741 -0.0910290301167423 0.0798641579421574
-0.25292181567501 0.0572410948207414 -0.204677639373417 0.0655987077385942
-0.239363071669688 -0.0127886850938084 -0.326849391841334 -0.0506985210092516
-0.293258838272459 -0.0169810260378272 -0.247213136966801 0.0711622376402609
-0.310238145692951 0.0217442382277166 -0.160725972451149 0.0624542481054032
-0.229176909405885 0.181244815923914 -0.095563718583043 0.0383597638978698
-0.0826222280908556 0.273388538285944 -0.0168740878061403 0.0235100814559911
0.0548402068551184 0.258872707062226 -0.0175262506855473 -0.0763985319400649
0.147018069146879 0.208500869942859 -0.0796899837557184 -0.110448560191232
0.205888369575353 0.129726867389105 -0.137389047854613 -0.113460938101615
0.213962160756056 0.11062370675606 -0.15265740908703 -0.100161817804831
0.226705992689562 0.0944564005746141 -0.153339794858034 -0.0937091782948299
0.231514666576244 0.17911462222413 -0.125465253841688 -0.109623113832328
0.151538962714026 0.259986427527984 -0.0660374734782497 -0.102435302238717
0.0537917454913592 0.347038301549214 4.30683656540332E-05 -0.00753216642086281
-0.163242080283205 0.319130272072861 -0.0612487580306133 0.0935859839392209
-0.337340639627953 0.147360074372687 -0.149097284697741 0.072473389808349
-0.35444004214247 0.0447924867107947 -0.217633899206566 -0.0388502165756484
-0.357777303659915 -0.000887629246862779 -0.132319280455773 0.0808516801132466
-0.38013680493757 0.0526904755496822 -0.0935628344273866 0.0418058572146927
-0.2815408045124 0.232157057163932 -0.0931862400586273 0.0281419428054572
-0.109794406502615 0.343818871198785 -0.0376247699237013 0.0414555490752029
0.0575852654283835 0.334603381366046 -0.0117670711782518 -0.0138036565367221
0.178524972748301 0.270123236789595 -0.0272739425371854 -0.0361419947048338
0.249428821690277 0.173382394512387 -0.0497986366375762 -0.0504639309587839
0.253621245599775 0.14282661621294 -0.0499809198133334 -0.0548974979447233
0.263057381075685 0.119422965102429 -0.0538827325524147 -0.0487753523889263
0.27222965180095 0.208151270860712 -0.0475744859967293 -0.0631789198204912
0.183696723110035 0.300751334435759 -0.0222697125192042 -0.0605825612528654
0.078708957129762 0.395673334527567 0.0284829221132707 0.000861670905138664
-0.155485277733115 0.37730965498366 -0.0216330911668539 0.0838569445276049
-0.359036941113541 0.206965482453976 -0.0783002952216535 0.0518631064594047
-0.40676700385477 0.0952750769482075 -0.0811462038021246 -0.0463133489076007
-0.370847644138464 0.0212054017516941 0.0116094984745718 0.0942876878092762
-0.392279486426244 0.0876461321910024 0.00634102969272565 0.0244508427379563
-0.28433310382109 0.260426250220308 -0.064936105995253 0.0164695578996199
-0.107617735776205 0.363476501732104 -0.0480710017853285 0.058840205294788
0.0586455917867001 0.355128034438181 -0.00132547076176909 0.0602102254490917
0.186332251132363 0.286658225322977 0.0337176061456475 0.0516780863074385
0.256936757099002 0.187070230113769 0.0477752183030413 0.0234637269775168
0.254752400769637 0.154962798031853 0.058719334775792 -0.00199845210826988
0.258142865885187 0.130996332004191 0.0516216280236327 -0.00211703377705772
0.261888455784793 0.212984493646734 0.0387669376887197 -0.0151714506208173
0.173307365064596 0.299140054407528 0.0296022919465017 -0.0154440127465461
0.0702589984237406 0.376862647040265 0.0537760831984862 0.00845471678892831
-0.135709844697985 0.357934989681105 0.0129401571549153 0.0607947749184162
-0.329188603709101 0.213886086114218 -0.00746583328874719 0.0128692000021192
-0.393817998962254 0.122769065481292 0.0585699561214338 -0.0655740698586021
-0.323403196110067 0.048729803039118 0.16253812570359 0.102500731668158
-0.329304968155327 0.110400091388494 0.116263815459417 0.00662618809160725
-0.222204918705363 0.243220596813608 -0.0171557273263887 0.00696270626151974
-0.0753673266642548 0.308396579092227 -0.0411963772606007 0.0704680730002865
0.0550787224009634 0.302708921330637 0.0177463837442228 0.125123077686329
0.164537724399162 0.246994794795675 0.0957464083906699 0.132254395507237
0.224305051760417 0.167766525367701 0.141819088933593 0.0938292425738795
0.217847011199592 0.143211443452643 0.15896064801381 0.0505386576882155
0.214831092189286 0.12836622779428 0.145370460272836 0.0450889928333335
0.207559807774248 0.194395384832231 0.113172781356272 0.0351517503946175
0.12201586917362 0.256799501899412 0.0722808196567849 0.032850381881494
0.0310588885068386 0.295296093466889 0.0654905349247574 0.0201807567776005
-0.109618117824661 0.269293947920398 0.0350272668301808 0.0359571081166869
-0.254448675543519 0.171057418930746 0.049371525628944 -0.0255030611982153
-0.322808766334941 0.123073570934018 0.18045560463884 -0.0849828875614147
-0.220230923474115 0.0677341534754832 0.293364601984415 0.0995212771825286
-0.199073815373993 0.108942076428074 0.209604839005227 -0.0157616400448049
-0.114358826137982 0.170517392273874 0.0364618250428953 -0.00566105671458388
-0.0330654604326999 0.187042485993205 -0.0210142638509136 0.0659172568232942
0.0363790436060888 0.193946850668583 0.0398861317750113 0.163100246999635
0.112636077217452 0.164780271371989 0.147187431336644 0.185123007705137
0.1538186473364 0.120744260178883 0.2170510178813 0.146246858104843
0.148006099592028 0.11058172712152 0.235357415567041 0.0949133427168304
0.142033605095898 0.108026104911442 0.214296680924487 0.0900333688948254
0.12518675258641 0.149138624156324 0.161488896113771 0.087371986562564
0.0536064744451357 0.178977738912536 0.0917846086730326 0.081364274064988
-0.0121003721825579 0.17340252713989 0.0585865373545103 0.0348858937812021
-0.0679311163791785 0.146526162934553 0.0433588609219461 0.0142570009820843
-0.147137625316963 0.108684586973652 0.0872835817265299 -0.0509535396038211
-0.208702188487317 0.106609712686991 0.269196443537985 -0.0965968496731796
-0.0773896884533442 0.0681872875909604 0.380689543540902 0.0843831005375801
-0.0395148024740242 0.0719359451852447 0.269093523124636 -0.0452195113973061
-0.00123831679769825 0.0568521126601401 0.079600648388125 -0.0318079941454703
-0.00329909170846842 0.0356550391060817 -0.00254782833773832 0.0425710831060001
0.00164303874268193 0.0621327492202805 0.0548932187767141 0.168846895485437
0.0372998199453274 0.0626286774254037 0.177716853453797 0.201977265062309
0.0575615810582896 0.0590917090629531 0.259786287239761 0.169134202180559
0.0557705734108123 0.060800056640623 0.277402301623999 0.125343295874352
0.0515365242315432 0.066589463848827 0.24844414844251 0.126681533142408
0.0370641341071929 0.0769995262351643 0.17870204429499 0.133397129510239
-0.00209061895699565 0.0751104874205842 0.0878563801269194 0.122757246578932
-0.0282913250342227 0.0394393662672288 0.0376923226306867 0.0450510783645984
-0.00311697454162084 0.031359409808633 0.0447471382472409 -0.00549247673635756
-0.0220977855870213 0.0578529919775924 0.111615006129733 -0.0621143686061746
-0.0719153376624237 0.0881325158266779 0.315937196679649 -0.0976881770113844
-0.0709502973084859 -0.04292494852485 -0.340073913851194 0.0808991698610484
-0.100431017566808 -0.0232971073699112 -0.183139022671977 0.106265597596229
-0.0730624154537855 0.0620088596778306 -0.0575701961583348 0.0330164505453353
0.00279012732595917 0.0824473357209665 0.00502950243817325 -0.0164020035150417
0.036758771327097 0.0427028896937983 -0.0439933372196685 -0.133599288554267
0.0374698208686981 0.0225701072026521 -0.154829394997664 -0.169526132096081
0.0416946451237818 -0.00121558046238555 -0.243224149782618 -0.163398328844529
0.0460499678376145 -0.0014898731582581 -0.278139234113701 -0.145379537836678
0.0582226758980423 -0.000403139383553325 -0.266959244275841 -0.160980150419356
0.0636648360862094 0.0355217387785092 -0.199219760349314 -0.183078883857699
0.0434558475937647 0.0662558066940128 -0.0920474971170938 -0.165158862341399
0.00611344212741912 0.108741906585691 -0.0318705021745757 -0.0443620287180436
-0.0896400717774088 0.0749730388583368 -0.0975991383091156 0.0456697783965742
-0.119204190019764 -0.0274160092100126 -0.227788970916203 0.0340116770435207
-0.0804133041484545 -0.0583695193757434 -0.389146495400982 -0.07866046429399
-0.192507315778017 -0.0306894078083657 -0.319469283705056 0.0697735387003424
-0.212545527834938 -0.00198204168696317 -0.189837190000412 0.0844244127441222
-0.153832338378401 0.125359466956555 -0.0802831212502113 0.0413647307356216
-0.0379491116112172 0.184101467468144 0.00143239444515659 0.00545782522221494
0.0509663299447104 0.155305508288543 -0.0262783758603654 -0.115791878696655
0.0996215631602264 0.119572182469236 -0.12193028828827 -0.156329456741077
0.134138491348748 0.0682680707188686 -0.205122298484135 -0.153349413252852
0.141575028295349 0.0609216553136425 -0.234352082894076 -0.133633713850779
0.154306449284431 0.0562430743980242 -0.229988442562342 -0.135329630260437
0.156613898611183 0.122891298142645 -0.180072079415082 -0.155008694494944
0.0962014964252806 0.181191844042133 -0.0897237726725116 -0.140882105832955
0.0195642763704598 0.246942187378793 -0.0209583071757181 -0.0243816943415043
-0.149421476513627 0.207680579710898 -0.0890832288864011 0.0783807546471432
-0.256532763018499 0.0550615488905134 -0.205242974316389 0.0629266614301972
-0.24135770353555 -0.0172331274449425 -0.329375880067663 -0.0530804048849412
-0.292891994298646 -0.0203942076983723 -0.249670355386951 0.0699961767400922
-0.313713570163184 0.0183272592494271 -0.16391910379519 0.0605493348132008
-0.230269271086829 0.178552190809326 -0.0985348993209365 0.0377009464691234
-0.0849154938756582 0.274612026568337 -0.0169301130549355 0.0253889973805161
0.0532810782486724 0.26058633709398 -0.0178950960407828 -0.0751964386902365
0.147401345574254 0.211111776839494 -0.0795321989811935 -0.110717118255437
0.207304662806458 0.131754395731219 -0.137795112290934 -0.113045619250649
0.21560702321964 0.112478404561158 -0.154212610252379 -0.102598997681139
0.227266713324829 0.0971407601419507 -0.153834136129802 -0.0964112419344261
0.23298372403333 0.181803647114923 -0.127163776715161 -0.112312091934862
0.150864093041351 0.26418552301724 -0.0661096640844851 -0.104661959762782
0.0526823708474208 0.350196096764034 0.000627484298051879 -0.0112148584317751
-0.168856165138187 0.320524903950553 -0.0581471199688015 0.0923180663935484
-0.341461303668161 0.145204091308519 -0.150180716611085 0.0712824828219336
-0.356314332709852 0.0388922155222016 -0.219603318141855 -0.041806393671239
-0.356475290313065 -0.00326020589115679 -0.135238986739011 0.0809926677790358
-0.384764872393938 0.0481677890209378 -0.0965816568217431 0.0408530366297846
-0.283556277139464 0.229066570059059 -0.0963766088009306 0.0273365058508919
-0.11370138095795 0.345029505736418 -0.0384385565195697 0.043256687304918
0.0553828916168646 0.336606821108882 -0.01370448675759 -0.0126142500016979
0.179181670555787 0.273496558684449 -0.0274912722877752 -0.036080962886501
0.251053055976624 0.175634454154518 -0.0496297890344288 -0.0498008877328521
0.255664357254047 0.145950246907895 -0.0512298203258985 -0.0562111890656747
0.263683323122114 0.123308343963912 -0.0541594569718471 -0.0498022681560832
0.274001748681162 0.211336258811167 -0.0493628323342161 -0.0648617164419647
0.182799715865196 0.305660943326056 -0.0226696585758444 -0.061629724527312
0.0786656248134324 0.400044234349968 0.0276467324144077 -0.00302852957527417
-0.160111347637908 0.378836777448554 -0.0185975295505646 0.0827464186014317
-0.367941860808475 0.20570039941695 -0.0773053480035766 0.0515055877262832
-0.409829589599971 0.0897559736119578 -0.0820132357101302 -0.0483677921133664
-0.36954082742465 0.0163104778792423 0.00964323209020513 0.096528758742
-0.395766059831249 0.0831108778299362 0.00444818105994955 0.0247439106621134
-0.285454845806641 0.257602740888561 -0.0681427618350047 0.0162216869771851
-0.112167211610928 0.364521757042256 -0.0499515981898755 0.0607983968645625
0.0575156168099072 0.357780319646533 -0.0045979415808892 0.0619255254294959
0.186903940557465 0.288944013354635 0.0336316504196446 0.0521741653177417
0.25822415008974 0.189837650372959 0.0494228386105479 0.0249506547564564
0.257197548039306 0.1582020079069 0.0584145600384672 -0.00247004055159761
0.258866292168458 0.13509386571222 0.0516630059319003 -0.00214946963231201
0.263963224735776 0.216259756037995 0.0378218730906001 -0.0157139830911534
0.172894427718384 0.304065305557589 0.0298034473604775 -0.0158517531860003
0.0700693594614598 0.379923755073721 0.0523535160994143 0.00516865313069468
-0.140105982091553 0.359604594276654 0.0159018438305576 0.0599280724827795
-0.335550442476013 0.211985191754046 -0.00548023212879847 0.0136616962608164
-0.396334628708862 0.116903195079633 0.0588814031920979 -0.0668913485273399
-0.32324690110361 0.045653873661928 0.161065784555324 0.106300795898325
-0.332164517884185 0.107309678181178 0.114900565874665 0.00824887304558738
-0.224017439322252 0.240397677787411 -0.0198580174231594 0.00705538062281755
-0.0796165381069872 0.309119482284297 -0.0434327070932699 0.0727632683203916
0.0525058451336868 0.30560325899125 0.0140074102277941 0.126968977446611
0.165666535741076 0.25013753224894 0.0962836421235229 0.133567636610456
0.225967212074975 0.170052116782744 0.143801141292062 0.0957264582182219
0.221057646341855 0.145876825099303 0.158583445280466 0.0512194018775806
0.215804635779427 0.132589384877233 0.145904850017068 0.0458284447810609
0.208444144747236 0.196852914805683 0.11287463908629 0.0357698430650949
0.12158222123172 0.260159343170185 0.071997539471069 0.0332460071991839
0.0300778085184807 0.297590785017754 0.0642178702132813 0.0178748328841209
-0.11310024849753 0.268281137657992 0.037698537720207 0.03576382034098
-0.258834084798742 0.169403385926975 0.0516606510868128 -0.0239607863132741
-0.323655810316416 0.118691199427135 0.181808356548082 -0.085734690858992
-0.219829139198269 0.0658107665308649 0.29351715154637 0.105238235218692
-0.200757212576372 0.107752115098202 0.210009813139401 -0.0133861124321353
-0.115398249215081 0.168948916895295 0.0351971482361256 -0.00525252004824081
-0.0351067047920657 0.187079218463629 -0.0234571877270062 0.0680721306323182
0.035420032984287 0.196282858807609 0.0357049013617087 0.16518157172241
0.113047907044587 0.166847233323855 0.147971729190087 0.18724398592762
0.155298802388155 0.122330638877037 0.219460143983895 0.147884132946835
0.150169404124834 0.112883514693218 0.236327832022855 0.0961821704422645
0.142559253077009 0.110815660115715 0.214685626425496 0.0913053963495084
0.125536266549602 0.150912242862173 0.161622061578801 0.0877856598881152
0.0527126077698833 0.180737619054091 0.0915233339289264 0.0821036979454298
-0.0136065715234807 0.173485379233446 0.0568714538102874 0.0334332182023241
-0.0691784535454239 0.145504502698666 0.0440746723131309 0.0141611518503349
-0.149298407172231 0.107420729587033 0.0896864608626672 -0.0493672122524677
-0.209022185099102 0.104423546554851 0.271955320332738 -0.0969391138898275
-0.0770625856815139 0.0678266382284944 0.380019951641301 0.0896635194140123
-0.0389522915414092 0.0721657936352276 0.270269631208816 -0.0428966841559232
-0.000665889574848409 0.0563474501407893 0.0795498543960241 -0.0307475472812703
-0.00433122605723418 0.0349863393040427 -0.00516822242646094 0.0445109863676316
0.00165784744117529 0.0626882160757885 0.0522103799622151 0.171315382774184
0.037724988698548 0.0631682969981454 0.179212816717889 0.204753918806039
0.0578250409023961 0.059158950110855 0.262144338946604 0.171184508163082
0.0568176739631073 0.061426740259852 0.277456797685681 0.126937155708001
0.0522866876777892 0.0683964168538184 0.248481099484059 0.128006817374931
0.0363693574198095 0.0780441471573448 0.179936722346673 0.134577960663602
-0.00270559759158122 0.0754409972591966 0.0874080971748355 0.122897736896342
-0.0292495204391883 0.0383500116468152 0.0363184899959257 0.0443871159234805
-0.00240131803455365 0.030178676670267 0.044628458340958 -0.00584640986459037
-0.022365087652976 0.0573341971290719 0.113812915989485 -0.0606340152229342
-0.0711105534413803 0.088064307872419 0.317713413417516 -0.0979287268427287
-0.0730669415446061 -0.0432888405376218 -0.34698437462283 0.0865830671068614
-0.104881909560439 -0.0225527321520106 -0.186215890865943 0.111095750632296
-0.0734496793224914 0.0652662922023937 -0.0587763673754568 0.0352280063661615
0.00467037109821632 0.0854859536467057 0.0065405775429221 -0.0162937969161469
0.0383673748222498 0.0429050392249698 -0.0459162822305612 -0.134190803194779
0.0385097213561041 0.0227836998155636 -0.161181316038284 -0.169488494425211
0.0422797799568892 -0.00145212790496099 -0.252307235375396 -0.161854693548582
0.0464425096014343 -0.0026156371349404 -0.286966829815997 -0.144795596832316
0.0587698964695678 -0.00203922541742041 -0.276822875053675 -0.162087111837883
0.066396416144513 0.0350284152791104 -0.208019610759078 -0.186534313986903
0.0460369857082296 0.0681548796913453 -0.0968337673986889 -0.170406506153384
0.00829399414734303 0.112316751644916 -0.0318235596468405 -0.0469430451647346
-0.0920535913563395 0.0792216915409629 -0.0967309999137476 0.0465324337708646
-0.123771402528762 -0.0266619537164308 -0.232853929923413 0.0350458545156077
-0.0839272694481647 -0.0599533351345949 -0.400767328876377 -0.0766440063468975
-0.196331695927424 -0.0305246354642659 -0.326909888768206 0.074785406395533
-0.220001223562748 0.000409587439701106 -0.194361852030759 0.0883998019441108
-0.154222490065264 0.130210363781322 -0.0827255931534067 0.0435720058430585
-0.0358693891653033 0.189953363235139 0.00278084490640849 0.00632575113801208
0.0544666170808586 0.158158297587842 -0.0277246048956371 -0.116796005701021
0.104604087844232 0.121397670009906 -0.127488220869672 -0.157117980081265
0.138808429901518 0.0683472332221587 -0.2124224586672 -0.151548742908223
0.146073559985562 0.0604207213944993 -0.24259112114858 -0.133363826129879
0.158187219758125 0.0554426185193507 -0.238225927310383 -0.135934868014814
0.162753076679617 0.123704168766533 -0.188625658053871 -0.157675795147177
0.101332221815847 0.185375692077905 -0.0942255127506813 -0.14529389722119
0.024681361299983 0.253689323917493 -0.0210377578609599 -0.0281067689666286
-0.151028078874901 0.215420877358693 -0.0864489209914436 0.0800149443153424
-0.265070587395214 0.0594106470836218 -0.209124417502664 0.0656087150900143
-0.247378917068727 -0.016199955760572 -0.338514527131252 -0.0511078902581963
-0.298148821367023 -0.0191725756467557 -0.255773812871434 0.0747773398766546
-0.323035586181388 0.0216411279550626 -0.168757148678193 0.0641020139639754
-0.232224725553153 0.183588906063646 -0.102552949538873 0.0406894312693174
-0.0828745605362884 0.282894497199305 -0.0163970365623426 0.0274849541037966
0.0583011933968019 0.266287392353121 -0.0204819554702392 -0.0755167654311292
0.155500130868968 0.213209289380795 -0.0830489040566316 -0.111596827313225
0.214933056435661 0.132010661618508 -0.142182983296455 -0.111884075148234
0.22347303638348 0.112537126022591 -0.160530750828512 -0.102633896249181
0.233582773202863 0.0974838749065888 -0.15924601516976 -0.0970484460232398
0.242976078377426 0.182604885344842 -0.13394028616702 -0.114678733219453
0.158940839880009 0.270910547221962 -0.0696153979693849 -0.107879278917258
0.0600561216926637 0.358358256546181 -1.13381122803251E-05 -0.0150925321300551
-0.169493695908315 0.331127191798478 -0.054600470006483 0.0929111594486006
-0.351525509251078 0.151778754851028 -0.151358554105755 0.0742917461349106
-0.365198514024759 0.0413637511702452 -0.226025733932495 -0.0412900154965301
-0.362251151667611 -0.00202550338291838 -0.138263415306943 0.0854382319799291
-0.395532746143513 0.0514401321168243 -0.100252468294588 0.0437153826515431
-0.287065515973915 0.234848592598022 -0.101345838061621 0.0304299282741575
-0.112297449367568 0.353943097978377 -0.0387321343402425 0.0466208197513023
0.0613192493048314 0.344875067236517 -0.0166332086461655 -0.0114113749916803
0.188763825189932 0.276896754526002 -0.0282820143487513 -0.0361873398626216
0.260425612969485 0.175711319128209 -0.0504037370581309 -0.0493678907370278
0.265737609036562 0.146234483394852 -0.0550097707563401 -0.0573736055488519
0.271840581426413 0.124567700737933 -0.0566107384455358 -0.050986027638623
0.28471853306744 0.212586455748265 -0.0534661816260568 -0.066324269938339
0.192230682957008 0.31330796578355 -0.0246162400474436 -0.0638440808679146
0.0866430288114195 0.408886959127016 0.0272339053293379 -0.00721837184532892
-0.160923064426761 0.390190687285725 -0.0144610046817717 0.0833379775097034
-0.376104507930713 0.214058188017309 -0.0766089169973558 0.0536991235205754
-0.418955600995039 0.0931487613610474 -0.0853459407817771 -0.0501813772623483
-0.37555060593496 0.0203295162197894 0.00962137999544581 0.0999336909948339
-0.407280313888155 0.0883976675804785 0.00300321035305211 0.0258295527717547
-0.290584655822112 0.264331333913691 -0.0725127114945861 0.0186624714696631
-0.110731623498486 0.375290665851595 -0.0509598635269291 0.0651886458887442
0.0634094225312301 0.366577342112488 -0.0064238531408231 0.0644115167500133
0.197038061001842 0.293539321380729 0.0352963838239548 0.0539451155305933
0.268635709711261 0.19035167900595 0.0520414984960381 0.0248700209944643
0.267895278746195 0.15862329200968 0.0583800880852212 -0.00379566256891991
0.268273523918033 0.136996673011317 0.0525957154824432 -0.00313682199648279
0.273967804852251 0.217673298140159 0.0369256747992438 -0.0168047429033859
0.18158430516427 0.311469831491364 0.0295413578735404 -0.0170541277044091
0.0784505747054224 0.387878058457473 0.0518948172049858 0.00138069031291112
-0.139992017330177 0.369650423076212 0.0206114820042724 0.0598626946435578
-0.343943734800814 0.22012869181206 -0.00334860881401122 0.0148433693610746
-0.403751646698735 0.121408779019271 0.0586722632160727 -0.0705859174419234
-0.327669558774694 0.0491300986773699 0.165091883299594 0.109096385324157
-0.338900911186694 0.113244974947515 0.116605617494073 0.00778378439587936
-0.226005671872605 0.24599570760906 -0.0227471814602501 0.0089740498744544
-0.0781869621729118 0.317039888352131 -0.0444703233470479 0.0772612488164119
0.0576195882812288 0.31354066476356 0.0129840625386369 0.131260851454141
0.174056609071723 0.253983298366343 0.100281824960081 0.136291230132487
0.23462367181396 0.170368640110474 0.150515535021492 0.0960351433178347
0.230503394486802 0.146391725652093 0.162135591353884 0.0494552343649745
0.224329137187196 0.134524524861188 0.149843858796794 0.04468293362239
0.217308071817645 0.199052475526294 0.115021414208537 0.0344355047325252
0.127894229769195 0.266638670614706 0.073793147564325 0.0321646426206878
0.0358675280976754 0.303644440640349 0.0635880743943734 0.0151487002352318
-0.112334099956745 0.276654372402976 0.0412330332500268 0.0348359392579053
-0.264693033811172 0.176291835861091 0.0549834997906079 -0.0239729992015935
-0.328461193013009 0.122843043293445 0.184642744165039 -0.0922733880050896
-0.222354490765341 0.0692901991540685 0.299677589747426 0.106367715736374
-0.203923037910178 0.112089516137631 0.21347968174955 -0.0153362051316228
-0.114815733653083 0.171899590523083 0.0339334557444768 -0.00465295922040586
-0.0344245750491506 0.19156238332929 -0.024877910453655 0.0721691848513707
0.0384505469276454 0.200910529613792 0.035899464543116 0.170422006655651
0.119270935177144 0.168901546754999 0.154605719101922 0.190370563727874
0.161203994781134 0.122550710900629 0.229158651005827 0.147616119974225
0.157367106284531 0.113741212259327 0.242363128999311 0.0944452164470273
0.149032054883186 0.11339494554442 0.22048651928249 0.09003518510763
0.131146730570698 0.153774384229489 0.166892458532983 0.0870779985383821
0.0570069019254043 0.185231921542871 0.0942438152022848 0.0826404088538164
-0.0115383497913504 0.176685052483667 0.0564814338812129 0.0314439016848321
-0.0687896232282743 0.148073330088668 0.046864620685693 0.0136543640062075
-0.15199316621308 0.111323170794212 0.0934243962997284 -0.0508254564700043
-0.210677612988806 0.108426467171798 0.276174205610459 -0.104457395310007
-0.0767378891145383 0.0710736163138802 0.389760664630071 0.0895373340267027
-0.0376185605744484 0.0740939514756913 0.276082232073582 -0.0463837802755987
0.000694902229903485 0.0568716245737095 0.0797168532637216 -0.0310131466374691
-0.00496656879430672 0.0350266256533611 -0.00667716764966106 0.0480693839672955
0.00262599908346378 0.0649273912703156 0.0534097860755152 0.176069298746942
0.0398537977351391 0.0639084161014144 0.186084548381498 0.208477983942231
0.0603700636375896 0.0594942165382288 0.272996501065169 0.170070588768168
0.0606974282193118 0.0623093988221034 0.286060878189949 0.124734723247243
0.0558421685647291 0.0705097509139952 0.25638555278337 0.126227550258844
0.0386696400834642 0.0802230050907276 0.186273498137616 0.13412547609817
-0.00230464061412828 0.0771163416107801 0.0910105721120095 0.124058795956085
-0.029924465764506 0.0383894024379497 0.0359514519904214 0.0434688555244635
-0.00155682238144014 0.0288149525051425 0.0451097324533905 -0.00628940420888274
-0.0215281453376691 0.0585949114224698 0.117584853853585 -0.0622739966325121
-0.0698887596240511 0.090391105047849 0.32400268586716 -0.106983375862229
-0.0768498092095883 -0.0421184132487961 -0.350368194045353 0.101089894618755
-0.110112546229726 -0.0179462315738916 -0.185507490650973 0.121146076317567
-0.0714024659290024 0.0706369521158763 -0.0589818585041779 0.0387528105601177
0.0101788755734695 0.087870484157121 0.00725601923928081 -0.0162866305379508
0.0410547029909244 0.0415137275777867 -0.0511565480859167 -0.133773216118247
0.0405870092720142 0.0214588606990164 -0.171417998847077 -0.164110421370382
0.0428445669146235 -0.00307994021117455 -0.264888332909759 -0.15152084183067
0.0464108514084503 -0.00446225652426229 -0.299833679825978 -0.134569627962543
0.0589679267003449 -0.00525424712949242 -0.289933153660358 -0.153741139902359
0.0702549953484977 0.0325020488819686 -0.222517614465243 -0.183030286871216
0.050497513758559 0.0682647112123151 -0.106188691743101 -0.172401765289039
0.013846530376323 0.115369743839643 -0.0324919612982216 -0.0488685155610314
-0.0920145602463984 0.0856917826701699 -0.0936582005276229 0.04937108413919
-0.129038427572325 -0.0217410292378194 -0.236619588838141 0.043153107960581
-0.0893714318477652 -0.0582867208387429 -0.411730033411834 -0.0619976714621872
-0.200770249081375 -0.0239298285932485 -0.330719849797207 0.0892908714305885
-0.226716317284386 0.00930251764588903 -0.195392142354985 0.0984351677006747
-0.15093514884641 0.1379953871389 -0.0839442043060796 0.0482604478698494
-0.0270771874187567 0.196248382215996 0.00472054991863724 0.0074785980318585
0.0624683563706102 0.159182751138292 -0.0329623082502124 -0.115918073151272
0.112946034282353 0.119152360263158 -0.135943297221749 -0.153327325773766
0.145054908961376 0.0632870267562088 -0.223363128800705 -0.143670021719306
0.152354410271596 0.0550610099929632 -0.254083517349409 -0.125512072039298
0.163586091459019 0.0499090003944739 -0.249227109220768 -0.129474125849387
0.172638959870511 0.118778031708581 -0.201393941153576 -0.154248391514945
0.112608112179265 0.187035010691995 -0.102960227423852 -0.14634246055335
0.0364128574851963 0.258203505402783 -0.0223498367393088 -0.0308118281419607
-0.147082570822369 0.227192159914302 -0.0814618953705484 0.0825386586573648
-0.2702761056465 0.0716572546923665 -0.210869811919818 0.0744691293608692
-0.253831453903864 -0.00854178573912989 -0.347312822376259 -0.0385193501698929
-0.303104909121184 -0.00923549681695432 -0.258431368557407 0.0864056831276138
-0.330728565184031 0.0344207831203085 -0.170645051873621 0.0728717320479331
-0.228441741497977 0.194919087114642 -0.105019145095956 0.0467560553866942
-0.071481687740555 0.292213841538031 -0.0143456356322119 0.0299830857243387
0.0704952916371717 0.270046369411011 -0.0248225338693111 -0.0741710732618365
0.169525467594212 0.211021293540074 -0.0893291735313665 -0.109271836038074
0.226143095128272 0.125629225707347 -0.14931123795523 -0.10753896848969
0.233733464773469 0.105083215293417 -0.168888079556201 -0.0974855173508039
0.242885976523826 0.0905317270018909 -0.167161222681818 -0.0919731647290181
0.256852216723893 0.175304248375873 -0.143761781331301 -0.111808827582498
0.174167764673309 0.272241769165627 -0.0769477340485248 -0.108893192792515
0.0776469988474338 0.364416058143132 -0.00127148771102912 -0.0189149753369272
-0.160379705023602 0.345826943987888 -0.0479364292383788 0.0944898696764958
-0.35543163966671 0.169778396751191 -0.151120296135572 0.081166404526298
-0.371615599041054 0.0549442375489392 -0.232924599402207 -0.0334672627422533
-0.367421005491709 0.0100642223494706 -0.138377263719991 0.0934347728027302
-0.402798829307891 0.0697954972264825 -0.101698557886461 0.04891584690291
-0.282166520157317 0.247369683443723 -0.104496130990175 0.0370727079957444
-0.0999567220178191 0.366447108821377 -0.0371270872395633 0.0511061642921519
0.0770164117004194 0.350173669917581 -0.0191331841245106 -0.00914993194818952
0.205458452735934 0.274358942007803 -0.0307329612270925 -0.0341690400687835
0.274482586015825 0.168498869789349 -0.0524472739055254 -0.0476698762269372
0.278817025061917 0.138141697370817 -0.0593024908383903 -0.056254782790015
0.282878650931658 0.117574230999854 -0.0599535718466725 -0.0496942856933483
0.300886891848965 0.204341750388576 -0.0589154728194609 -0.0658881236335909
0.21036198030435 0.314248314153978 -0.0286888474934609 -0.0654540050006798
0.107139697963376 0.413684193892702 0.0257590535273104 -0.0114370142758015
-0.149478046801435 0.405462677843746 -0.00748312812836658 0.0828503022121194
-0.378219962173352 0.232755417613565 -0.0742880720919498 0.0583233907211037
-0.423188277189927 0.10923449922626 -0.0894492053290641 -0.0486554024697934
-0.380199234526524 0.0327900345844681 0.0129552273126142 0.103533888836655
-0.412664461611919 0.105890445550108 0.002200881603683 0.0272980008549215
-0.283893934255535 0.277347607701696 -0.0753883357527002 0.0237993359909476
-0.0988665192613834 0.386383708736565 -0.04917941582191 0.0704974648441327
0.0798125749442933 0.372647881746039 -0.00718337885230301 0.0681269644978253
0.213977892254746 0.29112272192654 0.0382254653427331 0.0549415490051449
0.283312855972673 0.18201380446146 0.0554472802445642 0.0233821497404167
0.28207960611083 0.150434020083086 0.0578088099962589 -0.00663944093093246
0.28021509940858 0.130966555793799 0.0533336072286124 -0.00579940046259519
0.289836268822076 0.211278975809605 0.0352976297241514 -0.0192205044458439
0.199731689271686 0.312554033148687 0.0287434090532557 -0.0192644385239455
0.0974011105939887 0.392313200762641 0.0504028464113035 -0.00299506551868163
-0.128939366064522 0.382466644215732 0.0266825376837844 0.0578123042200859
-0.344313113917709 0.238712530018532 -0.000432648171097582 0.0158989003855674
-0.40628945081127 0.136038828831805 0.0564476304337219 -0.0757059924562237
-0.330040465056128 0.0604694079128881 0.171534239871373 0.108055901972076
-0.342974206467791 0.128160715574589 0.118131633822196 0.00473975427482899
-0.219643021948132 0.256633914035512 -0.0241101284114272 0.0124762109637901
-0.0675997140175195 0.326367841224097 -0.0429505111479722 0.0825760745353831
0.0726781021348428 0.318703082038712 0.0150446779973374 0.135906824893481
0.189269860875571 0.251306140750506 0.107465484311039 0.136019879088047
0.247591855035224 0.163519723130624 0.158881171406009 0.090541373496892
0.243417281136707 0.139410741660307 0.165883787337678 0.0433598764649372
0.23582543468938 0.129627879147272 0.154754606319798 0.0391912819450847
0.230702922779708 0.193906264935767 0.118204694633334 0.0304867808004693
0.143212111172082 0.268840558245636 0.0761300092931203 0.0296243661159688
0.0491545136998332 0.307173294627187 0.0629924219857525 0.0109840665175566
-0.103978579148105 0.285242815605257 0.0454362892857519 0.03231608191424
-0.264602332314842 0.189777803554981 0.0577174649583119 -0.0260438917922794
-0.329173780796425 0.135972335883306 0.183700165597848 -0.103064940993448
-0.221898591267308 0.0792300133205322 0.309127083564834 0.0999066180881454
-0.203701766734067 0.121843907433014 0.216853807817503 -0.0218824260859264
-0.109341597207927 0.178572090604011 0.0334867482282788 -0.00421954564609616
-0.0286370849079975 0.196129920354326 -0.0233726719941516 0.0769076015288554
0.0480353191216831 0.204537392254783 0.0408875388812377 0.174651235134472
0.129649222813291 0.166641734599085 0.165355953402793 0.188774132869144
0.171250412322494 0.117388982895754 0.240917959489442 0.139155064961499
0.167444081048554 0.108725623825209 0.250267001901096 0.0855148159159103
0.158263864235459 0.110737052123649 0.228941072299473 0.0826951657005162
0.140896627022785 0.151006139349713 0.172917740664193 0.0811249527076979
0.066750677031038 0.187152462144578 0.0995642862844266 0.0795474006998353
-0.00465988577885636 0.179985116793525 0.0573067535437192 0.0287438582549802
-0.0640156255343728 0.151930520076682 0.0491510252827866 0.0114958677974758
-0.151206932466121 0.119205229851032 0.0952477484259522 -0.0544308410975268
-0.209751203635277 0.117589971978579 0.276032655604009 -0.120267788730053
-0.073827919100132 0.0756199945657974 0.399498776441012 0.0786213897118234
-0.0339343905376967 0.0761560354151657 0.27890704700202 -0.0566802972027441
0.00364326056449395 0.0565425684448541 0.0792575637699006 -0.0332919886355612
-0.00475046694228941 0.0347903851692375 -0.00656829200944136 0.0515324974109634
0.00545846706491735 0.0661403272172591 0.0600369575329738 0.179952221608218
0.0432396035215577 0.0630323240089582 0.198989563001924 0.205349452719881
0.0643842837394904 0.0576947127227212 0.286689796080889 0.160808034916395
0.0657512260055344 0.0611676056073754 0.296480993399631 0.115376034574523
0.0611962544317872 0.0702094231760667 0.266192029309419 0.117252336588356
0.0424054332633322 0.0807944253405663 0.195840981236376 0.127863658565389
0.000556055737953086 0.0786344255746623 0.0983640245409879 0.122209530702975
-0.0303857889381656 0.0396056056062059 0.0363953958899882 0.0421774231048001
0.000573953893583907 0.027576941577729 0.0453063632816848 -0.00786881673782127
-0.0191073777228222 0.0604227124848453 0.118589968286866 -0.0676194578802771
-0.0661854843233814 0.0944894407808045 0.324434438198552 -0.123883019910974
-0.0469198318517952 -0.0699475524116781 -0.362869683617495 -0.0636760147272515
-0.0907271047678236 -0.064334778490606 -0.218623781318428 0.0296892906158344
-0.0944759653362095 0.033275634592753 -0.0672151300548147 0.00952246578527017
-0.0286113183533316 0.084629515765112 0.0174474395975175 -0.0106271480820904
0.0169936032644067 0.0568885377912627 0.0164226976656766 -0.142303095328957
0.0259615163572995 0.0391154130590402 -0.0792176720775481 -0.223344991155164
0.0372293520333553 0.0158936864247709 -0.16956129342691 -0.2508407612507
0.0425936542912529 0.0167180675449006 -0.209808671448126 -0.247607135169934
0.052524120030779 0.0206799796270942 -0.194196268398465 -0.261739784521539
0.0482101842546156 0.0588614929381988 -0.120734335652506 -0.258904108196455
0.014672866976077 0.0843951086204935 -0.0208764841468666 -0.200181320872779
-0.0376067821651362 0.109361030852975 -0.00711569077993598 -0.0567094525082867
-0.123436922223882 0.0374780419571896 -0.105596170505243 -0.00088081333231022
-0.111243157934448 -0.0760941389721291 -0.231646985423693 -0.0745852556007525
-0.0564339709572211 -0.0917884621141154 -0.337229863115519 -0.25181102322298
-0.165280023580065 -0.109233756317821 -0.340304428063986 -0.0627758316104495
-0.207573919775334 -0.0912221365228967 -0.214626462778595 0.00578577362044029
-0.195709256403006 0.0572569437587167 -0.0909743981426073 0.00821383541965506
-0.108081119515587 0.164402955902916 0.00749092753799615 0.0106989551519467
-0.0157771583816605 0.170973098497141 0.0297865738823231 -0.119604634133699
0.0494290443424532 0.157805056291477 -0.0502682105785912 -0.200213615386058
0.101181415626205 0.119874769687938 -0.135154945892506 -0.226944974575102
0.112195312336541 0.118382218775449 -0.171425910982895 -0.220832427690888
0.122679411032081 0.116459283296563 -0.16761945004233 -0.222084055557561
0.104548086507316 0.180448851297184 -0.115288937843379 -0.222010384695804
0.0197969616747098 0.21994599492137 -0.0317648031832611 -0.171801155103639
-0.078853389879487 0.246304854092245 -0.00934633091939348 -0.0335732151068295
-0.236011065836988 0.139230494862113 -0.112512624407734 0.034468204099708
-0.279188703782677 -0.0538983083904641 -0.221843741084199 -0.0384692993178879
-0.225471736858352 -0.120478447199571 -0.290094249924209 -0.202189518433303
-0.263386530138469 -0.142567049976036 -0.273197323927155 -0.0290369783535794
-0.313296803502292 -0.114802274938637 -0.178383931248393 -0.00476984236380196
-0.289952992099689 0.0743607155925382 -0.106620669823484 -0.00144869899629
-0.189692398732279 0.229374219017038 -0.0176981687717855 0.0243168124692234
-0.0574720887104232 0.272868564273166 0.0227975405489455 -0.0773510541396378
0.0604762330514532 0.265025919286163 -0.0262571579131686 -0.142162938226365
0.148141621388801 0.211640507042935 -0.0835486393320981 -0.163209711169877
0.165807654184082 0.201166679462966 -0.10700224654787 -0.1595801873814
0.177349801801094 0.187490811300214 -0.109957365693822 -0.152604746983887
0.156463322143844 0.26792416515838 -0.0831038628027549 -0.158224909262953
0.0393901764539483 0.324140310164435 -0.026597774974924 -0.123770226870511
-0.0877023638467209 0.357372520096455 0.00136793702665917 -0.0102615801034513
-0.300948574342823 0.239077814895694 -0.0913867373277513 0.0609220408326767
-0.397333082141521 -0.00332753150332409 -0.172329666155746 -0.0071172684708867
-0.356855634328808 -0.11484654762708 -0.188874445367384 -0.14654669220029
-0.330537391518437 -0.156386982942176 -0.167830329825317 0.0330231699072638
-0.393521751627485 -0.116463541804563 -0.104014545814034 0.00462735058251577
-0.361233084001236 0.096224297305515 -0.0997002931254184 -0.00906848776841997
-0.247915590445948 0.282494416161559 -0.0452880980020404 0.0345787831504702
-0.0875934850215971 0.347634837528896 0.00213839854026566 -0.0168913233912354
0.0660155732155514 0.337378167051428 -0.00579215316326848 -0.0503109349241391
0.175205501032387 0.27272679905674 -0.0224024650295075 -0.0681387564569384
0.192869217156308 0.25067952498813 -0.0266545846850246 -0.076205507712126
0.202824033364701 0.229203607531788 -0.0328157290695072 -0.0689110470024454
0.183200001179979 0.312825345519632 -0.0279234167291288 -0.0798923698464268
0.0541781965513552 0.378112357856242 -0.00422044566332661 -0.062248814545336
-0.0830226728959236 0.414109626198927 0.0201911880367815 0.00962467603321872
-0.315075137446778 0.297279989310968 -0.0508521059132866 0.0698078410370278
-0.4445466450965 0.0423315707758166 -0.0928925765074033 0.00758969422191014
-0.426302658427922 -0.0900705078253405 -0.0541189723831588 -0.0935575928978958
-0.354094408069653 -0.142796612146213 -0.0353944012649853 0.110738994483631
-0.419688112230103 -0.0889424428576122 0.00102652710808282 0.0313885382174117
-0.378118147987042 0.12196280871769 -0.0670700604393125 -0.00719721675447639
-0.255961747637929 0.301503546444316 -0.0645406905845742 0.0471344135270533
-0.0935404691466267 0.367769872409566 -0.0207967280660615 0.0583592063595492
0.0667935353803382 0.355685163024588 0.0156988089610621 0.0594421163579748
0.177562624077523 0.28891808203569 0.0425809452522731 0.0424960893137435
0.191215286466307 0.263216787948154 0.0562877177111126 0.0180157356022986
0.195660427747477 0.240304807662924 0.0497518805867896 0.018942101775188
0.172681072642802 0.314389142221251 0.0363121976047061 0.00165121196697433
0.0467554394797316 0.371805072428041 0.0270869169032456 0.00418221613110199
-0.0822883282658259 0.390057165558143 0.0384436983302574 0.027238439362771
-0.28708209710795 0.285319598431191 -0.00858051951453746 0.0636699563784858
-0.415404550587811 0.0614979964047515 -0.00687213350164205 0.00461555599110703
-0.422289415603191 -0.0576787794502032 0.0890139407717288 -0.0489787792795926
-0.322155964820116 -0.0963592587289131 0.107049985191855 0.185357293804243
-0.367590220413242 -0.0375088248226505 0.114511303006423 0.0608419331503105
-0.311715992666925 0.132175645958229 -0.0173401373296644 0.00322275746333818
-0.201880644341694 0.260109862371136 -0.0669001434895715 0.0597126107384945
-0.0755664787276499 0.316384674666714 -0.0342053888150293 0.128828288614478
0.0625436537829428 0.308252437878906 0.0409637306914666 0.164858538234524
0.154652302922318 0.256526593609854 0.105520300424974 0.148092824360034
0.16190429987646 0.236253759856224 0.1309265539688 0.109530862518447
0.156890423278351 0.219562013398677 0.120932573707311 0.102157080156441
0.126479940027215 0.273052793724325 0.089645464583952 0.0806654225109167
0.0142455231948911 0.306574281515235 0.048887557921718 0.0662186885922332
-0.0874739953709765 0.293883152392196 0.0443053750284974 0.0428400861091302
-0.21999464415025 0.208439631527386 0.0213632937128074 0.049324374120477
-0.32084302244319 0.0529539521908612 0.0643609538443373 -0.00367273502270658
-0.35235388753357 -0.0236342977760113 0.214732352362944 -0.011933941635918
-0.234267544239565 -0.0321688178189805 0.235129507839167 0.237031555054107
-0.239583846456952 0.0174679836615343 0.211654505299437 0.0774452493094367
-0.177636993901987 0.110133758319242 0.0375387029212962 0.0125754990553737
-0.110666140542453 0.16026214906911 -0.0507991936370097 0.0620195497485933
-0.0462341950609559 0.202783654078756 -0.033616809229111 0.175968924265025
0.0457693895060789 0.20519327484079 0.0671256507410621 0.240222310128777
0.106409556465501 0.180985786930885 0.156561023860228 0.228517202839845
0.1065417887428 0.17372744200664 0.186626301217455 0.183177903812697
0.0965234858767096 0.168623764223055 0.16885550278607 0.171163620991986
0.0644547124926413 0.196588828594108 0.117740716913615 0.148624623764876
-0.0194266009919489 0.199198250644418 0.0494935318471755 0.118013036560844
-0.080262206354858 0.156766593917625 0.0319089895014895 0.0528342321453992
-0.124086019625646 0.106147269088367 0.0357309259703765 0.0320493465359204
-0.186591136964311 0.0390739731237279 0.111603392732812 -0.00862721522826359
-0.236469662023084 0.0127514852286687 0.304225808181204 0.0178692786061722
-0.101444979636783 0.0309766374274988 0.326807961970678 0.254349331886402
-0.0664145076257489 0.05079627396171 0.277824506527839 0.0723649818082722
-0.0215534414410199 0.0512048984011602 0.086312154574314 0.0055649169385983
-0.0198923779180457 0.0266007295367035 -0.0295106057416661 0.0453481680828331
-0.022509315355756 0.059772946030442 -0.0246111124762288 0.189945420735112
0.0132522031784584 0.0740012331313028 0.0880489866729983 0.27281338710938
0.0362058914812839 0.0807814295755324 0.186428028805435 0.270064849877077
0.0351953495265402 0.0846844916427672 0.215193870234151 0.229554892191262
0.027754632894664 0.0895669050259694 0.187191763773135 0.218519291609764
0.00545831527175726 0.0910175471628855 0.118223072461523 0.196856781629413
-0.0329311474035497 0.0712736278554126 0.0326520617103295 0.152072943409101
-0.0439758074573126 0.0206644311287512 0.0108656781312141 0.0523066042573739
-0.0102657137056419 0.0225988840387603 0.043353605849821 0.0131596932783443
-0.0409270370474465 0.0450116098749111 0.138192372288683 -0.00612325555250126
-0.0987498024200816 0.0549773147057343 0.348648724064474 0.0395202778414281
-0.0492999539451757 -0.0668264516596904 -0.358107615417568 -0.0467462178480611
-0.0938950283879411 -0.0586284963736759 -0.212353284979132 0.0384527456870779
-0.0905133781794763 0.0376211517306894 -0.065797925403099 0.0123128779894356
-0.0214245869789104 0.0852467829084729 0.0173155544438529 -0.010213903682061
0.0198491220615689 0.0547758086399207 0.0110074108554773 -0.138876137697086
0.0275734620911592 0.0371304204696524 -0.0874539919720642 -0.212639339534673
0.0369748781891684 0.0135969939421509 -0.177691835488736 -0.235336921962176
0.0411343719182256 0.0139964590167412 -0.215984759447189 -0.232136527777851
0.0508886393703987 0.0172025903536347 -0.202153404517015 -0.247163987872379
0.0504341639463022 0.0549948718849331 -0.131678061113859 -0.249451968814038
0.0188111294517189 0.083122097725625 -0.0296583849679468 -0.197840103867604
-0.0314100497770986 0.109337159391474 -0.00708915830961827 -0.0571235946416376
-0.120571976216177 0.0431940354276865 -0.100467132883872 0.00210604494013415
-0.113901416837825 -0.0694058167039218 -0.229904577765257 -0.0636402146938642
-0.0604393094336172 -0.0882458037079265 -0.339183476928943 -0.229824920446449
-0.165779343289667 -0.100373067163587 -0.335129196063165 -0.0454249694304191
-0.209004941255733 -0.0795198550958405 -0.20988359991735 0.0158643851992158
-0.18749464462309 0.0641390733342849 -0.0898116251231354 0.0121081076679726
-0.0964282287608403 0.166106133379254 0.00854534985572848 0.0113317443525137
-0.00681083911609579 0.168095956535998 0.0240250560833692 -0.116976505143871
0.056753724877998 0.152111264782669 -0.0586525421523409 -0.192532793959628
0.105442097829712 0.112368488537413 -0.14279859114201 -0.213462342873998
0.115258687940942 0.110296665930736 -0.177958324643685 -0.207660198535412
0.12477207334062 0.108148723025323 -0.173952244167056 -0.209892740684533
0.111171142812161 0.1713578186323 -0.124890983072856 -0.213111361814311
0.0303234930244488 0.216000257766673 -0.0399147889349823 -0.169181123213293
-0.0654008086377397 0.245020533543474 -0.00940490867104976 -0.0342733939481301
-0.226324775749772 0.147683759751755 -0.104615381017165 0.036998513376499
-0.277849955895277 -0.0405850653049836 -0.218261386871191 -0.0278687475751547
-0.226557472618765 -0.109501502260468 -0.291578811839274 -0.184637134624617
-0.261728755920403 -0.128865909218868 -0.268125699140428 -0.0160786489185208
-0.313320840594221 -0.0984596368833383 -0.175267737824607 0.00352664458995478
-0.278886179939607 0.0828245038130576 -0.105594236462178 0.00412887438072517
-0.173731096092675 0.233674701890296 -0.0147905051722999 0.0263086070373218
-0.0420450216923282 0.270122714168687 0.018274138686666 -0.0756204575742065
0.0729542569938596 0.255735231403854 -0.0327218345273472 -0.136012760416236
0.156014110455139 0.19990603812396 -0.0885432971641231 -0.154362938638624
0.172324964951514 0.187417062757603 -0.112490451949673 -0.151001311866891
0.181863167863338 0.176179080578806 -0.114674183169359 -0.14501429456823
0.165824626746786 0.254523749459608 -0.090688014253502 -0.151577708577558
0.0547708818080823 0.318023777131991 -0.0333242186758636 -0.121804045816182
-0.0694819233954934 0.35478558372794 0.00127252033713124 -0.0125515093909219
-0.284573312042593 0.247797412822798 -0.0818341096672932 0.0618000627428818
-0.391951867266807 0.0127925262458256 -0.167080725154824 0.00141346321764
-0.355008886932657 -0.0995875181068259 -0.190159692379154 -0.136104201811309
-0.327352918681108 -0.139573383583402 -0.163247079748904 0.040818942113943
-0.391592716136582 -0.0959335278662982 -0.102808969575387 0.00965405898626834
-0.349348680675852 0.107662814023955 -0.0992049762683494 -0.00300408449051689
-0.229447289112303 0.288214487385698 -0.0420095256630787 0.0373645819129522
-0.0686077706199534 0.344845531965733 -0.00057952049283337 -0.0146965126963884
0.081651150850193 0.326933966731969 -0.00832092471538415 -0.0473288030417131
0.184532924048576 0.25742386145492 -0.0241375311375985 -0.0648674375074977
0.202376319413256 0.235771934908645 -0.0306459229287925 -0.0729609166455296
0.209455467499799 0.216358778444283 -0.0342418989153758 -0.0665519709253068
0.194970282391759 0.2971212989475 -0.0326067883469727 -0.077279124591558
0.0714784873310233 0.370437348643422 -0.00788033552890866 -0.0619873998525353
-0.061632103610102 0.409517516879032 0.019851784712203 0.00645107225781893
-0.296738154777609 0.304561046397967 -0.0425401714610062 0.0686115233969999
-0.435305189107913 0.0591792222785253 -0.0888647870526841 0.0122122624106057
-0.421351183592802 -0.0722450777221488 -0.0568149099078247 -0.0902901434938487
-0.348694925104726 -0.125073987019941 -0.0302461680175052 0.11179544465869
-0.416290737301949 -0.0701712475165094 0.00104387687743248 0.0317272621017276
-0.362786666620101 0.132085998717042 -0.0674576692127307 -0.003043106474446
-0.236977134518333 0.307053623196835 -0.0609928330105744 0.0504640279227485
-0.0750172157864314 0.366697282669048 -0.0209997034644919 0.0595945104121534
0.0839113416805899 0.344153439856765 0.0175424548998751 0.0597221111536237
0.188305441134109 0.273305463993299 0.0448553741484616 0.0396956934275119
0.201574602671705 0.247957450772928 0.0540814370250679 0.0154088765868209
0.203148785805636 0.227351070600653 0.0501681665009567 0.0160740401248561
0.184000769809973 0.299179269779337 0.0341849598313701 0.000378218927400001
0.0641107752084195 0.363723390508236 0.0262044118919386 0.00172072898713066
-0.0616187310029807 0.385906448996622 0.0378221838109712 0.0232511589241105
-0.267691109294031 0.292319356776557 -0.00248830392284668 0.0610486245684655
-0.40439225194998 0.0777073779916069 -0.00487222975981843 0.00633310168249202
-0.415548071982985 -0.0410438093932791 0.0846615399662931 -0.0533221072994001
-0.315764969825795 -0.0816273732209795 0.112174193898748 0.178910672582769
-0.362313716719529 -0.0215976688071505 0.113134817187021 0.0555504969544787
-0.297546058120828 0.139327672788149 -0.0178287415889195 0.00523390919107499
-0.187069560106407 0.263333269694903 -0.0630940747792288 0.0631572445421076
-0.0590533496159707 0.314379913039643 -0.0312160333991525 0.129625003614698
0.0760770722226063 0.297875825160355 0.0476503824133717 0.161372720011341
0.163948442624689 0.24270367056076 0.111372663406666 0.139890325955611
0.170956324920168 0.223184547827814 0.131683176585957 0.100684627637028
0.165367622999733 0.208472653715337 0.123417319753011 0.0941254984344743
0.137122236883516 0.261857168992137 0.0908260613348311 0.0745273076652419
0.0299800166832519 0.300569769143555 0.0500107759659445 0.0623047825976288
-0.0719224634179782 0.290951568886662 0.0434975277965601 0.0389855536662235
-0.205847045493494 0.213573501473056 0.0255552298130117 0.0464582990157065
-0.312543760665437 0.0653499583963622 0.0647225994082262 -0.00517105660861892
-0.344230408097364 -0.00924989767157663 0.209029485278639 -0.0230768852927333
-0.228232973271612 -0.0226556390279311 0.239457354318982 0.224257995375553
-0.23317388265193 0.0266015613805103 0.210042768282644 0.0677820121439015
-0.16741400007463 0.113419504803566 0.0367318896014244 0.0121547698740738
-0.102153734643124 0.161005990781965 -0.0480136075205078 0.0642601013878223
-0.0358485451211359 0.201666208190078 -0.0278504070615425 0.175740007237433
0.0545058235494072 0.198042040423567 0.0769982295489053 0.233496016829802
0.112628089793414 0.171179425394283 0.164719919494525 0.215977621676816
0.114266330555103 0.164782068306918 0.189762919194848 0.170185351318322
0.103918333840045 0.161205395179293 0.173198390036746 0.159967735791344
0.0723783862150777 0.189635551363901 0.122298482231092 0.138415062106084
-0.00860700901135127 0.195409014143398 0.0537612230813662 0.113184678492296
-0.0721686989658162 0.155458711005492 0.0326003641182042 0.0494764572786671
-0.115655589009172 0.107944296382741 0.0372498019429631 0.0295315193893522
-0.180804421511298 0.0462050829011482 0.110360894088489 -0.0126845401906395
-0.228830117626027 0.0219865323512411 0.297655420860648 0.00109463541784073
-0.0956712841342335 0.0348087771864443 0.329066474077327 0.236944602241735
-0.0608143700349148 0.0521830137958461 0.274363307311471 0.0589728401899008
-0.017306309714212 0.0494733639870093 0.0843216024114331 0.00323589461362374
-0.0195882656737122 0.0258892236454379 -0.0281855616231013 0.0473306591444652
-0.0191369037849897 0.0599810127258461 -0.0178927397655586 0.188874677513558
0.016521759678693 0.0706320075909582 0.099472166726368 0.264126776310684
0.0391547252404295 0.0766590004686387 0.195824636771569 0.254288021244965
0.0395288252856218 0.0811059967039597 0.219572424251838 0.214020650736358
0.0325365041082192 0.0870137176453543 0.193224657925804 0.205044734703927
0.0100697634287129 0.0892334537868236 0.125829747882032 0.186575425599718
-0.0287490529791101 0.070815119390885 0.0393664031938605 0.146587790038689
-0.0426481834853255 0.0209988911133819 0.0120344719177143 0.0501758965548858
-0.0081521380072599 0.0207461962077925 0.0426453792441715 0.0108652480685356
-0.0371111089899575 0.0452326205609924 0.135809521964671 -0.0115881157591373
-0.0918881885311433 0.0580920240700982 0.341585186375308 0.0208045933635178
-0.0502860921891632 -0.0634145762872815 -0.349265983643027 -0.0365807404611949
-0.095097490912705 -0.0526177962019439 -0.205277567150324 0.0431113296052681
-0.0868931716073415 0.0401041151968493 -0.0642684938363643 0.0135482476867938
-0.0167623953521235 0.0842072661953936 0.0175212670041853 -0.00961646173569092
0.0214445491024442 0.052620164096477 0.00800876285637515 -0.134961613606655
0.0285991619675657 0.0353210175025866 -0.0911559560159392 -0.203224357693757
0.0362682272582455 0.0124972493629253 -0.180110703073389 -0.22161303694422
0.0395368837443347 0.0124883686460635 -0.215558799227181 -0.218649214774369
0.0489732338332894 0.0147474891632195 -0.203930660128618 -0.235141540519786
0.051374431378663 0.0517068127712633 -0.137367130935388 -0.240249144460999
0.0209659034539893 0.0814765504949613 -0.035319428379428 -0.19347651714397
-0.027032034584776 0.108306474814379 -0.00698948196549042 -0.0568787721742904
-0.11674734411017 0.0464790378888196 -0.0946726656285568 0.00256125919388499
-0.114154571591997 -0.064422594880281 -0.224684022694642 -0.0565227625232679
-0.0627574737290165 -0.0847343470897555 -0.336239606836822 -0.213880127330806
-0.162370846265338 -0.0932471122681753 -0.326560734759854 -0.03579459025088
-0.207499110670386 -0.0708264372180034 -0.203796817243882 0.0207697698245475
-0.179322766182425 0.067633764312441 -0.0879545924882506 0.0137995493178159
-0.0864386865213947 0.164791592948336 0.00963721487928426 0.0116179494853187
-0.000656750393637718 0.163592122880301 0.0200120810339224 -0.113590016768712
0.0603807127807291 0.14583119389368 -0.0624539158840476 -0.183777484612614
0.105941142481389 0.105323195590283 -0.144907385140722 -0.202027782865614
0.115582387614575 0.103355089215788 -0.178785635807719 -0.195947269568909
0.123696660637396 0.101404385130254 -0.174769815796072 -0.199390103020037
0.113955307331826 0.162835820844263 -0.130209408263423 -0.204143225176908
0.036298658762081 0.210949211058595 -0.0445170902403882 -0.164858312041989
-0.055736139541634 0.240583079417186 -0.00939673039687076 -0.0350219303771114
-0.217025548399576 0.150712927300297 -0.0973488487752223 0.0366704832960009
-0.273351234246741 -0.0331904922992353 -0.211852426111716 -0.0219140748467915
-0.224208141649372 -0.101165113383764 -0.287113933207316 -0.172870454840965
-0.255215368527882 -0.119800562886733 -0.261812123479129 -0.00865887759170517
-0.308236275910536 -0.0873770523653415 -0.171462853022848 0.00833277364976669
-0.267455208976499 0.0859546363645056 -0.103842951282793 0.00744348100454884
-0.160940528696077 0.232203504981983 -0.0127599615298935 0.0271614279998696
-0.0321741346222359 0.263869150919651 0.0143027647790972 -0.0734885690881105
0.0793209054760263 0.246102404474974 -0.0356446433408209 -0.129873296979083
0.157657527565198 0.188494366400773 -0.089726270025252 -0.14654504422861
0.173535755140352 0.177535176509485 -0.11383662353206 -0.143566463614117
0.181035712397169 0.166526329089813 -0.115046823347485 -0.138494111009393
0.169382783120384 0.241864888491823 -0.0945278835473882 -0.145392143557497
0.0632365916217003 0.309457133306182 -0.0369512613944276 -0.119016681668725
-0.0566253153685122 0.346503559370461 0.000448660888551467 -0.0142102827478068
-0.271245211592405 0.249968149055698 -0.0741385863400596 0.0598005348644202
-0.383812958161095 0.02138430756181 -0.160988237711345 0.00630765161642165
-0.348222697783167 -0.0889955041713179 -0.188546722242694 -0.128389855291056
-0.318507333151766 -0.129395627878613 -0.157899066069743 0.044472106244779
-0.384432077784689 -0.0850380514610698 -0.100755202596891 0.0133150324894344
-0.335561259336432 0.109825601133699 -0.0977241469811907 0.000426760482687966
-0.213897616641365 0.285795067235551 -0.0390077668489872 0.0389642314321638
-0.056459099671586 0.337839537619195 -0.0035538960485486 -0.0130565316156092
0.0894877823073413 0.314263670173205 -0.0095509137124969 -0.0437564500724093
0.186822141552677 0.243534123705667 -0.0242072473850458 -0.0621086491981547
0.204899697382728 0.222618652774674 -0.0325815661454712 -0.0702828354631778
0.210369474668305 0.204981927529974 -0.0346306899865828 -0.0642853798186854
0.198966784026498 0.28398357689679 -0.0359731008906893 -0.0744162873257273
0.0825058992524176 0.359718764838944 -0.0108174416184651 -0.0607936569770996
-0.047872821528799 0.399610087738511 0.0186046716291607 0.00340795072162183
-0.281161717318428 0.304845668515082 -0.0355522240307559 0.0653607674218232
-0.425380884855354 0.0689304971349833 -0.0836897098819182 0.015147162634684
-0.411947303197408 -0.0615142816518065 -0.057404637413984 -0.0876501382407458
-0.338211642380331 -0.114501601516666 -0.0270208221593535 0.110825402179196
-0.407887004637271 -0.0583560160314047 0.00102923374073496 0.0320331749584658
-0.349046135640965 0.133652877330124 -0.0660249533849711 -0.000132526445837587
-0.222283527699274 0.303830180037611 -0.0577706100379252 0.0523278877163704
-0.062638157825617 0.359623985441318 -0.0220193515335576 0.0608909559839673
0.0925003574355144 0.33194362478486 0.0190380657971865 0.0595905865474004
0.191505781562992 0.259343849357397 0.0458331719527156 0.037426629213338
0.205069169512535 0.234383763719736 0.0521250619993621 0.0130084437024543
0.205007660804985 0.216306014803106 0.0498313252803927 0.0132811886803095
0.18812331939885 0.286323791476318 0.0319923296348121 -0.000419083372479811
0.0749520459395638 0.353635726326463 0.02394977472411 0.000741012489944575
-0.0483053742044333 0.376246522000194 0.0358587849878702 0.0201417320625487
-0.253959679983466 0.291209146587455 0.00253699155117164 0.057090518837678
-0.394868811495193 0.0845948130079213 -0.00166270567299103 0.00753988580761292
-0.404805852973502 -0.030155839898387 0.0807254381816835 -0.055632349299493
-0.306372316980732 -0.0727548914004105 0.113096874862843 0.173136863487636
-0.353249005597552 -0.0137966685676023 0.110816684103745 0.0525398748066003
-0.284870890746309 0.139793335288952 -0.0178556748166543 0.00632445999128018
-0.174979097700196 0.260451729973952 -0.0600765988795953 0.0644038544406548
-0.0483241009358998 0.308355508419529 -0.0299501737775907 0.129252130557483
0.0832655305909203 0.286539275818007 0.0511912071657421 0.157804088117422
0.167246609688654 0.229593303409257 0.113177363637751 0.132486869230155
0.174502446966034 0.210947134231924 0.129111317489667 0.0940755824461087
0.168151280822279 0.199003228463224 0.123062746889199 0.0872339445374378
0.141905140301278 0.250708103272731 0.0895337408545716 0.0698593329922451
0.0393464533373476 0.292742650143552 0.0497437044517099 0.0589207447012238
-0.0610818144383439 0.283810703478045 0.042148855038422 0.0354943924140272
-0.194240031569362 0.212920140309391 0.028247947494896 0.0432772093381433
-0.303134520131563 0.070753271309942 0.065268439423732 -0.00578843541573171
-0.333542148907407 -0.00194577689326227 0.201509483424151 -0.0298300198490031
-0.219881124247528 -0.0168985283332113 0.238429759149794 0.213732792367853
-0.225763822905568 0.0310074609049306 0.205872804474347 0.0613165634036182
-0.158739537827558 0.111822472384635 0.0358676073675637 0.0113239269789565
-0.0960872223092277 0.158241281496101 -0.0457970752330625 0.0651638970825792
-0.0286810955315329 0.197379208280625 -0.0250885912587186 0.173833703702719
0.0591496325382035 0.190119047018689 0.0825889049298727 0.226560308769327
0.114513166319636 0.162479011386005 0.167052363683893 0.204520009262202
0.116908264602953 0.156317935563053 0.187738146487208 0.160042645424004
0.107862823373831 0.154376930370423 0.17293106179578 0.149217639894385
0.0758953404287194 0.182478078088645 0.12258625002767 0.130398318513415
-0.00198923206169371 0.190633984367089 0.0555634841903053 0.107934790572033
-0.066008911181336 0.15238487652284 0.0317169539652932 0.0458809473091755
-0.109074742364728 0.106702064045315 0.0383592263510146 0.0273839295164174
-0.174354331580363 0.0490211006676862 0.108724438640001 -0.0143277620648006
-0.220159776242813 0.0261928653694017 0.28784610533146 -0.00825206758720565
-0.0904841683381455 0.0360942317666088 0.325641411793682 0.22404414624383
-0.0566856448418471 0.0507676252183874 0.268475179898716 0.0510700133232427
-0.0141465560513866 0.0465095421142987 0.0819578327143909 0.00214937829042282
-0.0200930337356262 0.0247594865949551 -0.0273355684987712 0.0481819272302231
-0.0171050012308457 0.0585511039580403 -0.0144838889095422 0.186790387994213
0.0180235899254263 0.0675321976438672 0.105193811232488 0.255602124611552
0.0402867636512525 0.0723408898434732 0.198019598354781 0.240708647169074
0.041653569578297 0.0775295169883463 0.218330343234818 0.201664247044777
0.0359659435082914 0.0842455503111916 0.193672469193056 0.19244388944176
0.0122270565138952 0.086639681904724 0.128276375650326 0.175593779540979
-0.0263026146225559 0.0689217787263583 0.0425723346175053 0.141049657460641
-0.0423768116587922 0.0203519807167478 0.0118352577924003 0.0476101794957985
-0.00653423416467413 0.018406673155579 0.0410498879723541 0.00999852734181946
-0.0342715552532406 0.0440919551881933 0.132554283730256 -0.0147016433889147
-0.0860258788791923 0.0578361908831575 0.330296661256776 0.00877763241316145
-0.050534069179695 -0.0611265719879019 -0.342589923154905 -0.0317409223972583
-0.0955430457569981 -0.048566039899828 -0.200768318389287 0.0456038633142258
-0.0835596109674616 0.0416881496962849 -0.0638927350188316 0.0143968609128145
-0.0128347721891233 0.0832778682242562 0.0177588499230823 -0.00870004983977731
0.0225466350481375 0.0513359687872456 0.00673884403140546 -0.131341420229537
0.0291044534352045 0.0343981713805606 -0.0918458312976281 -0.196632727263775
0.035764926863102 0.0117000608556114 -0.179166565035242 -0.212697861830843
0.0383077444478555 0.0118300348757499 -0.213995682656209 -0.210853686094194
0.0470070188354579 0.0138404918650016 -0.204080914317074 -0.227311977856371
0.0519110175080356 0.049171833516562 -0.140665913918188 -0.234153886391195
0.0228188845136978 0.0806442572871439 -0.0386234001309549 -0.191645356401263
-0.0243983883940736 0.107325874707324 -0.00631756081009477 -0.0578760524781541
-0.114997090471109 0.0484549442771828 -0.0898914984396429 0.00161967737260706
-0.114636795745671 -0.061546865540024 -0.220409425548687 -0.0527083144628644
-0.0643830111723211 -0.0819669267743057 -0.329912669666409 -0.204825810315799
-0.159305268714403 -0.0903919794628959 -0.319665020108156 -0.0312441749108014
-0.205793598419989 -0.0649687213868294 -0.199276035600572 0.0238880369069974
-0.173996075354253 0.0679104751522089 -0.0863592073742289 0.0154674175567583
-0.0798256035423062 0.162978466429983 0.0105381088098184 0.0119387238323022
0.00333298137047905 0.160425141612462 0.0174003830967103 -0.110634066071441
0.0630606787233946 0.141338762682477 -0.0635963291164654 -0.177821640361168
0.105850439508739 0.101550403705916 -0.14399925019466 -0.194174017510168
0.114551997932302 0.0991787947763397 -0.177218022084437 -0.189675838935925
0.122048010421742 0.0974861923224456 -0.174710381006732 -0.193341265508555
0.115121390089255 0.157362626950028 -0.133345039558296 -0.197894509137124
0.0402466128232524 0.207286252394443 -0.0475463553273529 -0.162597717904415
-0.0504512720949182 0.236560522203605 -0.00861694401404748 -0.0355857020717976
-0.211005116139537 0.152312118005505 -0.0913407941273303 0.0341376035344772
-0.270662738212358 -0.0287821641852677 -0.206580414580755 -0.0178386653605847
-0.222217981332361 -0.0963556647109758 -0.282280848774942 -0.1659355875096
-0.249789218856638 -0.116006409634454 -0.256802225587779 -0.00457569680276405
-0.304430449623215 -0.0817837279498274 -0.16862618888097 0.0118179905416876
-0.260892368280106 0.0854374808682986 -0.102717116405104 0.00905305462204266
-0.152253308980028 0.2291045513958 -0.0116793930604331 0.0274417419583529
-0.026413691937971 0.259382685686489 0.0117240298335832 -0.0704761107010974
0.0827000358434042 0.238707787668227 -0.0370557265692347 -0.124771907474891
0.158100338384776 0.180725037817737 -0.0898343077847405 -0.14190638803551
0.173501885615178 0.170769694195689 -0.114068555408749 -0.138533171404898
0.180241999889063 0.160711538292012 -0.114878277183382 -0.13534147873593
0.170140290894872 0.234045868908378 -0.0973223239377825 -0.140515527008488
0.0687396749686627 0.30351383831874 -0.0398555427477674 -0.116815112141882
-0.0492592169632248 0.341310722115801 0.000246170390338101 -0.0154961443526525
-0.263800220792679 0.249812809013976 -0.0685741549660427 0.0564069835600058
-0.378286429609302 0.0270842364832049 -0.156039786506498 0.00911993828784449
-0.342654766085792 -0.084125481499168 -0.186424697753949 -0.124043554668633
-0.311109631326167 -0.124923160748901 -0.154543749257392 0.0468662231608716
-0.379869226156507 -0.0780855019256427 -0.099089136983127 0.0156546292410715
-0.326674360769091 0.109835125072141 -0.0969518953735599 0.00247424994475503
-0.204756409443341 0.282690277824066 -0.0377052751549754 0.0399088474003326
-0.049300536131256 0.332497020268456 -0.00603360280446635 -0.0106538564272774
0.0941052878089524 0.305553879180012 -0.00979438845930857 -0.0413067648926966
0.187548065913203 0.234423371260593 -0.0240465891462512 -0.0605479983117307
0.204877577894093 0.214459527482572 -0.0338590181976901 -0.0681119581660001
0.210014927956855 0.198223674312258 -0.0350070831249133 -0.0637116533606238
0.199874366484871 0.274718934653582 -0.0384211899018742 -0.0718387743311397
0.087725232826588 0.353039802889855 -0.0130936855855674 -0.0599760748761889
-0.0405033469201427 0.392076104315994 0.0175749905785081 0.00186467520962119
-0.271278170463443 0.303570781367693 -0.0313866343808228 0.0619036503929771
-0.419176678726388 0.0728206514347509 -0.0797453216898942 0.0169864617897477
-0.403746216137218 -0.0558967868521533 -0.0580359292494575 -0.0871114492092028
-0.330703689291255 -0.111365720156541 -0.0254464152284488 0.110608918309269
-0.401885706136171 -0.0535989315412543 0.000557756320524096 0.032643732159972
-0.34067054911365 0.132561491662325 -0.0658408257526517 0.00134916574999123
-0.212393491797053 0.301228978117989 -0.055910173079506 0.0536866501014707
-0.0546411969799264 0.353497533896233 -0.0237824123977778 0.0619345097970584
0.0960803913382095 0.322363664271394 0.0202457794987864 0.0602683003621941
0.191709155118822 0.249070428563554 0.0465094858474435 0.0355675692146227
0.205766467735454 0.226034374240224 0.0499519869203844 0.0127049082713415
0.205674277197218 0.209025946447931 0.0492772565905493 0.0113828302826364
0.189200357922101 0.278095601487147 0.0298893352932224 -0.000744553004117774
0.0804096810268305 0.346638845847547 0.0219964219794078 0.000344447420842734
-0.0410506211332201 0.368081767495661 0.0338482670305506 0.0181941570717474
-0.243802581992834 0.290224531118946 0.00538810520881351 0.0537181674678494
-0.388833023709117 0.087685603914747 0.000657404098720494 0.00790945393232355
-0.394898286681312 -0.026137418988892 0.0770808494434502 -0.0573111519878714
-0.298406156594619 -0.0698274548932568 0.11280826885537 0.169871415210082
-0.347104621482825 -0.0100005414954896 0.109123380545959 0.0512748978328164
-0.27712474674179 0.13767495075124 -0.0176955269121879 0.00760406600710326
-0.168377231530567 0.257264339837378 -0.0580525285988997 0.0652519275802236
-0.0412440160985184 0.303915572426435 -0.0309497147476941 0.130020882404611
0.0863295106051853 0.278478077048509 0.0531454815133914 0.155692422999139
0.167421764556004 0.220858397312948 0.114357613641198 0.12714265204474
0.175512795191767 0.202677328043428 0.126814796406918 0.0911088902748626
0.169161830008738 0.192815092726614 0.122502508781703 0.0829478705369615
0.142835022076743 0.244217530812714 0.088298173053136 0.0667647201735439
0.0448706280184259 0.286715082825791 0.0484780777774117 0.0572299791621546
-0.055367555507929 0.278020434478125 0.0396876849971185 0.0329661666636956
-0.186925922907657 0.210376686379607 0.0300205945284719 0.0406210548356951
-0.297845875942643 0.0732333784172121 0.0654968761079429 -0.00604810859971207
-0.3254652956189 0.00109733491080768 0.195178373718937 -0.0343200118837266
-0.2130575263401 -0.0147943902584578 0.235549019599098 0.208100202038936
-0.220685301544775 0.0318101623325654 0.201965842860638 0.0580991580656453
-0.153785350009738 0.108327085109348 0.0351336929053096 0.0116297267124423
-0.0927773183010661 0.156206557306777 -0.0448785127262981 0.0659311564741599
-0.0247238254072817 0.193700359496077 -0.0248019415748671 0.173949291872004
0.0604799204804089 0.184423521109583 0.0851330512405238 0.222232958343257
0.11519205080951 0.155919825920148 0.168062462750209 0.196790622882955
0.11836442134731 0.150264839468768 0.185457497149116 0.154847308902729
0.10986145422413 0.149405886832752 0.171984256911537 0.142677909307301
0.077899134052834 0.178277757573642 0.121990321971155 0.124775635183524
0.00130630767733916 0.186322474732419 0.0555467986998372 0.105057710998007
-0.0624975140334491 0.149212948311251 0.029654216925722 0.0439996227721474
-0.105086185538641 0.10454982772546 0.0386295444028251 0.0264437127523444
-0.170556032724902 0.0499182039047233 0.10733088926715 -0.0152285650768008
-0.21319897192504 0.0275445656860989 0.279446002282988 -0.0144851528465206
-0.0865688985698553 0.0362836207138986 0.321064326552121 0.217452730379466
-0.0541820704255241 0.0489213765711443 0.263216857863168 0.0470131177511076
-0.0131336859133286 0.0434698116843131 0.0798490971813059 0.00199384468376103
-0.0206906840580242 0.0238771502127885 -0.0274232583176498 0.0491516020852733
-0.015756418023625 0.0576045479149904 -0.0130533445407244 0.185688821333986
0.0181521939239151 0.0652373973376958 0.108466218998553 0.249624858890779
0.0405746587095426 0.0698952093775391 0.198761040519303 0.231947381111019
0.0427835112682351 0.0748609006058412 0.215642868748449 0.194772064690831
0.0381914610310439 0.0818181943591432 0.191519536329369 0.185367036679908
0.0137376012504725 0.0857364236344242 0.128694239154761 0.16924622332274
-0.0249792806548707 0.0675115154766024 0.0443436601798851 0.137102281988781
-0.0421510297786774 0.0195048074524776 0.0108052707337781 0.04544947945167
-0.00592068189293092 0.0162334676474981 0.0399614858401423 0.0100172427070165
-0.0324624590107778 0.0424761447843091 0.13014367168823 -0.015685087976136
-0.0816310660599569 0.0568233136971826 0.321548207299103 0.00275191692476315
-0.0505482945031219 -0.0598974351885466 -0.339628777113387 -0.027246585637946
-0.0957446020908393 -0.0448108241592772 -0.19804954651281 0.0479293553136507
-0.0814570713856645 0.0434937755790509 -0.064804402037437 0.0152023701252986
-0.00924183069601977 0.0826277483488225 0.0188838857023337 -0.00820695632787154
0.0238870741813337 0.0503691412855447 0.00520782110623762 -0.129991417198242
0.0301843521793393 0.0336113861213672 -0.0936085339441843 -0.192367464211436
0.0348422027042918 0.0104960940531875 -0.180558746360254 -0.206379421668487
0.0375344944269491 0.0110584385384698 -0.214307301317436 -0.20624267814177
0.0459480489895222 0.0133111376555694 -0.205880381669624 -0.223976366900761
0.0522130597792165 0.0475215325909644 -0.144781446734414 -0.229881585097577
0.0249447695935174 0.0808856048504729 -0.042210121678356 -0.191209848671478
-0.0215096761547151 0.107866266063116 -0.00572165620312963 -0.0588824139244328
-0.113687685998201 0.0514669312103608 -0.0872163673071134 0.000313017725935703
-0.116215664445044 -0.0596359060635564 -0.217794340515391 -0.0500455056594605
-0.0659428180772293 -0.0799891186736756 -0.328212324227728 -0.199119953221134
-0.157441031204463 -0.0886299327646473 -0.317439795432633 -0.0268657764781815
-0.205582932084822 -0.0613082084445957 -0.198047900917989 0.0272309161858786
-0.170590939512995 0.0692388962801683 -0.0876239897716092 0.0167627833779994
-0.074890120157758 0.161624915989802 0.011005701312558 0.0128746683176475
0.00660610936288221 0.158187106918564 0.0160694140194345 -0.109007596816891
0.0649287778291929 0.138579047686986 -0.0659892689856863 -0.173804704413271
0.106282177910038 0.098056140263432 -0.144890860835087 -0.189656906631284
0.114826022908369 0.0962475958168192 -0.178365044839778 -0.185261092086023
0.121506300573155 0.0950440714918124 -0.17618554202191 -0.1897842799203
0.117367952635041 0.153228254523748 -0.136779808953375 -0.194557892938098
0.04445928525101 0.206432952046856 -0.0507959980483979 -0.161959296102887
-0.0452924417935231 0.235804054613792 -0.00844552033809583 -0.0371277740405068
-0.207625812594473 0.154829111485416 -0.0881551849157529 0.0323113478276813
-0.270321220807336 -0.0242673884748833 -0.203835763380978 -0.0156915793269559
-0.222236951827684 -0.0928963832890376 -0.281484299179449 -0.161297402529895
-0.246886908753546 -0.113746840576395 -0.253997492982339 -0.000631578737559667
-0.304767445346037 -0.0760499863001487 -0.167548769740274 0.014209720240799
-0.256378152188199 0.0867765048860961 -0.103325746855417 0.0102333729327259
-0.146553091398342 0.228111776794922 -0.0101961354130259 0.0288614775305355
-0.0214813679681448 0.257337633481668 0.00881859953033301 -0.0680446422074639
0.0862471848985521 0.233930406930948 -0.0380065134490002 -0.12116490929437
0.158388768100911 0.175919134088085 -0.0901806112056954 -0.138409833614003
0.174597260003986 0.165614760362244 -0.11499200301099 -0.135861265498664
0.180794202896076 0.156728189380262 -0.115702625520167 -0.133422405801613
0.172448463095756 0.229122411970934 -0.100933114421436 -0.137268874783246
0.0741810754044802 0.301278358453546 -0.0422607465385069 -0.115721170249927
-0.0433097276874497 0.338989516044961 -0.000199637221553517 -0.0170469890212298
-0.258575973525267 0.251696492515016 -0.0647364325228681 0.053794063424562
-0.377416576373009 0.0292297940300112 -0.152499303853496 0.0108542233106381
-0.341551094630978 -0.0796109237028551 -0.185845065435689 -0.121941903457914
-0.306878738329033 -0.123688212183345 -0.152595604592544 0.0493464335976391
-0.379095784481785 -0.0742528189792685 -0.0989480482844858 0.01780019977554
-0.323083628076972 0.10989885590865 -0.0971443538472456 0.00353081426320663
-0.198075429492519 0.281531676567384 -0.0359494535752364 0.0411785371072952
-0.0428194931413827 0.330828250087267 -0.00851803501715256 -0.00824874677050438
0.0981539294923779 0.300635969190632 -0.010133200921185 -0.0387469654600169
0.188976282445717 0.228290044964435 -0.0237783985229423 -0.0595703465887674
0.20704029604326 0.208922522355766 -0.0358329271794602 -0.0663181379224403
0.210861903078365 0.194139620984839 -0.0358648328343964 -0.0641442815793711
0.202427844840718 0.269333121743169 -0.0412550960673211 -0.0697338346468415
0.0944515047796363 0.350686105600107 -0.0157198814951216 -0.0592950810764644
-0.0335134649424547 0.388954318679598 0.0165530164919039 0.000375089649609656
-0.266142180997495 0.304557444916565 -0.0274993380765118 0.0590992448414477
-0.417302367491837 0.0776429300663139 -0.0763386667602121 0.0179968491666323
-0.400170813711617 -0.0515524563994627 -0.059309479883814 -0.0870289922964367
-0.326356311625998 -0.107953699882914 -0.0237770449357475 0.111665784543354
-0.401183613207045 -0.0492500049851624 0.000411915939522101 0.0341385741582687
-0.335933574589687 0.132207219913817 -0.0663037746012822 0.0024883486678234
-0.206773543033969 0.299253474247171 -0.0545597022648152 0.0544447470614473
-0.0468136582027485 0.351371965078254 -0.0254156032357195 0.0648317104783177
0.10057193728367 0.317582978902278 0.0210949436536165 0.0612710340464927
0.193943925945704 0.243021119444571 0.0477872909454352 0.0336247437044908
0.208324910890711 0.219599027629975 0.048658932260913 0.012724478272888
0.207389997546185 0.204617245160278 0.0486015600547607 0.00970571171822904
0.192802095514165 0.272871123044987 0.0280927748046172 0.000446128096213197
0.0866502899905993 0.343956625929833 0.0203726684484514 0.000315931284363257
-0.0352230846717468 0.36652741828086 0.0321078009480598 0.016911753301517
-0.238291600513607 0.289852829267385 0.00814002585863669 0.0511897828389982
-0.386338680292099 0.0915379036086538 0.00306506729400179 0.00835225163158112
-0.390122963809779 -0.0222070851488032 0.0739487416571951 -0.0596598183954047
-0.294266918007626 -0.0683107440919358 0.113241344048719 0.168977841424459
-0.34529148435441 -0.00639219872342276 0.108534451902991 0.0502865409241517
-0.273498706187185 0.136520566371827 -0.0187605214260024 0.00788438578812458
-0.164066786583037 0.256165384627307 -0.0576535260817015 0.0663499912734357
-0.037026726253015 0.301601541776442 -0.0316421073204252 0.132691762708039
0.0889595409913885 0.274255323340057 0.0559745534453975 0.155066020970006
0.168634196641441 0.215652015328191 0.115689002577201 0.123158520267768
0.177940012694985 0.197643038359289 0.12572219647676 0.0894625471567371
0.172038878471244 0.187984016861619 0.1222053454324 0.0793537674980792
0.146495305396356 0.23996523412756 0.0871316249095824 0.0656604675094793
0.0495251323659489 0.283931220246782 0.0484682228338822 0.0563894414245092
-0.0505592638795407 0.275462115783757 0.0376308377032839 0.0319802271915689
-0.181851802366858 0.210116839977442 0.0317637166768017 0.0392099257654148
-0.295616349369354 0.0762060462161166 0.0670957812728975 -0.00643979689766244
-0.320184831125225 0.00336198006846038 0.190842066234514 -0.0373871181058055
-0.209568258505228 -0.0136700160335589 0.235305615066307 0.20587324722095
-0.218871708115158 0.0318442851591569 0.200494776088265 0.056419655676056
-0.150974605916426 0.106104344629524 0.0349118134871194 0.0115481808717935
-0.0908603481380936 0.155220467410522 -0.0444558312718515 0.0668035021976919
-0.0216273608350473 0.193002048372966 -0.024658057666854 0.176029191474706
0.062417207871152 0.180956826707152 0.0887046534714538 0.220579362749725
0.116252096405078 0.152568968369587 0.170127085174004 0.191252924497945
0.1205981707183 0.146264380662338 0.1848945146709 0.151800669396102
0.112275004209786 0.146076710773095 0.171760668935971 0.137773325475332
0.0804077548835841 0.175730118986064 0.121934960056476 0.121910524817246
0.00430038776449363 0.184433182727108 0.0566712181895937 0.103229982128136
-0.0601352162219191 0.147675180176143 0.0283210002409546 0.0427497377203669
-0.101912629131105 0.103502211070708 0.0392153577119327 0.0258543946228222
-0.168411839117947 0.0508004781307836 0.107378523757467 -0.0161024783347401
-0.208900822707385 0.0281752152502901 0.274124371524586 -0.0192464373493308
-0.0838514333594237 0.0360201985691311 0.32075328045837 0.21250677607548
-0.0527699114306574 0.0472342238228256 0.260902325935114 0.0441039905643833
-0.0118443244131984 0.0410394430123117 0.0792249481041198 0.00155714844425567
-0.021362197735531 0.0231958844945827 -0.0277801702723672 0.0503952752292726
-0.015491886415211 0.0573837347637122 -0.0112497332926422 0.186942132689502
0.0182226163917131 0.0634696569813845 0.11109449805682 0.247561136898423
0.0409782192821769 0.0679748343837693 0.201010534770863 0.226097415349919
0.0441701585899571 0.0731146191198227 0.215199653797374 0.190885224933176
0.0398112398464507 0.0799056853616454 0.19236830222571 0.18024783823008
0.015136291081728 0.0848451449415495 0.130186357991564 0.16388839231133
-0.0243643363368722 0.0665272414451586 0.04611591462345 0.134574042207522
-0.0431310621862292 0.0191818121637129 0.00963938250001045 0.0446137583246409
-0.00496725677204899 0.014002045443466 0.0396759741075349 0.010255619190938
-0.0311108428897567 0.041841919338929 0.129031812772383 -0.0165289818697472
-0.078592524747922 0.0553151730339213 0.315267763282716 -0.00200799378128384
-0.032973478865933 -0.0704794676055762 -0.327112431869925 -0.0916810679396239
-0.0828004968853886 -0.0609321266520071 -0.199906856528133 0.00721737825691714
-0.0849038814573159 0.0266620018190006 -0.0677409572912008 -4.66063885072961E-05
-0.0222036010813644 0.0766016891865835 0.0181819458907494 -0.00423241097924044
0.0151566621701459 0.0540224242397619 0.0291377150614252 -0.125806325002844
0.0242974590964724 0.0401579007740486 -0.054888860993742 -0.205190671368607
0.0312543774695008 0.0185641314231363 -0.134714780385015 -0.237921897132863
0.0341173855116564 0.0187832265950924 -0.165891525172436 -0.243578805657375
0.0412640030452132 0.0230381111064635 -0.155735119705639 -0.258862746277727
0.041083674811225 0.056491868199006 -0.0936835738409854 -0.251069610292996
0.00796412297652761 0.0843130028108429 -0.00304514684359579 -0.19291330098322
-0.0438808813843094 0.0993889382059292 0.00751512617554173 -0.0570982271654641
-0.123842097615583 0.0261752384828357 -0.087300967209555 -0.0179284880785154
-0.103219121464018 -0.081314636071769 -0.206203099166007 -0.0974301868965608
-0.0480407658464367 -0.091102594101192 -0.285606956764824 -0.272087578987485
-0.129111992914367 -0.119558173531302 -0.306437963968084 -0.0878714384489514
-0.184366200610125 -0.0972200774639062 -0.195116154192728 -0.0169678792651388
-0.174816277479594 0.0329019476024714 -0.090407758967273 -0.00668679866970635
-0.0986839663971029 0.137857938538734 0.00606168518591766 0.0141529323372336
-0.022807625854526 0.154412267007918 0.0351823641508801 -0.105430278052204
0.0373138401944968 0.147308353683036 -0.034142372638091 -0.18287841433203
0.0834506130171001 0.115258212824601 -0.103377803832714 -0.213732326141666
0.0942008146856009 0.118285756467883 -0.135453375708499 -0.216023986656181
0.0980077406870137 0.118514972009973 -0.133676328881007 -0.220007647409806
0.0823952699809688 0.171787635552744 -0.0935877475556974 -0.212362610315198
0.00034247512357312 0.210309925595436 -0.0169532906677675 -0.161858943337807
-0.0943297717412083 0.216803734203213 -0.000483630330458579 -0.0319288608140091
-0.238822100859649 0.105812563083876 -0.0970974999736178 0.0168284023751411
-0.261442349958332 -0.0806914972137009 -0.20047722590154 -0.0620347442976618
-0.196730138744691 -0.137610296290136 -0.247789439562182 -0.2258785956442
-0.208744931385313 -0.161895160250174 -0.250810112819877 -0.0510657186407757
-0.276361778231164 -0.129807002353877 -0.161490225334759 -0.0268015149974151
-0.26058493794407 0.0320139080953085 -0.105101684550433 -0.0177710903049887
-0.179318797831708 0.187357447318877 -0.0196890324040902 0.0236424179675981
-0.0682275040113139 0.2425960750661 0.0203811247350807 -0.0678524136201278
0.0386324078125181 0.242709869287163 -0.018974476511069 -0.126967561523426
0.119596428472759 0.199846206705006 -0.0607329289135786 -0.152816820568845
0.139051770378213 0.197528671064445 -0.0842116040150887 -0.155261792069724
0.14267027350609 0.190335921771003 -0.0864532115148714 -0.152025601899297
0.121031986231465 0.256202114825175 -0.0696611889831099 -0.148177646441359
0.00943954540734551 0.309431010092755 -0.0168709713573059 -0.111471648527282
-0.114836001340796 0.315818905347028 0.00299402144388195 -0.0077101633593525
-0.310480612377875 0.188897780440669 -0.0797572494875623 0.0458862338259494
-0.37654604717015 -0.0507512675314989 -0.156281335837023 -0.025217956526555
-0.315026352518606 -0.151336026414385 -0.161274343760777 -0.163887240147644
-0.265316384576576 -0.182772924548308 -0.162406861128619 0.0170251998003719
-0.349361505650006 -0.142346726359428 -0.0948723501582709 -0.0130565341196429
-0.329217838528278 0.0409620246026904 -0.0976941818292428 -0.0253004348605191
-0.239378153955016 0.227979000301734 -0.0484116615029192 0.0302745398947634
-0.102745370741066 0.308173051892232 -0.00851427879847182 -0.0129648107604749
0.0365854082416635 0.30874781358198 -0.00898451356373337 -0.0409943710038208
0.140028631482792 0.255636020804092 -0.0120908939016758 -0.0614744689140407
0.162962487104592 0.246069155098303 -0.0211273801927719 -0.072319104308685
0.164631223223575 0.232142345143736 -0.0231104817622263 -0.0684700255049788
0.141583041510973 0.301224512399254 -0.0262695539516867 -0.069534393335598
0.0193390118230782 0.36147385143021 -0.00209764736773198 -0.0491195530938292
-0.115040238926417 0.364795417206549 0.0145042784251432 0.0154280693287122
-0.330733463433025 0.238534261898806 -0.0448874732060838 0.0603604445815477
-0.424732484160903 -0.0144246604752696 -0.0833383495291608 -0.00208861154818211
-0.37814725462123 -0.136486163771747 -0.0429087272439948 -0.100732357704177
-0.289285473852902 -0.170948218522177 -0.0488122930431219 0.103043695723197
-0.3755077244081 -0.121316498553622 -0.00127007214727775 0.0202121283487391
-0.346733415864072 0.0595977059877111 -0.067797398857491 -0.0212508497587662
-0.250745779071973 0.242740015241367 -0.0695854219171922 0.0391860662779491
-0.11300286967474 0.326479711456557 -0.0392472396718202 0.0550710037098313
0.0356496659242666 0.324679154877776 0.00211573586488977 0.0632476143018995
0.140891531464876 0.270702755546627 0.0393402800193712 0.0448776345179936
0.161699663590167 0.255834470679395 0.0435757931129552 0.0225374589480669
0.159438517682942 0.240450182262233 0.0440118720146174 0.0203954638058937
0.132033673229712 0.301820520998634 0.0266784448365353 0.0119570358343222
0.0146812127312856 0.352485045322596 0.0209786494417336 0.0166467288438283
-0.111731207853927 0.3417325038125 0.0265722263658367 0.0340375123893832
-0.298285372812817 0.228797234211378 -0.00710996986276065 0.0602543028178177
-0.396185673025472 0.0067994064015235 -0.00209193170193587 0.00496427957631956
-0.375198240692516 -0.107395095983413 0.0844021095440735 -0.0437230542390164
-0.266852159001128 -0.125093372308505 0.0745457851988057 0.186148865403461
-0.331570043793721 -0.0690883401783335 0.0993059490413988 0.0577288911773375
-0.288118513720721 0.0761205342882755 -0.0232623231792682 -0.00518220428574897
-0.204012703897432 0.208884231494679 -0.0740419046989394 0.0513094949482483
-0.0940829976187266 0.280256048175213 -0.0578277752488098 0.121600894427607
0.032230299037225 0.279738569167611 0.0185020040715191 0.162029079213315
0.123235013466436 0.239336719030971 0.0880928703931738 0.146086800519974
0.136887030581562 0.228170448700138 0.103034023776805 0.112674179514633
0.1282456928468 0.217758564907182 0.101485808335393 0.102316434228345
0.0939658727867586 0.261700607841257 0.0707455696626673 0.0852706801449463
-0.0093711178329749 0.285412677286613 0.0359440223104462 0.0737380435462748
-0.107609920649025 0.250976012573046 0.02836044795901 0.0476520874156572
-0.224443135462614 0.162923322820001 0.019400854044409 0.0509392049403347
-0.304286425171213 0.00948766376613381 0.0647762084687549 0.00480324579009786
-0.311151844875945 -0.0666490492986312 0.196578610339408 0.0037781092207383
-0.199278361655265 -0.05539373184433 0.188070975214588 0.246237780037816
-0.217802518373184 -0.00856226280401124 0.185070854195496 0.0845808328747033
-0.165308407791422 0.0714659517536739 0.0274956851186953 0.013061241942068
-0.116055272651168 0.127194258521019 -0.0600328276446138 0.0557330579327884
-0.0590882079908032 0.17850632935258 -0.0589699467394201 0.16632148696646
0.0234864871209666 0.184074367384077 0.0402872597095209 0.233394753857652
0.0841376107037094 0.167326784531702 0.127685727627715 0.223172825231011
0.090049835556655 0.165954176461654 0.147104887912197 0.185055880929228
0.0794138604447479 0.164142502940724 0.138205079921852 0.168981774512516
0.0431545631504852 0.185806917537863 0.092174090533191 0.145007003589958
-0.0336601010530594 0.179278200995755 0.0336917727868213 0.117521854596971
-0.0901278126680431 0.126671416896459 0.0154937379163642 0.0521609508408349
-0.121777312370583 0.0766874306730609 0.0312753547146269 0.0365035679194714
-0.173972272071494 0.0118220128944967 0.108050997438386 0.00439916396413956
-0.208136746575784 -0.0188759688270899 0.276233424517838 0.0412072767776533
-0.0905251103977341 0.0188378206858537 0.270224436826954 0.270418318032434
-0.0618515933346203 0.0370247026403174 0.244187900806905 0.0898078710409819
-0.0197448971300359 0.0359427330424322 0.0749982245291217 0.0169423885512336
-0.0261467567648154 0.0170267425928499 -0.0382401181864133 0.0446135751736973
-0.0268560731629012 0.0490807866752971 -0.0475258764147549 0.182004269037322
0.00369901305891459 0.0623587274150642 0.0597276525820017 0.263854047494941
0.0280582662191401 0.0721045203153429 0.151396775942877 0.263619760572873
0.0299979594555727 0.0794504698030314 0.168850879603435 0.229051582958506
0.0225620789245897 0.0850008957365463 0.149311721463567 0.213528851114986
-0.00152602927675397 0.0849443235773594 0.0906972720873885 0.184566045278563
-0.0381981350308137 0.0586637530170224 0.0169880985086986 0.14132143255197
-0.0460680959423079 0.00778549254599991 -0.00295849059381889 0.046490370598224
-0.00709517522832407 0.0102725178543681 0.0365263420104053 0.0195230409432058
-0.0376767428649044 0.031864864356286 0.1307965664418 0.0100891556036247
-0.0874020515381928 0.0358909474353622 0.315305116893134 0.0677005791744732
-0.033451297284984 -0.0692536975865528 -0.324133598999305 -0.0850247170341996
-0.0832653027658894 -0.0574799564900457 -0.196989933573551 0.0105367201098163
-0.0823538194085041 0.0289128149254428 -0.0682376255026502 0.00156695539141332
-0.0184616463494568 0.0759633180198065 0.0186833370626256 -0.00300424279925181
0.0172808459477737 0.0525640486108911 0.0265617203971685 -0.124727350592995
0.0257802952173588 0.0390052774758546 -0.0584477852011916 -0.200534874735803
0.0309313516429417 0.0176172384486512 -0.137878461055031 -0.231333888447915
0.0337531317235108 0.0185430469357311 -0.167426430955096 -0.239007315395979
0.0402272949790611 0.0223399799053581 -0.159167488061059 -0.253904633758679
0.0416634326620195 0.0544672881772062 -0.0988681126715397 -0.245802109960914
0.0107680888841111 0.0840540283048062 -0.00749457924276011 -0.192338416970886
-0.0403765950044461 0.099672559952178 0.00800404372245061 -0.0581280676299504
-0.12230110923739 0.0293520886338318 -0.0853417181917528 -0.0189309406495131
-0.104760161955871 -0.0778005888861998 -0.203933875600669 -0.0933201554352164
-0.0498180080168107 -0.087654990133193 -0.285616997945694 -0.264340825731188
-0.127939520190435 -0.116569824990972 -0.303565898083455 -0.0814404285333296
-0.184166666145539 -0.0913857390356786 -0.192758138643956 -0.0128309483040103
-0.170606627059038 0.0355017010397871 -0.0917327991699858 -0.00444042295686745
-0.0932463158051735 0.137825849928002 0.00649002699741345 0.0147224914965889
-0.0181452342181076 0.151853914635798 0.0311922780655901 -0.10333339445124
0.040706618934051 0.144255345040998 -0.0373362458650078 -0.178363808479362
0.0846049155111672 0.112116394176272 -0.106453220781098 -0.208482540896978
0.0948791617907278 0.11411260452012 -0.137299293775876 -0.2112405294299
0.0987999362611996 0.115289843618064 -0.137596902577576 -0.215673603904816
0.0841049994836183 0.167529907877044 -0.0985772369697495 -0.207634318265087
0.0053256959201716 0.209166932965776 -0.021025012100001 -0.160779548555121
-0.0879661082549989 0.21591220726374 -0.000462048066438832 -0.033066737966963
-0.234604870234833 0.109660747809472 -0.0940215941750263 0.0151773658967501
-0.261420821216058 -0.0753371995801837 -0.197560230610082 -0.0577380092120947
-0.196646827459596 -0.131452696437105 -0.247442628867455 -0.219194525083451
-0.206149214160753 -0.157759769691625 -0.247769194465779 -0.0452973859975198
-0.275654376764553 -0.123364201147802 -0.160036351740191 -0.022744874725435
-0.255965533029906 0.0345131204812981 -0.105798484190766 -0.0160068558566313
-0.172122881208877 0.187637223539086 -0.018675782031956 0.0251918074108653
-0.0618830271385473 0.240530690976272 0.0171512026865945 -0.0650472197062247
0.0439301476335966 0.238512822009659 -0.0211297053986486 -0.123203832834783
0.122172220894915 0.19423718667908 -0.0632272631907711 -0.149650824301846
0.141387179145939 0.191780259568357 -0.0863205338868881 -0.151592961848895
0.144184586264464 0.185290111291955 -0.0888912645313373 -0.149733074231878
0.124327677241009 0.250872075134907 -0.0742145576490207 -0.144095278141775
0.0169908866887655 0.307124034924698 -0.0202576706906104 -0.110594030932548
-0.106498604092155 0.313698194648528 0.00284694276107157 -0.00858858626050274
-0.303846602138072 0.192848150658322 -0.0766928463296217 0.0438324682410734
-0.374728292483358 -0.0442602294283036 -0.153220362706893 -0.0228789048767792
-0.312426414722915 -0.143883177414315 -0.16313835983704 -0.16021422823515
-0.262131401668358 -0.178740846455224 -0.159668861088657 0.0207977451508563
-0.347868327680513 -0.134073087396189 -0.0946102421505461 -0.0101103255586073
-0.323927062195682 0.0436581953296418 -0.0992559627702361 -0.0241413582147972
-0.231240239275001 0.227230239688103 -0.0467851503577108 0.0319050965102562
-0.09582493545676 0.306091578186047 -0.0113616502802237 -0.0103814339454154
0.0420811597378711 0.303391624867651 -0.00930670898356136 -0.0377510261343972
0.142069333956425 0.248630397044713 -0.0125995405532468 -0.0610354016904442
0.166313474910636 0.239425993891067 -0.0231923553008268 -0.0699188666278346
0.167642365556871 0.22611216838034 -0.0251453922885391 -0.0679512674119895
0.146765604124842 0.295040919961435 -0.0290387503308464 -0.0666663804813332
0.0265815053830856 0.358924853044028 -0.00397132416598965 -0.0480087072625986
-0.106465124721392 0.362673014948777 0.0140337986017016 0.0138144755166094
-0.322112316978917 0.24241861418602 -0.0418822204228896 0.0576365287033687
-0.421415216470141 -0.00694443722633548 -0.0811089779789521 -0.00109961189378406
-0.37331081129669 -0.130548042137241 -0.0457234680251685 -0.0996533071717996
-0.284588325419799 -0.167330787427349 -0.0464432279389877 0.104671400129939
-0.373848873966555 -0.114729851382604 -0.00153136761288165 0.0215006712174584
-0.342853957755255 0.0616231408686928 -0.0696990550029337 -0.020240728891728
-0.243435852128787 0.242222650435121 -0.0686957206066505 0.0411945258195224
-0.104936401850437 0.325576555267112 -0.0405406054175911 0.0590223922303277
0.0393259931409818 0.319225871178523 0.00347107879312668 0.0642742019795213
0.144377691061895 0.263090394707064 0.0405307513899125 0.0420036445890966
0.165343583118315 0.249183587750412 0.0428632441553784 0.0224881473735174
0.162465246562898 0.234989547287476 0.0434350118819034 0.018323718686112
0.136450447850157 0.295469846036234 0.0250917780772718 0.0124371680245843
0.0213260218447845 0.350169693928396 0.0198543907660518 0.0158043868701752
-0.103798007703888 0.33956294409026 0.0255558613984542 0.0327961639284855
-0.289197106357445 0.231850577265614 -0.0045149293651652 0.0578716835850815
-0.393587504555222 0.0123465576090484 -0.000198650837348341 0.00542109167191874
-0.370514805223358 -0.100802805237059 0.0808671293148605 -0.0455238862473215
-0.26372994191255 -0.121301350254006 0.0762152102367062 0.185144706237798
-0.330318155606847 -0.0643196402789575 0.0982364009528778 0.0571558379600799
-0.284086442812584 0.0773987138039717 -0.0244449209712932 -0.0049095326705969
-0.198033739049382 0.208487923174383 -0.0730671304610259 0.052925524837385
-0.087852154799821 0.278103822032664 -0.0577965510533109 0.124501972512255
0.0365703934444489 0.275321336333038 0.021767073450552 0.161332119572108
0.125311486124631 0.232609645444231 0.0902275581989055 0.140741561117901
0.13989909851126 0.221336912987458 0.103414939708923 0.110560063009339
0.131995265388975 0.211787666622813 0.101264823591364 0.0988912252000298
0.0985003971492295 0.256233731269027 0.0698106847846523 0.0835356871966918
-0.00317573235945954 0.282742373303545 0.0365076714816506 0.0726897245062002
-0.101751346341518 0.249309364025318 0.0267578227000073 0.0463820428322411
-0.21754769936734 0.163532176121908 0.0209957306541009 0.048905919547291
-0.300905324379133 0.0145040024385992 0.0650190987236674 0.00421919185221919
-0.306511479931857 -0.0622938058246159 0.191958146816115 -0.000591770591600805
-0.194942822186025 -0.0526961486326497 0.188466492582077 0.24233538751431
-0.216743264316843 -0.00579221537675568 0.183875933937602 0.0816257065979913
-0.162275334769985 0.0704927497421835 0.0265129738924309 0.0123929252986453
-0.113594285439046 0.126908482929018 -0.058997164302094 0.0565992798056241
-0.0552389369910028 0.177468982327131 -0.0574994260984099 0.168726585369733
0.0261011029224785 0.180966594299476 0.0445283937026425 0.23079397961007
0.0857706341936701 0.162959130979153 0.131129567476948 0.216206438649947
0.0930161190621397 0.161577550957234 0.148455837781588 0.181124764965991
0.0818833687808023 0.159460269909821 0.139066940553422 0.164072024742645
0.0469653771726496 0.182088797168057 0.0931860015458066 0.140901914532934
-0.0292610962952544 0.178018026936536 0.0359897680910723 0.115001278323961
-0.0868433709209744 0.125916479662511 0.0146956071627633 0.0509813645622334
-0.118293365962733 0.0758678138785315 0.0323571260473915 0.0359256220377757
-0.171808088601602 0.013690510059215 0.10717159952475 0.00372547326906992
-0.203794003431595 -0.0162284365721386 0.271142700926865 0.0345446570150891
-0.0872246468607606 0.0200784700140482 0.271505973268103 0.263437574980741
-0.0609370304852147 0.0367016341858048 0.242351373098655 0.0851018585595843
-0.0193331588835793 0.0337104042529113 0.0732363720499115 0.0155370000195106
-0.0270579431168814 0.0162109141097971 -0.0385638933926953 0.0454785016930232
-0.0266204565462361 0.0499071657146986 -0.0445659994955442 0.182535929768239
0.00328672255796347 0.0613198541396972 0.064970645970518 0.260965257212288
0.0286081878975455 0.0702857681089603 0.155057309243692 0.255574497140772
0.0320155281740252 0.0770721212159779 0.169986766131017 0.224486666238498
0.0254160607265571 0.0826326664944407 0.150459625316793 0.207111463511306
0.000698689857166365 0.0837804131745769 0.0931426025615159 0.17910237728071
-0.0373045750289029 0.0584744814287901 0.0198807010192249 0.138577845571442
-0.0466503442941572 0.00816765886190251 -0.00315980699011399 0.0453702047793007
-0.0060122749459294 0.00816104559695016 0.0369411995363108 0.0188653481566394
-0.0355000421168845 0.0314480374796157 0.129156773702673 0.00804790135896347
-0.0852139918903776 0.0349146125624022 0.309387471681164 0.059958960371382
-0.0344471245068001 -0.0680345794864181 -0.319081431488767 -0.0818891298150376
-0.0827322701026024 -0.0545312699810997 -0.194335555552768 0.0124681109043982
-0.0787320388066786 0.029688127923374 -0.0689466087816096 0.00310468840202762
-0.0155650653601352 0.0750263816111068 0.0195942951689873 -0.00193275313331007
0.0184036438123074 0.0512639109661582 0.0251124043123425 -0.122884283587084
0.0270026514997343 0.0381919714053969 -0.0600210922747139 -0.196199608014049
0.0306106321032737 0.0172420708406453 -0.138661926921153 -0.226197166713392
0.0323841518435353 0.017997409885444 -0.168027308454765 -0.235452616946241
0.039847534778601 0.0216362819271703 -0.160590870552926 -0.249862849052089
0.0416480590857179 0.0525115562661065 -0.100865189806446 -0.241533345561078
0.0125706980584187 0.0841213627503969 -0.0104546632002378 -0.191334121030867
-0.0376606283893808 0.0993997775068933 0.00847520824829088 -0.0594086266250887
-0.121084807363098 0.0315482131516184 -0.0833106215621899 -0.0206203685621263
-0.105702152515394 -0.0752702222708452 -0.200742059459113 -0.0919417340591605
-0.0498496644814022 -0.0846010241110472 -0.283350390711089 -0.259411432700108
-0.12648594877335 -0.115161602725642 -0.298820860454497 -0.0777507464628122
-0.18314619971242 -0.0878254876023799 -0.190308989428847 -0.0102179961681694
-0.166183938242112 0.0362362566482685 -0.0929496851829439 -0.00306775532488311
-0.088865668897792 0.136008144127564 0.00754620253267203 0.0161193281889731
-0.0151400227719575 0.14929785939878 0.0297898667748876 -0.100392565799816
0.0432189557406271 0.141420087571314 -0.0385107259617166 -0.174448981848848
0.0844873672638058 0.109162853685357 -0.107325959501343 -0.20424083346498
0.0950429844137532 0.112083880701681 -0.138093887338808 -0.207627389159697
0.0980520534439756 0.1127370876744 -0.138470271310388 -0.212454431236886
0.0854912926185615 0.164193114641859 -0.0998519722139934 -0.203322795303802
0.0089195793743401 0.207727586990352 -0.0233258672449847 -0.159238636798874
-0.0838485071446204 0.214461444005507 -0.000436747587466587 -0.0342871338042706
-0.23086023134132 0.110912892827921 -0.0911324730063461 0.0135521038145389
-0.260439120204726 -0.0721101176389605 -0.19359434022898 -0.0572685171983926
-0.194511604926984 -0.127903214276166 -0.246640212516392 -0.215089072269856
-0.20315288179369 -0.156562418853748 -0.244110838604848 -0.0426596585928935
-0.274271373049237 -0.119130933622412 -0.158120921434214 -0.019763388040645
-0.251119426963775 0.0346243463059068 -0.107587522477944 -0.0146761111776667
-0.16696829651467 0.185626920336852 -0.0173213326538044 0.0270115560407891
-0.0574270123676628 0.237667704867973 0.0150571759803457 -0.0619611513712345
0.0463295627312279 0.234777164205081 -0.0214459388087302 -0.119613338242195
0.121795567472006 0.189627164497952 -0.06341585212636 -0.147349456185924
0.141831763178889 0.187992878337963 -0.0870177029680357 -0.14960614405199
0.143636831308495 0.181997245384047 -0.0906708597690831 -0.147684609902597
0.125357186370225 0.245499871766936 -0.0762738840756402 -0.140076462238464
0.02044565213047 0.304879800659237 -0.022650752420164 -0.109619406579351
-0.102162299187475 0.311712763765069 0.00283634735968719 -0.00956959851687499
-0.298088119025593 0.192799711993594 -0.0734201374968038 0.0415472750167669
-0.373096050626248 -0.0396866535106159 -0.149875890933371 -0.0213340050241234
-0.30787971084099 -0.14030846839385 -0.162762683340083 -0.158298222589913
-0.257827532871534 -0.176881314877625 -0.156687617494103 0.0227602630574785
-0.346464485201718 -0.130217878103765 -0.0933813033761879 -0.00783942960759307
-0.318217555625075 0.0435842336263672 -0.101063370924734 -0.0223530986061217
-0.225681439838005 0.22554754989914 -0.0461359759834573 0.0339619295488963
-0.0913546921811786 0.302466877071369 -0.0129745829865255 -0.00629143804144848
0.0453586136734092 0.299202039350313 -0.00920642546983707 -0.0357092951872378
0.142258797749979 0.243912984621407 -0.012655132313514 -0.0616789289659681
0.166619977084994 0.233645094439712 -0.0240187507932466 -0.0685866669694987
0.167029726716303 0.222480155227972 -0.0261936994366175 -0.067658158978833
0.147269438970094 0.289520706015394 -0.0306645678522449 -0.064326090369145
0.031173884248259 0.354578888510001 -0.00580078420621527 -0.0478037224370967
-0.102157945557752 0.360133611945097 0.0133003425878331 0.012746988906602
-0.316130943185916 0.240990665499782 -0.0392989100578868 0.0556049911489686
-0.418308560210326 -0.0048683069183536 -0.0779155242643253 0.000673024061467291
-0.36847324555304 -0.127229845748078 -0.0473029798916297 -0.0994632252221925
-0.279652450192386 -0.166009501823273 -0.0449942045513025 0.105352863290673
-0.372118554913411 -0.110546418545747 -0.00121826424777927 0.022535427974388
-0.336978517925363 0.061678292773091 -0.0717358971759603 -0.0190161306775664
-0.238574243543668 0.241382938805673 -0.0674763302947308 0.042963370841378
-0.100692352875864 0.322205526349836 -0.0415620623894833 0.0620522049876086
0.0428501361811608 0.315102702411332 0.00474639328047621 0.0652545129741486
0.143714845462229 0.258479881410254 0.0401485159567755 0.0389112937036874
0.166739743769817 0.243652437993114 0.0423212959421473 0.0224456290958139
0.162903891730878 0.230768453369582 0.0421491987222659 0.0170758690175009
0.139129673855586 0.290966779152903 0.0234658989607144 0.012947016678604
0.0264936091455418 0.346079400213976 0.0186572695450268 0.0155179130234859
-0.0987041393829649 0.336529130792586 0.0243928215632342 0.0319767226871429
-0.284232827966397 0.230507599005095 -0.00224161933832944 0.055329232435849
-0.390296167765958 0.0156728528168639 0.00131046062265569 0.00659212950839626
-0.363292844514171 -0.0980627496523665 0.0774893762316787 -0.0466830366984282
-0.258156411906223 -0.121090134172129 0.0770852037257246 0.184398483126945
-0.328257859040546 -0.0611281103758705 0.0976051317298551 0.0571261196328476
-0.279830029165014 0.0765574609447497 -0.0267379282790375 -0.00490075392667969
-0.194766725937591 0.206588337502726 -0.0725567697877638 0.0539752683120802
-0.0842263169988083 0.275936113967132 -0.0578961685397969 0.127757620346096
0.0377717971356085 0.271652954699232 0.0240805766620069 0.160832656376262
0.125543077727827 0.22792852848888 0.0906854693074706 0.135811318192781
0.141204385428786 0.216239855314764 0.102392785595486 0.109236734324032
0.132953812797351 0.207932950428197 0.100254812965406 0.0962826056521415
0.100324645137908 0.251634590804556 0.069443279340011 0.0822720602141303
0.00123078756668682 0.279940467606131 0.0362170329967177 0.0715771143119547
-0.0979882146799694 0.246525865748585 0.0256316902365845 0.0457425977862576
-0.212410465721461 0.1620675165612 0.0225810835654547 0.0473255193607318
-0.298316562452948 0.0154003665792411 0.0656154125004021 0.00508210023872924
-0.301554465353979 -0.0611948594566014 0.187251546413503 -0.00286847795468974
-0.190533926863126 -0.0521719942853038 0.187688236189644 0.240521619529714
-0.214829127805829 -0.00429308568609425 0.181473496681696 0.0800421911501252
-0.160607797086806 0.0692618791328497 0.0245122873731527 0.0121831938511918
-0.112510061151415 0.125548345402116 -0.0592095993218682 0.0576404621161239
-0.0534144531008942 0.176598334084373 -0.056675789989061 0.170923817127108
0.0260016661982139 0.178927677312633 0.0466186655310313 0.228643483984332
0.0858320819402601 0.159436888230494 0.131063927590724 0.210311395397628
0.0939480579305409 0.157512515733486 0.147721810078606 0.178886955251058
0.0833939973524456 0.156355339983618 0.138099385899804 0.160106520438973
0.0492436440638503 0.179583325949989 0.0927615760631036 0.137774629894497
-0.0270529615344115 0.175737888531469 0.0361797004778003 0.112724012247765
-0.0858131929131683 0.124445481650457 0.0138128816411727 0.050253911174677
-0.114906230998901 0.074017881033111 0.0330049523503816 0.0349953210681881
-0.169501945460117 0.0136192939835642 0.106226004010962 0.00411179899394451
-0.200134898527865 -0.0164437942884669 0.265433353216683 0.0312730620988782
-0.0843600511497067 0.0196815494003363 0.267711556942701 0.261708894161078
-0.0603149942236507 0.0359451642493785 0.238821682610317 0.0827659396150128
-0.0190241152466814 0.0320869798103826 0.0722503960962898 0.0151615252282148
-0.0278234291733118 0.016152171149289 -0.0387526113266364 0.0457913461812709
-0.026627142793918 0.0497594731788764 -0.0430130875233304 0.183366227045689
0.00316588620181339 0.0608362309331152 0.0674831878314286 0.25758896564764
0.0281394720179225 0.0688737000065371 0.154809673073645 0.25019130357215
0.0326284940427418 0.0756154521622539 0.17053637440871 0.221516497086291
0.0264121163707025 0.0812442050352277 0.150537256800962 0.202900059254737
0.00251214030007096 0.0831629055834383 0.0934077536817847 0.175009746062443
-0.0368085673097256 0.0580296742382397 0.0210032427226221 0.135921581488193
-0.0471194341117565 0.00807381642646834 -0.00411701050486469 0.0444623960588907
-0.00555891763857345 0.0058065590065529 0.0369465406283662 0.0187954682517253
-0.0348694871093271 0.0302457437125808 0.127542383729506 0.0081656280832196
-0.0830124866403591 0.0342219986956352 0.303584256348069 0.0557219829758166
-0.0342973194615286 -0.0679431779890653 -0.316629617833619 -0.0828295468998748
-0.0822123960898868 -0.0528395995531281 -0.19306006087333 0.0134087496919036
-0.0770709133324145 0.0298326202485222 -0.0694972617325451 0.0041467647517414
-0.013192675351764 0.0739367471355872 0.0204726642843767 -0.000206855082678683
0.0190548552806748 0.0499652551635313 0.0250920790136359 -0.12152859705419
0.0283495000790098 0.0373961974679728 -0.0599946372757429 -0.194211340337422
0.0312100758663357 0.0174694769961262 -0.137964646393356 -0.223741029583386
0.0320898316148057 0.0183604548753907 -0.167584294723349 -0.235471304220627
0.0388297360753678 0.0218363955021549 -0.160436056627666 -0.250290007913548
0.0419242527865603 0.0523156285987867 -0.101791672624177 -0.241110497512592
0.014057875286905 0.0848581508822039 -0.0115450986901261 -0.192338516567639
-0.0365285822963586 0.0999366587269914 0.00907241786666544 -0.0603035407726537
-0.120697211094901 0.0324151876502543 -0.0821600567180293 -0.0226834886563906
-0.106217623961265 -0.0746484349395246 -0.198534858127693 -0.0943890457701602
-0.0484998130196431 -0.0833823057373174 -0.280339759754816 -0.259248593357821
-0.124639045164496 -0.116466428771879 -0.296758108780957 -0.0788003729147299
-0.183149368839781 -0.0867473286358078 -0.188801152134091 -0.00978384897279285
-0.164380000990306 0.0350917264438833 -0.0941647338318949 -0.00202376374969777
-0.0867311965375313 0.134548680918252 0.00829603495509342 0.017439584079661
-0.0141067156916638 0.147782359981325 0.0292557781806061 -0.0982707790713659
0.0435167571036915 0.14033870675814 -0.0379153959089665 -0.171956882153332
0.0840590431663184 0.108127501362887 -0.106621385932409 -0.203272019283223
0.0944052179976475 0.111681951958958 -0.138295331514228 -0.208089615470263
0.0971341130598348 0.112464990531443 -0.138996111959737 -0.212676719221454
0.0847539999479611 0.163306860951022 -0.101824678926976 -0.201849968463183
0.0104882562423019 0.208139274772784 -0.0249860741398155 -0.159753499363959
-0.082485440124152 0.21469638781519 0.000124782019484295 -0.0355009862153743
-0.230983177486612 0.11099636294359 -0.089833476467806 0.0108984256795844
-0.261858298744175 -0.0726587297758889 -0.191704237982663 -0.0583874073847997
-0.191506152876644 -0.128075384840791 -0.245388307045205 -0.216574084261496
-0.200351712458179 -0.158788911087464 -0.241787182881874 -0.0425379316641391
-0.273983817837273 -0.118327606543396 -0.157140025246004 -0.0193309189055548
-0.248865423080407 0.0321920861986872 -0.109336706864556 -0.0135064819510466
-0.164709383530851 0.183274176892378 -0.0166457347853411 0.0284290211346522
-0.0571020601607627 0.236014450273854 0.0148138447430567 -0.0591412103329698
0.0468302001213712 0.23378135119246 -0.0212325912587217 -0.117499855386246
0.121315619663438 0.189096740783868 -0.0630862902242969 -0.147091256393089
0.141608234514961 0.187140404356632 -0.0864592060367945 -0.149457010906483
0.143207089080931 0.181657950148196 -0.0912656693327601 -0.14823959360056
0.125027615310214 0.244845445693794 -0.0771397143001397 -0.138519114808987
0.0219301736471128 0.305104779336775 -0.0242412574555168 -0.109567041347162
-0.100473831034471 0.309953595205537 0.00184889813939131 -0.0104605195124993
-0.29822096813198 0.191671648107833 -0.0720102015480024 0.0392603011116139
-0.375103438852273 -0.04152244281053 -0.147691787792293 -0.0218827171481908
-0.304604670681008 -0.14087244805959 -0.162604808959914 -0.158681076400177
-0.253345851636308 -0.179715912321457 -0.154800613103276 0.0232600078423199
-0.345936759490002 -0.129727661623873 -0.0921933047943624 -0.00664028421690906
-0.317205024945517 0.0404588206162167 -0.103702291939845 -0.0219643945560265
-0.224751683434175 0.223671060125971 -0.0452727340872924 0.0352387016505744
-0.0904357065147868 0.301258328236236 -0.0139901674365056 -0.00262249383619141
0.0453300743347624 0.298252003860209 -0.00802951993845446 -0.033785026820857
0.141179191877833 0.242862444784124 -0.0125892114783939 -0.0628925626643672
0.166655172529396 0.233203959477225 -0.0239392139356805 -0.068123249465298
0.166852109446469 0.22216718883727 -0.0272941317611425 -0.0681665289761864
0.147280229225562 0.289221417638337 -0.0318562871329652 -0.0624996288179202
0.0335116870912477 0.355331430523367 -0.00689327723405033 -0.0477718645548148
-0.101035499802055 0.358103201594162 0.0126115040155483 0.0121379116362789
-0.315278700580994 0.241537840348712 -0.0375334173896639 0.052964107957634
-0.420378851134132 -0.00656329599692617 -0.0756644190868836 0.00053484629069625
-0.364342000298729 -0.129193419735729 -0.0483327513545325 -0.0995022771203654
-0.276231538255784 -0.169236976501251 -0.0438472624091654 0.106687169440897
-0.372444975782936 -0.110556662878374 -0.000678715494535258 0.0239387229469302
-0.336903317906707 0.0577908056869718 -0.0743003228486357 -0.0186300573693218
-0.239003982193128 0.237894590971227 -0.0671562420925751 0.0436417013461604
-0.100357639615588 0.320787852414612 -0.0430329921887372 0.0660680562396107
0.042318788509401 0.314695757451247 0.00545975350859203 0.0672172013500522
0.142679407470115 0.257051116211102 0.0397384623923926 0.0369969440598409
0.166045320013412 0.2421431014871 0.0421707000891216 0.0231842708927234
0.162385175006401 0.2296909196702 0.0405316106478059 0.0168079355114255
0.138387554195157 0.289690924306285 0.0225169297208896 0.0143216356497347
0.0277142210744392 0.345584893624278 0.0178102574604818 0.016035836167233
-0.0980174185690036 0.334498075605677 0.0230706621426315 0.0314210245565517
-0.281890189014528 0.2289483063709 -0.0013369661600543 0.0536292616166493
-0.391633408858301 0.0148995332768907 0.00315439962136279 0.00720426639895216
-0.360101485726515 -0.100762624621821 0.0755559120040429 -0.0464344189139266
-0.25427131861344 -0.123353787096191 0.0767405496797283 0.186459769098787
-0.328539963713672 -0.0623249667515381 0.0973702826813816 0.0587743208530763
-0.280080906284937 0.0731794428816565 -0.029392295980664 -0.00378646698137622
-0.195166598017505 0.204775833458129 -0.0725784291218987 0.0549777221788723
-0.0850623141343864 0.276082380445745 -0.0589031624745636 0.131544943261023
0.0369321327356209 0.271460146000456 0.0248446643873502 0.162003219589593
0.123692627235797 0.226548346769036 0.0896227137198594 0.133533865944902
0.140747551333756 0.21513272289944 0.102178222604442 0.110487290142015
0.132926927316156 0.207032157914757 0.0990556655862808 0.0954325626068066
0.1009313556541 0.251579839667227 0.0683019195051321 0.0830328842239736
0.00197367941509339 0.279282470570152 0.0355495524027306 0.0712358120790791
-0.0980470250959949 0.245619613681795 0.0241976876956271 0.0451747441249805
-0.211157263410382 0.160349813161697 0.0238675898903642 0.0466142562408924
-0.298231526573098 0.013966437247443 0.066719556447359 0.00637695325160006
-0.298189963129902 -0.0627474032292908 0.184178828597188 -0.00309379769230903
-0.186719751199885 -0.0546778811145761 0.186144539364802 0.242707135493195
-0.214779704642072 -0.00531660678529732 0.181124242059456 0.0812577502376062
-0.16010970802025 0.0663835574894509 0.0222659207653922 0.0123931981695253
-0.113385141333079 0.124151549057919 -0.0604680585646414 0.0578416670761099
-0.0540271645000833 0.176528578517512 -0.0574143385885305 0.173461690913562
0.0249282818445161 0.178908472157981 0.0475879545519485 0.228890195698139
0.0843274716721204 0.158588866193945 0.130317592027285 0.206969804113762
0.0942202961687066 0.156352037806844 0.147222346993319 0.179752130524999
0.0837345055395685 0.155420419544507 0.136341693652807 0.159148245695198
0.0496242317301647 0.178862098117044 0.0916871886236884 0.137224592083502
-0.0268724497278555 0.175550479126842 0.0359575319474829 0.111483622067287
-0.0858558903216299 0.12355633579077 0.0122911938859807 0.0499720303384858
-0.113928250714312 0.0716064743721954 0.0341589887517186 0.0350151337062415
-0.169430877294825 0.0127997740353309 0.10639347056735 0.0054796275044151
-0.197982105828686 -0.0181416978172216 0.261895493158399 0.0304962429066892
-0.0817682240396356 0.0182700443467911 0.265518905200562 0.263568744130155
-0.0602600728863308 0.0353351889622586 0.237272128358597 0.0834345888981939
-0.0192984599392674 0.0310710714232817 0.070948683992786 0.0153909977892187
-0.0294473971891826 0.0162304636225065 -0.0400738920236808 0.0470408603562178
-0.0268915491589281 0.0500243671920048 -0.0436426037935236 0.18599022328692
0.00162347410686532 0.0609301845403557 0.068160407981967 0.257747865563735
0.0279999703820164 0.0681992494712623 0.154022815847064 0.247364088470787
0.0331300841778807 0.0749770041804637 0.169733395217462 0.221572488576577
0.0275370064173729 0.0802509876406345 0.149127179852138 0.202780930510324
0.00293705034718398 0.0825251036384061 0.0923236137087128 0.173381080341602
-0.0375059966278715 0.0579130181070361 0.0216917210736385 0.134101058368095
-0.0488406919954226 0.00771393426460922 -0.00494681708091063 0.0439026039218909
-0.00513292356422237 0.00372097031411624 0.0376510917340947 0.0198041385064842
-0.0342581205109002 0.0288384304749228 0.127412155421205 0.00936470927841049
-0.0826457081373441 0.0330947110604341 0.300259293767274 0.0554502583736596
-0.0350730758550243 -0.0687684901037564 -0.319813661378051 -0.0863180412062843
-0.083417172824774 -0.0529314042047302 -0.195814538162175 0.0128336311390437
-0.0765604450056919 0.0298189025348428 -0.0719083823627273 0.00533030435027702
-0.0113753951714059 0.0741039842859745 0.022636075557695 0.000556672400609873
0.01993805642502 0.0497990772376624 0.0259297816534567 -0.122664196590641
0.0300184727404319 0.0372466802928848 -0.0604804625232273 -0.195865463275515
0.0322813929548977 0.0173504732237134 -0.138779818702974 -0.225860833035137
0.0320342244727968 0.0191332399348214 -0.171081311614428 -0.239687103083224
0.0390851522529329 0.0223420285886008 -0.16395620755528 -0.254532208439661
0.0421675365243846 0.0526505030783108 -0.104606563554261 -0.243891970679864
0.0153701333971775 0.0862025224072821 -0.0128920273501769 -0.195706974930854
-0.0357414955336879 0.101682905780213 0.00981479421412005 -0.062767697176501
-0.123062887814998 0.033878933709966 -0.0820600597835104 -0.0256176851856146
-0.108821260140045 -0.0750466934570024 -0.20094997111483 -0.0981033790411706
-0.0475444908752185 -0.0841516737896073 -0.283976529767342 -0.265020670948526
-0.125364745775897 -0.119647282996925 -0.299691578637325 -0.0813991789420718
-0.185793177298964 -0.0874151850419439 -0.190580460171333 -0.0098415535138681
-0.165280091839894 0.0340664026475949 -0.0969656854050234 -0.000621027768747974
-0.0858411818602495 0.135554943229306 0.0101952697451641 0.019559965632843
-0.0132901535307555 0.149257653917835 0.0302208090565284 -0.0984958597623803
0.0456875993518549 0.141621223572421 -0.0383324993808218 -0.173094384849834
0.085275541737705 0.109917540660049 -0.108211467720661 -0.20558244389701
0.0956491539964626 0.113726769376786 -0.140487227632231 -0.21172895537986
0.0984034985480941 0.114893212597993 -0.141877620690348 -0.21658066904455
0.0863058873708537 0.165940620215975 -0.103706291462845 -0.204201364908261
0.0126973523718275 0.212323838733417 -0.0261021835695802 -0.162620629345714
-0.0831387244627637 0.217789300560718 0.000256344096839553 -0.0368209965557553
-0.235056846061177 0.112831841368738 -0.0899978204953757 0.00809245339764683
-0.267434720326903 -0.0737126507853929 -0.193880540328677 -0.0610247286757481
-0.192495305901167 -0.130560058791472 -0.249423127940285 -0.220453916781301
-0.201403628570097 -0.163784752465304 -0.243612938944243 -0.043579214411586
-0.278165274057755 -0.120632673725453 -0.158204612184526 -0.0190581014110099
-0.252782789691005 0.0302876860617838 -0.113920190428952 -0.0128977257910574
-0.166250940578143 0.184581277962419 -0.0151375284849733 0.0300113753617563
-0.0570023414773764 0.238822676676973 0.0142015345269059 -0.0575212885337044
0.0482060820652724 0.23713497550286 -0.0204368356590571 -0.117991966981487
0.122382975963964 0.191403678818612 -0.0640854960149985 -0.150517820331608
0.143161483883262 0.190017713359097 -0.0879384483565051 -0.152064179930434
0.144952993298986 0.185136548002175 -0.0937527102242527 -0.151759733988436
0.126609797111272 0.249292338331571 -0.0793996076994936 -0.139163845742552
0.0251820248835546 0.310746657221279 -0.0259605969038021 -0.11212691389401
-0.101694643140125 0.315037016915253 0.00216923974980679 -0.0114521321775762
-0.303081794762215 0.194312138569919 -0.0722620724865242 0.0364422873896764
-0.38236224168636 -0.0427575149563899 -0.14837542884709 -0.0236684955970843
-0.307007341229906 -0.14487582540233 -0.165683119921847 -0.162349695067514
-0.25517695698155 -0.1868485485235 -0.155974347105088 0.0236484878944614
-0.35231373570089 -0.132793320729169 -0.0921995083308151 -0.0059195237621009
-0.322171699819972 0.0376922422989091 -0.107663535842102 -0.0210619276736687
-0.227983724255582 0.225260737299994 -0.0448663193809949 0.0370776957784464
-0.0917037783471367 0.306649630494899 -0.0143279987435958 0.000342114618538206
0.0460385595657682 0.302923612013403 -0.0070178029886457 -0.0321055668445175
0.143043607948607 0.246379627409341 -0.0132737184704838 -0.0655211959501226
0.169381877781546 0.236247907781927 -0.0243296720100259 -0.068804639035315
0.169261081208756 0.225471283105888 -0.0282986393297583 -0.0695714081944548
0.149288528588355 0.293965547329662 -0.0324828270213766 -0.0616088002327113
0.0362450057899805 0.361989530991367 -0.00801894252826243 -0.0485885223933895
-0.102333571189544 0.364141003158108 0.0120557362561169 0.0123589241778513
-0.321229230925267 0.243616818269245 -0.0365780556023365 0.0517913293829405
-0.430273322960596 -0.00698183629607673 -0.0747311654182346 0.000524588926830015
-0.367206303176585 -0.133398143219488 -0.0502914545366013 -0.102641050904636
-0.276579317583569 -0.17631591186508 -0.0430993431060972 0.110031666972537
-0.378416713892652 -0.113656582630725 0.000579280795314379 0.0258143298183137
-0.342747883692694 0.0550812301206245 -0.0782371336499696 -0.0181334680181321
-0.242630587920683 0.23977077603195 -0.0677335080715615 0.0457926263321967
-0.102757651750002 0.325669311786812 -0.0440862987408193 0.0709342866979016
0.0423279074266577 0.320060089723504 0.00700143310878703 0.0698313405522523
0.143261007657734 0.260625859823197 0.039889540938401 0.0354752139686069
0.168626301698883 0.24505919902152 0.042782967338051 0.0239626953818181
0.164994374036381 0.233849229052474 0.0407172908546512 0.0170515007466796
0.141221884094582 0.295508174674021 0.0226673828269258 0.0160225892125825
0.0297091092393256 0.351632799777496 0.0170934932910885 0.0156035644670766
-0.1001077178938 0.33956819696499 0.0221597606664555 0.0319202531021041
-0.288003285335987 0.231212955363 -4.44243746081897E-05 0.0523648000696557
-0.399248643726689 0.0122942339580404 0.00500337802693869 0.00840507834466959
-0.363221056780526 -0.103287701990509 0.0747951015372576 -0.0480524262118693
-0.255128712360282 -0.12973201089838 0.0784532969656561 0.191506684276021
-0.335390590250891 -0.0636420004899692 0.100217493808882 0.0608469551805223
-0.284909959830241 0.0710840781010591 -0.0318528265784234 -0.00279377631130602
-0.199619469250543 0.206819447613208 -0.0743951187071881 0.0569532224297647
-0.0865860540337008 0.280645069876111 -0.0611067836668407 0.136448371267415
0.0370896016054721 0.277325250881013 0.0261036153163377 0.166605246340488
0.12483571550871 0.229864378374831 0.0900916768166406 0.13279153376014
0.142764212812008 0.217666477827457 0.103886247732489 0.112944255307906
0.134807809842024 0.210034525150536 0.0992812715245016 0.0972430461677199
0.103131613605243 0.255634727161799 0.0688286208738312 0.0850752108216433
0.00301318177429749 0.283512030477931 0.03538871056562 0.0725023498644015
-0.099710160437859 0.248323711537955 0.0232046227818142 0.0458065731269983
-0.214428561621287 0.160592680106509 0.0249157904366584 0.0463704618217876
-0.303997182022555 0.0126801617825545 0.0690630736220574 0.00797046383111453
-0.300118348326844 -0.0660886391246519 0.184943844057393 -0.00331395328458338
-0.187783280061071 -0.0585424316895899 0.188498245270977 0.2494298909541
-0.21849737261384 -0.00575740600762646 0.183556455910315 0.083459644121278
-0.163230924084868 0.0659434351310391 0.0207706929396797 0.0130859664572261
-0.116565368436015 0.125902132998154 -0.0627089646740218 0.0598786358539989
-0.054975226878623 0.18013924028026 -0.0597719867558014 0.179404507573525
0.0242515320440342 0.182850798655757 0.0490242233808708 0.234234597080278
0.0842111651237538 0.161378672025706 0.130490460573091 0.209003856449074
0.0957829225916652 0.158441420770077 0.1492980770843 0.183266911877693
0.0854209864528894 0.15778134522307 0.137517468222938 0.162118677569504
0.0509064187693099 0.182229381072121 0.0925565941859001 0.138980149238485
-0.0266950892546157 0.177834635248003 0.0355500585069857 0.11299084022701
-0.0882557694150178 0.125006951751133 0.0111032273944694 0.0511381837781645
-0.115597593836779 0.0706773043902733 0.0353927173984532 0.0349350351855233
-0.172466820576726 0.0117175607576235 0.10920489120204 0.00757514596488764
-0.199818074361186 -0.0196586485525386 0.262916161836446 0.0313182654606747
-0.0816218865818275 0.0168875005992526 0.267610478408634 0.270886486064931
-0.0612250728597754 0.0354992470113269 0.240158100398236 0.0858259550760485
-0.0201663472293012 0.0302587618958242 0.0707427803304445 0.0167027444091137
-0.0310134613852806 0.0167444652791619 -0.0430515082791502 0.0489215654661856
-0.0272401894952233 0.0519036355172776 -0.0453928859571424 0.191066157750717
0.00105343597939097 0.0627861751505781 0.0691715424319416 0.262097176536564
0.0272255102769767 0.0697242247901495 0.156044348352727 0.250099659386246
0.0337069079573264 0.0755176648194043 0.172363867107946 0.22617997062603
0.0284535296538278 0.0810702469076982 0.149978754341568 0.20600650403087
0.0041439862877111 0.0838099979052344 0.0931087599059903 0.174731975907539
-0.0387533756973462 0.0588873878625845 0.0210224459010465 0.135085374965824
-0.0510492311589734 0.00806710115662175 -0.00631344062291596 0.0447691741492815
-0.00558277128389677 0.00174052703855008 0.0384804156488332 0.0204251385008339
-0.0352869585006879 0.0285926396409226 0.130303540572948 0.0109064589666012
-0.0842195689029262 0.0332540004569284 0.302978704935877 0.0564730448506397
-0.0713732633953378 -0.0363260001009332 -0.31776230448252 0.129722310027337
-0.0980865557270326 0.00731120204777859 -0.154642087508923 0.132872183331836
-0.0447793301734483 0.0690792706973829 -0.0561722973085997 0.0532884517359699
0.0341550134564931 0.0650858226649054 0.0236186416732043 -0.0121437177372302
0.0451865044543827 0.0278360937841616 -0.0530405167149851 -0.115083358119195
0.0466256679112194 0.0109379590620961 -0.168972133072424 -0.119761323629911
0.0361535769406843 -0.00450642489750853 -0.255573518175407 -0.0969064375315458
0.0377960215078104 -0.00413334774706954 -0.28997382802295 -0.0893404647041323
0.0436917245175163 -0.00583670705198264 -0.296254154184364 -0.10355846959636
0.0670469824494486 0.0167441396826799 -0.240046372951576 -0.135386166966923
0.0677040165922041 0.0600910467303434 -0.134862856484048 -0.151792796039233
0.0339194190413846 0.107246802376394 -0.0318077804907318 -0.0603183506667619
-0.0833790996927834 0.110803812026931 -0.0835236271036761 0.0279553359170074
-0.143616022664067 0.0101442292860796 -0.22768559662431 0.0457623221593232
-0.0983234311558349 -0.0429856154233774 -0.40283730999983 -0.0333024301310844
-0.176736506925217 -0.0281659171978791 -0.300251263959832 0.128269841581913
-0.200844402090316 0.0384834248882109 -0.167967472714978 0.113433614594157
-0.115977287586097 0.124171177596099 -0.0834361063096222 0.0677816536626738
0.00990398248507963 0.157229684575048 0.0256497580652113 0.0159128635670663
0.077370629097269 0.128463085036125 -0.0327257866187699 -0.0954994183977258
0.122868582779841 0.0870866151092659 -0.134773483483518 -0.113026740447204
0.135203871976418 0.0377122642283834 -0.215869128010678 -0.101306353712305
0.149020034569652 0.0330515824581796 -0.248044794885957 -0.0855987562033716
0.151799329449689 0.0336976749720919 -0.255246312122131 -0.086395365818705
0.175449703295189 0.0828195965379888 -0.214968642392889 -0.10220900459465
0.146217579623275 0.167976609399115 -0.123519044530232 -0.11727466860986
0.0669697137766627 0.23475515691062 -0.0229198441816636 -0.0345074479051211
-0.128230691451926 0.250699219959534 -0.0667804810247871 0.0590691805428509
-0.275650211336071 0.115259132471251 -0.197454141949427 0.066041870440077
-0.250874450255038 0.011503705643701 -0.340347685316751 -0.0256375304125317
-0.265045871615061 -0.0234408565085411 -0.234108661635135 0.129715395456293
-0.295220443123483 0.066343132000412 -0.150697414711003 0.0877793640404476
-0.189660383329126 0.172938076378574 -0.106392351156676 0.0718767830992442
-0.0276141686955679 0.244631442230617 0.0112193790626063 0.0449129020490454
0.0958083940748424 0.227420662549927 -0.0182417786325881 -0.0504033797504209
0.183329794767007 0.163012990448993 -0.084674270936285 -0.0758710090910257
0.21486523777528 0.0809701885025793 -0.144342826434232 -0.0829586030525684
0.236241329697325 0.0655914341763567 -0.168049872010485 -0.0690103065225888
0.235745112718209 0.062551670005359 -0.175497407465467 -0.0628224056203736
0.26264732481681 0.126302586379157 -0.153725232869494 -0.0641274393234961
0.220306255999202 0.242947692339982 -0.0901847851891308 -0.0772146067879641
0.112393564019745 0.328680508374752 -0.00519949072726167 -0.0153009909782733
-0.132943617004433 0.365076295771338 -0.0336877199703528 0.0699170993577949
-0.351974653486728 0.2145657222489 -0.136614872015491 0.0639563007018705
-0.355392483846659 0.0745477524570667 -0.23071691779881 -0.0362022281222404
-0.323498322540419 -0.0124733628215863 -0.120323598702176 0.134799654004103
-0.362423975952026 0.0995907480777739 -0.0912236212045548 0.0593152176090017
-0.243774346820238 0.220373048665548 -0.108516842093429 0.0649553821153208
-0.054349617720258 0.313206322316009 -0.00885717227833827 0.0728324581646646
0.107725994166292 0.303421874259558 -0.00429142377339588 0.0168145744917592
0.221804081378133 0.218420704745646 -0.0196445650640258 -0.0133647775956971
0.264747099717558 0.112139052148892 -0.0481026753940146 -0.0457900079987341
0.286141157643228 0.0876142945613778 -0.0637241590586939 -0.0415959482080165
0.282037780803012 0.0807213440958349 -0.071249807159602 -0.0367750750514557
0.310775776112594 0.149225056327555 -0.0672312298875994 -0.0294495052437358
0.262810829062288 0.278622518003598 -0.0358829458926751 -0.0373959550522073
0.141303699583002 0.368907498195157 0.0173979938167462 -0.00191530166036894
-0.115469343521238 0.416461276190767 0.00444090762418305 0.05903965846393
-0.367960334574366 0.275539309395006 -0.0607935184025009 0.0346746174419099
-0.39712943827301 0.124446731242703 -0.0953784243680211 -0.064367926792675
-0.334787667999418 0.00816003135662203 0.0252523333225388 0.137068151567348
-0.372839720885283 0.128787328232044 0.00426618446333723 0.0287084318895367
-0.251034497148088 0.246524243442813 -0.0822749801885296 0.0510054984290198
-0.0579510734641166 0.335159217013572 -0.0227566070411272 0.0960214739249046
0.111794867495485 0.326400565909437 0.0150375930556022 0.0935429129120345
0.229602545013066 0.235435246606857 0.0563080043418381 0.0614273116259357
0.274792281749379 0.123662468192056 0.0588335987681536 0.00427855700078985
0.292490633837737 0.0954930995303271 0.0490286024961726 -0.0069302002581524
0.285037454623858 0.0897842217719334 0.0400156995346756 -0.00971388652692183
0.304677282029692 0.154857739898249 0.0276263668963259 -2.3350487702185E-07
0.251286474973189 0.274357570684422 0.0257147784945054 -0.00033655106519244
0.129272748505326 0.347747732843182 0.0381104285232772 0.00887541758329402
-0.0951705416714972 0.384467081743937 0.0352779100224481 0.0372940605828775
-0.328558729577138 0.271272087759831 0.00924464881314489 -0.0100843946349501
-0.373156148497607 0.147637507153253 0.0422950862148379 -0.101502960152652
-0.288708790260514 0.0340116719066567 0.178596813132513 0.126300902504582
-0.30776193885607 0.141591482179474 0.109580304776245 -0.0046617279832392
-0.193448678491524 0.225777782549069 -0.0329256495776199 0.0326929458159022
-0.0421025706253843 0.284080788949204 -0.0223708090252882 0.107676214802064
0.0981368667839149 0.280312057656514 0.0415180348389091 0.156548921106468
0.198415698429818 0.203339550476246 0.131039710127263 0.126153596321443
0.241184655212218 0.110216000705383 0.160927622107028 0.0525642907315125
0.25386190264398 0.089074110008075 0.154699797020682 0.0276026781602909
0.245425427709524 0.08939698344367 0.13886988698602 0.0186497012022259
0.248585446293037 0.145234631242297 0.10888208519776 0.0272515515060628
0.185430720294366 0.234414902441543 0.0759357570175713 0.0343549088800104
0.072234545794338 0.27099840884712 0.0477710155500248 0.0209262470942896
-0.0783806976157135 0.275673793345812 0.0518689124138235 0.0173826422170272
-0.246888895964133 0.207884483853027 0.0620655251879177 -0.0486855235684123
-0.293500840095087 0.138068959134903 0.159129214491001 -0.133691288104577
-0.189629662503114 0.0561536026708611 0.308098431868057 0.100395283720108
-0.180417733964014 0.121038141871733 0.196004011556635 -0.0389959875450359
-0.0959981959382027 0.149222894522749 0.0236821981577568 0.00803681232677918
-0.0219842691322391 0.170683991662733 -0.0119041850945582 0.0980554722191153
0.063744319638896 0.179325637026312 0.0672961082094771 0.188617515610843
0.131869044478744 0.134343055957546 0.19006283861925 0.164798920877541
0.166911852467184 0.0775641777239325 0.240671238830356 0.0889722126419741
0.1781770209453 0.0701569776020247 0.236297857636637 0.0567662864378429
0.171708754292175 0.0761472554495543 0.21254188073056 0.0473198294622542
0.158895237685935 0.116788945637047 0.162033895486939 0.0560012756360496
0.091750085834559 0.165622493399897 0.101341714138225 0.0677600794224282
0.00434292386085674 0.160329398632625 0.0413167417695285 0.0339009188364978
-0.0533800130889734 0.133831996528212 0.0527230587846929 0.00423148373603758
-0.136604996984466 0.120542213712521 0.0944568546613051 -0.0706127656595953
-0.177493889583148 0.112667027613875 0.241443342418321 -0.153156894611496
-0.0557515509872602 0.0593816505418643 0.389173528410565 0.0613666690478889
-0.0282363687189645 0.0627748419422942 0.247777109444508 -0.0755942841943095
0.00168066680621676 0.0358230493918952 0.0688973139187704 -0.0266594614606517
-0.0156529048737264 0.0326088788591708 -0.00510100446295283 0.0707446459818901
0.00972485762358144 0.0588827976050582 0.0832841544800794 0.18668413996284
0.0391516830116685 0.050892311253242 0.221749214153323 0.170860069951398
0.0649450431673135 0.0383366879193294 0.28683585669289 0.107806997597625
0.0757342298817321 0.0411814230429097 0.282636697245451 0.0777129636214918
0.0766271134095443 0.0490842444058361 0.250996738230179 0.0741153992783011
0.0576212662346372 0.0659877420297111 0.184978453768233 0.0846961393273323
0.00630765763148619 0.0750905534431518 0.102181684545273 0.0949566827495311
-0.0385100619845546 0.0394327434362399 0.0225044853094812 0.0410314246720776
-0.00438797832726968 0.0036715243093105 0.0458684466360166 -0.00762733833994596
-0.0103010853376712 0.0444934682522125 0.113290930346714 -0.0767443773631465
-0.0454559911684214 0.0833053239325453 0.285490755195166 -0.154620041221004
-0.0752763755355613 -0.0342861647044877 -0.324765686558911 0.145269776585585
-0.100215365435238 0.0124990806943076 -0.153746243252669 0.144131913086973
-0.0432798649752331 0.0723067482284624 -0.055830364994136 0.0588839567723728
0.0381857732573181 0.0636734360065142 0.0255025665763233 -0.0143824706323313
0.0474728361874719 0.0254451793184518 -0.0587772466237116 -0.116993027346687
0.0487510045269608 0.00836969920419419 -0.177762767456209 -0.116157813321207
0.0370729280178985 -0.00691365802974766 -0.26690221564946 -0.0890626287625523
0.0387577004851433 -0.00548827101530424 -0.304727430927184 -0.0813021536103028
0.0449149505736356 -0.00688863079871016 -0.311711913576787 -0.0943765877246924
0.069988311750726 0.0145450299422602 -0.254567257569426 -0.129009987254553
0.0740039846931861 0.0584705768172179 -0.146963943454125 -0.151477141533528
0.0409347412519268 0.109002968492001 -0.03541188460689 -0.0625306886718939
-0.081281401835128 0.118544691721428 -0.0867271646514344 0.0301765788797082
-0.148101837402978 0.0179841555972195 -0.234674020110201 0.055253781700314
-0.102726728991022 -0.0418443040132519 -0.415879911990624 -0.0200654638789161
-0.184795229289711 -0.0235443126475434 -0.305455005385652 0.143283841792441
-0.205382247031958 0.0495477205684066 -0.168265344495901 0.123946450788134
-0.115438720934347 0.131575882497064 -0.0838742898175821 0.0753084512688614
0.0166246376613696 0.160221547340046 0.0294710218271772 0.0131444920573741
0.0852158259462973 0.128266474285765 -0.0368086963501226 -0.096826983181544
0.131210115711772 0.0837245795091172 -0.142774193036524 -0.110791574080565
0.141254580588943 0.0325684720467881 -0.227853156800763 -0.0951632368770682
0.155841568677963 0.0285815536166753 -0.260730552846841 -0.0788316742296505
0.158037876836563 0.0296224280706351 -0.268892845824448 -0.0787156686021375
0.184885237200603 0.0786191544224004 -0.226188787129827 -0.0956511745112628
0.160203312920398 0.166570258972876 -0.134439202042277 -0.116178152354846
0.0795517077831242 0.239318925788264 -0.0252028304920751 -0.0355513757627487
-0.121942699731372 0.26574531696527 -0.0681843499871157 0.0611302990601698
-0.281790545583868 0.131627256115121 -0.202499242630568 0.0753829597959571
-0.25813739676091 0.0198913427463545 -0.352809480182974 -0.012396962275842
-0.277438956445368 -0.0165710104984731 -0.236156430948811 0.141913470967567
-0.302809494991639 0.0821036839594703 -0.150827347175346 0.0957425478616919
-0.191309154434307 0.184741057235031 -0.107933812922579 0.081211654449615
-0.0185999106783571 0.252004499231815 0.015932464839941 0.0446885140588025
0.10900956499761 0.230204747403049 -0.0191656114991187 -0.0497066899759634
0.197129375644685 0.160256426746524 -0.0890326773373033 -0.0751025926924071
0.225334050229799 0.0750071540372068 -0.15378502571091 -0.0801684968428019
0.247389266109745 0.0577703833712912 -0.177425516224899 -0.0654999340650701
0.246663057790907 0.0558501600323908 -0.185209299328273 -0.0573107147150619
0.277689691969148 0.120003735743441 -0.161064059904433 -0.0589663137845891
0.23978780382808 0.241645187154431 -0.0984064821484846 -0.0752294199894267
0.130305720748316 0.334911337935428 -0.0070685839128014 -0.0161009262162555
-0.124157947759269 0.383527838096067 -0.0326779807254594 0.0706455073128621
-0.357796861813973 0.239786079050239 -0.137389406968869 0.0697528176630331
-0.364445882030357 0.0871480572541565 -0.241178282008472 -0.0275084960179839
-0.337620091989042 -0.00475433461747283 -0.118056410639937 0.142559216762307
-0.371623923492873 0.117786487444188 -0.0900162865389309 0.0633564523293039
-0.245682858983107 0.235452354846595 -0.110813817922325 0.0745298955907556
-0.0444473387127182 0.3262869657558 -0.00414847466928749 0.0746439673291655
0.124710227569673 0.309119338886085 -0.00218455604552685 0.0192528290436353
0.239751327628697 0.217046246826504 -0.0186741809726512 -0.0128386041515357
0.278438915003885 0.106206655055754 -0.0546277038248032 -0.0454389025717556
0.29994176554791 0.0791193079704282 -0.0681306961862697 -0.0405295675661919
0.295242892030414 0.0729134016110207 -0.076101552441743 -0.0344311759012195
0.328902762771231 0.141553868467582 -0.0694327275478544 -0.0267867446446034
0.286482470241402 0.276138292933294 -0.0399660904772067 -0.0358887208639162
0.163255416400171 0.376708601126527 0.0170340790188337 -0.00256781080125159
-0.103473597018833 0.436264950981569 0.00640757508311013 0.0584226497364708
-0.371304872989052 0.301525665926504 -0.0605042242872184 0.036638487876011
-0.406457264611177 0.140856585512151 -0.102362851179966 -0.0615916311456781
-0.350326814444953 0.0157870350009006 0.0341624933151622 0.139354185705023
-0.382133182759978 0.148937310017353 0.00693342342235436 0.0280574655983699
-0.252089077600401 0.262852778120292 -0.0838694096587825 0.0587725327747328
-0.0482974865681443 0.349593731896727 -0.017678155889898 0.100171598285734
0.129551895888734 0.333202469064434 0.0211217831528135 0.0983863483770546
0.24905242518817 0.234205098795378 0.0630050464168888 0.0610281250963215
0.289664982791271 0.117363311794897 0.0582914195403285 0.00146638272499093
0.306737023873362 0.0866193793120374 0.0511052446515115 -0.00982494184421192
0.298457736423768 0.0819733301133987 0.0413006539439258 -0.0106629132308763
0.323758736588047 0.148013070626143 0.0297594703853275 -0.00057677308864406
0.272826622136577 0.272758108766873 0.0259186955114148 -0.000573056472192271
0.14799303411987 0.3535697897925 0.0391722067358139 0.00801643591657717
-0.0834868313994833 0.401205616823102 0.0383778664505206 0.0350884555738767
-0.330978524258523 0.295711954892102 0.0120740125586712 -0.0123183102886205
-0.379324012728173 0.162721779671487 0.0377541480912015 -0.105085823317065
-0.300214001519992 0.0425577892001343 0.192075253086996 0.124234148303922
-0.314016091976763 0.159185900614871 0.11326659825414 -0.0100380890311474
-0.193376099164518 0.239633769367317 -0.0336488794848562 0.0383028965961855
-0.0338181111107184 0.296122119843879 -0.0174496661141733 0.112668902440526
0.113859900424363 0.286198577046158 0.0516202149948084 0.163480236906256
0.216099357796849 0.203950305042379 0.142747786290063 0.125161531260148
0.254265411221628 0.104799800530168 0.165592694972374 0.0477518708359468
0.266298854261095 0.0816570293517167 0.161184788394139 0.0224574076718976
0.257484443150882 0.0816119610563568 0.145073939747947 0.0139771841339875
0.265129660779679 0.139748435444184 0.114188486496028 0.0237587051788687
0.202198505180717 0.234645353254875 0.079396734462231 0.0330937790061963
0.0853255089746842 0.27702340012082 0.0496459174738351 0.0208743063173881
-0.071792323102407 0.287064128949145 0.0549186466952317 0.0147400635374888
-0.248746558007893 0.226899479189003 0.0645027356591202 -0.0546640997535873
-0.297276294261723 0.152017230758616 0.156417603833905 -0.143290469586406
-0.195628900691296 0.0619971069576144 0.325122478971535 0.0922958887879714
-0.182149474968933 0.132624527849519 0.201510339098056 -0.0497337502445242
-0.094717462576111 0.156713675646897 0.024278615743316 0.0106238015378582
-0.0164541397736866 0.177916271146024 -0.00791598748426091 0.103541174812561
0.0741199096947595 0.18386885786806 0.0790661427440948 0.195096647110906
0.143300979192106 0.135039530007597 0.2050292805827 0.162816969628125
0.176288666627884 0.0749933325595656 0.250430956272249 0.0825011747299942
0.187332828221859 0.0655266967128774 0.246844963452062 0.0493861928345401
0.181143897210751 0.0716909985313772 0.221932032413767 0.0404799997018408
0.170125665309714 0.113593965287826 0.169545309867297 0.0511418606712394
0.102652032837151 0.167586603023842 0.106490570675686 0.065963736936298
0.0101675215405878 0.16585797039401 0.0431340796608581 0.0343043127341851
-0.051160890887681 0.139096369754423 0.0561233808499386 0.0019765565723217
-0.137605570151786 0.130494418339187 0.0968609381832921 -0.0779445394551473
-0.177867622968938 0.122023303048026 0.240464206967756 -0.166638845588636
-0.0561322323785368 0.0613233166064768 0.406433680674386 0.0495577773027676
-0.0270515600310978 0.0657486668682391 0.253626144679108 -0.0883823186106473
0.00241106082228014 0.035971594171935 0.070616990304796 -0.0287054940617467
-0.0154386575616482 0.0353128114767924 -0.00215584550746939 0.0759451248375367
0.0130518109470326 0.0609631001739002 0.0956238930229327 0.192019624111272
0.0431155352513779 0.0523497055957597 0.23738882995742 0.168317299590835
0.0691221751903478 0.0380341889426112 0.299839824460282 0.0993785319942199
0.0802551051911209 0.0388424109953599 0.295724062783338 0.0700642149895488
0.0813826233610234 0.0468468825738525 0.262766757145612 0.0664812564814793
0.0627455146667385 0.0653790858603409 0.19379828629485 0.0797036473263249
0.0092460686209397 0.0778450296852109 0.109660444994519 0.0930803610443496
-0.0387975556811949 0.0432909521573713 0.0241272802774197 0.0427232003720026
-0.00600233512491717 0.00270068217018824 0.0484071061382244 -0.0103932332910921
-0.00962734134607073 0.046516922790749 0.115548574899203 -0.0845348236969009
-0.0426952938069043 0.0877693776210481 0.286214614022388 -0.169841937589012
-0.0782535266300699 -0.029824425090712 -0.320838249146147 0.166060513669361
-0.100389960090508 0.0195376292737052 -0.145765583914931 0.156003862377729
-0.0400203303386129 0.0750937202719462 -0.0528205120284386 0.0641745104140423
0.0428116868565012 0.060616248820986 0.0261043854755772 -0.0177775367923914
0.0493384854013352 0.0221478397584859 -0.0665881526583549 -0.115476973981197
0.0494111578118296 0.00366390144952209 -0.186578303587677 -0.106114301623187
0.0365469839709307 -0.00990274117659149 -0.275437981009987 -0.0726078784006847
0.0387761492421933 -0.00783661646443428 -0.314893636247814 -0.0630904945377192
0.0442175232600972 -0.00960076646395075 -0.323192367360443 -0.0754822125677606
0.0719448597396516 0.0102579810501218 -0.26696180060678 -0.114496856353248
0.0793810579060672 0.0536464409453853 -0.160063911504112 -0.144455314971745
0.0494346515668039 0.106891706548393 -0.0395833411494571 -0.0630616299527024
-0.0740239377669515 0.126212358736229 -0.0883048190101447 0.0338339534622493
-0.149411059407988 0.0286025427149714 -0.236095368465208 0.0708521330654513
-0.10636191458506 -0.0374857884043564 -0.422272012799187 0.00585402315055098
-0.189976757571808 -0.0140064155646046 -0.300826868513469 0.162160074740582
-0.205300164216674 0.0637404876902974 -0.16180874714486 0.13525191357597
-0.109971666965576 0.140026099532982 -0.0806835775531749 0.0836626520262337
0.0261384447271788 0.160377118380658 0.0322901411085004 0.0101508522594599
0.0949823474135111 0.123800940795345 -0.0418647550433431 -0.0955236017088743
0.138348774846142 0.0749502743761829 -0.149915111449425 -0.102563456407082
0.144329625625257 0.0243460782299392 -0.236803518551906 -0.0813959156388861
0.15973000301119 0.0190260599434837 -0.270664966529493 -0.0641746782331345
0.162350486931107 0.0203507238213554 -0.279086758569636 -0.0620489469703108
0.193504866462626 0.0681835197553375 -0.235060247330695 -0.0820794122506621
0.17416913136221 0.158567241320716 -0.145075128125327 -0.108811384756338
0.0962096787730811 0.237372315788408 -0.0280101464857259 -0.0356162825849885
-0.106954094046799 0.277649869046356 -0.0670874116746999 0.0639863184761237
-0.278895796909654 0.154170052229222 -0.200297154729798 0.0878014045047434
-0.260584689047678 0.032977479504747 -0.358266778982721 0.00911190036720424
-0.284581622897945 -0.00178349627512157 -0.230366048918194 0.156997280201254
-0.302355754614188 0.103060259929881 -0.145693661202724 0.10494719272556
-0.184959422422589 0.197652745648488 -0.104522688392875 0.0916702661806191
-0.00362353751107514 0.25563709796982 0.0206449382405414 0.0423992251099217
0.125612596664092 0.22636328671042 -0.0215349608313543 -0.0488246390969243
0.211156143356834 0.148739640792738 -0.0929180918227856 -0.0710182820482442
0.23247859406537 0.0617318786336339 -0.162444260863733 -0.0708603779843726
0.254758045011008 0.0433797977791865 -0.184691416584978 -0.0556761206996425
0.253258381552529 0.0415281219460479 -0.191937599728931 -0.0461196588616351
0.289881664468983 0.104063003973718 -0.166887107410962 -0.0488641774416505
0.26022392959826 0.229273492398565 -0.104938482540846 -0.0690475207412584
0.153580536575849 0.332032196567462 -0.00762437840921866 -0.0165588343314909
-0.102150540371718 0.398088814711176 -0.0304700869688279 0.0715743712317368
-0.349926976418058 0.268371446697709 -0.133806493691967 0.0779675591165265
-0.363584366157903 0.107874060053341 -0.246458189791348 -0.0115162360359653
-0.346524787475183 0.0126842138099836 -0.109901141573537 0.150317892383378
-0.369849238284798 0.144034261676372 -0.0862851720427773 0.0682011234273682
-0.237741582624761 0.253178650633939 -0.107998053304744 0.0855617962104337
-0.0252376196927994 0.333275786570844 0.00202119780392128 0.0741814553294
0.147198029347583 0.305469584427068 0.000655456429707409 0.0208042002651439
0.258920377276106 0.204650836091129 -0.0170075499552432 -0.0125269466868926
0.288863294009882 0.0907772658718707 -0.0603596634707272 -0.0421963668616666
0.309017225977386 0.0608704868689338 -0.0720311107703836 -0.0378303917829809
0.304481579427962 0.0563812050754134 -0.0789754551173688 -0.0299407091759284
0.343431308469512 0.122818899051732 -0.0707575172393452 -0.0221503371148219
0.310203989572987 0.261717309377459 -0.0438763468057871 -0.0328535686068954
0.189478934530464 0.371496539759265 0.0171900447278273 -0.00375552812865067
-0.0778990656570142 0.450006071178768 0.00957507071201511 0.0561754496214161
-0.360013283391582 0.333091112541233 -0.05690589774118 0.0383806143254992
-0.404098109973561 0.163635046203742 -0.108804516974052 -0.0546511587541037
-0.357017011229326 0.0349384877144034 0.0445695540050752 0.137628853151874
-0.379748691508776 0.175317060337569 0.00947675197963084 0.0258598895050936
-0.242644270893077 0.281908838496312 -0.0815633561012217 0.0686799222674115
-0.0284263118448388 0.358393787625785 -0.0101779294588604 0.101736082446635
0.153474711321077 0.330359819038649 0.0301585318055399 0.100856487177134
0.26911021805517 0.222600234272324 0.0699113253728034 0.0573902326029528
0.300618702632489 0.102181231457653 0.0563355952345846 -0.00145981606156548
0.315965292709495 0.0684413222178617 0.0512725300714499 -0.0134493774071725
0.307852164487237 0.0648469676945834 0.0406062541310962 -0.0132994425295274
0.338557566120801 0.128180189427421 0.0315518033540061 -0.00200692348471176
0.296075170401492 0.258653828298102 0.025750438154834 -0.000373389785576087
0.172556581490893 0.349335326694225 0.0403497633393762 0.00679040879315387
-0.0598959874544898 0.412071004933868 0.0407118190702098 0.0306831114442368
-0.317591787442379 0.324472257065823 0.0134622329751286 -0.0155599078601496
-0.376445000260129 0.184881650126185 0.029815613949856 -0.106544177516784
-0.304634933706785 0.0572004186651734 0.204126679623721 0.112604749476171
-0.310249886830652 0.182163217844408 0.114628402722348 -0.0191767427194028
-0.184029457232278 0.253937984932337 -0.0314741389293631 0.0440801219717079
-0.0162791555581227 0.302815715597123 -0.00973756096825814 0.11501955131065
0.134639238050477 0.283803518331916 0.0647197043797291 0.164982655519558
0.233728191028869 0.193171410491837 0.154675102908252 0.117311498964681
0.264384237475904 0.0911032563563151 0.168215259680333 0.0393026031460349
0.27573092705976 0.0669735254911294 0.166043402394024 0.0121218614609675
0.266047362578406 0.0672787117409263 0.14817549618493 0.00537314575653769
0.278590605834798 0.124321895293464 0.118220474411336 0.0172011277485981
0.221625698755075 0.224596529177407 0.0816064316605604 0.0297653527852111
0.103837339992582 0.27584559526927 0.051384568976838 0.0190982662415539
-0.0550918982377392 0.295056000236403 0.0576432379536862 0.00976842088679255
-0.239001923570999 0.246973927253131 0.0638112812981023 -0.0611395124063011
-0.291675744572166 0.169177238504377 0.147660634157305 -0.152386614286193
-0.196795403647659 0.0719375381790078 0.337156236766211 0.0741512064139607
-0.177326623872011 0.146578169066109 0.201416012344858 -0.063400467533897
-0.0880994415651981 0.163740178674921 0.0258800492625194 0.0115808195973716
-0.00634151403033063 0.181996854771343 -0.000929081998123293 0.105855167797918
0.0871980712289737 0.182398342850599 0.0950772133506165 0.19514757189645
0.155296964306144 0.128935498894935 0.219832269988862 0.151674022665396
0.184124523935695 0.0661289723003632 0.257137610427719 0.0690246184673043
0.194336898788985 0.054251840633788 0.255007286389906 0.0352643912943551
0.187824118490521 0.0611558875857526 0.227617165373688 0.027556874535169
0.180821456735831 0.103401950036419 0.175029065847851 0.0411265045212233
0.115331393293373 0.163847427257658 0.111738522394416 0.0598330455822969
0.0201814035598147 0.167750653324389 0.0452728145946481 0.0339677877759809
-0.0445721856432319 0.143057531594125 0.058182697783071 -0.00409996272989814
-0.131628240564726 0.142092216369885 0.0951984689928504 -0.0869641929792355
-0.172149622248276 0.132586566439311 0.230717896741281 -0.181505894006973
-0.0541203808155202 0.0642650363402389 0.417746318338526 0.0262788163437143
-0.0236389561577973 0.0684077321801796 0.250406438672706 -0.104844735488736
0.00359882063009631 0.0351789681280273 0.0701714953041399 -0.0316919622046792
-0.0137981223669771 0.037327630126811 0.00336049209694402 0.0785411754265231
0.0180238415043615 0.0618724436719117 0.111232683190237 0.191400215192152
0.0481421848873772 0.0516046017338316 0.252245093128186 0.155631996698835
0.072724846429223 0.0350737789986514 0.308663084075553 0.0821880286394742
0.0843705000693851 0.0346851509195734 0.306119365210626 0.0533209897055255
0.0856888234179332 0.0417011273773361 0.270744664257179 0.0515541099502929
0.0678175719109139 0.0619856919508395 0.200640538280478 0.0689118986922963
0.0146019369199627 0.0796129470964794 0.11561112177827 0.0870582903384255
-0.0374972355933374 0.0474732494912231 0.0266916234292559 0.0425764262344345
-0.00808974094720527 0.00190020353151817 0.0501597664195212 -0.01410301635207
-0.0070562121622427 0.0478244689720645 0.112961131176799 -0.0946248490881199
-0.0372088827691947 0.0912767973036964 0.277012183077527 -0.188012320197211
-0.0787470809304088 -0.0238756708800516 -0.306914654887939 0.183148064920398
-0.0971561034745758 0.02592791845126 -0.132272799099541 0.162785611264224
-0.0346314098528937 0.0764314892547735 -0.0481073495829264 0.0678515708206853
0.0457662404909465 0.0558436707277015 0.0251755666086633 -0.0212176266004254
0.0493317546138346 0.0181901714691868 -0.072987174996398 -0.109880650720557
0.047992972425692 -0.00110262603939402 -0.189450148382797 -0.093286084196057
0.0345274738412696 -0.0121441268291101 -0.274233143411837 -0.0540830252843962
0.0375198386475827 -0.00982909909867851 -0.315811690082526 -0.0429300572071114
0.0425040062884567 -0.0117488998353715 -0.324387005610689 -0.0536477006492303
0.0711785641335481 0.00480971234416899 -0.271588249536047 -0.0957541438464507
0.0823963281403956 0.0469543990852451 -0.168163550258666 -0.132091495830851
0.0559423189036789 0.101705160581425 -0.0431620538973542 -0.0614503029928251
-0.0645039698795948 0.130412979194476 -0.0873791339156294 0.0374966547483783
-0.145053323567547 0.0388459659256377 -0.228654305373617 0.0844412391144984
-0.107423205338814 -0.0316378775836419 -0.414165896932988 0.0309747005008062
-0.189415117429806 -0.00255088623635212 -0.286616315690536 0.176937728366471
-0.19800483790078 0.0769117960592945 -0.150104348985046 0.142399335904221
-0.101219676843012 0.144084407037949 -0.0740448207781719 0.0899077645239374
0.0361361086775097 0.154850892593814 0.032807203396593 0.00603315468135615
0.100953428569326 0.115351785178097 -0.0471958402871655 -0.0912835052139008
0.141113644128134 0.0636914194739634 -0.152995403497122 -0.0925431728473665
0.143621014738531 0.0152153958730894 -0.239125433836455 -0.0649956442883161
0.158889170805454 0.00855132575211302 -0.272485775154763 -0.0472128301474709
0.160991556021269 0.0114523360289877 -0.279763801504664 -0.0433157866052124
0.195387333273744 0.0549008680597893 -0.23690581536061 -0.0657158761341412
0.182893996731591 0.144141980122908 -0.151156430760249 -0.0973761300407439
0.110119310277679 0.2271385255468 -0.029325193048445 -0.0343777062809713
-0.0883314376159482 0.281494839831849 -0.064663548071963 0.0656865857681577
-0.265880592216392 0.17075446201512 -0.192933413264211 0.0983037672589088
-0.25522777895293 0.0459511512122176 -0.352452685918583 0.0315927444193436
-0.283751723723275 0.0141061431482893 -0.217394591376959 0.166496364162189
-0.29159775493284 0.121871098048957 -0.136705699849368 0.11089494713775
-0.172147269274087 0.206464894141423 -0.0974345175178055 0.100073845635919
0.0120059785453423 0.251734232515201 0.0238239372992469 0.038372742250327
0.138221509106615 0.215114869836431 -0.0225758982684012 -0.0460180336875552
0.218436483619964 0.13197024248839 -0.0945053196597318 -0.0650459386317662
0.23340796105909 0.0472369306079799 -0.165629977137806 -0.058540775163371
0.254304783048147 0.0263476655781354 -0.187425072965201 -0.0445740446276189
0.252574816696745 0.0267359603192141 -0.192723287922413 -0.0335284037578879
0.294190037507594 0.0844067590467238 -0.166674679746967 -0.0372453518024821
0.273072770310955 0.209692271034459 -0.109330150732808 -0.0609040042276292
0.172369512790475 0.317034579300379 -0.00862556384992614 -0.0162082078224138
-0.075891503314816 0.401080543125822 -0.0267406993212419 0.0702368269813625
-0.328990387864193 0.289698385157164 -0.127037485171757 0.0839433720383948
-0.354015739683278 0.125387063440268 -0.243067023644359 0.00448258778166677
-0.345186334115356 0.0318871763735639 -0.0983579971344149 0.152219561327924
-0.357814573533838 0.166617409821888 -0.0806249854630146 0.0700704238079425
-0.222013939424797 0.264221468233829 -0.100918763808629 0.09461880912789
-0.0050456324703106 0.330249312601289 0.0072896430130587 0.0711713206302486
0.165229943543885 0.292457959188977 0.00362551954702522 0.0224705350579686
0.269802858199856 0.184363543085465 -0.0154012948110513 -0.0122420667553566
0.290921755920485 0.0727706783120857 -0.0636110380672869 -0.0365642663301341
0.309356232261102 0.0409300110831386 -0.0742042653217107 -0.0335881479322028
0.304570192232901 0.0372874494773759 -0.0802439566021428 -0.0242272920198765
0.347996406683609 0.0989179692463553 -0.070211950548162 -0.0173475352128293
0.324448625787629 0.239548829062494 -0.0462540822157395 -0.0283905017383995
0.211123622329095 0.354684396049313 0.017102689677325 -0.0042872424146709
-0.0501080289004137 0.449713784312904 0.0123664340423054 0.0530220730704299
-0.335916124314423 0.354279398717798 -0.0523826042665618 0.0391277348601065
-0.390574544401946 0.183074126857575 -0.111040374172579 -0.045588930661359
-0.354208878764821 0.0537030794536463 0.0530902826656781 0.13064782024484
-0.364945319761495 0.199782564203496 0.0106092575980699 0.0226247086984887
-0.225273798749138 0.293409179147278 -0.0758130104312126 0.0765130671490132
-0.00607131035297089 0.35541835834388 -0.00272481618451051 0.0989600126464401
0.174223101817599 0.316891841961987 0.0384853581353692 0.0996336556181264
0.282058692959303 0.2025195672948 0.0754902626570588 0.0514759980925091
0.303864994518784 0.0828101409527168 0.0531214250749154 -0.0037248426823551
0.316542292723385 0.0483914540975 0.0491222739493795 -0.0170038436201093
0.308407400976515 0.0456081278857174 0.039780421156534 -0.0153533363507197
0.343373581707083 0.104852289573918 0.0318544071538345 -0.00451735044439747
0.310783121956715 0.236694929061576 0.0248136514933636 -0.00122491384943912
0.192221321054403 0.334281235252066 0.0403347329813013 0.00526915614568719
-0.0342044410682697 0.411088823371529 0.0421406668780061 0.0255396425642954
-0.29484170952127 0.342102011403947 0.0138927719090916 -0.0187064719714276
-0.358388212519015 0.202236462955746 0.0220175191660839 -0.105166702334105
-0.301154177461899 0.0741107180168633 0.209585361207105 0.0968113704683666
-0.295617752709795 0.200643670629741 0.111962102677055 -0.0279867078769339
-0.169466341222882 0.26144834706857 -0.0275495753745946 0.0485754978570655
0.00167292275269522 0.300560205783025 -0.00169694491560547 0.113295838822018
0.151479157432623 0.272378423623848 0.0771246878677535 0.16116768226653
0.245475031833117 0.176729124688524 0.162903264356643 0.106310525136261
0.267734466991384 0.0746126942228753 0.166629072164506 0.0298099159298357
0.277062535156548 0.0490552532231839 0.164946789054219 0.00142665353618854
0.266689845269593 0.0503441391110005 0.147119909281346 -0.00349243857978197
0.283590145987814 0.104147443627952 0.11868225410881 0.00956956154553687
0.233558510203737 0.208138381223077 0.0823346914702513 0.0248080759030174
0.119338807644211 0.266045638780951 0.0522421083549871 0.0168858044831611
-0.0377700672833237 0.294519952819596 0.0580853033899041 0.00283293570329298
-0.221493469396237 0.260618996683263 0.0609009306434107 -0.066938767995603
-0.277416772231721 0.181387724955922 0.134864119302523 -0.156915822081045
-0.192267449580052 0.0812737391769345 0.338920403513854 0.0513312789303711
-0.165855853489078 0.156716927050512 0.193442204077011 -0.0753855923097335
-0.0793934884659332 0.166378566515815 0.0277639838306119 0.0117857586334489
0.00406186541242004 0.180738178240308 0.00628119507602184 0.10516009428257
0.0992381719565711 0.17496306161493 0.108848354337761 0.189276922927451
0.163337924882703 0.117567736537351 0.228143498481615 0.135599596816499
0.186338769160309 0.0548719845854915 0.256637274045094 0.0532567311779475
0.19618284054717 0.0417556617150998 0.254454073786971 0.0186385549735625
0.18938481917008 0.0477631962172423 0.226874814199371 0.0135906522505496
0.185178028919871 0.0903359561654075 0.17551587579669 0.0292510576762328
0.124244310843169 0.154632254833783 0.113439457478648 0.0530239544209463
0.0296995314874103 0.165015750229757 0.0468600636640545 0.0317122194646255
-0.0369694162946089 0.143571350612634 0.0584235695117862 -0.00910826757380595
-0.121541756025572 0.149140219979403 0.0890692767552822 -0.0935547588402488
-0.161868571857583 0.139381551757571 0.214506588835902 -0.190105458234018
-0.0503829757769611 0.0653931601396221 0.415460842835676 0.00135457788572185
-0.0191319096134799 0.0694393878648762 0.239555429533797 -0.118812681885839
0.0047230284321299 0.0337175964859039 0.0687339556781583 -0.035021907959771
-0.0116088426990784 0.0383331639875843 0.00894230420700764 0.0784326323649499
0.022513587543093 0.0599387778501114 0.12417763944921 0.183336927428294
0.0521493261609869 0.0488112158962589 0.260014998548142 0.138087086406868
0.0740274097882461 0.0303125017003349 0.309445765121026 0.0623952547788756
0.086034110327589 0.0284972633718933 0.306514566717094 0.0335655199950857
0.0868182948787757 0.0350671976018778 0.270567663264274 0.0345907912825486
0.0708549206002781 0.0563353552047722 0.201592514734271 0.0545341322017829
0.0190082867960286 0.0783876141087389 0.118981617401888 0.0789298172454906
-0.0350853724385233 0.0506824573429035 0.0281684001913817 0.0412048606854825
-0.00941221408561998 0.00191527781155673 0.0500572218080609 -0.0191385851255315
-0.00439675052916544 0.0474865648896703 0.106222247802781 -0.1015567686985
-0.030619175747261 0.092022926749765 0.259449974284543 -0.199668253870324
-0.0771347473766033 -0.0194089674596727 -0.288024628089038 0.189811843937822
-0.0927382911152394 0.029968176862207 -0.119199700313733 0.162320568730494
-0.0308522987616781 0.0755823359538046 -0.0432178098933559 0.069215978565082
0.0465152272145598 0.0510425434362298 0.023969347440107 -0.0221655535703429
0.0481353552757784 0.0149882394149907 -0.0755496040756532 -0.103003401772355
0.0452944595734296 -0.00409429287863054 -0.1869728273921 -0.0821021423763789
0.0320435320606408 -0.0137184750001724 -0.266773333993227 -0.0404953370996803
0.0353230249799507 -0.0105704513608115 -0.309434803828432 -0.0272078237176336
0.0402815789941724 -0.0123266708527741 -0.317681287075193 -0.0375155197127776
0.0691837877188603 0.00168233678768026 -0.267368761674838 -0.0805323463918153
0.0822858873728925 0.0408145075970029 -0.169873169385239 -0.120539029709906
0.0594756872043916 0.0948844310276918 -0.0448421991430759 -0.0594260571748989
-0.0560837406479928 0.129955287738303 -0.085055294451459 0.0392758006835205
-0.13846724282634 0.0448619315451817 -0.21841397551456 0.0917848770468539
-0.106315115228783 -0.0271986358186912 -0.399043162808782 0.0471989097371866
-0.184399280003067 0.00576807644311509 -0.270561818998827 0.182361429192456
-0.18801630698754 0.0833634225479348 -0.137460108618611 0.143176367427722
-0.0929860308405903 0.144379147892436 -0.0667517292591153 0.0923477817178873
0.041262160650932 0.146736124500023 0.032272555751491 0.00247912843484044
0.10263697299974 0.107097195226518 -0.0490579610689005 -0.0865724235942287
0.138717709239294 0.0540302363971066 -0.151455384969048 -0.0835833815099473
0.138995534819901 0.00903499018736125 -0.234093470915339 -0.0517327368294324
0.153615969952224 0.00179475227292491 -0.267637568064605 -0.0335350232623332
0.156125678315579 0.00510287670516578 -0.274040319200119 -0.0292087300285009
0.191577560814897 0.0447381099947734 -0.232553184819696 -0.0528611558242048
0.184542265819768 0.131523676790541 -0.152006290626918 -0.0872555953086116
0.117249520505076 0.21466900557313 -0.0301741570807938 -0.0335186413103713
-0.0737872034193966 0.277145570398456 -0.060751166427494 0.0644397360260401
-0.250395426886781 0.179320004673175 -0.181605994160157 0.102942499118583
-0.246706841952552 0.0526741194738904 -0.338472022309296 0.0450153128783583
-0.277541791327015 0.0256096395267938 -0.202914889140613 0.168515469066282
-0.277035217975045 0.131883035779863 -0.127489935643607 0.111521129595237
-0.160054716062472 0.207240225916059 -0.0893148851125601 0.104241593357706
0.0221525753597569 0.24273806561774 0.0248826547681745 0.033912805098909
0.144255235047341 0.201817421627337 -0.0231054048708237 -0.0424486881142747
0.218066067276421 0.117122899049817 -0.0926819416471977 -0.0593806370801342
0.228058484264702 0.0363925829540548 -0.163414748771313 -0.0484344199917737
0.247337290721719 0.0143284855256228 -0.184800574543044 -0.0351493788726116
0.246425207454149 0.0164366064027645 -0.18897956098849 -0.0235749734914103
0.288871030252741 0.0688303513263879 -0.162173791884715 -0.0288395304739682
0.275696703850335 0.19080975864945 -0.109504808144472 -0.0532031434264856
0.180443177686608 0.299707345299241 -0.00873704820612893 -0.0160943334725382
-0.0572162190485854 0.391643226498505 -0.0238222292484077 0.0673201913427378
-0.305608419881806 0.298193601285185 -0.118994913981758 0.0844290149402382
-0.339808361608876 0.133700697221036 -0.235467640463553 0.0155619616564294
-0.336231286658977 0.0449653761761887 -0.08856021701616 0.149419120227721
-0.33885448314053 0.178542378892638 -0.0755719523836993 0.0695345041571269
-0.206768053844026 0.26603267806531 -0.0925476731678892 0.0997931992273892
0.00851220195816342 0.320455792743773 0.0107102508188234 0.0660142761904642
0.173428138540298 0.275812987341971 0.00665519191453109 0.0226876750382885
0.271308909461188 0.166504011310312 -0.0137528351988425 -0.0122248096767211
0.285530041787577 0.0588979099724515 -0.0644425536772177 -0.0314639717589586
0.302342474959941 0.0260225284866298 -0.0743540006054495 -0.0297226212144869
0.296411915197974 0.0245359596566865 -0.0783893597277845 -0.0199864534635713
0.342684820258321 0.0806464383515004 -0.0677782375878384 -0.0143827128254427
0.327167934056983 0.218137518431358 -0.0462620895448837 -0.0240789166623687
0.219012986581665 0.334904846015617 0.0170228002764036 -0.0050145176630527
-0.030574648936598 0.439806624399216 0.0136032311162364 0.047742919803532
-0.309546355668838 0.361415546578079 -0.0473668702035406 0.0375473215130638
-0.370345548901746 0.190598070473744 -0.10975091609613 -0.0388493382053302
-0.343913756983982 0.0666940228651372 0.0576860421053024 0.122341722773275
-0.345069947061257 0.210524453906431 0.0105757300022902 0.019458434771428
-0.208746581662911 0.29388741881523 -0.068726845178668 0.0809421402059219
0.00733111514520083 0.345332574064781 0.00142616652446842 0.0944022752892694
0.183027590246741 0.300005252904226 0.0442532840754718 0.0965427841300369
0.284075165697422 0.182975562906447 0.0778251681453874 0.045217893019504
0.299559869070725 0.0692319561143745 0.0501393096552004 -0.00426090765956761
0.309645100069181 0.0329540686364901 0.0466344225617992 -0.0191840844937661
0.301325211569718 0.0318762797655156 0.038467427390365 -0.0170241765704849
0.33868935864584 0.0858076341106089 0.0317679904735173 -0.00640885586028303
0.313053489234241 0.215770796761072 0.0237247488228673 -0.00120264900555175
0.200954882728435 0.316346138597265 0.0399190905644346 0.00342433565593231
-0.0169208641592088 0.400741453045615 0.0418763174832495 0.019634736306149
-0.271092784805664 0.346648997280677 0.0138721611703904 -0.0221784918534788
-0.341042228159596 0.207099758610709 0.016445156636312 -0.101076394352069
-0.291717617669374 0.0838659883306646 0.207760295889769 0.083132500217156
-0.277317847878093 0.208758073318399 0.106261155461706 -0.0332100721434194
-0.155945041953412 0.260280399181196 -0.0226699552045511 0.0509802635929251
0.0133629094875309 0.292044807013384 0.00339774880781345 0.108872799797906
0.160725129777072 0.25824302399779 0.0846486137146286 0.15471648418036
0.247160912266204 0.160242258807695 0.164916041900371 0.0938094938147249
0.263375676009558 0.0622637551648562 0.161101831023345 0.0234441815135739
0.271892811626323 0.0346734108650395 0.159969437574872 -0.00554128647722957
0.261130927979279 0.0375845838078969 0.143285820751112 -0.0099969643519557
0.280531911049165 0.0876213768912587 0.116423884031844 0.00321512174297809
0.23720721390072 0.190863927341157 0.0803086450458077 0.0212017127282958
0.127214422418576 0.253219348758878 0.0519965409588648 0.0149278097378868
-0.0247865350687188 0.286857765333072 0.0565222909166583 -0.00246632247957936
-0.203050069189419 0.264707738599815 0.0574684036158572 -0.0701533304051394
-0.261781590929736 0.185194168379405 0.122686895921666 -0.155328563380552
-0.185004537085607 0.0860680254524617 0.33096763906391 0.0344301607070152
-0.153851471680687 0.159883724029458 0.182867869475403 -0.0816933841932189
-0.0720747633494672 0.164677408270213 0.0288603236107188 0.0120962572493606
0.0112529485414945 0.175876116188286 0.0115180544378379 0.101462092508257
0.104698393107652 0.165566528154782 0.116581938640647 0.180613072601375
0.165304698018255 0.107089409403733 0.229507537660706 0.12115951539231
0.18448762215664 0.0457390530869858 0.24999916769158 0.0419286856498971
0.192545658981281 0.031136174741568 0.248818688364549 0.00722737669432376
0.185678482166193 0.0385575549435253 0.221455486042841 0.00329176904673247
0.183876568511207 0.0783302259674366 0.171092731010443 0.0201229300063338
0.128676059254792 0.144915049094583 0.111651548519728 0.0467107491519975
0.0355024564494752 0.159775887559266 0.0470878738607508 0.02961094672672
-0.031167507141372 0.140189978428511 0.0571099598726596 -0.0143578550069876
-0.111049977681373 0.150783312950418 0.0825542957537422 -0.0968472090406018
-0.149638771927068 0.139559724245018 0.198426269541407 -0.18964180992255
-0.0473376030825393 0.0648027943460095 0.402766687914113 -0.015593904886231
-0.0153811788966408 0.0675127134657052 0.225923138725668 -0.12405216542261
0.00490630906924253 0.0317214373220127 0.0662725372196459 -0.0359850944358709
-0.00982625043326587 0.0381125964605984 0.0129382633322407 0.0766546002221236
0.0250955160949196 0.0571476347817448 0.130779300428171 0.173406704905328
0.0540017790427274 0.0450767270291619 0.260148312384846 0.122414991121071
0.0743075609932362 0.0269900061248042 0.302345425229948 0.0482292410533463
0.0853571466655779 0.0235629502008665 0.300485165824073 0.019529452639373
0.0859794905357198 0.0301158164841738 0.26411111152741 0.0217866393308472
0.0714326989672254 0.0509859768883044 0.196643801113789 0.0438079132240355
0.0223509841660625 0.0756776129425966 0.117864366046018 0.0708664102471825
-0.0316702892473491 0.0515616414018508 0.0290081502427523 0.0392967613272993
-0.0109413870691984 0.00222172562058277 0.0480757482872592 -0.0227456955599893
-0.0027042650741767 0.0466791816826979 0.0974555046220134 -0.104465904337843
-0.0246722183291147 0.0896879081245427 0.240804449916132 -0.201723384617308
-0.0612826664258062 -0.0514456332977525 -0.334049903557795 0.0605960887147522
-0.0929656743784431 -0.0123760071610867 -0.168069457533495 0.101945587687169
-0.0589990252572808 0.0541145564791429 -0.0620471549623753 0.0489829854043125
0.0195700829109386 0.0629342505559187 0.0349947409598193 -0.0137733336683336
0.0356621375594885 0.0334191503954416 -0.0242466850547384 -0.124486896830659
0.0409479844804197 0.0138698255430875 -0.13119651484125 -0.149323086989952
0.0332570737459413 0.00102124898924251 -0.219574934457288 -0.143096461244326
0.0350562987055198 0.0050874947185935 -0.264697614605118 -0.147064557243439
0.0388039269504709 0.00703393993477854 -0.267458384525114 -0.157551779619141
0.0589514033211223 0.0294945102033031 -0.206609388853055 -0.176620109890302
0.0566307144108752 0.0676041976326325 -0.101842133170651 -0.173218566046778
0.0167361668221748 0.107095224323348 -0.0164254671324081 -0.0704144816555221
-0.0992206564740891 0.100007544104897 -0.0949438990184901 -0.000163348396592174
-0.142172662623367 -0.00526898042285371 -0.233407388226515 -0.00889332143022864
-0.0935299285463646 -0.0618555221426705 -0.370310929084659 -0.123199581263212
-0.170418401756639 -0.0771784871645586 -0.308659360379611 0.0721376381013131
-0.198937864321158 -0.0054684085910535 -0.17457384551738 0.0820804002783548
-0.143353111971715 0.0889037321263641 -0.089520757648527 0.0652862390201028
-0.0257321180813783 0.143769686655784 0.0380953128405922 0.0145316270938755
0.045715241998958 0.135989260972969 -0.00203495839889248 -0.0997154097185415
0.10027575906136 0.102751071323593 -0.094380759531432 -0.137821747836109
0.117657779878298 0.0625727233756559 -0.18513718148519 -0.140253851114746
0.135968850753674 0.0629240108670467 -0.225903688199728 -0.136472694778744
0.136276692345056 0.0677615267749629 -0.231293899887373 -0.131443749273285
0.152915560800942 0.114146086116005 -0.185803516823829 -0.136099640041483
0.114880861170801 0.187808815371843 -0.0985984450110573 -0.134749340167465
0.022017942159801 0.237144813397149 -0.0142950457926803 -0.0396836283762924
-0.169245335161062 0.228407370495134 -0.086187082915904 0.0315586172012884
-0.291000830701544 0.0751006658010314 -0.212655450907846 0.0113738735866295
-0.249194027317655 -0.0406680808496004 -0.316991252265183 -0.107124800162941
-0.26372829585453 -0.100163508621453 -0.239903406284508 0.0965609343765735
-0.297516686006334 -0.00074617079601444 -0.151644909385669 0.0629789678711988
-0.22963787053076 0.117584557482263 -0.10978169592085 0.071815819403504
-0.0823783919023196 0.218700527572595 0.0240028995510562 0.0422428041549333
0.0432919098846531 0.236280181028235 0.00982301837678553 -0.0509543559821437
0.144612616670659 0.189412216970657 -0.0473680824818509 -0.0940214956433988
0.185471457970465 0.123267230825436 -0.122998051041724 -0.110179299661205
0.215157102544095 0.110857352421946 -0.151638355507942 -0.105731171558907
0.211981726033599 0.112351660460069 -0.157945590441443 -0.0916384397575858
0.231063563970247 0.17212329662881 -0.132383772265368 -0.0854574728599534
0.17462652132672 0.276038761317332 -0.0744978387819497 -0.0866476495795362
0.0463200255817174 0.336528668779916 -0.00336186996091254 -0.0136950484283305
-0.196560873768146 0.339297416200288 -0.0565930552939288 0.0498746475071661
-0.384759080820421 0.161310200093322 -0.154580221855579 0.0170752572356553
-0.361168095263182 -0.00180409704519273 -0.215637982546851 -0.0981491081579546
-0.326841886883526 -0.108899699707941 -0.126748668968192 0.131602237607536
-0.371918817400358 0.0140789161611207 -0.086669814032564 0.0494795163904073
-0.296481830757675 0.149771863796255 -0.107216826466636 0.0702233588323033
-0.127310425084942 0.280939771226204 0.00267275167732975 0.067969943969702
0.0386173628394558 0.313743310481641 0.014421796569557 0.0196299078712373
0.171418232777857 0.254247408559951 0.00721672860132109 -0.0215417727077962
0.227165073366307 0.166111268375233 -0.0403878196355037 -0.0545608840759856
0.259863416911698 0.14292850258976 -0.0553551953486637 -0.0575426222475273
0.255192238385139 0.138408968989601 -0.0616325316618157 -0.0438543958476006
0.275419625105634 0.201565913159114 -0.0533579210480445 -0.0336626526601361
0.211706291558099 0.319064022898721 -0.0302630772466772 -0.0351256630136765
0.069065967842062 0.382554675299897 0.0146371979015581 0.00792573098091075
-0.189460931708096 0.39164412266623 -0.0160712937884031 0.0480586083465092
-0.410361662921189 0.215624576240242 -0.0754918802769552 0.00259285753204017
-0.407607658827314 0.0361982453442455 -0.0847343261230373 -0.0973543245268962
-0.344571131016587 -0.0941420275520963 0.0168820878257116 0.166676571225762
-0.390914501374567 0.0399202953088412 0.0113215918242821 0.0405647880884224
-0.310744408402037 0.172551519219383 -0.0758987218588038 0.0630624239637647
-0.138481239191043 0.30357101972108 -0.0160267988879025 0.0904657947521779
0.0366758851986327 0.33788198259322 0.0194757849710361 0.100304350304855
0.17631245461239 0.274959415027886 0.0666017399929141 0.0663131860649061
0.235528425168739 0.180598385857966 0.0502814613712901 0.0156544236107595
0.264253058717302 0.152126184787846 0.0485347262353846 0.000471060220346775
0.256821386788132 0.14659579962733 0.0411491581331732 0.00521691396212422
0.269961106124717 0.204280446479228 0.0322294185259369 0.0127354811542879
0.20108960798312 0.311247897521787 0.0219312113332607 0.0132741212530791
0.0584815638120564 0.359507983115325 0.0320205499605986 0.0248059606506616
-0.162620728544937 0.359101525920264 0.0219946987311618 0.0342667541267697
-0.369746645411451 0.216306952206393 0.00312535299375133 -0.0252305211984089
-0.384340459897679 0.061514197459987 0.0508827509221397 -0.101359716081723
-0.303256231037674 -0.0558634928410957 0.167495906544568 0.186946825969611
-0.33134584394122 0.0654275154851744 0.117070348181089 0.0292628694589439
-0.249658536199057 0.165089052901322 -0.0244083187288958 0.0512590900105902
-0.111706842047287 0.258734964961324 -0.0232834113914337 0.103166548136903
0.0344121855837831 0.291292852351192 0.0300590066433969 0.169180953763244
0.153199812806971 0.240039967941547 0.122045071641524 0.145242272994586
0.207156681830126 0.161365970744264 0.137902741908923 0.085102130818352
0.229656166822333 0.138225122043311 0.143727780970221 0.0576706815744823
0.219003734916454 0.135404129297764 0.13128738938965 0.0518838374462889
0.217404845129373 0.182614329276072 0.102822923031435 0.0533731087345814
0.14219675874817 0.259892528454319 0.0626497186878628 0.0540243103359707
0.0163957335820263 0.27471222985642 0.0374494741087538 0.0386591584088395
-0.129317539050449 0.251407845697997 0.0462849212849646 0.0198904274352843
-0.277758218400716 0.164633711570761 0.0647787278290945 -0.0490071037169678
-0.301935086854247 0.0695228497794645 0.166110565975083 -0.102994324103917
-0.206755735737916 -0.00615456665227015 0.294458443343193 0.181738804510842
-0.202831060896221 0.0742633166276508 0.202488972132169 0.0108067711184738
-0.133928470094075 0.114643556077698 0.0319465992777445 0.0304463922000673
-0.0646901851663299 0.157075207803017 -0.0199948233701625 0.098595973582057
0.0235479418404388 0.18678807740011 0.042529966988982 0.20665034767466
0.102154317643012 0.160635372455848 0.163937128384108 0.196441498842436
0.144261956374913 0.114142603036958 0.208883534553153 0.137648782000891
0.160428856779071 0.1040281723574 0.218214485218524 0.104831840824039
0.151847439339904 0.106038010497536 0.194451637810525 0.0928025840678973
0.134904391906468 0.137308506657121 0.144414951530262 0.0892269479025581
0.0623583928149339 0.177359658835857 0.0797141098320449 0.0875115715335782
-0.029123821136334 0.156837199602102 0.027682445899358 0.0478449538145369
-0.0808776837526688 0.115458083103038 0.0543088490557169 0.00821231445609361
-0.154013720915971 0.0942957807486852 0.10299628528701 -0.0588969035994467
-0.183241969239189 0.067988396121629 0.24690865483642 -0.0976089787801904
-0.0712246132642261 0.0369672202694366 0.373663338322134 0.152879482083824
-0.0424990261683189 0.0526926495648836 0.252705891041145 -0.0171588660796974
-0.00942429733162469 0.0291573102708823 0.0766662555818051 -0.0043864212426026
-0.025241970355963 0.0290517221980729 -0.0164371294399442 0.0764782771209211
-0.00218457000488754 0.0582518684927785 0.0516650232617614 0.207994861928538
0.0289368150530221 0.0620977760061534 0.186158696575769 0.212715061663521
0.0545964494581188 0.0540726645535602 0.250462186479403 0.164642443680082
0.0678510956957079 0.0544015596521816 0.25948412469362 0.136947535030515
0.0666582247341836 0.0585196869760959 0.225438894623155 0.125559364794519
0.0453510195518976 0.0704384937397177 0.156611654207362 0.117897207390763
-0.006918618927664 0.0761566579160182 0.0741839329888452 0.109441554675888
-0.048331576156229 0.0349439721841545 0.00794778515795946 0.0475977069003775
-0.0122740668342175 -0.00354970474151395 0.0530032061062319 -0.00235599724954469
-0.0192452491214021 0.038551068527933 0.125137219541172 -0.0557819861873134
-0.0507305320144743 0.068319311030483 0.288676704627509 -0.0851456687282331
-0.0609355611051083 -0.0493920830510694 -0.327852089208587 0.0633808942395299
-0.0919847535078421 -0.0101585883422411 -0.162342052202551 0.102072722993641
-0.0576786708268481 0.0549079061604815 -0.060556787106906 0.0510250727031514
0.020698884604858 0.0608916782509727 0.0351102439552369 -0.0142421594338855
0.0354953742575049 0.0325630615773862 -0.0261629893680469 -0.121753884751334
0.0401586689361119 0.0120557787457125 -0.131888419624742 -0.144442253744239
0.0321602448435422 -0.000456162945655816 -0.2184110876569 -0.137979547797799
0.0342125064124646 0.00520966065585113 -0.265989543305483 -0.140813778010471
0.03785091390756 0.00763709796216507 -0.268002711430777 -0.150940813200544
0.0588390366591904 0.0281679603089116 -0.208149981904191 -0.170903712655938
0.0578840559572963 0.0655571518807246 -0.104644479687487 -0.169730207448285
0.0187883573280734 0.104719965173493 -0.0169045984782506 -0.0716094554515924
-0.0958486560466947 0.101295077550103 -0.0952970940970527 9.04142963678657E-05
-0.140893522823591 -0.00264723621446654 -0.22956089815093 -0.00554824122351876
-0.0939511713610893 -0.0606337920753394 -0.366760135365579 -0.116313430039157
-0.170693260127628 -0.0732832959961366 -0.303263583093148 0.0744492099861162
-0.196866318502802 -0.00102120222150644 -0.169897963704119 0.0825768526864889
-0.140902027906662 0.0913738448927213 -0.0862260928492526 0.0681407184727258
-0.0227153175067483 0.141413284338189 0.0384373541509302 0.0122167413162735
0.0484972923262682 0.134114200382369 -0.00317532795786665 -0.0971088139248266
0.100782184158344 0.0986601755975492 -0.0951477484770377 -0.134481423683728
0.117221672949 0.0607062914645329 -0.184669061031901 -0.134773852087857
0.136120484486612 0.0600047970170063 -0.226523471555358 -0.13217407978409
0.134818922145562 0.0664472736578156 -0.231663556704795 -0.125539012731133
0.152877247386322 0.110242957865355 -0.186211715391927 -0.13180449369605
0.117887717414453 0.183669445077797 -0.101405983463709 -0.131532684200396
0.025749844852443 0.233655250711563 -0.0144308750623168 -0.0409971376500076
-0.164337236587243 0.229558806763918 -0.0855066304676565 0.031567546742259
-0.286937106082478 0.0803137717887421 -0.208296520469062 0.0138861882091022
-0.248142092302816 -0.0384321220561689 -0.313328561376724 -0.10148711366838
-0.263628865977762 -0.0951292003729597 -0.233893486483088 0.0966996781297005
-0.294066302127986 0.00586731298201038 -0.147874590745994 0.0621626128231496
-0.227300609125897 0.120294154901487 -0.106842605052003 0.0756055713087132
-0.0782799003801825 0.21745625985662 0.0248210177325585 0.0398038990313466
0.0479733341417607 0.233251511877997 0.0098992462777079 -0.0486030829129312
0.147116279050593 0.184568381967863 -0.04694525312996 -0.0922426989747602
0.185403502123258 0.119193100037251 -0.123684806143109 -0.105279681399186
0.214792946954124 0.106847790782577 -0.152923991813995 -0.102608418660087
0.211852038216736 0.110139235508339 -0.158127278896652 -0.0883758017968742
0.232006654786575 0.167151320541622 -0.131489360998644 -0.0822414454258242
0.179708626796155 0.269846216793627 -0.0765241211458907 -0.0831829633249337
0.0517610291408541 0.333299693157897 -0.00236932602013732 -0.0143165196578387
-0.189437842855275 0.338387429451888 -0.0553170502933454 0.0477149169186063
-0.378094139482811 0.16730115899368 -0.150507208634583 0.0179192942557619
-0.357702677735986 0.000136280403218447 -0.21368281920495 -0.0934690100782451
-0.327611590628281 -0.103257938371554 -0.12211220235443 0.129740804297063
-0.367267289858833 0.0219655762471492 -0.0841827539447147 0.0481901875766546
-0.293567020549255 0.153246482624954 -0.103437130085197 0.0745053887001405
-0.122575097115626 0.280184144318634 0.00326953437798443 0.0653123411083709
0.0447397394241986 0.310245299946496 0.0159970216594011 0.0210520548763805
0.176165696243147 0.248176904130125 0.00853953495287602 -0.0219520871198233
0.22813099499897 0.161944102602713 -0.0416918091134366 -0.0526222330249769
0.260146720343449 0.137604333801817 -0.0568758398161232 -0.0559828000337999
0.254704002958927 0.135528808760275 -0.0616535905212508 -0.0436533204941396
0.276988600989585 0.1957235708438 -0.0524587788504206 -0.0326232136566246
0.218129275158448 0.313351136772032 -0.0313735263725348 -0.0330921462892076
0.0733250122797714 0.378403530784723 0.0157787425634319 0.00683617176907606
-0.181185735725808 0.391426072228744 -0.0146598612772034 0.0445187576719548
-0.403115362436249 0.224314211176288 -0.0727694348148871 0.00149119113521683
-0.404674174097271 0.0392393248788637 -0.0850949609520716 -0.0945299153627881
-0.344797738688351 -0.0884711984266934 0.0204901174805079 0.162416440700974
-0.38575176684015 0.0461076438824121 0.0117745897543424 0.0381206343095364
-0.307047059489626 0.177317937117053 -0.0720148364424038 0.0666807889833431
-0.134514947048919 0.302999704144786 -0.0147291533262443 0.0879233396195593
0.043600302444039 0.334232450921115 0.0231833706139347 0.101607459754872
0.18125503468671 0.268652409894828 0.0690402255513519 0.0633981355383595
0.237222861131373 0.176119469472272 0.0494267184758133 0.0161231620318282
0.26500075301826 0.146288950726811 0.0474810982617914 -0.000382103746746952
0.257287960082882 0.142964330409986 0.040801106016838 0.00347672550937782
0.271977764716702 0.198180280836355 0.0332000543893275 0.0108752372322646
0.206696690218202 0.304859044440458 0.0221059795321827 0.0138793070251673
0.0636050904268349 0.355796000360633 0.0326686398433076 0.0241386406592193
-0.155347236494477 0.360303528643465 0.0224180344369794 0.0305265460243241
-0.362498967071067 0.22167525209319 0.00454107419812624 -0.0278605610043539
-0.379739282077116 0.0634087541490966 0.0483936578789211 -0.0991157904749226
-0.302949537695693 -0.0512569412344517 0.169196177082904 0.180958187148761
-0.326456715429572 0.0709545505460405 0.115573780725936 0.0262456697971476
-0.247422488324395 0.167767193072083 -0.021193339093713 0.0533308905841226
-0.107941055166612 0.259222740628434 -0.0214080302733388 0.101702918249342
0.0395066282726414 0.28801225385307 0.0349956847953418 0.169690988772925
0.157878508117839 0.23506332165992 0.125626036648959 0.140932214023674
0.208861473405202 0.157465542142701 0.137330065749149 0.0833934557425355
0.230398432429766 0.133345529268526 0.143557584951666 0.0546701404318679
0.220010934618019 0.131605700827196 0.13095702878752 0.048299899204173
0.218918271929402 0.176543293417889 0.103120549512543 0.0500309035871999
0.147218996432991 0.254874991196159 0.0632403408835791 0.0540426959326981
0.0203439356001276 0.273057738823694 0.0387595024413003 0.0383157606591186
-0.124442630867925 0.251298673529669 0.0467796790269655 0.0151709482387974
-0.271364331914473 0.168955985255633 0.0639620561538652 -0.0521578037138079
-0.297857659429723 0.069864901899118 0.162211596612971 -0.102107136646095
-0.205667012594968 -0.00307414600375638 0.294580760038246 0.176813920779762
-0.199108617557082 0.0774720019776426 0.199743459469967 0.00800026590456022
-0.132795263857001 0.114984832693252 0.0336990716831503 0.0310978507068429
-0.063030092781511 0.157042298285666 -0.0186488448343581 0.0977316192956698
0.0271637637786605 0.184618618853425 0.0480040739824163 0.204887126964655
0.105272081612218 0.157856924968808 0.167824629225182 0.191030220892981
0.145596625020501 0.112032800983538 0.208268215975194 0.134094029323839
0.161486339938236 0.0996226650691919 0.219091780515229 0.100663666844596
0.152714051939185 0.102714812169098 0.194872718165642 0.0884363932257273
0.136546165604487 0.133041319966314 0.144314386738708 0.084956412797541
0.0657476722280295 0.174611090172998 0.0796899455935051 0.0856166731606983
-0.026669178110648 0.156623627355342 0.0282181890913557 0.0479528752274227
-0.079156910381063 0.115185153391914 0.0544599364140909 0.00419659770243018
-0.150046384769245 0.0964054670376934 0.100683314546897 -0.0618005593350249
-0.179552921732862 0.068137938411531 0.241246806938806 -0.0977692608814555
-0.07015562025076 0.036914059323387 0.371533347642069 0.146877697806531
-0.0406627704129631 0.05284889248268 0.248614810762812 -0.0188936083348504
-0.0101229289499608 0.0286038129348273 0.0766341532993475 -0.00481932599686744
-0.0251589194977481 0.029866749830335 -0.0156894681493987 0.0764322876797714
-0.000420955841251507 0.0584015390167925 0.0562101891677385 0.206423259706535
0.0307885122295348 0.0609316018674838 0.188707226197519 0.206470489610472
0.0560115795583359 0.0533068329502375 0.250190186342644 0.160025619203828
0.0688853175654521 0.0525179816182355 0.261258343594437 0.131220399988581
0.0666985035658115 0.0565444268628595 0.225658506484637 0.120630605194258
0.0462137878158715 0.0683204009030663 0.156561152005088 0.113521298100405
-0.00488427152473308 0.076328659771293 0.07538080070593 0.10618982701486
-0.0481338595856104 0.0367346484870468 0.00801969864472534 0.0479921421644877
-0.0135062066993834 -0.00358970246455377 0.0529495775889919 -0.00558129608063945
-0.0180505210576442 0.0389846816693525 0.12163002301871 -0.058238975962632
-0.0475796030587469 0.0674536781932879 0.28196932796521 -0.0858226945552471
-0.062121674460304 -0.047795988884747 -0.324768715899913 0.070595914667024
-0.0921735694869512 -0.00666278448003246 -0.157895889903508 0.104734487083858
-0.0561049261415884 0.0576320234073391 -0.0582855034908962 0.0547460470735286
0.0227794167084633 0.0590694259242658 0.0352863026409914 -0.016311349728174
0.036854668381872 0.0312958464320172 -0.0297610006277349 -0.120427758518969
0.0395998969952708 0.0101956222957762 -0.135181924224738 -0.140666415956145
0.0313389107955338 -0.00134656862960629 -0.22167791319439 -0.131591677385447
0.0345090999280591 0.00491497891333768 -0.271481799955615 -0.133944194968149
0.0378797866567098 0.00729586838879356 -0.273707153906044 -0.143002198725381
0.0593788075028535 0.0264112307193099 -0.213443176533137 -0.165236396114305
0.0604701369727308 0.063728948761401 -0.11006673213307 -0.167034613830158
0.0220793809671081 0.103781286492273 -0.0186195179540233 -0.0731281288829516
-0.0926491057429557 0.104627035915305 -0.0966365622977261 0.00224825079393165
-0.14148036036544 0.00186739057678148 -0.229201189757801 0.000758837641716878
-0.0967752597683282 -0.059072096379684 -0.368693618784688 -0.108424086886176
-0.173285591490252 -0.0686754854937189 -0.299824849668654 0.0798652352372844
-0.195774868745514 0.00627038914724062 -0.166241209126323 0.0847727231826391
-0.139826159598405 0.0958286074708109 -0.0837758262657235 0.0731130740099439
-0.0190411902858464 0.141678800310986 0.0390092808779073 0.0106377396817497
0.0529754399650468 0.131991109625721 -0.00522053559388098 -0.0960555445789698
0.103750097041352 0.0948272221913105 -0.0979163513473333 -0.131630534330877
0.118924864982834 0.0568632783241351 -0.188513635154235 -0.128907245559139
0.137724181184987 0.0569570993113377 -0.232021738892689 -0.125635801110736
0.137133641931121 0.064239280723328 -0.235812011808494 -0.119050519740508
0.156596124102246 0.106867207652636 -0.189738316893662 -0.126421251503551
0.124353743022418 0.180213573010259 -0.10530546551625 -0.128121155678257
0.0324752633745121 0.232858715610823 -0.0148041865728383 -0.0428200057647281
-0.157832759139345 0.235453562852035 -0.085949590131873 0.0321072120732866
-0.285397781153818 0.0892330167228183 -0.206000747191444 0.0177530507213956
-0.250775615459043 -0.0342139208559857 -0.314753206438232 -0.0944968261645324
-0.268494361852082 -0.0883688763681691 -0.230596577341871 0.100239258322253
-0.292829223221219 0.0155495330946718 -0.144478949234635 0.0640758750481859
-0.225687652180552 0.128342250028854 -0.10311120059493 0.0813983394248494
-0.0726523743396091 0.219510862941651 0.0256073461445833 0.037818226242111
0.0559629325911088 0.232014034015075 0.0100297962755044 -0.0477055381794509
0.153283541875283 0.179565495151191 -0.0481176061792029 -0.0917810569971178
0.189928372280807 0.115332939020118 -0.126348650324741 -0.101402791118166
0.218628032367699 0.101467356098053 -0.157653226852194 -0.0982834348124036
0.216013944196594 0.106065415948321 -0.161269030243745 -0.0841053242154512
0.237936483797953 0.16131977009005 -0.133194469116547 -0.0787229874568993
0.190298301403123 0.26552065297686 -0.0793728786392683 -0.080792432632036
0.0615793463475198 0.332728780497326 -0.0024661952983632 -0.0161979127943782
-0.180114265319288 0.345718960858977 -0.05473572374268 0.0469240215025797
-0.374304089898519 0.179485718794482 -0.148441802036492 0.0198935042373769
-0.359616206241263 0.00641899040650513 -0.214799925105432 -0.0885506811434606
-0.332031886032427 -0.0942044257381943 -0.118295645435817 0.129912981506949
-0.366871144339624 0.0337318256099581 -0.0823298627732445 0.048333354807455
-0.292127777074506 0.162602655331277 -0.099333021891117 0.0799274440712275
-0.115407736125876 0.284880199037141 0.00478710388647128 0.0639300869046092
0.0551146545000959 0.30968905786083 0.0190335800874762 0.0225900487498893
0.183894647761327 0.242733933153356 0.0101825581675434 -0.0236965618204773
0.234492076682209 0.156971563878704 -0.0435708887886983 -0.0500080565091774
0.264757773253213 0.130656608509835 -0.0594358014454395 -0.0552813022357838
0.259853237668851 0.130936076068557 -0.0629983682682739 -0.0421959035260035
0.283735149799864 0.188699081720479 -0.0526035865335897 -0.0321884717247935
0.229132864972079 0.306270975782159 -0.0322182848101016 -0.0305735811166963
0.0835460919572445 0.378535006393758 0.0169663965277728 0.00560449180846203
-0.171008540383327 0.398772402067323 -0.0139669112248732 0.0424820598494576
-0.396139551186432 0.236468080356287 -0.0717687511262328 0.000798469180787583
-0.405039620361305 0.0470593200348909 -0.0868875398219549 -0.0921123866369074
-0.349157742256313 -0.0792175744233116 0.0253691477094388 0.159499214727871
-0.383585662098882 0.0578594300438347 0.0126662495549098 0.0365727405395675
-0.306400811853024 0.186753075413192 -0.0679107689547477 0.0713106002680946
-0.127341835898608 0.307573588524042 -0.0126152165544697 0.0868634537999337
0.055151489254241 0.333949001954416 0.0287846196193135 0.102755555376625
0.190119431176558 0.263287109218432 0.0734800534064375 0.0599365711714
0.244213402665241 0.171062147791216 0.0499197116801702 0.0154702357796837
0.270414920717549 0.139457809662947 0.0466206449751841 -0.00211731038766838
0.26241733724878 0.137948745285651 0.041377146829943 0.00189153413439662
0.278808123073335 0.19070824269359 0.0342000290763773 0.00937659359234816
0.217817445736055 0.29980206620484 0.0225444003364068 0.0145695404876267
0.0729626626325479 0.355077679459509 0.0342115632377583 0.0232510581113365
-0.145611054547173 0.364177887727782 0.0230842013746855 0.0264712620702804
-0.354928151591876 0.233295295322532 0.00471012691355535 -0.0305873447394972
-0.37940214830788 0.0705223001465279 0.045675918563628 -0.0998789357615871
-0.306424595483748 -0.0430006169094927 0.174320897378688 0.175437244383984
-0.323935406919485 0.0812820871411478 0.116230330605088 0.0225841711513549
-0.245680320603085 0.175124743169289 -0.0179735190224816 0.0561155940581739
-0.102662555398749 0.263990680391299 -0.0198981938888004 0.101866781149594
0.048640153459898 0.287349650339505 0.0422835986472663 0.170557402880497
0.167099127753852 0.230223006196677 0.132027199077231 0.136046869713697
0.214735194501658 0.152611297489386 0.139083651231317 0.0814155309911199
0.23517105310651 0.127339538293666 0.145537806926382 0.0506277151826854
0.225138322484485 0.127091198878828 0.13251325958471 0.0441966412829607
0.225263530312718 0.170244766246413 0.104569778294151 0.0463389426988966
0.156750039713928 0.250594853880642 0.0645886113542908 0.0533204971621941
0.0280654478821845 0.273165033128828 0.0403229605916992 0.0375011798063783
-0.118165206176358 0.255424859492881 0.0472918114279524 0.0105720439050182
-0.265903614482251 0.177714389498439 0.0630077658729844 -0.0561067220830446
-0.295843122415055 0.0737904873547223 0.15870122294971 -0.103920318535387
-0.206755911931752 0.00192294749634247 0.299259882611505 0.169727318241411
-0.196183720944437 0.0827624310373123 0.199088504555111 0.00316725390773354
-0.132080617396636 0.119032665189868 0.0365141359066067 0.0314028666843372
-0.0595806086222899 0.16029684330313 -0.0166666434788931 0.0985301962595198
0.0326289006675667 0.184360199985488 0.055803298443588 0.205679862036771
0.111588103620295 0.154952143579108 0.175498530050441 0.185217832924776
0.150169638108434 0.109125626969509 0.212085574385087 0.129646793147615
0.165012836084581 0.0956171694270569 0.222526781891571 0.0950050380341215
0.156427287121945 0.0992673162949087 0.197649028742866 0.083033993191064
0.141217790904431 0.12845422639269 0.146501093307278 0.0799759018709817
0.0716949961864562 0.173076845058888 0.0819680932268269 0.0839526893320681
-0.0228365318112799 0.158091531873739 0.0301747118409069 0.0478380072630662
-0.0769288395738257 0.117111113566419 0.055417398573268 3.86198192437149E-05
-0.146793017709622 0.101229603914081 0.0983450149037001 -0.065932314733713
-0.176824999537881 0.0701047500735815 0.237631171389438 -0.101508858456873
-0.0694631636499941 0.0389341864568819 0.376483619965468 0.139321770777324
-0.0387233755587801 0.0532894578527 0.246861054647496 -0.0238777170744718
-0.0104523784156326 0.0282896031303546 0.0773525522158961 -0.00672398570908334
-0.0252489541069358 0.0313551967977301 -0.0135176449081232 0.0778638379645913
0.00116625923175533 0.0584698504218613 0.0638871540726969 0.205913340734443
0.0332789894264937 0.060077677230448 0.195901053206237 0.20060640791757
0.0582878060666094 0.0520713617456264 0.255146600426825 0.153919574737869
0.0705737886866956 0.050060806147484 0.266726927353904 0.1246943264928
0.0693794890593905 0.0541524460236446 0.229249492784317 0.11471616806569
0.0483839366972436 0.0666229010223753 0.158614531643656 0.108681071520523
-0.00307972693048973 0.0768692650602786 0.0769718969707681 0.104593431937843
-0.0470228679758041 0.0398812041393482 0.00936890666187397 0.048626648952138
-0.0150299752063725 -0.00348884167072546 0.0535660194118531 -0.0098937144083829
-0.0163788609654725 0.0394325201835093 0.118680891226139 -0.0618572363723839
-0.0450256503558729 0.0678230385444247 0.278175098117329 -0.090071292487485
-0.0636476224594158 -0.0444212451807486 -0.318061081952965 0.0815095734793508
-0.090866527749651 -0.00189186051642253 -0.150459983027508 0.108570900178402
-0.0530184741051308 0.0601684728113566 -0.0539472871994997 0.0584409783718385
0.0254456287465777 0.0564915887325382 0.0351020222501506 -0.0182278977851043
0.038129897216047 0.0287084043538408 -0.0346244979858151 -0.117300812104462
0.0389970207761255 0.00765757614899288 -0.140042122871997 -0.132100754362928
0.0300439237075585 -0.00305286261118626 -0.224621872783265 -0.11981782099532
0.0345730462367688 0.00443066810125276 -0.275975777742996 -0.120376291800698
0.037601455851283 0.00632155543297138 -0.277811189647381 -0.128204753798738
0.0603335010129204 0.024317888307591 -0.219143435690897 -0.152779655523234
0.0631131433020309 0.0594190834795597 -0.117706234247981 -0.160543791608505
0.0266369893265542 0.100818238358084 -0.0223158936070061 -0.0739858746608483
-0.0866970100343775 0.108844773933301 -0.09723708094865 0.00600217480856218
-0.139901473849689 0.00892894744998816 -0.225216440533135 0.0101464063260166
-0.0993085440620288 -0.0549651749282493 -0.367762390974426 -0.0939632337446286
-0.175280182309933 -0.0602767184306153 -0.292947676380575 0.0894475833124752
-0.193148745585359 0.0160561930674253 -0.159030060329209 0.0886327009894558
-0.134070671780844 0.102980636522281 -0.0781162462738716 0.0780114052547625
-0.0120613866203948 0.140569001824678 0.0393833491056357 0.00739859884437566
0.0594065889180348 0.128129923837366 -0.00802109307716084 -0.0952218985462437
0.106643815645122 0.08809820529965 -0.102217529024558 -0.125353076115857
0.119997481071541 0.0513871395671298 -0.191902049899499 -0.119224164542698
0.139648815203446 0.0508041437811669 -0.238012420134393 -0.113811105657247
0.1394889412123 0.0589084711985723 -0.24094638353738 -0.107079773909427
0.160662421330681 0.0987439314059299 -0.193443566474012 -0.116612690450879
0.133793454634775 0.172652356801822 -0.111480401948902 -0.122156618228348
0.0431515683611239 0.229670972576853 -0.016747667518807 -0.0437004334708881
-0.145486743982856 0.241826572261942 -0.0849212349303242 0.0342937638970916
-0.278840371922127 0.102861143435029 -0.201924857294344 0.0254128239637622
-0.251333551141586 -0.0244288264106772 -0.315185780466743 -0.0811791032461216
-0.270836593646108 -0.0753079522710684 -0.223700337127894 0.105935417812975
-0.288071277923969 0.0299910710966491 -0.139853851348847 0.0675986059097967
-0.218403637728615 0.138751591112522 -0.0965773020434964 0.0871875398826345
-0.0625828823673813 0.220780168389798 0.026790086270473 0.0348268259157615
0.067686424155674 0.226595973147971 0.00943460607298281 -0.0469624342420332
0.160657370963394 0.169496963159411 -0.0505741421510249 -0.0892719127557408
0.193919288597343 0.105511555408786 -0.129541157763995 -0.0943380734544378
0.222561311377984 0.0906260457025175 -0.162349490096901 -0.0904436476409033
0.220157215266675 0.0970620184188726 -0.164639028730065 -0.0762419325040465
0.243640521457082 0.149385754406644 -0.135515414975806 -0.072223421121647
0.203017561122302 0.253737782214637 -0.0828121032085629 -0.0747247773160187
0.075908400883734 0.327588995984928 -0.00265051167328264 -0.0176334824091078
-0.162284544452143 0.35270099790157 -0.053028042496409 0.0461794444406266
-0.362543362379844 0.1963597941814 -0.145101379546311 0.0239983116270569
-0.358447697755229 0.0206046649830569 -0.215872753016698 -0.0789094017891246
-0.33511887722719 -0.078527460867102 -0.111017375830146 0.130812070649587
-0.360836788627751 0.0511337948765772 -0.0792781846433435 0.0490276736285921
-0.283613291430389 0.177088782694428 -0.092852770727155 0.0855533738379166
-0.102170803532986 0.287950394952151 0.00740335152774787 0.0614825892195384
0.071297362175156 0.303351736819537 0.0225818193941762 0.0225452573715495
0.195725000086199 0.230114600738799 0.0111647290077603 -0.0253147718395111
0.240460988901714 0.144895954629729 -0.0454981060696619 -0.0473230179020541
0.27002387039719 0.117687114258807 -0.0631309020578078 -0.0523154662289053
0.265726160408035 0.11942663681049 -0.0656658826997097 -0.0396790800842998
0.291768293169815 0.17367613512898 -0.0532498611160754 -0.0300844488584983
0.243871158948013 0.292075834548246 -0.0334550953483524 -0.0270964890764288
0.101155020341024 0.372006526666508 0.0178217934962281 0.00348887565562474
-0.151310328625756 0.403804984448149 -0.013071293524719 0.0395921693187329
-0.382317467401773 0.254704757703818 -0.0701158368823751 0.00110383787892177
-0.40036329494455 0.0603597328823131 -0.0895981525840427 -0.0865079333108371
-0.35072902623289 -0.063248462004158 0.0323811828789915 0.154382226920377
-0.377225653538366 0.076477471500178 0.014814452974252 0.0334169096404245
-0.298141832972435 0.1996419749567 -0.0617335309511402 0.075517089417654
-0.112627678232279 0.31168647878694 -0.00956767247964393 0.0859646521167466
0.0710170434322531 0.329306295205252 0.0366623483346202 0.102241922192704
0.203386945003005 0.251130431350413 0.0770610979028026 0.0540706844353206
0.251948227976841 0.158931436475741 0.0497081012762862 0.0143335476569473
0.276036449262596 0.126194872816261 0.0458254158943652 -0.00463044983667576
0.268568382000397 0.12631311306732 0.0406356426767351 -0.000991158942401334
0.286317669379222 0.176053380615761 0.034918953806969 0.00688376312493611
0.232746357664912 0.286549425268401 0.0236257253883689 0.0149010678785706
0.0902609338225588 0.349892534851412 0.0360383387618355 0.0205632410631489
-0.127346776027648 0.368589481776864 0.0230261439957127 0.0214116085371947
-0.340407847861698 0.249248390386383 0.00330123845503898 -0.03357297234432
-0.374248370075625 0.0830097337500562 0.0421162614336075 -0.0991043284997216
-0.306262886333992 -0.030311965736006 0.18050008361418 0.164772757511587
-0.316954901678054 0.0947952804231366 0.116400247941085 0.0167445118559859
-0.237437109332106 0.186429897620069 -0.0127372465007936 0.0575891202991932
-0.0905563529362017 0.267612126799945 -0.0165720425033476 0.101523518262265
0.0630618744987351 0.282949774691862 0.0528746528852957 0.16897960314618
0.177140515989176 0.220484434299672 0.13844907302924 0.126339144462056
0.221890771312472 0.142717360422921 0.142211744754919 0.0751299621834511
0.239999692297363 0.115113989751141 0.146463131679399 0.0439396876365664
0.229821935888341 0.116428271376184 0.13358306120497 0.037396604200418
0.232158798846995 0.158609824098117 0.105982619237068 0.0400993826223164
0.168751153626022 0.241453436235944 0.067301476522068 0.0511637196383191
0.0410977244326813 0.271038648703315 0.0422843071687393 0.0353511777357662
-0.104965929474965 0.258937056074255 0.0463470826630715 0.00492395820626352
-0.254663579640612 0.188988648720488 0.0596039956329667 -0.0605116175540819
-0.291169334185394 0.0837328834960754 0.152750026542208 -0.107848795003217
-0.205222050950402 0.0109550705833576 0.304225810228321 0.154630838328474
-0.190290708051876 0.090926963913712 0.19760860656318 -0.00424608608673238
-0.127235459478731 0.12428758343312 0.0387852094624514 0.0304366884966639
-0.0528017557501508 0.163240928284789 -0.0131771760356868 0.098747293508975
0.042237997537083 0.181497796900844 0.0676156001464846 0.202857004254358
0.118236877127312 0.148026132278618 0.183524276103104 0.174251899049055
0.155630073586994 0.10160663486491 0.216458614205659 0.120725758031561
0.168729381867859 0.0868873526706896 0.226151877565671 0.0840198092545436
0.160517306149232 0.0908655606274609 0.200241665038221 0.0731994573916483
0.145989687513139 0.120232968925145 0.148165367620173 0.072121057476724
0.0798251559395182 0.168414858186748 0.085308623076201 0.0797656807718382
-0.0149267415973666 0.159288807377206 0.0321959129104045 0.0463496691453863
-0.0706463709050701 0.119614484513337 0.0539194433946467 -0.00661898318789463
-0.139719636688698 0.106966482671019 0.0939452205682395 -0.0705874876314828
-0.171981574275707 0.0748298175247898 0.230705140490754 -0.108106389236346
-0.0672298678264571 0.0405871972606853 0.378900039075336 0.123207068586698
-0.035679028283163 0.0544788027572531 0.243694909064603 -0.0324921438065705
-0.0101651285682021 0.0275386988933438 0.076439753991666 -0.0097228461042194
-0.0237574423275239 0.0330762053056404 -0.01043647784336 0.0787019710113695
0.00435860005938439 0.0578606508981558 0.0750363072787704 0.201441826677891
0.0365857739143199 0.0585919453208587 0.204493069870879 0.189420884687623
0.0614528590569203 0.0493348047754034 0.260747997955983 0.141848387855027
0.0727419952660824 0.0464522949967701 0.271451820476201 0.111284007050324
0.0712753816819386 0.0501579792611768 0.232909481222633 0.10306930080619
0.0510020784187455 0.063233281563336 0.161012053966266 0.0998489261900608
0.000757328058868312 0.0767930693104989 0.0809842099697599 0.100039115670033
-0.0447759544088908 0.0425076689176606 0.0117755871849267 0.0481895728700618
-0.0155234874519382 -0.00279602668427107 0.0519162689913504 -0.0145798258115685
-0.0141036803474096 0.0394689518253025 0.113845015125782 -0.0667033561962573
-0.040531153954202 0.0675600043391411 0.270456704092979 -0.0984257449247503
-0.063615965981878 -0.0400457789607792 -0.303458132387962 0.0899697087981292
-0.0870841681275263 0.00300617654229923 -0.139319790051569 0.109707204132835
-0.0475315415969899 0.0609671387509889 -0.0487955762731826 0.0602770614117661
0.0269515137734179 0.0520914533481572 0.0334992530663426 -0.019961173984326
0.0381887965285533 0.0251534723489335 -0.0386437219614585 -0.111113281883294
0.0369582589421407 0.00499710161419245 -0.139959780903357 -0.120315054235726
0.0277347597734456 -0.00381870054436548 -0.220917048712063 -0.106194309454437
0.0341427787309375 0.00287193045496729 -0.273684096552955 -0.103020324375018
0.0370959228239623 0.00579071805003656 -0.274781502901358 -0.110297283031979
0.0588214042746406 0.0205249699366801 -0.218664668270565 -0.137770531728753
0.064029665137516 0.0532484859062555 -0.122260248744224 -0.149319942625649
0.0304750958499448 0.0954260600808715 -0.0253486884466671 -0.0722610814099056
-0.0778024242506047 0.109839654576226 -0.094283968123558 0.00983443030332942
-0.134967792212033 0.0156343349935722 -0.215895316287561 0.0184856194229818
-0.0994931585507574 -0.0487737722986505 -0.357061384490567 -0.0753055380353416
-0.172616822494125 -0.0504176488305131 -0.278520663417973 0.095659305731014
-0.184021893801068 0.0249184212993663 -0.149330592262058 0.0904408194172521
-0.12384538145556 0.10704141859367 -0.0702034262704786 0.0800682946678984
-0.00500662105197458 0.135394711313136 0.0383959306105644 0.00408867326559795
0.0639410041018095 0.119681164196218 -0.0120633260441247 -0.0902240916457798
0.106952037963172 0.0788958285191546 -0.102782847556334 -0.116398136495003
0.118325107504334 0.0446964524259393 -0.19017912769773 -0.106106449675745
0.137894579794826 0.0428802483695901 -0.236265251097251 -0.0994690316042381
0.138209365270502 0.0520309872833061 -0.237293343803784 -0.0917468495590625
0.159955320884307 0.0885928207029358 -0.192731733149852 -0.103096367097692
0.138118496433417 0.159605557262382 -0.114022496253786 -0.112299257665426
0.0522843771921798 0.219615029191496 -0.0181334160872698 -0.0428035381522441
-0.128705806039026 0.241100823068268 -0.0819317662285598 0.0349409924470761
-0.264015899049682 0.112800156706413 -0.193089906652125 0.0312234960912436
-0.245365706668339 -0.0141678546320417 -0.306761568845774 -0.0657037858768637
-0.265351047462073 -0.0608981036226693 -0.21181104151566 0.108895018072494
-0.275008524744638 0.0424290783099366 -0.131466755493971 0.0683634692338495
-0.204301481136547 0.145882509731548 -0.0875640617725835 0.0896954257641783
-0.0502569670421637 0.2158071520776 0.0272332747071058 0.03135203448336
0.07642828199504 0.214436539269435 0.00873290541774954 -0.0452405481054759
0.163000938336468 0.154202749272927 -0.0514668901732851 -0.0851217667586758
0.192709490904013 0.0935087912176503 -0.129307328858107 -0.0850469947363818
0.21939360684953 0.0778421486597355 -0.162886081771856 -0.0797519508307227
0.218550918002501 0.0855188443149807 -0.16333219873335 -0.0662163419681616
0.243934197251111 0.133230521762384 -0.13388320321286 -0.0643524124122483
0.210041670558498 0.234867393665718 -0.0841468120418424 -0.0673564158900094
0.0887191716612904 0.313697985127134 -0.00271078520363926 -0.0185281492938432
-0.140539270556237 0.348746095614138 -0.0505494734281925 0.0448160603621905
-0.340399883593962 0.207333849298112 -0.137830862463434 0.0270021667934613
-0.346325295777089 0.0330222678031799 -0.211656745159855 -0.0674861759454799
-0.327377613955426 -0.0616779639123242 -0.102174276384329 0.127440438644121
-0.343689724452549 0.066783629861476 -0.0743162379053953 0.0479990230657521
-0.265972835627221 0.186270544152643 -0.0836622675486837 0.0879505517878487
-0.0855383929324724 0.283316733341045 0.00866240736295287 0.0587570749040114
0.083916406771753 0.28979426252659 0.0260793685124812 0.0212506401184172
0.200468668286758 0.211983417734143 0.010935537603357 -0.0269147052329109
0.240608557759912 0.129673163653695 -0.0459020884509291 -0.0434111346166859
0.267031155888446 0.10247121479217 -0.0643495258008295 -0.0470645245719915
0.263991467066492 0.105023015792738 -0.0656017416781632 -0.0355564868253853
0.290639352750545 0.154906044744282 -0.0527955759058462 -0.027452154525221
0.252184025149749 0.271858003643775 -0.0335981425625699 -0.0234738812961078
0.115657632179114 0.356166812829587 0.0173973601080805 0.00135072536458331
-0.127429338638004 0.397463034942851 -0.012220551945867 0.0362741694739255
-0.356865997656516 0.264172609473549 -0.0669349770812266 0.000768897175430559
-0.386015761429287 0.0735693012501542 -0.0899640836691655 -0.0799375660179729
-0.342534513817659 -0.0463506418165606 0.0369778482577721 0.144637100809811
-0.360023298686524 0.0918610297989202 0.0158870740033394 0.0294585545459432
-0.278373652062929 0.208590294726503 -0.0540106324079736 0.0760708896901049
-0.0962508490937567 0.307891154273997 -0.00683674340960468 0.0829480655547579
0.0848043706243576 0.314421885937689 0.042793421922178 0.09727381478861
0.209197822703224 0.231784287214531 0.0784914556111313 0.0465396040834712
0.252257338698584 0.14247519754508 0.0487672048281017 0.0119827418365954
0.273666407640009 0.109969455027687 0.0428765359088174 -0.00607198178241716
0.267091319489551 0.110670763625739 0.0381507356137255 -0.00303646331234195
0.286215481516709 0.156620480647733 0.0338279048761118 0.00402924512379099
0.240345367268643 0.265329707788264 0.0241175985500709 0.0146334104312763
0.104177868087532 0.334928564020271 0.0362053196893599 0.0176157994634538
-0.106068270851957 0.363176706194755 0.0218696940986584 0.0167531625726703
-0.317069041167779 0.257142855175686 0.00171882401322274 -0.0351119239237763
-0.359516394502429 0.0929171625838823 0.0359831880884366 -0.0968338354709512
-0.297815700848267 -0.0155112370130827 0.18121012095492 0.149929654159254
-0.301012520750592 0.106052386095517 0.113485086486836 0.00967135714152756
-0.222169074427193 0.191489253552133 -0.00770392571356232 0.0565499120236795
-0.0762203421727614 0.264119823786695 -0.0123895663168988 0.0987676190974035
0.0741238211109297 0.271177378908665 0.0619025362781076 0.16085966646485
0.182102954548387 0.203964367797717 0.141313327356138 0.114182439329996
0.222511253531848 0.127606812158866 0.141170889593839 0.0670086033208029
0.237937551323776 0.101078163174355 0.144175326268637 0.0358404213502116
0.229192144959676 0.10251050030105 0.130360672129677 0.0295300357104153
0.232073534466623 0.141547258498619 0.104032275613221 0.0335107932494752
0.175740842617011 0.225073525537544 0.0682567679896015 0.0472482693988083
0.0527074204913879 0.260136906912166 0.0431112250501589 0.031744465870241
-0.0904489643503197 0.25484475302782 0.0439044447154403 -0.000857786851576834
-0.236957438163267 0.193683484729977 0.0544952722553961 -0.0628742238579345
-0.278111068303959 0.0904001909454775 0.143160599475637 -0.1090893655396
-0.198893351720448 0.0193365790880626 0.300979642879749 0.136628772410578
-0.178148661325235 0.0960666043686896 0.190319389027547 -0.0127590834404648
-0.118108789066234 0.125893337956444 0.0405326538839412 0.0279795561640292
-0.0438923811293347 0.160498461945007 -0.00918485055637437 0.0964367506500596
0.0494555835366656 0.173421428212291 0.0772677654583053 0.193459352051523
0.122234176579367 0.136819648034062 0.185880993567613 0.15848956148312
0.156289426426665 0.0913878867668996 0.215169794483336 0.107196187496944
0.167432657523801 0.0758765423703403 0.223451668203893 0.0710388108843811
0.159777312617883 0.0807296798695759 0.196084628963188 0.0611479244888911
0.147128180195897 0.109109349045235 0.145311528187339 0.0624204842943082
0.0859401117122818 0.158899428058046 0.0866196011464693 0.0736895220865119
-0.00640028137732151 0.15547775204039 0.0338018865962596 0.0431791857348355
-0.0633147198200993 0.117841727573334 0.0514628509685324 -0.0113604884994462
-0.129416929163405 0.108828276355026 0.0866401151373521 -0.0734423664924309
-0.163018368687517 0.0773983978847444 0.217619344808916 -0.111544533091443
-0.0627601786924313 0.0424033263666222 0.372204122184504 0.103606271480954
-0.0311640987844885 0.0535041068879472 0.234127016952744 -0.0400886712307819
-0.0097884149054997 0.0271475169114668 0.074056012074698 -0.0123434812722954
-0.0217404550225935 0.0336422071308113 -0.00656128317362517 0.0777336237445646
0.00680039937842341 0.0560199967684601 0.0841919776810972 0.191691457067682
0.0386415889983646 0.0549658386611573 0.206768896845049 0.172415855951761
0.0624665629010547 0.045146453381706 0.259379483860486 0.125850242805997
0.0725663287361751 0.0407173595948699 0.269038208899723 0.0944937178279133
0.0709024386423822 0.0448046057951901 0.230252668094674 0.0889967474696299
0.0515044966047571 0.0579474578488694 0.159158623426468 0.0888575540826619
0.00463640515476284 0.07496443023182 0.0826548972750809 0.092896574128667
-0.0408934636338529 0.0440154733861775 0.0134658359664413 0.0466575258565311
-0.0162948878187307 -0.00244539367530264 0.0489980579339369 -0.0190530314070358
-0.0112181113975118 0.0381453577170199 0.105830542675637 -0.0689008947305465
-0.0351920625033398 0.065395516107929 0.25600737065795 -0.104429427714349
-0.0681754065494675 -0.0291002968693808 -0.270713021697612 0.119266381494735
-0.0816161556201938 0.0134151218403451 -0.116293626690051 0.116594153507102
-0.0372792084387898 0.0633424649722257 -0.034982687824844 0.0600892694247354
0.030138851392686 0.045540575175354 0.0292792643467935 -0.0261916945457238
0.0387493913463148 0.0187318410348261 -0.0507982917218288 -0.101755715225954
0.0339798506955739 0.000947714535653771 -0.145741440429628 -0.09963105235463
0.0236869105575219 -0.00580678335260763 -0.223409020673953 -0.0789608736882058
0.0325028496782429 -0.000558076711007421 -0.269000523534259 -0.0652604191069789
0.0362170017126132 0.00337039603636781 -0.270591663817188 -0.0737404206405576
0.0580739532175408 0.0143086880882611 -0.22035143071159 -0.103907608980846
0.0668008871915154 0.0433146550807945 -0.130401652039301 -0.129400805387662
0.0381763238785268 0.0852720575998551 -0.0298937504308551 -0.0667226130844691
-0.0579427177323334 0.112739028652234 -0.0876851119407303 0.0241712696263653
-0.120622660656634 0.0319718972576793 -0.204880545563375 0.0454618433137055
-0.0991334790756337 -0.0282566918841504 -0.349334095262665 -0.0351108959358369
-0.174335310699937 -0.0254776152656386 -0.237954749776101 0.119727951042567
-0.170373845876189 0.0432338136141094 -0.125231804676297 0.0993306926558674
-0.103743536067173 0.115139010316042 -0.0494858019179916 0.0802465787830517
0.00858035783287916 0.126698335583684 0.0388551796811786 -0.00615782688367458
0.0734269700267855 0.104825466435662 -0.0211323225428021 -0.0896834368532792
0.108282662876306 0.0623250981669231 -0.109627105964151 -0.104085195773979
0.113996773928464 0.0297276972018205 -0.19123316964875 -0.08479088759012
0.13498831380738 0.0255430715004848 -0.233195939043009 -0.0651908932593179
0.137314182317942 0.0353283993736104 -0.231906155137429 -0.0612196034172318
0.159739775327982 0.0648210970402675 -0.188825172006197 -0.0762981091192166
0.148330267367453 0.133719942505962 -0.114881090928928 -0.0954251827619147
0.0719246435711302 0.198448954788443 -0.0165353331194403 -0.0389242681309897
-0.089214093923676 0.241296361211676 -0.0706525537487677 0.0497642896069956
-0.229016522638914 0.135677348037393 -0.184575214741283 0.0608411622456889
-0.229466430781991 0.0199943277164313 -0.304664908537734 -0.0308392987139746
-0.265976538393361 -0.0239757152312548 -0.164830269099737 0.12462001117039
-0.254647918129031 0.0693299803257564 -0.107903905046015 0.0762454496614921
-0.174916201288634 0.161425955696107 -0.0603082714170838 0.0910376919952278
-0.0256111893826718 0.207296208043697 0.0347026608092683 0.0193254542716585
0.0954318225271368 0.192527977062252 0.00583157558365682 -0.0530566349674877
0.16945203654414 0.127003217151565 -0.0570489501404417 -0.0844982836363523
0.189501607266297 0.0678673788811774 -0.129971178362233 -0.0720245724662743
0.216402023025179 0.0493692561620277 -0.162216328483325 -0.0559633174570511
0.217122565984242 0.0570730730205885 -0.158288719306779 -0.0454619833840775
0.24324000473284 0.0974043915338363 -0.127544543017556 -0.0472975930399487
0.224274695348608 0.195401980974418 -0.0787700294319229 -0.0577813216317813
0.117142661722401 0.28236554702701 0.00389351806802079 -0.0169043043960032
-0.0865536746772084 0.343160034905949 -0.0378266946505581 0.0582602016241003
-0.289163695820707 0.231495606658582 -0.134923742042922 0.0559067335443388
-0.317475793011897 0.0735108568449522 -0.218081749761457 -0.0407529977551797
-0.326298846676303 -0.0168185990544578 -0.0541559581766443 0.129611793855352
-0.31705604252593 0.0978090145585574 -0.0542720727805423 0.0490371594373136
-0.23020239023444 0.206346495828216 -0.054132463886327 0.087049664208537
-0.0531826580788809 0.275323512328063 0.0228573908775893 0.0463045709588412
0.109823135717481 0.262213802284714 0.0315869920431402 0.00466757537844636
0.211519698933687 0.177299945387162 0.00947380392028525 -0.038920267795287
0.239417908864528 0.0970954553300556 -0.0440022891589663 -0.0425101330170997
0.263828725664738 0.0664785706549694 -0.0656109774469747 -0.0370318499346937
0.262904202163707 0.0695855941935808 -0.0621330470657243 -0.028349594696714
0.289330180643111 0.111682792960677 -0.0451124554599796 -0.0227915876638821
0.267835998140773 0.222841805021354 -0.0249202461800251 -0.0224003224575643
0.147023128387624 0.319141124051102 0.0270266924827974 0.00028861425878512
-0.0687621671245947 0.385785189286097 -0.00126291601442511 0.0455626956618459
-0.297313459945106 0.283766609899115 -0.0709464884124189 0.0254671650261807
-0.350729913386836 0.113375458638497 -0.105021890819911 -0.0645656951585864
-0.337754641914712 -0.00207759958408663 0.0804741184627906 0.129339035816334
-0.328759346069899 0.122139707127695 0.0293491528472651 0.0206188316375024
-0.239896540383754 0.229612104170062 -0.026462382787464 0.071006193155194
-0.0601493160583261 0.299442443652875 0.0125421769799007 0.0713416812233447
0.112693543364697 0.286278419260186 0.0588843908766393 0.073922375736337
0.221918128465268 0.19560652835128 0.0822193311810478 0.0222297296203107
0.251908540856274 0.107417699973778 0.0543620150762032 -0.000890085713787506
0.270244183152538 0.0727875800467302 0.0413698518163356 -0.0105934018057925
0.265586263006058 0.0744895342051502 0.0401202372637601 -0.00889895193176461
0.284744501086999 0.11352656279854 0.0396455347675995 -0.00291424683967816
0.256686648152358 0.219347473502839 0.0333831988728215 0.00738658812656297
0.133241152291166 0.300817990858116 0.0466567297325723 0.0138204788911919
-0.0546323535608961 0.350616481446279 0.0283733158960754 0.0213163864190429
-0.262709256466172 0.273038395312917 -0.00911969780928269 -0.017220295480793
-0.322121425081254 0.12652824613535 0.0132672527559655 -0.0933858969491515
-0.289789493404894 0.0221155555320143 0.213511883531787 0.11717839137099
-0.271776128477919 0.130302970564675 0.118021334017231 -0.0085222948930235
-0.189007042490385 0.205856100602857 0.0126051221962044 0.0476354140638051
-0.0468833979642874 0.256655076804043 0.00794337137818219 0.0883490252115734
0.0980626048903864 0.247382796755548 0.0837046500852559 0.13343992229717
0.194011450400556 0.171834697711678 0.14880036388906 0.0815127942637682
0.223395652294047 0.0961989741228736 0.148413776854803 0.0423605971945135
0.236159080348706 0.068334429791694 0.140998019921822 0.0171630844079581
0.228346491331984 0.0702739309530351 0.129951539127611 0.0125492672571861
0.232039485347096 0.104448071494219 0.107635316799912 0.0172605349080723
0.190749512280388 0.188654956443721 0.0766146796008369 0.0346143622911968
0.0776409582220609 0.236604725474011 0.0520587551089927 0.0278272396555693
-0.0532050203348052 0.247547568473063 0.0446365595962098 -0.000128879474720723
-0.196176609618735 0.203955924895242 0.0382244943250251 -0.0531560390333127
-0.246820366640672 0.112904223142931 0.115861465923852 -0.116124910357359
-0.187910983045542 0.041951307450944 0.31637855905391 0.0908035559149464
-0.15758966087427 0.107109220007681 0.184900402034079 -0.0368748332846141
-0.0985923637818062 0.132040690944654 0.0491992307455121 0.0169651220141824
-0.0262832198070366 0.155579885774847 0.00784048058847386 0.0889734895815299
0.0637286300423703 0.15846675172093 0.100833691881548 0.165906408088534
0.130200339650649 0.115750292057439 0.195561384523344 0.121672782678144
0.158232470374002 0.0691453841364102 0.222915730031432 0.0747057178725309
0.166634371062093 0.0530185638074347 0.219693741221717 0.0409785480955621
0.159393094566848 0.0569720697567847 0.195358484715028 0.0350904327829077
0.148061844874579 0.083710319523797 0.148229217457048 0.0406003817421436
0.0987176769642626 0.137475018974523 0.0947853534000584 0.0594812626944513
0.0112832442734438 0.145864565740757 0.0413091837699866 0.039746094386884
-0.0461068241208561 0.117099669567744 0.0470017717820664 -0.0140987075371434
-0.107475898116327 0.113352837751559 0.0698888122832641 -0.0718431060837817
-0.142119379792399 0.085835065068176 0.1896127601273 -0.126194627341227
-0.052891990859282 0.0469932012707786 0.369677386299863 0.0539593720354959
-0.0231526713310453 0.0523139424886928 0.218268451941812 -0.0643920464247271
-0.00700497407551791 0.0262987082016314 0.0711892048375665 -0.0213683958123109
-0.0176507603900157 0.034206775964738 0.00481239251737631 0.0744423621110128
0.0119496922391 0.0528590576480372 0.105786210988095 0.169350942463869
0.043047858700725 0.0470572878077687 0.216972948012557 0.137442210369128
0.0657350328180279 0.0353387979436595 0.264932016260469 0.0904304616438204
0.0731749113966538 0.0295904147201754 0.264464748089915 0.057979079470182
0.0710685456496191 0.0324181274834125 0.228247330952073 0.0583051477061368
0.0532723493796487 0.0472300824318245 0.161018429822865 0.0652580531238472
0.0128073798907996 0.068832682427345 0.0899893247164738 0.0787641818559118
-0.032852922301753 0.0456445132561151 0.0184761010089039 0.0450222211601803
-0.0169553048088537 3.22299677305805E-05 0.0431738082922742 -0.0246971080688102
-0.0073694094089678 0.0350477624896939 0.0912357544254228 -0.0752802662174272
-0.0255313007393117 0.0601826630833638 0.230254864518154 -0.12334411460455
-0.0646208518231577 -0.0288434694655736 -0.260934821921533 0.106876230463653
-0.0774602635435859 0.0118066380271615 -0.11264928014994 0.107680599243482
-0.0351869905222932 0.0599440334035032 -0.0332577894450099 0.0572635465183156
0.0280011145913452 0.0432685046048111 0.0281356580620355 -0.0250401543623865
0.0366724879246146 0.0179002451427617 -0.0472326208938572 -0.0964762735329447
0.0321551232583798 0.00121852872537118 -0.136250229912998 -0.0968362688410295
0.0222038048348585 -0.00481309582650595 -0.211798419965293 -0.07894542967071
0.0313015906580209 0.00013129052934027 -0.256538704310571 -0.0657683953356266
0.0351176217167872 0.00439460457669268 -0.257558663149344 -0.0735443434959715
0.0555054181273171 0.0144707648781468 -0.208678357906448 -0.102477509774848
0.0629687180882739 0.0411293321721435 -0.123907460674902 -0.124685243476531
0.0348411154103379 0.0811719807435373 -0.0284107929229948 -0.0653695069785898
-0.0561985666129803 0.106788590876254 -0.0850071614596473 0.0215843267436916
-0.115869151620396 0.029221623267487 -0.194722573127307 0.0385914427234061
-0.0944216010187689 -0.0288112910924324 -0.332479221315405 -0.0413198956233968
-0.166111185716389 -0.0269018922155971 -0.230202285883464 0.107894990106115
-0.161465674701997 0.0388952791519303 -0.121609192635494 0.0899224342916344
-0.0991613193535947 0.108672723516107 -0.0468124710588954 0.0768551895944498
0.00665143428641177 0.120442560138109 0.036561011426308 -0.00594650571521743
0.0684753357641149 0.0996463935772339 -0.0185086086271205 -0.0851878083814337
0.101930497383913 0.0599023690815986 -0.102608120058065 -0.10139352401294
0.108351052058809 0.0306891537314059 -0.181402993860408 -0.0829019548739179
0.128946035912306 0.0262683925133063 -0.222734550564387 -0.0652549283916307
0.131974139140611 0.0364588575088427 -0.221105355814923 -0.062295149940101
0.152431158744368 0.0650957497592822 -0.179010756744911 -0.0757956588293625
0.140413776682741 0.128052276082438 -0.108806586664923 -0.0916057892553305
0.0658871699518499 0.190359846059094 -0.0156379077108908 -0.0389884139879464
-0.0879663308743908 0.228840287763192 -0.0699767892850315 0.0459318006762584
-0.220794593399929 0.126255245331612 -0.176702073470758 0.0530100195875947
-0.219975026560208 0.0141636685153516 -0.289932307609568 -0.0360239327454621
-0.2531817887737 -0.0266082317370801 -0.161501543940007 0.112642329757045
-0.241958695148055 0.0619288517229262 -0.105745014029227 0.0679274119741431
-0.167895845771981 0.15186153029009 -0.0573004808887294 0.0860946584767909
-0.027089931566149 0.197208437140143 0.0320452248653642 0.0190283370956384
0.0888026629307353 0.183468344570049 0.00740427336482886 -0.0504392792973671
0.159875941339665 0.122022388260917 -0.0525144850659135 -0.082027055086253
0.180439941327449 0.0676307942615369 -0.123199464805045 -0.0703902886834621
0.206553900443583 0.0503671027254286 -0.155096778663329 -0.054720807239753
0.207808778594511 0.05803756775193 -0.151014482188003 -0.0457357532286824
0.230947643603503 0.0964557404882394 -0.120804916586696 -0.0473320877119606
0.213004008931993 0.188267944465034 -0.0745190167319519 -0.0548277850050285
0.108339705863034 0.270603117612592 0.00328003910978405 -0.0171985115592113
-0.0873648643456803 0.326114660164738 -0.0390947979649528 0.0533803014988299
-0.279227221770983 0.216142863975426 -0.12954721154757 0.0483693511883579
-0.305658494944723 0.0635435822038429 -0.206947152164666 -0.0436360058858209
-0.311309564771211 -0.0216711645920799 -0.0560185092228496 0.120055516078519
-0.301482606557876 0.0886125983968439 -0.054363141480221 0.0434208737352898
-0.221675980440118 0.193184532770695 -0.0508348619256265 0.082633903218011
-0.0544148381922502 0.261745850088686 0.0202147711354171 0.0441288421423801
0.101868599323797 0.251350875297316 0.0317548855093628 0.00470899461384089
0.199469722917164 0.170340018628203 0.00979872864821374 -0.0393286438688662
0.228501258489508 0.0952702970859792 -0.041679136625256 -0.0408285039773111
0.252533431683135 0.0670943715475992 -0.0626883679181937 -0.0352808830836429
0.251373658526127 0.0709070773856234 -0.0595010954002761 -0.0277364561892108
0.275653765084263 0.11114851257613 -0.0429927729922298 -0.0230406017019463
0.25519873308644 0.215001413752657 -0.0231256600580203 -0.0201961782670132
0.135628371053784 0.306353390928736 0.0258554475206891 -0.000689713922928671
-0.071066859005611 0.366625737950525 -0.00418911056640735 0.0412282822684339
-0.288317681096346 0.266556185078873 -0.0685071266655278 0.0210056056314562
-0.336660718602677 0.0997586803176732 -0.0992527982397275 -0.0636676598465222
-0.322161904816444 -0.00710373001844134 0.0721520503025555 0.122522333211684
-0.313676172632707 0.111683472820025 0.0262868515698375 0.0177190935019862
-0.231527173765926 0.215127668204979 -0.0243020227757841 0.0675745945925334
-0.0616145434682372 0.285828287260609 0.00940099299599932 0.0679184206541804
0.104865537095553 0.274189026610995 0.0568447470104519 0.0706436033717699
0.209072024323913 0.188112193739425 0.0782945111328584 0.0202102828978458
0.240623194254589 0.105235245220975 0.0514065373144658 0.000277502730961312
0.258304237504287 0.0732663598535271 0.0394114171545071 -0.00858103263576471
0.254039892806959 0.0746984336589675 0.0382024168350524 -0.00794864360753893
0.271147877275475 0.111584546952145 0.0380106314601492 -0.00276695088993485
0.24401031820646 0.210339178147393 0.0324153050423542 0.00891187424125254
0.12482697816836 0.288666162231506 0.044183169069577 0.0132285404197483
-0.0570326472460392 0.332406373285362 0.0241625678733979 0.0190349476269019
-0.254895128829922 0.255845891376127 -0.00901576632206125 -0.0190272548716781
-0.31095682622687 0.11257569658884 0.0139355977702826 -0.0884102246648604
-0.276916239022425 0.0159733850736649 0.200534057318332 0.114650505599633
-0.260533824439405 0.118545659856953 0.111655021617964 -0.00786525297505671
-0.183796899897481 0.194301998923205 0.0130913219846919 0.0455662654831096
-0.0483434137138669 0.244457567159335 0.00471187079538447 0.0848124887785724
0.0905382364570032 0.237000124628496 0.0805072575021254 0.128090050530756
0.183444739323889 0.16533245709244 0.140879034873459 0.0774448275147346
0.213525387140298 0.0944950960481061 0.140926753334377 0.0434321494271457
0.225057214067266 0.0680905436661825 0.135669181552314 0.0189939004349839
0.217979494686363 0.070227251094455 0.124081205466635 0.0138790882796299
0.220255220578543 0.10295427726656 0.102247011013329 0.0176889380781248
0.180730321115676 0.182095796036888 0.0737773713793827 0.0345195449750671
0.0713169220398707 0.227149645320725 0.0504498635253514 0.0269857399778871
-0.0543792092052658 0.23427218374312 0.0402408818064003 -0.00137918369331619
-0.190129664135796 0.191100342569998 0.0364098869462313 -0.0516788723362736
-0.239017561992555 0.100839374219523 0.112937324092753 -0.107386429777393
-0.17934262759688 0.0357835195417334 0.299768082501091 0.0922547911497133
-0.15164975395283 0.098701551281601 0.176523088809608 -0.0330165968098042
-0.0964761910269768 0.124125850552571 0.0478127353164714 0.016661513886885
-0.0276309133039651 0.148688223574285 0.00573352840540234 0.0859810337812669
0.0590157790579204 0.152240692608257 0.0960217726184782 0.159500092989048
0.123202102101274 0.11187619564534 0.18543811749672 0.117746117997481
0.150845103075933 0.0676091387686869 0.211939216186668 0.0750793606565007
0.159227716185052 0.0527801701407399 0.210187427256584 0.0428075771375562
0.151782815419138 0.0560933942139886 0.185783328879747 0.0374036783505585
0.139564211606103 0.0813811522341314 0.139632396450746 0.041038093783784
0.0931357322276842 0.131986381470732 0.0902368731311104 0.0579199106306068
0.0098309846759147 0.138771881578634 0.0389134780853863 0.0387240200821413
-0.0461148124074082 0.110253129335233 0.0430460002476992 -0.0147876425002037
-0.103915381093624 0.105626281320688 0.06699974327619 -0.0672617988405208
-0.137626838999892 0.0773697556800095 0.182895627598349 -0.115062537615196
-0.0502777490707595 0.0432211461260128 0.352327996228193 0.0580474074629202
-0.0226698758069526 0.0489430587780121 0.209865522409796 -0.0576189276129221
-0.0077648816944815 0.0251519419907466 0.068351222302562 -0.0190735865469743
-0.0176175811294588 0.0329484079884492 0.00410651618404257 0.0723495495591656
0.0106733127691467 0.0506958519521349 0.0995398522168237 0.162129310343683
0.0408800226594816 0.0454100616950749 0.204683704369075 0.133494611877578
0.0635184200271648 0.0340245851845571 0.252020765010417 0.0901029885147603
0.0697152579608606 0.0292066586793778 0.252723601873261 0.0583491618430272
0.0675543890650289 0.0321964062688084 0.217507862639563 0.0591534930212521
0.0494915011194855 0.045454772711056 0.152270449503262 0.0648220690481414
0.0122230447097542 0.0662049171692217 0.0844072554258589 0.0758982560829064
-0.0316830452113971 0.0438906542585058 0.0176570619194344 0.0435525635223705
-0.0165699594901619 -0.000884414047929977 0.0395796873436158 -0.0246471631786008
-0.00756681462789463 0.0328089190652972 0.0872685285236189 -0.0694939881330024
-0.0255637309589353 0.0554340492508154 0.221474562038535 -0.111166230432676
-0.0624732183511347 -0.0306178236538949 -0.261801993705963 0.091801872916645
-0.0755352187648601 0.00873452729206496 -0.11585967601339 0.0999917682496005
-0.0364006298106277 0.0575668324297891 -0.0345475888935312 0.0557001179722314
0.0258176107546234 0.0427745291755296 0.0284401961643693 -0.0240460243861443
0.0343972621343999 0.0184430049056554 -0.0425023066579475 -0.0965358816347104
0.0307857666218515 0.00197884227739417 -0.129414197798115 -0.100712768846011
0.0217920188131388 -0.00318719022471001 -0.204907272232662 -0.0860429835892047
0.0308109489519367 0.00139783204058398 -0.250583404925323 -0.0743816782324767
0.0345650887188291 0.00635579196715147 -0.250694665755071 -0.082768916721328
0.0543757898515944 0.0170050234355794 -0.201658242142963 -0.108841582253748
0.0607061611042573 0.0420274997784189 -0.117306248523265 -0.126524500761511
0.0308741602748736 0.0804903443388891 -0.026723430755203 -0.0669562876495004
-0.0584110857993762 0.102483867750945 -0.0846098412445821 0.0180282127500593
-0.114687633659069 0.0246294450555442 -0.192462839531269 0.02764585254976
-0.09178286052601 -0.032020870775808 -0.324415783083132 -0.0566274520135205
-0.162567587093665 -0.0326570866159681 -0.232253467760208 0.094144108329573
-0.159004085030483 0.0320095452217544 -0.12356616070559 0.0818903602519994
-0.100639136097532 0.102519540818245 -0.0477727721193861 0.0739464495779328
0.0018150487336792 0.118194591130402 0.03610772961847 -0.00460888305571419
0.0638688560785027 0.0993868831779841 -0.0148773377940409 -0.0838579413332272
0.0970685946434817 0.0619703594881504 -0.096289354218597 -0.104130484031658
0.105404199286348 0.0343739228608547 -0.175120240739172 -0.0882993384160721
0.126277945094556 0.0307773960502482 -0.21745454581758 -0.0714127081945872
0.129697765313799 0.041445155861168 -0.215699810656129 -0.0699265798129258
0.147638819314633 0.0700471615849765 -0.17275303545526 -0.0817110652506669
0.134038475703225 0.130194333252145 -0.103787295988949 -0.0932039984590538
0.0584134124790749 0.188765981655114 -0.0150251756450245 -0.0401785712383553
-0.0951474739887394 0.221529421628535 -0.0713659808126384 0.0418745760906664
-0.222058265456707 0.115758090199672 -0.175382610311538 0.0427144431204815
-0.218537349708519 0.00414183795658475 -0.28300151540457 -0.0489113215103877
-0.24813457124073 -0.0369147724811116 -0.165398467293973 0.101895062081515
-0.23871726436304 0.0514424290013026 -0.108224759847377 0.0605510590429577
-0.169622958176395 0.142624756580283 -0.058303803547405 0.0828196724893072
-0.0337298478522383 0.191705795871294 0.0294048909375085 0.0191118391700258
0.0808474256441959 0.182607116408377 0.00986979419870814 -0.0490263026244637
0.152630391130864 0.124524918067074 -0.049185768204443 -0.0841055781070269
0.175702172477306 0.0728537170544054 -0.119060323441898 -0.0735883054820279
0.202044585587439 0.0565195971146215 -0.151476256348487 -0.059079667490974
0.204113224767076 0.0656914335833352 -0.147700954811023 -0.0506820403621908
0.224945647959685 0.104104808725923 -0.117589075524151 -0.0515027286488121
0.203662456341257 0.19177426682739 -0.0713224571189939 -0.0552808982515688
0.0969634896801035 0.270106101995336 0.00338019066345271 -0.0179598470125969
-0.0982022348630039 0.31725152780044 -0.0424522574022384 0.0494738863698733
-0.282802798590148 0.20153219586507 -0.129929200250097 0.0397508872169454
-0.304633989682247 0.0474939876476731 -0.202507771904101 -0.052671114606972
-0.305571262394653 -0.0341780046274197 -0.0623112357553457 0.113849154356325
-0.298292671105374 0.0743930674249154 -0.0567528080043205 0.0380543577731522
-0.223707081831682 0.181288811126567 -0.0514742937138258 0.0790761695934755
-0.0634577149590635 0.255019009433738 0.016805332232028 0.0441332003615408
0.0918559898352492 0.249595495669365 0.0322181152761049 0.0056607466894104
0.189841790990804 0.173673522126804 0.0110235680359478 -0.0395938941650878
0.22205581135002 0.102156722125455 -0.0403311149179618 -0.0412436418737615
0.2472076143314 0.0754813990013643 -0.0609945081385899 -0.0363130456160077
0.246418040149692 0.0795043228239652 -0.058206426226531 -0.0284881968643326
0.268209837247456 0.119001086558394 -0.041615221022959 -0.0244384327341278
0.244654721570411 0.220028510083777 -0.0210314094275822 -0.0196064726404609
0.123705095791705 0.306160416385785 0.0253185428623907 -0.000322036484803364
-0.084590234602409 0.358233995233128 -0.00781114815425867 0.0389209760129723
-0.29457031102449 0.251450214401271 -0.0690255939548302 0.0153156848720239
-0.33679156084667 0.0823919355047861 -0.0958523077605884 -0.0667790787052343
-0.316374106945782 -0.0197441530095211 0.064630725380252 0.122297582405195
-0.312355724295865 0.0961453343271883 0.0235308162322986 0.0165387030311995
-0.235827301618401 0.20268250213699 -0.0247260941695935 0.0652108928939935
-0.0718459957632502 0.279078842989727 0.00547357863221422 0.0684663469849819
0.0934556949192138 0.272618962036363 0.0547225787304282 0.0713619704305106
0.199723193415126 0.191453281924769 0.0761050661564289 0.0213634731008272
0.23437501909122 0.112937930164945 0.0495401138946346 0.00289197147971427
0.253284827094709 0.0815919561073045 0.0395168693197734 -0.00621884140082649
0.249388949747542 0.0836963506670098 0.0374768833694609 -0.00513694120902664
0.263430919049536 0.12006815720036 0.0370504249321852 -0.00140681767121935
0.23429410787813 0.21566310646808 0.0323573568997919 0.0112508138824409
0.112993943057329 0.287925605815041 0.0434369324276361 0.0144591834219051
-0.0689223166696859 0.324702605299148 0.0207447124673867 0.0178534374649091
-0.261059502127252 0.241760422641948 -0.00908079923857679 -0.0204306470110979
-0.311651957520065 0.0957314582420908 0.0171397187994726 -0.0856788046481004
-0.272840905610869 0.00352143700329792 0.190669207601231 0.120603784371409
-0.260146729239065 0.104938376924009 0.109108420395964 -0.00481030422850193
-0.187678806679351 0.183539423988142 0.0123323171587181 0.0446500276444887
-0.0573222314085007 0.238694826649772 0.000490057875112897 0.0849335414520698
0.0810165297697857 0.236388466643173 0.0759092704720721 0.128522710416462
0.173963295229503 0.169247022193792 0.135963558515019 0.0807838818454233
0.207524593376302 0.100554016150662 0.136648191204023 0.0485622316822698
0.221319982997977 0.075626266677305 0.132932414623857 0.0247164739208431
0.213180203755225 0.0778929302413835 0.121535108741749 0.0191062005823074
0.213312194295707 0.108818042806539 0.0992635096737556 0.0210810683087654
0.172406044458783 0.18452995162505 0.071953310747783 0.0376695925945639
0.0633125739490503 0.225408208273093 0.0482804164575248 0.0279319079358098
-0.0623810275897463 0.227782663445793 0.036899746683498 -0.00185611623106606
-0.194435371962759 0.180163138416395 0.0371855716227412 -0.0498582194476058
-0.240813419702743 0.0868702664292678 0.115582771417914 -0.0995384093997464
-0.17783652667031 0.0274003644602505 0.291474019080722 0.103618747465398
-0.152515487710491 0.0897066431405116 0.174161367331889 -0.0252751373850927
-0.0995694219449562 0.118680375216465 0.0476301026050124 0.017768175138913
-0.0330503152000249 0.14582551899689 0.00124646183382823 0.0861987771632818
0.052712186222386 0.151698525228344 0.0896635167736313 0.160005320814489
0.117216514748086 0.114151758317241 0.178170296800485 0.121704889118462
0.146516647127525 0.0713373771836854 0.206160927419846 0.0826334973979262
0.155627733663791 0.058063413507102 0.206189291149949 0.0499071358759467
0.148435467057496 0.0609282494894078 0.182160616682258 0.0445281783542933
0.133368064636149 0.0847949201930247 0.13566703133601 0.0458983171912818
0.08764372499319 0.132882839838302 0.0868134741795631 0.0607469414771501
0.00468633147909255 0.136469071119383 0.037294390058352 0.0397075935895401
-0.0502016078568369 0.106327927246698 0.041017554315652 -0.0143861768606766
-0.106347678430863 0.0991443006008543 0.0675158280482896 -0.063273617738232
-0.139324354513321 0.0682864980711937 0.185252331103964 -0.103569326145624
-0.0508205120247458 0.0395160932330435 0.344713981061153 0.0738492549618497
-0.0239202678618741 0.0461643301226105 0.20913181562177 -0.0471408863770347
-0.00888571058168404 0.0246111821427087 0.06862602505906 -0.0162727065910743
-0.0190079384439735 0.0319582745329409 0.000351231383565601 0.0719987941223919
0.00900275471877307 0.0501264252739512 0.0931556474500358 0.162718587601081
0.0386006510558347 0.0466748603253568 0.196134381420259 0.138807311002489
0.0610671986727213 0.0350453995123896 0.24530437865619 0.0988677758688887
0.06790546846612 0.0311283989939287 0.248388722694908 0.0672656886122089
0.0651648677955194 0.0338297148785879 0.21270146798887 0.0671843696908108
0.046296754497875 0.0463741170221821 0.146439171467231 0.0704199768268978
0.00999449670807118 0.0659927681067946 0.0797639924938791 0.0775978803379945
-0.0320549324255048 0.0425273681754973 0.0154973691771165 0.0435184472419129
-0.0171613001560319 -0.00135540963574447 0.0386034929477248 -0.0237954952115274
-0.008944859480427 0.0313157170100078 0.0884764723274001 -0.0633654332686152
-0.0275849733444236 0.051875875240479 0.223006967034148 -0.0973323910412763
-0.0628718543292651 -0.033312222993677 -0.273477357285447 0.0813949702213678
-0.0774481903891978 0.00632051690296796 -0.122573088795589 0.0961643408738934
-0.038582701953087 0.0572312169668265 -0.0367003635658849 0.0562006208184747
0.0247070183562857 0.0443209568699236 0.0305727189591388 -0.0241198040629233
0.0344403459069113 0.0199193820246613 -0.0397348745313314 -0.0990570387055283
0.0309506173694574 0.00289933045660343 -0.1284963081077 -0.108706870933937
0.0223927305978631 -0.00187911908557535 -0.206408230626825 -0.0962602564449968
0.0318615304695694 0.00255438387499887 -0.255232512307594 -0.0848161194100126
0.0359008494616783 0.00887150600951352 -0.253651040880576 -0.094426867604207
0.0557148619055448 0.0194393796695985 -0.202746476597879 -0.119387139738236
0.0605777674691695 0.0445097332625139 -0.11562036716244 -0.133616362212529
0.0282862865576861 0.0830020422193226 -0.0251090975762565 -0.0704050780490751
-0.0631998590334067 0.102785001673503 -0.0879437514522167 0.0148423459212467
-0.118467905363469 0.0214687085691303 -0.197822469330674 0.0185667200235278
-0.093429731241495 -0.0362132836025777 -0.329728384392197 -0.0727569779676198
-0.165122240112365 -0.0397368693063586 -0.243696052608225 0.0843656719205599
-0.162971618401226 0.0264223200164876 -0.131348725185513 0.0774016030504375
-0.105325145071703 0.100880795876291 -0.0513018010511102 0.0746232623230898
-0.00223988276723159 0.119766639113668 0.0366536182906857 -0.00329000581687265
0.0616986242501172 0.103288485656164 -0.0113083345781911 -0.0853131502034072
0.0969272508458859 0.065906726253407 -0.0944114765203885 -0.110638784050868
0.10702397537264 0.0391839969773166 -0.176597339265778 -0.0972513760919363
0.128717434115819 0.0362757357135867 -0.221026342626892 -0.081012368658721
0.132147426956043 0.0482966994030077 -0.219109105290669 -0.0794955503918696
0.150002601326125 0.0774174482881828 -0.174406037932339 -0.090262511282244
0.13286108389978 0.137421127922043 -0.102985573457601 -0.0982613437934265
0.0521089827249434 0.195106915407958 -0.0146211065204253 -0.0430515415565038
-0.105418149862589 0.222651289117995 -0.0759276151069865 0.0398007061317098
-0.231670038197288 0.110022409691525 -0.181420456091878 0.0342135531465826
-0.22530818412662 -0.0054871159838141 -0.288123120231337 -0.0635528909123707
-0.252783153029311 -0.0468066323027436 -0.176019195480471 0.0955371499954135
-0.244559391780413 0.04282626582794 -0.114912722220423 0.054863259727615
-0.177876334375401 0.139375302041374 -0.0619506658631934 0.0830668184956254
-0.0409120229808835 0.194355918812888 0.0286540258499124 0.0211046155180804
0.0763140754389521 0.188905631609364 0.0127015760283884 -0.0495444776914928
0.15163122982662 0.132018745188911 -0.0467492311235608 -0.0890115024162685
0.178542008776756 0.0812277796898121 -0.11931339705286 -0.0794586301603603
0.206244422169085 0.0649992635198932 -0.153241756630988 -0.0650628025949869
0.20898385882132 0.0759568471299596 -0.150400903453272 -0.0570596629928367
0.227608818675922 0.115221660707779 -0.118299738426376 -0.0573012419246019
0.202583877934277 0.202396420105894 -0.0706832514470592 -0.057684362883788
0.0899643278729014 0.279337153268038 0.00348940328407708 -0.0194273096111545
-0.112559918845785 0.320549166764691 -0.0474011338492229 0.0484287836036299
-0.297924806612415 0.195412409014663 -0.135593672628469 0.0336622412402722
-0.316078978152215 0.0354768387676015 -0.206020447641995 -0.063097593987753
-0.311437662778208 -0.0467427411279 -0.0711148646471432 0.112504736293622
-0.307082625852671 0.0641793900359656 -0.0623525109120522 0.0345581226485776
-0.2350693490361 0.176551948618953 -0.0548607755909717 0.0788327276972329
-0.07400237228499 0.259025391408438 0.0146602776183777 0.0463751716868611
0.0849294772829156 0.258242027801476 0.0340801877775029 0.00712700393255666
0.18869025180711 0.184005383937387 0.0125167671553784 -0.0413652351700284
0.224628014158903 0.112127997824627 -0.0411261121692279 -0.0432206042099281
0.251911176906351 0.0862984996316083 -0.0616841709043835 -0.0380424013158204
0.251778116250995 0.0905884169933926 -0.0590882008160532 -0.031053146585032
0.272407003011973 0.132207099675942 -0.0420911781940103 -0.0268484556913587
0.243664129472301 0.233034641576077 -0.020293073846797 -0.0190974411436508
0.116722509075603 0.317568674339316 0.0257218324885375 -0.000348045361302831
-0.0981864858244929 0.362973104400127 -0.0122840642974998 0.0383550481933543
-0.311117297611289 0.245948653635163 -0.0725156509039076 0.0108639118700163
-0.350303472440934 0.0683971339299627 -0.0958178642127872 -0.0722859746058356
-0.324320131061041 -0.0338941963852431 0.0587461636150792 0.127309985234923
-0.322461715454664 0.0850272767260249 0.0213787862450971 0.0156718976217963
-0.248770812899348 0.197824275985353 -0.0270143356319349 0.0656954253233098
-0.0836438454317626 0.283416378464437 0.00187986905459879 0.070737032927855
0.0858770930959151 0.282329314057707 0.0551611469280488 0.0745341330066519
0.197639878692038 0.202517747376669 0.0769106255225789 0.0229573111890546
0.237424754020521 0.12335297643829 0.050215456810857 0.00581444755209742
0.257873243087626 0.0924136737808777 0.0407968015496692 -0.00446823326260644
0.254481469709363 0.0951328621591813 0.038373199791326 -0.00323502600731964
0.266544383329976 0.132613049011677 0.0377463078418922 -0.000376234498869146
0.232701667301924 0.227405576722001 0.0338514027804411 0.0143533463404224
0.105937051364163 0.298752907403048 0.0437545457214958 0.0156863650966111
-0.0824912660468812 0.329814761196707 0.0175013487836702 0.0175526583011778
-0.275915705105646 0.23706074491656 -0.00984949286521293 -0.0225390064146281
-0.325532474272188 0.0833722868598082 0.0213189555309162 -0.0865510340675527
-0.279982114609203 -0.00821924608505578 0.189681477389446 0.131176620243862
-0.270209164752681 0.0964171278742146 0.109897955887157 -0.00256596853183947
-0.199835599044604 0.180120373759293 0.0119078321151353 0.0458175517841525
-0.0679941131381797 0.243544344558443 -0.00379529353472393 0.0884900309635568
0.0743746079199899 0.244510993303267 0.0745577327574594 0.133935986980294
0.17243369119889 0.179257948569546 0.13591635103578 0.0866968669211212
0.210238989830294 0.109623559116086 0.138238147384726 0.0556657806196985
0.224930472279686 0.0850916525563936 0.136329674494 0.030481440866764
0.217305191995317 0.0873579570785747 0.123900259770068 0.0250681744178653
0.21469437965452 0.119323199777501 0.100769950550255 0.0257145103846611
0.171582451589649 0.194631849806024 0.0732515160243002 0.04186014599275
0.05734415373392 0.232368016449154 0.0487542951926472 0.0303473188875073
-0.0727590768975169 0.230647808626561 0.0355904990303041 -0.00155424990533008
-0.206553649762723 0.176716217570359 0.0388642801405664 -0.0505711329603105
-0.2515356348949 0.0777269790326849 0.122417140619637 -0.0968058075264737
-0.18302482622995 0.0194900932757075 0.293676857900943 0.118865336005056
-0.159379271053606 0.0848668168200242 0.178611753759229 -0.0199492754878753
-0.106941795199711 0.117147122675529 0.0486192348756242 0.0198425664668008
-0.040142245631105 0.148234619141147 -0.0028139737536823 0.089938601653816
0.0485018792327501 0.157163706158131 0.0871212066167822 0.166432945279804
0.116261207253535 0.120952543011396 0.177785103240281 0.130916107331465
0.14877296818595 0.0781419872000836 0.208024978045271 0.0933392175698419
0.158307282522941 0.064559332294837 0.21108712628477 0.0588048683515801
0.150165195881097 0.0680794827395279 0.185374205656934 0.0532159858980169
0.133900685848511 0.0921234535584612 0.136411927279265 0.0526035616461533
0.0858561702295641 0.139306458303829 0.0867756875303308 0.0654554002852383
0.000347344505994054 0.139781791578999 0.0368598738714064 0.0413876778463966
-0.05591567376527 0.10617288028314 0.0406216423832473 -0.0143753399456711
-0.113803535843748 0.096969203711792 0.0716604336042867 -0.0620704076018867
-0.146450980680327 0.0627879940881798 0.193914098354083 -0.0967537304641517
-0.053380128755207 0.037147537721511 0.35158864028762 0.0906454494144914
-0.026046273071873 0.0451113893628876 0.21587063561432 -0.0392956865396004
-0.0101239272647502 0.0244507600639675 0.0713398359719641 -0.0141224533109416
-0.0209161758868468 0.0324535994729079 -0.0021804788080364 0.0752024201583285
0.00741832123594918 0.0514351743134425 0.0895764069600927 0.169560190500123
0.0381800510318429 0.0492869773957064 0.196522287119222 0.150385682574105
0.06196550243434 0.0379577627094995 0.248634570288713 0.111367965014287
0.0686647838707883 0.0341221864715547 0.253354344935759 0.0786061576093259
0.0652485093512073 0.0370611527516158 0.21639557362579 0.0773507213324968
0.045338144582745 0.0491683581454432 0.146768088989908 0.0775573241016021
0.00807261905371709 0.0683872810336042 0.0784970589766252 0.0822823853634982
-0.0342784389337802 0.0421579794878981 0.0145997421793958 0.0452842004291247
-0.0185743257311684 -0.00211447790011858 0.039282289304975 -0.0243653224069918
-0.0106471091834407 0.0310406436665103 0.0925839226350045 -0.0606401678754233
-0.0300544119888939 0.0507160088324111 0.232749317240037 -0.0883335523563372
-0.0663846519078705 -0.0351426774365035 -0.292210137881526 0.0808021123594222
-0.0811055071466631 0.00643600151465579 -0.130807990916904 0.0991913707491436
-0.0405339348962168 0.059800417002922 -0.038198415231549 0.0597222158054508
0.025803666079002 0.0464454394548839 0.0323322926266247 -0.0258053371314834
0.0360147026715624 0.0216976073137781 -0.0405644458120952 -0.10429250404259
0.0318956932341655 0.00287620199169 -0.134310421510341 -0.11616325395178
0.0237557844397097 -0.00136162923343049 -0.217584852908766 -0.105410587655325
0.0343033665349569 0.00288485329616185 -0.27053584820757 -0.0924294181796822
0.0391012110318211 0.0106164825371922 -0.269569207283638 -0.102447179298741
0.0596435350565791 0.0212984967664639 -0.212892484996471 -0.128603034144419
0.0635930734738342 0.0463081453275054 -0.121363534294292 -0.14240878914871
0.0293998499302338 0.0880753613327128 -0.0274323639091256 -0.0758394619856008
-0.0673437001180277 0.109153354500205 -0.0938107008988556 0.0145028396611098
-0.125190564251276 0.0215889890667185 -0.209490207126479 0.0149428043687558
-0.0992279387956235 -0.0397293481174757 -0.349135182035573 -0.0835958180523623
-0.174405176480464 -0.0437193526303586 -0.260933894013108 0.0838474734742769
-0.171502993403858 0.0260173587706328 -0.140775483148194 0.0782773835166916
-0.110777693335106 0.105149992817208 -0.0538559111522193 0.0786734573595503
-0.00298623445269363 0.125809454060747 0.038410287085327 -0.0038210409850555
0.0643523657965202 0.109140196384931 -0.0106032724247787 -0.0895101794705382
0.101671696797128 0.0701686436924443 -0.0990565075971405 -0.118432705178479
0.113523964865055 0.0424193179766685 -0.186345325379717 -0.104823635159985
0.136507333269669 0.0394703701427495 -0.234896550716187 -0.0877843630316073
0.141077190306312 0.053187350831563 -0.231839311772727 -0.0863007950888941
0.159300918471993 0.0837160445209547 -0.18393429954724 -0.0974278315187275
0.139944745365423 0.144935017257253 -0.107860318274628 -0.104036300349666
0.0534486422714592 0.207180402148836 -0.0162157333718857 -0.0469141329483923
-0.114430057868539 0.235148978665601 -0.0829536970683707 0.0402962061017319
-0.246830910379872 0.115013950936053 -0.193356213508259 0.0316057483876381
-0.239512910995102 -0.00912961268089938 -0.305741894481108 -0.0726300854228383
-0.267838618900795 -0.0521141377101402 -0.189746228734972 0.0968870912907288
-0.258143474791865 0.0422556431481003 -0.12405840577842 0.0553694411329768
-0.187469443898659 0.144024603745799 -0.06526709176996 0.0873472903384014
-0.0451597464806796 0.204848179478877 0.0297387918575637 0.0225568715940823
0.0804078415379821 0.199697865950741 0.014786674676743 -0.0518876520859802
0.159019536497972 0.139524525369866 -0.0492837930724659 -0.0954898283531724
0.189084696536233 0.0871311132403506 -0.126398975719027 -0.0841866594371452
0.218674707103282 0.0707150050344062 -0.163321541300669 -0.0700006791126632
0.222863006543179 0.0830907786127653 -0.159388060523938 -0.0618148484815396
0.242578143860857 0.124708459602243 -0.125353817045896 -0.061883981589094
0.213730914317477 0.214413132282866 -0.0724506984578567 -0.0605246621060426
0.0930503370674864 0.296608709269969 0.00300321817503948 -0.0218231490694809
-0.122582372207285 0.338401224034139 -0.0526074839634582 0.049293364774157
-0.317770466719667 0.204927083080546 -0.145046142938653 0.030998432956103
-0.337601678679422 0.0321467119809038 -0.218593731935831 -0.0711378502764384
-0.329923218931361 -0.0528178484136611 -0.0792583858424448 0.116585295611604
-0.324921132792026 0.0636038852770039 -0.0685117811622681 0.0335428397175588
-0.249763914788421 0.183365647664358 -0.0577232098047787 0.0829598848501535
-0.0797711179082357 0.273526093537267 0.0143358130872731 0.0492293813683529
0.0883171025258021 0.273070721395499 0.0367533744999646 0.00744925959893486
0.1980707827934 0.19532575771015 0.0126020934659522 -0.0448335597565014
0.238612386144141 0.120399789330022 -0.0432906355690179 -0.0447704599469997
0.267447352184119 0.0922957764349996 -0.0652666446899735 -0.0401119269049793
0.268401462863272 0.0988604322906677 -0.0624516756701178 -0.0331181020256548
0.28885429663951 0.14271411828047 -0.0441677595841797 -0.0293156719320716
0.258461187546643 0.247190768759191 -0.0197633637950912 -0.0190754416891105
0.120775282778241 0.336763823747997 0.0264042809369684 -0.00109463486293585
-0.107798012616802 0.383949627738312 -0.016442742893443 0.0392359189161213
-0.333007553920068 0.258856591488149 -0.0782787018994101 0.00853841110959629
-0.374584743602627 0.0668918816437037 -0.101721425683892 -0.0778447125918269
-0.344258667074619 -0.0392688067161589 0.0587106698447335 0.134724512959049
-0.341556776636781 0.0851834655301967 0.0190507619976987 0.0145225918600017
-0.265150815388388 0.205655119480628 -0.0280970888428878 0.0688270275475496
-0.0913004097987979 0.299960435002053 0.000275762087850637 0.0760207666846388
0.0896469790113549 0.299463440379231 0.0585266211184315 0.0794525054156364
0.208376843751573 0.21566842298509 0.080660684103757 0.0239439003887048
0.251860867009973 0.131880489640975 0.0527702096026657 0.00850078756283404
0.274515745067797 0.100116782001378 0.0431147849397315 -0.00343410035843274
0.271147230653882 0.102982927188637 0.0409092491446778 -0.00264014312626227
0.28340897498426 0.142388253828142 0.0400405583796857 7.14192263516524E-05
0.247021294109806 0.242408169282173 0.0371497565120686 0.0163619404674474
0.111141050517365 0.31630153139939 0.0453535299317 0.016220712125013
-0.0911389716285872 0.346736582155041 0.0154085056096909 0.0180378894505387
-0.295072369412801 0.249177538520627 -0.0117347736927316 -0.0266595622106279
-0.34805847152083 0.0828682160652523 0.0227447581820524 -0.0904335550858228
-0.296721315174252 -0.0130492392022541 0.198407095452315 0.141758388699187
-0.286531335540986 0.0981367690294883 0.113934503080084 -0.00248314007258817
-0.213681011202562 0.18703865006542 0.0129684123236284 0.0475895793804796
-0.0756536849868746 0.257103905457356 -0.0060540373545077 0.0949998444381023
0.0772203978062085 0.259300742925227 0.0783857390121114 0.141932131378058
0.182209224868662 0.190850380576495 0.14345461689586 0.0920428447550584
0.223448874387797 0.117758728306448 0.146359361952872 0.0616465846836846
0.239392069835334 0.0921222619814738 0.145267706356962 0.0337409056645881
0.231241033081087 0.0945250584480208 0.132280248736105 0.0281921784929157
0.227630920150776 0.127671545236572 0.106336013106981 0.0283522976854178
0.18148619927167 0.206485195256401 0.0779412536824544 0.0455582024951207
0.0591830287845089 0.246120307220423 0.0506671502047577 0.0322534518748171
-0.0798498411575517 0.242535700317892 0.0342775056977783 -0.00279021090023225
-0.22044724203062 0.184947683000868 0.0408698108123483 -0.0537889567148991
-0.268529233273947 0.0768533970868917 0.13119192677851 -0.099630886416103
-0.194710879285911 0.0175627073007441 0.310750652088309 0.129910132429935
-0.169764133224403 0.0868310800315756 0.188367974045135 -0.019017626775571
-0.114798258038792 0.121869880025335 0.0520003182584622 0.0206006547365666
-0.0446695958342537 0.157424476599356 -0.0039628963233663 0.0963734223755931
0.0502745389022218 0.16647939504499 0.0916184728487418 0.176446800232
0.122642051254219 0.129575684909057 0.187901303178616 0.139825926791197
0.157725640317555 0.083994511775856 0.220304988545633 0.101612818692253
0.168087037540899 0.0690539618199594 0.224511628635199 0.0649695929518191
0.159101447545022 0.0733813206217248 0.197692680682639 0.0585908323924239
0.140903008962795 0.0988739573314174 0.144226256905331 0.0574467931030947
0.0909813468889858 0.147964910020486 0.0916378004992738 0.0707992559077698
-0.000575103900040505 0.1475571428404 0.038838237953152 0.044643557538402
-0.0608626583415176 0.11093689773096 0.0404594560801586 -0.0165997344409497
-0.120880313127262 0.100766144729126 0.0756480617378291 -0.065125197531549
-0.156729454447377 0.0634974141586424 0.207790201481838 -0.0982643237872033
-0.0572164957864231 0.0374368304617494 0.37308080519744 0.101598923468643
-0.0279904168443879 0.0463857962192512 0.229275201816267 -0.0378313382996478
-0.0115747942432334 0.0252589601069153 0.0761068837237825 -0.0146054971395215
-0.0231120014234777 0.0351230098216289 -0.00279500471271205 0.0810375970066473
0.00742807107868598 0.0543616583076198 0.0937375057876958 0.17990425570798
0.040606235045393 0.0529146924853176 0.20788415362188 0.160574655650393
0.065614123125188 0.0404826376765189 0.263488028207429 0.120451348577631
0.0726766703039635 0.036488236119037 0.268480006505674 0.0855208535604236
0.068803911080652 0.0394353047967101 0.230903514847097 0.0848028397926129
0.0467650719090107 0.0533176981779138 0.153970923406669 0.0846352461468888
0.00908426432507117 0.0728580225119451 0.0819848997182986 0.0883740972289432
-0.0366367261643652 0.044928565292039 0.0153341851615976 0.0484222828843733
-0.0198672546755357 -0.00254575285962266 0.0398561669062046 -0.026379609996215
-0.0121857954079081 0.0322022785623924 0.0985300184701444 -0.0620136553662065
-0.0329823151302797 0.0520219804702123 0.248682383513642 -0.0882326079347059
-0.0756354515921731 -0.0291358571025896 -0.294927784633441 0.131700363677863
-0.0844843240445787 0.0173550158197228 -0.120383271426437 0.123424738964702
-0.0329321611560961 0.0687140707947245 -0.0292566035928203 0.0661877511089176
0.0342056173052833 0.0452440965552587 0.0271865300062728 -0.0360950329405811
0.0432533857748801 0.0171559433693913 -0.0622418866980776 -0.103211988855457
0.0345770032085607 -0.00134006696932715 -0.163066624484238 -0.102001618627841
0.0253252986540296 -0.00497571619865995 -0.252753189779526 -0.0750791737716727
0.0381165864421398 -0.00308426606921146 -0.300223459244774 -0.0549096723416172
0.0440176743250671 0.0031019799071924 -0.303132152763011 -0.0669840499661544
0.0676817433982983 0.0113017430435365 -0.245785089275914 -0.103016570001646
0.0752298509663141 0.0371375305450091 -0.152263451145583 -0.133404416721488
0.0434416274229474 0.0882787848496364 -0.041825415787069 -0.0791649029878625
-0.0522227580271003 0.124027569372874 -0.0957239114180512 0.0304999427212203
-0.125382327531977 0.0414966337935516 -0.218626910220059 0.0497878437994747
-0.108181561134175 -0.0239761610160981 -0.383861685874009 -0.0403042641311007
-0.193679953159276 -0.0189051424921932 -0.253634476090437 0.123382921790002
-0.177719189176289 0.0513016320861154 -0.131597468396764 0.0998398180798337
-0.100552489701432 0.126719712457658 -0.0398180694760488 0.0843564027857269
0.0147726955941639 0.132648290035145 0.0384573825131328 -0.0171074268305406
0.0847633654047004 0.105002912753174 -0.0303090783682513 -0.0976253768200498
0.118450888937239 0.0583514945953057 -0.130428590540397 -0.113017987730066
0.127027180348499 0.0288299917001358 -0.221093973010828 -0.0816528988649708
0.152039891980149 0.0194436491430746 -0.262605892734751 -0.0550378617572976
0.158929779412737 0.032412360273293 -0.2611751878039 -0.0548966562862203
0.182027021874121 0.0614613739340678 -0.209757874307553 -0.0758873398557964
0.169788606254034 0.128454718288208 -0.131081723683922 -0.0964299864789838
0.0864198997902205 0.208799067258444 -0.0243773385076255 -0.0522234851506423
-0.0803054512961902 0.263165001851798 -0.0777378837272149 0.0543654074230195
-0.238543176303833 0.157293724908469 -0.196176025997739 0.0672810029201761
-0.250082447980353 0.0279190156493809 -0.33776685372524 -0.0333554754488101
-0.295810696496741 -0.0125432946105137 -0.169478705103884 0.120738703177041
-0.267877233019827 0.0813375309329377 -0.116238960450425 0.06932911525677
-0.176501856718936 0.179844927093407 -0.0472367395306057 0.0907375544053057
-0.0186430806747996 0.221735626873662 0.0355145513313169 0.00855654374978794
0.113873560820588 0.197557265590195 0.00151107024938159 -0.0667339475808897
0.189406087471894 0.122831461111537 -0.0769855297989994 -0.0998599662483809
0.213536290475424 0.064215623186631 -0.154691407804629 -0.0727496771596197
0.243805014726683 0.0401012607599221 -0.184229880335298 -0.0473328361497497
0.24946332210933 0.0502254690320693 -0.179980967291801 -0.0407744486646446
0.275093634589179 0.0921727959747572 -0.141704073032818 -0.0486001851093393
0.257921263555155 0.189197044265233 -0.0877101198993157 -0.0565015759315163
0.140384499448719 0.297450340326553 0.000177585198293501 -0.0304115457721014
-0.0726170869414623 0.372354220227975 -0.0437283076048475 0.058472664976062
-0.299534265333655 0.262025997253354 -0.143859884747954 0.0607125814843354
-0.346035470449375 0.0850810071281045 -0.245880501618754 -0.042561867522115
-0.364698060459603 -0.00105206864283377 -0.0428951640338187 0.11922694052045
-0.335884595780812 0.114091725434839 -0.0589089696162785 0.0349992584979432
-0.236824149563359 0.231467863697509 -0.0379701140247564 0.0804370222623299
-0.0459260479344866 0.299330349590453 0.0257660853834457 0.0360416626401778
0.132719202599341 0.273114642221195 0.0347788244997847 -0.0119661794543452
0.239121538633446 0.175532882821495 -0.00544094618046515 -0.0593323777568023
0.271218872994914 0.0920270979973027 -0.0595698687330715 -0.0457983466938266
0.298360395313725 0.0559580191045987 -0.0770794959576823 -0.0309897147957811
0.300405955259046 0.0598175848314536 -0.0726415517368405 -0.0257082597821428
0.326337782580833 0.103805516278014 -0.0510103988257078 -0.0270014228135682
0.309503985199907 0.215844596544345 -0.0249095920985305 -0.0212967999782397
0.175667640841412 0.334789005870172 0.0283530479174301 -0.0125676518875795
-0.0523879077250017 0.417940734652258 -0.00614487118314403 0.0418076290830127
-0.306153821078843 0.319799746277423 -0.0769240869220549 0.026700469296124
-0.381670871507054 0.126430994972363 -0.122039149692245 -0.0670400060084389
-0.37789545322098 0.0168030936002096 0.10861702367212 0.114417143980019
-0.352342435465255 0.14033871244928 0.0312874455078739 -0.000141591559552403
-0.250326130151975 0.257647433569347 -0.00891325454086124 0.0584010728897514
-0.0550689552681067 0.330016528542467 0.0167016091441662 0.0654754168134275
0.136383479372019 0.301859135997052 0.0704352658238226 0.0580168276906773
0.252651141890458 0.195597386641971 0.0773790008935364 0.00130639737301013
0.286453020156683 0.102560880765047 0.0532087138671067 -0.00652084124521359
0.306557403850975 0.0628300473613719 0.0440323753422301 -0.00976207657962507
0.302604904818012 0.0647672202029774 0.0428878969349675 -0.0100593080651688
0.318857366004227 0.104684900927466 0.0424664575812322 -0.0095884077854798
0.296338390882522 0.212482768966177 0.0419386655620357 0.00686318233774523
0.162328357295254 0.314882006540882 0.0516639286697917 0.00378627390340932
-0.0396278001780125 0.376768060446526 0.0230302318487726 0.0135726717817494
-0.270133484895743 0.30482618294793 -0.0116496499643958 -0.020652276936123
-0.35224744091175 0.137980931963426 0.00867410993257246 -0.0980561822949735
-0.324394750176076 0.0372342282193017 0.255380213619564 0.0992004626324077
-0.292815530483587 0.145954301532793 0.127187730790965 -0.0325640587882914
-0.199491109741837 0.231029159825096 0.0286667874112342 0.0311849726278083
-0.0445542057311086 0.283305304854581 0.0135625502713321 0.0887576922994505
0.116417313735055 0.262450301405216 0.103016947299427 0.123101978889919
0.220393660282396 0.173636659850054 0.156673300865362 0.0647311361423586
0.25355526300153 0.0919322020680823 0.163757025164875 0.0348573436160215
0.267047326981814 0.0603620114758564 0.157297495233761 0.0125418646490781
0.258813896949071 0.0627645269357856 0.145699075967269 0.00845241735251189
0.25781412897188 0.0994690806545993 0.117806989632118 0.0101966613512647
0.221633953667928 0.18608256907676 0.0901430672441548 0.0330249993778381
0.0979115315122089 0.248213302182166 0.060717360845749 0.0216890958520205
-0.0452543373851596 0.264661809901417 0.0378799264084574 -0.00983743858497181
-0.201364906021822 0.226594064035465 0.0380829644593049 -0.0593038966571693
-0.270714360278049 0.11976236724742 0.124114834170227 -0.12298392292717
-0.209891318953514 0.0527404415334682 0.366076361535862 0.0731147943453705
-0.169810158907676 0.117622826311614 0.199943646171952 -0.0581975914738551
-0.105528591194022 0.146476877012204 0.0622697934741186 0.00285949575054797
-0.0263964560463957 0.172420631699812 0.0149285895152281 0.095591665314589
0.0737443547548898 0.169433380277725 0.12470383758573 0.161604151373194
0.147985277780442 0.118523089121 0.215852473978204 0.111373296677098
0.17878565731436 0.0655898548877212 0.252478282243935 0.065709688506635
0.188447830440855 0.0485389499821172 0.246404399662321 0.0331142082033776
0.178629566297135 0.0526074640880312 0.22006268207777 0.0299954989256467
0.161299201651533 0.0826519810775054 0.161637265771983 0.0366435801392287
0.11797137088203 0.139766938967651 0.108551934427338 0.058022946113189
0.020297088426532 0.154072725609821 0.0495192627201401 0.0389210949941957
-0.0464347387296107 0.12502398962258 0.040575707655124 -0.0243756683619112
-0.111722777247117 0.123972141216244 0.0715193874143072 -0.0775117799276586
-0.155557638924348 0.0875831807609008 0.206295578120006 -0.13260641016979
-0.0584546146435101 0.0511979484097737 0.419394648900339 0.0400197647295101
-0.024716349162154 0.0546338053683752 0.237313982066874 -0.0794096572588176
-0.0096771145497843 0.0286127817676714 0.078967768979951 -0.0298136055587071
-0.0205832301494325 0.0404360983843157 0.0132048152607625 0.0855609724470736
0.0125863706397296 0.057029420294277 0.130420642686353 0.171187260049647
0.0494784131258644 0.0497952127703935 0.245529124240583 0.133484476730211
0.0750401987939842 0.0334215572335973 0.303611629693809 0.0815524315464628
0.0818837543644119 0.0287195260531234 0.296881990637542 0.047706454804407
0.0774224539117067 0.0321491755564285 0.259267900135197 0.0526797685007507
0.0551539645291301 0.0501378698450083 0.176783366473197 0.0646790363338157
0.0201964622385222 0.0748678572613037 0.100517305823538 0.0798667593950745
-0.0316232131400972 0.0521885808444974 0.0251610418274967 0.0484365954659684
-0.0225773483356128 0.000403475414647993 0.03636116193542 -0.0349160854453852
-0.00837356045412719 0.0357798630685463 0.0949414144163531 -0.0801933739322346
-0.0277991939162218 0.0571950444661428 0.252374125965805 -0.128373057464748
-0.0799599569822571 -0.0224411749285993 -0.294704286320963 0.157608965672236
-0.0848967952829011 0.0249912660959905 -0.114296735213655 0.134854936772944
-0.0273338590252663 0.0720591370808083 -0.0235635990163749 0.0704677811844538
0.038525362442456 0.0427131799045017 0.0243093645635645 -0.0396589227794667
0.0458491107809685 0.0134144895041214 -0.0721845928507198 -0.0998400355396837
0.034685122922781 -0.00450293647937293 -0.176689244991675 -0.0909024859416856
0.0255789129678613 -0.00689027255057603 -0.266717989733415 -0.0562445224797677
0.0390789758167883 -0.00619979262923616 -0.314518431518211 -0.0293408326137404
0.047626696291738 0.000169230950573956 -0.318125470280579 -0.0426565790586301
0.0718873747220688 0.00495082783181576 -0.261869403288817 -0.0845569863185731
0.079992311559005 0.0308349465431679 -0.167954774100488 -0.123191375395161
0.0519639544063018 0.0867215267022572 -0.0505660893853363 -0.0788702931538499
-0.0422778597668296 0.131976211268743 -0.0958103296046716 0.038996041729329
-0.124475492634282 0.0539225567892043 -0.219830032705889 0.0671225503536117
-0.1131602053 -0.0151798724590156 -0.400047373210813 -0.011496672342342
-0.200717942916577 -0.00204414656051848 -0.253262325481285 0.146871915882114
-0.176969570666957 0.0675793422211989 -0.129000392268458 0.111423831849828
-0.0918878419710824 0.136890854148179 -0.0323910220237638 0.089751570990163
0.0262680726307808 0.13372706788693 0.0375136018644875 -0.0208076917063886
0.096669734565038 0.0991963520767756 -0.0384667766646394 -0.096976426624455
0.125897125366109 0.0493638890397631 -0.143637488916056 -0.10537117175592
0.132697506729522 0.0176680302336152 -0.234364888701478 -0.0649956893767142
0.158921659112727 0.00655158503822149 -0.275860733387285 -0.0332610215695678
0.168475276473837 0.0187630869486381 -0.274683593772252 -0.033141855448885
0.193724452159171 0.0475595446322581 -0.222873936709381 -0.060270835224386
0.185288678423738 0.115337397269313 -0.142379964466608 -0.0873776459725316
0.106346715579471 0.206370004319153 -0.03098648291143 -0.0521361759053879
-0.0599903814727669 0.27717000548644 -0.0771366950314824 0.0628842775029322
-0.231117655024772 0.18189280106214 -0.197548206776059 0.0828921650099595
-0.256218420086757 0.0493546551748139 -0.35206455327125 -0.00733599459509264
-0.304793709255742 0.0138850080804512 -0.167441921885981 0.137373128430733
-0.266423810851528 0.105429815621881 -0.116647521366301 0.0799772396510168
-0.165384321824744 0.197956036453455 -0.0395124870941382 0.0965311325677458
0.000248381165179461 0.228595082126615 0.0369117778038801 0.00581975584041735
0.134430102157952 0.191897319609911 -0.00242511538384438 -0.0685742532875243
0.205063381802597 0.108743456513023 -0.0881240750300532 -0.0958764309218198
0.225482303866194 0.0472118849635906 -0.165362229074844 -0.0606806699017733
0.255275885341961 0.0196815223160946 -0.194283203597888 -0.0316633611226792
0.262847757369214 0.0299082277846863 -0.189886593901528 -0.025824760617929
0.29194132161534 0.0694772139700899 -0.150092933050536 -0.0379835551694821
0.282139090794918 0.170698526603088 -0.0933043683282711 -0.0505923292206522
0.16985994903351 0.291802606412173 -0.00391638498287735 -0.0324309430225766
-0.0431184019730739 0.388397951116174 -0.0423399461220281 0.0641321215227049
-0.284953118286978 0.29591179160474 -0.144890030378767 0.0732245897116874
-0.35137113735885 0.11541657201793 -0.257883181955751 -0.0237234306774809
-0.374412038514446 0.0302921683206292 -0.0373361788272379 0.125839379887225
-0.334835305246851 0.144588340946919 -0.061888758852223 0.0404831408634594
-0.22288031827635 0.25634620401371 -0.0307819998435415 0.0850068264987991
-0.0210994697887167 0.31144036561868 0.0294099189097532 0.0354592253130625
0.160721435881812 0.268475390017103 0.0359613394337834 -0.0160426971106678
0.260880499491412 0.157635577777317 -0.0115652396341193 -0.0613857590359357
0.287319275502993 0.0690677994600839 -0.0649751070249708 -0.0407963633927043
0.312933294071329 0.030205030681041 -0.0819473697608875 -0.0245611242247532
0.316050850123191 0.0354846395685427 -0.0773445250389545 -0.0195939661289591
0.346281126665218 0.0774699655863335 -0.0550723311582305 -0.0232122258648075
0.337757564862471 0.193080462223759 -0.0249535748888029 -0.0199021686980963
0.21067078800965 0.32758190048739 0.0269010162772471 -0.0162917917111976
-0.0171615526793396 0.432784409629318 -0.00636508341223619 0.0429221738750923
-0.287633373106539 0.35634060816848 -0.0785549762320129 0.0326672251317297
-0.383441968554452 0.160824496314928 -0.13325044011925 -0.058033851809621
-0.38743948553998 0.0494433416022134 0.118954912700586 0.108020863578415
-0.349943541088655 0.173954432947206 0.0278389714953925 -0.00285755481293402
-0.235883067628191 0.28455667088188 -0.00384588461203501 0.0601406544319449
-0.0276305611630798 0.343571990236071 0.0226087551873579 0.0660232426890218
0.167248355557643 0.297422002508184 0.0780667537383565 0.052899432986462
0.27668047180472 0.177066706304888 0.0797183775342579 -0.00608211152005889
0.304291780949092 0.0785622865561125 0.0540032391397596 -0.0106832911826576
0.321582421728316 0.0362975233472508 0.0442887716178751 -0.0142545865839587
0.319167060281815 0.0385812803450856 0.0432377026953348 -0.0141338452983429
0.339202347033631 0.0786435098802049 0.0425558135620592 -0.0140196769673551
0.325123112958932 0.190101887347739 0.045806755293551 0.00356625707946497
0.19416075120018 0.308247549460316 0.0531367206575021 -0.00138107009733009
-0.0081765899971721 0.389597506487631 0.0208399552306977 0.0124684596595937
-0.250171086909759 0.337327743400506 -0.0165210779375099 -0.0208235647852008
-0.35147242883605 0.169808624481896 2.14723109389143E-05 -0.100091200874113
-0.331173494115386 0.065981838429001 0.270069057147413 0.0810630914448432
-0.288334449931984 0.173334489400846 0.124500173816146 -0.0441849403358939
-0.186019856503462 0.253117958709417 0.0324314492981587 0.0283972871921762
-0.0213691750754318 0.295128133530832 0.0217279665839464 0.0911720333182583
0.142444697867131 0.259116937043922 0.117110691140809 0.116503492359826
0.242503113143541 0.158150182181758 0.166744753684274 0.0513362105142691
0.269860018346225 0.0713103726683729 0.17236659042108 0.0214551292071588
0.281219751444702 0.0378975479735887 0.163806533327356 -0.000896012694763187
0.272331437426979 0.0412856514776287 0.151095653927936 -0.00483108702281016
0.274444143108542 0.079477432402598 0.12136297584254 1.07334158923504E-05
0.245463701231884 0.170448243329976 0.0971024827528394 0.025736100501173
0.121643908293872 0.246197453740679 0.0636327386322969 0.0168180979151978
-0.0238303544329349 0.275094497234111 0.0347056320551302 -0.0130502445328484
-0.18712868544571 0.250689604576049 0.0315896071918272 -0.0641371784411652
-0.269403277243802 0.144377063519218 0.116749265609271 -0.135309179659203
-0.211905610669154 0.071286893502029 0.383450537609265 0.0452573445539584
-0.165286412171524 0.13370061042169 0.199214008114771 -0.0758629519023343
-0.096638337433746 0.158491880065873 0.064038115662244 -0.00285484865622327
-0.0134568269963325 0.180278499507071 0.0241617628971401 0.0986973143081861
0.0903612571286397 0.167541492852626 0.142336992826266 0.15486940604854
0.163488937477763 0.108153110513863 0.231864937183304 0.0950688565858479
0.190590904006951 0.0512179962073082 0.266690119893343 0.0458530362182546
0.198161250542212 0.0325023908290096 0.257817975052706 0.0120066003306012
0.188292356778358 0.0381188384944248 0.23064498990233 0.0110090905563655
0.173654299360895 0.0708365135979723 0.169038907646542 0.0235481086452501
0.134196604699749 0.131894199749485 0.117142303653218 0.0498999539661657
0.0343636171490598 0.156299531482366 0.0545326539282609 0.0358110042320836
-0.0381283651208076 0.131536064709144 0.0361082269242814 -0.02889138622784
-0.103776842846837 0.136625949915704 0.0651954736063773 -0.0852094694207979
-0.153878949134402 0.101525462825975 0.202481792496256 -0.152232887996569
-0.0560054779363873 0.056330046746689 0.435952160210019 0.00657221725135187
-0.0219369265512794 0.0573592404182473 0.238073690761451 -0.100084992313434
-0.00797035111288734 0.0300085170763615 0.078220695469408 -0.037206586623871
-0.0178124494112308 0.0437872304021604 0.0212559873642539 0.0873993165398932
0.0177528903037173 0.057823002542314 0.148685682515643 0.164380035487038
0.0563426122022092 0.0466918935107351 0.264712877901396 0.115905696624374
0.0810250138246126 0.0269220470072456 0.320517071591135 0.056945135408767
0.0871501606213736 0.0219901297951168 0.311106685863041 0.0219806972826447
0.0822924097195591 0.0260766617952816 0.272713318634099 0.0310901296809391
0.0609039401798326 0.0472149319106034 0.186713595823889 0.0518741684129484
0.0283736339569022 0.0756217962908035 0.110469818664778 0.0731896573078832
-0.0278962876790125 0.0568184403702033 0.0302765096302552 0.0482961985110583
-0.0241072317915454 0.0020863750536016 0.0320560637600888 -0.0389827974217739
-0.00537369117660212 0.0367684081247393 0.0902530190275285 -0.0895710935299785
-0.0246136553150256 0.060023999339329 0.250440926256292 -0.150261293038756
-0.0795182374771161 -0.0143552076845905 -0.278098830600809 0.176111135236479
-0.0795212006917782 0.0314312575353301 -0.102717590096496 0.138135745786874
-0.0205480546469863 0.0719096070192251 -0.0165048363797231 0.0701037415020985
0.0407293736088968 0.0377305937019964 0.0205092519395583 -0.0407946148691673
0.0460273927040423 0.00891228706944096 -0.0771264905488192 -0.0907033536719511
0.0328893987357814 -0.00659877642508203 -0.180035293996707 -0.0739564217754518
0.0243347146175906 -0.0083180763321151 -0.265367865914319 -0.0330824066521553
0.0376495290170597 -0.00947373892332695 -0.310844692312059 -0.00293133359768769
0.0474722780832911 -0.00391396764851371 -0.31503689174601 -0.0151542488499606
0.0703612719421095 -0.00137755722162915 -0.262187200056587 -0.0614953917722982
0.0795456734990095 0.0228051888501029 -0.173668067293867 -0.106382675367276
0.0573749010613858 0.0799836035205229 -0.0570656295049218 -0.0732440584525617
-0.0302914797937028 0.131767442849019 -0.0907969804839587 0.0460653259849067
-0.116267450946153 0.0625754344411767 -0.209976355177573 0.0807355098949862
-0.112508149779437 -0.00602922771500458 -0.39299250658701 0.0189229080532062
-0.195339080278752 0.0150422847276962 -0.239519911997529 0.162910261120532
-0.165907700698052 0.0797777070099445 -0.119563947162029 0.117338701456756
-0.0783169990059008 0.139335800230496 -0.023099237196731 0.0896058728041352
0.0362075925004937 0.127491846000201 0.0345064912726642 -0.0229486560479934
0.102436124442285 0.0879386011423708 -0.0446036010670605 -0.0907599066984019
0.125822030081804 0.0377350004772111 -0.148694603855509 -0.0913465904145091
0.131316044284123 0.00682235376322913 -0.234378007848715 -0.0445533892857663
0.156432401469067 -0.00714711564367995 -0.272770768670558 -0.00947783044242974
0.167603600163501 0.00435008292229166 -0.271284556156454 -0.0100733618165631
0.193891080482234 0.0297764058294543 -0.222240738953653 -0.0413243905063297
0.189693540035563 0.0969968293027689 -0.145130177331128 -0.0742376234775526
0.119498634519787 0.193359596133951 -0.0356550610525576 -0.0495659882677181
-0.0359433288672721 0.274955734371691 -0.0718169902476918 0.0675402438385236
-0.210158514721088 0.197036966551489 -0.187397122203841 0.0946831721468956
-0.247856042765461 0.0678126397478792 -0.346120311866328 0.0189263701043231
-0.295292960544894 0.0383305089344479 -0.156041160329231 0.146592774603635
-0.250938171812272 0.123678332313051 -0.110974814232615 0.0862619225743438
-0.144449497927055 0.204391316971508 -0.030449296882562 0.0963846534643582
0.018239200855903 0.221155340854297 0.0357239139024011 0.00313349194591217
0.147068377491379 0.174833669013039 -0.00722521459032164 -0.0669638712913479
0.208109773298439 0.0888431882015285 -0.094672867294208 -0.0875163905041644
0.224147677517725 0.0264661092435539 -0.16616605785794 -0.0448548016756189
0.251750995047977 -0.00279075305719912 -0.193122508274026 -0.015128541178835
0.261520063812816 0.00662711801063465 -0.187988870359643 -0.00951393372006144
0.292065942038848 0.0437349726527198 -0.150201602868225 -0.0259283107895977
0.289198265452883 0.141666578070894 -0.0934901225514505 -0.0422124532182984
0.189540317990315 0.270666130787688 -0.00794598044169403 -0.0318448156375153
-0.0106512679611433 0.382670294413689 -0.0384095028124685 0.0662804951717052
-0.253411510803875 0.31188288729324 -0.137640401397217 0.0804078513640186
-0.335986002462462 0.139832663686627 -0.255658124770017 -0.00300924334364811
-0.362122756709085 0.0602220114185359 -0.0296208754971345 0.125471457901469
-0.313918390671576 0.167185239191614 -0.0614923845612027 0.0440563784164644
-0.196514735196031 0.266744860823516 -0.0227494899224856 0.084888912144825
0.00452497468823436 0.304676127334934 0.0306211410973573 0.0323043002281199
0.180016742582678 0.24782023748225 0.034567645832482 -0.0192490637253355
0.267075760401787 0.13112466281705 -0.0170231857949411 -0.0599255256017265
0.28659294666624 0.0427488625082205 -0.0656293457574333 -0.0340259563667777
0.309297064943652 0.00362065315454574 -0.0822751701306613 -0.0172655866617216
0.313537271595277 0.00766066339288836 -0.0774379700664546 -0.0131343114753563
0.34611700150433 0.0464121759964338 -0.0564694398707267 -0.0195650092800402
0.346441707394939 0.15866904689362 -0.0238673047375971 -0.0178119000044808
0.23138036243753 0.302040197688935 0.0243177616476027 -0.0189979344355258
0.0184805307350511 0.423325180329447 -0.00588149237586379 0.0431572937402632
-0.249774041147133 0.37023041772301 -0.0773971221198207 0.0372573918227566
-0.363789226616181 0.186792042260997 -0.135808958594981 -0.0444758283061186
-0.374019498823314 0.0789503925859506 0.121728904024058 0.0962460897452457
-0.327122675569229 0.196436391464469 0.022903638098879 -0.00541160306770196
-0.207658035613582 0.294849372685781 0.00107904474796359 0.0574952707379664
0.000534250449473617 0.337260698209338 0.0268849350897943 0.0630862027283081
0.18811609631109 0.276168770248001 0.0816834049307684 0.0441927934713857
0.284869990912854 0.149155586357199 0.0762419533176326 -0.0137522665008096
0.304106455229873 0.0508692151884353 0.0534525284731883 -0.0144197533994739
0.318171996110423 0.00812592334689962 0.0429168757461482 -0.0168283839781609
0.31564942752688 0.0111397844726506 0.0413105625634124 -0.0177459030172303
0.33880631449547 0.0482972026130312 0.0395846843514527 -0.0178981890905436
0.333284009235561 0.157752064832633 0.0470928262959912 -0.00121522417883677
0.214398690514705 0.284278995580242 0.0514225300665583 -0.00582751537561068
0.022495959519561 0.379387098024526 0.0175836496460382 0.0110663304785097
-0.215671685550444 0.348143622226431 -0.0204754368806898 -0.01954553785199
-0.331979427283814 0.192119108089627 -0.0083228322016453 -0.0963498393315261
-0.31782122228196 0.0898241472686396 0.268159457921657 0.0573836421102829
-0.267691763672238 0.191156287221885 0.114951186463652 -0.0508511547047075
-0.162227402783776 0.260894447832951 0.0339510479778287 0.0247780387081488
0.00279804588295979 0.290355891914337 0.028451234595242 0.0877681031051077
0.16046928277183 0.24122391191193 0.12411569747105 0.102830859123019
0.25009940447185 0.133624580825291 0.166611236784892 0.0356721447633045
0.269864575216677 0.0458196434653346 0.171035702006184 0.00711124321848545
0.278546603570543 0.0129036762494545 0.160908519095577 -0.0144521970469864
0.270353853299926 0.0168646231689883 0.147601498661246 -0.0179795467521195
0.275205234586343 0.0541471657585605 0.117697584051893 -0.0102612286001597
0.254417150131575 0.143730877878658 0.0987125817716215 0.0165793101527648
0.139000267410431 0.229851084283344 0.0638369856885317 0.0107708860097458
-0.00183714566005589 0.269566976140508 0.0289134724025342 -0.0149343585910064
-0.161273049506761 0.258794285333363 0.0233640992745063 -0.0648036233566482
-0.253175743895935 0.161009046126031 0.103894064482372 -0.139495297714869
-0.201886913586177 0.0849121106387208 0.378677838147104 0.0141977783298509
-0.151624157958318 0.142409583523887 0.186670594178573 -0.0876319836873088
-0.0824767038724798 0.161699639888565 0.0624963880994869 -0.00790504773841121
0.00116429769321399 0.177944849596396 0.0317634118052702 0.0944021435455994
0.101843564491111 0.156379287708577 0.151653091736999 0.13865602940176
0.169353739406528 0.0916884597798855 0.234206027862289 0.073027532482728
0.190696881944425 0.033773741404965 0.264893023063297 0.0224529151121106
0.196867254336562 0.0148403744084408 0.253599531940697 -0.0100602616783543
0.187726555773786 0.021763846082057 0.226551917538466 -0.00896724313261938
0.175630405319066 0.0545772602853043 0.166168177694065 0.00947064738776825
0.142853698388178 0.116716875314655 0.119514673268906 0.0390426775145163
0.0462492021332267 0.149655300106273 0.0555540876838509 0.0308121861549911
-0.0272218079511349 0.131165919743751 0.0299460566885129 -0.0304333501103975
-0.0901374914647936 0.141462456493015 0.055717391493854 -0.0874066426534903
-0.143726802450373 0.1098676855594 0.18655522906663 -0.162846682798169
-0.0511552107177453 0.0579607208368271 0.42827542782531 -0.0281233415927629
-0.0171571972756744 0.0565184838214808 0.224307428832428 -0.114225869763504
-0.00601203272101812 0.0294699495889604 0.0736644606070429 -0.0421655545123511
-0.0136450800926599 0.0450145615017422 0.0280622612335399 0.0844030003531547
0.0217759580134839 0.0552117498737595 0.158726143186138 0.147510851878349
0.0592815403584369 0.0404715962017624 0.268640341873668 0.0906609709304797
0.0819523182570742 0.0189229087605696 0.318946770463805 0.0289188834707786
0.0867676103686885 0.0135535644600274 0.307789928493284 -0.00453853739884865
0.0822632371472666 0.0186938999765267 0.269331198036648 0.00658201782456829
0.0636481170237353 0.0416365872543456 0.186341989048224 0.0356828516107761
0.0347199883261606 0.0704031933703931 0.113340481938033 0.0621915767067038
-0.022052498605857 0.0577260364751579 0.0330582266156008 0.0448356863206781
-0.0241577472320965 0.00388937441512254 0.0257793606918153 -0.0404505031987251
-0.00276817893311913 0.0362146748096804 0.0806677895121827 -0.0933202304845767
-0.0196284059764985 0.0590449369953478 0.235057639217884 -0.16545784707739
-0.0753051600404048 -0.00954877344412095 -0.260267775227994 0.177615690087872
-0.0734298107090541 0.0331473729337367 -0.0938405522493135 0.13366733448932
-0.0166674029621294 0.069152694702337 -0.0115642734377168 0.0668080085256383
0.0399310039534044 0.0336219931573795 0.0170796631852288 -0.039640094371397
0.0445138917247066 0.00611723138433809 -0.0762503777682391 -0.08236019424413
0.0303694423939912 -0.00671858293609715 -0.17385554447579 -0.0627578354529432
0.0225954988298236 -0.00829529128695968 -0.254830830076727 -0.0205298265988901
0.0356617298449419 -0.0103042045669236 -0.296873024851538 0.0106005553091421
0.046212477490343 -0.00609909315723273 -0.301050673408231 -0.000434043559944175
0.0669432368290999 -0.00514132014411587 -0.251959015208802 -0.0481157706646491
0.0754982463263941 0.0184208510861701 -0.169778428559533 -0.0939853355813392
0.0571201594325862 0.0737583989043252 -0.0584832857554304 -0.0674950596200831
-0.022439168334861 0.126248561491884 -0.0848174006825444 0.0467479090411683
-0.107740018546895 0.0640676038075242 -0.196951933746961 0.0829243495225387
-0.107213111951957 -0.000919955331156689 -0.375064041775114 0.0317284425325659
-0.183731484638147 0.0231370575522423 -0.2249588596799 0.163588318941086
-0.152750839905945 0.0819454916744679 -0.112437398685327 0.115553627071218
-0.0682280417235218 0.134844105913733 -0.017909122607955 0.0853503202683381
0.0396354054322634 0.117637346096592 0.0313891643483874 -0.0234630523595499
0.101741696131923 0.0779031468477911 -0.0444173877598447 -0.0843433638286738
0.120836470920662 0.030549767126643 -0.146083026628599 -0.0805821816325044
0.124570320909804 0.000979224874125624 -0.224767713173024 -0.0319206571287014
0.148589329236849 -0.0134022413966069 -0.260420032556021 0.00260863398598514
0.161210286650495 -0.00331844517597644 -0.259690753239339 0.00219598350458087
0.185800364731426 0.0192392102172961 -0.213444523524986 -0.0309837399428408
0.183928471248786 0.0842263242237072 -0.139684320777002 -0.064366645365039
0.120781421084173 0.177963536653409 -0.0369822129559306 -0.0463473920323962
-0.0221973830262986 0.262506089918968 -0.0667012489501732 0.0669858580124445
-0.190594178570868 0.194557892498535 -0.176189987757392 0.095859580858771
-0.234399027434678 0.0744702890020204 -0.330916303243553 0.0314806522297498
-0.277454660284802 0.0492765934717702 -0.145636005314236 0.14540167034714
-0.23176230235582 0.127073579663884 -0.105987107060858 0.0863784959576073
-0.129283643083688 0.198569448973599 -0.0239920739009173 0.0923724811781067
0.0269845386088187 0.209316724713282 0.0335600197102673 0.00124209640412839
0.147646462062168 0.158258546835013 -0.00897637121955175 -0.0637593743531488
0.201377312095541 0.074753629806867 -0.0938974052729232 -0.0799604359846704
0.214806825670321 0.014879828296415 -0.159551058312353 -0.0357528487325082
0.240106915703627 -0.0141452228690007 -0.184638349657931 -0.00544949775722706
0.250345314866129 -0.0055078604609718 -0.179751495579729 -0.000611368548893717
0.280926357025097 0.0278185906929171 -0.144586579933183 -0.0190162244511006
0.280508941497556 0.121425319681283 -0.089452183754939 -0.0367549614087489
0.190602578261047 0.2489740277623 -0.0093130287700747 -0.0307575028252935
0.00540545789828949 0.362988843683747 -0.0365990763463211 0.0648882164539186
-0.22615385952129 0.30581362948928 -0.130471101500789 0.0809511827194726
-0.316080743475136 0.145973021683695 -0.244242952498964 0.00936860016036515
-0.340631618782231 0.0726326160430357 -0.0258999672203015 0.12069333431702
-0.290813102262392 0.171129050774432 -0.0606554667590679 0.0449796403060973
-0.175933020600385 0.259941444396176 -0.0175579958215164 0.080287222244978
0.0169827207235597 0.288777280046726 0.0295145327302173 0.0293598142623
0.181873736541538 0.226578395827815 0.0330352539335769 -0.0207685105459719
0.258981470990463 0.111684175490185 -0.0192118768916514 -0.0572311421757797
0.274311878906067 0.0275038397045964 -0.0637173705563136 -0.0289070897178897
0.295263003568402 -0.0113178846540045 -0.0791930433831988 -0.0127772520374981
0.300157736714104 -0.00751291364076201 -0.0741038915744614 -0.00878154601455354
0.33254910966094 0.0273110875837949 -0.0554013742201662 -0.0169039062273366
0.335761188297158 0.134419779616825 -0.0215285529693675 -0.0171461135439383
0.232738033551162 0.275992324362698 0.0212972104272421 -0.0190811461021575
0.0343792781338321 0.400607273103854 -0.0065683962307962 0.0418064398480972
-0.221399638688639 0.362133075487794 -0.0748077846180945 0.0382930373664022
-0.341307710147379 0.190766464208803 -0.132125312911498 -0.0351774168757029
-0.351166921734335 0.0907318322232857 0.117663360997604 0.0865443570749382
-0.302723713087161 0.198348457779586 0.0177211088444724 -0.00413540520624413
-0.185925909555727 0.28842360464251 0.00441382436901712 0.0534136456152386
0.0140337756288727 0.32074201032333 0.0270944669206919 0.0589107895772691
0.190781295658782 0.253741830613493 0.0789129669492998 0.0368115919967171
0.277549994198032 0.127728136278569 0.0709021696118424 -0.0176818191901491
0.291473845074397 0.0336383886267342 0.0503103183444118 -0.0160108867183567
0.303768300977749 -0.00751677659640333 0.0405156310433437 -0.018448228278213
0.302011955436451 -0.00443893416640666 0.0387615434140049 -0.0189091879941789
0.325462074222192 0.030090863873393 0.036117297770665 -0.0196881111148545
0.323556654776718 0.131945314408122 0.0464293555660747 -0.00453600224375883
0.216016103001797 0.259719636764131 0.047808121216554 -0.0081381962087981
0.0364727063904954 0.359658852550736 0.0140627861758065 0.0108906680030883
-0.189466729028986 0.339012420000694 -0.0231324378921918 -0.0168940057220961
-0.310610431734301 0.195831882710388 -0.0120865285436324 -0.0895793384577788
-0.298212515800345 0.0976902056245171 0.2566293072583 0.0440623542139402
-0.247887617415212 0.191905625667096 0.105152884150527 -0.0519430786698886
-0.145096266272609 0.253260179701804 0.0337916149475156 0.0215088692023857
0.0140950845955395 0.276438826383467 0.0302567667619779 0.0822951207186696
0.164045057509019 0.222105695797333 0.121742698449289 0.0916967483015073
0.243672149258796 0.114470046811209 0.158973358502717 0.02500179315053
0.259029249384227 0.0309934312938049 0.16381355938108 -0.00131318384168522
0.266694446389385 -0.00137039137664088 0.152742575116811 -0.0210962826208599
0.259058903012055 0.00396557616979795 0.140254527250602 -0.0240240385776144
0.265516205641322 0.0387813724928815 0.110546767989825 -0.0149538906328516
0.248964302157191 0.123181500989421 0.095613822376673 0.0101749564335937
0.141323619540179 0.211294821066468 0.0609878912699828 0.00709268041242551
0.00849585359482833 0.255599595852748 0.0240175695658274 -0.0141971705895597
-0.141555584845424 0.25217888911616 0.0178607326102872 -0.0615327117853794
-0.236156111842554 0.162091699807293 0.0939866396201322 -0.135381734794463
-0.189046248989115 0.0878058538800528 0.360651269091612 -0.00200654158120097
-0.139470505837815 0.140241104926539 0.173904375872027 -0.0890158547470532
-0.0730591945228047 0.155636199685776 0.058919496734708 -0.0104549428251546
0.00814994094990125 0.170016693881911 0.0341799047224755 0.0892294683385088
0.10393653162045 0.144944711534825 0.149442286585788 0.124259124650353
0.164855901745842 0.0786416400858638 0.225863794031371 0.0578710139372412
0.183125228571459 0.0225040769578473 0.253618781258299 0.00898281347994962
0.188683508554421 0.00460114833141892 0.242038411604542 -0.0210519923063666
0.179655484174748 0.0122157900706003 0.215625752344853 -0.0193819424802931
0.170634322447304 0.044693239055981 0.158333071780644 0.00187072736227501
0.141347468155106 0.103267573673182 0.11545489718148 0.0312012535878392
0.0504104792576397 0.140180453279132 0.0544263309084989 0.0262086730883603
-0.0217108573799392 0.12523374130657 0.0246760818962828 -0.0287473414962444
-0.0795667626828 0.136680378999352 0.0480390337624496 -0.0838178673510472
-0.133013277029696 0.109085604153432 0.172868397204043 -0.160849747424829
-0.0468034229754474 0.0562475023326904 0.407486620418636 -0.0441308672761049
-0.0149277549961778 0.0538831343610059 0.210318632932368 -0.116194491885273
-0.00496517590422038 0.0274461069395427 0.0684158701254359 -0.0426299363023284
-0.0111388489245987 0.0438298631029544 0.0309818037778885 0.0796128186596415
0.0234074036927126 0.0517804779734767 0.155702884446079 0.13290971354227
0.0582192525596725 0.0353596271921148 0.259263290489632 0.0739426688668536
0.0789531830471332 0.0137399902969865 0.305539536921096 0.012702863981701
0.0831836690652759 0.00842882671192624 0.29421956519336 -0.0179944784545789
0.0791738536924017 0.0148402271770488 0.258037970506367 -0.00578920098782282
0.0627750898941042 0.0373956807114102 0.178788737034561 0.0263216324863073
0.0371049549217947 0.064678001884198 0.110448435916725 0.0539419597947317
-0.0181508374619144 0.0564033856445803 0.0337153440062856 0.0406714381365116
-0.0239568212646879 0.00493173019803707 0.0209076297741779 -0.038707184557037
-0.00118708438609922 0.0344697268985551 0.0727204486926984 -0.0902591168756226
-0.0168410003146749 0.0563019203483209 0.219077794889036 -0.165435161076282
-0.0713312100988786 -0.00848436008426968 -0.253856614166932 0.171741961073752
-0.0692175424085481 0.0320499061973722 -0.0930302079753587 0.128198701841863
-0.0158275504663884 0.0664327881137834 -0.0102235127253308 0.0637286486671298
0.0384441445738839 0.0318292578875396 0.0162906944134293 -0.0383385064101661
0.0429557150327649 0.00503572974892029 -0.0719886851086625 -0.0786830925419657
0.0291382606473899 -0.00622974246863371 -0.168514172777007 -0.0592083560525529
0.0213584035521742 -0.00713042670288275 -0.247091299693676 -0.0183519711181902
0.0345681457076977 -0.0102047152782348 -0.287762666188405 0.0114347321260335
0.0455671860327953 -0.00692408355705862 -0.290987690641532 0.00100913268680256
0.0650986746636994 -0.00561477702610856 -0.243718398634147 -0.0456883754526758
0.0720869724708235 0.0178325213022183 -0.163543690699885 -0.0896728682932062
0.0547828447026108 0.070365169487791 -0.0575836569545508 -0.0654078831183489
-0.020897878255922 0.120986992649108 -0.0819859884839285 0.045385675340603
-0.102933855051444 0.0614606894386575 -0.190913941668024 0.077594312324796
-0.103330385271346 -0.000340563859947428 -0.363121573953037 0.0306543765837267
-0.175677411734983 0.0225863164766429 -0.219539999776994 0.158694582709093
-0.14585669412318 0.0787578085866341 -0.111033401829613 0.11105673104194
-0.0651702728255915 0.129034099800181 -0.0158293835899947 0.081361054311169
0.037886697090565 0.113197477198423 0.0292567159896875 -0.0225944875425843
0.0984473532414512 0.073572046710669 -0.0427466392624465 -0.0811303535562753
0.115923618903728 0.0286762369435471 -0.14171943853506 -0.0769680867159289
0.119917199279387 0.000219179068761431 -0.217092608097112 -0.0296232613274705
0.143733133646026 -0.0137433673901823 -0.252274375665477 0.00442653069621255
0.156539477132702 -0.00450944180249084 -0.250634020984417 0.00357564879332702
0.180158339088519 0.0171854409394897 -0.207235866819376 -0.0300224255872312
0.176427092075298 0.0798347089879099 -0.134736432822859 -0.0620240036564472
0.116467861709142 0.171086795236345 -0.0372144625648551 -0.0452145408576691
-0.021539536103528 0.252347207147055 -0.0658385777018837 0.0651351394097256
-0.183082101819691 0.187490717383131 -0.171571332035992 0.0904277590471766
-0.227060720069566 0.0720733301537432 -0.320469894735776 0.0318438953028167
-0.26610314834216 0.0489370449393004 -0.143448621490882 0.140619797099038
-0.221530992239614 0.122306456349372 -0.105274436072109 0.0837023022103226
-0.123238260297707 0.190298202847454 -0.0223544870075359 0.0878391754480383
0.0262670928024151 0.199938894697914 0.0310731342571223 0.00124119018709713
0.143172907666082 0.150411070122502 -0.00842483743032865 -0.0616245079577418
0.193336102293274 0.0696586707333251 -0.0923179319750199 -0.0770231152012881
0.205846242793582 0.0128552256281969 -0.154280686340882 -0.0327648783154328
0.232443966004414 -0.0158736182436051 -0.178952844153433 -0.00408822860821605
0.242556821665785 -0.00755951795039347 -0.173603012305073 0.000715489751592048
0.271686988481915 0.0248103478980526 -0.140248172154389 -0.0183320983752253
0.270572684634332 0.115076563138165 -0.0848476304861513 -0.036252639771688
0.183874923800671 0.239073215890786 -0.0105528015607926 -0.0299237051446817
0.00543526377381344 0.3490962088953 -0.0373295307494538 0.0634331687332928
-0.216960474381199 0.294319733512737 -0.12809244988334 0.0774696906515551
-0.306297417898135 0.141155913815042 -0.23798195763507 0.0104322444216593
-0.326449040751903 0.0704999847034488 -0.0275689884817869 0.116710286488452
-0.278554827446443 0.163500538769254 -0.0620511017517308 0.0451278722964952
-0.169646396086867 0.248977538589528 -0.0164869718880123 0.076030773239415
0.0171485565822229 0.277725218090961 0.0275791811917471 0.0283847137522458
0.176620940940721 0.215780570439447 0.0317100583021048 -0.0207339538652803
0.249318002134419 0.104528808266121 -0.0202370516060697 -0.055915026658515
0.264504922018406 0.0243988200220065 -0.0613671847764337 -0.0278884719049022
0.28527837767184 -0.0138707856287341 -0.076535811882315 -0.012083947191799
0.290607198783463 -0.00906257659070082 -0.0718580817036046 -0.00790232488501509
0.321954070765131 0.0236992392324873 -0.0547041965170716 -0.0162432999733091
0.324143792155163 0.126207085532662 -0.0189992335807522 -0.0179657191703808
0.224305204006365 0.264791561986152 0.0195834677204625 -0.0195001647765031
0.0324833789484343 0.384406798100517 -0.00950559267116852 0.0418030305360765
-0.211254461957417 0.348682992392453 -0.0742677162415314 0.0372919603529262
-0.331481380203637 0.184098335193283 -0.127612198654948 -0.0313547427795066
-0.337234130240838 0.0868478541646023 0.111896477962362 0.0835428590005142
-0.290835191199889 0.190880595988306 0.0132625921649627 -0.00245916682375919
-0.179174374388416 0.276495874149694 0.00461105333274931 0.0508073439725277
0.0145053429147882 0.308918498128694 0.0255533103758313 0.0576077085108192
0.185150917299436 0.242592133523249 0.0757323941376831 0.0349141991984351
0.266962128396357 0.120145105088446 0.0670110650663879 -0.019120072340725
0.281331064011897 0.0299949286654006 0.0486607798501833 -0.0160295482601331
0.29395559921663 -0.00950026807157043 0.0395728135412727 -0.0183205365446901
0.292201968500302 -0.00616664346888571 0.0375290492895894 -0.0186355507586131
0.315236681512575 0.0266389871083044 0.0334580386856122 -0.019208239825702
0.3133933437151 0.124134779947932 0.0461061724820806 -0.00632947165942186
0.208248856353013 0.24924621970313 0.0456296866527114 -0.00855047618288732
0.0348690368174692 0.345050980396256 0.0106262570225563 0.0126312276419437
-0.180039787353865 0.32631000496663 -0.0238598516288287 -0.015172762390261
-0.301717284908266 0.188275903514709 -0.0118152145407166 -0.0843781748278035
-0.286951055010881 0.0934656126409628 0.24655027268402 0.041775040340007
-0.238706198928519 0.183720888986392 0.099176528698702 -0.0478222571931235
-0.141163395220267 0.242861624533702 0.0325786709094407 0.0203425939812824
0.0140893696830422 0.267352096823697 0.0289149977319898 0.0801300612015694
0.158949084247521 0.213819996179098 0.117327807356452 0.08682725786623
0.235013346474597 0.107574022299259 0.152645128907112 0.0215511266799668
0.249612533928969 0.0275199055858771 0.158715124183303 -0.00196095379186569
0.257679870842903 -0.0034452659643537 0.148751333677651 -0.0217436567711595
0.249944117980908 0.00179986483246864 0.135061561678194 -0.0241736450961723
0.256567364600251 0.0351239015768905 0.105577143050975 -0.0148665886018294
0.24084941537318 0.115082857065499 0.0928401700036543 0.00724634354863057
0.137108963364637 0.202976755852183 0.0581117064531216 0.00686651372793628
0.00726058981217378 0.245255670570114 0.0202691505278411 -0.0120351932401037
-0.135691322559149 0.24174642463051 0.0150253636389891 -0.0573696883227276
-0.229945654205029 0.155775840539402 0.0911615253241329 -0.128827986333525
-0.182167095596213 0.0840474000643238 0.347908748833574 -0.00233058260647273
-0.135217932241888 0.134507922160973 0.166782528719728 -0.0843152563001417
-0.0718615889880358 0.149451482945161 0.0572044984244496 -0.010061154017031
0.00804881958557848 0.164594844870473 0.0325295903378222 0.0868499087274642
0.100500114931609 0.13978077615719 0.143525254930774 0.119314622029128
0.1589502351026 0.0739762858598188 0.217256145866199 0.0527064974879613
0.177167652475529 0.0199454554318725 0.245683403709431 0.00634842121379108
0.182509250963038 0.00256178221412228 0.235275063768945 -0.0225077676040503
0.173524024184746 0.0113140307928907 0.208456025343108 -0.0202737177290885
0.164775944208972 0.0419464603660303 0.151952831260084 0.00156167793906865
0.137515048446176 0.0969657534432188 0.111716772868177 0.0276480296695439
0.0491636813547239 0.135380149780947 0.0521184324525261 0.0249995784959272
-0.0215973990542772 0.120608878544841 0.0207021282995906 -0.0265664734045921
-0.0759535220868363 0.131309900966197 0.0456754488196342 -0.0794437571524242
-0.129600375087134 0.104326110321014 0.167872931881459 -0.154495702601359
-0.046033925903308 0.0527102698917328 0.393934687567408 -0.0434225000989147
-0.0158305079381798 0.0507963674867208 0.203830077432531 -0.110784054617634
-0.00633786085310377 0.0261966313147841 0.0665365027705665 -0.0410378647788942
-0.0107696920737471 0.0432072566826713 0.0301851908330298 0.077785352221229
0.0225953104316961 0.0502280951524611 0.150625459299931 0.127091456205283
0.0564834919204069 0.0325786506055917 0.250929585937382 0.0683907092053533
0.0764082180643458 0.0117381454360492 0.295660587359509 0.00940678951089352
0.0806554369705069 0.00745285749617552 0.285253488678023 -0.0202052883318872
0.0761306040168384 0.0137530870198831 0.249202695443041 -0.00839823550942232
0.0609821130877025 0.0363634393402897 0.172144825324826 0.0251793258452024
0.0360359184377728 0.0613579929178706 0.106118969718698 0.0514854832285847
-0.0166052181524186 0.0546688997552856 0.0327876596725849 0.0393506163904653
-0.0236162436644505 0.00534679436600231 0.0180493116680439 -0.0368397502433752
-0.00145204039692827 0.032786376293478 0.070269043342473 -0.0859737348966094
-0.0171964172791144 0.0525859941986385 0.212520856073402 -0.159835931990055
-0.0674276728984141 -0.018052200534517 -0.27392917348646 0.131577189146433
-0.0718169653283961 0.0204317043291572 -0.112160645794469 0.109856786660485
-0.0243475883659158 0.0629379440318165 -0.0213869579134308 0.0579474100947762
0.0319638909366931 0.0365559448959316 0.01835297698093 -0.035695902843119
0.0414101514170734 0.0107761362447914 -0.0607081629102567 -0.0858946897767763
0.0302140416619539 -7.19383016214445E-05 -0.159469917137209 -0.0805988493346365
0.0213530317510184 -0.00185129004771102 -0.243057104408998 -0.0496463823459586
0.0344678206097927 -0.00337852448589146 -0.285343264566717 -0.0321234259152811
0.0436530306755614 0.00219309883178118 -0.287974419673556 -0.0440241119015476
0.0625603323328293 0.00529864649010315 -0.233289919398135 -0.0849063435661875
0.0644737180071508 0.0294828610491095 -0.147280131489003 -0.115769999271145
0.0402654101394474 0.0785510730387134 -0.0476024951537779 -0.0761869469566515
-0.0385314341351117 0.115950571968451 -0.0860839360441168 0.0307441357277214
-0.109618339839353 0.0458829561714534 -0.198504487224605 0.0454837835892116
-0.102515390670334 -0.0120983519421146 -0.36874389462404 -0.0302446768093331
-0.173184905730599 -0.0011532927064352 -0.236510537486824 0.114774956607215
-0.153102107948406 0.054470786818355 -0.127801657162485 0.0861322648572562
-0.0825917619779263 0.115549394921278 -0.0312665887883022 0.0698396006075077
0.0184886301868924 0.115241972726973 0.027162722377889 -0.021861684365576
0.0832552240474009 0.0855471553346767 -0.0351286859652553 -0.0864586738130545
0.109056048359804 0.0464747399601093 -0.134802960948347 -0.0933416593343952
0.117487190034596 0.0205820236020926 -0.214787401326535 -0.0583313613705899
0.142336235473615 0.00864247597102157 -0.249832151762208 -0.0332998544540683
0.152074743466265 0.0215040230512163 -0.248781298068937 -0.0359956260456438
0.17152403563069 0.0450798241792647 -0.199161753066004 -0.065440643050039
0.156467784755557 0.105705601568666 -0.121217337673745 -0.0862086336276245
0.0840996306767362 0.18615605883479 -0.0308991675965969 -0.0543106460413817
-0.0594360621379972 0.24351454166272 -0.0722712859809477 0.0526182987093443
-0.207737971287229 0.154806714632735 -0.178222652057451 0.0626343141371372
-0.2360384213525 0.0367276272002969 -0.324819603474909 -0.0204171398452054
-0.265696004024485 0.010969986163692 -0.157459114279895 0.101680178759416
-0.233815799641828 0.0849561906105946 -0.118717922816678 0.0563356526550679
-0.149634138743867 0.166325027306303 -0.0389377146958425 0.0703144572199137
-0.00662513771035329 0.19784716100164 0.0240128573934006 -0.00212995550056905
0.113855106635813 0.166509822277084 -0.00748738578751957 -0.0658329089424406
0.178162450133912 0.0980330580747684 -0.0900508763533946 -0.0857268159665169
0.201123411723911 0.0463412624787326 -0.152928216206856 -0.0542799050891923
0.231006254986445 0.0208176147736964 -0.175046538866237 -0.0304580886175616
0.236898456232866 0.0314375161881193 -0.171841141017746 -0.0273416182962629
0.260873172346199 0.0657687926677617 -0.135883291424922 -0.0453004029125219
0.242949309394437 0.153821658040032 -0.0766435577088589 -0.0551569649227494
0.139360505433406 0.263567158139653 -0.00692139264956065 -0.0368312399119499
-0.0485172291723416 0.341481587187348 -0.0428793313590172 0.0545246367936894
-0.258424685996736 0.252493447826678 -0.130396806631248 0.057760346332893
-0.325581984304793 0.0901294673985648 -0.235743904254087 -0.0265716412722437
-0.3285542371276 0.0253568633535431 -0.0377823420882363 0.0879811579896306
-0.296292499576565 0.117949096345314 -0.0697710508591357 0.0207257433599922
-0.203271739908094 0.216526203390868 -0.033011256624285 0.0554015424246673
-0.0284480056714872 0.271801735685688 0.0152991110359002 0.0207095674598318
0.134994382616645 0.236240110209796 0.0229490895170379 -0.0231231084095711
0.226774218965968 0.140004813057213 -0.0250376348980465 -0.0556168480886369
0.257726258124848 0.0651798542319004 -0.0626530414065062 -0.0379719724716656
0.283078556787831 0.0302204490971721 -0.0724734096143326 -0.0223678826460179
0.284667359371229 0.0358378936698997 -0.069690714313786 -0.0210426326948016
0.310112713886775 0.0713920978325523 -0.0520260588105475 -0.031005186463913
0.293789427769319 0.171333012545966 -0.0139132198497323 -0.0282783728528411
0.175530104042561 0.295032380477408 0.0206155340310297 -0.0221426923381305
-0.0268492821233272 0.379295588239012 -0.0120788468795098 0.0380472049001869
-0.261379747863993 0.305565141981833 -0.0703287697405041 0.026629175483975
-0.357579172907329 0.126082749335038 -0.118190187975817 -0.049188314898663
-0.342447298122291 0.0399385567134495 0.104444326761991 0.0728603704119852
-0.313253032447721 0.142283342438493 0.0122256692979589 -0.0159992509089449
-0.217993179290838 0.242135384899408 -0.0104882430014455 0.0311066429212727
-0.0361270648272098 0.303045330300227 0.00914093292438613 0.0478981585790341
0.139716053332119 0.264756790040171 0.0574100085081752 0.0364695024657197
0.241003900476824 0.156589635872656 0.055004774379687 -0.00719637540214173
0.273195808013701 0.0722901424234343 0.0448572512866527 -0.0120651558731686
0.291544200301176 0.0352977327606063 0.0425701072435908 -0.0113167971394368
0.286861828118554 0.0385228514651253 0.040261092954296 -0.0152051974998625
0.303931646219273 0.0725747672070785 0.0349713351795959 -0.0197126683563477
0.284707828071433 0.16626612225541 0.0483399995326994 -0.0068546058175948
0.162991440278832 0.276609901907981 0.0451321277720202 -0.00701730676546728
-0.0187587844605897 0.340901232149895 0.0117278580378053 0.0122042791040101
-0.228038015484265 0.288008089650747 -0.0132867245976222 -0.0167579421338635
-0.32972997762559 0.133827707806585 0.00682753057381246 -0.0824173493483364
-0.295493766388408 0.0524683695707463 0.242704500090129 0.052546940766099
-0.262395253265635 0.143002383975765 0.103281550889466 -0.0475718911926244
-0.175301896820492 0.216007988316219 0.0223161329743204 0.00801935812873164
-0.0297899065211147 0.262321378796698 0.0106178640317069 0.0724292527679716
0.118509516834384 0.233256498854546 0.0929081506354604 0.0944393328379496
0.212011916473735 0.139441488291362 0.135076789720978 0.0443610083919186
0.242923715500957 0.0647936093191296 0.151967797603473 0.0153619356647356
0.255586997401058 0.0347130078115172 0.15117458450722 0.000333496500091187
0.244527156373435 0.0390289406070744 0.138138017514395 -0.00572675175184766
0.246732223588346 0.0718321335533266 0.105861597301987 -0.00304353662550762
0.21648205437715 0.146558061186188 0.0919019616606614 0.0155822930718885
0.101431917959494 0.219334817895186 0.0566398717483941 0.0109740544575356
-0.0310172821731438 0.23859884312419 0.0234658373893477 -0.00891271463439632
-0.170763468929899 0.212517188061783 0.0305756175491739 -0.0518911380475947
-0.253335641870723 0.111903338017909 0.116633095132696 -0.111083215331515
-0.191453807750162 0.0571480475760841 0.347021877758163 0.0293954106654913
-0.153837088809804 0.111095795017519 0.176549432287146 -0.0685457397355626
-0.0944489108860079 0.134741451935387 0.0532488344356774 -0.0115210232620633
-0.0192016355570397 0.162036723119425 0.0166328308796483 0.0833599024285283
0.0742773527174007 0.152495126537097 0.11768282872056 0.131620994801676
0.142701723097487 0.0947080639628088 0.199109315400833 0.0836686962850205
0.172820241095086 0.045469919905958 0.239547413102035 0.0360389112451082
0.180610859700332 0.0294383584427469 0.235947835196703 0.0129505410798457
0.169742611509047 0.0354754098110513 0.210553455511423 0.0098195464854463
0.15531823160923 0.0650321569144618 0.149606373598974 0.022024936850817
0.119072857487619 0.112878407700379 0.106929435057182 0.0413226822708562
0.0268914052912818 0.139089849579493 0.0485466687975113 0.0305289634784062
-0.040799004888684 0.112752580472469 0.0249893015422189 -0.0225297957992649
-0.0952573354334985 0.113852158619033 0.0616567996415337 -0.0688046758369641
-0.14626130680569 0.0770896990784119 0.19684358022261 -0.124734509279381
-0.0544489546720547 0.0451631657068088 0.395214423349695 0.00451799351982619
-0.0246443202987931 0.0478111310924253 0.218460400296388 -0.0830875069053068
-0.0114151700312059 0.0241039721398921 0.0708496861504964 -0.0328194323998319
-0.0175118333454489 0.040762063307758 0.0193895718606506 0.0785816565648078
0.0133454847511691 0.0536358755873042 0.127799772395231 0.144051646395559
0.0492063579681729 0.0387279765066113 0.235582300699596 0.10261212804733
0.0746346742514427 0.0215473529505056 0.290523090525685 0.0459305029780623
0.0794434597303103 0.0186384720750346 0.284656639793845 0.0227726627570885
0.0739817386387513 0.0232365042100834 0.248456193455302 0.0285717702665789
0.0555583930634551 0.0444859826791481 0.166276698347749 0.0506733916575815
0.027122888182876 0.0634245288220276 0.0973407215949162 0.065574606273495
-0.0238161753016474 0.0499736396067464 0.0273966163051771 0.0429403475019632
-0.0253112817044332 0.0012555174304424 0.0224516243239821 -0.0322069780240105
-0.00769600850256877 0.030177510317933 0.0840722371440655 -0.0721802853423228
-0.027130412355496 0.0440030197584782 0.241685513049313 -0.123168058624865
-0.0672739787270621 -0.0181784108655668 -0.282592588860037 0.136395805441664
-0.0717108997522999 0.0211537506726536 -0.117026162748243 0.11337303769185
-0.0237413018934967 0.0641435026712359 -0.0220110662429166 0.0587076542320184
0.0324052321688541 0.0365638507582297 0.018582628716674 -0.036577331387151
0.0424759811263547 0.00981650955497058 -0.0608178245031611 -0.087336937103693
0.0311429806749072 0.00042638592342414 -0.163177566706278 -0.080328359323499
0.0216158357204098 -0.00145785222092798 -0.249911499219777 -0.0486154135167177
0.0354973971077506 -0.00371519648263539 -0.29441633479338 -0.0304732265340071
0.0453177469866811 0.00158068664819079 -0.296062546398271 -0.0430977316612971
0.0639455539956197 0.0044636423300964 -0.239366227434509 -0.0861565266793792
0.0647476007672505 0.0301031012554854 -0.151365865879575 -0.117975447164133
0.0407875987051331 0.0803498515518918 -0.0503028772500486 -0.0773288024217727
-0.0383305388657505 0.117917544171636 -0.0885264821496397 0.0317797395733634
-0.111642250873859 0.0467120706490569 -0.203620336245933 0.0442287435411386
-0.10516154810049 -0.0117363473323611 -0.378307681214806 -0.0300688341315749
-0.175080584834326 -0.000996548550939497 -0.244788740718965 0.119620018431986
-0.154856788374288 0.0550761328240841 -0.133662849395297 0.0894019508370961
-0.0838414272102369 0.117686429664608 -0.0314601485842056 0.0711444202748018
0.0191494425271203 0.116861723911922 0.0277861065957214 -0.0213323733273886
0.0856396637930725 0.0859051584781311 -0.0346282600582821 -0.087948009347678
0.111740114850192 0.0466693962188528 -0.13825187061888 -0.0938472180178281
0.120400637754695 0.0205153260045067 -0.220471699138564 -0.0573543399108905
0.146520636513505 0.00864096567594666 -0.257602922026498 -0.0322135640179565
0.15662141871324 0.0206150322604487 -0.255927263101359 -0.0346639534433297
0.176761047861158 0.0444646022767567 -0.205696092407246 -0.0664374645177832
0.16038234140725 0.107255563024346 -0.124207304930301 -0.0881456864199143
0.0860710864377247 0.191140940775546 -0.0328337229280142 -0.0558588530666862
-0.0604348618547259 0.248565854135842 -0.0743673126738426 0.0547242889017268
-0.212035976813885 0.158165665174611 -0.184129808395441 0.0631075630103303
-0.243196735590431 0.0395727243904121 -0.333509324004491 -0.0183663713766412
-0.270111219513671 0.0119472139261259 -0.162949773643061 0.105163686973808
-0.237487002180014 0.086442425905818 -0.124045734213958 0.0593633111837303
-0.151921323184983 0.169159750075153 -0.0392392512957426 0.0714258532057833
-0.00638409717890942 0.201435659682365 0.0241785924290067 -0.00163176055737337
0.117302976579731 0.168059726708423 -0.00723484102179058 -0.0671348804642413
0.181979268911752 0.0977723580928223 -0.0935060433111698 -0.0873235835755656
0.205364104821299 0.0455319178056704 -0.156972731480013 -0.0535561562455461
0.237004266368347 0.0192299151547672 -0.18027552900789 -0.0301069225620178
0.244125007025172 0.0308128023747484 -0.17724619688686 -0.0266347946254418
0.268264290651945 0.0646929910289599 -0.140849453045833 -0.0464366317408853
0.249315390352755 0.155096621161675 -0.0773294881930956 -0.0568302793123728
0.142875559000717 0.268859448712071 -0.00850824549686185 -0.0379364727338408
-0.0492453334248793 0.348921297208932 -0.0459893030920401 0.057722549037488
-0.263732960941566 0.258312454091057 -0.135137053860416 0.0594936033980691
-0.335983249468477 0.0933980138544749 -0.24191875835247 -0.0240864706690935
-0.334081124414654 0.0255378190117976 -0.0411825233807016 0.0911460163291611
-0.301792289144498 0.120069710445902 -0.0743492112979238 0.0239288386876291
-0.207396303338978 0.22125478719284 -0.0330857248660882 0.0558374161554644
-0.0277588643792389 0.277449025262314 0.0150721220626486 0.022546820385406
0.140101476795929 0.239072028918901 0.0236200903479906 -0.023163970695708
0.231594885225792 0.139841716031805 -0.0273719960629255 -0.0569725993691544
0.26328138029737 0.0643905273519704 -0.0650733314125168 -0.0372884675912163
0.290492796188141 0.0281627745160335 -0.0747051068222475 -0.023203370085168
0.292500334031777 0.0341185846185432 -0.0720109230517844 -0.0207229020478831
0.31892685182012 0.0702583237086955 -0.054793079936199 -0.032001857248686
0.302288381603782 0.171835300444129 -0.0141662843300293 -0.0311744386951141
0.18096197178533 0.301382818094436 0.0202639705860008 -0.0235225789191812
-0.0274647757524082 0.388493086469581 -0.0147870421287825 0.0408829761715697
-0.265706397360772 0.312544610665002 -0.0734206283020979 0.0290639674990523
-0.36887705481155 0.131284741378469 -0.121088875356549 -0.0470721946834095
-0.348402844835899 0.0403919457577621 0.105540179535409 0.07406085568122
-0.320145022830209 0.144986731734084 0.009926655035127 -0.0141300231715224
-0.223591180879732 0.247068453427888 -0.00975089259682744 0.030741248576598
-0.0355019113651427 0.310462697844239 0.00868459811758293 0.0495026229798106
0.144342350522128 0.268673495074321 0.0589668044091223 0.0371642276459979
0.246452610242628 0.157445017399453 0.05415512512358 -0.00809811128991743
0.279586695673028 0.0720697310288188 0.0455718456249015 -0.0124083365266221
0.299568984656829 0.0326448246496332 0.0438746346987465 -0.0130532500986315
0.294524615242417 0.0365309107518541 0.0410364439093208 -0.0159696848601551
0.312569752810916 0.070164397321851 0.0345472309168168 -0.0198083020063215
0.292545066324378 0.166269170745173 0.0500648669726715 -0.00979627701562495
0.168281353527735 0.281813050547895 0.0459001760203606 -0.00789611832931001
-0.0196205817703157 0.347966375091067 0.00895736785728887 0.0151213202067979
-0.231814118975117 0.29418620559139 -0.0150694690458976 -0.0153989796172779
-0.339825174859206 0.137896625456487 0.00774677533481111 -0.0814141719800285
-0.300772142952844 0.053783298341747 0.246898875374633 0.0531780329369636
-0.268129291952849 0.147122448365321 0.103994015286893 -0.0473771652385879
-0.181763210720055 0.220186479863083 0.0236163334950306 0.00685167731841892
-0.0289762793033045 0.269831967130447 0.01059118632623 0.0747425776384981
0.122934765622383 0.237716758101908 0.0947673080848338 0.0963436382704789
0.216094756105042 0.140585333010478 0.136559990023992 0.0434622016385799
0.248796969920509 0.0639055692628802 0.154688071662052 0.0145508810870272
0.262261939227432 0.033132929989669 0.155814746542684 -0.00150656990953791
0.251734356398317 0.0385800470117388 0.142087961071853 -0.00784503156349927
0.252992769383059 0.0702459148833279 0.10735662659321 -0.00329754314991673
0.221833505450778 0.146217718991655 0.0942052675675799 0.0132925187723995
0.10494881078909 0.223562962017358 0.0570570580677667 0.0107322491570865
-0.0323882798479855 0.243933867242222 0.0209872731247972 -0.00690956099684744
-0.173778501894447 0.216952447916386 0.0303164821117222 -0.0512657374639836
-0.260846053101611 0.114576447915093 0.120373989573965 -0.111353894017114
-0.196331056037898 0.0579904494772629 0.354380482017218 0.0278044144973687
-0.158405761423162 0.112973934709751 0.180379408330866 -0.0696130025505401
-0.0982831890989367 0.137500734643692 0.0550480344944295 -0.0125620778919651
-0.0185549761699198 0.166961009695059 0.0172448314270133 0.0860682156516051
0.0765394212093563 0.156501013331675 0.120133089201375 0.134969389650198
0.145752309400386 0.0953469440077207 0.202934944172026 0.0840312893033084
0.177131147941512 0.0446407341180201 0.245011821452382 0.0344739954709108
0.18533993473849 0.0284148838929866 0.243060509118841 0.0104648665639638
0.174249263944629 0.0355145368221509 0.215773413822821 0.00761140137369401
0.160282999017499 0.0649700682401987 0.153037356862283 0.022311283120945
0.122330901949314 0.113235862957819 0.109089717931881 0.0403693806762374
0.0284227428349405 0.142198936094462 0.0494364407991589 0.0308984264373151
-0.0428665460939444 0.116208692375699 0.023210295012436 -0.0214831022442585
-0.0976469274834636 0.115693783688551 0.0624645355334674 -0.0688050005097356
-0.151290877776897 0.0781186333287136 0.202559325873212 -0.126206220990219
-0.056366633653267 0.0451576022002756 0.405775519414316 0.00224182907770556
-0.0263983940842766 0.048312931288298 0.224787216492906 -0.0862251362549446
-0.0130792082912909 0.024252349599843 0.0733849265938857 -0.0336833221175698
-0.0173131879508457 0.0427036974078697 0.0206696759090658 0.0808303165915951
0.0131143706226533 0.0552332759795136 0.131005652328022 0.147495227770457
0.0498337531296331 0.0389428722061588 0.240799215879288 0.102501759585367
0.0763166383460983 0.0208182064468363 0.297035079280654 0.0441585909462519
0.0815037807185342 0.0182604848812789 0.293388775521012 0.0201367616818011
0.0765268256231746 0.0239783357129203 0.255643188208312 0.0268027598854454
0.0572647974637501 0.0451675084972608 0.17122197581188 0.0514678549441244
0.0286151749072585 0.0639981388880623 0.0991189090551823 0.0657245050343417
-0.0238643394823004 0.0520541693298414 0.0280417023869169 0.0436399370605261
-0.0268399077523293 0.00173554066272189 0.0211172668883109 -0.032304933593694
-0.00806077717931029 0.0300509623294689 0.0862398417536484 -0.07250688354177
-0.0284197628926055 0.0442818385659449 0.249722782249052 -0.126976611900176
-0.0683614904393642 -0.0161091779238836 -0.287694879002464 0.152499043886542
-0.0717475052721471 0.0236407390423547 -0.117454090748734 0.121845320367566
-0.0211546541813899 0.0664718985905575 -0.0196484533145013 0.0617631693885143
0.034180856665495 0.0359504301172382 0.0181894439892272 -0.0382645677347949
0.043489955052344 0.00742246567933239 -0.064466062308556 -0.0868359053839052
0.0325812258580039 -0.000624725840584039 -0.169477285324095 -0.073944485263878
0.0226072221838627 -0.00169011419507973 -0.258463740712232 -0.038112862379054
0.0367429799856135 -0.00586005391894158 -0.305160341590552 -0.0182975869335222
0.0470560300879915 -0.000738673833497768 -0.307251728266446 -0.0309093474238867
0.0656090783915275 0.000951889684504536 -0.250475941851329 -0.0792362732276613
0.0679463408943133 0.0279387940091192 -0.160388935263138 -0.114976064025616
0.045111005343441 0.0808982410922732 -0.055304219437618 -0.0780171474330051
-0.035034375213725 0.122016171901258 -0.089507833444279 0.0363056340947563
-0.112638560182588 0.0517130450409883 -0.20857671558337 0.0508989733704033
-0.108865506299156 -0.0075596491065077 -0.392139262685414 -0.0156677243144396
-0.177894599071836 0.00499003723181007 -0.249264539085434 0.132896488327568
-0.155297549991991 0.0617188942628746 -0.135926770692824 0.0986870344097258
-0.0804436066771258 0.122961765141272 -0.0288697531946131 0.0736866627035268
0.0238475606321757 0.117880177941481 0.0273746350876096 -0.0225179082530174
0.0909527333559033 0.0825443099049305 -0.0375634811439287 -0.0886630785012268
0.116129321131911 0.0432667128107492 -0.145375845051513 -0.0892453758899223
0.123965629113739 0.0165497849181221 -0.228301315237026 -0.048190244648217
0.150923883331991 0.00181176474758512 -0.267450030371401 -0.0215537654377078
0.162791530472163 0.0143682599448453 -0.265222442217473 -0.0240787245451961
0.183827985762781 0.0367784048756019 -0.215393305165087 -0.0598498815185562
0.168621509484811 0.103386006874989 -0.130932252447825 -0.0865959509527216
0.0956410949445623 0.192408585528574 -0.0368537812575635 -0.0561349725059961
-0.0530844797946351 0.256907049683246 -0.0756233052826947 0.060045712706123
-0.211538063845665 0.169906875389592 -0.188132557335893 0.0709859569203693
-0.249324349336263 0.050327150650859 -0.343843697651317 -0.00412875312120276
-0.274691412429433 0.0215833279055334 -0.165637720762115 0.115494521079962
-0.238931442157725 0.0976379859399961 -0.127433491785814 0.0680164746414914
-0.149666375792282 0.178322972698631 -0.037229336346512 0.0739612729637103
0.00174999121324922 0.206030431868726 0.0243494764208357 -0.00167476823106377
0.127016268445906 0.165745068180451 -0.0083814803040305 -0.0682536277114822
0.189456126253059 0.092412459958064 -0.0997172503992187 -0.0850555629496319
0.212438867450857 0.0376861896054145 -0.163472539836528 -0.0471202030229872
0.243886693614073 0.00894888643022968 -0.187584439435005 -0.0227084262540618
0.253343592837846 0.0201943237987134 -0.183918681939313 -0.0192613379506321
0.27948229300892 0.0533374185234313 -0.148515703254966 -0.0414130030206677
0.262642769308169 0.147983670556211 -0.0816541746077172 -0.0573494308031205
0.157263514081726 0.270714129252564 -0.0112696652279502 -0.0391526379970718
-0.0382422271365719 0.359802657667546 -0.0474443907082226 0.0633856026232985
-0.260991939270499 0.275075521859352 -0.138017339219932 0.0670405244588596
-0.343366427140317 0.109589296790253 -0.249399526846263 -0.0111900542420966
-0.340478449879624 0.0386334235907654 -0.0413639876231333 0.0957643297926572
-0.303683163213965 0.134094787182273 -0.0783585572586007 0.0296349836300538
-0.205790737484487 0.23402573546085 -0.0320028627242473 0.0571787037606498
-0.0170231809608768 0.285970845997821 0.0158599524162904 0.0228751994037239
0.152792308508056 0.238217735528881 0.0236042850012384 -0.0243808416515136
0.242309083518298 0.132967314534608 -0.0318639936785487 -0.0572865652292798
0.272890127150429 0.0543989217408981 -0.0682260058287451 -0.0344706631079297
0.300302934625256 0.0153319410701129 -0.0783730640034239 -0.0206706176724572
0.303714007499106 0.0222436895669303 -0.0747398740431137 -0.0183051174303939
0.331603558492471 0.0559767826038107 -0.0594957716410798 -0.0297041961536738
0.317685111099705 0.162895495308256 -0.0150624800382621 -0.0334508218594023
0.197468620781334 0.301017764099487 0.0186924054466668 -0.0249470416178461
-0.0143890252431979 0.400106878387565 -0.0156727496345602 0.0455995852435659
-0.262131663519013 0.330976081756626 -0.0756485479767301 0.0338313357881259
-0.375781404727607 0.150010650462422 -0.124105464329558 -0.0403262661739816
-0.35550305623762 0.0538440210930709 0.108360048505331 0.0726577292490817
-0.322606615162292 0.160728291923728 0.00773006917211824 -0.013246765521699
-0.22255550493043 0.262399660925749 -0.00821717243853373 0.0310034934356073
-0.0235169128962652 0.319487790234645 0.0105298602875639 0.0511101589053945
0.158774678911692 0.268944174947355 0.0623902234839751 0.0365230856633049
0.257159833652284 0.150255382134806 0.0535874685400002 -0.010943942444916
0.290184884543664 0.0608554934469814 0.0456631205461577 -0.0142127398014662
0.309377302564153 0.020305377971245 0.0441688099372362 -0.0166374059221745
0.305654287042866 0.0249528450167964 0.041625401177198 -0.0182674458610523
0.324522225848099 0.0567652912249909 0.0332704456580345 -0.0214115706327505
0.30726067265508 0.156336310250144 0.0510163872898794 -0.0144763060844713
0.184148990211505 0.281565527834304 0.0458429922055434 -0.0103343368089713
-0.007473579878809 0.357986477894867 0.00770617447799254 0.0188319503210834
-0.228099261704863 0.311237589393251 -0.0165221688594147 -0.0129385660643323
-0.345077874423235 0.155886394417395 0.00667929103653291 -0.0810046287147501
-0.306195893838128 0.06480486766146 0.253923253088834 0.0446469144665833
-0.270179303498193 0.160069584286322 0.104043588426912 -0.0504206787436449
-0.180739456931018 0.233452466955256 0.0247283080018074 0.00526886902375709
-0.0180028768090125 0.278284071137843 0.0136702967456296 0.0774006856954523
0.135567601241661 0.239069306825498 0.100806414958064 0.0964343720795387
0.225793078991678 0.134704646424032 0.139744104423529 0.0384616383881074
0.258538229425295 0.0539574036705822 0.159310696121139 0.00799099759800592
0.270646025940848 0.0216263261078978 0.159988663755719 -0.00947389351934676
0.262020778169997 0.0280634192785911 0.145477698641073 -0.0146337437423991
0.264089727956264 0.0601821264628545 0.108967599778406 -0.00739663715920031
0.233625200056411 0.139330865933715 0.0969580248788622 0.0078607440574937
0.116767282088839 0.224722186290706 0.0592114564297688 0.00880155043803579
-0.0253475110267142 0.251975703405586 0.0191563851758885 -0.00461929348861265
-0.170509745316392 0.229172091569951 0.0284702326685919 -0.0506366962214243
-0.265147237701483 0.128236995959701 0.121256095646384 -0.117919090601311
-0.199298574807025 0.0654532921504769 0.364089639990285 0.0147732661677191
-0.159877819938177 0.122468266547428 0.182806756887491 -0.0780994589537527
-0.0988893050718636 0.144911871430835 0.0566126649371303 -0.015679831124657
-0.011832207181028 0.172925932696123 0.0211005955543084 0.0887816172856947
0.0854905073833209 0.157530211727446 0.128404308107285 0.135104996048943
0.152490940192565 0.092103469560757 0.209494136020028 0.0762841463442546
0.184178840531246 0.0375512635869123 0.252230211002023 0.0246280463134414
0.191959009306868 0.0211531946720511 0.251385527573565 -0.00182418133813464
0.181769113289595 0.0288812630102019 0.22297742509726 -0.00291248443121228
0.167472845854665 0.0591922749008378 0.158050969991084 0.0171062231898754
0.130289015672264 0.109979537746884 0.113190282270504 0.0356364473588757
0.0358279552244643 0.144655144601859 0.0515670254012906 0.0292138003882247
-0.040775443146408 0.12115984729763 0.0204577948207362 -0.0205152579972008
-0.0962468269053746 0.123443261485392 0.0614141744051892 -0.0705893616988541
-0.152920767880642 0.086160535752319 0.20526965304243 -0.13779653067319
-0.0569777754976477 0.0473827790501915 0.416553946959425 -0.0149757747606647
-0.0264043512792979 0.0514212258784255 0.228535731291842 -0.0974493338914804
-0.0146664239090275 0.0255776812566447 0.0741993138203925 -0.037751140743402
-0.0155166968424935 0.045073862615143 0.0243202308778981 0.0832769895669101
0.0161588392781035 0.0571964738682668 0.140365850015943 0.147372778913055
0.0519590924264681 0.0377742480810139 0.249923151424465 0.0941844491630566
0.0788124859207406 0.0172058760120256 0.307103218861694 0.0319603281665232
0.0846010615356563 0.0146923286414599 0.304160886192863 0.00623986524840695
0.0795379331833514 0.0214796994372362 0.265506576632008 0.0151524970791946
0.0614377962332483 0.0440835155886804 0.178178087018884 0.0454419569920355
0.0318939555964161 0.0642939370191932 0.104076704293871 0.0630610334311228
-0.0215117890258111 0.0539837549425001 0.0304438717510997 0.0433108557639528
-0.0284435912118151 0.00369162537467319 0.0182814166885856 -0.0333135989963852
-0.00764177816767212 0.0313505264977116 0.0865484927644335 -0.0763761088755247
-0.0284151335443587 0.0453085885446156 0.253025387136841 -0.140652179527225
-0.0679993336965904 -0.0117876953716033 -0.279605538382511 0.171131587356199
-0.0687717192243948 0.0267049306697002 -0.111768313512081 0.130492468417221
-0.0157424820065597 0.0669734593556212 -0.0154624876628618 0.0634823184726844
0.0358428842406234 0.0329728092897343 0.0159780449711562 -0.0385989824533346
0.0437489155979435 0.00307245378717755 -0.0683837840202168 -0.0829810251907711
0.0329662347770525 -0.00266353946950406 -0.172508819562029 -0.0621767368763455
0.022311231507013 -0.00264639244041972 -0.26062242277987 -0.0206886091838348
0.0361583973665894 -0.00776331549106614 -0.30821848442013 0.00288694088573173
0.0478681445752512 -0.00441501400804057 -0.309299513904289 -0.0107599524474733
0.0654862010790742 -0.00361280184799797 -0.25594192424206 -0.0623859064417006
0.0694357996273021 0.024109135486731 -0.166557896479932 -0.104497054069544
0.0494484693447081 0.0777565124292304 -0.0606305588825248 -0.0744490545887765
-0.0271309808814747 0.122593706867019 -0.0872107404472289 0.0414546018818277
-0.109158191911363 0.058110996916205 -0.206709784164468 0.0620998307272847
-0.108701589891208 -9.42396128245614E-05 -0.392860879266337 0.00992820621555282
-0.176312943542338 0.0151820868889787 -0.242710239335165 0.150671191140072
-0.149712088849027 0.069766859331433 -0.131285798417968 0.10920303737463
-0.0722970049970504 0.126285859622666 -0.0239663133095299 0.0755208661641977
0.030815299276043 0.11527208520768 0.0259719211817176 -0.0237750669737061
0.0954600827672339 0.074577274486326 -0.041294293314889 -0.0862354857298582
0.118567092168487 0.0343115171259138 -0.149930298783204 -0.0788157757417982
0.124889426021357 0.00908148056601139 -0.231377191754275 -0.0327785512476299
0.151217882756355 -0.00845351872521754 -0.27007303272401 -0.00348448074715163
0.164018412658841 0.00271735567517714 -0.266903657551544 -0.00556432943859682
0.185762301479057 0.0243427270645201 -0.219696666554883 -0.0453010402555835
0.174449759904322 0.092587361278333 -0.136496588435037 -0.0793242721844192
0.107025384785877 0.185864481979341 -0.0409691484821743 -0.0533892289414016
-0.0377908288462814 0.259071552276833 -0.0722757869681788 0.066280276207946
-0.201442398667871 0.182398259523779 -0.18454698922748 0.0817400203453456
-0.246576684103984 0.0661481568188804 -0.343623641452937 0.0195533892822268
-0.271248133108168 0.0373494784236529 -0.160550328640087 0.126471595298427
-0.230335648586909 0.110191986774266 -0.125383680521324 0.0783734503606574
-0.138244272951906 0.186023248878667 -0.0325491453378098 0.0758008385622435
0.0146572868403465 0.203836663327131 0.024572418451524 -0.00222136191534066
0.135977325903214 0.154582684885768 -0.0117082281729544 -0.0677077125840984
0.193853344056543 0.0791101882691878 -0.104894997521766 -0.0772535267524255
0.214217165072422 0.0240195556036434 -0.16539903744841 -0.0352305082267214
0.244050569948313 -0.00746861687101907 -0.190693765795962 -0.00913518102910189
0.254390846811246 0.00307022390907332 -0.185029698876847 -0.00694757674342501
0.282387475263849 0.0330745157769216 -0.152579690226852 -0.0307177951116794
0.271348960419686 0.130310648970014 -0.0852576791908677 -0.054093138504578
0.173493963028117 0.260161832494427 -0.0148537820407982 -0.0380567391857333
-0.0166183936109005 0.360988486557351 -0.044504921255261 0.0686255139253287
-0.244531068633142 0.289411858312242 -0.134161186175347 0.0761110812156033
-0.336739657040724 0.132175088021131 -0.248264994973514 0.00585178682423811
-0.336805012327627 0.0575409608010403 -0.0374540288814313 0.0995166723354299
-0.293406447359036 0.151518724649583 -0.0779578519211129 0.036965217707754
-0.191903212548504 0.24468365460478 -0.0278071058849417 0.0584716999053657
0.00113343494094983 0.285255822359469 0.0172334505889475 0.0227359884102512
0.166851894308102 0.225435478433217 0.023555626838851 -0.0253569353938773
0.248208553218947 0.116870445487596 -0.0357644670519637 -0.0547141533553306
0.274846667871487 0.0358296414448319 -0.0702234110264576 -0.0293165745669589
0.301057767479873 -0.0048362425541973 -0.0810357685650035 -0.0151137313297437
0.305852989087674 0.00174102717020245 -0.0760876685408 -0.012089523469104
0.334874940406519 0.0320238227853677 -0.0629339922989097 -0.0248942220392044
0.327651527572163 0.140406824152357 -0.0183502526963014 -0.034600468933972
0.215827913462998 0.287314745968719 0.0164400620096946 -0.0256777796267059
0.00855337134221151 0.39934151923637 -0.0139187230868256 0.0501502327963989
-0.242340321173067 0.345731043824872 -0.0734848747454886 0.0404889423016108
-0.367237020512293 0.174534414702412 -0.124474313387991 -0.0299939733574119
-0.350514881505994 0.0732323406375987 0.110321406732585 0.0668351362829376
-0.31188047101068 0.178232264883412 0.00523283074830791 -0.0102403679221282
-0.207096705061309 0.27488194659925 -0.00623178054330591 0.029518727039875
-0.00312760097279335 0.320488437474899 0.0135298628431497 0.0520300118694389
0.174670230183588 0.257357597553318 0.0649759020180352 0.0336728276984941
0.264768855470484 0.133660679443726 0.051412256063742 -0.0142312095322542
0.292203086105684 0.0416210367808839 0.0446031410703603 -0.0163629441836167
0.309885240582899 -0.00164318228747886 0.0425956750136109 -0.019301069183099
0.307663463729186 0.00385131391049763 0.0403575652864754 -0.0215933799226563
0.327641559696643 0.0330196502405515 0.0306791730957393 -0.0223013284628515
0.31594482155397 0.134329398662164 0.0490726242288714 -0.02009593944016
0.201200295066388 0.268615242702388 0.0444427864803456 -0.0129881257021232
0.0131131040296628 0.357355189494689 0.00750751807693833 0.0218157855106639
-0.20780194758959 0.323923842051724 -0.0166505674738097 -0.00971545860187407
-0.336197056388756 0.177729511351947 0.00464571781541336 -0.079531760953939
-0.302438109999371 0.0825271007311069 0.254287030986751 0.0293587728629962
-0.260913433805919 0.176317777581264 0.0993595189108651 -0.0552941349395627
-0.167836283269893 0.244366394665609 0.0252480106604769 0.00182238583731591
-0.00054750265811553 0.278365659210495 0.0182466717538256 0.0775971185892041
0.150903620846691 0.229506557904511 0.106872325404787 0.0904021425464149
0.232649652151403 0.12070756453294 0.140469529408791 0.0289248393359629
0.260621360752664 0.035758704097249 0.159480066733827 -0.00260957795584259
0.272245134185684 0.00378503534793389 0.158853566785075 -0.0208327552728313
0.263266423641637 0.0105859913423057 0.14468085366399 -0.0245479778128663
0.267083837938036 0.0411657581014589 0.107935510306921 -0.0134859384747563
0.24128934039362 0.121445830490258 0.0962475108635176 -0.000264149383713861
0.131198299641114 0.2155956623602 0.0592009997118699 0.00516183509732154
-0.0103222333557935 0.25317937267783 0.0173430797512995 -0.00276767757659989
-0.156088661591631 0.238888398937017 0.026616683694066 -0.0502448511216037
-0.258166564998359 0.144866649939578 0.116830644940073 -0.12348941705471
-0.196066667063872 0.0764144807700756 0.36359962519261 -0.00797736936499138
-0.152962875565645 0.131940949225001 0.177839176348741 -0.0889247179991434
-0.0916386478398871 0.151291510849869 0.0556876060715688 -0.0202494878091298
-0.000653756353853756 0.173244549489129 0.0270056225469331 0.0885833183997704
0.0959677412942137 0.152367512302905 0.136733637719246 0.127657949172988
0.15674246889166 0.082451671270403 0.211787581379558 0.0626350774071705
0.184810135560165 0.0245130695473637 0.252628020827638 0.00774737384176001
0.193287623836249 0.00808384184525559 0.250761025842363 -0.0202683730219364
0.18369494471776 0.0170518979746859 0.222669243424807 -0.0188523404430777
0.171414424202166 0.0466034931917003 0.158232526245886 0.00715384731171552
0.137026030382107 0.0997564916535425 0.114025820582451 0.0266278972556213
0.0451426719964949 0.141140579467496 0.053453748953005 0.0254329209029701
-0.0338223922915052 0.124491042097112 0.0174462410324156 -0.0192971046474265
-0.0878602165886885 0.128297098948008 0.0584635887646976 -0.0727234455455922
-0.148945347861127 0.0943420408655737 0.198553619753459 -0.150118710217703
-0.0555582572654668 0.0505757462778499 0.414945191872143 -0.04020839647303
-0.0245193156691168 0.0534967028882593 0.223428068947915 -0.112097683361566
-0.01446234797635 0.0271886703511877 0.0723982045268523 -0.0429983620451473
-0.0119477380708709 0.0457957462075298 0.0297798548731655 0.0825747180359653
0.0202098849760559 0.0562659113609729 0.149066555097645 0.139182128601549
0.0533063636996147 0.0349060505387028 0.253929485837818 0.0775738623692045
0.0797802803823394 0.0107719765408854 0.308021801926982 0.0105431358121638
0.0856309110263711 0.0090454858118992 0.304566584600108 -0.016112384724706
0.0810439038024759 0.0163715938604975 0.265244553401902 -0.00374086026853705
0.0645069310476783 0.0394093879056732 0.180763814621608 0.0342788717532225
0.0362325363060003 0.0608519939417925 0.106890061861318 0.0554129695994682
-0.0176331985296054 0.0550606600828503 0.032758504203431 0.0412010150353615
-0.0287259702502458 0.0064872309976512 0.0147529041982054 -0.0330269979712498
-0.00606161767868968 0.0317330852988959 0.0828673456753995 -0.0804204421824293
-0.0269206743747207 0.0461704157956687 0.244974474992933 -0.157423409804902
-0.064919158444805 -0.00840939657657885 -0.260887339625007 0.180400273415573
-0.0639031059475098 0.028325523129337 -0.101190416088498 0.132754599048445
-0.0112393425735601 0.0639194066000531 -0.0114880530472605 0.0618948082139485
0.0358142407393787 0.0296377025816489 0.013054063124175 -0.0383123078382008
0.0415295456968164 -0.000187896112370938 -0.0684432392351474 -0.0767762164666678
0.0314921363837783 -0.00529953154672333 -0.16713628312822 -0.0495284574441952
0.0216620477133704 -0.0029112409852412 -0.251100972109896 -0.0048302795779011
0.0344409206372089 -0.00981910757524005 -0.296770128627828 0.0211325528726375
0.0457733839306879 -0.00776615362249167 -0.297347789683134 0.00724586845774582
0.0621746194214795 -0.00723184256335172 -0.249885316044476 -0.0467639387309617
0.067583210515651 0.0198793323158209 -0.165893624140363 -0.0916358256195969
0.0516294028128872 0.0719117212749357 -0.0627289649767031 -0.0679510485154941
-0.0199145732153303 0.118507866835338 -0.0817458378482194 0.0441453673910504
-0.102376533160307 0.0608372222269075 -0.1964894158106 0.0685289002052805
-0.10487517827404 0.00615896077620129 -0.376345325698605 0.030700175061908
-0.167727684391233 0.0223495211804124 -0.227071674089174 0.158970030497199
-0.13947293803379 0.0731133294169884 -0.121699383099648 0.113600757874321
-0.0629687088164852 0.123071039025201 -0.0190626935289105 0.0736809258769729
0.0352205368915729 0.108061417211905 0.0244308087844076 -0.0237962076228192
0.0941229344623717 0.0657620116143722 -0.0425929752191504 -0.0807341551508099
0.115061240839072 0.0262405349802476 -0.146677657169985 -0.066823969723407
0.120312760758187 0.0024474449070593 -0.222230817146126 -0.017890784301131
0.145127224637056 -0.0167432008660556 -0.261458285728634 0.0130051731066519
0.158769238707876 -0.00748673969280429 -0.25660831100093 0.00967996675107054
0.179209010183997 0.0120518077401072 -0.214963951877241 -0.0305417627490689
0.173103629317435 0.0792194290052197 -0.135694245998048 -0.0693756382651938
0.112077081278273 0.17347861015437 -0.0430506448774253 -0.0490217594977136
-0.0243436577396552 0.250469563009078 -0.0663565203361661 0.0686092743777033
-0.184863473203588 0.184387408072936 -0.174069637182744 0.0875798389818881
-0.234232519661544 0.0770992005348628 -0.327826432663165 0.037907219681791
-0.257626007158526 0.0480238339933514 -0.149921026130203 0.131977627365706
-0.21492539421543 0.115783329521873 -0.11655357011078 0.0839066233244961
-0.123190646184774 0.183926581608952 -0.0268147448991729 0.0739553296665732
0.0243652807249921 0.194198054668217 0.0238584891137424 -0.0029179600463112
0.137616537376912 0.140404562909856 -0.0138393723147056 -0.0646868016676811
0.189430978520643 0.0648890398322657 -0.10467005231032 -0.0676565109599167
0.206659280474959 0.0119139767848 -0.160525980971146 -0.0240221755550388
0.234984413963465 -0.0211374300548211 -0.18486178386604 0.00270641837701021
0.246230098281164 -0.011969912708816 -0.178265779374142 0.00466117906904301
0.272460107527972 0.0155104881453798 -0.148945262335145 -0.0200815093091977
0.267597447404427 0.110524556379967 -0.0855796101460759 -0.0485914294684136
0.179582585648876 0.240863117545647 -0.0166869176614969 -0.0355132311309496
0.00131240410426931 0.347868266312792 -0.0386894814337518 0.0709884564642627
-0.22070480662918 0.291060764519574 -0.125447699166894 0.0798200515537616
-0.317821906766073 0.145486134226468 -0.236029306467801 0.0206345363552508
-0.319119378248976 0.0701315758535633 -0.0331001796263479 0.0992762967191659
-0.273748980582604 0.158404831723873 -0.0742494136854745 0.0425084703152924
-0.17242870598817 0.244471709333607 -0.0231829502044271 0.0556733923240852
0.0161342969544306 0.27262264894582 0.0181756197918536 0.021521205256358
0.171273522927356 0.206996368624115 0.0222595774501463 -0.0257491653239457
0.243379394532279 0.0990164887422794 -0.0379445777834126 -0.0495185582401875
0.264920575707466 0.0192810336935197 -0.0680478083282569 -0.0236737429691562
0.288589514166676 -0.0221661953928558 -0.0797504159825905 -0.00936055569877977
0.294640176441864 -0.0160148822831148 -0.0739450382163752 -0.0077603845812805
0.322297068780348 0.0107821826715092 -0.0626042968596785 -0.018686895646419
0.321951081736167 0.115494104817466 -0.0203402066123831 -0.0341622620437217
0.221490346743283 0.263826205300432 0.0136506567775549 -0.0252693733407088
0.0281405634904645 0.383620594605049 -0.0106376663437818 0.0517466679947639
-0.213998583033452 0.344193668147522 -0.067685797052315 0.0432236811597677
-0.344438882004793 0.187395806702593 -0.117679566774344 -0.0202923288695922
-0.332862205404865 0.0864555124329468 0.107643155528011 0.060022281668219
-0.290114597279299 0.187075178675811 0.00339855633871392 -0.00825742433140046
-0.187038352808191 0.274725733876125 -0.00470950228114532 0.0270634828331776
0.0143609818668228 0.306873946838872 0.0161689306620106 0.0499884839087361
0.181224298208705 0.2375072126814 0.0651352480131621 0.029159876267194
0.259854931721587 0.114360982740665 0.0468309488684953 -0.0158307642839928
0.28256122095814 0.022740827052783 0.0416912413716694 -0.0177393523923636
0.298348442799566 -0.0191256191271124 0.039472263860498 -0.0211225770883681
0.296969722600697 -0.0135634236439481 0.0376405666668457 -0.0226908792001366
0.31576898247713 0.011955026046851 0.0272247354662346 -0.0215232995702329
0.310128633730226 0.109936229217414 0.0444617110243841 -0.0234672269912577
0.207357046185469 0.246104613577614 0.0414397368264215 -0.0145791559108556
0.0297430425254619 0.343967149362437 0.00868535357929646 0.0243729827720854
-0.183317261934393 0.321229936994927 -0.0156110357790132 -0.00678213114156385
-0.314253394979011 0.188527815531509 0.00400149227632711 -0.0754179909817402
-0.286792613811687 0.0923238817970841 0.244134915646289 0.0165215233695595
-0.241986011283456 0.18255736782866 0.0924398859332949 -0.0567550897535822
-0.150918801780132 0.243689006909651 0.0239674966342204 -0.00119404565693349
0.0143185597395078 0.267517731262127 0.021816578343543 0.0745525050611498
0.156664231810793 0.212854435473933 0.107922666404428 0.082585537623092
0.228996416554072 0.103815169547413 0.134233322112159 0.0210464684928164
0.251303067475008 0.020155183307138 0.152404925706905 -0.0105999049332292
0.261513057098571 -0.0118868006047587 0.151782853451327 -0.029486351976275
0.254290238314009 -0.0042454577129379 0.13751098698659 -0.0327127170479393
0.257677683257324 0.0230996274050286 0.102669442644244 -0.0177242902166558
0.237679174094247 0.102133077211025 0.0906277134684491 -0.00686487036184817
0.137388599993862 0.199803776038217 0.0562438831431342 0.00192717758040851
0.00187117712920678 0.244736260032694 0.0162848464800932 -0.000389207570882329
-0.1374496023443 0.236788383445816 0.0247426871881317 -0.0482549939602455
-0.2404140202973 0.152601301978863 0.10867707420127 -0.124476143368337
-0.185606594054529 0.0818528049044984 0.347634949284607 -0.0255018144207807
-0.140492325048825 0.134643612816106 0.166152338302512 -0.093132160500029
-0.0819569448652698 0.151466267902349 0.0520624077793313 -0.0242377996467619
0.00837614249110893 0.166735987435533 0.0309577864503109 0.0839546306157941
0.100495862045349 0.14210235721056 0.138583270598539 0.116589420060664
0.154158767142163 0.0721424020089562 0.204697746346107 0.0485808702205732
0.178662994620334 0.0129851973759416 0.242067891457919 -0.00649637290458003
0.186177435435729 -0.00342179600831843 0.240152874181877 -0.0346059034573754
0.178242383565435 0.00588986877107644 0.212522962170365 -0.0312223482982981
0.166511759304712 0.0346254903902608 0.152450589580027 -0.000946999907580271
0.136334595321007 0.0871966495195849 0.109642032654247 0.0191064087915708
0.0514271105670497 0.132557975328359 0.0518291654329796 0.0219213727363358
-0.0268355067908685 0.122121511591116 0.015433167684923 -0.0168082281164791
-0.078063687179764 0.12706667700296 0.0540262705975625 -0.0712718010248773
-0.138834436221566 0.0979702689395489 0.185012354605084 -0.155040767377658
-0.0514594072343055 0.0507131757507917 0.39609618518805 -0.0608201069620236
-0.0212642309316952 0.0533801405105826 0.208341460834208 -0.119491635803353
-0.0137273057177239 0.0280977791707061 0.0671154291327365 -0.045962502480487
-0.00906743805670936 0.0448505663423009 0.0337542242571277 0.0785041673361129
0.023181437495562 0.053855917876338 0.150649672212336 0.126274161626332
0.0525442420697327 0.031208451678497 0.246394291521189 0.0610909327350256
0.0760723087828517 0.00547582829546269 0.295362380802317 -0.00689772432631844
0.0828685025298873 0.00410713611007247 0.292905231032329 -0.0341971604621952
0.0790640975138158 0.0113595693391502 0.254150497818736 -0.0198790368158945
0.0639215254377317 0.0349025344528047 0.175535348276341 0.0224507481898725
0.0374588779151851 0.0564315821338693 0.104261338326315 0.047061067681018
-0.0134915632212249 0.0534913063301187 0.0331905192979583 0.0374735736516877
-0.0278009375160281 0.00883187366299909 0.0117506094188598 -0.0314089119922983
-0.00420215960843612 0.0306705000560705 0.0768108678256525 -0.0805764772045543
-0.0244198468900773 0.044487111298974 0.228190151163565 -0.164463313793075
-0.0575014224439597 -0.0165514071704633 -0.261876031539681 0.135698369857942
-0.0618348860082403 0.0160645723425193 -0.111762255627744 0.112434735644771
-0.0183415483466213 0.0559511160789323 -0.0210794231079747 0.0568933171472075
0.029101842860011 0.0321755070439498 0.0154814678958461 -0.0324151786374676
0.0380008147610137 0.00490036620472516 -0.0542268280184564 -0.0775955302835678
0.0318124911706125 -0.00130930793502781 -0.148095168915236 -0.0631383528606581
0.0218937395635011 0.00143731026814112 -0.233999277241348 -0.0307599530252755
0.0336027748937505 -0.00433437543244069 -0.283306194536854 -0.0129895739515745
0.0451614902099819 -0.000757219814944328 -0.284966458221316 -0.0269320041100547
0.0601892778920297 0.00141434257438823 -0.233425401145048 -0.0735107735898162
0.0617197171855216 0.0284190160024139 -0.148697601011148 -0.108444983216359
0.0397995424326072 0.0756692049495012 -0.0544462132114426 -0.0747325026592719
-0.0313405004663463 0.109615913155777 -0.0812916258049671 0.02871236668107
-0.103230914422275 0.0457864245550617 -0.193627596598142 0.0381107266768161
-0.0981717605966532 -0.00443886612798967 -0.363759783122907 -0.0159199928058446
-0.155640492005444 -0.00106729257673301 -0.233440531610491 0.113420721993819
-0.13670092878147 0.0474576909316566 -0.133778121854296 0.0907402411842273
-0.07385033403023 0.103728637344614 -0.0331303584262019 0.065424083470377
0.017218211029331 0.104060315620539 0.0203045811121428 -0.0184516827119427
0.0772537541405104 0.0737830657563721 -0.0339155964336324 -0.0771852368842988
0.104552978118499 0.0393481070202 -0.128304924656905 -0.0736194887030094
0.113745458729332 0.0180341897371705 -0.207371219895027 -0.0390913446198583
0.139196161028096 0.00227631003167676 -0.248144272580293 -0.0173413113312583
0.151981693598772 0.01349138614452 -0.247657756391753 -0.0221341937624314
0.167505827218384 0.0338595872661361 -0.205103859268483 -0.0562989346113757
0.15312273340989 0.0976638431348456 -0.126182682578588 -0.0872967096235179
0.0844172344059974 0.179666696965905 -0.0399125651922585 -0.0570241755247418
-0.0509766732859341 0.234647409539917 -0.0685952469844962 0.050418437374463
-0.196300594080082 0.153650979477519 -0.170147268831914 0.0541239087866483
-0.230504363174379 0.0487541495443386 -0.314207517496 -0.00884032808658686
-0.242092660687556 0.0109598389646352 -0.16284319551389 0.0930486307213491
-0.211515776204392 0.0765432853497357 -0.130484847176023 0.062286746522951
-0.138406648652047 0.151998894614652 -0.0454410350316557 0.0618975242385715
-0.00632343745049259 0.181796576784636 0.0142818177832943 0.000332294923214818
0.106066416614463 0.149943799859638 -0.0119769338734589 -0.0583408748915778
0.167788725812567 0.0852205533612768 -0.0905891840127938 -0.0666062488069125
0.193185473114793 0.0360709661922158 -0.149388375248589 -0.0380628135051164
0.22489285878333 0.0084655633758206 -0.174249553552672 -0.0195267821588099
0.235147428817321 0.0192420724203975 -0.172461862897678 -0.0184288772627024
0.254937693824333 0.0473943512843839 -0.146174925140121 -0.0402110342177683
0.239620639652146 0.137620427987064 -0.0842511696653061 -0.0650191760930082
0.14018303088367 0.251833945808427 -0.0182058274599214 -0.042386782096042
-0.0389192448600972 0.329945445326113 -0.0424014439892855 0.0542195716878254
-0.242711976047886 0.250314965651004 -0.120939735668986 0.0482271616642075
-0.319405079413977 0.104220224806883 -0.219096446066557 -0.0185931090684801
-0.301017518664596 0.0239666828404739 -0.0548716611397774 0.071625095047693
-0.270785658623744 0.10821825522374 -0.0884491375601746 0.0264895678828357
-0.191792632960797 0.201649330112244 -0.044941882243975 0.0441286308606822
-0.024914282854722 0.253106078401618 0.00328476895051351 0.021424934397288
0.12756631076726 0.217160754974572 0.0132201944957481 -0.0186033558793525
0.212347457733542 0.123508902860506 -0.0325490738689166 -0.0398118651859972
0.24671306157939 0.0506291851964861 -0.0642464098835375 -0.0274037091497943
0.277090577498167 0.0137236359948957 -0.0730717662133061 -0.0199150434696938
0.28153305737249 0.0212334403952885 -0.0728882080659505 -0.0186487953539968
0.302485163133835 0.048458547214848 -0.0656697718593302 -0.0291837569748983
0.288726380990181 0.149321981495351 -0.0261367330890495 -0.0442963152372302
0.178054843949126 0.278925577383077 0.0092366833909685 -0.0299374759218564
-0.0168213550195433 0.367270313417333 -0.0136481199879861 0.0388340146169307
-0.241853757469826 0.301563559452676 -0.0609581020294788 0.0184519048342525
-0.350882065211291 0.141356633597996 -0.0997628901378012 -0.047169382928617
-0.315959190172658 0.036347431141719 0.0775302372656588 0.0493445994293491
-0.289986013343996 0.132619338362794 -0.0123021447778583 -0.0124898911392301
-0.209014802473834 0.228351711014951 -0.0265399163416725 0.0188917864721571
-0.0316417174520356 0.284827348156657 -0.00338011132812175 0.0471694990622828
0.132426570587357 0.247387880616099 0.0452072479489824 0.0373471759700817
0.224920783414646 0.14099219320666 0.0419898372148354 0.00160853886391288
0.262141319039254 0.0550215640048033 0.0380640225300999 -0.00970889357019498
0.285808331005348 0.0167272654932619 0.0403549308847185 -0.0175676228152225
0.282704879568963 0.0232819041707203 0.0348578909574947 -0.0210174117050608
0.294712907398902 0.0479645331456755 0.0201466232984529 -0.0216011564608352
0.27818529355991 0.141107094461687 0.0343037247464922 -0.0259776726753194
0.166102832125518 0.259367429519131 0.0346041691356626 -0.0158993223984489
-0.0110336043047838 0.329616530454443 0.00808337005239234 0.0158334915142802
-0.211038596883045 0.283397509298197 -0.00633697147480423 -0.0217216493725775
-0.322892117014736 0.145328668339598 0.0234253279779159 -0.0857589665375267
-0.274325107152379 0.0481438030948958 0.209032275461292 0.0267228667852383
-0.245919067330888 0.134888770061517 0.0771208332405921 -0.0467599256631894
-0.172934203910581 0.205016800666148 0.0055277151332868 -0.00270998461510544
-0.0260707344037205 0.24897860229925 0.000635941013150237 0.0701163283972594
0.113401108885431 0.221606285518668 0.0799763854291312 0.0908159224985492
0.196837960112927 0.127876185037663 0.119245779639816 0.0443259908068441
0.233142257343306 0.0486128086019023 0.140530468049124 0.00837643067002491
0.250585913988712 0.0196181265141057 0.147030901636079 -0.0137382113746023
0.241526218924709 0.0256687450706234 0.131029623494008 -0.0181056111520953
0.238484302063546 0.0515133590506785 0.0929933039112715 -0.00863165707882515
0.210212392222755 0.123799483523438 0.0787843260543483 -0.00319236028040604
0.10554383408616 0.204978737993542 0.0485020600268678 0.00297221771942977
-0.0263692104262198 0.232608261243495 0.0182945907136619 -0.00308112674491828
-0.158171022144574 0.208200856859122 0.0355538591964163 -0.0529025673214122
-0.249228954671378 0.118136726422573 0.127811984636482 -0.118685432916719
-0.181190113515901 0.0516339422941302 0.313065683562307 0.00383590493604737
-0.147241214941696 0.105518188137118 0.154863010842452 -0.0707426533061339
-0.0970604385402083 0.129612895666617 0.0406736006484156 -0.0192150448698589
-0.01653056329474 0.155581012930196 0.0120476257224021 0.0810038373846277
0.0722788493805442 0.146953035873357 0.107661574219059 0.12503407020365
0.131574622345753 0.088237390817168 0.181924004700288 0.0749059618036411
0.164921147312612 0.0321906044954073 0.224208976420193 0.0208518920473267
0.178247629183865 0.0177668370612622 0.230877996651771 -0.00754624418525983
0.167345519303779 0.0262525128582096 0.203544034008322 -0.00827429509471478
0.151731473503664 0.051785012318906 0.140623010271226 0.0126502113355396
0.116617854664684 0.0972024578309739 0.0973675855845067 0.0255916005407553
0.0322354327141137 0.13063031641911 0.0454848565509966 0.0229957064129442
-0.0397852175826328 0.113358727388295 0.0182347506241307 -0.0156649757528382
-0.0897293775239844 0.111546978011665 0.0646895906404106 -0.0662513356511999
-0.146789585489136 0.0772204792770997 0.20186214589946 -0.135834208397568
-0.0542729317167719 0.0400032780001449 0.367228729835995 -0.0168585164111424
-0.0264943716275993 0.0469553463789395 0.203298001849244 -0.0889727178385161
-0.0171456621223078 0.0248517812530563 0.0653163597939644 -0.0356626892138283
-0.0148915032903564 0.0401021011939752 0.0203236772273369 0.0760293585330541
0.0137072745405235 0.0541911702726005 0.122323334307603 0.134112302070845
0.0427602307957299 0.0371955110247048 0.220012065612506 0.0861129046384687
0.0696917945746988 0.0129116286427991 0.275167861074725 0.025465556056051
0.0787854335197734 0.0127079721651604 0.280097797179097 -0.000546916270990715
0.0728846028788684 0.0196906084671406 0.242915488669952 0.00805115909029885
0.0554120661665463 0.039679838255757 0.161890697220176 0.0391795344336195
0.0282805250199294 0.0568333718824743 0.0924150697095185 0.0542886463483131
-0.0189961197253041 0.0482078351658788 0.0278546745322077 0.0381607955940056
-0.0276404254769712 0.00655415670151391 0.0147583046888684 -0.0269552075222135
-0.0083370491661521 0.0287721662762915 0.0844419187542062 -0.0694322268148409
-0.0312045351275404 0.0395274897707531 0.240928784594913 -0.136443449808513
-0.0544459439854959 -0.0173871924966249 -0.256650788655912 0.126346439194439
-0.0595181655539132 0.0134676716022415 -0.110736960238082 0.107259962949999
-0.0184173334067899 0.0522202275317463 -0.0210535066078965 0.0552858600016591
0.0271148745296352 0.0311703421270314 0.0153726475317714 -0.0317851041890139
0.036183989401348 0.00535432382497153 -0.0504293759512596 -0.0764920793794182
0.0306519660581704 -0.00125525179211425 -0.139915036724591 -0.0632887517877536
0.0218597590650079 0.00249305729199401 -0.22512008947869 -0.0334900974737968
0.0325125177171852 -0.00287701412626478 -0.274552649092003 -0.0161960769502395
0.0432464865261186 -0.000295709707195753 -0.274595392117284 -0.031005646256009
0.0578837568088467 0.00218298031988421 -0.224835131483078 -0.0748551910159589
0.0591967501635107 0.0284915250510526 -0.141598214608515 -0.107954337575176
0.0365697292282406 0.0745451381717682 -0.0516525300225674 -0.0735799554562793
-0.0331444905571305 0.104974336672364 -0.0788595915451228 0.0253949790782989
-0.10113228417897 0.0414198875558019 -0.189166886276352 0.0304865462678305
-0.0946570712787241 -0.00586875724169739 -0.351569205793598 -0.0225419743558881
-0.14953581871887 -0.00537494677516405 -0.228154255588129 0.105692232207487
-0.132339799847409 0.0413009533995068 -0.131371269277727 0.086584413487088
-0.0738619371948875 0.0977103729871473 -0.0336643013820788 0.0619158784352958
0.0140077931343219 0.100542101226018 0.0204321653491233 -0.0180262216149424
0.0719020940726084 0.0719662798149435 -0.0297975745224886 -0.0761712966501733
0.0997223715454081 0.0391891664468066 -0.121246029555774 -0.0733032112848372
0.110156332833568 0.0202659993478204 -0.198742949265516 -0.0409731232704304
0.135230618372684 0.00527180754870109 -0.240755155596899 -0.0192122560555548
0.146842421973853 0.0153463884505155 -0.238438130056054 -0.0248970566873639
0.161375156281803 0.0350937770644332 -0.197243753962016 -0.0580178692287964
0.146854751904973 0.096955069595004 -0.120167099365599 -0.0875998817282818
0.0774896129500605 0.175578781439939 -0.0376682881048918 -0.0565647843642217
-0.0551268261728064 0.22526572523184 -0.0664688777649767 0.0486611971221903
-0.194793407628482 0.143676704243064 -0.166028474685113 0.046442828085282
-0.224383512967424 0.0426219521767024 -0.301802339450244 -0.014549241324844
-0.233367044406803 0.00492036961793547 -0.160685609783937 0.0872129469321991
-0.204888348571562 0.0679024388135978 -0.127347484414278 0.0588206996420472
-0.137352466490245 0.142428911855671 -0.0459035134349231 0.0576320553138973
-0.00978087968853327 0.174832712892112 0.0139637204666386 -0.000118918694354094
0.09866969278586 0.14569941589404 -0.00993382231948586 -0.0573562956421506
0.15954239930145 0.084732013350557 -0.0859606191146811 -0.0658257741875821
0.186195112732773 0.0393685526904756 -0.143036087919393 -0.0387761772265968
0.218039951155603 0.0123532518044238 -0.168954839821227 -0.0200827247337005
0.228234084518498 0.0225821893464204 -0.16686775308031 -0.0204608500229303
0.245085373562752 0.0498656319825414 -0.141099525932094 -0.0397565225129886
0.228988568015367 0.137017349569719 -0.0813514429106153 -0.0649821521444647
0.129929270974779 0.246628482225117 -0.0167621655300496 -0.0418035023236637
-0.0455544754236722 0.318731791068189 -0.0408954295559058 0.0528418135844234
-0.241264910201757 0.237168306952318 -0.117574521594022 0.0428990166064841
-0.311349009730342 0.0937348210026973 -0.209047159891044 -0.0223612384032925
-0.291170190496451 0.0148094655850595 -0.0558163462614838 0.0689448697441974
-0.262975225120403 0.0968620469529438 -0.086848821122583 0.0261358495193725
-0.191291842029249 0.18938331774206 -0.0448945950338863 0.0403109562789678
-0.029688048794716 0.243630398167062 0.00242454931691753 0.0208020277621714
0.11832338246317 0.211905304934207 0.014486182713359 -0.0173125046086316
0.201862683139934 0.123908947282346 -0.0307558463967821 -0.0387067028336507
0.237323675445798 0.0540075577664684 -0.0613393264911746 -0.0274996126098588
0.267975855961375 0.0179865530741721 -0.071083264584228 -0.0193790232431266
0.27255030119197 0.0252501036298463 -0.0699099370145666 -0.0193402004616331
0.290502452553521 0.0514155047039149 -0.0630926047976805 -0.0275595077164536
0.276516052445175 0.147804557794514 -0.0258428002348923 -0.0436540990008107
0.165619809835848 0.272412522675204 0.00865419522169035 -0.0282290268669159
-0.0260243460023035 0.35568723511518 -0.0122165152080355 0.0396693754428234
-0.24170248768973 0.285960080521286 -0.0584592820473843 0.0154757248316134
-0.341765810872707 0.129116574435503 -0.0922066292167137 -0.0477811691070459
-0.306306029480063 0.0276087406540578 0.0720895418406302 0.0505547930799837
-0.28310033747737 0.119758955946629 -0.012749192915963 -0.0104016150349489
-0.208925986640134 0.216774205105877 -0.0270595442958242 0.0158394198395915
-0.0368285547223126 0.274011617481199 -0.00408127913757584 0.0454714667767627
0.122419127026152 0.241125613599021 0.0445508203179504 0.0371042231951051
0.213812115290125 0.141675213551719 0.0393323270718454 0.00293572316898644
0.251647538318941 0.059101100773416 0.0363991532561125 -0.00865718987943861
0.277182715782796 0.0209110374730875 0.0386365772626194 -0.0161227993506611
0.274054001271425 0.0269120927760128 0.0341049858659092 -0.0199423721470584
0.282758191668128 0.0509169246287073 0.0197331361009926 -0.018936602887574
0.265679136015123 0.139954220358122 0.0324805255785199 -0.0246987005700582
0.154982192032365 0.252299184790269 0.0334287656212959 -0.0144481639553447
-0.0177928314763345 0.318922307891589 0.00834224614326028 0.0178456061587896
-0.21004735065757 0.269601174627919 -0.0035175378767566 -0.0214130759200546
-0.315440026244071 0.132991231455089 0.0275826851893899 -0.083103528199383
-0.26707422961076 0.0393556866677036 0.200294262065767 0.030986732952578
-0.240557622326313 0.124333530961776 0.0745323890982449 -0.0426867149146818
-0.173130840981501 0.195233914076561 0.00400065250025119 -0.00429004093828871
-0.0309471161625357 0.239695535003752 -0.000583075979422426 0.0692230004503556
0.105164708719408 0.215917925600372 0.0766205600080073 0.089900056129232
0.187123990205863 0.128684804438554 0.112677973772673 0.045685269768765
0.223563960690481 0.0509841538258357 0.134502118307941 0.01069995108478
0.242414053524444 0.0229085006115193 0.142123753511494 -0.0117336880454064
0.234303292045845 0.0292768704570385 0.127041021632642 -0.0159770698876229
0.228294955437561 0.0532917524832057 0.0895510974354088 -0.00584866187458827
0.200417782714524 0.121832863386471 0.074316291810385 -0.00205409721026453
0.0979999905216652 0.199500990062249 0.0468524272541744 0.00346838023617831
-0.0315704750460005 0.225410363290797 0.0181666993855933 -0.000341235228857203
-0.157200493895188 0.197840410349275 0.0378098022702256 -0.0503315104482728
-0.243669636399447 0.108355674248854 0.128300919893029 -0.113355608366423
-0.177332778490256 0.0450744571133165 0.301229872399589 0.0107833941994081
-0.144708207808417 0.0982246222443029 0.150294840827926 -0.0650140886433922
-0.0982965993565263 0.123528593992664 0.0384129755501079 -0.0179573257938872
-0.0196772380876799 0.149726594407094 0.0105892370520955 0.0793363984902171
0.0670921373262777 0.143943970048642 0.102235814396361 0.123484026722415
0.12500811974911 0.0890081707262418 0.172883133642108 0.0768158615456699
0.158054658319952 0.0340602346055975 0.215118595705071 0.0244980250306272
0.172021271261814 0.0203731167636724 0.223427275865722 -0.00452767742432817
0.162513324688002 0.0288496951887807 0.19689093339825 -0.00595994476557075
0.14509128958029 0.0524905092784776 0.135725917470898 0.0158412781031866
0.110520158558677 0.0955539304481083 0.0916208055843916 0.0264018295402544
0.0288836977805786 0.126600584537539 0.0426488009856084 0.0233482962786382
-0.0413251238541779 0.109957522771201 0.0179659932301728 -0.0127625828270897
-0.0889325219342315 0.105760889184201 0.0658193320624145 -0.0624292539132435
-0.143904960406061 0.0710029281326638 0.199027372650925 -0.127914023308559
-0.0545397040550132 0.0371459137544355 0.354739165240293 -0.00771103901000586
-0.0268785008116124 0.0450689679600718 0.198598939692635 -0.0814934865664388
-0.0181014622225179 0.0248922097066893 0.0636533534607548 -0.0336366329605218
-0.0149178762623893 0.0382669384069868 0.0187973013162754 0.0743294397451627
0.0126974595951025 0.0528188946709234 0.116225118921061 0.13345754680267
0.0404867092463904 0.0378937601612535 0.210393546668984 0.0878715227309248
0.065975011230294 0.0130082744638872 0.264977535045439 0.0294193569746708
0.0760368372601046 0.0136143053007696 0.270318177896886 0.00248776523066478
0.0705458381962669 0.020693644635233 0.234913148285889 0.0111001532521527
0.0526359945449582 0.039663081755966 0.155837685379264 0.0409867318543515
0.0262360266412253 0.0548028366898095 0.0872201619761916 0.0541954998413901
-0.0191940133350766 0.0458195453153537 0.0257368516109521 0.0368073817228023
-0.0265089422698992 0.00700519491072766 0.0144026718184432 -0.0247382732398807
-0.00867781513595718 0.0275176211327591 0.0851821205673389 -0.0646985148133078
-0.0324014346459714 0.0367029918195058 0.235751989544309 -0.127334801734556
-0.0535708095556231 -0.0194488144441461 -0.262693164720139 0.118789556593103
-0.0602120987856142 0.0104311511974346 -0.114509198333152 0.105022446996335
-0.0203506732307788 0.0512267457792191 -0.0221458271328177 0.0552655120772591
0.0255420300148274 0.0322898818958378 0.0162894010382871 -0.0316818981783556
0.0354644238079162 0.0063331819500407 -0.0472595435070204 -0.0790039527813289
0.0310000526946214 -0.00088656339048575 -0.136693623629649 -0.068362985113897
0.0227457633923524 0.00390745186766385 -0.22452098166897 -0.0399695149579326
0.0328941378498092 -0.00205145695258285 -0.2763071673159 -0.0225683774319386
0.0432523534947323 0.000419996575408942 -0.275787382631687 -0.0392691595037223
0.0582235327770125 0.00398284250994369 -0.223580664283408 -0.0822186901176859
0.0586229899155271 0.0304532970417693 -0.139004798138942 -0.113871506667242
0.0342249746460796 0.0761885595987771 -0.0497183655575683 -0.0760240725725659
-0.0375956584352802 0.103665079574345 -0.0796241354917658 0.0225013149483448
-0.10330821385412 0.0387767888692623 -0.192408854067847 0.0224016761890988
-0.094720676628952 -0.00906799949923894 -0.350966595394721 -0.0348808865685779
-0.148844297924115 -0.0108405933074673 -0.233637879824132 0.099201539907506
-0.133693406284489 0.0356475010678072 -0.135135946555643 0.0834330497012102
-0.0775580635301853 0.0941665791381153 -0.035879490712066 0.060677963986466
0.0100112922060962 0.100413857775659 0.0208954331161711 -0.017522931340119
0.0693830505088357 0.0740736449672418 -0.0270013997535114 -0.0775692454156407
0.0986348695598041 0.0420634603527992 -0.118399378608717 -0.0771058916860122
0.110329487694747 0.0247157344259642 -0.198046411200517 -0.0466252332319628
0.136054071340501 0.00950808856216123 -0.242088240768514 -0.0245474125508049
0.14691665374621 0.0194223603228858 -0.239810973823054 -0.0318921592621099
0.160895719495205 0.0401962971576926 -0.196080295589432 -0.0633128375020945
0.144015218472214 0.101719333445213 -0.11872025193915 -0.0925895605217068
0.0712721185741423 0.179071341611412 -0.0362499725806353 -0.0577552949991083
-0.0642219507744205 0.224517494476049 -0.0682790419622886 0.0466753635979725
-0.201384421266518 0.138338149154803 -0.169037123584053 0.0393189333776003
-0.226246012949379 0.0353735325592809 -0.30056995157355 -0.0247336122171059
-0.234437605080678 -0.00424000061977286 -0.165318945984828 0.0825981328047123
-0.207560087909991 0.0595119279326213 -0.131070869416279 0.0564832084812616
-0.143445697074896 0.137556732876922 -0.048120561742906 0.0559676235264431
-0.0160316809971912 0.174285937182049 0.0136186036140473 0.000341512433984191
0.093599792826425 0.149556325461472 -0.00627128564417037 -0.05812203859464
0.156837763356706 0.0899855884136528 -0.0838081536157648 -0.0683239512641764
0.185931098266845 0.0460476935934651 -0.141955966973259 -0.0431121899997592
0.218993318270204 0.0192980466518532 -0.169735571226772 -0.02406588785428
0.228949493131747 0.0295997033491371 -0.167195735514105 -0.0254267604882425
0.244853472901881 0.0569425721636358 -0.141275744805246 -0.043267866754958
0.225618648312111 0.143662093489405 -0.0805392231276152 -0.0681378938344261
0.12149973747765 0.251406967459554 -0.0161200132603253 -0.0426772466523321
-0.058202284241073 0.320003443128533 -0.0415604896798145 0.0531422799918508
-0.25149253303638 0.230026506180056 -0.119459676548361 0.0375605934894051
-0.315690982904025 0.0841947787672338 -0.207324777840717 -0.0288934845727564
-0.292616923961236 0.00381405184005968 -0.05958242450291 0.0682418048785542
-0.267641941090817 0.0867117523586026 -0.0891376472798651 0.0245547462833825
-0.199078726213023 0.18371339286885 -0.0477710517500107 0.037832600237821
-0.03829204391225 0.242219794608109 0.00176192226232318 0.0211068928750897
0.111221961575064 0.215996672281906 0.0160437715264505 -0.017832143228524
0.198302337219295 0.130840823303831 -0.0302519712793448 -0.0394132127687731
0.237130593689228 0.0624186992304915 -0.0604206213403008 -0.0284914141851437
0.269388565867899 0.0261184326557624 -0.071327454412374 -0.0201943051354868
0.274066041837258 0.0334171038927919 -0.0696922344282536 -0.0214000172405776
0.289526963622991 0.059655161290038 -0.0624556833700781 -0.0281150340439189
0.272803384076647 0.155599729784492 -0.0260815539480901 -0.0446951072383094
0.156660226468315 0.278207243465253 0.00931325870943634 -0.0285865461353223
-0.0380511279735422 0.357204425702692 -0.0127028090848864 0.0410622137985848
-0.253269073605808 0.280429537393127 -0.0581033140974991 0.0125427214278852
-0.34741280197736 0.118161541856399 -0.0876426237150732 -0.0516758736441037
-0.308903820801453 0.0155566957274347 0.0705531795047231 0.0539572838102595
-0.287399545707242 0.109509759431963 -0.0135213705620127 -0.00924798338982412
-0.218259250357408 0.210025113645106 -0.0298114444232938 0.0141076647316002
-0.0474054018822563 0.273560522120283 -0.00600613687171525 0.0457696188194955
0.115012727608802 0.245984726696372 0.0446512821254022 0.0387229520533787
0.210102554314737 0.149151822994853 0.0390194570955791 0.00511509571110294
0.250682059800745 0.0671599915718436 0.0366535544196611 -0.00703298447206744
0.277808846758159 0.0292753452680474 0.0385663879806446 -0.0154308393117069
0.275557649544936 0.0348498901490131 0.0348080744165048 -0.0191676187867891
0.281397234486716 0.0589053318854594 0.0205939733359448 -0.0164915591846266
0.261900806508093 0.146318999774505 0.0314380343867494 -0.0238942519698811
0.146512640297896 0.25758984316855 0.0343562118260843 -0.0129493414342732
-0.0292937313240818 0.321008208435468 0.00896928951875649 0.0202371473199555
-0.220796281192954 0.264661373098555 -0.00174392863941129 -0.0222219792353409
-0.321497209169743 0.122976271618888 0.0329834453559086 -0.0832992709107435
-0.269629423164593 0.0284893661540671 0.198874460978834 0.0386814814589279
-0.245670871986618 0.115062251830021 0.0751156497814265 -0.038731388508122
-0.182500287224063 0.190352295779059 0.00237561012144074 -0.00521056054939626
-0.0397890107744115 0.240007729301917 -0.00289454956873038 0.0695199721435774
0.0989881373571973 0.220592361529493 0.075286551505789 0.0928167111439904
0.184073783285509 0.136153090005494 0.110077290196378 0.0499297535064835
0.222745309024024 0.0586854601008729 0.134676790855311 0.0148588674787447
0.24404965307342 0.0295722444639035 0.142258151038672 -0.00825608130534099
0.235743314492873 0.0362959228306214 0.128330980909035 -0.0136583895971779
0.226968573665541 0.0600056153393545 0.0904803334479327 -0.00175964227766665
0.197152522826689 0.127294339060865 0.0729990671774353 0.0004993547288479
0.0913833385048429 0.201996802791134 0.0469495527849387 0.00505324769934008
-0.038756625107989 0.225493959406988 0.0193500893812944 0.00260002170919618
-0.165044952246492 0.193216677393785 0.0413103925690547 -0.0491497844745333
-0.249062805391778 0.10042626015512 0.135032468795572 -0.110383952837754
-0.180149078358307 0.0377890599322478 0.301238923229347 0.0219451229456507
-0.148957920631818 0.0933750201325243 0.152051114362433 -0.0596282083183272
-0.104328152365649 0.121916942395674 0.0385098653058485 -0.0181272923039015
-0.0253335281750102 0.14970085127493 0.00862847706485956 0.0811017867112702
0.0626932589704971 0.146870201541331 0.0999079834600514 0.128109308824912
0.123407403696087 0.0944952288924451 0.169570994276607 0.0835564927701632
0.157387865701935 0.0393429225887853 0.21535005936771 0.0312205222293816
0.172686770038064 0.0252215628516691 0.224137862702301 0.000319952395132467
0.16303864681881 0.0330553954818122 0.197691925313821 -0.000657139744602082
0.14345338374104 0.0568854880467573 0.135530836979935 0.0201511038728592
0.107195389006784 0.0977784230316137 0.0899142672707341 0.0296242979396088
0.0245947250082496 0.127030453368663 0.0420594340739408 0.0246432019339507
-0.0445454943555512 0.109229262794286 0.0185337022848221 -0.0103814831287207
-0.0930609771112828 0.102951664983938 0.06995167452475 -0.0608592803334066
-0.148142651694349 0.0657312234678254 0.205167547202396 -0.122925457113982
-0.0569219008958738 0.0349425229071018 0.355596488633252 0.00516522358997198
-0.0288345455708138 0.0442429095682521 0.201121221559272 -0.0749626755814736
-0.0196714724479022 0.0250220861996032 0.0647457853796248 -0.032054797368043
-0.0166804375551579 0.0378354373598842 0.017562947310399 0.0761233373974294
0.0114514886887721 0.053243130020197 0.113047756833343 0.138191102078004
0.0397672683518033 0.0398818683718909 0.207103091795085 0.0960635651526085
0.0652215701790284 0.0153425921315664 0.26378589181647 0.0371981388546182
0.0762085030074333 0.0156937883615625 0.272178420502537 0.0077234910030219
0.0710477106910649 0.0222431494786204 0.235134070758197 0.0169146678727954
0.0515808340619289 0.041515750430747 0.155197977123155 0.0456533590585076
0.0241123816710041 0.0551721458371704 0.0848298512238277 0.0575751490726017
-0.0206229131913104 0.0447628506265467 0.0243759300979899 0.0375733668797472
-0.0268467412627951 0.00645833211802049 0.0150260219283902 -0.0232408737005093
-0.00977960888788078 0.0269611677919137 0.0887198638606692 -0.0622255215433506
-0.0345344802810315 0.0352535754246423 0.240626390229133 -0.121966862358508
