TRXV5
3
4
4
9
string Extension=J
integer IsArchMeasurement=1
integer IsSpherical=1
string Generator=SPM
string GeneratorVersion=1.3.1 Dev
double ArchRadius=0.449999988079071
integer FrequencyAxisIndex=0
integer AzimuthAxisIndex=1
integer ElevationAxisIndex=2
Frequency
5 136 690000000 960000000 LIN
Azimuth
7 8 0 2.74889357189107 LIN
Elevation
7 15 -2.74889357189107 2.74889357189107 LIN
Polar H Real Part
13
Polar H Imaginary Part
14
Polar V Real Part
13
Polar V Imaginary Part
14
Polar H Magnitude (dB)
12 0xC0000002 0 1
Polar H Phase
7 0xC0000003 0 1
Polar V Magnitude (dB)
12 0xC0000002 2 3
Polar V Phase
7 0xC0000003 2 3
-0.0161895751953125 -0.0440673828125 0.0933761596679688 0.0305938720703125
-0.0279159545898438 -0.0378532409667969 0.0677261352539063 0.0127143859863281
-0.0450706481933594 -0.0123481750488281 0.000576496124267576 -0.00861167907714844
-0.0354499816894531 0.0158424377441406 -0.041046142578125 0.0170669555664062
-0.0138149261474609 0.0206413269042969 -0.050384521484375 0.0476608276367188
0.000837326049804686 0.0238018035888672 -0.0423583984375 0.0985336303710938
0.00815582275390625 0.0249862670898438 -0.0147476196289063 0.1314697265625
0.00275039672851562 0.0214309692382813 0.00301361083984374 0.132682800292969
0.00796890258789063 0.0234375 -0.00183868408203126 0.12078857421875
0.0019073486328125 0.0303173065185547 -0.021575927734375 0.097076416015625
-0.0105991363525391 0.033172607421875 -0.0144882202148438 0.0581092834472656
-0.0294876098632813 0.0320930480957031 0.00747871398925781 0.0308475494384766
-0.0463905334472656 0.00131607055664062 0.0501937866210938 0.0395851135253906
-0.0342350006103516 -0.0230598449707031 0.112220764160156 0.0932769775390625
-0.0242233276367188 -0.0195026397705078 0.118026733398438 0.1800537109375
-0.0606460571289062 -0.0900344848632813 0.08135986328125 0.0228805541992187
-0.07415771484375 -0.0795745849609375 0.0624275207519531 0.00975799560546875
-0.0928573608398438 -0.0393753051757812 0.0117053985595703 -0.00875949859619141
-0.0889739990234375 0.00682830810546876 -0.0326614379882813 0.00610351562500001
-0.0614967346191406 0.0350074768066406 -0.0494651794433594 0.0318565368652344
-0.0368003845214844 0.0646286010742188 -0.048583984375 0.0869674682617188
-0.0106964111328125 0.0742950439453125 -0.020233154296875 0.115379333496094
-0.0142707824707031 0.0660247802734375 0.00104522705078125 0.115432739257813
-0.011199951171875 0.0716705322265625 -0.000976562499999991 0.104759216308594
-0.0239334106445313 0.072174072265625 -0.0174179077148438 0.0852890014648438
-0.044219970703125 0.0590400695800781 -0.0109176635742188 0.0453987121582031
-0.0691986083984375 0.0477256774902344 0.0122146606445312 0.0186405181884766
-0.0918121337890625 -0.00173187255859376 0.0634307861328125 0.0293731689453125
-0.084564208984375 -0.046173095703125 0.114463806152344 0.0827560424804688
-0.075164794921875 -0.0560836791992188 0.112548828125 0.16571044921875
-0.0966873168945312 -0.12750244140625 0.0562820434570312 -0.00442123413085938
-0.111984252929687 -0.113349914550781 0.0469551086425781 -0.00262451171875001
-0.131767272949219 -0.064178466796875 0.0176258087158203 -0.00827407836914063
-0.133903503417969 -0.00353240966796872 -0.0178642272949219 -0.00341033935546875
-0.102394104003906 0.043548583984375 -0.0362396240234375 0.0130691528320313
-0.0709304809570313 0.0965728759765625 -0.0429611206054688 0.0607719421386719
-0.0289077758789063 0.11236572265625 -0.0207061767578125 0.0801315307617188
-0.02935791015625 0.100936889648438 -0.00187683105468751 0.0801773071289063
-0.0266265869140625 0.109275817871094 -0.00344085693359376 0.0735015869140625
-0.0436248779296875 0.107795715332031 -0.0158462524414063 0.0602798461914063
-0.0711441040039063 0.0836181640625 -0.00866127014160157 0.0242023468017578
-0.102325439453125 0.0635299682617188 0.015559196472168 0.00513839721679688
-0.129470825195313 -0.00103759765625001 0.0682182312011719 0.0194740295410156
-0.125411987304687 -0.060028076171875 0.0976486206054687 0.0686492919921875
-0.118186950683594 -0.0843124389648437 0.08953857421875 0.138458251953125
-0.120452880859375 -0.140609741210937 0.0199508666992187 -0.039337158203125
-0.1348876953125 -0.124977111816406 0.0203189849853516 -0.0207939147949219
-0.150726318359375 -0.071807861328125 0.0185012817382812 -0.00918769836425782
-0.155853271484375 -0.0094757080078125 -0.00111484527587891 -0.0128107070922852
-0.125091552734375 0.0460052490234375 -0.0166072845458984 -0.00804805755615234
-0.0930709838867188 0.112197875976563 -0.0297908782958984 0.0255165100097656
-0.0425033569335937 0.132843017578125 -0.0178852081298828 0.0329685211181641
-0.0404510498046875 0.12060546875 -0.00481224060058594 0.0331497192382813
-0.0384368896484375 0.132171630859375 -0.00607872009277344 0.0305767059326172
-0.0587081909179687 0.127998352050781 -0.0119857788085938 0.0258541107177734
-0.0895767211914063 0.0959396362304687 -0.00504207611083985 -8.58306884765577E-05
-0.122383117675781 0.0702285766601562 0.0164728164672851 -0.00850391387939453
-0.149978637695313 -0.00134277343750002 0.0623588562011719 0.010986328125
-0.148651123046875 -0.0665740966796875 0.0674285888671875 0.0526084899902344
-0.142196655273438 -0.0984039306640625 0.0533065795898437 0.102066040039063
-0.126754760742188 -0.129730224609375 -0.0235366821289063 -0.0792922973632813
-0.13775634765625 -0.112503051757813 -0.0121955871582031 -0.0427665710449219
-0.145523071289063 -0.0625152587890625 0.01202392578125 -0.0125017166137695
-0.14971923828125 -0.00881958007812497 0.0137252807617187 -0.023773193359375
-0.123527526855469 0.0436859130859375 0.00404357910156249 -0.0306606292724609
-0.0974349975585937 0.110427856445312 -0.0131921768188477 -0.015233039855957
-0.0489959716796875 0.132110595703125 -0.0122203826904297 -0.0196952819824219
-0.0455474853515625 0.121856689453125 -0.00788688659667969 -0.0189571380615234
-0.0463180541992187 0.134674072265625 -0.00852394104003907 -0.0168342590332031
-0.0678634643554688 0.127616882324219 -0.00755596160888672 -0.0131511688232422
-0.0975265502929687 0.0915145874023438 -0.00134468078613282 -0.0264530181884766
-0.127281188964844 0.0628585815429688 0.0163803100585937 -0.0207290649414062
-0.148284912109375 -0.00805664062499998 0.0496711730957031 0.00542831420898437
-0.1463623046875 -0.069091796875 0.0277175903320312 0.0368919372558594
-0.14349365234375 -0.100128173828125 0.0103912353515625 0.0607223510742187
-0.112823486328125 -0.0979385375976562 -0.0658035278320313 -0.113906860351563
-0.115478515625 -0.0810089111328125 -0.0447959899902344 -0.0629539489746094
-0.114677429199219 -0.0426101684570313 5.34057617187423E-05 -0.0176811218261719
-0.115982055664063 -0.00653839111328126 0.0204696655273437 -0.0342750549316406
-0.0994796752929687 0.0331192016601563 0.0186805725097656 -0.0500144958496094
-0.0854949951171875 0.0909805297851563 0.00230026245117187 -0.0531387329101562
-0.046661376953125 0.111465454101563 -0.00701904296875001 -0.0681419372558594
-0.0443954467773437 0.105247497558594 -0.0089111328125 -0.0680046081542969
-0.0489349365234375 0.116935729980469 -0.00758743286132813 -0.0623207092285156
-0.0693893432617188 0.105644226074219 0.00104522705078125 -0.0513534545898437
-0.0930328369140625 0.0690994262695313 0.00650787353515624 -0.0484428405761719
-0.113319396972656 0.0406723022460938 0.0179805755615234 -0.0294704437255859
-0.122718811035156 -0.0195465087890625 0.0342006683349609 0.000207901000976561
-0.118705749511719 -0.0649032592773437 -0.01153564453125 0.0197792053222656
-0.122093200683594 -0.0868911743164062 -0.0300807952880859 0.0200233459472656
-0.0809478759765625 -0.0513076782226563 -0.101112365722656 -0.137603759765625
-0.0718231201171875 -0.0419692993164063 -0.0720367431640625 -0.0765533447265625
-0.0644111633300781 -0.0214309692382813 -0.0160942077636719 -0.0219650268554688
-0.0656547546386719 -0.00747299194335937 0.019439697265625 -0.0404167175292969
-0.0621070861816406 0.0156898498535156 0.0257415771484375 -0.0602455139160156
-0.0616302490234375 0.0574073791503906 0.0118255615234375 -0.0822677612304688
-0.0382232666015625 0.074371337890625 -0.00322723388671875 -0.106178283691406
-0.0355224609375 0.0730133056640625 -0.00873565673828126 -0.106971740722656
-0.0442428588867187 0.0808334350585937 -0.00312805175781251 -0.0984649658203125
-0.0586166381835938 0.0668716430664063 0.01495361328125 -0.0803604125976563
-0.0719375610351563 0.0354766845703125 0.0183219909667969 -0.0622215270996094
-0.0801239013671875 0.0129241943359375 0.0222034454345703 -0.0331039428710938
-0.0764617919921875 -0.0249404907226563 0.0196514129638672 -0.00316047668457031
-0.0731735229492188 -0.04827880859375 -0.0426063537597656 0.00120162963867187
-0.0835723876953125 -0.0591888427734375 -0.0611610412597656 -0.0165901184082031
-0.0343990325927734 -0.00154685974121094 -0.125259399414063 -0.149490356445313
-0.0156946182250977 -0.00475978851318359 -0.0924911499023437 -0.0817947387695313
-0.00784873962402344 -0.00643634796142578 -0.0338821411132813 -0.0215511322021484
-0.0122318267822266 -0.013127326965332 0.0121994018554687 -0.0383071899414063
-0.0212535858154297 -0.00701713562011719 0.0258979797363281 -0.06182861328125
-0.0334606170654297 0.0147953033447266 0.01702880859375 -0.0981521606445313
-0.0258884429931641 0.0264911651611328 -0.0006103515625 -0.127922058105469
-0.0224685668945313 0.0296440124511719 -0.00775909423828126 -0.130096435546875
-0.0307731628417969 0.0332584381103516 0.00454711914062499 -0.119583129882813
-0.0355606079101563 0.0203208923339844 0.030609130859375 -0.0961151123046875
-0.0348949432373047 0.00166130065917968 0.031524658203125 -0.0643539428710938
-0.0305309295654297 -0.00835227966308594 0.0275840759277344 -0.0300121307373047
-0.0209693908691406 -0.0164070129394531 0.00670480728149414 -0.00628423690795899
-0.0214710235595703 -0.0166912078857422 -0.0608177185058594 -0.0153236389160156
-0.0372428894042969 -0.0177383422851563 -0.0789413452148438 -0.04266357421875
-0.0179595947265625 -0.0440750122070313 0.100166320800781 0.0279083251953125
-0.0306510925292969 -0.0374946594238281 0.0726394653320313 0.0095062255859375
-0.0461273193359375 -0.0101432800292969 0.00177860260009765 -0.00866985321044922
-0.0342369079589844 0.0175018310546875 -0.0412368774414063 0.0211143493652344
-0.0127582550048828 0.0215663909912109 -0.0487251281738281 0.0527076721191406
0.00218963623046875 0.0235462188720703 -0.0377349853515625 0.104766845703125
0.00881767272949219 0.0247516632080078 -0.0053863525390625 0.1373291015625
0.00420188903808594 0.0214557647705078 0.013671875 0.13714599609375
0.00971031188964844 0.0234966278076172 0.00692749023437499 0.125923156738281
0.0038604736328125 0.0305328369140625 -0.0165481567382813 0.1029052734375
-0.0082550048828125 0.0341529846191406 -0.0119171142578125 0.0611038208007813
-0.0275688171386719 0.0348052978515625 0.00913238525390625 0.0316085815429688
-0.0464286804199219 0.00485610961914063 0.0539817810058594 0.0376968383789063
-0.036651611328125 -0.0206069946289062 0.122116088867188 0.088470458984375
-0.0255985260009766 -0.0179023742675781 0.132598876953125 0.1778564453125
-0.0682907104492187 -0.0885238647460938 0.0880661010742188 0.02093505859375
-0.0815200805664062 -0.07708740234375 0.0669784545898438 0.00823974609374999
-0.0974960327148437 -0.0356369018554688 0.0125761032104492 -0.00943279266357422
-0.091339111328125 0.0119705200195313 -0.0332107543945313 0.00899314880371093
-0.061370849609375 0.0388412475585937 -0.0483169555664063 0.036376953125
-0.0332069396972656 0.0683059692382813 -0.0435638427734375 0.09332275390625
-0.00656127929687499 0.0768051147460938 -0.0121917724609375 0.121536254882812
-0.0101394653320313 0.0694351196289062 0.00980377197265626 0.119827270507813
-0.00605010986328125 0.0743255615234375 0.00710296630859375 0.10931396484375
-0.0193252563476563 0.0759124755859375 -0.0124053955078125 0.0904464721679688
-0.0419044494628906 0.0639991760253906 -0.0085601806640625 0.0484504699707031
-0.0678787231445313 0.0540008544921875 0.0128974914550781 0.0198574066162109
-0.0937347412109375 0.00418090820312499 0.0669822692871094 0.0262336730957031
-0.0897293090820313 -0.0421295166015625 0.123443603515625 0.07733154296875
-0.0814895629882813 -0.052734375 0.125579833984375 0.164382934570313
-0.108184814453125 -0.126014709472656 0.0594520568847656 -0.00551986694335938
-0.1224365234375 -0.109390258789063 0.0494461059570312 -0.00304031372070313
-0.138893127441406 -0.0585098266601563 0.0191402435302734 -0.00965309143066407
-0.138595581054687 0.00417327880859374 -0.0182971954345703 -0.001007080078125
-0.102836608886719 0.0513458251953125 -0.0354957580566406 0.0173187255859375
-0.0661392211914063 0.103309631347656 -0.038421630859375 0.0667686462402344
-0.0216903686523438 0.117645263671875 -0.0155487060546875 0.0850906372070313
-0.0226669311523437 0.1068115234375 0.00464630126953124 0.0833969116210937
-0.0187530517578125 0.115821838378906 0.00299835205078126 0.0766220092773438
-0.0370712280273437 0.114753723144531 -0.01092529296875 0.0653457641601563
-0.067840576171875 0.09136962890625 -0.00694084167480469 0.0276889801025391
-0.101348876953125 0.0735015869140625 0.0155248641967773 0.00558853149414063
-0.132789611816406 0.00672149658203127 0.0708160400390625 0.0158843994140625
-0.134140014648438 -0.054656982421875 0.10528564453125 0.0650711059570313
-0.128173828125 -0.080047607421875 0.100357055664062 0.137260437011719
-0.133750915527344 -0.138511657714844 0.0198860168457031 -0.0397148132324219
-0.14752197265625 -0.120101928710938 0.0207920074462891 -0.0210666656494141
-0.159774780273438 -0.0653228759765625 0.0194320678710937 -0.0103816986083984
-0.162017822265625 0.00033569335937498 -0.00209712982177735 -0.012028694152832
-0.126853942871094 0.0558242797851563 -0.016596794128418 -0.00594711303710937
-0.0874252319335938 0.121070861816406 -0.0267925262451172 0.0292510986328125
-0.0338211059570312 0.139396667480469 -0.0154991149902344 0.0359344482421875
-0.0327606201171875 0.128059387207031 -0.00199127197265625 0.0346240997314453
-0.030181884765625 0.140304565429688 -0.00298118591308594 0.0327739715576172
-0.0512924194335937 0.1370849609375 -0.00953292846679688 0.0288734436035156
-0.0866012573242188 0.105804443359375 -0.00473785400390626 0.0016016960144043
-0.122772216796875 0.0818634033203125 0.0158090591430664 -0.00778865814208984
-0.154586791992188 0.00692749023437499 0.0646095275878906 0.00749969482421875
-0.158248901367188 -0.0605010986328125 0.0722198486328125 0.0499954223632812
-0.15423583984375 -0.0931854248046875 0.0601348876953125 0.102523803710938
-0.139640808105469 -0.127418518066406 -0.0275344848632813 -0.077423095703125
-0.150115966796875 -0.107452392578125 -0.0148811340332031 -0.0414772033691406
-0.154647827148437 -0.05615234375 0.0124549865722656 -0.0132408142089844
-0.156784057617188 0.000640869140625019 0.0118122100830078 -0.0242748260498047
-0.125808715820312 0.053314208984375 0.00390243530273437 -0.0308570861816406
-0.092132568359375 0.121002197265625 -0.0119714736938477 -0.0143222808837891
-0.0398025512695312 0.139411926269531 -0.0135211944580078 -0.0186004638671875
-0.0378875732421875 0.130264282226563 -0.00888633728027344 -0.0184383392333984
-0.0378265380859375 0.143661499023438 -0.00913715362548828 -0.016413688659668
-0.0609359741210938 0.137153625488281 -0.00735759735107422 -0.0121164321899414
-0.0951614379882813 0.101631164550781 -0.00248718261718751 -0.0253925323486328
-0.128349304199219 0.0746612548828125 0.0156421661376953 -0.0208492279052734
-0.153656005859375 0.000167846679687516 0.0511894226074219 0.001861572265625
-0.156005859375 -0.06353759765625 0.030303955078125 0.0361862182617187
-0.155685424804688 -0.095062255859375 0.01348876953125 0.0628662109375
-0.123077392578125 -0.0956268310546875 -0.0739288330078125 -0.111656188964844
-0.12457275390625 -0.0774688720703125 -0.0502662658691406 -0.0603752136230469
-0.121505737304687 -0.0380706787109375 -0.000650405883789069 -0.0181674957275391
-0.12200927734375 0.00103759765624998 0.0188026428222656 -0.0358085632324219
-0.102249145507813 0.04156494140625 0.0178184509277344 -0.0516357421875
-0.0817031860351563 0.100654602050781 0.00103378295898437 -0.0546760559082031
-0.03961181640625 0.118431091308594 -0.0113754272460937 -0.0690040588378906
-0.0372695922851563 0.113594055175781 -0.0136947631835937 -0.0689773559570313
-0.0417022705078125 0.125816345214844 -0.0116806030273438 -0.0631103515625
-0.0634918212890625 0.114959716796875 -0.000675201416015624 -0.0521774291992187
-0.0921707153320313 0.0782241821289062 0.00402069091796874 -0.0489120483398437
-0.115737915039063 0.0509490966796875 0.0166606903076172 -0.0302810668945312
-0.128128051757813 -0.01214599609375 0.0348796844482422 -0.00255203247070313
-0.127433776855469 -0.060638427734375 -0.0115222930908203 0.0212764739990234
-0.133529663085938 -0.084014892578125 -0.0314559936523438 0.022857666015625
-0.0868377685546875 -0.05059814453125 -0.112258911132813 -0.134780883789062
-0.0780258178710938 -0.0401382446289063 -0.08001708984375 -0.0738296508789063
-0.06854248046875 -0.0193328857421875 -0.0174446105957031 -0.0217952728271484
-0.0706863403320313 -0.00341033935546875 0.0174903869628906 -0.0422172546386719
-0.0647010803222656 0.0206985473632813 0.0240211486816406 -0.064117431640625
-0.0594291687011719 0.0647048950195312 0.009307861328125 -0.0856246948242188
-0.0331954956054688 0.0800857543945313 -0.0107879638671875 -0.1090087890625
-0.0314407348632812 0.07916259765625 -0.016510009765625 -0.109123229980469
-0.0393905639648438 0.0885238647460937 -0.00926971435546875 -0.101554870605469
-0.0558090209960937 0.07440185546875 0.0113677978515625 -0.0841217041015625
-0.07257080078125 0.0426712036132813 0.0162429809570312 -0.064117431640625
-0.082672119140625 0.0201950073242187 0.0211715698242187 -0.03387451171875
-0.0809783935546875 -0.0209579467773438 0.0188140869140625 -0.00553512573242188
-0.079925537109375 -0.0468368530273438 -0.0451011657714844 0.00356674194335938
-0.0916290283203125 -0.05731201171875 -0.0658683776855469 -0.0134048461914063
-0.0352058410644531 -0.00104522705078125 -0.137588500976563 -0.145599365234375
-0.0173559188842773 -0.00549411773681641 -0.100967407226562 -0.0781402587890625
-0.00913715362548828 -0.00715541839599609 -0.0355796813964844 -0.0201072692871094
-0.014948844909668 -0.0129852294921875 0.0105552673339844 -0.0408515930175781
-0.0233478546142578 -0.0057525634765625 0.0237045288085937 -0.0657310485839844
-0.0335788726806641 0.0193061828613281 0.0121994018554688 -0.102828979492188
-0.0236930847167969 0.0299339294433594 -0.00995635986328125 -0.132522583007813
-0.0201511383056641 0.033477783203125 -0.0174713134765625 -0.133430480957031
-0.0289268493652344 0.0379142761230469 -0.00376892089843751 -0.124610900878906
-0.0348167419433594 0.0251712799072266 0.0260467529296875 -0.101661682128906
-0.0364341735839844 0.00527191162109374 0.0295181274414063 -0.0678176879882813
-0.0327720642089844 -0.00545310974121093 0.0264530181884766 -0.0326271057128906
-0.0236873626708984 -0.015350341796875 0.00560140609741211 -0.00803804397583008
-0.0242977142333984 -0.0171051025390625 -0.0655632019042969 -0.0116996765136719
-0.0408477783203125 -0.0173416137695312 -0.0863113403320313 -0.0398101806640625
-0.0201873779296875 -0.0416030883789063 0.103836059570313 0.0240325927734375
-0.0316200256347656 -0.0351333618164063 0.075286865234375 0.00682830810546875
-0.0450706481933594 -0.00806808471679688 0.00241422653198242 -0.00873947143554688
-0.0327377319335938 0.0184078216552734 -0.0392227172851562 0.0238609313964844
-0.0115699768066406 0.0215740203857422 -0.0461578369140625 0.0560379028320313
0.00340461730957031 0.0223369598388672 -0.03125 0.107246398925781
0.01025390625 0.0237178802490234 0.00354766845703126 0.137802124023438
0.00552749633789062 0.0212650299072266 0.0230636596679687 0.135765075683594
0.0111351013183594 0.0220279693603516 0.0150604248046875 0.126136779785156
0.0058441162109375 0.0295867919921875 -0.010498046875 0.104408264160156
-0.00563240051269531 0.0348758697509766 -0.00915145874023438 0.0626678466796875
-0.02423095703125 0.0355606079101563 0.0102634429931641 0.0312843322753906
-0.0455093383789062 0.00721740722656249 0.0556831359863281 0.0343170166015625
-0.03759765625 -0.01806640625 0.127227783203125 0.080291748046875
-0.0254497528076172 -0.0152816772460938 0.142059326171875 0.169784545898438
-0.07305908203125 -0.0848770141601563 0.0915679931640625 0.0182876586914063
-0.0846405029296875 -0.072479248046875 0.0694007873535156 0.00537872314453125
-0.0980758666992188 -0.0301361083984375 0.0126714706420898 -0.00989627838134766
-0.089691162109375 0.016326904296875 -0.0320148468017578 0.0116062164306641
-0.0592613220214844 0.0418281555175781 -0.0459632873535156 0.040557861328125
-0.0296096801757813 0.0692405700683594 -0.037322998046875 0.0959930419921875
-0.00214385986328124 0.0761871337890625 -0.003875732421875 0.122337341308594
-0.00559234619140625 0.069671630859375 0.018707275390625 0.118873596191406
-0.00138854980468749 0.0746688842773438 0.0141143798828125 0.109352111816406
-0.014556884765625 0.0769882202148438 -0.006805419921875 0.0925064086914063
-0.0380401611328125 0.0668067932128906 -0.00586318969726562 0.0502738952636719
-0.0645065307617188 0.0575904846191406 0.0139636993408203 0.0204906463623047
-0.0930557250976563 0.00926208496093749 0.0678291320800781 0.0220260620117187
-0.0924072265625 -0.0367584228515625 0.127548217773438 0.0700531005859375
-0.0838394165039063 -0.0472793579101563 0.133895874023438 0.15673828125
-0.115104675292969 -0.119453430175781 0.0615119934082031 -0.00660705566406251
-0.128097534179688 -0.102554321289063 0.0505523681640625 -0.00496292114257813
-0.140869140625 -0.05126953125 0.0190944671630859 -0.0109024047851563
-0.138282775878906 0.0110702514648437 -0.018341064453125 0.00119781494140625
-0.100196838378906 0.0568389892578125 -0.0338058471679688 0.0204715728759766
-0.0596694946289062 0.106513977050781 -0.0327835083007813 0.0688133239746094
-0.0144729614257812 0.118080139160156 -0.00936126708984376 0.0868606567382813
-0.0160293579101563 0.108421325683594 0.0103836059570313 0.0840301513671875
-0.0113906860351562 0.117103576660156 0.00815582275390625 0.077392578125
-0.0304794311523437 0.117202758789063 -0.00655746459960938 0.0673408508300781
-0.0634994506835938 0.0953292846679688 -0.00535011291503907 0.0294837951660156
-0.096923828125 0.0792617797851563 0.0159168243408203 0.0061635971069336
-0.132652282714844 0.0136795043945313 0.0714187622070312 0.0115890502929688
-0.137710571289063 -0.048187255859375 0.107887268066406 0.0582962036132813
-0.132766723632813 -0.0722198486328125 0.106910705566406 0.131889343261719
-0.141799926757813 -0.131805419921875 0.019866943359375 -0.0380821228027344
-0.154083251953125 -0.112716674804688 0.0206985473632812 -0.0205764770507813
-0.16265869140625 -0.0575103759765625 0.0198993682861328 -0.0111770629882813
-0.162826538085938 0.00938415527343749 -0.00244998931884767 -0.0106258392333984
-0.124038696289062 0.06329345703125 -0.016301155090332 -0.00403594970703124
-0.0796661376953125 0.126319885253906 -0.0228710174560547 0.0316562652587891
-0.0249786376953125 0.140388488769531 -0.0125999450683594 0.037811279296875
-0.0247650146484375 0.130950927734375 0.00102615356445312 0.035491943359375
-0.0202178955078125 0.143402099609375 -0.000144958496093753 0.033468246459961
-0.042877197265625 0.140762329101563 -0.00626754760742188 0.030975341796875
-0.081207275390625 0.111412048339844 -0.00396871566772461 0.00381875038146973
-0.117805480957031 0.089691162109375 0.0153942108154297 -0.00724315643310546
-0.1539306640625 0.015167236328125 0.0643997192382812 0.0032196044921875
-0.162155151367188 -0.053558349609375 0.0746688842773437 0.0463180541992187
-0.160293579101563 -0.084808349609375 0.0647430419921875 0.100006103515625
-0.1470947265625 -0.120620727539063 -0.02911376953125 -0.073822021484375
-0.156265258789062 -0.099853515625 -0.0166969299316406 -0.0388603210449219
-0.157440185546875 -0.0491180419921875 0.0123462677001953 -0.0136394500732422
-0.15777587890625 0.00955200195312503 0.0112476348876953 -0.0237312316894531
-0.1241455078125 0.0614013671875 0.00367736816406249 -0.0297470092773437
-0.0845947265625 0.126350402832031 -0.0103168487548828 -0.0129194259643555
-0.031494140625 0.1414794921875 -0.0142755508422852 -0.016942024230957
-0.0291748046875 0.133888244628906 -0.00952529907226562 -0.0177879333496094
-0.0282745361328125 0.147430419921875 -0.00869941711425781 -0.0153656005859375
-0.0525054931640625 0.141876220703125 -0.00608158111572266 -0.0111017227172851
-0.0897903442382813 0.108123779296875 -0.00276947021484376 -0.0239658355712891
-0.124687194824219 0.0828933715820313 0.0140705108642578 -0.0198860168457031
-0.153457641601563 0.00802612304687503 0.0510902404785156 -0.00161361694335937
-0.160263061523438 -0.055999755859375 0.0313301086425781 0.0353736877441406
-0.162704467773438 -0.08746337890625 0.0149002075195312 0.0627479553222656
-0.128944396972656 -0.09112548828125 -0.0780181884765625 -0.105072021484375
-0.130355834960938 -0.0723190307617188 -0.0533943176269531 -0.0561676025390625
-0.124359130859375 -0.0323257446289063 -0.00113105773925782 -0.0181388854980469
-0.123390197753906 0.00808715820312501 0.0169410705566406 -0.03594970703125
-0.10107421875 0.04815673828125 0.0162239074707031 -0.0524635314941406
-0.0749893188476562 0.10552978515625 -0.000400543212890631 -0.0541343688964844
-0.0311431884765625 0.120407104492187 -0.015411376953125 -0.0679130554199218
-0.0295257568359375 0.116714477539063 -0.0179824829101563 -0.0677528381347656
-0.0331039428710938 0.129478454589844 -0.014678955078125 -0.0623664855957031
-0.0563278198242187 0.119766235351563 -0.0021514892578125 -0.0517768859863281
-0.088043212890625 0.0846405029296875 0.00255966186523437 -0.0478858947753906
-0.113418579101563 0.0588836669921875 0.0148773193359375 -0.0295906066894531
-0.128425598144531 -0.00630950927734373 0.03375244140625 -0.00506401062011719
-0.132118225097656 -0.0551223754882813 -0.0114479064941406 0.0223789215087891
-0.13958740234375 -0.0769500732421875 -0.0317058563232422 0.0247821807861328
-0.0896224975585937 -0.0478668212890625 -0.118141174316406 -0.12786865234375
-0.0809707641601563 -0.0377197265625 -0.0841445922851563 -0.0681533813476562
-0.0705108642578125 -0.016204833984375 -0.0183620452880859 -0.0207004547119141
-0.0721054077148438 0.000762939453125012 0.015167236328125 -0.0426750183105469
-0.0649337768554688 0.0253028869628906 0.0221900939941406 -0.0651893615722656
-0.0553817749023438 0.0687675476074219 0.00617218017578125 -0.0865020751953125
-0.0276947021484375 0.0821151733398438 -0.0167617797851562 -0.107887268066406
-0.0251617431640625 0.0820236206054687 -0.0235671997070312 -0.107307434082031
-0.0322341918945312 0.0922698974609375 -0.0155029296875 -0.100929260253906
-0.0510940551757812 0.07916259765625 0.00709533691406249 -0.0843124389648438
-0.0707855224609375 0.0480194091796875 0.0130119323730469 -0.063751220703125
-0.0824508666992188 0.0260391235351563 0.0190525054931641 -0.0344371795654297
-0.0826339721679687 -0.01666259765625 0.0178279876708984 -0.00756263732910156
-0.083587646484375 -0.043975830078125 -0.0460968017578125 0.00722122192382812
-0.0961837768554688 -0.0534439086914062 -0.0684089660644531 -0.00960922241210939
-0.0348949432373047 -0.00158119201660156 -0.143814086914062 -0.138153076171875
-0.0185585021972656 -0.00638771057128906 -0.105422973632812 -0.07208251953125
-0.0111045837402344 -0.00728607177734375 -0.0358657836914063 -0.0182266235351562
-0.0165004730224609 -0.011448860168457 0.00854110717773438 -0.0413856506347656
-0.0253028869628906 -0.00332069396972657 0.021575927734375 -0.0682716369628906
-0.0324325561523437 0.0217914581298828 0.007598876953125 -0.104293823242187
-0.0213165283203125 0.0317230224609375 -0.0181961059570312 -0.131179809570313
-0.0170211791992187 0.0355148315429688 -0.0263900756835937 -0.13153076171875
-0.0254974365234375 0.0415725708007812 -0.010955810546875 -0.123977661132813
-0.0331592559814453 0.0284004211425781 0.0206375122070312 -0.103385925292969
-0.0363807678222656 0.00860977172851562 0.0257568359375 -0.0687942504882813
-0.0342388153076172 -0.00211906433105469 0.0242595672607422 -0.0332508087158203
-0.0246200561523437 -0.0137271881103516 0.00423431396484375 -0.00911521911621094
-0.0267467498779297 -0.0167675018310547 -0.0680618286132813 -0.008392333984375
-0.0431251525878906 -0.0162239074707031 -0.0903854370117188 -0.0354690551757813
-0.020172119140625 -0.0396842956542969 0.105735778808594 0.0226211547851562
-0.0306301116943359 -0.0335807800292969 0.0766372680664063 0.00543975830078125
-0.0433120727539062 -0.00782012939453126 0.00327301025390625 -0.0085597038269043
-0.0313549041748047 0.0181465148925781 -0.0370597839355469 0.0254783630371094
-0.0113620758056641 0.0210857391357422 -0.0438613891601563 0.0567474365234375
0.00401687622070313 0.0212860107421875 -0.0280609130859375 0.10662841796875
0.0105381011962891 0.0229301452636719 0.00805664062500001 0.135696411132813
0.00596427917480469 0.0199241638183594 0.0276718139648438 0.133163452148438
0.0117359161376953 0.0208091735839844 0.0191497802734375 0.124725341796875
0.00688362121582032 0.0285758972167969 -0.0075836181640625 0.104721069335938
-0.00487327575683594 0.0337123870849609 -0.0079345703125 0.062744140625
-0.0225601196289063 0.03546142578125 0.0103569030761719 0.0310897827148438
-0.0437088012695313 0.00817871093749999 0.0554542541503906 0.0326919555664063
-0.0373497009277344 -0.0158424377441406 0.127639770507813 0.075439453125
-0.0244178771972656 -0.0134754180908203 0.143081665039063 0.163055419921875
-0.0739669799804688 -0.0808258056640625 0.0925445556640625 0.0175247192382812
-0.0840682983398438 -0.068817138671875 0.070587158203125 0.00478363037109375
-0.0960235595703125 -0.0291748046875 0.0130147933959961 -0.00951862335205078
-0.087982177734375 0.017669677734375 -0.0303897857666016 0.0136470794677734
-0.0575141906738281 0.0422744750976563 -0.0437088012695313 0.0417098999023438
-0.0268058776855469 0.06829833984375 -0.032958984375 0.0961761474609375
0.000274658203124992 0.074615478515625 0.000892639160156261 0.120994567871094
-0.00307846069335938 0.0684432983398438 0.022857666015625 0.116966247558594
0.00145721435546875 0.0735549926757813 0.0178451538085938 0.108192443847656
-0.0120162963867188 0.076507568359375 -0.00400543212890625 0.0923843383789063
-0.0361862182617187 0.0665321350097656 -0.00473403930664063 0.0507354736328125
-0.0618667602539062 0.05859375 0.0137825012207031 0.0201282501220703
-0.0906982421875 0.0106735229492187 0.0670089721679688 0.0205154418945313
-0.0920562744140625 -0.0342254638671875 0.127845764160156 0.0653076171875
-0.0835952758789063 -0.0439529418945313 0.134963989257813 0.151870727539063
-0.116859436035156 -0.114639282226563 0.0626029968261719 -0.00576400756835938
-0.128097534179688 -0.0977325439453125 0.0518341064453125 -0.00445556640625001
-0.139106750488281 -0.0482025146484375 0.0196399688720703 -0.0111045837402344
-0.136138916015625 0.0146865844726562 -0.0178794860839844 0.00272178649902344
-0.0980072021484375 0.0577774047851562 -0.0312252044677734 0.0216388702392578
-0.0555267333984375 0.105720520019531 -0.0290145874023438 0.0694465637207031
-0.01080322265625 0.115440368652344 -0.00534057617187499 0.0862274169921875
-0.012298583984375 0.107650756835938 0.0143051147460937 0.082244873046875
-0.00701141357421876 0.116119384765625 0.0109481811523438 0.0764007568359375
-0.0259170532226563 0.116706848144531 -0.00360107421875 0.06768798828125
-0.0601959228515625 0.0963668823242188 -0.00375747680664063 0.0302791595458984
-0.0939712524414063 0.0815505981445313 0.0156974792480469 0.00714302062988282
-0.129707336425781 0.0159683227539063 0.0701751708984375 0.0096588134765625
-0.137359619140625 -0.0450210571289063 0.108055114746094 0.0549545288085938
-0.133018493652344 -0.0676422119140625 0.107231140136719 0.128402709960938
-0.143692016601563 -0.126846313476563 0.020111083984375 -0.0355796813964844
-0.154464721679688 -0.10736083984375 0.0210533142089844 -0.0188999176025391
-0.161148071289063 -0.0540008544921875 0.0197601318359375 -0.0114288330078125
-0.161300659179688 0.01263427734375 -0.00252914428710938 -0.00916862487792969
-0.121994018554688 0.0656051635742188 -0.0143213272094727 -0.00239372253417968
-0.0750350952148438 0.126380920410156 -0.0197620391845703 0.0322341918945313
-0.020477294921875 0.138931274414063 -0.00951385498046875 0.0388336181640625
-0.0191421508789062 0.130416870117188 0.00264739990234375 0.0354423522949219
-0.015167236328125 0.142654418945313 0.00162887573242188 0.0337009429931641
-0.0380859375 0.14105224609375 -0.00377655029296875 0.0313625335693359
-0.0779266357421875 0.113471984863281 -0.00277233123779297 0.00523138046264649
-0.114585876464844 0.092742919921875 0.015345573425293 -0.00610256195068359
-0.15106201171875 0.01727294921875 0.0629005432128906 0.00110626220703125
-0.162261962890625 -0.0500335693359375 0.0744400024414062 0.0440139770507812
-0.160720825195313 -0.0800628662109375 0.0649642944335937 0.0977706909179688
-0.149429321289063 -0.117034912109375 -0.0295944213867188 -0.0701446533203125
-0.157073974609375 -0.095977783203125 -0.0162734985351563 -0.0360183715820313
-0.15692138671875 -0.04571533203125 0.0124006271362305 -0.0129899978637695
-0.15692138671875 0.01361083984375 0.0103206634521484 -0.0224494934082031
-0.121810913085938 0.064208984375 0.00391578674316406 -0.0285511016845703
-0.0803680419921875 0.126502990722656 -0.00829315185546876 -0.0119791030883789
-0.0262374877929688 0.139801025390625 -0.0133495330810547 -0.0151605606079101
-0.023712158203125 0.133094787597656 -0.00912570953369141 -0.0162887573242187
-0.022216796875 0.147552490234375 -0.00847530364990235 -0.014678955078125
-0.04693603515625 0.1424560546875 -0.00527286529541016 -0.00963115692138671
-0.0868377685546875 0.11053466796875 -0.00236892700195313 -0.0218658447265625
-0.120574951171875 0.0865325927734375 0.0140457153320312 -0.0185928344726562
-0.151824951171875 0.0108489990234375 0.0492935180664062 -0.00375747680664062
-0.161041259765625 -0.0534820556640625 0.0309238433837891 0.0347824096679688
-0.164031982421875 -0.08209228515625 0.0153274536132812 0.0622024536132813
-0.13031005859375 -0.0883026123046875 -0.0780792236328125 -0.100425720214844
-0.131248474121094 -0.06878662109375 -0.0540351867675781 -0.0522651672363281
-0.12371826171875 -0.02960205078125 -0.0015401840209961 -0.0175418853759766
-0.123504638671875 0.011016845703125 0.0158920288085937 -0.0349082946777344
-0.0998764038085938 0.0506515502929688 0.0160408020019531 -0.05126953125
-0.07147216796875 0.106971740722656 0.000503540039062502 -0.0537986755371094
-0.0269699096679687 0.120033264160156 -0.0163192749023438 -0.0656356811523437
-0.0244827270507813 0.116783142089844 -0.0193901062011719 -0.0651435852050781
-0.0273056030273438 0.130111694335937 -0.0159530639648437 -0.0612983703613281
-0.0514068603515625 0.121253967285156 -0.00263214111328125 -0.0507049560546875
-0.0856246948242188 0.0873794555664063 0.00225067138671874 -0.0463294982910156
-0.110885620117188 0.062347412109375 0.0149211883544922 -0.0287799835205078
-0.127426147460938 -0.00351715087890628 0.0323600769042969 -0.00676155090332031
-0.133491516113281 -0.0532302856445313 -0.0117912292480469 0.0233840942382812
-0.141403198242188 -0.0728607177734375 -0.0317611694335938 0.0255088806152344
-0.0904998779296875 -0.0473785400390625 -0.118309020996094 -0.121345520019531
-0.0822982788085937 -0.03656005859375 -0.0846939086914062 -0.0640106201171875
-0.0709609985351563 -0.0150222778320312 -0.0184116363525391 -0.0197257995605469
-0.07257080078125 0.00263214111328124 0.0142173767089844 -0.0422439575195313
-0.0644264221191406 0.0276641845703125 0.0211410522460937 -0.0651512145996094
-0.05316162109375 0.0706100463867188 0.00511932373046875 -0.0858001708984375
-0.0243606567382812 0.0817337036132813 -0.0195465087890625 -0.105491638183594
-0.0211563110351563 0.0820846557617187 -0.0263442993164062 -0.104866027832031
-0.0283432006835938 0.0932846069335938 -0.0182723999023438 -0.0987548828125
-0.0474929809570313 0.080810546875 0.00583648681640625 -0.083465576171875
-0.0684394836425781 0.0504074096679687 0.0122299194335938 -0.0627555847167969
-0.0811767578125 0.0294036865234375 0.0186214447021484 -0.0336036682128906
-0.0818328857421875 -0.0148239135742188 0.0166788101196289 -0.00804710388183594
-0.0855712890625 -0.0424041748046875 -0.0469970703125 0.0085906982421875
-0.0983428955078125 -0.0509033203125 -0.0693130493164063 -0.00806427001953127
-0.0352134704589844 -0.00288391113281251 -0.144027709960938 -0.132217407226562
-0.0195999145507813 -0.00742530822753906 -0.105972290039062 -0.0679779052734375
-0.0116090774536133 -0.00731277465820313 -0.035675048828125 -0.0173377990722656
-0.0180377960205078 -0.0115451812744141 0.00775527954101562 -0.0411453247070313
-0.02618408203125 -0.00153350830078125 0.0204811096191406 -0.0681190490722656
-0.0317306518554688 0.0241012573242188 0.0057220458984375 -0.103675842285156
-0.0196094512939453 0.0322113037109375 -0.02197265625 -0.129112243652344
-0.0147819519042969 0.036285400390625 -0.03033447265625 -0.12847900390625
-0.0228652954101562 0.0426597595214844 -0.0146636962890625 -0.12213134765625
-0.0313148498535156 0.030303955078125 0.0172882080078125 -0.102897644042969
-0.035736083984375 0.0103225708007812 0.0246620178222656 -0.0680923461914063
-0.0340366363525391 -0.0003204345703125 0.0234260559082031 -0.0330047607421875
-0.0253353118896484 -0.0122547149658203 0.00298881530761719 -0.00922870635986328
-0.028045654296875 -0.0166473388671875 -0.0690536499023437 -0.00603485107421876
-0.0443840026855469 -0.0156440734863281 -0.091400146484375 -0.0333938598632812
-0.019195556640625 -0.0384750366210938 0.1080322265625 0.0243377685546875
-0.0294589996337891 -0.0338230133056641 0.0786666870117188 0.00614166259765625
-0.0423545837402344 -0.00886154174804688 0.00449466705322265 -0.00864458084106445
-0.0317916870117188 0.0168857574462891 -0.0366249084472656 0.0255012512207031
-0.0116748809814453 0.0201663970947266 -0.0441246032714844 0.0575447082519531
0.00333976745605469 0.020416259765625 -0.0283203125 0.107307434082031
0.0101337432861328 0.0226631164550781 0.008575439453125 0.136299133300781
0.0057220458984375 0.0197944641113281 0.0283584594726563 0.133155822753906
0.0117435455322266 0.0206127166748047 0.0193939208984375 0.124855041503906
0.00744056701660156 0.0285072326660156 -0.00806427001953125 0.10552978515625
-0.00451469421386719 0.0336112976074219 -0.00886917114257812 0.0635604858398438
-0.0217742919921875 0.0350723266601563 0.00947952270507812 0.0321617126464844
-0.0438652038574219 0.00821685791015624 0.05438232421875 0.0328407287597656
-0.0365486145019531 -0.0154037475585938 0.127082824707031 0.0750045776367188
-0.0233783721923828 -0.0132312774658203 0.1407470703125 0.163955688476563
-0.0733184814453125 -0.0801925659179688 0.0950088500976563 0.0189208984375
-0.0824661254882813 -0.0693511962890625 0.0725479125976563 0.00611114501953125
-0.0949172973632813 -0.0308380126953125 0.0143756866455078 -0.00974559783935547
-0.0875625610351562 0.0164260864257812 -0.0304355621337891 0.0146007537841797
-0.0585670471191406 0.0415077209472656 -0.0428581237792969 0.04168701171875
-0.0271072387695312 0.0669212341308594 -0.0328216552734375 0.0966415405273438
-2.2888183593754E-05 0.074127197265625 0.000961303710937512 0.12164306640625
-0.00343704223632813 0.0687103271484375 0.0235748291015625 0.116897583007813
0.0016326904296875 0.0732345581054688 0.0182952880859375 0.10845947265625
-0.0114822387695313 0.07696533203125 -0.00336456298828124 0.0937576293945313
-0.0361747741699219 0.06719970703125 -0.0051422119140625 0.0514717102050781
-0.0610694885253906 0.0590400695800781 0.0135860443115234 0.0219020843505859
-0.0907135009765625 0.0097198486328125 0.0658836364746094 0.0205574035644531
-0.0922622680664063 -0.0342178344726562 0.12750244140625 0.0658493041992188
-0.083099365234375 -0.0432510375976563 0.133285522460938 0.152862548828125
-0.116401672363281 -0.114402770996094 0.0644035339355468 -0.00292587280273438
-0.127082824707031 -0.0984954833984375 0.0526161193847656 -0.00293731689453126
-0.13775634765625 -0.0506439208984375 0.020172119140625 -0.0101680755615234
-0.136383056640625 0.013092041015625 -0.0169343948364258 0.00411701202392579
-0.0986404418945313 0.0569839477539063 -0.0308837890625 0.0231285095214844
-0.056243896484375 0.104545593261719 -0.02801513671875 0.0703964233398438
-0.0113296508789062 0.115554809570313 -0.00528717041015626 0.086822509765625
-0.0125808715820313 0.107742309570312 0.0143051147460938 0.0825881958007813
-0.0065460205078125 0.116416931152344 0.0118789672851563 0.077239990234375
-0.02630615234375 0.116874694824219 -0.00220870971679688 0.0685691833496094
-0.060821533203125 0.097198486328125 -0.00353813171386719 0.0323333740234375
-0.094757080078125 0.0816650390625 0.0152912139892578 0.00899028778076173
-0.130279541015625 0.0145416259765625 0.0686111450195312 0.00931930541992188
-0.138504028320313 -0.0462265014648437 0.108070373535156 0.0558624267578125
-0.132278442382813 -0.0680389404296875 0.105644226074219 0.130271911621094
-0.143753051757813 -0.128280639648438 0.0223979949951172 -0.0333385467529297
-0.153411865234375 -0.108749389648438 0.0216941833496094 -0.0170555114746094
-0.160232543945313 -0.0568695068359375 0.0200252532958984 -0.0103473663330078
-0.1622314453125 0.0120849609375 -0.00220441818237306 -0.00742912292480469
-0.12335205078125 0.064605712890625 -0.0125637054443359 -0.00172328948974609
-0.0756988525390625 0.125724792480469 -0.0185050964355469 0.0323677062988281
-0.0207901000976562 0.138580322265625 -0.0085601806640625 0.0395393371582031
-0.019317626953125 0.131294250488281 0.00317764282226562 0.0354156494140625
-0.01434326171875 0.1436767578125 0.00203323364257812 0.0337886810302734
-0.0378265380859375 0.14166259765625 -0.00284576416015625 0.0324897766113281
-0.0791473388671875 0.113731384277344 -0.00205135345458985 0.00658750534057618
-0.11578369140625 0.09320068359375 0.0150852203369141 -0.00437831878662109
-0.151840209960938 0.015625 0.0622406005859375 0.0010528564453125
-0.163467407226563 -0.0525054931640625 0.0739898681640625 0.0451202392578125
-0.160614013671875 -0.08026123046875 0.0629730224609375 0.099151611328125
-0.14996337890625 -0.118759155273437 -0.0270881652832031 -0.0682830810546875
-0.157546997070313 -0.0970458984375 -0.0159358978271484 -0.0347061157226563
-0.15667724609375 -0.048126220703125 0.0125570297241211 -0.0124921798706055
-0.158203125 0.012939453125 0.0102214813232422 -0.0207691192626953
-0.1231689453125 0.063751220703125 0.00598716735839843 -0.0273799896240234
-0.081146240234375 0.126579284667969 -0.00664520263671875 -0.0115871429443359
-0.0268402099609375 0.140380859375 -0.01220703125 -0.014521598815918
-0.0237197875976563 0.134437561035156 -0.00883293151855469 -0.0161285400390625
-0.02105712890625 0.148635864257813 -0.00820541381835938 -0.0141973495483398
-0.04705810546875 0.143661499023438 -0.00409793853759766 -0.00931072235107421
-0.0881423950195313 0.110984802246094 -0.000818252563476566 -0.0208930969238281
-0.122314453125 0.0877227783203125 0.0147180557250976 -0.0173044204711914
-0.152435302734375 0.00804138183593749 0.0482177734375 -0.0042572021484375
-0.163482666015625 -0.056427001953125 0.0299644470214844 0.0356903076171875
-0.16387939453125 -0.0830230712890625 0.0137596130371094 0.0627288818359375
-0.131919860839844 -0.0904464721679688 -0.076385498046875 -0.09906005859375
-0.132911682128906 -0.07171630859375 -0.0533103942871094 -0.050994873046875
-0.12451171875 -0.0317459106445312 -0.000834465026855478 -0.0159788131713867
-0.124839782714844 0.0112991333007813 0.0165424346923828 -0.0335865020751953
-0.102058410644531 0.052032470703125 0.0176506042480469 -0.0507888793945313
-0.0726165771484375 0.108505249023437 0.00221633911132813 -0.053680419921875
-0.0271377563476563 0.119987487792969 -0.0152740478515625 -0.0646705627441406
-0.023468017578125 0.117919921875 -0.0189094543457031 -0.0645751953125
-0.0267791748046875 0.131767272949219 -0.0156135559082031 -0.0607795715332031
-0.0516433715820313 0.122154235839844 -0.001312255859375 -0.0506591796875
-0.0866165161132812 0.0882797241210938 0.00395965576171875 -0.0451431274414062
-0.111846923828125 0.0634841918945313 0.0151920318603516 -0.0274486541748047
-0.128173828125 -0.0055694580078125 0.0314731597900391 -0.00706291198730469
-0.134986877441406 -0.0556259155273437 -0.0129756927490234 0.0242938995361328
-0.141632080078125 -0.0745086669921875 -0.0337963104248047 0.0259780883789062
-0.0915679931640625 -0.0494842529296875 -0.115852355957031 -0.121383666992188
-0.0839385986328125 -0.0388641357421875 -0.0846328735351563 -0.063690185546875
-0.0721817016601563 -0.0167465209960937 -0.0181198120117188 -0.0193252563476563
-0.074676513671875 0.00334930419921876 0.0147705078125 -0.0412673950195313
-0.0659866333007813 0.028411865234375 0.0221939086914062 -0.0653190612792969
-0.0535964965820312 0.071929931640625 0.00726318359375 -0.08575439453125
-0.0239715576171875 0.0826034545898437 -0.01885986328125 -0.105308532714844
-0.0203094482421875 0.0833816528320313 -0.0268096923828125 -0.103561401367188
-0.0268402099609375 0.0945663452148438 -0.0179519653320313 -0.098785400390625
-0.0475311279296875 0.0820465087890625 0.00621795654296875 -0.0838699340820313
-0.0693092346191406 0.0507164001464844 0.0132713317871094 -0.0621337890625
-0.0813751220703125 0.0299911499023438 0.0190620422363281 -0.0329170227050781
-0.0830078125 -0.0158233642578125 0.0157070159912109 -0.00818252563476563
-0.0873184204101563 -0.0442428588867187 -0.04779052734375 0.00910568237304688
-0.0996780395507812 -0.0519943237304688 -0.070526123046875 -0.00823974609375
-0.0363616943359375 -0.00489425659179687 -0.1427001953125 -0.133346557617188
-0.0208454132080078 -0.00928878784179687 -0.105728149414062 -0.0676498413085938
-0.0122756958007812 -0.00827693939208985 -0.0353775024414063 -0.017547607421875
-0.019287109375 -0.0109748840332031 0.00836563110351562 -0.0409774780273438
-0.0271167755126953 -0.00102043151855469 0.0219306945800781 -0.0688858032226563
-0.0320243835449219 0.0254421234130859 0.00686645507812499 -0.104934692382813
-0.0194492340087891 0.0327072143554688 -0.0215301513671875 -0.129203796386719
-0.0142745971679688 0.0366477966308594 -0.0300750732421875 -0.127777099609375
-0.0223503112792969 0.0442543029785156 -0.014984130859375 -0.121711730957031
-0.0307178497314453 0.0307674407958984 0.017608642578125 -0.103019714355469
-0.0363388061523438 0.0107765197753906 0.0248985290527344 -0.0674514770507813
-0.0342998504638672 0.00102424621582031 0.0235881805419922 -0.0324554443359375
-0.0264835357666016 -0.0126399993896484 0.000741958618164062 -0.00967025756835938
-0.0302562713623047 -0.0173721313476563 -0.070556640625 -0.00633239746093749
-0.0455169677734375 -0.0162010192871094 -0.0932235717773438 -0.034454345703125
-0.0170669555664063 -0.03857421875 0.113662719726563 0.0282058715820312
-0.0283393859863281 -0.0354995727539062 0.0829391479492187 0.008270263671875
-0.0426826477050781 -0.0106468200683594 0.00565290451049804 -0.00843334197998047
-0.0322589874267578 0.0162353515625 -0.0369644165039063 0.0265846252441406
-0.0120677947998047 0.0195903778076172 -0.0462875366210938 0.0589370727539063
0.00320816040039063 0.0196723937988281 -0.0304031372070313 0.111106872558594
0.0101089477539062 0.0226573944091797 0.0077972412109375 0.14117431640625
0.00526046752929687 0.0197906494140625 0.0282974243164063 0.137283325195313
0.0115509033203125 0.0203437805175781 0.0192337036132813 0.129287719726563
0.00741386413574219 0.0288333892822266 -0.00879669189453126 0.110511779785156
-0.00476264953613281 0.0344047546386719 -0.0107383728027344 0.0666465759277344
-0.02252197265625 0.0355987548828125 0.00893020629882812 0.0337295532226563
-0.0447883605957031 0.00793838500976563 0.055267333984375 0.0345573425292969
-0.037261962890625 -0.0156707763671875 0.129814147949219 0.0788345336914063
-0.0221786499023438 -0.0135040283203125 0.14263916015625 0.171737670898438
-0.0731430053710938 -0.08258056640625 0.0992050170898438 0.0242691040039062
-0.0843276977539063 -0.0727462768554688 0.075347900390625 0.00806427001953124
-0.0964584350585937 -0.0347442626953125 0.0160150527954101 -0.00935554504394531
-0.0908737182617188 0.0151290893554687 -0.029754638671875 0.0155010223388672
-0.0613327026367188 0.0411300659179688 -0.0443840026855469 0.0434112548828125
-0.0291671752929688 0.0681381225585938 -0.0344696044921875 0.0997772216796875
-0.00106048583984375 0.0763702392578125 0.00124359130859376 0.126113891601563
-0.004913330078125 0.070556640625 0.0233078002929687 0.120155334472656
0.00135040283203125 0.0755538940429688 0.0179595947265625 0.112991333007813
-0.0130233764648437 0.078643798828125 -0.00438690185546875 0.0972900390625
-0.0386085510253906 0.0690155029296875 -0.00569915771484375 0.0545692443847656
-0.0639762878417969 0.0594596862792969 0.0134620666503906 0.0233440399169922
-0.0941314697265625 0.00872802734375002 0.06719970703125 0.0222282409667969
-0.0955352783203125 -0.0370101928710937 0.130561828613281 0.069488525390625
-0.0843505859375 -0.0460891723632813 0.13433837890625 0.160552978515625
-0.118499755859375 -0.119308471679687 0.0682525634765625 -0.000179290771484382
-0.129249572753906 -0.103950500488281 0.0556678771972656 -0.000251770019531256
-0.140373229980469 -0.0572052001953125 0.0216083526611328 -0.00945091247558594
-0.141815185546875 0.01171875 -0.0165977478027344 0.00570201873779297
-0.103729248046875 0.0573196411132812 -0.0306549072265625 0.0231227874755859
-0.0597381591796875 0.106163024902344 -0.0276260375976563 0.072021484375
-0.0133819580078125 0.118598937988281 -0.00402069091796874 0.0906906127929688
-0.0135955810546875 0.111701965332031 0.01507568359375 0.0849990844726563
-0.00758361816406251 0.12091064453125 0.0109481811523437 0.0804367065429688
-0.02850341796875 0.121559143066406 -0.00267028808593751 0.0713577270507813
-0.065032958984375 0.100868225097656 -0.00436782836914063 0.0337867736816406
-0.0991592407226562 0.0835494995117188 0.0157747268676758 0.0101203918457031
-0.135101318359375 0.0119247436523437 0.0701560974121094 0.0106658935546875
-0.143722534179688 -0.05078125 0.110549926757812 0.0586471557617187
-0.135475158691406 -0.0723114013671875 0.105781555175781 0.136451721191406
-0.14697265625 -0.1337890625 0.0255298614501953 -0.0315227508544922
-0.158096313476563 -0.115158081054687 0.0235500335693359 -0.014801025390625
-0.164932250976563 -0.0631866455078125 0.0215682983398437 -0.00966262817382813
-0.16851806640625 0.00996398925781252 -0.00148582458496095 -0.00554609298706055
-0.129417419433594 0.065948486328125 -0.0113887786865234 -0.000830650329589841
-0.0798492431640625 0.128761291503906 -0.0173683166503906 0.0339775085449219
-0.0235748291015625 0.142333984375 -0.0084991455078125 0.0416107177734375
-0.02099609375 0.135711669921875 0.00351333618164062 0.0369224548339844
-0.0151824951171875 0.148651123046875 0.00191116333007812 0.0355110168457031
-0.0407562255859375 0.147109985351563 -0.00219345092773438 0.0340671539306641
-0.0843582153320313 0.117630004882813 -0.00126266479492188 0.00794363021850587
-0.120780944824219 0.0955276489257813 0.0165185928344726 -0.00315856933593749
-0.158035278320312 0.0126800537109375 0.0624465942382812 0.0017852783203125
-0.170364379882813 -0.057342529296875 0.07574462890625 0.0479278564453125
-0.165176391601563 -0.08563232421875 0.0628280639648437 0.104217529296875
-0.15380859375 -0.1251220703125 -0.0258636474609375 -0.0685386657714844
-0.162155151367188 -0.103973388671875 -0.0160942077636719 -0.0337066650390625
-0.162353515625 -0.0553436279296875 0.0134725570678711 -0.011530876159668
-0.1654052734375 0.0111236572265625 0.0116653442382812 -0.0194892883300781
-0.12945556640625 0.0650405883789062 0.00761795043945311 -0.0279483795166016
-0.0847930908203125 0.130615234375 -0.00481414794921875 -0.0120677947998047
-0.02911376953125 0.144638061523438 -0.0118541717529297 -0.0141077041625976
-0.0256423950195312 0.139022827148438 -0.00871944427490235 -0.0152931213378906
-0.0225982666015625 0.154617309570312 -0.00853347778320313 -0.0139598846435547
-0.0500640869140625 0.14923095703125 -0.00294589996337891 -0.0100955963134766
-0.0930633544921875 0.114982604980469 0.000513076782226558 -0.021209716796875
-0.128067016601563 0.0893478393554688 0.0162696838378906 -0.0159749984741211
-0.158798217773437 0.00527954101562501 0.048797607421875 -0.00400543212890625
-0.170364379882813 -0.0613861083984375 0.0301933288574219 0.0380439758300781
-0.16925048828125 -0.0885467529296875 0.0121994018554687 0.0665473937988281
-0.135902404785156 -0.0956497192382812 -0.076019287109375 -0.102020263671875
-0.137779235839844 -0.0768051147460938 -0.0542030334472656 -0.0516128540039063
-0.129928588867188 -0.0372772216796875 -0.000708580017089853 -0.0163030624389648
-0.130928039550781 0.00971221923828125 0.0174961090087891 -0.0329093933105469
-0.106414794921875 0.0522689819335937 0.0201759338378906 -0.0519561767578125
-0.0758514404296875 0.111083984375 0.00531768798828125 -0.0554580688476562
-0.0296478271484375 0.124504089355469 -0.0141830444335938 -0.0667037963867187
-0.025054931640625 0.121871948242188 -0.0183448791503906 -0.0659103393554687
-0.0273895263671875 0.136917114257813 -0.0151443481445312 -0.0616455078125
-0.0544052124023438 0.127777099609375 -0.000514984130859381 -0.0517120361328125
-0.0910110473632813 0.0908203125 0.00594329833984375 -0.0462112426757812
-0.117279052734375 0.0648193359375 0.016845703125 -0.0263614654541016
-0.13360595703125 -0.00839996337890626 0.0315322875976563 -0.00752449035644531
-0.141830444335938 -0.060943603515625 -0.0149269104003906 0.0252323150634766
-0.14666748046875 -0.0788116455078125 -0.0365104675292969 0.02667236328125
-0.095703125 -0.055450439453125 -0.116859436035156 -0.126388549804687
-0.08837890625 -0.04248046875 -0.0868301391601563 -0.0651779174804687
-0.0755691528320312 -0.019775390625 -0.018218994140625 -0.0190162658691406
-0.0783004760742187 0.00244903564453123 0.0155754089355469 -0.041778564453125
-0.0701408386230469 0.0290298461914062 0.0252876281738281 -0.0671463012695312
-0.0562286376953125 0.0749053955078125 0.00936126708984375 -0.0900650024414063
-0.025970458984375 0.085845947265625 -0.017364501953125 -0.108062744140625
-0.020965576171875 0.0867080688476563 -0.0256576538085938 -0.106529235839844
-0.0279083251953125 0.0992813110351563 -0.017822265625 -0.101516723632812
-0.0489349365234375 0.0858993530273438 0.00814056396484375 -0.08648681640625
-0.0724945068359375 0.05291748046875 0.0161323547363281 -0.0637664794921875
-0.0851669311523438 0.031097412109375 0.0206851959228516 -0.0324630737304688
-0.08648681640625 -0.018035888671875 0.0142593383789062 -0.00909519195556641
-0.091827392578125 -0.0480499267578125 -0.0510520935058594 0.00975036621093751
-0.103706359863281 -0.0555877685546875 -0.0748214721679688 -0.00968170166015627
-0.0383186340332031 -0.00796890258789063 -0.143875122070313 -0.139251708984375
-0.0231800079345703 -0.0105171203613281 -0.109107971191406 -0.0712203979492187
-0.0134000778198242 -0.00945568084716797 -0.0360908508300781 -0.0175361633300781
-0.0205879211425781 -0.0122661590576172 0.00939178466796875 -0.0428276062011719
-0.0296058654785156 -0.000858306884765623 0.0240631103515625 -0.070831298828125
-0.0333423614501953 0.0269641876220703 0.0086212158203125 -0.109573364257813
-0.0200977325439453 0.0345973968505859 -0.0209732055664063 -0.133522033691406
-0.0142326354980469 0.0380973815917969 -0.0296630859375 -0.131111145019531
-0.0213279724121094 0.046234130859375 -0.0140380859375 -0.125289916992187
-0.0320339202880859 0.0332603454589844 0.0195388793945313 -0.106491088867188
-0.0376739501953125 0.0111808776855469 0.0274124145507813 -0.0702972412109375
-0.0353279113769531 0.00180816650390625 0.0249080657958984 -0.0331211090087891
-0.0279407501220703 -0.0131912231445312 1.14440917968736E-05 -0.00979900360107422
-0.0328769683837891 -0.0192375183105469 -0.0742721557617188 -0.00655364990234376
-0.0483016967773437 -0.01806640625 -0.0970687866210938 -0.0374679565429687
-0.0167274475097656 -0.0398216247558594 0.122840881347656 0.0315704345703125
-0.0289573669433594 -0.0373764038085937 0.0902938842773438 0.0091400146484375
-0.0444107055664063 -0.0122528076171875 0.00790309906005859 -0.00915050506591797
-0.0337696075439453 0.0163421630859375 -0.0384101867675781 0.0283355712890625
-0.0137672424316406 0.0201206207275391 -0.0488739013671875 0.0630111694335938
0.00284194946289063 0.0197963714599609 -0.0313262939453125 0.119056701660156
0.0103893280029297 0.0230693817138672 0.00958251953124999 0.149520874023438
0.00549507141113281 0.0212306976318359 0.031005859375 0.14453125
0.0126972198486328 0.0204410552978516 0.0212936401367188 0.137969970703125
0.0081787109375 0.0303077697753906 -0.00920867919921876 0.118598937988281
-0.00461196899414062 0.03643798828125 -0.0118331909179688 0.07232666015625
-0.0231590270996094 0.0368385314941406 0.00825881958007813 0.0366020202636719
-0.0463981628417969 0.008758544921875 0.0578727722167969 0.0371780395507812
-0.0391616821289063 -0.01580810546875 0.1378173828125 0.0818862915039062
-0.0225925445556641 -0.0132255554199219 0.150360107421875 0.182357788085938
-0.0765762329101563 -0.0866012573242188 0.107948303222656 0.0270538330078125
-0.0879592895507812 -0.0767898559570313 0.0815811157226563 0.00976562499999999
-0.101943969726563 -0.0381622314453125 0.0179290771484375 -0.0106391906738281
-0.0965118408203125 0.01568603515625 -0.0303535461425781 0.0177974700927734
-0.0655708312988281 0.0426597595214844 -0.0462646484375 0.0466537475585938
-0.031707763671875 0.0709991455078125 -0.0356903076171875 0.107231140136719
-0.00196075439453124 0.0797576904296875 0.00247192382812499 0.134384155273438
-0.00418853759765624 0.0751266479492188 0.0262527465820312 0.127738952636719
0.00222015380859375 0.0800857543945313 0.0202789306640625 0.120361328125
-0.0129241943359375 0.0836563110351562 -0.0037689208984375 0.104454040527344
-0.04119873046875 0.0738449096679687 -0.00634765625 0.0597915649414063
-0.0683860778808594 0.0638046264648438 0.0134620666503906 0.0264968872070313
-0.100601196289063 0.00859069824218751 0.0699882507324219 0.0231552124023438
-0.102142333984375 -0.0386428833007812 0.137496948242188 0.0729446411132813
-0.0885772705078125 -0.0480499267578125 0.141677856445313 0.171157836914063
-0.124832153320313 -0.126182556152344 0.075164794921875 0.00294494628906249
-0.137474060058594 -0.111160278320313 0.0604476928710937 0.00105667114257812
-0.149520874023437 -0.0623321533203125 0.0241432189941406 -0.00992584228515625
-0.15032958984375 0.01165771484375 -0.0163955688476563 0.00754165649414063
-0.1109619140625 0.0601806640625 -0.0310020446777344 0.0254268646240234
-0.0635910034179688 0.112876892089844 -0.0279769897460938 0.0773162841796875
-0.0148162841796875 0.125350952148438 -0.0029144287109375 0.0968093872070313
-0.0141754150390625 0.119110107421875 0.0165023803710938 0.0908279418945313
-0.00640869140624999 0.128578186035156 0.0127182006835938 0.0860748291015625
-0.0290451049804688 0.129447937011719 -0.002166748046875 0.076202392578125
-0.0687713623046875 0.108238220214844 -0.00283050537109375 0.0374641418457031
-0.105224609375 0.0896377563476563 0.0168743133544922 0.0131196975708008
-0.144454956054688 0.01214599609375 0.0730133056640625 0.0114059448242188
-0.15447998046875 -0.0535125732421875 0.116676330566406 0.0628204345703125
-0.144332885742188 -0.0761871337890625 0.112228393554687 0.146438598632813
-0.15667724609375 -0.142044067382812 0.0293331146240234 -0.0310020446777344
-0.168853759765625 -0.122116088867187 0.0258197784423828 -0.0140914916992188
-0.17559814453125 -0.0693817138671875 0.0235404968261719 -0.00910377502441407
-0.179931640625 0.010406494140625 -0.000391006469726574 -0.0048670768737793
-0.138336181640625 0.0698013305664062 -0.0108356475830078 -0.000362396240234372
-0.0852127075195313 0.136711120605469 -0.0155982971191406 0.0362663269042969
-0.0246734619140625 0.15191650390625 -0.00713729858398438 0.0451164245605469
-0.021392822265625 0.144485473632813 0.0044708251953125 0.0399398803710938
-0.014495849609375 0.158706665039063 0.0022125244140625 0.0387458801269531
-0.0420989990234375 0.15771484375 -0.00148391723632813 0.0361366271972656
-0.0898590087890625 0.126655578613281 -0.000779151916503911 0.00950717926025391
-0.129310607910156 0.10247802734375 0.0175046920776367 -0.00189876556396484
-0.169403076171875 0.01226806640625 0.0649261474609375 0.00148391723632813
-0.183212280273438 -0.0613555908203125 0.0796661376953125 0.0512619018554687
-0.176223754882813 -0.0912017822265625 0.0657119750976562 0.112480163574219
-0.164291381835937 -0.132827758789063 -0.0252838134765625 -0.0703125
-0.174835205078125 -0.1107177734375 -0.0165920257568359 -0.0338802337646484
-0.174057006835938 -0.060150146484375 0.0148115158081055 -0.0109529495239258
-0.176956176757813 0.012115478515625 0.0127544403076172 -0.0183620452880859
-0.139373779296875 0.0697250366210937 0.00949478149414062 -0.0292205810546875
-0.090667724609375 0.139801025390625 -0.00270175933837891 -0.0126514434814453
-0.030609130859375 0.154495239257813 -0.0106620788574219 -0.0139312744140625
-0.025421142578125 0.148651123046875 -0.00795078277587891 -0.0157279968261719
-0.022369384765625 0.165252685546875 -0.00853538513183594 -0.0139942169189453
-0.0521697998046875 0.16058349609375 -0.00208187103271485 -0.0101432800292969
-0.100166320800781 0.123863220214844 0.00137901306152343 -0.0210895538330078
-0.137077331542969 0.0969772338867188 0.0168275833129883 -0.0158939361572266
-0.1700439453125 0.00431823730468748 0.0501785278320312 -0.00430679321289063
-0.18292236328125 -0.0657806396484375 0.0318069458007812 0.0406227111816406
-0.180999755859375 -0.0942840576171875 0.011505126953125 0.0722732543945313
-0.146133422851563 -0.103683471679687 -0.07867431640625 -0.106788635253906
-0.148895263671875 -0.08245849609375 -0.0583763122558594 -0.053619384765625
-0.139358520507813 -0.0416946411132813 -0.000329971313476572 -0.0159063339233398
-0.141403198242187 0.010894775390625 0.0191993713378906 -0.0336418151855469
-0.115432739257813 0.0570907592773438 0.02294921875 -0.0549087524414062
-0.080352783203125 0.120834350585938 0.00753021240234375 -0.060089111328125
-0.0312957763671875 0.132545471191406 -0.0139312744140625 -0.0703582763671875
-0.0256729125976563 0.130546569824219 -0.0199775695800781 -0.0690956115722656
-0.0269622802734375 0.14739990234375 -0.0163307189941406 -0.0647850036621094
-0.0567092895507813 0.137626647949219 -7.24792480468753E-05 -0.0556373596191406
-0.0976104736328125 0.09906005859375 0.00675201416015624 -0.0490341186523437
-0.124961853027344 0.0709609985351563 0.0186328887939453 -0.0280132293701172
-0.1434326171875 -0.00953674316406249 0.0314540863037109 -0.00772857666015625
-0.153152465820313 -0.0645294189453125 -0.0161495208740235 0.0283203125
-0.15716552734375 -0.08465576171875 -0.0402679443359375 0.0296249389648437
-0.103164672851563 -0.0591278076171875 -0.123268127441406 -0.133377075195312
-0.096527099609375 -0.045928955078125 -0.0929794311523438 -0.067291259765625
-0.0823287963867188 -0.0225601196289063 -0.0196533203125 -0.0188446044921875
-0.08544921875 0.00312042236328124 0.0172538757324219 -0.04339599609375
-0.0758514404296875 0.0329055786132813 0.0279312133789063 -0.0716018676757813
-0.05950927734375 0.08203125 0.010589599609375 -0.09637451171875
-0.0272598266601562 0.09234619140625 -0.0186538696289063 -0.114860534667969
-0.0213241577148438 0.0928192138671875 -0.0277786254882813 -0.112022399902344
-0.0269622802734375 0.106880187988281 -0.0193328857421875 -0.106529235839844
-0.0518875122070313 0.0929489135742188 0.00826263427734375 -0.0919952392578125
-0.0778732299804688 0.0581741333007812 0.0172576904296875 -0.0677986145019531
-0.0912628173828125 0.035125732421875 0.0222988128662109 -0.0343036651611328
-0.0937271118164063 -0.0193252563476562 0.0138063430786133 -0.00973033905029297
-0.100730895996094 -0.0515823364257813 -0.0553092956542969 0.0111503601074219
-0.110969543457031 -0.0597991943359375 -0.0808868408203125 -0.00999450683593749
-0.0425033569335938 -0.00997543334960937 -0.151687622070312 -0.1475830078125
-0.0268402099609375 -0.0128498077392578 -0.115951538085938 -0.074798583984375
-0.0158805847167969 -0.0106477737426758 -0.0380592346191406 -0.01776123046875
-0.0236034393310547 -0.0132160186767578 0.0103645324707031 -0.0448646545410156
-0.0320301055908203 0.000484466552734377 0.0262985229492187 -0.0766067504882813
-0.0346012115478516 0.0309906005859375 0.00965881347656249 -0.117279052734375
-0.0210494995117188 0.0379753112792969 -0.022674560546875 -0.141937255859375
-0.0140151977539063 0.040771484375 -0.032562255859375 -0.138313293457031
-0.0216484069824219 0.0503959655761719 -0.0160064697265625 -0.132728576660156
-0.0337486267089844 0.0367317199707031 0.0199356079101562 -0.113677978515625
-0.040679931640625 0.0135269165039063 0.0296249389648437 -0.0747299194335938
-0.0382919311523438 0.00301742553710938 0.0269985198974609 -0.0347785949707031
-0.0307769775390625 -0.0140171051025391 -0.00103187561035157 -0.0106887817382813
-0.0377998352050781 -0.0206871032714844 -0.080474853515625 -0.00588989257812502
-0.0525665283203125 -0.0201492309570313 -0.104972839355469 -0.0402603149414063
-0.0168037414550781 -0.042236328125 0.134529113769531 0.0298919677734375
-0.0316925048828125 -0.03961181640625 0.0987319946289063 0.0067291259765625
-0.0467338562011719 -0.0121841430664062 0.00944232940673828 -0.0102729797363281
-0.0360870361328125 0.0175209045410156 -0.0386695861816406 0.0313339233398438
-0.0141086578369141 0.0212650299072266 -0.0500984191894531 0.0697250366210937
0.00270462036132813 0.0210323333740234 -0.0288619995117187 0.129409790039063
0.0114822387695313 0.0230045318603516 0.0170745849609375 0.160202026367188
0.00690650939941407 0.0215854644775391 0.039459228515625 0.153152465820313
0.0130805969238281 0.0204734802246094 0.0279541015625 0.147476196289063
0.00983428955078125 0.0306453704833984 -0.00549316406250001 0.12860107421875
-0.00301742553710938 0.0392608642578125 -0.00965118408203126 0.0788497924804688
-0.0230865478515625 0.0402412414550781 0.00925445556640624 0.039947509765625
-0.0493698120117188 0.0115242004394531 0.062774658203125 0.0379371643066406
-0.0419349670410156 -0.0142326354980469 0.150955200195313 0.0819244384765625
-0.023681640625 -0.0128688812255859 0.165939331054688 0.189605712890625
-0.0833511352539063 -0.0901718139648437 0.119125366210938 0.0267715454101562
-0.0967025756835938 -0.0798492431640625 0.0904388427734375 0.00929260253906249
-0.109817504882813 -0.0410537719726562 0.0202617645263672 -0.0115966796875
-0.103660583496094 0.019561767578125 -0.0306034088134766 0.0202693939208984
-0.0700454711914063 0.0481224060058594 -0.0461997985839844 0.051177978515625
-0.0328369140625 0.0767745971679688 -0.03240966796875 0.116668701171875
-0.000213623046875 0.0845184326171875 0.00984191894531251 0.143768310546875
-0.0025177001953125 0.0807647705078125 0.0338897705078125 0.135459899902344
0.00612640380859374 0.0846405029296875 0.0256729125976562 0.128974914550781
-0.0105819702148437 0.0900115966796875 0.0004730224609375 0.113494873046875
-0.0406494140625 0.0815811157226563 -0.00293350219726562 0.0659103393554688
-0.069915771484375 0.0711669921875 0.0152072906494141 0.0285377502441406
-0.106964111328125 0.0127182006835937 0.0743560791015625 0.023223876953125
-0.111686706542969 -0.0375747680664063 0.150360107421875 0.0716400146484375
-0.0962295532226562 -0.0481796264648438 0.157577514648438 0.179336547851563
-0.137214660644531 -0.130813598632813 0.0837860107421875 0.00283050537109374
-0.151519775390625 -0.114120483398438 0.0671844482421875 0.00135421752929687
-0.162445068359375 -0.0637969970703125 0.0260887145996094 -0.00978851318359375
-0.16143798828125 0.01702880859375 -0.0164690017700195 0.00924301147460938
-0.117820739746094 0.0691146850585937 -0.0307064056396484 0.0281772613525391
-0.0655364990234375 0.123085021972656 -0.0250320434570313 0.0845184326171875
-0.0116195678710938 0.133621215820313 0.00234985351562499 0.104652404785156
-0.010101318359375 0.129348754882813 0.0216598510742188 0.0964508056640625
-0.0023040771484375 0.137664794921875 0.0174026489257813 0.0927581787109375
-0.0254364013671875 0.140960693359375 0.00116729736328125 0.081939697265625
-0.0705337524414063 0.119796752929688 -0.00177383422851563 0.042877197265625
-0.109901428222656 0.100662231445313 0.0180549621582031 0.014251708984375
-0.154525756835938 0.0172576904296875 0.0772781372070312 0.0093994140625
-0.168670654296875 -0.05194091796875 0.127098083496094 0.0629730224609375
-0.156723022460938 -0.075958251953125 0.125106811523438 0.1544189453125
-0.172744750976563 -0.146835327148437 0.0332603454589844 -0.0313034057617188
-0.185806274414063 -0.124465942382813 0.0289878845214844 -0.0133895874023438
-0.192184448242188 -0.071014404296875 0.0264797210693359 -0.00914192199707032
-0.193588256835938 0.018310546875 0.000760793685913074 -0.00242066383361816
-0.1466064453125 0.08087158203125 -0.0106296539306641 0.000220298767089847
-0.086456298828125 0.149932861328125 -0.0135688781738281 0.0389328002929688
-0.021820068359375 0.163742065429688 -0.00442886352539062 0.0489768981933594
-0.0178985595703125 0.157424926757813 0.00706481933593749 0.0441398620605469
-0.008819580078125 0.171005249023438 0.00485610961914062 0.0428085327148438
-0.0381622314453125 0.171188354492188 0.00100708007812499 0.0398101806640625
-0.0920257568359375 0.140945434570313 0.000847816467285152 0.0115871429443359
-0.135772705078125 0.116279602050781 0.0196609497070312 -0.00069999694824218
-0.18218994140625 0.0180206298828125 0.0680503845214844 -0.00114059448242187
-0.200942993164063 -0.059600830078125 0.0875015258789062 0.0528793334960937
-0.19281005859375 -0.0909576416015625 0.0746002197265625 0.119979858398438
-0.1810302734375 -0.138519287109375 -0.0262527465820313 -0.071380615234375
-0.192626953125 -0.113616943359375 -0.0176792144775391 -0.0328006744384766
-0.190170288085938 -0.0605010986328125 0.0170259475708008 -0.010711669921875
-0.191436767578125 0.0193634033203125 0.0145416259765625 -0.01849365234375
-0.147811889648437 0.0812225341796875 0.0114250183105469 -0.0319652557373047
-0.091827392578125 0.154449462890625 -0.000772476196289069 -0.013951301574707
-0.0268707275390625 0.167205810546875 -0.00955677032470703 -0.0142412185668945
-0.0203399658203125 0.161666870117188 -0.00887298583984375 -0.015350341796875
-0.015716552734375 0.179550170898438 -0.0103034973144531 -0.0133152008056641
-0.049072265625 0.175094604492188 -0.00286388397216797 -0.0110139846801758
-0.103050231933594 0.138572692871094 0.00228118896484375 -0.0222587585449219
-0.144058227539063 0.109634399414062 0.0189838409423828 -0.0164756774902344
-0.18402099609375 0.009033203125 0.0519981384277344 -0.00623703002929687
-0.20281982421875 -0.0648040771484375 0.0348014831542969 0.0432052612304687
-0.19866943359375 -0.0941009521484375 0.0139083862304687 0.0787429809570313
-0.16162109375 -0.106842041015625 -0.0859298706054688 -0.109146118164062
-0.165176391601563 -0.08331298828125 -0.0649185180664063 -0.0528335571289063
-0.152999877929687 -0.0418548583984375 0.00024127960205077 -0.0160980224609375
-0.153594970703125 0.0170440673828125 0.0202693939208984 -0.0348091125488281
-0.123756408691406 0.0678024291992187 0.0239639282226562 -0.060333251953125
-0.0821990966796875 0.133323669433594 0.00741958618164062 -0.0653266906738281
-0.02862548828125 0.144927978515625 -0.0167388916015625 -0.0743560791015625
-0.0216827392578125 0.14276123046875 -0.0227127075195312 -0.0720367431640625
-0.0218658447265625 0.158966064453125 -0.0200119018554688 -0.0688743591308594
-0.0542449951171875 0.151123046875 -0.00140380859375 -0.0587158203125
-0.101234436035156 0.111640930175781 0.00619888305664062 -0.0520744323730469
-0.1319580078125 0.0830230712890625 0.0194168090820312 -0.0292224884033203
-0.156158447265625 -0.00592041015625002 0.0314311981201172 -0.0100555419921875
-0.169586181640625 -0.0653076171875 -0.0178985595703125 0.0317325592041016
-0.17333984375 -0.0852813720703125 -0.0434722900390625 0.0341911315917969
-0.114601135253906 -0.061614990234375 -0.135398864746094 -0.137420654296875
-0.107772827148437 -0.046600341796875 -0.102462768554688 -0.0678634643554687
-0.091888427734375 -0.0221328735351562 -0.0207138061523438 -0.0184078216552734
-0.0934295654296875 0.00601959228515624 0.0169754028320312 -0.0463943481445313
-0.0815277099609375 0.0390243530273438 0.0283966064453125 -0.07733154296875
-0.059967041015625 0.0921096801757813 0.00931549072265624 -0.103813171386719
-0.0253524780273438 0.101707458496094 -0.023834228515625 -0.122047424316406
-0.0178680419921875 0.10260009765625 -0.0332412719726562 -0.118629455566406
-0.024017333984375 0.116729736328125 -0.0242233276367188 -0.113075256347656
-0.0504684448242187 0.104072570800781 0.00539398193359374 -0.0993881225585938
-0.0821990966796875 0.0672149658203125 0.0168380737304688 -0.07421875
-0.09686279296875 0.0424880981445313 0.0230026245117187 -0.0372543334960938
-0.102180480957031 -0.0179977416992188 0.0127573013305664 -0.0114574432373047
-0.112846374511719 -0.0522308349609375 -0.0594558715820313 0.0154685974121094
-0.12353515625 -0.059906005859375 -0.0881500244140625 -0.00732421874999999
-0.0471916198730469 -0.0105400085449219 -0.167449951171875 -0.153091430664063
-0.0320930480957031 -0.0131511688232422 -0.127601623535156 -0.0748977661132813
-0.0195465087890625 -0.0122165679931641 -0.0409469604492188 -0.0165977478027344
-0.0277996063232422 -0.0123195648193359 0.00917816162109375 -0.0490798950195312
-0.0346336364746094 0.00350570678710938 0.0256576538085937 -0.08349609375
-0.0365409851074219 0.036163330078125 0.006072998046875 -0.126869201660156
-0.0209388732910156 0.0425682067871094 -0.0293121337890625 -0.151199340820313
-0.0128173828125 0.0456047058105469 -0.040191650390625 -0.145599365234375
-0.0200424194335938 0.0554084777832031 -0.0228271484375 -0.140640258789062
-0.0337753295898438 0.0421066284179688 0.017486572265625 -0.122520446777344
-0.0435714721679688 0.0174636840820313 0.0290298461914063 -0.0810165405273438
-0.0408401489257813 0.00600051879882813 0.0270957946777344 -0.0376625061035156
-0.0341587066650391 -0.0141525268554687 -0.00349998474121094 -0.0105695724487305
-0.0435371398925781 -0.0204010009765625 -0.0876312255859375 -0.00281524658203125
-0.0598182678222656 -0.0197906494140625 -0.1158447265625 -0.039337158203125
-0.0194206237792969 -0.0420875549316406 0.14666748046875 0.0233154296875
-0.0332527160644531 -0.04083251953125 0.106315612792969 0.00116729736328125
-0.0482444763183594 -0.0120925903320312 0.0109920501708984 -0.0116214752197266
-0.0356330871582031 0.0202293395996094 -0.0376358032226563 0.0355300903320312
-0.0145549774169922 0.0221652984619141 -0.0477218627929688 0.0764083862304688
0.00238418579101562 0.0195102691650391 -0.0207366943359375 0.13787841796875
0.0128669738769531 0.0236339569091797 0.0283966064453125 0.16656494140625
0.00720787048339844 0.0218296051025391 0.05133056640625 0.158462524414063
0.0164108276367188 0.0190448760986328 0.040252685546875 0.1531982421875
0.0144233703613281 0.0312004089355469 0.004547119140625 0.135284423828125
7.62939453125215E-06 0.0402793884277344 -0.00553894042968749 0.084014892578125
-0.0192489624023438 0.0427360534667969 0.0128822326660156 0.0422439575195313
-0.0510177612304687 0.0143470764160156 0.0669631958007813 0.0348777770996094
-0.0442657470703125 -0.0112380981445313 0.161331176757813 0.0748443603515625
-0.0244598388671875 -0.011871337890625 0.185333251953125 0.188629150390625
-0.0919418334960937 -0.0902481079101563 0.129432678222656 0.0226211547851562
-0.105567932128906 -0.0782241821289062 0.0976638793945313 0.00411987304687499
-0.118019104003906 -0.033203125 0.0229454040527344 -0.0126743316650391
-0.106719970703125 0.0262298583984375 -0.0306148529052735 0.0241622924804687
-0.0702781677246094 0.0520248413085938 -0.0450973510742188 0.0563163757324219
-0.0316238403320313 0.0839691162109375 -0.02496337890625 0.125076293945313
0.00440216064453124 0.0878524780273438 0.0207672119140625 0.14923095703125
0.00211334228515625 0.0848312377929688 0.0436172485351562 0.1397705078125
0.0125732421875 0.0882949829101563 0.0369644165039063 0.134124755859375
-0.00527191162109374 0.0953598022460938 0.00853729248046876 0.120429992675781
-0.038482666015625 0.0856094360351563 2.28881835937526E-05 0.0716934204101563
-0.0695648193359375 0.0775604248046875 0.0186977386474609 0.0301570892333984
-0.113189697265625 0.019073486328125 0.0799102783203125 0.0199356079101563
-0.122207641601562 -0.031219482421875 0.162429809570312 0.0633544921875
-0.103302001953125 -0.0445556640625 0.176193237304688 0.180404663085938
-0.153167724609375 -0.127212524414063 0.0908966064453125 -0.00167846679687501
-0.164871215820313 -0.1077880859375 0.0720672607421875 -0.000320434570312507
-0.177139282226562 -0.058013916015625 0.0276718139648437 -0.0121231079101563
-0.169174194335938 0.027374267578125 -0.0144977569580078 0.0124788284301758
-0.121055603027344 0.0803375244140625 -0.027557373046875 0.0318489074707031
-0.0609207153320312 0.130599975585938 -0.0188751220703125 0.0876617431640625
-0.00418090820312499 0.142807006835938 0.010589599609375 0.111091613769531
0.000274658203125003 0.136848449707031 0.0293655395507812 0.103729248046875
0.00788879394531249 0.14404296875 0.0250167846679687 0.097381591796875
-0.015960693359375 0.148193359375 0.00689697265625001 0.0882720947265625
-0.0653915405273438 0.130455017089844 0.00238800048828125 0.0447044372558594
-0.10784912109375 0.113937377929688 0.0204219818115234 0.0154247283935547
-0.162948608398437 0.02655029296875 0.0815582275390625 0.0030059814453125
-0.18157958984375 -0.043182373046875 0.13677978515625 0.0585403442382812
-0.169326782226563 -0.06964111328125 0.141677856445313 0.155197143554688
-0.190383911132813 -0.14306640625 0.0363616943359375 -0.032745361328125
-0.203933715820313 -0.118087768554688 0.0308799743652344 -0.0144329071044922
-0.2080078125 -0.06353759765625 0.0292415618896484 -0.00944900512695313
-0.203292846679688 0.0304412841796875 0.0015127658843994 -0.00248050689697265
-0.151412963867188 0.092742919921875 -0.00718736648559571 0.000748157501220709
-0.082305908203125 0.16259765625 -0.00902938842773438 0.0406532287597656
-0.012420654296875 0.1739501953125 0.002777099609375 0.0511856079101563
-0.00727844238281252 0.166091918945313 0.0114364624023438 0.0461006164550781
0.00329589843749999 0.181671142578125 0.00833511352539063 0.0457229614257813
-0.02777099609375 0.184036254882813 0.00426864624023437 0.0426673889160156
-0.0873565673828125 0.15533447265625 0.00240135192871093 0.0129795074462891
-0.134857177734375 0.1322021484375 0.0214042663574219 -0.000699996948242179
-0.19232177734375 0.0302886962890625 0.0694351196289062 -0.00569534301757812
-0.2176513671875 -0.05035400390625 0.0936813354492187 0.0501556396484375
-0.208984375 -0.0836944580078125 0.0849227905273437 0.123512268066406
-0.201614379882813 -0.135269165039063 -0.0273284912109375 -0.07080078125
-0.2113037109375 -0.106201171875 -0.0198554992675781 -0.0291519165039063
-0.206222534179687 -0.0534515380859375 0.0177745819091797 -0.0116729736328125
-0.202377319335938 0.0330352783203125 0.0154762268066406 -0.0180702209472656
-0.151504516601563 0.097930908203125 0.0100860595703125 -0.0328102111816406
-0.08563232421875 0.168655395507813 0.00214099884033203 -0.0153369903564453
-0.0171051025390625 0.178268432617188 -0.009979248046875 -0.0145835876464844
-0.0102386474609375 0.173095703125 -0.00992965698242188 -0.0139436721801758
-0.00375366210937502 0.19073486328125 -0.0100135803222656 -0.0116043090820312
-0.039093017578125 0.188751220703125 -0.00346946716308594 -0.0104198455810547
-0.099822998046875 0.155731201171875 0.00102043151855468 -0.0218429565429687
-0.144638061523437 0.126510620117188 0.0191841125488281 -0.0193538665771484
-0.194671630859375 0.02252197265625 0.0510940551757812 -0.0095977783203125
-0.220138549804688 -0.056427001953125 0.0398139953613281 0.0443534851074219
-0.214630126953125 -0.08587646484375 0.02032470703125 0.0847396850585938
-0.180419921875 -0.105575561523437 -0.0930862426757813 -0.107254028320312
-0.18035888671875 -0.0752716064453125 -0.0708999633789063 -0.047271728515625
-0.16839599609375 -0.034271240234375 -0.00045013427734376 -0.0150089263916016
-0.161712646484375 0.0294952392578125 0.0197563171386719 -0.0359306335449219
-0.129104614257813 0.0799331665039062 0.0219459533691406 -0.0644950866699219
-0.07635498046875 0.146820068359375 0.00419235229492188 -0.0694541931152344
-0.018890380859375 0.155105590820313 -0.019927978515625 -0.07830810546875
-0.0119476318359375 0.151702880859375 -0.02642822265625 -0.0726242065429688
-0.009796142578125 0.1705322265625 -0.0248527526855469 -0.0673027038574219
-0.0457000732421875 0.163589477539062 -0.00516510009765626 -0.0602378845214844
-0.0996932983398438 0.126235961914063 0.00577545166015624 -0.0558586120605469
-0.133201599121094 0.0967636108398438 0.0204868316650391 -0.0311126708984375
-0.165634155273438 0.00312805175781249 0.0323162078857422 -0.0123176574707031
-0.185806274414063 -0.055938720703125 -0.0162200927734375 0.0349082946777344
-0.187225341796875 -0.0767974853515625 -0.0437202453613281 0.0406761169433594
-0.124481201171875 -0.0598983764648438 -0.146774291992187 -0.133346557617188
-0.118255615234375 -0.0416946411132813 -0.1104736328125 -0.0617294311523438
-0.101715087890625 -0.0189056396484375 -0.0219478607177734 -0.0173606872558594
-0.101394653320312 0.0142288208007812 0.0165824890136719 -0.04803466796875
-0.0842361450195313 0.0497665405273438 0.0256118774414063 -0.0841445922851563
-0.0562973022460938 0.101028442382813 0.00534820556640624 -0.110481262207031
-0.0199432373046875 0.109535217285156 -0.0310745239257813 -0.126731872558594
-0.0119552612304687 0.109153747558594 -0.0413284301757813 -0.121269226074219
-0.0154190063476562 0.12530517578125 -0.0338058471679688 -0.115577697753906
-0.044403076171875 0.114753723144531 -0.000602722167968754 -0.104896545410156
-0.080657958984375 0.0779953002929687 0.0122451782226562 -0.0782699584960938
-0.098907470703125 0.052978515625 0.02203369140625 -0.0397186279296875
-0.111221313476563 -0.0108642578125 0.0120010375976562 -0.0128793716430664
-0.1251220703125 -0.0474090576171875 -0.0620880126953125 0.0233802795410156
-0.134429931640625 -0.0561676025390625 -0.0947952270507813 -0.00164794921874999
-0.0515518188476563 -0.00916290283203126 -0.183914184570313 -0.150161743164063
-0.0373916625976563 -0.0125808715820312 -0.141433715820313 -0.0690460205078125
-0.0230789184570313 -0.0110816955566406 -0.0415611267089844 -0.0161514282226562
-0.0335731506347656 -0.0107212066650391 0.00714874267578125 -0.0518150329589844
-0.0399017333984375 0.00670623779296875 0.022430419921875 -0.0920181274414062
-0.0342636108398438 0.042877197265625 -0.00234985351562501 -0.1358642578125
-0.0186386108398438 0.0479736328125 -0.04266357421875 -0.157745361328125
-0.00885391235351563 0.0509834289550781 -0.0509033203125 -0.149154663085938
-0.0154037475585938 0.0620803833007813 -0.0340576171875 -0.145034790039063
-0.0312728881835938 0.0493927001953125 0.00935363769531249 -0.129203796386719
-0.0443687438964844 0.0224342346191406 0.0257568359375 -0.0867691040039063
-0.0434761047363281 0.008636474609375 0.0265274047851563 -0.0428352355957031
-0.0394630432128906 -0.0110282897949219 -0.00698089599609375 -0.00964736938476563
-0.0502471923828125 -0.018646240234375 -0.0921478271484375 0.0028533935546875
-0.0647010803222656 -0.0174179077148437 -0.125892639160156 -0.0330581665039063
-0.01959228515625 -0.0416374206542969 0.1531982421875 0.0136566162109375
-0.03472900390625 -0.0401573181152344 0.110702514648437 -0.0072021484375
-0.0508270263671875 -0.0102462768554688 0.00954151153564453 -0.0139026641845703
-0.0339775085449219 0.0211868286132813 -0.0351409912109375 0.0387725830078125
-0.0144138336181641 0.022216796875 -0.0419845581054687 0.0817489624023438
0.00157737731933594 0.0185146331787109 -0.0106201171875 0.142684936523438
0.0125389099121094 0.0222854614257813 0.042205810546875 0.166671752929688
0.00843048095703125 0.0210762023925781 0.06341552734375 0.156784057617188
0.0156087875366211 0.0173330307006836 0.050506591796875 0.154022216796875
0.0143718719482422 0.0287914276123047 0.0121994018554688 0.139137268066406
0.002655029296875 0.0413322448730469 0.000679016113281257 0.0872650146484375
-0.0178985595703125 0.0436592102050781 0.0152053833007812 0.0412216186523438
-0.0483474731445313 0.0189323425292969 0.0698127746582031 0.0319786071777344
-0.0450515747070313 -0.00758361816406251 0.169021606445313 0.06292724609375
-0.0245857238769531 -0.00872802734375 0.200897216796875 0.18017578125
-0.0977096557617188 -0.0842514038085937 0.136695861816406 0.0134124755859375
-0.1103515625 -0.0726776123046875 0.101097106933594 -0.00154876708984375
-0.122482299804687 -0.0318756103515625 0.0225639343261719 -0.0155754089355469
-0.106697082519531 0.031646728515625 -0.0270938873291016 0.0267753601074219
-0.0696487426757813 0.05963134765625 -0.0412521362304688 0.0628738403320313
-0.027191162109375 0.0837249755859375 -0.0139846801757813 0.128440856933594
0.00917816162109374 0.089691162109375 0.0323638916015625 0.15106201171875
0.00821685791015626 0.0855026245117187 0.055572509765625 0.139022827148438
0.0170822143554688 0.0876388549804688 0.0466766357421875 0.134773254394531
0.0025482177734375 0.0958480834960938 0.016357421875 0.123214721679688
-0.0323486328125 0.0922164916992188 0.00655364990234375 0.072479248046875
-0.0648269653320312 0.0848922729492188 0.0206184387207031 0.0293502807617188
-0.113861083984375 0.0281448364257813 0.0796890258789062 0.0153961181640625
-0.124603271484375 -0.0243911743164062 0.168289184570312 0.055328369140625
-0.107009887695312 -0.037353515625 0.190475463867188 0.171646118164063
-0.161972045898437 -0.1214599609375 0.096466064453125 -0.00671386718750001
-0.174072265625 -0.100692749023438 0.0740127563476562 -0.00387573242187501
-0.183517456054687 -0.05059814453125 0.0298404693603515 -0.0148143768310547
-0.171188354492188 0.0394287109375 -0.0119028091430664 0.0140790939331055
-0.119590759277344 0.0880126953125 -0.0268993377685547 0.0346603393554688
-0.0545883178710938 0.138771057128906 -0.00992584228515625 0.0929336547851563
0.00508117675781251 0.145034790039063 0.0201492309570313 0.109893798828125
0.00772857666015625 0.138618469238281 0.0380477905273438 0.100128173828125
0.0186309814453125 0.146331787109375 0.0330123901367187 0.0992279052734375
-0.00650024414062501 0.153976440429688 0.0143356323242188 0.0901641845703125
-0.0591888427734375 0.138679504394531 0.00588226318359374 0.0464439392089844
-0.10369873046875 0.123527526855469 0.0235404968261719 0.0148983001708984
-0.165679931640625 0.0379180908203125 0.0794525146484375 0.00112152099609375
-0.189926147460938 -0.032012939453125 0.142196655273438 0.04998779296875
-0.177154541015625 -0.060211181640625 0.153533935546875 0.150344848632813
-0.20465087890625 -0.135284423828125 0.0390663146972656 -0.0343742370605469
-0.216110229492188 -0.10797119140625 0.0323486328125 -0.0131893157958984
-0.218017578125 -0.05364990234375 0.0291595458984375 -0.0133037567138672
-0.207077026367187 0.044830322265625 0.00441503524780272 -0.0010228157043457
-0.148956298828125 0.106979370117187 -0.00764131546020509 0.000812053680419928
-0.0734405517578125 0.172592163085938 -0.00302886962890626 0.0414276123046875
-0.00122070312499999 0.177932739257813 0.00597763061523437 0.0520706176757813
0.00531005859375001 0.17083740234375 0.015777587890625 0.0461883544921875
0.016845703125 0.184295654296875 0.0131072998046875 0.0470390319824219
-0.0150299072265625 0.189651489257813 0.00688171386718749 0.0438079833984375
-0.0789794921875 0.166000366210938 0.0046091079711914 0.0134363174438477
-0.12890625 0.144668579101563 0.0226764678955078 -0.00152587890624999
-0.197219848632813 0.0426483154296875 0.0680580139160156 -0.00894546508789062
-0.227554321289063 -0.0361175537109375 0.098419189453125 0.044525146484375
-0.217315673828125 -0.07073974609375 0.094085693359375 0.1212158203125
-0.214263916015625 -0.126052856445313 -0.0307350158691406 -0.0694236755371094
-0.223724365234375 -0.0943603515625 -0.0201206207275391 -0.0268192291259766
-0.217269897460938 -0.0422210693359375 0.0196800231933594 -0.0126094818115234
-0.204757690429688 0.0485687255859375 0.0165367126464844 -0.0184001922607422
-0.149978637695313 0.10833740234375 0.0105972290039062 -0.0358619689941406
-0.0777587890625 0.17889404296875 0.00179862976074218 -0.0181751251220703
-0.00671386718749999 0.183685302734375 -0.00859260559082031 -0.0140914916992187
0.00233459472656249 0.177291870117188 -0.0091257095336914 -0.0136070251464844
0.0115814208984375 0.194305419921875 -0.00966644287109375 -0.010385513305664
-0.0249481201171875 0.196640014648438 -0.00315284729003907 -0.00994873046874999
-0.09222412109375 0.165634155273438 0.00175285339355468 -0.0223541259765625
-0.139801025390625 0.139778137207031 0.0199165344238281 -0.0186367034912109
-0.200729370117188 0.0334320068359375 0.0496940612792969 -0.0133705139160156
-0.229644775390625 -0.042266845703125 0.0424461364746094 0.0436592102050781
-0.225692749023438 -0.0741119384765625 0.0253982543945312 0.085357666015625
-0.190719604492188 -0.09539794921875 -0.100807189941406 -0.101234436035156
-0.191024780273437 -0.0658416748046875 -0.0728912353515625 -0.0410079956054688
-0.176239013671875 -0.0257415771484375 0.00118160247802733 -0.0146465301513672
-0.167221069335937 0.041961669921875 0.0201339721679687 -0.0370292663574219
-0.12603759765625 0.0923995971679688 0.0201835632324219 -0.0691337585449219
-0.0670318603515625 0.156661987304688 0.00187683105468749 -0.0729293823242187
-0.00895690917968749 0.161407470703125 -0.0247268676757813 -0.0780181884765625
-0.000671386718749998 0.156524658203125 -0.0322418212890625 -0.0725250244140625
0.00289916992187498 0.174118041992188 -0.0277099609375 -0.0671157836914062
-0.0340576171875 0.171722412109375 -0.00979232788085938 -0.0628089904785156
-0.0934906005859375 0.137069702148438 0.00129318237304687 -0.0561141967773437
-0.129859924316406 0.109306335449219 0.0191440582275391 -0.0331535339355469
-0.172149658203125 0.01324462890625 0.0280189514160156 -0.0129070281982422
-0.19549560546875 -0.0460205078125 -0.0147018432617188 0.0381507873535156
-0.197052001953125 -0.068328857421875 -0.0431938171386719 0.0445632934570312
-0.1339111328125 -0.0534286499023437 -0.1572265625 -0.126190185546875
-0.126678466796875 -0.0347442626953125 -0.116806030273438 -0.0527267456054687
-0.107803344726563 -0.013580322265625 -0.0212650299072266 -0.0152168273925781
-0.104598999023437 0.0235137939453125 0.014892578125 -0.0499191284179688
-0.0843963623046875 0.05767822265625 0.0205459594726562 -0.0895919799804688
-0.0509262084960937 0.10943603515625 -0.0032196044921875 -0.115013122558594
-0.0110931396484375 0.114585876464844 -0.0407028198242188 -0.12689208984375
-0.0027313232421875 0.111412048339844 -0.0502471923828125 -0.11920166015625
-0.00520324707031249 0.129173278808594 -0.04058837890625 -0.115242004394531
-0.0365676879882812 0.120506286621094 -0.00866699218749999 -0.105293273925781
-0.07891845703125 0.0867919921875 0.00888824462890624 -0.08050537109375
-0.0968246459960938 0.061981201171875 0.0196571350097656 -0.0416946411132812
-0.116691589355469 -0.00549316406250002 0.00870513916015624 -0.0121936798095703
-0.133201599121094 -0.0391998291015625 -0.0624771118164063 0.0272216796875
-0.14105224609375 -0.048095703125 -0.096649169921875 0.00600433349609374
-0.0558624267578125 -0.00755691528320313 -0.194656372070313 -0.140365600585937
-0.0404472351074219 -0.0105133056640625 -0.146148681640625 -0.05859375
-0.0269832611083984 -0.0112266540527344 -0.0432319641113281 -0.0122833251953125
-0.0364952087402344 -0.00679016113281249 0.00452804565429688 -0.053497314453125
-0.0401458740234375 0.0119361877441406 0.0166854858398437 -0.0952377319335938
-0.0317192077636719 0.0476455688476562 -0.0114212036132812 -0.138008117675781
-0.0150070190429688 0.051116943359375 -0.0524139404296875 -0.157318115234375
-0.00555038452148437 0.05126953125 -0.0611724853515625 -0.149505615234375
-0.00933074951171875 0.0636825561523437 -0.0426177978515625 -0.14556884765625
-0.0273551940917969 0.0532188415527344 -0.000190734863281258 -0.132698059082031
-0.0443115234375 0.0273056030273437 0.0197372436523438 -0.09130859375
-0.0427284240722656 0.0148811340332031 0.0240554809570313 -0.0434226989746094
-0.0415382385253906 -0.00896072387695313 -0.00855636596679688 -0.00940227508544922
-0.0551223754882813 -0.0147056579589844 -0.0955810546875 0.011444091796875
-0.0686492919921875 -0.0144119262695313 -0.132949829101563 -0.0269012451171875
-0.0194129943847656 -0.0405921936035156 0.15618896484375 0.006683349609375
-0.0351600646972656 -0.0400390625 0.111793518066406 -0.0130462646484375
-0.0505905151367188 -0.0103187561035156 0.0101356506347656 -0.0144138336181641
-0.0334033966064453 0.0200824737548828 -0.031768798828125 0.0388336181640625
-0.0142745971679688 0.0214462280273437 -0.0377349853515625 0.0833816528320312
0.00145530700683594 0.0181598663330078 -0.0030059814453125 0.143478393554688
0.0119838714599609 0.0204353332519531 0.0498809814453125 0.165176391601563
0.00887107849121094 0.0198383331298828 0.0700836181640625 0.153839111328125
0.0156326293945313 0.015650749206543 0.0586090087890625 0.152725219726563
0.0163364410400391 0.0276126861572266 0.019073486328125 0.140426635742187
0.00590896606445313 0.0399703979492188 0.00394439697265625 0.0891265869140625
-0.0151252746582031 0.0443115234375 0.0163230895996094 0.0427093505859375
-0.0477180480957031 0.0215301513671875 0.0703811645507813 0.0294418334960938
-0.0441017150878906 -0.00553894042968749 0.171096801757812 0.05523681640625
-0.0228862762451172 -0.00737953186035157 0.207962036132813 0.172073364257813
-0.100311279296875 -0.0822601318359375 0.140205383300781 0.00778961181640625
-0.112106323242187 -0.0696182250976563 0.104469299316406 -0.00592803955078125
-0.124252319335937 -0.0287246704101563 0.0232200622558594 -0.0160579681396484
-0.106597900390625 0.0345458984375 -0.02362060546875 0.0278663635253906
-0.0688667297363281 0.0608901977539062 -0.0368728637695312 0.0633583068847656
-0.0251388549804688 0.085235595703125 -0.00768280029296875 0.128746032714844
0.0119552612304688 0.08917236328125 0.04071044921875 0.149795532226563
0.0121612548828125 0.0852890014648437 0.0618820190429687 0.137001037597656
0.020233154296875 0.086883544921875 0.054412841796875 0.134597778320313
0.00684356689453125 0.0951385498046875 0.02239990234375 0.124267578125
-0.0276565551757813 0.0938720703125 0.00893402099609376 0.0735397338867188
-0.0608596801757813 0.0875015258789063 0.0216484069824219 0.0301704406738281
-0.113006591796875 0.032562255859375 0.0790863037109375 0.0134658813476563
-0.1268310546875 -0.017578125 0.1705322265625 0.048126220703125
-0.10809326171875 -0.032379150390625 0.19769287109375 0.164398193359375
-0.167465209960938 -0.116607666015625 0.0998687744140625 -0.00924682617187501
-0.178192138671875 -0.0937347412109375 0.0779800415039062 -0.00634765625000001
-0.187637329101563 -0.0457000732421875 0.0309791564941406 -0.0158119201660156
-0.171188354492188 0.04486083984375 -0.00893306732177735 0.0148382186889648
-0.1173095703125 0.0939559936523438 -0.0231132507324219 0.0356788635253906
-0.04986572265625 0.141067504882812 -0.00406646728515626 0.0914764404296875
0.00978088378906249 0.14581298828125 0.0272750854492188 0.109153747558594
0.0142440795898438 0.138427734375 0.0434341430664063 0.0994415283203125
0.02508544921875 0.146148681640625 0.0393218994140625 0.0985336303710938
0.00091552734375001 0.153823852539063 0.0187759399414063 0.091583251953125
-0.0528411865234375 0.142623901367188 0.00986099243164062 0.0475234985351563
-0.0987548828125 0.128608703613281 0.0238990783691406 0.0152950286865234
-0.166473388671875 0.0448455810546875 0.0777816772460937 -0.0016021728515625
-0.194076538085938 -0.0236358642578125 0.14434814453125 0.0435333251953125
-0.178970336914063 -0.05224609375 0.159774780273438 0.146102905273438
-0.210464477539063 -0.128280639648437 0.0414695739746094 -0.0349235534667969
-0.22039794921875 -0.0986328124999999 0.0347709655761719 -0.0128650665283203
-0.22406005859375 -0.0468902587890625 0.030853271484375 -0.0141468048095703
-0.2066650390625 0.0537261962890625 0.0068073272705078 -0.00081682205200195
-0.145904541015625 0.114608764648437 -0.00538349151611329 0.000692367553710943
-0.0665283203125 0.176666259765625 0.000926971435546871 0.0406570434570313
0.00637817382812501 0.180007934570313 0.0108833312988281 0.0516510009765625
0.0138702392578125 0.171096801757813 0.0193099975585937 0.0466766357421875
0.0261993408203125 0.184234619140625 0.0172462463378906 0.0479011535644531
-0.0054473876953125 0.191390991210938 0.00990676879882813 0.044921875
-0.07269287109375 0.172012329101563 0.00665950775146484 0.0140495300292969
-0.123870849609375 0.151321411132813 0.0233516693115234 -0.00129318237304687
-0.197967529296875 0.050079345703125 0.0658645629882812 -0.0101585388183594
-0.231964111328125 -0.0266265869140625 0.10064697265625 0.0414276123046875
-0.221038818359375 -0.06243896484375 0.100074768066406 0.11932373046875
-0.221710205078125 -0.1181640625 -0.0298385620117188 -0.0669097900390625
-0.229339599609375 -0.08306884765625 -0.0186920166015625 -0.0235862731933594
-0.223052978515625 -0.035003662109375 0.0212478637695312 -0.0132541656494141
-0.206253051757813 0.0592193603515625 0.0183219909667969 -0.0184040069580078
-0.1473388671875 0.118072509765625 0.0105209350585937 -0.0376968383789063
-0.0696258544921875 0.184097290039063 0.00335502624511718 -0.0190849304199219
0.00288391113281251 0.186538696289063 -0.0076608657836914 -0.0136699676513672
0.0115203857421875 0.178314208984375 -0.00772571563720703 -0.0130386352539062
0.0212554931640625 0.194610595703125 -0.00824546813964843 -0.00912380218505858
-0.015106201171875 0.199447631835938 -0.00278711318969727 -0.00871229171752928
-0.0851898193359375 0.173294067382813 0.00153732299804687 -0.0228118896484375
-0.134140014648437 0.148040771484375 0.0203285217285156 -0.0192127227783203
-0.202423095703125 0.0424652099609375 0.0474205017089844 -0.013336181640625
-0.23504638671875 -0.031951904296875 0.0436630249023437 0.0423126220703125
-0.229568481445313 -0.0661773681640625 0.0291595458984375 0.0856857299804688
-0.197372436523437 -0.0900115966796875 -0.100822448730469 -0.0963516235351563
-0.196884155273437 -0.0575714111328125 -0.0734024047851563 -0.0350341796875
-0.182113647460938 -0.019439697265625 0.00220298767089843 -0.0137100219726563
-0.168075561523438 0.0513153076171875 0.02093505859375 -0.0373191833496094
-0.123138427734375 0.100250244140625 0.0186614990234375 -0.0704879760742187
-0.0602264404296875 0.161865234375 0.000175476074218742 -0.074951171875
-0.000839233398437482 0.164077758789063 -0.0272445678710937 -0.0769577026367187
0.00793457031250001 0.157730102539063 -0.0335464477539062 -0.0705718994140625
0.0130767822265625 0.176010131835938 -0.030059814453125 -0.0657234191894531
-0.0248870849609375 0.175384521484375 -0.0119857788085938 -0.0612945556640625
-0.08795166015625 0.1441650390625 0.000354766845703115 -0.0568923950195312
-0.126388549804688 0.116950988769531 0.0182952880859375 -0.0341358184814453
-0.17559814453125 0.0205230712890625 0.0264244079589844 -0.013275146484375
-0.202102661132813 -0.037200927734375 -0.0135421752929688 0.0394630432128906
-0.201889038085938 -0.0611419677734375 -0.0410995483398438 0.0483016967773437
-0.139419555664063 -0.0498046875 -0.160369873046875 -0.119125366210937
-0.130447387695313 -0.0294647216796875 -0.118415832519531 -0.045623779296875
-0.111541748046875 -0.00959777832031251 -0.0203876495361328 -0.0140476226806641
-0.106903076171875 0.0294570922851562 0.0135917663574219 -0.0500946044921875
-0.08367919921875 0.0642013549804688 0.0176773071289063 -0.0911178588867187
-0.0445938110351563 0.114372253417969 -0.00746154785156251 -0.116676330566406
-0.00459289550781249 0.1173095703125 -0.045928955078125 -0.12677001953125
0.00300598144531251 0.114212036132812 -0.0542144775390625 -0.117843627929687
0.00339508056640625 0.130500793457031 -0.043975830078125 -0.1136474609375
-0.0294570922851562 0.124626159667969 -0.0130233764648437 -0.105186462402344
-0.0754318237304687 0.0924301147460938 0.00567626953125 -0.0810623168945313
-0.095428466796875 0.0671615600585938 0.0194435119628906 -0.0426902770996094
-0.11932373046875 -0.000106811523437511 0.00678348541259765 -0.0118265151977539
-0.139228820800781 -0.0334014892578125 -0.0617446899414063 0.0302658081054687
-0.145736694335938 -0.0433197021484375 -0.0986404418945313 0.0109329223632813
-0.0579833984375 -0.00677108764648438 -0.1993408203125 -0.132720947265625
-0.0434722900390625 -0.0089263916015625 -0.14813232421875 -0.0514373779296875
-0.0293846130371094 -0.0106849670410156 -0.0422782897949219 -0.010101318359375
-0.0392494201660156 -0.00377273559570312 0.00331497192382813 -0.0529136657714844
-0.0405807495117188 0.0158348083496094 0.01239013671875 -0.0975189208984375
-0.02783203125 0.05010986328125 -0.0177230834960937 -0.139755249023438
-0.0103683471679687 0.0528793334960937 -0.0606231689453125 -0.155960083007813
-0.00186920166015625 0.0529975891113281 -0.0673370361328125 -0.146926879882812
-0.00498580932617187 0.0650100708007813 -0.048370361328125 -0.143951416015625
-0.0235137939453125 0.0556793212890625 -0.00666046142578125 -0.132720947265625
-0.0427742004394531 0.0312080383300781 0.0157012939453125 -0.0916976928710937
-0.0418472290039062 0.0187950134277344 0.0221099853515625 -0.0445060729980469
-0.0442886352539063 -0.00577163696289063 -0.0102558135986328 -0.00893974304199219
-0.0588188171386719 -0.01116943359375 -0.0963897705078125 0.0161361694335938
-0.0713577270507813 -0.0116348266601562 -0.135528564453125 -0.0206069946289062
-0.0185966491699219 -0.0410194396972656 0.159866333007813 0.0035247802734375
-0.0352859497070312 -0.04119873046875 0.11480712890625 -0.0164108276367188
-0.05108642578125 -0.0114860534667969 0.0112323760986328 -0.0153169631958008
-0.0336513519287109 0.0187034606933594 -0.02978515625 0.0391654968261719
-0.0151538848876953 0.0203323364257813 -0.03533935546875 0.0845413208007813
0.000251770019531249 0.0178604125976563 0.00103759765625 0.144927978515625
0.0107364654541016 0.0200099945068359 0.0549468994140625 0.165756225585938
0.00815582275390625 0.0187530517578125 0.074005126953125 0.154403686523438
0.0147914886474609 0.0144519805908203 0.062744140625 0.154296875
0.0167770385742188 0.0259723663330078 0.0225677490234375 0.143203735351563
0.0074462890625 0.0394706726074219 0.00587463378906251 0.0911865234375
-0.0137405395507812 0.0443229675292969 0.0159988403320312 0.0434761047363281
-0.0465888977050781 0.0226020812988281 0.0705718994140625 0.0293731689453125
-0.0433998107910156 -0.00337982177734374 0.173049926757813 0.0518646240234375
-0.0208148956298828 -0.00625038146972657 0.212493896484375 0.1705322265625
-0.101776123046875 -0.0810699462890625 0.145462036132812 0.00599670410156249
-0.113334655761719 -0.0689849853515625 0.1077880859375 -0.00769805908203126
-0.127189636230469 -0.029205322265625 0.0245819091796875 -0.0176048278808594
-0.107704162597656 0.0353622436523437 -0.0211238861083984 0.0276679992675781
-0.06976318359375 0.0625 -0.034698486328125 0.0643234252929688
-0.0251922607421875 0.0864791870117188 -0.00247955322265624 0.129066467285156
0.0130996704101563 0.090240478515625 0.045928955078125 0.14996337890625
0.0131912231445313 0.085174560546875 0.0663604736328125 0.137985229492188
0.0213623046875 0.0870285034179688 0.0589141845703125 0.135871887207031
0.00867462158203124 0.0955810546875 0.02655029296875 0.126777648925781
-0.0254898071289062 0.0958404541015625 0.011199951171875 0.07525634765625
-0.0597991943359375 0.0900726318359375 0.0219650268554687 0.031890869140625
-0.1138916015625 0.035003662109375 0.0783462524414062 0.0129928588867188
-0.127784729003906 -0.0150909423828125 0.17254638671875 0.0438995361328125
-0.10870361328125 -0.0309066772460938 0.202911376953125 0.163681030273438
-0.172149658203125 -0.115310668945312 0.104232788085937 -0.01043701171875
-0.180923461914063 -0.0927886962890625 0.0818099975585937 -0.00721740722656251
-0.192550659179688 -0.0442962646484375 0.0331859588623047 -0.0168685913085938
-0.172683715820313 0.0476837158203125 -0.00637054443359376 0.0153026580810547
-0.117965698242188 0.0973358154296875 -0.0212001800537109 0.0349712371826172
-0.0487823486328125 0.144485473632813 3.05175781250007E-05 0.0910491943359375
0.01324462890625 0.148178100585938 0.03192138671875 0.109512329101563
0.0179977416992187 0.140266418457031 0.047576904296875 0.0998306274414063
0.0288238525390625 0.147598266601563 0.0443878173828125 0.0998077392578125
0.00482177734374999 0.156417846679687 0.0224838256835938 0.094329833984375
-0.04998779296875 0.146224975585938 0.0110206604003906 0.0489311218261719
-0.0973129272460937 0.133163452148438 0.0246353149414062 0.0162773132324219
-0.169784545898438 0.0491943359375 0.0771255493164063 -0.000747680664062497
-0.19757080078125 -0.0193328857421875 0.146072387695312 0.0413818359375
-0.181015014648438 -0.0499267578125 0.164794921875 0.146392822265625
-0.216461181640625 -0.126754760742188 0.0452194213867187 -0.0355224609375
-0.224822998046875 -0.095611572265625 0.038665771484375 -0.0117912292480469
-0.229888916015625 -0.0449066162109375 0.0331058502197265 -0.0143604278564453
-0.209869384765625 0.058837890625 0.00959110260009764 -0.000129699707031246
-0.14666748046875 0.119949340820312 -0.00420403480529786 2.47955322265697E-05
-0.063995361328125 0.180999755859375 0.00371170043945312 0.0390472412109375
0.0105133056640625 0.1837158203125 0.0139350891113281 0.0517578125
0.0188446044921875 0.173370361328125 0.0220909118652344 0.0472679138183594
0.0309600830078125 0.186248779296875 0.0208015441894531 0.0489654541015625
-0.000289916992187498 0.1944580078125 0.0125083923339844 0.0463066101074219
-0.0700531005859375 0.177642822265625 0.00806903839111328 0.0148954391479492
-0.122299194335938 0.157394409179687 0.0242652893066406 -0.00143432617187499
-0.202072143554688 0.0550079345703125 0.0650672912597656 -0.00973892211914062
-0.237548828125 -0.022003173828125 0.101898193359375 0.0405349731445313
-0.224456787109375 -0.0595245361328125 0.103996276855469 0.120101928710937
-0.229660034179688 -0.116912841796875 -0.0274925231933594 -0.0661735534667969
-0.234344482421875 -0.0803070068359375 -0.0160789489746094 -0.0207843780517578
-0.2298583984375 -0.0325164794921875 0.0225696563720703 -0.0134220123291016
-0.20947265625 0.0648956298828125 0.0210227966308594 -0.0183639526367188
-0.147796630859375 0.124343872070312 0.0111312866210937 -0.0383758544921875
-0.065948486328125 0.188735961914063 0.00419998168945312 -0.0215244293212891
0.00833129882812499 0.1904296875 -0.00656318664550781 -0.0143880844116211
0.0169525146484375 0.181198120117187 -0.00655174255371094 -0.0121870040893555
0.0276947021484375 0.19805908203125 -0.00605154037475586 -0.00876569747924803
-0.00885009765625 0.203414916992188 -0.00198888778686524 -0.00778150558471678
-0.0822296142578125 0.179840087890625 0.00263404846191406 -0.0230255126953125
-0.13299560546875 0.154373168945312 0.0208702087402344 -0.0191974639892578
-0.206939697265625 0.0473480224609375 0.0459938049316406 -0.0128669738769531
-0.241744995117188 -0.0267791748046875 0.0449790954589844 0.0426445007324219
-0.233810424804688 -0.0629119873046875 0.0313339233398437 0.0880050659179687
-0.203659057617188 -0.0883636474609375 -0.100257873535156 -0.0953369140625
-0.20245361328125 -0.05364990234375 -0.0718841552734375 -0.0315704345703125
-0.188995361328125 -0.0168304443359375 0.00351428985595702 -0.0137615203857422
-0.171142578125 0.0575103759765625 0.0218849182128906 -0.0368919372558594
-0.123428344726563 0.107276916503906 0.0178375244140625 -0.0723648071289063
-0.0564117431640625 0.166915893554688 -0.000167846679687504 -0.0769119262695312
0.00494384765624999 0.167984008789062 -0.027862548828125 -0.0777740478515625
0.013458251953125 0.160430908203125 -0.03350830078125 -0.0704269409179687
0.01922607421875 0.178695678710938 -0.0290908813476562 -0.0662269592285156
-0.0193328857421875 0.179443359375 -0.0124359130859375 -0.0610466003417969
-0.0863189697265625 0.15032958984375 0.00131988525390624 -0.0570564270019531
-0.125358581542969 0.122459411621094 0.0190353393554687 -0.0343341827392578
-0.180099487304688 0.02490234375 0.0247230529785156 -0.0122795104980469
-0.20855712890625 -0.0329437255859375 -0.0127754211425781 0.0417900085449219
-0.206893920898437 -0.0583343505859375 -0.0410423278808594 0.0507583618164063
-0.144668579101563 -0.048583984375 -0.161209106445312 -0.117782592773438
-0.134429931640625 -0.026763916015625 -0.11859130859375 -0.0415573120117188
-0.116874694824219 -0.00794982910156252 -0.0194988250732422 -0.0130672454833984
-0.110145568847656 0.0345916748046875 0.014678955078125 -0.0503311157226562
-0.0839691162109375 0.0693588256835938 0.0165252685546875 -0.0934524536132812
-0.0411834716796875 0.117965698242188 -0.0095977783203125 -0.11895751953125
0.000114440917968746 0.120475769042969 -0.0485000610351562 -0.127449035644531
0.00816345214843751 0.1160888671875 -0.0558853149414063 -0.117919921875
0.00860595703124998 0.132583618164063 -0.0455551147460938 -0.113945007324219
-0.0248184204101563 0.128250122070313 -0.014862060546875 -0.106063842773437
-0.0740737915039063 0.09759521484375 0.0051422119140625 -0.08245849609375
-0.094696044921875 0.0724258422851563 0.0198516845703125 -0.0437202453613281
-0.122856140136719 0.00305938720703126 0.00506210327148437 -0.0111427307128906
-0.1444091796875 -0.0298919677734375 -0.06256103515625 0.032623291015625
-0.150253295898437 -0.0418243408203125 -0.0996551513671875 0.013580322265625
-0.0614738464355469 -0.00729370117187501 -0.202301025390625 -0.1309814453125
-0.0463409423828125 -0.00897216796875 -0.149978637695313 -0.047637939453125
-0.0327377319335938 -0.0101966857910156 -0.0412864685058594 -0.00868988037109375
-0.0413818359375 -0.00125885009765624 0.00310516357421874 -0.0541610717773438
-0.041351318359375 0.0185623168945313 0.0106430053710938 -0.099853515625
-0.0254631042480469 0.0521316528320313 -0.021728515625 -0.1416015625
-0.00732803344726563 0.0560455322265625 -0.0647430419921875 -0.156661987304688
0.000926971435546878 0.0545539855957031 -0.0708160400390625 -0.147384643554688
-0.0011444091796875 0.0664558410644531 -0.0514373779296875 -0.144805908203125
-0.0201377868652344 0.0582313537597656 -0.00971984863281249 -0.134231567382813
-0.0426368713378906 0.034881591796875 0.0144805908203125 -0.0930023193359375
-0.0414962768554688 0.0218887329101562 0.0219573974609375 -0.0456199645996094
-0.0458297729492188 -0.00341033935546875 -0.0112648010253906 -0.00773048400878906
-0.0627403259277344 -0.00880813598632812 -0.097564697265625 0.0198135375976562
-0.0748825073242188 -0.01068115234375 -0.138984680175781 -0.0183258056640625
-0.0176010131835938 -0.0418357849121094 0.166412353515625 0.0012969970703125
-0.0355644226074219 -0.0433921813964844 0.1202392578125 -0.0199432373046875
-0.0524024963378906 -0.0126991271972656 0.0121660232543945 -0.0170106887817383
-0.0352134704589844 0.0176467895507813 -0.0293769836425781 0.0395736694335938
-0.0164108276367188 0.0198078155517578 -0.0343093872070313 0.0871963500976563
-0.001373291015625 0.0175542831420898 0.00566101074218749 0.14935302734375
0.00987815856933594 0.0204524993896484 0.0608367919921875 0.170364379882813
0.00705337524414063 0.0190486907958984 0.0802001953125 0.158782958984375
0.0140161514282227 0.0135421752929687 0.0685272216796875 0.16009521484375
0.0172405242919922 0.0254287719726563 0.0268707275390625 0.14990234375
0.00912857055664062 0.0398330688476563 0.00768280029296874 0.0960006713867188
-0.0126228332519531 0.0445823669433594 0.0169105529785156 0.0464439392089844
-0.04632568359375 0.0248069763183594 0.0730438232421875 0.02984619140625
-0.042755126953125 -0.002838134765625 0.17877197265625 0.0502166748046875
-0.0198688507080078 -0.00583076477050781 0.221084594726563 0.174911499023438
-0.105995178222656 -0.0828094482421875 0.152984619140625 0.00476074218749999
-0.11669921875 -0.071319580078125 0.114540100097656 -0.0104141235351563
-0.132789611816406 -0.0306167602539063 0.0268211364746094 -0.0190296173095703
-0.111907958984375 0.036590576171875 -0.0197925567626953 0.0282459259033203
-0.0731658935546875 0.0648345947265625 -0.0338516235351563 0.0658035278320313
-0.0259475708007813 0.0895843505859375 0.00119018554687501 0.131881713867188
0.0136184692382813 0.093505859375 0.051605224609375 0.15380859375
0.01495361328125 0.0880355834960938 0.072906494140625 0.141632080078125
0.0229263305664063 0.089263916015625 0.065765380859375 0.141006469726563
0.0104827880859375 0.0986785888671875 0.0311279296875 0.133384704589844
-0.0242843627929688 0.0990829467773437 0.01361083984375 0.0791549682617188
-0.059906005859375 0.0934829711914062 0.0236434936523437 0.034393310546875
-0.117713928222656 0.038299560546875 0.0807418823242187 0.0140151977539063
-0.132354736328125 -0.0129547119140625 0.177902221679688 0.0436553955078125
-0.111656188964844 -0.0303573608398438 0.21173095703125 0.168212890625
-0.179534912109375 -0.116607666015625 0.111297607421875 -0.0123672485351563
-0.188308715820312 -0.094146728515625 0.0877304077148437 -0.00765991210937501
-0.201828002929688 -0.04541015625 0.0358352661132812 -0.018798828125
-0.179306030273438 0.0516815185546875 -0.00376892089843751 0.0151071548461914
-0.12188720703125 0.103050231933594 -0.01947021484375 0.0360565185546875
-0.0485992431640625 0.15087890625 0.00339508056640624 0.0920791625976563
0.016204833984375 0.153472900390625 0.0363922119140625 0.112098693847656
0.02093505859375 0.144485473632812 0.0533370971679688 0.103118896484375
0.032470703125 0.151870727539063 0.0491256713867187 0.102996826171875
0.0084686279296875 0.161834716796875 0.026336669921875 0.0993118286132813
-0.0485382080078125 0.153350830078125 0.0136528015136719 0.0519218444824219
-0.0989303588867187 0.139244079589844 0.0268154144287109 0.018218994140625
-0.176498413085938 0.0538177490234375 0.07806396484375 0.000190734863281253
-0.205764770507813 -0.0165863037109375 0.15142822265625 0.041046142578125
-0.18695068359375 -0.049102783203125 0.172561645507813 0.150665283203125
-0.22808837890625 -0.1282958984375 0.0505828857421875 -0.0366859436035156
-0.233779907226562 -0.0959014892578125 0.0434188842773437 -0.0116043090820313
-0.242279052734375 -0.044586181640625 0.035797119140625 -0.0162773132324219
-0.217391967773438 0.0648345947265625 0.0128097534179687 -0.00011348724365234
-0.15093994140625 0.12774658203125 -0.00240397453308106 -0.000281572341918938
-0.063568115234375 0.189849853515625 0.00635528564453125 0.0380287170410156
0.0151824951171875 0.191146850585938 0.0172195434570313 0.0529289245605469
0.023345947265625 0.179733276367188 0.0263137817382813 0.0489883422851563
0.03704833984375 0.193405151367188 0.0248184204101563 0.05072021484375
0.00437927246093749 0.202621459960938 0.0159416198730469 0.0499534606933594
-0.0684356689453125 0.186874389648438 0.0106983184814453 0.0162649154663086
-0.124664306640625 0.166397094726563 0.0259227752685547 -0.000276565551757802
-0.212066650390625 0.0609588623046875 0.065704345703125 -0.00831222534179687
-0.24835205078125 -0.017242431640625 0.105972290039063 0.0413970947265625
-0.234222412109375 -0.0590667724609375 0.110092163085937 0.125205993652344
-0.241180419921875 -0.117630004882812 -0.0242042541503906 -0.0679893493652344
-0.244720458984375 -0.080078125 -0.012838363647461 -0.0200862884521484
-0.243331909179688 -0.0309600830078125 0.0248394012451172 -0.0140209197998047
-0.217681884765625 0.07275390625 0.024332046508789 -0.0186729431152344
-0.152053833007813 0.1341552734375 0.0123825073242187 -0.040863037109375
-0.0648956298828125 0.197830200195313 0.00568580627441406 -0.0243892669677734
0.0134735107421875 0.198257446289063 -0.00576114654541015 -0.0157451629638672
0.022613525390625 0.187759399414063 -0.00526142120361328 -0.0126714706420898
0.0342559814453125 0.20465087890625 -0.0041360855102539 -0.0090808868408203
-0.00408935546875002 0.212127685546875 1.33514404296874E-05 -0.00683403015136717
-0.0818328857421875 0.190383911132813 0.00423431396484375 -0.0238819122314453
-0.135391235351563 0.164215087890625 0.0227546691894531 -0.0188255310058594
-0.217483520507812 0.0525360107421875 0.0465621948242187 -0.0111961364746094
-0.25408935546875 -0.0230255126953125 0.0474891662597656 0.0451889038085938
-0.243408203125 -0.062896728515625 0.0343780517578125 0.09185791015625
-0.215133666992187 -0.089385986328125 -0.100456237792969 -0.09698486328125
-0.212005615234375 -0.0536041259765625 -0.0711517333984375 -0.029388427734375
-0.20037841796875 -0.0146484375 0.00532054901123046 -0.013707160949707
-0.178680419921875 0.0651397705078125 0.0249710083007812 -0.0377883911132812
-0.126708984375 0.115631103515625 0.01837158203125 -0.0758285522460937
-0.05462646484375 0.174911499023438 -0.000793457031250011 -0.0822067260742187
0.0101470947265625 0.175262451171875 -0.0291290283203125 -0.0804290771484375
0.0188751220703125 0.16717529296875 -0.034576416015625 -0.0725479125976562
0.0250244140625 0.185470581054688 -0.0297431945800781 -0.0682868957519531
-0.0139617919921875 0.1876220703125 -0.0124015808105469 -0.0622749328613281
-0.08648681640625 0.160568237304687 0.00138092041015625 -0.0594863891601562
-0.128547668457031 0.130966186523437 0.0202083587646484 -0.0350360870361328
-0.189437866210938 0.0300140380859375 0.0244770050048828 -0.0112686157226562
-0.2197265625 -0.029083251953125 -0.0121116638183594 0.0440826416015625
-0.216079711914062 -0.0582427978515625 -0.0412521362304688 0.0547027587890625
-0.153778076171875 -0.049407958984375 -0.164840698242188 -0.119903564453125
-0.14239501953125 -0.026641845703125 -0.120330810546875 -0.0392837524414062
-0.125411987304688 -0.00605010986328127 -0.0184555053710938 -0.0130195617675781
-0.114898681640625 0.0405197143554688 0.0171546936035156 -0.0519752502441406
-0.0856246948242188 0.0762557983398437 0.0161972045898437 -0.0980300903320313
-0.0389785766601562 0.125167846679688 -0.0122604370117188 -0.124290466308594
0.00478363037109375 0.126441955566406 -0.05126953125 -0.131301879882813
0.012786865234375 0.121101379394531 -0.0589828491210938 -0.121253967285156
0.0131683349609375 0.13800048828125 -0.0477294921875 -0.117683410644531
-0.0207977294921875 0.1346435546875 -0.01641845703125 -0.109550476074219
-0.0745773315429688 0.104751586914063 0.00492858886718751 -0.08551025390625
-0.0969696044921875 0.078826904296875 0.0207099914550781 -0.0456695556640625
-0.130088806152344 0.00655364990234372 0.00408744812011718 -0.00934791564941406
-0.153671264648437 -0.02667236328125 -0.064239501953125 0.0361328125
-0.158447265625 -0.041717529296875 -0.103591918945313 0.0160903930664062
-0.0664405822753906 -0.00843048095703126 -0.208572387695313 -0.133865356445313
-0.0502166748046875 -0.00861740112304687 -0.153915405273437 -0.0452728271484375
-0.0371360778808594 -0.0103073120117188 -0.04083251953125 -0.00833892822265625
-0.0445175170898438 0.00209808349609375 0.003875732421875 -0.0558357238769531
-0.0424346923828125 0.0226669311523438 0.00924682617187501 -0.104690551757812
-0.0242233276367188 0.0564384460449219 -0.025177001953125 -0.14813232421875
-0.00443267822265625 0.058868408203125 -0.070068359375 -0.162109375
0.00400161743164062 0.0571327209472656 -0.07568359375 -0.151473999023438
0.00254058837890625 0.0689506530761719 -0.0555877685546875 -0.150100708007813
-0.0173110961914062 0.0620498657226563 -0.0124130249023438 -0.138763427734375
-0.0425186157226563 0.0392875671386719 0.0138320922851563 -0.0964431762695313
-0.0423164367675781 0.0245361328125 0.022247314453125 -0.0471229553222656
-0.0499343872070313 -0.000869750976562495 -0.0135507583618164 -0.00631999969482422
-0.0675621032714844 -0.00620651245117188 -0.101356506347656 0.0234222412109375
-0.0803375244140625 -0.01055908203125 -0.145675659179688 -0.0169677734375
-0.0172004699707031 -0.0435523986816406 0.177886962890625 -0.0035552978515625
-0.0368156433105469 -0.0465431213378906 0.127761840820313 -0.0257644653320313
-0.0551567077636719 -0.0142135620117187 0.0133514404296875 -0.0197010040283203
-0.0372886657714844 0.0175132751464844 -0.0288772583007813 0.0415077209472656
-0.0188617706298828 0.0202846527099609 -0.0323410034179688 0.0925827026367187
-0.00274085998535156 0.0180797576904297 0.0124053955078125 0.156219482421875
0.00898551940917969 0.0209751129150391 0.0709381103515625 0.177169799804688
0.0064849853515625 0.01947021484375 0.0908966064453125 0.164962768554688
0.0134868621826172 0.0135564804077148 0.0796356201171875 0.167465209960938
0.0179710388183594 0.0245571136474609 0.035186767578125 0.159194946289063
0.0113945007324219 0.0395088195800781 0.0113449096679687 0.102897644042969
-0.0114097595214844 0.0464935302734375 0.0192337036132813 0.0499191284179688
-0.0460128784179687 0.0275726318359375 0.0775527954101563 0.0299606323242188
-0.0426216125488281 -0.00079727172851563 0.188888549804687 0.0455780029296875
-0.0182247161865234 -0.00546073913574219 0.237808227539063 0.177734375
-0.1131591796875 -0.08343505859375 0.164260864257813 -4.57763671875051E-05
-0.12396240234375 -0.0729293823242187 0.122978210449219 -0.0150680541992188
-0.141815185546875 -0.029388427734375 0.0289554595947266 -0.0223941802978516
-0.117683410644531 0.0406875610351563 -0.0184917449951172 0.0286598205566406
-0.0764083862304688 0.0705947875976563 -0.0316963195800781 0.0699653625488281
-0.025787353515625 0.0958709716796875 0.00740051269531248 0.137977600097656
0.01654052734375 0.0981979370117188 0.06182861328125 0.159683227539062
0.0179595947265625 0.0917510986328125 0.0837249755859375 0.146957397460938
0.026611328125 0.0928421020507813 0.0767364501953125 0.14703369140625
0.0148468017578125 0.102958679199219 0.0398406982421875 0.141403198242188
-0.0208740234375 0.104927062988281 0.0183944702148437 0.08502197265625
-0.0599441528320312 0.100761413574219 0.0260772705078125 0.0374641418457031
-0.122520446777344 0.0458831787109375 0.0850753784179687 0.0137252807617188
-0.1385498046875 -0.00784301757812502 0.188339233398437 0.039459228515625
-0.11669921875 -0.028350830078125 0.228790283203125 0.172515869140625
-0.193099975585937 -0.116867065429688 0.121162414550781 -0.0157318115234375
-0.200729370117188 -0.093353271484375 0.096710205078125 -0.0117111206054688
-0.21661376953125 -0.0430145263671875 0.0387420654296875 -0.0212669372558594
-0.188522338867188 0.0598602294921875 -0.000938415527343761 0.015202522277832
-0.126319885253906 0.113632202148438 -0.0178413391113281 0.037322998046875
-0.0469818115234375 0.161239624023438 0.00846099853515625 0.0945587158203125
0.022613525390625 0.162277221679688 0.0445175170898437 0.115921020507813
0.0275421142578125 0.15167236328125 0.0625991821289062 0.107063293457031
0.040740966796875 0.159652709960938 0.0581588745117188 0.107330322265625
0.0165252685546875 0.170425415039063 0.0341110229492188 0.105484008789063
-0.04522705078125 0.164642333984375 0.018157958984375 0.0555801391601563
-0.09912109375 0.15155029296875 0.0298042297363281 0.0196781158447266
-0.185592651367188 0.0643768310546875 0.0823440551757813 0.000144958496093754
-0.218460083007813 -0.00901794433593754 0.160232543945312 0.0386962890625
-0.198562622070313 -0.046661376953125 0.188125610351563 0.155792236328125
-0.245681762695313 -0.12738037109375 0.0565299987792969 -0.0399894714355469
-0.250015258789063 -0.0935821533203125 0.0501022338867187 -0.0133285522460938
-0.2611083984375 -0.039703369140625 0.0391921997070312 -0.0187225341796875
-0.228897094726562 0.0768890380859375 0.0168781280517578 -0.000814437866210933
-0.155426025390625 0.14208984375 -0.00139081478118897 -0.00174677371978759
-0.060272216796875 0.20294189453125 0.00931549072265625 0.0377655029296875
0.023956298828125 0.2015380859375 0.0222587585449219 0.0543899536132813
0.032989501953125 0.18865966796875 0.0323867797851563 0.0506591796875
0.0470733642578125 0.203201293945313 0.0307731628417969 0.052093505859375
0.01422119140625 0.214324951171875 0.0210762023925781 0.0533485412597656
-0.064849853515625 0.202178955078125 0.0135593414306641 0.0175952911376953
-0.125900268554688 0.181976318359375 0.0289936065673828 0.000158309936523449
-0.223495483398438 0.0737152099609375 0.0684700012207031 -0.00785446166992187
-0.264495849609375 -0.00901794433593745 0.112846374511719 0.0409622192382813
-0.248565673828125 -0.055267333984375 0.120933532714844 0.130531311035156
-0.260940551757813 -0.116165161132813 -0.0232315063476563 -0.070281982421875
-0.262191772460938 -0.0762176513671875 -0.00975227355957033 -0.0194530487060547
-0.262115478515625 -0.0238189697265625 0.0281429290771484 -0.0158061981201172
-0.228118896484375 0.0862884521484375 0.028757095336914 -0.0199813842773437
-0.155380249023437 0.1492919921875 0.0135879516601562 -0.0445404052734375
-0.06103515625 0.212600708007813 0.00605583190917968 -0.0279788970947265
0.023284912109375 0.209747314453125 -0.00403213500976562 -0.0168590545654297
0.032562255859375 0.197174072265625 -0.00272560119628906 -0.0130386352539062
0.0454864501953125 0.21600341796875 -0.00247573852539062 -0.0101709365844726
0.00727844238281251 0.22509765625 0.00198268890380859 -0.00619983673095702
-0.078094482421875 0.206466674804688 0.00568199157714843 -0.0248394012451172
-0.137252807617188 0.179916381835938 0.0252170562744141 -0.0201282501220703
-0.22955322265625 0.06500244140625 0.0478057861328125 -0.0104827880859375
-0.271331787109375 -0.0140380859375 0.0516357421875 0.0467720031738281
-0.25994873046875 -0.059051513671875 0.0399551391601562 0.09808349609375
-0.233306884765625 -0.0870513916015625 -0.104637145996094 -0.09930419921875
-0.227706909179687 -0.048309326171875 -0.0719070434570313 -0.02783203125
-0.216629028320312 -0.00733947753906247 0.00789642333984374 -0.0143461227416992
-0.187454223632812 0.07843017578125 0.0285835266113281 -0.0406150817871094
-0.128852844238281 0.130165100097656 0.0180282592773437 -0.0814743041992188
-0.05010986328125 0.18896484375 -0.00318145751953126 -0.0880889892578125
0.020172119140625 0.185684204101563 -0.0318374633789062 -0.0839996337890625
0.0283355712890625 0.175323486328125 -0.0367050170898438 -0.0750808715820313
0.0358123779296875 0.195281982421875 -0.0320968627929688 -0.071502685546875
-0.00494384765624999 0.199905395507813 -0.0132179260253906 -0.065185546875
-0.083587646484375 0.1754150390625 0.000743865966796874 -0.0630340576171875
-0.130218505859375 0.14581298828125 0.0214004516601562 -0.0378341674804687
-0.201705932617187 0.0400848388671875 0.0249004364013672 -0.00995063781738281
-0.235702514648438 -0.0219879150390625 -0.0116233825683594 0.0479049682617188
-0.232040405273438 -0.0546417236328125 -0.0414466857910156 0.0605697631835938
-0.167510986328125 -0.0478515625 -0.174270629882813 -0.122238159179688
-0.1541748046875 -0.0227203369140625 -0.124969482421875 -0.0352935791015625
-0.136894226074219 -0.00113677978515624 -0.0173940658569336 -0.0126066207885742
-0.121543884277344 0.0498580932617188 0.0179939270019531 -0.05487060546875
-0.0872116088867188 0.0877532958984375 0.0141372680664062 -0.105239868164062
-0.0351333618164063 0.134536743164063 -0.0172271728515625 -0.132003784179688
0.013031005859375 0.133979797363281 -0.0587387084960938 -0.136993408203125
0.0203170776367188 0.127510070800781 -0.06494140625 -0.125846862792969
0.0221405029296875 0.14471435546875 -0.0537261962890625 -0.123245239257812
-0.0142974853515625 0.1436767578125 -0.0204238891601562 -0.113845825195313
-0.07330322265625 0.11676025390625 0.0042724609375 -0.0905075073242188
-0.098419189453125 0.0889663696289063 0.0211105346679687 -0.0489692687988281
-0.138633728027344 0.01422119140625 0.00315427780151366 -0.0077672004699707
-0.165618896484375 -0.020538330078125 -0.0664863586425781 0.0418128967285156
-0.171066284179688 -0.0384521484375 -0.109413146972656 0.0216064453125
-0.0734710693359375 -0.00725555419921876 -0.221832275390625 -0.135101318359375
-0.0564537048339844 -0.00756072998046875 -0.161727905273438 -0.0417938232421875
-0.0428657531738281 -0.008636474609375 -0.0412826538085938 -0.00715637207031249
-0.0483360290527344 0.00627517700195313 0.00378036499023437 -0.0593605041503906
-0.0435295104980469 0.0286827087402344 0.00588989257812499 -0.111282348632813
-0.022003173828125 0.0616950988769531 -0.032318115234375 -0.155319213867188
0.000522613525390625 0.0636940002441406 -0.07977294921875 -0.167724609375
0.00955581665039063 0.0607223510742188 -0.0848541259765625 -0.1568603515625
0.0077667236328125 0.0729598999023438 -0.0638580322265625 -0.156906127929687
-0.0136337280273438 0.0669174194335938 -0.0181732177734375 -0.145706176757813
-0.0413665771484375 0.0450286865234375 0.011444091796875 -0.102348327636719
-0.0423851013183594 0.0301551818847656 0.0222282409667969 -0.0509147644042969
-0.0538597106933594 0.00342559814453124 -0.0152482986450195 -0.00452804565429687
-0.0738601684570313 -0.0011749267578125 -0.106559753417969 0.0291213989257813
-0.0879287719726563 -0.00729370117187501 -0.155853271484375 -0.012481689453125
-0.0179405212402344 -0.0441246032714844 0.189132690429688 -0.01531982421875
-0.0398139953613281 -0.0485763549804688 0.1336669921875 -0.03704833984375
-0.0589065551757813 -0.01373291015625 0.0135765075683594 -0.0231895446777344
-0.0388145446777344 0.0182533264160156 -0.0274314880371094 0.0442924499511719
-0.0207901000976562 0.02130126953125 -0.0273056030273438 0.0992050170898438
-0.00422286987304688 0.0192909240722656 0.0243072509765625 0.162338256835938
0.00835990905761719 0.0219154357910156 0.087188720703125 0.1796875
0.00644111633300781 0.0196571350097656 0.108444213867188 0.166549682617188
0.0130233764648438 0.0129880905151367 0.0967559814453125 0.171066284179688
0.0193405151367188 0.0228958129882813 0.049560546875 0.166152954101563
0.0147018432617188 0.0386085510253906 0.0198135375976563 0.109359741210937
-0.00814819335937501 0.0479164123535156 0.0230026245117188 0.0533943176269531
-0.0440826416015625 0.0317611694335938 0.0824508666992188 0.0273361206054688
-0.04241943359375 0.00221633911132812 0.19964599609375 0.0352020263671875
-0.0167970657348633 -0.00400924682617188 0.26123046875 0.173065185546875
-0.122047424316406 -0.080322265625 0.175827026367188 -0.00967407226562501
-0.133232116699219 -0.0696182250976562 0.130722045898438 -0.0248336791992188
-0.152359008789063 -0.0240478515625 0.02978515625 -0.0265560150146484
-0.122642517089844 0.048309326171875 -0.0155715942382813 0.0303020477294922
-0.077789306640625 0.07867431640625 -0.027923583984375 0.0743637084960938
-0.0229721069335938 0.102684020996094 0.018463134765625 0.141921997070313
0.023406982421875 0.102981567382813 0.076385498046875 0.162918090820313
0.0237655639648438 0.0952606201171875 0.0998382568359375 0.148910522460938
0.0331039428710938 0.09588623046875 0.092803955078125 0.149688720703125
0.0224227905273437 0.105697631835937 0.0541534423828125 0.147537231445313
-0.0147323608398437 0.111366271972656 0.026275634765625 0.0901641845703125
-0.056121826171875 0.109634399414063 0.030609130859375 0.0397262573242188
-0.124504089355469 0.0566024780273438 0.0898666381835937 0.0105438232421875
-0.145126342773438 0.00149536132812502 0.198745727539063 0.029541015625
-0.1229248046875 -0.0226593017578125 0.252227783203125 0.168426513671875
-0.209243774414062 -0.109786987304688 0.130973815917969 -0.0240402221679688
-0.215240478515625 -0.086212158203125 0.10430908203125 -0.0195999145507813
-0.23333740234375 -0.032501220703125 0.040740966796875 -0.0255851745605469
-0.195266723632812 0.0741729736328125 0.00230026245117186 0.0153751373291016
-0.126152038574219 0.127830505371094 -0.0151557922363281 0.039520263671875
-0.040191650390625 0.172683715820313 0.0158233642578125 0.0967636108398438
0.0342559814453125 0.169174194335937 0.05657958984375 0.117607116699219
0.0389556884765625 0.157394409179688 0.0756607055664063 0.107467651367188
0.0528411865234375 0.165664672851563 0.07147216796875 0.108901977539063
0.0294342041015625 0.177932739257813 0.0463714599609375 0.109748840332031
-0.0357666015625 0.177154541015625 0.0244789123535156 0.0587539672851563
-0.0940093994140625 0.166885375976563 0.0340137481689453 0.0205535888671875
-0.191360473632813 0.0812835693359375 0.0863723754882812 -0.00255584716796875
-0.230499267578125 0.00616455078124999 0.170669555664062 0.030975341796875
-0.211349487304688 -0.036834716796875 0.208404541015625 0.154495239257813
-0.2672119140625 -0.116714477539063 0.06256103515625 -0.0458488464355469
-0.2686767578125 -0.0830078125 0.0562820434570312 -0.0175323486328125
-0.280731201171875 -0.0250091552734375 0.042144775390625 -0.0226364135742188
-0.236663818359375 0.0962677001953125 0.0207672119140625 -0.00259017944335937
-0.154220581054688 0.160308837890625 0.000554084777832022 -0.00306272506713866
-0.05010986328125 0.218307495117188 0.0129623413085938 0.0365104675292969
0.039825439453125 0.210540771484375 0.0294761657714844 0.0541229248046875
0.04815673828125 0.195816040039063 0.0404243469238281 0.0506820678710938
0.0650634765625 0.21075439453125 0.0382575988769531 0.0524101257324219
0.031219482421875 0.224822998046875 0.02899169921875 0.0559806823730469
-0.0535430908203125 0.218948364257813 0.0177707672119141 0.0182781219482422
-0.1202392578125 0.201080322265625 0.03240966796875 -0.000648498535156238
-0.231765747070313 0.0938720703125 0.0716400146484375 -0.010009765625
-0.280227661132813 0.00953674316406245 0.120986938476562 0.03692626953125
-0.265960693359375 -0.0424652099609375 0.137313842773437 0.131698608398438
-0.284393310546875 -0.104400634765625 -0.0235137939453125 -0.0734024047851563
-0.28155517578125 -0.0624999999999999 -0.00686645507812502 -0.0194683074951172
-0.282501220703125 -0.00665283203124998 0.0306758880615234 -0.0182323455810547
-0.235855102539063 0.107986450195313 0.0320053100585937 -0.0233268737792969
-0.152603149414063 0.169692993164062 0.0124855041503906 -0.04852294921875
-0.0483856201171875 0.22894287109375 0.00551414489746093 -0.0321559906005859
0.0411224365234375 0.219100952148438 -0.00251197814941406 -0.0184364318847656
0.049713134765625 0.205047607421875 -0.000711441040039061 -0.014124870300293
0.0654754638671875 0.223968505859375 -0.00105857849121093 -0.0113058090209961
0.0245819091796875 0.237136840820312 0.0045614242553711 -0.00539445877075194
-0.06658935546875 0.225189208984375 0.00624656677246093 -0.0260429382324219
-0.13238525390625 0.201248168945313 0.0267601013183594 -0.022592544555664
-0.240020751953125 0.0861663818359375 0.0499496459960937 -0.0110435485839844
-0.288665771484375 0.00482177734375 0.0572700500488281 0.0477371215820313
-0.279266357421875 -0.0457000732421875 0.0490570068359375 0.10284423828125
-0.254837036132813 -0.0766754150390625 -0.111427307128906 -0.0993118286132813
-0.2454833984375 -0.0355072021484375 -0.0728912353515625 -0.0235366821289063
-0.2342529296875 0.00820922851562503 0.00965690612792967 -0.0156383514404297
-0.192977905273438 0.0976715087890625 0.0306472778320312 -0.0446701049804687
-0.12554931640625 0.14862060546875 0.01470947265625 -0.0877609252929688
-0.038787841796875 0.20361328125 -0.00780487060546875 -0.0941238403320312
0.0364990234375 0.194076538085937 -0.0371856689453125 -0.0868377685546875
0.0443572998046875 0.182510375976563 -0.0408782958984375 -0.07708740234375
0.0545501708984375 0.203292846679688 -0.0371170043945313 -0.0739669799804687
0.011871337890625 0.212310791015625 -0.0165138244628906 -0.0663642883300781
-0.07452392578125 0.19268798828125 -0.001251220703125 -0.0664405822753906
-0.126708984375 0.16424560546875 0.0216636657714844 -0.041107177734375
-0.21124267578125 0.059051513671875 0.0256481170654297 -0.00887489318847656
-0.252593994140625 -0.00497436523437503 -0.0083732604980469 0.0529251098632812
-0.250045776367188 -0.0427703857421875 -0.0393142700195313 0.0681571960449219
-0.18377685546875 -0.0396270751953125 -0.187103271484375 -0.11895751953125
-0.167266845703125 -0.0133514404296875 -0.130355834960938 -0.028289794921875
-0.149246215820313 0.00984191894531253 -0.0167360305786133 -0.0118417739868164
-0.125701904296875 0.0642318725585938 0.0181007385253906 -0.0598373413085937
-0.0849685668945312 0.101150512695313 0.00817871093749998 -0.111663818359375
-0.0255279541015625 0.146133422851563 -0.0267562866210937 -0.139114379882812
0.0259857177734375 0.140609741210938 -0.0693893432617188 -0.140274047851563
0.0328292846679688 0.132492065429688 -0.0752410888671875 -0.128097534179688
0.0361480712890625 0.150863647460938 -0.0643539428710938 -0.126861572265625
-0.0018157958984375 0.152862548828125 -0.0279159545898438 -0.118080139160156
-0.0671463012695313 0.129936218261719 -0.0015411376953125 -0.095916748046875
-0.0964889526367188 0.102493286132812 0.0201034545898437 -0.0531349182128906
-0.146743774414062 0.0270538330078125 0.00270318984985351 -0.00635671615600586
-0.17816162109375 -0.00785827636718753 -0.0672721862792969 0.0498504638671875
-0.1849365234375 -0.0285491943359375 -0.114234924316406 0.0309524536132813
-0.0816116333007813 -0.00310516357421874 -0.239151000976562 -0.129867553710938
-0.0633277893066406 -0.00391387939453125 -0.170120239257813 -0.0323486328125
-0.0502128601074219 -0.00495910644531251 -0.0410194396972656 -0.00455474853515625
-0.0520401000976563 0.012786865234375 0.00167465209960937 -0.0634117126464844
-0.042938232421875 0.0365829467773438 -0.00105285644531251 -0.118560791015625
-0.0172271728515625 0.0678749084472656 -0.0450592041015625 -0.161758422851563
0.00802612304687499 0.0671195983886719 -0.094696044921875 -0.171112060546875
0.0163116455078125 0.0633735656738281 -0.099151611328125 -0.158981323242188
0.0165939331054687 0.0756378173828125 -0.077850341796875 -0.160797119140625
-0.006195068359375 0.0721282958984375 -0.02880859375 -0.151199340820313
-0.0382308959960938 0.052520751953125 0.0062103271484375 -0.1085205078125
-0.04071044921875 0.0367202758789063 0.0204277038574219 -0.0551338195800781
-0.057098388671875 0.0103034973144531 -0.016535758972168 -0.00132179260253906
-0.080413818359375 0.00689697265624999 -0.110160827636719 0.0398483276367187
-0.0960006713867188 -0.000801086425781265 -0.166244506835937 -0.00195312499999998
-0.0180320739746094 -0.044403076171875 0.194229125976563 -0.03179931640625
-0.0426712036132812 -0.0491409301757813 0.134567260742188 -0.0515213012695312
-0.0610084533691406 -0.0125465393066406 0.0119094848632812 -0.0264015197753906
-0.0400238037109375 0.0191116333007813 -0.0238838195800781 0.0460662841796875
-0.0225276947021484 0.0225772857666016 -0.0189666748046875 0.101997375488281
-0.00603675842285156 0.0202846527099609 0.0388031005859375 0.162322998046875
0.00847434997558594 0.0224456787109375 0.104232788085938 0.1759033203125
0.00617408752441406 0.0194129943847656 0.125473022460938 0.160247802734375
0.0119495391845703 0.0119104385375977 0.115570068359375 0.166412353515625
0.0204010009765625 0.0203285217285156 0.067657470703125 0.166732788085937
0.018218994140625 0.0361900329589844 0.0303726196289062 0.112030029296875
-0.00341796875 0.0478477478027344 0.0281791687011719 0.0547866821289063
-0.0399742126464844 0.0357704162597656 0.0858840942382812 0.0218429565429688
-0.0401573181152344 0.00482559204101562 0.204605102539062 0.01861572265625
-0.014561653137207 -0.00297069549560547 0.2802734375 0.156967163085938
-0.128372192382813 -0.0720901489257813 0.182586669921875 -0.025848388671875
-0.140243530273438 -0.0626754760742188 0.133705139160156 -0.038360595703125
-0.15899658203125 -0.0143585205078125 0.0289669036865234 -0.0306777954101562
-0.122970581054688 0.0576705932617187 -0.0122108459472656 0.0307941436767578
-0.0753021240234375 0.086456298828125 -0.021270751953125 0.07745361328125
-0.0173568725585938 0.107139587402344 0.03118896484375 0.142135620117188
0.0308609008789063 0.103530883789063 0.0933685302734375 0.158065795898438
0.0313339233398438 0.09527587890625 0.11663818359375 0.14202880859375
0.0412216186523437 0.0955352783203125 0.110260009765625 0.144393920898438
0.0314559936523437 0.105354309082031 0.071502685546875 0.146881103515625
-0.00527191162109375 0.11431884765625 0.03662109375 0.091461181640625
-0.047271728515625 0.116081237792969 0.0355377197265625 0.0398368835449219
-0.121246337890625 0.0689163208007813 0.0926895141601562 0.00524139404296875
-0.147125244140625 0.01397705078125 0.204345703125 0.0138092041015625
-0.126045227050781 -0.0130996704101563 0.272018432617188 0.153793334960938
-0.221633911132813 -0.0943145751953125 0.136344909667969 -0.03662109375
-0.225982666015625 -0.071319580078125 0.108650207519531 -0.02978515625
-0.243682861328125 -0.0144805908203125 0.0405387878417969 -0.0309295654296875
-0.19537353515625 0.0914764404296875 0.00619029998779296 0.0139131546020508
-0.118881225585937 0.1412353515625 -0.01068115234375 0.0396652221679688
-0.02783203125 0.181106567382813 0.0254898071289062 0.0950927734375
0.04888916015625 0.1707763671875 0.0696258544921875 0.1136474609375
0.053802490234375 0.1571044921875 0.0893630981445313 0.102043151855469
0.069122314453125 0.164749145507813 0.0853347778320313 0.104652404785156
0.045928955078125 0.17889404296875 0.060943603515625 0.108917236328125
-0.0204315185546875 0.184097290039063 0.0327186584472656 0.0589866638183594
-0.08111572265625 0.179275512695312 0.0383453369140625 0.0200424194335938
-0.188674926757813 0.1005859375 0.088134765625 -0.00708770751953124
-0.235260009765625 0.0264892578125 0.17626953125 0.018524169921875
-0.218124389648438 -0.019378662109375 0.227294921875 0.14251708984375
-0.283294677734375 -0.0966491699218749 0.0649261474609375 -0.0528221130371094
-0.28125 -0.06182861328125 0.0604743957519531 -0.0237541198730469
-0.29229736328125 -0.000732421875000003 0.0428276062011718 -0.0271186828613281
-0.2349853515625 0.11932373046875 0.0246639251708984 -0.00571632385253906
-0.14373779296875 0.178268432617188 0.00142765045166015 -0.0052351951599121
-0.0328369140625 0.228591918945313 0.0172309875488281 0.0338630676269531
0.0601959228515625 0.211776733398438 0.0372657775878906 0.0510482788085938
0.0670623779296875 0.195510864257813 0.0488700866699219 0.0463905334472656
0.086212158203125 0.209442138671875 0.0463294982910156 0.0493507385253906
0.0531768798828125 0.2269287109375 0.0381507873535156 0.0552520751953125
-0.0345916748046875 0.22967529296875 0.0225334167480469 0.0170040130615235
-0.105300903320313 0.217254638671875 0.0351276397705078 -0.00238990783691405
-0.230438232421875 0.117095947265625 0.0728073120117187 -0.01312255859375
-0.287689208984375 0.0343322753906249 0.127128601074219 0.0293807983398438
-0.275650024414063 -0.0214691162109375 0.1529541015625 0.125595092773438
-0.3013916015625 -0.082183837890625 -0.02490234375 -0.0745391845703125
-0.2945556640625 -0.0394287109375 -0.00401115417480471 -0.0196647644042969
-0.293731689453125 0.01873779296875 0.0328102111816406 -0.0211868286132812
-0.232925415039062 0.132095336914063 0.0346889495849609 -0.0279045104980469
-0.140151977539063 0.188522338867188 0.00995254516601561 -0.0522613525390625
-0.0291595458984375 0.239837646484375 0.00376319885253906 -0.0350685119628906
0.0626983642578125 0.220382690429688 -0.0023193359375 -0.0203113555908203
0.069793701171875 0.2047119140625 0.00163936614990235 -0.0163841247558594
0.08868408203125 0.223098754882813 0.000125885009765629 -0.0120306015014648
0.049407958984375 0.2396240234375 0.00791311264038086 -0.00583553314208983
-0.0472869873046875 0.238113403320313 0.00637245178222656 -0.0275173187255859
-0.117401123046875 0.219497680664063 0.0275745391845703 -0.0252532958984375
-0.240325927734375 0.110458374023438 0.051177978515625 -0.0124740600585937
-0.297637939453125 0.0311279296875 0.0634117126464844 0.0451202392578125
-0.290740966796875 -0.02337646484375 0.0608596801757812 0.103179931640625
-0.270782470703125 -0.0558319091796875 -0.118186950683594 -0.093780517578125
-0.256149291992188 -0.0140838623046875 -0.0723037719726563 -0.0173416137695312
-0.243637084960937 0.031219482421875 0.0115947723388672 -0.0160589218139648
-0.189651489257812 0.120147705078125 0.031280517578125 -0.0491943359375
-0.113693237304687 0.165725708007813 0.00854492187499999 -0.0916900634765625
-0.0197296142578125 0.212478637695313 -0.0161514282226563 -0.0962142944335937
0.0573577880859375 0.194793701171875 -0.0431747436523438 -0.0869064331054687
0.0634765625 0.1822509765625 -0.0456695556640625 -0.0766830444335938
0.075836181640625 0.202499389648438 -0.0429763793945313 -0.07330322265625
0.0337066650390625 0.215957641601563 -0.0201492309570312 -0.0660781860351562
-0.057281494140625 0.20660400390625 -0.00568008422851563 -0.0684013366699219
-0.114517211914063 0.181259155273438 0.0201568603515625 -0.0439491271972656
-0.213577270507813 0.0805206298828125 0.0265522003173828 -0.00847434997558593
-0.2613525390625 0.0182952880859375 -0.00374984741210939 0.0564384460449219
-0.261856079101563 -0.0223541259765625 -0.0328521728515625 0.0747451782226563
-0.1953125 -0.024505615234375 -0.198257446289063 -0.107986450195313
-0.175323486328125 0.00196838378906248 -0.1314697265625 -0.0176239013671875
-0.157196044921875 0.0261383056640625 -0.0145349502563477 -0.0110483169555664
-0.123741149902344 0.0806198120117187 0.0163345336914062 -0.0634841918945312
-0.075897216796875 0.113815307617188 -0.000869750976562501 -0.116233825683594
-0.011138916015625 0.153457641601563 -0.03912353515625 -0.140777587890625
0.0425567626953125 0.141067504882813 -0.0817642211914063 -0.138023376464844
0.0474929809570313 0.132057189941406 -0.085906982421875 -0.125259399414063
0.0537567138671875 0.151107788085938 -0.076202392578125 -0.125152587890625
0.015838623046875 0.156967163085937 -0.0371475219726562 -0.11773681640625
-0.05474853515625 0.141204833984375 -0.00849151611328126 -0.0984420776367188
-0.0888214111328125 0.115371704101563 0.0169258117675781 -0.0560646057128906
-0.149673461914063 0.0433349609375 0.0030219554901123 -0.00371861457824707
-0.185440063476563 0.0106658935546875 -0.0641021728515625 0.0585136413574219
-0.194717407226563 -0.0128631591796875 -0.114494323730469 0.0429840087890625
-0.08770751953125 0.003997802734375 -0.253036499023438 -0.116104125976563
-0.0689811706542969 0.00244903564453124 -0.17388916015625 -0.0184326171875
-0.0558853149414062 0.00130081176757814 -0.0394020080566406 -0.00268936157226563
-0.0525398254394531 0.0209007263183594 -0.00202178955078126 -0.0663528442382812
-0.038726806640625 0.0440139770507812 -0.0121002197265625 -0.121849060058594
-0.00913238525390625 0.0729522705078125 -0.0602874755859375 -0.162567138671875
0.0169296264648438 0.0682525634765625 -0.11090087890625 -0.166580200195313
0.0247039794921875 0.0625839233398438 -0.1141357421875 -0.154296875
0.0263671875 0.0753860473632813 -0.0933685302734375 -0.15838623046875
0.00343322753906251 0.0747528076171875 -0.0419769287109375 -0.1510009765625
-0.0319557189941406 0.0588531494140625 -0.00327301025390625 -0.111564636230469
-0.0365867614746094 0.0434837341308594 0.0161018371582031 -0.0576553344726562
-0.0579147338867188 0.0187797546386719 -0.0169534683227539 0.00188636779785157
-0.0833587646484375 0.017578125 -0.109672546386719 0.051544189453125
-0.100845336914062 0.00899505615234375 -0.171463012695313 0.01287841796875
-0.0168647766113281 -0.0443305969238281 0.191802978515625 -0.0461883544921875
-0.0447158813476563 -0.0493507385253906 0.129585266113281 -0.0624008178710937
-0.0618019104003906 -0.0112800598144531 0.00910377502441406 -0.0276393890380859
-0.0409927368164063 0.0194244384765625 -0.0206756591796875 0.046173095703125
-0.0242347717285156 0.0232181549072266 -0.0107955932617187 0.101104736328125
-0.00745010375976563 0.0214729309082031 0.050750732421875 0.156356811523438
0.00742340087890625 0.0228157043457031 0.116607666015625 0.165237426757813
0.00542640686035156 0.0198326110839844 0.136825561523438 0.148300170898438
0.00962352752685547 0.0112419128417969 0.128982543945313 0.15521240234375
0.0190010070800781 0.0169410705566406 0.0820159912109375 0.160079956054688
0.0197715759277344 0.0321769714355469 0.0400924682617187 0.110687255859375
0.00060653686523437 0.0454330444335938 0.0326957702636719 0.0545234680175781
-0.0337905883789063 0.0371284484863281 0.0852127075195313 0.0164718627929688
-0.0359764099121094 0.006927490234375 0.200592041015625 0.003662109375
-0.0112199783325195 -0.00259304046630859 0.28765869140625 0.13665771484375
-0.129623413085938 -0.0628433227539062 0.18218994140625 -0.03997802734375
-0.141937255859375 -0.054351806640625 0.131393432617188 -0.0499801635742187
-0.1602783203125 -0.00521850585937498 0.0268497467041016 -0.0333633422851563
-0.120521545410156 0.0638885498046875 -0.00844001770019532 0.0292682647705078
-0.070526123046875 0.0910720825195313 -0.013916015625 0.075836181640625
-0.0115585327148438 0.108680725097656 0.04217529296875 0.135833740234375
0.0363006591796875 0.10137939453125 0.105331420898438 0.148040771484375
0.0363693237304688 0.0922012329101563 0.127700805664063 0.129791259765625
0.0458755493164063 0.091552734375 0.122100830078125 0.1341552734375
0.0380401611328125 0.100677490234375 0.0856094360351562 0.140151977539063
0.00388336181640624 0.112777709960938 0.045989990234375 0.0897293090820313
-0.0378265380859375 0.117729187011719 0.0397186279296875 0.0388412475585938
-0.113380432128906 0.0767135620117187 0.0918350219726562 0.000534057617187505
-0.142623901367188 0.0250244140625 0.201675415039062 0.000137329101562502
-0.122962951660156 -0.00379180908203124 0.281524658203125 0.133880615234375
-0.224227905273437 -0.076507568359375 0.136871337890625 -0.0470809936523438
-0.227645874023438 -0.0554351806640625 0.108428955078125 -0.0396041870117188
-0.2445068359375 0.00282287597656248 0.0396919250488281 -0.0344810485839844
-0.188385009765625 0.104019165039063 0.0102710723876953 0.0115270614624024
-0.109176635742188 0.148895263671875 -0.00675201416015626 0.0383644104003906
-0.015777587890625 0.182647705078125 0.0326614379882813 0.0902252197265625
0.060943603515625 0.165451049804688 0.0792617797851562 0.105415344238281
0.0639801025390625 0.151290893554688 0.0982284545898438 0.0916213989257813
0.0806884765625 0.157760620117188 0.0947341918945313 0.0960464477539063
0.059722900390625 0.172470092773438 0.0726394653320313 0.1029052734375
-0.00538635253906249 0.184295654296875 0.0401420593261719 0.0564460754394531
-0.066070556640625 0.183837890625 0.0415534973144531 0.0182304382324219
-0.178924560546875 0.113677978515625 0.0870590209960937 -0.0107269287109375
-0.230804443359375 0.0448455810546875 0.175323486328125 0.0069580078125
-0.216690063476563 -0.00382995605468755 0.237319946289063 0.12646484375
-0.28741455078125 -0.073638916015625 0.06585693359375 -0.0589675903320313
-0.28277587890625 -0.04144287109375 0.0621223449707031 -0.0296363830566406
-0.292633056640625 0.02142333984375 0.0430984497070312 -0.0308074951171875
-0.224517822265625 0.1356201171875 0.027069091796875 -0.00901222229003905
-0.12933349609375 0.187850952148438 0.00258779525756835 -0.00711393356323241
-0.016143798828125 0.229705810546875 0.0206737518310547 0.0298099517822266
0.0753326416015625 0.204605102539063 0.0424003601074219 0.0454940795898438
0.0815582275390625 0.188156127929688 0.0550651550292969 0.0395011901855469
0.102264404296875 0.201171875 0.0522384643554688 0.0443305969238281
0.0717010498046875 0.220138549804687 0.0466194152832031 0.051300048828125
-0.0153350830078125 0.231460571289063 0.026763916015625 0.0157184600830078
-0.0872344970703125 0.224472045898438 0.0369720458984375 -0.00444030761718749
-0.22039794921875 0.135528564453125 0.0728225708007812 -0.0147018432617187
-0.283935546875 0.057342529296875 0.128517150878906 0.0214614868164063
-0.274581909179688 -0.00128173828125004 0.162826538085937 0.115814208984375
-0.306121826171875 -0.058380126953125 -0.0252151489257813 -0.074310302734375
-0.295166015625 -0.016448974609375 -0.00106430053710939 -0.0201683044433594
-0.292938232421875 0.04425048828125 0.0335140228271484 -0.023956298828125
-0.22149658203125 0.150192260742187 0.0360298156738281 -0.0316314697265625
-0.124114990234375 0.198257446289063 0.00776672363281249 -0.0542182922363281
-0.00946044921874998 0.241485595703125 0.001983642578125 -0.0365333557128906
0.0805816650390625 0.212203979492188 -0.00139427185058593 -0.0219249725341797
0.0857391357421875 0.19677734375 0.00257492065429688 -0.0186347961425781
0.106658935546875 0.213836669921875 0.00113773345947266 -0.0131559371948242
0.0697174072265625 0.234771728515625 0.0112676620483398 -0.00644779205322264
-0.0263671875 0.241729736328125 0.00701522827148437 -0.0285873413085937
-0.098785400390625 0.228103637695313 0.0276870727539062 -0.0266056060791015
-0.231613159179688 0.130508422851562 0.0514183044433594 -0.013153076171875
-0.294586181640625 0.054840087890625 0.0669021606445312 0.0416755676269531
-0.29119873046875 -0.00140380859374997 0.069854736328125 0.100204467773438
-0.275253295898438 -0.033660888671875 -0.11907958984375 -0.086761474609375
-0.257095336914062 0.00724792480468746 -0.0683021545410157 -0.012298583984375
-0.24383544921875 0.0539398193359375 0.013895034790039 -0.0173063278198242
-0.179931640625 0.13629150390625 0.0309028625488281 -0.0524368286132812
-0.098175048828125 0.174163818359375 0.00225830078124999 -0.0929031372070312
-0.00137329101562498 0.2137451171875 -0.0226211547851562 -0.0959930419921875
0.0740509033203125 0.188339233398438 -0.047637939453125 -0.08441162109375
0.078216552734375 0.174636840820313 -0.0486068725585938 -0.0746688842773437
0.0941314697265625 0.193939208984375 -0.0466842651367188 -0.0698013305664062
0.05328369140625 0.210922241210938 -0.0219192504882812 -0.0644149780273437
-0.038360595703125 0.211166381835937 -0.00875854492187501 -0.0685386657714844
-0.098541259765625 0.190505981445313 0.0186347961425781 -0.0455055236816406
-0.206741333007813 0.09918212890625 0.0268898010253906 -0.00794029235839843
-0.259918212890625 0.0412445068359375 0.00173568725585936 0.0584602355957031
-0.263687133789063 -0.00167846679687501 -0.025665283203125 0.0784225463867188
-0.19970703125 -0.00817871093750004 -0.200576782226563 -0.095062255859375
-0.177230834960937 0.0175628662109375 -0.128067016601563 -0.00779724121093751
-0.158355712890625 0.0427093505859375 -0.0118579864501953 -0.0107851028442383
-0.117340087890625 0.0933380126953125 0.0145301818847656 -0.0658226013183594
-0.0641021728515625 0.121070861816406 -0.00930786132812499 -0.115692138671875
0.00340270996093751 0.154373168945312 -0.0492706298828125 -0.136817932128906
0.0556259155273437 0.135429382324219 -0.0897674560546875 -0.131889343261719
0.0595932006835937 0.12640380859375 -0.092987060546875 -0.11895751953125
0.0680389404296875 0.14385986328125 -0.08367919921875 -0.117973327636719
0.031097412109375 0.154251098632813 -0.043731689453125 -0.113258361816406
-0.0399322509765625 0.146240234375 -0.0143280029296875 -0.0978012084960937
-0.0770492553710938 0.123489379882813 0.0131683349609375 -0.0567550659179687
-0.145904541015625 0.057647705078125 0.00368785858154296 -0.00157403945922851
-0.185317993164063 0.028594970703125 -0.0587310791015625 0.0638389587402344
-0.196502685546875 0.00401306152343746 -0.109420776367188 0.0526885986328125
-0.09100341796875 0.0109024047851562 -0.25750732421875 -0.0992584228515625
-0.072357177734375 0.00913238525390626 -0.170150756835938 -0.00596618652343752
-0.0594406127929688 0.00974655151367187 -0.0359230041503906 -0.00169754028320312
-0.0512504577636719 0.0290260314941406 -0.00545120239257813 -0.0669937133789063
-0.0330085754394531 0.0489578247070312 -0.0215072631835937 -0.120437622070313
-0.000946044921874998 0.074432373046875 -0.071990966796875 -0.15631103515625
0.0251731872558594 0.0652198791503906 -0.12237548828125 -0.15728759765625
0.0319290161132813 0.0588455200195312 -0.123794555664063 -0.144607543945313
0.035125732421875 0.0710220336914062 -0.104278564453125 -0.148956298828125
0.0130157470703125 0.0727615356445312 -0.0525665283203125 -0.145645141601563
-0.0237770080566406 0.062408447265625 -0.0109939575195313 -0.110504150390625
-0.0303726196289063 0.0471878051757813 0.0120582580566406 -0.0579948425292969
-0.0561485290527344 0.0266075134277344 -0.0161600112915039 0.00561332702636719
-0.0832748413085938 0.0279922485351562 -0.1043701171875 0.061187744140625
-0.102508544921875 0.0188522338867187 -0.169952392578125 0.0274505615234375
-0.0145034790039063 -0.0448799133300781 0.187820434570312 -0.0547943115234375
-0.0446243286132812 -0.0506324768066406 0.12451171875 -0.0687255859375
-0.062652587890625 -0.012603759765625 0.00745773315429687 -0.0284461975097656
-0.0428009033203125 0.0178375244140625 -0.0179977416992188 0.0445671081542969
-0.0264739990234375 0.0241813659667969 -0.00621795654296874 0.0976715087890625
-0.0107250213623047 0.0220870971679688 0.05560302734375 0.14837646484375
0.00516510009765625 0.0235595703125 0.121307373046875 0.155654907226563
0.00333404541015625 0.019744873046875 0.140357971191406 0.137908935546875
0.00751018524169922 0.0111150741577148 0.13433837890625 0.145217895507813
0.0168619155883789 0.0148324966430664 0.089447021484375 0.152786254882813
0.0198726654052734 0.0282955169677734 0.0464096069335938 0.107582092285156
0.00208282470703125 0.0420875549316406 0.0342941284179688 0.0538711547851562
-0.0288734436035156 0.0356063842773438 0.0824508666992188 0.013458251953125
-0.0316333770751953 0.00751686096191407 0.1939697265625 -0.004913330078125
-0.00749778747558594 -0.0027318000793457 0.28564453125 0.1234130859375
-0.125556945800781 -0.0576858520507813 0.179977416992188 -0.04827880859375
-0.139633178710938 -0.0514144897460938 0.127899169921875 -0.056549072265625
-0.158523559570313 -0.00157165527343749 0.0252819061279297 -0.0350933074951172
-0.117881774902344 0.06622314453125 -0.0061321258544922 0.0277671813964844
-0.0685882568359375 0.0918121337890625 -0.0102310180664063 0.0722885131835937
-0.00975036621093749 0.108200073242188 0.0472488403320312 0.12884521484375
0.0379409790039063 0.0989990234375 0.109817504882813 0.138038635253906
0.0375289916992188 0.0891036987304688 0.131546020507813 0.119468688964844
0.047607421875 0.08782958984375 0.12799072265625 0.123458862304687
0.0406951904296875 0.0952911376953125 0.0939254760742188 0.132598876953125
0.00835418701171875 0.108245849609375 0.0511322021484375 0.0861968994140625
-0.03076171875 0.115676879882813 0.0420341491699219 0.038543701171875
-0.106552124023437 0.079437255859375 0.089569091796875 -0.00121307373046875
-0.136672973632813 0.030517578125 0.195281982421875 -0.007354736328125
-0.117706298828125 0.000938415527343774 0.280914306640625 0.12078857421875
-0.220962524414063 -0.06597900390625 0.136367797851563 -0.05413818359375
-0.2236328125 -0.0475616455078125 0.106552124023437 -0.045440673828125
-0.24151611328125 0.0123748779296875 0.0388412475585937 -0.0370826721191406
-0.181808471679687 0.108963012695313 0.012415885925293 0.00860404968261719
-0.10235595703125 0.150131225585938 -0.00380706787109375 0.0350360870361328
-0.00938415527343749 0.18096923828125 0.036407470703125 0.0840606689453125
0.06500244140625 0.159713745117188 0.08306884765625 0.0969390869140625
0.0681915283203125 0.145294189453125 0.102210998535156 0.0826568603515625
0.0854034423828125 0.150405883789063 0.0994873046875 0.0879440307617188
0.0665283203125 0.1650390625 0.0797653198242188 0.0966720581054688
0.00335693359375 0.18017578125 0.0448188781738281 0.0538063049316406
-0.056549072265625 0.182891845703125 0.0433921813964844 0.0175247192382813
-0.169906616210938 0.11962890625 0.0857315063476562 -0.0117111206054687
-0.223663330078125 0.0548858642578125 0.17144775390625 0.001251220703125
-0.210464477539063 0.00561523437500004 0.239791870117188 0.1162109375
-0.283905029296875 -0.0594482421875 0.0669403076171875 -0.0629768371582031
-0.276840209960938 -0.0290527343750001 0.063385009765625 -0.0335655212402344
-0.287811279296875 0.0352172851562499 0.0433845520019531 -0.0331077575683594
-0.215927124023438 0.142868041992187 0.0294933319091797 -0.0128669738769531
-0.118743896484375 0.1895751953125 0.00371646881103515 -0.00882625579833983
-0.00500488281250002 0.227020263671875 0.0219593048095703 0.0260963439941406
0.0827789306640625 0.197219848632813 0.0455513000488281 0.0396995544433594
0.08697509765625 0.179763793945313 0.0573234558105469 0.0334014892578125
0.110382080078125 0.191253662109375 0.0554542541503906 0.0394706726074219
0.0821380615234375 0.211578369140625 0.0519142150878906 0.0469741821289063
-0.00294494628906248 0.227920532226563 0.0299091339111328 0.0133533477783203
-0.07440185546875 0.224502563476562 0.0379905700683594 -0.00551223754882811
-0.210433959960938 0.143417358398437 0.072052001953125 -0.0152206420898437
-0.275680541992188 0.0704498291015624 0.127304077148437 0.017120361328125
-0.268585205078125 0.0106964111328125 0.167327880859375 0.108367919921875
-0.303131103515625 -0.042266845703125 -0.0223541259765625 -0.0739593505859375
-0.289642333984375 -0.00131225585937501 0.00275421142578123 -0.0215415954589844
-0.287872314453125 0.059600830078125 0.0354690551757812 -0.026275634765625
-0.21075439453125 0.159271240234375 0.0375823974609375 -0.0348396301269531
-0.1116943359375 0.200439453125 0.00691604614257812 -0.0548858642578125
0.00256347656250002 0.237838745117187 0.00130462646484375 -0.0382003784179687
0.089202880859375 0.204193115234375 -0.000560760498046872 -0.0238456726074219
0.093994140625 0.187164306640625 0.00414657592773438 -0.020843505859375
0.116378784179687 0.202163696289063 0.00291728973388673 -0.0140314102172851
0.0818634033203125 0.225143432617188 0.014495849609375 -0.00845146179199218
-0.0126190185546875 0.239410400390625 0.00836753845214844 -0.0295543670654297
-0.0857086181640625 0.229568481445313 0.0274219512939453 -0.0275821685791015
-0.222564697265625 0.140106201171875 0.051422119140625 -0.0121994018554687
-0.287933349609375 0.069854736328125 0.0692062377929687 0.0402297973632813
-0.2857666015625 0.01171875 0.076202392578125 0.0965728759765625
-0.27362060546875 -0.0194091796875 -0.11553955078125 -0.0824203491210938
-0.253677368164063 0.02020263671875 -0.0629920959472656 -0.0103530883789063
-0.239837646484375 0.0694732666015625 0.0166873931884765 -0.0191173553466797
-0.170074462890625 0.145370483398438 0.0318336486816406 -0.0548553466796875
-0.086456298828125 0.176483154296875 -0.00020599365234375 -0.0918731689453125
0.0104827880859375 0.2105712890625 -0.0256271362304687 -0.094085693359375
0.083282470703125 0.17901611328125 -0.0484542846679688 -0.083251953125
0.08648681640625 0.166641235351562 -0.0491180419921875 -0.073211669921875
0.103652954101562 0.1842041015625 -0.0474815368652344 -0.0671615600585937
0.0654144287109375 0.203872680664062 -0.0206146240234375 -0.0633277893066406
-0.0244598388671875 0.210418701171875 -0.00968551635742188 -0.0681877136230469
-0.0859832763671875 0.193222045898437 0.0172157287597656 -0.0457611083984375
-0.199478149414063 0.109970092773437 0.0276718139648437 -0.00679397583007812
-0.255325317382813 0.0555267333984375 0.00519180297851561 0.0584831237792969
-0.259140014648438 0.0115966796875 -0.0193099975585938 0.0794601440429688
-0.199676513671875 0.00251770019531249 -0.197341918945313 -0.0870361328125
-0.175994873046875 0.027862548828125 -0.120903015136719 -0.00326538085937502
-0.156585693359375 0.0543212890625 -0.00838756561279298 -0.0116739273071289
-0.110137939453125 0.101387023925781 0.0143394470214844 -0.0668525695800781
-0.0550003051757812 0.123634338378906 -0.0133819580078125 -0.113395690917969
0.0131072998046875 0.151702880859375 -0.0539932250976562 -0.132888793945313
0.0637893676757813 0.129341125488281 -0.0927886962890625 -0.126625061035156
0.0664901733398437 0.120079040527344 -0.0953292846679688 -0.113739013671875
0.0766525268554688 0.136039733886719 -0.0861358642578125 -0.112144470214844
0.0416717529296875 0.148330688476563 -0.0453414916992187 -0.109649658203125
-0.0290069580078125 0.145889282226563 -0.0178756713867187 -0.0957260131835937
-0.0675125122070312 0.126518249511719 0.011688232421875 -0.0564918518066406
-0.140190124511719 0.0670928955078125 0.0047163963317871 0.000782012939453129
-0.182464599609375 0.0400390625 -0.0536422729492188 0.066497802734375
-0.194656372070313 0.0149993896484375 -0.104331970214844 0.0576400756835937
-0.093505859375 0.0162734985351563 -0.254714965820313 -0.0888519287109374
-0.0742568969726563 0.0150833129882813 -0.163284301757813 0.000778198242187493
-0.0612106323242187 0.0170440673828125 -0.0326442718505859 -0.00234031677246093
-0.048919677734375 0.0347557067871094 -0.00712203979492187 -0.0675697326660156
-0.0281867980957031 0.0520172119140625 -0.0267181396484375 -0.117744445800781
0.0056304931640625 0.0735702514648438 -0.0783843994140625 -0.149887084960938
0.0309982299804688 0.0617408752441406 -0.1265869140625 -0.148818969726562
0.0368919372558594 0.0553665161132813 -0.127174377441406 -0.136482238769531
0.0407066345214844 0.066070556640625 -0.108734130859375 -0.14031982421875
0.0200653076171875 0.0693168640136719 -0.0561904907226563 -0.139366149902344
-0.016876220703125 0.0628242492675781 -0.0152969360351563 -0.107154846191406
-0.0246009826660156 0.0493316650390625 0.00939178466796875 -0.056854248046875
-0.0532264709472656 0.0331268310546875 -0.0147924423217773 0.00814628601074219
-0.08184814453125 0.0358047485351563 -0.0990371704101562 0.0663528442382813
-0.101806640625 0.0260696411132813 -0.165908813476563 0.0358123779296875
-0.010650634765625 -0.0479087829589844 0.186538696289063 -0.0588531494140625
-0.0448875427246094 -0.054229736328125 0.1217041015625 -0.0720672607421875
-0.0648994445800781 -0.0161552429199219 0.00644874572753906 -0.0295066833496094
-0.0458984375 0.0165176391601563 -0.0174140930175781 0.0431060791015625
-0.0303153991699219 0.0251808166503906 -0.00511932373046876 0.095184326171875
-0.0135860443115234 0.0249118804931641 0.0581512451171875 0.144927978515625
0.00276374816894531 0.0255031585693359 0.123321533203125 0.150833129882813
0.000701904296875002 0.0207595825195313 0.142257690429688 0.13275146484375
0.00454425811767578 0.0119819641113281 0.136810302734375 0.139640808105469
0.0136470794677734 0.0129213333129883 0.0933380126953125 0.148941040039063
0.0181961059570313 0.0248546600341797 0.050323486328125 0.107383728027344
0.00294876098632813 0.0388832092285156 0.0360946655273438 0.0551681518554688
-0.0250968933105469 0.0329627990722656 0.0807113647460938 0.0131378173828125
-0.0276908874511719 0.00621414184570313 0.189559936523438 -0.0071868896484375
-0.00279140472412109 -0.0043182373046875 0.2841796875 0.119842529296875
-0.121986389160156 -0.0569992065429688 0.180999755859375 -0.05322265625
-0.138740539550781 -0.0522994995117187 0.126533508300781 -0.0610885620117188
-0.160064697265625 -0.00122070312500002 0.0249595642089844 -0.0362205505371094
-0.119606018066406 0.0666656494140625 -0.00472640991210938 0.0251579284667969
-0.0700454711914063 0.09283447265625 -0.00859069824218751 0.0696525573730469
-0.0104522705078125 0.109458923339844 0.04931640625 0.124160766601563
0.0374298095703125 0.098602294921875 0.112091064453125 0.132781982421875
0.0370407104492188 0.0882949829101563 0.133796691894531 0.113540649414063
0.047210693359375 0.0867996215820313 0.131141662597656 0.118598937988281
0.0404281616210938 0.0926361083984375 0.0991287231445312 0.128173828125
0.0102157592773437 0.105308532714844 0.0560989379882813 0.084747314453125
-0.0276565551757813 0.113594055175781 0.0442428588867187 0.0390701293945313
-0.101493835449219 0.0790023803710938 0.0885848999023438 0.000259399414062505
-0.132301330566406 0.0326919555664063 0.192459106445313 -0.0097503662109375
-0.113815307617188 0.00206756591796876 0.281890869140625 0.11712646484375
-0.217041015625 -0.062164306640625 0.138381958007813 -0.0589599609375
-0.221038818359375 -0.0451812744140625 0.107376098632812 -0.0497207641601562
-0.240921020507813 0.015472412109375 0.0395889282226562 -0.0388145446777344
-0.181304931640625 0.111373901367187 0.0147981643676758 0.00562763214111329
-0.101699829101562 0.151168823242188 -0.00220108032226563 0.0327529907226563
-0.00691223144531252 0.18133544921875 0.03790283203125 0.0792694091796875
0.0669097900390625 0.157623291015625 0.0855026245117187 0.0917282104492188
0.06915283203125 0.142654418945313 0.104835510253906 0.0773773193359375
0.0874176025390625 0.147537231445312 0.103286743164062 0.0836944580078125
0.0694427490234375 0.161041259765625 0.0853042602539063 0.0922927856445313
0.00798034667968749 0.177734375 0.0491981506347656 0.0520057678222656
-0.0513916015625 0.181854248046875 0.0457839965820313 0.0176849365234375
-0.165008544921875 0.122024536132813 0.0858001708984375 -0.00982666015624999
-0.219741821289063 0.060333251953125 0.170120239257813 0.000259399414062504
-0.206222534179688 0.00885009765625004 0.24273681640625 0.112167358398438
-0.280685424804688 -0.05242919921875 0.0703811645507812 -0.0669403076171875
-0.2740478515625 -0.024566650390625 0.0662765502929687 -0.0371742248535156
-0.2862548828125 0.0424499511718751 0.0449676513671875 -0.0356254577636719
-0.212554931640625 0.146987915039063 0.0322284698486328 -0.0165443420410156
-0.115310668945313 0.189849853515625 0.00484466552734374 -0.0119218826293945
-0.000656127929687487 0.226760864257813 0.0229091644287109 0.0220451354980469
0.0868377685546875 0.193557739257813 0.0470924377441406 0.0354728698730469
0.0905609130859375 0.176620483398438 0.0590896606445313 0.0288276672363281
0.114364624023437 0.186981201171875 0.0588722229003906 0.036224365234375
0.0872650146484375 0.20697021484375 0.0570487976074219 0.0435676574707031
0.00387573242187498 0.226806640625 0.033203125 0.0113086700439453
-0.067718505859375 0.22540283203125 0.0402259826660156 -0.00538253784179686
-0.205963134765625 0.148040771484375 0.072998046875 -0.0134353637695312
-0.272720336914063 0.0775299072265625 0.127685546875 0.0166473388671875
-0.265304565429688 0.0162811279296875 0.171432495117187 0.106033325195313
-0.3023681640625 -0.0342407226562499 -0.0180587768554688 -0.0761871337890625
-0.286956787109375 0.00503540039062494 0.00720596313476561 -0.0234165191650391
-0.2861328125 0.069000244140625 0.0378150939941406 -0.0292167663574219
-0.205596923828125 0.164398193359375 0.0403289794921875 -0.0387649536132812
-0.105819702148438 0.201034545898437 0.00765991210937499 -0.0569305419921875
0.00885009765625001 0.23626708984375 0.00119781494140625 -0.0407562255859375
0.09454345703125 0.19927978515625 0.000215530395507821 -0.0273303985595703
0.0976715087890625 0.183273315429688 0.00532150268554688 -0.0242118835449219
0.121963500976562 0.19757080078125 0.00512790679931642 -0.0159578323364258
0.0894622802734375 0.22003173828125 0.0187530517578125 -0.0106086730957031
-0.00489807128906251 0.238845825195313 0.0104026794433594 -0.030984878540039
-0.0784454345703125 0.231063842773438 0.0292091369628906 -0.0277938842773437
-0.21807861328125 0.14630126953125 0.0532379150390625 -0.0107765197753906
-0.28564453125 0.07855224609375 0.0709075927734375 0.0398406982421875
-0.2835693359375 0.018096923828125 0.0808029174804687 0.095855712890625
-0.274520874023438 -0.0116729736328124 -0.111618041992188 -0.0831680297851562
-0.252197265625 0.027862548828125 -0.0573196411132813 -0.0109176635742187
-0.237716674804688 0.079864501953125 0.0197582244873047 -0.0214881896972656
-0.164901733398438 0.151901245117187 0.0337257385253906 -0.0580673217773437
-0.0799560546875 0.178573608398438 -0.000564575195312508 -0.0928573608398438
0.01806640625 0.20892333984375 -0.026336669921875 -0.0950241088867187
0.088714599609375 0.17529296875 -0.0485305786132813 -0.0837783813476562
0.0913543701171875 0.161941528320312 -0.0489120483398437 -0.073944091796875
0.11004638671875 0.178131103515625 -0.0460472106933594 -0.0669288635253906
0.0740509033203125 0.19866943359375 -0.0178794860839844 -0.063720703125
-0.0158233642578125 0.209976196289063 -0.00864791870117187 -0.0685577392578125
-0.0792388916015625 0.195449829101563 0.0185432434082031 -0.0465545654296875
-0.196456909179687 0.116561889648438 0.0299129486083984 -0.00480842590332031
-0.254257202148438 0.06500244140625 0.00828933715820311 0.0592231750488281
-0.258514404296875 0.01788330078125 -0.0147628784179688 0.0806503295898438
-0.201644897460938 0.00912475585937501 -0.193756103515625 -0.0859832763671875
-0.176315307617188 0.0342864990234375 -0.114860534667969 -0.00228881835937498
-0.156875610351562 0.0638427734375 -0.00490856170654298 -0.0139217376708984
-0.106773376464844 0.107513427734375 0.0151329040527344 -0.0697288513183594
-0.0494384765625 0.1253662109375 -0.0153045654296875 -0.113204956054688
0.02032470703125 0.15087890625 -0.056121826171875 -0.131904602050781
0.0692520141601563 0.124908447265625 -0.0939712524414062 -0.125289916992188
0.0712432861328125 0.115821838378906 -0.095703125 -0.112632751464844
0.0824813842773438 0.1307373046875 -0.0863418579101563 -0.109962463378906
0.049346923828125 0.144271850585937 -0.044403076171875 -0.108489990234375
-0.0213775634765625 0.146621704101563 -0.0185317993164062 -0.0954971313476562
-0.0615997314453125 0.128280639648438 0.0115203857421875 -0.0566673278808594
-0.137977600097656 0.0735855102539063 0.00667428970336913 0.00254106521606446
-0.181793212890625 0.0491943359375 -0.0499725341796875 0.0694770812988281
-0.194869995117187 0.02056884765625 -0.100608825683594 0.0607833862304687
-0.09722900390625 0.0200347900390625 -0.25238037109375 -0.0868682861328125
-0.07684326171875 0.0196609497070312 -0.158432006835938 0.00227355957031254
-0.0631675720214844 0.0239677429199219 -0.0298652648925781 -0.00454139709472656
-0.04736328125 0.0404815673828125 -0.00741195678710938 -0.0696640014648438
-0.0243759155273438 0.0542411804199219 -0.029632568359375 -0.116737365722656
0.0107421875 0.0737380981445313 -0.08135986328125 -0.14727783203125
0.0354461669921875 0.0591201782226563 -0.129318237304688 -0.145248413085938
0.0409317016601563 0.0522804260253906 -0.128807067871094 -0.133293151855469
0.0457878112792969 0.0619392395019531 -0.110176086425781 -0.137199401855469
0.0252037048339844 0.0667648315429688 -0.057098388671875 -0.136978149414063
-0.0110893249511719 0.0633201599121094 -0.0173263549804688 -0.105827331542969
-0.0202140808105469 0.0515251159667969 0.00887298583984375 -0.056427001953125
-0.0509262084960938 0.038482666015625 -0.0134305953979492 0.0105485916137695
-0.08135986328125 0.0432891845703125 -0.0956497192382812 0.0703201293945313
-0.103286743164063 0.0313262939453125 -0.16339111328125 0.0413360595703125
-0.00741195678710937 -0.0530242919921875 0.190505981445313 -0.06414794921875
-0.0467567443847656 -0.0605392456054687 0.1220703125 -0.0769805908203125
-0.069915771484375 -0.0199012756347656 0.00558090209960937 -0.0311527252197266
-0.0517005920410156 0.0152931213378906 -0.0178298950195313 0.04248046875
-0.03533935546875 0.0270500183105469 -0.004547119140625 0.0946273803710938
-0.0172271728515625 0.0278167724609375 0.0604095458984375 0.144302368164063
-4.19616699218773E-05 0.0289115905761719 0.127410888671875 0.150588989257813
-0.001129150390625 0.0229606628417969 0.146774291992187 0.131790161132812
0.00106525421142578 0.0135078430175781 0.142166137695313 0.1385498046875
0.0101747512817383 0.0124225616455078 0.0995330810546875 0.149566650390625
0.0166110992431641 0.0219631195068359 0.0560455322265625 0.108726501464844
0.00281906127929688 0.0363578796386719 0.0383644104003906 0.0582199096679687
-0.0221805572509766 0.0301074981689453 0.0810623168945313 0.014892578125
-0.0242195129394531 0.00323867797851563 0.1893310546875 -0.0084228515625
0.000677108764648437 -0.00620794296264649 0.289276123046875 0.1212158203125
-0.120559692382813 -0.059661865234375 0.186508178710938 -0.059051513671875
-0.141342163085938 -0.057098388671875 0.129226684570313 -0.0670623779296875
-0.16595458984375 -0.00199890136718752 0.0252799987792969 -0.0390853881835938
-0.125152587890625 0.0672073364257813 -0.00386238098144532 0.0227642059326172
-0.0747146606445313 0.0966644287109375 -0.00773620605468751 0.0678443908691406
-0.011871337890625 0.114334106445313 0.0506820678710937 0.121391296386719
0.036712646484375 0.101806640625 0.115814208984375 0.131233215332031
0.0364990234375 0.0908660888671875 0.138595581054688 0.1112060546875
0.0467681884765625 0.088348388671875 0.136940002441406 0.116279602050781
0.0397491455078125 0.0932693481445313 0.105598449707031 0.126556396484375
0.010223388671875 0.104324340820312 0.0619735717773438 0.0852584838867188
-0.0273056030273437 0.113319396972656 0.0476455688476563 0.0409088134765625
-0.100334167480469 0.0800094604492188 0.0901412963867188 0.00197601318359376
-0.130790710449219 0.0336074829101563 0.193405151367188 -0.01043701171875
-0.111457824707031 0.00208282470703125 0.287811279296875 0.117889404296875
-0.218185424804688 -0.0617523193359375 0.144302368164063 -0.0651702880859375
-0.223983764648438 -0.0469818115234375 0.111259460449219 -0.0553817749023438
-0.246597290039063 0.0184783935546875 0.0411224365234375 -0.0427665710449219
-0.185653686523438 0.1151123046875 0.016718864440918 0.00128364562988282
-0.104522705078125 0.15625 -0.000658035278320317 0.0291061401367188
-0.0063018798828125 0.186355590820313 0.0396347045898437 0.0767669677734375
0.068267822265625 0.16046142578125 0.08880615234375 0.0883865356445313
0.07073974609375 0.145858764648437 0.108322143554688 0.0742263793945313
0.0902557373046875 0.148468017578125 0.108489990234375 0.0800399780273438
0.0727081298828125 0.161209106445312 0.0916213989257813 0.0904693603515625
0.0113677978515625 0.179916381835938 0.0550689697265625 0.0514869689941406
-0.048736572265625 0.185012817382813 0.0492477416992188 0.0188407897949219
-0.164764404296875 0.126419067382812 0.089019775390625 -0.00778961181640624
-0.220611572265625 0.0645599365234374 0.173690795898438 0.000274658203125004
-0.206298828125 0.010772705078125 0.250885009765625 0.113265991210937
-0.284027099609375 -0.0501708984375 0.0760726928710937 -0.0734481811523438
-0.277572631835938 -0.0227508544921875 0.0701179504394531 -0.0427436828613281
-0.291656494140625 0.0484008789062499 0.0470390319824219 -0.0394554138183594
-0.215744018554687 0.15325927734375 0.0353279113769531 -0.0212974548339844
-0.116378784179688 0.1954345703125 0.00629711151123046 -0.0155105590820312
0.0027008056640625 0.231491088867188 0.0242652893066406 0.0179805755615235
0.09051513671875 0.195587158203125 0.0494117736816406 0.03179931640625
0.0942535400390625 0.178253173828125 0.0622901916503906 0.0252494812011719
0.119369506835938 0.187530517578125 0.0631256103515625 0.032745361328125
0.093231201171875 0.206741333007813 0.0633583068847656 0.0400238037109375
0.00874328613281248 0.23004150390625 0.037994384765625 0.00937271118164064
-0.0648040771484375 0.230560302734375 0.0434646606445312 -0.00548171997070311
-0.207290649414063 0.15435791015625 0.0775527954101563 -0.0112686157226562
-0.275146484375 0.0852050781250001 0.132583618164063 0.01702880859375
-0.267868041992188 0.0191955566406251 0.180343627929688 0.106948852539063
-0.307647705078125 -0.028350830078125 -0.0140228271484375 -0.0816268920898438
-0.291748046875 0.00833129882812505 0.0119495391845703 -0.0271053314208984
-0.290069580078125 0.078155517578125 0.041778564453125 -0.0326042175292969
-0.206283569335938 0.174041748046875 0.0440444946289062 -0.0439682006835937
-0.104278564453125 0.206192016601563 0.00816345214843749 -0.0607757568359375
0.0147552490234375 0.2412109375 0.0015411376953125 -0.0440521240234375
0.10009765625 0.200103759765625 0.00113487243652344 -0.0306377410888672
0.10296630859375 0.18438720703125 0.00666618347167969 -0.0274581909179687
0.128875732421875 0.196746826171875 0.00765991210937501 -0.0190467834472656
0.0977935791015625 0.221038818359375 0.0231819152832031 -0.0145587921142578
0.00193786621093748 0.2435302734375 0.0131320953369141 -0.0340766906738281
-0.075439453125 0.2373046875 0.0319881439208984 -0.0297794342041016
-0.220413208007813 0.154586791992188 0.0572624206542969 -0.00885772705078124
-0.289764404296875 0.08746337890625 0.0752334594726562 0.0414657592773438
-0.287322998046875 0.0225830078125 0.0876235961914062 0.0975418090820313
-0.280914306640625 -0.00559997558593748 -0.109359741210938 -0.0872039794921875
-0.257110595703125 0.0341644287109375 -0.0526390075683594 -0.0141716003417969
-0.240966796875 0.0911865234375 0.0236625671386719 -0.02532958984375
-0.163681030273438 0.161819458007812 0.0372734069824219 -0.0630531311035156
-0.0765228271484375 0.183792114257812 -0.000465393066406254 -0.0969924926757812
0.025146484375 0.212387084960937 -0.0277862548828125 -0.09814453125
0.0955657958984375 0.1746826171875 -0.0491180419921875 -0.0866012573242187
0.0973358154296875 0.162445068359375 -0.0494232177734375 -0.0772552490234375
0.117141723632813 0.17681884765625 -0.0453262329101562 -0.0696182250976563
0.0818634033203125 0.197952270507813 -0.0155410766601563 -0.0675468444824219
-0.00985717773437498 0.213821411132812 -0.0084381103515625 -0.0722122192382812
-0.0750732421875 0.201507568359375 0.0194740295410156 -0.0483932495117187
-0.198333740234375 0.125518798828125 0.033304214477539 -0.00312805175781249
-0.258132934570312 0.074462890625 0.0119819641113281 0.0616073608398438
-0.263900756835938 0.0239410400390625 -0.00937652587890627 0.0829544067382812
-0.2091064453125 0.0147857666015625 -0.195083618164063 -0.08966064453125
-0.181365966796875 0.0407867431640625 -0.112770080566406 -0.00325012207031249
-0.158935546875 0.074951171875 -0.00178718566894532 -0.0172643661499023
-0.104324340820312 0.116020202636719 0.0172042846679687 -0.0743026733398437
-0.0451431274414062 0.130111694335938 -0.0163803100585938 -0.116218566894531
0.02734375 0.153274536132812 -0.0590591430664062 -0.13385009765625
0.0759353637695313 0.123733520507812 -0.0972747802734375 -0.12744140625
0.0770034790039062 0.11492919921875 -0.098114013671875 -0.114898681640625
0.0893096923828125 0.128669738769531 -0.0873947143554688 -0.111518859863281
0.056793212890625 0.142913818359375 -0.04498291015625 -0.111518859863281
-0.0147705078125 0.149642944335938 -0.0189132690429687 -0.0981216430664063
-0.0567169189453125 0.133232116699219 0.0118675231933594 -0.0580711364746094
-0.138084411621094 0.08099365234375 0.00977897644042968 0.00446224212646485
-0.1842041015625 0.0585174560546875 -0.0478439331054688 0.0731353759765625
-0.19976806640625 0.0276336669921875 -0.0988845825195313 0.0641021728515625
-0.103530883789063 0.02423095703125 -0.256210327148438 -0.0888824462890625
-0.081512451171875 0.024658203125 -0.1573486328125 0.00222778320312502
-0.065521240234375 0.03179931640625 -0.0281085968017578 -0.00809288024902343
-0.0456161499023438 0.0467796325683594 -0.00726318359375001 -0.07427978515625
-0.0206298828125 0.0572624206542969 -0.0318984985351563 -0.119293212890625
0.0165863037109375 0.075103759765625 -0.08587646484375 -0.149078369140625
0.0410652160644531 0.0573234558105469 -0.133346557617187 -0.14593505859375
0.0449867248535156 0.0503005981445313 -0.131706237792969 -0.134742736816406
0.0504875183105469 0.0590019226074219 -0.11248779296875 -0.137725830078125
0.0313606262207031 0.0639991760253906 -0.0583648681640625 -0.138687133789063
-0.00608062744140626 0.0639228820800781 -0.017913818359375 -0.10748291015625
-0.0155563354492188 0.0538482666015625 0.00855636596679687 -0.057525634765625
-0.0491714477539063 0.0442962646484375 -0.0118560791015625 0.0133228302001953
-0.082000732421875 0.051788330078125 -0.0944595336914062 0.0749282836914063
-0.106941223144531 0.0375137329101562 -0.1654052734375 0.0458831787109375
-0.00446319580078124 -0.0602531433105469 0.197311401367188 -0.074737548828125
-0.0520057678222656 -0.0673980712890625 0.123336791992187 -0.0853195190429687
-0.0778961181640625 -0.023193359375 0.0038604736328125 -0.0334720611572266
-0.0595436096191406 0.0163230895996094 -0.0185661315917969 0.0427627563476563
-0.0408821105957031 0.0308341979980469 -0.00399017333984375 0.0964202880859375
-0.0207672119140625 0.0343303680419922 0.0645294189453125 0.14544677734375
-0.00204658508300781 0.0339794158935547 0.135574340820313 0.151336669921875
-0.00412559509277344 0.0267734527587891 0.15478515625 0.13055419921875
-0.00161266326904297 0.0166721343994141 0.151901245117188 0.137298583984375
0.00663375854492187 0.0129222869873047 0.109085083007812 0.150985717773438
0.0137786865234375 0.0192775726318359 0.0643310546875 0.1109619140625
0.00290298461914063 0.0331974029541016 0.0441360473632813 0.0612258911132812
-0.0195579528808594 0.0267181396484375 0.0825424194335938 0.0159378051757813
-0.0199451446533203 -0.000598907470703122 0.191299438476562 -0.0125274658203125
0.00632381439208984 -0.00924777984619141 0.3016357421875 0.120849609375
-0.122222900390625 -0.063018798828125 0.193954467773438 -0.0714263916015625
-0.147964477539063 -0.06134033203125 0.132118225097656 -0.0760421752929687
-0.175979614257812 4.57763671875294E-05 0.0250205993652344 -0.0435562133789063
-0.133186340332031 0.0731582641601563 -0.00269317626953126 0.0205135345458984
-0.0780792236328125 0.103805541992187 -0.00651550292968751 0.0670623779296875
-0.0115966796875 0.122627258300781 0.054962158203125 0.12139892578125
0.0394210815429687 0.107170104980469 0.124214172363281 0.129974365234375
0.03778076171875 0.0949859619140625 0.146255493164063 0.107772827148438
0.0483551025390625 0.0915985107421875 0.14599609375 0.113143920898438
0.0413436889648438 0.0942611694335938 0.11669921875 0.126197814941406
0.0123062133789062 0.105194091796875 0.0707778930664063 0.0851821899414063
-0.0244369506835938 0.115303039550781 0.0543022155761719 0.0431098937988281
-0.0986251831054688 0.0825576782226562 0.0947952270507813 0.00273895263671876
-0.130714416503906 0.0361480712890625 0.1995849609375 -0.013458251953125
-0.11077880859375 0.00245666503906252 0.30419921875 0.11627197265625
-0.223358154296875 -0.0610809326171875 0.152053833007813 -0.0770721435546875
-0.232803344726563 -0.046844482421875 0.115028381347656 -0.0656051635742188
-0.2574462890625 0.02410888671875 0.0423774719238281 -0.0478858947753906
-0.192276000976562 0.124343872070313 0.0187721252441406 -0.00359535217285155
-0.106277465820313 0.16485595703125 -0.000360488891601568 0.0255069732666016
-0.00175476074218748 0.194900512695312 0.042572021484375 0.0733795166015625
0.07470703125 0.165863037109375 0.0948410034179688 0.0852432250976563
0.0763702392578125 0.149215698242187 0.114738464355469 0.0692291259765625
0.0966644287109375 0.151565551757813 0.116889953613281 0.0760421752929688
0.07891845703125 0.16278076171875 0.102317810058594 0.0867767333984375
0.0165863037109375 0.183639526367188 0.0627098083496094 0.0489349365234375
-0.04443359375 0.19140625 0.0558242797851563 0.0189666748046875
-0.165283203125 0.134735107421875 0.0951156616210937 -0.00659179687499999
-0.223434448242188 0.0732574462890625 0.181167602539063 -0.0030059814453125
-0.210296630859375 0.0158538818359375 0.267288208007813 0.111404418945313
-0.293304443359375 -0.0430908203125 0.081787109375 -0.084442138671875
-0.2864990234375 -0.0173645019531249 0.07476806640625 -0.0509719848632812
-0.300933837890625 0.059844970703125 0.0499763488769531 -0.0454559326171875
-0.21905517578125 0.165740966796875 0.0388450622558594 -0.0284004211425781
-0.11541748046875 0.206146240234375 0.00711059570312499 -0.0208301544189453
0.010955810546875 0.240219116210937 0.0246906280517578 0.0139083862304688
0.099365234375 0.199722290039063 0.0529861450195313 0.0269584655761719
0.1026611328125 0.180984497070313 0.0667648315429688 0.0199317932128906
0.129165649414063 0.189544677734375 0.0688743591308594 0.0284652709960938
0.104537963867188 0.208877563476563 0.0710983276367187 0.0353240966796875
0.0177764892578125 0.236831665039062 0.0434150695800781 0.00560379028320314
-0.0589447021484375 0.24072265625 0.0489158630371094 -0.00734329223632811
-0.208770751953125 0.1668701171875 0.0840988159179687 -0.0111618041992187
-0.28131103515625 0.0982666015625 0.140052795410156 0.0155792236328125
-0.274856567382813 0.0263214111328125 0.1942138671875 0.106414794921875
-0.31829833984375 -0.01873779296875 -0.0110321044921875 -0.090484619140625
-0.3001708984375 0.018768310546875 0.0162239074707031 -0.0339641571044922
-0.297821044921875 0.09393310546875 0.045867919921875 -0.0389213562011719
-0.207107543945313 0.187896728515625 0.0485191345214844 -0.0521354675292969
-0.099853515625 0.217025756835937 0.00831985473632812 -0.0672760009765625
0.02459716796875 0.247848510742188 0.000537872314453126 -0.0500602722167969
0.111068725585938 0.2030029296875 0.00144577026367189 -0.0355339050292969
0.113494873046875 0.185897827148438 0.00751495361328125 -0.0327816009521484
0.141098022460937 0.197525024414062 0.00985908508300782 -0.0229835510253906
0.110260009765625 0.221710205078125 0.027862548828125 -0.0197792053222656
0.012359619140625 0.251937866210938 0.0159378051757812 -0.0390815734863281
-0.0680694580078125 0.250137329101562 0.0357513427734375 -0.0326004028320312
-0.222976684570313 0.169876098632813 0.0635833740234375 -0.00943756103515624
-0.297088623046875 0.102996826171875 0.08258056640625 0.0418701171875
-0.29644775390625 0.032135009765625 0.0989761352539062 0.0979156494140625
-0.29296875 0.00643920898437495 -0.110366821289063 -0.0932540893554688
-0.265548706054688 0.0465850830078125 -0.0497016906738281 -0.0165557861328125
-0.245590209960938 0.108001708984375 0.0272083282470703 -0.0308837890625
-0.16094970703125 0.176422119140625 0.0392227172851563 -0.0724334716796875
-0.0701141357421875 0.193084716796875 -0.00256347656249999 -0.103622436523438
0.0363006591796875 0.21868896484375 -0.03076171875 -0.103591918945312
0.106658935546875 0.174896240234375 -0.0530242919921875 -0.0926437377929687
0.107772827148437 0.162216186523438 -0.0519790649414063 -0.0814666748046875
0.128616333007812 0.1759033203125 -0.0467071533203125 -0.0737838745117187
0.0955657958984375 0.198776245117188 -0.0150527954101562 -0.073822021484375
0.00213623046875002 0.222244262695313 -0.00807952880859374 -0.0769195556640625
-0.0676727294921875 0.212738037109375 0.0210151672363281 -0.0515632629394531
-0.19952392578125 0.139801025390625 0.039093017578125 -0.00296020507812499
-0.264175415039062 0.091400146484375 0.0179176330566406 0.0644416809082031
-0.27288818359375 0.0345916748046875 -0.00301361083984376 0.0856475830078125
-0.2200927734375 0.0260772705078125 -0.200180053710938 -0.0917205810546875
-0.188720703125 0.05291748046875 -0.111190795898438 -0.00367736816406249
-0.161300659179688 0.0901947021484375 0.000497817993164052 -0.0222015380859375
-0.101165771484375 0.128494262695313 0.0173721313476562 -0.0822982788085937
-0.0391311645507813 0.137763977050781 -0.0198516845703125 -0.122482299804687
0.0380401611328125 0.1572265625 -0.06512451171875 -0.138481140136719
0.086181640625 0.122879028320313 -0.104331970214844 -0.130332946777344
0.0861740112304687 0.112785339355469 -0.103767395019531 -0.117118835449219
0.0990066528320313 0.125686645507813 -0.0924453735351563 -0.114852905273437
0.06768798828125 0.141693115234375 -0.0467300415039062 -0.116859436035156
-0.00552368164062501 0.15374755859375 -0.0211639404296875 -0.103469848632812
-0.0499191284179688 0.140312194824219 0.0119171142578125 -0.0614204406738281
-0.13690185546875 0.0938186645507813 0.0133628845214844 0.00596618652343751
-0.188400268554688 0.073486328125 -0.0438385009765625 0.0780410766601562
-0.206832885742188 0.0381011962890625 -0.09716796875 0.0698623657226563
-0.111968994140625 0.0325851440429688 -0.265975952148438 -0.0885772705078126
-0.0872421264648438 0.0329360961914063 -0.159713745117187 0.00309753417968753
-0.0670318603515625 0.0417289733886719 -0.0272140502929688 -0.0126304626464844
-0.0425796508789063 0.0551643371582031 -0.00935363769531249 -0.080047607421875
-0.0162467956542969 0.0618934631347656 -0.0377120971679687 -0.12353515625
0.0243606567382813 0.0771331787109375 -0.09405517578125 -0.151168823242188
0.0483856201171875 0.0548896789550781 -0.143081665039062 -0.147262573242188
0.0517120361328125 0.0467910766601563 -0.140083312988281 -0.135414123535156
0.0575370788574219 0.0545501708984375 -0.119369506835937 -0.139251708984375
0.0389747619628906 0.0612945556640625 -0.0633697509765625 -0.142410278320313
0.00190353393554687 0.0652847290039062 -0.0211105346679688 -0.111076354980469
-0.008819580078125 0.0559043884277344 0.0082550048828125 -0.058441162109375
-0.0453758239746094 0.0530548095703125 -0.00869464874267579 0.0160408020019531
-0.0820465087890625 0.0637054443359375 -0.09246826171875 0.0823135375976563
-0.111244201660156 0.04754638671875 -0.168289184570313 0.05377197265625
-0.00394058227539063 -0.0698165893554688 0.1993408203125 -0.0915374755859375
-0.0611114501953125 -0.0741653442382812 0.121116638183594 -0.0975723266601563
-0.0882110595703125 -0.0229568481445313 0.00172805786132812 -0.035675048828125
-0.0685653686523438 0.0202064514160156 -0.0178947448730469 0.0435218811035156
-0.0453109741210938 0.037261962890625 -0.000305175781249996 0.0980453491210938
-0.0229682922363281 0.0419883728027344 0.0727386474609375 0.145721435546875
-0.0023956298828125 0.0406875610351563 0.14813232421875 0.147430419921875
-0.00605392456054688 0.0314254760742188 0.166122436523437 0.124130249023438
-0.00467491149902344 0.0215396881103516 0.164413452148438 0.130401611328125
0.0021514892578125 0.0140562057495117 0.123672485351563 0.147262573242188
0.0109739303588867 0.0162887573242187 0.0763931274414063 0.110267639160156
0.00162315368652344 0.0300121307373047 0.0510215759277344 0.06256103515625
-0.016937255859375 0.0227527618408203 0.0851287841796875 0.0159378051757813
-0.0172653198242187 -0.00535297393798828 0.19268798828125 -0.0199127197265625
0.0117521286010742 -0.0151052474975586 0.318023681640625 0.11279296875
-0.125663757324219 -0.0648880004882813 0.197036743164062 -0.0895538330078125
-0.157806396484375 -0.0618438720703125 0.131065368652344 -0.0896453857421875
-0.186614990234375 0.00547790527343748 0.0236930847167969 -0.0485687255859375
-0.139389038085937 0.0829238891601563 -0.00218963623046876 0.0177326202392578
-0.0792312622070313 0.114700317382813 -0.00458526611328125 0.0658760070800781
-0.00756072998046874 0.132034301757813 0.0615310668945313 0.119186401367188
0.0443344116210938 0.1131591796875 0.135261535644531 0.123725891113281
0.0422210693359375 0.0990524291992188 0.157196044921875 0.100418090820313
0.052215576171875 0.0942001342773438 0.15875244140625 0.10516357421875
0.0449447631835937 0.0945281982421875 0.129997253417969 0.119529724121094
0.0159530639648438 0.105888366699219 0.0819320678710938 0.0817413330078125
-0.0199966430664062 0.117050170898438 0.0621299743652344 0.042266845703125
-0.0947494506835937 0.08636474609375 0.0998992919921875 0.00138854980468751
-0.1290283203125 0.0406723022460938 0.203887939453125 -0.0222625732421875
-0.109031677246094 0.00489807128906248 0.32275390625 0.105712890625
-0.22979736328125 -0.0548248291015625 0.155487060546875 -0.0951995849609375
-0.242401123046875 -0.040863037109375 0.115425109863281 -0.0792236328125
-0.2667236328125 0.0377655029296875 0.0418586730957031 -0.0554084777832031
-0.19573974609375 0.139556884765625 0.0194206237792969 -0.0100517272949219
-0.104080200195313 0.17840576171875 0.000148773193359371 0.0220241546630859
0.00843811035156251 0.204742431640625 0.0459976196289063 0.0692062377929688
0.085205078125 0.169692993164063 0.102943420410156 0.0780487060546875
0.0853271484375 0.150894165039063 0.123481750488281 0.0604629516601563
0.10638427734375 0.151351928710938 0.126937866210938 0.067474365234375
0.0894622802734375 0.161865234375 0.114433288574219 0.0790176391601563
0.0270538330078125 0.186691284179688 0.072296142578125 0.043731689453125
-0.034881591796875 0.1976318359375 0.0632209777832031 0.0161247253417969
-0.160934448242188 0.146041870117188 0.102012634277344 -0.00897216796874999
-0.22235107421875 0.085784912109375 0.188201904296875 -0.0110931396484375
-0.212005615234375 0.0252227783203125 0.287017822265625 0.10113525390625
-0.30120849609375 -0.030609130859375 0.0842742919921875 -0.099273681640625
-0.29559326171875 -0.00469970703125004 0.0767669677734375 -0.062530517578125
-0.30621337890625 0.0783691406249999 0.0509834289550781 -0.05462646484375
-0.217041015625 0.18487548828125 0.0398025512695312 -0.0379981994628906
-0.108718872070312 0.220306396484375 0.00555610656738281 -0.0277137756347656
0.0255126953125 0.24798583984375 0.0254364013671875 0.0075511932373047
0.113494873046875 0.2005615234375 0.0561752319335938 0.019989013671875
0.115524291992188 0.181472778320313 0.0709228515625 0.0120086669921875
0.144195556640625 0.186920166015625 0.074737548828125 0.0199661254882813
0.120025634765625 0.20684814453125 0.0795516967773438 0.0267410278320313
0.032989501953125 0.241943359375 0.0489311218261719 -0.00144195556640624
-0.0462646484375 0.251113891601562 0.0545654296875 -0.0110740661621094
-0.204025268554688 0.184188842773437 0.0917129516601562 -0.0139617919921875
-0.281829833984375 0.117279052734375 0.149002075195312 0.00979614257812501
-0.279830932617188 0.0416717529296875 0.213272094726563 0.0986175537109375
-0.327911376953125 -0.000122070312499989 -0.011077880859375 -0.100883483886719
-0.307586669921875 0.036956787109375 0.0188980102539062 -0.0413589477539062
-0.29913330078125 0.116668701171875 0.0471305847167969 -0.0476341247558594
-0.20001220703125 0.20745849609375 0.0487747192382812 -0.0637283325195312
-0.0903778076171875 0.230133056640625 0.00537109374999999 -0.0753936767578125
0.0428924560546875 0.253631591796875 -0.00271987915039063 -0.0562324523925781
0.126480102539063 0.201034545898438 -0.000247955322265615 -0.0422744750976562
0.12860107421875 0.183639526367187 0.00733566284179689 -0.0382957458496094
0.158096313476563 0.193130493164063 0.0113048553466797 -0.0290470123291016
0.1292724609375 0.218002319335938 0.0309085845947266 -0.0285243988037109
0.0315399169921875 0.257278442382813 0.0168304443359375 -0.0458183288574219
-0.052978515625 0.261871337890625 0.0378913879394531 -0.0368537902832031
-0.217575073242188 0.1903076171875 0.071258544921875 -0.0121994018554687
-0.297393798828125 0.126861572265625 0.0921096801757812 0.0385589599609375
-0.3037109375 0.05047607421875 0.114578247070312 0.0947113037109375
-0.302276611328125 0.0273132324218751 -0.113876342773438 -0.0968551635742187
-0.2703857421875 0.0674591064453125 -0.0470466613769531 -0.0201263427734375
-0.243560791015625 0.130752563476562 0.0297470092773437 -0.0387611389160156
-0.151351928710938 0.194381713867188 0.0390777587890625 -0.0836715698242187
-0.0579986572265625 0.203201293945313 -0.00783538818359376 -0.110984802246094
0.0545501708984375 0.2210693359375 -0.0380477905273437 -0.108566284179687
0.121612548828125 0.171112060546875 -0.0594635009765625 -0.09552001953125
0.1220703125 0.157516479492188 -0.0570297241210937 -0.0846481323242188
0.145706176757813 0.169937133789063 -0.050689697265625 -0.0776824951171875
0.112884521484375 0.194107055664062 -0.016326904296875 -0.0810470581054687
0.01934814453125 0.227035522460938 -0.0111083984375 -0.0832290649414062
-0.053192138671875 0.2236328125 0.0217247009277344 -0.0563812255859375
-0.194503784179688 0.160110473632813 0.0450706481933594 -0.00478744506835937
-0.265594482421875 0.11529541015625 0.0263595581054687 0.0652427673339844
-0.280029296875 0.05352783203125 0.00672149658203124 0.0878143310546875
-0.229232788085938 0.0444946289062501 -0.207794189453125 -0.0894927978515625
-0.1929931640625 0.070831298828125 -0.110382080078125 -0.00260925292968749
-0.159072875976563 0.108795166015625 0.00200843811035155 -0.0285511016845703
-0.0911407470703125 0.143081665039063 0.0145339965820312 -0.092132568359375
-0.0273284912109375 0.144927978515625 -0.0276641845703125 -0.12744140625
0.054168701171875 0.157745361328125 -0.0745162963867188 -0.140449523925781
0.0986404418945313 0.116592407226563 -0.114692687988281 -0.131294250488281
0.0981826782226563 0.107147216796875 -0.113151550292969 -0.118034362792969
0.112075805664063 0.118202209472656 -0.100059509277344 -0.116462707519531
0.0820999145507813 0.135856628417969 -0.0523300170898437 -0.121559143066406
0.00889587402343752 0.157318115234375 -0.0261611938476563 -0.107444763183594
-0.037567138671875 0.147735595703125 0.0109329223632812 -0.0644989013671875
-0.132011413574219 0.109397888183594 0.0188884735107422 0.00628471374511719
-0.187240600585938 0.0941925048828125 -0.0365066528320313 0.0827407836914063
-0.21258544921875 0.0555419921875 -0.092193603515625 0.0771102905273437
-0.11810302734375 0.046905517578125 -0.277801513671875 -0.081573486328125
-0.0914535522460937 0.0451507568359375 -0.16156005859375 0.00807189941406251
-0.0655517578125 0.0546150207519531 -0.0277462005615234 -0.0164833068847656
-0.0371208190917969 0.0638160705566406 -0.0156936645507813 -0.0866241455078125
-0.00777053833007812 0.0666961669921875 -0.0471038818359375 -0.126739501953125
0.0352401733398438 0.0760345458984375 -0.1058349609375 -0.150787353515625
0.0567855834960938 0.0491867065429688 -0.155044555664063 -0.144760131835937
0.0591926574707031 0.0411224365234375 -0.151840209960938 -0.132476806640625
0.0652656555175781 0.0466384887695312 -0.12884521484375 -0.138465881347656
0.0475616455078125 0.0548248291015625 -0.071136474609375 -0.144760131835938
0.0112152099609375 0.0638275146484375 -0.0268936157226563 -0.113327026367188
0.000198364257812505 0.0578536987304688 0.00709152221679687 -0.0609664916992187
-0.0379753112792969 0.0618324279785156 -0.00451278686523438 0.0184860229492188
-0.077239990234375 0.0789642333984375 -0.0872802734375 0.0907974243164063
-0.112960815429687 0.0611190795898438 -0.16766357421875 0.06689453125
-0.00659942626953126 -0.0802841186523438 0.192459106445313 -0.10986328125
-0.0727615356445312 -0.0783920288085938 0.111610412597656 -0.109359741210938
-0.0986480712890625 -0.0194625854492187 -0.00244140625000001 -0.0371971130371094
-0.0753936767578125 0.0279312133789063 -0.0176658630371094 0.0444259643554688
-0.04833984375 0.0469856262207031 0.00372314453125 0.0975418090820313
-0.0223197937011719 0.050750732421875 0.081207275390625 0.140838623046875
-0.000400543212890622 0.0483970642089844 0.157958984375 0.137481689453125
-0.00469970703125 0.0377197265625 0.174636840820312 0.11224365234375
-0.00623893737792969 0.0280437469482422 0.174285888671875 0.118148803710938
-0.00168418884277344 0.0178108215332031 0.136520385742188 0.137809753417969
0.00566482543945313 0.0148134231567383 0.0875396728515625 0.10394287109375
0.000238418579101563 0.0255470275878906 0.0593147277832031 0.0610694885253906
-0.0148735046386719 0.0171098709106445 0.0875244140625 0.0146636962890625
-0.0152587890625 -0.0128517150878906 0.190093994140625 -0.027923583984375
0.016815185546875 -0.0234107971191406 0.328643798828125 0.09686279296875
-0.127906799316406 -0.0650482177734375 0.191543579101563 -0.10986328125
-0.167633056640625 -0.0584564208984375 0.123100280761719 -0.103050231933594
-0.194793701171875 0.01617431640625 0.0184326171875 -0.0528373718261719
-0.141189575195313 0.0955657958984375 -0.00221729278564454 0.0142297744750977
-0.0768508911132812 0.126060485839844 -0.00213241577148438 0.0637550354003906
0.000610351562500006 0.140045166015625 0.0664901733398437 0.11212158203125
0.051300048828125 0.117118835449219 0.142730712890625 0.111465454101563
0.046966552734375 0.101119995117188 0.16412353515625 0.0867156982421875
0.0565643310546875 0.0950546264648438 0.167190551757812 0.0897216796875
0.0479354858398438 0.0926971435546875 0.141845703125 0.106414794921875
0.0191650390625 0.103897094726563 0.0925445556640625 0.0739822387695313
-0.0147323608398438 0.115737915039063 0.0701942443847656 0.0379676818847656
-0.088287353515625 0.0880661010742188 0.103324890136719 -0.00222778320312499
-0.123298645019531 0.0431365966796875 0.203292846679688 -0.0331268310546875
-0.103256225585937 0.00708007812499999 0.336761474609375 0.08673095703125
-0.23193359375 -0.045867919921875 0.152008056640625 -0.11480712890625
-0.249252319335938 -0.0312957763671875 0.109420776367187 -0.0930557250976563
-0.270431518554688 0.053314208984375 0.0381393432617187 -0.0638198852539063
-0.191635131835938 0.154403686523438 0.0178794860839844 -0.0173072814941406
-0.0955810546875 0.1900634765625 -0.000242233276367193 0.0167131423950195
0.021209716796875 0.209716796875 0.048095703125 0.061981201171875
0.09674072265625 0.167709350585938 0.108016967773437 0.0673065185546875
0.095428466796875 0.14947509765625 0.127983093261719 0.0475234985351563
0.117080688476563 0.147293090820313 0.13330078125 0.0545425415039063
0.098602294921875 0.155960083007813 0.1240234375 0.0650863647460938
0.0387420654296875 0.184661865234375 0.0798416137695313 0.0333404541015625
-0.022125244140625 0.1998291015625 0.0704345703125 0.0111007690429688
-0.150543212890625 0.154495239257812 0.107955932617187 -0.01470947265625
-0.21478271484375 0.0987701416015625 0.192230224609375 -0.021881103515625
-0.20867919921875 0.035125732421875 0.301483154296875 0.0816650390625
-0.302764892578125 -0.0118103027343751 0.080657958984375 -0.116165161132813
-0.297149658203125 0.01123046875 0.07379150390625 -0.0747909545898438
-0.30340576171875 0.099395751953125 0.048004150390625 -0.0640335083007813
-0.20709228515625 0.201858520507812 0.0375556945800781 -0.0488243103027344
-0.0948486328125 0.229843139648438 0.00232124328613281 -0.0342235565185547
0.0436553955078125 0.249313354492188 0.0240631103515625 0.00032424926757814
0.126861572265625 0.195404052734375 0.0571823120117188 0.0106430053710938
0.128631591796875 0.174835205078125 0.0724945068359375 0.00113677978515626
0.1585693359375 0.177597045898438 0.0778045654296875 0.00962066650390626
0.134521484375 0.19683837890625 0.08489990234375 0.014373779296875
0.049957275390625 0.239578247070313 0.0517044067382813 -0.0100173950195312
-0.0279083251953125 0.255203247070313 0.0595893859863281 -0.0174064636230469
-0.191375732421875 0.198638916015625 0.0981216430664062 -0.0198516845703125
-0.272659301757813 0.137069702148437 0.155975341796875 -0.00125122070312499
-0.2763671875 0.0593261718750001 0.228103637695313 0.0824432373046875
-0.3272705078125 0.0226135253906249 -0.0134429931640625 -0.112144470214844
-0.30615234375 0.058380126953125 0.0188064575195312 -0.0509223937988281
-0.289581298828125 0.140045166015625 0.0454597473144531 -0.056304931640625
-0.184051513671875 0.22369384765625 0.045684814453125 -0.0761566162109375
-0.0733642578125 0.237762451171875 -0.0014801025390625 -0.0831069946289062
0.0625152587890625 0.250900268554688 -0.007293701171875 -0.0615577697753906
0.142257690429687 0.192245483398438 -0.00398635864257812 -0.0472908020019531
0.1431884765625 0.173873901367187 0.00409317016601564 -0.0458412170410156
0.172134399414063 0.181564331054688 0.01068115234375 -0.0355873107910156
0.145828247070313 0.206573486328125 0.0313949584960938 -0.0380973815917969
0.0517425537109375 0.25335693359375 0.0155906677246094 -0.0525703430175781
-0.0313568115234375 0.267166137695313 0.0407676696777344 -0.0431060791015625
-0.204086303710937 0.208816528320313 0.078125 -0.018768310546875
-0.287261962890625 0.150421142578125 0.101448059082031 0.0306472778320313
-0.300201416015625 0.072021484375 0.128639221191406 0.08514404296875
-0.302581787109375 0.05316162109375 -0.116950988769531 -0.0992279052734375
-0.265472412109375 0.0904083251953125 -0.0436935424804688 -0.024505615234375
-0.232711791992187 0.154129028320313 0.0293312072753906 -0.0468788146972656
-0.1336669921875 0.20819091796875 0.0349502563476562 -0.0947418212890625
-0.040191650390625 0.20892333984375 -0.0167236328125 -0.115127563476562
0.0753631591796875 0.215240478515625 -0.0458602905273438 -0.110443115234375
0.136138916015625 0.15997314453125 -0.0666580200195312 -0.0967559814453125
0.134780883789063 0.146286010742188 -0.0622787475585937 -0.0860748291015625
0.159255981445312 0.156280517578125 -0.0553054809570312 -0.0788345336914062
0.129806518554688 0.180892944335938 -0.020965576171875 -0.0861282348632812
0.039581298828125 0.22442626953125 -0.015899658203125 -0.0880126953125
-0.033355712890625 0.228378295898438 0.0206832885742187 -0.0607376098632812
-0.179611206054688 0.17742919921875 0.051116943359375 -0.00890731811523436
-0.254852294921875 0.13824462890625 0.0366325378417969 0.0617599487304688
-0.276580810546875 0.075531005859375 0.0192184448242187 0.0848922729492188
-0.228485107421875 0.0689239501953125 -0.2120361328125 -0.0841827392578125
-0.18902587890625 0.0911865234375 -0.107292175292969 -0.00142669677734374
-0.147567749023437 0.128952026367188 0.00251770019531249 -0.0351829528808594
-0.0748138427734375 0.152847290039063 0.00732421875 -0.0998382568359375
-0.0121917724609375 0.146453857421875 -0.03753662109375 -0.129196166992188
0.0715789794921875 0.150299072265625 -0.08514404296875 -0.137519836425781
0.110359191894531 0.104812622070313 -0.123146057128906 -0.126983642578125
0.109024047851563 0.096221923828125 -0.1209716796875 -0.114753723144531
0.122772216796875 0.105125427246094 -0.107574462890625 -0.11358642578125
0.0947952270507812 0.1239013671875 -0.059295654296875 -0.122840881347656
0.02520751953125 0.152725219726563 -0.0330810546875 -0.110031127929687
-0.0217437744140625 0.149917602539063 0.00940704345703125 -0.0674705505371094
-0.119529724121094 0.122634887695312 0.0252017974853516 0.00374221801757813
-0.176101684570312 0.114471435546875 -0.0260467529296875 0.0856246948242188
-0.209686279296875 0.07635498046875 -0.0824356079101563 0.0831298828125
-0.119453430175781 0.0634918212890625 -0.284423828125 -0.068450927734375
-0.0902328491210938 0.0593948364257813 -0.159988403320313 0.014190673828125
-0.0593376159667969 0.0675277709960938 -0.0293159484863281 -0.0215244293212891
-0.0265579223632813 0.0716705322265625 -0.0235443115234375 -0.0918197631835938
0.00281906127929688 0.0682106018066406 -0.0586013793945313 -0.124526977539062
0.0477752685546875 0.070648193359375 -0.117263793945312 -0.143783569335938
0.0642051696777344 0.0396385192871094 -0.16607666015625 -0.13555908203125
0.0656166076660156 0.0305671691894531 -0.161224365234375 -0.123931884765625
0.069122314453125 0.0354728698730469 -0.13861083984375 -0.132247924804687
0.0550079345703125 0.043487548828125 -0.0803070068359375 -0.14239501953125
0.021820068359375 0.0583686828613281 -0.034027099609375 -0.114013671875
0.0116119384765625 0.0551223754882812 0.00574111938476563 -0.0616264343261719
-0.0262680053710938 0.0695419311523438 0.00149154663085937 0.0191421508789063
-0.0666961669921875 0.0921478271484375 -0.076629638671875 0.0975418090820313
-0.108871459960937 0.0776748657226563 -0.160537719726563 0.0797119140625
-0.0106353759765625 -0.0896224975585938 0.1773681640625 -0.121047973632813
-0.0852508544921875 -0.078216552734375 0.0989227294921875 -0.114456176757813
-0.107139587402344 -0.0145034790039063 -0.00621795654296876 -0.0373764038085938
-0.0811309814453125 0.03466796875 -0.0164833068847656 0.0441741943359375
-0.049285888671875 0.0572967529296875 0.00791168212890624 0.0937347412109375
-0.0192642211914062 0.0608367919921875 0.0843048095703125 0.132583618164063
0.003143310546875 0.0557746887207031 0.1617431640625 0.1268310546875
-0.0037078857421875 0.0444221496582031 0.17620849609375 0.100143432617187
-0.00602340698242187 0.0353279113769531 0.177276611328125 0.103713989257813
-0.00495529174804687 0.0213890075683594 0.143585205078125 0.122756958007813
0.000245094299316405 0.0136117935180664 0.0947494506835938 0.0943527221679688
-0.00341224670410156 0.0210075378417969 0.065948486328125 0.0575904846191406
-0.015411376953125 0.0084390640258789 0.0886764526367187 0.0144271850585938
-0.0151424407958984 -0.0236129760742187 0.181243896484375 -0.0319671630859375
0.0184478759765625 -0.0342674255371094 0.329620361328125 0.08087158203125
-0.12835693359375 -0.0660781860351563 0.179855346679688 -0.124252319335938
-0.173507690429688 -0.055267333984375 0.111778259277344 -0.112503051757813
-0.199005126953125 0.02587890625 0.0137252807617187 -0.0565299987792969
-0.139076232910156 0.106597900390625 -0.00506687164306641 0.0120325088500977
-0.0726776123046875 0.134368896484375 -2.67028808593827E-05 0.0592384338378906
0.00947570800781252 0.144561767578125 0.0662002563476562 0.105453491210938
0.0587387084960938 0.117401123046875 0.145370483398438 0.100631713867188
0.0517196655273437 0.102951049804688 0.163772583007813 0.0703887939453125
0.0600051879882813 0.0943222045898437 0.166488647460938 0.073974609375
0.04730224609375 0.0918426513671875 0.1473388671875 0.0889892578125
0.0195999145507813 0.101699829101563 0.09771728515625 0.0611419677734375
-0.0106124877929687 0.111869812011719 0.07611083984375 0.0328598022460938
-0.0815048217773438 0.0846481323242188 0.10638427734375 -0.00595855712890625
-0.115577697753906 0.04290771484375 0.19940185546875 -0.038787841796875
-0.095428466796875 0.00270080566406252 0.337310791015625 0.06671142578125
-0.227020263671875 -0.03863525390625 0.140083312988281 -0.130516052246094
-0.250778198242188 -0.0227203369140625 0.0997695922851562 -0.103218078613281
-0.265640258789062 0.0665435791015625 0.0318832397460937 -0.0676498413085938
-0.183456420898438 0.166961669921875 0.0132789611816406 -0.0226306915283203
-0.08746337890625 0.195343017578125 -0.00219821929931641 0.0115060806274414
0.0344696044921875 0.211288452148437 0.0474929809570312 0.053985595703125
0.103240966796875 0.165679931640625 0.1072998046875 0.0549545288085938
0.101043701171875 0.14178466796875 0.126502990722656 0.0343856811523438
0.121406555175781 0.140548706054688 0.133056640625 0.0381546020507813
0.105560302734375 0.148269653320313 0.128173828125 0.0479507446289063
0.0473175048828125 0.175994873046875 0.0838775634765625 0.02197265625
-0.0115509033203125 0.192840576171875 0.0764923095703125 0.00408172607421876
-0.136444091796875 0.1551513671875 0.112030029296875 -0.01953125
-0.201263427734375 0.104232788085937 0.189834594726563 -0.032745361328125
-0.198715209960938 0.039947509765625 0.306304931640625 0.06103515625
-0.2935791015625 0.00158691406250004 0.0719451904296875 -0.13018798828125
-0.291168212890625 0.02532958984375 0.066558837890625 -0.0858535766601563
-0.292877197265625 0.114105224609375 0.043212890625 -0.0704727172851563
-0.19134521484375 0.209884643554688 0.0316810607910156 -0.0555381774902344
-0.0810699462890625 0.232803344726562 -0.00226211547851563 -0.0398025512695312
0.05731201171875 0.243743896484375 0.0195064544677734 -0.00612449645996092
0.137252807617188 0.185928344726563 0.0532760620117188 0.00249099731445314
0.136459350585938 0.164077758789063 0.0698089599609375 -0.00916290283203124
0.164901733398438 0.164337158203125 0.0776290893554688 -0.00193023681640624
0.141586303710937 0.182357788085937 0.0849609375 -0.000457763671874989
0.0633544921875 0.230697631835938 0.0506362915039063 -0.0198898315429687
-0.0115509033203125 0.25146484375 0.0627708435058594 -0.02423095703125
-0.173751831054688 0.20428466796875 0.103965759277344 -0.0276031494140625
-0.256484985351563 0.14874267578125 0.157119750976562 -0.00997924804687499
-0.263381958007813 0.0700531005859375 0.2354736328125 0.0635223388671875
-0.316741943359375 0.04095458984375 -0.0188140869140625 -0.119781494140625
-0.2921142578125 0.0743408203125 0.0172348022460937 -0.0608482360839844
-0.271835327148438 0.154159545898437 0.0412063598632812 -0.0662689208984375
-0.165924072265625 0.230392456054687 0.0361480712890625 -0.086883544921875
-0.057342529296875 0.23602294921875 -0.00806427001953124 -0.0866241455078125
0.0772247314453125 0.238525390625 -0.0168914794921875 -0.0640983581542969
0.149627685546875 0.1783447265625 -0.00666809082031249 -0.0535430908203125
0.149887084960938 0.159194946289063 0.00257492065429688 -0.0512237548828125
0.178375244140625 0.162384033203125 0.00906372070312501 -0.04144287109375
0.156036376953125 0.18853759765625 0.0297279357910156 -0.0484428405761719
0.0685882568359375 0.244293212890625 0.01263427734375 -0.0584030151367187
-0.0125274658203125 0.262191772460938 0.0414390563964844 -0.0468101501464844
-0.185012817382813 0.21527099609375 0.08251953125 -0.0252151489257812
-0.267532348632813 0.165771484375 0.105239868164062 0.0209884643554688
-0.28900146484375 0.0867919921875001 0.136634826660156 0.0701446533203125
-0.2923583984375 0.075653076171875 -0.117416381835938 -0.102195739746094
-0.252227783203125 0.106674194335937 -0.0401229858398438 -0.0305366516113281
-0.210556030273438 0.167312622070312 0.0255165100097656 -0.0570411682128906
-0.114288330078125 0.2122802734375 0.026214599609375 -0.104194641113281
-0.02496337890625 0.202499389648438 -0.0243911743164062 -0.1153564453125
0.08905029296875 0.201919555664062 -0.0528411865234375 -0.108840942382813
0.144134521484375 0.143508911132813 -0.0711441040039063 -0.0953903198242187
0.140914916992188 0.130905151367188 -0.0669784545898438 -0.0883407592773437
0.1639404296875 0.139404296875 -0.0581588745117187 -0.0809555053710938
0.136978149414063 0.164154052734375 -0.0239715576171875 -0.0888290405273437
0.0556640625 0.212310791015625 -0.0198593139648438 -0.0910797119140625
-0.0159454345703125 0.223770141601563 0.0195846557617187 -0.0646095275878906
-0.160446166992188 0.185379028320312 0.0568428039550781 -0.0167922973632812
-0.235687255859375 0.153564453125 0.0437049865722656 0.05621337890625
-0.265548706054688 0.0931854248046875 0.0298995971679687 0.0757598876953125
-0.219375610351563 0.0885009765625 -0.21014404296875 -0.08050537109375
-0.17620849609375 0.107376098632812 -0.10101318359375 -0.00438690185546874
-0.131591796875 0.139839172363281 0.00193405151367187 -0.0423660278320313
-0.05474853515625 0.156723022460938 0.000190734863281253 -0.106124877929688
0.00210571289062501 0.141448974609375 -0.0465469360351562 -0.128921508789062
0.0842514038085938 0.136520385742187 -0.0921249389648438 -0.134170532226563
0.114891052246094 0.091552734375 -0.128890991210937 -0.121086120605469
0.110740661621094 0.081451416015625 -0.125572204589844 -0.108367919921875
0.1240234375 0.088348388671875 -0.112968444824219 -0.110206604003906
0.0999679565429688 0.106025695800781 -0.0636978149414062 -0.124092102050781
0.03863525390625 0.14263916015625 -0.0381317138671875 -0.108726501464844
-0.006103515625 0.142715454101563 0.00658035278320312 -0.0697059631347656
-0.103660583496094 0.129035949707031 0.0291156768798828 0.00016212463378907
-0.159820556640625 0.129547119140625 -0.0161590576171875 0.0804290771484375
-0.196990966796875 0.092620849609375 -0.0695953369140625 0.0823440551757813
-0.116058349609375 0.079345703125 -0.2830810546875 -0.058685302734375
-0.0835800170898437 0.0733871459960938 -0.153518676757812 0.0160675048828125
-0.0508651733398437 0.0768508911132813 -0.0294208526611328 -0.0259304046630859
-0.0148239135742187 0.0742874145507813 -0.0321273803710938 -0.0928573608398438
0.0126762390136719 0.0655937194824219 -0.0656967163085938 -0.11993408203125
0.0560836791992188 0.0608596801757813 -0.123565673828125 -0.133369445800781
0.0670280456542969 0.0273895263671875 -0.168563842773438 -0.123779296875
0.0656967163085938 0.019744873046875 -0.16497802734375 -0.115142822265625
0.0710906982421875 0.0233840942382813 -0.143142700195312 -0.122833251953125
0.0556259155273438 0.0307235717773438 -0.085723876953125 -0.139190673828125
0.0284461975097656 0.0485610961914063 -0.0396652221679688 -0.11041259765625
0.02191162109375 0.0474853515625 0.00408554077148437 -0.0609931945800781
-0.01202392578125 0.0697174072265625 0.00451564788818359 0.0172386169433594
-0.0504913330078125 0.100517272949219 -0.0633697509765625 0.09857177734375
-0.100082397460938 0.0895767211914062 -0.147171020507813 0.08636474609375
-0.01702880859375 -0.0996322631835938 0.163787841796875 -0.124832153320313
-0.095245361328125 -0.0778045654296875 0.0864334106445312 -0.113327026367188
-0.115371704101562 -0.00885772705078125 -0.0103340148925781 -0.0349235534667969
-0.0837936401367188 0.04437255859375 -0.0175895690917969 0.0431671142578125
-0.048492431640625 0.0654563903808594 0.00682830810546874 0.0914688110351563
-0.0153083801269531 0.0685920715332031 0.0826187133789062 0.127540588378906
0.00871276855468751 0.0615310668945313 0.159072875976563 0.116287231445313
-0.000968933105468752 0.0497360229492188 0.172882080078125 0.0902557373046875
-0.00415802001953125 0.0416107177734375 0.173919677734375 0.094085693359375
-0.00690460205078125 0.0280342102050781 0.143829345703125 0.113372802734375
-0.00642776489257813 0.0173416137695313 0.0980377197265625 0.0845870971679688
-0.0100212097167969 0.0189838409423828 0.0696258544921875 0.0541419982910156
-0.0192451477050781 -0.000944137573242191 0.0897598266601562 0.0163040161132813
-0.0168952941894531 -0.0317134857177734 0.17706298828125 -0.029510498046875
0.0187835693359375 -0.0442771911621094 0.326324462890625 0.073455810546875
-0.128303527832031 -0.0732650756835938 0.164352416992188 -0.1326904296875
-0.180892944335938 -0.053619384765625 0.0987701416015625 -0.114669799804688
-0.200454711914062 0.0326385498046875 0.00982284545898437 -0.0559844970703125
-0.1397705078125 0.112808227539063 -0.00676631927490235 0.00883960723876954
-0.0683746337890625 0.141616821289063 -0.00413894653320312 0.0555953979492188
0.0145416259765625 0.14788818359375 0.06463623046875 0.0987548828125
0.0630874633789063 0.11981201171875 0.140899658203125 0.0904388427734375
0.0540542602539062 0.102943420410156 0.159454345703125 0.061492919921875
0.0612258911132812 0.0963668823242188 0.164031982421875 0.063140869140625
0.0454177856445313 0.0914230346679688 0.146255493164063 0.0780181884765625
0.0158004760742188 0.097930908203125 0.0990447998046875 0.0501937866210938
-0.0119171142578125 0.105598449707031 0.079803466796875 0.0278854370117188
-0.0789108276367188 0.0753555297851563 0.108673095703125 -0.0071868896484375
-0.111526489257813 0.033966064453125 0.19580078125 -0.0415191650390625
-0.0921859741210938 -0.00476837158203125 0.335723876953125 0.0555419921875
-0.223358154296875 -0.0404052734375 0.125274658203125 -0.141403198242188
-0.247879028320313 -0.0188446044921875 0.0887451171875 -0.108612060546875
-0.2628173828125 0.0719757080078125 0.0264739990234375 -0.0708694458007813
-0.177841186523438 0.169906616210937 0.00871658325195311 -0.0289039611816406
-0.079376220703125 0.198135375976562 -0.00799608230590821 0.00646114349365236
0.0404052734375 0.206344604492188 0.0401649475097656 0.0487594604492188
0.109039306640625 0.160186767578125 0.101455688476562 0.0474395751953125
0.102325439453125 0.139839172363281 0.120811462402344 0.0233917236328125
0.122711181640625 0.136543273925781 0.12872314453125 0.028228759765625
0.10211181640625 0.141387939453125 0.125007629394531 0.0359878540039063
0.0457305908203125 0.171630859375 0.0826416015625 0.0116806030273438
-0.00851440429687502 0.186309814453125 0.0784225463867188 -0.00294494628906249
-0.131057739257813 0.148193359375 0.114959716796875 -0.0242462158203125
-0.193161010742188 0.098419189453125 0.188812255859375 -0.0369720458984375
-0.187301635742187 0.0359954833984375 0.305633544921875 0.046844482421875
-0.28302001953125 0.00408935546874996 0.06195068359375 -0.140960693359375
-0.283477783203125 0.02801513671875 0.059295654296875 -0.093963623046875
-0.2835693359375 0.116455078125 0.0386810302734375 -0.0766830444335937
-0.182296752929687 0.210235595703125 0.0247764587402344 -0.0645217895507812
-0.074127197265625 0.229293823242188 -0.00936889648437501 -0.0449562072753906
0.064178466796875 0.235794067382812 0.0127010345458984 -0.010075569152832
0.13897705078125 0.177108764648438 0.0486030578613281 -0.00600433349609374
0.135696411132813 0.156219482421875 0.0651092529296875 -0.0179328918457031
0.164413452148438 0.156982421875 0.0723419189453125 -0.0115890502929687
0.142379760742188 0.171859741210938 0.0819854736328125 -0.0123367309570312
0.06719970703125 0.2216796875 0.050384521484375 -0.0291023254394531
-0.00344848632812501 0.242034912109375 0.0638923645019531 -0.0319709777832031
-0.162872314453125 0.199859619140625 0.106178283691406 -0.0344619750976562
-0.242218017578125 0.147857666015625 0.157150268554687 -0.0185089111328125
-0.251449584960938 0.0695953369140625 0.236068725585937 0.048095703125
-0.30267333984375 0.050140380859375 -0.024566650390625 -0.130897521972656
-0.280502319335938 0.0787200927734375 0.0134658813476562 -0.0687332153320313
-0.2569580078125 0.156158447265625 0.0388641357421875 -0.0729751586914062
-0.150680541992188 0.225860595703125 0.0318984985351562 -0.0942153930664062
-0.0481719970703125 0.22796630859375 -0.0150527954101563 -0.0894546508789062
0.0841827392578125 0.227508544921875 -0.0207366943359375 -0.0663833618164062
0.151687622070312 0.16693115234375 -0.0130195617675781 -0.0565414428710938
0.149261474609375 0.149169921875 -0.00282669067382811 -0.0579109191894531
0.17840576171875 0.1524658203125 0.00486373901367189 -0.0482215881347656
0.15472412109375 0.173995971679688 0.0254287719726563 -0.0558891296386719
0.074371337890625 0.23309326171875 0.00939559936523438 -0.066253662109375
-0.0018768310546875 0.25360107421875 0.0419158935546875 -0.0548515319824219
-0.169387817382812 0.214065551757813 0.0864715576171875 -0.0330581665039062
-0.253097534179688 0.168701171875 0.107673645019531 0.012298583984375
-0.273956298828125 0.09112548828125 0.142135620117188 0.057037353515625
-0.276473999023438 0.0852508544921875 -0.119155883789063 -0.1104736328125
-0.2369384765625 0.114242553710938 -0.0407524108886719 -0.039154052734375
-0.19378662109375 0.170242309570313 0.0247535705566406 -0.0641860961914062
-0.0955810546875 0.206649780273438 0.0196533203125 -0.110870361328125
-0.0139617919921875 0.193572998046875 -0.030853271484375 -0.1182861328125
0.0943450927734375 0.187332153320313 -0.0580215454101562 -0.108116149902344
0.142242431640625 0.129745483398438 -0.0752105712890625 -0.0958709716796875
0.139900207519531 0.117950439453125 -0.0698318481445313 -0.0884170532226562
0.162750244140625 0.124420166015625 -0.06195068359375 -0.0822296142578125
0.137725830078125 0.146759033203125 -0.028533935546875 -0.0954971313476562
0.0631561279296875 0.20123291015625 -0.0245285034179687 -0.0938644409179688
-0.00236511230468752 0.214553833007813 0.0205230712890625 -0.0695762634277344
-0.145462036132813 0.18646240234375 0.0597267150878906 -0.0224685668945312
-0.218673706054688 0.160171508789062 0.04913330078125 0.0466194152832031
-0.250625610351563 0.101226806640625 0.0362701416015625 0.0654792785644531
-0.207977294921875 0.101226806640625 -0.208511352539063 -0.082550048828125
-0.1639404296875 0.115814208984375 -0.0968780517578125 -0.00984191894531249
-0.11383056640625 0.144577026367188 -0.00234985351562501 -0.0498085021972656
-0.0411529541015625 0.152786254882812 -0.0082244873046875 -0.109642028808594
0.012603759765625 0.133811950683594 -0.05145263671875 -0.124488830566406
0.0883865356445312 0.123382568359375 -0.0953292846679688 -0.127159118652344
0.113685607910156 0.0762939453125 -0.128944396972656 -0.116737365722656
0.10906982421875 0.0692825317382812 -0.126312255859375 -0.106597900390625
0.121345520019531 0.074310302734375 -0.113349914550781 -0.107612609863281
0.0982742309570313 0.092010498046875 -0.0675506591796875 -0.1231689453125
0.0445175170898438 0.130615234375 -0.0416336059570313 -0.108528137207031
0.00395965576171874 0.134918212890625 0.00653076171875 -0.0718154907226562
-0.0858154296875 0.127876281738281 0.0340557098388672 -0.00546836853027343
-0.141494750976563 0.133743286132813 -0.00903320312500002 0.0749588012695313
-0.184844970703125 0.102432250976562 -0.0609054565429688 0.076324462890625
-0.10791015625 0.0926437377929687 -0.27752685546875 -0.0570526123046875
-0.0766143798828125 0.0831298828125 -0.146865844726563 0.0120697021484375
-0.0378036499023438 0.0848617553710938 -0.0328884124755859 -0.0314426422119141
-0.001495361328125 0.0736541748046875 -0.0385894775390625 -0.093505859375
0.0221977233886719 0.0596351623535156 -0.0711746215820312 -0.112953186035156
0.0607109069824219 0.0487709045410156 -0.124862670898438 -0.124610900878906
0.0666046142578125 0.0157012939453125 -0.16864013671875 -0.116455078125
0.0631904602050781 0.00850677490234375 -0.163543701171875 -0.108688354492187
0.06591796875 0.0109634399414063 -0.14239501953125 -0.119094848632813
0.0535392761230469 0.0185737609863281 -0.0871505737304687 -0.134803771972656
0.0323867797851563 0.0387496948242188 -0.0410232543945313 -0.108482360839844
0.02789306640625 0.0391807556152344 0.00521850585937501 -0.0629997253417969
0.00107955932617187 0.0685386657714844 0.0124120712280273 0.0142507553100586
-0.03546142578125 0.105720520019531 -0.0546722412109375 0.09503173828125
-0.0885238647460938 0.0993118286132813 -0.135475158691406 0.0862045288085938
-0.0250091552734375 -0.110084533691406 0.152923583984375 -0.123565673828125
-0.106979370117187 -0.0767745971679688 0.0784683227539063 -0.110343933105469
-0.124679565429688 -0.00243377685546876 -0.0133724212646484 -0.0337810516357422
-0.0887527465820313 0.0547256469726562 -0.0195732116699219 0.0443344116210938
-0.0468521118164063 0.0752105712890625 0.00442504882812501 0.0910263061523438
-0.00876617431640624 0.0775222778320313 0.0804443359375 0.126571655273438
0.0153694152832031 0.0684356689453125 0.15625 0.114273071289063
0.00273513793945312 0.0562820434570312 0.169448852539062 0.0870819091796875
-0.00141525268554687 0.0493011474609375 0.169479370117188 0.0906982421875
-0.00842857360839844 0.0349197387695313 0.141510009765625 0.10638427734375
-0.0129413604736328 0.0214290618896484 0.099273681640625 0.078216552734375
-0.0178279876708984 0.0182056427001953 0.0734634399414063 0.0520172119140625
-0.0255775451660156 -0.00851821899414063 0.0932540893554688 0.0196075439453125
-0.0228462219238281 -0.0413284301757813 0.175949096679687 -0.0230255126953125
0.0165481567382813 -0.05633544921875 0.32586669921875 0.07476806640625
-0.132431030273438 -0.0830764770507813 0.151748657226563 -0.134902954101563
-0.18865966796875 -0.05389404296875 0.089569091796875 -0.113525390625
-0.207138061523438 0.0358428955078125 0.00503540039062498 -0.0567893981933594
-0.141571044921875 0.121047973632812 -0.0122385025024414 0.00643920898437501
-0.065765380859375 0.148162841796875 -0.00956344604492187 0.0537528991699219
0.0206756591796875 0.153900146484375 0.0587387084960938 0.0965347290039063
0.069000244140625 0.124786376953125 0.134780883789063 0.0864028930664063
0.056427001953125 0.107795715332031 0.1536865234375 0.055999755859375
0.0634078979492188 0.102394104003906 0.158615112304688 0.0579071044921875
0.0443038940429688 0.0947113037109375 0.143508911132813 0.06866455078125
0.0102386474609375 0.0998458862304688 0.0989151000976563 0.0428314208984375
-0.0179290771484375 0.101753234863281 0.0835647583007813 0.0223617553710938
-0.0825042724609375 0.06634521484375 0.113578796386719 -0.0065155029296875
-0.113815307617188 0.0238418579101563 0.195785522460938 -0.0384063720703125
-0.0902557373046875 -0.0165634155273437 0.336029052734375 0.05157470703125
-0.220870971679687 -0.0484466552734375 0.114791870117187 -0.147415161132813
-0.251998901367187 -0.021881103515625 0.0795974731445312 -0.110893249511719
-0.265838623046875 0.0729522705078125 0.0220489501953125 -0.0743179321289063
-0.178619384765625 0.173721313476563 0.00255775451660155 -0.033426284790039
-0.07867431640625 0.200820922851562 -0.0147895812988281 0.00340557098388673
0.0448760986328125 0.208892822265625 0.0325660705566406 0.0458030700683594
0.11163330078125 0.162445068359375 0.0945892333984375 0.0421066284179688
0.103179931640625 0.1412353515625 0.115280151367188 0.016815185546875
0.122833251953125 0.138259887695313 0.123558044433594 0.0209884643554688
0.098663330078125 0.140762329101563 0.120994567871094 0.0250625610351563
0.0420989990234375 0.1707763671875 0.080596923828125 0.00342559814453126
-0.0109405517578125 0.182662963867188 0.0819473266601563 -0.0100173950195312
-0.130569458007812 0.140945434570313 0.120262145996094 -0.0283737182617187
-0.19049072265625 0.091705322265625 0.190505981445312 -0.0384063720703125
-0.183334350585938 0.025970458984375 0.30657958984375 0.038177490234375
-0.276901245117188 -0.000427246093750043 0.0516357421875 -0.150894165039063
-0.281112670898438 0.0250701904296875 0.0516204833984375 -0.09991455078125
-0.28057861328125 0.115005493164062 0.033416748046875 -0.0819625854492187
-0.1793212890625 0.208969116210937 0.0175247192382812 -0.0711441040039062
-0.0723724365234375 0.228683471679688 -0.0166473388671875 -0.0488471984863281
0.06646728515625 0.232635498046875 0.00499725341796876 -0.0124931335449219
0.139434814453125 0.176116943359375 0.0417823791503906 -0.0100555419921875
0.13470458984375 0.154556274414062 0.0589447021484375 -0.0248260498046875
0.163055419921875 0.154373168945313 0.0669975280761719 -0.0183219909667969
0.13861083984375 0.167648315429688 0.0775985717773438 -0.0220718383789062
0.0664825439453125 0.21734619140625 0.0471534729003906 -0.0376739501953125
-0.00251770019531251 0.236557006835937 0.0663681030273438 -0.0393600463867187
-0.160507202148437 0.194015502929688 0.110496520996094 -0.041046142578125
-0.2374267578125 0.142684936523437 0.159317016601562 -0.023681640625
-0.245071411132812 0.0639801025390625 0.237747192382813 0.0371856689453125
-0.292816162109375 0.049560546875 -0.031494140625 -0.142776489257813
-0.27325439453125 0.07757568359375 0.00859069824218748 -0.0785598754882812
-0.248825073242188 0.1544189453125 0.0344314575195312 -0.081329345703125
-0.144393920898438 0.221328735351563 0.022705078125 -0.10028076171875
-0.0465240478515625 0.223037719726563 -0.0220184326171875 -0.0936355590820312
0.08465576171875 0.22125244140625 -0.0271148681640625 -0.0693626403808593
0.149612426757812 0.160980224609375 -0.0185546875 -0.0604019165039062
0.145660400390625 0.144027709960938 -0.00766754150390624 -0.0633125305175781
0.175613403320313 0.146896362304688 -0.000167846679687493 -0.055328369140625
0.15106201171875 0.1669921875 0.021514892578125 -0.0654487609863281
0.0750579833984375 0.226043701171875 0.00553131103515626 -0.0727767944335937
0.001953125 0.246810913085938 0.0422210693359375 -0.0625419616699219
-0.163360595703125 0.21026611328125 0.089752197265625 -0.0411300659179687
-0.244583129882813 0.166183471679688 0.109672546386719 0.00466156005859376
-0.265640258789063 0.0887603759765625 0.14410400390625 0.0441131591796875
-0.266510009765625 0.090057373046875 -0.122810363769531 -0.122085571289063
-0.227035522460937 0.115676879882812 -0.0421829223632813 -0.0498619079589844
-0.182388305664063 0.168548583984375 0.0207061767578125 -0.0734634399414062
-0.0869903564453125 0.200729370117188 0.0110397338867187 -0.116790771484375
-0.0109100341796875 0.186264038085938 -0.0363922119140625 -0.12066650390625
0.094635009765625 0.177215576171875 -0.0616912841796875 -0.109352111816406
0.139617919921875 0.122627258300781 -0.0781784057617187 -0.0986785888671875
0.135406494140625 0.110893249511719 -0.07281494140625 -0.0930862426757813
0.158309936523438 0.116607666015625 -0.0649948120117188 -0.0870895385742187
0.132896423339844 0.136947631835938 -0.032073974609375 -0.10223388671875
0.0648956298828125 0.191070556640625 -0.0282974243164063 -0.0982284545898437
0.00256347656249999 0.205825805664063 0.0197525024414062 -0.0759735107421875
-0.135940551757813 0.182342529296875 0.0619735717773437 -0.0302047729492187
-0.20574951171875 0.159469604492187 0.0507850646972656 0.0388641357421875
-0.24090576171875 0.10150146484375 0.0403022766113281 0.0555915832519531
-0.197845458984375 0.109619140625 -0.20916748046875 -0.0928497314453125
-0.153884887695312 0.1209716796875 -0.0960617065429688 -0.021728515625
-0.1014404296875 0.14569091796875 -0.00550460815429688 -0.0588912963867187
-0.03076171875 0.147262573242188 -0.0149917602539062 -0.113777160644531
0.018035888671875 0.125816345214844 -0.0558242797851562 -0.1236572265625
0.0889358520507813 0.112014770507813 -0.0955657958984375 -0.126502990722656
0.110565185546875 0.0671234130859375 -0.130813598632813 -0.117950439453125
0.1046142578125 0.0598297119140625 -0.12744140625 -0.109176635742187
0.116828918457031 0.0659942626953125 -0.114830017089844 -0.110130310058594
0.0943450927734375 0.081756591796875 -0.0706863403320313 -0.1270751953125
0.0459518432617188 0.119430541992188 -0.04449462890625 -0.112098693847656
0.0095062255859375 0.125389099121094 0.00669097900390626 -0.0773696899414062
-0.075775146484375 0.124862670898437 0.0371856689453125 -0.0127983093261719
-0.12762451171875 0.134330749511719 -0.00511932373046876 0.0683860778808594
-0.173965454101562 0.106216430664063 -0.0553131103515625 0.067352294921875
-0.100234985351562 0.10333251953125 -0.277130126953125 -0.06195068359375
-0.0687255859375 0.0909957885742188 -0.145675659179688 0.00355529785156253
-0.0267257690429688 0.088165283203125 -0.0376358032226563 -0.0382041931152344
0.00784301757812499 0.0709304809570312 -0.0461502075195313 -0.0946807861328125
0.0270614624023438 0.0536422729492188 -0.0741043090820312 -0.10906982421875
0.061981201171875 0.038909912109375 -0.122825622558594 -0.121925354003906
0.0626907348632813 0.00540542602539063 -0.166915893554688 -0.114364624023438
0.0586280822753906 -0.0004425048828125 -0.162582397460938 -0.10784912109375
0.0595550537109375 0.0015716552734375 -0.141433715820313 -0.118743896484375
0.048492431640625 0.00940322875976563 -0.08697509765625 -0.135307312011719
0.032470703125 0.0275154113769531 -0.03985595703125 -0.109100341796875
0.0324974060058594 0.0291805267333984 0.00543212890625 -0.0661239624023438
0.0121192932128906 0.0641021728515625 0.0163145065307617 0.00990772247314453
-0.0211410522460938 0.106338500976562 -0.049041748046875 0.0891265869140625
-0.077880859375 0.105644226074219 -0.12841796875 0.0805740356445313
-0.0370635986328125 -0.12127685546875 0.146102905273437 -0.120010375976563
-0.121574401855469 -0.0735015869140625 0.0735855102539062 -0.10504150390625
-0.134750366210937 0.00650787353515626 -0.0159168243408203 -0.0320396423339844
-0.0922698974609375 0.0677108764648437 -0.0209197998046875 0.0470237731933594
-0.0438461303710937 0.086334228515625 0.00168609619140624 0.092926025390625
-2.28881835937417E-05 0.0865631103515625 0.0790176391601563 0.129997253417969
0.0241012573242188 0.0750579833984375 0.156280517578125 0.115982055664063
0.00869369506835938 0.0631599426269531 0.167922973632812 0.0871734619140625
0.00391769409179687 0.0575294494628906 0.168258666992188 0.0906219482421875
-0.00791549682617187 0.0431861877441406 0.141311645507813 0.102874755859375
-0.0188331604003906 0.0287399291992188 0.100273132324219 0.0735015869140625
-0.0268020629882813 0.0202007293701172 0.077911376953125 0.0504074096679688
-0.035430908203125 -0.0152740478515625 0.0994491577148437 0.0225372314453125
-0.0319480895996094 -0.0517997741699219 0.181259155273438 -0.01654052734375
0.0117301940917969 -0.0701370239257813 0.333831787109375 0.079132080078125
-0.142822265625 -0.0942230224609375 0.142257690429687 -0.135467529296875
-0.20245361328125 -0.0529022216796875 0.082672119140625 -0.111724853515625
-0.217391967773438 0.0433807373046875 0.000350952148437481 -0.0573158264160156
-0.145675659179688 0.132843017578125 -0.016265869140625 0.00587940216064454
-0.06427001953125 0.158737182617188 -0.0159797668457031 0.0534591674804688
0.0279083251953125 0.161697387695313 0.0539627075195312 0.0987930297851563
0.07696533203125 0.130752563476563 0.132102966308594 0.08648681640625
0.0614242553710937 0.114608764648438 0.150726318359375 0.0546722412109375
0.0679855346679688 0.110237121582031 0.155044555664063 0.05487060546875
0.0438232421875 0.101173400878906 0.141067504882813 0.0630340576171875
0.00504302978515625 0.105735778808594 0.0988082885742188 0.0356979370117188
-0.0249862670898437 0.102767944335938 0.0886077880859375 0.01666259765625
-0.090606689453125 0.0594940185546875 0.120582580566406 -0.0086517333984375
-0.120681762695313 0.0147247314453125 0.20172119140625 -0.03692626953125
-0.0947952270507813 -0.0295181274414063 0.342681884765625 0.049835205078125
-0.226898193359375 -0.058837890625 0.103073120117187 -0.152542114257813
-0.262710571289063 -0.02374267578125 0.071746826171875 -0.113227844238281
-0.2742919921875 0.0757598876953125 0.0165557861328125 -0.0777740478515625
-0.182647705078125 0.182052612304687 -0.00474548339843751 -0.0361595153808594
-0.078582763671875 0.209930419921875 -0.0231609344482422 0.00154495239257814
0.0497894287109375 0.214202880859375 0.0257339477539063 0.04693603515625
0.117599487304688 0.166961669921875 0.0882492065429688 0.04052734375
0.10675048828125 0.146652221679688 0.109954833984375 0.0131149291992188
0.126068115234375 0.143585205078125 0.118133544921875 0.0158615112304688
0.0980987548828125 0.145431518554688 0.117179870605469 0.0172119140625
0.038787841796875 0.175094604492187 0.0786056518554688 -0.00524902343749999
-0.015716552734375 0.1829833984375 0.0852508544921875 -0.017669677734375
-0.137550354003906 0.135688781738281 0.126686096191406 -0.0351181030273437
-0.196258544921875 0.0839691162109375 0.1953125 -0.04180908203125
-0.186386108398437 0.01446533203125 0.31146240234375 0.031829833984375
-0.27886962890625 -0.00802612304687503 0.0394134521484375 -0.160247802734375
-0.285919189453125 0.021240234375 0.0429229736328125 -0.10577392578125
-0.28582763671875 0.1143798828125 0.0273361206054687 -0.0886077880859375
-0.183090209960938 0.212905883789063 0.00812530517578124 -0.0766220092773438
-0.07452392578125 0.2325439453125 -0.0261192321777344 -0.052337646484375
0.0684356689453125 0.235458374023438 -0.00380897521972656 -0.0135059356689453
0.142105102539063 0.17803955078125 0.0343475341796875 -0.0130481719970703
0.135467529296875 0.1571044921875 0.0520591735839844 -0.0302047729492187
0.164932250976563 0.157455444335938 0.0613059997558594 -0.0245323181152344
0.137237548828125 0.168182373046875 0.0718765258789063 -0.0312728881835938
0.0654449462890625 0.219329833984375 0.0427894592285156 -0.0463294982910156
-0.0048980712890625 0.236297607421875 0.0674781799316406 -0.049957275390625
-0.16400146484375 0.191162109375 0.115669250488281 -0.0503921508789062
-0.239883422851563 0.13763427734375 0.163742065429687 -0.0306549072265625
-0.246734619140625 0.055450439453125 0.242034912109375 0.02740478515625
-0.290435791015625 0.046051025390625 -0.043487548828125 -0.155807495117187
-0.273025512695313 0.07562255859375 0.000946044921874989 -0.0882568359375
-0.249420166015625 0.151260375976563 0.0275344848632812 -0.0900344848632812
-0.14532470703125 0.220138549804688 0.0132598876953125 -0.107841491699219
-0.0478668212890625 0.22198486328125 -0.0305633544921875 -0.098297119140625
0.08453369140625 0.21942138671875 -0.0345916748046875 -0.0718307495117187
0.1490478515625 0.161285400390625 -0.0259666442871094 -0.0648994445800781
0.14447021484375 0.143753051757813 -0.0148391723632812 -0.0688247680664062
0.175674438476563 0.146820068359375 -0.00631332397460936 -0.06134033203125
0.148468017578125 0.164520263671875 0.0144577026367188 -0.07489013671875
0.07501220703125 0.224472045898437 4.57763671875096E-05 -0.0804977416992188
0.0020294189453125 0.2447509765625 0.0412063598632813 -0.0725173950195312
-0.163833618164062 0.208602905273438 0.0917129516601562 -0.0514907836914062
-0.242660522460938 0.16473388671875 0.111328125 -0.00273132324218749
-0.26531982421875 0.085235595703125 0.145919799804687 0.0329437255859375
-0.259765625 0.0924072265625 -0.133491516113281 -0.135528564453125
-0.221450805664062 0.11529541015625 -0.0487289428710938 -0.0625
-0.1766357421875 0.166015625 0.0140380859375 -0.0832138061523437
-0.0827789306640625 0.195449829101563 0.0022735595703125 -0.124626159667969
-0.0107269287109375 0.182174682617187 -0.0432281494140625 -0.123184204101562
0.093902587890625 0.171096801757813 -0.0670166015625 -0.111732482910156
0.136985778808594 0.118667602539063 -0.084686279296875 -0.10382080078125
0.132354736328125 0.107276916503906 -0.0789947509765625 -0.0986099243164063
0.155380249023438 0.1143798828125 -0.0709915161132813 -0.0933837890625
0.1295166015625 0.132270812988281 -0.0394210815429687 -0.109992980957031
0.0648345947265625 0.18646240234375 -0.034210205078125 -0.105049133300781
0.00450134277343748 0.201141357421875 0.017608642578125 -0.0845260620117187
-0.132247924804688 0.1795654296875 0.0641212463378906 -0.0401802062988281
-0.20001220703125 0.158920288085938 0.0517311096191406 0.0310897827148438
-0.236862182617188 0.100936889648438 0.0414276123046875 0.0441169738769531
-0.19036865234375 0.116897583007812 -0.218093872070313 -0.104888916015625
-0.145797729492187 0.125137329101563 -0.101600646972656 -0.0343017578125
-0.09161376953125 0.145538330078125 -0.0129852294921875 -0.0685958862304687
-0.0233917236328125 0.1417236328125 -0.0247116088867188 -0.1190185546875
0.0197296142578125 0.118942260742187 -0.0605697631835937 -0.124122619628906
0.0885086059570312 0.103225708007812 -0.0982894897460938 -0.127761840820312
0.1053466796875 0.0598602294921875 -0.134811401367188 -0.121475219726563
0.0992813110351563 0.0539398193359375 -0.13226318359375 -0.113914489746094
0.110626220703125 0.0608367919921875 -0.120223999023438 -0.115440368652344
0.088226318359375 0.0749130249023438 -0.0756378173828125 -0.133216857910156
0.0444869995117188 0.11114501953125 -0.0481414794921875 -0.117042541503906
0.0112380981445313 0.116867065429687 0.00594329833984375 -0.0843276977539062
-0.0678558349609375 0.120529174804688 0.0391311645507812 -0.0203056335449219
-0.116378784179688 0.134727478027344 -0.00378036499023438 0.0609550476074219
-0.166519165039063 0.108734130859375 -0.0542411804199219 0.0579490661621094
-0.0915908813476563 0.114128112792969 -0.284393310546875 -0.0705871582031249
-0.0601959228515625 0.0982742309570312 -0.150894165039062 -0.00650024414062498
-0.0148849487304687 0.0915145874023438 -0.0455322265625 -0.0449638366699219
0.0168304443359375 0.0666656494140625 -0.0543060302734375 -0.095855712890625
0.0322341918945313 0.0470657348632813 -0.0767440795898438 -0.106765747070313
0.0619392395019531 0.028594970703125 -0.123115539550781 -0.121536254882813
0.057220458984375 -0.00336074829101563 -0.168701171875 -0.116867065429687
0.0521507263183594 -0.00762557983398438 -0.165390014648438 -0.110733032226562
0.0521583557128906 -0.0054779052734375 -0.144760131835938 -0.12353515625
0.0410652160644531 0.00133132934570313 -0.08966064453125 -0.139907836914062
0.0301246643066406 0.0168838500976562 -0.0412063598632813 -0.112480163574219
0.0343246459960938 0.0175418853759766 0.00537109374999999 -0.0715408325195312
0.0225830078125 0.0573501586914063 0.0194587707519531 0.00428199768066407
-0.00650024414062499 0.105323791503906 -0.0462112426757812 0.083648681640625
-0.0676040649414062 0.110855102539063 -0.125350952148438 0.07421875
-0.0543060302734375 -0.129890441894531 0.141632080078125 -0.115982055664063
-0.137825012207031 -0.0661239624023437 0.070281982421875 -0.101142883300781
-0.144790649414063 0.020599365234375 -0.0187034606933594 -0.0298271179199219
-0.09228515625 0.083770751953125 -0.0222740173339844 0.0506935119628906
-0.0366058349609375 0.0991592407226562 0.000160217285156254 0.0970230102539063
0.0130538940429688 0.0944976806640625 0.0809860229492188 0.135055541992188
0.0373916625976563 0.0796432495117188 0.160446166992187 0.118316650390625
0.017974853515625 0.0697212219238281 0.1708984375 0.08807373046875
0.0128288269042969 0.0648651123046875 0.17095947265625 0.09063720703125
-0.00436782836914063 0.0521621704101563 0.143768310546875 0.100234985351563
-0.021728515625 0.038818359375 0.102958679199219 0.0686264038085938
-0.0350093841552734 0.0256900787353516 0.0847244262695313 0.0472869873046875
-0.0482177734375 -0.0190315246582031 0.109504699707031 0.0233383178710937
-0.0465164184570313 -0.0596580505371094 0.191604614257813 -0.01312255859375
0.00150299072265625 -0.08343505859375 0.350189208984375 0.07940673828125
-0.15966796875 -0.102554321289062 0.133514404296875 -0.135841369628906
-0.219482421875 -0.04681396484375 0.0767288208007812 -0.110145568847656
-0.2293701171875 0.0568389892578125 -0.00468826293945314 -0.0576324462890625
-0.146392822265625 0.149368286132813 -0.0215682983398438 0.00711059570312501
-0.0589752197265625 0.172683715820313 -0.0221138000488281 0.0560722351074219
0.0409698486328125 0.170013427734375 0.0511245727539063 0.104049682617188
0.0904006958007813 0.136154174804688 0.13116455078125 0.0886077880859375
0.07135009765625 0.120491027832031 0.149276733398438 0.0526885986328125
0.077789306640625 0.117866516113281 0.154937744140625 0.0530548095703125
0.0469741821289063 0.109832763671875 0.140365600585938 0.0571670532226563
0.00379180908203125 0.115135192871094 0.097869873046875 0.0283660888671875
-0.0320892333984375 0.107643127441406 0.0925216674804687 0.00903320312500001
-0.103469848632813 0.0566329956054688 0.129684448242188 -0.0141220092773437
-0.134330749511719 0.00833892822265627 0.210861206054688 -0.0403289794921875
-0.105384826660156 -0.0427093505859375 0.355316162109375 0.04388427734375
-0.2413330078125 -0.0662841796875 0.088958740234375 -0.156341552734375
-0.276947021484375 -0.0202789306640625 0.0628585815429688 -0.114517211914063
-0.28717041015625 0.086212158203125 0.00889587402343748 -0.0809707641601563
-0.185745239257812 0.196701049804688 -0.0134925842285156 -0.0377655029296875
-0.075714111328125 0.222732543945313 -0.0335845947265625 0.00177192687988283
0.060821533203125 0.222991943359375 0.0186233520507813 0.05029296875
0.129318237304688 0.172149658203125 0.0843887329101563 0.0410385131835938
0.115386962890625 0.152496337890625 0.104576110839844 0.00975799560546876
0.13555908203125 0.150238037109375 0.114044189453125 0.0122756958007813
0.101760864257812 0.152191162109375 0.113243103027344 0.00891876220703126
0.0399017333984375 0.18316650390625 0.0742721557617188 -0.0141983032226562
-0.019989013671875 0.1883544921875 0.0870285034179688 -0.02911376953125
-0.148208618164063 0.136474609375 0.133476257324219 -0.0452957153320312
-0.207199096679688 0.08062744140625 0.202499389648438 -0.049560546875
-0.196563720703125 0.00469970703125004 0.32037353515625 0.020599365234375
-0.288238525390625 -0.0127258300781249 0.023101806640625 -0.169052124023438
-0.297088623046875 0.022247314453125 0.031951904296875 -0.110954284667969
-0.2965087890625 0.119659423828125 0.0185089111328125 -0.0950927734375
-0.186935424804687 0.222732543945313 -0.00307464599609376 -0.0814056396484375
-0.074859619140625 0.241867065429687 -0.0382614135742188 -0.0537796020507812
0.075439453125 0.241119384765625 -0.0129222869873047 -0.0121355056762695
0.150405883789063 0.182037353515625 0.0264835357666016 -0.0138683319091797
0.141586303710938 0.161026000976563 0.0438957214355469 -0.0346336364746094
0.172805786132813 0.161483764648438 0.0538177490234375 -0.029327392578125
0.140670776367188 0.17254638671875 0.0643463134765625 -0.0405998229980469
0.0679779052734375 0.225692749023438 0.0362548828125 -0.0554161071777344
-0.00521850585937502 0.241851806640625 0.0660820007324219 -0.0616798400878906
-0.170974731445313 0.194168090820313 0.118843078613281 -0.0639572143554687
-0.247817993164063 0.139144897460938 0.167526245117187 -0.040924072265625
-0.254852294921875 0.0500640869140625 0.24737548828125 0.013397216796875
-0.293731689453125 0.044830322265625 -0.0618133544921875 -0.166717529296875
-0.276840209960938 0.0754852294921875 -0.0111465454101563 -0.0976104736328125
-0.253646850585938 0.151641845703125 0.0174331665039062 -0.0991058349609375
-0.147369384765625 0.223785400390625 0.000640869140624998 -0.114784240722656
-0.0491485595703125 0.226318359375 -0.04296875 -0.101036071777344
0.087158203125 0.2213134765625 -0.0446090698242188 -0.0723419189453125
0.152847290039063 0.162796020507813 -0.0355186462402344 -0.067840576171875
0.147262573242188 0.14544677734375 -0.0242385864257812 -0.0745086669921875
0.179656982421875 0.147857666015625 -0.01556396484375 -0.0671348571777344
0.150726318359375 0.165283203125 0.00475311279296876 -0.0838470458984375
0.0785369873046875 0.227371215820313 -0.00902557373046875 -0.0887374877929687
0.00399780273437498 0.247482299804688 0.036895751953125 -0.0845870971679687
-0.165817260742188 0.211334228515625 0.0928115844726562 -0.0652236938476562
-0.2457275390625 0.167877197265625 0.112846374511719 -0.0135345458984375
-0.268875122070313 0.083038330078125 0.14788818359375 0.01873779296875
-0.256912231445313 0.09527587890625 -0.152267456054688 -0.148284912109375
-0.218841552734375 0.117401123046875 -0.060333251953125 -0.0747146606445312
-0.172927856445313 0.165573120117188 0.00363159179687499 -0.093414306640625
-0.0814056396484375 0.19403076171875 -0.0111846923828125 -0.130767822265625
-0.0112762451171875 0.179779052734375 -0.0530624389648438 -0.12628173828125
0.094329833984375 0.168197631835938 -0.0764541625976563 -0.114265441894531
0.135848999023438 0.116645812988281 -0.094329833984375 -0.107154846191406
0.130752563476563 0.107040405273438 -0.090301513671875 -0.104080200195313
0.155227661132813 0.112625122070313 -0.0813980102539062 -0.098114013671875
0.128128051757813 0.130058288574219 -0.0502471923828125 -0.118423461914063
0.0661468505859375 0.184860229492188 -0.04364013671875 -0.111412048339844
0.00651550292968751 0.198471069335938 0.0120773315429688 -0.0948410034179687
-0.129562377929687 0.179672241210938 0.0632896423339843 -0.0517501831054687
-0.196868896484375 0.161529541015625 0.0513191223144531 0.0224609375
-0.236404418945313 0.103240966796875 0.0404510498046875 0.0315628051757813
-0.182098388671875 0.125137329101563 -0.236160278320313 -0.113662719726562
-0.137924194335938 0.129661560058594 -0.113533020019531 -0.0451278686523437
-0.0815582275390625 0.144989013671875 -0.0236053466796875 -0.0770187377929688
-0.0168228149414063 0.137039184570313 -0.035980224609375 -0.122772216796875
0.0222396850585937 0.113113403320313 -0.0681076049804688 -0.126213073730469
0.0871658325195313 0.0956497192382813 -0.105072021484375 -0.130615234375
0.101348876953125 0.0544357299804688 -0.143936157226563 -0.125396728515625
0.0942611694335938 0.0502090454101563 -0.142471313476563 -0.117630004882813
0.105201721191406 0.056884765625 -0.130020141601563 -0.120063781738281
0.082611083984375 0.07037353515625 -0.086517333984375 -0.139595031738281
0.0419464111328125 0.105247497558594 -0.0563430786132813 -0.121620178222656
0.0115280151367188 0.109710693359375 0.000900268554687497 -0.0932235717773438
-0.061187744140625 0.115264892578125 0.0384178161621094 -0.0295295715332031
-0.106704711914062 0.1331787109375 -0.00418090820312501 0.0544624328613281
-0.15960693359375 0.112396240234375 -0.0561981201171875 0.0484199523925781
-0.0800399780273438 0.125129699707031 -0.3009033203125 -0.07611083984375
-0.0498199462890625 0.105522155761719 -0.162643432617188 -0.0142974853515625
-0.00140380859375 0.0923309326171875 -0.0567703247070313 -0.04998779296875
0.0259246826171875 0.061492919921875 -0.0650482177734375 -0.09588623046875
0.0365257263183594 0.0391921997070313 -0.0816574096679688 -0.104446411132812
0.0599250793457031 0.0182685852050781 -0.126846313476563 -0.122543334960938
0.0495567321777344 -0.0110969543457031 -0.17529296875 -0.118789672851563
0.0436935424804688 -0.0138282775878906 -0.173095703125 -0.113235473632813
0.0422859191894531 -0.0104522705078125 -0.152374267578125 -0.1270751953125
0.0317726135253906 -0.00511550903320312 -0.0966033935546875 -0.145217895507813
0.0245170593261719 0.00698661804199219 -0.045806884765625 -0.117111206054688
0.0328769683837891 0.00539970397949219 0.0024871826171875 -0.0785598754882813
0.0327377319335938 0.0482063293457031 0.0210132598876953 -0.00276947021484375
0.0089263916015625 0.102165222167969 -0.044891357421875 0.079345703125
-0.0551910400390625 0.116035461425781 -0.125930786132813 0.0681304931640625
-0.0757598876953125 -0.132522583007813 0.138381958007813 -0.111831665039063
-0.152099609375 -0.05059814453125 0.0683135986328125 -0.0957183837890625
-0.149688720703125 0.0386505126953125 -0.0208797454833984 -0.0259742736816406
-0.0857162475585938 0.100967407226563 -0.0212631225585938 0.05584716796875
-0.0241622924804688 0.110519409179688 0.000862121582031246 0.101898193359375
0.029998779296875 0.0975189208984375 0.0868072509765625 0.138099670410156
0.05279541015625 0.0788116455078125 0.167160034179688 0.117828369140625
0.0298538208007812 0.072174072265625 0.174911499023437 0.0867919921875
0.025421142578125 0.0697250366210938 0.175186157226563 0.0885467529296875
0.00253677368164063 0.059967041015625 0.145980834960938 0.094635009765625
-0.02099609375 0.0490646362304688 0.104461669921875 0.0620346069335938
-0.0414962768554688 0.0341720581054688 0.0911178588867188 0.0409698486328125
-0.0626182556152344 -0.0181083679199219 0.119796752929688 0.0190887451171875
-0.0638465881347656 -0.0620841979980469 0.203384399414063 -0.0162353515625
-0.013916015625 -0.09368896484375 0.367706298828125 0.070526123046875
-0.181198120117188 -0.1044921875 0.123588562011719 -0.132797241210937
-0.235427856445312 -0.0325927734375 0.0704116821289062 -0.10638427734375
-0.236846923828125 0.075958251953125 -0.0105781555175781 -0.0563468933105469
-0.140853881835937 0.169219970703125 -0.0265464782714844 0.0112876892089844
-0.0467529296875 0.185272216796875 -0.0266151428222656 0.0611915588378906
0.059234619140625 0.173904418945313 0.0519561767578125 0.109199523925781
0.107170104980469 0.135528564453125 0.132911682128906 0.0890274047851563
0.0841445922851563 0.123291015625 0.148635864257813 0.0506744384765625
0.0921249389648438 0.121963500976563 0.153793334960938 0.049407958984375
0.0551223754882813 0.116828918457031 0.138015747070313 0.0498504638671875
0.00621795654296874 0.125297546386719 0.0948944091796875 0.0196914672851563
-0.0364303588867187 0.116439819335938 0.0950164794921875 -0.000862121582031243
-0.117111206054688 0.0591506958007812 0.1363525390625 -0.0243606567382813
-0.15032958984375 0.00769042968749998 0.21820068359375 -0.0485992431640625
-0.121200561523438 -0.0506362915039062 0.36700439453125 0.029754638671875
-0.25897216796875 -0.06658935546875 0.0733489990234375 -0.156112670898438
-0.292694091796875 -0.00830078125000001 0.0522232055664062 -0.113182067871094
-0.296600341796875 0.103973388671875 -0.000663757324218761 -0.0818023681640625
-0.181991577148438 0.21466064453125 -0.0239410400390625 -0.0360031127929687
-0.066192626953125 0.235748291015625 -0.0432090759277344 0.00679016113281252
0.076873779296875 0.226119995117187 0.0139312744140625 0.0563774108886719
0.144851684570313 0.172134399414063 0.080535888671875 0.0425338745117188
0.127197265625 0.15411376953125 0.098907470703125 0.00698852539062501
0.14990234375 0.152130126953125 0.109230041503906 0.00810241699218751
0.110733032226563 0.15643310546875 0.106521606445313 0.00087738037109376
0.0452117919921875 0.19091796875 0.0680885314941406 -0.0231513977050781
-0.0197601318359375 0.196563720703125 0.0844802856445312 -0.0414962768554687
-0.156753540039063 0.141555786132813 0.135658264160156 -0.0594253540039062
-0.219314575195313 0.0842132568359375 0.206573486328125 -0.062469482421875
-0.2105712890625 0.000396728515624955 0.327056884765625 0.002410888671875
-0.299041748046875 -0.01251220703125 0.00146484374999999 -0.170654296875
-0.30804443359375 0.03076171875 0.0181427001953125 -0.112281799316406
-0.303741455078125 0.132080078125 0.00556182861328122 -0.0982894897460937
-0.185546875 0.23577880859375 -0.0167465209960938 -0.0815353393554687
-0.06878662109375 0.252410888671875 -0.0513381958007813 -0.0509414672851562
0.0870361328125 0.244415283203125 -0.0216636657714844 -0.00745582580566405
0.161788940429688 0.181625366210938 0.0183677673339844 -0.0127544403076172
0.150924682617188 0.161819458007813 0.034393310546875 -0.0371475219726562
0.184478759765625 0.161468505859375 0.0448570251464844 -0.0329437255859375
0.148696899414063 0.173980712890625 0.0533523559570313 -0.0480995178222656
0.075653076171875 0.230499267578125 0.02532958984375 -0.0628776550292969
-0.00160217285156251 0.247894287109375 0.0595169067382813 -0.0742034912109375
-0.174896240234375 0.201629638671875 0.116867065429687 -0.0796890258789062
-0.253860473632812 0.145614624023438 0.167877197265625 -0.0545654296875
-0.265777587890625 0.04949951171875 0.248764038085938 -0.0046539306640625
-0.297882080078125 0.046905517578125 -0.086151123046875 -0.170303344726563
-0.28094482421875 0.080230712890625 -0.0277023315429688 -0.10198974609375
-0.256881713867188 0.158294677734375 0.00298309326171874 -0.104850769042969
-0.145217895507813 0.23028564453125 -0.0163726806640625 -0.116790771484375
-0.0467681884765625 0.232025146484375 -0.0564651489257813 -0.0995635986328125
0.093658447265625 0.221588134765625 -0.05548095703125 -0.0694046020507813
0.158859252929688 0.161239624023438 -0.0468902587890625 -0.0665817260742188
0.15203857421875 0.145309448242188 -0.0369186401367188 -0.0764694213867188
0.187271118164063 0.147079467773438 -0.0280189514160156 -0.06915283203125
0.155364990234375 0.163986206054688 -0.00985717773437499 -0.089263916015625
0.0851287841796875 0.228729248046875 -0.0223312377929687 -0.0940704345703125
0.00973510742187499 0.25067138671875 0.0279159545898438 -0.0951385498046875
-0.1654052734375 0.217620849609375 0.087646484375 -0.0800018310546875
-0.24627685546875 0.17449951171875 0.110580444335937 -0.0254974365234375
-0.273818969726562 0.085723876953125 0.145294189453125 0.00201416015625001
-0.252471923828125 0.10003662109375 -0.176773071289063 -0.15142822265625
-0.2149658203125 0.120529174804687 -0.0783615112304688 -0.080474853515625
-0.16912841796875 0.166091918945313 -0.0116806030273438 -0.0998687744140625
-0.077789306640625 0.193283081054688 -0.0281219482421875 -0.132606506347656
-0.01092529296875 0.178939819335938 -0.0654983520507812 -0.125350952148438
0.0946197509765625 0.164886474609375 -0.0869369506835937 -0.113456726074219
0.13580322265625 0.114288330078125 -0.107223510742188 -0.107185363769531
0.130516052246094 0.105377197265625 -0.103950500488281 -0.104644775390625
0.15692138671875 0.110198974609375 -0.0951919555664063 -0.0994415283203125
0.127792358398438 0.127517700195313 -0.0658035278320312 -0.121795654296875
0.068817138671875 0.182952880859375 -0.0573806762695312 -0.114471435546875
0.00958251953125 0.19769287109375 0.00193023681640625 -0.103553771972656
-0.125823974609375 0.180755615234375 0.0579109191894531 -0.0644493103027344
-0.190887451171875 0.165069580078125 0.0480880737304687 0.0123710632324219
-0.234176635742188 0.106887817382812 0.0353126525878906 0.0187110900878906
-0.170242309570313 0.131866455078125 -0.258499145507813 -0.115997314453125
-0.127723693847656 0.132789611816406 -0.130172729492188 -0.05078125
-0.070831298828125 0.141998291015625 -0.0393447875976563 -0.0814056396484375
-0.0110244750976563 0.130355834960938 -0.0514144897460937 -0.122886657714844
0.0224990844726563 0.106781005859375 -0.0772476196289062 -0.123573303222656
0.083526611328125 0.087615966796875 -0.113731384277344 -0.12982177734375
0.0952224731445313 0.0506515502929688 -0.155807495117188 -0.12481689453125
0.0889892578125 0.0476837158203125 -0.155380249023438 -0.117691040039063
0.100639343261719 0.0546798706054687 -0.14398193359375 -0.120223999023438
0.0767135620117187 0.0670623779296875 -0.100189208984375 -0.142120361328125
0.0392074584960937 0.100242614746094 -0.0675735473632813 -0.124290466308594
0.0101089477539063 0.102798461914063 -0.00852966308593749 -0.0997390747070312
-0.05609130859375 0.109199523925781 0.03509521484375 -0.0394134521484375
-0.0953750610351562 0.130844116210938 -0.00645828247070313 0.0477333068847656
-0.150192260742188 0.11566162109375 -0.0612525939941406 0.0396156311035156
-0.0636672973632812 0.132865905761719 -0.320831298828125 -0.0721435546875
-0.03631591796875 0.109115600585937 -0.177383422851563 -0.0162200927734375
0.0126190185546875 0.0888671875 -0.0701828002929687 -0.0496444702148437
0.0333518981933594 0.0521125793457031 -0.0769195556640625 -0.0914077758789063
0.0373344421386719 0.0293693542480469 -0.085723876953125 -0.100227355957031
0.0543289184570313 0.00795745849609375 -0.132041931152344 -0.120521545410156
0.0389404296875 -0.0166549682617188 -0.18463134765625 -0.117904663085937
0.033843994140625 -0.0176982879638672 -0.183395385742188 -0.11151123046875
0.0312118530273437 -0.0126571655273437 -0.164199829101563 -0.127410888671875
0.0207862854003906 -0.00803375244140625 -0.107192993164062 -0.147109985351563
0.0154838562011719 -0.000425338745117188 -0.0528182983398437 -0.120140075683594
0.0268192291259766 -0.00600051879882813 -0.0028533935546875 -0.0841293334960937
0.0390548706054688 0.0351676940917969 0.0203647613525391 -0.0106258392333984
0.0236587524414062 0.0938873291015625 -0.0448226928710937 0.0738525390625
-0.0395050048828125 0.11737060546875 -0.128173828125 0.063720703125
-0.0964126586914062 -0.127288818359375 0.13690185546875 -0.105857849121094
-0.15850830078125 -0.03155517578125 0.0682754516601562 -0.0899581909179688
-0.147064208984375 0.0580596923828125 -0.0218219757080078 -0.0211391448974609
-0.0730514526367188 0.114250183105469 -0.0179901123046875 0.0594291687011719
-0.00871276855468749 0.115898132324219 0.0035247802734375 0.105415344238281
0.0469894409179687 0.0941314697265625 0.0929412841796875 0.138206481933594
0.066650390625 0.0726089477539063 0.172821044921875 0.115081787109375
0.0421028137207031 0.0694923400878906 0.178253173828125 0.083099365234375
0.0386123657226563 0.068634033203125 0.177597045898438 0.0847930908203125
0.0127716064453125 0.0638465881347656 0.146759033203125 0.0889739990234375
-0.0159873962402344 0.0587539672851563 0.103080749511719 0.0543594360351563
-0.0444183349609375 0.0440826416015625 0.0945816040039062 0.0329513549804687
-0.0760498046875 -0.0119476318359375 0.127174377441406 0.0109176635742188
-0.0807647705078125 -0.0584793090820312 0.212432861328125 -0.022552490234375
-0.0323028564453125 -0.0978012084960938 0.379669189453125 0.056182861328125
-0.20013427734375 -0.0975189208984375 0.116249084472656 -0.1263427734375
-0.243240356445313 -0.01300048828125 0.0661087036132812 -0.100479125976563
-0.23602294921875 0.0965576171875 -0.0159797668457031 -0.0519294738769531
-0.127899169921875 0.183364868164063 -0.0290889739990234 0.0168857574462891
-0.030120849609375 0.191940307617188 -0.0294952392578125 0.0676765441894531
0.0772857666015625 0.169784545898438 0.053924560546875 0.11297607421875
0.122695922851562 0.128616333007813 0.134872436523438 0.088653564453125
0.0976104736328125 0.1204833984375 0.146728515625 0.0483551025390625
0.107170104980469 0.119102478027344 0.151779174804687 0.046661376953125
0.0653762817382813 0.119766235351562 0.133506774902344 0.0435333251953125
0.0123977661132813 0.133834838867188 0.0897903442382812 0.0123214721679688
-0.037506103515625 0.124862670898438 0.0935134887695313 -0.0103607177734375
-0.127784729003906 0.0660934448242188 0.138221740722656 -0.0353851318359375
-0.164291381835938 0.013458251953125 0.221755981445313 -0.05914306640625
-0.137596130371094 -0.0531997680664062 0.371795654296875 0.011962890625
-0.274551391601563 -0.0612335205078125 0.0594940185546875 -0.1485595703125
-0.300201416015625 0.00698852539062501 0.0433273315429687 -0.106597900390625
-0.297393798828125 0.121917724609375 -0.0102767944335938 -0.0785751342773437
-0.171066284179688 0.229171752929688 -0.0314350128173828 -0.0305519104003906
-0.0527496337890625 0.243026733398438 -0.0505714416503906 0.0146942138671875
0.09295654296875 0.223175048828125 0.01165771484375 0.0632743835449219
0.158706665039063 0.165664672851563 0.0779571533203125 0.044464111328125
0.138870239257813 0.15093994140625 0.0927047729492188 0.00643157958984376
0.163421630859375 0.147964477539063 0.103057861328125 0.00600433349609376
0.120071411132813 0.156494140625 0.0972442626953125 -0.00483703613281249
0.0533294677734375 0.19677734375 0.0583305358886719 -0.0287895202636719
-0.01678466796875 0.202682495117188 0.0778045654296875 -0.0513687133789062
-0.163177490234375 0.149261474609375 0.131858825683594 -0.0733108520507813
-0.228973388671875 0.0917816162109375 0.205123901367187 -0.07501220703125
-0.224029541015625 3.05175781249933E-05 0.32568359375 -0.01654052734375
-0.308441162109375 -0.00915527343749998 -0.0185546875 -0.1634521484375
-0.31402587890625 0.0416259765625 0.00479888916015624 -0.107658386230469
-0.30657958984375 0.145538330078125 -0.00769805908203127 -0.0963058471679687
-0.177932739257813 0.247512817382812 -0.0295028686523438 -0.0762100219726562
-0.0598602294921875 0.259078979492188 -0.0623321533203125 -0.0431327819824219
0.0991668701171875 0.2421875 -0.0277385711669922 0.000570297241210949
0.172271728515625 0.177444458007813 0.0115222930908203 -0.00862693786621093
0.15899658203125 0.159591674804688 0.0246429443359375 -0.0360908508300781
0.195724487304688 0.156097412109375 0.0349769592285156 -0.0327358245849609
0.155899047851563 0.171585083007813 0.0407333374023438 -0.0508384704589844
0.0845947265625 0.23175048828125 0.0129890441894531 -0.0651054382324219
0.0038604736328125 0.251495361328125 0.048828125 -0.0829315185546875
-0.175827026367187 0.208908081054688 0.108818054199219 -0.093170166015625
-0.257904052734375 0.153457641601563 0.16192626953125 -0.067108154296875
-0.273651123046875 0.051513671875 0.242446899414062 -0.0228729248046875
-0.298065185546875 0.049835205078125 -0.10833740234375 -0.1644287109375
-0.281890869140625 0.085693359375 -0.0442962646484375 -0.0992584228515625
-0.257278442382813 0.164031982421875 -0.0128021240234375 -0.104248046875
-0.14166259765625 0.235595703125 -0.0313491821289063 -0.1123046875
-0.0430755615234375 0.235382080078125 -0.0688705444335938 -0.0930023193359375
0.0995941162109375 0.219482421875 -0.064208984375 -0.0626869201660156
0.164260864257812 0.1583251953125 -0.0567474365234375 -0.062103271484375
0.1561279296875 0.143142700195313 -0.0487594604492187 -0.0732269287109375
0.193771362304688 0.142425537109375 -0.0395164489746094 -0.0667304992675781
0.159454345703125 0.160720825195312 -0.0243301391601562 -0.0894088745117187
0.0921478271484375 0.227325439453125 -0.0363998413085938 -0.0931930541992187
0.015472412109375 0.250686645507813 0.01397705078125 -0.101341247558594
-0.162155151367187 0.222305297851563 0.0772933959960937 -0.0912017822265625
-0.243637084960938 0.180404663085938 0.103042602539062 -0.035888671875
-0.276260375976563 0.0887451171875 0.136520385742187 -0.012481689453125
-0.245407104492188 0.101699829101563 -0.199874877929688 -0.145645141601563
-0.209075927734375 0.1214599609375 -0.09649658203125 -0.0798263549804687
-0.165481567382812 0.164306640625 -0.0289306640625 -0.0995254516601562
-0.0750885009765625 0.190536499023437 -0.0436553955078125 -0.127883911132813
-0.010711669921875 0.17755126953125 -0.0766830444335938 -0.119491577148438
0.09466552734375 0.160369873046875 -0.0955276489257812 -0.108001708984375
0.134918212890625 0.111724853515625 -0.118629455566406 -0.101631164550781
0.128936767578125 0.103981018066406 -0.115921020507812 -0.100288391113281
0.15753173828125 0.106857299804688 -0.107650756835937 -0.094512939453125
0.126304626464844 0.124534606933594 -0.080474853515625 -0.118949890136719
0.070526123046875 0.17889404296875 -0.070770263671875 -0.112167358398438
0.0124969482421875 0.193984985351563 -0.01153564453125 -0.107322692871094
-0.121780395507813 0.179733276367188 0.0476608276367187 -0.0732269287109375
-0.183975219726563 0.165573120117187 0.0411949157714844 0.00505065917968751
-0.228897094726563 0.109329223632813 0.0257377624511719 0.00809288024902345
-0.15643310546875 0.133392333984375 -0.27923583984375 -0.108795166015625
-0.116569519042969 0.131813049316406 -0.147567749023437 -0.0494384765625
-0.0623550415039063 0.135368347167969 -0.0544891357421875 -0.0796127319335937
-0.00810241699218749 0.121490478515625 -0.0648269653320313 -0.116615295410156
0.0202789306640625 0.0999526977539063 -0.0842437744140625 -0.117485046386719
0.0775527954101563 0.082000732421875 -0.120948791503906 -0.125579833984375
0.0881423950195313 0.0487289428710937 -0.166091918945313 -0.119674682617188
0.0824966430664063 0.04742431640625 -0.166534423828125 -0.112060546875
0.0943984985351563 0.0540313720703125 -0.155914306640625 -0.114791870117188
0.0701179504394531 0.06610107421875 -0.113380432128906 -0.138191223144531
0.0346755981445313 0.0965423583984375 -0.0793991088867187 -0.121681213378906
0.00698852539062499 0.0969009399414063 -0.0200119018554688 -0.102394104003906
-0.0527420043945312 0.1015625 0.0273284912109375 -0.0471649169921875
-0.0862884521484375 0.124076843261719 -0.0113868713378906 0.0420036315917969
-0.139717102050781 0.114791870117187 -0.0694465637207031 0.0331230163574219
-0.0458984375 0.133476257324219 -0.336639404296875 -0.06256103515625
-0.0218734741210937 0.108177185058594 -0.19134521484375 -0.0124053955078125
0.0248947143554687 0.0804901123046875 -0.0826568603515625 -0.045013427734375
0.0369758605957031 0.0409202575683594 -0.0860824584960938 -0.0828170776367188
0.0350265502929688 0.0196895599365234 -0.0888290405273437 -0.0940475463867188
0.0449485778808594 0.00117874145507813 -0.135673522949219 -0.117317199707031
0.0271511077880859 -0.0177688598632813 -0.191619873046875 -0.113449096679688
0.0229053497314453 -0.0165367126464844 -0.191207885742188 -0.106185913085937
0.0193080902099609 -0.0107688903808594 -0.173934936523437 -0.122329711914063
0.00926971435546875 -0.00699520111083984 -0.116729736328125 -0.144210815429687
0.00430727005004883 -0.00416755676269531 -0.0608596801757812 -0.119804382324219
0.0175857543945313 -0.0141925811767578 -0.0110397338867187 -0.0873336791992188
0.0403823852539063 0.0204353332519531 0.0167884826660156 -0.0177211761474609
0.0351638793945313 0.07977294921875 -0.0464935302734375 0.0687713623046875
-0.0237808227539063 0.112419128417969 -0.131820678710938 0.05963134765625
-0.110710144042969 -0.117340087890625 0.139320373535156 -0.0976715087890625
-0.15802001953125 -0.0146331787109375 0.0722427368164062 -0.08349609375
-0.139785766601563 0.071685791015625 -0.0203895568847656 -0.0175971984863281
-0.0588150024414062 0.120429992675781 -0.0142936706542969 0.0618438720703125
0.00572204589843749 0.115127563476563 0.00611114501953124 0.107620239257813
0.0594711303710938 0.0856552124023438 0.0966567993164063 0.13775634765625
0.0762176513671875 0.063079833984375 0.175933837890625 0.112060546875
0.0512962341308594 0.0646324157714844 0.178573608398438 0.08123779296875
0.0495719909667969 0.063995361328125 0.17755126953125 0.083251953125
0.0220184326171875 0.0647659301757813 0.142868041992188 0.0854644775390625
-0.00976943969726562 0.0652732849121094 0.09869384765625 0.0493087768554688
-0.0445976257324219 0.0531578063964844 0.0945968627929688 0.0255889892578125
-0.0853652954101563 -0.00366973876953124 0.130943298339844 0.00420379638671875
-0.0943374633789063 -0.05096435546875 0.21875 -0.0282440185546875
-0.0485763549804687 -0.0959625244140625 0.383636474609375 0.043975830078125
-0.212966918945312 -0.0886688232421875 0.113922119140625 -0.115814208984375
-0.243759155273438 0.00263977050781255 0.066619873046875 -0.0921630859375
-0.229934692382813 0.1112060546875 -0.0181846618652344 -0.0463485717773437
-0.113555908203125 0.190704345703125 -0.0292778015136719 0.0212898254394531
-0.0167236328125 0.1923828125 -0.029998779296875 0.07391357421875
0.0901947021484375 0.16131591796875 0.0561599731445313 0.116691589355469
0.13287353515625 0.119178771972656 0.135536193847656 0.089599609375
0.106124877929687 0.114990234375 0.144256591796875 0.0488433837890625
0.117507934570313 0.113563537597656 0.148635864257813 0.046875
0.07464599609375 0.119621276855469 0.126289367675781 0.04132080078125
0.01922607421875 0.138648986816406 0.082000732421875 0.00875854492187501
-0.03680419921875 0.132743835449219 0.0886383056640625 -0.0178146362304687
-0.136154174804688 0.0736312866210938 0.136642456054688 -0.04388427734375
-0.175521850585938 0.0203399658203125 0.221923828125 -0.066314697265625
-0.152938842773438 -0.051513671875 0.36956787109375 -0.000305175781250003
-0.28521728515625 -0.055694580078125 0.0518264770507812 -0.136505126953125
-0.3017578125 0.019622802734375 0.0395355224609375 -0.0971832275390625
-0.29388427734375 0.135528564453125 -0.01654052734375 -0.0723342895507813
-0.159454345703125 0.236297607421875 -0.03582763671875 -0.0237236022949219
-0.04180908203125 0.244766235351563 -0.0547332763671875 0.0233535766601563
0.103805541992187 0.215972900390625 0.0109634399414063 0.0701408386230469
0.167526245117188 0.158432006835938 0.0759201049804688 0.04833984375
0.145843505859375 0.146759033203125 0.0872650146484375 0.00904083251953126
0.172836303710938 0.142410278320313 0.0972747802734375 0.00820922851562501
0.127227783203125 0.155258178710938 0.087554931640625 -0.00495910644531249
0.0605621337890625 0.198516845703125 0.048736572265625 -0.0302925109863281
-0.0146636962890625 0.207366943359375 0.0690956115722656 -0.0575103759765625
-0.168685913085937 0.15533447265625 0.124992370605469 -0.081817626953125
-0.236404418945312 0.0983123779296875 0.2000732421875 -0.0829010009765625
-0.235916137695313 0.00173950195312497 0.318023681640625 -0.029052734375
-0.315032958984375 -0.00686645507812494 -0.0301513671875 -0.151031494140625
-0.31512451171875 0.0483398437500001 -0.00389862060546878 -0.0984344482421875
-0.305877685546875 0.153900146484375 -0.0173187255859375 -0.09014892578125
-0.171661376953125 0.253097534179688 -0.037872314453125 -0.0681838989257812
-0.053009033203125 0.261764526367188 -0.0691604614257813 -0.033355712890625
0.105728149414063 0.237548828125 -0.0307693481445312 0.00899696350097657
0.178298950195313 0.171783447265625 0.00735616683959962 -0.00264549255371093
0.163726806640625 0.156494140625 0.0170555114746094 -0.0321464538574219
0.20159912109375 0.151260375976563 0.0278167724609375 -0.0286159515380859
0.16009521484375 0.16888427734375 0.0298004150390625 -0.04913330078125
0.090850830078125 0.231674194335938 0.0019989013671875 -0.0641365051269531
0.00733947753906252 0.253097534179688 0.0373611450195313 -0.086639404296875
-0.177627563476562 0.213760375976563 0.09832763671875 -0.100288391113281
-0.260345458984375 0.159378051757813 0.15411376953125 -0.07415771484375
-0.281219482421875 0.0521850585937501 0.231063842773438 -0.0340576171875
-0.29925537109375 0.047943115234375 -0.124465942382813 -0.152816772460937
-0.281158447265625 0.0867919921874999 -0.056549072265625 -0.0917434692382813
-0.2581787109375 0.165390014648438 -0.0250396728515625 -0.0988235473632812
-0.139389038085937 0.237106323242188 -0.042144775390625 -0.103706359863281
-0.042327880859375 0.2369384765625 -0.0767669677734375 -0.0837936401367187
0.101455688476563 0.21685791015625 -0.0687065124511719 -0.05462646484375
0.16619873046875 0.155532836914063 -0.0631752014160156 -0.0550689697265625
0.15728759765625 0.1422119140625 -0.0568885803222656 -0.0681114196777343
0.196578979492188 0.138259887695313 -0.0475540161132812 -0.06085205078125
0.160552978515625 0.158096313476563 -0.0359878540039063 -0.084869384765625
0.095489501953125 0.224777221679688 -0.0471267700195312 -0.0892333984375
0.0179901123046875 0.248825073242187 0.00265502929687499 -0.102241516113281
-0.161468505859375 0.223297119140625 0.0658798217773437 -0.0970001220703125
-0.2418212890625 0.182342529296875 0.0940093994140625 -0.0408859252929687
-0.278121948242188 0.0882110595703126 0.123847961425781 -0.02117919921875
-0.240066528320313 0.0981903076171875 -0.216690063476563 -0.13531494140625
-0.20526123046875 0.118499755859375 -0.110664367675781 -0.0739593505859375
-0.164566040039063 0.159149169921875 -0.0422210693359375 -0.094207763671875
-0.075531005859375 0.186996459960938 -0.0546875 -0.119728088378906
-0.01373291015625 0.176422119140625 -0.0825042724609375 -0.112358093261719
0.0904998779296875 0.158828735351563 -0.100700378417969 -0.101356506347656
0.132568359375 0.111686706542969 -0.125442504882812 -0.0957183837890625
0.126823425292969 0.104667663574219 -0.124298095703125 -0.09442138671875
0.155593872070313 0.106109619140625 -0.115997314453125 -0.0880508422851563
0.123779296875 0.123588562011719 -0.0909271240234375 -0.112968444824219
0.069488525390625 0.177032470703125 -0.0803680419921875 -0.106575012207031
0.0114898681640625 0.19073486328125 -0.0226898193359375 -0.106575012207031
-0.12066650390625 0.176483154296875 0.0372314453125 -0.0775604248046875
-0.179885864257813 0.161911010742188 0.0324554443359375 0.0013256072998047
-0.226333618164063 0.105606079101563 0.0130538940429687 0.00185203552246094
-0.145278930664063 0.12860107421875 -0.294342041015625 -0.099578857421875
-0.108566284179688 0.126136779785156 -0.161422729492188 -0.04541015625
-0.0582275390625 0.126113891601563 -0.0662689208984375 -0.0736236572265625
-0.00994873046875 0.113777160644531 -0.0738525390625 -0.107650756835937
0.0151519775390625 0.0952606201171875 -0.0871963500976563 -0.111648559570312
0.0695571899414063 0.0796890258789063 -0.124221801757813 -0.121322631835938
0.0809173583984375 0.0506362915039063 -0.172531127929688 -0.114151000976563
0.0763931274414063 0.050262451171875 -0.1729736328125 -0.1055908203125
0.088775634765625 0.0564193725585938 -0.1632080078125 -0.10791015625
0.0638542175292969 0.0678977966308594 -0.121597290039062 -0.132553100585938
0.028594970703125 0.0951309204101563 -0.087066650390625 -0.1163330078125
0.000953674316406255 0.0924606323242187 -0.0290985107421875 -0.100944519042969
-0.053314208984375 0.0932159423828125 0.0191497802734375 -0.0508918762207031
-0.081146240234375 0.114845275878906 -0.0179939270019531 0.0383491516113281
-0.132125854492188 0.107696533203125 -0.0788040161132813 0.028228759765625
-0.0311965942382813 0.128204345703125 -0.34661865234375 -0.052978515625
-0.0110626220703125 0.102149963378906 -0.202590942382813 -0.00726318359374997
0.0313529968261719 0.0690689086914063 -0.0915908813476563 -0.038330078125
0.0360183715820313 0.0309295654296875 -0.090301513671875 -0.0733642578125
0.0294246673583984 0.0131607055664063 -0.087799072265625 -0.0892486572265625
0.0348854064941406 -0.00107574462890625 -0.136863708496094 -0.114356994628906
0.0168371200561523 -0.0146913528442383 -0.195358276367187 -0.10931396484375
0.0140256881713867 -0.0120506286621094 -0.194931030273438 -0.100616455078125
0.00976371765136719 -0.00442028045654297 -0.179397583007812 -0.117568969726563
-0.000863075256347656 -0.00223207473754883 -0.122642517089844 -0.140060424804688
-0.0060582160949707 -0.00377273559570312 -0.0666427612304688 -0.11663818359375
0.00710678100585937 -0.0187454223632813 -0.0179367065429688 -0.0871124267578125
0.037200927734375 0.00754547119140625 0.011749267578125 -0.0223445892333984
0.0394744873046875 0.0649871826171875 -0.0506515502929688 0.063873291015625
-0.0130767822265625 0.102928161621094 -0.136810302734375 0.0546798706054687
-0.120384216308594 -0.108612060546875 0.147171020507813 -0.090118408203125
-0.153610229492188 -0.00358581542968752 0.0803756713867187 -0.0787353515625
-0.13214111328125 0.0807876586914062 -0.0185070037841797 -0.0148983001708984
-0.047637939453125 0.122642517089844 -0.0116462707519531 0.0629310607910156
0.0157089233398438 0.111976623535156 0.00737762451171875 0.110763549804687
0.0677490234375 0.0765609741210938 0.0989227294921875 0.139572143554688
0.0819549560546875 0.0540618896484375 0.177947998046875 0.113616943359375
0.0566940307617188 0.0590934753417969 0.179763793945313 0.0833892822265625
0.0573654174804688 0.058624267578125 0.177536010742188 0.0853729248046875
0.0292205810546875 0.0637283325195313 0.139122009277344 0.0866775512695313
-0.00351715087890625 0.069549560546875 0.0939407348632813 0.0485763549804688
-0.044097900390625 0.0610694885253906 0.09295654296875 0.0210037231445313
-0.09246826171875 0.00535583496093749 0.134506225585938 -0.00041961669921875
-0.102958679199219 -0.0428466796875 0.225341796875 -0.0314178466796875
-0.0601806640625 -0.0926284790039063 0.38848876953125 0.04034423828125
-0.2235107421875 -0.082672119140625 0.118171691894531 -0.105552673339844
-0.241439819335938 0.01165771484375 0.0723190307617187 -0.0848312377929688
-0.225296020507813 0.119964599609375 -0.0181312561035156 -0.0424232482910156
-0.103744506835937 0.19384765625 -0.0289878845214844 0.0252666473388672
-0.00794982910156252 0.1907958984375 -0.03094482421875 0.079620361328125
0.0974578857421875 0.154037475585938 0.0574722290039063 0.121101379394531
0.138458251953125 0.112083435058594 0.136146545410156 0.093170166015625
0.112045288085937 0.111892700195312 0.142242431640625 0.05267333984375
0.125541687011719 0.109298706054688 0.146804809570313 0.0512237548828125
0.0805892944335938 0.11956787109375 0.119949340820313 0.04351806640625
0.024932861328125 0.143203735351562 0.0753097534179688 0.00906372070312501
-0.0377883911132813 0.139808654785156 0.0841140747070313 -0.0217056274414062
-0.1448974609375 0.080718994140625 0.135528564453125 -0.048828125
-0.185989379882812 0.0272064208984375 0.224945068359375 -0.068817138671875
-0.166290283203125 -0.049896240234375 0.369110107421875 -0.004608154296875
-0.295135498046875 -0.053375244140625 0.0518264770507812 -0.124549865722656
-0.302337646484375 0.0255126953125 0.0412673950195312 -0.0887222290039062
-0.294281005859375 0.142822265625 -0.0187034606933594 -0.0662841796875
-0.1529541015625 0.239883422851563 -0.0377578735351563 -0.0179481506347656
-0.0357513427734375 0.245407104492188 -0.0571212768554688 0.0311622619628906
0.109603881835938 0.211654663085938 0.0115737915039063 0.077056884765625
0.172592163085938 0.15350341796875 0.07550048828125 0.0545654296875
0.1505126953125 0.145706176757813 0.0838165283203125 0.0135421752929688
0.178939819335938 0.13958740234375 0.0938720703125 0.0132293701171875
0.131591796875 0.155609130859375 0.0803985595703125 -0.00179290771484374
0.064178466796875 0.202072143554688 0.0407485961914063 -0.0287513732910156
-0.015869140625 0.213302612304688 0.0621566772460938 -0.0595893859863281
-0.176177978515625 0.161575317382812 0.120010375976562 -0.085845947265625
-0.245208740234375 0.1031494140625 0.198089599609375 -0.0858917236328125
-0.248550415039063 0.000930786132812466 0.31207275390625 -0.03240966796875
-0.322967529296875 -0.00866699218750004 -0.0351638793945313 -0.139183044433594
-0.318359375 0.049652099609375 -0.00617218017578127 -0.0898056030273438
-0.31024169921875 0.157806396484375 -0.0224761962890625 -0.0838699340820313
-0.169677734375 0.25592041015625 -0.0418891906738281 -0.0610580444335937
-0.052154541015625 0.264312744140625 -0.072509765625 -0.025054931640625
0.108200073242188 0.236221313476563 -0.0313491821289062 0.0167732238769531
0.18182373046875 0.170913696289063 0.00560998916625978 0.0036454200744629
0.166961669921875 0.15753173828125 0.0120429992675781 -0.0266151428222656
0.206024169921875 0.149703979492188 0.0233154296875 -0.0235252380371094
0.163101196289063 0.169158935546875 0.0212593078613281 -0.0446052551269531
0.0928955078125 0.23388671875 -0.00627517700195312 -0.0611076354980469
0.00665283203124999 0.256561279296875 0.028778076171875 -0.0867767333984375
-0.183120727539063 0.217575073242187 0.0902862548828125 -0.103057861328125
-0.266616821289063 0.16192626953125 0.1483154296875 -0.0760498046875
-0.29046630859375 0.049896240234375 0.2220458984375 -0.0376129150390625
-0.30377197265625 0.0427246093749999 -0.133590698242188 -0.142578125
-0.284393310546875 0.0833435058593749 -0.0637054443359375 -0.0840682983398438
-0.264358520507813 0.164535522460937 -0.0327301025390625 -0.09210205078125
-0.141769409179688 0.237823486328125 -0.0478515625 -0.096038818359375
-0.044891357421875 0.239517211914063 -0.0803680419921875 -0.07659912109375
0.100387573242187 0.218490600585937 -0.07037353515625 -0.0478439331054687
0.16705322265625 0.157546997070313 -0.0661506652832031 -0.04931640625
0.158065795898438 0.145233154296875 -0.0626564025878906 -0.0629501342773437
0.197891235351562 0.138916015625 -0.0532035827636719 -0.0557365417480469
0.16009521484375 0.159210205078125 -0.0439071655273437 -0.0795211791992187
0.0958404541015625 0.225982666015625 -0.054473876953125 -0.0842208862304687
0.015838623046875 0.250534057617188 -0.0067596435546875 -0.1009521484375
-0.165603637695313 0.223831176757813 0.0568771362304687 -0.09857177734375
-0.245849609375 0.181442260742188 0.0865936279296875 -0.041473388671875
-0.2840576171875 0.0837707519531251 0.111846923828125 -0.0245590209960938
-0.239837646484375 0.090179443359375 -0.2274169921875 -0.126724243164063
-0.206253051757813 0.111358642578125 -0.121322631835938 -0.0682373046875
-0.17022705078125 0.153762817382813 -0.0511550903320313 -0.0880661010742188
-0.080535888671875 0.184738159179688 -0.0603179931640625 -0.11181640625
-0.0200958251953125 0.177215576171875 -0.0853195190429688 -0.106636047363281
0.0853729248046875 0.161453247070313 -0.102714538574219 -0.0969161987304687
0.130477905273438 0.116165161132812 -0.12908935546875 -0.091400146484375
0.124839782714844 0.109344482421875 -0.129173278808594 -0.0901947021484375
0.15460205078125 0.109619140625 -0.121223449707031 -0.0830230712890625
0.120536804199219 0.12628173828125 -0.0975112915039062 -0.107818603515625
0.0666046142578125 0.177902221679688 -0.0863723754882812 -0.101661682128906
0.007049560546875 0.190597534179688 -0.0310592651367187 -0.103706359863281
-0.124862670898438 0.173049926757813 0.0285797119140625 -0.078369140625
-0.18133544921875 0.157012939453125 0.0245285034179687 0.000993728637695322
-0.228225708007813 0.0983428955078125 0.00174248218536376 -0.00127410888671874
-0.140495300292969 0.12005615234375 -0.304656982421875 -0.093414306640625
-0.106010437011719 0.118087768554688 -0.1729736328125 -0.04046630859375
-0.0605316162109375 0.117347717285156 -0.0748214721679688 -0.0678558349609375
-0.0151596069335938 0.108306884765625 -0.0779266357421875 -0.100540161132812
0.00823211669921875 0.0944290161132812 -0.0877227783203125 -0.108001708984375
0.06158447265625 0.0818328857421875 -0.125160217285156 -0.119712829589844
0.0759429931640625 0.0557708740234375 -0.175628662109375 -0.112136840820313
0.0719985961914063 0.0559310913085938 -0.17755126953125 -0.103057861328125
0.0848464965820313 0.0624923706054688 -0.16754150390625 -0.104385375976563
0.0580062866210937 0.0727691650390625 -0.126380920410156 -0.128608703613281
0.021697998046875 0.09735107421875 -0.0910263061523438 -0.112586975097656
-0.0064849853515625 0.092010498046875 -0.0357437133789063 -0.0992889404296875
-0.058502197265625 0.0856781005859375 0.0117454528808594 -0.0528488159179687
-0.0818252563476563 0.104972839355469 -0.0259208679199219 0.0372467041015625
-0.130081176757813 0.0986709594726563 -0.0896453857421875 0.0250625610351562
-0.0223236083984375 0.120292663574219 -0.3553466796875 -0.0493774414062499
-0.005157470703125 0.0950241088867188 -0.213027954101563 -0.00354003906249999
0.0339431762695312 0.0588188171386719 -0.0974807739257813 -0.0318679809570312
0.0324478149414062 0.0235786437988281 -0.09161376953125 -0.0667343139648438
0.0233917236328125 0.0085906982421875 -0.08465576171875 -0.0870132446289063
0.0255908966064453 -0.0004730224609375 -0.135734558105469 -0.114990234375
0.00940036773681641 -0.00862598419189453 -0.198165893554688 -0.109146118164063
0.00782299041748047 -0.0059504508972168 -0.197982788085938 -0.100540161132812
0.00404620170593262 0.00333166122436523 -0.183151245117187 -0.1158447265625
-0.00740671157836914 0.00443077087402344 -0.125328063964844 -0.138694763183594
-0.015350341796875 -0.00074005126953125 -0.0690231323242188 -0.115638732910156
-0.00263786315917969 -0.0193634033203125 -0.0223159790039062 -0.08697509765625
0.0312328338623047 -0.00180816650390625 0.00640869140625 -0.02557373046875
0.0388336181640625 0.0517234802246094 -0.0570106506347656 0.0609512329101563
-0.00769042968749999 0.0922393798828125 -0.144729614257813 0.05010986328125
-0.12847900390625 -0.1024169921875 0.160614013671875 -0.084991455078125
-0.151504516601563 0.00334167480468752 0.0915451049804687 -0.0776443481445313
-0.127639770507813 0.0868148803710938 -0.0161151885986328 -0.0131425857543945
-0.0399856567382813 0.124435424804687 -0.00938796997070313 0.0649299621582031
0.0238265991210938 0.110679626464844 0.00768280029296876 0.115852355957031
0.0741424560546875 0.069488525390625 0.101715087890625 0.144256591796875
0.0869598388671875 0.047149658203125 0.183547973632813 0.11907958984375
0.0617027282714844 0.0553474426269531 0.183883666992188 0.0891265869140625
0.0635833740234375 0.05426025390625 0.182037353515625 0.091888427734375
0.0351638793945312 0.0631103515625 0.138343811035156 0.0923614501953125
0.00231170654296876 0.0737228393554688 0.0916366577148438 0.0499191284179688
-0.0433235168457031 0.068939208984375 0.0931854248046875 0.0186080932617188
-0.0993423461914063 0.0132980346679687 0.139419555664063 -0.0035858154296875
-0.112167358398438 -0.0351333618164063 0.236251831054688 -0.03387451171875
-0.07110595703125 -0.089508056640625 0.40032958984375 0.04083251953125
-0.235504150390625 -0.07965087890625 0.128776550292969 -0.09869384765625
-0.243453979492188 0.0178680419921875 0.0814590454101562 -0.0810165405273438
-0.22613525390625 0.126861572265625 -0.0168991088867188 -0.039276123046875
-0.098602294921875 0.197265625 -0.0280323028564453 0.0289859771728516
-0.00247192382812501 0.192291259765625 -0.0316619873046875 0.0866622924804688
0.103591918945313 0.150115966796875 0.0597000122070313 0.128517150878906
0.144821166992188 0.1083984375 0.140266418457031 0.10028076171875
0.118057250976563 0.111412048339844 0.144577026367188 0.0594635009765625
0.133445739746094 0.107620239257813 0.148941040039063 0.057708740234375
0.087066650390625 0.122016906738281 0.117759704589844 0.04901123046875
0.0291595458984375 0.149658203125 0.0711212158203125 0.0111312866210938
-0.0389556884765625 0.149765014648437 0.081817626953125 -0.0234909057617187
-0.155059814453125 0.0895843505859375 0.137504577636719 -0.0526123046875
-0.19830322265625 0.034576416015625 0.232498168945313 -0.071563720703125
-0.181320190429688 -0.0489044189453125 0.376617431640625 -0.002838134765625
-0.309814453125 -0.053680419921875 0.057220458984375 -0.115455627441406
-0.308990478515625 0.0285949707031251 0.0472488403320312 -0.0829696655273438
-0.30029296875 0.148773193359375 -0.0193023681640625 -0.0621871948242188
-0.152969360351563 0.24578857421875 -0.03875732421875 -0.012542724609375
-0.0340576171875 0.25048828125 -0.0594367980957031 0.0387115478515625
0.114151000976563 0.212997436523437 0.0131683349609375 0.0850296020507813
0.179031372070313 0.153961181640625 0.0778121948242188 0.0615386962890625
0.156539916992188 0.148605346679688 0.0838241577148438 0.01983642578125
0.186813354492188 0.140029907226563 0.0938186645507813 0.0193710327148438
0.136947631835938 0.159347534179688 0.0761566162109375 0.00365447998046876
0.0681610107421875 0.209793090820313 0.0348548889160156 -0.0256061553955078
-0.0179901123046875 0.224075317382813 0.0578117370605469 -0.0605010986328125
-0.187667846679687 0.170791625976563 0.118331909179687 -0.0895767211914062
-0.25823974609375 0.110595703125 0.201416015625 -0.0878143310546875
-0.265274047851563 -0.000198364257812533 0.31414794921875 -0.0316162109375
-0.33831787109375 -0.0133056640625 -0.0357742309570313 -0.131240844726563
-0.3284912109375 0.0485534667968751 -0.00525665283203126 -0.0833892822265625
-0.321685791015625 0.1622314453125 -0.0253448486328125 -0.0790023803710937
-0.174148559570313 0.2630615234375 -0.0447769165039063 -0.0553398132324218
-0.0540771484375 0.272415161132813 -0.075469970703125 -0.0182037353515625
0.111129760742187 0.241439819335938 -0.0313892364501953 0.0239353179931641
0.187713623046875 0.174758911132813 0.00549316406250001 0.00930118560791017
0.171981811523438 0.163604736328125 0.00948524475097657 -0.0220470428466797
0.213363647460937 0.152603149414062 0.0216426849365235 -0.0186214447021484
0.167434692382813 0.174819946289063 0.016357421875 -0.03961181640625
0.0957183837890625 0.24200439453125 -0.0126724243164062 -0.0579261779785156
0.00454711914062499 0.266815185546875 0.0223541259765625 -0.086669921875
-0.194503784179688 0.225265502929688 0.086090087890625 -0.105484008789062
-0.279251098632813 0.166961669921875 0.147430419921875 -0.07696533203125
-0.307342529296875 0.047454833984375 0.217926025390625 -0.037078857421875
-0.317291259765625 0.0362548828125 -0.140853881835938 -0.136474609375
-0.2950439453125 0.0801391601562499 -0.0683364868164063 -0.078643798828125
-0.278671264648438 0.166854858398437 -0.0379562377929688 -0.0875091552734375
-0.149871826171875 0.243728637695312 -0.0514144897460937 -0.0907516479492187
-0.0509033203125 0.248489379882813 -0.08367919921875 -0.0714111328125
0.0996551513671875 0.226089477539063 -0.0711746215820312 -0.0428466796875
0.170761108398438 0.164306640625 -0.0683784484863281 -0.0460205078125
0.161209106445313 0.152801513671875 -0.0665969848632813 -0.0602302551269531
0.203033447265625 0.144424438476563 -0.0562171936035156 -0.0519523620605469
0.162277221679688 0.16607666015625 -0.0494613647460937 -0.076385498046875
0.0953216552734375 0.233245849609375 -0.0609970092773437 -0.0813369750976563
0.0121002197265625 0.258255004882813 -0.0135650634765625 -0.0998077392578125
-0.175811767578125 0.229354858398437 0.0506591796875 -0.0998153686523437
-0.255966186523438 0.183639526367188 0.0826034545898437 -0.0411834716796875
-0.29864501953125 0.080291748046875 0.103927612304687 -0.024078369140625
-0.248321533203125 0.0835876464843749 -0.240219116210938 -0.12353515625
-0.214202880859375 0.10662841796875 -0.131317138671875 -0.0632858276367187
-0.182052612304688 0.15179443359375 -0.0578079223632813 -0.083465576171875
-0.089691162109375 0.187591552734375 -0.0644989013671875 -0.107307434082031
-0.0274658203125 0.184463500976563 -0.0874481201171875 -0.104194641113281
0.0820770263671875 0.169967651367188 -0.104156494140625 -0.0957565307617188
0.131416320800781 0.123970031738281 -0.134025573730469 -0.0910110473632813
0.125694274902344 0.117851257324219 -0.135154724121094 -0.089111328125
0.156967163085938 0.11676025390625 -0.126014709472656 -0.0810623168945312
0.120040893554687 0.133644104003906 -0.103317260742188 -0.105911254882812
0.0636138916015625 0.184539794921875 -0.0920257568359375 -0.0990447998046875
0.0012664794921875 0.1961669921875 -0.037353515625 -0.103126525878906
-0.1343994140625 0.173507690429687 0.0220413208007813 -0.0789642333984375
-0.189590454101563 0.154815673828125 0.0179042816162109 0.00238037109375001
-0.237625122070313 0.09320068359375 -0.0098552703857422 -0.00132274627685546
-0.142593383789063 0.112503051757813 -0.319915771484375 -0.09161376953125
-0.109306335449219 0.112495422363281 -0.185577392578125 -0.03741455078125
-0.0669021606445312 0.111923217773438 -0.0819854736328125 -0.0634231567382812
-0.0218963623046875 0.107368469238281 -0.0810012817382813 -0.096466064453125
0.000228881835937499 0.0968856811523437 -0.0876846313476562 -0.108139038085938
0.0560455322265625 0.0887451171875 -0.127578735351563 -0.12200927734375
0.0735397338867188 0.064483642578125 -0.181488037109375 -0.114059448242187
0.0705718994140625 0.0640029907226563 -0.183517456054688 -0.10443115234375
0.0843887329101563 0.070953369140625 -0.1734619140625 -0.10394287109375
0.0551223754882813 0.0803680419921875 -0.130950927734375 -0.1287841796875
0.0156478881835937 0.102890014648438 -0.0952606201171875 -0.111869812011719
-0.013824462890625 0.0947189331054687 -0.0411376953125 -0.0983047485351562
-0.0669403076171875 0.0823974609375 0.00551986694335937 -0.0539512634277344
-0.087432861328125 0.09857177734375 -0.0339241027832031 0.0388336181640625
-0.134452819824219 0.0912704467773438 -0.102630615234375 0.023590087890625
-0.0175552368164063 0.114402770996094 -0.37060546875 -0.047576904296875
-0.00231933593749999 0.0897445678710938 -0.226959228515625 -0.000274658203124974
0.0332984924316406 0.0512046813964844 -0.103591918945313 -0.0273208618164063
0.0285587310791016 0.0184497833251953 -0.0934829711914062 -0.0632171630859375
0.0176887512207031 0.00733757019042969 -0.0823898315429688 -0.088714599609375
0.0185661315917969 0.00337028503417969 -0.13726806640625 -0.12005615234375
0.00437760353088379 -0.00178003311157227 -0.203216552734375 -0.113632202148438
0.00383973121643066 0.000733375549316406 -0.203216552734375 -0.10357666015625
0.000328063964843749 0.0112876892089844 -0.188629150390625 -0.118316650390625
-0.0121221542358398 0.0113611221313477 -0.12890625 -0.141448974609375
-0.0235481262207031 0.00366783142089844 -0.0718231201171875 -0.116775512695313
-0.01153564453125 -0.018707275390625 -0.0259246826171875 -0.0872421264648438
0.0251026153564453 -0.00944709777832031 0.00113105773925781 -0.027618408203125
0.0363616943359375 0.0419960021972656 -0.0656051635742187 0.0601310729980469
-0.00629425048828124 0.0835342407226562 -0.158203125 0.04638671875
-0.139488220214844 -0.0968170166015625 0.17791748046875 -0.086090087890625
-0.151229858398437 0.010223388671875 0.103370666503906 -0.0814971923828125
-0.125137329101563 0.0959243774414062 -0.0139150619506836 -0.0117416381835937
-0.0319671630859375 0.128265380859375 -0.00624847412109376 0.0682296752929688
0.0322494506835937 0.111045837402344 0.0101089477539062 0.122474670410156
0.0811767578125 0.0626983642578125 0.108856201171875 0.151199340820313
0.0922698974609375 0.03985595703125 0.195144653320313 0.124588012695313
0.0676918029785156 0.0522079467773438 0.194900512695313 0.094879150390625
0.0705337524414063 0.0494842529296875 0.1917724609375 0.0981292724609375
0.041961669921875 0.0626869201660156 0.142852783203125 0.099578857421875
0.00844573974609376 0.0783462524414063 0.0913467407226563 0.053466796875
-0.0413360595703125 0.0783538818359375 0.095184326171875 0.0170745849609375
-0.106414794921875 0.0234451293945312 0.147781372070313 -0.008819580078125
-0.121803283691406 -0.0266342163085938 0.252487182617188 -0.0407562255859375
-0.0821685791015625 -0.0867538452148438 0.422637939453125 0.038177490234375
-0.253219604492187 -0.0749664306640624 0.142379760742187 -0.0970458984375
-0.250564575195313 0.0251617431640625 0.09228515625 -0.0819168090820312
-0.230438232421875 0.1383056640625 -0.0163383483886719 -0.0369949340820312
-0.094757080078125 0.20623779296875 -0.0273017883300781 0.033294677734375
0.00379943847656251 0.198272705078125 -0.0312728881835938 0.0954742431640625
0.112686157226563 0.148468017578125 0.0656051635742188 0.137596130371094
0.154190063476563 0.105087280273438 0.150360107421875 0.1075439453125
0.128067016601563 0.111862182617188 0.151901245117188 0.0656890869140625
0.144241333007813 0.105697631835937 0.157073974609375 0.064300537109375
0.0961990356445313 0.125129699707031 0.119827270507813 0.0560684204101563
0.037200927734375 0.158966064453125 0.0687446594238281 0.0141983032226563
-0.0385894775390625 0.163436889648438 0.0811767578125 -0.0252532958984375
-0.166549682617188 0.103683471679687 0.142486572265625 -0.0577239990234375
-0.21295166015625 0.0457305908203125 0.24462890625 -0.0789031982421875
-0.20001220703125 -0.04583740234375 0.3931884765625 -0.005767822265625
-0.332275390625 -0.050994873046875 0.0646438598632813 -0.112144470214844
-0.321807861328125 0.033935546875 0.054351806640625 -0.0817489624023438
-0.31256103515625 0.1627197265625 -0.0209274291992188 -0.0596122741699219
-0.15301513671875 0.258331298828125 -0.0400047302246094 -0.0081825256347656
-0.031402587890625 0.26171875 -0.0616798400878906 0.0478477478027344
0.123214721679687 0.216827392578125 0.0171661376953125 0.0944290161132813
0.190780639648438 0.155242919921875 0.0834274291992188 0.0687484741210938
0.168075561523438 0.153411865234375 0.0864715576171875 0.0256271362304688
0.200653076171875 0.14141845703125 0.0985183715820313 0.0248336791992188
0.147384643554688 0.165206909179688 0.0756454467773438 0.00909423828125001
0.076019287109375 0.222000122070313 0.0308895111083984 -0.0229377746582031
-0.0166473388671875 0.239593505859375 0.05450439453125 -0.0625419616699219
-0.201202392578125 0.187332153320313 0.1192626953125 -0.0953750610351562
-0.275421142578125 0.124008178710938 0.20916748046875 -0.0935821533203125
-0.28857421875 0.00448608398437496 0.3238525390625 -0.033966064453125
-0.361907958984375 -0.013031005859375 -0.0376129150390625 -0.126945495605469
-0.3455810546875 0.05413818359375 -0.00384521484375002 -0.0805435180664063
-0.339599609375 0.17529296875 -0.0289230346679688 -0.0761337280273437
-0.180191040039063 0.278030395507813 -0.0475807189941406 -0.0510292053222656
-0.05560302734375 0.287841796875 -0.0797500610351563 -0.01080322265625
0.11883544921875 0.250747680664063 -0.0296421051025391 0.0317249298095703
0.19989013671875 0.180450439453125 0.00694847106933595 0.0149812698364258
0.1837158203125 0.17156982421875 0.00827407836914064 -0.0176181793212891
0.227264404296875 0.157150268554687 0.0217323303222656 -0.0142803192138672
0.177444458007813 0.18231201171875 0.0126457214355469 -0.0360374450683594
0.103439331054688 0.254180908203125 -0.0190963745117187 -0.0550117492675781
0.00631713867187501 0.282958984375 0.016754150390625 -0.087799072265625
-0.207015991210938 0.242080688476562 0.083404541015625 -0.109481811523437
-0.296112060546875 0.180999755859375 0.150131225585938 -0.080291748046875
-0.331451416015625 0.051544189453125 0.220733642578125 -0.0386505126953125
-0.337677001953125 0.0348815917968751 -0.150375366210938 -0.13189697265625
-0.31280517578125 0.0821228027343751 -0.073974609375 -0.073760986328125
-0.297637939453125 0.177093505859375 -0.0436935424804688 -0.084381103515625
-0.158538818359375 0.257705688476562 -0.0555419921875 -0.0869903564453125
-0.0545806884765625 0.265365600585938 -0.0885696411132813 -0.0671615600585937
0.104537963867187 0.238616943359375 -0.0732421875 -0.0392303466796875
0.181289672851563 0.173126220703125 -0.072113037109375 -0.043060302734375
0.171661376953125 0.16265869140625 -0.0731048583984375 -0.0582199096679687
0.21600341796875 0.151260375976562 -0.0606765747070312 -0.04913330078125
0.171051025390625 0.174652099609375 -0.0553512573242187 -0.0737380981445312
0.101516723632812 0.245712280273438 -0.0681381225585937 -0.0791015625
0.0130157470703125 0.27294921875 -0.0209426879882812 -0.100265502929688
-0.187576293945312 0.243087768554688 0.0457077026367187 -0.102424621582031
-0.271102905273438 0.194290161132813 0.0804672241210937 -0.041107177734375
-0.319732666015625 0.082122802734375 0.0985260009765625 -0.0235977172851562
-0.263092041015625 0.080657958984375 -0.257858276367188 -0.11956787109375
-0.227447509765625 0.10675048828125 -0.143524169921875 -0.0581512451171875
-0.197219848632813 0.157684326171875 -0.06549072265625 -0.0801773071289062
-0.0985260009765625 0.1971435546875 -0.0699386596679687 -0.104621887207031
-0.0332489013671875 0.19744873046875 -0.0921401977539062 -0.1036376953125
0.0839691162109375 0.181381225585938 -0.108505249023438 -0.0965118408203125
0.138984680175781 0.1346435546875 -0.142257690429688 -0.0908660888671875
0.133453369140625 0.127754211425781 -0.144760131835938 -0.089447021484375
0.165939331054688 0.125244140625 -0.133865356445313 -0.0802459716796875
0.125198364257813 0.142990112304688 -0.111579895019531 -0.105514526367188
0.0652923583984375 0.195632934570312 -0.0996856689453125 -0.0976333618164063
-0.00154113769531251 0.207015991210938 -0.0441741943359375 -0.102890014648438
-0.144699096679688 0.18182373046875 0.01568603515625 -0.0803146362304687
-0.201080322265625 0.159957885742188 0.0130472183227539 0.00569915771484376
-0.25408935546875 0.0926208496093749 -0.0215263366699219 0.000566482543945314
-0.148223876953125 0.110366821289062 -0.342498779296875 -0.0869140625000001
-0.115089416503906 0.111045837402344 -0.202423095703125 -0.0311431884765625
-0.0753707885742188 0.111778259277344 -0.090484619140625 -0.0591659545898438
-0.0287246704101562 0.110435485839844 -0.0861968994140625 -0.0942001342773437
-0.00521087646484374 0.104240417480469 -0.0906295776367187 -0.109992980957031
0.0546646118164062 0.0976104736328125 -0.13250732421875 -0.125831604003906
0.0762557983398438 0.0742111206054688 -0.19219970703125 -0.11688232421875
0.0731277465820313 0.0736160278320313 -0.195556640625 -0.10638427734375
0.0880279541015625 0.0795974731445313 -0.183990478515625 -0.105316162109375
0.0559158325195313 0.0900344848632813 -0.139717102050781 -0.131484985351563
0.0123062133789062 0.112030029296875 -0.102058410644531 -0.1123046875
-0.0197677612304688 0.101142883300781 -0.0471343994140625 -0.099395751953125
-0.0764617919921875 0.0826492309570312 -0.000644683837890628 -0.0545997619628906
-0.0951690673828125 0.0966262817382812 -0.0414924621582031 0.0428047180175781
-0.142974853515625 0.0870513916015625 -0.118240356445313 0.0267181396484375
-0.014556884765625 0.111091613769531 -0.393829345703125 -0.042755126953125
-0.000190734863281256 0.0866470336914063 -0.244354248046875 0.0062713623046875
0.0328216552734375 0.0456199645996094 -0.111320495605469 -0.0220489501953125
0.0249385833740234 0.0155963897705078 -0.0968780517578125 -0.0599212646484375
0.0121955871582031 0.00728702545166016 -0.0839691162109375 -0.0920867919921875
0.013707160949707 0.0082550048828125 -0.14312744140625 -0.126449584960938
0.0014805793762207 0.00569629669189453 -0.21551513671875 -0.118362426757812
0.00136423110961914 0.00768232345581055 -0.215286254882813 -0.106796264648437
-0.0010833740234375 0.0204486846923828 -0.199874877929687 -0.121414184570313
-0.0152854919433594 0.0195732116699219 -0.136505126953125 -0.146926879882813
-0.0297317504882813 0.00994873046875 -0.0765762329101563 -0.119987487792969
-0.0200328826904297 -0.0171985626220703 -0.0308609008789063 -0.0897293090820313
0.0183525085449219 -0.0157375335693359 -0.00490379333496094 -0.0293846130371094
0.0331878662109375 0.034393310546875 -0.0748443603515625 0.0636825561523438
-0.0068817138671875 0.0775680541992188 -0.174407958984375 0.048004150390625
-0.152938842773437 -0.0885162353515625 0.194412231445313 -0.0948333740234375
-0.151962280273437 0.0194549560546875 0.114265441894531 -0.0915374755859375
-0.120246887207031 0.107063293457031 -0.0123767852783203 -0.0105628967285156
-0.0223846435546875 0.133132934570313 -0.00163269042968751 0.070587158203125
0.0427093505859375 0.109756469726563 0.0167999267578125 0.130477905273438
0.0883636474609375 0.0542831420898438 0.120651245117188 0.156982421875
0.097442626953125 0.031005859375 0.21234130859375 0.125411987304688
0.074249267578125 0.047393798828125 0.211257934570313 0.09649658203125
0.0780181884765625 0.0428619384765625 0.208160400390625 0.10052490234375
0.0498313903808594 0.0614547729492188 0.152328491210938 0.104537963867188
0.0180511474609375 0.0824050903320312 0.0944595336914063 0.0554962158203125
-0.0374755859375 0.0889892578125 0.0987548828125 0.0138168334960938
-0.111442565917969 0.0371780395507813 0.156982421875 -0.01800537109375
-0.131019592285156 -0.014129638671875 0.26873779296875 -0.0561981201171875
-0.0954666137695313 -0.0809783935546875 0.4498291015625 0.023773193359375
-0.273971557617188 -0.0635223388671875 0.15582275390625 -0.102020263671875
-0.25885009765625 0.037445068359375 0.102813720703125 -0.0884475708007813
-0.232086181640625 0.157272338867187 -0.0163726806640625 -0.03533935546875
-0.086578369140625 0.217666625976563 -0.0256080627441406 0.0375823974609375
0.01519775390625 0.205612182617188 -0.02783203125 0.105796813964844
0.124771118164063 0.145309448242188 0.0759124755859375 0.145828247070313
0.166915893554688 0.0989532470703125 0.16455078125 0.111068725585937
0.140655517578125 0.109710693359375 0.163681030273438 0.068603515625
0.158599853515625 0.101638793945313 0.169204711914063 0.0670013427734375
0.108863830566406 0.126075744628906 0.126274108886719 0.0603561401367188
0.04937744140625 0.167373657226563 0.0692024230957031 0.0167312622070313
-0.0328216552734375 0.178802490234375 0.0812454223632813 -0.0288238525390625
-0.174896240234375 0.123886108398437 0.146987915039062 -0.067352294921875
-0.22650146484375 0.06451416015625 0.2568359375 -0.0932769775390625
-0.221435546875 -0.0357818603515625 0.414459228515625 -0.01953125
-0.359039306640625 -0.0397033691406249 0.0713424682617187 -0.112823486328125
-0.336151123046875 0.048126220703125 0.0612030029296875 -0.0842361450195313
-0.323150634765625 0.1856689453125 -0.022674560546875 -0.0575637817382812
-0.149276733398438 0.27667236328125 -0.0408668518066406 -0.00278472900390624
-0.022003173828125 0.27734375 -0.0614356994628906 0.0593376159667969
0.137985229492188 0.219940185546875 0.024993896484375 0.103584289550781
0.2076416015625 0.152923583984375 0.0932998657226563 0.0735855102539063
0.185379028320313 0.154510498046875 0.0924301147460938 0.0294418334960938
0.219512939453125 0.139175415039063 0.105575561523438 0.0278244018554688
0.16412353515625 0.167953491210938 0.0773162841796875 0.0129241943359375
0.09161376953125 0.232376098632813 0.027679443359375 -0.0203914642333984
-0.00845336914062498 0.2586669921875 0.0503425598144531 -0.0653038024902344
-0.2095947265625 0.212081909179687 0.118934631347656 -0.103347778320312
-0.2896728515625 0.1478271484375 0.21588134765625 -0.106475830078125
-0.314453125 0.0175781249999999 0.33734130859375 -0.04534912109375
-0.3896484375 -0.00225830078124995 -0.0399627685546875 -0.123252868652344
-0.36529541015625 0.0664672851562501 -0.00292205810546877 -0.07843017578125
-0.355743408203125 0.20062255859375 -0.0335693359375 -0.0728988647460938
-0.178985595703125 0.299835205078125 -0.05157470703125 -0.0460472106933594
-0.048431396484375 0.308349609375 -0.0834884643554688 -0.00105285644531248
0.134170532226563 0.2596435546875 -0.0263442993164062 0.0389366149902344
0.219009399414063 0.182998657226563 0.00970077514648439 0.0201225280761719
0.202239990234375 0.175643920898437 0.00729846954345704 -0.0139398574829101
0.248336791992187 0.156219482421875 0.0224571228027344 -0.0107593536376953
0.195587158203125 0.1866455078125 0.00980758666992189 -0.0320930480957031
0.119903564453125 0.2662353515625 -0.0250396728515625 -0.0517005920410156
0.01654052734375 0.3016357421875 0.00996398925781249 -0.0893936157226562
-0.213882446289063 0.26898193359375 0.0794601440429688 -0.115707397460938
-0.3092041015625 0.20574951171875 0.152725219726562 -0.087615966796875
-0.35772705078125 0.0668945312499999 0.224594116210937 -0.0449371337890625
-0.362457275390625 0.0440063476562501 -0.164077758789063 -0.124252319335938
-0.331329345703125 0.09375 -0.080596923828125 -0.06854248046875
-0.314697265625 0.199432373046875 -0.05157470703125 -0.0801544189453125
-0.161239624023438 0.278778076171875 -0.0625686645507813 -0.0823822021484375
-0.05120849609375 0.28668212890625 -0.0949478149414063 -0.06097412109375
0.11865234375 0.250640869140625 -0.0744857788085937 -0.034637451171875
0.199813842773438 0.178848266601563 -0.0771331787109375 -0.03851318359375
0.188583374023437 0.169357299804687 -0.0807952880859375 -0.0543365478515625
0.234817504882812 0.152725219726563 -0.0660972595214843 -0.0456314086914062
0.186370849609375 0.180191040039062 -0.0631561279296875 -0.0704803466796875
0.115280151367188 0.258392333984375 -0.0770339965820312 -0.0749664306640625
0.02099609375 0.29034423828125 -0.0291366577148438 -0.100021362304687
-0.194000244140625 0.2662353515625 0.0393905639648437 -0.105751037597656
-0.28204345703125 0.2164306640625 0.0793075561523437 -0.0420913696289062
-0.34307861328125 0.0960388183593749 0.0943603515625 -0.0246658325195312
-0.27972412109375 0.0871734619140625 -0.27886962890625 -0.108261108398438
-0.241378784179688 0.114028930664062 -0.15679931640625 -0.0493927001953125
-0.21075439453125 0.172332763671875 -0.075347900390625 -0.0747222900390625
-0.102569580078125 0.212448120117188 -0.0780715942382812 -0.0996551513671875
-0.0324859619140625 0.214492797851562 -0.0996627807617188 -0.101112365722656
0.0931854248046875 0.19317626953125 -0.115043640136719 -0.09539794921875
0.152450561523437 0.141799926757813 -0.153182983398438 -0.087677001953125
0.145538330078125 0.136123657226563 -0.158401489257812 -0.0856781005859375
0.180282592773438 0.129653930664063 -0.145309448242188 -0.0761260986328125
0.136947631835938 0.15045166015625 -0.121810913085937 -0.102851867675781
0.0734710693359375 0.207839965820312 -0.109642028808594 -0.0947113037109375
0.00201416015624998 0.220474243164063 -0.0537796020507812 -0.102134704589844
-0.152099609375 0.1968994140625 0.0084228515625 -0.0813827514648437
-0.2109375 0.173309326171875 0.00829410552978514 0.00932979583740236
-0.271316528320313 0.101303100585938 -0.0324382781982422 0.00533103942871094
-0.155197143554688 0.112991333007813 -0.369354248046875 -0.073486328125
-0.121231079101563 0.114212036132812 -0.220291137695313 -0.019134521484375
-0.0830001831054688 0.116622924804688 -0.101234436035156 -0.0526504516601562
-0.0326461791992188 0.117179870605469 -0.0942916870117188 -0.0896835327148438
-0.00758361816406251 0.113883972167969 -0.0975799560546875 -0.110275268554687
0.0579452514648438 0.106704711914063 -0.142532348632813 -0.128585815429688
0.0837631225585938 0.0820693969726563 -0.20867919921875 -0.115081787109375
0.0796356201171875 0.0813980102539063 -0.212326049804688 -0.10296630859375
0.0960006713867188 0.0873870849609375 -0.1988525390625 -0.102783203125
0.061309814453125 0.0985794067382813 -0.152740478515625 -0.131103515625
0.0138931274414062 0.122817993164063 -0.11151123046875 -0.111434936523437
-0.023101806640625 0.110404968261719 -0.0560455322265625 -0.0988845825195313
-0.0849380493164062 0.0876312255859375 -0.00802612304687501 -0.0545463562011719
-0.102523803710938 0.0995864868164062 -0.0483512878417969 0.0496826171875
-0.15283203125 0.0890655517578125 -0.133384704589844 0.0344085693359375
-0.00968933105468751 0.108993530273438 -0.42205810546875 -0.02679443359375
0.00209045410156249 0.0845413208007813 -0.263534545898438 0.0216522216796875
0.031982421875 0.040740966796875 -0.120353698730469 -0.0136184692382813
0.0213222503662109 0.0130767822265625 -0.102745056152344 -0.0552291870117188
0.0076451301574707 0.00823640823364258 -0.0880966186523438 -0.0948867797851563
0.0103826522827148 0.0130977630615234 -0.15411376953125 -0.130416870117187
0.000848770141601563 0.0132312774658203 -0.234268188476563 -0.117568969726563
0.000895500183105468 0.0149068832397461 -0.2333984375 -0.105178833007812
-0.000385284423828123 0.0295009613037109 -0.2171630859375 -0.120635986328125
-0.0164241790771484 0.0281200408935547 -0.149612426757813 -0.149642944335938
-0.0350494384765625 0.01763916015625 -0.0849990844726563 -0.1224365234375
-0.0277118682861328 -0.01409912109375 -0.03790283203125 -0.0913467407226563
0.0107612609863281 -0.0206813812255859 -0.0114021301269531 -0.0294876098632812
0.0300655364990234 0.0273513793945313 -0.0833892822265625 0.0712890625
-0.00730133056640625 0.0726318359375 -0.191650390625 0.056671142578125
-0.16497802734375 -0.0735931396484375 0.205368041992188 -0.109573364257813
-0.150253295898438 0.0305023193359375 0.12054443359375 -0.104446411132812
-0.111091613769531 0.118698120117188 -0.0101737976074219 -0.00887393951416015
-0.00907135009765625 0.135391235351563 0.0043182373046875 0.0726470947265625
0.0544052124023437 0.105789184570313 0.0264205932617188 0.135452270507813
0.0935745239257813 0.042999267578125 0.135360717773438 0.15655517578125
0.100822448730469 0.020050048828125 0.23040771484375 0.118072509765625
0.0802841186523438 0.0398101806640625 0.227294921875 0.089996337890625
0.083648681640625 0.0343093872070313 0.225296020507813 0.0951385498046875
0.0577888488769531 0.0570259094238281 0.1640625 0.104461669921875
0.0279006958007813 0.083282470703125 0.0979537963867188 0.0554351806640625
-0.0292510986328125 0.098419189453125 0.101547241210937 0.00826263427734376
-0.112236022949219 0.0525970458984375 0.162567138671875 -0.0321044921875
-0.135971069335938 0.00196075439453126 0.278961181640625 -0.079345703125
-0.108169555664063 -0.071197509765625 0.470794677734375 -0.005126953125
-0.291534423828125 -0.0430297851562501 0.165496826171875 -0.112106323242188
-0.262405395507813 0.0555419921875 0.108650207519531 -0.0984420776367187
-0.226104736328125 0.179031372070312 -0.0162124633789063 -0.0330619812011719
-0.0721435546875 0.228530883789063 -0.0220451354980469 0.041900634765625
0.0314178466796875 0.209442138671875 -0.0205078125 0.115570068359375
0.137489318847656 0.13677978515625 0.090301513671875 0.14874267578125
0.1781005859375 0.0862884521484375 0.1805419921875 0.107589721679688
0.153839111328125 0.102340698242188 0.176422119140625 0.06512451171875
0.172012329101563 0.090576171875 0.182540893554688 0.0629730224609375
0.123130798339844 0.122611999511719 0.133659362792969 0.0615158081054688
0.0655670166015625 0.171432495117188 0.0690078735351562 0.0175666809082031
-0.0201263427734375 0.192581176757813 0.079498291015625 -0.0334320068359375
-0.175079345703125 0.147811889648438 0.147613525390625 -0.080322265625
-0.231826782226563 0.089447021484375 0.262847900390625 -0.115188598632813
-0.238021850585938 -0.01708984375 0.428680419921875 -0.044464111328125
-0.381103515625 -0.01513671875 0.074859619140625 -0.114730834960938
-0.34698486328125 0.070953369140625 0.0653305053710937 -0.0888748168945312
-0.32281494140625 0.214691162109375 -0.0251579284667969 -0.0532798767089844
-0.135467529296875 0.294708251953125 -0.0409927368164063 0.00358200073242189
-0.00418090820312502 0.28936767578125 -0.0582275390625 0.0709228515625
0.156509399414062 0.216415405273437 0.0359725952148438 0.109893798828125
0.226165771484375 0.14251708984375 0.104103088378906 0.0743331909179688
0.204269409179688 0.147674560546875 0.098968505859375 0.0289840698242188
0.238311767578125 0.127883911132813 0.112457275390625 0.026458740234375
0.182525634765625 0.163818359375 0.079925537109375 0.0145263671875
0.11273193359375 0.237045288085938 0.0245475769042969 -0.0174140930175781
0.008819580078125 0.273605346679688 0.0451164245605469 -0.0676803588867187
-0.206451416015625 0.240966796875 0.114959716796875 -0.113136291503906
-0.293792724609375 0.177764892578125 0.217758178710937 -0.123153686523438
-0.334075927734375 0.0424499511718751 0.34466552734375 -0.064727783203125
-0.413421630859375 0.0224914550781251 -0.044036865234375 -0.117301940917969
-0.378326416015625 0.0904235839843749 -0.00357055664062502 -0.076873779296875
-0.36016845703125 0.233612060546875 -0.0394515991210938 -0.0672378540039062
-0.16815185546875 0.323883056640625 -0.0546760559082031 -0.0383415222167969
-0.03125 0.3270263671875 -0.0837478637695313 0.0105819702148438
0.154953002929687 0.26092529296875 -0.0202560424804687 0.0456924438476563
0.239669799804688 0.17486572265625 0.0137500762939453 0.0239200592041016
0.223495483398438 0.17071533203125 0.00652503967285158 -0.00996112823486327
0.269439697265625 0.145919799804688 0.0235404968261719 -0.00840187072753905
0.215606689453125 0.182113647460937 0.00707054138183595 -0.0286121368408203
0.142181396484375 0.270736694335938 -0.0316162109375 -0.0463218688964844
0.035675048828125 0.316436767578125 0.00188446044921875 -0.0882492065429687
-0.209197998046875 0.29815673828125 0.0719223022460937 -0.121910095214844
-0.31060791015625 0.2376708984375 0.151123046875 -0.09796142578125
-0.376220703125 0.093170166015625 0.225479125976562 -0.056060791015625
-0.382110595703125 0.06475830078125 -0.176406860351563 -0.110687255859375
-0.344512939453125 0.11492919921875 -0.086669921875 -0.0595932006835937
-0.321563720703125 0.229156494140625 -0.0599517822265625 -0.0729904174804688
-0.15380859375 0.302398681640625 -0.0684814453125 -0.0748291015625
-0.0377197265625 0.306396484375 -0.0996627807617188 -0.0519180297851562
0.138412475585938 0.255157470703125 -0.075531005859375 -0.0292587280273437
0.220260620117187 0.174468994140625 -0.0810623168945313 -0.0321578979492187
0.209304809570313 0.1671142578125 -0.0882186889648437 -0.046844482421875
0.25518798828125 0.145263671875 -0.0712890625 -0.0392990112304688
0.205184936523438 0.177597045898438 -0.0707778930664062 -0.0643768310546875
0.13592529296875 0.263412475585938 -0.0857315063476563 -0.0676422119140625
0.03887939453125 0.303497314453125 -0.039398193359375 -0.0964431762695313
-0.188873291015625 0.292205810546875 0.0305099487304687 -0.107009887695312
-0.28216552734375 0.242919921875 0.0767288208007812 -0.0452804565429687
-0.359527587890625 0.119842529296875 0.089111328125 -0.0260696411132812
-0.29180908203125 0.1019287109375 -0.297698974609375 -0.0873718261718749
-0.25030517578125 0.128814697265625 -0.168121337890625 -0.03436279296875
-0.217498779296875 0.193222045898438 -0.085723876953125 -0.0653152465820312
-0.0984954833984375 0.22894287109375 -0.0862350463867188 -0.0916748046875
-0.0237274169921875 0.23114013671875 -0.107223510742187 -0.0950393676757813
0.107925415039063 0.200180053710937 -0.121971130371094 -0.091217041015625
0.169296264648438 0.141281127929688 -0.16534423828125 -0.079498291015625
0.162429809570313 0.136627197265625 -0.1715087890625 -0.0757598876953125
0.197418212890625 0.126708984375 -0.155593872070312 -0.067352294921875
0.150802612304688 0.151168823242188 -0.1339111328125 -0.0958633422851562
0.0879669189453125 0.215057373046875 -0.119422912597656 -0.0871963500976562
0.0123748779296875 0.232681274414063 -0.06463623046875 -0.0972824096679687
-0.151718139648438 0.214447021484375 0.000450134277343737 -0.08013916015625
-0.2122802734375 0.1917724609375 0.00595378875732421 0.0141563415527344
-0.283172607421875 0.117767333984375 -0.0414276123046875 0.0130119323730469
-0.158172607421875 0.119338989257813 -0.390838623046875 -0.0466308593750001
-0.124191284179687 0.120262145996094 -0.234344482421875 0.00125122070312501
-0.0868606567382813 0.12451171875 -0.110618591308594 -0.041595458984375
-0.0331878662109375 0.124473571777344 -0.101997375488281 -0.0811996459960937
-0.00521850585937501 0.122917175292969 -0.105033874511719 -0.107559204101562
0.0646591186523437 0.113265991210937 -0.153656005859375 -0.126007080078125
0.0932693481445313 0.085418701171875 -0.22509765625 -0.106185913085938
0.0894775390625 0.0858612060546875 -0.228302001953125 -0.0920715332031249
0.106925964355469 0.0901336669921875 -0.214202880859375 -0.092010498046875
0.0695648193359375 0.104225158691406 -0.167129516601563 -0.124984741210938
0.0200958251953125 0.132240295410156 -0.122703552246094 -0.105903625488281
-0.0218734741210937 0.119720458984375 -0.0664520263671875 -0.0952987670898437
-0.0901336669921875 0.0956344604492187 -0.0152740478515625 -0.0520896911621094
-0.105712890625 0.105865478515625 -0.0512199401855469 0.0588722229003906
-0.159271240234375 0.09600830078125 -0.145736694335938 0.04815673828125
-0.0037994384765625 0.10565185546875 -0.443206787109375 0.00244140624999997
0.00525665283203126 0.0824813842773438 -0.276779174804688 0.0450439453125
0.0309600830078125 0.0358467102050781 -0.127197265625 -0.00077056884765625
0.0173826217651367 0.0113592147827148 -0.107887268066406 -0.0463943481445313
0.00405216217041016 0.00973129272460938 -0.0937271118164063 -0.094482421875
0.00899314880371094 0.018798828125 -0.166458129882813 -0.129104614257813
0.00203132629394531 0.0200824737548828 -0.251815795898438 -0.108306884765625
0.00247955322265625 0.0221328735351563 -0.250518798828125 -0.09490966796875
0.00264739990234375 0.0371780395507813 -0.235092163085937 -0.111480712890625
-0.01507568359375 0.0366668701171875 -0.165481567382812 -0.146759033203125
-0.0376968383789063 0.0271148681640625 -0.0955810546875 -0.120849609375
-0.0349864959716797 -0.00822067260742187 -0.0467529296875 -0.090240478515625
0.00113105773925781 -0.0236701965332031 -0.0179290771484375 -0.0275554656982422
0.0260181427001953 0.0215377807617188 -0.0875778198242188 0.0820465087890625
-0.00765228271484376 0.0683784484863281 -0.204559326171875 0.072479248046875
-0.169754028320313 -0.0554351806640625 0.208251953125 -0.1240234375
-0.143905639648438 0.0409088134765625 0.119819641113281 -0.116432189941406
-0.09765625 0.125358581542969 -0.00768804550170899 -0.00791120529174804
0.00360107421875001 0.13226318359375 0.0102767944335938 0.0710296630859375
0.0634841918945313 0.0975875854492188 0.0362167358398438 0.135673522949219
0.093994140625 0.0303115844726563 0.147109985351563 0.150405883789063
0.099273681640625 0.0083160400390625 0.241622924804688 0.10516357421875
0.0820388793945313 0.0313034057617188 0.237319946289063 0.07745361328125
0.0857696533203125 0.024261474609375 0.236297607421875 0.08306884765625
0.0630226135253906 0.050750732421875 0.172760009765625 0.0995941162109375
0.0372695922851563 0.080657958984375 0.0999374389648438 0.0534820556640625
-0.0192947387695312 0.10333251953125 0.101028442382813 0.00157165527343751
-0.107124328613281 0.0665817260742188 0.161819458007813 -0.04583740234375
-0.134910583496094 0.01824951171875 0.277114868164063 -0.102005004882813
-0.115829467773437 -0.0574188232421875 0.4754638671875 -0.037689208984375
-0.298858642578125 -0.01751708984375 0.16766357421875 -0.121368408203125
-0.257492065429688 0.0735321044921875 0.1094970703125 -0.108283996582031
-0.21258544921875 0.19537353515625 -0.0153121948242188 -0.0297298431396484
-0.0548553466796875 0.23126220703125 -0.0175437927246094 0.0445213317871094
0.0466766357421875 0.205810546875 -0.0109786987304687 0.120254516601563
0.145370483398438 0.1231689453125 0.102951049804688 0.146270751953125
0.182418823242188 0.070343017578125 0.191848754882813 0.098236083984375
0.162017822265625 0.09027099609375 0.184326171875 0.0575714111328125
0.17913818359375 0.0759429931640625 0.191360473632813 0.0552215576171875
0.133811950683594 0.113616943359375 0.138755798339844 0.058074951171875
0.0803680419921875 0.167922973632812 0.0682830810546875 0.0178680419921875
-0.004974365234375 0.199417114257813 0.0763473510742188 -0.036956787109375
-0.165802001953125 0.166915893554688 0.143264770507813 -0.091522216796875
-0.226043701171875 0.112442016601563 0.258407592773438 -0.134933471679688
-0.246856689453125 0.00367736816406246 0.429656982421875 -0.071868896484375
-0.3905029296875 0.0135498046875 0.0764389038085937 -0.116035461425781
-0.344940185546875 0.093963623046875 0.0658035278320312 -0.0927505493164062
-0.31024169921875 0.2398681640625 -0.0267105102539063 -0.0475349426269531
-0.115264892578125 0.304351806640625 -0.0384063720703125 0.00965881347656252
0.015655517578125 0.29095458984375 -0.0508270263671875 0.0797271728515625
0.16998291015625 0.20428466796875 0.0471725463867188 0.110145568847656
0.235687255859375 0.124801635742188 0.113563537597656 0.070892333984375
0.21624755859375 0.13482666015625 0.103309631347656 0.0274887084960938
0.248809814453125 0.110031127929688 0.117805480957031 0.023193359375
0.19549560546875 0.152069091796875 0.0816497802734375 0.0151824951171875
0.131576538085938 0.231765747070313 0.0216560363769531 -0.01434326171875
0.0283355712890625 0.27960205078125 0.0394058227539063 -0.0672187805175781
-0.193130493164062 0.263153076171875 0.107292175292969 -0.120567321777344
-0.2833251953125 0.204345703125 0.211334228515625 -0.138046264648438
-0.340606689453125 0.06915283203125 0.34136962890625 -0.083740234375
-0.423065185546875 0.050750732421875 -0.0454330444335938 -0.108627319335938
-0.379180908203125 0.114501953125 -0.00392150878906252 -0.07391357421875
-0.3509521484375 0.263092041015625 -0.0427970886230469 -0.058746337890625
-0.148834228515625 0.337799072265625 -0.0546417236328125 -0.029541015625
-0.010009765625 0.33416748046875 -0.080322265625 0.0213088989257813
0.172515869140625 0.25286865234375 -0.0132179260253906 0.0492668151855469
0.25360107421875 0.158843994140625 0.0184001922607422 0.0257320404052734
0.238616943359375 0.159072875976563 0.0062384605407715 -0.00610351562499999
0.281951904296875 0.1279296875 0.0248374938964844 -0.00661087036132812
0.229446411132813 0.169662475585937 0.00517272949218751 -0.0244274139404297
0.163360595703125 0.265121459960938 -0.03607177734375 -0.0392875671386719
0.05682373046875 0.32037353515625 -0.00562286376953125 -0.084014892578125
-0.19287109375 0.319732666015625 0.062652587890625 -0.123893737792969
-0.298828125 0.26300048828125 0.145339965820313 -0.106002807617188
-0.381866455078125 0.121246337890625 0.220123291015625 -0.065704345703125
-0.388946533203125 0.0894165039062501 -0.181167602539063 -0.091888427734375
-0.346282958984375 0.13568115234375 -0.0890579223632813 -0.0491256713867187
-0.315399169921875 0.255859375 -0.0652847290039063 -0.0615577697753906
-0.13824462890625 0.317413330078125 -0.0709915161132813 -0.06414794921875
-0.0179443359375 0.316497802734375 -0.100898742675781 -0.0411605834960937
0.1558837890625 0.2508544921875 -0.0739669799804687 -0.0233840942382812
0.2349853515625 0.16241455078125 -0.0824737548828125 -0.0247421264648437
0.223800659179687 0.157684326171875 -0.0926589965820313 -0.037628173828125
0.26861572265625 0.130050659179688 -0.0735092163085937 -0.0314254760742187
0.218734741210938 0.166763305664063 -0.075531005859375 -0.0564498901367187
0.154632568359375 0.258941650390625 -0.09100341796875 -0.057220458984375
0.057403564453125 0.306732177734375 -0.0467987060546875 -0.0891952514648437
-0.1754150390625 0.309539794921875 0.0219879150390625 -0.105216979980469
-0.271347045898438 0.264755249023438 0.0723648071289062 -0.0464706420898437
-0.36273193359375 0.144073486328125 0.0828933715820312 -0.0260543823242187
-0.295135498046875 0.117156982421875 -0.304901123046875 -0.0610961914062499
-0.2510986328125 0.143402099609375 -0.172256469726563 -0.017181396484375
-0.214675903320313 0.2105712890625 -0.0917205810546875 -0.0528030395507813
-0.0893707275390625 0.240798950195312 -0.0899505615234375 -0.0799179077148437
-0.0109405517578125 0.240097045898437 -0.110885620117188 -0.0860443115234375
0.121383666992187 0.199569702148438 -0.126472473144531 -0.0848770141601563
0.182281494140625 0.134002685546875 -0.171096801757813 -0.0672760009765625
0.174942016601563 0.1319580078125 -0.17926025390625 -0.0618133544921875
0.209732055664063 0.117477416992187 -0.161727905273438 -0.0546722412109375
0.162612915039063 0.145065307617188 -0.141586303710938 -0.0856781005859375
0.102264404296875 0.214813232421875 -0.1259765625 -0.0760955810546875
0.0251922607421875 0.2366943359375 -0.0723037719726563 -0.0887222290039062
-0.1444091796875 0.228591918945313 -0.00706481933593752 -0.0752792358398437
-0.2052001953125 0.204879760742187 0.00465202331542968 0.0186367034912109
-0.28594970703125 0.135528564453125 -0.0472602844238281 0.0216712951660156
-0.156265258789063 0.123886108398438 -0.3985595703125 -0.0155029296875
-0.122444152832031 0.125236511230469 -0.237991333007813 0.0238494873046875
-0.086517333984375 0.131263732910156 -0.11468505859375 -0.027740478515625
-0.0303497314453125 0.129447937011719 -0.105064392089844 -0.069183349609375
-0.000427246093750001 0.128524780273437 -0.109794616699219 -0.1014404296875
0.071746826171875 0.115455627441406 -0.161392211914062 -0.118804931640625
0.101860046386719 0.0843429565429688 -0.234649658203125 -0.09124755859375
0.0979766845703125 0.0855026245117188 -0.238418579101563 -0.07611083984375
0.116188049316406 0.0879974365234375 -0.22265625 -0.0766448974609375
0.0773162841796875 0.104835510253906 -0.177383422851563 -0.113693237304688
0.0279083251953125 0.137115478515625 -0.129684448242188 -0.0963211059570313
-0.017974853515625 0.126068115234375 -0.0737457275390625 -0.0874099731445312
-0.0918197631835937 0.103141784667969 -0.0211143493652344 -0.0467147827148437
-0.105293273925781 0.110504150390625 -0.0510292053222656 0.067169189453125
-0.1611328125 0.1025390625 -0.1507568359375 0.062774658203125
0.00104522705078125 0.099456787109375 -0.448211669921875 0.03607177734375
0.00794219970703125 0.0782470703125 -0.279129028320313 0.0700836181640624
0.0282020568847656 0.0311222076416016 -0.127998352050781 0.0128173828125
0.0132036209106445 0.0105686187744141 -0.10882568359375 -0.036468505859375
0.00105953216552734 0.011810302734375 -0.0985336303710938 -0.0915603637695313
0.00908470153808594 0.0238914489746094 -0.175674438476563 -0.122970581054688
0.00534820556640625 0.025543212890625 -0.262863159179688 -0.0938262939453125
0.00530242919921875 0.0271797180175781 -0.260330200195313 -0.0787200927734375
0.008087158203125 0.0430488586425781 -0.24560546875 -0.096282958984375
-0.0116119384765625 0.0434226989746094 -0.177337646484375 -0.13751220703125
-0.0367088317871094 0.0358123779296875 -0.103981018066406 -0.114753723144531
-0.03955078125 -0.00166702270507813 -0.054473876953125 -0.0852508544921875
-0.00845718383789063 -0.0230998992919922 -0.0232009887695313 -0.0236053466796875
0.0201168060302734 0.0162715911865234 -0.0870590209960938 0.0917816162109375
-0.00861740112304688 0.0638618469238281 -0.209335327148438 0.088897705078125
-0.168243408203125 -0.040740966796875 0.209152221679688 -0.132308959960938
-0.136528015136719 0.0462417602539062 0.117355346679688 -0.123519897460938
-0.0867233276367188 0.125518798828125 -0.00495100021362305 -0.00751876831054687
0.0117950439453125 0.126274108886719 0.0140151977539063 0.0682449340820313
0.068206787109375 0.089324951171875 0.0425262451171875 0.1331787109375
0.0906829833984375 0.0212173461914063 0.151702880859375 0.1436767578125
0.0943222045898438 0.0003662109375 0.245590209960938 0.09503173828125
0.0812911987304688 0.0247268676757813 0.240447998046875 0.0684051513671875
0.0841293334960938 0.0171127319335938 0.239959716796875 0.074676513671875
0.0649604797363281 0.0444717407226563 0.175872802734375 0.0959320068359375
0.0424652099609375 0.0761795043945313 0.09991455078125 0.0527572631835938
-0.0116043090820312 0.105117797851563 0.0988006591796875 -0.00245666503906249
-0.0998153686523438 0.0747756958007812 0.1573486328125 -0.0550689697265625
-0.128860473632813 0.0291748046875 0.270660400390625 -0.116363525390625
-0.117706298828125 -0.0460433959960937 0.4696044921875 -0.058074951171875
-0.297119140625 0.00109863281250005 0.169815063476562 -0.125640869140625
-0.2496337890625 0.082672119140625 0.108634948730469 -0.113143920898438
-0.199737548828125 0.202194213867188 -0.0136871337890625 -0.0266799926757812
-0.04217529296875 0.227432250976563 -0.0135383605957031 0.0451469421386719
0.05572509765625 0.198638916015625 -0.00404357910156249 0.121589660644531
0.1455078125 0.111236572265625 0.109848022460938 0.141754150390625
0.180648803710938 0.0588531494140625 0.1968994140625 0.0908355712890625
0.16387939453125 0.0808563232421875 0.187469482421875 0.052093505859375
0.180267333984375 0.0640716552734375 0.193634033203125 0.0495147705078125
0.13714599609375 0.104377746582031 0.140571594238281 0.0571060180664063
0.0889739990234375 0.16217041015625 0.0670623779296875 0.0197257995605469
0.0060272216796875 0.200653076171875 0.0727005004882813 -0.0376815795898437
-0.155929565429688 0.177993774414063 0.1368408203125 -0.096954345703125
-0.2177734375 0.125930786132813 0.250289916992188 -0.146560668945313
-0.24725341796875 0.020660400390625 0.422393798828125 -0.087982177734375
-0.390106201171875 0.034423828125 0.0791397094726562 -0.114479064941406
-0.337310791015625 0.107147216796875 0.0669021606445312 -0.094757080078125
-0.296661376953125 0.25299072265625 -0.0260810852050781 -0.0414009094238281
-0.1011962890625 0.304290771484375 -0.0345935821533203 0.0142250061035156
0.028411865234375 0.28778076171875 -0.04315185546875 0.084442138671875
0.174758911132813 0.192703247070312 0.0542755126953125 0.10845947265625
0.237258911132813 0.11163330078125 0.118438720703125 0.0670013427734375
0.220611572265625 0.124359130859375 0.104942321777344 0.0265121459960938
0.251754760742188 0.0963592529296875 0.119041442871094 0.0213470458984375
0.2003173828125 0.141448974609375 0.0817031860351563 0.01654052734375
0.14190673828125 0.224609375 0.0195541381835938 -0.00963211059570311
0.041229248046875 0.279037475585938 0.0353546142578125 -0.0646438598632812
-0.18084716796875 0.2742919921875 0.0999679565429687 -0.121749877929687
-0.2720947265625 0.2183837890625 0.203277587890625 -0.145156860351563
-0.340728759765625 0.0876464843749999 0.332855224609375 -0.09368896484375
-0.42340087890625 0.070587158203125 -0.0427398681640625 -0.10052490234375
-0.37445068359375 0.129302978515625 -0.00211334228515627 -0.0704574584960937
-0.33929443359375 0.27923583984375 -0.0429153442382813 -0.0501823425292969
-0.134735107421875 0.34112548828125 -0.0517044067382813 -0.0225105285644531
0.00448608398437497 0.335357666015625 -0.0747909545898438 0.0287628173828125
0.180374145507812 0.243118286132812 -0.00779724121093748 0.0497245788574219
0.258087158203125 0.1461181640625 0.0221519470214844 0.0268898010253906
0.2447509765625 0.148300170898438 0.0065436363220215 -0.00240850448608398
0.285858154296875 0.11419677734375 0.0256881713867188 -0.00432777404785156
0.234176635742187 0.158111572265625 0.00395202636718751 -0.0198287963867187
0.173812866210938 0.2569580078125 -0.0376853942871094 -0.0321464538574219
0.070526123046875 0.318511962890625 -0.00939178466796875 -0.078704833984375
-0.180023193359375 0.32879638671875 0.0567092895507812 -0.121864318847656
-0.284454345703125 0.2755126953125 0.138870239257812 -0.108940124511719
-0.380218505859375 0.139495849609375 0.21173095703125 -0.0691986083984375
-0.389678955078125 0.10400390625 -0.178726196289063 -0.0778961181640625
-0.34326171875 0.148162841796875 -0.0877685546875 -0.0406494140625
-0.307373046875 0.27166748046875 -0.0663795471191407 -0.0507354736328125
-0.1263427734375 0.32305908203125 -0.0694313049316406 -0.0548934936523437
-0.00512695312500003 0.319580078125 -0.0973739624023438 -0.0329208374023437
0.165206909179688 0.244842529296875 -0.0716400146484375 -0.0201873779296875
0.241241455078125 0.151412963867188 -0.0806427001953125 -0.0194091796875
0.230133056640625 0.149337768554688 -0.0935211181640625 -0.0296401977539063
0.2735595703125 0.117645263671875 -0.0735321044921875 -0.0254364013671875
0.223892211914063 0.156829833984375 -0.0773239135742187 -0.0491714477539063
0.16485595703125 0.252639770507813 -0.0929718017578125 -0.0486831665039062
0.0692138671875 0.304718017578125 -0.050079345703125 -0.0811614990234375
-0.1630859375 0.31793212890625 0.0169830322265625 -0.101127624511719
-0.259246826171875 0.27374267578125 0.0689582824707031 -0.0451736450195312
-0.36083984375 0.1590576171875 0.0767669677734375 -0.0234527587890625
-0.29541015625 0.12567138671875 -0.3026123046875 -0.0421142578125
-0.250259399414063 0.150787353515625 -0.170791625976563 -0.00421142578125
-0.210556030273437 0.221282958984375 -0.0921707153320313 -0.0403671264648437
-0.0829010009765625 0.24560546875 -0.0887298583984375 -0.070037841796875
-0.00196838378906252 0.243942260742188 -0.110214233398437 -0.078155517578125
0.128875732421875 0.196548461914062 -0.126724243164063 -0.0801239013671875
0.1881103515625 0.127685546875 -0.17205810546875 -0.0591278076171875
0.181198120117188 0.126861572265625 -0.1806640625 -0.05059814453125
0.214553833007813 0.109512329101563 -0.161880493164063 -0.0454864501953125
0.167221069335938 0.139938354492188 -0.144424438476563 -0.0763702392578125
0.110748291015625 0.211212158203125 -0.127510070800781 -0.0663070678710938
0.0329437255859375 0.237579345703125 -0.0752029418945313 -0.0798187255859375
-0.138259887695313 0.234100341796875 -0.0104637145996094 -0.0698699951171875
-0.198165893554688 0.211135864257812 0.00393295288085936 0.0225048065185547
-0.28509521484375 0.144927978515625 -0.0513687133789063 0.0291404724121094
-0.155715942382813 0.124420166015625 -0.39410400390625 0.00570678710937497
-0.122062683105469 0.125953674316406 -0.235641479492188 0.0391082763671875
-0.0868072509765625 0.134635925292969 -0.11456298828125 -0.0152511596679687
-0.0290145874023438 0.132369995117188 -0.103218078613281 -0.0601654052734375
0.00241088867187501 0.132118225097656 -0.11065673828125 -0.0958786010742188
0.0754318237304688 0.11614990234375 -0.163772583007813 -0.114242553710938
0.107139587402344 0.082427978515625 -0.237014770507813 -0.079925537109375
0.102874755859375 0.0848922729492188 -0.240310668945313 -0.0632171630859375
0.121192932128906 0.086029052734375 -0.223648071289063 -0.0654754638671875
0.0817947387695313 0.103935241699219 -0.180755615234375 -0.104324340820313
0.0335235595703125 0.138839721679688 -0.131813049316406 -0.0884246826171875
-0.0145416259765625 0.130073547363281 -0.0766525268554688 -0.0795974731445312
-0.0924911499023438 0.108055114746094 -0.0237312316894531 -0.0416793823242187
-0.105484008789063 0.111923217773437 -0.0492706298828125 0.0727386474609375
-0.162673950195313 0.10528564453125 -0.152206420898438 0.0732574462890625
0.001708984375 0.0926361083984375 -0.443634033203125 0.057373046875
0.00734710693359374 0.0740127563476563 -0.274612426757813 0.086517333984375
0.0239791870117188 0.0282039642333984 -0.125389099121094 0.023834228515625
0.00962257385253906 0.0109224319458008 -0.105384826660156 -0.02886962890625
-0.00162410736083984 0.0142889022827148 -0.0985794067382813 -0.088897705078125
0.00947952270507812 0.0274391174316406 -0.179779052734375 -0.117507934570312
0.00836563110351563 0.0297107696533203 -0.266403198242188 -0.0823059082031249
0.00881576538085938 0.0313148498535156 -0.263351440429688 -0.0669097900390625
0.01251220703125 0.0469512939453125 -0.248626708984375 -0.0844879150390625
-0.00756072998046875 0.0480918884277344 -0.182022094726563 -0.128952026367188
-0.03472900390625 0.0421180725097656 -0.107032775878906 -0.108802795410156
-0.0419044494628906 0.0050811767578125 -0.0582199096679688 -0.079345703125
-0.0163421630859375 -0.0211811065673828 -0.0255775451660156 -0.0189895629882813
0.0133085250854492 0.0132236480712891 -0.0855712890625 0.0978469848632813
-0.011627197265625 0.0586738586425781 -0.209701538085937 0.0992279052734375
-0.165420532226563 -0.0318603515625 0.213348388671875 -0.135818481445313
-0.131561279296875 0.0472640991210937 0.118179321289062 -0.127998352050781
-0.0805511474609375 0.123924255371094 -0.00246715545654297 -0.00786304473876952
0.0151824951171875 0.120689392089844 0.0154266357421875 0.0661659240722656
0.0693588256835938 0.0829925537109375 0.044342041015625 0.132637023925781
0.0866241455078125 0.0151824951171875 0.153213500976563 0.142257690429688
0.0896530151367188 -0.00350189208984375 0.248046875 0.0907745361328125
0.0799713134765625 0.0213623046875 0.243316650390625 0.0659942626953125
0.0824966430664063 0.0123748779296875 0.243408203125 0.0720672607421875
0.0647201538085938 0.0410194396972656 0.1778564453125 0.0968475341796875
0.0451507568359375 0.0728378295898438 0.0991744995117188 0.05426025390625
-0.00624847412109376 0.106216430664063 0.0969161987304687 -0.00331878662109374
-0.0950546264648438 0.0793685913085938 0.1549072265625 -0.059783935546875
-0.124214172363281 0.035400390625 0.267257690429688 -0.123062133789063
-0.118667602539062 -0.0383529663085938 0.4674072265625 -0.0654296875
-0.29559326171875 0.0112915039062501 0.175384521484375 -0.127105712890625
-0.244857788085937 0.085205078125 0.110588073730469 -0.116493225097656
-0.192306518554687 0.203338623046875 -0.0112953186035156 -0.0247421264648437
-0.0371246337890625 0.222747802734375 -0.01068115234375 0.0450897216796875
0.0597076416015625 0.194229125976563 -7.62939453125306E-06 0.123222351074219
0.14312744140625 0.104583740234375 0.112503051757813 0.140380859375
0.177352905273438 0.0523834228515625 0.200576782226563 0.0880279541015625
0.164291381835938 0.0758209228515625 0.189544677734375 0.0511932373046875
0.179244995117188 0.0583648681640625 0.196762084960938 0.0487060546875
0.13818359375 0.100059509277344 0.141647338867188 0.0591278076171875
0.092742919921875 0.15863037109375 0.0657806396484375 0.0234870910644531
0.0113525390625 0.20281982421875 0.0714187622070312 -0.0366592407226562
-0.1517333984375 0.1839599609375 0.134323120117188 -0.0991973876953125
-0.2117919921875 0.132781982421875 0.24639892578125 -0.151092529296875
-0.249786376953125 0.0292205810546874 0.41937255859375 -0.092315673828125
-0.39093017578125 0.0453796386718749 0.0859603881835937 -0.113113403320313
-0.33538818359375 0.1114501953125 0.070098876953125 -0.09527587890625
-0.290618896484375 0.25836181640625 -0.0234031677246094 -0.0369338989257812
-0.095001220703125 0.30267333984375 -0.0310134887695313 0.0162487030029297
0.03399658203125 0.285888671875 -0.0382614135742188 0.08782958984375
0.174179077148438 0.187057495117188 0.0581512451171875 0.10772705078125
0.235733032226563 0.105072021484375 0.122047424316406 0.0657272338867188
0.222885131835938 0.120132446289063 0.106681823730469 0.0283889770507813
0.252395629882813 0.0899505615234375 0.121597290039063 0.0223388671875
0.201278686523438 0.137039184570313 0.0821151733398438 0.0193557739257813
0.146270751953125 0.221466064453125 0.0186424255371094 -0.00516319274902342
0.0464324951171875 0.2796630859375 0.0335807800292969 -0.0620498657226562
-0.175827026367188 0.28009033203125 0.0970306396484375 -0.121658325195312
-0.265548706054688 0.223831176757813 0.199111938476563 -0.147369384765625
-0.34295654296875 0.097137451171875 0.329315185546875 -0.09490966796875
-0.4256591796875 0.0789489746093751 -0.0371856689453125 -0.0956573486328125
-0.374542236328125 0.134613037109375 0.0007514953613281 -0.0684623718261719
-0.334686279296875 0.287139892578125 -0.0411567687988281 -0.0432891845703125
-0.12939453125 0.34295654296875 -0.047943115234375 -0.0179824829101562
0.010772705078125 0.33563232421875 -0.0701637268066406 0.0330581665039063
0.182098388671875 0.23876953125 -0.00385284423828124 0.0498275756835938
0.25885009765625 0.13983154296875 0.0248355865478516 0.0273246765136719
0.247238159179688 0.14501953125 0.00759410858154298 0.00118160247802735
0.287567138671875 0.108306884765625 0.0276718139648438 -0.00192642211914062
0.234939575195313 0.154083251953125 0.00372409820556642 -0.0161123275756836
0.179061889648438 0.254241943359375 -0.0382919311523437 -0.0264015197753906
0.0758056640625 0.31890869140625 -0.0102691650390625 -0.074249267578125
-0.1749267578125 0.33447265625 0.05450439453125 -0.11956787109375
-0.279327392578125 0.279861450195313 0.135704040527344 -0.108489990234375
-0.383026123046875 0.147857666015625 0.207778930664062 -0.0680694580078125
-0.393707275390625 0.110137939453125 -0.17449951171875 -0.0702056884765625
-0.345001220703125 0.15264892578125 -0.0854110717773438 -0.035491943359375
-0.306732177734375 0.28082275390625 -0.065032958984375 -0.0421257019042969
-0.12255859375 0.3265380859375 -0.0657424926757813 -0.0490760803222656
-0.000274658203125028 0.32281494140625 -0.0939178466796875 -0.0287628173828125
0.167205810546875 0.24261474609375 -0.0693359375 -0.0203399658203125
0.242996215820313 0.147491455078125 -0.079559326171875 -0.0175857543945312
0.234603881835938 0.14764404296875 -0.0934524536132812 -0.0243453979492187
0.27490234375 0.113143920898438 -0.0721435546875 -0.0219192504882812
0.224761962890625 0.154403686523437 -0.0785980224609375 -0.0445938110351562
0.1689453125 0.250503540039063 -0.0927963256835938 -0.042266845703125
0.073211669921875 0.3055419921875 -0.0500640869140625 -0.0761566162109375
-0.1600341796875 0.321685791015625 0.0152816772460937 -0.0973281860351562
-0.254959106445312 0.276565551757813 0.0675888061523438 -0.0432014465332031
-0.363983154296875 0.16558837890625 0.0731582641601562 -0.019287109375
-0.298736572265625 0.127685546875 -0.2998046875 -0.03253173828125
-0.252517700195312 0.153121948242187 -0.168594360351563 0.00367736816406249
-0.211837768554688 0.228378295898437 -0.090789794921875 -0.031768798828125
-0.0808563232421875 0.249679565429688 -0.0854339599609375 -0.0645523071289062
0.000900268554687513 0.248382568359375 -0.107994079589844 -0.0755386352539062
0.131378173828125 0.196624755859375 -0.126388549804688 -0.0792083740234375
0.191207885742188 0.124984741210938 -0.172332763671875 -0.0551605224609375
0.185287475585938 0.126495361328125 -0.181442260742188 -0.0444183349609375
0.217300415039063 0.107040405273438 -0.161819458007813 -0.0407257080078125
0.1685791015625 0.138442993164063 -0.144744873046875 -0.0714874267578125
0.113983154296875 0.211532592773438 -0.127349853515625 -0.0606460571289063
0.035186767578125 0.239471435546875 -0.0745391845703125 -0.0746383666992187
-0.137680053710938 0.23779296875 -0.0112991333007813 -0.0657005310058593
-0.197357177734375 0.211837768554688 0.00369834899902342 0.0255069732666016
-0.28851318359375 0.14788818359375 -0.0545463562011719 0.0352935791015625
-0.15875244140625 0.122543334960937 -0.392730712890625 0.0158386230468749
-0.125 0.126060485839844 -0.234237670898437 0.0480499267578125
-0.0894088745117188 0.137802124023438 -0.112632751464844 -0.00765991210937501
-0.0304794311523438 0.135101318359375 -0.0997848510742187 -0.0554275512695312
0.00255584716796876 0.135910034179688 -0.109695434570312 -0.0951385498046875
0.0774612426757812 0.118392944335937 -0.164932250976563 -0.113510131835938
0.110107421875 0.0831069946289062 -0.239059448242188 -0.075958251953125
0.106773376464844 0.0871810913085937 -0.241485595703125 -0.0576324462890625
0.124786376953125 0.0861968994140625 -0.224502563476563 -0.0600128173828125
0.08404541015625 0.10516357421875 -0.182205200195313 -0.0997772216796875
0.0362548828125 0.14117431640625 -0.132148742675781 -0.08367919921875
-0.0141372680664062 0.133811950683594 -0.0771331787109375 -0.0747222900390625
-0.0956344604492188 0.111122131347656 -0.0246391296386719 -0.0374641418457031
-0.107704162597656 0.112030029296875 -0.0490188598632813 0.0769424438476563
-0.166152954101563 0.104949951171875 -0.155441284179688 0.0797119140625
-9.15527343749948E-05 0.0873565673828125 -0.442169189453125 0.066253662109375
0.00535583496093749 0.0711288452148438 -0.272781372070313 0.0959014892578125
0.0203113555908203 0.0279598236083984 -0.122833251953125 0.0298309326171875
0.00652408599853516 0.0127878189086914 -0.101951599121094 -0.0253829956054687
-0.00458526611328125 0.0169944763183594 -0.098785400390625 -0.0900039672851562
0.00947189331054687 0.0309104919433594 -0.181564331054688 -0.11810302734375
0.01141357421875 0.0322990417480469 -0.268463134765625 -0.0781707763671875
0.0114631652832031 0.0348644256591797 -0.265045166015625 -0.0613555908203124
0.0160751342773438 0.0503425598144531 -0.250350952148438 -0.079833984375
-0.00457763671875 0.0511398315429687 -0.184127807617188 -0.125839233398438
-0.03289794921875 0.0464935302734375 -0.108100891113281 -0.10595703125
-0.0431175231933594 0.010162353515625 -0.0592803955078125 -0.07568359375
-0.0224761962890625 -0.0182857513427734 -0.0265731811523438 -0.0157413482666016
0.00730705261230469 0.0122203826904297 -0.085205078125 0.101516723632812
-0.0162467956542969 0.0553398132324219 -0.213348388671875 0.105667114257813
-0.165054321289063 -0.0275726318359375 0.22412109375 -0.139999389648438
-0.130447387695313 0.0468978881835938 0.122932434082031 -0.13409423828125
-0.0788192749023438 0.123847961425781 -6.77108764648492E-05 -0.00860786437988281
0.0160293579101563 0.118415832519531 0.0160903930664062 0.0659904479980469
0.0705795288085937 0.0805206298828125 0.0457534790039063 0.136070251464844
0.0843658447265625 0.0123748779296875 0.156204223632813 0.146484375
0.0871124267578125 -0.00516510009765625 0.254653930664062 0.0921478271484375
0.079742431640625 0.0196685791015625 0.251419067382813 0.0677642822265625
0.0825119018554688 0.0100631713867188 0.250946044921875 0.0749053955078125
0.0656890869140625 0.0401344299316406 0.183135986328125 0.102325439453125
0.0472183227539063 0.072784423828125 0.0998458862304688 0.059051513671875
-0.00376129150390625 0.108451843261719 0.0980377197265625 -0.00318145751953124
-0.0937881469726563 0.0833358764648438 0.156082153320313 -0.0631103515625
-0.122268676757812 0.0388870239257813 0.271072387695313 -0.1279296875
-0.120491027832031 -0.0334854125976563 0.476531982421875 -0.06781005859375
-0.30133056640625 0.0161743164062501 0.186813354492187 -0.129806518554688
-0.247634887695313 0.0865631103515625 0.116302490234375 -0.12091064453125
-0.19378662109375 0.206924438476562 -0.00877380371093751 -0.0233974456787109
-0.03729248046875 0.223098754882812 -0.0090179443359375 0.0458183288574219
0.0616455078125 0.195343017578125 0.00202178955078126 0.126609802246094
0.141983032226563 0.103317260742188 0.115692138671875 0.144454956054688
0.17724609375 0.05157470703125 0.20684814453125 0.0902252197265625
0.166946411132812 0.076416015625 0.196304321289063 0.0547943115234375
0.182083129882813 0.0570831298828125 0.20367431640625 0.05218505859375
0.139877319335938 0.100326538085938 0.147003173828125 0.0648345947265625
0.095947265625 0.160903930664063 0.0664024353027344 0.0285987854003906
0.0137481689453125 0.208267211914062 0.0722274780273438 -0.03558349609375
-0.1531982421875 0.191619873046875 0.135543823242188 -0.101814270019531
-0.213760375976562 0.137359619140625 0.250701904296875 -0.154815673828125
-0.255996704101563 0.0345458984375 0.427734375 -0.092987060546875
-0.400360107421875 0.0504150390625 0.096405029296875 -0.114059448242188
-0.341888427734375 0.113555908203125 0.07574462890625 -0.0982589721679687
-0.29534912109375 0.265625 -0.0208377838134766 -0.0334434509277344
-0.09735107421875 0.306610107421875 -0.0285148620605469 0.017782211303711
0.03533935546875 0.291290283203125 -0.0367431640625 0.0914077758789063
0.175537109375 0.188583374023438 0.06146240234375 0.110702514648438
0.2376708984375 0.105453491210937 0.126808166503906 0.0679702758789062
0.227630615234375 0.122222900390625 0.110977172851563 0.0321426391601563
0.257293701171875 0.0889739990234375 0.126762390136719 0.0247573852539063
0.2044677734375 0.138717651367188 0.0840606689453125 0.024322509765625
0.150054931640625 0.2257080078125 0.0184593200683594 0.000293731689453139
0.049285888671875 0.28863525390625 0.034515380859375 -0.0602226257324219
-0.1790771484375 0.289764404296875 0.098846435546875 -0.123268127441406
-0.269485473632813 0.23016357421875 0.202774047851563 -0.150497436523437
-0.354522705078125 0.1033935546875 0.3345947265625 -0.094146728515625
-0.439666748046875 0.084136962890625 -0.0306320190429688 -0.0947952270507812
-0.385009765625 0.137420654296875 0.00467300415039061 -0.0684432983398438
-0.342803955078125 0.297637939453125 -0.0391616821289063 -0.037841796875
-0.131500244140625 0.35003662109375 -0.0448112487792969 -0.0159225463867187
0.01214599609375 0.345184326171875 -0.0677108764648438 0.0353279113769531
0.184951782226563 0.243408203125 -0.00207519531249999 0.0508651733398438
0.26239013671875 0.141693115234375 0.0268115997314453 0.0287418365478516
0.254196166992188 0.149200439453125 0.00908946990966798 0.00503826141357423
0.293701171875 0.108856201171875 0.0297946929931641 0.000112533569335944
0.239044189453125 0.157211303710938 0.00429248809814454 -0.0124063491821289
0.18310546875 0.2591552734375 -0.039459228515625 -0.021728515625
0.07794189453125 0.32855224609375 -0.00969696044921874 -0.0724258422851562
-0.1798095703125 0.3453369140625 0.0548934936523437 -0.120491027832031
-0.28485107421875 0.28643798828125 0.137504577636719 -0.109550476074219
-0.396881103515625 0.153594970703125 0.20989990234375 -0.065216064453125
-0.407806396484375 0.113128662109375 -0.173049926757813 -0.0680694580078125
-0.357025146484375 0.156341552734375 -0.0843048095703125 -0.0330886840820312
-0.315216064453125 0.291717529296875 -0.0634384155273438 -0.0357131958007812
-0.126617431640625 0.335479736328125 -0.0630531311035157 -0.0471153259277343
0.000854492187500011 0.334075927734375 -0.092041015625 -0.0274581909179687
0.17120361328125 0.249053955078125 -0.0685768127441406 -0.0212593078613281
0.248504638671875 0.149856567382812 -0.0799636840820312 -0.0166244506835937
0.24176025390625 0.151931762695313 -0.09521484375 -0.021331787109375
0.281768798828125 0.11505126953125 -0.0731048583984375 -0.02056884765625
0.228378295898438 0.1585693359375 -0.0798492431640625 -0.042266845703125
0.173583984375 0.25616455078125 -0.0940017700195312 -0.0381851196289063
0.075042724609375 0.314849853515625 -0.0505905151367187 -0.0739898681640625
-0.167083740234375 0.33123779296875 0.0161819458007812 -0.0968704223632812
-0.26129150390625 0.281280517578125 0.0687484741210937 -0.0412368774414062
-0.378692626953125 0.170562744140625 0.0716171264648437 -0.0148849487304687
-0.310882568359375 0.12921142578125 -0.3028564453125 -0.029144287109375
-0.262771606445313 0.155380249023438 -0.170806884765625 0.00836181640625003
-0.220352172851562 0.237960815429688 -0.0901336669921875 -0.0248336791992188
-0.08502197265625 0.257965087890625 -0.0830307006835937 -0.0626449584960938
0.00134277343749999 0.258392333984375 -0.107559204101563 -0.076141357421875
0.134628295898438 0.203598022460937 -0.127799987792969 -0.0826263427734375
0.196365356445313 0.12896728515625 -0.17620849609375 -0.054840087890625
0.192184448242188 0.1312255859375 -0.185623168945313 -0.0420379638671875
0.22314453125 0.110336303710938 -0.16497802734375 -0.0403900146484375
0.172042846679688 0.143234252929687 -0.1483154296875 -0.0695953369140625
0.117401123046875 0.217788696289063 -0.128875732421875 -0.0580902099609375
0.0357208251953125 0.2471923828125 -0.075286865234375 -0.072174072265625
-0.14410400390625 0.245681762695313 -0.0110549926757813 -0.0647964477539062
-0.204360961914063 0.214553833007813 0.00344657897949217 0.0294170379638672
-0.3016357421875 0.151214599609375 -0.0597343444824219 0.0410270690917969
-0.167251586914063 0.121963500976562 -0.3994140625 0.020294189453125
-0.132148742675781 0.127571105957031 -0.238754272460938 0.0540466308593751
-0.095611572265625 0.143020629882812 -0.112739562988281 -0.00135040283203123
-0.033477783203125 0.14044189453125 -0.0977859497070313 -0.0533676147460937
0.0016021728515625 0.142623901367188 -0.109931945800781 -0.0977325439453125
0.0790863037109375 0.123970031738281 -0.168838500976563 -0.117996215820312
0.114387512207031 0.0859603881835937 -0.245010375976563 -0.0766906738281249
0.111091613769531 0.0911941528320313 -0.247283935546875 -0.05633544921875
0.129219055175781 0.0902557373046875 -0.229293823242188 -0.060150146484375
0.0866317749023438 0.109771728515625 -0.186203002929688 -0.100692749023438
0.0377960205078125 0.14666748046875 -0.133514404296875 -0.0822219848632812
-0.0158538818359375 0.139739990234375 -0.0773849487304687 -0.07293701171875
-0.102622985839844 0.115730285644531 -0.0252456665039063 -0.0355682373046875
-0.114524841308594 0.112953186035156 -0.0501480102539063 0.0813827514648437
-0.176116943359375 0.105545043945312 -0.163131713867188 0.085723876953125
-0.00425720214843749 0.0844879150390625 -0.449951171875 0.0704345703124999
0.00263977050781249 0.0707473754882813 -0.27801513671875 0.1021728515625
0.0171260833740234 0.0280475616455078 -0.12274169921875 0.034576416015625
0.00430393218994141 0.0145835876464844 -0.100532531738281 -0.0243606567382812
-0.0065765380859375 0.0200023651123047 -0.0994644165039063 -0.0942840576171875
0.00975227355957031 0.0350303649902344 -0.185836791992188 -0.123397827148437
0.0141181945800781 0.0352058410644531 -0.276321411132813 -0.079132080078125
0.0140228271484375 0.0382156372070313 -0.271560668945312 -0.0614776611328125
0.0194664001464844 0.0541229248046875 -0.25640869140625 -0.0806427001953124
-0.00292587280273437 0.0543136596679688 -0.189102172851563 -0.128173828125
-0.0320091247558594 0.0508575439453125 -0.109230041503906 -0.107078552246094
-0.0447120666503906 0.0141448974609375 -0.0605697631835937 -0.07489013671875
-0.0282325744628906 -0.0158500671386719 -0.0281562805175781 -0.0142116546630859
0.00174713134765625 0.0118799209594727 -0.0888519287109375 0.106620788574219
-0.021697998046875 0.0536308288574219 -0.222808837890625 0.110366821289062
-0.16973876953125 -0.0230255126953125 0.241180419921875 -0.151718139648438
-0.133438110351562 0.0492172241210938 0.129226684570313 -0.143447875976563
-0.0786666870117188 0.127365112304688 0.00190067291259765 -0.00946617126464843
0.0177383422851562 0.119758605957031 0.0172271728515625 0.0672988891601563
0.0743865966796875 0.0794219970703125 0.0497894287109375 0.141998291015625
0.0836715698242188 0.00952911376953125 0.164779663085938 0.153823852539063
0.0875015258789063 -0.00732421875 0.269256591796875 0.0938720703125
0.0826263427734375 0.0187149047851563 0.266159057617188 0.0687103271484375
0.0844039916992188 0.007476806640625 0.2667236328125 0.0767059326171875
0.0682449340820313 0.0397605895996094 0.194656372070312 0.109176635742188
0.0504074096679688 0.0743331909179688 0.105056762695313 0.063995361328125
-0.000358581542968746 0.114341735839844 0.101753234863281 -0.00411224365234374
-0.0948944091796875 0.089141845703125 0.161239624023438 -0.0693511962890625
-0.124114990234375 0.0436325073242187 0.281585693359375 -0.13824462890625
-0.125640869140625 -0.0291366577148438 0.499755859375 -0.075897216796875
-0.313995361328125 0.0242919921875 0.202423095703125 -0.139266967773438
-0.257080078125 0.0917816162109375 0.124000549316406 -0.129966735839844
-0.198654174804688 0.2177734375 -0.00632858276367188 -0.0228633880615234
-0.0368804931640625 0.23101806640625 -0.00765609741210938 0.0475616455078125
0.0659637451171875 0.201065063476563 0.00492858886718751 0.133880615234375
0.145401000976563 0.10565185546875 0.123611450195313 0.1514892578125
0.181915283203125 0.0514373779296875 0.219100952148437 0.09295654296875
0.1748046875 0.0775909423828125 0.208816528320313 0.056884765625
0.190017700195313 0.0554962158203125 0.217483520507813 0.0540924072265625
0.146835327148438 0.103073120117188 0.15545654296875 0.0712127685546875
0.10198974609375 0.167129516601562 0.0693778991699219 0.0333366394042969
0.0188140869140625 0.219772338867187 0.0754013061523437 -0.0371627807617187
-0.1572265625 0.204910278320313 0.139610290527344 -0.108558654785156
-0.219680786132812 0.1470947265625 0.259902954101563 -0.165603637695312
-0.27044677734375 0.0438232421875001 0.44744873046875 -0.1002197265625
-0.41961669921875 0.0607910156249999 0.107833862304687 -0.120002746582031
-0.35760498046875 0.1214599609375 0.0825958251953125 -0.103996276855469
-0.304962158203125 0.281951904296875 -0.0185680389404297 -0.0309791564941406
-0.098480224609375 0.320587158203125 -0.0268039703369141 0.0197067260742188
0.040679931640625 0.304168701171875 -0.034454345703125 0.0976409912109375
0.182037353515625 0.195220947265625 0.06683349609375 0.1162109375
0.246414184570313 0.10723876953125 0.135581970214844 0.070098876953125
0.2403564453125 0.125564575195313 0.1190185546875 0.0350875854492188
0.27001953125 0.089508056640625 0.136367797851563 0.0265731811523438
0.214431762695313 0.143081665039063 0.0902328491210938 0.0289993286132813
0.159332275390625 0.235107421875 0.0194339752197266 0.00504684448242189
0.0557861328125 0.30474853515625 0.0363006591796875 -0.0615081787109375
-0.185791015625 0.309478759765625 0.100860595703125 -0.129447937011719
-0.279220581054688 0.244857788085938 0.209396362304687 -0.158782958984375
-0.375396728515625 0.116241455078125 0.3494873046875 -0.098541259765625
-0.46441650390625 0.0948486328125001 -0.0254898071289063 -0.097412109375
-0.404754638671875 0.14752197265625 0.00823974609374997 -0.0715713500976562
-0.357269287109375 0.319427490234375 -0.0368499755859375 -0.0333518981933594
-0.135589599609375 0.3690185546875 -0.0433464050292969 -0.0143966674804687
0.017333984375 0.363433837890625 -0.0674400329589844 0.0400009155273438
0.1939697265625 0.254257202148437 0.000461578369140631 0.0532760620117188
0.274978637695313 0.14532470703125 0.0302906036376953 0.0303936004638672
0.269638061523437 0.154037475585937 0.0106534957885742 0.00861454010009766
0.309478759765625 0.10955810546875 0.0330600738525391 0.00131607055664063
0.25103759765625 0.163986206054688 0.00505161285400392 -0.0089435577392578
0.19512939453125 0.270355224609375 -0.0404014587402344 -0.0171470642089843
0.086029052734375 0.34661865234375 -0.009429931640625 -0.0729598999023437
-0.186767578125 0.36712646484375 0.0556488037109375 -0.125221252441406
-0.29583740234375 0.30230712890625 0.142379760742187 -0.1136474609375
-0.42083740234375 0.168487548828125 0.217193603515625 -0.0660247802734375
-0.432830810546875 0.12310791015625 -0.176071166992188 -0.066436767578125
-0.377532958984375 0.166839599609375 -0.08514404296875 -0.0314788818359375
-0.330413818359375 0.31402587890625 -0.0625343322753907 -0.0295486450195312
-0.12982177734375 0.3553466796875 -0.0618247985839844 -0.0460205078125
0.00552368164062503 0.353790283203125 -0.0938491821289062 -0.0262908935546875
0.180404663085938 0.261825561523437 -0.0708847045898437 -0.0221633911132812
0.260604858398438 0.154983520507813 -0.0832061767578125 -0.0156707763671875
0.25750732421875 0.158477783203125 -0.0991973876953125 -0.0174560546875
0.29736328125 0.117950439453125 -0.0761184692382812 -0.0196304321289063
0.23974609375 0.164688110351563 -0.0832748413085937 -0.0404129028320312
0.185104370117188 0.267257690429688 -0.0972671508789063 -0.03472900390625
0.081787109375 0.33245849609375 -0.0515518188476562 -0.0739212036132812
-0.17376708984375 0.35260009765625 0.0155868530273437 -0.0998458862304687
-0.273712158203125 0.295867919921875 0.0702018737792969 -0.0415382385253906
-0.40228271484375 0.184783935546875 0.0715713500976562 -0.011627197265625
-0.331817626953125 0.137969970703125 -0.31451416015625 -0.0238647460937501
-0.279617309570312 0.164749145507813 -0.17626953125 0.0140533447265625
-0.232147216796875 0.255142211914063 -0.0903854370117188 -0.0179519653320313
-0.0884857177734375 0.274032592773438 -0.083404541015625 -0.0619964599609375
0.00335693359375003 0.276046752929688 -0.111274719238281 -0.078369140625
0.143417358398438 0.215576171875 -0.134231567382813 -0.0871429443359375
0.207366943359375 0.134429931640625 -0.1851806640625 -0.055023193359375
0.205337524414063 0.1380615234375 -0.194915771484375 -0.038848876953125
0.236480712890625 0.114547729492187 -0.1729736328125 -0.0389862060546875
0.181381225585938 0.150375366210938 -0.155502319335938 -0.0703277587890625
0.125595092773438 0.22808837890625 -0.133895874023437 -0.0557022094726562
0.0390777587890625 0.262039184570312 -0.0774459838867188 -0.0720596313476562
-0.152450561523437 0.261138916015625 -0.0121269226074219 -0.0661125183105469
-0.214691162109375 0.225570678710937 0.00334167480468749 0.0334320068359375
-0.32098388671875 0.161468505859375 -0.065765380859375 0.0484580993652344
-0.17950439453125 0.126754760742187 -0.417144775390625 0.0279541015625
-0.141845703125 0.133956909179688 -0.248443603515625 0.0636749267578125
-0.102752685546875 0.152816772460938 -0.114059448242188 0.00494384765625004
-0.035797119140625 0.15069580078125 -0.0989990234375 -0.0531005859375
0.00234985351562501 0.154159545898438 -0.114753723144531 -0.102256774902344
0.08447265625 0.133132934570312 -0.177902221679688 -0.124404907226562
0.122116088867188 0.0905990600585938 -0.2587890625 -0.0767364501953125
0.120574951171875 0.0971603393554688 -0.260482788085938 -0.0535888671875
0.138671875 0.0960235595703125 -0.24169921875 -0.0598297119140625
0.0923995971679688 0.116317749023438 -0.196044921875 -0.102325439453125
0.042083740234375 0.154876708984375 -0.138801574707031 -0.0828628540039062
-0.0159759521484375 0.150360107421875 -0.0804061889648437 -0.0733795166015625
-0.110694885253906 0.124786376953125 -0.0267791748046875 -0.0358924865722656
-0.123504638671875 0.118255615234375 -0.052825927734375 0.0883026123046875
-0.190139770507813 0.111679077148437 -0.174301147460938 0.095458984375
-0.00704193115234375 0.0845489501953125 -0.470794677734375 0.08001708984375
0.000610351562500007 0.0724563598632813 -0.289459228515625 0.11419677734375
0.0158481597900391 0.0290737152099609 -0.124618530273438 0.0408935546875
0.003082275390625 0.0168237686157227 -0.102279663085937 -0.0237503051757812
-0.00852012634277344 0.0238323211669922 -0.104728698730469 -0.099578857421875
0.0113143920898437 0.0403213500976563 -0.197174072265625 -0.130035400390625
0.0167198181152344 0.0385055541992188 -0.291656494140625 -0.0803527832031251
0.017608642578125 0.04241943359375 -0.28582763671875 -0.060760498046875
0.0241165161132813 0.0597267150878906 -0.271652221679688 -0.0815582275390625
-0.000453948974609375 0.0599479675292969 -0.199478149414063 -0.13262939453125
-0.0316810607910156 0.0567550659179688 -0.114509582519531 -0.110214233398438
-0.0477256774902344 0.019195556640625 -0.0638504028320313 -0.0756912231445312
-0.0335750579833984 -0.0134410858154297 -0.0300464630126953 -0.0128593444824219
-0.00342655181884766 0.0121593475341797 -0.0936126708984375 0.114753723144531
-0.0284004211425781 0.0547599792480469 -0.237442016601563 0.121627807617187
-0.17620849609375 -0.014617919921875 0.256683349609375 -0.17266845703125
-0.136184692382813 0.0552215576171875 0.132827758789063 -0.159576416015625
-0.0768051147460938 0.134941101074219 0.00330734252929687 -0.010467529296875
0.0230178833007812 0.122512817382813 0.0206413269042969 0.0690574645996094
0.0803451538085938 0.0772857666015625 0.058135986328125 0.148239135742188
0.0844345092773438 0.00506591796875 0.17913818359375 0.158309936523438
0.0877914428710938 -0.0107803344726563 0.290008544921875 0.089569091796875
0.0864181518554687 0.0153579711914062 0.286285400390625 0.062896728515625
0.0876235961914063 0.0020904541015625 0.28875732421875 0.07220458984375
0.072906494140625 0.038421630859375 0.212478637695312 0.111541748046875
0.0561904907226562 0.0756683349609375 0.112709045410156 0.067230224609375
0.00589752197265624 0.121109008789063 0.106613159179688 -0.00779724121093749
-0.0946884155273438 0.0989303588867188 0.165847778320313 -0.0803680419921875
-0.12603759765625 0.0516586303710937 0.2921142578125 -0.158050537109375
-0.132888793945313 -0.021820068359375 0.525909423828125 -0.099853515625
-0.329376220703125 0.04107666015625 0.21661376953125 -0.1568603515625
-0.266937255859375 0.10479736328125 0.129440307617187 -0.144500732421875
-0.20086669921875 0.2369384765625 -0.00422096252441408 -0.0223007202148437
-0.03118896484375 0.2425537109375 -0.00469207763671876 0.0501708984375
0.0771026611328125 0.207992553710938 0.011962890625 0.141555786132813
0.153915405273438 0.103759765625 0.137161254882813 0.156997680664063
0.190017700195313 0.04766845703125 0.237136840820313 0.0896759033203125
0.18743896484375 0.0748443603515625 0.225265502929688 0.0537567138671875
0.201309204101563 0.0495147705078125 0.235931396484375 0.049774169921875
0.157974243164063 0.103347778320312 0.16961669921875 0.0731048583984375
0.114944458007813 0.172210693359375 0.0748519897460938 0.0369491577148438
0.029998779296875 0.234085083007813 0.0781097412109375 -0.0414199829101562
-0.157623291015625 0.224441528320312 0.142181396484375 -0.1207275390625
-0.225189208984375 0.163803100585938 0.267547607421875 -0.184921264648438
-0.28656005859375 0.06109619140625 0.469970703125 -0.12213134765625
-0.44439697265625 0.08453369140625 0.11712646484375 -0.133026123046875
-0.37353515625 0.141082763671875 0.0876541137695312 -0.115089416503906
-0.3115234375 0.311614990234375 -0.0158367156982422 -0.0279903411865234
-0.09283447265625 0.341552734375 -0.0245628356933594 0.0218181610107422
0.05535888671875 0.32012939453125 -0.0299453735351562 0.10552978515625
0.196640014648437 0.199203491210938 0.0768966674804688 0.121139526367188
0.261932373046875 0.104202270507812 0.148788452148438 0.069854736328125
0.260162353515625 0.124114990234375 0.130012512207031 0.0354080200195313
0.28765869140625 0.082916259765625 0.147781372070313 0.024169921875
0.230880737304687 0.14422607421875 0.0980911254882813 0.0313339233398438
0.178421020507812 0.242523193359375 0.0218906402587891 0.00920104980468751
0.07220458984375 0.32318115234375 0.0368270874023438 -0.0649909973144531
-0.185546875 0.33697509765625 0.100959777832031 -0.140487670898437
-0.286376953125 0.267730712890625 0.214508056640625 -0.174880981445312
-0.39666748046875 0.14166259765625 0.365325927734375 -0.114959716796875
-0.492095947265625 0.121917724609375 -0.0234298706054688 -0.102104187011719
-0.425628662109375 0.172149658203125 0.0103836059570312 -0.075439453125
-0.36566162109375 0.3551025390625 -0.0341682434082031 -0.0278034210205078
-0.12994384765625 0.39617919921875 -0.0421829223632813 -0.0121650695800781
0.03271484375 0.385986328125 -0.0666885375976563 0.0459442138671875
0.213714599609375 0.262252807617188 0.00408935546875001 0.0559616088867188
0.29443359375 0.144378662109375 0.0344371795654297 0.03204345703125
0.293060302734375 0.15411376953125 0.0141849517822266 0.011962890625
0.33172607421875 0.10394287109375 0.0367202758789063 0.00108718872070313
0.270660400390625 0.164840698242188 0.00633239746093752 -0.00585889816284179
0.216796875 0.279434204101563 -0.04150390625 -0.0121650695800781
0.10498046875 0.36663818359375 -0.0113677978515625 -0.074798583984375
-0.185516357421875 0.39862060546875 0.05291748046875 -0.13330078125
-0.30328369140625 0.330596923828125 0.144805908203125 -0.124221801757813
-0.445068359375 0.198150634765625 0.225616455078125 -0.0744781494140625
-0.45904541015625 0.148895263671875 -0.183013916015625 -0.0625762939453125
-0.39703369140625 0.190887451171875 -0.087738037109375 -0.0283050537109375
-0.339447021484375 0.349395751953125 -0.0612068176269531 -0.0222206115722656
-0.125396728515625 0.38330078125 -0.0629730224609375 -0.0443115234375
0.020843505859375 0.378814697265625 -0.0975799560546875 -0.0230712890625
0.200531005859375 0.272445678710938 -0.074249267578125 -0.0223617553710937
0.281280517578125 0.155548095703125 -0.0879974365234375 -0.01251220703125
0.281097412109375 0.16009521484375 -0.103912353515625 -0.011444091796875
0.32080078125 0.113494873046875 -0.0807723999023437 -0.0165481567382812
0.258453369140625 0.16766357421875 -0.0894241333007812 -0.0365829467773437
0.205886840820313 0.27764892578125 -0.101783752441406 -0.029266357421875
0.0997314453125 0.3516845703125 -0.0553359985351562 -0.0738372802734375
-0.173797607421875 0.382659912109375 0.0113983154296875 -0.104362487792969
-0.280914306640625 0.322998046875 0.0717239379882812 -0.0440139770507812
-0.4251708984375 0.214141845703125 0.0722885131835937 -0.0103073120117187
-0.3514404296875 0.1580810546875 -0.330413818359375 -0.011383056640625
-0.295654296875 0.185546875 -0.183578491210938 0.02496337890625
-0.238311767578125 0.283203125 -0.0908889770507813 -0.0100326538085937
-0.084197998046875 0.295989990234375 -0.0863037109375 -0.0604324340820313
0.0150146484375 0.29669189453125 -0.118087768554688 -0.0780487060546875
0.15985107421875 0.226287841796875 -0.14495849609375 -0.0889892578125
0.224899291992188 0.13604736328125 -0.198089599609375 -0.05010986328125
0.224761962890625 0.140289306640625 -0.206832885742188 -0.0308990478515625
0.256118774414063 0.113388061523438 -0.185028076171875 -0.0332794189453125
0.1971435546875 0.15460205078125 -0.167465209960938 -0.0667877197265625
0.142105102539063 0.238006591796875 -0.140823364257813 -0.051300048828125
0.0516815185546875 0.278900146484375 -0.0830078125 -0.07110595703125
-0.155181884765625 0.285797119140625 -0.0157966613769531 -0.0677146911621093
-0.223358154296875 0.245834350585938 0.00380706787109374 0.0382118225097656
-0.340728759765625 0.184661865234375 -0.0713653564453125 0.058746337890625
-0.191421508789062 0.138381958007813 -0.43804931640625 0.0476989746093751
-0.149765014648438 0.14654541015625 -0.258346557617188 0.0802612304687501
-0.10601806640625 0.168304443359375 -0.115798950195313 0.0140304565429688
-0.0330657958984375 0.162521362304688 -0.103240966796875 -0.0509490966796875
0.00840759277343749 0.167221069335938 -0.123847961425781 -0.10443115234375
0.095245361328125 0.141632080078125 -0.193450927734375 -0.127517700195313
0.133926391601563 0.0934219360351563 -0.27789306640625 -0.071502685546875
0.134025573730469 0.100379943847656 -0.27691650390625 -0.0445709228515625
0.153610229492188 0.0979156494140625 -0.259597778320313 -0.053192138671875
0.102546691894531 0.121940612792969 -0.212142944335937 -0.10028076171875
0.05108642578125 0.164962768554687 -0.147293090820313 -0.081146240234375
-0.011199951171875 0.162933349609375 -0.0865707397460937 -0.072662353515625
-0.116241455078125 0.140357971191406 -0.0295372009277344 -0.0355491638183594
-0.130813598632813 0.129547119140625 -0.0535507202148437 0.098236083984375
-0.203155517578125 0.125274658203125 -0.184524536132813 0.112991333007812
-0.00876617431640626 0.08624267578125 -0.494293212890625 0.10455322265625
0.000930786132812504 0.0759124755859375 -0.3009033203125 0.13470458984375
0.0151920318603516 0.0296993255615234 -0.126182556152344 0.0500259399414062
0.002593994140625 0.0186176300048828 -0.105278015136719 -0.0205078125
-0.00965499877929688 0.0281143188476563 -0.1141357421875 -0.103408813476563
0.0141067504882812 0.0461807250976563 -0.21435546875 -0.13372802734375
0.0208778381347656 0.0420799255371094 -0.313018798828125 -0.073638916015625
0.0228996276855469 0.0461158752441406 -0.306060791015625 -0.052337646484375
0.0308837890625 0.0646324157714844 -0.29205322265625 -0.07470703125
0.00331878662109376 0.0653839111328125 -0.217300415039062 -0.1339111328125
-0.0302658081054688 0.0633964538574219 -0.123634338378906 -0.112449645996094
-0.0498161315917969 0.0258026123046875 -0.0695266723632813 -0.0761489868164062
-0.0399856567382812 -0.00939178466796875 -0.0325660705566406 -0.0111351013183594
-0.00800704956054688 0.0138635635375977 -0.0954742431640625 0.127449035644531
-0.0330123901367188 0.0573768615722656 -0.251815795898438 0.1409912109375
-0.180770874023438 -0.00135803222656252 0.262252807617188 -0.200057983398438
-0.136505126953125 0.0648040771484375 0.130279541015625 -0.17803955078125
-0.0700225830078125 0.143829345703125 0.00489425659179687 -0.0112905502319336
0.0307769775390625 0.1234130859375 0.0261459350585938 0.0697708129882813
0.0873794555664063 0.0719528198242188 0.0699615478515625 0.15106201171875
0.084259033203125 -0.00147247314453125 0.197891235351563 0.156784057617188
0.087615966796875 -0.0163955688476563 0.31011962890625 0.075103759765625
0.0900955200195313 0.0095977783203125 0.3052978515625 0.046722412109375
0.0889129638671875 -0.00501251220703125 0.309814453125 0.05572509765625
0.077850341796875 0.0344314575195313 0.232452392578125 0.106658935546875
0.0634613037109375 0.0747833251953125 0.121780395507813 0.0666580200195313
0.01617431640625 0.126312255859375 0.10992431640625 -0.0151138305664062
-0.0906524658203125 0.109466552734375 0.166610717773438 -0.0955963134765625
-0.125686645507813 0.062530517578125 0.293060302734375 -0.184967041015625
-0.138839721679688 -0.0107498168945312 0.5430908203125 -0.138458251953125
-0.339874267578125 0.0676269531250001 0.2225341796875 -0.182296752929688
-0.271148681640625 0.125473022460937 0.128280639648437 -0.161178588867188
-0.192947387695313 0.258895874023438 -0.0017528533935547 -0.0215015411376953
-0.0182647705078125 0.253585815429688 -0.000286102294921875 0.0516700744628906
0.093231201171875 0.21026611328125 0.023040771484375 0.147491455078125
0.1632080078125 0.09844970703125 0.154220581054688 0.156448364257813
0.198577880859375 0.0383148193359375 0.255706787109375 0.07879638671875
0.200485229492188 0.065948486328125 0.242294311523437 0.0424346923828125
0.211563110351563 0.0369415283203125 0.253082275390625 0.0370635986328125
0.1708984375 0.0984344482421875 0.185440063476563 0.0693206787109375
0.13153076171875 0.172897338867188 0.0810089111328125 0.0383987426757813
0.0478057861328125 0.243988037109375 0.0791397094726563 -0.0476531982421875
-0.150421142578125 0.247467041015625 0.139350891113281 -0.135627746582031
-0.224395751953125 0.18597412109375 0.266921997070313 -0.210189819335938
-0.296295166015625 0.087158203125 0.484405517578125 -0.156707763671875
-0.45953369140625 0.120208740234375 0.121688842773437 -0.149093627929688
-0.38323974609375 0.17095947265625 0.087310791015625 -0.127822875976563
-0.304595947265625 0.346710205078125 -0.0115814208984375 -0.0250072479248047
-0.076141357421875 0.361541748046875 -0.0212574005126953 0.0247535705566406
0.079193115234375 0.3311767578125 -0.0218887329101562 0.112892150878906
0.21563720703125 0.195831298828125 0.0896530151367188 0.12158203125
0.278030395507813 0.0934295654296875 0.1612548828125 0.06365966796875
0.280685424804688 0.113021850585938 0.140480041503906 0.0301055908203125
0.305419921875 0.06707763671875 0.158782958984375 0.01593017578125
0.250625610351563 0.137649536132813 0.10723876953125 0.0301513671875
0.202423095703125 0.243270874023438 0.024984359741211 0.0127944946289063
0.097991943359375 0.335296630859375 0.0344734191894531 -0.0692825317382812
-0.172882080078125 0.3677978515625 0.0947418212890625 -0.152587890625
-0.28277587890625 0.299072265625 0.211883544921875 -0.195281982421875
-0.40869140625 0.17913818359375 0.373565673828125 -0.140472412109375
-0.51007080078125 0.162750244140625 -0.0239181518554688 -0.106689453125
-0.43682861328125 0.206756591796875 0.00961303710937498 -0.0804214477539062
-0.359283447265625 0.398345947265625 -0.0302295684814453 -0.0225963592529297
-0.111572265625 0.422515869140625 -0.040924072265625 -0.0093574523925781
0.061279296875 0.40325927734375 -0.0635833740234375 0.0536270141601563
0.238433837890625 0.261550903320313 0.00976181030273439 0.0575790405273438
0.316162109375 0.13409423828125 0.0399055480957031 0.0317420959472656
0.31915283203125 0.1434326171875 0.0181808471679688 0.0141658782958984
0.353240966796875 0.086700439453125 0.0396003723144532 0.000129699707031255
0.292510986328125 0.15667724609375 0.00812864303588869 -0.00357723236083983
0.245361328125 0.278564453125 -0.0417137145996094 -0.00564575195312498
0.13433837890625 0.37872314453125 -0.015716552734375 -0.07611083984375
-0.17047119140625 0.433319091796875 0.0455474853515625 -0.140838623046875
-0.2984619140625 0.364776611328125 0.142059326171875 -0.136215209960937
-0.45794677734375 0.24127197265625 0.229461669921875 -0.08758544921875
-0.475799560546875 0.18841552734375 -0.189971923828125 -0.05279541015625
-0.40863037109375 0.2261962890625 -0.09027099609375 -0.0230941772460937
-0.333465576171875 0.391937255859375 -0.0576362609863282 -0.0145339965820312
-0.10711669921875 0.41046142578125 -0.0641212463378906 -0.0409011840820312
0.04718017578125 0.398193359375 -0.100532531738281 -0.0170974731445312
0.22705078125 0.27423095703125 -0.0782623291015625 -0.0200424194335937
0.303955078125 0.146575927734375 -0.0917282104492187 -0.0068359375
0.307586669921875 0.150177001953125 -0.107513427734375 -0.00241088867187499
0.34344482421875 0.0986328125 -0.0858306884765625 -0.0105743408203125
0.280746459960938 0.160919189453125 -0.0948944091796875 -0.0295944213867188
0.232757568359375 0.277053833007813 -0.105430603027344 -0.0208358764648438
0.1280517578125 0.363555908203125 -0.0612716674804687 -0.0719528198242187
-0.160125732421875 0.415130615234375 0.00380706787109373 -0.107551574707031
-0.276824951171875 0.35479736328125 0.071533203125 -0.0472793579101562
-0.4373779296875 0.254638671875 0.0722885131835937 -0.00903320312499998
-0.364410400390625 0.189056396484375 -0.34185791015625 0.01092529296875
-0.30206298828125 0.21331787109375 -0.1881103515625 0.0395965576171875
-0.233978271484375 0.31549072265625 -0.088714599609375 -0.000190734863281226
-0.069854736328125 0.317291259765625 -0.0887374877929688 -0.0560989379882812
0.036407470703125 0.31329345703125 -0.126487731933594 -0.0738525390625
0.182815551757813 0.229507446289063 -0.157135009765625 -0.08642578125
0.244094848632813 0.129486083984375 -0.2109375 -0.0390472412109375
0.248001098632812 0.13421630859375 -0.21649169921875 -0.0157318115234375
0.278076171875 0.103073120117188 -0.196670532226562 -0.0211181640625
0.215744018554688 0.15093994140625 -0.179092407226563 -0.0572967529296875
0.164276123046875 0.240447998046875 -0.147598266601563 -0.04229736328125
0.07244873046875 0.291168212890625 -0.0894317626953125 -0.067413330078125
-0.14697265625 0.31243896484375 -0.0221176147460938 -0.0675430297851562
-0.221694946289062 0.270034790039063 0.00611877441406249 0.0431404113769531
-0.3515625 0.2178955078125 -0.0736618041992188 0.072418212890625
-0.197494506835937 0.156143188476563 -0.453277587890625 0.080596923828125
-0.151412963867188 0.162841796875 -0.262664794921875 0.10302734375
-0.102813720703125 0.18450927734375 -0.114578247070312 0.0246810913085938
-0.0257415771484375 0.17376708984375 -0.10638427734375 -0.0459442138671875
0.0196685791015625 0.177978515625 -0.134567260742188 -0.10198974609375
0.109390258789062 0.1456298828125 -0.211471557617188 -0.123825073242188
0.1470947265625 0.0911102294921875 -0.296142578125 -0.05572509765625
0.149566650390625 0.098419189453125 -0.292449951171875 -0.02655029296875
0.170333862304687 0.0941619873046875 -0.275405883789062 -0.0362548828125
0.115692138671875 0.123680114746094 -0.228546142578125 -0.090240478515625
0.0649261474609375 0.17034912109375 -0.15728759765625 -0.0746002197265625
-0.00085449218750001 0.173873901367188 -0.0934906005859375 -0.068359375
-0.115692138671875 0.157608032226563 -0.0343742370605469 -0.0336189270019531
-0.1334228515625 0.143722534179688 -0.0500946044921875 0.109199523925781
-0.211273193359375 0.144485473632813 -0.189208984375 0.135574340820312
-0.00917816162109376 0.0887298583984375 -0.50958251953125 0.142974853515625
0.0034332275390625 0.0777816772460938 -0.30450439453125 0.162567138671875
0.0148906707763672 0.0302810668945313 -0.125656127929687 0.0605010986328125
0.00260162353515625 0.0201797485351563 -0.107719421386719 -0.0147857666015625
-0.00887489318847656 0.0333595275878906 -0.125442504882813 -0.102325439453125
0.0193824768066406 0.0504989624023438 -0.234695434570313 -0.129287719726562
0.0268020629882812 0.0443458557128906 -0.33447265625 -0.057220458984375
0.0294418334960937 0.0487785339355469 -0.323516845703125 -0.0338134765624999
0.0402946472167969 0.0674591064453125 -0.311737060546875 -0.057373046875
0.00977325439453125 0.0701522827148438 -0.236801147460938 -0.125930786132813
-0.0260200500488281 0.0700531005859375 -0.134696960449219 -0.109779357910156
-0.0495529174804688 0.0328788757324219 -0.076751708984375 -0.0725860595703125
-0.0453109741210938 -0.00323486328124999 -0.03515625 -0.00832366943359375
-0.0125284194946289 0.01611328125 -0.092620849609375 0.141586303710938
-0.0359077453613281 0.0620193481445313 -0.257431030273437 0.168121337890625
-0.179855346679688 0.0127410888671875 0.25689697265625 -0.224838256835938
-0.132408142089844 0.0732574462890625 0.120773315429687 -0.192169189453125
-0.06072998046875 0.148513793945313 0.00669765472412109 -0.01214599609375
0.0388412475585937 0.120689392089844 0.030914306640625 0.0674972534179688
0.0918045043945313 0.064056396484375 0.0815582275390625 0.1488037109375
0.0810775756835938 -0.0078125 0.212738037109375 0.148162841796875
0.084991455078125 -0.021636962890625 0.321441650390625 0.055267333984375
0.09051513671875 0.00283050537109375 0.315216064453125 0.0260009765625
0.0871963500976563 -0.0123519897460938 0.321319580078125 0.034149169921875
0.0809249877929688 0.0289535522460938 0.247299194335938 0.0941314697265625
0.0699462890625 0.0709686279296875 0.128959655761719 0.0626144409179688
0.0270233154296875 0.126853942871094 0.109153747558594 -0.022796630859375
-0.0834732055664063 0.118232727050781 0.160659790039062 -0.10882568359375
-0.121002197265625 0.0717239379882813 0.283660888671875 -0.208160400390625
-0.140243530273438 0.0023345947265625 0.5416259765625 -0.17822265625
-0.33837890625 0.0946655273437501 0.218994140625 -0.204147338867187
-0.2659912109375 0.144515991210937 0.120712280273437 -0.17529296875
-0.17626953125 0.276138305664063 0.00131988525390624 -0.0206661224365234
-0.00280761718750001 0.256576538085938 0.00482559204101562 0.051300048828125
0.108993530273438 0.204437255859375 0.03485107421875 0.147933959960938
0.1683349609375 0.088104248046875 0.16839599609375 0.150039672851563
0.201126098632813 0.0269012451171875 0.267120361328125 0.0625152587890625
0.20819091796875 0.05328369140625 0.251495361328125 0.0266571044921875
0.215591430664063 0.0218963623046875 0.262374877929688 0.0189361572265625
0.179824829101563 0.0880279541015625 0.196731567382812 0.06048583984375
0.145675659179687 0.16680908203125 0.0863800048828125 0.0371627807617188
0.067840576171875 0.245437622070313 0.0761871337890625 -0.0529022216796875
-0.136001586914063 0.264297485351563 0.1302490234375 -0.145919799804687
-0.214630126953125 0.204681396484375 0.255523681640625 -0.230941772460938
-0.296661376953125 0.11334228515625 0.481170654296875 -0.19171142578125
-0.458404541015625 0.1575927734375 0.11932373046875 -0.163421630859375
-0.378387451171875 0.198486328125 0.0818710327148437 -0.138259887695313
-0.28387451171875 0.374786376953125 -0.00725746154785158 -0.0229034423828125
-0.05340576171875 0.37109375 -0.0170440673828125 0.0258464813232422
0.104095458984375 0.32977294921875 -0.0121231079101562 0.116539001464844
0.229736328125 0.1842041015625 0.100730895996094 0.117568969726563
0.28692626953125 0.077484130859375 0.17047119140625 0.0535736083984375
0.29522705078125 0.09619140625 0.14886474609375 0.0220489501953125
0.31365966796875 0.0458984375 0.16424560546875 0.0057830810546875
0.2633056640625 0.124069213867188 0.114227294921875 0.02642822265625
0.222305297851563 0.233047485351563 0.0279464721679688 0.0147933959960938
0.12469482421875 0.336090087890625 0.0307235717773438 -0.0715179443359375
-0.1514892578125 0.3905029296875 0.083953857421875 -0.159210205078125
-0.2674560546875 0.323333740234375 0.20159912109375 -0.2108154296875
-0.40594482421875 0.215576171875 0.3701171875 -0.166717529296875
-0.508697509765625 0.204315185546875 -0.0264434814453125 -0.108528137207031
-0.43157958984375 0.240631103515625 0.00653839111328122 -0.0838470458984375
-0.33709716796875 0.4329833984375 -0.0241813659667969 -0.01873779296875
-0.08465576171875 0.4381103515625 -0.0380439758300781 -0.00659942626953123
0.0921630859375 0.40594482421875 -0.0582656860351562 0.0594596862792969
0.259231567382813 0.251113891601563 0.0146102905273438 0.0569801330566406
0.32928466796875 0.115753173828125 0.0444793701171875 0.0298919677734375
0.33673095703125 0.124908447265625 0.0226173400878906 0.0148715972900391
0.3656005859375 0.062957763671875 0.0413551330566406 -0.001495361328125
0.308319091796875 0.140838623046875 0.00956344604492189 -0.00110721588134765
0.268722534179688 0.266586303710938 -0.0402069091796875 0.000164031982421883
0.165130615234375 0.37811279296875 -0.0199661254882812 -0.074554443359375
-0.145294189453125 0.456573486328125 0.0347900390625 -0.143280029296875
-0.280242919921875 0.390899658203125 0.134963989257812 -0.145370483398437
-0.45379638671875 0.283233642578125 0.225570678710937 -0.100128173828125
-0.474609375 0.227386474609375 -0.192413330078125 -0.0410156249999999
-0.40252685546875 0.25927734375 -0.0910797119140625 -0.0174560546875
-0.312347412109375 0.425628662109375 -0.0510444641113281 -0.00843811035156247
-0.082244873046875 0.425750732421875 -0.0636749267578125 -0.0363273620605468
0.07806396484375 0.4031982421875 -0.0999221801757813 -0.00962829589843747
0.250930786132813 0.2655029296875 -0.0811309814453125 -0.0166015625
0.31939697265625 0.13037109375 -0.0930938720703125 0.000160217285156275
0.326446533203125 0.13311767578125 -0.1065673828125 0.0074005126953125
0.357421875 0.07586669921875 -0.0870285034179687 -0.00229644775390624
0.296630859375 0.145965576171875 -0.0976333618164062 -0.021087646484375
0.256393432617188 0.266937255859375 -0.106452941894531 -0.0114364624023437
0.157012939453125 0.362579345703125 -0.0656242370605469 -0.0674285888671875
-0.1358642578125 0.438507080078125 -0.00461578369140625 -0.106292724609375
-0.25970458984375 0.379608154296875 0.0696334838867187 -0.0494880676269531
-0.4327392578125 0.29486083984375 0.0714569091796875 -0.00819396972656248
-0.36279296875 0.219696044921875 -0.343475341796875 0.0351867675781251
-0.296234130859375 0.23828125 -0.18597412109375 0.05401611328125
-0.217742919921875 0.3406982421875 -0.0829010009765625 0.00765228271484376
-0.0511474609375 0.329864501953125 -0.08990478515625 -0.05072021484375
0.061004638671875 0.31903076171875 -0.130928039550781 -0.06610107421875
0.203033447265625 0.2235107421875 -0.1666259765625 -0.078826904296875
0.259140014648438 0.116622924804688 -0.217025756835938 -0.0240020751953125
0.26507568359375 0.120864868164063 -0.219192504882813 0.000991821289062536
0.292449951171875 0.08599853515625 -0.200592041015625 -0.00444030761718748
0.229904174804688 0.14117431640625 -0.185760498046875 -0.043731689453125
0.183380126953125 0.23431396484375 -0.150177001953125 -0.031494140625
0.09490966796875 0.2928466796875 -0.0937118530273438 -0.0606307983398437
-0.130706787109375 0.33221435546875 -0.0279273986816406 -0.0646743774414062
-0.210784912109375 0.290191650390625 0.00990295410156249 0.0466651916503906
-0.347869873046875 0.24847412109375 -0.0717926025390625 0.0853500366210938
-0.195892333984375 0.17291259765625 -0.452301025390625 0.113525390625
-0.146514892578125 0.175506591796875 -0.257736206054688 0.124740600585938
-0.0945587158203125 0.196670532226562 -0.109237670898437 0.0338821411132813
-0.0158843994140625 0.180557250976563 -0.107254028320313 -0.0396728515625
0.0329742431640625 0.1834716796875 -0.141921997070313 -0.0950927734375
0.123565673828125 0.143264770507813 -0.2249755859375 -0.113967895507812
0.157608032226563 0.0844268798828125 -0.30584716796875 -0.03558349609375
0.162109375 0.0915374755859375 -0.297393798828125 -0.00540161132812497
0.182586669921875 0.08514404296875 -0.282470703125 -0.014984130859375
0.127006530761719 0.119522094726563 -0.2388916015625 -0.0746154785156249
0.07794189453125 0.170028686523438 -0.1627197265625 -0.0646209716796875
0.0118865966796875 0.17962646484375 -0.0982284545898438 -0.06103515625
-0.1094970703125 0.17254638671875 -0.0376319885253906 -0.0295791625976562
-0.13043212890625 0.156005859375 -0.042633056640625 0.117835998535156
-0.2100830078125 0.163742065429688 -0.184829711914063 0.15618896484375
-0.007537841796875 0.0894317626953125 -0.506195068359375 0.181243896484375
0.00687408447265626 0.078155517578125 -0.295379638671875 0.18853759765625
0.0144920349121094 0.0294437408447266 -0.120140075683594 0.069610595703125
0.00308990478515625 0.0211009979248047 -0.107223510742188 -0.00819396972656248
-0.00748825073242188 0.0369911193847656 -0.133644104003906 -0.0966415405273437
0.0250091552734375 0.0523834228515625 -0.24920654296875 -0.118057250976563
0.0324134826660156 0.0446929931640625 -0.345245361328125 -0.03350830078125
0.0355148315429688 0.0490036010742188 -0.33123779296875 -0.0106811523437499
0.0499076843261719 0.0669441223144531 -0.32122802734375 -0.033721923828125
0.0165863037109375 0.0720901489257813 -0.250778198242188 -0.111480712890625
-0.019927978515625 0.07452392578125 -0.142959594726563 -0.103134155273437
-0.047393798828125 0.0398521423339844 -0.08172607421875 -0.0670089721679688
-0.0479393005371094 0.0039215087890625 -0.0370597839355469 -0.00437164306640625
-0.0155029296875 0.0189266204833984 -0.0845489501953125 0.152664184570313
-0.0373916625976563 0.0653915405273438 -0.252883911132813 0.19317626953125
-0.175430297851562 0.022796630859375 0.249862670898438 -0.241653442382813
-0.127182006835938 0.0785446166992188 0.112106323242188 -0.199325561523438
-0.052734375 0.149917602539063 0.00863456726074218 -0.013249397277832
0.0436172485351562 0.11663818359375 0.0338325500488281 0.0644454956054688
0.0931320190429688 0.05645751953125 0.0875396728515625 0.144729614257812
0.0764312744140625 -0.0117111206054688 0.221115112304688 0.1402587890625
0.0816421508789063 -0.0244522094726563 0.325836181640625 0.038330078125
0.0895233154296875 -0.00202178955078125 0.318450927734375 0.00958251953125
0.0839004516601563 -0.0167999267578125 0.32537841796875 0.017364501953125
0.0811843872070312 0.0243759155273437 0.25579833984375 0.08380126953125
0.0729751586914062 0.067291259765625 0.131675720214844 0.0597915649414063
0.0349349975585937 0.125823974609375 0.106796264648438 -0.0278778076171875
-0.0769424438476563 0.12200927734375 0.1536865234375 -0.116607666015625
-0.115379333496094 0.07720947265625 0.272232055664063 -0.222244262695313
-0.138404846191406 0.0118942260742187 0.5308837890625 -0.204864501953125
-0.331085205078125 0.113006591796875 0.212738037109375 -0.218505859375
-0.259323120117188 0.155609130859375 0.112823486328125 -0.182662963867187
-0.1617431640625 0.283843994140625 0.00531959533691406 -0.0208072662353515
0.00932312011718753 0.255630493164063 0.0079498291015625 0.049713134765625
0.1177978515625 0.1962890625 0.0417938232421875 0.146133422851563
0.1689453125 0.080230712890625 0.176864624023437 0.143692016601562
0.200546264648437 0.0185089111328125 0.272079467773438 0.0488433837890625
0.210693359375 0.0425262451171875 0.255142211914063 0.0143280029296875
0.214401245117188 0.010650634765625 0.265579223632812 0.0049591064453125
0.184097290039063 0.0800323486328125 0.203338623046875 0.0526580810546875
0.153900146484375 0.160003662109375 0.08966064453125 0.03704833984375
0.08197021484375 0.243728637695312 0.0738143920898437 -0.0560836791992187
-0.12310791015625 0.2733154296875 0.121612548828125 -0.151168823242187
-0.203994750976563 0.21466064453125 0.24334716796875 -0.242782592773438
-0.2904052734375 0.131561279296875 0.47149658203125 -0.21441650390625
-0.4505615234375 0.183074951171875 0.115432739257812 -0.172225952148438
-0.36944580078125 0.215972900390625 0.077117919921875 -0.14398193359375
-0.26385498046875 0.389251708984375 -0.000963211059570328 -0.0221500396728515
-0.036346435546875 0.37371826171875 -0.0132083892822266 0.0259475708007813
0.120697021484375 0.324188232421875 -0.00466156005859374 0.117210388183594
0.236099243164063 0.173416137695313 0.107330322265625 0.113487243652344
0.289794921875 0.065032958984375 0.175338745117188 0.044708251953125
0.3011474609375 0.08154296875 0.152511596679688 0.0147705078125
0.31512451171875 0.0296630859375 0.166336059570313 -0.00201416015625
0.269363403320312 0.111846923828125 0.118331909179688 0.0225448608398438
0.234512329101563 0.223114013671875 0.0306358337402344 0.0172710418701172
0.142730712890625 0.33135986328125 0.028076171875 -0.072021484375
-0.132537841796875 0.4022216796875 0.0752716064453125 -0.160354614257812
-0.252593994140625 0.336669921875 0.190475463867187 -0.218948364257812
-0.397430419921875 0.2412109375 0.3602294921875 -0.181732177734375
-0.501708984375 0.2330322265625 -0.0273895263671875 -0.109672546386719
-0.42333984375 0.260772705078125 0.00454711914062497 -0.0848770141601562
-0.313995361328125 0.451873779296875 -0.0169601440429688 -0.016519546508789
-0.06396484375 0.443450927734375 -0.0350933074951172 -0.00463867187499997
0.11346435546875 0.402862548828125 -0.0522003173828125 0.061920166015625
0.270599365234375 0.238601684570313 0.0176887512207031 0.0553932189941406
0.334564208984375 0.101806640625 0.0472030639648438 0.0274925231933594
0.346038818359375 0.108734130859375 0.0260963439941406 0.0146770477294922
0.368865966796875 0.044219970703125 0.042816162109375 -0.00175857543945312
0.31463623046875 0.12799072265625 0.0122365951538086 0.000823974609375008
0.282073974609375 0.2547607421875 -0.0376052856445312 0.00489807128906252
0.1856689453125 0.370758056640625 -0.022125244140625 -0.0728225708007812
-0.122589111328125 0.4696044921875 0.027374267578125 -0.141326904296875
-0.262969970703125 0.404815673828125 0.128143310546875 -0.149246215820312
-0.44354248046875 0.310943603515625 0.21966552734375 -0.106475830078125
-0.467987060546875 0.25421142578125 -0.190536499023438 -0.0328826904296875
-0.39508056640625 0.279388427734375 -0.0899734497070313 -0.0127105712890625
-0.290191650390625 0.444244384765625 -0.0438575744628906 -0.0047645568847656
-0.06121826171875 0.4326171875 -0.0615234375 -0.0335884094238281
0.10107421875 0.40264892578125 -0.0977554321289063 -0.00456237792968746
0.263870239257813 0.254547119140625 -0.0828475952148437 -0.0142593383789062
0.326324462890625 0.115753173828125 -0.0925827026367187 0.00530242919921877
0.337005615234375 0.117950439453125 -0.103805541992187 0.0141983032226563
0.362030029296875 0.05804443359375 -0.08612060546875 0.00406646728515626
0.30364990234375 0.1336669921875 -0.097137451171875 -0.01409912109375
0.269760131835938 0.25518798828125 -0.103584289550781 -0.00426483154296871
0.175994873046875 0.356414794921875 -0.0674552917480469 -0.0625534057617187
-0.115814208984375 0.450653076171875 -0.0102157592773438 -0.101982116699219
-0.24468994140625 0.392669677734375 0.0683822631835937 -0.0496673583984375
-0.423126220703125 0.320587158203125 0.0703659057617187 -0.00650024414062498
-0.356109619140625 0.23834228515625 -0.339111328125 0.052642822265625
-0.28912353515625 0.25299072265625 -0.181671142578125 0.0640716552734375
-0.202178955078125 0.354339599609375 -0.0760650634765625 0.0121078491210938
-0.03594970703125 0.334747314453125 -0.0883026123046875 -0.0462112426757812
0.077606201171875 0.320159912109375 -0.131576538085938 -0.0599517822265625
0.21514892578125 0.215438842773438 -0.172164916992188 -0.07330322265625
0.265716552734375 0.10589599609375 -0.218917846679687 -0.0122833251953124
0.27435302734375 0.109619140625 -0.217330932617187 0.0134429931640625
0.298553466796875 0.071136474609375 -0.200271606445312 0.00784301757812503
0.237335205078125 0.132217407226563 -0.188034057617187 -0.0325927734375
0.195236206054688 0.226608276367188 -0.148956298828125 -0.022705078125
0.11004638671875 0.289520263671875 -0.09490966796875 -0.0540695190429687
-0.1156005859375 0.344146728515625 -0.0313453674316406 -0.0593147277832031
-0.2008056640625 0.30126953125 0.0130348205566406 0.0493659973144532
-0.3406982421875 0.26947021484375 -0.068511962890625 0.0947494506835938
-0.1920166015625 0.183319091796875 -0.444915771484375 0.136505126953125
-0.14111328125 0.182754516601563 -0.250762939453125 0.138595581054688
-0.08721923828125 0.20367431640625 -0.103584289550781 0.0389022827148438
-0.00843811035156249 0.183486938476563 -0.105461120605469 -0.0342636108398437
0.0431060791015625 0.185150146484375 -0.144943237304688 -0.088836669921875
0.1331787109375 0.139915466308594 -0.233444213867188 -0.105804443359375
0.1639404296875 0.07843017578125 -0.30908203125 -0.0193786621093751
0.16973876953125 0.0848236083984375 -0.296539306640625 0.01019287109375
0.190200805664062 0.076171875 -0.28302001953125 0.001861572265625
0.134567260742188 0.115577697753906 -0.242767333984375 -0.0615692138671875
0.087188720703125 0.16778564453125 -0.163955688476563 -0.0563507080078125
0.021575927734375 0.180755615234375 -0.0997848510742188 -0.0548858642578125
-0.1024169921875 0.18231201171875 -0.039215087890625 -0.0248146057128906
-0.126480102539063 0.163223266601563 -0.0366058349609375 0.1219482421875
-0.20782470703125 0.175582885742188 -0.178573608398438 0.17071533203125
-0.00772094726562499 0.0890579223632813 -0.49591064453125 0.20751953125
0.00810241699218751 0.07720947265625 -0.28546142578125 0.2044677734375
0.0127620697021484 0.0290794372558594 -0.114707946777344 0.0745620727539062
0.00303077697753906 0.0219154357910156 -0.104820251464844 -0.00351715087890627
-0.00564956665039062 0.0405158996582031 -0.136756896972656 -0.0918960571289063
0.0299530029296875 0.0532379150390625 -0.2579345703125 -0.1090087890625
0.0365867614746094 0.0442771911621094 -0.34979248046875 -0.0156555175781249
0.040435791015625 0.0483818054199219 -0.33172607421875 0.00686645507812495
0.0569725036621094 0.0647010803222656 -0.32244873046875 -0.0157470703125
0.0219879150390625 0.0728530883789063 -0.257781982421875 -0.098419189453125
-0.015289306640625 0.0770492553710938 -0.14697265625 -0.096710205078125
-0.0443344116210938 0.0441551208496094 -0.0838623046875 -0.0616683959960937
-0.0491828918457031 0.0101966857910156 -0.0376396179199219 -0.000747680664062495
-0.0185317993164063 0.0216865539550781 -0.07745361328125 0.159255981445313
-0.0388221740722656 0.0681419372558594 -0.24530029296875 0.2098388671875
-0.171798706054688 0.0284576416015625 0.24749755859375 -0.252975463867188
-0.12481689453125 0.0808944702148437 0.108901977539062 -0.204605102539062
-0.047760009765625 0.150482177734375 0.0110940933227539 -0.0145349502563476
0.0463485717773438 0.113815307617187 0.0349159240722656 0.0621376037597656
0.0929412841796875 0.0512237548828125 0.0904998779296875 0.143081665039062
0.0726394653320313 -0.0130462646484375 0.227127075195313 0.13726806640625
0.0794296264648438 -0.025054931640625 0.330078125 0.029388427734375
0.0888595581054687 -0.00496673583984375 0.322235107421875 0.0003662109375
0.0810623168945313 -0.0192718505859375 0.32861328125 0.006683349609375
0.0820770263671875 0.0218353271484375 0.262313842773438 0.0781402587890625
0.0759353637695312 0.0651702880859375 0.134384155273438 0.0599365234375
0.0403213500976563 0.125045776367188 0.105598449707031 -0.0303497314453125
-0.0733871459960938 0.124649047851562 0.149063110351563 -0.121475219726562
-0.112869262695313 0.0805587768554688 0.2659912109375 -0.230484008789062
-0.136665344238281 0.0188140869140625 0.527557373046875 -0.219635009765625
-0.327728271484375 0.1239013671875 0.211685180664062 -0.228729248046875
-0.256439208984375 0.162063598632813 0.110443115234375 -0.188308715820313
-0.15350341796875 0.28900146484375 0.0102634429931641 -0.0222396850585937
0.01519775390625 0.254608154296875 0.0101280212402344 0.0483322143554688
0.12213134765625 0.191635131835938 0.0458984375 0.145614624023438
0.167892456054688 0.0767822265625 0.182586669921875 0.14019775390625
0.200042724609375 0.0144805908203125 0.276702880859375 0.040008544921875
0.213714599609375 0.036956787109375 0.259323120117188 0.0063629150390625
0.213638305664062 0.0046539306640625 0.269088745117188 -0.002166748046875
0.186553955078125 0.075592041015625 0.209808349609375 0.04962158203125
0.158905029296875 0.157150268554688 0.0919418334960938 0.0383529663085938
0.0902557373046875 0.2435302734375 0.072296142578125 -0.0575027465820312
-0.11663818359375 0.281280517578125 0.117630004882812 -0.15350341796875
-0.199325561523438 0.221206665039063 0.23760986328125 -0.250030517578125
-0.28900146484375 0.145172119140625 0.4658203125 -0.226165771484375
-0.44610595703125 0.19781494140625 0.1153564453125 -0.1798095703125
-0.367523193359375 0.22637939453125 0.074981689453125 -0.148162841796875
-0.25250244140625 0.3990478515625 0.00570106506347655 -0.0235424041748047
-0.027008056640625 0.375396728515625 -0.0108547210693359 0.024749755859375
0.12982177734375 0.3209228515625 -0.000152587890624981 0.117866516113281
0.239501953125 0.168487548828125 0.111579895019531 0.111061096191406
0.291656494140625 0.059234619140625 0.178955078125 0.0384368896484375
0.30694580078125 0.073883056640625 0.156097412109375 0.010711669921875
0.3162841796875 0.020416259765625 0.169479370117188 -0.0063629150390625
0.273330688476563 0.1060791015625 0.123336791992188 0.0215606689453125
0.242095947265625 0.218093872070312 0.0334892272949219 0.0200939178466797
0.1549072265625 0.330230712890625 0.0266799926757813 -0.0724411010742187
-0.12298583984375 0.4117431640625 0.0710906982421875 -0.160247802734375
-0.246795654296875 0.345367431640625 0.185699462890625 -0.223419189453125
-0.393890380859375 0.257965087890625 0.35699462890625 -0.189727783203125
-0.49847412109375 0.24993896484375 -0.0270767211914063 -0.111160278320313
-0.421630859375 0.274932861328125 0.00377655029296873 -0.0862579345703125
-0.3028564453125 0.464935302734375 -0.0094585418701172 -0.0168361663818359
-0.052276611328125 0.447662353515625 -0.0318698883056641 -0.00473022460937497
0.127197265625 0.40185546875 -0.0484085083007813 0.064056396484375
0.276992797851563 0.2342529296875 0.0188102722167969 0.0548439025878906
0.339569091796875 0.094635009765625 0.0502777099609375 0.0260887145996094
0.35418701171875 0.09881591796875 0.0295734405517578 0.0146312713623047
0.37158203125 0.034149169921875 0.0451126098632813 -0.00171661376953125
0.319580078125 0.12109375 0.0146684646606446 0.00264644622802735
0.29052734375 0.2493896484375 -0.0352783203125 0.00894927978515627
0.1982421875 0.368927001953125 -0.0229644775390625 -0.0707855224609375
-0.11175537109375 0.48016357421875 0.0243072509765625 -0.138626098632812
-0.255828857421875 0.41497802734375 0.125518798828125 -0.150558471679687
-0.438995361328125 0.329986572265625 0.217529296875 -0.108657836914062
-0.465789794921875 0.26983642578125 -0.189041137695313 -0.028472900390625
-0.39300537109375 0.29248046875 -0.0894088745117188 -0.0103607177734375
-0.279510498046875 0.457733154296875 -0.0363693237304688 -0.00474166870117185
-0.050445556640625 0.439178466796875 -0.058349609375 -0.0319023132324219
0.113922119140625 0.402435302734375 -0.09539794921875 -0.00196838378906247
0.272171020507813 0.250259399414063 -0.0846405029296875 -0.013275146484375
0.33209228515625 0.109649658203125 -0.0918807983398438 0.00798034667968749
0.34527587890625 0.10919189453125 -0.101943969726562 0.0179824829101563
0.366455078125 0.047332763671875 -0.0847015380859375 0.00886535644531251
0.30841064453125 0.12811279296875 -0.096527099609375 -0.00954437255859374
0.277908325195313 0.25 -0.101524353027344 0.000183105468750018
0.1876220703125 0.353912353515625 -0.0675163269042968 -0.059906005859375
-0.104583740234375 0.461181640625 -0.0119705200195313 -0.0978927612304687
-0.2384033203125 0.401885986328125 0.0681648254394531 -0.0488929748535156
-0.420257568359375 0.3387451171875 0.0697669982910156 -0.0025672912597656
-0.355072021484375 0.2513427734375 -0.33636474609375 0.061920166015625
-0.28900146484375 0.26324462890625 -0.179962158203125 0.0704498291015625
-0.19488525390625 0.36572265625 -0.0699806213378906 0.0136337280273438
-0.02764892578125 0.34014892578125 -0.0860671997070313 -0.0442657470703125
0.089080810546875 0.322418212890625 -0.131645202636719 -0.0574798583984375
0.222793579101563 0.212890625 -0.177566528320313 -0.0700225830078125
0.271697998046875 0.101287841796875 -0.220260620117187 -0.00503540039062499
0.283233642578125 0.102874755859375 -0.21649169921875 0.02081298828125
0.30401611328125 0.063323974609375 -0.199737548828125 0.01605224609375
0.242706298828125 0.128570556640625 -0.188888549804687 -0.0255584716796875
0.202239990234375 0.223556518554688 -0.147659301757813 -0.0185394287109375
0.1192626953125 0.28912353515625 -0.0944747924804687 -0.0506973266601563
-0.107879638671875 0.353546142578125 -0.0326614379882812 -0.0548629760742187
-0.196807861328125 0.308746337890625 0.0158004760742187 0.0515174865722656
-0.339447021484375 0.2840576171875 -0.0662994384765625 0.102104187011719
-0.192367553710937 0.190093994140625 -0.441650390625 0.150115966796875
-0.141632080078125 0.188064575195313 -0.247406005859375 0.14703369140625
-0.0850677490234375 0.208724975585938 -0.0995941162109375 0.0409011840820312
-0.00445556640625 0.1865234375 -0.103805541992187 -0.0321044921875
0.049530029296875 0.188339233398437 -0.145904541015625 -0.0865020751953125
0.138702392578125 0.1392822265625 -0.240432739257813 -0.101226806640625
0.168380737304688 0.0755615234375 -0.312042236328125 -0.00915527343749998
0.176620483398438 0.0819091796875 -0.2967529296875 0.019927978515625
0.196334838867188 0.0711669921875 -0.282867431640625 0.01239013671875
0.138885498046875 0.11431884765625 -0.24676513671875 -0.0545196533203125
0.092315673828125 0.167373657226562 -0.163970947265625 -0.0525970458984375
0.0270233154296875 0.18280029296875 -0.0998916625976562 -0.0512313842773438
-0.0994415283203125 0.190185546875 -0.0400657653808594 -0.0207366943359375
-0.126419067382813 0.168869018554688 -0.0325164794921875 0.1258544921875
-0.20904541015625 0.184814453125 -0.175811767578125 0.181594848632813
-0.00941467285156249 0.0890579223632813 -0.491943359375 0.22186279296875
0.00798034667968749 0.0766830444335938 -0.280715942382813 0.213882446289063
0.010345458984375 0.0293998718261719 -0.112091064453125 0.0766525268554688
0.00217056274414062 0.0227851867675781 -0.102485656738281 -0.00161743164062498
-0.0037841796875 0.044036865234375 -0.138648986816406 -0.0908126831054688
0.0338058471679688 0.0544586181640625 -0.264633178710938 -0.104629516601563
0.0397377014160156 0.0445671081542969 -0.35406494140625 -0.00411987304687493
0.0443992614746094 0.048492431640625 -0.333160400390625 0.0164794921875
0.0620193481445313 0.0634384155273438 -0.323699951171875 -0.00424194335937493
0.0258331298828125 0.07342529296875 -0.262863159179688 -0.0913085937499999
-0.0127029418945313 0.0790939331054688 -0.149276733398438 -0.0943603515625
-0.0424118041992188 0.0473747253417969 -0.0852432250976563 -0.0579833984375
-0.0496597290039062 0.0150718688964844 -0.0380821228027344 0.00218963623046874
-0.0210056304931641 0.0241756439208984 -0.0726776123046875 0.163681030273438
-0.0415496826171875 0.0705337524414063 -0.242782592773438 0.221649169921875
-0.17230224609375 0.032562255859375 0.252944946289063 -0.267501831054688
-0.125167846679688 0.08349609375 0.110031127929688 -0.214187622070312
-0.0449981689453125 0.15325927734375 0.0142402648925781 -0.0170431137084961
0.04791259765625 0.114250183105469 0.0360336303710938 0.0613059997558594
0.0931167602539063 0.0480804443359375 0.094024658203125 0.146163940429688
0.0706405639648438 -0.0137252807617188 0.237152099609375 0.139007568359375
0.0795364379882813 -0.0262985229492188 0.340850830078125 0.022796630859375
0.0902328491210938 -0.00679779052734375 0.331146240234375 -0.006805419921875
0.0805130004882813 -0.0204925537109375 0.33905029296875 0.000183105468749999
0.0837173461914062 0.020294189453125 0.27410888671875 0.076873779296875
0.07916259765625 0.06524658203125 0.140151977539062 0.0629501342773438
0.0449447631835938 0.127418518066406 0.106658935546875 -0.0327224731445313
-0.0730514526367188 0.130058288574219 0.14947509765625 -0.127349853515625
-0.112579345703125 0.084381103515625 0.268020629882813 -0.240524291992188
-0.137382507324219 0.0241851806640625 0.53521728515625 -0.234344482421875
-0.331939697265625 0.13385009765625 0.215896606445312 -0.241317749023438
-0.260101318359375 0.170211791992187 0.111602783203125 -0.196502685546875
-0.150665283203125 0.296783447265625 0.0149745941162109 -0.0249290466308594
0.019287109375 0.258712768554688 0.0115165710449219 0.0475273132324219
0.12750244140625 0.191818237304688 0.0493927001953125 0.148941040039063
0.16937255859375 0.076995849609375 0.190658569335938 0.142471313476563
0.204360961914062 0.01287841796875 0.2862548828125 0.035064697265625
0.220321655273437 0.033203125 0.267562866210938 0.000839233398437502
0.217056274414062 0.00115966796875 0.27850341796875 -0.0081787109375
0.191696166992188 0.0742034912109375 0.219482421875 0.04754638671875
0.166366577148438 0.158493041992187 0.0972900390625 0.0413589477539063
0.0990753173828125 0.249359130859375 0.0734405517578125 -0.0600814819335937
-0.11419677734375 0.29248046875 0.117233276367188 -0.158416748046875
-0.200637817382813 0.230117797851562 0.238937377929688 -0.259368896484375
-0.293212890625 0.157318115234375 0.47283935546875 -0.2386474609375
-0.453460693359375 0.21221923828125 0.1177978515625 -0.189056396484375
-0.373443603515625 0.238067626953125 0.07568359375 -0.154052734375
-0.250885009765625 0.413299560546875 0.0120944976806641 -0.0264644622802734
-0.0206298828125 0.38519287109375 -0.0080718994140625 0.024343490600586
0.13909912109375 0.32489013671875 0.00265502929687501 0.120941162109375
0.2454833984375 0.1695556640625 0.116493225097656 0.112701416015625
0.299652099609375 0.057037353515625 0.185699462890625 0.035003662109375
0.319183349609375 0.06890869140625 0.162506103515625 0.007720947265625
0.3238525390625 0.01519775390625 0.175949096679688 -0.009735107421875
0.281951904296875 0.104736328125 0.129875183105469 0.0207443237304688
0.2525634765625 0.219802856445313 0.0370903015136719 0.0234260559082031
0.166107177734375 0.336578369140625 0.027618408203125 -0.0744476318359375
-0.11865234375 0.428497314453125 0.0708770751953125 -0.162582397460937
-0.247955322265625 0.358642578125 0.186477661132812 -0.230545043945312
-0.4007568359375 0.2764892578125 0.361846923828125 -0.1968994140625
-0.50775146484375 0.267303466796875 -0.0265579223632813 -0.115226745605469
-0.429718017578125 0.2896728515625 0.00380706787109373 -0.0890960693359375
-0.29986572265625 0.48297119140625 -0.00265502929687502 -0.0195693969726562
-0.045562744140625 0.4599609375 -0.0292892456054688 -0.0050239562988281
0.138427734375 0.40936279296875 -0.0465011596679688 0.0666160583496094
0.286529541015625 0.23577880859375 0.0197792053222656 0.0564498901367188
0.349761962890625 0.09197998046875 0.0521354675292969 0.0249290466308594
0.368865966796875 0.094940185546875 0.0327301025390625 0.0150032043457031
0.38140869140625 0.027740478515625 0.0488090515136719 -0.00182342529296875
0.3299560546875 0.120025634765625 0.017599105834961 0.00388336181640626
0.30364990234375 0.25067138671875 -0.0330066680908203 0.0123748779296875
0.21112060546875 0.37591552734375 -0.022979736328125 -0.0718002319335937
-0.104705810546875 0.49945068359375 0.0236892700195312 -0.138748168945312
-0.255767822265625 0.43035888671875 0.126449584960937 -0.154464721679687
-0.447296142578125 0.35235595703125 0.221359252929687 -0.110275268554687
-0.475189208984375 0.28564453125 -0.191299438476563 -0.0259246826171875
-0.402587890625 0.30877685546875 -0.0904464721679688 -0.00780487060546873
-0.2799072265625 0.4766845703125 -0.0311431884765625 -0.00588417053222653
-0.043365478515625 0.45147705078125 -0.0563583374023438 -0.0324020385742187
0.12677001953125 0.412872314453125 -0.0951995849609375 -0.00068664550781247
0.283294677734375 0.253509521484375 -0.0890884399414062 -0.0125656127929687
0.3436279296875 0.107177734375 -0.0938873291015625 0.0104904174804688
0.36102294921875 0.105255126953125 -0.101974487304687 0.021148681640625
0.377685546875 0.0418701171875 -0.0837936401367187 0.0121536254882813
0.319183349609375 0.12799072265625 -0.0978240966796875 -0.00624084472656247
0.289642333984375 0.252349853515625 -0.100761413574219 0.00363159179687503
0.19873046875 0.360443115234375 -0.067901611328125 -0.0597381591796875
-0.098724365234375 0.479461669921875 -0.0119552612304687 -0.0964584350585937
-0.239898681640625 0.417236328125 0.0701370239257812 -0.0486831665039062
-0.42791748046875 0.3599853515625 0.071990966796875 0.00119018554687502
-0.36334228515625 0.2645263671875 -0.341461181640625 0.070037841796875
-0.29620361328125 0.27642822265625 -0.182601928710938 0.076995849609375
-0.19500732421875 0.38067626953125 -0.06695556640625 0.0132598876953125
-0.022613525390625 0.351165771484375 -0.0850830078125 -0.0437240600585937
0.0999755859375 0.33123779296875 -0.13250732421875 -0.0569915771484375
0.233383178710938 0.216140747070312 -0.185867309570312 -0.0701446533203125
0.28240966796875 0.100128173828125 -0.225906372070312 -0.000473022460937455
0.2967529296875 0.10015869140625 -0.219635009765625 0.0257415771484375
0.314971923828125 0.058685302734375 -0.201416015625 0.0221710205078125
0.251296997070313 0.129837036132813 -0.194137573242187 -0.0215301513671875
0.211944580078125 0.226913452148438 -0.148590087890625 -0.015869140625
0.127227783203125 0.295074462890625 -0.095703125 -0.0496597290039062
-0.10540771484375 0.369598388671875 -0.032867431640625 -0.0521430969238281
-0.199737548828125 0.321685791015625 0.0187110900878906 0.0549087524414063
-0.347930908203125 0.30169677734375 -0.0662384033203125 0.111129760742188
-0.198135375976563 0.198593139648438 -0.448486328125 0.1617431640625
-0.146163940429688 0.196090698242187 -0.250534057617188 0.1572265625
-0.0860748291015625 0.21807861328125 -0.098785400390625 0.0424652099609375
-0.00242614746093752 0.192398071289063 -0.103630065917969 -0.0316085815429688
0.055572509765625 0.195159912109375 -0.148880004882813 -0.0878448486328124
0.1463623046875 0.141616821289062 -0.250717163085938 -0.1011962890625
0.175460815429688 0.0764312744140625 -0.32086181640625 -0.00164794921874997
0.18609619140625 0.081390380859375 -0.303375244140625 0.02740478515625
0.205520629882812 0.069091796875 -0.28778076171875 0.01922607421875
0.145858764648438 0.116851806640625 -0.253936767578125 -0.0502777099609375
0.0985260009765625 0.17132568359375 -0.167343139648438 -0.0516204833984375
0.0311279296875 0.18768310546875 -0.100898742675781 -0.049560546875
-0.0982818603515625 0.201034545898438 -0.0400772094726563 -0.0178794860839844
-0.1300048828125 0.17694091796875 -0.029754638671875 0.131736755371094
-0.215484619140625 0.195968627929688 -0.177474975585938 0.19317626953125
-0.0113372802734375 0.0907669067382813 -0.4986572265625 0.236785888671875
0.0069580078125 0.0779876708984375 -0.2830810546875 0.22528076171875
0.00823593139648437 0.0307979583740234 -0.113121032714844 0.080108642578125
0.001220703125 0.0239410400390625 -0.1031494140625 -0.00115966796874998
-0.00228500366210938 0.0476112365722656 -0.143341064453125 -0.09320068359375
0.0374069213867188 0.0567169189453125 -0.276397705078125 -0.104415893554688
0.0430564880371094 0.045806884765625 -0.3642578125 0.00396728515625006
0.0488548278808594 0.0498428344726562 -0.3416748046875 0.0245361328125
0.0684394836425781 0.06329345703125 -0.33135986328125 0.00296020507812506
0.0292816162109375 0.0761871337890625 -0.272171020507813 -0.087310791015625
-0.0101699829101562 0.0829010009765625 -0.154083251953125 -0.0948333740234375
-0.0417900085449219 0.0508537292480469 -0.0868606567382813 -0.0565719604492188
-0.0506439208984375 0.0195159912109375 -0.0382843017578125 0.0048065185546875
-0.0244121551513672 0.0273666381835937 -0.07122802734375 0.170562744140625
-0.0459518432617187 0.0748367309570313 -0.246505737304688 0.234878540039062
-0.176956176757813 0.0396270751953125 0.259979248046875 -0.290740966796875
-0.126731872558594 0.0900421142578125 0.110015869140625 -0.230316162109375
-0.0411529541015625 0.159881591796875 0.0173568725585937 -0.0211772918701172
0.0525665283203125 0.115837097167969 0.0386772155761719 0.0614128112792969
0.0955963134765625 0.0457763671875 0.100830078125 0.151763916015625
0.0703125 -0.0151290893554687 0.255218505859375 0.139846801757813
0.08160400390625 -0.02880859375 0.3577880859375 0.010772705078125
0.0935592651367188 -0.0106887817382813 0.347930908203125 -0.018646240234375
0.0816574096679688 -0.0237960815429688 0.357086181640625 -0.011932373046875
0.0875778198242188 0.01837158203125 0.293304443359375 0.072113037109375
0.085479736328125 0.0656585693359375 0.149871826171875 0.0655517578125
0.0524673461914063 0.132225036621094 0.109756469726563 -0.0377120971679687
-0.0726089477539063 0.139106750488281 0.151290893554688 -0.137969970703125
-0.114021301269531 0.0910568237304687 0.272964477539063 -0.26019287109375
-0.140975952148438 0.0313720703125 0.5538330078125 -0.260162353515625
-0.34283447265625 0.151275634765625 0.221771240234375 -0.262481689453125
-0.267364501953125 0.185546875 0.112152099609375 -0.211883544921875
-0.14794921875 0.3148193359375 0.0201129913330078 -0.0303592681884765
0.027618408203125 0.269012451171875 0.0137710571289063 0.047210693359375
0.13739013671875 0.195724487304688 0.0560150146484375 0.155624389648438
0.176254272460938 0.077484130859375 0.20550537109375 0.145095825195313
0.213302612304688 0.009063720703125 0.30169677734375 0.025543212890625
0.232833862304688 0.0270843505859375 0.28228759765625 -0.00830078125
0.225921630859375 -0.00457763671875 0.293975830078125 -0.018310546875
0.202850341796875 0.072784423828125 0.235107421875 0.04388427734375
0.179534912109375 0.161407470703125 0.105155944824219 0.0444107055664063
0.1129150390625 0.25830078125 0.0745849609375 -0.0654449462890625
-0.11114501953125 0.31365966796875 0.118148803710938 -0.16827392578125
-0.203750610351563 0.24676513671875 0.242630004882813 -0.277206420898438
-0.301849365234375 0.17694091796875 0.488983154296875 -0.26171875
-0.4678955078125 0.236602783203125 0.121063232421875 -0.204620361328125
-0.38543701171875 0.2607421875 0.0765533447265625 -0.165679931640625
-0.24737548828125 0.440704345703125 0.0175399780273437 -0.0323467254638672
-0.011505126953125 0.40191650390625 -0.00556564331054688 0.0237884521484375
0.15496826171875 0.3349609375 0.00740814208984375 0.127410888671875
0.25830078125 0.172134399414063 0.126655578613281 0.116020202636719
0.31475830078125 0.052642822265625 0.196578979492188 0.0294952392578125
0.338897705078125 0.061370849609375 0.172622680664063 0.00244140625
0.339385986328125 0.006683349609375 0.1875 -0.0159149169921875
0.297821044921875 0.102020263671875 0.140304565429688 0.019012451171875
0.272048950195312 0.22393798828125 0.0427818298339844 0.026092529296875
0.185333251953125 0.348358154296875 0.0277557373046875 -0.0789031982421875
-0.111175537109375 0.457763671875 0.070709228515625 -0.169967651367187
-0.25091552734375 0.382171630859375 0.188934326171875 -0.244964599609375
-0.413177490234375 0.307098388671875 0.37408447265625 -0.213958740234375
-0.5244140625 0.2965087890625 -0.027984619140625 -0.122032165527344
-0.44451904296875 0.31719970703125 0.00266265869140622 -0.0939483642578125
-0.298248291015625 0.516632080078125 0.00272178649902342 -0.0246105194091797
-0.033782958984375 0.483795166015625 -0.0270309448242188 -0.00592231750488278
0.157989501953125 0.424591064453125 -0.0440521240234375 0.071685791015625
0.3050537109375 0.240325927734375 0.0222396850585938 0.0588531494140625
0.3695068359375 0.087493896484375 0.0560836791992188 0.0237693786621094
0.39373779296875 0.08612060546875 0.0367202758789063 0.0142135620117188
0.40087890625 0.017120361328125 0.0543060302734375 -0.0030670166015625
0.350006103515625 0.11737060546875 0.0210227966308594 0.00449752807617188
0.32574462890625 0.254486083984375 -0.0308551788330078 0.0157585144042969
0.233062744140625 0.38824462890625 -0.0238418579101562 -0.0751266479492187
-0.0932922363281249 0.532745361328125 0.02392578125 -0.143264770507812
-0.259033203125 0.4571533203125 0.129409790039063 -0.163131713867188
-0.459808349609375 0.38763427734375 0.229293823242187 -0.117904663085937
-0.4923095703125 0.316162109375 -0.198394775390625 -0.022003173828125
-0.416595458984375 0.33514404296875 -0.0937042236328125 -0.00474548339843747
-0.279388427734375 0.509857177734375 -0.0273170471191406 -0.00863075256347653
-0.032867431640625 0.4742431640625 -0.0559349060058594 -0.0335578918457031
0.14642333984375 0.430328369140625 -0.0967941284179687 0.00191497802734378
0.303924560546875 0.25909423828125 -0.0949859619140625 -0.00955200195312499
0.3646240234375 0.104248046875 -0.0979843139648437 0.0141448974609375
0.3853759765625 0.098175048828125 -0.104522705078125 0.0254669189453125
0.398773193359375 0.032318115234375 -0.0848617553710937 0.0161285400390625
0.338287353515625 0.126373291015625 -0.101448059082031 -0.0025482177734375
0.31207275390625 0.256072998046875 -0.102035522460937 0.00783538818359376
0.2197265625 0.373199462890625 -0.069732666015625 -0.0608749389648437
-0.08843994140625 0.51177978515625 -0.0124740600585938 -0.0966720581054687
-0.24163818359375 0.44476318359375 0.0739288330078125 -0.0509033203125
-0.440582275390625 0.39666748046875 0.0763702392578125 0.00419616699218752
-0.37725830078125 0.289215087890625 -0.353363037109375 0.083892822265625
-0.307098388671875 0.29998779296875 -0.18817138671875 0.0876007080078125
-0.194549560546875 0.408355712890625 -0.0659370422363281 0.014312744140625
-0.01409912109375 0.370025634765625 -0.0863189697265625 -0.0443191528320312
0.11627197265625 0.346588134765625 -0.1380615234375 -0.0570907592773437
0.252120971679688 0.222152709960938 -0.1988525390625 -0.0677032470703125
0.30072021484375 0.0982666015625 -0.237808227539063 0.0082550048828125
0.319091796875 0.09527587890625 -0.228118896484375 0.0346374511718751
0.334228515625 0.051300048828125 -0.208114624023437 0.0305023193359375
0.268020629882813 0.13104248046875 -0.2030029296875 -0.01483154296875
0.229598999023438 0.232376098632813 -0.15399169921875 -0.0123748779296875
0.1424560546875 0.3065185546875 -0.0986251831054687 -0.0489501953125
-0.09759521484375 0.39508056640625 -0.0332679748535156 -0.0500030517578125
-0.203277587890625 0.34375 0.0226325988769531 0.0589752197265625
-0.35955810546875 0.33050537109375 -0.0654296875 0.123748779296875
-0.206695556640625 0.2135009765625 -0.463287353515625 0.18377685546875
-0.151260375976563 0.210433959960938 -0.25750732421875 0.174087524414062
-0.0872650146484375 0.233596801757812 -0.100364685058594 0.046478271484375
0.00177001953125001 0.2030029296875 -0.105865478515625 -0.0304946899414063
0.0657501220703125 0.20556640625 -0.156646728515625 -0.0903167724609375
0.159759521484375 0.146347045898438 -0.268630981445313 -0.100051879882812
0.18841552734375 0.076416015625 -0.337127685546875 0.00958251953125002
0.2017822265625 0.079498291015625 -0.31634521484375 0.03863525390625
0.220138549804688 0.065521240234375 -0.29913330078125 0.03009033203125
0.157608032226563 0.120254516601563 -0.268310546875 -0.0437774658203124
0.109024047851562 0.177841186523437 -0.17498779296875 -0.0502471923828125
0.0387725830078125 0.197174072265625 -0.104743957519531 -0.0479049682617188
-0.0965576171875 0.217178344726563 -0.0408058166503906 -0.0145339965820312
-0.133621215820313 0.19085693359375 -0.0262374877929687 0.140457153320313
-0.223098754882813 0.215057373046875 -0.179977416992187 0.212493896484375
-0.0129623413085938 0.0951995849609375 -0.51373291015625 0.263397216796875
0.00696563720703125 0.08160400390625 -0.289703369140625 0.246185302734375
0.00586700439453125 0.0337982177734375 -0.11627197265625 0.087127685546875
0.000726699829101565 0.0259914398193359 -0.1055908203125 0.00104522705078125
0.000389099121093744 0.0518798828125 -0.152023315429688 -0.0964813232421875
0.0428733825683594 0.0589179992675781 -0.29656982421875 -0.102813720703125
0.04833984375 0.0479202270507813 -0.383270263671875 0.017822265625
0.0557174682617188 0.0513877868652344 -0.3565673828125 0.0373229980468751
0.0768356323242187 0.0634994506835937 -0.345947265625 0.01434326171875
0.0350723266601563 0.0801620483398438 -0.289398193359375 -0.0823974609375
-0.00670623779296876 0.0882492065429688 -0.163909912109375 -0.096221923828125
-0.0416641235351563 0.0559883117675781 -0.0909957885742188 -0.0554733276367187
-0.0526008605957031 0.02490234375 -0.039703369140625 0.00843811035156251
-0.0268650054931641 0.0321788787841797 -0.069366455078125 0.182662963867187
-0.049163818359375 0.0813980102539063 -0.252166748046875 0.256484985351563
-0.180892944335938 0.0514984130859375 0.259368896484375 -0.324737548828125
-0.126602172851563 0.0996627807617187 0.10345458984375 -0.251312255859375
-0.032470703125 0.167709350585938 0.0197410583496094 -0.0272407531738281
0.0607452392578125 0.117279052734375 0.0425682067871094 0.0603294372558594
0.09979248046875 0.0412673950195313 0.114166259765625 0.15618896484375
0.0703506469726563 -0.0186309814453125 0.2786865234375 0.134765625
0.0832977294921875 -0.0337448120117188 0.37713623046875 -0.010650634765625
0.097076416015625 -0.0169754028320312 0.365386962890625 -0.041534423828125
0.0826492309570313 -0.0282135009765625 0.376739501953125 -0.03472900390625
0.0919723510742187 0.0140228271484375 0.317108154296875 0.05914306640625
0.0935745239257813 0.0637893676757813 0.1634521484375 0.06427001953125
0.0641555786132813 0.135200500488281 0.111686706542969 -0.0455398559570313
-0.0680694580078125 0.151397705078125 0.14971923828125 -0.153335571289063
-0.114410400390625 0.101707458496094 0.2720947265625 -0.2877197265625
-0.144302368164063 0.0426788330078125 0.56512451171875 -0.30413818359375
-0.349395751953125 0.17822265625 0.2210693359375 -0.2916259765625
-0.270401000976563 0.20849609375 0.107208251953125 -0.23175048828125
-0.135986328125 0.33807373046875 0.0224685668945312 -0.0377883911132812
0.0420379638671875 0.27960205078125 0.0176506042480469 0.0465965270996094
0.152267456054688 0.19635009765625 0.0674591064453125 0.162033081054688
0.186386108398437 0.0728912353515625 0.226470947265625 0.142990112304687
0.224533081054688 -0.0013885498046875 0.31903076171875 0.008270263671875
0.24725341796875 0.0147552490234375 0.297943115234375 -0.0267333984375
0.236709594726563 -0.017333984375 0.310760498046875 -0.037322998046875
0.216720581054688 0.0650177001953125 0.253433227539063 0.032196044921875
0.198822021484375 0.15966796875 0.115982055664063 0.0442428588867188
0.13494873046875 0.2662353515625 0.0742034912109375 -0.0728836059570312
-0.0975341796875 0.339080810546875 0.11590576171875 -0.18218994140625
-0.200653076171875 0.270233154296875 0.238922119140625 -0.304931640625
-0.307159423828125 0.20703125 0.49957275390625 -0.30126953125
-0.479766845703125 0.2777099609375 0.118499755859375 -0.224517822265625
-0.391448974609375 0.296630859375 0.0724334716796875 -0.179855346679687
-0.234710693359375 0.476226806640625 0.020904541015625 -0.0392494201660156
0.010162353515625 0.421539306640625 -0.00247764587402344 0.0224876403808594
0.18011474609375 0.34210205078125 0.0166854858398438 0.133934020996094
0.278366088867188 0.168304443359375 0.140396118164063 0.11639404296875
0.334808349609375 0.03863525390625 0.208633422851563 0.0186767578125
0.361358642578125 0.042877197265625 0.18292236328125 -0.00877380371093749
0.35699462890625 -0.011627197265625 0.199478149414063 -0.0290679931640625
0.319061279296875 0.092315673828125 0.151840209960938 0.01171875
0.29962158203125 0.220367431640625 0.0501632690429688 0.0281143188476563
0.21649169921875 0.356964111328125 0.0254287719726563 -0.0859375
-0.088897705078125 0.492279052734375 0.0671234130859375 -0.180953979492187
-0.2437744140625 0.416290283203125 0.186172485351563 -0.26702880859375
-0.41650390625 0.351409912109375 0.382598876953125 -0.2435302734375
-0.536407470703125 0.3433837890625 -0.0330963134765625 -0.128791809082031
-0.451873779296875 0.35919189453125 -0.000427246093750029 -0.0988388061523437
-0.2841796875 0.5623779296875 0.00638961791992186 -0.0301837921142578
-0.0093994140625 0.50921630859375 -0.0253372192382812 -0.00680351257324216
0.191131591796875 0.4368896484375 -0.0403900146484375 0.077056884765625
0.33233642578125 0.23797607421875 0.0269355773925781 0.0618820190429688
0.394561767578125 0.073272705078125 0.0608634948730469 0.0215492248535156
0.420806884765625 0.065673828125 0.0415191650390625 0.012847900390625
0.42333984375 -0.00604248046875 0.0601043701171875 -0.006927490234375
0.37396240234375 0.105224609375 0.0249710083007813 0.00419998168945313
0.357574462890625 0.25030517578125 -0.0275020599365234 0.020172119140625
0.268218994140625 0.395355224609375 -0.0284957885742187 -0.078582763671875
-0.0662841796875 0.57012939453125 0.0205078125 -0.148773193359375
-0.2486572265625 0.497100830078125 0.128677368164062 -0.176956176757812
-0.46209716796875 0.439971923828125 0.235946655273437 -0.133071899414062
-0.50390625 0.362060546875 -0.206329345703125 -0.01312255859375
-0.422576904296875 0.379364013671875 -0.0974273681640625 0.00135040283203127
-0.264739990234375 0.555999755859375 -0.0250263214111328 -0.0109329223632812
-0.00845336914062502 0.5013427734375 -0.0562515258789062 -0.03399658203125
0.180450439453125 0.444549560546875 -0.0985641479492187 0.00585174560546878
0.333831787109375 0.257476806640625 -0.101203918457031 -0.00419616699218748
0.391082763671875 0.091094970703125 -0.102195739746094 0.0213088989257812
0.414215087890625 0.07830810546875 -0.106719970703125 0.0337371826171875
0.422515869140625 0.009735107421875 -0.0845565795898437 0.022125244140625
0.36419677734375 0.11639404296875 -0.105110168457031 0.00479125976562499
0.3431396484375 0.252288818359375 -0.103385925292969 0.0142593383789062
0.252593994140625 0.3807373046875 -0.0752029418945312 -0.0609588623046875
-0.062591552734375 0.548095703125 -0.014312744140625 -0.0980911254882812
-0.231964111328125 0.48089599609375 0.07684326171875 -0.0560150146484375
-0.44189453125 0.446380615234375 0.0820465087890625 0.00508117675781253
-0.385589599609375 0.32684326171875 -0.36328125 0.108001708984375
-0.3101806640625 0.335174560546875 -0.190887451171875 0.105178833007813
-0.1839599609375 0.443939208984375 -0.0658111572265625 0.0169181823730469
0.00390624999999998 0.3905029296875 -0.088897705078125 -0.043365478515625
0.144287109375 0.35986328125 -0.145782470703125 -0.0546722412109375
0.27862548828125 0.222503662109375 -0.214797973632812 -0.0604705810546874
0.322845458984375 0.088592529296875 -0.248977661132813 0.0234832763671875
0.34423828125 0.08013916015625 -0.236236572265625 0.0507354736328125
0.357452392578125 0.0340576171875 -0.2135009765625 0.0440673828125
0.290008544921875 0.12506103515625 -0.213348388671875 -0.00286865234375
0.254623413085938 0.232864379882812 -0.15997314453125 -0.00451660156249997
0.167877197265625 0.3153076171875 -0.104286193847656 -0.04608154296875
-0.07940673828125 0.424835205078125 -0.0340576171875 -0.0476646423339844
-0.1966552734375 0.3740234375 0.0290985107421875 0.063018798828125
-0.361663818359375 0.37445068359375 -0.0602264404296875 0.1380615234375
-0.209747314453125 0.237396240234375 -0.474700927734375 0.2200927734375
-0.151016235351562 0.231597900390625 -0.260498046875 0.199996948242188
-0.0815582275390625 0.254150390625 -0.10174560546875 0.0542678833007813
0.0120697021484375 0.215499877929688 -0.109458923339844 -0.0274581909179687
0.083465576171875 0.214630126953125 -0.1680908203125 -0.0894927978515625
0.177459716796875 0.147308349609375 -0.29168701171875 -0.0902404785156249
0.205291748046875 0.0713043212890625 -0.35369873046875 0.031402587890625
0.21990966796875 0.0718231201171875 -0.328643798828125 0.06005859375
0.23834228515625 0.0548248291015625 -0.310516357421875 0.04925537109375
0.1741943359375 0.119338989257813 -0.2845458984375 -0.028472900390625
0.125106811523438 0.1827392578125 -0.18524169921875 -0.044158935546875
0.05230712890625 0.206100463867188 -0.110595703125 -0.0444183349609375
-0.088531494140625 0.2371826171875 -0.0412178039550781 -0.0108642578125
-0.132843017578125 0.209243774414062 -0.01849365234375 0.151214599609375
-0.22607421875 0.2425537109375 -0.176742553710938 0.2381591796875
-0.0117874145507812 0.100967407226562 -0.523162841796875 0.305999755859375
0.00939178466796875 0.0855636596679688 -0.29046630859375 0.27734375
0.00502777099609375 0.0374641418457031 -0.117469787597656 0.0985260009765625
0.000925064086914059 0.0281505584716797 -0.108489990234375 0.00578308105468751
0.00435256958007812 0.0564613342285156 -0.16448974609375 -0.09661865234375
0.0504188537597656 0.0609245300292969 -0.32159423828125 -0.093109130859375
0.0560340881347656 0.0485687255859375 -0.40106201171875 0.0435791015625
0.0641059875488281 0.05145263671875 -0.3720703125 0.06121826171875
0.0871429443359375 0.061004638671875 -0.362060546875 0.0365905761718749
0.0431900024414062 0.0838241577148438 -0.31005859375 -0.068572998046875
-0.00157928466796875 0.093994140625 -0.177337646484375 -0.0936431884765625
-0.0400733947753906 0.0629730224609375 -0.0968780517578125 -0.052276611328125
-0.0534744262695313 0.0318832397460938 -0.0401802062988281 0.0129585266113281
-0.0289649963378906 0.0376014709472656 -0.061859130859375 0.19775390625
-0.0507278442382813 0.09051513671875 -0.251861572265625 0.287750244140625
-0.17974853515625 0.06646728515625 0.24432373046875 -0.359466552734375
-0.121437072753906 0.110122680664062 0.0869598388671875 -0.271224975585938
-0.0196685791015625 0.172622680664063 0.0186290740966797 -0.033548355102539
0.0702972412109375 0.114303588867188 0.04638671875 0.0576438903808594
0.103218078613281 0.0338668823242188 0.129135131835938 0.154296875
0.0685882568359375 -0.0229911804199219 0.301788330078125 0.11859130859375
0.0827178955078125 -0.0406341552734375 0.388519287109375 -0.04168701171875
0.0983963012695313 -0.0250701904296875 0.3739013671875 -0.07354736328125
0.0826416015625 -0.034271240234375 0.3876953125 -0.068511962890625
0.0952835083007813 0.00739288330078125 0.3350830078125 0.034423828125
0.101905822753906 0.0582427978515625 0.176910400390625 0.0573577880859375
0.0783157348632812 0.134048461914062 0.110305786132813 -0.0549697875976563
-0.0577392578125 0.162994384765625 0.140731811523437 -0.169723510742187
-0.109107971191406 0.113357543945313 0.257965087890625 -0.319122314453125
-0.142730712890625 0.0560760498046875 0.558197021484375 -0.3582763671875
-0.345947265625 0.211639404296875 0.207275390625 -0.32177734375
-0.262374877929688 0.234634399414062 0.093048095703125 -0.250320434570313
-0.112335205078125 0.357666015625 0.0221786499023437 -0.0456504821777344
0.064208984375 0.282623291015625 0.0211067199707031 0.0446968078613281
0.170394897460938 0.188919067382812 0.0831451416015625 0.162979125976562
0.19512939453125 0.063079833984375 0.24774169921875 0.13116455078125
0.231842041015625 -0.017303466796875 0.33013916015625 -0.017974853515625
0.257034301757813 -0.0063934326171875 0.306182861328125 -0.052825927734375
0.243240356445313 -0.0352325439453125 0.320159912109375 -0.065704345703125
0.228683471679688 0.0510406494140625 0.268203735351563 0.012237548828125
0.218780517578125 0.150726318359375 0.12786865234375 0.0391769409179688
0.161880493164062 0.2650146484375 0.07098388671875 -0.0820541381835937
-0.072662353515625 0.36102294921875 0.106063842773437 -0.196884155273437
-0.187225341796875 0.294403076171875 0.2236328125 -0.332427978515625
-0.298797607421875 0.24114990234375 0.49041748046875 -0.3492431640625
-0.475067138671875 0.325592041015625 0.107162475585937 -0.244277954101562
-0.38262939453125 0.33685302734375 0.061309814453125 -0.193161010742187
-0.2037353515625 0.51055908203125 0.0211563110351562 -0.0478706359863281
0.04180908203125 0.432769775390625 0.000499725341796876 0.0208110809326172
0.212188720703125 0.337371826171875 0.0293502807617188 0.137550354003906
0.298797607421875 0.155364990234375 0.15643310546875 0.110427856445313
0.348968505859375 0.0155029296875 0.216781616210938 0.0022430419921875
0.37841796875 0.01336669921875 0.190048217773438 -0.02490234375
0.368804931640625 -0.04107666015625 0.20623779296875 -0.0486297607421875
0.337005615234375 0.0716552734375 0.160842895507813 -0.000274658203124996
0.32684326171875 0.205657958984375 0.0579147338867188 0.0266609191894531
0.252593994140625 0.35308837890625 0.0199966430664063 -0.09149169921875
-0.05059814453125 0.5201416015625 0.058502197265625 -0.191329956054688
-0.22113037109375 0.449005126953125 0.172027587890625 -0.289276123046875
-0.402435302734375 0.39947509765625 0.37640380859375 -0.278594970703125
-0.528717041015625 0.3994140625 -0.0412979125976563 -0.132186889648437
-0.440185546875 0.408203125 -0.00670623779296878 -0.102653503417969
-0.2469482421875 0.6048583984375 0.00775909423828123 -0.03582763671875
0.0311279296875 0.525421142578125 -0.0238151550292969 -0.00886344909667966
0.23175048828125 0.435516357421875 -0.032989501953125 0.08197021484375
0.360748291015625 0.223388671875 0.0336494445800782 0.0631256103515625
0.414886474609375 0.046417236328125 0.064208984375 0.0173110961914063
0.443115234375 0.03155517578125 0.0454864501953125 0.00933837890625
0.438079833984375 -0.0399169921875 0.0651435852050781 -0.0139122009277344
0.395263671875 0.08135986328125 0.0290908813476563 0.00304794311523438
0.388824462890625 0.2310791015625 -0.0230522155761719 0.0236282348632813
0.30914306640625 0.389251708984375 -0.0341949462890625 -0.08087158203125
-0.0198974609375 0.59912109375 0.0140228271484375 -0.154129028320312
-0.22039794921875 0.533843994140625 0.120986938476562 -0.1920166015625
-0.443267822265625 0.4949951171875 0.23541259765625 -0.152557373046875
-0.4952392578125 0.416473388671875 -0.2109375 0.0012969970703125
-0.40960693359375 0.427978515625 -0.0983657836914063 0.00937652587890629
-0.22808837890625 0.59912109375 -0.023031234741211 -0.0118961334228515
0.029144287109375 0.52001953125 -0.0568733215332031 -0.0334930419921875
0.22283935546875 0.445648193359375 -0.0986328125 0.0118865966796875
0.36517333984375 0.24365234375 -0.104866027832031 0.00402832031250003
0.41363525390625 0.06536865234375 -0.103553771972656 0.0312042236328125
0.43792724609375 0.0455322265625 -0.104942321777344 0.0429840087890625
0.43939208984375 -0.025146484375 -0.0823135375976562 0.02838134765625
0.38568115234375 0.0928955078125 -0.105461120605469 0.0143661499023437
0.373626708984375 0.235015869140625 -0.102462768554687 0.022674560546875
0.29107666015625 0.374298095703125 -0.0800399780273437 -0.0587005615234375
-0.01678466796875 0.57403564453125 -0.0182037353515625 -0.0989532470703125
-0.205474853515625 0.51702880859375 0.0775222778320312 -0.0619049072265625
-0.423431396484375 0.501556396484375 0.08746337890625 0.00223541259765628
-0.37786865234375 0.3707275390625 -0.36346435546875 0.138763427734375
-0.297576904296875 0.3734130859375 -0.187637329101563 0.125030517578125
-0.157196044921875 0.477142333984375 -0.0637779235839844 0.0215530395507813
0.033599853515625 0.40399169921875 -0.0912704467773437 -0.0397796630859375
0.179473876953125 0.3614501953125 -0.152557373046875 -0.047821044921875
0.305877685546875 0.210205078125 -0.227981567382812 -0.0451812744140625
0.34454345703125 0.068511962890625 -0.254348754882813 0.04571533203125
0.36468505859375 0.054351806640625 -0.237228393554687 0.071563720703125
0.373046875 0.00482177734375 -0.21392822265625 0.0619659423828125
0.3114013671875 0.10791015625 -0.219482421875 0.01593017578125
0.281219482421875 0.2213134765625 -0.163589477539063 0.00628662109374999
0.197479248046875 0.313934326171875 -0.109046936035156 -0.0408096313476562
-0.04608154296875 0.448944091796875 -0.0345649719238281 -0.0456466674804687
-0.1778564453125 0.402374267578125 0.0374488830566406 0.0640830993652344
-0.3455810546875 0.4189453125 -0.0492706298828125 0.151199340820313
-0.202667236328125 0.263717651367187 -0.47021484375 0.264007568359375
-0.141433715820312 0.252899169921875 -0.25164794921875 0.229598999023437
-0.0662841796875 0.274154663085937 -0.0986862182617188 0.0638351440429688
0.02777099609375 0.223434448242188 -0.111610412597656 -0.0215988159179687
0.10491943359375 0.217147827148438 -0.179733276367188 -0.0823822021484375
0.197219848632813 0.140182495117188 -0.31097412109375 -0.0711364746093749
0.220748901367188 0.0592041015625 -0.361663818359375 0.062835693359375
0.235809326171875 0.0552825927734375 -0.3326416015625 0.089141845703125
0.252517700195313 0.035675048828125 -0.31414794921875 0.076324462890625
0.191360473632813 0.110595703125 -0.2950439453125 -0.00503540039062498
0.144256591796875 0.179885864257813 -0.193222045898438 -0.0322265625
0.07012939453125 0.209945678710938 -0.1153564453125 -0.0378036499023437
-0.0712890625 0.255508422851563 -0.0405616760253906 -0.00627136230468749
-0.123489379882813 0.22808837890625 -0.00465393066406252 0.158828735351563
-0.218048095703125 0.271255493164063 -0.162353515625 0.263198852539063
-0.00786590576171874 0.105781555175781 -0.514251708984375 0.354766845703125
0.0139617919921875 0.0887298583984375 -0.27734375 0.311859130859375
0.00561904907226562 0.0414161682128906 -0.112754821777344 0.112007141113281
0.00206184387207031 0.0302791595458984 -0.108528137207031 0.0130767822265625
0.0104179382324219 0.0596733093261719 -0.177536010742188 -0.0911102294921875
0.0587959289550781 0.05950927734375 -0.343292236328125 -0.072021484375
0.0637168884277344 0.0466270446777344 -0.4107666015625 0.0787048339843749
0.0728378295898438 0.047943115234375 -0.377655029296875 0.0939941406249999
0.096710205078125 0.05462646484375 -0.368499755859375 0.066680908203125
0.0528106689453125 0.0837173461914063 -0.3255615234375 -0.04443359375
0.00682830810546875 0.098358154296875 -0.190582275390625 -0.0839996337890625
-0.0359535217285156 0.0689620971679687 -0.101814270019531 -0.0458831787109375
-0.0520286560058594 0.0395698547363281 -0.0383453369140625 0.0174751281738281
-0.0282058715820313 0.0429878234863281 -0.046661376953125 0.209991455078125
-0.0487518310546875 0.0997314453125 -0.23724365234375 0.319488525390625
-0.17340087890625 0.080291748046875 0.219757080078125 -0.38397216796875
-0.112007141113281 0.117851257324219 0.066009521484375 -0.2818603515625
-0.0060882568359375 0.172088623046875 0.01617431640625 -0.0388450622558594
0.0781936645507813 0.108055114746094 0.048828125 0.0532798767089844
0.103622436523438 0.0250320434570312 0.142532348632813 0.14801025390625
0.0649604797363281 -0.0269508361816406 0.315460205078125 0.09722900390625
0.079681396484375 -0.0469970703125 0.386627197265625 -0.0738525390625
0.0966033935546875 -0.03350830078125 0.3690185546875 -0.104644775390625
0.0802001953125 -0.0394668579101563 0.384918212890625 -0.100860595703125
0.0957260131835938 -0.000274658203125 0.342498779296875 0.006561279296875
0.108070373535156 0.0499038696289063 0.18609619140625 0.04620361328125
0.0909881591796875 0.127647399902344 0.104965209960938 -0.0630645751953125
-0.0444488525390625 0.16943359375 0.126693725585938 -0.18084716796875
-0.100311279296875 0.121391296386719 0.23388671875 -0.33966064453125
-0.1358642578125 0.0686569213867188 0.53167724609375 -0.402252197265625
-0.33013916015625 0.239654541015625 0.18585205078125 -0.34283447265625
-0.245162963867188 0.255508422851563 0.07354736328125 -0.260360717773438
-0.08447265625 0.364532470703125 0.0197601318359375 -0.0516204833984375
0.0848846435546875 0.277084350585937 0.0241203308105469 0.0404701232910156
0.183212280273438 0.175888061523438 0.09710693359375 0.159698486328125
0.198486328125 0.050994873046875 0.261962890625 0.113983154296875
0.231735229492188 -0.0344390869140625 0.330047607421875 -0.044464111328125
0.258270263671875 -0.0272369384765625 0.303680419921875 -0.078521728515625
0.2418212890625 -0.0539398193359375 0.31793212890625 -0.094970703125
0.233932495117188 0.0342254638671875 0.273590087890625 -0.0100250244140625
0.232284545898438 0.134521484375 0.135284423828125 0.0320663452148438
0.184524536132812 0.253463745117188 0.06353759765625 -0.0887680053710937
-0.042938232421875 0.370452880859375 0.09161376953125 -0.205307006835937
-0.166778564453125 0.31024169921875 0.1995849609375 -0.350677490234375
-0.279266357421875 0.2679443359375 0.4669189453125 -0.386566162109375
-0.450408935546875 0.365692138671875 0.0908355712890625 -0.256210327148438
-0.35888671875 0.366943359375 0.0478515625 -0.199920654296875
-0.16314697265625 0.527435302734375 0.0198898315429687 -0.0540885925292968
0.07373046875 0.42926025390625 0.00224494934082032 0.0178318023681641
0.23834228515625 0.32196044921875 0.0420379638671875 0.1363525390625
0.310638427734375 0.13690185546875 0.16876220703125 0.09954833984375
0.353485107421875 -0.00970458984375 0.2181396484375 -0.0152587890625
0.38299560546875 -0.018218994140625 0.190155029296875 -0.04119873046875
0.36846923828125 -0.070037841796875 0.204986572265625 -0.0680999755859375
0.345123291015625 0.047088623046875 0.1649169921875 -0.0137176513671875
0.345672607421875 0.182098388671875 0.0651206970214844 0.0233726501464844
0.282958984375 0.33575439453125 0.0126113891601563 -0.0949554443359375
-0.00598144531249994 0.530181884765625 0.04681396484375 -0.196914672851562
-0.190460205078125 0.468719482421875 0.15155029296875 -0.30303955078125
-0.37078857421875 0.437255859375 0.35821533203125 -0.307220458984375
-0.5032958984375 0.445098876953125 -0.0487899780273438 -0.131752014160156
-0.41094970703125 0.44580078125 -0.01318359375 -0.10296630859375
-0.20001220703125 0.62847900390625 0.00776290893554686 -0.040283203125
0.067474365234375 0.524566650390625 -0.0224456787109375 -0.0104446411132812
0.267730712890625 0.420196533203125 -0.025115966796875 0.0839004516601563
0.380035400390625 0.200164794921875 0.0405158996582031 0.0609664916992188
0.423187255859375 0.016876220703125 0.0664176940917969 0.0126838684082031
0.44927978515625 -0.005035400390625 0.0479011535644532 0.004364013671875
0.438262939453125 -0.0758056640625 0.0664100646972657 -0.0226860046386719
0.404327392578125 0.052337646484375 0.0320606231689453 0.000560760498046878
0.40985107421875 0.20257568359375 -0.0169219970703125 0.0259208679199219
0.341827392578125 0.368377685546875 -0.040740966796875 -0.0809555053710937
0.02899169921875 0.6063232421875 0.00633239746093749 -0.1563720703125
-0.18157958984375 0.553802490234375 0.108612060546875 -0.2012939453125
-0.406402587890625 0.53759765625 0.225692749023437 -0.169143676757812
-0.467987060546875 0.4605712890625 -0.209442138671875 0.0163421630859376
-0.380401611328125 0.464263916015625 -0.0953445434570313 0.0183334350585938
-0.18255615234375 0.62237548828125 -0.0207557678222656 -0.0125713348388672
0.068389892578125 0.519683837890625 -0.0561447143554688 -0.0327911376953125
0.260345458984375 0.431732177734375 -0.0965805053710937 0.017669677734375
0.386993408203125 0.220672607421875 -0.105010986328125 0.0122909545898437
0.4241943359375 0.03582763671875 -0.100982666015625 0.04058837890625
0.445831298828125 0.008544921875 -0.099700927734375 0.051055908203125
0.440521240234375 -0.0615234375 -0.07757568359375 0.0320358276367187
0.39581298828125 0.06573486328125 -0.1025390625 0.0233001708984375
0.394378662109375 0.208221435546875 -0.0974044799804687 0.029937744140625
0.322509765625 0.354339599609375 -0.0846710205078125 -0.0547866821289062
0.03009033203125 0.58135986328125 -0.0199356079101562 -0.0983047485351562
-0.168731689453125 0.535552978515625 0.0759201049804687 -0.067047119140625
-0.385009765625 0.54156494140625 0.0904006958007812 -0.00112915039062497
-0.355743408203125 0.405517578125 -0.351470947265625 0.167633056640625
-0.272796630859375 0.401458740234375 -0.17578125 0.142868041992188
-0.120574951171875 0.496490478515625 -0.0592269897460938 0.0254058837890625
0.06365966796875 0.405181884765625 -0.0905685424804688 -0.0361099243164062
0.21026611328125 0.350372314453125 -0.156005859375 -0.0399017333984375
0.3267822265625 0.191070556640625 -0.234588623046875 -0.02734375
0.355316162109375 0.043792724609375 -0.251129150390625 0.067901611328125
0.374237060546875 0.023406982421875 -0.230331420898437 0.0901336669921875
0.37664794921875 -0.0267333984375 -0.207656860351562 0.07745361328125
0.322540283203125 0.086090087890625 -0.216903686523438 0.034149169921875
0.30059814453125 0.202056884765625 -0.161285400390625 0.0182037353515625
0.223114013671875 0.301025390625 -0.111419677734375 -0.0344161987304687
-0.00933837890624999 0.45672607421875 -0.0334854125976563 -0.0430335998535156
-0.150726318359375 0.4190673828125 0.0453872680664062 0.0622940063476563
-0.31512451171875 0.45269775390625 -0.0354766845703125 0.15789794921875
-0.187591552734375 0.282989501953125 -0.448944091796875 0.300384521484375
-0.12548828125 0.267715454101562 -0.232574462890625 0.252059936523438
-0.046295166015625 0.284576416015625 -0.0919113159179687 0.0719985961914063
0.0438079833984375 0.224090576171875 -0.110595703125 -0.0162811279296875
0.12457275390625 0.211868286132813 -0.186614990234375 -0.072998046875
0.211669921875 0.127853393554687 -0.32147216796875 -0.0473937988281249
0.229904174804688 0.0433349609375 -0.3580322265625 0.0926208496093751
0.24420166015625 0.0361480712890625 -0.3248291015625 0.11578369140625
0.257736206054688 0.0137481689453125 -0.306610107421875 0.100341796875
0.20263671875 0.098480224609375 -0.295318603515625 0.01953125
0.159133911132813 0.170852661132813 -0.196502685546875 -0.0189666748046875
0.08685302734375 0.206771850585938 -0.117012023925781 -0.0301513671875
-0.049591064453125 0.264678955078125 -0.0369911193847656 -0.0027656555175781
-0.108871459960938 0.240325927734375 0.00979614257812499 0.161102294921875
-0.199554443359375 0.293792724609375 -0.141250610351563 0.279830932617187
-0.0033721923828125 0.107589721679688 -0.48724365234375 0.395843505859375
0.0188674926757812 0.0887298583984375 -0.252227783203125 0.336700439453125
0.00732040405273438 0.0442352294921875 -0.103179931640625 0.121986389160156
0.0035858154296875 0.0318450927734375 -0.105598449707031 0.0190582275390625
0.0167808532714844 0.0602989196777344 -0.1865234375 -0.08197021484375
0.0656204223632813 0.0561981201171875 -0.354400634765625 -0.045867919921875
0.0704879760742188 0.0426483154296875 -0.40692138671875 0.112548828125
0.0791397094726563 0.04205322265625 -0.37042236328125 0.12396240234375
0.102981567382813 0.0451278686523438 -0.363189697265625 0.096038818359375
0.0620880126953125 0.080352783203125 -0.330078125 -0.0184020996093751
0.015594482421875 0.0995330810546875 -0.198638916015625 -0.0713043212890625
-0.030303955078125 0.0734481811523438 -0.103691101074219 -0.0381240844726563
-0.0482711791992188 0.0461387634277344 -0.035430908203125 0.0216217041015625
-0.0272140502929688 0.0479011535644531 -0.0294189453125 0.215805053710937
-0.0439071655273437 0.107154846191406 -0.212646484375 0.341888427734375
-0.164642333984375 0.089019775390625 0.196502685546875 -0.39495849609375
-0.10357666015625 0.120101928710938 0.04827880859375 -0.28521728515625
0.00335693359375002 0.166824340820313 0.0130882263183594 -0.0420112609863281
0.0819015502929688 0.10089111328125 0.0492668151855469 0.0501899719238281
0.101058959960938 0.018524169921875 0.15045166015625 0.141250610351563
0.0604972839355469 -0.0284423828125 0.321624755859375 0.07818603515625
0.075836181640625 -0.0506973266601563 0.378173828125 -0.096160888671875
0.0932388305664063 -0.0397796630859375 0.358856201171875 -0.126312255859375
0.0773696899414063 -0.04315185546875 0.374542236328125 -0.124725341796875
0.094268798828125 -0.005615234375 0.34210205078125 -0.01470947265625
0.110877990722656 0.04254150390625 0.190780639648438 0.03741455078125
0.0982742309570313 0.1204833984375 0.098968505859375 -0.0675277709960938
-0.0330810546875 0.170364379882812 0.113616943359375 -0.185348510742188
-0.0911407470703125 0.125244140625 0.21075439453125 -0.3492431640625
-0.127899169921875 0.0755996704101562 0.50177001953125 -0.425506591796875
-0.31097412109375 0.2579345703125 0.16546630859375 -0.3524169921875
-0.228317260742188 0.264984130859375 0.0586090087890625 -0.264434814453125
-0.06121826171875 0.364959716796875 0.0167694091796875 -0.0556907653808594
0.0975341796875 0.267349243164062 0.0247688293457031 0.0376853942871094
0.18902587890625 0.163436889648438 0.106048583984375 0.1541748046875
0.197723388671875 0.0424346923828125 0.26910400390625 0.09783935546875
0.227523803710937 -0.046356201171875 0.324462890625 -0.063720703125
0.254180908203125 -0.0435943603515625 0.295166015625 -0.0970458984375
0.236907958984375 -0.0671539306640625 0.309661865234375 -0.115447998046875
0.2335205078125 0.0218505859375 0.27362060546875 -0.027496337890625
0.238677978515625 0.12005615234375 0.140655517578125 0.025299072265625
0.198837280273438 0.240447998046875 0.0566558837890625 -0.0908050537109375
-0.01898193359375 0.371734619140625 0.0797882080078125 -0.208892822265625
-0.148162841796875 0.317108154296875 0.17767333984375 -0.357818603515625
-0.2596435546875 0.2825927734375 0.438232421875 -0.406494140625
-0.42535400390625 0.39007568359375 0.0771484375 -0.261306762695313
-0.334381103515625 0.38543701171875 0.0366668701171875 -0.201904296875
-0.1302490234375 0.53082275390625 0.0178756713867187 -0.058013916015625
0.095367431640625 0.419403076171875 0.00373363494873047 0.0143051147460938
0.252349853515625 0.3055419921875 0.050689697265625 0.1331787109375
0.31439208984375 0.1212158203125 0.174774169921875 0.089141845703125
0.35137939453125 -0.0294189453125 0.21551513671875 -0.0280609130859375
0.379119873046875 -0.041778564453125 0.186172485351563 -0.052734375
0.360870361328125 -0.0909423828125 0.1998291015625 -0.0830841064453125
0.344085693359375 0.02850341796875 0.165115356445313 -0.0242919921875
0.354278564453125 0.16162109375 0.0700340270996094 0.02008056640625
0.30078125 0.3170166015625 0.00564575195312501 -0.0955047607421875
0.027496337890625 0.526397705078125 0.0372161865234375 -0.19842529296875
-0.163360595703125 0.47467041015625 0.13519287109375 -0.308074951171875
-0.341278076171875 0.457061767578125 0.337493896484375 -0.32220458984375
-0.473358154296875 0.47296142578125 -0.0533523559570313 -0.129936218261719
-0.383026123046875 0.46685791015625 -0.016510009765625 -0.101661682128906
-0.1607666015625 0.6337890625 0.00792312622070311 -0.0440406799316406
0.095855712890625 0.51556396484375 -0.0216407775878906 -0.0129108428955078
0.289459228515625 0.400848388671875 -0.01812744140625 0.0836563110351563
0.3885498046875 0.180084228515625 0.0449295043945313 0.0579757690429688
0.42291259765625 -0.007781982421875 0.0681304931640625 0.0100631713867187
0.44635009765625 -0.034393310546875 0.0490379333496094 0.000694274902343748
0.430206298828125 -0.10284423828125 0.0655555725097657 -0.0295028686523438
0.4044189453125 0.030487060546875 0.0340576171875 -0.00187492370605469
0.418731689453125 0.1781005859375 -0.0116558074951172 0.0257301330566406
0.360595703125 0.346893310546875 -0.046417236328125 -0.0794677734375
0.0680541992187499 0.6007080078125 0.00138854980468752 -0.1566162109375
-0.153350830078125 0.559326171875 0.0986785888671875 -0.20501708984375
-0.369110107421875 0.55841064453125 0.215377807617187 -0.177169799804687
-0.439117431640625 0.486724853515625 -0.203048706054688 0.0260467529296876
-0.350921630859375 0.484619140625 -0.0907669067382813 0.0237579345703125
-0.14239501953125 0.63092041015625 -0.0180912017822266 -0.0145263671875
0.09478759765625 0.511688232421875 -0.0550537109375 -0.0327644348144531
0.283935546875 0.41424560546875 -0.093780517578125 0.0208816528320313
0.398406982421875 0.199188232421875 -0.103187561035156 0.0186309814453125
0.42633056640625 0.011444091796875 -0.095550537109375 0.047271728515625
0.443878173828125 -0.019500732421875 -0.0939178466796875 0.0558395385742187
0.432464599609375 -0.088897705078125 -0.0735397338867187 0.033203125
0.397247314453125 0.043853759765625 -0.0980072021484375 0.0292282104492188
0.40411376953125 0.184722900390625 -0.0920333862304687 0.0342025756835938
0.339447021484375 0.3330078125 -0.0874862670898437 -0.051513671875
0.0673217773437499 0.57501220703125 -0.0216598510742187 -0.0974502563476562
-0.141204833984375 0.541900634765625 0.073638916015625 -0.0712738037109375
-0.34930419921875 0.560760498046875 0.0912628173828125 -0.00421142578124997
-0.3316650390625 0.425506591796875 -0.3360595703125 0.1842041015625
-0.250091552734375 0.416473388671875 -0.16326904296875 0.152481079101563
-0.089569091796875 0.5037841796875 -0.0539093017578125 0.026885986328125
0.08416748046875 0.399871826171875 -0.0891342163085938 -0.034454345703125
0.23040771484375 0.33697509765625 -0.156982421875 -0.0338897705078125
0.337677001953125 0.17242431640625 -0.235641479492187 -0.0135345458984374
0.358978271484375 0.023162841796875 -0.243240356445312 0.0829467773437499
0.37396240234375 -3.0517578125E-05 -0.220779418945312 0.102081298828125
0.37237548828125 -0.0498046875 -0.198562622070313 0.0858612060546875
0.326416015625 0.068511962890625 -0.210494995117187 0.047119140625
0.31005859375 0.18438720703125 -0.156936645507812 0.0251617431640625
0.237213134765625 0.286529541015625 -0.111610412597656 -0.0294113159179687
0.020294189453125 0.4552001953125 -0.0313987731933594 -0.0419883728027343
-0.128326416015625 0.425140380859375 0.0513687133789062 0.0589065551757813
-0.28759765625 0.46917724609375 -0.024078369140625 0.160430908203125
-0.17254638671875 0.292999267578125 -0.425384521484375 0.322265625
-0.111663818359375 0.274978637695312 -0.212478637695312 0.264511108398438
-0.02972412109375 0.288604736328125 -0.0845413208007813 0.0758514404296875
0.05450439453125 0.221542358398438 -0.10772705078125 -0.0133438110351562
0.1373291015625 0.20367431640625 -0.190353393554688 -0.065673828125
0.220626831054687 0.116439819335938 -0.32427978515625 -0.0282287597656249
0.234512329101562 0.0304107666015625 -0.3477783203125 0.114776611328125
0.2462158203125 0.02081298828125 -0.312774658203125 0.1326904296875
0.257278442382813 -0.0027008056640625 -0.295806884765625 0.11578369140625
0.207962036132813 0.0867462158203125 -0.2896728515625 0.0376281738281251
0.168304443359375 0.161422729492188 -0.19451904296875 -0.00877380371093748
0.0972900390625 0.201187133789063 -0.116439819335938 -0.0244903564453125
-0.0328826904296875 0.266738891601562 -0.0338401794433594 -0.00150299072265624
-0.09722900390625 0.246261596679688 0.0211181640625 0.158737182617188
-0.181915283203125 0.30572509765625 -0.122467041015625 0.28564453125
7.62939453125166E-06 0.10791015625 -0.456787109375 0.417510986328125
0.0219879150390625 0.0878067016601563 -0.228363037109375 0.348297119140625
0.00925827026367187 0.0468406677246094 -0.0936431884765625 0.126373291015625
0.00403213500976562 0.0330410003662109 -0.101768493652344 0.0221405029296875
0.0218467712402344 0.0596389770507813 -0.19146728515625 -0.07379150390625
0.07110595703125 0.05218505859375 -0.357757568359375 -0.0247802734375
0.0751495361328125 0.0385894775390625 -0.3934326171875 0.137054443359375
0.082916259765625 0.0369186401367188 -0.357574462890625 0.1436767578125
0.106048583984375 0.037353515625 -0.352203369140625 0.115203857421875
0.0678176879882813 0.0762481689453125 -0.32696533203125 0.0029296875
0.0223541259765625 0.098175048828125 -0.201019287109375 -0.060028076171875
-0.0249176025390625 0.0756912231445313 -0.102943420410156 -0.032318115234375
-0.0445404052734375 0.0500411987304687 -0.0315971374511719 0.0233325958251953
-0.0256805419921875 0.050811767578125 -0.0150604248046875 0.215423583984375
-0.0398941040039063 0.111190795898437 -0.190887451171875 0.351806640625
-0.158493041992188 0.094482421875 0.181854248046875 -0.403228759765625
-0.0980453491210937 0.120506286621094 0.036956787109375 -0.28662109375
0.00869750976562502 0.1634521484375 0.0103836059570313 -0.0444145202636719
0.0835037231445312 0.0963668823242188 0.0490646362304688 0.0483856201171875
0.0979766845703125 0.0149078369140625 0.157455444335938 0.137298583984375
0.056976318359375 -0.0282363891601563 0.326324462890625 0.0662841796875
0.0727462768554687 -0.0527191162109375 0.373199462890625 -0.110748291015625
0.0913848876953125 -0.0438308715820313 0.35113525390625 -0.1402587890625
0.07574462890625 -0.0456085205078125 0.36798095703125 -0.1400146484375
0.0933380126953125 -0.008697509765625 0.34197998046875 -0.0284423828125
0.112022399902344 0.037689208984375 0.195587158203125 0.0314788818359375
0.103286743164062 0.115226745605469 0.0947418212890625 -0.0690841674804688
-0.025482177734375 0.171920776367187 0.1051025390625 -0.187576293945313
-0.085174560546875 0.127059936523438 0.19622802734375 -0.353912353515625
-0.121810913085938 0.0799407958984375 0.48272705078125 -0.439178466796875
-0.299713134765625 0.268829345703125 0.152740478515625 -0.3585205078125
-0.21661376953125 0.270904541015625 0.04803466796875 -0.265701293945313
-0.047637939453125 0.363311767578125 0.01470947265625 -0.0588340759277344
0.104324340820313 0.261123657226563 0.0247650146484375 0.0356864929199219
0.191619873046875 0.155609130859375 0.113510131835938 0.1510009765625
0.197052001953125 0.038665771484375 0.275039672851563 0.0872039794921875
0.22564697265625 -0.0542144775390625 0.320892333984375 -0.07574462890625
0.252243041992187 -0.05462646484375 0.2900390625 -0.108001708984375
0.23358154296875 -0.075927734375 0.30340576171875 -0.129241943359375
0.233154296875 0.0137481689453125 0.273269653320312 -0.038330078125
0.243362426757813 0.110107421875 0.145492553710938 0.0206146240234375
0.20782470703125 0.232223510742188 0.0517578125 -0.0922088623046875
-0.00216674804687499 0.371124267578125 0.07232666015625 -0.21063232421875
-0.136566162109375 0.321319580078125 0.163299560546875 -0.362060546875
-0.24627685546875 0.291534423828125 0.422088623046875 -0.41802978515625
-0.40777587890625 0.406036376953125 0.0691986083984375 -0.264801025390625
-0.31951904296875 0.39483642578125 0.029693603515625 -0.2032470703125
-0.1087646484375 0.532989501953125 0.0168800354003906 -0.0621452331542968
0.1072998046875 0.412872314453125 0.00390911102294923 0.0114946365356446
0.260650634765625 0.294281005859375 0.0570068359375 0.131088256835938
0.3170166015625 0.11322021484375 0.180267333984375 0.081787109375
0.35009765625 -0.0416259765625 0.215179443359375 -0.0352935791015625
0.376983642578125 -0.058319091796875 0.18316650390625 -0.0604248046875
0.356231689453125 -0.104949951171875 0.195236206054688 -0.0932159423828125
0.34429931640625 0.016845703125 0.1661376953125 -0.0312042236328125
0.360260009765625 0.147796630859375 0.0753707885742188 0.0168228149414063
0.31207275390625 0.3052978515625 0.000747680664062517 -0.0960006713867188
0.04998779296875 0.523895263671875 0.0323944091796875 -0.200363159179688
-0.147735595703125 0.480224609375 0.122772216796875 -0.310760498046875
-0.320159912109375 0.469329833984375 0.32489013671875 -0.3299560546875
-0.4534912109375 0.49017333984375 -0.0560226440429688 -0.129608154296875
-0.365814208984375 0.48004150390625 -0.0184783935546875 -0.101387023925781
-0.1341552734375 0.63751220703125 0.00848770141601561 -0.0478248596191406
0.110809326171875 0.5087890625 -0.0211143493652344 -0.0156822204589843
0.30230712890625 0.388916015625 -0.0141143798828125 0.0834808349609375
0.394439697265625 0.168701171875 0.0481109619140625 0.0564956665039063
0.424835205078125 -0.022705078125 0.0701484680175782 0.0081329345703125
0.444122314453125 -0.052947998046875 0.0500450134277344 -0.00223541259765625
0.4244384765625 -0.118560791015625 0.0638389587402344 -0.0349617004394531
0.403900146484375 0.016876220703125 0.0365333557128907 -0.00376510620117187
0.425140380859375 0.162567138671875 -0.00668334960937497 0.0249099731445313
0.3721923828125 0.33203125 -0.049957275390625 -0.0783538818359375
0.0926513671875 0.595458984375 -0.00114440917968748 -0.158096313476562
-0.13482666015625 0.56341552734375 0.0925750732421875 -0.207595825195313
-0.34576416015625 0.5712890625 0.209762573242187 -0.18194580078125
-0.421112060546875 0.50445556640625 -0.198471069335938 0.0320281982421875
-0.333221435546875 0.497894287109375 -0.0869674682617188 0.0264892578125
-0.11761474609375 0.6358642578125 -0.0155878067016602 -0.0165338516235351
0.110748291015625 0.50811767578125 -0.0542449951171875 -0.0348777770996094
0.298858642578125 0.402252197265625 -0.0919876098632812 0.022552490234375
0.406646728515625 0.18719482421875 -0.10235595703125 0.0225982666015625
0.42919921875 -0.0042724609375 -0.0906219482421875 0.051849365234375
0.44287109375 -0.0386962890625 -0.0897750854492187 0.0579071044921875
0.42755126953125 -0.106170654296875 -0.0719680786132812 0.0328445434570313
0.398040771484375 0.0316162109375 -0.0939712524414062 0.032623291015625
0.41021728515625 0.17071533203125 -0.0878524780273437 0.0352325439453125
0.350006103515625 0.32086181640625 -0.0897903442382812 -0.0490951538085937
0.0909423828125 0.571044921875 -0.021331787109375 -0.0985870361328125
-0.123809814453125 0.545806884765625 0.0735321044921875 -0.0736236572265625
-0.32720947265625 0.57476806640625 0.0921630859375 -0.00579833984374996
-0.3165283203125 0.437744140625 -0.32501220703125 0.1934814453125
-0.23419189453125 0.425506591796875 -0.154190063476563 0.157318115234375
-0.070068359375 0.509033203125 -0.0496597290039063 0.0262985229492188
0.09625244140625 0.397125244140625 -0.0878219604492188 -0.0351409912109375
0.24383544921875 0.327972412109375 -0.158309936523437 -0.0301666259765625
0.346160888671875 0.161956787109375 -0.236801147460937 -0.00459289550781248
0.363311767578125 0.009552001953125 -0.236190795898437 0.0930938720703125
0.374053955078125 -0.01593017578125 -0.213638305664063 0.109222412109375
0.36907958984375 -0.065460205078125 -0.194076538085937 0.0906219482421875
0.328399658203125 0.058319091796875 -0.205413818359375 0.0552978515625
0.316650390625 0.1732177734375 -0.1529541015625 0.028961181640625
0.24591064453125 0.278411865234375 -0.112358093261719 -0.0267410278320313
0.0390625 0.45343017578125 -0.0295829772949219 -0.0427474975585937
-0.11474609375 0.4302978515625 0.0550041198730469 0.0564308166503907
-0.268890380859375 0.480072021484375 -0.0171661376953125 0.162200927734375
-0.164764404296875 0.300384521484375 -0.408599853515625 0.333770751953125
-0.1019287109375 0.279556274414063 -0.198974609375 0.271270751953125
-0.018280029296875 0.292388916015625 -0.078887939453125 0.0769805908203125
0.0607452392578125 0.220993041992188 -0.105995178222656 -0.01251220703125
0.1466064453125 0.198654174804688 -0.194137573242188 -0.06134033203125
0.227325439453125 0.108444213867188 -0.3271484375 -0.01568603515625
0.238571166992188 0.0217742919921875 -0.339447021484375 0.128143310546875
0.248092651367187 0.0102691650390625 -0.303680419921875 0.143035888671875
0.256210327148438 -0.0135040283203125 -0.288909912109375 0.123687744140625
0.212570190429687 0.0799102783203125 -0.285308837890625 0.0487060546875
0.175308227539062 0.155899047851562 -0.19354248046875 -0.00302124023437495
0.104400634765625 0.197952270507813 -0.115814208984375 -0.0210342407226562
-0.021392822265625 0.2677001953125 -0.0303592681884766 -0.00194358825683592
-0.0902252197265625 0.25091552734375 0.02899169921875 0.156280517578125
-0.170928955078125 0.314483642578125 -0.111114501953125 0.28997802734375
0.00150299072265624 0.108963012695313 -0.437896728515625 0.4298095703125
0.0238876342773438 0.0875396728515625 -0.21185302734375 0.355377197265625
0.011138916015625 0.0489387512207031 -0.087188720703125 0.128791809082031
0.00462913513183594 0.03460693359375 -0.0987701416015625 0.0230026245117188
0.0254287719726563 0.0593643188476563 -0.195877075195312 -0.070098876953125
0.07501220703125 0.0490646362304688 -0.36151123046875 -0.01019287109375
0.0792617797851563 0.03570556640625 -0.386444091796875 0.1517333984375
0.0858688354492188 0.033599853515625 -0.348541259765625 0.15606689453125
0.107757568359375 0.0323638916015625 -0.34454345703125 0.127532958984375
0.0719070434570313 0.0745010375976563 -0.32403564453125 0.0155334472656249
0.0269546508789063 0.0983123779296875 -0.203155517578125 -0.053009033203125
-0.0217361450195312 0.0773773193359375 -0.102447509765625 -0.0291290283203125
-0.041534423828125 0.0528602600097656 -0.0287151336669922 0.0230789184570313
-0.0252265930175781 0.0538330078125 -0.00590515136718751 0.214431762695313
-0.0375137329101563 0.114845275878906 -0.178253173828125 0.358306884765625
-0.155410766601563 0.0998077392578125 0.174072265625 -0.414794921875
-0.096710205078125 0.123260498046875 0.028045654296875 -0.292572021484375
0.0122833251953125 0.163070678710938 0.00912475585937501 -0.0462837219238281
0.0856246948242188 0.094757080078125 0.0497093200683594 0.0481796264648438
0.0966033935546875 0.0127105712890625 0.165725708007813 0.136886596679688
0.0555572509765625 -0.0273590087890625 0.336639404296875 0.057708740234375
0.0713882446289062 -0.0550537109375 0.374603271484375 -0.124053955078125
0.0904312133789062 -0.0482177734375 0.35028076171875 -0.152313232421875
0.0757217407226562 -0.0485153198242188 0.368194580078125 -0.15362548828125
0.09381103515625 -0.0113525390625 0.3485107421875 -0.04046630859375
0.114936828613281 0.0339508056640625 0.20294189453125 0.0273895263671875
0.108665466308594 0.11309814453125 0.0935287475585938 -0.0710830688476563
-0.0195770263671875 0.1751708984375 0.100173950195313 -0.1905517578125
-0.0818862915039062 0.130088806152344 0.188812255859375 -0.3624267578125
-0.119491577148437 0.0837783813476562 0.477264404296875 -0.45513916015625
-0.295074462890625 0.28131103515625 0.14630126953125 -0.36956787109375
-0.211776733398438 0.279922485351563 0.04095458984375 -0.270980834960938
-0.037506103515625 0.366851806640625 0.0137977600097656 -0.0622138977050781
0.110443115234375 0.261016845703125 0.0255088806152344 0.0343341827392578
0.1959228515625 0.152313232421875 0.121963500976563 0.151260375976563
0.199951171875 0.037322998046875 0.284820556640625 0.0797119140625
0.22735595703125 -0.0611724853515625 0.323944091796875 -0.08721923828125
0.254364013671875 -0.0641632080078125 0.28997802734375 -0.1185302734375
0.23553466796875 -0.0839080810546875 0.3016357421875 -0.1412353515625
0.236495971679688 0.0093994140625 0.277877807617188 -0.0486297607421875
0.2506103515625 0.104507446289063 0.152313232421875 0.016937255859375
0.21826171875 0.22991943359375 0.0481338500976563 -0.0940322875976562
0.00955200195312497 0.377166748046875 0.067657470703125 -0.21539306640625
-0.1307373046875 0.328826904296875 0.156097412109375 -0.3699951171875
-0.239837646484375 0.302642822265625 0.41729736328125 -0.4324951171875
-0.40093994140625 0.424957275390625 0.0636138916015625 -0.271636962890625
-0.311370849609375 0.40911865234375 0.025054931640625 -0.207443237304687
-0.093017578125 0.54132080078125 0.0168342590332031 -0.0667572021484375
0.117095947265625 0.41473388671875 0.00410652160644532 0.00924873352050784
0.27142333984375 0.2906494140625 0.0636138916015625 0.132232666015625
0.324859619140625 0.109619140625 0.187026977539063 0.0773773193359375
0.3553466796875 -0.05157470703125 0.218856811523438 -0.042327880859375
0.3802490234375 -0.07220458984375 0.184326171875 -0.0676727294921875
0.358489990234375 -0.117584228515625 0.193939208984375 -0.102981567382813
0.35003662109375 0.009735107421875 0.169723510742188 -0.037750244140625
0.370330810546875 0.139556884765625 0.0805282592773438 0.0143051147460938
0.326080322265625 0.3023681640625 -0.00387573242187498 -0.09674072265625
0.066925048828125 0.530517578125 0.0291900634765625 -0.204910278320313
-0.138092041015625 0.492462158203125 0.11737060546875 -0.3179931640625
-0.310943603515625 0.4847412109375 0.32098388671875 -0.3402099609375
-0.44671630859375 0.512725830078125 -0.0587005615234375 -0.130470275878906
-0.354095458984375 0.498291015625 -0.0206832885742188 -0.102394104003906
-0.114990234375 0.65093994140625 0.00946426391601562 -0.0520706176757812
0.1234130859375 0.512420654296875 -0.0214176177978516 -0.018625259399414
0.31842041015625 0.385528564453125 -0.010162353515625 0.085205078125
0.40557861328125 0.163818359375 0.0511741638183594 0.0555305480957031
0.43170166015625 -0.03533935546875 0.0736007690429688 0.0059661865234375
0.449188232421875 -0.069580078125 0.051025390625 -0.00464248657226563
0.42718505859375 -0.133636474609375 0.0627365112304688 -0.03997802734375
0.410430908203125 0.008544921875 0.0395622253417969 -0.00623703002929688
0.43658447265625 0.152252197265625 -0.00281715393066404 0.0237102508544922
0.3878173828125 0.32904052734375 -0.054534912109375 -0.0777816772460938
0.11328125 0.6021728515625 -0.0032958984375 -0.162460327148437
-0.12274169921875 0.57733154296875 0.08978271484375 -0.212997436523438
-0.3338623046875 0.5906982421875 0.2088623046875 -0.18804931640625
-0.413177490234375 0.52679443359375 -0.19744873046875 0.0367889404296875
-0.32403564453125 0.515350341796875 -0.0857086181640625 0.0296859741210938
-0.0982666015624999 0.64923095703125 -0.0139751434326172 -0.0195903778076171
0.123748779296875 0.512298583984375 -0.0552139282226562 -0.0375823974609375
0.316314697265625 0.39971923828125 -0.092132568359375 0.025390625
0.41900634765625 0.180511474609375 -0.103309631347656 0.02618408203125
0.439361572265625 -0.017303466796875 -0.0872116088867187 0.0553054809570312
0.448974609375 -0.054351806640625 -0.0877685546875 0.05987548828125
0.43084716796875 -0.1204833984375 -0.07220458984375 0.0324554443359375
0.405731201171875 0.023162841796875 -0.0918045043945312 0.0348052978515625
0.421539306640625 0.161834716796875 -0.0857162475585937 0.036346435546875
0.3636474609375 0.31793212890625 -0.0943374633789062 -0.0478134155273438
0.10986328125 0.5762939453125 -0.021331787109375 -0.101982116699219
-0.111907958984375 0.558258056640625 0.074554443359375 -0.0772323608398437
-0.31488037109375 0.59466552734375 0.0949554443359375 -0.00678253173828121
-0.310821533203125 0.454925537109375 -0.321502685546875 0.2042236328125
-0.227386474609375 0.439697265625 -0.149383544921875 0.163986206054688
-0.054840087890625 0.519775390625 -0.0475502014160156 0.0259971618652344
0.106231689453125 0.40252685546875 -0.089263916015625 -0.0365447998046875
0.259490966796875 0.327178955078125 -0.162200927734375 -0.0269622802734375
0.357818603515625 0.15631103515625 -0.242156982421875 0.00341796874999997
0.372955322265625 -0.00128173828125 -0.233047485351563 0.10150146484375
0.38079833984375 -0.02886962890625 -0.211959838867187 0.115234375
0.372222900390625 -0.077850341796875 -0.193359375 0.095458984375
0.335723876953125 0.052154541015625 -0.204498291015625 0.061279296875
0.327239990234375 0.167877197265625 -0.15338134765625 0.0320892333984375
0.257003784179688 0.276931762695313 -0.115425109863281 -0.0240249633789063
0.053314208984375 0.45806884765625 -0.0280189514160156 -0.0447807312011718
-0.10723876953125 0.441802978515625 0.0598030090332031 0.0543708801269532
-0.258544921875 0.497406005859375 -0.0122222900390625 0.165618896484375
-0.160614013671875 0.31134033203125 -0.40350341796875 0.346923828125
-0.09716796875 0.28765869140625 -0.191665649414063 0.280624389648438
-0.008697509765625 0.2999267578125 -0.075958251953125 0.0786972045898438
0.066314697265625 0.224990844726563 -0.106651306152344 -0.013275146484375
0.156265258789063 0.198486328125 -0.2008056640625 -0.0584564208984375
0.235809326171875 0.103851318359375 -0.335174560546875 -0.00540161132812504
0.246719360351563 0.0139312744140625 -0.337310791015625 0.141021728515625
0.254531860351563 0.001953125 -0.302276611328125 0.15203857421875
0.260421752929687 -0.0218963623046875 -0.28802490234375 0.132171630859375
0.218948364257813 0.076629638671875 -0.285797119140625 0.0569152832031251
0.183029174804688 0.154434204101563 -0.195404052734375 0.00137329101562499
0.111251831054688 0.199172973632812 -0.117431640625 -0.0185165405273437
-0.013275146484375 0.273056030273437 -0.0285606384277344 -0.0033435821533203
-0.086700439453125 0.259414672851562 0.03570556640625 0.156631469726563
-0.165679931640625 0.326385498046875 -0.1044921875 0.29754638671875
0.00122070312499999 0.111412048339844 -0.429901123046875 0.444366455078125
0.0250778198242188 0.0887527465820313 -0.202484130859375 0.36602783203125
0.0128250122070313 0.0516853332519531 -0.0839080810546875 0.132545471191406
0.00519561767578125 0.0364990234375 -0.0985794067382812 0.0232391357421875
0.0296096801757812 0.059783935546875 -0.204025268554688 -0.0679779052734375
0.0789871215820313 0.047027587890625 -0.370330810546875 0.00143432617187498
0.0845565795898438 0.0334396362304688 -0.38482666015625 0.1661376953125
0.0902557373046875 0.0312728881835938 -0.34649658203125 0.16668701171875
0.110801696777344 0.0287551879882813 -0.34417724609375 0.13787841796875
0.0769119262695313 0.074127197265625 -0.327362060546875 0.0253601074218751
0.031280517578125 0.0998153686523438 -0.207656860351562 -0.0488433837890625
-0.0196456909179687 0.0804519653320312 -0.102951049804688 -0.0266189575195312
-0.0399360656738281 0.0561752319335938 -0.0269737243652344 0.0232429504394531
-0.0253829956054688 0.058624267578125 0.00169372558593749 0.216522216796875
-0.036224365234375 0.120147705078125 -0.171783447265625 0.368255615234375
-0.154205322265625 0.108673095703125 0.1646728515625 -0.435211181640625
-0.0942535400390625 0.128379821777344 0.016998291015625 -0.30303955078125
0.017913818359375 0.165191650390625 0.00669479370117187 -0.0490760803222656
0.08984375 0.0934066772460938 0.0517463684082031 0.0483665466308594
0.09674072265625 0.00984954833984375 0.178604125976563 0.1353759765625
0.0548439025878906 -0.0270347595214844 0.351776123046875 0.045257568359375
0.0704879760742188 -0.0577468872070313 0.37884521484375 -0.142974853515625
0.0900421142578125 -0.053680419921875 0.35345458984375 -0.16986083984375
0.0764389038085938 -0.0531158447265625 0.37164306640625 -0.173004150390625
0.0960235595703125 -0.0147781372070313 0.3575439453125 -0.056640625
0.119522094726563 0.0293502807617188 0.214141845703125 0.020660400390625
0.117630004882813 0.111000061035156 0.09234619140625 -0.0750274658203125
-0.012786865234375 0.181243896484375 0.0943145751953125 -0.1973876953125
-0.0786056518554688 0.135383605957031 0.180145263671875 -0.378936767578125
-0.11798095703125 0.0903701782226562 0.4727783203125 -0.48101806640625
-0.290130615234375 0.3028564453125 0.137481689453125 -0.3865966796875
-0.20648193359375 0.294830322265625 0.032135009765625 -0.281280517578125
-0.023590087890625 0.376678466796875 0.0118827819824219 -0.0668182373046875
0.120223999023438 0.263702392578125 0.0267333984375 0.0334911346435547
0.204742431640625 0.149826049804688 0.134002685546875 0.151840209960938
0.207107543945313 0.034393310546875 0.299072265625 0.06976318359375
0.231765747070313 -0.07098388671875 0.330413818359375 -0.10308837890625
0.258468627929688 -0.0772705078125 0.292236328125 -0.13385009765625
0.239669799804688 -0.0962982177734375 0.304351806640625 -0.158447265625
0.244705200195312 0.0016326904296875 0.2860107421875 -0.06292724609375
0.26275634765625 0.0975189208984375 0.161544799804688 0.0107879638671875
0.235275268554688 0.228607177734375 0.0449752807617188 -0.0969924926757812
0.025665283203125 0.388092041015625 0.0618743896484375 -0.223785400390625
-0.122711181640625 0.3431396484375 0.146392822265625 -0.385650634765625
-0.2342529296875 0.32177734375 0.412261962890625 -0.456939697265625
-0.395263671875 0.454498291015625 0.0570068359375 -0.28277587890625
-0.3031005859375 0.4298095703125 0.017730712890625 -0.21466064453125
-0.072052001953125 0.55865478515625 0.0159149169921875 -0.0721588134765625
0.132904052734375 0.42218017578125 0.00394916534423829 0.00746202468872073
0.28851318359375 0.28875732421875 0.0734024047851563 0.133583068847656
0.33837890625 0.104278564453125 0.197479248046875 0.0712432861328125
0.364990234375 -0.067779541015625 0.224929809570313 -0.053466796875
0.388519287109375 -0.092041015625 0.186309814453125 -0.077606201171875
0.365081787109375 -0.136474609375 0.193496704101563 -0.114761352539063
0.361175537109375 -0.00177001953125 0.174728393554688 -0.047576904296875
0.3880615234375 0.1287841796875 0.0868453979492188 0.00999450683593751
0.348358154296875 0.2998046875 -0.00946044921874997 -0.0981521606445312
0.089599609375 0.5439453125 0.0232391357421875 -0.213577270507812
-0.12542724609375 0.511505126953125 0.10943603515625 -0.331268310546875
-0.300537109375 0.51318359375 0.318145751953125 -0.3597412109375
-0.438934326171875 0.546783447265625 -0.063507080078125 -0.132652282714844
-0.34332275390625 0.524322509765625 -0.0237808227539063 -0.104515075683594
-0.0907592773437501 0.67291259765625 0.00910568237304687 -0.0570716857910156
0.14520263671875 0.523101806640625 -0.0227909088134766 -0.0209255218505859
0.3411865234375 0.384490966796875 -0.00476837158203124 0.0881881713867188
0.42535400390625 0.156097412109375 0.0559043884277344 0.0547714233398438
0.446044921875 -0.0548095703125 0.0791854858398438 0.0022125244140625
0.45989990234375 -0.0921630859375 0.0530242919921875 -0.00790405273437501
0.434112548828125 -0.156005859375 0.0616416931152344 -0.0459213256835938
0.423919677734375 -0.003570556640625 0.04248046875 -0.00909423828125
0.455718994140625 0.140167236328125 0.000810623168945338 0.0227127075195313
0.411224365234375 0.32373046875 -0.0611953735351562 -0.0769729614257812
0.14117431640625 0.61651611328125 -0.00738525390625 -0.169296264648437
-0.10675048828125 0.5994873046875 0.085784912109375 -0.222976684570313
-0.32080078125 0.622802734375 0.20892333984375 -0.199127197265625
-0.406158447265625 0.56085205078125 -0.200027465820313 0.0436248779296876
-0.313018798828125 0.5430908203125 -0.0850753784179688 0.0338287353515625
-0.07366943359375 0.6722412109375 -0.013092041015625 -0.0226383209228515
0.14349365234375 0.524627685546875 -0.0580482482910156 -0.0398406982421875
0.342315673828125 0.39898681640625 -0.0928421020507812 0.0291595458984375
0.44146728515625 0.1719970703125 -0.105415344238281 0.0320663452148438
0.454681396484375 -0.036773681640625 -0.0841522216796875 0.0597457885742188
0.462493896484375 -0.076934814453125 -0.0869064331054687 0.0636825561523438
0.4388427734375 -0.141265869140625 -0.0738296508789062 0.0342864990234375
0.420379638671875 0.011199951171875 -0.0908279418945312 0.0379867553710938
0.4405517578125 0.149871826171875 -0.0850601196289062 0.038787841796875
0.386444091796875 0.31524658203125 -0.0999374389648437 -0.0442581176757812
0.13677978515625 0.58978271484375 -0.0236663818359375 -0.107864379882812
-0.0968017578125 0.58038330078125 0.0749740600585938 -0.083404541015625
-0.3026123046875 0.62786865234375 0.0982666015625 -0.00930023193359371
-0.30517578125 0.483551025390625 -0.32098388671875 0.21978759765625
-0.218292236328125 0.461639404296875 -0.14495849609375 0.175247192382813
-0.0340576171875 0.538726806640625 -0.0458183288574219 0.02587890625
0.1231689453125 0.414337158203125 -0.0926742553710937 -0.0371170043945312
0.2818603515625 0.32696533203125 -0.168426513671875 -0.022918701171875
0.37799072265625 0.147552490234375 -0.25030517578125 0.0153656005859375
0.38775634765625 -0.018280029296875 -0.232086181640625 0.113571166992187
0.393280029296875 -0.0467529296875 -0.211700439453125 0.124679565429688
0.380523681640625 -0.095550537109375 -0.19635009765625 0.103683471679688
0.350006103515625 0.04290771484375 -0.206558227539062 0.0697174072265625
0.343994140625 0.16009521484375 -0.155593872070312 0.0375518798828125
0.275466918945313 0.277923583984375 -0.120567321777344 -0.0201263427734375
0.074432373046875 0.4705810546875 -0.0284385681152344 -0.0483818054199218
-0.095611572265625 0.45977783203125 0.0651206970214844 0.0524711608886719
-0.24871826171875 0.52410888671875 -0.00553894042968751 0.172348022460938
-0.156280517578125 0.329315185546875 -0.399139404296875 0.369659423828125
-0.09027099609375 0.300933837890625 -0.184814453125 0.296295166015625
0.00289916992187503 0.311553955078125 -0.0734710693359375 0.0827178955078125
0.0753936767578125 0.23211669921875 -0.109848022460938 -0.012542724609375
0.170745849609375 0.19805908203125 -0.211349487304688 -0.0539398193359375
0.249343872070312 0.09771728515625 -0.3480224609375 0.00994873046874995
0.258407592773437 0.0033721923828125 -0.33905029296875 0.1580810546875
0.264434814453125 -0.0090789794921875 -0.303375244140625 0.16595458984375
0.267822265625 -0.03375244140625 -0.29052734375 0.145843505859375
0.230255126953125 0.0718994140625 -0.290374755859375 0.069854736328125
0.195556640625 0.151992797851563 -0.201385498046875 0.00733947753906254
0.1219482421875 0.203262329101563 -0.12158203125 -0.0146408081054688
-0.00244140625 0.2818603515625 -0.02813720703125 -0.00514984130859374
-0.080963134765625 0.272842407226563 0.043487548828125 0.15814208984375
-0.158447265625 0.345367431640625 -0.096771240234375 0.310394287109375
0.00223541259765625 0.115699768066406 -0.42425537109375 0.471038818359375
0.0279769897460937 0.0906906127929687 -0.1929931640625 0.38421630859375
0.0151519775390625 0.0544548034667969 -0.0799102783203125 0.13934326171875
0.0058441162109375 0.0390472412109375 -0.100364685058594 0.0253219604492187
0.0336494445800781 0.0600852966308594 -0.215957641601563 -0.06298828125
0.0851898193359375 0.0445632934570313 -0.384307861328125 0.018402099609375
0.091064453125 0.0296554565429687 -0.387298583984375 0.18621826171875
0.0960845947265625 0.0281600952148438 -0.347747802734375 0.183197021484375
0.116165161132813 0.0251693725585938 -0.34771728515625 0.153717041015625
0.0843429565429687 0.0737838745117188 -0.334930419921875 0.0388793945312499
0.0373687744140625 0.102622985839844 -0.216552734375 -0.0421295166015625
-0.0166015625 0.0856170654296875 -0.106010437011719 -0.0230865478515625
-0.0385971069335938 0.0607070922851562 -0.0264148712158203 0.0233001708984375
-0.0249404907226562 0.0639457702636719 0.010772705078125 0.2215576171875
-0.0337448120117188 0.128005981445313 -0.164276123046875 0.38629150390625
0.160003052490223 0.116680172025401 0.473452627184501 -0.143014186533452
0.172150539453956 0.0233622375344708 0.287880228340515 -0.174159543885573
0.127615785645405 -0.109976946190508 0.0112881635473779 -0.0363936709927215
0.0101459095220494 -0.147116254023611 -0.0529600912097744 0.0848229101698444
-0.0833069421541864 -0.0874128551850412 -0.0245589565079173 0.263168203882058
-0.0899919789155954 -0.0346890373402455 0.128264329367723 0.350732645114407
-0.112328354418158 -0.0222171572516994 0.275978367566488 0.323781085422455
-0.121178624938299 -0.0132642487469504 0.343114559742651 0.267149451601768
-0.12119249115289 -0.0293466922914268 0.324518394973806 0.284131528668952
-0.0951092826020088 -0.0556871868266416 0.218250953313189 0.290107302002465
-0.0731272845350203 -0.110635509290813 0.0769545207986247 0.223032200466978
0.0134927530896825 -0.16865692593535 0.0887592221785404 0.046376516199982
0.119759361909101 -0.115086527768397 0.202327213098437 -0.0483679377014421
0.13802922028457 -0.00351442221611684 0.422659360023469 -0.0573314530894626
0.111412640138084 0.0714110253827616 0.670105188727253 0.0582264706832264
0.395530213825577 0.114328048679035 0.401137977073124 -0.171957706157477
0.380620078429107 0.00196054927487789 0.262155275039952 -0.188785066114015
0.330392476578676 -0.20424696645052 -0.013116351958275 -0.0746818240860254
0.137730532351473 -0.297867533152455 -0.101446262653216 0.0404877772165787
-0.0598184694129131 -0.274138590351827 -0.0900933588451226 0.244382438287741
-0.136352454651532 -0.194541222702408 0.061854391272212 0.332815696790547
-0.211133180899809 -0.162727971791166 0.200525114913391 0.310039742993872
-0.247191921478642 -0.122288989539134 0.273418566028685 0.243326563244269
-0.253225401502901 -0.144305820902894 0.270798613267876 0.243940528814264
-0.177266558782526 -0.186760279759995 0.170067349657967 0.237153249454534
-0.121558309712422 -0.264142995606591 0.0380883551149208 0.175654643004363
0.0423133801493874 -0.344754289981911 0.0568285469039127 -0.0120776417228454
0.230970999882696 -0.292116381091688 0.188330211841296 -0.102083972108741
0.325734557409153 -0.0972304163204047 0.406720806445437 -0.113488308748948
0.354753130651081 0.0412933533657232 0.624535832817859 0.00216403786839016
0.584709315038788 0.102527631344017 0.253137241959327 -0.208309377262588
0.55668700662431 -0.0175896075048115 0.182372518695707 -0.198962286637251
0.512998262775763 -0.274671189041812 -0.0422634953969635 -0.105208410451192
0.269020617392669 -0.423227540948005 -0.132706792161578 -0.0108614348432179
-0.0163927176577929 -0.441151758116609 -0.133267438904032 0.185811223045768
-0.15966695305856 -0.340479796527696 -0.00654134554334359 0.256155800053247
-0.276953238528822 -0.28747686361234 0.0973026372437191 0.242664228752562
-0.337711967398784 -0.212643216179433 0.16119697177817 0.181472605134647
-0.355073294449007 -0.229181894205913 0.173712334501703 0.173291083971968
-0.250995473438002 -0.280493044693695 0.0881294641929136 0.16086670232052
-0.182168128765331 -0.377894120120478 -0.0152929508349173 0.113734143070261
0.0357632354221527 -0.489565776436558 0.00757711995873019 -0.0604208585176551
0.289587585587296 -0.449898731047213 0.143137329984379 -0.134470343898511
0.459144182975449 -0.201140583685458 0.332671569561888 -0.135257890190218
0.542336971657568 -0.0110910757065141 0.499857941447897 -0.0308142494312368
0.696098256015839 0.0674917586042087 0.0453650845444971 -0.236669737826429
0.66186030145312 -0.0564044925116376 0.0472705435355229 -0.199872431036765
0.619853750218261 -0.332979254487045 -0.0847948645227595 -0.119340362529714
0.351431033618857 -0.50536275740847 -0.148530322591751 -0.0591163090753296
0.0209666045313346 -0.549924749448255 -0.153131850486709 0.0913203150528292
-0.163322959299368 -0.438577181317352 -0.0729013944487673 0.129829032015114
-0.303397377546387 -0.370644021242823 -0.0221917155266336 0.131521697114277
-0.377018952676724 -0.270893443366658 0.0238892809350247 0.0936541663680897
-0.404867624277739 -0.279692187387834 0.0454799371579877 0.0866014346270183
-0.289425178255221 -0.332561750271514 -0.0179656752413901 0.0719252192974926
-0.217502559338346 -0.436406205263059 -0.079910119298039 0.0439862611618264
0.0196767331011542 -0.561779253629801 -0.0493981378224464 -0.0934030944684881
0.301886217143307 -0.540127662998012 0.0813347128916979 -0.135915894133731
0.515874043395318 -0.274972628609641 0.219951780721839 -0.108045412258299
0.642489713734828 -0.060923605259115 0.311203731816933 -0.0275983265711511
0.70269450694274 0.0112029169733971 -0.191106954715948 -0.247753511926058
0.659014264285466 -0.10972164623204 -0.122078071219974 -0.182524544614223
0.61144826000619 -0.352127096728117 -0.132065656948119 -0.116576685855095
0.35678679041955 -0.50772337694592 -0.150588817847479 -0.100833054112404
0.0403692656782078 -0.558172162374719 -0.152710569443473 -0.0261353599519542
-0.145676305901955 -0.456407966999218 -0.132919519901269 -0.0261638310879062
-0.28254920574707 -0.393062248235378 -0.141547109336655 -0.00370392830934424
-0.357786816019772 -0.289308467904911 -0.117527006556973 -0.00664898777364849
-0.383929672712605 -0.294782838743692 -0.0901364585314512 -0.00631869789948343
-0.26895727231036 -0.344780403123739 -0.12623631373918 -0.0207509848877025
-0.195283528631158 -0.432426957763147 -0.138891686265394 -0.0314064107158199
0.0301206913470823 -0.534080880740182 -0.0947976860472199 -0.114039809568163
0.291062974564195 -0.521407561024968 0.0233873551331877 -0.112939221689442
0.496003395471259 -0.279571292944382 0.0935869516312331 -0.0426112040036117
0.640127857678267 -0.0881682082668192 0.0954406520071084 0.00378431312694506
0.596397723772619 -0.0506309555648334 -0.413480782842647 -0.229235089814134
0.533863604104839 -0.148585573831889 -0.286511704310104 -0.140622747840226
0.477151619121669 -0.308876877038111 -0.170578503198896 -0.0957681839498632
0.279478611267642 -0.40947921941052 -0.1386619437965 -0.123121814646013
0.0415238179943258 -0.45491493586421 -0.137080966207537 -0.13614558374275
-0.108949316884268 -0.388075004380937 -0.17929405472316 -0.172848037383451
-0.221357033180349 -0.346483277671798 -0.242237287561073 -0.135005560404024
-0.284160576796867 -0.264878436649465 -0.238575394686253 -0.104696119518875
-0.298722274414735 -0.274699995559487 -0.207632173128995 -0.099533282317349
-0.191000749861628 -0.314909397282865 -0.20588165045867 -0.113734508698975
-0.11651234346686 -0.367598000872316 -0.165651923438151 -0.109951246681223
0.0710883039552659 -0.416399142403075 -0.109602761600346 -0.127284463269663
0.259670616109453 -0.395607776144424 -0.0146004355753852 -0.079935169563406
0.405976394422237 -0.214047401985399 -0.0236715703439249 0.0313508631701148
0.536086995557805 -0.0869320322417393 -0.112436234945106 0.0461532932631007
0.396154454373803 -0.102127524786215 -0.580168387837148 -0.177808283282721
0.317910008917953 -0.158990988361094 -0.412814582687145 -0.0727375200358518
0.265001184661858 -0.205069510397163 -0.191249582972287 -0.0562030752609464
0.157690744109467 -0.237882308910557 -0.116261320662745 -0.116393450183584
0.0366416569948794 -0.274662691482586 -0.11068952222477 -0.208914927321392
-0.0532593498042507 -0.254145024879662 -0.206553734976029 -0.279715206472959
-0.123524462758201 -0.24466365134643 -0.310291286953595 -0.237123854807743
-0.164984541736181 -0.201320974271893 -0.323090979309314 -0.186536182646723
-0.169960899259221 -0.216164565288278 -0.284217454533895 -0.184206327493914
-0.0833211194458534 -0.241812349320512 -0.237165123660131 -0.201097775173503
-0.0147469788373156 -0.251503802303314 -0.1458576552902 -0.182551345635401
0.105976678554636 -0.236451110846761 -0.0871371280323237 -0.132108556301133
0.192170663336876 -0.207848421626608 -0.0310301256690851 -0.047228557132091
0.256671241276879 -0.116160453508447 -0.119058247410326 0.0877578537292668
0.354043870264996 -0.0702192814599882 -0.283370991607162 0.0793644761115252
0.136152470756573 -0.125793630158643 -0.667511740242623 -0.102002442277076
0.0655749407189562 -0.124655932362172 -0.481111874137288 0.0107153014339732
0.040911992708224 -0.0623597643767682 -0.190560603539952 0.000102755462717303
0.0399026739611565 -0.0381651941089508 -0.085561226919354 -0.0830719927789137
0.0404705870999391 -0.0680719031863883 -0.0798664745317534 -0.237917812556784
0.017441093652409 -0.0916466183265136 -0.212815300529837 -0.329909686290815
-0.00332516960076819 -0.110757741506641 -0.336938991184219 -0.293994932593987
-0.0223343077616181 -0.105829290124217 -0.358332758696395 -0.237899439987958
-0.0228507598470272 -0.120037703265308 -0.309426415388092 -0.251477826387464
0.0185487437388696 -0.125413788918665 -0.217025939044005 -0.26784409673755
0.0595863475131051 -0.0976664598518078 -0.0859789722769039 -0.233000768069541
0.0916425021396315 -0.0405421344233715 -0.0399986089863012 -0.121964546687841
0.0719524435708972 -0.0219066561691107 -0.0348602422153483 -0.017137118135982
0.0659974556874991 -0.0336048042659532 -0.18688313910643 0.116049972523064
0.123960251262531 -0.0600598416889233 -0.395777910742787 0.0971952718101319
0.168774305161885 0.105286961154968 0.472656591555677 -0.178244378374517
0.174742567970604 0.0126884147783432 0.279951166442878 -0.197509360329381
0.12043196442637 -0.118538917878143 0.0102682493228353 -0.0384466049282762
0.00130688262950042 -0.148360947284972 -0.0477327149462957 0.0888141833389502
-0.0879329906390346 -0.0823614501797583 -0.00389549791123092 0.270894634679554
-0.0916380110559099 -0.0306367332237138 0.157697992869259 0.347879259294991
-0.11456073901848 -0.0149409788113048 0.302584817005331 0.307181506570878
-0.123164187868143 -0.00362279096364734 0.364930226632867 0.245857032030543
-0.125654774227416 -0.0201065235365321 0.349264595279917 0.264841635359072
-0.10011586408327 -0.049590639512695 0.244759516452006 0.279606036453387
-0.0826503393123396 -0.10604622253731 0.0958826156821621 0.224322420264339
0.00015389433638128 -0.171687334106169 0.0912595648838284 0.0413213486104912
0.112459227177418 -0.12561756131711 0.199708802941743 -0.0615431516083514
0.13922844461447 -0.0119476151166071 0.42285907620364 -0.0858038949289588
0.117233487217703 0.063874155227711 0.68213204215394 0.0150473920904546
0.408375300837311 0.0860803009621208 0.396820069823769 -0.201647365326438
0.383739941950266 -0.0226759820083 0.252671581803789 -0.208712068920232
0.318592307915844 -0.228162102853922 -0.015794823071597 -0.0748794331313236
0.121755931642552 -0.308847622584325 -0.099076836528735 0.0458749853002437
-0.0776696995886181 -0.272905984393256 -0.0717348670618023 0.255596937022816
-0.150360717145633 -0.190292238637262 0.0878412210928313 0.33413040692244
-0.225038063827619 -0.150837928874102 0.22611439767301 0.29929888963718
-0.259014181059476 -0.104767305079219 0.292917580194951 0.22615947446068
-0.267472656631147 -0.12699878725336 0.291999385853142 0.226825748539865
-0.192445642240109 -0.177950032519471 0.191064362054069 0.228673130897221
-0.142662178356993 -0.258327600395599 0.054264058096296 0.178173090192489
0.0186860762574713 -0.354249665791767 0.0544681062042279 -0.0159446278044288
0.213686628423782 -0.31332822719154 0.183963790051991 -0.115536373810759
0.324939511730809 -0.119108811481328 0.404209632091192 -0.142061881558759
0.363116890824252 0.0158220734516865 0.634410407902443 -0.0387642843781752
0.600941678290216 0.060432524701973 0.24404609189936 -0.226757041741037
0.561319408590575 -0.0542053877248804 0.1716078535627 -0.21349349337171
0.497491658603845 -0.314170437846402 -0.0465180641966853 -0.104116341696445
0.247170375209717 -0.445334014869636 -0.133577824790945 -0.00490578139581099
-0.0456216393314899 -0.445444094704336 -0.119014490918275 0.200204521575488
-0.184283919014279 -0.33772606625008 0.0121654139808889 0.261196075890548
-0.301155800366022 -0.272771939071845 0.118039276605834 0.238795706721724
-0.358397845464012 -0.190144414977886 0.176505347765462 0.171130346575953
-0.377410223460896 -0.206193398350745 0.188230455438822 0.161129412656411
-0.27383923495927 -0.269493008197963 0.102649818759303 0.156088723906092
-0.211467588542343 -0.371236630797905 -0.00427998505529929 0.118070039593038
0.00154367802137341 -0.501196280648787 0.00096488702295014 -0.0609931592232687
0.261944335502412 -0.477919636396422 0.137081444809119 -0.147263820886801
0.453614276814434 -0.234511549770093 0.327344522874531 -0.159769869463009
0.550853619832779 -0.0497851239332675 0.503087785941414 -0.0635603947887295
0.711139724553781 0.0180840572076681 0.0319994594698803 -0.241606669279687
0.666492397076838 -0.102005180310089 0.0343410236253816 -0.203750887214379
0.602271407521573 -0.381914234715671 -0.090333808689492 -0.115537514236607
0.326084958708277 -0.537281202884935 -0.15270026271971 -0.0532143035145875
-0.018503302090854 -0.558687614591219 -0.145872362799919 0.105811719719562
-0.195617324233549 -0.436039429385448 -0.0650055825471528 0.137654611390258
-0.335596804855414 -0.355419761338216 -0.0093209380669112 0.136084707047731
-0.40417277679089 -0.246251722607722 0.0318975406797402 0.0929505481261081
-0.431393665671197 -0.254402223384347 0.052334179074269 0.0819156684931823
-0.316985082639733 -0.321009480596465 -0.0113605804112825 0.073836428078259
-0.25149083446525 -0.428454519430872 -0.0751196678867022 0.0508703931515947
-0.0178664737285955 -0.57359537188713 -0.0590488846265554 -0.0913007652695593
0.267711568538797 -0.570229683382336 0.0756500059383814 -0.145197099586951
0.507533219246884 -0.312398047393521 0.216353108649054 -0.125591276207901
0.649184313510179 -0.108263917682896 0.312184740608611 -0.0480500716691852
0.715778057015911 -0.039664092680118 -0.209298148304266 -0.237108893769741
0.661511218472495 -0.153577199197476 -0.135156423686005 -0.17413580298644
0.594871203433898 -0.399443543469817 -0.138078046217779 -0.109941073676195
0.331105127956603 -0.540502537242799 -0.157189089946392 -0.0945857707162402
0.00134923670041328 -0.569861054850969 -0.154653257933629 -0.0140812079828454
-0.180601594774023 -0.455139934697142 -0.137895530526745 -0.0159410435024907
-0.318808764454736 -0.378953559374931 -0.139058999606502 0.0081063615333937
-0.38754228183317 -0.265721347156665 -0.117447084775661 0.00112802967491981
-0.41222004525511 -0.270669754604384 -0.0919009653996071 -0.0025231322221764
-0.296351092267214 -0.334291708140135 -0.128532480533522 -0.0126285955295853
-0.228488276961236 -0.424531476582226 -0.140622625856981 -0.0224611804011533
-0.00346671110280995 -0.549754063387343 -0.106225850396793 -0.108365352964619
0.259833340237007 -0.551842892555607 0.0185538098009772 -0.118622253389107
0.488108024785784 -0.318333249359522 0.0935094175973198 -0.050618699278038
0.644186340638658 -0.135280306699059 0.0958820224550539 -0.00182682195657245
0.60437670843016 -0.0936522274036494 -0.432288206588323 -0.203500812486927
0.530433224621354 -0.18622788089795 -0.298311704262016 -0.119295807412418
0.462858841418467 -0.34801144181227 -0.176645959509301 -0.0858489409335191
0.259469117175436 -0.436477927730331 -0.146420222953189 -0.117966237643832
0.00935772680382101 -0.465249365887496 -0.147522457185821 -0.127586566859582
-0.138422832007787 -0.389130168846075 -0.196258160895614 -0.162343968473359
-0.251856191571882 -0.337028518282817 -0.251048078738149 -0.117874180515624
-0.309695319640264 -0.247947452951232 -0.246834844026119 -0.088883380687387
-0.324864712833146 -0.257383350297092 -0.216739868919336 -0.087428242188842
-0.216281995238893 -0.310076880664651 -0.216179804801006 -0.101190912523056
-0.142925364378169 -0.36556703871484 -0.17408819047599 -0.100708835731714
0.0452970530351432 -0.430249955071249 -0.12103478072242 -0.120530462741604
0.236780987376817 -0.419596170012087 -0.0175663895855435 -0.0819861880231675
0.400037845059527 -0.245066685847797 -0.0199308447437814 0.032221019481056
0.541593357918285 -0.125821988319048 -0.112299056332421 0.0543499137591935
0.39812842763298 -0.130878246014154 -0.597030605852812 -0.140742637529214
0.312991679026662 -0.181468149723411 -0.42131818758774 -0.0437362984934736
0.25631366773176 -0.227905951608395 -0.195816448254871 -0.0447100926863899
0.147490919535164 -0.253912196498213 -0.123793788330622 -0.112428298527083
0.0167176293964104 -0.28163491986541 -0.127277658637543 -0.205691869334809
-0.0732393503730875 -0.256066408687302 -0.232256232185942 -0.268817592086495
-0.146191437797605 -0.240058769197478 -0.327341863773954 -0.216518839657235
-0.184676684822349 -0.192008657300965 -0.3374438219412 -0.166383312791507
-0.189718956069675 -0.207602786980075 -0.300334396827089 -0.167319839815088
-0.102715414186796 -0.242702293158623 -0.25430755395423 -0.186384775943112
-0.0330531314782946 -0.254542918250296 -0.159910639443547 -0.17617209775828
0.0918936666014209 -0.249592680807625 -0.0969704201480086 -0.126457876951159
0.180423137234071 -0.22517494683129 -0.0334914636048022 -0.0475288194502524
0.254718305057357 -0.136275856713116 -0.112906598803885 0.0954292608090452
0.356632765328769 -0.0971378421979532 -0.283785974603488 0.0997078574258215
0.132829498654551 -0.135418351468579 -0.682551033756253 -0.0585998505050266
0.0593589639508961 -0.129238534580623 -0.485084932041385 0.0456808570603955
0.0389031859077247 -0.0670281313199159 -0.192629062035784 0.0127328488313679
0.0393510216987543 -0.0427743489155553 -0.0909630589869501 -0.0797151934789378
0.0353539921504047 -0.0722401820762562 -0.0992045746793707 -0.238140741437418
0.0103010538180519 -0.0948464826004168 -0.242957258068451 -0.320516450824135
-0.0137125326861417 -0.1128065846407 -0.360869146243519 -0.272295756346356
-0.0322222077017081 -0.106778139773148 -0.377661906892677 -0.216946722207726
-0.0337538316157989 -0.12105026965277 -0.329886866440286 -0.233030785243603
0.0089647764262399 -0.13109229523961 -0.238860095999673 -0.255307321779426
0.0529960718240499 -0.104909638350247 -0.104125086718528 -0.230762551258042
0.0907143149061865 -0.0499578022968056 -0.0479422575040884 -0.119312191810705
0.0722827985129212 -0.0286948415407499 -0.035668063274126 -0.0164885351115266
0.066558597001058 -0.0398274368989099 -0.180652142806811 0.129081603051994
0.123991123431147 -0.0695324482094726 -0.396727911672791 0.124456958176674
0.171480386865601 0.0925847943403043 0.460739648724636 -0.20548075295949
0.172978477866656 0.00346664359280628 0.265554217287335 -0.214343024356926
0.111828002510333 -0.122823818344434 0.00997187039242697 -0.0394645385287178
-0.00684676370190873 -0.14528491103274 -0.0417592755162951 0.0907531941761515
-0.0898461280013658 -0.0764116321314685 0.0151509854825005 0.269546167090789
-0.0920097633519439 -0.0263424763745058 0.182161887157485 0.336394910032968
-0.11446310171855 -0.0076640058435327 0.319775335104694 0.28492453448529
-0.121674571998291 0.00550715871942259 0.376020345494006 0.220381739444091
-0.125650926724389 -0.0105701943464354 0.364356536574504 0.240528558281398
-0.101522423899583 -0.0431995631259696 0.263312151268107 0.261475841098296
-0.0892238772873495 -0.099356224859522 0.112770242056796 0.218875749582913
-0.0117728497919978 -0.169679966794535 0.0912075728741345 0.0363062036102726
0.103524320148771 -0.132601050616883 0.193295424127943 -0.0721649254418252
0.137162858561326 -0.0193786663491925 0.413165768373158 -0.110924138046064
0.120235734511656 0.054918637634919 0.677726768245327 -0.0238952204033724
0.409481512527765 0.0580282645366117 0.383742151221554 -0.223677912116253
0.378332779608432 -0.0449319834800896 0.239102660781967 -0.22197984856695
0.30043085842081 -0.24537876764622 -0.0174522987904236 -0.0745075657703446
0.104206713337675 -0.313862984351518 -0.0950284056937364 0.0494794451408155
-0.0919464195973577 -0.266129644853885 -0.0522218317231124 0.260457224492792
-0.160105295941044 -0.182492563629057 0.110611481190863 0.327077634989619
-0.234083050874378 -0.136110442680966 0.245038267306135 0.281486250472392
-0.263917530271519 -0.0866161758862415 0.303186620599713 0.205345005533587
-0.275483053883105 -0.108503979824425 0.304781305414356 0.205065351993913
-0.201803412923375 -0.166790675466482 0.206171237858059 0.214292399465082
-0.158158634203027 -0.248266718146977 0.0684235189274824 0.174869674841338
-0.00501801821214771 -0.354127375532968 0.0511778994831393 -0.0179571872737884
0.192425710843516 -0.325816127150645 0.175624037997776 -0.126620478778961
0.317998522468085 -0.137904115913359 0.391390846077851 -0.16537100444784
0.362160081637426 -0.00845896179001309 0.628139395529915 -0.0753413887948554
0.601131728216698 0.0207297445232766 0.23007069026325 -0.23963992057683
0.551785758877202 -0.0862529859644616 0.158041359479197 -0.221011518469851
0.471969114002269 -0.342622605641724 -0.0493661671579512 -0.101036562304772
0.22179940363291 -0.457064657785259 -0.131900006592619 0.000482480612387567
-0.0717810401368836 -0.438815965842662 -0.102076340453321 0.207204357465008
-0.203465069515493 -0.327925695792774 0.0297537945423077 0.259513070595071
-0.318750474686277 -0.252571826696665 0.13501609588519 0.229291478088183
-0.369096839444578 -0.164465992258786 0.185396039826575 0.158406956870585
-0.389567392149019 -0.179410509008686 0.197261632665122 0.146017539315774
-0.289318469283406 -0.254062214355682 0.113778798815514 0.148240752336869
-0.233727681687619 -0.354669665162189 0.00648523716331505 0.118185655126779
-0.0310605417017068 -0.500492304207601 -0.00490530461527161 -0.0594576221507624
0.230003924074232 -0.493972115031431 0.128042246533289 -0.155699683904103
0.43833220693671 -0.260747063034631 0.31506901501707 -0.178621733499347
0.545426666699283 -0.08655860233774 0.495779242879556 -0.0926057757868931
0.71074923083267 -0.0288495687059031 0.0192267775720317 -0.24173798544462
0.653468944604502 -0.140469352050634 0.0229541564290203 -0.202067516683906
0.573231216777562 -0.41683085495706 -0.0933952298779751 -0.110142000401091
0.29458926099517 -0.554777548999918 -0.15349418562577 -0.0467214673089998
-0.0516385579844955 -0.554396927449707 -0.134901877701242 0.115517352407072
-0.221023087990892 -0.42585256612866 -0.0559371579702022 0.142092438493656
-0.358830193668731 -0.33264364727841 0.00266378282911064 0.134781579739266
-0.418007780669414 -0.216654087444172 0.0378086316704166 0.0891371329029844
-0.445807307744925 -0.223386446014372 0.0575091310661366 0.0760611646888763
-0.335179856972964 -0.303028156144774 -0.00554882430122339 0.0732829209579092
-0.276063777336842 -0.410424160250702 -0.0684661018307298 0.0548156490070106
-0.0554573595475068 -0.571382618954264 -0.065702461923638 -0.0855815555101333
0.23167676890866 -0.584490974398388 0.0681760032309401 -0.151297671088624
0.487739959852244 -0.342962633884152 0.207276899459866 -0.138208405825195
0.641100512899102 -0.151272325065836 0.306784000445928 -0.0655498758478654
0.71273073114001 -0.0847423175387503 -0.21963680280919 -0.221990395498043
0.647528958449336 -0.192039502906449 -0.143565653440149 -0.162072878589223
0.563177466286995 -0.43532044918129 -0.141020560479514 -0.101400218353052
0.299550915622967 -0.560266375035775 -0.160844188143038 -0.0875530072086737
-0.0344594656455758 -0.566221915339939 -0.152019771792203 -0.00325811901830383
-0.209736313290365 -0.446312783605677 -0.139106848276918 -0.0052000637596258
-0.344338612118329 -0.356968980439481 -0.13376594101915 0.0168844302407837
-0.403161858987117 -0.237632711034517 -0.114757933579777 0.00781385874543792
-0.427791157139555 -0.240844928568212 -0.0914547127040179 0.00175329902288483
-0.316717096799977 -0.317684748917273 -0.127768128083342 -0.0044791607954766
-0.253156590320998 -0.408132921987234 -0.139017498276909 -0.0141673137423867
-0.0390493412827536 -0.548227556856912 -0.113514752343315 -0.0999363931293943
0.222662813484673 -0.56305661413153 0.0133168300316065 -0.121425860517048
0.467571825373346 -0.345603123249278 0.0898755355861796 -0.0574039118630237
0.63495960385106 -0.176873269065314 0.093408379748829 -0.006825245406814
0.599345101224834 -0.130900637211169 -0.439723666598791 -0.175800579353185
0.518075468704212 -0.21661402454939 -0.301773363692891 -0.0984177646193546
0.440186460536823 -0.375991076873595 -0.178276431424282 -0.075854041463177
0.235710184013378 -0.452574657442433 -0.151496083705998 -0.111210638879147
-0.0209277074881897 -0.463104207728942 -0.152968285452708 -0.117352839951526
-0.163038798131667 -0.381385309855143 -0.207071623415049 -0.147603014362786
-0.276444689499329 -0.319232002199561 -0.252153960806857 -0.100613202968812
-0.326382659945621 -0.225475645500695 -0.248672915931339 -0.0737468515727383
-0.340477864180382 -0.233860756086272 -0.220763814779469 -0.0745810897908716
-0.235470604907904 -0.297471859039099 -0.221367748925348 -0.0866216073539781
-0.165068227487849 -0.354235548000949 -0.178203359334267 -0.0902618118020218
0.0188515799393613 -0.433407597514391 -0.127694689339946 -0.110899152195977
0.209206139137357 -0.434888787621885 -0.0216113807569624 -0.0832190590367069
0.385317943060288 -0.269244528692911 -0.0173726020606604 0.0316351315681806
0.532042104300844 -0.160636910837127 -0.110158391291926 0.0609471624695526
0.391825042367048 -0.154931170280341 -0.601274742294802 -0.10522863831232
0.30208450043692 -0.19751134780034 -0.41915373727128 -0.0160508935472307
0.242264687943948 -0.243677567489114 -0.196047576415882 -0.0337030604425431
0.134186237683125 -0.264530149396371 -0.129569277761922 -0.106403976774856
-0.00146348648006949 -0.281556077566954 -0.139659746542196 -0.197253977621354
-0.0899908331101209 -0.251430115101273 -0.250490082219195 -0.251637977917416
-0.163450018273791 -0.230494091560401 -0.336132797716086 -0.193348109758946
-0.198606031020936 -0.178771719161089 -0.342904866128818 -0.144788017177726
-0.202726458627104 -0.194050170348641 -0.307865395297362 -0.148673894460166
-0.118842976169495 -0.23723070060852 -0.264405171268363 -0.169035767596834
-0.0488715014677144 -0.252048983472892 -0.169806391749136 -0.165684837636985
0.07703508290317 -0.256801351874937 -0.103677147322986 -0.118720088470986
0.165395001148115 -0.236649692694545 -0.0351704879608515 -0.0478871051520895
0.246917934759475 -0.151867628572667 -0.105410360498661 0.100511075112946
0.351453206469811 -0.119224443779968 -0.278410416416572 0.116303848487172
0.127475326342629 -0.142012614560016 -0.67814985986473 -0.0205100445594028
0.0530376848357237 -0.130963870823124 -0.477183731256858 0.0761237423309266
0.0362473785103938 -0.069742130246929 -0.190861183619735 0.0237187305371773
0.0379361227046995 -0.0460223367868622 -0.0946379315686493 -0.0754743942481185
0.0298019278872529 -0.0734977072047261 -0.115087146616027 -0.232471960462326
0.00339417791898197 -0.0955814771415502 -0.264160489972137 -0.30317234576082
-0.0232429382869379 -0.11159935677061 -0.373807629585984 -0.247106685325329
-0.0418008322400076 -0.104429609778051 -0.385865291998742 -0.192125940120911
-0.0428413001587395 -0.118703489897458 -0.342183618499384 -0.211039339131498
-0.00133731627617633 -0.132590566724783 -0.254061252393539 -0.238579576850003
0.0456381191839811 -0.109164692875506 -0.119083337703552 -0.222997217364879
0.0877967717785993 -0.0579089933609039 -0.053864618883724 -0.114266425755116
0.0705819382772479 -0.034347932303795 -0.0365436129558152 -0.0157934193305023
0.0654081618364539 -0.0451582086476717 -0.170689577359238 0.138101362348577
0.121176151274412 -0.077656831300898 -0.390187577020609 0.147676250574363
0.1942009009513 0.0204287184301197 0.355531657832721 -0.34577124194413
0.161881057886639 -0.0627807516059415 0.170438036755477 -0.283451980670762
0.0592294002918075 -0.152657015601083 0.00228265960602974 -0.0327953422056802
-0.0588700777036001 -0.129664894641365 -0.000122513464912887 0.10047975293464
-0.106411686198237 -0.0378969901104074 0.111895659165541 0.243612592060773
-0.0902710556237714 0.0101109759379101 0.291070724291349 0.24389871160228
-0.107547961103826 0.0349475732246522 0.400557760230698 0.148050845394156
-0.105889282136373 0.04686036469785 0.421628740917201 0.0681529522928896
-0.117747732225134 0.0346223532488104 0.419364498227052 0.0953587403205378
-0.108292154708172 -0.00691478693776463 0.335909134980321 0.152798963940044
-0.116055033522261 -0.0593975624843201 0.184800295711474 0.163347785024498
-0.0698064112369513 -0.152323983914851 0.0962013260223278 0.00814499363016425
0.049801356025759 -0.158117285097835 0.151837365601515 -0.127827184151826
0.117344807004621 -0.0633830502453557 0.345311917601529 -0.238975326114977
0.12581790799951 0.0129453028999355 0.613634569807742 -0.238558285313004
0.407760815350318 -0.100230952185046 0.272203891489976 -0.327432719253499
0.336880577654375 -0.182767706855207 0.140414166504019 -0.270703201060302
0.189223991577768 -0.334872716672572 -0.0306952048261069 -0.0432799243883737
-0.018787240197874 -0.32696624305522 -0.0561085516697812 0.0880348474496821
-0.174578318370633 -0.211685785447344 0.0549016527544912 0.259713561207713
-0.208632483311602 -0.111942280267181 0.227185521079909 0.260848989323412
-0.266300721394974 -0.0442241210017568 0.336939333724826 0.173657212781871
-0.267912184433561 0.0110325370104693 0.353679680938125 0.0773724689959538
-0.289483436978474 -0.003918756183537 0.35280364437118 0.0810860165768396
-0.243939513453616 -0.0886856406644889 0.271116591603871 0.12916067813268
-0.230830990968069 -0.173977453394807 0.132979862250328 0.139644852919279
-0.125909451084699 -0.327612550681008 0.0427801288862887 -0.0253824083383406
0.0689084895539421 -0.367789435655326 0.113619659377847 -0.171390967675903
0.245754055259404 -0.236098317426266 0.302625670692267 -0.284415498182757
0.335171744455 -0.125665126248094 0.546362742306989 -0.275415886693643
0.575275399046483 -0.204145511347253 0.121207977365083 -0.282553763660386
0.484189840092753 -0.285175085948905 0.0625254460488004 -0.231464208441851
0.311856931248803 -0.487495556565685 -0.0661343694115238 -0.0461357666090632
0.0347980217331786 -0.504453358308116 -0.101151301770588 0.0633556592086905
-0.21891163049675 -0.377745641145769 -0.00210300668880669 0.231142013497142
-0.299851552451676 -0.232199646050246 0.133699477366931 0.22722348812486
-0.388934125413355 -0.124440397676866 0.220984555033692 0.166157527884869
-0.391431842594699 -0.0241042147410205 0.231939907563755 0.0727819750448764
-0.419688012874996 -0.0299148206679917 0.234248944836692 0.0618885755530636
-0.354857473630009 -0.139544671039112 0.164339808544146 0.0986336627380207
-0.336607886719903 -0.24715990171195 0.0598117643909233 0.108377923642835
-0.19993892045851 -0.455948089235361 -0.0214178420548986 -0.0424565495283289
0.0459019904094705 -0.534484969534831 0.0579828426862593 -0.181244472177669
0.319034928535295 -0.391157007470267 0.225785230216748 -0.273106726735091
0.48465471029071 -0.260594014870623 0.414511111747616 -0.251780800268386
0.659535775098862 -0.291678599122705 -0.077996257823542 -0.20715705129146
0.561597077317419 -0.372401913570485 -0.0573052843217187 -0.16287148964961
0.379494547819122 -0.593065702884179 -0.107553562011048 -0.0320622850162002
0.0660589202141582 -0.622649873289408 -0.133323809291215 0.0319773631227398
-0.239856366349052 -0.49172970248477 -0.0593267631971203 0.158260086696462
-0.3517104742835 -0.316942150214963 0.0167272745919935 0.148927618711914
-0.456219544894692 -0.186191020319238 0.0677094473863356 0.12785001440711
-0.45636649822401 -0.0549255015364418 0.0742737298057591 0.0607363916703551
-0.486719821400268 -0.0504716546087485 0.0818586799528307 0.0438561983220171
-0.414073989900121 -0.170159854486829 0.0302950302180574 0.0700271297824965
-0.395591551563731 -0.283686898700004 -0.0295676203902773 0.0754313983126465
-0.247102928995505 -0.514223003302354 -0.0848084437553865 -0.0441894005767426
0.0176433227366003 -0.619697697717035 0.00276110152608883 -0.155846249781823
0.335958189805581 -0.486625707962524 0.136127753451252 -0.200422491645553
0.553402705173724 -0.353367393229468 0.244913064821103 -0.168910712992822
0.641950334667052 -0.343359384743624 -0.292395357157351 -0.10686278988701
0.53554713570661 -0.416790287484883 -0.19611034578501 -0.0678271887555022
0.364810154224151 -0.609437286060021 -0.148311761308309 -0.00686436852231821
0.0682782143298937 -0.631137888108731 -0.153888448252017 -0.00331269899895883
-0.230776898448102 -0.510496272220107 -0.114855187521753 0.0544644960246753
-0.349079695369543 -0.342556104501669 -0.112200830088796 0.0424021108630688
-0.45371809312106 -0.21394280162037 -0.0996796000250461 0.068456680389487
-0.451230029918327 -0.0800185752624275 -0.0935485237456898 0.0398194097458516
-0.477086480337814 -0.0737132479080898 -0.0802989937748854 0.0262897941763176
-0.402782876609095 -0.18917584153638 -0.109295700568881 0.0395526307549903
-0.372863918308137 -0.289837386914489 -0.119350691770704 0.0360858649520592
-0.221956337856675 -0.498283573272915 -0.133633273472197 -0.0427294296657004
0.0167969580087859 -0.598129879237007 -0.037490136019677 -0.110505254165672
0.317215043338874 -0.482839929500041 0.054699188099595 -0.0871662412771893
0.540096562298397 -0.375990355969774 0.0660575338989397 -0.0469943888212327
0.519711033745264 -0.343264589846061 -0.477323471984132 0.00754379088873133
0.406714595036832 -0.391929317736762 -0.317952111637092 0.0405442288628365
0.271349272899611 -0.50899068202415 -0.176896319469134 0.0212272753497177
0.0476197373007078 -0.509277579801898 -0.158469582235248 -0.0331423636296437
-0.183100368145434 -0.42162635325924 -0.160892901927842 -0.0526283897580752
-0.286090384813608 -0.299129712587776 -0.229426252160595 -0.0645337179984335
-0.377671939962286 -0.203287155373123 -0.254122090475412 0.00186020254547102
-0.377352019957517 -0.0949971201319246 -0.245561020344245 0.0124214324109753
-0.395131250695109 -0.0975430806706922 -0.225675772052389 0.000985130542794762
-0.321568277406704 -0.197338993840699 -0.225663263724952 -0.00388743170337601
-0.272445940359503 -0.271409078016289 -0.184648665990212 -0.0190449775757712
-0.130031690260061 -0.411175078670358 -0.151356986431139 -0.0504265524471861
0.0472190717585657 -0.472034827753399 -0.0556274986287798 -0.0656368481574923
0.267457444151081 -0.383873268051217 -0.0139047965832545 0.0307310323967505
0.450195739812854 -0.328952600927976 -0.0981411337036967 0.0821902807311774
0.314002226982917 -0.287246095446884 -0.599391783225007 0.122064847449518
0.210442604197207 -0.292625048133576 -0.394316361984884 0.146422879952689
0.137012116538526 -0.31554587320768 -0.184302401604419 0.0536240087074464
0.0254175242777469 -0.296953744622554 -0.144578701637519 -0.0452168438981746
-0.101511778496955 -0.260456754445452 -0.184283609205222 -0.133282063179978
-0.174541705585227 -0.205354121317886 -0.311467752043796 -0.144895556231826
-0.240937881556544 -0.15943814589782 -0.370051252512108 -0.0553332703376255
-0.245629924333385 -0.0958250361939972 -0.359715800295033 -0.0170905586007818
-0.255584877193924 -0.108228068649168 -0.331680765810574 -0.0355137650273999
-0.193390857948891 -0.17975809778638 -0.295562295789414 -0.0651166754828913
-0.131306961469182 -0.217190326758896 -0.206825813727922 -0.0902749167647449
-0.0160888296315392 -0.266564756566067 -0.132951715317837 -0.0688951023895584
0.0740641030161375 -0.275182992648995 -0.053898083059356 -0.0313097988727914
0.178882810986406 -0.22774470826396 -0.0702709911502077 0.12504577316792
0.29442475588807 -0.231307355933828 -0.231822557327348 0.189595033906468
0.0690050660921131 -0.176185009345537 -0.635853449537998 0.217476068021992
0.00166170571217115 -0.137594306946031 -0.413933558135952 0.238353420614337
0.00890925920013917 -0.0784866801222276 -0.167080023250276 0.0901394167319043
0.0172424397021816 -0.0589247047814681 -0.11310536939252 -0.0368874186257825
0.000218969054553746 -0.0800120909415105 -0.184655944272147 -0.176575240180733
-0.0335394895062393 -0.0927617627069417 -0.349262262213973 -0.185712975418275
-0.0665018782964878 -0.0979689646248456 -0.430189906711584 -0.0928549533901936
-0.0774751238214747 -0.081268290050584 -0.417646079021939 -0.0429284005186811
-0.0825320889636763 -0.0942450957792942 -0.384574142677604 -0.0796728869654996
-0.0487770547789302 -0.121828483838045 -0.313273245485685 -0.132705441898407
0.00431658955370071 -0.117787484229173 -0.185307741785433 -0.16125507240472
0.0612155025695136 -0.0855720339548379 -0.0869899019636192 -0.085479862732568
0.0537604193127102 -0.0568121697893744 -0.0417068717566413 -0.0036357812928391
0.047834371964408 -0.0668263451766906 -0.114979513975866 0.183201710688892
0.092382286722162 -0.115794076221703 -0.320244524105104 0.25852142061216
0.191488942478056 0.0151274018165716 0.347306387438789 -0.357629018755377
0.159524451292015 -0.0651850783955182 0.162852726084037 -0.288833130965687
0.0555483476244609 -0.151822029415275 0.00273321224782946 -0.0351951151854507
-0.0611116699692137 -0.127629834504095 0.00311446220860787 0.0989086529133043
-0.105725093423312 -0.0358389981187428 0.121611311418915 0.238973872970573
-0.0890172293823462 0.0114003735295268 0.299973737165664 0.23306295000998
-0.105603398041338 0.0383603190644156 0.403565250451008 0.135255101683286
-0.103400581264783 0.0508073781102257 0.421139421911636 0.0566860794400635
-0.115514160625154 0.0390146155259939 0.42116784512957 0.0810569184055861
-0.10777588744729 -0.00357434760432502 0.341880666432804 0.140533853933443
-0.117888614124423 -0.054928901199514 0.192746631237691 0.158282199746182
-0.0744500509290298 -0.148788744200721 0.095518712871283 0.00623744287745675
0.0444287383216664 -0.159838023156829 0.147265142086141 -0.130348424542985
0.115544105811624 -0.0663193102829238 0.336769911562672 -0.24685468342968
0.124567000386696 0.00830133484611879 0.607980209327136 -0.252617773736171
0.401863052295292 -0.112762755244836 0.264459350717137 -0.335455620489265
0.330741792011567 -0.18941091392325 0.13359824970607 -0.273939246738047
0.17781575001245 -0.336420835620961 -0.0294042387189487 -0.0452470435914832
-0.0266560454080253 -0.32557819201118 -0.0535423145188409 0.0870724592157803
-0.17874279318957 -0.207172196649441 0.0655987009775864 0.256289851615279
-0.212186794536267 -0.108606606679028 0.236658250121207 0.253006867190964
-0.267394237592255 -0.0354251115457818 0.341045794240723 0.161130057089972
-0.266658793127316 0.0215147512891517 0.353801339582233 0.0668041332000333
-0.287998717468907 0.00680611433408739 0.354222880635821 0.0688826582724662
-0.247292021436449 -0.0828173232121727 0.276151674961101 0.11827915773561
-0.235161736660884 -0.166384213243111 0.140088592828697 0.134340071785861
-0.136863177739869 -0.323219925726374 0.0407757241246836 -0.0250239479951278
0.0562525368055985 -0.370230365597981 0.108433013601888 -0.174268085767709
0.241002355230473 -0.243855574554399 0.29378793000937 -0.292284018732105
0.331100973380151 -0.13823419387456 0.538509560643043 -0.288040617190049
0.566189140357134 -0.22446192775575 0.114443747865244 -0.284976844158446
0.475689930148797 -0.2963369729452 0.0581421608826395 -0.232669488972391
0.295792144810286 -0.492811767771759 -0.0651562065235992 -0.0466114134031111
0.0231159949494361 -0.505700836260882 -0.0999189704216465 0.0624740259524176
-0.22751439093069 -0.370597351726596 0.00869391649197939 0.228950726199821
-0.307785028009704 -0.226635395941092 0.141485618177691 0.222861570356918
-0.392877782994787 -0.112594961452029 0.225252223225965 0.15650950051998
-0.391628262074066 -0.0105161186725616 0.232209276133687 0.0662405426015543
-0.419791520137945 -0.0146852318479345 0.234830321023745 0.0524323035613793
-0.360835072824692 -0.132310087472267 0.168395004645318 0.0917816722744499
-0.343594633886635 -0.237051780848345 0.0654983833822946 0.104719769743941
-0.214629679766132 -0.450752248178162 -0.0230152628416507 -0.0399985733287463
0.0304416251143772 -0.536018375755236 0.0529304074413121 -0.183683656661876
0.309372419801524 -0.401564562057786 0.216913422768675 -0.278359150396824
0.47598016688934 -0.277202346241004 0.406888741383835 -0.261938780896431
0.649469090058335 -0.312633477964166 -0.081137770859806 -0.204351378752675
0.551282145332268 -0.385903016551767 -0.0589605798782432 -0.159660566562427
0.359205032548325 -0.601346583389516 -0.106284088215704 -0.0308891654271782
0.0510110408050099 -0.625752795180442 -0.133303069354029 0.0323760785250862
-0.254875695574484 -0.48388507850816 -0.050277260693578 0.157758889229294
-0.364614331452693 -0.309623735192858 0.0224683016102444 0.149173231228168
-0.463614646205369 -0.17091151848768 0.0727847846728837 0.122253058000005
-0.456935985052245 -0.0389368381625977 0.0753064199841199 0.0570484759428549
-0.487788620867709 -0.0325346890443899 0.0820702760023051 0.0398470645279729
-0.422453806493068 -0.160692519066656 0.032611734276579 0.0680666793834955
-0.404211804807356 -0.271048309267979 -0.0261749423058057 0.0750243054173524
-0.263536968158865 -0.508785944263871 -0.0862217906825413 -0.0403527205338948
-0.00157313249229595 -0.621965110497296 -0.00177726184280949 -0.158063707468134
0.324991635527661 -0.497501558617968 0.129645831394699 -0.204676490025928
0.543382743233605 -0.372495114505861 0.238449429580011 -0.173964645384038
0.631219616484871 -0.365262551970418 -0.292702276324612 -0.0982942071628663
0.525724147831911 -0.430110121895228 -0.19564979696618 -0.0611873097816058
0.344517661804708 -0.618141721828111 -0.146529456823626 -0.00421246445331264
0.0524086916189035 -0.636423386540735 -0.154973091056987 -0.00152425891162408
-0.246575077160815 -0.502922413807885 -0.110289940942956 0.0561601029328781
-0.362678424928628 -0.334307082878199 -0.110554832114371 0.0466567726405117
-0.462832974054416 -0.199530799631246 -0.0961014766013171 0.0685076143792436
-0.45448618277012 -0.0628202102237413 -0.091832848711434 0.0407826767675706
-0.479204269667205 -0.0564229834565756 -0.0804928458935311 0.0279995507658384
-0.410823356097474 -0.179779191114764 -0.107874421510184 0.0425144561285057
-0.380386546574821 -0.278854506512548 -0.117424302020671 0.0380977682768328
-0.239434972406569 -0.493212058198444 -0.133684717950503 -0.0375105343187619
-0.00187162222154678 -0.599799215264694 -0.0409436465212136 -0.111864197473908
0.305367876464025 -0.4933891904322 0.0511365399021538 -0.0895574771704056
0.530280991987527 -0.394577588215703 0.0635544797349401 -0.0466783799585034
0.509711013791208 -0.362302772143129 -0.475183122829431 0.0208533815248342
0.39875600941777 -0.401921332704367 -0.313864547922603 0.0498485797560468
0.256183280872211 -0.517780109538218 -0.17517716930732 0.0259883232934188
0.0348638059057226 -0.513983320366893 -0.160766497631674 -0.030628688606704
-0.195153036067604 -0.415969000314807 -0.160450874408534 -0.0487097340440875
-0.298299457621262 -0.292098599411111 -0.230562836640916 -0.0559469780097968
-0.387374931280102 -0.189489772779415 -0.25093507259367 0.00658610828484413
-0.381971632821767 -0.0802786915464778 -0.244410013946825 0.0180354049112921
-0.399140738512758 -0.0828132072772017 -0.226068872412581 0.00752309922094081
-0.330155491685929 -0.189793759443801 -0.22512432113242 0.00334161568260075
-0.27982720652863 -0.263623802985208 -0.184934060832987 -0.0149190157139197
-0.143214061183467 -0.408769317992204 -0.151061558976039 -0.0454225971747699
0.0334974116551511 -0.474651673534264 -0.0576648124941945 -0.0669989571617182
0.2581340410501 -0.392879266650017 -0.0136030730230274 0.0300193436528904
0.442449151068516 -0.343958313425898 -0.0978307179818396 0.0865394320636223
0.308237232334712 -0.299343005352233 -0.593964040215149 0.137037830351446
0.205015911735717 -0.298713019250163 -0.387790176958424 0.157361334613481
0.128492211207308 -0.321204801304204 -0.182646182373903 0.0589465723888525
0.0169221068428983 -0.300679263430426 -0.146783830395183 -0.0420200586034917
-0.109456544381173 -0.257050189032585 -0.188065640473234 -0.129250012939948
-0.182997629635714 -0.20088099253166 -0.316117247955482 -0.133604774265925
-0.248855122734983 -0.150732400122626 -0.368127517821208 -0.0465034675945654
-0.251136235360632 -0.0865485952081186 -0.358370929232637 -0.00902363895637274
-0.260156094896984 -0.0988596448098989 -0.3321165070751 -0.0264106963087962
-0.201596119301146 -0.175445151216475 -0.297342172469915 -0.0552554625639622
-0.138363539008832 -0.213754609748548 -0.210004619380574 -0.0839726473594881
-0.0254692067621646 -0.26846919367445 -0.133094757839788 -0.0642425774740504
0.0652013972279556 -0.279797675982476 -0.0557082860911051 -0.0315943390859736
0.174163393414361 -0.234246335939276 -0.0669196722332851 0.124825306028624
0.290101011777768 -0.241880365517034 -0.228876031349566 0.197459618883851
0.0663556855689541 -0.180406879574318 -0.629970143729169 0.233851324974208
-0.000389532081173784 -0.137868838016792 -0.404954249334865 0.249537867062746
0.0072924037075044 -0.0804386689353841 -0.164311276181244 0.0953407880217768
0.0156635362356751 -0.060141669484755 -0.114066899406541 -0.0340354646217673
-0.00243389435905187 -0.0792681770446491 -0.191162251363697 -0.171723178976474
-0.0378445410346658 -0.0916427831257935 -0.356396487312575 -0.173972370584872
-0.0714464735286664 -0.0947686883247318 -0.430458227818524 -0.0806023313512095
-0.0822124943508579 -0.077610705227288 -0.41708077511416 -0.0335676008824608
-0.0872475168721214 -0.0912136412069658 -0.386482104707365 -0.0688242179743695
-0.055101754718328 -0.120572054033474 -0.316332398487502 -0.121801202354507
-0.000797650946109868 -0.118910950314709 -0.190086323748547 -0.154991296927687
0.056968324887823 -0.0894289715612196 -0.0872804469746646 -0.0826099990667139
0.0513556787328938 -0.0603590955479865 -0.0428218909629634 -0.00375952303615272
0.0467332762650292 -0.0696982027343358 -0.109650765494857 0.184442702062216
0.0911721204448878 -0.119889934742656 -0.315721588868124 0.268773576351536
0.192793452920806 0.0103663779204652 0.345266423387555 -0.374708218051687
0.160264794646169 -0.0689931433951642 0.156758419503081 -0.299639925112265
0.0525667024669728 -0.153902025595451 0.0030269383568423 -0.03815811696518
-0.0641063424630674 -0.127694941565974 0.00706798008919574 0.0983482550342965
-0.107270435933299 -0.034885997816808 0.132929242909787 0.238848823555489
-0.0897022212191073 0.0122365942697918 0.314453700946115 0.226944903223204
-0.10581855667906 0.0419222217498618 0.412660017392787 0.125043373859541
-0.101909206780901 0.0553598606499186 0.427906822072789 0.0472591797656421
-0.115485215254846 0.0438894801594733 0.431676154528312 0.0693883460103232
-0.109645872090474 -0.000294674525440491 0.35357412596671 0.130575818547074
-0.120798552109495 -0.0519737649449672 0.203529224551297 0.154680371880606
-0.0812270417465412 -0.148263890352017 0.0962934075418249 0.00546421569091184
0.0393227213993368 -0.163962602564511 0.14605478348741 -0.135306042745716
0.115561489582381 -0.0708962153468952 0.335445230489255 -0.259389890631427
0.125456733430974 0.00373248776971852 0.612717750293888 -0.275092962938192
0.402960463229077 -0.128188872619278 0.261268740302741 -0.34880635121189
0.330546135376351 -0.200839322189527 0.128424279499309 -0.282279353667451
0.170718801646578 -0.344893433920261 -0.0292042170950428 -0.0474505659694481
-0.033491119180403 -0.330384282967493 -0.0526255844225293 0.0868706631880772
-0.186661231583558 -0.206964037417285 0.0765104268530156 0.257230894011973
-0.219268290517983 -0.106618298164175 0.249674339465763 0.249673637975402
-0.274064406911205 -0.0285942028337109 0.349971592201181 0.152817038310309
-0.269561868291292 0.0307942185347937 0.359617408953648 0.0579987615508269
-0.292937592919623 0.0174161267695489 0.36169731660249 0.0587531115594884
-0.255741327102474 -0.0782272380879366 0.285243369586737 0.109988084005752
-0.243866612556767 -0.162035230112002 0.148782286252699 0.131401706908524
-0.149244834213709 -0.325708195568582 0.0404530679875214 -0.0249461790692863
0.0456243958177508 -0.379004114917026 0.105450014056096 -0.180756509798733
0.239568929874603 -0.255480926499736 0.289625141195653 -0.303705198347308
0.332539062989309 -0.152630335547944 0.540653672474477 -0.308322872536853
0.566592486249222 -0.246210620324487 0.110797054220009 -0.292645846002246
0.475668993610823 -0.314051018859999 0.0536022958909676 -0.23772325292786
0.284101008811402 -0.506675316740789 -0.0652251576872525 -0.0478673010398249
0.0104551889477577 -0.51636146372138 -0.101295747606032 0.0635188955053375
-0.241196048793456 -0.371536930935843 0.0183885459990154 0.230448172121759
-0.321756937555727 -0.223395469502481 0.152627409139694 0.222948817665454
-0.405722240614976 -0.102082806055214 0.233809452728294 0.150252949140432
-0.397914142795354 0.00409642680427472 0.236110343897204 0.0604966680775851
-0.427465001336619 1.42648753156168E-05 0.239113759037331 0.0457613239530893
-0.37389564242692 -0.125524416341387 0.174620594350664 0.0859822712071395
-0.355807950486607 -0.230681300340095 0.0714626611542096 0.102893790460185
-0.232976454518129 -0.453556403484694 -0.0247431973196015 -0.0389260736844376
0.0133113743191085 -0.548815643300161 0.0483377178746658 -0.1897218852029
0.304486221853539 -0.419450230579671 0.210522565150983 -0.288723235566387
0.478055027853482 -0.298966975638998 0.406688118136473 -0.277125238274693
0.649448961623189 -0.340892868822304 -0.0868242394859916 -0.205052478172533
0.549674030102035 -0.407605785761808 -0.06204248771121 -0.160358326293264
0.344841157948073 -0.61874584723112 -0.106199922808604 -0.0305223884734337
0.0369369848558452 -0.640554357710087 -0.136851326017815 0.0334039512742755
-0.272832227267007 -0.485170987844552 -0.0433241434246201 0.159593971467415
-0.382100207503478 -0.306720265936669 0.0273126597253559 0.151291699207971
-0.479766609214439 -0.15856520822377 0.0781762972410883 0.119534676538982
-0.465799533670692 -0.0228173090690786 0.0774970544900054 0.0552163211017923
-0.496316813480514 -0.0153560184245092 0.0832553612605335 0.0372885298353969
-0.437935511709089 -0.152716430486563 0.0355857846333162 0.0667808158486408
-0.416661016028042 -0.264854106547178 -0.0231133356564438 0.0750945795970589
-0.284626419423247 -0.512039561078824 -0.0879373034198566 -0.037646658168933
-0.0211288537926069 -0.635369312153853 -0.00721360196893527 -0.162624973584027
0.318139371712716 -0.515989212911287 0.124237925761283 -0.21157423014426
0.543521482407486 -0.398882454525119 0.237361877541617 -0.182672368211608
0.629290264985755 -0.392467294141849 -0.29812156380958 -0.0912895420823051
0.524388035904687 -0.451404754479309 -0.19722367849256 -0.0557330602849282
0.332569498301312 -0.639297024284975 -0.147848800691863 -0.00238879108430836
0.0374302566029975 -0.651967971637036 -0.159086823180416 0.000265511850598034
-0.264401232080172 -0.504808720893753 -0.108153797893713 0.0574648331463651
-0.381558337226757 -0.33170055751182 -0.111419599986076 0.0519314588336463
-0.480720125875101 -0.185926231781874 -0.0941411832286305 0.0688362534746757
-0.464373351269905 -0.0478269785876098 -0.0928220915903697 0.0426797935864373
-0.488976694560185 -0.0398828180414452 -0.0823180968063092 0.030091225284434
-0.427507509386717 -0.172957485770666 -0.108602535489727 0.045890141870645
-0.394316620169768 -0.272469388466596 -0.11756863399331 0.0413584332695921
-0.259539321915566 -0.496738929852423 -0.135734176251982 -0.0336986665323352
-0.0214052395286657 -0.611608865551518 -0.0459408379802965 -0.115618668874582
0.29851998777662 -0.511675351262018 0.0480251271175131 -0.0926962650513896
0.529353749936921 -0.421707807209636 0.0624903420794232 -0.0479086659801666
0.507456538522218 -0.386229999319711 -0.480416076642531 0.0342165600682434
0.396569686977705 -0.420850139911865 -0.315610333771267 0.059856049345189
0.244616376431646 -0.534822729977571 -0.17603029216431 0.0306502178160374
0.0230210156602069 -0.527654319252699 -0.165437302593943 -0.0283664594178927
-0.210784426908948 -0.418319312915559 -0.163669656142005 -0.0472934275135965
-0.315871854156927 -0.289742871310713 -0.237511679900072 -0.0487301220257648
-0.403132354230345 -0.179657913808396 -0.253873080338811 0.0113679865219331
-0.391565040434581 -0.0674649068148097 -0.247691380281913 0.0234022308727532
-0.408713601417274 -0.069979587114174 -0.229595165319613 0.0137378540710229
-0.345930665340882 -0.185275722262434 -0.228741746058051 0.0103269414751194
-0.292528581133726 -0.260279839774015 -0.18772861819397 -0.0100108870442312
-0.159243949084792 -0.415192063801318 -0.153558582848044 -0.0413182665903503
0.0182191335599864 -0.486463737912174 -0.0618440006256714 -0.0685993718942442
0.253334299053795 -0.407985393502877 -0.014261400878434 0.0297639661857959
0.442282318523306 -0.366647122374685 -0.098182271611379 0.092997732143392
0.306005806707179 -0.316084807607365 -0.598214425852684 0.154652123263734
0.202998069608454 -0.310111698186965 -0.3879828791151 0.170872581988181
0.121598990442356 -0.332174292220724 -0.183667895612203 0.0653831287094024
0.00973315204693309 -0.30878537541543 -0.151084345536848 -0.0389095657456443
-0.118469329962054 -0.259176997869654 -0.19600691258788 -0.127591629974029
-0.195058723867264 -0.199797388931422 -0.327346374297014 -0.125480250478182
-0.261932822476879 -0.143708518754184 -0.375176141846715 -0.0379819649317558
-0.259368929479678 -0.0780935061065296 -0.363344967292674 -0.00119185235981681
-0.269162514201447 -0.0909397143168588 -0.338730277410629 -0.0168370933431421
-0.213650916069982 -0.174319256962881 -0.303755110378125 -0.0463362100543178
-0.14688785526083 -0.214533490275313 -0.215704572864682 -0.0790218798612248
-0.0350291477446592 -0.27511678245771 -0.135524159958318 -0.0614446994584611
0.056907274930695 -0.287797315853242 -0.0582406804876772 -0.0324444482676928
0.172147599002829 -0.244706085943275 -0.0648848638928381 0.127546364479526
0.290324069421312 -0.258521605995179 -0.230364765104053 0.21003793928654
0.0641286716012478 -0.186869552505152 -0.633717516274222 0.253138593169151
-0.00267532399427199 -0.140793238259682 -0.403197802598459 0.265339611479561
0.00516563003525657 -0.0833081622704045 -0.164596533572341 0.102854366509086
0.0149428847628552 -0.0628467528140052 -0.117039336017436 -0.03129537836815
-0.0039540051330447 -0.0807520478713465 -0.201554117350221 -0.170754127455401
-0.0426352333583466 -0.0923119373208785 -0.369426110828975 -0.16546556129317
-0.0776934697613136 -0.0935942323797678 -0.438660202006129 -0.0711533443720248
-0.0885136301302537 -0.0755647484112023 -0.424177733087885 -0.0235051721169789
-0.0938181688344822 -0.0891758910212872 -0.39446333351523 -0.0582063512782156
-0.0623992965539227 -0.121505206953258 -0.325683933478642 -0.113401712243196
-0.00568049753175483 -0.121497059569621 -0.197643735103715 -0.150956709333728
0.0540002353438643 -0.0945628055969984 -0.0892399707907655 -0.081395119039185
0.0500289006963193 -0.0648535594846244 -0.0450133188594784 -0.00359653225498005
0.0472382092029772 -0.0739514499382174 -0.106891978799565 0.189883570850226
0.0922508180426278 -0.127487315114522 -0.316402114955452 0.286304410238329
0.195520169552939 0.00215003281424428 0.338408901501937 -0.401016624053428
0.160967907195712 -0.0764756812458655 0.146547734329381 -0.315082058933021
0.0478017168568915 -0.158435503727838 0.00185285642986767 -0.0418894723047188
-0.0707477527196589 -0.127813114708526 0.0109295021571414 0.0976587985815838
-0.110680720201294 -0.0319546915861976 0.149881231568705 0.236741477092485
-0.0916051959505908 0.0146778162016384 0.335558216683584 0.217768312438966
-0.106180742939868 0.0482938920073049 0.429110308285489 0.108613147217888
-0.100460603417889 0.0618588510045136 0.439439600013774 0.0301398536998664
-0.114469024379621 0.0512750753617286 0.445365457182033 0.048830584664637
-0.112708302972893 0.00442908500230348 0.369947542127705 0.114669912070422
-0.125722547270981 -0.0470181714870375 0.218033047430273 0.14798511420655
-0.0904939462927454 -0.147422428397109 0.0986854147307497 0.00228206737685416
0.0318225739726503 -0.170145140523296 0.143294747613573 -0.144017217391958
0.115153213128575 -0.0780241353796867 0.331147431536068 -0.280054545351144
0.126866615463691 -0.00270992193718318 0.61457130395901 -0.309987388441279
0.405119139106302 -0.151756452385962 0.253334818918903 -0.369963408651157
0.329843366476982 -0.219835962391924 0.119156780313813 -0.296018609918168
0.158831039584436 -0.358917550868293 -0.030867583899968 -0.0503761722536516
-0.0485637358853598 -0.338446412251018 -0.0515891759875702 0.0888098312492163
-0.200007856340358 -0.204060710290262 0.0932024314740307 0.257704104774483
-0.230886870895917 -0.101480941225054 0.269639044068467 0.243458390991151
-0.28406143046918 -0.0153829894984375 0.366249230693852 0.1394393720726
-0.273614464680143 0.045783940206779 0.369536963701076 0.044402418500025
-0.297947903748022 0.033128236339895 0.373276560944465 0.0412904884921244
-0.267543083215868 -0.069369922891811 0.298197755612585 0.0972311532870922
-0.257480309170666 -0.155226521207305 0.160827640734887 0.126346760215083
-0.170338399353882 -0.327450064164211 0.0401392899478779 -0.0265662647330109
0.0267116883333916 -0.392325216045119 0.0993031668875395 -0.189552446900005
0.235274977890612 -0.274090247789037 0.281959296625227 -0.322713831017973
0.332750569099152 -0.17461953850939 0.540447399817692 -0.340789280516611
0.566360352443414 -0.282338784493524 0.101041692288434 -0.304504604370877
0.473482212476486 -0.341646913083365 0.0466206846086946 -0.24574048491681
0.267302001220643 -0.531551477376965 -0.0671316730437216 -0.0489840595972351
-0.0112458760266799 -0.53178269655365 -0.103293675815626 0.0668146569830986
-0.262866615453285 -0.370822084017611 0.0313508542772641 0.232193720603425
-0.343740017005348 -0.216758060115394 0.168153994496817 0.221137241124167
-0.422515671761432 -0.0839784731506797 0.246056905551862 0.141764412157426
-0.406947765958943 0.0241820860714941 0.243013435138586 0.0519617370836388
-0.436813416233683 0.023196982734575 0.246010576426485 0.0345073202994773
-0.393367589791736 -0.112663716895804 0.182786946036269 0.078741380812456
-0.376063569237959 -0.219862137762499 0.079011008452612 0.101162557997686
-0.262406064069464 -0.456364504224799 -0.0269043213109023 -0.0381038973550438
-0.0133767437141139 -0.566141251761961 0.0390360542529902 -0.198109175962914
0.297369477911343 -0.446722210818349 0.201421797700312 -0.305076660768451
0.475977257115467 -0.333950942241881 0.40371309588315 -0.30254551125439
0.646975688216585 -0.383111403140732 -0.0968419692665413 -0.205326520471634
0.546613627879236 -0.440886382379209 -0.0683225199899242 -0.160525967668444
0.325341704540852 -0.649087093434558 -0.108756276396834 -0.0291117859435905
0.0106215037359003 -0.661095438515003 -0.141460372269524 0.0374720184880864
-0.299781390801102 -0.485409950616787 -0.0357484149334737 0.162142655030542
-0.41034227170986 -0.297615492084772 0.0360561356749551 0.15505312140651
-0.50250766323992 -0.138300328250482 0.0858878319755044 0.116624372920602
-0.478452858343152 0.000331232324932448 0.0797712946895988 0.0532143547835741
-0.508901291204262 0.0100043486148558 0.0855196880816061 0.0338789437636637
-0.460578634397498 -0.138251588917016 0.0388882807913535 0.0660124008442766
-0.43933538136032 -0.25225967422108 -0.0195473557549157 0.0765244925742002
-0.318354285541602 -0.514738723759593 -0.0920651019001313 -0.0340527256539561
-0.0529007236235333 -0.652670636642172 -0.0160235736792926 -0.168733122550293
0.307709501700547 -0.548071626910698 0.115640128615688 -0.221777644008527
0.539588800037344 -0.440289619025356 0.234879546379857 -0.197321026319891
0.626747964518624 -0.435178621582498 -0.308240689550429 -0.0801824182643116
0.51984290091606 -0.486953668983233 -0.201701205148643 -0.0483136390850228
0.310497588845283 -0.669466270046867 -0.149676966735933 0.00289155481223043
0.0100960200990003 -0.674783111306508 -0.166160441207637 0.00589768765036221
-0.293891427027169 -0.505642608817983 -0.106920379692273 0.0611227609959794
-0.412458474038279 -0.323113576880945 -0.111915694376617 0.0601600956907161
-0.504650161149948 -0.165179317150132 -0.0929590880687688 0.0723440409162213
-0.477686198586098 -0.0243756105372211 -0.0943339781085101 0.0474398061261337
-0.503512564140096 -0.0141518250515867 -0.0840656066989389 0.034647111817889
-0.451895673937722 -0.159536584180512 -0.109713310427312 0.0521609966569792
-0.416386071575081 -0.262076960620272 -0.11843480474302 0.0463964964939746
-0.291950247227863 -0.500287043292622 -0.139642906042365 -0.0282394057989323
-0.0531377542383027 -0.628706369415987 -0.054045146787502 -0.118548068913219
0.286960746358611 -0.54323675809263 0.043053740510443 -0.0974579255949539
0.523567637250889 -0.462513273256817 0.0608203053084491 -0.0498361160934922
0.502879177873742 -0.422785995984448 -0.489021456564943 0.056869868527255
0.390906654598438 -0.448797030513709 -0.318275283461721 0.0754281467300537
0.227913745148062 -0.561120965434475 -0.178284234644024 0.0385703752345176
0.00154380359140983 -0.54718541110542 -0.172923446182904 -0.0223249785005093
-0.234952709952377 -0.419353414710141 -0.170077854943212 -0.0433864107341607
-0.341685820112551 -0.283705924395311 -0.247275401804244 -0.0366430776154454
-0.425817166160808 -0.162521839966514 -0.25966425089586 0.021058523184115
-0.405133461403652 -0.0473314461039486 -0.253084858729575 0.0341033055545555
-0.423783968935331 -0.0494924786140609 -0.23556830154426 0.0249169517082476
-0.368293469783869 -0.175373962068648 -0.234738385143323 0.0222532241435791
-0.311529188056778 -0.254277908700502 -0.192379341635313 -0.00251700206458373
-0.184901533189528 -0.42073857520152 -0.157348356736998 -0.035613597222731
-0.00584052243502254 -0.501542126850016 -0.0681019398378444 -0.0697974670708758
0.243568958456299 -0.433076934481054 -0.0147727573146441 0.0307570670138271
0.437482392169135 -0.403215462932922 -0.0981793360514275 0.102480145013782
0.299679584245133 -0.340659921092576 -0.605386387619906 0.185820052436748
0.197092870889278 -0.327934599795955 -0.38743565685414 0.193163964440563
0.110200123983206 -0.347261301003057 -0.184046377316136 0.0752908095944043
-0.00228648847920936 -0.321113829155407 -0.157853957362454 -0.032614201103938
-0.133006072722287 -0.260391860195269 -0.208184527726171 -0.122856097382976
-0.212466353061453 -0.195340446121259 -0.344045108502524 -0.111465903529326
-0.278380705972187 -0.133250802870715 -0.385920115335923 -0.023675719820395
-0.27129125426594 -0.0656918464302317 -0.372836906637204 0.0138952239329734
-0.281945065854078 -0.0780890509506403 -0.347761813892805 -0.00104762850936017
-0.231759981563745 -0.1689301565154 -0.314246622489937 -0.0317610440296537
-0.161725159967602 -0.214252948903321 -0.224744071669066 -0.0716965146270168
-0.050640723769202 -0.283074619386974 -0.139897405503469 -0.0574879409832788
0.0437415260292609 -0.300418336496505 -0.0631691158451084 -0.0326090300626423
0.167884155781314 -0.26138202657556 -0.0619667735283366 0.13304968464769
0.287018943181884 -0.282429119468324 -0.227412631799921 0.229547653430394
0.0585809042243105 -0.195618443651975 -0.636611832686481 0.286273915923045
-0.00753509699003006 -0.14441911293507 -0.399589758185123 0.290168949716303
0.00191996538868928 -0.0867511198905468 -0.163305350543886 0.113766900888784
0.0130780003413132 -0.066646657156869 -0.12120233009412 -0.0261659382116358
-0.00703863688056076 -0.0820181730419922 -0.216516232538956 -0.165592945026638
-0.0495052304983203 -0.0920363422475224 -0.389186465089464 -0.151151030159957
-0.0861066328061301 -0.0913848250229709 -0.45318350477412 -0.0540484340156706
-0.095411166136711 -0.0717359868303588 -0.434891314860024 -0.00749310942664679
-0.103070825449148 -0.0852978662955716 -0.406272270278486 -0.0411586900257388
-0.072869762011576 -0.121882370280054 -0.339574683666735 -0.0995752643483689
-0.0128924131893375 -0.125665681171527 -0.209361461598172 -0.144954070213949
0.0490446938140106 -0.101336593297697 -0.093453849658898 -0.0797026800983111
0.0470948336770344 -0.0706438748105848 -0.0477483810225464 -0.00244893868984853
0.0459234019815858 -0.0798885355932466 -0.101663691859944 0.19860264075511
0.0907354884235458 -0.13777654453882 -0.314443737105701 0.31096480179027
0.19602311411609 -0.0102104525546324 0.319169579986561 -0.429524951298357
0.158153800491379 -0.0869166816948984 0.128414907047294 -0.329045784769833
0.038641686167645 -0.162952598692721 -0.000749656926318417 -0.0446692084834761
-0.0789201823805548 -0.124655933403774 0.0153128228821281 0.0957986100565377
-0.114358221883275 -0.0262526776861293 0.168021525601738 0.228660264103018
-0.0921770182955015 0.0179987945166542 0.357025943580965 0.197320369845467
-0.104067451720336 0.0568310443626736 0.442127032044548 0.0835502865874324
-0.0963478730658704 0.0689204233083918 0.446850533001777 0.00511493669497604
-0.111544692150019 0.0597213164554832 0.45426752447108 0.0194001371091358
-0.114144928562569 0.0122960957041607 0.383748903076983 0.0910334706248446
-0.130272063383951 -0.0394595944763699 0.232246363956977 0.136071253662202
-0.101879184191364 -0.142700078869303 0.0994474440394154 -0.00260357524326337
0.0202173810340602 -0.174225319193376 0.136742022442479 -0.152794524846066
0.111485707474485 -0.0862876093140504 0.318125314182938 -0.302120031079852
0.126424250078106 -0.0112192752473177 0.604580323751198 -0.353858387219971
0.396706293877606 -0.181348601241402 0.235866601730526 -0.390965961259353
0.321376535864848 -0.243230092517228 0.103670728704728 -0.307467464298036
0.139112466718815 -0.373027896162621 -0.0340945704661854 -0.0519182215345193
-0.0690506540714311 -0.341904366039297 -0.0500240647126086 0.0905338346180588
-0.214761259429081 -0.195441629150257 0.111961658087782 0.252977188953018
-0.243187989766799 -0.0910251565345442 0.292098612486001 0.2293353112431
-0.289784428770912 0.00448595710502531 0.38071462882183 0.117967857007977
-0.273825046339128 0.0646138829648697 0.375473973422984 0.024042291310085
-0.298555381746197 0.0541811988789196 0.379733609844771 0.0171893473158174
-0.278897159187349 -0.0537046061596658 0.308810405658916 0.0775551494505526
-0.270883937877169 -0.141786786686338 0.172418089402775 0.117182850841347
-0.194830583563174 -0.322719965686658 0.038747463825262 -0.0291314561952077
0.00205897567664558 -0.401401164732402 0.0889079689899673 -0.198460453441842
0.222449758626108 -0.295109402504925 0.264950855130732 -0.342457757348553
0.325472179086028 -0.201649700748821 0.526673859965928 -0.380356576372704
0.554030475448957 -0.325947452995452 0.0851947140168796 -0.313890573996385
0.460385156424878 -0.376163819597553 0.0337046777315503 -0.251873928084015
0.239388724987078 -0.552714354772549 -0.0705278242878849 -0.0487322726050973
-0.0416060214718903 -0.54177337870005 -0.10476584505566 0.0717015780614624
-0.288028694967252 -0.3611093355022 0.0474613525092812 0.229984199181571
-0.365734032784741 -0.200367061201143 0.186054854192476 0.213905494026663
-0.437018822448049 -0.0553324953123178 0.259667293780366 0.126209018383379
-0.409882846072138 0.0522286214707457 0.247894697332818 0.0385596553398326
-0.440343366854746 0.0530375412317957 0.249280761072995 0.0188261365472866
-0.41035550738837 -0.0899658245181249 0.189443107643007 0.0667620064811347
-0.395386910369635 -0.201086256846144 0.0874467577171233 0.0958960964857078
-0.296648177505311 -0.448663080137107 -0.0302612860498316 -0.0366674522244125
-0.0520254592688997 -0.574430690958759 0.0266344880250183 -0.203964540276178
0.274683191952831 -0.476922848597563 0.183875843065619 -0.31932853367364
0.460367891821176 -0.373185907189733 0.390392692129417 -0.332171569888227
0.629841487444208 -0.433767735670513 -0.109482462441906 -0.200889751898168
0.528694824106266 -0.48278594655144 -0.0769123519894188 -0.158422914909016
0.288528992268106 -0.677702223961511 -0.110942685651966 -0.0249011906559153
-0.0289190844831811 -0.676154533710612 -0.144210293329797 0.0459575747358827
-0.334721842080704 -0.473841519479168 -0.0251413077413651 0.163475636049092
-0.440603248963413 -0.279617217305256 0.0468666061394626 0.156437514164263
-0.522049636751238 -0.105473830595513 0.0946011009681329 0.111018385383245
-0.483966542500201 0.0337170875196181 0.0831048857231498 0.0494731012904176
-0.514372304947011 0.0455871502842826 0.0868192004244346 0.0288079509543156
-0.48144435889166 -0.111582806861164 0.0426978844191131 0.063647144488965
-0.459883554313304 -0.229666932073704 -0.0147701664786695 0.0774642216749722
-0.357664667135862 -0.503449150611855 -0.0949418395427103 -0.02901931825644
-0.0978471150950317 -0.660119265951149 -0.0292425968332236 -0.17217252084986
0.278304177950945 -0.579995139675025 0.102087800218788 -0.230659791401946
0.520298031091391 -0.486765159534299 0.225327334872779 -0.214269329721546
0.606262979891493 -0.484971949802887 -0.316252874148714 -0.0608032716318311
0.499817075772466 -0.527232969376174 -0.205755473463635 -0.0354003103884587
0.273662390338067 -0.698391802996707 -0.150466539840295 0.0108871442675164
-0.0286027654141748 -0.692098709348363 -0.171417367449444 0.015374021446535
-0.330033583993823 -0.495263243244506 -0.105078134290574 0.0659295057710756
-0.442121430461813 -0.303422828379507 -0.110197693300911 0.0701503638236836
-0.52657665819158 -0.133228162302295 -0.0899041377485119 0.0769575429756663
-0.485714574156553 0.00756268374373905 -0.0939988692252553 0.0537178349399211
-0.510454616622565 0.0201875427175363 -0.0840112987589621 0.0407703009823025
-0.473821401934692 -0.133219077000612 -0.108915482445074 0.0603879132162727
-0.43951868127818 -0.242142999883022 -0.117252347612368 0.0540322900206988
-0.33025831055062 -0.49231870533054 -0.142989274624716 -0.020331008862028
-0.0959503101772528 -0.636209233409589 -0.0647557640243876 -0.118984477524536
0.258462044208123 -0.572980245214231 0.0360004707240745 -0.0999186541818215
0.50165673273972 -0.508872353854162 0.0579705202471531 -0.0529711986900542
0.481910602685161 -0.463919450001985 -0.492133363662502 0.0883831079291558
0.3719954748281 -0.482066219325806 -0.316019388171498 0.0958633146067776
0.195585520102682 -0.584322639924185 -0.177394223974081 0.0491849499484243
-0.0303795671995893 -0.561613553728166 -0.178521017096228 -0.0118115729409403
-0.264601991367984 -0.412120480983775 -0.175878732107627 -0.034552584058287
-0.36796345222981 -0.266417078611852 -0.254250584616108 -0.0188879790833511
-0.445982155418604 -0.134458234164249 -0.262481177855982 0.034420037863173
-0.41526386745437 -0.0203593552289287 -0.255610358794885 0.0485699735061833
-0.432201768838605 -0.0192236601085468 -0.237551544860527 0.0406645773676347
-0.389850604005538 -0.154269993619806 -0.236402567227592 0.0382395337312295
-0.331771315072523 -0.24099181131854 -0.195691495341369 0.0093503816019983
-0.216501113475639 -0.418099531700211 -0.1615754301042 -0.0268382777853482
-0.0403775376391903 -0.509508772124256 -0.0759337603383992 -0.0681056322570001
0.22242352264171 -0.459055726997533 -0.0149684691425034 0.03275349071611
0.41875814117657 -0.443310650090947 -0.0944613273133102 0.112362829652753
0.282975052201584 -0.367696586682219 -0.601435737661745 0.224642750362406
0.182295285669439 -0.345221008037459 -0.379599752373663 0.219249601905502
0.0900149750406799 -0.361293265692531 -0.181741781792323 0.0878134870471732
-0.0203257642076507 -0.331643566516605 -0.162845865215415 -0.0230770470141183
-0.150853868517085 -0.257248874649459 -0.219735648645216 -0.112033826528338
-0.230107638454652 -0.184873607766887 -0.358063762909728 -0.0886861161102045
-0.29370199281102 -0.115169129821529 -0.393745954937667 -0.0018719721952073
-0.280243133380013 -0.0471307552179807 -0.377631396409456 0.0356814672180548
-0.292286171254843 -0.0583594554264084 -0.352406734264757 0.0218442362656381
-0.250370706313643 -0.156751784043067 -0.320748795285768 -0.0102132353260627
-0.178393234934209 -0.208548113519825 -0.231855507903876 -0.057838515934727
-0.0717447036758719 -0.286449788599072 -0.144013135501362 -0.050108213042355
0.0227611885275892 -0.308548401674586 -0.0683937573998192 -0.0303055833079045
0.15534050871916 -0.278793534391766 -0.0561823443623615 0.139381986601217
0.274607763963902 -0.309958501901618 -0.218079670544969 0.24981920865042
0.0484965123442652 -0.20363409850775 -0.627173272812613 0.327341396139311
-0.0143735643174296 -0.145993169149083 -0.385505553284253 0.317892041140363
-0.00291096200629377 -0.0897034085252279 -0.158354742781708 0.125781167262966
0.0103366207389599 -0.071144659309167 -0.123609414172224 -0.0177867323137389
-0.0110926898504409 -0.0837496340440582 -0.231946162137175 -0.153909685535544
-0.0566512218172736 -0.0888373836025922 -0.406764384018376 -0.127147106491519
-0.0954506350399583 -0.0862286965359245 -0.463507703011227 -0.0269320202375535
-0.10303469335623 -0.0653013870730337 -0.441882628867516 0.0174576226792252
-0.112009273968046 -0.0779115400272475 -0.414042020363229 -0.0153327470340272
-0.0852069791539452 -0.118821170133129 -0.350195460013263 -0.0773655586288358
-0.022398747444675 -0.127832007621454 -0.22135817475208 -0.133089821204692
0.0411704871478492 -0.107690100224766 -0.098261437660121 -0.0758435189707474
0.0423258180309649 -0.0766327650059581 -0.0507695827062079 -0.000257227083615503
0.0432208914927198 -0.0867200426402965 -0.091305561119973 0.207787218866423
0.0845392720468125 -0.148967557719933 -0.300299506252968 0.338493914357153
0.188326675398819 -0.058467997827567 0.23449335509277 -0.464938391154763
0.134108754851767 -0.122186402854971 0.069572549677279 -0.334631461458647
0.00786119331729233 -0.166682426131846 -0.00188426438511996 -0.0392901112528673
-0.0990450220383856 -0.104484276261245 0.0369367448350753 0.0889431016337082
-0.109785861363904 -0.00326230014320251 0.206558839517479 0.18893482811285
-0.0765963884269263 0.0308425722047451 0.381792162072649 0.124977404228808
-0.0857357758340599 0.0730575960588918 0.450816944060364 0.00276644762181726
-0.077504741609733 0.0770389984498615 0.434939084921678 -0.065453491947884
-0.0947871791134786 0.0730109595151321 0.448774565380643 -0.0504405761525258
-0.108923172551114 0.0268724629888374 0.394912540785183 0.0320873756170752
-0.132269496917562 -0.018548843090362 0.252208040909924 0.0986740278812159
-0.125904514387743 -0.124002107490053 0.100337452953981 -0.0113827826438876
-0.0131013363990291 -0.174680092375606 0.112787916793322 -0.164435090544456
0.0889914250428964 -0.102555537273698 0.269486982088077 -0.346121708112997
0.116898839498605 -0.0347805399533464 0.541995438972191 -0.430696227866269
0.349254830018693 -0.263392957279902 0.163831612859094 -0.398715886736732
0.262914203464926 -0.305549106473384 0.0547194394234608 -0.299507056736934
0.0656047335743546 -0.389382934071735 -0.026416195926067 -0.0317304478314316
-0.1316196001215 -0.319178378298939 -0.0182890932980788 0.101895702686484
-0.237748130950339 -0.149594168883534 0.163906646380104 0.2191187389275
-0.24435105138298 -0.0475472786183153 0.330010210992706 0.16447031168508
-0.281582803960915 0.058426668363437 0.40281433041644 0.0457712612056616
-0.250703415122502 0.102240763064337 0.368954598846331 -0.0384109776691467
-0.281215010688626 0.102452566734779 0.374257324091574 -0.0424561171174015
-0.286244649255277 -0.00843914225550188 0.321789321055682 0.0305988275944175
-0.287986960483837 -0.0954193480052599 0.193151750211003 0.0891018491928467
-0.250746143204684 -0.286039357906158 0.0398504953156039 -0.0248046208748411
-0.0695590281292442 -0.394838295037785 0.0562671611440312 -0.197393345907221
0.166195127247836 -0.328088886047538 0.204140512433941 -0.379477658810435
0.283900644175412 -0.255539593058863 0.453994302173619 -0.447906739141053
0.472620835606312 -0.432682394054027 0.0322821606826023 -0.289437298380407
0.372499385416346 -0.459495977248726 0.000120924949757484 -0.224911662142549
0.127592420227849 -0.58456244675355 -0.0531304799587293 -0.0132779842093024
-0.14508695052557 -0.521260387118135 -0.0663989042325519 0.100507206368191
-0.340544118060964 -0.298370657924425 0.104807191607251 0.206585580651345
-0.385209665784766 -0.132616596967374 0.229250926047593 0.16570622184047
-0.442671459725297 0.0280130825093462 0.292086883307688 0.0750536673870747
-0.386801374940996 0.113889581850974 0.2467568979007 -0.00642964367686826
-0.421455214718416 0.127962583868659 0.247179749454742 -0.0215458931736382
-0.423682889231494 -0.0196312536696039 0.204572331525545 0.0371125303334929
-0.418735562976813 -0.131216547062223 0.107849880483572 0.0803531764889618
-0.375468755465862 -0.392325566266783 -0.025514475006437 -0.020493257841388
-0.150918840061025 -0.557510229428069 -0.00761263183892953 -0.189956390432998
0.190178746578366 -0.515499809653759 0.121866131164505 -0.343459740291754
0.391985733039339 -0.448674226383052 0.321333983735587 -0.38449985064013
0.523553822096487 -0.548624215621261 -0.135578873586925 -0.141029649503344
0.420814868419452 -0.57348737688317 -0.0882337291641784 -0.110251158036656
0.153194197692853 -0.715407880485278 -0.0827512585100841 0.0221863103940986
-0.158839384867465 -0.656897457025958 -0.103325948257756 0.0870657370625131
-0.408164706378545 -0.401768043161315 0.0267936210604701 0.15330965698923
-0.475379535115172 -0.194935412315961 0.0871586813545929 0.132738366274751
-0.538029092134112 -0.00276170527678077 0.131296191909652 0.0873623447597437
-0.464048779976476 0.109059548423733 0.088278791202625 0.0289103564419979
-0.49784042293347 0.137002101732403 0.0887596165611144 0.0124031387465005
-0.498196007170042 -0.026510956243097 0.0596628083136739 0.0554703699072548
-0.48826805234561 -0.147379987744228 0.00508153690972957 0.0768536002064327
-0.445093235022204 -0.436960852539961 -0.0866614692414336 -0.00305661801406294
-0.209574662288374 -0.631524272009099 -0.0576199932127513 -0.148366549113577
0.179324328343263 -0.617240492229927 0.0505756347653895 -0.243120784058664
0.434353491265079 -0.568479654054435 0.1718629135144 -0.245269429083055
0.49148385415646 -0.590237331285228 -0.310688506346709 0.0293944021934231
0.382588698596451 -0.606830307785895 -0.190708812314149 0.0303529074345911
0.134154975034767 -0.73402177863409 -0.114076622407054 0.0643826912429426
-0.163734434905252 -0.67452778145938 -0.13254569774675 0.0626368213983166
-0.409041105393061 -0.425308010583303 -0.0675973306660154 0.0721012646391058
-0.486301636957674 -0.217022721149964 -0.0797825289757134 0.0764454303991838
-0.550999426406761 -0.0268861143255499 -0.0542225025233956 0.0865411385708958
-0.471789767155872 0.0887711950797244 -0.0826604198423379 0.0603440465883516
-0.498970288301813 0.113533297929405 -0.0772109104535284 0.0489102476988706
-0.49444127832552 -0.0471582867903074 -0.0903853964325142 0.0744407701690318
-0.4696914840759 -0.162245513635617 -0.0993187606321882 0.0685052854424085
-0.416030123225997 -0.430479967477042 -0.133742566028074 0.011645169287659
-0.201569035572067 -0.608341012533764 -0.0856594291478375 -0.0915455119412577
0.162387167724797 -0.608281040167333 0.00285124197875291 -0.104127522562567
0.416376172716175 -0.58713108557331 0.0289809107187424 -0.0629802444102023
0.375415979219125 -0.542605562706921 -0.455537322070295 0.197375290030613
0.268407740838006 -0.535319036914951 -0.276309525482141 0.171854335395936
0.081265375675956 -0.608851145474191 -0.137855397761383 0.100706686222731
-0.143516246542985 -0.548974808852986 -0.149497478284884 0.0339994696748214
-0.334976028169446 -0.357377167694837 -0.159016117012044 -0.0125169257584091
-0.411765264086247 -0.192601648145734 -0.237347247881585 0.0166023579515057
-0.473661321845704 -0.0425635163098042 -0.232982006736629 0.0760775889939024
-0.408631614605238 0.0511552866634083 -0.241471497290729 0.0822946140578414
-0.430723641750524 0.0618282319143801 -0.226896227573638 0.0728547210644671
-0.415389940658916 -0.0808677700020499 -0.220964137642178 0.0725008571402539
-0.366259536510421 -0.179180098990765 -0.184034193085876 0.0377487472982957
-0.290427798102236 -0.375651536480666 -0.154998595295424 0.0058337318483689
-0.125613154112386 -0.492016637946842 -0.0902095801494802 -0.044104411622795
0.145617614626224 -0.492364094265018 -0.0251251171602509 0.0337490309558887
0.345432181758505 -0.508955575349384 -0.0952134322863191 0.120757482405871
0.198656832990604 -0.405285833817301 -0.538794991045773 0.338014213192914
0.11009255457132 -0.363465215564211 -0.320874864472331 0.292097806798049
0.0202939702816813 -0.369850545452682 -0.145226799384666 0.129077057168823
-0.0881018663888345 -0.32393707721475 -0.14601066965058 0.0137432393564207
-0.198094722249345 -0.227121399670059 -0.224100992001774 -0.0765199134673545
-0.265713910294772 -0.136737988183872 -0.356088989553068 -0.0297090275527431
-0.320454313822602 -0.0528077784289467 -0.373913867982715 0.0638141925815038
-0.283634891362457 0.00518889734006067 -0.361504949595173 0.0894277094220001
-0.301388350881575 -2.33640614932806E-06 -0.342215442499731 0.0707244670354667
-0.278421569399942 -0.105911431405308 -0.312760594979572 0.0375482639144324
-0.21204450154775 -0.173618761629813 -0.232074198282445 -0.0223469467345498
-0.12426730663466 -0.270325928659917 -0.145179026370776 -0.0230235822008128
-0.0303743993197952 -0.306111174695122 -0.0771442780079409 -0.0124772798251923
0.110063574943369 -0.30408165924142 -0.0456371947984521 0.144888959339382
0.225678767169903 -0.35302609457704 -0.192658663336779 0.274327037020462
0.00293819826087938 -0.197129357145604 -0.547268977057308 0.429244625484682
-0.0424478050728152 -0.128891205268008 -0.315457974359995 0.377772423077196
-0.0198538132877976 -0.0854730081069187 -0.127639457561127 0.15236504261786
-0.00654648059833822 -0.0736050774108228 -0.119363129003256 0.00606891817813018
-0.0318318476901925 -0.0820561871449 -0.251829072917114 -0.110459441443881
-0.0815025782548622 -0.0734223362442274 -0.414535779657641 -0.052876897020612
-0.118707039361973 -0.0617233165837689 -0.454363160557923 0.0533013955968864
-0.115496769202374 -0.0406365502611789 -0.427107862515115 0.0846953120330622
-0.12805115601836 -0.0508326421359365 -0.408407604068656 0.0457634121011193
-0.108567982795815 -0.0967094906804588 -0.353975778286356 -0.0236767667941911
-0.0478140344157204 -0.11943112637158 -0.23492295572414 -0.0972724225975614
0.0186585401331412 -0.113069198765846 -0.106777609606071 -0.0591544136845054
0.0277138211978543 -0.0824454805934274 -0.0539755317841026 0.00863248298344905
0.0313434976591333 -0.0964888641091984 -0.0649969644351262 0.218779899249704
0.0648394155162795 -0.162478166858891 -0.255335857954635 0.375694012523706
0.178795863677742 -0.0643183994580864 0.210106319669764 -0.467635357920498
0.124069234423714 -0.124136090790359 0.0524489624399407 -0.330104638158457
0.000109015291341602 -0.162782848378621 -0.00457640782349744 -0.0398179746677586
-0.0997785176982508 -0.0973737810028683 0.0371043716144451 0.0843422901054149
-0.106827532595873 0.00130845556137496 0.210865599214906 0.173139013730005
-0.075102451911886 0.0318404528023225 0.380471697610051 0.10059024457832
-0.0784624219016818 0.0759114017131893 0.440261822414691 -0.0195779891696161
-0.0715492373469875 0.0789304301112039 0.422064301868548 -0.0813074860053275
-0.0880129017352162 0.0750004952306641 0.434456032276384 -0.0706708487184769
-0.104763574067003 0.0311889120566564 0.386495995990007 0.00979330339508786
-0.129921523180508 -0.0117277561634626 0.252417275728334 0.083756789644605
-0.127768738761379 -0.114265578873668 0.0962316013131886 -0.0144280583581117
-0.0221870127271066 -0.170370846996127 0.103918362772589 -0.1641059158528
0.0817213352822808 -0.103328008851415 0.248600646710902 -0.349636209610489
0.110675310319667 -0.0389944767896329 0.507596021664278 -0.445327376218513
0.324542783315682 -0.27430010786319 0.142589534769472 -0.398239414349755
0.241246184408051 -0.310627650156576 0.0397265198531563 -0.294837004453456
0.04614298475653 -0.382083684785723 -0.0278599336319399 -0.0319687485309868
-0.141868534195082 -0.308326268974232 -0.0169343200381084 0.100475739623049
-0.23834528219275 -0.137166120749319 0.169131492737965 0.20483192310679
-0.244261349940262 -0.0364087063750148 0.331855415499634 0.142513693370536
-0.271267140460789 0.072978870103108 0.395515697044669 0.0231669161783396
-0.239816811571867 0.112496474402035 0.358768209829142 -0.0516235368252747
-0.268482676910567 0.11290076995264 0.361874239404025 -0.058765219237293
-0.281759450625055 0.00553608302798868 0.314739361459626 0.0134327639030473
-0.285872468345614 -0.0802832111171021 0.193995400735167 0.0776629184170944
-0.260559415911586 -0.268219455624012 0.0369850729296151 -0.0252673829132858
-0.0883396759557727 -0.382673653275758 0.0463882625340524 -0.194361835674673
0.147032358392838 -0.329229804480589 0.183388449882574 -0.377800180115497
0.262333941771399 -0.264971348834136 0.421243227594067 -0.458351513419177
0.433897258049245 -0.44661965074603 0.0206997403166915 -0.28257241753572
0.343043452418552 -0.465765942282423 -0.00807264785399841 -0.219470532110502
0.0987260056099388 -0.574588410793001 -0.0524788808896061 -0.0129859571507805
-0.165382797543917 -0.506564559682773 -0.0637842688671613 0.101963234130358
-0.346041298986849 -0.277125657223576 0.110540270371889 0.194737067746778
-0.386735031211191 -0.112004700169087 0.23352608495896 0.151003927802877
-0.429730096568211 0.0526748572924494 0.287500520949765 0.0562017529298438
-0.371903489399789 0.130934641932553 0.240696198632653 -0.0140635402976001
-0.403260266695118 0.14619213676945 0.238313412017648 -0.0318232849303037
-0.4183092062056 0.00218930414330783 0.20016473162426 0.0262913874804876
-0.416549989935848 -0.110773199345642 0.109592633578528 0.0724882015648056
-0.388237146469109 -0.366819899358423 -0.0266851405291532 -0.0185394169960589
-0.175280497024235 -0.537057343579275 -0.0172560497688597 -0.184870355914303
0.161600802186916 -0.515434241082477 0.104744319230748 -0.338978929972461
0.357884532410578 -0.458291754707563 0.295432688522701 -0.389252320102728
0.481765098185906 -0.561738411884089 -0.136336713360539 -0.129411226229801
0.385938472113258 -0.580200019177852 -0.0892720179930713 -0.103319404016902
0.118177240637862 -0.705470529174595 -0.0805768385017583 0.0233635139199421
-0.187937989828598 -0.642523024721515 -0.100402008815842 0.0912373727846924
-0.417258847289798 -0.375670301394183 0.0312804428571645 0.146000389514487
-0.476773599914192 -0.16778947267515 0.0924112993582306 0.126549060545279
-0.526448757813887 0.0279240404208141 0.131286206965317 0.076171957596131
-0.448373617712796 0.130166236885437 0.0865764206676417 0.0267223943903229
-0.476501709982192 0.158657256618614 0.0855680774885464 0.00823156638896727
-0.492539689286248 -0.00134845887944397 0.0603530918517288 0.0521235075322912
-0.485317982466989 -0.123457161860449 0.00854087488689712 0.0743664266741228
-0.459590832611971 -0.407348941593819 -0.0853385630743021 0.000676046406342004
-0.236213610408042 -0.608403118152812 -0.0658418856929223 -0.141673752897098
0.145650071089306 -0.616906462382704 0.0387166236374313 -0.236977852813285
0.394321750877349 -0.580388295906698 0.154545117590985 -0.246248976691515
0.446835282763427 -0.601713773471933 -0.299310219647466 0.0452062099970463
0.349562611269083 -0.614368553458991 -0.183628623157338 0.0391469737532213
0.098736192993104 -0.723336150229941 -0.109177173675392 0.0656892383329335
-0.194951937677603 -0.659322922927736 -0.128831749438702 0.0689226486844057
-0.42163774767587 -0.400238919667867 -0.0641208393520895 0.0719282502446213
-0.489242421007793 -0.189543774415964 -0.0734770626531133 0.0808313483658804
-0.540773213385713 0.00361362209775642 -0.0505496459520456 0.0838940145999203
-0.456658799745408 0.110621338014494 -0.0794452532106008 0.064281891264501
-0.478639347107256 0.137027934122343 -0.074065292745882 0.0519231666357813
-0.489718685368798 -0.0205296340723194 -0.084918793313173 0.0783938766760927
-0.467688655797631 -0.139685394552276 -0.0943313221885616 0.0708700121095008
-0.430694415573429 -0.401060809898448 -0.129732652501811 0.0161229427099988
-0.228297761889434 -0.583475886454339 -0.0911134531575177 -0.0856134137085803
0.130087475601101 -0.606466775961237 -0.00149834127741365 -0.0998975598736665
0.375124643719451 -0.598195177641503 0.0237393309840228 -0.0609862338788343
0.337384523721395 -0.548732994915653 -0.433870188486558 0.21529237259794
0.240130307086255 -0.53720352460681 -0.261232656797961 0.181061483968772
0.0523271341404322 -0.600826130447591 -0.130688388584957 0.10345495400323
-0.168088152476612 -0.537579360599179 -0.145554605805065 0.0410617121983217
-0.344544652865164 -0.337278490555037 -0.158241976264591 -0.00498558068990444
-0.41428371036046 -0.168554480733614 -0.231094666494583 0.0303788780173657
-0.466515261461381 -0.0150683026542216 -0.225546094928399 0.0830538296504723
-0.397219609342892 0.0715249829745856 -0.233212351072397 0.0914055261421407
-0.41524665597336 0.0827140987364705 -0.219050255308598 0.0807146021371598
-0.413792372584948 -0.0560887256527119 -0.211440758798552 0.0827418740936707
-0.367425406406053 -0.160474104892191 -0.178597288476426 0.044915063185223
-0.305133441313574 -0.3542105553349 -0.150689086244813 0.0113099025061976
-0.147243353322241 -0.475277662140256 -0.0939534553217798 -0.0381506698897501
0.118312086157172 -0.492327064555004 -0.023550775610781 0.0363131355069016
0.309795855607333 -0.517710514358746 -0.0884374491677243 0.125134166184472
0.173900918241679 -0.407644963825865 -0.509108939616553 0.354915307224531
0.0945721699799671 -0.363335764848388 -0.300244078602263 0.300583567014789
0.00379265412228159 -0.365340600834652 -0.136418440983414 0.13234336496099
-0.103946650201036 -0.318926904308151 -0.142025198920009 0.0203812765384731
-0.205332407546644 -0.214994348586948 -0.223767623037656 -0.0640063483326924
-0.267712835318776 -0.120490878134115 -0.348956769990491 -0.00843036619214544
-0.318006598194744 -0.0321362786026701 -0.364030764782084 0.078622232004005
-0.278316318564158 0.020118474880603 -0.35148642966917 0.103434942642941
-0.293471984782614 0.0167025556103365 -0.330918968898242 0.0840169555060993
-0.280941996413258 -0.0873073270505462 -0.302152138174558 0.0530016121976573
-0.217005586759676 -0.160900495467163 -0.227328758670326 -0.0112913122905503
-0.136879875462856 -0.258381433243625 -0.142095466862704 -0.0175601364171417
-0.045515619314801 -0.29793498698589 -0.0791813221784016 -0.00816561987102776
0.0924310494444748 -0.306148788055601 -0.0380433356852664 0.144980632461227
0.201874314764496 -0.359844817854213 -0.176185558681129 0.279416391133398
-0.00581535440115579 -0.194411954012533 -0.515414063898252 0.442852323501326
-0.0453923350192968 -0.125681758403956 -0.290937944789947 0.383567365536197
-0.0228592775245653 -0.0844025889346153 -0.117237266094292 0.15558343768693
-0.0113718785999711 -0.0740156059711157 -0.114805331329853 0.0106663664445186
-0.0348173008273282 -0.0804871240339723 -0.252926726270876 -0.0954470797830458
-0.0825307462296031 -0.0677118067430066 -0.408475361642864 -0.0288996514797704
-0.120648866718182 -0.0528684751766105 -0.442151571668463 0.0736756667914798
-0.115774164069275 -0.0331482049438507 -0.416389285819858 0.0998655087836433
-0.127862520731785 -0.0415210366738522 -0.395863284004079 0.0622846430995834
-0.113533139278791 -0.0875582828464965 -0.345368137963238 -0.00489020278475435
-0.0539127844713026 -0.115284902642212 -0.234106219486237 -0.0840076531180387
0.0103914442134852 -0.11243613149394 -0.106400895964983 -0.0539221711754578
0.0220105125216983 -0.0829900183700911 -0.0551330789309709 0.0122347991866611
0.025896712324352 -0.0985872666052498 -0.0535034698190795 0.217784178101181
0.0559293995309677 -0.164740292754185 -0.231399281220751 0.38144939895099
0.171523872675276 -0.0661787093218625 0.196399645591114 -0.465547463538065
0.117901635630303 -0.122933942439753 0.0446963724966045 -0.326085774765603
-0.00352692194894174 -0.158483297787981 -0.00641230661514236 -0.0402467973821358
-0.0987367734763322 -0.0942857340302211 0.035160379917528 0.0827020799759457
-0.103976038984411 0.00288929953289178 0.210715011744142 0.164187280118884
-0.0748027027650905 0.0324371546174048 0.377571332428125 0.0869132000654284
-0.0733356532468465 0.0761370161872712 0.431517509097122 -0.0317503197925556
-0.0672841563282404 0.0795229759107837 0.415626753418637 -0.0866065906647576
-0.084123603670891 0.0749290374131861 0.423925964693605 -0.0789709304441244
-0.101702463259381 0.0328612589954935 0.380067990686198 -0.000403985199460945
-0.127155788129751 -0.00788051375523555 0.251675122346758 0.0756912242636139
-0.128033901464433 -0.109135426067904 0.0942553805629919 -0.0138041806861479
-0.0267716704121302 -0.166267836916573 0.101072362903733 -0.162743132338251
0.0775709635093408 -0.101613644810168 0.238565359196405 -0.347772247178353
0.106342332402879 -0.0400138604315769 0.488886786240091 -0.448992679729469
0.307574222139337 -0.276032192601457 0.133266541127852 -0.394657968334326
0.22920739298504 -0.309303551194818 0.0340692251570062 -0.290809245124978
0.0372822236319957 -0.376001778053847 -0.0291005668138848 -0.0325610291420344
-0.146393771057878 -0.302507653551469 -0.0179787592201802 0.100156431553672
-0.237057348656497 -0.130715275123071 0.17000592136067 0.195559903895714
-0.244070752210712 -0.0310063110906841 0.330333705373055 0.131077209773138
-0.263325877392797 0.0794768495734874 0.387987878916393 0.0108106150902552
-0.232721751342068 0.117206665864836 0.353690853551109 -0.0552498102910462
-0.259319793261699 0.116745004464379 0.352605104859075 -0.0659966848422964
-0.277848190902915 0.0128284938135547 0.309521659466861 0.00403097216388022
-0.283676304176727 -0.0728092366330454 0.192952849211927 0.0705513438399128
-0.26344470212759 -0.258453940266521 0.0349391569634201 -0.0244394779743153
-0.0966629749979716 -0.375059848476031 0.0415489489281567 -0.190877354266498
0.136322105151988 -0.328373101759367 0.174135029245509 -0.374325209223871
0.249783055805742 -0.266745759799707 0.401391592062074 -0.460283679670722
0.411924814276733 -0.449018512692109 0.0170249582706306 -0.276357319879799
0.325304619339725 -0.46622627551538 -0.0115960286162384 -0.215073465625682
0.0851859060707534 -0.565367975927752 -0.0533395606017649 -0.013537844404006
-0.17508686826984 -0.500012852022051 -0.0642809577400376 0.103800501264249
-0.346605345228246 -0.267469995646719 0.11096019947469 0.187885098590305
-0.387618808358387 -0.102634864091439 0.234239853807388 0.142329239071376
-0.419493123526367 0.0647426835135638 0.281879126636615 0.0453325558839944
-0.362791739194209 0.138530907310252 0.237072551081742 -0.0153741067096828
-0.391210265990115 0.153815575163492 0.231891103154634 -0.0364801070120154
-0.414247548216773 0.0125563549624078 0.19730751082486 0.0204737345264411
-0.412977202192901 -0.101000645934017 0.109080358463405 0.0683124274872541
-0.393393392482856 -0.352184519616923 -0.0275660639460863 -0.0175196810655566
-0.186148910969884 -0.524759160735723 -0.0216501840046337 -0.180752312434202
0.145279440868403 -0.513810025052499 0.096937786928029 -0.333444394498033
0.338398378362006 -0.461361354596385 0.279234118206717 -0.387831392855286
0.454426161097392 -0.563731821773551 -0.133430417629821 -0.121894860075566
0.367371244013304 -0.579930872070288 -0.0877431283733861 -0.0990463949866816
0.101419071878 -0.696273578457465 -0.0796484415557798 0.0227600950262304
-0.202199436831954 -0.633422360404884 -0.0993488794590966 0.0947305551242479
-0.419174427426042 -0.364560430425974 0.0322430116001653 0.142708839250587
-0.477619465435425 -0.155704985431595 0.0951680087206329 0.123642670748354
-0.516583410360798 0.0429203161681099 0.127987850671937 0.0686558594612073
-0.438642601433754 0.142071765660144 0.0858479162576534 0.0276658465088806
-0.461517545985943 0.166545974385891 0.0822296596002369 0.00690141272528725
-0.487188447146554 0.0131206423493301 0.0603786078937152 0.050293273670133
-0.481967797196201 -0.113203415318304 0.00917432333193265 0.0721181017805279
-0.464757040892878 -0.389602404130489 -0.0850629352849065 0.00182947971830836
-0.248361638329359 -0.592767389236714 -0.0701840447839629 -0.137340832980222
0.1278229854115 -0.612893597543212 0.0343521811513603 -0.232198994438582
0.369865695981269 -0.581052797234157 0.145020563520616 -0.243439956330536
0.418756787962746 -0.602124894065014 -0.289703433841123 0.0537289937836865
0.331487966914674 -0.615388453092542 -0.177832431817529 0.0431677810069693
0.0831345138609059 -0.715915098062545 -0.107326626287361 0.0660004440259014
-0.209787822669387 -0.652145390356501 -0.127432486122163 0.0731691306669304
-0.426076396896438 -0.38639761035681 -0.0633591958366111 0.0722695463145175
-0.489817934242708 -0.176124050664199 -0.0696669379413653 0.0838423775599795
-0.531548622075437 0.02286427589074 -0.0503114079732328 0.0804188791692009
-0.447604616458288 0.121203976081827 -0.0775834736196923 0.0677054636960195
-0.466078266767751 0.145917243426513 -0.0729502292550837 0.0532354168022692
-0.485463959392058 -0.00625469033490104 -0.0814428316784994 0.0800225943862384
-0.464626284127261 -0.129813600915605 -0.0924538029128148 0.0717383478061437
-0.435668169706831 -0.384560682756391 -0.128204537156747 0.0178074695756691
-0.239116181497278 -0.5708502564121 -0.0949182745789196 -0.0806756178891576
0.112328403912182 -0.604418253262295 -0.00305779298946508 -0.0960705184222342
0.35062692850927 -0.598646995900961 0.0205001039003845 -0.0581986613911658
0.316273454462256 -0.548543090777756 -0.418668744409054 0.223218532321927
0.226284098699148 -0.537933815464401 -0.251793130439946 0.184820755801986
0.0397172354504246 -0.594307610925209 -0.127611977112505 0.104067441271167
-0.182683662794345 -0.533122860301768 -0.143506504502754 0.0459649437129328
-0.348660955944361 -0.32768991452605 -0.157035101381172 -0.00054762188238689
-0.414538003174929 -0.157169571668031 -0.226744363969379 0.0387779273851316
-0.459363611655088 0.00174828930309949 -0.222561085873838 0.0845663407218846
-0.39041406801935 0.0814827308181074 -0.228901618742331 0.0963046503199726
-0.40482911474331 0.0926209604419845 -0.213860225478892 0.084281506073727
-0.41142934115882 -0.0430486490234097 -0.205427514048462 0.0879319835694389
-0.367321650211145 -0.151228067737802 -0.175438225008748 0.0477619119296872
-0.310764908702969 -0.341740562468381 -0.149063014093072 0.0121781734902569
-0.156593331798976 -0.463888623688937 -0.096189629487595 -0.0340520289214006
0.103594522979861 -0.489249362420987 -0.0216690407495197 0.0381241832876121
0.290089943562207 -0.518502259727393 -0.0852753907062378 0.126899579226793
0.16021612749315 -0.405547187453973 -0.490517753404654 0.361142499377413
0.086942061155878 -0.362990446567902 -0.287780315938188 0.303195449342559
-0.00333946613025416 -0.362029707670543 -0.131814012723516 0.133374914117567
-0.112468867154538 -0.314939109816835 -0.138864854336062 0.0235670152899787
-0.20851693523983 -0.209165096910617 -0.223730942260093 -0.0570017319388548
-0.2677960619209 -0.113074863717669 -0.344146976689519 0.00274949770694092
-0.314525820355543 -0.0195348452636774 -0.357798140003493 0.0851284849488886
-0.273922587174818 0.0275582862408875 -0.345920467916806 0.10912946387728
-0.287027070090594 0.024902763869119 -0.32352759199662 0.0896408393379527
-0.280986938792297 -0.0773207457942652 -0.294712421839174 0.060276387921573
-0.219540219148521 -0.154440263270867 -0.22442228025534 -0.00555759303422889
-0.143731430544663 -0.251597883189264 -0.140401074301918 -0.0161069447888639
-0.0517867602668873 -0.292353970840607 -0.081158797531624 -0.00515817151704977
0.0826729017215014 -0.3065699896469 -0.0350322556279457 0.145158332212772
0.188596877562213 -0.361260562577487 -0.16770572995499 0.281102174821461
-0.00969245764826229 -0.192865656221228 -0.495876943790701 0.446674358888891
-0.0450013753800027 -0.124396835946499 -0.277498207573523 0.383844074282348
-0.023519700404202 -0.0851224948594299 -0.112343144255971 0.155870289767816
-0.0140683146930918 -0.0741222921204585 -0.111504548971146 0.0123640056172916
-0.0364818368368751 -0.0798719717380235 -0.252313764832278 -0.0872776039634625
-0.0821355713499643 -0.0642941932168362 -0.402295247598086 -0.0164715470684471
-0.121795836454884 -0.0463800650181236 -0.433870401809105 0.083260100663657
-0.116016587176717 -0.0288629242105918 -0.409536134493462 0.106301548903902
-0.126477056472331 -0.0359444334629781 -0.387460005262952 0.068899052288792
-0.116235997954898 -0.0814454525579074 -0.337891546307123 0.00395936550203917
-0.0580914237436934 -0.112824336083358 -0.23199784996499 -0.0766849006848848
0.0052310070746376 -0.110624538208254 -0.105236945850991 -0.0525160820344382
0.0193172948981804 -0.0834107365759565 -0.0564998200071276 0.0147533522936856
0.0224948584626263 -0.101328591049961 -0.0481618435562996 0.216158215589848
0.0504048339690282 -0.165974591096239 -0.219317093276613 0.383758170660869
0.169573524650887 -0.0664060257054182 0.191557390937566 -0.470276204333878
0.115948362865679 -0.1224447931547 0.0414930647174768 -0.328195826436439
-0.00484603412229149 -0.158061156019034 -0.00808695900396845 -0.0412511667971992
-0.0989951891286913 -0.0950729799455044 0.034048932803058 0.0832563804787291
-0.10331327034211 0.00297880051104026 0.212555549142901 0.160489054472273
-0.0771229383144492 0.0329795204069582 0.380334048018706 0.07902088770522
-0.070210171301831 0.0770196941410491 0.431139175527889 -0.0379199461874901
-0.0656817462246655 0.0812115181365353 0.418358323315505 -0.0894312143294541
-0.0828074675975984 0.0755607328179455 0.423176431866331 -0.0827021674954513
-0.101370849916621 0.0339913851752942 0.379816275371814 -0.00776852214081276
-0.126960050384058 -0.00653522405705888 0.254071007497065 0.0725128582899728
-0.129652845548544 -0.1081433502107 0.0946104244077118 -0.0127698329671318
-0.0293811556464823 -0.165836020846686 0.101629923139203 -0.164808059636367
0.0771449723492076 -0.101678122497765 0.23699109376853 -0.352005353255802
0.10517117911767 -0.0403830154119548 0.483055482749035 -0.455425214537865
0.301594996945244 -0.278668682359355 0.130592077749216 -0.397194775370312
0.225088105326864 -0.310703475360942 0.0330794306182846 -0.292867419820896
0.0338212925582771 -0.375764135514787 -0.0306906004123959 -0.0339743145668247
-0.150279934946534 -0.304201083912414 -0.0195744304915323 0.102580361235494
-0.239735311250163 -0.130961911914354 0.17171880168327 0.193608783020085
-0.248639709097381 -0.0284394104103873 0.334777763407673 0.125096052204254
-0.260480399906901 0.0834741837131193 0.386665897875366 0.00391873633844803
-0.231801561845832 0.121332551868157 0.356746050096299 -0.0558863709145262
-0.257969497218019 0.120622084377898 0.351858062945251 -0.0685282879288301
-0.279881337844144 0.0160330658108587 0.309021831574582 0.000141464393424219
-0.285785828272683 -0.0708947671481735 0.19449549263247 0.0679330623420139
-0.268739567753455 -0.256929843691918 0.0346087947216305 -0.0233554463184042
-0.102476244339536 -0.37449824036208 0.0407683514666007 -0.192331054985358
0.132493138158787 -0.331192298913205 0.172294021124969 -0.376357944877573
0.245790365845423 -0.270894837210496 0.396748012296872 -0.463585392925729
0.402579783538215 -0.452345434307465 0.0178037253973346 -0.276411056196301
0.321519942354804 -0.470686518235518 -0.0112516003344722 -0.216523657042481
0.0807842759962212 -0.568965254074512 -0.0552713294930145 -0.0143708411193651
-0.184411962693034 -0.504123430294064 -0.0654293054643468 0.107562487396054
-0.352159661541394 -0.267923167293466 0.111852782927777 0.186838152768529
-0.394898625637213 -0.0981309365942691 0.238168505738818 0.13989352866054
-0.418723824596197 0.072610644080282 0.279669275794234 0.0400114597364604
-0.362498247172023 0.145535137166726 0.239897995382762 -0.0148852350018795
-0.389700307921613 0.158513625366199 0.230400143066661 -0.0370122692871237
-0.41766233033455 0.0191231262182768 0.197163732357644 0.018544390361859
-0.417149506809142 -0.0985701997834731 0.109790638139882 0.0667806052928396
-0.401050006987781 -0.348864912668024 -0.0287691097206772 -0.016206952756924
-0.19325608955511 -0.524676540822135 -0.0239754073591242 -0.180666507591199
0.139115154055192 -0.520119053540278 0.0954376738719434 -0.334564089776424
0.329945047537376 -0.46710327280752 0.273167535039083 -0.389266844193844
0.444667842307749 -0.569999507652614 -0.130114658993012 -0.119156008206173
0.361587006251936 -0.587152086250638 -0.0861005287334262 -0.0981989863393018
0.0974127014087668 -0.700812625288516 -0.081801195024781 0.0223760402788592
-0.215088252595439 -0.639588665528525 -0.100461781919299 0.0990309088534845
-0.428115044495183 -0.364654298553496 0.0320021301063609 0.143308241853414
-0.486510650749907 -0.150335824845336 0.0984499428371025 0.12406200693994
-0.515881571813412 0.0558483180938373 0.125666294468112 0.0642127701975108
-0.439518055675969 0.148014483544349 0.0879176907450701 0.0304357995351311
-0.460231313009856 0.172776278856937 0.0812636607636911 0.00758828511934582
-0.491021308425229 0.0206038440506388 0.0605210530398903 0.0501755236835042
-0.485795752438854 -0.108997888459566 0.00935754880310971 0.072128096605415
-0.475557835912811 -0.386357771494361 -0.0867239486733063 0.00295349287331637
-0.256565069338876 -0.592223309745014 -0.0726921518192476 -0.135847876538399
0.118480806236323 -0.620843467558482 0.0340908523477891 -0.231150586524112
0.36228705999122 -0.589017678997006 0.140963998121015 -0.243959371468092
0.410490328468487 -0.607267780031281 -0.285026019576639 0.0579143403886506
0.327675556193218 -0.620583324134778 -0.17542723544177 0.0455576028464792
0.0780903463237697 -0.723437028720521 -0.108793448651799 0.0670052640223345
-0.223468891037584 -0.658252831593501 -0.128634565456294 0.0777809341957251
-0.433411282350576 -0.386559289907886 -0.0652993784952047 0.0744967553833864
-0.498499068889496 -0.170694504761348 -0.0674401201907902 0.0875291252452954
-0.531058392208968 0.0332094820962668 -0.0534175021147949 0.0785346281555747
-0.448561444761801 0.12892374432534 -0.076719691924677 0.0717077024861833
-0.462341351947497 0.152426230374548 -0.0743730412897509 0.0550201872911563
-0.490743017551272 0.00221421396525467 -0.0801357039674994 0.0822484968098773
-0.469505543596071 -0.126850496689509 -0.0931707783037387 0.0727314812898115
-0.44724160577788 -0.382002633181593 -0.130015505786549 0.0183580705664457
-0.247481406718097 -0.571067280619505 -0.0976570694420288 -0.077907209727527
0.10372903845327 -0.610894653762004 -0.00230588696188302 -0.0945091569028703
0.342448384232501 -0.607189496494916 0.0180823656856397 -0.0566432696505293
0.3077815269646 -0.554614383081502 -0.413270181082934 0.229029602972473
0.223947467213085 -0.544945258941128 -0.24934104484947 0.188972194777191
0.0354914962577608 -0.602611422552029 -0.128968559022771 0.106566035424057
-0.193499749801941 -0.537311895545029 -0.144475510239103 0.0490719176941779
-0.356909797971438 -0.327247578652924 -0.159310752183473 0.00226655900027647
-0.421577231952785 -0.152260194896329 -0.225108738198958 0.0445376956305333
-0.460909447774985 0.0105765230041114 -0.225729512238124 0.0853759246349719
-0.391827884281901 0.0883109221246425 -0.229668628656958 0.10093921671929
-0.404031919543296 0.09704643281964 -0.215278571014896 0.0870911976553038
-0.417047167740361 -0.0363451015571479 -0.203805448361379 0.0908806501281182
-0.372653541326368 -0.149081683395421 -0.176200489395839 0.0492457091063541
-0.31970959792025 -0.338350499143078 -0.150558928379671 0.0128116175162914
-0.162950217905754 -0.46529423218561 -0.0997131911939382 -0.0312034737080012
0.0965593028408933 -0.495967216383447 -0.020374561640738 0.0406533132633065
0.283043618799464 -0.526455293451002 -0.0852718742882877 0.131072369407862
0.154779999797202 -0.410196530470022 -0.486053261037567 0.367193445604834
0.0856536910956125 -0.367935336373066 -0.284885984303289 0.307907688568102
-0.00657656958357705 -0.368194582761983 -0.131664235954726 0.136007783097183
-0.120130569960717 -0.318703617314901 -0.138962168351582 0.025496603524487
-0.213574625556915 -0.2102962602456 -0.226463927441062 -0.0534674358259819
-0.271894657879993 -0.110177610984335 -0.343806089167353 0.0106704391408498
-0.315960556431591 -0.0119966026017628 -0.360156625284489 0.0881667127508544
-0.275974815550597 0.0335833378927883 -0.347877380359093 0.113784801938034
-0.286882590338848 0.0291459609325037 -0.324320638709556 0.0933347299348792
-0.285328310601639 -0.0716066970254749 -0.293640771187776 0.0646184417259317
-0.223954549409763 -0.153222226286029 -0.225628298735058 -0.00425029652357445
-0.149420637063772 -0.250080555934214 -0.14131713591573 -0.0166104944326167
-0.0563812098101359 -0.292837717959177 -0.0835922916948733 -0.00174297095865762
0.0772146572869158 -0.31173700363868 -0.0327375985767487 0.147329599612929
0.184075496498965 -0.366571481384105 -0.16535277758571 0.286342286042708
-0.0117637610317422 -0.194349209413901 -0.491625218375031 0.45115088636303
-0.0452736622924411 -0.126850196893714 -0.274097317359188 0.389190203000328
-0.0244015346189817 -0.0877725498496993 -0.110984009376058 0.158770611054374
-0.0164524357417271 -0.0758654216996191 -0.111368483458058 0.0127451836747021
-0.0384910912190264 -0.0804506286106322 -0.254962394969382 -0.0837942188528848
-0.0832606904069592 -0.0647075543669629 -0.405133622038446 -0.00849805188219763
-0.124050267528259 -0.0426184806048729 -0.434732561807199 0.0878031339433641
-0.118391010538746 -0.0260143760303745 -0.412529637149826 0.10998239740306
-0.127771155374803 -0.0332845435624825 -0.389534150103071 0.0727631199759505
-0.119173246871086 -0.0775017496221187 -0.33724168126648 0.00775359240541066
-0.0621132542993933 -0.112365351530918 -0.233078021441112 -0.074916250117201
0.00181010549505578 -0.110728053777512 -0.106170898981902 -0.0532723019847202
0.0173844672274099 -0.0855431241557769 -0.0584117537470203 0.0178692608045616
0.0196155916519877 -0.104386297015012 -0.046426744694096 0.219080617633343
0.0483175442831637 -0.170102327423377 -0.217308159647768 0.389098951121691
0.171383974870291 -0.0690801902028334 0.18795507660438 -0.487964528985522
0.117115801291774 -0.125466262117185 0.036785519290982 -0.339902743936764
-0.00713710194021014 -0.160744522709591 -0.00995882497872131 -0.0427751692754991
-0.103186313825132 -0.0969530070692969 0.0346870261274066 0.0859318436221837
-0.106418221402779 0.00278697612633114 0.220611341200698 0.159769095452766
-0.07990071479967 0.0356258602749373 0.392189836634743 0.0704705272498532
-0.0689446237450754 0.0788630481490749 0.440996912870306 -0.0476758047687197
-0.0648009556171374 0.0848983325234672 0.432318928362089 -0.098515711169953
-0.0833844420457042 0.0791480658082263 0.434345995991992 -0.0927822775860699
-0.103118093559394 0.0360937648494695 0.389474467894998 -0.0152776846374014
-0.130446329422265 -0.00466071116732078 0.262675135438651 0.0700320747178601
-0.135409403791726 -0.108934839297177 0.0975699920654439 -0.0125195602542737
-0.0335505376591362 -0.168713022518404 0.104048794237677 -0.172095221792667
0.0785083767122249 -0.104973869325271 0.238254891311586 -0.366825919666915
0.106309931065439 -0.0424055528641628 0.488210083566576 -0.476099441186183
0.301272428520382 -0.289444418446274 0.129894648427512 -0.410411876350033
0.224825090520339 -0.321459975570603 0.0302345501970256 -0.30271977164043
0.0290635387206497 -0.386628572662727 -0.0337954354247661 -0.0350391536428289
-0.161448187235318 -0.314684773107331 -0.0206508218889027 0.108258282594204
-0.249513614915651 -0.13275692141171 0.178892467405831 0.195342228925819
-0.260447798102385 -0.0236289516675435 0.347670569891467 0.120577932703843
-0.264739998174712 0.0913235129113477 0.393630831306387 -0.00429439981344684
-0.235082760941622 0.131071120830393 0.369604714301531 -0.0614917243642693
-0.262961196658267 0.128512560763039 0.360410778009633 -0.0753293821574331
-0.288979798157247 0.0226908779679838 0.317098618390968 -0.00642113446111461
-0.295926291883315 -0.0686295827857023 0.201275768305327 0.0661035045589732
-0.282995833473805 -0.25946979286367 0.0351540363758859 -0.0227262567454341
-0.112752105863804 -0.383792122979787 0.0400457640581684 -0.199349105444863
0.130295846487796 -0.344499752229875 0.172517699328646 -0.390666211936159
0.245833923528332 -0.282482938208357 0.399427596533488 -0.484471673315533
0.400483591732299 -0.470765622220606 0.0176272754772164 -0.283809745842232
0.320176947410111 -0.488294112000343 -0.0125079370187178 -0.22328398088922
0.0738112640924625 -0.587898846468734 -0.0588486711587169 -0.0140893129255261
-0.201927165246825 -0.520108641188035 -0.0671339512858836 0.115115594758091
-0.369471944864309 -0.271970381923393 0.116955077833279 0.190371207578572
-0.412170444919057 -0.0927742721741744 0.248705381611412 0.139030448006269
-0.427413019431921 0.0840893521503366 0.283854015025594 0.0341817042087577
-0.369337235225537 0.158995807111349 0.249821666194311 -0.0168550278035632
-0.396136718566851 0.16970592086771 0.235085888032143 -0.0411577289836837
-0.431608178665569 0.0288211110397937 0.202328893460155 0.0154881021289802
-0.432274112829755 -0.095176661722022 0.113447474146936 0.0664085578932184
-0.422257705919616 -0.352662134563084 -0.0311899748047192 -0.0153750644527613
-0.210549518748198 -0.537190414467727 -0.0273335585619577 -0.185511692740032
0.132495913605014 -0.538741604723872 0.0943648924756978 -0.346043015076807
0.330297571672763 -0.487881667213127 0.272201002045927 -0.404448780498897
0.438973961712195 -0.591898230228724 -0.130018887709067 -0.11912062118221
0.361475983944533 -0.609624365080352 -0.0870950478227087 -0.100330740675362
0.0889311276543783 -0.725536762717869 -0.0853592393914622 0.0246061463110734
-0.236687394380548 -0.658920490414319 -0.102430430005263 0.106616842313068
-0.448795756756986 -0.370838469618315 0.0336040926091749 0.148023102778871
-0.509168585259954 -0.144152295304722 0.105536960108506 0.127117131427317
-0.528424991615903 0.0679700979645703 0.12440097057292 0.0622557481626175
-0.447612162536466 0.164709822319562 0.0932495894746744 0.032121302619616
-0.469450365693807 0.18548474053865 0.0821574433511774 0.00857954114685913
-0.507788351082756 0.0324022573091811 0.0629384764045344 0.050494984371842
-0.503889022470985 -0.106326575665619 0.00969803757789765 0.0738386788087912
-0.500284341537139 -0.387655203807337 -0.0910811114692605 0.00467799831183873
-0.275069354067684 -0.608256478913877 -0.0781270611446646 -0.136950121787427
0.109503900944507 -0.641991042478131 0.033374277908002 -0.238424983776306
0.358826211071009 -0.614549337709612 0.138106749986248 -0.251631046775067
0.407110625568774 -0.630803085326901 -0.286278954240733 0.0647755781098002
0.326064078278273 -0.647180887311056 -0.176461809599549 0.0503835433759125
0.0675140760970502 -0.748452592853441 -0.112278356837506 0.0717555318552705
-0.247998379150582 -0.678820104967851 -0.131210366208738 0.0850375889763539
-0.456494499356818 -0.391684770762063 -0.0667742770011394 0.0790412469549779
-0.522439243192088 -0.164896566549854 -0.0651654420467329 0.0935124047551487
-0.545406254947507 0.0470847682501777 -0.0591555961560709 0.0802735846605816
-0.4593269473635 0.143874213007719 -0.0765622586022003 0.0770664895621129
-0.473292682334791 0.165276897473577 -0.0765163420702354 0.0599283700762107
-0.50769923056692 0.0140266251300806 -0.079839915521618 0.0865647112527606
-0.488421216555553 -0.123624946558565 -0.0956656934399734 0.076667864730365
-0.467633935499398 -0.384137660518204 -0.136206013706573 0.020592900703989
-0.266471545563174 -0.584861698086688 -0.103062888941834 -0.0766407318592773
0.0933244295966901 -0.631691663707996 -0.00178208262324495 -0.0960359644774464
0.338877587947619 -0.633332973728239 0.0162005009305229 -0.056035831442558
0.303486253673367 -0.573908328284213 -0.415957012765561 0.242146816536891
0.222581153170205 -0.567660085392215 -0.250331867646047 0.199305393401809
0.0256728531998241 -0.625172277014373 -0.131933613188491 0.113249879291634
-0.213713864860917 -0.554164586416874 -0.147186688907835 0.0550139162951274
-0.376223089589228 -0.332181877908029 -0.165040277867564 0.00684761701317861
-0.441274898931309 -0.149033903051996 -0.229027581408858 0.0536762391917729
-0.473612319737713 0.0252420328777423 -0.235629484603234 0.0902494650584628
-0.402089981349436 0.101807083849473 -0.234649037081619 0.10995098712446
-0.413360452413249 0.107241430813663 -0.221207990606195 0.0939910534242428
-0.431881664889376 -0.0263218134780235 -0.206500126242234 0.0977865281943895
-0.388306350875416 -0.148512994043245 -0.181617555949001 0.0543711992507888
-0.337370452073092 -0.341774403514554 -0.156488950997128 0.014637408943171
-0.178735112501094 -0.476346398435551 -0.103823872341458 -0.0275873677512764
0.0877524926016589 -0.513817790774557 -0.0182674276763116 0.0430320713557737
0.279669273550266 -0.547794958511141 -0.0863706736624258 0.139140471813389
0.150594946284 -0.424283571153462 -0.489506046942295 0.384014823587095
0.0823637176632733 -0.382626084654436 -0.28564003654032 0.323059721721187
-0.0142902492400057 -0.383315751747953 -0.133607307852177 0.143695119569276
-0.13323150379402 -0.329085472908974 -0.141958458134565 0.0295118525173734
-0.225157908405117 -0.213856236212487 -0.234738142108183 -0.0493775391937048
-0.284264855857959 -0.108521695230936 -0.352678686531503 0.020321940504394
-0.324753562071617 -0.00263523653295806 -0.371668046677722 0.0964369455998179
-0.284021751769858 0.042537879750699 -0.357571561451615 0.123930805647147
-0.29443666827781 0.0355777108483864 -0.333913102971493 0.101370916431099
-0.297000523771477 -0.0654661374616395 -0.298830918255471 0.0713208913345276
-0.235821586783714 -0.154126807553173 -0.233167027558606 -0.000582358815018428
-0.160821633172994 -0.254801568823036 -0.14743784896911 -0.0153957170638938
-0.0646421380010768 -0.302355133664203 -0.08736564249335 0.00268515593121608
0.0715532910961198 -0.323661545276491 -0.0292650272700713 0.153648462650308
0.180364372673565 -0.383183965253836 -0.166043831237475 0.300108081241849
-0.0155727262811688 -0.201319053594335 -0.496088315161128 0.469929889529418
-0.0472436028141962 -0.131288746571115 -0.274030249413237 0.406382447789699
-0.0271114784789879 -0.0933568809958778 -0.111207065861717 0.166210588958844
-0.0199216052699755 -0.0784761965653935 -0.112991328078052 0.0146629451440458
-0.0410581293029974 -0.0823617662682894 -0.264023469933194 -0.0807064013811378
-0.0874209819281661 -0.0659300315309599 -0.415794335708606 0.00206681107701556
-0.128622063495771 -0.038666617088584 -0.445896151506218 0.0981674071715425
-0.123460249744102 -0.0230095522260976 -0.424814163968842 0.121676623302655
-0.132050965318205 -0.0307867955567228 -0.401094813311993 0.0812310027051889
-0.1252298295626 -0.0754761683481267 -0.34495518065487 0.0142151020478592
-0.0679715826477974 -0.113715705431371 -0.241856980629953 -0.0736297009744234
-0.002273460616029 -0.113509495068188 -0.110627348565021 -0.0544963298807965
0.0150547919559212 -0.090045295770003 -0.0611679282897943 0.0223052298625705
0.0164597780509001 -0.10949219560815 -0.0428745889394271 0.227210258193036
0.0467214587855674 -0.178627787129023 -0.216793947440357 0.406476199513115
0.15624930538256 -0.0964904207143059 0.159586825230598 -0.504879680765238
0.0961457790226106 -0.143010262512041 0.0138898261099408 -0.347356919266887
-0.0288988619633547 -0.161248978446022 -0.00136230842310751 -0.0421098356087409
-0.117167018817814 -0.0848864052804699 0.0518277066140542 0.0802041112624374
-0.103391213406559 0.0139806979643321 0.242379035497442 0.134503435488351
-0.0748072862737401 0.0409185128609392 0.407550070255145 0.0286619425568268
-0.0563254507079564 0.0871386103445521 0.446954905194054 -0.103116425564197
-0.0544614142773421 0.0895594895307506 0.437910554652485 -0.147645916109858
-0.0743516122438306 0.0912834904833127 0.448358069305415 -0.141245633973917
-0.103071385938967 0.0520196930146292 0.411986357096992 -0.0564342202767931
-0.134242158555021 0.0134287689970258 0.289232240071008 0.044948810601897
-0.153901845340442 -0.0928255358120588 0.110531020983937 -0.0207269197976743
-0.0518721922630999 -0.166314869746575 0.0990760682832021 -0.187393412785946
0.0765038040821454 -0.110248023772307 0.210623789440002 -0.411781514908151
0.114177026961253 -0.0473976725129273 0.466184078222923 -0.541620507750285
0.256062015520611 -0.334090306932439 0.123342627161631 -0.409701426451105
0.180617317443976 -0.355954898004697 0.0231680396429095 -0.302186176762746
-0.0233096325114127 -0.39692083041392 -0.00541067430823386 -0.026559714066614
-0.209796061891036 -0.296445833085256 0.017388150889485 0.107859593941026
-0.26653775120019 -0.105749263908229 0.211697742514689 0.165823413735997
-0.266046867149149 0.0027779755775409 0.370061089206692 0.0757908767904258
-0.255966004174206 0.128881887677248 0.409267717231238 -0.0640587666306302
-0.223970846294097 0.155585876398797 0.375619524515284 -0.104219827173036
-0.251686231476337 0.16448509512025 0.372537005387644 -0.114995042458863
-0.296737688082538 0.060948006494666 0.339563763962878 -0.0414022919546158
-0.312606909814455 -0.0338479591917279 0.226772446941993 0.0463067713858907
-0.325543245511431 -0.23039121021949 0.0491235457627549 -0.0241564250799236
-0.157998125154645 -0.380870292187595 0.0337129395766668 -0.199535270364946
0.105559789986163 -0.369952992425736 0.128885398561595 -0.419367229489554
0.23734357421729 -0.3182599326131 0.353747843863045 -0.534263879650829
0.331697538768276 -0.526991408257734 0.0328509636235534 -0.263650199590597
0.256294953580177 -0.53687634193933 -0.00152699672381053 -0.209247165930534
-0.00677122810824563 -0.606837624624165 -0.0113140323172972 0.00292822821768301
-0.282102874890503 -0.499783737082735 -0.0112859379739248 0.119635077656163
-0.40671611441692 -0.232189080054505 0.156515605120531 0.159851206231457
-0.430301684974095 -0.0487908090793569 0.276540529406362 0.0975787283996905
-0.425439022826337 0.146482955290718 0.30741413913054 -0.0223877150845198
-0.358693300202656 0.199438833986482 0.254087187987446 -0.0469282695134373
-0.383894611560343 0.223688366572072 0.244184554726527 -0.0656037143278693
-0.44333784799632 0.0848862165805684 0.223315202544937 -0.00837672992524109
-0.455823899388833 -0.0458314990480239 0.135261963641089 0.0540557454444015
-0.481596229992454 -0.308362618481957 -0.015563116087169 -0.00945280615233872
-0.277698810131482 -0.53053768960301 -0.0310003377246572 -0.171923541905713
0.0862562720905445 -0.57769484332397 0.0447639645578144 -0.353445329928568
0.305508920451713 -0.545232564999538 0.215366445813336 -0.433474447799229
0.35651610808064 -0.651781222798225 -0.0960063500776098 -0.0786476305923782
0.283899517641935 -0.66409530220585 -0.0592452571858638 -0.0724952600737141
-0.0114734804572849 -0.750743073675114 -0.0227602561052713 0.0483911450313513
-0.34044837090313 -0.635621122864372 -0.0353245845199217 0.114796176504134
-0.50253695360838 -0.319561851828646 0.0731804302829521 0.117991070649937
-0.537451060424361 -0.0889650881057256 0.131546243384591 0.0951254368783246
-0.532993425898671 0.146188281904626 0.152315742174418 0.0186209573032834
-0.437943561697723 0.215617044680939 0.0966374076776837 0.0196075940809112
-0.456390344567935 0.249690736105429 0.0879008255929596 0.00260087010855566
-0.521086816091991 0.0987241854418165 0.0812863320222458 0.0419235986644962
-0.530139196871597 -0.0505061530435378 0.0272613259334725 0.071522698302751
-0.566451232303466 -0.336555954594407 -0.074403330595148 0.0174313968342792
-0.353747996644192 -0.595996407877314 -0.0766278429160686 -0.113143484057403
0.0461194950793321 -0.68549827886296 -0.0119814554829464 -0.225289177117939
0.319851530005057 -0.685474227196205 0.0817020330448119 -0.252898490790261
0.32040153766365 -0.683321306896974 -0.239787719494405 0.120649568440764
0.247739589470858 -0.695663037228216 -0.135745113546255 0.089246186038084
-0.0364744931511641 -0.772522732583529 -0.0434288609664648 0.0984350835622991
-0.353441975027265 -0.65517732061429 -0.0644273546787898 0.0939305461823399
-0.515084852428939 -0.341617345830813 -0.035684683415264 0.056710068775199
-0.554736625495512 -0.107400082094133 -0.0457255765679165 0.0773030024251699
-0.554795907756692 0.128730608534175 -0.0333571991880476 0.0567567332464092
-0.453371174969946 0.198078556944361 -0.0748948480911873 0.0841252378023126
-0.462981293274832 0.228727643458677 -0.0741713473751612 0.0720072684985086
-0.523522435943751 0.0779157062024924 -0.066566302861431 0.0935033045884636
-0.515487044868131 -0.0707325129473894 -0.0845132823657284 0.0848000116208005
-0.533140773244368 -0.335928884827425 -0.121581426318491 0.0385255151249426
-0.342793211210291 -0.575397037611762 -0.0984365648944531 -0.0460377219448868
0.0270272831918815 -0.674532921465676 -0.0339407618114645 -0.0703432140326705
0.294000519789432 -0.706458065767578 -0.030451482464958 -0.0345476050682442
0.227510261072903 -0.611911750993131 -0.364275623679384 0.305113614139338
0.153791092676757 -0.601025160583161 -0.20312905149262 0.244138819578479
-0.0601156575031155 -0.641384674912985 -0.0700051656515874 0.137816372750904
-0.301768990409522 -0.53379341257389 -0.0948804567152491 0.0641809701803804
-0.427708008416757 -0.290788561596425 -0.147732964244193 -0.00225690232902254
-0.472588243735134 -0.0983366066384267 -0.219184123087698 0.0566500027525918
-0.484813117404592 0.0961259789565964 -0.214839340498944 0.0907144221498671
-0.400003459108412 0.149468254247119 -0.235991141825695 0.134131306336294
-0.408285274585379 0.1627868530872 -0.223946439981982 0.122797287308868
-0.448008023184195 0.0258443677384506 -0.200465137940439 0.11895556728303
-0.416501483345258 -0.107775167063778 -0.179322084141683 0.0720891444676936
-0.392614065306997 -0.311193833366139 -0.149487364624803 0.0352219614393373
-0.239940298775339 -0.474120415876204 -0.0992313644340064 0.00328647953315164
0.0333266925268688 -0.550764306903628 -0.0338336968639922 0.073022295699992
0.236511335420902 -0.612745220159449 -0.116216728157731 0.176586141842798
0.0961244146187171 -0.439124885827889 -0.440445624894596 0.444909389520627
0.0384542563807006 -0.394179110464593 -0.240895620572944 0.365601812249852
-0.0673829370232851 -0.390385317567644 -0.0895946868314069 0.164264316748915
-0.187057330879203 -0.316529799288289 -0.112106624286166 0.0387546607923028
-0.260087118841223 -0.188547291627267 -0.233083450872662 -0.0421709714367047
-0.308132158382263 -0.074108235961054 -0.352922299275087 0.0424765406280456
-0.337033906510373 0.0477931592545773 -0.359365404240518 0.121088483969199
-0.286421099888696 0.077294247609855 -0.360711910395625 0.162829870604437
-0.297001647717201 0.0747973534461294 -0.342653172413951 0.141487172814546
-0.313954525586953 -0.0308618302493705 -0.302423792760472 0.102475482625028
-0.260402614289226 -0.131988491618767 -0.240866004856641 0.0212353234746946
-0.198337792663221 -0.242876505820212 -0.150099148339525 0.00220904507182489
-0.103552227732619 -0.307534283433811 -0.0861985102608022 0.0274462969586844
0.0352195200203422 -0.350947446839122 -0.0284165364518793 0.182633393399004
0.14806438784358 -0.42956863961743 -0.175365414304191 0.346949160356149
-0.0386393429238652 -0.191939777534578 -0.458824124933515 0.519647238755328
-0.0591724915058574 -0.121413548505629 -0.236306417902403 0.441243799825331
-0.0406605561051439 -0.0917338172086312 -0.0889587244130298 0.181013709650611
-0.0332565241232406 -0.0763473196953049 -0.107287100605763 0.0236150271874896
-0.0563545064926074 -0.077038393345971 -0.274828011271303 -0.0581966327418808
-0.101127048654607 -0.0525062601620055 -0.423603750436302 0.0392918778528751
-0.139412300219001 -0.0162173782363435 -0.442167526343752 0.141460425600205
-0.129495269476311 -0.00581925769103309 -0.430337303002452 0.167878150264117
-0.139945640783338 -0.0135427323362932 -0.414882568187013 0.126060554336501
-0.137809297723678 -0.0626420250158053 -0.360744567246394 0.0483953349405047
-0.0837101507809657 -0.109689315894485 -0.26053851121566 -0.0532424928841968
-0.0166402003376769 -0.11720633326141 -0.122391128708784 -0.0445307151323731
0.00248287861874261 -0.0977643883751666 -0.0623512556553293 0.0370850354898887
-0.000406183316033312 -0.120676258231951 -0.0261207368797081 0.252436449687258
0.0249138536367695 -0.199928461685087 -0.204710231301399 0.457495286479955
0.153277297453424 -0.10844924420354 0.127583095200281 -0.528269823248057
0.089449143259346 -0.150492966138772 -0.0131402121172358 -0.357254885879967
-0.039484834787293 -0.162865078889865 -0.00486849203043326 -0.0422602434171026
-0.12751220809055 -0.0785805884472169 0.0587425846250472 0.0796175132376619
-0.106628830252716 0.0206830445599981 0.256581407333756 0.120041863779735
-0.0748535953104846 0.0478127167163555 0.418035282737322 -0.00232817209704865
-0.0507228619224831 0.0911523265838784 0.448752624597791 -0.135673188453275
-0.0483830668855337 0.0955959488503175 0.440853418917671 -0.181771597502124
-0.0688616863008387 0.0987441575156905 0.449918656799494 -0.177337444267307
-0.102178497635441 0.0605545240793428 0.418040090185002 -0.0885988413185564
-0.13657367599638 0.0228713410236243 0.300390477320569 0.0252636822664443
-0.164506677788092 -0.0837952555560429 0.11293755234646 -0.0281030782767267
-0.0651277819877308 -0.165736751500951 0.0890230512797609 -0.201591057671911
0.0716096823050567 -0.117927192133418 0.186838148105568 -0.438247119322048
0.112816856277861 -0.0555766884671642 0.436360441640139 -0.586730994616074
0.236294724296652 -0.358036356168445 0.09937770664549 -0.428613100646303
0.159923283634201 -0.374428931646924 0.00150155888946477 -0.313171924890959
-0.0524074051246443 -0.404871471201569 -0.00757466712930341 -0.0252208608731768
-0.239485404638509 -0.289089309134232 0.0248384628899853 0.11136196482075
-0.281806012859613 -0.0905097098974488 0.226778491051558 0.155521099967732
-0.274973927365313 0.0238945805450623 0.384301499242101 0.0492494299962692
-0.251690309797167 0.14967335455974 0.411527909997931 -0.0919837625909031
-0.216134096447684 0.17680678831827 0.380956913885108 -0.134378663720386
-0.245268844091648 0.187210577505089 0.37356917086347 -0.144299617687381
-0.300596906254152 0.085040515885985 0.344791590081559 -0.0674700951356656
-0.324860600835095 -0.012900636780236 0.236130312813295 0.0312369239258664
-0.352383380089214 -0.211411343103037 0.0488947581339579 -0.0272991089518228
-0.190558830367784 -0.37922907508767 0.0208832593721826 -0.210240160012347
0.0816213338537119 -0.387293110954297 0.102170980093983 -0.440589165764559
0.220004638984638 -0.343332375285114 0.320293677883027 -0.572772300637014
0.298796921546409 -0.559927721077732 0.0197033734929396 -0.2730800672965
0.225079049960346 -0.566744740416669 -0.0155790280821733 -0.216247270671846
-0.0509370815162923 -0.622904606373049 -0.0110624217346024 0.00536134488870886
-0.329448174103331 -0.492697464227106 -0.00281193748850933 0.125687045230375
-0.435186920632938 -0.209626812749166 0.170410839479168 0.153400592884959
-0.449221021737401 -0.0152621503105065 0.292084458944138 0.0794489696736852
-0.423036221073291 0.181595852416416 0.307818945468912 -0.0412286757824763
-0.350323867376152 0.233400981101776 0.261156437621099 -0.0658499192751207
-0.377346755589458 0.259056913686612 0.246209977155554 -0.0828712197284019
-0.449632044056772 0.121840268761256 0.227670277940202 -0.0245795020579514
-0.473139224527287 -0.0152716836889631 0.142772701991265 0.0469363676290795
-0.520617910524652 -0.280707541215211 -0.0164836977974216 -0.00685745935713193
-0.323526516756609 -0.526024378158308 -0.0444743025038015 -0.175212863455847
0.0456084351807836 -0.599130978336821 0.0220610331015944 -0.366773579912883
0.270450788746103 -0.584358147301025 0.186823121722158 -0.455370838460635
0.315591134561087 -0.68925009138884 -0.0989656990741682 -0.0762711865240742
0.243850649636599 -0.69955534979006 -0.0633177958787457 -0.0724465867874494
-0.0684390927234091 -0.770592744322803 -0.0187739649129618 0.053162931005097
-0.400079735017929 -0.630858592758816 -0.027345922990272 0.122342523855379
-0.539818654435373 -0.293181572255059 0.0820709620685653 0.117856415270253
-0.562676854785771 -0.0470886753846934 0.145064695347115 0.088972679945139
-0.532447582323598 0.191700999647859 0.150617199065165 0.0112989595300205
-0.431357136479522 0.255863549648379 0.103506609067203 0.0131162494604246
-0.448799793722488 0.290897117737889 0.0908217360219108 -0.00223269776945729
-0.530283607604593 0.140983372756885 0.0856528402928527 0.0375139272152403
-0.549962616609329 -0.0136538377179616 0.0317974303191703 0.0733172925283172
-0.609557144359484 -0.303806540798973 -0.0765535931021692 0.0251889598687709
-0.409523155547547 -0.585802347615662 -0.086258929491407 -0.110601712363033
-0.00239112038314624 -0.707407883435345 -0.0261297809844037 -0.231519043132976
0.275930558135218 -0.729143480523546 0.0632242343404446 -0.26127479628199
0.275244933836756 -0.71943820575227 -0.23134280251439 0.137674053158455
0.20322623979087 -0.731755044086411 -0.129114064989547 0.09897515147825
-0.0941467468538097 -0.7944994244955 -0.0364805761327413 0.106931920012983
-0.416668297752788 -0.649580884433431 -0.0576636753783962 0.1026789251773
-0.555854184036106 -0.315637453621451 -0.0330392269432016 0.0635501924049415
-0.581758680709522 -0.0656561913176461 -0.0374665186610592 0.084756756712255
-0.556426434834794 0.174287648352672 -0.0369922667833619 0.0635911446572979
-0.446926390358265 0.239335082658406 -0.0692662091310217 0.0909963021651784
-0.458558806384374 0.270114653165412 -0.0706564652496281 0.0818437822523672
-0.531925454082024 0.121642617369034 -0.061811907231734 0.100588964977571
-0.537327011238091 -0.0360427446346713 -0.0820840553677413 0.0956125097248542
-0.574746408402759 -0.304578149837464 -0.123926786941752 0.0499233905266551
-0.39568877288823 -0.565419977515899 -0.103468921688002 -0.0399067817732315
-0.0222697930040429 -0.694459390384368 -0.0376715061258739 -0.0711495286156794
0.246305976317049 -0.748669174300749 -0.0351882426947601 -0.0303255000329947
0.186500682874611 -0.639305563941095 -0.347177341448344 0.334801563036082
0.115749340066968 -0.628552347886018 -0.187557976642462 0.262725122797322
-0.112321348318738 -0.658078273479574 -0.0601078397308938 0.148591174350206
-0.354719384667037 -0.527704302348883 -0.0906312730624133 0.0734513287331031
-0.462583843118701 -0.267985256737327 -0.151245159272903 0.0105015708066966
-0.495665557515573 -0.0640690557929683 -0.217161544760773 0.0755811155323567
-0.486661430900401 0.136022358836252 -0.219839446176859 0.111036515003721
-0.396263498953574 0.186649719032074 -0.230804745899785 0.154822197116911
-0.407036260654514 0.199680810520975 -0.219622030078088 0.143406309753738
-0.459004902124103 0.063509617967637 -0.196854658416221 0.136245457660177
-0.437958717679756 -0.0814223340513306 -0.180356700793832 0.0882445693026648
-0.427964917004504 -0.289770300257844 -0.152350578849048 0.0476961879108104
-0.28463940072349 -0.47123873368084 -0.101389941143521 0.0124280912607872
-0.00729304749930958 -0.567378259982968 -0.0267592603024922 0.0764886745783256
0.195810714660031 -0.648474615320552 -0.106567562766239 0.192861649239117
0.0650910119592247 -0.455416512699599 -0.418732903997365 0.48507658733225
0.0126782597719252 -0.409476586330958 -0.217001063629211 0.39024222681987
-0.100372114470275 -0.399287246213097 -0.0787789452926062 0.17570835842825
-0.218471841996044 -0.313022761158371 -0.111731123920393 0.0477064048344358
-0.28139300133673 -0.175943851910231 -0.241317415485328 -0.0258643390665026
-0.323587982772908 -0.0522705729351107 -0.355699344007537 0.0707312845653109
-0.339693274648753 0.0763635872441995 -0.364143355438073 0.150415807140344
-0.28687732079957 0.103654550819893 -0.358919138457654 0.193969342739495
-0.29927823825746 0.100357262334532 -0.340920537539708 0.170629537111616
-0.325158162849862 -0.00561166932844301 -0.302312010802833 0.125810936511103
-0.279108416688721 -0.116744037970011 -0.247544528568859 0.0396536568691686
-0.223282064153559 -0.234164558295042 -0.154784493026052 0.0128035478253444
-0.131474652892665 -0.309102570764194 -0.0852774000960457 0.0364494825213392
0.00853691783166382 -0.362456870342583 -0.0129651409225028 0.189126653171709
0.117492249214936 -0.45444830603486 -0.154179268510196 0.371614406290125
-0.0547345015165173 -0.193866257731017 -0.43222648674611 0.561414977359684
-0.0684102626210126 -0.122611348578707 -0.208745799844826 0.468903029799853
-0.0500291966945888 -0.092513408883255 -0.0773561172031282 0.191887309427865
-0.0407300228562823 -0.0761712622402965 -0.107272387849215 0.0309804600443438
-0.0627049682420261 -0.0762738046460551 -0.285502094682425 -0.0391831996200645
-0.108085626662728 -0.0465110750302322 -0.42915283601277 0.0721804632605608
-0.143613274160297 -0.0043839723086085 -0.445040649788696 0.176670758904036
-0.133072514472789 0.00630160560151744 -0.431551793341077 0.204059139397682
-0.144688476874393 -0.00132086610698182 -0.417645001556865 0.159090496123772
-0.146011576536424 -0.0513659433564779 -0.3657427149506 0.0744889971772203
-0.0954004572568691 -0.10578848674339 -0.272350481808714 -0.0366661372337397
-0.0275418122033019 -0.118290759190392 -0.129231884235191 -0.0370291722117396
-0.00788250372959929 -0.101551196404816 -0.0607547885248955 0.0454902491092029
-0.0103563365661532 -0.124583732180486 -0.00719434291603783 0.26043142849218
0.00953155543563708 -0.210202672573027 -0.176198135381907 0.48587827366445
0.143737857151657 -0.11900938296205 0.087496891826762 -0.53494146857238
0.0782665226107137 -0.155107983512102 -0.0414985744339479 -0.353857233455202
-0.0510326568646836 -0.159157068762246 -0.007510400588186 -0.0408147669792145
-0.133606790277875 -0.0687390472483427 0.0634256252731648 0.0760969535995373
-0.105462890805546 0.0284882562167088 0.262119304163925 0.100084245641555
-0.0719848072750622 0.0549784754301732 0.413527543999936 -0.0364532037104914
-0.0437480296254229 0.0931905573827936 0.43564792155965 -0.167008942031857
-0.0391100353675776 0.0976294064509642 0.427993658132385 -0.215178116827588
-0.0600712249670339 0.102828724151296 0.43376289984383 -0.21127119787861
-0.0971895565943621 0.0671860636233364 0.407466014716811 -0.120357842115605
-0.134525367239415 0.0329448084149056 0.302769216456076 0.00168494420398738
-0.17074832749924 -0.0701124049049197 0.111767418619137 -0.035574439922471
-0.0762730340308597 -0.158672113556865 0.0732492553067801 -0.209553010303861
0.0627768151373959 -0.12271407043697 0.150921682123535 -0.450456547494972
0.108411088140455 -0.0633995070787076 0.385070075606611 -0.615972656356001
0.20470604615831 -0.371897094231145 0.0696092313191786 -0.434386795247311
0.130661437558778 -0.382600920203481 -0.0235271330095484 -0.312243345454236
-0.0841712762571726 -0.398787334053221 -0.00826089558933058 -0.0238748632676762
-0.263396573729971 -0.269000366648145 0.0332441894288779 0.110343165783319
-0.289410173236771 -0.0693114390814695 0.235795542817741 0.138478689178342
-0.273754148592403 0.0485275349457673 0.386502663762626 0.0175194793881495
-0.236938978877102 0.167684336688812 0.400130697257082 -0.118945674731586
-0.198733843879785 0.19274820120098 0.371622537576246 -0.162613963850958
-0.229190314519474 0.206488762928555 0.361150531604085 -0.171884631663934
-0.293693167528989 0.109920516227075 0.336925147230084 -0.0928993066728739
-0.326268167092067 0.0115044080840938 0.238339655990627 0.0143837424170776
-0.370286349964727 -0.18259118048847 0.0472034781031841 -0.0293617905434274
-0.219411390762987 -0.362676141038358 0.00423250195719899 -0.212753523219799
0.0519169047629312 -0.391601678372877 0.0683343131556687 -0.44736761210195
0.190666429644592 -0.358736102485003 0.273847062887334 -0.589308877372144
0.251096191259589 -0.576168701913808 0.00284618836860425 -0.27455640132689
0.17947013198299 -0.576871566754654 -0.0310826322628761 -0.216578291191207
-0.100507184911186 -0.617701026199743 -0.00876550266478893 0.00796309330512173
-0.370615865923791 -0.464152377102972 0.00731781382506871 0.126957933300311
-0.451499730899026 -0.175666606084171 0.180030029005015 0.143076121007088
-0.450809065407287 0.0245396953624937 0.298912867205031 0.0560851437987421
-0.40435925173075 0.213395804299456 0.299413063155019 -0.0590051782872385
-0.327691832853764 0.261174346069296 0.257904577254155 -0.0868659350064318
-0.353535137405944 0.287628012716901 0.238671904810493 -0.100740934069963
-0.439003177629376 0.15818945412066 0.223449174532507 -0.0413602463250221
-0.476181452783076 0.0197950203477516 0.14592611044287 0.0375041462529106
-0.542738568135807 -0.23844963028446 -0.0175720974225073 -0.00402022581997734
-0.365140733973807 -0.498729272050292 -0.0574823143015601 -0.172709380890865
-0.00192866556637458 -0.600713169486089 -0.00502377853446442 -0.367294327085149
0.221066867312829 -0.602793519794559 0.149431035265325 -0.463590075349459
0.258828270321257 -0.704358096851371 -0.0995430293960376 -0.0716078736673614
0.189718222130364 -0.716054659887306 -0.0668330034189095 -0.0701175239170232
-0.130081931286927 -0.764744370546092 -0.0127616361202454 0.0568090116319557
-0.45320091265688 -0.595550761695355 -0.0160432457229256 0.125573310169107
-0.563535682887706 -0.25156328584489 0.090859096599911 0.11474988745224
-0.56609353962992 0.000951460204078478 0.154777896346848 0.0770384820676581
-0.511930606687667 0.231189487869945 0.145346048272121 0.00643163144392042
-0.405314206787711 0.290112276976402 0.107058971887594 0.00419858582461237
-0.423371255627082 0.327136387550036 0.0913527703901605 -0.0077262945810036
-0.516469760005265 0.185040646838517 0.0873693678603014 0.0314599747643583
-0.554057828102638 0.0278269298944474 0.037419624204388 0.0730158960227524
-0.632217623674297 -0.252711982977577 -0.0747367787427527 0.0321841828962222
-0.453136029250802 -0.553463296759511 -0.0950277377094731 -0.104457755686258
-0.0572779260031079 -0.705249613671628 -0.0424919876440765 -0.23065864398432
0.21398567283925 -0.748145224215302 0.0414770640302095 -0.260810367411727
0.216028504008757 -0.731356336625802 -0.215723666566174 0.149870005214078
0.147047058825139 -0.745475819201203 -0.118438269143277 0.105356496977028
-0.159825113584047 -0.785469944217918 -0.0256336115673105 0.110933037173716
-0.471985731710912 -0.614132704325902 -0.0475709596430428 0.108087524848678
-0.580588965066784 -0.273145553387129 -0.0274234425035321 0.0689962534477073
-0.587565934818785 -0.0154330576896771 -0.0261802334076225 0.0876708730853674
-0.537260657137742 0.218365009448723 -0.0370263889122818 0.0722389532123169
-0.42388015322051 0.27545087295702 -0.0596401132502814 0.0952928999534075
-0.434426055096431 0.306179549847094 -0.0631097024937142 0.0872948897800038
-0.521185719794748 0.16567769420414 -0.0541193478595741 0.105333969664797
-0.541026899134714 0.00454096036053267 -0.0747069712499846 0.104519325970778
-0.599648066368408 -0.258510116269363 -0.120738655296706 0.0616370956970426
-0.441018166788461 -0.53240747108992 -0.105774339669303 -0.031286323031669
-0.0750068241946123 -0.690206968936228 -0.0410495247973605 -0.0693882736982676
0.183789071205817 -0.7672587289524 -0.0377191073978246 -0.0235846300995833
0.133977793239287 -0.646019823117163 -0.316928188053854 0.354349878493062
0.0678625413443819 -0.637087346496163 -0.163325794038982 0.273193115046146
-0.166286332077915 -0.65105530451185 -0.0464655131122142 0.155032812171976
-0.399115937739331 -0.499482153790569 -0.0833782329509127 0.0807612451650594
-0.483332577590119 -0.235140837688157 -0.148518643403264 0.0245774219761988
-0.501165070764944 -0.0216378389373064 -0.20600341800806 0.0929732014898862
-0.471495545472868 0.175002226453466 -0.215678052219939 0.132432989661225
-0.377138336220801 0.219361298192835 -0.216492164036916 0.171411891327207
-0.389362866694744 0.233089889675764 -0.206737108383266 0.160371346990643
-0.451967479257971 0.10242307901688 -0.184945528510373 0.150153752281349
-0.445930244692985 -0.0471705434360211 -0.173876993081345 0.104330738144436
-0.451248235727646 -0.253920708351634 -0.149043210979317 0.0607230458690996
-0.322560992882087 -0.447281630900042 -0.098789392911078 0.0210440726975354
-0.0528691284386238 -0.565971074467233 -0.0191429515263579 0.0774310881817232
0.139176945942331 -0.664571104420566 -0.0913844668097112 0.203492455146051
0.0285218730115673 -0.455816230668722 -0.379230221213526 0.507939544125459
-0.01852353026584 -0.411174707826904 -0.184223330680002 0.40380496417926
-0.133922439469478 -0.393002531603108 -0.0639381237534843 0.182816792424601
-0.246177433242078 -0.295696790582495 -0.105662837867297 0.0557601709325018
-0.295553185382273 -0.155593049167165 -0.240922432383864 -0.00512118012006527
-0.328616432840299 -0.0253973395465332 -0.345885099251481 0.0986898961792657
-0.330210568507479 0.104218364157672 -0.35456125650541 0.180445508608856
-0.275161867280145 0.128094873417786 -0.343505875269991 0.22118024187627
-0.289164433797277 0.126284531604251 -0.325921513238358 0.196396867348737
-0.324118720232253 0.02359037479646 -0.291081895872908 0.147728710502305
-0.289983748940175 -0.0941235947793962 -0.243897033737128 0.0605272047619285
-0.242673386246463 -0.214668474550338 -0.154238606137932 0.0251633843073969
-0.158058983285422 -0.29821271882882 -0.0807297268249239 0.0445549409826895
-0.0207205246790991 -0.361616440622901 0.00341797207300061 0.188065995710073
0.0777728459652824 -0.46430861179406 -0.123619929643522 0.384610634627672
-0.0694383430787486 -0.188117148084539 -0.388105629763422 0.588449061628297
-0.0773180855718577 -0.118410257027686 -0.16984217911111 0.479851493410885
-0.0586800776954246 -0.0896461066510987 -0.0614093068363272 0.197376642503584
-0.0474818774979437 -0.0735885813814507 -0.104028392891423 0.0383144296861954
-0.0681659542113576 -0.0726684855192013 -0.285790458718705 -0.016822361898781
-0.112405984057976 -0.0382577531302408 -0.419987884268902 0.106117815635919
-0.142031734775215 0.0086483730546448 -0.43167246824459 0.209797450549734
-0.131354849745055 0.0186049830793109 -0.415058458430833 0.236763646857839
-0.144418522256429 0.0117520900328658 -0.403293048233978 0.191880020538764
-0.149385724868818 -0.0369685173584272 -0.357994306537002 0.101158381328135
-0.104952392252401 -0.0964955920267071 -0.274387080094926 -0.0144843139916829
-0.038000157947858 -0.114406570559107 -0.132156160731374 -0.0269742128651568
-0.0192486443987892 -0.100900679958639 -0.0550528258946339 0.0523912540957785
-0.0218307831872431 -0.124100858465822 0.0152052686772547 0.259094675298745
-0.00938206135491063 -0.212283292549044 -0.135780312268574 0.499047859048654
0.132026453643477 -0.123818359592798 0.0570156344825237 -0.523703741158306
0.0678370413082461 -0.1526302403023 -0.0614160925241338 -0.341872590759675
-0.0588502381833248 -0.152023486519532 -0.00779290038233928 -0.0391308359741454
-0.13518184214519 -0.0584740164200196 0.0657328422703653 0.0718480487716769
-0.102749237427441 0.0336798269177866 0.260085435338249 0.0832663322045152
-0.0673412316041968 0.0586828402178413 0.399337434388078 -0.0602152202579404
-0.0369207261799848 0.0917216335368159 0.415975015808517 -0.184861462082725
-0.0312575457969715 0.0964456894226521 0.406449638744833 -0.234699914808449
-0.052353734550934 0.102666968232924 0.409955196840432 -0.229972307232502
-0.091024275980951 0.0702790642439853 0.38972501485788 -0.139700906070013
-0.129387597067708 0.0389769605253599 0.297042105442097 -0.0160642689924257
-0.170632342465123 -0.0578710846949452 0.108009415660379 -0.0407469639172067
-0.0821563315661602 -0.149798543732378 0.0582331264973659 -0.210096856288948
0.055326418972291 -0.122089858279958 0.119924216740155 -0.447431416244265
0.10155371858322 -0.0670993656010868 0.338072310363144 -0.616678718660607
0.17619286590348 -0.369659295706517 0.0467420241911755 -0.426737084788937
0.106007642404973 -0.376500093329602 -0.0401548537280862 -0.303345979465319
-0.104863348086559 -0.383442043193403 -0.00743169925103852 -0.0224235244633673
-0.274565641924592 -0.246318409571854 0.038507226649263 0.107654370291443
-0.288512920287561 -0.0517333507301835 0.237231690687089 0.12452289142505
-0.264309811618274 0.0654722592880689 0.378156175766912 -0.00534241792363659
-0.220465681347838 0.17613301945086 0.382605036771649 -0.134203935170131
-0.180507802299823 0.198824575825489 0.354735957976568 -0.180377796397914
-0.211434736581262 0.214782872181449 0.342083770922183 -0.18726731491994
-0.28068993248866 0.124275929810646 0.322134542606797 -0.10869913248185
-0.31924731778988 0.0288827368856498 0.235069787675055 0.000359925229418303
-0.372594652254356 -0.155454813728278 0.0451568783040655 -0.0302026667018269
-0.233930705564351 -0.341590342791438 -0.00828452582212465 -0.20904980422323
0.0280564684511746 -0.384740337913946 0.0416139676177157 -0.440164143556485
0.163330730651633 -0.360146679120354 0.231779907760602 -0.584784971839305
0.209331181323871 -0.569088788838889 -0.00806303873458965 -0.269195370513662
0.144783468526281 -0.570820044865405 -0.0425068660566885 -0.210743089380912
-0.136212683081157 -0.594639047447798 -0.00550886639733649 0.00857979822782289
-0.392155613442616 -0.429423327459769 0.0158922293519168 0.125399721926725
-0.453000148530484 -0.146430174044578 0.184247882644851 0.131718112941824
-0.43887234272259 0.0533623068064342 0.296427435678562 0.0366043933066893
-0.380567097387964 0.230959664336448 0.286737812468157 -0.0676656426040716
-0.301080412646869 0.272504437890912 0.248669474483994 -0.100017408593642
-0.327149221401496 0.30248547443386 0.2278071290667 -0.110230698628249
-0.420015511798182 0.181426582120001 0.214543835934605 -0.0517775335261494
-0.46618358332176 0.0465101312965258 0.146178532023737 0.0297308827054261
-0.544554758643857 -0.198305601545956 -0.0168507354952501 -0.00125549179544693
-0.384339564367815 -0.465642667559925 -0.0668497246460832 -0.166653150343409
-0.0362881697026176 -0.585237900699953 -0.0255904520613415 -0.359479835576542
0.177864995636424 -0.601102466550903 0.116969055371054 -0.455617671301262
0.208456048995555 -0.694415740937619 -0.0963082810659624 -0.0677080036743977
0.145368162373057 -0.707045900464741 -0.0681884886056634 -0.0674583383044133
-0.173263757761882 -0.738276980306039 -0.00594814087582715 0.0570229878912363
-0.480186327592679 -0.553311658490903 -0.00723644919004333 0.125004212183935
-0.568414291072618 -0.215672524979413 0.097012085342591 0.110591187820488
-0.553643641199472 0.0373774586376798 0.159353763190129 0.0655995923786292
-0.483634462759827 0.256839594170756 0.139955061858569 0.00554753905767399
-0.374260431934298 0.306880425154755 0.106299367086264 -0.00282779167927397
-0.392878572995686 0.344069490599342 0.0895684209440994 -0.0115216228620218
-0.493576284331222 0.212677518698985 0.0867033170513163 0.026781330027244
-0.541906976829394 0.0587482600145291 0.0420801643373112 0.0718766866909497
-0.632511387861999 -0.209317744210394 -0.0716361270766388 0.0376469016054866
-0.476234916956867 -0.514028184366943 -0.0990732725488075 -0.0970799858799797
-0.0969102046636898 -0.683334281071117 -0.0532149171104366 -0.22372670468595
0.161617329234349 -0.740176928060715 0.0249875794155587 -0.251604042160795
0.167096021145778 -0.718587841459259 -0.198284544494148 0.153046436128553
0.103653630399216 -0.7347131327716 -0.10846380825474 0.106189618085735
-0.203936127726661 -0.760444057469997 -0.0157999614008763 0.111494133363776
-0.502739770477896 -0.572065644217457 -0.0382569370805275 0.109841034964949
-0.586373065173589 -0.235319756066378 -0.0199842154372432 0.0727323938397628
-0.574613888795373 0.023123290975201 -0.0158248959669124 0.0862981598718214
-0.507641535866884 0.243896746136601 -0.0349299808113654 0.0808779500044328
-0.393070379678789 0.293682418324008 -0.0519884122613062 0.0946059415943148
-0.403218135704582 0.325897331969303 -0.054912625422024 0.0892777149687157
-0.496957063333094 0.193608627348557 -0.0468193156522577 0.106440348347473
-0.532673333174885 0.0354831101110027 -0.0657470873705428 0.109416053693285
-0.600903345230398 -0.214028066402061 -0.113949073775364 0.0688845662348095
-0.462228447944841 -0.49619255610725 -0.105308125677424 -0.0243116103568152
-0.115474624685425 -0.667630106060219 -0.0432158014646666 -0.0667404501367057
0.128314260112971 -0.758809028524069 -0.0380706984494121 -0.0165524405743031
0.0937911530340569 -0.632862794384293 -0.287872385479942 0.358406554043461
0.0336705958376666 -0.626450454970148 -0.143420715912356 0.27199419635716
-0.203296753222608 -0.627153384559104 -0.0340392296510381 0.154932352869379
-0.423869371146901 -0.466070582387437 -0.0752286102138508 0.084779269087797
-0.488042969335804 -0.203374941859776 -0.140910460129696 0.0349729205400706
-0.490428785770732 0.011767360816496 -0.191022041716728 0.102581000677135
-0.447488616492563 0.199578552197589 -0.205450207421339 0.147559723482538
-0.351661756447774 0.237034663879451 -0.201792151732465 0.178276897506588
-0.36437174990854 0.251743605835486 -0.191540396732923 0.168219947884067
-0.434551105221889 0.128388195023286 -0.171902129010077 0.157233220709143
-0.441678345569696 -0.0214243508782012 -0.162506643864959 0.114754876822749
-0.457173890241198 -0.219553183093662 -0.142200619468037 0.069199425393549
-0.341322912486871 -0.416391935098989 -0.0944022147510012 0.0261152218304058
-0.0846139101722895 -0.547891173607938 -0.0129169710583538 0.0748135006831821
0.0926217103237395 -0.654965181908529 -0.0765053200482565 0.206302447452289
0.00238852644239693 -0.442688127344459 -0.33999474555952 0.513028925422085
-0.0391408839477641 -0.40237529500921 -0.155943341821461 0.400516356075901
-0.156070438101952 -0.377624129883616 -0.0498845790287185 0.182877195792695
-0.25984208682183 -0.27511699757976 -0.0984895978824364 0.060342685356672
-0.299343986699289 -0.136958688284015 -0.232690697384699 0.00912583939170757
-0.323541663402843 -0.0036133365210928 -0.327283108058326 0.116067929402852
-0.313662763395672 0.121625915383574 -0.338422276725628 0.200552317396717
-0.258756424968168 0.14274723284785 -0.322336966234409 0.232832183669123
-0.273810612366639 0.142314259235488 -0.305546515194809 0.209532754393748
-0.313909568909632 0.0435431692059432 -0.275189578183981 0.160147228708727
-0.29066502617593 -0.0747865733992982 -0.234202248492689 0.0752063873635704
-0.250319248214458 -0.193276212886858 -0.149390242487355 0.0343977708481724
-0.173828474934768 -0.281174691400133 -0.0748781156766338 0.049519270995277
-0.0427452732454856 -0.352296916849002 0.0154856307774744 0.181365689202257
0.0444764097320134 -0.457301805944227 -0.0972876209728844 0.382914104367037
-0.0773535168173737 -0.17787345268572 -0.347318112308788 0.589834901505907
-0.0812986976960341 -0.112964724946701 -0.137653596273159 0.475287198288456
-0.0639720083968502 -0.0852221356195784 -0.0477906303444489 0.196637092547428
-0.0514917592621704 -0.0702163964597793 -0.0983423800975246 0.0422989105014015
-0.0711404552344613 -0.0690373910974685 -0.27779216240323 -0.00122514772492097
-0.112600844609282 -0.0311079590485743 -0.400712250349903 0.127418826291093
-0.136229602910922 0.0175843425130821 -0.411435762416366 0.229945001797538
-0.126052164065302 0.0272835610974491 -0.39330794711693 0.25448411939662
-0.138642631251491 0.0218361804543069 -0.381589945179322 0.209301479828626
-0.147373414465924 -0.0248505551784439 -0.343511938814032 0.11807792671399
-0.109682793484085 -0.0870405109393897 -0.26902103521613 0.0029278770292632
-0.0451711063486616 -0.108470735447519 -0.130532573004724 -0.0183993841835169
-0.0278110823783745 -0.0971227889746311 -0.0489362346566622 0.055758156283755
-0.0298848782145872 -0.120620349403809 0.0311107109851722 0.249968958088018
-0.0246402418881767 -0.207447836501629 -0.103001881500249 0.494251031958546
0.123967347840765 -0.124050939298368 0.0443784816984719 -0.513520836863587
0.0617200967709787 -0.149208624847677 -0.0707336872654648 -0.33067626844217
-0.0624040856537794 -0.146532454706133 -0.00739913396222704 -0.0383910067724307
-0.133404938280552 -0.0525526298899777 0.0662608139785698 0.0697606743536913
-0.100333126129601 0.0363521049923548 0.25627639520564 0.0751067698519648
-0.0649459121453325 0.0605000186934923 0.386620096966571 -0.0717125109696107
-0.0334812866343013 0.0889502732499745 0.40275950076198 -0.192128642663773
-0.0271729288753583 0.0938140259516161 0.393503234198981 -0.241590398350885
-0.0478756093972744 0.101953989518801 0.394000995259202 -0.237297069308898
-0.0878416976508469 0.0709508342124288 0.376638284013614 -0.148512887566537
-0.126096183846301 0.041776134932808 0.291383544675523 -0.0257917498829148
-0.168180700840326 -0.0504436340692262 0.105963519399361 -0.0424312190146033
-0.0833987052677794 -0.143846246468165 0.0497520242020425 -0.208996644796975
0.0510867126804661 -0.120671647156668 0.103097408228357 -0.440250138807492
0.0974344687778824 -0.068317606920981 0.310936556149432 -0.608904981642944
0.159004738986136 -0.363956137590074 0.0369000580523275 -0.418881264680695
0.0928228638325674 -0.369382192718368 -0.0480129556469248 -0.295657807894616
-0.116265872411227 -0.370939231604216 -0.00565504450520948 -0.0221618933068909
-0.277535541221742 -0.230899452690845 0.0422941739006283 0.106019340460283
-0.285729151539287 -0.0416751186134337 0.237241522220919 0.117215812084036
-0.256660951222832 0.0752615685130562 0.369839043114276 -0.01920907900041
-0.209393341406588 0.177878003408786 0.372348188628284 -0.138345847344034
-0.168229758008887 0.199307061571279 0.344635228158597 -0.188017591501723
-0.197949894382373 0.216635531607907 0.32873938309553 -0.192573363894164
-0.271655002221181 0.131198030831395 0.311580942510743 -0.116192534011221
-0.314606327987262 0.0380979241652901 0.231771022064964 -0.0062547958715631
-0.370710569097438 -0.139211999361092 0.0446025053037955 -0.0297736771649947
-0.23912490973253 -0.327674162174686 -0.0158748205924449 -0.205746845014232
0.0163113633271555 -0.377438741005068 0.0259655908319438 -0.431527910685956
0.147316432199725 -0.356557918206932 0.207079914579527 -0.573607584533711
0.184811424892048 -0.556495810046411 -0.0114739967557469 -0.26573807941435
0.125004737436465 -0.560838704689719 -0.047596377253832 -0.206066199271651
-0.15411864118977 -0.576374037855446 -0.00140108862878932 0.0083136687501157
-0.399052657316625 -0.405961794252089 0.0211025960243558 0.123813087595104
-0.451751682197488 -0.130666079632233 0.18727026118397 0.127358398235902
-0.427782752411336 0.0698188063137674 0.293984914279578 0.0252893946414036
-0.363697762495938 0.237514135674495 0.280043781603974 -0.0682449862952354
-0.283414482210878 0.276064388527616 0.242130911443873 -0.106380276320873
-0.308610359799118 0.307331692448176 0.220259492226837 -0.114073868944898
-0.406595596425029 0.191975656436772 0.209005155900894 -0.056150072793048
-0.458954687265794 0.0597307314745895 0.146149385262837 0.0267284067164045
-0.54143714224341 -0.176297152973006 -0.0154806130025837 0.000639693365661126
-0.391885328590417 -0.445553962512554 -0.072393863922026 -0.162011646735829
-0.0526491333037373 -0.572055451343446 -0.0361230725340352 -0.351075650081666
0.152462347718963 -0.591892062296293 0.10143097452866 -0.443106673993924
0.180394382990675 -0.679643846863978 -0.09210430945691 -0.0661708993266964
0.120707434500596 -0.694915355703555 -0.068407838541697 -0.0658572764025603
-0.195999330564406 -0.717103157172059 4.8699528406299E-05 0.0559403033638829
-0.49400768713106 -0.525736346502474 -0.000569775952767147 0.124500568932305
-0.565749609588357 -0.193972965571044 0.101809752657952 0.108084475885334
-0.540701677814364 0.0583077280729086 0.162378789847032 0.0575955876218406
-0.464314974383433 0.265592703150953 0.138460631078411 0.00963081577618038
-0.353185399093486 0.312344543480276 0.104615777800152 -0.00775088674164264
-0.370765607954695 0.349932533459254 0.0881056526934939 -0.0139046409548448
-0.476830985960682 0.225019261292385 0.0855306338513323 0.0243897367642671
-0.53349356881161 0.0744728616758506 0.0455412345523393 0.071350014868218
-0.627793740720737 -0.182752199246525 -0.0679427356013403 0.0408697911738986
-0.483712634937027 -0.489097521595049 -0.100644248895182 -0.092162559391495
-0.11679005477751 -0.666039147230134 -0.0582102011227626 -0.21845836577856
0.130720480498787 -0.730507230525868 0.0168919570383038 -0.242582410626544
0.141659012911336 -0.702817962223531 -0.18682718320726 0.151854797075876
0.0806917519930246 -0.723023979639974 -0.103091882096313 0.104277632219959
-0.226698110593552 -0.73983774848432 -0.00823689195711073 0.110581210737024
-0.514198001705062 -0.543806941712678 -0.0319506531414469 0.109867694948674
-0.58559776777998 -0.214796345283723 -0.0130524796354187 0.0742538924011446
-0.563029500817625 0.045211106741712 -0.00762588801525594 0.0832892439762018
-0.48747064258295 0.255640950720807 -0.0311749923561293 0.0879654750743411
-0.369948787433831 0.299898787514469 -0.048037110268444 0.0928420169819922
-0.382222625637452 0.332850742051461 -0.0499853166873114 0.088457943155832
-0.480040692169926 0.20783351161048 -0.0427368412452078 0.106356138255967
-0.524711286016479 0.05141891170573 -0.0590220704964463 0.111690558829817
-0.596987715072658 -0.187629027471499 -0.108520236170782 0.0722888853071871
-0.470496549703713 -0.46927437492109 -0.103282741290695 -0.0205608737167225
-0.133669503607456 -0.650774837837896 -0.0432561566082318 -0.0659613094560107
0.0972774823809774 -0.745914499713327 -0.0374862996706566 -0.0113818746518164
0.0725785688547664 -0.615046089548556 -0.26909828903757 0.353747221977852
0.0141513338494615 -0.615978308395032 -0.132060697245922 0.268130492021224
-0.221446420245209 -0.610762158546913 -0.0256378007644464 0.153776715260713
-0.434110856955492 -0.442865041956436 -0.0683655654708725 0.0856373814577328
-0.488995770772106 -0.18665858904914 -0.133052232952791 0.0400566763055989
-0.481678276735082 0.0295549433979034 -0.179346101115065 0.104188383783996
-0.428845604059335 0.209942273745092 -0.196990916528787 0.158190318537741
-0.333028336108214 0.243427002155891 -0.193798759273405 0.180111207747757
-0.345156762991515 0.259356897638292 -0.182168574894938 0.169560738382077
-0.420577650153832 0.142371893973856 -0.163434571646407 0.159291878400373
-0.436349122274319 -0.00571535182928102 -0.15419540954116 0.120025044170927
-0.454947969391238 -0.197872853739101 -0.13638978224977 0.0728796682541624
-0.351622679545933 -0.396778112763649 -0.0904395601427086 0.0288585108205724
-0.101554535060527 -0.53231389148032 -0.00839268882079588 0.0713791022280377
0.064570561685268 -0.643134070703592 -0.0677529047233388 0.206445994867735
-0.00945167490143178 -0.430112595002164 -0.317953077979161 0.506554130082623
-0.050123087337422 -0.395884867242846 -0.140274352657096 0.394381587148928
-0.167364171079977 -0.366679276761194 -0.0410350785680852 0.181284999473979
-0.2671436106036 -0.26161738610665 -0.093255359260476 0.0616219651072778
-0.301031854922378 -0.12748692792977 -0.224885817392091 0.0161509414746737
-0.317599588082351 0.00707009026677764 -0.31411633564624 0.123127151567271
-0.300929047832338 0.130179954224383 -0.326404033491213 0.211699887384193
-0.245951788670961 0.148088400148514 -0.31057083380847 0.238078764669512
-0.261361919848496 0.149496559487243 -0.292288287383239 0.213831653872364
-0.305198761878556 0.0549412746756297 -0.263679156097045 0.164876418582695
-0.289700510313092 -0.0628951908663182 -0.22595464690802 0.0829891412702812
-0.253201485416744 -0.180257238508696 -0.144530768183073 0.0391927626285489
-0.182159458013218 -0.268978775315879 -0.0700342902616177 0.0510353963691472
-0.0542642523560958 -0.34254494372406 0.0232593702629183 0.174748058301701
0.0251559158607349 -0.449513754301151 -0.0835810848311306 0.378530939024203
-0.0796239302921421 -0.170545249854346 -0.323543816559929 0.583297216127103
-0.0830610173683036 -0.110719877652851 -0.119904401690592 0.466917598218204
-0.0664068854664718 -0.0827602648501111 -0.0399251011614912 0.1942519691661
-0.0538600941179765 -0.0678172367404306 -0.0945344304220163 0.0425383625324181
-0.073118868873002 -0.0673593646874867 -0.270881002977924 0.00551128026740083
-0.112118398406993 -0.0269878666593134 -0.387151151682455 0.137666753630179
-0.13211487994015 0.0227569930176156 -0.397382145640484 0.238924382815526
-0.121675426104473 0.0316431331911365 -0.37937032875355 0.261282279637127
-0.133771517024419 0.0270997625381659 -0.368282468789476 0.215606500281765
-0.144384468887609 -0.0178466702029173 -0.332637343719432 0.125106702846852
-0.11160267004071 -0.0798995850464071 -0.262857470210157 0.0124831874666316
-0.0491313310900828 -0.103423537594786 -0.129025829895155 -0.014024173575149
-0.0331814785973896 -0.0932795279357892 -0.0447386797521812 0.0569235348562497
-0.0345226721627114 -0.117775562252107 0.0396320182310787 0.241353104193072
-0.0334457709536499 -0.203255587505874 -0.0859747703540486 0.487292696536503
0.0914778573417768 -0.141721282406153 -0.0504306232374439 -0.530579625186992
0.0261238827580764 -0.151999743239617 -0.131884534376814 -0.321098676921998
-0.0901801778932314 -0.124211892118166 -0.007987261533661 -0.0495086332944542
-0.13662482580448 -0.0198848829112438 0.0803310253674459 0.0459851968819986
-0.0860278299575446 0.0539427162361165 0.264735257734404 0.0206895817680492
-0.0504745835576257 0.0672281987106244 0.36330784163337 -0.149549712017051
-0.0114333065067919 0.0871797446394558 0.354111005104596 -0.268003175255696
-0.00739690100888049 0.0917358750818362 0.339790922119128 -0.318068529120156
-0.0232495335806568 0.103727831054698 0.346143284058702 -0.318798570171418
-0.0676604886878843 0.084732893009835 0.34677724297648 -0.233450332471647
-0.108366799885896 0.0637574258860992 0.286132401543524 -0.0926112415551035
-0.168626231027074 -0.0141522906882395 0.100451780101155 -0.0686951978572943
-0.104230983843402 -0.122159344976918 0.0103493323108599 -0.223409981783509
0.0316371283424179 -0.130781412045578 0.00382041910938925 -0.456235834071387
0.0888362697050588 -0.0929400688941592 0.184342512527697 -0.661267758630082
0.0789645464727729 -0.370962464785936 -0.0245080987624678 -0.444056167482596
0.00940422781455678 -0.367300432476616 -0.0929012894509181 -0.296502629849839
-0.189705424999332 -0.324780763373982 0.00966113516945746 -0.0487571368823355
-0.312444040020896 -0.154391250584933 0.072996926191671 0.0690930609977877
-0.280340990250589 0.0185681958326902 0.250734593296873 0.0522604799740567
-0.231320975161038 0.120945587083297 0.35091727890412 -0.103175045963437
-0.158840524170374 0.211316436884709 0.324885499276548 -0.218641561804292
-0.122888345653815 0.219733173112854 0.301812655835146 -0.255716139954317
-0.144465123158601 0.244404672196599 0.293060401348959 -0.262496625241873
-0.233962129856545 0.180050280832679 0.291846024383341 -0.190050907882845
-0.289450219830687 0.0970456182773041 0.231994833282714 -0.0627212749422362
-0.381810897651755 -0.0585018034875184 0.0455991062881317 -0.0465279498860888
-0.291508527881619 -0.266487634167918 -0.0453780504723765 -0.211032620313575
-0.0593249772710651 -0.374210942622766 -0.060426121633815 -0.421406419251779
0.0746600402109489 -0.386138547479662 0.0950391829926317 -0.590215056418396
0.0666986201112958 -0.555765218582403 -0.0327106732124911 -0.286252125194822
1.39069427114169E-05 -0.556587410227812 -0.0645035085049016 -0.211734198822497
-0.26807035194606 -0.509897033502336 0.0319620736083676 -0.032915471415101
-0.468153159603824 -0.292628171579237 0.0656559682847514 0.0762389843580809
-0.458763817114099 -0.0315443950629571 0.200385180619866 0.0595506688396243
-0.396632583169333 0.152207880167165 0.279808705444035 -0.053725701424094
-0.290994154110323 0.303261472929391 0.240619933723023 -0.140320266261298
-0.219325424941768 0.315829225557469 0.215876650725516 -0.155308694526554
-0.232433715068109 0.353054780267367 0.202929569523833 -0.163884923216969
-0.352538682217988 0.26663015251998 0.202741273503128 -0.111893256615113
-0.424203870899923 0.145743756566305 0.154495334332421 -0.0133685821592605
-0.553409458292937 -0.0601695181677748 -0.00528902531603609 -0.00654514405111226
-0.46338698207025 -0.346966727344424 -0.0849805666308962 -0.159729167933616
-0.169655675858488 -0.549450352454525 -0.0953358072334807 -0.321166492090239
0.0279153656992784 -0.616633011044349 0.0240529853665738 -0.425838113925141
0.0414834370880917 -0.66965222143259 -0.0678713360588168 -0.0738395814848618
-0.0298105723229173 -0.685173418469448 -0.0518037699515636 -0.0705457831940588
-0.338501147507296 -0.635396618729916 0.0510442668918436 0.00503477964046237
-0.584607908125248 -0.383732094402293 0.0501070442275462 0.0692668547102117
-0.582548096209395 -0.0678341490165217 0.110189287081149 0.0485707518126393
-0.506305817333853 0.165737292857719 0.154250161402654 -0.00114322462216878
-0.380694739919345 0.351513677328381 0.111770753098551 -0.0419145851215016
-0.280384489128982 0.365326295480042 0.0998796834891521 -0.0306861775747592
-0.283205645101629 0.406039689340479 0.0921156827806888 -0.0374669545767446
-0.414223754824464 0.312621983709191 0.0970373366323457 -0.00662401479930558
-0.494403532367544 0.173343261200964 0.0643197559916687 0.0534618181735796
-0.639484677372741 -0.0474881936716149 -0.0481899539141753 0.0442891683027502
-0.560242820026308 -0.369595237396775 -0.0958208321307499 -0.086451190621261
-0.255034588693414 -0.62533177433567 -0.0817406716211615 -0.18100911218481
-0.0272287748195461 -0.7434523971361 -0.0129155658237986 -0.20275204700558
-0.00105061544942051 -0.68324108168415 -0.119589272137021 0.164516575527485
-0.0740491614706228 -0.705576305157348 -0.051254650028556 0.106406176305648
-0.374198096227777 -0.648731150937306 0.0543419704863122 0.0582676355890718
-0.610545868913253 -0.395505256901544 0.0162908803827111 0.0580206893778521
-0.608656903331191 -0.0831119310806323 -0.0118480219917533 0.0356280953054086
-0.532251534464559 0.157193415887168 -0.00952165594506986 0.0564118976715829
-0.405223877731846 0.350478802024129 -0.0405075981968284 0.0657917726324769
-0.298651871361427 0.358476400310801 -0.0311114775849045 0.0993437353131661
-0.297455613392603 0.393087651880626 -0.0254901725369579 0.0936362886675887
-0.421682919695628 0.296803234446112 -0.0139310876722786 0.1039288966606
-0.491136389410602 0.150800669715137 -0.0313988108198798 0.116948974601465
-0.612324656467589 -0.0598442492354485 -0.0820567185124333 0.0849282480034928
-0.545076691879151 -0.35291164616515 -0.0830973164087642 -0.014263254599646
-0.269332594198154 -0.605075416625338 -0.0309354988414189 -0.0330679492234975
-0.0641718498812151 -0.749163090643276 -0.0179155522391814 0.0382282191195234
-0.0497518584633669 -0.590581694628999 -0.169336180358465 0.389030061732483
-0.112672077931501 -0.59169309067995 -0.0534083702358208 0.279402563026101
-0.34217589473505 -0.529551906041317 0.037627579172137 0.112809514308606
-0.512835008518638 -0.317305419644805 -0.0304229761443694 0.0502714062604698
-0.511505342945981 -0.0751406239960588 -0.135977501293115 0.0316842123961125
-0.457395547083528 0.129504118649905 -0.172561973905766 0.115576234328093
-0.35954199324392 0.296171085025545 -0.18652347866315 0.170136410738308
-0.273146847744527 0.297743628370529 -0.15720345068935 0.214975935166022
-0.279160982081214 0.317084467216498 -0.141569337874173 0.203041206779871
-0.378525342283276 0.222237550765598 -0.124149196241229 0.185306601521285
-0.41922725575844 0.0797978357107679 -0.12429365042057 0.147958385785849
-0.479017431721539 -0.0982625913477349 -0.110774107452481 0.0953409756201289
-0.417624621061406 -0.305607870008696 -0.0628401517541832 0.0377706512679263
-0.214657255253027 -0.495245736809659 0.0303243185872902 0.0922501566540818
-0.0779421146589103 -0.639231275971136 -0.00567684894250126 0.255867757172629
-0.0907697293820837 -0.399665657947991 -0.200418157275551 0.558918925382795
-0.126805357436289 -0.367180279441078 -0.0470372470736173 0.413005752488291
-0.237822688168792 -0.312248924784911 0.013768468445374 0.159937019761672
-0.314553489587018 -0.186507342172501 -0.0692766104730537 0.0499048605946383
-0.319122865242248 -0.0573519875719005 -0.22777985800583 0.0391426123261171
-0.304000272351163 0.0765417350820827 -0.296475192189683 0.16821675554981
-0.256024310560972 0.193949544052814 -0.295901839178656 0.254892944230381
-0.208356074919004 0.190683961433251 -0.260417815324699 0.29678374180992
-0.22090167688372 0.196054222482589 -0.245027304409969 0.271013362495822
-0.284961508489493 0.115758850206567 -0.225507976271447 0.215718994791598
-0.290865693216764 -0.00236076858608908 -0.204422700457074 0.12901066076628
-0.280525390394741 -0.120965875308541 -0.129144690751805 0.0671292722875754
-0.230607502318465 -0.217077322045891 -0.0441304505389791 0.0615157887598298
-0.128647058052221 -0.319197475754963 0.0770860022863336 0.181552305226749
-0.0772758736740558 -0.43904233826528 0.0096318185224193 0.41933503473587
-0.108145566306328 -0.143244127196444 -0.205217143881319 0.648383185542729
-0.0977632906479485 -0.0891011006981671 -0.0233170944255429 0.488640304546883
-0.08072704357601 -0.0647060349487907 0.00318041643810544 0.193863880604645
-0.0681122551746561 -0.051118691791515 -0.0827510352699158 0.0538569921091963
-0.0874810419416949 -0.0475898099754262 -0.269231509543855 0.0525506261616223
-0.113028489149605 0.00136836351398502 -0.358403035255879 0.207417982188215
-0.120180270544249 0.0547639443155145 -0.35110414223995 0.306255372584538
-0.110867915018627 0.0563268414244978 -0.323132244484446 0.334756954975017
-0.124398802416446 0.0550415870766586 -0.321592996234628 0.291212100089697
-0.145239859778395 0.0127741928512998 -0.305014744646076 0.195125387298122
-0.125060886117252 -0.0538805468560622 -0.257889265721057 0.0681489802523604
-0.0696081448879001 -0.0892006306846833 -0.12904460059786 0.0146971462399871
-0.0536376056677379 -0.0799420020668196 -0.0259235665628081 0.066679003243898
-0.0629565293002651 -0.104125051065699 0.101148864962664 0.235217956229379
-0.082017511961551 -0.185760372115448 0.0232508175791764 0.513896489456972
0.0877178402769454 -0.14488555707026 -0.0620904319219555 -0.541470289893081
0.0236179514010131 -0.153036010251072 -0.143396988167456 -0.323194527437291
-0.095616549057091 -0.122409840854611 -0.00845569475157809 -0.0522691162615874
-0.139627900702315 -0.0151732760556607 0.0845338821919577 0.0448042586799113
-0.0861769600175579 0.0589551776786327 0.272060368301042 0.0150509033389347
-0.0495636840236609 0.0714639099128636 0.365348661727244 -0.162973629035838
-0.00971366105817508 0.0884376521893728 0.3556622991059 -0.284648345107645
-0.00512348564300998 0.0926338731725662 0.340369442045455 -0.336096037776979
-0.0202458714082874 0.10656050517081 0.345101315712379 -0.335574223516395
-0.0677986637763966 0.0884158252761563 0.347770339866621 -0.247672203778042
-0.109029106865973 0.0683005746835456 0.290069873644305 -0.104578965949642
-0.171967058428834 -0.00960436671317949 0.101788093309369 -0.0732183985957422
-0.109152579504633 -0.122652554667625 0.00229937353605433 -0.228982232060118
0.029444835062978 -0.134809223014543 -0.0100924728689855 -0.462750711333362
0.0875001113087276 -0.0977865961329216 0.171832198178409 -0.674989542908822
0.0690066706661217 -0.375800808975367 -0.0343415026845706 -0.454502958121029
0.000531613012906693 -0.37226543508566 -0.103709518087929 -0.299411333353655
-0.203343398280751 -0.322581699554238 0.0104730366970641 -0.0531914467494459
-0.32454938056156 -0.146230617196272 0.0790107071848519 0.0682811017578955
-0.286915721917097 0.0282246513018551 0.26097002422243 0.0470917041574791
-0.23187644410147 0.132356788167747 0.356005154983782 -0.116323798859192
-0.155629414967639 0.218902576422587 0.329298468876886 -0.231238049118321
-0.118374984301297 0.226651792110802 0.303250474234736 -0.271191316409828
-0.138327242086654 0.253966998576631 0.293475773956925 -0.276247873519063
-0.234289983854653 0.1921840060807 0.293050145838453 -0.202477793978818
-0.294609783187745 0.108315075339868 0.236864860406518 -0.0712355561676595
-0.391308461425697 -0.0467870289241138 0.046219078780236 -0.0497810909957037
-0.306036280982189 -0.264711189071785 -0.0544713994651245 -0.215201022752339
-0.0706579987309226 -0.380730049723539 -0.0745042442913044 -0.426872364840276
0.0621086881838583 -0.395623317883412 0.0825842915255419 -0.600099239187798
0.0530218986203937 -0.563498355411791 -0.0373139553214381 -0.294920024981913
-0.0154104524413118 -0.565421756681411 -0.0725226258886223 -0.214934146982799
-0.291148342214602 -0.509881773215879 0.034217418768042 -0.0374537068618991
-0.488394842080761 -0.282611210204261 0.0714322706630787 0.075140718972669
-0.472868317685124 -0.0172979307734265 0.211561456076425 0.0545637386487738
-0.398531363523855 0.16967323669294 0.286184460605384 -0.066135867791324
-0.287343199829322 0.316231519591855 0.246634149904343 -0.147473302778691
-0.211978412143673 0.327047674578328 0.218134311160363 -0.166216220730083
-0.223745223954466 0.367684360513983 0.203830932642858 -0.172576454893717
-0.352327260831159 0.284082927586722 0.204180055628466 -0.119063769709947
-0.432311936400261 0.163712855731559 0.160216383116292 -0.0176338628174517
-0.56829854850012 -0.0418926620434505 -0.00433937313629557 -0.00681848667066217
-0.485145580157857 -0.342056889896228 -0.0932744129638914 -0.160925462413977
-0.189524904484444 -0.555785367485688 -0.106493411303212 -0.32539873880861
0.00458074018474816 -0.629589119972823 0.0136486876303212 -0.430284465208713
0.0258067102136846 -0.677530856804858 -0.0685907040890058 -0.0776791967201621
-0.0495737970166373 -0.697399663088874 -0.0551305017728846 -0.0710410434264059
-0.368674513582554 -0.636297859795802 0.0556492245883762 0.000935538337705824
-0.611755996873708 -0.37019320540735 0.0561797796733 0.0679267215057001
-0.602661659328091 -0.0508846895301023 0.119286425202192 0.0454433462083346
-0.512822155448548 0.185773365751258 0.159912894298702 -0.0103394891283885
-0.37530027771495 0.369269486160498 0.118125621995996 -0.0423150858158725
-0.272597668250548 0.378439189738543 0.102041968931354 -0.0343742586604178
-0.273687807490773 0.422821194318737 0.0941133325507985 -0.0410526287625714
-0.414556739405239 0.334169101538893 0.0993363023629163 -0.00755236614482526
-0.502715181595713 0.194602719764166 0.0707543221146537 0.0524386683420771
-0.655503979828461 -0.0263094833501506 -0.0464124744721888 0.0454518718648993
-0.585005835463696 -0.360406702510216 -0.101196248855254 -0.0860969235383671
-0.279555250498302 -0.63146034709792 -0.0891951277103953 -0.18351541867154
-0.0540922256889711 -0.756115851156232 -0.0165072141527416 -0.201502130494857
-0.0154223520662932 -0.692903997673246 -0.116160948257972 0.167811121182419
-0.0955586657356004 -0.7179477183054 -0.0497360562617458 0.109712663551832
-0.40544855440877 -0.651321686086695 0.0607863614361337 0.0553182637717761
-0.640701254289006 -0.382721733891377 0.0217559765757235 0.0577517177238268
-0.62834012791591 -0.064859686398552 -0.00669069911581082 0.0348181865167137
-0.538514325436646 0.182404366147164 -0.0047513479572116 0.0523911585907378
-0.401532084601586 0.370112458468522 -0.0341751372892601 0.073307182675598
-0.292227407683059 0.372695734381754 -0.0287698350555499 0.103147779227041
-0.288454502048157 0.410710273383912 -0.0231455590026909 0.0957507938931504
-0.421824791216669 0.318159235833252 -0.0108927012510016 0.10747637380723
-0.500368524352959 0.171643363524244 -0.0243576646499083 0.120609947143615
-0.625902692056932 -0.0404600774893078 -0.0797180611303377 0.0881327713325248
-0.569962448595044 -0.342042893045212 -0.0853222414127538 -0.0120031613999155
-0.294455811815986 -0.608037288933385 -0.0324775232871768 -0.0347015553251013
-0.0950645824948589 -0.760401961530023 -0.0147520471444479 0.0433111765498643
-0.0618171298945161 -0.598609339046693 -0.161901099377783 0.398857208048295
-0.133593528547063 -0.602817496340272 -0.0467228423179407 0.285992181870226
-0.368827695935361 -0.531759056359665 0.0444162621163088 0.112661586202963
-0.539208057079737 -0.308965126918745 -0.0273815720912382 0.0510410902324722
-0.529870212951432 -0.0606461427222695 -0.13462574209085 0.0341528387716244
-0.464126183512515 0.147724868578481 -0.169723934073665 0.118449559445033
-0.356243738366554 0.313783748016633 -0.181308923584606 0.184000996296449
-0.268735389450755 0.310509230451836 -0.155938915762411 0.225548043470196
-0.272088271432569 0.331540675683407 -0.139725148842702 0.210704284157557
-0.379484745824189 0.23997699891381 -0.121555293331463 0.193517950560017
-0.42785640790995 0.0961775957685275 -0.119108731159096 0.154830410251847
-0.492288441971617 -0.084443582834219 -0.109362845921989 0.100174967220476
-0.438590560124802 -0.297446851436212 -0.0625180756882377 0.0405566598762403
-0.234736571496639 -0.498245932509578 0.0336120334125946 0.0907332261775173
-0.103218758349521 -0.647510220446418 0.00322581676208832 0.263659597431968
-0.099297854418791 -0.403486160030167 -0.190398994379827 0.574531492911003
-0.140570973878252 -0.374645343412131 -0.0358790879780562 0.42200968396377
-0.256041728833463 -0.312774560553656 0.0213096661964741 0.162275101301382
-0.330669683912313 -0.179990500196555 -0.068500604314193 0.0519248090599932
-0.332361968604348 -0.0495865560880302 -0.230530721374002 0.0442700098069594
-0.309151427433369 0.0882000280804404 -0.296538842864997 0.177808102095397
-0.254319884470302 0.205251723913108 -0.292652483199647 0.273460636304627
-0.205227138579873 0.200442362340228 -0.259625241239272 0.31269324000194
-0.217468769064317 0.206840015551627 -0.244244850867432 0.284512985951497
-0.286488765462593 0.12812454129569 -0.224613216005343 0.227922141680004
-0.29860567110291 0.00846719127211339 -0.202928187173993 0.137862648275794
-0.291447579249093 -0.113152064722609 -0.1295351800144 0.0725007304884437
-0.244493053225157 -0.212817632847834 -0.0422342965898465 0.064413840299514
-0.142511253839054 -0.321891655532343 0.0841358969989574 0.179989358174897
-0.0953074324868504 -0.444303794286942 0.0222724537954382 0.429578657553212
-0.110856076634774 -0.143484925171154 -0.194499122435214 0.664050338882452
-0.103163225079458 -0.0905398939087656 -0.0100485160404127 0.499074211204303
-0.0860639147554682 -0.065439616383094 0.0100218424068907 0.19784340605417
-0.0724862832831913 -0.0513722228211031 -0.0832148037175958 0.0567471938903139
-0.093071680858995 -0.0473721367242619 -0.275101147178521 0.0600228573251212
-0.116544800515306 0.00428641819293382 -0.358988869489471 0.220823606302674
-0.119742915470002 0.0598468555389858 -0.349921412029717 0.325403219643023
-0.110616968567257 0.0610540968899757 -0.323897511675533 0.3530024270191
-0.124188178486754 0.0600251894529853 -0.322024473537219 0.306815600161092
-0.146630673501412 0.0187794669464332 -0.306712905306308 0.207722008668374
-0.129438849658337 -0.0490493997940732 -0.260519386603718 0.0777412396015704
-0.0746087804728746 -0.0871865964080051 -0.131331036262391 0.0188583628154037
-0.0598022875605945 -0.0781997659864248 -0.0232737128879508 0.0696480493183405
-0.0690340817723446 -0.104806657216574 0.109881848913776 0.2339901633344
-0.0912297076750358 -0.186182909372207 0.0398560647774877 0.524242497806416
0.07992559241525 -0.150645527205575 -0.092686088972186 -0.551792353170822
0.0178433347453972 -0.155464261592411 -0.166246982026478 -0.321589243888942
-0.104073237880607 -0.117697503113258 -0.0115600923743044 -0.0557519645767021
-0.143906510014349 -0.00645276597224748 0.0900226408143016 0.0405647541269996
-0.0845865090008661 0.0665993745421862 0.281704375047803 -0.000289634191769109
-0.0460420615125347 0.0776095216926256 0.364381710110117 -0.187538326284588
-0.00607972574371787 0.0903602883112491 0.349211623223929 -0.313026778154813
0.000170009203464962 0.093996266197043 0.333787291696138 -0.366663244472166
-0.0143495932501971 0.109886224331491 0.335806323928619 -0.362947642148363
-0.0649664559202725 0.0946378709816418 0.342023784445962 -0.273816720139418
-0.108269286968645 0.0764968178984065 0.291555576871347 -0.125193905787524
-0.175786125525112 2.60511538042688E-05 0.100883222292417 -0.0820715512230436
-0.119050951881235 -0.120433920585408 -0.01180403170411 -0.235496186841501
0.0230760362228114 -0.13993843929999 -0.0366074424391099 -0.471117558949636
0.0825741617338319 -0.104417838371833 0.139246056184148 -0.697616033460126
0.0503238455157833 -0.383493975207826 -0.0583913981591727 -0.46641311620371
-0.0185681960421001 -0.377158249713059 -0.124869246488222 -0.299816958889243
-0.227008255218799 -0.314569033880177 0.00756047903807303 -0.0589521766640912
-0.341331422307414 -0.128022986373264 0.0860224297947716 0.0640858775535142
-0.293813237194756 0.0477239286077008 0.272960405891344 0.0317101716167822
-0.228261182349494 0.151703695219152 0.358326438780395 -0.142673958805043
-0.146947354742134 0.232615076409404 0.328419999297197 -0.255889709627511
-0.107867402613004 0.237196273350306 0.298640104320012 -0.296478548399353
-0.125054331694632 0.268052015398566 0.286314353848408 -0.300348932035084
-0.230130094643645 0.212391797847761 0.288980631928129 -0.222829575079032
-0.296573518621723 0.130211556039058 0.241275853669729 -0.0881540539336933
-0.403848283997404 -0.0247259350411271 0.0454566622814658 -0.0548037313096448
-0.330917158677292 -0.253882965759839 -0.0692879472960535 -0.217388375453818
-0.0941753344883992 -0.385469440427444 -0.101051316101488 -0.431844068890106
0.0368162897102784 -0.406992205205976 0.0546203680306602 -0.613922185662206
0.025174446314431 -0.574417274065614 -0.0519880748230014 -0.3036954944904
-0.0463395084738185 -0.57520249878157 -0.087394220337258 -0.21476049493439
-0.329476147415343 -0.500133101186058 0.0341056259424175 -0.0446373721804775
-0.517818545402707 -0.257784302381212 0.0794414600099051 0.0712843516450118
-0.487580433845776 0.0126542389953941 0.224298551086345 0.0415709208434676
-0.397562913522114 0.199633169189134 0.290641359358438 -0.0888059435648202
-0.274624145974344 0.340430158313028 0.249978733460326 -0.164753551245119
-0.197953917706982 0.345790940738223 0.217151053248944 -0.182825711117814
-0.205605203065972 0.388644223500286 0.200014525474618 -0.188663535346784
-0.345260627508482 0.314060819575002 0.203353815181624 -0.132524604655497
-0.435256337246994 0.194802317932029 0.166832759379229 -0.0288481104022944
-0.584928536095834 -0.00777869768847593 -0.0046161997389894 -0.00843924477909083
-0.520065402859143 -0.320877645435683 -0.106252144112785 -0.159501894553786
-0.227124373902405 -0.558906745211895 -0.128293422403542 -0.32734464387769
-0.0365182325201722 -0.642087444660461 -0.00549876500583438 -0.436718628183228
-0.00798631403752104 -0.689686055107147 -0.0718950374186478 -0.0796613323869163
-0.0893107117858892 -0.710180422049899 -0.0603582933314499 -0.0694823451423233
-0.417226463137191 -0.625461620312854 0.0590883129811785 -0.00641292328340177
-0.64875697761844 -0.340363978556094 0.0634208900120567 0.0649979573456299
-0.624096995927623 -0.013217907846556 0.129246486142054 0.0367287672000307
-0.512269003468463 0.224536771070183 0.164446520411152 -0.0258981386875704
-0.362021537527629 0.400797911763586 0.125097910296605 -0.0482983153001001
-0.25503077681725 0.401202824192941 0.104135022744864 -0.0404866589143623
-0.253162334257578 0.449428409866997 0.0944145217325524 -0.0476540279120939
-0.40483600647135 0.370180135301776 0.102809346110693 -0.012752744171265
-0.506315359714431 0.233018764662885 0.0798614342106498 0.0484699097616367
-0.673074180479208 0.0145099819065649 -0.044553623661968 0.0478162682100662
-0.625723426998059 -0.334269652814157 -0.109159671794403 -0.0817080649075673
-0.322918758165532 -0.629189758869546 -0.101808444729526 -0.184276214773244
-0.107768794767311 -0.768845521117078 -0.0250363823029487 -0.201661686099472
-0.0510327885865228 -0.704546923717484 -0.107498321821913 0.173817809870781
-0.138394835412301 -0.730029926911092 -0.0436942212344074 0.114774831289121
-0.456355390544059 -0.641132530022189 0.0681565074154315 0.0504790273594156
-0.683195401637854 -0.350273386270523 0.0277229289625674 0.056335456657773
-0.654857376858358 -0.0265468864911856 -0.000313672200610319 0.0326459160716097
-0.538921911015007 0.218450456879122 -0.000868243632871938 0.0485719414134187
-0.38690690340137 0.401776935197201 -0.0251273492892739 0.0799589967974358
-0.276735891075515 0.397106499782891 -0.0230854621577329 0.108625769277391
-0.268987369272029 0.436227980560265 -0.0189351464518042 0.0996251467278447
-0.413374559739695 0.353766315288573 -0.00357325291074199 0.112079794921423
-0.504968284862402 0.209125191013658 -0.0138993049721058 0.123861396034529
-0.644087022271225 -0.00317720541926021 -0.0769507711786733 0.0939964069154884
-0.607877442545479 -0.315347825921823 -0.0883850641046356 -0.00697922327134543
-0.337359383634872 -0.606280445120981 -0.0362992483626399 -0.0357360774322826
-0.147151835404054 -0.76786644217841 -0.00965154618932353 0.0485607500531629
-0.09089692858661 -0.606861611341153 -0.143036729331687 0.414325989674334
-0.17079146616945 -0.612134881807171 -0.0304751428762274 0.295422722489011
-0.41496914147568 -0.522234306487775 0.0553665593323372 0.110925289489283
-0.574588865167491 -0.281284983180616 -0.023506352794634 0.0526601288047918
-0.552886523325016 -0.0291971537050641 -0.133799577615525 0.0400566510106298
-0.466370810283817 0.180471255717921 -0.166545744249729 0.126514789282332
-0.344615053174916 0.340912409645473 -0.170577500709627 0.202525056568735
-0.255746618523904 0.331537057050658 -0.147123285596125 0.242835120145612
-0.256616703415243 0.355582938955293 -0.131574929553462 0.22408544083877
-0.373772461436731 0.269739623996186 -0.112335303982431 0.206143076863812
-0.434556551619819 0.126690297264933 -0.109542504110823 0.164776533474456
-0.510277928021558 -0.05457895486647 -0.106077384822324 0.107834296761978
-0.468548115828399 -0.276428345940189 -0.0614580763854485 0.0444973067915171
-0.270198317241706 -0.496489671264416 0.038827645089782 0.0879999111598397
-0.14852114854447 -0.65242269194441 0.0204986452382414 0.272194589109744
-0.121010314764823 -0.40783129283289 -0.16339395487173 0.597295190988835
-0.167374856398676 -0.377414471035956 -0.0112318176758907 0.433171546899191
-0.284602010562487 -0.306291312941094 0.033368292419299 0.163822590768975
-0.352753895907576 -0.163931327865862 -0.0663457701522686 0.0563204971210017
-0.347555838637154 -0.029889958738519 -0.233706066382316 0.0563574480638329
-0.312335939575543 0.109223659528477 -0.292480642689556 0.19594938302173
-0.247269014602789 0.225821210230692 -0.281569611000029 0.300988359814555
-0.197269619475515 0.216697214476142 -0.249856135965586 0.338625007282564
-0.207916344034785 0.22454560081485 -0.235237541485483 0.305997365798575
-0.285041441511745 0.149761425006765 -0.21601102794858 0.245480437655675
-0.306129803960379 0.0277933284622631 -0.196881748762043 0.152892686301952
-0.305510676182473 -0.0967200262490091 -0.128059725521762 0.0813894813706012
-0.265257371034329 -0.200845803935664 -0.0384053878959765 0.0679863729302591
-0.16614933552206 -0.320466569752141 0.0956662614059922 0.176009924600331
-0.128078819298911 -0.446588775455976 0.0478448946103023 0.440211502462556
-0.118465264059433 -0.142085532509516 -0.16400702849282 0.691399854135952
-0.111822756093415 -0.0894010762410883 0.0197871578155226 0.509860453870997
-0.0951634347686746 -0.0638495737400065 0.0231360881945262 0.202156082088696
-0.0790362669901647 -0.0480797763920714 -0.0825109816548584 0.0620243922239977
-0.100919452394134 -0.0438651628177504 -0.279545621524859 0.0760398201333891
-0.120278833830882 0.0112727615027381 -0.355475651341569 0.245885587222471
-0.11795684829041 0.0682032515807326 -0.339645062013379 0.357438641589291
-0.108784565488262 0.0691908310103067 -0.313987456084486 0.384333413714526
-0.122618498174385 0.0693855532401908 -0.314828389424324 0.335042822305765
-0.148149096410601 0.0286746277502234 -0.302128464576475 0.231183356770899
-0.136192094314722 -0.041100028535816 -0.261511255008381 0.0950101632316432
-0.0820287496661974 -0.0838334580073008 -0.133391614674534 0.0273493817868666
-0.0678489457529256 -0.0742002782060575 -0.0181091382254673 0.0730043877817088
-0.0778343931017504 -0.103613920344214 0.124623779742157 0.229967094606516
-0.106152869201193 -0.185199040531507 0.0688987743334491 0.535356865636326
0.0672891333739189 -0.153765551639118 -0.132508359742584 -0.545699431207785
0.00870568977154066 -0.153946190048533 -0.192313414713656 -0.307637660798814
-0.110518534739415 -0.1063158162229 -0.0167442107280596 -0.0570880247688431
-0.143156404710709 0.0057652904398631 0.0929664496944897 0.0328701436212893
-0.0782667240651385 0.0740752206253904 0.283162775778725 -0.0227698164176095
-0.0389624290195817 0.0821848476476317 0.347628205784905 -0.215987248435271
0.00020818147453967 0.0895907130431646 0.326089806091192 -0.341634237438526
0.00738807055197067 0.0930571344653587 0.307809873506888 -0.394404673222454
-0.00510928461185941 0.11014987741404 0.308429115474737 -0.389496906323557
-0.0583461999345691 0.0999670773840522 0.320333484697377 -0.299840679924859
-0.102196822220632 0.0856624835061484 0.281671777966144 -0.149230629617611
-0.17457606307649 0.0136427415827479 0.0939888056017937 -0.0912488599632834
-0.127278207834803 -0.112142873983074 -0.0320748743794763 -0.234078825306212
0.0126544360677895 -0.141152424501096 -0.0720799052252834 -0.464753230879574
0.0722468386529333 -0.109675189563389 0.0877295736703467 -0.702834562973222
0.0222238569935558 -0.38333083029041 -0.0916399975195983 -0.463151447916531
-0.0447870966816014 -0.371494913965494 -0.14798174857358 -0.287947592513125
-0.249647208280751 -0.291499597620701 0.00283812916288566 -0.0628994335987271
-0.350737675822583 -0.0987188680410238 0.0915695216654865 0.0559240509519033
-0.290352613476668 0.0723413132225853 0.277635350737844 0.00805548340354945
-0.214637184328384 0.170686768045604 0.345479234023979 -0.173168689275701
-0.128540712633795 0.243533765288974 0.311107169605851 -0.282675492607211
-0.0883611960537134 0.243705364524153 0.278550437776994 -0.32254132598862
-0.102115390262648 0.276363052683288 0.264023292527511 -0.322567418114975
-0.213005646487981 0.231450136024198 0.271563789688099 -0.244276384666514
-0.287717332848442 0.155853236720801 0.235529697768927 -0.1089079707462
-0.404586335340512 0.00878899896927967 0.0407392680780038 -0.0598670037258978
-0.351234391847848 -0.228179118205864 -0.0883323777914083 -0.211175655307454
-0.125038363544024 -0.378129662334146 -0.132954959734029 -0.422092370557685
0.00234456017058951 -0.406151933155386 0.0109797581503617 -0.613406692822926
-0.0154295350522491 -0.570634623083572 -0.0720752710594953 -0.302430280674214
-0.0872835092051955 -0.566696784723706 -0.103756571675741 -0.207006146384602
-0.368493026351291 -0.468695793057924 0.031220348339498 -0.0515324189807037
-0.537571261100296 -0.210411188114387 0.0862703669642841 0.0623970645656509
-0.487421784706221 0.0544048032234736 0.230162739093038 0.0207727208566543
-0.37956368704866 0.233037059046189 0.281800477842297 -0.116373218449255
-0.247422311840997 0.361145952286744 0.241632410223515 -0.18461169367227
-0.170350075855585 0.358774985044619 0.205392609501958 -0.201413950123666
-0.171709239831295 0.403105141919685 0.185982255262462 -0.204463370209535
-0.319423229275653 0.342963937683619 0.194587212649656 -0.146703039916754
-0.420496334183672 0.233271006974951 0.166615293018406 -0.0446866003605241
-0.583326972118564 0.0404497107954132 -0.00562163069733374 -0.00908603930568209
-0.54592465692027 -0.278702588720817 -0.119982768165967 -0.15040331648139
-0.272226135453777 -0.538308563287095 -0.151821840107256 -0.316588033344607
-0.0921970172837821 -0.633714677178435 -0.0355340020077097 -0.432565312922855
-0.0562809913558635 -0.684628627587891 -0.0755034204011159 -0.0782957608289174
-0.142240898627043 -0.69954103113149 -0.0652833113438407 -0.0644463299419115
-0.466933918673161 -0.58494351994461 0.0598387748428962 -0.0150621932941735
-0.677368840878256 -0.282679372582688 0.0707277024284638 0.0569794267867861
-0.62843566366697 0.0394350539417909 0.135263849324813 0.0222167527267154
-0.493215159268883 0.266985225007536 0.160912827436097 -0.0446274485250008
-0.329351227163398 0.428160080173817 0.126881977986028 -0.0576432899744986
-0.22360277382918 0.419190065303167 0.102709648621831 -0.0490002787270398
-0.213771544359569 0.466896510135234 0.0912066877168274 -0.055377978389665
-0.375443042652535 0.403159769467287 0.103543426848994 -0.0185602334039212
-0.488014017057145 0.275737627645262 0.0867565338679013 0.0396586203364518
-0.671079499589467 0.0697284692325173 -0.0413624776354886 0.0500767754583991
-0.653507597806812 -0.281975459018498 -0.115953403931497 -0.072471192817337
-0.374943100935376 -0.602585340159442 -0.115810506456474 -0.176185904379113
-0.173370211211639 -0.750897976715547 -0.0360694365339746 -0.195883034595601
-0.0975086888145593 -0.697945655249453 -0.0923342459282384 0.17744829394955
-0.195627078992429 -0.717528523249791 -0.0328880085733365 0.117700004019133
-0.507887502079541 -0.598724430141343 0.0739136261175907 0.0412874771279865
-0.711091949817421 -0.292707039580116 0.0342298441583088 0.0520006274330005
-0.660947063755492 0.029401452769352 0.00476261153252942 0.0284544773337773
-0.522361105526969 0.264400314950741 0.00246467800448135 0.0425815105013224
-0.353073925786503 0.432394509847686 -0.0130540116680748 0.0827010648714265
-0.245071172921008 0.415554526626155 -0.0131894436951506 0.111592422891603
-0.230273686254853 0.455641497028877 -0.0113153896471344 0.100970071476096
-0.384436459652794 0.386842242610005 0.00634631712824884 0.113335957398354
-0.488894144534674 0.251415747872328 -7.08575161077149E-05 0.12272947535694
-0.642945322858721 0.051691450966378 -0.0699611720667014 0.098526063736128
-0.634094943775693 -0.264193545041598 -0.0881483837233124 0.000799862720726919
-0.386094481576689 -0.575653919747371 -0.0390217978761414 -0.0346441204841764
-0.213365752246393 -0.749329960366173 -0.00242103524190243 0.0526267956761404
-0.133278850111195 -0.598777072691904 -0.109580077927741 0.420633211238049
-0.218024167327607 -0.599034222025867 -0.0058769731031747 0.296450016294863
-0.458019167592065 -0.486970491531525 0.0658160358399314 0.104269171693873
-0.599108539430795 -0.231746910200468 -0.0176975518500595 0.0532578458635202
-0.559094977400035 0.0188677563811801 -0.129238092296188 0.0471718549092387
-0.453498210800032 0.218667017739928 -0.157058481500251 0.134503008467771
-0.315824102160877 0.366962065525207 -0.149413267764012 0.217681514039253
-0.228958308165936 0.350502101586673 -0.127399769971245 0.256042165839093
-0.224985359836222 0.37332076098908 -0.115653044207618 0.23497615033584
-0.350646523664472 0.300229045740557 -0.0941160423956026 0.215411301835949
-0.424517216743528 0.164318092737111 -0.0928058626684553 0.171305611948994
-0.512401759270633 -0.0115951123997603 -0.0977942541323297 0.114759796566749
-0.492232653894771 -0.236611393475071 -0.0566832071994647 0.0493026383222721
-0.311196611733698 -0.471172499949466 0.0451781300399908 0.0823181125164807
-0.205556362864221 -0.633973996510634 0.0435314379617392 0.272820207543515
-0.147337439377066 -0.400071840674526 -0.118666505252506 0.605365165271669
-0.197034954234646 -0.36602168552716 0.0238748190084587 0.431845675294835
-0.312685325290939 -0.282894210009278 0.0478219094476151 0.160155240528436
-0.36891934754095 -0.134122808700497 -0.0608315291286189 0.0604679410287226
-0.354263948456973 -0.00046732779001638 -0.228864335135644 0.0727793513068107
-0.304770113881804 0.135260349998993 -0.277513868290934 0.215966333906794
-0.227282262211669 0.243954208392768 -0.254353881098061 0.324652770361243
-0.179721893439564 0.230987358307749 -0.223032795275615 0.361156701820126
-0.188375073672436 0.240589654789303 -0.212617867387757 0.32570490375369
-0.271391084428489 0.172791547276557 -0.195961380835741 0.263484239318156
-0.304760511811549 0.0546655513859437 -0.182808465844266 0.166767475744506
-0.311608688265954 -0.0702056938921568 -0.121439446257532 0.0900391367533498
-0.282745938699923 -0.175796583377663 -0.0317854960194022 0.0705345283712105
-0.191994978322965 -0.305949977485804 0.107681317848034 0.164802379819579
-0.165753558175672 -0.431066005453171 0.0831067011439106 0.437557377929148
-0.126533692126352 -0.135018774657141 -0.113260146267444 0.700602761062214
-0.119969770348029 -0.0825911986398095 0.0595035418730726 0.506205972185676
-0.103325625977435 -0.0568902469244549 0.0403484753591583 0.20024278204837
-0.0848939518503049 -0.0419589770948152 -0.0774154080044819 0.0680586542691402
-0.107385705797667 -0.0359780964655632 -0.275540602451911 0.0974782203596302
-0.120663044290737 0.0212676122664927 -0.335465945970865 0.273479406471586
-0.111145389407172 0.0776238875825349 -0.310142187532277 0.386089828935617
-0.102509760811489 0.0774711663116705 -0.285123046710486 0.411553473772322
-0.115061679685625 0.0794136687136094 -0.289779402758062 0.360633171088009
-0.144048071892614 0.0413362952609873 -0.284263446159956 0.254351612209027
-0.13888903172256 -0.0286102881367294 -0.252618154840887 0.115008071843655
-0.0888087813675894 -0.0750347849081125 -0.1305276618261 0.037779477348065
-0.0752050205464477 -0.0662206298721098 -0.0106429269357258 0.0743765897204455
-0.0869930943931367 -0.0967299408300995 0.140472159443429 0.216759419987531
-0.122356601148517 -0.175290095691353 0.110687804574376 0.531510534207003
0.053739959947179 -0.149244329409105 -0.162264825853521 -0.516241608281464
0.00182143503886855 -0.146739156695106 -0.205673842356978 -0.280601088379511
-0.110292484306773 -0.0932386489085741 -0.0218532730143775 -0.0559969361099986
-0.135821889281849 0.0162313851090865 0.0911573508525368 0.0243855700938299
-0.0687966851511627 0.0766524426916876 0.271404118145365 -0.0420913391618903
-0.0304903217149215 0.0829643169312411 0.319521897491728 -0.232175462923962
0.00509907363502051 0.0868063400531078 0.291421357443878 -0.353154972091463
0.0131269598192184 0.0885223349912291 0.271682004859229 -0.404017255505507
0.00299146923809229 0.10534555935907 0.271533600370684 -0.39685285058745
-0.0495928096825408 0.100439314803705 0.287722029564524 -0.309035451659298
-0.0927724407365014 0.0893832358069903 0.260453474693668 -0.164684979612767
-0.166265991937026 0.0246035721207702 0.0834715951839648 -0.0944194506279926
-0.12958085561344 -0.100180553875797 -0.0488557082199012 -0.222864642464101
0.00323515146714878 -0.13613923268704 -0.0996034953173703 -0.440006950646858
0.061462703506193 -0.108425598340603 0.0409719986272816 -0.678815366815135
-0.00340888069666392 -0.366420970303395 -0.11525299641452 -0.441781644813443
-0.0630362698525334 -0.351843234838381 -0.161395693656576 -0.265336587624675
-0.257141437426876 -0.260346146814301 -0.00240325802128246 -0.0638055810397828
-0.341778767175402 -0.0691675857891652 0.0919254732764999 0.046847228912026
-0.273790907123875 0.091354454024325 0.269240884535788 -0.0133238401487033
-0.193435647436552 0.180507842203392 0.31809699965375 -0.192673146400045
-0.107414365952086 0.241975841460117 0.282626954426432 -0.2942951075269
-0.0696200376742809 0.239038834738177 0.248886950479265 -0.33217692993159
-0.0779312665056435 0.27130522909641 0.233272396912029 -0.329011144282567
-0.189609267380278 0.238186531640924 0.247181224056368 -0.252388482732303
-0.266865262269608 0.171095216969477 0.220405704300037 -0.123163501531109
-0.387830359569763 0.0367986896962346 0.0333678711100076 -0.0611118347322167
-0.354059409919674 -0.195698058776171 -0.100881875665218 -0.196433693707613
-0.146659634780584 -0.354018161962604 -0.154578407794007 -0.395471923083594
-0.0279408064089957 -0.386166010536754 -0.0270557932806538 -0.588378603382187
-0.0501799013516366 -0.544671577021835 -0.0868460785241687 -0.289962640287726
-0.119254472124683 -0.5365848609041 -0.112378881422033 -0.191508128929164
-0.38424664240415 -0.420770203954992 0.0261722785147292 -0.0551255773981727
-0.531030899394914 -0.162420648056718 0.087831879259928 0.0521806019172461
-0.467383019886457 0.088308334915258 0.224324938440912 0.000738892960442694
-0.348369568136117 0.251432819720342 0.261786402803274 -0.134711965780952
-0.212610736017256 0.364451152365215 0.224146625802555 -0.195244164854861
-0.14111832155964 0.355009858370679 0.186608950591984 -0.209240224387275
-0.135288787805038 0.397592577576112 0.16587013149783 -0.209567292764256
-0.28442140053777 0.353585603874418 0.179249334391537 -0.153765383104964
-0.390559965274298 0.254692667602588 0.159670358536101 -0.0562567273034481
-0.557818675947999 0.0806674969403763 -0.00784821472445237 -0.00923366597151097
-0.54728190156837 -0.230033175628258 -0.125682546825 -0.135952110008154
-0.299826600064812 -0.498231684041395 -0.166665430738637 -0.293497615063727
-0.13411171165655 -0.594467365431593 -0.0583053475021444 -0.410519884272722
-0.0952063009396007 -0.653988187076366 -0.0744896159121994 -0.0749476180305144
-0.179842741782834 -0.661453548572207 -0.0650159673435653 -0.0575577615163297
-0.490013928269942 -0.527353739636126 0.0573074824565197 -0.0222402996598204
-0.670036442662931 -0.221813536315444 0.0724851544652518 0.0482656769218003
-0.60400590553595 0.0847561285972098 0.133170829097982 0.00834816684046269
-0.454911079149414 0.293181795951834 0.149639492197622 -0.0586529083086037
-0.286322231996021 0.433605323234217 0.12290004315091 -0.0650673756162705
-0.188053530293636 0.417149388251992 0.0981365447479635 -0.0548678390048309
-0.172053674269479 0.460265751850905 0.0838829207228626 -0.0586920317174537
-0.332371262318495 0.414755700603969 0.100499258173878 -0.0245038402039528
-0.453697055854468 0.301753045932355 0.0892852269161405 0.0295834773112598
-0.639245303029791 0.114604780838034 -0.0383379109293982 0.0500546109128676
-0.650048689460294 -0.224253340176608 -0.11622203860525 -0.0617011812397643
-0.402419601890482 -0.552159384497881 -0.122640475505725 -0.162284613496424
-0.221150129895629 -0.702124969916726 -0.043375844258191 -0.183371318226691
-0.138725119790537 -0.664636670566969 -0.073985799266281 0.172063353374426
-0.231871027825788 -0.676224123901974 -0.021821053201505 0.114762135208354
-0.532433743321547 -0.539057580538806 0.0755778339920041 0.0321363887983007
-0.705710888038003 -0.227713397359199 0.0381421542375975 0.0459706425026308
-0.635529182019283 0.0767792099189851 0.00775682112694085 0.0238099005604835
-0.484398404762088 0.291234991938699 0.00310170561447527 0.0361503908348692
-0.310896227580113 0.440254673930154 -0.00180443229951826 0.0807814376132602
-0.20823784828681 0.415139698758013 -0.00332533829827233 0.108987942981932
-0.187062265166134 0.451315699815546 -0.00443004346696364 0.0983739994574005
-0.341804978792597 0.399726708352684 0.016481107353814 0.109322985747681
-0.454203224452877 0.278328159727612 0.0111091579064755 0.1150222012475
-0.614281380334834 0.0958224526113054 -0.0616965480737926 0.0983918720350013
-0.630337437644177 -0.208036482879367 -0.0838287201209992 0.00642928236322793
-0.412063674506532 -0.524456351564702 -0.0391724584345329 -0.0322104325758205
-0.258493396119601 -0.695823913340979 0.00512576564589345 0.0520908533248562
-0.163680840003852 -0.56812306166511 -0.0766771859661924 0.407723968304317
-0.249181423059398 -0.561613136028325 0.0167556369564465 0.283306243889382
-0.476759991668748 -0.43525867694124 0.0729336721662769 0.0938588928579356
-0.594197135573415 -0.178138948925289 -0.0109815149195863 0.0509166236671547
-0.541323987542577 0.0606760748477364 -0.120552604483089 0.0511475359860717
-0.422004413173723 0.244557304376757 -0.143532731459957 0.136520930166178
-0.277367647354987 0.37453382824848 -0.124254373510397 0.220192282441187
-0.197078116312297 0.351827985040677 -0.103906919626355 0.25723366743313
-0.188012116347683 0.373131727272748 -0.0956512818726725 0.234947168443144
-0.315619057027296 0.313740325251012 -0.0746509873911279 0.213788195102797
-0.398578167842938 0.189442536647575 -0.0746468270814185 0.168443554559597
-0.493030298357732 0.02563959063231 -0.0870406383986876 0.115720690913742
-0.490687384784164 -0.188580619186918 -0.0497001762061022 0.0508401817381395
-0.330753105235439 -0.430056513889995 0.0477137591232944 0.0733262494443874
-0.243383711933727 -0.588510843806407 0.0628439529610975 0.260825182994526
-0.165317332915219 -0.37736920733104 -0.073344435023869 0.587670052666816
-0.214409193132595 -0.340999410065834 0.05323455339468 0.411519159544295
-0.324779792393932 -0.249278647355808 0.0593553268633161 0.149534813653487
-0.367095110409717 -0.101670339009981 -0.0524786859087115 0.0617375229628052
-0.345011011172793 0.0263928415271491 -0.21583328579124 0.0841449362650293
-0.286066127597206 0.151891485110355 -0.253593977014451 0.225208863981006
-0.201062531121365 0.249104004447499 -0.220400958690322 0.33211032507823
-0.157284410520519 0.234468745455164 -0.190075863457622 0.365696933157071
-0.16277776217014 0.242970440243061 -0.182896759602748 0.329200313414561
-0.247664713735126 0.186079107568975 -0.170703454844523 0.265830175394209
-0.289811216182446 0.0756547710303075 -0.16222499072097 0.171049694726917
-0.304500494523513 -0.0444530151154814 -0.110781312963985 0.0940269069558884
-0.284509690108354 -0.146430257310637 -0.0242149525657914 0.0695173731853364
-0.206641525131137 -0.279376715113641 0.113419975794148 0.149120625208582
-0.189571834021057 -0.398594690502278 0.109856534772191 0.416450740211921
-0.128776548385106 -0.124233450965357 -0.0648101353832665 0.68085090907784
-0.122939294715594 -0.0727327349984377 0.0908116824988305 0.479574726214314
-0.107190598791158 -0.0476492966794348 0.054703088998088 0.189620686173232
-0.0868177783089401 -0.0339532040762655 -0.0686317391352745 0.0700753300196861
-0.108699068083952 -0.0263198457718372 -0.25946421213125 0.113437454250756
-0.116480667110831 0.0289518437203909 -0.305342422024638 0.284106068396096
-0.100771173923475 0.0813089605145546 -0.271748160045067 0.394090169062847
-0.0934883603191404 0.0819297430199477 -0.246340391950586 0.41998463902014
-0.104366813380643 0.0846492423776446 -0.254592733062203 0.367760306196051
-0.134663691714612 0.0505751488646479 -0.256324335378766 0.264746022179332
-0.135838787316455 -0.0163080960971034 -0.233990693578444 0.127860598697149
-0.0905384390024647 -0.0640022533685466 -0.122352655112492 0.0448753232657477
-0.0780480682950856 -0.0551662072892031 -0.00320117332751509 0.0717141573274828
-0.0917848448746511 -0.0875486511189538 0.147366313616465 0.197669069473298
-0.130679013469186 -0.159040437080838 0.141498682089823 0.505750509093783
0.0209540296685404 -0.147392876525563 -0.236217650371582 -0.460513130812144
-0.0210133775535069 -0.132578157329705 -0.241678845634252 -0.232071999797821
-0.111573137900584 -0.0695839874688385 -0.0374947593389048 -0.0583585534575715
-0.118896761483317 0.0332528958534871 0.0809721116561299 0.00388693141484902
-0.0510505031581337 0.0743644151892204 0.244866205999279 -0.0817750794822592
-0.0186064692239169 0.0780843055227949 0.26477105498368 -0.268067936876738
0.0137342513906986 0.0764928718163647 0.223186741370858 -0.381220429454581
0.0213801737548639 0.0769127089329434 0.194338128316676 -0.427981397154113
0.0147948091788035 0.095385570347047 0.192805511324458 -0.425422236766704
-0.0325604218142141 0.0985981774219657 0.218360596774918 -0.344737794377627
-0.0743873859067831 0.0920469666080762 0.217818760824171 -0.201009694190611
-0.152169937281259 0.0442001387713497 0.0645299400801318 -0.104034267022615
-0.133074576429825 -0.0797502226598509 -0.0847214384202529 -0.202452725420075
-0.0148605178240451 -0.132715081158631 -0.163096251518032 -0.389580016621306
0.0416063890159136 -0.117554203692987 -0.0582202489822293 -0.638138676484253
-0.055895894211402 -0.339958932920033 -0.181057772730618 -0.411788374192291
-0.108589825059549 -0.312128570098901 -0.197658382901416 -0.234683459045576
-0.269388756034001 -0.200945046192793 -0.0277993304124791 -0.0829557642727302
-0.318890349348506 -0.0116347145480382 0.075856413246879 0.01047722057423
-0.237542855623029 0.11844056909045 0.23359267102557 -0.0559545428706582
-0.156967829336956 0.191496677209127 0.261738556158496 -0.227459583225918
-0.0672889398542513 0.237109658832052 0.217528633151133 -0.320419846784695
-0.0371158265093697 0.228996722482267 0.182710811203672 -0.355988805054301
-0.0373100674483247 0.261181148096102 0.167254868750741 -0.357377143087853
-0.144112572225917 0.249864809527687 0.187138408475144 -0.289049607484628
-0.228150595006843 0.190792588416402 0.187949796019503 -0.157411791293585
-0.358937160986206 0.0876929329872974 0.0270740461830365 -0.0662791222514317
-0.35388313809812 -0.139303751539857 -0.129879984646585 -0.173413831968835
-0.186335963109626 -0.313421890171622 -0.202635997763831 -0.340076567353317
-0.0787655492243324 -0.364281295086556 -0.105577147333163 -0.54367277018113
-0.118470016069843 -0.498032909401156 -0.12895248184257 -0.284761159884164
-0.184539732731181 -0.475170784514107 -0.138890655300385 -0.182077015423899
-0.407806904704927 -0.3289462761266 -0.00464044064920826 -0.0934603224224793
-0.505535123781189 -0.0660315443939427 0.0655526898813117 0.00345186860667364
-0.417362348020611 0.144539868342654 0.181054970314387 -0.0376861388193604
-0.291012003077454 0.280518807464556 0.208347263093842 -0.161895077281067
-0.145796611031234 0.365780623535625 0.16993274891065 -0.213631594118248
-0.0880300055275245 0.347411478275915 0.142186195704233 -0.228902174586991
-0.0724740600499881 0.38735759026379 0.12171188382337 -0.235695540163284
-0.216898235811484 0.372605562218495 0.13931250242334 -0.186089893531731
-0.334043875074682 0.285458494174657 0.143648779470664 -0.085809753665724
-0.513012430036098 0.154942264205026 -0.000309702403187912 -0.0129451548973156
-0.537537922935035 -0.144600181386413 -0.144348655064313 -0.115279593207055
-0.350641554260514 -0.423303540782157 -0.192611380695927 -0.244969337559879
-0.206472381737214 -0.544097729183379 -0.106010618143114 -0.372001893403248
-0.170181155167501 -0.591585964365321 -0.0826974871968344 -0.0926834929216104
-0.257787550091693 -0.581063802102356 -0.0718323606791415 -0.0709197806557688
-0.519794063109908 -0.410577341003237 0.0262205325414379 -0.0767449833255184
-0.64291687151345 -0.0972659219101232 0.045016577545762 -0.00758661345120947
-0.544261679518246 0.164141912563167 0.0872918589484646 -0.0165309353700604
-0.385845946986086 0.335841817312406 0.109456530286086 -0.0698796366977634
-0.202136246961228 0.441152426309882 0.0896734361313108 -0.0708486755148391
-0.124294094548286 0.411867721758282 0.0812157372063801 -0.0676173313610785
-0.0960460742893968 0.453018891618966 0.0677239276785955 -0.0793870587039134
-0.25284193266546 0.437203693477079 0.0858887539174711 -0.0517754505667853
-0.387238044022547 0.338390945835523 0.0927945611542354 0.00649959016002411
-0.586300813490526 0.197842414179535 -0.017863401730678 0.0468265995660872
-0.632315040441717 -0.124216901835786 -0.123264294110109 -0.0483833854458998
-0.455068973859375 -0.456846389296988 -0.127501372964942 -0.131828928693767
-0.301889111710903 -0.629468754351376 -0.0565857309570603 -0.163805768346819
-0.205688166284826 -0.594679230169697 -0.042606705733519 0.136859861026627
-0.307627200034951 -0.588688339056542 -0.00326092296563059 0.0820913715183954
-0.561771898581562 -0.414678134667111 0.0512451254432707 -0.0308997815181244
-0.677345503049014 -0.0970469270564737 0.0107687383651226 -0.00570785928530776
-0.575557763107378 0.166645542993999 -0.0307746672291176 0.0182747724821434
-0.411400387652535 0.34159610853626 -0.0156761597661163 0.0433284583438496
-0.222241485079677 0.451863742031222 -0.00859530118797973 0.0878615128346436
-0.141448900570156 0.415168519672061 0.0108438739506395 0.103755707084103
-0.112016751488756 0.44705728799075 0.00865162399169902 0.0862245580938966
-0.263030902972428 0.425058089959236 0.0292100015572858 0.0887377045402524
-0.39194702465272 0.31829730122897 0.0338393370257385 0.101293422291479
-0.565204902980618 0.177524157878563 -0.0318351621234015 0.096689572173977
-0.609848895860517 -0.109729964753978 -0.0815602651580826 0.00919188278642603
-0.458149735784248 -0.428280141970845 -0.0288863739177256 -0.0260833274069423
-0.335661856002785 -0.615943511166424 0.0231782765924219 0.0490355987299501
-0.216042103597431 -0.499919758209342 -0.00688406293036256 0.361295715159121
-0.305256924314343 -0.48119159435718 0.0600636479533423 0.238679027727743
-0.497674737712302 -0.328319123010572 0.0612674871969517 0.0360689704126321
-0.571489214852644 -0.0668835155991261 -0.0301271289539956 0.0141621425919832
-0.491015766580141 0.140168811935543 -0.141219136855526 0.0663716632584868
-0.359481835548752 0.288712093286109 -0.135641519940117 0.160953469598356
-0.200488543440876 0.387633402112665 -0.102654424984877 0.239343348244463
-0.138751808139639 0.354905735537471 -0.0613940366402499 0.261021524689373
-0.1230038293331 0.374940388209217 -0.054653319206404 0.232664519968395
-0.251305832256447 0.34178085543018 -0.0380394759695518 0.205347517594549
-0.349582052738424 0.22898168920809 -0.0387731801619811 0.167257636863384
-0.460064111668461 0.0957029240277534 -0.0544953302358012 0.118602441241667
-0.477997165200866 -0.109765414845866 -0.0401607277540986 0.046617029596372
-0.370745825517376 -0.350291203865523 0.067696415135591 0.058020068500355
-0.304385867009265 -0.513520322318999 0.106055172257684 0.234876119785051
-0.191769947306354 -0.321296292390019 0.0254836612216906 0.540057841420914
-0.240052070378545 -0.28318661656633 0.116409524940992 0.362598610597404
-0.332451998770218 -0.180210645080209 0.0655836763516997 0.106575460234902
-0.352178197738381 -0.0315823277513024 -0.0569413974175709 0.044799265662579
-0.315751963445677 0.0817543145074583 -0.213369387715855 0.113660705050468
-0.244042825119359 0.185977186229806 -0.2189596687608 0.258781691460922
-0.146369155958551 0.261734796417338 -0.171329135971982 0.357987239279607
-0.11594628995692 0.241716780674839 -0.124881991365056 0.378505194285075
-0.115872876334729 0.251521657730849 -0.122090663562754 0.339106578604781
-0.205388446597433 0.212802065834491 -0.117439209798075 0.273928342130667
-0.261871358596304 0.1090885895164 -0.120981323537675 0.186406127097788
-0.293574713167509 0.00342664697375416 -0.0831881938549095 0.104322319130729
-0.281683931546361 -0.0951576131471752 -0.0105941993949648 0.0628285634219189
-0.232152298532258 -0.226771534481055 0.13707096550336 0.117713083375002
-0.228300729268039 -0.34216043568039 0.17078080213641 0.374094605429431
-0.125461016897777 -0.0916309360757478 0.0498329411815036 0.639371718861145
-0.116303430397704 -0.0496751976782187 0.164362248011092 0.43125365436181
-0.104279257248177 -0.0265686712108047 0.0781966912746838 0.162814786451756
-0.0850935004289778 -0.0142271459963419 -0.0575282902236603 0.0705708537131861
-0.104784139246848 -0.00126110455140131 -0.234761667294902 0.147342834881116
-0.102500121964147 0.0476559306226008 -0.250341515718039 0.320783533726175
-0.0774806861402916 0.0921108818200247 -0.20466833418467 0.422122138660356
-0.0744100913738511 0.0917307753827661 -0.168534977844139 0.438273609300268
-0.0825820534249615 0.0962508981109702 -0.181627057322592 0.392141880631247
-0.118388593596366 0.0698811799540929 -0.197978142850789 0.291656129958741
-0.129524145050676 0.00460208655129768 -0.198237571575677 0.159162300692896
-0.0950338523991918 -0.0456423489364029 -0.10515725589978 0.0623733065334503
-0.0792009220013206 -0.0378638785805986 0.010318760431176 0.0650527809994189
-0.0980769236415451 -0.0648072772261395 0.171726467644376 0.157133224854763
-0.140647403399464 -0.125910013285805 0.209914330353013 0.452209224658006
0.0214507001831754 -0.138797358142472 -0.220656521918939 -0.447653283513728
-0.0155382803432003 -0.128390767108826 -0.229763978215425 -0.222706265054871
-0.104499295777088 -0.0689274958367018 -0.0381695491086056 -0.0569029569765734
-0.113022888117289 0.0307862191204206 0.0775346875054362 0.00448046992561193
-0.049136198876295 0.0705373986768242 0.237093476114099 -0.0773684698817243
-0.0174369561697911 0.0748156192973892 0.255370766012526 -0.256718205964899
0.0116348405585651 0.0742294022482865 0.21754557921988 -0.367335005754858
0.01902061616887 0.0737100615332291 0.190201738127172 -0.415556872414827
0.0133434443001404 0.0907074781507163 0.189156301912075 -0.409435986509513
-0.0331568405370651 0.0955770360785062 0.213338760998054 -0.330539705906144
-0.0723309899853447 0.0884134148789345 0.209981296685042 -0.192763289253285
-0.147065688757396 0.0410747125179195 0.0630402866786938 -0.0987431374370857
-0.128138495569812 -0.0787966967024863 -0.0815770944217015 -0.194519721146605
-0.0111908866001681 -0.127468958543807 -0.15338787192114 -0.375294701268542
0.0418530366258972 -0.11118156296343 -0.0492029846296663 -0.614385741893549
-0.0500294021033322 -0.325050673816765 -0.167998081518258 -0.401644939358816
-0.09863698621926 -0.30160044304192 -0.186112934916151 -0.225359553459386
-0.255201115396266 -0.194111630005035 -0.0281052334726473 -0.0811811221286975
-0.306287752389784 -0.0114162702890358 0.0725370992529451 0.0103509166914491
-0.229935907421669 0.113115853838467 0.226396757870992 -0.0532462687575534
-0.151304147363977 0.184334331125426 0.2519861088998 -0.217753533012933
-0.066616671419522 0.22845938573864 0.213314450380256 -0.309122155990038
-0.0382195541586658 0.219878864102211 0.17972942220183 -0.345482469446491
-0.0372275026036668 0.249666148295132 0.164190712455975 -0.344652418753731
-0.141256272668738 0.240419260726699 0.184733749434034 -0.277607720959505
-0.221389357868523 0.183819347030823 0.182175796759004 -0.151422590977531
-0.346727103962003 0.0814122468480345 0.0254040317352808 -0.0624014105152995
-0.342279805134814 -0.135596555702204 -0.124014044808444 -0.167365356865523
-0.175245729421827 -0.301857762077493 -0.191970805740932 -0.328637295166813
-0.0722724433306027 -0.347409115446506 -0.0934388750643274 -0.523812729236798
-0.108276615243029 -0.47847725489165 -0.119339098653816 -0.281215317452707
-0.171655552078301 -0.458904167859561 -0.130176473241933 -0.175601002061949
-0.389010092025163 -0.31701974980013 -0.00476164813203956 -0.091952427056868
-0.486243547978123 -0.0643125302357349 0.0631959975750829 0.00277469987084399
-0.403402990394332 0.141113146365423 0.175169105894945 -0.0372116793846587
-0.281072517232859 0.270373919684627 0.198892310766666 -0.155615128741329
-0.143109853977157 0.351274834647949 0.167977139433033 -0.206303493241796
-0.0885129714368723 0.333673748399735 0.139541444658608 -0.222820492317593
-0.0717169579781767 0.370008997814638 0.119861950306727 -0.226478974400479
-0.21120471119662 0.359286931555359 0.138228838460326 -0.179425097789447
-0.323450043528189 0.275563683432809 0.139401877688842 -0.0847714405721725
-0.495130779906448 0.144657812555733 -0.00207737502701393 -0.0109102804902876
-0.517356186491835 -0.140673544365782 -0.138757931731745 -0.111836572936547
-0.333249820390732 -0.407706842963798 -0.183634558706898 -0.238319460214113
-0.193089067945545 -0.517832415956426 -0.0941672448481536 -0.358720942330142
-0.157406874821441 -0.569232772480288 -0.0777252506872468 -0.0963935406286392
-0.240846634458188 -0.562567209766343 -0.0667679257188867 -0.0694954101835604
-0.49789771936103 -0.395118186112144 0.0257640400712338 -0.0769591096507323
-0.61817198143094 -0.0936731672366457 0.0443663588783226 -0.00837273263638637
-0.525487091081358 0.160762379020552 0.0845047229142613 -0.0170893552631175
-0.37316730116772 0.322131750977929 0.10281599942338 -0.0682796229229442
-0.197071191626937 0.424647780670155 0.0903916627526038 -0.0694974840391768
-0.123581747918911 0.396205816180417 0.0811576772250003 -0.0663278223657131
-0.0956400075125154 0.432198725749423 0.0659233623145839 -0.0750828950424622
-0.246425368809919 0.420604836857173 0.0859942509702676 -0.0502677875815913
-0.375877468293339 0.326778583980289 0.0904570734250072 0.00378003117319831
-0.563876628396393 0.187223341512723 -0.0193291906615849 0.0463345562220639
-0.60966246514265 -0.120164478022631 -0.118005975587377 -0.0482257908360446
-0.432327573554262 -0.440875724040267 -0.122356269749301 -0.129987444151999
-0.282890626327232 -0.600311875382483 -0.0493844481065683 -0.157599837431324
-0.192268377703615 -0.574667765148984 -0.042080961455874 0.124708449858716
-0.289917012867092 -0.572110904751298 -0.00270124275025966 0.0767773521008753
-0.537582203986354 -0.398319265540661 0.0503281041320393 -0.0322156189348694
-0.653521250184549 -0.0928325535495228 0.0114909664123713 -0.00743177321509006
-0.556998182019165 0.162662143067402 -0.0297145281503055 0.0156887733580905
-0.399023179131624 0.328537805171833 -0.0186632330494287 0.040131414189745
-0.215620321171143 0.431793106907703 -0.00470353996839198 0.0836997856144913
-0.139404909401833 0.397797494184202 0.0117146601932012 0.100257111851528
-0.110431946617379 0.426285095394438 0.0088250226486233 0.0845096999593469
-0.257317495440366 0.409183702286172 0.0300284795016499 0.0851510696536268
-0.379081043356158 0.305820203556401 0.0329621082124801 0.0939635833113707
-0.544516022300363 0.166874935236366 -0.0339221275332475 0.0938439657284762
-0.586830976782924 -0.10621543664392 -0.0778513959096725 0.00714626039850331
-0.437917381472314 -0.413090989132266 -0.0285831327496149 -0.0269541361739344
-0.316497503444207 -0.587644228555182 0.0252909963499788 0.0479442312443205
-0.202513707805175 -0.485983821777846 -0.0106102402693681 0.342912807317061
-0.290000423726943 -0.468142876858303 0.0570196961272424 0.227534007917165
-0.480500431495913 -0.316323239872077 0.060769677867249 0.0321806991103364
-0.552218351063065 -0.0640398838005118 -0.0274667028741181 0.0111741162197706
-0.47511775772393 0.136296034181562 -0.13697392406888 0.0612332701189806
-0.348202665798854 0.27952238724136 -0.133877515029512 0.15283252611041
-0.19444809156726 0.371319633768615 -0.0960669401278424 0.229787129309228
-0.136371986569764 0.342212326618163 -0.0585659285575655 0.252357941379983
-0.119607556709902 0.35776612580864 -0.0543437711682136 0.225768507793971
-0.243434425786263 0.328429736609426 -0.0366897720641501 0.196621965411402
-0.338915047518335 0.220092611483538 -0.0370386470533493 0.157337217278937
-0.443413927110799 0.0905848830725703 -0.0547598903590262 0.114600138666697
-0.45869506489641 -0.104175267044156 -0.0386343686797068 0.0425631958315768
-0.353555800871036 -0.336623363424287 0.0636914112282429 0.0544060770503177
-0.287299671619898 -0.491086092722321 0.102738940355706 0.227295644537515
-0.18109475666217 -0.31500032897656 0.0179150450416161 0.516933358246742
-0.230318853310908 -0.276229109612878 0.10782573740984 0.346579618048566
-0.322672599965941 -0.173250146286648 0.0640784284402036 0.10043863340402
-0.34057744432925 -0.0299528446791977 -0.0541638849518607 0.0410807929558088
-0.305698499923227 0.0816635091620852 -0.207663626477198 0.107219085048572
-0.237830584171742 0.180597877723574 -0.21437077538406 0.248037820975723
-0.142441000960466 0.250547314033998 -0.164632699888751 0.344298006078127
-0.113777941503602 0.232836264529021 -0.120826488611778 0.367346073945903
-0.112423727512394 0.239716077393196 -0.119049214630149 0.32897952083836
-0.198034353018614 0.204248586337967 -0.114212096387485 0.262778320356051
-0.252870687852081 0.106036850678278 -0.116890681888539 0.176029016752954
-0.281274712638503 0.00222824087301661 -0.0817921325282379 0.0998606291559106
-0.269778577693355 -0.0907924431762143 -0.0101030666045297 0.0585106021065835
-0.222658435990074 -0.218883106869061 0.129650259431634 0.112405497428643
-0.217240671411198 -0.327054843258083 0.162618305345704 0.362275955886173
-0.120254440773233 -0.092457885292464 0.0393827250249642 0.614646281307529
-0.113530230341075 -0.0498681761309778 0.153230938343478 0.413388738117437
-0.103463886671064 -0.0244618220654885 0.0762352948568888 0.155770549677547
-0.0837653486670908 -0.0123566423098918 -0.0553325139536729 0.0667433659968845
-0.102239193841243 -6.98454177515892E-05 -0.228313747637989 0.141337408557115
-0.100254872542271 0.0470036990423231 -0.243648455960406 0.306675649371991
-0.0743627146767646 0.0874266887915544 -0.19754815071704 0.407414652672113
-0.0719783789272355 0.0884521521368799 -0.163864571412741 0.426099603052201
-0.0790332489967239 0.0920030888026882 -0.178016169753582 0.378741794949222
-0.113200353572627 0.0669752053370442 -0.193180824014737 0.280213480500124
-0.124179129377873 0.00535427065341691 -0.191473055087123 0.151061048383431
-0.0908449840338551 -0.043065027182278 -0.101516110140326 0.0589055577681794
-0.0756839191186119 -0.0343249194004676 0.0107866059031937 0.0609809624751768
-0.0960007642524696 -0.0627474939019895 0.16266447564549 0.151390523981332
-0.134971133963842 -0.120505623514805 0.198058354516073 0.438818308848177
0.0251574255405602 -0.134752033314017 -0.207197009352766 -0.45639233598439
-0.00904341810506962 -0.129182513206162 -0.22187424440882 -0.224364265933854
-0.100662006737929 -0.0726760428141278 -0.0381859485440815 -0.0572687413595671
-0.113037197626873 0.0276985327403039 0.0765663259772586 0.00607214810883795
-0.0508258286380207 0.0688299270506186 0.240438166689764 -0.0729824692740862
-0.0175950431120761 0.0746178516932131 0.261069143126302 -0.250526481386343
0.00971707062064155 0.0749024874815541 0.225938110155014 -0.363910011846209
0.0168985310007764 0.0739680894334246 0.200466551033761 -0.415746003783447
0.0107409562686498 0.0902028985840568 0.200533924699342 -0.406179889075698
-0.0359425600642001 0.0957231801521065 0.222846556228763 -0.32573627515843
-0.0741416436863055 0.086315737108843 0.2138676078983 -0.187705756194271
-0.148141166863543 0.036452142126769 0.0652089478707891 -0.0964939374853085
-0.127555024437417 -0.0823858105665686 -0.0771546598773017 -0.195096787812806
-0.00628014225727994 -0.127270513257992 -0.142669596970279 -0.37766401765667
0.0454263991668477 -0.109578094783332 -0.0293119399994721 -0.614264553152436
-0.0410260791594606 -0.322982889057299 -0.155344517231961 -0.410863863429727
-0.0882409829451712 -0.304962050612988 -0.178758270802509 -0.2275406871069
-0.248510355230586 -0.199274718685408 -0.0276251536823226 -0.0824021240529701
-0.304602817784304 -0.0179849046187945 0.0720531655467572 0.0115515624622283
-0.232735350579462 0.109549307069192 0.228513907641046 -0.0491783830240939
-0.154269486536073 0.181181115681193 0.255711093106762 -0.212252110244122
-0.0716134117653121 0.226412305557385 0.221194912341751 -0.305978955197405
-0.0443252803471002 0.219119621711927 0.188258280615354 -0.346447870531632
-0.0441876794610476 0.247455842534107 0.173908661472511 -0.341778617954934
-0.146666695451228 0.239052769363169 0.193170952137137 -0.273641037448376
-0.225648574099173 0.180240436183201 0.185533382366022 -0.148693671804627
-0.348615073898798 0.0727067336559608 0.0260251449804432 -0.0599358740298575
-0.340479046662522 -0.143403974061077 -0.120877957726001 -0.169802236448
-0.165280096459412 -0.304903698440789 -0.183922758380204 -0.333112361056555
-0.062385237937867 -0.346317106958715 -0.0769747147114482 -0.523802902197624
-0.0955100170142863 -0.478125815434499 -0.111064281714725 -0.289836826814749
-0.156153638001688 -0.464284155456954 -0.123707953647955 -0.177966364786223
-0.380348718802385 -0.322460847279368 -0.00322363202947818 -0.0939263521867339
-0.482713213002132 -0.0742478750257154 0.0631564812081899 0.00331623887547519
-0.407228169938737 0.134042199376778 0.177097846199504 -0.0338445377997283
-0.285647634169396 0.264615837605202 0.200323516025134 -0.151382442580819
-0.150803036024946 0.347959669991393 0.175569422943144 -0.203979998567708
-0.0973517122052655 0.33238697701311 0.147176162782849 -0.223312128302174
-0.0810419815148418 0.366031310234261 0.126318101738386 -0.22398749084826
-0.220404912932171 0.356012625812838 0.145100996020104 -0.176721327981668
-0.330090599557759 0.270733250622906 0.142403212533185 -0.0838348445104475
-0.498415206346336 0.132389687526721 -0.00324099165142013 -0.00908538358125232
-0.516907383250188 -0.152498992609442 -0.136358189568441 -0.115710632847859
-0.320548448997926 -0.414694085882572 -0.178076727033438 -0.243416611540281
-0.178619973651959 -0.519350417365947 -0.0815638977310591 -0.361107785363469
-0.142351421435451 -0.573212433045325 -0.0750898204670661 -0.105131365258099
-0.225965551946292 -0.569593200757803 -0.0632555486763227 -0.0720935283084514
-0.486210954259431 -0.403614551985344 0.0279762720516244 -0.0785087831832946
-0.615980311252723 -0.104759806476127 0.0449993469552854 -0.00877416986558951
-0.530463353307649 0.152613978878463 0.086514637660854 -0.0165522391729937
-0.378726138493499 0.316829074464783 0.10215827947508 -0.0661386289589413
-0.207493577321704 0.417933842638742 0.0956975358228657 -0.0684082996416463
-0.132880299261762 0.39388891310297 0.0848759459752376 -0.0667595890337326
-0.10569598349137 0.426470703932278 0.0695781461548032 -0.0727939274466668
-0.255739583536263 0.416753026034654 0.0900770368163483 -0.049573539538692
-0.382796803227681 0.319681440388436 0.0901797069131926 0.00309118312750536
-0.568066288732299 0.172875195694586 -0.0219094927410763 0.0480607904524218
-0.607758236954538 -0.131875823846367 -0.117209633057452 -0.0520761702076757
-0.419747383655492 -0.448454709543912 -0.119936153137477 -0.133536063914158
-0.265624116472975 -0.600733897204542 -0.0410424385259136 -0.158616084803245
-0.175297302152188 -0.579338814091089 -0.0470567532498171 0.117336292094328
-0.275145228354492 -0.580029814152943 -0.00361140691422965 0.0752428069520117
-0.530701171441361 -0.407148163314017 0.0521054714510413 -0.0341598981950584
-0.650637579883107 -0.103857317178294 0.0131186819248565 -0.00877461283214308
-0.562083405244367 0.154594139061105 -0.0290862152178534 0.0138371061390187
-0.405276361934611 0.323055510747815 -0.021965396706122 0.0386678381673108
-0.225817154276577 0.426428428280218 -0.00221893342283324 0.0823557067827291
-0.150099129287851 0.396484872299459 0.0119329598031084 0.0999367566600269
-0.12113554045273 0.420786652633212 0.00756733295394774 0.0862178058970937
-0.265757562486163 0.404676102258226 0.0305210985610533 0.0847727012876035
-0.38610494175092 0.301083165502857 0.0309242032896026 0.0907272558698434
-0.548159419823171 0.154275917480581 -0.0375795077533608 0.0950432059400045
-0.584123440500666 -0.116887199506034 -0.0785551105014351 0.00356416680996249
-0.426711297137936 -0.421131515534609 -0.0292966408673104 -0.0291478207948208
-0.299596973598008 -0.590176878514662 0.0274190151158032 0.0488973349660218
-0.189472850259493 -0.493280612505708 -0.0216799306085107 0.33797531812351
-0.278946601900846 -0.477256114624457 0.0509544747324755 0.226733327950016
-0.475129409219122 -0.324711687935401 0.0614784540411548 0.0305228549390731
-0.552657361998431 -0.0719885878886445 -0.0262416086719263 0.00894972014775191
-0.479493921738136 0.130039559723246 -0.138297524692066 0.0571496442095953
-0.355432415659329 0.273866353417151 -0.140174824581752 0.149182596736406
-0.202560832952763 0.365604312884545 -0.097901406535617 0.228078802696038
-0.145136062549019 0.339844551859441 -0.0617428491935082 0.252532459083818
-0.128520414656555 0.352646739477143 -0.0589480261520189 0.227072001078784
-0.250510995436965 0.323807674359404 -0.0392629365105934 0.194787912771734
-0.342805704139964 0.215000478438075 -0.0406286654065992 0.153075654484564
-0.444339799209231 0.0792680071547914 -0.059263055916867 0.114023191838195
-0.456180011789889 -0.112795177081021 -0.0391508100092041 0.0399317128283393
-0.344586997983209 -0.343319752656195 0.0608152564851926 0.0541580232005416
-0.27450841063327 -0.492276319929151 0.0991689846119502 0.230974809623969
-0.173662949026103 -0.322400793711961 0.00127431032987926 0.514265264825621
-0.225628668334939 -0.284595864916753 0.0979965348887752 0.346427659567045
-0.32064149896467 -0.178123818644153 0.0630592244682083 0.0995089861876546
-0.341735553191538 -0.0339541787060715 -0.0542944869881225 0.0380962339538607
-0.30878520139735 0.076922920563687 -0.210566714918465 0.102158880269398
-0.242524914233887 0.177762906722307 -0.221985612974708 0.242279016085297
-0.147132033351104 0.245588611234006 -0.169321305589621 0.341466883578663
-0.118230555259372 0.230628475262422 -0.126576379014634 0.366833418139741
-0.117655308528455 0.235914524590405 -0.126821337559324 0.328006830157348
-0.201833580754557 0.199943362480126 -0.120442332397835 0.259793297424036
-0.254830906932383 0.102814676662125 -0.120477814699444 0.170551351824217
-0.281075532222691 -0.00270440241121651 -0.0856630920553281 0.0980152006213862
-0.267315494726134 -0.093959472312736 -0.0114617049616382 0.05609929499959
-0.217829759522233 -0.222224043450437 0.125116446255876 0.113714733004103
-0.208165399412806 -0.328833823908659 0.15532408150427 0.36786769064424
-0.11832036253335 -0.0992354319778397 0.0217175848524176 0.615044713020416
-0.114427239086801 -0.0534555171977117 0.141255650908802 0.414890269773072
-0.105157575510253 -0.0243189237366568 0.0733949036796025 0.155623336670517
-0.0840024022442204 -0.0123217785649777 -0.056704972887933 0.0638157232962688
-0.102677935953794 -0.000753449126782059 -0.233372455926638 0.135998728287675
-0.102261063202382 0.0463478645777932 -0.251338458978488 0.301221341237782
-0.0765143054519964 0.0850898202407649 -0.204796499281157 0.404380290050373
-0.0734357974370062 0.0874718584786777 -0.172116091321239 0.426144512231188
-0.0802893368139682 0.089592357498351 -0.18699467202406 0.376619662045095
-0.113981291050546 0.0643031749750868 -0.199526801853159 0.275427341445525
-0.123970685762065 0.00368311611645684 -0.194559271122283 0.144995988839658
-0.0888569550287362 -0.0437330916492201 -0.103353668916592 0.0561255369417081
-0.0740947791058319 -0.0338976507792796 0.00991134935911715 0.0598802259946525
-0.0967589892889418 -0.06442046497405 0.157545006942056 0.154079510479379
-0.132583541428088 -0.122476970657474 0.188253978966015 0.446064809586305
0.028563155535437 -0.136001596478544 -0.206165148599571 -0.482391629321929
-0.00513314396784615 -0.13525571251421 -0.224409507453547 -0.233022676219398
-0.102379202169287 -0.0782875207635416 -0.0406690012657027 -0.0590924743898656
-0.117149153731959 0.0262539877874561 0.0788800121722611 0.00768369122781205
-0.0537753693840531 0.0705816282508344 0.253041790443553 -0.074388802049474
-0.0180158562950899 0.0767802224811197 0.274268031588838 -0.256995629684153
0.00895641888402177 0.0790985236701679 0.239461619458427 -0.376964307357613
0.0157468816772349 0.0769535668542727 0.213499672879814 -0.435657400486024
0.00910552353978295 0.0937932284889904 0.214651285111933 -0.422077311921248
-0.0395875718423424 0.0997973014459769 0.236596796822711 -0.335916312373511
-0.0783413632526899 0.0888241237490623 0.224823297713557 -0.192226106792476
-0.155611656575546 0.035507817002883 0.0694224556201157 -0.0984857226014015
-0.132379525185448 -0.0872612044905077 -0.0786759823248051 -0.202564555892932
-0.0020346388697641 -0.133477420447198 -0.142039987801875 -0.393261845309654
0.0493835330116587 -0.113115737813098 -0.0197603739993164 -0.63800910515409
-0.0373240055100405 -0.33344767498514 -0.153890703814422 -0.434578152475031
-0.0841403817616015 -0.319565365756822 -0.179624130240475 -0.236708536711427
-0.253997167860473 -0.209729473040296 -0.0287266677127205 -0.0865398065059065
-0.315375934281142 -0.0218684253189565 0.0746107316681409 0.0131018422069587
-0.244066442505119 0.112228125445853 0.239947291191387 -0.0498822700898882
-0.161009094544564 0.187416747630031 0.267680813907268 -0.217606602258224
-0.0773788755154261 0.235312870286595 0.235430055519351 -0.31674298227577
-0.0493623293279965 0.227971955501785 0.200623375374361 -0.363129073904846
-0.0502407755852596 0.255412873705043 0.186177494300118 -0.354428704046416
-0.157044997139901 0.24809488087775 0.206251762960473 -0.283674811136905
-0.237245519139949 0.185432114143762 0.195063982996119 -0.153161292537167
-0.364934875965299 0.0704391429342551 0.0273828874372333 -0.0602809763655618
-0.35359290750658 -0.152409756547991 -0.12402304979537 -0.177534232908907
-0.164691628638672 -0.319754920133199 -0.186442891441205 -0.348155639842804
-0.0585862055947508 -0.358947778143513 -0.067829467322422 -0.546135946103732
-0.0912849406424744 -0.497163602977792 -0.110526593136612 -0.309488541343959
-0.155993899528813 -0.486924955971049 -0.123425769421617 -0.186488115303069
-0.388873794376336 -0.33820320131254 -0.00282867056032005 -0.0993629094659185
-0.500062677458723 -0.0789397721412124 0.066286615529563 0.0035459371835288
-0.425244356407042 0.13653007412611 0.186640987981841 -0.0346847595710223
-0.299403669600161 0.273923723836045 0.208732395647708 -0.15412370541023
-0.160412629751967 0.359271592179004 0.18827798655819 -0.211873504453734
-0.105782620984675 0.345061734430895 0.156240792509766 -0.234163621304616
-0.0904351108405335 0.376690233325275 0.136017752070819 -0.231431204959482
-0.234107846626781 0.368824491987996 0.155606193977003 -0.183658916646063
-0.346803218077704 0.279520403858579 0.149281479691623 -0.0867726565130333
-0.520834774694996 0.131096739630052 -0.00455435610807909 -0.00671563470871835
-0.536741051713105 -0.161256620303054 -0.14046331793925 -0.122537488107297
-0.325165342947251 -0.435289537928441 -0.182538867794255 -0.256121045551754
-0.176427160337809 -0.538657639322095 -0.0767353198627031 -0.376180328056918
-0.139165560714102 -0.596045853860234 -0.0777733880545235 -0.116968577350742
-0.226761920103264 -0.597409043910106 -0.0626727087566328 -0.0765842512174013
-0.501103544751488 -0.42225529816828 0.0300362193149622 -0.0843343422106409
-0.637062775044003 -0.113418154247892 0.0478536348170061 -0.00918667004169314
-0.554361124170153 0.155986150833478 0.091782586393153 -0.0177806080439233
-0.397589084933104 0.327202462490126 0.104897592542575 -0.0679821570827651
-0.220002455742213 0.431575642130337 0.104601164699558 -0.071490735321818
-0.143423309285126 0.408950831136413 0.0915937817979981 -0.0706074814454024
-0.116217545558199 0.440087154949578 0.0749398722453389 -0.074105142836075
-0.271850367035434 0.432123011934824 0.0966772398827238 -0.0522149076109218
-0.401554103905243 0.330487609423653 0.0943311686897116 0.00128849821996524
-0.594128866172726 0.172081789110901 -0.0251633098927858 0.0528371060509482
-0.630633381080204 -0.14142851276302 -0.122066400919202 -0.0572866139325407
-0.427497071920089 -0.471462329777067 -0.124428595609774 -0.14171051272544
-0.265026243275594 -0.623712262544724 -0.0371856939797017 -0.165198985444166
-0.174698961366646 -0.606799172698107 -0.0526392505528655 0.115925726907077
-0.279031858854772 -0.610049918239518 -0.00378500952984544 0.0762085243711422
-0.547114933459075 -0.42711286094118 0.0555868077774133 -0.0382598343681585
-0.674407892906158 -0.110753780636221 0.0150690975894355 -0.0106932026168042
-0.586714724570868 0.158498036657957 -0.0290706348571777 0.0129833078312021
-0.425492208088397 0.334451548644858 -0.0254492651023261 0.0398403429839023
-0.240498917606048 0.44003547192786 0.00139368708983652 0.0840439339002313
-0.160737602179422 0.411363394181956 0.0139563533920773 0.103901243428394
-0.132044393601421 0.433613334624386 0.00804584182050186 0.0917405121913108
-0.282680497058006 0.417993430917659 0.0324108390267492 0.0869488363216864
-0.405370145430147 0.310774928487782 0.0313961816927714 0.0915823403896356
-0.571459273394621 0.153873270304051 -0.0422261074879595 0.100523329076201
-0.605681355379118 -0.125270137980105 -0.0829895069795031 0.000918619378889755
-0.435702452836285 -0.442469120480321 -0.0316612701606994 -0.0322266850881967
-0.301799654046123 -0.611570484269085 0.0310187327194121 0.0521843858644889
-0.190926381387211 -0.517829781736496 -0.0304276761490113 0.347768599677834
-0.285666053779015 -0.503910461370094 0.0494944852024817 0.233841177819949
-0.492018413085007 -0.338972001002856 0.0643883218369688 0.0290034350347826
-0.572869952652338 -0.0779447918348663 -0.0263352988999915 0.00717584228807914
-0.50142503042586 0.134557581929305 -0.144049731869423 0.0569602495302647
-0.372415610826188 0.284630335199498 -0.149548403073059 0.152446453452806
-0.215663113677266 0.376836261528216 -0.099824038294169 0.234558124328795
-0.154508296235133 0.352475397759173 -0.0639287527452474 0.262692661985224
-0.138362505960745 0.362321381516283 -0.0632618417157609 0.238010720684792
-0.264320169933354 0.334680359913488 -0.0424724936332036 0.200802744055757
-0.35929089272468 0.221891830701565 -0.0444536778445595 0.155702261687836
-0.462942815224826 0.0772943607231799 -0.0648824526383544 0.119836338233675
-0.471507038985586 -0.119356471223475 -0.0427638325783143 0.0389413914656082
-0.3523054134471 -0.3600857759815 0.0604728584077142 0.0548908171878715
-0.276186488525252 -0.51260132874487 0.102172733886394 0.243004961565879
-0.176800814884753 -0.341425086812598 -0.00917522781178129 0.534289962220229
-0.232175524919654 -0.300435695723939 0.0956985905795443 0.359957407234099
-0.333575566616526 -0.18530704439608 0.0655688283715081 0.100692924485044
-0.355495762078508 -0.0348315950862255 -0.0557823863580699 0.0374039168012556
-0.322994428479607 0.0794937623632149 -0.221003479397524 0.103986191394188
-0.254570083656539 0.184432732146364 -0.236002039706283 0.249174434409886
-0.156529170873738 0.252767395958183 -0.176610078201169 0.352820101793879
-0.125243346109366 0.23936556487986 -0.133114021175819 0.382796790398174
-0.125126196584142 0.241801990116947 -0.135374212140412 0.342872173758805
-0.212529076502516 0.206198538126484 -0.128316356701544 0.268288682862422
-0.265633463819969 0.105738370229069 -0.128780901648186 0.173122779080522
-0.291609341001891 -0.00527500596789835 -0.0911751975238937 0.101462333079778
-0.275544662702737 -0.0978992426061081 -0.0132654026898919 0.0560642975472581
-0.223839663474088 -0.232469288479787 0.126910161757276 0.11805487260437
-0.211392463352099 -0.3418963753868 0.157788960010948 0.386655590895652
-0.123047499210994 -0.108284771870454 0.00882338617135485 0.639466530099342
-0.120234689260345 -0.0579145071060065 0.138624737157241 0.431029017614874
-0.110935727432548 -0.0242942280085957 0.0753922939384182 0.159869230915781
-0.0874577168551406 -0.0111842739399367 -0.0597962327610202 0.0645748350635237
-0.107289431397556 -0.000423861796798041 -0.245478175298597 0.139680419971372
-0.107309073160997 0.048667868848326 -0.267232185771538 0.309624826866581
-0.0806820309038097 0.0865453693820321 -0.216977559025229 0.419531568492624
-0.0760511312929503 0.0905383137958394 -0.180799344800232 0.44483477632468
-0.0841329489872064 0.0911502355609147 -0.198868508250384 0.39227630297022
-0.118295090792609 0.0653766127364585 -0.211576746771572 0.284938316097515
-0.128037818616949 0.00446527512214795 -0.204993316359746 0.147066192594344
-0.0909174872811954 -0.0452028414253322 -0.108995611569332 0.0566653483837048
-0.0762977010026732 -0.0337126474294925 0.0097855970769057 0.0604986344668781
-0.10144578939879 -0.0666858584514639 0.160118380155607 0.160506616375686
-0.136015899996753 -0.127915090796898 0.190254660975618 0.4684490106556
0.0282610420543491 -0.142328543815255 -0.227835711440669 -0.511589255721467
-0.00609010005584457 -0.145660073163176 -0.241175065128513 -0.240393088414992
-0.109140716746787 -0.0814371179195548 -0.0461763848460393 -0.060476859610448
-0.123508208710531 0.0297158656103083 0.0835546709164782 0.00693134223410227
-0.0557538998394419 0.0766599613629857 0.267777936365101 -0.0876925551358706
-0.0161349631351151 0.081449556316744 0.285242608732672 -0.280920621056332
0.0119427926246083 0.0843785505056309 0.244008522627056 -0.408822351233219
0.0180897444101273 0.0813150672540695 0.212234841634747 -0.472771058933973
0.0112995457620464 0.0992921428581972 0.217849776151006 -0.45702330740837
-0.0400863475519873 0.108251918383377 0.244092006134013 -0.363827396802729
-0.0809824138622956 0.0958052763174613 0.233686564966083 -0.208978776354926
-0.165168643639951 0.0414149047661228 0.0709825641649405 -0.104920858971178
-0.143764830556817 -0.0897895592993544 -0.0887669384753174 -0.212150549047662
-0.00334835875650177 -0.14367258454205 -0.159806632384489 -0.411688639202621
0.0498047640362251 -0.121198938311994 -0.0354643837242781 -0.67688737878206
-0.0462278670919362 -0.350234546700886 -0.173330819325267 -0.463839038868258
-0.0953897231066195 -0.338704356740537 -0.192099338597456 -0.245505583059385
-0.273510638210488 -0.215262826167286 -0.034195503646359 -0.0907523622151568
-0.335129383484162 -0.0145873725733261 0.0795648815305261 0.0113847219107069
-0.256156134156784 0.127775826197295 0.255920329277651 -0.0616453773359978
-0.16479177362472 0.203463077797153 0.277792232412753 -0.238106424458912
-0.0763612326649985 0.251520577464897 0.243199504606528 -0.344966794668235
-0.0474556328869686 0.244048613874132 0.202412579955566 -0.39540923024458
-0.0477418038173257 0.271216431646314 0.189782956039669 -0.383959764203601
-0.161068076182863 0.269204484225097 0.214060149405419 -0.307570081677029
-0.247307552761177 0.203812158310707 0.204014781494648 -0.168546421393198
-0.387279709788423 0.0836716916953114 0.0263416364331103 -0.0624654703198989
-0.381276017192708 -0.151035017062166 -0.1371262665719 -0.185340206818515
-0.181533228707691 -0.337397542211157 -0.206096734818108 -0.364278343566914
-0.0700997660105536 -0.379042158746093 -0.0819919175912118 -0.57791819331439
-0.108521954582972 -0.523125818412081 -0.125888351351739 -0.332122526507255
-0.17521425121771 -0.513068142383374 -0.132447900133145 -0.194683951833249
-0.419465234288644 -0.345691279934231 -0.00679995043950208 -0.106851387029216
-0.531508441338308 -0.0688614474805024 0.0703437582877857 0.00161586941065927
-0.448090710137884 0.160966552786263 0.199771042394464 -0.0438455783928343
-0.309363913237668 0.300690979597566 0.216543548680978 -0.169255917493743
-0.16173502231582 0.385551627171665 0.198026066167206 -0.231991312740449
-0.103749272560301 0.371003591091841 0.160569603835434 -0.257173716504634
-0.0869886734037643 0.402560407444109 0.140460921917936 -0.250641506580241
-0.239260693645411 0.401078062682392 0.162904027920366 -0.20173357693744
-0.360971993705398 0.308053015282574 0.156692336255095 -0.0983544706847687
-0.553023807044907 0.153107496773659 -0.00537117570751499 -0.00386899380056044
-0.576892127238552 -0.155376545121425 -0.153763888257504 -0.126497205307505
-0.353803474902336 -0.45493363661207 -0.201044496561142 -0.266958983776311
-0.199029703231385 -0.564783399305714 -0.0870908940313724 -0.397414276254435
-0.161489171850233 -0.62874440132764 -0.0875646536620901 -0.128154494417201
-0.254278309131899 -0.630011294847863 -0.0668205155705725 -0.0806976425068958
-0.541430396764941 -0.430953483656884 0.0290390026641106 -0.0930400663429292
-0.679928520814835 -0.09912766720869 0.0517683824190893 -0.0124989754925757
-0.584165516176018 0.185346654266766 0.0990253520886355 -0.0229257870671952
-0.41180354084219 0.361799025385019 0.1081738906285 -0.0742204380939029
-0.222409528800299 0.464842231688909 0.113671043421181 -0.0815847438296058
-0.14244688027983 0.44007355023084 0.0971860978429178 -0.0802919511456726
-0.114028395238788 0.467400690598743 0.0796789644723917 -0.0802546740393799
-0.278846694443976 0.469109163494124 0.103674135620002 -0.0600963091334768
-0.417890253267283 0.364324765993485 0.100288046754678 -0.00404670690045708
-0.628544641096138 0.200295241543214 -0.0263256407254243 0.0601312967280116
-0.674833520900775 -0.130737711214039 -0.132906299835795 -0.0583787203521277
-0.463907110649382 -0.490504586223451 -0.137601268701625 -0.147646653407126
-0.296742948868598 -0.652935798027369 -0.04030589751059 -0.173884445494679
-0.200171989534249 -0.640653812256926 -0.0558674090888758 0.120121963683757
-0.312954852613154 -0.641515066389586 -0.00120721435329215 0.0795812673418186
-0.592161542726922 -0.435358616029275 0.0579079824263911 -0.045622596456975
-0.721213618190707 -0.0952856817877864 0.0175810926918073 -0.0138427698207397
-0.619744026497498 0.189806748534741 -0.028662196833726 0.01242844650835
-0.443007024620162 0.370254560875425 -0.0277896396285841 0.0439382971011582
-0.243314275476972 0.473191438563251 0.00813145325247429 0.0879075635532034
-0.159799422680892 0.442842077319692 0.0210065141773077 0.108256111582185
-0.130890549673825 0.462503366803835 0.0137797186479279 0.0990913232528749
-0.288680857328777 0.455373886072021 0.0386720113385429 0.0888581894645324
-0.422113393960978 0.341959094478823 0.0351027510552097 0.0937403821133026
-0.605787361020497 0.178910691313756 -0.0426027186644853 0.112128280324615
-0.64663966583119 -0.113168007002991 -0.0900287770387966 0.00211009450526705
-0.470263227016189 -0.459356899159048 -0.0369925963186753 -0.0349734129759184
-0.33266961841323 -0.638953641987022 0.0362898729092453 0.0548825537374606
-0.215910286819679 -0.547122658301084 -0.0275321262906369 0.36805685352358
-0.318200310155841 -0.530011963353206 0.0583965174588655 0.246705392217604
-0.533782206514131 -0.343382960439341 0.0700680266942662 0.0249828341127054
-0.610657162851884 -0.0629368836308913 -0.0255403299181031 0.00598901377372817
-0.529359448923089 0.160250952476162 -0.150181281216889 0.0639574068619782
-0.387550831592231 0.315961185253577 -0.156819200379307 0.167364684951295
-0.220125632249026 0.40443695386876 -0.0957334261539183 0.250641817905994
-0.154165134413158 0.379875579307528 -0.0569530424515448 0.281088234586016
-0.138232323248413 0.387622623820058 -0.05845425876954 0.256845597758818
-0.272348228025296 0.364393826138679 -0.038727985360677 0.212801187392165
-0.374631019272127 0.247418462052357 -0.0439285378965683 0.163903846897629
-0.491295803062945 0.0955394366745769 -0.0671220591153428 0.131553012274083
-0.503186803729007 -0.11047760978489 -0.0462869122530862 0.0406169251487873
-0.381558379406405 -0.371273533925177 0.0631883542838096 0.0547751778315238
-0.304232866983623 -0.533220063889383 0.116661682932176 0.256776145520549
-0.198040677006068 -0.36149052884274 -9.9640860801822E-05 0.56688650784345
-0.256724373376317 -0.315698571512756 0.109095088634529 0.378505129016755
-0.361204655463433 -0.184463644818111 0.0729503548242597 0.101593772645089
-0.37857114106436 -0.0243682540288748 -0.0568204818434201 0.0387081841718013
-0.341996776562997 0.0972709867784169 -0.232118367952365 0.116657896637003
-0.265635221285652 0.2062889106405 -0.245788311545716 0.272660592429679
-0.16078399134632 0.272587455499607 -0.175085464146226 0.379211352973563
-0.125217446464319 0.258173726239965 -0.127030500035975 0.411475868361724
-0.125956526526816 0.259780874428891 -0.132589421344768 0.371115150167441
-0.219878529637069 0.225467314710573 -0.128703809425269 0.288119099199694
-0.278744575173311 0.121176252794744 -0.132779005572991 0.185305675614048
-0.309686395387912 0.00266631176287853 -0.0952877602078992 0.111765808357992
-0.294438005251201 -0.0938413656624107 -0.0130241013188826 0.0581890551914846
-0.243028733396624 -0.239216527698187 0.135169926594093 0.119548636259271
-0.232524537200382 -0.355742107542856 0.178840954577337 0.409367813497514
-0.135569382717147 -0.11528159347121 0.022108342700882 0.684361803289455
-0.131252214123549 -0.0587061798605718 0.154783680283411 0.454701921871433
-0.120051222573132 -0.0196311804408033 0.0844747255161452 0.165060411707686
-0.0931753199486373 -0.00708957695702997 -0.0612139673965728 0.0686712819721453
-0.114630842320838 0.00355167246907729 -0.258233814834892 0.156536644451832
-0.11344289577874 0.0565663295753348 -0.277140862826199 0.33687593505035
-0.0842366604126562 0.0936783768506325 -0.217883657022158 0.45153652728261
-0.0774994067431474 0.0979724208552026 -0.176947099587772 0.480306536181777
-0.0863783223386985 0.0985560424910739 -0.199042764291848 0.426546182336374
-0.123001463448605 0.073082865571434 -0.218451448030376 0.309181944642048
-0.135309383913378 0.00951667151418072 -0.215449957684824 0.160384091991574
-0.0967625434818251 -0.0444791314501893 -0.114909661625381 0.0633571403980475
-0.0811507340817333 -0.0311721975599587 0.0115876105089968 0.0627866816149423
-0.111279175166307 -0.0657652959010655 0.172459673963381 0.164390958623053
-0.147973301402753 -0.131623251829402 0.21534508025278 0.49549022652163
0.0432176300241583 -0.139968634833898 -0.147834293444657 -0.571132881423069
0.0157400305922764 -0.147655976556916 -0.209966398941903 -0.289836187940735
-0.0963287587461963 -0.103052778378881 -0.0461489182354802 -0.0727448084946585
-0.129271433446322 0.00816722127134058 0.0772276130661435 0.01972921485844
-0.0709471741175043 0.0633986782565966 0.292117385163069 -0.0497436149516545
-0.0302951358451975 0.076567646672574 0.341778046151353 -0.249274927336164
-4.58518933858752E-05 0.0870786968560741 0.316840221679502 -0.392100115089796
0.00217168354850041 0.0841378036149608 0.294630562937586 -0.466904504212711
-0.00658246017394584 0.105156451719258 0.296546785849095 -0.452557541120714
-0.0602775842279745 0.104498581993759 0.309651242014191 -0.349510521542295
-0.101405395138198 0.0821192128435023 0.278150940192468 -0.186339705809772
-0.179091404641574 0.0131251703684312 0.098732907788727 -0.103060328456496
-0.132287928916495 -0.125635851998808 -0.0581751384855979 -0.230484072468834
0.0259071973223947 -0.159962916723132 -0.0992941661581891 -0.440684835129293
0.0753289500762646 -0.127684095794421 0.0791739258950034 -0.705930832482128
0.00562226289088274 -0.366566527699655 -0.100953448260653 -0.522917807462519
-0.0439426676518524 -0.358582416480265 -0.161187880182848 -0.294420240013629
-0.240990614800829 -0.265584614223865 -0.0393349144848195 -0.112192267600366
-0.334531156223376 -0.0675336829024737 0.0597819612551911 0.0158838781256018
-0.284594023681588 0.0835417847509576 0.265388141158185 -0.0198767114518344
-0.204721798842515 0.178433331601939 0.321710517490582 -0.203184695324876
-0.11860294507923 0.244813886872108 0.302171977064336 -0.324910691248041
-0.0974334771373323 0.241154516007019 0.27354300043161 -0.387328715480976
-0.0982644562423502 0.273084888719873 0.256483415008183 -0.382916507318727
-0.214174790889833 0.252927895549147 0.269894569083642 -0.300504802267353
-0.297910021218207 0.164530588294236 0.24755959858969 -0.152652059433707
-0.420449567688372 0.0220426919541399 0.0571990832510476 -0.0716450629616188
-0.36971553568228 -0.235963841203046 -0.107107320593074 -0.207833645094248
-0.12507433490869 -0.394560266462863 -0.148174953463621 -0.391146088386316
-0.00290774578866746 -0.42531239252153 0.012678692943814 -0.596766533423215
-0.0250066191988806 -0.552691056204707 -0.0765006659066194 -0.388611580240153
-0.0955433284495926 -0.550866589155406 -0.109305045564759 -0.238019942642925
-0.367407645735884 -0.423019906477365 -0.017121384124159 -0.133850526765033
-0.524810779058121 -0.151807224387815 0.0415629649113092 -0.00514096854845508
-0.486191354523322 0.0877712368774698 0.194085709134895 -0.00596472890983245
-0.37111991321955 0.256389165253881 0.24326418595007 -0.138550002111142
-0.228457508923223 0.369003629095959 0.232992540984866 -0.211238133623318
-0.180223969304863 0.363278314242429 0.208449670454785 -0.248251901552457
-0.163620825901427 0.400205951814918 0.183600944775493 -0.252033994806185
-0.318241457462045 0.377693303664115 0.200139803922473 -0.201193080437445
-0.439488805183876 0.251576443706101 0.192427278997531 -0.0914674306091272
-0.60693769812682 0.0668722003639849 0.0231448379892518 -0.0222174799550779
-0.572700587821334 -0.277012927607988 -0.128657377545664 -0.148223340660662
-0.284540756225015 -0.547407932588373 -0.151495723828556 -0.284374194325926
-0.104922714804658 -0.646344110388243 -0.0213439703566704 -0.396602121915107
-0.0563468648785404 -0.67017124085893 -0.0718821045972403 -0.176949846972571
-0.157205989657512 -0.683174646857083 -0.0610764214814567 -0.114608413673573
-0.476822071531659 -0.528444630616948 0.0111755017307932 -0.120934860945744
-0.670500779828657 -0.204307008334552 0.0159926256480828 -0.0287322752177061
-0.629881610832447 0.0925948258434763 0.0793699372047637 0.00416499729211158
-0.488484928619023 0.303948892672419 0.111997319718191 -0.0542163240415453
-0.30407128504591 0.441111200596451 0.119194581463981 -0.0650417486966159
-0.231825617883372 0.428194896961917 0.11465211597843 -0.0718111256605823
-0.202186340165403 0.463159616916805 0.0940441578358019 -0.0814157124570093
-0.371611186207843 0.443108084517726 0.116264335962094 -0.0634345476834688
-0.509497557737237 0.300520349959572 0.120896328383801 -0.00399890460527249
-0.695468946879307 0.103697755321879 -0.00515564866712316 0.0375749949133215
-0.679251640193603 -0.270609300806729 -0.115018579166363 -0.0746520211372418
-0.392223083226207 -0.601097681880634 -0.099828997926988 -0.151299294321765
-0.190784086074017 -0.759065388494513 -0.00947617984003922 -0.147277054850206
-0.0914344789825933 -0.68626406580996 -0.0813446408032459 0.0834770594992346
-0.210506395339482 -0.706700915805865 -0.0212155704509841 0.0615218642055331
-0.528935970831589 -0.542851287058482 0.0314835982715438 -0.0689005710306036
-0.712712912471809 -0.205940419688321 -0.0214664933552131 -0.0367737220162147
-0.665745523099253 0.0928974188364347 -0.0619562007932759 0.0233929613973061
-0.521735752888019 0.311201480672437 -0.0496712393919948 0.0496059169511917
-0.327451860775467 0.447310373950404 -0.018287282599688 0.0981566084136497
-0.251431193958177 0.429363659528416 0.0064803019026169 0.11562426891163
-0.218300772697092 0.453241047926671 -0.00218606903381225 0.0980758478512174
-0.379765319595442 0.425633416378719 0.0256622552760638 0.0842226783888438
-0.510452745315124 0.278309566978084 0.038459348276968 0.0886123336107563
-0.666549590140177 0.0877282261058087 -0.0319276411026923 0.0898324839093129
-0.652974504301469 -0.243716179538345 -0.0797349721916921 -0.00660947502250689
-0.406086180907477 -0.56680142589127 -0.0146311379194704 -0.0213629150252485
-0.231714149098735 -0.74562623604779 0.0328180590067354 0.105258416869869
-0.120831244169939 -0.594562104316824 -0.0942419500823198 0.347435014528531
-0.235181159661627 -0.592744916188999 0.013637093678707 0.247188742233319
-0.483152096185071 -0.439423020885877 0.0366293556988496 0.0112947790563634
-0.608606790718592 -0.15386377134851 -0.0636609357089112 -0.0194651776724635
-0.569424168878788 0.0828478034048327 -0.192685681403958 0.0570077135695405
-0.456460207819536 0.267527686654161 -0.20196200427547 0.159206077975501
-0.293565519787401 0.382151176673883 -0.150702344153023 0.252906281717269
-0.232050983605712 0.366510393928421 -0.102018257041712 0.284833896065843
-0.213312787482978 0.375800117119666 -0.100026012333123 0.256401425073063
-0.347478432069941 0.334190848838312 -0.0730951228212221 0.205366389983327
-0.443415960008554 0.188372093111685 -0.0565000976302086 0.153271446369116
-0.53295358545084 0.0192612816345874 -0.0647177719098541 0.11334707031625
-0.503682967001043 -0.211801033239487 -0.0432485167758291 0.0394642330797477
-0.329227582898829 -0.456741625849239 0.0706395611198578 0.0824724973273658
-0.220622013840866 -0.624192260963219 0.081592525129296 0.323880916348956
-0.131263707937304 -0.398910880664569 -0.0994830199805746 0.56624624292433
-0.205503555193366 -0.363856193330656 0.0467362744066418 0.399860422855243
-0.336067938099629 -0.247698467728006 0.0380657812832487 0.101257613874979
-0.379808740903223 -0.0788099858836603 -0.0880335642718634 0.0186267076342416
-0.365539281646862 0.0505596706080112 -0.277031637733954 0.0960346757246674
-0.310280446775316 0.176153810281365 -0.308107767522443 0.253901373329953
-0.210948366422139 0.255764716802684 -0.250306616233402 0.376348479626326
-0.178794503005544 0.246099658035528 -0.195177477094411 0.413175946968343
-0.177928536002783 0.244648180253202 -0.19365663885991 0.368349805423565
-0.268498367781615 0.199220865275368 -0.177759943566784 0.275524121776648
-0.318007054170939 0.0749115110046246 -0.157416915193604 0.167917224551206
-0.327153506819481 -0.047512741407317 -0.0997208599442653 0.0963863776671856
-0.288190598194335 -0.152975826490496 -0.0161560186220896 0.0608892383316075
-0.209541334501743 -0.290298583850251 0.128868721852949 0.153397773970537
-0.177426739161875 -0.419616371041737 0.120521558233444 0.483970892087722
-0.108592912644206 -0.135287087488351 -0.0926394062146146 0.699604121418462
-0.11775464693061 -0.082297333954204 0.0846320822906329 0.494167559955873
-0.117752467358577 -0.0385550235522944 0.0552023185574233 0.179394894244543
-0.0923063367622764 -0.0182863101863177 -0.0803168803238812 0.057807387033997
-0.116307209554091 -0.00866861275643655 -0.299923733992552 0.127750140143075
-0.126568426123741 0.0460969731374056 -0.346076449481226 0.31426241557648
-0.103511599431439 0.0845783538181154 -0.301317838410495 0.443961852090323
-0.0976259601025162 0.0901524385477279 -0.258343480501343 0.47745843268199
-0.106486940372753 0.0858624729183892 -0.272541116374593 0.419547797766541
-0.141284958084652 0.0568899967624478 -0.274032663878499 0.289987108746347
-0.145257058201035 -0.0145483253680226 -0.244507070773803 0.134555909424575
-0.0947593753674158 -0.061360376570059 -0.123922823471479 0.04863840101397
-0.0777002343404553 -0.0461470204768684 0.00456408888482727 0.0669881265508431
-0.104139052993112 -0.0838735098808942 0.154850468741017 0.196913196267294
-0.129978433465096 -0.164478491480325 0.144442324350247 0.567360374270521
0.0328559274821557 -0.142207975741672 -0.198374683231033 -0.566957928453468
0.00450632567659942 -0.151641570477565 -0.232211883834484 -0.272151672788995
-0.104706329789446 -0.0963466396339834 -0.052746319181146 -0.0675958009328755
-0.129077011610186 0.0186828703155307 0.0786756941639253 0.0140995012038621
-0.0654891368940482 0.0702427829382707 0.289457216862174 -0.0796172836464105
-0.0219355225924194 0.078297754984161 0.320980299631069 -0.283035498497022
0.00883231844916519 0.0869978518774957 0.283178930844977 -0.424887466299008
0.00974541038603922 0.0845987321000954 0.250131575446639 -0.498510331148715
0.00302558973915123 0.106490511180079 0.257214519551669 -0.485864532914503
-0.0514208248370975 0.112223974406265 0.281679961300873 -0.380406508569098
-0.0953699374035538 0.0913998056344795 0.26470159371204 -0.212526864142319
-0.180622304887933 0.0295353264348412 0.0908211506163832 -0.111517099975916
-0.145356983673179 -0.114529399967997 -0.0802976832940385 -0.224569370840671
0.0130709795477938 -0.165730546274357 -0.137480666599386 -0.431854472768189
0.0646467318651516 -0.1347827650293 0.0198623178822785 -0.719035985971707
-0.0250047188387592 -0.366099872207069 -0.148788780826242 -0.523537782696831
-0.0747207434327826 -0.358265138707496 -0.183252084344694 -0.281498694886485
-0.264460292262526 -0.24464362493172 -0.0506573433113937 -0.10872734887191
-0.342454172803956 -0.0372037437372171 0.0616712044857319 0.0111864445234998
-0.278190628204424 0.112669161690564 0.266355886803677 -0.0468079730599955
-0.18855850768756 0.197758885911992 0.305880224844062 -0.234222037672612
-0.0962627173811362 0.256724565436312 0.277479593161905 -0.35685916501701
-0.0757052604820664 0.253147623965426 0.238299081418316 -0.41847609357955
-0.0749855602081128 0.283348742711878 0.223943365622923 -0.411382484854488
-0.193474906168959 0.276494984968194 0.245203371079039 -0.329963263842222
-0.285712003074135 0.192562766646219 0.236422055272696 -0.177638135335163
-0.42413409162278 0.0606276833843472 0.0522276729275034 -0.0747346598494372
-0.393678552735707 -0.202229394572573 -0.128572491219443 -0.198714231043212
-0.158910188095757 -0.388914073256013 -0.183975881413173 -0.378174199186311
-0.0407862495290343 -0.425804639958541 -0.0387145751481248 -0.600875095366429
-0.0716672091461178 -0.551678161278517 -0.112291585480765 -0.389705516534871
-0.145140449545389 -0.546371930030131 -0.127395357074036 -0.230350514022834
-0.404996230695776 -0.389200697047414 -0.0296799883851324 -0.134398999913958
-0.541198786612415 -0.103663628803073 0.0421386276362167 -0.00927000994826329
-0.479796276860814 0.136779670278884 0.197133360978598 -0.0262124109869054
-0.34870855567092 0.29241155541848 0.232131102819752 -0.162197387312229
-0.195723694964457 0.392690082681118 0.219117658606327 -0.238073803304446
-0.147646747125115 0.383159989344361 0.186246792116996 -0.272626646126941
-0.128781222695584 0.417634769861847 0.162800446606484 -0.272238242665336
-0.287255291475602 0.41110476100139 0.183855637772805 -0.223096900456382
-0.419832594859415 0.294667665114451 0.18553612511395 -0.112027083349891
-0.607375949848961 0.123448765637569 0.0213018095503 -0.020151022446838
-0.602407121231968 -0.224143330344749 -0.145304455080628 -0.1380588164393
-0.332274074467274 -0.528466621316845 -0.180311404223363 -0.271834541870624
-0.162856440895797 -0.637796185429702 -0.0531100965780739 -0.395266961471412
-0.115062327904869 -0.667795583118242 -0.0903355262358436 -0.176146881909729
-0.217995920866433 -0.673539325352488 -0.069435469923414 -0.111003270039293
-0.525470145229636 -0.484366664718358 -0.000365858252700702 -0.124958305005775
-0.691326731947245 -0.14195000847333 0.0148965526634405 -0.0321026741475299
-0.623831346361038 0.154947733045197 0.0833627823785667 -0.00620730316149407
-0.462159175198129 0.353204722919302 0.107432548732032 -0.0640521262294417
-0.266981290296128 0.47223855919678 0.118362681735304 -0.0799762272067615
-0.194899838560898 0.453243637308964 0.109409647218643 -0.0855438832715161
-0.162951901346036 0.485249181885196 0.0895121979567309 -0.091721008988371
-0.333844216802175 0.481373745107554 0.111930447691794 -0.0767851389795094
-0.486670685350788 0.350011365137042 0.121274772914162 -0.0181460401050878
-0.692090678648456 0.169593748064333 -0.00136899823100038 0.0428435198170948
-0.706743721444508 -0.206191818292378 -0.125469568422882 -0.0648973929191673
-0.447397193359685 -0.573180100100605 -0.116669396642726 -0.142236142093994
-0.258801997568571 -0.741193110146447 -0.0192843465917316 -0.146513292255806
-0.153150903120651 -0.683364186470728 -0.0776217100321875 0.087629239388148
-0.276783796476148 -0.693984538345519 -0.0146048222110971 0.0622738279632098
-0.579359779816054 -0.494163775574885 0.0240576188849639 -0.0750338548115488
-0.734146638395442 -0.139569512305858 -0.0234744901040627 -0.0375119486615574
-0.660612055065952 0.161048868438034 -0.0569911657123266 0.0267163759983757
-0.495691710927617 0.363664613038004 -0.0459502099416208 0.0552163491690657
-0.290539127388274 0.479148691751508 -0.00570124846464299 0.096835896181141
-0.213866264462883 0.455526193512053 0.0188289518237268 0.113218461157425
-0.180532243987393 0.476613474442647 0.00987364708808612 0.0990019077293486
-0.34475189971456 0.465172334344602 0.0335552550683077 0.0804163127029258
-0.489016259627968 0.327920997989055 0.0455398808441201 0.0826156282716375
-0.667278998668934 0.148069100256054 -0.0235803383540759 0.0981350811434006
-0.677376474946194 -0.182589175550307 -0.0839357215053968 0.000156803898772029
-0.457641831336359 -0.53567476518183 -0.0195318164439334 -0.0199255340529803
-0.298171880791379 -0.723525274780682 0.0456707064203675 0.104490546261552
-0.175240029368648 -0.589125603966687 -0.0660026720502926 0.356508601924021
-0.290978762572916 -0.576989563613452 0.0353656964185386 0.246637364091927
-0.526473230508712 -0.39179116516275 0.0361726934628037 0.00494312353676338
-0.625670938976841 -0.0962167382711927 -0.0645147144392658 -0.016623929914592
-0.566204599057642 0.139636678245699 -0.186613797003297 0.0729078427400436
-0.432819084106056 0.313934921202355 -0.189655883182956 0.180250528710677
-0.262551275453943 0.411382887747528 -0.125365791660972 0.266086797166498
-0.198606063839445 0.389748072691926 -0.0738204524036331 0.294565642533163
-0.181956894522149 0.397146649953778 -0.0747480000032379 0.267734777738251
-0.318399356783039 0.369591017474061 -0.0553894422922257 0.212231033780817
-0.429274472781878 0.231378661803884 -0.0446388309518829 0.156522409102934
-0.535355247378656 0.0687216546120333 -0.0550136774535983 0.123241873751098
-0.524146927667286 -0.16346260612824 -0.0419534967759829 0.0424723371686383
-0.37005141628001 -0.430908317203756 0.0747789708635602 0.0752191142223947
-0.277561761645584 -0.606413631118316 0.113342997184169 0.32121470432054
-0.169790733759877 -0.391608427465376 -0.0500040428681996 0.57938400856251
-0.241955562241038 -0.349028509083573 0.0810421644685328 0.397868211282519
-0.362314789731726 -0.214456080701971 0.0455024758880513 0.0954527881050767
-0.388568585331596 -0.0412808566678757 -0.0861692877997638 0.0238243002332025
-0.362720758831008 0.0867839927842732 -0.269106515614083 0.121339014634174
-0.296210765062215 0.208494641767834 -0.287436214140537 0.285737838191175
-0.190575868353755 0.276758259240871 -0.215004575900055 0.400729829568875
-0.156586684173557 0.264166302842801 -0.155998260347776 0.433378216737689
-0.156758111468822 0.261925376215099 -0.159739327704693 0.390354976936307
-0.251409302734325 0.225891728984253 -0.155013621603577 0.293292189591904
-0.312651329059661 0.10627307425247 -0.144983093788935 0.181266459862906
-0.333200654723449 -0.0168348625404493 -0.0923623688497224 0.1081897761986
-0.301768753459127 -0.124388722073791 -0.0122511472882598 0.0612122506273029
-0.236251519160385 -0.271348294374452 0.140478378486614 0.140650246937308
-0.215230624365806 -0.404231400510223 0.166073120548326 0.478828088826912
-0.123850509424318 -0.128642244606033 -0.0314509052531234 0.715235245253475
-0.128052686985442 -0.0721428302639605 0.127117712528332 0.489984240086583
-0.12320419799535 -0.0247295934624377 0.0701081622651498 0.172598240457212
-0.0934702718768348 -0.00808647372748421 -0.0755097063342017 0.0626706764285028
-0.117916202573556 0.00296232259809169 -0.29042495877516 0.15742992219016
-0.123368180993847 0.0603835021336581 -0.320972206370615 0.349868588944232
-0.0972611543607455 0.0950544489019153 -0.261533948259935 0.475246260860582
-0.0896164021816787 0.0990193305062837 -0.212600739952093 0.505909251125179
-0.0996749188566568 0.0961831347378371 -0.233296196632965 0.449410252719403
-0.136383348738653 0.0697202690309005 -0.251053546726593 0.317930831980007
-0.146538621681085 -0.000102798830582871 -0.237437769508204 0.157565386663367
-0.0997106748752196 -0.0519907164176732 -0.120997475387378 0.0606522147025169
-0.0816575275425078 -0.0374131451005645 0.0107791420128792 0.0654489816568623
-0.113899897490093 -0.0730161230968779 0.170483569375893 0.182388566295433
-0.145538400461829 -0.153283905593916 0.196679586860341 0.561250787271733
0.0247101806002641 -0.137668247036771 -0.232127251503694 -0.542814020570881
-0.00444386786405458 -0.148721198085699 -0.239793950109133 -0.249314297353474
-0.10747104701196 -0.0871604551736905 -0.0557626997329119 -0.0604877691804315
-0.124272244596511 0.0265688184375896 0.0768827724873344 0.00912084738520314
-0.0588648294653886 0.0726983394978175 0.274092800548058 -0.100018590698477
-0.0149081904055091 0.0758327550723852 0.292204675187316 -0.29886236082274
0.0156941831993128 0.0833475248900477 0.24554483386454 -0.434150120440193
0.0157592927559282 0.0818072282492907 0.206080900792046 -0.505385359172694
0.0101717011029262 0.103627260606253 0.214089334302049 -0.490827608244076
-0.0427238954018285 0.113796259114578 0.24874129705828 -0.390830817322385
-0.0867810403330724 0.0945789458692559 0.243228071454722 -0.224610024599549
-0.174039578869673 0.0410414283276889 0.080940963568791 -0.113694128209745
-0.149345685025338 -0.100983976920987 -0.0950702086083168 -0.21129909992336
0.00202741294084062 -0.164296577621903 -0.160141526239229 -0.407848659474355
0.0527922228308957 -0.134816477294653 -0.0274738610520468 -0.698592417278615
-0.0465835755216346 -0.350807452872183 -0.180297527555943 -0.503133900030123
-0.0946957631740819 -0.343676915700822 -0.193117431697826 -0.26243884981637
-0.271778245097512 -0.21753257848816 -0.0564548452751381 -0.101193402479394
-0.334152621381327 -0.0118576206247166 0.0606926595548175 0.00642665582965855
-0.261602488772892 0.129993324457089 0.255337564418814 -0.0671817978456996
-0.166850286944662 0.204508647003097 0.281089492674865 -0.249428458474272
-0.0750824474166619 0.255324214284191 0.244737333800425 -0.36954705767989
-0.0547575227603306 0.251331138423156 0.199261077778714 -0.425604146025281
-0.0533090642307843 0.281130886481869 0.188048502228541 -0.41755438096599
-0.168277907205643 0.283754118438205 0.21577245303829 -0.339309906822864
-0.265025685496575 0.206776410961916 0.217654587852624 -0.191215139137271
-0.409333705628637 0.0877661387811952 0.0459702972820364 -0.0738414523757722
-0.39586093003138 -0.167102741498078 -0.139766459767706 -0.182588029565887
-0.179498097190334 -0.370065506598937 -0.203075349755252 -0.352420571347919
-0.0679083589614235 -0.408928887519613 -0.0759323916097355 -0.580498953338467
-0.105448295182336 -0.529160691503712 -0.137637925637809 -0.375625051391373
-0.176593866661034 -0.521200127092189 -0.135454554696146 -0.218066215353141
-0.417469387615238 -0.346170642678328 -0.0395421298407284 -0.128041441564035
-0.528454109938027 -0.0616276409441756 0.0401851575147389 -0.0124505284911837
-0.454703626787612 0.170609679711551 0.190436463857468 -0.0429626714903543
-0.315849332963222 0.308580671432932 0.21424384243416 -0.173476069450499
-0.163155644723273 0.393633133375731 0.19765479441583 -0.250670567115313
-0.116201491709396 0.382991680163395 0.160060246199702 -0.280632289014793
-0.0971118048589914 0.414602073352823 0.139701284575764 -0.278331549940775
-0.24896088004761 0.422542926144088 0.163356986077085 -0.231866535005069
-0.387197266207056 0.315787003814548 0.172779840690466 -0.124695596748545
-0.582731855333884 0.161976986578101 0.0204512426731042 -0.0172838962050167
-0.597584467953479 -0.173638389151788 -0.152628158890651 -0.123391732483553
-0.357057305803347 -0.493786148605632 -0.193750364222408 -0.249635589867444
-0.199372064094614 -0.60470519584059 -0.0765467899930361 -0.381343169130399
-0.155198363550763 -0.638867137448425 -0.102585965306763 -0.16933739672735
-0.25787372010532 -0.639956011279091 -0.0727948631793236 -0.105170285337967
-0.541731778353831 -0.429731739595214 -0.0110119485286805 -0.122296246984365
-0.679117405253186 -0.0863540821421279 0.0131383615132646 -0.0340588084324229
-0.593532591558954 0.198936940745243 0.082841624574322 -0.0162577548785562
-0.421855161469948 0.376797554782037 0.099763420725952 -0.070267379640048
-0.225856106610059 0.476974637270803 0.111828521140052 -0.09115052390554
-0.15756794894657 0.454605251042784 0.0997406428293642 -0.0935704129108302
-0.125589012334776 0.482722726397515 0.0816911160777206 -0.0971762691572772
-0.289665601278636 0.492467159672081 0.103019581673741 -0.0848099097806067
-0.449421574976472 0.375150246609494 0.115784084404834 -0.0296785359470218
-0.66418415739997 0.213011244231986 0.00330804069744427 0.046262624282129
-0.70027647542086 -0.148227500175066 -0.128525173721032 -0.0542468626081873
-0.469906132564397 -0.527972836686805 -0.125431400934257 -0.128966649101118
-0.298480656639656 -0.696488424120778 -0.0257814422398237 -0.140119974497964
-0.195146962497044 -0.653724342664842 -0.0718704059240638 0.0880072450783327
-0.317782469567449 -0.654207376140754 -0.00901752286530193 0.0599135577693595
-0.595755344578457 -0.434190005038058 0.0166192350698475 -0.0763779481079009
-0.721067974041439 -0.0816379318860213 -0.0240836824663103 -0.0376979172308258
-0.627583120532696 0.206876761087556 -0.0509214915842332 0.0255615237851882
-0.453967111941905 0.389819227464697 -0.0407329089838446 0.0572512712114473
-0.250234904478877 0.486683922922706 0.00434238134007029 0.0892304891679209
-0.174398217725829 0.458126087270995 0.026121022707571 0.106055342204431
-0.14274949795104 0.474722419049094 0.0181610568507967 0.0942983531150847
-0.301199882804323 0.477112875225581 0.0376178476534548 0.0742944454276848
-0.452648075613854 0.353659246690468 0.0486258205785579 0.074033598347595
-0.639178099352101 0.192330678765264 -0.0147971797681382 0.10083652598698
-0.667940682553794 -0.127243651213982 -0.0839854963258443 0.00510169702538399
-0.47647655865304 -0.488533734704464 -0.0236259336847777 -0.0185458866336768
-0.336472695549847 -0.67803886761806 0.0541285135899147 0.0997863309959189
-0.211113377718755 -0.559387762994404 -0.0416705356912329 0.349597998283
-0.323395500575395 -0.541611154089979 0.0509047957969686 0.23599921737162
-0.538865697645548 -0.340513256579414 0.0335167538236184 3.63104012161674E-05
-0.611930639403803 -0.0467061378676099 -0.0633000598768783 -0.0151455280354153
-0.53627319043151 0.178663868080889 -0.174522264552612 0.0809105064025321
-0.397990619261379 0.338740684860771 -0.171645188352211 0.188662741145072
-0.226968042135201 0.419683717745128 -0.100681181913469 0.263481477527285
-0.165634738536416 0.392262567303951 -0.0499381657618478 0.290075869301647
-0.149034538254274 0.397480030484184 -0.0512361991145961 0.265266995007235
-0.283433098368044 0.3820543328265 -0.0397546060116808 0.209514253670237
-0.400631449789522 0.25707412385323 -0.0346352605987438 0.152605708491549
-0.517098020914243 0.106187059509479 -0.0438220609677239 0.126682251862558
-0.516383768261464 -0.120967687008358 -0.0409146645804176 0.0434094349153164
-0.386142688143396 -0.392100276361115 0.0742978660168421 0.0671266355407548
-0.307824724075149 -0.564039607984263 0.135631567618737 0.306206799001963
-0.193752158900482 -0.370754754059116 -0.00973779739530319 0.56706176363041
-0.259766015071601 -0.322822074122185 0.104966211027031 0.381738001819745
-0.366386408469145 -0.180038314432934 0.0486738164937081 0.0874322234204147
-0.378786723565441 -0.011147468252501 -0.0820057996646174 0.025778527304666
-0.345085565389484 0.111712933614757 -0.251275757200713 0.135527116698909
-0.271768377448769 0.226008935503225 -0.259943805926935 0.29882056209042
-0.166828234371745 0.283690137865085 -0.179385944515988 0.401962889601764
-0.133291940399255 0.26708438687194 -0.119007468370356 0.429990711698105
-0.134794558159908 0.26531245775175 -0.124758315897529 0.39007766724138
-0.227811119439649 0.236601560417558 -0.131300511726435 0.296624327476361
-0.29551175740481 0.125956378508607 -0.130493836780752 0.185030273318661
-0.324428186456478 0.00849031330127837 -0.0819194498124784 0.113137581384157
-0.299465955184502 -0.0974610306444327 -0.00910020156208124 0.0589638717919937
-0.246410842542546 -0.245855045961844 0.14181973383922 0.126119469965888
-0.235658986154043 -0.374587046155121 0.197211860061438 0.455551749398603
-0.131554347580038 -0.117529382202882 0.0178755345859655 0.697714063740513
-0.130161665841063 -0.0608830488321657 0.155350715336572 0.467915114664395
-0.121583797867067 -0.0122429014582482 0.0776479357109417 0.16053108044543
-0.08973235980104 0.00038494357367879 -0.0692722102632679 0.0640194451639981
-0.114378502921756 0.0120356445389509 -0.270438597072235 0.172598589707383
-0.115210446863295 0.0693212348740416 -0.288050424394518 0.364910335045203
-0.0883896587885375 0.100119297111203 -0.218776280601671 0.480832419438367
-0.0802405543409268 0.101529515620393 -0.169409828810701 0.507496900944528
-0.0902840713417335 0.0993644104709141 -0.192949376882657 0.453824946037372
-0.126719149320267 0.0774238053887275 -0.222088420899186 0.328008034571195
-0.141227392753689 0.0115825293390677 -0.221485403517454 0.169031903321434
-0.0994347905085015 -0.0426521738282814 -0.113682305654419 0.0682747863341557
-0.0809037466781884 -0.0285578590887302 0.0152399022899074 0.0611854078185237
-0.115042368700064 -0.0607964491074815 0.175036882627976 0.16398727513135
-0.15118894194531 -0.138121213536671 0.230487223928549 0.534093436444931
0.0223664294657546 -0.132340865569172 -0.243232582386977 -0.5219455359515
-0.00742958940650664 -0.14500546582943 -0.23652495396194 -0.234994297865918
-0.105589611963035 -0.0820644719120942 -0.0548685037261918 -0.0554943166980157
-0.119117296944115 0.0293690092052171 0.0746116389755486 0.00743740632014718
-0.0539866866680011 0.0724677575875789 0.260281830953243 -0.106803921410382
-0.0110834097546469 0.0723030823876166 0.271143920933326 -0.300656397138888
0.0186982486946281 0.079106866277699 0.222467852572456 -0.430321496882869
0.0182585080420083 0.0786531023814019 0.179163195213251 -0.497071893198686
0.0135971699190973 0.100322609089777 0.189952352844202 -0.48420492469777
-0.0374030301445988 0.112780141202333 0.227329492931025 -0.387656186219501
-0.0818974732619081 0.0941969724862861 0.228548391689008 -0.22675442690091
-0.16766278559597 0.0450169555251539 0.0745760400946474 -0.111546012501486
-0.147331725995199 -0.0917167776367108 -0.0994173101192728 -0.199326187280843
-0.00296558986670315 -0.161055050644165 -0.164779956137546 -0.386321453276469
0.0465165288123515 -0.13124339222381 -0.0494563973529982 -0.674464260265242
-0.0531366697174659 -0.335516109670934 -0.193542887651199 -0.484376054522648
-0.101435926320811 -0.32942681357025 -0.191566067875527 -0.250049355481295
-0.267047017602377 -0.200721725009745 -0.0581943460405702 -0.0949450021759734
-0.321577369515763 -0.000368260152397947 0.0583074886145031 0.00456254113653389
-0.246823962852191 0.136794332125625 0.243800601714698 -0.0765176031213086
-0.153524049766031 0.202406955463182 0.261892564785316 -0.252617777651096
-0.0631981423951644 0.24875721691121 0.223784205889414 -0.368698816099601
-0.0445618216330625 0.244763806524704 0.175121262859583 -0.419656418432414
-0.0416939751107056 0.273513774029265 0.16663865125273 -0.412848524936376
-0.1525537064118 0.281855648642215 0.197210088853666 -0.337159735752522
-0.249554381593803 0.20997039403473 0.204229735779564 -0.194496321096596
-0.394256130736372 0.0997799278221032 0.0428425387647412 -0.07094926214553
-0.386800229171354 -0.147022038328004 -0.143142146191624 -0.171008178993111
-0.184516572425514 -0.354985329576919 -0.205708497898532 -0.331244181432979
-0.0778141303052613 -0.390889227317156 -0.0885535221333151 -0.557736510376597
-0.115347202994628 -0.504868065043144 -0.147390948225188 -0.362143555731819
-0.186852646182787 -0.497311698991368 -0.135647369726731 -0.208247368896962
-0.411618536909931 -0.317992010331538 -0.0437041500475047 -0.122135356631836
-0.511192595427532 -0.0398785836939166 0.0379616848576764 -0.0145925250889872
-0.431246952321077 0.182199053891107 0.183153668965264 -0.0515043522153274
-0.292535119287354 0.308599670962686 0.200615440589391 -0.176411588509767
-0.143324783587227 0.386080353841455 0.183518447809499 -0.253607292365597
-0.098806914574021 0.373798013653809 0.143301982098612 -0.278522440702721
-0.0798487381777626 0.404441960987476 0.125371071062916 -0.275974497854225
-0.225743324567456 0.418257989088369 0.149090160822823 -0.231905652778935
-0.364130269569649 0.318580279369201 0.161273625152569 -0.129477734565813
-0.55936584170762 0.177753071615272 0.0203149486731125 -0.0148610005101049
-0.582014076523204 -0.145529070328728 -0.15496727542605 -0.113658506229285
-0.359007577453718 -0.46752681104912 -0.194876418808021 -0.233381666849838
-0.211173382864897 -0.576385092497575 -0.0818466363642814 -0.36450178489974
-0.168109419471983 -0.610976857848456 -0.107007089663063 -0.162990674113977
-0.268467494059806 -0.609173024653538 -0.0719567122108467 -0.101886806064474
-0.534316781012545 -0.394064460189314 -0.0159339296654428 -0.118061630457114
-0.654410099782685 -0.059130952751262 0.0110961253456054 -0.0353082340473606
-0.563053538881418 0.215766181694713 0.0807913107486373 -0.0222707268839183
-0.391339219963849 0.379028881361389 0.0937717736394693 -0.0722592629619477
-0.20292168866006 0.468176616659477 0.10621465717558 -0.0966518307592357
-0.135405313405511 0.443879400733161 0.0919461526684433 -0.096294702960019
-0.10532211769624 0.47113226820667 0.0760904145911182 -0.0990347172520121
-0.263360402032088 0.487874464540556 0.0962777982722419 -0.0865110527900902
-0.42062711796867 0.379934455960456 0.108989558175648 -0.0359888008766479
-0.635965135592094 0.231201771413469 0.00648547332902362 0.0476491933322462
-0.676421108727635 -0.117328516457106 -0.129764587448541 -0.047860530054866
-0.470862375023674 -0.496985499864669 -0.126852399662355 -0.119165649653123
-0.308832992548855 -0.659798897429594 -0.0261432105507613 -0.133380291947476
-0.20852925509625 -0.624905496423023 -0.0682170942464334 0.0851154138471001
-0.327670440544583 -0.62188038225197 -0.00540545158519693 0.0560952342334165
-0.586540493472193 -0.395594846369046 0.0114268535440063 -0.0753711801299644
-0.695796833287097 -0.0528228327885276 -0.0246139414920524 -0.0383804948365151
-0.59722498052717 0.225267189543399 -0.0469817023239251 0.0226123516665698
-0.42312071180413 0.395500763795204 -0.0374889690815301 0.0556573623471129
-0.225761594633737 0.479553603158095 0.00872226858596958 0.0816536768271729
-0.152960428997242 0.448250159411928 0.0290100418323631 0.0990797767048658
-0.12286352373005 0.463721974702712 0.0216740671423446 0.088893175778395
-0.274953263792264 0.473348197698596 0.0376558450431678 0.0697911205073701
-0.424316714593326 0.36064399396322 0.0468268011531145 0.0662216017063181
-0.610750786367231 0.209445339861918 -0.00915581399920913 0.100842901561099
-0.646431263027045 -0.0983526375774023 -0.0842289476305258 0.00790470698851423
-0.473662697882679 -0.456992140279183 -0.0261100189769536 -0.0167080571246752
-0.343373673598053 -0.639970352140254 0.0589393975361908 0.0957735280332656
-0.222793980169854 -0.535665040736732 -0.0308085303093003 0.33814294481413
-0.330337623536574 -0.513539181943543 0.056644055761941 0.225426406938167
-0.52962319959215 -0.307254450876865 0.0306087533760757 -0.00223859865991912
-0.590877912254233 -0.0217941323166825 -0.0614425902821695 -0.0159297969963005
-0.510738204172577 0.194951536832426 -0.164632604777545 0.0806019350768646
-0.371481326931568 0.343123954297673 -0.16012720024477 0.188447477585373
-0.205285945293163 0.413766337250392 -0.0868710450759164 0.254813096511503
-0.146874117799345 0.384484595394641 -0.037553016964529 0.280084989545594
-0.131868656348232 0.389603925255389 -0.0391193012684731 0.257241277205637
-0.260800114032005 0.379886501752517 -0.0330411062840039 0.203669098611029
-0.377993812730797 0.263065434397378 -0.0319034369318313 0.1464752724497
-0.496181555362705 0.12112997094925 -0.0368520226514405 0.127104839026987
-0.49961354236004 -0.0967987488148058 -0.0409446048757341 0.042807375273291
-0.383602970837747 -0.366962924162161 0.0699338638851963 0.062226327124237
-0.314285657021231 -0.531279949811584 0.143665618359118 0.292992622305421
-0.200873811010128 -0.351661967160339 0.00853871796714158 0.546721002372121
-0.263199240218012 -0.303244659611781 0.112818260511974 0.365362419259972
-0.359637429317339 -0.156780056720489 0.0480236727240042 0.0811079140961712
-0.364381080324315 0.00435284357390174 -0.0786810353591612 0.0243454380844127
-0.328338204180787 0.122247194141889 -0.237746161494575 0.137425185224561
-0.25337631827126 0.230015613222196 -0.240289913256357 0.298117309145377
-0.152443709715379 0.280746492979342 -0.157681355047104 0.39301836699918
-0.119780958401695 0.262246894019605 -0.0990733737785456 0.419736129204624
-0.121330017709351 0.261029022779168 -0.105768792091989 0.381385194708174
-0.212111740966014 0.237574043120015 -0.117077052067078 0.292334799320977
-0.280710965666399 0.133540037335603 -0.122610954287764 0.182266992535689
-0.3123826406619 0.0211975435287897 -0.0748102122258389 0.113439898872829
-0.289818381024974 -0.0825392921222734 -0.00861950229179466 0.0559872164502822
-0.244403719747115 -0.228612027103718 0.137380763391562 0.115966277444928
-0.23812761399645 -0.351458744420047 0.207617418716795 0.436304560246844
-0.133805721622611 -0.109692209573389 0.0396776774433813 0.674674843945813
-0.129280551003856 -0.0545785086778958 0.16417700573382 0.448205159692766
-0.117672534481046 -0.00476613187133402 0.0783766856733752 0.150702389590118
-0.0853706950846579 0.00435441355793644 -0.0653718344141848 0.0620396043818621
-0.109521527075576 0.0159957310673878 -0.2548363518866 0.176424816151338
-0.108020582528364 0.0725490018757123 -0.265448535082796 0.363380453288228
-0.0825740070496697 0.100430615690079 -0.194456016698673 0.47202699000418
-0.0740053524337807 0.100746134634982 -0.142761388313189 0.495529236898527
-0.0836268651012966 0.0988490307140395 -0.169012970006632 0.44618238064295
-0.119487948240012 0.078534247869694 -0.203662933840073 0.326198981447896
-0.13447569145002 0.017458283936192 -0.210338199715043 0.171899535716532
-0.0963292627635634 -0.0375145302891156 -0.107583857214374 0.0705061673697621
-0.078025379524904 -0.023642530027849 0.0157248057673842 0.057033546562047
-0.112520993092697 -0.0537740397137965 0.17022191995279 0.151360565979696
-0.150486956510168 -0.127792643100005 0.242431250914522 0.510580224171745
0.0231890004440808 -0.129983992738704 -0.247016583511265 -0.517962065210445
-0.00729919089562205 -0.143693834787884 -0.233781899711551 -0.233023329040255
-0.103823930930167 -0.0814879683776626 -0.0539341453211135 -0.0530779685951689
-0.117264261287463 0.0299384542023819 0.0737367228657004 0.00746764345051685
-0.0523667856948216 0.0726952741951206 0.25503715793255 -0.109625307150202
-0.0103472413590619 0.0699276853368217 0.264232407794561 -0.30060899480331
0.019660492331842 0.0774538676965579 0.213314221912065 -0.428742642701488
0.0193247581659598 0.0778757295095203 0.16871931184032 -0.493852902483912
0.0145152704609989 0.0992630634969559 0.180500697565786 -0.482401967581442
-0.0355247422661852 0.113343524406879 0.219988641721929 -0.38606484396718
-0.0807698088750888 0.0932901701900525 0.224268940346638 -0.226230232279684
-0.166130661684293 0.0468653215415488 0.0727311874438289 -0.110886127709378
-0.145582923145214 -0.0887294843979223 -0.10056374373725 -0.193930674109773
-0.00451463237380108 -0.160774444044048 -0.163131220661344 -0.378805859768238
0.0447895915507434 -0.129128889667459 -0.0517198693563418 -0.666339114702159
-0.0534676311572981 -0.33042078363581 -0.197641709792122 -0.480936960745348
-0.101444283544685 -0.32470622831685 -0.190159805133316 -0.247708737095578
-0.263537685304549 -0.194835653227132 -0.058293703747829 -0.0923958313416776
-0.315956087493007 0.00351936272690367 0.0572850433171077 0.00384326472184384
-0.240667555566084 0.13968429439537 0.239759420081387 -0.0811980365734348
-0.14915398876845 0.2006575496622 0.254999694174366 -0.253544952703874
-0.0594142425938461 0.245422092837186 0.216319791871515 -0.370598055664627
-0.0405616824274735 0.242547190400152 0.165304160146472 -0.418389353583909
-0.0381455772283649 0.271031324021656 0.158590515914532 -0.411217048951255
-0.146896507448471 0.282332072307584 0.190752010546586 -0.336794223326171
-0.244680276762676 0.210783621747989 0.199804558877782 -0.19601777665722
-0.390235734991324 0.103723542175581 0.0429337263747014 -0.0693833850936686
-0.381811173253632 -0.140553436146894 -0.145288492560414 -0.165761083295226
-0.185324665234552 -0.35107147163899 -0.204229930029034 -0.324186790445112
-0.0802797964048971 -0.383528274881495 -0.0905037004332244 -0.550513074053453
-0.116536679276956 -0.497114369385036 -0.151351147481877 -0.359461061004663
-0.186544468692441 -0.487762265444588 -0.134168399054555 -0.207364794652677
-0.405565216238133 -0.307471198248406 -0.0443902538330687 -0.119540556996786
-0.501570188044752 -0.0334348145293486 0.0374339143448785 -0.0151821996586661
-0.421005456527933 0.18695553612869 0.180834309819836 -0.0570651981324946
-0.284486013050155 0.308521919450169 0.195388017793329 -0.177826511642002
-0.137516945387711 0.381808963816523 0.178384548145297 -0.257568077281184
-0.0928540012007952 0.370493280810818 0.136045018952878 -0.278213408083958
-0.0742378259976615 0.400069519052729 0.119499081160505 -0.276451181994169
-0.217975572939982 0.417833772120907 0.144029789488753 -0.232073808531685
-0.356300051133062 0.319763022802123 0.156251501288363 -0.132487425886941
-0.552675479420761 0.184840040776204 0.0216845707372764 -0.0128191978313878
-0.57299827407774 -0.136789005796953 -0.15755830125255 -0.109284960208209
-0.357332663287994 -0.461851913147823 -0.194069810092045 -0.227917350369551
-0.211110999465849 -0.562420178191811 -0.0816428571719497 -0.359840811234316
-0.170745165198493 -0.602311404033942 -0.109032026190607 -0.162561992620195
-0.268909437971755 -0.600111300593412 -0.0704350515672177 -0.102138701127663
-0.527567788114008 -0.379945641219466 -0.0175026097591915 -0.116320502657678
-0.642248686634796 -0.0491490833298957 0.010513002884673 -0.0368345313156784
-0.550376031923815 0.221398529768735 0.0802758711057203 -0.0273522914296426
-0.381774813157349 0.379747895315312 0.0913446380425788 -0.0733067522324694
-0.196046437505206 0.465633460436164 0.104022157813425 -0.101598967968839
-0.128613379847758 0.440741255734379 0.0881732856799568 -0.098168592192146
-0.0981252570537253 0.466755777797919 0.0734665225222788 -0.100771849116329
-0.254890599543088 0.487850066841504 0.093122538722091 -0.0877015098383319
-0.412474176290194 0.381412232208357 0.104714370439457 -0.0397197933870181
-0.625867191768054 0.237965805098394 0.00881427379533497 0.0492449998656336
-0.667410959358365 -0.106312967766244 -0.132118207997897 -0.0454654792749707
-0.467250846555886 -0.488567130709572 -0.127256085522194 -0.115253009005904
-0.308756458592447 -0.643883268665978 -0.0236195589495321 -0.130884148599557
-0.211725907144822 -0.614526689400869 -0.0674945493351455 0.083284735556279
-0.329363282321649 -0.61248369351304 -0.00402320993916889 0.0533598078324991
-0.581073600567924 -0.381429912473761 0.00979608858252654 -0.0750279592609698
-0.68426648983976 -0.0422773349357179 -0.0253099378317878 -0.040753377131802
-0.583860112668657 0.231400694383772 -0.0453068848867677 0.0183163658535154
-0.411216896883803 0.396422138801351 -0.0364343745664451 0.0546264152743117
-0.217476982473255 0.476804255068115 0.0102570061363549 0.0758777932389425
-0.145405207779723 0.44363909157741 0.0287623186029607 0.0962443924339493
-0.11601574225885 0.45798642837302 0.0225973636046891 0.0864576174467984
-0.266800934805742 0.472722864431755 0.0372353048656991 0.0677736491591621
-0.415222582477633 0.361743774067573 0.0439478458114215 0.0627002496430537
-0.602923770134006 0.216884886933186 -0.00558077085825069 0.102454702051243
-0.636298872196338 -0.0882436787238631 -0.0870296724137325 0.00900464176912107
-0.471103756452638 -0.448986206155961 -0.0282852760541294 -0.0149439911943796
-0.343022750177794 -0.626324028790506 0.0622289573038335 0.0954607763587866
-0.226445584299224 -0.526979075651997 -0.0268296686772995 0.332675828919947
-0.331878955330392 -0.503348087917758 0.0588949276479902 0.221513523682466
-0.523997052917498 -0.29405308831431 0.0292713965429621 -0.00317611653159685
-0.581298660088547 -0.0137647363407403 -0.0617877292823332 -0.0185226345721197
-0.499213562206612 0.200434507594522 -0.160917930272018 0.0782197751338655
-0.360650848459881 0.345203202640793 -0.156008720344502 0.18699875255675
-0.198494196922051 0.412793265118692 -0.0819987713382738 0.249281997760369
-0.141442540612437 0.380483088125738 -0.0342574226757593 0.276269360829537
-0.125785879991469 0.385206696510379 -0.0350340174675646 0.253676434975666
-0.253469858019996 0.379875315374936 -0.0308082066595516 0.202246763486016
-0.369411161827556 0.267005308304066 -0.0328697982495995 0.14330851623846
-0.489433528797857 0.128175205911697 -0.0333833962425871 0.127490862937418
-0.492291967139875 -0.0890784821075439 -0.0427726537960244 0.0423278320033597
-0.380149451220467 -0.359700802547 0.066579513170857 0.0612452578431527
-0.311775751515447 -0.518431376204842 0.148561840371033 0.289616460350003
-0.20393765464769 -0.345339597898241 0.0144765474141454 0.540372338395669
-0.264231489788206 -0.298034750239685 0.115191320794017 0.359140840018318
-0.356042690478209 -0.147289246932879 0.0460845479021502 0.0789173310574038
-0.358263264021635 0.0103790252677197 -0.0784123502344826 0.0220714801348614
-0.322280389794662 0.126114785614859 -0.233272235353664 0.136093988301499
-0.245926868655288 0.232260159763498 -0.234468058800435 0.297520458731673
-0.147200812146307 0.280670680294954 -0.149844213026082 0.388943962292452
-0.116020641358624 0.25944342596121 -0.0910215458418771 0.414972074107852
-0.116611897041661 0.259097230261172 -0.0987503448722537 0.378383226696297
-0.206041007778184 0.237839038634307 -0.112817593441939 0.290959192214683
-0.274513815966539 0.136768411212028 -0.122141175854286 0.180811861825269
-0.307689044142024 0.0253047710804334 -0.0715795402707812 0.114192580063922
-0.285097440462715 -0.0769395172493779 -0.0102175665222654 0.0541971473688325
-0.242082362583653 -0.223223267391 0.132478405533626 0.112513790636828
-0.237059566994369 -0.342830334061199 0.213566400447995 0.431003081279239
-0.134857165343463 -0.107524726748142 0.0478338556509827 0.664565459244195
-0.129619686599607 -0.0520675200551595 0.166202887052032 0.442184112289169
-0.115684003008521 -0.000576396340704345 0.0767449261985086 0.147877855619714
-0.0826454131098925 0.00609272555868524 -0.0649552931271995 0.0598115158424336
-0.108141415455341 0.0181977140133156 -0.249496953407698 0.176836808690647
-0.104749873181472 0.0748151493855765 -0.257505621021126 0.362525013741785
-0.0809210745443873 0.101516745745831 -0.185264946251503 0.469520152746406
-0.0726071748205478 0.0995065431302102 -0.133838765575437 0.490802289724057
-0.0813313270969131 0.0985918683585442 -0.158815201780967 0.443337112820421
-0.117019069253513 0.079366824006491 -0.19673850922237 0.327144491713756
-0.131513233565489 0.0201833174680532 -0.208321124371983 0.172635227447407
-0.0945566975220001 -0.034648931904825 -0.10440335450229 0.0717080803721494
-0.0768298205191132 -0.0211325122835201 0.0158352785291442 0.0549137875960167
-0.110790872984921 -0.0504161418184008 0.165562038552354 0.147173419675086
-0.149765112852988 -0.124544349207977 0.24731882721971 0.503738092426241
-0.0321293505824206 -0.119263676151723 -0.457569374285557 -0.375807217290426
-0.0641619294439254 -0.123710889347564 -0.321824424547169 -0.112846794261379
-0.128986570180285 -0.0321844788716625 -0.0764902371759941 -0.0210333407497098
-0.0930913482542247 0.0750196977744247 0.0685005939182573 -0.019808633348846
-0.0206838634461043 0.0863624369994391 0.183226116981528 -0.213074770670376
0.0162392410464739 0.0673909697060104 0.105889702263485 -0.391856460513121
0.051433550026903 0.0601108280377685 0.00429689745192535 -0.488794366608848
0.0496193751692504 0.0673155772209598 -0.0697429767634975 -0.526006382663481
0.0578238632238622 0.0845037990578744 -0.0567374812407779 -0.521655783958067
0.0165580337455266 0.119680651692695 0.0224378546980313 -0.452111604438329
-0.0357352570295837 0.121153804337462 0.0992471252124706 -0.30954543490349
-0.130814369738494 0.114444887808422 0.00870613666367745 -0.14139325736064
-0.174390170463086 -0.0226689162541749 -0.174081624713165 -0.135793956118809
-0.0779528150631888 -0.15354140067146 -0.301310394110507 -0.276962133929788
-0.0198190668471346 -0.146385348069262 -0.327855240756468 -0.588573114083781
-0.184115417166314 -0.273515316715312 -0.404761564171727 -0.364923018490566
-0.224405813292616 -0.247741734926274 -0.2929446490374 -0.144516261239367
-0.318981595640835 -0.0686111174243015 -0.105540745332286 -0.048705026558264
-0.280090374134739 0.13486213749533 0.0441829431887396 -0.0101556228033869
-0.161029238765318 0.226390097152754 0.181689867653011 -0.172123880079989
-0.0532604953648977 0.246396732212869 0.119496380905152 -0.339116256796577
0.0509524227964361 0.247914254283592 0.0330687950401371 -0.430331742225119
0.0632336862671269 0.246878632089582 -0.0420035425981695 -0.455553205558618
0.0826682221241136 0.267237493442206 -0.0473593259480438 -0.447419993307727
-0.013574120668325 0.326336534981323 0.0122994738783191 -0.393191232315567
-0.138644392340313 0.303818616499509 0.0818039482361646 -0.277406502074955
-0.309560790194482 0.267165424619174 -0.0116116152228293 -0.102290976765056
-0.417962730827753 0.0322718660872281 -0.203705832297071 -0.100445607174386
-0.330815496295404 -0.250335383825302 -0.306378933314546 -0.217028018860119
-0.255035557242747 -0.32553250380124 -0.296673839253258 -0.469498898955704
-0.310621841345953 -0.403051279455594 -0.317904386781645 -0.275163911216319
-0.369847236796436 -0.362077432077374 -0.228563992299496 -0.130774963613597
-0.495305821101029 -0.111549361331831 -0.112993831446533 -0.0743601698209442
-0.46074290177139 0.179388587811706 0.00895964887183139 -0.0137722724878254
-0.30234841613401 0.347736165347884 0.137078003821742 -0.117454530161485
-0.129412735074479 0.403938640909661 0.0992242661681079 -0.239097319072737
0.0378442746714385 0.406861567590498 0.0476092481924628 -0.303896082812837
0.0685988925140717 0.388185429058312 -0.00578624384100987 -0.313556632336875
0.104732871930328 0.402685740064971 -0.0244038856798256 -0.305850183952172
-0.0197719410635747 0.482931374840977 0.0120196948592221 -0.275076314344174
-0.193767483773981 0.456825815578191 0.0636248113392491 -0.204519714337786
-0.423203545005933 0.415109778225269 -0.0154878797477691 -0.0493375437589193
-0.594014911515614 0.119200489455842 -0.192188957954999 -0.0517847388449636
-0.539247889128836 -0.275041086832691 -0.251317575522202 -0.141873123050562
-0.460949149258919 -0.430322234345794 -0.194021748776341 -0.302496831236387
-0.40049852827224 -0.481314038641325 -0.198117792053098 -0.11190119897277
-0.489651716733756 -0.431488961812743 -0.127462451570798 -0.061384482389195
-0.634313219315707 -0.126530431503482 -0.092988089689469 -0.0789917871271521
-0.593395001191099 0.22430749472235 -0.0306316893418834 -0.0173521723915133
-0.403764947513522 0.433454875247402 0.0586792581998856 -0.040605964454784
-0.185455206949292 0.512541835400787 0.0509105025069471 -0.0943547848633082
0.0204600490306096 0.507486572500261 0.0490391005825001 -0.12464851407504
0.0646474837869646 0.467802190415983 0.0315427360685648 -0.126922799041245
0.108464909304524 0.474300329650614 0.0127072167731355 -0.12422967210261
-0.0229144618376073 0.564031198862212 0.0283569983889895 -0.119956043461849
-0.218456690970231 0.539046540396902 0.0542082239732869 -0.0981890959599984
-0.466269737314048 0.496324065099854 -0.00516802716464031 0.00993710388385401
-0.667987502252116 0.187701168191614 -0.143909234614158 -0.00819146900397713
-0.650157021886774 -0.251390214228309 -0.142804490644174 -0.0741771172187931
-0.587806985086103 -0.460227205042655 -0.0353750846395212 -0.12151378187861
-0.441522311447227 -0.479928003221337 -0.0557277767212432 0.0983086155067701
-0.549249006631537 -0.419558028340763 0.00119126339543626 0.05456758639607
-0.684132834105561 -0.105644370094278 -0.0512211726854294 -0.0510047371452465
-0.625558541077959 0.249386371549377 -0.0672749032057343 -0.00341964011964993
-0.428189496253199 0.456460536302829 -0.0347665119054434 0.0590123240681524
-0.202988666271764 0.538752035703838 -0.00814683637312415 0.0807617335642707
0.00623658847364398 0.528814351818733 0.042843800581086 0.0817139546187339
0.0509370903466065 0.478588608744556 0.0654636950618634 0.0769913960280719
0.0892850205742027 0.475358163573778 0.0516913398924482 0.0690772464009746
-0.0408530750640324 0.555511852487753 0.0490001114589129 0.0470037368833933
-0.229498359248399 0.521552322759664 0.0446277353852303 0.0225141604525484
-0.453811699582915 0.467758199508806 0.0071176845212904 0.0652642063639696
-0.631018459582651 0.192364997756769 -0.0794658589323907 0.0226964862472992
-0.635462721031153 -0.209782563193942 -0.0113243035119898 -0.0251839009977903
-0.610884277791092 -0.423126551184721 0.142322721545838 0.048053146092004
-0.417502348374601 -0.39548649613657 0.0942861469532106 0.313445256795812
-0.508146247619921 -0.323851783906137 0.137171777906816 0.18120329674726
-0.598006449941159 -0.048813198028553 0.00172138019659859 0.00474532851378649
-0.522125518438459 0.233048905056111 -0.0865369443305904 0.0300596737137061
-0.364735321540773 0.393941746230304 -0.112991891700723 0.163067745128671
-0.175801688622073 0.472656972191812 -0.057262596437496 0.253596117978646
-0.00444825941602335 0.462930443727237 0.0367278601601582 0.279928455321956
0.0291741380449833 0.415970491197308 0.090436395102349 0.268793415715598
0.0487903376553091 0.412266549696964 0.0765522129384541 0.247725685812127
-0.0687648800136265 0.464219527276094 0.0500652926689178 0.199327971967769
-0.227917793587729 0.412926997697314 0.0154861698251326 0.131729477890867
-0.388849001479781 0.335953655400513 0.00239161179218241 0.104416246624364
-0.496670016552337 0.130364060204983 -0.0235518340185378 0.0378604038165808
-0.510297609865853 -0.164582032223992 0.102420345794653 0.00832442181757396
-0.531739353468367 -0.335739197771489 0.299169500376573 0.190832915272882
-0.322340689695429 -0.241619364095676 0.228550453768365 0.488356225935386
-0.361689008469995 -0.166801319725183 0.256029632607018 0.2828894855367
-0.383786572623248 0.0133390056878172 0.0625575925736382 0.0661360801766849
-0.312723153604929 0.160538120603362 -0.0757166150502676 0.0671195008774152
-0.23332138195457 0.251759526520702 -0.15179926989949 0.242086416884624
-0.119300208217668 0.319412223474076 -0.0785963039302999 0.385393587869122
-0.0147950650349664 0.32133134851833 0.0370212234744955 0.434191110089945
0.00112443140150212 0.291110126900917 0.102674912461684 0.420428410483936
0.00219054707176857 0.290744160274853 0.0783598321581506 0.389064506989721
-0.0873701057357356 0.312117038797499 0.0204811289314021 0.316996881854976
-0.195513071756197 0.250442334574852 -0.0411939002318048 0.209352661314953
-0.268348585707279 0.161854207339186 -0.0256968191520418 0.116512255717959
-0.298467463812909 0.0534784131544069 0.0130433881621414 0.0414708992972649
-0.320548770789193 -0.0977150203361145 0.177776787371581 0.0339018549745334
-0.380301936897022 -0.206542996291089 0.408903056418026 0.294454303671737
-0.161694121551316 -0.0518445238558893 0.324324680278473 0.595358097949035
-0.138374105011481 -0.00108681791252287 0.346688777577612 0.33429888262314
-0.103168034945783 0.0469981707111053 0.131158524254692 0.106438183230245
-0.0686822433580958 0.0402329742084755 -0.0366219205843491 0.0854249655304427
-0.0856527350108842 0.0625617405015599 -0.148364783826414 0.277906955194466
-0.0583065867924315 0.113772062750032 -0.0709297045355208 0.450115585866754
-0.0302764137532588 0.129170023485064 0.0408702240849809 0.518331426483572
-0.0251571108029276 0.122099635151835 0.100213111773432 0.508429438854241
-0.0347332937082212 0.127776611824468 0.0555818058181836 0.47619055675882
-0.0730226776775125 0.126465131320049 -0.0339212852165387 0.386331657271111
-0.112561005548443 0.0780000426963125 -0.114400604172281 0.246293804608278
-0.10129805637067 0.0122086970036916 -0.0632695770644656 0.103879404643146
-0.0802283446798164 0.0154712567559723 0.0373469771501136 0.0383442057701337
-0.123062954929023 0.00547752287749886 0.214165909538965 0.0587465906876036
-0.1968853399227 -0.0419989614095147 0.459879321060013 0.350348675783238
-0.0358501998514573 -0.122052126976914 -0.490688275846594 -0.370403972848277
-0.0692163344464408 -0.126532176319983 -0.335940215042392 -0.105512813238094
-0.134492961718212 -0.0298890109045089 -0.0778190734006549 -0.0190534386696175
-0.0935143391080937 0.079698274814322 0.0701902051856155 -0.0230515048598595
-0.0168602289887968 0.090881172921299 0.178583948376552 -0.228475588922782
0.018591997384206 0.0685068318246677 0.0921317160985914 -0.40965881610226
0.0552623736970747 0.0588161868187317 -0.0167528025938621 -0.505216793130145
0.054835282222239 0.067048177719903 -0.0973748203718517 -0.539325650469866
0.0641187195730259 0.085061444001933 -0.0816355627922296 -0.535815305509219
0.0228226362708532 0.123431773577479 0.00464919284651669 -0.468373899849728
-0.0335804238718649 0.127022844773118 0.0902326781786795 -0.324040140638359
-0.131424348594878 0.123709543997938 0.00323756126464522 -0.145658201926111
-0.179769347828089 -0.0173224713798686 -0.184068534199896 -0.130891800359829
-0.0868722301666045 -0.155684001294689 -0.316380124988588 -0.275287715327027
-0.0250099696380788 -0.148830875300686 -0.361416706114002 -0.594569642638137
-0.198290786859675 -0.274661374468735 -0.435311163578193 -0.362478671397552
-0.238045447434008 -0.248082341534976 -0.308183145529418 -0.140546334756375
-0.329606649298934 -0.0586862020116964 -0.109161146173783 -0.0467613532433752
-0.282114798692215 0.148663151119956 0.0448965769107056 -0.0120990859948091
-0.155387192631704 0.240222742101444 0.178067627672439 -0.188057350996083
-0.0452962723997045 0.255823400180005 0.108055899287635 -0.3561007502257
0.0618668457336001 0.253445901470995 0.0140046718200582 -0.447804126134198
0.0757405422732067 0.252215143348852 -0.0634403095148851 -0.46691113056103
0.0966601600658375 0.272288597628535 -0.0698890299630276 -0.459512130963623
0.00106462613211267 0.338473487225597 -0.00429691692823569 -0.407006667226853
-0.131633943428764 0.319997333798464 0.071627605721801 -0.290585465878298
-0.310169337414247 0.28978024832074 -0.0148763680161448 -0.104292430137336
-0.42740822041132 0.047962034057129 -0.214413497306034 -0.0924086539347538
-0.351048812515666 -0.247133153050905 -0.32144949064852 -0.213487194960469
-0.272799243251343 -0.32387963348031 -0.322691010181754 -0.473770843613528
-0.334153691061824 -0.403301620432486 -0.341667994326273 -0.273684851048299
-0.391799427189172 -0.360960632597693 -0.241619364503511 -0.129268625855865
-0.510362260103176 -0.0950912915364835 -0.117819607223715 -0.073190089376033
-0.464371150921767 0.203754497797677 0.00752591246433659 -0.0153742020696394
-0.294745764104743 0.368105439546093 0.134843604084562 -0.130864132240344
-0.116972097663419 0.420514683800157 0.0909429217833206 -0.251877726370693
0.0556459236630492 0.417726355784801 0.0335748149140831 -0.319300513991627
0.0865482204501692 0.398663605695991 -0.021057545461104 -0.323029467504384
0.123778961551722 0.411007448654318 -0.0392309212072116 -0.314102446828877
0.00159473538491586 0.500321981154064 0.000160052786704425 -0.285504558394868
-0.183909619255256 0.480452796251096 0.0545143129676894 -0.213759073411104
-0.419289654884726 0.446731877923673 -0.0157552570464419 -0.0494679648152497
-0.604135612622978 0.144737833679072 -0.201911251775171 -0.042079106825814
-0.567385918893922 -0.265218033714758 -0.262064011556667 -0.137469792525363
-0.488659018706239 -0.424666822094994 -0.208312162452683 -0.306253313781855
-0.430228239840123 -0.479242520082965 -0.211154159931489 -0.110803664254861
-0.520276097121527 -0.426471633658401 -0.134852885437302 -0.0611903908902907
-0.653522308277397 -0.104531907874619 -0.097558478107725 -0.0783655035233357
-0.599758173812027 0.254428782529226 -0.0339482262066232 -0.0182819012136967
-0.393611947266945 0.462761127736593 0.056321105274458 -0.0492015675232469
-0.16954727474616 0.535289174211575 0.0469394248558737 -0.101000797042259
0.0423999415109445 0.522284721485635 0.0420848882668891 -0.134392906233701
0.0856317374589717 0.480946225066399 0.0259989074810592 -0.132479633667119
0.131954391006314 0.484815718547933 0.00651720231533881 -0.128957603555496
0.00185461973086686 0.585639243840079 0.0238632147526405 -0.126214923573703
-0.20589531786293 0.565971382767111 0.0477260029771588 -0.102826902097715
-0.459869779046567 0.532849173811503 -0.00212604405794326 0.0109589617549653
-0.679460746572435 0.218537721195396 -0.151028878865599 0.00194902621753728
-0.681226541296241 -0.236541263149008 -0.149290675691427 -0.0705443045482209
-0.619017178730808 -0.449725287362872 -0.0371864788968888 -0.125729464265108
-0.474108943564125 -0.47564101752921 -0.0557625696102481 0.0999723506097495
-0.582396782183109 -0.412482103603199 0.00282204564991995 0.0528841879448512
-0.704675501418465 -0.0801821958248253 -0.0545843414023965 -0.0507229087700192
-0.632667383763902 0.281021321373709 -0.07116252724275 -0.00296756571872614
-0.421459589375054 0.487622444431436 -0.0358665262736818 0.0570888886174826
-0.186663535845178 0.56562609459529 -0.00734034365626882 0.0824184183480383
0.0285496707445569 0.546164091975763 0.0447458440768512 0.0787479949843218
0.0706034258139318 0.49169412011398 0.0694727389417574 0.0759858712771703
0.109955997783284 0.48623672806911 0.0550527569516212 0.0685366882983269
-0.0175973022369544 0.575140089756187 0.0517058353236835 0.0456803373066703
-0.216532759610131 0.547787789969362 0.0422739391581224 0.0227187827875182
-0.44691086154925 0.502751513903132 0.0132609574332517 0.066852448262363
-0.640518067357184 0.221646064315858 -0.0841801505456049 0.0295495630867889
-0.663168971441734 -0.194679145221037 -0.0143391482813861 -0.0245154036143241
-0.63996923723505 -0.411586893888834 0.152192967521352 0.0415953742383556
-0.446411423947481 -0.391012603137379 0.106969645735219 0.31572563989554
-0.537487700892388 -0.314819289963208 0.147016971507472 0.179543345130532
-0.614185791503766 -0.0260017081717296 0.00215476781156913 0.00466670233011095
-0.527694835450282 0.260284677711467 -0.0898300713246371 0.0320265137709228
-0.356467024575678 0.421101330900651 -0.111359737117795 0.168620563585187
-0.161266965189084 0.495005081234112 -0.0499769626308982 0.263466267605825
0.0146362655270445 0.47846211096312 0.0466699943051387 0.283801013183229
0.0448716520438083 0.429151093358032 0.104769407038267 0.272712798459478
0.0659584582969726 0.422682325610342 0.0894998324855133 0.251984431493978
-0.0502533277397721 0.484146359273571 0.0602201412145866 0.203387798117787
-0.218808160871733 0.436745966644494 0.0183162343005078 0.136503553095815
-0.385582740726377 0.363573488331295 0.00920583588929065 0.106867379618154
-0.503559618304542 0.15287429147168 -0.0263636146649843 0.0425542130916876
-0.531725421896266 -0.151222078696823 0.103035515854362 0.00609478822295666
-0.55730117212363 -0.325065071446814 0.320178874731638 0.182963236150095
-0.343325132291474 -0.23520286064037 0.254061667688212 0.490693870116417
-0.380244970932766 -0.158706261143969 0.274019675863718 0.280283410017011
-0.391575365657979 0.0306489029294179 0.0663433156261798 0.0664552510347506
-0.314247171821213 0.176651021311915 -0.0775661338926635 0.0703043465829731
-0.229856373995856 0.268820207417355 -0.14811389838626 0.254035566920966
-0.108488758312299 0.334211570994936 -0.0662832613862876 0.401496198645011
-0.000753207062252676 0.333010550083932 0.0541443052944965 0.445436405043038
0.0112029885694023 0.301818256198677 0.124418975350345 0.427976200843775
0.0127167454824601 0.300020577361234 0.0967485651796637 0.396445184979035
-0.0759995636731409 0.3266284736268 0.0347972518343363 0.326815858354778
-0.189985109774017 0.26725818579477 -0.0366307654503125 0.218944857436649
-0.268866414044863 0.179374584922406 -0.0199170055183912 0.120343615713633
-0.303366473651715 0.067454713186095 0.0124767900306375 0.0423833686016064
-0.333516911300543 -0.0892595306746357 0.180711305009886 0.030074607750678
-0.398112297947059 -0.197545067138933 0.437900499536149 0.287247017195682
-0.170516557223269 -0.0457098004531429 0.358307486239217 0.59689489344856
-0.14379823717171 0.00478455576272858 0.369490670570673 0.330697594217653
-0.102224500130011 0.0541271797501864 0.137599121294714 0.105873386177147
-0.0678623255227583 0.0440943549950641 -0.0357553356229173 0.0886506181011832
-0.086160740784327 0.068288163057608 -0.142429381367397 0.29157698817605
-0.0545213716178601 0.119906111748026 -0.0553464054282181 0.467917135443586
-0.0251159362689386 0.135363465673685 0.0644396811728785 0.530669766664843
-0.0227093239025776 0.128347965807569 0.126195566311779 0.517945104121117
-0.0311219143492471 0.133009250545276 0.0781548689569062 0.487153831146718
-0.069013380898908 0.133675075132589 -0.0170248427450104 0.40138769805412
-0.111423225536147 0.0851171698449727 -0.109140580537846 0.261470493710742
-0.102537777302438 0.0169721822714666 -0.0596453876649225 0.108086812126508
-0.0814534784033484 0.0210520216886097 0.0386429662037648 0.037143975351848
-0.125874069339955 0.0107087836815571 0.219978756483428 0.0537501495616138
-0.204728539476851 -0.0353137932914889 0.491085358236493 0.342491334957798
-0.0427092770613722 -0.121548626760124 -0.526295255449594 -0.345284856297506
-0.077233769133604 -0.125581540790245 -0.348754656333381 -0.0872254329270514
-0.139375164604526 -0.0223082268289343 -0.0788607804657865 -0.0155597450509124
-0.0901834861883443 0.0873528081238515 0.0705164836431209 -0.0277199656851364
-0.0102264296494599 0.0935510014693566 0.164782455759438 -0.245603059145966
0.0227436326043666 0.0686115913823902 0.0657823298471004 -0.42387746920754
0.0594638099597419 0.0550758196871092 -0.0534682726060788 -0.514811911189767
0.0614223898415263 0.063748966902976 -0.135159616055781 -0.54152296535341
0.0719699002998851 0.0827820156220421 -0.120920859902423 -0.538872486209991
0.0326690544084127 0.124791861294997 -0.0274594731846139 -0.477037579466498
-0.0268564141358706 0.13246836792578 0.0707424304765227 -0.336754345242846
-0.125786292651558 0.13532830906165 -0.00606944905211743 -0.146760065946729
-0.183006835637458 -0.00764362330870912 -0.194630350672653 -0.119071074858801
-0.0993070267835683 -0.153259864340677 -0.335257437088558 -0.261658525203057
-0.0337403310866844 -0.147934095270657 -0.405871100105374 -0.581540735349792
-0.218035147891681 -0.265316430903478 -0.472032279165048 -0.342411700878706
-0.256678651886053 -0.238428686470122 -0.323021147971455 -0.124916186819703
-0.337501329877214 -0.037771012352244 -0.112183741046263 -0.0416856156051064
-0.276124800134989 0.168969962868349 0.044234484306986 -0.0150198205602329
-0.139174202478152 0.254405830236879 0.164599033630017 -0.205368441150604
-0.0295342058905669 0.263498775014918 0.0840833244785371 -0.370149552763872
0.0797001022689461 0.253006316316538 -0.0198303030338387 -0.459213125708106
0.0945408181661462 0.251278271571413 -0.0980169824275029 -0.470670417153183
0.117317374917852 0.27035275691003 -0.103561667969711 -0.462627229517145
0.0259224775310605 0.345135648450285 -0.0326431595934025 -0.414694565601811
-0.113344299891744 0.335853004031323 0.0511788146350642 -0.301370371911789
-0.295771609252904 0.317193660306505 -0.0202771873423495 -0.103947397363551
-0.430399128722983 0.074797105200186 -0.22426001331628 -0.0765092548785191
-0.373865217606785 -0.229626995310516 -0.336695124557479 -0.199043492278106
-0.295231805908946 -0.309526220162848 -0.354912227989742 -0.461240714834734
-0.365192781888463 -0.387119138626268 -0.369044904107852 -0.258110424038177
-0.420463202353633 -0.341733916741125 -0.254828208404351 -0.117800740979756
-0.519983679532632 -0.0616372788649164 -0.123096882774064 -0.0675855777444175
-0.456328737825061 0.234996482694703 0.00601980603361857 -0.0167296173996858
-0.271818893815563 0.39252769637728 0.124581693049178 -0.146111390893618
-0.0903158091416608 0.436218554286657 0.0735990418156465 -0.263118673319514
0.084716020771774 0.421155774480305 0.00742441378708173 -0.329931682931479
0.115191524073673 0.40075560634572 -0.0440918022533604 -0.327925486173013
0.153458062819613 0.409029477799024 -0.0637277363262915 -0.316516944194204
0.0374276609642778 0.511551029087912 -0.0192486306155634 -0.291772719585903
-0.153547772699485 0.502231282712296 0.0378001046450239 -0.221012796701607
-0.396455011737706 0.484160575606333 -0.0167886299073652 -0.0493222016384793
-0.60378220357939 0.185692926892119 -0.209342045665912 -0.0247632888180816
-0.594417185443086 -0.234470691572575 -0.274654824377213 -0.123302167617405
-0.520679020441322 -0.397463454403229 -0.229074831729661 -0.300928440350336
-0.468028776242651 -0.456910040541193 -0.22625382193811 -0.101265494786402
-0.555977727271016 -0.399413738058335 -0.141947600260252 -0.0557723584191782
-0.666294875532987 -0.0620557249947797 -0.103281215680684 -0.0749010801448027
-0.589948648201092 0.294784591703506 -0.0366070375926801 -0.0175918443639436
-0.366679035825179 0.495805486780557 0.0504987177138698 -0.0586831211905829
-0.135231699143331 0.555102865067792 0.0384104386183302 -0.106430195625289
0.079129487468263 0.529294808533655 0.0296963616696848 -0.142886362631779
0.117601456987104 0.485264843942983 0.0169266987597189 -0.137159010405517
0.16558709781978 0.48209147972907 -0.00374447370991837 -0.131197985902635
0.04278335194882 0.596071519412301 0.0151666900189138 -0.130657927504777
-0.168789870939784 0.589670613314615 0.037678926655067 -0.10705324466938
-0.432292000137413 0.575941273901599 0.00163192073943505 0.0109140818663419
-0.675198514308838 0.264451319018907 -0.155468595181852 0.017649159141005
-0.707864412763297 -0.197812415229487 -0.156659870101011 -0.0617084298981385
-0.653725679684347 -0.415389060503593 -0.0426391957941203 -0.128640066147905
-0.512940243953395 -0.451668457886271 -0.0537185298189511 0.101371308501484
-0.617692506170097 -0.3823253613213 0.00495571388948213 0.051512223715725
-0.717043057061484 -0.0341759531504827 -0.0576798305965454 -0.0493510094968012
-0.621869223136347 0.327014018894987 -0.0739527032810857 -0.000287148899215211
-0.392889438143613 0.52402893799365 -0.0357707760675778 0.0557792141714962
-0.150165491501784 0.587362453820438 -0.00448692739477502 0.0841738436977217
0.0665354883013349 0.555341945974187 0.046404224023636 0.0740859351938175
0.103902190585514 0.497465555483495 0.075906089617895 0.0715799785305269
0.14371527098925 0.485971021917775 0.0597710615195855 0.0660070259077041
0.0239761389002814 0.589591173011822 0.055125724806485 0.0420551299052485
-0.18243254786598 0.573516845604696 0.0409012904426645 0.0216930814936275
-0.420149428958456 0.543060290604289 0.0205174459621884 0.0663327828404433
-0.634006157553406 0.265691598806551 -0.0860164981221376 0.0404218192470168
-0.686097616379543 -0.1576554826159 -0.0182899154217271 -0.0224141203478989
-0.6727333350742 -0.374929714973672 0.161769295174199 0.0292073684687315
-0.478280328525982 -0.366761322895126 0.126736278251849 0.309282825365076
-0.566325565677721 -0.285450997507352 0.160135565525419 0.170892869785477
-0.621718903906791 0.0162248584302905 0.00262805202911784 0.00402480737744665
-0.515021604905553 0.298288536398498 -0.0910736262675617 0.0367487666919742
-0.332777672263095 0.451520371615731 -0.104385067132948 0.175309570140336
-0.129221050982107 0.514297462366822 -0.0352259597662926 0.271560656271812
0.048542644089001 0.488303575890411 0.0637944617551641 0.283469196475857
0.0743059929664883 0.434886479404819 0.124782896894774 0.268948241790065
0.0937979965964598 0.424555426703189 0.107459223210066 0.249241997139421
-0.0165053701532674 0.496098272585945 0.0748906281046302 0.202447554678193
-0.190288333154547 0.45905127485714 0.0241309608096051 0.140034635068838
-0.365120079730167 0.398472687539342 0.0187211842641548 0.106374450264318
-0.499889465121163 0.187986714366698 -0.0264034357386371 0.0483028962155802
-0.549580252280802 -0.119712281032369 0.102435027551679 0.00144815377299059
-0.583710051061381 -0.292155816754237 0.342205896289832 0.162352941550003
-0.36588014217737 -0.214743007278584 0.287880248028977 0.479423793661929
-0.398631738304245 -0.135848165580877 0.296520991690493 0.266115816418295
-0.392796531220074 0.0587404959831805 0.071739098508836 0.0634878184933166
-0.305519873952018 0.201229677818631 -0.0754437861463894 0.0754028239619086
-0.215295213767458 0.289286294942079 -0.134039728931156 0.26566912633608
-0.0872099096377904 0.348292148134297 -0.0411356619713233 0.412985540818213
0.023238447471491 0.340518245267405 0.0842084528526681 0.447397999476621
0.0307921303872397 0.308290243822387 0.156351190127821 0.425274686514819
0.0319372555247247 0.303050802585077 0.126985408223998 0.396057021951741
-0.0535925415499893 0.338349412949847 0.0583216494819501 0.329064125223967
-0.173490883348451 0.283957643008781 -0.0239385893423186 0.228046243142137
-0.259353892702562 0.200972243733091 -0.0106389646209882 0.122565963186392
-0.301786719713422 0.089191547294356 0.0129163611115747 0.0440652347126033
-0.344361272007702 -0.0695333512379421 0.183012970926995 0.0211777208754272
-0.416083661118812 -0.172207289154048 0.468443728897437 0.260379356068464
-0.177444178230202 -0.0340648355192442 0.401219625418003 0.57996126793562
-0.147496501760373 0.0152402087617192 0.396874505487596 0.311791676011914
-0.0977414254156009 0.0627722930157348 0.146078099670296 0.0997936134235212
-0.0649996792845009 0.0493461868408937 -0.0318306028070958 0.0910486614720549
-0.0838772801631412 0.0760457001035693 -0.124344488782449 0.305769843753795
-0.0462915422098199 0.125415372765927 -0.0246817550842635 0.48059944571962
-0.0153594196418583 0.140756823251427 0.10072564381768 0.536156441828059
-0.0153222007327217 0.133889618906901 0.163375232991498 0.517429288275292
-0.0239825813713373 0.137444778582564 0.114431939062295 0.489203443767891
-0.0608170993129277 0.140765608134082 0.0107717437416714 0.40860965392318
-0.105443665895524 0.0937313290871372 -0.0931895942788643 0.274923409237328
-0.101359300830199 0.0244134015460658 -0.0529306576922468 0.112156625323297
-0.0800446484614137 0.0292542306556169 0.0398540227736473 0.0341084051186444
-0.127154104319514 0.019950249654727 0.224217730759339 0.0429200793526774
-0.211135810811089 -0.0218328791241434 0.525773304173574 0.314239631843475
-0.0485961791750979 -0.116291669448476 -0.546580663920431 -0.303155376157101
-0.0831261975805115 -0.120479696532587 -0.350129368179853 -0.0627132874538156
-0.139994585851373 -0.0127738378168819 -0.077784458476019 -0.0114931392014283
-0.0835203097445597 0.0919304519744326 0.0678065473753928 -0.0320108359311187
-0.00200502325123118 0.0926382413016822 0.141933292885433 -0.254494964021237
0.0269823666066034 0.0663723788778434 0.0327701346052183 -0.423789885495599
0.0620889339712163 0.049737684978767 -0.0913260785139848 -0.504379162072051
0.0661894948913001 0.0573456676859825 -0.174822825143603 -0.523266467188925
0.0782852669199225 0.0756842218368462 -0.159635667370973 -0.521992149916778
0.0420777775671493 0.121277928577292 -0.061680805389067 -0.469339482090765
-0.0176927942002057 0.134073962416908 0.0456703954948852 -0.33856292547407
-0.115004950708413 0.142794463787411 -0.0154845648589828 -0.143236077190401
-0.181238414726571 0.00295542759178288 -0.197896004016959 -0.101857551438281
-0.108522409113697 -0.144287093688071 -0.345371687588167 -0.238518639539963
-0.0414860544547778 -0.142459685471169 -0.439241760947431 -0.545922943055825
-0.231643024371005 -0.2453127955219 -0.492579112713314 -0.304562656411109
-0.267419134330535 -0.218768441651857 -0.327974910426038 -0.102288357972921
-0.332702933619925 -0.0140643347072197 -0.112001999001604 -0.0351197699593481
-0.259764898860325 0.185125529746523 0.0423702158291786 -0.0181445669437249
-0.116666423587265 0.259900730348122 0.14355623563995 -0.215982544584431
-0.010172934645646 0.262948639636397 0.0546030441498631 -0.372133555059311
0.0968345799262509 0.243587671229538 -0.0561462075308117 -0.452697466261927
0.11214471074044 0.241440073514387 -0.13082105744252 -0.457477397492625
0.135703954043839 0.257543693439489 -0.1377260288182 -0.447308787012493
0.0524733582222427 0.339291523879802 -0.0630935333750344 -0.408152159637891
-0.087459269764403 0.340554231178385 0.027401146767631 -0.301580287245386
-0.269205119536836 0.335314521240693 -0.0256991852699175 -0.100222655159955
-0.419022670381958 0.100884798070482 -0.225268207795505 -0.0556560577129586
-0.385455736739587 -0.200972862843587 -0.344493689384607 -0.174813241647024
-0.309539926137282 -0.283263114880067 -0.383737101741689 -0.432419416423581
-0.384243226310067 -0.353168666090073 -0.386055574761265 -0.230263851859968
-0.435275966131563 -0.309052077658223 -0.259942968645375 -0.100503067222643
-0.511820797731308 -0.0251481201272754 -0.124380334765606 -0.060918808388322
-0.431865104792568 0.261236624097492 0.00435668994036947 -0.0177107415036142
-0.236837775745828 0.405523984335135 0.107664938291163 -0.155550744517759
-0.0573719570450248 0.438586098703454 0.0511187059564187 -0.265740535332068
0.114579007530238 0.409669902697212 -0.0201314050553828 -0.327473673510473
0.142984287439402 0.386672187424413 -0.0680420320805591 -0.320037164643934
0.180973726087776 0.390763242253973 -0.086765843665575 -0.306056542426166
0.0773307007865566 0.502558826585711 -0.0413610717736017 -0.287378641985785
-0.116095561953176 0.507548162921255 0.0187788889546348 -0.220110141497386
-0.357101948953199 0.508696083090089 -0.0176190674668677 -0.0474330668199305
-0.581846152076823 0.222004729512244 -0.207967749169489 -0.00467902960172143
-0.603480459328214 -0.19152385708341 -0.278389260785769 -0.103893169537997
-0.534530225918317 -0.353509724053886 -0.243970889623116 -0.282379526020581
-0.492088559869871 -0.414220307389546 -0.234293191333951 -0.0864742424164698
-0.573139664374065 -0.356785524033907 -0.144979514805929 -0.0470308965122755
-0.655120770209026 -0.0147121633442846 -0.10531972851184 -0.0689650686640222
-0.559378521265337 0.331456240740958 -0.0378361515550978 -0.0161880589504539
-0.324196919340991 0.513185612595006 0.0410549857579058 -0.0652115324388965
-0.092849026421837 0.55830044268169 0.0271400005530288 -0.107786653137394
0.114979688160152 0.517883547665992 0.0137066423545834 -0.144629958796271
0.15227209377663 0.471608408168271 0.00671591247112427 -0.137130181406926
0.195910254362404 0.463424101670893 -0.0137177125705853 -0.12809076406517
0.0883813620334925 0.58718556151856 0.00418213552087002 -0.131393009091218
-0.124209248498688 0.596185669044294 0.025928078980599 -0.106782012790107
-0.38362201148483 0.602515100156815 0.00531553657161742 0.0091465329166175
-0.64539464945934 0.305506888886168 -0.152238843650752 0.0330435322935334
-0.711194089368432 -0.147766409476631 -0.159845156458808 -0.0494491907761142
-0.669054221246446 -0.361267073147068 -0.0479006902166683 -0.127904473217174
-0.535796243699486 -0.406140049270679 -0.0503097668757033 0.100546862423446
-0.635351827723605 -0.334047960906149 0.0073093711912508 0.0486090473944594
-0.702442229729852 0.0177660660420907 -0.0587041332786075 -0.0463072170027939
-0.587355555078866 0.364595406749794 -0.0737795384333139 0.00310297716030768
-0.348347398047872 0.543316200968642 -0.0351966519085427 0.0532811662406047
-0.104658150349237 0.591566227314305 -0.000441304857282486 0.084288036408823
0.106840392056055 0.542891746899236 0.047047931071242 0.0692025428163827
0.138026340302185 0.484979934494998 0.0802916526916707 0.0641816275807667
0.174534629350431 0.469641508503461 0.0631405915340656 0.0611943955788901
0.0682828027717418 0.580456595471141 0.0565099980180843 0.0368457409253231
-0.13853223792281 0.57983702374323 0.0395852104251298 0.0207441198045345
-0.374045803212425 0.568958118773943 0.0273064395629284 0.0617142001077822
-0.605979244056116 0.305858164250927 -0.0823889401474674 0.0515411501760995
-0.688576848583587 -0.107626429803863 -0.0207250126415177 -0.0196092882161863
-0.683241164821141 -0.320117619873299 0.164196887691637 0.0132772926924217
-0.498767128926267 -0.324218867877302 0.14227142267288 0.292462246263263
-0.579390167436286 -0.242407202968367 0.168475481236526 0.156045662250523
-0.606118907281603 0.0596050279273116 0.00373128203988677 0.00302359091181635
-0.485873607591639 0.32943092888384 -0.0889130124905005 0.0408342004175222
-0.295881161881519 0.468838230922877 -0.0934460351823841 0.177107411137222
-0.0891323576247948 0.518059216071259 -0.0169682842259133 0.272058728275354
0.0851705422053959 0.478972195646574 0.0803948900258097 0.274760303153084
0.104343199266496 0.426757246354379 0.14307790468982 0.254630492134606
0.120949903855808 0.411933650407922 0.123708281165658 0.237205913387293
0.021418905167027 0.491736086809026 0.0876235108036922 0.193277347390128
-0.156086043846873 0.468518824785576 0.0320436361154117 0.138832136407727
-0.330238686443526 0.420601196118981 0.0270824161106004 0.101443283129966
-0.478750045573313 0.222406882885632 -0.0240220708247779 0.0532140220541391
-0.549860494804388 -0.0828161371900289 0.0983423117035528 -0.00316330008850962
-0.591646078035549 -0.246773798841466 0.351525906112045 0.131395624879025
-0.376674268609256 -0.183549420497159 0.313797775901644 0.44903198061938
-0.403999768411624 -0.105431244960573 0.309699851621673 0.240919659698086
-0.379304892578042 0.0868787286842841 0.0757142436986077 0.0575435507766894
-0.285109043565495 0.218988908350698 -0.0708944108828927 0.0778705741016319
-0.191310001696606 0.301519210976993 -0.114361526051267 0.269029537352017
-0.0598391332862619 0.349673217954243 -0.0117732399512792 0.412292137486377
0.0484918136303465 0.334740529892967 0.114219445493958 0.434399779367615
0.0524337129118683 0.304043995560777 0.184514595642042 0.406694100216935
0.0519177035865124 0.297483564150221 0.153317115834736 0.380704093930831
-0.0274013194514103 0.337428245518426 0.0811148352365787 0.320051591892792
-0.149272694362599 0.293372760437719 -0.00792316622244203 0.228839162388811
-0.239482766201704 0.218234518585092 -0.0017194223319813 0.118982690659414
-0.289193054146027 0.110115231566569 0.0136364344531508 0.0439597525931016
-0.343735211218177 -0.0447762197698071 0.179159919011204 0.0107753226851513
-0.419213748920286 -0.139630186483733 0.482547980305917 0.219397488622892
-0.178917515153869 -0.0195234630138069 0.432812200440699 0.540149204751945
-0.146064699369787 0.0266445403481525 0.412442959297974 0.278555655693703
-0.0899943903332942 0.0690899422323073 0.151417469734309 0.0893242664730447
-0.0594180922337251 0.05279515674083 -0.0265782122923125 0.0904507753934837
-0.0780162807364692 0.0817739571227222 -0.100169232982535 0.309420753944864
-0.036028669424045 0.127198405956705 0.0109630223005923 0.476628957219054
-0.00377112606853262 0.14045646795331 0.140297432430488 0.521336500396528
-0.00631290265114227 0.135006908738402 0.199702589418479 0.496119538673713
-0.0152076539787066 0.137696052212747 0.149668871036225 0.472722475034904
-0.048838803545071 0.14278400255745 0.0411057930802581 0.401739478178829
-0.0959511556986554 0.0991861470890596 -0.0713195876697067 0.280096846701923
-0.096417104580283 0.0317048624225723 -0.0440510970403712 0.112265631723879
-0.07524776119807 0.0366362770182809 0.0394533029227947 0.0301885517592947
-0.124064122462741 0.0287445416399268 0.221895743835062 0.0292361721850857
-0.210397930415066 -0.00550237826000288 0.543506900952607 0.269441726555769
-0.050430645014557 -0.109785544326097 -0.543231981512075 -0.265539058778819
-0.0850484259834931 -0.114931601347083 -0.341129169493988 -0.0445943297032702
-0.136159842814926 -0.005464781662512 -0.0749718684992837 -0.00954616436038758
-0.0774055989751264 0.0924181274028464 0.0641903453826353 -0.0339385835104951
0.00349468680067907 0.0889083449767833 0.121292243771479 -0.252473889404919
0.0292188020351191 0.062877451073809 0.00790009817266837 -0.411786572528833
0.061497786644983 0.0443798340603024 -0.116205833955018 -0.483634740833708
0.0670975761320088 0.0507149124188703 -0.195487901527249 -0.49507500027373
0.0807740697415306 0.0687359196217455 -0.181244751349367 -0.494683367777406
0.0481684160410128 0.115656845710525 -0.0830539952239952 -0.450918233645886
-0.0110628421603544 0.131647091394443 0.026827351021673 -0.33012176167588
-0.104351262087678 0.143800994580654 -0.020928890265855 -0.136231866744376
-0.174836893272937 0.00956788202350149 -0.194270888432677 -0.0867396297731361
-0.111602096697909 -0.134454551337568 -0.342872346437105 -0.216590300674282
-0.0440061490089798 -0.134387056699575 -0.448784925086901 -0.506515980703049
-0.232830300222957 -0.223966616285417 -0.493346599670143 -0.269887491448114
-0.266454748272826 -0.200298426941145 -0.321141013571118 -0.0843053982927226
-0.319055484919434 0.0022989289860522 -0.108769145449444 -0.0313074592316259
-0.241015893384584 0.189869991366875 0.0400464536411304 -0.0193908756329133
-0.0983194520114762 0.255189878244126 0.124361320095094 -0.216289994585914
0.00394342497081238 0.254908780983735 0.0319488389466779 -0.362514056531451
0.105696313387052 0.230545014501555 -0.0803850948315748 -0.435023037589247
0.121478827117559 0.226518286557102 -0.150514527447481 -0.43386385941865
0.144273898315217 0.240604553807725 -0.156745979360324 -0.423962335067633
0.0697242512401238 0.326204411097618 -0.0821969438776058 -0.391900515239517
-0.0679470863527625 0.335427305014254 0.0103614651262084 -0.292384108765793
-0.242429950242133 0.338851960370031 -0.0279373276366319 -0.0954126463346909
-0.400173126283121 0.115007725670425 -0.218237166768334 -0.0401104859545066
-0.381152848849824 -0.176683008113988 -0.33875314455052 -0.15477930135846
-0.306825605397224 -0.25769624186409 -0.38958019014329 -0.401104540178445
-0.386985723311695 -0.319689895015113 -0.38717341658704 -0.204014145251758
-0.433141545241923 -0.278516830360807 -0.256274659410616 -0.0866653000325804
-0.49030077201588 0.00162671235906454 -0.121449688318701 -0.0560553872615214
-0.403475465777645 0.272012542271315 0.00292339908779343 -0.0184672913130067
-0.206187173354474 0.401730407371727 0.0917055091482489 -0.15710072904128
-0.032569252366169 0.425785065913249 0.0340060814014463 -0.258908306336412
0.131074223582488 0.389735291804568 -0.040563481017065 -0.315606169064026
0.158416846932732 0.366944120070342 -0.0822973492257556 -0.306379786330241
0.193400513076373 0.36781283562756 -0.0992010973547051 -0.290093100421765
0.101785148774884 0.482644840202916 -0.055495120620358 -0.276773831575507
-0.0869337419529661 0.497923495740478 0.00494422041912047 -0.212133505144654
-0.317482343726075 0.509928698311997 -0.0166125736463901 -0.046010676607838
-0.551031005005635 0.240084988162101 -0.199194356375845 0.0100465995121766
-0.591216981070079 -0.15612289727851 -0.273688664554462 -0.0881586849031485
-0.526850749610664 -0.315485159201298 -0.247642903584469 -0.263516270340486
-0.492579929872139 -0.37154080871579 -0.234235433549881 -0.0736538170638037
-0.567292093066072 -0.318022453712049 -0.142534370485921 -0.0404910086074935
-0.626359225357774 0.016193409828005 -0.103113258761678 -0.0646664552039879
-0.520787698407143 0.344623197114641 -0.0384887856169584 -0.0159509295554362
-0.284729943648209 0.510466497659433 0.0316504306730793 -0.0681166303245823
-0.0597549935732168 0.545605136572254 0.0191064278011367 -0.104498297442029
0.139237333837239 0.494151540751461 0.00141626938035447 -0.140005499000318
0.172040075759495 0.448927438402862 -0.000614353704945994 -0.13412294755906
0.21190252353079 0.435877111929107 -0.0199261309576402 -0.122154420737962
0.117782534629681 0.561372380032665 -0.00379925384454585 -0.127658738612451
-0.0905089365893682 0.583091503920177 0.0176810653518916 -0.102463194634789
-0.33757895366873 0.601491840291057 0.00792997014661258 0.00675155442446898
-0.606826982609279 0.325356287910633 -0.144219662360694 0.0445298241896814
-0.69446005069988 -0.109674025383516 -0.157283761422582 -0.0397344152303499
-0.65457803239972 -0.315979523686786 -0.0511690563761822 -0.125505406635972
-0.536055731093179 -0.360967782741773 -0.0487528008006633 0.0970103654237442
-0.628810563753588 -0.293668395583569 0.00867816295530894 0.0445926052854895
-0.671435424662885 0.0492028983903727 -0.0581214222241309 -0.0451084357825183
-0.546392974155569 0.378527063315234 -0.0726232313692048 0.00414021193773086
-0.306918646263695 0.540397660303458 -0.0348901771381648 0.0497126507848532
-0.0708198799316339 0.577814868943279 0.00268719022911209 0.0823963331163546
0.13143223931057 0.518858369572272 0.0451781287877101 0.0644578340721601
0.159136514015919 0.464336780884738 0.0809283111004116 0.056081443960383
0.190486971684566 0.443826861790012 0.0642474006015661 0.0559008532954118
0.0968978610860988 0.554921020466186 0.0551588511024056 0.0324260933358339
-0.103070988792916 0.567062356171191 0.036298661537587 0.0204301256735298
-0.33116067814662 0.569463725260886 0.0309751783226745 0.0556657964848366
-0.567402429247336 0.32276247708129 -0.0773716133049039 0.0581857279823611
-0.668365491333278 -0.0737028071403264 -0.0228590311371069 -0.0156017294590562
-0.669161499612115 -0.275327282903395 0.160762243553389 0.000387067985998077
-0.495481924834526 -0.284743307476869 0.145984690567437 0.272299472286317
-0.571469295288151 -0.205569411273497 0.169316903716171 0.141373749283094
-0.576755361755179 0.0874245083644512 0.00486643692667723 0.000179547962299376
-0.451862577758429 0.340210681892133 -0.0855431226846678 0.0415413624802738
-0.261502294386417 0.46661256618594 -0.0836884034485645 0.171409616410952
-0.0582616567336715 0.505404399669425 -0.00236519914957099 0.264771079422859
0.107048897599022 0.458012976857195 0.0894848312904411 0.261586438450439
0.122103620237899 0.409370726439516 0.150852848853836 0.236201660914523
0.135285080212556 0.391397761460585 0.13167949885639 0.222687990353707
0.0472144175606771 0.472759755699885 0.0939266183455838 0.18163303474773
-0.126097802055338 0.459243348078618 0.0365466711115752 0.135695556045933
-0.294793877585966 0.423308497004402 0.0322557354797473 0.0941894424318172
-0.449405820720409 0.2356055618563 -0.0214010075187519 0.056717199427393
-0.534306559942754 -0.0539545931800637 0.0929053366685116 -0.00503741435070156
-0.577619889713744 -0.207274867084956 0.347245047584787 0.105428802611913
-0.371194321691479 -0.156054639496304 0.319754461716689 0.415122931460444
-0.396409087604702 -0.0812456028121957 0.308960757069815 0.215676667896991
-0.358596174106759 0.101975953324019 0.0763599578035659 0.0511568952662239
-0.263077368413112 0.224750511289465 -0.0663661025039567 0.0770873633633288
-0.169563119819361 0.300763529447229 -0.097478059725648 0.262475316492832
-0.0388776131564941 0.341054500273216 0.0103620270358452 0.3999883781732
0.0649535099463119 0.321394039725188 0.131530699542433 0.415124512860479
0.0662708744721197 0.293971466865705 0.19931200634194 0.379818958961951
0.0626137067799787 0.284566317008395 0.16903417843328 0.358625248528931
-0.00803541837380937 0.326079646936093 0.0947008084725188 0.304579331088746
-0.12849715356846 0.28988228645889 0.00326060566191726 0.224060999809199
-0.217039102746983 0.223245156021046 0.00404387310431628 0.113012187770266
-0.270991195941884 0.121937386539895 0.0133555287160474 0.0439024076463948
-0.333899790495304 -0.0272863272393713 0.171320331627829 0.00458206318289854
-0.409494934005315 -0.113381638725816 0.479623980141868 0.185055033143193
-0.174044810226606 -0.00843601359624109 0.440736282877173 0.495321455957534
-0.141033741021149 0.0347171605995813 0.409477183769841 0.248247336248882
-0.0819577152693018 0.0710171142199283 0.15050420761737 0.0791498644969365
-0.0532033556400701 0.0530966479310325 -0.0225911978932004 0.08693142509445
-0.0717307918579725 0.0843087480084222 -0.0809137206673737 0.301438698947921
-0.0280507404290938 0.124852854769933 0.0359884868412227 0.460510468776117
0.00359234351029359 0.136033605152235 0.161664338511547 0.49676585199367
0.00083454561637294 0.132747525766631 0.217554120923971 0.466773558819191
-0.00906068146536878 0.134483546836616 0.169028362078446 0.446460613908226
-0.0395218962660368 0.139845172832957 0.0616626280253346 0.385357788510662
-0.0868046668268609 0.099721812763934 -0.0527720608791827 0.275354576566534
-0.0896285498468084 0.0353904826877861 -0.0378160164578061 0.10834433981528
-0.0680578589004804 0.0415279507837906 0.0373404076717429 0.0270185016982135
-0.118582471077137 0.03408525068087 0.213739781323002 0.0202442804819869
-0.203939327960438 0.00643836094746466 0.540398217944749 0.231006627236009
-0.041191652845733 -0.103799748490125 -0.52228462297067 -0.275654907836789
-0.0741271332529339 -0.114804536973662 -0.331194514798591 -0.0522435506858088
-0.132213663186055 -0.0116748507004506 -0.0711938667269592 -0.00810961002283804
-0.0788615656812308 0.0854074229031811 0.0644066285642182 -0.0255188954501158
-0.00260787290897003 0.0852053119093438 0.12241285585572 -0.235871639794245
0.0231692935788132 0.0623443398479112 0.0162828048148749 -0.393356275682022
0.0568125475690515 0.04086827439694 -0.103427458126479 -0.47018825811517
0.0643675951651948 0.049309552306211 -0.183047201060664 -0.477437752517433
0.0770867477378175 0.0638643471099593 -0.169052332095726 -0.479324886350177
0.0445156914262009 0.112040174885083 -0.077547080201766 -0.435701178586732
-0.0149033912145893 0.128588267339074 0.0277363851750623 -0.316107463289952
-0.106170363953338 0.134884416822167 -0.022667612944067 -0.128053614536933
-0.174451978108612 0.00132825451002599 -0.183806533149773 -0.0930181753381369
-0.109575410968817 -0.137482541752763 -0.316998137861404 -0.22675989067341
-0.0462812887203518 -0.132548190637639 -0.403685482711226 -0.504833385931075
-0.215265725586285 -0.223674342208277 -0.480832273993144 -0.273259814576157
-0.246057846503947 -0.206540538002128 -0.31254105389044 -0.0844026874869211
-0.308436654902345 -0.0115392133613803 -0.102569642448672 -0.0230316774264393
-0.238638036111581 0.171796097772326 0.0388827974116008 -0.0050153947310664
-0.106707421411132 0.240305059809978 0.127891554209275 -0.194299534512534
-0.00658428351211153 0.247420428213242 0.0428141552678096 -0.342067363049584
0.0937440890855349 0.223389531677487 -0.0663566792123654 -0.419448607146675
0.111773257062529 0.226394826218844 -0.139001920710229 -0.417499590739058
0.134708696853539 0.234725819177335 -0.147784989149411 -0.408159313793229
0.0629279392775933 0.319425544156764 -0.0795628238897643 -0.37522840434155
-0.0748598983366053 0.328519675321332 0.00272003857016428 -0.278030538909065
-0.243077676756768 0.320727820888715 -0.041114042323254 -0.0876947545610906
-0.396766704217716 0.0986406292941807 -0.215491621604591 -0.0523174487079896
-0.371792714600243 -0.184756980569729 -0.315558029326594 -0.173807887270077
-0.297046111543366 -0.253807428930974 -0.347546783412058 -0.411608665385639
-0.358976480290096 -0.325703764132781 -0.386456176169218 -0.20156869629648
-0.403512009543559 -0.291037883904553 -0.250726666797242 -0.0794054496513148
-0.473351178592133 -0.0214017230031068 -0.114241779223269 -0.040768493103331
-0.394361859701154 0.244214499451846 0.00122592714322371 0.00168823010548026
-0.215370553988877 0.376523165315312 0.097827155917656 -0.131715167095512
-0.0460670061178614 0.412938492827047 0.0465810390864444 -0.238542458658369
0.113472537125587 0.380242560416087 -0.0267075061421038 -0.299687021734139
0.143137237603845 0.366512422791157 -0.0731959073167936 -0.29258761100988
0.179770462424687 0.362401830616267 -0.0957363627889876 -0.277491040965906
0.0921270753066844 0.47566438058726 -0.0580697544987202 -0.261850172620278
-0.0970193856273342 0.488407638684688 -0.00986617472877614 -0.198772442051441
-0.317417038150143 0.486328554079031 -0.0401579877490687 -0.0366589370697662
-0.54649669979877 0.217463431156117 -0.20508390990067 -0.00433600713571962
-0.575983572229696 -0.168781758988775 -0.257802847913991 -0.112269278875581
-0.507565789717431 -0.310574438225523 -0.218726256457547 -0.281864507972134
-0.461004100668066 -0.384307728856162 -0.248801122439529 -0.067379358755545
-0.534750935084845 -0.334783526742296 -0.14364204365726 -0.0272362611048088
-0.605604072443722 -0.0137220339295681 -0.0962671721725597 -0.0429014662319433
-0.50944501044028 0.307861325911288 -0.0402201323504316 0.00811515674077816
-0.294552012978814 0.477113249857598 0.0402565364213413 -0.0428214680934369
-0.0760837053488908 0.526811245753675 0.0322204869454327 -0.088912048360115
0.118302616812231 0.482497653018535 0.01312427180541 -0.127335429611093
0.154287493385453 0.451161103803971 0.00339423210652089 -0.124986644940643
0.194853706654897 0.432924176289667 -0.0217653708962012 -0.113287596474449
0.106271470092576 0.5521074038493 -0.0111003300810874 -0.116186882570111
-0.101722925793417 0.573087051969747 -0.00238418436428035 -0.0909491549842928
-0.339441699137045 0.575487965801822 -0.0211605204017698 0.0161670531074356
-0.601296580462792 0.298625173532067 -0.15765827680816 0.0311529260947351
-0.675758996634373 -0.124821132536558 -0.149459708032917 -0.0630230025001554
-0.627402204182733 -0.312263289320093 -0.0371804512971362 -0.14568550574231
-0.503601413760443 -0.380788146273827 -0.0769326741744478 0.106073399310992
-0.594731589968193 -0.316191297663733 -4.45565412108584E-06 0.0621644301544813
-0.650335790277361 0.0170015737909981 -0.0518972982772363 -0.0202527774492113
-0.537545280922363 0.338804955952807 -0.0738714705376351 0.0277288121473695
-0.31488212616031 0.507480553621054 -0.0254253919480937 0.0689623435126969
-0.0839798696993378 0.55828541945204 0.0129872130918535 0.090165445669483
0.110002822275255 0.50998981102559 0.0524478786225715 0.0716106428443687
0.14108831177295 0.465459002676545 0.0790568924120726 0.0589071730869048
0.173711077307553 0.441735765714572 0.0571142769787379 0.0595583163671379
0.0877206324260986 0.548188973267783 0.0434728245519855 0.038937073621323
-0.115181038604003 0.557144958799782 0.013997884394238 0.0276967140580234
-0.32654090733045 0.544362732410997 -0.000397061545100433 0.0627653744843734
-0.562909399471911 0.299490390321455 -0.0936274144364196 0.0474661463308502
-0.648925791517465 -0.0891881332432562 -0.0230721681641963 -0.0330859881293324
-0.639145778272124 -0.272714500050092 0.158765085923248 -0.0168308339679886
-0.468424914069623 -0.306082194877452 0.10803087152308 0.282591545225804
-0.545637716288556 -0.229760668922438 0.153853891063911 0.158346933286558
-0.562350179747295 0.0584287480694037 0.00822287659055262 0.0226252044791684
-0.443631339971004 0.308002964532251 -0.0863909604197928 0.0593546073920446
-0.267448884160771 0.439614470691959 -0.0757111821538673 0.180756011980823
-0.0706791581803057 0.488036124659929 0.0032451071028479 0.262156451669392
0.0898826560769926 0.450946658139599 0.0907688931317446 0.261946820538443
0.107305986441525 0.411315880769591 0.144039699228834 0.232577723157593
0.123108741845942 0.39000665463114 0.119869492351648 0.219781474710876
0.0397804677919864 0.465660844415369 0.080142903910915 0.18295632426003
-0.133328289170256 0.450807045303186 0.0156445425310582 0.135708269018491
-0.28989426785252 0.403845512569027 0.00523246890100883 0.0953375715301695
-0.441939569828346 0.218346074288983 -0.0371554580839688 0.0478953721152588
-0.516688291842667 -0.0652190368296749 0.0873429013399246 -0.0146002531616233
-0.551505997707629 -0.206694912554575 0.332048395773075 0.094882749116485
-0.353897917735037 -0.175737844539848 0.277000579451596 0.422513146502363
-0.383023482497551 -0.101189594148136 0.289445881159511 0.230002495648189
-0.351708831477376 0.0815382210500553 0.0756559503884733 0.0658725972944461
-0.258291110815121 0.204356581976934 -0.0678324302752474 0.0849077706934616
-0.171529326551331 0.283577317741729 -0.0942144128627282 0.260790452169468
-0.0455407880916912 0.328913422939361 0.0097841499047999 0.38847614566515
0.0539210286800953 0.318166391906345 0.126237156566465 0.408460868561327
0.0559038787820982 0.295056582936005 0.187865189020606 0.370762053315665
0.0546146552104932 0.285045317841235 0.154967250559061 0.350715311531512
-0.0114292286774495 0.32228708081276 0.0826652967145572 0.29878137065364
-0.131252012549652 0.284189071012514 -0.0113947868186071 0.21710544162488
-0.211145157751307 0.212166594877102 -0.0138756441881441 0.108096402707544
-0.264636882488918 0.113034522651286 0.00208214658301533 0.0392167843608554
-0.321416055277211 -0.0336177443262236 0.162532593791004 0.0039258263099085
-0.388817746035928 -0.113325727897968 0.453129186530274 0.182135423650256
-0.168457695447078 -0.0233071153455653 0.400086317485849 0.501223846599718
-0.140397761710701 0.0235830703181346 0.386935931798332 0.256164391572962
-0.0820418501384706 0.0633380694346507 0.144257838636712 0.0847945797744566
-0.0509238660146047 0.0476567959910485 -0.0256620794801073 0.0848667351557375
-0.0688211493504227 0.0782023270067932 -0.0826910098288036 0.289212188781548
-0.0280436310842993 0.119077540606843 0.027360820608652 0.443318575567472
0.0009264452649813 0.136330747882329 0.150005382705068 0.484389002362742
-0.00350578337151825 0.134222446799068 0.204399017026824 0.452806818629314
-0.0117040132270493 0.136865785087169 0.157202774529005 0.433296419590779
-0.0402741834859855 0.138595122025793 0.0535077497586449 0.373600241782921
-0.0859238293363248 0.0978359963051508 -0.0586486910242389 0.263836873058818
-0.0852207676652389 0.0343212328385295 -0.0443069110847797 0.100584092426625
-0.0644698086783391 0.0409750698661741 0.0305646072068908 0.0265800629138563
-0.113877148237646 0.0323569185152858 0.202510512563356 0.0261019148238959
-0.192088941627403 0.00437086422014514 0.507079115954295 0.236450749308206
-0.0387952471331504 -0.102636943057505 -0.518306690022483 -0.271059358687266
-0.0726794089604028 -0.116436556023055 -0.327005753005864 -0.05157411805283
-0.130979916695656 -0.0113003070600482 -0.0703081657829413 -0.009488096437863
-0.0791179205656637 0.0850765518571816 0.0643585408222664 -0.0249909340899591
-0.00249445070668814 0.0830197753348856 0.118319099375731 -0.233102768973617
0.022934144791266 0.0615239950182217 0.0119897906271999 -0.389927681250418
0.0555248472543257 0.0396701166245572 -0.107523676587856 -0.465710716588698
0.063599064957258 0.0475157405626242 -0.183181534395176 -0.472623064268914
0.0768317728669553 0.0615749144002729 -0.168617475034217 -0.472343715786297
0.0459405368340498 0.111030254737927 -0.0773101711084987 -0.431786391503327
-0.0148495798735167 0.128567631190165 0.0266061680737108 -0.313921034203229
-0.105509278421549 0.135031933897779 -0.0211980112872351 -0.126462631290884
-0.173838679692699 -0.000660863190901469 -0.180129877722062 -0.0911624341027401
-0.108091066563159 -0.137150095081822 -0.312637080717453 -0.22759672306607
-0.0436710202393827 -0.131505351127415 -0.39868054899793 -0.497749234349408
-0.208811195342727 -0.219565341040348 -0.476673675330624 -0.26924443450725
-0.241961878090421 -0.206464770201029 -0.307853895301833 -0.0853561951731559
-0.302259363996448 -0.0118747497296481 -0.101319475362767 -0.0258857037194996
-0.235962637954371 0.170337169805008 0.0387702166401856 -0.00571891061584695
-0.104151475698909 0.236566291199987 0.123027865692525 -0.192017898173546
-0.00550067057942536 0.245435555562453 0.0392068574720964 -0.338879791772978
0.0933039178020064 0.221042483588003 -0.0706563449144906 -0.414051402991363
0.11142366790278 0.223161688308146 -0.139750089517795 -0.413160580151849
0.134001994276182 0.231358354355009 -0.147450014563083 -0.403130283479752
0.0656394395194589 0.316932268274773 -0.0807941380846642 -0.37290488000835
-0.0739716279245842 0.327153526076564 0.000937784539502538 -0.27506588822947
-0.240229042107023 0.319666464225094 -0.0385256753865084 -0.0865554380816583
-0.394270605066883 0.0967514691564235 -0.210668369859661 -0.0487489365553197
-0.367771649137473 -0.183875136501358 -0.311493514334022 -0.174668264008211
-0.290344690685766 -0.251435478264063 -0.344773852168221 -0.409451272643759
-0.350700988343366 -0.31936681270403 -0.385840735803647 -0.199862663663359
-0.398408396504459 -0.289491947521057 -0.247532905988892 -0.0810505560569541
-0.463424040933981 -0.0232706957383717 -0.112445912334994 -0.0441739986980576
-0.389871842415164 0.23986993249128 0.000301057479600971 0.000613263945756955
-0.210530973381947 0.371202320004165 0.0926134121457608 -0.131830226488972
-0.043192755959767 0.409374530318705 0.0440729168067752 -0.2369205787356
0.113749286863245 0.377191211030438 -0.0303483466685248 -0.295246382824311
0.144088770195694 0.363365270274756 -0.0750285102389154 -0.290751897235576
0.177391129612156 0.357421323959428 -0.0950270536607321 -0.273948743006455
0.0941327970165108 0.470199685777811 -0.0591750183396282 -0.259866469019874
-0.0947726832199844 0.486682014612351 -0.0109768622185631 -0.195823732025573
-0.312643446546403 0.484276459532355 -0.0371344163231516 -0.0379428821596871
-0.540616393751405 0.21441736860111 -0.199971901238212 -0.00107090717728182
-0.571551273848495 -0.170078644243191 -0.253842156513237 -0.111187884130287
-0.497122967166059 -0.308221116000583 -0.215462795071824 -0.28189429468357
-0.451938297616308 -0.37608273199623 -0.249938168440813 -0.0671763436290484
-0.52781489029729 -0.332971748248639 -0.14235891362618 -0.0295671459085797
-0.593973920802462 -0.01365725267487 -0.0948505844496891 -0.0476709033509998
-0.504197669373652 0.30521451618012 -0.0411027841320926 0.00631679084402157
-0.289698371757445 0.471423079466725 0.0362218988190693 -0.0453428520665243
-0.072329030981381 0.521628455961625 0.031349986977758 -0.0886329939440978
0.119512028108451 0.478923209692518 0.0104469503525933 -0.125166644362949
0.154747464132955 0.447307547108116 0.00169620269821531 -0.12621157774393
0.192851503017781 0.42782726988365 -0.021451477139431 -0.112173046103754
0.108528125089014 0.547336641716786 -0.0127402773403937 -0.115711458000689
-0.100119965023953 0.570439619401201 -0.00320014979376989 -0.0878665248487588
-0.332420670423858 0.571339520226974 -0.0195281495315556 0.0138578845104599
-0.596291867262425 0.294542756038426 -0.15266162691838 0.0348393362806454
-0.667640338161167 -0.12604899727123 -0.148482505592332 -0.0617701302231199
-0.616666975467912 -0.311636475222998 -0.0362414884557619 -0.146896239654948
-0.493554816890414 -0.372572228968771 -0.0805825663103919 0.103526604013717
-0.58840614993503 -0.31320495710332 -0.000574866365123671 0.0591427354654866
-0.639233844533865 0.0153741846564867 -0.0511810971746345 -0.0245172149071702
-0.530035905908718 0.33685146110255 -0.075039369482536 0.0259217997374417
-0.311484578406028 0.500820978961786 -0.0290445632173058 0.0640185073726605
-0.0797560810093443 0.552454465628653 0.0132212998721305 0.0883296877587897
0.111744956221052 0.504754364662991 0.0510691005290935 0.0719975868136575
0.142509181908704 0.462500733306581 0.0778055042247876 0.0554961245740302
0.170522136297855 0.436872172637705 0.0568013872243769 0.0581339084685032
0.087583783012755 0.542819623991864 0.0425755973669281 0.0377969976654983
-0.113257845184623 0.554131655801292 0.0132250036984871 0.0299012584071288
-0.320784625457899 0.540866727368847 0.000638762063902143 0.0596287456162202
-0.55520912573297 0.296222723151061 -0.0909704465610982 0.0508255682521303
-0.642051967919703 -0.088892828531259 -0.0236434482318389 -0.031281438220289
-0.626957835737936 -0.270325820190769 0.158442186084316 -0.0203542372904029
-0.460357734093611 -0.298479549862039 0.101386779558243 0.277255719673406
-0.540092067544118 -0.228211092765867 0.151455295022103 0.155191142280777
-0.553102175588829 0.0557935860686452 0.00790491579545924 0.0185581185705647
-0.436585778508869 0.304182401975468 -0.087546106515452 0.0569454540423315
-0.262713806782492 0.43575651470382 -0.0776507145529602 0.175603137293972
-0.0661723075972834 0.48315070193471 0.0052958699585676 0.25914059425176
0.091630597845077 0.446561393308141 0.0906880050923164 0.260116913855393
0.108676528121895 0.408791318766944 0.142218555210027 0.22658797050701
0.11966131309642 0.38686377588368 0.119804039643714 0.217058845964571
0.0416779746735768 0.461156425366263 0.0796737247497349 0.180659559630321
-0.130480835399373 0.4486757990022 0.0154675971838463 0.136702168522258
-0.28283045105688 0.401347730936044 0.00473498836223149 0.0921700135353959
-0.433401541515121 0.217451131318852 -0.0363827739002474 0.051260833521104
-0.511478441791553 -0.0658161042778542 0.084918253480246 -0.011692000608511
-0.540951211153772 -0.202463354578116 0.330186741665344 0.0898648403918791
-0.347944548305047 -0.171054561398413 0.26955438050708 0.415746083161283
-0.379249024208688 -0.0982510828409764 0.285469698443173 0.225728349287851
-0.346006131569334 0.0803471888621073 0.0749262487509332 0.0630393740057775
-0.254583030262745 0.201839957391645 -0.0694396522610158 0.0822809564774749
-0.169260505878968 0.281530256467627 -0.0950561811375504 0.254554886879607
-0.0429733616967789 0.326176760837239 0.0121224768411709 0.383613783782193
0.0555112756664357 0.314403480867276 0.128548225854917 0.403467930550972
0.0570623775938622 0.29419696948654 0.186763725928861 0.36475857552098
0.0531218415187229 0.283698430729122 0.155041359928206 0.345345140617908
-0.0100587485598271 0.318630425021011 0.0826965145496202 0.295555073339776
-0.12852958734495 0.280959491896363 -0.00993169312500877 0.217116494244472
-0.204927635337625 0.21019116735013 -0.0146694334122604 0.105527193567253
-0.258777312034026 0.112679948482046 0.0013233902246025 0.0416297663636983
-0.318589575171138 -0.0324017892354302 0.159403862193536 0.00584593683430319
-0.38290044065749 -0.110112808467257 0.450846423211807 0.175614401232998
-0.166783211099707 -0.021499479799424 0.391682788751088 0.492231830490136
-0.139313131494277 0.0261748799709093 0.381905877777456 0.253383279223476
-0.0802185200625514 0.0631777594962111 0.143310203123673 0.0834169854405995
-0.0490652208060159 0.0462013485731335 -0.0278309142292354 0.0829708131850951
-0.0673394409092584 0.0789646701719132 -0.0825605594389405 0.28375423635358
-0.0266728888132624 0.118172962261951 0.0299265220842969 0.438220803877879
0.00221346904992493 0.13510933661721 0.152536632009002 0.479606898510145
-0.0024014142623469 0.134783532388241 0.203156727817198 0.446130333326401
-0.0121030800873151 0.137444164862951 0.156161022352995 0.426928626084152
-0.039692699657834 0.137374897623546 0.0552475233362965 0.369832393972471
-0.0841772503318593 0.0958861669380965 -0.0562854291304097 0.262484835674243
-0.081753628126649 0.0333016160443147 -0.0449186893793936 0.0988941339530976
-0.0607570053453039 0.0419717951886856 0.0285648450870976 0.0271501551530905
-0.113371406897845 0.0330797666870841 0.199071960670632 0.0283279603184335
-0.189925242815393 0.00631763511652969 0.506056650739194 0.229616832903917
-0.0376016057126206 -0.104368751854261 -0.526194422554728 -0.273602633853636
-0.074354824172293 -0.121465297860333 -0.332766962864128 -0.0518765635276355
-0.133136265349501 -0.0118615422629935 -0.0714552982769641 -0.0115927644123609
-0.0814266844592499 0.0876997130801264 0.066341169679478 -0.0260124409567162
-0.00243260057868563 0.0836401909765829 0.117563242140001 -0.236527353027539
0.0231039191979512 0.0624829841709687 0.00769721466466569 -0.396608330274105
0.0559255081308875 0.0398235306215297 -0.116040801621744 -0.472631162411707
0.0644749705391864 0.0464238778247651 -0.190685647373464 -0.478622556080077
0.0791855239800351 0.0603730032108682 -0.174611705549998 -0.478943841776374
0.0484828790337947 0.11288018963682 -0.0812525135701331 -0.438891600351228
-0.0146122570957796 0.132113632836189 0.0257385890080421 -0.319390918170632
-0.107691735115325 0.138722291373534 -0.0199629803845262 -0.128201235311036
-0.178679210730206 -0.00118022639328743 -0.180104498109896 -0.0912083287279655
-0.109514394209027 -0.139978321815183 -0.316586314099082 -0.234198141612647
-0.043111650095783 -0.133891176012611 -0.408273637334079 -0.504985173340583
-0.209578178481372 -0.220766019807387 -0.486163626460201 -0.27273725791603
-0.245726710422949 -0.21158929245333 -0.31404128625555 -0.0865888454847335
-0.303852673961669 -0.0120535997713791 -0.103060192510731 -0.0289077688150018
-0.240237207414298 0.174307917909973 0.0390667556131744 -0.0059373232555511
-0.104709868636492 0.239794303745207 0.120874773138909 -0.195546658935401
-0.00357759076947519 0.250263655338172 0.0362395870155072 -0.344451800218095
0.0957119706030298 0.224437606301881 -0.0772242354985284 -0.419868652709384
0.114856298104043 0.225387268945265 -0.146114324250788 -0.419493741296416
0.137065856853729 0.232675401089108 -0.152223846951253 -0.407870391111198
0.0699588700005215 0.321730633928575 -0.0847535325727989 -0.379338067156338
-0.0739716544182472 0.334975242139374 -0.000551160759388404 -0.278958573793052
-0.242013373595441 0.328059597294552 -0.0379787582602821 -0.0893683465021817
-0.401814230826916 0.0985762739091224 -0.211125907169413 -0.0472440900916091
-0.37522640496874 -0.188290588852068 -0.315916839490316 -0.178526900629514
-0.29296090588557 -0.255751614221747 -0.35080574264604 -0.414355587228295
-0.351579220408038 -0.320821136108609 -0.394809574470074 -0.202002728228963
-0.402742021428862 -0.295808974268198 -0.252911211647981 -0.0839341232301003
-0.465209872777653 -0.0235041330243159 -0.115039008266727 -0.0491744611646357
-0.395569424585062 0.24598035813905 -0.00052535671068146 -0.000169356959978407
-0.212578289049697 0.378052246225862 0.0900530086926914 -0.13550746898704
-0.0403502078208235 0.417099654618816 0.0421564374118371 -0.241220845227424
0.118270876016521 0.382816814262867 -0.0350962602774982 -0.299486640007536
0.149511514639001 0.369316111130019 -0.0792796649441128 -0.296016980656276
0.180319475516926 0.362727669182044 -0.0983026119543409 -0.277574071121001
0.0993789083088012 0.476790297102256 -0.0629839979905514 -0.264958000286672
-0.0951835355864152 0.496621520501299 -0.0125790988442445 -0.1977810193463
-0.313680846419272 0.495414542658123 -0.0367241272912438 -0.0404816481059868
-0.551662552761268 0.218775604818565 -0.200017193173493 0.00286313007646924
-0.581754520989384 -0.172846592971583 -0.257923950583429 -0.113663025817336
-0.500669936736025 -0.31335884804761 -0.219397286649866 -0.287209220333903
-0.453889483842543 -0.377743744033484 -0.257795461004161 -0.0688944653615964
-0.535665352966435 -0.339482137896048 -0.145875436727435 -0.0319881676712376
-0.597072330227232 -0.0144356271016894 -0.0976650363072644 -0.0525924587817528
-0.511715286999156 0.30969647201707 -0.0431940083055066 0.00545511574028566
-0.291916820292225 0.480130595306815 0.0320374219755119 -0.0494235211849679
-0.067984855468477 0.532017373677021 0.0307099611132446 -0.0913557098889349
0.125211760603543 0.485256784482508 0.0091311784200723 -0.125801092615197
0.160910860368822 0.454762218212058 -7.22248028573498E-05 -0.130266655236824
0.195935670990279 0.434520544916718 -0.0220378369859801 -0.113774438665361
0.114756208873512 0.556747195451905 -0.0141829288218866 -0.118288829822262
-0.100316364195114 0.581006243890688 -0.00404258624822404 -0.0878909772245727
-0.333179735298371 0.584428274922222 -0.0191730966546869 0.0114724621497178
-0.60561175120656 0.302151511407007 -0.152722494375992 0.0391249385670114
-0.67986431489576 -0.128178093852565 -0.151329663705276 -0.0618846774974281
-0.622151124726863 -0.315230401241248 -0.0361320077194185 -0.152302064551663
-0.4972873349488 -0.37316870912753 -0.0864661601160176 0.104154445274231
-0.598218499378401 -0.318777808304191 -0.00131756715913142 0.0577487770194717
-0.643416585668626 0.0156207840553328 -0.0532755426145464 -0.0298624978120434
-0.536018264081469 0.342902801756702 -0.0782031385779949 0.0252871384813495
-0.313715076241593 0.51097884617556 -0.0337351180067046 0.0617562276742277
-0.0761753277087502 0.56346315197582 0.0141467111835997 0.0883537738415603
0.119194842731231 0.513383543215473 0.0529498228461587 0.0737059388192169
0.147847498756491 0.471809617687956 0.0782479348693591 0.0534586087634007
0.173660922204345 0.445976483830408 0.0586065881232744 0.0589706065496765
0.0951549656646423 0.551900112719226 0.0425017714965468 0.0379727552438209
-0.113347006238468 0.56571394967162 0.0138531865778604 0.0326713375655146
-0.32059299374935 0.552218956551623 0.000675854530105638 0.0576645028529759
-0.562014956230935 0.30139192865997 -0.0899081014324332 0.0562300805120454
-0.654490747052788 -0.0910857031152119 -0.0252641341950038 -0.0294061473309968
-0.633802915033969 -0.274082265337061 0.162355493005947 -0.024595244416692
-0.464043155201458 -0.29963749578829 0.0983690385990768 0.280559277860004
-0.551030052171913 -0.230882755662646 0.153709246601656 0.1550719750639
-0.557295763585915 0.0594137088747016 0.00710113929919235 0.0152808280685793
-0.443051224686584 0.310118607931659 -0.0916916276101714 0.0569137182602158
-0.265519744121246 0.443977674534853 -0.0825588770766488 0.174249911917491
-0.0628419914336526 0.492823427928632 0.0072121391539732 0.261725680188479
0.0973390302857658 0.454002035324627 0.0956646267512322 0.264494686149941
0.11462128771691 0.417363071286651 0.145062103967 0.227761753684685
0.122266083113844 0.395097500315149 0.12311757875576 0.219970398449302
0.0458200801629873 0.468355983401588 0.0819312030529918 0.183432736781894
-0.131584960314924 0.455795788153535 0.0169653886212889 0.141366679838102
-0.283660974069394 0.408960426681843 0.00429549024595497 0.091854471942038
-0.43930032349671 0.220902299124756 -0.0356886586311843 0.0560090838722083
-0.520888021004471 -0.0663021438959567 0.0851693699081741 -0.0096213866081055
-0.545670474895688 -0.205078898331211 0.336619656580627 0.0870105506510154
-0.353104856885354 -0.169940526592186 0.268916147308612 0.419882221385211
-0.385659094411713 -0.0987035412512956 0.29000278810486 0.228318940422807
-0.348590773916177 0.0832150349978893 0.0754387071785286 0.0615614556628691
-0.257114851290614 0.205157980516827 -0.0730130356031279 0.0835221597197304
-0.169856043449645 0.287652341209047 -0.0984953342019958 0.255548277932286
-0.0403821488512177 0.332345053832352 0.0155669646695492 0.388155603883464
0.0598966541329199 0.319810170959103 0.135524263865607 0.409819333888852
0.0615057838801731 0.301031152965706 0.191038292943346 0.36685650676082
0.0540845945207906 0.29086688510817 0.159841785111681 0.349077162907524
-0.00787367731071517 0.324082928447457 0.0868116850882174 0.300193292358175
-0.129204309558366 0.286630721707781 -0.00901867270279404 0.222052167476055
-0.204865358939092 0.213513712150008 -0.0158058282041669 0.105992331710402
-0.258685272793424 0.115669081841616 0.000503780603957898 0.0445988177216699
-0.324355849419868 -0.0321187785447436 0.160853899983828 0.00818854351956225
-0.386332052322484 -0.110088155224666 0.460980963034789 0.173000283265251
-0.169577385360335 -0.0200931713631341 0.392611858872864 0.497729916312651
-0.141271483897573 0.0289045902310154 0.388114629853586 0.255815351138286
-0.0803124629678215 0.064895601053001 0.145535057142752 0.0839527001255298
-0.048893684728958 0.0455239860239809 -0.0303931766371888 0.0836377029157566
-0.0678727140796039 0.081088171179207 -0.0841858462949315 0.286660563646879
-0.0257667552463083 0.12072342648329 0.0342708232232169 0.444145219108658
0.0037261742610923 0.13750556704194 0.160824947294107 0.484956276197238
-0.000438242306158314 0.138912976428568 0.208820533047054 0.448878731656394
-0.0118391869492451 0.141663261244617 0.16175409911756 0.432637039616809
-0.0396896518728009 0.13971772778412 0.0601497526833868 0.375760998053183
-0.0844227229783176 0.0973527492975526 -0.0544854146517163 0.267988830575259
-0.0806433798032395 0.0327584364903627 -0.0462773373036896 0.0998996420877059
-0.0583362645607338 0.0442217747078218 0.0270367318531293 0.028047788770612
-0.116142283297567 0.0352283236592779 0.201495232289278 0.0303880599866601
-0.19258984657665 0.00842248451579247 0.516688968499788 0.228072124984231
-0.0389368441302358 -0.107733752244596 -0.551405354121265 -0.268191904963769
-0.0804297045710876 -0.127243802512732 -0.344870008750087 -0.0449926763888737
-0.138034477412638 -0.00939228425486622 -0.0733392947798369 -0.0117169444131094
-0.0831594295848598 0.0942903901702111 0.0689814653875568 -0.0292208538303857
-0.000577840540708601 0.0858853551673968 0.114025903183788 -0.245221050849895
0.024820255388989 0.0642839495482214 -0.00665072071286567 -0.408662510564332
0.05798520686149 0.039350298835369 -0.136394179756587 -0.484086471465238
0.0673991684150996 0.0450738632743328 -0.211123112072548 -0.488136496364861
0.0839510520837755 0.0578018264056365 -0.193783528558354 -0.490174869293446
0.0548821370405618 0.115569982507614 -0.0968137073801769 -0.454039013993008
-0.0122865434879435 0.138393044068573 0.0184589252875411 -0.332035272544974
-0.10851984143794 0.147866984780376 -0.0224256086781207 -0.131489693223823
-0.186980246563694 0.00206596019955277 -0.185525012232494 -0.0893971229331896
-0.116663985228503 -0.143385569942158 -0.332949508644975 -0.238219137529954
-0.0462697138104707 -0.13799936749121 -0.432206084001815 -0.510916017129189
-0.217261250715123 -0.222215541610378 -0.511401563696606 -0.269312912017358
-0.259041686969503 -0.215459921087932 -0.32618651325984 -0.0830330955754624
-0.311582959401003 -0.00639550728528138 -0.107645913214674 -0.0311090200435526
-0.244192832526787 0.187347469429915 0.041000293927146 -0.00788648409476106
-0.102304320525815 0.250342211742775 0.117668000720074 -0.205256282467869
0.00370450983429276 0.259157320133465 0.0254929705565471 -0.357046637558907
0.10528666767196 0.23040717465852 -0.0951562357659168 -0.430592279018079
0.124897309475312 0.23015361615529 -0.163278480431229 -0.429182176211914
0.147544884483862 0.236041642017896 -0.167649639276857 -0.416833746161402
0.0830463799372455 0.3309856314407 -0.0996235610539579 -0.391130861277887
-0.0682292121757528 0.350209905173776 -0.00788440398046314 -0.28862747721569
-0.242277139120197 0.347392726001138 -0.0403505400477337 -0.0931251017804299
-0.416798810182569 0.111193439915351 -0.215242994667732 -0.0419262710313155
-0.393313590317984 -0.187619609544292 -0.330524708116968 -0.179924755030182
-0.306113363886154 -0.25820211370139 -0.371308032731652 -0.418536338964237
-0.366026695690319 -0.321163602941371 -0.415777469101794 -0.19918571155099
-0.422949582160953 -0.297609827724892 -0.264162932368689 -0.0823604267248986
-0.475802403865783 -0.0137730188862539 -0.121925257286488 -0.0529538628557592
-0.401544175174215 0.263769628560789 -0.000888717696905716 -0.00103291574959619
-0.209498895440579 0.394318714558875 0.0859933372439524 -0.144178082360052
-0.0293454343913804 0.432961231239852 0.0356284137109189 -0.25116953635398
0.133449488954811 0.393282785748671 -0.0458289497876028 -0.306816076121784
0.165401957819496 0.378955654307566 -0.0915609527573609 -0.304965104024039
0.195057970164929 0.371459207302577 -0.108250042653839 -0.284250363241689
0.117549208682872 0.491342875358797 -0.0730170625899397 -0.273608922738286
-0.0865169543753057 0.519275780613659 -0.0182927301958396 -0.203519993659412
-0.310738249184472 0.522156268217793 -0.0387966961780492 -0.0431464750157816
-0.566191975247187 0.241847093671727 -0.202953892105045 0.0102638861315274
-0.607163424263264 -0.168549331015989 -0.269489966908623 -0.112555719413496
-0.521691612806454 -0.313733851139577 -0.232276265202992 -0.294819276591054
-0.471606969626206 -0.376769089837935 -0.272395623674606 -0.0645136308330917
-0.561611172387003 -0.340613915794019 -0.152316386484885 -0.0325287621551892
-0.61163027604065 -0.000785922481281453 -0.103964017475255 -0.0569449226179272
-0.519131951054831 0.333141452515347 -0.0459158378789043 0.00564430406755813
-0.290696206457394 0.503607610740282 0.026840234912561 -0.0546340587665562
-0.0552800078361946 0.553289262226294 0.0275094426143899 -0.0965770581580176
0.144161746617765 0.500323619708736 0.00562680227483298 -0.129523228149345
0.180252436978055 0.467964765966473 -0.00520874007263421 -0.136260159491102
0.212821504610028 0.445978502494378 -0.0256328307481039 -0.117039148515249
0.135543180368406 0.571999828865709 -0.0195617990230683 -0.122413214357449
-0.090809490293417 0.606803156021157 -0.00662238985686805 -0.0891190265666496
-0.327418912506192 0.613209780266629 -0.0202560895403328 0.00934348484716859
-0.618682512123801 0.327256893998269 -0.153504695126421 0.0467927455494636
-0.707997190305188 -0.119805072504127 -0.15784575590178 -0.0591032972157844
-0.645562588305642 -0.312128236513757 -0.0399294252357517 -0.159693005092927
-0.517610592000547 -0.371405389739057 -0.0922299853500289 0.109543491297899
-0.625500377337646 -0.315503457168921 -0.00173868988636798 0.0571376582139578
-0.660885956114725 0.0316692697089535 -0.0582165024077372 -0.0337421432331654
-0.545075104326136 0.366621460241939 -0.0822053868294104 0.0268384659348552
-0.310960763236198 0.536041439659449 -0.0387056567181167 0.0609539519437864
-0.0613892185090753 0.58594653078661 0.0156236033167521 0.0896462486754645
0.137496748864922 0.527459074787433 0.0582968081643505 0.0747685957346732
0.168499137664946 0.485975931419385 0.0807084406235917 0.0506557880966533
0.189251483396203 0.459048382242686 0.0619882926089459 0.0597979888595923
0.114179596089516 0.569022152458932 0.0439545132059333 0.0382392556793194
-0.102822073710836 0.591120023137597 0.0151838764866591 0.034847466147266
-0.314782602919084 0.579623749201424 0.001105029045532 0.0574402253626606
-0.572852846549882 0.327173600307675 -0.0890473376430379 0.0630141948110311
-0.68070040225178 -0.0805982830063636 -0.0269634888559982 -0.0274858180225625
-0.655894781181244 -0.268252562854361 0.168112238986557 -0.033125885988126
-0.483073544324187 -0.296489967732574 0.101980668688498 0.286803083075265
-0.575370360931525 -0.226936362515214 0.160240031870165 0.154840755669236
-0.571725700916681 0.0728134976628821 0.00544237153715577 0.0123541595713419
-0.449732169346417 0.330614442606372 -0.0955090975409155 0.0608277494276878
-0.263333267007609 0.467507995650153 -0.0859458637048972 0.178482532316975
-0.0487587047210179 0.511438091996723 0.0134251564728503 0.268361789201523
0.114375219230493 0.467491991117177 0.108753860377457 0.270267113573014
0.132238648393021 0.43106044711517 0.154882047357245 0.228810349581041
0.135833069623035 0.408361797829594 0.13313274760958 0.223808427970953
0.0605832767214119 0.484171445426985 0.0892518388876102 0.187588325898443
-0.124518024604632 0.478195909311323 0.0217028032532807 0.1471940671696
-0.279251755663598 0.431627139888102 0.00516987864758331 0.0927399045990152
-0.445734802404128 0.239907228532899 -0.0346804946496252 0.0616153363784308
-0.541188001199168 -0.0577448459108266 0.0873519452514367 -0.00874409972734332
-0.566609450520976 -0.198403043806717 0.352820779300218 0.0763657489690402
-0.36593488970844 -0.166200327870009 0.281137899860293 0.427500433222258
-0.402039987771456 -0.0919655021366812 0.303275883148942 0.226723340424101
-0.355874563964821 0.0948659709956178 0.0778876182394625 0.0601643102790931
-0.259668939310009 0.217361830550842 -0.076190366007765 0.0877452447520094
-0.168541280242659 0.302504693757938 -0.0989131281526033 0.263951296155337
-0.0311090445971526 0.344821716527146 0.0266183027623664 0.39917454526142
0.0720699138981612 0.328787299253578 0.1535401083234 0.418107194860687
0.0735485732546089 0.311475848523598 0.20691975257879 0.371969184439
0.0636582236434676 0.302007676129615 0.174058143847931 0.357316083770204
0.000545080413117632 0.335362782408053 0.0983906642734936 0.308620696981506
-0.125367948533961 0.300298377532381 -0.0019942984072303 0.231530554859873
-0.203192692933647 0.225200567859221 -0.0153495037913165 0.109337782676117
-0.261580820699584 0.126229538124289 0.00110037969212616 0.0483458515357276
-0.336959439234238 -0.0246049338477168 0.166097148904424 0.00807846902887923
-0.399890383747864 -0.10245440047923 0.482834184653164 0.162636200646201
-0.175533563225366 -0.0151887928065114 0.412198269067455 0.504517339862795
-0.145071603256705 0.0352837440671005 0.404919123927859 0.254662727747337
-0.0799406065810297 0.0704764494605376 0.151437657076298 0.0835160466114003
-0.0486792721870869 0.0464968901718506 -0.0318230674189145 0.0877128819368012
-0.0675982083628757 0.0863228319103582 -0.082622534501457 0.296204143333577
-0.0222886464439378 0.125075350857193 0.0478453150044464 0.456724960365576
0.00859802019952981 0.141767299342412 0.183006931852769 0.496001990560856
0.00457365472887156 0.144996824186226 0.228314731617677 0.456627078632684
-0.00819457167525692 0.149258464952946 0.179255073311334 0.441066224354096
-0.0375966958380845 0.14550986819674 0.0732981189446856 0.387619861459463
-0.0838868542721726 0.101934682611923 -0.0471517080839894 0.279632885078202
-0.0803960331178403 0.0343001657645503 -0.0469312121652774 0.104590089811624
-0.0563801602195602 0.0477207286092329 0.0267297310274896 0.0298139676843714
-0.119350514438632 0.0412126035099092 0.208995920891526 0.0292436811487645
-0.197871566010728 0.0152500466621474 0.542317067687705 0.218934981706649
-0.0438520415805428 -0.109753824381213 -0.580838543579716 -0.247510392839358
-0.0907495260172052 -0.129417481162818 -0.357179145799104 -0.0285944005291122
-0.142542057939945 -0.00290890476146118 -0.0761393585364487 -0.010701347121494
-0.08157340848032 0.103694899676636 0.0705447367744515 -0.0350019234318223
0.00323378610453129 0.0889171132360946 0.102149666169481 -0.257649325251038
0.0288792810236575 0.065300838714115 -0.032265890866293 -0.418944316254281
0.0609207096804597 0.0374674600514825 -0.171036204531832 -0.487630156340929
0.0708230950529801 0.0411415106705354 -0.245917056780439 -0.489424976986187
0.0892182350442328 0.0526075704288493 -0.226710930096231 -0.493049999886489
0.0639612485322895 0.115534746572765 -0.125773217304337 -0.462867743693163
-0.00529890620464251 0.144702098421219 0.00106309820873789 -0.343834240404428
-0.103776965417108 0.159739171543575 -0.0286333821343095 -0.134676184117787
-0.194976005045196 0.0116220874860857 -0.19270497668014 -0.0825158641704091
-0.127876048585854 -0.143103482617603 -0.35576092149807 -0.23044206767492
-0.0537688569433393 -0.140602904572717 -0.473083608397542 -0.500260235139908
-0.230938018744102 -0.216239922082501 -0.542120211023675 -0.248976649553775
-0.278939219741018 -0.211142757041659 -0.34081252391862 -0.0692805320750502
-0.317867836001174 0.00845354598040534 -0.113249982889386 -0.0292470841512479
-0.240799207385682 0.207801190289224 0.041853881085987 -0.0113637600550932
-0.0914996098974632 0.263682131703542 0.107336482080563 -0.216986361809431
0.0191507496531828 0.267145668497669 0.00396509869488501 -0.368387369760355
0.121631314528878 0.230335190498566 -0.124378491173618 -0.43497306359322
0.142462713480597 0.229193399176888 -0.193558086985348 -0.432037437905814
0.164083470340172 0.23395654665061 -0.196316899840527 -0.419010551003209
0.105616577259375 0.335266455109899 -0.12550341311647 -0.398545944993537
-0.0516581646828019 0.366949220193095 -0.0239429302150981 -0.297292915078671
-0.228938150584674 0.373638881337809 -0.0463363738256858 -0.0944378916176077
-0.424691467495493 0.136146897071428 -0.220526408127315 -0.0312780669458755
-0.415789455804425 -0.173588195568921 -0.350283235850129 -0.169823001071559
-0.32628768488245 -0.250945092047943 -0.406124192369755 -0.411693863444577
-0.38821330861753 -0.30888259781502 -0.441059005327171 -0.182622923153473
-0.451936216897361 -0.286082916920288 -0.276759105024129 -0.0726590148945651
-0.485892573402535 0.00836029038550642 -0.129886115001132 -0.0515243006708111
-0.398400638260475 0.293726291954607 -0.00155389335734763 -0.00200339444144992
-0.194417784442257 0.418487355387139 0.0766448118827666 -0.152972100604529
-0.00369840751623327 0.447618806744377 0.019103451468588 -0.260841728155478
0.161167310015898 0.397280679891044 -0.0655803093989999 -0.311753430466926
0.193635702500992 0.380476118731341 -0.113041948960072 -0.309108190396651
0.220891281249474 0.37065043886326 -0.127326448663265 -0.285078718211238
0.151887677554545 0.49898486050943 -0.0922108508478407 -0.278331925675286
-0.0603787651347175 0.542496062761058 -0.0303254190368267 -0.207970355961426
-0.289591714807066 0.557887337833985 -0.0425826219395535 -0.0442858106372659
-0.572176966627514 0.277069600314192 -0.203957794693053 0.0230245234140288
-0.635017172004784 -0.142069925464195 -0.283393031952694 -0.101994459323853
-0.5494634062098 -0.296947980654481 -0.255462782076112 -0.290894751678719
-0.499246548054967 -0.361090218842873 -0.287650214430365 -0.0513129967654725
-0.595106075394505 -0.321595944369268 -0.16011217659648 -0.0271205380282216
-0.624323148021917 0.0271099052493492 -0.113033824626826 -0.0573436718494148
-0.514486643143693 0.370162751442705 -0.0478083130435568 0.00744411012598174
-0.270174383376818 0.534063384261953 0.0193138223546638 -0.0595722623700928
-0.0212571491707483 0.572255119056526 0.0206436163200079 -0.101542491030577
0.178508860046863 0.505999555128748 -0.00142129700302608 -0.132859330418746
0.215116738516451 0.471250631965483 -0.0151506792813803 -0.140986113922111
0.242844514288597 0.448478061638517 -0.0321959350351313 -0.118364589293059
0.172182372949449 0.581880757729921 -0.0281936637717787 -0.125319962812455
-0.0591778465548441 0.63342939705805 -0.0110997217911951 -0.0899694568055982
-0.299843384058791 0.649994665136956 -0.021288825921214 0.00933032843867941
-0.620614647116533 0.369932562930086 -0.151073335221984 0.0593443470001469
-0.737399592647953 -0.087275705491538 -0.166118903254919 -0.0511652866025765
-0.676544118776126 -0.288588785366761 -0.0486451102472047 -0.165019657760998
-0.545707098168428 -0.352871824695313 -0.0940587741177331 0.118251738471014
-0.662292598614508 -0.294152947170348 -0.00131013741828591 0.0569656930254897
-0.672767706055214 0.0645299995407584 -0.0647936146824968 -0.0346497943418764
-0.540677482621943 0.406065914540548 -0.0844050479816273 0.0316776756080344
-0.290576813020986 0.571429879493959 -0.0427407859634897 0.062417525028574
-0.0295265246248903 0.606120260531319 0.0190393888951492 0.0899606943041238
0.173859419595244 0.534484292665928 0.0652636564614981 0.0732468771493637
0.203538051121575 0.49028841025105 0.0836531538860345 0.0460568348009942
0.220609667241437 0.463894018252442 0.0680117065246487 0.0591858780932978
0.150081077585738 0.579225447649427 0.0467289111222077 0.0372904212653606
-0.0734690806891623 0.61963209791103 0.0183993477321184 0.0372787393448415
-0.290242725869152 0.615409122492535 0.00233784235753737 0.0573901452596003
-0.572306853829138 0.366382082878361 -0.084721341110253 0.0730214800130644
-0.706864036748328 -0.0457264989243162 -0.0295275298204467 -0.0248407068027207
-0.684370861416655 -0.241901635898713 0.171848131102567 -0.0473006033905276
-0.508314011464745 -0.278095184309131 0.114083373028857 0.289957916703922
-0.604180867312041 -0.202220686773942 0.170831481787336 0.149907538926562
-0.580013084525208 0.102655596734795 0.00371725151084276 0.0105808557445878
-0.443068731892543 0.365501956061742 -0.0969532681729623 0.0673159145569686
-0.245481810788201 0.496275974339461 -0.0850006781980541 0.185966306518812
-0.0198331427216662 0.529393493164793 0.0278120307990557 0.274549077395715
0.146864286654419 0.4732149515024 0.128943445206138 0.26922141966906
0.162904514545666 0.437008314938132 0.170666519921007 0.224596058877248
0.161727469814461 0.415857011788721 0.150909276469172 0.224077289385904
0.0904120843094072 0.495157801057194 0.103059120208959 0.188262859560355
-0.100709878327213 0.502283032216987 0.0313571916769258 0.15259931964085
-0.259786408248612 0.45741256053652 0.00780398044203071 0.0951354741733774
-0.444356409949235 0.271045907194282 -0.0302963035078587 0.0688174636208426
-0.56128625726423 -0.0296757815231398 0.089639611875415 -0.0104371512443009
-0.587950174211216 -0.173644713193852 0.367249631331395 0.0544416464865958
-0.382916141037503 -0.149785880368468 0.306062100995192 0.42563407407685
-0.419233831430945 -0.07115742265353 0.321403545719239 0.217536888651506
-0.357844414188487 0.116816663888069 0.0814134231760077 0.0575903981293444
-0.254854479221963 0.236441486965576 -0.0754499618057977 0.0946423467087685
-0.155902619156652 0.322204479559409 -0.0925599654704893 0.275205893571599
-0.010697234929989 0.356162295949045 0.0489328801621308 0.408645212992966
0.0945171845206143 0.333975768874974 0.183682038664871 0.418834664645952
0.095871496809617 0.317054157647922 0.232333092902313 0.367646119104992
0.082200389440036 0.310250942426112 0.200339781044896 0.357188520671304
0.0194223922191311 0.345568525549077 0.119756837801497 0.312037415865143
-0.111730212007972 0.316879658312489 0.0120284291881583 0.240470147685088
-0.193797215500985 0.241504911262943 -0.0120360679790715 0.113162665885339
-0.25901949894008 0.143862035999483 0.00360428444737636 0.0526971286973926
-0.348285485144387 -0.00612160682364691 0.170855743302042 0.00178961393637052
-0.414506204794299 -0.0837759379008511 0.506515786924408 0.135459998561738
-0.181210722567306 -0.00462993498572124 0.446190637170216 0.497302290673463
-0.146205772721148 0.0456815415373635 0.429359278191059 0.241093226619669
-0.0768458057870259 0.0779276764620824 0.159845589483263 0.078465586712797
-0.0470460516532137 0.0482229374925508 -0.0302602840967807 0.0923561926752542
-0.0644952320409763 0.0930689981979228 -0.0715892809862915 0.308453080799889
-0.0151175396451054 0.129338303316867 0.0748392560227812 0.466347035115437
0.0180232959725111 0.144861963601653 0.21692685816267 0.494598364321578
0.0144175341679021 0.149937380390932 0.259944322147737 0.455295333394614
0.000702577903660719 0.156312261635783 0.210297346866769 0.443017061661637
-0.0306070661328641 0.151683179742526 0.0993953383985708 0.394696130417606
-0.0796821369942187 0.108911648331813 -0.03206083695886 0.291594788552952
-0.0790520277248831 0.0376000961262074 -0.0441721327014893 0.111155851000703
-0.0512084559351375 0.0525649555907166 0.0270651301065393 0.0309340251015272
-0.121088788017342 0.0509031757804931 0.216167531039467 0.02112498419016
-0.202020915928733 0.0278087905487175 0.572016344466622 0.190368875567533
0.0122882702932822 -0.112125531677959 -0.42974307232759 -0.480083252889822
-0.0241405703545039 -0.157725508096082 -0.313780148229126 -0.175180425592228
-0.1289645948685 -0.0653481893010089 -0.0602916922538337 -0.0417007061692367
-0.12041200938678 0.0610842133325619 0.0837196448263051 0.000226709495865762
-0.0401377106222759 0.0824295132928883 0.207735476323681 -0.189214396101282
-0.005554645613245 0.0730458190613872 0.152974486111364 -0.394742097923189
0.0366465517557728 0.0567099365479496 0.0526417894015284 -0.515565573342613
0.0451753496959104 0.0665703546754217 -0.0170631477510938 -0.543850396197695
0.0553842325472482 0.0824239012720875 0.000558563755720596 -0.540246265129347
0.00903450877716817 0.130623610752897 0.0778780555493193 -0.46984868399053
-0.0679817957302654 0.13082292749319 0.143994754689833 -0.310616934280015
-0.163171894211333 0.0994220183716079 0.0285189214737548 -0.132375157352686
-0.186140972040022 -0.0776560075951981 -0.138134884648473 -0.164314532606933
-0.0589581251999708 -0.189835082735474 -0.216283419829753 -0.375659289016907
0.0110701529866497 -0.151638842102082 -0.193285501720392 -0.670929614212092
-0.111528445714208 -0.290123393544956 -0.394948969937795 -0.459826359539061
-0.160999758940978 -0.312167730803274 -0.278245762870069 -0.202218833175179
-0.291287430667004 -0.130739505533287 -0.0831121786611235 -0.0711484305390821
-0.306783292754108 0.0870658777653851 0.0497509518927282 0.0134350430245298
-0.201019590509694 0.199612240936408 0.201703541990637 -0.145716721694025
-0.100088968488607 0.253389817425641 0.168793105997705 -0.334068012474523
0.0107065041692282 0.260618259331587 0.0753183711181942 -0.448543214849411
0.029872930349932 0.272157981299007 0.00767462408246447 -0.470323568288424
0.0466703760596561 0.280320954568572 -0.00405150619297107 -0.460072410558065
-0.043882283473575 0.350498787337006 0.0479052054263574 -0.410004107936893
-0.204924184947131 0.316763109993985 0.0938959128624063 -0.276670438596781
-0.365978246482792 0.240374190515151 -0.0127022485472742 -0.103076278751417
-0.450105878308165 -0.0629834931933381 -0.189631327917841 -0.132948448387099
-0.308821580501763 -0.34194127281571 -0.234687105844056 -0.323744456634838
-0.188558856852218 -0.368488005241784 -0.167979128069175 -0.563832618778138
-0.213304066590045 -0.443490833999847 -0.335501942705861 -0.351804034504939
-0.288418156028821 -0.45438352722804 -0.215396288238072 -0.174052608266388
-0.444122673627055 -0.202807858552733 -0.0865921004237782 -0.0950571935787791
-0.484098868419494 0.0967519368121525 0.00786528643439399 0.00862563235240547
-0.361503415956471 0.295015483342988 0.151115203763529 -0.0961852136837385
-0.19566819497822 0.407888188247781 0.14180616100862 -0.231218988981872
-0.0230699121170718 0.43122879528589 0.0787517734820395 -0.311185847724914
0.0114222554909587 0.43543014352001 0.030028143029124 -0.3250123466704
0.0417449090722583 0.430937077515864 0.00257558754903006 -0.308947628576367
-0.0672599325450332 0.519847928509616 0.025681398930976 -0.286418317923005
-0.288042053925493 0.475264201475225 0.044990484939711 -0.19574258219947
-0.497370839570245 0.380596644140099 -0.0378217746947336 -0.0539023604850074
-0.644438177073727 0.001313979607257 -0.204348753826467 -0.0780886030188073
-0.520918499320028 -0.405510790626464 -0.203820485011239 -0.23559334627985
-0.370028390234699 -0.505649223040629 -0.0851274042247147 -0.387907152626278
-0.290316351365679 -0.542402690014578 -0.254751063426964 -0.161586481283518
-0.404894763103056 -0.551337790536575 -0.126051747791968 -0.0779514870605755
-0.578342464138779 -0.247370388993983 -0.0670221540717288 -0.0883545959763776
-0.621300182243723 0.116707083470338 -0.0368279495523763 0.000530333969640635
-0.479330161043877 0.367906570530946 0.0631015321894185 -0.0325722831005779
-0.265666432876853 0.51358623828608 0.0767339983441325 -0.0864538856955645
-0.0512861183085583 0.539252970673411 0.0632556977823778 -0.121766033646765
-0.00675299284885653 0.531689609134965 0.0481968939433917 -0.133074522927751
0.0289089019613632 0.512462659682285 0.0186696460711339 -0.118441437923373
-0.082270900170551 0.604505307087526 0.0180263043958767 -0.120574332260625
-0.324658551739042 0.559933778255785 0.00945769440519774 -0.0784289383483183
-0.546277655633288 0.461821931636253 -0.0454526767462811 0.00552657729343115
-0.727497160218412 0.0646467052363981 -0.17516189034029 -0.020450552661177
-0.636967385121495 -0.399506912462536 -0.119115732954124 -0.13699376015345
-0.488150784894808 -0.551690780264477 0.0444472700888628 -0.179719698290296
-0.336488494891145 -0.558505231214241 -0.152730721744317 0.0803662464540714
-0.478378289713744 -0.557703586015692 -0.0151597621735601 0.069272708845108
-0.639479289990912 -0.233567739110904 -0.0302370852569607 -0.0453336515440439
-0.658656942954275 0.135612346634123 -0.0804291305606096 0.00758845241441189
-0.511288981744119 0.391352529847293 -0.0450502281426459 0.0521234484157585
-0.283909585203584 0.541199865068784 -0.00730156007288604 0.0868290009717515
-0.0688239384432566 0.565224484081745 0.0352975313329645 0.0937406851400681
-0.0256683879268184 0.544775679977945 0.0595253046215154 0.0771978470125582
0.00404610202000804 0.51800404899457 0.0349061238078458 0.0835389001357307
-0.102399537788409 0.594349562466301 0.0181663451436569 0.0570403456141065
-0.32794689331104 0.53972671145084 -0.0172559836142095 0.0496188350244276
-0.518597805237533 0.43398649927801 -0.0447385617592999 0.0589668166665739
-0.679468611726274 0.0808953955288147 -0.121539695618174 0.022866367005079
-0.623405032614979 -0.347547602652666 -0.0080448784418534 -0.0493933419296046
-0.515262178509107 -0.514327220136645 0.190443504429612 0.0283711701417763
-0.337750543916699 -0.477732012688089 -0.0361462776901806 0.328895679395073
-0.468388371612219 -0.449444464139511 0.101295028324728 0.226264617458647
-0.573642523450411 -0.156916968352601 0.0119074669397715 0.0242733701969458
-0.554870029124154 0.140361148981458 -0.108167091891198 0.0328653395585063
-0.434794070855603 0.34303695895581 -0.140247902583007 0.144701894458244
-0.241591493689827 0.474718858022482 -0.0819039924409397 0.258373149555888
-0.064858265293515 0.499085910028268 0.00715992075456939 0.297986784271756
-0.0370974011626208 0.477389336066754 0.0621941539426484 0.274984618691661
-0.0267955431558248 0.449618986925286 0.0405353193850752 0.267504944319682
-0.121213002011115 0.491893892512177 0.00693979168047816 0.216096918123922
-0.30307301495964 0.420787364470376 -0.0517382907313562 0.157310229010888
-0.425171920854985 0.304962946150867 -0.0516279377266813 0.092104672256185
-0.519498914337937 0.0518696551093422 -0.0681437957794433 0.0446225201769796
-0.497754952524526 -0.269128913213045 0.0930700066518626 0.0206695721499201
-0.459537548374973 -0.408475100874687 0.319346880909834 0.211884500046189
-0.280608918291093 -0.309297516302798 0.0828535781336301 0.533349112190607
-0.355769427611032 -0.251301378795307 0.207529958036234 0.347694655759178
-0.376617321795764 -0.0491447611354042 0.05795415332503 0.095565104711057
-0.329237560623246 0.10297516214881 -0.104745047600145 0.0614404095350035
-0.277408059632263 0.224418512004194 -0.193421938263167 0.218163968068488
-0.157626934629153 0.32026179714289 -0.125126561250001 0.390604705660174
-0.0523342257870184 0.349130355921167 -0.00859020624565993 0.45710176547955
-0.0467811415616367 0.337689233274859 0.0572698718392728 0.429654757056408
-0.0541453237350567 0.320836699090501 0.0307325558181329 0.407901354385569
-0.123530612148343 0.325761651630947 -0.0263750186303871 0.333445994448726
-0.234713003256504 0.246178963184396 -0.100957012108422 0.225873223205489
-0.273011247902746 0.136763536282536 -0.0720265085891516 0.0973275762184431
-0.295212993107122 0.0183069523220156 -0.0272448744745416 0.0471996673381212
-0.312337208462848 -0.153730058368645 0.158339031276966 0.0735149715387725
-0.33824755626555 -0.251823377733526 0.404506699488468 0.350092928217633
-0.161858898110588 -0.0914980972266226 0.184395702965362 0.655679240468937
-0.156351109820853 -0.0264206060802701 0.290668436054997 0.408495516281763
-0.102931979485654 0.0372848123200204 0.113452471906442 0.142005555832898
-0.0609356305225774 0.0202860665842483 -0.0677767403577683 0.0729550480602246
-0.0940106554171607 0.0551559092420725 -0.195994466015585 0.25283749978996
-0.0650513254673121 0.110805214195295 -0.132100970184869 0.455190058383309
-0.0416230419661939 0.144085887945026 -0.0142166942337169 0.539948015100281
-0.0492078474491498 0.147690845121813 0.043615712601159 0.517630157464077
-0.0619422657738812 0.14542207703023 0.00355025979978859 0.488650810601965
-0.0883595237624052 0.128267902840403 -0.0754106415519622 0.397891150724725
-0.116772621584762 0.0669534703653924 -0.156217503571798 0.251854456503055
-0.0849511560474341 0.000659248260470265 -0.0925558319819212 0.0796564417766324
-0.0662415445559107 0.027244353442572 0.00666468932312045 0.040756051338087
-0.129419398383255 -0.0034899954132342 0.187216333290858 0.115871324892453
-0.194222571770247 -0.0600286776179296 0.435641065837548 0.432781311278928
0.00683353032998663 -0.111391104484057 -0.450576480633741 -0.447183892567403
-0.0346478986919191 -0.156620396467685 -0.318380783281604 -0.15382712249052
-0.131307013256383 -0.0573594444464632 -0.0613456691022208 -0.0404853760788841
-0.114983220869876 0.0698405966911877 0.0830530994299817 -0.00676159943619277
-0.0346981989432883 0.0847402694301283 0.19254769582267 -0.198536609606783
-0.0017635877299584 0.0732317320274674 0.124248397922824 -0.396592752568193
0.0386543755529701 0.0533500316342578 0.0178288703519182 -0.508254640757215
0.0477786162939098 0.0609161776791772 -0.0502436570870379 -0.531744726996353
0.0582819438779038 0.0752364616046914 -0.0328724795830993 -0.530890588393752
0.0181662108062215 0.127746747563883 0.0472191963163747 -0.468867196650191
-0.0601195230208762 0.134946130797122 0.1227128292414 -0.315872545221234
-0.155849213309391 0.109616848939455 0.0212714655476859 -0.131583695166108
-0.189999903924634 -0.0662254935904913 -0.142286099003813 -0.153178967165302
-0.0692137218773677 -0.185142126667382 -0.234810963155159 -0.358775854262184
0.00246329168468766 -0.150237421919269 -0.228790181910549 -0.645300546923814
-0.122637984645717 -0.276572468930089 -0.417413252546953 -0.428819022798024
-0.176876933011909 -0.299889588828095 -0.285354161186327 -0.182609995029283
-0.292317263946459 -0.113185878061958 -0.085999322981876 -0.0689555466193334
-0.295682064124363 0.105593329648252 0.0502700155407566 0.0094088227768651
-0.18517035143309 0.209627269141535 0.187921603164229 -0.156550541342673
-0.0806410448862696 0.256509409015842 0.142994458077173 -0.339183959465428
0.0272936179828908 0.254725062564995 0.0450318647134583 -0.443483389059058
0.0465608597254781 0.265438999781339 -0.0223006677060115 -0.461152332656811
0.062433215014156 0.271797468152327 -0.0310827668614532 -0.45126401930799
-0.0194045404905887 0.346896069922347 0.0204226397036004 -0.407260153534481
-0.182580270131863 0.327782317389345 0.0743832342685593 -0.279219605031557
-0.345245489182681 0.260643582071305 -0.018403245673234 -0.100658613465019
-0.448490080287837 -0.0367368479294055 -0.191294871488399 -0.11835283923875
-0.325377916502256 -0.319556917631493 -0.25057664838646 -0.305915793880495
-0.205034562818276 -0.351171109517875 -0.196927549940901 -0.541975966477117
-0.229527420410571 -0.420511065877435 -0.353054346787766 -0.324487009919687
-0.310169652074193 -0.432800756779938 -0.222656984228111 -0.158612151344585
-0.44403747107562 -0.176019419527123 -0.0914855382677332 -0.0916153590438372
-0.469327750269446 0.126005574298431 0.00797141329209263 0.00669597544192888
-0.336558875758596 0.314569811539754 0.139946087897644 -0.106531341642817
-0.16521507374021 0.413929644072565 0.122143432719543 -0.236146986060332
0.00550622334106986 0.424078250644723 0.0581847674281203 -0.310267230319719
0.0403703549127676 0.427783417733623 0.00825669916904799 -0.321638359256092
0.0666344228476432 0.421933332339139 -0.0146490522550269 -0.303269846651002
-0.0333962967282699 0.514173487150857 0.00496123933582762 -0.283951067193027
-0.253773369050283 0.489696948256165 0.0312129643469888 -0.195129884903016
-0.464032262469681 0.407181391843225 -0.0418084170788231 -0.0509344058255887
-0.635361214304058 0.0387975436254006 -0.202106586468658 -0.0621896257858137
-0.538580692982854 -0.371802860877509 -0.214606474994984 -0.219790956894293
-0.391472760485178 -0.475919416714289 -0.103755559377264 -0.376482305623157
-0.311882666939036 -0.512585881415905 -0.263465040263653 -0.143503899134036
-0.429727759418617 -0.520456974077005 -0.130011789791365 -0.0702695679285386
-0.576610205894855 -0.212075914382704 -0.071169477453773 -0.0858405514944092
-0.602934850911454 0.151849029739712 -0.0368314112745331 0.00178818958460926
-0.447453024993982 0.39221785207179 0.0554360686738468 -0.0386523258888445
-0.226299857847486 0.52155687582596 0.0670774846975516 -0.0898227252732779
-0.0154259224366245 0.531755506578684 0.0545561002114153 -0.123831783709453
0.0280459376279473 0.522754592532245 0.0379898133770007 -0.134761582772715
0.0591149550847843 0.504049217688989 0.0124367536472603 -0.11659409406749
-0.0441593715962326 0.599062119019293 0.00904828264915893 -0.120200159503991
-0.285417102561085 0.576238408408729 0.00380290445914014 -0.0771640412569646
-0.506648058011806 0.488564940562439 -0.0459755795727994 0.00740546219639596
-0.712902922451637 0.106499922820213 -0.169748536378263 -0.00630328689129833
-0.653032922068904 -0.356856014937869 -0.125858313064415 -0.12653749377939
-0.508985045957098 -0.513204836587945 0.0361334429804349 -0.182151544393102
-0.357733725110225 -0.527033553675181 -0.149955303048472 0.0881458800544788
-0.504634151303815 -0.520384710661114 -0.0127242125266153 0.0686547723609301
-0.637215937074834 -0.194666824233602 -0.0333653703627193 -0.0450532414576479
-0.640098858437939 0.173533630872819 -0.0792044539855369 0.0115838319156451
-0.478968499271164 0.417293338722628 -0.0471326877039257 0.05049880386658
-0.242413292732207 0.549825856467581 -0.00441445019538491 0.0851112061246844
-0.0291519367746032 0.559072243387233 0.0414253086475576 0.0887500181889287
0.0132510298963166 0.53845722626287 0.0609161866143819 0.0706986765104652
0.035716928266881 0.512217105816113 0.0412068330235007 0.0815496448141059
-0.0625609206085335 0.591172131284986 0.0200530691132129 0.0557187410309537
-0.290227175909982 0.556319403973553 -0.0145403999860087 0.0506290687403926
-0.480298208969902 0.458926934425966 -0.0427026980892761 0.0605201573298651
-0.664449868442995 0.121397636689022 -0.115137292522718 0.0335557982511006
-0.634964039639519 -0.305993852288701 -0.0117334401020618 -0.0459161814051295
-0.533424772367789 -0.47410209936137 0.19095548644452 0.0129000074732134
-0.356105212848485 -0.447428148529553 -0.0213032184943761 0.326162341920819
-0.486984523397579 -0.414694111761534 0.11174587725316 0.216209408719897
-0.570057453945364 -0.122870802807296 0.012746825710042 0.0216391405472659
-0.535887226759944 0.171746257341174 -0.105395893782765 0.0375420026918655
-0.408642837811793 0.367644667947781 -0.134889310131836 0.147961422920565
-0.20542710867955 0.48190617288603 -0.0667352041984698 0.258213782075528
-0.0313031812423579 0.493308973275383 0.027870271629577 0.291380699456758
-0.00458125716592523 0.473385359421 0.0758664086172003 0.264369148258972
0.000623525542651895 0.447228813914287 0.0582387702558891 0.261744926580769
-0.0883481715403112 0.490945322065869 0.0202582133628203 0.213665265844485
-0.270173845759933 0.435347377906027 -0.041378323462086 0.15970104835116
-0.39611466430234 0.325066959786089 -0.0480798929214606 0.094622398966051
-0.50686447514328 0.0822489806829954 -0.0629567660205362 0.0517161257934762
-0.505522815224415 -0.233599621827757 0.0917333793575808 0.0169785819658475
-0.471638492666326 -0.374515678386072 0.328021014735861 0.184174013766505
-0.291095122436358 -0.286056983120114 0.10844515359581 0.519554199295242
-0.364470965415466 -0.225734974725842 0.223479318623949 0.329172982401359
-0.369566238455618 -0.0263248269368225 0.0626861795342858 0.0903907213615002
-0.316375602368322 0.12042515649445 -0.100366636566395 0.0669527831768536
-0.259245836846974 0.238793204194835 -0.180778689806431 0.224220774148704
-0.133043609201372 0.323371422951265 -0.0995521243204148 0.391575732752395
-0.0278987328666327 0.34597549845192 0.0208097210331841 0.448498355435166
-0.0229126208571499 0.337051894527416 0.0805943025533656 0.416649985369225
-0.0320345064521241 0.321045372643942 0.0562731340904242 0.399842105235245
-0.100595155256422 0.328052066026045 -0.00364459233594462 0.330112788821282
-0.213848536940087 0.257218234240155 -0.0852790730579093 0.23003384113083
-0.25764992362911 0.149022730646073 -0.0670847634817395 0.101087517082923
-0.285936756546059 0.0364003496774838 -0.0247721942016293 0.0510779331306871
-0.316704252885057 -0.131467853257595 0.159299286204657 0.0651347417624568
-0.345339482214818 -0.225317840906701 0.421344381664486 0.314593869771527
-0.163876597237529 -0.0787224900254631 0.215049081893925 0.632295467616428
-0.154364158073977 -0.0156760660672157 0.308483319706744 0.385273266357478
-0.0966493491912771 0.043680505885571 0.120401950843919 0.135131084782711
-0.0588269228575126 0.0215953442856997 -0.0633491973706391 0.0758879507958832
-0.0886802012978691 0.0598158321503628 -0.181093156464319 0.259002646470814
-0.0561705500434777 0.111220918005441 -0.101749764587913 0.45557545501241
-0.0312687975933228 0.143678199778667 0.0213053774544506 0.531662935651312
-0.0378884009234412 0.14945723066706 0.0726025640277191 0.50472503871916
-0.0508503693253842 0.149809212205718 0.0342538535786716 0.479689726410385
-0.0794624037790742 0.131749072758252 -0.0470451001719531 0.39674128532935
-0.109426034656136 0.0722457473881288 -0.136452313757298 0.259748086238353
-0.0813712320488435 0.00393192328155137 -0.0875217603682877 0.0853722210183648
-0.059905978021769 0.0316058653594413 0.00630036080599571 0.0415041877738715
-0.127939011769521 0.00691629132599577 0.190821879276786 0.104223050712727
-0.19344824809035 -0.0462448283641377 0.454909527206336 0.393717464161722
0.00328427889817505 -0.10897527376859 -0.457611456529872 -0.416965316827738
-0.0421710310923245 -0.153368971581437 -0.316446322778937 -0.13670099027036
-0.131887697219604 -0.0513641255547229 -0.0615134168561678 -0.0399330111038828
-0.108533300979647 0.0756184954878596 0.0805785964707042 -0.0111607997742123
-0.0305325197289156 0.0846858771521273 0.179438245843633 -0.202803582548574
0.00130887825902976 0.0726111727248803 0.101872986268272 -0.3920288336532
0.0394407995791094 0.0501640097002107 -0.00792965897962998 -0.494567901164781
0.0481876883747533 0.0561934859782875 -0.0712113905359665 -0.517136214963507
0.0591756417269375 0.0687433551065033 -0.0549897813480284 -0.516083096805295
0.0245082608790613 0.123321386921814 0.0228747780393093 -0.460980117627142
-0.0525757723170124 0.136499848490083 0.105477432453409 -0.315049904596204
-0.148030236230534 0.114955252902102 0.0165638569693633 -0.129110895598826
-0.191210849289328 -0.0573264035750205 -0.141396981668379 -0.143673022985852
-0.0750722750870009 -0.179673944488977 -0.24465018886303 -0.341656868214012
-0.00324498552056787 -0.147729457622854 -0.246938949276557 -0.615962290272771
-0.127149362841942 -0.264403058637081 -0.425689666161364 -0.400387599451854
-0.186816312178414 -0.286955746515647 -0.285658110919141 -0.166491031041976
-0.288048867774247 -0.0999681338144054 -0.0875059989646259 -0.067440005350639
-0.282426278427779 0.117929503096195 0.0489923587768777 0.00566025978074074
-0.171227435734189 0.213380012159236 0.174344779402763 -0.161994270583648
-0.06612460987075 0.253785464993126 0.121801966448572 -0.336960050265312
0.038946164517888 0.246760259247299 0.0226318002401172 -0.433710479611219
0.057897632295127 0.256072858466205 -0.0420932253216131 -0.44819355477506
0.0723879803508755 0.261310898199487 -0.0492404713400435 -0.437919517468801
-0.00254446270455311 0.339197564460788 -0.00100902284067086 -0.399532809115566
-0.164099669734892 0.331397655750668 0.0595754837307077 -0.275960688242977
-0.32596022740759 0.2712060042983 -0.0227435124289702 -0.0976064770173126
-0.441633510004494 -0.0173332288423871 -0.187619803688405 -0.107359936031739
-0.332080691259656 -0.301969105041724 -0.258726332162078 -0.289142943451614
-0.212880175706838 -0.33536386593561 -0.212515733600342 -0.520662062389224
-0.235751667162776 -0.398430364478471 -0.360716541838584 -0.301891356336311
-0.319773368746548 -0.411426496614122 -0.224341127494343 -0.146299549125916
-0.43682202410264 -0.156280607932267 -0.0931555721056544 -0.0899559892055511
-0.450216898211388 0.144299710747071 0.00795836702138309 0.00503150629063071
-0.313467673103907 0.321830167752232 0.128342558731209 -0.111604317592718
-0.141237750205098 0.4110778358497 0.105956762453064 -0.23545110905382
0.0266609608594931 0.412282762441405 0.0422773151365237 -0.304177118780031
0.0592734498648394 0.415016847175771 -0.00697645853337141 -0.313839118610933
0.0827191680419793 0.408194402379209 -0.0266662345686156 -0.29467209751457
-0.00991064899748232 0.502176000277295 -0.00961047682484373 -0.277334040414039
-0.227445973470108 0.493363568988305 0.0211183480531403 -0.191888335261097
-0.433922856166576 0.419731484612468 -0.0439592327927759 -0.0476652839243756
-0.620754390289823 0.0651348194406476 -0.195426065815321 -0.0511119994821237
-0.54321897106728 -0.343199033114177 -0.219826854137223 -0.204837440281171
-0.399627510613207 -0.447597767545609 -0.115532274736273 -0.363554939153431
-0.31881830188466 -0.486010944063315 -0.265739289368232 -0.128404044116698
-0.440926156467027 -0.490241782834041 -0.13102664881813 -0.0635035831484159
-0.565864318020425 -0.184932141376858 -0.0735748663821158 -0.0846967395991028
-0.580335977387078 0.173475322290999 -0.0362522844605474 0.00191482077912904
-0.420664562437059 0.403566348088352 0.0470673510103749 -0.0427611722210774
-0.195747878322997 0.518987027448806 0.0585429408010969 -0.09016889183976
0.00997474850354629 0.518550222207842 0.0479745122336365 -0.123254550492075
0.0537647030921314 0.509256584885231 0.0299237515909742 -0.133135077521158
0.0797591180779067 0.490457134719825 0.00921493305178856 -0.112780529269909
-0.0140537616433611 0.586552353730247 0.00131468125122379 -0.117242292463783
-0.252475601529902 0.578403486596597 -0.000554672221011401 -0.0741200629843977
-0.471212542416182 0.498682798355982 -0.0461693347490251 0.010135216269414
-0.693190535631196 0.135278620598781 -0.162010792340038 0.00242985736598254
-0.652485048256625 -0.3228911156569 -0.129387389865155 -0.116376247630896
-0.514501629806646 -0.481284852497898 0.0287220915634471 -0.182127358125957
-0.364178453169919 -0.497539632923533 -0.146494903872482 0.0928648269394055
-0.512951075257298 -0.488973792775495 -0.0112304174011137 0.0673147976234423
-0.624656009598104 -0.167124070345691 -0.0343055924540034 -0.0450828290467963
-0.616052150214764 0.196575609000852 -0.0769530751440898 0.013063616417005
-0.448555730499723 0.431225892395992 -0.0497673617452641 0.0487333549399785
-0.210258706683308 0.546511851577009 -0.0031873753844495 0.0842047844922329
-0.00106178072837359 0.544814176109006 0.0456500937555735 0.0838114562860055
0.0388640797965388 0.526419559797573 0.0606199628732996 0.0648567898582185
0.0570290789101011 0.499911573292009 0.0460839927090608 0.0782601590116343
-0.0358112775700005 0.57831840726189 0.0212473218754769 0.0545911403096265
-0.259184869392993 0.559475791016594 -0.0126903609466581 0.05166713671852
-0.447677300805059 0.467456005716115 -0.0405814750778822 0.062202895738421
-0.641843160400907 0.145777109520914 -0.108059293821811 0.0402983319975742
-0.634529488105802 -0.274464122068321 -0.0136667749793886 -0.0416909809342709
-0.537520279969723 -0.441606310018824 0.188129694436737 0.000778813904785167
-0.361492929871913 -0.419749391826992 -0.0114974348128591 0.31939951253013
-0.493422896185162 -0.385094506307623 0.116358994311466 0.206804003433154
-0.555960776060983 -0.0983648139558243 0.0134855994411918 0.0186769644310372
-0.51473738402582 0.189766159890172 -0.102378120408152 0.0403367258760417
-0.380613310544363 0.377555938091255 -0.131308561517034 0.147560734585923
-0.177010250031657 0.477278006334839 -0.0553070627487244 0.255953597843551
-0.00670801827664563 0.480511783974016 0.0419813332008226 0.281311379772671
0.0194284001600822 0.462160970236136 0.08234411442834 0.252531492262086
0.0223051036925619 0.438157867482353 0.0701470602340347 0.252862367197069
-0.0641243252004472 0.483857872278235 0.0299018974649763 0.207787583592684
-0.243658471442588 0.440725211115424 -0.0332839252937673 0.159525818123788
-0.369248334567554 0.333051848553787 -0.0446959524987035 0.0959562062487016
-0.489104705786221 0.102491792943393 -0.0580724855177707 0.0561378570863195
-0.504566486524395 -0.207727304168976 0.0891420789699528 0.0155518566759483
-0.472438921459634 -0.344051591828275 0.328684362367526 0.160478021625812
-0.292878249987116 -0.265669104156735 0.122706028850434 0.502956860138992
-0.364100594249983 -0.204965613951885 0.230037418734113 0.31285592861325
-0.358447212631879 -0.0106839504384564 0.065112235241609 0.0852766099720292
-0.30355577408699 0.13002405111645 -0.0959649598069229 0.0687073439432141
-0.241927659421835 0.244541782713736 -0.171928240101223 0.225396049533437
-0.113613413148768 0.32082020026519 -0.081195389222583 0.386622110710627
-0.0106085571441163 0.336769561750294 0.0425722276574141 0.43364237698272
-0.00463493206400069 0.329615577979318 0.093461162739277 0.4013507343639
-0.0155114442898721 0.316980594462559 0.07456431675097 0.386798103997688
-0.0841139969471434 0.324743299662233 0.011879697250771 0.323620586777369
-0.195416334388473 0.261262318773232 -0.0715971313577554 0.23149981976682
-0.242182995123409 0.154773420979026 -0.0632425410715639 0.103070739251743
-0.274856420820382 0.0485266801146344 -0.0227954017279026 0.0538319445478818
-0.31477797633269 -0.1132622528682 0.157402351859326 0.0583988399451754
-0.344440771077684 -0.20409385643466 0.424567505631155 0.283251886802177
-0.162460679594907 -0.069567391151372 0.230153269066777 0.607920507379223
-0.150242365381203 -0.00848650146681358 0.315512231060638 0.363176083318389
-0.0893941709697857 0.0470859989681965 0.123717231594055 0.127602232445639
-0.056509592164031 0.0211684020971017 -0.0597471945599346 0.0762327158254809
-0.0836299093078811 0.0619145678099467 -0.168128573046832 0.260291563455558
-0.0493567151911744 0.110167295017189 -0.0805759885241912 0.449224221349935
-0.0238683570866802 0.140140191618074 0.0447980663442462 0.514187071085558
-0.0287004620198374 0.148333019952224 0.0906776891271515 0.48861677905694
-0.0417263001866935 0.150324358328177 0.0551399053826424 0.46541679594886
-0.0720411960125419 0.132621097014856 -0.0257765228854354 0.389441928705647
-0.102503403481164 0.073687105141895 -0.12040379684874 0.261880616547484
-0.0774997668323196 0.00501791660133533 -0.0831882035860596 0.0882633011282937
-0.0531697704401772 0.0339971275195642 0.00521421272833078 0.0424611867557806
-0.124476508465244 0.0140660436802507 0.189817323657937 0.0946435360292731
-0.18982126987031 -0.0360035557030238 0.460582075269107 0.359372026551093
0.000910451766195716 -0.107160364553305 -0.462302478791041 -0.39410677089573
-0.048243325105187 -0.150623383716545 -0.314570399227879 -0.124533414593063
-0.132336816511537 -0.0470860462572679 -0.0621953673456756 -0.0407567225105127
-0.103678005006501 0.0794979034153506 0.0785705678260321 -0.0152404967402859
-0.0268903870348318 0.0849961097678547 0.16972315942677 -0.204987609826093
0.00405957991862695 0.0722268048450661 0.0852302514117837 -0.387171589901522
0.0401471479311454 0.0482130203010585 -0.0249910582381857 -0.483270879066758
0.0484822260278409 0.0529043332158078 -0.0848589269805066 -0.502236583359385
0.0583524493825647 0.0643867694758974 -0.0693828333090207 -0.504879654936559
0.0290316058293322 0.119979416433181 0.00598674717287357 -0.453976048447089
-0.0477588964541488 0.138192312673487 0.0933398996188574 -0.31475477373408
-0.143240843889179 0.119671762376015 0.0131715956166977 -0.12699274114512
-0.191798249555185 -0.0509240960466873 -0.140494113689848 -0.137510579249877
-0.0793919682448572 -0.176345385398885 -0.250750076963235 -0.328738889430167
-0.0079553942047811 -0.145660288051563 -0.257990608736688 -0.594565872997279
-0.128570555837529 -0.255030569386365 -0.430748714478125 -0.379330949988557
-0.192615409598157 -0.278142877705688 -0.286119881990722 -0.155576887793932
-0.28424296684002 -0.0914891184339182 -0.0891957480790624 -0.0679473186401139
-0.271905745216516 0.125879446290362 0.0475686734096808 0.00260345258988301
-0.160716305991209 0.216415312468346 0.164384529185205 -0.165277245151431
-0.0559299144200425 0.252117713125172 0.107055944158524 -0.334239799490911
0.0462159722378146 0.240329502124451 0.00683232841846993 -0.424672035599289
0.0650829896278906 0.248532470976734 -0.0544334111469263 -0.438889919347819
0.078274016809175 0.25351343755681 -0.0609594805921261 -0.428129629221839
0.0102978321167746 0.332388676935332 -0.0156561934028139 -0.392657314741105
-0.149661084432827 0.333454108735589 0.0484965547996567 -0.273665939910451
-0.311669242345844 0.277597885278068 -0.0248766461368985 -0.0945672228010733
-0.436875717954084 -0.00278640833620177 -0.183838453131378 -0.100853442188983
-0.335401071555064 -0.288557174756982 -0.262102993077619 -0.276422986432141
-0.218105221979032 -0.323799424876035 -0.220324120681685 -0.504525105280373
-0.237433217415661 -0.383041623426824 -0.364811520206024 -0.285124465988118
-0.326731965848266 -0.395060259081846 -0.225818940468765 -0.137587828648597
-0.42988191948411 -0.144074574218011 -0.0957637864847472 -0.0898629213273155
-0.435593261482437 0.154296195603293 0.00708401522767913 0.00314862990978037
-0.29662622408236 0.327031578675519 0.118641826831133 -0.115648914349087
-0.123950086502216 0.407778086974793 0.0935658625068379 -0.233203975524585
0.0394093691530441 0.402466209335879 0.0308151561942588 -0.299760068331583
0.0733238967230758 0.405145591747009 -0.0164285888480034 -0.308044737548308
0.0934713701432185 0.398107174580237 -0.0334406373004 -0.288512387094451
0.00852338344208164 0.494331647510469 -0.0206734100514971 -0.272293818968626
-0.2056270622502 0.494551305012844 0.0131002851830958 -0.188396878472127
-0.41333471608211 0.426021413337051 -0.0452609697550871 -0.0446849349159303
-0.610033724906089 0.0811507692287236 -0.190047773555052 -0.044501117431208
-0.54555650792083 -0.323534938559738 -0.22155630260399 -0.193585273510931
-0.402667168222922 -0.428957128307453 -0.1206854200162 -0.356822675109402
-0.319025898337619 -0.467213533788692 -0.267949616154569 -0.118366767517454
-0.4470043346257 -0.470593710962834 -0.132588166405999 -0.0587222563085862
-0.558256107968325 -0.16971206100883 -0.0759362415530704 -0.0853523846868226
-0.562487976609125 0.187774124385659 -0.0361730659030382 0.00133651303223335
-0.399013095955428 0.410614971280025 0.0385276305824945 -0.0457826849808951
-0.173394515766079 0.514689783636153 0.0519884658521516 -0.089439873111888
0.0265524568122981 0.506691787987189 0.0439336503654524 -0.122767935245636
0.0709364904512768 0.496520900921624 0.0237042481112954 -0.132255702837304
0.0935039853058829 0.479969481469999 0.00771007257328474 -0.111745986811407
0.00543009317001348 0.575890950060915 -0.00442818790809185 -0.114377662343453
-0.228540440069661 0.580634386172037 -0.0041373408897418 -0.0719599522277664
-0.445892512843649 0.505581552187933 -0.0468831717472971 0.0124196272251575
-0.677346151600651 0.153556672756515 -0.156157095683081 0.00834349271262244
-0.654283801767527 -0.302133968467882 -0.130761967669526 -0.107978870945867
-0.516717215321429 -0.457726185033169 0.0243912076148126 -0.182867787942214
-0.365904989887364 -0.478374875250852 -0.145350401514637 0.0958259272217607
-0.518754629240834 -0.467712106133954 -0.0105976889850053 0.0669172195151896
-0.614561262320038 -0.149638868643362 -0.0351829077701732 -0.0466856039740683
-0.597029730576398 0.211287318199114 -0.0756599467170705 0.0133714458433069
-0.425521132812112 0.437494116861221 -0.0543931646249605 0.0473786316342877
-0.18696420110569 0.542100398071914 -0.0028131427971428 0.0840396228720107
0.0175516702510348 0.53234214845666 0.0485079961296733 0.0799365965797546
0.0580611582489886 0.514107987174867 0.0588413927606872 0.0611818587383183
0.0742175151207285 0.490603186109875 0.0493086114726856 0.0751026134163842
-0.0153709211039459 0.569982208061773 0.0214462480072079 0.0537373169939155
-0.233811872439117 0.560899030089137 -0.0111898826085456 0.0532585986802946
-0.42188684017909 0.473592422236238 -0.0404023067189368 0.063587991671675
-0.627406446735022 0.163337496672263 -0.102345351524649 0.0445793128768495
-0.633810468653517 -0.252569717212879 -0.0153229313535841 -0.0374079192280821
-0.536989744977927 -0.416774927126316 0.185746450235293 -0.00921315450790422
-0.361450625824333 -0.402330927503562 -0.00704164395476473 0.314419934763032
-0.49538165168547 -0.365304069944259 0.119407547890529 0.199759367316879
-0.546501110510059 -0.0831476462003296 0.0138618254678726 0.0156483714543958
-0.499682714824685 0.200044775519272 -0.099780121150366 0.0416460936941746
-0.360207722224924 0.384984015009053 -0.131126440246033 0.147529115013983
-0.156946602123402 0.472773208801971 -0.0477622975622838 0.254599846385103
0.010061116520805 0.470342527371065 0.0514318198701123 0.273531504712846
0.0363128358871579 0.453249046248126 0.0857268491131374 0.244902466791624
0.0367931678929441 0.432545999285984 0.0782801569685135 0.245729821815195
-0.047619868708348 0.477897973211183 0.035617760651013 0.204722111708666
-0.22338785149408 0.442035626988886 -0.0277556366342 0.160837603734038
-0.350065115922766 0.336378989546058 -0.0432590314799236 0.0969637181160567
-0.475659131886307 0.116137878144657 -0.054165151131101 0.0597310217537458
-0.502302745418612 -0.18958571105563 0.0868657329009627 0.01482997848522
-0.470168893765388 -0.321880490819343 0.327366120085433 0.142760804740023
-0.292164850082882 -0.252062151195448 0.128552859188833 0.490233524930893
-0.36392027091379 -0.192233780872682 0.234272043932442 0.300792102216085
-0.350002131520091 -0.00178831397132377 0.0673528566346071 0.0806644570927665
-0.294058614365224 0.136178082561358 -0.0933984791503951 0.0698361208423682
-0.22896762807843 0.248636562098019 -0.167336435877802 0.226318622716203
-0.101460329042446 0.31613768649032 -0.0678032915757432 0.383396175883892
0.000713107021165576 0.329745598564177 0.0568802613766658 0.421810172747757
0.00805271283199838 0.324144611926066 0.101562740770055 0.390490366294667
-0.00326235973953846 0.313436440105872 0.0860153586232826 0.376999941639329
-0.072246827286714 0.322447644212153 0.0237352111118442 0.31763862254941
-0.182048286715843 0.263032182120423 -0.0626124777226928 0.231966862315208
-0.230925256759509 0.157189230867164 -0.0608873113236258 0.104632339781507
-0.264842961387906 0.056011394664725 -0.0214551380165881 0.056686994180415
-0.312384398824769 -0.101357432739765 0.155335848518939 0.0545702568173073
-0.340384057376373 -0.189298341875983 0.424099031895662 0.259171462034328
-0.160590882067175 -0.0628200342388296 0.237700412418099 0.589322044997693
-0.146416807617229 -0.0047318526009258 0.319342614650689 0.348420350571382
-0.0838111439612457 0.0483827341356404 0.126362130525448 0.122116713806489
-0.0556208652548303 0.0206387928265434 -0.0575414676930935 0.0766452480220079
-0.0800791715833199 0.0632207537990463 -0.160496204122438 0.260975377226378
-0.0449590082173492 0.10812583383425 -0.063863153737956 0.444464245139138
-0.0184330097195828 0.137919729191203 0.06133925953468 0.50247799402331
-0.0217899450384469 0.147401533286948 0.101045558647279 0.47662582069249
-0.0340503824980205 0.149942920232015 0.0687331499372402 0.455343030263325
-0.0664806163429878 0.132658789656294 -0.0110348792390916 0.382950006490829
-0.0977766013765243 0.0738641356464415 -0.107444167815234 0.26262581484654
-0.0744382169482126 0.00466812508509843 -0.0799562897539229 0.0901755882173922
-0.0476704696163844 0.0352507551933503 0.00426693314997223 0.044863990735735
-0.121027117411832 0.0193871249153543 0.188223311533056 0.0884459956920494
-0.185504245286696 -0.0288955103766149 0.462399545175318 0.33192554113333
7.80306352356356E-05 -0.106772483411077 -0.470111787886244 -0.378720959843963
-0.053377744111308 -0.148729727604599 -0.314541077830489 -0.114533205339516
-0.133220763436001 -0.0425031009679818 -0.0645911731611366 -0.041988146899006
-0.0993173406692333 0.0837153683502859 0.0768678717538614 -0.0182723372945448
-0.0234048091411455 0.0862711865663486 0.161659517666377 -0.209122852684293
0.00652071614682927 0.0725780870969494 0.0704501959563045 -0.386282765967121
0.041051228482577 0.0461958860743941 -0.0412842909513667 -0.476342959313978
0.0488603471970249 0.0502502850660452 -0.0969473087210392 -0.49582584447825
0.0586151173826072 0.060741886387557 -0.0848933236411384 -0.497825405260124
0.0341534971246977 0.117310937514265 -0.0104566952345024 -0.449644466367392
-0.0427062574085339 0.140493523551284 0.0819137014033852 -0.315685650350753
-0.13877751657391 0.124288686517707 0.0107898765033073 -0.1263101665719
-0.194082373389605 -0.0455708763958381 -0.139998614459681 -0.134564950513426
-0.0838069056157791 -0.175025854406153 -0.258326274719217 -0.31982549971409
-0.0126390895903009 -0.144224645187739 -0.268913419969195 -0.579723288655713
-0.130116265481261 -0.248888690085467 -0.437243927370524 -0.363278397655134
-0.198497625274474 -0.270270618589843 -0.288407449064288 -0.14613201315945
-0.283271412674318 -0.0846668443251518 -0.0922272280610418 -0.0687592145400221
-0.264121231366417 0.133602107715546 0.0458279937033729 -0.000278839111143913
-0.151052988616095 0.220403555550457 0.155571151587177 -0.169917850692516
-0.0466744140788847 0.252398626087826 0.0928944033682231 -0.333641103311725
0.0529919789450711 0.235517208330184 -0.00723637826843701 -0.420024261437235
0.0717303973889123 0.24440923055858 -0.0658204207364498 -0.433398385813508
0.0843048900458461 0.248386409434175 -0.0719243132549688 -0.423557850009029
0.0214188465725547 0.328182217773155 -0.0302706746848914 -0.3877276375691
-0.137546191233604 0.338285616474542 0.0391771504733025 -0.272811599660723
-0.300316414199458 0.288461946174362 -0.027742526060082 -0.0927951784446396
-0.43589707316454 0.00966479033337193 -0.182206574179894 -0.0965302580896836
-0.343779681877464 -0.279773382242081 -0.267096146558457 -0.266205382544009
-0.224046024794165 -0.314193004842418 -0.231095466012598 -0.49348593687104
-0.239386629439155 -0.374713742617759 -0.372992260868048 -0.272449952370545
-0.333482302380351 -0.384016858840044 -0.228379259655352 -0.130263264422691
-0.426621468656839 -0.13383785410122 -0.0996960354352881 -0.090444132835288
-0.42534282363073 0.165141816689796 0.00540741533573377 0.00152006909465971
-0.283128462626002 0.33339012169936 0.108592582091174 -0.119533265526355
-0.107300889542733 0.40699577090589 0.0834212964776009 -0.233503736945566
0.0517782790927586 0.396403921271727 0.0213117368978782 -0.2974130528643
0.0850258791547175 0.39823327459056 -0.0255227998504564 -0.304768046112197
0.104075458567197 0.392871907408155 -0.039805855738114 -0.285766504681405
0.02425417473857 0.487379570108585 -0.0311063458350968 -0.268239903592338
-0.186474776660863 0.500480866627748 0.00589814598974561 -0.186399011349662
-0.394810932766678 0.43558283182791 -0.0474628678961819 -0.04177800101053
-0.603541100360974 0.0993605008413428 -0.186689264869822 -0.0395020084863632
-0.552391168745064 -0.308609670202909 -0.226188856215815 -0.184380756804448
-0.408922946107697 -0.415161944898059 -0.127997915765686 -0.352432876609002
-0.322454393212002 -0.454686090728419 -0.272561732829222 -0.108809995288986
-0.455708175340203 -0.455334481089152 -0.133674839928676 -0.0543486957546056
-0.554360379079869 -0.156388756236315 -0.0788434313035102 -0.0863352190456988
-0.548875963323463 0.201756206702525 -0.036755677360516 0.000483766456788331
-0.380210151112592 0.419599961159429 0.0310083535707703 -0.0484548780874269
-0.155073041717068 0.514017730858352 0.0463336362142305 -0.0886420009211201
0.0432702487122067 0.499691882996713 0.0406137682717502 -0.123991180281255
0.0860506650136832 0.490046622611707 0.0178344965018548 -0.131714831763338
0.107477991154172 0.474249681931985 0.00586381502827942 -0.111870152612587
0.0226353335980438 0.571850131774239 -0.00979707076140765 -0.112242931335059
-0.206862962179898 0.585056104602825 -0.00701928565639489 -0.0696217368033196
-0.426668657720688 0.515640352649456 -0.0474763640752211 0.0147628646241935
-0.667686140161797 0.17128290677023 -0.151540473755644 0.013318966068103
-0.656567704839905 -0.282845924939811 -0.132175527454594 -0.10240532079815
-0.521966904489402 -0.439353633316204 0.0194632346287738 -0.185644801265376
-0.370579039333291 -0.464671323305394 -0.146582270164085 0.100341226123048
-0.527049773958398 -0.451347836749478 -0.00985981784988014 0.0666613540142052
-0.610206882149769 -0.134347513440198 -0.0368215710692461 -0.0497543658057959
-0.584262483113336 0.226066377558346 -0.0761587536105269 0.0137138786348136
-0.408623310128139 0.449749170807615 -0.0598862641083937 0.0472728144622316
-0.169143528631277 0.54170483261302 -0.00260837348938804 0.0851027959683078
0.0340550928121624 0.524599622681278 0.0517478033321454 0.0759314227321895
0.0739431308093227 0.507545150797673 0.0577858533127491 0.0594821948653685
0.0884654805073138 0.483898906899977 0.0526800755539749 0.0725426724905966
0.00430563669678928 0.566589315907055 0.0214017891617307 0.0533606025096165
-0.212623136547871 0.566437170375584 -0.0104339498369287 0.0558643031092405
-0.403002682253628 0.481237804172257 -0.0401756611508381 0.0667628620941971
-0.615636746191802 0.179675991223602 -0.0981928495233933 0.0485274261111335
-0.636083132898561 -0.235465195142906 -0.0169173268010028 -0.0341647737367404
-0.540689344850298 -0.399518859403435 0.182911199211127 -0.019102601304848
-0.363376575493935 -0.388361980454533 -0.00339396693848284 0.312372269335731
-0.501316158103055 -0.351866585545828 0.122223279995613 0.195461719915932
-0.541080184314663 -0.0714244775073545 0.0143458329656097 0.0124365418892412
-0.488208738658365 0.211972619939663 -0.0995870472008849 0.0420652002675672
-0.346427982615714 0.391792724002653 -0.133077326142794 0.150219344108768
-0.140981100999145 0.472959994803025 -0.0405412138530482 0.25506949263331
0.0242420200520668 0.464228066732925 0.0604046922707109 0.267192564124882
0.0512736241328681 0.447983126450806 0.0888533025236784 0.240352811033395
0.0517885971298977 0.428298398073971 0.0858907614765975 0.239950145890408
-0.032359859423025 0.476106028671884 0.0411378465614599 0.20295148896983
-0.206970708582339 0.446641658783302 -0.0220076463678408 0.162639205430416
-0.335458741672818 0.34297375107314 -0.042119811370206 0.0992474665117124
-0.466277186111679 0.128177623849347 -0.0513402295686598 0.0638943349170458
-0.503964868858601 -0.173139391528205 0.0861808055103507 0.0141592699998383
-0.471614914618425 -0.305943111815927 0.32762212536889 0.127328464333102
-0.293435734610375 -0.242013918983579 0.136184392181107 0.48272411389605
-0.366983478828722 -0.181597633826905 0.239349092779938 0.292240205786274
-0.34409178026219 0.00459444136416846 0.0692662315764344 0.0764205642461246
-0.287206192170021 0.141582114290946 -0.0921066440380493 0.0706542464060916
-0.219193620788842 0.253909348273178 -0.163895868471413 0.22948107543936
-0.0909762061032079 0.315683205414329 -0.0550908917981568 0.383265738425197
0.0107575655242104 0.324842650636274 0.0706530540880032 0.415224896085656
0.0198666658657384 0.320860421981039 0.109549102888316 0.385007116136314
0.0080652633567295 0.311753685588289 0.0971231426014316 0.369981427793078
-0.0612919611450522 0.322901595878964 0.0347529581195043 0.314474814460391
-0.170963258083428 0.265766980439614 -0.0536678243370409 0.234177266723584
-0.222606727823607 0.160026972848303 -0.0589376732260405 0.107432916882427
-0.257721304886679 0.062573635766123 -0.0197684711641342 0.0605528572581429
-0.312816484055506 -0.0906496459040201 0.154389925329024 0.0509756798296199
-0.339693734734176 -0.176831080382681 0.426086979452578 0.24056809400499
-0.160157136627837 -0.0576307580381707 0.245322586776522 0.579417559255795
-0.145258375494868 -0.00104367646552912 0.326458057925149 0.338490156599059
-0.0795961975787924 0.0491793826875678 0.129401813023738 0.118194944534785
-0.0548582961309965 0.0199892212377795 -0.0556506525672595 0.0774501623674016
-0.0781922784295322 0.064242161850591 -0.155260306307875 0.263982315433084
-0.0418829699101408 0.1071454792528 -0.0497139218473179 0.443316644404716
-0.0140928687052021 0.136297088260862 0.0760672750964816 0.493014551023749
-0.0159138117992158 0.146950463094503 0.110735500956192 0.46854765425721
-0.0275395141883847 0.150920101062184 0.0811763429024304 0.448128517053826
-0.0613990762543815 0.134821894799608 0.0028345411789088 0.379750747214131
-0.0942548234082745 0.0741818472320338 -0.0965683671443453 0.265611703780932
-0.0730620015293993 0.00424965743472133 -0.0782582220060062 0.0933857296891542
-0.0426718374414332 0.0361359640236853 0.00389093460072035 0.0476189162921436
-0.118616724875599 0.0245484012938399 0.187751589147798 0.0835382719323644
-0.182387038749792 -0.0237172420343086 0.464966456843335 0.314671421944309
0.0294807672838316 -0.103122870319821 -0.395962051160818 -0.453073372600327
-0.0226865801364277 -0.154233474010032 -0.282666012104426 -0.166627826679343
-0.120215279602399 -0.0637859881486285 -0.0545038923319321 -0.0598041625080161
-0.108575549987234 0.0645388689846579 0.0756119037685945 -0.00775482908219275
-0.038364445977801 0.0834688250497448 0.193753801975043 -0.179307551507379
-0.00667407812803574 0.0760984650547875 0.13567509100563 -0.366723879995593
0.0290880312472908 0.0527233647591619 0.0470414392954844 -0.475564732761909
0.0373583720950787 0.0584660895952957 -0.000636121705168983 -0.498543373707419
0.0438567980252432 0.0711586816142244 0.0106122013962762 -0.500008770243144
0.01049200210715 0.120067182943621 0.0740743761436367 -0.43561358398409
-0.0686387884893997 0.130984394763051 0.136084661983169 -0.28824482838576
-0.159943409662929 0.0934005746837676 0.0318505951127956 -0.116959730171496
-0.183927203934856 -0.0857206049867847 -0.1171093584879 -0.162124912515642
-0.0501655060850801 -0.188959749643306 -0.194536377533003 -0.37123267226421
0.0163874698793265 -0.141356883331177 -0.14826641527223 -0.638700303705191
-0.0662697156392044 -0.26303118962685 -0.36801216714342 -0.435670399752115
-0.139319810771104 -0.294954849807513 -0.246397457191816 -0.198017636737614
-0.254257668984247 -0.131975383804774 -0.0748296983331793 -0.0954658710847918
-0.271303731786847 0.0823578262719761 0.0411141174369892 0.00133757771388221
-0.184075332167823 0.189054980471702 0.180490304085621 -0.144636583667497
-0.0899382812413353 0.23907262974533 0.145618977586024 -0.314509188591922
0.00866846894974321 0.23761861032666 0.0691398932846704 -0.412916194873348
0.0259052684257174 0.253914110391636 0.0163249888908437 -0.431942417191753
0.0324546335360678 0.257875605260368 0.00851553355384919 -0.424753683731608
-0.0407510863103884 0.321633804772567 0.0402515358036449 -0.37515582054213
-0.198879911356123 0.305278376925403 0.0823698982783413 -0.247620396849577
-0.346786276376575 0.217698543471515 -0.0178584647027757 -0.0858412995912812
-0.432358844856656 -0.0828206773828238 -0.173930298776055 -0.129380889617754
-0.28289542385848 -0.343386519489824 -0.215660916998408 -0.324009278794273
-0.154854729991297 -0.35119033198509 -0.128748510339876 -0.545690580751471
-0.147799052218246 -0.402741044860561 -0.320714541458087 -0.337275718990984
-0.250542972107306 -0.426409492631674 -0.185193599386202 -0.176446495383141
-0.38281721923593 -0.205395119794043 -0.0757369144564781 -0.122839948344124
-0.428562649271286 0.0832425518727612 0.000657703979631989 -0.0079972108226828
-0.331171462111451 0.273368742071353 0.127180598539026 -0.105307319657468
-0.177058792906737 0.376800447003738 0.115848337686229 -0.221005458804872
-0.0200060659612729 0.392883282135244 0.0738062560734423 -0.287123739393424
0.0126708960421327 0.409550070276851 0.0317471428912764 -0.300992733114773
0.0253825984522979 0.401065089582318 0.01311986564042 -0.284337308781773
-0.0672106381081478 0.476329484872862 0.0148816747492348 -0.256950957741546
-0.277780709283874 0.452350471703977 0.0326066203178143 -0.162783496350503
-0.468085113256097 0.339164746426153 -0.0502302945412571 -0.034032416465219
-0.615975080896434 -0.0302237581135145 -0.193354985245697 -0.0696091899198056
-0.478574528533878 -0.413225745597506 -0.191615455523166 -0.238129923476181
-0.313708153852434 -0.486522101838021 -0.0573542648481249 -0.382483845809291
-0.21531133062011 -0.495726077866151 -0.252968957428882 -0.160978548489024
-0.358638884290584 -0.514588002295247 -0.102071743629532 -0.0890888497483163
-0.500682933110628 -0.249343704461538 -0.0543368973297435 -0.11917222714632
-0.552742562370162 0.0938225361671513 -0.0411513976614673 -0.0190872273047939
-0.439968184328061 0.337184574967781 0.0382641432988631 -0.0503707502303926
-0.241040317542239 0.466884209068547 0.0518045980010737 -0.0876945837347286
-0.0453553111498387 0.490125600763628 0.0585771280265568 -0.112605568836775
-0.00350120471976971 0.50026630902276 0.0412959045124413 -0.125435419053084
0.0125720065328842 0.480842265963562 0.0244232136868182 -0.106419637843812
-0.083243098143995 0.557656332929733 0.00594021435018781 -0.0999098934592071
-0.314262823376588 0.531124062637785 -0.00288323113910119 -0.0481839136138342
-0.512262355059305 0.408619623857183 -0.0627322457005533 0.0247648315588432
-0.692320853857453 0.0262761459976765 -0.170562918518113 -0.00725381991725329
-0.588124926391183 -0.410299352441765 -0.116353736392076 -0.137144392268501
-0.417158180030366 -0.534435635917845 0.0548308580368437 -0.186550150089992
-0.261312380865965 -0.514063858196042 -0.167279789335609 0.0652318024452439
-0.429857284181789 -0.522231503587792 -0.00168592809878215 0.0484028165557481
-0.558229895357619 -0.240813541296166 -0.0199582401028358 -0.0773376324406485
-0.590631834276146 0.109263263909262 -0.0820955298431374 -0.0138602469209453
-0.469913560325939 0.358490597747666 -0.0665489434959504 0.0265559829028527
-0.259381365423485 0.490974851183085 -0.0267040905844457 0.0734374994053454
-0.057932931388037 0.512979079621372 0.0321086763857401 0.0854242394365921
-0.0188209371045789 0.513640301577627 0.0433401157235152 0.0679023662032906
-0.00803079203896539 0.488157547947642 0.0354045489903412 0.0820463395707604
-0.102170633704341 0.548592975530574 0.00543553551082945 0.0662829695703116
-0.315666645122906 0.512228271235144 -0.0288789717908466 0.0725206903946938
-0.483840844584342 0.380074123488981 -0.0651184446302223 0.0756993087560345
-0.640558589597203 0.0470120982693165 -0.123375479396284 0.038880691786163
-0.573751375875321 -0.356619589548847 -0.0144021929367059 -0.0467734522976227
-0.445244536946855 -0.497282118779438 0.184807568724904 0.0141615366577343
-0.27542425023375 -0.441518958406703 -0.0657781585969512 0.299275822791364
-0.424932009972717 -0.422016655853052 0.101308295683772 0.197112319525457
-0.505667617719923 -0.165573000337794 0.0163565143467688 -0.00500852279853535
-0.497286734088461 0.113705343649993 -0.109706144388379 0.0120163978683545
-0.401642508560926 0.312022946912611 -0.155701728088252 0.116464833194337
-0.220257496602729 0.427451463175798 -0.0936866720346247 0.233939456316085
-0.0544342808834326 0.452959263942147 0.005726515770935 0.274702326617869
-0.0290848197117618 0.449624227440798 0.0389613170702824 0.250045129449391
-0.0315758292033067 0.426771836333688 0.037013338264721 0.251142660555359
-0.119139783532764 0.455408721701045 -0.00286541962672497 0.212302152217831
-0.284657039451574 0.395518911626105 -0.0592241370397799 0.170983658408037
-0.387860736645077 0.259526841280723 -0.072478535684984 0.103379250328316
-0.480800748332676 0.027146871434768 -0.075695164458692 0.0613735519385361
-0.457243722228737 -0.271096345062674 0.0792604724347299 0.0239806149257759
-0.394537036809454 -0.393174204960538 0.299291163111795 0.190119939229204
-0.239636331402479 -0.287812674645306 0.0412337104285808 0.492923918111116
-0.327867686081536 -0.236747546884566 0.192187823839735 0.315610100487162
-0.331624257521808 -0.0569107005386771 0.0555879161862684 0.0746519629665368
-0.295648129227458 0.081248688486943 -0.105769503097278 0.0458778201734462
-0.254805724825464 0.199585045717183 -0.201043645413302 0.190960770087157
-0.144310706203755 0.283413295049882 -0.127639167635355 0.358946069363785
-0.0434114993639462 0.31513756074212 -0.0112209574199527 0.420555192271651
-0.0370664638293024 0.319098033211647 0.0320137733639789 0.393452563040853
-0.0516998328180572 0.303920374125447 0.0222860073838156 0.379334577823795
-0.117950080505417 0.302011458922626 -0.0292573298396935 0.315471991252083
-0.216223072971963 0.224602615091162 -0.101113439865046 0.228635603617095
-0.243458939232393 0.106103990852747 -0.0868989194072603 0.10167313335739
-0.261781442473809 0.00791317434005207 -0.0392586154852893 0.0615487321650176
-0.284559640130757 -0.150752385966566 0.140783920082351 0.0762746321292374
-0.293340311529849 -0.240801962254581 0.376744010413474 0.324480244847161
-0.150692307632519 -0.0861671180412103 0.13354385153067 0.608986851802943
-0.146035930843316 -0.0256065934893411 0.260024279572323 0.381992267884788
-0.0857925682118475 0.0327329002297369 0.10430601154534 0.135326562817049
-0.0562850835607414 0.00613482978957862 -0.0695680547656637 0.0641867692049379
-0.0865232223007368 0.0429389802767 -0.197319371667789 0.229656859976349
-0.0600353235332697 0.0908449867728506 -0.129486648726369 0.423479742187333
-0.0354566755112484 0.128703816182678 -0.0206975936336946 0.499746934608637
-0.0403931956899387 0.141077695214945 0.0168325381905292 0.476834226780441
-0.0548539889672282 0.140521352851493 -0.00603007103040818 0.452257941179559
-0.0831412878228956 0.118992323169208 -0.0699070680231978 0.368629189939995
-0.105438523065054 0.0524455677090116 -0.144065307875741 0.243854961284883
-0.0693325482903449 -0.013008748400412 -0.0987991463409506 0.0785403149001562
-0.0454888395169266 0.0269046780933728 -0.00821155192173496 0.0524826708903008
-0.118481223313884 0.00120480225196082 0.168478394453126 0.118630702454623
-0.173062489886256 -0.0609611833091903 0.401552944673217 0.408141296816532
0.0280489878892006 -0.103077270728915 -0.403650822483547 -0.433144571906232
-0.0273055079957686 -0.151782455466168 -0.282867721853156 -0.154520190650931
-0.120539966490206 -0.0583904393339843 -0.0577983845510241 -0.0603157783882931
-0.103582374462995 0.0692724045828382 0.072753866976178 -0.0107630950373331
-0.0334844910185085 0.0844641349369583 0.183103069507147 -0.18491791183989
-0.00279468750777279 0.0768933933322448 0.119916141855362 -0.365214170309234
0.0299356935280419 0.0514783283322335 0.0299772169772665 -0.468662573121033
0.0384903402670958 0.0555529108530972 -0.0155595904422542 -0.492509590655558
0.0447852412449319 0.0680468498294422 -0.00399091931203405 -0.492574002896723
0.0155075571305907 0.116780436652527 0.056287729455202 -0.431338509628484
-0.0632725252724536 0.134135484776919 0.123536032647649 -0.28983888003844
-0.155018060638946 0.0994384304089704 0.0284307079814986 -0.116455201606912
-0.186752022761378 -0.0790358285438486 -0.118413896661796 -0.159055735881909
-0.0558846226175989 -0.185913911814356 -0.201123266758571 -0.361811010990308
0.0115903899947644 -0.137729837986755 -0.160893770647654 -0.623357860706108
-0.0689329621738774 -0.256922565570163 -0.375681723066904 -0.417592668944754
-0.14648045452925 -0.287641983781992 -0.249384343449109 -0.185889047992229
-0.252863179080399 -0.123508969380595 -0.0795280495558784 -0.0963465984947942
-0.262870786519288 0.090238115273461 0.0385366001568555 -0.000600671171627107
-0.173517983547618 0.192697976395002 0.168934815173397 -0.149367472065189
-0.0790654614464666 0.239080115342584 0.130598252032725 -0.313965599720118
0.0160218100875386 0.233526420194462 0.0534933489407172 -0.409395093602312
0.0335420790675939 0.248837721465629 0.00204027934221955 -0.427684617849957
0.0397367805281694 0.252941167025868 -0.00283460399038453 -0.419664640030529
-0.0286547067576982 0.317079762681133 0.0248773202164938 -0.370175217535202
-0.186134807454008 0.310153403734875 0.0719529213174825 -0.24676007939431
-0.335094316372601 0.227564294271282 -0.0206001446049542 -0.083211550455314
-0.429600450807374 -0.0670812250947165 -0.173280485091981 -0.124037693226914
-0.289351175271866 -0.330729297593966 -0.221646640551813 -0.314538252432651
-0.161337458707586 -0.339472592770668 -0.141630023575873 -0.533974019205883
-0.151990379515656 -0.392500007919923 -0.327863232203146 -0.320012612039481
-0.260478746489838 -0.413231900744086 -0.188496466238766 -0.167649068152107
-0.379902512224134 -0.192900653361766 -0.0813478094917269 -0.124125971632793
-0.417357553037312 0.0949140159544556 -0.00196511537424814 -0.00892915958837707
-0.314784573327698 0.28030502399345 0.115749521556799 -0.10851410280046
-0.161177192617741 0.377250489399186 0.10476821679454 -0.220287070279395
-0.00766660195062201 0.3869866843235 0.0631433244258851 -0.285667189622117
0.0253341967249661 0.402002443384808 0.0212953776118372 -0.297753944389756
0.0364664772278835 0.394963448539613 0.00476634857935621 -0.281581020698949
-0.0508366660846003 0.469568384347308 0.00426092256294398 -0.251712932998483
-0.258261473745564 0.460188254651259 0.0258440266872713 -0.160903911249113
-0.450208836233954 0.352372003864776 -0.0520792545559828 -0.0306330176538707
-0.609477756089028 -0.0112264727215543 -0.19124412461502 -0.0635513606010623
-0.48721908952648 -0.395670038282421 -0.196038277472692 -0.228275030651517
-0.321255787543411 -0.467445568601547 -0.0670256102754592 -0.37825564805742
-0.219232258856456 -0.482170344199251 -0.257058900050098 -0.149768750756853
-0.369153235197755 -0.49748041032709 -0.103970034296484 -0.0837846838822963
-0.497953406673952 -0.234923839859244 -0.0598518942644788 -0.1216771084753
-0.539494537820049 0.108510037967753 -0.0435710582292881 -0.0190348443969002
-0.419815763482919 0.346545414680194 0.0290431300522837 -0.0510829036568923
-0.223245376245463 0.469413523181937 0.0462510893750752 -0.0870416124579758
-0.0291644452928975 0.48338197802059 0.0546134417938201 -0.1145053873212
0.0139065219386881 0.491343221117168 0.0351842128529628 -0.124500749221243
0.0271075270269189 0.473908114064137 0.0214104709439824 -0.106831851303502
-0.0645896657813475 0.552257295507371 0.00095989433658134 -0.0967921673035047
-0.290328934215309 0.53852025875431 -0.00517282263104458 -0.0451505856796558
-0.490977551549046 0.418994173335185 -0.0629435601906838 0.0287584156162686
-0.680754744667463 0.0465767122283517 -0.166907386400032 -0.00120744322592989
-0.594215964896398 -0.387385735901245 -0.118987688798463 -0.130940254748486
-0.423205297152399 -0.511296044406705 0.0486772696782131 -0.189350163812873
-0.266742281471539 -0.499174701864067 -0.167016057125643 0.0712093499086703
-0.439133342991444 -0.502675746366044 -0.0011004903336702 0.0487065836821979
-0.555565817166945 -0.222858345873117 -0.0242392221290973 -0.0813096719682275
-0.574909810318605 0.125258946065814 -0.0836978001513339 -0.0131143389151297
-0.45109191211482 0.368468264374055 -0.072104588605398 0.0288113824625764
-0.238683001994048 0.491650140180777 -0.0260414632381194 0.0744854555316409
-0.0406408644163847 0.506359993660197 0.0355704603305006 0.0804301826046665
0.000985477482280184 0.506444237854329 0.0429596674631665 0.0668365274462821
0.00847887452593687 0.481652673412266 0.0383367183175444 0.0784388521449377
-0.0817786814050112 0.545178426829169 0.00669800547579409 0.067021471348019
-0.292205126493413 0.517209779322497 -0.0262061289162469 0.075153093754438
-0.461918267825384 0.389454454280808 -0.0642085389355677 0.0796082730564717
-0.62885790423661 0.0654109630813405 -0.119047360293085 0.0440454420819536
-0.578303882772189 -0.336181058175484 -0.0159583610872742 -0.0433879607407119
-0.448437809621304 -0.475185794419553 0.18127842117278 0.00428295336745001
-0.278745826885187 -0.426786300473395 -0.0612496824379385 0.298978514707861
-0.433730211763009 -0.405395192039183 0.104883099210567 0.19232968790959
-0.501188160555458 -0.151489883206725 0.0149011183860786 -0.00976814498755822
-0.486242395573001 0.125217399878433 -0.109179837630871 0.0135693521665448
-0.38413358221277 0.320735557624913 -0.156780970721637 0.119631875292842
-0.205007963132548 0.427380176458457 -0.085803236123891 0.234919944148238
-0.0397566446898154 0.445247497061536 0.015762039217292 0.267701081020426
-0.0119570057214602 0.443398854772375 0.0449196254428409 0.246337067361748
-0.0171696083589231 0.420274201101866 0.0444268602754665 0.24596324117192
-0.10109643585468 0.452964341096763 0.00409711986179001 0.210512509307577
-0.265866760496383 0.397586621115734 -0.052306891530155 0.173126823309104
-0.372410494180365 0.267380669500946 -0.0698631565176185 0.1073475377474
-0.469530089559347 0.0420724818793372 -0.0724117013215897 0.0652867984294894
-0.45810273443145 -0.25418394136279 0.0767296324984546 0.0231035898474024
-0.396403465598054 -0.37522274401013 0.298506955094173 0.173753974444947
-0.241780517170498 -0.275902237884136 0.0479038024054654 0.48614032456598
-0.330867503124487 -0.22423390990821 0.197838833132794 0.306186063644882
-0.327442838461945 -0.0475654836576215 0.0565301707412019 0.0690837552840568
-0.288007473069759 0.0880901244013254 -0.104400619405947 0.0473738233996324
-0.24518195084303 0.204428234190474 -0.197169280720209 0.19583329818004
-0.134693598405952 0.283241486301875 -0.115813720972015 0.35803572404946
-0.03367848061563 0.310275456913931 0.00383357219579221 0.411832776883223
-0.0250746509962438 0.314987367385867 0.0412276578003498 0.388300911139457
-0.0389843308288789 0.300979876282609 0.0343784934072667 0.372923990070166
-0.105000812222447 0.301948324185045 -0.0175673886685241 0.312143475922384
-0.204840768268707 0.227482964796446 -0.0902919312378055 0.230164375440746
-0.235675187511699 0.110153496799745 -0.0845261236865605 0.105371917012209
-0.253742763323358 0.0156613549235662 -0.0371552988665137 0.0658790808546792
-0.284361980758807 -0.138569677392302 0.138576933007149 0.0725654057483443
-0.29315940104735 -0.227802768395868 0.377516410109309 0.30488050435242
-0.149941588077116 -0.0794518391290146 0.142300663624988 0.597068070230402
-0.145292151452057 -0.0210520589942286 0.267032238074558 0.36839981159651
-0.0824321060849568 0.0338650447928561 0.107455352988907 0.12904484364703
-0.0559481922801606 0.00593828621064042 -0.067743908200893 0.0641969474344297
-0.0844730998954748 0.0441703861704082 -0.190932185759097 0.233785433402441
-0.0580842523842805 0.0905941373371714 -0.114229130344726 0.420837306606174
-0.0307436737241636 0.126536808993567 -0.00342018507577824 0.489734765826103
-0.0341296878588333 0.140887347980188 0.0293870768941821 0.471316806976754
-0.0475828462043154 0.140854545603228 0.00852356597737043 0.445063116728314
-0.0772450662253952 0.121110899802991 -0.0552134347778859 0.364968501203322
-0.102098242333849 0.0532950839012408 -0.131499129074564 0.246974414811733
-0.0679032106637149 -0.0131368499432326 -0.0950175739617439 0.0818189469815284
-0.0401886516297421 0.0277094097252372 -0.00683684587612914 0.0556787014577441
-0.115839605552686 0.00618531583480135 0.167330406353796 0.112476447470801
-0.171153374136806 -0.0551664277339819 0.407309742736593 0.385450609084203
0.0269178685570353 -0.102278444523286 -0.405343612111217 -0.416794173715242
-0.0300496391196661 -0.149771652547442 -0.280964143884077 -0.145126911918737
-0.119067496155999 -0.0546383252032308 -0.0602276440622754 -0.0604701195441393
-0.0994054314193579 0.0720684640846343 0.0700228686149127 -0.0122046698616055
-0.0296656387323722 0.0844661253197711 0.173999239101287 -0.186879179318508
0.000565557342052824 0.0769798059774421 0.106211075671283 -0.361453470423179
0.0306118509516546 0.0503499817040241 0.0168410825413096 -0.460961522046126
0.037466609261989 0.0536370509822583 -0.0244277239216871 -0.486579406734287
0.0448856213188486 0.0654666317668618 -0.0137439017540334 -0.485638578294887
0.0184765054728925 0.114203583968605 0.0445540643035797 -0.423578878301894
-0.058269887354826 0.135507321877619 0.114097382852202 -0.289164073956684
-0.149875780375954 0.104142024841462 0.0258616732040509 -0.115398762838338
-0.187308551201767 -0.0734482863911974 -0.118679451505167 -0.156247248669068
-0.0589886656429307 -0.183544158141588 -0.203927361083707 -0.354561787788683
0.010000929210957 -0.133995372174769 -0.168455845756854 -0.609828168888882
-0.0686537747466529 -0.251748299569891 -0.377827644140871 -0.400847578422439
-0.149414682980966 -0.28023868498024 -0.248793744701213 -0.177639072721852
-0.248430965451363 -0.117342631981536 -0.0840741277896867 -0.0969935777894032
-0.254806959063077 0.0950467422553999 0.0358438197868939 -0.00150115287877037
-0.164410764673758 0.193814437283427 0.158824271511026 -0.150987090010313
-0.0706668106204164 0.237661305098644 0.118686927177393 -0.310753578801681
0.0208435439985963 0.228887102520775 0.0424528566042703 -0.402623667472994
0.0386464306473925 0.243798685630979 -0.00531541987435749 -0.422964622476114
0.0441188318426615 0.24765239118538 -0.0125673184744461 -0.41314047364769
-0.0210388818646305 0.311907794710628 0.0150135787712623 -0.363038909348419
-0.174145735971172 0.313339263561698 0.0643095139301211 -0.244033178177747
-0.323999749075372 0.233369310707228 -0.0223062057590886 -0.0804517833606039
-0.426749547108939 -0.0574066741062264 -0.172199689871755 -0.120098862875626
-0.293354778087898 -0.321997390503442 -0.225334923396569 -0.306111609039589
-0.162123665115385 -0.328171932992795 -0.14743964147 -0.524288144318949
-0.150522959245506 -0.383542375435221 -0.330869483925369 -0.307018534896101
-0.264468607360795 -0.404023609494789 -0.189146110083968 -0.159920238635839
-0.373769135791192 -0.185309254241754 -0.0860626358252785 -0.12594044407577
-0.406340257283702 0.102178619030587 -0.00413791157599489 -0.00922664761962523
-0.30307725431417 0.282897052177934 0.106176370529225 -0.10822193250078
-0.149428155528664 0.374709572845093 0.0954554739097466 -0.21741014917747
8.60208573401928E-05 0.37899589921297 0.0552332437737107 -0.283494771760719
0.0351407909763754 0.39482296206515 0.0145342287219263 -0.293748792351827
0.0444818618963966 0.388554378486392 -0.000722009696032544 -0.27886120550751
-0.0380369530201554 0.464552872412108 -0.00341364859158603 -0.246368796373579
-0.244276527312712 0.460750889050239 0.0210664566007059 -0.157926445260563
-0.433576495174302 0.357409257487131 -0.0525060287389386 -0.0269074444574561
-0.599876995128727 0.0014825604386247 -0.188589315746588 -0.0589448419542031
-0.489421981657856 -0.380719577942747 -0.196745589263249 -0.220524261195602
-0.320174429541495 -0.450609693004877 -0.0727958555868925 -0.373942981012478
-0.218847219233265 -0.469547875728884 -0.257954709277173 -0.140087081181598
-0.373004473811875 -0.484113350124139 -0.10490334581949 -0.0790084129056323
-0.490876942578584 -0.224689960840419 -0.0648292664297207 -0.124061556525769
-0.525717607539978 0.115697582785674 -0.0455765859999725 -0.0180989852876254
-0.405986602877921 0.350165653744579 0.020995590279239 -0.0498628614123037
-0.20879333837032 0.467642388773638 0.0414502046443467 -0.0849889164897455
-0.0183344326118437 0.473484943045309 0.0523440718488728 -0.116415951543627
0.025822374954939 0.483667545869358 0.030886130677569 -0.123432013085328
0.0370062023718023 0.465824633235085 0.0188066225233528 -0.107073886169455
-0.0504696919006622 0.544392426367419 -0.00327062620037646 -0.0931657272181636
-0.273549347333904 0.539851630130903 -0.00656622410756561 -0.042899705734487
-0.47224265015282 0.424603607866874 -0.0626917747381963 0.0320184440383591
-0.670153992882078 0.0609015275672547 -0.163141932916811 0.00291992906654244
-0.593219836456023 -0.371174264544807 -0.120417399925392 -0.124673496665336
-0.421554216556163 -0.494401868666678 0.0429954229028677 -0.190122760013657
-0.265073148549291 -0.486440173282301 -0.167089066542894 0.0757325035054974
-0.443214640702387 -0.488535990271015 -0.00105600596899794 0.0498497584209504
-0.548613895922349 -0.211784957064816 -0.0285887533880092 -0.0841863683436881
-0.563891752963131 0.133965520648247 -0.0844096248978455 -0.0120565158573114
-0.436145091946866 0.371431412377032 -0.078249220225607 0.0313401092343652
-0.224815521894951 0.488348439374525 -0.0254192631866167 0.0753782339115965
-0.0308838919568 0.496211875338604 0.0380597512054816 0.0750429796432197
0.013164108504447 0.497654308591256 0.0422844159751205 0.0654962038409828
0.0189152720019402 0.474751528654412 0.0396699205499354 0.0752302012720259
-0.0681270625426489 0.539238888947716 0.00629178921097809 0.0678693881542347
-0.27513692585196 0.51727833744783 -0.0241344094099693 0.0766360106854006
-0.444056406791178 0.391972431359126 -0.0625955874480982 0.082464362217919
-0.615933989416099 0.0766822394089473 -0.115226797394015 0.0477933122605272
-0.576759504160303 -0.32154725463194 -0.0184134186367432 -0.0402404614741485
-0.446212778335018 -0.458605839056033 0.176394703584392 -0.00353100694139723
-0.277672537744214 -0.414306958420073 -0.0594497104570991 0.297908058176178
-0.437021418273279 -0.392315954648829 0.106254077918737 0.189093557692434
-0.495068228458512 -0.140906405838016 0.0115064870133117 -0.0144465869248386
-0.474909896316879 0.131232804574296 -0.109558129594778 0.0147682311315052
-0.371531647677556 0.323618190937767 -0.158198484469907 0.123462362829872
-0.192517639362422 0.424575415164435 -0.0807575012467745 0.233794372733911
-0.0297187733636777 0.437387071311702 0.0228252548524593 0.258870627462332
-2.55009263725129E-05 0.436878186371733 0.0474656659281921 0.242728840252046
-0.0069825368474855 0.414593807949349 0.0482816166981327 0.239874229394592
-0.0889165589415702 0.448706104581491 0.0082395516224774 0.208483777306392
-0.251782502258341 0.400843782565963 -0.0459958984090106 0.173416906577895
-0.360075719235726 0.268944536366623 -0.0680121251801738 0.109786207021356
-0.457746762216843 0.051122777399744 -0.0690213081459508 0.069184454066453
-0.455645920266223 -0.240732083019737 0.0737904732100214 0.0240217495341342
-0.394153916720583 -0.359891237378615 0.295310612354007 0.160837246823622
-0.239508837458007 -0.266168535302764 0.0509865377537178 0.478754793360421
-0.332611401310016 -0.213985430437865 0.199362932422645 0.298709441158111
-0.322167321107559 -0.0412241496952331 0.0552274251352331 0.0644113989227749
-0.28218331707186 0.0912445852387125 -0.103651637396795 0.0478681751975597
-0.237901502784883 0.207097426878177 -0.19437654604132 0.198161238456969
-0.127802829054455 0.280887084403679 -0.106930278418476 0.354673080222869
-0.0264917611960707 0.305482050323351 0.0136290696225347 0.399826459333678
-0.0160174098615543 0.310429368330698 0.0462896939987134 0.383738573575433
-0.0307731741519479 0.297887094397817 0.0423428726030506 0.364924946929215
-0.0961216232576368 0.300355845173338 -0.0100651747140876 0.308208403099591
-0.196052466807942 0.228116073393137 -0.0822104173885018 0.230596150768951
-0.228256086235546 0.111018121789833 -0.0820070472834564 0.108108055269375
-0.245611640901676 0.0203221087535501 -0.0346014602955646 0.0684204249583482
-0.282155246655568 -0.130317671432377 0.135009319291361 0.0708198357770636
-0.290336640743756 -0.218887343825184 0.37593172678039 0.287646128024614
-0.147809465651258 -0.0743270519418734 0.145844581866317 0.586320657118232
-0.144988845324658 -0.0174992428636413 0.269206398379375 0.358967969353468
-0.0798806297660379 0.0347671147380404 0.108777613326158 0.124746031377938
-0.0556731219915677 0.00591032860313665 -0.0665677557179206 0.0635964354841933
-0.0834644380950334 0.0453267530088452 -0.185598022495552 0.234483883531634
-0.056577644402952 0.089559971844003 -0.102460429867518 0.415566221933839
-0.028132163748504 0.125205945508716 0.00846020637005208 0.479194879979878
-0.029237898041368 0.139862279759192 0.0375373528850897 0.463988235227557
-0.0422698560705892 0.140388928157296 0.0191441014816111 0.437893279190964
-0.0723347417163051 0.121049667362423 -0.0447948089130588 0.358759787912081
-0.0997230392045979 0.0536195659539768 -0.121290541912464 0.247233262544582
-0.0671858235431178 -0.0138249318191544 -0.0925617384776565 0.0849494500344866
-0.0349836118213894 0.0276862808395516 -0.00606397906103745 0.0585699953273323
-0.113033612905593 0.00968252525998829 0.164656838420945 0.10906703143942
-0.169880355372715 -0.0520744396562502 0.407529597249463 0.368442865394765
0.0273276654487848 -0.102362265167606 -0.404306491561535 -0.410119808020681
-0.0309326066728057 -0.149490150639795 -0.279153008223717 -0.141461556180419
-0.117565805418064 -0.0533662095727207 -0.0634330640111023 -0.0614010808449356
-0.0958670060006174 0.0742337432062383 0.0690889955566601 -0.0123780508268782
-0.0267653942075059 0.0844735908656903 0.168981718411499 -0.188655158431966
0.0037853141438861 0.0774784676241424 0.100273552551204 -0.359503642632242
0.0314563626392498 0.0506788125198638 0.0102239207596058 -0.454635852507899
0.0373102153689006 0.0525993543419818 -0.0293034062273747 -0.483126377276312
0.044178140295925 0.0642926319436603 -0.0187340524442327 -0.483024481952829
0.0198011840897722 0.112812340415295 0.0394438349705079 -0.420334786374735
-0.055528636538235 0.138183264093104 0.108975838697099 -0.288856744716397
-0.147087588447467 0.107173759396939 0.0247886409926979 -0.114909595043578
-0.188998616056783 -0.0714441647472922 -0.118373603548071 -0.156059913142053
-0.0609596702882452 -0.183051945647418 -0.204454122731284 -0.351952234650551
0.0110391045593797 -0.130445492224828 -0.169200401398532 -0.603484896762207
-0.0665399597766846 -0.250378042151167 -0.378330769987881 -0.393752065676961
-0.150719712436119 -0.278455218419968 -0.247075772159468 -0.173070390779243
-0.245926252823678 -0.115982809049647 -0.088185268298351 -0.0982783003795787
-0.249747948646077 0.0978445954768004 0.0345475834072056 -0.0010144827970651
-0.159828559269376 0.193921005839371 0.152659264295746 -0.151732029212987
-0.0659758196373657 0.237642206132676 0.112088065562615 -0.308144578807607
0.022888158668936 0.227460349292374 0.0375169985183647 -0.399402422526949
0.0410193396273735 0.240736651071164 -0.009842099427029 -0.420851566117054
0.0454430147145802 0.245096585173572 -0.0152647529473924 -0.412475380297485
-0.0163740796513046 0.309723877518576 0.00922102879792272 -0.358524762751886
-0.168325535760081 0.316665326211687 0.0598394042982618 -0.243065509160435
-0.317804241854843 0.237608891737688 -0.0240158239638356 -0.0789760672880049
-0.424890695169754 -0.0532754292848766 -0.170992746386649 -0.119561638192708
-0.294396665803228 -0.319133609423329 -0.224812674261189 -0.304054226255933
-0.160117333850903 -0.322920299041615 -0.150965027159584 -0.52056916544513
-0.147182349236632 -0.380811527658219 -0.33047828845131 -0.300430387356147
-0.266912522783949 -0.399611381876525 -0.18867016246759 -0.155123890412269
-0.370423004785918 -0.184054880435032 -0.0908682946158104 -0.127926016403851
-0.399907742281024 0.104161082023494 -0.00565569809589132 -0.00819817453238103
-0.295897028226447 0.283462015896702 0.0998133647488464 -0.107344459420543
-0.14229491674916 0.373982065396646 0.0903080319267517 -0.215718489693587
0.00452211036868456 0.37551449084215 0.051497849202205 -0.283274867361563
0.0398411514481892 0.391622460120671 0.010932241811405 -0.292899434101213
0.0465533865525525 0.385084792133118 -0.00331657043087177 -0.277918816169881
-0.0333234284354953 0.460931796563822 -0.00763977732159941 -0.2419729225351
-0.235740854754776 0.464788894705726 0.0183401679278366 -0.156355741817431
-0.425742478489504 0.361090880675467 -0.0537531560377688 -0.0242469086366983
-0.597026871743419 0.00728742256066109 -0.186768035913096 -0.0568204250971019
-0.490043996108254 -0.37731958541836 -0.197864302296366 -0.217697238333367
-0.31675009038175 -0.443368024355151 -0.0749437372584831 -0.373226988634143
-0.213706353867927 -0.466971959755985 -0.259088435449184 -0.133957630488736
-0.374417276556832 -0.478737330876294 -0.103963837086961 -0.0751541264807385
-0.486089557654887 -0.221368828056055 -0.0701836262603847 -0.126995060545181
-0.521667863366685 0.118614783508283 -0.0470252481825975 -0.0178536645043005
-0.399608875123346 0.351833862790382 0.0148373701517996 -0.0479993093288406
-0.20137523318792 0.46523779039832 0.0386135378993943 -0.0826678747912851
-0.0146813729859969 0.469395260628286 0.0509181396992603 -0.118922173312551
0.0318123861801074 0.478976394717093 0.0290376713304654 -0.1224684300635
0.041978649740776 0.462480762925488 0.0180659027075824 -0.107209528774888
-0.04499743695092 0.541922564801518 -0.00536241830476745 -0.0891954970269011
-0.264759159070768 0.541368625100954 -0.00678303678060436 -0.0409655084358115
-0.46397631635227 0.427733308623376 -0.0625944932906655 0.0351288060744536
-0.663137745088716 0.0663216781162844 -0.160278960607444 0.0046999780742019
-0.593025752235089 -0.366212878264082 -0.121122201866383 -0.121089129987123
-0.41721159174197 -0.485421876460546 0.0405931073931828 -0.192524165567592
-0.260994766678013 -0.482504740010252 -0.167764487371176 0.07927545587096
-0.446916249306533 -0.482597970359863 -8.49981907503407E-05 0.0520585931026204
-0.545250680620157 -0.20983833885205 -0.0326450740921042 -0.0876480342689026
-0.557782565672733 0.135660398448086 -0.0859124295964838 -0.012073283006277
-0.43000313839942 0.372843372600666 -0.0828479209561201 0.0342361678854574
-0.219210289874035 0.487710940830757 -0.0259400322187347 0.0767707462890242
-0.0254112727775016 0.491853501796754 0.0391895426599224 0.0702291211288565
0.0203837011519065 0.492695696447504 0.0417507878156784 0.0658178811969218
0.0239522255028316 0.471193918548996 0.0391516890540076 0.0737755176738172
-0.0616798861444202 0.53505954615125 0.00645062368113602 0.0704488953368735
-0.265250778614784 0.519226112978616 -0.0226665703644308 0.0785522318684839
-0.436534455763659 0.393667189487347 -0.0626995276224134 0.0852895608170327
-0.608283735702062 0.0834381342964114 -0.11304540318209 0.0500465114070904
-0.576342546495336 -0.314936143134606 -0.0198244546415828 -0.0373055139483015
-0.441518160985854 -0.449894393136121 0.17370591565117 -0.00857050729299905
-0.272496903849502 -0.409626346215974 -0.0606144890255878 0.299537327028598
-0.439255349876315 -0.385138916686102 0.107263388759104 0.189220337212425
-0.492724525400243 -0.137574095993429 0.0081343231106223 -0.0183025754992622
-0.47051773119734 0.13504207845588 -0.110344885584737 0.0140201217007113
-0.367378574422193 0.326115891489546 -0.161457400520919 0.126082821278148
-0.18966080084382 0.424918288609684 -0.0781015982648625 0.234219187855342
-0.0261834488268531 0.434128721859197 0.0261174057907952 0.251478197987441
0.00595207614181705 0.433030643079888 0.0483311664149626 0.242270463880578
-0.00165327679964751 0.412579164239749 0.0509259163303933 0.237092261652001
-0.0839099463643973 0.447994654780707 0.0111080538102844 0.208933705228669
-0.244529211694294 0.401910580537111 -0.0427157447730275 0.174520839238718
-0.353440647243104 0.269447882334214 -0.0671139510628705 0.112697993059393
-0.451974216280962 0.0539971997348125 -0.0666047403584941 0.071504453185205
-0.455537947059708 -0.234727998393878 0.0725006424701923 0.0259341283736615
-0.38893438031917 -0.355372753565819 0.292081558160379 0.15324970501257
-0.235687911345001 -0.262725593089242 0.0505556122663182 0.477625155166482
-0.334460232114797 -0.208993846401466 0.20021140383431 0.296235355781054
-0.319000933391505 -0.0389976338694485 0.0534653587883396 0.0607492094546445
-0.280083329357503 0.091640908885053 -0.104760682850414 0.0471069794035049
-0.235173593792035 0.208416027379236 -0.195105838654923 0.20035093689791
-0.126703277206855 0.280468259717351 -0.102929543281791 0.35382667462353
-0.024398269450579 0.302196103727722 0.0169967690670212 0.393128264392475
-0.0117967935642657 0.308390878640967 0.0480104037438129 0.381818397868474
-0.0265613861097768 0.296589720399099 0.0453361227756976 0.362021779390563
-0.092001975277226 0.299968293206638 -0.00534737704002083 0.305785573740352
-0.191714600080161 0.228032102909461 -0.0763297740805862 0.230716882849344
-0.22505274959458 0.110681904675681 -0.0807871487133719 0.110169456547859
-0.239810179559013 0.0215829759754978 -0.0339698460324951 0.0714964923912002
-0.28133461537389 -0.126859715465075 0.133567198194306 0.0721085666841803
-0.289774593543961 -0.214741401240389 0.373536868831181 0.278203817477688
-0.14518514900635 -0.0720836587000982 0.143765951153641 0.582939860937521
-0.145086098877017 -0.0151486132877375 0.268935699387074 0.353572067484601
-0.0781582140290891 0.0352336975870945 0.108908119939937 0.121931668421844
-0.0564366743552183 0.00550750708417745 -0.0670095102323241 0.0628803517991279
-0.0838588754064733 0.046454512519479 -0.184372305322172 0.23566413286513
-0.0571834006663827 0.0896523885375743 -0.0970383650107201 0.413606643021155
-0.0272224643395328 0.123935400138115 0.0122041967094731 0.472990253419906
-0.0264696302449332 0.138787184089226 0.0395996534975794 0.462556228977395
-0.0395563024426772 0.140527289858119 0.0227097237140199 0.434730241989612
-0.0696901368355875 0.121292097878622 -0.0387777571438486 0.356286080333028
-0.0993871794055099 0.0527031153922724 -0.114872021111866 0.247162335298136
-0.0670885846627956 -0.0153098169213065 -0.0912959278089867 0.0869271576738666
-0.0313536763955047 0.0271324146045515 -0.00552323038166893 0.0615803539688698
-0.11161241722985 0.0114583268239668 0.162884518378246 0.108990594356734
-0.170021398385708 -0.0507443535389021 0.405855586642364 0.358162463863325
0.0280473750511376 -0.104305958049057 -0.409879781066288 -0.411369233551034
-0.032410123786464 -0.152124172297328 -0.282134843166028 -0.139546330607695
-0.118422812094653 -0.0536943809647448 -0.0664796380598091 -0.0629600081377797
-0.0939275998353684 0.0758028279385862 0.0690730822009527 -0.0129458210855667
-0.0248874720088273 0.0854360529976812 0.166750409847048 -0.192693873048731
0.00669377412498446 0.0789445603835167 0.0949225023174004 -0.362925299775807
0.0331913042328878 0.0513020877402052 0.00549634150198508 -0.457619380328953
0.037451862041533 0.0521925451785368 -0.0333569109822543 -0.490369593905715
0.0451086788456997 0.0637913768567855 -0.0213456162719064 -0.489765078247956
0.0219841213514405 0.112951581537627 0.0344276938042702 -0.423055918304959
-0.0530143186549175 0.142621330676093 0.106461335695949 -0.293790384785122
-0.147199376692199 0.112149986986057 0.0237988312379728 -0.116232587394056
-0.193822907733811 -0.0694027043960709 -0.120004892068359 -0.159779916649175
-0.0633357462289049 -0.186255095587752 -0.210179112719334 -0.357680236181064
0.0134868835390438 -0.13019879866191 -0.172128516595278 -0.609112113974425
-0.0643562999092211 -0.253856440657264 -0.384793388074425 -0.394334707899177
-0.154037007170387 -0.281490742630099 -0.250021855450643 -0.171872427927974
-0.247379012782418 -0.117506402518787 -0.0937133039733423 -0.101337070460064
-0.249345303183009 0.100459331130339 0.0344509777430857 -0.000296360695772763
-0.158650260122778 0.197964450077625 0.150262030286261 -0.153861612762664
-0.0628363929302698 0.241419293426206 0.109131520381809 -0.311295099919464
0.0260212971795368 0.229704683822319 0.0334195004024283 -0.404751389439833
0.0440446327505956 0.243108031455909 -0.0136992338095988 -0.426653931113779
0.047601487468157 0.24687332622807 -0.0190804889725511 -0.417557586612461
-0.0140604724516008 0.312817843002985 0.00510627018094144 -0.361024572995913
-0.165749636805757 0.32427862538612 0.0571998139245059 -0.246247001549447
-0.318125596160857 0.245344883047665 -0.0256721660759139 -0.0784026291917412
-0.432249401716017 -0.0500062268845235 -0.173572346834592 -0.121803851457565
-0.302143202497342 -0.323598881439953 -0.230840588481571 -0.307644248039201
-0.159240710426501 -0.322922219575204 -0.155191061613144 -0.527010917875173
-0.145614209944598 -0.386235298216588 -0.335984419323523 -0.299840088933228
-0.271689680959219 -0.402431861897352 -0.190572170401574 -0.154053316255721
-0.373337250495388 -0.186802014436086 -0.0977473627585642 -0.131490050848249
-0.402091049492503 0.107132548072612 -0.00675146930598852 -0.00764655812693238
-0.294820903133161 0.289134562544375 0.0953191458241621 -0.108658478464303
-0.139262587788836 0.380429168811294 0.087946995501341 -0.217378994611756
0.00788869514783274 0.380445998399203 0.0497770639925567 -0.288279644100019
0.0439668792858931 0.395321290948413 0.00953406912389649 -0.296689778814233
0.0510951236229652 0.389646646366275 -0.00557425741612113 -0.282773994035816
-0.0283615419725579 0.467089263542908 -0.0110552078002317 -0.242263968903713
-0.232130644157908 0.475686009862018 0.0166563373858142 -0.15748215772225
-0.427011935346636 0.369354376029618 -0.0547376635580032 -0.0216257923234497
-0.604523579800066 0.0110010126887647 -0.188509907937114 -0.0570412841689088
-0.502251422384689 -0.379624547256715 -0.202241180460053 -0.218997867288483
-0.317816038341167 -0.446568703699183 -0.0791281693194214 -0.379524758439474
-0.211841875130462 -0.473508081802253 -0.264529499415376 -0.131751810725222
-0.383832295274422 -0.482313913017718 -0.104148939063854 -0.072785854756957
-0.491012196640251 -0.225897658266879 -0.0764417204859772 -0.132158656380562
-0.523302319091319 0.121716495284651 -0.0483256928393896 -0.0177104597190959
-0.399615084283172 0.359710506312193 0.00968239858311551 -0.046804755097279
-0.199380688769754 0.473281026384111 0.0373839543437455 -0.0820936100746673
-0.0107217792206503 0.475219625987562 0.0501082430159827 -0.124066688168856
0.0357721043794012 0.483672011290616 0.0284547445774232 -0.123627978810581
0.0456051882429299 0.468886330275057 0.0172035773139332 -0.110135229598485
-0.0407423891526875 0.549053969708567 -0.00668183069399715 -0.0872307185303226
-0.261249166769574 0.553594120319743 -0.00765713520219747 -0.0401507989677637
-0.46613285906499 0.43678813219034 -0.0637587637322431 0.0392633672846167
-0.67107886017478 0.0732343754087167 -0.161587711833405 0.0066863552717547
-0.606314750277023 -0.367790518045449 -0.123854081975261 -0.121004921553046
-0.419228996507854 -0.488421463364019 0.0381143039662287 -0.198197592517157
-0.258791804913296 -0.488161170848786 -0.171546058353047 0.0848003650925032
-0.456042692683252 -0.484292809595024 0.00165596174220046 0.0550753830200207
-0.550496908827692 -0.211594576898606 -0.03837293692523 -0.0926790345237806
-0.563473103593106 0.139841382024489 -0.0880536561596017 -0.0115281710365311
-0.432281928294013 0.381595987904402 -0.0886989527539062 0.0371654802679461
-0.219668884392891 0.498267050498425 -0.0263068734008375 0.0795850350130635
-0.0227105220549302 0.49851490961021 0.0405155534474092 0.0656467843205296
0.0258818328708375 0.498301476919142 0.0421032982945836 0.066680411187565
0.0283401593962754 0.477750577504819 0.0405958149588898 0.0733202761342187
-0.0574392767572905 0.544521750621682 0.00698808274290175 0.0739213225180106
-0.262098583263718 0.530910379732493 -0.0218465289514011 0.0804688001020867
-0.437142874645808 0.402426163346389 -0.0629921465895162 0.0901564168561632
-0.615372527027605 0.0879031341569719 -0.112077186199701 0.0531406092793707
-0.586797766742996 -0.317047051149957 -0.0201696374896452 -0.0347528259887888
-0.443581273423476 -0.452743411772038 0.174453332433637 -0.013636370731478
-0.272506286516646 -0.415494342327813 -0.0629005114211319 0.306945027613421
-0.448329583725308 -0.385563100681947 0.111525190443031 0.192971454783927
-0.495929432683535 -0.138167739507825 0.0043038399388918 -0.022000980656119
-0.476051503049853 0.137925967461733 -0.113745532910337 0.0150938754240435
-0.369024073813142 0.334408067227881 -0.166758818299114 0.131180176485007
-0.189130673185456 0.432097195557432 -0.0773040060567003 0.238489804499403
-0.0262098888051438 0.438415563552381 0.0281710573637266 0.248712641976546
0.00969744761312363 0.436307130751166 0.050568825567158 0.245920782064715
0.00179652395510138 0.418661588865219 0.0532072075143536 0.239452150693323
-0.0806827007623486 0.455243721962623 0.0126952127353995 0.213235471292499
-0.24291384071386 0.41004123699277 -0.0406972439386128 0.177516032263965
-0.35377186602815 0.274017127811491 -0.0676871691153174 0.117291146299951
-0.454375294002223 0.0570513191410732 -0.0666252567544033 0.0756132678123095
-0.463548398186979 -0.235212397344058 0.0723961834804165 0.0290244932368844
-0.392925581086575 -0.355056190122022 0.294812148387288 0.149435469582487
-0.23572175675258 -0.265658715994624 0.0486141814240039 0.487108146678659
-0.340298311505425 -0.208142417249355 0.206077498572539 0.300205491026117
-0.321391517004783 -0.0382198493089151 0.0522258820116577 0.0593832448315688
-0.283642632491401 0.093982704818236 -0.107893767382435 0.0475448640236943
-0.236922291415959 0.214201637734399 -0.199103906422002 0.205982966926046
-0.127407964426303 0.285977478482909 -0.101839784710933 0.359121755860147
-0.0243364539856406 0.306014879156798 0.0201604567221601 0.392879576072104
-0.00799788344837378 0.311358200402475 0.0513864937728738 0.387676788397199
-0.0237200189162066 0.301178399266903 0.0479637317946991 0.365455128142308
-0.089192569082964 0.305443199168115 -0.00184142245098337 0.310306335132037
-0.191913718602659 0.232378725902732 -0.0731603160354214 0.235033415296681
-0.226378177411469 0.112151837982682 -0.0815145854837172 0.11483485637394
-0.238985329274579 0.0222355377165366 -0.0332728716470096 0.0762710463733919
-0.285079030183137 -0.126563749850937 0.134231012230473 0.075118275678198
-0.292650743951951 -0.214730117002562 0.377279886965009 0.274881019993735
-0.145603165305632 -0.0721099915214944 0.142483788896011 0.592412575983728
-0.147695585455998 -0.0132215191312543 0.274683633442065 0.358310789821745
-0.077829513126306 0.0367139686869674 0.110165044449244 0.121762570980155
-0.0582219402242004 0.00495320742429253 -0.069166435761693 0.0631782782328603
-0.0853571799188609 0.0481434120851593 -0.186337876897046 0.239997760343066
-0.059047859761188 0.0920686921311862 -0.095919022424902 0.417743666353452
-0.0275285360102572 0.125535427174076 0.0171232931634445 0.473494379713345
-0.0248338090093447 0.140882078662078 0.0434951751973047 0.470396104331366
-0.0374780482618863 0.142539605716089 0.0257715518435242 0.439155921120786
-0.0689029933556104 0.123945837804494 -0.0347282326603589 0.360199333753924
-0.100490310679636 0.053417879669115 -0.111312572701471 0.251255080850289
-0.0681860251355131 -0.0165840260626679 -0.0910758173511915 0.0902848452628263
-0.028103527561398 0.0267724414432885 -0.00565062587809168 0.0658980335351974
-0.112391324254142 0.0130244523821993 0.164319718763952 0.111757151653606
-0.173894956540139 -0.0499296552979288 0.412022635625773 0.354651109501971
-0.0405297657254751 -0.104958853636275 -0.593782978527521 -0.075773597608363
-0.117479742057743 -0.10274170929047 -0.319592188784931 0.0593728810453513
-0.129176503681825 0.0252624268037574 -0.0999121329996248 -0.00691220109938753
-0.0289774251912607 0.115094632538915 0.0494781159380858 -0.048415780278866
0.0310836678359753 0.0827560020768848 0.0130282435896582 -0.256772943153574
0.0542888601461099 0.0582821623744219 -0.151540812456414 -0.348071871222223
0.0566106397768251 0.021801214538901 -0.287026452450792 -0.375136130907521
0.0615364496816758 0.0185625019603247 -0.337256217809837 -0.377764511450363
0.0736438612962422 0.0214134390509621 -0.330037028537222 -0.382274043718661
0.0875686472578076 0.0777286294374996 -0.239743954647987 -0.36824060791275
0.0495865487316226 0.150326304841096 -0.100016915524846 -0.3043350771492
-0.0510163644480949 0.18715392878758 -0.0525189991953959 -0.111196408581946
-0.214613617570586 0.0696706737661127 -0.198318909057314 -0.0538912539377597
-0.181653840621703 -0.115285490548765 -0.400201758528661 -0.156479819137093
-0.0748243490581203 -0.126633880799176 -0.532875466937273 -0.383924860287005
-0.202913196054494 -0.177000223768616 -0.572014377093352 -0.0707062576532768
-0.290370857438473 -0.134987737287174 -0.320394422521436 0.0141252163986181
-0.272767752373835 0.0478487153316448 -0.153106438599527 -0.0168547270621018
-0.139750970289928 0.22456302192207 0.0260157863462065 -0.00927186228786511
-0.00879264843819311 0.253143913727885 0.0249830210785642 -0.209542019191636
0.0969288694663399 0.231940469773744 -0.108652928130539 -0.309677288006968
0.160288423026626 0.16836843628207 -0.228170733876981 -0.348094253457917
0.187437195939873 0.169465998893211 -0.279569323436251 -0.337973606245798
0.19241637512097 0.171275982579842 -0.284008868909129 -0.325775369363263
0.186409217942522 0.264458145027154 -0.224421332528158 -0.296619931947958
0.0738434661991308 0.372340930295073 -0.106364434507298 -0.234197260514358
-0.109829601038833 0.406071859907504 -0.0661152598373182 -0.0494497794002824
-0.402789829192231 0.24394874682355 -0.213516346200548 0.0103399689392964
-0.470285681572675 -0.0717064576056813 -0.381420293383429 -0.109908743413392
-0.345206634784413 -0.174075214828872 -0.454747229148553 -0.331761450411959
-0.345095360912239 -0.242573694102021 -0.48170970849499 -0.0164142659324286
-0.454745164874692 -0.16413178802526 -0.267342024574266 -0.00887458638881456
-0.415294103530327 0.0665449197636774 -0.182154535750243 -0.0365460678994465
-0.259453419676622 0.318648705073156 -0.0161742267837535 0.0167695192503911
-0.0638595766515657 0.410038931827127 0.00948946355287215 -0.134046924839807
0.11976637136086 0.390971794587942 -0.0656151329325173 -0.215985731422688
0.237934706240253 0.29886580558335 -0.139865308450037 -0.263163066193699
0.283604982796561 0.292592264988835 -0.18126992770679 -0.246708639083413
0.286766280688499 0.285736281766292 -0.189051943440748 -0.225691130372923
0.27299377591259 0.401346908191526 -0.162309504140946 -0.189937662989762
0.116438899680986 0.541555429940479 -0.0807703759144604 -0.13859133175186
-0.120426516510392 0.57962802750713 -0.0529198977093333 0.0143888573161767
-0.507138899635279 0.408653032958376 -0.182080587461256 0.0707631608446341
-0.672759890580435 0.0113836971790084 -0.298124642853949 -0.0623871941555278
-0.557340186808395 -0.172791477808967 -0.289138769604306 -0.264641306119557
-0.450588905687133 -0.276509810697362 -0.323849252863947 0.0806165234594435
-0.590431753938013 -0.163125594961196 -0.152046423833974 0.00382174468475064
-0.534653826531761 0.10371339269107 -0.169694917516106 -0.0460861362475605
-0.349279074755765 0.402358436965987 -0.0593647230846301 0.0403801786042838
-0.106155058261794 0.52926025279098 -0.0210712422700801 -0.0274462613491059
0.128510550149655 0.504223398106743 -0.0221500267567357 -0.0723476249620276
0.281731923891121 0.388262597345241 -0.0335662385193159 -0.13043826671574
0.335776972080167 0.369591762687232 -0.0561910357751776 -0.119416736335958
0.3341495317502 0.356606610200062 -0.0618652508771699 -0.100564064771933
0.318509804707052 0.47627520877079 -0.0614637764558263 -0.066783791312544
0.14506038755602 0.625674476430226 -0.023673149761583 -0.0298994391436454
-0.110399495651109 0.658653927326331 -0.0202788468864131 0.0689735354395941
-0.522788390045657 0.502765006569024 -0.118020566487746 0.105360188519648
-0.750892411400647 0.0891163036430771 -0.169930141279664 -0.0354665718319229
-0.667646441522567 -0.137923069740953 -0.0707786202158748 -0.196342613405395
-0.496456325356927 -0.260348109115858 -0.114634744247601 0.201698761913845
-0.649006869567147 -0.121380959674002 0.0120998340282696 0.0437497135404504
-0.57339693248263 0.152071957584248 -0.114718104925609 -0.0344911001333627
-0.370648063913254 0.44012601573772 -0.0888136818184149 0.0720817519987143
-0.117051564105561 0.568359931270086 -0.0471929000243098 0.103201994235012
0.127957125042313 0.536225548587366 0.0292087378659084 0.0985454843099555
0.286855176008129 0.41322022660453 0.0778241050739446 0.0308868352408022
0.333921235306811 0.388199120937284 0.0750812893217639 0.0265070025482822
0.326342867365616 0.375241845647253 0.0732308413802843 0.0332519652118681
0.301997159795625 0.483775841638637 0.0519446671285256 0.0554550224692622
0.126829127754201 0.607267823590729 0.0422341116625307 0.0767280431525055
-0.109130959669129 0.611575501934913 0.012454078134689 0.111146888568444
-0.46182349304426 0.476200101321346 -0.0483102126697649 0.111772417174601
-0.697428762820345 0.120050294394333 -0.0312400678763183 -0.0316515573314615
-0.662403396612107 -0.0912299865748321 0.159514151966309 -0.135506911236055
-0.463982092233946 -0.191670366362901 0.115987277638548 0.31379233313847
-0.586660686992265 -0.045191596826768 0.18875701551603 0.0892301664953533
-0.484122935332851 0.181430098911937 -0.0305683336403428 -0.00317390568592876
-0.301249514117626 0.387530036048145 -0.0912078746078904 0.10637812072836
-0.0954367371355639 0.491709801405252 -0.0517105677418925 0.225146549801388
0.112205107940419 0.465557932628048 0.0873608556243763 0.255653710259209
0.248370719829076 0.367302733218709 0.183420807911163 0.187370378070683
0.28400997272701 0.350071214631397 0.194518376013003 0.167821610209906
0.268638855163022 0.343954279700579 0.190230609801011 0.160138006562137
0.227932276892489 0.424195355098618 0.145113996344371 0.164298427677883
0.0644569495592867 0.495924667305033 0.0877529796891206 0.166774589509799
-0.122406519424916 0.452574928224599 0.0249175077461296 0.137312711095833
-0.343672293698229 0.344379631267964 0.00243129823577231 0.10251887540109
-0.538962689456517 0.107185294916007 0.0849330039324015 -0.0358283759031145
-0.555990066627721 -0.0384736805649218 0.35939102353725 -0.08139698145213
-0.34667604367127 -0.0850625280079387 0.32652577135778 0.385734586871538
-0.393752489022857 0.0333900882276102 0.340020702197584 0.119050832589543
-0.282209850622582 0.159680243462503 0.0674464106239711 0.0291764388946048
-0.172783786959742 0.241403361537983 -0.0630128552353955 0.12160780253231
-0.0609025817831535 0.315644027791526 -0.0314232193000576 0.300684367957153
0.0727605650487974 0.309903779331179 0.144424291034211 0.362443834489164
0.169467271000921 0.259540730956303 0.267020012286345 0.307975004343389
0.190345731972548 0.258840892081655 0.284610935233238 0.281570939535928
0.175017742143379 0.263657021599171 0.267677589715267 0.265419499605575
0.125444252190636 0.30789003493609 0.194734021108723 0.252661269968746
-0.00788287714764785 0.316776082787732 0.095344516180838 0.234607012736535
-0.117893488415991 0.236400810650789 0.0115028354565424 0.145403626159782
-0.184806949941337 0.172877158636702 0.0279223918660482 0.083311635545435
-0.316139870068056 0.0820274553330348 0.161797350036692 -0.0337207565368141
-0.379723783811863 0.0162499356147495 0.501457524512096 -0.0327503835446502
-0.158617877609381 0.0256211883024332 0.479923267236351 0.404600600554916
-0.123883514946708 0.0765028236398953 0.442256251217331 0.121721196968273
-0.0388434816267111 0.0757831898757071 0.164544994092959 0.0352520384281454
-0.0445153882940528 0.0391468906421764 -0.0200375168394063 0.0992206988896233
-0.0388578507056174 0.0912681624550871 -0.000650708748284653 0.31433562283214
0.00939447166497582 0.111024251655191 0.184861334015429 0.400086301487788
0.056615180657583 0.116734196903383 0.313204397508231 0.377521501776451
0.0696333429101208 0.130737813170459 0.330000392815042 0.353998449351214
0.0637111545724924 0.142858035614237 0.297822292848219 0.338512105205805
0.0254288836452603 0.145211188293325 0.199744699017193 0.313103440451166
-0.0493445321427129 0.110500261167541 0.0730820081516629 0.27172353963898
-0.0685129856723736 0.0285021586851125 -0.0144196585189796 0.13310187389689
-0.00359473058558346 0.0383860269191169 0.041137185925435 0.0587541053401164
-0.0806591032804102 0.085250532464156 0.20690779858954 -0.0182333696243959
-0.17287998840461 0.0786309277922872 0.573153154577083 0.0110290069533504
-0.0458863325022266 -0.107119948327476 -0.616048758816617 -0.0521202138956019
-0.127655361170186 -0.101157083264958 -0.325689987176581 0.0769546606394306
-0.134046737496553 0.0303423311050306 -0.106901990035347 -0.00249011893986126
-0.0237861221156834 0.119272590568527 0.0492561136685012 -0.0531041584066852
0.0365740395430601 0.0825383842498492 -0.00101875722227198 -0.264398689103506
0.0600893907521926 0.0552638225930606 -0.173232026095316 -0.348636102404921
0.0601906979923449 0.0181334504854403 -0.313917529025021 -0.371406662437044
0.0640704569043259 0.0161780592595326 -0.366020548076609 -0.375005795138774
0.0750010709317016 0.0180860607609468 -0.36015334962871 -0.379333215967824
0.0941628511465472 0.0754840818667097 -0.264878526028955 -0.366567429519296
0.0612093209462604 0.152022709694884 -0.119034631574471 -0.307257824991876
-0.0414657854339719 0.196513092178739 -0.0591847213202128 -0.111534836314478
-0.219145418530705 0.0845461443317026 -0.208995406398061 -0.0490031238486202
-0.194485623260762 -0.110849049961372 -0.423338656473018 -0.143758793883796
-0.0798218052099434 -0.129908270596123 -0.56587218446338 -0.373652415727514
-0.215862312242501 -0.17795840964564 -0.592905611785394 -0.0458608544769128
-0.307155815134937 -0.127241498623291 -0.327699411007878 0.0289949522447315
-0.281367335801982 0.0587242278077635 -0.162914377751891 -0.0102559854709258
-0.132685695731784 0.237113271404875 0.0271505064576631 -0.0114398968193822
0.00441466396303751 0.260961716850908 0.013483969712037 -0.216079574112883
0.113573944285392 0.233448672638903 -0.126340743792224 -0.311467792026538
0.173497385085802 0.164865856713579 -0.252662354064417 -0.347761939150963
0.201531431673812 0.165585936038195 -0.306337531514151 -0.336480826990264
0.205045722876728 0.167561919064903 -0.309404395551699 -0.324931039819051
0.205321007973458 0.264186330205889 -0.244826495927551 -0.293396854024042
0.0969112581479016 0.380815566994459 -0.121535898522468 -0.235806999369305
-0.0912643516600245 0.424693256818778 -0.0693498521734102 -0.0456038966222676
-0.405668891061783 0.271142226487883 -0.221422308869195 0.0192676922765529
-0.49141338649735 -0.0517091537361965 -0.400571123033578 -0.0951605783464814
-0.359553526063686 -0.167726011072622 -0.482527627014864 -0.322056003748745
-0.366779942715336 -0.240445568861122 -0.495474566072646 0.00520336323468194
-0.478394752274862 -0.149317000240417 -0.273356914493165 0.001861067186625
-0.426746313469319 0.0837356244651419 -0.196040703725267 -0.0282724497168758
-0.251649427129202 0.339593335927761 -0.0146208882286292 0.0176120000667876
-0.0445282148043577 0.425677111264293 0.0019948460828529 -0.136417708385751
0.145190025492894 0.398099724035908 -0.0779783813135201 -0.217623129552527
0.259815842423962 0.297645208178617 -0.159678719504973 -0.266348494222792
0.307781160958662 0.28798825111166 -0.198950210575467 -0.24777150715323
0.308758912142704 0.28183198222669 -0.206625961190685 -0.224885403136122
0.301944053088876 0.402587834591459 -0.17437490702886 -0.186353052534904
0.15000680508629 0.554472523237663 -0.0891145580881201 -0.138086535519532
-0.094016541218217 0.603132437813601 -0.0517556720448201 0.0198560208979676
-0.504857827515458 0.447292830321746 -0.184427466706902 0.0812687718444196
-0.698592329184493 0.0446250466843582 -0.311124305176338 -0.049114701225713
-0.577405662262462 -0.157560193335219 -0.312663620491798 -0.259925163188651
-0.475694173656257 -0.273532979682383 -0.328530070772141 0.0990402902793435
-0.618589917946698 -0.140892539587873 -0.152845453258546 0.00912901746946205
-0.549416274404097 0.127360914241938 -0.183697665592367 -0.0386762884363856
-0.341896714818866 0.428909019949091 -0.0587229684702123 0.0432782016824177
-0.0822253658314101 0.552061739069294 -0.0255185925096235 -0.023675142561902
0.159785951408399 0.515149826204611 -0.0253198101804668 -0.0714979939386427
0.308053145174639 0.386947953240134 -0.0453519682148435 -0.134752261366197
0.364179499760787 0.3642266336199 -0.0639148984750357 -0.121415953106599
0.360066039209146 0.352862318070316 -0.0689756825856724 -0.101181125379521
0.352516345941812 0.477702632703576 -0.0635617328150304 -0.064113836524211
0.183141777282152 0.640114005145376 -0.0248931597102612 -0.0289038728420801
-0.0791201700291075 0.683216380042928 -0.0159753813458653 0.0751582199560429
-0.515319131883889 0.543289024942985 -0.115423229457004 0.114113351188041
-0.775779086582936 0.127395040868545 -0.175932118334304 -0.0259060360135251
-0.689915701049195 -0.117820211861285 -0.0856261874271033 -0.200051415558966
-0.524040495476988 -0.254321427614074 -0.10756107610493 0.215870296859335
-0.677877997047743 -0.0946832894830797 0.0186446191999854 0.0420261306403194
-0.586776326771936 0.180009707409421 -0.125931724939657 -0.0283846984392571
-0.361556681227683 0.471218446716933 -0.0882274302504661 0.0781133695773147
-0.0926793821104192 0.593033010426833 -0.0461231472071303 0.112663345402342
0.160527240608533 0.549075871453421 0.0354632266184579 0.101998285025416
0.315041517768606 0.412858572527597 0.0770996455266434 0.0248367686990372
0.36411674869915 0.385271859712126 0.0791406474253647 0.023385820789179
0.355728019586012 0.373101051060704 0.0774219110629477 0.0309959010177952
0.336252745977015 0.486400425844917 0.0597912994721186 0.0556887154091103
0.164924564850481 0.621849262916318 0.0482788924611188 0.0776618246868992
-0.0824455586129347 0.635152215575363 0.0203112053784759 0.116393214882864
-0.45404082878824 0.51360131324064 -0.0417191360467699 0.118839952937001
-0.718025302083423 0.158233849401037 -0.03029367803444 -0.0289753109998673
-0.683755932910235 -0.0665537007487402 0.153302436249385 -0.148362801914346
-0.487320604039832 -0.183169884078172 0.135717217542154 0.322513569840102
-0.606821961324468 -0.0185851482839733 0.202879632765655 0.0799271562134016
-0.492471956806237 0.206833435462392 -0.0369096229383064 -0.000224772455818223
-0.293088649169309 0.414233575884605 -0.0900134167100537 0.114840341191492
-0.0735140351788617 0.513061894808496 -0.0443202258572553 0.239447573288776
0.139143213434284 0.476642886758839 0.103104124398666 0.260456005408779
0.272657106034407 0.368549612802178 0.192795442011357 0.181925407316378
0.309939330476063 0.346899965297957 0.20922891677465 0.163796678046511
0.294966351622347 0.341777525121986 0.204641496933797 0.156199133794158
0.25700232786803 0.428831260450008 0.160117891528748 0.162774663220894
0.0921464891896848 0.50835993619899 0.0998172484710896 0.168714257614337
-0.104229465118043 0.471212933415441 0.0345315482383932 0.143156890571166
-0.33857001139907 0.369377362190026 0.0109801450607176 0.106909670610754
-0.55287305344912 0.137568598850159 0.0888352318775635 -0.0393755297765477
-0.5711563634232 -0.0171440409228859 0.360687669054667 -0.102167854669605
-0.360388990858312 -0.0764696941747173 0.357263341440946 0.388807967509577
-0.40546268615858 0.0551193566302788 0.358359292723501 0.104134889104038
-0.283142311143109 0.17617689768386 0.068048234242716 0.0285578589078683
-0.16694754321818 0.257170616303796 -0.0600354059498762 0.130105994459189
-0.0469895303795239 0.330176867607654 -0.0189336029473427 0.316666285976551
0.0907396977089194 0.319131957029912 0.166138733039015 0.368953319481948
0.186994530495476 0.261271878710075 0.286102685175678 0.303835187276222
0.20967487773088 0.258440347741399 0.306310384118705 0.277484617829775
0.193600136555473 0.263496715157611 0.289753462097352 0.261613773097467
0.145497830687763 0.311479043887301 0.214752949783316 0.250828955314741
0.00749976372377242 0.327107681260108 0.111923009595411 0.236405257028152
-0.111885985750698 0.248156402313506 0.0200186814544719 0.151254056815469
-0.181524625567589 0.184025830700382 0.0366664961179458 0.0870192379627108
-0.323755700416283 0.100600112275211 0.168593468165071 -0.0402289060630118
-0.388340061118066 0.0341351729519697 0.509801092673839 -0.059126807820404
-0.162768034911253 0.0319763850563139 0.514521045872296 0.400816140112879
-0.123702679357334 0.0859665538786512 0.462438030268543 0.103420518919535
-0.034148051490686 0.079131298268039 0.170878271158335 0.0297779791295305
-0.0446475411580315 0.0424117025515405 -0.0169521154294917 0.105649285768457
-0.0357565400488105 0.0975942581124635 0.0135021178057872 0.326870444115328
0.0145215093631125 0.116698634866592 0.20832940638268 0.403498533121209
0.0638219216034995 0.118930028619128 0.339567050948716 0.37315201103732
0.079025769705277 0.131762838612882 0.358031799464687 0.352080958219329
0.0738017684656536 0.143507482926631 0.326517743596304 0.336326413066668
0.0344243309024303 0.148333032222959 0.223241892752107 0.311741140929729
-0.0469670337655892 0.117328769087843 0.0906164823199084 0.274574275958544
-0.0709102945899 0.0319782239451597 -0.00687100688128997 0.139217133471603
-0.000341662243478138 0.0365988220061867 0.0491559797803855 0.0613610639708042
-0.0782897265000206 0.0923901271494659 0.214297147395752 -0.0272790380435028
-0.175164322102223 0.0916286472638794 0.587168194365288 -0.0173018973994275
-0.0538928039295891 -0.106772553912359 -0.627753359052423 -0.0107722251330748
-0.138114355123896 -0.0944758291015728 -0.322242141295776 0.100829617856049
-0.136168992063411 0.0400510725432059 -0.111686141023858 0.0042724753625548
-0.0151870750097519 0.122021726996949 0.045474385166268 -0.0588771652759812
0.0427733959814712 0.0799205180322222 -0.0210044394248417 -0.266361282188089
0.0655277369541696 0.0493121009124205 -0.200860580088398 -0.339608750602203
0.0617208949522369 0.0128073182139556 -0.342772237939413 -0.352185366351696
0.0652548883615675 0.0111017995435856 -0.398722283825259 -0.354407658886316
0.0757168552174514 0.01312033510781 -0.391136477634655 -0.360517936398799
0.100412430444379 0.0690233670671302 -0.292765880582983 -0.35213296352978
0.0756871375563481 0.14887098153164 -0.141641336466448 -0.301131459171309
-0.0255741574974967 0.202402850452902 -0.0658639217881906 -0.108026869775227
-0.216394037713465 0.102361407271706 -0.217864809880947 -0.0370375958576982
-0.205428657847223 -0.0996300978744221 -0.441587834946985 -0.116303711016346
-0.0865468581148369 -0.129662609291614 -0.594832969960903 -0.338410472100063
-0.230737657455186 -0.168761199036473 -0.601153886479441 -0.0068310586046279
-0.320940556092682 -0.108559551635676 -0.327285726096426 0.0519114348972794
-0.28340028006541 0.0763947975145162 -0.170627560726606 0.00235779228769888
-0.117832735104423 0.247868014934002 0.0266857601476022 -0.0146544225978008
0.0230756125092584 0.262897838668209 -0.0033200473277541 -0.217710807822938
0.132630116792294 0.225911597638446 -0.149953094845952 -0.304534522965054
0.186310500788609 0.154450793759323 -0.280681520083557 -0.33412559340952
0.214920038073372 0.152403197761028 -0.333321920880122 -0.321190485451781
0.217897424058642 0.15534257349473 -0.336063257334876 -0.307311438317628
0.226628195808762 0.252749368254636 -0.266404073591838 -0.278524422939494
0.127953788828815 0.378136499906007 -0.13910573279085 -0.228567717308869
-0.0608600898281242 0.435835216682836 -0.0713548181229791 -0.0399799157395484
-0.393325620506787 0.305279331066427 -0.224786711768717 0.0328718733144586
-0.50507461094606 -0.0183280785932922 -0.413691032930523 -0.0678590981031208
-0.371743416941321 -0.150814559856556 -0.510813939119136 -0.29399237172734
-0.386637024138271 -0.225624764875887 -0.500054203496008 0.0397856125942097
-0.496228170977682 -0.118302650037464 -0.272945202149139 0.0184696353304536
-0.4302869668541 0.10919379994084 -0.205793175214162 -0.0138782585833256
-0.232013325204428 0.359766164813097 -0.0134491273752914 0.0168687147284875
-0.015296528013051 0.434726808106367 -0.00969433123932631 -0.135392565962669
0.176411703933104 0.392667317874671 -0.0928637989679901 -0.213196606694353
0.282704715670451 0.283614281917911 -0.183358877990208 -0.258602761957237
0.331528537584117 0.268582336936675 -0.219144258287735 -0.239142384466441
0.33044459019578 0.264758349705069 -0.225077905828274 -0.214008660110375
0.334697786572473 0.387010993598564 -0.186941285381127 -0.17467758610637
0.193966237004689 0.550588023190933 -0.0992406401327812 -0.132513517606657
-0.0521781820310468 0.616014108517531 -0.0479495277552803 0.0259674092536267
-0.481530014108827 0.488465906252244 -0.181796218220298 0.0943873786986974
-0.706837222158858 0.0935281909468138 -0.319105747164756 -0.027269917384981
-0.592594631017463 -0.126054758777548 -0.335142816711655 -0.241458587865504
-0.501277256991735 -0.250927103896886 -0.323342438312636 0.123382544002586
-0.635296433230825 -0.100010366449142 -0.150426407067432 0.0162355889588901
-0.549809575296481 0.162142922016824 -0.194823493045175 -0.0248886232250732
-0.316334893525717 0.458264532511325 -0.0566610433482023 0.0460772273365238
-0.0437008237092939 0.564824445195172 -0.0287821665482401 -0.0185735659858428
0.200625496088079 0.510536833499627 -0.0291895519949544 -0.0687734938403789
0.338337833007042 0.372684877719534 -0.0606184374389655 -0.134732336538658
0.393237201293085 0.34375072656507 -0.0728076042475105 -0.120464370129064
0.388522401514259 0.332467344617631 -0.0761518296996152 -0.0981706739576376
0.392825672739475 0.459189803137826 -0.0653476517864636 -0.0599054490865345
0.232706398318651 0.634683163739166 -0.0267850320360048 -0.0263918542316943
-0.0317450650749158 0.698380146695668 -0.0074868094115039 0.0796328169032522
-0.486505929878879 0.586573333438091 -0.106677329843302 0.123159301649104
-0.781957665551678 0.186037564685967 -0.177676564671325 -0.0140212686593036
-0.702081155806759 -0.0772591414196638 -0.104187579324714 -0.196293338668926
-0.549756156897748 -0.231033344368661 -0.0913602971998581 0.226830350096221
-0.694534468759546 -0.0484648540396251 0.0253378679678055 0.0367089949935287
-0.58540380329123 0.217885280567793 -0.13537391225118 -0.0179184450724862
-0.33625258455701 0.50022126538927 -0.0840037053579146 0.0839748685023446
-0.0513431375167892 0.607340874711407 -0.0403338850548854 0.121794012986824
0.202886562044628 0.547007948985978 0.044431216510656 0.102381971262825
0.345630376634199 0.397198770488595 0.0733919306646657 0.0190400420131551
0.396436455527385 0.364819258515315 0.0820905142884401 0.0174632452323013
0.385769092136357 0.353274056278528 0.0817622149320466 0.0260451056513092
0.376435845983532 0.469794187663201 0.0679215664442938 0.0525570123776871
0.211525065389728 0.619318231297983 0.0554196832935432 0.0751629558370581
-0.037757157812842 0.64918978077194 0.0319813185814433 0.11923573840136
-0.424432391189663 0.549828213208887 -0.0303618608196274 0.123357266187351
-0.719171397344198 0.212614545967713 -0.030011755740272 -0.025631670743415
-0.692868289349304 -0.0251173281657759 0.140299960308067 -0.159979669967919
-0.508251925086969 -0.158970796242309 0.161319593472179 0.319443977996012
-0.616843935625376 0.0240739642592808 0.213329205692495 0.0632230765103419
-0.485594644504505 0.239853984225444 -0.0413113160730222 0.0046440133525306
-0.269539310949985 0.438732292732486 -0.0832689693135309 0.122229004452455
-0.0379527224182542 0.525282183995266 -0.0296415206524213 0.250163660065155
0.178121709737935 0.476960868452489 0.123236567258463 0.258013588362564
0.302062769214874 0.355623505457312 0.201275114031329 0.169877056247595
0.338420916237455 0.330667075768849 0.22374000880876 0.15164508492747
0.322867375404412 0.325346694327879 0.218957943880244 0.144123909368625
0.292831732311917 0.415105412017753 0.176802477318482 0.153498360883281
0.131096402900271 0.509735779683054 0.114717275632422 0.163559745872118
-0.0728668965223774 0.482530332157797 0.048084257625158 0.145056127737288
-0.317666855819845 0.394126274511761 0.0232132854705902 0.108147868779377
-0.552400681999322 0.179165066582052 0.0907207160983103 -0.044764410814736
-0.575366728115867 0.018477627305438 0.352432580188374 -0.12807551276666
-0.372518837001358 -0.0578406758273616 0.390521029555523 0.373345143408767
-0.40780159160319 0.0850070487596959 0.37067441425571 0.0775754355157215
-0.273743761910636 0.195602026645663 0.0689544414876924 0.0260245192100157
-0.152099237119933 0.271959808189082 -0.0517031942968624 0.136383786005704
-0.023303986123346 0.338895230850262 0.00227878476097877 0.326063625890888
0.116574319660356 0.318843021389582 0.19425323382239 0.361003785510825
0.2076472861714 0.253607819433817 0.305195208697795 0.287437230924178
0.230400023288452 0.247693116526234 0.331293614394378 0.26255170814348
0.215736127042373 0.253049248172135 0.312778450430723 0.244651138405684
0.170617075875024 0.304367953033398 0.238033220466321 0.237435508998461
0.0314565710716752 0.331375623425793 0.131601328138076 0.230596952324352
-0.0976884142177571 0.257750890100183 0.0338338671430988 0.153635169788453
-0.170100431480226 0.194977728061045 0.0482609607129858 0.0868648315676592
-0.319912671618727 0.125336508727714 0.170703612742493 -0.0513701993528736
-0.387591156809906 0.0606169890872424 0.506163672512778 -0.0936880816098529
-0.16319791180445 0.0423324547266425 0.548243682393127 0.376082543938816
-0.119080252333234 0.0967734999379523 0.474990706111877 0.0708117582063695
-0.0276132503912576 0.0809851028309422 0.175375830707293 0.0196689581442422
-0.0425418677878745 0.0457894067310894 -0.00989664170207843 0.109261328060814
-0.0291589373952119 0.102381378995377 0.0359063209796898 0.33310815389641
0.0234254743413162 0.12000586872796 0.238279835786246 0.394655361317527
0.0732584217081103 0.118102628369804 0.365520508687034 0.354786384452147
0.0901558445773828 0.128467638027445 0.388481390633262 0.334245321031111
0.0857516912543343 0.140091671122414 0.353934426854341 0.31749898336695
0.0460126439222024 0.147338025115335 0.248814737464534 0.299506734369755
-0.0401921212210265 0.122961195267647 0.113097763285114 0.270115255144155
-0.0718882191871498 0.0371356646049992 0.00394234097855477 0.141745901489932
0.00275835857447743 0.0338164938125343 0.0588517348483584 0.0606068433830134
-0.0720720034647192 0.099763184161563 0.217657263677489 -0.0422103444395047
-0.170155729911255 0.107459305334711 0.587276028243614 -0.0593420240042767
-0.0599807621330559 -0.102771729292637 -0.616900235005271 0.0322444551175747
-0.144894606658288 -0.0838502742941879 -0.307668413008952 0.121762525844486
-0.133898837225115 0.0484584214977744 -0.113288366045815 0.0131604552634595
-0.00615167124494132 0.121064776545958 0.0398801437065249 -0.0618222170718745
0.0474132444729972 0.0753226180064612 -0.041772787357603 -0.261185192691178
0.0679961110005318 0.0412020217058596 -0.221118066343725 -0.318955099857399
0.061170764976015 0.00672561559753848 -0.360704919778199 -0.321963896524204
0.0633030292943384 0.00647750492706013 -0.419444117033432 -0.323546792762241
0.0740026739250337 0.00786887949998903 -0.411834830069598 -0.329273251844626
0.104030422734412 0.0606584969734339 -0.312276032667505 -0.325865064514079
0.0871895368404383 0.140180584816248 -0.160719103568271 -0.286439717302762
-0.0092316842236162 0.200993182029621 -0.0713555033822975 -0.101590424714933
-0.207042131979351 0.118092614557725 -0.221123593963512 -0.0222036955889859
-0.211578045387369 -0.0846755125758124 -0.4451812444329 -0.0825995136101729
-0.0924248789167787 -0.126093518266605 -0.606454586185093 -0.295316461785518
-0.239330613811501 -0.1550259659049 -0.591812357483022 0.0349137284216621
-0.325845172863048 -0.0854181636241231 -0.315368889083782 0.0715341888116934
-0.27785060757806 0.0932380932933346 -0.173041055221606 0.0154492964349557
-0.099212879774056 0.25173396590211 0.0242633143413788 -0.0180240820944001
0.0415386922823522 0.25685298907906 -0.0194706073751547 -0.2127712543583
0.147891103034098 0.211815532847977 -0.168752792993176 -0.288129580831812
0.193802210944216 0.138646572130411 -0.30133779708677 -0.307622307588981
0.221193790626761 0.135012628683404 -0.353575666736212 -0.295497384461438
0.223698989615385 0.139060720908428 -0.353730441794838 -0.280792411510919
0.240728048614607 0.233470164152362 -0.27975542943693 -0.256195012605134
0.155939005413267 0.363775929404616 -0.152866987756434 -0.214622275013107
-0.0280213861948227 0.43443512585244 -0.0703699962289042 -0.03363951646893
-0.367756811154581 0.329364665793858 -0.2213559087076 0.0476165753925762
-0.502550268951125 0.0165307439401354 -0.413244856348898 -0.0379714606711853
-0.375074945672639 -0.129536187899695 -0.521720953368972 -0.25581349896148
-0.399129222818279 -0.202154074528713 -0.488441531116178 0.0729827745544318
-0.498863823782233 -0.0836330643791632 -0.264313086237829 0.0339866317432523
-0.421328279074326 0.135127991166865 -0.209589039391044 0.00354596295418963
-0.204497867115156 0.369507129578559 -0.013111343304618 0.0155190021421427
0.0162875761751087 0.428578856221809 -0.0208719841886005 -0.130098881016616
0.202661405431069 0.37332181290871 -0.1053233954195 -0.202041279074241
0.29738180892485 0.260466054477204 -0.201949185631976 -0.241298414525572
0.34459263860821 0.242499443771891 -0.234033094053564 -0.223147555846855
0.342085068003244 0.239811505260519 -0.236219404947995 -0.197040194711038
0.358052916381768 0.357949812374905 -0.193317556896453 -0.159235470970637
0.232891098088949 0.529220770010868 -0.106550893325289 -0.12295449786251
-0.00740977048449178 0.612085107949367 -0.0417864227032647 0.0304637597915747
-0.440756610254238 0.516641443763602 -0.172667236387636 0.105003317827243
-0.696196402091298 0.142701413214368 -0.314885905237355 -0.00385282214107249
-0.588903523584119 -0.0914100352869874 -0.348603402140387 -0.215500325401726
-0.514562232265429 -0.218180956333029 -0.308085494717856 0.143372041225527
-0.6364880207801 -0.0547155507745885 -0.144327403390094 0.0213762022140005
-0.535856117948041 0.193591883591212 -0.198868312645065 -0.00779431380667722
-0.283934978296056 0.471481485531082 -0.0530870951693309 0.0474618449247971
-0.0031764202645755 0.560446223581337 -0.0313250434078184 -0.0122188815795167
0.235645670610514 0.489674507135992 -0.031545807705945 -0.0646706462880129
0.357931014320156 0.344558711586082 -0.0738628151237154 -0.12781648385141
0.412229394551981 0.311612108545767 -0.0806969227200743 -0.114960603243934
0.405865004091109 0.303510925441954 -0.0810812945372225 -0.0920385781386499
0.420905153092834 0.426010504200446 -0.0649739998685056 -0.0545496846113036
0.276144356115262 0.611014446688523 -0.0273376302068657 -0.0231304566291989
0.0161575640758432 0.690577059690074 0.00258568276368806 0.0812187046319725
-0.440538483299626 0.611463999517846 -0.0945386082156302 0.129009541978472
-0.762086929449468 0.240475707176837 -0.173649510885694 -0.000628790391688164
-0.694289697508944 -0.0344861032940079 -0.118804150414428 -0.186320260549403
-0.561144214790583 -0.195080139502674 -0.0719239721282689 0.23038992782555
-0.690689136300539 0.00148455526310796 0.0287916598799683 0.0293566875328045
-0.565003250310831 0.252087329865165 -0.139906787123202 -0.00526561170499445
-0.298089572536227 0.517063286733937 -0.0773702470356569 0.0860889671460307
-0.00792204568612457 0.603865861308392 -0.0324385602146049 0.127769939009234
0.241045510796081 0.526966061866349 0.0526799382044763 0.098830425063797
0.368628298804843 0.37162153231072 0.0676799424185734 0.0142535164714126
0.416579513366115 0.333595687635097 0.0817555269105158 0.010913987025753
0.404641984097964 0.322650814321309 0.0838832251641194 0.018993512061735
0.406618146363267 0.437590399444338 0.0745421208626542 0.0464766417867209
0.254713308850002 0.597785499349139 0.0613450005229444 0.0713934689396074
0.00645231799733328 0.64094047280897 0.043860613687902 0.117945357355354
-0.38218249069432 0.572734530374816 -0.0175738879708811 0.12333328975511
-0.697732823676261 0.263268953113763 -0.0275977818532746 -0.0234043905747901
-0.680435910321352 0.0160269707942559 0.122876737566662 -0.166424418665782
-0.515007752057805 -0.126909090441395 0.183322426338016 0.304729744196629
-0.610061858117875 0.068905638284173 0.21560146102056 0.043044350759294
-0.464633568816516 0.266473338292305 -0.0432675825357926 0.0113574729923501
-0.236500869372235 0.451470170432894 -0.073335305164324 0.124585774940053
0.00105127970886362 0.523417114641765 -0.0118781261898201 0.253995522930191
0.211553918060185 0.459898600894598 0.141376652462039 0.247706146874122
0.322900305121276 0.332519463619716 0.204123939282878 0.155200340592003
0.357358657234859 0.303250878177115 0.231465034376166 0.13474865091328
0.340573792233447 0.300154202885589 0.227652229524507 0.126386009620261
0.32050122319147 0.388779498154936 0.188308965460568 0.137421807159183
0.166756609977238 0.495516736683078 0.125583284218714 0.1529351989729
-0.039311638276986 0.479999593259707 0.0608107491994137 0.141946661066407
-0.285818115875845 0.407447920089411 0.0352076063396061 0.105413003672368
-0.532814223036013 0.2157847925739 0.0897821156048849 -0.0500191607447125
-0.562376086687778 0.0534245204523356 0.332537618539247 -0.148162319321727
-0.373352336855904 -0.0343767167955369 0.410562191133594 0.343092100922886
-0.395934910591716 0.113833164480693 0.370598238236214 0.04750216066873
-0.257475214135722 0.209042695290224 0.0693391532109062 0.0237537842568443
-0.132030375002979 0.277984989135851 -0.041243664781917 0.138509656507645
0.00144222382334144 0.336932310926894 0.0252645206853185 0.32519127803867
0.139192318836577 0.30907690084467 0.217045690261334 0.34383403425203
0.222096000182517 0.238426038259682 0.314952696228847 0.264244106923611
0.245953246422113 0.229194506053418 0.346336607588141 0.237097803048227
0.231007765057839 0.235618149889441 0.326948270337829 0.219468577823838
0.191068440802164 0.288107580999798 0.252985293287597 0.216034564120342
0.0542638677942798 0.326100784804377 0.147337553940113 0.217084787960305
-0.0799383275634006 0.259657159865085 0.0462328448863557 0.150479194525136
-0.15401480205609 0.200741102636167 0.059208847969831 0.0828636274844661
-0.306045556226007 0.147609038868974 0.1670406061635 -0.0625907682625089
-0.376713252686251 0.0850565558489821 0.484571141463172 -0.127442368828659
-0.15970764214926 0.051753618425799 0.567171550668068 0.336460973925648
-0.110529776908079 0.105537943043267 0.471866552235605 0.0361615619325642
-0.0208817155691281 0.0793042518082095 0.175614495609473 0.00766956325288163
-0.0396616460057933 0.0479849991287914 -0.00188528687527608 0.109608133150134
-0.0204486533619586 0.104237994490438 0.0593433483113438 0.328676856985454
0.032519021011283 0.118781042353774 0.261999433414701 0.375129717067879
0.0809933279294897 0.113087741702905 0.382458430617227 0.326015552160018
0.0989377313865634 0.121318167542621 0.408705000809412 0.30478946074902
0.0949155623359484 0.131418383441772 0.371353917207198 0.290020022611024
0.0559428237843331 0.141607521146345 0.267266053296205 0.275146297941612
-0.0317960255406393 0.124600763316399 0.131913215709733 0.256415647499349
-0.0704065741488254 0.0413020986740579 0.0159641976866836 0.139823310406291
0.0058345033455556 0.029645483576231 0.0676126585327952 0.0559677163101308
-0.0623948985420154 0.10468702393685 0.212946552653767 -0.0567950168282154
-0.158863398118226 0.119731281152185 0.568463245242415 -0.0996291359495125
-0.0628787363329658 -0.0980234527532473 -0.594312165487027 0.0614641729658929
-0.147008998936242 -0.0748667220569566 -0.288013515133708 0.132035552553022
-0.129714252907628 0.0536387490482585 -0.112631009289812 0.0201435146482952
0.000851338003497738 0.117673898070291 0.0337698866356651 -0.0624254100692732
0.0495915655029584 0.0696508774233899 -0.0564502997081885 -0.249373841434322
0.0678803011341353 0.0340424205951609 -0.230642688126055 -0.297092371933009
0.0582659829170617 0.0021484506538686 -0.365075582258107 -0.292128690921992
0.0601589762214826 0.00319657576457089 -0.425131639704074 -0.293709027768166
0.0701523967303512 0.00454915015576194 -0.417104612886157 -0.298839884879673
0.103491533985278 0.0530364824498708 -0.318071416777957 -0.299260432327846
0.0934490876968708 0.130010639523249 -0.170278367760104 -0.268785798558706
0.00315014588135048 0.195759134758167 -0.0722144344424711 -0.094691923442382
-0.195099392772604 0.127022711870406 -0.217750890554118 -0.010069164963416
-0.210630194650078 -0.0723277663705917 -0.436677304166293 -0.0559841245437373
-0.095292661858369 -0.121397175572041 -0.597414007903442 -0.25807160318644
-0.240833882859315 -0.141113627151975 -0.569306361829764 0.0622661118003426
-0.322298434880068 -0.066308227764525 -0.298403280114917 0.0824164702999506
-0.26850449133266 0.104025380672491 -0.170621448099061 0.0268433018419277
-0.0830573478096607 0.248576135415238 0.0213326848370911 -0.0200247659698067
0.0532789111626454 0.246669741372381 -0.0322733205064292 -0.202467634540886
0.154718951614468 0.195262394218246 -0.177744345407951 -0.26935313569485
0.193484541527597 0.124220438493933 -0.308276415609345 -0.281832531091423
0.220242202861778 0.119614346564667 -0.358894745789833 -0.270702921029526
0.221681141039314 0.124955687843729 -0.357052460327693 -0.255512290383912
0.245994381550327 0.213638147818336 -0.282004072992182 -0.233086907129141
0.171997173195122 0.344163189303331 -0.15807506024577 -0.199285760304136
-0.00285771309227793 0.422042360014292 -0.0667294419853841 -0.027941321864595
-0.340729178011949 0.340194387029353 -0.213507633927756 0.0574989005977216
-0.488704917447629 0.0420876632078403 -0.402063607786091 -0.0137158706537744
-0.367761488659779 -0.113419755086707 -0.516077920549546 -0.222103568850294
-0.398681414804746 -0.178939766408552 -0.468288316248021 0.0943413972018508
-0.488957593712635 -0.0542793559928449 -0.25221662943893 0.0420446504415967
-0.405679432260429 0.149136959329096 -0.20736358538392 0.0171821769048785
-0.179979118564809 0.366310831304858 -0.0128961393291846 0.0140842602993847
0.0376749744733411 0.415284897750769 -0.028321721666182 -0.120810029083875
0.21790245658802 0.350024923996905 -0.111453580786581 -0.189526656125692
0.300283052061693 0.237252528113275 -0.211244684447792 -0.222021515888292
0.3460980575995 0.216781725636503 -0.239527381271247 -0.20622428666357
0.342993917359336 0.218131808659345 -0.238744979584486 -0.179756876038753
0.36586862560161 0.328824061029535 -0.19251951405448 -0.144403075810395
0.255640826180991 0.501360261553265 -0.108502848377381 -0.1123795244001
0.0252727229775702 0.592058370884508 -0.0344553834957263 0.0329493115896658
-0.404973586469506 0.523814949803357 -0.161395142653188 0.11082696705635
-0.669162878795688 0.176308508003522 -0.303023476210971 0.0127511200889956
-0.572864125865692 -0.0670944004640015 -0.348077034109754 -0.19123823689468
-0.512668464309273 -0.190773636209895 -0.289516855807392 0.153121767230135
-0.620954100422803 -0.0194625202067949 -0.137072312880224 0.0227180281995601
-0.514955230674656 0.212359022607944 -0.197667242322528 0.00665021185208455
-0.250825774757587 0.470739750651282 -0.0504678345903013 0.0459676670315484
0.0249371806701117 0.543516974232954 -0.0325883168034019 -0.00508861968157165
0.256742551203506 0.462342341161667 -0.0322712060287577 -0.0600483156293692
0.364089635784326 0.317505438079431 -0.0821666548765524 -0.118392281039091
0.416264453535468 0.28168352069475 -0.0853852979016188 -0.10957835032568
0.407347564632406 0.275806372677712 -0.0822721272944292 -0.0869899190827265
0.430912226757342 0.392618299020175 -0.0619564354253341 -0.0503924245824813
0.302174732097995 0.579813582328424 -0.0264796039141333 -0.0202443568196648
0.0513662028802265 0.668681664717171 0.0121372093481318 0.0799948831208061
-0.397056630910129 0.617191951480237 -0.0831757833292817 0.129189204999153
-0.727435388890735 0.274690003075597 -0.164433167733296 0.00905274455662877
-0.673296478234711 -0.00669594782022588 -0.126272446070008 -0.173614674917587
-0.556452523094307 -0.166392257272547 -0.0568591784553567 0.226067682880039
-0.66993257854777 0.0373868823626778 0.0304254718626989 0.0218486643651262
-0.539052797106324 0.26916759807043 -0.138174174888044 0.00627813889277627
-0.264303761598296 0.514535484644514 -0.0717913971190543 0.0850476869993559
0.0251359549691878 0.587124901955134 -0.0253793045948523 0.131074231599662
0.263987091245422 0.4990285955838 0.0588924769728415 0.0936853300045696
0.376405634339323 0.344106859720495 0.0615281608631108 0.0124981892381429
0.420250169280978 0.303756613913189 0.0795107476917551 0.00548102631544862
0.407627820930493 0.294741021372203 0.0839956844061497 0.0132776129545096
0.418907387086259 0.404037295018125 0.0780521880466582 0.0390550947891119
0.280698663008282 0.56629744775439 0.0649650579407826 0.066667963813261
0.038025409126723 0.62108351180495 0.0539266896790127 0.114083054759254
-0.342313538168421 0.573575622187627 -0.00678560757315244 0.119175168922656
-0.665548901386944 0.294331608725684 -0.0240220062392681 -0.0219011417823535
-0.656779839399766 0.0435780446469451 0.107424749280304 -0.165070056711209
-0.507975403538416 -0.100537410452701 0.194397554668266 0.286271354059085
-0.587762947280637 0.0997177232036967 0.210158691970542 0.0267630146623431
-0.440897624628662 0.278002825304347 -0.0431216200464605 0.0166977376682265
-0.20893872457407 0.448831711595077 -0.0655854358962682 0.122965292842465
0.0277159482086257 0.506594669977969 0.00175806956220788 0.251651298961075
0.23149383624541 0.435691798494291 0.152006355106737 0.233297620510557
0.329990079128423 0.309485514564469 0.201180370118434 0.142039824074577
0.363967347307363 0.276654819330127 0.231532011208541 0.118795667315983
0.34547046600304 0.275875411141663 0.228900169910772 0.109809702536635
0.332077968026858 0.360365515617942 0.19241049407601 0.121615648778895
0.190235533267338 0.47267144987543 0.131687963091127 0.142230328391685
-0.0160877316286818 0.468209328263101 0.0705716383485924 0.13577675408275
-0.257752898545476 0.409646299505462 0.0448764570910539 0.0989572924065289
-0.505094668351698 0.238672896608394 0.0869965636557194 -0.0530473959681725
-0.539830015439949 0.0763624672445615 0.309950010756321 -0.158368983698378
-0.365713070609438 -0.0168323996254227 0.415007538411514 0.313651909975554
-0.377497506504829 0.132624099321331 0.359371189485611 0.0249476907057111
-0.240350438288401 0.213428669405474 0.0684309347027173 0.0219969457424001
-0.115401494972416 0.274785216411481 -0.0326485553874323 0.13492611148935
0.0196657292430046 0.327190480900029 0.0423792656884906 0.317906986675603
0.153308222036303 0.293982426404168 0.228797293716945 0.323458447193115
0.228674862822233 0.22220101929607 0.315071236577068 0.242457494534366
0.251793344684047 0.210389928731267 0.348651872909906 0.213646159020252
0.236101268765802 0.216782680822906 0.328984799568328 0.196175358123895
0.201623018243421 0.269317524238997 0.257463551193338 0.194482992732547
0.0707005881556902 0.313787521052908 0.155118003842806 0.201934871519228
-0.0666576070689083 0.255967004347828 0.0558812974091244 0.144721936721393
-0.139781937427085 0.200049896649743 0.0669848061329851 0.0758026015643382
-0.28814410217805 0.16031303753959 0.160104083255864 -0.0699788034467035
-0.357167139261536 0.0996957633442763 0.457941139272078 -0.146133909743061
-0.153496162933548 0.0582061218038418 0.565393875626324 0.303394630469758
-0.10031441726109 0.10990251853074 0.455719491138745 0.0102533751237571
-0.0159749050446143 0.076351922399582 0.171503005887668 -0.00117980053579106
-0.0377182642544496 0.0476043338602057 0.00476359077714631 0.106124681104311
-0.0140933472387914 0.102385148190406 0.0760684055953417 0.317900843373293
0.0393869960340202 0.115370535310441 0.272992309742006 0.351001003802024
0.0854044189515281 0.107276042547816 0.383702156617435 0.297085942378288
0.103786745864216 0.112502202302936 0.414190074845212 0.276676688501297
0.0999103976881878 0.12180582525032 0.376183431387078 0.261530331033954
0.0620995361830594 0.133729308521667 0.273694832759847 0.250592964188067
-0.024376630349012 0.123692343311619 0.142539614422775 0.239471187782087
-0.0680384902973712 0.0435311633663464 0.0245221677257913 0.13555596715103
0.00717665855091804 0.0255008627205955 0.0736072367272249 0.0499315302077782
-0.054130084625296 0.105884622858655 0.204096676840852 -0.066636468623327
-0.146018396764097 0.126322142729769 0.540558400396872 -0.121627396277507
-0.0143034048016406 -0.117411111061933 -0.563889944681393 -0.168881965396428
-0.0988491359181096 -0.127726399727318 -0.311326760681458 0.0121831805546582
-0.140237826950637 -0.00473618352455598 -0.110141021844113 -0.0179834398889467
-0.046607940075149 0.10325254451217 0.0606367838529682 -0.0415899881577682
0.0151363078454782 0.083828530266312 0.0491570024743374 -0.245732064167538
0.046730579176373 0.0553183652983854 -0.0874227160082419 -0.353704568230602
0.0500361474386779 0.0232340227781273 -0.210799123351186 -0.404907754859881
0.0503161997164632 0.0255397655970072 -0.264164626999702 -0.428243329321274
0.0556496154995243 0.0312550601391244 -0.254962656459756 -0.42709659687707
0.0697101286158358 0.08680136743416 -0.167244324875675 -0.389889284950537
0.0340888721789564 0.15097524521149 -0.0449182359287651 -0.301841373952432
-0.0693194429126216 0.177218694700427 -0.0276692741549807 -0.110485555030468
-0.228318328419816 0.0490433879508971 -0.195169262233159 -0.0969486563321824
-0.171220703596893 -0.137630979946578 -0.370204118811947 -0.222826277044811
-0.0526700423788641 -0.149657634644565 -0.422722564745758 -0.469118583179161
-0.157631945985969 -0.235621832461899 -0.542026838929962 -0.138446221292422
-0.25583429220645 -0.193516076833373 -0.30170551306098 -0.0282388716596743
-0.284258179269831 -0.0181697430114571 -0.164070325460975 -0.0243208070245215
-0.174611950257097 0.181233445207826 0.0390918196959242 -0.00086473111281041
-0.0530262558305036 0.240149756589726 0.0608324390360913 -0.190819215281691
0.0600212148841528 0.232558306430216 -0.0420593055863432 -0.308404263533813
0.120794815661598 0.183653600627074 -0.161131357896074 -0.372693161555374
0.14917576042998 0.192623020507934 -0.215489509974469 -0.38471160603669
0.146222068031385 0.198214752443751 -0.220983558795926 -0.362288468808265
0.137696148541849 0.283345200348832 -0.160821143450128 -0.313837169486793
0.0262315386095376 0.37186180445316 -0.0616941906222176 -0.233211187834455
-0.160395628034346 0.377347134677581 -0.0513514091899588 -0.0457722013749051
-0.439347302794419 0.190708837806883 -0.221794433820014 -0.0364318386600105
-0.462973950254519 -0.130431133554185 -0.362305625468029 -0.186460390251117
-0.302229020608933 -0.239259908354924 -0.360086080016665 -0.418031681815145
-0.284878523032341 -0.340654288687403 -0.464231532701518 -0.0541383556091011
-0.406058909145028 -0.252433739477693 -0.244712436721372 -0.0381779002612282
-0.42544778588231 -0.035541667597024 -0.191304216597164 -0.0369339906074426
-0.308580354011759 0.244874572581256 -0.000388051698023356 0.0230369550572178
-0.134880284571697 0.382277434490337 0.04065228866612 -0.112547663242032
0.0546952828415224 0.395722553327697 -0.00721442965042131 -0.209210390644785
0.169959417788817 0.327140360830696 -0.0964924560138702 -0.279736299897545
0.224419944262463 0.328000106107938 -0.134331227460395 -0.280383150365649
0.219697735769237 0.328247679898273 -0.144385953533276 -0.248474748802229
0.203150209008153 0.430914398223569 -0.115702334149217 -0.196904058840749
0.0439477851892891 0.545635537132791 -0.0509484838153092 -0.135593665933895
-0.200587950905376 0.542091878317234 -0.0481688300814912 0.0229998098645516
-0.562909832653499 0.337355040700385 -0.198738683102562 0.0315654266427447
-0.671430384604523 -0.0741696734436824 -0.291762191771714 -0.132225616120017
-0.503620815204963 -0.26921461117085 -0.222575812463303 -0.334071358071983
-0.383261332978399 -0.401691130885423 -0.327797492803122 0.082176666243433
-0.537749595615815 -0.27462160885097 -0.133657036384747 -0.0036987360939626
-0.54787449800004 -0.0242294957550239 -0.174101445608049 -0.0351840080530924
-0.414545508686186 0.305634709679557 -0.0419789725720954 0.0429505662073007
-0.196774806492221 0.490339354907773 -0.00131287540821966 -0.00760842841837908
0.0441298964647234 0.508651744216123 0.0177734617823913 -0.0610056346392356
0.195046953364167 0.424236536322313 -0.0213378896771374 -0.136258573910487
0.262450579448214 0.413915610305639 -0.0348861519680593 -0.133944225836575
0.257994918712895 0.404104586820496 -0.0414807226506342 -0.103128622657256
0.23919622816491 0.512332137235313 -0.0364004209156493 -0.0604089337468346
0.0598123250257118 0.634281552613079 -0.0141679632803816 -0.0215163058928316
-0.202828570345248 0.618849170392571 -0.0263150892374324 0.0846615038435174
-0.587691994482587 0.423787440630263 -0.136244751884423 0.0799672975770342
-0.757396246565847 -0.00618565714229135 -0.170493735878391 -0.084152547181114
-0.611903152405205 -0.251510518132378 -0.0347960518484328 -0.235418739370115
-0.435782557056665 -0.396013287005883 -0.144251515873107 0.244058458979871
-0.605016054307329 -0.244950223267525 0.0188114252682059 0.0643321857445249
-0.593460350932381 0.0166931634159973 -0.11651039121056 -0.00979674532758928
-0.443836398036252 0.338163574210092 -0.0741538405811804 0.0710849746966741
-0.214610305237971 0.526276330856057 -0.0459743685409868 0.117109641852738
0.0367122933848473 0.544309555815627 0.0395908644190516 0.112387274180481
0.195570827588704 0.453201668981979 0.0556583252457887 0.0376408204514509
0.260844526028327 0.436149329830004 0.0683978026125835 0.0335501878475049
0.252976778642145 0.42279238798968 0.0669706890271057 0.0506201866584849
0.225815467114721 0.516061715814675 0.0533573287812948 0.0744555999499159
0.0449533624442077 0.614814028117308 0.0319300705279407 0.0908130703338409
-0.19869335592367 0.572814684488183 -0.00120484453804097 0.130622977334857
-0.520858027616462 0.40175679021544 -0.0625736558383923 0.101522054416943
-0.705432321092622 0.0317266193815515 -0.0327234986979802 -0.0547825670452804
-0.611068867439536 -0.200559570108664 0.16704481953213 -0.13712879227372
-0.418659084531016 -0.316869155495505 0.0605369961755947 0.391275481875568
-0.557743599940605 -0.156957110219242 0.180023972973539 0.136123514846656
-0.50775886734079 0.0656515118907215 -0.0318299392769774 0.0307701897649464
-0.366839451134505 0.30401050659242 -0.0858300066943417 0.103722603533475
-0.18062733471787 0.456928246377148 -0.0723637172928423 0.23531466510746
0.0322298103042965 0.475844075275218 0.0644132479605616 0.271531896081237
0.169220171488183 0.404917553948921 0.12793691213502 0.209110585828147
0.219529600229281 0.390228821023862 0.159940847681998 0.195212260252125
0.20596612518435 0.379913663154162 0.158983190809594 0.192813944950978
0.165397818418718 0.445358015193485 0.123952272178923 0.191031310406023
-0.000548615284436918 0.494975180608035 0.0619420278490528 0.182153575694346
-0.189697651395393 0.413417139099949 0.00546388391096738 0.155044653077181
-0.382134951523722 0.280496661600844 -0.00361838987625247 0.103425443392768
-0.540496111366209 0.038422844933236 0.0831408530253449 -0.0345919508081322
-0.512802622075071 -0.12475183948411 0.341136610545158 -0.0463661735926076
-0.326553136484828 -0.176454866075933 0.251428211007302 0.487454681281961
-0.386680239788157 -0.0387795529813701 0.316033215827728 0.184340354187148
-0.300798159147786 0.089169614804226 0.0650424880280123 0.0662005696444923
-0.214858801331567 0.191378024143868 -0.068572472517478 0.120417993956166
-0.114857478106348 0.293936451733287 -0.0707254050998281 0.30712345534031
0.018603837590042 0.320225273577026 0.0908455238209935 0.381034550544356
0.11447134472334 0.287738393380525 0.188285162211712 0.34356158102394
0.145935340179457 0.287264427006331 0.228455275330411 0.326617495722334
0.131832681832127 0.285159171356742 0.215155699491589 0.305890006537996
0.0838098720542307 0.313566977680825 0.153123998497165 0.278031938036609
-0.0495239995281385 0.308433912749645 0.0594403206347157 0.241969814488781
-0.155462905196956 0.204756119082451 -0.00910201860063004 0.154131941100917
-0.197712318249021 0.129621726797533 0.0301709882510888 0.0924164320835798
-0.314800566338334 0.0419669032733111 0.159873628142226 -0.0126620884238512
-0.351445714379917 -0.0377481712502453 0.463121761337363 0.0309094037730567
-0.16476586582694 -0.0134845201931103 0.395186551515137 0.514555505478637
-0.13397795428579 0.0560125550867314 0.407860818055381 0.19516916451578
-0.0436356336727623 0.0593574349115666 0.161044884052876 0.0689817310517364
-0.0532827566788909 0.0249467317413116 -0.0348538906734043 0.101138395569815
-0.0539641426481659 0.0818465419353309 -0.0526642473871334 0.318376555132533
-0.0110699675635164 0.117747307078736 0.109083679350913 0.423478133603088
0.0332907273384348 0.129975893989111 0.225208662618489 0.420893015349011
0.0515030786069876 0.142348279749696 0.262366218723733 0.408273065973386
0.0473625078394382 0.146892548438543 0.231756044298044 0.381079608070003
0.00903509821597814 0.140435543142372 0.146658796016557 0.331917488403317
-0.065439030486824 0.102584514400841 0.0329982380588466 0.266173146344462
-0.0780077046138593 0.0139710779566443 -0.0317311997439165 0.13042755459367
-0.000284577412987669 0.0233691801071668 0.0505626170369087 0.0737603167500654
-0.0832929949397507 0.0755221465302607 0.202235659988706 0.0161664989871948
-0.168833787816623 0.062860807159891 0.522326272160088 0.0920580793647348
-0.0161903223523998 -0.116990500347027 -0.557771856641469 -0.154355792520036
-0.103362503221681 -0.124773033716285 -0.303492637276858 0.0183329048812448
-0.142015777590531 -0.000457515945987747 -0.112554877818078 -0.0133206142597774
-0.0426729319109017 0.103455349277446 0.057902822160099 -0.0427903256544179
0.017427228362273 0.0828887944848291 0.0391643042281927 -0.242606328396904
0.0474131025434515 0.0516030136512393 -0.0966284205839775 -0.346875358082048
0.0487632018577553 0.0202065704385258 -0.21683556939734 -0.393771815375285
0.048821464100861 0.023928118956864 -0.27518333057251 -0.419463347056987
0.053541203316464 0.0298823706774995 -0.263169686816434 -0.417179051082979
0.071045118360812 0.0834263607340895 -0.173915775784588 -0.381202023461658
0.039896226105296 0.148137590929125 -0.0514317798917674 -0.296053889697724
-0.0630699464903728 0.177453432694349 -0.0281339985968549 -0.108322669829094
-0.225916333294227 0.0560362155855991 -0.198411149271273 -0.0913685417903204
-0.174289763364877 -0.133692859087506 -0.371898122792626 -0.209524790170041
-0.0553171790242177 -0.15048363772671 -0.426200668870435 -0.456348601776207
-0.161604485640902 -0.231744939974726 -0.536483721376185 -0.125063275772034
-0.25926154761325 -0.18531016909331 -0.295506044703037 -0.0233531639598176
-0.286557700551671 -0.0120543459290486 -0.166831204507712 -0.0172099303392321
-0.167896617272399 0.183771320421127 0.0371799306673451 -0.00335716014473369
-0.0449801802918619 0.23988289152668 0.0529969590141723 -0.187675215188479
0.0661285354458447 0.227221995821595 -0.0508744832930028 -0.302423775640912
0.123307627289276 0.178643305511893 -0.170197062372559 -0.362961211148171
0.151554130080418 0.186949835657686 -0.224790582858234 -0.375733166204146
0.147238759113659 0.193900935026925 -0.22799146346003 -0.354145496594712
0.143125766965315 0.276884590709978 -0.165375596553632 -0.306114889953637
0.038328352215406 0.368676658180051 -0.0658210789702811 -0.227336250882821
-0.148226325744164 0.37783141404967 -0.0485464134330335 -0.0429098150010512
-0.431662860702858 0.202386047994765 -0.221937826270884 -0.0298616670946291
-0.462615378630432 -0.118400914488879 -0.361651167311416 -0.172588200805587
-0.303273243346694 -0.234997325666318 -0.364525830060718 -0.406992055631166
-0.290479013736608 -0.332698446334066 -0.45664334805552 -0.0420001530536804
-0.408804554838291 -0.239890382885333 -0.239411274911791 -0.0366676060048861
-0.427078881605602 -0.0251326374996691 -0.193368993018001 -0.0286118010626038
-0.300152347257678 0.2497666779277 -0.00152724935311083 0.0214683425092056
-0.121682308311171 0.382191214418029 0.0359624755773536 -0.108506835980499
0.0648874709604662 0.38752015640178 -0.01252354859108 -0.205098439446488
0.176168751081235 0.321276216518574 -0.104134491786253 -0.273433392253367
0.230257647449336 0.320171166079612 -0.141559550988693 -0.276558209143159
0.224001976900062 0.32196328954057 -0.148877250709321 -0.243536012430965
0.211913910826392 0.422783029886272 -0.116523011256695 -0.192531045520813
0.0617938776193699 0.540368234628461 -0.0539031423163564 -0.131154419969936
-0.183955049916403 0.541849388664564 -0.0427527380483716 0.0259628889933032
-0.549977581157732 0.349550263654362 -0.195175653092368 0.036461759176599
-0.669919847635002 -0.0562818541832615 -0.290177998345669 -0.121386989466277
-0.503670360468278 -0.261868184836959 -0.227730696008594 -0.325514215030712
-0.39095552170191 -0.390582068862728 -0.319197654352383 0.0885500157196109
-0.540030012136367 -0.258966609604341 -0.129659663667561 -0.00533177391113848
-0.548417541897354 -0.0132727273081096 -0.176550803456061 -0.0267822123327802
-0.403901459317745 0.312263950758705 -0.0417215024355572 0.0405977224121854
-0.181617007903043 0.492245696413556 -0.00285852687000182 -0.00260847234938461
0.0591714948828361 0.50262826546953 0.0174468484972257 -0.0603435905080525
0.203649493362659 0.417882448491821 -0.0277469488728626 -0.132508337522209
0.270243112616873 0.403887476875018 -0.0385547366006985 -0.133358561450895
0.264105277957909 0.397564535785929 -0.0430529964354419 -0.102994876084103
0.24976631044526 0.502562430837081 -0.0338460602468273 -0.0599295254893288
0.0788587314313054 0.627758470913713 -0.0133735833023522 -0.0188565502810464
-0.185661094941568 0.618691980697776 -0.0185122615600862 0.0865376989636186
-0.572741120945629 0.433933868120563 -0.129782047778057 0.0820417270847343
-0.753257977092118 0.0147546487365623 -0.167862062591423 -0.0790590281768883
-0.609190304618835 -0.240556607569577 -0.0407028979902311 -0.232300060785366
-0.44410985307829 -0.384779305776351 -0.135583153599435 0.245101827060701
-0.60507230619619 -0.224328758121489 0.0217618916614362 0.0587846468132578
-0.592533557660808 0.0290482900151574 -0.116801810501155 -0.00316627345050775
-0.433384282660373 0.345519583007271 -0.072681394664046 0.0693129474473595
-0.19885474012383 0.527903866588284 -0.0437002838184937 0.122743315832844
0.0530016478863036 0.538455888623231 0.0445100704826871 0.109937783931178
0.206671622393993 0.447526480981478 0.052257544178903 0.0378949929161785
0.268890771458587 0.425190905621305 0.0680797241380144 0.0305420261381582
0.260434743163197 0.415656823931558 0.0694553655860568 0.0457741966442543
0.237278267104701 0.505604454674985 0.0582785701961701 0.070836495568513
0.0646041259384821 0.608584442867207 0.0361723179865173 0.0905513871985215
-0.183133894203978 0.571619483747349 0.00671774758143878 0.131347312451849
-0.505672628827501 0.411103961709572 -0.0545783613271894 0.10155883268894
-0.698443207459385 0.0500127979712213 -0.0310982614225085 -0.0531589146189184
-0.606581965404105 -0.186998207454238 0.15912730815993 -0.138391385011788
-0.424610061716234 -0.304085412629912 0.0692766912520194 0.386728430871131
-0.554323142387909 -0.137965072646582 0.181553752156578 0.12660194104732
-0.503639505594344 0.075433793682703 -0.0312017572250176 0.0345112673663136
-0.358794220072043 0.309978363225192 -0.0829760685683476 0.102561769512208
-0.166773223045641 0.45865384591552 -0.0659596554016102 0.238385897544311
0.0461141132532832 0.471398388825831 0.0724304971280838 0.267654306252028
0.179879265094642 0.3992467128167 0.128096155465358 0.205130979982617
0.228408000441314 0.382320977579526 0.163751450355621 0.189390794608721
0.214446190279719 0.374197024222286 0.163625983507009 0.184695569759272
0.176718989059193 0.436882995048261 0.130404625494259 0.183661666750567
0.0148245480224585 0.490776636417931 0.068355591342041 0.179447360331489
-0.178783007087703 0.414967190563022 0.0139840618375877 0.155240152596514
-0.371995339849282 0.285375225980025 0.0040846730759236 0.101822752459872
-0.534271931435643 0.0532317736559638 0.0837977984825861 -0.0366967353243164
-0.505060303595139 -0.115030117912272 0.331423727795573 -0.0517630838690646
-0.329320722393468 -0.166598045553681 0.259532703276692 0.47891249375633
-0.383764307629065 -0.026781040855563 0.314837415456196 0.172790729437957
-0.296881130186134 0.0938819277032002 0.0663296691787584 0.0654260837473355
-0.209682173971942 0.193689921455423 -0.0651786894789507 0.118943601260038
-0.105704180498214 0.29500227926721 -0.0616334919751494 0.308275305824599
0.0287870084996847 0.317553705792648 0.10166728959157 0.375111816140299
0.121725668172974 0.285063745190642 0.191590528958184 0.337212107988588
0.152012699016783 0.281662384049245 0.234861520549263 0.31940920562908
0.138662829713766 0.280937613142975 0.222820248979673 0.296896056127739
0.0925753503761867 0.308342438362845 0.161289350746237 0.2696422075383
-0.0407198942302308 0.307266377717262 0.0674625787338197 0.237629430855787
-0.150381124017188 0.20732036422596 -0.00240595888041287 0.154161654602311
-0.191692482002297 0.131841933345569 0.0375662994249789 0.0893154258621753
-0.308673173771309 0.0519461424884687 0.158439476257233 -0.0175006901638651
-0.345772870560375 -0.0305063395050106 0.452922639840551 0.021468688334601
-0.164671944614705 -0.00889952318612592 0.400183798874764 0.502455840322378
-0.129919474010044 0.0606236309437556 0.40566238047641 0.183175318952799
-0.0411854613709118 0.0580197651862474 0.16217963477938 0.0645568505643425
-0.0539089006828702 0.0252334039257518 -0.0314924655224618 0.0997861858964685
-0.051249893034523 0.0829589332916651 -0.0435406570398945 0.317957795970541
-0.00718137429089764 0.118459747948164 0.120273557564324 0.416944631792294
0.037556735817696 0.129644082615488 0.231905653396071 0.411200749052294
0.0558427850569929 0.139942044355974 0.272363439096923 0.400769849964782
0.0518305885819053 0.144397654716531 0.241538359070446 0.371485275093592
0.012979932615835 0.138289275759419 0.154709180439993 0.322754565398859
-0.062542989315414 0.103835392556336 0.041519454537729 0.261939063901477
-0.0784065176286177 0.0161226442299704 -0.0263465189424713 0.130715181430701
0.00144760505388082 0.0202983000194534 0.0566249466507395 0.07079839674349
-0.0790632601926204 0.0792558600622975 0.200355475491241 0.0106598814856665
-0.163782140813619 0.0683260256209724 0.515175728570984 0.0783814667737229
-0.019989108972261 -0.117567009629748 -0.559620403168982 -0.134553095420839
-0.110139030590002 -0.120877441305235 -0.298510374944632 0.0265199787905577
-0.144590550309806 0.00586155489556993 -0.11619087636854 -0.0070745359726702
-0.0378277366904581 0.105196482567653 0.0549608436785234 -0.0453286997191686
0.0210637615690306 0.0825309108983459 0.0272893016187074 -0.242005338693395
0.0488673098473457 0.048231430336077 -0.112587683652769 -0.340174462542996
0.0480369116660642 0.0169272014488 -0.230611486829087 -0.383975894891229
0.0480005577358692 0.0228773071377921 -0.290708758788047 -0.411248983296612
0.0527402299463766 0.0289136583231484 -0.280030005554528 -0.407864802757592
0.0730136624865683 0.0806202032773113 -0.186888313584146 -0.373876531097583
0.0469770096801502 0.145736711008039 -0.061102132030414 -0.293490612820234
-0.0542505139986081 0.179427090075709 -0.0298201653086003 -0.107288810763908
-0.22508186737107 0.066256582076609 -0.204688223227441 -0.0832167877474804
-0.181141622215252 -0.128390020164943 -0.378117167871201 -0.193683290099505
-0.0607933455370142 -0.15218986542469 -0.43772811497984 -0.443131408218192
-0.170028918784257 -0.22787914186841 -0.534850269594449 -0.107210676490717
-0.267657006209621 -0.174593363885832 -0.293049627827995 -0.0157862625705221
-0.290746858697258 -0.00039265164118003 -0.170436957155734 -0.0074205647524299
-0.160859659480945 0.190148938854657 0.0356695539104115 -0.00505069183707363
-0.0346251571270535 0.242008448064186 0.0446732511066184 -0.186269763089127
0.0749973939710952 0.223491595369751 -0.0630054246881003 -0.298116586560785
0.129329078574018 0.174091122420847 -0.184030738185186 -0.35543753828898
0.15717979982359 0.181591809867509 -0.240534629518737 -0.370916734233715
0.152517223162542 0.191441037625171 -0.24158549164652 -0.34797245624668
0.153125138733797 0.27229221125483 -0.174618648459121 -0.300121463056597
0.0548004552385232 0.367881830546878 -0.0734691733706909 -0.224044614913557
-0.132991967173146 0.384390320987848 -0.0469651594482931 -0.0411259147205447
-0.423974927068493 0.2201954218332 -0.224129940440253 -0.0215343883660415
-0.469703621097368 -0.101846001652883 -0.366466606761483 -0.158193233961658
-0.311131830730156 -0.229986761511951 -0.375512045444785 -0.394815129542678
-0.303620936241473 -0.324271691104615 -0.453700969249901 -0.028091152689124
-0.418477776954421 -0.221888638714619 -0.237086174322378 -0.0316135767328452
-0.432549005238497 -0.00947153009100317 -0.196848074396411 -0.0185674661895679
-0.292450219533633 0.260756611687206 -0.00263460503756851 0.0196961177166795
-0.105354933024633 0.388691282457512 0.0300511103177839 -0.105481159232612
0.0824605982301284 0.38421746632874 -0.0193472941640039 -0.203024985388378
0.187902772051679 0.315134751888798 -0.116099758240252 -0.26825930671154
0.241551441091015 0.313398308859161 -0.153671300343319 -0.273184065186582
0.23422778927388 0.318035281301219 -0.157460708293098 -0.240603059243745
0.228939526889298 0.416206610062404 -0.120490860153989 -0.18846696701164
0.0842335275445411 0.539853629115546 -0.0568392806408113 -0.127584827239167
-0.163076170075805 0.549358925054605 -0.0371323524604999 0.0284079131108907
-0.539277599251986 0.37296452158908 -0.192614170949995 0.0430943869202766
-0.673480123362017 -0.0305783722047962 -0.291723908991596 -0.11008420161229
-0.511231702719847 -0.25217722324746 -0.237378410732461 -0.317422016457452
-0.405674711320522 -0.380158969872848 -0.313057167295398 0.0987913348278809
-0.547950190653387 -0.236486774640491 -0.127117831061337 -0.00552564989735034
-0.552819823625263 0.00708431442943478 -0.179416964000593 -0.0168885318262523
-0.39530536256762 0.326960990611084 -0.0428477922541364 0.0399789926516926
-0.161874895823279 0.499901214334299 -0.00391664336693534 0.00273042851494241
0.0809011852694054 0.501092506782331 0.0165232971756153 -0.0603996562086546
0.221169231868383 0.411768198716467 -0.0348833856708751 -0.130708063400234
0.285328501133371 0.395064992573569 -0.0452745976619206 -0.133565129509329
0.279123963553178 0.392177304642061 -0.0460564097713415 -0.103943204800474
0.271009578616771 0.495234588759227 -0.0328493478384166 -0.0597430007901934
0.106601668899681 0.6276492522847 -0.0126404829080766 -0.0169609380831252
-0.164437494052973 0.627377694648968 -0.00993676385341276 0.0879001167295684
-0.557077742628977 0.457302238030076 -0.124261858191791 0.0853395924483512
-0.753378408428551 0.0438530044699564 -0.167507855933499 -0.0723548478810981
-0.61537424220721 -0.226526974425796 -0.0502956660529926 -0.229684010447636
-0.457600713311259 -0.370270859522856 -0.125171698433875 0.248263418207407
-0.612565565639751 -0.201191276200503 0.0249506481221959 0.0533643175317993
-0.594235642357433 0.0483951731542448 -0.11817313793216 0.00388332395799665
-0.424453658572601 0.361200776039584 -0.0728427115307801 0.0691127122850953
-0.176552093579613 0.53604367334159 -0.038963155532521 0.129280694915282
0.0753700563553041 0.537369560696766 0.0507035236569684 0.108595812199737
0.224969687668018 0.442180877166152 0.0513269761649457 0.0372333727053046
0.285850723434803 0.417258981888311 0.0685415863100396 0.0268990464034284
0.276694187804135 0.410111888624789 0.072122164715595 0.0416363557058882
0.258918458034036 0.498538359021914 0.0645274523849923 0.0671050863322052
0.0902223991938418 0.609218259166503 0.0415816151497244 0.0908332688056854
-0.163684851139184 0.579418142116464 0.0171713470213316 0.132815445466867
-0.491481104995899 0.429801798337468 -0.0467789374281622 0.101563702322083
-0.69545922694156 0.0792735502281019 -0.0307324295744127 -0.0524181882345911
-0.610895694982666 -0.170461441916327 0.151769305417543 -0.142820170642717
-0.436588207836901 -0.290087038381368 0.0837364874926804 0.3846708978235
-0.558977599424698 -0.115079405207635 0.185882247509519 0.117784693044197
-0.505460646239431 0.0923496810605407 -0.0298094372569202 0.0375611077894725
-0.350303607971644 0.322480273173165 -0.0810906797083082 0.102745822046243
-0.148442098170278 0.466813562432743 -0.0560610639360868 0.245378869024973
0.0664777605542331 0.471117664464882 0.0843878255046283 0.264863615071124
0.194873314472327 0.395458414771163 0.132570182875458 0.203309567983369
0.243768232412703 0.374790055575086 0.170511649087925 0.183702651479919
0.229665006841699 0.370119910874688 0.172062009575909 0.176946994715257
0.196739178910764 0.432844108801541 0.140051292286267 0.176607394558183
0.0349609417511874 0.49194404135213 0.0772088759662873 0.178178135276544
-0.163869485245883 0.422213570665067 0.0245154592719771 0.156452647074406
-0.359820497064275 0.29854778775003 0.0129503525926887 0.0989856358642391
-0.530349116366817 0.0753580910576605 0.0837855745747316 -0.0398390334495797
-0.506858366183189 -0.102029526671665 0.32578301053823 -0.0618260433475368
-0.335758736413239 -0.155262720866731 0.275443014204019 0.471653638560255
-0.382295384316035 -0.0102041599762796 0.320145875864898 0.160393209927138
-0.294271187747078 0.103605469110698 0.0699562288608296 0.0643848249839979
-0.204282088183008 0.201710466605696 -0.0623510389698853 0.118909801857704
-0.0942697402045285 0.299597888748515 -0.050015690428174 0.314287041137139
0.0429555477971729 0.317935392208879 0.116462272291672 0.371710991286601
0.133639073687773 0.282497208163012 0.20123729175998 0.332355476355793
0.164682370534419 0.276973658437247 0.248456545539005 0.311854946658762
0.149855312600247 0.277126125884095 0.235266146929884 0.287130354619264
0.105060202965638 0.30450803706974 0.173379121308166 0.260869738906488
-0.028073519749275 0.310824318121544 0.0789852632258902 0.235347133137915
-0.144319308629738 0.213616258112783 0.00688718316170266 0.155576045903725
-0.186292061179036 0.136384960154401 0.0453676087429429 0.0863935711287954
-0.303908464937662 0.0658492145528904 0.157339073079073 -0.023076925603264
-0.343995632149541 -0.0191864868514475 0.447939192967555 0.0070961919640672
-0.165664913332267 -0.00206343850376396 0.417185654873132 0.4936879169101
-0.12606811387407 0.0664429580488604 0.408656121622031 0.169256836297291
-0.038371462360217 0.0578924614391462 0.166261039462658 0.0576936406419636
-0.054542086531644 0.027073688425026 -0.0286884232980543 0.0997014271004668
-0.0486943486130531 0.0855579565905106 -0.030552316781084 0.320683644778879
-0.000787075260832749 0.119851533592076 0.135718742557116 0.412236609028328
0.0437749994507384 0.129694124415561 0.245761175532092 0.405206389688806
0.0627335547195557 0.137791500243157 0.288557141176752 0.391605851857159
0.0582308647561869 0.141837241766174 0.255996280552539 0.363397268373812
0.0190312018585811 0.136884385968682 0.168171302104271 0.314895000552115
-0.0593585541446895 0.107255922285452 0.054337233803327 0.258651383964852
-0.0796278790037934 0.0191780421488979 -0.0192815768284452 0.132522687270982
0.00304309281754622 0.0178049782598556 0.0639789812906105 0.0670876894624037
-0.0735392432598724 0.0842092963920372 0.198896895776885 0.00323937158029046
-0.158913913610122 0.075950979886926 0.510199082632803 0.0620857654803247
-0.0258630440151599 -0.117875063531601 -0.557569081368637 -0.10515154631341
-0.117985424151013 -0.113892403786058 -0.290680438728712 0.0394946709027013
-0.145039635700909 0.0159520485815048 -0.117698538370055 0.00192816982839705
-0.0306949230317729 0.106249172462373 0.0507207403391595 -0.0475004841862998
0.0265345483862497 0.0801105585401767 0.0107617202305038 -0.238587098254835
0.0499492196609738 0.0433991322003441 -0.131040165932947 -0.327052635303083
0.0466420675602438 0.0129748976832399 -0.250438891952587 -0.367594846566305
0.0476931802968833 0.0209760579483824 -0.313250389810339 -0.390928008965449
0.0522023133667592 0.0268908633721005 -0.300311935777588 -0.388834559281803
0.0766349346340489 0.0752078885965194 -0.204928482583657 -0.359320699246255
0.0570070624511083 0.140665497795349 -0.0763880106579271 -0.287022359454122
-0.041788175775824 0.179709881026704 -0.0343228204554196 -0.104541325448897
-0.220209484321451 0.0796457075767844 -0.208746094689018 -0.0695348191697691
-0.189402750002059 -0.118150918765115 -0.382036518949682 -0.169245978720385
-0.0692949342508211 -0.150259542762397 -0.452523638215171 -0.416813084529465
-0.180760836577122 -0.21820571630588 -0.531584555460901 -0.0800270159406908
-0.276082846937301 -0.158275466656605 -0.286857067080766 -0.0039917097097531
-0.290294545795746 0.0176367197068355 -0.171523492737955 0.00468498411705374
-0.148315677409682 0.197906449494883 0.0335216520125551 -0.00718971061459571
-0.0192559103541004 0.241690980816265 0.0318623363480614 -0.183493936843589
0.0875875454130375 0.215191471961293 -0.0791280827104604 -0.288660641363331
0.136697898886978 0.165057460881329 -0.202762893723635 -0.340828018587138
0.165157216857616 0.172529411194952 -0.25996175311404 -0.35606791274213
0.160665334715366 0.183772646608256 -0.259616611634153 -0.332526275697427
0.167417080696025 0.261092395870476 -0.187012545244986 -0.287242353655459
0.0783298205395791 0.361011253036868 -0.0842896434289587 -0.21677279904047
-0.109679014552351 0.387938409599205 -0.0456670295977284 -0.0378937452067232
-0.408521214581774 0.24318442286501 -0.223757215967138 -0.00808174086402192
-0.472515821325182 -0.0760738353723583 -0.369464756664579 -0.135833405242071
-0.320973490991418 -0.215762246454748 -0.389742584636566 -0.372024972090842
-0.317479933972079 -0.306827043779364 -0.447849757001031 -0.00553912260053275
-0.426508626304717 -0.197420322933244 -0.234356068932792 -0.0237299247706149
-0.433349406252698 0.0152579270654631 -0.198352993825533 -0.00359071885832297
-0.275406556856805 0.275234145966162 -0.00401328473494639 0.0181900846194638
-0.0802748748102216 0.390289190359655 0.0235117378486255 -0.101894014859983
0.105491871727366 0.375153639367565 -0.0299905266594146 -0.198881900182517
0.204750333800946 0.303030874244704 -0.130536913885381 -0.258080600057721
0.257173235613286 0.297948792720052 -0.170395159157876 -0.26334865599445
0.249375897112292 0.305678153052547 -0.170387102576606 -0.230975174940724
0.250550535313654 0.400948699420916 -0.127152630099866 -0.181266572966528
0.118436668850438 0.530026449769315 -0.0629200791332185 -0.121829370140004
-0.130155166877125 0.554355074774637 -0.0308816352425195 0.0300110309727608
-0.514936456625351 0.399709371416545 -0.18729055218205 0.0532122703652278
-0.670784161450414 0.00805196391628134 -0.291844908309189 -0.0921036360140006
-0.519592906385217 -0.22759834013665 -0.252092967263785 -0.302519436936472
-0.423241967505774 -0.354568503366003 -0.301213515925817 0.1119382257711
-0.554965369683763 -0.203518362143954 -0.124184405550138 -0.00392574516761539
-0.55083411792808 0.037946453020974 -0.179604410068234 -0.00426212257240738
-0.373977672064458 0.346563529976456 -0.0429551766329261 0.0395976082257932
-0.130247261974855 0.505152036123367 -0.00297954324893177 0.00749636845601821
0.111392959123792 0.491463723438751 0.0151268603632036 -0.0599555929271729
0.242867815355863 0.397164807249556 -0.0434478731622965 -0.125805707061371
0.306453248899605 0.377064271598015 -0.0546077269185084 -0.131693345989821
0.298768713611573 0.378125103856022 -0.0517498397147834 -0.103340145052304
0.297035247578194 0.475831873010086 -0.0327339383260976 -0.0596172886437738
0.143358260308219 0.616354480613446 -0.0111817327407284 -0.0144259493308836
-0.127125592429756 0.631592868740961 0.000188182256077698 0.0883848303683182
-0.526621018716574 0.485369756631909 -0.11610820604246 0.0900999707034059
-0.744741640913322 0.0877412582869944 -0.16720872876703 -0.0630744597962697
-0.621250629313791 -0.197537037682153 -0.0628206956187335 -0.224712500863461
-0.473948114071233 -0.342455305733136 -0.108225244488497 0.250717133839232
-0.615554225413387 -0.163676455037856 0.0292907128927651 0.0472325159491673
-0.589925827138112 0.0828402597205355 -0.116606668080743 0.0123729180186064
-0.401456147294766 0.382364996170385 -0.0710303880621794 0.0696756089373944
-0.142933080876993 0.543327107685016 -0.0300871189167568 0.135132393882739
0.108465743934353 0.5279105230657 0.0582348958633205 0.104571435757534
0.249087298846313 0.42749235760449 0.0505196956862877 0.0360996046721541
0.308109510904644 0.399031257116443 0.0675660145889863 0.0228128041147081
0.298172035828623 0.393587095228002 0.0737088670503271 0.034935494829229
0.287043806821873 0.480715354596741 0.0705794759176261 0.0604190222854658
0.127011063094367 0.59947138433133 0.0484916719653714 0.0887999557383826
-0.129240327093547 0.585338512828295 0.0297763030874709 0.130283274937654
-0.461671690805032 0.454409718790164 -0.0373606291076274 0.100818575431666
-0.685987681337639 0.119127160501055 -0.030353846083257 -0.0512839913751982
-0.611794463887655 -0.141111376241317 0.140129439416427 -0.148073463385266
-0.449766039201389 -0.26363369065001 0.103486585434289 0.376709138928366
-0.55816834391185 -0.0819933128809353 0.190953065519727 0.104363641683518
-0.496690812746441 0.11953764330578 -0.0264850239927614 0.0406578411423232
-0.331426456948127 0.339661799604549 -0.0770043591938679 0.103873675278073
-0.119337331327545 0.470394150451351 -0.0409668608997744 0.250471722866552
0.0952108820642205 0.462620901708386 0.100525280782902 0.25647550210894
0.217631179726614 0.382609246711614 0.14054727274951 0.195839819771696
0.26348371294922 0.359300370908835 0.17922666692001 0.172900570481351
0.249493904574599 0.356321790382571 0.180157212803909 0.164413610202337
0.219656960616175 0.417998314145074 0.150729792730906 0.164607093122677
0.0650285257586773 0.487568385822648 0.0895072229189199 0.172873521488825
-0.139412235797809 0.429175600116873 0.0376790105410225 0.154224358821044
-0.340307138387603 0.31416959106028 0.0216633670280971 0.0945400516037632
-0.521381309684247 0.10566617759294 0.0817835136884655 -0.0442316168895129
-0.506815958684162 -0.0780192927334077 0.316199058977055 -0.0763158041995416
-0.341705624157074 -0.135793216310467 0.297432815300096 0.455336091160481
-0.377764944751169 0.01263204513975 0.324665031739104 0.141231058019154
-0.286287963803996 0.118355585880199 0.073825355473585 0.0602067244553445
-0.192647591200698 0.211205014188869 -0.0568126266570975 0.119902605424587
-0.0758890311410786 0.302767175567246 -0.0300093474025927 0.316391693126453
0.0629874423731996 0.313182272279391 0.137159168051469 0.360682591953789
0.15047492913583 0.273946600651274 0.21624438313969 0.320123793311481
0.180209820256981 0.2655022072469 0.265060574417708 0.296228104234279
0.166770863990471 0.267285336052489 0.249460298085221 0.270574401915013
0.122877788316722 0.295143847315853 0.187378630773062 0.246117051002875
-0.00868101962900527 0.309431803691023 0.0934081782692835 0.228220060116404
-0.132100434950675 0.220695492408184 0.0192146215010524 0.15409539786852
-0.175895391248262 0.143466465870798 0.0541495611876555 0.0791667340872785
-0.294551156027884 0.0833255034758187 0.154196904172838 -0.0311957105956236
-0.339119600874388 -0.00120826949932972 0.440381958950636 -0.0156175878830263
-0.164275461052471 0.0081979924688914 0.438115632633041 0.471577115410932
-0.119679231150471 0.0740665107569281 0.41315839628662 0.147784493456746
-0.0346472665630668 0.0578942049334687 0.168507098341074 0.0468977981749797
-0.054062298276157 0.0301926793652751 -0.0233505304485354 0.098920896787211
-0.0435880823894425 0.0884066379505243 -0.0112516901132171 0.320793968908367
0.00678119300788217 0.120126520424004 0.158042800609326 0.398834857871657
0.0523187895128626 0.127720720268461 0.265427003608915 0.390913176469243
0.0710303378953432 0.133462953447155 0.309887824346686 0.373654542426667
0.0666999081793414 0.136879834280368 0.274776587884785 0.345390425231735
0.0269688415784052 0.133858189338112 0.184290753472036 0.299433103348158
-0.0526193534441527 0.110749209854876 0.0703010030146883 0.25211324240163
-0.0791323710289867 0.0241827301317304 -0.00970251774397227 0.132823976968895
0.0048215211962601 0.0150780542522058 0.0704794352880386 0.0599885482476853
-0.0656921305916 0.0890932660510105 0.195558435684062 -0.00701151022339446
-0.150119115554809 0.0850404918461635 0.503260769848117 0.034370446415304
-0.0314073376474596 -0.113863254754483 -0.539822152052879 -0.0732003857093552
-0.121966176652316 -0.102605597278845 -0.275194821354346 0.0496498763891313
-0.140137290531538 0.0260374767332464 -0.114482208058837 0.0109144381458705
-0.0228267537700042 0.103797942405505 0.0452956890345531 -0.0483235824861811
0.0314034391637851 0.0753873675709914 -0.00488521673594429 -0.227882259749209
0.049928032180486 0.0377309883142706 -0.144342179407731 -0.304042408947017
0.044032942480096 0.00976975208603606 -0.260538717577873 -0.33966470783229
0.045910846233734 0.0187869400137283 -0.325051773463724 -0.360596356977265
0.0501215642789906 0.024545121757534 -0.311658021022883 -0.358044757723212
0.0780517158649358 0.0680357757788803 -0.214319836708094 -0.335042456001733
0.0640667487451242 0.130961248259202 -0.0893936703242035 -0.271723284410336
-0.0285572993754098 0.175515632484366 -0.0372794404823641 -0.0994488104818486
-0.207711966243202 0.0907607360432 -0.207142298490146 -0.0539196564593669
-0.190951560687621 -0.103594194819497 -0.374550936149284 -0.141885863693465
-0.0754410262691425 -0.143535816616408 -0.45576405170829 -0.381754932054849
-0.186203781312661 -0.2026708807016 -0.514441966760981 -0.0512434067420869
-0.27480929681226 -0.136395851719534 -0.274924297080624 0.00686728671384712
-0.280774019747 0.0352936073043238 -0.166204870721221 0.0169799514851284
-0.132119175474069 0.198576220303069 0.0300514406375834 -0.00916376108769892
-0.0027475552643774 0.233036016479391 0.018953211604171 -0.175987823151537
0.0972479460757076 0.20072174656527 -0.0911965909104797 -0.270804864107383
0.139906010707628 0.151585545327408 -0.214990264149276 -0.316730191637671
0.168499986201088 0.158297684876037 -0.273855400748996 -0.328299718299885
0.164327642340343 0.169976665456686 -0.26926017074473 -0.307088607774965
0.175148712445384 0.242930203278548 -0.194344489042746 -0.267230425305735
0.0979661390183929 0.340487844352297 -0.092771894531015 -0.203025386015372
-0.0819899292709315 0.379645634439199 -0.043123745191671 -0.0342524494654681
-0.379999894422067 0.259172069178209 -0.217018363393239 0.0048097615987196
-0.461382945608663 -0.0461244008970311 -0.359672467762382 -0.110904391221569
-0.321379511278518 -0.19524860596971 -0.393333308234708 -0.339418561791765
-0.323765849094362 -0.279734462090548 -0.42870185020024 0.0147839651476085
-0.420202179507689 -0.16478866631979 -0.225180506559802 -0.0161426887546572
-0.418019309216803 0.0413541922060021 -0.19249585845376 0.0105454492716409
-0.250908475581786 0.280776351974494 -0.00517541859947363 0.017130692020847
-0.0526370490707845 0.380384718220794 0.0171798879542551 -0.0956668865451587
0.1244153778347 0.355158669252983 -0.0383472179445397 -0.188282684393974
0.214050133879281 0.28166273319376 -0.14145575752193 -0.240655913337165
0.26450348075104 0.272906062544661 -0.181302524110952 -0.245666027042056
0.257430401599124 0.283150982253424 -0.177451676366611 -0.215034085616425
0.26438818153239 0.3722310520573 -0.130328806616319 -0.16937970689258
0.146021159842397 0.503536430132731 -0.0657390374378434 -0.112722662998489
-0.0939342815938831 0.54115215153447 -0.0237241953281041 0.0297793156280115
-0.471705717462207 0.416506674171273 -0.17735648718006 0.060570874993159
-0.646919850005435 0.045504801140016 -0.28358895952667 -0.0735790224936381
-0.511756150211649 -0.197572210820107 -0.256970337811089 -0.278916736750779
-0.428052971548614 -0.320509038388075 -0.282595883195818 0.120166502650264
-0.544476367185775 -0.165067325333685 -0.118601738650817 -0.0028538197657909
-0.53074505994741 0.0684776370347179 -0.174172764715723 0.00830208289751587
-0.34360366882223 0.355230351128817 -0.0423528860925542 0.0394287894954301
-0.0945511069016741 0.492090839403896 -0.00161954549928337 0.0111001670162646
0.137611378547884 0.465401046984125 0.0131453426628649 -0.0591801945217014
0.258058234100751 0.37139079454219 -0.0503985415883136 -0.117640149560398
0.316610602834589 0.348084525799356 -0.0626350843252324 -0.124157876806196
0.309808343091205 0.350983684010446 -0.056212817474949 -0.0990011464040731
0.313837756881228 0.442583936744243 -0.0326377222475663 -0.0581632152012249
0.175964296684432 0.587784960781769 -0.00968246205273236 -0.0125871331253355
-0.0872050511498661 0.616241424774739 0.0103317465733363 0.0840726615556766
-0.481036610912991 0.498739469977578 -0.104619954794286 0.0912758463760615
-0.713059671258378 0.127194006169363 -0.162211697956958 -0.052460696197534
-0.608889275648494 -0.16199319903114 -0.072662903630874 -0.212904155113043
-0.476186475967322 -0.306927192702903 -0.0908390591999307 0.245375312506309
-0.6000086833632 -0.123765632852357 0.0315509840971586 0.039224253611038
-0.566071155252421 0.112892770845203 -0.111213381327883 0.0195904748475544
-0.367919078144183 0.391193799099315 -0.0679546557198577 0.068889145264302
-0.105728448815823 0.531699819434791 -0.0191395699511203 0.135156629354493
0.137206244158396 0.5020190853214 0.0638865519513095 0.0964192867124579
0.265613015715971 0.399698800773798 0.0486489054896244 0.0330529273803501
0.320090405962217 0.368648096927627 0.064775686353384 0.0182357053780857
0.311865519453814 0.367430113368099 0.0725855338914559 0.0270150743279558
0.304430973773553 0.447658877354375 0.0727874803665448 0.0518789913610276
0.160123362986646 0.570968432777284 0.054485163466755 0.0838315433863785
-0.092196339727894 0.572937110813193 0.0403654120702609 0.124008186212913
-0.419263538395709 0.462801594933061 -0.0280010548976964 0.0961263987468466
-0.652916677435141 0.153284883013825 -0.0302479571385512 -0.0481429140451188
-0.596559096440501 -0.110895444494652 0.12542240707733 -0.148654679794857
-0.447503580627119 -0.229966423410856 0.119961972447204 0.356695644330755
-0.538668619331573 -0.0476934117306649 0.189894899820818 0.0867926403934416
-0.473721418190878 0.143053461680447 -0.0220180629080677 0.0418193387030882
-0.301554035409647 0.346299328868247 -0.0716212154659667 0.102449356924441
-0.0881946820234726 0.460888641660687 -0.022552349932782 0.246619684842507
0.11949630006836 0.439645591209538 0.111881150709331 0.24072381545177
0.233809586359023 0.358750660138726 0.145233111774856 0.182628785382141
0.276008700567595 0.332820794919579 0.182191436342078 0.157522428330358
0.263093225126525 0.331540672671893 0.182891958421568 0.146567042585154
0.236701471176893 0.389296784527902 0.155981993991304 0.14757778925899
0.0920960773569344 0.466475273367543 0.0981134680974893 0.161977076792374
-0.111301875435978 0.422640455890864 0.0496699205452742 0.145715999509894
-0.309097915803291 0.321209973024045 0.0292454953336976 0.0860982297301006
-0.491939547444061 0.130257303449434 0.0770083072568257 -0.047193954010252
-0.488460108521645 -0.0517380125227318 0.297919919719361 -0.0876561296436457
-0.335583082329033 -0.110426156484635 0.311133638921682 0.424323697591539
-0.361100545320329 0.0342258138328651 0.319409373274179 0.118753766725722
-0.270106858044247 0.129085475287665 0.0757142873124065 0.0541865567883404
-0.175275282094236 0.214351804313677 -0.0498993272683496 0.11707881456843
-0.055911777481563 0.296943935980857 -0.00851798494959447 0.308399326873
0.0797006607309466 0.298103595271 0.153004883601265 0.338059219437542
0.162632877071036 0.256638907287022 0.225674878332808 0.299073271054333
0.189579412143516 0.247164194226518 0.27277838102042 0.271562996513829
0.176578155691925 0.248597567611052 0.256439513040595 0.246135770995581
0.136286620976694 0.276408869533508 0.195667692965421 0.224588183354995
0.00976974915658985 0.299315539171453 0.105378446825019 0.21423174097627
-0.114757969797417 0.221689622073588 0.0305515160981973 0.148112612560499
-0.160867887618417 0.145088746830699 0.0599599272167798 0.0701722810682723
-0.276035655467072 0.0968205232305139 0.146405778067096 -0.0383536767555547
-0.323556270758327 0.0145249940229966 0.419247965764589 -0.0349188100420473
-0.157023568138355 0.0187900902136436 0.448217784100979 0.435525015131514
-0.109165083154322 0.078546443191353 0.40524347173873 0.122618681513194
-0.0299828503658733 0.0560204466025667 0.166378455803607 0.0350325097519709
-0.0514960470843313 0.0320700569042589 -0.0177546872911525 0.0958225346500033
-0.0376167258389281 0.0887680719773476 0.00794290719576866 0.310230328707195
0.0143247994648424 0.115621744201334 0.172917469438357 0.375016926782467
0.0595530256007623 0.121079727762023 0.276911433362293 0.36388541783658
0.0763178824131593 0.124492320702848 0.322815614850199 0.345636868178893
0.0729115644357352 0.127510382657043 0.286107684075938 0.317388143923385
0.0334386556496458 0.126633972937937 0.195189123591255 0.275944339933726
-0.0451317056565858 0.110506526106157 0.0843039639104404 0.236878735102453
-0.0760682478486826 0.0284668600002736 0.00031472317033148 0.128491410700709
0.00610348794325593 0.0116875562655364 0.0744912095709623 0.0511607640182081
-0.0548748252173341 0.0901808540678244 0.185794323876165 -0.0166537910591641
-0.136637219791334 0.0911803381383787 0.483010070378358 0.00833727832846834
-0.0495374611952539 -0.105213830949785 -0.509425247289696 0.00111748432946445
-0.128804837939736 -0.0818628337045294 -0.247469760838243 0.0801637357800962
-0.129218251039896 0.0437608013590642 -0.101267349359324 0.0255368247703471
-0.00988644996121112 0.0991802801507858 0.0369335818580858 -0.0547821265834887
0.0396215855727875 0.065414565259075 -0.0360107047754306 -0.214391173454778
0.049054393816543 0.0288370926698395 -0.172240195748415 -0.269760804089336
0.0374645051500919 0.00354976177636083 -0.288912874826359 -0.293781236403514
0.0441996652551059 0.0128521127060262 -0.349277684055302 -0.297545143773082
0.0485547065554142 0.0201532169041487 -0.334705614405879 -0.300474247297673
0.0803321783709927 0.0560883881956073 -0.240137113769483 -0.287016713023683
0.0770195869659289 0.114337664946343 -0.111371909988745 -0.246028235381343
-0.00585455273474739 0.165585357785599 -0.0417201526909727 -0.0867956508227247
-0.180323988224812 0.11520256730356 -0.203978445262705 -0.0162901436101193
-0.18866980615206 -0.0670755149927436 -0.377158792253872 -0.0845985933966376
-0.0933546884652704 -0.11883258824552 -0.477429320810146 -0.313842583743219
-0.209977378207321 -0.170542746170678 -0.468634709544506 0.0240258952313575
-0.275409475730843 -0.0970540028616664 -0.24816051981743 0.0405348644294505
-0.259647031208181 0.0697379222490345 -0.142646641817612 0.0397309711158853
-0.101872393448009 0.199847537227503 0.0329699185630809 -0.0169505751806948
0.0261724744995584 0.217649686268618 -0.000576602838604745 -0.173080815495815
0.112833612770788 0.175453969200236 -0.115234035199243 -0.250677610607988
0.144262620460766 0.125044533976527 -0.237688670769497 -0.27930175985976
0.176737772886282 0.129040506022605 -0.2977699951607 -0.273831652379954
0.174177420415877 0.14327675800989 -0.286104299219232 -0.256793103028729
0.19200693195097 0.20598953808769 -0.207106093639467 -0.227129784349176
0.134801030504651 0.305355945317069 -0.100420652016786 -0.180530519016881
-0.0308293522807728 0.360736075380553 -0.0342459134527789 -0.0205528942505369
-0.31778784839259 0.294996478538933 -0.204904521361296 0.0473172972685611
-0.428526891476612 0.0178132308342654 -0.368917302113673 -0.0482704872325187
-0.324897635638299 -0.137100249794913 -0.422006202364381 -0.281718150317677
-0.351205139740274 -0.226044421874988 -0.36835211153539 0.0801780773593101
-0.414921518303164 -0.107061695494059 -0.199991878959588 0.0117446974946206
-0.388665624688567 0.0911033272154347 -0.162641995992145 0.0365589475418813
-0.205325564172053 0.289648610362883 0.00824336942014457 0.0122457551300734
-0.00420572708282969 0.360698904367284 0.0134347789906077 -0.101579154496721
0.156418417488657 0.316436535689916 -0.0508668537746907 -0.184302229282624
0.22938134722741 0.238097308183919 -0.155116959313405 -0.2169692008071
0.280156219510483 0.225353910668665 -0.200313498817209 -0.207039307367243
0.277213227455879 0.237094180364408 -0.187019042763602 -0.182828518607285
0.291559555622822 0.314425303204973 -0.131344022189473 -0.143078764434069
0.20011037509321 0.44977050904174 -0.059344917121705 -0.0989596382787979
-0.0222983515017753 0.513557126797417 -0.00309098569897641 0.0396411878624958
-0.382185306812621 0.45057897863856 -0.157219184952697 0.0995512302065307
-0.586739990838156 0.121785899318328 -0.297487699304606 -0.0151052775473412
-0.499822683572313 -0.115876448642868 -0.291928244695266 -0.240801080143157
-0.457515232497705 -0.251547498201627 -0.209912360064261 0.164190717722962
-0.529334954388791 -0.0937474557461895 -0.0947380583174731 0.0108967754483926
-0.491925879205447 0.129593378904838 -0.139473659506392 0.03139840677598
-0.284366465316176 0.369260917893292 -0.0196084471193284 0.0372848173872911
-0.0307739326890082 0.471491291327552 0.0150100802969073 -0.00211980662416881
0.181914673755505 0.41972121388066 0.0163415659205962 -0.0721458355849009
0.28234413893693 0.317836211330662 -0.0509252878714659 -0.111486798910154
0.33839111383502 0.288675952434789 -0.0735222752304316 -0.107894904592839
0.335534365977372 0.293505682224701 -0.0575896506654251 -0.0869163150302688
0.34593470049046 0.37394537568872 -0.0236641880100451 -0.051243589915299
0.240405379797021 0.523432325038641 0.00756309169318128 -0.0116789416060385
-0.00806917962679686 0.581943121005634 0.0379399775357807 0.0878588615588634
-0.379953575099004 0.52685024054962 -0.0827982525493017 0.120649285389976
-0.635880632196768 0.204862481289936 -0.182249866241544 -0.00630672781973759
-0.582914370862903 -0.0734846376967179 -0.11315174630422 -0.199232372942435
-0.499601529730202 -0.230725190051368 -0.0103663767436245 0.258151904860097
-0.575510974284337 -0.0491647558958582 0.0533304835305545 0.0307274089626598
-0.518403325200617 0.173748212380394 -0.0764432128341623 0.0324582520102576
-0.303771553256554 0.405865929445006 -0.0382110850718641 0.0681502253251759
-0.0402389911669343 0.508681597351297 0.0164471064033127 0.115548222467203
0.186134757462781 0.452223464838379 0.0838963060384617 0.0665408891183492
0.294032507400897 0.343652685073283 0.0632214943746858 0.0212622477687525
0.345038077969585 0.308177132718779 0.0645174545775744 0.00956572351078856
0.339501846107581 0.307125945265526 0.0788944653826083 0.016107871181183
0.338123726032209 0.377312719242961 0.0894563007432598 0.0383353514259989
0.222648615642434 0.511084094584744 0.0797926976853973 0.0715007209830144
-0.017720289259415 0.541634546615445 0.0706802648290493 0.121201222962385
-0.328618179568917 0.48402764277008 -0.00932490567743688 0.112316670688401
-0.578712383573511 0.219552410069113 -0.0551777103723928 -0.0186342463975283
-0.563426899096871 -0.0301190028784114 0.0820138939665399 -0.158212825803335
-0.460530889499343 -0.161895316550985 0.198056659160515 0.333975524597585
-0.509766627791333 0.0149795875844773 0.206004930969246 0.0557334497965977
-0.428409785627914 0.191861301282973 0.00738470692119965 0.038884765107147
-0.247018100814249 0.355863406249493 -0.040050437014791 0.100007665615199
-0.0308252340157944 0.441255591429145 0.0265047684945955 0.222274784655855
0.163644887782906 0.398370280087044 0.145491715492449 0.198866631375923
0.261410637460869 0.309653559050115 0.171879674900097 0.153479235153166
0.298458336288605 0.280497425767457 0.192902321821965 0.126180289236703
0.288170116939774 0.278053911689735 0.196565932250884 0.115954038728519
0.267828973586578 0.329498576201472 0.176000543582821 0.118277636289226
0.145692671636107 0.420906118112596 0.126816152006981 0.140019857543929
-0.052145474606113 0.403892691774232 0.0773316303645499 0.139475964193394
-0.243565235257616 0.336397329166585 0.0423307945827692 0.0894048691924667
-0.434456349591465 0.178468910917884 0.0507303451902621 -0.0359824306351027
-0.454379460989796 0.00958030769910844 0.254817008805047 -0.119289076110648
-0.333795234911747 -0.0599039779719306 0.37536631214458 0.36762954991981
-0.330706837469348 0.0715647698815227 0.326199746643541 0.0691833344280459
-0.238130264542878 0.152453567800816 0.0925254577725323 0.037040766162332
-0.142302891466393 0.219478278180403 -0.0228933366888652 0.112986120488521
-0.0196766973523815 0.284418606285772 0.0428987135672166 0.28294493857169
0.110456236852112 0.270320566297194 0.191791970338615 0.292391318290883
0.183961641043181 0.222503473032922 0.259078744160143 0.256437514838108
0.208906535578486 0.20901983515849 0.291789396054186 0.221126240662617
0.197585479713147 0.209678000792681 0.275200548953945 0.201255441144467
0.159739981238151 0.236749575351448 0.21918778095312 0.185416376390084
0.047588866252544 0.275473626742814 0.135183403435021 0.188537349393755
-0.0797390427934562 0.217769089885322 0.0538226485160395 0.141877434580431
-0.12931768642066 0.152920227010233 0.0668149202301999 0.0623810025363332
-0.239835958504879 0.119960968098391 0.123562872199683 -0.0414678578378867
-0.292682087689843 0.0489877961178136 0.37930478476641 -0.0809749958052866
-0.143515730252516 0.040626197774331 0.486919413130572 0.354049508813218
-0.0897822869704845 0.0862995050540915 0.398575965594027 0.0628182166535578
-0.0214848366109508 0.0547849166462632 0.164105599580613 0.00899340737825214
-0.0459504423180965 0.0359550720537977 -0.0019264912024315 0.091833887164606
-0.0259673005408442 0.0887539124050602 0.0521952123297998 0.288190047112463
0.0281383879960456 0.107223622314784 0.21257928687184 0.329779066883812
0.0732266363197459 0.106875374758323 0.312187851869729 0.314139005448273
0.0884669599793662 0.107556606346399 0.348119052042299 0.283535970693903
0.0848026451773043 0.108212372495136 0.309195834671525 0.26399000618779
0.0458874056226099 0.110667400506521 0.220313883415557 0.233390916765707
-0.0279175883709811 0.10697084192534 0.110624715991447 0.212232247477555
-0.0662669385210683 0.0354863660490233 0.0184436218577311 0.123689064498452
0.00707863043384688 0.00657103438591133 0.0786964830709348 0.0360455175040328
-0.0375665181201549 0.0867368784138853 0.171405126316732 -0.0322030466715327
-0.110912804103478 0.095138212037465 0.448030668796004 -0.0452848754053038
-0.0471786212309318 -0.102070716274069 -0.48217631321945 -0.00615836406128062
-0.123042072196933 -0.0771276308091854 -0.235192817474498 0.0719194776292406
-0.123162947513718 0.0427369277148597 -0.0969472426954748 0.0257058873133859
-0.00890693779765059 0.0941336194516605 0.0345387144608361 -0.0516129758193561
0.0375286086799866 0.0615151384659604 -0.035264466142387 -0.201001387678727
0.0458511667948416 0.0268121050513538 -0.161407795496882 -0.254536553885197
0.0333859073134489 0.00400882690061806 -0.273041603244163 -0.28061407108451
0.0414364982873595 0.0130832503462901 -0.332753040054637 -0.285018370612809
0.0449854841505554 0.0212631919186938 -0.31521297090259 -0.286488539962217
0.0754371256808816 0.0538009206777202 -0.22542485752115 -0.275139058510584
0.0731587639736884 0.107828104464487 -0.104010389201431 -0.232689370291095
-0.00468151689760324 0.155718325043532 -0.0383097652658344 -0.0832244767748817
-0.171158174473886 0.110348254640685 -0.194531719273519 -0.0147321441253091
-0.180746672460583 -0.0644466592252496 -0.355533406592775 -0.0820507016105698
-0.0888215528503419 -0.115322495976827 -0.449154082227647 -0.305301795671716
-0.198677192924771 -0.164978805088709 -0.443997563188769 0.0149664604305842
-0.261316252722364 -0.0938385649633799 -0.236534388153675 0.0319715989277823
-0.24661291660976 0.0674437433017407 -0.136069438324269 0.0385620886590186
-0.096412255214874 0.189438258005752 0.0291295495269587 -0.0153859670563236
0.0254082758891681 0.205212169471833 -0.00137713719798645 -0.161246821873989
0.10653588662217 0.165515903896611 -0.107418783252533 -0.237336840288184
0.135076617992225 0.12027728493023 -0.225445328608375 -0.265372241789759
0.167312537672904 0.124064753356073 -0.284360748863519 -0.261556641270555
0.16531992008667 0.139350124407093 -0.270371872938255 -0.246835040990293
0.18153416242513 0.197606520897446 -0.19363907784787 -0.218132172810194
0.128721103518862 0.289041614072112 -0.0934042566210323 -0.171078409453842
-0.0299481436611884 0.341325654351091 -0.0301574277779859 -0.0210355623712549
-0.303022248515372 0.27808810142461 -0.194647957994944 0.044846233708709
-0.408615420728943 0.0128799875252754 -0.347024128158216 -0.049374091252689
-0.308073270371553 -0.136182093579299 -0.396492016191871 -0.273855785445208
-0.33296979060315 -0.219267054596814 -0.349742445881288 0.0696517484404639
-0.391151344160599 -0.104490341897865 -0.191058401112498 0.0043085992920043
-0.369125933245518 0.0865187618601863 -0.155420829600458 0.03591960305913
-0.195909263981548 0.273916242607524 0.00443458383152804 0.0117357796316188
-0.00353712445911021 0.341821902782089 0.0136282156529006 -0.0940438067275809
0.147606018774374 0.298056858476123 -0.0468511716810289 -0.175405922472385
0.216963244152606 0.228051868151719 -0.148063023491476 -0.20592209397935
0.266765636420023 0.218204564099257 -0.191711671358982 -0.198242797562847
0.263666880445038 0.22881939350864 -0.178010650522101 -0.175440861923954
0.276011519150914 0.300778406678567 -0.123183093828264 -0.138500369171662
0.190494186412178 0.426997044091292 -0.0544687131440573 -0.0930903707431391
-0.0215977629554389 0.487553110783289 0.0001788274864865 0.0364086927004509
-0.36467788050173 0.425316719815524 -0.150086111825477 0.0930753103280235
-0.559622756184012 0.112008727502221 -0.280596920677265 -0.0180891276504048
-0.47407131028949 -0.118628483735606 -0.277235880309611 -0.232607195247834
-0.432257121255293 -0.243168379235929 -0.200991044546391 0.151025000399254
-0.499988783951343 -0.0934059722700738 -0.0912578143015572 0.00380408133039693
-0.468120767528521 0.121635322332445 -0.132968025721194 0.0306523649082204
-0.272256811481043 0.350610493575914 -0.0225789779845862 0.0353489400290556
-0.0292823614654927 0.447039498073157 0.0153780338268141 0.000143910313759728
0.17241524048528 0.397354948492262 0.0167024213601877 -0.0698903074967682
0.2683195788788 0.304687722897459 -0.0495903764352886 -0.104990410349329
0.321766994022844 0.27794129664742 -0.071224802780097 -0.102143191163718
0.320576621444818 0.28239827518814 -0.0560264772113327 -0.0839194712000551
0.32910617909852 0.357814430756445 -0.0212087521601852 -0.0514383236178362
0.228628962365053 0.496946473211177 0.00889411829197688 -0.00958660655353787
-0.00870246151707832 0.553481241988364 0.039234670146249 0.0815256061979213
-0.362584995085135 0.497701156717203 -0.0791863183801384 0.112498779801089
-0.606647968910403 0.18978479276886 -0.171537916901199 -0.00840407116506949
-0.552397702996977 -0.0807261779406109 -0.107344373928043 -0.189910343383583
-0.472200666632294 -0.223165909550342 -0.0134427924683838 0.242704547056421
-0.543074226981184 -0.0504298168703506 0.0490515423458851 0.0236720258444196
-0.494463407797562 0.163127555217866 -0.072354249981881 0.0307925435634188
-0.29153699203433 0.384383253866229 -0.0409349980093489 0.0634253132533344
-0.0385690336147799 0.483863188520322 0.0164639797773944 0.111367350674654
0.176280391101092 0.429022308742615 0.0794229017089903 0.061878862723453
0.280396925494936 0.328818668427959 0.0581083997166251 0.0216583610275893
0.328766833144918 0.295524128786733 0.0600619712119526 0.0108436851288685
0.323100756923328 0.295339762485818 0.0734169532704218 0.0149732511975025
0.322285243976508 0.360715567907468 0.0851247429115098 0.0341776206063746
0.213055558832955 0.485526296426249 0.0772890680345943 0.0683822892982306
-0.016906638763437 0.516109080323584 0.0710992526140274 0.113577241221278
-0.313326843099287 0.456837875102952 -0.00856816468497362 0.103658887874481
-0.549773599630713 0.203534311867243 -0.051788220032452 -0.0190335781728558
-0.534388629880287 -0.038026419744703 0.0774405403453486 -0.148515592712993
-0.434469108270535 -0.155864753511177 0.184523445857305 0.318146306340188
-0.480847390720013 0.011194654089924 0.194589059286932 0.0500011753090063
-0.406633616896343 0.179034763697498 0.00735760658297291 0.0368596823609587
-0.23734213958375 0.337655033364868 -0.0417209849088775 0.0944950685910559
-0.0304652881932224 0.420014341087348 0.025757655363895 0.212136279569525
0.156110349329829 0.379197133600161 0.13686345088574 0.188112103322848
0.249275856854837 0.296113456377918 0.161408848071099 0.147841832587662
0.285844937205685 0.268076365634142 0.182000958845972 0.121718774444773
0.274579931774335 0.266529450643839 0.185358580528043 0.110668221280825
0.254900979806119 0.313728359465906 0.167324941138633 0.110887265559929
0.139230517473759 0.400014920672379 0.122475473684803 0.133056383420724
-0.0501487925200869 0.383909066836609 0.0767301043119532 0.131752770965106
-0.232236150482686 0.314789021070941 0.0399218527376647 0.0814672979354266
-0.411571208440928 0.16664158939803 0.0483785919450506 -0.0340460733322637
-0.432474515167025 0.000210391399049696 0.240860545732938 -0.108678292291853
-0.315677862353381 -0.0593262337472007 0.352270765671528 0.354533633988971
-0.312707308855642 0.0659433231174619 0.309035785355693 0.0661119694521368
-0.226099984613409 0.1435124000315 0.0886342820440135 0.0351288760669455
-0.137684180589657 0.207597461602629 -0.0245315644535285 0.106202046170917
-0.0193610513823202 0.271281244010911 0.0402346794122776 0.269194086805857
0.104124237978693 0.256851070656249 0.179572129185926 0.276630670784693
0.176562020237185 0.212540888886657 0.244804928647083 0.247410861247291
0.199247745225622 0.200388537287086 0.277351177537728 0.213460425404449
0.188025647744716 0.200848850598027 0.260431315512287 0.192852061718204
0.151371306867299 0.224726671872323 0.206543915234317 0.175568272951956
0.0458959676225482 0.262128378859828 0.129549252206316 0.178307880940509
-0.0763407828560753 0.206751984900525 0.0535641625214114 0.133900703621722
-0.123779712703527 0.141858564472182 0.0644874358775971 0.0564318570731434
-0.225978017363383 0.111703766835242 0.117003774040536 -0.0380364017555487
-0.277070132374318 0.0413723994967462 0.358539343103836 -0.0701681622021724
-0.134932037707425 0.0387459685439606 0.460675466325703 0.344382710964363
-0.0835595505148557 0.0815511559727004 0.378435233748961 0.0640087917946088
-0.0205855334332413 0.0508626443082047 0.156401831650526 0.00816638037471704
-0.0450994452731096 0.0338771511023731 -0.00342571067447972 0.0863267346204223
-0.0254386891730164 0.0849774247101671 0.049737580007255 0.273095761983089
0.0267731007522649 0.102365047049981 0.198549719101807 0.314624102684853
0.0709920453740067 0.10158251478618 0.295680031210627 0.301251492390997
0.0849179290152366 0.102474661281768 0.330859532711101 0.270726968635799
0.0807664497591951 0.102709173591082 0.292430291412586 0.252350024839334
0.0426832617589062 0.104247311028776 0.207365035764617 0.220830291163899
-0.0269440218036427 0.102604761677302 0.106078029044119 0.199421429594654
-0.063075323659676 0.0337174227534279 0.0186977172667906 0.116272342412925
0.00634353647518457 0.00383345272866238 0.0762030141641877 0.031248059128645
-0.0333615153411589 0.081764329861405 0.1620797150111 -0.0277003536314029
-0.103827938640022 0.089250010627331 0.423411274525362 -0.0347337801917478
-0.0441084816592246 -0.10241095972805 -0.470760818833473 -0.0252620514436396
-0.119771725754139 -0.0788277798190495 -0.232314290899458 0.059653921205944
-0.121660776428088 0.0401122480521169 -0.0971590818287117 0.0241655421497939
-0.0103086143762559 0.0915485848838134 0.0338173123710788 -0.0486157947363667
0.0349833301615789 0.0604240125724789 -0.0300106664472996 -0.194150976070627
0.043634379159437 0.0269626822931212 -0.15077910302869 -0.251837695998576
0.0317463729207478 0.00647168588939402 -0.258582168599806 -0.282059029468999
0.0398852801543388 0.0147587324672794 -0.319890549800188 -0.289024284080602
0.0435016000973692 0.0238042390282158 -0.301471975295138 -0.291573531431225
0.0727099408123252 0.0556938031975673 -0.210975407388351 -0.276860081424652
0.0702303681975061 0.105542440081644 -0.0943795019585512 -0.230570836087148
-0.0088775651175493 0.150902334002421 -0.034056119929138 -0.0829757884449101
-0.170275321162983 0.104273758180668 -0.189383913468023 -0.0184652294095792
-0.176090184655259 -0.0684542859604924 -0.342432164634223 -0.093223539739018
-0.0836222036690271 -0.117135027551189 -0.427062678118534 -0.316676950348581
-0.189586623769035 -0.168722591745417 -0.435109890663685 -0.00349011007738246
-0.253095105491835 -0.0989955986913206 -0.232942055103207 0.0197134800435272
-0.242751668343499 0.0594555076594985 -0.135744717432283 0.0355410686535521
-0.09890824504938 0.182425933597425 0.0269368518916147 -0.0131526662831743
0.0198633798489599 0.200598270438396 0.00290349912223363 -0.154812527789058
0.0992906465695402 0.163398306406271 -0.0978479730052696 -0.235104940012219
0.12878950043768 0.122779567838326 -0.213554991928434 -0.265879652928395
0.160372391035712 0.126675704055188 -0.272989506033456 -0.264628614862524
0.158362978559739 0.143596924709476 -0.258629151780115 -0.251049039738725
0.172741672850274 0.199548265944776 -0.182457903411528 -0.221294244605508
0.119279826968337 0.284208282650159 -0.0854591394871499 -0.169502237933731
-0.0378767409013417 0.332104665122129 -0.026789317286771 -0.0217254232819389
-0.30344521432291 0.264011079861716 -0.192031757539248 0.0385943708163312
-0.40159020049598 0.00180443156651407 -0.336601401952687 -0.060532364839626
-0.298432071975627 -0.146460014630063 -0.379870334177175 -0.285061348770256
-0.319037961597945 -0.22605960826048 -0.344895167669159 0.0525192802673102
-0.379058844166479 -0.114782396954672 -0.188779723794253 -0.00685354855619
-0.36274476841591 0.0738787581404132 -0.154150923903244 0.0325399184665984
-0.198855057591505 0.262391079781944 0.000827571678224207 0.012323163621725
-0.0125316570807126 0.33289412801517 0.0156039085726234 -0.0884818001766519
0.136884870570911 0.294947346556659 -0.0408765392362911 -0.173362882744784
0.206534481992323 0.230503273051656 -0.141030356636877 -0.204575174694423
0.256060130566825 0.21991789116705 -0.184939420669405 -0.198492660557965
0.253032936903846 0.234630434835713 -0.170734520890519 -0.178409826610325
0.26165793197063 0.303990547036232 -0.115113674778726 -0.141866901763066
0.176281670400951 0.421623461348802 -0.0493378051531448 -0.0918089356607242
-0.0340071743537221 0.475388501460296 0.00158420190305124 0.0345625659920868
-0.369137016834783 0.406324073450981 -0.149828647934033 0.0865330376160882
-0.552008065142477 0.0923450628443582 -0.27274839110704 -0.0280194439338525
-0.462046131072454 -0.136957611281214 -0.263015073494651 -0.239914109948643
-0.413978242127142 -0.251837638186635 -0.203045741478094 0.137666424049465
-0.484017102300046 -0.107895276667302 -0.0914751292826065 -0.00538456812744164
-0.459335069691677 0.104980968065298 -0.132145204126968 0.0263395252585024
-0.276600986111012 0.334963585527831 -0.0267415936396314 0.0340397713369376
-0.0397965097145096 0.436356570059137 0.015262031107977 0.00271703800680585
0.158867398263008 0.392382290561821 0.0179701906481614 -0.0686625233372252
0.255743257530924 0.306166343984175 -0.0481956141066662 -0.103372522936449
0.310048531696862 0.282673654805797 -0.0691852787062755 -0.10110692916907
0.307768477659966 0.289204685982501 -0.0540937988247183 -0.0845305499966098
0.312930401360463 0.359588686233706 -0.0188067328098986 -0.0530080934364245
0.213613921206735 0.492315641868644 0.0113454170504437 -0.00842442603652477
-0.022354652401229 0.540741242663622 0.0393217309032345 0.0797029294647915
-0.369089193500097 0.476822224168862 -0.0810887450510816 0.105770770590096
-0.600689534739775 0.166351645720318 -0.167463692025394 -0.0150381170008726
-0.540068437917418 -0.102143895556543 -0.100086337887683 -0.189747720027802
-0.453617372687844 -0.235064916503753 -0.022568556889183 0.234708686753727
-0.528630368204 -0.0675003164280903 0.0452441214930473 0.0192975439544391
-0.486436598456434 0.14449208473213 -0.0719697891904115 0.0274686178033558
-0.295722678671519 0.367403959212717 -0.0460604864072805 0.0613826947301297
-0.0491189159374382 0.471715354031048 0.0141142217379254 0.110930923963162
0.160678310490401 0.424157802722853 0.0758784287911193 0.0617910636741064
0.267874120787477 0.329660176978936 0.0535523753079803 0.0240427207148456
0.316350375817694 0.300067716825704 0.0577028469277714 0.0141932655024934
0.310372895226382 0.300296747388795 0.0703221800345305 0.0174457775406089
0.305306484628696 0.362191181891214 0.0826329246945077 0.0339345879683493
0.197278495490899 0.480711754689257 0.0756160566933186 0.069241305226091
-0.0291596822791106 0.505418046685199 0.068869101931384 0.11175364305085
-0.318986621652661 0.436381001638591 -0.0115894282604255 0.0983674192276401
-0.544128585771104 0.184231153771305 -0.0500398310646714 -0.0203020520827617
-0.520967895542999 -0.059088151159612 0.0785766011611292 -0.141841423202184
-0.418432421731473 -0.16866832854702 0.168077029957388 0.317269027195064
-0.468479716515188 -0.00478950798738815 0.186919093699026 0.0513120521705385
-0.402672327539073 0.162254575254802 0.00665478037369164 0.0351761560316386
-0.242135066691755 0.322772243846649 -0.0470082294756433 0.0907212547227796
-0.0409492778576851 0.410945259332024 0.0205422438200308 0.20840504484374
0.141158713748605 0.374345292451347 0.128240400775199 0.186985620586222
0.238071245851877 0.296412326435541 0.152316726932618 0.151309200799251
0.274284044185903 0.272559075357584 0.17512057757457 0.125990353749658
0.264916306785468 0.269816381310636 0.177432418593831 0.114444565243611
0.240310505810419 0.314325778760986 0.160363100171059 0.111514368822016
0.127094405402104 0.395046710283256 0.117307683821587 0.133450437847025
-0.0589037574541713 0.374762705089036 0.074560830034848 0.129723847695788
-0.236097868161318 0.299608451475663 0.0376125320282818 0.0781289097732823
-0.407170806841765 0.148680754156517 0.0486311966430568 -0.0311434318274793
-0.422976542021252 -0.0159374864988538 0.237294898346988 -0.0961246265724094
-0.305420576082348 -0.0686154693630062 0.333023564793338 0.361045808968925
-0.304244816429998 0.0537367150300229 0.298539093123619 0.0728668571496474
-0.224539452657773 0.132198022783753 0.0867285996816189 0.0358451441777204
-0.141890082355355 0.199179528098523 -0.0299056263098758 0.103379979754362
-0.0262387693129201 0.264959692917415 0.0326610089686099 0.2633652529828
0.0950596750041481 0.25507512690772 0.167818276120304 0.275445099472462
0.168255995270263 0.212877770814338 0.231124644125242 0.251371327668561
0.191793482541026 0.20204885742481 0.266645058810633 0.218063829113497
0.18008130808399 0.201563487045459 0.250117233024098 0.196948322730293
0.140749524246707 0.223315747790775 0.197014613684291 0.175719234981361
0.0389177072930954 0.258620617082923 0.123358049222219 0.176649585709444
-0.0801123472481555 0.199897629219289 0.0511140531938082 0.13137831811858
-0.125206763655747 0.131960265480648 0.0616142323343491 0.0539727554340305
-0.221743393334728 0.101081279293799 0.115263508712696 -0.0321947969114713
-0.270177315698532 0.02900624242103 0.350688904887248 -0.0539435462066176
-0.131217001846384 0.0339246879741198 0.441223454916173 0.355812642614144
-0.0820307961412939 0.0767066898429193 0.368704348242053 0.0752293661850454
-0.0209037567255923 0.0482830723829129 0.153357792079422 0.0113129922795137
-0.0465397627385366 0.0320909989289445 -0.00769476565355377 0.0834605939035346
-0.0260908635435182 0.083054633550184 0.0403195717719739 0.266953902088551
0.024230332168425 0.101338506111081 0.183809876281294 0.3143554952012
0.0679071648803809 0.101313766369363 0.279686489201884 0.306183298152639
0.0815603490621054 0.102938953495981 0.317932373308999 0.276368421267744
0.0761735666172765 0.102235303227002 0.280262048351082 0.255788136404313
0.037432453137034 0.102467881912282 0.19630113883752 0.220278104925701
-0.0285726507777777 0.100466761222597 0.0993461258278682 0.195453769469953
-0.0630465920043508 0.0317508541013863 0.017137226793953 0.113965887780088
0.00610430022393497 0.00175829200245443 0.074455585991211 0.030053011503983
-0.0329894652420483 0.0781696092364202 0.15882222225604 -0.0195569497104875
-0.102301878853961 0.0836977938667715 0.411708902563199 -0.0178909672104205
-0.0424822710818038 -0.106574505762282 -0.478147006875826 -0.0431720396019184
-0.121480014841165 -0.0822889792885589 -0.237762308799374 0.0507477985194133
-0.12499142549823 0.0383648889305928 -0.100775711267741 0.0227950482053412
-0.0124254650223116 0.0935105901072402 0.0351521460883119 -0.0486680096158797
0.0338890296416287 0.0621618516879291 -0.0258977123745856 -0.195051638022559
0.0428611071734081 0.0276975528515581 -0.14483160468799 -0.260382498059843
0.0311414259108044 0.00801709237833416 -0.255515982008774 -0.294039912509289
0.0397005462344628 0.0169827788955543 -0.318129962026294 -0.30524164492546
0.043453123691807 0.0274090104473687 -0.299015298695307 -0.308514197049328
0.0728280388082544 0.0593469075666903 -0.205702004060065 -0.289155471371319
0.0690768242307982 0.107422185510914 -0.0879163351305281 -0.236815568880249
-0.0126908460868814 0.153489414394244 -0.0313005808389342 -0.0855775539467204
-0.176175850043313 0.102266699175717 -0.192409737767351 -0.022413452262008
-0.179369908872776 -0.0749828925277451 -0.343452662193332 -0.106310597136687
-0.0825031559770053 -0.123623645995074 -0.424079357072385 -0.341190662836305
-0.188534752781502 -0.178540242160574 -0.443188662279285 -0.0216092680906636
-0.255052465595145 -0.108105595126472 -0.238726559579095 0.00877362749648829
-0.248113960102626 0.0551087691882572 -0.140602917628489 0.033818687594261
-0.104488891489155 0.18256705492114 0.0257348316754267 -0.0121641904855109
0.0154981047877923 0.20365775061889 0.00637248999822907 -0.153579788418513
0.0966852543236834 0.167968679995463 -0.0926745214133862 -0.241520233940964
0.127769968433119 0.129659615147522 -0.21156869855047 -0.276249707818226
0.15994769073786 0.134660625969971 -0.27250155157192 -0.277630945555948
0.157786658444997 0.153293277385689 -0.256784732996268 -0.264884416891967
0.170649264770441 0.209104150161015 -0.178393553967654 -0.231987892706532
0.114673477087318 0.291208596961111 -0.0805954664764882 -0.173442364551745
-0.0466678104080441 0.335727879637404 -0.0253720531601284 -0.0239068379170188
-0.317102784870098 0.260419750695322 -0.197125404877782 0.0342028452569648
-0.410651161658425 -0.0112664973810507 -0.339333225011065 -0.0732937864239424
-0.300098727200138 -0.162249521004949 -0.376636817418817 -0.30639838371119
-0.317710062475794 -0.241923984128805 -0.354418338334805 0.0396549906115116
-0.381862074641569 -0.128589212846279 -0.193975865715177 -0.0177551206829049
-0.369432551342323 0.0645434817752549 -0.159503491855714 0.0295063130053368
-0.207822368591965 0.261180505529426 -0.00201073706459569 0.0133823787929265
-0.0206836918187737 0.337472947076218 0.0181297037360788 -0.0867288712122309
0.131998990117645 0.301998437861671 -0.0369325546964162 -0.177514625524852
0.205714693407177 0.24160033650422 -0.139538920036284 -0.212017421449368
0.254929786551069 0.233085647008831 -0.184294259447701 -0.207382120699099
0.252760691984609 0.248810849979441 -0.170800306021622 -0.187777751605686
0.25978024210475 0.318922985647814 -0.112679717192689 -0.149927284732856
0.169966434622219 0.433424126200625 -0.0458834293950943 -0.0935113966629497
-0.0480918532571995 0.48165455131923 0.003236100801367 0.0332524802688563
-0.386933596542319 0.402669376056858 -0.155891255410828 0.0829805544173464
-0.565619700749027 0.0770018091466758 -0.276880642848787 -0.038353274522669
-0.468302115821138 -0.157215322621603 -0.261717771531229 -0.255440216567402
-0.414275135074961 -0.271292829379117 -0.213572474563418 0.131307745355714
-0.487764829761749 -0.125606938080642 -0.0965846633849747 -0.0143069683178751
-0.470146659833595 0.0924291041129978 -0.136123873503328 0.0238659589254874
-0.289964923599405 0.332784164526875 -0.0321085212789082 0.034179407259618
-0.0521899546303185 0.442268378642567 0.0161759094238095 0.00580906662280853
0.151854964180404 0.403484867931836 0.0201042622241327 -0.0707600969245176
0.253486095438668 0.319288629620495 -0.0494404110973942 -0.104951883191076
0.309915725800147 0.297254806150115 -0.0690762739369357 -0.104159892988687
0.307704819705568 0.304789652848891 -0.0536459036131664 -0.0879781476782631
0.310626464397355 0.378686239775982 -0.0178069985838438 -0.056860090397251
0.205736096472883 0.506181872743586 0.0140553269442 -0.00707068558038092
-0.036081916844912 0.549426963209761 0.0409233050055446 0.0804264487792217
-0.389202784892159 0.474420086953831 -0.0855974864828452 0.103565853640158
-0.617210116896842 0.150084853477021 -0.169625303143517 -0.0215866959654925
-0.547456172968135 -0.126061093318379 -0.0988145229050033 -0.197665356776602
-0.453401295075594 -0.254714389020928 -0.0325996514403297 0.237270288531124
-0.533421589141286 -0.0867496909027367 0.0423286495753274 0.0157427243719605
-0.498914062879568 0.131132856997951 -0.0743326088435658 0.025665493234783
-0.312420298871544 0.365910473992967 -0.0523181473523907 0.0612274258224686
-0.0628848216502239 0.477864605342512 0.011690738231611 0.11487110861117
0.153420388835817 0.436485182069448 0.0744261187817928 0.0644333968469914
0.265120889049769 0.344644204463402 0.0509778730563587 0.0286328952983789
0.316083796547564 0.317480795690763 0.0576760482106314 0.0170153388542326
0.311011571692736 0.316271545567924 0.0701230664209675 0.0204016375128984
0.303125603024486 0.379822636602576 0.0833656436726195 0.0345424237113851
0.190948524806812 0.494497687635719 0.0776447924954253 0.0737160001263718
-0.0419763633182442 0.513125489775077 0.0707886864496593 0.11375807764384
-0.337437390243412 0.432242242565807 -0.015059340437072 0.0978012200644571
-0.560746813724974 0.169011545813808 -0.0493246629815182 -0.0232315836152098
-0.530517542032064 -0.0809726644207966 0.082822644129094 -0.141069664208675
-0.419577925965124 -0.185654704669646 0.159406306684366 0.329211762933367
-0.47507696782961 -0.0210232677337244 0.18632013870171 0.0539595649534544
-0.413518837746523 0.151678538498615 0.00603437893832603 0.0352488947376204
-0.256801551525564 0.322082253370532 -0.0541741306784281 0.0911258504780569
-0.0534792254981149 0.415632035048256 0.0156173463399659 0.213285322486202
0.135054733384934 0.38501100415849 0.124731697967577 0.194157574264882
0.236210461472556 0.309178687944306 0.148213728702893 0.160886449944401
0.275678151414587 0.286090259073335 0.175254900092349 0.134891643681043
0.263100676015106 0.283396689874657 0.177731832678834 0.122520987373629
0.236841747494014 0.326862307860811 0.160459025097922 0.116297099831125
0.122084352118674 0.406941991040754 0.118750631795639 0.138364660435862
-0.0683490587748903 0.379633440498784 0.0748421637667097 0.132597903536926
-0.248948766466715 0.295548462971117 0.0355234823753313 0.0774902270008017
-0.417719463442211 0.137380616467728 0.0503975342089561 -0.0292504199840799
-0.428190551397271 -0.0340208513731289 0.241768208655573 -0.0879294972459696
-0.307011743959175 -0.0799110616885639 0.327149502988708 0.380007759081883
-0.309179758330038 0.0443645677649919 0.30075542737242 0.0811983377374197
-0.231265559674852 0.125855238777899 0.0875069499945774 0.0376905718661313
-0.151298563085667 0.198150198393608 -0.0360969747251397 0.104161841386819
-0.0338332790291022 0.268945849240929 0.0261493682566083 0.268087222904881
0.0903609948559819 0.262746610182689 0.161575660026579 0.28577718564986
0.167274018866398 0.221784016672131 0.227009488287301 0.265043787308174
0.191703954469971 0.212139278132853 0.266773870573721 0.231422625381315
0.179204423532875 0.210668952235692 0.249542239662159 0.208756967441009
0.137466611027345 0.231633054890729 0.195129159620478 0.183270874919412
0.034065964794409 0.264220115687394 0.122046598897482 0.181722581638388
-0.0864083339996783 0.200874233689219 0.0512437986298736 0.134278222425195
-0.13106492267206 0.127935934562325 0.0608299545403172 0.0538336646243371
-0.227736079886947 0.0946458053272255 0.118486293221199 -0.0273873172228294
-0.275117197537559 0.0187219956834678 0.357407486987263 -0.0395349690876945
-0.132888944011779 0.0305896562676726 0.438990144175769 0.379905431827
-0.0835714211042816 0.0757164658035503 0.371899360844238 0.0883326405115358
-0.0222199823400616 0.0466421416868171 0.15652029424756 0.0146657637594159
-0.0498861764748871 0.0313792914770963 -0.0118763947938582 0.0841441450077148
-0.0285068126629159 0.0837655116282045 0.0331769311946326 0.272178233733932
0.0224003753844097 0.104500702003078 0.178743581828251 0.326956133010871
0.0672849050730654 0.105249701080232 0.277202927989456 0.322112739057576
0.0820915771797615 0.107072319974589 0.318820380681141 0.291579383477818
0.07529224237994 0.106114551881019 0.279995630027847 0.270386729347052
0.03479855072375 0.105448701911035 0.192867755931885 0.229774951037715
-0.0314552987269711 0.102694703652489 0.0961148632163389 0.199556249332636
-0.0650909669838085 0.0299708144120402 0.0162624449027084 0.115597000655614
0.00601605122200252 -0.000282916346323991 0.0752430167770214 0.0295169812576589
-0.0335307735207213 0.0777845490021068 0.162373574426483 -0.0131252561138246
-0.104256889180023 0.0817087640511668 0.418852528930159 -0.000461399094998007
-0.0460745897338197 -0.112841836886872 -0.504024792395158 -0.05182641647637
-0.128961494297257 -0.0860000047733746 -0.25006789154116 0.0495025323505952
-0.131056496897096 0.0420690789896111 -0.107486803719162 0.0257257489506371
-0.0118056558970829 0.0981170920103779 0.035604109417785 -0.050666277830529
0.0358460722157897 0.0657157346432799 -0.0277091424374448 -0.201028301927394
0.044075923798634 0.0280916272655372 -0.152400588971003 -0.272623979210169
0.0319266185610675 0.00928578073401903 -0.268292056314951 -0.310279998860063
0.0413310820325861 0.0185120106133569 -0.337521430277334 -0.323038299373598
0.0452957628134545 0.0313483331417957 -0.314263011971474 -0.327320375915588
0.0774291237705017 0.0627320329709734 -0.215172076491448 -0.306639403991203
0.0733168144758335 0.111060328381671 -0.0911732259921023 -0.249048103536861
-0.0130136873752838 0.160031093082477 -0.0316347093742154 -0.0903429573798162
-0.185111278075966 0.108650619183467 -0.202646953828863 -0.0228946566280017
-0.189761713248331 -0.0792155108390365 -0.3592607439778 -0.114556746198029
-0.0880251078729716 -0.132792229354538 -0.443756740948998 -0.366059887254158
-0.198485756505294 -0.190509563652383 -0.466464840319202 -0.0286253563020538
-0.268529551615823 -0.114747606600353 -0.251708761071637 0.00368726853754887
-0.259927179582596 0.05793488819803 -0.149285195578079 0.0380323416902486
-0.109246239495601 0.192158101905235 0.0250110207494778 -0.0121771807558706
0.0166425585226279 0.21363187919923 0.0066288824093 -0.157829172025965
0.101382776417055 0.175322606288498 -0.097087805523084 -0.253372246044764
0.134563386518932 0.136654152604943 -0.223203683120352 -0.290999544092394
0.168403326961831 0.143453641802401 -0.288275194095272 -0.29295332401987
0.167098508546849 0.164400989985646 -0.271247183551342 -0.281081152798568
0.180164038457588 0.221927729926688 -0.186349739801531 -0.246689068908784
0.120855582115561 0.30469224073713 -0.0821558363000274 -0.181565636787926
-0.0487578805198947 0.352625504535377 -0.0244255329654299 -0.0263428638861699
-0.332807825891685 0.274337804197952 -0.208031453248818 0.0359627948910218
-0.432973455932945 -0.0140466571566027 -0.355530402709626 -0.0808458544606983
-0.316537686226527 -0.176428265225291 -0.397022611495403 -0.32810240528225
-0.333352117517899 -0.256616843483427 -0.375471449261628 0.0356508086056789
-0.400845597871499 -0.138038763134568 -0.20716478614366 -0.0247630319629306
-0.387206216095415 0.0666630765745664 -0.169102353300416 0.0322113953403349
-0.218103003104117 0.275066313766993 -0.00502188504401537 0.0148777622096433
-0.0209366418730081 0.354693996344953 0.0193660526832256 -0.0878575192762984
0.139334367103401 0.316029643485341 -0.0386084175473537 -0.187192121313214
0.217059075852798 0.254663977109815 -0.149544601641019 -0.221865290162755
0.269841807907268 0.247553148249977 -0.196655960945711 -0.2185397616216
0.268392007010228 0.265219649162878 -0.180755235084625 -0.199306053140259
0.273955753673935 0.338784751861272 -0.118174425565237 -0.160005326933423
0.180708906080829 0.455537456588596 -0.0452922776837103 -0.0975074781913823
-0.0499857196506895 0.505667019966274 0.00598542360682204 0.0335709415830872
-0.408121418448912 0.422832254470858 -0.164523142135092 0.0864852640067909
-0.598220173275186 0.0806917365044735 -0.290753552165707 -0.0429349767166989
-0.493354414492387 -0.173564936626386 -0.277082156835695 -0.271557817522619
-0.433334271735646 -0.289215836872052 -0.227542343918923 0.134570453067871
-0.511792521488268 -0.133623204961231 -0.104238835564206 -0.021388442800729
-0.493597970720696 0.0947587447105736 -0.144363973054262 0.0247513285491276
-0.305870988195045 0.348409218437392 -0.0376326330779546 0.0366198307156103
-0.0543269695564601 0.464418947140202 0.0170058594689469 0.00868511005118967
0.160344519205349 0.422131059353685 0.0200449364855433 -0.074512340128661
0.26888656457707 0.337507230583874 -0.0544715141020707 -0.108078147933133
0.327815044417823 0.314953554269157 -0.0737895967965285 -0.108752982791985
0.325539180799063 0.32392158430607 -0.0581660144812995 -0.093230641981082
0.326964687531768 0.400052319953226 -0.0181777042315231 -0.0620915767684657
0.217558605546326 0.532246304204518 0.0175163820705704 -0.00631514007517648
-0.038775722576606 0.578231027880635 0.0460958904541627 0.0825892110364991
-0.409687577243177 0.495345939513872 -0.0911716606824734 0.107748180677536
-0.651884995747487 0.156059710190266 -0.17837829222509 -0.0240792631698256
-0.577262636942488 -0.142432671573597 -0.105754632384092 -0.207826281544173
-0.476619603569909 -0.269735456089058 -0.0377491662042277 0.248996448056376
-0.559124921195362 -0.0957803439094919 0.0411063508117691 0.0107972229738386
-0.523288672071137 0.134357034852844 -0.0792877130900646 0.0260283687208889
-0.330887260604451 0.384536434028573 -0.0591067317241731 0.0647860401345304
-0.0659169077485662 0.502019511617289 0.0122116480797143 0.122099035001858
0.162306997279143 0.458818961784198 0.0775519567028646 0.0670664040589652
0.280613382043305 0.363193965193919 0.0511449010561524 0.0325386666421129
0.336420301727327 0.334495096603244 0.060142816810788 0.0190805552327786
0.32999456037294 0.334983331296414 0.0733819526361289 0.0213047653988056
0.321025140371874 0.400651568621566 0.0878805512557372 0.0344360598900292
0.204646785463195 0.519844709082715 0.0843955171390021 0.0780968920224266
-0.0440753258805392 0.53876694379701 0.0767153097977218 0.117493293158663
-0.356810086937385 0.453560213196469 -0.0165336662460917 0.100508264675566
-0.590779918364145 0.176352539549773 -0.0520943920706025 -0.0247519708229592
-0.559116454753861 -0.0929520761190777 0.0850057410362038 -0.1472960981305
-0.441155752107257 -0.19755497011125 0.165240147124937 0.348855541352991
-0.497122456642789 -0.02507609881099 0.192264115631284 0.0530777148267431
-0.433928909520147 0.15496586340216 0.00597715977651733 0.0355770500808361
-0.273105175263468 0.338724617941845 -0.0604781664598018 0.0962043320813144
-0.0562277230218937 0.437735365792067 0.0151417472828921 0.224177605816101
0.142073614367784 0.405355030265901 0.130053317183448 0.204176586045818
0.250317606958683 0.326897630198506 0.15399224938356 0.173714899827973
0.291641844229659 0.301675647139351 0.185109054040506 0.144099746787094
0.279996936568158 0.300125153005214 0.187265716210686 0.130088178806577
0.251707763737683 0.346052677008759 0.168571916654923 0.121060333973611
0.130747767444029 0.42587649427443 0.127292161924897 0.145247907183044
-0.0727346884101353 0.398241592300173 0.0818586539283696 0.138197695065821
-0.263836105944552 0.308430405387604 0.0369989182207131 0.0791896866653627
-0.43860899900503 0.143713515336622 0.0538126657138009 -0.0307363951731957
-0.450193363571436 -0.0420804761978785 0.253390325163768 -0.0894381628229446
-0.321183055715286 -0.0868824659851838 0.341858673721717 0.405009832202782
-0.322710408885034 0.0446725132532019 0.313422609072408 0.0847307632928672
-0.242448734358215 0.12950869170392 0.0921465131665402 0.0378032579947993
-0.160940197726009 0.207918549157281 -0.0411039859766305 0.109075557192883
-0.0358490331861911 0.282321534683979 0.026104889693869 0.28167391249773
0.0961834050814809 0.276640889240327 0.169020886608026 0.301814095561888
0.177392497024155 0.234103033305417 0.238413972444774 0.282774430829897
0.203474553656831 0.223445354200197 0.282707666410919 0.246074604658278
0.19005088335456 0.222220765311693 0.263754761785748 0.222419511455025
0.144286784810428 0.244513982867153 0.205216614228362 0.191923696837133
0.0372126211668031 0.278192620391418 0.129547610965844 0.189825511253742
-0.0910939849014969 0.210718157972767 0.0562015221771882 0.139739720625136
-0.137951393602143 0.131502337546814 0.0641086220796023 0.0532561046240082
-0.238257215781248 0.0985655411035536 0.125459183179591 -0.0273365731210117
-0.287938241041361 0.0161325947833054 0.374194989218166 -0.0369552542369789
-0.137905401870036 0.0310499986780158 0.46030569423069 0.407558449081138
-0.0860908653799143 0.0777671412865136 0.390606409863204 0.0944797941630463
-0.0231510161480821 0.0470885951026182 0.164001302691378 0.0135899692804116
-0.0538912743345113 0.0333726552969357 -0.0142501994161574 0.0877677891338003
-0.0301900675424986 0.088226452754174 0.0328553055242001 0.284896661357603
0.0245313089451773 0.111009207777991 0.187205327862079 0.345662412733572
0.0725387708450591 0.111231006262486 0.290258552542781 0.341663658960128
0.0874461682062585 0.112279172520435 0.336500049882305 0.308985099531891
0.0799772100537394 0.111105947511448 0.295713225121023 0.286347153091792
0.0349682082727209 0.111131598575599 0.202290535294659 0.240779102086501
-0.0326671740455508 0.109239538593587 0.102319991678432 0.207181452223605
-0.0694119591421546 0.0309090014209037 0.0187749022822178 0.120381802522147
0.00599839413737076 -0.00314886763111759 0.0797784576363448 0.0288652068942707
-0.0335507462524957 0.0808406338136773 0.17128132516609 -0.0109601318705612
-0.107291344520908 0.0844246857522029 0.438486898408041 0.00517947964397843
-0.0663148038710405 -0.116845267405784 -0.533512345031573 0.0322717060461391
-0.149692395413621 -0.0722547489304135 -0.248485600200303 0.0909848814232229
-0.130445668136801 0.065531896046391 -0.103877595839645 0.0417277940749135
0.00329818710461617 0.104762119741077 0.0257892381198332 -0.0636698908899967
0.0509676538586752 0.0628259746291097 -0.0683815873948949 -0.204865666834515
0.0514629004959483 0.0224736377530167 -0.207925904922159 -0.260954897158773
0.0351586147916954 0.00615471801572905 -0.343450158386625 -0.283513137656131
0.0486258912921391 0.0127550012251262 -0.40580194407265 -0.281958754904404
0.0550359385911373 0.0249282588294803 -0.386641726175119 -0.294904003349949
0.0937686140490825 0.0515161813399937 -0.274401220937101 -0.289615994903776
0.0964814140639617 0.101250001385811 -0.134391018848181 -0.249860135212801
0.0111054212878904 0.168735845444376 -0.0452206293685518 -0.093135415663727
-0.172324367303649 0.144200028885735 -0.212542806120766 0.0129053782303888
-0.207054830320165 -0.0507481508231937 -0.393860665416396 -0.0591926859614697
-0.111423564971585 -0.120950404881419 -0.524623105168114 -0.323964621465964
-0.243121039383788 -0.172127797039906 -0.475855829593455 0.0454084610135964
-0.299785011227906 -0.0823597291513841 -0.253218783043148 0.0403956296510172
-0.263024314129858 0.10115584528744 -0.139492420618253 0.057751725006242
-0.0848899319409036 0.216779860774061 0.026318440646991 -0.0262679637671211
0.0529362226734963 0.219978981924103 -0.0229067730055616 -0.174222908183717
0.134628804268537 0.167947083179433 -0.15128042011728 -0.256730202027814
0.163057255491291 0.124586301637682 -0.292630609650687 -0.274331098333953
0.201969218381276 0.123328704051285 -0.353042097638214 -0.259729717418998
0.204205046177557 0.143974807532606 -0.333927358863178 -0.255172389757822
0.22583226406038 0.201324049850085 -0.233452235756906 -0.232633939722316
0.177107465890318 0.294490843835936 -0.113835712001982 -0.183318047401684
0.00213643315049322 0.373016438904984 -0.0231487579395043 -0.0301824778830127
-0.29990456585068 0.339028343233933 -0.204730316580047 0.0747557345653443
-0.448959113164257 0.0543168647969803 -0.384774470280479 -0.0179734441481916
-0.355517506410351 -0.131846574437055 -0.471804184275329 -0.28971755935012
-0.399121660608115 -0.219597885817596 -0.356428618109241 0.094600021173938
-0.442948731290473 -0.0873778650533275 -0.207326480834642 0.000376392701675549
-0.396100447152491 0.129745452627331 -0.154868928304102 0.0503431947764664
-0.188302513110984 0.319767337464693 0.00386912077100448 0.00377499062878687
0.0335990505491459 0.37127616348036 0.00367064549426463 -0.110146603918728
0.195927403215321 0.309600495471142 -0.0823332182931827 -0.20438061826717
0.267556236585352 0.236011872902443 -0.203111677719854 -0.21712967977159
0.324557007225627 0.216685634387451 -0.244106044060057 -0.196763143769643
0.326684413726931 0.233166688598163 -0.22499811393983 -0.182745754970369
0.342265644301083 0.307685570940868 -0.14765663127294 -0.154826831136709
0.262774419551368 0.44030615391678 -0.0607998674108089 -0.103292656452844
0.023908491611825 0.533151752046933 0.0201419927166147 0.024805170805506
-0.352040106839273 0.504713078016044 -0.148560675511149 0.120015949517038
-0.606394379059846 0.176786619236857 -0.308414753745863 0.0145450800662203
-0.536500476321264 -0.10467550055379 -0.337970039330564 -0.246312974544212
-0.513393700097571 -0.235374689528058 -0.174516301027895 0.171484037001695
-0.560704844982288 -0.0662930041728619 -0.0954817722143692 -0.0172436797398069
-0.503933359844193 0.174579413837202 -0.12598710604668 0.0327158134828173
-0.270144252204192 0.410597786427306 -0.0224035292749724 0.0282628943903604
0.0146304784005306 0.491285920142374 0.0189168351110196 -0.0157698767565308
0.233852382414795 0.417365767887986 -0.00265774864423155 -0.101007788638131
0.333218613322127 0.315815776766073 -0.0814479093230846 -0.115581169952329
0.395634806146759 0.27929913064149 -0.0988007371266324 -0.101672714562756
0.396298760462307 0.285225701407799 -0.0782081624418649 -0.090959794671214
0.407346680268684 0.364074196771563 -0.0261126094097018 -0.0680522989808959
0.314028835845896 0.514095502057677 0.0201533620044861 -0.0185795848524604
0.0463219390652003 0.605112315585426 0.0711144050223256 0.0684745328878354
-0.342892575113984 0.579731422440237 -0.0665298984308883 0.128514347986889
-0.650774090959099 0.263753957525916 -0.185678544865303 0.0170365273167129
-0.620167902688758 -0.0583515826863968 -0.149388182515936 -0.203700233405146
-0.558326326339261 -0.208119959243252 0.0489980582083591 0.258254707088911
-0.606167163136558 -0.0168593853121392 0.0643837738795918 -0.00999735421529533
-0.530326612019365 0.221359492229211 -0.0556971922583125 0.0180837927567994
-0.291956198607234 0.450720076961993 -0.0393354894979125 0.0592648599847539
0.00484014195975521 0.533446867260661 0.0344544548369005 0.10098984289801
0.242967547940991 0.454016051508712 0.0815656486706147 0.0363604184601335
0.350118927539043 0.339898942815595 0.057117117518658 0.0150152546279774
0.40615511891771 0.298925977587465 0.0624291157619825 0.0106135354082404
0.402007941420398 0.296463181188709 0.0798007030874172 0.00896313491120825
0.398522450761596 0.366103315608595 0.100837740455111 0.0159322843483919
0.294938287537787 0.505541373875677 0.104357378256015 0.0596348205600481
0.0342417561584612 0.564943612492823 0.10876959600013 0.101055069629227
-0.295226412078934 0.526507706441584 0.00944950872053609 0.107537242327445
-0.583205459322929 0.274523894890858 -0.053119317841419 -0.0043946233366574
-0.592486865147829 -0.0122358675700022 0.0619052504195844 -0.165970441873077
-0.508113104279394 -0.136515222637646 0.275447099894778 0.3278922442584
-0.52921617623147 0.047409509367087 0.2278715974858 0.00919573051256027
-0.434238383405839 0.228883380862165 0.0305171006001138 0.0142668023254262
-0.23912708020525 0.393185772266071 -0.0375369075554869 0.0949699579898349
0.00503843324495705 0.464055210448499 0.0556463226607239 0.210224228553729
0.211461278177613 0.401506381877238 0.160922018056121 0.173803904873944
0.312747465094712 0.306401435990283 0.192988775286681 0.146719233558328
0.353754964017733 0.27026078353589 0.214911846881662 0.120174943285067
0.341220337885543 0.26727443854138 0.21962807926516 0.105170292291872
0.315211970555711 0.319269934350791 0.198470912004524 0.0950478234389411
0.203873011400615 0.420089600140958 0.160018686998044 0.124826471377636
-0.0159616642755635 0.424019474022596 0.116064913694489 0.124457085939378
-0.221846054731989 0.359213133858217 0.0580751705239117 0.0758951209740814
-0.431942017175197 0.217362257045327 0.0558678283573473 -0.030401307818065
-0.473434628766528 0.0238313533069892 0.250508265873569 -0.129358477565504
-0.362754113915632 -0.0364317155713773 0.460346101342482 0.359318537505678
-0.335857441124893 0.0959488932927934 0.354654477786236 0.0260658176300458
-0.2367938467594 0.172752946315593 0.112088905021096 0.00830245429461323
-0.141149783733216 0.24092641189766 -0.0183926452900415 0.111491395947308
0.000463378385479154 0.299848358620573 0.077229114636646 0.275704602572724
0.142157910596517 0.274523818950102 0.221845018621649 0.277329665355929
0.221952275024663 0.219951838297096 0.304037327539684 0.252312130919262
0.248900775753374 0.203413681295796 0.334105975003708 0.211310571873761
0.2338946018185 0.201872668360768 0.315113018606519 0.189363329120189
0.18692569024432 0.232480907345201 0.248378691683912 0.163921200406624
0.0826850605831916 0.282208886251465 0.169636391427173 0.173046978676042
-0.0644054176701366 0.231366098836122 0.0877972572016862 0.133733598252732
-0.122283571525538 0.156221658171883 0.0790585198594039 0.0435165876733019
-0.230516831967787 0.137462093303508 0.130216347006231 -0.0417283872350908
-0.294693563707121 0.0583690121276116 0.385737104805201 -0.0923673220119728
-0.146233433362248 0.0582785644731295 0.568366422339567 0.346007553373687
-0.0803952718766455 0.0967747379575015 0.42901480630339 0.0295386918687126
-0.0185130280588123 0.0523718283366118 0.174994639248688 -0.0192474366253256
-0.0539248723315992 0.0429749314574967 0.00108876239431694 0.0920308070368228
-0.0228112795031317 0.096861196662427 0.0845500979343794 0.287291884448827
0.0412898202896795 0.111849404659475 0.253385948765595 0.328112979864579
0.0926299100846896 0.105671071928233 0.372515244305076 0.309353119522193
0.108411493364905 0.105144416352057 0.403118330822197 0.267800858341922
0.0994346722428726 0.103768398301597 0.360996363989102 0.25284636333953
0.0507667076040509 0.111293999020914 0.251495759472729 0.217756228343136
-0.0176658464037279 0.1188893376955 0.141527927847489 0.198568848420081
-0.0685044546912194 0.0422760644413234 0.0424685875682693 0.122417612703697
0.00475221055716474 -0.00746018796334384 0.0878265375585332 0.0142545405199504
-0.0213811223120426 0.0868892715722596 0.179751466058635 -0.0360206410487853
-0.0974015343444681 0.101368101574015 0.463162552964289 -0.0561446818265853
-0.0790002629410035 -0.113136761190606 -0.543495127257286 0.0750920696250181
-0.159369787623683 -0.058084546634459 -0.245743651979807 0.109623092840878
-0.126205479464043 0.0800084387139168 -0.10219769142403 0.0537659137993284
0.0142865412308641 0.106055699795385 0.0183481767780699 -0.0665153698609937
0.0587118822533794 0.0593012455647821 -0.0873152963856688 -0.19947035352273
0.0536910280875469 0.0186065784499139 -0.235046330487981 -0.245429074048461
0.0357832002293035 0.00356537496373459 -0.376712413733295 -0.258028726414718
0.050673130463402 0.00989568934288912 -0.442669962626468 -0.252058465339156
0.0593798004910577 0.0221466024817997 -0.421805004850395 -0.267602391957847
0.101005117277169 0.0436412694136511 -0.305283744546286 -0.272240907035745
0.107187207403638 0.0922723275425512 -0.157892601161097 -0.243067473387565
0.0271725563767599 0.169790069990359 -0.0522818706282564 -0.0914620605983793
-0.1621858456902 0.163209432767597 -0.21475558920072 0.0331389164919022
-0.216792720914273 -0.0320845709772843 -0.405480626285984 -0.0273090958003198
-0.126328052339885 -0.115018379598515 -0.564968563782993 -0.290227105312539
-0.263969618482201 -0.154568041770184 -0.485090097054746 0.0847765748147803
-0.313172850304358 -0.0559524200028119 -0.257490465894286 0.0592277219902125
-0.257719239104194 0.126901940460483 -0.137301850379832 0.0730230688787892
-0.0652415464899739 0.228012317679434 0.0225044331805863 -0.0269295957689093
0.0753987410466902 0.218705255931255 -0.0385288983431302 -0.170904492227666
0.151346276839081 0.158156100354575 -0.177520732263201 -0.247015682808825
0.177620705220502 0.113092894698676 -0.324604671333056 -0.251605874535604
0.217802326038316 0.108867110982607 -0.386579285874594 -0.233183226017542
0.224312900942572 0.130579745521373 -0.366050312850201 -0.231009379617585
0.250148744099399 0.185176035737479 -0.259085190343113 -0.218850230701855
0.207054674000735 0.281098787242289 -0.129715523213218 -0.177067299156023
0.0364075016819357 0.378553809956329 -0.0245832993555989 -0.0302300040777747
-0.273291913331458 0.373148325360646 -0.202370221730571 0.0964900705650122
-0.454123412890128 0.0970138905039411 -0.393651686111612 0.0131130133678129
-0.376938826966374 -0.106251184696606 -0.509349116031947 -0.257675570370096
-0.428287133508466 -0.189892403948687 -0.358244478407898 0.125658157521548
-0.45916354474456 -0.0508300483966599 -0.215534944790235 0.0128540179600983
-0.39231857342671 0.165548889329475 -0.153537307906255 0.0669904592348533
-0.162683961123697 0.341487755906472 0.00185824849233373 0.00501776580101954
0.0700479388035298 0.375480073195244 -0.00466633905154488 -0.110126112704258
0.228601779857516 0.296080997716647 -0.102319410013357 -0.200497783617679
0.295476298126881 0.215425563214307 -0.228445563061589 -0.200276599301496
0.352494675101579 0.192363680502919 -0.269555187472378 -0.178474884368476
0.358152400594855 0.209931728616046 -0.249021276505964 -0.167184041067636
0.378999050486428 0.283746842883103 -0.164754648144882 -0.147175372553532
0.308167436869398 0.423204063343662 -0.0676014232963194 -0.100105870969174
0.0727032642524731 0.53917014563771 0.0249259720640094 0.021199238679582
-0.312978565516065 0.545584979416023 -0.141374403197967 0.135601415617089
-0.600395281467501 0.235943669110307 -0.31335490514113 0.0401008841656105
-0.559571143782483 -0.0629395844939509 -0.371486295276867 -0.223333996383132
-0.544432250550386 -0.194663490165633 -0.166181408471642 0.188553662472578
-0.577373092790558 -0.0201409039844941 -0.10542002302547 -0.0131880591411375
-0.497217316861965 0.220223876531147 -0.126284290690333 0.045345439380028
-0.237892328206343 0.44211415076118 -0.023602660671012 0.0322958853981524
0.0609608104982498 0.500030946628869 0.0192950277509058 -0.0155269893390772
0.278633400109281 0.402228576691524 -0.0127604024340762 -0.103243438201962
0.37154268046945 0.28930706527625 -0.0949651353636989 -0.107242733331214
0.432879681400267 0.249387061562068 -0.111597530506673 -0.0940240837041063
0.435374824319308 0.256149593247848 -0.0894686483479014 -0.0858370156051289
0.451426303724972 0.335488780562961 -0.0332992172162911 -0.0705074390617378
0.369773227955487 0.49488944260613 0.0227820028815672 -0.0217718620164174
0.102617781881232 0.61243450644591 0.0805665456661049 0.0604519595653342
-0.29705584938488 0.621595223329986 -0.0579219083345858 0.136118777853507
-0.640148696131633 0.327125102045528 -0.188334166570296 0.0331829681523351
-0.640873610828643 -0.00889630188610592 -0.173629111302411 -0.192979557126985
-0.587789268978049 -0.16431439869487 0.0706688745963163 0.259307904771528
-0.618856209670179 0.0336767891345069 0.0571918570783204 -0.0194616679402744
-0.521766725753516 0.269110220003526 -0.0566279860628219 0.0232501553365851
-0.258253632925229 0.48589921019899 -0.038397120427649 0.0653763131344414
0.0540362460126709 0.544199571499183 0.0449720794074261 0.101205975282718
0.289920462533501 0.44009782742282 0.085493906384351 0.0293833833159349
0.392071620980448 0.314871010007021 0.0587892613736364 0.0132031155448573
0.445718775017074 0.26733209142064 0.0650044616787022 0.00592024235316769
0.44084432972077 0.265748004330328 0.0821610852392667 0.00204597932151982
0.442785398450145 0.33776308462941 0.103574174801727 0.004422857826977
0.350848611387905 0.486732332655635 0.116028866800345 0.0495165565046471
0.0870540404348459 0.572035479487467 0.122670846091606 0.0904514221604343
-0.254493277987348 0.561542927602543 0.0176305529207247 0.107666764223953
-0.570288680554606 0.332067443778992 -0.0552214009168525 -0.00100137604585483
-0.607826300677382 0.0348944907424567 0.0453658052972556 -0.172172184657394
-0.529181300545904 -0.09468794668985 0.309614609266217 0.311847218360331
-0.53553688161717 0.0927560796792229 0.227193665457216 -0.013023971836956
-0.422610035397238 0.268237223447629 0.0307388196308831 0.0105893850586627
-0.210132419981636 0.422151376801875 -0.0331838757813278 0.101215316494831
0.0458667904014162 0.473007181017716 0.075275258527551 0.209268649455375
0.254394582231224 0.389434858610142 0.179256603575494 0.162860163922563
0.348646201157951 0.28334261519939 0.210487878877161 0.136037155420753
0.389048078150992 0.244298933036997 0.232259913408471 0.104492118569992
0.376613187767709 0.241821230684813 0.234566563200911 0.0878773339363394
0.352851934471224 0.298281218231003 0.2106548270976 0.0758096137595099
0.249682356121576 0.408791581287344 0.177456432348043 0.110528957693931
0.0216646614381073 0.433011637802228 0.131466923098636 0.113476095656845
-0.195098431902161 0.3838495776096 0.0643736295716135 0.0696225117601764
-0.41913090076411 0.257846680667919 0.0530172806840041 -0.0359545156420682
-0.480227572801394 0.0615820433628523 0.241175392911907 -0.150175689296736
-0.371968492541935 -0.00693430432656019 0.50229322961755 0.329359590766155
-0.332601876896094 0.12510314313607 0.359600310899523 -0.0048248817980827
-0.226318430245974 0.193942327366348 0.113613427851433 -0.00264678248830405
-0.123695614416825 0.258834881039782 -0.0112975766230857 0.115468000198988
0.0268344795141003 0.307061706846447 0.102458289094349 0.273636819636857
0.171947666546713 0.267331659198322 0.251108738544139 0.262172740776273
0.247853600627338 0.204130732772605 0.33414825860101 0.23157032297659
0.275591390722082 0.184350825412883 0.362958081177713 0.186304263493654
0.258917172907642 0.184062582909893 0.341423302454433 0.164878893694028
0.211948067955533 0.220110832089702 0.266934062708895 0.143725339566471
0.112825856238303 0.279229387638007 0.189989754462986 0.158475496962104
-0.0446117850783863 0.24094140661742 0.102953679929272 0.126543831822323
-0.111958472372975 0.167552485965231 0.082552974958425 0.0349588278814124
-0.221333533580721 0.159883757864524 0.127996193398473 -0.0532673600745919
-0.29540788139483 0.0823451617184607 0.384768332823729 -0.122848125063157
-0.141831601102669 0.0707670943022274 0.613996874952962 0.305717992551741
-0.0720686543544502 0.104009417865696 0.438976556215166 -0.00590565636245422
-0.0142856051807218 0.0531216997809359 0.174860079507118 -0.0366408989559984
-0.0522244451086463 0.0499422352386344 0.00735590757128037 0.0935219508629319
-0.0143425242990468 0.101543716260686 0.109955915193639 0.285400936485156
0.0541807799511826 0.110516163957298 0.288024586566617 0.31370563642673
0.10651954381415 0.0986784647670812 0.409356902136542 0.284730115227658
0.122037576468826 0.0962108146747543 0.438786563472816 0.237592444700955
0.110936142977022 0.0966322387978797 0.393848957295302 0.224798875610381
0.0615154477117709 0.110010755881045 0.275864387029385 0.197627512758587
-0.00572844252516824 0.123522486992952 0.162695778832759 0.186783508269386
-0.0665662018992415 0.0494374335264026 0.055294085198907 0.119329181487737
0.00294931483608966 -0.0107216152895015 0.0895149637225935 0.00375980837563241
-0.0119960682887995 0.0890320992433458 0.180425694999824 -0.0511268022458147
-0.0878415111764972 0.11021654131021 0.46568990633128 -0.0931293859465099
-0.0870652627794131 -0.102528821691309 -0.523074117147906 0.112900159687285
-0.159561956065879 -0.0412666450287026 -0.232054934129147 0.121738276649108
-0.115344665373486 0.0888734781383258 -0.0945688639138814 0.0619932970657723
0.0237297734362842 0.100798488304646 0.0110279396766122 -0.0637366680340846
0.0628915768417927 0.0518445792910954 -0.0999531467952491 -0.181298214860543
0.0518955755879047 0.013772226699109 -0.248967626100686 -0.217471726892187
0.0343103104514119 0.00161856927460343 -0.388319202468989 -0.218220964920699
0.049990340427753 0.0068671191733861 -0.453806549769516 -0.207964746512054
0.0612231402504486 0.0183232633851891 -0.433937629804215 -0.225268588039977
0.10208712680898 0.0334383209099248 -0.31885308734387 -0.240676713652725
0.110595365755336 0.0786325810844604 -0.171378852408054 -0.223755249800432
0.0412337863066516 0.160784578301581 -0.0570182173899939 -0.0854625781067063
-0.142376199313298 0.172821033160199 -0.20368477828948 0.0516952325714602
-0.213151560315174 -0.012599644407731 -0.393108661138901 0.00436501087802049
-0.133228599931427 -0.10222046018615 -0.575423471368347 -0.240230487614258
-0.269268164964476 -0.128188616452043 -0.467686225463287 0.117781510457913
-0.308153821281189 -0.0277985260757555 -0.248479662962549 0.0732630455283937
-0.238358238124438 0.143774125920291 -0.126997076085153 0.0838882421446108
-0.0429648934635721 0.225397070397646 0.0176688732772144 -0.0257969619273364
0.0928704695073296 0.204766892551961 -0.0496639070143831 -0.158985562544825
0.159997113776029 0.139954927807417 -0.192810208612569 -0.22428005941486
0.181503500185845 0.0944341526277649 -0.335973361391228 -0.215479915378962
0.221580360162104 0.087975344351409 -0.396260961035206 -0.193369572536012
0.230670371698816 0.109577597464366 -0.377396024943278 -0.194099638944804
0.258722511835823 0.157962068247376 -0.269137185628974 -0.193186531142737
0.223975762422827 0.253370135574954 -0.138147385416605 -0.162004436215703
0.0660852964236181 0.361803490675793 -0.0249212621870157 -0.0295301679024008
-0.234113078790657 0.38403268760414 -0.187658550052387 0.110131290651549
-0.432001215438772 0.131981555895266 -0.379799359016983 0.0424014411651339
-0.376445505243606 -0.0758989151527132 -0.518514759836559 -0.212900673888372
-0.430142381974174 -0.149192071711426 -0.341033817514566 0.148201673807046
-0.448521644200151 -0.0110179462580712 -0.214752100745054 0.0257299312198142
-0.364548983897871 0.191409609613697 -0.143860838350746 0.0789645648452337
-0.128051169714279 0.344072078861023 -0.000516116214281667 0.00679717589025607
0.100284978820161 0.357196618727541 -0.0118858325611153 -0.102861529023794
0.246243605076453 0.266850482848013 -0.115928599367325 -0.185703618739434
0.305061596595092 0.184384154884849 -0.237734627482988 -0.173377928328181
0.36005198167207 0.157917375365393 -0.278107097720827 -0.149128916075991
0.36804950805981 0.174602134778657 -0.258009281530656 -0.140825015170236
0.39321409991073 0.243585323184582 -0.17298080258962 -0.131932520094488
0.335441679890193 0.382276273336673 -0.0705869496242744 -0.0931633178280045
0.114908717767436 0.514441386774228 0.0273832254186472 0.015159343216392
-0.258340471796492 0.553282453022011 -0.126138573628283 0.143080018592135
-0.564628595342255 0.278277965246465 -0.30133772881751 0.0622312726174377
-0.55134399345335 -0.0191107626701302 -0.382034164416714 -0.186709901763305
-0.542958645570048 -0.146292287643382 -0.149190846844129 0.19569301528164
-0.559619391447625 0.0257286779604862 -0.111411297243266 -0.00854786087221934
-0.464703123333556 0.252298155680873 -0.119956301831057 0.0546601186035836
-0.193876466577427 0.448494463758057 -0.0233900039002417 0.0347835916255897
0.101988636158758 0.478869627626893 0.0191196484647458 -0.0149240873978847
0.303876664507666 0.364632510830621 -0.0213278804626431 -0.0990292944169071
0.385295744932576 0.248807423014616 -0.101278012596113 -0.0933204051527492
0.444279379308999 0.204770164521888 -0.117099591946912 -0.0809810110195432
0.445870488913067 0.21200404602357 -0.0956546758994746 -0.0761840644545225
0.469518204687168 0.286762899802484 -0.0394439434150506 -0.0684723118392341
0.401719703304835 0.446615884785593 0.0242611738452207 -0.0253993671499877
0.152483136333708 0.584210653558972 0.0849123340445423 0.0477604922867306
-0.238750941455897 0.626637491139941 -0.0455375137114344 0.135679080225563
-0.59213310683055 0.369754748528937 -0.180840238046803 0.0467793545247747
-0.625565929501393 0.0385057390656351 -0.187841396713474 -0.171711355081189
-0.582658184094007 -0.11303990615699 0.0870006203694904 0.246121518895332
-0.595347461852053 0.082491178142992 0.0460802996074721 -0.0262403334913534
-0.482957774686471 0.30043980254705 -0.0548137785396044 0.0271634335444404
-0.210853342250023 0.491616277649996 -0.0353738244051173 0.0676652870878761
0.0984996819108848 0.524174152164862 0.0532874246215429 0.0949405178950029
0.319787855535312 0.401068098516221 0.0853007056621357 0.0210042549931517
0.408139451744782 0.270887227302995 0.0587819569111676 0.010799953402421
0.457590194274205 0.220064522270013 0.0637609212009058 0.0017016071811415
0.4532822188163 0.220775039464512 0.0792825473132058 -0.00536297580028355
0.460328921271308 0.289726382100564 0.0991494727429742 -0.00683862393490311
0.383716768886918 0.439670792819311 0.120494828911614 0.0354895865776363
0.131992208738903 0.545915835385356 0.127843201359455 0.0733500854928641
-0.201855517768086 0.562616427576248 0.0235906702244472 0.10149666429279
-0.523647001561193 0.368625247877474 -0.0556310951603423 0.003369755400235
-0.58960917143788 0.0786705954305808 0.0279562197410606 -0.167258378094501
-0.519509277144658 -0.0505756253646445 0.324172008132511 0.278910595624574
-0.509207053034401 0.130206181348351 0.212987376625137 -0.0309399910085964
-0.387602572676562 0.29310598529769 0.0289840487721655 0.00671228705808049
-0.169660653779864 0.425934022389625 -0.0270876407887334 0.101518254746106
0.0854117313557633 0.456012304057725 0.0902268547051335 0.196443071534996
0.281228042152545 0.355384760933073 0.187586546617881 0.142347307426899
0.364298477760603 0.243420714421535 0.217249944189763 0.117192902010073
0.401103539842399 0.203223091301343 0.234619927001141 0.0830032396263135
0.388068625838421 0.202959590959053 0.235896422809321 0.064415758953164
0.369822420925785 0.258356544859335 0.208997959287096 0.053604467950387
0.280482416023077 0.371885936257803 0.183803512670292 0.0890116147040047
0.0578244688196154 0.416311194715028 0.138165446759686 0.0961834654749867
-0.159436937013427 0.385699093007623 0.0656438868938292 0.0605837495982572
-0.384028123692069 0.284196876585476 0.0474128599527961 -0.0385094306874753
-0.462347702534889 0.094028558060973 0.220423418455904 -0.160894784054125
-0.359351111106738 0.0224274419417895 0.515277599379953 0.280573282798548
-0.310530278616657 0.145729603727588 0.345040532183997 -0.0332722513776338
-0.203617099341963 0.203455964370085 0.107920071920084 -0.0125388255714516
-0.100029285272837 0.261809991229915 -0.00432104664925523 0.113325038474144
0.052016044612021 0.29579142037765 0.120553986273376 0.25650511211546
0.190086431449705 0.243628953670623 0.26573917796015 0.234032706971975
0.260223654696742 0.175173840055812 0.345024101606948 0.19900410502773
0.284949252893597 0.154615028678396 0.369185688585328 0.150644517366173
0.267719102154089 0.156503062583824 0.347006767882987 0.130257043586252
0.225504860354731 0.196081338597704 0.269168962814009 0.114623195452528
0.134521316288972 0.260162335809591 0.198472152782135 0.134347456023068
-0.0233122032593899 0.237305607506167 0.11158047727628 0.110741810682339
-0.0961744272212392 0.16794437068156 0.0808689204013756 0.0248817403787569
-0.199313437428193 0.171293112610489 0.11922757586419 -0.0606013338423667
-0.27829336024477 0.100703857749842 0.363369485799711 -0.146313391862632
-0.130664764047289 0.0789136865120798 0.62397743264898 0.249467923732527
-0.0602996427260261 0.10439448450103 0.424974624083101 -0.0394882951169814
-0.00955645869301582 0.050782284175862 0.164518259527596 -0.0513068095451487
-0.0471809333947886 0.0538116689109609 0.0117809373638123 0.0897211082314693
-0.00550294549783511 0.100031497443016 0.127200459993488 0.267531461765008
0.0633241487217213 0.102521794198598 0.306365234421329 0.281363575011289
0.112817100158192 0.0857170941898661 0.424677274353442 0.24252051105913
0.127847057836287 0.0816152865484867 0.447318732981436 0.195499642018255
0.116258657663078 0.0836689586441938 0.403610744668666 0.183931820969374
0.0686566450351519 0.101545902317714 0.282021877291783 0.167414018393697
0.00663511031851397 0.119877789606124 0.172867950876623 0.164465066964332
-0.0605393999894759 0.0544003131282795 0.0650136836240486 0.108863936796685
9.68549770062955E-05 -0.0129571945416228 0.0856734398807112 -0.00640803621216565
-0.0024910400228139 0.0855808175619062 0.171078849041311 -0.0623376955161395
-0.0746385233502451 0.111983888454585 0.444990959403087 -0.124451045524784
-0.0870852862146887 -0.0923766623766557 -0.493834188349113 0.123350969410027
-0.152985116975539 -0.0295592989588477 -0.217584538915497 0.119850521898498
-0.104386344463056 0.0904468373552215 -0.0865817578334933 0.0639896588906319
0.027686124548679 0.0933187231676983 0.00656909901075549 -0.0588793549390949
0.0626115342662867 0.0453953047021093 -0.10002988406224 -0.163369760848979
0.0480642850558835 0.0114493458288274 -0.244800297013026 -0.193336875052527
0.0317013778090674 0.00140277219154232 -0.377311498377257 -0.189062819229571
0.0478815469150845 0.00523861622525555 -0.440436160815711 -0.17697512950769
0.0602995956294796 0.0154210467019324 -0.422626252217882 -0.194148026021905
0.0981798099632745 0.0269104715272248 -0.311604559478453 -0.216397412544507
0.10627875056966 0.0680559557320229 -0.170847185533239 -0.204889572975284
0.0448899930596759 0.148899049816463 -0.0561590485139305 -0.0789318459660244
-0.125551801803762 0.169977938296678 -0.188785185444654 0.0585986719051404
-0.202300943444539 -0.00187973104778892 -0.37022348087382 0.017677048071047
-0.131433228714757 -0.0922604088494929 -0.557678953799673 -0.20606728764269
-0.26071311029545 -0.110206560521817 -0.440402571095384 0.128586164871327
-0.292727995791917 -0.0120498718163312 -0.23703115968692 0.0759117056814003
-0.219080709867802 0.146751709894853 -0.115797986803942 0.0858650412807262
-0.0307559082836171 0.213753286456903 0.0143400095036419 -0.0232295425323198
0.0980869640948002 0.187332529561798 -0.052272897235904 -0.144881775404013
0.156461413974639 0.124738828795282 -0.191667171979053 -0.202072689746059
0.175594869535843 0.0826859950697142 -0.328208356504738 -0.187667685041072
0.214152941127009 0.0742724701762875 -0.385756796154097 -0.165758349454205
0.225596696198812 0.0939789031623137 -0.367181274884748 -0.167880559162343
0.253302317202052 0.138325486762821 -0.264008076410311 -0.174097900769746
0.221240494057839 0.228240803337717 -0.135121093884499 -0.148777406216341
0.0773442718033869 0.337626542287634 -0.0231757077720866 -0.0285724762555597
-0.203717408255921 0.372499095223074 -0.172438465244278 0.11272591131511
-0.403197628841381 0.142686999645496 -0.35650850538416 0.0537555444075258
-0.362507328179411 -0.0587610389669018 -0.503858495275104 -0.18033489783392
-0.412182157675359 -0.122414683482422 -0.319396569058462 0.152064079742858
-0.424696451867532 0.00883173563463626 -0.207945428825519 0.0302770419343503
-0.336240872702371 0.196013279658599 -0.132687388972146 0.0816628499133584
-0.105962118195289 0.330369416790182 -0.00195754232754552 0.00854556615525222
0.11174246875209 0.331033579627509 -0.0139157706218888 -0.0948367097867525
0.244768565696403 0.240271575989955 -0.118212326901539 -0.170386150516909
0.297143798040407 0.16069603664814 -0.232587094929642 -0.151508076664727
0.350352385445798 0.13375025657053 -0.272298053453052 -0.128464835730381
0.358744241732575 0.149781756985556 -0.25152126362701 -0.122371127754698
0.384377925128284 0.213735619831831 -0.170642226861668 -0.120586916004578
0.334991666775053 0.344102741531003 -0.0673839790549358 -0.0874393137498041
0.13122166526634 0.480024174866101 0.0285803655166667 0.0105463053204068
-0.220510747192553 0.53244402382665 -0.11370418203341 0.140608562268042
-0.519697191423812 0.288640188367839 -0.282985093181744 0.0706090986242968
-0.526163596516563 2.42819182659677E-05 -0.373743550697878 -0.159197253972549
-0.519671551490568 -0.114948065907773 -0.135118023388163 0.190441819480927
-0.526385583284922 0.047256350470504 -0.113124529723357 -0.00562164211439061
-0.429173848300699 0.255580121037883 -0.111996450704135 0.0572766312197652
-0.163266487547142 0.431720324930148 -0.0235631507630731 0.0355179530541423
0.118402389363151 0.44686535618033 0.0187007087584425 -0.0139819999502952
0.303894879876773 0.329980759475355 -0.0247034612998829 -0.0930815203276304
0.377380816103302 0.218185332967414 -0.0990631643800106 -0.0818775435827998
0.431242886095416 0.174572311654541 -0.114906876808393 -0.0701065638343398
0.434171364427454 0.182553299943121 -0.0950805630132769 -0.0679075657723413
0.460285079711945 0.250816462856875 -0.0426518059040828 -0.0659028360508203
0.400351027114039 0.401624114787063 0.0256950264157663 -0.02780037480024
0.167945879887167 0.544230406837989 0.0836084663568198 0.0384985562608083
-0.200436526778746 0.600975139247244 -0.0388812225496641 0.129962946523651
-0.542887529463801 0.375408474128194 -0.170575059394676 0.0509230784919588
-0.59293673083163 0.0587844119907288 -0.188335360238269 -0.152003021256718
-0.553860338463045 -0.0825526322640266 0.0910024245487705 0.229270327068907
-0.559098131560626 0.0996857720134135 0.0350099625179858 -0.0273207758233618
-0.445612171030517 0.301694162720549 -0.0519162198243744 0.0275629766424663
-0.178432056926017 0.474052467860798 -0.0339545724446831 0.0665550283091415
0.117799405306633 0.489833925249619 0.0543757084096836 0.0877714395642843
0.320671916833444 0.363465602082028 0.0814223053298742 0.0156066601011521
0.399165696318075 0.237798937080116 0.056951804165911 0.0101375389193147
0.446124324621672 0.186979070361384 0.0610176775197364 -0.000274957870416758
0.441418591663964 0.188942207095899 0.0746258059355622 -0.00899753885136971
0.452162154568883 0.253599611280159 0.0916783070519672 -0.014174430966024
0.384949994191629 0.396981489437131 0.118756984786464 0.0247321698723193
0.149792868148755 0.509636491360957 0.125136792297646 0.0600494866592411
-0.166140607113714 0.538812844109332 0.0249695055769605 0.0934862824280324
-0.477652380302273 0.3701651377346 -0.0531474295538103 0.00691809297281786
-0.557202749379198 0.094395218770996 0.0171431732511594 -0.155438436755728
-0.492211106058802 -0.027434858376588 0.31858664314955 0.251792305856196
-0.474396948283953 0.142945213874181 0.193924626249013 -0.0382177265571004
-0.354180290487271 0.289958149296577 0.0258115507034419 0.00452719218125568
-0.143189425242131 0.411113422888796 -0.0241386299197504 0.098368306040486
0.101704737635621 0.426964920497661 0.0926289347447285 0.181595312223246
0.282759522216071 0.322364790816011 0.183524851975052 0.126119521022025
0.357188869087677 0.213445051097502 0.211668294095126 0.102305794981159
0.391438381422282 0.172589064881621 0.227876361870295 0.0687058830233887
0.377783372624049 0.173780059997641 0.226331312471113 0.0494889653139607
0.362813068611146 0.228212900928653 0.198493028686855 0.0392617959093361
0.282846594598594 0.337727325540577 0.180699056684801 0.0723998302263255
0.0734095713677549 0.390669032994562 0.136123266453055 0.0813838031013078
-0.135749079608871 0.369074423409161 0.0620123447820344 0.0528852947848157
-0.349038665473652 0.283843093055951 0.0424128963189749 -0.0372958757813896
-0.433398448802311 0.103955936873468 0.20008038475743 -0.156997242370033
-0.33706064353379 0.03438516223953 0.50126784386675 0.246296087095668
-0.286744089403905 0.148007382396971 0.321290402678806 -0.0435024992961338
-0.185589848803099 0.197148379493159 0.100130562599066 -0.0168528511243743
-0.0842938456858417 0.25239849580841 -0.00239169663288304 0.10758366048623
0.0630956429718787 0.278243998657715 0.12231616471774 0.237054327017635
0.192179408461716 0.221239423130788 0.261752148907069 0.209536533292791
0.255405559941719 0.152944706392475 0.337586955927212 0.173522038931185
0.278938113137438 0.131880887255218 0.359321034577149 0.126451418330449
0.261202316630193 0.13640369815281 0.334782768477316 0.106648761237805
0.222855885449717 0.175561981039177 0.257816605696841 0.0953769215357259
0.140911621244504 0.237925266073719 0.194828449515306 0.114128971158224
-0.0119986913309342 0.225970679384877 0.111188055194948 0.0973612810569855
-0.0863733944287292 0.160439350494671 0.0746168632004663 0.0187170351845911
-0.179186331435986 0.168302548050782 0.109900084991662 -0.0601390542427023
-0.258509217395313 0.103337099224613 0.337675605673067 -0.149252765991996
-0.118952546732625 0.0777014969554576 0.603379114351301 0.213060740706452
-0.0519689214877066 0.0989648567914914 0.399526919693082 -0.0530246407843369
-0.00788482352615628 0.0458670164373149 0.152183256412214 -0.0553796583358796
-0.0429854770187088 0.0543469015828512 0.0122865574551377 0.0849274235921217
-0.000374787469973151 0.0953324647231217 0.129777084831039 0.248071483341772
0.0651877443666077 0.0927632945807302 0.303009840647591 0.252399128873726
0.112190227190619 0.0746016856652602 0.413036347765734 0.212529257814453
0.126060267305378 0.0698705753054128 0.435570690314132 0.165345770452252
0.113290298846708 0.0739440667040192 0.39143840505036 0.154821631643551
0.0702030898774028 0.0947316420652767 0.273145715360334 0.145273280116768
0.0133828498162636 0.112682790997874 0.16985895564381 0.144540541789848
-0.055139338573559 0.0544204756107394 0.0670180578997718 0.0979995750414523
-0.00249924870278345 -0.0146697360708051 0.0790565762411297 -0.0111374461764688
0.00254626418349559 0.078744944478422 0.159373406128367 -0.0638244698148814
-0.0646585910335873 0.106703500914464 0.417388123016286 -0.131504901674863
-0.0851527461447983 -0.0874277295944453 -0.476744032282682 0.117055580143962
-0.146395908217376 -0.0262337178172521 -0.212628569869522 0.112084043349201
-0.0992674820002497 0.0889917178220049 -0.082757229755291 0.062829062894973
0.0277536847441154 0.0883772011949172 0.00464605541629871 -0.0545495568579021
0.0612259417646343 0.0423950181640348 -0.0949049176363207 -0.152867620271084
0.0457157511704843 0.01172708497907 -0.236291999531203 -0.181979160925843
0.0298859182083843 0.00268425950265977 -0.364802150208534 -0.178877583176768
0.0461369129614033 0.0063059469511689 -0.426412079873532 -0.168057839451515
0.0594905817099543 0.0155175006559541 -0.407463238714838 -0.184742233126103
0.0940403439465418 0.0244440359747799 -0.299446215722246 -0.207868337639814
0.101070072325041 0.0633228560474204 -0.162935970597593 -0.196752961059883
0.0434867953038073 0.141465655921793 -0.0527354009551917 -0.0765071488244491
-0.118458564377871 0.163630153012188 -0.180088805803785 0.0573081615338949
-0.19441822031056 -0.000909333568538562 -0.35423452173059 0.0151531302851145
-0.128406277451454 -0.0889283500937023 -0.537390597325403 -0.2003903955347
-0.249634490129132 -0.103939687489404 -0.426125683904664 0.122983280086131
-0.279999368130548 -0.00915878633868697 -0.232879370592211 0.0697800177025979
-0.208794755937408 0.142438180259284 -0.110500566127079 0.0833703557587925
-0.0272211621154366 0.203629092199729 0.0121429348874866 -0.0200010021532958
0.0960097374267362 0.177453550305981 -0.0482153875431696 -0.136334301444749
0.150230966659515 0.118721482671868 -0.185807183583812 -0.191880843476919
0.168314498797636 0.0788599233314915 -0.317310717408683 -0.176976263036255
0.207374051932384 0.0714601542305455 -0.373418865309481 -0.157245574685353
0.219251368070567 0.0899206204566523 -0.355480921219345 -0.159766355939133
0.244986699922072 0.131291597223901 -0.255071162380955 -0.168274004272272
0.212631702581156 0.21719611178751 -0.127727250597126 -0.144316581470244
0.0743646954652143 0.322380594145632 -0.02110080837096 -0.0292376784209885
-0.193232965982791 0.357450967290402 -0.165154378733457 0.109297328724682
-0.38565669575993 0.138413238011335 -0.342709053100378 0.0510922631261095
-0.350726546162417 -0.0574732838711726 -0.488158871905233 -0.171744574900494
-0.394742431392671 -0.115241039812106 -0.309601569754555 0.145800320510612
-0.405202137224169 0.0104668404142756 -0.20699907368321 0.0268331173513711
-0.323356108473186 0.188388795537703 -0.127513323193208 0.0798923047840985
-0.0999965052168639 0.316644822879552 -0.00358448801978876 0.0100320151860057
0.110743165842077 0.314721991232554 -0.0121932386844538 -0.0895634017037735
0.235814624380968 0.228062350638119 -0.115112718763299 -0.161925701040093
0.286499713457865 0.152343106445531 -0.224929765758784 -0.142481295130807
0.338137090840108 0.126263717919531 -0.263597311456804 -0.121268947525938
0.347639455801124 0.143335071213416 -0.245031535287821 -0.116777325849859
0.373866750117363 0.203047330940553 -0.166311799001908 -0.117603120159832
0.322460828929374 0.328655732502406 -0.0620998802027627 -0.0863009665487287
0.125312145052159 0.459585738113292 0.0282831510490924 0.00718444280672441
-0.210587305020271 0.511842213522536 -0.109345504591195 0.135042954719227
-0.498487539034169 0.277452480853924 -0.272744653932196 0.067544898357108
-0.509858461991301 -0.00109669622910152 -0.363434843180196 -0.15131327547003
-0.496755002089723 -0.10917873897262 -0.132275975231671 0.182537964558026
-0.504502558945267 0.0450742462100829 -0.116747222309779 -0.00629836185819866
-0.411005958839802 0.245837667561677 -0.108068281677307 0.055876279566807
-0.155066515099252 0.414341664698517 -0.0254816592849316 0.0359214720521765
0.117228506997158 0.427018200115689 0.0183559666167005 -0.0125081926743038
0.294203871836546 0.312247963896783 -0.0255429323584035 -0.0899428220374307
0.363642974410132 0.205808452088868 -0.095485831436971 -0.0760492569836895
0.417073116470028 0.164473233849864 -0.111290323794027 -0.0660842088770695
0.421548101534 0.17174241234332 -0.0932003984603897 -0.064578533645842
0.445667286302131 0.238116636578151 -0.0427520350353724 -0.0659264142672503
0.389018925857816 0.381312920468573 0.0273020526605863 -0.0310402500452678
0.163485690950456 0.520825478671592 0.0816986327566639 0.0327946495760918
-0.1895128773567 0.575569920870608 -0.0385602780956697 0.124323866441084
-0.518688151720248 0.360191077823575 -0.165219127928254 0.0500680708988134
-0.573763362659456 0.0534594466281978 -0.184004726932132 -0.141510151911998
-0.528074523513882 -0.0789030990181995 0.0856910466146815 0.21956077972073
-0.534579431340988 0.0958163793765308 0.0268020174288268 -0.0263804589820467
-0.428682223416132 0.287919577305073 -0.0511227442149603 0.0270282919402061
-0.170407014777844 0.455542598000681 -0.0360594125282165 0.0665057349263603
0.116761009382869 0.46783422430753 0.0514367128001941 0.0844353319728895
0.308493400587916 0.344769873366353 0.0773296486252917 0.0131454708717954
0.385117428487922 0.224199418984067 0.0552866181974155 0.0104483879378129
0.432250357322197 0.176915744167203 0.0592276016410076 -0.000191543510339727
0.426882251391526 0.179090272591535 0.0711533269426098 -0.00947342021565955
0.438495833421637 0.239308740916823 0.0855620371799735 -0.0164080689471848
0.372865584482911 0.375373736642126 0.116404382122161 0.0190946990158642
0.144500888876354 0.489581497911873 0.121747062462224 0.0535691303917548
-0.160092275890915 0.51595805461238 0.0222434149947541 0.0889964708344428
-0.457431284763924 0.354825729756819 -0.0522534818731658 0.00677632232757057
-0.537572345430855 0.0881505945168598 0.0141759548750545 -0.144906204594342
-0.470142726261391 -0.025909229363376 0.306231425673994 0.241284506711765
-0.454871043494821 0.136963294702957 0.180891953715854 -0.0360584897455487
-0.341832312480528 0.27501049892002 0.0234970515686079 0.00451334923117558
-0.137782579410467 0.396435058150351 -0.026633634919041 0.0958025750728796
0.101098087879804 0.409754114203467 0.0880089992151755 0.174191501553982
0.272727786155599 0.305266704610696 0.175755568145506 0.118538996174568
0.344800689883374 0.202006957235954 0.205060253783837 0.0980025552148226
0.379262725914562 0.162552676356684 0.220970609932568 0.0653270470276995
0.365845866378797 0.165782844676962 0.218038408732422 0.0461472821605312
0.352465909515024 0.216397441658173 0.188103924097345 0.0348357301902322
0.276342618393046 0.318574819388749 0.175141667196959 0.0639961774337818
0.0722597006856665 0.373846162914674 0.131959500709219 0.0743349330677341
-0.130430670668766 0.352405072550873 0.0576005916962389 0.0498412756606866
-0.332286282184227 0.27190778735801 0.0394892342904309 -0.0338187285206853
-0.419430501525533 0.0985361189085454 0.192277509448508 -0.147143157627227
-0.322013709035257 0.0320476843030558 0.483600999734834 0.23554241696544
-0.274252987558103 0.139633628622549 0.305560564969941 -0.040728374879474
-0.177814548513673 0.186471361440225 0.0945988464137974 -0.0170189156671448
-0.0809452748021419 0.243659560580409 -0.00475491719117323 0.104841457669098
0.061769226665798 0.266735665188604 0.115391144578992 0.227511754166948
0.185665293669656 0.209947681335115 0.251897983831709 0.198484494249216
0.247199498058411 0.143954553673072 0.327000143103019 0.165522209321157
0.270797796266482 0.123389088354578 0.34827151910279 0.119658124603735
0.252748201021673 0.129169643949665 0.322664826500922 0.0991537293119627
0.216088636287189 0.167436520358867 0.246127875665083 0.0888473046729547
0.138701611325111 0.22596299490411 0.187762539619809 0.105294993431656
-0.0105637437409644 0.216385905479908 0.108681795173092 0.0900280832523421
-0.0843310130923299 0.152170225734112 0.0699434206184125 0.0165999812556999
-0.169916006768419 0.160135945952568 0.104926110914065 -0.0559509368640165
-0.248246098060817 0.0966610507343408 0.324045226184071 -0.139887303200807
-0.112782187611167 0.0732399186997314 0.582650127634483 0.202554690651271
-0.0495354280628026 0.0924906859230201 0.38474126821946 -0.0493647338531473
-0.00817957848989929 0.0417015120233788 0.143597377198609 -0.0538452587091155
-0.0417403546797551 0.0535557207693536 0.00943329588360496 0.0824457856083038
2.87226313130991E-05 0.0922376670068625 0.122811634351635 0.238140443068812
0.0640772713822886 0.0873345663842654 0.292815634276317 0.240461470755081
0.109243849179468 0.0687005818290952 0.399476228644484 0.200654915322666
0.122265389126828 0.0651814958966963 0.423082955851133 0.156746248286653
0.109660938099869 0.0703879199889983 0.37792777075211 0.145722675727558
0.0681396985520821 0.0911117924365784 0.261638345025122 0.137145882386611
0.0148715369297366 0.106761147756471 0.163375916837612 0.134667660314879
-0.0526724682968768 0.052915060501166 0.0653696197972731 0.0914210762250175
-0.0049285000862974 -0.015522881746612 0.073695305685449 -0.0123728952624187
0.00362120804861638 0.0740276150436959 0.153851075254813 -0.0597671733025189
-0.059942196109793 0.100255299863785 0.402568243306879 -0.12377275251287
-0.069993447462022 -0.096452632560322 -0.48151676351004 0.0475473527811409
-0.138449881181533 -0.0461601579255043 -0.224987832707109 0.0732356346296272
-0.108760069609106 0.0738638989156327 -0.0922061139538598 0.0433216082719066
0.0139054529714515 0.0894323055062073 0.00731046981392477 -0.0532944498687514
0.0535038547885735 0.0489038828639056 -0.0733811736223385 -0.159517226478351
0.0427124312426728 0.0212186642394251 -0.209019654334134 -0.209243796053818
0.0258650882803658 0.00993228170769907 -0.339516867985835 -0.223209309901606
0.0416538115735839 0.0144982934423351 -0.394720705044928 -0.229963467703033
0.0515718571834513 0.0264327797443785 -0.375768397450384 -0.247812902513585
0.0844683266153678 0.0385856034148292 -0.261799927899203 -0.255188322738579
0.0827228773589894 0.0761590775975209 -0.127372239657835 -0.221457973234223
0.0177198458671618 0.144643149478162 -0.0381132821896942 -0.0872138629869065
-0.139863107144644 0.145129880215371 -0.180381182420134 0.0298937604784982
-0.190198464480251 -0.0268536028843338 -0.346442146365472 -0.0391290150373442
-0.116698223087838 -0.101668180828984 -0.505698747700462 -0.288664626797068
-0.228584148333155 -0.134455269955517 -0.423123517137496 0.0492343774146307
-0.27073116291902 -0.0498541310810103 -0.237835514016178 0.023095880708253
-0.22353202572993 0.108896043676873 -0.121367935833659 0.0520831475856478
-0.0583395494723006 0.192545375636372 0.00948827302001643 -0.0247497706930228
0.0659232037954124 0.184784779608488 -0.0341166963756241 -0.142953778481271
0.128301681262546 0.139839798530137 -0.165560234563024 -0.213417349101587
0.152111540596002 0.106272932647389 -0.294594320957775 -0.217295950266756
0.190954075029958 0.103258501908542 -0.34491139660791 -0.208789152426059
0.196003554338597 0.123833766982903 -0.32728367294641 -0.213558196800398
0.215547705492232 0.165668719702128 -0.223231484192976 -0.21203263214568
0.167733206006725 0.241581915438118 -0.0981054290532395 -0.168032216185912
0.0189743727196222 0.325254650123567 -0.0122207538574309 -0.0390881694532012
-0.240949157519862 0.321717737485486 -0.171498599654062 0.0830166764453118
-0.398250019327039 0.0775633168241851 -0.337968524669782 0.00246173699788855
-0.339731371707365 -0.109517718853618 -0.458654839250179 -0.250030553205879
-0.368770824862836 -0.166631863598961 -0.30562533571735 0.0797162601440864
-0.396811029934437 -0.0509536299572672 -0.203335095672294 -0.0208460782439339
-0.34155139857604 0.134862120680659 -0.135527127209133 0.0391320464104494
-0.146776394756956 0.289570635260936 -0.0105707307381599 -0.003904617779118
0.0573487460307585 0.319703808116284 -0.00823255312372562 -0.0990257218208878
0.194868594425477 0.257698019306887 -0.105868364242426 -0.17746027181209
0.257477985317347 0.196527204441573 -0.209463034431446 -0.173196345809903
0.312756584763959 0.177204886113181 -0.240726791802683 -0.156535749704008
0.314284145379794 0.193900811711277 -0.223141187170617 -0.154752118693734
0.331218382856586 0.253570661108903 -0.143430912095621 -0.150895759719355
0.259621097552444 0.366951716071177 -0.0412384249065284 -0.104597766278836
0.0478667705211112 0.467117000596042 0.0316916404943226 0.00108618429991734
-0.281507471700693 0.467957640523614 -0.119331351056858 0.116065015150076
-0.528480279598516 0.192495577982398 -0.267315783518542 0.0322745667067298
-0.504073460687009 -0.0839606268405226 -0.335901002550628 -0.204245638922374
-0.470098055544861 -0.174535896399967 -0.131223436961683 0.134105271500818
-0.498898650082897 -0.0307236990418481 -0.108295433517343 -0.0456409565460077
-0.437626187388694 0.177015976541741 -0.113522580231245 0.0113134422181428
-0.218018899311388 0.376613899119077 -0.035289715366483 0.0140158403211261
0.0445518272194585 0.429291263862215 0.00857486539561175 -0.0245765304639102
0.237765148871971 0.347421930256552 -0.0323873697044761 -0.0951010588932581
0.327509606548073 0.260247716985264 -0.0916785380001957 -0.0929444767446555
0.386973147557386 0.225890572036642 -0.0985915401477964 -0.0794438198768226
0.383165501643559 0.232965594058861 -0.0809458910380392 -0.0809472198202959
0.398544560952744 0.297554199326891 -0.0299155235021484 -0.0820158840663947
0.317359650177995 0.426752193989967 0.0388361881230663 -0.0381095273034812
0.0739629547556993 0.532572655149006 0.0799223875583646 0.0331335504402156
-0.271663777527783 0.530700020013014 -0.0469522268976774 0.115477514151587
-0.561431330353706 0.268750211832364 -0.156466496349817 0.0322933525809109
-0.575290078628918 -0.0425317024427581 -0.156988842862465 -0.163209577338108
-0.506916624084859 -0.149686495956363 0.079674329936108 0.19708349955293
-0.535596320467268 0.011695714837418 0.0357680347667787 -0.0473496077994299
-0.461387900814826 0.215169173196516 -0.0557359754584177 -0.0125371938844287
-0.238402967033842 0.415120460034551 -0.0502944244655625 0.0394779690876103
0.0365753184071504 0.470760042393793 0.0261984469866136 0.0721236230780102
0.248130146447579 0.379228916669109 0.0519201293421843 0.0197100346781165
0.346573381578156 0.28006917850598 0.0465548528735225 0.0117395212950052
0.399872391790338 0.240820471034245 0.0600615499569167 0.0111733499846922
0.389927666871649 0.239141088156659 0.073221266821325 -0.00187493786936161
0.390657673592233 0.298399992996088 0.0886091704339217 -0.0131414806046442
0.305485701019482 0.416832045772365 0.118637936126917 0.0245753039830716
0.0639215671365674 0.497453699351953 0.115497416592747 0.0603855195341254
-0.233026935678429 0.475205675001624 0.0155481758672689 0.0901395779555088
-0.499367059183198 0.272195789520821 -0.039649518034603 0.00762393757635701
-0.54322209310154 -0.00666106318487479 0.0420035344184306 -0.133251432706557
-0.456164778667679 -0.0903748553780802 0.289814390769369 0.249980422007893
-0.464289019756281 0.0636364369825181 0.187273956797242 -0.0333212812948372
-0.375750740554848 0.214155337943038 0.0193788498524982 -0.0199701349716151
-0.198056037727759 0.362359458664122 -0.0452769202321561 0.0722068582965319
0.0278185377657774 0.411688369814277 0.0498641019511098 0.167648886238453
0.218918431988819 0.336681806631339 0.137605008237549 0.137637446025327
0.311607180664821 0.251758459763245 0.184525907627096 0.117749801150738
0.351027816706652 0.217249641502176 0.209891810499995 0.0988913867119859
0.33270611503115 0.214606364366196 0.209499020674532 0.0754412486225121
0.312314820579729 0.261620752082158 0.181556715097064 0.0548588966825853
0.22057543258553 0.348300217951047 0.167635683542934 0.0795902992011394
0.0109372563280689 0.373892168335545 0.122479162784718 0.0847272158574885
-0.180860699816709 0.320312605281161 0.0532787166271834 0.0574531863605767
-0.365399777328868 0.207976492663551 0.0542278454219054 -0.0190884084823115
-0.42641056052689 0.0209464597679052 0.219464026706112 -0.107504036277789
-0.320449067422029 -0.014423973607968 0.457940081555241 0.276111035662653
-0.289251393677201 0.0937924531770411 0.309485626017089 -0.0119348042645215
-0.203540809707151 0.153079846104029 0.0917529995588749 -0.0200867589737587
-0.118908376844038 0.223619777052328 -0.0238915976437258 0.0907052672967378
0.0149942769433261 0.268673729323097 0.0723792820054624 0.2284299042833
0.149097810835735 0.229365718331569 0.207941302639764 0.228433516839404
0.224710832132571 0.178496023857367 0.298376998212355 0.201960012689858
0.250083504765628 0.161358401274248 0.326919815647904 0.171308334285322
0.229756502259588 0.161883664878189 0.30610534902227 0.145249839089615
0.187457424031628 0.193539868913342 0.230073927483916 0.119721369676825
0.101896776778939 0.236143738063452 0.171719735847108 0.124955501775853
-0.0437988498893716 0.208067498634183 0.096515480210449 0.0998945449058431
-0.106000006433108 0.132260880258275 0.0670012505575855 0.027149174256347
-0.18939484524411 0.124688899152591 0.118262896220457 -0.0330095027126828
-0.258505176110185 0.0467214805130895 0.350062708954617 -0.0800544096094544
-0.121448042459285 0.0546069032384986 0.552470724102997 0.268646994892123
-0.0630738483479886 0.0825341531674089 0.38684646711284 0.000638910052453876
-0.0162243069373836 0.0372790140748478 0.146539446183939 -0.0354867748581995
-0.0497018424128112 0.0465271291799615 -0.004243928050135 0.0785259913450454
-0.0161938026096351 0.0903819469011693 0.0828991024656946 0.246897846499069
0.0489580771227289 0.0916678315846457 0.249721340499947 0.276794792831157
0.100739328263544 0.0827852028086222 0.370757405601206 0.248514566496327
0.113378685019653 0.0813498462062708 0.395550659569504 0.217199941425074
0.0994654945101307 0.083252287209101 0.352856225057282 0.19809625580387
0.0550960406037794 0.0983767165967753 0.237066998382957 0.1724020198963
0.000949739547370388 0.103963869486749 0.140225205516937 0.153793594449357
-0.0583256717253052 0.0428525465068171 0.052231392882767 0.0981027235691271
-0.00352516243218659 -0.01879825985586 0.0730162834479724 -0.00150223648984078
-0.00689442265204973 0.0681243798134002 0.163432700932385 -0.0329328599107505
-0.0737996674538857 0.0801865064452179 0.423310845906704 -0.0552200515674741
-0.0714828665750352 -0.0977863126080178 -0.494957672809346 0.0496609744166822
-0.140783530165419 -0.0443127271484166 -0.234597556009697 0.0738423124874791
-0.108978789739617 0.0783772989504973 -0.0954358072820424 0.046091592724115
0.0150039867090104 0.0900214264588037 0.00701461412357249 -0.0516419155516083
0.0559761000393885 0.0484885505921602 -0.0731908478709065 -0.158699460605881
0.0435972432315915 0.0224814368311932 -0.214296290984157 -0.208822704276014
0.0262991693633196 0.0115204227435087 -0.349432985303068 -0.223646125503317
0.042929104035461 0.0153360587583454 -0.410206712711321 -0.231536195569012
0.0540818177205838 0.0271699708562656 -0.388515891924622 -0.250207350089853
0.086813393488171 0.038079658427451 -0.270025890913635 -0.261276874158813
0.0840167165028245 0.0766942518395595 -0.130226515423137 -0.227322548389856
0.0188502897290494 0.14671936043051 -0.0375684109665254 -0.0893596516863507
-0.140520763359818 0.14849968330804 -0.181636365746472 0.03201238228407
-0.194917964584347 -0.0264084730195955 -0.352972187610505 -0.0420494866607361
-0.121891993429873 -0.10420790396112 -0.521040669014773 -0.295136828929655
-0.232574252417674 -0.136770130406578 -0.436804844734825 0.0515898596762731
-0.274999987545033 -0.0487025393071255 -0.248993839816662 0.0235798279313763
-0.226307170194378 0.112357339820319 -0.123928244374053 0.0555502607199308
-0.0576176721058795 0.195752670773691 0.00860568591382115 -0.0222069130410898
0.0700952747763364 0.18630548215283 -0.0335925420897964 -0.14299615410767
0.131873692280012 0.141866890418001 -0.170052159971647 -0.214302201700303
0.155576628214422 0.108599120129432 -0.303414012100402 -0.217873757918042
0.197303525206739 0.104868910048981 -0.356024307609864 -0.211302230916143
0.202928376726984 0.126114068493002 -0.338362455338367 -0.216032866563904
0.222269368494652 0.167490268933637 -0.231334686336753 -0.218390183175189
0.171813418983566 0.244882190241198 -0.0987460400710558 -0.17389557760044
0.0203827074042646 0.330853471233159 -0.011567546645851 -0.0413101379597562
-0.245459233689684 0.328008687022777 -0.174918017206626 0.0862189042547822
-0.407144518350674 0.079995279989572 -0.345113337963554 0.00232398947653865
-0.351036731918832 -0.112654371280969 -0.473300913690337 -0.25221936999661
-0.377085780943717 -0.168766730854123 -0.314819040520909 0.0827220735277314
-0.403320254428216 -0.0507882417355222 -0.215229872151162 -0.0211907479343576
-0.34853345624113 0.138840738970649 -0.139404923433549 0.0415449548431584
-0.146437759514564 0.294997180323524 -0.0125950295152245 -0.000633786512085714
0.0614491343930521 0.323281457409383 -0.00720603799715248 -0.0982364492405206
0.200843547564792 0.259821480935365 -0.110274721436931 -0.178255447119802
0.264933088106374 0.198648804686623 -0.216388771638248 -0.172909667925214
0.322385206331394 0.178589523724058 -0.249141404558348 -0.158797016388987
0.325392476881092 0.196701629690933 -0.231988757702713 -0.156645517124846
0.34171020631439 0.256070828076636 -0.14980633016703 -0.155506328737262
0.268090207840153 0.371657365059457 -0.0399542393226634 -0.110111079443453
0.0505489815088762 0.47632877136517 0.0334805693215648 -0.00202717472808823
-0.286017191730264 0.476990313510171 -0.12179235620035 0.120154480515681
-0.539800543893581 0.196928831038327 -0.273503301074486 0.0350316377809893
-0.51913481580982 -0.0864957885515379 -0.347094337988571 -0.203259958460467
-0.477978945696485 -0.176899820662331 -0.136264693739051 0.136251774130412
-0.508131703389072 -0.0301156396825004 -0.118340007326769 -0.0454973793355888
-0.446855809664586 0.180761641374009 -0.116904493237522 0.0128544733697873
-0.219622184977895 0.38551961530369 -0.0394633545688864 0.0171622081628707
0.049381373197645 0.4358502258884 0.00858295015805828 -0.0228928748648073
0.24607509209871 0.351049362371425 -0.035511067514191 -0.0963724907943787
0.336334732579 0.262698373287371 -0.0949671975995587 -0.0917738192046706
0.39881075071825 0.228455305199412 -0.102095389732279 -0.0802164052797399
0.395435314375244 0.235756584859934 -0.0847157633370751 -0.082268215623902
0.411784130917018 0.301571579390738 -0.0340833222186509 -0.0859409354564119
0.328635054580444 0.43249570984731 0.0422060124830192 -0.0436904170202869
0.0788308245128578 0.542282625564718 0.0831473295210721 0.0304027435949369
-0.276758266079853 0.543385267669912 -0.0494786812674463 0.118997306079634
-0.572809878156164 0.276458758715293 -0.160411148402045 0.0361337576228077
-0.5922297256074 -0.0432578610015674 -0.163717001429391 -0.16032690534276
-0.513592598675874 -0.152118421363723 0.0802492559431714 0.200918944132776
-0.546032189882731 0.0134931238493895 0.0292838058608941 -0.0481279293970796
-0.472580137053677 0.218071910048908 -0.0575082353469686 -0.0127971139060165
-0.242629173709259 0.425662016628742 -0.0548828907595967 0.0432806059426293
0.0407587077527414 0.478278591450473 0.0257343894541736 0.0761263568846392
0.25614077299402 0.385050625975852 0.0515510184991378 0.0188158486586431
0.357086657623013 0.282849277820975 0.0471732020434617 0.0130755627930412
0.412204888447773 0.24062839020912 0.0621888531685964 0.0102739008281468
0.40269434841353 0.242180128268674 0.0744304372378907 -0.00253417380456126
0.406155701080154 0.300606102040335 0.0872746290588094 -0.0154953535830652
0.316753081097958 0.421002189151819 0.123160294106427 0.0186587389101077
0.06856182740185 0.506620941520276 0.119968768595783 0.0578081035425995
-0.238485331186751 0.485893977165289 0.013858092791467 0.0930703655197565
-0.507950045691618 0.277558155123494 -0.0412255962057139 0.0108743596692787
-0.559002393765447 -0.00689275488420418 0.0419038716862486 -0.129619705214883
-0.46448272301269 -0.0915615098142682 0.296051716655728 0.254316628868892
-0.473860860991729 0.063204752390694 0.187339279859341 -0.032542012539659
-0.385841164017202 0.216166605626182 0.0186793358499154 -0.0209937672660468
-0.200836610684334 0.372031641382779 -0.0500463832441965 0.0764853083006347
0.0329601654710878 0.420882012897202 0.0495683182615204 0.172210505960203
0.225176977843349 0.339627404225112 0.139748604910139 0.138707499226697
0.321585280599775 0.252297276726706 0.189566054119738 0.119085876426328
0.361896746253398 0.217304077341713 0.216949411643566 0.0988723939069381
0.343896616885298 0.217759277873153 0.216214007857013 0.0745520557515844
0.323481094089066 0.263544005132058 0.183472220371297 0.053364928645392
0.229033979669536 0.350500670383725 0.172784590297719 0.0751670027556133
0.014840448722419 0.383190349319631 0.127076007024373 0.082603172270298
-0.18623318286073 0.325730627097603 0.052332684656906 0.0586378867450679
-0.370703594383911 0.212514694695322 0.0550720631076062 -0.0171449689617637
-0.438809486493455 0.0209788337928853 0.224215374940149 -0.10546331852481
-0.325705462754952 -0.0157092819170817 0.469873736593006 0.280175508502922
-0.295423244813572 0.0947455802225689 0.314644896411375 -0.0124515523186019
-0.209967311988513 0.152912739565034 0.0928204062970854 -0.0207684429698793
-0.121337202913806 0.230551352694566 -0.0270105683361974 0.0941676812660363
0.0170249340139341 0.274864931411522 0.072625370386889 0.234469955048683
0.153097916486742 0.232328459376899 0.211995970862789 0.230518193436308
0.231638117996099 0.179239940429661 0.306898216631086 0.204308229010221
0.257896017027469 0.162117914411563 0.338977323265951 0.171765878820979
0.237175663668973 0.164158712764094 0.315503793459895 0.144612403274746
0.194796119297517 0.195821452541814 0.234510938045088 0.120130873269602
0.107234703699199 0.238371363731863 0.175795723526678 0.122343911828819
-0.0434287128630606 0.213114420472597 0.100309533434902 0.0990109953864331
-0.110540247731632 0.133852581613582 0.0663031597200857 0.0266238616228393
-0.191672242164124 0.125449135569788 0.1207422696681 -0.0312652987683291
-0.263933217268805 0.0459178626510393 0.357704196271999 -0.0796885285368411
-0.12305226505929 0.0542408242875864 0.567306747003805 0.272702131767112
-0.0642517943044612 0.082499422618082 0.397071151979849 -0.00032051317263369
-0.0183916781158947 0.03592225238871 0.148734627771364 -0.037635843823544
-0.0504880100800407 0.0488713219705199 -0.00674488679055722 0.081509627225577
-0.0160940247888324 0.0934945744697193 0.0833327057585984 0.252678432689781
0.0501085199110889 0.0922750285679046 0.256570487696216 0.28004627393245
0.103333309646119 0.0819464056348138 0.381500401046011 0.251852382044959
0.117211865414625 0.0806183485586336 0.4088369371728 0.218466173861934
0.103416577099156 0.0839921641145751 0.363536868410697 0.200103212582239
0.0574944794445815 0.100552230283461 0.242632476174565 0.174563821981056
0.00243453323046679 0.105899614176731 0.143470375960892 0.152561380448923
-0.059016501180748 0.0443005272395535 0.0552626970935633 0.0972304391432728
-0.00606735496533388 -0.0205410333930691 0.0728166547058461 -0.00350786043376163
-0.00639867788871686 0.0675325013239446 0.167846249122896 -0.0318066216963661
-0.0741726884610149 0.0797544757263183 0.433775477513777 -0.0544169189579558
-0.0772179328822586 -0.096947652952605 -0.509080402760945 0.070702760492457
-0.144938629408948 -0.0381155079001459 -0.243630779937124 0.0850063425218627
-0.106272977245414 0.0864152009260259 -0.0968514662223367 0.0525575175957108
0.0195094213911202 0.0909464862944268 0.00497828956566876 -0.0509261492255863
0.0602663582407289 0.0448155568272602 -0.0790402430127168 -0.156814292802275
0.0464602101852579 0.0220202508972646 -0.227741530967087 -0.201218648018744
0.0271082558144626 0.0122385438328522 -0.368435270639535 -0.211516174713635
0.0456630130668809 0.0152602820362063 -0.433322255154012 -0.219562365476506
0.0585183903419089 0.026277385669418 -0.412286647332035 -0.240233554911469
0.0902711050214412 0.0348335069273231 -0.289191796121676 -0.258993592127658
0.0877469051423736 0.0745753317924891 -0.141898443329485 -0.228339722120592
0.0248891125485886 0.149077121007175 -0.0406270001599575 -0.0912763326235236
-0.136828864970388 0.157818792610682 -0.183687507449939 0.0412785261145018
-0.201260420863671 -0.0190990723605894 -0.363312103997289 -0.030988953946588
-0.13114066990356 -0.10226999983963 -0.551120235283274 -0.281644185313704
-0.243010956595407 -0.130683177109639 -0.448822564620033 0.070318741849901
-0.283131233660822 -0.0378764533149796 -0.26055635397225 0.0345087736368054
-0.226156817951133 0.124646781714486 -0.125578750538911 0.0640656033079668
-0.0501734616771401 0.201804831394874 0.00750694006864014 -0.0205192409311043
0.0802219259999493 0.184680438949824 -0.0373964150519998 -0.141512065463169
0.141467086210895 0.138705464699319 -0.183639752786753 -0.20960935190031
0.164599084030087 0.105074843342533 -0.320841686337227 -0.206699730822001
0.208360443083798 0.0992290092233654 -0.377837547571036 -0.201151878381241
0.2160501919732 0.120958643975028 -0.359561913869967 -0.207858216182757
0.23639404740181 0.160956754325391 -0.24853066231081 -0.215955026462476
0.186231241286541 0.24362824662129 -0.106836166718979 -0.176646197415879
0.0337358929872999 0.337681575623329 -0.0120998261155243 -0.0437016147768359
-0.238125268727816 0.34498230569738 -0.175347247925928 0.0982875610439841
-0.415607955180041 0.0975124653901649 -0.353398598393988 0.0152631221313169
-0.368733733170336 -0.101998435922138 -0.500249415590283 -0.235784642073722
-0.389361041228055 -0.159904802419923 -0.323193387184652 0.0970816398067238
-0.414305987658729 -0.0358521700202855 -0.229071726767098 -0.0115739786595989
-0.350013450043647 0.156949435741311 -0.141792147504645 0.0492877621585638
-0.136589595151347 0.307567898266199 -0.0138896534908319 0.00370467476534064
0.0778433262335799 0.325997350064909 -0.00993690498064102 -0.0971431309596066
0.21627870631318 0.256110692745104 -0.120798427498872 -0.175905257679987
0.280594564141449 0.191375693637092 -0.229759827066004 -0.165072907167693
0.3401907690346 0.169289496979737 -0.264995823680012 -0.151537204464328
0.344186166197286 0.187814664060688 -0.246991331023978 -0.149725271063306
0.364103845388897 0.247082974439445 -0.1636535172022 -0.155026039548877
0.289906395190383 0.368566922415131 -0.0437675447815855 -0.11529065183434
0.0702053822099802 0.485588135867999 0.0357864367327353 -0.0057755858175367
-0.275801047906962 0.498696980150675 -0.120668294388261 0.130815165577841
-0.546658737898382 0.222804499820774 -0.278913925600841 0.0482029807334661
-0.541061749042405 -0.0683342301077398 -0.367965991288857 -0.188856406480663
-0.495090377305411 -0.164844711766294 -0.137278226594982 0.145675237359915
-0.520994381499647 -0.0114408936912127 -0.129880843777548 -0.0402472671455702
-0.451964405355495 0.201540960000623 -0.120610080900726 0.0185320569094343
-0.209630016012684 0.404528391774925 -0.0417577837953908 0.0234060842682343
0.0700712320029944 0.4415659868221 0.00836247562218308 -0.0208460551524495
0.265324070720569 0.345874856765297 -0.0417680036516663 -0.0962085424911121
0.357903662284783 0.252401550779914 -0.101783723583317 -0.0872544539403022
0.420856082499722 0.214638524869325 -0.109693153767894 -0.0780553687112672
0.4183214096152 0.224233101319916 -0.0920682359847832 -0.0795214906657209
0.438463080673667 0.287985694936625 -0.0420895235867616 -0.0880017115683956
0.355619732341019 0.427358961395874 0.042989116003559 -0.0518252335617234
0.103510170192909 0.553562988367976 0.0872861681294674 0.0234918277718821
-0.263358543266932 0.565717722238494 -0.0476331153776594 0.126841480228802
-0.577675603269061 0.304280838945368 -0.162812200365391 0.0463202884167286
-0.613302443681007 -0.0229568825723443 -0.175138839866817 -0.151059058536684
-0.530373444925267 -0.137452011011978 0.0884292777320875 0.202784733993349
-0.559123034631738 0.0325788715236263 0.0221517905571321 -0.0474598507293592
-0.478865112503695 0.241351673125374 -0.0608143697241962 -0.00997768508668647
-0.231511643602319 0.446119872122623 -0.0579720339468497 0.049821940188844
0.0622293451695917 0.487710713188782 0.0292389418113643 0.0804489699498247
0.276779522227471 0.380992204680434 0.0518553647646118 0.0175620479529418
0.380328088141155 0.272402379011049 0.0496860289899612 0.0131862099295357
0.436290707929311 0.227534613679944 0.064755144751603 0.00770376026453165
0.426477326043129 0.229422375685252 0.0760527155686648 -0.0060581148146054
0.43355869028659 0.287640564287699 0.0855413740950574 -0.0210619409758035
0.344183013317839 0.415413156727098 0.128262383488091 0.00838528510810377
0.0925562043061592 0.516607272010723 0.125678836831151 0.0507327864544135
-0.227390234957512 0.506381763978044 0.0155168216831231 0.0968931586090121
-0.511872823484413 0.304631804168536 -0.0404705352669891 0.0166722765629733
-0.577118448858994 0.0150112415307091 0.0379112350609368 -0.128141737619519
-0.477542290556512 -0.0796912201402228 0.313824696472083 0.249163828910991
-0.483869092010602 0.0824948109159886 0.186129324541889 -0.0389920673260978
-0.391097519762163 0.237054259625278 0.0176714679137416 -0.0227540199825492
-0.190625090767894 0.391643057044356 -0.0512801095613505 0.0830934387989524
0.0513559275559935 0.429662825432032 0.0566882305210207 0.178003274110602
0.244603647159635 0.338741793405925 0.146866993367257 0.135296243859118
0.341021410983662 0.243967696752454 0.199748358837715 0.115561192128139
0.383329848366519 0.205612337814303 0.228772316126968 0.0907109725918965
0.364632424836789 0.208636675749701 0.225529194192519 0.0672565385567868
0.346372012772029 0.253410388743135 0.187355735522517 0.0464416996578738
0.251877167505114 0.346844753485125 0.180007936918541 0.0644773324096699
0.0310466459817358 0.391135879892393 0.133849972581352 0.0758229897812323
-0.180595611210951 0.340960742576408 0.0534475150782392 0.0590606912254866
-0.371815141020007 0.231322810129191 0.056767003489339 -0.0157353703633269
-0.450924132262427 0.0369900667165954 0.228316749888034 -0.111424485962975
-0.333611619427317 -0.00575951782774183 0.492999395171715 0.269462849050896
-0.2998518973086 0.106921397726526 0.32149515370529 -0.0241239953485692
-0.21229943866611 0.163285460911989 0.0936550566217521 -0.0263398563537524
-0.114542743109152 0.242886208987039 -0.0264059454620968 0.099660481150543
0.0289700432769701 0.28213107065934 0.0818829911232114 0.240401056291027
0.165375973613399 0.230230717942686 0.225281337719567 0.226852508018011
0.246401908377819 0.17223662098415 0.324248727287373 0.195403816285996
0.272988810101102 0.153217030938756 0.358257936345965 0.160412509099704
0.252445511026123 0.158637533073768 0.331796403912313 0.133982294730765
0.209941380532752 0.19162176713996 0.243837676686043 0.112355245723711
0.121542220060232 0.237732163353769 0.184456487348231 0.113446477977828
-0.0354894297435503 0.22014397700684 0.106963130676286 0.0941553914847391
-0.110809806520735 0.140780984638112 0.0668309447023733 0.0246949777479579
-0.191605070169532 0.135414213709393 0.124099769941003 -0.0337166858725414
-0.270350103007915 0.0555270574653495 0.367451974398693 -0.0926213752069166
-0.12387331485674 0.0588137679588899 0.594666231248621 0.257265033208794
-0.0633736821244104 0.0856145308008068 0.407791734988847 -0.017849369282393
-0.0200574030578503 0.0358127717090041 0.151052025558361 -0.0453644233415804
-0.0494299444645417 0.0534274738514868 -0.00605782379507581 0.0856173551154267
-0.0119934307334174 0.097601179422368 0.0937707794896912 0.258143220092484
0.0545364843872369 0.0919511335336427 0.273590693925096 0.275470108467435
0.110194484213291 0.0778679068204281 0.401427599741841 0.240691685345586
0.124342717202169 0.076434173422926 0.434468815995249 0.204552387133113
0.109975999109926 0.0819305887329586 0.384363990393415 0.186601581865101
0.0645463448299326 0.101304728268503 0.255962608315663 0.16790181507212
0.00790689803045266 0.107165489778229 0.15181441719926 0.147093250610896
-0.0583686842315396 0.0483584238580023 0.0612964250513183 0.0942673055836222
-0.0100167509342575 -0.0215273480965574 0.0732396917934325 -0.0074395017835102
-0.00265510067864503 0.0676657511755641 0.172400583061776 -0.0361453429322839
-0.0714556237817995 0.0829545658433964 0.446996242977703 -0.071902703625084
-0.082623569979624 -0.0913868910792878 -0.504913138016548 0.103428389466268
-0.144937642246104 -0.0282901853471557 -0.24240832240881 0.101716190773935
-0.0974246518918963 0.0936027088474329 -0.0938233742966079 0.0609898067450539
0.0256414388513469 0.087888219762559 0.00220331874575732 -0.0480619440654824
0.0633495564528122 0.0389654258687562 -0.0855142295492959 -0.148730162060162
0.0487878957326426 0.0190254484577412 -0.237403484318053 -0.181734727106084
0.0275336974501104 0.0121024573459991 -0.381724568150079 -0.184133769536402
0.0468854785617554 0.0128244933375573 -0.449639019955778 -0.189612478550983
0.0609120603052304 0.022396459528808 -0.430356403491462 -0.209645343006933
0.0916871995981754 0.0279425633158209 -0.3073616579866 -0.240483493565298
0.0916722694109126 0.0683558959613718 -0.154670490303544 -0.220039398375621
0.0342283720303452 0.146006847419048 -0.0443594128301482 -0.0890311616689249
-0.125310869445617 0.164604099554668 -0.178394360732516 0.0543913911515295
-0.202582406328056 -0.00670734460472223 -0.362891788510474 -0.00987741952760688
-0.138985865091145 -0.0935497761436635 -0.571041413869109 -0.24415683008588
-0.249774144988846 -0.116765136897172 -0.446663635018871 0.0983631103512985
-0.282024940268483 -0.0197754773374986 -0.26384008455197 0.0531014058284037
-0.215534225093401 0.138539627362992 -0.12182763378788 0.073911123966822
-0.0359862246159998 0.203008283648291 0.00637442719751659 -0.0173749801325434
0.0921805119303239 0.17608018747612 -0.0434410865811441 -0.13652669878707
0.150712861518493 0.128127324387974 -0.194751345278013 -0.193512243777755
0.17065173642037 0.0941316511218267 -0.333373177799903 -0.182775853599763
0.214817116969611 0.0855499580752737 -0.393745871163889 -0.17327107770653
0.225485603151653 0.106737115538815 -0.374050756294347 -0.180812524192143
0.24701333790897 0.143335670666329 -0.265600761864488 -0.200159829131687
0.201033596832825 0.230329968531581 -0.116468406147707 -0.172366210401791
0.0545771215365336 0.333688521238309 -0.0128083246566792 -0.0443802744372572
-0.215635057027071 0.358996775554831 -0.167037763657278 0.111485687563909
-0.4092214213424 0.12279822223188 -0.351230397602588 0.0373896703733131
-0.37697602941682 -0.0784804899980973 -0.515497158541254 -0.200430614120576
-0.397198419066384 -0.136038893095226 -0.319317827587489 0.117459066460856
-0.414128285252026 -0.00961858630330496 -0.235103622928233 0.00585630723516288
-0.339319079844979 0.175767840983252 -0.138556664599655 0.0603559436555207
-0.116459924834128 0.314760184194773 -0.0145100595095158 0.00845613965584858
0.099116347882697 0.317486196486947 -0.0131659168687252 -0.0932235567307092
0.232284555361625 0.239407243387051 -0.131831606912639 -0.164425763893903
0.292686072033586 0.172625010635438 -0.239398282031295 -0.146315538934506
0.352249849257427 0.144960618443614 -0.277452599246469 -0.131657068897516
0.358962748428205 0.164662000205221 -0.257762273113878 -0.131595544282339
0.381813739809839 0.220568633810972 -0.176914900225013 -0.144313389950983
0.312935599426132 0.347509694099856 -0.0503184408908254 -0.117076579200568
0.101990101543752 0.479052393912783 0.0355479768750729 -0.0108772175638908
-0.245468915422476 0.514004665090888 -0.11143853632705 0.141797632639397
-0.531889090161321 0.256363217178767 -0.274551099117022 0.0665525465865118
-0.547170672118986 -0.0332942744100094 -0.37883564043296 -0.157888542410323
-0.502305670397831 -0.137164976015618 -0.130268909144679 0.154546306911954
-0.518405356000915 0.0200738845968845 -0.138789089710261 -0.0290310277864433
-0.440333840183694 0.229668205117924 -0.118862720104553 0.0267751577863541
-0.182043948541283 0.416143814557764 -0.0413652605431553 0.029438407866448
0.0977678150272563 0.433422318348044 0.00931164327131627 -0.0181464759426649
0.285524594981229 0.325773203853804 -0.0484180882328478 -0.0916056936610005
0.372582435383099 0.228207099315382 -0.106307652916577 -0.0775945724281574
0.43574889609506 0.184078006447846 -0.115904002267279 -0.0698960506468838
0.435668401237675 0.196545832082173 -0.0980591003535229 -0.0723462364772979
0.458497930003915 0.255726765603878 -0.051554179309663 -0.0850953002920087
0.383793378674818 0.401334462478252 0.0388706861940988 -0.060272992014707
0.139024266791974 0.544026543181878 0.0891156818203626 0.0151284616365223
-0.22803037724808 0.580800061851434 -0.0397615330756271 0.132951402242606
-0.557511658020784 0.339562470315913 -0.15816429773021 0.0600531463703264
-0.616926306260722 0.0168892565938628 -0.18245396928073 -0.132288746115189
-0.536783056979052 -0.107392418809525 0.0992165140397486 0.197174579460583
-0.55545468221465 0.0671793172286812 0.0140871006931643 -0.0470083884248886
-0.465141849987521 0.269750432293738 -0.0616900737799365 -0.00683874982492421
-0.200187380586529 0.46014922521298 -0.0560923872431419 0.0572539057016377
0.0945149068839933 0.48111870881858 0.0343757732103243 0.0814817772496005
0.299122608218218 0.359951925743549 0.0516664255985333 0.0146260464953337
0.397311982272574 0.245535912832593 0.0503390807728488 0.0126191361106312
0.450372587145396 0.19543636615471 0.0649036584185452 0.00241000325466187
0.443331739014318 0.201582685938359 0.075764219551373 -0.010852544319959
0.452187115524201 0.254667842266856 0.0808089285301002 -0.0261173046993663
0.371456408506117 0.387963078107537 0.127137988552226 -0.00532792679779587
0.124460922137121 0.5081657190741 0.128854388184972 0.0387590950540789
-0.196918701323099 0.519039993665011 0.0208442536139638 0.0986556535297134
-0.490078231375174 0.335381205386599 -0.038122832901301 0.0228072374232855
-0.578268677871792 0.0514161242854346 0.033417173594221 -0.123556099838311
-0.48042876546552 -0.0524099923304539 0.327674245316042 0.228085542494797
-0.477302101034301 0.110600998064231 0.180061054166452 -0.049568951393627
-0.378329321973695 0.25847211732473 0.015239928892846 -0.0253368849906161
-0.164214702268185 0.402063367371497 -0.0477503791111025 0.0896826022634366
0.079012139213638 0.424697802648665 0.067197462410425 0.177675654983869
0.26397282404398 0.320164903956392 0.153271344587095 0.125235276009023
0.356884230246754 0.219436660108792 0.207139318980404 0.103129368651826
0.397673422576688 0.178086227438956 0.235593508729939 0.0741651253741625
0.379886410200146 0.182070423280301 0.230505966201327 0.0496841564517109
0.3636800461778 0.226581343583991 0.187863521818148 0.0338745264489785
0.276106894350701 0.32510810100377 0.182310434857206 0.0469764962309317
0.0567776353287717 0.38743946763373 0.13882472699999 0.0631811502044198
-0.160227078387368 0.351224885879319 0.0553438129832532 0.0582634568712874
-0.355790193302646 0.252573416247031 0.0578505725707191 -0.0159502636965922
-0.448673615153844 0.0635318492880415 0.223141846141565 -0.120469756848288
-0.332251362469811 0.0125927705204245 0.511060221074713 0.236069672913365
-0.292853173876882 0.123800264907344 0.316830596454756 -0.0443442065679522
-0.205218729532089 0.174938705327539 0.0910860672691503 -0.03361094213874
-0.0980792055860931 0.249707871473663 -0.0224184473809793 0.103930586832301
0.0472653136294442 0.280134768948797 0.0955794278465321 0.237836946073371
0.178628919919665 0.219367647866872 0.237067050397347 0.210610675585749
0.25738431427355 0.153572811012343 0.336447926389345 0.173514335567338
0.284332813704511 0.133020384459827 0.369939088795527 0.133630673282919
0.263780365643991 0.140734784101462 0.341095401252075 0.108533653949294
0.223008337759606 0.174879787499758 0.249517064129363 0.0955809128551002
0.136692587064997 0.226539204731867 0.189622633481779 0.096117994327651
-0.0204237990552021 0.221480174091135 0.112565464321457 0.0831253764688016
-0.103856725621876 0.14692988447737 0.0662890075143593 0.0221185584000818
-0.181453092335708 0.145363301400156 0.1240623492828 -0.038144835722476
-0.265636782319333 0.0704337944933633 0.362742081718015 -0.112719749294899
-0.119998598049293 0.064042990292045 0.611062043597048 0.217312015093553
-0.0590147540161328 0.0887983940994111 0.405660327805318 -0.0447703108380933
-0.0206939495681594 0.0362413521113317 0.146132089961388 -0.0563678903840016
-0.0454264276548376 0.0574212088167406 -0.0027103786114353 0.0874284142558226
-0.0053870118592586 0.099366165401415 0.108433125762447 0.25462513901438
0.0592830601468208 0.0885254338123861 0.289553874246954 0.256640904672602
0.11580663683859 0.0680749005414443 0.416979534315361 0.212680433909962
0.12915897851919 0.0664931014460532 0.450086290857986 0.173352188500493
0.115304516105208 0.0737158329731527 0.398121814059506 0.157538877930942
0.0714383847732237 0.096276655842787 0.266437016230442 0.148672703032218
0.0154046499756762 0.104695794170244 0.158799179467273 0.132337566832501
-0.0549663743598924 0.0525034315934261 0.0676783643477138 0.0871490753308831
-0.0135477648485713 -0.0208726853478703 0.0713920608856132 -0.0131789901000349
0.002344951782209 0.0666477526386796 0.172201755868136 -0.0452803696133858
-0.0648832464070698 0.084631596603438 0.443775077396544 -0.100426318169488
-0.0839487812837317 -0.0838260311763686 -0.481771024491124 0.127098670759773
-0.139419519841832 -0.0190926934559041 -0.229942505715353 0.113415527146514
-0.0867526323230885 0.0951685829835015 -0.0871499827832493 0.0666331961894571
0.0297190881047413 0.0824082801449252 0.000452888173884239 -0.0439419290745735
0.0625324009470218 0.0314862076129929 -0.0865175623859892 -0.135875878674333
0.0487138745742667 0.0147379641976985 -0.234657784825658 -0.157405310328575
0.0279300485702709 0.0119810498221493 -0.376187909072588 -0.152269534001686
0.0458755119339551 0.0103126694944119 -0.446182939478823 -0.153549344161987
0.0608031885112938 0.0170713820310481 -0.426123087440573 -0.178058475793636
0.0890444749532273 0.0213426331277894 -0.310455466788421 -0.21524972003619
0.090135692519501 0.0605163056847792 -0.159241803332775 -0.204279921131241
0.0401704179531404 0.136839954610578 -0.0460878774050734 -0.0833873311525516
-0.110635989031721 0.163284926405834 -0.165545616001091 0.062214763220625
-0.195945807686656 0.00451454867369706 -0.348487618685413 0.00705129220742623
-0.140450798469247 -0.0821697206687113 -0.562102331052964 -0.199628049218052
-0.245467325341834 -0.100291521942736 -0.424599772875831 0.120764653021273
-0.270052127925307 -0.00391604675938018 -0.254641921239969 0.0685481868151732
-0.197835996406466 0.144157531456973 -0.11269100864619 0.0792736194205355
-0.0223300129570457 0.195641635843189 0.00619228591883757 -0.0144734833409373
0.0975974396518066 0.160786107113782 -0.0456798368815411 -0.126612676614678
0.151231628119939 0.113080573974126 -0.195239486641628 -0.171534093430018
0.169260959849917 0.082119431180073 -0.328905497376559 -0.153182595765516
0.211876355250262 0.0700488157488173 -0.391485556150853 -0.142611435260964
0.224121872303746 0.0889800710067267 -0.371687693244041 -0.150931878658486
0.24521171194983 0.122890435676553 -0.268934808965589 -0.177447721293294
0.20490676707527 0.209117821376836 -0.121345101508329 -0.161663906830771
0.0693564997038893 0.316544433633826 -0.0135899643332278 -0.0439519667724919
-0.188176823533663 0.353226795431449 -0.152565684386028 0.11880584737887
-0.387622957129071 0.138983805587386 -0.333505993738931 0.0548255570099842
-0.368845681754017 -0.0546455391657307 -0.505602896064394 -0.160515697708881
-0.3878969711131 -0.111899463181155 -0.301520433761112 0.131369770892734
-0.394738981196318 0.0120977348267742 -0.229995400804982 0.0219100444168841
-0.316415812582801 0.186500748285286 -0.129669812076762 0.0666797473142732
-0.0934644780932303 0.306074044181737 -0.0129002691000142 0.0116529290433247
0.111892199827726 0.295243771376528 -0.0148983870282531 -0.0866242993493723
0.234039372083558 0.215259834554731 -0.134556574185621 -0.148497482670287
0.290004146938754 0.149123721111457 -0.236684602453949 -0.123772462497905
0.346887396302869 0.119000453216546 -0.275937044257969 -0.10894755277757
0.356262427226551 0.137068691494929 -0.256429177243475 -0.110126162997472
0.379528518350891 0.1873479505298 -0.181019374257219 -0.128243687634167
0.320653537453465 0.314564453905369 -0.0553909427328473 -0.113416581578354
0.1221506653577 0.452106415343947 0.0347558845295749 -0.0145168374653175
-0.209676844131477 0.506169478964924 -0.0983447743988462 0.144984374489718
-0.498146704995673 0.272996152408419 -0.257369236958569 0.0807342544141641
-0.530511848570591 -0.00103957079979817 -0.369748787465129 -0.12468966612648
-0.488415421839866 -0.106246395014286 -0.118735051274322 0.15581213590551
-0.495570509778193 0.045884095639754 -0.139617109512572 -0.0172573889224725
-0.410504281446713 0.241949600919835 -0.114093445277789 0.0324339317838693
-0.149716836039615 0.408335295160736 -0.0382328133017517 0.0342555938830987
0.118487369936278 0.40987436236694 0.00978775877558609 -0.0152811597535513
0.291260205360651 0.296675788414141 -0.0519760696327876 -0.0836814889115085
0.370404715816128 0.196488071046448 -0.105652480784347 -0.0651997975956154
0.429580294444176 0.15067531104617 -0.116785625950027 -0.0594463179506786
0.431547820623072 0.162788332832436 -0.0987895000455855 -0.0630240279294498
0.454977293006884 0.216897793029575 -0.0577418190813133 -0.0781139718915517
0.39305564974087 0.360090958339071 0.0326527006848507 -0.0650385893973225
0.163801178384597 0.513534826697351 0.0867512642234548 0.00660498277096688
-0.192051335403208 0.569843348169192 -0.0300727983634483 0.133415081993891
-0.518882614107177 0.356698447698275 -0.145471906527849 0.0677500714280091
-0.594820465986739 0.050453483351313 -0.177670671322182 -0.110935385365419
-0.520599297433858 -0.0774800918918574 0.103531147498362 0.18467402788624
-0.528225698436156 0.092725502163952 0.00706010765292194 -0.0429838801915059
-0.434901298993643 0.282917982968437 -0.0605972201846321 -0.00454367588279224
-0.166554233880092 0.452048016061606 -0.0518004012297348 0.061766783042105
0.116652091816345 0.455476159753615 0.039816289360391 0.0799847934957656
0.30520224239537 0.328964891799006 0.0492581328324305 0.0122728023495729
0.394747293001108 0.211772910231016 0.0494123833745614 0.0111040310128887
0.44578365685453 0.160582376339692 0.0619514120807997 -0.000953625590912885
0.440199520565865 0.167181452264002 0.0718697743890258 -0.0150953380614457
0.449332474278022 0.215108392151325 0.0729123703611304 -0.0291115666107482
0.380280425770557 0.349614342865849 0.119428612623272 -0.018199984699863
0.148285660863419 0.480101532752335 0.125806115001558 0.0268209343976469
-0.16279232641361 0.50913342834293 0.0256461916456034 0.0968994135362394
-0.453930320248817 0.347395334862115 -0.0315968499726984 0.027006114167083
-0.553564693413904 0.0806656598921994 0.0294451038290909 -0.115330525021009
-0.463919696373962 -0.0286847410398281 0.325824452403195 0.202867605252166
-0.452202191140528 0.129686513975725 0.167332051623064 -0.0550963065519695
-0.353338393673527 0.266999709269297 0.0124233023992267 -0.0261268652261934
-0.134908345839149 0.394419829745501 -0.0430004236142654 0.0920749410058029
0.1010363469196 0.402749148675104 0.0744777631962349 0.170532773509491
0.269373471742745 0.293306451666802 0.151081289868775 0.112375696174627
0.354133133196488 0.188339772781166 0.205203854757892 0.0880487907672035
0.392712616239662 0.146885105144901 0.231707502935484 0.0560756856491557
0.377436671144274 0.15279298238179 0.224480753334702 0.0340149225935197
0.361975128770416 0.194694168924286 0.179753871097019 0.0220570131756576
0.282374789419872 0.293234672997201 0.174813597182824 0.0301003656845553
0.0769721831567147 0.366180198664879 0.135116922894043 0.0500745610847349
-0.137646359754212 0.346269912339916 0.0561689433874203 0.0558918491619558
-0.327977459464256 0.261446293788475 0.0581905769378578 -0.0148348661084442
-0.42849493375845 0.0854209665226367 0.211769504130853 -0.124401806119506
-0.318579011636933 0.0267565593929235 0.501746261522644 0.199903135608638
-0.274880176418774 0.133935057689186 0.301293151335956 -0.0597507491726371
-0.190769256654794 0.178460294168581 0.0845523615430222 -0.0390818701851874
-0.0804678574292721 0.244684321176532 -0.0180123706912729 0.103613906272112
0.0611320355841189 0.266789498907728 0.103955555735944 0.22659502270925
0.182091095887241 0.201676361338173 0.236344156292046 0.189836629655191
0.255034696142134 0.130865628415716 0.332639340792079 0.148120527239338
0.280760546661032 0.110061967383914 0.364817202641638 0.104885860883583
0.262405537365341 0.118873623722215 0.334432919505302 0.0837460301220467
0.224365637253879 0.152997287661478 0.243465088094572 0.0772085309169127
0.145277025337265 0.206774556607731 0.184356741259879 0.0777699122746626
-0.00612911731473335 0.213155779723719 0.112106196966247 0.0701813658443027
-0.0944110204955025 0.147240106069764 0.0634732630883348 0.0187170322351842
-0.16624662231336 0.147795871472154 0.119928172904524 -0.0408507656216016
-0.251090134806251 0.0799162831349308 0.345351121798763 -0.126691565285836
-0.111834147498859 0.0666129438345337 0.598938878538491 0.175016166079542
-0.0525232644129052 0.0880354647384937 0.387779101164709 -0.0659898541724375
-0.0205178328083062 0.0361001256878078 0.136405484677495 -0.0629134164735612
-0.0401157965714302 0.0579994872895058 0.000136609450412886 0.0866488752271035
0.00154668056191694 0.0966046225396442 0.116807052408942 0.242276196213112
0.0609292738709655 0.0822561598264811 0.29008854367577 0.230866747325977
0.114387706320426 0.0567822937198775 0.413092772582957 0.178573456005965
0.128546725166678 0.054909324956103 0.445118355773968 0.137549099351165
0.115744806812514 0.064210764929608 0.392130649340409 0.125546131284761
0.0741877631509687 0.0880563351945628 0.263391632467581 0.1265601315897
0.0202838976462507 0.0986045815420821 0.157329839050531 0.115508733328814
-0.0498206423343564 0.053515284130155 0.0688129908767535 0.0771759196897724
-0.0161950168684799 -0.0183420295517562 0.0659672795250377 -0.0164994482604719
0.00567405241556339 0.0617070892942528 0.165905847226185 -0.0513949288168776
-0.0573514219196721 0.0825276305585755 0.421287934115072 -0.121085762513558
-0.0665618286653473 -0.087006334149731 -0.456347501177653 0.0596233390660559
-0.124525066550877 -0.0352943277718731 -0.231840421874821 0.0773026133371803
-0.0892318435261775 0.0758793521442519 -0.0944579451590154 0.0527518771985753
0.0167784494508923 0.0797183685389877 0.00224375649821476 -0.0378152325384856
0.0532730308284182 0.0363610574547729 -0.0642837055122694 -0.131491442597392
0.0463541315883278 0.0199001504897273 -0.198981825722413 -0.167572001019896
0.0253160017799739 0.0178172513889971 -0.336004558823578 -0.179525103539527
0.0418818208349806 0.0164894047092514 -0.405650095781615 -0.19348576693326
0.0560975817299331 0.0263146781295766 -0.385432724137452 -0.216656022102983
0.0816997118272017 0.0323275121759763 -0.272916685074853 -0.241183666056828
0.0771620489729811 0.0696824709987847 -0.129713126832416 -0.216855957900266
0.0212057518607806 0.135254572094201 -0.0348583878406195 -0.0904183698693601
-0.120062325902406 0.143561017739879 -0.157862921932527 0.0361377231611539
-0.184792019078514 -0.0160947748349907 -0.325563131401006 -0.0354609053935469
-0.123629730046007 -0.0903397609772525 -0.514065016495001 -0.256868108314552
-0.212590265249167 -0.122397895819507 -0.40632094123883 0.0503196044906813
-0.246512874062901 -0.0385677495040628 -0.254754090114734 0.0280132926434207
-0.199418540609909 0.106281409839827 -0.124416707710528 0.0557453672854145
-0.0472887614987092 0.176354074622403 6.67609991314143E-06 -0.012235065914445
0.0669599638591258 0.161245116713421 -0.0335895546020943 -0.119456648832406
0.128509337370643 0.123846521309169 -0.164579628374195 -0.171381703644943
0.150542454426935 0.098931064523264 -0.293875106321311 -0.175362136131493
0.192479961064058 0.0923921855706394 -0.353436703889712 -0.17742152868873
0.202399410497677 0.11348834774511 -0.338318984393807 -0.188400323094469
0.216772281110491 0.14569273492035 -0.240777768233017 -0.20581841340947
0.167170399900037 0.223572567252239 -0.100853108771573 -0.18018135786504
0.0268731248516487 0.30869706663928 -0.00922964190211843 -0.0540101576726822
-0.214782801832438 0.313875525328734 -0.147795946433675 0.0873895617859491
-0.382352267561536 0.088099297362759 -0.307395370553191 0.00616556572290491
-0.345106303319332 -0.0904144056239589 -0.456430482450339 -0.214501211741104
-0.341824084889294 -0.15099816304524 -0.297358104617541 0.0640558185495017
-0.363545572380325 -0.0403031993652111 -0.231886329564281 -0.0169849480013983
-0.313394845539444 0.130098416425335 -0.144344836115905 0.0360931507893302
-0.129371985014104 0.269582911078749 -0.0247349688845379 0.00715981036591864
0.0606671305735459 0.288911894057236 -0.0151157099551583 -0.0809645275567395
0.191261385703763 0.229571015671487 -0.114537883970134 -0.139660130524052
0.255425233473668 0.17462689939081 -0.211859075237549 -0.137681239040601
0.315589412824651 0.153688828876809 -0.247631936451813 -0.134049700444264
0.322019485327561 0.174338317555511 -0.234360946832656 -0.138023419670713
0.334952037379591 0.220654899364607 -0.166656116827495 -0.152099861002812
0.2643268531658 0.336332899455939 -0.0468526207732126 -0.133585055122877
0.0601055864703328 0.445802336465171 0.0320526659830627 -0.0256230332418988
-0.253581008730311 0.456037102297825 -0.0969128300452676 0.115504907822473
-0.504329306390019 0.203436339818915 -0.232506760494208 0.0348539347532005
-0.507127371956085 -0.0586556610121106 -0.322199861069344 -0.170207447654039
-0.435150617499955 -0.159599830599831 -0.132986452163865 0.100190193425635
-0.458727336212739 -0.0229502050365969 -0.147568261032611 -0.0466808856178011
-0.409786879091417 0.168936168856463 -0.131399817302692 0.0016478184233016
-0.196062349754514 0.354213586355696 -0.0550928873827912 0.0222707200110678
0.0500607403518196 0.395715556152716 -0.00462433101901324 -0.0134905454902815
0.23101588132123 0.312139014743896 -0.0483800590396618 -0.0682963700623926
0.325267737064428 0.226865856304926 -0.0966116031864132 -0.0698196449951887
0.390805548840138 0.193564829389161 -0.101249854517671 -0.0705025981380353
0.390533738400119 0.206457346643316 -0.0900979964148504 -0.0770504355341106
0.403786274892347 0.255087207597759 -0.0572603539802948 -0.091952064061831
0.325825927459934 0.385189201037324 0.0282828160355013 -0.0797201765237852
0.0923825784814223 0.506670024771228 0.0767261951628405 -0.00134900442525278
-0.24409630287527 0.517789633133943 -0.0312454574669627 0.110680947982705
-0.531748138613896 0.278839481340396 -0.122260145991211 0.0332987919327679
-0.575056990325329 -0.0160385418649579 -0.134844166782374 -0.137511071512925
-0.467624306534201 -0.137121434414973 0.0668081215931182 0.147835441816
-0.495577593749918 0.0160967857184002 -0.0114271987649347 -0.0561783360740189
-0.43806458111096 0.203383309401456 -0.0811448414626419 -0.0280862491333467
-0.217795297548883 0.393236655375231 -0.0727683065220904 0.0451883962306834
0.0414710517399807 0.439052778393516 0.00963053182988975 0.0767565809601454
0.238885372406222 0.344023098240187 0.032581200001492 0.0319379140007445
0.345727086402038 0.244059022390744 0.0393046006025673 0.0172413225077516
0.405629243211027 0.203561831774489 0.0620428455526874 0.00311806856399224
0.397303630470539 0.209759292384329 0.0669457132771516 -0.0131814415856802
0.397837237713761 0.252503617241809 0.0618094938827482 -0.031008880493304
0.316287310526035 0.372729170745735 0.105054411456192 -0.0247207939876336
0.0824955749817656 0.471822762361355 0.111933091900997 0.0236155522785447
-0.211157277294249 0.464484147091124 0.0243531000522886 0.0839708266064881
-0.467989654900482 0.278071499291479 -0.0116702064346518 0.00782307712905132
-0.539022670737751 0.0150837493193294 0.0647529736069236 -0.119257606151204
-0.421404721554777 -0.0838889485687579 0.26861120392871 0.191948073697291
-0.431087577182507 0.0606297269148884 0.141161727309251 -0.0475977276757882
-0.362111521030023 0.199032513816483 -0.00903727360021752 -0.0372297914117316
-0.18179640620498 0.345331169084064 -0.065914119195576 0.0749035862608096
0.0332917536124017 0.389032087705054 0.0341565775203593 0.16433684545801
0.20834503319246 0.307174850171339 0.118144562857476 0.134157325445619
0.31077691321303 0.216240232566744 0.17694247566777 0.104901546968334
0.357762348986877 0.183547975193931 0.215687950632479 0.0754836055976966
0.340047435539775 0.187403603447138 0.206979355327856 0.0502826777213101
0.316578790339551 0.221726878242574 0.159871853502594 0.0307858434980271
0.229499678018254 0.306695707677538 0.154047247150466 0.0311620677832986
0.029451678204241 0.354786371303223 0.121187236778872 0.0497735911698295
-0.169154088716675 0.311128503130856 0.0547434674370242 0.0522399306550616
-0.340002535226251 0.208712052505425 0.0740073831538895 -0.0179535846142915
-0.421287910565561 0.0327022719006276 0.237695583336186 -0.106253759904327
-0.295494314444598 -0.015614323790765 0.43232382464528 0.218007179693746
-0.2693296989042 0.0872855448964791 0.271648703910733 -0.0314998200572958
-0.201543557730548 0.139260515513817 0.0674312299275912 -0.0344561804285048
-0.109930908957248 0.214884245407204 -0.0387258211218726 0.0906969150297737
0.018207402401465 0.258148842339882 0.0597298934117929 0.219859993420331
0.139490083793705 0.211024079531819 0.191001837166568 0.210946978329134
0.224322050237043 0.150226266575717 0.2911961775337 0.17389409324234
0.255641290869305 0.135022402190978 0.335147827465972 0.13686850951443
0.234025085362386 0.141383725035433 0.307183123350692 0.110191288799372
0.192060884119441 0.168136856101371 0.217045811620805 0.0924214091143543
0.110561874112558 0.209692104392727 0.161127747507664 0.082823449710713
-0.0314841352665737 0.199568834893063 0.098801396286365 0.0714723088969423
-0.107374950739056 0.12909134824513 0.062687997967283 0.022409630068472
-0.174569308576417 0.119831708221722 0.129447936207146 -0.0305832226743871
-0.251548118258552 0.0461121722902343 0.359177559894114 -0.0902946630573055
-0.111426782301703 0.0465016335593139 0.528291873641587 0.218065618039046
-0.0598478020597881 0.0743178152411922 0.360753033912007 -0.0225397039168956
-0.0258297990607333 0.0309659769010578 0.129186480284259 -0.0451095278957465
-0.045353745610306 0.0478974815203816 -0.0132979841288804 0.0790103888942585
-0.0125584404444116 0.0912573171057197 0.0762429869898386 0.236616251165628
0.0426020276093582 0.0844296429435115 0.240575758638718 0.248829567096832
0.0999287953313656 0.0629633556463167 0.365828948737015 0.210229640823907
0.116550347276711 0.0654541849918657 0.407474202502136 0.175104628011935
0.101611332788825 0.0717551340747536 0.358629959948257 0.158188136570393
0.0590672190901999 0.0899114551997424 0.233693979494309 0.14400955843848
0.00681391202946756 0.0935302947076838 0.134241637350432 0.122124529522265
-0.0540389623213184 0.0431656565353637 0.0588266780438225 0.0770723700588003
-0.0158436260175134 -0.0197078123704845 0.0643134539516331 -0.00773583560459452
-0.00194077028852818 0.0569397012592734 0.166737477356101 -0.032400154999894
-0.0668062255311903 0.0694832481190332 0.424290762284566 -0.0737835876896802
-0.0626490466525738 -0.085431864373585 -0.442726136785965 0.0498803465515014
-0.118765339729564 -0.036314035172129 -0.227487835682718 0.0725415526012411
-0.0859638384134102 0.0715834540271995 -0.0925707276369323 0.0515225768155436
0.0152764207674266 0.0763031227351931 0.00355901007183632 -0.0350565035217822
0.0502625064650685 0.0350877042690562 -0.057020443254767 -0.126795501659626
0.044627918440181 0.0191122744130106 -0.186334705086499 -0.163040288006913
0.0247218923335148 0.0196444343443241 -0.320779003592528 -0.176637540722622
0.0404937960539007 0.0172540136348631 -0.392317858626802 -0.190642416061905
0.0544322975895626 0.0257398327117509 -0.370835580602707 -0.21431659151614
0.0782317815854637 0.0322229013400085 -0.260567012841774 -0.237811707395102
0.0728655944606355 0.0680893895256295 -0.120015792526919 -0.212979892790759
0.0175500821501289 0.130254933168454 -0.0295914574810181 -0.0892213419076148
-0.118438678443336 0.135153683385994 -0.150047132417771 0.03233839664797
-0.179463463035061 -0.019302075290618 -0.312060434558935 -0.0435281222444613
-0.118459674771938 -0.0889025415368901 -0.493280995980035 -0.254907828290714
-0.203297871088305 -0.122553120241383 -0.395419242546729 0.0418516216612936
-0.235841860507183 -0.0424658855028346 -0.249089982520008 0.0244817577436677
-0.192743065378277 0.0983985286968732 -0.121876703901127 0.052787856875441
-0.0487045011837439 0.167732440199634 0.00135252182169034 -0.010240789154151
0.0611761549811857 0.155313811380729 -0.0271888746759408 -0.114701391307641
0.12108236603023 0.120514757846471 -0.153945163092851 -0.165957474372921
0.144195149544982 0.100390481245983 -0.28031500272502 -0.171345491286005
0.185679324462533 0.0928833446557056 -0.341839687431071 -0.174128805931355
0.19499538107528 0.113202754133257 -0.325005651219073 -0.185729288395121
0.20699966493878 0.143272367463603 -0.231495583537721 -0.201645760119568
0.157862970175296 0.217925015785094 -0.0936749216311568 -0.178399131003046
0.0191894762416794 0.29787404867192 -0.00650063699356145 -0.0541274943170072
-0.215051690002453 0.297804201280978 -0.14150835196975 0.0836052632011841
-0.373291331668608 0.0790413427646844 -0.295361280703159 -0.00123776191273836
-0.333207804859276 -0.0929373213622707 -0.435791461436844 -0.212350378292636
-0.326490960412077 -0.154107872029149 -0.289274675927233 0.0569916847705333
-0.348198075107222 -0.0455788120041906 -0.226685333698129 -0.0184589269900656
-0.306464844861366 0.119823125139189 -0.140295200204004 0.0327535930205531
-0.128692366846726 0.255951322041278 -0.0231575395921596 0.00836392129551842
0.0525672049628038 0.278256003756606 -0.0103026141536388 -0.0765543510350714
0.179617956850565 0.223716927320379 -0.106751416587304 -0.134793693905023
0.244184683752233 0.17397414082957 -0.201812376237785 -0.133806141324587
0.304414122956636 0.154110502824626 -0.239711117626064 -0.130690748900722
0.30984669276573 0.173378838539735 -0.225207219631044 -0.136171958900202
0.320268104701197 0.2176365900171 -0.161098501853678 -0.148361433358424
0.251258021286684 0.327909428192053 -0.0447522979727173 -0.132902175776671
0.0504906081466822 0.430126172536394 0.0315286848835602 -0.0267149069894569
-0.254864625417514 0.436927989166396 -0.0927103425505125 0.111970381021222
-0.492313010698104 0.188463754176989 -0.2227977572638 0.0290061986202794
-0.490636680623712 -0.0643670505273296 -0.303733542538337 -0.167255930308227
-0.416262604699593 -0.164487853623727 -0.131616688611761 0.0944999287159039
-0.441765699059677 -0.0315344964040856 -0.145455275688201 -0.0457925839878232
-0.400435005748877 0.153662008306676 -0.127967018858059 -0.00156464701756608
-0.195092091342416 0.337445931215251 -0.0539215170137711 0.022828453859891
0.0411789619108514 0.380848075416712 -0.00157577185857244 -0.0110361206508829
0.217666410817642 0.305053273283497 -0.0459934059544791 -0.0649595526399828
0.311367974221022 0.22699866085704 -0.0917587168664031 -0.0672682435489936
0.377270354525719 0.19234174768054 -0.0983809079385882 -0.0684328793593724
0.375463516212945 0.205818533596687 -0.0865334442757781 -0.0757356159742674
0.387374254032878 0.250216986022602 -0.0562629723844047 -0.0880786182676399
0.310437567717248 0.374958048555921 0.0263573345665717 -0.0798488299902125
0.0794347240359937 0.489143386927043 0.0747764554993551 -0.00270208700200387
-0.245948191624671 0.497985265448616 -0.0288732119634746 0.108948670632842
-0.520300880904109 0.260399574148884 -0.114832912605964 0.0300241270637747
-0.556772224959756 -0.0272284973473561 -0.123048193539367 -0.131602058498383
-0.449694297265977 -0.143548562089666 0.0610143353846533 0.144455274833404
-0.478195723324281 0.00428418882026292 -0.0138958890417949 -0.0526843538557815
-0.429887900377353 0.18719127066577 -0.0798407579625816 -0.0301693975840818
-0.218770879241293 0.374616726949837 -0.0712989302702604 0.0449541434476572
0.032866116931885 0.424117801557782 0.00991727721446282 0.0765193995117298
0.224647950619855 0.337969086614151 0.0295529226357655 0.0325235791606448
0.330665805989119 0.240854703644259 0.038418592231801 0.0182573734693718
0.390405784073117 0.202080872448816 0.059212387426906 0.00384263969044927
0.382911693462122 0.207321087638224 0.0648351670987263 -0.012021673256245
0.378853856086308 0.247865737012848 0.0582000928971091 -0.0277403182987305
0.29909681884482 0.362785573065563 0.0984424424088623 -0.0256567798404015
0.0714408022232401 0.455643249728686 0.107723359038213 0.0214960196176458
-0.212730651691974 0.446320892724818 0.0240655157583905 0.0841129836325867
-0.459693882692892 0.25988184770699 -0.00637442721716473 0.0084097387998382
-0.522529750298734 0.00339281972474925 0.0695972473272674 -0.111425544636558
-0.405350944779529 -0.0915492461468708 0.255268268725612 0.190342908697218
-0.416917648958534 0.0481619964995357 0.133957719043142 -0.0427677239415672
-0.355808153865551 0.186128854555696 -0.0100737938724887 -0.0382986613027978
-0.181226407591505 0.328412900889611 -0.0660330864937665 0.0734033931994993
0.0258776017336497 0.375778610529927 0.0306062801238644 0.161931338799184
0.195464283498421 0.301548832439024 0.109133517073203 0.1329190274728
0.297056673181853 0.213667739205145 0.169077457887564 0.104856786724183
0.343498402454069 0.182059072623528 0.207648797258584 0.0748817803039955
0.327896830219909 0.186706407354799 0.199512049086898 0.050473905878728
0.301629926361244 0.217802604439818 0.152539714124449 0.033291526633042
0.216846652431717 0.297679818455788 0.144620534627439 0.0294067038945911
0.0215521483230756 0.341622271601871 0.115466715719617 0.0475172919065478
-0.170465619590813 0.298722093380114 0.0534051691226426 0.0535992857531538
-0.332461357048108 0.195621422361827 0.0762291163867319 -0.0147401727429458
-0.406497253829061 0.0224801071804696 0.234690769135232 -0.096981950606079
-0.285071172326157 -0.0238216725772769 0.413257103119307 0.218535555134319
-0.261137803667538 0.0781858261089792 0.260501450118038 -0.026117889888551
-0.199903427891054 0.130335763217919 0.0635928204024201 -0.0342462113381835
-0.110573384247725 0.205002939262046 -0.0401588207324714 0.0888365201779936
0.0134699886127063 0.249238193569911 0.0548724580536154 0.216406489268456
0.130764363387938 0.207081061525629 0.179160323913422 0.208151546776732
0.21357844704095 0.147367176951427 0.278646172363585 0.172103922338055
0.245551190129116 0.133034526243787 0.323829335594221 0.13404590778926
0.225750796652077 0.13984472221913 0.295413830369309 0.10865421155139
0.182075440256105 0.163531364361273 0.206513779977908 0.0925054896732962
0.103883607439329 0.202723582585113 0.151074041665922 0.0799898133706826
-0.0326827109869393 0.191122738129597 0.0936371623134814 0.068326694581981
-0.107091152642988 0.123578199973389 0.0603116875182019 0.0241170804685604
-0.17022817214845 0.110904813983097 0.129400963577124 -0.0256774148593189
-0.244119390840362 0.037832420138028 0.350847981708978 -0.0811639628637061
-0.108705671286717 0.0415089945073186 0.505903325555232 0.220796003246351
-0.0586559165822765 0.0705906948047438 0.34742026262285 -0.0158706769964197
-0.0273871499517619 0.0297253110284949 0.12336924559226 -0.0421007836983854
-0.0445303700614168 0.0461229647222521 -0.015596148319386 0.0781030084559123
-0.0128777616942148 0.0882136196032024 0.0688679175798413 0.232277793150147
0.0394892356172432 0.0836109208495173 0.226471598226217 0.245175818855444
0.0951058028624225 0.0607153189499458 0.349839642868524 0.208607731003255
0.111770243541811 0.0633658737882806 0.392516359421277 0.171603823179473
0.098103206633942 0.0705063813290643 0.344705754809476 0.15553631943745
0.05503797082387 0.0878426742085433 0.222413047485951 0.142110160677294
0.00504671529656444 0.0895767273280813 0.125159492010771 0.117959809184195
-0.0523730283490543 0.0408677658636192 0.0544726514982222 0.0729511418202323
-0.0158416700380523 -0.0183628804049641 0.0615750818516379 -0.00637564398653399
-0.00227209544749883 0.0537040753980199 0.164785586400259 -0.0268719911077328
-0.0656126458776433 0.0635727381687916 0.411672098139052 -0.063989964552863
-0.0608401313181096 -0.0873061725832123 -0.445493558647553 0.0372000870045962
-0.117900324328403 -0.0397210613850346 -0.231655088606873 0.0677855648878601
-0.0864629592834846 0.0689015272144161 -0.0939684450818561 0.0508605595122248
0.0138895161161883 0.0765848633389816 0.00484548356706679 -0.03413698626946
0.0485152360784561 0.0358542141158342 -0.0519139707731956 -0.128408498541162
0.0442515257880217 0.0194758935293114 -0.178315171993658 -0.167109705795346
0.0250697027152139 0.0219118503696565 -0.316187693821096 -0.183150383343571
0.0409621941086824 0.0195107954161833 -0.390793517614298 -0.198209961471669
0.0536340738903764 0.0275435176064299 -0.366782892917503 -0.225909229037873
0.0776368926641667 0.0340862325419862 -0.256038138905916 -0.246132686856202
0.0702166625650088 0.0699659109259318 -0.113194169135479 -0.219482313234193
0.0126621017098482 0.130916109497892 -0.0257170464346386 -0.0919869091271579
-0.122952400048672 0.130734125280705 -0.148571904288273 0.0277710014827172
-0.18077269420011 -0.0236236648766991 -0.311513358911489 -0.0562794041620437
-0.117437374463451 -0.0920982907926604 -0.486446536642694 -0.268050354572561
-0.199817221171579 -0.130064622360469 -0.397221575530655 0.0294239714994553
-0.234478121787168 -0.04946961609057 -0.253065679667164 0.0193865368965401
-0.195353123661863 0.0918893305559732 -0.123454561457206 0.0505647410878881
-0.0529684499162399 0.165067740617035 0.00201260632923495 -0.00923539562985474
0.0565872590672893 0.156042268328711 -0.0217638026026659 -0.114842804767983
0.117918979609858 0.123907144901764 -0.146829316968057 -0.169127641163296
0.142550309926478 0.105842467938575 -0.275425450520469 -0.177246647896005
0.1846668075411 0.0985966883951644 -0.341634238603653 -0.179973514610127
0.194104794445796 0.118116907538543 -0.321984681827829 -0.194619387310759
0.20356349041759 0.14888129385043 -0.22790029636454 -0.207911253885504
0.151395692289766 0.222988083969147 -0.0898385081054646 -0.184099990830979
0.00930054938652609 0.298337306608044 -0.00312755475828103 -0.05632743879756
-0.226108349319776 0.29217311995281 -0.14068180312412 0.0802666415539884
-0.378448305632879 0.0689218997694706 -0.295246848542267 -0.0136354501549529
-0.332823140603147 -0.102341973152836 -0.427392072116878 -0.223021256004236
-0.323151882281876 -0.166146989060603 -0.292648692478977 0.0485420995485529
-0.346154749223261 -0.0585273016219462 -0.229955371689553 -0.0236089579995155
-0.310336357032994 0.11018483980529 -0.143145662977379 0.0288447926803117
-0.135782127865539 0.251330519894442 -0.0234019887995254 0.00903468143657777
0.044691670281233 0.279036663340886 -0.00506657311415439 -0.0756622044268156
0.173939201534504 0.228699025637668 -0.102648547610758 -0.136461773701405
0.241027915715816 0.182127180651558 -0.1978811179949 -0.138040128351299
0.303111433050072 0.162561212039385 -0.239342327967236 -0.134802825750677
0.308710551526401 0.182742806489453 -0.223068771366089 -0.142204183411884
0.316021159272509 0.226505106127963 -0.159015577975782 -0.151681775378796
0.241427022098417 0.334528027727209 -0.0424334995023468 -0.137108016115708
0.0350947548127708 0.430660291422391 0.0337746206306164 -0.0282576751312443
-0.269928617810665 0.429848433327702 -0.0925489819601997 0.111292314467295
-0.502373213209573 0.173893078612583 -0.220877805567556 0.0207801893738803
-0.492015884903624 -0.0792417348735916 -0.295939075154154 -0.173527605227479
-0.412678769778855 -0.178740531142477 -0.136342531988558 0.0905312712650238
-0.441506259048047 -0.0469442716973604 -0.14865212887308 -0.0483119896504529
-0.407621828892569 0.141767713093527 -0.130146661645017 -0.00581981978286269
-0.204431213102265 0.330510940235401 -0.0549883787004229 0.0235818861704553
0.0305706162493615 0.383725622410174 0.00196957482304481 -0.00944443636136171
0.208519256481904 0.312003682729554 -0.04412732997688 -0.0653360806123967
0.30651551893889 0.236213358060212 -0.0899017130450978 -0.0677858804004794
0.374972213752762 0.202607230597207 -0.0985816197674899 -0.069427941969236
0.374899514284719 0.216925196942818 -0.085182430726135 -0.0779107000325624
0.381355274207284 0.26121653713703 -0.0551872973010744 -0.0884786047398002
0.301377584467333 0.383256960035867 0.0251123397634943 -0.082312127477686
0.065663814899874 0.492120896185741 0.0755688933444752 -0.00337962744179113
-0.263056738578572 0.492725001670176 -0.0290529971826286 0.109949398267778
-0.53242265999345 0.245751884504219 -0.111486741055071 0.0256416394717878
-0.558506198301658 -0.0444980380233138 -0.114669851570648 -0.133444250916489
-0.446311813129326 -0.160048617718499 0.055457037661115 0.147340257289535
-0.478575859526603 -0.0115769823299669 -0.016150538129952 -0.0520173255617923
-0.438721072086859 0.17416631906209 -0.0820978209171647 -0.0338440820527911
-0.229128038496934 0.367625001971133 -0.0739729848532785 0.0450008826998087
0.0211368138393628 0.426651491988348 0.0107210928544689 0.0792353359709939
0.214142333641291 0.345146601124584 0.0279888362408822 0.035131536795217
0.324743333387042 0.251885866956546 0.038187707924132 0.0212939377943891
0.388290842715038 0.213071690151644 0.0585574478015266 0.00612669597674465
0.381055358117792 0.219560540999011 0.0652547929881806 -0.0111924950232836
0.373736013560068 0.257999943520173 0.0577308627519234 -0.0241286557880446
0.291295348775037 0.368658903494158 0.0956827160215743 -0.0250942632061307
0.0589133724708877 0.456436991578915 0.107242917971871 0.0219944732748293
-0.229605441082348 0.441793121569415 0.0250936015593315 0.0873106780042425
-0.468544779752656 0.247924706884047 -0.00247377626984256 0.00717156638309795
-0.524176488393106 -0.0105733816297289 0.0779347692934323 -0.108651816842632
-0.40257753152254 -0.107974301577549 0.248704600319388 0.199770887872139
-0.418363891471514 0.0336864838286653 0.131895681351719 -0.0380684692850034
-0.366220226017486 0.174207623102283 -0.0124835178893294 -0.0403537572631477
-0.193767679266918 0.32352863234415 -0.0690040548687296 0.073678687711423
0.0156465227577172 0.378558426073946 0.0279121251886641 0.165645528445899
0.186675625417488 0.308816083195154 0.103728513582804 0.137533091863738
0.29109777325741 0.221342204536133 0.166974890326148 0.110795601353064
0.341450995719615 0.19061785143516 0.206559457082395 0.0795570739109976
0.326056543887607 0.19501851020654 0.199493916454121 0.054915972887824
0.295756184975377 0.224086528559838 0.150281881360512 0.0385172025175738
0.210902105207024 0.301339005880487 0.14074480059775 0.0311023762931616
0.0124156522658432 0.341799061647366 0.114216089342301 0.0483126891225563
-0.180026571987273 0.29517656802602 0.0534679533780135 0.0573163896828285
-0.339260915848027 0.185975218380519 0.0815381889219629 -0.0124120908854718
-0.408545162802285 0.00855607143806953 0.242754133782762 -0.0901434649417199
-0.285415104593076 -0.0345219865764447 0.406913756199016 0.23158502731134
-0.263602978184215 0.0686187107323569 0.259361646170065 -0.0177720910193179
-0.20730522184392 0.124499187421004 0.0621155489823198 -0.0334848668173272
-0.117277798053483 0.201765474708996 -0.0436899251579851 0.0899815487330722
0.00711438877890052 0.25111254215451 0.0496378396741426 0.22106234547568
0.125313223366596 0.21360151863162 0.171244140208507 0.215359057879311
0.209983620736822 0.152825918752317 0.274868804698201 0.18043497352032
0.244205453745614 0.138959258263826 0.321438545920326 0.140439233510773
0.224384396965459 0.145042570046844 0.294144869142817 0.114726462121189
0.177603762529069 0.168022957458774 0.203727869018118 0.0983381859379153
0.0982824811728486 0.203365692247858 0.145601692419336 0.0828804434104311
-0.0385660601676668 0.189333816956895 0.0913052402001703 0.068508980545883
-0.111916642347669 0.121128608464487 0.0602963037043248 0.0271210542308027
-0.174147416015324 0.104682393354781 0.134703306640553 -0.0217081054931228
-0.245313150465317 0.028417373082668 0.355770056328879 -0.0706978121242297
-0.11062849544827 0.0365166317577418 0.50010990808464 0.237117711956203
-0.0608169776350255 0.0687681373008512 0.347102500680971 -0.005684395482356
-0.030018607831072 0.0293328308056867 0.122674779391502 -0.0395674445842543
-0.0461714324432551 0.0446584697864755 -0.0190449292568563 0.0797559864571807
-0.0147070007814047 0.0882019319940762 0.0630471773879549 0.237123934679321
0.0378066815788421 0.086089691770021 0.21790929015751 0.253900046433055
0.0923749517104245 0.0627918074709365 0.34522746302796 0.218025123918307
0.111035749991445 0.0654621465008313 0.390168335039282 0.180128673485462
0.0971179628146168 0.0730611807403583 0.341665057863477 0.162754582398988
0.0527432971983765 0.0890558256525045 0.21818997480206 0.147145163283576
0.00234870428113705 0.0889556082834478 0.119857005064105 0.120281973641582
-0.0534195802318878 0.0392216396537066 0.0521180502911566 0.0723481863554433
-0.01593644506296 -0.0184881865351334 0.0617361927656013 -0.00541865183623431
-0.00400969425622722 0.052156034974046 0.168889278770105 -0.0224183321925234
-0.0673903934869666 0.0593489323883112 0.413888757228937 -0.0526838012475537
