TRXV5
3
4
4
9
string Extension=J
integer IsArchMeasurement=1
integer IsSpherical=1
string Generator=SPM
string GeneratorVersion=1.3.1 Dev
double ArchRadius=0.449999988079071
integer FrequencyAxisIndex=0
integer AzimuthAxisIndex=1
integer ElevationAxisIndex=2
Frequency
5 136 690000000 960000000 LIN
Azimuth
7 8 0 2.74889357189107 LIN
Elevation
7 15 -2.74889357189107 2.74889357189107 LIN
Polar H Real Part
13
Polar H Imaginary Part
14
Polar V Real Part
13
Polar V Imaginary Part
14
Polar H Magnitude (dB)
12 0xC0000002 0 1
Polar H Phase
7 0xC0000003 0 1
Polar V Magnitude (dB)
12 0xC0000002 2 3
Polar V Phase
7 0xC0000003 2 3
-0.0197334289550781 -0.0477409362792969 0.107833862304687 0.0316085815429687
-0.0323829650878906 -0.0404396057128906 0.07745361328125 0.0118484497070312
-0.0505027770996094 -0.0113639831542969 0.000944137573242184 -0.00906562805175781
-0.0383071899414063 0.01849365234375 -0.0455131530761719 0.0217552185058594
-0.0148391723632813 0.0233917236328125 -0.0551872253417969 0.0571479797363281
0.0015411376953125 0.0257930755615234 -0.0437240600585938 0.114280700683594
0.00937271118164063 0.0273075103759766 -0.00933837890625 0.149932861328125
0.00451850891113281 0.0240516662597656 0.0107421875 0.14990234375
0.00962638854980469 0.0262413024902344 0.00479125976562499 0.136764526367187
0.00292778015136719 0.0336589813232422 -0.0186843872070313 0.110855102539063
-0.0103302001953125 0.0369338989257813 -0.0128440856933594 0.0668449401855469
-0.0308723449707031 0.0368804931640625 0.00981330871582031 0.0349864959716797
-0.0510406494140625 0.00402832031249999 0.0584564208984375 0.0413131713867188
-0.0391426086425781 -0.0234603881835938 0.131980895996094 0.0984420776367188
-0.0276699066162109 -0.0196018218994141 0.142684936523438 0.196044921875
-0.0730514526367188 -0.098968505859375 0.0944900512695313 0.0223846435546875
-0.0872344970703125 -0.0864944458007812 0.0716476440429688 0.00843811035156249
-0.106170654296875 -0.040191650390625 0.0129585266113281 -0.0100955963134766
-0.100296020507813 0.011444091796875 -0.0361595153808594 0.00865936279296875
-0.0676383972167969 0.0420074462890625 -0.05450439453125 0.0393829345703125
-0.0390853881835937 0.0747299194335938 -0.0499801635742188 0.101112365722656
-0.00897979736328125 0.0842208862304688 -0.0164642333984375 0.131614685058594
-0.013031005859375 0.07550048828125 0.00772094726562501 0.130226135253906
-0.00891876220703124 0.0813446044921875 0.00453186035156251 0.118629455566406
-0.0236129760742187 0.0829315185546875 -0.0156936645507812 0.0970001220703125
-0.047088623046875 0.0692367553710938 -0.00942611694335938 0.0519371032714844
-0.0763092041015625 0.0574417114257813 0.0149269104003906 0.0210285186767578
-0.103218078613281 0.00279998779296874 0.0728225708007812 0.0302276611328125
-0.097625732421875 -0.0476608276367188 0.133148193359375 0.0866775512695313
-0.0874481201171875 -0.0590438842773438 0.135665893554688 0.18060302734375
-0.115211486816406 -0.138748168945313 0.0645027160644531 -0.00585556030273438
-0.131828308105469 -0.122322082519531 0.0527877807617187 -0.00394439697265626
-0.15106201171875 -0.065521240234375 0.0198078155517578 -0.0103034973144531
-0.151031494140625 0.00195312499999998 -0.0203113555908203 -0.00252914428710937
-0.113639831542969 0.0537948608398437 -0.040191650390625 0.0175323486328125
-0.0757369995117187 0.112159729003906 -0.0451583862304688 0.0721054077148437
-0.0271377563476562 0.1290283203125 -0.0190277099609375 0.0924530029296875
-0.0281906127929687 0.115524291992188 0.00250244140625001 0.0907516479492188
-0.0239028930664062 0.12554931640625 0.000396728515624997 0.0825958251953125
-0.0441513061523438 0.124549865722656 -0.0139198303222656 0.0691566467285157
-0.076324462890625 0.0980072021484375 -0.00769996643066407 0.0280399322509766
-0.112411499023438 0.076934814453125 0.0176734924316406 0.00550460815429688
-0.14617919921875 0.00569152832031252 0.0773468017578125 0.0189361572265625
-0.144866943359375 -0.0613555908203125 0.113311767578125 0.07147216796875
-0.137397766113281 -0.089141845703125 0.107681274414063 0.150558471679688
-0.14300537109375 -0.153030395507812 0.0219001770019531 -0.0444450378417969
-0.1590576171875 -0.13446044921875 0.0223922729492187 -0.0239124298095703
-0.173538208007812 -0.0732421875 0.0206184387207031 -0.0109443664550781
-0.176559448242188 -0.00280761718750004 -0.00228118896484376 -0.0138120651245117
-0.139518737792969 0.05859375 -0.0192985534667969 -0.00757980346679687
-0.099151611328125 0.132087707519531 -0.0317134857177734 0.0314178466796875
-0.0408935546875 0.152297973632813 -0.0181655883789063 0.0385093688964844
-0.0390625 0.138557434082031 -0.003570556640625 0.0375556945800781
-0.0367889404296875 0.151336669921875 -0.00503158569335938 0.0347747802734375
-0.059326171875 0.14837646484375 -0.0115394592285156 0.0292758941650391
-0.0967178344726563 0.113739013671875 -0.00524568557739259 -0.000100612640380852
-0.134864807128906 0.0860137939453125 0.0180435180664062 -0.0101089477539062
-0.169097900390625 0.00587463378906252 0.0703353881835937 0.0098876953125
-0.1715087890625 -0.0682220458984375 0.0783843994140625 0.0548019409179687
-0.165390014648438 -0.104095458984375 0.0649795532226562 0.111251831054688
-0.14996337890625 -0.140869140625 -0.0295944213867188 -0.0869216918945313
-0.161148071289063 -0.119964599609375 -0.0164337158203125 -0.0469627380371094
-0.167861938476563 -0.0634002685546875 0.0129728317260742 -0.014434814453125
-0.169952392578125 -0.00238037109374997 0.0136928558349609 -0.0266704559326172
-0.138008117675781 0.0558013916015625 0.0030231475830078 -0.0337257385253906
-0.104179382324219 0.130043029785156 -0.0144052505493164 -0.0160942077636719
-0.0477752685546875 0.152191162109375 -0.0143699645996094 -0.0213432312011719
-0.0453872680664063 0.140480041503906 -0.00946998596191406 -0.0216407775878906
-0.045196533203125 0.154922485351563 -0.0108852386474609 -0.0188732147216797
-0.0691986083984375 0.14794921875 -0.00868415832519532 -0.0150918960571289
-0.1053466796875 0.109024047851563 -0.00254821777343751 -0.0301589965820312
-0.140396118164063 0.0781402587890625 0.0178050994873047 -0.0239944458007812
-0.168136596679687 -0.00154113769531248 0.0554618835449219 0.00345230102539063
-0.1690673828125 -0.069732666015625 0.0322685241699219 0.03936767578125
-0.167465209960938 -0.105819702148437 0.0144309997558594 0.0674095153808594
-0.133163452148438 -0.1051025390625 -0.0799942016601563 -0.123237609863281
-0.135520935058594 -0.0860366821289063 -0.0537605285644531 -0.0681686401367188
-0.13201904296875 -0.0421066284179688 -0.000709533691406258 -0.0193328857421875
-0.131736755371094 -0.000946044921875012 0.0214996337890625 -0.0392265319824219
-0.111160278320313 0.043304443359375 0.0188827514648437 -0.0562324523925781
-0.0909881591796875 0.107940673828125 -0.000297546386718757 -0.0597953796386719
-0.0459671020507813 0.128776550292969 -0.0112686157226562 -0.07647705078125
-0.0440292358398438 0.121826171875 -0.0133132934570312 -0.0770339965820312
-0.048614501953125 0.134384155273438 -0.0118980407714844 -0.0698013305664062
-0.0718994140625 0.122879028320312 -0.000831604003906254 -0.058349609375
-0.101188659667969 0.0831680297851563 0.00469207763671874 -0.0552597045898437
-0.126106262207031 0.052642822265625 0.0188217163085937 -0.0339336395263672
-0.139900207519531 -0.0146255493164062 0.0380134582519531 -0.000873565673828126
-0.138099670410156 -0.0668411254882812 -0.0128822326660156 0.0221729278564453
-0.142837524414063 -0.092071533203125 -0.0332489013671875 0.0229225158691406
-0.0942916870117188 -0.0547866821289062 -0.121353149414063 -0.149337768554688
-0.0842361450195313 -0.043731689453125 -0.0858078002929688 -0.0824432373046875
-0.0744857788085938 -0.0208892822265625 -0.0192890167236328 -0.0240917205810547
-0.0749664306640625 -0.00443267822265626 0.0195236206054687 -0.0462074279785156
-0.0691757202148438 0.0215415954589844 0.0260200500488281 -0.0693893432617188
-0.0663185119628906 0.0688514709472656 0.0101242065429687 -0.0936965942382813
-0.0387954711914063 0.0866012573242188 -0.00909423828125 -0.119621276855469
-0.036163330078125 0.0844879150390625 -0.015594482421875 -0.121002197265625
-0.0452194213867187 0.0936660766601563 -0.00830841064453125 -0.111846923828125
-0.0621566772460937 0.0789718627929688 0.0128097534179687 -0.0922775268554688
-0.0790634155273438 0.0447158813476563 0.0178146362304687 -0.071624755859375
-0.0897979736328125 0.0189208984375 0.0241584777832031 -0.0380134582519531
-0.0881423950195313 -0.0238723754882813 0.0215511322021484 -0.00497817993164063
-0.0860977172851563 -0.0506210327148437 -0.0485801696777344 0.00271987915039062
-0.0982437133789062 -0.0626983642578125 -0.0708160400390625 -0.0163497924804687
-0.0392532348632812 -0.000438690185546877 -0.14862060546875 -0.161407470703125
-0.019256591796875 -0.00493621826171875 -0.108680725097656 -0.0870513916015625
-0.00975894927978516 -0.00665950775146485 -0.038604736328125 -0.0229721069335938
-0.0142393112182617 -0.0136737823486328 0.0118827819824219 -0.0442237854003906
-0.024261474609375 -0.00641250610351562 0.0261383056640625 -0.0713653564453125
-0.0369186401367188 0.0192527770996094 0.014068603515625 -0.111701965332031
-0.0271644592285156 0.0313453674316406 -0.007904052734375 -0.144485473632813
-0.0237483978271484 0.0348186492919922 -0.015380859375 -0.1470947265625
-0.0325736999511719 0.0393791198730469 -0.00102996826171874 -0.136329650878906
-0.0385398864746094 0.0251197814941406 0.0295333862304687 -0.111000061035156
-0.03961181640625 0.00447463989257813 0.0324172973632812 -0.0749969482421875
-0.0353202819824219 -0.00705718994140625 0.0290031433105469 -0.0357704162597656
-0.0249462127685547 -0.0165748596191406 0.00748157501220703 -0.00751209259033203
-0.0257072448730469 -0.0175285339355469 -0.0702018737792969 -0.0149154663085937
-0.0432624816894531 -0.0186386108398438 -0.0926971435546875 -0.0455245971679688
-0.0228042602539062 -0.0470848083496094 0.116439819335937 0.0275421142578125
-0.0348968505859375 -0.0395660400390625 0.0832366943359375 0.00833892822265625
-0.0514793395996094 -0.00943756103515626 0.00130462646484375 -0.00909423828125
-0.0373802185058594 0.0206146240234375 -0.0454177856445313 0.025665283203125
-0.0134735107421875 0.0241222381591797 -0.0531120300292969 0.0626716613769531
0.002838134765625 0.0261116027832031 -0.0372238159179687 0.121437072753906
0.0111217498779297 0.0275993347167969 0.00141906738281252 0.15643310546875
0.00612831115722656 0.0240211486816406 0.0233154296875 0.154876708984375
0.0117225646972656 0.0257186889648438 0.015289306640625 0.142379760742188
0.0056304931640625 0.0342884063720703 -0.0125579833984375 0.116935729980469
-0.00753021240234375 0.0383148193359375 -0.00979614257812499 0.070770263671875
-0.0282249450683594 0.03973388671875 0.0119400024414062 0.0353050231933594
-0.0511627197265625 0.00773239135742186 0.0626564025878906 0.0389976501464844
-0.0420684814453125 -0.0208587646484375 0.143341064453125 0.092010498046875
-0.0291748046875 -0.0173988342285156 0.159591674804687 0.193267822265625
-0.081329345703125 -0.097320556640625 0.101654052734375 0.0195999145507812
-0.095062255859375 -0.0830078125 0.076873779296875 0.00609588623046874
-0.111686706542969 -0.0356979370117187 0.0139617919921875 -0.0110378265380859
-0.102104187011719 0.0172195434570312 -0.0370597839355469 0.0127449035644531
-0.0683479309082031 0.0469894409179687 -0.0527191162109375 0.0451622009277344
-0.0344467163085937 0.0790328979492187 -0.0441055297851562 0.108558654785156
-0.00318145751953124 0.0875244140625 -0.00676727294921876 0.137901306152344
-0.00794982910156249 0.0790328979492188 0.0183334350585937 0.135017395019531
-0.00269317626953126 0.084747314453125 0.01385498046875 0.123634338378906
-0.0179595947265625 0.087432861328125 -0.00932312011718751 0.103157043457031
-0.044097900390625 0.0742721557617187 -0.00636291503906251 0.0550765991210938
-0.0744247436523438 0.0642242431640625 0.0161075592041016 0.0221633911132813
-0.10565185546875 0.00901031494140623 0.0770339965820313 0.0270538330078125
-0.104034423828125 -0.0426712036132813 0.143341064453125 0.0806732177734375
-0.09454345703125 -0.0545425415039063 0.151687622070313 0.17791748046875
-0.128738403320313 -0.135971069335938 0.0687446594238281 -0.00738906860351563
-0.14385986328125 -0.117156982421875 0.0561294555664062 -0.00595474243164063
-0.15948486328125 -0.05877685546875 0.0211181640625 -0.0119552612304688
-0.15618896484375 0.01129150390625 -0.0211944580078125 -0.000175476074218749
-0.114204406738281 0.0625152587890625 -0.0394783020019531 0.0218315124511719
-0.069488525390625 0.1201171875 -0.039947509765625 0.0779876708984375
-0.0180511474609375 0.134284973144531 -0.0122909545898438 0.0974578857421875
-0.020294189453125 0.122406005859375 0.0100173950195312 0.0940933227539063
-0.0158843994140625 0.13232421875 0.00775909423828125 0.0865249633789063
-0.03607177734375 0.132583618164063 -0.00843048095703126 0.0738296508789063
-0.0731430053710937 0.107490539550781 -0.00549316406250001 0.0313682556152344
-0.111061096191406 0.0875701904296875 0.0180950164794922 0.00606346130371094
-0.150131225585937 0.015167236328125 0.080718994140625 0.0147705078125
-0.1549072265625 -0.05419921875 0.121734619140625 0.0663986206054688
-0.148910522460938 -0.0833282470703125 0.11981201171875 0.149093627929688
-0.158706665039063 -0.149642944335938 0.0218353271484375 -0.0444602966308594
-0.17303466796875 -0.128311157226562 0.0229778289794922 -0.0241966247558594
-0.183837890625 -0.065765380859375 0.0215301513671875 -0.0124988555908203
-0.183822631835938 0.00828552246093752 -0.00321388244628907 -0.0127525329589844
-0.141571044921875 0.0691986083984375 -0.0191249847412109 -0.0048828125
-0.092681884765625 0.142807006835938 -0.0278244018554688 0.0355682373046875
-0.030792236328125 0.159637451171875 -0.0147056579589844 0.0417251586914063
-0.0299072265625 0.147262573242187 -0.000278472900390627 0.0397148132324219
-0.02587890625 0.160476684570313 -0.00109100341796876 0.0369682312011719
-0.0506591796875 0.158493041992188 -0.00867462158203126 0.0329360961914063
-0.0931167602539063 0.124954223632813 -0.00464630126953126 0.00246429443359376
-0.134315490722656 0.0993118286132812 0.0176448822021484 -0.00977706909179687
-0.174911499023437 0.0165557861328125 0.0731887817382812 0.0053253173828125
-0.182281494140625 -0.059783935546875 0.0838623046875 0.0519638061523438
-0.179855346679687 -0.097381591796875 0.07305908203125 0.111343383789063
-0.16485595703125 -0.13726806640625 -0.0342330932617188 -0.0853195190429688
-0.175506591796875 -0.114349365234375 -0.0189170837402344 -0.0459060668945313
-0.178192138671875 -0.055389404296875 0.013026237487793 -0.0155172348022461
-0.17706298828125 0.00926208496093747 0.0120391845703125 -0.0271987915039062
-0.140213012695313 0.0674057006835938 0.00230407714843749 -0.0336933135986328
-0.09844970703125 0.14178466796875 -0.0133848190307617 -0.0144262313842773
-0.037200927734375 0.160659790039063 -0.0159149169921875 -0.0205211639404297
-0.035736083984375 0.149810791015625 -0.0101585388183594 -0.0206928253173828
-0.0349578857421875 0.165176391601563 -0.0107212066650391 -0.0181999206542969
-0.0606842041015625 0.1590576171875 -0.00849723815917969 -0.0134744644165039
-0.102348327636719 0.120880126953125 -0.0032482147216797 -0.0285491943359375
-0.141128540039063 0.09124755859375 0.0164108276367187 -0.0243396759033203
-0.17425537109375 0.00871276855468748 0.0577278137207031 -0.000362396240234374
-0.180252075195313 -0.0625762939453125 0.0351371765136719 0.0396652221679687
-0.181900024414063 -0.100067138671875 0.0177001953125 0.0692405700683594
-0.145004272460938 -0.102325439453125 -0.0885162353515625 -0.120887756347656
-0.146820068359375 -0.08135986328125 -0.0601730346679688 -0.0647087097167968
-0.140090942382813 -0.0362548828125 -0.00167083740234376 -0.0204753875732422
-0.138839721679688 0.0076446533203125 0.0195579528808594 -0.0410003662109375
-0.113761901855469 0.0532073974609375 0.0172882080078125 -0.0584297180175781
-0.0860137939453125 0.11865234375 -0.00138473510742189 -0.0613059997558594
-0.0376739501953125 0.136680603027344 -0.0163726806640625 -0.0779495239257812
-0.0353775024414062 0.130546569824219 -0.019256591796875 -0.0780868530273437
-0.040008544921875 0.1446533203125 -0.0163650512695313 -0.0712509155273437
-0.0650787353515625 0.13385009765625 -0.00324630737304688 -0.0594863891601562
-0.0999069213867187 0.094635009765625 0.00270843505859374 -0.0560874938964844
-0.127761840820313 0.0644378662109375 0.0174732208251953 -0.0349559783935547
-0.145645141601563 -0.00642395019531248 0.0388717651367187 -0.00472259521484375
-0.147796630859375 -0.061614990234375 -0.0129337310791016 0.0241508483886719
-0.155487060546875 -0.0872650146484375 -0.0349369049072266 0.0262584686279297
-0.101371765136719 -0.0523834228515625 -0.1331787109375 -0.145736694335938
-0.0915756225585937 -0.04168701171875 -0.0942764282226562 -0.0789108276367188
-0.0792922973632813 -0.0179061889648438 -0.0210304260253906 -0.0239830017089844
-0.0803680419921875 0.0001373291015625 0.0180091857910156 -0.0482940673828125
-0.07220458984375 0.02734375 0.0240936279296875 -0.0732803344726563
-0.0633697509765625 0.0767364501953125 0.00635528564453124 -0.09747314453125
-0.0326614379882813 0.0924224853515625 -0.017730712890625 -0.123489379882813
-0.0303955078125 0.0915756225585938 -0.02490234375 -0.123710632324219
-0.0389251708984375 0.102386474609375 -0.0164871215820313 -0.114654541015625
-0.0587844848632812 0.0875396728515625 0.00814819335937499 -0.0958786010742188
-0.0797500610351563 0.053253173828125 0.0148162841796875 -0.0736770629882813
-0.092681884765625 0.0274581909179687 0.022308349609375 -0.0398406982421875
-0.0929031372070312 -0.0184707641601563 0.0208358764648437 -0.00741195678710938
-0.0936813354492188 -0.0483932495117187 -0.0523796081542969 0.00650787353515624
-0.107406616210938 -0.0602340698242187 -0.0765838623046875 -0.0128402709960937
-0.0402793884277344 -3.81469726562474E-05 -0.163101196289063 -0.157363891601562
-0.0204200744628906 -0.00541114807128906 -0.118202209472656 -0.0829238891601562
-0.0116119384765625 -0.00713157653808594 -0.0410652160644531 -0.0209846496582031
-0.0172624588012695 -0.0133390426635742 0.0096588134765625 -0.0468177795410156
-0.0269298553466797 -0.00442314147949219 0.0234909057617188 -0.0758285522460938
-0.0361099243164062 0.0235366821289062 0.0084075927734375 -0.1171875
-0.025177001953125 0.03521728515625 -0.01800537109375 -0.1492919921875
-0.0209808349609375 0.0384368896484375 -0.0274200439453125 -0.150665283203125
-0.0300979614257813 0.0443992614746094 -0.011383056640625 -0.140838623046875
-0.0377159118652344 0.0303726196289063 0.023773193359375 -0.116828918457031
-0.04083251953125 0.00844192504882813 0.0289840698242187 -0.0790481567382813
-0.0380096435546875 -0.00403213500976562 0.0278511047363281 -0.03857421875
-0.0271587371826172 -0.0152111053466797 0.0056915283203125 -0.00917243957519531
-0.0293445587158203 -0.0174999237060547 -0.0760726928710938 -0.0109786987304688
-0.0478630065917969 -0.0179519653320312 -0.100868225097656 -0.041717529296875
-0.0246620178222656 -0.0452804565429688 0.120834350585938 0.0229034423828125
-0.0357742309570313 -0.0374603271484375 0.086456298828125 0.004180908203125
-0.0502510070800781 -0.00725555419921874 0.00268077850341797 -0.00923347473144531
-0.035430908203125 0.0214920043945313 -0.0429573059082031 0.0290184020996094
-0.0125141143798828 0.0242443084716797 -0.0497856140136719 0.0665702819824219
0.00410652160644531 0.0250205993652344 -0.0298538208007812 0.123817443847656
0.0121650695800781 0.0265026092529297 0.011505126953125 0.156784057617188
0.00682640075683594 0.0236148834228516 0.0337982177734375 0.1533203125
0.0135631561279297 0.0239105224609375 0.0249481201171875 0.142333984375
0.00779342651367188 0.0330333709716797 -0.00493621826171875 0.119590759277344
-0.005401611328125 0.0383567810058594 -0.00627136230468749 0.072265625
-0.0250244140625 0.0409049987792969 0.0130882263183594 0.0354232788085938
-0.0499000549316406 0.0108146667480469 0.0647239685058594 0.0355606079101563
-0.0434188842773438 -0.0178070068359375 0.148910522460938 0.082855224609375
-0.0290431976318359 -0.0144691467285156 0.170074462890625 0.183441162109375
-0.0868377685546875 -0.0921173095703125 0.105751037597656 0.0160598754882812
-0.0989456176757812 -0.0771026611328125 0.0797348022460938 0.00339508056640624
-0.111648559570313 -0.030426025390625 0.0142631530761719 -0.0117416381835938
-0.100845336914063 0.0221710205078125 -0.0357131958007813 0.0156059265136719
-0.0653953552246094 0.0507774353027344 -0.0496559143066406 0.048919677734375
-0.029510498046875 0.0800094604492188 -0.0360488891601562 0.111183166503906
0.00222015380859376 0.087158203125 0.00270843505859375 0.138801574707031
-0.0029754638671875 0.0791702270507813 0.0278091430664062 0.1341552734375
0.00268554687500001 0.0848617553710937 0.022216796875 0.123428344726563
-0.0126800537109375 0.0883026123046875 -0.00245666503906249 0.104934692382813
-0.0397491455078125 0.077301025390625 -0.00349044799804687 0.0568771362304688
-0.0705795288085938 0.0690765380859375 0.0169467926025391 0.02197265625
-0.104736328125 0.0149307250976563 0.07763671875 0.0222015380859375
-0.106552124023438 -0.0369033813476563 0.147964477539062 0.0718536376953125
-0.09759521484375 -0.0483551025390625 0.160171508789063 0.169937133789063
-0.136947631835937 -0.1282958984375 0.0710296630859375 -0.00915527343750001
-0.149505615234375 -0.10919189453125 0.0579185485839844 -0.00728988647460938
-0.161575317382813 -0.0509796142578125 0.0215339660644531 -0.0129604339599609
-0.155975341796875 0.0197296142578125 -0.0209083557128906 0.00270843505859375
-0.111106872558594 0.0691909790039063 -0.0369338989257813 0.0253944396972656
-0.0621795654296875 0.123870849609375 -0.0330886840820313 0.08148193359375
-0.00995635986328125 0.134788513183594 -0.004913330078125 0.098876953125
-0.0123214721679688 0.123695373535156 0.01702880859375 0.0938262939453125
-0.00605010986328126 0.133575439453125 0.01397705078125 0.0869827270507813
-0.0279922485351562 0.135040283203125 -0.00286865234375 0.0763015747070313
-0.0670318603515625 0.112319946289063 -0.00360488891601563 0.0335865020751953
-0.106361389160156 0.0952224731445313 0.0184974670410156 0.00643157958984376
-0.149368286132813 0.022735595703125 0.080902099609375 0.0094757080078125
-0.158065795898438 -0.046630859375 0.125244140625 0.0595550537109375
-0.153823852539062 -0.0741119384765625 0.127426147460938 0.142547607421875
-0.16796875 -0.14117431640625 0.0221519470214844 -0.0428695678710938
-0.180862426757812 -0.119064331054688 0.0229263305664062 -0.0237178802490234
-0.18701171875 -0.0562744140625 0.0214653015136719 -0.0135498046875
-0.18426513671875 0.0188446044921875 -0.00376033782958986 -0.011164665222168
-0.138084411621094 0.0785369873046875 -0.0180397033691406 -0.00257110595703125
-0.083984375 0.147720336914063 -0.0237083435058594 0.0375442504882813
-0.020477294921875 0.161544799804688 -0.0112152099609375 0.04376220703125
-0.0200347900390625 0.150009155273438 0.0034637451171875 0.0403594970703125
-0.0152587890625 0.16375732421875 0.00262832641601563 0.0376701354980469
-0.0410919189453125 0.162887573242188 -0.00503158569335938 0.0352058410644531
-0.0864639282226563 0.131134033203125 -0.00366902351379395 0.00420069694519044
-0.129440307617187 0.108474731445312 0.0170269012451172 -0.00872039794921874
-0.173858642578125 0.0255584716796875 0.0729904174804687 0.000587463378906252
-0.186569213867188 -0.05078125 0.0863113403320312 0.0476608276367188
-0.186172485351562 -0.0872802734375 0.0782699584960937 0.108497619628906
-0.174468994140625 -0.130203247070313 -0.0367889404296875 -0.0814056396484375
-0.18316650390625 -0.105270385742187 -0.0208282470703125 -0.0426254272460938
-0.181732177734375 -0.0469207763671875 0.0128746032714844 -0.0159454345703125
-0.178665161132813 0.0193023681640625 0.0106754302978516 -0.0265007019042969
-0.138046264648438 0.0758514404296875 0.00209808349609374 -0.0331687927246094
-0.0892181396484375 0.148025512695313 -0.0117206573486328 -0.0131330490112305
-0.027008056640625 0.16229248046875 -0.0163249969482422 -0.0183601379394531
-0.025299072265625 0.1536865234375 -0.0109996795654297 -0.01934814453125
-0.0230560302734375 0.168746948242188 -0.0112514495849609 -0.0171575546264648
-0.0506744384765625 0.164382934570313 -0.00774955749511719 -0.0120792388916016
-0.096466064453125 0.1287841796875 -0.00426673889160157 -0.0271224975585937
-0.136489868164063 0.101486206054687 0.0152759552001953 -0.0235862731933594
-0.173629760742188 0.0181121826171875 0.0569953918457031 -0.0046539306640625
-0.1856689453125 -0.0548553466796875 0.0369987487792969 0.0377578735351563
-0.1893310546875 -0.089599609375 0.0197906494140625 0.0697441101074219
-0.152008056640625 -0.0958709716796875 -0.0938568115234375 -0.114158630371094
-0.152786254882813 -0.074859619140625 -0.0635833740234375 -0.0599822998046875
-0.143280029296875 -0.0293121337890625 -0.00257110595703126 -0.0204830169677734
-0.140625 0.0159759521484375 0.0171279907226562 -0.0412445068359375
-0.112297058105469 0.06072998046875 0.0162010192871094 -0.0594024658203125
-0.078887939453125 0.124702453613281 -0.00275421142578125 -0.0609550476074219
-0.0281982421875 0.138671875 -0.0206680297851563 -0.0760116577148437
-0.0263290405273438 0.133941650390625 -0.024017333984375 -0.07623291015625
-0.0294342041015625 0.148910522460938 -0.0201873779296875 -0.0701179504394531
-0.0561294555664062 0.139137268066406 -0.00526046752929688 -0.0596427917480469
-0.0944747924804688 0.102142333984375 0.000568389892578124 -0.0545158386230469
-0.125083923339844 0.07366943359375 0.0154476165771484 -0.0342578887939453
-0.146453857421875 0.00111389160156253 0.0378799438476562 -0.0076904296875
-0.154052734375 -0.055145263671875 -0.0127143859863281 0.0257415771484375
-0.16253662109375 -0.079742431640625 -0.0351676940917969 0.0289230346679688
-0.105216979980469 -0.05010986328125 -0.140487670898438 -0.136711120605469
-0.0948410034179688 -0.0382537841796875 -0.0992507934570313 -0.07171630859375
-0.082061767578125 -0.013916015625 -0.0224456787109375 -0.02197265625
-0.0819320678710938 0.0053253173828125 0.0149040222167969 -0.0487823486328125
-0.0723800659179688 0.0330352783203125 0.0212860107421875 -0.0753631591796875
-0.0589065551757813 0.0815658569335937 0.00250244140624999 -0.0983352661132813
-0.0257949829101563 0.0948638916015625 -0.0247726440429688 -0.121505737304688
-0.0230178833007813 0.0949249267578125 -0.0330581665039062 -0.12127685546875
-0.0311965942382813 0.107025146484375 -0.0229110717773438 -0.113815307617188
-0.0528030395507812 0.0930023193359375 0.00372314453125 -0.096160888671875
-0.07708740234375 0.0590972900390625 0.0112991333007812 -0.0737533569335938
-0.0923385620117188 0.03497314453125 0.0198593139648437 -0.0404319763183594
-0.0950164794921875 -0.01348876953125 0.0191555023193359 -0.00945091247558594
-0.0981979370117187 -0.0447235107421875 -0.0533981323242188 0.00988388061523438
-0.113182067871094 -0.05499267578125 -0.0793533325195313 -0.00864410400390625
-0.0404853820800781 3.81469726562455E-06 -0.170425415039062 -0.147567749023438
-0.0218772888183594 -0.0061492919921875 -0.123260498046875 -0.0753250122070313
-0.0132818222045898 -0.00718879699707031 -0.0420684814453125 -0.0186653137207031
-0.0200290679931641 -0.0120124816894531 0.00772857666015625 -0.0473251342773438
-0.0284671783447266 -0.00218582153320312 0.0207290649414062 -0.0782928466796875
-0.0348548889160156 0.0271167755126953 0.00273895263671875 -0.118942260742188
-0.0219001770019531 0.0370635986328125 -0.0277862548828125 -0.147964477539063
-0.0166244506835937 0.0410118103027344 -0.0373077392578125 -0.148406982421875
-0.0258598327636719 0.0482940673828125 -0.020233154296875 -0.14068603515625
-0.0356025695800781 0.0342941284179688 0.0172805786132812 -0.118614196777344
-0.0403213500976563 0.0124855041503906 0.0251846313476563 -0.0795822143554687
-0.0388450622558594 2.67028808593745E-05 0.0258216857910156 -0.0390701293945313
-0.0288925170898437 -0.0134868621826172 0.00383567810058593 -0.0104856491088867
-0.0317649841308594 -0.0169048309326172 -0.0786285400390625 -0.00601959228515625
-0.0503387451171875 -0.01641845703125 -0.105720520019531 -0.0364151000976562
-0.0249404907226563 -0.0424232482910156 0.1226806640625 0.0209503173828125
-0.0352401733398437 -0.0361366271972656 0.0879669189453125 0.002349853515625
-0.0487403869628906 -0.00653839111328126 0.00362968444824218 -0.00932979583740234
-0.0337009429931641 0.0207939147949219 -0.0412101745605469 0.0311088562011719
-0.01177978515625 0.0232715606689453 -0.047149658203125 0.0677490234375
0.00452423095703125 0.0236759185791016 -0.0257415771484375 0.124038696289063
0.0126018524169922 0.0249862670898438 0.0174560546875 0.154678344726562
0.00766563415527344 0.0222549438476563 0.0394744873046875 0.150527954101563
0.0141391754150391 0.0229225158691406 0.029754638671875 0.140594482421875
0.00875282287597656 0.0321922302246094 -0.00177001953124999 0.119285583496094
-0.00397491455078125 0.0378494262695313 -0.00452423095703124 0.0726394653320313
-0.0229225158691406 0.0408096313476562 0.0131912231445312 0.0350875854492188
-0.047943115234375 0.0120353698730469 0.0642852783203125 0.0333786010742188
-0.0423622131347656 -0.0150527954101562 0.1495361328125 0.0765838623046875
-0.0277214050292969 -0.0125255584716797 0.172470092773438 0.176483154296875
-0.0876922607421875 -0.0877838134765625 0.107475280761719 0.0145721435546875
-0.0987091064453125 -0.0739898681640625 0.081085205078125 0.00133514404296875
-0.110252380371094 -0.0282058715820312 0.0149116516113281 -0.0115957260131836
-0.099090576171875 0.0241317749023438 -0.034271240234375 0.0178585052490234
-0.0633926391601562 0.0509147644042969 -0.0472946166992188 0.0508537292480469
-0.0266647338867188 0.0790023803710938 -0.0317230224609375 0.111679077148438
0.00421905517578125 0.0850677490234375 0.00830841064453124 0.137657165527344
0.000205993652343755 0.0785293579101563 0.03350830078125 0.131240844726563
0.00568389892578125 0.0836410522460938 0.0270233154296875 0.121673583984375
-0.00968170166015626 0.0883560180664063 0.00135803222656251 0.105377197265625
-0.03717041015625 0.0780868530273437 -0.00197219848632812 0.0576248168945313
-0.06707763671875 0.0702896118164063 0.0171260833740234 0.022796630859375
-0.102439880371094 0.0169677734375 0.076751708984375 0.0191268920898438
-0.107040405273438 -0.0333786010742188 0.148284912109375 0.06591796875
-0.0969772338867188 -0.0448684692382813 0.161972045898437 0.163665771484375
-0.139213562011719 -0.123008728027344 0.0723800659179687 -0.00848388671875001
-0.150131225585937 -0.104248046875 0.0586509704589844 -0.00712966918945313
-0.159194946289063 -0.047271728515625 0.0214691162109375 -0.0127983093261719
-0.153518676757813 0.023284912109375 -0.019866943359375 0.00504875183105469
-0.108749389648438 0.0707015991210938 -0.0348434448242188 0.0272140502929688
-0.0574264526367188 0.123161315917969 -0.0285797119140625 0.082122802734375
-0.00537109375000001 0.1324462890625 -0.000595092773437508 0.0990142822265625
-0.00735473632812501 0.12347412109375 0.021331787109375 0.0924606323242188
-0.00165557861328126 0.132888793945313 0.0178146362304688 0.0861968994140625
-0.02288818359375 0.134841918945313 0.000221252441406247 0.0766372680664063
-0.063323974609375 0.113563537597656 -0.00152015686035156 0.0348606109619141
-0.102500915527344 0.0976638793945313 0.0181427001953125 0.00786972045898438
-0.146530151367188 0.0259552001953125 0.07977294921875 0.0070343017578125
-0.158706665039063 -0.0425262451171875 0.125465393066406 0.0554656982421875
-0.154022216796875 -0.0685272216796875 0.129554748535156 0.138442993164063
-0.170242309570313 -0.135482788085938 0.02276611328125 -0.0405921936035156
-0.181808471679688 -0.112930297851563 0.0230693817138672 -0.0219287872314453
-0.18585205078125 -0.0523529052734375 0.0214118957519531 -0.0135688781738281
-0.18292236328125 0.0237274169921875 -0.0036602020263672 -0.00940704345703125
-0.135330200195313 0.0813369750976562 -0.0164546966552734 -0.000725746154785152
-0.077972412109375 0.148025512695312 -0.0195808410644531 0.0384368896484375
-0.0147705078125 0.159713745117188 -0.00839614868164063 0.0448455810546875
-0.01434326171875 0.150054931640625 0.00525665283203125 0.0399017333984375
-0.009002685546875 0.163253784179688 0.00417709350585938 0.0378570556640625
-0.0346832275390625 0.162582397460938 -0.00234222412109376 0.0354232788085938
-0.0824127197265625 0.13299560546875 -0.00250053405761719 0.0061931610107422
-0.125343322753906 0.112190246582031 0.0172357559204101 -0.00751590728759765
-0.170791625976563 0.02886962890625 0.0708160400390625 -0.00199127197265625
-0.18798828125 -0.046539306640625 0.08599853515625 0.045196533203125
-0.187652587890625 -0.0811920166015625 0.0792388916015625 0.105903625488281
-0.1766357421875 -0.124588012695312 -0.036468505859375 -0.0767059326171875
-0.184112548828125 -0.100128173828125 -0.0205154418945313 -0.0395317077636719
-0.181045532226562 -0.042938232421875 0.0128192901611328 -0.0154705047607422
-0.177337646484375 0.0245819091796875 0.0102806091308594 -0.0250225067138672
-0.135101318359375 0.0799560546875 0.00275421142578124 -0.0315418243408203
-0.084014892578125 0.14898681640625 -0.00956153869628907 -0.0128412246704101
-0.02117919921875 0.161422729492188 -0.0155248641967773 -0.0163135528564453
-0.01910400390625 0.153396606445313 -0.0108051300048828 -0.0184993743896484
-0.0157928466796875 0.169296264648438 -0.010772705078125 -0.0161857604980469
-0.0443267822265625 0.165054321289063 -0.00624561309814453 -0.0109519958496094
-0.0918731689453125 0.131210327148438 -0.00341033935546876 -0.0251693725585937
-0.133003234863281 0.106010437011719 0.0151443481445312 -0.0217418670654297
-0.171890258789063 0.0211181640625 0.0550651550292969 -0.00667953491210937
-0.18682861328125 -0.05078125 0.0365753173828125 0.0370826721191406
-0.190963745117187 -0.083831787109375 0.0201148986816406 0.0688285827636719
-0.154296875 -0.092681884765625 -0.0940322875976563 -0.108612060546875
-0.1541748046875 -0.071014404296875 -0.0644569396972656 -0.0559272766113281
-0.143157958984375 -0.0265045166015625 -0.00282096862792969 -0.0190391540527344
-0.14031982421875 0.0203933715820313 0.0164413452148437 -0.0400924682617188
-0.110916137695313 0.063751220703125 0.0156288146972656 -0.0584526062011719
-0.0745315551757812 0.126174926757813 -0.001861572265625 -0.0608711242675781
-0.0233078002929687 0.138412475585937 -0.0216827392578125 -0.0738372802734375
-0.0207138061523437 0.134353637695313 -0.02545166015625 -0.07379150390625
-0.022918701171875 0.149795532226563 -0.02166748046875 -0.0685806274414063
-0.0511627197265625 0.141281127929688 -0.00600433349609375 -0.0579376220703125
-0.0915374755859375 0.105056762695313 0.000583648681640622 -0.0531349182128906
-0.121849060058594 0.0780258178710937 0.0147857666015625 -0.0331211090087891
-0.145126342773438 0.00408935546874997 0.036041259765625 -0.0090789794921875
-0.155410766601563 -0.0523529052734375 -0.0131568908691406 0.0261917114257812
-0.164810180664063 -0.074493408203125 -0.03582763671875 0.0299606323242187
-0.106216430664063 -0.048492431640625 -0.1416015625 -0.130767822265625
-0.0962982177734375 -0.0370864868164062 -0.100318908691406 -0.0672149658203125
-0.0825881958007813 -0.0128555297851563 -0.02203369140625 -0.0207710266113281
-0.0829391479492188 0.00793457031249999 0.0142288208007812 -0.0484962463378906
-0.0715408325195313 0.035797119140625 0.0203475952148438 -0.0749893188476562
-0.0558319091796875 0.0838623046875 0.0011138916015625 -0.0978317260742188
-0.022064208984375 0.0947723388671875 -0.0278244018554688 -0.118789672851563
-0.0188522338867188 0.0951461791992188 -0.036773681640625 -0.117767333984375
-0.02587890625 0.107757568359375 -0.0263595581054688 -0.111984252929688
-0.0483932495117187 0.0948333740234375 0.00124359130859375 -0.0958633422851563
-0.0751495361328125 0.06170654296875 0.01043701171875 -0.0723800659179688
-0.09051513671875 0.0391464233398437 0.0194435119628906 -0.0394439697265625
-0.0943832397460938 -0.0111541748046875 0.0180034637451172 -0.0102882385253906
-0.100807189941406 -0.042633056640625 -0.0538597106933594 0.0121383666992188
-0.115333557128906 -0.0517730712890625 -0.0799484252929688 -0.00637054443359377
-0.0406303405761719 -0.00130081176757812 -0.17138671875 -0.141220092773438
-0.0233707427978516 -0.00722312927246094 -0.124397277832031 -0.0702667236328125
-0.0142669677734375 -0.00710201263427735 -0.0410194396972656 -0.0172004699707031
-0.0214576721191406 -0.0112133026123047 0.00670242309570312 -0.0472946166992188
-0.0298404693603516 -0.000486373901367183 0.0194854736328125 -0.07867431640625
-0.0339756011962891 0.0294322967529297 0.000328063964843737 -0.118865966796875
-0.0200271606445313 0.0378570556640625 -0.032684326171875 -0.145721435546875
-0.0145301818847656 0.0421638488769531 -0.042327880859375 -0.144760131835938
-0.0228195190429688 0.0497589111328125 -0.0245895385742187 -0.138198852539063
-0.0331840515136719 0.0364570617675781 0.013580322265625 -0.117813110351563
-0.0397682189941406 0.0142402648925781 0.02386474609375 -0.079376220703125
-0.0385627746582031 0.002777099609375 0.0244331359863281 -0.0388946533203125
-0.0301418304443359 -0.0122051239013672 0.00203895568847656 -0.0106706619262695
-0.0339832305908203 -0.0165138244628906 -0.0797348022460938 -0.00335693359375001
-0.0519790649414063 -0.0154991149902344 -0.107032775878906 -0.033416748046875
-0.0234870910644531 -0.0409431457519531 0.125473022460938 0.0230484008789062
-0.0341110229492188 -0.0360641479492187 0.0899734497070312 0.00318145751953125
-0.0475502014160156 -0.00827026367187501 0.00522232055664062 -0.00901222229003906
-0.0338897705078125 0.0196571350097656 -0.0403709411621094 0.0316696166992187
-0.0125541687011719 0.0224838256835937 -0.0471839904785156 0.06842041015625
0.00438499450683594 0.022247314453125 -0.0257949829101563 0.124839782714844
0.0125179290771484 0.0245532989501953 0.0184326171875 0.154815673828125
0.007110595703125 0.0220775604248047 0.04095458984375 0.151092529296875
0.0139026641845703 0.0221023559570313 0.030731201171875 0.141220092773438
0.00898170471191406 0.0314292907714844 -0.00142669677734376 0.121208190917969
-0.00341415405273437 0.0380287170410156 -0.0056915283203125 0.0738143920898437
-0.022003173828125 0.0402412414550781 0.0127716064453125 0.0359573364257812
-0.0471954345703125 0.0121231079101563 0.063720703125 0.0333442687988281
-0.0420570373535156 -0.0147857666015625 0.1500244140625 0.076385498046875
-0.0263690948486328 -0.0118236541748047 0.170913696289063 0.177719116210938
-0.0877838134765625 -0.0874481201171875 0.110000610351563 0.0177230834960937
-0.0980987548828125 -0.074066162109375 0.0829086303710938 0.00331878662109375
-0.109169006347656 -0.0298995971679688 0.0165252685546875 -0.011805534362793
-0.0994415283203125 0.0228500366210938 -0.0328197479248047 0.0186176300048828
-0.0636177062988281 0.0500526428222656 -0.0462570190429687 0.0513153076171875
-0.0273895263671875 0.0779876708984375 -0.0311279296875 0.112152099609375
0.00437164306640625 0.084564208984375 0.00962066650390626 0.138542175292969
8.39233398437504E-05 0.0785064697265625 0.0341262817382812 0.131324768066406
0.00627136230468751 0.08367919921875 0.02789306640625 0.122833251953125
-0.00977325439453124 0.0878524780273437 0.0018768310546875 0.106460571289063
-0.037872314453125 0.0785903930664063 -0.00147247314453126 0.0597991943359375
-0.06695556640625 0.0699882507324219 0.0165538787841797 0.0243816375732422
-0.102348327636719 0.01617431640625 0.076141357421875 0.0197830200195313
-0.107307434082031 -0.0338897705078125 0.148147583007813 0.0665435791015625
-0.0964126586914063 -0.0449752807617187 0.161026000976563 0.165359497070313
-0.139152526855469 -0.12322998046875 0.0751800537109375 -0.00617980957031251
-0.149765014648438 -0.105300903320312 0.0602073669433594 -0.00551605224609376
-0.159164428710938 -0.0498809814453125 0.0219650268554687 -0.0127925872802734
-0.154876708984375 0.0229339599609375 -0.0194282531738281 0.00655174255371094
-0.109931945800781 0.0706939697265625 -0.0332221984863281 0.0287189483642578
-0.0577926635742187 0.122360229492188 -0.0269851684570313 0.0825347900390625
-0.00567626953125 0.131980895996094 0.00121307373046875 0.100143432617188
-0.00727844238281251 0.124099731445313 0.0218124389648437 0.0928878784179688
-6.10351562500113E-05 0.133941650390625 0.0180740356445313 0.0865097045898438
-0.0226364135742188 0.13555908203125 0.00167846679687501 0.07757568359375
-0.0642776489257812 0.113883972167969 -0.00129318237304688 0.0365333557128906
-0.103103637695313 0.0989456176757812 0.0185012817382812 0.00944137573242188
-0.147415161132813 0.023895263671875 0.0784683227539063 0.0067596435546875
-0.160659790039063 -0.043548583984375 0.125228881835938 0.0563583374023438
-0.154266357421875 -0.068603515625 0.127815246582031 0.140251159667969
-0.171127319335937 -0.136581420898438 0.0246772766113281 -0.03839111328125
-0.182174682617187 -0.114730834960938 0.0242786407470703 -0.0200252532958984
-0.18597412109375 -0.055267333984375 0.0221080780029297 -0.0126953125
-0.183868408203125 0.023345947265625 -0.00311613082885743 -0.00740861892700195
-0.136199951171875 0.0816192626953125 -0.0146255493164063 6.77108764648462E-05
-0.07867431640625 0.148300170898438 -0.0174217224121094 0.0386009216308594
-0.0147247314453125 0.159072875976563 -0.00689315795898437 0.0455856323242188
-0.0136260986328125 0.150527954101563 0.00604629516601563 0.0403861999511719
-0.00695800781249999 0.164260864257813 0.0048828125 0.0381278991699219
-0.03466796875 0.164093017578125 -0.00106048583984376 0.0363006591796875
-0.08319091796875 0.135200500488281 -0.00134563446044922 0.00750207901000978
-0.126419067382813 0.1131591796875 0.0172548294067383 -0.00578975677490234
-0.17205810546875 0.0264892578125 0.0694732666015625 -0.0023040771484375
-0.190109252929687 -0.048980712890625 0.0860061645507813 0.0462646484375
-0.188125610351563 -0.0819091796875 0.0777435302734375 0.108016967773437
-0.178466796875 -0.12603759765625 -0.034759521484375 -0.0754013061523438
-0.185928344726563 -0.10211181640625 -0.0200080871582031 -0.0383186340332031
-0.1822509765625 -0.0455780029296875 0.0127716064453125 -0.0145034790039063
-0.1796875 0.024932861328125 0.0100135803222656 -0.0231094360351563
-0.136993408203125 0.0804519653320312 0.00467300415039061 -0.0307750701904297
-0.0840911865234375 0.149917602539063 -0.00722217559814453 -0.0128679275512695
-0.0211639404296875 0.161041259765625 -0.0140905380249023 -0.0152568817138672
-0.01861572265625 0.154556274414062 -0.0107212066650391 -0.0177516937255859
-0.0149993896484375 0.17047119140625 -0.0105743408203125 -0.0159130096435547
-0.043731689453125 0.1669921875 -0.00477886199951172 -0.0110187530517578
-0.0937042236328125 0.132484436035156 -0.00171661376953125 -0.0235939025878906
-0.133636474609375 0.106674194335937 0.0160846710205078 -0.0203170776367187
-0.172897338867188 0.0189208984375 0.054168701171875 -0.00762176513671875
-0.189697265625 -0.05242919921875 0.0359764099121094 0.0381622314453125
-0.192230224609375 -0.085418701171875 0.0190887451171875 0.0705108642578125
-0.155685424804688 -0.0950469970703125 -0.092742919921875 -0.106925964355469
-0.1561279296875 -0.0727386474609375 -0.0638275146484375 -0.054718017578125
-0.144805908203125 -0.0287322998046875 -0.00248908996582032 -0.0184326171875
-0.142501831054687 0.0205841064453125 0.0165023803710937 -0.0390739440917969
-0.112411499023438 0.0656204223632813 0.0171966552734375 -0.0582847595214844
-0.0747222900390625 0.128257751464844 0.000797271728515614 -0.0614128112792969
-0.02325439453125 0.138603210449219 -0.0206298828125 -0.073486328125
-0.0188217163085937 0.135383605957031 -0.02508544921875 -0.07293701171875
-0.02142333984375 0.151702880859375 -0.0216255187988281 -0.0688285827636718
-0.050750732421875 0.143264770507812 -0.00459289550781251 -0.0578536987304688
-0.0925750732421875 0.1060791015625 0.00207138061523437 -0.0526351928710937
-0.122787475585938 0.0800933837890625 0.0163745880126953 -0.0317001342773437
-0.146835327148438 0.00231933593750002 0.0347843170166016 -0.0100517272949219
-0.15875244140625 -0.0545196533203125 -0.0136775970458984 0.0271511077880859
-0.166839599609375 -0.0761566162109375 -0.0377311706542969 0.0310745239257812
-0.108306884765625 -0.0509262084960938 -0.139411926269531 -0.130844116210938
-0.0991439819335938 -0.0390777587890625 -0.10040283203125 -0.0663909912109375
-0.0838775634765625 -0.014495849609375 -0.0217266082763672 -0.0201511383056641
-0.0850372314453125 0.00858306884765624 0.0145721435546875 -0.0479316711425781
-0.0740737915039062 0.0371932983398438 0.02227783203125 -0.0749893188476563
-0.0562667846679687 0.0852432250976562 0.00260925292968749 -0.0990524291992187
-0.0212860107421875 0.0955429077148438 -0.0277252197265625 -0.119087219238281
-0.0176773071289062 0.09600830078125 -0.0363388061523438 -0.117462158203125
-0.0241622924804687 0.109840393066406 -0.026153564453125 -0.112022399902344
-0.0482330322265625 0.0964508056640625 0.00245666503906249 -0.09686279296875
-0.07562255859375 0.0626983642578125 0.0120620727539063 -0.071807861328125
-0.0910491943359375 0.0400924682617188 0.0193901062011719 -0.0379829406738281
-0.0956573486328125 -0.0123443603515625 0.016413688659668 -0.0108251571655273
-0.103179931640625 -0.0445175170898437 -0.0550460815429688 0.0128402709960938
-0.116767883300781 -0.0529632568359375 -0.0821151733398438 -0.00601196289062502
-0.041778564453125 -0.00421142578125001 -0.169540405273437 -0.141021728515625
-0.0253982543945312 -0.00892257690429688 -0.125213623046875 -0.070556640625
-0.0151987075805664 -0.00751876831054687 -0.0407752990722656 -0.017303466796875
-0.0223178863525391 -0.0116539001464844 0.0064544677734375 -0.0473098754882813
-0.0311222076416016 0.000770568847656249 0.0201416015625 -0.0797271728515625
-0.0339698791503906 0.0306968688964844 0.0013580322265625 -0.119842529296875
-0.0197525024414062 0.03814697265625 -0.0329437255859375 -0.146072387695313
-0.0134544372558594 0.0422096252441406 -0.04290771484375 -0.1444091796875
-0.0220184326171875 0.0512771606445313 -0.0249710083007812 -0.138069152832031
-0.0332756042480469 0.0377006530761719 0.013824462890625 -0.118637084960938
-0.0398941040039063 0.015289306640625 0.0247421264648437 -0.0794448852539063
-0.0390586853027344 0.00441741943359374 0.0248146057128906 -0.0387840270996094
-0.0309963226318359 -0.0118827819824219 0.000642776489257812 -0.0108766555786133
-0.0362358093261719 -0.0177841186523438 -0.0814590454101563 -0.00307464599609375
-0.0537986755371094 -0.0159263610839844 -0.109222412109375 -0.0344467163085938
-0.0219459533691406 -0.0412940979003906 0.132682800292969 0.0264434814453125
-0.03326416015625 -0.0374679565429687 0.0957717895507813 0.00464630126953125
-0.0478973388671875 -0.0103530883789062 0.00653266906738281 -0.00935840606689453
-0.0350227355957031 0.0192737579345703 -0.0399742126464844 0.0327720642089844
-0.0138282775878906 0.0220909118652344 -0.0495147705078125 0.0712051391601563
0.00415611267089844 0.0222930908203125 -0.0279617309570312 0.129829406738281
0.0123710632324219 0.0250377655029297 0.0191497802734375 0.160552978515625
0.00701141357421875 0.0225849151611328 0.0411834716796875 0.155075073242188
0.0139255523681641 0.0222988128662109 0.0310821533203125 0.146820068359375
0.00938034057617188 0.0323944091796875 -0.00227355957031249 0.126274108886719
-0.00379562377929687 0.039031982421875 -0.0069732666015625 0.0773849487304688
-0.022705078125 0.0404777526855469 0.0119705200195312 0.0384445190429688
-0.0491867065429687 0.0118179321289063 0.0646018981933594 0.0356216430664063
-0.04302978515625 -0.0143508911132813 0.154159545898438 0.0797271728515625
-0.0257110595703125 -0.0121097564697266 0.17352294921875 0.185211181640625
-0.0888595581054688 -0.0900650024414063 0.116073608398438 0.0207061767578125
-0.0987319946289062 -0.07806396484375 0.0872726440429688 0.005218505859375
-0.111579895019531 -0.0342788696289063 0.0179080963134766 -0.0114841461181641
-0.103294372558594 0.0219268798828125 -0.0331172943115235 0.0202617645263672
-0.0673179626464844 0.0500640869140625 -0.0470008850097656 0.053466796875
-0.029937744140625 0.079254150390625 -0.0322341918945313 0.117050170898438
0.00247192382812501 0.0867233276367188 0.00978088378906251 0.144073486328125
-0.00107574462890625 0.0814971923828125 0.0353317260742187 0.136322021484375
0.00585174560546875 0.0862808227539062 0.0286712646484375 0.127395629882813
-0.00991058349609376 0.0915908813476562 0.00120544433593749 0.112098693847656
-0.039886474609375 0.0810089111328125 -0.00251388549804688 0.0629043579101563
-0.070465087890625 0.0719223022460938 0.0165634155273437 0.0263080596923828
-0.107421875 0.0147476196289062 0.0773696899414063 0.0209808349609375
-0.111198425292969 -0.0361099243164063 0.152175903320312 0.070404052734375
-0.0988082885742188 -0.0470657348632813 0.16290283203125 0.174484252929688
-0.142303466796875 -0.128219604492187 0.0803298950195313 -0.00295257568359376
-0.153732299804688 -0.110687255859375 0.0636329650878906 -0.00336074829101563
-0.163406372070313 -0.05584716796875 0.0235595703125 -0.0119915008544922
-0.160476684570312 0.0207977294921875 -0.0182743072509766 0.00806999206542969
-0.115150451660156 0.0710525512695313 -0.0334129333496094 0.0301723480224609
-0.06158447265625 0.125244140625 -0.0270767211914063 0.0851211547851563
-0.007293701171875 0.136123657226563 0.00147247314453126 0.104232788085938
-0.00880432128906251 0.128639221191406 0.0225982666015625 0.0958175659179688
-0.000968933105468759 0.139335632324219 0.019256591796875 0.0904769897460938
-0.0241851806640625 0.140762329101563 0.00189208984374999 0.0821533203125
-0.0684280395507813 0.119033813476563 -0.000888824462890633 0.0389442443847656
-0.108062744140625 0.101577758789062 0.0185546875 0.0114688873291016
-0.152801513671875 0.0218658447265625 0.080230712890625 0.008056640625
-0.167144775390625 -0.0487823486328125 0.128456115722656 0.0596771240234375
-0.158782958984375 -0.0735015869140625 0.129196166992188 0.14794921875
-0.176071166992187 -0.1435546875 0.0284881591796875 -0.0363121032714844
-0.188140869140625 -0.121292114257813 0.0258255004882812 -0.0186538696289063
-0.19195556640625 -0.0618133544921875 0.023773193359375 -0.0120429992675781
-0.191726684570313 0.0217742919921875 -0.001981258392334 -0.00615119934082031
-0.143218994140625 0.0831146240234375 -0.0134191513061524 0.000731468200683598
-0.0836029052734375 0.152130126953125 -0.0164680480957031 0.0404396057128906
-0.017974853515625 0.165069580078125 -0.00590133666992187 0.0482444763183594
-0.015045166015625 0.156661987304688 0.006744384765625 0.042266845703125
-0.00837707519531248 0.17095947265625 0.00525283813476562 0.0405044555664063
-0.036834716796875 0.17071533203125 0.000133514404296875 0.0384521484375
-0.0884475708007812 0.140480041503906 0.000152111053466792 0.00876331329345704
-0.132606506347656 0.117080688476562 0.018310546875 -0.00382423400878906
-0.179443359375 0.024169921875 0.0714035034179687 -0.002166748046875
-0.198410034179688 -0.05364990234375 0.0876388549804687 0.0494461059570312
-0.1939697265625 -0.087249755859375 0.0778884887695312 0.114456176757812
-0.18438720703125 -0.133575439453125 -0.0321731567382813 -0.0747528076171875
-0.192581176757813 -0.108932495117188 -0.0200996398925781 -0.0372505187988281
-0.188796997070313 -0.05224609375 0.0140256881713867 -0.0133066177368164
-0.188217163085938 0.0236358642578125 0.011545181274414 -0.0221443176269531
-0.144119262695313 0.08245849609375 0.00716018676757812 -0.0313091278076172
-0.0892791748046875 0.155105590820313 -0.00458240509033204 -0.0128259658813476
-0.0232391357421875 0.167068481445313 -0.0129556655883789 -0.0153064727783203
-0.019866943359375 0.160842895507813 -0.0107574462890625 -0.0176048278808594
-0.01544189453125 0.17767333984375 -0.0103063583374023 -0.015833854675293
-0.046630859375 0.173980712890625 -0.00382423400878907 -0.0112028121948242
-0.0992584228515625 0.138580322265625 -0.00100898742675782 -0.0244045257568359
-0.140022277832031 0.110328674316406 0.0170841217041016 -0.0194091796875
-0.180831909179688 0.0163421630859375 0.054473876953125 -0.00785446166992187
-0.199005126953125 -0.0577850341796875 0.0358428955078125 0.0407485961914062
-0.199264526367188 -0.0906829833984375 0.0172348022460937 0.073974609375
-0.162002563476562 -0.10174560546875 -0.0924530029296875 -0.109733581542969
-0.164352416992188 -0.0788116455078125 -0.0665855407714844 -0.0550727844238281
-0.150405883789063 -0.0333709716796875 -0.00239753723144532 -0.0177497863769531
-0.150405883789063 0.0207366943359375 0.0174407958984375 -0.038055419921875
-0.118858337402344 0.0672378540039063 0.0203170776367188 -0.0600700378417969
-0.0785064697265625 0.132720947265625 0.00324249267578125 -0.0641899108886719
-0.0247802734375 0.144195556640625 -0.019775390625 -0.074981689453125
-0.0203399658203125 0.141311645507813 -0.0254669189453125 -0.0749893188476562
-0.02142333984375 0.158584594726563 -0.0220794677734375 -0.07049560546875
-0.0529937744140625 0.149993896484375 -0.00344085693359375 -0.0605239868164062
-0.0981979370117188 0.111251831054687 0.00389099121093749 -0.0537986755371094
-0.128692626953125 0.0830154418945312 0.0179595947265625 -0.0315647125244141
-0.15350341796875 0.000320434570312533 0.0347747802734375 -0.00922393798828125
-0.166046142578125 -0.0593719482421875 -0.0158843994140625 0.0294380187988281
-0.173187255859375 -0.08135986328125 -0.0411148071289063 0.0322341918945313
-0.11328125 -0.0561065673828125 -0.141036987304688 -0.1363525390625
-0.104804992675781 -0.0434341430664062 -0.103561401367188 -0.0684967041015625
-0.0878143310546875 -0.0174026489257812 -0.0224723815917969 -0.0204963684082031
-0.0902328491210938 0.00789642333984373 0.0159378051757812 -0.0479316711425781
-0.07843017578125 0.0388717651367188 0.0248489379882813 -0.078125
-0.0586013793945312 0.0902252197265625 0.00555419921875001 -0.103408813476563
-0.0237350463867187 0.0997695922851563 -0.0267562866210937 -0.122055053710937
-0.0176467895507813 0.0995712280273437 -0.0372848510742188 -0.12042236328125
-0.0246505737304687 0.115211486816406 -0.026763916015625 -0.115280151367188
-0.050628662109375 0.101020812988281 0.0038909912109375 -0.0996551513671875
-0.0800857543945313 0.06634521484375 0.0140380859375 -0.0743408203125
-0.0956039428710938 0.0423507690429687 0.0212974548339844 -0.0391006469726563
-0.100616455078125 -0.0139999389648438 0.0157604217529297 -0.0109920501708984
-0.108871459960938 -0.0491104125976562 -0.0580406188964844 0.0141830444335937
-0.121627807617188 -0.0570144653320313 -0.0865402221679688 -0.00660705566406252
-0.0449295043945312 -0.00663757324218751 -0.172012329101563 -0.149215698242187
-0.0282402038574219 -0.0117702484130859 -0.128501892089844 -0.0735626220703125
-0.0172615051269531 -0.00892734527587891 -0.0418281555175781 -0.0178375244140625
-0.0249423980712891 -0.0114879608154297 0.00777435302734375 -0.0496673583984375
-0.0330276489257813 0.00177383422851562 0.0226974487304688 -0.0826416015625
-0.0357322692871094 0.0337028503417969 0.00278472900390625 -0.12554931640625
-0.0203666687011719 0.0403976440429687 -0.0327911376953125 -0.151260375976563
-0.0133705139160156 0.0443878173828125 -0.0427093505859375 -0.148284912109375
-0.02105712890625 0.0540237426757812 -0.0251312255859375 -0.142288208007813
-0.0335884094238281 0.0400009155273437 0.01513671875 -0.123451232910156
-0.0425376892089844 0.0164680480957031 0.027069091796875 -0.0818252563476563
-0.0407371520996094 0.00532531738281249 0.0264205932617187 -0.0393486022949219
-0.0333271026611328 -0.0126380920410156 -0.000996589660644533 -0.0114479064941406
-0.0400886535644531 -0.0190353393554688 -0.086151123046875 -0.00314331054687502
-0.0571670532226563 -0.0180015563964844 -0.114860534667969 -0.0375137329101562
-0.0211448669433594 -0.0430717468261719 0.143798828125 0.02935791015625
-0.0335159301757813 -0.0402107238769531 0.104057312011719 0.0048370361328125
-0.050506591796875 -0.0111198425292969 0.00840091705322265 -0.0103988647460938
-0.0370025634765625 0.019195556640625 -0.0416183471679687 0.0352516174316406
-0.014678955078125 0.0221576690673828 -0.0515823364257812 0.0758132934570313
0.00355911254882812 0.0220737457275391 -0.0282211303710937 0.138946533203125
0.0128574371337891 0.0252113342285156 0.0214996337890625 0.17108154296875
0.00650978088378906 0.0232009887695313 0.046173095703125 0.16412353515625
0.0151443481445313 0.0225296020507813 0.03411865234375 0.156646728515625
0.0107440948486328 0.0339298248291016 -0.0018157958984375 0.135490417480469
-0.00374984741210937 0.0413627624511719 -0.0076751708984375 0.0836334228515625
-0.0237350463867187 0.04254150390625 0.0121116638183594 0.0419273376464844
-0.0511016845703125 0.0130844116210937 0.0676078796386719 0.0374374389648438
-0.0449638366699219 -0.0139312744140625 0.163848876953125 0.0823516845703125
-0.0261688232421875 -0.0122222900390625 0.1842041015625 0.196533203125
-0.0935211181640625 -0.0942611694335938 0.127006530761719 0.0241546630859375
-0.104827880859375 -0.0828170776367188 0.0950393676757812 0.00643920898437499
-0.117889404296875 -0.037994384765625 0.0200462341308594 -0.0118007659912109
-0.109344482421875 0.0230636596679687 -0.0337562561035156 0.0227565765380859
-0.0725173950195313 0.0529708862304688 -0.0493927001953125 0.0575828552246094
-0.0319442749023438 0.0831756591796875 -0.0322647094726563 0.125541687011719
0.00292205810546875 0.0917205810546875 0.01275634765625 0.15350341796875
-0.000198364257812504 0.0864486694335938 0.038970947265625 0.143966674804688
0.00724792480468749 0.0909042358398437 0.0314712524414063 0.135292053222656
-0.00978851318359374 0.0967636108398438 0.00281524658203126 0.119773864746094
-0.04229736328125 0.0875701904296875 -0.00212860107421875 0.0684356689453125
-0.0741348266601563 0.0773239135742188 0.0167484283447266 0.0291385650634766
-0.113395690917969 0.0160980224609375 0.08123779296875 0.0223388671875
-0.119453430175781 -0.03765869140625 0.161834716796875 0.0734100341796875
-0.104461669921875 -0.0493011474609375 0.173629760742188 0.185287475585938
-0.150955200195313 -0.1351318359375 0.0881729125976562 -0.000114440917968758
-0.163497924804688 -0.117401123046875 0.0694503784179688 -0.00182342529296876
-0.17401123046875 -0.0613861083984375 0.0272254943847656 -0.0121688842773438
-0.171249389648438 0.022705078125 -0.0192089080810547 0.0100917816162109
-0.123001098632813 0.0756378173828125 -0.0337562561035156 0.0324268341064453
-0.0655746459960938 0.132743835449219 -0.0265655517578125 0.09100341796875
-0.00778198242187499 0.144622802734375 0.00391387939453125 0.111495971679688
-0.00735473632812501 0.137069702148438 0.0252609252929687 0.102302551269531
0.000656127929687489 0.147567749023438 0.0211181640625 0.0968856811523438
-0.02459716796875 0.150558471679688 0.00370025634765625 0.087890625
-0.0724258422851562 0.128082275390625 -0.000370025634765628 0.0430870056152344
-0.11505126953125 0.108932495117188 0.020294189453125 0.0140609741210938
-0.164337158203125 0.023345947265625 0.0835494995117188 0.007965087890625
-0.180191040039063 -0.051116943359375 0.136650085449219 0.0627975463867188
-0.16937255859375 -0.0776214599609375 0.13726806640625 0.158706665039063
-0.188217163085938 -0.151763916015625 0.033050537109375 -0.035919189453125
-0.201400756835937 -0.12908935546875 0.0283393859863281 -0.0174198150634766
-0.205062866210938 -0.0677947998046875 0.0261058807373047 -0.0115928649902344
-0.20526123046875 0.02398681640625 -0.000919818878173841 -0.00460004806518555
-0.154266357421875 0.0889892578125 -0.0120620727539063 0.00136566162109376
-0.088104248046875 0.162643432617188 -0.0148963928222656 0.0430335998535156
-0.018218994140625 0.175323486328125 -0.00403976440429687 0.05194091796875
-0.01507568359375 0.167526245117188 0.00814056396484375 0.0457191467285156
-0.00584411621093749 0.183273315429688 0.00602340698242188 0.0435791015625
-0.0375518798828125 0.183639526367188 0.000999450683593747 0.0414009094238281
-0.094482421875 0.151138305664062 0.0008096694946289 0.0106611251831055
-0.1412353515625 0.126312255859375 0.0202884674072266 -0.00258445739746093
-0.193389892578125 0.0250701904296875 0.0740585327148438 -0.0025634765625
-0.213592529296875 -0.0578765869140625 0.0934371948242187 0.0525741577148437
-0.208297729492188 -0.092071533203125 0.08245849609375 0.122978210449219
-0.197250366210938 -0.14208984375 -0.032562255859375 -0.0776443481445313
-0.208160400390625 -0.115615844726562 -0.0212440490722656 -0.0372962951660156
-0.203628540039063 -0.0575408935546875 0.0160408020019531 -0.0133352279663086
-0.201629638671875 0.02630615234375 0.0135459899902344 -0.0215969085693359
-0.154708862304688 0.0894317626953125 0.00912475585937499 -0.0329875946044922
-0.094146728515625 0.166488647460938 -0.00294876098632813 -0.0137958526611328
-0.02459716796875 0.178604125976562 -0.0128097534179688 -0.0151557922363281
-0.0193634033203125 0.172317504882813 -0.0104351043701172 -0.0178966522216797
-0.013397216796875 0.190673828125 -0.0113153457641602 -0.0156183242797851
-0.0481109619140625 0.187576293945313 -0.0029897689819336 -0.0117816925048828
-0.105667114257812 0.149154663085938 0.000633239746093744 -0.0242233276367187
-0.150070190429688 0.12017822265625 0.0188407897949219 -0.0191650390625
-0.194137573242187 0.0164642333984375 0.0559425354003906 -0.00828933715820312
-0.2144775390625 -0.062408447265625 0.0377960205078125 0.0440902709960937
-0.213577270507813 -0.0957489013671875 0.0176544189453125 0.0801467895507813
-0.174545288085937 -0.109848022460938 -0.0963592529296875 -0.114723205566406
-0.176956176757813 -0.0840911865234375 -0.070343017578125 -0.056060791015625
-0.163467407226562 -0.0376129150390625 -0.0020427703857422 -0.0175676345825195
-0.161712646484375 0.023345947265625 0.01947021484375 -0.0387687683105469
-0.128776550292969 0.0739212036132813 0.023162841796875 -0.06390380859375
-0.0829925537109375 0.143341064453125 0.00470733642578125 -0.0683860778808594
-0.0260772705078125 0.15472412109375 -0.0201568603515625 -0.0794448852539062
-0.0201568603515625 0.151260375976563 -0.026947021484375 -0.077362060546875
-0.0204315185546875 0.170608520507812 -0.0234298706054688 -0.0737762451171875
-0.0547332763671875 0.161453247070313 -0.0032958984375 -0.0642814636230469
-0.104423522949219 0.12042236328125 0.00527572631835937 -0.0569381713867187
-0.137474060058594 0.0900650024414063 0.0195884704589844 -0.0329704284667969
-0.165145874023438 -0.000823974609374996 0.0349102020263672 -0.0106525421142578
-0.180328369140625 -0.0635986328125 -0.0174293518066406 0.0321559906005859
-0.18597412109375 -0.0863189697265625 -0.04498291015625 0.0353202819824219
-0.122581481933594 -0.061248779296875 -0.14862060546875 -0.143142700195313
-0.114295959472656 -0.0465240478515625 -0.110801696777344 -0.0709762573242187
-0.0961151123046875 -0.0198822021484375 -0.0232467651367188 -0.0203666687011719
-0.09814453125 0.00946807861328127 0.0164794921875 -0.0503768920898438
-0.084808349609375 0.04315185546875 0.027374267578125 -0.0834579467773438
-0.0621261596679687 0.0984039306640625 0.00600433349609376 -0.110939025878906
-0.02398681640625 0.107620239257812 -0.028656005859375 -0.130012512207031
-0.0177764892578125 0.107620239257813 -0.0395050048828125 -0.126663208007813
-0.0236282348632813 0.123550415039063 -0.0294113159179687 -0.121253967285156
-0.0520095825195312 0.11041259765625 0.00323486328125001 -0.106224060058594
-0.0846023559570313 0.072235107421875 0.0151519775390625 -0.0793228149414063
-0.101646423339844 0.0471115112304688 0.0230140686035156 -0.0404052734375
-0.108856201171875 -0.0152664184570312 0.0151557922363281 -0.0120258331298828
-0.119430541992188 -0.0516128540039062 -0.0634307861328125 0.0165596008300781
-0.131706237792969 -0.0609359741210937 -0.094146728515625 -0.00725555419921876
-0.0496444702148438 -0.00883865356445312 -0.183212280273438 -0.15789794921875
-0.0326557159423828 -0.0125007629394531 -0.137893676757813 -0.077178955078125
-0.01934814453125 -0.0110797882080078 -0.044586181640625 -0.0183525085449219
-0.0281124114990234 -0.0122776031494141 0.00871658325195312 -0.0518875122070313
-0.0361366271972656 0.003265380859375 0.02520751953125 -0.0894088745117187
-0.0372657775878906 0.0382728576660156 0.00324249267578125 -0.134849548339844
-0.0217666625976563 0.04425048828125 -0.0357818603515625 -0.1611328125
-0.0128173828125 0.04815673828125 -0.04669189453125 -0.156539916992188
-0.0207176208496094 0.0584831237792969 -0.0280303955078125 -0.150665283203125
-0.0353622436523437 0.0451431274414063 0.0152511596679687 -0.131851196289063
-0.04510498046875 0.0184555053710938 0.02862548828125 -0.0877151489257813
-0.0434074401855469 0.00722885131835937 0.0281143188476562 -0.0416221618652344
-0.0366020202636719 -0.0128860473632812 -0.00256729125976563 -0.0119361877441406
-0.0452499389648438 -0.0204086303710938 -0.0929489135742188 -0.00191497802734375
-0.0626678466796875 -0.0194511413574219 -0.124427795410156 -0.0400009155273437
-0.0221595764160156 -0.0446662902832031 0.158584594726563 0.02630615234375
-0.0364875793457031 -0.042724609375 0.11456298828125 0.0019378662109375
-0.0529632568359375 -0.0111618041992188 0.00952053070068359 -0.0128374099731445
-0.038116455078125 0.0216636657714844 -0.0424690246582031 0.0391731262207031
-0.0155792236328125 0.0234432220458984 -0.0518569946289063 0.0834503173828125
0.00327491760253906 0.0217838287353516 -0.0241851806640625 0.15179443359375
0.0125522613525391 0.0257835388183594 0.031341552734375 0.181777954101562
0.00797080993652344 0.0243415832519531 0.0565948486328125 0.173431396484375
0.0166549682617188 0.0220432281494141 0.042938232421875 0.166793823242188
0.0129127502441406 0.0347309112548828 0.00338745117187501 0.146713256835938
-0.00142288208007812 0.044647216796875 -0.00528717041015625 0.0913772583007813
-0.0231666564941406 0.0462188720703125 0.0141105651855469 0.04486083984375
-0.05328369140625 0.0165939331054688 0.07391357421875 0.0380706787109375
-0.0481719970703125 -0.0137367248535156 0.178970336914063 0.080413818359375
-0.0274658203125 -0.0115699768066406 0.204345703125 0.2052001953125
-0.101699829101563 -0.0968551635742187 0.140350341796875 0.0229263305664062
-0.114173889160156 -0.0840911865234375 0.104652404785156 0.00407409667968749
-0.128555297851563 -0.038299560546875 0.0230979919433594 -0.0138053894042969
-0.116676330566406 0.0272445678710937 -0.0336284637451172 0.0261631011962891
-0.076873779296875 0.0586471557617187 -0.0492744445800781 0.063720703125
-0.0327224731445312 0.0900650024414063 -0.0289230346679688 0.136268615722656
0.0059051513671875 0.0977706909179688 0.0213775634765625 0.1644287109375
0.00257110595703126 0.091888427734375 0.0482940673828125 0.152862548828125
0.0121002197265625 0.0970916748046875 0.038970947265625 0.144851684570312
-0.00579833984374999 0.104721069335938 0.00905609130859376 0.12969970703125
-0.0420684814453125 0.0958328247070313 -0.000282287597656246 0.07586669921875
-0.0762939453125 0.0857696533203125 0.0190410614013672 0.0330123901367188
-0.122550964355469 0.0210723876953125 0.087066650390625 0.0215911865234375
-0.130134582519531 -0.035003662109375 0.176406860351562 0.071929931640625
-0.113006591796875 -0.0484542846679688 0.192184448242188 0.19281005859375
-0.166305541992187 -0.138916015625 0.0986404418945312 -0.00122070312500001
-0.179916381835938 -0.119125366210937 0.076446533203125 -0.00292968750000001
-0.189712524414063 -0.0619964599609375 0.0307178497314453 -0.012939453125
-0.1832275390625 0.0293731689453125 -0.0175151824951172 0.0123319625854492
-0.131004333496094 0.0860595703125 -0.0339736938476563 0.0356025695800781
-0.06634521484375 0.1444091796875 -0.0217666625976563 0.0998458862304688
-0.00419616699218751 0.155487060546875 0.01007080078125 0.120285034179688
-0.00215148925781249 0.148178100585938 0.0322723388671875 0.109138488769531
0.00700378417968749 0.158096313476563 0.0271224975585938 0.104179382324219
-0.019378662109375 0.162673950195313 0.00717163085937501 0.0952529907226563
-0.0730133056640625 0.141494750976563 0.0028228759765625 0.0473251342773438
-0.119911193847656 0.12286376953125 0.0228862762451172 0.0169429779052734
-0.176513671875 0.030517578125 0.0877227783203125 0.0054168701171875
-0.196762084960938 -0.047454833984375 0.1488037109375 0.0610809326171875
-0.1844482421875 -0.07568359375 0.153213500976563 0.166397094726563
-0.20819091796875 -0.155685424804687 0.0373802185058594 -0.0368232727050781
-0.222564697265625 -0.1302490234375 0.03179931640625 -0.0171585083007813
-0.225128173828125 -0.06768798828125 0.0299510955810547 -0.0122623443603516
-0.220626831054688 0.0333709716796875 0.00102567672729491 -0.00291776657104492
-0.163711547851563 0.102203369140625 -0.0114536285400391 0.00212383270263672
-0.0894317626953125 0.17889404296875 -0.0108566284179688 0.0460624694824219
-0.0127410888671875 0.189102172851563 -0.000537872314453128 0.0564041137695313
-0.00765991210937498 0.181564331054688 0.0117416381835938 0.0488357543945313
0.00187683105468751 0.196853637695313 0.00886917114257812 0.0485305786132813
-0.0316009521484375 0.199264526367187 0.00316238403320312 0.0448989868164063
-0.096221923828125 0.168350219726563 0.00273132324218749 0.0126399993896484
-0.147430419921875 0.142547607421875 0.0222034454345703 -0.00201225280761718
-0.208786010742188 0.034149169921875 0.0779037475585937 -0.00522613525390625
-0.234527587890625 -0.054229736328125 0.101615905761719 0.0529022216796875
-0.226730346679687 -0.0905303955078125 0.0924072265625 0.131706237792969
-0.217697143554688 -0.145309448242188 -0.034698486328125 -0.0795364379882813
-0.229690551757813 -0.115554809570312 -0.0230064392089844 -0.0356712341308594
-0.222763061523438 -0.0569610595703125 0.0183963775634765 -0.0130214691162109
-0.217727661132813 0.03607177734375 0.0155544281005859 -0.0220279693603516
-0.165130615234375 0.103164672851563 0.0113258361816406 -0.0362777709960937
-0.09466552734375 0.1826171875 -0.000162124633789069 -0.0147714614868164
-0.0195465087890625 0.19305419921875 -0.0113067626953125 -0.0153961181640625
-0.01202392578125 0.187179565429688 -0.0109033584594727 -0.0173521041870117
-0.00505065917968749 0.206192016601563 -0.0114231109619141 -0.0146799087524414
-0.0415496826171875 0.20501708984375 -0.00340747833251953 -0.012333869934082
-0.108627319335937 0.16632080078125 0.000442504882812491 -0.0257701873779297
-0.157012939453125 0.137054443359375 0.0208683013916016 -0.0191783905029297
-0.210861206054688 0.0252685546875 0.0577354431152344 -0.0101509094238281
-0.235687255859375 -0.059326171875 0.0419883728027344 0.0468025207519531
-0.234390258789063 -0.0942535400390625 0.0204010009765625 0.0884017944335938
-0.192550659179687 -0.111572265625 -0.105628967285156 -0.117424011230469
-0.196517944335938 -0.083770751953125 -0.0780792236328125 -0.0541534423828125
-0.179916381835938 -0.036163330078125 -0.00115108489990235 -0.0173435211181641
-0.175918579101562 0.0320281982421875 0.0221061706542969 -0.0408134460449219
-0.137016296386719 0.087066650390625 0.0245170593261719 -0.0690994262695313
-0.0825347900390625 0.158645629882812 0.00534820556640624 -0.0748672485351563
-0.021331787109375 0.1688232421875 -0.0228805541992188 -0.0846939086914062
-0.0143585205078125 0.164749145507813 -0.0312347412109375 -0.0809097290039063
-0.012847900390625 0.184127807617187 -0.0281906127929688 -0.0772171020507813
-0.05096435546875 0.176345825195313 -0.00565338134765626 -0.0683059692382812
-0.108169555664062 0.136337280273438 0.00366973876953125 -0.0608367919921875
-0.145233154296875 0.104400634765625 0.0212516784667969 -0.0353813171386719
-0.180526733398437 0.00434875488281246 0.0352821350097656 -0.0126304626464844
-0.199798583984375 -0.0616455078125 -0.018951416015625 0.0367546081542969
-0.203750610351563 -0.0850830078125 -0.0490570068359375 0.0408172607421875
-0.136367797851563 -0.0613250732421875 -0.163833618164063 -0.146743774414063
-0.128807067871094 -0.04620361328125 -0.122024536132813 -0.0691146850585938
-0.10723876953125 -0.0197372436523438 -0.0242881774902344 -0.0195655822753906
-0.107528686523438 0.0157470703125 0.0176353454589844 -0.0541267395019531
-0.0908660888671875 0.0528640747070313 0.0270233154296875 -0.0914459228515625
-0.061431884765625 0.110633850097656 0.00336456298828125 -0.120574951171875
-0.0209426879882812 0.118537902832031 -0.035003662109375 -0.138458251953125
-0.0136337280273437 0.117286682128906 -0.04638671875 -0.132987976074219
-0.0181655883789063 0.134132385253906 -0.0368881225585938 -0.127334594726563
-0.0503921508789063 0.121612548828125 -0.000411987304687494 -0.114707946777344
-0.088775634765625 0.0839385986328125 0.0135726928710938 -0.0852432250976563
-0.107940673828125 0.056976318359375 0.0236968994140625 -0.0445213317871094
-0.119728088378906 -0.0117874145507812 0.0129461288452148 -0.0133771896362305
-0.133712768554688 -0.0513381958007812 -0.0686149597167969 0.0212936401367187
-0.146209716796875 -0.0599212646484375 -0.103485107421875 -0.00305175781249999
-0.0563125610351562 -0.00918197631835938 -0.200363159179688 -0.162765502929688
-0.0386314392089844 -0.0137405395507813 -0.151504516601563 -0.075042724609375
-0.0246028900146484 -0.0117034912109375 -0.0473403930664063 -0.0164794921875
-0.0335426330566406 -0.0114517211914062 0.0078582763671875 -0.0563430786132813
-0.0407180786132813 0.00661087036132813 0.0238723754882812 -0.0979461669921875
-0.0375633239746094 0.0445213317871094 -0.00265502929687501 -0.146072387695313
-0.0208587646484375 0.0497283935546875 -0.04522705078125 -0.17181396484375
-0.0111007690429688 0.0535163879394531 -0.0562744140625 -0.165252685546875
-0.0180244445800781 0.0648269653320313 -0.035980224609375 -0.159744262695313
-0.0351066589355469 0.0514030456542969 0.0100555419921875 -0.142074584960938
-0.0480270385742188 0.0236549377441406 0.027008056640625 -0.0968093872070313
-0.04638671875 0.0111503601074219 0.0283927917480469 -0.0457839965820313
-0.041107177734375 -0.0129966735839844 -0.00519943237304688 -0.0129642486572266
-0.0523185729980469 -0.0201988220214844 -0.101486206054687 0.00273132324218748
-0.0699386596679687 -0.0191383361816406 -0.137825012207031 -0.03802490234375
-0.02386474609375 -0.0458335876464844 0.169921875 0.017608642578125
-0.0386581420898438 -0.0436897277832031 0.122344970703125 -0.00664520263671875
-0.0561141967773438 -0.0107841491699219 0.0116071701049805 -0.0129737854003906
-0.0381622314453125 0.0233535766601563 -0.0398368835449219 0.0439109802246094
-0.0153923034667969 0.0245437622070312 -0.0477294921875 0.091766357421875
0.00421333312988282 0.021148681640625 -0.013397216796875 0.161788940429688
0.0149593353271484 0.0247840881347656 0.04595947265625 0.188430786132813
0.00894546508789063 0.0246810913085938 0.0723724365234375 0.17724609375
0.0184993743896484 0.0209293365478516 0.057861328125 0.17340087890625
0.0156021118164063 0.0346870422363281 0.0143890380859375 0.154922485351562
0.00213623046875 0.0450592041015625 0.00070190429687499 0.0987777709960937
-0.0209465026855469 0.0493698120117188 0.0167236328125 0.0471076965332031
-0.0539588928222656 0.0212211608886719 0.07977294921875 0.0351333618164063
-0.0500984191894531 -0.00952148437500001 0.193038940429688 0.0720672607421875
-0.0281715393066406 -0.007965087890625 0.227935791015625 0.200439453125
-0.111923217773438 -0.0924911499023437 0.153076171875 0.0159912109375
-0.123695373535156 -0.0817184448242187 0.110877990722656 -1.5258789062505E-05
-0.136611938476563 -0.03424072265625 0.02386474609375 -0.0171146392822266
-0.119407653808594 0.0354385375976563 -0.0322647094726563 0.0294742584228516
-0.0794601440429688 0.0658340454101563 -0.0463409423828125 0.0698165893554688
-0.0301437377929687 0.0942764282226563 -0.018585205078125 0.145706176757813
0.0119781494140625 0.101707458496094 0.036163330078125 0.170761108398438
0.00942230224609375 0.0962905883789063 0.06329345703125 0.157791137695312
0.018951416015625 0.0990447998046875 0.0506134033203125 0.151611328125
0.00238800048828125 0.109268188476562 0.0180130004882812 0.137107849121094
-0.0372085571289063 0.104240417480469 0.00695037841796874 0.0781631469726563
-0.0746688842773438 0.0962448120117187 0.0225181579589844 0.0343780517578125
-0.126594543457031 0.0307464599609375 0.0896148681640625 0.01715087890625
-0.139335632324219 -0.027984619140625 0.189590454101563 0.06182861328125
-0.124221801757812 -0.0420379638671875 0.216751098632813 0.192428588867188
-0.184188842773437 -0.13507080078125 0.106651306152344 -0.00736236572265626
-0.196044921875 -0.112014770507812 0.0826034545898437 -0.00469207763671876
-0.205810546875 -0.0542144775390625 0.0313625335693359 -0.0151500701904297
-0.1927490234375 0.04364013671875 -0.0142030715942383 0.0150785446166992
-0.133354187011719 0.0978012084960937 -0.0304412841796875 0.0386848449707031
-0.060272216796875 0.155929565429688 -0.0124282836914063 0.1080322265625
0.0062408447265625 0.163925170898438 0.0219955444335938 0.124969482421875
0.0104217529296875 0.15655517578125 0.0432205200195313 0.113594055175781
0.0194854736328125 0.164825439453125 0.0368118286132812 0.109687805175781
-0.00874328613281249 0.174148559570313 0.0163116455078125 0.0993270874023438
-0.067138671875 0.15374755859375 0.007537841796875 0.0525703430175781
-0.116416931152344 0.13873291015625 0.0241355895996094 0.0164165496826172
-0.184661865234375 0.044097900390625 0.0913772583007813 -0.000465393066406247
-0.212478637695312 -0.0352783203125 0.159652709960937 0.055328369140625
-0.199371337890625 -0.066314697265625 0.171783447265625 0.166275024414063
-0.228912353515625 -0.14990234375 0.0400466918945312 -0.0401954650878906
-0.24237060546875 -0.121597290039063 0.0327510833740234 -0.0161323547363281
-0.24346923828125 -0.0577239990234375 0.0330085754394531 -0.0145702362060547
-0.232177734375 0.0506439208984375 0.00306725502014159 -0.0019381046295166
-0.165847778320313 0.119461059570312 -0.00995159149169923 0.00288200378417969
-0.0830535888671875 0.194442749023438 -0.00625610351562501 0.0488624572753906
-0.000183105468750005 0.200302124023438 0.00532150268554688 0.0593109130859375
0.00486755371093751 0.1917724609375 0.0165786743164062 0.0523834228515625
0.0173492431640625 0.20947265625 0.0125732421875 0.0521659851074219
-0.0177764892578125 0.212814331054687 0.00835037231445312 0.0461540222167969
-0.0901947021484375 0.185165405273437 0.00516223907470703 0.013676643371582
-0.145431518554688 0.161148071289063 0.025787353515625 -0.00236129760742187
-0.219009399414063 0.049041748046875 0.07904052734375 -0.00986480712890625
-0.254623413085938 -0.0410308837890625 0.109848022460937 0.049468994140625
-0.24517822265625 -0.08001708984375 0.104988098144531 0.132789611816406
-0.239425659179688 -0.140274047851563 -0.0387039184570313 -0.0777359008789063
-0.249801635742188 -0.10565185546875 -0.0264225006103516 -0.0320549011230469
-0.242263793945313 -0.0468597412109375 0.0204601287841797 -0.013275146484375
-0.229019165039062 0.0533294677734375 0.017618179321289 -0.0223636627197266
-0.169281005859375 0.122360229492188 0.0107002258300781 -0.03887939453125
-0.087493896484375 0.2003173828125 0.00091171264648437 -0.017557144165039
-0.00607299804687502 0.2047119140625 -0.0128707885742188 -0.0149040222167969
0.00143432617187499 0.199813842773438 -0.0119085311889648 -0.0163726806640625
0.01300048828125 0.218795776367188 -0.0142049789428711 -0.0124330520629883
-0.028472900390625 0.219223022460937 -0.00264358520507813 -0.0120382308959961
-0.102279663085938 0.185211181640625 0.00126647949218749 -0.0266189575195312
-0.155914306640625 0.156661987304687 0.0215282440185547 -0.0229072570800781
-0.22119140625 0.0398406982421875 0.0582122802734375 -0.0157279968261719
-0.255859375 -0.0454254150390625 0.0480232238769531 0.0468482971191406
-0.253707885742188 -0.0851440429687499 0.0268478393554687 0.0926437377929688
-0.212432861328125 -0.105117797851563 -0.115966796875 -0.113945007324219
-0.216140747070313 -0.0744781494140625 -0.0833663940429688 -0.04962158203125
-0.1954345703125 -0.0274200439453125 -0.00112247467041017 -0.0165634155273438
-0.1846923828125 0.047943115234375 0.0205192565917969 -0.0434913635253906
-0.139114379882813 0.102149963378906 0.021514892578125 -0.074859619140625
-0.076263427734375 0.17437744140625 0.00157165527343749 -0.0808181762695313
-0.00886535644531251 0.181015014648438 -0.0307159423828125 -0.0870132446289062
-0.00256347656250001 0.175567626953125 -0.037384033203125 -0.0803756713867188
0.000335693359374993 0.196701049804688 -0.0347747802734375 -0.07818603515625
-0.0397186279296875 0.192626953125 -0.0108566284179688 -0.0717391967773437
-0.1046142578125 0.152725219726563 0.00258636474609374 -0.0630607604980469
-0.146316528320313 0.12286376953125 0.0215225219726562 -0.0373001098632813
-0.191162109375 0.0161590576171875 0.033843994140625 -0.0156211853027344
-0.21795654296875 -0.0505523681640625 -0.0175590515136719 0.0396842956542969
-0.2225341796875 -0.0760498046875 -0.0480995178222657 0.0472297668457031
-0.150192260742188 -0.0591888427734375 -0.179611206054687 -0.143325805664063
-0.139381408691406 -0.0388870239257812 -0.133338928222656 -0.06048583984375
-0.118057250976563 -0.0137939453125 -0.0246391296386719 -0.0182380676269531
-0.115951538085937 0.0247650146484375 0.0159034729003906 -0.0565948486328125
-0.0913009643554687 0.0625457763671875 0.0227584838867188 -0.0990676879882813
-0.0578384399414062 0.121849060058594 -0.00495910644531251 -0.129241943359375
-0.0129013061523437 0.127006530761719 -0.0457916259765625 -0.144363403320313
-0.00414276123046875 0.125724792480469 -0.05804443359375 -0.136894226074219
-0.00732421875 0.143310546875 -0.0466384887695312 -0.129936218261719
-0.041900634765625 0.134140014648438 -0.00947570800781251 -0.120903015136719
-0.086151123046875 0.0938491821289062 0.00868225097656249 -0.0916213989257813
-0.109901428222656 0.0687484741210938 0.0230445861816406 -0.0471038818359375
-0.1278076171875 -0.00396728515624999 0.0117082595825195 -0.0157556533813477
-0.1478271484375 -0.0450592041015625 -0.0716629028320313 0.02911376953125
-0.15997314453125 -0.053802490234375 -0.11004638671875 0.00405120849609377
-0.061126708984375 -0.00624465942382813 -0.221420288085938 -0.156997680664063
-0.0455818176269531 -0.0112495422363281 -0.165496826171875 -0.0674285888671875
-0.02630615234375 -0.0112648010253906 -0.0508384704589844 -0.0136909484863281
-0.0402488708496094 -0.00814437866210937 0.005706787109375 -0.0608253479003906
-0.0447044372558594 0.0101051330566406 0.0198287963867187 -0.107383728027344
-0.0358314514160156 0.0521316528320312 -0.013458251953125 -0.155380249023438
-0.0177078247070313 0.0560798645019531 -0.0598907470703125 -0.178756713867188
-0.0072021484375 0.0560760498046875 -0.070281982421875 -0.167984008789063
-0.0124130249023437 0.0705795288085938 -0.050018310546875 -0.16351318359375
-0.0319480895996094 0.0587310791015625 -0.000808715820312501 -0.150650024414063
-0.0487823486328125 0.0300750732421875 0.0226058959960938 -0.102226257324219
-0.0474929809570313 0.0166168212890625 0.0265769958496094 -0.0491256713867187
-0.0475654602050781 -0.008514404296875 -0.00779438018798828 -0.0128650665283203
-0.0597877502441406 -0.0157737731933594 -0.106407165527344 0.0124435424804687
-0.0752944946289063 -0.016021728515625 -0.148788452148438 -0.0302886962890625
-0.0245094299316406 -0.0443115234375 0.179046630859375 0.005340576171875
-0.0405540466308594 -0.0431709289550781 0.126922607421875 -0.017303466796875
-0.056488037109375 -0.00922393798828126 0.0104475021362305 -0.0156440734863281
-0.0367851257324219 0.0249519348144531 -0.0361175537109375 0.0465126037597656
-0.0154170989990234 0.0250625610351563 -0.0422592163085938 0.0974960327148438
0.00384330749511719 0.0208930969238281 -0.0010528564453125 0.1661376953125
0.0158061981201172 0.0240707397460938 0.0619659423828125 0.189132690429688
0.0111064910888672 0.0235996246337891 0.0854339599609375 0.1748046875
0.01922607421875 0.0185317993164063 0.0713348388671875 0.17279052734375
0.0188407897949219 0.0319576263427734 0.02618408203125 0.159469604492187
0.00571441650390625 0.0462532043457031 0.00786590576171875 0.100967407226563
-0.0162353515625 0.0506935119628906 0.0196495056152344 0.0475082397460938
-0.05340576171875 0.0254440307617187 0.0821075439453125 0.0312271118164062
-0.0511245727539062 -0.00521469116210938 0.199478149414063 0.0583648681640625
-0.0274143218994141 -0.00622367858886719 0.244552612304688 0.189102172851562
-0.11846923828125 -0.0905914306640625 0.15972900390625 0.00547790527343749
-0.131095886230469 -0.0759658813476562 0.117713928222656 -0.00862121582031251
-0.14208984375 -0.0284271240234375 0.0244464874267578 -0.0184345245361328
-0.120948791503906 0.0428924560546875 -0.028228759765625 0.0330142974853516
-0.0766220092773438 0.0723114013671875 -0.041839599609375 0.0745010375976563
-0.0255355834960937 0.0985260009765625 -0.00610351562499999 0.149154663085938
0.0170135498046875 0.10235595703125 0.0496368408203125 0.170684814453125
0.0169601440429687 0.0981063842773438 0.0751800537109375 0.153961181640625
0.0258255004882813 0.099761962890625 0.0659332275390625 0.151535034179687
0.00951385498046874 0.111099243164063 0.029144287109375 0.138946533203125
-0.0298614501953125 0.108940124511719 0.012176513671875 0.0823822021484375
-0.06878662109375 0.1029052734375 0.0255012512207031 0.0329437255859375
-0.128410339355469 0.0405349731445313 0.0918655395507813 0.011383056640625
-0.14459228515625 -0.0171051025390625 0.196731567382813 0.05072021484375
-0.125923156738281 -0.0345230102539062 0.231979370117187 0.180953979492188
-0.194290161132812 -0.126510620117188 0.111221313476562 -0.0127944946289063
-0.2071533203125 -0.101058959960938 0.0864181518554688 -0.010040283203125
-0.213394165039063 -0.0447235107421875 0.0340766906738281 -0.0176658630371094
-0.193801879882813 0.0565338134765625 -0.0124931335449219 0.0181407928466797
-0.129844665527344 0.111175537109375 -0.0265998840332031 0.0432243347167969
-0.0522003173828125 0.163589477539063 -0.00325012207031249 0.1077880859375
0.0166168212890625 0.166961669921875 0.0326004028320312 0.12530517578125
0.02008056640625 0.15814208984375 0.052459716796875 0.112197875976563
0.0326080322265625 0.167526245117187 0.0468597412109375 0.1104736328125
0.00469970703124999 0.177047729492188 0.0237960815429687 0.101768493652344
-0.0572509765625 0.163970947265625 0.010894775390625 0.0529251098632813
-0.109115600585938 0.14935302734375 0.0277595520019531 0.0159893035888672
-0.187362670898438 0.05670166015625 0.0902099609375 -0.0052642822265625
-0.220474243164063 -0.0223236083984375 0.16644287109375 0.0441741943359375
-0.207626342773438 -0.05462646484375 0.187225341796875 0.159698486328125
-0.243484497070313 -0.139114379882812 0.0429649353027344 -0.0408515930175781
-0.255447387695313 -0.106185913085937 0.0369644165039062 -0.0177421569824219
-0.254241943359375 -0.0451507568359375 0.0334033966064453 -0.0171070098876953
-0.234268188476563 0.0675048828125 0.00428795814514159 -0.000853776931762691
-0.162872314453125 0.134552001953125 -0.00874900817871095 0.00218677520751954
-0.070343017578125 0.204498291015625 0.000270843505859375 0.0491409301757813
0.012603759765625 0.204925537109375 0.0122909545898438 0.0597991943359375
0.0196380615234375 0.195877075195313 0.0221633911132812 0.0515975952148438
0.033843994140625 0.211166381835938 0.0192909240722656 0.0533256530761719
-0.00227355957031252 0.219070434570313 0.0118904113769531 0.0493392944335938
-0.0785980224609375 0.19744873046875 0.00759506225585937 0.0152120590209961
-0.137008666992188 0.176315307617188 0.0260276794433594 -0.00332450866699218
-0.223602294921875 0.064178466796875 0.0769119262695312 -0.015167236328125
-0.263336181640625 -0.0228271484375 0.115486145019531 0.0435409545898438
-0.255706787109375 -0.0642242431640625 0.11688232421875 0.131317138671875
-0.256576538085937 -0.127944946289063 -0.0386199951171875 -0.0758132934570313
-0.264129638671875 -0.0897674560546876 -0.0248050689697266 -0.0279884338378906
-0.25372314453125 -0.0316009521484375 0.02130126953125 -0.0154170989990234
-0.232254028320313 0.071258544921875 0.017486572265625 -0.0218982696533203
-0.164276123046875 0.137252807617188 0.00984573364257811 -0.0408287048339844
-0.074249267578125 0.212692260742187 0.00176048278808593 -0.01959228515625
0.007415771484375 0.211929321289063 -0.0103473663330078 -0.0145473480224609
0.0167388916015625 0.203872680664063 -0.0108366012573242 -0.0153541564941406
0.0288238525390625 0.221725463867188 -0.0112457275390625 -0.0120630264282226
-0.012908935546875 0.227874755859375 -0.0036773681640625 -0.0110130310058594
-0.0923614501953125 0.199111938476563 0.00114631652832031 -0.0271129608154297
-0.149215698242188 0.17236328125 0.0216026306152344 -0.0232295989990234
-0.227783203125 0.0554656982421875 0.0555763244628906 -0.0179672241210938
-0.267868041992188 -0.0302886962890625 0.0504989624023437 0.045806884765625
-0.264663696289063 -0.0686187744140624 0.0343780517578125 0.0947494506835937
-0.227310180664063 -0.0953216552734376 -0.121017456054688 -0.106773376464844
-0.227279663085938 -0.060272216796875 -0.0873870849609375 -0.0405197143554687
-0.205612182617188 -0.0152587890625 3.43322753906119E-05 -0.0164899826049805
-0.188751220703125 0.06280517578125 0.0208091735839844 -0.0433235168457031
-0.136520385742188 0.117073059082031 0.017822265625 -0.08001708984375
-0.0642852783203125 0.185348510742188 -0.00312042236328125 -0.082977294921875
0.0030517578125 0.1864013671875 -0.0341033935546875 -0.0873260498046875
0.01202392578125 0.179412841796875 -0.0411529541015625 -0.0810546875
0.017242431640625 0.2003173828125 -0.0375823974609375 -0.0751190185546875
-0.0247802734375 0.200149536132813 -0.01611328125 -0.0719757080078125
-0.0970611572265625 0.165603637695312 -0.00212478637695313 -0.0657882690429687
-0.139968872070312 0.136276245117188 0.0195083618164062 -0.0398979187011719
-0.197052001953125 0.0294036865234375 0.0320701599121094 -0.0170345306396484
-0.229660034179688 -0.0368804931640625 -0.0151443481445313 0.0438423156738281
-0.232925415039063 -0.0634918212890625 -0.0460128784179688 0.05426025390625
-0.159576416015625 -0.0516815185546875 -0.189926147460938 -0.131027221679687
-0.149063110351563 -0.0305938720703125 -0.138717651367188 -0.0513458251953125
-0.124839782714844 -0.00666046142578122 -0.0258312225341797 -0.0155696868896484
-0.118446350097656 0.0348434448242187 0.013519287109375 -0.0585479736328125
-0.0925445556640625 0.07342529296875 0.0169219970703125 -0.104049682617187
-0.04827880859375 0.130805969238281 -0.0128555297851562 -0.131721496582031
-0.00315093994140625 0.1329345703125 -0.0567626953125 -0.143157958984375
0.00596618652343751 0.129653930664063 -0.0666351318359375 -0.134330749511719
0.004302978515625 0.148605346679687 -0.0560836791992188 -0.129203796386719
-0.0319061279296875 0.14068603515625 -0.0190658569335938 -0.121498107910156
-0.0834579467773438 0.106277465820313 0.003570556640625 -0.0935592651367188
-0.106040954589844 0.0799026489257812 0.0192337036132812 -0.0503425598144531
-0.134506225585938 0.00341796874999998 0.00848293304443359 -0.0147476196289063
-0.1572265625 -0.0348968505859375 -0.0709228515625 0.0346527099609375
-0.167251586914063 -0.0444793701171875 -0.112693786621094 0.0133438110351562
-0.0658683776855469 -0.00437545776367187 -0.234695434570313 -0.145339965820312
-0.0486106872558594 -0.00850677490234374 -0.171920776367188 -0.0550537109375
-0.0315799713134766 -0.00996017456054687 -0.0492172241210938 -0.0102043151855469
-0.0423469543457031 -0.004791259765625 0.00101089477539062 -0.0613975524902344
-0.0442161560058594 0.0169563293457031 0.01092529296875 -0.110862731933594
-0.0308380126953125 0.0574264526367187 -0.02490234375 -0.158477783203125
-0.0118827819824219 0.0594863891601562 -0.074066162109375 -0.17669677734375
-0.00160980224609375 0.0596466064453125 -0.08203125 -0.1661376953125
-0.00569915771484376 0.0737762451171875 -0.061004638671875 -0.164627075195313
-0.026031494140625 0.0632743835449219 -0.0109405517578125 -0.15277099609375
-0.0474052429199219 0.0355682373046875 0.0150833129882812 -0.106246948242188
-0.0475082397460937 0.0217056274414063 0.0234375 -0.0526046752929687
-0.049102783203125 -0.00577926635742188 -0.0106496810913086 -0.0115413665771484
-0.0651931762695313 -0.01251220703125 -0.109443664550781 0.0204544067382813
-0.0807647705078125 -0.010833740234375 -0.155838012695313 -0.0201568603515625
-0.02490234375 -0.0436439514160156 0.18206787109375 -0.0035400390625
-0.0413551330566406 -0.0426216125488281 0.128265380859375 -0.0235977172851563
-0.05682373046875 -0.00877761840820313 0.0107355117797852 -0.0167179107666016
-0.0364608764648438 0.0242080688476563 -0.03277587890625 0.0479087829589844
-0.0149593353271484 0.0241928100585938 -0.0366744995117187 0.09930419921875
0.0021514892578125 0.0203571319580078 0.00779724121093751 0.166366577148438
0.0143070220947266 0.0229988098144531 0.0719451904296875 0.186508178710937
0.0109329223632812 0.0215797424316406 0.0941162109375 0.172317504882813
0.0184898376464844 0.0166664123535156 0.0797271728515625 0.171279907226563
0.0194263458251953 0.0299263000488281 0.0340118408203125 0.159835815429688
0.00942230224609375 0.0447959899902344 0.012603759765625 0.102737426757813
-0.0136909484863281 0.0508880615234375 0.0220756530761719 0.0482673645019531
-0.0513496398925781 0.0279464721679688 0.0821075439453125 0.0281753540039063
-0.0497474670410156 -0.00140380859374999 0.20147705078125 0.04833984375
-0.0256004333496094 -0.0047607421875 0.253692626953125 0.179000854492188
-0.121490478515625 -0.0860595703125 0.163787841796875 -0.00151062011718751
-0.133148193359375 -0.0709304809570313 0.120018005371094 -0.0142593383789063
-0.144943237304688 -0.0241241455078125 0.0254573822021484 -0.0194664001464844
-0.119728088378906 0.0470352172851562 -0.0249919891357422 0.0337791442871094
-0.0743789672851563 0.0748367309570312 -0.0357894897460937 0.0770339965820313
-0.0224151611328125 0.100204467773438 0.00344848632812499 0.148651123046875
0.0210418701171875 0.102073669433594 0.0595855712890625 0.169082641601562
0.019989013671875 0.0964889526367188 0.083282470703125 0.152618408203125
0.0300216674804687 0.0982589721679688 0.0742034912109375 0.149993896484375
0.0151138305664062 0.109687805175781 0.0363006591796875 0.140823364257813
-0.0241317749023438 0.110374450683594 0.0172042846679687 0.0840606689453125
-0.0633468627929688 0.105949401855469 0.0276336669921875 0.0343055725097656
-0.127693176269531 0.0460586547851563 0.0914230346679687 0.00846099853515625
-0.145919799804688 -0.01043701171875 0.198898315429688 0.0409698486328125
-0.126251220703125 -0.0279998779296875 0.240493774414063 0.1719970703125
-0.201019287109375 -0.119415283203125 0.116683959960937 -0.0172195434570313
-0.211380004882813 -0.0936126708984376 0.0895614624023437 -0.0130615234375
-0.218399047851563 -0.0371246337890625 0.0350761413574219 -0.0198955535888672
-0.19183349609375 0.064605712890625 -0.00896644592285157 0.0186882019042969
-0.127273559570312 0.117080688476563 -0.0233001708984375 0.04364013671875
-0.04608154296875 0.166229248046875 0.0037078857421875 0.106681823730469
0.0234375 0.166854858398437 0.0410690307617188 0.123558044433594
0.02752685546875 0.158218383789063 0.0590744018554688 0.110176086425781
0.0401611328125 0.166351318359375 0.0537490844726563 0.109512329101563
0.013885498046875 0.177627563476562 0.0297775268554688 0.102958679199219
-0.04937744140625 0.168441772460938 0.0155258178710938 0.0539970397949219
-0.103042602539063 0.155975341796875 0.0289802551269531 0.0161190032958984
-0.18768310546875 0.0654754638671875 0.0884552001953125 -0.0077972412109375
-0.223678588867187 -0.01171875 0.168914794921875 0.03741455078125
-0.209075927734375 -0.04498291015625 0.19476318359375 0.153579711914063
-0.252426147460937 -0.129837036132813 0.0465850830078125 -0.0420074462890625
-0.261123657226562 -0.0952301025390625 0.0396156311035156 -0.0169830322265625
-0.2606201171875 -0.0362091064453125 0.0345897674560547 -0.0186119079589844
-0.233291625976563 0.078460693359375 0.00756311416625975 -0.000381946563720698
-0.15887451171875 0.143630981445313 -0.00638151168823243 0.00261974334716798
-0.0621337890625 0.20928955078125 0.00508880615234375 0.0470161437988281
0.0222625732421875 0.206741333007812 0.0176353454589844 0.0588569641113281
0.030059814453125 0.19647216796875 0.02630615234375 0.0516281127929688
0.0447845458984375 0.209991455078125 0.0242462158203125 0.0530776977539063
0.00955200195312501 0.22088623046875 0.0153884887695313 0.0500106811523438
-0.0696563720703125 0.204299926757813 0.0095071792602539 0.0153617858886719
-0.130203247070313 0.184921264648438 0.0270576477050781 -0.0036945343017578
-0.22406005859375 0.0739593505859375 0.0743637084960937 -0.017303466796875
-0.268890380859375 -0.01165771484375 0.118049621582031 0.0386734008789063
-0.259536743164063 -0.0531005859375 0.124305725097656 0.127197265625
-0.265625 -0.118057250976562 -0.037872314453125 -0.0731201171875
-0.270401000976563 -0.0778961181640626 -0.0236549377441406 -0.0246334075927734
-0.259475708007813 -0.022216796875 0.0224933624267578 -0.0162677764892578
-0.232650756835937 0.0845642089843749 0.0194168090820312 -0.0218448638916016
-0.160186767578125 0.148056030273437 0.00928115844726562 -0.0431137084960937
-0.064666748046875 0.217636108398437 0.00273513793945312 -0.0218257904052734
0.0186004638671875 0.2144775390625 -0.00983333587646485 -0.0157957077026367
0.0285797119140625 0.2044677734375 -0.00996685028076171 -0.0149974822998047
0.040985107421875 0.222381591796875 -0.00999736785888672 -0.0104141235351562
0.000183105468749988 0.230422973632813 -0.00372600555419922 -0.0100612640380859
-0.0832061767578125 0.20733642578125 0.000432968139648431 -0.026468276977539
-0.142166137695313 0.181991577148437 0.0218963623046875 -0.0233440399169922
-0.228668212890625 0.0657958984375 0.0529022216796875 -0.0189704895019531
-0.273941040039062 -0.0168914794921875 0.053314208984375 0.0445594787597656
-0.269332885742188 -0.0561523437499999 0.0391769409179687 0.0951995849609375
-0.234725952148438 -0.087310791015625 -0.122146606445313 -0.100914001464844
-0.232208251953125 -0.049468994140625 -0.086395263671875 -0.033294677734375
-0.211151123046875 -0.00688171386718749 0.00126266479492186 -0.0161228179931641
-0.1893310546875 0.073944091796875 0.0204734802246094 -0.0434913635253906
-0.133583068847656 0.12677001953125 0.0154037475585937 -0.0812225341796875
-0.0550537109375 0.190933227539063 -0.00511169433593751 -0.08575439453125
0.0136260986328125 0.189224243164063 -0.0368499755859375 -0.0865859985351562
0.02288818359375 0.180816650390625 -0.044189453125 -0.0790252685546875
0.0301055908203125 0.200820922851562 -0.0396957397460937 -0.0737762451171875
-0.0129241943359375 0.203887939453125 -0.018310546875 -0.0704574584960937
-0.08868408203125 0.17340087890625 -0.00397491455078125 -0.0657005310058593
-0.134506225585938 0.14483642578125 0.0188789367675781 -0.0404853820800781
-0.199493408203125 0.039459228515625 0.0286598205566406 -0.0171394348144531
-0.236099243164063 -0.0254974365234375 -0.0129585266113281 0.0458908081054688
-0.237472534179687 -0.05267333984375 -0.0446243286132813 0.0581703186035156
-0.165618896484375 -0.0461883544921875 -0.1927490234375 -0.122604370117188
-0.15350341796875 -0.023284912109375 -0.139434814453125 -0.0416717529296875
-0.12994384765625 -0.00114440917968749 -0.0242176055908203 -0.0141220092773437
-0.12060546875 0.0437698364257813 0.0120429992675781 -0.0584793090820313
-0.0910568237304687 0.0811920166015625 0.0128631591796875 -0.106437683105469
-0.041107177734375 0.134811401367188 -0.0179672241210937 -0.133888244628906
0.00504302978515626 0.135391235351563 -0.0628509521484375 -0.141983032226563
0.0140914916992188 0.130447387695312 -0.0722732543945313 -0.131706237792969
0.0144500732421875 0.149383544921875 -0.06005859375 -0.127143859863281
-0.0235443115234375 0.1451416015625 -0.0236587524414063 -0.120697021484375
-0.0787429809570313 0.112960815429688 0.000518798828124998 -0.0941009521484375
-0.103775024414062 0.086456298828125 0.0184555053710937 -0.0510635375976562
-0.137168884277344 0.01116943359375 0.00583744049072265 -0.0141658782958984
-0.163330078125 -0.0265655517578125 -0.0698432922363282 0.0397987365722656
-0.172088623046875 -0.037353515625 -0.113945007324219 0.019561767578125
-0.0682640075683594 -0.00358963012695313 -0.239410400390625 -0.135208129882812
-0.0514678955078125 -0.00679016113281251 -0.174713134765625 -0.0460205078125
-0.0355377197265625 -0.00856399536132813 -0.0493278503417969 -0.00802993774414063
-0.0452461242675781 -0.000438690185546868 -0.000598907470703129 -0.0617790222167969
-0.044647216796875 0.0220108032226563 0.00628662109374999 -0.112823486328125
-0.0272674560546875 0.0600013732910156 -0.03204345703125 -0.1593017578125
-0.00720596313476562 0.0623321533203125 -0.0827789306640625 -0.174819946289063
0.00244903564453124 0.0606956481933594 -0.0900421142578125 -0.1632080078125
0.000633239746093743 0.0749588012695313 -0.0677642822265625 -0.161849975585938
-0.0215225219726563 0.066558837890625 -0.01898193359375 -0.152679443359375
-0.0461502075195313 0.0407752990722656 0.01025390625 -0.10699462890625
-0.0463142395019531 0.0258941650390625 0.0214920043945312 -0.0538864135742188
-0.0515594482421875 -0.00186920166015624 -0.0130176544189453 -0.00962162017822266
-0.0692214965820313 -0.0079803466796875 -0.110153198242187 0.0264816284179688
-0.0841522216796875 -0.00784301757812501 -0.159622192382813 -0.0134429931640625
-0.0240211486816406 -0.0438499450683594 0.186264038085938 -0.008331298828125
-0.0412864685058594 -0.0442924499511719 0.131401062011719 -0.0281829833984375
-0.0577926635742188 -0.00949096679687501 0.0119152069091797 -0.0180110931396484
-0.0363845825195312 0.022674560546875 -0.0307197570800781 0.0479507446289062
-0.0161571502685547 0.0230388641357422 -0.0340652465820313 0.10052490234375
0.000425338745117187 0.0201148986816406 0.01409912109375 0.167938232421875
0.0134983062744141 0.0223598480224609 0.0784149169921875 0.186569213867188
0.0102291107177734 0.0210075378417969 0.099365234375 0.172042846679688
0.0177516937255859 0.0153789520263672 0.08599853515625 0.17205810546875
0.0201740264892578 0.0283527374267578 0.039306640625 0.162567138671875
0.0111579895019531 0.0434951782226563 0.0151214599609375 0.104629516601563
-0.0116424560546875 0.0502281188964844 0.023040771484375 0.0490913391113281
-0.04962158203125 0.0300331115722656 0.0829086303710938 0.027374267578125
-0.0479965209960938 0.000503540039062497 0.20379638671875 0.04290771484375
-0.0239467620849609 -0.004150390625 0.258102416992188 0.177032470703125
-0.12384033203125 -0.0850677490234375 0.16925048828125 -0.00456237792968751
-0.134880065917969 -0.0699996948242188 0.123924255371094 -0.0179595947265625
-0.147994995117188 -0.0240478515625 0.0274143218994141 -0.0211944580078125
-0.121124267578125 0.04876708984375 -0.0219936370849609 0.0340652465820312
-0.0752334594726563 0.07696533203125 -0.0336380004882813 0.0777816772460938
-0.0217971801757813 0.101509094238281 0.00935363769531251 0.149398803710937
0.022247314453125 0.102737426757813 0.06597900390625 0.169036865234375
0.0226364135742188 0.0970306396484375 0.089202880859375 0.152816772460938
0.0318832397460938 0.0984573364257813 0.080078125 0.151626586914063
0.0177078247070313 0.110061645507812 0.04119873046875 0.143341064453125
-0.02142333984375 0.11273193359375 0.0198822021484375 0.0858535766601563
-0.061309814453125 0.108688354492187 0.0290184020996094 0.0354728698730469
-0.128028869628906 0.04962158203125 0.0913772583007812 0.008026123046875
-0.147506713867188 -0.00625610351562497 0.20135498046875 0.0364227294921875
-0.127044677734375 -0.0257568359375 0.246337890625 0.170791625976563
-0.206954956054687 -0.116912841796875 0.121353149414062 -0.0192184448242188
-0.214874267578125 -0.0908050537109375 0.0942001342773437 -0.0143814086914063
-0.223892211914062 -0.0353240966796875 0.0371437072753906 -0.021575927734375
-0.1949462890625 0.069061279296875 -0.00610351562500001 0.018707275390625
-0.127410888671875 0.121971130371094 -0.0211906433105469 0.0440864562988281
-0.0439910888671875 0.170654296875 0.00872039794921876 0.105331420898438
0.0276947021484375 0.16986083984375 0.047088623046875 0.123313903808594
0.0316925048828125 0.1593017578125 0.0644607543945313 0.110954284667969
0.04541015625 0.167587280273438 0.0599746704101563 0.110298156738281
0.0192413330078125 0.179550170898438 0.0343017578125 0.105972290039063
-0.0456085205078125 0.173370361328125 0.0185394287109375 0.0555191040039063
-0.101058959960938 0.160797119140625 0.0307064056396484 0.0167045593261719
-0.190505981445313 0.07080078125 0.0876846313476562 -0.0076904296875
-0.228790283203125 -0.00573730468749998 0.171157836914062 0.0346221923828125
-0.212112426757813 -0.0410614013671875 0.201065063476562 0.153671264648437
-0.25994873046875 -0.126907348632812 0.0506744384765625 -0.0430374145507813
-0.266281127929687 -0.0912628173828125 0.0439300537109375 -0.0162696838378906
-0.267868041992187 -0.0324249267578125 0.0363845825195312 -0.0195808410644531
-0.236358642578125 0.085052490234375 0.0109996795654297 -3.81469726562448E-05
-0.158416748046875 0.150787353515625 -0.00447702407836915 0.00148963928222657
-0.058013916015625 0.213943481445313 0.00865173339843749 0.0447959899902344
0.0284423828125 0.209991455078125 0.0210227966308594 0.0582771301269531
0.036834716796875 0.198272705078125 0.0302734375 0.0523147583007813
0.0518646240234375 0.21221923828125 0.0285301208496094 0.0536308288574219
0.0169219970703125 0.224807739257813 0.0188102722167969 0.0520896911621094
-0.064727783203125 0.210983276367188 0.0120038986206055 0.0158281326293945
-0.127471923828125 0.191558837890625 0.0284004211425781 -0.00299835205078124
-0.228256225585938 0.08087158203125 0.0730361938476562 -0.0163345336914062
-0.274993896484375 -0.00512695312500003 0.119796752929688 0.03759765625
-0.263656616210938 -0.0488433837890625 0.129188537597656 0.128654479980469
-0.27435302734375 -0.114852905273437 -0.0352630615234375 -0.0726852416992188
-0.275543212890625 -0.0729522705078124 -0.0204868316650391 -0.0219287872314453
-0.267776489257812 -0.0176544189453125 0.0242137908935547 -0.0170364379882813
-0.235321044921875 0.0928497314453125 0.0225868225097656 -0.0214881896972656
-0.159332275390625 0.156723022460938 0.0100288391113281 -0.0445137023925781
-0.0596771240234375 0.22357177734375 0.00429344177246094 -0.0248775482177734
0.0255126953125 0.218612670898437 -0.00828456878662109 -0.016169548034668
0.035491943359375 0.207199096679688 -0.0080270767211914 -0.0147695541381836
0.049774169921875 0.22491455078125 -0.00798702239990234 -0.01055908203125
0.0079345703125 0.235595703125 -0.00207996368408203 -0.00895023345947264
-0.0787506103515625 0.21466064453125 0.00179290771484374 -0.0270977020263672
-0.1405029296875 0.189422607421875 0.0229740142822266 -0.0233154296875
-0.23480224609375 0.07183837890625 0.0512657165527344 -0.0183372497558594
-0.28094482421875 -0.00981140136718748 0.0546493530273437 0.0450439453125
-0.274642944335938 -0.0523529052734375 0.0422134399414062 0.0971832275390625
-0.243255615234375 -0.08465576171875 -0.121490478515625 -0.0995635986328125
-0.237991333007812 -0.0445404052734375 -0.0846710205078125 -0.0294570922851563
-0.219329833984375 -0.00221252441406247 0.00280857086181639 -0.0157251358032227
-0.1929931640625 0.0819549560546875 0.0223274230957031 -0.0437240600585937
-0.132850646972656 0.134414672851563 0.0145111083984375 -0.0837631225585937
-0.05035400390625 0.197021484375 -0.00626373291015625 -0.0884933471679687
0.0207061767578125 0.192733764648438 -0.0384368896484375 -0.0871429443359375
0.030242919921875 0.183837890625 -0.0447311401367187 -0.0788650512695312
0.0380096435546875 0.203536987304688 -0.0396270751953125 -0.0738143920898437
-0.0052032470703125 0.208663940429688 -0.0191535949707031 -0.0697822570800781
-0.084991455078125 0.18145751953125 -0.00395965576171875 -0.0667381286621094
-0.133071899414063 0.152084350585937 0.0192680358886719 -0.0406455993652344
-0.205123901367187 0.04522705078125 0.0266532897949219 -0.0164432525634766
-0.2432861328125 -0.0190887451171875 -0.0120925903320313 0.0479621887207031
-0.243331909179688 -0.0488739013671875 -0.0438232421875 0.0613479614257813
-0.171875 -0.0440826416015625 -0.194091796875 -0.120223999023437
-0.158416748046875 -0.0197296142578125 -0.139602661132812 -0.0368804931640625
-0.135261535644531 0.0019378662109375 -0.0237789154052734 -0.0131454467773437
-0.123573303222656 0.0499801635742187 0.0130844116210938 -0.0585594177246094
-0.090484619140625 0.08782958984375 0.0109024047851562 -0.108940124511719
-0.0365982055664062 0.140052795410156 -0.021026611328125 -0.136528015136719
0.0114898681640625 0.13916015625 -0.0667724609375 -0.143020629882813
0.019378662109375 0.132843017578125 -0.0746917724609375 -0.131515502929688
0.020904541015625 0.1514892578125 -0.0620880126953125 -0.127593994140625
-0.0170440673828125 0.149688720703125 -0.0263214111328125 -0.121612548828125
-0.0759506225585938 0.11944580078125 -0.000930786132812508 -0.0951766967773437
-0.102668762207031 0.0922927856445313 0.0186882019042969 -0.0521774291992187
-0.14154052734375 0.015716552734375 0.00442028045654296 -0.0127468109130859
-0.169754028320313 -0.0214385986328125 -0.0702705383300781 0.0428962707519531
-0.1773681640625 -0.0346221923828125 -0.115394592285156 0.0233154296875
-0.0719985961914063 -0.00321197509765624 -0.24298095703125 -0.132278442382812
-0.0547866821289063 -0.00606536865234375 -0.176361083984375 -0.0404052734375
-0.0389633178710938 -0.00823974609375001 -0.0479927062988281 -0.00656509399414063
-0.0479393005371094 0.00323867797851562 -0.00103378295898437 -0.0623512268066406
-0.0455513000488281 0.0258026123046875 0.00362396240234375 -0.115951538085938
-0.0243415832519531 0.0624656677246094 -0.0374603271484375 -0.162124633789063
-0.00326156616210937 0.0648536682128906 -0.0882110595703125 -0.1746826171875
0.006500244140625 0.0622177124023438 -0.0948638916015625 -0.163543701171875
0.00502014160156249 0.0758743286132812 -0.072235107421875 -0.162490844726563
-0.0173454284667969 0.0686111450195312 -0.0227508544921875 -0.15411376953125
-0.044952392578125 0.0442466735839844 0.00832366943359374 -0.108848571777344
-0.0457801818847656 0.0296783447265625 0.0211639404296875 -0.0539474487304688
-0.0541038513183594 0.00094223022460937 -0.0147294998168945 -0.00833702087402344
-0.0736236572265625 -0.00422668457031252 -0.111503601074219 0.0304336547851563
-0.0879745483398437 -0.00594329833984375 -0.163406372070312 -0.0098876953125
-0.0232086181640625 -0.045135498046875 0.194427490234375 -0.0122528076171875
-0.04193115234375 -0.0466156005859375 0.13751220703125 -0.0326461791992188
-0.0595321655273438 -0.0115394592285156 0.0133876800537109 -0.0201759338378906
-0.0382766723632813 0.0215682983398438 -0.0300827026367188 0.048309326171875
-0.018157958984375 0.0228099822998047 -0.0323104858398437 0.104148864746094
-0.00122833251953125 0.0203323364257813 0.0189208984375 0.1727294921875
0.0123004913330078 0.0231056213378906 0.08587646484375 0.191360473632812
0.00915145874023438 0.0212230682373047 0.10736083984375 0.176345825195313
0.0163898468017578 0.0148134231567383 0.0937652587890625 0.177581787109375
0.0204601287841797 0.0271244049072266 0.0449676513671875 0.169921875
0.0130844116210937 0.0435333251953125 0.0183181762695312 0.109947204589844
-0.0102806091308594 0.0508155822753906 0.0231742858886719 0.0522880554199219
-0.04937744140625 0.0320854187011719 0.0861282348632812 0.028045654296875
-0.0474052429199219 0.00189590454101563 0.21112060546875 0.0404052734375
-0.0221710205078125 -0.00359916687011719 0.2698974609375 0.180099487304688
-0.1295166015625 -0.08544921875 0.17779541015625 -0.007293701171875
-0.139457702636719 -0.0722579956054687 0.130889892578125 -0.0211563110351563
-0.154830932617188 -0.0244598388671875 0.0294628143310547 -0.0235519409179687
-0.125595092773438 0.0510711669921875 -0.0203475952148438 0.0345783233642578
-0.0787200927734375 0.0806427001953125 -0.0323944091796875 0.0799636840820313
-0.022552490234375 0.106201171875 0.014068603515625 0.152984619140625
0.0238723754882812 0.1072998046875 0.073394775390625 0.172760009765625
0.0245819091796875 0.099822998046875 0.09735107421875 0.156570434570313
0.0341949462890625 0.101020812988281 0.088714599609375 0.156280517578125
0.0207748413085937 0.112937927246094 0.0484161376953125 0.150436401367188
-0.019195556640625 0.116920471191406 0.023590087890625 0.0900115966796875
-0.0616378784179687 0.113189697265625 0.0303306579589844 0.0374984741210938
-0.131874084472656 0.0544662475585937 0.0939407348632813 0.00869750976562501
-0.152450561523437 -0.00296020507812501 0.208053588867187 0.0335845947265625
-0.130409240722656 -0.025299072265625 0.2576904296875 0.173629760742187
-0.2164306640625 -0.117431640625 0.129936218261719 -0.0216140747070313
-0.22344970703125 -0.0914764404296875 0.101432800292969 -0.0167694091796875
-0.235000610351563 -0.0347900390625 0.0397796630859375 -0.0240669250488281
-0.201644897460938 0.07452392578125 -0.00292015075683595 0.0187511444091797
-0.1318359375 0.129341125488281 -0.0193710327148438 0.0445709228515625
-0.0431976318359375 0.178482055664063 0.0133438110351563 0.106857299804688
0.0321502685546875 0.176315307617187 0.0530014038085937 0.125999450683594
0.03717041015625 0.164794921875 0.0709304809570313 0.113571166992188
0.050445556640625 0.173126220703125 0.0671234130859375 0.113609313964844
0.0239715576171875 0.186019897460938 0.0404891967773438 0.111274719238281
-0.0433197021484375 0.181442260742188 0.0217132568359375 0.05780029296875
-0.102066040039063 0.169952392578125 0.0330677032470703 0.0187263488769531
-0.197891235351563 0.0777740478515625 0.0897979736328125 -0.0064849853515625
-0.238601684570312 -1.52587890624799E-05 0.1773681640625 0.032684326171875
-0.219451904296875 -0.0400238037109375 0.21142578125 0.156524658203125
-0.27362060546875 -0.126693725585937 0.05718994140625 -0.044952392578125
-0.27734375 -0.090576171875 0.0497665405273437 -0.016326904296875
-0.2821044921875 -0.03070068359375 0.0397262573242187 -0.0209884643554688
-0.245132446289063 0.0936279296875 0.0147199630737305 -0.000216484069824213
-0.162521362304688 0.160781860351563 -0.00298237800598145 0.000234127044677744
-0.055999755859375 0.224533081054688 0.01080322265625 0.0439529418945313
0.034637451171875 0.218734741210938 0.0255622863769531 0.0593833923339844
0.043731689453125 0.20526123046875 0.0350875854492188 0.0535774230957031
0.0597686767578125 0.219314575195313 0.0336112976074219 0.0547943115234375
0.0236968994140625 0.233749389648438 0.0227088928222656 0.0552864074707031
-0.062347412109375 0.221969604492188 0.014434814453125 0.0171642303466797
-0.129196166992187 0.20233154296875 0.0303916931152344 -0.00254058837890624
-0.238372802734375 0.0896453857421874 0.074554443359375 -0.0151443481445312
-0.28765869140625 0.00201416015624995 0.124404907226563 0.0378036499023438
-0.274185180664062 -0.0472259521484375 0.13677978515625 0.133476257324219
-0.288177490234375 -0.114349365234375 -0.0325469970703125 -0.0741653442382813
-0.289093017578125 -0.07122802734375 -0.016469955444336 -0.0209503173828125
-0.283355712890625 -0.014007568359375 0.0273113250732422 -0.0180511474609375
-0.24444580078125 0.102859497070313 0.0264205932617187 -0.0225772857666016
-0.163345336914063 0.167938232421875 0.0111656188964844 -0.0475234985351562
-0.05712890625 0.234298706054688 0.00561332702636718 -0.0283241271972656
0.0335540771484375 0.227386474609375 -0.00647926330566406 -0.0176563262939453
0.0431671142578125 0.214141845703125 -0.00629329681396484 -0.014617919921875
0.0580596923828125 0.233505249023438 -0.00572872161865234 -0.0108747482299805
0.0163421630859375 0.244537353515625 -0.000353336334228515 -0.00825834274291991
-0.07659912109375 0.227020263671875 0.00304222106933593 -0.0279273986816406
-0.141586303710937 0.201812744140625 0.0247421264648437 -0.0241336822509765
-0.245529174804688 0.080413818359375 0.0516624450683594 -0.0167350769042969
-0.29449462890625 -0.00311279296875001 0.0577201843261719 0.0468254089355469
-0.286651611328125 -0.05059814453125 0.0457611083984375 0.102691650390625
-0.257125854492188 -0.08404541015625 -0.122604370117188 -0.101097106933594
-0.25030517578125 -0.0417938232421875 -0.0842056274414063 -0.026824951171875
-0.233001708984375 0.00187683105468747 0.0051603317260742 -0.0157289505004883
-0.200119018554688 0.0921478271484375 0.0257492065429687 -0.0456352233886719
-0.135009765625 0.1455078125 0.0148391723632812 -0.088043212890625
-0.0467681884765625 0.207275390625 -0.00735473632812499 -0.0944671630859375
0.0286407470703125 0.201065063476563 -0.0402145385742187 -0.0900115966796875
0.0369415283203125 0.190643310546875 -0.0458145141601563 -0.080780029296875
0.04608154296875 0.21063232421875 -0.0405807495117188 -0.0765914916992187
0.001617431640625 0.218490600585938 -0.0196075439453125 -0.0720977783203125
-0.0839385986328125 0.19281005859375 -0.00376510620117188 -0.0694236755371094
-0.13531494140625 0.162567138671875 0.0203475952148437 -0.0423164367675781
-0.21478271484375 0.05224609375 0.0265235900878906 -0.0146255493164062
-0.2564697265625 -0.0131072998046875 -0.0118370056152344 0.0515937805175781
-0.255264282226563 -0.0476226806640625 -0.0437545776367188 0.0656967163085938
-0.182754516601563 -0.0441436767578125 -0.19964599609375 -0.12200927734375
-0.167327880859375 -0.0172576904296875 -0.1419677734375 -0.033721923828125
-0.145248413085938 0.00473022460937499 -0.0222148895263672 -0.0128421783447266
-0.128982543945313 0.0575790405273438 0.0149955749511719 -0.0605697631835938
-0.0918655395507812 0.0966720581054688 0.00986480712890625 -0.11383056640625
-0.033203125 0.147445678710938 -0.0249786376953125 -0.142608642578125
0.017974853515625 0.145416259765625 -0.0709991455078125 -0.146575927734375
0.0256118774414062 0.138282775878906 -0.0790939331054687 -0.135169982910156
0.028045654296875 0.15716552734375 -0.0655899047851563 -0.131973266601562
-0.0117950439453125 0.156417846679688 -0.0289993286132813 -0.124778747558594
-0.0755615234375 0.128410339355469 -0.00141143798828125 -0.099456787109375
-0.104103088378906 0.100372314453125 0.0199661254882812 -0.0543327331542969
-0.149093627929688 0.0214385986328125 0.00301933288574218 -0.0110206604003906
-0.17999267578125 -0.016510009765625 -0.0717849731445313 0.0471420288085938
-0.186599731445313 -0.033294677734375 -0.119735717773438 0.0270614624023437
-0.0780258178710938 -0.00379180908203125 -0.251113891601563 -0.134048461914063
-0.0602874755859375 -0.00510787963867186 -0.181076049804687 -0.037506103515625
-0.043914794921875 -0.00750732421875 -0.0477333068847656 -0.00561904907226563
-0.0509529113769531 0.006927490234375 -0.000354766845703124 -0.0647125244140625
-0.0460853576660156 0.0308151245117188 0.00108337402343749 -0.12109375
-0.0222816467285156 0.06707763671875 -0.042633056640625 -0.167572021484375
0.0011444091796875 0.0687751770019531 -0.0956878662109375 -0.179718017578125
0.0106353759765625 0.0652885437011719 -0.100906372070312 -0.16815185546875
0.0093841552734375 0.0786056518554688 -0.0778961181640625 -0.167495727539062
-0.0139389038085937 0.073028564453125 -0.02691650390625 -0.15887451171875
-0.0441551208496094 0.0494613647460938 0.00739288330078125 -0.112922668457031
-0.0461235046386719 0.0337295532226562 0.0212554931640625 -0.0571365356445313
-0.0578727722167969 0.00474166870117189 -0.0164394378662109 -0.00648975372314453
-0.0794754028320312 -0.000419616699218751 -0.11572265625 0.0351333618164063
-0.0939865112304688 -0.00417327880859376 -0.170791625976563 -0.00715637207031248
-0.0233192443847656 -0.0466804504394531 0.206802368164062 -0.019439697265625
-0.0440139770507812 -0.0498046875 0.145339965820313 -0.0413665771484375
-0.0629310607910156 -0.0124778747558594 0.0141105651855469 -0.0236778259277344
-0.0406837463378906 0.0216636657714844 -0.0293159484863281 0.0505523681640625
-0.0211372375488281 0.0235061645507813 -0.029510498046875 0.110107421875
-0.00270843505859375 0.0211334228515625 0.028350830078125 0.180343627929688
0.0114879608154297 0.0236530303955078 0.0990447998046875 0.197357177734375
0.00848770141601563 0.0216693878173828 0.121185302734375 0.181854248046875
0.0158100128173828 0.0144662857055664 0.108047485351562 0.185195922851563
0.0218429565429688 0.0262508392333984 0.0560760498046875 0.179244995117188
0.0158576965332031 0.0429611206054688 0.0237655639648437 0.117919921875
-0.008087158203125 0.0524444580078125 0.0266265869140625 0.0566177368164063
-0.0483932495117188 0.035736083984375 0.0913238525390625 0.0271682739257813
-0.0470695495605469 0.00378036499023437 0.22174072265625 0.033721923828125
-0.0200977325439453 -0.00267982482910156 0.2901611328125 0.181427001953125
-0.137542724609375 -0.0855484008789063 0.1907958984375 -0.0140380859375
-0.147750854492188 -0.0723724365234375 0.140838623046875 -0.02764892578125
-0.16534423828125 -0.0225677490234375 0.0315494537353516 -0.0277824401855469
-0.132034301757813 0.0565032958984375 -0.0183486938476563 0.0358390808105469
-0.0818557739257812 0.0875167846679688 -0.0295181274414063 0.0842819213867188
-0.02154541015625 0.112876892089844 0.0224609375 0.158416748046875
0.0285491943359375 0.112518310546875 0.0861053466796875 0.178070068359375
0.0286102294921875 0.104667663574219 0.110992431640625 0.161590576171875
0.03912353515625 0.105140686035156 0.102127075195313 0.161865234375
0.0262374877929688 0.117637634277344 0.059478759765625 0.158889770507813
-0.014984130859375 0.12371826171875 0.02978515625 0.0959396362304688
-0.0601882934570312 0.121627807617188 0.0340995788574219 0.0405158996582031
-0.1368408203125 0.0634765625 0.099273681640625 0.00800323486328125
-0.160552978515625 0.00352478027343748 0.219253540039063 0.0275726318359375
-0.136810302734375 -0.0221786499023438 0.279159545898438 0.176361083984375
-0.232574462890625 -0.115768432617188 0.140594482421875 -0.0275421142578125
-0.238006591796875 -0.089263916015625 0.110847473144531 -0.0218124389648438
-0.252151489257813 -0.0298614501953125 0.0429153442382812 -0.0278701782226563
-0.210830688476562 0.0851898193359375 -7.6293945312616E-06 0.0186500549316406
-0.135513305664063 0.1417236328125 -0.01690673828125 0.0460472106933594
-0.0401153564453125 0.190567016601563 0.01947021484375 0.1097412109375
0.0406341552734375 0.185043334960938 0.0633544921875 0.129325866699219
0.04571533203125 0.172332763671875 0.0828704833984375 0.117111206054688
0.06097412109375 0.18096923828125 0.0781478881835937 0.117904663085938
0.034149169921875 0.195037841796875 0.050018310546875 0.11737060546875
-0.0380096435546875 0.19403076171875 0.0271759033203125 0.0623245239257813
-0.100601196289062 0.183731079101563 0.03662109375 0.0203514099121094
-0.207046508789063 0.0909271240234375 0.0938262939453125 -0.00724792480468749
-0.251968383789063 0.01031494140625 0.187423706054687 0.028472900390625
-0.23284912109375 -0.0352783203125 0.229461669921875 0.160690307617188
-0.294586181640625 -0.123748779296875 0.0638847351074219 -0.0500221252441406
-0.295989990234375 -0.0848388671875001 0.05712890625 -0.01898193359375
-0.30352783203125 -0.02099609375 0.0432205200195312 -0.0246391296386719
-0.256439208984375 0.109695434570313 0.0193042755126953 -0.00140380859374999
-0.166412353515625 0.177841186523438 -0.000934958457946788 -0.00106269121170043
-0.0506439208984375 0.239822387695312 0.0156097412109375 0.0430030822753906
0.04638671875 0.229812622070312 0.0316925048828125 0.0599479675292969
0.0555267333984375 0.214675903320313 0.0423316955566406 0.0548973083496094
0.0731353759765625 0.229827880859375 0.0401420593261719 0.0561103820800781
0.03656005859375 0.246246337890625 0.0294837951660156 0.0584526062011719
-0.056427001953125 0.239303588867188 0.0180225372314453 0.0182914733886719
-0.128494262695313 0.220993041992188 0.0337429046630859 -0.00222587585449217
-0.251068115234375 0.105758666992188 0.0771484375 -0.015289306640625
-0.305633544921875 0.014068603515625 0.132545471191406 0.0364151000976562
-0.291748046875 -0.040557861328125 0.15020751953125 0.137527465820313
-0.31207275390625 -0.109954833984375 -0.0311355590820313 -0.07794189453125
-0.30841064453125 -0.0635986328125001 -0.012563705444336 -0.0203113555908203
-0.30462646484375 -0.00354003906249999 0.0308723449707031 -0.0203437805175781
-0.25555419921875 0.12017822265625 0.0307350158691406 -0.0251750946044922
-0.165283203125 0.18682861328125 0.0118484497070312 -0.0511627197265625
-0.05010986328125 0.251174926757812 0.00532722473144531 -0.0326652526855469
0.0468597412109375 0.239578247070313 -0.00551033020019531 -0.0191535949707031
0.056640625 0.224594116210937 -0.00424098968505859 -0.0151920318603515
0.0731964111328125 0.244354248046875 -0.00374317169189453 -0.0118045806884765
0.0296478271484375 0.258819580078125 0.00178194046020508 -0.00745105743408202
-0.070465087890625 0.245635986328125 0.00442695617675781 -0.0291690826416016
-0.141647338867188 0.221267700195313 0.0272846221923828 -0.0255184173583984
-0.25921630859375 0.0971832275390625 0.0534324645996094 -0.0164947509765625
-0.314666748046875 0.00976562499999996 0.0624122619628906 0.0485610961914063
-0.305816650390625 -0.043182373046875 0.0533599853515625 0.108551025390625
-0.27838134765625 -0.0791015625 -0.127647399902344 -0.103240966796875
-0.268508911132813 -0.034576416015625 -0.085174560546875 -0.0240707397460938
-0.2513427734375 0.0119781494140625 0.00772571563720701 -0.0163002014160156
-0.209274291992188 0.108169555664063 0.0292510986328125 -0.0487632751464844
-0.136383056640625 0.163604736328125 0.0134048461914063 -0.0948104858398437
-0.0400543212890625 0.222061157226563 -0.0107192993164062 -0.101181030273437
0.0410003662109375 0.211868286132813 -0.0438613891601563 -0.0937881469726563
0.04998779296875 0.199722290039062 -0.0489425659179688 -0.0839309692382812
0.0609130859375 0.221282958984375 -0.0443115234375 -0.0802154541015625
0.013580322265625 0.231170654296875 -0.0218048095703125 -0.074310302734375
-0.079132080078125 0.21044921875 -0.00482940673828125 -0.0735702514648437
-0.136001586914063 0.180068969726563 0.0217170715332031 -0.0454330444335937
-0.228195190429688 0.0672302246093751 0.0271511077880859 -0.0132389068603516
-0.274734497070313 -0.00210571289062505 -0.0101966857910156 0.0558586120605469
-0.27349853515625 -0.0410919189453125 -0.0433502197265625 0.0729598999023438
-0.198974609375 -0.0395660400390625 -0.210647583007813 -0.12335205078125
-0.181015014648437 -0.01153564453125 -0.146865844726563 -0.028350830078125
-0.158981323242188 0.0118255615234375 -0.0210647583007813 -0.0125942230224609
-0.136062622070313 0.0697174072265625 0.0162277221679687 -0.0651512145996094
-0.0923233032226563 0.109832763671875 0.00627136230468749 -0.12158203125
-0.0270233154296875 0.159103393554687 -0.0316925048828125 -0.15081787109375
0.02825927734375 0.153671264648437 -0.0800323486328125 -0.152557373046875
0.0355377197265625 0.145355224609375 -0.0869293212890625 -0.139129638671875
0.0396270751953125 0.16448974609375 -0.0733718872070312 -0.137626647949219
-0.00213623046874998 0.16729736328125 -0.034149169921875 -0.130607604980469
-0.0723876953125 0.141143798828125 -0.00446319580078125 -0.105232238769531
-0.104927062988281 0.112510681152344 0.019866943359375 -0.0582656860351563
-0.159347534179687 0.0305938720703125 0.00246334075927733 -0.00930213928222656
-0.193893432617188 -0.00735473632812501 -0.074462890625 0.0540390014648437
-0.201629638671875 -0.027801513671875 -0.125579833984375 0.0344696044921875
-0.0861663818359375 -0.00127410888671876 -0.266769409179688 -0.134628295898438
-0.0669975280761719 -0.00338363647460937 -0.189773559570313 -0.0314178466796875
-0.0508918762207031 -0.00524520874023438 -0.0483932495117188 -0.00404739379882813
-0.0552253723144531 0.0125045776367188 -0.00111770629882813 -0.0688018798828125
-0.0465545654296875 0.0379753112792969 -0.00403594970703124 -0.128829956054688
-0.0189285278320313 0.0732192993164063 -0.0512237548828125 -0.176162719726562
0.00705718994140625 0.0727691650390625 -0.108062744140625 -0.185943603515625
0.0165824890136719 0.0687789916992188 -0.112686157226562 -0.173126220703125
0.0168685913085937 0.0829620361328125 -0.088287353515625 -0.174911499023438
-0.00829315185546875 0.0788192749023438 -0.0343475341796875 -0.166275024414063
-0.042724609375 0.0564956665039062 0.0035247802734375 -0.119972229003906
-0.0455780029296875 0.0398330688476562 0.0209388732910156 -0.0607261657714844
-0.0621376037597656 0.0102043151855469 -0.0182018280029297 -0.00379753112792968
-0.0866851806640625 0.00645446777343752 -0.121185302734375 0.0436782836914063
-0.102912902832031 -0.000396728515624993 -0.182785034179688 -0.000167846679687469
-0.0236053466796875 -0.0477371215820313 0.218719482421875 -0.0343017578125
-0.0480918884277344 -0.0522117614746094 0.151565551757813 -0.0550689697265625
-0.066986083984375 -0.0118598937988281 0.0138759613037109 -0.0275535583496094
-0.043121337890625 0.022247314453125 -0.0271224975585937 0.0535316467285156
-0.0234031677246094 0.0249004364013672 -0.0226669311523438 0.117019653320313
-0.00455093383789062 0.0222816467285156 0.0430755615234375 0.185836791992188
0.0112266540527344 0.0246906280517578 0.118362426757812 0.199935913085938
0.00862884521484375 0.022186279296875 0.141281127929688 0.181961059570313
0.0151996612548828 0.0139703750610352 0.129074096679688 0.18768310546875
0.0230846405029297 0.02459716796875 0.0741119384765625 0.186721801757812
0.0194587707519531 0.0420379638671875 0.0342025756835938 0.124076843261719
-0.00481033325195313 0.0542144775390625 0.0313034057617188 0.0599708557128906
-0.0457878112792969 0.0408096313476563 0.0975112915039063 0.0234146118164063
-0.046112060546875 0.00708389282226562 0.233383178710938 0.01873779296875
-0.0184288024902344 -0.00171470642089844 0.31658935546875 0.1737060546875
-0.148101806640625 -0.0806121826171875 0.203536987304688 -0.027801513671875
-0.158935546875 -0.0682525634765625 0.14923095703125 -0.0406341552734375
-0.176910400390625 -0.0147857666015625 0.0317802429199219 -0.0322895050048828
-0.136665344238281 0.0662460327148438 -0.0150718688964844 0.0370140075683594
-0.0824661254882813 0.0975875854492188 -0.0241622924804688 0.0890274047851563
-0.0174331665039063 0.120353698730469 0.035491943359375 0.162582397460938
0.0363388061523438 0.116714477539063 0.104812622070313 0.180068969726563
0.0362548828125 0.107620239257813 0.130035400390625 0.161056518554688
0.0475387573242188 0.108047485351563 0.121536254882813 0.16326904296875
0.0354080200195313 0.120880126953125 0.0772552490234375 0.164306640625
-0.00676727294921875 0.129844665527344 0.0395126342773438 0.100959777832031
-0.0544815063476563 0.131561279296875 0.03955078125 0.0433425903320313
-0.13800048828125 0.0762557983398438 0.104240417480469 0.00420379638671875
-0.166976928710938 0.0153045654296875 0.231124877929687 0.014068603515625
-0.14324951171875 -0.0142669677734375 0.304840087890625 0.169219970703125
-0.251266479492188 -0.105148315429687 0.151473999023437 -0.0384368896484375
-0.254623413085937 -0.079071044921875 0.119415283203125 -0.031494140625
-0.269989013671875 -0.015594482421875 0.044891357421875 -0.0333709716796875
-0.217941284179688 0.103225708007813 0.00420570373535155 0.0180759429931641
-0.133499145507813 0.158782958984375 -0.0133132934570313 0.0478515625
-0.0303192138671875 0.203475952148438 0.0291061401367187 0.111122131347656
0.0556793212890625 0.192398071289063 0.0776138305664063 0.130126953125
0.0602264404296875 0.178146362304688 0.0984268188476563 0.116256713867188
0.0771636962890625 0.18634033203125 0.0938491821289063 0.117904663085938
0.05084228515625 0.202178955078125 0.0648956298828125 0.12091064453125
-0.02496337890625 0.207809448242188 0.0353927612304688 0.0647163391113281
-0.0922698974609375 0.20074462890625 0.0416183471679687 0.0206375122070313
-0.21282958984375 0.111602783203125 0.098541259765625 -0.0109405517578125
-0.2645263671875 0.028961181640625 0.197967529296875 0.0183868408203125
-0.24615478515625 -0.0211944580078125 0.253829956054688 0.156448364257813
-0.320068359375 -0.108978271484375 0.0692176818847656 -0.0573463439941406
-0.31744384765625 -0.07012939453125 0.0640602111816406 -0.0248069763183594
-0.32464599609375 -0.00219726562500004 0.0458946228027344 -0.0291519165039063
-0.263442993164063 0.133056640625 0.0235424041748047 -0.00380706787109374
-0.162353515625 0.200164794921875 0.000618934631347646 -0.00262236595153807
-0.036865234375 0.256698608398438 0.01959228515625 0.0410079956054688
0.066436767578125 0.23944091796875 0.0401725769042969 0.0591239929199219
0.0743255615234375 0.221450805664063 0.0520591735839844 0.0534439086914063
0.0953826904296875 0.237030029296875 0.0493049621582031 0.0558280944824219
0.0578155517578125 0.256546020507813 0.0393600463867188 0.0610275268554688
-0.0410919189453125 0.257919311523438 0.0230236053466797 0.0187149047851563
-0.119888305664062 0.243515014648438 0.0370826721191406 -0.00339889526367186
-0.258529663085938 0.13055419921875 0.0807647705078125 -0.0176162719726562
-0.32220458984375 0.03717041015625 0.14208984375 0.0306243896484375
-0.31048583984375 -0.0237731933593751 0.169113159179687 0.138076782226563
-0.33819580078125 -0.093719482421875 -0.0320968627929688 -0.0810317993164063
-0.33056640625 -0.04571533203125 -0.00966644287109377 -0.0208644866943359
-0.3262939453125 0.0191650390625 0.0334415435791015 -0.0233917236328125
-0.26177978515625 0.146774291992188 0.0345668792724609 -0.0294189453125
-0.160232543945313 0.210952758789062 0.0104141235351562 -0.0564956665039062
-0.0337677001953125 0.269149780273438 0.0041656494140625 -0.0367889404296875
0.0684356689453125 0.248626708984375 -0.00470352172851562 -0.021270751953125
0.077392578125 0.23175048828125 -0.00156307220458984 -0.0172147750854492
0.0970611572265625 0.251556396484375 -0.00253105163574218 -0.0136709213256836
0.0527801513671875 0.270797729492188 0.00474596023559571 -0.0077691078186035
-0.054962158203125 0.266494750976562 0.00543403625488281 -0.0311107635498047
-0.133514404296875 0.244949340820313 0.0292301177978516 -0.0285663604736328
-0.26873779296875 0.1221923828125 0.0559806823730469 -0.017242431640625
-0.33251953125 0.03466796875 0.0693702697753906 0.0487480163574219
-0.32611083984375 -0.025665283203125 0.0652542114257813 0.112907409667969
-0.302276611328125 -0.06365966796875 -0.1358642578125 -0.102005004882812
-0.287750244140625 -0.017242431640625 -0.0865936279296875 -0.0186767578125
-0.27020263671875 0.0323944091796875 0.00961685180664061 -0.0180759429931641
-0.214309692382812 0.132980346679688 0.0312919616699219 -0.053741455078125
-0.129959106445313 0.185470581054688 0.00896453857421873 -0.101699829101562
-0.0241546630859375 0.23834228515625 -0.0179595947265625 -0.107070922851563
0.0619049072265625 0.21978759765625 -0.0504226684570313 -0.0965576171875
0.0694122314453125 0.206085205078125 -0.0546188354492187 -0.0857162475585937
0.0830535888671875 0.229019165039063 -0.0504150390625 -0.08245849609375
0.034393310546875 0.242645263671875 -0.0254669189453125 -0.0761947631835937
-0.066375732421875 0.230056762695313 -0.00798797607421875 -0.0774307250976562
-0.129364013671875 0.20184326171875 0.0216598510742187 -0.0496940612792969
-0.23846435546875 0.08905029296875 0.0279884338378906 -0.0124950408935547
-0.29168701171875 0.019805908203125 -0.0062217712402344 0.0611953735351562
-0.292999267578125 -0.024017333984375 -0.0398330688476563 0.0815048217773437
-0.216629028320313 -0.0279998779296875 -0.225799560546875 -0.117996215820313
-0.195053100585938 0.00112915039062503 -0.152114868164063 -0.0192108154296875
-0.172103881835938 0.0263519287109375 -0.0200538635253906 -0.0118331909179688
-0.139320373535156 0.0872955322265625 0.0154342651367187 -0.069854736328125
-0.0872573852539063 0.125732421875 -0.00128173828125 -0.129486083984375
-0.0150299072265625 0.170974731445312 -0.044158935546875 -0.1578369140625
0.0438690185546875 0.159317016601563 -0.0937042236328125 -0.155136108398438
0.0511016845703125 0.149734497070313 -0.0992279052734375 -0.141387939453125
0.0574493408203125 0.1697998046875 -0.0861358642578125 -0.140884399414063
0.0135040283203125 0.17645263671875 -0.043731689453125 -0.134170532226563
-0.0635223388671875 0.156982421875 -0.01043701171875 -0.111053466796875
-0.101020812988281 0.1285400390625 0.0182380676269531 -0.0628623962402344
-0.167007446289063 0.046722412109375 0.00188159942626952 -0.00675678253173828
-0.207183837890625 0.00950622558593753 -0.0743255615234375 0.0635452270507813
-0.217391967773438 -0.0144805908203125 -0.130424499511719 0.0457534790039063
-0.095245361328125 0.00415039062500001 -0.287078857421875 -0.125885009765625
-0.0749969482421875 0.00165557861328125 -0.198959350585938 -0.0195159912109375
-0.0590324401855469 -0.000343322753906247 -0.0474891662597656 -0.00179672241210938
-0.0585670471191406 0.0206260681152344 -0.00397491455078126 -0.0736923217773438
-0.0448951721191406 0.0470619201660156 -0.0131301879882813 -0.136116027832031
-0.0126571655273437 0.0801773071289063 -0.0675048828125 -0.181869506835937
0.0159530639648438 0.0762176513671875 -0.126541137695313 -0.187667846679687
0.025360107421875 0.0709991455078125 -0.129974365234375 -0.174087524414062
0.0270233154296875 0.08526611328125 -0.105667114257812 -0.178054809570313
0.000518798828125007 0.08349609375 -0.0478363037109375 -0.171966552734375
-0.0380516052246094 0.06494140625 -0.004119873046875 -0.126235961914063
-0.0431251525878906 0.0473709106445313 0.0178031921386719 -0.0651321411132813
-0.0652046203613281 0.0185775756835937 -0.0197200775146484 7.4386596679685E-05
-0.0930938720703125 0.0168228149414062 -0.124618530273438 0.0559921264648438
-0.111412048339844 0.00864410400390624 -0.193801879882813 0.0131988525390625
-0.0237541198730469 -0.0479087829589844 0.22308349609375 -0.054412841796875
-0.0513343811035156 -0.0528640747070312 0.151107788085937 -0.0721282958984375
-0.0696792602539063 -0.00962066650390625 0.0115699768066406 -0.0305118560791016
-0.0445175170898438 0.02386474609375 -0.0229949951171875 0.0555000305175781
-0.0254192352294922 0.0266208648681641 -0.0122528076171875 0.120597839355469
-0.00635337829589844 0.0237998962402344 0.061279296875 0.184768676757812
0.0109329223632813 0.0256061553955078 0.139175415039063 0.1927490234375
0.00793075561523437 0.0228233337402344 0.160934448242188 0.172805786132813
0.0137710571289062 0.0131444931030273 0.150955200195313 0.179962158203125
0.0239124298095703 0.0210685729980469 0.094940185546875 0.1854248046875
0.0230140686035156 0.0388755798339844 0.047027587890625 0.126258850097656
0.000370025634765619 0.053619384765625 0.0378227233886719 0.0607223510742188
-0.0402412414550781 0.0444488525390625 0.100379943847656 0.0161666870117188
-0.0434455871582031 0.0106468200683594 0.237396240234375 -0.000335693359374999
-0.0155086517333984 -0.000633239746093752 0.33758544921875 0.15167236328125
-0.154937744140625 -0.0702362060546875 0.209869384765625 -0.0467529296875
-0.166061401367188 -0.059051513671875 0.151458740234375 -0.0572357177734375
-0.18389892578125 -0.002288818359375 0.0305747985839844 -0.0377273559570313
-0.136581420898438 0.0779190063476563 -0.0109710693359375 0.0374908447265625
-0.0785293579101563 0.106483459472656 -0.0160903930664063 0.0919189453125
-0.00992584228515626 0.125816345214844 0.051422119140625 0.16094970703125
0.0460281372070312 0.117050170898438 0.124176025390625 0.17340087890625
0.0455245971679687 0.1075439453125 0.14898681640625 0.151412963867188
0.0565948486328125 0.106109619140625 0.14208984375 0.155502319335938
0.0463333129882813 0.118873596191406 0.0974578857421875 0.161880493164063
0.0049591064453125 0.132904052734375 0.051910400390625 0.101463317871094
-0.043670654296875 0.138938903808594 0.0453300476074219 0.0432395935058594
-0.132759094238281 0.0906600952148438 0.106727600097656 -0.00285339355468749
-0.168380737304688 0.03118896484375 0.235626220703125 -0.004913330078125
-0.145111083984375 -0.00256347656250001 0.32757568359375 0.149017333984375
-0.2650146484375 -0.0859527587890625 0.156723022460937 -0.0537261962890625
-0.266036987304687 -0.059906005859375 0.123016357421875 -0.04443359375
-0.28057861328125 0.00642395019531244 0.0441932678222656 -0.0389289855957031
-0.216094970703125 0.123992919921875 0.00887393951416014 0.0162429809570313
-0.124526977539063 0.174285888671875 -0.00822830200195313 0.0482635498046875
-0.01483154296875 0.211654663085938 0.0394668579101563 0.108390808105469
0.0738067626953125 0.192352294921875 0.0927810668945313 0.123741149902344
0.0768585205078125 0.176498413085938 0.113510131835937 0.107940673828125
0.0956268310546875 0.183486938476563 0.109169006347656 0.11090087890625
0.07098388671875 0.202117919921875 0.0810775756835938 0.11883544921875
-0.00648498535156248 0.21514892578125 0.0444602966308594 0.0641899108886719
-0.0765380859375 0.214187622070313 0.0463371276855469 0.0198974609375
-0.207077026367187 0.134323120117188 0.100265502929688 -0.0166091918945312
-0.267868041992188 0.0537109374999999 0.203323364257812 0.0025482177734375
-0.2532958984375 -0.00115966796874997 0.275039672851563 0.141281127929688
-0.33599853515625 -0.08251953125 0.072235107421875 -0.0664901733398438
-0.32989501953125 -0.0441894531250001 0.0677871704101562 -0.0323638916015625
-0.335906982421875 0.02789306640625 0.0467643737792969 -0.03485107421875
-0.2591552734375 0.160079956054688 0.0274066925048828 -0.00777053833007811
-0.149215698242188 0.21978759765625 0.00189495086669921 -0.00436973571777342
-0.01507568359375 0.26708984375 0.0242347717285156 0.0377578735351563
0.0902557373046875 0.238082885742188 0.04888916015625 0.0549850463867188
0.0959930419921875 0.219314575195312 0.0615501403808594 0.0478515625
0.12017822265625 0.233657836914063 0.0586929321289063 0.0512847900390625
0.0840606689453125 0.256881713867188 0.0495948791503906 0.0591926574707031
-0.0171661376953125 0.26885986328125 0.0280342102050781 0.017049789428711
-0.0994110107421875 0.26123046875 0.0405540466308594 -0.00582504272460936
-0.254608154296875 0.15814208984375 0.0825576782226562 -0.0216140747070312
-0.32781982421875 0.068328857421875 0.147964477539062 0.0206146240234375
-0.31976318359375 0.00247192382812495 0.187225341796875 0.129165649414063
-0.35589599609375 -0.065185546875 -0.0339736938476563 -0.0824661254882813
-0.343353271484375 -0.01654052734375 -0.00578117370605471 -0.0215435028076172
-0.33685302734375 0.05084228515625 0.0357589721679687 -0.02679443359375
-0.254898071289063 0.175338745117187 0.0370903015136719 -0.0343246459960937
-0.142868041992187 0.231704711914063 0.00705718994140624 -0.0601348876953125
-0.00961303710937503 0.279632568359375 0.00165939331054687 -0.0399894714355469
0.0945587158203125 0.2476806640625 -0.00381851196289062 -0.023712158203125
0.10162353515625 0.228927612304688 3.81469726562581E-05 -0.0193653106689453
0.124740600585938 0.248428344726563 -0.00152397155761718 -0.0147275924682617
0.0817108154296875 0.272598266601563 0.00857830047607422 -0.00825595855712889
-0.0299835205078125 0.279800415039063 0.00528717041015625 -0.0329341888427734
-0.113754272460938 0.265029907226563 0.0296382904052734 -0.0313358306884765
-0.266143798828125 0.151687622070312 0.0573577880859375 -0.0185279846191406
-0.340240478515625 0.0658874511718749 0.076141357421875 0.0453414916992188
-0.33770751953125 0.00204467773437506 0.0786514282226562 0.1124267578125
-0.318634033203125 -0.0375671386718751 -0.1434326171875 -0.0955352783203125
-0.298583984375 0.00949096679687503 -0.0841903686523438 -0.0123291015625
-0.27972412109375 0.0613861083984375 0.0118007659912109 -0.0193557739257812
-0.207260131835938 0.1583251953125 0.0311203002929687 -0.0589027404785156
-0.114303588867188 0.203567504882813 0.00154876708984374 -0.105842590332031
-0.0012359619140625 0.247650146484375 -0.0276336669921875 -0.109336853027344
0.086029052734375 0.21954345703125 -0.0581207275390625 -0.0964126586914063
0.0917205810546875 0.2037353515625 -0.0602951049804688 -0.0844879150390625
0.10894775390625 0.225723266601562 -0.0575027465820313 -0.0808486938476562
0.061065673828125 0.245269775390625 -0.0296859741210937 -0.07525634765625
-0.04449462890625 0.244400024414063 -0.013031005859375 -0.0792312622070312
-0.113311767578125 0.220672607421875 0.0189437866210937 -0.0525779724121094
-0.237716674804688 0.114974975585937 0.0290946960449219 -0.0117835998535156
-0.299835205078125 0.04888916015625 -0.000522613525390646 0.0653839111328125
-0.304595947265625 0.00152587890624993 -0.0325088500976563 0.0890731811523438
-0.228607177734375 -0.00848388671874995 -0.2379150390625 -0.103591918945313
-0.203475952148438 0.0200653076171875 -0.153182983398438 -0.00640869140625002
-0.179656982421875 0.0467681884765625 -0.0176277160644531 -0.0104274749755859
-0.135078430175781 0.10650634765625 0.01300048828125 -0.07440185546875
-0.075958251953125 0.139656066894531 -0.0120315551757813 -0.133399963378906
0.00320434570312501 0.177902221679688 -0.0590972900390625 -0.158248901367188
0.0631866455078125 0.158279418945313 -0.108123779296875 -0.151840209960938
0.0684356689453125 0.147857666015625 -0.111732482910156 -0.136528015136719
0.0775604248046875 0.167922973632813 -0.100265502929688 -0.136955261230469
0.0347900390625 0.179367065429688 -0.0547103881835938 -0.132896423339844
-0.0478668212890625 0.168975830078125 -0.0192337036132813 -0.1136474609375
-0.090087890625 0.142913818359375 0.0138511657714844 -0.0664215087890625
-0.16827392578125 0.06658935546875 0.0023059844970703 -0.00397849082946777
-0.213546752929688 0.031463623046875 -0.0697174072265625 0.0730972290039063
-0.226898193359375 0.00578308105468751 -0.129341125488281 0.0601577758789062
-0.101844787597656 0.0128173828125 -0.3028564453125 -0.10711669921875
-0.0811691284179688 0.0100479125976563 -0.201583862304688 -0.00260925292968753
-0.0652389526367187 0.00862503051757812 -0.0452117919921875 0.00110244750976563
-0.0585365295410156 0.0302505493164062 -0.00905609130859375 -0.0761032104492188
-0.0397186279296875 0.0547904968261719 -0.02545166015625 -0.139457702636719
-0.00261688232421875 0.084747314453125 -0.0858306884765625 -0.180679321289063
0.027252197265625 0.0759201049804688 -0.145523071289062 -0.180892944335938
0.0357246398925781 0.0698776245117188 -0.147613525390625 -0.16705322265625
0.0384902954101563 0.0833816528320312 -0.124221801757813 -0.173187255859375
0.0122604370117188 0.0852737426757813 -0.0641632080078125 -0.170623779296875
-0.0296859741210937 0.071990966796875 -0.014617919921875 -0.128974914550781
-0.0372581481933594 0.05450439453125 0.0127830505371094 -0.068511962890625
-0.065826416015625 0.0290184020996094 -0.019805908203125 0.00419998168945313
-0.0953369140625 0.0299453735351563 -0.122299194335938 0.0699005126953125
-0.116783142089844 0.0207366943359375 -0.198699951171875 0.032073974609375
-0.0226097106933594 -0.0480880737304688 0.219757080078125 -0.072174072265625
-0.0537109375 -0.0525245666503906 0.144073486328125 -0.0848388671875
-0.0710678100585938 -0.00867462158203126 0.00881195068359375 -0.0324993133544922
-0.0457267761230469 0.0238914489746094 -0.0187530517578125 0.0553855895996094
-0.0270252227783203 0.0283374786376953 -0.00298309326171875 0.11871337890625
-0.0085906982421875 0.025177001953125 0.0750579833984375 0.176528930664063
0.00961685180664062 0.0261135101318359 0.151947021484375 0.179443359375
0.00743293762207031 0.0225982666015625 0.173538208007813 0.157745361328125
0.011540412902832 0.012639045715332 0.16522216796875 0.165664672851563
0.0226860046386719 0.0178928375244141 0.111648559570313 0.175537109375
0.0245304107666016 0.0343208312988281 0.0587692260742187 0.123069763183594
0.00464248657226562 0.0508651733398438 0.042938232421875 0.0600242614746094
-0.0333938598632813 0.0450668334960938 0.0993423461914063 0.00962066650390625
-0.0386085510253906 0.0124282836914062 0.232223510742188 -0.018096923828125
-0.0117015838623047 -0.000145912170410155 0.344390869140625 0.1265869140625
-0.154815673828125 -0.05889892578125 0.20843505859375 -0.064483642578125
-0.167587280273438 -0.049652099609375 0.14703369140625 -0.070281982421875
-0.184066772460938 0.00885009765625002 0.0277976989746094 -0.0410232543945313
-0.132354736328125 0.085052490234375 -0.00682067871093751 0.035919189453125
-0.0731887817382812 0.111473083496094 -0.00765228271484375 0.0896835327148438
-0.00342559814453125 0.12628173828125 0.063629150390625 0.152633666992188
0.05218505859375 0.1136474609375 0.13751220703125 0.159881591796875
0.0514755249023438 0.103080749511719 0.161056518554688 0.136337280273438
0.0626449584960938 0.101211547851563 0.155014038085938 0.141128540039063
0.0539779663085938 0.112983703613281 0.113250732421875 0.152633666992188
0.0148773193359375 0.130142211914063 0.0625228881835938 0.0985794067382813
-0.031524658203125 0.139808654785156 0.0500679016113281 0.0410118103027344
-0.123306274414063 0.0996170043945313 0.105476379394531 -0.00821685791015624
-0.162353515625 0.04345703125 0.231643676757813 -0.02166748046875
-0.142105102539063 0.0079498291015625 0.336212158203125 0.1248779296875
-0.266128540039063 -0.0650939941406251 0.156173706054687 -0.0673675537109375
-0.266754150390625 -0.041534423828125 0.121932983398437 -0.0557479858398438
-0.280471801757813 0.02679443359375 0.0426063537597656 -0.0431861877441406
-0.206497192382813 0.138015747070313 0.0125627517700195 0.0133047103881836
-0.111175537109375 0.182342529296875 -0.00331497192382813 0.0459022521972656
-0.000274658203125009 0.212417602539062 0.0482635498046875 0.101234436035156
0.086578369140625 0.185317993164063 0.102653503417969 0.113227844238281
0.089111328125 0.168594360351563 0.123863220214844 0.0954055786132813
0.109222412109375 0.174285888671875 0.11981201171875 0.10003662109375
0.086700439453125 0.193328857421875 0.0950851440429688 0.110755920410156
0.0111083984375 0.214035034179688 0.0531082153320313 0.0608062744140625
-0.058563232421875 0.218505859375 0.0496978759765625 0.0171966552734375
-0.19512939453125 0.149551391601563 0.0990447998046875 -0.0203628540039062
-0.261184692382813 0.0748138427734374 0.20166015625 -0.0104522705078125
-0.249465942382813 0.0181884765625 0.2855224609375 0.120574951171875
-0.339385986328125 -0.055267333984375 0.0723724365234375 -0.07440185546875
-0.3294677734375 -0.019195556640625 0.0698127746582031 -0.0394630432128906
-0.3343505859375 0.054290771484375 0.0462532043457031 -0.0388755798339844
-0.245986938476562 0.179489135742188 0.0303401947021484 -0.0122661590576172
-0.1307373046875 0.229629516601562 0.00290489196777343 -0.00728654861450194
0.00517272949218748 0.267257690429688 0.0279445648193359 0.0329303741455078
0.108184814453125 0.2283935546875 0.0544700622558594 0.0475540161132813
0.112579345703125 0.209793090820312 0.0675277709960938 0.0393218994140625
0.139114379882813 0.221954345703125 0.0645790100097656 0.0448074340820313
0.105712890625 0.247711181640625 0.0592613220214844 0.0535354614257813
0.00575256347656251 0.26910400390625 0.0329418182373047 0.0142364501953125
-0.078125 0.26812744140625 0.0425834655761719 -0.00831222534179686
-0.240478515625 0.178451538085937 0.0816879272460937 -0.0242156982421875
-0.32073974609375 0.0951232910156249 0.148788452148437 0.0112762451171875
-0.317413330078125 0.02740478515625 0.198516845703125 0.116424560546875
-0.3597412109375 -0.0355224609375 -0.0341033935546875 -0.0813674926757813
-0.3424072265625 0.01068115234375 -0.00246429443359377 -0.0225715637207031
-0.334625244140625 0.0802917480468749 0.0366096496582031 -0.0305023193359375
-0.24005126953125 0.196380615234375 0.038360595703125 -0.0385475158691406
-0.123001098632812 0.241928100585938 0.00415039062499999 -0.0620498657226562
0.013397216796875 0.279281616210937 -0.000305175781249997 -0.0426712036132812
0.114669799804687 0.236907958984375 -0.00334548950195312 -0.025787353515625
0.11944580078125 0.218170166015625 0.00145721435546876 -0.0223922729492187
0.145919799804688 0.235870361328125 -0.000281333923339836 -0.0157232284545898
0.10540771484375 0.262786865234375 0.0120153427124024 -0.00971412658691405
-0.00567626953125 0.281494140625 0.00529670715332031 -0.0339641571044922
-0.0906829833984375 0.273895263671875 0.0293960571289062 -0.0337085723876953
-0.25360107421875 0.174301147460938 0.0574302673339844 -0.0199813842773437
-0.33447265625 0.0946960449218749 0.079833984375 0.041534423828125
-0.335906982421875 0.0286865234375001 0.0894317626953125 0.107627868652344
-0.32232666015625 -0.0111999511718749 -0.144058227539063 -0.0865325927734375
-0.298248291015625 0.034912109375 -0.0797348022460938 -0.00656890869140624
-0.276153564453125 0.0885467529296875 0.0143909454345703 -0.0208244323730469
-0.193771362304688 0.177276611328125 0.0308494567871094 -0.062713623046875
-0.0951385498046875 0.212738037109375 -0.00594329833984375 -0.10662841796875
0.0211639404296875 0.247055053710937 -0.0347976684570312 -0.1082763671875
0.105575561523438 0.208877563476563 -0.0633163452148438 -0.093017578125
0.109054565429688 0.193603515625 -0.0642013549804688 -0.081817626953125
0.128692626953125 0.213638305664063 -0.0619354248046875 -0.0764389038085937
0.0838165283203125 0.237518310546875 -0.0316390991210937 -0.0730972290039062
-0.0215911865234375 0.247940063476562 -0.0166091918945313 -0.0783843994140625
-0.093658447265625 0.230316162109375 0.0165939331054687 -0.0544357299804687
-0.22796630859375 0.136795043945312 0.0296592712402344 -0.0115337371826172
-0.296478271484375 0.075164794921875 0.00578308105468749 0.0665245056152344
-0.304473876953125 0.0263671875 -0.0232925415039063 0.0927047729492188
-0.231765747070313 0.0107574462890625 -0.240081787109375 -0.0880737304687499
-0.203536987304688 0.038818359375 -0.147811889648438 0.0049285888671875
-0.178680419921875 0.066436767578125 -0.0143623352050781 -0.0107955932617187
-0.125892639160156 0.120674133300781 0.0101699829101562 -0.0769577026367187
-0.061279296875 0.147232055664063 -0.0222702026367187 -0.131599426269531
0.0203094482421875 0.177871704101563 -0.0707550048828125 -0.15350341796875
0.0785675048828125 0.151077270507813 -0.11773681640625 -0.143295288085937
0.0825653076171875 0.1392822265625 -0.119773864746094 -0.128135681152344
0.093658447265625 0.158843994140625 -0.109306335449219 -0.128273010253906
0.0522613525390625 0.174407958984375 -0.0625381469726563 -0.127235412597656
-0.0301666259765625 0.173004150390625 -0.0270462036132813 -0.111701965332031
-0.075286865234375 0.151199340820312 0.00991439819335937 -0.0673332214355468
-0.161773681640625 0.08294677734375 0.00379228591918944 -0.00204467773437499
-0.211578369140625 0.0525665283203125 -0.0624160766601563 0.0801773071289063
-0.227294921875 0.02569580078125 -0.123023986816406 0.0709075927734375
-0.105087280273438 0.0218963623046875 -0.305877685546875 -0.086700439453125
-0.0838165283203125 0.0186691284179687 -0.196578979492188 0.0121307373046875
-0.0678596496582031 0.0181159973144531 -0.0415802001953125 0.0023956298828125
-0.0558662414550781 0.0390701293945313 -0.0132064819335938 -0.0769882202148437
-0.0326423645019531 0.0607147216796875 -0.0370330810546875 -0.136695861816406
0.0072174072265625 0.085662841796875 -0.1002197265625 -0.17291259765625
0.0362930297851563 0.0728530883789063 -0.157760620117187 -0.168609619140625
0.0438919067382813 0.0646781921386719 -0.157867431640625 -0.15423583984375
0.0484466552734375 0.0779800415039063 -0.136260986328125 -0.160964965820313
0.0236053466796875 0.08258056640625 -0.0755767822265625 -0.163101196289062
-0.0199203491210938 0.0748291015625 -0.02447509765625 -0.126800537109375
-0.0296745300292969 0.0586814880371094 0.0076904296875 -0.0682868957519531
-0.0620880126953125 0.0385360717773437 -0.0188446044921875 0.00832557678222656
-0.094207763671875 0.041656494140625 -0.115272521972656 0.0811386108398438
-0.117317199707031 0.0327224731445313 -0.195404052734375 0.0487213134765625
-0.0198936462402344 -0.0497245788574219 0.213882446289063 -0.082061767578125
-0.0545806884765625 -0.0543098449707031 0.137001037597656 -0.0919723510742188
-0.0720443725585938 -0.00969696044921875 0.00631332397460937 -0.0329055786132813
-0.0480575561523438 0.0229949951171875 -0.0165786743164062 0.0532341003417969
-0.0294609069824219 0.0293636322021484 0.00262451171874999 0.114173889160156
-0.0111885070800781 0.0272140502929688 0.0810546875 0.167083740234375
0.00754165649414062 0.0270957946777344 0.157470703125 0.167129516601563
0.00542449951171875 0.0233917236328125 0.177627563476563 0.144851684570313
0.00864982604980469 0.0131301879882812 0.170989990234375 0.152755737304687
0.0197887420654297 0.0150470733642578 0.119796752929688 0.166091918945313
0.0241775512695312 0.0292263031005859 0.0660171508789063 0.119369506835938
0.00649261474609375 0.0468711853027344 0.0457496643066406 0.0592575073242187
-0.0277061462402344 0.0431900024414063 0.0963973999023438 0.00724029541015625
-0.0336246490478516 0.0118427276611328 0.22314453125 -0.0273895263671875
-0.00759172439575195 -0.00122499465942383 0.342132568359375 0.11090087890625
-0.150482177734375 -0.05303955078125 0.2044677734375 -0.07470703125
-0.165130615234375 -0.0454559326171875 0.142364501953125 -0.0782928466796875
-0.182601928710937 0.01373291015625 0.0261802673339844 -0.0425338745117188
-0.129791259765625 0.08758544921875 -0.00399780273437501 0.0333499908447266
-0.069732666015625 0.113388061523438 -0.00330352783203126 0.0857391357421875
-0.000602722167968757 0.126480102539063 0.0688323974609375 0.143402099609375
0.054046630859375 0.110191345214844 0.142135620117188 0.148239135742188
0.0524368286132813 0.0995407104492188 0.164947509765625 0.123519897460937
0.0638351440429688 0.0967483520507813 0.160552978515625 0.129135131835938
0.0571517944335937 0.1068115234375 0.121902465820313 0.1427001953125
0.0203628540039063 0.1243896484375 0.069000244140625 0.093658447265625
-0.0242233276367188 0.136940002441406 0.0527076721191406 0.0397911071777344
-0.1138916015625 0.102706909179687 0.102508544921875 -0.01025390625
-0.15447998046875 0.0494842529296875 0.223800659179688 -0.029541015625
-0.135459899902344 0.0135498046875 0.336456298828125 0.109344482421875
-0.260940551757813 -0.0523834228515625 0.154083251953125 -0.075592041015625
-0.261520385742188 -0.0317840576171875 0.119239807128906 -0.0630035400390625
-0.275665283203125 0.0388031005859375 0.0410614013671875 -0.0459327697753906
-0.198822021484375 0.144210815429688 0.0148162841796875 0.00922489166259766
-0.103103637695312 0.184051513671875 -0.000286102294921877 0.041961669921875
0.00781249999999999 0.209808349609375 0.0524063110351563 0.0936126708984375
0.0926971435546875 0.177490234375 0.107177734375 0.10296630859375
0.093780517578125 0.160888671875 0.126663208007813 0.0840530395507813
0.1151123046875 0.165328979492188 0.124786376953125 0.089996337890625
0.0938873291015625 0.18402099609375 0.103004455566406 0.102127075195313
0.022430419921875 0.207962036132812 0.058624267578125 0.0569801330566406
-0.046173095703125 0.216720581054688 0.0525169372558594 0.0159721374511719
-0.182907104492188 0.15582275390625 0.0971298217773438 -0.021575927734375
-0.251861572265625 0.0866546630859375 0.1966552734375 -0.017486572265625
-0.241897583007813 0.0288848876953124 0.287384033203125 0.10772705078125
-0.33355712890625 -0.0383911132812501 0.07257080078125 -0.0791244506835938
-0.32208251953125 -0.00451660156249993 0.0702552795410156 -0.0448188781738281
-0.32757568359375 0.071197509765625 0.0465087890625 -0.04193115234375
-0.23382568359375 0.187347412109375 0.0327014923095703 -0.0165939331054687
-0.117752075195312 0.230987548828125 0.00398731231689452 -0.00983047485351561
0.0178375244140625 0.263198852539063 0.0292625427246094 0.0279788970947266
0.11676025390625 0.218429565429688 0.0571823120117188 0.0412216186523438
0.120376586914062 0.199356079101562 0.0700416564941406 0.0318870544433594
0.148056030273437 0.209442138671875 0.0681648254394531 0.0389976501464844
0.11767578125 0.23583984375 0.0653190612792969 0.0477256774902344
0.020599365234375 0.264358520507813 0.0366287231445313 0.0118522644042969
-0.0626983642578125 0.267807006835938 0.0438194274902344 -0.00973510742187499
-0.22735595703125 0.187667846679688 0.0811843872070312 -0.0244827270507812
-0.31121826171875 0.110626220703125 0.1474609375 0.00613403320312501
-0.309356689453125 0.041534423828125 0.203369140625 0.106536865234375
-0.354644775390625 -0.015869140625 -0.0314254760742188 -0.0819625854492188
-0.334503173828125 0.0278930664062501 0.00155067443847654 -0.0240554809570313
-0.32623291015625 0.099395751953125 0.0381126403808594 -0.0332984924316406
-0.226470947265625 0.206436157226563 0.0399322509765625 -0.0435562133789062
-0.10797119140625 0.2427978515625 0.00276565551757812 -0.0632400512695313
0.0281982421875 0.274703979492187 -0.00156784057617187 -0.0439033508300781
0.125534057617188 0.22613525390625 -0.0027484893798828 -0.0282402038574219
0.12841796875 0.206695556640625 0.00225257873535157 -0.0253677368164062
0.156509399414063 0.222564697265625 0.00169563293457032 -0.0175819396972656
0.119491577148438 0.251251220703125 0.0157527923583984 -0.0116491317749023
0.0116119384765625 0.278549194335938 0.00658416748046875 -0.0352706909179687
-0.074462890625 0.274078369140625 0.0294895172119141 -0.0347194671630859
-0.24139404296875 0.185211181640625 0.0575408935546875 -0.0192375183105469
-0.325042724609375 0.111419677734375 0.0817947387695312 0.0387954711914063
-0.328521728515625 0.0440673828124999 0.0962982177734375 0.10296630859375
-0.319061279296875 0.00741577148437503 -0.139915466308594 -0.0813827514648438
-0.291107177734375 0.050994873046875 -0.0724868774414063 -0.00471496582031249
-0.269973754882812 0.1063232421875 0.0170841217041015 -0.0234107971191406
-0.180633544921875 0.1875 0.03076171875 -0.0656547546386719
-0.080657958984375 0.213851928710938 -0.00917816162109375 -0.105361938476562
0.035919189453125 0.242111206054688 -0.0386886596679687 -0.1064453125
0.115936279296875 0.198486328125 -0.0647354125976562 -0.0912017822265625
0.117889404296875 0.183181762695313 -0.0649871826171875 -0.0795745849609375
0.13958740234375 0.201751708984375 -0.06195068359375 -0.0726089477539062
0.0985260009765625 0.227401733398437 -0.0307540893554687 -0.0718154907226562
-0.00497436523437502 0.245468139648437 -0.0186767578125 -0.0780715942382813
-0.0783233642578125 0.2320556640625 0.0157890319824219 -0.0546760559082031
-0.218154907226563 0.1483154296875 0.030923843383789 -0.00993728637695311
-0.288787841796875 0.092193603515625 0.0107612609863281 0.0666961669921875
-0.298828125 0.0411376953125 -0.0157089233398438 0.093780517578125
-0.230758666992188 0.023712158203125 -0.235565185546875 -0.0785980224609375
-0.2005615234375 0.051116943359375 -0.139442443847656 0.0102767944335938
-0.1756591796875 0.0802764892578125 -0.0107059478759766 -0.0122318267822266
-0.116050720214844 0.129570007324219 0.00939178466796874 -0.0784454345703125
-0.049835205078125 0.148818969726563 -0.0274429321289063 -0.129432678222656
0.031951904296875 0.174301147460937 -0.076263427734375 -0.147872924804688
0.08831787109375 0.142608642578125 -0.120811462402344 -0.136253356933594
0.0897750854492188 0.131111145019531 -0.122154235839844 -0.122001647949219
0.103103637695313 0.148773193359375 -0.1119384765625 -0.120620727539062
0.064605712890625 0.166412353515625 -0.0640792846679687 -0.122428894042969
-0.0169525146484375 0.172134399414063 -0.0302505493164062 -0.109321594238281
-0.064117431640625 0.153976440429688 0.00727844238281249 -0.0664405822753906
-0.154647827148438 0.0936431884765625 0.00532293319702147 0.000116348266601568
-0.206924438476562 0.0665740966796875 -0.0557174682617188 0.0830001831054687
-0.22369384765625 0.0385894775390625 -0.1158447265625 0.0765457153320313
-0.107353210449219 0.0287551879882812 -0.30157470703125 -0.0747985839843751
-0.0853271484375 0.0255050659179688 -0.188232421875 0.01953125
-0.0692825317382812 0.0269889831542969 -0.0373153686523438 0.0013427734375
-0.0524673461914063 0.0460624694824219 -0.01495361328125 -0.0776596069335937
-0.0255393981933594 0.0630645751953125 -0.0436477661132813 -0.132492065429688
0.0151214599609375 0.0843276977539063 -0.106658935546875 -0.164962768554688
0.0429649353027344 0.0678863525390625 -0.162246704101563 -0.158157348632812
0.0482635498046875 0.0596961975097656 -0.161834716796875 -0.144180297851563
0.054962158203125 0.0713043212890625 -0.140869140625 -0.150863647460938
0.0312271118164063 0.0781707763671875 -0.08056640625 -0.1556396484375
-0.0121383666992187 0.0749130249023438 -0.02960205078125 -0.122360229492188
-0.0227775573730469 0.0605697631835938 0.00469589233398438 -0.0672340393066406
-0.0580863952636719 0.0449180603027344 -0.0168628692626953 0.0111303329467773
-0.0918350219726562 0.0513687133789063 -0.108207702636719 0.0868377685546875
-0.116020202636719 0.0415725708007812 -0.189849853515625 0.0587615966796875
-0.0164451599121094 -0.0529327392578125 0.21209716796875 -0.0873565673828125
-0.0552406311035156 -0.0589714050292969 0.133262634277344 -0.0963058471679687
-0.074859619140625 -0.013519287109375 0.00497627258300781 -0.0341167449951172
-0.0520477294921875 0.0212669372558594 -0.0155220031738281 0.0518722534179688
-0.0334606170654297 0.0311050415039063 0.00469970703125001 0.110946655273438
-0.0145645141601562 0.0299911499023438 0.0833282470703125 0.162002563476562
0.00507164001464844 0.0296497344970703 0.159866333007813 0.161117553710938
0.00290870666503906 0.0243339538574219 0.179443359375 0.138336181640625
0.00531291961669922 0.0140933990478516 0.174392700195313 0.145828247070313
0.0162630081176758 0.014256477355957 0.125259399414063 0.161163330078125
0.0224399566650391 0.0256061553955078 0.0710830688476563 0.118431091308594
0.00715255737304688 0.0426673889160156 0.0476493835449219 0.0600395202636719
-0.023956298828125 0.03985595703125 0.09429931640625 0.00662994384765625
-0.0288677215576172 0.00942611694335938 0.217361450195313 -0.0309906005859375
-0.00279116630554199 -0.00295209884643555 0.339202880859375 0.1058349609375
-0.14642333984375 -0.05181884765625 0.204254150390625 -0.0804595947265625
-0.164230346679688 -0.046905517578125 0.140350341796875 -0.0840072631835938
-0.184051513671875 0.0147857666015625 0.025054931640625 -0.0447311401367188
-0.13092041015625 0.0884323120117188 -0.00233078002929688 0.0302314758300781
-0.07110595703125 0.114532470703125 -0.001373291015625 0.081756591796875
-0.000648498535156241 0.128143310546875 0.0713119506835938 0.137672424316406
0.0539169311523438 0.109886169433594 0.144882202148438 0.141357421875
0.052001953125 0.098114013671875 0.167266845703125 0.116256713867188
0.0638198852539062 0.0954208374023437 0.164306640625 0.122161865234375
0.056884765625 0.103782653808594 0.127784729003906 0.136978149414063
0.0224456787109375 0.121597290039063 0.0748214721679688 0.0914535522460938
-0.020782470703125 0.134765625 0.05560302734375 0.0407562255859375
-0.108596801757812 0.102073669433594 0.101860046386719 -0.00918579101562499
-0.14892578125 0.0518798828125 0.21954345703125 -0.0328826904296875
-0.130386352539063 0.0148162841796875 0.336761474609375 0.103424072265625
-0.257308959960938 -0.0472869873046875 0.15576171875 -0.0818939208984375
-0.258987426757812 -0.0292510986328125 0.119308471679687 -0.06878662109375
-0.274887084960938 0.0435333251953125 0.0416107177734375 -0.0484199523925781
-0.196853637695312 0.146835327148438 0.017587661743164 0.00492858886718751
-0.101470947265625 0.184951782226563 0.00158691406249999 0.0383453369140625
0.01104736328125 0.210159301757812 0.0538711547851563 0.0883026123046875
0.09442138671875 0.1751708984375 0.109992980957031 0.0957794189453125
0.0956268310546875 0.158370971679688 0.129470825195313 0.0775299072265625
0.117279052734375 0.161529541015625 0.128570556640625 0.083587646484375
0.0975494384765625 0.179290771484375 0.109153747558594 0.0964279174804688
0.027618408203125 0.205795288085937 0.0636062622070313 0.0537948608398438
-0.0406036376953125 0.215805053710938 0.0552749633789063 0.0158500671386719
-0.177261352539063 0.158721923828125 0.0974960327148437 -0.0203628540039062
-0.246170043945313 0.0926055908203125 0.194671630859375 -0.0197906494140625
-0.236709594726563 0.033233642578125 0.29058837890625 0.10272216796875
-0.32989501953125 -0.030242919921875 0.076171875 -0.084320068359375
-0.318389892578125 0.00213623046874993 0.072784423828125 -0.0493240356445313
-0.32489013671875 0.07916259765625 0.0479583740234375 -0.0453567504882812
-0.2293701171875 0.192733764648438 0.0352020263671875 -0.0215072631835937
-0.112457275390625 0.232101440429687 0.00525093078613281 -0.0134038925170898
0.0238189697265625 0.261856079101563 0.0299472808837891 0.0230350494384766
0.121444702148438 0.213729858398438 0.0592155456542969 0.0351905822753906
0.123825073242188 0.194747924804688 0.0714340209960938 0.0263595581054688
0.152435302734375 0.203643798828125 0.0717086791992188 0.034027099609375
0.124130249023438 0.2298583984375 0.0707626342773438 0.0427169799804688
0.0288543701171875 0.262069702148438 0.0404319763183594 0.00907135009765627
-0.0541534423828125 0.26788330078125 0.0463447570800781 -0.0104522705078125
-0.222396850585938 0.19317626953125 0.0824966430664062 -0.0228652954101562
-0.306610107421875 0.119598388671875 0.147964477539062 0.00512695312500001
-0.304107666015625 0.047698974609375 0.208328247070312 0.102951049804688
-0.353057861328125 -0.00585937500000005 -0.0268783569335938 -0.0853118896484375
-0.331573486328125 0.0362548828125001 0.00630187988281248 -0.0274028778076172
-0.323272705078125 0.111175537109375 0.0404396057128906 -0.0369644165039062
-0.219711303710937 0.213272094726563 0.0422744750976562 -0.0482521057128906
-0.100738525390625 0.244277954101562 0.00296401977539062 -0.0655021667480469
0.0361175537109375 0.272018432617188 -0.00231552124023437 -0.0465736389160156
0.130874633789063 0.220230102539063 -0.00207901000976562 -0.03167724609375
0.133285522460938 0.201339721679688 0.00358200073242188 -0.0287513732910156
0.162521362304688 0.214584350585938 0.00366210937500001 -0.0194435119628906
0.12811279296875 0.24456787109375 0.0205459594726563 -0.0151710510253906
0.021697998046875 0.27685546875 0.00886917114257813 -0.0376510620117187
-0.0655670166015625 0.275909423828125 0.0307464599609375 -0.0358123779296875
-0.235977172851563 0.192581176757812 0.0600242614746094 -0.0176658630371094
-0.321136474609375 0.122711181640625 0.0849533081054687 0.0382614135742188
-0.32562255859375 0.05279541015625 0.102424621582031 0.101539611816406
-0.31964111328125 0.0168457031249999 -0.135810852050781 -0.082427978515625
-0.289215087890625 0.060211181640625 -0.066253662109375 -0.00598907470703126
-0.267044067382813 0.119384765625 0.0205287933349609 -0.0260143280029297
-0.173477172851563 0.195205688476562 0.032958984375 -0.0698814392089844
-0.0729217529296875 0.2152099609375 -0.0104522705078125 -0.105987548828125
0.0443572998046875 0.239532470703125 -0.0401153564453125 -0.106666564941406
0.122909545898437 0.192474365234375 -0.0654983520507813 -0.0919036865234375
0.123245239257813 0.17694091796875 -0.0648040771484375 -0.0807037353515625
0.146728515625 0.193435668945313 -0.0613555908203125 -0.0727081298828125
0.108428955078125 0.220993041992188 -0.0278167724609375 -0.0729293823242187
0.005035400390625 0.244552612304688 -0.0179901123046875 -0.0792388916015625
-0.0693511962890625 0.234466552734375 0.0163002014160156 -0.0556297302246094
-0.213729858398438 0.156845092773437 0.0331974029541015 -0.00896263122558593
-0.286163330078125 0.104278564453125 0.0143051147460937 0.0676651000976563
-0.296630859375 0.05029296875 -0.0100250244140625 0.0941238403320312
-0.233383178710937 0.0321044921875 -0.231781005859375 -0.0771942138671875
-0.201553344726562 0.0590057373046875 -0.132781982421875 0.0102615356445312
-0.174484252929688 0.092132568359375 -0.00717449188232423 -0.0152091979980469
-0.110786437988281 0.136337280273438 0.00988006591796874 -0.0814285278320312
-0.0429840087890625 0.150726318359375 -0.0295181274414063 -0.12884521484375
0.04058837890625 0.17193603515625 -0.0794677734375 -0.146209716796875
0.0943984985351563 0.136749267578125 -0.12286376953125 -0.134880065917969
0.0952682495117188 0.125823974609375 -0.123802185058594 -0.120529174804687
0.110153198242188 0.141433715820313 -0.112403869628906 -0.11785888671875
0.073150634765625 0.160751342773438 -0.063629150390625 -0.121505737304687
-0.00756835937500001 0.1717529296875 -0.0315093994140625 -0.109100341796875
-0.0561981201171875 0.1558837890625 0.00664520263671874 -0.0668754577636719
-0.15106201171875 0.101821899414062 0.00774526596069335 0.00222396850585938
-0.204864501953125 0.076629638671875 -0.0516357421875 0.085662841796875
-0.223190307617187 0.0466156005859375 -0.110916137695313 0.0803298950195312
-0.110443115234375 0.0334701538085938 -0.299560546875 -0.0714416503906251
-0.0879974365234375 0.031463623046875 -0.182098388671875 0.0206298828125
-0.070648193359375 0.0351943969726563 -0.0346546173095703 -0.00203895568847656
-0.0494918823242188 0.0522193908691406 -0.0157470703125 -0.0797119140625
-0.0210494995117188 0.0652046203613281 -0.0467071533203125 -0.131401062011719
0.0212860107421875 0.0839462280273438 -0.110336303710938 -0.161407470703125
0.0478897094726563 0.0643539428710938 -0.16534423828125 -0.153839111328125
0.0531501770019531 0.0562095642089844 -0.163589477539063 -0.140090942382812
0.0599899291992187 0.0659217834472656 -0.142501831054687 -0.146209716796875
0.0374374389648438 0.0741806030273438 -0.0813751220703125 -0.152175903320313
-0.00489807128906251 0.07476806640625 -0.0315704345703125 -0.121070861816406
-0.0168190002441406 0.0624580383300781 0.00367736816406251 -0.0665550231933594
-0.0549125671386719 0.051422119140625 -0.0148591995239258 0.0136680603027344
-0.0901260375976563 0.0598526000976562 -0.103706359863281 0.09136962890625
-0.116569519042969 0.047882080078125 -0.186355590820313 0.0652008056640625
-0.012847900390625 -0.0589790344238281 0.215835571289063 -0.095123291015625
-0.0587234497070312 -0.0654258728027344 0.133094787597656 -0.10211181640625
-0.0808868408203125 -0.0174102783203125 0.00363540649414062 -0.0357704162597656
-0.0587348937988281 0.0210990905761719 -0.0160903930664063 0.0511589050292969
-0.0388603210449219 0.0342216491699219 0.00492858886718749 0.110908508300781
-0.0182342529296875 0.0347747802734375 0.0865478515625 0.16143798828125
0.00249862670898438 0.0340061187744141 0.164947509765625 0.160598754882813
0.000684738159179688 0.0268516540527344 0.184783935546875 0.135635375976563
0.0021820068359375 0.0163345336914063 0.180557250976563 0.144210815429688
0.0120744705200195 0.0139265060424805 0.13201904296875 0.160842895507813
0.0201492309570312 0.0225563049316406 0.0778350830078125 0.119781494140625
0.0070037841796875 0.0396995544433594 0.0514640808105469 0.0631294250488281
-0.0201225280761719 0.0361747741699219 0.094390869140625 0.00799560546875
-0.0248584747314453 0.00607109069824219 0.216812133789063 -0.0324859619140625
0.00221729278564453 -0.00582218170166016 0.34564208984375 0.10595703125
-0.1446533203125 -0.055511474609375 0.209930419921875 -0.089385986328125
-0.167556762695313 -0.0506439208984375 0.142242431640625 -0.09112548828125
-0.191177368164063 0.0142059326171875 0.0250701904296875 -0.0474205017089844
-0.137130737304687 0.0906219482421875 -0.00149154663085939 0.0277900695800781
-0.0750656127929687 0.11968994140625 -0.0013580322265625 0.0801849365234375
-0.00131988525390624 0.133468627929688 0.0734481811523437 0.135284423828125
0.0541534423828125 0.114219665527344 0.150054931640625 0.13861083984375
0.0523834228515625 0.101478576660156 0.17254638671875 0.112808227539062
0.0642776489257813 0.0969085693359375 0.171600341796875 0.118255615234375
0.0571441650390625 0.103546142578125 0.135726928710938 0.134773254394531
0.0233612060546875 0.120643615722656 0.0821914672851563 0.0915756225585938
-0.019195556640625 0.134742736816406 0.0605278015136719 0.0421142578125
-0.106376647949219 0.102584838867187 0.103851318359375 -0.00789642333984374
-0.147628784179688 0.05316162109375 0.221710205078125 -0.0344696044921875
-0.12799072265625 0.0148391723632812 0.34576416015625 0.10308837890625
-0.258499145507813 -0.0466461181640625 0.162216186523437 -0.090789794921875
-0.26263427734375 -0.0302581787109375 0.122581481933594 -0.0756912231445313
-0.281768798828125 0.047943115234375 0.0423660278320312 -0.0528030395507813
-0.202239990234375 0.15277099609375 0.0191936492919922 -5.72204589843656E-05
-0.103530883789062 0.191055297851563 0.00253677368164062 0.0349483489990235
0.013824462890625 0.21612548828125 0.0557174682617187 0.0846939086914063
0.0980377197265625 0.177520751953125 0.113990783691406 0.09295654296875
0.0979766845703125 0.159774780273438 0.133941650390625 0.0725555419921875
0.120834350585938 0.162017822265625 0.1346435546875 0.0794448852539063
0.101516723632813 0.1787109375 0.116905212402344 0.093048095703125
0.0320281982421875 0.206893920898437 0.0699043273925781 0.0522003173828125
-0.0363616943359375 0.218719482421875 0.0604362487792969 0.0167160034179688
-0.176498413085938 0.163726806640625 0.101493835449219 -0.0185165405273437
-0.246810913085938 0.098541259765625 0.199234008789062 -0.0205078125
-0.237075805664063 0.035980224609375 0.301422119140625 0.102630615234375
-0.3338623046875 -0.025970458984375 0.08184814453125 -0.0930328369140625
-0.32342529296875 0.00415039062500003 0.07666015625 -0.056365966796875
-0.33056640625 0.0874633789062501 0.0500984191894531 -0.0502548217773438
-0.2320556640625 0.201400756835938 0.0383644104003906 -0.0277900695800781
-0.1121826171875 0.2384033203125 0.00602722167968749 -0.0177173614501953
0.0291290283203125 0.267349243164063 0.0306186676025391 0.018707275390625
0.126480102539063 0.2152099609375 0.0614128112792969 0.0305366516113281
0.128997802734375 0.1951904296875 0.0750732421875 0.0215225219726563
0.159149169921875 0.203048706054688 0.0761871337890625 0.0302581787109375
0.131607055664063 0.229232788085937 0.0776290893554688 0.038543701171875
0.0355682373046875 0.265426635742188 0.0449867248535156 0.00595092773437502
-0.049530029296875 0.27392578125 0.0501441955566406 -0.0115165710449219
-0.22235107421875 0.201934814453125 0.0876541137695312 -0.0216293334960937
-0.309356689453125 0.12884521484375 0.153610229492187 0.00498962402343751
-0.30804443359375 0.052154541015625 0.218002319335937 0.102325439453125
-0.35821533203125 0.00103759765624992 -0.0226287841796875 -0.0924606323242188
-0.335418701171875 0.04302978515625 0.0112209320068359 -0.0319004058837891
-0.326812744140625 0.12255859375 0.0439529418945312 -0.0419120788574219
-0.218780517578125 0.223968505859375 0.0460395812988281 -0.05450439453125
-0.0973663330078125 0.250778198242188 0.00339508056640624 -0.0703125
0.044403076171875 0.276519775390625 -0.00207901000976563 -0.0513534545898437
0.138198852539063 0.22021484375 -0.00154495239257812 -0.0358352661132812
0.140243530273438 0.201919555664063 0.0036754608154297 -0.0334720611572265
0.171524047851563 0.213546752929688 0.00617599487304689 -0.0234870910644531
0.138198852539062 0.243576049804688 0.0254058837890625 -0.0199813842773437
0.030029296875 0.28131103515625 0.0120391845703125 -0.0413894653320312
-0.0594482421875 0.283355712890625 0.0336456298828125 -0.0377197265625
-0.236679077148437 0.203048706054688 0.0651473999023437 -0.0162086486816406
-0.324859619140625 0.13433837890625 0.0902252197265625 0.0385665893554688
-0.329803466796875 0.058746337890625 0.110702514648438 0.101936340332031
-0.3267822265625 0.0259094238281251 -0.134140014648438 -0.0876083374023437
-0.29449462890625 0.06976318359375 -0.0618057250976563 -0.00937271118164063
-0.268951416015625 0.132736206054687 0.0248584747314453 -0.0311203002929687
-0.171142578125 0.206405639648437 0.0360946655273437 -0.0768966674804687
-0.0671539306640625 0.221389770507813 -0.0111236572265625 -0.111297607421875
0.0544891357421875 0.242782592773438 -0.0417633056640625 -0.1107177734375
0.130462646484375 0.19091796875 -0.0668792724609375 -0.0954055786132812
0.13092041015625 0.17633056640625 -0.0658416748046875 -0.0840377807617187
0.156158447265625 0.19085693359375 -0.0608062744140625 -0.0753402709960937
0.118606567382812 0.219085693359375 -0.025482177734375 -0.0770339965820312
0.01397705078125 0.248886108398438 -0.01751708984375 -0.0829315185546875
-0.0630950927734375 0.24188232421875 0.0172576904296875 -0.0584068298339844
-0.214080810546875 0.168014526367187 0.0375099182128906 -0.00723266601562499
-0.29010009765625 0.11669921875 0.0189743041992187 0.0700340270996094
-0.302154541015625 0.0577392578125 -0.00403594970703127 0.0961074829101563
-0.241058349609375 0.04071044921875 -0.233474731445313 -0.08013916015625
-0.20623779296875 0.0680084228515625 -0.130035400390625 0.00896453857421874
-0.175872802734375 0.104782104492187 -0.00420188903808595 -0.0198574066162109
-0.10687255859375 0.147186279296875 0.0111541748046875 -0.087432861328125
-0.0375213623046875 0.156082153320313 -0.0316848754882813 -0.132522583007813
0.049530029296875 0.173812866210938 -0.083160400390625 -0.148910522460938
0.101966857910156 0.134620666503906 -0.126792907714844 -0.13641357421875
0.102272033691406 0.123382568359375 -0.127029418945313 -0.121551513671875
0.117713928222656 0.137535095214844 -0.115104675292969 -0.119659423828125
0.0826263427734375 0.158493041992188 -0.0633010864257813 -0.124771118164063
0.000488281249999983 0.174407958984375 -0.0329360961914063 -0.112007141113281
-0.0492095947265625 0.160629272460938 0.00706863403320312 -0.0689506530761718
-0.150009155273437 0.111083984375 0.0102005004882812 0.00412845611572266
-0.207244873046875 0.08953857421875 -0.0476913452148438 0.0895233154296875
-0.228103637695312 0.0544891357421875 -0.1085205078125 0.0843429565429688
-0.117263793945313 0.039794921875 -0.303955078125 -0.0729980468750001
-0.0922470092773437 0.0380477905273438 -0.181228637695312 0.0211639404296875
-0.0721588134765625 0.0452728271484375 -0.0330333709716797 -0.00617218017578124
-0.0465965270996094 0.0601844787597656 -0.0171890258789063 -0.0842971801757813
-0.0164260864257812 0.0687217712402344 -0.0504074096679688 -0.134803771972656
0.0278701782226563 0.0847244262695313 -0.115859985351562 -0.162353515625
0.054443359375 0.0612525939941406 -0.17132568359375 -0.15399169921875
0.0585594177246094 0.0523567199707031 -0.16839599609375 -0.14031982421875
0.0652046203613281 0.0621376037597656 -0.145492553710938 -0.14605712890625
0.0442428588867188 0.0704803466796875 -0.0838165283203125 -0.154022216796875
0.00161743164062501 0.074920654296875 -0.0338973999023438 -0.122840881347656
-0.0111007690429687 0.0645256042480469 0.003204345703125 -0.0669288635253906
-0.0515785217285156 0.0585670471191406 -0.0123910903930664 0.0168380737304688
-0.0900344848632813 0.0704345703125 -0.101913452148438 0.0967330932617188
-0.119674682617188 0.055572509765625 -0.18743896484375 0.07122802734375
-0.0105628967285156 -0.0680122375488281 0.221923828125 -0.108657836914062
-0.0654678344726563 -0.0729827880859375 0.133842468261719 -0.113105773925781
-0.0904693603515625 -0.0197906494140625 0.0016632080078125 -0.0381317138671875
-0.0672416687011719 0.0232276916503906 -0.0163230895996094 0.0521926879882812
-0.0451164245605469 0.0399589538574219 0.00699615478515625 0.112014770507813
-0.0214157104492188 0.0422439575195312 0.092041015625 0.162567138671875
0.000621795654296877 0.0403366088867188 0.17559814453125 0.159225463867188
-0.00252342224121094 0.0318737030029297 0.195205688476563 0.132980346679688
-0.00150871276855469 0.0207443237304688 0.192306518554688 0.140213012695313
0.00774574279785156 0.0147304534912109 0.144683837890625 0.160354614257813
0.0166301727294922 0.0201225280761719 0.0877761840820313 0.121017456054688
0.00632095336914062 0.0361976623535156 0.0579948425292969 0.0658378601074219
-0.0178489685058594 0.0318756103515625 0.0971755981445313 0.008575439453125
-0.0213451385498047 0.00140762329101562 0.21917724609375 -0.038299560546875
0.00768947601318359 -0.0105257034301758 0.361236572265625 0.103240966796875
-0.14764404296875 -0.0584259033203125 0.21710205078125 -0.104507446289063
-0.176986694335937 -0.0543975830078125 0.14404296875 -0.102813720703125
-0.2020263671875 0.0173492431640625 0.0239830017089844 -0.0524139404296875
-0.145095825195313 0.099365234375 -0.000873565673828132 0.0250110626220703
-0.0790939331054688 0.129005432128906 0.00086975097656249 0.078460693359375
0.000244140625000009 0.143203735351563 0.0789337158203125 0.133964538574219
0.0580291748046875 0.120651245117188 0.159011840820313 0.134933471679688
0.0547714233398438 0.106109619140625 0.181732177734375 0.107269287109375
0.0667495727539063 0.101066589355469 0.182510375976563 0.113632202148438
0.0590744018554688 0.103958129882813 0.148681640625 0.131378173828125
0.0257110595703125 0.120735168457031 0.0916748046875 0.0903701782226563
-0.0157089233398438 0.136703491210938 0.0672836303710937 0.0432777404785156
-0.104347229003906 0.106163024902344 0.108955383300781 -0.00743103027343749
-0.146499633789063 0.0568695068359375 0.22735595703125 -0.03985595703125
-0.1273193359375 0.016143798828125 0.363739013671875 0.098358154296875
-0.2642822265625 -0.043609619140625 0.169052124023437 -0.104949951171875
-0.272903442382813 -0.0279998779296875 0.126045227050781 -0.0876617431640625
-0.292633056640625 0.056732177734375 0.04345703125 -0.0598068237304688
-0.208831787109375 0.164291381835938 0.0216598510742187 -0.0053119659423828
-0.104248046875 0.203109741210938 0.00324821472167968 0.0313377380371094
0.0204620361328125 0.226791381835938 0.0584564208984375 0.0807266235351563
0.105331420898438 0.1837158203125 0.120918273925781 0.08740234375
0.105316162109375 0.163986206054688 0.141510009765625 0.0660858154296875
0.1290283203125 0.164886474609375 0.144302368164063 0.0734405517578125
0.110183715820312 0.179977416992187 0.129409790039063 0.0874099731445313
0.0398406982421875 0.211395263671875 0.0789871215820313 0.048583984375
-0.0301055908203125 0.226165771484375 0.0672454833984375 0.0157203674316406
-0.175613403320312 0.174728393554688 0.108146667480469 -0.0188217163085937
-0.248916625976563 0.110031127929688 0.20684814453125 -0.025299072265625
-0.240432739257812 0.0417327880859375 0.320037841796875 0.09722900390625
-0.343841552734375 -0.0161437988281251 0.0872955322265625 -0.106277465820312
-0.333160400390625 0.01239013671875 0.0811004638671875 -0.0669097900390625
-0.339111328125 0.102874755859375 0.0528717041015625 -0.0582466125488281
-0.23431396484375 0.217208862304687 0.0413322448730469 -0.0362434387207031
-0.11004638671875 0.251434326171875 0.00612449645996093 -0.0238876342773437
0.0401763916015625 0.277374267578125 0.031707763671875 0.0135517120361328
0.138473510742188 0.219100952148438 0.065521240234375 0.0248260498046875
0.139419555664063 0.198013305664062 0.0791168212890625 0.0148849487304688
0.172134399414063 0.20440673828125 0.0829925537109375 0.0242462158203125
0.145294189453125 0.230117797851562 0.0861740112304688 0.0319137573242188
0.047882080078125 0.272293090820313 0.0511398315429688 0.000270843505859392
-0.0411376953125 0.285369873046875 0.0557327270507813 -0.0138015747070312
-0.222427368164062 0.217208862304688 0.0952911376953125 -0.0223922729492187
-0.313720703125 0.145751953125 0.162338256835937 0.00167846679687501
-0.314178466796875 0.063385009765625 0.234817504882813 0.099761962890625
-0.370849609375 0.0147705078125001 -0.0206298828125 -0.102569580078125
-0.344818115234375 0.05572509765625 0.0152854919433594 -0.0397300720214844
-0.333709716796875 0.142578125 0.0471534729003906 -0.0486335754394531
-0.216873168945312 0.24127197265625 0.0497970581054687 -0.06536865234375
-0.0918426513671875 0.263763427734375 0.00181579589843749 -0.0782699584960937
0.057586669921875 0.285247802734375 -0.00477981567382812 -0.05767822265625
0.151641845703125 0.221145629882813 -0.0020599365234375 -0.0423164367675781
0.152587890625 0.201614379882813 0.00482177734375001 -0.03948974609375
0.186859130859375 0.212478637695313 0.00840377807617189 -0.0284347534179687
0.153701782226563 0.243392944335938 0.0292072296142578 -0.0272579193115234
0.044952392578125 0.289215087890625 0.0139846801757813 -0.0476799011230469
-0.04913330078125 0.29669189453125 0.0373878479003906 -0.0414352416992187
-0.237167358398437 0.22198486328125 0.0724258422851563 -0.0175094604492187
-0.330810546875 0.154449462890625 0.0987472534179687 0.038116455078125
-0.33966064453125 0.072174072265625 0.124458312988281 0.102088928222656
-0.339324951171875 0.041168212890625 -0.137046813964844 -0.0935821533203125
-0.30206298828125 0.0847167968749999 -0.0587005615234375 -0.0120735168457031
-0.271881103515625 0.153579711914063 0.0282707214355469 -0.0380325317382812
-0.165817260742188 0.223419189453125 0.0376739501953125 -0.0873489379882812
-0.0591888427734375 0.232315063476563 -0.013275146484375 -0.119239807128906
0.0685882568359375 0.24822998046875 -0.04718017578125 -0.116226196289062
0.1441650390625 0.189529418945313 -0.0714797973632812 -0.100006103515625
0.144302368164063 0.1748046875 -0.0697021484375 -0.0881881713867188
0.170257568359375 0.187759399414063 -0.0630950927734375 -0.0797500610351562
0.133865356445313 0.218185424804688 -0.0262451171875 -0.0845489501953125
0.0285491943359375 0.25616455078125 -0.0184478759765625 -0.08917236328125
-0.0529022216796875 0.2532958984375 0.0183677673339844 -0.0622749328613281
-0.213333129882813 0.186660766601563 0.0441055297851562 -0.00764846801757811
-0.294769287109375 0.137176513671875 0.026214599609375 0.0720596313476563
-0.3123779296875 0.0724182128906251 0.00410461425781249 0.099395751953125
-0.252288818359375 0.0556488037109375 -0.239974975585938 -0.08154296875
-0.212539672851563 0.0833282470703125 -0.129409790039063 0.00909423828124998
-0.176834106445313 0.123336791992187 -0.00127601623535158 -0.0256710052490234
-0.100845336914062 0.161102294921875 0.0107269287109375 -0.0966873168945312
-0.028564453125 0.16424560546875 -0.0371627807617188 -0.138473510742188
0.0627899169921875 0.177322387695313 -0.0914459228515625 -0.15283203125
0.113983154296875 0.131103515625 -0.135406494140625 -0.13970947265625
0.113372802734375 0.121322631835938 -0.134490966796875 -0.124320983886719
0.129524230957031 0.132766723632813 -0.120811462402344 -0.122238159179687
0.0957183837890625 0.1553955078125 -0.0674514770507813 -0.130073547363281
0.0127105712890625 0.179412841796875 -0.0359649658203125 -0.117538452148438
-0.0410003662109375 0.169082641601563 0.00658416748046874 -0.0722885131835937
-0.147323608398438 0.125946044921875 0.0157070159912109 0.00588130950927735
-0.20904541015625 0.107208251953125 -0.042816162109375 0.09454345703125
-0.235214233398437 0.068389892578125 -0.10595703125 0.0915756225585937
-0.126167297363281 0.0511703491210937 -0.316436767578125 -0.0708312988281249
-0.0984725952148438 0.0487136840820312 -0.184097290039063 0.023834228515625
-0.0731735229492188 0.0573654174804688 -0.0327072143554688 -0.0111465454101562
-0.0428085327148437 0.0692939758300781 -0.02081298828125 -0.091400146484375
-0.0104522705078125 0.0733795166015625 -0.0572052001953125 -0.138343811035156
0.0377731323242188 0.0858840942382813 -0.126373291015625 -0.164443969726563
0.0622749328613281 0.0576515197753906 -0.1827392578125 -0.153961181640625
0.0658035278320313 0.0480766296386719 -0.178680419921875 -0.140838623046875
0.0733261108398438 0.0563201904296875 -0.153793334960938 -0.1475830078125
0.0528411865234375 0.0662307739257813 -0.08990478515625 -0.1580810546875
0.0103988647460938 0.075439453125 -0.0377426147460938 -0.126449584960938
-0.00291824340820312 0.0672111511230469 0.00243377685546876 -0.0688285827636719
-0.04595947265625 0.0679283142089844 -0.00872039794921876 0.0195484161376953
-0.08782958984375 0.0843124389648437 -0.0984268188476563 0.105613708496094
-0.124252319335938 0.0683975219726563 -0.190048217773437 0.081512451171875
-0.0114593505859375 -0.078857421875 0.22198486328125 -0.128631591796875
-0.0766067504882812 -0.07977294921875 0.128959655761719 -0.127082824707031
-0.102828979492188 -0.01904296875 -0.00175857543945313 -0.0406723022460937
-0.076873779296875 0.0290908813476563 -0.0157356262207031 0.0527610778808594
-0.0498390197753906 0.0482635498046875 0.011016845703125 0.114112854003906
-0.0226821899414063 0.0514564514160156 0.102371215820313 0.160720825195313
0.00182342529296875 0.0482597351074219 0.189193725585938 0.152725219726563
-0.00311660766601562 0.0378456115722656 0.2083740234375 0.123886108398438
-0.00399017333984375 0.0262680053710938 0.206573486328125 0.131362915039063
0.00322914123535156 0.0169801712036133 0.160736083984375 0.154373168945313
0.0127077102661133 0.0173587799072266 0.102424621582031 0.118354797363281
0.00537109375 0.0324687957763672 0.0667572021484375 0.0669097900390625
-0.0153312683105469 0.0262336730957031 0.100349426269531 0.0078887939453125
-0.0180282592773438 -0.00519943237304688 0.220321655273438 -0.0472564697265625
0.0132980346679688 -0.0175914764404297 0.37945556640625 0.09088134765625
-0.151107788085938 -0.0604400634765625 0.2193603515625 -0.126510620117187
-0.188812255859375 -0.054046630859375 0.141525268554688 -0.1190185546875
-0.214340209960938 0.0273590087890625 0.021697998046875 -0.0583343505859375
-0.1512451171875 0.111160278320313 -0.000679016113281261 0.0211849212646484
-0.079437255859375 0.141952514648438 0.00299072265625 0.07769775390625
0.0067596435546875 0.153472900390625 0.086334228515625 0.130531311035156
0.0649948120117188 0.126144409179688 0.171493530273438 0.127227783203125
0.0606613159179688 0.110099792480469 0.194259643554688 0.0969390869140625
0.0722808837890625 0.103790283203125 0.195693969726563 0.101898193359375
0.0631790161132813 0.104644775390625 0.164505004882813 0.122833251953125
0.0301742553710938 0.12103271484375 0.104911804199219 0.084320068359375
-0.0100631713867187 0.137863159179688 0.07733154296875 0.0416336059570313
-0.0997543334960938 0.110397338867188 0.11474609375 -0.00948333740234374
-0.143447875976563 0.0618743896484375 0.231918334960938 -0.0504913330078125
-0.125 0.0183258056640625 0.384429931640625 0.0833740234375
-0.271026611328125 -0.0355224609375 0.1710205078125 -0.127670288085938
-0.284576416015625 -0.01971435546875 0.125053405761719 -0.104293823242188
-0.30218505859375 0.07379150390625 0.0416946411132812 -0.0681724548339844
-0.20941162109375 0.182647705078125 0.0215587615966797 -0.0130233764648437
-0.0995330810546875 0.218414306640625 0.00335311889648437 0.0265827178955078
0.0333251953125 0.236312866210938 0.0624160766601563 0.0753707885742188
0.118316650390625 0.186431884765625 0.128608703613281 0.078582763671875
0.1165771484375 0.164581298828125 0.150375366210938 0.0551300048828125
0.14178466796875 0.163543701171875 0.155349731445312 0.061737060546875
0.12274169921875 0.177169799804687 0.142471313476563 0.0763397216796875
0.051971435546875 0.213241577148438 0.0891952514648437 0.0411148071289063
-0.018402099609375 0.233108520507813 0.0753936767578125 0.0119781494140625
-0.16876220703125 0.187744140625 0.116180419921875 -0.0223770141601562
-0.246871948242188 0.1258544921875 0.215103149414062 -0.035797119140625
-0.241592407226562 0.0536956787109375 0.341644287109375 0.0828857421875
-0.351806640625 0.000366210937499936 0.087615966796875 -0.124076843261719
-0.341949462890625 0.0285644531249999 0.0820999145507812 -0.08135986328125
-0.34429931640625 0.126190185546875 0.0525932312011719 -0.0679817199707031
-0.2296142578125 0.238739013671875 0.041351318359375 -0.0476570129394531
-0.0994415283203125 0.266830444335938 0.00381660461425781 -0.0315475463867187
0.05828857421875 0.28448486328125 0.0318069458007813 0.00621604919433595
0.155426025390625 0.2183837890625 0.0678520202636719 0.0160255432128906
0.155685424804688 0.195938110351563 0.0835647583007813 0.00486755371093751
0.1890869140625 0.199722290039063 0.0887908935546875 0.01385498046875
0.163864135742188 0.224716186523438 0.0952835083007813 0.0200424194335938
0.06658935546875 0.27679443359375 0.0566253662109375 -0.00789642333984373
-0.02349853515625 0.29608154296875 0.0622100830078125 -0.0189208984375
-0.214431762695313 0.237396240234375 0.103782653808594 -0.0265579223632812
-0.311798095703125 0.16943359375 0.172119140625 -0.00704956054687499
-0.318603515625 0.08062744140625 0.255996704101563 0.088104248046875
-0.379669189453125 0.039337158203125 -0.022705078125 -0.113945007324219
-0.35137939453125 0.0785217285156249 0.017547607421875 -0.0499458312988281
-0.332275390625 0.170257568359375 0.0486907958984375 -0.0598068237304687
-0.20635986328125 0.263885498046875 0.0485992431640625 -0.0781631469726562
-0.07733154296875 0.27728271484375 -0.00270080566406251 -0.0870285034179688
0.0797119140625 0.288604736328125 -0.0092926025390625 -0.06427001953125
0.170059204101563 0.217361450195313 -0.00500488281249999 -0.0487899780273437
0.170944213867188 0.197113037109375 0.00363922119140626 -0.0460700988769531
0.206268310546875 0.204910278320312 0.00919342041015626 -0.035736083984375
0.175216674804687 0.236846923828125 0.0323524475097656 -0.0372352600097656
0.067169189453125 0.294342041015625 0.0146980285644531 -0.0555458068847656
-0.029876708984375 0.309478759765625 0.0401458740234375 -0.0474662780761719
-0.229339599609375 0.245742797851563 0.080718994140625 -0.0220565795898437
-0.32916259765625 0.18292236328125 0.109619140625 0.0334320068359375
-0.345123291015625 0.0946044921875 0.141342163085937 0.096221923828125
-0.3472900390625 0.0678100585937499 -0.141189575195313 -0.097991943359375
-0.305755615234375 0.11004638671875 -0.0564422607421875 -0.0169143676757813
-0.267257690429688 0.180816650390625 0.0297584533691406 -0.0471000671386719
-0.151412963867188 0.24432373046875 0.0352630615234375 -0.100479125976562
-0.042572021484375 0.24359130859375 -0.0212326049804688 -0.126266479492187
0.0904998779296875 0.249298095703125 -0.0561370849609375 -0.12109375
0.161941528320313 0.1827392578125 -0.0798187255859375 -0.103652954101562
0.160751342773438 0.167755126953125 -0.07623291015625 -0.0919952392578125
0.188705444335938 0.178070068359375 -0.068603515625 -0.0839767456054687
0.15533447265625 0.210250854492188 -0.0289688110351562 -0.0920562744140625
0.0506439208984375 0.260360717773438 -0.0230026245117188 -0.0957565307617187
-0.03472900390625 0.265060424804688 0.0179786682128906 -0.0675430297851562
-0.2052001953125 0.209457397460938 0.0507965087890625 -0.0103187561035156
-0.29205322265625 0.165374755859375 0.0369110107421875 0.0718612670898438
-0.317291259765625 0.096405029296875 0.0167007446289062 0.100250244140625
-0.2598876953125 0.0792083740234375 -0.249237060546875 -0.0777587890625
-0.215133666992188 0.105728149414062 -0.128005981445313 0.0107269287109375
-0.171005249023438 0.146530151367188 -0.00111389160156251 -0.0333003997802734
-0.0879974365234375 0.177093505859375 0.0057373046875 -0.107574462890625
-0.01409912109375 0.171279907226563 -0.046966552734375 -0.144088745117188
0.0816650390625 0.17584228515625 -0.103057861328125 -0.153640747070312
0.129127502441406 0.123313903808594 -0.148162841796875 -0.138504028320313
0.1265869140625 0.112449645996094 -0.14501953125 -0.12347412109375
0.144439697265625 0.122970581054688 -0.130393981933594 -0.122398376464844
0.11163330078125 0.147048950195313 -0.0752029418945313 -0.135078430175781
0.030120849609375 0.180587768554688 -0.0437850952148437 -0.122215270996094
-0.0255279541015625 0.176345825195313 0.00498199462890625 -0.076416015625
-0.13916015625 0.143463134765625 0.0223941802978516 0.00479125976562501
-0.2049560546875 0.132400512695312 -0.0329437255859375 0.100189208984375
-0.23919677734375 0.090484619140625 -0.09881591796875 0.100151062011719
-0.131996154785156 0.0680999755859375 -0.329437255859375 -0.0604553222656249
-0.101806640625 0.0638275146484375 -0.184982299804688 0.028961181640625
-0.0702285766601563 0.072509765625 -0.0337619781494141 -0.0157585144042969
-0.0341415405273438 0.0794219970703125 -0.0281143188476562 -0.098846435546875
-0.000152587890624996 0.0777816772460937 -0.0703811645507813 -0.140121459960938
0.05029296875 0.0830078125 -0.14044189453125 -0.16180419921875
0.0719985961914063 0.049835205078125 -0.197357177734375 -0.148101806640625
0.0738906860351563 0.0396652221679688 -0.191543579101563 -0.13519287109375
0.081329345703125 0.0461349487304687 -0.166519165039063 -0.144744873046875
0.0621528625488281 0.0572662353515625 -0.100570678710938 -0.15911865234375
0.0218124389648438 0.0731735229492188 -0.0454940795898438 -0.128768920898438
0.00846481323242188 0.0674095153808594 0.000503540039062497 -0.0713424682617188
-0.0367050170898437 0.077301025390625 -0.00348472595214844 0.0218029022216797
-0.0809249877929688 0.101264953613281 -0.0908355712890625 0.115364074707031
-0.1239013671875 0.0847549438476563 -0.188400268554687 0.096710205078125
-0.0155029296875 -0.090545654296875 0.211288452148438 -0.149810791015625
-0.0908737182617188 -0.0829696655273437 0.116737365722656 -0.138694763183594
-0.115325927734375 -0.0131683349609375 -0.00684356689453125 -0.0413398742675781
-0.0847320556640625 0.0385818481445312 -0.0144538879394531 0.0531730651855469
-0.0514030456542969 0.0590476989746094 0.0164566040039062 0.112922668457031
-0.0204200744628906 0.0621719360351562 0.111053466796875 0.152999877929688
0.00456619262695312 0.0566635131835938 0.19976806640625 0.139999389648438
-0.00216293334960938 0.0444068908691406 0.217269897460938 0.109130859375
-0.00404739379882812 0.033477783203125 0.215972900390625 0.115341186523438
-0.000368118286132811 0.0214290618896484 0.17474365234375 0.14178466796875
0.00759124755859375 0.0160064697265625 0.115463256835938 0.109878540039063
0.00204658508300781 0.0281982421875 0.0768051147460938 0.0632171630859375
-0.0143299102783203 0.0193252563476563 0.102409362792969 0.00693511962890625
-0.016972541809082 -0.0137166976928711 0.215774536132813 -0.057403564453125
0.0173320770263672 -0.0277290344238281 0.390380859375 0.069488525390625
-0.154525756835938 -0.06005859375 0.209808349609375 -0.151138305664063
-0.199920654296875 -0.049163818359375 0.130233764648438 -0.133682250976563
-0.22247314453125 0.040496826171875 0.0161247253417969 -0.0630378723144531
-0.152999877929688 0.126327514648438 -0.00186729431152344 0.0174875259399414
-0.0749664306640625 0.15362548828125 0.0055084228515625 0.0745315551757813
0.017608642578125 0.161514282226562 0.0917739868164063 0.122550964355469
0.0745697021484375 0.129539489746094 0.179458618164063 0.112945556640625
0.0671310424804688 0.111976623535156 0.201126098632812 0.079864501953125
0.0774307250976563 0.103797912597656 0.204010009765625 0.0845794677734375
0.0669631958007812 0.102500915527344 0.176742553710938 0.105621337890625
0.0340957641601563 0.118629455566406 0.11627197265625 0.0726242065429688
-0.0034942626953125 0.134674072265625 0.0864028930664063 0.036346435546875
-0.0920486450195313 0.111602783203125 0.119117736816406 -0.0149002075195312
-0.137458801269531 0.0646820068359375 0.230606079101563 -0.062225341796875
-0.119422912597656 0.0206069946289062 0.397857666015625 0.058990478515625
-0.273300170898438 -0.0231170654296874 0.16400146484375 -0.150543212890625
-0.2908935546875 -0.00491333007812503 0.117202758789062 -0.120559692382813
-0.303802490234375 0.09442138671875 0.0360870361328125 -0.0767364501953125
-0.203079223632813 0.201812744140625 0.0194625854492187 -0.021392822265625
-0.08837890625 0.231460571289063 0.00251579284667968 0.0210247039794922
0.0504302978515625 0.239273071289063 0.0647315979003906 0.0665168762207031
0.132614135742187 0.182601928710937 0.133094787597656 0.0653457641601563
0.128005981445313 0.16046142578125 0.15362548828125 0.0382080078125
0.152633666992188 0.15838623046875 0.160614013671875 0.0454559326171875
0.133285522460938 0.169662475585938 0.151412963867188 0.059112548828125
0.065582275390625 0.209304809570313 0.0964889526367188 0.0282669067382813
-0.00198364257812499 0.233184814453125 0.083648681640625 0.00367736816406251
-0.155319213867187 0.1949462890625 0.121658325195313 -0.02972412109375
-0.234771728515625 0.139938354492188 0.216400146484375 -0.0484466552734375
-0.235794067382812 0.066192626953125 0.356353759765625 0.057586669921875
-0.35137939453125 0.022674560546875 0.0828857421875 -0.143814086914063
-0.34173583984375 0.048858642578125 0.0771865844726562 -0.0956802368164063
-0.33837890625 0.15130615234375 0.04833984375 -0.0780563354492188
-0.214797973632813 0.258407592773437 0.0372314453125 -0.0599517822265625
-0.0828857421875 0.277877807617188 -0.000129699707031251 -0.0389595031738281
0.079742431640625 0.283477783203125 0.0279121398925781 -0.00196647644042967
0.171951293945313 0.209884643554688 0.0682945251464844 0.00524520874023439
0.17144775390625 0.186767578125 0.0844039916992188 -0.00756072998046874
0.20465087890625 0.186294555664063 0.0907211303710938 0.000907897949218761
0.180587768554688 0.212158203125 0.100738525390625 0.00461578369140626
0.0874176025390625 0.272247314453125 0.0590438842773438 -0.018951416015625
-0.00134277343749999 0.299102783203125 0.0672187805175781 -0.02691650390625
-0.19732666015625 0.25372314453125 0.110740661621094 -0.0347900390625
-0.298370361328125 0.191558837890625 0.178329467773437 -0.0197906494140625
-0.312408447265625 0.101531982421875 0.271163940429688 0.066986083984375
-0.375885009765625 0.06817626953125 -0.0280914306640625 -0.126304626464844
-0.345611572265625 0.104705810546875 0.0164260864257812 -0.0602798461914062
-0.318359375 0.197418212890625 0.0462493896484375 -0.0708236694335937
-0.187164306640625 0.282135009765625 0.0427780151367187 -0.0918502807617187
-0.056182861328125 0.2833251953125 -0.01123046875 -0.0935745239257812
0.102294921875 0.283172607421875 -0.0162582397460937 -0.0699424743652344
0.186874389648438 0.204727172851563 -0.0101470947265625 -0.0554618835449219
0.186172485351563 0.183349609375 6.10351562500086E-05 -0.0541763305664062
0.222640991210938 0.187606811523438 0.00716781616210939 -0.0428886413574219
0.195266723632813 0.220748901367188 0.03204345703125 -0.0487480163574219
0.091033935546875 0.288665771484375 0.011474609375 -0.0637054443359375
-0.00375366210937497 0.313507080078125 0.0419807434082031 -0.0540390014648437
-0.20941162109375 0.266510009765625 0.0872268676757812 -0.029754638671875
-0.31414794921875 0.21038818359375 0.117973327636719 0.0238418579101563
-0.338409423828125 0.12042236328125 0.156646728515625 0.082855224609375
-0.34478759765625 0.098663330078125 -0.145843505859375 -0.100112915039063
-0.298492431640625 0.137176513671875 -0.0546455383300782 -0.0215034484863281
-0.250106811523438 0.2078857421875 0.0283126831054687 -0.0573921203613281
-0.1279296875 0.258880615234375 0.0284423828125 -0.113090515136719
-0.0204315185546875 0.246536254882813 -0.0315475463867188 -0.130668640136719
0.114593505859375 0.239303588867188 -0.0664596557617188 -0.121742248535156
0.1778564453125 0.167221069335938 -0.0895538330078125 -0.103744506835937
0.174652099609375 0.152755737304688 -0.0829010009765625 -0.0927963256835937
0.20477294921875 0.160964965820313 -0.0738372802734375 -0.0855789184570312
0.17333984375 0.193771362304688 -0.0341720581054687 -0.0977401733398437
0.07452392578125 0.25433349609375 -0.0294418334960937 -0.10064697265625
-0.00975036621093749 0.268264770507813 0.0175323486328125 -0.0719680786132812
-0.186172485351563 0.229110717773438 0.0579338073730469 -0.0159873962402344
-0.277053833007813 0.193115234375 0.0478630065917969 0.0666542053222656
-0.3116455078125 0.123626708984375 0.0300674438476562 0.0959014892578125
-0.257110595703125 0.107086181640625 -0.25372314453125 -0.0690765380859375
-0.208694458007813 0.1292724609375 -0.123954772949219 0.0117340087890625
-0.156097412109375 0.167343139648438 -0.00144577026367189 -0.0415115356445312
-0.0672454833984375 0.187744140625 -0.00259399414062502 -0.116859436035156
0.00588989257812502 0.171920776367188 -0.0598602294921875 -0.144638061523438
0.1015625 0.16510009765625 -0.115829467773438 -0.149765014648437
0.140525817871094 0.108604431152344 -0.159683227539063 -0.132659912109375
0.136299133300781 0.0971450805664063 -0.153823852539063 -0.117782592773438
0.154373168945313 0.105392456054687 -0.139373779296875 -0.118331909179688
0.124488830566406 0.130821228027344 -0.0845565795898437 -0.136001586914063
0.0491485595703125 0.17425537109375 -0.0519027709960938 -0.12335205078125
-0.00556945800781249 0.176544189453125 0.00263214111328125 -0.0804061889648438
-0.122238159179688 0.15875244140625 0.0290584564208984 0.00145530700683595
-0.190261840820313 0.154998779296875 -0.0206680297851563 0.101448059082031
-0.233001708984375 0.114578247070313 -0.0867385864257813 0.104965209960938
-0.131782531738281 0.0881271362304687 -0.33575439453125 -0.045074462890625
-0.0977554321289063 0.0803756713867187 -0.181976318359375 0.0363616943359375
-0.05999755859375 0.0873031616210938 -0.0355453491210938 -0.0204963684082031
-0.020111083984375 0.086334228515625 -0.03826904296875 -0.103050231933594
0.011993408203125 0.0787582397460938 -0.0835952758789062 -0.136459350585937
0.0628280639648438 0.0757598876953125 -0.153366088867188 -0.151763916015625
0.079193115234375 0.0369110107421875 -0.209243774414063 -0.1356201171875
0.0781707763671875 0.0275497436523438 -0.202362060546875 -0.124099731445313
0.0860214233398438 0.031158447265625 -0.176849365234375 -0.135910034179688
0.0686531066894531 0.0440521240234375 -0.110488891601563 -0.155471801757813
0.0335464477539063 0.065338134765625 -0.0537948608398438 -0.127517700195313
0.0211944580078125 0.0628089904785156 -0.00170135498046874 -0.073486328125
-0.0218048095703125 0.0841903686523438 0.00300979614257812 0.0221652984619141
-0.0664138793945312 0.116294860839844 -0.0778961181640625 0.122764587402344
-0.116813659667969 0.102561950683594 -0.177871704101562 0.111984252929688
-0.0221176147460937 -0.100669860839844 0.192428588867188 -0.1612548828125
-0.104019165039063 -0.0821151733398437 0.0997314453125 -0.144683837890625
-0.124595642089844 -0.00602722167968748 -0.0127029418945313 -0.0409088134765625
-0.08990478515625 0.0487213134765625 -0.014373779296875 0.0530967712402344
-0.0503654479980469 0.0702285766601562 0.0196762084960938 0.10797119140625
-0.015350341796875 0.0713272094726563 0.115127563476563 0.144027709960938
0.0111465454101563 0.0644493103027344 0.203567504882812 0.124481201171875
0.000106811523437504 0.0516014099121094 0.216690063476563 0.092620849609375
-0.0029296875 0.0404472351074219 0.217514038085938 0.0980377197265625
-0.00338554382324219 0.0279350280761719 0.181991577148438 0.12408447265625
0.001373291015625 0.0169658660888672 0.124229431152344 0.0962677001953125
-0.00276565551757813 0.0251712799072266 0.0830154418945313 0.0583572387695313
-0.0149917602539062 0.010345458984375 0.103248596191406 0.005035400390625
-0.0172882080078125 -0.0235424041748047 0.206893920898438 -0.0615234375
0.0165176391601563 -0.0393600463867187 0.38873291015625 0.05084228515625
-0.157333374023437 -0.06158447265625 0.194259643554688 -0.165817260742188
-0.207244873046875 -0.0418548583984375 0.11370849609375 -0.142471313476563
-0.225433349609375 0.0526275634765625 0.0104560852050781 -0.0647544860839844
-0.145584106445312 0.137298583984375 -0.00271701812744142 0.0148515701293945
-0.0677642822265625 0.163223266601562 0.00650024414062499 0.0701065063476563
0.0276947021484375 0.166122436523438 0.0914688110351563 0.112998962402344
0.0803070068359375 0.130325317382813 0.1796875 0.0969085693359375
0.0713424682617188 0.110855102539062 0.199813842773438 0.062103271484375
0.082611083984375 0.103294372558594 0.204620361328125 0.0648956298828125
0.0660400390625 0.100067138671875 0.18109130859375 0.086151123046875
0.0347824096679687 0.114402770996094 0.121406555175781 0.0584182739257813
-0.0010986328125 0.130599975585938 0.0936965942382813 0.0298080444335938
-0.0818405151367188 0.106964111328125 0.121261596679688 -0.0181732177734375
-0.1285400390625 0.0631942749023438 0.225387573242187 -0.07159423828125
-0.111419677734375 0.0177230834960938 0.399627685546875 0.034210205078125
-0.268661499023438 -0.0164337158203125 0.149887084960937 -0.169052124023438
-0.2933349609375 0.00381469726562495 0.102241516113281 -0.131965637207031
-0.298828125 0.10894775390625 0.0287322998046875 -0.0813827514648438
-0.191513061523438 0.21270751953125 0.0133647918701172 -0.0300750732421875
-0.07501220703125 0.236129760742188 -0.000915527343750005 0.0144405364990234
0.0653839111328125 0.2359619140625 0.0610198974609375 0.0573234558105469
0.140975952148438 0.175888061523438 0.129646301269531 0.0504608154296875
0.133575439453125 0.154190063476563 0.151870727539063 0.02227783203125
0.159210205078125 0.148345947265625 0.158599853515625 0.0271453857421875
0.137069702148438 0.158599853515625 0.15252685546875 0.0411224365234375
0.073822021484375 0.201324462890625 0.098388671875 0.016265869140625
0.01068115234375 0.22662353515625 0.0861587524414062 -0.00328826904296874
-0.141586303710937 0.194686889648437 0.126632690429688 -0.0358123779296875
-0.220138549804688 0.143600463867188 0.21453857421875 -0.0625
-0.222686767578125 0.072113037109375 0.360015869140625 0.033843994140625
-0.337921142578125 0.03656005859375 0.07012939453125 -0.158645629882813
-0.333343505859375 0.0643310546875 0.066070556640625 -0.107101440429687
-0.324249267578125 0.166473388671875 0.0408554077148437 -0.08697509765625
-0.197830200195312 0.26556396484375 0.0306625366210937 -0.0698699951171875
-0.0666961669921875 0.278305053710938 -0.00902557373046876 -0.0443611145019531
0.095611572265625 0.273178100585938 0.0228042602539063 -0.00757789611816405
0.180633544921875 0.198272705078125 0.0624542236328125 -0.00526046752929686
0.17864990234375 0.174087524414063 0.0792007446289063 -0.0199127197265625
0.210708618164063 0.172256469726563 0.0881881713867188 -0.0131988525390625
0.187713623046875 0.195114135742187 0.0996017456054688 -0.0106353759765625
0.101348876953125 0.259902954101563 0.0580406188964844 -0.0308685302734375
0.017303466796875 0.290374755859375 0.0697097778320313 -0.036346435546875
-0.176712036132813 0.258346557617187 0.115242004394531 -0.0454483032226562
-0.279296875 0.202133178710937 0.179641723632813 -0.0319976806640625
-0.297760009765625 0.114501953125 0.277511596679688 0.043670654296875
-0.361968994140625 0.0885009765624999 -0.035064697265625 -0.135391235351563
-0.329681396484375 0.121856689453125 0.01141357421875 -0.072509765625
-0.295928955078125 0.21337890625 0.0391845703125 -0.081329345703125
-0.163360595703125 0.28680419921875 0.0346298217773437 -0.103874206542969
-0.038604736328125 0.279739379882813 -0.0206832885742188 -0.097015380859375
0.119888305664062 0.267852783203125 -0.0243911743164062 -0.071197509765625
0.196762084960937 0.186859130859375 -0.0166740417480469 -0.0594253540039062
0.192474365234375 0.166229248046875 -0.00468063354492187 -0.0608673095703125
0.227035522460938 0.168426513671875 0.00302124023437502 -0.0513114929199219
0.2039794921875 0.19830322265625 0.0294761657714844 -0.0601844787597656
0.11029052734375 0.274490356445313 0.00747680664062501 -0.0715866088867187
0.01806640625 0.30462646484375 0.0417594909667969 -0.060546875
-0.184738159179688 0.271469116210938 0.0927352905273437 -0.0382766723632812
-0.290069580078125 0.22601318359375 0.122940063476562 0.0106887817382813
-0.321624755859375 0.13934326171875 0.164474487304687 0.0640716552734375
-0.32904052734375 0.1224365234375 -0.146896362304688 -0.10400390625
-0.279266357421875 0.155563354492187 -0.0511512756347656 -0.0293846130371094
-0.224517822265625 0.222930908203125 0.0243644714355469 -0.0680007934570312
-0.104537963867188 0.260848999023438 0.0179901123046875 -0.121711730957031
-0.00178527832031253 0.2381591796875 -0.0419235229492187 -0.132110595703125
0.130279541015625 0.222061157226563 -0.07354736328125 -0.1190185546875
0.184555053710938 0.147750854492188 -0.0953826904296875 -0.10125732421875
0.179412841796875 0.133895874023438 -0.0897369384765625 -0.0921630859375
0.208724975585938 0.137939453125 -0.07861328125 -0.0853042602539062
0.179794311523438 0.17236328125 -0.0407791137695313 -0.103965759277344
0.092010498046875 0.239059448242187 -0.0366592407226562 -0.103569030761719
0.0114288330078125 0.262557983398438 0.014923095703125 -0.0775299072265625
-0.161468505859375 0.235702514648437 0.0626678466796875 -0.023712158203125
-0.2532958984375 0.210174560546875 0.0548934936523437 0.0577430725097656
-0.29296875 0.142913818359375 0.0420074462890625 0.0849380493164063
-0.243392944335938 0.131942749023438 -0.251068115234375 -0.0640716552734375
-0.19158935546875 0.1463623046875 -0.118095397949219 0.0100173950195312
-0.134170532226563 0.178970336914063 -0.00382614135742188 -0.0496139526367187
-0.043304443359375 0.189056396484375 -0.0132522583007813 -0.122116088867188
0.02142333984375 0.16455078125 -0.070465087890625 -0.142425537109375
0.115341186523438 0.1480712890625 -0.123641967773437 -0.140762329101563
0.145858764648438 0.0915374755859375 -0.162155151367188 -0.124801635742187
0.140396118164063 0.0808258056640625 -0.15887451171875 -0.111129760742187
0.157913208007812 0.0846405029296875 -0.145156860351563 -0.113677978515625
0.129600524902344 0.110313415527344 -0.0898361206054687 -0.13494873046875
0.0636138916015625 0.160202026367188 -0.0593643188476563 -0.122261047363281
0.0107574462890625 0.16766357421875 -0.000259399414062505 -0.0821533203125
-0.101608276367188 0.162841796875 0.0341815948486328 -0.00477027893066405
-0.167205810546875 0.168533325195312 -0.0112380981445313 0.0957260131835938
-0.216827392578125 0.133636474609375 -0.0733642578125 0.103416442871094
-0.1234130859375 0.106269836425781 -0.33062744140625 -0.0314941406249999
-0.0907440185546875 0.0966262817382813 -0.175628662109375 0.0376434326171875
-0.046051025390625 0.0975189208984375 -0.0370254516601563 -0.0255470275878906
-0.00708770751953124 0.0881271362304688 -0.0487823486328125 -0.104568481445312
0.0236434936523438 0.0736618041992188 -0.0921707153320312 -0.12908935546875
0.073089599609375 0.0636138916015625 -0.158599853515625 -0.13836669921875
0.0808029174804687 0.023406982421875 -0.213058471679688 -0.11968994140625
0.0801544189453125 0.0134506225585937 -0.206283569335937 -0.113449096679688
0.084320068359375 0.015869140625 -0.180877685546875 -0.12640380859375
0.070465087890625 0.0277862548828125 -0.117202758789062 -0.149551391601563
0.0399703979492188 0.0534324645996094 -0.0592193603515625 -0.124176025390625
0.0319976806640625 0.0530509948730469 -0.00262451171874999 -0.0731430053710938
-0.00473022460937501 0.083770751953125 0.0113105773925781 0.0201168060302734
-0.0482101440429688 0.124542236328125 -0.0635299682617188 0.121391296386719
-0.104034423828125 0.116874694824219 -0.1600341796875 0.1177978515625
-0.0317001342773437 -0.111480712890625 0.176116943359375 -0.165512084960937
-0.1175537109375 -0.0789108276367188 0.086090087890625 -0.141998291015625
-0.133430480957031 0.00267028808593748 -0.0155715942382813 -0.0391998291015625
-0.0929946899414063 0.0601959228515625 -0.0151710510253906 0.0529136657714844
-0.0488433837890625 0.0809783935546875 0.0193023681640625 0.106246948242188
-0.0098724365234375 0.0819625854492188 0.113723754882813 0.138336181640625
0.0174331665039063 0.071258544921875 0.199905395507813 0.115066528320313
0.00490570068359375 0.0586128234863281 0.212005615234375 0.0823516845703125
-0.000686645507812498 0.0495376586914063 0.213333129882813 0.085662841796875
-0.00609588623046875 0.0335025787353516 0.180450439453125 0.111160278320312
-0.00717544555664063 0.0210723876953125 0.126266479492187 0.0854873657226562
-0.0100364685058594 0.0210437774658203 0.0874099731445313 0.0540771484375
-0.0205974578857422 0.000185012817382814 0.105133056640625 0.00710296630859375
-0.0221481323242187 -0.0353431701660156 0.199691772460938 -0.0584564208984375
0.0165519714355469 -0.0525245666503906 0.3846435546875 0.04290771484375
-0.157272338867187 -0.068359375 0.175369262695313 -0.174331665039063
-0.214157104492188 -0.0391387939453125 0.099700927734375 -0.144485473632813
-0.22796630859375 0.0600433349609375 0.00416946411132811 -0.0654754638671875
-0.147216796875 0.14788818359375 -0.0071544647216797 0.0115413665771484
-0.061798095703125 0.171859741210938 0.00211715698242187 0.064300537109375
0.0352325439453125 0.168685913085938 0.087860107421875 0.105644226074219
0.0890884399414063 0.130989074707031 0.174530029296875 0.0866851806640625
0.075531005859375 0.11236572265625 0.193344116210938 0.0510406494140625
0.0837326049804687 0.105682373046875 0.197998046875 0.0522613525390625
0.0651779174804688 0.101707458496094 0.178909301757812 0.070953369140625
0.0297622680664062 0.112190246582031 0.122314453125 0.0458755493164063
-0.00156402587890624 0.124374389648438 0.0962905883789063 0.0220108032226563
-0.0823898315429688 0.096405029296875 0.125320434570313 -0.0200271606445312
-0.124359130859375 0.053192138671875 0.219635009765625 -0.073211669921875
-0.106361389160156 0.00710296630859376 0.393524169921875 0.02178955078125
-0.261093139648438 -0.0180358886718751 0.131393432617187 -0.178329467773437
-0.28985595703125 0.00820922851562496 0.0894927978515625 -0.13629150390625
-0.293731689453125 0.115447998046875 0.0223770141601562 -0.0843734741210937
-0.185317993164063 0.217697143554688 0.00603294372558593 -0.0339431762695312
-0.0680694580078125 0.238494873046875 -0.00796127319335938 0.00959014892578126
0.0725555419921875 0.234359741210938 0.0541877746582031 0.0521011352539063
0.145950317382813 0.1729736328125 0.123779296875 0.0416336059570313
0.13751220703125 0.149673461914063 0.143890380859375 0.0110931396484375
0.160064697265625 0.143081665039063 0.152023315429688 0.0156097412109375
0.1363525390625 0.151290893554688 0.148651123046875 0.024169921875
0.0737762451171875 0.195037841796875 0.09759521484375 0.00304412841796876
0.013824462890625 0.218246459960938 0.0917510986328125 -0.0128250122070312
-0.132781982421875 0.1875 0.130226135253906 -0.04168701171875
-0.209701538085937 0.139419555664063 0.211990356445313 -0.0663299560546875
-0.211471557617187 0.0657501220703125 0.35711669921875 0.014678955078125
-0.3265380859375 0.0419616699218751 0.05615234375 -0.170135498046875
-0.32403564453125 0.0680236816406251 0.0567855834960937 -0.114974975585938
-0.31121826171875 0.170623779296875 0.03472900390625 -0.0919647216796875
-0.184539794921875 0.265975952148438 0.020599365234375 -0.0772857666015625
-0.05682373046875 0.274703979492187 -0.0153770446777344 -0.0494842529296875
0.1048583984375 0.265365600585938 0.0142736434936523 -0.0129060745239258
0.183364868164062 0.18865966796875 0.0559272766113281 -0.0132827758789062
0.178024291992188 0.164093017578125 0.0731277465820313 -0.0298309326171875
0.2109375 0.160552978515625 0.08209228515625 -0.02325439453125
0.186264038085938 0.180938720703125 0.093048095703125 -0.02581787109375
0.10528564453125 0.248825073242187 0.0548210144042969 -0.0411758422851562
0.0255126953125 0.281112670898438 0.0718917846679688 -0.0439682006835937
-0.164215087890625 0.252487182617187 0.118522644042969 -0.0523910522460937
-0.26275634765625 0.201797485351563 0.177719116210937 -0.041229248046875
-0.282257080078125 0.113037109375 0.277267456054688 0.0254974365234375
-0.3447265625 0.0963439941406249 -0.04156494140625 -0.148239135742188
-0.314453125 0.1275634765625 0.00792694091796874 -0.0805435180664063
-0.277389526367188 0.214340209960937 0.03594970703125 -0.0880813598632812
-0.146209716796875 0.281158447265625 0.0239944458007813 -0.111007690429687
-0.0269775390625 0.271133422851563 -0.0282974243164063 -0.101089477539063
0.12646484375 0.253921508789063 -0.0316543579101563 -0.0743637084960937
0.196395874023438 0.1739501953125 -0.0216217041015625 -0.0643997192382812
0.19189453125 0.153701782226563 -0.0103034973144531 -0.0657310485839844
0.226516723632813 0.153427124023438 -0.00217819213867187 -0.0571823120117187
0.201889038085937 0.182647705078125 0.0223617553710938 -0.0701255798339844
0.115753173828125 0.260345458984375 0.0030670166015625 -0.0781631469726562
0.0294189453125 0.294189453125 0.041412353515625 -0.06890869140625
-0.169448852539063 0.269546508789063 0.094696044921875 -0.0489425659179687
-0.27105712890625 0.228988647460937 0.125473022460937 0.00222015380859376
-0.30682373046875 0.14117431640625 0.16961669921875 0.047088623046875
-0.31060791015625 0.135009765625 -0.14910888671875 -0.112075805664063
-0.261474609375 0.163040161132813 -0.0511054992675781 -0.0399322509765625
-0.20281982421875 0.223800659179688 0.0209579467773437 -0.0772323608398437
-0.0841522216796875 0.252670288085938 0.0076446533203125 -0.129135131835938
0.00985717773437499 0.227005004882813 -0.0506439208984375 -0.132789611816406
0.1339111328125 0.205108642578125 -0.0804061889648437 -0.117462158203125
0.1824951171875 0.133377075195313 -0.0995330810546875 -0.10174560546875
0.178146362304687 0.11871337890625 -0.0921401977539062 -0.0941314697265625
0.205413818359375 0.122802734375 -0.0825958251953125 -0.0882644653320312
0.178863525390625 0.15203857421875 -0.0449600219726562 -0.108207702636719
0.09967041015625 0.223876953125 -0.0404739379882812 -0.106689453125
0.0258636474609375 0.248382568359375 0.0146484375 -0.082733154296875
-0.1439208984375 0.234222412109375 0.0658111572265625 -0.0331306457519531
-0.23223876953125 0.214141845703125 0.0600700378417969 0.0479850769042969
-0.277816772460938 0.149658203125 0.048553466796875 0.0717926025390625
-0.228271484375 0.144073486328125 -0.25 -0.0694427490234375
-0.176300048828125 0.156021118164063 -0.113227844238281 0.000473022460937534
-0.113449096679688 0.183624267578125 -0.00841522216796875 -0.057281494140625
-0.0285186767578125 0.182952880859375 -0.0231552124023437 -0.124923706054687
0.0316314697265625 0.153640747070313 -0.0753173828125 -0.137351989746094
0.118728637695312 0.132118225097656 -0.125938415527344 -0.135391235351563
0.141510009765625 0.074127197265625 -0.165374755859375 -0.119232177734375
0.135993957519531 0.0648269653320313 -0.16015625 -0.108078002929688
0.151565551757812 0.0697784423828125 -0.146011352539063 -0.110305786132813
0.127510070800781 0.0939407348632813 -0.0948715209960937 -0.134895324707031
0.06903076171875 0.144424438476563 -0.0620193481445313 -0.121833801269531
0.022796630859375 0.156387329101562 -0.001007080078125 -0.085052490234375
-0.08233642578125 0.161392211914063 0.0377655029296875 -0.0110740661621094
-0.1463623046875 0.17352294921875 -0.00204467773437502 0.0876312255859375
-0.201278686523438 0.142303466796875 -0.0629425048828125 0.0955886840820313
-0.113929748535156 0.121162414550781 -0.327789306640625 -0.0286865234374999
-0.0796127319335937 0.106643676757813 -0.16851806640625 0.032958984375
-0.0332260131835938 0.103782653808594 -0.0420074462890625 -0.0323143005371094
0.00720214843750001 0.0858154296875 -0.0570144653320312 -0.102729797363281
0.0326271057128906 0.0663681030273438 -0.0970458984375 -0.121208190917969
0.0766143798828125 0.0498504638671875 -0.159805297851563 -0.128921508789063
0.0789718627929688 0.0096588134765625 -0.21063232421875 -0.11279296875
0.0741119384765625 0.00099945068359375 -0.204086303710938 -0.10479736328125
0.0781097412109375 0.00304412841796875 -0.180419921875 -0.120040893554688
0.0647926330566406 0.014984130859375 -0.118576049804687 -0.145492553710938
0.043304443359375 0.0404205322265625 -0.0611343383789063 -0.120338439941406
0.0390739440917969 0.0417976379394531 -0.00301361083984374 -0.0739974975585938
0.010040283203125 0.0806045532226563 0.0152349472045898 0.0152626037597656
-0.0285415649414063 0.126823425292969 -0.0523681640625 0.117721557617188
-0.0899200439453125 0.12615966796875 -0.147872924804688 0.116485595703125
-0.0423812866210938 -0.122962951660156 0.1632080078125 -0.161544799804688
-0.131492614746094 -0.0766143798828125 0.0774917602539062 -0.137283325195312
-0.14300537109375 0.0110931396484375 -0.0185089111328125 -0.0363960266113281
-0.0962753295898438 0.0724639892578125 -0.0164070129394531 0.0544242858886719
-0.045440673828125 0.0923538208007812 0.0169448852539062 0.1058349609375
-0.00118255615234375 0.0916290283203125 0.110359191894531 0.137321472167969
0.0260009765625 0.0777969360351562 0.1966552734375 0.112228393554687
0.0100784301757813 0.0657310485839844 0.207992553710938 0.07904052734375
0.00421905517578125 0.0575370788574219 0.2091064453125 0.0816650390625
-0.00627517700195313 0.0419578552246094 0.178253173828125 0.103958129882813
-0.0142612457275391 0.0267524719238281 0.126014709472656 0.0772933959960938
-0.0192432403564453 0.0220203399658203 0.0916061401367187 0.0512847900390625
-0.0295162200927734 -0.00845336914062501 0.109550476074219 0.010162353515625
-0.0295829772949219 -0.0464935302734375 0.20001220703125 -0.0511016845703125
0.013031005859375 -0.066070556640625 0.38531494140625 0.043792724609375
-0.163833618164063 -0.0790557861328125 0.160781860351563 -0.1756591796875
-0.224868774414063 -0.038818359375 0.0894012451171875 -0.14202880859375
-0.234954833984375 0.06640625 -0.00172042846679689 -0.0658073425292969
-0.14892578125 0.1575927734375 -0.0126218795776367 0.00992012023925782
-0.05828857421875 0.180419921875 -0.00363540649414063 0.0631446838378906
0.04229736328125 0.17559814453125 0.0819320678710938 0.104866027832031
0.0962600708007812 0.136253356933594 0.168594360351563 0.082611083984375
0.0794601440429688 0.118118286132813 0.186370849609375 0.044952392578125
0.0863189697265625 0.111000061035156 0.191802978515625 0.045989990234375
0.0633773803710938 0.1048583984375 0.174911499023438 0.0615234375
0.024200439453125 0.115020751953125 0.120376586914063 0.0363540649414063
-0.00868988037109375 0.120925903320312 0.1007080078125 0.0150375366210938
-0.087188720703125 0.0870513916015625 0.130462646484375 -0.0217819213867187
-0.12786865234375 0.0425872802734375 0.220932006835938 -0.070404052734375
-0.106498718261719 -0.0066375732421875 0.393707275390625 0.01611328125
-0.261093139648438 -0.027313232421875 0.116790771484375 -0.184646606445313
-0.293670654296875 0.00695800781249997 0.0790328979492187 -0.138458251953125
-0.29656982421875 0.11761474609375 0.0163803100585937 -0.0872421264648437
-0.183975219726563 0.223556518554687 -0.000980377197265636 -0.0380210876464844
-0.0657958984375 0.24365234375 -0.0159883499145508 0.00701808929443361
0.078033447265625 0.236373901367187 0.0450973510742188 0.0495948791503906
0.15087890625 0.174270629882813 0.115867614746094 0.0363311767578125
0.138320922851563 0.151275634765625 0.135597229003906 0.00456237792968751
0.1602783203125 0.14501953125 0.145172119140625 0.00750732421875001
0.133575439453125 0.151260375976562 0.143661499023438 0.0133209228515625
0.0701904296875 0.1932373046875 0.0942535400390625 -0.00745391845703124
0.00955200195312498 0.212539672851562 0.0943374633789063 -0.0221176147460937
-0.134567260742188 0.179580688476562 0.135322570800781 -0.0475845336914062
-0.20916748046875 0.130157470703125 0.2135009765625 -0.0693817138671875
-0.208663940429688 0.0543212890625 0.357330322265625 0.004852294921875
-0.32080078125 0.035858154296875 0.04278564453125 -0.180465698242187
-0.321868896484375 0.0647277832031251 0.0472640991210937 -0.121726989746094
-0.30963134765625 0.169097900390625 0.0277862548828125 -0.0982742309570312
-0.181549072265625 0.264984130859375 0.0113601684570312 -0.08306884765625
-0.0553741455078125 0.273941040039063 -0.0248641967773437 -0.0533866882324219
0.107376098632813 0.261383056640625 0.00542831420898438 -0.0149774551391601
0.184402465820313 0.185546875 0.04730224609375 -0.0174293518066406
0.176345825195313 0.16180419921875 0.064422607421875 -0.0362281799316406
0.210067749023438 0.158096313476563 0.0745773315429688 -0.0301513671875
0.182785034179688 0.176559448242188 0.0866241455078125 -0.0367279052734375
0.105484008789062 0.244659423828125 0.0499191284179688 -0.0503807067871094
0.0263214111328125 0.274871826171875 0.0723648071289063 -0.0543746948242187
-0.16131591796875 0.245956420898438 0.122749328613281 -0.0610809326171875
-0.257247924804688 0.195693969726563 0.179763793945312 -0.048095703125
-0.27685546875 0.106109619140625 0.278366088867188 0.0123748779296875
-0.333709716796875 0.096038818359375 -0.0528717041015625 -0.159896850585937
-0.30670166015625 0.125 0.000656127929687477 -0.0911636352539063
-0.2701416015625 0.210601806640625 0.0289306640625 -0.0972518920898437
-0.139358520507812 0.275375366210938 0.0137100219726563 -0.118568420410156
-0.0252532958984375 0.26568603515625 -0.0364837646484375 -0.104400634765625
0.126449584960938 0.24566650390625 -0.0391693115234375 -0.0763778686523437
0.193695068359375 0.1680908203125 -0.0288734436035156 -0.0680122375488281
0.188125610351563 0.148193359375 -0.0173263549804687 -0.0723724365234375
0.223403930664062 0.147140502929688 -0.00814056396484373 -0.0636825561523437
0.197662353515625 0.173736572265625 0.0154571533203125 -0.0796051025390625
0.1171875 0.25225830078125 -0.00258636474609374 -0.086212158203125
0.03424072265625 0.286224365234375 0.0415878295898437 -0.0784683227539062
-0.16259765625 0.264846801757812 0.0977935791015625 -0.0592117309570312
-0.26171875 0.225479125976562 0.126266479492188 -0.00762176513671874
-0.296905517578125 0.1383056640625 0.170196533203125 0.03277587890625
-0.2977294921875 0.1390380859375 -0.155899047851563 -0.123886108398437
-0.2490234375 0.16375732421875 -0.0553550720214844 -0.0519638061523438
-0.189926147460938 0.219894409179688 0.0145034790039062 -0.0872344970703125
-0.07415771484375 0.244705200195313 -0.00186920166015625 -0.135536193847656
0.012298583984375 0.218124389648438 -0.056640625 -0.133758544921875
0.133071899414063 0.1932373046875 -0.0850753784179687 -0.118766784667969
0.17840576171875 0.123703002929688 -0.103797912597656 -0.104690551757812
0.17236328125 0.110885620117188 -0.0968399047851563 -0.09857177734375
0.198959350585937 0.11431884765625 -0.0871810913085938 -0.0925140380859375
0.1734619140625 0.141021728515625 -0.0515594482421875 -0.115257263183594
0.101028442382813 0.213027954101563 -0.045684814453125 -0.111320495605469
0.0302276611328125 0.238418579101563 0.0132675170898438 -0.0902786254882813
-0.133392333984375 0.229766845703125 0.0678749084472656 -0.0429458618164062
-0.219024658203125 0.212890625 0.0628280639648437 0.0388603210449219
-0.266448974609375 0.1505126953125 0.0518608093261719 0.0590095520019531
-0.216339111328125 0.153289794921875 -0.253311157226562 -0.0792999267578125
-0.16278076171875 0.160781860351563 -0.114242553710938 -0.0118789672851562
-0.098419189453125 0.182815551757813 -0.0138587951660156 -0.0669708251953125
-0.0160675048828125 0.1754150390625 -0.0325469970703125 -0.1300048828125
0.0370635986328125 0.143646240234375 -0.0804519653320313 -0.135643005371094
0.118728637695313 0.118927001953125 -0.127235412597656 -0.134162902832031
0.137413024902344 0.062957763671875 -0.16693115234375 -0.119094848632813
0.129722595214844 0.0558013916015625 -0.16259765625 -0.110000610351563
0.144180297851563 0.0605316162109375 -0.148101806640625 -0.112747192382813
0.120384216308594 0.0821151733398437 -0.0988540649414063 -0.138694763183594
0.0692367553710937 0.132049560546875 -0.0665130615234375 -0.124153137207031
0.0278167724609375 0.14501953125 -0.00205230712890625 -0.0903167724609375
-0.0704193115234375 0.155258178710938 0.0406723022460937 -0.0193061828613281
-0.130355834960937 0.1728515625 0.0014495849609375 0.0801925659179688
-0.188125610351563 0.146469116210938 -0.057891845703125 0.0843353271484375
-0.103263854980469 0.13311767578125 -0.3284912109375 -0.0345458984375
-0.0685653686523437 0.114128112792969 -0.168243408203125 0.0235443115234375
-0.01922607421875 0.106536865234375 -0.0482101440429687 -0.0392532348632812
0.019195556640625 0.0817794799804688 -0.0658798217773438 -0.1036376953125
0.0391769409179688 0.0587615966796875 -0.0997314453125 -0.116874694824219
0.0780181884765625 0.03656005859375 -0.158432006835938 -0.124801635742188
0.0734939575195313 -0.00209808349609375 -0.208938598632813 -0.11090087890625
0.0678024291992188 -0.00792694091796875 -0.203262329101563 -0.103851318359375
0.06964111328125 -0.00587844848632813 -0.1800537109375 -0.11968994140625
0.0581741333007813 0.00403213500976563 -0.119338989257813 -0.146072387695313
0.0424308776855469 0.0277214050292969 -0.06146240234375 -0.121566772460938
0.0422134399414062 0.0300064086914062 -0.00270843505859374 -0.0777511596679688
0.0224685668945312 0.0742263793945313 0.0200443267822266 0.00928497314453125
-0.01123046875 0.1270751953125 -0.0463104248046875 0.110122680664063
-0.0770492553710938 0.132499694824219 -0.140113830566406 0.110305786132813
-0.0575637817382812 -0.13397216796875 0.157089233398438 -0.157943725585938
-0.148651123046875 -0.071014404296875 0.07232666015625 -0.1318359375
-0.1541748046875 0.022796630859375 -0.022064208984375 -0.0340900421142578
-0.09820556640625 0.08770751953125 -0.01824951171875 0.0576133728027344
-0.0409698486328125 0.105339050292969 0.0143814086914062 0.108695983886719
0.0101242065429687 0.100570678710938 0.109619140625 0.141494750976563
0.0378189086914063 0.0843276977539063 0.197402954101563 0.114425659179688
0.0183486938476562 0.0730667114257812 0.206939697265625 0.079498291015625
0.0118827819824219 0.0668983459472656 0.207565307617188 0.081146240234375
-0.00471496582031249 0.0520172119140625 0.177902221679688 0.0997161865234375
-0.0196075439453125 0.0357780456542969 0.127113342285156 0.0713043212890625
-0.0293693542480469 0.0257339477539063 0.0973739624023438 0.04840087890625
-0.0418548583984375 -0.0149269104003906 0.117713928222656 0.0131301879882813
-0.042572021484375 -0.0573539733886719 0.206832885742188 -0.04425048828125
0.00591278076171875 -0.08062744140625 0.39556884765625 0.0465087890625
-0.177230834960938 -0.090362548828125 0.1495361328125 -0.175582885742188
-0.240921020507812 -0.0355072021484375 0.0823593139648438 -0.140182495117188
-0.246246337890625 0.0769500732421875 -0.00618743896484376 -0.0655441284179688
-0.151412963867187 0.17181396484375 -0.018178939819336 0.0101490020751953
-0.054473876953125 0.19256591796875 -0.0101890563964844 0.0647659301757813
0.053802490234375 0.184127807617187 0.0765457153320313 0.107749938964844
0.106597900390625 0.142288208007812 0.1644287109375 0.082977294921875
0.0867996215820313 0.12445068359375 0.182342529296875 0.042999267578125
0.0937042236328125 0.119407653808594 0.188385009765625 0.0433197021484375
0.06390380859375 0.112907409667969 0.171890258789063 0.0538177490234375
0.0197219848632813 0.122512817382812 0.119255065917969 0.0280380249023438
-0.0169143676757813 0.123237609863281 0.105155944824219 0.00899505615234376
-0.098297119140625 0.0806655883789063 0.1390380859375 -0.0254592895507812
-0.138847351074219 0.0324783325195312 0.22735595703125 -0.0699615478515625
-0.113517761230469 -0.0213546752929687 0.402130126953125 0.011749267578125
-0.270614624023438 -0.037078857421875 0.10211181640625 -0.188858032226563
-0.3056640625 0.00604248046874997 0.0688705444335938 -0.139686584472656
-0.3074951171875 0.12298583984375 0.00933837890624999 -0.0909805297851562
-0.187973022460937 0.233673095703125 -0.0102691650390625 -0.0404090881347656
-0.06427001953125 0.253036499023438 -0.0267887115478516 0.00600242614746095
0.0861968994140625 0.242919921875 0.0372085571289063 0.0521621704101563
0.159408569335937 0.17877197265625 0.109481811523438 0.0360260009765625
0.143218994140625 0.156295776367188 0.129127502441406 0.00030517578125001
0.166290283203125 0.151153564453125 0.139701843261719 0.00244140625000001
0.133331298828125 0.157119750976563 0.13824462890625 0.00318908691406251
0.0675811767578125 0.199127197265625 0.0901260375976563 -0.0174407958984375
0.00500488281250002 0.214584350585938 0.0962905883789063 -0.0322036743164062
-0.142181396484375 0.175323486328125 0.142059326171875 -0.05633544921875
-0.216323852539063 0.122726440429688 0.219436645507812 -0.074981689453125
-0.21429443359375 0.041900634765625 0.363525390625 -0.004791259765625
-0.324066162109375 0.0280151367187499 0.02685546875 -0.1898193359375
-0.329345703125 0.0624694824218751 0.0365066528320312 -0.127311706542969
-0.31689453125 0.169952392578125 0.0202713012695312 -0.104835510253906
-0.184844970703125 0.270126342773437 -0.000534057617187512 -0.0886001586914062
-0.0563201904296875 0.27960205078125 -0.0362586975097656 -0.0560302734375
0.110580444335938 0.26483154296875 -0.00499916076660155 -0.0150775909423828
0.188720703125 0.188262939453125 0.0387153625488281 -0.0199241638183594
0.179000854492187 0.164993286132813 0.0561676025390625 -0.04266357421875
0.212860107421875 0.16156005859375 0.0670089721679688 -0.0364608764648438
0.182586669921875 0.17828369140625 0.0789718627929688 -0.0466461181640625
0.104721069335938 0.247268676757813 0.0436248779296875 -0.0602874755859375
0.025299072265625 0.275772094726563 0.0721969604492188 -0.0660781860351562
-0.1663818359375 0.243576049804688 0.127235412597656 -0.0737762451171875
-0.260910034179687 0.1923828125 0.183837890625 -0.0570831298828125
-0.279388427734375 0.09759521484375 0.28240966796875 -9.1552734374994E-05
-0.3321533203125 0.0924377441406251 -0.068359375 -0.174057006835938
-0.306121826171875 0.12176513671875 -0.010040283203125 -0.101799011230469
-0.269989013671875 0.208099365234375 0.0198974609375 -0.107185363769531
-0.140060424804687 0.274459838867188 0.00153350830078123 -0.125877380371094
-0.0271148681640625 0.265045166015625 -0.0480194091796875 -0.108848571777344
0.127365112304688 0.244613647460938 -0.0485153198242187 -0.0779495239257813
0.194564819335938 0.167587280273438 -0.03778076171875 -0.0716705322265625
0.187149047851563 0.148117065429687 -0.0260391235351562 -0.0786056518554687
0.223709106445312 0.14764404296875 -0.01678466796875 -0.0703506469726563
0.195114135742188 0.171051025390625 0.00634002685546876 -0.0901947021484375
0.117889404296875 0.25115966796875 -0.0109405517578125 -0.0947723388671875
0.0355224609375 0.28472900390625 0.0388031005859375 -0.089813232421875
-0.162918090820312 0.263671875 0.0994873046875 -0.0718994140625
-0.2606201171875 0.224517822265625 0.127815246582031 -0.0181121826171875
-0.296875 0.13446044921875 0.172088623046875 0.0185546875
-0.290771484375 0.1409912109375 -0.170761108398438 -0.138534545898438
-0.242889404296875 0.163970947265625 -0.0643692016601563 -0.0652542114257812
-0.183380126953125 0.216659545898438 0.00518035888671874 -0.0981063842773437
-0.0707550048828125 0.238998413085938 -0.0142822265625 -0.14349365234375
0.011627197265625 0.213104248046875 -0.0657272338867188 -0.13641357421875
0.131973266601563 0.186294555664063 -0.092132568359375 -0.121292114257812
0.174530029296875 0.119384765625 -0.1119384765625 -0.109230041503906
0.16827392578125 0.107330322265625 -0.105598449707031 -0.104537963867188
0.19561767578125 0.111465454101563 -0.0959854125976563 -0.0990142822265625
0.168228149414063 0.13629150390625 -0.061004638671875 -0.124214172363281
0.100814819335937 0.207839965820313 -0.0536575317382812 -0.117393493652344
0.0330047607421875 0.232925415039062 0.0100555419921875 -0.100387573242187
-0.128616333007813 0.226455688476563 0.0685462951660156 -0.054718017578125
-0.2110595703125 0.212692260742188 0.0626106262207031 0.0293045043945313
-0.262069702148438 0.150222778320312 0.0516166687011719 0.0450553894042969
-0.206436157226562 0.161117553710938 -0.26544189453125 -0.0911407470703125
-0.153717041015625 0.1646728515625 -0.121864318847656 -0.0250015258789062
-0.08709716796875 0.181549072265625 -0.0232391357421875 -0.0768814086914062
-0.00804138183593751 0.168243408203125 -0.0439910888671875 -0.134323120117188
0.039764404296875 0.135604858398438 -0.0870895385742187 -0.136199951171875
0.116493225097656 0.107933044433594 -0.131332397460938 -0.135887145996094
0.131263732910156 0.0554962158203125 -0.172988891601563 -0.122802734375
0.122688293457031 0.0498275756835938 -0.169540405273438 -0.11474609375
0.1365966796875 0.055267333984375 -0.155303955078125 -0.118316650390625
0.112648010253906 0.0750961303710938 -0.10614013671875 -0.145111083984375
0.0672073364257813 0.123382568359375 -0.0715408325195312 -0.128837585449219
0.0300674438476562 0.135162353515625 -0.00432586669921875 -0.098785400390625
-0.0625457763671875 0.149078369140625 0.0419044494628906 -0.0284423828125
-0.117721557617187 0.1715087890625 0.00242614746093749 0.0719451904296875
-0.1798095703125 0.149459838867188 -0.0579299926757813 0.0735855102539063
-0.0921630859375 0.144256591796875 -0.3387451171875 -0.043609619140625
-0.058013916015625 0.122909545898438 -0.1761474609375 0.01318359375
-0.00509643554687501 0.108795166015625 -0.0585441589355469 -0.04559326171875
0.0292205810546875 0.0760040283203125 -0.0757904052734375 -0.103858947753906
0.0441627502441406 0.050140380859375 -0.103446960449219 -0.113983154296875
0.07635498046875 0.0246658325195313 -0.159530639648438 -0.124725341796875
0.0663223266601562 -0.0117950439453125 -0.211318969726563 -0.11279296875
0.059814453125 -0.0157966613769531 -0.206939697265625 -0.106887817382812
0.0599708557128906 -0.0130195617675781 -0.184600830078125 -0.123886108398438
0.0484428405761719 -0.00413894653320313 -0.12371826171875 -0.150970458984375
0.0385589599609375 0.015716552734375 -0.0639266967773438 -0.125236511230469
0.0426445007324219 0.0166358947753906 -0.00309753417968749 -0.0837860107421875
0.03350830078125 0.0652580261230469 0.0226573944091797 0.00230979919433594
0.00541687011718751 0.123924255371094 -0.0436248779296875 0.103080749511719
-0.0645065307617187 0.1378173828125 -0.137763977050781 0.102561950683594
-0.0795135498046875 -0.141937255859375 0.152450561523438 -0.153915405273438
-0.166580200195313 -0.059173583984375 0.0693740844726562 -0.126762390136719
-0.163818359375 0.0405731201171875 -0.0244026184082031 -0.0306129455566406
-0.096649169921875 0.106971740722656 -0.0187759399414063 0.0625343322753906
-0.031219482421875 0.119743347167969 0.0134506225585937 0.113739013671875
0.0265884399414062 0.108314514160156 0.113540649414063 0.146743774414063
0.05401611328125 0.087615966796875 0.203659057617187 0.116683959960938
0.0303497314453125 0.0790328979492188 0.211517333984375 0.0792694091796875
0.0235137939453125 0.0748825073242188 0.210906982421875 0.08154296875
0.00122451782226562 0.0621070861816406 0.18084716796875 0.096527099609375
-0.0215911865234375 0.0480079650878906 0.1298828125 0.0655746459960938
-0.0389823913574219 0.0337562561035156 0.105155944824219 0.0444488525390625
-0.0575523376464844 -0.0175819396972656 0.129554748535156 0.0118026733398437
-0.0602378845214844 -0.0646553039550781 0.220184326171875 -0.0430145263671875
-0.00833892822265626 -0.0954666137695313 0.41546630859375 0.044219970703125
-0.199508666992188 -0.096832275390625 0.139785766601562 -0.174789428710938
-0.260574340820313 -0.0256652832031249 0.0749053955078125 -0.137031555175781
-0.25848388671875 0.0946807861328125 -0.0123214721679688 -0.0654373168945313
-0.151092529296875 0.192230224609375 -0.0240230560302734 0.0133190155029297
-0.0463714599609375 0.2088623046875 -0.0166206359863281 0.0687217712402344
0.070343017578125 0.191940307617188 0.0745697021484375 0.113945007324219
0.12347412109375 0.146255493164063 0.16534423828125 0.0847015380859375
0.0996932983398438 0.131378173828125 0.181060791015625 0.0412750244140625
0.106430053710938 0.126968383789063 0.18707275390625 0.0407562255859375
0.0701828002929687 0.122550964355469 0.170806884765625 0.04693603515625
0.0193557739257813 0.134429931640625 0.117744445800781 0.0191116333007813
-0.0241775512695312 0.130966186523438 0.109519958496094 -0.00133514404296874
-0.113357543945313 0.079833984375 0.147964477539063 -0.0339508056640625
-0.155364990234375 0.02777099609375 0.238449096679688 -0.0755615234375
-0.127754211425781 -0.03466796875 0.417144775390625 0.0025634765625
-0.288848876953125 -0.042633056640625 0.08648681640625 -0.193008422851563
-0.32415771484375 0.012847900390625 0.0579681396484375 -0.14093017578125
-0.321075439453125 0.138153076171875 9.15527343749714E-05 -0.0941619873046875
-0.189682006835938 0.25225830078125 -0.0207748413085938 -0.0413169860839844
-0.0591583251953125 0.268402099609375 -0.0376167297363281 0.00818252563476564
0.1002197265625 0.25115966796875 0.0300827026367188 0.0569953918457031
0.17413330078125 0.183258056640625 0.104660034179688 0.0361251831054688
0.1546630859375 0.162017822265625 0.123641967773438 -0.00310516357421874
0.178695678710937 0.157211303710938 0.134315490722656 -0.00245666503906249
0.139617919921875 0.163619995117188 0.132156372070313 -0.00572204589843749
0.070159912109375 0.209121704101563 0.0854644775390625 -0.0276336669921875
0.000946044921874978 0.22320556640625 0.098052978515625 -0.044708251953125
-0.153518676757812 0.178146362304688 0.148223876953125 -0.0704498291015625
-0.230361938476563 0.122344970703125 0.22723388671875 -0.0849456787109375
-0.228164672851563 0.0326385498046875 0.3741455078125 -0.02008056640625
-0.33642578125 0.0243835449218751 0.00631713867187498 -0.197601318359375
-0.343109130859375 0.065582275390625 0.0230636596679687 -0.132270812988281
-0.327667236328125 0.178924560546875 0.00814819335937497 -0.111381530761719
-0.188140869140625 0.28350830078125 -0.0142288208007813 -0.0919570922851562
-0.054595947265625 0.291351318359375 -0.050933837890625 -0.0560035705566406
0.120010375976563 0.270706176757812 -0.0154190063476562 -0.0122127532958984
0.199630737304688 0.191543579101563 0.0297374725341797 -0.0201435089111328
0.187484741210938 0.16864013671875 0.0464324951171875 -0.0468940734863281
0.223281860351563 0.1651611328125 0.0581855773925781 -0.0418968200683594
0.187911987304688 0.182220458984375 0.06915283203125 -0.0567779541015625
0.109939575195313 0.254013061523438 0.0346488952636719 -0.0700340270996093
0.02569580078125 0.283050537109375 0.0689849853515625 -0.0803298950195312
-0.172927856445313 0.249053955078125 0.129104614257813 -0.0891647338867187
-0.26995849609375 0.195526123046875 0.187332153320312 -0.0698699951171875
-0.2900390625 0.092681884765625 0.28643798828125 -0.01751708984375
-0.336395263671875 0.0920715332031249 -0.092376708984375 -0.184356689453125
-0.312347412109375 0.124359130859375 -0.0255889892578125 -0.110603332519531
-0.275283813476563 0.211334228515625 0.00703430175781247 -0.116165161132813
-0.1407470703125 0.280380249023438 -0.014678955078125 -0.131950378417969
-0.027008056640625 0.270721435546875 -0.0622634887695312 -0.110641479492187
0.132156372070312 0.24639892578125 -0.06036376953125 -0.0781707763671875
0.199737548828125 0.168426513671875 -0.0503387451171875 -0.073883056640625
0.190704345703125 0.14947509765625 -0.0388412475585937 -0.0833663940429688
0.23028564453125 0.147979736328125 -0.0281829833984375 -0.076019287109375
0.198455810546875 0.171585083007813 -0.00707244873046874 -0.0987777709960938
0.122711181640625 0.25445556640625 -0.0229873657226562 -0.102310180664062
0.038787841796875 0.2879638671875 0.0318603515625 -0.103416442871094
-0.164764404296875 0.268524169921875 0.0984268188476562 -0.0872726440429687
-0.263565063476563 0.229156494140625 0.127578735351563 -0.029449462890625
-0.302337646484375 0.1341552734375 0.172256469726562 0.00213623046875001
-0.287078857421875 0.146148681640625 -0.194625854492188 -0.1502685546875
-0.240646362304688 0.167098999023437 -0.0808792114257813 -0.0771331787109375
-0.179672241210938 0.217575073242188 -0.00885009765625 -0.108085632324219
-0.068115234375 0.237762451171875 -0.0305938720703125 -0.149185180664062
0.011688232421875 0.211883544921875 -0.0782928466796875 -0.139076232910156
0.1326904296875 0.183273315429688 -0.103057861328125 -0.122673034667969
0.174560546875 0.117874145507813 -0.1248779296875 -0.1124267578125
0.167190551757812 0.106704711914063 -0.119461059570312 -0.108924865722656
0.196563720703125 0.109375 -0.109321594238281 -0.103744506835937
0.167098999023438 0.134246826171875 -0.07562255859375 -0.131072998046875
0.10284423828125 0.206008911132813 -0.0665664672851562 -0.124923706054687
0.0355987548828125 0.231002807617187 0.00102996826171876 -0.112167358398438
-0.125747680664063 0.227493286132813 0.0657730102539062 -0.0685462951660156
-0.206344604492187 0.2159423828125 0.061187744140625 0.0188713073730469
-0.26068115234375 0.153350830078125 0.0483360290527344 0.0312347412109375
-0.196044921875 0.17022705078125 -0.287750244140625 -0.0999450683593751
-0.1436767578125 0.169769287109375 -0.137779235839844 -0.0363922119140625
-0.0753021240234375 0.180587768554688 -0.0379257202148438 -0.085601806640625
-0.000854492187500013 0.162750244140625 -0.0595626831054687 -0.137313842773438
0.040771484375 0.12884521484375 -0.0962142944335938 -0.136581420898437
0.114517211914063 0.0994186401367188 -0.139404296875 -0.137588500976563
0.125686645507813 0.0494537353515625 -0.184829711914063 -0.125885009765625
0.116912841796875 0.0459747314453125 -0.182662963867187 -0.118026733398437
0.130653381347656 0.051727294921875 -0.169143676757813 -0.12237548828125
0.106132507324219 0.07012939453125 -0.11962890625 -0.151687622070312
0.0643692016601563 0.116920471191406 -0.0820083618164063 -0.134208679199219
0.02899169921875 0.126380920410156 -0.0120468139648437 -0.108070373535156
-0.0560302734375 0.143753051757813 0.0404319763183594 -0.0398483276367187
-0.105941772460938 0.170013427734375 0.00108718872070311 0.0638923645019531
-0.171066284179688 0.153335571289063 -0.0620536804199219 0.0635490417480469
-0.0770263671875 0.156143188476563 -0.358123779296875 -0.04571533203125
-0.0446853637695313 0.129814147949219 -0.191055297851563 0.00703430175781255
0.0105743408203125 0.108467102050781 -0.07257080078125 -0.04931640625
0.0391845703125 0.0682830810546875 -0.0888824462890625 -0.102149963378906
0.0482101440429687 0.0401077270507812 -0.108833312988281 -0.110481262207031
0.073028564453125 0.0125503540039062 -0.164047241210937 -0.125289916992188
0.0559654235839844 -0.020233154296875 -0.220809936523438 -0.11474609375
0.0494842529296875 -0.0222434997558594 -0.217254638671875 -0.108169555664062
0.0482521057128906 -0.0181388854980469 -0.195526123046875 -0.126602172851563
0.0367698669433594 -0.0107460021972656 -0.133193969726563 -0.155914306640625
0.0302276611328125 0.00522804260253906 -0.069427490234375 -0.13037109375
0.039703369140625 0.00294876098632813 -0.00757598876953125 -0.0913772583007813
0.0443649291992188 0.0532264709472656 0.0236072540283203 -0.00624275207519531
0.0230026245117188 0.118316650390625 -0.0426254272460938 0.0978775024414063
-0.0487823486328125 0.14276123046875 -0.139625549316406 0.0964431762695313
-0.105606079101562 -0.141769409179688 0.149658203125 -0.149642944335938
-0.181320190429688 -0.0398712158203125 0.0673370361328125 -0.120765686035156
-0.1671142578125 0.062835693359375 -0.0265350341796875 -0.0265102386474609
-0.086456298828125 0.126884460449219 -0.0164871215820313 0.0685272216796875
-0.014862060546875 0.131011962890625 0.015869140625 0.119598388671875
0.0469894409179688 0.109832763671875 0.121612548828125 0.150344848632813
0.072540283203125 0.0851364135742188 0.212600708007813 0.114608764648438
0.0450439453125 0.0804519653320313 0.21759033203125 0.0771331787109375
0.0392990112304687 0.078582763671875 0.216522216796875 0.0776214599609375
0.0112838745117188 0.0701675415039063 0.184295654296875 0.089996337890625
-0.0192375183105469 0.0607376098632813 0.131088256835938 0.0570831298828125
-0.0453071594238281 0.0444831848144531 0.111587524414063 0.0355453491210938
-0.074859619140625 -0.01446533203125 0.141571044921875 0.0052490234375
-0.081298828125 -0.0648345947265625 0.233932495117188 -0.0495452880859375
-0.0281143188476562 -0.10552978515625 0.435577392578125 0.0308837890625
-0.224533081054688 -0.0950927734375 0.129165649414063 -0.172164916992188
-0.277618408203125 -0.00572204589843747 0.0681610107421875 -0.133003234863281
-0.264404296875 0.119415283203125 -0.0196571350097656 -0.0627479553222656
-0.141738891601562 0.214599609375 -0.0287551879882813 0.01812744140625
-0.0290679931640625 0.222091674804688 -0.0217666625976563 0.0763320922851563
0.0923614501953125 0.194244384765625 0.07696533203125 0.120018005371094
0.144119262695313 0.143447875976563 0.168487548828125 0.085296630859375
0.116142272949219 0.132171630859375 0.181060791015625 0.038299560546875
0.124305725097656 0.129501342773438 0.18670654296875 0.0361175537109375
0.0817031860351562 0.12921142578125 0.16766357421875 0.038604736328125
0.0249481201171875 0.146331787109375 0.11419677734375 0.00931549072265626
-0.02716064453125 0.141433715820312 0.111312866210937 -0.0133209228515625
-0.128013610839844 0.0855789184570312 0.155044555664063 -0.04669189453125
-0.174087524414063 0.0299835205078125 0.246124267578125 -0.087188720703125
-0.147232055664063 -0.0412750244140625 0.430206298828125 -0.01727294921875
-0.310546875 -0.04095458984375 0.067962646484375 -0.191299438476563
-0.34051513671875 0.030029296875 0.045867919921875 -0.138130187988281
-0.329833984375 0.160491943359375 -0.0118331909179688 -0.093719482421875
-0.182022094726563 0.274002075195312 -0.0320091247558594 -0.037109375
-0.04541015625 0.283111572265625 -0.048583984375 0.0153427124023438
0.1207275390625 0.2537841796875 0.0264625549316406 0.0641708374023438
0.193115234375 0.18072509765625 0.100791931152344 0.0383682250976563
0.16973876953125 0.162368774414063 0.116744995117188 -0.00568389892578124
0.196578979492188 0.157257080078125 0.128608703613281 -0.00626373291015624
0.151199340820313 0.167877197265625 0.124130249023438 -0.014556884765625
0.0789794921875 0.218032836914063 0.07623291015625 -0.0370407104492187
0.00373840332031249 0.232345581054687 0.0930709838867188 -0.0594940185546875
-0.163833618164062 0.186782836914063 0.148818969726563 -0.08758544921875
-0.244308471679687 0.129653930664063 0.2301025390625 -0.101608276367187
-0.2451171875 0.030120849609375 0.379119873046875 -0.0423583984375
-0.350555419921875 0.027618408203125 -0.0184783935546875 -0.19757080078125
-0.354949951171875 0.07763671875 0.00625610351562499 -0.13238525390625
-0.335784912109375 0.195281982421875 -0.00701141357421878 -0.113761901855469
-0.184173583984375 0.300750732421875 -0.0309906005859375 -0.0906448364257813
-0.0452880859375 0.30377197265625 -0.0656814575195313 -0.0505104064941406
0.135421752929687 0.27349853515625 -0.0250244140625 -0.00481796264648436
0.214813232421875 0.190216064453125 0.0206317901611328 -0.0176429748535156
0.19927978515625 0.168701171875 0.0348777770996094 -0.0484695434570312
0.238800048828125 0.162139892578125 0.0471115112304688 -0.0450477600097656
0.198623657226562 0.182785034179687 0.0551338195800781 -0.0643463134765625
0.120758056640625 0.25927734375 0.0212020874023438 -0.0774002075195313
0.033203125 0.290008544921875 0.0594024658203125 -0.0945358276367187
-0.176910400390625 0.25927734375 0.124305725097656 -0.107933044433594
-0.277053833007813 0.205657958984375 0.185791015625 -0.0865325927734375
-0.3026123046875 0.0950317382812499 0.286468505859375 -0.040557861328125
-0.34027099609375 0.0970764160156249 -0.121261596679688 -0.18511962890625
-0.3167724609375 0.132080078125 -0.0462188720703125 -0.113677978515625
-0.2784423828125 0.22021484375 -0.011016845703125 -0.121391296386719
-0.138214111328125 0.289031982421875 -0.0342941284179687 -0.132232666015625
-0.0228271484375 0.277664184570313 -0.0787124633789062 -0.106895446777344
0.140594482421875 0.24609375 -0.0727157592773437 -0.0732803344726562
0.208389282226563 0.166702270507812 -0.06292724609375 -0.071502685546875
0.198867797851563 0.148468017578125 -0.0539703369140625 -0.083984375
0.239944458007812 0.144821166992188 -0.0430221557617187 -0.0764846801757812
0.20526123046875 0.169464111328125 -0.024658203125 -0.104019165039062
0.13232421875 0.255386352539063 -0.0392532348632813 -0.106491088867188
0.046630859375 0.291290283203125 0.019073486328125 -0.114913940429688
-0.162521362304688 0.277267456054687 0.0907058715820313 -0.103988647460938
-0.263320922851563 0.239013671875 0.123435974121094 -0.0444107055664062
-0.30853271484375 0.139190673828125 0.16705322265625 -0.017303466796875
-0.281707763671875 0.15264892578125 -0.225143432617188 -0.150070190429688
-0.235427856445313 0.171524047851562 -0.102767944335938 -0.0819244384765625
-0.175247192382813 0.218307495117188 -0.0279083251953125 -0.1134033203125
-0.0638580322265625 0.23675537109375 -0.0507354736328125 -0.149063110351562
0.0132598876953125 0.21136474609375 -0.0930557250976562 -0.136505126953125
0.134002685546875 0.178939819335937 -0.116432189941406 -0.11956787109375
0.175628662109375 0.114654541015625 -0.140388488769531 -0.109809875488281
0.167465209960938 0.104888916015625 -0.1356201171875 -0.108100891113281
0.199142456054688 0.106124877929688 -0.125717163085938 -0.102737426757813
0.167205810546875 0.130340576171875 -0.0942916870117188 -0.133140563964844
0.107070922851563 0.203765869140625 -0.0836563110351563 -0.126312255859375
0.0396575927734375 0.22906494140625 -0.0124053955078125 -0.121025085449219
-0.121063232421875 0.229705810546875 0.0575027465820312 -0.0821075439453125
-0.200057983398438 0.220321655273438 0.0560302734375 0.00873184204101564
-0.2581787109375 0.158798217773437 0.0409774780273437 0.0174064636230469
-0.181182861328125 0.17791748046875 -0.31591796875 -0.0976562499999999
-0.131240844726563 0.173171997070313 -0.158599853515625 -0.0399017333984375
-0.0639495849609375 0.177261352539063 -0.0568084716796875 -0.0885238647460937
0.00573730468750001 0.154312133789063 -0.0772933959960938 -0.134674072265625
0.0413436889648437 0.121719360351563 -0.107040405273438 -0.132514953613281
0.110099792480469 0.0911636352539062 -0.150665283203125 -0.135467529296875
0.118690490722656 0.0456771850585938 -0.19989013671875 -0.12353515625
0.110946655273438 0.0434646606445313 -0.198623657226563 -0.115142822265625
0.125350952148438 0.0493545532226562 -0.185028076171875 -0.120315551757812
0.0993118286132813 0.067657470703125 -0.13702392578125 -0.152435302734375
0.0604171752929688 0.112045288085938 -0.0968551635742188 -0.1357421875
0.02764892578125 0.119171142578125 -0.0242767333984375 -0.115119934082031
-0.0495986938476563 0.136871337890625 0.0343704223632813 -0.0505027770996094
-0.0942840576171875 0.16668701171875 -0.00238418579101563 0.0567131042480469
-0.159637451171875 0.156494140625 -0.069580078125 0.0553627014160156
-0.056396484375 0.163497924804688 -0.382354736328125 -0.0393066406249999
-0.0273284912109375 0.132675170898438 -0.209060668945313 0.00762939453125005
0.0267868041992187 0.102699279785156 -0.0885543823242187 -0.0473175048828125
0.0467948913574219 0.0568199157714844 -0.10235595703125 -0.0952377319335938
0.0482521057128906 0.0287971496582031 -0.114555358886719 -0.104843139648437
0.0647048950195312 0.00185775756835937 -0.1712646484375 -0.12225341796875
0.0434455871582031 -0.025115966796875 -0.232345581054688 -0.111434936523438
0.0371170043945313 -0.0248680114746094 -0.230316162109375 -0.104476928710938
0.0345916748046875 -0.0194244384765625 -0.20965576171875 -0.125106811523438
0.0235729217529297 -0.0123481750488281 -0.146072387695312 -0.155624389648438
0.0192470550537109 -0.00230598449707031 -0.0797119140625 -0.132987976074219
0.0312900543212891 -0.0094757080078125 -0.015625 -0.0980224609375
0.0500602722167969 0.037017822265625 0.0215702056884766 -0.0152187347412109
0.039703369140625 0.1063232421875 -0.0433349609375 0.0927505493164063
-0.0301513671875 0.142379760742188 -0.143447875976562 0.092071533203125
-0.128837585449219 -0.132537841796875 0.149185180664063 -0.143768310546875
-0.186981201171875 -0.016571044921875 0.0687789916992188 -0.11474609375
-0.162384033203125 0.0855865478515625 -0.0269126892089844 -0.0211677551269531
-0.0699462890625 0.140312194824219 -0.0117874145507812 0.0727462768554688
0.00490570068359376 0.135025024414063 0.0200881958007813 0.123802185058594
0.0668869018554688 0.103271484375 0.130020141601562 0.149581909179687
0.0883712768554688 0.0756301879882813 0.220458984375 0.109100341796875
0.0587997436523438 0.0756759643554688 0.22137451171875 0.07183837890625
0.055267333984375 0.07550048828125 0.220184326171875 0.07293701171875
0.0235137939453125 0.0742034912109375 0.183578491210938 0.0823516845703125
-0.0116043090820313 0.0717544555664063 0.129081726074219 0.048248291015625
-0.0469512939453125 0.0570564270019531 0.115081787109375 0.02490234375
-0.0895462036132813 -0.00462341308593749 0.149749755859375 -0.005615234375
-0.101127624511719 -0.057708740234375 0.243759155273438 -0.0587158203125
-0.0502777099609375 -0.107513427734375 0.448638916015625 0.00918579101562499
-0.246734619140625 -0.0839080810546875 0.1207275390625 -0.164215087890625
-0.2845458984375 0.017669677734375 0.0641860961914062 -0.125602722167969
-0.260971069335938 0.144180297851562 -0.0251541137695313 -0.0574111938476563
-0.12298583984375 0.230697631835938 -0.0305366516113281 0.0248451232910156
-0.00869750976562498 0.228805541992188 -0.0231399536132813 0.0843734741210938
0.114227294921875 0.18780517578125 0.0809783935546875 0.124748229980469
0.161392211914063 0.133575439453125 0.171630859375 0.083648681640625
0.131378173828125 0.126815795898438 0.1790771484375 0.03521728515625
0.1422119140625 0.124053955078125 0.184219360351563 0.03253173828125
0.0947418212890625 0.131706237792969 0.1617431640625 0.0316314697265625
0.0344390869140625 0.155410766601563 0.106971740722656 0.00128936767578126
-0.0266265869140625 0.152328491210937 0.108436584472656 -0.025848388671875
-0.139663696289063 0.0949859619140625 0.156082153320313 -0.0612030029296875
-0.1903076171875 0.0392913818359375 0.2493896484375 -0.101425170898437
-0.168441772460938 -0.0410919189453125 0.433807373046875 -0.03973388671875
-0.32781982421875 -0.0308837890625 0.0523681640625 -0.18157958984375
-0.34857177734375 0.050048828125 0.036346435546875 -0.130020141601563
-0.329193115234375 0.183685302734375 -0.0223007202148438 -0.088623046875
-0.1669921875 0.290740966796875 -0.0404472351074219 -0.0296783447265625
-0.026885986328125 0.2908935546875 -0.055511474609375 0.0261383056640625
0.1402587890625 0.247970581054688 0.0250320434570313 0.0729293823242188
0.210159301757813 0.171432495117188 0.098602294921875 0.0410842895507813
0.184539794921875 0.156829833984375 0.110099792480469 -0.00631713867187499
0.213088989257813 0.150192260742188 0.121368408203125 -0.00776672363281249
0.16400146484375 0.166351318359375 0.113265991210938 -0.0199508666992187
0.09075927734375 0.223068237304688 0.0644493103027344 -0.0428848266601562
0.00929260253906252 0.24029541015625 0.0842514038085938 -0.0711288452148437
-0.16949462890625 0.19818115234375 0.1429443359375 -0.103713989257812
-0.253936767578125 0.14013671875 0.226913452148438 -0.117034912109375
-0.261672973632813 0.0334625244140625 0.375701904296875 -0.065826416015625
-0.361541748046875 0.0352783203125001 -0.041015625 -0.187469482421875
-0.36083984375 0.092559814453125 -0.00901031494140627 -0.124961853027344
-0.3363037109375 0.213226318359375 -0.0223388671875 -0.109779357910156
-0.1724853515625 0.314544677734375 -0.0449142456054688 -0.0824966430664062
-0.032989501953125 0.311492919921875 -0.077667236328125 -0.0401458740234375
0.1510009765625 0.268783569335938 -0.0308837890625 0.00487327575683596
0.227630615234375 0.182662963867188 0.0134353637695313 -0.0121841430664062
0.210250854492188 0.163986206054688 0.0235404968261719 -0.0460777282714844
0.252212524414063 0.154876708984375 0.0361785888671875 -0.0439224243164062
0.208480834960938 0.17864990234375 0.0398292541503906 -0.06591796875
0.132659912109375 0.2603759765625 0.00585174560546876 -0.0794448852539062
0.041473388671875 0.294281005859375 0.0452651977539063 -0.103790283203125
-0.17572021484375 0.270263671875 0.113258361816406 -0.123146057128906
-0.279708862304688 0.21734619140625 0.17803955078125 -0.101287841796875
-0.3123779296875 0.10107421875 0.277267456054688 -0.061370849609375
-0.342926025390625 0.101898193359375 -0.147476196289063 -0.175094604492188
-0.31719970703125 0.140167236328125 -0.0656356811523438 -0.108322143554687
-0.27789306640625 0.229415893554688 -0.0300979614257813 -0.118362426757812
-0.13189697265625 0.29522705078125 -0.0518951416015625 -0.124931335449219
-0.017242431640625 0.2823486328125 -0.09283447265625 -0.0973663330078125
0.147994995117187 0.242828369140625 -0.0826644897460937 -0.0634765625
0.215225219726563 0.1611328125 -0.0746917724609375 -0.0645217895507812
0.20361328125 0.145263671875 -0.0674514770507812 -0.078887939453125
0.247848510742188 0.13787841796875 -0.0566864013671875 -0.0720901489257812
0.210479736328125 0.16461181640625 -0.0423126220703125 -0.101234436035156
0.1414794921875 0.2529296875 -0.0562286376953125 -0.104423522949219
0.055145263671875 0.291290283203125 0.00247955322265626 -0.120468139648437
-0.157928466796875 0.284423828125 0.0767364501953125 -0.11688232421875
-0.258621215820312 0.247756958007813 0.113800048828125 -0.0554428100585937
-0.31048583984375 0.145172119140625 0.154144287109375 -0.033935546875
-0.27301025390625 0.155441284179688 -0.252029418945313 -0.139541625976563
-0.228713989257813 0.173248291015625 -0.123809814453125 -0.0775299072265625
-0.170623779296875 0.217315673828125 -0.0477447509765625 -0.110687255859375
-0.05950927734375 0.234512329101563 -0.068939208984375 -0.14141845703125
0.0136260986328125 0.209930419921875 -0.105743408203125 -0.127723693847656
0.134109497070313 0.17449951171875 -0.126800537109375 -0.112625122070312
0.174896240234375 0.111160278320312 -0.15350341796875 -0.102188110351562
0.167373657226563 0.102890014648438 -0.151016235351563 -0.10064697265625
0.200332641601563 0.102279663085938 -0.140625 -0.0950927734375
0.167266845703125 0.126983642578125 -0.112358093261719 -0.127799987792969
0.110137939453125 0.199539184570313 -0.099609375 -0.121292114257812
0.043670654296875 0.225204467773438 -0.0283432006835937 -0.123481750488281
-0.115676879882812 0.229141235351563 0.0448760986328125 -0.0914230346679688
-0.191116333007813 0.221710205078125 0.0471000671386719 0.000869750976562514
-0.253311157226563 0.162338256835938 0.028045654296875 0.00666236877441407
-0.164901733398438 0.179183959960938 -0.3397216796875 -0.0846252441406249
-0.118759155273438 0.1715087890625 -0.179306030273437 -0.0352630615234375
-0.0538177490234375 0.168838500976563 -0.0752410888671875 -0.0839462280273437
0.008209228515625 0.144805908203125 -0.0927200317382812 -0.125396728515625
0.038543701171875 0.114334106445312 -0.115196228027344 -0.124763488769531
0.10321044921875 0.085174560546875 -0.159500122070313 -0.129119873046875
0.111312866210938 0.0440750122070313 -0.211669921875 -0.11590576171875
0.103790283203125 0.0436935424804688 -0.211441040039063 -0.106658935546875
0.119148254394531 0.0490951538085938 -0.199478149414063 -0.111602783203125
0.0920791625976563 0.0672988891601563 -0.153305053710938 -0.145706176757813
0.0556488037109375 0.108283996582031 -0.110694885253906 -0.131111145019531
0.0231781005859375 0.112953186035156 -0.0381927490234375 -0.116401672363281
-0.04669189453125 0.127853393554688 0.0240821838378906 -0.0582160949707031
-0.083038330078125 0.1588134765625 -0.00878524780273439 0.0516090393066406
-0.1475830078125 0.154937744140625 -0.0790863037109375 0.0491409301757813
-0.03515625 0.162704467773438 -0.399749755859375 -0.0234374999999999
-0.01129150390625 0.129310607910156 -0.2249755859375 0.0146942138671875
0.040557861328125 0.0912322998046875 -0.102706909179687 -0.040313720703125
0.0495262145996094 0.0434951782226562 -0.112213134765625 -0.0842437744140625
0.0441741943359375 0.018157958984375 -0.11737060546875 -0.097259521484375
0.0531578063964844 -0.00531387329101563 -0.175918579101563 -0.117172241210938
0.0295467376708984 -0.0247974395751953 -0.240890502929687 -0.104293823242188
0.0246963500976563 -0.0225410461425781 -0.239486694335938 -0.09576416015625
0.0215110778808594 -0.015380859375 -0.221649169921875 -0.117706298828125
0.0106287002563477 -0.00976467132568359 -0.158416748046875 -0.151229858398438
0.00555944442749023 -0.00536966323852539 -0.0900344848632812 -0.131134033203125
0.0194816589355469 -0.0182418823242188 -0.0258102416992187 -0.100975036621094
0.0500869750976562 0.01959228515625 0.0161991119384766 -0.0227603912353516
0.0509109497070313 0.0891571044921875 -0.0457229614257813 0.087432861328125
-0.0130691528320312 0.13494873046875 -0.148117065429688 0.08929443359375
-0.145553588867188 -0.118408203125 0.152450561523438 -0.135421752929688
-0.18389892578125 0.00413513183593747 0.0736312866210937 -0.108268737792969
-0.151016235351563 0.101364135742188 -0.0248699188232422 -0.0167503356933594
-0.052337646484375 0.146759033203125 -0.00711822509765625 0.07489013671875
0.022064208984375 0.133140563964844 0.0240325927734375 0.125930786132813
0.0811386108398438 0.0917587280273438 0.135116577148438 0.148223876953125
0.0984878540039063 0.0628585815429688 0.223724365234375 0.105209350585937
0.0689048767089844 0.0681076049804688 0.222763061523438 0.06866455078125
0.0676040649414063 0.0684051513671875 0.220123291015625 0.0702972412109375
0.0347671508789063 0.0737380981445313 0.180831909179687 0.0778350830078125
-0.0025787353515625 0.0786209106445312 0.123970031738281 0.0423583984375
-0.0455818176269531 0.0683174133300781 0.11444091796875 0.015655517578125
-0.0996627807617188 0.00673675537109373 0.15338134765625 -0.0152435302734375
-0.115570068359375 -0.0464096069335937 0.249679565429687 -0.0679931640625
-0.0684890747070313 -0.103317260742187 0.452972412109375 -0.00674438476562501
-0.261764526367188 -0.0711822509765626 0.119476318359375 -0.152786254882813
-0.2825927734375 0.038238525390625 0.065093994140625 -0.116989135742187
-0.251693725585938 0.16241455078125 -0.0269966125488281 -0.0506324768066406
-0.104965209960937 0.238388061523438 -0.0300331115722656 0.0307388305664063
0.00852966308593751 0.227142333984375 -0.022369384765625 0.0919189453125
0.1292724609375 0.175796508789063 0.0845184326171875 0.127799987792969
0.17364501953125 0.120513916015625 0.172821044921875 0.0841064453125
0.141830444335938 0.118621826171875 0.176071166992188 0.035400390625
0.155258178710938 0.11541748046875 0.180923461914062 0.032318115234375
0.10565185546875 0.129600524902344 0.154190063476563 0.02880859375
0.0439300537109375 0.160614013671875 0.0981521606445313 -0.00225067138671874
-0.0244140625 0.162002563476563 0.101821899414063 -0.0336074829101563
-0.148956298828125 0.106536865234375 0.153396606445313 -0.0718994140625
-0.202682495117187 0.0504150390625 0.249313354492188 -0.1112060546875
-0.186004638671875 -0.0369720458984375 0.4300537109375 -0.0560302734375
-0.34100341796875 -0.0202026367187501 0.0448760986328125 -0.167022705078125
-0.3482666015625 0.067230224609375 0.0326614379882812 -0.119148254394531
-0.3228759765625 0.200439453125 -0.0288314819335938 -0.0812530517578125
-0.15191650390625 0.2991943359375 -0.0445289611816406 -0.0207633972167969
-0.0125732421875 0.29217529296875 -0.0591926574707031 0.0366439819335938
0.1531982421875 0.238143920898438 0.02581787109375 0.0806121826171875
0.2208251953125 0.16009521484375 0.0975723266601563 0.0453948974609375
0.193008422851563 0.1502685546875 0.103546142578125 -0.00314331054687499
0.22430419921875 0.141311645507813 0.11505126953125 -0.00547027587890624
0.17266845703125 0.163330078125 0.101631164550781 -0.0198211669921875
0.100418090820313 0.225372314453125 0.0530891418457031 -0.0437507629394531
0.0132598876953125 0.246047973632813 0.0728607177734375 -0.076995849609375
-0.174972534179687 0.20758056640625 0.133544921875 -0.11419677734375
-0.261398315429688 0.1512451171875 0.220550537109375 -0.126571655273438
-0.27484130859375 0.0380249023437499 0.3648681640625 -0.080535888671875
-0.369659423828125 0.0406494140625 -0.054962158203125 -0.171676635742188
-0.362091064453125 0.103302001953125 -0.0178298950195313 -0.113685607910156
-0.33465576171875 0.22540283203125 -0.0329055786132813 -0.101127624511719
-0.163177490234375 0.321441650390625 -0.0537261962890625 -0.0724029541015625
-0.023529052734375 0.31488037109375 -0.0841903686523438 -0.027618408203125
0.160140991210938 0.262863159179688 -0.0328445434570312 0.0156497955322266
0.234970092773438 0.17474365234375 0.00908088684082033 -0.00485134124755858
0.216796875 0.15899658203125 0.0150260925292969 -0.0401802062988281
0.260345458984375 0.1466064453125 0.0280914306640625 -0.0383224487304687
0.214263916015625 0.174285888671875 0.0263252258300781 -0.0621986389160156
0.141677856445313 0.258682250976563 -0.00753784179687499 -0.0758209228515625
0.047454833984375 0.295989990234375 0.0315628051757813 -0.106758117675781
-0.176223754882812 0.277389526367188 0.0997467041015625 -0.131263732910156
-0.281524658203125 0.225830078125 0.167434692382812 -0.10931396484375
-0.32086181640625 0.104705810546875 0.262527465820313 -0.073577880859375
-0.343780517578125 0.102386474609375 -0.1649169921875 -0.158859252929688
-0.31707763671875 0.143768310546875 -0.0789260864257813 -0.0972442626953125
-0.278121948242187 0.232925415039063 -0.0438003540039063 -0.109931945800781
-0.12762451171875 0.299163818359375 -0.063629150390625 -0.113540649414062
-0.013671875 0.284637451171875 -0.100440979003906 -0.0859375
0.15203857421875 0.238357543945312 -0.087554931640625 -0.053070068359375
0.218414306640625 0.157424926757813 -0.0809249877929687 -0.0555038452148437
0.206466674804688 0.142562866210938 -0.0772857666015625 -0.0709915161132813
0.252059936523437 0.132339477539062 -0.0662498474121094 -0.0644187927246094
0.212432861328125 0.160430908203125 -0.0557632446289062 -0.0941925048828125
0.146896362304688 0.249252319335938 -0.068817138671875 -0.0978775024414062
0.0594482421875 0.290069580078125 -0.0119171142578125 -0.120216369628906
-0.154693603515625 0.286346435546875 0.0627059936523437 -0.12200927734375
-0.255874633789063 0.25067138671875 0.102203369140625 -0.0605239868164062
-0.312774658203125 0.14697265625 0.138572692871094 -0.0430450439453125
-0.267349243164063 0.152313232421875 -0.2703857421875 -0.124176025390625
-0.224014282226563 0.170196533203125 -0.140281677246094 -0.068115234375
-0.169479370117188 0.212692260742188 -0.0631484985351563 -0.102333068847656
-0.0600433349609375 0.231826782226563 -0.0813522338867188 -0.130096435546875
0.0110931396484375 0.209320068359375 -0.112579345703125 -0.117912292480469
0.130661010742188 0.172195434570313 -0.132194519042969 -0.103523254394531
0.173126220703125 0.111190795898438 -0.161148071289063 -0.0928497314453125
0.165451049804688 0.103515625 -0.160202026367188 -0.0917205810546875
0.199615478515625 0.100189208984375 -0.150100708007813 -0.0855712890625
0.165252685546875 0.125686645507813 -0.124397277832031 -0.119186401367188
0.10992431640625 0.196807861328125 -0.1109619140625 -0.112968444824219
0.0428466796875 0.221542358398438 -0.0428466796875 -0.120773315429687
-0.114105224609375 0.225997924804688 0.0312423706054687 -0.09527587890625
-0.186111450195312 0.218048095703125 0.0370292663574219 -0.00255203247070311
-0.249664306640625 0.15899658203125 0.0131158828735351 0.000989913940429697
-0.151901245117188 0.172744750976562 -0.356170654296875 -0.070648193359375
-0.1097412109375 0.163986206054688 -0.1949462890625 -0.0269012451171874
-0.0499420166015625 0.158279418945313 -0.0883712768554688 -0.0750579833984375
0.00578308105468751 0.134880065917969 -0.101768493652344 -0.11419677734375
0.0326080322265625 0.110435485839844 -0.118690490722656 -0.116477966308594
0.0940322875976563 0.082733154296875 -0.163726806640625 -0.122909545898438
0.103515625 0.0467987060546875 -0.218917846679688 -0.107635498046875
0.0979385375976563 0.0472946166992188 -0.218704223632813 -0.098052978515625
0.113296508789063 0.0523681640625 -0.208343505859375 -0.101852416992188
0.0853729248046875 0.0698089599609375 -0.163330078125 -0.136947631835938
0.0489425659179688 0.107444763183594 -0.120018005371094 -0.123680114746094
0.0163345336914063 0.109146118164062 -0.0489883422851563 -0.113693237304688
-0.0482101440429688 0.118690490722656 0.014251708984375 -0.0620613098144531
-0.0785064697265625 0.147369384765625 -0.0168418884277344 0.0483894348144531
-0.138763427734375 0.147109985351562 -0.0906829833984375 0.0456008911132813
-0.018463134765625 0.154830932617188 -0.41107177734375 -0.00930786132812498
0.000747680664062513 0.121109008789063 -0.23736572265625 0.023773193359375
0.0466461181640625 0.077423095703125 -0.112045288085938 -0.0300064086914063
0.0472831726074219 0.0314483642578125 -0.116539001464844 -0.072509765625
0.037353515625 0.0106773376464844 -0.115753173828125 -0.0907058715820312
0.0406074523925781 -0.00709152221679687 -0.177276611328125 -0.113037109375
0.0178909301757813 -0.0197849273681641 -0.245834350585938 -0.097747802734375
0.0150394439697266 -0.0161266326904297 -0.244293212890625 -0.0886993408203125
0.0117950439453125 -0.00687789916992187 -0.228363037109375 -0.110244750976562
8.91685485839842E-05 -0.00267171859741211 -0.165298461914062 -0.145797729492188
-0.00661039352416992 -0.00307846069335937 -0.0963668823242188 -0.126960754394531
0.00650978088378906 -0.0216045379638672 -0.0339584350585938 -0.098968505859375
0.0450439453125 0.00535964965820312 0.00941085815429688 -0.0281333923339844
0.0545654296875 0.0709762573242188 -0.0509567260742188 0.0825653076171875
-0.00102996826171876 0.12237548828125 -0.155532836914063 0.0859375
-0.155517578125 -0.106109619140625 0.1627197265625 -0.128448486328125
-0.178115844726563 0.0173492431640625 0.0833587646484375 -0.104713439941406
-0.141372680664063 0.111480712890625 -0.0221309661865234 -0.0139179229736328
-0.0381317138671875 0.147811889648438 -0.00292205810546875 0.076416015625
0.0339813232421875 0.1282958984375 0.0266189575195313 0.129669189453125
0.0900039672851563 0.0799026489257813 0.139083862304687 0.14862060546875
0.104591369628906 0.051239013671875 0.227890014648438 0.1055908203125
0.075164794921875 0.0606842041015625 0.224639892578125 0.069854736328125
0.0761871337890625 0.0602340698242188 0.222000122070313 0.071807861328125
0.043670654296875 0.0709609985351562 0.176559448242187 0.079315185546875
0.00585174560546875 0.0824356079101563 0.11871337890625 0.0413284301757813
-0.0427093505859375 0.0773849487304688 0.112373352050781 0.0102615356445313
-0.107048034667969 0.0183029174804687 0.156402587890625 -0.022064208984375
-0.125831604003906 -0.03515625 0.257888793945313 -0.0734710693359375
-0.0830078125 -0.0966873168945312 0.458160400390625 -0.014312744140625
-0.27313232421875 -0.0609893798828125 0.1258544921875 -0.14190673828125
-0.27911376953125 0.0507202148437499 0.0728836059570312 -0.109695434570313
-0.24456787109375 0.172882080078125 -0.0267906188964844 -0.0457954406738281
-0.0923919677734375 0.240966796875 -0.0287246704101563 0.0352134704589844
0.0198211669921875 0.224441528320313 -0.0217819213867187 0.0987319946289063
0.138259887695313 0.165298461914063 0.0875930786132813 0.132637023925781
0.180313110351563 0.109939575195313 0.17584228515625 0.0878448486328125
0.148574829101563 0.113525390625 0.175857543945312 0.039154052734375
0.16436767578125 0.10797119140625 0.180389404296875 0.0362701416015625
0.113861083984375 0.128227233886719 0.147933959960937 0.031951904296875
0.0516357421875 0.165679931640625 0.09027099609375 -0.00202178955078124
-0.022674560546875 0.170883178710938 0.0962448120117188 -0.03802490234375
-0.157363891601562 0.117462158203125 0.15093994140625 -0.0781402587890625
-0.21343994140625 0.061279296875 0.251251220703125 -0.116622924804688
-0.20196533203125 -0.0312347412109375 0.4296875 -0.061798095703125
-0.3525390625 -0.014068603515625 0.0460968017578125 -0.15338134765625
-0.348907470703125 0.07684326171875 0.0361709594726562 -0.109695434570313
-0.32086181640625 0.210906982421875 -0.0313873291015625 -0.0738143920898437
-0.14178466796875 0.303070068359375 -0.0459022521972656 -0.0132293701171875
-0.00500488281249998 0.292633056640625 -0.0604820251464844 0.0469932556152344
0.161026000976563 0.2315673828125 0.0279922485351563 0.0890884399414063
0.226531982421875 0.153274536132813 0.0983810424804688 0.0519180297851563
0.199462890625 0.147064208984375 0.100929260253906 0.00304412841796876
0.232681274414063 0.135391235351563 0.111824035644531 0.000198364257812508
0.179443359375 0.161956787109375 0.0935134887695313 -0.0152969360351562
0.1068115234375 0.228424072265625 0.0433273315429688 -0.0406074523925781
0.0142822265625 0.252960205078125 0.063873291015625 -0.0795822143554687
-0.181869506835938 0.217636108398438 0.126548767089844 -0.119125366210938
-0.270919799804688 0.160079956054688 0.217041015625 -0.1312255859375
-0.290283203125 0.0413818359375 0.358306884765625 -0.085601806640625
-0.379241943359375 0.0417480468750001 -0.0589599609375 -0.156890869140625
-0.365142822265625 0.10760498046875 -0.0200347900390625 -0.102912902832031
-0.33837890625 0.232666015625 -0.0389785766601563 -0.0928955078125
-0.15924072265625 0.325897216796875 -0.0578041076660156 -0.062896728515625
-0.020050048828125 0.31744384765625 -0.087432861328125 -0.01678466796875
0.164688110351563 0.260665893554687 -0.0321216583251953 0.0245742797851563
0.240203857421875 0.171295166015625 0.00818395614624025 0.00298070907592774
0.220474243164063 0.15869140625 0.0103626251220703 -0.0333786010742187
0.266311645507813 0.143218994140625 0.0236301422119141 -0.0314674377441406
0.218917846679688 0.173309326171875 0.017822265625 -0.0560874938964844
0.146530151367188 0.26080322265625 -0.0169143676757812 -0.0712738037109375
0.0487060546875 0.300567626953125 0.0205612182617188 -0.105903625488281
-0.18096923828125 0.284454345703125 0.0896987915039063 -0.134445190429688
-0.28753662109375 0.2313232421875 0.160842895507812 -0.111236572265625
-0.332855224609375 0.105377197265625 0.25164794921875 -0.0775299072265625
-0.35064697265625 0.098907470703125 -0.174835205078125 -0.145156860351563
-0.320892333984375 0.14215087890625 -0.0867156982421875 -0.0867691040039063
-0.284423828125 0.235382080078125 -0.052276611328125 -0.101234436035156
-0.12939453125 0.301177978515625 -0.069854736328125 -0.102775573730469
-0.015167236328125 0.28887939453125 -0.1048583984375 -0.0764617919921875
0.152084350585938 0.240997314453125 -0.0887298583984375 -0.0447845458984375
0.221435546875 0.158706665039063 -0.0840225219726562 -0.0482177734375
0.208602905273438 0.145645141601563 -0.0833663940429687 -0.06451416015625
0.25537109375 0.131210327148438 -0.0712356567382812 -0.0573577880859375
0.213470458984375 0.161041259765625 -0.0645065307617187 -0.0868072509765625
0.148300170898438 0.25006103515625 -0.0775299072265625 -0.0906982421875
0.058868408203125 0.2918701171875 -0.0233306884765625 -0.117073059082031
-0.158935546875 0.28875732421875 0.051025390625 -0.123489379882812
-0.259597778320313 0.252304077148438 0.0934524536132812 -0.0616073608398437
-0.320098876953125 0.144927978515625 0.124801635742187 -0.0454788208007812
-0.2685546875 0.144546508789062 -0.283050537109375 -0.112152099609375
-0.226470947265625 0.16455078125 -0.151885986328125 -0.0587310791015625
-0.176055908203125 0.20867919921875 -0.0729827880859375 -0.09356689453125
-0.0657958984375 0.230926513671875 -0.0871047973632813 -0.120231628417969
0.005615234375 0.21185302734375 -0.1153564453125 -0.110519409179687
0.126266479492188 0.175857543945313 -0.134658813476562 -0.0976715087890625
0.172195434570313 0.1158447265625 -0.165817260742187 -0.0869293212890625
0.164566040039062 0.108566284179688 -0.16607666015625 -0.0853271484375
0.199722290039063 0.103500366210937 -0.155532836914063 -0.0789642333984375
0.162551879882812 0.128753662109375 -0.132331848144531 -0.111892700195313
0.107223510742187 0.197952270507813 -0.1180419921875 -0.105918884277344
0.03887939453125 0.222381591796875 -0.0523300170898437 -0.117103576660156
-0.118637084960938 0.224212646484375 0.0209121704101562 -0.0954513549804687
-0.188140869140625 0.214157104492187 0.0275917053222656 -0.00160026550292967
-0.252334594726562 0.153274536132812 -0.00109517574310304 -0.000298738479614249
-0.14739990234375 0.163070678710938 -0.369171142578125 -0.059783935546875
-0.107223510742187 0.15606689453125 -0.208831787109375 -0.0190887451171875
-0.0529022216796875 0.148468017578125 -0.0975341796875 -0.0665206909179688
-0.00018310546874999 0.130661010742188 -0.106529235839844 -0.104835510253906
0.0248947143554688 0.10986328125 -0.118980407714844 -0.112358093261719
0.0857925415039063 0.0868301391601563 -0.165115356445313 -0.120376586914062
0.0989608764648438 0.0536880493164063 -0.223846435546875 -0.10418701171875
0.0940628051757813 0.0541152954101562 -0.224884033203125 -0.092926025390625
0.109970092773437 0.0594940185546875 -0.213531494140625 -0.096221923828125
0.0804290771484375 0.0763778686523438 -0.16937255859375 -0.131301879882813
0.041778564453125 0.110511779785156 -0.125030517578125 -0.118247985839844
0.0081787109375 0.109130859375 -0.0575485229492187 -0.110771179199219
-0.0547332763671875 0.111824035644531 0.00519561767578125 -0.0631370544433594
-0.079864501953125 0.137214660644531 -0.0259742736816406 0.0487327575683594
-0.138008117675781 0.136962890625 -0.104072570800781 0.0447616577148438
-0.0086669921875 0.144760131835938 -0.4217529296875 -0.000640869140624934
0.00751495361328125 0.113044738769531 -0.248519897460938 0.03057861328125
0.0481605529785156 0.0654525756835938 -0.118362426757813 -0.02191162109375
0.0423660278320312 0.0236282348632812 -0.117904663085938 -0.0637435913085938
0.0293216705322266 0.00705337524414063 -0.112785339355469 -0.0884933471679687
0.0300521850585938 -0.00433540344238281 -0.177658081054688 -0.113265991210937
0.00970458984375 -0.0119361877441406 -0.249282836914063 -0.096710205078125
0.00888252258300781 -0.00812530517578125 -0.247573852539062 -0.085693359375
0.00573205947875977 0.00301837921142578 -0.233749389648438 -0.106460571289063
-0.00715970993041992 0.0056610107421875 -0.169265747070313 -0.143234252929687
-0.0167875289916992 0.00193405151367188 -0.1004638671875 -0.124504089355469
-0.00499343872070312 -0.0210018157958984 -0.0400924682617188 -0.0982437133789063
0.0360984802246094 -0.0052947998046875 0.00291633605957032 -0.0307559967041016
0.0523109436035156 0.0560760498046875 -0.0586929321289063 0.08087158203125
0.003631591796875 0.109443664550781 -0.165374755859375 0.08233642578125
-0.165054321289063 -0.097869873046875 0.179031372070313 -0.126556396484375
-0.174285888671875 0.0259857177734375 0.0960922241210937 -0.105552673339844
-0.134979248046875 0.118881225585938 -0.0195960998535156 -0.0122451782226562
-0.0283966064453125 0.149703979492188 0.000259399414062507 0.0780563354492188
0.043548583984375 0.125205993652344 0.028839111328125 0.135581970214844
0.0966949462890625 0.0703506469726562 0.144180297851563 0.15380859375
0.109115600585938 0.0413284301757813 0.236251831054688 0.109756469726563
0.0814132690429688 0.0553970336914063 0.2313232421875 0.074859619140625
0.083740234375 0.0539093017578125 0.228195190429688 0.07745361328125
0.0512504577636719 0.0696830749511719 0.177291870117188 0.0850677490234375
0.0137557983398438 0.0868453979492188 0.11590576171875 0.0436477661132813
-0.0403594970703125 0.0874710083007813 0.112663269042969 0.007476806640625
-0.11328125 0.0295791625976562 0.162521362304688 -0.0273895263671875
-0.134963989257812 -0.0246658325195313 0.27001953125 -0.079742431640625
-0.0951690673828125 -0.0914535522460938 0.4727783203125 -0.017578125
-0.2877197265625 -0.0538635253906251 0.138694763183594 -0.136573791503906
-0.281585693359375 0.05853271484375 0.083892822265625 -0.107528686523438
-0.243362426757813 0.183029174804687 -0.0249824523925781 -0.0424575805664062
-0.0844268798828125 0.245925903320313 -0.0271873474121094 0.0398101806640625
0.0272369384765625 0.226394653320313 -0.0217361450195312 0.107261657714844
0.145797729492188 0.160018920898438 0.092803955078125 0.141036987304688
0.1875 0.103683471679688 0.182281494140625 0.094390869140625
0.156967163085938 0.11126708984375 0.180206298828125 0.045684814453125
0.174270629882813 0.104232788085938 0.185134887695312 0.042755126953125
0.122047424316406 0.129264831542969 0.145965576171875 0.038360595703125
0.05938720703125 0.172256469726562 0.085205078125 0.00096130371093751
-0.021697998046875 0.183303833007813 0.0929794311523438 -0.0405349731445312
-0.167694091796875 0.130477905273438 0.152908325195313 -0.0835418701171875
-0.2269287109375 0.072113037109375 0.25946044921875 -0.122161865234375
-0.219528198242188 -0.026702880859375 0.438690185546875 -0.064605712890625
-0.3702392578125 -0.01129150390625 0.0529632568359375 -0.145172119140625
-0.356292724609375 0.0827636718750001 0.0434951782226562 -0.104263305664063
-0.32757568359375 0.222198486328125 -0.0319557189941406 -0.0686225891113281
-0.139556884765625 0.3114013671875 -0.04656982421875 -0.00635910034179686
-0.00036621093750003 0.299285888671875 -0.0619277954101562 0.0560646057128907
0.168212890625 0.23126220703125 0.0315017700195313 0.098663330078125
0.235733032226563 0.151214599609375 0.102867126464844 0.0590362548828125
0.20843505859375 0.149154663085938 0.102066040039063 0.00940704345703126
0.243362426757813 0.134658813476563 0.113441467285156 0.00679016113281251
0.187881469726563 0.165512084960938 0.08966064453125 -0.00894165039062499
0.11468505859375 0.237442016601563 0.0373497009277344 -0.0369606018066406
0.0156097412109375 0.26641845703125 0.0579757690429688 -0.0801849365234375
-0.193496704101563 0.2313232421875 0.124130249023437 -0.123619079589844
-0.28521728515625 0.17132568359375 0.220550537109375 -0.135284423828125
-0.31134033203125 0.044952392578125 0.36065673828125 -0.086883544921875
-0.398040771484375 0.040771484375 -0.05914306640625 -0.147872924804688
-0.376434326171875 0.11065673828125 -0.0183563232421875 -0.0959548950195313
-0.349639892578125 0.2425537109375 -0.041778564453125 -0.0872421264648437
-0.161956787109375 0.336029052734375 -0.0596771240234375 -0.0558013916015625
-0.02001953125 0.3284912109375 -0.08984375 -0.00775909423828124
0.16943359375 0.265609741210938 -0.0302696228027344 0.0327568054199219
0.24871826171875 0.174301147460938 0.00914001464843752 0.00940036773681642
0.229385375976563 0.16400146484375 0.00792312622070314 -0.0274753570556641
0.27630615234375 0.144805908203125 0.0223007202148438 -0.0255184173583984
0.225631713867188 0.178558349609375 0.0123138427734375 -0.0502471923828125
0.15252685546875 0.269424438476563 -0.0241928100585937 -0.0666618347167969
0.04962158203125 0.31298828125 0.0133285522460938 -0.105720520019531
-0.19207763671875 0.297332763671875 0.0836639404296875 -0.136978149414062
-0.30084228515625 0.241973876953125 0.159133911132812 -0.113128662109375
-0.353118896484375 0.10687255859375 0.247711181640625 -0.0778961181640625
-0.366424560546875 0.09515380859375 -0.18255615234375 -0.136383056640625
-0.33380126953125 0.14178466796875 -0.0921630859375 -0.0792388916015625
-0.29998779296875 0.24169921875 -0.0580062866210938 -0.094512939453125
-0.13604736328125 0.311004638671875 -0.07391357421875 -0.0964584350585938
-0.019927978515625 0.30072021484375 -0.108558654785156 -0.069305419921875
0.154159545898438 0.24920654296875 -0.0890350341796875 -0.0390777587890625
0.227890014648437 0.165451049804687 -0.0869140625 -0.0432052612304687
0.214813232421875 0.153671264648438 -0.0884170532226562 -0.0600738525390625
0.263427734375 0.135833740234375 -0.0750503540039062 -0.0516586303710938
0.2183837890625 0.16778564453125 -0.0712509155273437 -0.0814971923828125
0.151824951171875 0.258071899414062 -0.0847549438476562 -0.0864334106445312
0.0577392578125 0.3013916015625 -0.0315017700195312 -0.115165710449219
-0.168853759765625 0.297698974609375 0.0431976318359375 -0.124229431152344
-0.270339965820312 0.258621215820313 0.0882339477539062 -0.0607452392578125
-0.337188720703125 0.143707275390625 0.115402221679688 -0.0439224243164062
-0.278961181640625 0.139205932617188 -0.297515869140625 -0.10418701171875
-0.236480712890625 0.161666870117188 -0.163192749023438 -0.0514678955078125
-0.189224243164063 0.209793090820313 -0.0806808471679688 -0.0871505737304687
-0.0742645263671875 0.23614501953125 -0.092315673828125 -0.113471984863281
-0.001556396484375 0.221847534179687 -0.118331909179688 -0.107246398925781
0.124893188476562 0.1854248046875 -0.136619567871094 -0.095916748046875
0.175735473632813 0.1246337890625 -0.171768188476563 -0.08514404296875
0.168380737304688 0.117813110351563 -0.173492431640625 -0.0830841064453125
0.204574584960938 0.111099243164063 -0.161636352539063 -0.074432373046875
0.164337158203125 0.136947631835938 -0.139335632324219 -0.108467102050781
0.106353759765625 0.206283569335938 -0.12445068359375 -0.101936340332031
0.0350799560546875 0.229812622070312 -0.0606231689453125 -0.114227294921875
-0.128143310546875 0.227432250976562 0.0125274658203125 -0.0957565307617188
-0.197189331054688 0.214111328125 0.0199317932128906 0.000999450683593763
-0.264236450195313 0.1492919921875 -0.0144615173339844 0.00186443328857422
-0.150161743164062 0.156570434570313 -0.38690185546875 -0.054229736328125
-0.111343383789063 0.150527954101562 -0.222625732421875 -0.0111846923828125
-0.0612640380859375 0.144180297851563 -0.106269836425781 -0.0599441528320312
-0.00762176513671875 0.130790710449219 -0.110099792480469 -0.0992507934570313
0.0174942016601563 0.114852905273438 -0.120155334472656 -0.112030029296875
0.0810470581054688 0.09478759765625 -0.16845703125 -0.122055053710938
0.0987548828125 0.06341552734375 -0.2315673828125 -0.1043701171875
0.0939865112304688 0.0638275146484375 -0.232833862304688 -0.092071533203125
0.111038208007813 0.0685195922851563 -0.221282958984375 -0.0939483642578125
0.078582763671875 0.0856552124023438 -0.17523193359375 -0.130523681640625
0.03668212890625 0.118263244628906 -0.130752563476563 -0.116165161132812
0.000328063964843754 0.11383056640625 -0.06365966796875 -0.109092712402344
-0.0643844604492188 0.109153747558594 -0.00282669067382813 -0.0630722045898438
-0.0870361328125 0.131095886230469 -0.0342979431152344 0.0514945983886719
-0.143707275390625 0.129745483398438 -0.11956787109375 0.0458755493164062
-0.00334930419921876 0.137596130371094 -0.439727783203125 0.00476074218749998
0.0106735229492187 0.10650634765625 -0.264419555664063 0.0382232666015625
0.047576904296875 0.0564804077148438 -0.124496459960938 -0.0145492553710938
0.0372276306152344 0.0179977416992187 -0.119186401367187 -0.0586090087890625
0.0223007202148437 0.00595855712890625 -0.111412048339844 -0.0902633666992188
0.0229339599609375 0.000761032104492188 -0.180740356445313 -0.117630004882812
0.00537919998168945 -0.00285863876342773 -0.257949829101562 -0.099700927734375
0.00534248352050781 5.43594360351563E-05 -0.256118774414063 -0.0877532958984375
0.00328922271728515 0.0132169723510742 -0.241073608398437 -0.10711669921875
-0.0112533569335938 0.0150470733642578 -0.175033569335937 -0.145416259765625
-0.0248928070068359 0.00876045227050782 -0.104209899902344 -0.125320434570312
-0.0150203704833984 -0.0194015502929688 -0.04443359375 -0.0982894897460937
0.0276126861572266 -0.0127220153808594 -0.00391769409179687 -0.0322742462158203
0.0480232238769531 0.0451850891113281 -0.0686187744140625 0.0818710327148438
0.0046539306640625 0.0995330810546875 -0.180694580078125 0.08154296875
-0.177474975585938 -0.0889129638671875 0.198379516601563 -0.132522583007813
-0.173385620117188 0.0347900390625 0.109535217285156 -0.112686157226562
-0.129623413085938 0.129478454589844 -0.0167646408081055 -0.0109176635742187
-0.0181732177734375 0.153701782226563 0.00463104248046875 0.0813522338867188
0.0540237426757813 0.123443603515625 0.0337066650390625 0.14324951171875
0.104438781738281 0.0606918334960937 0.154708862304687 0.159942626953125
0.114639282226563 0.032379150390625 0.251785278320313 0.112899780273438
0.0877532958984375 0.0500411987304687 0.245407104492188 0.07879638671875
0.0911331176757813 0.04693603515625 0.242538452148438 0.082855224609375
0.0592765808105469 0.0674858093261719 0.184860229492188 0.0917510986328125
0.0223617553710938 0.0913238525390625 0.117225646972656 0.0464401245117188
-0.0366363525390625 0.0983352661132813 0.114936828613281 0.00402832031250001
-0.119834899902344 0.0432510375976562 0.1712646484375 -0.03564453125
-0.14569091796875 -0.0121002197265625 0.287841796875 -0.09246826171875
-0.108985900878906 -0.0856094360351563 0.498504638671875 -0.027435302734375
-0.308074951171875 -0.0444030761718751 0.154586791992187 -0.138229370117188
-0.288360595703125 0.069366455078125 0.096588134765625 -0.111343383789062
-0.246246337890625 0.198348999023437 -0.0238494873046875 -0.0401573181152344
-0.077362060546875 0.25592041015625 -0.0252609252929688 0.0443191528320313
0.0366973876953125 0.232177734375 -0.0191879272460937 0.117691040039063
0.156723022460938 0.156356811523438 0.1016845703125 0.150253295898438
0.198989868164063 0.0973663330078125 0.195648193359375 0.0999908447265625
0.168869018554688 0.110122680664063 0.190750122070312 0.05084228515625
0.187118530273437 0.100128173828125 0.19549560546875 0.0488128662109375
0.134407043457031 0.131805419921875 0.15045166015625 0.0448150634765625
0.0703125 0.181381225585938 0.0840835571289063 0.00460815429687501
-0.0176544189453125 0.199188232421875 0.0917129516601563 -0.04351806640625
-0.178237915039063 0.14990234375 0.156906127929688 -0.091644287109375
-0.241989135742187 0.0897216796875 0.272781372070312 -0.134292602539063
-0.241287231445312 -0.01861572265625 0.458404541015625 -0.0732421875
-0.39630126953125 -0.00283813476562507 0.0618438720703125 -0.143035888671875
-0.37042236328125 0.0939025878906251 0.0524826049804687 -0.10406494140625
-0.33807373046875 0.24102783203125 -0.0329818725585938 -0.0650405883789062
-0.137298583984375 0.327301025390625 -0.047119140625 -0.00090026855468748
0.006103515625 0.31280517578125 -0.0626907348632813 0.0676078796386719
0.18084716796875 0.234573364257812 0.0384292602539063 0.108650207519531
0.251174926757813 0.15008544921875 0.111541748046875 0.0658111572265625
0.22369384765625 0.151779174804688 0.106941223144531 0.01495361328125
0.26068115234375 0.132904052734375 0.119575500488281 0.0120925903320313
0.202499389648438 0.170120239257813 0.0900192260742188 -0.00276184082031249
0.1270751953125 0.248870849609375 0.0328083038330078 -0.0332469940185547
0.021636962890625 0.28570556640625 0.0534439086914063 -0.0826339721679687
-0.204788208007813 0.254058837890625 0.123756408691406 -0.131263732910156
-0.301666259765625 0.192962646484375 0.22796630859375 -0.144729614257813
-0.337371826171875 0.055633544921875 0.37249755859375 -0.0933837890625
-0.42584228515625 0.0478820800781251 -0.060546875 -0.142349243164063
-0.396514892578125 0.12103271484375 -0.0160598754882813 -0.0919036865234375
-0.367401123046875 0.26287841796875 -0.0453872680664063 -0.0825958251953125
-0.164520263671875 0.355865478515625 -0.0627021789550781 -0.0498008728027343
-0.01702880859375 0.34783935546875 -0.0934295654296875 0.00208282470703128
0.182037353515625 0.27484130859375 -0.0274238586425781 0.0421409606933594
0.266265869140625 0.178466796875 0.0118398666381836 0.0155963897705078
0.246002197265625 0.170257568359375 0.00717544555664064 -0.0226097106933594
0.29510498046875 0.1461181640625 0.0228157043457031 -0.0204982757568359
0.240692138671875 0.184463500976563 0.00874710083007814 -0.0449638366699219
0.165679931640625 0.282073974609375 -0.0308380126953125 -0.0624885559082031
0.055908203125 0.332122802734375 0.006103515625 -0.106201171875
-0.203033447265625 0.321319580078125 0.07977294921875 -0.142242431640625
-0.31732177734375 0.2625732421875 0.161651611328125 -0.118408203125
-0.38031005859375 0.118682861328125 0.249954223632813 -0.0817108154296875
-0.391265869140625 0.099029541015625 -0.194732666015625 -0.128158569335938
-0.3531494140625 0.14910888671875 -0.0976943969726563 -0.0721969604492187
-0.3193359375 0.2593994140625 -0.064910888671875 -0.0894546508789063
-0.141998291015625 0.329620361328125 -0.0788040161132813 -0.0909881591796875
-0.019927978515625 0.321075439453125 -0.113670349121094 -0.06298828125
0.164520263671875 0.262420654296875 -0.0908355712890625 -0.033843994140625
0.243804931640625 0.173187255859375 -0.09100341796875 -0.0387802124023438
0.22998046875 0.162109375 -0.0956954956054687 -0.0557861328125
0.28033447265625 0.140213012695313 -0.080230712890625 -0.0475006103515625
0.2315673828125 0.175308227539062 -0.0785064697265625 -0.0776214599609375
0.1622314453125 0.271591186523438 -0.0938491821289062 -0.08209228515625
0.062103271484375 0.318572998046875 -0.04046630859375 -0.114265441894531
-0.17864990234375 0.318359375 0.0359115600585937 -0.12652587890625
-0.285064697265625 0.275421142578125 0.0860137939453125 -0.0607070922851562
-0.362274169921875 0.15203857421875 0.109367370605469 -0.0437088012695313
-0.29559326171875 0.14080810546875 -0.318267822265625 -0.0957946777343749
-0.250732421875 0.1644287109375 -0.176773071289063 -0.042022705078125
-0.205291748046875 0.220474243164062 -0.090057373046875 -0.0813980102539062
-0.0815887451171875 0.249847412109375 -0.0983810424804688 -0.108810424804688
-0.00463867187500002 0.238998413085938 -0.124298095703125 -0.105247497558594
0.130645751953125 0.198959350585938 -0.142593383789063 -0.094818115234375
0.187164306640625 0.134567260742188 -0.181793212890625 -0.0829925537109375
0.17901611328125 0.127609252929687 -0.185775756835938 -0.0802154541015625
0.2171630859375 0.117568969726563 -0.172119140625 -0.0709991455078125
0.172500610351562 0.146255493164063 -0.149383544921875 -0.105178833007812
0.111236572265625 0.218765258789063 -0.133941650390625 -0.0984115600585937
0.034820556640625 0.243057250976563 -0.0692672729492187 -0.112960815429687
-0.138198852539063 0.23974609375 0.00479125976562499 -0.0960845947265625
-0.209243774414063 0.223968505859375 0.0142955780029297 0.00566864013671876
-0.282196044921875 0.1534423828125 -0.0278205871582031 0.00600242614746094
-0.156784057617187 0.155517578125 -0.413238525390625 -0.042388916015625
-0.117965698242188 0.15118408203125 -0.241409301757812 -0.000915527343749959
-0.070465087890625 0.146530151367188 -0.115470886230469 -0.0523757934570312
-0.0140380859375 0.135665893554688 -0.116477966308594 -0.094451904296875
0.0121078491210938 0.1239013671875 -0.125053405761719 -0.113212585449219
0.0820083618164063 0.105445861816406 -0.176559448242188 -0.125411987304688
0.103843688964844 0.073699951171875 -0.245742797851562 -0.104263305664062
0.0992965698242188 0.0732345581054688 -0.248275756835937 -0.0912017822265625
0.117401123046875 0.0779876708984375 -0.234619140625 -0.092529296875
0.0815658569335938 0.0954513549804688 -0.18731689453125 -0.130355834960937
0.03509521484375 0.129135131835937 -0.139190673828125 -0.114990234375
-0.00492095947265624 0.122810363769531 -0.0721359252929688 -0.108627319335937
-0.0747146606445313 0.112197875976562 -0.0106620788574219 -0.06365966796875
-0.0953826904296875 0.131072998046875 -0.0430641174316406 0.0581016540527344
-0.153793334960938 0.127975463867188 -0.136726379394531 0.052215576171875
0.000366210937499989 0.133079528808594 -0.467376708984375 0.0170288085937499
0.0126571655273438 0.102439880371094 -0.284454345703125 0.051300048828125
0.0459556579589844 0.049835205078125 -0.133888244628906 -0.0063934326171875
0.0321483612060547 0.0147781372070313 -0.123893737792969 -0.0536575317382812
0.0164670944213867 0.00669479370117188 -0.114013671875 -0.0939712524414062
0.0177764892578125 0.00690460205078125 -0.189376831054688 -0.123672485351562
0.00305557250976563 0.00640106201171875 -0.2738037109375 -0.101287841796875
0.00391006469726563 0.0081024169921875 -0.271713256835938 -0.0882873535156251
0.00276756286621094 0.0238075256347656 -0.256134033203125 -0.107818603515625
-0.0136451721191406 0.025054931640625 -0.186126708984375 -0.149642944335937
-0.0316429138183594 0.0170879364013672 -0.111434936523438 -0.128219604492188
-0.023834228515625 -0.016021728515625 -0.0515289306640625 -0.100082397460938
0.0191860198974609 -0.0188312530517578 -0.0114669799804688 -0.0333271026611328
0.044036865234375 0.0364875793457031 -0.0785446166992188 0.0877532958984375
0.00342559814453125 0.092742919921875 -0.2001953125 0.087432861328125
-0.191543579101562 -0.075897216796875 0.216156005859375 -0.1475830078125
-0.1729736328125 0.0466156005859375 0.120147705078125 -0.126960754394531
-0.122161865234375 0.142379760742188 -0.0144681930541992 -0.00974559783935546
-0.00515747070312499 0.157699584960938 0.011138916015625 0.0839691162109375
0.0665054321289063 0.121070861816406 0.04388427734375 0.151016235351563
0.111351013183594 0.0497283935546875 0.17083740234375 0.163711547851563
0.120033264160156 0.0202102661132813 0.273178100585938 0.109268188476563
0.0949554443359375 0.0432205200195313 0.265457153320312 0.0761566162109375
0.0989837646484375 0.0380935668945313 0.262710571289063 0.0807647705078125
0.0691947937011719 0.0647506713867188 0.197158813476563 0.0956268310546875
0.0337753295898438 0.0941925048828125 0.121238708496094 0.048370361328125
-0.0295639038085938 0.110130310058594 0.118667602539063 -0.00121307373046874
-0.124229431152344 0.0609970092773438 0.180435180664063 -0.0489349365234375
-0.154129028320313 0.004852294921875 0.30413818359375 -0.114959716796875
-0.123733520507813 -0.076812744140625 0.528411865234375 -0.05267333984375
-0.33056640625 -0.0261230468749999 0.1693115234375 -0.148056030273437
-0.295257568359375 0.08746337890625 0.106788635253906 -0.121345520019531
-0.244903564453125 0.221954345703125 -0.0234146118164063 -0.0380287170410156
-0.0651092529296875 0.26910400390625 -0.0221214294433594 0.0496330261230469
0.0521240234375 0.238906860351563 -0.0124740600585938 0.129844665527344
0.170974731445313 0.149017333984375 0.116790771484375 0.157623291015625
0.21343994140625 0.08709716796875 0.213653564453125 0.100601196289063
0.184463500976562 0.1044921875 0.205581665039062 0.0509490966796875
0.204071044921875 0.0915069580078125 0.211044311523438 0.048828125
0.151077270507813 0.129547119140625 0.158737182617188 0.048736572265625
0.0872344970703125 0.18927001953125 0.0841293334960938 0.00703430175781251
-0.00708007812500001 0.216842651367188 0.0910491943359375 -0.0479583740234375
-0.18353271484375 0.175735473632813 0.160263061523438 -0.104949951171875
-0.25396728515625 0.116180419921875 0.2845458984375 -0.155426025390625
-0.263656616210938 -0.00128173828125002 0.4803466796875 -0.095123291015625
-0.425872802734375 0.0174255371093751 0.0689239501953125 -0.145721435546875
-0.3857421875 0.115509033203125 0.0593948364257812 -0.108970642089844
-0.34539794921875 0.271942138671875 -0.0352630615234375 -0.061920166015625
-0.127227783203125 0.3489990234375 -0.0468940734863281 0.00578689575195315
0.021759033203125 0.3291015625 -0.0608139038085938 0.0810470581054688
0.199951171875 0.234634399414063 0.0501327514648438 0.118019104003906
0.271820068359375 0.142990112304688 0.123886108398438 0.06964111328125
0.244979858398438 0.149017333984375 0.114662170410156 0.0174331665039063
0.283203125 0.12518310546875 0.12872314453125 0.0135040283203125
0.223403930664063 0.16949462890625 0.0931625366210938 0.00064086914062501
0.148681640625 0.259063720703125 0.0294151306152344 -0.0301017761230469
0.03631591796875 0.3060302734375 0.049163818359375 -0.0854110717773437
-0.208709716796875 0.286651611328125 0.121719360351562 -0.141632080078125
-0.3138427734375 0.224212646484375 0.23370361328125 -0.162139892578125
-0.364471435546875 0.0768737792968749 0.385009765625 -0.11053466796875
-0.45721435546875 0.0672607421874999 -0.0639877319335938 -0.137351989746094
-0.417022705078125 0.143096923828125 -0.0156478881835938 -0.0903778076171875
-0.3814697265625 0.297607421875 -0.0508651733398438 -0.078033447265625
-0.1580810546875 0.383697509765625 -0.0662498474121094 -0.0425949096679687
-0.00378417968750003 0.371307373046875 -0.0955963134765625 0.0139846801757813
0.20367431640625 0.282196044921875 -0.0216064453125 0.0506210327148438
0.28997802734375 0.175201416015625 0.0160713195800781 0.0211124420166016
0.269683837890625 0.170639038085937 0.00621032714843752 -0.0177345275878906
0.320159912109375 0.1397705078125 0.0244369506835938 -0.0170211791992187
0.263717651367187 0.184982299804687 0.00585556030273439 -0.0400619506835937
0.188873291015625 0.293060302734375 -0.0379753112792969 -0.0571746826171875
0.073089599609375 0.352447509765625 -0.0024871826171875 -0.106636047363281
-0.204498291015625 0.354034423828125 0.072906494140625 -0.149429321289062
-0.3275146484375 0.297088623046875 0.162811279296875 -0.128952026367187
-0.407318115234375 0.142547607421875 0.253753662109375 -0.0909881591796875
-0.417449951171875 0.117523193359375 -0.209503173828125 -0.117034912109375
-0.373748779296875 0.16876220703125 -0.10504150390625 -0.0644683837890625
-0.3350830078125 0.289093017578125 -0.0735015869140625 -0.0830841064453125
-0.14056396484375 0.356658935546875 -0.085784912109375 -0.0841140747070312
-0.00949096679687502 0.3466796875 -0.120292663574219 -0.0541610717773437
0.18426513671875 0.274200439453125 -0.0919952392578125 -0.0278472900390625
0.26678466796875 0.174606323242188 -0.0961685180664062 -0.032562255859375
0.252700805664063 0.165115356445313 -0.104385375976562 -0.0497970581054687
0.304351806640625 0.1376953125 -0.0860824584960938 -0.0415267944335938
0.252197265625 0.17779541015625 -0.0869216918945312 -0.0720901489257812
0.18280029296875 0.283111572265625 -0.1036376953125 -0.0753326416015625
0.077667236328125 0.33770751953125 -0.05169677734375 -0.112411499023438
-0.179931640625 0.34808349609375 0.0274581909179688 -0.130050659179687
-0.293182373046875 0.305267333984375 0.0844650268554687 -0.0624618530273437
-0.38623046875 0.174224853515625 0.104042053222656 -0.0441665649414062
-0.3135986328125 0.1536865234375 -0.342437744140625 -0.0765380859375001
-0.264938354492188 0.17877197265625 -0.190872192382813 -0.028228759765625
-0.217819213867188 0.241256713867188 -0.100967407226563 -0.0728683471679687
-0.0823822021484375 0.269882202148438 -0.107650756835938 -0.102127075195312
0.000640869140624998 0.259002685546875 -0.1328125 -0.100830078125
0.144485473632812 0.210708618164063 -0.150588989257813 -0.0923919677734375
0.205535888671875 0.139251708984375 -0.195846557617188 -0.076629638671875
0.196701049804687 0.133377075195312 -0.201034545898437 -0.073150634765625
0.236053466796875 0.119186401367188 -0.184661865234375 -0.063720703125
0.187957763671875 0.151657104492188 -0.162933349609375 -0.100143432617187
0.124710083007813 0.231063842773438 -0.145904541015625 -0.0921478271484375
0.04266357421875 0.25909423828125 -0.0808334350585938 -0.110084533691406
-0.14349365234375 0.259017944335938 -0.00449371337890627 -0.0959930419921875
-0.216827392578125 0.2430419921875 0.010716438293457 0.0107183456420899
-0.300811767578125 0.169036865234375 -0.039764404296875 0.0139350891113281
-0.163284301757813 0.160675048828125 -0.4415283203125 -0.019500732421875
-0.123489379882813 0.156402587890625 -0.260528564453125 0.018218994140625
-0.0771484375 0.154388427734375 -0.126953125 -0.0430831909179688
-0.0167999267578125 0.143783569335938 -0.125259399414063 -0.08746337890625
0.0119247436523438 0.135566711425781 -0.133201599121094 -0.112525939941406
0.0873870849609375 0.115386962890625 -0.189529418945313 -0.125137329101562
0.113990783691406 0.08111572265625 -0.26544189453125 -0.0984039306640625
0.108863830566406 0.080963134765625 -0.267791748046875 -0.0834808349609375
0.129196166992187 0.0848236083984375 -0.252410888671875 -0.084808349609375
0.0895462036132813 0.104103088378906 -0.2037353515625 -0.127456665039063
0.0393524169921875 0.141586303710938 -0.15142822265625 -0.111373901367187
-0.00608062744140625 0.133987426757813 -0.083465576171875 -0.106414794921875
-0.08355712890625 0.119796752929687 -0.0194969177246094 -0.0618934631347656
-0.103179931640625 0.136672973632812 -0.0489006042480469 0.0678672790527344
-0.163726806640625 0.133102416992188 -0.153518676757813 0.0657196044921875
0.0065460205078125 0.129920959472656 -0.497100830078125 0.0429687500000001
0.0152511596679688 0.1004638671875 -0.30438232421875 0.072967529296875
0.0445899963378906 0.0441513061523437 -0.142913818359375 0.00563049316406249
0.0279598236083984 0.0123386383056641 -0.129714965820313 -0.0466079711914062
0.0115327835083008 0.00815963745117188 -0.120208740234375 -0.0959930419921875
0.0151395797729492 0.0137844085693359 -0.203781127929688 -0.125518798828125
0.0035867691040039 0.0149421691894531 -0.295806884765625 -0.0962829589843749
0.00459671020507813 0.0167636871337891 -0.29266357421875 -0.08197021484375
0.00564002990722656 0.0335845947265625 -0.27679443359375 -0.10321044921875
-0.0131454467773438 0.035736083984375 -0.203277587890625 -0.149856567382813
-0.0363655090332031 0.0273284912109375 -0.122467041015625 -0.128486633300781
-0.0327701568603516 -0.0108261108398438 -0.060577392578125 -0.101020812988281
0.00897216796875 -0.0229969024658203 -0.0188522338867187 -0.0325851440429688
0.038909912109375 0.0290031433105469 -0.0863189697265625 0.0994186401367188
0.00298309326171874 0.0872116088867188 -0.218475341796875 0.102203369140625
-0.203872680664063 -0.0555267333984375 0.2257080078125 -0.169052124023438
-0.169143676757812 0.060760498046875 0.123947143554687 -0.14453125
-0.108978271484375 0.15509033203125 -0.0121603012084961 -0.00850200653076171
0.0106201171875 0.158279418945313 0.01953125 0.0846481323242188
0.080108642578125 0.11407470703125 0.057098388671875 0.155044555664063
0.116355895996094 0.034912109375 0.189163208007813 0.159103393554688
0.121719360351562 0.00588226318359375 0.29400634765625 0.0963134765625
0.100700378417969 0.033111572265625 0.284698486328125 0.06378173828125
0.104751586914063 0.0260009765625 0.282623291015625 0.0694580078125
0.0782928466796875 0.05810546875 0.21185302734375 0.09173583984375
0.0469284057617188 0.0938568115234375 0.126220703125 0.04644775390625
-0.0180587768554688 0.119918823242188 0.12091064453125 -0.00894927978515624
-0.12158203125 0.08013916015625 0.184432983398438 -0.067138671875
-0.15771484375 0.0255584716796875 0.310943603515625 -0.144683837890625
-0.13690185546875 -0.0623855590820313 0.54925537109375 -0.092376708984375
-0.34783935546875 0.00372314453125004 0.17730712890625 -0.1630859375
-0.296417236328125 0.11114501953125 0.11053466796875 -0.135444641113281
-0.234237670898437 0.248214721679688 -0.0239849090576172 -0.035125732421875
-0.044586181640625 0.279556274414063 -0.0167884826660156 0.0543251037597656
0.0731201171875 0.239761352539063 -0.001434326171875 0.140037536621094
0.185562133789063 0.135787963867188 0.135360717773438 0.15802001953125
0.224868774414063 0.06939697265625 0.232864379882812 0.0927276611328125
0.19927978515625 0.091400146484375 0.220062255859375 0.0434112548828125
0.219284057617188 0.0753936767578125 0.226287841796875 0.040496826171875
0.167816162109375 0.122039794921875 0.168472290039063 0.046966552734375
0.108642578125 0.190780639648438 0.0850753784179687 0.00733947753906251
0.0110015869140625 0.231185913085937 0.0883255004882813 -0.05328369140625
-0.17901611328125 0.205322265625 0.1583251953125 -0.120941162109375
-0.25543212890625 0.147354125976562 0.286590576171875 -0.1824951171875
-0.281402587890625 0.023895263671875 0.49462890625 -0.131927490234375
-0.44854736328125 0.0527954101562501 0.0721588134765625 -0.150238037109375
-0.392822265625 0.144683837890625 0.0624618530273437 -0.115631103515625
-0.338531494140625 0.309051513671875 -0.0381355285644532 -0.0570831298828125
-0.106781005859375 0.369476318359375 -0.0452919006347656 0.0129013061523438
0.04644775390625 0.339752197265625 -0.0533599853515625 0.0945587158203125
0.222152709960938 0.22650146484375 0.0648040771484375 0.122421264648438
0.29144287109375 0.12615966796875 0.137977600097656 0.067626953125
0.266830444335938 0.136428833007813 0.122566223144531 0.0155792236328125
0.30450439453125 0.10650634765625 0.137680053710938 0.010406494140625
0.245376586914063 0.159927368164063 0.0965194702148438 0.00151824951171876
0.175567626953125 0.259597778320312 0.0260066986083984 -0.026193618774414
0.060791015625 0.320281982421875 0.0416336059570313 -0.0875930786132812
-0.1981201171875 0.321258544921875 0.113998413085937 -0.153656005859375
-0.3114013671875 0.2626953125 0.231704711914062 -0.184036254882812
-0.3824462890625 0.11163330078125 0.390655517578125 -0.136962890625
-0.4805908203125 0.102447509765625 -0.0683212280273438 -0.130279541015625
-0.427276611328125 0.176025390625 -0.01605224609375 -0.0885162353515625
-0.380462646484375 0.33990478515625 -0.0570144653320313 -0.0702171325683594
-0.138580322265625 0.40985107421875 -0.0694160461425782 -0.0328140258789062
0.022735595703125 0.39007568359375 -0.094512939453125 0.02862548828125
0.230850219726563 0.278488159179688 -0.0132827758789062 0.0568733215332031
0.31451416015625 0.161224365234375 0.0218791961669922 0.0247974395751953
0.294708251953125 0.1597900390625 0.00603294372558595 -0.013392448425293
0.344757080078125 0.122161865234375 0.0263042449951172 -0.0142097473144531
0.287841796875 0.174713134765625 0.00290679931640626 -0.0353736877441406
0.21844482421875 0.29400634765625 -0.0450401306152344 -0.0493392944335937
0.100128173828125 0.365966796875 -0.0128402709960937 -0.104415893554687
-0.19091796875 0.390167236328125 0.0627593994140625 -0.155670166015625
-0.32177734375 0.336578369140625 0.158584594726562 -0.141586303710937
-0.42474365234375 0.179718017578125 0.251663208007813 -0.10516357421875
-0.4375 0.14788818359375 -0.221786499023438 -0.0978088378906249
-0.383636474609375 0.198089599609375 -0.110862731933594 -0.05303955078125
-0.33587646484375 0.328857421875 -0.082794189453125 -0.0727310180664063
-0.125 0.38372802734375 -0.0923385620117188 -0.0737380981445312
0.0128173828125 0.367401123046875 -0.124687194824219 -0.041900634765625
0.209915161132812 0.275115966796875 -0.0925521850585937 -0.0204925537109375
0.292236328125 0.1641845703125 -0.100296020507813 -0.023681640625
0.27752685546875 0.157562255859375 -0.112655639648437 -0.0395050048828125
0.32806396484375 0.12353515625 -0.09112548828125 -0.032928466796875
0.274826049804688 0.170028686523438 -0.0952301025390625 -0.0633316040039062
0.209503173828125 0.28448486328125 -0.112831115722656 -0.0646286010742187
0.101470947265625 0.350311279296875 -0.0628814697265625 -0.106636047363281
-0.168487548828125 0.377899169921875 0.0164642333984375 -0.130424499511719
-0.286865234375 0.3389892578125 0.0811614990234375 -0.0650177001953125
-0.4000244140625 0.207916259765625 0.0977630615234375 -0.0451507568359375
-0.325042724609375 0.174835205078125 -0.3612060546875 -0.0473937988281249
-0.27197265625 0.199600219726562 -0.201324462890625 -0.00770568847656253
-0.220428466796875 0.269012451171875 -0.111228942871094 -0.06005859375
-0.073089599609375 0.289581298828125 -0.115928649902344 -0.0906982421875
0.01556396484375 0.276885986328125 -0.14154052734375 -0.0913848876953125
0.164703369140625 0.215072631835938 -0.159317016601562 -0.08514404296875
0.226272583007812 0.134674072265625 -0.207855224609375 -0.0637664794921875
0.216812133789062 0.130691528320312 -0.215438842773438 -0.0577392578125
0.25665283203125 0.111480712890625 -0.196258544921875 -0.05023193359375
0.20660400390625 0.149673461914063 -0.175674438476563 -0.089111328125
0.14471435546875 0.236557006835938 -0.156936645507813 -0.0809173583984375
0.05914306640625 0.270980834960937 -0.0926742553710937 -0.102508544921875
-0.13763427734375 0.28179931640625 -0.0143661499023438 -0.0928421020507812
-0.213897705078125 0.26556396484375 0.00878429412841795 0.016510009765625
-0.31146240234375 0.192535400390625 -0.04925537109375 0.0250358581542969
-0.16485595703125 0.1697998046875 -0.463592529296875 0.0177001953125
-0.124893188476562 0.165023803710938 -0.272964477539063 0.0452423095703125
-0.0792236328125 0.163742065429688 -0.136672973632813 -0.0274505615234375
-0.01458740234375 0.153091430664063 -0.13336181640625 -0.0757598876953125
0.0175323486328125 0.146148681640625 -0.142471313476563 -0.107101440429687
0.0976791381835937 0.121124267578125 -0.203201293945313 -0.119598388671875
0.126609802246094 0.0821609497070313 -0.284454345703125 -0.083099365234375
0.121620178222656 0.0837249755859375 -0.286163330078125 -0.0664978027343751
0.143020629882813 0.08526611328125 -0.269302368164063 -0.0684814453125
0.101455688476563 0.10888671875 -0.220321655273438 -0.116424560546875
0.049102783203125 0.151123046875 -0.163619995117188 -0.1025390625
-0.002166748046875 0.145355224609375 -0.095184326171875 -0.10003662109375
-0.0876235961914063 0.131179809570313 -0.0283203125 -0.0572013854980469
-0.105377197265625 0.145492553710938 -0.0505523681640625 0.0797119140625
-0.170578002929688 0.143096923828125 -0.164627075195313 0.0854034423828125
0.0128021240234375 0.12579345703125 -0.516204833984375 0.084381103515625
0.01934814453125 0.0967559814453125 -0.315216064453125 0.1046142578125
0.0425033569335938 0.0384483337402344 -0.148529052734375 0.0229034423828125
0.0234375 0.0109825134277344 -0.134597778320313 -0.034637451171875
0.00741386413574219 0.0109119415283203 -0.128425598144531 -0.0938796997070313
0.0147323608398438 0.0201606750488281 -0.21966552734375 -0.121292114257813
0.00699806213378906 0.0230903625488281 -0.315887451171875 -0.08038330078125
0.00773048400878906 0.0245704650878906 -0.31207275390625 -0.064697265625
0.0111236572265625 0.0424232482910156 -0.29705810546875 -0.08770751953125
-0.00978851318359375 0.04547119140625 -0.222412109375 -0.141998291015625
-0.0374565124511719 0.0387649536132812 -0.135459899902344 -0.124618530273437
-0.0403251647949219 -0.002777099609375 -0.0718536376953125 -0.097259521484375
-0.00225257873535156 -0.0253429412841797 -0.0270938873291016 -0.0288181304931641
0.0330314636230469 0.0226116180419922 -0.089019775390625 0.11328125
0.0020599365234375 0.0823745727539062 -0.230331420898438 0.124771118164063
-0.206314086914063 -0.03289794921875 0.225372314453125 -0.1878662109375
-0.159652709960938 0.0721893310546875 0.12005615234375 -0.159637451171875
-0.0921478271484375 0.161392211914062 -0.00880813598632813 -0.00802326202392577
0.0260009765625 0.152877807617187 0.0264968872070312 0.0816879272460938
0.0904693603515625 0.103096008300781 0.0696258544921875 0.1533203125
0.115058898925781 0.0195541381835938 0.202651977539063 0.148300170898438
0.117660522460937 -0.00818634033203125 0.305816650390625 0.076995849609375
0.10186767578125 0.0219039916992187 0.29486083984375 0.04559326171875
0.105278015136719 0.0135040283203125 0.293792724609375 0.052154541015625
0.0837249755859375 0.0486907958984375 0.2213134765625 0.083740234375
0.0578689575195312 0.0882492065429688 0.128555297851563 0.0428695678710938
-0.00457763671875001 0.124565124511719 0.119209289550781 -0.0169601440429687
-0.112625122070313 0.0961074829101563 0.180511474609375 -0.084808349609375
-0.153060913085938 0.0452423095703125 0.30419921875 -0.173583984375
-0.143997192382813 -0.0447540283203125 0.54705810546875 -0.13348388671875
-0.351837158203125 0.0362548828125 0.17742919921875 -0.176010131835938
-0.28680419921875 0.13226318359375 0.109237670898438 -0.14715576171875
-0.213455200195312 0.266387939453125 -0.0221443176269531 -0.0315437316894531
-0.0220489501953125 0.27972412109375 -0.00981903076171875 0.0560569763183594
0.092010498046875 0.232681274414063 0.01129150390625 0.143936157226563
0.193405151367188 0.117752075195313 0.150482177734375 0.151153564453125
0.227676391601562 0.04876708984375 0.24542236328125 0.0778961181640625
0.207412719726563 0.0753173828125 0.228195190429688 0.0317230224609375
0.225433349609375 0.0552215576171875 0.235107421875 0.0276641845703125
0.179031372070313 0.108184814453125 0.174530029296875 0.041961669921875
0.126754760742188 0.183074951171875 0.0843734741210938 0.00749206542968751
0.0315093994140625 0.236663818359375 0.0839080810546875 -0.0576171875
-0.16363525390625 0.227828979492187 0.14971923828125 -0.1337890625
-0.244766235351563 0.175018310546875 0.276443481445313 -0.207321166992187
-0.2867431640625 0.0523681640625 0.489776611328125 -0.16448974609375
-0.453643798828125 0.0912170410156249 0.0727081298828125 -0.153045654296875
-0.385833740234375 0.174652099609375 0.061767578125 -0.121025085449219
-0.31768798828125 0.3385009765625 -0.03887939453125 -0.0498504638671875
-0.078887939453125 0.377960205078125 -0.0409202575683594 0.0197181701660156
0.072540283203125 0.339019775390625 -0.0424575805664063 0.104019165039063
0.23809814453125 0.208145141601563 0.0792922973632813 0.120147705078125
0.301361083984375 0.102294921875 0.148635864257813 0.0602874755859375
0.280014038085938 0.116683959960938 0.126541137695313 0.0121002197265625
0.315093994140625 0.082427978515625 0.142303466796875 0.00448608398437501
0.260116577148438 0.142242431640625 0.0980987548828125 0.00124359130859376
0.19921875 0.24920654296875 0.0229034423828125 -0.0216197967529297
0.086669921875 0.323822021484375 0.0338287353515625 -0.086639404296875
-0.17718505859375 0.346038818359375 0.103073120117187 -0.1607666015625
-0.29449462890625 0.294403076171875 0.220245361328125 -0.201065063476563
-0.385986328125 0.1470947265625 0.382080078125 -0.161102294921875
-0.486175537109375 0.14129638671875 -0.0697174072265626 -0.119766235351563
-0.423126220703125 0.207489013671875 -0.0161666870117188 -0.0850296020507813
-0.36224365234375 0.375091552734375 -0.0600814819335938 -0.0594711303710937
-0.11151123046875 0.424041748046875 -0.06756591796875 -0.0223274230957031
0.051513671875 0.394927978515625 -0.0879974365234375 0.0412139892578125
0.2518310546875 0.264083862304687 -0.00410079956054686 0.0597610473632813
0.329376220703125 0.137908935546875 0.0275020599365235 0.0261440277099609
0.311248779296875 0.14117431640625 0.00643920898437502 -0.00871181488037109
0.35809326171875 0.096466064453125 0.027618408203125 -0.0123004913330078
0.30303955078125 0.1553955078125 0.000886917114257832 -0.0301513671875
0.243621826171875 0.28167724609375 -0.0497589111328125 -0.0398979187011719
0.128570556640625 0.3663330078125 -0.0217514038085937 -0.0980606079101562
-0.165557861328125 0.41375732421875 0.050537109375 -0.156723022460937
-0.300689697265625 0.3665771484375 0.149612426757812 -0.151077270507812
-0.425048828125 0.216217041015625 0.243072509765625 -0.117477416992187
-0.44061279296875 0.179779052734375 -0.2257080078125 -0.074981689453125
-0.381439208984375 0.225677490234375 -0.111961364746094 -0.039215087890625
-0.322784423828125 0.361785888671875 -0.0874176025390625 -0.0584716796875
-0.101593017578125 0.3995361328125 -0.0938796997070313 -0.0604095458984375
0.039306640625 0.376983642578125 -0.123649597167969 -0.0290298461914062
0.231704711914062 0.265609741210937 -0.0898895263671875 -0.0140762329101562
0.3077392578125 0.145721435546875 -0.100196838378906 -0.0143661499023437
0.294281005859375 0.14190673828125 -0.115821838378906 -0.027069091796875
0.34210205078125 0.10137939453125 -0.0934829711914062 -0.022979736328125
0.289642333984375 0.15325927734375 -0.100807189941406 -0.0524215698242187
0.232635498046875 0.274154663085938 -0.1181640625 -0.0514450073242187
0.127716064453125 0.349945068359375 -0.071258544921875 -0.0963211059570312
-0.1461181640625 0.398284912109375 0.00650787353515623 -0.126937866210937
-0.267578125 0.36383056640625 0.0759201049804688 -0.0671005249023437
-0.39837646484375 0.240234375 0.0902557373046875 -0.0442428588867187
-0.3253173828125 0.19580078125 -0.365386962890625 -0.013580322265625
-0.268997192382813 0.21868896484375 -0.20355224609375 0.0140838623046875
-0.2122802734375 0.290740966796875 -0.116447448730469 -0.0429458618164062
-0.057647705078125 0.301483154296875 -0.11956787109375 -0.0757369995117187
0.034271240234375 0.285186767578125 -0.144821166992187 -0.0791015625
0.18218994140625 0.210601806640625 -0.16363525390625 -0.0756988525390625
0.240692138671875 0.122589111328125 -0.213531494140625 -0.0476837158203125
0.23138427734375 0.120712280273437 -0.222747802734375 -0.039276123046875
0.269027709960938 0.0967559814453125 -0.201019287109375 -0.03350830078125
0.219818115234375 0.139450073242188 -0.183502197265625 -0.07354736328125
0.163192749023438 0.232147216796875 -0.163467407226563 -0.06549072265625
0.076324462890625 0.273635864257812 -0.101325988769531 -0.0903854370117188
-0.12420654296875 0.297088623046875 -0.0225601196289063 -0.0864486694335938
-0.201324462890625 0.28216552734375 0.00791740417480468 0.0219535827636719
-0.31011962890625 0.2156982421875 -0.053863525390625 0.0369453430175781
-0.16094970703125 0.176467895507812 -0.46630859375 0.0570678710937501
-0.121658325195312 0.172073364257813 -0.272933959960938 0.0736999511718751
-0.07684326171875 0.17291259765625 -0.139297485351562 -0.00921630859375
-0.010009765625 0.15924072265625 -0.135223388671875 -0.0612564086914063
0.0255126953125 0.152114868164063 -0.147994995117188 -0.09765625
0.107383728027344 0.121627807617188 -0.2120361328125 -0.109207153320312
0.137168884277344 0.0789413452148437 -0.293548583984375 -0.0628662109375
0.131950378417969 0.0814208984375 -0.294891357421875 -0.043609619140625
0.154190063476563 0.0806427001953125 -0.277114868164062 -0.0477752685546875
0.111381530761719 0.107124328613281 -0.231307983398438 -0.100204467773437
0.060791015625 0.154983520507813 -0.171249389648438 -0.0890045166015625
0.00462341308593748 0.152069091796875 -0.103256225585937 -0.0888748168945312
-0.086639404296875 0.14080810546875 -0.034515380859375 -0.0504722595214844
-0.1029052734375 0.15228271484375 -0.0475921630859375 0.089874267578125
-0.170608520507813 0.152557373046875 -0.167449951171875 0.104278564453125
0.0179214477539063 0.117576599121094 -0.51727294921875 0.127227783203125
0.0222244262695313 0.0918502807617188 -0.31231689453125 0.136505126953125
0.0389671325683594 0.0336952209472656 -0.147628784179688 0.040069580078125
0.0187721252441406 0.0109901428222656 -0.133705139160156 -0.0218048095703125
0.00413417816162109 0.0138111114501953 -0.132865905761719 -0.0885467529296875
0.0155887603759766 0.0253276824951172 -0.230056762695313 -0.1103515625
0.0114974975585937 0.028564453125 -0.326873779296875 -0.0589904785156249
0.0122089385986328 0.0303688049316406 -0.32183837890625 -0.042633056640625
0.0185127258300781 0.0480537414550781 -0.307464599609375 -0.0654602050781249
-0.00428009033203126 0.052093505859375 -0.235580444335937 -0.127685546875
-0.0345077514648437 0.0490455627441406 -0.145004272460937 -0.114822387695313
-0.044281005859375 0.00685501098632812 -0.080596923828125 -0.0896377563476563
-0.0134067535400391 -0.0230312347412109 -0.0324802398681641 -0.02288818359375
0.025543212890625 0.0181064605712891 -0.0858230590820312 0.124832153320313
0.000213623046875006 0.077484130859375 -0.23162841796875 0.146392822265625
-0.20220947265625 -0.015167236328125 0.222824096679688 -0.199188232421875
-0.149658203125 0.077362060546875 0.1151123046875 -0.168685913085938
-0.0782623291015625 0.160919189453125 -0.00597620010375977 -0.00803947448730468
0.0355377197265625 0.143753051757813 0.031158447265625 0.0777435302734375
0.0945358276367188 0.091705322265625 0.0772705078125 0.14892578125
0.109687805175781 0.0085906982421875 0.208511352539063 0.138870239257813
0.110641479492188 -0.0170669555664063 0.30877685546875 0.06219482421875
0.0999755859375 0.0139236450195313 0.29791259765625 0.03277587890625
0.102409362792969 0.00418853759765625 0.297027587890625 0.039031982421875
0.0848846435546875 0.0407638549804688 0.226058959960938 0.07745361328125
0.0640335083007813 0.0815353393554688 0.128395080566406 0.0413894653320313
0.00599670410156249 0.125068664550781 0.115867614746094 -0.0218658447265625
-0.102142333984375 0.10528564453125 0.172927856445313 -0.0958709716796875
-0.144149780273438 0.0577392578125 0.292510986328125 -0.19097900390625
-0.144363403320313 -0.0301361083984375 0.536712646484375 -0.161163330078125
-0.346282958984375 0.0603332519531251 0.177703857421875 -0.182708740234375
-0.275054931640625 0.1435546875 0.106887817382813 -0.154876708984375
-0.194961547851562 0.273269653320313 -0.0198822021484375 -0.0280284881591797
-0.0068359375 0.273330688476563 -0.0050811767578125 0.0561790466308594
0.103683471679688 0.222366333007812 0.0208740234375 0.143783569335937
0.192169189453125 0.102874755859375 0.15850830078125 0.14398193359375
0.223846435546875 0.0337677001953125 0.250473022460938 0.067169189453125
0.208389282226563 0.062408447265625 0.231597900390625 0.0233001708984375
0.22479248046875 0.0403900146484375 0.238143920898438 0.019256591796875
0.1826171875 0.095977783203125 0.177017211914062 0.0386962890625
0.136932373046875 0.173873901367188 0.082763671875 0.00928497314453126
0.0464324951171875 0.235427856445313 0.0787811279296875 -0.058807373046875
-0.148300170898438 0.239608764648438 0.141738891601563 -0.140640258789062
-0.230575561523438 0.190109252929687 0.263442993164063 -0.221237182617188
-0.2852783203125 0.07330322265625 0.477691650390625 -0.186798095703125
-0.44830322265625 0.118316650390625 0.075469970703125 -0.152374267578125
-0.37432861328125 0.190948486328125 0.0623855590820312 -0.12420654296875
-0.2974853515625 0.352447509765625 -0.037139892578125 -0.0433540344238281
-0.060302734375 0.375762939453125 -0.035736083984375 0.0240631103515625
0.089599609375 0.33251953125 -0.0320053100585938 0.108291625976563
0.24310302734375 0.192520141601563 0.0880813598632813 0.115882873535156
0.30133056640625 0.08441162109375 0.15380859375 0.053955078125
0.28424072265625 0.102294921875 0.129135131835938 0.00999450683593751
0.31591796875 0.063934326171875 0.1444091796875 0.000900268554687504
0.264663696289063 0.127334594726563 0.0991592407226563 0.00239562988281251
0.212112426757813 0.237518310546875 0.0212211608886719 -0.0166072845458984
0.10382080078125 0.320556640625 0.028900146484375 -0.08380126953125
-0.15802001953125 0.358154296875 0.09356689453125 -0.161880493164062
-0.27545166015625 0.310302734375 0.208724975585938 -0.20989990234375
-0.38128662109375 0.170654296875 0.370269775390625 -0.17376708984375
-0.48126220703125 0.16754150390625 -0.065643310546875 -0.111053466796875
-0.413543701171875 0.22589111328125 -0.0147552490234375 -0.0817642211914062
-0.343536376953125 0.393890380859375 -0.0590324401855469 -0.0488739013671875
-0.0904541015625 0.42724609375 -0.06298828125 -0.0149497985839844
0.071624755859375 0.392578125 -0.079559326171875 0.0489273071289063
0.2608642578125 0.2496337890625 0.00331497192382814 0.0592842102050781
0.33270263671875 0.119842529296875 0.0320262908935547 0.0257949829101563
0.31756591796875 0.1258544921875 0.00754737854003908 -0.00473499298095702
0.359588623046875 0.0771484375 0.0290546417236328 -0.0104713439941406
0.30816650390625 0.140045166015625 0.000349044799804706 -0.0251445770263672
0.256622314453125 0.2684326171875 -0.0509757995605469 -0.0312423706054687
0.145904541015625 0.360504150390625 -0.0261154174804687 -0.09130859375
-0.1453857421875 0.423583984375 0.042694091796875 -0.153656005859375
-0.280242919921875 0.38092041015625 0.140182495117187 -0.154205322265625
-0.4188232421875 0.240081787109375 0.233078002929687 -0.121322631835937
-0.437103271484375 0.20086669921875 -0.220611572265625 -0.0570526123046875
-0.37451171875 0.24188232421875 -0.109237670898438 -0.0297012329101562
-0.3072509765625 0.380889892578125 -0.0865478515625 -0.0451126098632812
-0.08355712890625 0.4041748046875 -0.0904388427734375 -0.0493927001953125
0.057403564453125 0.3770751953125 -0.118766784667969 -0.0191192626953125
0.24285888671875 0.254684448242188 -0.0860366821289062 -0.0106964111328125
0.313751220703125 0.129852294921875 -0.0977096557617187 -0.0079345703125
0.3016357421875 0.129119873046875 -0.115989685058594 -0.0165481567382813
0.345458984375 0.0833740234375 -0.0919876098632812 -0.0154037475585937
0.29425048828125 0.1397705078125 -0.10150146484375 -0.0428390502929687
0.24505615234375 0.262985229492188 -0.118721008300781 -0.0394210815429687
0.142730712890625 0.34442138671875 -0.0746688842773438 -0.0861129760742187
-0.128021240234375 0.40594482421875 9.15527343749942E-05 -0.12066650390625
-0.24896240234375 0.374725341796875 0.0715484619140625 -0.065673828125
-0.3924560546875 0.25994873046875 0.0834197998046875 -0.040740966796875
-0.32171630859375 0.2080078125 -0.35931396484375 0.0107727050781251
-0.2645263671875 0.227569580078125 -0.199127197265625 0.0301971435546875
-0.2030029296875 0.303955078125 -0.115135192871094 -0.0276412963867187
-0.047332763671875 0.30645751953125 -0.116424560546875 -0.063873291015625
0.0469970703125 0.28826904296875 -0.143173217773438 -0.0701446533203125
0.191635131835938 0.20452880859375 -0.163650512695313 -0.0698394775390625
0.247390747070313 0.111831665039063 -0.213165283203125 -0.0353851318359375
0.239303588867188 0.112167358398438 -0.222808837890625 -0.0243072509765625
0.274551391601563 0.0839691162109375 -0.199920654296875 -0.0205230712890625
0.2252197265625 0.13018798828125 -0.185882568359375 -0.06109619140625
0.17352294921875 0.226531982421875 -0.163772583007812 -0.053192138671875
0.0873260498046875 0.272537231445313 -0.103424072265625 -0.0796051025390625
-0.114349365234375 0.3038330078125 -0.0257644653320312 -0.0792999267578125
-0.189971923828125 0.2889404296875 0.00852966308593749 0.0267257690429688
-0.305877685546875 0.228790283203125 -0.05670166015625 0.0467529296875
-0.159454345703125 0.178375244140625 -0.45904541015625 0.084869384765625
-0.119598388671875 0.174880981445313 -0.267196655273438 0.093658447265625
-0.0752105712890625 0.177688598632812 -0.136528015136719 0.00563049316406253
-0.00686645507812501 0.161956787109375 -0.132057189941406 -0.0495758056640625
0.030548095703125 0.155288696289063 -0.148101806640625 -0.0908660888671875
0.113067626953125 0.120880126953125 -0.215194702148437 -0.101043701171875
0.143325805664063 0.074676513671875 -0.29449462890625 -0.0474853515625
0.138435363769531 0.0787200927734375 -0.2952880859375 -0.0264892578125
0.1602783203125 0.075897216796875 -0.27642822265625 -0.0319671630859375
0.117607116699219 0.1051025390625 -0.233795166015625 -0.0868072509765625
0.0688018798828125 0.15570068359375 -0.173263549804688 -0.0774688720703125
0.0098724365234375 0.15557861328125 -0.106048583984375 -0.0786972045898437
-0.0862884521484375 0.146743774414063 -0.0367660522460938 -0.043243408203125
-0.101608276367188 0.154678344726563 -0.0442581176757813 0.096710205078125
-0.170455932617188 0.157150268554688 -0.166641235351562 0.118133544921875
0.0189208984375 0.109466552734375 -0.506866455078125 0.1552734375
0.0218734741210937 0.0869140625 -0.30352783203125 0.156890869140625
0.0342979431152344 0.0304107666015625 -0.142059326171875 0.0528717041015625
0.0146141052246094 0.0116767883300781 -0.128974914550781 -0.0131759643554687
0.00159931182861328 0.0170974731445313 -0.134315490722656 -0.0844192504882813
0.0172119140625 0.0296955108642578 -0.234512329101563 -0.102935791015625
0.0164756774902344 0.0318145751953125 -0.32989501953125 -0.042755126953125
0.0171623229980469 0.0337581634521484 -0.323333740234375 -0.02557373046875
0.024688720703125 0.0517044067382813 -0.309112548828125 -0.0492553710937499
0.00138092041015625 0.0566444396972656 -0.240829467773438 -0.115371704101562
-0.0306625366210938 0.0558929443359375 -0.14849853515625 -0.106353759765625
-0.0456581115722656 0.0147285461425781 -0.0843505859375 -0.081817626953125
-0.0219745635986328 -0.0192089080810547 -0.0346126556396484 -0.0169696807861328
0.0179042816162109 0.0154590606689453 -0.0824508666992188 0.132286071777344
-0.0035552978515625 0.07281494140625 -0.229461669921875 0.161117553710938
-0.1973876953125 -0.00402832031249999 0.22515869140625 -0.2064208984375
-0.14337158203125 0.0785064697265625 0.113693237304687 -0.175430297851563
-0.0701446533203125 0.1583251953125 -0.00323009490966797 -0.00905513763427733
0.0398330688476563 0.136589050292969 0.0327529907226563 0.0745010375976563
0.0959014892578125 0.08380126953125 0.080535888671875 0.146957397460938
0.103652954101563 0.002044677734375 0.210662841796875 0.135574340820313
0.10430908203125 -0.021575927734375 0.311065673828125 0.054656982421875
0.097747802734375 0.0093536376953125 0.300201416015625 0.026397705078125
0.0993118286132813 -0.0014801025390625 0.299774169921875 0.033966064453125
0.084991455078125 0.0362701416015625 0.228897094726563 0.076019287109375
0.0673751831054688 0.07763671875 0.128158569335938 0.04278564453125
0.0131072998046875 0.124885559082031 0.113983154296875 -0.0236740112304687
-0.0951309204101563 0.11053466796875 0.168060302734375 -0.102340698242188
-0.136985778808594 0.0653228759765625 0.285888671875 -0.200714111328125
-0.143646240234375 -0.019989013671875 0.530853271484375 -0.17254638671875
-0.34307861328125 0.0736083984375 0.1826171875 -0.187759399414063
-0.2686767578125 0.14788818359375 0.107437133789063 -0.159622192382813
-0.184906005859375 0.275650024414063 -0.0171756744384766 -0.0261383056640625
-0.00054931640625002 0.267898559570313 -0.00186538696289063 0.0559577941894531
0.1083984375 0.215667724609375 0.02728271484375 0.144332885742188
0.189102172851563 0.09423828125 0.163055419921875 0.141204833984375
0.219024658203125 0.025726318359375 0.25390625 0.0614776611328125
0.208038330078125 0.055755615234375 0.23370361328125 0.02081298828125
0.222946166992188 0.031524658203125 0.241348266601563 0.01556396484375
0.183792114257813 0.089599609375 0.178939819335938 0.0398101806640625
0.1427001953125 0.168212890625 0.0824356079101563 0.01287841796875
0.0545501708984375 0.2359619140625 0.076873779296875 -0.0577239990234375
-0.139694213867188 0.247528076171875 0.13671875 -0.144287109375
-0.221466064453125 0.198974609375 0.2567138671875 -0.227752685546875
-0.284637451171875 0.0863037109375 0.47119140625 -0.19378662109375
-0.44659423828125 0.13397216796875 0.08172607421875 -0.152633666992188
-0.369110107421875 0.197784423828125 0.0644760131835937 -0.126808166503906
-0.2872314453125 0.3602294921875 -0.0337181091308594 -0.0379180908203125
-0.050506591796875 0.37371826171875 -0.0307731628417969 0.0261726379394531
0.098236083984375 0.328399658203125 -0.0252609252929687 0.110931396484375
0.243255615234375 0.184402465820313 0.0928878784179688 0.11395263671875
0.298828125 0.074737548828125 0.158233642578125 0.0508270263671875
0.286102294921875 0.09423828125 0.131950378417969 0.0105972290039063
0.31591796875 0.05322265625 0.147262573242188 0.000274658203125003
0.265975952148438 0.120040893554688 0.100257873535156 0.00509643554687501
0.218307495117188 0.23126220703125 0.0209484100341797 -0.0106430053710937
0.112945556640625 0.32000732421875 0.0274429321289063 -0.0799713134765625
-0.14801025390625 0.366180419921875 0.0890350341796875 -0.162841796875
-0.264862060546875 0.31781005859375 0.202255249023437 -0.213226318359375
-0.380767822265625 0.185272216796875 0.364471435546875 -0.177459716796875
-0.483001708984375 0.181976318359375 -0.0587081909179688 -0.106307983398437
-0.4112548828125 0.2344970703125 -0.0113067626953125 -0.0804824829101562
-0.33355712890625 0.406341552734375 -0.055877685546875 -0.040771484375
-0.081329345703125 0.428558349609375 -0.0577545166015625 -0.010650634765625
0.082122802734375 0.39239501953125 -0.0731658935546875 0.0531005859375
0.264297485351563 0.243148803710938 0.00784301757812502 0.0585060119628906
0.33355712890625 0.110748291015625 0.0351295471191407 0.0259304046630859
0.321533203125 0.119384765625 0.00918388366699221 -0.000350952148437493
0.360931396484375 0.066741943359375 0.0314369201660156 -0.00831985473632812
0.309906005859375 0.13262939453125 0.000909805297851581 -0.0202102661132812
0.263641357421875 0.261642456054688 -0.0506935119628906 -0.0239181518554687
0.15576171875 0.35980224609375 -0.0264053344726562 -0.085418701171875
-0.135589599609375 0.430450439453125 0.039215087890625 -0.151260375976563
-0.2705078125 0.387115478515625 0.136154174804687 -0.154617309570312
-0.41876220703125 0.254150390625 0.227783203125 -0.120498657226562
-0.439178466796875 0.21124267578125 -0.214370727539063 -0.0476531982421874
-0.373870849609375 0.25067138671875 -0.105384826660156 -0.0234603881835937
-0.3013916015625 0.393280029296875 -0.0834426879882813 -0.0350189208984375
-0.076416015625 0.4088134765625 -0.0852508544921875 -0.0436248779296875
0.067291259765625 0.380340576171875 -0.114067077636719 -0.0143966674804687
0.247909545898438 0.250762939453125 -0.0837478637695312 -0.00999450683593747
0.316436767578125 0.1224365234375 -0.0962677001953125 -0.00472259521484374
0.306671142578125 0.123992919921875 -0.115005493164062 -0.00946044921874998
0.348388671875 0.075653076171875 -0.0901336669921875 -0.011016845703125
0.296722412109375 0.13336181640625 -0.101799011230469 -0.0363388061523438
0.251693725585938 0.258392333984375 -0.118316650390625 -0.0315780639648438
0.149871826171875 0.3441162109375 -0.0741958618164062 -0.0790939331054687
-0.121368408203125 0.411376953125 -0.001434326171875 -0.116546630859375
-0.241790771484375 0.378875732421875 0.0697517395019531 -0.0633659362792968
-0.392913818359375 0.27117919921875 0.0798492431640625 -0.0357131958007812
-0.324859619140625 0.213897705078125 -0.35394287109375 0.023345947265625
-0.265960693359375 0.233657836914062 -0.195343017578125 0.0401611328125001
-0.201507568359375 0.31396484375 -0.111915588378906 -0.0167465209960937
-0.0423583984375 0.31170654296875 -0.111709594726563 -0.0572662353515625
0.0543212890625 0.29278564453125 -0.140609741210938 -0.0660552978515625
0.1961669921875 0.203170776367188 -0.1630859375 -0.0685272216796875
0.251449584960937 0.106658935546875 -0.213821411132812 -0.02960205078125
0.244598388671875 0.109176635742188 -0.2222900390625 -0.0151824951171875
0.27783203125 0.07928466796875 -0.198944091796875 -0.0141448974609375
0.227554321289063 0.127349853515625 -0.186203002929688 -0.0540313720703125
0.17938232421875 0.224319458007813 -0.162826538085938 -0.0451812744140625
0.092132568359375 0.27313232421875 -0.102989196777344 -0.0722808837890625
-0.11114501953125 0.309295654296875 -0.0265655517578125 -0.074554443359375
-0.18731689453125 0.291412353515625 0.00907897949218749 0.0307426452636719
-0.30780029296875 0.23577880859375 -0.0587005615234375 0.0552520751953125
-0.161819458007812 0.177734375 -0.45404052734375 0.09979248046875
-0.1217041015625 0.175552368164062 -0.263214111328125 0.105850219726563
-0.0770263671875 0.182373046875 -0.132820129394531 0.0158843994140625
-0.00614929199218751 0.166229248046875 -0.127311706542969 -0.043487548828125
0.032684326171875 0.15924072265625 -0.147323608398438 -0.0890655517578125
0.116462707519531 0.122428894042969 -0.216705322265625 -0.0989532470703124
0.14727783203125 0.073822021484375 -0.29620361328125 -0.039459228515625
0.143478393554688 0.0791473388671875 -0.295654296875 -0.016845703125
0.164627075195313 0.0744781494140625 -0.276199340820313 -0.0238800048828125
0.121284484863281 0.105400085449219 -0.235153198242188 -0.07952880859375
0.0732574462890625 0.157119750976563 -0.172882080078125 -0.070465087890625
0.0123748779296875 0.15997314453125 -0.105903625488281 -0.0721664428710937
-0.088226318359375 0.152114868164063 -0.0369148254394531 -0.0385780334472656
-0.103302001953125 0.155471801757812 -0.0425567626953125 0.101242065429688
-0.174392700195313 0.159881591796875 -0.1678466796875 0.12799072265625
0.0161666870117188 0.103683471679688 -0.5006103515625 0.16802978515625
0.01953125 0.0837173461914063 -0.298431396484375 0.168792724609375
0.0298976898193359 0.0304508209228516 -0.137443542480469 0.06097412109375
0.0115852355957031 0.0142040252685547 -0.124443054199219 -0.00821685791015626
-0.000799179077148436 0.0206489562988281 -0.13421630859375 -0.0852508544921875
0.0186386108398438 0.0341949462890625 -0.237335205078125 -0.100601196289062
0.0206050872802734 0.0347137451171875 -0.33154296875 -0.035247802734375
0.0209846496582031 0.0373687744140625 -0.324005126953125 -0.016632080078125
0.0297355651855469 0.0544853210449219 -0.310394287109375 -0.041717529296875
0.00534820556640625 0.05975341796875 -0.243408203125 -0.109466552734375
-0.0271568298339844 0.0608139038085938 -0.14935302734375 -0.101852416992188
-0.046600341796875 0.0210151672363281 -0.0856704711914062 -0.0767745971679688
-0.0285663604736328 -0.0147895812988281 -0.0350284576416016 -0.0127201080322266
0.0106124877929688 0.0152215957641602 -0.0803909301757813 0.137687683105469
-0.00908660888671874 0.0696258544921875 -0.231613159179688 0.170623779296875
-0.19677734375 0.00294494628906252 0.23699951171875 -0.215438842773437
-0.142120361328125 0.07989501953125 0.116806030273437 -0.183929443359375
-0.0669097900390625 0.1583251953125 -0.00111865997314454 -0.0100889205932617
0.041259765625 0.133750915527344 0.0338516235351563 0.0737838745117188
0.09783935546875 0.0795211791992188 0.0840911865234375 0.1497802734375
0.100799560546875 -0.0019378662109375 0.216049194335937 0.138275146484375
0.100936889648438 -0.02392578125 0.3197021484375 0.05328369140625
0.0978622436523438 0.007110595703125 0.30999755859375 0.025360107421875
0.09906005859375 -0.0051116943359375 0.310516357421875 0.033050537109375
0.0857467651367188 0.0338516235351563 0.237075805664063 0.079833984375
0.0701751708984375 0.07568359375 0.130828857421875 0.0467987060546875
0.0174560546875 0.127449035644531 0.114532470703125 -0.024566650390625
-0.0925979614257813 0.115211486816406 0.168411254882812 -0.107315063476562
-0.133926391601562 0.070159912109375 0.288726806640625 -0.2091064453125
-0.145492553710938 -0.0133209228515625 0.54180908203125 -0.180908203125
-0.347198486328125 0.083770751953125 0.193893432617187 -0.19512939453125
-0.270736694335938 0.151565551757812 0.112030029296875 -0.166702270507813
-0.183319091796875 0.28076171875 -0.0140666961669922 -0.0253582000732422
0.00253295898437498 0.269073486328125 0.000999450683593747 0.0561981201171875
0.11199951171875 0.215866088867188 0.0315093994140625 0.147262573242188
0.188522338867188 0.0919036865234375 0.168624877929688 0.14337158203125
0.219100952148438 0.023529052734375 0.262588500976563 0.0597381591796875
0.21197509765625 0.0541229248046875 0.242095947265625 0.021331787109375
0.225845336914062 0.027191162109375 0.250473022460938 0.0164337158203125
0.186660766601563 0.0883636474609375 0.185394287109375 0.044036865234375
0.14739990234375 0.16937255859375 0.0845260620117188 0.0179824829101563
0.0607452392578125 0.24212646484375 0.0776748657226563 -0.0574417114257812
-0.1380615234375 0.257247924804688 0.136993408203125 -0.148269653320313
-0.220123291015625 0.207015991210937 0.259414672851563 -0.2354736328125
-0.29150390625 0.096435546875 0.478759765625 -0.20001220703125
-0.456939697265625 0.145416259765625 0.0921630859375 -0.156570434570313
-0.37554931640625 0.204833984375 0.0698394775390625 -0.131515502929688
-0.28802490234375 0.37225341796875 -0.0307693481445313 -0.0340213775634765
-0.049224853515625 0.378875732421875 -0.0274295806884766 0.0275440216064453
0.103851318359375 0.334320068359375 -0.0209579467773437 0.115158081054688
0.246200561523437 0.184555053710938 0.0981521606445313 0.115936279296875
0.3018798828125 0.0726318359375 0.1644287109375 0.051239013671875
0.293792724609375 0.094085693359375 0.137168884277344 0.0124435424804688
0.321990966796875 0.0494384765625 0.154220581054688 0.001312255859375
0.271133422851563 0.11981201171875 0.1043701171875 0.00941467285156251
0.225143432617188 0.233688354492188 0.0220794677734375 -0.00478935241699217
0.120361328125 0.32818603515625 0.0286407470703125 -0.0789642333984375
-0.147613525390625 0.37884521484375 0.089141845703125 -0.165618896484375
-0.265716552734375 0.32855224609375 0.204574584960937 -0.218475341796875
-0.39178466796875 0.198333740234375 0.370025634765625 -0.18096923828125
-0.496368408203125 0.193328857421875 -0.0522079467773438 -0.106376647949219
-0.42083740234375 0.24420166015625 -0.00727844238281253 -0.08123779296875
-0.338531494140625 0.42236328125 -0.0524177551269532 -0.0349693298339843
-0.080108642578125 0.438507080078125 -0.0533447265625 -0.00763702392578123
0.088226318359375 0.401763916015625 -0.0697860717773438 0.0566558837890625
0.26995849609375 0.246292114257813 0.01092529296875 0.0593681335449219
0.3387451171875 0.109405517578125 0.0386466979980469 0.0265235900878906
0.331085205078125 0.119384765625 0.0118780136108399 0.00318527221679688
0.368988037109375 0.063629150390625 0.0348281860351563 -0.00690650939941406
0.315521240234375 0.13275146484375 0.00186347961425783 -0.0159416198730469
0.272445678710938 0.265716552734375 -0.0509681701660156 -0.0178184509277344
0.1629638671875 0.369232177734375 -0.0261764526367187 -0.0835342407226562
-0.136077880859375 0.44427490234375 0.0393218994140625 -0.152496337890625
-0.27227783203125 0.397552490234375 0.136978149414062 -0.156951904296875
-0.431640625 0.26800537109375 0.229721069335938 -0.119888305664063
-0.45391845703125 0.222137451171875 -0.212203979492188 -0.0439758300781249
-0.384918212890625 0.25909423828125 -0.103828430175781 -0.0198898315429688
-0.307220458984375 0.4114990234375 -0.0804672241210938 -0.02716064453125
-0.0755615234375 0.421661376953125 -0.0820159912109375 -0.0409393310546875
0.073272705078125 0.392425537109375 -0.112396240234375 -0.012298583984375
0.254806518554688 0.256072998046875 -0.0837631225585937 -0.0108871459960937
0.32373046875 0.1214599609375 -0.09674072265625 -0.0032501220703125
0.31732177734375 0.125457763671875 -0.116546630859375 -0.00442504882812501
0.356353759765625 0.07403564453125 -0.0904541015625 -0.00852203369140624
0.302703857421875 0.134918212890625 -0.103157043457031 -0.0330429077148437
0.259994506835938 0.261978149414063 -0.119026184082031 -0.02593994140625
0.15625 0.35302734375 -0.07440185546875 -0.0760574340820312
-0.122772216796875 0.424468994140625 -0.00190734863281252 -0.116409301757812
-0.245147705078125 0.38787841796875 0.0703811645507812 -0.0621261596679687
-0.405975341796875 0.28387451171875 0.0783538818359375 -0.03082275390625
-0.33697509765625 0.220611572265625 -0.3565673828125 0.03033447265625
-0.276718139648437 0.241592407226562 -0.196044921875 0.047271728515625
-0.206390380859375 0.328277587890625 -0.109367370605469 -0.00793457031249998
-0.0428466796875 0.32275390625 -0.108604431152344 -0.0546646118164063
0.058380126953125 0.303619384765625 -0.14105224609375 -0.0662078857421875
0.202682495117188 0.209365844726563 -0.166641235351563 -0.0700225830078125
0.2584228515625 0.1075439453125 -0.218215942382813 -0.02703857421875
0.25445556640625 0.11187744140625 -0.226913452148437 -0.010162353515625
0.28607177734375 0.07916259765625 -0.202438354492187 -0.0115509033203125
0.233245849609375 0.1295166015625 -0.190093994140625 -0.0512237548828125
0.18597412109375 0.229324340820313 -0.16448974609375 -0.0406341552734375
0.09637451171875 0.282073974609375 -0.103431701660156 -0.069488525390625
-0.1148681640625 0.320281982421875 -0.0269699096679688 -0.073028564453125
-0.19219970703125 0.29766845703125 0.00985527038574217 0.0344886779785156
-0.320037841796875 0.243621826171875 -0.0630989074707031 0.0633049011230469
-0.17059326171875 0.180221557617187 -0.459991455078125 0.1090087890625
-0.128921508789063 0.179672241210938 -0.266311645507813 0.11553955078125
-0.0815277099609375 0.190536499023438 -0.131233215332031 0.02410888671875
-0.00749206542968751 0.173294067382813 -0.124832153320313 -0.04168701171875
0.0338897705078125 0.167724609375 -0.149490356445313 -0.09124755859375
0.120994567871094 0.128173828125 -0.223388671875 -0.102340698242187
0.15338134765625 0.075286865234375 -0.3037109375 -0.037109375
0.15118408203125 0.0818328857421875 -0.302825927734375 -0.012451171875
0.171890258789063 0.0772857666015625 -0.2823486328125 -0.0207824707031249
0.126121520996094 0.109237670898438 -0.240859985351562 -0.077880859375
0.0778656005859375 0.16302490234375 -0.175262451171875 -0.0682830810546875
0.013214111328125 0.167648315429688 -0.106842041015625 -0.0694427490234375
-0.0934906005859375 0.1595458984375 -0.0370903015136719 -0.03668212890625
-0.109954833984375 0.159469604492187 -0.0426483154296875 0.107177734375
-0.184844970703125 0.16387939453125 -0.1748046875 0.138214111328125
0.0120391845703125 0.101005554199219 -0.510223388671875 0.17889404296875
0.0168228149414063 0.0837249755859375 -0.301910400390625 0.180023193359375
0.0269355773925781 0.0313358306884766 -0.135406494140625 0.0675277709960937
0.00949954986572266 0.0170011520385742 -0.122764587402344 -0.00637817382812501
-0.00260734558105469 0.0247764587402344 -0.136749267578125 -0.0889892578125
0.01934814453125 0.0388221740722656 -0.24462890625 -0.103912353515625
0.0243263244628906 0.0371818542480469 -0.340789794921875 -0.03228759765625
0.0254478454589844 0.0413856506347656 -0.331878662109375 -0.0128173828124999
0.0349769592285156 0.0584259033203125 -0.31817626953125 -0.0392150878906249
0.00952148437499999 0.0639801025390625 -0.25 -0.10943603515625
-0.0249862670898437 0.0660362243652344 -0.152450561523438 -0.101837158203125
-0.0477485656738281 0.02642822265625 -0.0871963500976563 -0.0746078491210937
-0.0345325469970703 -0.010162353515625 -0.0360260009765625 -0.0102348327636719
0.00429058074951172 0.0162801742553711 -0.08203125 0.144271850585938
-0.0158500671386719 0.0694351196289063 -0.239822387695313 0.180419921875
-0.20062255859375 0.010498046875 0.251861572265625 -0.233871459960938
-0.143783569335938 0.08380126953125 0.120773315429687 -0.19793701171875
-0.06536865234375 0.162948608398438 0.000883102416992184 -0.011469841003418
0.0450439453125 0.134170532226563 0.0363388061523437 0.0749435424804688
0.101699829101563 0.0772171020507813 0.0912933349609375 0.155410766601563
0.0993576049804688 -0.00611114501953125 0.228683471679688 0.1434326171875
0.100364685058594 -0.0267562866210937 0.3375244140625 0.04925537109375
0.100631713867188 0.00408172607421875 0.32757568359375 0.02069091796875
0.100555419921875 -0.00954437255859375 0.329437255859375 0.02996826171875
0.089111328125 0.032379150390625 0.253005981445313 0.0832672119140625
0.07464599609375 0.0768661499023438 0.138313293457031 0.0504074096679688
0.0240097045898438 0.133430480957031 0.118492126464844 -0.027557373046875
-0.0912094116210938 0.12335205078125 0.17230224609375 -0.11688232421875
-0.134292602539063 0.0772323608398437 0.29608154296875 -0.225799560546875
-0.150283813476563 -0.00595092773437502 0.56292724609375 -0.20025634765625
-0.359283447265625 0.0985107421874999 0.20892333984375 -0.210830688476563
-0.279281616210937 0.161239624023438 0.117462158203125 -0.1800537109375
-0.1849365234375 0.2958984375 -0.0111598968505859 -0.0249671936035156
0.00633239746093747 0.2772216796875 0.00371551513671875 0.0578155517578125
0.1201171875 0.220947265625 0.03765869140625 0.154678344726562
0.193801879882813 0.0915069580078125 0.180450439453125 0.14849853515625
0.224472045898438 0.0199737548828125 0.278274536132813 0.0581207275390625
0.22247314453125 0.05181884765625 0.257476806640625 0.0189666748046875
0.234603881835938 0.0225372314453125 0.266952514648438 0.013336181640625
0.196197509765625 0.08843994140625 0.198089599609375 0.046966552734375
0.158340454101562 0.173248291015625 0.0890655517578125 0.0223159790039063
0.071136474609375 0.254608154296875 0.0804595947265625 -0.0605697631835937
-0.138259887695312 0.274673461914063 0.13909912109375 -0.158279418945312
-0.224166870117187 0.221572875976563 0.266021728515625 -0.251510620117188
-0.304962158203125 0.1124267578125 0.49969482421875 -0.2171630859375
-0.47607421875 0.165557861328125 0.102951049804687 -0.167755126953125
-0.389892578125 0.22003173828125 0.0753326416015625 -0.140655517578125
-0.2938232421875 0.396087646484375 -0.0269260406494141 -0.0313396453857422
-0.045623779296875 0.3963623046875 -0.0244407653808594 0.0296707153320313
0.1148681640625 0.347015380859375 -0.0160293579101562 0.122306823730469
0.257278442382813 0.1884765625 0.106758117675781 0.119773864746094
0.314239501953125 0.069976806640625 0.175979614257813 0.0502166748046875
0.309814453125 0.092437744140625 0.147369384765625 0.013580322265625
0.336944580078125 0.044708251953125 0.165130615234375 0.000228881835937503
0.284271240234375 0.1201171875 0.111648559570313 0.0127792358398438
0.241043090820313 0.240371704101563 0.0238571166992188 8.20159912109522E-05
0.134033203125 0.344390869140625 0.0292816162109375 -0.0808944702148437
-0.146728515625 0.40350341796875 0.0897064208984375 -0.174118041992187
-0.27178955078125 0.348480224609375 0.208892822265625 -0.23223876953125
-0.4105224609375 0.22052001953125 0.3848876953125 -0.192108154296875
-0.5211181640625 0.21624755859375 -0.0475921630859375 -0.110519409179688
-0.44000244140625 0.264251708984375 -0.00397491455078127 -0.0849838256835937
-0.34552001953125 0.45361328125 -0.0493316650390625 -0.0292549133300781
-0.0765380859375 0.462371826171875 -0.0516891479492188 -0.00597763061523435
0.101470947265625 0.422332763671875 -0.0674552917480469 0.06134033203125
0.284698486328125 0.254180908203125 0.0145263671875 0.0612907409667969
0.3551025390625 0.108795166015625 0.0431976318359375 0.0275917053222656
0.351837158203125 0.11956787109375 0.0149393081665039 0.00704383850097657
0.387451171875 0.0589599609375 0.0387763977050782 -0.00670623779296875
0.3319091796875 0.1348876953125 0.00359439849853518 -0.0125741958618164
0.290740966796875 0.273223876953125 -0.0511322021484375 -0.0122146606445312
0.178863525390625 0.387115478515625 -0.0268402099609375 -0.0841217041015625
-0.135406494140625 0.472686767578125 0.037567138671875 -0.15875244140625
-0.2791748046875 0.420562744140625 0.140243530273437 -0.164260864257812
-0.453765869140625 0.29302978515625 0.237533569335937 -0.124237060546875
-0.47845458984375 0.24346923828125 -0.216644287109375 -0.03973388671875
-0.404266357421875 0.2791748046875 -0.10467529296875 -0.0166473388671875
-0.31549072265625 0.441986083984375 -0.0782852172851563 -0.0194320678710937
-0.0719909667968751 0.445709228515625 -0.0807342529296875 -0.0389633178710937
0.0858154296875 0.41424560546875 -0.114105224609375 -0.0096969604492187
0.271133422851563 0.26544189453125 -0.0864028930664062 -0.0112075805664062
0.341094970703125 0.122406005859375 -0.100379943847656 -0.00106048583984373
0.337799072265625 0.12750244140625 -0.1197509765625 0.00150299072265627
0.375762939453125 0.07080078125 -0.0943145751953125 -0.00612640380859374
0.318145751953125 0.138031005859375 -0.107673645019531 -0.0289230346679687
0.277938842773438 0.270660400390625 -0.122108459472656 -0.0202255249023437
0.171783447265625 0.3707275390625 -0.0761871337890625 -0.07537841796875
-0.123138427734375 0.452239990234375 -0.00404357910156251 -0.119392395019531
-0.2530517578125 0.409454345703125 0.0723648071289062 -0.0633544921875
-0.428955078125 0.3074951171875 0.0793991088867187 -0.0271682739257812
-0.356658935546875 0.23724365234375 -0.368988037109375 0.041290283203125
-0.291748046875 0.2581787109375 -0.201065063476563 0.0568084716796875
-0.2137451171875 0.353302001953125 -0.108940124511719 0.000282287597656268
-0.040313720703125 0.34197998046875 -0.109443664550781 -0.0529861450195312
0.0684814453125 0.322418212890625 -0.145889282226563 -0.0666656494140625
0.216659545898438 0.21929931640625 -0.176025390625 -0.0728759765625
0.273895263671875 0.109832763671875 -0.229263305664062 -0.0233612060546875
0.272109985351563 0.114700317382813 -0.23681640625 -0.00180053710937496
0.303253173828125 0.079742431640625 -0.211990356445312 -0.00694274902343747
0.246612548828125 0.134368896484375 -0.1993408203125 -0.0475006103515625
0.199630737304688 0.238204956054688 -0.169815063476563 -0.036041259765625
0.10626220703125 0.2972412109375 -0.106452941894531 -0.0676498413085937
-0.1182861328125 0.341583251953125 -0.028533935546875 -0.0739212036132812
-0.2003173828125 0.314239501953125 0.0103988647460937 0.0396308898925781
-0.33966064453125 0.262939453125 -0.068206787109375 0.0741348266601563
-0.183181762695313 0.19000244140625 -0.478271484375 0.125244140625
-0.137451171875 0.190704345703125 -0.274154663085938 0.130416870117188
-0.085296630859375 0.204498291015625 -0.131431579589844 0.032562255859375
-0.00659179687500001 0.184555053710938 -0.126594543457031 -0.0395965576171875
0.039154052734375 0.1800537109375 -0.156158447265625 -0.0938568115234375
0.129531860351563 0.136421203613281 -0.23590087890625 -0.105667114257813
0.164260864257813 0.078155517578125 -0.3201904296875 -0.0321044921875
0.163955688476562 0.0854034423828125 -0.317047119140625 -0.00445556640624995
0.184539794921875 0.080230712890625 -0.2972412109375 -0.0157470703125
0.13458251953125 0.11492919921875 -0.254196166992188 -0.0761871337890624
0.085784912109375 0.171951293945312 -0.18206787109375 -0.0667724609375
0.0166015625 0.179122924804688 -0.110588073730469 -0.0682373046875
-0.0998382568359375 0.173233032226563 -0.0389404296875 -0.0353927612304687
-0.117767333984375 0.16888427734375 -0.0429763793945313 0.116531372070313
-0.19830322265625 0.1749267578125 -0.184585571289062 0.153488159179688
0.00880432128906249 0.101753234863281 -0.529815673828125 0.197906494140625
0.0157318115234375 0.086578369140625 -0.31085205078125 0.198150634765625
0.0253067016601563 0.0328273773193359 -0.136192321777344 0.0757522583007813
0.00864982604980469 0.0194625854492188 -0.124153137207031 -0.00434112548828125
-0.003997802734375 0.0297279357910156 -0.144989013671875 -0.0935211181640625
0.0226516723632813 0.0442085266113281 -0.26007080078125 -0.10791015625
0.028961181640625 0.0406608581542969 -0.359466552734375 -0.027923583984375
0.0311317443847656 0.0447235107421875 -0.349151611328125 -0.00674438476562495
0.041900634765625 0.0633430480957031 -0.336151123046875 -0.0337829589843749
0.0137062072753906 0.0690345764160156 -0.264129638671875 -0.11083984375
-0.0224075317382812 0.0727005004882813 -0.159561157226563 -0.103729248046875
-0.0495147705078125 0.0333328247070313 -0.0919570922851563 -0.0744781494140625
-0.0406761169433594 -0.00564193725585938 -0.0382423400878906 -0.00817108154296874
-0.00139045715332031 0.0185985565185547 -0.084320068359375 0.155975341796875
-0.0218734741210938 0.0719680786132813 -0.253372192382813 0.198013305664063
-0.205810546875 0.023193359375 0.26165771484375 -0.263824462890625
-0.144699096679688 0.09271240234375 0.119400024414063 -0.2178955078125
-0.060302734375 0.172271728515625 0.00297164916992187 -0.0133876800537109
0.051513671875 0.135917663574219 0.0414276123046875 0.0760574340820313
0.108642578125 0.0725326538085938 0.103805541992188 0.160049438476563
0.0991744995117188 -0.011932373046875 0.24835205078125 0.142913818359375
0.0996932983398438 -0.0323333740234375 0.35980224609375 0.035675048828125
0.104522705078125 -0.00144195556640625 0.350067138671875 0.00616455078125
0.102455139160156 -0.0167388916015625 0.35418701171875 0.01611328125
0.0945281982421875 0.0290679931640625 0.274551391601563 0.079833984375
0.0826797485351563 0.0760040283203125 0.148162841796875 0.0513763427734375
0.0341339111328125 0.13916015625 0.122833251953125 -0.0344009399414062
-0.0875930786132812 0.135185241699219 0.174209594726563 -0.1322021484375
-0.134025573730469 0.0880355834960938 0.301025390625 -0.253509521484375
-0.157058715820313 0.00532531738281253 0.5865478515625 -0.23809814453125
-0.373443603515625 0.124542236328125 0.219482421875 -0.235687255859375
-0.286376953125 0.181732177734375 0.1182861328125 -0.199127197265625
-0.179534912109375 0.31964111328125 -0.00870704650878907 -0.0243053436279297
0.017242431640625 0.289154052734375 0.0077667236328125 0.0598297119140625
0.136642456054688 0.225067138671875 0.0490875244140625 0.162399291992188
0.203033447265625 0.086669921875 0.19866943359375 0.149810791015625
0.233108520507813 0.011444091796875 0.2987060546875 0.047760009765625
0.236709594726563 0.044158935546875 0.276351928710938 0.00921630859375
0.246627807617188 0.010528564453125 0.287506103515625 0.00189208984375
0.209869384765625 0.084442138671875 0.215484619140625 0.0451812744140625
0.1754150390625 0.175567626953125 0.0962677001953125 0.0249786376953125
0.08917236328125 0.266708374023438 0.0820541381835938 -0.0669174194335937
-0.13201904296875 0.298919677734375 0.13787841796875 -0.173843383789062
-0.224014282226562 0.244491577148438 0.267501831054687 -0.277633666992188
-0.317626953125 0.138275146484375 0.51812744140625 -0.24993896484375
-0.496124267578125 0.20245361328125 0.1103515625 -0.185043334960938
-0.402099609375 0.25030517578125 0.076934814453125 -0.154647827148437
-0.290191650390625 0.434417724609375 -0.0234489440917969 -0.0278301239013672
-0.03082275390625 0.4190673828125 -0.0205974578857422 0.0319442749023438
0.137908935546875 0.36102294921875 -0.00789642333984374 0.130203247070313
0.276153564453125 0.186935424804687 0.120765686035156 0.121932983398438
0.33135986328125 0.060394287109375 0.190261840820313 0.04559326171875
0.33282470703125 0.083587646484375 0.1602783203125 0.00973510742187501
0.3565673828125 0.028900146484375 0.1783447265625 -0.0071258544921875
0.30535888671875 0.1148681640625 0.121513366699219 0.0126190185546875
0.266571044921875 0.242599487304688 0.027557373046875 0.00446701049804689
0.1597900390625 0.360260009765625 0.0286026000976563 -0.08538818359375
-0.136749267578125 0.437286376953125 0.0848846435546875 -0.1871337890625
-0.270111083984375 0.3802490234375 0.20806884765625 -0.254150390625
-0.42724609375 0.258575439453125 0.397491455078125 -0.217559814453125
-0.544158935546875 0.2578125 -0.0462493896484375 -0.115692138671875
-0.454833984375 0.299346923828125 -0.00343322753906252 -0.0904388427734375
-0.34405517578125 0.49908447265625 -0.0448493957519531 -0.0229377746582031
-0.0595703125 0.4915771484375 -0.0494232177734375 -0.00320434570312497
0.12933349609375 0.443023681640625 -0.0642776489257813 0.06964111328125
0.31109619140625 0.255706787109375 0.0207328796386719 0.0630340576171875
0.37744140625 0.098907470703125 0.0486488342285156 0.0276145935058594
0.378631591796875 0.110687255859375 0.0195446014404297 0.00984573364257813
0.412750244140625 0.0428466796875 0.0428657531738282 -0.00742340087890625
0.356231689453125 0.128692626953125 0.00568675994873049 -0.0093698501586914
0.320098876953125 0.275726318359375 -0.0516700744628906 -0.00571823120117185
0.209747314453125 0.403656005859375 -0.03057861328125 -0.085479736328125
-0.123565673828125 0.510009765625 0.0314788818359375 -0.1676025390625
-0.276275634765625 0.457550048828125 0.139205932617187 -0.177642822265625
-0.4703369140625 0.3382568359375 0.24383544921875 -0.136856079101562
-0.500762939453125 0.2835693359375 -0.223785400390625 -0.0316619873046874
-0.419586181640625 0.3157958984375 -0.106719970703125 -0.0119476318359375
-0.313751220703125 0.487579345703125 -0.0747833251953125 -0.0102310180664062
-0.0565185546875 0.475799560546875 -0.081451416015625 -0.0362930297851562
0.112701416015625 0.438018798828125 -0.116973876953125 -0.00452423095703122
0.299163818359375 0.271148681640625 -0.0904617309570312 -0.00970458984374999
0.36572265625 0.114898681640625 -0.105155944824219 0.00485992431640625
0.366485595703125 0.11944580078125 -0.123939514160156 0.0112075805664063
0.401702880859375 0.057037353515625 -0.0989608764648437 -0.000473022460937491
0.34234619140625 0.133087158203125 -0.113479614257812 -0.02215576171875
0.3070068359375 0.27423095703125 -0.126235961914062 -0.0111846923828125
0.199981689453125 0.38751220703125 -0.0816879272460937 -0.07421875
-0.111480712890625 0.4879150390625 -0.0101852416992188 -0.12396240234375
-0.25152587890625 0.4437255859375 0.0730361938476562 -0.0668182373046875
-0.445831298828125 0.35040283203125 0.0803070068359375 -0.0262451171875
-0.373992919921875 0.268646240234375 -0.3834228515625 0.0628356933593751
-0.302734375 0.2882080078125 -0.206253051757813 0.0722503662109376
-0.21142578125 0.388427734375 -0.107017517089844 0.0111007690429688
-0.027679443359375 0.36651611328125 -0.112411499023438 -0.0499649047851562
0.088958740234375 0.343414306640625 -0.154678344726562 -0.0635528564453125
0.240264892578125 0.225601196289063 -0.1885986328125 -0.0708465576171875
0.29486083984375 0.104705810546875 -0.243392944335937 -0.0125885009765624
0.296539306640625 0.1099853515625 -0.248580932617187 0.0124053955078125
0.326324462890625 0.070281982421875 -0.22467041015625 0.00407409667968746
0.26666259765625 0.132659912109375 -0.212066650390625 -0.03857421875
0.223052978515625 0.24365234375 -0.176956176757813 -0.0275573730468749
0.12689208984375 0.313262939453125 -0.113136291503906 -0.0644302368164063
-0.11328125 0.370574951171875 -0.0345687866210938 -0.0749893188476562
-0.202178955078125 0.341156005859375 0.0132980346679687 0.0450439453125
-0.354522705078125 0.298187255859375 -0.0713119506835938 0.0888748168945313
-0.192184448242188 0.207870483398438 -0.49755859375 0.158355712890625
-0.141632080078125 0.208023071289063 -0.280670166015625 0.154632568359375
-0.0835418701171875 0.223037719726562 -0.130180358886719 0.0444717407226563
0.000839233398437494 0.19854736328125 -0.130630493164063 -0.0354843139648438
0.0502166748046875 0.193801879882813 -0.168441772460938 -0.0928497314453125
0.145217895507813 0.14263916015625 -0.255355834960938 -0.103729248046875
0.178268432617188 0.07666015625 -0.340423583984375 -0.0178833007812499
0.180252075195312 0.084686279296875 -0.334564208984375 0.012847900390625
0.20220947265625 0.0772247314453125 -0.3154296875 -0.00146484375000003
0.149139404296875 0.117630004882813 -0.271484375 -0.0677795410156249
0.10009765625 0.179336547851562 -0.192520141601563 -0.060211181640625
0.026580810546875 0.192916870117188 -0.118133544921875 -0.0648956298828125
-0.101089477539063 0.192413330078125 -0.0428695678710938 -0.0336875915527344
-0.122482299804687 0.183883666992188 -0.04058837890625 0.128349304199219
-0.208847045898437 0.195541381835938 -0.191436767578125 0.177642822265625
0.00791931152343749 0.103958129882813 -0.549835205078125 0.2374267578125
0.017120361328125 0.0901565551757813 -0.3175048828125 0.228302001953125
0.0251731872558594 0.0337429046630859 -0.13543701171875 0.0880203247070313
0.00866889953613281 0.0216255187988281 -0.127311706542969 0.000663757324218768
-0.00352096557617187 0.0352096557617188 -0.157272338867188 -0.093475341796875
0.0277671813964844 0.0498695373535156 -0.280975341796875 -0.10546875
0.0349044799804688 0.0431365966796875 -0.383544921875 -0.01263427734375
0.0381011962890625 0.0476722717285156 -0.36907958984375 0.0107116699218751
0.0518798828125 0.0671920776367187 -0.35870361328125 -0.018218994140625
0.019989013671875 0.074493408203125 -0.286346435546875 -0.10504150390625
-0.01824951171875 0.0802536010742188 -0.171371459960937 -0.101913452148438
-0.049224853515625 0.0418663024902344 -0.0991897583007813 -0.0722885131835938
-0.0469398498535156 0.00117874145507812 -0.0409622192382813 -0.00478744506835938
-0.00649642944335938 0.0208587646484375 -0.0825958251953125 0.171844482421875
-0.0267410278320312 0.0767288208007813 -0.2633056640625 0.226882934570313
-0.20782470703125 0.040985107421875 0.259552001953125 -0.2996826171875
-0.142364501953125 0.104248046875 0.109542846679687 -0.239501953125
-0.0493621826171875 0.180374145507813 0.0042877197265625 -0.014923095703125
0.0621490478515625 0.13482666015625 0.0482330322265625 0.0745391845703125
0.11639404296875 0.06396484375 0.119674682617188 0.159423828125
0.096832275390625 -0.020599365234375 0.270156860351563 0.133880615234375
0.098175048828125 -0.0389785766601563 0.37921142578125 0.01104736328125
0.106697082519531 -0.00986480712890625 0.3675537109375 -0.019500732421875
0.102287292480469 -0.02618408203125 0.37469482421875 -0.010589599609375
0.0993576049804687 0.0224151611328125 0.296630859375 0.0665283203125
0.0912551879882813 0.072601318359375 0.15863037109375 0.04705810546875
0.0482635498046875 0.14251708984375 0.124183654785156 -0.0442276000976562
-0.079498291015625 0.14739990234375 0.169784545898437 -0.15130615234375
-0.130035400390625 0.10101318359375 0.293701171875 -0.28656005859375
-0.160736083984375 0.0209503173828125 0.5941162109375 -0.29156494140625
-0.37664794921875 0.159515380859375 0.217529296875 -0.2674560546875
-0.284393310546875 0.208251953125 0.111175537109375 -0.21929931640625
-0.16351318359375 0.344970703125 -0.00575828552246095 -0.024261474609375
0.037200927734375 0.29791259765625 0.0140876770019531 0.0604591369628906
0.1575927734375 0.222869873046875 0.06427001953125 0.16522216796875
0.212844848632813 0.075897216796875 0.218963623046875 0.144134521484375
0.23974609375 -0.0030975341796875 0.3177490234375 0.0279541015625
0.249664306640625 0.029022216796875 0.29229736328125 -0.01031494140625
0.25531005859375 -0.007843017578125 0.303619384765625 -0.0198974609375
0.2237548828125 0.07275390625 0.232391357421875 0.0350799560546875
0.19561767578125 0.170181274414063 0.104141235351563 0.023529052734375
0.115188598632813 0.273086547851563 0.0810012817382813 -0.0749282836914062
-0.115142822265625 0.324127197265625 0.129318237304688 -0.1907958984375
-0.214279174804687 0.270126342773438 0.257415771484375 -0.30926513671875
-0.32159423828125 0.17266845703125 0.522857666015625 -0.298187255859375
-0.502197265625 0.2529296875 0.109756469726562 -0.205276489257812
-0.402191162109375 0.289215087890625 0.0723114013671875 -0.170059204101562
-0.270050048828125 0.474273681640625 -0.018402099609375 -0.025461196899414
-0.00341796874999996 0.43756103515625 -0.0159587860107422 0.0344924926757813
0.171234130859375 0.365386962890625 0.00428771972656251 0.136299133300781
0.298309326171875 0.1761474609375 0.13623046875 0.118446350097656
0.34735107421875 0.040740966796875 0.204437255859375 0.033203125
0.35455322265625 0.063018798828125 0.171539306640625 -0.000137329101562496
0.372406005859375 0.003662109375 0.188232421875 -0.020782470703125
0.325836181640625 0.0989990234375 0.131507873535156 0.00789642333984376
0.295684814453125 0.234771728515625 0.0316028594970703 0.00765228271484377
0.196380615234375 0.366424560546875 0.0245590209960938 -0.0900192260742187
-0.110992431640625 0.469757080078125 0.0731048583984375 -0.199813842773437
-0.255859375 0.416046142578125 0.198348999023438 -0.277297973632813
-0.43011474609375 0.307952880859375 0.398529052734375 -0.25244140625
-0.550048828125 0.313568115234375 -0.04949951171875 -0.120399475097656
-0.455657958984375 0.34588623046875 -0.00636291503906253 -0.0959243774414062
-0.320526123046875 0.549163818359375 -0.0390434265136719 -0.0174980163574218
-0.029022216796875 0.517578125 -0.0470848083496094 7.6293945312525E-05
0.169464111328125 0.45428466796875 -0.058380126953125 0.0773162841796875
0.3419189453125 0.246246337890625 0.0271949768066406 0.0631332397460938
0.399627685546875 0.07781982421875 0.0549736022949219 0.0257911682128906
0.40673828125 0.088836669921875 0.0251808166503906 0.0112991333007813
0.433563232421875 0.013946533203125 0.0454483032226563 -0.00982666015625
0.37994384765625 0.110687255859375 0.00737714767456057 -0.0066080093383789
0.354583740234375 0.26544189453125 -0.0505714416503906 0.0024986267089844
0.250244140625 0.408050537109375 -0.0361557006835937 -0.0855484008789062
-0.0928955078125 0.547637939453125 0.0188751220703125 -0.1741943359375
-0.258087158203125 0.496734619140625 0.131591796875 -0.191940307617187
-0.47442626953125 0.393096923828125 0.24359130859375 -0.15533447265625
-0.506317138671875 0.33587646484375 -0.229217529296875 -0.01788330078125
-0.420745849609375 0.36273193359375 -0.108474731445313 -0.0044174194335937
-0.29144287109375 0.536834716796875 -0.0687370300292969 -0.00180053710937496
-0.024658203125 0.5035400390625 -0.0815200805664062 -0.0309371948242187
0.1524658203125 0.451568603515625 -0.118316650390625 0.00497436523437501
0.33160400390625 0.2635498046875 -0.0945510864257812 -0.00581359863281248
0.389434814453125 0.09539794921875 -0.1082763671875 0.01318359375
0.395111083984375 0.0994873046875 -0.125442504882812 0.0234603881835937
0.424713134765625 0.029541015625 -0.102622985839844 0.00849151611328124
0.366729736328125 0.117156982421875 -0.118560791015625 -0.0118942260742188
0.340087890625 0.264739990234375 -0.128158569335937 0.000366210937500042
0.237823486328125 0.391937255859375 -0.0880813598632812 -0.0701446533203125
-0.082977294921875 0.522674560546875 -0.020904541015625 -0.125923156738281
-0.234130859375 0.48101806640625 0.0712966918945312 -0.0706787109375
-0.4449462890625 0.40435791015625 0.0800704956054687 -0.0258636474609375
-0.378265380859375 0.31036376953125 -0.39056396484375 0.094390869140625
-0.300048828125 0.323944091796875 -0.20648193359375 0.092315673828125
-0.193511962890625 0.425872802734375 -0.1011962890625 0.0226669311523438
-0.00335693359374998 0.387664794921875 -0.115242004394531 -0.0434722900390625
0.120269775390625 0.35540771484375 -0.163116455078125 -0.054962158203125
0.26934814453125 0.221923828125 -0.202667236328125 -0.0629119873046875
0.31646728515625 0.090545654296875 -0.254470825195313 0.00555419921875005
0.321502685546875 0.095306396484375 -0.255264282226562 0.03411865234375
0.348876953125 0.05047607421875 -0.233963012695313 0.023651123046875
0.288482666015625 0.122467041015625 -0.223037719726562 -0.02276611328125
0.250869750976563 0.2392578125 -0.18255615234375 -0.01409912109375
0.1563720703125 0.319976806640625 -0.120437622070312 -0.0570220947265625
-0.093658447265625 0.400482177734375 -0.041534423828125 -0.0728836059570312
-0.191070556640625 0.37109375 0.0175552368164062 0.0497398376464844
-0.3546142578125 0.340972900390625 -0.0697784423828125 0.104988098144531
-0.193008422851563 0.232101440429688 -0.504119873046875 0.2030029296875
-0.13739013671875 0.228652954101563 -0.278182983398438 0.183792114257813
-0.0741424560546875 0.242446899414063 -0.125541687011719 0.0578994750976563
0.013397216796875 0.209442138671875 -0.13397216796875 -0.0271530151367187
0.06793212890625 0.202774047851562 -0.180740356445312 -0.0857086181640625
0.164047241210938 0.141708374023438 -0.2762451171875 -0.09259033203125
0.19439697265625 0.069000244140625 -0.357757568359375 0.00680541992187505
0.19903564453125 0.07745361328125 -0.34649658203125 0.0401611328125
0.221359252929688 0.0672149658203125 -0.329132080078125 0.0252075195312501
0.165618896484375 0.114242553710937 -0.289306640625 -0.050323486328125
0.118621826171875 0.181427001953125 -0.201629638671875 -0.0487823486328125
0.0431060791015625 0.202728271484375 -0.125808715820313 -0.0570144653320312
-0.0941619873046875 0.213592529296875 -0.0477981567382813 -0.0299263000488281
-0.119674682617188 0.20147705078125 -0.0322265625 0.140403747558594
-0.210296630859375 0.221939086914062 -0.188369750976562 0.205886840820313
0.00955200195312499 0.106643676757813 -0.55389404296875 0.28851318359375
0.0215911865234375 0.0922393798828125 -0.311981201171875 0.2635498046875
0.0252532958984375 0.0336723327636719 -0.129913330078125 0.101112365722656
0.00936126708984375 0.0234565734863281 -0.128814697265625 0.0091400146484375
-0.00131607055664063 0.0406417846679688 -0.170669555664062 -0.0882110595703125
0.0351028442382813 0.0530357360839844 -0.303436279296875 -0.0930480957031249
0.0422248840332031 0.0440254211425781 -0.402862548828125 0.0159912109374999
0.0463409423828125 0.0481758117675781 -0.384552001953125 0.0398254394531251
0.0636863708496094 0.0670700073242188 -0.37628173828125 0.00997924804687498
0.0291976928710938 0.0778884887695313 -0.30755615234375 -0.088592529296875
-0.0110702514648437 0.086883544921875 -0.184219360351563 -0.094512939453125
-0.046661376953125 0.0504722595214844 -0.1072998046875 -0.0662612915039063
-0.0511093139648438 0.00985336303710936 -0.043487548828125 -0.000476837158203123
-0.0104465484619141 0.0246562957763672 -0.0738067626953125 0.187545776367188
-0.0282211303710938 0.0826797485351563 -0.261276245117188 0.26165771484375
-0.202102661132813 0.0583648681640625 0.243988037109375 -0.329254150390625
-0.134407043457031 0.114303588867188 0.092620849609375 -0.2529296875
-0.0351715087890625 0.183914184570313 0.00553035736083984 -0.0158987045288086
0.0711212158203125 0.129005432128906 0.054351806640625 0.069854736328125
0.119842529296875 0.0521926879882813 0.132705688476563 0.151992797851563
0.0910568237304687 -0.0276947021484375 0.285308837890625 0.117401123046875
0.0931472778320313 -0.0453262329101563 0.387054443359375 -0.018280029296875
0.105575561523438 -0.0187225341796875 0.3720703125 -0.049713134765625
0.0984725952148437 -0.0353851318359375 0.380767822265625 -0.04144287109375
0.101341247558594 0.0146865844726562 0.3096923828125 0.045928955078125
0.0981521606445313 0.06573486328125 0.165115356445312 0.0392608642578125
0.0618133544921875 0.140174865722656 0.121109008789063 -0.0537261962890625
-0.067657470703125 0.155288696289063 0.158050537109375 -0.166275024414063
-0.121200561523437 0.111717224121094 0.273345947265625 -0.313232421875
-0.158706665039063 0.0369110107421875 0.57757568359375 -0.341552734375
-0.36566162109375 0.193756103515625 0.20501708984375 -0.293731689453125
-0.271484375 0.230911254882813 0.09674072265625 -0.234130859375
-0.137237548828125 0.3609619140625 -0.00232696533203126 -0.0240459442138672
0.05902099609375 0.296661376953125 0.0201148986816406 0.0582504272460938
0.17523193359375 0.20977783203125 0.079071044921875 0.162094116210937
0.216705322265625 0.0608978271484375 0.234603881835938 0.12933349609375
0.23980712890625 -0.0194854736328125 0.325347900390625 0.00421142578125
0.25439453125 0.0096588134765625 0.29840087890625 -0.0335693359375
0.25482177734375 -0.0282440185546875 0.309112548828125 -0.045196533203125
0.231353759765625 0.0574493408203125 0.242721557617188 0.019989013671875
0.211563110351563 0.157257080078125 0.109474182128906 0.0200881958007813
0.140472412109375 0.268768310546875 0.075439453125 -0.081085205078125
-0.0908203125 0.33990478515625 0.114364624023438 -0.2015380859375
-0.1961669921875 0.28973388671875 0.235687255859375 -0.331939697265625
-0.31182861328125 0.2060546875 0.505584716796875 -0.34136962890625
-0.48724365234375 0.29815673828125 0.0996856689453125 -0.221771240234375
-0.384918212890625 0.32293701171875 0.061553955078125 -0.180709838867187
-0.233551025390625 0.501739501953125 -0.0121536254882813 -0.0238285064697265
0.028961181640625 0.442108154296875 -0.0105514526367187 0.034292221069336
0.202056884765625 0.35614013671875 0.017578125 0.1373291015625
0.312835693359375 0.15667724609375 0.147903442382813 0.109024047851563
0.352691650390625 0.01727294921875 0.211181640625 0.0172119140625
0.365631103515625 0.036834716796875 0.177291870117188 -0.0126190185546875
0.3760986328125 -0.02655029296875 0.191543579101563 -0.03582763671875
0.337188720703125 0.076507568359375 0.138290405273438 0.000648498535156255
0.31719970703125 0.214599609375 0.036041259765625 0.00948715209960939
0.229461669921875 0.357025146484375 0.0183029174804688 -0.091278076171875
-0.076141357421875 0.490020751953125 0.057342529296875 -0.204742431640625
-0.22760009765625 0.44146728515625 0.178558349609375 -0.29364013671875
-0.412872314453125 0.352569580078125 0.3831787109375 -0.283233642578125
-0.536285400390625 0.365081787109375 -0.053955078125 -0.121711730957031
-0.43817138671875 0.386810302734375 -0.0114364624023438 -0.0986785888671875
-0.279541015625 0.585205078125 -0.0306148529052735 -0.0140838623046875
0.011260986328125 0.5272216796875 -0.0433692932128906 0.00251388549804691
0.20928955078125 0.4481201171875 -0.0493621826171875 0.0826873779296875
0.363983154296875 0.225067138671875 0.0335121154785157 0.060302734375
0.410552978515625 0.050994873046875 0.0591468811035157 0.0215911865234375
0.422393798828125 0.058441162109375 0.0300235748291016 0.0109539031982422
0.43988037109375 -0.020965576171875 0.0472068786621094 -0.0122909545898438
0.39306640625 0.084075927734375 0.0106401443481446 -0.00469779968261718
0.379608154296875 0.240875244140625 -0.0473518371582031 0.00932693481445314
0.287109375 0.395599365234375 -0.0419235229492187 -0.0823822021484375
-0.0509033203124999 0.565673828125 0.00457763671875 -0.174179077148438
-0.225006103515625 0.524169921875 0.119064331054687 -0.201263427734375
-0.451690673828125 0.442047119140625 0.234222412109375 -0.17059326171875
-0.490264892578125 0.3839111328125 -0.2283935546875 -0.00219726562499998
-0.40087890625 0.401031494140625 -0.107559204101563 0.00306701660156251
-0.2535400390625 0.57177734375 -0.0592536926269531 0.00475692749023442
0.013702392578125 0.51458740234375 -0.0801467895507812 -0.02581787109375
0.193878173828125 0.4482421875 -0.116127014160156 0.0135650634765625
0.357879638671875 0.24346923828125 -0.096588134765625 -0.000205993652343749
0.402618408203125 0.068756103515625 -0.107078552246094 0.022308349609375
0.411865234375 0.0709228515625 -0.121383666992187 0.035186767578125
0.433929443359375 -0.00311279296875 -0.101837158203125 0.0193023681640625
0.380218505859375 0.092681884765625 -0.119140625 -4.57763671874873E-05
0.365081787109375 0.242156982421875 -0.126014709472656 0.01263427734375
0.2742919921875 0.37945556640625 -0.0929183959960938 -0.0622024536132812
-0.045379638671875 0.541046142578125 -0.031494140625 -0.121665954589844
-0.203826904296875 0.50628662109375 0.0675506591796875 -0.07379150390625
-0.42523193359375 0.451141357421875 0.0790481567382812 -0.0252761840820312
-0.364105224609375 0.347747802734375 -0.384185791015625 0.12518310546875
-0.283660888671875 0.352783203125 -0.199111938476563 0.110427856445313
-0.163909912109375 0.450592041015625 -0.0917892456054688 0.0310287475585938
0.025665283203125 0.3961181640625 -0.114608764648438 -0.0355453491210937
0.15277099609375 0.354644775390625 -0.166152954101563 -0.04364013671875
0.291778564453125 0.206268310546875 -0.2120361328125 -0.0505218505859375
0.32928466796875 0.06884765625 -0.25732421875 0.026458740234375
0.3377685546875 0.0718994140625 -0.253768920898438 0.0558929443359375
0.359710693359375 0.02349853515625 -0.234115600585937 0.045684814453125
0.302734375 0.104461669921875 -0.227310180664063 -0.00364685058593747
0.2730712890625 0.22369384765625 -0.182647705078125 0.00131225585937501
0.184967041015625 0.31390380859375 -0.123527526855469 -0.0469284057617188
-0.064971923828125 0.4189453125 -0.0479698181152344 -0.0668716430664062
-0.169464111328125 0.3912353515625 0.0226860046386719 0.0526199340820313
-0.33917236328125 0.37872314453125 -0.0626296997070313 0.119438171386719
-0.183929443359375 0.25128173828125 -0.491790771484375 0.24407958984375
-0.126205444335938 0.24267578125 -0.265731811523438 0.209091186523438
-0.0583038330078125 0.25396728515625 -0.115997314453125 0.0672149658203125
0.028594970703125 0.21429443359375 -0.132652282714844 -0.0181503295898437
0.086029052734375 0.203826904296875 -0.187591552734375 -0.0738372802734375
0.18060302734375 0.133987426757813 -0.289398193359375 -0.075347900390625
0.204086303710937 0.05621337890625 -0.363128662109375 0.035552978515625
0.210800170898438 0.0638275146484375 -0.34600830078125 0.0692138671874999
0.233566284179687 0.0504302978515625 -0.331817626953125 0.05462646484375
0.177932739257813 0.105438232421875 -0.296783447265625 -0.026519775390625
0.13470458984375 0.17578125 -0.205047607421875 -0.0343017578125
0.06072998046875 0.204376220703125 -0.129592895507813 -0.0466842651367187
-0.0803070068359375 0.228973388671875 -0.0509147644042969 -0.0240135192871094
-0.110519409179688 0.215408325195312 -0.020843505859375 0.147216796875
-0.201858520507813 0.24420166015625 -0.175765991210938 0.230606079101562
0.0123748779296875 0.107208251953125 -0.53692626953125 0.337493896484375
0.02642822265625 0.0913467407226563 -0.2935791015625 0.29278564453125
0.02496337890625 0.0326519012451172 -0.120353698730469 0.111099243164062
0.0101089477539062 0.0242176055908203 -0.125595092773438 0.01776123046875
0.00194931030273437 0.0449981689453125 -0.178634643554688 -0.078155517578125
0.0423698425292969 0.0535850524902344 -0.318023681640625 -0.0736083984375
0.0489234924316406 0.0424880981445313 -0.408905029296875 0.0487365722656251
0.0538673400878906 0.0467567443847656 -0.386688232421875 0.0714111328125
0.0746078491210938 0.0630950927734375 -0.380889892578125 0.04217529296875
0.0381317138671875 0.0780029296875 -0.319671630859375 -0.0654296875000001
-0.00284576416015624 0.089935302734375 -0.192947387695313 -0.082672119140625
-0.0420379638671875 0.0575752258300781 -0.112449645996094 -0.0571136474609375
-0.0521926879882813 0.0192298889160156 -0.044952392578125 0.00501251220703126
-0.013275146484375 0.028564453125 -0.06036376953125 0.199081420898438
-0.0280532836914062 0.0876388549804687 -0.245941162109375 0.290771484375
-0.193099975585938 0.0701751708984375 0.227325439453125 -0.346466064453125
-0.126220703125 0.119483947753906 0.0791473388671875 -0.2593994140625
-0.0241851806640625 0.182525634765625 0.00753593444824219 -0.0175876617431641
0.0764846801757813 0.122207641601563 0.0567092895507813 0.0650100708007813
0.119216918945313 0.04205322265625 0.139266967773438 0.14337158203125
0.0845184326171875 -0.0312347412109375 0.292510986328125 0.10394287109375
0.0876922607421875 -0.0483474731445313 0.3853759765625 -0.0406494140625
0.102554321289062 -0.0246047973632812 0.369110107421875 -0.072052001953125
0.0923004150390625 -0.040435791015625 0.378570556640625 -0.066131591796875
0.10064697265625 0.00820159912109375 0.315765380859375 0.02984619140625
0.101387023925781 0.05938720703125 0.167678833007813 0.033355712890625
0.071563720703125 0.135307312011719 0.116310119628906 -0.059539794921875
-0.0574798583984375 0.1585693359375 0.14569091796875 -0.174102783203125
-0.11224365234375 0.116928100585937 0.253387451171875 -0.326568603515625
-0.152816772460937 0.0489044189453125 0.554534912109375 -0.372222900390625
-0.35028076171875 0.215118408203125 0.19085693359375 -0.309417724609375
-0.257125854492188 0.243255615234375 0.083404541015625 -0.240097045898438
-0.114288330078125 0.365753173828125 0.00205612182617187 -0.025247573852539
0.07379150390625 0.29071044921875 0.0241050720214844 0.0547752380371094
0.184860229492187 0.196533203125 0.0882110595703125 0.156173706054688
0.21478271484375 0.04974365234375 0.241806030273438 0.117324829101563
0.235641479492188 -0.030670166015625 0.325927734375 -0.016204833984375
0.253875732421875 -0.005218505859375 0.297454833984375 -0.051788330078125
0.249649047851563 -0.04364013671875 0.3070068359375 -0.06353759765625
0.233367919921875 0.0441436767578125 0.247329711914063 0.007049560546875
0.219497680664063 0.1446533203125 0.112701416015625 0.0182113647460938
0.157394409179688 0.260330200195312 0.0702972412109375 -0.0839004516601562
-0.07049560546875 0.3466796875 0.1009521484375 -0.205291748046875
-0.17864990234375 0.2994384765625 0.215362548828125 -0.341949462890625
-0.29815673828125 0.22705078125 0.482513427734375 -0.36669921875
-0.468170166015625 0.327667236328125 0.090911865234375 -0.231643676757812
-0.36688232421875 0.341949462890625 0.0525970458984375 -0.185989379882812
-0.201904296875 0.5142822265625 -0.00512313842773439 -0.0245914459228515
0.05279541015625 0.438812255859375 -0.00642204284667969 0.0328350067138672
0.221221923828125 0.340789794921875 0.0272140502929688 0.134979248046875
0.31658935546875 0.1390380859375 0.154373168945313 0.10064697265625
0.35064697265625 -0.0009765625 0.214324951171875 0.0037841796875
0.368499755859375 0.015716552734375 0.179367065429688 -0.0235137939453125
0.37115478515625 -0.048370361328125 0.19122314453125 -0.0461578369140625
0.3394775390625 0.058746337890625 0.1416015625 -0.0050201416015625
0.328857421875 0.196502685546875 0.0395393371582031 0.0106544494628906
0.252288818359375 0.34375 0.0139083862304688 -0.09136962890625
-0.047454833984375 0.4969482421875 0.0450286865234375 -0.20428466796875
-0.20245361328125 0.453826904296875 0.161590576171875 -0.300567626953125
-0.39154052734375 0.380706787109375 0.36505126953125 -0.29931640625
-0.512451171875 0.397735595703125 -0.0566482543945313 -0.121963500976562
-0.416748046875 0.410552978515625 -0.0149383544921875 -0.0989761352539062
-0.2427978515625 0.599365234375 -0.021535873413086 -0.0134716033935547
0.0401611328125 0.526123046875 -0.0386276245117188 0.00379180908203128
0.2354736328125 0.435089111328125 -0.0413055419921875 0.0844192504882813
0.374053955078125 0.204864501953125 0.0362014770507813 0.0576972961425781
0.41156005859375 0.0281982421875 0.0623626708984375 0.0171928405761719
0.4276123046875 0.03289794921875 0.0340747833251953 0.00933647155761719
0.436492919921875 -0.04644775390625 0.0483894348144532 -0.0135650634765625
0.39593505859375 0.063751220703125 0.0135850906372071 -0.00293445587158203
0.39202880859375 0.219635009765625 -0.0427284240722656 0.0148277282714844
0.31036376953125 0.379150390625 -0.0445556640625 -0.0782928466796875
-0.0185546875 0.5723876953125 -0.00460815429687499 -0.168960571289062
-0.19647216796875 0.536041259765625 0.10791015625 -0.204177856445312
-0.42706298828125 0.474822998046875 0.222824096679687 -0.177841186523437
-0.470062255859375 0.41473388671875 -0.223373413085938 0.00926208496093749
-0.380828857421875 0.423187255859375 -0.104827880859375 0.00888824462890627
-0.2176513671875 0.586669921875 -0.049163818359375 0.00634384155273442
0.042999267578125 0.51446533203125 -0.076751708984375 -0.0220947265625
0.22149658203125 0.437591552734375 -0.111213684082031 0.0194549560546875
0.370880126953125 0.22381591796875 -0.09771728515625 0.00379180908203126
0.40618896484375 0.04705810546875 -0.104766845703125 0.0289306640625
0.419158935546875 0.046783447265625 -0.115745544433594 0.0431137084960937
0.432373046875 -0.028228759765625 -0.098358154296875 0.0272369384765625
0.384246826171875 0.07232666015625 -0.116546630859375 0.00892639160156251
0.377410888671875 0.221099853515625 -0.121055603027344 0.0214996337890625
0.29656982421875 0.3631591796875 -0.0933685302734375 -0.0558319091796875
-0.0138549804687501 0.548492431640625 -0.037078857421875 -0.114295959472656
-0.17755126953125 0.516845703125 0.0648880004882812 -0.0734786987304687
-0.40057373046875 0.480438232421875 0.0775299072265625 -0.0223922729492187
-0.3475341796875 0.36944580078125 -0.371551513671875 0.147125244140625
-0.267059326171875 0.369476318359375 -0.190338134765625 0.121368408203125
-0.1385498046875 0.46185302734375 -0.0821762084960938 0.0348129272460938
0.047882080078125 0.396087646484375 -0.111404418945313 -0.0297698974609375
0.175018310546875 0.347442626953125 -0.164932250976563 -0.0347442626953125
0.30401611328125 0.19085693359375 -0.216339111328125 -0.0402374267578124
0.333343505859375 0.0513916015625 -0.2548828125 0.041717529296875
0.344879150390625 0.05230712890625 -0.246475219726563 0.0713348388671874
0.362030029296875 0.00250244140625 -0.228164672851562 0.0612945556640625
0.307952880859375 0.088470458984375 -0.225494384765625 0.011444091796875
0.284820556640625 0.209228515625 -0.178390502929688 0.01171875
0.203399658203125 0.30364990234375 -0.123191833496094 -0.0385665893554687
-0.0416259765625 0.426239013671875 -0.0510787963867188 -0.0598640441894531
-0.15008544921875 0.400421142578125 0.0270843505859375 0.0545501708984375
-0.320220947265625 0.400909423828125 -0.0551071166992188 0.129379272460938
-0.173751831054687 0.262237548828125 -0.47344970703125 0.271636962890625
-0.115982055664063 0.249954223632813 -0.250335693359375 0.224365234375
-0.046417236328125 0.25927734375 -0.106735229492188 0.0723800659179688
0.0395355224609375 0.213760375976563 -0.129463195800781 -0.01202392578125
0.0991973876953125 0.202163696289063 -0.18939208984375 -0.0647125244140625
0.189987182617188 0.125747680664063 -0.29559326171875 -0.060943603515625
0.209304809570313 0.0459136962890625 -0.36016845703125 0.0581970214843749
0.218231201171875 0.05242919921875 -0.339080810546875 0.0899047851562501
0.238479614257813 0.0366058349609375 -0.325439453125 0.076019287109375
0.185012817382813 0.0968017578125 -0.29730224609375 -0.00781249999999995
0.144943237304687 0.169143676757812 -0.203887939453125 -0.0228729248046875
0.0735321044921875 0.201797485351562 -0.129341125488281 -0.0380706787109375
-0.0677642822265625 0.238174438476563 -0.0518646240234375 -0.0177154541015625
-0.1015625 0.223541259765625 -0.0110015869140625 0.150604248046875
-0.193084716796875 0.258407592773438 -0.162002563476563 0.24554443359375
0.0132827758789063 0.105712890625 -0.512451171875 0.365875244140625
0.0288848876953125 0.08929443359375 -0.27313232421875 0.308807373046875
0.023773193359375 0.0323257446289063 -0.111457824707031 0.115707397460938
0.0106067657470703 0.0251121520996094 -0.120925903320313 0.0233306884765625
0.00519180297851562 0.0478439331054688 -0.1817626953125 -0.0703125
0.0485305786132813 0.0527610778808594 -0.32464599609375 -0.057037353515625
0.0534629821777344 0.0404891967773438 -0.406768798828125 0.074127197265625
0.059295654296875 0.0441856384277344 -0.380950927734375 0.09503173828125
0.0820465087890625 0.058197021484375 -0.375640869140625 0.0670776367187499
0.0447006225585938 0.076873779296875 -0.323699951171875 -0.045257568359375
0.00376892089843749 0.0911178588867188 -0.196014404296875 -0.0722503662109375
-0.0370559692382812 0.0618667602539063 -0.113693237304688 -0.0489959716796875
-0.0510101318359375 0.0262947082519531 -0.0443229675292969 0.00925445556640625
-0.0154228210449219 0.0328102111816406 -0.0479583740234375 0.203659057617188
-0.02789306640625 0.0908279418945312 -0.229339599609375 0.308990478515625
-0.1868896484375 0.0767669677734375 0.217742919921875 -0.358489990234375
-0.120780944824219 0.121253967285156 0.0709228515625 -0.264129638671875
-0.016815185546875 0.18115234375 0.0102195739746094 -0.0197601318359375
0.0792160034179688 0.117691040039063 0.0579109191894531 0.0613632202148438
0.11700439453125 0.0355453491210938 0.142959594726563 0.139556884765625
0.0789642333984375 -0.0326995849609375 0.298431396484375 0.095550537109375
0.0842132568359375 -0.0492401123046875 0.386016845703125 -0.055938720703125
0.100227355957031 -0.02825927734375 0.368499755859375 -0.08551025390625
0.088043212890625 -0.04290771484375 0.37835693359375 -0.0809326171875
0.100196838378906 0.00374603271484375 0.3214111328125 0.01873779296875
0.103553771972656 0.0552597045898437 0.17022705078125 0.03204345703125
0.0780105590820312 0.132614135742188 0.11309814453125 -0.0629501342773437
-0.05084228515625 0.160369873046875 0.137725830078125 -0.178680419921875
-0.106498718261719 0.120452880859375 0.24090576171875 -0.3350830078125
-0.1483154296875 0.0569305419921875 0.5408935546875 -0.39093017578125
-0.33905029296875 0.2281494140625 0.182769775390625 -0.32110595703125
-0.249191284179688 0.250503540039063 0.0758514404296875 -0.24493408203125
-0.10028076171875 0.368560791015625 0.00722122192382812 -0.0274295806884765
0.082275390625 0.2862548828125 0.0260200500488281 0.0523529052734375
0.189346313476563 0.187774658203125 0.0933074951171875 0.15283203125
0.212173461914063 0.0438232421875 0.247390747070313 0.109466552734375
0.232666015625 -0.0361328125 0.32757568359375 -0.029541015625
0.25396728515625 -0.014495849609375 0.2982177734375 -0.0625
0.245635986328125 -0.0516357421875 0.3070068359375 -0.07611083984375
0.234115600585938 0.03656005859375 0.252365112304688 -0.000579833984374998
0.224822998046875 0.137527465820313 0.115562438964844 0.0181808471679688
0.168716430664063 0.254913330078125 0.067474365234375 -0.08538818359375
-0.058380126953125 0.351226806640625 0.0932159423828125 -0.207321166992187
-0.1685791015625 0.30450439453125 0.202911376953125 -0.347625732421875
-0.289459228515625 0.241729736328125 0.468475341796875 -0.380401611328125
-0.455230712890625 0.345306396484375 0.0865936279296875 -0.239349365234375
-0.35662841796875 0.353729248046875 0.0473175048828125 -0.189254760742188
-0.180816650390625 0.519927978515625 0.00173568725585936 -0.0275344848632812
0.067962646484375 0.4359130859375 -0.00281715393066406 0.0312862396240235
0.233245849609375 0.331451416015625 0.033203125 0.133758544921875
0.3182373046875 0.129486083984375 0.158660888671875 0.0955963134765625
0.3499755859375 -0.010650634765625 0.216110229492188 -0.0054473876953125
0.37127685546875 0.00189208984375 0.181686401367188 -0.0303955078125
0.36834716796875 -0.061798095703125 0.191864013671875 -0.053466796875
0.341949462890625 0.0478515625 0.146224975585938 -0.0088653564453125
0.336669921875 0.185577392578125 0.0430679321289063 0.0124015808105469
0.266021728515625 0.335540771484375 0.0121536254882813 -0.0908660888671875
-0.028533935546875 0.503936767578125 0.038787841796875 -0.201736450195312
-0.188568115234375 0.460784912109375 0.150787353515625 -0.3040771484375
-0.380126953125 0.399322509765625 0.35498046875 -0.30889892578125
-0.498870849609375 0.41839599609375 -0.0573806762695313 -0.123283386230469
-0.40533447265625 0.424041748046875 -0.0167083740234375 -0.0998153686523437
-0.2197265625 0.60955810546875 -0.0133218765258789 -0.0159225463867187
0.06005859375 0.524444580078125 -0.0348472595214844 0.00340461730957034
0.252960205078125 0.426544189453125 -0.0359649658203125 0.0851516723632813
0.379302978515625 0.1925048828125 0.0374794006347657 0.0556793212890625
0.41351318359375 0.016143798828125 0.0641746520996094 0.0141754150390625
0.43316650390625 0.017578125 0.037445068359375 0.00822830200195313
0.434234619140625 -0.06219482421875 0.0505638122558594 -0.0146865844726563
0.398681640625 0.051483154296875 0.0165882110595703 -0.00163936614990234
0.39990234375 0.206695556640625 -0.0384635925292968 0.0185966491699219
0.326446533203125 0.36956787109375 -0.04510498046875 -0.075927734375
0.00213623046875 0.5794677734375 -0.008758544921875 -0.164779663085938
-0.18084716796875 0.542449951171875 0.102279663085938 -0.204788208007812
-0.41241455078125 0.495361328125 0.21807861328125 -0.1800537109375
-0.458160400390625 0.433929443359375 -0.219772338867188 0.0152130126953125
-0.3719482421875 0.438446044921875 -0.102531433105469 0.0123367309570313
-0.19549560546875 0.59814453125 -0.0408554077148438 0.0059318542480469
0.0600891113281251 0.514801025390625 -0.0724105834960938 -0.0205001831054687
0.23919677734375 0.430908203125 -0.107200622558594 0.0228347778320313
0.37841796875 0.2127685546875 -0.0992431640625 0.00618743896484378
0.409271240234375 0.035064697265625 -0.103111267089844 0.0328292846679688
0.42510986328125 0.031219482421875 -0.111595153808594 0.04766845703125
0.432769775390625 -0.044921875 -0.0947418212890625 0.0323944091796875
0.387725830078125 0.0614013671875 -0.114585876464844 0.014862060546875
0.38580322265625 0.2088623046875 -0.116203308105469 0.0267105102539063
0.309600830078125 0.35382080078125 -0.0928268432617188 -0.0512313842773437
0.00524902343749995 0.553802490234375 -0.0394210815429688 -0.108787536621094
-0.162841796875 0.52423095703125 0.0641098022460937 -0.0728683471679687
-0.386260986328125 0.5006103515625 0.078033447265625 -0.018951416015625
-0.338897705078125 0.38494873046875 -0.364044189453125 0.15936279296875
-0.26019287109375 0.380279541015625 -0.184539794921875 0.128921508789063
-0.12298583984375 0.471588134765625 -0.07415771484375 0.0352706909179688
0.061676025390625 0.396270751953125 -0.107650756835938 -0.0265579223632812
0.1898193359375 0.344085693359375 -0.163681030273438 -0.0305633544921874
0.312774658203125 0.182708740234375 -0.220703125 -0.0339813232421875
0.337860107421875 0.041351318359375 -0.25323486328125 0.0521545410156249
0.351654052734375 0.04052734375 -0.24139404296875 0.0810546875
0.364959716796875 -0.011077880859375 -0.223297119140625 0.07196044921875
0.3118896484375 0.08050537109375 -0.224288940429687 0.020965576171875
0.2921142578125 0.199920654296875 -0.1746826171875 0.01849365234375
0.214691162109375 0.2967529296875 -0.121902465820313 -0.0331344604492187
-0.02667236328125 0.43365478515625 -0.0514411926269531 -0.0533943176269531
-0.1402587890625 0.407867431640625 0.0314559936523437 0.0555267333984375
-0.311248779296875 0.417755126953125 -0.049591064453125 0.137947082519531
-0.169692993164063 0.270263671875 -0.46124267578125 0.28778076171875
-0.11151123046875 0.2547607421875 -0.241867065429687 0.234817504882813
-0.0402984619140625 0.263900756835937 -0.100982666015625 0.0741806030273438
0.0462493896484375 0.214385986328125 -0.125999450683594 -0.00862121582031249
0.108291625976562 0.20208740234375 -0.1895751953125 -0.060302734375
0.196929931640625 0.120925903320313 -0.301666259765625 -0.05255126953125
0.21307373046875 0.04034423828125 -0.359283447265625 0.072784423828125
0.22369384765625 0.045013427734375 -0.334686279296875 0.10308837890625
0.243484497070313 0.027679443359375 -0.32049560546875 0.08953857421875
0.190017700195313 0.0923004150390625 -0.297637939453125 0.00363159179687501
0.151702880859375 0.165267944335938 -0.2022705078125 -0.0167236328125
0.0816192626953125 0.2005615234375 -0.128181457519531 -0.0319976806640625
-0.0591583251953125 0.245361328125 -0.0509872436523438 -0.0128517150878906
-0.097686767578125 0.229019165039063 -0.00396728515625002 0.153396606445313
-0.188720703125 0.269149780273438 -0.153106689453125 0.256515502929688
0.012542724609375 0.105865478515625 -0.4986572265625 0.383880615234375
0.0290298461914062 0.0884017944335937 -0.261688232421875 0.31939697265625
0.0210647583007813 0.0330429077148438 -0.106498718261719 0.118125915527344
0.0101470947265625 0.0254840850830078 -0.117439270019531 0.02545166015625
0.00833892822265625 0.0509414672851563 -0.18316650390625 -0.0663299560546875
0.0533981323242188 0.052581787109375 -0.330841064453125 -0.04754638671875
0.0567893981933594 0.0393218994140625 -0.405670166015625 0.0907287597656251
0.0640640258789063 0.042633056640625 -0.377410888671875 0.10888671875
0.0882034301757813 0.05419921875 -0.372222900390625 0.0828552246093751
0.0493316650390625 0.075897216796875 -0.326263427734375 -0.03289794921875
0.0084686279296875 0.09246826171875 -0.197357177734375 -0.066864013671875
-0.0337295532226562 0.065093994140625 -0.113121032714844 -0.0438156127929687
-0.0500564575195313 0.0324516296386719 -0.0434989929199219 0.0132217407226562
-0.0172348022460938 0.0363197326660156 -0.0399627685546875 0.206893920898437
-0.0293045043945312 0.0941848754882812 -0.21978759765625 0.32147216796875
-0.185104370117187 0.08233642578125 0.216094970703125 -0.37530517578125
-0.119056701660156 0.125228881835938 0.0674896240234375 -0.273223876953125
-0.011810302734375 0.182754516601563 0.0130119323730469 -0.0231342315673828
0.0819778442382813 0.115837097167969 0.0590667724609375 0.0594291687011719
0.116508483886719 0.0309219360351563 0.1475830078125 0.14019775390625
0.07623291015625 -0.03314208984375 0.30865478515625 0.09173583984375
0.083465576171875 -0.0506134033203125 0.393157958984375 -0.069305419921875
0.10089111328125 -0.0315933227539062 0.37469482421875 -0.09844970703125
0.0860977172851563 -0.0452346801757813 0.385162353515625 -0.093902587890625
0.10107421875 0.00113677978515625 0.332000732421875 0.0111083984375
0.10748291015625 0.0531845092773437 0.176132202148438 0.03216552734375
0.084075927734375 0.132537841796875 0.112945556640625 -0.0662078857421875
-0.0484161376953125 0.165618896484375 0.134063720703125 -0.185623168945312
-0.104385375976562 0.124168395996094 0.23638916015625 -0.346771240234375
-0.146453857421875 0.063629150390625 0.5386962890625 -0.410491943359375
-0.337493896484375 0.24176025390625 0.1815185546875 -0.335205078125
-0.248687744140625 0.2601318359375 0.073486328125 -0.254409790039063
-0.0911865234375 0.376373291015625 0.0119400024414062 -0.0324630737304687
0.089599609375 0.2879638671875 0.0282669067382813 0.0500602722167969
0.195175170898438 0.184051513671875 0.098388671875 0.154327392578125
0.213394165039063 0.04193115234375 0.25689697265625 0.10772705078125
0.235137939453125 -0.04107666015625 0.33428955078125 -0.0404052734375
0.2596435546875 -0.0215606689453125 0.304595947265625 -0.073638916015625
0.24737548828125 -0.0582275390625 0.314056396484375 -0.08624267578125
0.239517211914062 0.03173828125 0.261749267578125 -0.0068206787109375
0.23333740234375 0.134735107421875 0.121131896972656 0.0192337036132813
0.180145263671875 0.25592041015625 0.0667953491210938 -0.0887603759765625
-0.04986572265625 0.363067626953125 0.0899658203125 -0.2119140625
-0.164215087890625 0.315582275390625 0.198028564453125 -0.358673095703125
-0.287933349609375 0.2576904296875 0.470306396484375 -0.398193359375
-0.453033447265625 0.365447998046875 0.085205078125 -0.250137329101563
-0.358062744140625 0.370147705078125 0.0452117919921875 -0.195831298828125
-0.16998291015625 0.5362548828125 0.00793838500976561 -0.0325794219970703
0.0791015625 0.441314697265625 0.000556945800781254 0.0296497344970703
0.245269775390625 0.330535888671875 0.0383682250976563 0.135566711425781
0.324127197265625 0.126434326171875 0.165435791015625 0.0938873291015625
0.355865478515625 -0.018035888671875 0.220809936523438 -0.013031005859375
0.38067626953125 -0.00823974609375 0.1866455078125 -0.0370941162109375
0.372406005859375 -0.0711669921875 0.19677734375 -0.0597381591796875
0.349639892578125 0.041473388671875 0.152542114257813 -0.0125885009765625
0.348602294921875 0.1817626953125 0.0480880737304688 0.0145797729492188
0.281005859375 0.336883544921875 0.0112380981445313 -0.0924301147460937
-0.014495849609375 0.519012451171875 0.035919189453125 -0.203536987304687
-0.1820068359375 0.47442626953125 0.147430419921875 -0.311309814453125
-0.3778076171875 0.423614501953125 0.354888916015625 -0.319854736328125
-0.49884033203125 0.44189453125 -0.0582733154296875 -0.126853942871094
-0.406463623046875 0.4444580078125 -0.0182418823242188 -0.101799011230469
-0.20635986328125 0.62762451171875 -0.00618171691894532 -0.020761489868164
0.0740966796875 0.5343017578125 -0.0318012237548828 0.0023593902587891
0.2684326171875 0.427398681640625 -0.0322113037109375 0.0874176025390625
0.389556884765625 0.18878173828125 0.0390853881835938 0.05621337890625
0.421539306640625 0.00762939453125 0.0666122436523438 0.0118484497070313
0.4454345703125 0.00469970703125 0.0408210754394532 0.00670242309570312
0.441162109375 -0.074432373046875 0.0545654296875 -0.0159759521484375
0.4075927734375 0.0445556640625 0.0197696685791016 -0.00106239318847656
0.41351318359375 0.201385498046875 -0.0348243713378906 0.0222396850585938
0.3426513671875 0.3673095703125 -0.0455856323242187 -0.076171875
0.0184326171875 0.59735107421875 -0.010528564453125 -0.163497924804688
-0.172760009765625 0.559295654296875 0.101043701171875 -0.208816528320313
-0.409515380859375 0.522796630859375 0.218414306640625 -0.183486938476562
-0.4581298828125 0.457000732421875 -0.220596313476563 0.0196380615234376
-0.37274169921875 0.45831298828125 -0.102767944335938 0.0158004760742188
-0.1851806640625 0.617431640625 -0.0342636108398438 0.00256729125976566
0.074859619140625 0.523406982421875 -0.0699043273925781 -0.02105712890625
0.257537841796875 0.43389892578125 -0.105430603027344 0.0249710083007813
0.391357421875 0.209259033203125 -0.102462768554687 0.00897979736328126
0.418914794921875 0.0264892578125 -0.103225708007812 0.0363922119140625
0.438201904296875 0.01934814453125 -0.110336303710937 0.0514755249023438
0.441131591796875 -0.05755615234375 -0.092742919921875 0.03692626953125
0.39691162109375 0.054901123046875 -0.113777160644531 0.0194625854492188
0.39923095703125 0.204559326171875 -0.114082336425781 0.0307083129882813
0.324981689453125 0.35345458984375 -0.093170166015625 -0.0500106811523437
0.0211181640625 0.57183837890625 -0.03948974609375 -0.105644226074219
-0.15673828125 0.538665771484375 0.0657806396484375 -0.0737762451171875
-0.384368896484375 0.526275634765625 0.0807952880859375 -0.015350341796875
-0.33856201171875 0.4022216796875 -0.36376953125 0.1708984375
-0.260589599609375 0.397552490234375 -0.183319091796875 0.137405395507813
-0.115753173828125 0.486328125 -0.0702857971191406 0.0346565246582032
0.07269287109375 0.404754638671875 -0.106208801269531 -0.0263824462890625
0.205657958984375 0.34832763671875 -0.164398193359375 -0.028656005859375
0.32501220703125 0.18017578125 -0.228897094726563 -0.0293731689453125
0.34759521484375 0.035400390625 -0.25640869140625 0.0611114501953125
0.364654541015625 0.031402587890625 -0.242523193359375 0.0896759033203125
0.3734130859375 -0.02166748046875 -0.223037719726562 0.0800933837890625
0.32122802734375 0.0771484375 -0.227127075195313 0.0285797119140625
0.304107666015625 0.19769287109375 -0.174270629882813 0.0221099853515625
0.22698974609375 0.29864501953125 -0.1220703125 -0.030609130859375
-0.0146484375 0.448486328125 -0.0508499145507813 -0.0497016906738281
-0.13671875 0.420562744140625 0.0352897644042969 0.0582122802734375
-0.309234619140625 0.440216064453125 -0.04583740234375 0.147186279296875
-0.1702880859375 0.280975341796875 -0.461761474609375 0.306121826171875
-0.111785888671875 0.264389038085938 -0.23919677734375 0.246673583984375
-0.0369720458984375 0.272918701171875 -0.0986785888671875 0.0761871337890625
0.0519256591796875 0.2198486328125 -0.125 -0.00737762451171876
0.118515014648437 0.205963134765625 -0.192581176757813 -0.058807373046875
0.205718994140625 0.120346069335938 -0.312255859375 -0.0460510253906251
0.2208251953125 0.037261962890625 -0.365478515625 0.08587646484375
0.233749389648438 0.0398712158203125 -0.337066650390625 0.114776611328125
0.251541137695312 0.0208740234375 -0.32220458984375 0.100982666015625
0.1978759765625 0.0915679931640625 -0.303619384765625 0.013031005859375
0.159820556640625 0.166458129882813 -0.204544067382813 -0.0128631591796875
0.0884246826171875 0.203704833984375 -0.128448486328125 -0.0285186767578125
-0.05340576171875 0.256210327148437 -0.0507087707519531 -0.00856399536132811
-0.0972747802734375 0.238372802734375 0.00131225585937501 0.158294677734375
-0.190460205078125 0.283447265625 -0.149276733398438 0.271453857421875
0.0115203857421875 0.1080322265625 -0.497100830078125 0.403839111328125
0.0283966064453125 0.0893173217773438 -0.25799560546875 0.333282470703125
0.0189628601074219 0.0348243713378906 -0.10546875 0.1219482421875
0.00955009460449219 0.0271453857421875 -0.116668701171875 0.0273208618164063
0.0112113952636719 0.0543365478515625 -0.18768310546875 -0.0667572021484375
0.0584716796875 0.0528984069824219 -0.342681884765625 -0.0419921875
0.0617027282714844 0.0396919250488281 -0.412841796875 0.10595703125
0.0694007873535156 0.0422706604003906 -0.380828857421875 0.122344970703125
0.0949859619140625 0.0516128540039063 -0.375091552734375 0.0952453613281249
0.0548477172851563 0.0774078369140625 -0.33447265625 -0.0240478515625
0.0123291015625 0.0952835083007813 -0.201889038085937 -0.0653076171874999
-0.0314178466796875 0.0684890747070313 -0.114501953125 -0.0406265258789063
-0.0497283935546875 0.0378036499023438 -0.0430984497070313 0.0163917541503906
-0.0192298889160156 0.0407524108886719 -0.0349884033203125 0.213668823242188
-0.0320281982421875 0.0998458862304688 -0.21710205078125 0.33734130859375
-0.186386108398438 0.0919036865234375 0.213623046875 -0.404205322265625
-0.118301391601563 0.132492065429688 0.06134033203125 -0.29071044921875
-0.00463867187499998 0.188201904296875 0.0152187347412109 -0.0284194946289062
0.0882644653320312 0.115959167480469 0.06170654296875 0.0582695007324219
0.118492126464844 0.0267105102539063 0.15765380859375 0.14202880859375
0.0749435424804687 -0.0350570678710937 0.327606201171875 0.086212158203125
0.0841064453125 -0.0539932250976563 0.40753173828125 -0.0887451171875
0.102714538574219 -0.0366134643554688 0.38775634765625 -0.118316650390625
0.08563232421875 -0.048583984375 0.399169921875 -0.11395263671875
0.103973388671875 -0.0030670166015625 0.3504638671875 -0.001800537109375
0.113914489746094 0.0511093139648438 0.187118530273438 0.03106689453125
0.0942535400390625 0.133628845214844 0.113609313964844 -0.0729217529296875
-0.0436248779296875 0.175018310546875 0.131271362304688 -0.1971435546875
-0.103157043457031 0.132278442382813 0.233734130859375 -0.368743896484375
-0.1474609375 0.0727691650390625 0.54644775390625 -0.444610595703125
-0.34088134765625 0.2633056640625 0.17889404296875 -0.3604736328125
-0.249130249023437 0.278594970703125 0.0679168701171875 -0.269577026367188
-0.080322265625 0.393341064453125 0.0153388977050781 -0.0396766662597656
0.10205078125 0.295013427734375 0.03125 0.0492172241210938
0.20703125 0.1827392578125 0.10791015625 0.158294677734375
0.219955444335937 0.0380401611328125 0.2733154296875 0.104522705078125
0.243118286132813 -0.0487518310546875 0.346893310546875 -0.056365966796875
0.270126342773438 -0.0335540771484375 0.315521240234375 -0.089447021484375
0.253738403320313 -0.0687103271484375 0.3262939453125 -0.1041259765625
0.249252319335938 0.0252227783203125 0.276657104492188 -0.0175018310546875
0.24822998046875 0.131744384765625 0.130340576171875 0.0199508666992188
0.199005126953125 0.26055908203125 0.0662765502929688 -0.0947036743164062
-0.037841796875 0.383331298828125 0.0865631103515625 -0.222366333007812
-0.16058349609375 0.333099365234375 0.19390869140625 -0.37945556640625
-0.288543701171875 0.28289794921875 0.475372314453125 -0.429779052734375
-0.457763671875 0.397003173828125 0.0821380615234375 -0.267745971679688
-0.360198974609375 0.399261474609375 0.041473388671875 -0.20806884765625
-0.1563720703125 0.56280517578125 0.0125198364257812 -0.0402030944824218
0.09747314453125 0.455322265625 0.00332832336425782 0.0279655456542969
0.266357421875 0.33367919921875 0.0460968017578125 0.140571594238281
0.3387451171875 0.12213134765625 0.176437377929688 0.093231201171875
0.369354248046875 -0.029571533203125 0.230194091796875 -0.0236358642578125
0.398223876953125 -0.025665283203125 0.194854736328125 -0.046539306640625
0.38470458984375 -0.087310791015625 0.205795288085938 -0.071197509765625
0.365570068359375 0.031951904296875 0.162185668945313 -0.018585205078125
0.370330810546875 0.1768798828125 0.0550079345703125 0.0165481567382813
0.306793212890625 0.341552734375 0.00949859619140626 -0.0977630615234375
0.00537109375000002 0.546112060546875 0.0326690673828125 -0.211318969726562
-0.173828125 0.50018310546875 0.143157958984375 -0.327606201171875
-0.37762451171875 0.460784912109375 0.359832763671875 -0.3426513671875
-0.5048828125 0.480377197265625 -0.0619888305664063 -0.13287353515625
-0.40972900390625 0.479766845703125 -0.0207672119140625 -0.106613159179687
-0.19189453125 0.6622314453125 -0.0013103485107422 -0.027252197265625
0.096038818359375 0.552276611328125 -0.0289955139160156 0.000820159912109406
0.296112060546875 0.434417724609375 -0.0277938842773437 0.0914230346679688
0.4111328125 0.184967041015625 0.042633056640625 0.0579605102539063
0.440338134765625 -0.0050048828125 0.0700263977050782 0.0091400146484375
0.46746826171875 -0.014556884765625 0.0450401306152344 0.00489044189453125
0.456695556640625 -0.093597412109375 0.0596427917480469 -0.0187225341796875
0.42694091796875 0.0333251953125 0.0238761901855469 -0.00120162963867187
0.438385009765625 0.1951904296875 -0.0309677124023437 0.0254974365234375
0.37158203125 0.372222900390625 -0.0481338500976562 -0.0789108276367187
0.0433349609374999 0.626220703125 -0.0126800537109375 -0.1673583984375
-0.16192626953125 0.58868408203125 0.0987548828125 -0.21881103515625
-0.40753173828125 0.56512451171875 0.223739624023437 -0.194168090820312
-0.463836669921875 0.493621826171875 -0.225051879882813 0.0267944335937501
-0.374176025390625 0.49371337890625 -0.104866027832031 0.0200347900390625
-0.1697998046875 0.65228271484375 -0.0306510925292969 -0.0010738372802734
0.0961303710937501 0.54461669921875 -0.0692367553710938 -0.02197265625
0.287139892578125 0.44305419921875 -0.106468200683594 0.0280075073242188
0.4144287109375 0.206817626953125 -0.108207702636719 0.0139923095703125
0.43951416015625 0.014190673828125 -0.105918884277344 0.0417556762695313
0.460968017578125 0.00189208984375 -0.110321044921875 0.0577011108398438
0.458404541015625 -0.077911376953125 -0.0912628173828125 0.041900634765625
0.41650390625 0.045745849609375 -0.116134643554687 0.02545166015625
0.423065185546875 0.19970703125 -0.113441467285156 0.0364532470703125
0.352142333984375 0.358154296875 -0.096099853515625 -0.0498886108398437
0.0450439453125 0.599853515625 -0.0407791137695313 -0.105842590332031
-0.14642333984375 0.56915283203125 0.0685195922851563 -0.07659912109375
-0.38336181640625 0.56951904296875 0.0859603881835937 -0.0135040283203125
-0.343841552734375 0.43304443359375 -0.370086669921875 0.19049072265625
-0.262542724609375 0.425750732421875 -0.184616088867188 0.151123046875
-0.103759765625 0.516357421875 -0.0681724548339844 0.035308837890625
0.08856201171875 0.42083740234375 -0.10723876953125 -0.025665283203125
0.229766845703125 0.356842041015625 -0.169387817382812 -0.0262908935546875
0.34619140625 0.177947998046875 -0.24176025390625 -0.021697998046875
0.36590576171875 0.025970458984375 -0.264739990234375 0.0748748779296875
0.385162353515625 0.0167236328125 -0.246856689453125 0.1025390625
0.3905029296875 -0.03717041015625 -0.225799560546875 0.0923614501953125
0.338836669921875 0.070526123046875 -0.233627319335937 0.0397186279296875
0.324066162109375 0.195587158203125 -0.17767333984375 0.0291900634765625
0.2469482421875 0.303985595703125 -0.125007629394531 -0.0281219482421875
0.00234985351562501 0.471923828125 -0.0510902404785156 -0.0468406677246094
-0.129547119140625 0.445159912109375 0.0412063598632812 0.0615463256835938
-0.310333251953125 0.473876953125 -0.03985595703125 0.16021728515625
-0.172821044921875 0.299652099609375 -0.466705322265625 0.334381103515625
-0.111358642578125 0.28167724609375 -0.238983154296875 0.267913818359375
-0.03131103515625 0.2901611328125 -0.0980453491210938 0.0809402465820313
0.0608367919921875 0.22900390625 -0.126686096191406 -0.00490570068359376
0.133682250976562 0.212326049804688 -0.200714111328125 -0.0572662353515625
0.22161865234375 0.1192626953125 -0.330413818359375 -0.037384033203125
0.233978271484375 0.0319061279296875 -0.376953125 0.104949951171875
0.24932861328125 0.0322418212890625 -0.345611572265625 0.132598876953125
0.266464233398437 0.0106048583984375 -0.328826904296875 0.117950439453125
0.211578369140625 0.09014892578125 -0.314910888671875 0.026214599609375
0.173599243164063 0.168594360351563 -0.211929321289062 -0.00793457031250003
0.100860595703125 0.209930419921875 -0.132469177246094 -0.0254287719726562
-0.0458526611328125 0.272735595703125 -0.0499839782714844 -0.00490188598632811
-0.095977783203125 0.254318237304688 0.00869750976562499 0.166152954101563
-0.191192626953125 0.306854248046875 -0.14447021484375 0.2919921875
0.0112152099609375 0.112480163574219 -0.501373291015625 0.43792724609375
0.0298614501953125 0.0924148559570312 -0.256195068359375 0.35888671875
0.0177841186523438 0.0378913879394531 -0.105117797851563 0.13067626953125
0.00988960266113281 0.0290508270263672 -0.117973327636719 0.0302734375
0.0157737731933594 0.0582809448242188 -0.197891235351563 -0.066314697265625
0.0652580261230469 0.0540199279785156 -0.362518310546875 -0.0323181152343749
0.0677337646484375 0.0392570495605469 -0.425537109375 0.12860107421875
0.0773162841796875 0.0414810180664063 -0.391204833984375 0.142425537109375
0.104049682617188 0.0486679077148437 -0.385650634765625 0.11419677734375
0.0620346069335937 0.0791473388671875 -0.349853515625 -0.0111083984375
0.0176773071289063 0.0998077392578125 -0.212478637695312 -0.0622711181640625
-0.0290679931640625 0.0736465454101563 -0.118614196777344 -0.0368576049804688
-0.0494003295898437 0.0445556640625 -0.0434188842773438 0.0207939147949219
-0.0205039978027344 0.0465965270996094 -0.0279693603515625 0.226226806640625
-0.033660888671875 0.107772827148438 -0.2137451171875 0.36370849609375
-0.1856689453125 0.106201171875 0.199554443359375 -0.439361572265625
-0.113754272460938 0.142913818359375 0.0460205078125 -0.3116455078125
0.0076141357421875 0.193939208984375 0.0151939392089844 -0.0355606079101562
0.0971603393554688 0.113883972167969 0.0659942626953125 0.0551033020019531
0.12127685546875 0.0195236206054688 0.172332763671875 0.141738891601563
0.073150634765625 -0.0385513305664063 0.351043701171875 0.070953369140625
0.0837020874023438 -0.0602874755859375 0.41912841796875 -0.119781494140625
0.104118347167969 -0.0452957153320313 0.397735595703125 -0.14996337890625
0.0856246948242188 -0.0546951293945313 0.411041259765625 -0.146575927734375
0.107345581054688 -0.0099639892578125 0.370269775390625 -0.025177001953125
0.122238159179688 0.0458984375 0.200881958007813 0.0245361328125
0.108627319335937 0.132781982421875 0.112564086914063 -0.0824508666992188
-0.034454345703125 0.186248779296875 0.123443603515625 -0.213790893554688
-0.0981903076171875 0.143539428710938 0.22003173828125 -0.39935302734375
-0.146102905273438 0.087127685546875 0.543212890625 -0.498382568359375
-0.33795166015625 0.2965087890625 0.16656494140625 -0.391754150390625
-0.24298095703125 0.305450439453125 0.055419921875 -0.289459228515625
-0.05767822265625 0.413482666015625 0.0162582397460937 -0.0480575561523437
0.123260498046875 0.299560546875 0.0349578857421875 0.046539306640625
0.22406005859375 0.177032470703125 0.123046875 0.160629272460938
0.229034423828125 0.03009033203125 0.294525146484375 0.09326171875
0.250411987304687 -0.064422607421875 0.358795166015625 -0.08245849609375
0.280258178710938 -0.053375244140625 0.324859619140625 -0.114990234375
0.260147094726563 -0.086029052734375 0.335906982421875 -0.130889892578125
0.261581420898438 0.0112762451171875 0.2923583984375 -0.03729248046875
0.268142700195313 0.123321533203125 0.1416015625 0.01519775390625
0.225662231445313 0.26025390625 0.0631332397460938 -0.103515625
-0.013275146484375 0.4061279296875 0.0778045654296875 -0.236602783203125
-0.147857666015625 0.3577880859375 0.179107666015625 -0.40753173828125
-0.281982421875 0.31689453125 0.4686279296875 -0.47650146484375
-0.45379638671875 0.443939208984375 0.072174072265625 -0.2882080078125
-0.35369873046875 0.438568115234375 0.0314178466796875 -0.221694946289062
-0.12701416015625 0.5950927734375 0.01446533203125 -0.0498237609863281
0.128143310546875 0.46710205078125 0.00623512268066407 0.0253963470458985
0.297149658203125 0.330963134765625 0.0587158203125 0.143768310546875
0.358917236328125 0.10955810546875 0.191864013671875 0.087890625
0.384613037109375 -0.051788330078125 0.238189697265625 -0.0403289794921875
0.416229248046875 -0.054779052734375 0.202484130859375 -0.0625457763671875
0.39617919921875 -0.115753173828125 0.2138671875 -0.0897369384765625
0.38433837890625 0.01239013671875 0.171676635742188 -0.0301055908203125
0.397979736328125 0.162139892578125 0.0632705688476563 0.0155143737792969
0.3428955078125 0.3372802734375 0.00439453125000001 -0.103538513183594
0.041259765625 0.57379150390625 0.0244293212890625 -0.220870971679687
-0.153228759765625 0.532989501953125 0.131134033203125 -0.350341796875
-0.363739013671875 0.508148193359375 0.356048583984375 -0.37615966796875
-0.4990234375 0.5345458984375 -0.0697860717773438 -0.13775634765625
-0.401275634765625 0.52838134765625 -0.0266876220703125 -0.111038208007812
-0.15576171875 0.7056884765625 0.00100135803222656 -0.0344295501708984
0.133056640625 0.56976318359375 -0.0276145935058594 -0.0011043548583984
0.336334228515625 0.43511962890625 -0.020477294921875 0.0962982177734375
0.439300537109375 0.170806884765625 0.0490264892578125 0.0591316223144531
0.460296630859375 -0.03076171875 0.0739288330078125 0.004638671875
0.489654541015625 -0.046844482421875 0.0495719909667969 0.0015411376953125
0.47235107421875 -0.1273193359375 0.06475830078125 -0.0251083374023438
0.44818115234375 0.010528564453125 0.0279350280761719 -0.00286865234375
0.4705810546875 0.177276611328125 -0.0259075164794922 0.0291996002197266
0.41229248046875 0.36639404296875 -0.0537261962890625 -0.0808486938476562
0.088623046875 0.6568603515625 -0.0186767578125 -0.172149658203125
-0.13604736328125 0.62420654296875 0.093048095703125 -0.233139038085937
-0.38848876953125 0.62188720703125 0.224029541015625 -0.212905883789062
-0.457794189453125 0.548095703125 -0.23052978515625 0.03973388671875
-0.363372802734375 0.54266357421875 -0.106185913085938 0.0286636352539063
-0.136474609375 0.694580078125 -0.0282344818115234 -0.00376319885253902
0.13372802734375 0.56182861328125 -0.0689125061035156 -0.0221061706542969
0.32818603515625 0.44549560546875 -0.10565185546875 0.0341873168945313
0.44586181640625 0.193267822265625 -0.112236022949219 0.0216522216796875
0.462158203125 -0.0101318359375 -0.107612609863281 0.05072021484375
0.4857177734375 -0.031097412109375 -0.1090087890625 0.0668563842773438
0.47576904296875 -0.1104736328125 -0.0890121459960937 0.048675537109375
0.439056396484375 0.024261474609375 -0.116691589355469 0.0349502563476563
0.454193115234375 0.183197021484375 -0.112625122070312 0.0444564819335938
0.391082763671875 0.352752685546875 -0.101188659667969 -0.0478439331054687
0.0868530273437499 0.62921142578125 -0.0434646606445312 -0.105842590332031
-0.12060546875 0.60345458984375 0.0695114135742187 -0.0827484130859375
-0.36578369140625 0.625244140625 0.0922012329101562 -0.0149688720703125
-0.33746337890625 0.4761962890625 -0.371185302734375 0.22076416015625
-0.2515869140625 0.463775634765625 -0.181625366210938 0.1712646484375
-0.07843017578125 0.550079345703125 -0.0660858154296875 0.0388870239257813
0.11798095703125 0.435699462890625 -0.108863830566406 -0.0235595703125
0.264923095703125 0.3599853515625 -0.176284790039063 -0.0204620361328125
0.37432861328125 0.1676025390625 -0.256118774414063 -0.00679016113281253
0.3863525390625 0.006256103515625 -0.271255493164063 0.09588623046875
0.406707763671875 -0.0087890625 -0.2491455078125 0.123519897460938
0.407867431640625 -0.06591796875 -0.227066040039062 0.110321044921875
0.360260009765625 0.055267333984375 -0.240478515625 0.0573883056640625
0.350616455078125 0.1864013671875 -0.181045532226562 0.03961181640625
0.276885986328125 0.30328369140625 -0.129829406738281 -0.0227279663085937
0.0343017578125 0.49713134765625 -0.0512733459472656 -0.0439109802246093
-0.112091064453125 0.474212646484375 0.0496940612792969 0.0631675720214844
-0.29608154296875 0.52056884765625 -0.0289459228515625 0.174606323242188
-0.16748046875 0.326416015625 -0.46343994140625 0.377197265625
-0.103302001953125 0.30377197265625 -0.232330322265625 0.297210693359375
-0.017181396484375 0.309539794921875 -0.0955886840820313 0.0894851684570312
0.0763702392578125 0.237197875976562 -0.128517150878906 -6.86645507812288E-05
0.155364990234375 0.21502685546875 -0.21221923828125 -0.0523834228515625
0.2413330078125 0.113494873046875 -0.3515625 -0.0187072753906251
0.249954223632813 0.020263671875 -0.38592529296875 0.135040283203125
0.266220092773438 0.015869140625 -0.350555419921875 0.16046142578125
0.281036376953125 -0.007568359375 -0.33209228515625 0.1441650390625
0.228607177734375 0.08197021484375 -0.327362060546875 0.049224853515625
0.192428588867188 0.166824340820313 -0.220062255859375 0.00291442871093746
0.117965698242188 0.214447021484375 -0.136856079101563 -0.018890380859375
-0.0286865234375 0.291656494140625 -0.0488739013671875 0.000228881835937511
-0.0871124267578125 0.273452758789062 0.02191162109375 0.174697875976563
-0.183135986328125 0.337249755859375 -0.130645751953125 0.31787109375
0.0145416259765625 0.118461608886719 -0.495513916015625 0.487640380859375
0.0340576171875 0.0956878662109375 -0.2445068359375 0.39276123046875
0.01800537109375 0.0425987243652344 -0.101638793945312 0.143295288085938
0.0111198425292969 0.0314655303955078 -0.118614196777344 0.037353515625
0.0218162536621094 0.0613784790039063 -0.210891723632813 -0.0615234375
0.073638916015625 0.0528182983398438 -0.38482666015625 -0.01171875
0.076019287109375 0.0375289916992188 -0.436767578125 0.16339111328125
0.086029052734375 0.0384750366210938 -0.39898681640625 0.174346923828125
0.11419677734375 0.0415878295898438 -0.39422607421875 0.1435546875
0.072296142578125 0.0791473388671875 -0.36712646484375 0.0120849609375
0.0260848999023437 0.103950500488281 -0.2255859375 -0.0536651611328125
-0.0245590209960938 0.08013916015625 -0.123893737792969 -0.0308609008789063
-0.0478782653808594 0.052581787109375 -0.0416679382324219 0.0260963439941406
-0.0202865600585937 0.0528831481933594 -0.0138092041015625 0.238739013671875
-0.0316085815429687 0.118171691894531 -0.20111083984375 0.396636962890625
-0.179122924804688 0.123489379882812 0.170257568359375 -0.472320556640625
-0.103927612304688 0.152877807617188 0.02056884765625 -0.32672119140625
0.024139404296875 0.194625854492188 0.0125541687011719 -0.0425491333007812
0.106857299804687 0.106910705566406 0.0696563720703125 0.05010986328125
0.122306823730469 0.009735107421875 0.189422607421875 0.13385009765625
0.0698051452636719 -0.0435905456542969 0.369781494140625 0.04400634765625
0.0807418823242188 -0.067718505859375 0.418609619140625 -0.158935546875
0.101966857910156 -0.0553970336914063 0.394439697265625 -0.188507080078125
0.0823440551757813 -0.0613021850585938 0.410308837890625 -0.186676025390625
0.108535766601562 -0.0189743041992188 0.381500244140625 -0.058441162109375
0.130111694335937 0.0362319946289062 0.212921142578125 0.0117950439453125
0.124130249023437 0.126068115234375 0.106941223144531 -0.0929641723632812
-0.01861572265625 0.195404052734375 0.10723876953125 -0.22857666015625
-0.08843994140625 0.1541748046875 0.192413330078125 -0.427459716796875
-0.139389038085938 0.101943969726563 0.514404296875 -0.555328369140625
-0.32098388671875 0.33184814453125 0.139923095703125 -0.419464111328125
-0.224151611328125 0.331878662109375 0.032958984375 -0.303741455078125
-0.02520751953125 0.425750732421875 0.0135841369628906 -0.0565147399902343
0.149322509765625 0.294525146484375 0.0386199951171875 0.0422782897949219
0.241317749023437 0.162750244140625 0.140625 0.156417846679688
0.234909057617188 0.015655517578125 0.3133544921875 0.073150634765625
0.25177001953125 -0.0847625732421875 0.36029052734375 -0.115631103515625
0.282989501953125 -0.07940673828125 0.324371337890625 -0.14739990234375
0.259902954101563 -0.108367919921875 0.336029052734375 -0.166595458984375
0.269668579101563 -0.0084991455078125 0.30047607421875 -0.06439208984375
0.286285400390625 0.104583740234375 0.152084350585938 0.00616455078125001
0.254898071289063 0.248184204101563 0.0554046630859375 -0.112266540527344
0.022247314453125 0.420684814453125 0.061279296875 -0.24835205078125
-0.123291015625 0.378692626953125 0.151611328125 -0.431549072265625
-0.260955810546875 0.3511962890625 0.4429931640625 -0.52313232421875
-0.428680419921875 0.492828369140625 0.052520751953125 -0.305389404296875
-0.326385498046875 0.47943115234375 0.0146026611328125 -0.232070922851563
-0.079833984375 0.62005615234375 0.0125350952148437 -0.0584907531738281
0.168121337890625 0.46673583984375 0.00918006896972657 0.022176742553711
0.330352783203125 0.314117431640625 0.0739898681640625 0.142654418945313
0.375274658203125 0.088104248046875 0.20684814453125 0.0753173828125
0.391082763671875 -0.082611083984375 0.241119384765625 -0.0616912841796875
0.422576904296875 -0.092926025390625 0.20306396484375 -0.082916259765625
0.396820068359375 -0.151153564453125 0.214614868164063 -0.11334228515625
0.3955078125 -0.0177001953125 0.177474975585938 -0.04669189453125
0.422515869140625 0.13446044921875 0.0714035034179688 0.0116195678710938
0.382049560546875 0.3182373046875 -0.00405883789062499 -0.108131408691406
0.0933837890625 0.590087890625 0.0105133056640625 -0.228607177734375
-0.1153564453125 0.560089111328125 0.107330322265625 -0.36871337890625
-0.329437255859375 0.557373046875 0.33660888671875 -0.41357421875
-0.46929931640625 0.59320068359375 -0.0802307128906251 -0.139122009277344
-0.369384765625 0.5775146484375 -0.034820556640625 -0.112213134765625
-0.1011962890625 0.73663330078125 0.000885009765624994 -0.0408172607421875
0.18109130859375 0.57244873046875 -0.0259914398193359 -0.00290679931640621
0.382080078125 0.417572021484375 -0.0108413696289062 0.098724365234375
0.463592529296875 0.143951416015625 0.0565223693847657 0.0579452514648438
0.47271728515625 -0.067657470703125 0.0764694213867188 -0.00116729736328125
0.500396728515625 -0.092926025390625 0.0528526306152344 -0.00387191772460938
0.47442626953125 -0.17132568359375 0.0671463012695313 -0.0346183776855469
0.462005615234375 -0.024383544921875 0.0319652557373047 -0.00572013854980469
0.497802734375 0.145355224609375 -0.0193996429443359 0.0319805145263672
0.454681396484375 0.3431396484375 -0.0613861083984375 -0.0810775756835937
0.1488037109375 0.67120361328125 -0.0279388427734375 -0.175018310546875
-0.09161376953125 0.6531982421875 0.0789337158203125 -0.2462158203125
-0.34735107421875 0.67608642578125 0.215301513671875 -0.232864379882813
-0.427734375 0.60418701171875 -0.229782104492188 0.0579071044921876
-0.33111572265625 0.5894775390625 -0.103843688964844 0.03863525390625
-0.0828857421875 0.72705078125 -0.0261497497558594 -0.0054092407226562
0.18072509765625 0.5679931640625 -0.0691757202148437 -0.0210113525390625
0.37579345703125 0.43072509765625 -0.103424072265625 0.040435791015625
0.47491455078125 0.165771484375 -0.113777160644531 0.0325851440429688
0.475921630859375 -0.0458984375 -0.105506896972656 0.0620956420898437
0.498077392578125 -0.07574462890625 -0.104118347167969 0.0771942138671875
0.48016357421875 -0.154998779296875 -0.0838088989257812 0.0542678833007812
0.45391845703125 -0.0087890625 -0.114547729492187 0.0460433959960937
0.4818115234375 0.1510009765625 -0.107948303222656 0.0536880493164063
0.430084228515625 0.3302001953125 -0.106452941894531 -0.0431900024414063
0.14654541015625 0.64019775390625 -0.0470428466796875 -0.104690551757812
-0.0783081054687499 0.6314697265625 0.0675735473632813 -0.0901565551757812
-0.32275390625 0.677490234375 0.0968704223632812 -0.01904296875
-0.31231689453125 0.520599365234375 -0.359710693359375 0.254913330078125
-0.222991943359375 0.50152587890625 -0.16949462890625 0.192794799804688
-0.03521728515625 0.57586669921875 -0.0618362426757813 0.0426406860351563
0.15484619140625 0.4395751953125 -0.109649658203125 -0.0187530517578125
0.30401611328125 0.34954833984375 -0.180679321289063 -0.0104217529296875
0.399871826171875 0.143890380859375 -0.2647705078125 0.0137939453125
0.401397705078125 -0.023651123046875 -0.269210815429687 0.122955322265625
0.419677734375 -0.045806884765625 -0.242507934570313 0.146255493164063
0.414031982421875 -0.103515625 -0.219802856445312 0.130157470703125
0.376800537109375 0.0283203125 -0.239532470703125 0.080291748046875
0.376190185546875 0.163177490234375 -0.180160522460937 0.0537872314453125
0.308990478515625 0.289581298828125 -0.132858276367187 -0.0147552490234375
0.0798645019531251 0.510955810546875 -0.050994873046875 -0.0404701232910156
-0.079345703125 0.49713134765625 0.0594825744628906 0.0613136291503906
-0.2618408203125 0.5655517578125 -0.0120697021484375 0.185165405273438
-0.149139404296875 0.351959228515625 -0.44183349609375 0.42498779296875
-0.084320068359375 0.3233642578125 -0.211212158203125 0.32586669921875
0.006561279296875 0.323944091796875 -0.0887908935546875 0.09912109375
0.09698486328125 0.239303588867188 -0.128639221191406 0.00720977783203128
0.180191040039063 0.20953369140625 -0.222259521484375 -0.0403900146484375
0.259307861328125 0.0979766845703125 -0.365386962890625 0.0100097656249999
0.261703491210938 0.0011444091796875 -0.383453369140625 0.172332763671875
0.27728271484375 -0.007537841796875 -0.343597412109375 0.194244384765625
0.289520263671875 -0.034271240234375 -0.3262939453125 0.17510986328125
0.243743896484375 0.0672607421875 -0.330108642578125 0.07891845703125
0.212295532226563 0.156723022460938 -0.224945068359375 0.0197906494140625
0.139251708984375 0.211349487304688 -0.139755249023437 -0.00917816162109371
-0.00292968750000001 0.304595947265625 -0.0465469360351563 0.00507354736328127
-0.06976318359375 0.290252685546875 0.0394287109375 0.1781005859375
-0.162567138671875 0.36639404296875 -0.105224609375 0.34039306640625
0.0205764770507813 0.121986389160156 -0.465850830078125 0.538330078125
0.040283203125 0.096649169921875 -0.215728759765625 0.424560546875
0.0197525024414062 0.0464019775390625 -0.0915985107421875 0.156280517578125
0.0125217437744141 0.0332736968994141 -0.115943908691406 0.04522705078125
0.0300025939941406 0.0624008178710938 -0.222900390625 -0.0496673583984374
0.0823135375976562 0.0488052368164062 -0.401458740234375 0.0194396972656249
0.0839385986328125 0.0328445434570313 -0.4334716796875 0.2052001953125
0.0942001342773438 0.0309982299804688 -0.39227294921875 0.212677001953125
0.122711181640625 0.0315780639648438 -0.38958740234375 0.1807861328125
0.0830612182617188 0.0758743286132813 -0.375152587890625 0.0445556640625
0.037017822265625 0.105239868164063 -0.237136840820313 -0.037994384765625
-0.0178451538085938 0.0857467651367188 -0.1268310546875 -0.0218048095703125
-0.0431861877441406 0.0601463317871094 -0.0383224487304688 0.0310859680175781
-0.017974853515625 0.058837890625 0.00827026367187502 0.24725341796875
-0.02545166015625 0.127311706542969 -0.17218017578125 0.426544189453125
-0.166046142578125 0.136642456054688 0.132232666015625 -0.489776611328125
-0.090362548828125 0.158035278320313 -0.007354736328125 -0.330718994140625
0.0392608642578125 0.188156127929688 0.00778961181640626 -0.0477752685546875
0.113395690917969 0.09710693359375 0.0708847045898438 0.0442428588867188
0.119277954101563 -0.00020599365234375 0.201400756835938 0.121337890625
0.0636825561523438 -0.0464630126953125 0.3765869140625 0.014556884765625
0.074615478515625 -0.0736312866210938 0.4051513671875 -0.194732666015625
0.096954345703125 -0.0640029907226563 0.37774658203125 -0.222442626953125
0.0772933959960938 -0.0663375854492188 0.394561767578125 -0.2239990234375
0.10614013671875 -0.0275039672851563 0.378692626953125 -0.091583251953125
0.132957458496094 0.0250701904296875 0.218307495117188 -0.00347900390625
0.134902954101563 0.11468505859375 0.097564697265625 -0.100120544433594
-0.00134277343749998 0.197433471679688 0.0869598388671875 -0.235916137695312
-0.0753326416015625 0.160659790039062 0.15692138671875 -0.441253662109375
-0.127601623535156 0.113174438476563 0.46759033203125 -0.592041015625
-0.2926025390625 0.35772705078125 0.10675048828125 -0.4339599609375
-0.19744873046875 0.347747802734375 0.00753784179687498 -0.3089599609375
0.00964355468749999 0.42401123046875 0.00868988037109374 -0.062591552734375
0.170028686523438 0.280517578125 0.04022216796875 0.0372543334960938
0.25091552734375 0.142959594726563 0.154098510742188 0.146087646484375
0.233291625976563 0.0001220703125 0.32232666015625 0.04693603515625
0.245147705078125 -0.103836059570313 0.3504638671875 -0.14581298828125
0.2763671875 -0.10400390625 0.311492919921875 -0.17510986328125
0.2510986328125 -0.129058837890625 0.321990966796875 -0.197174072265625
0.268630981445313 -0.02996826171875 0.29803466796875 -0.090423583984375
0.2960205078125 0.081390380859375 0.157882690429688 -0.00492858886718749
0.276275634765625 0.227340698242188 0.0452957153320313 -0.116233825683594
0.0595703125 0.419921875 0.0424652099609375 -0.252960205078125
-0.094482421875 0.388702392578125 0.11724853515625 -0.443328857421875
-0.228546142578125 0.37359619140625 0.40020751953125 -0.55780029296875
-0.388275146484375 0.5289306640625 0.028656005859375 -0.312530517578125
-0.287078857421875 0.505462646484375 -0.00323486328125 -0.234375
-0.02886962890625 0.6239013671875 0.00875473022460937 -0.0646171569824218
0.20245361328125 0.4512939453125 0.0104598999023438 0.0175151824951172
0.353240966796875 0.286346435546875 0.0867538452148438 0.136154174804688
0.380645751953125 0.06182861328125 0.215545654296875 0.0586090087890625
0.386260986328125 -0.11273193359375 0.235763549804688 -0.0819244384765625
0.414947509765625 -0.129547119140625 0.197067260742188 -0.10113525390625
0.38519287109375 -0.183441162109375 0.206039428710938 -0.13568115234375
0.394378662109375 -0.048583984375 0.1761474609375 -0.062347412109375
0.43499755859375 0.100982666015625 0.0775909423828125 0.00595092773437501
0.408935546875 0.287353515625 -0.0139846801757812 -0.109329223632812
0.1461181640625 0.58416748046875 -0.00469970703125001 -0.230117797851562
-0.0733642578125 0.56982421875 0.07989501953125 -0.37615966796875
-0.28076171875 0.5855712890625 0.304107666015625 -0.436676025390625
-0.4222412109375 0.63360595703125 -0.089691162109375 -0.135200500488281
-0.32232666015625 0.60821533203125 -0.0418472290039063 -0.110275268554687
-0.03924560546875 0.745361328125 -0.000503540039062503 -0.0464057922363281
0.224029541015625 0.555419921875 -0.0246753692626953 -0.0056819915771484
0.4144287109375 0.385772705078125 -0.00103759765624998 0.0978927612304688
0.4755859375 0.111328125 0.0625343322753907 0.0531234741210938
0.4693603515625 -0.103851318359375 0.0764694213867188 -0.00656890869140626
0.492462158203125 -0.137451171875 0.0542221069335938 -0.00944900512695313
0.461273193359375 -0.210479736328125 0.0661697387695313 -0.0440216064453125
0.46063232421875 -0.059539794921875 0.0341567993164063 -0.00880050659179688
0.510986328125 0.104248046875 -0.0123653411865234 0.0323810577392578
0.483306884765625 0.305328369140625 -0.0679779052734375 -0.0780792236328125
0.20782470703125 0.65869140625 -0.037628173828125 -0.174224853515625
-0.0426025390625 0.66217041015625 0.061798095703125 -0.251739501953125
-0.29010009765625 0.70806884765625 0.198577880859375 -0.247894287109375
-0.3804931640625 0.64129638671875 -0.222198486328125 0.0736846923828126
-0.28680419921875 0.61883544921875 -0.09771728515625 0.0470733642578125
-0.0212402343749999 0.736083984375 -0.0236778259277344 -0.00756454467773433
0.225067138671875 0.55224609375 -0.068023681640625 -0.0202980041503906
0.41143798828125 0.40020751953125 -0.0988006591796875 0.045684814453125
0.489349365234375 0.131011962890625 -0.110336303710937 0.0415878295898437
0.476409912109375 -0.083770751953125 -0.0991134643554687 0.0715713500976563
0.492889404296875 -0.119232177734375 -0.0952529907226562 0.0844192504882812
0.466796875 -0.19677734375 -0.0766448974609375 0.0579833984375
0.454437255859375 -0.04425048828125 -0.107078552246094 0.0550537109375
0.49462890625 0.11395263671875 -0.100639343261719 0.0605087280273437
0.457763671875 0.296142578125 -0.109626770019531 -0.0367050170898437
0.20233154296875 0.630126953125 -0.0503997802734375 -0.102912902832031
-0.03045654296875 0.638916015625 0.063690185546875 -0.0950851440429687
-0.26605224609375 0.70697021484375 0.0980758666992187 -0.02423095703125
-0.272552490234375 0.549468994140625 -0.335174560546875 0.2821044921875
-0.18475341796875 0.522003173828125 -0.150650024414062 0.2071533203125
0.0137939453125 0.5814208984375 -0.0550270080566406 0.04534912109375
0.188262939453125 0.428985595703125 -0.108108520507813 -0.0144882202148437
0.3343505859375 0.325592041015625 -0.181442260742187 4.57763671874916E-05
0.414581298828125 0.114715576171875 -0.264755249023438 0.0359344482421876
0.403900146484375 -0.054901123046875 -0.256927490234375 0.145828247070313
0.417510986328125 -0.083343505859375 -0.227767944335937 0.165054321289062
0.4061279296875 -0.1405029296875 -0.2064208984375 0.144927978515625
0.38031005859375 0.000457763671875 -0.2303466796875 0.100173950195312
0.389617919921875 0.135040283203125 -0.173171997070312 0.0660400390625
0.3321533203125 0.265411376953125 -0.132850646972656 -0.00620269775390621
0.1251220703125 0.506195068359375 -0.0491256713867187 -0.0375480651855468
-0.042266845703125 0.505126953125 0.0675735473632813 0.0563240051269532
-0.21453857421875 0.59063720703125 0.00613403320312499 0.187744140625
-0.1246337890625 0.367279052734375 -0.404693603515625 0.456573486328125
-0.060791015625 0.33349609375 -0.181182861328125 0.344207763671875
0.032440185546875 0.328704833984375 -0.0781478881835937 0.105567932128906
0.114364624023438 0.234161376953125 -0.124732971191406 0.013702392578125
0.200027465820313 0.196304321289062 -0.22607421875 -0.0267486572265625
0.270980834960938 0.078399658203125 -0.367279052734375 0.04034423828125
0.265426635742187 -0.019012451171875 -0.367279052734375 0.2054443359375
0.279052734375 -0.031707763671875 -0.32452392578125 0.222076416015625
0.287353515625 -0.060028076171875 -0.30914306640625 0.19927978515625
0.251739501953125 0.0482635498046875 -0.3209228515625 0.106781005859375
0.225494384765625 0.141326904296875 -0.222198486328125 0.0360107421875
0.157028198242188 0.201080322265625 -0.13818359375 0.000350952148437535
0.024444580078125 0.30670166015625 -0.0416908264160156 0.0075645446777344
-0.0489501953125 0.298126220703125 0.056640625 0.174652099609375
-0.13336181640625 0.383270263671875 -0.0760498046875 0.350341796875
0.0270462036132813 0.121826171875 -0.41973876953125 0.57379150390625
0.046234130859375 0.095306396484375 -0.178680419921875 0.443267822265625
0.0232200622558594 0.04888916015625 -0.0769195556640625 0.163803100585938
0.0145969390869141 0.0338115692138672 -0.109931945800781 0.0514373779296875
0.0366554260253906 0.0605278015136719 -0.228378295898438 -0.036407470703125
0.088897705078125 0.0419464111328125 -0.4033203125 0.0528259277343749
0.0898971557617187 0.025970458984375 -0.41387939453125 0.241668701171875
0.0990676879882813 0.0227584838867188 -0.372833251953125 0.244232177734375
0.126052856445313 0.01861572265625 -0.37188720703125 0.21063232421875
0.0915451049804687 0.0693283081054688 -0.36981201171875 0.0771179199218751
0.0465927124023437 0.102943420410156 -0.240447998046875 -0.0198211669921875
-0.010284423828125 0.0879898071289062 -0.126441955566406 -0.0120010375976563
-0.0367851257324219 0.0656509399414063 -0.0330276489257813 0.0341358184814453
-0.0140609741210937 0.0630989074707031 0.0290985107421875 0.2467041015625
-0.017547607421875 0.132568359375 -0.13739013671875 0.442169189453125
-0.15350341796875 0.142929077148438 0.101165771484375 -0.493621826171875
-0.079803466796875 0.157577514648438 -0.028411865234375 -0.326904296875
0.048614501953125 0.17987060546875 0.00321197509765625 -0.0496673583984375
0.114715576171875 0.0881118774414063 0.0694084167480469 0.0397872924804688
0.114341735839844 -0.0068359375 0.207229614257813 0.109970092773438
0.0582122802734375 -0.0472564697265625 0.37591552734375 -0.007904052734375
0.0684356689453125 -0.0763778686523438 0.386566162109375 -0.216094970703125
0.0911026000976563 -0.069580078125 0.356781005859375 -0.2432861328125
0.072357177734375 -0.0689620971679688 0.373809814453125 -0.24658203125
0.102523803710938 -0.0328292846679688 0.36920166015625 -0.115966796875
0.133041381835938 0.015716552734375 0.219558715820312 -0.0152130126953125
0.1412353515625 0.103546142578125 0.08929443359375 -0.102714538574219
0.0123291015625 0.194320678710938 0.0697021484375 -0.235763549804688
-0.0630645751953125 0.161102294921875 0.127777099609375 -0.44268798828125
-0.116012573242187 0.118156433105469 0.42236328125 -0.6083984375
-0.2650146484375 0.37042236328125 0.080230712890625 -0.4375
-0.173553466796875 0.352386474609375 -0.012054443359375 -0.305877685546875
0.03515625 0.414947509765625 0.00396728515625001 -0.0657577514648437
0.181381225585938 0.26513671875 0.0400047302246094 0.0330581665039063
0.252487182617188 0.125534057617188 0.162277221679688 0.135452270507813
0.228317260742187 -0.0090484619140625 0.32373046875 0.026519775390625
0.235824584960938 -0.116546630859375 0.336456298828125 -0.16400146484375
0.2657470703125 -0.120956420898437 0.295654296875 -0.192474365234375
0.240066528320313 -0.142440795898437 0.304718017578125 -0.216949462890625
0.262954711914063 -0.0443115234375 0.29010009765625 -0.10968017578125
0.29736328125 0.0621337890625 0.16021728515625 -0.014434814453125
0.286895751953125 0.206329345703125 0.0359039306640625 -0.116477966308594
0.086395263671875 0.411041259765625 0.0271759033203125 -0.251708984375
-0.070404052734375 0.388519287109375 0.089569091796875 -0.44189453125
-0.199462890625 0.381927490234375 0.3607177734375 -0.569580078125
-0.350616455078125 0.548095703125 0.010894775390625 -0.31243896484375
-0.253204345703125 0.5137939453125 -0.0171051025390625 -0.232223510742187
0.00982666015624994 0.615478515625 0.0052337646484375 -0.0689163208007812
0.2236328125 0.431610107421875 0.0113058090209961 0.0137491226196289
0.36273193359375 0.261199951171875 0.095611572265625 0.129417419433594
0.378814697265625 0.04254150390625 0.218246459960938 0.0442962646484375
0.3759765625 -0.133514404296875 0.228012084960938 -0.0942230224609375
0.402679443359375 -0.1553955078125 0.1881103515625 -0.112686157226563
0.368682861328125 -0.20477294921875 0.194091796875 -0.149215698242187
0.3857421875 -0.06988525390625 0.172531127929688 -0.074249267578125
0.435791015625 0.073822021484375 0.081817626953125 0.000663757324218754
0.421478271484375 0.260009765625 -0.0214004516601562 -0.107643127441406
0.18328857421875 0.56732177734375 -0.0163726806640625 -0.227951049804687
-0.04168701171875 0.56689453125 0.056396484375 -0.37506103515625
-0.23858642578125 0.59552001953125 0.27471923828125 -0.444976806640625
-0.37823486328125 0.6522216796875 -0.0942230224609375 -0.130241394042969
-0.28179931640625 0.61962890625 -0.0456924438476563 -0.10675048828125
0.00732421874999995 0.73565673828125 -0.00117111206054688 -0.0500602722167968
0.250640869140625 0.53509521484375 -0.0235633850097656 -0.00861167907714841
0.431793212890625 0.354095458984375 0.00603485107421877 0.0949249267578125
0.476165771484375 0.08489990234375 0.0666694641113282 0.0481986999511719
0.459716796875 -0.130615234375 0.0771408081054688 -0.0105819702148438
0.47821044921875 -0.16790771484375 0.0536270141601563 -0.0141639709472656
0.44110107421875 -0.237274169921875 0.0623779296875 -0.0511360168457031
0.45147705078125 -0.084442138671875 0.0360908508300782 -0.012176513671875
0.5115966796875 0.07415771484375 -0.00643539428710934 0.0306034088134766
0.495697021484375 0.2733154296875 -0.0731430053710937 -0.074310302734375
0.24847412109375 0.6380615234375 -0.043670654296875 -0.171798706054687
-0.00445556640624993 0.65460205078125 0.0487213134765625 -0.251327514648437
-0.24053955078125 0.717041015625 0.18365478515625 -0.253372192382812
-0.33880615234375 0.65789794921875 -0.211776733398438 0.0834350585937501
-0.2454833984375 0.62884521484375 -0.0902175903320313 0.0517425537109375
0.0255126953125 0.72991943359375 -0.0211200714111328 -0.0102558135986328
0.25164794921875 0.53143310546875 -0.0662879943847656 -0.0208206176757812
0.430145263671875 0.371429443359375 -0.0941390991210937 0.0482635498046875
0.493804931640625 0.10205078125 -0.106407165527344 0.0481719970703125
0.468536376953125 -0.110870361328125 -0.0911712646484375 0.0774612426757813
0.479827880859375 -0.150848388671875 -0.0866546630859375 0.087158203125
0.448944091796875 -0.2239990234375 -0.07147216796875 0.0575714111328125
0.44647216796875 -0.068450927734375 -0.0991439819335937 0.0604629516601562
0.495697021484375 0.083984375 -0.091949462890625 0.0637588500976563
0.467559814453125 0.26593017578125 -0.111228942871094 -0.03216552734375
0.241455078125 0.60870361328125 -0.051544189453125 -0.101097106933594
0.00457763671875001 0.6328125 0.0597457885742187 -0.0978775024414062
-0.21771240234375 0.7154541015625 0.0981826782226562 -0.0281219482421875
-0.23809814453125 0.56231689453125 -0.31011962890625 0.295257568359375
-0.152679443359375 0.52935791015625 -0.131820678710937 0.212783813476563
0.04913330078125 0.57696533203125 -0.0484199523925781 0.0452651977539063
0.2098388671875 0.413360595703125 -0.104721069335937 -0.0125885009765625
0.35076904296875 0.30108642578125 -0.179367065429688 0.00732421875000002
0.41864013671875 0.090362548828125 -0.26104736328125 0.0518798828125
0.39910888671875 -0.07952880859375 -0.2415771484375 0.160400390625
0.408416748046875 -0.10980224609375 -0.211685180664062 0.175338745117188
0.3912353515625 -0.163360595703125 -0.192855834960937 0.152191162109375
0.376495361328125 -0.021148681640625 -0.218185424804688 0.11322021484375
0.393341064453125 0.11029052734375 -0.165145874023437 0.0728759765625
0.342987060546875 0.2431640625 -0.131729125976562 -0.000823974609374957
0.156036376953125 0.490875244140625 -0.046356201171875 -0.0369338989257812
-0.0146484375 0.502349853515625 0.0726394653320313 0.0507888793945313
-0.17572021484375 0.597412109375 0.0198822021484375 0.185562133789063
-0.1036376953125 0.37286376953125 -0.369354248046875 0.471221923828125
-0.0416259765625 0.33587646484375 -0.154052734375 0.34979248046875
0.05340576171875 0.32659912109375 -0.0682601928710938 0.107269287109375
0.125198364257813 0.2266845703125 -0.120086669921875 0.0164260864257813
0.21044921875 0.18212890625 -0.226791381835937 -0.0168914794921875
0.27490234375 0.0624237060546875 -0.362335205078125 0.063262939453125
0.264816284179688 -0.035736083984375 -0.3470458984375 0.22613525390625
0.275009155273438 -0.050689697265625 -0.30389404296875 0.236328125
0.279876708984375 -0.0786895751953125 -0.290863037109375 0.212646484375
0.25262451171875 0.0337677001953125 -0.3077392578125 0.125030517578125
0.2322998046875 0.126541137695313 -0.21685791015625 0.047332763671875
0.166397094726562 0.1898193359375 -0.134513854980469 0.00628662109375002
0.044281005859375 0.300994873046875 -0.0370750427246094 0.00835037231445315
-0.032196044921875 0.299530029296875 0.0684356689453125 0.167694091796875
-0.109588623046875 0.389404296875 -0.05120849609375 0.350830078125
0.0309371948242187 0.120399475097656 -0.37603759765625 0.587890625
0.04937744140625 0.0926513671875 -0.146270751953125 0.446868896484375
0.02593994140625 0.0500869750976563 -0.064422607421875 0.16558837890625
0.0158290863037109 0.0348625183105469 -0.103302001953125 0.0536117553710937
0.042205810546875 0.0581932067871094 -0.230575561523438 -0.0254974365234375
0.092803955078125 0.0355072021484375 -0.398468017578125 0.077545166015625
0.0931930541992187 0.0194931030273437 -0.39154052734375 0.2645263671875
0.100982666015625 0.0154953002929688 -0.34912109375 0.26202392578125
0.126213073730469 0.0089263916015625 -0.352020263671875 0.22955322265625
0.0962905883789062 0.0628890991210938 -0.3575439453125 0.0987548828125001
0.053741455078125 0.0994186401367188 -0.23876953125 -0.00630187988281249
-0.00357818603515625 0.088134765625 -0.123222351074219 -0.00550079345703124
-0.0304718017578125 0.0683517456054687 -0.0282936096191406 0.0347194671630859
-0.0114288330078125 0.0660057067871094 0.0452423095703125 0.240768432617188
-0.0111236572265625 0.135604858398438 -0.106781005859375 0.4449462890625
-0.143798828125 0.146224975585938 0.081695556640625 -0.4957275390625
-0.0731658935546875 0.156600952148437 -0.04266357421875 -0.323974609375
0.0534210205078125 0.173233032226563 -0.000171661376953123 -0.0509834289550781
0.115325927734375 0.08184814453125 0.0686759948730469 0.0373611450195313
0.1094970703125 -0.0105743408203125 0.212600708007813 0.103225708007813
0.0540809631347656 -0.0454368591308594 0.37542724609375 -0.02386474609375
0.0641632080078125 -0.0777130126953125 0.374114990234375 -0.2303466796875
0.0868911743164063 -0.0731277465820313 0.34228515625 -0.254486083984375
0.0694122314453125 -0.0708694458007813 0.35919189453125 -0.26031494140625
0.099334716796875 -0.0362014770507813 0.363006591796875 -0.13153076171875
0.13287353515625 0.0092315673828125 0.221221923828125 -0.023590087890625
0.144256591796875 0.0955810546875 0.0834426879882813 -0.103050231933594
0.02130126953125 0.192306518554688 0.05859375 -0.2344970703125
-0.0554351806640625 0.160751342773438 0.108612060546875 -0.441314697265625
-0.107513427734375 0.120559692382813 0.39508056640625 -0.6156005859375
-0.2469482421875 0.37725830078125 0.06329345703125 -0.43829345703125
-0.158294677734375 0.3546142578125 -0.024078369140625 -0.30303955078125
0.051025390625 0.40655517578125 0.000873565673828121 -0.0682334899902343
0.186203002929688 0.25439453125 0.0396232604980469 0.0298728942871094
0.252151489257813 0.115432739257813 0.169082641601563 0.129531860351563
0.22601318359375 -0.013824462890625 0.325408935546875 0.012451171875
0.2303466796875 -0.12432861328125 0.32708740234375 -0.177581787109375
0.258377075195313 -0.132125854492188 0.283660888671875 -0.20294189453125
0.2327880859375 -0.149520874023438 0.29180908203125 -0.229278564453125
0.258529663085938 -0.0525360107421875 0.285003662109375 -0.122100830078125
0.298065185546875 0.04937744140625 0.163131713867188 -0.0210418701171875
0.293731689453125 0.1934814453125 0.029937744140625 -0.115798950195312
0.104705810546875 0.4044189453125 0.017486572265625 -0.250320434570313
-0.0555419921875 0.38787841796875 0.072235107421875 -0.440399169921875
-0.180877685546875 0.3868408203125 0.3359375 -0.57501220703125
-0.323577880859375 0.55841064453125 -0.000915527343750001 -0.312225341796875
-0.232208251953125 0.51885986328125 -0.025360107421875 -0.23052978515625
0.036376953125 0.6075439453125 0.00328826904296876 -0.0723800659179687
0.233245849609375 0.417205810546875 0.0105466842651367 0.0106334686279297
0.368408203125 0.2449951171875 0.101654052734375 0.124588012695313
0.377777099609375 0.03204345703125 0.22039794921875 0.0343780517578125
0.369293212890625 -0.147674560546875 0.223434448242188 -0.102432250976563
0.392303466796875 -0.172576904296875 0.18157958984375 -0.120361328125
0.357513427734375 -0.21826171875 0.184829711914063 -0.158554077148438
0.380279541015625 -0.08233642578125 0.170501708984375 -0.08270263671875
0.43609619140625 0.056427001953125 0.0853729248046875 -0.00439453125
0.42822265625 0.24102783203125 -0.0278167724609375 -0.105506896972656
0.20654296875 0.555206298828125 -0.0224151611328125 -0.2269287109375
-0.0202636718750001 0.56378173828125 0.04302978515625 -0.37286376953125
-0.2110595703125 0.60235595703125 0.256866455078125 -0.448822021484375
-0.348388671875 0.66363525390625 -0.0964431762695313 -0.128044128417969
-0.25518798828125 0.62646484375 -0.0480117797851563 -0.105644226074219
0.03900146484375 0.72930908203125 -0.00164794921875 -0.0539474487304687
0.267364501953125 0.52081298828125 -0.0240707397460937 -0.0118560791015625
0.442626953125 0.335205078125 0.01116943359375 0.0928573608398438
0.47808837890625 0.069366455078125 0.0694808959960938 0.0450172424316406
0.45416259765625 -0.148590087890625 0.0781173706054688 -0.0137481689453125
0.4681396484375 -0.18890380859375 0.0537071228027344 -0.0175628662109375
0.4263916015625 -0.2547607421875 0.0586433410644531 -0.0569496154785156
0.444610595703125 -0.099578857421875 0.0376129150390625 -0.0149993896484375
0.51055908203125 0.0528564453125 -0.00155830383300778 0.0285301208496094
0.501251220703125 0.253082275390625 -0.0776519775390625 -0.0715789794921875
0.27593994140625 0.621826171875 -0.0474395751953125 -0.171920776367188
0.01708984375 0.651123046875 0.0400848388671875 -0.251083374023437
-0.20745849609375 0.722412109375 0.174057006835938 -0.255538940429687
-0.30938720703125 0.6700439453125 -0.203948974609375 0.08868408203125
-0.219482421875 0.63446044921875 -0.0848236083984375 0.0538711547851563
0.05712890625 0.7239990234375 -0.0190505981445313 -0.0133533477783203
0.267120361328125 0.518310546875 -0.0659103393554688 -0.0229835510253906
0.44317626953125 0.350128173828125 -0.0915069580078125 0.04974365234375
0.495574951171875 0.084869384765625 -0.103843688964844 0.052490234375
0.465179443359375 -0.12994384765625 -0.083770751953125 0.0812225341796875
0.47149658203125 -0.17083740234375 -0.0812225341796875 0.08831787109375
0.43499755859375 -0.2406005859375 -0.0692100524902344 0.0562858581542968
0.441253662109375 -0.0836181640625 -0.0938186645507812 0.0629653930664063
0.496246337890625 0.063568115234375 -0.086273193359375 0.0636825561523438
0.4747314453125 0.246002197265625 -0.11346435546875 -0.0284881591796875
0.26593017578125 0.5943603515625 -0.05169677734375 -0.101631164550781
0.0267333984375001 0.62939453125 0.0582656860351562 -0.100189208984375
-0.18572998046875 0.72039794921875 0.0985031127929687 -0.0297927856445312
-0.21551513671875 0.569580078125 -0.293914794921875 0.302001953125
-0.131195068359375 0.53515625 -0.119110107421875 0.21551513671875
0.07354736328125 0.573974609375 -0.0438880920410156 0.0433425903320313
0.22210693359375 0.40399169921875 -0.10333251953125 -0.013458251953125
0.362548828125 0.285675048828125 -0.17919921875 0.0119476318359375
0.42303466796875 0.07464599609375 -0.258132934570312 0.0627288818359375
0.3973388671875 -0.095916748046875 -0.229385375976563 0.169219970703125
0.401702880859375 -0.1270751953125 -0.200439453125 0.179672241210938
0.381103515625 -0.178955078125 -0.185211181640625 0.155441284179688
0.374298095703125 -0.0338134765625 -0.208969116210937 0.119796752929687
0.3953857421875 0.09478759765625 -0.159149169921875 0.07659912109375
0.349639892578125 0.2291259765625 -0.131141662597656 0.00311279296875003
0.17633056640625 0.48089599609375 -0.0443344116210937 -0.0377273559570312
0.00338745117187497 0.501220703125 0.076324462890625 0.0456924438476563
-0.15045166015625 0.60186767578125 0.0287322998046875 0.184310913085938
-0.091217041015625 0.376922607421875 -0.3446044921875 0.479583740234375
-0.029449462890625 0.33642578125 -0.13616943359375 0.351959228515625
0.06732177734375 0.3248291015625 -0.0608596801757812 0.107154846191406
0.132431030273437 0.22247314453125 -0.11767578125 0.016510009765625
0.218048095703125 0.172882080078125 -0.227935791015625 -0.0106353759765625
0.279144287109375 0.0512237548828125 -0.359649658203125 0.078277587890625
0.266128540039063 -0.047454833984375 -0.33154296875 0.23785400390625
0.27276611328125 -0.0621490478515625 -0.2889404296875 0.244537353515625
0.274581909179688 -0.0904388427734375 -0.278549194335937 0.219863891601563
0.253768920898438 0.024383544921875 -0.29736328125 0.13623046875
0.236709594726563 0.116897583007813 -0.212432861328125 0.05352783203125
0.17218017578125 0.18341064453125 -0.133567810058594 0.0108184814453125
0.057647705078125 0.2978515625 -0.03399658203125 0.00716018676757814
-0.022552490234375 0.301025390625 0.076629638671875 0.162063598632813
-0.09344482421875 0.39361572265625 -0.036468505859375 0.350006103515625
0.0321502685546875 0.120254516601563 -0.34857177734375 0.59149169921875
0.0518875122070313 0.0909347534179688 -0.124725341796875 0.4486083984375
0.0287208557128906 0.0515861511230469 -0.0560302734375 0.165725708007813
0.0167121887207031 0.035552978515625 -0.100234985351563 0.0537490844726563
0.0459709167480469 0.0561027526855469 -0.233367919921875 -0.01885986328125
0.0961074829101563 0.0305709838867188 -0.395477294921875 0.095062255859375
0.0961685180664063 0.014556884765625 -0.3756103515625 0.27813720703125
0.102279663085938 0.0103912353515625 -0.33343505859375 0.271942138671875
0.126289367675781 0.0029296875 -0.337982177734375 0.2398681640625
0.09979248046875 0.0585403442382813 -0.349090576171875 0.113128662109375
0.0588531494140625 0.097503662109375 -0.238052368164063 0.00236511230468753
0.000976562499999994 0.0888137817382813 -0.120750427246094 -0.00138854980468748
-0.0260543823242187 0.0705795288085938 -0.0250072479248047 0.0341224670410156
-0.00996017456054688 0.0689544677734375 0.0557098388671875 0.235824584960938
-0.00688171386718751 0.138648986816406 -0.089813232421875 0.445220947265625
-0.13818359375 0.151214599609375 0.067230224609375 -0.504150390625
-0.0696563720703125 0.1578369140625 -0.05389404296875 -0.326171875
0.0576934814453125 0.171127319335938 -0.00255203247070313 -0.052947998046875
0.116584777832031 0.0786972045898438 0.0694313049316407 0.0366973876953125
0.106956481933594 -0.0124740600585938 0.220947265625 0.098419189453125
0.0522651672363281 -0.0442237854003906 0.381622314453125 -0.03753662109375
0.061492919921875 -0.0790481567382813 0.369171142578125 -0.244354248046875
0.0840835571289063 -0.0773696899414062 0.336029052734375 -0.267364501953125
0.0681610107421875 -0.0737762451171875 0.354034423828125 -0.27374267578125
0.0994338989257813 -0.039306640625 0.3638916015625 -0.1455078125
0.134262084960938 0.004119873046875 0.227264404296875 -0.03082275390625
0.149429321289063 0.0910491943359375 0.0805206298828125 -0.104286193847656
0.028656005859375 0.193740844726563 0.0513153076171875 -0.235855102539063
-0.0504608154296875 0.162246704101563 0.095367431640625 -0.447418212890625
-0.102409362792969 0.123649597167969 0.3804931640625 -0.6279296875
-0.234375 0.38873291015625 0.05157470703125 -0.4449462890625
-0.148712158203125 0.361083984375 -0.03436279296875 -0.306121826171875
0.06353759765625 0.406463623046875 -0.00123596191406249 -0.071441650390625
0.1925048828125 0.2506103515625 0.0395317077636719 0.0285453796386719
0.255386352539063 0.109115600585938 0.177825927734375 0.126373291015625
0.22711181640625 -0.0172576904296875 0.331756591796875 0.000762939453124999
0.22845458984375 -0.131515502929688 0.324493408203125 -0.190216064453125
0.255691528320313 -0.142745971679687 0.278579711914063 -0.214004516601563
0.230331420898438 -0.159469604492188 0.285186767578125 -0.2423095703125
0.260025024414063 -0.0600128173828125 0.28594970703125 -0.13421630859375
0.302978515625 0.039642333984375 0.168807983398438 -0.027618408203125
0.3028564453125 0.18603515625 0.025543212890625 -0.11688232421875
0.119384765625 0.404571533203125 0.010528564453125 -0.252716064453125
-0.045074462890625 0.392578125 0.059356689453125 -0.4453125
-0.169708251953125 0.396453857421875 0.3228759765625 -0.58612060546875
-0.30743408203125 0.572021484375 -0.00888061523437502 -0.316070556640625
-0.216278076171875 0.529449462890625 -0.0323486328125 -0.232086181640625
0.0560302734375 0.60992431640625 0.00135040283203125 -0.0770034790039062
0.24554443359375 0.413787841796875 0.00930213928222658 0.00743103027343752
0.376922607421875 0.237274169921875 0.10882568359375 0.12237548828125
0.383056640625 0.02398681640625 0.22576904296875 0.026519775390625
0.368682861328125 -0.159912109375 0.223480224609375 -0.112106323242188
0.389312744140625 -0.18927001953125 0.1787109375 -0.127883911132813
0.353240966796875 -0.23260498046875 0.179336547851563 -0.168243408203125
0.381988525390625 -0.092498779296875 0.17108154296875 -0.091033935546875
0.441925048828125 0.043304443359375 0.0898818969726563 -0.00913238525390625
0.441650390625 0.230987548828125 -0.0332794189453125 -0.104881286621094
0.22735595703125 0.55328369140625 -0.0284271240234375 -0.230453491210937
-0.00488281250000003 0.570068359375 0.033843994140625 -0.37701416015625
-0.19244384765625 0.61444091796875 0.246917724609375 -0.4576416015625
-0.329833984375 0.683837890625 -0.099456787109375 -0.128227233886719
-0.23858642578125 0.6387939453125 -0.0502548217773438 -0.105384826660156
0.06402587890625 0.73291015625 -0.00242996215820312 -0.0588569641113281
0.281524658203125 0.51776123046875 -0.0255107879638672 -0.0148849487304687
0.45556640625 0.3248291015625 0.0158843994140625 0.093048095703125
0.486175537109375 0.057861328125 0.0725860595703125 0.0423965454101563
0.456024169921875 -0.164947509765625 0.0811080932617188 -0.0171051025390625
0.466156005859375 -0.209197998046875 0.0538253784179688 -0.0207862854003906
0.422210693359375 -0.270263671875 0.055328369140625 -0.0619277954101563
0.447235107421875 -0.111724853515625 0.039794921875 -0.0181617736816406
0.51812744140625 0.0382080078125 0.00233268737792972 0.0259761810302734
0.515380859375 0.24261474609375 -0.0824050903320312 -0.0691452026367187
0.2979736328125 0.61785888671875 -0.0504608154296875 -0.175216674804687
0.03369140625 0.6578369140625 0.0344390869140625 -0.255203247070312
-0.18798828125 0.73724365234375 0.169998168945313 -0.260543823242187
-0.2919921875 0.689697265625 -0.2008056640625 0.0924072265625001
-0.2017822265625 0.64947509765625 -0.0816726684570313 0.0563507080078125
0.0836791992187499 0.73114013671875 -0.0180110931396484 -0.0169506072998046
0.28509521484375 0.518280029296875 -0.0675277709960937 -0.0255050659179687
0.4591064453125 0.340423583984375 -0.0902862548828125 0.0521697998046875
0.506927490234375 0.072021484375 -0.103012084960937 0.0564956665039062
0.469879150390625 -0.14697265625 -0.0782394409179687 0.083984375
0.47021484375 -0.190765380859375 -0.0779647827148437 0.0899200439453125
0.431121826171875 -0.257476806640625 -0.0690956115722656 0.0564651489257812
0.444549560546875 -0.09503173828125 -0.089752197265625 0.064422607421875
0.503997802734375 0.04913330078125 -0.0832290649414062 0.0643463134765625
0.4864501953125 0.23760986328125 -0.116600036621094 -0.02459716796875
0.28778076171875 0.59051513671875 -0.0529327392578125 -0.104621887207031
0.04229736328125 0.635498046875 0.0575103759765625 -0.104415893554687
-0.166015625 0.7354736328125 0.100181579589844 -0.0322723388671875
-0.2010498046875 0.5859375 -0.285308837890625 0.310577392578125
-0.116943359375 0.54443359375 -0.111419677734375 0.220977783203125
0.0953369140625 0.5777587890625 -0.0412559509277344 0.04205322265625
0.234527587890625 0.40423583984375 -0.104560852050781 -0.014404296875
0.37646484375 0.27789306640625 -0.182144165039062 0.0162811279296875
0.432647705078125 0.06231689453125 -0.259811401367188 0.0729522705078125
0.402679443359375 -0.111572265625 -0.222518920898437 0.17718505859375
0.4033203125 -0.1434326171875 -0.19561767578125 0.186019897460938
0.378814697265625 -0.19482421875 -0.18267822265625 0.159423828125
0.37872314453125 -0.0435791015625 -0.205062866210937 0.12615966796875
0.402557373046875 0.08404541015625 -0.1575927734375 0.07977294921875
0.359527587890625 0.2232666015625 -0.133224487304687 0.00708007812499999
0.194061279296875 0.48095703125 -0.0437393188476562 -0.0408363342285156
0.01641845703125 0.50946044921875 0.0807418823242188 0.042083740234375
-0.13427734375 0.61456298828125 0.0359039306640625 0.185745239257813
-0.082275390625 0.3858642578125 -0.3319091796875 0.49066162109375
-0.02008056640625 0.341949462890625 -0.12371826171875 0.359375
0.079559326171875 0.328033447265625 -0.0567703247070312 0.10748291015625
0.139083862304688 0.223541259765625 -0.117790222167969 0.016357421875
0.228118896484375 0.168075561523438 -0.23297119140625 -0.00532531738281252
0.28558349609375 0.042022705078125 -0.36334228515625 0.0923461914062501
0.271270751953125 -0.0583343505859375 -0.32391357421875 0.250946044921875
0.275527954101563 -0.07305908203125 -0.28253173828125 0.2535400390625
0.27423095703125 -0.101455688476563 -0.273635864257813 0.227783203125
0.259353637695313 0.0179290771484375 -0.293548583984375 0.14630126953125
0.243301391601563 0.111663818359375 -0.212677001953125 0.059112548828125
0.179489135742188 0.182037353515625 -0.133895874023438 0.0141220092773437
0.068939208984375 0.299102783203125 -0.0323085784912109 0.00480079650878908
-0.015899658203125 0.30755615234375 0.083343505859375 0.159713745117188
-0.082550048828125 0.4034423828125 -0.0262451171875 0.35491943359375
0.03363037109375 0.122398376464844 -0.33355712890625 0.60394287109375
0.05340576171875 0.0915603637695313 -0.110382080078125 0.454864501953125
0.03155517578125 0.0536918640136719 -0.050323486328125 0.16790771484375
0.0178756713867188 0.0375251770019531 -0.0994338989257813 0.053985595703125
0.0498695373535156 0.0551834106445313 -0.240493774414063 -0.013427734375
0.0995330810546875 0.0271682739257813 -0.39947509765625 0.11090087890625
0.100784301757813 0.0104904174804688 -0.36669921875 0.293212890625
0.106269836425781 0.006561279296875 -0.326416015625 0.282501220703125
0.127479553222656 -0.00205230712890625 -0.33160400390625 0.250823974609375
0.104728698730469 0.0559158325195312 -0.347412109375 0.124481201171875
0.0636978149414063 0.0972900390625 -0.24078369140625 0.00936889648437501
0.00383758544921874 0.0912322998046875 -0.12078857421875 0.00210571289062498
-0.0232315063476562 0.0732040405273438 -0.0232257843017578 0.0333824157714844
-0.00827789306640625 0.0728912353515625 0.064453125 0.235000610351562
-0.00343322753906249 0.14361572265625 -0.07794189453125 0.45196533203125
-0.132888793945313 0.15972900390625 0.0487060546875 -0.520355224609375
-0.0653228759765625 0.162765502929688 -0.069854736328125 -0.332305908203125
0.0641937255859375 0.1710205078125 -0.00574874877929687 -0.0552749633789062
0.120468139648438 0.0752410888671875 0.0714492797851563 0.0358200073242188
0.105735778808594 -0.0151138305664062 0.233566284179688 0.0923309326171875
0.0512123107910156 -0.0434188842773438 0.392913818359375 -0.056488037109375
0.058807373046875 -0.0821990966796875 0.367034912109375 -0.267364501953125
0.0819549560546875 -0.083251953125 0.330780029296875 -0.287139892578125
0.06707763671875 -0.0790634155273438 0.3497314453125 -0.296142578125
0.09912109375 -0.0440216064453125 0.3680419921875 -0.167510986328125
0.137863159179688 -0.00284576416015625 0.235763549804688 -0.04180908203125
0.15765380859375 0.085601806640625 0.077728271484375 -0.108322143554687
0.038848876953125 0.19732666015625 0.0428466796875 -0.240707397460938
-0.0447845458984375 0.166534423828125 0.07965087890625 -0.4609375
-0.0984268188476562 0.130294799804688 0.3653564453125 -0.65472412109375
-0.2218017578125 0.407867431640625 0.035430908203125 -0.45989990234375
-0.137237548828125 0.374237060546875 -0.04736328125 -0.312255859375
0.08172607421875 0.411651611328125 -0.00482940673828125 -0.0757980346679687
0.203964233398438 0.2490234375 0.0401954650878906 0.0274391174316406
0.263656616210938 0.102630615234375 0.190292358398438 0.1224365234375
0.232742309570312 -0.023101806640625 0.3426513671875 -0.01507568359375
0.228286743164063 -0.143798828125 0.324462890625 -0.20892333984375
0.255050659179688 -0.1583251953125 0.275177001953125 -0.231369018554688
0.230026245117188 -0.174270629882813 0.279891967773438 -0.2620849609375
0.264495849609375 -0.07073974609375 0.2890625 -0.15203857421875
0.312530517578125 0.027862548828125 0.175811767578125 -0.0370941162109375
0.320465087890625 0.17822265625 0.0197830200195313 -0.11865234375
0.140899658203125 0.409942626953125 0.000732421874999993 -0.25909423828125
-0.03204345703125 0.40435791015625 0.0435791015625 -0.4561767578125
-0.156097412109375 0.413360595703125 0.3074951171875 -0.61004638671875
-0.2886962890625 0.60064697265625 -0.02093505859375 -0.324554443359375
-0.199188232421875 0.5511474609375 -0.041412353515625 -0.236770629882812
0.08349609375 0.61968994140625 -0.00152587890624999 -0.0822982788085937
0.26495361328125 0.415008544921875 0.00884437561035158 0.00513172149658206
0.394805908203125 0.226837158203125 0.119796752929688 0.120513916015625
0.3944091796875 0.013336181640625 0.234390258789063 0.016632080078125
0.371978759765625 -0.17974853515625 0.226119995117188 -0.125320434570312
0.39056396484375 -0.2127685546875 0.177337646484375 -0.138992309570313
0.352447509765625 -0.254364013671875 0.174331665039063 -0.181396484375
0.389251708984375 -0.108673095703125 0.1734619140625 -0.10302734375
0.456512451171875 0.0252685546875 0.0952911376953125 -0.0154647827148437
0.463348388671875 0.2205810546875 -0.0396957397460937 -0.103805541992188
0.25848388671875 0.557403564453125 -0.0379791259765625 -0.236663818359375
0.0159912109375 0.58612060546875 0.019866943359375 -0.38726806640625
-0.17218017578125 0.63916015625 0.236297607421875 -0.4759521484375
-0.3094482421875 0.71514892578125 -0.105148315429688 -0.128578186035156
-0.215576171875 0.66326904296875 -0.0544662475585937 -0.105987548828125
0.099853515625 0.7476806640625 -0.00408935546875 -0.0638351440429687
0.306304931640625 0.520599365234375 -0.027597427368164 -0.0172405242919922
0.481109619140625 0.3140869140625 0.0225982666015625 0.0939865112304688
0.503387451171875 0.042449951171875 0.0766677856445313 0.0402069091796875
0.463043212890625 -0.189788818359375 0.0851974487304688 -0.022613525390625
0.468353271484375 -0.236053466796875 0.0543899536132813 -0.0247268676757813
0.420013427734375 -0.296478271484375 0.0516777038574219 -0.0676651000976563
0.456146240234375 -0.130035400390625 0.0415420532226563 -0.0229682922363281
0.533599853515625 0.01727294921875 0.00597190856933597 0.0238456726074219
0.539825439453125 0.227630615234375 -0.089111328125 -0.0658416748046875
0.33355712890625 0.6217041015625 -0.0577850341796875 -0.180831909179687
0.0599365234375 0.67608642578125 0.026397705078125 -0.263580322265625
-0.16094970703125 0.76397705078125 0.165328979492188 -0.271713256835938
-0.27056884765625 0.72161865234375 -0.19989013671875 0.100784301757813
-0.1778564453125 0.67254638671875 -0.07958984375 0.0607147216796875
0.1187744140625 0.7454833984375 -0.0177040100097656 -0.020364761352539
0.3084716796875 0.522430419921875 -0.0709762573242187 -0.027099609375
0.486053466796875 0.32891845703125 -0.0891036987304687 0.056884765625
0.525115966796875 0.0555419921875 -0.103546142578125 0.063262939453125
0.477813720703125 -0.17388916015625 -0.0730819702148437 0.0870590209960938
0.47467041015625 -0.21923828125 -0.0749740600585937 0.0941009521484375
0.43048095703125 -0.283416748046875 -0.070587158203125 0.05859375
0.45458984375 -0.11376953125 -0.0881881713867187 0.0681381225585937
0.518829345703125 0.029266357421875 -0.08111572265625 0.0666046142578125
0.507965087890625 0.224517822265625 -0.121864318847656 -0.0198211669921875
0.32177734375 0.59246826171875 -0.0571746826171875 -0.110084533691406
0.067626953125 0.65362548828125 0.0559158325195313 -0.110969543457031
-0.13897705078125 0.76348876953125 0.102989196777344 -0.035125732421875
-0.1834716796875 0.61163330078125 -0.277069091796875 0.32684326171875
-0.0970458984375 0.56427001953125 -0.102783203125 0.229827880859375
0.12420654296875 0.5899658203125 -0.039215087890625 0.0414276123046875
0.25537109375 0.408721923828125 -0.108062744140625 -0.0146408081054687
0.400360107421875 0.268280029296875 -0.18621826171875 0.0237884521484375
0.4495849609375 0.047027587890625 -0.2645263671875 0.0880737304687501
0.412017822265625 -0.13409423828125 -0.216888427734375 0.189620971679688
0.409027099609375 -0.167633056640625 -0.191497802734375 0.19622802734375
0.380035400390625 -0.216094970703125 -0.181381225585937 0.169296264648438
0.3885498046875 -0.058685302734375 -0.20263671875 0.136260986328125
0.417510986328125 0.070037841796875 -0.157882690429687 0.0860137939453125
0.37750244140625 0.216064453125 -0.136520385742187 0.0132904052734375
0.2200927734375 0.48419189453125 -0.044891357421875 -0.0445518493652344
0.0348815917968751 0.52423095703125 0.0849761962890625 0.037689208984375
-0.11151123046875 0.63861083984375 0.044830322265625 0.189727783203125
-0.07073974609375 0.402008056640625 -0.31829833984375 0.51104736328125
-0.00775146484374999 0.35211181640625 -0.110504150390625 0.37261962890625
0.097412109375 0.33551025390625 -0.052642822265625 0.110504150390625
0.151092529296875 0.22705078125 -0.120094299316406 0.0181655883789062
0.243301391601563 0.1622314453125 -0.241744995117187 0.003753662109375
0.297576904296875 0.03070068359375 -0.370758056640625 0.113128662109375
0.278823852539063 -0.0740509033203125 -0.317596435546875 0.26885986328125
0.2813720703125 -0.089202880859375 -0.277786254882813 0.268951416015625
0.277664184570313 -0.1156005859375 -0.27093505859375 0.2430419921875
0.269287109375 0.0088043212890625 -0.293548583984375 0.160308837890625
0.255416870117188 0.104446411132813 -0.216278076171875 0.0673370361328126
0.192718505859375 0.181991577148437 -0.135932922363281 0.0201187133789062
0.084228515625 0.30413818359375 -0.0319461822509766 0.00296211242675782
-0.00424194335937502 0.31878662109375 0.0928802490234375 0.158248901367188
-0.06781005859375 0.419891357421875 -0.013641357421875 0.36480712890625
0.0368194580078125 0.126808166503906 -0.31689453125 0.6270751953125
0.0573959350585937 0.0924606323242187 -0.092315673828125 0.469482421875
0.0352363586425781 0.0554008483886719 -0.043609619140625 0.173309326171875
0.0193023681640625 0.0398902893066406 -0.100013732910156 0.0564804077148438
0.0547676086425781 0.0537338256835938 -0.2508544921875 -0.00392150878906253
0.104515075683594 0.0219650268554688 -0.4085693359375 0.133819580078125
0.106399536132813 0.00417327880859375 -0.360748291015625 0.31439208984375
0.111160278320313 0.0012359619140625 -0.320892333984375 0.301116943359375
0.131675720214844 -0.00843048095703125 -0.3284912109375 0.26934814453125
0.11199951171875 0.0530242919921875 -0.3494873046875 0.142059326171875
0.071014404296875 0.0971221923828125 -0.246231079101563 0.0190887451171875
0.00902557373046876 0.0949172973632813 -0.121833801269531 0.00673675537109377
-0.0201187133789062 0.0771636962890625 -0.0219535827636719 0.0328655242919922
-0.0058441162109375 0.078765869140625 0.076324462890625 0.23638916015625
0.00201416015625001 0.150222778320313 -0.062652587890625 0.468414306640625
0.204451431623471 0.0785559963473483 0.46812239301242 -0.295983482380852
0.190021052734249 -0.022431898292552 0.259162130665952 -0.271773235461818
0.104852677423861 -0.151583471270135 0.00333187645063396 -0.0416029472071219
-0.0295624696584046 -0.158526922420322 -0.0293857685818499 0.106092782389209
-0.113050306408842 -0.0693691974226802 0.0538855176396686 0.289606248649671
-0.106014892211579 -0.0114668147316005 0.243031703592032 0.337893227049921
-0.126189096743953 0.00875757800993196 0.393338356854819 0.265155240251767
-0.133404618143908 0.0207355913206294 0.448881787162884 0.184765870026925
-0.138794235458534 0.00371875921743021 0.432071616779853 0.208131270034693
-0.118322180540696 -0.031998856997287 0.321079106653444 0.244487113590914
-0.11047633109671 -0.0973723454256456 0.148643140646399 0.215456837794672
-0.0348671797359489 -0.183833179921654 0.109404843956751 0.0228667718291551
0.0937882443358817 -0.156587104954742 0.202187280620474 -0.112569408991569
0.145258501525258 -0.0436779231377565 0.433816016277709 -0.187877782698862
0.138240391728318 0.0432156518869838 0.730285004030991 -0.13732744395713
0.455447265166539 0.00570155536971755 0.381851264844147 -0.304486342179709
0.405730955542232 -0.107045700438353 0.22626306407882 -0.278359704950472
0.293408676731673 -0.313490208969934 -0.0339186496082815 -0.0745753012198078
0.0623506800621148 -0.357609116970818 -0.0942043372634285 0.0733844604567553
-0.143706652356766 -0.276715240186913 -0.0220883513538162 0.28828111116446
-0.202847318041732 -0.168022412384621 0.166530755253743 0.337348373771568
-0.273632957613731 -0.111672366232575 0.307722842136135 0.271483645941906
-0.300243802461655 -0.0583397395693162 0.365735361351572 0.178579040229393
-0.313771608250737 -0.0793341766840376 0.362893302263915 0.180119961382885
-0.245663464626346 -0.147168210989705 0.252230666746513 0.202685320460363
-0.209174060016022 -0.247241860914461 0.0934236623120184 0.175614862431671
-0.0553086818077948 -0.382649741737453 0.0576709234766013 -0.0302896632233102
0.16106276500008 -0.380323102561993 0.171513692306138 -0.165398289046444
0.319559650040198 -0.200140641568924 0.399436039355035 -0.242165270714915
0.389730692972921 -0.0613362473635202 0.66666434920479 -0.182961830286406
0.652502464293315 -0.0644387141476428 0.213454903945742 -0.297944987421087
0.588547861938837 -0.180844006024096 0.137414761188604 -0.265714172045777
0.464678831993086 -0.442692087995493 -0.0741613227456688 -0.097402846202544
0.164528565190512 -0.530616834711019 -0.142367428192325 0.0290923785246125
-0.146844722828573 -0.466735806811667 -0.0847274346374363 0.238463533113226
-0.270844254725145 -0.318080499006111 0.0708984923446123 0.276124079714702
-0.381030938717966 -0.22528470859879 0.177407093979679 0.2294123629389
-0.423999413825455 -0.127667812057414 0.227558223753907 0.145385680100547
-0.448552796624651 -0.140104798091502 0.23737885569815 0.132882790527719
-0.353204948455894 -0.2248673035553 0.141606649763791 0.145092824069702
-0.306821883141728 -0.351388611870669 0.0173572431768615 0.124976053048466
-0.106907628213404 -0.535487358368625 -0.00937776539944329 -0.0676551543045736
0.174030511257313 -0.568757248992765 0.112991698698689 -0.186558712464541
0.430177577614857 -0.350576518483366 0.314398645581078 -0.24227232906043
0.574309574052926 -0.172351383025536 0.522732549763786 -0.178534922614938
0.762167760978613 -0.134367692904431 -0.0172552636809882 -0.267374635835083
0.689739038764562 -0.256464010792262 -0.00712271312141843 -0.225917184084087
0.561682151823694 -0.537037832769945 -0.123861172387707 -0.0997614041402506
0.227937881259733 -0.645257349680003 -0.173656441273832 -0.0180184328510417
-0.139851039147932 -0.594154412805748 -0.133655517245592 0.143504331354589
-0.304874207499124 -0.420389567085222 -0.0370694797496569 0.160130824433882
-0.433004672469799 -0.307304029294888 0.0163811864928869 0.146270998657889
-0.484603083463876 -0.177359005525468 0.0536590393904463 0.0924483264032282
-0.516252483010462 -0.177920160727974 0.0748049353249535 0.0784836191146233
-0.408812917246619 -0.270861287423662 0.00157619976615013 0.0810835792299438
-0.362543614198266 -0.402575873636813 -0.0731601437653533 0.0692710195108459
-0.145410366257949 -0.606964612971257 -0.0805768426616222 -0.0866085472488599
0.16315320284023 -0.668470062598877 0.0469235334261819 -0.169978477212935
0.470977145442473 -0.446526513714987 0.202053192471547 -0.180463360817274
0.668343471534997 -0.257017813335483 0.321344991442413 -0.119952245429053
0.754373058953793 -0.195466766460991 -0.273080101478042 -0.208908963319946
0.671560254210341 -0.310007182691318 -0.183225181275431 -0.157721994570658
0.548989630922625 -0.556534724731982 -0.17433897213341 -0.0826498856366304
0.231838558664961 -0.648075461436123 -0.188127347697369 -0.0616199693720265
-0.123007595687548 -0.609162218299952 -0.168131473098603 0.0179852022452793
-0.291811596835659 -0.44520814455375 -0.147318779059311 0.0115896099749837
-0.418361146465326 -0.335785856984836 -0.150926983344606 0.0372259587068967
-0.469296037205343 -0.203541172709166 -0.126626389186324 0.0269936146151727
-0.499579475719173 -0.201401090694708 -0.0990075047721799 0.0193584557562418
-0.389319125162766 -0.287677640254565 -0.141776383823976 0.0142118598750276
-0.338126031284015 -0.403127818567261 -0.158400731474928 0.00618917003382686
-0.1254835540637 -0.581823813953532 -0.135827974487345 -0.0957110929686542
0.15620706047109 -0.643822739649949 -0.00781913407099327 -0.128106397393804
0.447363157674566 -0.446601383948624 0.0867089877574686 -0.072838455207754
0.657325212931659 -0.285231204820661 0.100541106076502 -0.0220319203046765
0.624819401892852 -0.231839669113428 -0.50513092748584 -0.122824116265175
0.527545403177773 -0.319453414992889 -0.347004543164422 -0.0640716076584197
0.417889585428892 -0.473812631285753 -0.209192333528637 -0.0485421019983172
0.176128082877975 -0.522541600476641 -0.182281334385867 -0.0887121228625415
-0.0924276180154941 -0.500365259701382 -0.184242240967334 -0.103267935442147
-0.231551977432752 -0.381958565594304 -0.241163836692756 -0.133076642763684
-0.34033050445067 -0.305324634156114 -0.297642202012394 -0.0727164159620116
-0.383190587671197 -0.198503515763555 -0.286697502389747 -0.0419212510638921
-0.402767311473549 -0.203383499417488 -0.251721397161881 -0.0452255041906209
-0.298621782165328 -0.27928719482547 -0.255444011240236 -0.0613296582411817
-0.234287765504153 -0.35851358741981 -0.210669046224688 -0.069790558090201
-0.0481163268808473 -0.466420860110047 -0.155012449874083 -0.104727361165508
0.159377554875688 -0.500954394750415 -0.0397514948101094 -0.0809317060741807
0.369957716566144 -0.35136326731574 -0.0165947309312984 0.0409464889200092
0.549205202520693 -0.253828991560022 -0.108987591332811 0.0843719138531888
0.394312571650031 -0.227994275443451 -0.67005554490508 -0.0184246960450682
0.294041418965619 -0.266595062867912 -0.462595310475681 0.0455209090878144
0.2220268902787 -0.301150389944926 -0.220513031773414 -0.000930266154917312
0.0974421483226055 -0.302500345248496 -0.157620955435818 -0.0884615873608071
-0.0444601015380418 -0.304423670474663 -0.178895277069078 -0.189866049834053
-0.133685273934434 -0.255454600884164 -0.303198486262141 -0.237704762796305
-0.205908408773554 -0.22418998435642 -0.401439789038748 -0.161969555073732
-0.236906896178901 -0.165151166698429 -0.401536873307105 -0.104032879410731
-0.246380347524511 -0.179941758996732 -0.359448983585552 -0.113592920699057
-0.161559815075569 -0.233470210944088 -0.313915559507443 -0.14547874748222
-0.0929386811180092 -0.263901565552123 -0.211267528231482 -0.152625285418592
0.0413839546678199 -0.284899955484882 -0.132932545193004 -0.116711353967728
0.141637348559375 -0.281396577735255 -0.047969729447852 -0.0411937185286835
0.239411418559198 -0.203047545478781 -0.102832430429469 0.128656119350314
0.360137614767543 -0.182758362795214 -0.281685758838786 0.17049646909723
0.110259221131898 -0.175293718607769 -0.740776856325498 0.0882068100880422
0.0349262072499182 -0.155341439125534 -0.511489917787078 0.155759306765567
0.0250669930120912 -0.0813603104152275 -0.203953331266339 0.0581991905374804
0.0295226832036244 -0.0540026966343836 -0.115477459481562 -0.0620229762243265
0.0216357768399119 -0.0847343649989307 -0.155445184463419 -0.230928735659838
-0.00910156192739155 -0.103102559522241 -0.326436332787467 -0.28981898609601
-0.0366785049910914 -0.117100633287524 -0.448338867836613 -0.21361645856837
-0.056207431964168 -0.105523383985154 -0.455628212151909 -0.149088449854602
-0.0607815596181518 -0.120583034632085 -0.406284164370777 -0.177166999313481
-0.0181169210749367 -0.13886705817104 -0.312569750195063 -0.222007528792088
0.0328892765647563 -0.121788331172658 -0.163033186994141 -0.223490579695277
0.0836167257099129 -0.0713075416916844 -0.0793408390884387 -0.118921037529552
0.0687352838934198 -0.0472379807324726 -0.042954915773375 -0.00789106629643804
0.0612855806283809 -0.0585671041413203 -0.167417865079813 0.179561235966904
0.116593223269095 -0.102754813536361 -0.397181845096269 0.223252178986694
0.208878983709956 0.0628344354165248 0.452906815892763 -0.332244875467788
0.188271406053329 -0.0351291056774383 0.241396326975358 -0.292988554409075
0.0943470718011215 -0.158312582253032 0.00149764032210637 -0.0438292353419143
-0.0398575035252084 -0.156228579859369 -0.0224591503425495 0.108799224999318
-0.116038368399839 -0.0620153872265965 0.0781985322515237 0.28921820384237
-0.106313319506131 -0.0062105262599164 0.274079895860399 0.323231229048542
-0.126130340852252 0.0176654746902275 0.415612263499177 0.236132885758938
-0.13174905411223 0.032155882002468 0.463388148079131 0.153470103598097
-0.13912324221999 0.0158733543370167 0.452105920497007 0.176554740501857
-0.121126312114361 -0.0234732767364364 0.344470738007236 0.223169680586424
-0.119071233853433 -0.0886683134312024 0.170158873548596 0.208249486391703
-0.0502172311780231 -0.181889086462091 0.109997073071068 0.0162128716269183
0.08222705692892 -0.165671214799628 0.194396061773812 -0.126079268149625
0.142623927785094 -0.0529240450981168 0.423392961803047 -0.219183031991989
0.141393364904891 0.0326882259535796 0.725957906130157 -0.187471327554873
0.457870882357591 -0.0292256276655177 0.365213934448012 -0.333894036635149
0.400060961164143 -0.135560227127215 0.208503467930586 -0.296814682930033
0.271930559726975 -0.334811015514609 -0.0367271135517143 -0.0739997955571364
0.039932504371469 -0.364176852092245 -0.0891452417613328 0.0782953971623785
-0.162497140662165 -0.268268403691345 0.00228502029877412 0.29423535656475
-0.216175667001817 -0.158474848620085 0.19533935810482 0.328942348175211
-0.284368293549963 -0.093339193308426 0.331575542522594 0.249867201798169
-0.307152559275279 -0.0349722163624969 0.380511666751685 0.152631113308553
-0.323383970391667 -0.0563784902147582 0.378885234898166 0.153341810724679
-0.258510420099246 -0.132800497786173 0.272237306013574 0.186021922967079
-0.229317410710438 -0.234430728150023 0.111081680495831 0.172029900541833
-0.0859426486013893 -0.383042633424964 0.0538941622943206 -0.0334121197895176
0.133878702122947 -0.396979662125503 0.161856401978711 -0.178896495084604
0.310113907649381 -0.223103437540003 0.38517013892964 -0.272438443620817
0.389612492520342 -0.092226290940268 0.659087550564689 -0.229089772667082
0.655488656774768 -0.113762327198674 0.196702889195817 -0.315271603108072
0.577936820958272 -0.224572115963288 0.120546306757743 -0.276099629651162
0.433198613090542 -0.478792096512295 -0.0776508731545982 -0.094039069800094
0.131508029729825 -0.546030140970503 -0.14011100624068 0.0354771147218417
-0.18076536728415 -0.459984577646964 -0.0644806550997028 0.248655204521183
-0.295922311461016 -0.305182866168081 0.0930413982568796 0.273944281195942
-0.403423148529513 -0.200868020139072 0.198383908192981 0.218940141965676
-0.43765579730828 -0.0954078381197758 0.239450919842895 0.128528242981586
-0.464065584823751 -0.106648262819956 0.248841505973822 0.11463205755888
-0.373557912345724 -0.204772034235549 0.155912145032453 0.134943386298377
-0.337086075472482 -0.33268472510368 0.0304969521713817 0.125447761410493
-0.147863384316342 -0.534726171425505 -0.0169985709208601 -0.0665705465762134
0.135336830807477 -0.586887424895424 0.102378682345565 -0.197411686488594
0.411906648377832 -0.383619116969218 0.300319245302554 -0.266960242986452
0.569746382514245 -0.218455546912723 0.513054586738101 -0.216672273792667
0.761636689197158 -0.19349590579064 -0.0339883753221393 -0.268014784714399
0.677426087496724 -0.305485457190366 -0.0218829688118919 -0.225823183324247
0.525141480236335 -0.583274423336817 -0.128223584564174 -0.0928049285198645
0.189024441914816 -0.66789903312174 -0.175287987349801 -0.0094733789549227
-0.184390029625671 -0.58903268002676 -0.12089230115182 0.156279484258727
-0.338328260650903 -0.406696531330098 -0.0253951685200363 0.165100917100937
-0.463537652426137 -0.277876578140815 0.0314988520699641 0.146421670528687
-0.504335379564039 -0.141690896328455 0.0621851670372286 0.0884268176415707
-0.535932938037296 -0.142213225590241 0.0806928390060448 0.0711942596346691
-0.433340526655594 -0.24679946496325 0.00915201918781708 0.0811499567366832
-0.396147611792728 -0.381346714022217 -0.0657651888903234 0.0748164328274014
-0.191364540206772 -0.606023607980831 -0.0895826272416543 -0.0802141193708963
0.116763914592494 -0.688655420519112 0.037289808358428 -0.177576530516207
0.445885350235214 -0.485246639022909 0.191054640586615 -0.196871991205097
0.65740943163936 -0.309862380575709 0.315532047057928 -0.142418672077688
0.749342226461037 -0.255212473921201 -0.288319428305762 -0.190748680788493
0.65630221542034 -0.361056385752897 -0.19422688181178 -0.143326544393423
0.512386462810657 -0.601308649283679 -0.177368295041002 -0.0722665077757953
0.191569264146937 -0.673716261190114 -0.192437973967423 -0.0521098215643156
-0.171012339346497 -0.605652792105581 -0.165934894426823 0.0317457367723397
-0.328228838063745 -0.431746264767945 -0.149320116062848 0.0237549100389109
-0.451928271699701 -0.309051542536686 -0.144948005526833 0.0490840632676378
-0.491042268210763 -0.168712918780133 -0.123863164807858 0.035663920820261
-0.520498165458234 -0.165333496507072 -0.0986677473297129 0.0243454650643494
-0.415502227784754 -0.266412002354193 -0.140888518094167 0.0241875267206582
-0.371518500407181 -0.38424747210665 -0.157107352956726 0.0168088879515128
-0.169784565181239 -0.583053454954925 -0.145425052730252 -0.0850818863024871
0.109441468541515 -0.663409158981559 -0.0148637759147203 -0.131471712863309
0.422481928159039 -0.483104826211466 0.0832280151037739 -0.0811884341658472
0.645439409571935 -0.337112506065269 0.0990608710718744 -0.0282373344248673
0.616212699108522 -0.280211430840556 -0.515293223848755 -0.0880833298546337
0.512055429600671 -0.358814786474114 -0.352299776632512 -0.0370972878607356
0.389204311020362 -0.509774094190194 -0.212130374040044 -0.0358961098520841
0.144670172629763 -0.544250061891703 -0.188770179903953 -0.0795730675927998
-0.130645772160157 -0.499190825913774 -0.193076732161787 -0.0911405929551881
-0.264509155844671 -0.371543167053233 -0.256117908475319 -0.114074105894079
-0.369575683912749 -0.282514160166777 -0.300564907546058 -0.0510174853035675
-0.404317726030456 -0.170589597388454 -0.289344504000571 -0.0221158596581066
-0.422803294207904 -0.175158820628828 -0.25687035516364 -0.0289560316502491
-0.323402313860212 -0.264098088831057 -0.261906629551962 -0.0435954550521498
-0.262832651980064 -0.345301802039809 -0.216473155624148 -0.056136842740555
-0.0817414487591741 -0.470041155762742 -0.164441873598269 -0.093437005275606
0.124681111929356 -0.519093060679305 -0.0434487289271213 -0.0825402355501121
0.350828438100538 -0.381822628497766 -0.0128737992288898 0.0405308435756015
0.537225079756051 -0.298972305486541 -0.105306962523343 0.093264528847619
0.386108563126744 -0.259891184965292 -0.675830319599376 0.0286932172303834
0.28028081511362 -0.288502597989715 -0.46014969490595 0.0804788899476018
0.203981403794242 -0.321772749285597 -0.220802073647955 0.014267783374895
0.0795663296220481 -0.315646255682616 -0.164227650220873 -0.0805935574362828
-0.0683460564428399 -0.304380752695149 -0.195357117296497 -0.18006089893499
-0.155078159521356 -0.250059632850647 -0.32719928086081 -0.216480364116632
-0.228896288878038 -0.211565175511402 -0.413319234749234 -0.131942142737377
-0.254577249272758 -0.148406982430764 -0.409870229607915 -0.0765235375430303
-0.264283349003444 -0.163490282231455 -0.370569214483277 -0.0892649114104588
-0.182030115583374 -0.226891802395517 -0.327850893344487 -0.123685490952483
-0.113107625205968 -0.260679031864962 -0.224196730100875 -0.139859505247088
0.0223332563946409 -0.292910881943376 -0.141910673422118 -0.106550939371683
0.121950762207218 -0.296138005803497 -0.0501427344553925 -0.0412013424477555
0.229408437525738 -0.223616643921301 -0.092977120918007 0.135348900696074
0.352177485628784 -0.212554134578228 -0.274064143043693 0.192079244046148
0.102638253170987 -0.185022023005956 -0.740130646452583 0.140880342364541
0.0258336751801131 -0.157837656904522 -0.501724851293126 0.195365493098685
0.0209898281155101 -0.0855339450015906 -0.200938129396123 0.0725607146565335
0.0276504956828342 -0.058312248171227 -0.120517335215681 -0.05682044612871
0.014554882409397 -0.087173915263555 -0.176462358020251 -0.223755392034857
-0.0175850275179251 -0.103515895340778 -0.354466911953477 -0.267399742545913
-0.0486207851991523 -0.115240392535996 -0.465865180116212 -0.180649334388812
-0.0669133440560105 -0.102984617408295 -0.467775309516271 -0.11724426902993
-0.0726253763393792 -0.117446974549471 -0.421899529700351 -0.14967810377021
-0.0305110057187212 -0.141059711473515 -0.332359579533293 -0.201090605783491
0.0237384885003366 -0.126721958010034 -0.181639267548638 -0.214888320465714
0.0794543284231418 -0.0805336298649298 -0.087738148285682 -0.113293219222644
0.0659249890607039 -0.0543182229278135 -0.0441995473278523 -0.00727721708634371
0.0592500897096499 -0.0656969015388385 -0.155083411326676 0.191630798189266
0.112646660359881 -0.113693076166986 -0.388310807003663 0.254230057531359
0.207504677342889 0.0480874560956608 0.429214693000135 -0.35915363894839
0.182378101602336 -0.0451307986337362 0.219527948862521 -0.30681951889784
0.0828596825188466 -0.160046052229694 0.000630880950623599 -0.044479302644888
-0.0477082108322274 -0.150841049384407 -0.015185314475032 0.108350593925508
-0.115610039071984 -0.0546814765326857 0.0991445933343988 0.280908381808966
-0.104660152598111 -0.00107604741576961 0.295323166399153 0.300717956730492
-0.123040178503295 0.0256485684841578 0.425546205932222 0.204720221580097
-0.126523396590762 0.0419433308148357 0.46492206596321 0.120362725292287
-0.13622284057883 0.0259487942660617 0.45923599881468 0.143468124118904
-0.120956755636679 -0.0152255170102976 0.357719160080932 0.196398521328311
-0.123407302762071 -0.0785213280347693 0.185334281173735 0.196592880519536
-0.0628444911969365 -0.175266595508899 0.108023716966489 0.00983451810289393
0.069605969988154 -0.1691405188138 0.182761404964385 -0.135757515871535
0.137803998945895 -0.060396029372313 0.402387008533972 -0.243323521193117
0.141445371382574 0.0212526325312022 0.705724736719572 -0.230668894611909
0.448527269405745 -0.0609650382868793 0.341187793858435 -0.354535842511811
0.385344944611788 -0.157772637598688 0.187592679408609 -0.306758713089037
0.24536802053916 -0.346553853725928 -0.03873326524315 -0.0726706906783405
0.018720856833791 -0.361158755645164 -0.0831112066399094 0.0809330858496702
-0.17545316809336 -0.254862825701813 0.0252139251139347 0.290468110247776
-0.223481416136463 -0.145657687671426 0.216913779385246 0.311213761336794
-0.288581309614788 -0.0738116953776459 0.345577636978045 0.223525064528268
-0.304921068385518 -0.0117632007997795 0.384429362625998 0.124554517919077
-0.323648690637597 -0.0320909815167083 0.384711193042708 0.123848355947049
-0.264763506994056 -0.115782290517131 0.283394595586564 0.164083331873411
-0.242340796652777 -0.215919603898461 0.125140685911309 0.163188818367358
-0.111086812696586 -0.374544586265534 0.0490755471004152 -0.0356411196812228
0.10575634868547 -0.402131319517864 0.148150802742975 -0.187541746813522
0.293936620309176 -0.241410856017427 0.3625844345179 -0.293322869985222
0.379179193465138 -0.118059624089513 0.637285660267573 -0.265618754196299
0.638531007617122 -0.15773429239117 0.176186845778152 -0.324272416277256
0.556092570058174 -0.254881054040732 0.102995122526707 -0.278843770686688
0.394922694740305 -0.499767361058376 -0.0795993018901483 -0.0901723596740972
0.0970851724325491 -0.5487632262413 -0.135943758925556 0.0409157884307479
-0.206774418268269 -0.442973259772674 -0.0433991897562718 0.250515177217488
-0.313470603387287 -0.285803640119365 0.111817515486447 0.265182395062532
-0.412834041041634 -0.171886554831433 0.212440287180879 0.200566431502816
-0.439796117055773 -0.0626840216064909 0.243977922584283 0.110610157796219
-0.466945756143482 -0.0723936210911094 0.252563570040842 0.0947021499085628
-0.383881514210411 -0.181294769617426 0.164688243165527 0.121327723150883
-0.355441597036821 -0.304978402615562 0.0422387788462585 0.121596725673024
-0.182263806347677 -0.521529515339401 -0.0233486476350489 -0.0635581689254275
0.0937017224010867 -0.590913263376114 0.0892648074409709 -0.20349570305261
0.385108756694483 -0.407038457329685 0.278746752764098 -0.282830372116988
0.549623842020552 -0.254949209831813 0.492879303405978 -0.244474631396257
0.740666598456511 -0.243584781355157 -0.0482383059642481 -0.261617569811506
0.648644810929678 -0.343236778644594 -0.0341746088326486 -0.219300700123849
0.478596248740276 -0.609212120395924 -0.128889663578735 -0.0855208592731552
0.146842545263985 -0.672475488566256 -0.172948936998077 -0.00251134525438375
-0.222462445017014 -0.570226858161784 -0.104832205346027 0.162631484839358
-0.363492664538738 -0.384103669466514 -0.0139143206249773 0.166287865255501
-0.478894110717483 -0.24523290851426 0.0440625425805439 0.140590003085092
-0.508046501190075 -0.10295740029394 0.067644968939706 0.082212712230977
-0.538636766880457 -0.102106268415017 0.0833762015635515 0.0624908515750313
-0.445753164171887 -0.219550482281146 0.0156785969484667 0.0783755763227825
-0.417867045665202 -0.350183559025962 -0.0568662633360096 0.077385535196165
-0.22982885505027 -0.588778433764085 -0.0956595812647125 -0.0719586017275211
0.0710915462516168 -0.689661369607569 0.0262805585043371 -0.181292385338382
0.413347136112345 -0.510269238814691 0.17611894022265 -0.208305513736854
0.631591741440258 -0.352255723508478 0.301491562389262 -0.16014336499254
0.726593889942414 -0.302531455013824 -0.29411600995532 -0.169762959561888
0.625950370684143 -0.397184941233137 -0.198396219637065 -0.126826274033984
0.46580820362501 -0.62907677151107 -0.177440553520465 -0.0616666477273478
0.148262149636758 -0.682273141949808 -0.193092442170151 -0.0427280090456597
-0.208392390301174 -0.589236218635863 -0.158520604619967 0.0423910912177671
-0.356185637388283 -0.408670870114547 -0.14675075348183 0.0352377733626402
-0.471824281268668 -0.27388027727623 -0.135252439909712 0.0569741209182823
-0.498807250562809 -0.130007651473915 -0.118616557312649 0.0421741617395064
-0.527045402880069 -0.126932648612246 -0.0965724723517066 0.0287855921195397
-0.430433605122035 -0.239028249411829 -0.137412584610747 0.0327536102208213
-0.391565579820759 -0.354555391579374 -0.152352447108424 0.0249958771993404
-0.207045504282706 -0.567899799362123 -0.150385036593945 -0.0731618935693668
0.0642558458826371 -0.662798676487008 -0.0218209848217811 -0.1328099163614
0.388912520681601 -0.507379948391491 0.077001546019914 -0.0870757719180554
0.617311324608537 -0.379708013344188 0.0945645324530098 -0.0332686355339065
0.595587843079733 -0.320139252282209 -0.512394231089239 -0.0546056754441302
0.484487016935038 -0.385932236672682 -0.347766338574302 -0.0119911754825026
0.350851446632115 -0.530818800559422 -0.209882975107545 -0.0233171985745124
0.111685378066883 -0.551480046423224 -0.191776167501885 -0.0700549180694697
-0.163147059268954 -0.483764481987544 -0.194531469098784 -0.077375775218172
-0.288973818134873 -0.352937757649852 -0.262314372023344 -0.0941488436085183
-0.389212281865921 -0.254048860425204 -0.29615715334413 -0.0308716562415527
-0.413257203976545 -0.139255271021539 -0.284608528841482 -0.00447534273211293
-0.432297185474098 -0.14322176104576 -0.25612423822934 -0.0127248789299386
-0.339737493046282 -0.24369853526283 -0.261544688128562 -0.0257832365906526
-0.282487977973741 -0.325044839318218 -0.216646040834171 -0.0431298384167543
-0.111528033115936 -0.463550018958327 -0.168937277771536 -0.0803580887550907
0.0884386950071451 -0.5222812775278 -0.0473752836682696 -0.0820197017953011
0.325136875562619 -0.40296124129937 -0.00979350113526204 0.0385560324846244
0.513991893737549 -0.332769132310224 -0.100194033336768 0.100194796825308
0.368682041617863 -0.283490675132923 -0.662705785998344 0.0701542556687413
0.260776494216877 -0.302730509521814 -0.447554821091575 0.11086569243533
0.181781608945238 -0.33349273229444 -0.21672871852753 0.026667061334193
0.060152971894167 -0.320484562929743 -0.167097065510015 -0.0720261028916938
-0.0879226882290041 -0.296546281437696 -0.205433354268105 -0.16618405426346
-0.172061574299073 -0.238787183785897 -0.339939047413638 -0.190476377105564
-0.244252156506012 -0.192980815436321 -0.414044020382037 -0.103620548507284
-0.264758538547071 -0.129054004424977 -0.407247113746109 -0.0496696818776396
-0.27400450305118 -0.142765688418111 -0.371301358813904 -0.0649122852194842
-0.197527849753375 -0.215442161497623 -0.332158916401367 -0.0995451155456265
-0.129325578959996 -0.2516871384928 -0.230810066983458 -0.124625006596157
0.0028776593739975 -0.294766775385214 -0.146181412027057 -0.0953950420307643
0.101468303984025 -0.301842338261971 -0.0521133647634168 -0.040115347688252
0.214431787334995 -0.237897180314011 -0.0823745347068763 0.137714336574885
0.336570984360839 -0.23486226632093 -0.261784462529274 0.209027434618137
0.0932863680277769 -0.189885245039279 -0.721098458634036 0.183125594736503
0.0178358393624164 -0.156929198672368 -0.480502009304134 0.225511144281384
0.0164634826840881 -0.0876947503787685 -0.1940652424221 0.0843133467465929
0.0241820825716937 -0.0616518740348529 -0.122678707856606 -0.0501150191481002
0.00853837259136132 -0.0867339121046397 -0.191748770486182 -0.21101401235894
-0.0255993278534221 -0.101384342199178 -0.371030845422953 -0.239461309304421
-0.0584859554392761 -0.110337045326422 -0.469745538219036 -0.147817517181937
-0.0758700466882893 -0.097074630267676 -0.466269045127752 -0.0865760751825078
-0.0817412547863332 -0.111442504346253 -0.425248867107343 -0.120469026328138
-0.0420690881045646 -0.138565434748935 -0.341982962177688 -0.175454235948036
0.0136673617893428 -0.12819095817921 -0.195316694326443 -0.200497308253492
0.0727975126184802 -0.0879855744842988 -0.092809635787506 -0.10497497775619
0.0618290439159959 -0.0596747802264365 -0.0445116610085992 -0.00622163435926727
0.055674167845073 -0.0707348821445848 -0.140582825199298 0.197113480328224
0.106398326720589 -0.120951602579276 -0.371257309447735 0.276916576709288
0.208984195359356 -0.0357195045273942 0.271255686608853 -0.475470131309199
0.151863531844158 -0.11114461511095 0.0953423209934009 -0.351921445578239
0.0184182647941998 -0.17589423174665 -0.00568932279297693 -0.0353235124503988
-0.0976791423927308 -0.118776516106917 0.0321632253408531 0.10464078327477
-0.121396565257681 -0.00890339595456729 0.193346526792691 0.221384799702264
-0.0916711338574915 0.0368255688617399 0.381062399741072 0.166364370248968
-0.101726008228373 0.0685651554398851 0.467636989097611 0.0324086887324035
-0.0975471560762341 0.0811280956575484 0.465968137321849 -0.0570072536269688
-0.113570578401461 0.0715407291984748 0.470283444685371 -0.0285254388906472
-0.115990035936127 0.0254359855514593 0.399083505456457 0.0576846528455002
-0.140102114074479 -0.0280574923832984 0.244098875092366 0.11511397288589
-0.11859874130875 -0.138594685019391 0.104085653932793 -0.0217802152209545
0.00541734021643027 -0.17981232104827 0.119973009838538 -0.181270720991117
0.103305552448527 -0.10048846476105 0.289321769070456 -0.357134546119317
0.134770639196424 -0.0244935173145564 0.569465129441843 -0.43636887556964
0.3952987845436 -0.227401759944323 0.18900060191457 -0.429128989679991
0.299113915550059 -0.290653352763735 0.0665381847986048 -0.327209492112161
0.0986635420371336 -0.406662019405568 -0.0426340914503496 -0.0358966313938255
-0.116436442829652 -0.337508516641382 -0.0295123863737139 0.109019540505817
-0.246980685681318 -0.171118384766653 0.13866235857222 0.255354481578654
-0.252711796571395 -0.0549696680467276 0.319210882910134 0.20273676046296
-0.293330009383769 0.0343669284623238 0.407429832408162 0.0791895930039073
-0.278819824096191 0.092747660351016 0.396586130739134 -0.0273512307790804
-0.305729639324342 0.0831561901613768 0.396095518906179 -0.0224294727330829
-0.284323410718395 -0.0190195512196824 0.323268120161151 0.0523633042414175
-0.296082970828757 -0.113102695477237 0.181886611218556 0.104687396128984
-0.231486894264253 -0.306631677918349 0.0374577089800543 -0.0409639486823554
-0.0400229137351248 -0.40614982941706 0.0680517148906743 -0.215539851601149
0.186139635434622 -0.322423911008786 0.231578659302359 -0.390974906154347
0.311878689493212 -0.23458778061107 0.488582823531638 -0.452746087714781
0.540631619193827 -0.38880180427101 0.0447675118016121 -0.335622430196514
0.422114519018287 -0.443767168078051 -0.00246843724150482 -0.262755300209528
0.180334053755908 -0.602622079729173 -0.0801631665799301 -0.027039270370642
-0.114575193868788 -0.539846283183688 -0.0840992637332862 0.0971222878983344
-0.342279396769358 -0.331866779954345 0.0702308114446425 0.241709676882882
-0.386402892042909 -0.153665343987311 0.211694604366888 0.197042815818414
-0.446897277300209 -0.0129920487985292 0.283157076388236 0.105901304248918
-0.418613337883321 0.0934898280552078 0.266160362544019 0.00581617534139215
-0.450943534681848 0.0959099056638028 0.265570913750092 -0.00712672184330817
-0.416569262608207 -0.0385483585467378 0.202558846982942 0.0533098904584015
-0.430628548294839 -0.158029243168621 0.0950888972265696 0.0943836203774952
-0.348801888892935 -0.418955980227786 -0.0358475788835158 -0.039255350426552
-0.113276971436335 -0.575216233089945 0.00662376552656996 -0.208462839036762
0.213218682512723 -0.506923021236345 0.153525424958009 -0.354542044250992
0.428127230684064 -0.419976121276295 0.356712527619759 -0.38716404086474
0.604357904301746 -0.505200709331941 -0.141168614751128 -0.196808033636176
0.475422331931552 -0.560411189611282 -0.107170483475534 -0.153309011156317
0.217307029320739 -0.735588526354969 -0.11990648775036 0.00132744921828313
-0.117573779171813 -0.672801417286145 -0.12681441373037 0.0739126581130668
-0.401873845792875 -0.44354990609562 -0.0108084862344458 0.183462000163273
-0.467324227388908 -0.22653418249649 0.0651255093029258 0.150185687616634
-0.535764565554078 -0.0569530557432495 0.11111177885653 0.112323986065432
-0.496674778116211 0.0806626804960121 0.0965508211920365 0.0400211098216815
-0.52848850813396 0.0952908189612461 0.0993331874477316 0.0207840856732086
-0.488648229714112 -0.051502540425997 0.0521595751328756 0.0638676160408194
-0.502913996120565 -0.177964647572784 -0.00966810337148566 0.0872658813862494
-0.416492545119595 -0.46685045077431 -0.103734751542784 -0.0221634528671585
-0.170356143052925 -0.658001331671548 -0.0440511225328191 -0.16558678957667
0.206860940711997 -0.611565768003242 0.0824149977396825 -0.251376307696138
0.472253750707392 -0.539293606051736 0.204065605336219 -0.248948539527603
0.571606941643652 -0.553390024764409 -0.335160628454359 -0.0264757085835713
0.436734638171021 -0.59740545180754 -0.224373376632154 -0.011237256949974
0.199412214640539 -0.749836222664594 -0.155407415213162 0.0391671535347367
-0.119007255245895 -0.684978020481855 -0.159586693591983 0.0437270748801126
-0.39745785428668 -0.465687957313234 -0.101543953107381 0.0913618462069395
-0.472230959916528 -0.253365108115833 -0.103272684514349 0.0775203823919834
-0.542129212063925 -0.0873112314932777 -0.0835721581931705 0.1006979417559
-0.498131174545317 0.0524030404656526 -0.0867992546295213 0.0695875949761127
-0.524438336412268 0.0677952867917578 -0.0771927531946892 0.0518701475847003
-0.480670839700777 -0.0754048129984798 -0.104177205974509 0.074625199774834
-0.481116105250133 -0.190709960546886 -0.115915624458487 0.0731502427713958
-0.387252401951544 -0.456092125961839 -0.153670939165141 -0.00580044540817147
-0.164798812069901 -0.632295189749144 -0.0725901513785081 -0.105650373581427
0.185907290375056 -0.60443770046628 0.0302452508594504 -0.107127348297223
0.451910139235318 -0.561993003495722 0.0538335583047515 -0.0666344568894072
0.441632596904826 -0.518202808395942 -0.495546318216779 0.150477276228188
0.309119139770094 -0.537450983845605 -0.320788972701098 0.139974135182867
0.129026953418491 -0.619133826896061 -0.176848339206371 0.0786202577968943
-0.10519113589103 -0.550484519891556 -0.174219373746193 0.0140283230691104
-0.322040636019129 -0.387016387333874 -0.182174394020965 -0.00668934557604611
-0.391459460579086 -0.226529905415018 -0.258945882953951 0.000547159797650937
-0.458948403770493 -0.0989918114985478 -0.266553035232026 0.0785538671085608
-0.425481416838104 0.0155990421858657 -0.254719911499807 0.0866222066525033
-0.444639375223021 0.0190073892184604 -0.237138075369224 0.0696006964523279
-0.397863618221593 -0.108670950966004 -0.239933705991746 0.0641533856296752
-0.370552603621377 -0.201706319470491 -0.201606152082122 0.0352608447763168
-0.262491845869826 -0.391647037843826 -0.175487627354442 -0.00836735332637572
-0.0944890827756128 -0.510631745027164 -0.0784124228800266 -0.0530568515314858
0.161727538584392 -0.486445835283856 -0.00606059875630826 0.0370833798735057
0.372783146247051 -0.484514577183173 -0.0796589657485745 0.118661395122006
0.243469090197773 -0.399690566102469 -0.589494395791931 0.309155426241602
0.13256047510908 -0.374777254926751 -0.369119830930771 0.273940769044996
0.046183198424244 -0.37513766971876 -0.175761527606756 0.114478186586687
-0.0662973079301528 -0.320310514624698 -0.16422475041296 -0.00245880816437498
-0.187921027448762 -0.242387770540531 -0.233099593017012 -0.0839389764914427
-0.246766664039493 -0.162236409458748 -0.370993392486347 -0.0574153158058258
-0.303368438000717 -0.0930836086407068 -0.405192135709947 0.0544611505474293
-0.288196520676881 -0.0253365080032651 -0.383302303766805 0.0909771128612636
-0.301986817386495 -0.0347967443220223 -0.360573518068194 0.0637555174133694
-0.258418027268991 -0.130186285221864 -0.331899804379077 0.0207257673425709
-0.205123656845519 -0.187325586932203 -0.247202710464426 -0.0324097752883706
-0.0990690807031247 -0.274647274222394 -0.162308670666118 -0.0326160868664102
-0.0090487188139327 -0.312966499241042 -0.0669372473390099 -0.0165339349544124
0.11756736676541 -0.296013258128897 -0.0367839900071663 0.152294251168124
0.239509035703364 -0.334394156210618 -0.187691886001898 0.271805960112149
0.0202546869900087 -0.208204246325473 -0.602524094391498 0.420150856985081
-0.0400996523481897 -0.147851245638591 -0.360471865286842 0.377378406328892
-0.0163754647956604 -0.0875479785856386 -0.147424055745547 0.147297851786318
-0.00200464711899517 -0.0668720246199409 -0.128752129884613 -0.00342956697202378
-0.0254409245050531 -0.0832428566263148 -0.247556488222096 -0.129081467902587
-0.0646815260031057 -0.0870975852691974 -0.423721110069777 -0.0889959755722269
-0.0995592393427429 -0.0821073551793525 -0.479903167212658 0.0335440152342845
-0.105959479108836 -0.0612574263395531 -0.453507265747131 0.0816519519783248
-0.115363346963763 -0.0725798386323197 -0.4296102416969 0.0333845755354127
-0.0887107350613939 -0.111797929907484 -0.371397828834526 -0.0438039312582553
-0.0327492492306402 -0.123634590383893 -0.245812166670365 -0.112838260356252
0.036101283809035 -0.107982369249445 -0.118718390544634 -0.06369856975059
0.0358688543886414 -0.077636531942555 -0.0461562804678702 0.00888366698350668
0.0286698121269375 -0.0879099112564653 -0.0664849212184811 0.227439649638149
0.0628478763792442 -0.1522393183714 -0.258754513217776 0.373819077171875
0.20316469367534 -0.0410604331597196 0.255188348766541 -0.481831700623471
0.147079168634314 -0.113285170072681 0.0831196148846955 -0.352465704942929
0.0136577662354847 -0.172993210472335 -0.00615631329775162 -0.03776160112013
-0.0988676264845567 -0.11476204338322 0.0354508874910633 0.101330281545882
-0.119813376890265 -0.00661834023908728 0.202172831098982 0.212382949700426
-0.0896332950066375 0.0378096591947823 0.38604795694187 0.151655244433334
-0.0982859519972372 0.0715523211225799 0.464116576738827 0.0159582855140596
-0.0918876037312223 0.0841212362474842 0.458349656868865 -0.0702654445405892
-0.109230063561536 0.0758402934826893 0.465066077996945 -0.0454807698022471
-0.113831138952907 0.0289836981589347 0.399784763091677 0.0409036370631835
-0.139432389724966 -0.0224433580289329 0.249884258031552 0.105315233650079
-0.122704221505008 -0.131871033232989 0.101561079539495 -0.0234640697089948
-0.00197910604276811 -0.178185914526871 0.113345949180559 -0.182542562703589
0.0996580524359962 -0.102822683871118 0.275031753929903 -0.362063327995179
0.130977531239668 -0.0292025452665694 0.554418565111184 -0.449668753214259
0.382411672654781 -0.239482234227037 0.176342488690824 -0.432746444111828
0.287402458304546 -0.295442508031992 0.0565034449299109 -0.327200897019809
0.0848554665928401 -0.40324949074459 -0.0418694323652123 -0.0379457324302397
-0.124497199588487 -0.331446090314676 -0.0267420668804577 0.106605653942253
-0.248848905030397 -0.16330496821158 0.148560252261719 0.246699913991356
-0.254221275392843 -0.0491813982549516 0.326026547084177 0.189759040777316
-0.290021539328005 0.044367343479846 0.406555515461171 0.0629386943012047
-0.271540025225884 0.103400348822628 0.389673150228641 -0.0399571403390622
-0.299479598116967 0.0942382942168027 0.390933920371095 -0.0376840286970744
-0.283858236518006 -0.0100990577976381 0.323689176377863 0.0386474195091864
-0.298202047483896 -0.101387946660922 0.18742262765547 0.0959658952041449
-0.241580487995007 -0.296681409392278 0.035141988471546 -0.0399480104266236
-0.0539003990913364 -0.403567859342686 0.0595589094589284 -0.215658599193696
0.176732923871929 -0.326642149205829 0.216051487453409 -0.394786721480558
0.302080512401393 -0.245462963510181 0.47106639407651 -0.463744782591913
0.520358993467694 -0.405215794725806 0.0361488444544653 -0.335071637833832
0.404375152451509 -0.452833599533716 -0.00806939575037244 -0.259198228390917
0.158318287739825 -0.601588228096171 -0.078847240196683 -0.0274801178735228
-0.129517846737067 -0.533557049883034 -0.0818980213059309 0.0956266223256446
-0.350293656293781 -0.318926260367359 0.0809663217554456 0.235589458698031
-0.390314884164804 -0.142520585955245 0.218069998623653 0.187526029836552
-0.445558922699812 0.00349125771246999 0.284801219032855 0.0929916001003702
-0.411510590428749 0.108493477209894 0.262839518306588 -0.00329668870546743
-0.443240635111225 0.113519796390561 0.26141450752254 -0.0174202137593794
-0.417892954143356 -0.0263471785298037 0.203096225021292 0.0437209998542404
-0.432155401413749 -0.142438936321008 0.0996549735200701 0.0880949994233954
-0.361959337211888 -0.405839861436301 -0.0370691040181498 -0.0364157502996791
-0.132806978753902 -0.570139646106615 -0.00129379382858646 -0.208475008214993
0.19894647761901 -0.513924020634629 0.139574476875623 -0.356736693841005
0.410262091391767 -0.434101695627367 0.342236021035995 -0.39424837011245
0.580035952011338 -0.523194863283247 -0.144156835356991 -0.190840320510782
0.455814738334762 -0.567269367754486 -0.107977448342772 -0.14808182228836
0.190728868213173 -0.734441328187321 -0.116709049522668 0.00157758135683126
-0.136603385310898 -0.667744744604859 -0.126162960361045 0.0743692979444107
-0.411895557508033 -0.427979047217307 -0.00197365848664093 0.178975014111541
-0.474911257449432 -0.211564527030075 0.0706154406780409 0.147449446757881
-0.538177945762977 -0.036283352633786 0.114556226974591 0.104853690936371
-0.490197042171151 0.0998065928584552 0.0966037432500421 0.0358784103845719
-0.519384661793816 0.114710393810816 0.0971279647254126 0.0165883538619313
-0.489957813846183 -0.0375095064242314 0.0540652084984983 0.0602806186922791
-0.504571774943253 -0.160148226363147 -0.00559381880819053 0.0850329637043735
-0.43023230429299 -0.450741858728061 -0.10308870771313 -0.017423925303636
-0.191486881396296 -0.649756743962409 -0.0504532962526926 -0.164979671953875
0.18671228079131 -0.618012790837399 0.072579965757164 -0.252538327240186
0.452577427976904 -0.5543800125773 0.194517496319786 -0.252279920378824
0.54683982456106 -0.571687822515461 -0.331302892094843 -0.0163322996985127
0.41719083169292 -0.607362862054848 -0.220025185221585 -0.00356002912804694
0.17182193206035 -0.751415783457406 -0.151627825010737 0.0421833525119768
-0.139776246013888 -0.678861658141285 -0.158697543260041 0.045677104448835
-0.409798280356493 -0.449640246875511 -0.0952546325379558 0.0908758125601993
-0.480226880959144 -0.238442291734222 -0.0998446425875074 0.0811629353375317
-0.544405642019949 -0.0660577967826675 -0.0783714408189038 0.0990705617836687
-0.493219157908997 0.0720699839660229 -0.0840119310075228 0.0700336795626417
-0.517946933653917 0.0875855252649057 -0.0761446211434455 0.0534865485126376
-0.484089092133007 -0.0599482175433409 -0.100439986305758 0.076494740606996
-0.483220307814506 -0.173393484877829 -0.111886518950867 0.0749450567926106
-0.401757767203837 -0.441261082130846 -0.152313443117774 0.000362829196861287
-0.185761830304687 -0.624775666759603 -0.0772779100742248 -0.105620856301253
0.166921177549803 -0.607640024610277 0.0255853143146638 -0.108445940178151
0.432979006784352 -0.577061400618368 0.0509271244647074 -0.0660184967088727
0.422146670314759 -0.534367637684582 -0.485847824098949 0.163768197490103
0.292907151274063 -0.5427213777564 -0.310849598639987 0.148372313125983
0.108267186767772 -0.619586888363679 -0.172026418887105 0.0825814896079621
-0.122009200089611 -0.548752932314711 -0.17426763831134 0.017904514874966
-0.332398583665363 -0.374343846662403 -0.179953728201989 -0.00271814970645083
-0.400960218684494 -0.212576193974268 -0.256865087940775 0.0109434907359126
-0.462883167184137 -0.0797320297765063 -0.259837442590853 0.0833258676726981
-0.423010464546868 0.0333123956585984 -0.249773265762485 0.0927414075980827
-0.441107757831107 0.0369135054065109 -0.233928162998667 0.076570189245486
-0.402858481633134 -0.0963507642115709 -0.235430796161114 0.0716654313540595
-0.373922889144745 -0.188399976099623 -0.198741594671337 0.0406422636892991
-0.276377444211959 -0.382712349066911 -0.17273674521657 -0.0015573246664617
-0.11269712315832 -0.505540589172104 -0.0811434007755868 -0.0522909725021858
0.147873254852787 -0.489254514911624 -0.00540852489028273 0.0355798632186112
0.355387685825712 -0.497410621212097 -0.0769067407485006 0.123125508084924
0.230354755970407 -0.408364340413546 -0.574721008562432 0.324574757426192
0.121877823112974 -0.377352980120649 -0.355107452506627 0.28405130884034
0.0338379931291964 -0.375894713268359 -0.170363270410332 0.119501826077987
-0.0762348165383292 -0.318654740478401 -0.16385043006856 0.00195777504139139
-0.194699893161486 -0.23402873717539 -0.234716815241661 -0.076626866513719
-0.253780975435575 -0.152935404294114 -0.370836730616694 -0.0429905243953988
-0.306698780668029 -0.0799800090856207 -0.399082512599888 0.065334588497044
-0.288258810403217 -0.0123643293961514 -0.37753903035725 0.100512774803887
-0.301769388452876 -0.0229397480734675 -0.355851141056853 0.0750881205958314
-0.264803447194193 -0.12101908506592 -0.329132991293831 0.0336798667127565
-0.210539502835873 -0.179795107544663 -0.246559538920557 -0.023796226797288
-0.109683544443959 -0.271548677535406 -0.160032643777841 -0.0270226593503479
-0.0209501302791796 -0.312065128387757 -0.0682540385488752 -0.0161126697835798
0.107918880071275 -0.299914810726826 -0.0323867537310975 0.151074016629906
0.228344580209519 -0.343034236179372 -0.179816826696965 0.278374981184799
0.0149391087621717 -0.20975498787838 -0.583582992839315 0.434682247533971
-0.0425587823761118 -0.146301043014045 -0.344146838901504 0.385909281002714
-0.0190464942584071 -0.0879939596733647 -0.140915125979698 0.151583204005002
-0.00416263757151512 -0.0677965960245321 -0.128479687268022 0.000551310398972415
-0.0277878519863792 -0.0817930587489939 -0.251819415678046 -0.120682254531089
-0.0681004253319527 -0.0840247081241476 -0.425062240997251 -0.0713065525290041
-0.104175888113876 -0.0766164682650889 -0.473544982861286 0.0488371502269823
-0.109417689164319 -0.0552516064409889 -0.446427136179834 0.0932433592126595
-0.119217701741583 -0.0668477557079598 -0.424837985258539 0.047622747992189
-0.0950389091407551 -0.107604203488214 -0.36957931605653 -0.0303542878860759
-0.0381063721258759 -0.122181639521572 -0.247580293808457 -0.102836495925682
0.0298928450706275 -0.110036057736993 -0.117821250843029 -0.0594090647465658
0.0323609212728534 -0.0800910352534418 -0.0467171816483104 0.00960494514066354
0.0262840715596042 -0.0901847503225112 -0.0590122167198028 0.226437313986358
0.059200171875483 -0.15622785323762 -0.248990256283153 0.382001497515938
0.201400186469773 -0.0469969646565322 0.244047240954746 -0.496400861228395
0.145251415996216 -0.116478467232849 0.0722132778018381 -0.359856488496171
0.00960775544217992 -0.173128670594473 -0.00669958729271419 -0.0404136795052604
-0.10232191506562 -0.112927533996538 0.0386604836431359 0.0987766416743102
-0.120076199024568 -0.00442438513802616 0.212895882827802 0.205816163066422
-0.0894582674902666 0.0391841904819442 0.397659290226576 0.137996129807457
-0.0964570935642176 0.0752158015693917 0.467060199512711 0.00124608764572189
-0.0890020604734135 0.0880340439257072 0.459086034955058 -0.0843477852337571
-0.105969311803358 0.0805798908614604 0.468111896674861 -0.0622647507130248
-0.114183589084207 0.032928562901987 0.406454800569105 0.0250486616507246
-0.14057028612601 -0.017242951064625 0.258655864727823 0.0966756028718828
-0.128691403468416 -0.128340791643637 0.101454367597754 -0.0250826160994168
-0.00873928273002065 -0.180252408344959 0.108647943676965 -0.18629037985965
0.0973433073242692 -0.106711457448243 0.265660698141036 -0.37295735919386
0.129022759649701 -0.0340430325376236 0.546345111707996 -0.47351604292822
0.376678690538415 -0.254741261757569 0.166235972033677 -0.444368091403561
0.280987023138791 -0.305484690229868 0.0482586912249235 -0.332014882149235
0.0729119506840026 -0.408234226788328 -0.0427468472934571 -0.0403194596887009
-0.13445722090221 -0.331869139803725 -0.0251014392357386 0.105330312245286
-0.255798928725781 -0.157553135053291 0.160586567593045 0.241614468330735
-0.260086906610777 -0.0437185727746595 0.337464424523095 0.179872818451801
-0.292725912573242 0.0548774537926471 0.410837754704719 0.0489662536838515
-0.269937377335167 0.114644250040715 0.391108096027739 -0.0508252843448295
-0.298436616870695 0.107487648066217 0.392867307976147 -0.0527108015941118
-0.289847657514614 -0.00264511238845475 0.32860764905245 0.0258852949686138
-0.303534716124002 -0.0931583282724025 0.194328104165629 0.0890736132360397
-0.255211488545074 -0.292016980895574 0.0342969433446165 -0.0400547466573234
-0.069194753038149 -0.406430655880898 0.0530732681038965 -0.220275590109189
0.168926762528643 -0.337270992253399 0.20457720112972 -0.403880030643791
0.295858906043987 -0.2600055825661 0.462816170642521 -0.483214464469771
0.509129946442165 -0.428798178963616 0.0273510388742412 -0.339904011072371
0.395227592655908 -0.469509691605687 -0.0145753660145015 -0.262463308504756
0.138866129894803 -0.60929492266178 -0.0782321658196232 -0.0284495951045608
-0.14376370053264 -0.53738987389252 -0.0829393002009758 0.095613934472775
-0.36209984751536 -0.311103425285301 0.0919218950227494 0.231749514266629
-0.40236675559544 -0.133606273743697 0.228352072523482 0.182616929897836
-0.452177224795862 0.0192186459424663 0.289466982156939 0.0830609815838527
-0.410211706404521 0.125753015251599 0.263254285413224 -0.0112025854836132
-0.442647305852494 0.131784340120758 0.261677073112945 -0.0273454452284756
-0.426847463779353 -0.0149166455092939 0.206667535495742 0.0354820989013108
-0.440739527303337 -0.129692831098854 0.104932434459965 0.0833313136046224
-0.381078532196615 -0.398192008866181 -0.0381692167387242 -0.0344753380906182
-0.156871382562617 -0.572185982941228 -0.0086545050292451 -0.212177956697187
0.186045059690406 -0.527434361468271 0.128179621199593 -0.363257749476104
0.400882354782552 -0.456136894311792 0.334565034994588 -0.408573284484029
0.566217791457371 -0.551094154666939 -0.149548161319615 -0.188294142267438
0.445419965039861 -0.588613133293196 -0.111057044611969 -0.146117556218144
0.168385174180495 -0.747144275916768 -0.11646055634317 0.00256415444002698
-0.158440679946682 -0.673337791967411 -0.127107382360055 0.0765960852648487
-0.430691237223612 -0.420535983517763 0.00648951056460578 0.177847595900869
-0.49102814885993 -0.200558493997848 0.0770251109341547 0.146886428252993
-0.54673768795738 -0.0174950251127517 0.118359510151129 0.0988698852065309
-0.490282614170285 0.120517595435781 0.0973416574645882 0.0327296741081613
-0.519955666458697 0.136589529886889 0.0972932047488752 0.0129507682673821
-0.501315969084393 -0.0223980966136485 0.0562485961376602 0.0579340225627855
-0.513768698752302 -0.146012020595373 -0.00228777434646365 0.0840777039640627
-0.451466510929506 -0.444133236927239 -0.103678712889547 -0.0136913734087472
-0.215127003014333 -0.650603403114008 -0.057521376816514 -0.167820907636539
0.170764356548385 -0.632709665337559 0.063832786847586 -0.257076199139353
0.43976674204377 -0.579033739768333 0.188934283194003 -0.259300075360384
0.530913674275382 -0.600062648053961 -0.333837322036362 -0.00601437999998931
0.404240187140537 -0.627471102247807 -0.219512323335535 0.00342657255394219
0.14774830381222 -0.763388254573047 -0.150052687599467 0.0452955278622197
-0.161202603288893 -0.687433666271139 -0.161534032620018 0.0495052388300919
-0.42934233908938 -0.442517690804826 -0.0919782173902297 0.0920970353457552
-0.497955413445904 -0.225537945168826 -0.0976674589475202 0.0863051918518906
-0.554319349679351 -0.0465984478961683 -0.0760582013608615 0.0991521307850743
-0.496317095572313 0.0939202271855359 -0.0831861564969494 0.0722648199955929
-0.519300506828989 0.109429999512396 -0.0766053974096809 0.0562772004174716
-0.496642452730541 -0.0467130592000543 -0.0995694836790757 0.0805757630207013
-0.492643551818868 -0.160576011270058 -0.110646623460933 0.0775871125045381
-0.420859557022329 -0.433583712154502 -0.151867437840944 0.00531464585169292
-0.210552348383458 -0.627964550434052 -0.0830342344221099 -0.106273937058772
0.152585061778811 -0.62403414497267 0.0207470834002431 -0.110794003860362
0.4198438571037 -0.601223324647436 0.0488829105945006 -0.0660533169608813
0.408306954599568 -0.556408537694814 -0.483763117609518 0.180642785449556
0.280689725571208 -0.558347712463911 -0.306456962881137 0.159852643285076
0.0885055913904647 -0.630656541294625 -0.170149988876951 0.0878166827806128
-0.139179121543541 -0.554776345699753 -0.177441412666035 0.0220380172590523
-0.349061094172381 -0.368077820370593 -0.18146632507616 0.000424242898266874
-0.415692721966989 -0.201944232640734 -0.259706817363723 0.0211758613702481
-0.473125008172074 -0.0613373893945001 -0.259179768100057 0.0891246656440958
-0.427023111511308 0.0512257425640548 -0.249667182982739 0.0996305016305627
-0.445505689909328 0.0545282514670983 -0.234125779510781 0.08490585605855
-0.415820209938236 -0.084681369446112 -0.2357302008551 0.0809531188072647
-0.383836095899269 -0.179425007191667 -0.199175110054271 0.047446190271158
-0.293356570945264 -0.379205107627442 -0.172591525436402 0.00352484491404876
-0.132864763067006 -0.508695786388323 -0.0852574371054591 -0.0524080151099576
0.135208791097672 -0.502503129395789 -0.00598940050533152 0.0350579771594106
0.343965937894413 -0.518030680321666 -0.0746586547864176 0.129628752696826
0.220514511890082 -0.423287771331136 -0.569684727347418 0.34393018268139
0.114385045450608 -0.38619406725381 -0.347515962163492 0.297820142046189
0.0216661288235748 -0.382940062174844 -0.167578465130596 0.126142032933644
-0.0863815904547081 -0.323758005386056 -0.16678908571552 0.00690983696151158
-0.20410387338494 -0.23062687371817 -0.24054690813898 -0.0718735139010971
-0.263975388526318 -0.146223887152651 -0.377221437239538 -0.0292665312609234
-0.315324800610721 -0.0670601503787193 -0.400015784847506 0.0746591030072319
-0.293050916934777 -1.89296337740619E-05 -0.376797753082528 0.111114233924208
-0.307303660923844 -0.0105780432836701 -0.356884987336922 0.0868649599108774
-0.275746198144675 -0.114244687329429 -0.330870847614919 0.0460727838806572
-0.219166811411058 -0.175620930909117 -0.249199347182607 -0.0157732764265259
-0.121820803564212 -0.273897286644181 -0.16110371298974 -0.0226944317166685
-0.0329519254305546 -0.316320455904573 -0.0708639605141074 -0.0160930276862671
0.101853444502403 -0.30865100662615 -0.0292383715468016 0.152286384982442
0.221691372583323 -0.359105952789739 -0.175067681396953 0.289544071825645
0.00984157247251603 -0.21426514327663 -0.573789632911664 0.454364254027688
-0.0460672676535351 -0.147699931365721 -0.334069049716292 0.399871658772132
-0.0221692864630974 -0.0897919663335846 -0.138059905405766 0.159176535164175
-0.00566039690915511 -0.0700723656871807 -0.129813036626125 0.00465584604704228
-0.0296373354656492 -0.0812527757440319 -0.260504547014995 -0.113718193880504
-0.0730086479601822 -0.0817331648054348 -0.433273454917288 -0.0572031539922484
-0.109713483807226 -0.0721659077708053 -0.476134743063622 0.0621081593552548
-0.114710163856247 -0.0501997853957684 -0.447367183988371 0.105865906141879
-0.124918710722568 -0.0618488954693262 -0.427279450346458 0.0621178336123699
-0.102500400845766 -0.105389237938431 -0.373365189706732 -0.0162287958116069
-0.0442069839714862 -0.123430303494238 -0.252994620866566 -0.0944711112048204
0.0241110557013158 -0.113626789934785 -0.119120530820874 -0.057100241319865
0.0283490863745275 -0.0832482214921154 -0.0483902957943479 0.0100809395136787
0.0242167034169903 -0.0935899322776507 -0.0533442661331439 0.229958287446454
0.0566612821854881 -0.162783339159205 -0.242070696597811 0.396575308282626
0.200177310096617 -0.0568680779538574 0.225279874389094 -0.518667860579517
0.142311154378161 -0.12424810657924 0.0544407410239406 -0.370208891299252
0.00270292734989536 -0.175599219046947 -0.00920123640021555 -0.0437447713680812
-0.108644667716563 -0.109468329084016 0.0432708863042206 0.0960222127088271
-0.122105803483917 -0.000539527491135519 0.227914732184237 0.196691751252102
-0.0889417513488408 0.0419674505304202 0.412424601442979 0.118172652364487
-0.0942314925580735 0.0819350072768445 0.475435747581003 -0.0216670866995522
-0.0842408563719976 0.0936572574626301 0.461672067458893 -0.105493058384379
-0.102149560640355 0.0874583124684552 0.472539753888212 -0.0887810684363888
-0.114439656057529 0.0394208257377478 0.415193792644243 0.00276817489277356
-0.143966971504592 -0.00973490363330258 0.269778776529333 0.084294036626604
-0.137518595826811 -0.123127311966705 0.101990701705456 -0.0289407471461751
-0.0197542111499063 -0.182667675638073 0.102449172004427 -0.193037329855656
0.0933937500810514 -0.113603814109795 0.252385155674425 -0.390608201873176
0.127311730648418 -0.0409813891892036 0.533115352151216 -0.508161932508378
0.366816108425688 -0.279111980302217 0.148366706803562 -0.461343910226067
0.271591619476269 -0.323278735515995 0.0331442314957962 -0.340882822140056
0.0547303793073068 -0.414989518273007 -0.04479137819977 -0.0423943346462794
-0.150992059168073 -0.333105880388972 -0.023629643701535 0.105790376809606
-0.267150869751856 -0.149382954944639 0.176965787048366 0.234406440466717
-0.268923535975065 -0.0338320980064844 0.353991667419662 0.164470282869079
-0.29561009879358 0.0714626668940864 0.420217670358286 0.0287444205176423
-0.266630920331803 0.130594878656105 0.392671263253562 -0.0687258924577657
-0.296424181623149 0.125167765220346 0.395494241090312 -0.0737332801366807
-0.297052948439138 0.0115145687897535 0.335422053495537 0.00692931367190571
-0.313846992438052 -0.0805743512582839 0.203521524035345 0.0793025823893587
-0.2751393265636 -0.285738092597037 0.0325640175072052 -0.0414521137903439
-0.0929134299880095 -0.411080449781653 0.0438070412032862 -0.2265832477639
0.157163283098903 -0.353771713016823 0.1891512666078 -0.419316836508925
0.286053736623442 -0.281493812287203 0.446945023249076 -0.513672364612701
0.49290776480251 -0.463251706168813 0.0139198086076768 -0.34651509775382
0.382217157421038 -0.494294908578542 -0.0247431105080817 -0.266674829143053
0.111305248457438 -0.624463560680132 -0.0807823561398666 -0.0284671068702019
-0.171016080856452 -0.541983174367758 -0.0828293439852555 0.0991324191018517
-0.383278654253375 -0.301081146361514 0.106197845576485 0.227324688587568
-0.419618769910644 -0.118054021223865 0.242312568626735 0.174305260750008
-0.460292058033506 0.0437411913142628 0.297573764924781 0.0689235825504519
-0.410696879434286 0.149890053099744 0.265582282606589 -0.0224463125799821
-0.442547649957548 0.157876960879282 0.263631362071208 -0.0411196367309414
-0.439443792307241 0.00558755316781916 0.211349741142643 0.024328122820205
-0.45443050075996 -0.111547091719094 0.111455912954444 0.0783466328932835
-0.410617750832796 -0.388356421502987 -0.040260829582815 -0.0322775374700357
-0.188860603434583 -0.577457085339314 -0.0205278016986507 -0.216615531001841
0.166230658080778 -0.550377616154456 0.11234188435994 -0.374332159370273
0.384512404412456 -0.488348015354555 0.320244296580588 -0.432195635428115
0.546000995163418 -0.590174301544291 -0.159707768130721 -0.184263633749939
0.42533285301002 -0.620061591455306 -0.117176458914742 -0.143617018083555
0.132278007921354 -0.764659370640229 -0.116825874634625 0.00553921811117562
-0.191417959233571 -0.682369044935709 -0.129817738793255 0.0823994633773718
-0.456973885959513 -0.407756795040357 0.0160001229230872 0.176761427646602
-0.514046811155176 -0.18122795506791 0.0860393839177137 0.146561827174725
-0.559181663406537 0.0131938258908735 0.124855008708248 0.0922725865415503
-0.49153572184955 0.149691448783901 0.0988613444001623 0.0289084789696781
-0.520728653393101 0.167118721941107 0.0974047841999802 0.00844538766664968
-0.516991861836864 0.00101538324577955 0.0590826775710868 0.0553599354015615
-0.529851727213006 -0.124293813280306 0.00207693901723886 0.0837600478625263
-0.486687558141197 -0.430429944915298 -0.105756078201305 -0.00815532461461338
-0.255971852634927 -0.655326774795017 -0.068849645568335 -0.169267894503139
0.147026198046695 -0.6578690191373 0.0503687046748384 -0.263108282941019
0.418563675732576 -0.616742384117299 0.179046597979676 -0.272203095168238
0.508409540437217 -0.638528389458694 -0.337799986280136 0.00997187846951583
0.384560846537836 -0.658486539715002 -0.219937775218338 0.0134295273106513
0.113038213015628 -0.782782367223546 -0.148978093250008 0.0512064969538478
-0.196477746986187 -0.695888102156701 -0.164885717111404 0.0569939265782381
-0.458111917810681 -0.430788787961213 -0.0883815054070495 0.0949344615307499
-0.523265447694225 -0.206091533680113 -0.0949842033725036 0.0947236962377786
-0.570820984369231 -0.0152687285412326 -0.072684750558595 0.101308025959883
-0.499388131803313 0.122775267030365 -0.0820800102605687 0.0772195208029329
-0.522196278245472 0.14009547690459 -0.0760144363977612 0.0611722457869956
-0.51284859084531 -0.0229817697926429 -0.0979442800203731 0.0869284333033014
-0.507919033963518 -0.140154752011195 -0.109184119235556 0.0834326657898244
-0.452881789340165 -0.424538410533912 -0.153603879354407 0.0127787128663125
-0.247373968324215 -0.630647132325109 -0.0920660071764408 -0.106275314400966
0.126884752100487 -0.645326699213035 0.0136349982243133 -0.113142388988266
0.396767784667565 -0.637980095069899 0.0460158875708647 -0.0673407188831674
0.387064231852417 -0.590711279309014 -0.482325090742782 0.20630813153022
0.262247615717182 -0.58432926623921 -0.30150888130376 0.176995226692844
0.0590997656208845 -0.646816423809195 -0.167780391097315 0.0964107241448255
-0.168054325328286 -0.563320267240909 -0.181646709263789 0.030856575601604
-0.37333297702207 -0.358948578736869 -0.184722247180037 0.00745494460496655
-0.437979914442178 -0.184099117112913 -0.264487462637058 0.036173011432227
-0.488085182299385 -0.0350273411712578 -0.26016616940905 0.100294729000902
-0.432540309566568 0.0761812231540289 -0.249790559634427 0.112026945825823
-0.449904062577551 0.0809126958126314 -0.234492537825272 0.0985492535555443
-0.43294817324631 -0.0653487722457355 -0.235471725536234 0.0945960390417236
-0.399127984936611 -0.164380548103785 -0.200713520346736 0.0572078858351688
-0.319995596671983 -0.374546679998563 -0.174762774420968 0.0114023166297484
-0.161909865285485 -0.513180052035667 -0.0919698601600518 -0.0517369378760044
0.115131491205491 -0.52212764882552 -0.00680379884695612 0.0365943469104023
0.324471138315488 -0.550458342676218 -0.0701878182460199 0.138884062592713
0.202943406972323 -0.444838883166289 -0.562771358319997 0.376744487884801
0.100658850881908 -0.400301474798815 -0.337555977772748 0.319139041241037
0.00282990987787979 -0.392490637282211 -0.163413094968559 0.136691958569925
-0.103170658542785 -0.330094763527019 -0.170131165069442 0.0155330860668265
-0.21918543664055 -0.225784594916998 -0.249503153694189 -0.0622188694529382
-0.279480648734722 -0.134681419128014 -0.387027155852146 -0.00870006722792061
-0.327302006131957 -0.0497354501893296 -0.403997651331423 0.0938785376729607
-0.298461975028395 0.0174249717281982 -0.379748012543353 0.128920748461823
-0.31453473853593 0.00735970412045166 -0.358404102374197 0.107173873351275
-0.290439558123688 -0.101153780164766 -0.334132619432895 0.0639611798994761
-0.232871491105673 -0.169702985506636 -0.254610276758632 -0.00375781829639644
-0.140328189373072 -0.274068508123832 -0.162911089103739 -0.016734996019812
-0.0513853255715696 -0.322231966440965 -0.0751787737507937 -0.0142068465019039
0.0896415693004799 -0.323053431706655 -0.0240771661151766 0.156173609586793
0.208225773039186 -0.38168815982901 -0.164546679620422 0.307859957143118
0.000666674688070731 -0.220990900172662 -0.563014315641395 0.489406612769751
-0.0518653329857856 -0.148307838181876 -0.319404417694698 0.422382786161883
-0.027048832142671 -0.0917293408319744 -0.13170218450261 0.169177648065087
-0.0091274175745096 -0.0728441322286963 -0.131220264070338 0.0118013304946634
-0.0334011884688013 -0.0818667241400846 -0.273137075784369 -0.103122766687596
-0.0799018414363576 -0.0785419319990154 -0.445818030475795 -0.0342628594312832
-0.116885102686625 -0.0663353351866428 -0.481330881016297 0.0852478407195669
-0.120520555781861 -0.0435048737030358 -0.449908335443568 0.127465143199845
-0.131919999805615 -0.0545539005442192 -0.430822601197458 0.0845401402437829
-0.112737005577178 -0.101953025258976 -0.380211062011335 0.00391997134907107
-0.0527514315067461 -0.123766735077086 -0.261893629033828 -0.0828734328769481
0.0173373836714668 -0.117952580978659 -0.122204736547984 -0.0529255614593145
0.0233806616250615 -0.0879395868562238 -0.0507657284984839 0.0122722543726724
0.0209481285073405 -0.0992766816026138 -0.0444371527641474 0.235746074693914
0.0508526648341453 -0.172287603043343 -0.228305725636175 0.419861645118013
0.196155710858661 -0.0691674086457831 0.194100699578251 -0.53986730863912
0.134963303743063 -0.133801962721712 0.0308755146700994 -0.3761488203935
-0.00767277814863436 -0.175671026382919 -0.012994061506674 -0.0457777810250307
-0.115486064807788 -0.103550142860691 0.0470560486637759 0.0919628290366952
-0.123260172327771 0.00678218743973092 0.243253214852519 0.180040998593107
-0.0878120237923327 0.0455136276578109 0.425507090882796 0.0894126137790116
-0.0883489941079001 0.0894083269309848 0.47785189443059 -0.0530873369848002
-0.0771716089744815 0.0993622081873881 0.457887977661937 -0.133447561465863
-0.09526713262647 0.0946634669750569 0.468457108059102 -0.122256367230579
-0.112485667512604 0.0475312463715498 0.41828436435032 -0.0265753351269322
-0.14515935574238 -0.000290008848295834 0.278123751580705 0.0658928228446802
-0.146240440812308 -0.113957789534089 0.100402738899257 -0.0343280988814625
-0.0320832336085517 -0.182359924294885 0.0914697241309477 -0.199329624658548
0.0865042283040377 -0.120319770014207 0.228852092482641 -0.407585989965846
0.123334201949736 -0.0493486956192384 0.503041903016391 -0.546231435782246
0.347273042197697 -0.305171896542334 0.12184478562749 -0.473634966581596
0.253569386713632 -0.342542830811596 0.0121166819831891 -0.345486698248894
0.0287856943186344 -0.42005396973887 -0.0479549697531842 -0.0424547239463676
-0.171630036016789 -0.327568975376075 -0.020647873671402 0.106254608934237
-0.278369168844982 -0.134322913021902 0.193964505551999 0.221823620036167
-0.27556340092689 -0.0184124104701404 0.36979354333204 0.1408293257507
-0.293729395984156 0.0932920952473355 0.42468976562015 0.000660406730708002
-0.25957228219767 0.149556165640779 0.391182755446291 -0.0917789489237127
-0.288140901944821 0.147104959301464 0.391606858170762 -0.101092808462246
-0.300765244717766 0.0321310308512539 0.337807794687984 -0.0170400071149343
-0.320945963769746 -0.0608994013688649 0.211170106949961 0.0649662962813669
-0.29800189454667 -0.269637256757337 0.0300529476246066 -0.0426680375230005
-0.121348843606609 -0.40873177634012 0.0285726961783047 -0.230253892128101
0.13558744375248 -0.368971581908631 0.162833004693695 -0.431464768172366
0.267552162131211 -0.305474998421007 0.416737318570994 -0.547935169710352
0.462071971064494 -0.499994108656679 -0.00706825259879834 -0.349572387415456
0.353429504481638 -0.522737396156902 -0.0410212125334768 -0.267169916562009
0.0729328258989198 -0.633265236202745 -0.0825234879736473 -0.0270704324469464
-0.206530272733079 -0.537621666473504 -0.0806470985356546 0.104019508133011
-0.404078440117652 -0.278982989369616 0.122252794412475 0.218247434506012
-0.434238491790216 -0.0932344796176589 0.258060039046476 0.159067425903951
-0.4629224654946 0.0778673509024277 0.303987246330382 0.0478007759055872
-0.402079808053719 0.179279028895967 0.265012178745969 -0.0380338218214214
-0.432388505278771 0.19086569966776 0.259997944219063 -0.0587475995526072
-0.447327688055527 0.0352167321354239 0.213094758512619 0.00972173091098216
-0.464837212451619 -0.0831260570387947 0.11751337042007 0.0699228445805283
-0.442242834029359 -0.365221343651947 -0.0424732623274178 -0.029335333117144
-0.230955664398398 -0.57187951989323 -0.035822375858943 -0.217044620954851
0.132446495848645 -0.570526886800679 0.0888854724090694 -0.381408365998268
0.353576217021693 -0.521769665196228 0.294084309825393 -0.455643624359071
0.507334786451537 -0.634261305584805 -0.170747179967417 -0.174489708439227
0.391727052852216 -0.653671213023528 -0.124725023318047 -0.137609441632736
0.0853400943692932 -0.777296248966514 -0.116243651180101 0.0100084571840119
-0.2343881400568 -0.680678964173534 -0.12967782403234 0.0903987767188151
-0.486694270416018 -0.381155430915958 0.0273408069745679 0.172956418246762
-0.533078934410649 -0.14896521805108 0.0971519373838093 0.142864004880867
-0.564718803136913 0.0536366006414071 0.131171304565665 0.082526080963494
-0.484648228514752 0.183589034957093 0.0997563452221306 0.0245585932538663
-0.511442107530737 0.206376103738188 0.0970757455244848 0.00212088399332801
-0.525568791463497 0.0354822623065803 0.0626382401380343 0.0516688103799408
-0.54218197604421 -0.0927309846013504 0.00703611479954024 0.0831495389427734
-0.519867840132439 -0.404369384934773 -0.10707470732744 -0.00148837115223728
-0.302159426608889 -0.644721432084601 -0.0828399178912536 -0.167366786728351
0.106076041166587 -0.676211763683165 0.0333568466084563 -0.265849481597892
0.378782478586628 -0.654842163228038 0.162500081098346 -0.284708267303585
0.46746837319778 -0.679389362361862 -0.337686698035097 0.032058298069415
0.347752198260081 -0.688518556998556 -0.218102780565448 0.0265100830468526
0.0633415891213495 -0.796715751796503 -0.14632749514997 0.058993501398588
-0.242225803409688 -0.696406418077922 -0.166133271495525 0.0683692418633227
-0.487865095531288 -0.404630330068677 -0.0837992936983422 0.098566793987411
-0.544133846861249 -0.173595752275691 -0.0894009393165151 0.103681813896554
-0.577703848880772 0.027949134688392 -0.0675224671312863 0.104763153378183
-0.494795556238429 0.159642225927621 -0.0789383655131088 0.0830818702620341
-0.514392667627175 0.177950770279099 -0.0737767071865613 0.0672357567829361
-0.524568494356815 0.0131072784977108 -0.0931357042342161 0.094800712345898
-0.521671676939674 -0.11093501643846 -0.104983648326772 0.0901506722516165
-0.488131671011398 -0.399727973015959 -0.153998910640033 0.0218926256557964
-0.293782785583242 -0.619225580023664 -0.102846483494099 -0.10259591978035
0.0883767321817386 -0.663420523344552 0.00482603327922795 -0.112753469625028
0.353675888848945 -0.674174316564587 0.0420505395191849 -0.0689239292348956
0.34949046152282 -0.62220360266332 -0.4714049967329 0.239195037822244
0.230342407475466 -0.606945312501801 -0.29034913938123 0.196201931680665
0.0180542647034961 -0.65615786145421 -0.161843919914687 0.107144975865318
-0.206396651872437 -0.564543708976403 -0.182183663251842 0.0436094402051517
-0.39892511425452 -0.339091679068442 -0.187196609689043 0.0179111092288621
-0.456759445551554 -0.156234201689336 -0.264624522279642 0.0568999635914392
-0.496460952967779 0.00043724696582198 -0.256365417287168 0.1157864737569
-0.429521500532031 0.108768583074862 -0.245788089866947 0.127865985521926
-0.446411344261227 0.114093563612493 -0.23031260318266 0.115014875066364
-0.446202571637707 -0.0364522573147805 -0.231235575574129 0.112179968411925
-0.413891808763505 -0.14259803907102 -0.198974595313731 0.0700698047794248
-0.350313419521754 -0.3588582146695 -0.174199586831265 0.0218316370780964
-0.200065428392003 -0.506448473735413 -0.098945429597156 -0.0466161685660327
0.0841112026583119 -0.537532859977954 -0.0056069839981938 0.0380683980131446
0.28816009220394 -0.58213059703353 -0.0621680221576185 0.146517493305797
0.175544404919657 -0.463601123895775 -0.541571572422354 0.413513664730072
0.07862183208599 -0.410819832148315 -0.317669003820489 0.3414024833849
-0.0210920047863077 -0.39782325785963 -0.155095911923917 0.147249852268956
-0.125369228430875 -0.330959937064199 -0.170339027798192 0.0267428603767593
-0.234573873968099 -0.214557738100826 -0.257793521312035 -0.0465191146934742
-0.292796116128529 -0.116116455030359 -0.391888416647738 0.0188114770596682
-0.334926354877928 -0.0249181996601035 -0.40266166457408 0.11896119256009
-0.300772225103369 0.0391317896412326 -0.375289837356486 0.153296193663247
-0.316167000591693 0.0310971673442291 -0.353737044568087 0.130791825283901
-0.304583368532621 -0.0818013460390912 -0.332264019563395 0.0884153940418064
-0.246994403131617 -0.156269973346972 -0.256154044708565 0.012765084977799
-0.16257801125185 -0.268856159775263 -0.163640505226551 -0.00684010613621505
-0.0748226704737515 -0.321642031134185 -0.0795019762361184 -0.0101183132458432
0.070021023127772 -0.334095875928064 -0.0156544620817524 0.159643632213597
0.183368925112472 -0.403257238593635 -0.146486908220215 0.324702610402157
-0.0124155097175118 -0.224137268458665 -0.535667745049393 0.525595485731702
-0.0603153141375274 -0.146832733555634 -0.293672471030338 0.444671461055565
-0.0331621898597057 -0.0921882008619732 -0.1203739700145 0.179587062015664
-0.0135431204688043 -0.0759667108687845 -0.130211984695783 0.0208854550638641
-0.0383913333264457 -0.0808674812288693 -0.283917097517531 -0.0846049629116826
-0.0858790904275717 -0.072695237278611 -0.453172164996585 -0.00252647256055768
-0.123994742101047 -0.0573328138035769 -0.479953871510224 0.116979023770716
-0.124802116896046 -0.0339707464397427 -0.445977900369854 0.154887045559024
-0.137966848395711 -0.0439322643555171 -0.42722328015556 0.112993865591678
-0.123751145300641 -0.0936482456080972 -0.381228226206514 0.0302795579861882
-0.0631915548352978 -0.12192145185105 -0.268152005275108 -0.0666681935912719
0.00680975370752437 -0.121314380851919 -0.125433481211279 -0.0464509827951352
0.0165436201901469 -0.0916893639874222 -0.0531856449032393 0.0155353916576161
0.0151863677408575 -0.104162341178622 -0.0298078711669507 0.240186637744215
0.0401042940081545 -0.180309668079168 -0.202316921419266 0.442164644081787
0.171559704340682 -0.114378580757272 0.0961414542009677 -0.545653492839952
0.0997265982084984 -0.161349106179479 -0.031703963310885 -0.360891197804479
-0.0402078968289528 -0.169158651119208 -0.0124319625346555 -0.0401212819603811
-0.128845982438244 -0.0760199230440315 0.0665241054099214 0.0770686169902512
-0.110959609160834 0.0285760756094925 0.268495772740699 0.126500691408991
-0.0678727501224852 0.053420000298915 0.4257679785716 0.0082478728068834
-0.0640758130040367 0.0992625888510562 0.456929464931409 -0.137135621400806
-0.0545015168327122 0.100756919332337 0.420178858607006 -0.20074839170961
-0.073943898993291 0.102677952299665 0.438403461297571 -0.189630550876466
-0.101818164555606 0.0601541641463691 0.407743835172292 -0.0898947750713594
-0.139237054582432 0.0218671379265974 0.284801103490376 0.0214854310273759
-0.163964955760377 -0.0864540866098391 0.0973119425165331 -0.0432837293923135
-0.0659780284752614 -0.17137946580459 0.0621627372811547 -0.202181716898456
0.0586556377507449 -0.128810200612911 0.164540089281918 -0.43341584123087
0.105426411141118 -0.069545357294419 0.411528047050214 -0.601659079018757
0.271034570571933 -0.371574469189016 0.043262084121813 -0.456747727023065
0.173164692714445 -0.385416347888078 -0.0361977136624529 -0.319638646346432
-0.0515984661031186 -0.41166945300267 -0.0335294657774284 -0.0242495169500503
-0.228683118687552 -0.282968728767103 0.0149790540321897 0.10702873031894
-0.285575788032863 -0.0797437721699749 0.234681758384728 0.17008754781866
-0.261731743292728 0.0262235664041412 0.38482184732916 0.0623616920003665
-0.266949951705369 0.144783524499074 0.422194700588928 -0.0791876479864827
-0.221546223612442 0.179732859182257 0.360891796174666 -0.152854916743215
-0.253317832680961 0.189326542263328 0.36536345007704 -0.158675220638003
-0.291761116394726 0.0797954329610991 0.332774703719506 -0.0685800994391381
-0.321020243678987 -0.00713963108405303 0.221527521379248 0.0300966251057083
-0.342275942658892 -0.212626799487453 0.0319486750445791 -0.0385363402843946
-0.190890259316685 -0.37740870135481 -0.00455933481936232 -0.217444648560707
0.067220955189602 -0.380547381629531 0.0887026432563229 -0.446281245120311
0.207029901325236 -0.345055877099894 0.320698539563406 -0.59021766911434
0.344026864768024 -0.57987664401397 -0.0538275249575627 -0.305782414726219
0.235072747642118 -0.57623722671898 -0.0665490765417915 -0.227252307844854
-0.0490464998578683 -0.626093186489687 -0.0540536442364085 0.00298196414732491
-0.30375373080244 -0.483504372260701 -0.033147259389852 0.120360553296101
-0.435678335028482 -0.197763390122579 0.170721424616681 0.174780810923096
-0.430667699068553 -0.0166109456375686 0.284157645300564 0.0957292909303738
-0.437652885982931 0.163635917510132 0.318256188939096 -0.0158949961729654
-0.355103483283949 0.234057545617314 0.247373962527637 -0.0830984137829332
-0.387331514080764 0.259692598829605 0.242994692815541 -0.0986314161417298
-0.43593247690078 0.110335731823183 0.216946401936294 -0.0258369269299005
-0.465449088241443 -0.00384170698913226 0.13232209039447 0.0472786336434073
-0.500242515548565 -0.281781874354876 -0.0333131638196726 -0.0141858980187958
-0.323721999158825 -0.517210531768501 -0.0665026475274741 -0.190319962025579
0.0334211703979869 -0.578314798647199 0.0169430754143413 -0.383952761272728
0.258342461940973 -0.571471707036102 0.205877263059421 -0.483259567582337
0.361212578481787 -0.7131455010318 -0.178184240063795 -0.104491052387509
0.248609454278112 -0.706473611424768 -0.120339478095184 -0.0843315636246469
-0.0636198777920687 -0.768500832960342 -0.0731836684970281 0.0486000378511128
-0.361706862426121 -0.61536066012266 -0.0743043133239358 0.118805692592138
-0.534403422037994 -0.281489124263506 0.0761785976682511 0.144263541109178
-0.540458101509081 -0.0518726720553243 0.129989331800469 0.105608126041625
-0.545706603041373 0.163234878507194 0.160596480448597 0.046831251916289
-0.435802558402542 0.255073607217963 0.0982417959578931 0.000927468296250043
-0.461330241326969 0.290146073497594 0.0928696587156567 -0.015110438825247
-0.512574141949178 0.126517809276306 0.0760998329303679 0.0373625601897311
-0.541218921910998 0.00083307458794027 0.0271072734605403 0.0760284859101347
-0.584977449595225 -0.304733592586366 -0.0898885968903982 0.0222359655579756
-0.405010014933646 -0.575052924985212 -0.105189596563666 -0.133117910741615
-0.00876776387275593 -0.679778216107273 -0.0239090991499079 -0.260796407129421
0.263112667930645 -0.706658011499777 0.0974362515015787 -0.297223599080758
0.31447589024481 -0.747524820826501 -0.302485877557447 0.121543693181571
0.202538933639152 -0.730535298274798 -0.18115334988838 0.0893897894496561
-0.0887805745406051 -0.784110900336435 -0.0918461642756989 0.101011216985783
-0.372670247037461 -0.631553725412128 -0.111117410159421 0.103289335385425
-0.545185044409516 -0.304938680744339 -0.0436865494601055 0.0914832823773357
-0.560097869429784 -0.0695732049044044 -0.055403555900567 0.10009410755179
-0.566065369431235 0.140715047360066 -0.0285997335291981 0.102384357413741
-0.449618528732442 0.235443905109699 -0.0653934762700401 0.0855048404566464
-0.4707340176041 0.266799192804413 -0.0638167168211168 0.0734818081451053
-0.51487702608732 0.105451250841921 -0.0698055161020219 0.103655959274454
-0.525075028281306 -0.0193478672266466 -0.0812811083502556 0.099886559946126
-0.551500797565784 -0.306818090153135 -0.133335672481733 0.0511394099300454
-0.39080025038761 -0.554843470249985 -0.11611881622391 -0.0674495970571363
-0.0230373505714361 -0.663578490443256 -0.0290218804606322 -0.106036418062231
0.239430155411103 -0.723975714049919 0.00902441176087833 -0.0699331522126467
0.212328041008812 -0.663378546235222 -0.396161214455115 0.336212114354426
0.106431503816239 -0.625228848321875 -0.224296640072972 0.259322966430445
-0.105950621828537 -0.640352263223235 -0.10539433989818 0.145455022764069
-0.314086660259706 -0.510887969350092 -0.137358339704535 0.0794116653333492
-0.450676497189017 -0.25802727396752 -0.162321232145827 0.0351410220764864
-0.474974685344699 -0.0680326742427012 -0.234370491624993 0.0884334553939462
-0.492866357087285 0.101660118724317 -0.212705023559652 0.147909510382935
-0.397120684624701 0.178180488998256 -0.219263504705959 0.156219344196339
-0.41611817419641 0.195431284812908 -0.208469818579366 0.143223666942654
-0.445376859948793 0.0473810240376065 -0.202648417190662 0.1418260500064
-0.426194026258577 -0.0671729061144816 -0.176647932066854 0.0948279254718557
-0.410130726647091 -0.289391866954033 -0.15701039710359 0.0525158297647652
-0.280580719312193 -0.460492944248442 -0.105978522111441 -0.0168570192021646
-0.00587049453290899 -0.542163312317319 -0.0153477791545781 0.0427472396457629
0.191868374703976 -0.622149044687326 -0.0592362036395482 0.154860038340317
0.0755311902643168 -0.472566487488156 -0.438860151299407 0.505366204268491
-0.00118368313700032 -0.404094477430952 -0.233167843427149 0.394194733962454
-0.0962827370606961 -0.381580230365849 -0.103792162135725 0.177023127135552
-0.191444452521859 -0.300232914956508 -0.140999582632605 0.0590652845812955
-0.271480964438545 -0.166737695389479 -0.248360797172282 -0.00865380830292868
-0.312085033712878 -0.0550410760854646 -0.367802579858908 0.0790520294597613
-0.340960355541859 0.04674079204076 -0.357922364483885 0.17859726028042
-0.285503078392434 0.0938673472270913 -0.339145826052987 0.20201308147263
-0.304860581966572 0.0929418552687813 -0.325618709297326 0.177530662076625
-0.314085559333854 -0.0207696621884593 -0.30628541288893 0.134229723057776
-0.2679693243169 -0.107855654202067 -0.243094978817511 0.0493630142868704
-0.208949892035233 -0.234224943528131 -0.155975393105239 0.0208975558114328
-0.127609666670965 -0.29985339536341 -0.083168863122716 0.0105309991987274
0.0150232510766835 -0.34274207479001 -0.00219850321667729 0.161401975994571
0.118393556192345 -0.42867616849835 -0.110811922844097 0.339399885425961
-0.0573429146538153 -0.201668976330889 -0.419392829466287 0.5992106579123
-0.0834827587332035 -0.11977693558488 -0.200740513238135 0.479795764728612
-0.049096218367209 -0.0810526801280274 -0.0800302668327377 0.194680104064987
-0.0309169057210829 -0.0716806193007533 -0.116806099948599 0.0430362209368461
-0.0577519641931391 -0.0722346575301439 -0.288581044804236 -0.0343043738134277
-0.104949507122927 -0.0484788769486377 -0.434241503538937 0.074216307349117
-0.139081446111212 -0.024815440108081 -0.44170695228287 0.193995550644185
-0.129363142145653 -0.00465197270815747 -0.407831896355866 0.21683814193677
-0.14478754135528 -0.0111901931331425 -0.399918937064195 0.172513993380746
-0.139436893274351 -0.0630692778645322 -0.366084683071057 0.0863436455357261
-0.0853486997141576 -0.104885457722772 -0.268494177849378 -0.0242108507758813
-0.0175552488928353 -0.11891879738185 -0.127927245513633 -0.0260919088909687
-0.000447205312193938 -0.0920579871285748 -0.0527601785522056 0.0256465426139042
0.000153218452048133 -0.109316662863102 0.000926473134371972 0.242121053609118
0.0153017158282698 -0.18689863755937 -0.142148405638989 0.462698455830132
0.159076861959924 -0.117270574587237 0.0672044366494356 -0.535527368500868
0.0878664081686614 -0.159749894445099 -0.047372585608439 -0.348686679279135
-0.0464239633059891 -0.161943033085288 -0.0153335804921856 -0.0391280372994875
-0.127166832406666 -0.068646804363761 0.0646604339226547 0.072091111928137
-0.105914091255006 0.0322074188137343 0.26556832670796 0.107929294841881
-0.0653772250138239 0.0541064507205332 0.413503192505035 -0.0169308436585538
-0.0556789253389466 0.099081769705387 0.436226913582797 -0.155414404637027
-0.0477134083295596 0.100477229893722 0.400279256817381 -0.210889388735053
-0.065610178383404 0.101795820986466 0.413922448798332 -0.204882822689305
-0.0953521695564111 0.0631767759221088 0.389935980250668 -0.109309461451434
-0.133676982223728 0.027814493992858 0.27828320127224 0.0066104746433678
-0.162458255824551 -0.0755989150821812 0.0920444228285626 -0.0446594425254424
-0.0722523513612461 -0.162636785054767 0.052899825656986 -0.198014555415123
0.0504683699293641 -0.126486639372444 0.14086726116693 -0.426318443124822
0.0975780077356207 -0.0714825157059456 0.370508414685706 -0.600813541184037
0.240530809238833 -0.372198270246863 0.0227673890569732 -0.445392864152679
0.14911395095788 -0.380447213010798 -0.0486693856834768 -0.309159973666386
-0.0676481979502049 -0.395917368283776 -0.035441833477765 -0.0237990217425015
-0.233982846083451 -0.266482069451151 0.0152186255187254 0.104432711436885
-0.280469338499236 -0.065348144834875 0.234251601357053 0.151460582405657
-0.255771978385794 0.0366746450663581 0.37667500767988 0.0392367069923057
-0.250242201758452 0.155053730324762 0.403351814102601 -0.0990596589345849
-0.206308482258445 0.185104389901254 0.344214287916046 -0.162037341757382
-0.234972982029164 0.195675708814014 0.344770849215748 -0.170843561339076
-0.280814033679507 0.0919077017645196 0.318307988913162 -0.0838973293198727
-0.311830811387349 0.00746429635757855 0.2166003395087 0.0177185436594124
-0.343292528393769 -0.190134322755684 0.0283748981042099 -0.0371628965891995
-0.204898976244679 -0.356302466173052 -0.0138724838647528 -0.210123180402165
0.046182935405671 -0.374043258647892 0.067307238212098 -0.435057215816365
0.181438034673737 -0.344607739012458 0.280723958122974 -0.58526964306516
0.299291043169541 -0.5782775165928 -0.0640563607334255 -0.293238624744221
0.201485640551248 -0.569963283801593 -0.0735272500073811 -0.217898115646851
-0.0738774520044413 -0.604223953564164 -0.0536245877912628 0.00254120499223582
-0.319262034305565 -0.458611349607466 -0.0298131449118942 0.12041688982964
-0.430916271379038 -0.173681942611463 0.171888576883933 0.160541437537204
-0.42188815498863 0.00443321901315623 0.281254621635751 0.0782236830807297
-0.41547430023746 0.183351265370421 0.306146616166795 -0.0329486545992405
-0.333669411206276 0.244206790747788 0.236850736220421 -0.0883879458264833
-0.36027108878003 0.270491269504164 0.228727824456706 -0.106191100086768
-0.420188205050402 0.129991643665216 0.208111680356537 -0.0351740605727271
-0.452812864445037 0.016196673962924 0.130741572473412 0.0392390492685088
-0.501892329239721 -0.250205440897311 -0.0335388015078067 -0.0115429719579693
-0.340110111906547 -0.485338958920598 -0.0743741137312827 -0.181177086638074
0.00483153415452628 -0.565137623209852 0.000814921214545642 -0.371474499171859
0.218301992372619 -0.568227186867322 0.176555463169777 -0.476695132055465
0.309314582350831 -0.71043201078051 -0.174683262463908 -0.0914076372457526
0.209640217279076 -0.698151006642292 -0.118507118485032 -0.0759484560107161
-0.0958868072486944 -0.740454892177296 -0.0698390318417154 0.0476014582681849
-0.382007595787835 -0.58669373124959 -0.0692918640618047 0.120625415596788
-0.532768606672343 -0.25207509619957 0.0783991585971702 0.135426358818293
-0.530861471640234 -0.023887307888922 0.132362241007692 0.0967355140548951
-0.52069943597894 0.187988901440414 0.155157022246447 0.035020328773196
-0.409796942926722 0.269222961440455 0.0949891804070046 -0.000444748201426004
-0.430284943283807 0.304549383255553 0.0879100750740675 -0.0177568492642148
-0.495430523102395 0.149467479099113 0.0748415922387744 0.0336912512014957
-0.5254127167973 0.0227982482776196 0.0291894898374893 0.0717327402400054
-0.586361767808473 -0.267453890412533 -0.0867281205598301 0.0258366606452358
-0.422224335910022 -0.537878345825191 -0.11032889315923 -0.123357120005249
-0.0414459654477767 -0.663223185762035 -0.0337262002514469 -0.249509937880807
0.21817113920559 -0.700409475589016 0.0801643178321661 -0.29131721845839
0.263933187175414 -0.740738889012419 -0.284420188921321 0.133930304404059
0.163111766068355 -0.721752356371923 -0.169887541416704 0.0955897397386177
-0.120840329282549 -0.757583836419736 -0.085462873456455 0.100369453724292
-0.395947863131761 -0.602464391820124 -0.104724284796028 0.107374261622816
-0.543765108752878 -0.273131328918833 -0.0400567263279374 0.0898330437499255
-0.550253701457567 -0.0413282209107954 -0.0481015884944904 0.10200649099846
-0.540550113623161 0.170270034951439 -0.0251232067276342 0.0978742977271547
-0.426154449564152 0.250794802663155 -0.0606693340785691 0.0883610902962571
-0.440348717091398 0.284372684056457 -0.0592479289921516 0.0747279338943642
-0.498401823988269 0.131624732408456 -0.062578320152137 0.104805486894723
-0.512737628927487 0.00438927089279807 -0.0746595860204719 0.100482307590537
-0.55535223815724 -0.271349389890519 -0.127340934567977 0.055772878222677
-0.407613462493809 -0.516992579903527 -0.118285425535979 -0.0586848742330412
-0.055423504217723 -0.648631248176187 -0.0324375410890983 -0.0990683908849014
0.193994538112649 -0.715050851484781 0.00490280200472119 -0.0661750445364381
0.170872786522742 -0.655438057763263 -0.366749205638379 0.345383015999837
0.0773124348798138 -0.615160667567618 -0.20536627644327 0.261869178773479
-0.132536695564246 -0.618220604694553 -0.0955486862158812 0.144857510110407
-0.333961184748777 -0.488146977778219 -0.130199640265968 0.085415710815251
-0.450176998505999 -0.23181142147025 -0.157339912188772 0.0410073513990233
-0.467650815185954 -0.0427115718555551 -0.22254650595132 0.099935866886461
-0.473888221451067 0.128311638676161 -0.201504730361512 0.151667248058456
-0.37748607070015 0.193516339599309 -0.206505519079067 0.162452575811924
-0.392883283133795 0.210859567222965 -0.19536323521332 0.148217028321265
-0.433290839024673 0.0707739602543221 -0.188719716274884 0.148579678011124
-0.41858250582639 -0.0462817230213194 -0.167041638364127 0.100083717533219
-0.415830548450441 -0.260872103076939 -0.149563666775385 0.0568839599634923
-0.296108610500271 -0.430982879705141 -0.106878431789466 -0.0103837665145923
-0.0319418355398058 -0.529801677882171 -0.0128478970273347 0.0436544354564011
0.152061900275204 -0.615841112411327 -0.0509590042157022 0.155014786892658
0.0504473411332855 -0.463556535384178 -0.401372059190052 0.510239289597156
-0.0170865580925251 -0.395246244682917 -0.207525828505757 0.39355897926212
-0.110340644045925 -0.367912264049165 -0.0924882704140631 0.175639025226378
-0.203757880821536 -0.2870909669428 -0.133655874286063 0.064161304958957
-0.272161336832956 -0.152142985322312 -0.243295499997162 0.00402403059973067
-0.306874033379771 -0.0386740031778859 -0.352442361399489 0.0979493109779847
-0.328951630776298 0.0665228355773893 -0.341831284338225 0.189759008169951
-0.272768790916152 0.105436987044804 -0.321919507175946 0.21078492767027
-0.289521148581116 0.106486842797748 -0.30651147902168 0.18707254840043
-0.308705912445785 -0.00153280435229744 -0.289135840387239 0.145755718753154
-0.26731964087028 -0.0935963335641963 -0.233284287195098 0.0590458635333409
-0.21826877396647 -0.217003358871655 -0.149854842507247 0.0259633897451262
-0.139170195939583 -0.284407364777458 -0.0834139417304145 0.0158855391901125
-0.00325558712245739 -0.336517890538376 0.00466135040308135 0.158082879784535
0.0912687081492103 -0.42415064285814 -0.091710571168811 0.336359077248506
-0.064681244346603 -0.195142481798977 -0.379029844755064 0.600236111789515
-0.0841262332314874 -0.11457388837762 -0.172118038705392 0.473339997989271
-0.0508705290635633 -0.0786198708180407 -0.0684358480937624 0.193146882195095
-0.0356644339094489 -0.0705878069546091 -0.110183196631401 0.0464997676175305
-0.0601047374664197 -0.069163271852169 -0.281956079121152 -0.0184208941787756
-0.103804271276294 -0.0416655775112282 -0.417886699463043 0.0971754425563328
-0.137400854366297 -0.0150153859696945 -0.420407216554027 0.209376996935596
-0.12614920943125 0.00280044352442303 -0.38717915760726 0.228152011822858
-0.140589169587933 -0.0013077393428814 -0.378396287382611 0.184701359741063
-0.14059939513518 -0.0520862310598351 -0.348990727258148 0.101578221456528
-0.0897408669229023 -0.0972950789806127 -0.261685373724695 -0.0108858018932872
-0.0258667781600172 -0.114326355044206 -0.125022747493074 -0.0211030073552172
-0.00624630361014467 -0.0895480009144497 -0.0526556013252676 0.0292062909778811
-0.00642464197166567 -0.109147609869215 0.0114110352099088 0.235603808513369
0.00519335899380586 -0.185014237350456 -0.115077766357404 0.456718916010942
0.150572070762179 -0.115902853628502 0.0548399433485304 -0.524833447686824
0.081784923896337 -0.155346853112348 -0.0534408935197962 -0.339635345366151
-0.04834210213269 -0.155811062176798 -0.0170159081739218 -0.0385903070453117
-0.123834512688741 -0.0658814041655687 0.0618564573395592 0.0699625231438958
-0.101696424792382 0.0328542690232291 0.261071862221301 0.0980522164207854
-0.0650079396395937 0.0537391764275102 0.403022251297537 -0.0287032669858523
-0.0497439635166374 0.0974821609655348 0.420967807148151 -0.163479360389227
-0.0433614397234233 0.0989525804314424 0.388403829049123 -0.212915207479383
-0.061018492700905 0.099771209547791 0.398356723749907 -0.207677317209374
-0.0909790512297783 0.0635921141671954 0.377056095150168 -0.117011407150983
-0.128848479633844 0.0300582244294057 0.272778224630466 -0.00171675055629199
-0.159569082871667 -0.0700984509544335 0.0890226501247136 -0.0431142510776614
-0.0746913415903416 -0.156283611061737 0.0496548291493393 -0.193702482444323
0.0461455380227074 -0.123203730500258 0.130167380003499 -0.418598819254243
0.0921062833663034 -0.0706552758782328 0.347190038573141 -0.592504082883898
0.221605497766141 -0.365876298310915 0.0136696079444245 -0.435049956572569
0.13596819584512 -0.372854383463503 -0.052135685690481 -0.300817018092006
-0.0737080125360504 -0.383706965927155 -0.0365013287087146 -0.0244050933227534
-0.234779135159689 -0.258264409117858 0.0147925891959831 0.103877768750826
-0.275091345165361 -0.0597400451040988 0.230229678212825 0.14115386741102
-0.252425864996672 0.0423453181760047 0.369377872161352 0.0278786819051451
-0.23819703624697 0.158145239274489 0.389694693090952 -0.108010707349853
-0.196057570095472 0.186545724930778 0.335338121728078 -0.16301098580053
-0.223363281762416 0.195344200279444 0.33149863573951 -0.173141500165843
-0.27313273299925 0.0968211513754288 0.307881379126239 -0.0897655400995976
-0.30482638466578 0.0133511103436511 0.211999503860848 0.0108059686236601
-0.340925210556951 -0.177910156663578 0.0264527541250528 -0.0356460037474574
-0.209767290831384 -0.343165790643189 -0.0173067066875844 -0.2045567414984
0.0358166960807695 -0.367305961620551 0.0586477486289064 -0.425403981884751
0.166026351902831 -0.3403792447508 0.260206923538919 -0.576855875946476
0.27366658105057 -0.569419748234739 -0.0652765187699805 -0.283650905909973
0.182744013132467 -0.560339423205203 -0.0733831325810494 -0.211108218777248
-0.0848557066262204 -0.586717216812125 -0.0534210600014634 0.00194915694641228
-0.323521113680746 -0.444844402383934 -0.0292208629103546 0.120452072901679
-0.425918450578902 -0.162361722441759 0.169166055540205 0.151469921060908
-0.416625968713063 0.0146770281222141 0.277182631605993 0.0689298626449372
-0.399632004666778 0.191868658468617 0.294424551261642 -0.0414101946529346
-0.31944613183201 0.24841696572324 0.231762303168446 -0.0879763294778496
-0.3436205242305 0.271253739341677 0.219495470748508 -0.106641306060131
-0.408669650422398 0.138623988190849 0.201247185325445 -0.0387753486424384
-0.442993357260835 0.0247322355530615 0.128213867948277 0.0342903736769289
-0.498655036186586 -0.23251116170121 -0.0346138410568491 -0.01009662201359
-0.344172688856947 -0.465157698515517 -0.0771344013189158 -0.174541940085376
-0.0110119978534031 -0.555857773547575 -0.00514650821119714 -0.36106256501144
0.198752706320307 -0.561270067219781 0.160335660997887 -0.468390889910525
0.28144658763414 -0.697901474407721 -0.167822349340571 -0.0846934747800795
0.187866471401373 -0.6885191824527 -0.114729237974057 -0.0717701709932696
-0.108629606675677 -0.721489750417083 -0.0686035190469241 0.0466414397287242
-0.391263830139122 -0.570393093058194 -0.0670040749749652 0.122457585268192
-0.527742279346486 -0.237354431938209 0.0771206986905975 0.130608851535909
-0.523328406094778 -0.0101239003561694 0.133154408989613 0.0920722482808266
-0.501803158560606 0.200259952669448 0.148702616419385 0.0280824554125571
-0.393385641169694 0.273225224362913 0.0936943896541269 0.00103792165117056
-0.410256549226775 0.306761215769554 0.0834662188933597 -0.0179930044944747
-0.482909438079178 0.161430741091343 0.0737818875885815 0.0322802151780106
-0.515276913384395 0.0332246738425518 0.029494176147684 0.0692287819700964
-0.582147624707794 -0.247280627347202 -0.0856863898108713 0.0269688613006316
-0.426512790601904 -0.515578169317852 -0.112253922212271 -0.116084522073402
-0.058407955981081 -0.650003883751777 -0.0362172409844456 -0.241009732392348
0.19206530173078 -0.689612383177621 0.0703247198141966 -0.284015000634924
0.235799074502155 -0.726642926709743 -0.270307837877412 0.137383040532884
0.146033518415392 -0.710200590321888 -0.16165391821691 0.0963259337017744
-0.132515098766891 -0.737842052541803 -0.0834918374633435 0.0985309586618421
-0.40651256076838 -0.586195375039736 -0.101211224487674 0.11028135817022
-0.541274350498715 -0.259444423128627 -0.0394351798758089 0.0896486234193614
-0.542007998420802 -0.0256175177523942 -0.0430683553580634 0.10235117177182
-0.522887159933589 0.18255816995635 -0.0256574054837728 0.09421910293141
-0.408853317673696 0.256416089599125 -0.0573395535470833 0.0900757659858277
-0.420338976798772 0.286340912900887 -0.0573982548345475 0.0756476248930283
-0.485651837905161 0.142462290844031 -0.0582124111093321 0.104988682701006
-0.502788266064036 0.0133735623746956 -0.0716484479791991 0.099392933905222
-0.552050313212935 -0.250989135746573 -0.124759137189844 0.0559776127237217
-0.410095044328781 -0.495586779051643 -0.12002699533506 -0.0529261613305504
-0.0721241612155009 -0.634645274172341 -0.0322456897211342 -0.0943042442897765
0.169355967237572 -0.703992907447541 0.00248272110965378 -0.0624398272512402
0.148430417783783 -0.642357536684459 -0.347229016244927 0.345603914692909
0.0618488657366006 -0.60717789332175 -0.19296901578693 0.260985397318022
-0.141642922640988 -0.6063733433596 -0.0920844633859376 0.143718252195116
-0.344066718967673 -0.473974996290989 -0.125583116070388 0.0880945711569858
-0.448201185755966 -0.220666473393824 -0.154901771325709 0.0456370320405059
-0.461070358080479 -0.0311050857633283 -0.213865812477644 0.105963972921009
-0.458212162895275 0.140129807480759 -0.196601904037524 0.150943533958751
-0.36353474458464 0.199641939548315 -0.1998336637411 0.164523806151624
-0.3754748645459 0.215625740101548 -0.188728038460347 0.149015219748249
-0.424326390318634 0.0827129526526805 -0.179572142504414 0.150079951966248
-0.412835963789209 -0.0383290088542801 -0.162055317106351 0.101321889032748
-0.414282409230539 -0.243983131727663 -0.145760732681459 0.0571806227256016
-0.299324279192514 -0.415127253947034 -0.107601055785566 -0.00493989705499672
-0.0460673597904118 -0.519629716048602 -0.010890552750713 0.0450141038712545
0.129843037300422 -0.606373237260029 -0.0469279565902223 0.154893604026891
0.0365718103238364 -0.454470081692925 -0.378099601365227 0.507557494467482
-0.0245113456543067 -0.389182530524149 -0.193718579872054 0.389031152868801
-0.115499982324978 -0.360807190337819 -0.087412383836488 0.173994381140434
-0.210129188531317 -0.279465793030783 -0.128915092782264 0.065778007039191
-0.272432099302393 -0.144738611750994 -0.238391409304501 0.0109531365933358
-0.301076059727618 -0.0308449281376063 -0.340810987121944 0.106684539047399
-0.319925585310602 0.0763977176108584 -0.330398858728914 0.19224608169224
-0.26409198008556 0.111786550056887 -0.312513099103795 0.213763839005365
-0.278198511335684 0.111748515548858 -0.29622097737294 0.188540544712393
-0.303861281064683 0.00917909833144727 -0.277006382160901 0.14976364731995
-0.265681610365312 -0.0861160812152745 -0.226623714950085 0.0626989802488224
-0.220013055814075 -0.205967717607527 -0.146176265267211 0.0267155043073181
-0.142363923292167 -0.27443846246498 -0.0835529668317221 0.0197049403695982
-0.0130430091728869 -0.33129156000206 0.00852680741990739 0.155257185717993
0.0774573311636155 -0.418557240438113 -0.0825611068360709 0.333195342762147
-0.067475570978871 -0.190355712250684 -0.357010418895779 0.592524026556831
-0.0835111595737927 -0.112745839175209 -0.157860235894409 0.467765973269074
-0.0515219723811869 -0.0782818242208266 -0.0624370922262237 0.190700072425909
-0.0389180519289753 -0.0693089523656528 -0.105772371494866 0.0469830018079876
-0.0613021982622931 -0.0673782068045721 -0.276699090650474 -0.0100532168168336
-0.101933486707415 -0.0391445952912552 -0.405077106969788 0.106709847341029
-0.135375642402755 -0.00873356082532418 -0.405900245931879 0.214344443531
-0.124025391910418 0.00707948400584191 -0.375887299515908 0.230317523133487
-0.136411311420304 0.0033922268590625 -0.365818982375983 0.186956517366178
-0.139721183749751 -0.0447892150009481 -0.336746319422311 0.107747583992521
-0.0927345950999671 -0.093124349294248 -0.255162214897395 -0.00489604546725503
-0.0303376838454639 -0.110113066149228 -0.122149647347382 -0.0196509129329307
-0.00909239708575124 -0.0885381699314104 -0.0531040891767201 0.0323888271658107
-0.0100202188454218 -0.109003949074747 0.0159138340243767 0.230621865443507
-0.000538521590647392 -0.183231767283741 -0.103109137518772 0.450322348442228
0.147444164963531 -0.114551177647648 0.0486041870186478 -0.524107611556428
0.0798553494968292 -0.153175071556315 -0.0559930008863871 -0.338710638213137
-0.0492430083812577 -0.153605297248606 -0.018161752069312 -0.0393752204482439
-0.123446010579459 -0.0656848827574598 0.0602618707404861 0.0705789506858982
-0.101114616693483 0.0321671083079138 0.260198402958198 0.0938793185116394
-0.0661259327535352 0.0541700454218511 0.400124989926583 -0.0368367001461853
-0.0466800586325677 0.0957703067974248 0.415837927931587 -0.167944798022211
-0.040841532797086 0.0991441591021356 0.388185641386359 -0.21434808546659
-0.0594887338012818 0.0992054669219399 0.393987353930293 -0.210835331033047
-0.0899584435932568 0.0636613955300105 0.372326326314713 -0.121564448777366
-0.127069415467192 0.0308718667935415 0.271954112405141 -0.005356275667906
-0.159679399329732 -0.0682057308950172 0.0892452049422533 -0.0419068317354778
-0.0770681076639346 -0.153647598638078 0.0500947242538518 -0.194448313293605
0.0458922200188665 -0.121577676161603 0.126994180519944 -0.419196606625355
0.0908358619006446 -0.0701227539633903 0.339172333799255 -0.592917031545261
0.21421347912723 -0.363430176942448 0.0119031677571395 -0.434444721109171
0.131315876948829 -0.371193328073812 -0.0532402593732882 -0.30032974744768
-0.0764961482960423 -0.380624320566813 -0.0378694032018891 -0.0250396969332466
-0.237853595431911 -0.257176528275722 0.01317233978228 0.105534196467714
-0.275278821197472 -0.0594023162898101 0.229304224350564 0.138427689386732
-0.254831779901005 0.0456105737281199 0.368665937826478 0.0218751520225493
-0.233370173523606 0.159973446467847 0.382967333751273 -0.111980191278006
-0.192440280163183 0.188821901607881 0.336339507583368 -0.162922329315235
-0.219388752806254 0.196196663601775 0.326943304639933 -0.174491541853881
-0.271765342172433 0.100817933973768 0.304809616371886 -0.0934445762201651
-0.304479791904803 0.0158681052391198 0.211684246584421 0.00842010126524218
-0.343148961119695 -0.17421481814138 0.0257102549212225 -0.0346812258465144
-0.212878508701527 -0.338808058442164 -0.0175099904712639 -0.203831862719402
0.0318428017483082 -0.366857641461926 0.0564421390296528 -0.424459144839319
0.160846444820497 -0.339912740285095 0.252738934888745 -0.575610484703556
0.262027570275823 -0.565987987387504 -0.0642109697301007 -0.282428685322042
0.177427350013478 -0.558538756170409 -0.0730892922061331 -0.211273738063168
-0.0888583674882837 -0.583479875390243 -0.0552721775470932 0.00166923187810249
-0.331495516033319 -0.444937174143436 -0.029928556388405 0.124390422638979
-0.426777077166718 -0.160487432255269 0.168282023548716 0.149831631059842
-0.419438040495362 0.020087909802903 0.278922986236235 0.0643883732182227
-0.393663822636594 0.196945493106494 0.289008725017616 -0.0454137627761617
-0.315494527402462 0.252020263980971 0.233025965169202 -0.0872349662954549
-0.338108246174283 0.272933608049607 0.21653860128625 -0.106875830087269
-0.408413296424124 0.143983433672927 0.199438212925712 -0.0405537720750472
-0.44334066970182 0.0274830668718424 0.127400863457491 0.0325556616654642
-0.502169372356846 -0.226996125950647 -0.0351182091769984 -0.00825328860319915
-0.349383620013183 -0.461335452158417 -0.0785568132974027 -0.172886766215768
-0.0174710610989607 -0.554828294685289 -0.00567467070752897 -0.359303311465652
0.187688080589099 -0.561020478092384 0.153402640957239 -0.465691844219413
0.26817002676479 -0.696235235866442 -0.162873397843731 -0.0820450227406509
0.182625100308118 -0.687997421122541 -0.11216554693594 -0.0718080100936677
-0.115590216887972 -0.720798479654695 -0.0691963083634751 0.0469347077547006
-0.401588704579981 -0.569282861463804 -0.0667110519845454 0.12629135062373
-0.530569902437507 -0.233727728419752 0.0759249548243566 0.130419473001482
-0.527192471682791 -0.00342727878943955 0.136005429957787 0.0911989732524287
-0.494505746075848 0.208616689907955 0.143757622548854 0.0243645087783745
-0.389531005531346 0.279287792908129 0.0960238042392685 0.00281449217261316
-0.404479763593796 0.310074602460294 0.082094048564791 -0.0169796652821763
-0.481747916136713 0.168699597356828 0.0740687369260004 0.0321293889373091
-0.515633171939661 0.0364858074491983 0.0287381651336782 0.0689662993143763
-0.586529894434613 -0.239910880211865 -0.0870893297243152 0.0279362743684621
-0.431743636733864 -0.511994432564839 -0.11428829642433 -0.113516538196303
-0.0665403166697222 -0.650590254345393 -0.0357158106057218 -0.239193823242588
0.181228851735175 -0.691296622436397 0.0655844720162015 -0.281496658313786
0.223034000095808 -0.724356568620311 -0.26288609864022 0.138913591108904
0.138140927013094 -0.712078152338939 -0.157335564653793 0.0979172124223383
-0.139298453720036 -0.739721192539154 -0.0836238106146599 0.10023715208699
-0.417500767870349 -0.583326500506778 -0.100026794602112 0.113870094098946
-0.545136191351545 -0.25342938575383 -0.0399974071011032 0.090816258167813
-0.545898671981381 -0.0193831594473128 -0.0393148010274132 0.104460584842025
-0.517244229146978 0.192610920405647 -0.0293133181018537 0.0925274582467868
-0.406502558016869 0.262225044459764 -0.0548834262179422 0.0932692054502096
-0.414955651668021 0.289908064834008 -0.0576757181749317 0.0770634356264805
-0.485150690883412 0.151014093830358 -0.0556815945730662 0.105758101522193
-0.50459620859658 0.0164674100369227 -0.0721190654626127 0.100245138089394
-0.555483272373942 -0.243659057500407 -0.125651158580136 0.0565245657463338
-0.415365631692714 -0.489406632520732 -0.121612114140986 -0.0493961566846924
-0.0812044877526233 -0.634199050632862 -0.0307779355476854 -0.0926851295272562
0.157204063970127 -0.70566473968986 0.000741762888732493 -0.0593627792376562
0.138785883473423 -0.641629565506874 -0.337966410395335 0.346906381247813
0.0574880584834738 -0.608615344628158 -0.18780250541646 0.262518912913284
-0.14674533995101 -0.606548847883253 -0.0920636772432785 0.144724620134766
-0.354094234565402 -0.474307264485491 -0.124754740706873 0.0907614778568613
-0.453101681663302 -0.215769143014986 -0.154527171530269 0.0481938392640491
-0.463460959143233 -0.0245355560663921 -0.208892202664033 0.110578245076891
-0.453561835797758 0.149581926093705 -0.197946378965224 0.15109917055636
-0.360986744919214 0.206231930510825 -0.197494659848582 0.168150116356074
-0.369927481578366 0.218568286776078 -0.187579254171676 0.150857941576423
-0.424116247039611 0.0904124355526197 -0.175726393179438 0.15186349693855
-0.414541488327947 -0.0353189020703141 -0.161587336531322 0.102828186601639
-0.41863071906414 -0.238640383236132 -0.146857587847162 0.0570669747244204
-0.303604062960292 -0.411289750761277 -0.108635256434144 -0.00120868710000088
-0.0545962099552331 -0.519778370906525 -0.00880167810576888 0.0462642120187926
0.121292491952041 -0.605843508374114 -0.0453573884249401 0.157246416960889
0.0300612429933013 -0.454012830729745 -0.368941704553819 0.507618274417005
-0.0269748466305423 -0.391801294083809 -0.188481940551047 0.390651419229637
-0.119268811573358 -0.363052118702169 -0.0863475423648588 0.175310729035329
-0.216686416099832 -0.27955169355395 -0.127188958850578 0.0671796498990769
-0.275537392926631 -0.142643023493199 -0.2385650106617 0.0148373097087673
-0.303209166865995 -0.0273077545640472 -0.336734922751083 0.113454888632358
-0.317056833544285 0.0837369958803338 -0.330289056220033 0.194969747848517
-0.262786457193579 0.116672873753248 -0.31111265637417 0.21746841976326
-0.27486195868583 0.114716112293858 -0.294741842899312 0.189655850794856
-0.304113983927842 0.0153650730840095 -0.272705916966709 0.152339389658518
-0.268409571782654 -0.083268886654621 -0.226151068960145 0.0645183630064058
-0.224471163664206 -0.201855711186891 -0.147134112338076 0.0264422296438457
-0.146677404963017 -0.273215878939052 -0.0845115316140518 0.0235456787163804
-0.018477957950679 -0.332660029934182 0.0110245796927851 0.156431981959363
0.070999091636968 -0.41950841047552 -0.0793392226165859 0.335342036728807
-0.0695565704316875 -0.190793461318431 -0.348962828122719 0.591847523211254
-0.0833777032543782 -0.113944947224597 -0.152341315626238 0.467437835300071
-0.0527355983369306 -0.0806509243979769 -0.0598807324129178 0.19142593791127
-0.0408215218723228 -0.0690746045747752 -0.103644982194729 0.046262549532833
-0.0627438178155893 -0.0673302831526265 -0.276686390875562 -0.00604648801800151
-0.1022137720181 -0.0383652525980235 -0.401675704836465 0.113737754202575
-0.134806149400015 -0.00446382062150842 -0.402827229965922 0.21801316792737
-0.124851875207112 0.010011069767802 -0.375269295275267 0.233396551930854
-0.135769330053972 0.00611327100980598 -0.364110812565372 0.18935848579788
-0.141180694301043 -0.0403020233121679 -0.332453679109973 0.110154657761722
-0.0955036475484049 -0.090695119195229 -0.254553525378134 -0.00305554985007673
-0.033248721517642 -0.108054293665861 -0.123083386216827 -0.0200393686202789
-0.0115747424729346 -0.0893450111677135 -0.0537542690050372 0.0355779501803268
-0.0139074439358942 -0.110849270285215 0.018682138525727 0.230938216309996
-0.00342246414754804 -0.185195959181067 -0.0982582965184008 0.453396659757494
0.148515088483702 -0.116888846502524 0.0414525757675651 -0.538567835811354
0.0798941119072337 -0.155199411219885 -0.0643933270569772 -0.346609538338722
-0.0513229915264277 -0.15488847369246 -0.0209540940289589 -0.0399544818511068
-0.127472321680751 -0.0664649256240773 0.0611324232586358 0.0726980459639318
-0.103220392818087 0.0326467078275335 0.266502421018353 0.090345152913373
-0.068622935580542 0.0572495773503653 0.40728020936761 -0.0478196378275281
-0.0445499906947096 0.0974664732700624 0.420216811352644 -0.178750922332782
-0.0386480237601505 0.101725305882002 0.396868408817603 -0.225716347161093
-0.0587495083359064 0.101984438593334 0.399457344805613 -0.22050693711072
-0.0907204132441035 0.0658930331303753 0.377710057843762 -0.13165685420497
-0.128847959896905 0.0338007466227833 0.278185268331805 -0.0107589869014555
-0.164189429576455 -0.0675670042151126 0.0912260992915314 -0.0424146411002232
-0.0812175927367458 -0.155002689982369 0.0501986445284788 -0.201218665186002
0.046069673883139 -0.124132804033007 0.124651087738627 -0.431983981705181
0.090825844023429 -0.0719619451686024 0.337334473920081 -0.609370605657624
0.209418823303957 -0.371886759755099 0.00706374018591106 -0.444286524965089
0.127664126400401 -0.379344456925917 -0.058717117002674 -0.307709190448156
-0.0834180419781387 -0.38703455533886 -0.0410656324197528 -0.0248888547721331
-0.249515034989058 -0.261685651421157 0.0139763532334541 0.110622152847624
-0.284167518516594 -0.0579128650758516 0.235424683362371 0.137024504623355
-0.263109718074339 0.052835421899328 0.37682230543868 0.0133844653834453
-0.233950082247079 0.16728542303734 0.386177687303473 -0.121299887857132
-0.192853363541046 0.198159951633019 0.345932827660737 -0.170796913437925
-0.220613811991459 0.204006059880113 0.33157497446065 -0.181598270404539
-0.276989003795976 0.108330818003187 0.308528572221636 -0.100689492833789
-0.311857073845862 0.0196237526126637 0.216841309451297 0.004592118959228
-0.355779951985914 -0.171549415023183 0.0265872318957695 -0.0337157555088886
-0.223336839675947 -0.343407708077944 -0.0205197904919006 -0.208792098058116
0.026425122470503 -0.376852284155439 0.0527155979736856 -0.435383189721797
0.15755776331734 -0.35017323234005 0.246459317354402 -0.591493288643136
0.254719364173808 -0.578878727749238 -0.0648070141389127 -0.288260292619877
0.172358382247463 -0.572638588293609 -0.0758709619304217 -0.216742251347505
-0.10007694616323 -0.596398401703204 -0.0579891488474779 0.00273872444717394
-0.350161961622289 -0.451852002977933 -0.028789821384627 0.130682854224949
-0.443762949140574 -0.157975071392127 0.173397946241588 0.151170926245097
-0.433218615142316 0.0302154628056138 0.286747743763318 0.0608597623171535
-0.39562839151651 0.20898396966058 0.289338999190878 -0.0522507330475556
-0.316323614843637 0.265638835998046 0.240664082859441 -0.0916679662535439
-0.33998456150671 0.285001813632196 0.218849306503806 -0.110250154145397
-0.416536808946327 0.156550662627407 0.202441822605093 -0.044909184777539
-0.45493041745863 0.034517033585983 0.130180849266314 0.0314809876563802
-0.520108787811847 -0.223059936140583 -0.0370632694080781 -0.00673809296228732
-0.365690418364208 -0.466218254005356 -0.0828695201641865 -0.175408940920952
-0.0278786176329979 -0.567645171864565 -0.00933575856975287 -0.368445047138111
0.17939290152829 -0.576638065527896 0.147367956264712 -0.476313503155666
0.25790108261437 -0.71088384911123 -0.162002747037077 -0.0828677925637092
0.174450472119193 -0.705115791409978 -0.112972595048467 -0.0729593531692847
-0.12750307432264 -0.736740282919029 -0.0724186886022657 0.0496314373411679
-0.425399058017806 -0.580337085293419 -0.0662626612161458 0.13404871004688
-0.549816995128761 -0.231580802905328 0.0788991276846749 0.132756440433702
-0.544116602438518 0.00839889511072053 0.142588442217339 0.0912484862280376
-0.499108111032121 0.22410162998394 0.141170979003847 0.0223056714443759
-0.392664925382463 0.295584265230736 0.101704186751189 0.00322355350794688
-0.40637928738259 0.321706288313614 0.0828989925564054 -0.0165147536587123
-0.492541124321405 0.182313971214872 0.0758400156693191 0.031842060882844
-0.53001823022786 0.0450715667343992 0.0294547517835776 0.07022836554399
-0.606302237102656 -0.235043282293731 -0.0903272551018031 0.0308849159180885
-0.451017726891656 -0.514827209845762 -0.118278759878424 -0.112980298678289
-0.0808815413853484 -0.665177685266654 -0.0377680107153563 -0.244553710521614
0.171478486263065 -0.709192588841053 0.0615516354299881 -0.285668998510673
0.212681744535184 -0.741107504418613 -0.260574233437412 0.144860039118104
0.130911727498574 -0.731002317172085 -0.156048016070287 0.101389829336787
-0.154428684755034 -0.756656523656283 -0.0854517675752258 0.104922583472119
-0.444451116419307 -0.595597444396522 -0.0999560170195435 0.121134465430793
-0.567857682575585 -0.251799216608061 -0.040188881583586 0.0955286450818259
-0.563852884608616 -0.00826121624017236 -0.035823464419735 0.109584504736374
-0.521885511660862 0.207932314784603 -0.034617333779068 0.0947453578695671
-0.41082337515598 0.279617069915071 -0.0526632448107136 0.0975729110672634
-0.418502072730664 0.301774103678455 -0.0588262273659517 0.0813957189407325
-0.496070896281595 0.165715441771056 -0.0546197975571053 0.109158307802359
-0.518735776635654 0.0244725216712056 -0.0732462178754881 0.104351335280123
-0.575729613235784 -0.23975535875346 -0.129806706025183 0.0602573924315481
-0.434822093806865 -0.495595732204093 -0.125263895422313 -0.046522908277952
-0.0973805898004474 -0.649301345725879 -0.0311272142385141 -0.0939477115108229
0.146410069038129 -0.72522879519936 -0.00110244651889484 -0.0577337571178031
0.128147102956164 -0.655474506642503 -0.335244280422632 0.358272931888522
0.0502091987671888 -0.626737348040056 -0.185303149261557 0.271531583591449
-0.161038216458351 -0.623955252606518 -0.0922616999132035 0.151090650686276
-0.376365757187474 -0.482285714497927 -0.124571767091062 0.0970596588648682
-0.470784562324386 -0.214655673683332 -0.157986900584167 0.054141685938643
-0.479559156928802 -0.0155046760564412 -0.209707103501838 0.119363294765559
-0.458842645149357 0.164993671714268 -0.204834149743913 0.157833962877693
-0.365570857532688 0.220265896141541 -0.198863321249483 0.177232161678806
-0.37386598780894 0.229924476152379 -0.190428899301529 0.15854581381784
-0.432847719978628 0.103267941402669 -0.175906180059957 0.157537377746694
-0.427153004433433 -0.0295467187500139 -0.164743273363319 0.108290456668909
-0.434661128790619 -0.236070586106972 -0.151645916501846 0.0608162475321596
-0.318449178625254 -0.415615743014479 -0.111752350668519 0.00306685689727178
-0.0674043326646412 -0.532348673928099 -0.00596920673447348 0.0481462476725558
0.110823378547686 -0.624164706661307 -0.0443946418094982 0.165311254571105
0.0220307444453037 -0.464300401201855 -0.365014779914646 0.522278367206601
-0.0331990748053835 -0.40377543874786 -0.183082012015214 0.403866526034956
-0.129799110100856 -0.375006485303253 -0.0855535006391399 0.182525920483314
-0.23086699005554 -0.283901846227411 -0.127898021481174 0.0711341349772686
-0.28634778348429 -0.141704584657554 -0.243620068712636 0.0208851155674701
-0.31320498934671 -0.0214892926643172 -0.340090198607327 0.124641853909972
-0.320759333809801 0.0944818171650288 -0.336978565705001 0.204687298438908
-0.267402432688741 0.127348135263539 -0.314748212275097 0.228395665826031
-0.279290925314142 0.123092205213509 -0.299295466299107 0.199457659256292
-0.312193301184535 0.0240085333206365 -0.274618354972126 0.159361453531925
-0.277995199797069 -0.0809224365376583 -0.230944769565936 0.0695402400661791
-0.234365625287465 -0.201896447360261 -0.151734614366048 0.0285385986705667
-0.156231753335802 -0.277464998327781 -0.0865769484462557 0.0281993168671886
-0.0276528856952881 -0.340890377471983 0.0153886079579869 0.160563582606124
0.0633535046664213 -0.432366264917958 -0.0753673918738203 0.347099657296726
-0.0746328872150552 -0.195223015176044 -0.345782250812879 0.607409191918826
-0.086282841761149 -0.117831035088478 -0.147840173419335 0.481785748762729
-0.0564371795997495 -0.0845116300716292 -0.057620487328945 0.197974947985094
-0.0447531465981303 -0.0704679434787528 -0.104916474729707 0.0484096869835376
-0.0655013744970514 -0.0679613946579291 -0.282631424233885 -0.000512243806038923
-0.105644532869578 -0.0383746690958579 -0.407763705903589 0.125745530982656
-0.137393983086477 0.00109571494121687 -0.409114911848222 0.229189598366483
-0.128016716421969 0.0151726184943947 -0.382703930066579 0.246375813509086
-0.138752822493367 0.00968699001574248 -0.370548470492275 0.198611867201168
-0.145467159455026 -0.0355647341831584 -0.336246493743807 0.117489692474191
-0.101284197556898 -0.0900779746183571 -0.261011547607779 0.000902122478417156
-0.0376940896409581 -0.109409645136897 -0.127012835203353 -0.0198710540013981
-0.0147991729264459 -0.0925288418126132 -0.0552015336617024 0.0405533985359938
-0.0184721292705395 -0.114385263428421 0.0240592195521174 0.237147586919032
-0.00796058721804263 -0.19164506749825 -0.0937641357798284 0.467932259562321
0.125139564427067 -0.137931967188868 0.00853796883169848 -0.543637802391277
0.0552106294651961 -0.165484169486986 -0.0870056782392338 -0.345743313649163
-0.071885256436395 -0.149019569826415 -0.0119496315885073 -0.0415748048062161
-0.136975581891014 -0.0498024414357137 0.0764167825148084 0.061259982221911
-0.0967930856799762 0.0424301653512125 0.278171728069762 0.05879882305329
-0.0617878995719015 0.0603801814019928 0.40729503696135 -0.0926082545309146
-0.0301036361701553 0.100572922552271 0.406930282785242 -0.232756732465671
-0.0278426735442413 0.103665413642469 0.386458872105823 -0.272279030105118
-0.0462628213320882 0.110976484126868 0.396871182354622 -0.270467690554567
-0.0856383387962946 0.0809667722729963 0.38564412467212 -0.177647920069904
-0.127279118986812 0.0518660477904148 0.294880353396924 -0.0412112141583056
-0.176560021573297 -0.045849629254518 0.100663417962193 -0.05365833745494
-0.0976286603661424 -0.146249730156314 0.0403929068956498 -0.213317807708386
0.0431374674029097 -0.128404572539456 0.0837909778399512 -0.465564638554191
0.0965876753491225 -0.0779622286047646 0.295038797509176 -0.664252233673732
0.153499309325825 -0.400028400270045 0.00148691026255862 -0.440324004295194
0.075261594002681 -0.397521024227599 -0.0643366122331553 -0.30242724304059
-0.135545529578023 -0.380123465619751 -0.0105945985753211 -0.0252846174715803
-0.289736293131528 -0.22982250680944 0.0508539250031798 0.0984085941633023
-0.291006051063559 -0.0274354395814252 0.256517586466997 0.0983651876458544
-0.259874127195827 0.0790350906022769 0.384344830117946 -0.0372208450528177
-0.213650371793731 0.200213645853756 0.382111712092189 -0.183461526960554
-0.173503201581564 0.217117375481239 0.33679033995231 -0.212701667733608
-0.198991833708139 0.234693899524041 0.329856935297772 -0.222128155832366
-0.272440670275448 0.147767877736189 0.319811621951756 -0.141091699792243
-0.31595850238916 0.0589489208550158 0.233960728553558 -0.0216194975377491
-0.386744124621732 -0.130739986322123 0.0391937633629186 -0.0384380511262385
-0.265686896631793 -0.326763932256927 -0.0269175170051958 -0.207158835397938
-0.00462764603320073 -0.391589571468909 0.0023533883448994 -0.448695501077184
0.138839232451365 -0.379345200596386 0.188558547970117 -0.624300198585655
0.171546673051966 -0.611325174158046 -0.0431523196121362 -0.270737237044396
0.0949815646230943 -0.597392102179156 -0.0609518309547756 -0.205044305072154
-0.182147874190454 -0.590605878953055 -0.00592791164918018 0.00541466379050116
-0.419349174101168 -0.40736485804953 0.0265391407487202 0.118366405467078
-0.465336510612388 -0.108695584040297 0.201457576910951 0.108321055888513
-0.436236047118276 0.0776194208017917 0.300058676666229 0.0125509574084023
-0.373363290105933 0.266638580889068 0.294645349185119 -0.113016801533539
-0.292934913552705 0.30014160838574 0.23543054977725 -0.120749507356625
-0.310675377039599 0.331930665134173 0.219703188589001 -0.136085626654084
-0.409252364766105 0.213418845304069 0.214902871295838 -0.0737742911151363
-0.460761333680126 0.0889998323219383 0.146803198931392 0.0128081667083197
-0.562848561046154 -0.161631258426033 -0.0195129657680407 -0.00598400697145273
-0.427949473087108 -0.438704112108144 -0.0819059946984321 -0.160740915738175
-0.0856400291824859 -0.589852167204611 -0.0596690019850032 -0.358677787865816
0.137885731086927 -0.623406126536664 0.0842350803220387 -0.482898603932093
0.159837499989893 -0.74141792786748 -0.116220797566086 -0.0524346901672749
0.0833062294950506 -0.731146800669224 -0.0767646309566504 -0.0545925899039673
-0.22800784663939 -0.729583776358825 -0.00360133605489592 0.0538323707842186
-0.517254845774604 -0.524412490724186 0.00221210350956487 0.120577029391351
-0.585301958538464 -0.16853122741911 0.107783013048127 0.0917644297129234
-0.553070405638119 0.0695535574688059 0.157664859040771 0.0523166853985612
-0.478843073292559 0.298165527181726 0.154902051455037 -0.027779845496692
-0.367979311683748 0.339863646905435 0.100306997992391 -0.00980805498879493
-0.374125043648001 0.377661236614646 0.0862114346663257 -0.0235032795463284
-0.48337573441956 0.24964741012004 0.0903722860367655 0.0178197234946116
-0.534909203219608 0.106799453316348 0.0455425894469449 0.0622335816505935
-0.653515684642617 -0.165348333944547 -0.0704024469042254 0.0387569141785696
-0.521800339464295 -0.481148705591525 -0.110123153280862 -0.089156545113362
-0.152168339241917 -0.686470020541248 -0.0779670105024796 -0.218126229913055
0.112629778356021 -0.765443622994602 0.00557515339427079 -0.268803598577026
0.114183786432332 -0.763610705610128 -0.198468148232878 0.184637802896881
0.0402226862475395 -0.751566451052792 -0.104289428180911 0.126619176445585
-0.260347693414853 -0.748407560213186 -0.00925734531274304 0.10947973330943
-0.538775917641378 -0.537987265860855 -0.0311740268618801 0.109035724003292
-0.605451238785258 -0.18541262382345 -0.0168019779524404 0.0642591010095672
-0.57540269775635 0.057717295360266 -0.021162360242978 0.0871656587383949
-0.505815293044285 0.288156248152551 -0.016044471607726 0.0634780978315045
-0.385799705022433 0.327984161529541 -0.0495518637686707 0.103645833291241
-0.388706603423356 0.361585224531882 -0.05212168439296 0.0933418016233373
-0.488089757692433 0.229921678374145 -0.0395965505070899 0.111992396628525
-0.526065533464272 0.0831597797765945 -0.0598049025890207 0.108482245127944
-0.621278039488336 -0.174289716849129 -0.110850163760899 0.0736465607891926
-0.503741493398181 -0.461501221274034 -0.111597879911103 -0.017947122949382
-0.171006043954431 -0.669046394712185 -0.054444195853801 -0.0589208085030391
0.081022685973639 -0.779960086172627 -0.0403375885409596 -0.0229404422771507
0.0421481961188357 -0.665561086418096 -0.265221311446332 0.402827436816041
-0.024927644307076 -0.634918385781378 -0.125482996457102 0.29859486125819
-0.248525056273552 -0.611877791502559 -0.0241171094082734 0.155769394305257
-0.454084338717413 -0.434021914708435 -0.0703069762259528 0.0890255460620842
-0.506767965857708 -0.157544701939021 -0.142830324836142 0.0389595444687956
-0.491603179514777 0.0429475028222875 -0.197572420158604 0.117712367912332
-0.446830989443507 0.236172230472917 -0.184541129582221 0.15057166736521
-0.347862605746385 0.264273644250902 -0.192521014165837 0.199354339246499
-0.352083464762203 0.280860979348894 -0.183462022378519 0.186330233751546
-0.430852886343456 0.15857424478647 -0.162726268582255 0.176510848497222
-0.440169476118358 0.0172927667955686 -0.156802227055572 0.124504629504713
-0.47606902750574 -0.188567837491319 -0.138000441559289 0.0786897073368537
-0.376924786994854 -0.393821137504651 -0.0983764421525137 0.0312844095352496
-0.131958485681889 -0.550309960272541 -0.0129627771502993 0.0825013647772115
0.049748925810121 -0.672674739207094 -0.0626639405315337 0.210033955548138
-0.0354091276364095 -0.460405426583084 -0.300132574031322 0.56402954646604
-0.0790581542085729 -0.399198731723364 -0.126519983074716 0.428720464089302
-0.18324994333586 -0.363026478020851 -0.0356054702934915 0.187438571706229
-0.277987912460711 -0.253548935872984 -0.0956046992225372 0.0702795836338656
-0.310722492602807 -0.106657740754922 -0.239541762472326 0.0258661100743849
-0.324390909185858 0.0192763527350048 -0.33219080350465 0.14437921430018
-0.315653479281596 0.146756943574389 -0.317472069431343 0.223422314855553
-0.256992083350359 0.161417491877998 -0.306121512357182 0.266468115529104
-0.269199120403896 0.16140454239186 -0.294124333507483 0.239322423895381
-0.316532073777304 0.0621018190460822 -0.267604756446201 0.189934104090173
-0.294186712913575 -0.0515581148138239 -0.231384581532286 0.0925124717002038
-0.266491504413544 -0.179073864632886 -0.148186948938653 0.0468433758655268
-0.194590938681179 -0.269678831365288 -0.0778095266138797 0.0522930040480178
-0.0711692174393831 -0.354387666875133 0.0250517039380468 0.187997353139235
0.0168126808013123 -0.466002635132656 -0.0702424013818142 0.394447904767981
-0.0945690728979429 -0.178549911780232 -0.293590538461443 0.643163159165162
-0.0950083613645168 -0.10390870647606 -0.0996056050848331 0.501022368563643
-0.068909097033611 -0.0780220746362421 -0.031607569892337 0.203602379700921
-0.0568130281324029 -0.0637141965451941 -0.0962036078018983 0.055207271378924
-0.0782212695166261 -0.0575159675477001 -0.285124707033939 0.0239310265159829
-0.114359532701291 -0.0210979385909093 -0.402506151531701 0.163110512505691
-0.14228289606105 0.0256460236329146 -0.390282086436633 0.268652389094749
-0.128107348692742 0.033081951699673 -0.372634251971576 0.291494704412228
-0.140385382522008 0.0290758597758144 -0.36969913253362 0.245903944608521
-0.152590884547318 -0.0199120637304932 -0.340036244232644 0.154059652340789
-0.11415233943024 -0.0813702659122024 -0.272344129422026 0.0254622180542607
-0.0520900998409446 -0.108301080561257 -0.134206671895945 -0.00653738422512327
-0.029243677696706 -0.0955659057869568 -0.0519083873673222 0.0550034321884461
-0.0380606393567776 -0.119770299128791 0.0468602530619922 0.255508111104419
-0.0349376243904557 -0.206099739981866 -0.0655774485479146 0.51118915782043
0.118671468549275 -0.148136520393882 -0.0281836838689909 -0.554855358039123
0.0457993123116811 -0.170471150668842 -0.114377588281035 -0.34656651552759
-0.0828431573700401 -0.147185508308053 -0.0148322839658722 -0.040428374665449
-0.144555599036769 -0.0417888297818934 0.0817061594151564 0.0584803838633086
-0.0972219305242738 0.0492569541146 0.285563969272947 0.0402751765402028
-0.0592150712067533 0.067184309741935 0.407093075280759 -0.125053374848956
-0.0239230748790302 0.102668997243843 0.398861304397983 -0.263540648296224
-0.0195755436100358 0.106047384714438 0.378274759542213 -0.306165882687462
-0.0388303939253432 0.115740853915929 0.386645520323766 -0.304435124162507
-0.0820524092752503 0.0880566945496381 0.379672476743215 -0.207331281167709
-0.126437667832901 0.0612868604506951 0.29930721947298 -0.0625054496910345
-0.184333167786325 -0.0343445539379377 0.100379731357503 -0.0608722137967616
-0.109253101296981 -0.141743828632019 0.0259590856903153 -0.223039188186012
0.0361830140172923 -0.133482529542101 0.0526742500987995 -0.481021632478623
0.0931823408716575 -0.0851474846339592 0.255676078561607 -0.695427363375113
0.126800663854646 -0.414909853088216 -0.0272094198305784 -0.450359049065226
0.0502964021283438 -0.408109649928114 -0.0876703780679486 -0.305732959224038
-0.164868158693859 -0.378834882058567 -0.0122097761768192 -0.0237791703235514
-0.314881690465608 -0.213692954582125 0.0586455440898444 0.0986146251370061
-0.301429470184158 -0.00845216241728063 0.266969453438961 0.0833833169844106
-0.260875720166405 0.102023361818167 0.38956078297825 -0.0656579153069575
-0.202420036699704 0.217905046773848 0.375201780829614 -0.210602264626763
-0.160150499231501 0.234400187253244 0.332230386327863 -0.241587744129201
-0.185599246469841 0.253994111427902 0.321984035584117 -0.249406254020558
-0.268281415280272 0.170457536289266 0.315103284568739 -0.165369955118322
-0.32058661673297 0.081571986421722 0.237195048296833 -0.0378183838488432
-0.405381327555202 -0.10546629944396 0.0384295024325574 -0.0414115702152743
-0.29430029762795 -0.314438655176326 -0.0414478755330903 -0.211731449429738
-0.0321121091761973 -0.400144269275402 -0.028717719786156 -0.459291263124948
0.113478807381947 -0.396573766067375 0.147461274460386 -0.645694486205535
0.130399246483484 -0.628985903405072 -0.0591048242940617 -0.275676543814432
0.0549160620733421 -0.614325286666093 -0.0750895564681288 -0.207703630198288
-0.22741052102843 -0.589992746741192 -0.00580745887266182 0.00726870004615528
-0.461184709080164 -0.385684945260536 0.0363492482401497 0.12055052615774
-0.484258133220166 -0.0792283177026919 0.212078176842798 0.097913307641449
-0.442570074456339 0.114542718907043 0.308313814468747 -0.00909905744591185
-0.359875104554306 0.299340295272639 0.288849315008419 -0.131037109657028
-0.27568135647165 0.328236973716719 0.235550193147347 -0.140697855261293
-0.292795477959121 0.361477144843475 0.215142312938894 -0.152720331543157
-0.404407140450028 0.249652360544344 0.213517662842348 -0.0895424077470988
-0.46758187419774 0.121536385434659 0.15121176468447 0.00460277895727641
-0.590028095532591 -0.123727699494214 -0.0208492035898499 -0.00200793831429196
-0.468196396586511 -0.418537243192632 -0.095507287692529 -0.159496269226872
-0.127997694785426 -0.596395358358756 -0.0848197615863222 -0.364050287517276
0.0947482954333858 -0.64658160150311 0.051187575969551 -0.495638344446507
0.109066003840305 -0.761617427479342 -0.118164979414363 -0.049852177369319
0.035932258166866 -0.752920421358301 -0.0802499162682419 -0.0529300913397749
-0.288071735352344 -0.732022512943529 0.00142869442480155 0.0571730129766893
-0.569710369572052 -0.498896005059892 0.0123749137532196 0.124417859617618
-0.612311444590399 -0.131048724005358 0.116216178096887 0.0885782924270645
-0.562155289720086 0.116012889613522 0.167790330594751 0.042071204885131
-0.464638723856069 0.339882811488762 0.150265469293944 -0.0340422635308155
-0.347411159088213 0.374804204162062 0.104856221700125 -0.0177159787970811
-0.354612813561737 0.412995542095928 0.087176438786822 -0.02815676441403
-0.476416187503047 0.291490628403215 0.0930667553163027 0.0127046977237555
-0.542716114565257 0.147377112581402 0.050395932983519 0.0627765108057994
-0.68294032266732 -0.121446837909151 -0.0703182850871431 0.0460790375912905
-0.567824879549743 -0.455006599938747 -0.118562183106486 -0.0839119242744512
-0.205854699917414 -0.690759819779572 -0.0933405342270699 -0.21883970356546
0.0577678778057143 -0.790276229162452 -0.0139489666322645 -0.27120689160469
0.0610452282261311 -0.781894236222449 -0.18547734576805 0.197668364267994
-0.0125718568052337 -0.772731861960803 -0.095019366824041 0.133760408289109
-0.321995333354523 -0.748158761861211 0.000166272933223592 0.114876859620493
-0.594513706939246 -0.51108392035651 -0.0227943506254763 0.114352569261906
-0.634928102750111 -0.14719055854352 -0.011625177514033 0.0689274826993757
-0.586889030160275 0.104994237659838 -0.0110485577794143 0.0911848725641863
-0.492483407208055 0.331557457043363 -0.0182627060524189 0.0712409590797541
-0.367450863214817 0.364263993044374 -0.0408659248844963 0.108569566325002
-0.369541209029072 0.395672155204048 -0.0461286082038655 0.100137020826778
-0.482287995665268 0.272128561773705 -0.033287503390359 0.11687104362664
-0.533475084465968 0.122558301455038 -0.0545603528720647 0.117571346486473
-0.651533284706858 -0.132294320986222 -0.109426162780108 0.0857038840069707
-0.549570360262662 -0.437149080511142 -0.114671244332121 -0.00979988268922442
-0.223331958899654 -0.670449888353011 -0.0580978029492535 -0.058257043508761
0.0244715184976551 -0.803177845296028 -0.0428834893062418 -0.0171458655229032
-0.00411515520462806 -0.678458881909664 -0.240016110333951 0.423618802038466
-0.0695198529702564 -0.649218511707445 -0.104073390449399 0.310795458063809
-0.300265592282449 -0.61085297339972 -0.0117226116514298 0.162676662302984
-0.501062219642727 -0.412015536736479 -0.0633090365137013 0.0964100501462324
-0.530286504697529 -0.128351367678695 -0.14256269617808 0.051974352841772
-0.501420186957736 0.0830336899256868 -0.189456115369665 0.134292451575061
-0.436875070482755 0.275749325461107 -0.182665690019116 0.170503437143904
-0.333425960615634 0.298076345675429 -0.181749436229083 0.21783515895606
-0.338794495941065 0.313441058790131 -0.173869167438191 0.204308804112943
-0.430182543858357 0.195941168198224 -0.154490484946275 0.190846381982702
-0.451044092263353 0.0487148791063858 -0.152165323756529 0.139986861861766
-0.501746790846124 -0.157567163032954 -0.137537105269854 0.0912395004938312
-0.414600146223979 -0.376194914214349 -0.0968698909846244 0.0405523802460327
-0.175147471653465 -0.552520327371584 -0.00495338759471252 0.0840183755229373
0.00114102168954767 -0.691200597645839 -0.0483063339538009 0.221602545331648
-0.0688422834584625 -0.465324668131891 -0.267053620253426 0.590536744367296
-0.108418690890125 -0.405313995494787 -0.0964600143645982 0.444340128493627
-0.216354251963265 -0.361051108270726 -0.0219684781273049 0.195323654424221
-0.305925440242618 -0.239975360198686 -0.0918492467871289 0.0778425110959114
-0.326412031431885 -0.0879632639227455 -0.241013823289206 0.0440404621813881
-0.332124547311106 0.0442533655549526 -0.325217163661471 0.170876067539605
-0.309272654882718 0.174002256714656 -0.311367845977142 0.25207340329621
-0.249585955955126 0.185107702783805 -0.293843662922589 0.293516748327313
-0.263077846447777 0.185675592590485 -0.284195977126966 0.266450747079841
-0.318526455940444 0.089440357643379 -0.260151338568369 0.211611851124132
-0.305914406785336 -0.0320708289527124 -0.231588509154929 0.112385423110472
-0.286609697969935 -0.162648444958236 -0.149658887071008 0.0585629296626468
-0.220411572574481 -0.26258901307302 -0.0744778783223511 0.0608152251455909
-0.0993469570184428 -0.356784146267925 0.0402770738969702 0.189119943674064
-0.0189229731194205 -0.479032789069035 -0.0425515686795678 0.410245898045936
-0.109466684961373 -0.175730534240261 -0.257665652454391 0.671978485547502
-0.104130073713557 -0.101259323554403 -0.0652718183074836 0.517048206769724
-0.0783744792367519 -0.0760464742115511 -0.0164104272492738 0.211030870322627
-0.063478236268797 -0.0619303487627857 -0.0935231052996656 0.06160196543518
-0.0833940320231933 -0.0551594431969864 -0.288024043305399 0.043858618936613
-0.119264609972795 -0.0138480967579219 -0.396500313135686 0.195714060447662
-0.141294468562763 0.0379994675480679 -0.381892164001533 0.300972724536586
-0.128059710877276 0.0453171408688939 -0.362320509473873 0.325301884175991
-0.141275323126955 0.0414275826755594 -0.360755776323172 0.277935976522931
-0.157152063379573 -0.00678362710465367 -0.336320244286583 0.179756576292842
-0.123836185910195 -0.0738011937178167 -0.276636675479881 0.046052656410385
-0.0620890626756513 -0.104804640924465 -0.138762411173148 0.00260003861039067
-0.0399720794315925 -0.0954977575544497 -0.0475625692058966 0.062498623927357
-0.0488861819655666 -0.11994015555162 0.0677313280123324 0.257301248957761
-0.0524024631041014 -0.210292795682183 -0.0306002227239501 0.528854825028624
0.106013178229676 -0.154623923889717 -0.068683751877092 -0.546827252198509
0.0343302738243274 -0.170438951266936 -0.140934246523877 -0.333863343021381
-0.0920730380425752 -0.139905172890625 -0.0167650455164586 -0.038317771180105
-0.146975270150955 -0.0301956062779509 0.0850399513528576 0.0531839415294856
-0.0938374310308753 0.0560383341513998 0.284535069564209 0.019437069941256
-0.0543913731939919 0.0725270037102403 0.391774734554377 -0.155613411506107
-0.0157365136863657 0.101595832143084 0.375544332224085 -0.28779191339171
-0.0102322039022934 0.105783042113471 0.354590203545929 -0.332775456527117
-0.02898812493351 0.116885077874106 0.359608880282269 -0.330681884889484
-0.075071815281989 0.0927249508430867 0.35956919882863 -0.23371741126592
-0.120776302996691 0.0693826981882398 0.29362002352714 -0.0858147789855248
-0.185061342661254 -0.0193614404388577 0.0966938287685079 -0.0675578724651474
-0.117680884798271 -0.132021756336762 0.00850551990186335 -0.225537823700615
0.0267879946381512 -0.134840244236711 0.0151513956894744 -0.48111266564943
0.0858197052064079 -0.0904779713423163 0.19738505779294 -0.704663562369151
0.0926662087422807 -0.416830007249884 -0.0566210041995728 -0.444946367477292
0.0199795774489911 -0.405370157973354 -0.11024707047161 -0.296748541618855
-0.192461388177047 -0.363210665811677 -0.0127404447073935 -0.0221389858868071
-0.330823073812403 -0.187053983210111 0.0657706115847148 0.0951119567019738
-0.300860705793919 0.0143834858680499 0.269880287870499 0.0643279721761661
-0.252336833098003 0.124570504473448 0.380530757029451 -0.0961562963152196
-0.182923714699845 0.22973517331203 0.354374778153874 -0.231345889695252
-0.138387049128934 0.243649773445461 0.313835709568498 -0.266033641798752
-0.163900389379097 0.266033046788919 0.30089092427362 -0.271200181866397
-0.253747502165272 0.190809474157232 0.299225519335293 -0.186604125017034
-0.313646726640944 0.104458040630845 0.233778659047238 -0.0551209128420898
-0.411855090186872 -0.0720122447292351 0.0355083154760044 -0.0427730103228233
-0.316283698871571 -0.290627215690724 -0.0588951435264461 -0.20862528919955
-0.0621791310560027 -0.394450335268543 -0.0629993492902249 -0.454303451836231
0.0812622578450681 -0.40074910730155 0.0952211053414311 -0.647479709692013
0.0791213215169938 -0.628826446711952 -0.0746161877354954 -0.271846784879027
0.0102897177671427 -0.611772952435319 -0.0895144087445752 -0.202074251769258
-0.271786113571555 -0.568770005413385 -0.00322955656147688 0.00856087597671323
-0.491702236267959 -0.345587419208418 0.0463919847803112 0.118277323672186
-0.489947584330908 -0.0424801541654557 0.217343817385648 0.0837676262688691
-0.430824362676378 0.152186456292954 0.306998027191897 -0.0337162819843096
-0.332637933772423 0.322961743855995 0.274131499377653 -0.144415743921695
-0.244473447133773 0.346952281507369 0.22566710502351 -0.159312057592817
-0.26216512598719 0.382387819883176 0.203512079474147 -0.166814577072903
-0.382665252079851 0.280104304756614 0.204535939451858 -0.10351539800361
-0.458488798106232 0.156861904373425 0.150866370907425 -0.00505929426105966
-0.597742456101626 -0.075685398159789 -0.0203901293754012 0.00101187524547465
-0.496723044895759 -0.380732727176217 -0.107746288767569 -0.153116926455887
-0.173360690638607 -0.581701047343925 -0.110515032070461 -0.355958319138205
0.0423699698153254 -0.647154828757409 0.0125935443924812 -0.490815578698109
0.0480079590192953 -0.75816380895498 -0.116249544820616 -0.0450961894547658
-0.0206666413612098 -0.747098866889532 -0.0823331650260414 -0.0496733112149352
-0.345207179054451 -0.705395294069796 0.00828337115138447 0.0578476379416378
-0.608206820054298 -0.449957103199434 0.0228731540857418 0.123813600668506
-0.619830759650521 -0.0838214711526793 0.122609217360058 0.0824183540940293
-0.549673494813934 0.162714844799454 0.172966283785897 0.0281162902552602
-0.432463840565915 0.370249364467866 0.143285842275239 -0.0367745062153989
-0.311314596887445 0.399158161556133 0.105254781927817 -0.0270348207018507
-0.318152075077977 0.439226330328536 0.0861046836185477 -0.0331583812665265
-0.449903117288961 0.328238749440289 0.0926382227791679 0.00615446177287258
-0.532670032641547 0.185603997642403 0.055162141022748 0.0616412874098776
-0.688065493625775 -0.0647343629489897 -0.0661424153697261 0.0532559197455042
-0.600568215339023 -0.408447851030847 -0.124302489596781 -0.0747321597556922
-0.257395713081405 -0.669142847378691 -0.108155206647196 -0.212277970619736
-0.00823907331183116 -0.788157790119488 -0.0339646843832301 -0.263466585268907
0.000945007831820117 -0.774024620821711 -0.165862623476506 0.203317637128141
-0.0681504550273501 -0.764666228956666 -0.0823379722431052 0.135701052086208
-0.379102986470832 -0.718912670357016 0.0114610447241707 0.115008748906532
-0.633945167187338 -0.46223312162109 -0.0119305126775974 0.116183777223665
-0.643852935820177 -0.0998022103691574 -0.00497580589633052 0.0721774834542507
-0.576157993274907 0.153618993179005 0.000440866042167857 0.0902537711731679
-0.459392200444789 0.36689227736105 -0.0155821334719624 0.0796274041960805
-0.331336486026968 0.390232925541282 -0.0308930861526728 0.108989231268456
-0.335582343212814 0.423550743081265 -0.0365824347493275 0.103197978632304
-0.457573693534547 0.311548450663215 -0.0238159764798141 0.119374631162219
-0.52660060274268 0.161502720690511 -0.0448463459116262 0.124464934731531
-0.656108696290832 -0.0783417902784943 -0.10255242298657 0.0944882305258596
-0.582459728526749 -0.391817640894454 -0.114199252329381 -0.000495645587445133
-0.272313948708622 -0.649003823262861 -0.0609898495959732 -0.0557880824157978
-0.0428291483381706 -0.799324994045011 -0.0431149632635887 -0.00949189328801715
-0.0568290562510649 -0.668484427999363 -0.204556727422968 0.432294814246617
-0.116891566671333 -0.640286750197816 -0.0786360262474615 0.31281619511171
-0.349882147702804 -0.58499519827403 0.00369469421330875 0.16389960856593
-0.534196717691445 -0.370174393227441 -0.0539689376783373 0.100754747065772
-0.53866165775809 -0.0878009191486014 -0.135218868320692 0.064501773565392
-0.493726272937348 0.124195571053481 -0.17290438625465 0.147893826675832
-0.408895922236895 0.306552738291504 -0.171507845665416 0.189247150916088
-0.303731730936498 0.322440989808319 -0.162776903568336 0.228342584239003
-0.31034747411089 0.339257700752808 -0.156123420661633 0.216066723788168
-0.410406997544417 0.230876250884412 -0.138557885714002 0.200505252680699
-0.448163114914331 0.0832687088885192 -0.140420553415824 0.152831825882697
-0.512574202994417 -0.116105940581953 -0.130163218429528 0.103042428896958
-0.44333149418584 -0.341086347025512 -0.0920622713229326 0.0483945464178109
-0.21535425413025 -0.53398348809312 0.00274326396958286 0.0811491107973032
-0.0574311352768191 -0.686507536247919 -0.0293020082418735 0.226962354772785
-0.103999755427065 -0.452176307494379 -0.220581255284897 0.600508973279364
-0.137369122380283 -0.395980245871698 -0.0603884627197017 0.444410539505455
-0.24588734756055 -0.343398338440667 -0.0047532451845747 0.195797166590232
-0.324994798330053 -0.214935018179637 -0.0836841668243966 0.0837547961502844
-0.332721053146382 -0.0643087793234901 -0.23382409885553 0.0627879223589034
-0.327459730324362 0.0712017557646868 -0.306207824123903 0.194976348497709
-0.290717933251123 0.197545403548053 -0.293201910249412 0.277158716255972
-0.230104644345069 0.204076240776246 -0.270033877212008 0.313206929423146
-0.245308594512344 0.206893964091792 -0.26099409254146 0.285837971219483
-0.308649827226492 0.116197683779855 -0.241617609273973 0.228291202690916
-0.308668073946034 -0.00698081466215552 -0.221403933374608 0.130839658890167
-0.298346785805845 -0.137283786222438 -0.144927428421097 0.0707341891055146
-0.242020853124151 -0.242969653814038 -0.0671884950529252 0.0672610516824503
-0.126823236922323 -0.346086534181955 0.0561949353646696 0.183196074178801
-0.0603667554363414 -0.474688496918173 -0.00954905286006435 0.4123673548754
-0.121384704039514 -0.165155559981354 -0.208166739980961 0.679583306671258
-0.11087675593839 -0.0947112330225627 -0.0246258300188895 0.516070259390577
-0.0855842737906037 -0.0702073874922934 0.000539568051921646 0.210419434737402
-0.0689146776779639 -0.0566500918381135 -0.0875009540877743 0.0669595074927403
-0.0878178193349315 -0.0500483144059027 -0.280749283823704 0.0649998638594815
-0.119942759207906 -0.00435878540155563 -0.376752524156802 0.224272280693082
-0.135461068825519 0.0498013459639223 -0.357672991704399 0.329234965512712
-0.121902661775105 0.0564916241088338 -0.335973263189292 0.350343421410848
-0.135867230543365 0.0538387381420752 -0.33755700127889 0.302671342862185
-0.155401159634202 0.00818476542005219 -0.320113292610176 0.201759977409966
-0.129832383175939 -0.0620712177373144 -0.272517870943055 0.067687026342246
-0.0711907901495055 -0.0979053003544396 -0.137912214966156 0.0138130214117329
-0.0502619829148131 -0.0918248646668437 -0.0404364297085086 0.0676014998803516
-0.0598108265855685 -0.115768409630382 0.0881147777223558 0.248342432696233
-0.071560834609107 -0.2059790404311 0.0117726824847826 0.52786841661597
0.093661372550696 -0.155630092796806 -0.0942953358502225 -0.525313347052589
0.0245859422526364 -0.165462177454724 -0.155417581174001 -0.314556939785109
-0.0967447224307284 -0.131131788255723 -0.0173724456721728 -0.0365702977745153
-0.145031913147684 -0.0207750583731287 0.0853467209075307 0.0484317019905407
-0.0898567200716527 0.0601262964268012 0.276209221485769 0.00460908586654608
-0.0493811437790658 0.0746777398966366 0.370063246702163 -0.173574062916982
-0.0100011803167745 0.0981163752336613 0.350356377599238 -0.29934989736413
-0.00348853439171848 0.101487519932421 0.327800014235045 -0.343401429532109
-0.0215975812965284 0.114107293548893 0.331016099705627 -0.340564757380835
-0.0682798402723198 0.0936787271601808 0.336125560056426 -0.246975365958341
-0.114328859081512 0.0738551920504737 0.282132070805034 -0.10090183437379
-0.18015058754295 -0.0076017861162636 0.0916057177049403 -0.0710068947746514
-0.120063783800233 -0.121421668989568 -0.00544629677835006 -0.221105157151581
0.0195599208295264 -0.132453511461231 -0.0130055611663517 -0.467959393495025
0.0790007657143143 -0.0921883665460483 0.1516222227537 -0.691812661781738
0.0658651211906972 -0.405588297691121 -0.0770318399933085 -0.429596798288546
-0.0018433245646327 -0.392374961772988 -0.124091052305866 -0.282298083570647
-0.207760139382046 -0.341431737023802 -0.0112949751427779 -0.0208740201550197
-0.333076793847297 -0.162072506540015 0.0698063890356029 0.0904575870166476
-0.293500386037589 0.0298944660571197 0.26651849741965 0.0500514186828834
-0.238342323116894 0.137629672426283 0.36469161304885 -0.114906788753849
-0.164790886369911 0.232360528760951 0.332595851173031 -0.239671491146069
-0.118400818444671 0.243539990258423 0.2927281732581 -0.276700315767424
-0.143463111949219 0.2678623865159 0.277400414709058 -0.279563849216452
-0.236827100718008 0.201025973995611 0.279720906183515 -0.196602120476505
-0.301860424738118 0.119123421219401 0.225721662554955 -0.066027047387081
-0.405715131933834 -0.0454813993665038 0.0330617522777028 -0.0422984745360541
-0.322553691346558 -0.264586157526415 -0.0699100758044847 -0.201836698331714
-0.0816863544681904 -0.380748225662365 -0.0870827741185509 -0.437866473679265
0.0552140172392388 -0.393030305862583 0.0578632797627697 -0.628686943759748
0.0414580086224349 -0.6090881333191 -0.083858321947501 -0.262345498977396
-0.0225939241061048 -0.592329173744677 -0.0984114699389977 -0.193279177554812
-0.298006536222102 -0.536611281218707 0.000953848515329782 0.00809109829459944
-0.49968921577523 -0.306022991175421 0.0532126873471094 0.114114770313106
-0.48023952841999 -0.0148769535531669 0.217495912653575 0.072837141916277
-0.410218157495336 0.176154586172008 0.298362137670965 -0.0508863907605577
-0.303690280312227 0.332435055790262 0.259467911211147 -0.148838524204137
-0.214965240639392 0.350047524806125 0.212257027629213 -0.168624969620277
-0.231070355756675 0.386386774053687 0.188993246250877 -0.172018826648638
-0.35622507717426 0.29562488557968 0.192829327825824 -0.110841101268573
-0.440203899649555 0.178193685283593 0.148297881438442 -0.0117712977392829
-0.58544461939564 -0.0384841484667983 -0.0192250566555059 0.00340316101638066
-0.504561908825145 -0.343328453740787 -0.114653076681063 -0.143429377727563
-0.200792649997372 -0.555440076385025 -0.126840435266839 -0.341092441382231
0.00250729714558412 -0.631372647240143 -0.0147666246355756 -0.47146108642553
0.0047728096804832 -0.730936446196588 -0.112503326180398 -0.0418566642988561
-0.0597641560217336 -0.724964256233874 -0.0829473208634148 -0.0468267231633282
-0.376255163274881 -0.664568914339819 0.0146242872643923 0.0553841765922031
-0.620750371481519 -0.400856061436399 0.0316867912428621 0.120030048197724
-0.611481394824412 -0.0483599121155081 0.126762868925061 0.0765176219021129
-0.525806092590678 0.193609526325428 0.173513066740622 0.0157848036856262
-0.397951986712298 0.384710739751655 0.137404303492471 -0.0354105880666495
-0.276783826833387 0.404856886794612 0.101933883698159 -0.0340579267859567
-0.283456366238466 0.44602257500667 0.0833761823680255 -0.0366414744298831
-0.418442346574563 0.346910249234068 0.0907108628135161 0.00226988271697122
-0.509713512547602 0.21161637458556 0.0593017959010361 0.0586752670778135
-0.673333737406169 -0.0212923795307438 -0.0607941934928143 0.0575093406893141
-0.60752646638029 -0.362695762816131 -0.126217784249874 -0.066257920697839
-0.288472954644832 -0.635645201244662 -0.115893562636116 -0.201969088632999
-0.0555580454213316 -0.763637535873706 -0.0475217750119384 -0.24903608999685
-0.0424858268840854 -0.744747744947206 -0.147802989410767 0.20115556831687
-0.108490102024699 -0.740246048254495 -0.0721448643754495 0.132797185322833
-0.412136195686002 -0.679025447962056 0.0209135827244938 0.111482574400164
-0.648766960290742 -0.411492282799679 -0.00278287510849502 0.114619757105412
-0.635075161748613 -0.061092787417515 0.00282725075876286 0.0728379279431519
-0.551681604913336 0.186892926698089 0.00997680163389148 0.0853167140315373
-0.42372539521732 0.38224249489727 -0.0115457075100737 0.086235705860148
-0.296746696573534 0.398152121569718 -0.0234837228506651 0.106311697770451
-0.299274144278667 0.431543162259766 -0.0286612521706333 0.102649886702477
-0.426894698992355 0.330277196801727 -0.0165314008359098 0.117647796606324
-0.506705242523753 0.187130738220138 -0.0348271074180298 0.126365949960085
-0.645414437562683 -0.0362023040945824 -0.0939654691839584 0.0998290023345314
-0.589577808408006 -0.347128510063728 -0.111010288913487 0.00552115203061303
-0.301768225369761 -0.615456938514603 -0.0617547881743108 -0.0527568161703344
-0.0913715468705152 -0.771602419805042 -0.0407985233673737 -0.00345372049740753
-0.0906390243931506 -0.641283577342533 -0.175373166154272 0.425145165055362
-0.148161989231161 -0.618685322475542 -0.0588320105026396 0.304886159062206
-0.37748455309273 -0.550151477505839 0.0158012611833483 0.159302432130862
-0.544868198727714 -0.329221746276493 -0.0447399646639662 0.101101899694521
-0.533468255702211 -0.0576863156127888 -0.124698608305082 0.0714335822667208
-0.474194791471814 0.153005310775459 -0.155932618346577 0.151538156804881
-0.377169626185698 0.320391432738397 -0.157703931225984 0.201192949057369
-0.273156550659589 0.330589286688957 -0.14563143945112 0.229634929371527
-0.279563179384775 0.348829315415705 -0.138426950851559 0.218136419397343
-0.384394617353425 0.250045750945876 -0.123221214327434 0.202736018321506
-0.434261582419721 0.107258416828178 -0.126538111410651 0.159866853361262
-0.505177895221884 -0.0816197684299996 -0.121040578807384 0.108999929777825
-0.452145612846715 -0.305243720695844 -0.0859087781777054 0.0523400357819674
-0.239565783195502 -0.505991632078368 0.0082326794686393 0.0761059520826225
-0.100947725815629 -0.662163509955993 -0.0145762868799098 0.224509393692735
-0.124337596021133 -0.431262558046196 -0.18313584304431 0.589914142785681
-0.154894162770646 -0.379445174806092 -0.0351183195468509 0.432117122983177
-0.261416708120256 -0.321407570124784 0.00825471213510291 0.191391412757269
-0.332605373289629 -0.191021324635026 -0.0758111216959244 0.0856027968702884
-0.329514494591929 -0.0462303243814716 -0.221541319866902 0.0739502173747341
-0.3150097957451 0.0895076635441094 -0.283448326129033 0.205271783619874
-0.269842338631543 0.20903324404688 -0.270371309614824 0.290487400048909
-0.209722725043742 0.212874198334054 -0.246741367122736 0.318809728180016
-0.224409227374011 0.215376633939694 -0.236984308811765 0.291506691301739
-0.291809513502831 0.133013263233376 -0.222416104311387 0.235146454968301
-0.303104761535486 0.0118999984946458 -0.20694964992643 0.142241692303847
-0.298719815243391 -0.114431174925112 -0.136836737157971 0.077632201687472
-0.251556640775617 -0.221192781659922 -0.0598903867017629 0.0695462732522991
-0.144072988273729 -0.32888882680621 0.0660721252470444 0.172272052202003
-0.089858808043525 -0.457876167804856 0.0151393095414117 0.401110548148448
-0.126518252309607 -0.152266894248323 -0.165843179993282 0.668376566650462
-0.112799753605705 -0.0875566622546866 0.00459733255950628 0.499411927581246
-0.0890941429394421 -0.0639500864926183 0.0133780215862085 0.204293765278853
-0.0714731272586086 -0.0517658987140543 -0.0812138555826041 0.0684379958081454
-0.0887462557256256 -0.0456883665706059 -0.268554229222219 0.0781473693427829
-0.11833186858824 0.00256324051162205 -0.351370769630754 0.239072466229904
-0.127460759066148 0.0566296159956717 -0.332133165579147 0.340812063472735
-0.113861628393091 0.0629337013598009 -0.309071397613886 0.358818890450932
-0.127691254621121 0.061386007337645 -0.310030536602707 0.311632894472508
-0.149328067776392 0.0184656832357711 -0.300012860757075 0.213883497771886
-0.130749685493562 -0.0513696144229032 -0.260449709364818 0.0814344169699786
-0.0755866260986254 -0.0894612469603297 -0.133281085415014 0.021242031793108
-0.0569839059359245 -0.084765692608357 -0.0334890061487206 0.0688657814038576
-0.0661267488943275 -0.109198295207552 0.0999521639372347 0.234178269139253
-0.084622466621835 -0.196568837956771 0.042550060332552 0.511268758941272
0.0855330081782615 -0.153154208745944 -0.103695390327845 -0.510349659079571
0.02033298350418 -0.159936406793332 -0.160886902330063 -0.300874211175634
-0.098272740983858 -0.12464527606694 -0.0161716570766237 -0.0361762701248705
-0.142037617309729 -0.0150001483101272 0.0849207067547071 0.0461842742223371
-0.0865733974905983 0.061993727906239 0.269106206407964 -0.00208958580094296
-0.045976597213903 0.0754794292298483 0.353702246559234 -0.180308299531377
-0.00753735978654385 0.0949068936364087 0.334972609521055 -0.300949903270938
-0.000117976925120278 0.097509226651226 0.312217188378709 -0.345242044575244
-0.0178550391451277 0.111436572207411 0.313358640553676 -0.340618663869562
-0.0647457343982414 0.0931934900916243 0.320419313339601 -0.24985860589031
-0.109611771269582 0.0752955753941591 0.27291861155172 -0.108250382913896
-0.175766354399936 -0.0018772760304362 0.0879497529974179 -0.0719126439401371
-0.119778113739126 -0.115064135344485 -0.0130907049335558 -0.216634490713595
0.0164528835317508 -0.129247794311894 -0.0269866136983607 -0.454861784806445
0.0743343905874047 -0.0921586802980998 0.126387556124158 -0.673326127437074
0.0516893361102618 -0.393691822166188 -0.0830712636250102 -0.417983290335049
-0.0121772318248587 -0.379914711559798 -0.129095236707338 -0.271661293729392
-0.214235394412761 -0.325216006451531 -0.00890615825373615 -0.0214611600027935
-0.330914747490364 -0.146229013930406 0.0723036625307029 0.0880051308697129
-0.287614802438964 0.0392747676436949 0.263077680655695 0.0432535814620203
-0.227229056900737 0.144390684368975 0.351485442144173 -0.124578083516975
-0.153096946468408 0.230512858602969 0.320556798350218 -0.240021707003356
-0.106502625732499 0.239426510887431 0.279736375383441 -0.279430942535297
-0.130913875640095 0.26560969726082 0.262788667996377 -0.279282110788439
-0.225502070892011 0.203153503416899 0.26696809607475 -0.199251961715355
-0.29232369844008 0.125994170515342 0.220337744212886 -0.0714754082356943
-0.397803957277495 -0.0307024727240642 0.0325388253915644 -0.0419727272742006
-0.322728686612097 -0.248827931502614 -0.0755243338852213 -0.195383071235273
-0.0902792522177403 -0.368345528903795 -0.0980085508102899 -0.423790664379687
0.0406055016276133 -0.385199129664374 0.0384333695843667 -0.608483882841745
0.0218652433585727 -0.588514404690311 -0.0867874028045714 -0.256376186966898
-0.0386675997108302 -0.574510940821604 -0.102149646149269 -0.18643873371122
-0.30857187737354 -0.510962188800754 0.00404336200433569 0.00622109255500505
-0.498115536985592 -0.282079289967091 0.057132275559042 0.110651177185272
-0.472472459019247 0.000509395853947187 0.217472602264638 0.0667158061982638
-0.394029504333106 0.188011858752687 0.290949591519133 -0.0614374254574685
-0.285103391460719 0.331917175426616 0.252042691786844 -0.146793537060605
-0.196381858609378 0.346681292879084 0.203820019159076 -0.171826605346866
-0.211770651278589 0.384581954029007 0.180123576152308 -0.172551666030857
-0.338769722393523 0.301428656094037 0.184897399487273 -0.11254562239686
-0.426809217708516 0.188027321717533 0.146759308364648 -0.015501767431711
-0.573916178389928 -0.0168947319575439 -0.0175761916123834 0.00511229719004359
-0.505291999220049 -0.319855226742732 -0.117361074769369 -0.136814286176503
-0.213015816526275 -0.535837683970023 -0.133883193816392 -0.329774435847925
-0.0200864729202282 -0.614862899319144 -0.0270399744364119 -0.45424031502874
-0.015378836842711 -0.70562545095241 -0.108004211697088 -0.0418895933683887
-0.0790759745696489 -0.703522218553842 -0.0825888414596287 -0.0456247662862766
-0.38997403272416 -0.635234282810295 0.0201544363744893 0.0522531143681445
-0.622349354265335 -0.368329997804565 0.0376148630324972 0.116857569523169
-0.602124724388293 -0.0281763779609379 0.130554560165946 0.0727296447135744
-0.50629664761338 0.209157496972893 0.173392954792983 0.00749106838466403
-0.371668115508528 0.386054408467597 0.13561576852636 -0.0318609389470997
-0.25369009609652 0.402329339513848 0.0987349995924378 -0.0374463445154835
-0.259327477452408 0.444540257989922 0.0810018457231794 -0.0382246859332062
-0.396792606381421 0.352937001619593 0.0885718845928127 0.000130493971272337
-0.495536452268604 0.22327315827176 0.0626780059890512 0.0572542503319162
-0.6586304977808 0.00153169452940404 -0.0565818755017106 0.0593590357296161
-0.60671421026349 -0.336040308458094 -0.126019383190769 -0.0608615334523537
-0.301043781527529 -0.611397688120302 -0.119208280123614 -0.195287920950724
-0.0807475005421003 -0.742116019535553 -0.0514717636664688 -0.236931346443524
-0.0610720453242148 -0.720079927027355 -0.137545649586847 0.195823017057967
-0.126328928480184 -0.72013075646789 -0.0674351562927 0.129264223394839
-0.428203017398637 -0.649511383962896 0.0281789184725537 0.107502747690658
-0.650441834541713 -0.380214471066532 0.00317896813122663 0.112434641353636
-0.628427495463857 -0.0408616867635885 0.00978549720058111 0.0720823801752303
-0.531442303976961 0.201995687549778 0.0161370790723396 0.0801784500876514
-0.399642403231303 0.384870405781386 -0.0054741761330521 0.0923203801115937
-0.273163732528556 0.396280922526239 -0.0205653528413611 0.102992684596298
-0.275582909977596 0.431369371659566 -0.0236244089028248 0.100374824469982
-0.404081093976129 0.338101044464984 -0.0121704795790285 0.115790516673209
-0.492739270892478 0.199994638394029 -0.0268920435254601 0.126229307571934
-0.631578976235686 -0.012447376136886 -0.0871936081150167 0.101959644875462
-0.587742300575438 -0.320543950625188 -0.108254659768935 0.00873174632377292
-0.313831760400449 -0.589820139759335 -0.0606837151695174 -0.0517148520719368
-0.117549134647222 -0.74876286940475 -0.0389032689907703 0.00140719943659387
-0.104340813449064 -0.617366024992644 -0.159194440628132 0.415015151458261
-0.162798799863416 -0.602194949169882 -0.0490443704013843 0.296941856684223
-0.390510945937582 -0.525769099764644 0.0241068996724362 0.154931743928589
-0.548281040541295 -0.303007038457591 -0.0378181750864666 0.099617600283058
-0.52765938911315 -0.0402841649026063 -0.114919736416157 0.073842416132863
-0.457462273276763 0.165812444909913 -0.142660002439829 0.149966139953345
-0.355557184502097 0.32606940056021 -0.145697682770181 0.20707893285398
-0.252877535046167 0.330493437750507 -0.137041238184717 0.227903379157556
-0.25987072675088 0.349955850553997 -0.128200253954196 0.21580544326563
-0.366810029362173 0.257433764269686 -0.113871661162872 0.202654518384155
-0.423672057230522 0.119350306876266 -0.116090254427106 0.161535774909837
-0.496960987706397 -0.0627747274751005 -0.113732990760944 0.11108687657832
-0.453530413322966 -0.282372475165652 -0.0815057319700326 0.0538720112243155
-0.251249266860143 -0.486568220747931 0.011387491675161 0.0715338185590003
-0.122045567881286 -0.641040760825297 -0.00677768002201645 0.221193258544701
-0.131528807683879 -0.414207098920508 -0.162959450197009 0.577300966583601
-0.16257291302585 -0.369211037365575 -0.020640297190212 0.42084774275304
-0.267779760901697 -0.306357619396207 0.0161251016840723 0.186101698019223
-0.334377237827574 -0.175399326826207 -0.0694285478688342 0.0844621063938449
-0.326641240535968 -0.0358784034607673 -0.211116011228869 0.07809527015345
-0.305255365213985 0.0990766037174149 -0.266999317719235 0.207218829160992
-0.253460285958644 0.212510341184597 -0.255125269106757 0.296193029775846
-0.19553055347795 0.213643202266086 -0.233299742004632 0.318679012457769
-0.209239068150836 0.218827476553787 -0.222939442306324 0.290617498361931
-0.278977923649342 0.140448966334726 -0.210129234117004 0.235674954075713
-0.297230206249403 0.0233570839533079 -0.196009042830106 0.14634217501268
-0.295692746377537 -0.100646213353418 -0.130697327784454 0.080584681186599
-0.254568947362486 -0.20651837870177 -0.0551741348711906 0.0694402536963919
-0.151426061489192 -0.316193659921426 0.0705056833502791 0.163149601928803
-0.105834414585876 -0.441872101483598 0.0276025529426071 0.391978012905769
-0.125707057380667 -0.144179860768778 -0.147178889796204 0.653429689542175
-0.113322873411635 -0.0850804871226761 0.0191446327430782 0.485025548292544
-0.0900039958658473 -0.0606572767986439 0.0202711355976583 0.198967138836055
-0.072849333794522 -0.0487954520864592 -0.0766609035620468 0.0675356676028878
-0.0900829210125066 -0.0434549550024599 -0.258870134513544 0.0816820407944694
-0.116307974510187 0.00649937066528919 -0.333715765514412 0.242501459505172
-0.120826178657019 0.0600180634360891 -0.315060704808538 0.344444089852408
-0.108333304461573 0.0657142034990201 -0.29366494824563 0.360486965722973
-0.120946611112516 0.0648279257458319 -0.293804201870872 0.313496588149781
-0.143969804860829 0.024977631420345 -0.286204590768974 0.217333000178176
-0.129967130264907 -0.0443992287044387 -0.251110848608497 0.0886361506329985
-0.0774473303133904 -0.0833554741004114 -0.130018520526746 0.02491459023446
-0.0608889228593346 -0.0793033579682732 -0.0284479093511304 0.0686611778989552
-0.069369752843576 -0.105164520683761 0.105707819875662 0.223132638133991
-0.0913898028917552 -0.189072000995651 0.0576161899084067 0.497004811653723
0.0494473637481131 -0.160249142550131 -0.198846713521484 -0.497667655163935
-0.0146948744953014 -0.152813867666884 -0.216579915494146 -0.274136855314434
-0.119054830838841 -0.0955389546917821 -0.0192802881162545 -0.0468584042272876
-0.135744577616826 0.0168299007207987 0.090950753165064 0.0189742186955205
-0.0677922263651159 0.0747450459441374 0.26089166527201 -0.0569810801243602
-0.0303634839211916 0.0777039168362629 0.307369705278598 -0.247673089000789
0.0130992258659305 0.0864780035515075 0.264793175297387 -0.359536235433476
0.0180031860703917 0.0899812276130094 0.238287317120882 -0.40197159731396
0.00652794996617559 0.106282001342878 0.242339422096997 -0.405930235420854
-0.0412001443627538 0.100039384472578 0.266773353517356 -0.321799006837386
-0.0860186416336985 0.0911455836128088 0.248183956823504 -0.170364660051657
-0.165369086290981 0.0327992307452165 0.0750826521493053 -0.0941120591589097
-0.133461958767358 -0.0881946598969317 -0.0558749440152248 -0.218255543446484
-0.00539191876769502 -0.133498842603841 -0.127589019590316 -0.43959582956946
0.0590757776771419 -0.113061520421731 -0.00939582722127127 -0.685377709158236
-0.0276595670646058 -0.377085118344995 -0.149571351837941 -0.423822210636177
-0.0908500692838539 -0.354894113973531 -0.171395962854707 -0.260136400778883
-0.270368472099082 -0.259491519568887 -0.00180037025373683 -0.0523944965583626
-0.342954052224364 -0.0628395390793204 0.0915235436435286 0.0428840228214149
-0.265129124261434 0.0949405816461579 0.25654585709129 -0.0228620606708687
-0.189029931282187 0.18062215075496 0.30840499877332 -0.199906050235028
-0.0941155826739614 0.247199839706155 0.250572095381766 -0.302754844640316
-0.0574890992265801 0.2459023775623 0.217672815729136 -0.332179664574283
-0.0703331902887587 0.275801041275542 0.207662910703333 -0.335658484298313
-0.174402426381835 0.239190319877181 0.226460173331695 -0.26478857583683
-0.251673943117245 0.175043378810468 0.20405559770556 -0.125089992650128
-0.383887430831352 0.050805620440856 0.028302038277237 -0.0578428520154814
-0.3552886931041 -0.175288513022657 -0.106210995222822 -0.190866404167649
-0.161393403871783 -0.343788471393503 -0.178567058136411 -0.387596568461239
-0.0373849294023475 -0.390525556369191 -0.0736619708083999 -0.590377021496325
-0.0921930321150164 -0.552833272523004 -0.111954121452609 -0.270293048518411
-0.156021917367422 -0.534776339969721 -0.120398081043136 -0.186900269689467
-0.399932754483281 -0.416401050754509 0.0250360237783441 -0.0426222376199662
-0.53229230481392 -0.150985532921018 0.0861308691374621 0.0508460247546737
-0.449450853583151 0.096867684455711 0.210512672424028 -0.00246600699143447
-0.339496880032768 0.257065686391567 0.254758294929176 -0.132533767470611
-0.19636650162126 0.37365855978377 0.192123130450231 -0.204954403110836
-0.122346154429783 0.365353071442049 0.163531080502028 -0.211220714930093
-0.124577900259007 0.405760228662213 0.148505077890164 -0.21481875656242
-0.264452159643957 0.356556669005798 0.163282573759991 -0.163752677329984
-0.369052088923942 0.259850440755 0.143177379382792 -0.0548787300744858
-0.550092711598942 0.0992341387919206 -0.00932369473314021 -0.00367656946454083
-0.543601590595405 -0.203701499837018 -0.12960680345171 -0.130826378229154
-0.316619747732338 -0.478697606843676 -0.182940123265728 -0.281985813091378
-0.148268513356481 -0.598751562566237 -0.0962065564095768 -0.414357879771487
-0.149429657092901 -0.655076322427342 -0.0867933255968262 -0.0556716978447016
-0.221310811997382 -0.649142204602051 -0.0675795881963802 -0.0547145751685132
-0.502872938223387 -0.515199797089878 0.0545166436376403 -0.0116519234173562
-0.667951644821032 -0.205437284714552 0.0699127878677664 0.0483889451836389
-0.581331939323796 0.0977388447263098 0.120620473952534 0.0124092606152863
-0.442335179235468 0.302848261033518 0.14746605933559 -0.0469198686342394
-0.267437172338318 0.446260627412223 0.0951516341685781 -0.0741045961297414
-0.166942267884781 0.431381959497516 0.0870343593402855 -0.058813722820292
-0.157757069770038 0.471955051523627 0.0778576945946227 -0.061561248436402
-0.311146236125624 0.419124264222979 0.0913226551162389 -0.0322144647899197
-0.428143747730941 0.307620622355504 0.0751636477048837 0.0355164400232725
-0.630286350903394 0.134139935189442 -0.0360388268792838 0.0573301567905624
-0.645503349238622 -0.198463120346234 -0.119344502328627 -0.0562355132862281
-0.421274491931708 -0.530942039624443 -0.130869432460907 -0.150856084777675
-0.235999577073931 -0.708439922556245 -0.0689543501755694 -0.189814584888843
-0.193117664980376 -0.657996788473071 -0.0693658542711374 0.188311629938603
-0.267959929272043 -0.6571561618991 -0.0166597157908486 0.115548566659477
-0.542268117394991 -0.520833798141005 0.073059512986425 0.0386763565431386
-0.697665861910203 -0.209012427995504 0.0347770595438212 0.0477193706059293
-0.60942423999674 0.0924079370609032 -0.0005504215739122 0.0342025981094229
-0.466967438408342 0.302911672083151 0.00642540489803056 0.0546638264737412
-0.291420947763406 0.452973688100044 -0.0211689720962218 0.0734318133532524
-0.18623536592232 0.430366960496837 -0.00224417117841208 0.103879333669805
-0.177333879557468 0.463412781448163 0.00166859149995765 0.0980389517787664
-0.320707295132009 0.405726318387485 0.0152380911687103 0.105235175818636
-0.430113662184955 0.284982255443173 0.00185518706706268 0.123518166946477
-0.607334110986013 0.114792118739725 -0.0581307397306748 0.107168185700462
-0.624534146991693 -0.185876346814316 -0.0866051015793902 0.0105636808314559
-0.430720924414826 -0.505023845958497 -0.0397217736768355 -0.0228444257569498
-0.275160035929728 -0.703906902971553 -0.00612423036712906 0.0438444271898365
-0.214582952153065 -0.555818783585693 -0.053123776955321 0.419161510415497
-0.276398594380738 -0.538609254289248 0.0294461273759447 0.283413167494063
-0.480822517756614 -0.414077530739533 0.0727176661099155 0.096216950204539
-0.585739314774064 -0.160727597255289 -0.0122728407703141 0.0536873684079938
-0.514951445975572 0.0736779501464768 -0.120984366937232 0.0658838264412838
-0.403800477222276 0.254085808818062 -0.133816558276832 0.157756385086484
-0.262576183510851 0.387896584637643 -0.131409333769905 0.215317556009432
-0.179765791830683 0.364738090743283 -0.0920176141669313 0.250465389628487
-0.177918530747962 0.384808094011276 -0.0792493792670371 0.235642649439031
-0.302350662688538 0.321940343145889 -0.0681302610837597 0.215527444350376
-0.381243944513498 0.196543336048536 -0.0792171205292685 0.179942420590902
-0.489295926384577 0.0419469280818925 -0.082106733473965 0.125800938646111
-0.49021777415418 -0.17546791309315 -0.0519755653441158 0.0547959000428014
-0.348570301913149 -0.416894459569372 0.0541929595881747 0.0810605796797899
-0.258144175129353 -0.59336699745048 0.0680502693755117 0.249940852317697
-0.200784618224673 -0.359870138771867 -0.034795806867156 0.591769209116597
-0.22868788290852 -0.318297524887228 0.0743756220259316 0.409315295208318
-0.318779677446714 -0.232172081542087 0.0627605682910623 0.148611016614799
-0.356618672480058 -0.0887342658886263 -0.0500481865105725 0.0653999911821909
-0.32293625153807 0.0371711681692381 -0.207213323754255 0.100926803969713
-0.2714646129784 0.160214681405585 -0.237430264926363 0.244982850274835
-0.192107241569095 0.260182215343792 -0.213494044608953 0.328861968556479
-0.146015652068213 0.243068496843524 -0.167910296625095 0.3599105884287
-0.156862881255993 0.251791286301231 -0.15874756281848 0.332344515692183
-0.241526072778063 0.19216014602591 -0.157294309849032 0.273884079336735
-0.280441097128779 0.0806052275633005 -0.161206577881392 0.184024586904794
-0.305268774416874 -0.0362633478148948 -0.107088730207683 0.10397954197857
-0.285128222346174 -0.142070019603774 -0.0269892349919287 0.0728007659669885
-0.21713442336389 -0.270349677442608 0.124508371913038 0.153975000829673
-0.200651260079605 -0.401616281411185 0.129115864413706 0.403564975716812
-0.144835734120431 -0.109258726626765 -0.0142779860124924 0.678466003473454
-0.121482735896833 -0.0593748024350617 0.118268753762261 0.476426860285633
-0.0978222173557127 -0.0386352604062194 0.0612260824524486 0.184875924309637
-0.0810110715335428 -0.028876498695146 -0.0622904643501653 0.0740721560502473
-0.0976811642770883 -0.0197605438369989 -0.243491802951948 0.125732908840389
-0.108566156402073 0.0342179268770381 -0.285018401171794 0.300852334327403
-0.100080929558171 0.0876638994265254 -0.250738072699283 0.395438421943668
-0.0903697046393128 0.0857771566723571 -0.217246387413887 0.414037833919216
-0.103676552472293 0.0886373082038486 -0.22790202288415 0.372203729662703
-0.135108769347474 0.054079078976435 -0.238913858719714 0.276136825692846
-0.134643130237576 -0.0151257193585744 -0.228940281941282 0.141556496401593
-0.0925994839622239 -0.0643435442222243 -0.121141893629606 0.053074471433615
-0.0766625266343143 -0.0598067127733582 -0.00751116977881312 0.073477395289433
-0.0932061347728826 -0.0826090940759019 0.16265275594669 0.198823533931198
-0.133621770344628 -0.157387527127036 0.169650907104791 0.490963552932622
0.0447837858187829 -0.162277991123749 -0.212253877350225 -0.50272160390598
-0.0171209087917938 -0.153015117910206 -0.228241349044337 -0.271254690269662
-0.123053815934111 -0.0923328662108042 -0.0213448135529558 -0.0493278486951444
-0.137497960900347 0.0212649852326527 0.0943981077248864 0.0166442415974344
-0.0667775545702193 0.0790477417599143 0.265924659362257 -0.0648641399352806
-0.028265081856737 0.0812355313259857 0.304662598245361 -0.260321920778993
0.014766917889618 0.0868305187907901 0.260935276470824 -0.373862288227021
0.0206738562588712 0.0898279772159991 0.234222084748183 -0.417939945805084
0.0100799132146443 0.107534162455709 0.237109193753918 -0.41899668701701
-0.0403865468139496 0.103619909448701 0.262913116003716 -0.33430665298606
-0.0852862047699327 0.0953126622000383 0.247597782926526 -0.18121112489801
-0.166655565503044 0.0384418330900546 0.0740563359944859 -0.0988613491865585
-0.137768566545429 -0.0868346799284253 -0.064243082034677 -0.220388675055383
-0.00805437578486815 -0.136362222085577 -0.142493538058364 -0.441462079280099
0.0565047407484653 -0.116658246841095 -0.0260968719609739 -0.692726849138387
-0.0375846771377105 -0.377909080305955 -0.160559694744445 -0.429788589274034
-0.100419602549961 -0.354797122221659 -0.18266297385358 -0.25879090910048
-0.282998551156447 -0.253351361441217 -0.00294516180248512 -0.0562421417641089
-0.350925543950618 -0.0516823510835511 0.0961911261394051 0.0401614736718484
-0.267838046685393 0.105801174707972 0.26332226677763 -0.0308589703419409
-0.185992350243749 0.190610423712473 0.308018770027438 -0.213897462371964
-0.0884421728175139 0.253541078156516 0.250253839910776 -0.315364261361217
-0.0507889543421307 0.250112172768934 0.21502761491826 -0.34572927489559
-0.0615363003006355 0.28179428473145 0.203923157289873 -0.347535792453924
-0.170608325292228 0.250643215984116 0.222836775031458 -0.275358141357299
-0.252293873379168 0.187337021955739 0.205923764815071 -0.134292595131819
-0.388986004511469 0.063768632415397 0.0281845131249307 -0.0599446236567041
-0.367617621567869 -0.168345314574345 -0.114795616251398 -0.191157572298118
-0.173274373243343 -0.345073336161375 -0.192619202822257 -0.388773823101183
-0.0518435075701996 -0.395340146861493 -0.0876002379686055 -0.595508647103922
-0.105308275161274 -0.553595623308617 -0.119472268782822 -0.275854710411045
-0.171599258783655 -0.53630819817847 -0.127877156452343 -0.186839368077571
-0.42056881483433 -0.4078286938078 0.0255466193272389 -0.0485771577890178
-0.545809240559144 -0.1332914801534 0.091303367418885 0.0475527476912946
-0.457642476914912 0.11477059866804 0.218542082956764 -0.0104556375443013
-0.335806359848762 0.27395490002032 0.256347648032034 -0.146517234467467
-0.187292866942437 0.384686484590555 0.194960604833915 -0.212863409043223
-0.112834312084768 0.373739706938539 0.162721711030538 -0.221270953184817
-0.113060965502905 0.414921702304353 0.146990110220443 -0.222795029386342
-0.258664489509123 0.372949080156443 0.162097826409547 -0.170347644949828
-0.369541784028098 0.278230881634783 0.147296701240983 -0.0612375111035329
-0.556245335910713 0.119446750156509 -0.009497437357592 -0.00429814663036011
-0.561535137798088 -0.192203874437654 -0.13778069271727 -0.128545438431638
-0.337425385687759 -0.479112279551659 -0.194285686765047 -0.282023540359059
-0.170653448685484 -0.603869845619157 -0.105733944486206 -0.414418529432382
-0.164391401435704 -0.656557279209953 -0.0887829056791032 -0.0583456874135833
-0.243305926961013 -0.65332382883196 -0.0704735468299299 -0.0537545253666286
-0.529410065603331 -0.505848615364756 0.0570834531384178 -0.0176896717114746
-0.687759951517682 -0.186082523190653 0.0747919045032312 0.0453728135166172
-0.591833258062813 0.119723031600292 0.127734856349564 0.00681102437886789
-0.43853479750016 0.323380064218973 0.149968294297945 -0.0572119678377844
-0.256835207182769 0.462239265196745 0.101094021076617 -0.0759291730414663
-0.156601387744597 0.441032964389511 0.0877647601235815 -0.0622233475970143
-0.14466826157083 0.484252500403334 0.0783934976045809 -0.0653421672151161
-0.304566422501661 0.438079021805565 0.0929101639260911 -0.0338826718108191
-0.428083281385915 0.329361284495008 0.0813814307789892 0.0324491249461523
-0.637491563707612 0.158057784429402 -0.0343915435898684 0.0588403448676573
-0.664842090907696 -0.181366234054593 -0.123799320258198 -0.0535033782229515
-0.443780027268695 -0.527868968348301 -0.13811902438358 -0.151526226943148
-0.265564888094938 -0.710385566905489 -0.0720056186607143 -0.186785740028192
-0.21025810082094 -0.660272128005009 -0.0647960927532682 0.189241112744004
-0.292205173373499 -0.663564008787164 -0.0143123851860005 0.117756070830548
-0.570848789071218 -0.512433249875139 0.0786890842109441 0.0341531217107157
-0.720124807817183 -0.186250150029525 0.0392373506111402 0.044628335010096
-0.623107044068423 0.115495091385856 0.00462467310673654 0.0318608471135859
-0.465172320565783 0.3251432157652 0.00982825018038429 0.0497195178151688
-0.279738825389628 0.469031194205652 -0.0131099422653521 0.0781849507189848
-0.17520652241953 0.44098442938725 0.000815336065057646 0.106590688250211
-0.162610069104762 0.476354085868712 0.00380494313199499 0.0995008141336406
-0.314240539000131 0.423965233399009 0.0190682540335585 0.107812665793257
-0.432065848203263 0.306433926184887 0.00923899512726707 0.125030707065788
-0.614944873583878 0.138439841072386 -0.0550960866165786 0.110002646113893
-0.643890714129429 -0.167617428764174 -0.0876713644125212 0.0133987284283854
-0.454354279396586 -0.500273262680371 -0.0421342314253817 -0.0245148093275409
-0.304892077153424 -0.70410844791853 -0.00169276877974233 0.0476304774490435
-0.228122106383752 -0.556474298545921 -0.0432884229938485 0.423832342513517
-0.299188355862351 -0.541745054106252 0.0382964734784634 0.287380134440841
-0.504776140390531 -0.405029843639346 0.0790994052419542 0.0934123785033774
-0.604940311710629 -0.143297569053619 -0.00941939946052275 0.0530969659640584
-0.52684295431144 0.0936571371043551 -0.118595529578573 0.0677374843127793
-0.403688245690833 0.272385675481689 -0.129702076154748 0.159644670379978
-0.253609534385137 0.401941195384325 -0.122320261202054 0.226711566639666
-0.17041079161593 0.374116591592259 -0.0871017633733355 0.260298884199698
-0.167092029854624 0.395527498045603 -0.0748203269853144 0.242469330185952
-0.296096868066472 0.337439925118345 -0.0625758685185822 0.221832878292776
-0.383887254822655 0.214774855321673 -0.0711945963456892 0.18510230135585
-0.495880164599616 0.0593460046467029 -0.0791975962573468 0.129513429176448
-0.50477994874554 -0.161938503555706 -0.0513594686074185 0.0569639784967814
-0.36786829077531 -0.412003529933728 0.0567770831372026 0.0782114122340341
-0.284951928151389 -0.592644051398889 0.0783832044474686 0.254024631235467
-0.210693430308738 -0.36080541079975 -0.0202905161323464 0.60113340824921
-0.24337545484887 -0.320043685607842 0.087825512956539 0.413737602792366
-0.336321039708646 -0.227465528545979 0.0701471720896178 0.148233919369161
-0.368345079082184 -0.0778239939813421 -0.0484658611194104 0.0670165438893729
-0.332452700996487 0.0484065879373278 -0.207395570695897 0.105986412546274
-0.271448553485503 0.171984410272903 -0.233192118114166 0.25280740474478
-0.185469710081176 0.270113730844267 -0.204143112453123 0.343683621997127
-0.140110578648016 0.250962556766008 -0.161821501641747 0.373835161062542
-0.149966492170207 0.260028310527777 -0.154105173869611 0.342878258492527
-0.238615633163057 0.204096448857679 -0.152312705247698 0.283183432477599
-0.283798426640002 0.093259901222262 -0.156375862279961 0.191841484827628
-0.311568515793191 -0.0253461435779406 -0.105679878664662 0.108310053703887
-0.296412293370001 -0.132790659741086 -0.0245558120870018 0.0747785275978656
-0.230009689780322 -0.267542843169777 0.130414581809944 0.149757983200819
-0.219787653982808 -0.399499351101722 0.143155115109192 0.40848999283595
-0.147713570758074 -0.108047406203522 0.000515635690817403 0.69064232957892
-0.127033328171193 -0.0588604334299338 0.133344200416111 0.480412215245327
-0.103025578499175 -0.0374931536951662 0.0690107007491565 0.186088345361338
-0.0846116594428063 -0.0266969417258308 -0.0619199724006294 0.0758945707226694
-0.102736021281548 -0.0180486258914189 -0.245379709605153 0.133993133429967
-0.110265491427375 0.0377796336508458 -0.280830671935685 0.312019106907923
-0.0976197302314064 0.0916534374586179 -0.242771695141116 0.410596757143349
-0.0880166768508113 0.0903004371595581 -0.210544794172712 0.430443885127652
-0.101390670092568 0.0935777014433865 -0.221639745510853 0.386445302759628
-0.134837193942354 0.059727199445059 -0.235571915773081 0.28842166321221
-0.137754694835194 -0.00944594579127232 -0.228262178256607 0.150850119105566
-0.0967211304434849 -0.0604476609655544 -0.121813744812825 0.0579710433442915
-0.0813646254808823 -0.0563342861775057 -0.00399979834345694 0.0749444179524821
-0.0983109862038704 -0.0809366543618769 0.169861406150721 0.194550535443328
-0.142501456747648 -0.154745417766784 0.185611005396908 0.493730722911534
0.0358159537370616 -0.165112417209575 -0.244724521455765 -0.503982084307537
-0.023426756750319 -0.15327631020762 -0.248799286139915 -0.262409036990754
-0.129502942509866 -0.0844868576869869 -0.0254758331770143 -0.0518923326838666
-0.138395654219438 0.0310661149815669 0.0979171322783681 0.0106510957043262
-0.0625961086092489 0.085690019130784 0.26920642312522 -0.0817435574664681
-0.0232327993657615 0.0860355787164574 0.295303845589965 -0.283113457760024
0.0189684068593233 0.0871607774859362 0.246152449448081 -0.39881286930252
0.0259814033543988 0.0894496153392391 0.217019394125581 -0.443588891550441
0.0168448461297891 0.108923985638189 0.218911273679502 -0.441189379879793
-0.0353876086570503 0.108438686597529 0.249503107981518 -0.356473545024352
-0.0821116360340796 0.102880687797091 0.241904188225565 -0.201002443424678
-0.16731288093125 0.0484039194819572 0.0703629246172161 -0.105833645910196
-0.145439740043692 -0.0819678402954297 -0.0808640798626939 -0.221202307443649
-0.0154899843730742 -0.138967506714526 -0.16912725258817 -0.43910979030877
0.0497291240107259 -0.121384685894423 -0.0630981768602993 -0.702179663355125
-0.0578026165913342 -0.379245872095523 -0.187579476245857 -0.432243380416868
-0.119132257170989 -0.354452189166302 -0.201255005894554 -0.252732238512782
-0.30157059231564 -0.238527351291584 -0.0066884432230412 -0.0609900019567939
-0.360826513372709 -0.0300191387176109 0.101706087883735 0.0339835962745592
-0.267993410037349 0.125548616837926 0.269895114688812 -0.0491649142988715
-0.176423500723454 0.207930018470231 0.30075874428568 -0.238179870637973
-0.0759501786350279 0.262851993697173 0.240756726681669 -0.3372647309371
-0.0374056906986337 0.256713381052152 0.201620938539639 -0.368325530064699
-0.0453043540570038 0.290629891677203 0.189470737586932 -0.366931411800835
-0.160184823684739 0.267527390073077 0.212329723858043 -0.292555854425799
-0.247427751566608 0.207954657701459 0.203523961321804 -0.150438731077368
-0.393610030830414 0.0904230675648092 0.0254237634718162 -0.0642290459646323
-0.386537934110536 -0.150882307594139 -0.130026812879734 -0.188183166717144
-0.197903576230509 -0.342175637944635 -0.218527359470462 -0.384153313467544
-0.0782198681588394 -0.397623653102852 -0.118655637029112 -0.599477638466438
-0.135622532829259 -0.554191305795437 -0.135327853018011 -0.27897484140012
-0.20335755657821 -0.535418735965857 -0.141277250823478 -0.182806297630991
-0.452236588922535 -0.384855593706642 0.023175697417034 -0.0559701291481395
-0.565181590426672 -0.101572930333745 0.0974511680686831 0.0410764619346789
-0.462230983703522 0.147414386216827 0.225211363416208 -0.0262910476615535
-0.324898457245167 0.301784525643815 0.252068587641163 -0.168712304973652
-0.168901200879474 0.403439502728097 0.193205510143094 -0.229132657748785
-0.0930598994981781 0.385279714487069 0.155021919936346 -0.236616853165917
-0.0875533331117127 0.429239906896701 0.137799285921002 -0.2367930219297
-0.241702061602821 0.3976722774408 0.15695070161829 -0.182432531848785
-0.362289566378765 0.309417007535936 0.14968434973103 -0.0730372547389362
-0.562266002694089 0.155852386200842 -0.0095865845455376 -0.00507473357537809
-0.586672197359429 -0.16039091859672 -0.149172877293758 -0.122984183187532
-0.372409625655903 -0.468367771709865 -0.214788678191354 -0.277446418041972
-0.214002088156053 -0.601865297323462 -0.126810616213371 -0.414518910261798
-0.199846922397097 -0.656292960425899 -0.0922779844278929 -0.0592959961907315
-0.281421717662499 -0.650506995594041 -0.0748409719290716 -0.0511736180904987
-0.571861452327304 -0.481217223154257 0.0586356788418265 -0.0254073063884986
-0.714715858525978 -0.1436799203808 0.0809094149745361 0.0393100224144315
-0.60232407867232 0.160244071717028 0.134539500420598 -0.00474223658078335
-0.428168371171701 0.358075318936224 0.149146449748325 -0.0734707862196975
-0.234008300582877 0.484628727240979 0.105327870254444 -0.0829642201643051
-0.133042036472614 0.456841484827964 0.0876771245918965 -0.0688943376832294
-0.115517891091852 0.502138925581932 0.0767219661276953 -0.072037029182956
-0.28361753558971 0.467354735198342 0.0938239716944115 -0.0392161437843751
-0.419442078800906 0.365243148499957 0.0883939342100923 0.0265033648658172
-0.640325645274397 0.203039762984618 -0.0315813318004349 0.0603586794078958
-0.692751927994371 -0.145195935572414 -0.130551065730298 -0.0464785023773863
-0.485824458355716 -0.511954073230751 -0.150172327950043 -0.147382669369259
-0.318291783261433 -0.703049118876905 -0.0798070526843984 -0.183809571284524
-0.245692182250279 -0.65999641158924 -0.05511508672262 0.193004981820524
-0.335842994287503 -0.658967322857464 -0.00707948861283714 0.120873242415678
-0.615419296914563 -0.485562495871112 0.0836172451486427 0.0262880108783183
-0.749903671887205 -0.144448612680807 0.0443810697287948 0.0417606332859699
-0.634079754385791 0.157902898599915 0.00983248362434654 0.0275967976138809
-0.456077955518674 0.362292531097348 0.0124905579479859 0.0437289157877337
-0.25752150149905 0.494294518311104 -0.00218300133345727 0.0819061995769381
-0.152857794039128 0.458523105656365 0.00757420800521673 0.109645896368422
-0.135147580502067 0.494261377471893 0.00944143978486608 0.101139642597316
-0.295292458936039 0.454193439645681 0.0272338318144621 0.109955921463824
-0.42408301874973 0.342654944645558 0.0203421864498084 0.124941453965091
-0.619028807279305 0.179443247833561 -0.0492810584668904 0.114295831180591
-0.668932330685114 -0.131821028525206 -0.0895817780241847 0.0190975381818949
-0.493401046174921 -0.483739614597332 -0.0455540988327872 -0.0244811934469173
-0.356945224682356 -0.693809669821985 0.00497270549465294 0.0507613605392136
-0.259016996518199 -0.554319927382438 -0.0202200080525315 0.431595932924633
-0.336562876663522 -0.537202739057564 0.056450018620311 0.289744119447236
-0.543317897882589 -0.382299081850903 0.0879740900249373 0.0881563661887663
-0.630758436365897 -0.108072475782363 -0.0048764687224193 0.0534797816606312
-0.53626299139034 0.130021350752333 -0.115991120526775 0.0720093004927944
-0.394532744450697 0.305126707573034 -0.124483315753127 0.165534902912146
-0.233698088174338 0.42430333999436 -0.106485187068184 0.240105162095459
-0.151474511669243 0.3900319644841 -0.0736523430543244 0.273070438508357
-0.143972844916175 0.412301795088996 -0.0631785601821828 0.252088039126609
-0.281278908646367 0.363772941742409 -0.0498952125706444 0.230494515447726
-0.379897695605918 0.244753331511609 -0.059100336715105 0.191182641892107
-0.502109795061562 0.0931622838618332 -0.0732758249655352 0.135543357869661
-0.527598263888143 -0.130982887907908 -0.0483441805189222 0.0609643707524269
-0.398914014437178 -0.396948843482282 0.0611637260341486 0.0729311697219183
-0.329580613021378 -0.581703214692296 0.0976500865421775 0.257141489551453
-0.23128933682898 -0.357078049750267 0.0110060942447391 0.613782450051958
-0.268150672326637 -0.314416261074678 0.112876724672825 0.416852880417427
-0.360640042878301 -0.210952942263743 0.081748968563803 0.145379231017781
-0.383577998089718 -0.055395982045814 -0.045346930021276 0.069795330438222
-0.340513749514826 0.0708297221735869 -0.20647064194149 0.117328653665446
-0.267954186435335 0.193586169172562 -0.22422984774815 0.268454256043848
-0.171700394782865 0.285878933844572 -0.184614742069252 0.365456163938782
-0.12775542760026 0.263038257886382 -0.143846004249277 0.394988447013695
-0.135573204173997 0.273808009561788 -0.139115990560264 0.360373325894012
-0.229764157216487 0.223877460285844 -0.138958421305142 0.298206018912886
-0.283867517819606 0.114958463388197 -0.145848333112679 0.204010728826368
-0.318839809792016 -0.00542845226353393 -0.10125758137451 0.116251301603352
-0.311263829542807 -0.114480764234717 -0.0199688249266686 0.0769080223046827
-0.251087480112953 -0.258662857691662 0.139926003114625 0.142301658180282
-0.250533692169989 -0.391282784879023 0.170336335602577 0.40955178992701
-0.154523534294212 -0.104011165881134 0.0363556219589074 0.704251208593343
-0.134354071695755 -0.0545456858563652 0.163619331073677 0.48141378549297
-0.110337812938713 -0.03279334179758 0.0826694573536721 0.185609906536337
-0.0901027309905988 -0.0222869181572529 -0.0592485142776179 0.0811786773204151
-0.108658528428411 -0.0121222536785654 -0.245364658722597 0.150348629767831
-0.111768783690875 0.0455851099904489 -0.269007285968404 0.33449021719843
-0.0930414723491795 0.0989225348487702 -0.222543833952188 0.436796518451612
-0.0841406275067765 0.0971560351930655 -0.191665492207663 0.455484745672252
-0.0963232652175248 0.101256244791296 -0.20566401246822 0.408895733982074
-0.132603382796606 0.0698561673978151 -0.224153326011198 0.307526657051226
-0.140269145024262 0.000813417623531036 -0.222405446715213 0.166984580187963
-0.102026618350081 -0.0540377664357001 -0.12083607841138 0.0661887932072256
-0.0873710508165266 -0.0497510971427513 0.00142778231438932 0.0764946554509871
-0.106418034188623 -0.0763041531747558 0.182941556727064 0.185858979500544
-0.156424257724375 -0.148645747239661 0.217768716353184 0.495582047597622
0.0228417008733207 -0.163700464723323 -0.279955695631763 -0.483952862359196
-0.0311048728423852 -0.148409978868773 -0.267781797472919 -0.239842979730504
-0.132515509385481 -0.0725044547943609 -0.0304648081587494 -0.0515983619440628
-0.134085161370141 0.0428072027181742 0.0981836030988006 0.00217941802729247
-0.0544149618291881 0.0910495580655978 0.262863725994651 -0.103140384031119
-0.0149498999588973 0.0882835876342155 0.270602066555456 -0.30520959307578
0.0241671392176947 0.0846206164541559 0.21364355184709 -0.417936617004869
0.0323452298418764 0.0860025485908516 0.18310888218864 -0.462170932143351
0.0258854901115809 0.106077466814663 0.183663686907405 -0.456767911368604
-0.0275768956821321 0.111148232585941 0.219794360420806 -0.373835650589621
-0.0732168101771633 0.109163717479305 0.224266060917316 -0.220058090731193
-0.161858548165598 0.0614088297938087 0.0614157320522683 -0.111943371461753
-0.150558645988262 -0.0713515822255326 -0.0990761966332598 -0.213232107233812
-0.0253327582953783 -0.137002388169035 -0.200870540482662 -0.421171371540255
0.0387783674276561 -0.122436391894321 -0.111367908677155 -0.691181783292059
-0.084656675985585 -0.368565640926449 -0.216621866288972 -0.418036926902065
-0.141801812337474 -0.340273139690316 -0.219666302442098 -0.233676125675076
-0.315504304622226 -0.209026862959579 -0.0129422096673577 -0.0633954018360883
-0.359156711581124 0.00113712820111815 0.103380806105439 0.0238120039101523
-0.255976460156461 0.148150093676118 0.266374016262011 -0.072881294720994
-0.157202560743205 0.222319424709295 0.27904719756307 -0.263511849884164
-0.0549867711180645 0.26649106160878 0.216233681412411 -0.356900072234309
-0.0175600447135834 0.256663597433438 0.174267795710149 -0.385250486694055
-0.0205224135713612 0.291150262527946 0.160606758276343 -0.379998777316662
-0.137864479498057 0.279977725004 0.190212735280779 -0.307487640336589
-0.230204653649945 0.228469791596383 0.191406953349759 -0.167904286646958
-0.382946181367046 0.121564005237408 0.0194271997741705 -0.067133789154634
-0.396853318540596 -0.119385104206631 -0.145951257463675 -0.176298767587166
-0.223499752832535 -0.324124296752897 -0.245791913496782 -0.36426111817169
-0.11143870797963 -0.384178107438802 -0.160380764403745 -0.583476864548055
-0.172537288086941 -0.537234651302971 -0.154307587929917 -0.270796949619375
-0.240292085310081 -0.513441520533809 -0.154074017413242 -0.170022597819318
-0.477514405669627 -0.343142554559484 0.0179735110659054 -0.0612600578390779
-0.568832428731727 -0.0512878054709607 0.100465989720732 0.0308688722819744
-0.449013834244728 0.185805441675182 0.224144022162573 -0.0479738591155203
-0.296891758139927 0.327310003654819 0.235179161671179 -0.192081186583776
-0.135503921449837 0.412894878357295 0.177399295813667 -0.244677313630269
-0.0629143808490977 0.388817089396076 0.138312065237728 -0.24978806989968
-0.0506892937556759 0.431448454009818 0.119117778125548 -0.247354651039077
-0.209185872647659 0.416593220847398 0.143099754724041 -0.192761532268865
-0.336901288670582 0.340484475464649 0.145188161355723 -0.0866360707291604
-0.545684532107393 0.201813827137427 -0.0110510520185125 -0.00514636270281024
-0.5973069606793 -0.112961291727568 -0.159291542860588 -0.110147998862967
-0.409746114151368 -0.435652986617305 -0.234590378441557 -0.258542050601845
-0.263265983061327 -0.575229711192942 -0.152159124319717 -0.399668823098151
-0.244267842806036 -0.634353007334144 -0.0948195465553552 -0.0569349581844682
-0.329932728089334 -0.623124923786526 -0.0775841722582942 -0.0451348112676977
-0.60511275847553 -0.427752481422329 0.0560351708872556 -0.0347886432316617
-0.72219946667529 -0.0804728974117023 0.0843414364495344 0.0298568149014242
-0.587418376701208 0.211190749826468 0.134592682830578 -0.0204309181265323
-0.395745891759357 0.391670665688008 0.140277981591629 -0.0899476930091667
-0.193614550725367 0.500323172121291 0.103612474782613 -0.092126599610831
-0.0963558411817034 0.46242502022778 0.0839070362104925 -0.076308737804761
-0.07310159859678 0.506565946797009 0.0707079855201212 -0.0774569404864852
-0.244708701884373 0.489688424640313 0.0927163282939529 -0.0453501291943707
-0.388794970787914 0.400847006924188 0.0930121528675826 0.0162761770002899
-0.61991521333245 0.254482202510709 -0.0277177191983155 0.06170485215958
-0.702205760886755 -0.0851334468410281 -0.133879494735116 -0.0354413403254623
-0.524105208442055 -0.469498728525984 -0.161847836004596 -0.135891387096187
-0.374999001467215 -0.667371392909618 -0.0885914798860575 -0.174900017757895
-0.288573409676785 -0.635992239536669 -0.0392612592066739 0.191070874984095
-0.38401037514649 -0.627796678261824 0.00409906309394633 0.11981501777394
-0.653333751499077 -0.428493439452559 0.0868374369390482 0.0154931204141056
-0.757740369339146 -0.0796243102751 0.0489714200199586 0.0355845097587985
-0.621251471214383 0.213076905603819 0.012981274628052 0.0218264307282643
-0.424148446798935 0.398366542140641 0.01372228768838 0.0370695112062644
-0.217200301863056 0.510800176669589 0.0101790498179493 0.0812009830756199
-0.11665754243518 0.465373138254192 0.0176957671919418 0.109533043895261
-0.0931329242165306 0.499065624744906 0.0171981031147644 0.100232378020355
-0.255881215025957 0.477586755974827 0.0376181909280579 0.108070242567117
-0.393601781696416 0.376853623185919 0.0333712668463902 0.119901866933598
-0.599224158079874 0.229496616133978 -0.0414681166257709 0.116778149920385
-0.677925713610066 -0.0735062249745802 -0.0868880071602744 0.026364507663684
-0.530691469373719 -0.439486653521648 -0.0477267518838324 -0.0215240336539674
-0.412721265658503 -0.654257499666103 0.0129050635433023 0.0520818950891312
-0.296076698982128 -0.533031080934582 0.0132047337819645 0.426646626616658
-0.376738403755227 -0.508585312562588 0.080845620347559 0.28191351292483
-0.575285466284061 -0.333527287728683 0.0965902290479745 0.0775449027787825
-0.636569825385019 -0.0519452553160977 0.000676664761256082 0.0513794841461091
-0.526561089562191 0.176616631556037 -0.109053066531087 0.0775212530537337
-0.36904667699118 0.337056889831835 -0.112367418834453 0.169729034241068
-0.197877010309624 0.439690854594224 -0.0817867269801461 0.248361194316389
-0.120016975785103 0.398636435541224 -0.0501847911515228 0.278377803809007
-0.108449397948335 0.418920646932547 -0.0445394945946152 0.25640288208886
-0.249185477217125 0.38503930467502 -0.029857974591615 0.23329769139575
-0.358222384105179 0.275799893933011 -0.0407262695001549 0.191992520352897
-0.490386059046825 0.134678533609975 -0.0622550793571431 0.138969983802441
-0.535438325076793 -0.0850888073430958 -0.0428097092744583 0.0642745014530905
-0.429870285192852 -0.36037208943264 0.0648800711869397 0.0661985150347185
-0.375165711733972 -0.546183686315324 0.119376788048099 0.248838990834445
-0.253244708447037 -0.339820713414527 0.0567850281064499 0.605625200385339
-0.292902864954772 -0.293365865890149 0.146732093584785 0.403219753389417
-0.379059037143813 -0.180122935566139 0.0949251228615964 0.136558462641129
-0.389409065647165 -0.0225850037868897 -0.03837269349457 0.0718616809040207
-0.337346550429642 0.100616776474093 -0.196289595961252 0.131604718145463
-0.251825582301306 0.215130110283638 -0.202901371531054 0.281631859933734
-0.147214999676302 0.296698647121758 -0.150775606819886 0.379436187355551
-0.106158835145572 0.270988624588702 -0.111543188897941 0.406844065089399
-0.111287298178153 0.282422290625124 -0.111438262379116 0.370246571330876
-0.209279162971008 0.241315068358446 -0.113252061710424 0.307490635299454
-0.273480457079381 0.138422225834285 -0.126747893418281 0.212541227308396
-0.316507693251895 0.0219748490283097 -0.0918546158325946 0.122614785843643
-0.319009419574548 -0.0854711594600929 -0.012175492800064 0.0775983361574464
-0.270562902416378 -0.235233682752515 0.148274735831071 0.128036378664732
-0.280679228456593 -0.363950158399287 0.202579511678114 0.394795862276011
-0.159906317740683 -0.0942719755248244 0.0892355315137466 0.695384343794706
-0.139766020947834 -0.0452590591245626 0.200108138068105 0.463073424728924
-0.116314493272457 -0.0234467693937058 0.0978831328038956 0.177285698662895
-0.0930476354563348 -0.0144350127312723 -0.0520327539524559 0.0844695963038958
-0.112185904556901 -0.00279218532922842 -0.23311237187641 0.169220514934531
-0.108757847093184 0.0544510938739726 -0.241141643076419 0.353422451018622
-0.0835113004110577 0.105328329516075 -0.185473955699471 0.452639645599232
-0.0756411107474922 0.103351998633711 -0.154724283477384 0.472418807630704
-0.0869157911843587 0.108706022581299 -0.173093329607922 0.424805543764218
-0.124898750266192 0.0802859972389192 -0.198410214448164 0.324112933257702
-0.139390639251964 0.012916707598122 -0.207746278832097 0.183092355142775
-0.104867023898535 -0.0438995336681311 -0.114241066831717 0.075431627233509
-0.0913657952512049 -0.0393267104840904 0.00890237028955933 0.0753701242171777
-0.113063931292055 -0.0668951441299497 0.193387065344484 0.168564302541453
-0.167942610638526 -0.13412773220945 0.254845380606607 0.477401578332213
0.0111471581540587 -0.155880020057801 -0.300231172115912 -0.446061762640356
-0.0354754625473218 -0.139496004185695 -0.272500310699841 -0.209700828551722
-0.128073743277466 -0.0596705319654781 -0.0344807845574842 -0.0496066853231391
-0.123771347410075 0.050044766063063 0.0934086667914203 -0.00550130623836063
-0.0447738477269804 0.0908052457441328 0.244995190398069 -0.117756448604844
-0.00690683992683171 0.0860523139354007 0.236724293702978 -0.310736974972695
0.0279306159958822 0.0800322903530321 0.176877459956234 -0.416494502067752
0.0361179029222416 0.0796074266115443 0.144680266858142 -0.458539690036505
0.0318414286799562 0.0989879077776692 0.146342964721944 -0.45033734928202
-0.0191216147426829 0.10851207121033 0.185889173213264 -0.371891017631324
-0.0626981985475912 0.109784662118841 0.199245928717573 -0.227031124037698
-0.150309875511555 0.0684553325088189 0.0503003622190353 -0.111408237844042
-0.149261387852557 -0.0593921732618417 -0.111098190536755 -0.196300395861422
-0.0333085614312085 -0.128762633716253 -0.218121285600444 -0.387483725574145
0.0292501998327121 -0.117731805846366 -0.149938384195631 -0.651379607497449
-0.10319001413015 -0.344167810629579 -0.231960760448607 -0.38895582904804
-0.153724223353166 -0.315289165568708 -0.225205052398989 -0.2066394747875
-0.313345863853106 -0.176883010919409 -0.0187065051365366 -0.0626393634276754
-0.342425857675015 0.0270175783984633 0.100185291915939 0.0144098722050672
-0.234705647309985 0.161057057917203 0.250615907458951 -0.0905327703293336
-0.133623577915811 0.22365364690179 0.247444246183745 -0.272373542173363
-0.0357257850755061 0.258975707892906 0.184400931292938 -0.358676917775536
0.000201491761172592 0.245700437751635 0.142718513156694 -0.384048518133032
0.0014281397727938 0.277885418277955 0.128605591813764 -0.37581824817602
-0.113145955146444 0.278468427668614 0.162428097787058 -0.306400215204211
-0.205405982927896 0.236503911109228 0.17261613284181 -0.176213388001277
-0.357988974675087 0.142255250528736 0.0123397841489698 -0.0658401721195373
-0.388917834935523 -0.086888475060908 -0.153062264110072 -0.158201321556294
-0.235306858943932 -0.294031589078531 -0.258393334553463 -0.331572249820957
-0.132331297539654 -0.355702934143773 -0.187377130357168 -0.547364001150617
-0.198187900496049 -0.500957316383892 -0.16324700938811 -0.253202245183227
-0.258384365138332 -0.474517477622539 -0.157533521632296 -0.151920374336086
-0.477358498109157 -0.291357098184787 0.0116370340062681 -0.0633806653299907
-0.545783049941326 -0.00780885317396113 0.0978765731091286 0.0205169155125044
-0.417243570699043 0.212039343272248 0.211641666645123 -0.0650228186088181
-0.260126596637411 0.334472480902845 0.209332646161565 -0.202914565279413
-0.101282887163452 0.403534044176835 0.157043646895164 -0.24876986750087
-0.034719644102376 0.375510802324705 0.11770707665196 -0.25081229514878
-0.0178349067349178 0.414032121589927 0.0985872065201743 -0.245096456019732
-0.170991880508909 0.414805468807444 0.126751399631626 -0.193815646301827
-0.299466929655149 0.350336515579811 0.134633229860203 -0.0959983138795073
-0.505909431254574 0.231089538504716 -0.0132871411711244 -0.00464005285815043
-0.582434817516596 -0.0641154410367367 -0.160069106058639 -0.0934002631312175
-0.420973052161924 -0.385926887989737 -0.24074803701568 -0.232801386777493
-0.291813419687017 -0.525563059160494 -0.16751742521933 -0.371130069541949
-0.271365379930005 -0.591067076525185 -0.092896355895276 -0.0534147623547758
-0.354805607585951 -0.574129392246761 -0.0751902088127494 -0.0384896276635184
-0.607890310863073 -0.361993477933478 0.0509262610142956 -0.040901252072631
-0.696347004163022 -0.0241434150535041 0.0834661856132538 0.0208554953460746
-0.548729347377417 0.247068409531451 0.128062545742687 -0.0328520791338279
-0.350470733325525 0.403953027254968 0.124623561398325 -0.09997047646835
-0.151551542257401 0.491610757999593 0.0976001057484759 -0.0974913983429007
-0.0630294375612581 0.449225820733855 0.077356425419661 -0.0800759954776526
-0.0331058441988614 0.48600534138315 0.0627473476325854 -0.0788763780039806
-0.199456481102552 0.485943277686629 0.0881106745144771 -0.0497934408237113
-0.346077693480788 0.412462375580106 0.092041416606681 0.00605038840840084
-0.574192297727378 0.287056424933682 -0.0244537024199572 0.0609149682581018
-0.680361002769826 -0.031317395272117 -0.130276281716373 -0.0243848802004169
-0.534873746363118 -0.410958085143388 -0.163338966912816 -0.120067676780321
-0.403297623533137 -0.604019842911695 -0.0911075242039917 -0.160728950793141
-0.314787924255675 -0.591416321167869 -0.0235285681774479 0.180232390173459
-0.407801799435146 -0.575527065977 0.0137053909767256 0.112636496070006
-0.655322728457673 -0.361358010297576 0.0846527294771992 0.00556527693266794
-0.732481927728008 -0.020461147331792 0.0508541208835361 0.0283749354188785
-0.582497083694799 0.251450141132936 0.0137497694950199 0.0164980760743915
-0.378600377463024 0.411559263757281 0.0121826320008318 0.0308772923589261
-0.171950269840385 0.502295962519738 0.0199522656354362 0.0756686010547816
-0.0798437718200554 0.453043459910186 0.026363909990204 0.103265182399308
-0.05364248199198 0.480618099096074 0.0228500196997075 0.0956966323424994
-0.212244047685823 0.475067324033565 0.0460256276046689 0.10122838471043
-0.352222997786494 0.390738315824245 0.042004616687073 0.108767910178328
-0.556942267784541 0.26136823855164 -0.0331711436289533 0.1139883636744
-0.654064342834865 -0.0208928828522002 -0.0809366211035614 0.0310821608546933
-0.538276239569857 -0.382607512042766 -0.0481546847577214 -0.018880560289815
-0.439788683521628 -0.587760771850011 0.0205952084912115 0.0493954098097643
-0.314915421384696 -0.492592430999752 0.0402696784650297 0.402674913948152
-0.394597252929253 -0.463231017627396 0.0978978685311845 0.262233866582923
-0.574203271370492 -0.276675550050483 0.0992355282714569 0.0652790259136107
-0.614157335431104 -0.000786581310052976 0.00568162141140695 0.0467856098666855
-0.496151238695496 0.209318006750924 -0.0999040933151919 0.0788302644968907
-0.33073260265136 0.349810531129996 -0.0989483357446637 0.167182196908807
-0.158345105052175 0.43302604456245 -0.0573869885865983 0.24263192861049
-0.0882460882734273 0.388957430289687 -0.0284507104962902 0.271721404279591
-0.0738576016077037 0.406761682679105 -0.025330362098955 0.249981649543854
-0.2107359392767 0.386349105360682 -0.0112069135795513 0.225705023187917
-0.324145498780739 0.292044182941936 -0.0237054615205335 0.183812043913859
-0.46010179483776 0.163532420148669 -0.0515070874984315 0.136875286686123
-0.517617335335551 -0.0407582711442274 -0.0355431211528598 0.0641442307514918
-0.43539895966985 -0.314499006450704 0.0645311642153377 0.057289571805134
-0.397149556629516 -0.488340585556981 0.134077357263791 0.231168320157302
-0.262717286226692 -0.311193891126441 0.0935991461797762 0.572199220301734
-0.300407668356542 -0.262061047187764 0.167582404289014 0.372710980057617
-0.378244463699225 -0.144207199418896 0.101966212577932 0.122488844872657
-0.376154965362266 0.00891806588727362 -0.0306010408815681 0.0702141497658981
-0.318679582070701 0.122951104566926 -0.180056434640423 0.13824817884213
-0.227490989770696 0.225201309890491 -0.176627107205368 0.282011532596216
-0.119581918443225 0.293264072008001 -0.115421452387021 0.37429064621536
-0.0829723088966462 0.266438133290566 -0.0785019292456008 0.399997503916083
-0.0860723141259885 0.276294381048363 -0.0808276871615553 0.363236520463148
-0.182524889661829 0.245582736836275 -0.0868907412744917 0.301798083538611
-0.252362586997195 0.153831241903903 -0.105399352999759 0.210336210399462
-0.300089742157093 0.0446806933928632 -0.0798310808740381 0.123354467742267
-0.31224793861316 -0.056640844415212 -0.00504834925406572 0.0743182859958028
-0.27567487363551 -0.205045318753141 0.148143338640745 0.110223336214461
-0.294937619530879 -0.324508128461872 0.221597431823248 0.36525805628869
-0.157789257427975 -0.0827513196907668 0.128839879800795 0.658182495841143
-0.138929019521517 -0.0348242627202351 0.222255339634604 0.427729164206788
-0.116301027002162 -0.0135919607716784 0.107732581364298 0.162247769107482
-0.0923492542844229 -0.00604694793898894 -0.0437301019007 0.083791382338166
-0.110026228077407 0.00655325353386789 -0.213159051503999 0.177563851699594
-0.101768494922123 0.0610951416253363 -0.207423496927802 0.353174491021403
-0.0721240028894709 0.106072887527567 -0.144004907386849 0.447618353552286
-0.0652341410910136 0.104121380300978 -0.116063628319804 0.466676666231308
-0.0741716277228358 0.109349804179435 -0.137792354700579 0.419889090310072
-0.112719027548971 0.0865902342598936 -0.168482205085636 0.323600758069323
-0.132000177948801 0.0233850956268501 -0.185261421571072 0.189070499261734
-0.103022849775175 -0.0331535252901439 -0.103526889519504 0.0798294252070821
-0.090678589494943 -0.0280637617982993 0.0155241520034997 0.0707843757699939
-0.113881311226446 -0.0565244731276947 0.193499275606947 0.14699305724475
-0.170630765387495 -0.115012639024255 0.276255434876965 0.441017365287703
-0.0187411013336181 -0.143854108245586 -0.35193462821597 -0.370887444788363
-0.0533893350654341 -0.120141349224556 -0.291651195522949 -0.153138625771415
-0.123111342849496 -0.0372621974035619 -0.0507549988170103 -0.0470297628176207
-0.102924383791972 0.0613887800902741 0.0768649941419108 -0.0221000727686209
-0.0282897094779597 0.0826394397950792 0.206989556326015 -0.147177776870393
0.00278598755794338 0.0779455970368165 0.174125420987606 -0.32739248088386
0.0329200730439089 0.0681201094150967 0.104348005948338 -0.421937570657432
0.04063235452935 0.0665228910185364 0.0647424790665995 -0.457508419430629
0.040266363175436 0.0849871146599147 0.0630289154605055 -0.453646014036224
-0.00374489249518464 0.101805878926441 0.109572839930357 -0.383536155639194
-0.0447003304023098 0.106897074890189 0.147647979247558 -0.248048888755933
-0.130306213795463 0.0825701533678222 0.0298358959430313 -0.11440703734916
-0.145966308956502 -0.0393557509556172 -0.138886178575715 -0.166184012597605
-0.0490629484889865 -0.119857423265219 -0.263677785250452 -0.321102410900428
0.00787935387823431 -0.120761959452886 -0.231624077450742 -0.582421565904975
-0.144916244091045 -0.3040345524315 -0.285635801746515 -0.339888411995267
-0.185341335510742 -0.264300137522567 -0.249519422398218 -0.167641227477338
-0.307542679644026 -0.116467821143337 -0.0480269891913744 -0.0737180785943586
-0.303588082207189 0.0754682547572856 0.0742375494524937 -0.0150197337804687
-0.191960891874039 0.176137717093738 0.203474190829803 -0.120257786850539
-0.0955151030794237 0.222966865575611 0.181968715133817 -0.288115651853376
0.00156336443572608 0.241690606486992 0.11548228884865 -0.362340692056727
0.0282020925175321 0.225833152698298 0.0732764006764035 -0.386286268328981
0.0368317323635378 0.255760350577426 0.057840624199141 -0.38287345339425
-0.0668978815470389 0.275030165849462 0.0967741164373384 -0.322600609848351
-0.162167473895773 0.242813880077715 0.132545722349536 -0.198526425292505
-0.31497540763688 0.180946376551808 0.00530061197459248 -0.0677091299635739
-0.371825601974919 -0.0336099315607216 -0.173373468623935 -0.12632434815584
-0.26142042443863 -0.242591596510967 -0.285939425326552 -0.264039368640152
-0.174029452221142 -0.3194046082803 -0.248315795185397 -0.479998723037295
-0.24807612674291 -0.435749254101454 -0.202013660790018 -0.235166644108452
-0.303559290630318 -0.394698377884492 -0.179447869109684 -0.135474289280755
-0.473064953535731 -0.197461576161324 -0.0285242759191139 -0.0908289035079539
-0.49485396895443 0.0746707342805801 0.0624997523985941 -0.0194207075691499
-0.352438454712599 0.250554443267658 0.159011227185411 -0.0881536334887539
-0.197593408516903 0.345001152730671 0.15046721329861 -0.212393342779953
-0.0375581093586543 0.385346463507729 0.100868380002359 -0.249765625638317
0.0117746606339622 0.351469470243958 0.0694329085297416 -0.256110300652374
0.0392507347956172 0.384987515585487 0.049072909110472 -0.256110846475138
-0.101112199449788 0.41140685772711 0.0798647731607578 -0.212902308060171
-0.235983710699505 0.362462761662135 0.111050574270377 -0.118404087149047
-0.442440199901737 0.286583841943681 -0.0065553109680134 -0.00953168836190071
-0.546848584199299 0.0124703056918373 -0.170896614047195 -0.0675194660921317
-0.446563624752566 -0.301063224895421 -0.250814921474744 -0.17799573771131
-0.343615091448938 -0.454639738924135 -0.202301155399694 -0.321140962230095
-0.323234007201464 -0.508738333677305 -0.105978410524312 -0.0667084331163428
-0.40271694249709 -0.474058421279352 -0.0854890338662948 -0.0490649671729667
-0.602120533902671 -0.243118923781704 0.00577458908764131 -0.0845639086667166
-0.633746496974633 0.086087109523972 0.0414197287651183 -0.024352538479581
-0.468183817592033 0.305188736723241 0.0766167893529112 -0.0431212546096393
-0.270176427542416 0.422971581734444 0.0828678981597304 -0.0987113646373966
-0.0693847228341944 0.473129653651545 0.0636971370383135 -0.0933009085671721
-0.00340152385052171 0.424079061321961 0.0573739921448236 -0.0871751681457525
0.0360376740113202 0.454015135817964 0.0413489943868029 -0.0929261611312281
-0.117796720162002 0.48478836774921 0.0666754654092787 -0.0711271611154486
-0.271461808427873 0.427175045814439 0.0891831447308415 -0.0166861729882701
-0.496757577876606 0.349220491241165 -0.00603256242657459 0.0522438905838699
-0.631339995517712 0.0573760927426602 -0.132813207982204 -0.00931368584111337
-0.553536876045599 -0.303847807026983 -0.158370083767652 -0.0892057414005214
-0.458077113294518 -0.507946158586231 -0.0978283717038878 -0.138022038986623
-0.35987501416017 -0.502721593827048 -0.00397221495433372 0.137423163021549
-0.453060749161398 -0.469712664409995 0.0219514903510489 0.0760158805257185
-0.644555455700024 -0.234692510367833 0.0427004350681597 -0.0474687693148314
-0.665850437322458 0.0980466533076236 0.00930308876995428 -0.0134029163988376
-0.497367332086368 0.315810202335361 -0.0246721715599857 0.0222700332104791
-0.293627247584911 0.4361586392565 -0.003924868239767 0.0429854318667922
-0.083774831797791 0.487632661629204 0.0152389503409214 0.0839759728334974
-0.0175321749610265 0.430844686359515 0.0384188662861125 0.094874583314486
0.0172426548151851 0.4527138916136 0.0318033322344804 0.0793022399685995
-0.1282547591569 0.476100545762705 0.0526482883962976 0.076988587874973
-0.279432524021062 0.409388051970362 0.0598842239974971 0.0886601188189472
-0.483636179947536 0.324500386325935 -0.00518002716434302 0.103420678670888
-0.605394941041902 0.0647776129650209 -0.0768469205626394 0.0335291889992228
-0.550517506564022 -0.275279105234612 -0.0360513791498209 -0.01644678053479
-0.48753489487121 -0.488954458429415 0.0361036694193958 0.0406485138535091
-0.343813315957372 -0.411868496719065 0.0930215200627011 0.338991797116154
-0.421915928703068 -0.368269002763437 0.125527037155127 0.206047629765868
-0.562231449118034 -0.170001457190121 0.0714950585276563 0.0126067507817106
-0.557506713572934 0.0974761714975244 -0.0237259567537369 0.0172278533109275
-0.424460273381879 0.269562200543512 -0.115056248114292 0.0986610582926905
-0.257156134788155 0.373659901435744 -0.0838469520160669 0.187206894345586
-0.0804078180054528 0.421865161869181 -0.0311092992779849 0.253342807560443
-0.0318780628887126 0.374013642763027 0.0139559404800467 0.262711834641807
-0.0103413928844786 0.387821221364718 0.0130938975283329 0.235260795278793
-0.140653985789841 0.393183817226061 0.0211794921135721 0.205775077138034
-0.265783657274408 0.313459406071163 0.0110165524146214 0.171167959097789
-0.406522653278465 0.218441042660406 -0.0191025924529953 0.130558014813865
-0.481295628391679 0.0294722078867253 -0.0268545188084128 0.0576394239007261
-0.447290928898892 -0.226132150360692 0.0787517149394461 0.0368404118505962
-0.431381031589506 -0.39988192898929 0.166928881196959 0.19272164944023
-0.271460745374862 -0.250055033428011 0.173300547415593 0.496529532848006
-0.306330041465043 -0.199641789696954 0.211648574047408 0.306909949819674
-0.364513205032147 -0.0762054696147955 0.0941854627653882 0.0789459823005513
-0.340904906422244 0.0693218691610846 -0.0394426424346998 0.0551737047977316
-0.273274008529255 0.165956842668118 -0.168341062389013 0.16430384214142
-0.177832939958521 0.244283222793759 -0.133988077420639 0.303101801998366
-0.0644963932473719 0.288342499643616 -0.0625657115891516 0.383841008146521
-0.0413302661368089 0.260273238858364 -0.0120142181565397 0.391653038612751
-0.0386902280788546 0.269100769505376 -0.020099641582798 0.354476679768245
-0.134128769348554 0.2582920863328 -0.0335909050599915 0.293260376714904
-0.215420330993903 0.176793315658465 -0.0612285996139425 0.210998876647445
-0.274864038842599 0.0859844486177519 -0.0495721698006055 0.12483373867239
-0.292747387459441 -0.00961172717486071 0.00549278551199703 0.0642894106928586
-0.283513687919441 -0.148009880429996 0.160133026626047 0.0741565740847183
-0.312519091437456 -0.258745279532478 0.265125732839172 0.305220864590804
-0.145186156749898 -0.0522414055094585 0.223371618627732 0.584604656078477
-0.125803551494336 -0.0144482121211211 0.275603783622358 0.35861535082443
-0.107061981061714 0.005488894925274 0.122247324456777 0.129488946602967
-0.0846568708572703 0.0121477707710971 -0.0326137070260456 0.0807557680757244
-0.0984246753258709 0.0289346135420063 -0.179191074744343 0.202350997252589
-0.0830849922065665 0.074179009422518 -0.14511902409475 0.369952020653679
-0.0470929076795271 0.108799203176036 -0.0738132496272677 0.454133712370861
-0.0443122715901351 0.107647736880314 -0.0363368664147257 0.460612471482846
-0.0504650528445055 0.114046110120606 -0.0614032840733831 0.420145330239285
-0.0913598414767358 0.0989115718643706 -0.103964356650504 0.331813401393238
-0.11964150729712 0.0409927336213059 -0.140817092882001 0.207522395378409
-0.101428397779014 -0.0145468577344705 -0.0812783802582167 0.0908229085046641
-0.0858046940057074 -0.0112204075189188 0.0266712693027669 0.0600360382468131
-0.112926599688909 -0.0327920446688557 0.204367575367424 0.101218984800652
-0.169733481170048 -0.0797220251450351 0.324323653311378 0.369551748267232
-0.0163781393992051 -0.135121497753253 -0.331627495226429 -0.360586560247122
-0.0471975136387012 -0.116593723277914 -0.276205650962113 -0.146334380793034
-0.115580448132962 -0.0382039889337468 -0.0499302191369803 -0.0452339987771504
-0.0979183442426718 0.0578680076899592 0.073011587138773 -0.0204245542184389
-0.0275541479620191 0.0783145894366067 0.200165549049912 -0.140210566173047
0.00364470039577048 0.0744590356850468 0.168383804785325 -0.312600787001509
0.0306013335907312 0.06614537807381 0.102559328555756 -0.404971684060388
0.0376772195764607 0.0639114942813434 0.0646140898354153 -0.442433080904359
0.0370868099685053 0.0812606420643858 0.064883156348237 -0.436110921686888
-0.00497301514147765 0.098338572377636 0.109029995781819 -0.366899498284267
-0.0431040469914621 0.102088212070135 0.142336849542158 -0.237037659324015
-0.126079397176709 0.0776049126466355 0.0294264911891716 -0.108222186288789
-0.140285114754142 -0.0392190338713154 -0.132892619682905 -0.158215318748136
-0.0440819961149069 -0.115657615930217 -0.248599514395179 -0.308701759053069
0.0100087443134973 -0.114463802553039 -0.214461937252699 -0.559969530983432
-0.13462893302306 -0.289831141810957 -0.268818258102747 -0.332404252471516
-0.172193264987023 -0.256047974055038 -0.235384946989244 -0.161203234067526
-0.291209980259197 -0.113638840416482 -0.0472230767533101 -0.0714347572034834
-0.289458445937519 0.0700441710440662 0.0704222477547199 -0.014156155951438
-0.184733334732487 0.168271373528086 0.195658727072727 -0.115439251969656
-0.0920694398861799 0.213359049811529 0.174295676714304 -0.274831669410263
-0.000347048181740754 0.231963750614806 0.114104298926192 -0.349329751743849
0.0240656798460749 0.216491729981199 0.0732499431994945 -0.373785299348274
0.0328582975907612 0.244553757942157 0.0583368462962019 -0.367886181524855
-0.0660716000502986 0.264373209406603 0.0967390694677107 -0.309061844513168
-0.15639568344312 0.233312274229706 0.12813854144162 -0.190386448368323
-0.302782877049265 0.171133301274976 0.00441753652389452 -0.0632860115472213
-0.357242292999683 -0.0339176618911436 -0.165469894720016 -0.121680507242736
-0.245917188466294 -0.234113663025725 -0.272318082354913 -0.256369825840121
-0.161769564494449 -0.304378216857421 -0.23031792833558 -0.462684760221269
-0.232930402369357 -0.417828969315595 -0.191202341608779 -0.232657168151409
-0.28469977266785 -0.381616172571196 -0.169074481319326 -0.130846952468004
-0.448119117993561 -0.190813229288181 -0.0280147004341044 -0.0885797964704186
-0.472411738580137 0.0713118043613798 0.0596027341853606 -0.0193510842803649
-0.339160714439413 0.240714067114026 0.153093927531361 -0.0854232380617275
-0.190012879330631 0.329830292110274 0.142937266970149 -0.203237623289541
-0.0380537510724958 0.368221913138883 0.099721304532855 -0.241113578918945
0.00857196543320908 0.337338119660041 0.0693067158854533 -0.248082567487344
0.0342573253481909 0.367532053301747 0.0494691738185774 -0.245015216426808
-0.0989773081041553 0.395193406722437 0.0806118686460821 -0.204644947388131
-0.228169924522268 0.348724883649024 0.107002883530841 -0.115616022105063
-0.425204505363939 0.271870048426464 -0.00726242508494955 -0.0074535475424546
-0.52353366094347 0.00985547145061328 -0.163576269173618 -0.065914597573566
-0.423903120064339 -0.29022850269895 -0.23912840119802 -0.172805975830439
-0.321607563918024 -0.432054232854573 -0.185499132671134 -0.310710434293384
-0.303430539565475 -0.489874380937854 -0.101816715785588 -0.0714042428410964
-0.380729810043925 -0.458833033013291 -0.0803913250654112 -0.0486801282564826
-0.572727585423917 -0.234232790721593 0.00528731166937644 -0.0830970601394469
-0.605066952790803 0.0821809931140426 0.0392773846948663 -0.0250647267968116
-0.449494939914774 0.293741081980447 0.0735451961870488 -0.0429027431903206
-0.261028833906937 0.404936363049153 0.0764153943773304 -0.094512927643746
-0.0686094611519084 0.452058486725137 0.0647765398769804 -0.0914933110382363
-0.00633118453730184 0.407823256068151 0.0571746360107176 -0.0851822518929017
0.0312492443002262 0.43232143630185 0.0412487938868709 -0.0884949378223854
-0.115193017664624 0.463931258069905 0.0673834797645032 -0.0690747837368462
-0.262053120416831 0.409880099330673 0.08535747263819 -0.0186120900465441
-0.477827570569691 0.330547128772841 -0.00715224332421755 0.052152260143314
-0.606374762709777 0.0532780383016803 -0.127092609197631 -0.0105715548758915
-0.52565117082484 -0.294919977224804 -0.152235353557144 -0.0876851881362837
-0.431065879888958 -0.486131444990299 -0.0891604709513102 -0.133294311458652
-0.339157811125522 -0.485244102067899 -0.00726133740182766 0.125767127419961
-0.427433464752441 -0.455289176149621 0.0205289661387726 0.0708000779626688
-0.615690859728982 -0.22622864728379 0.0414292944630164 -0.0485160138557592
-0.637668044291212 0.0939168965746513 0.00949468960232189 -0.0151759151409513
-0.478953853999966 0.304669090151301 -0.0242528147708045 0.0193029641154322
-0.283709699071897 0.418786001966427 -0.00739421669356724 0.0402304268287622
-0.0833597082454974 0.46569178481769 0.0179412766259232 0.0784162919200489
-0.0209306859394812 0.414286315321025 0.0381377725862729 0.0900752829855257
0.0129239048305792 0.432621251052816 0.0315361477469622 0.0772142650078775
-0.126851245364892 0.455762443199725 0.0524644650689203 0.0733847735458949
-0.270302981082973 0.392867101518904 0.0564369725431494 0.0817366170233517
-0.464836345579757 0.307980220602555 -0.00653119970056604 0.100774669963705
-0.58034612681516 0.0626708831975035 -0.0740972298993611 0.0301238614822682
-0.524297358015747 -0.264861135008185 -0.0355748125084574 -0.0174569671495919
-0.458339605444946 -0.464354536079618 0.0382379133032923 0.0386305152182934
-0.32501330246658 -0.399618750357932 0.0828958939310523 0.321461133774653
-0.402337506204685 -0.358912734817693 0.118435807793657 0.195955902607285
-0.538287957692908 -0.163094986118918 0.0685566266542396 0.00955974347628403
-0.535589945194571 0.0947932323642815 -0.0217366225637192 0.0141110428237921
-0.408187650283689 0.261622410763175 -0.111799039695036 0.0919424595037438
-0.250028128308619 0.358631518619814 -0.0841010124962127 0.178222972705651
-0.079743446624874 0.402955426900901 -0.0274676600566983 0.240909860306173
-0.0331701435194684 0.35890785557451 0.01409501000596 0.25290799164399
-0.0130803186794685 0.368689644870665 0.0114082138932596 0.227669179265193
-0.136583854199997 0.376251407084429 0.0209979568553692 0.195760977328105
-0.256040788148939 0.301699638022535 0.00883206203041375 0.160464926557368
-0.389248996982413 0.207867805374211 -0.0204304577232871 0.125460792538365
-0.459792018516755 0.029636128960905 -0.0262253063737052 0.0530490287948356
-0.42536047889386 -0.217863118149958 0.0731988470191908 0.0342041267190911
-0.407570288690794 -0.379757788045116 0.160191036581334 0.18567599743222
-0.257974297953031 -0.245350207008122 0.157699340157995 0.47641968364106
-0.29419725760406 -0.194584539764731 0.198887284847366 0.293235678317986
-0.350242436349079 -0.0715929207366897 0.0907740005319918 0.0735317232105307
-0.328053558894261 0.0673607402683558 -0.0380312749900818 0.0506238887362717
-0.26332846543273 0.161450027983216 -0.163448308400121 0.156109245521262
-0.172269530509876 0.23543215191483 -0.13268570163456 0.289552234804443
-0.0634614526460411 0.273945615817569 -0.0597872429516517 0.367659497733679
-0.0412100089256265 0.249968089918562 -0.0121476392946552 0.377200436800366
-0.0382417404259847 0.255830911614255 -0.0213109197072456 0.340923903707363
-0.128948692278206 0.247038853050085 -0.0347959824320053 0.279868847249942
-0.206489018798355 0.169940153967173 -0.0604519412479874 0.199477250689086
-0.262551851838907 0.0814665799684806 -0.0495926182421887 0.119240835874653
-0.278617096186427 -0.00847731688049811 0.00536294668537227 0.0598619029702124
-0.270168173721719 -0.141707521509493 0.150988511166571 0.0708667546393636
-0.296223559858988 -0.24631193464487 0.253145768309472 0.296176446826524
-0.139463558069138 -0.0547430304114752 0.205084027415385 0.561860199205091
-0.122305280781104 -0.0149855215336972 0.259234281522454 0.343499715182013
-0.104819073224618 0.00742737972764984 0.116891322875125 0.122653975203732
-0.0816790164996659 0.012924371823978 -0.0316598073908802 0.075525987842343
-0.0953759509035819 0.0290419170138622 -0.174384341100099 0.193035357637997
-0.0804729199586778 0.0723812846380964 -0.142562739043199 0.35289854564478
-0.0452027618875246 0.103159339191758 -0.0716996297545176 0.435199632706785
-0.0421345248573308 0.103109878753992 -0.0362824075650394 0.444200281350262
-0.0482130908430683 0.108357295439687 -0.0612805199698328 0.403960232228459
-0.0869850293503091 0.0938021346087486 -0.102626439186981 0.317021165504153
-0.113851064580142 0.0401626697990481 -0.136347949530221 0.19648930786313
-0.0960732031651529 -0.0132395957422768 -0.0787252239411048 0.0861817750758541
-0.0808679378461335 -0.00869939662774165 0.0257049705517711 0.056631634637513
-0.109840172343744 -0.0310569079467382 0.193629942976764 0.098439440651596
-0.162010746357208 -0.0761333763775122 0.308450963965259 0.358300248257646
-0.0116005531384446 -0.131697754201774 -0.317746796978679 -0.370627778833904
-0.040998785042654 -0.118657101456872 -0.267954451954691 -0.150871537200589
-0.112278193066506 -0.0424597027145735 -0.0498766194982201 -0.0451525835996602
-0.098545152837665 0.0540885604449163 0.0731437487043285 -0.0181151555138174
-0.0296979800093321 0.0765625252271119 0.203499897594036 -0.135944211078593
0.00288692426445596 0.0735299294057319 0.174657598207159 -0.306483623629251
0.0287720391767803 0.0671620969059862 0.111318583457784 -0.401914804912915
0.0351382956108286 0.0643118437248444 0.0735748014943103 -0.442659219228171
0.0338958980835474 0.0815661237631545 0.0759318548972344 -0.432872319743838
-0.00807133399262979 0.0985580891628342 0.118386086920737 -0.363065362198994
-0.0455462978110466 0.0999857032661793 0.147028732127424 -0.231981242513702
-0.127985460276073 0.073417409023158 0.0322866286494989 -0.105895903564118
-0.139892449036489 -0.0429577777812463 -0.127837585401078 -0.159808698480195
-0.0382949613898226 -0.116642987913277 -0.237751924664861 -0.313258146978151
0.013675181036348 -0.113232182962621 -0.194881126061893 -0.562808528798125
-0.124378034132661 -0.28900711915047 -0.25879118574427 -0.34277448180166
-0.161411318817888 -0.260645053112779 -0.227036437508301 -0.16478206363434
-0.284313040010152 -0.120730201791206 -0.0467025144668976 -0.0726750660897344
-0.288960360016965 0.0638877134236543 0.0701815072854291 -0.0127246096516256
-0.18827133329473 0.163957672251552 0.198840989450742 -0.111288391790546
-0.0957391055928241 0.210489400083487 0.1788275113714 -0.269365669231568
-0.00608571177959091 0.230603158577817 0.122881948665548 -0.346715112844467
0.0176456767551415 0.216567080981723 0.0813091942665035 -0.374147793298565
0.0255043517411037 0.24202467905205 0.0693666467528381 -0.366166808875514
-0.0729424429460388 0.262696796336881 0.105544943990213 -0.306457894843048
-0.161382274488616 0.228765191812279 0.131460235051166 -0.187084961727218
-0.306353018818272 0.162442314474221 0.00572224647446295 -0.0615616071208423
-0.355715392557137 -0.0415780982572648 -0.161673050060876 -0.124269212645452
-0.236374100874915 -0.239133970107701 -0.263835742665772 -0.260948407688391
-0.150542678813482 -0.304527407541747 -0.213278319271601 -0.466563162936718
-0.217741521832432 -0.420122373838003 -0.184377314781937 -0.242219420496495
-0.270391869436614 -0.389060959157759 -0.162090977832388 -0.134207398915362
-0.439711429440618 -0.198644192511381 -0.0266844321104492 -0.0900624897707503
-0.469042209789044 0.0615500453209906 0.0597439657239442 -0.0184719096144279
-0.342915248786998 0.234678040506292 0.155036230910961 -0.082442691278619
-0.195610720052706 0.323861973664022 0.144904458709587 -0.198132142606697
-0.0467924154516737 0.364933528855258 0.107165742587256 -0.239462287829811
-0.000828746094698197 0.336423462185123 0.0753465649343678 -0.249008669866469
0.0234350030261917 0.363836959708418 0.056686715001493 -0.243222451483409
-0.10894986827741 0.39230397042341 0.0878054869282968 -0.203286733649852
-0.23436946817432 0.343083534516388 0.109095584544519 -0.114327892563854
-0.429510150405035 0.259952763302199 -0.00769707202291839 -0.00517568021230619
-0.522718601020765 -0.000706469696767036 -0.161528939969663 -0.069644711211838
-0.411525945701784 -0.299506673902678 -0.23412290017882 -0.179227803754746
-0.305401548834751 -0.43355320603712 -0.172858872447228 -0.313604001437124
-0.287867112887208 -0.494549695023643 -0.100965309651701 -0.0798556733487582
-0.365156396746972 -0.467818931144589 -0.0770471968926051 -0.051924191916721
-0.562842855875949 -0.242676249312701 0.00701063552720114 -0.0856440917212936
-0.602617854984742 0.0693084051834769 0.0400603305494601 -0.0250329868951884
-0.454471945676926 0.285355368234852 0.0750133081789634 -0.0428497837703131
-0.267374634335406 0.398554415569808 0.075708488831825 -0.0922055919362814
-0.079763509753508 0.446577045506789 0.0699209110262114 -0.0916469029085497
-0.0157136552832608 0.40533015006036 0.0602098716690375 -0.0857882363077762
0.0188053420181532 0.427243926875609 0.0445999008799575 -0.0864245157428585
-0.125349926340127 0.459430650265829 0.0710943554784302 -0.0691471205286466
-0.270538423626787 0.403706957211872 0.0853982653410886 -0.0192576630466403
-0.483945093912314 0.316889039840111 -0.00929887989773297 0.0541051019787932
-0.604131558340267 0.0430439984158351 -0.126406875826443 -0.0150861006102621
-0.512839385200634 -0.304719868199593 -0.15051702501914 -0.0923240383106971
-0.412117356792643 -0.488650187832401 -0.0815614213942326 -0.135659393472914
-0.324208713152582 -0.492783107617456 -0.0132009903984184 0.119406907311292
-0.414408303257351 -0.467172029508265 0.0190617598798876 0.0685373919094857
-0.605350111961275 -0.23676847627454 0.0422631195116652 -0.0501414879174557
-0.63554601214261 0.0806767088050543 0.0103244182800893 -0.0165156046332629
-0.483833551136027 0.297497638097677 -0.0241146917509905 0.0169026927582219
-0.291274289973137 0.412051652005837 -0.0111237580771293 0.039935516283404
-0.0939034672695224 0.459990355766363 0.0196081177424692 0.0766072329951067
-0.0306361634347878 0.411945582692711 0.0381071297456109 0.0898266700694419
0.00135139951488494 0.426856265247509 0.030145055252985 0.0790777485922476
-0.136970519931071 0.450686089603043 0.0521981196407512 0.0724448611331537
-0.277683374975948 0.387439630207894 0.0543880955740902 0.079318787310632
-0.468814919692538 0.295316137821128 -0.0101404476249532 0.102440560487933
-0.578099234092389 0.0521342070223628 -0.0749283827123722 0.0268668010667885
-0.513058605462885 -0.276735510109019 -0.0366806815845117 -0.0189994149636018
-0.440128703681554 -0.468232885573193 0.0395049851597296 0.038869385639951
-0.31384147219197 -0.408213389002939 0.0715654637688766 0.31784807608384
-0.392292498935074 -0.368297032653446 0.11172474920084 0.195152736115909
-0.53317286457103 -0.169643518870377 0.068853030023513 0.00762550763743491
-0.534659144855294 0.0853654841313024 -0.0214394438396383 0.0112133644169036
-0.4118037593249 0.254882471170417 -0.113365694167334 0.0875221401807157
-0.254913398810387 0.353467777876473 -0.0908462451150935 0.175180440404762
-0.0890950067648157 0.396954127408981 -0.0292818678535495 0.237852502658919
-0.0416241308652519 0.356639979704605 0.0109964552975762 0.252393793845164
-0.0225883826899302 0.363838946033892 0.00695681888981266 0.229176922224619
-0.144859951912878 0.371489314550624 0.0169714593549094 0.194034915659853
-0.260548279807613 0.295852778668485 0.00494962400044884 0.156671126188663
-0.392310076574262 0.196814281340416 -0.0249981949322823 0.126191118822864
-0.456398372951874 0.0212537680052225 -0.0282096091262792 0.0506552090430078
-0.417344229409421 -0.22407242346668 0.0705469963322099 0.0348255489223893
-0.392464725567748 -0.383625024033023 0.157123323216427 0.189388632366818
-0.251157366549642 -0.253864881845057 0.140935792318754 0.475163487100941
-0.28981632301344 -0.202492586254933 0.188389948871813 0.294747533622945
-0.349053577251787 -0.0763577409252984 0.089065661800275 0.0721531457847919
-0.3276019722859 0.0641810392985049 -0.038681002438978 0.0471685811351037
-0.265646514951404 0.158249637750596 -0.167266011724116 0.151055714094102
-0.177265992012685 0.232559330207377 -0.140603595047942 0.285157454548429
-0.0699861805144846 0.270463426811912 -0.064785553788399 0.363170765852049
-0.0465727679183963 0.248245734730836 -0.0181185879643345 0.376340438027693
-0.0448269744614555 0.252708753799305 -0.0280028662578879 0.341936678979253
-0.133460652416256 0.242301433118819 -0.040533700032128 0.277651814729559
-0.208891337995793 0.166308330691142 -0.0656227767571696 0.195030158019063
-0.261997975155119 0.0752325670351288 -0.0528642962152266 0.118064083629303
-0.275463274947963 -0.01221606768658 0.00324072006463612 0.0578809786319392
-0.264877507764229 -0.145952690448049 0.146491819331503 0.0731458054681972
-0.286266155898577 -0.24877966793814 0.246634951086106 0.301953556458483
-0.138827847116918 -0.0610707484994392 0.186613486387122 0.564305168515887
-0.123304931632947 -0.018461915145108 0.246235757002546 0.346948342729381
-0.105929735816814 0.00734801599863644 0.113561894177984 0.122701177360319
-0.0820886339729579 0.0135181776174593 -0.033381665365486 0.0730367758515408
-0.0957088486041556 0.0286203591566001 -0.179016408296698 0.188618140808621
-0.0823967329623367 0.0717693995939468 -0.15075233845556 0.348069267952674
-0.047617974723451 0.100486327917836 -0.0804920909680995 0.432348640235935
-0.0439716154530088 0.101748147023179 -0.0444439967844546 0.444341910302205
-0.0502362826835566 0.105360107565581 -0.0701630774310279 0.402989110801861
-0.0879558414794445 0.0914277720850076 -0.110267439938537 0.313519747103589
-0.113286720141386 0.0384744924011641 -0.140443824788428 0.190342882490036
-0.0940614426264781 -0.0144357660948561 -0.0805943231987957 0.0834352424012323
-0.0792440281502654 -0.00853952766883033 0.0244350068834113 0.0554467803849269
-0.109871743688184 -0.032496711133963 0.188621387687174 0.101895458413243
-0.159040445951502 -0.0785622900711324 0.298637843082135 0.365571875818231
-0.00834708595936506 -0.133512892397925 -0.321570377563856 -0.391954148840161
-0.0379296849987059 -0.12527331401275 -0.271696814189238 -0.158275332888288
-0.114142566877646 -0.0473558608359494 -0.0523705301647182 -0.047026754236437
-0.102238220699775 0.0533334295366681 0.0752008296405588 -0.0177017903133084
-0.0319606285373846 0.0789740451335966 0.213578718841365 -0.139758497680891
0.00293676303534216 0.0751784853929644 0.184753546417558 -0.314429514025636
0.0288396911115652 0.0702656766571275 0.11960093173487 -0.41560525761054
0.0346725576425659 0.0667654198451578 0.0795814555499884 -0.461917073667551
0.0332786664326912 0.0839166795766942 0.0853621443947915 -0.448530657399232
-0.00984632958555864 0.10305812222746 0.129045044278722 -0.373725357631037
-0.0486697946664227 0.10262524312827 0.155035971273648 -0.237088444555416
-0.134271358106168 0.07384894472473 0.0350411693532004 -0.108540414090347
-0.145252461281695 -0.0462438070293962 -0.130419114894824 -0.165741910971701
-0.0360585702505406 -0.122902659589061 -0.239884478284536 -0.325659922710161
0.0165239898994777 -0.116857719544892 -0.190203194827148 -0.584667163278594
-0.121922607526889 -0.297816929905888 -0.26067283120755 -0.362353958000624
-0.160865817169247 -0.273732992241672 -0.228982074320331 -0.172961494755466
-0.29065904862764 -0.128283303640831 -0.0484808535508128 -0.0758951311461554
-0.298835719822843 0.0623317022682531 0.0723025715713482 -0.0121423981898804
-0.197403729025843 0.168852153022903 0.208132460119355 -0.114615061926665
-0.100214735232437 0.216631959498346 0.188032551144921 -0.27588576735944
-0.00969184318494815 0.238180736838557 0.132116671463163 -0.358978862644003
0.0144352001307412 0.224936713051272 0.088814923013455 -0.391014395105649
0.0217968173654484 0.250096461470794 0.0774229425685235 -0.378963667595979
-0.0790198193312061 0.272496515867225 0.114883549217169 -0.316965541971178
-0.170295834451861 0.235528137061455 0.138650947615634 -0.192528262449036
-0.319931538889798 0.163354085554639 0.00624199133979785 -0.0611530990732795
-0.369026717945548 -0.0470860497376903 -0.166177179098704 -0.130388006113133
-0.238952846002593 -0.252567081666811 -0.268760490093235 -0.272855409477972
-0.149396708096829 -0.316070786428479 -0.209752003493418 -0.485735259828483
-0.217408987252921 -0.43544415894721 -0.187888359013132 -0.259474551286256
-0.271753210416181 -0.408356332062936 -0.16292319590207 -0.14206632708648
-0.450092873124206 -0.209357662309841 -0.0276831215791748 -0.0951484327543245
-0.48447075102115 0.0586141778772275 0.0620298214247504 -0.0193599446059544
-0.35755454267612 0.241102432034196 0.162548546753365 -0.0854368287474678
-0.205189132786669 0.334378956739066 0.150736064348425 -0.202836649739414
-0.0533910174162675 0.376754505150546 0.116432678221766 -0.249484182697146
-0.00607807627559224 0.349213363623389 0.0814664497342212 -0.260411822542902
0.0173690227750153 0.375006847954869 0.0635371515654165 -0.251873796388239
-0.117774238655873 0.406599913016024 0.0952306864215936 -0.210913589796572
-0.246870464312227 0.353579078665219 0.114485052489265 -0.118812181646311
-0.449650036196117 0.261852682694556 -0.00826411229738346 -0.00190301482718896
-0.541869466097949 -0.00552234521214692 -0.166688510214429 -0.0745955007533044
-0.41931799313778 -0.315733035336562 -0.239984306897235 -0.188051080718595
-0.30879032904607 -0.451929935379229 -0.171801719935573 -0.327462439743952
-0.289181302040605 -0.515202042919417 -0.106131014452756 -0.0897381549162265
-0.370207211850084 -0.492035950840478 -0.0770551440079431 -0.0566546148285493
-0.576899418644233 -0.25637250820418 0.00781190614375658 -0.0907879633536644
-0.622363644062473 0.0674463962165674 0.042269831437195 -0.0269710855179774
-0.473490095371574 0.294276001417159 0.0792209563941876 -0.0450853189535485
-0.280565662187027 0.411249888632987 0.0777344602471478 -0.0939080438254237
-0.0879670228343265 0.460333361210316 0.0766518790451443 -0.0964799168870917
-0.0227642092974202 0.420307676944599 0.0649344940731778 -0.0907464014768733
0.0111506054958231 0.440191883642575 0.0491023405018579 -0.0882699668975101
-0.136956383438377 0.475852209377456 0.0761685676844811 -0.0727120010578523
-0.28395893015277 0.416917595055482 0.0879022954646088 -0.021442171933713
-0.506305514916384 0.3223009527722 -0.0103302193040342 0.0593187499096556
-0.624721961487759 0.0386094044093582 -0.132320228099502 -0.0176970763490847
-0.523819897402676 -0.323049914148479 -0.155629275195168 -0.0979913524545478
-0.416662652738244 -0.50824080516305 -0.0786689578341786 -0.142130287337921
-0.326646498469538 -0.515486455115144 -0.0194181251680992 0.118788054945476
-0.421774026096854 -0.490201219950259 0.0193433069728981 0.0697378491493013
-0.622444893771649 -0.248380666179062 0.0444102358453123 -0.0553231108496207
-0.657175769285864 0.0793667092070023 0.0117372921976501 -0.0192474560360287
-0.50314267962932 0.305281081980521 -0.0243672590772558 0.0156491567337138
-0.305254225274222 0.425951853342685 -0.014168187586503 0.0414589121999298
-0.104200870025036 0.472980919264154 0.0233388279114171 0.0773022276659996
-0.0384011184656454 0.427118058395531 0.0411197548817097 0.0923479070290212
-0.00596818863164721 0.440088295623153 0.0324851943406942 0.0836989128874372
-0.147151674089442 0.46561778853883 0.0542483250182803 0.0733958107965474
-0.290568789192857 0.398524354943688 0.0542386402870364 0.080179441578795
-0.489181444567547 0.297771780609778 -0.0133987569000029 0.109011946846728
-0.596998895750531 0.0475736227614948 -0.0795078775636594 0.0259508113317191
-0.524754637936681 -0.29211201102359 -0.0398383732409861 -0.0207475393334222
-0.446886338295262 -0.486586628228711 0.0434445050328662 0.0410399929154309
-0.318776054095286 -0.429019896391317 0.0639803638772531 0.327796222759722
-0.402572271753123 -0.389171875382532 0.111503387042304 0.202152457436302
-0.549125851704808 -0.180354512848336 0.0712652727036669 0.00506962726105361
-0.554355370960824 0.084635095114912 -0.0209299090325642 0.00922377976926102
-0.429203562176855 0.262004655204188 -0.118937944297148 0.0884269236705177
-0.268232323048538 0.365330678858908 -0.0979766299990535 0.18024744039569
-0.0977523622510137 0.408644238700689 -0.0299792883990632 0.243710402281912
-0.047306270482995 0.369142447166618 0.0111319871556986 0.261484035566819
-0.029388650608909 0.374699181190693 0.00548495997599225 0.238879000704843
-0.154545633766206 0.38307047319744 0.0156541400375128 0.199632265154078
-0.272510518217663 0.304668915745255 0.00170592023233454 0.159755322389079
-0.409351283222244 0.199446861766963 -0.0279258584466069 0.132705657125323
-0.471283242189007 0.0185270338361396 -0.0313092663752994 0.0506907155223207
-0.425657592176446 -0.237872968570243 0.0692273487836349 0.0357650314776814
-0.396579934067325 -0.39918351519837 0.161549364472448 0.198895797564971
-0.257789897422284 -0.269309316516642 0.134430240855405 0.494818084267981
-0.298828863743966 -0.215212017641439 0.188397922293468 0.305975913560191
-0.361062599339272 -0.079936720976193 0.0909982013941793 0.0723196905137991
-0.339611365020764 0.0654059235662265 -0.0398767560988118 0.0461615213549647
-0.277253143180932 0.163177694980414 -0.176311073210173 0.154125927418888
-0.186023817301896 0.241330133922563 -0.151020288486199 0.292959445949783
-0.0767525163441509 0.277730566305907 -0.0681605076148225 0.374709415136444
-0.0508546739871916 0.256564851896344 -0.0201272653448958 0.391315278236173
-0.0498016757570405 0.25886777390526 -0.0320886726557318 0.355792614317273
-0.140667235417723 0.249125716605387 -0.0460834177336276 0.286219463864344
-0.217297712667926 0.170381133234889 -0.0709018999524942 0.198938002273947
-0.27094980687857 0.0743457463881513 -0.0572908500993999 0.122160356867597
-0.2828461519022 -0.0135694089247999 0.00159297290187279 0.0578990463736319
-0.271849684350449 -0.153095907042306 0.148628426233878 0.0764228530345601
-0.29064506367826 -0.259734064748427 0.251063056817343 0.317235015420944
-0.14435018221981 -0.0676828185336825 0.181386274219218 0.588302667203754
-0.129469914732353 -0.021130625548051 0.24658883551305 0.361601288842295
-0.110752754750925 0.00908317022274721 0.116451569836876 0.12558436359593
-0.0843197483795245 0.0149389083156645 -0.0357931399447621 0.0738491992689631
-0.0993989148675271 0.0300130420203309 -0.188430680371486 0.193577951057317
-0.0864987664159912 0.0746832823498675 -0.163069981159374 0.35790182100495
-0.0511769666981574 0.102396634219807 -0.0865168914808529 0.445953564164291
-0.0458083021425298 0.104506644137471 -0.0479783020242239 0.461280970511664
-0.0527455808664188 0.107730040704236 -0.0767810256710646 0.41854010085398
-0.0912356080286408 0.0928432702578493 -0.118690504026586 0.323542211979556
-0.11664529768139 0.0395830304970137 -0.148817148364797 0.194615488665892
-0.0956363877515998 -0.0156694923272511 -0.0851533861831502 0.0851943297865546
-0.0805337342737288 -0.00810193074908424 0.0238517361389406 0.0562755642081548
-0.114611113181657 -0.0329735812372561 0.19102475366326 0.107154625883125
-0.163294602431536 -0.0823598935855404 0.304299287843144 0.384790069284595
-0.0094725580407895 -0.138153621658436 -0.347410638674541 -0.412385332587006
-0.0408550615172974 -0.133656607819786 -0.286270654735503 -0.160162328661665
-0.12099411912254 -0.0487163416434202 -0.0572345021471341 -0.0464347628641828
-0.106827584283404 0.057672082602508 0.078431181135019 -0.019998642485445
-0.0323610282219133 0.0843892195529197 0.222839909263366 -0.155450093477333
0.00588783469890911 0.0787119568993695 0.188529451939718 -0.336677888417638
0.0325985247652017 0.0739693408284831 0.115119673624931 -0.443623153995235
0.0379284767942539 0.0702031207410853 0.0701169327905717 -0.494398787094176
0.0361666326752954 0.088156317529826 0.0791885168426434 -0.478904163387665
-0.00842320273768665 0.10995670036593 0.127985921035821 -0.399645729024643
-0.049115351654413 0.109153475847945 0.158392527195122 -0.253402316913954
-0.141244684306432 0.0809429132064706 0.0349726313158226 -0.114305499086513
-0.155694118987789 -0.0452862623632387 -0.1417083711569 -0.171275845012695
-0.0393094367691001 -0.131360400303327 -0.259899305394672 -0.336194360120166
0.0157869324691097 -0.124231339143225 -0.212035102208255 -0.61379506101927
-0.133385156986866 -0.310597204113173 -0.286142500878853 -0.38468074920569
-0.174886249067425 -0.287948102674088 -0.2415975703316 -0.177512845863598
-0.308965553179746 -0.128559439809921 -0.0547688069421361 -0.0782295553459563
-0.313172787396697 0.0728664151474021 0.0756549445581541 -0.0143560063921937
-0.204560835254212 0.185043642961035 0.218359751872322 -0.128514192524814
-0.0992350136330461 0.230937912948883 0.191701937476039 -0.295676322083565
-0.00471580925160526 0.252470445693343 0.132245565959215 -0.385418745382841
0.0203919616784383 0.238365606001685 0.0821961993622674 -0.42058673859832
0.0277207995218891 0.263780061191532 0.0742973047969242 -0.405353477375596
-0.0773163652255961 0.292207070996431 0.115498192019857 -0.33946376037734
-0.173649398662068 0.254661455490718 0.142040912276584 -0.208206555368699
-0.335722857455338 0.180610697247068 0.00563594896874067 -0.0629568634011788
-0.392356789390014 -0.038908838811507 -0.180005281027805 -0.133697133737319
-0.257136316094066 -0.263601613195298 -0.289203149252326 -0.281220501357852
-0.164547346891484 -0.330202577235524 -0.229754396819633 -0.509383333982301
-0.236811584551579 -0.452846386371901 -0.206551309282206 -0.27594193824825
-0.296067338953031 -0.427790559746888 -0.172614443902972 -0.146825979264172
-0.478086347108308 -0.207987358367479 -0.0327836159671207 -0.101438848707463
-0.509231481791264 0.075439851227683 0.0651253259952605 -0.0225944168915769
-0.371332742305582 0.266969155517404 0.171101411556289 -0.097139740874703
-0.207115210613604 0.359511189466922 0.154434625103466 -0.217411449583972
-0.0474854550425752 0.399866167163313 0.119961058857114 -0.269377120351569
0.00206265083748257 0.371205294324849 0.0791738578710336 -0.28128295717993
0.026205803913297 0.39536117977489 0.0626162177438939 -0.268511750589651
-0.114202920981288 0.434992569577912 0.0975346743637946 -0.228176036897929
-0.251714124257206 0.380579518275275 0.11823988207614 -0.129783053928022
-0.471196579309371 0.287691827973269 -0.00904624903671918 0.00141561768749797
-0.573149044029117 0.0108889760465182 -0.179638186499878 -0.0747111575798248
-0.447143780918945 -0.326825083792783 -0.259864603855928 -0.192463012739338
-0.333046041830516 -0.468937446484923 -0.185555823222595 -0.343783302408562
-0.316150751157047 -0.536691508402241 -0.117482621593514 -0.0975682723768268
-0.402209208831645 -0.512997789860345 -0.0807691575361004 -0.0592492920844661
-0.614154118626641 -0.252570896200325 0.00474071544180474 -0.0994768112704431
-0.655162914312311 0.0899086275166723 0.0445042395159379 -0.0312461539990911
-0.492214871333986 0.326620929018659 0.0848357455041561 -0.0519002130316218
-0.284941202746528 0.444675197046328 0.0785712925941889 -0.100228452030945
-0.0827447263572374 0.488845895911824 0.0823130378948216 -0.107448613669152
-0.0136840837700422 0.447153715631295 0.0674979248011036 -0.100751488547864
0.0201574635561171 0.465002390009053 0.0523808349237161 -0.0951932499342559
-0.131319107970716 0.508514682111779 0.0796162311951749 -0.0812898002265438
-0.288841532079685 0.449296274604527 0.0921525740582768 -0.0269041188873585
-0.529291575927779 0.352133251673395 -0.00942082333292602 0.0669916347056775
-0.659176386683655 0.0585075611307221 -0.142349502792035 -0.0154454627567064
-0.558653094110438 -0.330521560093253 -0.168798657411889 -0.0997765501981832
-0.448420116053717 -0.524401595377428 -0.0832011838191849 -0.148764631132926
-0.356005498977462 -0.539187994959525 -0.0220437895455907 0.123165098025028
-0.457664923770085 -0.509956432574968 0.0222753264969251 0.0711164064604826
-0.663297085137132 -0.244518312683922 0.0446547788077295 -0.063187598860117
-0.690735741752295 0.103619758841366 0.012892847034807 -0.0229969138793958
-0.523551134250364 0.341233578226723 -0.0237364321759128 0.0151238385713095
-0.310906254662759 0.460693481697569 -0.0154780472586716 0.0449924802317358
-0.100098989220508 0.503235547860196 0.0303285124972961 0.0779371598523758
-0.0291033384649089 0.454403725792158 0.0472819444660373 0.094041320123917
0.00164041275563929 0.463045379690818 0.0391049625963816 0.0887534314886309
-0.144530528781676 0.498600909351105 0.0600307462899169 0.0745677852872703
-0.29758920081425 0.429984004403663 0.0580684588906062 0.0812636003285788
-0.512675303081297 0.328176756046804 -0.0107877635721194 0.119647957396366
-0.628097944525575 0.0674253930851897 -0.0859589149454493 0.0292150023358632
-0.557794766606572 -0.298009294755743 -0.0457740813429067 -0.0216227493343705
-0.479210718351002 -0.500876302288154 0.0492033734638959 0.04181426947009
-0.346546758646446 -0.448714845097289 0.0715603737772433 0.343063579727306
-0.437284045348338 -0.404175788087955 0.121738852995771 0.209441411338542
-0.584223195481794 -0.173111844696629 0.0746512662207741 -0.000127964989586081
-0.581009490422625 0.107759941520993 -0.0208796974076105 0.00709363339841014
-0.44707527173109 0.292201923936027 -0.122088533157907 0.0946077097161984
-0.272746896125597 0.396595480344694 -0.10092064466496 0.194593192612794
-0.0953769724556793 0.433736539362909 -0.0218877522558608 0.256249029870121
-0.0404022242294696 0.392853514153948 0.0214284533906011 0.27496908594529
-0.0237867093308678 0.395534667812627 0.014737208727239 0.254268921357668
-0.154206014738549 0.409765425167792 0.0216164545535113 0.209363390146226
-0.279760268733189 0.330479443927734 0.00461304252512558 0.166451818086925
-0.427816266346699 0.220370100120704 -0.027138625837245 0.143811171465989
-0.494995024041098 0.0336191940879174 -0.0344640239244089 0.0532284678002667
-0.453296818116334 -0.241053688846603 0.0711706896649288 0.0349511987439693
-0.427506068863066 -0.409687426676406 0.177850909932452 0.207108452592005
-0.280875403976443 -0.28081851597074 0.150026702611986 0.520279415796084
-0.323932814249901 -0.221071606295987 0.20422379524422 0.318704377945091
-0.384896222843171 -0.0720512638824151 0.0976778587933745 0.070951931216572
-0.355914124460102 0.0807748336606534 -0.0405960711861993 0.0474923972502492
-0.28918219581788 0.182659592927321 -0.182009111013045 0.167344394783093
-0.189933832802778 0.263022030848848 -0.154080158816946 0.315019055813658
-0.0760280055767405 0.295901393481513 -0.0610437910677637 0.396202723613888
-0.0465978926558796 0.272587777443596 -0.00752832855364952 0.414874293803596
-0.0476706860462694 0.273922268115528 -0.0231380038753075 0.379616202960227
-0.142308838454335 0.267716629400292 -0.0417966314324829 0.303166782701789
-0.224414785128597 0.187246480166794 -0.0720076218079302 0.209985280049436
-0.284258648794483 0.0862115074784359 -0.0585726091866204 0.132713488509116
-0.297193956895987 -0.00498317312129489 0.00170064386605879 0.0599785574331003
-0.290467650664382 -0.153621422660343 0.155487853524245 0.0759581166421181
-0.312106729192297 -0.265214076634725 0.275216511276691 0.330998608937447
-0.157834251442204 -0.0707675904517119 0.202910265295897 0.620338769233191
-0.139446965723704 -0.0187947243897693 0.265816272498087 0.376458760988896
-0.117310942286908 0.0155901801631584 0.125581167488767 0.127239753815057
-0.0881210967997308 0.0203458390805694 -0.0362816527137759 0.0768452729429552
-0.104266145466937 0.035232296394805 -0.195278531303524 0.2109619374872
-0.089495733167919 0.0830508619407662 -0.164775844420255 0.383958876143312
-0.0522702956820189 0.109595882236336 -0.0792837203278483 0.474763491004768
-0.0448855434306457 0.111542113063692 -0.0362107561739772 0.49141824313798
-0.0526205738336429 0.114096290424207 -0.0695876691229073 0.447169688724692
-0.0934344927540088 0.100743808273703 -0.117770543285102 0.345548173154615
-0.121080781724255 0.0457516913190797 -0.154697750927896 0.208732714187754
-0.100242884211288 -0.013197130306081 -0.0889410348748018 0.0924501857263063
-0.0837739079555867 -0.00512961741848514 0.0261182033642219 0.057767606272798
-0.123053564032519 -0.0300342659175455 0.2021596514763 0.108222986211145
-0.174145453672665 -0.0822302263276389 0.331804204786609 0.402015550154406
0.00539351344687507 -0.139934183240797 -0.287000705578974 -0.488207939529038
-0.0214771744839568 -0.14056101683333 -0.267766147913237 -0.212704590015523
-0.113884490972198 -0.0720989351284851 -0.0594502359836457 -0.0583453801204647
-0.116830787460653 0.0386440336131104 0.0759357095125596 -0.00638059705700343
-0.049282942097067 0.0751263993117392 0.255013709824073 -0.125847298252713
-0.00845276518484249 0.0772375839760912 0.24783151780889 -0.321557987993645
0.0216513793516856 0.079190234676482 0.188673103934877 -0.446219353292376
0.0233764332448335 0.0764992226362569 0.148979433089371 -0.507557097769808
0.0217458042997284 0.0979819844074906 0.153431196780004 -0.494383400220363
-0.0280923494968926 0.111283813670808 0.1930558446398 -0.40054326877305
-0.0719576139813914 0.101855610220902 0.205353339074913 -0.242360865727821
-0.160811879616357 0.0585004647504593 0.0600053263690963 -0.118860357017161
-0.153228910173672 -0.0818801636350479 -0.118448128883863 -0.195391606951685
-0.0162479040354143 -0.153318752270563 -0.210350522789872 -0.379444933158238
0.0374893312255759 -0.135515930572935 -0.112038435506084 -0.669391958830007
-0.0886803913487062 -0.337563774979979 -0.231048465367669 -0.457047487508298
-0.130538837750297 -0.319650870339266 -0.223268525441356 -0.229845958996111
-0.289304734015778 -0.183282823493608 -0.0632958270356432 -0.0970132939412312
-0.326257812773645 0.0230287116958308 0.0592953296148514 -0.00589503355253278
-0.240887343830486 0.150267237091995 0.238208859173576 -0.0917974563667028
-0.142878997932104 0.217533338573483 0.24117678053656 -0.274051345923338
-0.0459707982324061 0.255596351854321 0.192297152306692 -0.379814315395386
-0.0272564469775623 0.247499851339187 0.150437069512178 -0.428176762044994
-0.019547298129017 0.276762213050069 0.13486819415103 -0.419883420926294
-0.131276403054703 0.289220091811866 0.169237662897035 -0.345531860060947
-0.231421789399113 0.22987696343838 0.186189984118444 -0.203651903698386
-0.382453596203272 0.129814856273671 0.0316351269978487 -0.0788031852150397
-0.401007929680181 -0.120691075538396 -0.157496869301637 -0.161685210298025
-0.218098716329657 -0.330050224747837 -0.241245518821005 -0.321330617754994
-0.113392504167816 -0.388468763618108 -0.145316622547382 -0.55001889048311
-0.166130900029153 -0.501988851076063 -0.173475670691282 -0.339850834157985
-0.231371687435241 -0.482011719941391 -0.16020891549736 -0.192892713601904
-0.446567935946321 -0.293112576610461 -0.0481473763647432 -0.123977886253688
-0.523224105365027 -0.00400018133219411 0.0371130585045044 -0.0212757201502784
-0.423773634348446 0.208078025746438 0.175757538780912 -0.0602833621183667
-0.275745054640107 0.332755829061017 0.186590892542905 -0.194222912107507
-0.114292429400066 0.399406041095605 0.1583927311388 -0.258466378255302
-0.0709860506679744 0.381524505379269 0.125704478111982 -0.283886718325017
-0.0455537384675707 0.411860106099112 0.102124495440272 -0.279914964469054
-0.19400556634361 0.432429201495441 0.130640303565341 -0.235664446396035
-0.338707441945418 0.347228217042784 0.152008519657349 -0.132050340626848
-0.541877931279343 0.220591420742706 0.0122899746222749 -0.0225178827206445
-0.600566411556769 -0.104176883548406 -0.161305684123324 -0.101566755511224
-0.405589612453974 -0.429071139289175 -0.217124342632173 -0.222664944214915
-0.263957541656342 -0.567150282803992 -0.122736720695499 -0.358572977603118
-0.227382242356214 -0.600832054289882 -0.11475535390943 -0.146274904848247
-0.323248581320624 -0.586637242693277 -0.0840823937204295 -0.0911964157091166
-0.575304831614898 -0.360705425603788 -0.0181374807785618 -0.119473892442342
-0.670619208379963 -0.0121096440411993 0.00851300390056579 -0.0365671415709249
-0.556315575543823 0.250552487106096 0.0730920529826121 -0.0216996311920867
-0.369589187925454 0.409474477124985 0.0875036734348091 -0.0822318677095285
-0.165594305426485 0.486682698538431 0.0918669455151937 -0.092929904923154
-0.102097625029233 0.45805812883212 0.0862127785649283 -0.0965556577994356
-0.0642050074141147 0.482037929286163 0.0646196724214675 -0.0995461425681373
-0.226474126336732 0.506887058611118 0.0908153456204175 -0.0865099761465993
-0.392018225623867 0.413197924259247 0.110847600487029 -0.0321041059901877
-0.613684514878689 0.280148021578118 0.00273319557237094 0.0402848512378774
-0.699155906716016 -0.068114237561588 -0.129059273700274 -0.035779674786585
-0.519825030977144 -0.451545358028491 -0.135582987670635 -0.112824880860339
-0.374411659055892 -0.646794733604146 -0.0468261187323407 -0.133001839078542
-0.265870996799303 -0.609062756444002 -0.0551722717591088 0.0946109935658305
-0.379627165123947 -0.592877418739203 -0.000126268762317004 0.0596558885366329
-0.626951198457865 -0.360110692291173 0.0150134644882364 -0.076478553203291
-0.710539077525126 -0.00142406576533694 -0.0283252596063957 -0.0339463860451179
-0.589509271001835 0.261722493165314 -0.0504365003482102 0.0329252002515145
-0.399177668877578 0.424219194393315 -0.0334267839480333 0.0557683664917805
-0.185780563929933 0.497117540660853 0.00806800191372021 0.0928449967228706
-0.117638388040637 0.463731120180686 0.0359103593649637 0.10400134233876
-0.08171023809454 0.47778258677228 0.0240810501086468 0.0917341156983026
-0.237592575392203 0.493323590001574 0.046735681007888 0.0734926002878167
-0.395641860429399 0.391735794561536 0.0590402630127709 0.075168587622159
-0.59123193087024 0.257270592132514 -0.0072443441863456 0.0961550224043821
-0.66558657501645 -0.0525741354269375 -0.0787103185945516 0.0177068851877025
-0.523525125385088 -0.414188652535502 -0.0215540337207052 -0.0152543697030485
-0.410648851933924 -0.626101838760143 0.0586289988700781 0.0887062813798206
-0.267381739019338 -0.515104444385264 0.00398917137849468 0.340949453047657
-0.373423332474198 -0.482424581532265 0.0807760376691886 0.221509152449864
-0.561261917815304 -0.274858110618027 0.0403762171664045 -0.00355345131440696
-0.601638496557909 0.0207610250715984 -0.0619152300209012 -0.00585341069539125
-0.502075889668345 0.227585325481399 -0.162313262914686 0.098939223279819
-0.34904828960806 0.367819271163652 -0.144603655804262 0.196905272962549
-0.169361115098408 0.430629141782694 -0.0727800578848513 0.271634426019863
-0.117144377268293 0.39922216927304 -0.0189023648721327 0.289411893034562
-0.0962620101075232 0.401913085998049 -0.0246870806603317 0.263735520336204
-0.230824094139344 0.400445837901261 -0.0127494939435914 0.21059204573852
-0.358562799344041 0.291636006498569 -0.0111017843607453 0.160245789832191
-0.485449246384325 0.158919106329627 -0.0304427600760592 0.126409707462119
-0.520139239638816 -0.0611663180266297 -0.0323326999337435 0.050462290902995
-0.424192080616358 -0.33303166033778 0.0845458436558325 0.0580953340113797
-0.370369655306654 -0.516758936570198 0.162136942500016 0.277767079727747
-0.227406573897195 -0.333511369463801 0.0577980646279977 0.542879536948948
-0.287274333308953 -0.280875848263104 0.150748952437082 0.353464219885862
-0.376104889689378 -0.137216626934502 0.0652004594173404 0.0801942216933709
-0.370187532828825 0.0298816478338126 -0.0739088503011394 0.0368544409315921
-0.322108525518653 0.144275764327464 -0.228345141205313 0.158994933953618
-0.238710979677099 0.243864974016033 -0.216318149240826 0.312698890988596
-0.126948964074334 0.291712491845189 -0.131785832216848 0.411041017489487
-0.0990134536592477 0.274530085274886 -0.0711028067703202 0.431943739427648
-0.0984881449975591 0.272964756798796 -0.0823125148099608 0.391591969572916
-0.194511671642623 0.254201729231327 -0.0912808199098173 0.30231140781472
-0.271957869947465 0.153525174698765 -0.0993021739134584 0.199500248171823
-0.312595472750319 0.0432970935491105 -0.0677637199369508 0.119014450653828
-0.306553699545809 -0.0619773725713253 -0.00101145159979694 0.0633370983134755
-0.271371471530422 -0.210124175967231 0.157872596600381 0.108354328957993
-0.276426576755263 -0.339423791834426 0.239361911948205 0.415026431630229
-0.13707577702317 -0.0973891615141614 0.0980396008462324 0.664586544960668
-0.132303586503875 -0.0446340719731168 0.210429032581101 0.431296571402513
-0.120100894497396 -0.00261202955936764 0.101857101089946 0.148355379925323
-0.0898768793205346 0.00956581077434438 -0.0562869876324521 0.0719959256588742
-0.108971793090935 0.0239369611628934 -0.240878852970606 0.194198424926291
-0.103916854910005 0.0764591061678632 -0.234072405528217 0.378617363359159
-0.0727013920003066 0.105614803548799 -0.160134480277022 0.486545010490801
-0.066146312962567 0.109048936069286 -0.112028083750291 0.507239858421824
-0.0746203614118301 0.107454397658174 -0.139827962022575 0.458117650374493
-0.114451268111005 0.0894483433336571 -0.175804889034675 0.34060422119525
-0.135910949771352 0.0257226855439065 -0.188280158379244 0.191033975968636
-0.102392280954945 -0.0297367256837264 -0.101235586972319 0.0817022504785969
-0.085033185347959 -0.0191507894452918 0.020193060670808 0.063482714961047
-0.121142522854444 -0.0487506561943664 0.193239585960463 0.142693312587874
-0.165255153039337 -0.118298395481316 0.281580287540594 0.484548255165431
-0.00422895297663434 -0.138572368465865 -0.330936636580173 -0.469926862855781
-0.0318561795103401 -0.141671773363065 -0.28250231804213 -0.191131994074146
-0.119832752707249 -0.0639969385577434 -0.0642451950683947 -0.0517255796303804
-0.114500937266092 0.0479722090082424 0.0753636391698358 -0.0121192796160044
-0.04315093721394 0.0798788122697336 0.243520461888836 -0.151320426149004
-0.00104637415551962 0.076820725942254 0.220521850216389 -0.345826715157893
0.0297616911350607 0.0771655543414158 0.149460819442112 -0.466082843945156
0.0306849326868023 0.0751282376945559 0.101168741141909 -0.524701050095678
0.0297277440496372 0.0964850935120113 0.109108140857199 -0.511843552789789
-0.0183688455919766 0.115744445850054 0.159331616768241 -0.420167849402213
-0.0641580659155223 0.108055220399895 0.186102341080635 -0.261198146608564
-0.157535353321917 0.0725476225968962 0.050959055546101 -0.123259468371939
-0.161748320614454 -0.0682175649812322 -0.136575275069412 -0.184463375771845
-0.0288442847794576 -0.155095312641154 -0.239939492653342 -0.360659903744663
0.0258603525610237 -0.139066216617201 -0.16782855969675 -0.660756253407405
-0.115136720592455 -0.328450560046322 -0.273150791952778 -0.442809473433148
-0.157749091258927 -0.310495354634021 -0.239508039512908 -0.212459520895499
-0.303983150360773 -0.15764263228824 -0.072364227102058 -0.0914355301160128
-0.323787277591967 0.0514327082049467 0.0586653118986897 -0.0108046272343453
-0.227665086439555 0.173908024413198 0.230658273922107 -0.116528355806518
-0.122309710764717 0.229893456634314 0.218203220238593 -0.296747026472932
-0.0228073673262244 0.260010447770867 0.160725287314135 -0.400584173420157
-0.00460513082241115 0.251569280552035 0.108540112569264 -0.445935612104039
0.0039388015390994 0.279573418105167 0.0984264201277868 -0.435687725024047
-0.105806831325105 0.303748747158249 0.139898313854487 -0.36385693637793
-0.212308144816115 0.251132830534718 0.169568620185376 -0.222088779707406
-0.374223474340796 0.164824225131067 0.0250178493883652 -0.0790649786270229
-0.413354182332219 -0.085177564018993 -0.173730850047337 -0.147658658203801
-0.245406292563274 -0.316244458319656 -0.269034259677706 -0.298953361799754
-0.146725515623585 -0.378731859109096 -0.189407750854724 -0.539131974837508
-0.207920410670934 -0.487547538392471 -0.205584050174798 -0.330730444640892
-0.272516557278913 -0.463276477094021 -0.174535042536455 -0.18132199295395
-0.470146804049975 -0.252447720463365 -0.0599964668275542 -0.120858712882106
-0.522998885229772 0.0421779764578665 0.0356392296655423 -0.0247432948625163
-0.405187961973679 0.248561142279732 0.172254252058351 -0.0796868151330325
-0.24416697026183 0.358072095497956 0.169539059826323 -0.21130334011269
-0.0791850781644363 0.410591416833955 0.138142673045599 -0.277521028472486
-0.0369758639735209 0.390311638937362 0.0996936075396725 -0.299741046822391
-0.0108300572743662 0.417650154980187 0.0789169809264365 -0.292089414929434
-0.157508528097004 0.452515169040489 0.111476642080861 -0.250175123025005
-0.308999491105245 0.379318281546182 0.140915851568715 -0.148227503644119
-0.526005737405489 0.27121094050768 0.0111468120565526 -0.0201929107695189
-0.610488128379161 -0.050063524263124 -0.173403236805146 -0.0862975122174349
-0.441757649879462 -0.398823687306927 -0.237789069743846 -0.202637184158106
-0.314087553337041 -0.542513984959478 -0.150692021261876 -0.34878412182853
-0.27845279262214 -0.581143843872012 -0.131233961466081 -0.140499930798283
-0.374711402480516 -0.559628327035002 -0.0896083518606702 -0.0865089142115243
-0.605632585358795 -0.308531990338174 -0.0297483925304135 -0.119750142721359
-0.6715577849784 0.0481661327316937 0.00560141678487326 -0.0394322980059728
-0.533203038703117 0.304549045529113 0.0731491596837276 -0.0316348472983678
-0.33238589612375 0.444603366387481 0.0800644392823894 -0.0898296442877825
-0.123417280607415 0.502294883170642 0.0863087330940419 -0.106124055752028
-0.0607838194939215 0.469121300553282 0.0771521876493017 -0.108060591560069
-0.0239127290114077 0.489027411371714 0.0582678556045222 -0.107028709687617
-0.181180581970641 0.530844048778523 0.0831895623613438 -0.0975827459146502
-0.355914695909075 0.449815727294398 0.107544866884178 -0.0446308434253519
-0.592919783804781 0.335384615868108 0.00783030992029095 0.0445232566051906
-0.703529276523819 -0.00464255472193573 -0.135916531825253 -0.0241327503510999
-0.558278457418026 -0.410438749739645 -0.147862906372706 -0.100130949610444
-0.430436846580083 -0.61236969470057 -0.0551841569990883 -0.128510104607184
-0.318605530258911 -0.58651902622752 -0.0505051570453568 0.097725991230019
-0.43322026196425 -0.562663317346392 0.00582319691519351 0.0581118317054617
-0.659237078304859 -0.302008324077304 0.00644875770694236 -0.0801605972567381
-0.709716300382336 0.0625989335718466 -0.030620792951544 -0.0344977646275772
-0.566060775845664 0.320736293169221 -0.0464315183669106 0.0338140814996702
-0.361413951122769 0.462843981947466 -0.0290990302652599 0.0597191972654302
-0.14219870210778 0.517216580330871 0.0186638758261091 0.0882265551787453
-0.0763895686993331 0.475267942704933 0.0461048556904102 0.0984786795246156
-0.0412963136010373 0.485822638334386 0.034889401403675 0.08933380036407
-0.192904757248276 0.51623113529292 0.0526010940440455 0.0677022636092549
-0.361878272808527 0.429030217395823 0.0640928133900481 0.0677860967756599
-0.57214618178657 0.311776491540895 0.00227850075939239 0.101338970851744
-0.669881742802674 0.00882487303690804 -0.0805851551650422 0.0253868150648166
-0.55981920133993 -0.371359227605089 -0.025527960908781 -0.012793899974585
-0.462738561657983 -0.58749298083324 0.0694276514513867 0.0847616368687783
-0.31537488718031 -0.494516657110723 0.0300805444489723 0.340535442325447
-0.417857641484526 -0.452889751226033 0.0989757900551763 0.214674937985476
-0.586056098007165 -0.221723664380535 0.0385895847232993 -0.00997118410992695
-0.598672343015143 0.0764397290249354 -0.0621759560160019 -0.0037434845716347
-0.482650801516309 0.276499442994914 -0.152245761946629 0.110765949627314
-0.316087271163375 0.40259458368781 -0.12878298433835 0.211559629388833
-0.133281173716128 0.447413470712284 -0.0467500826440155 0.275263718711531
-0.0812056696779013 0.410720180621939 0.0081662215399908 0.289779578568987
-0.0632168545711269 0.411305558522573 0.00102531794494166 0.26645953458723
-0.195998655689853 0.422814827524417 0.00551103240809548 0.211865172291014
-0.333599846804266 0.32498121867461 0.00113447189228345 0.158829409208525
-0.473662552126846 0.203647672562801 -0.01907708092779 0.132335425806884
-0.52394304548857 -0.0121365782968 -0.0302707343855729 0.0538397011314376
-0.453372625041166 -0.297559446509794 0.086423825353864 0.050746532992269
-0.413770378728119 -0.481556160046343 0.189295775671588 0.265668961045213
-0.259103130048076 -0.315669358199079 0.103061905962766 0.539730329830217
-0.314508698018531 -0.256364533832043 0.180265146782809 0.341891188965698
-0.389130305442764 -0.100514498959246 0.0701436104276128 0.0717250292461157
-0.367286931418564 0.0637354093164733 -0.0705771821495875 0.0403070317287733
-0.309415406177553 0.175644813735254 -0.214342321496241 0.178459947664666
-0.217023449644766 0.268971463011906 -0.190072914902638 0.334307730923361
-0.102459594524412 0.304903827050547 -0.0939999132591817 0.422373707466461
-0.0748487566991815 0.284075856145932 -0.030596553782084 0.438066219838956
-0.0757842458897058 0.281863097370131 -0.0445715895404709 0.401257765842356
-0.17189596751253 0.272953277290579 -0.0651892735663688 0.312191052889243
-0.258584448304348 0.179278308672135 -0.0844570346659709 0.207351022597401
-0.309515106755831 0.0724710614497222 -0.0569390531771144 0.127237111356071
-0.309807566147485 -0.0328244362676498 0.00287223237935018 0.0629412941642974
-0.289331904985372 -0.185675581445681 0.163274104654095 0.094202154863929
-0.305047616880658 -0.313412503753563 0.278128788585264 0.397376342041601
-0.148990295569542 -0.0869847505743862 0.153637292175099 0.660897428555702
-0.138366533046077 -0.0326579392939412 0.245665948108538 0.415066159720078
-0.121056171348338 0.0112520069992044 0.11278588622449 0.137593799514753
-0.0875585361526972 0.0187251070971484 -0.0503234017018162 0.0742489356872416
-0.107126066723402 0.0346015979930185 -0.223732982238964 0.217671891276862
-0.097020753840996 0.0878387119685535 -0.20220878756728 0.402207269385179
-0.063783408179149 0.112851709852203 -0.115960027119229 0.502087314167101
-0.0558100949620645 0.114459913490419 -0.0647623898459265 0.519199880653103
-0.0658000244442015 0.113946052532661 -0.0967453482210296 0.473412288808617
-0.105991286558425 0.0997868326572716 -0.146547479941821 0.359870069785764
-0.13321367081721 0.0388686098263397 -0.174763875750674 0.20901101458466
-0.103666248363577 -0.0195986392335574 -0.0950260307834505 0.0911626985656331
-0.085498610179109 -0.00973067280730685 0.0257414088284761 0.0608537164400632
-0.125851186479582 -0.0357391942494439 0.202915046264605 0.125108198022211
-0.176017482729093 -0.103016771915605 0.32584165192504 0.466300256325535
-0.00992841166952445 -0.132089518495577 -0.351623274673958 -0.438431524294005
-0.0392374491018781 -0.136945146063767 -0.282171513172286 -0.169113698947623
-0.119425194207125 -0.0554172981708105 -0.0648610793157252 -0.0449625821114955
-0.108103487885901 0.0539792217915356 0.0717855373658968 -0.0155207078240968
-0.036370738736627 0.0807058262019418 0.223625250458373 -0.164679939398621
0.00473601538323172 0.0729607046451411 0.189632117116756 -0.350994656359265
0.034666740822636 0.0720359660069771 0.113441503127303 -0.461993597923056
0.0346133397907282 0.0701882434400368 0.0592530123533315 -0.515473219407049
0.0351574161844557 0.0917033113593339 0.0704734178703896 -0.505079077384403
-0.0102520195502024 0.114552204752617 0.126788478108835 -0.418709500035833
-0.0555767011921159 0.108370180484876 0.163965338018488 -0.265491499992064
-0.148801173110279 0.0808656605434789 0.0418796202949498 -0.121580925466512
-0.161385058929272 -0.0551538317184826 -0.144919188130173 -0.167486908955178
-0.0379513296065141 -0.15061200707388 -0.253134086748916 -0.331083370691713
0.016143744380277 -0.135687302246148 -0.202948101078503 -0.631198561283767
-0.1296645690785 -0.30898508377748 -0.29645997409199 -0.414662482188385
-0.171497006901206 -0.290812300338069 -0.241705359697402 -0.192896325997964
-0.302891308512285 -0.13292479317237 -0.0764741981014876 -0.0826506920675289
-0.309639225066971 0.0718905387000738 0.0558174990755688 -0.0145167381687337
-0.207433698877256 0.185573471716671 0.214289905477737 -0.130828397920709
-0.101661001066181 0.229337076223169 0.190886096636012 -0.302801916547267
-0.00453211501982059 0.25259825757864 0.129009183414774 -0.401303814192551
0.0128030669888181 0.243820061740996 0.0723069809288262 -0.440811230067063
0.0223326877085271 0.270811001589793 0.065391300486084 -0.429846869989393
-0.0814119150954421 0.302791560162338 0.111334618937513 -0.363129946364814
-0.189122344072764 0.257295935713239 0.14949667885023 -0.227561772162479
-0.353045770062788 0.184594000856479 0.0206941632919936 -0.0759390444128171
-0.40494945032947 -0.0527282848859451 -0.179778086339028 -0.129735109021186
-0.257962182571781 -0.292594111446304 -0.278347926113591 -0.269951280157943
-0.165400902529698 -0.354821820612848 -0.215901118515512 -0.511302532173545
-0.229083725759228 -0.456226544917216 -0.224245510913529 -0.310093923038866
-0.292418428107682 -0.430797728194757 -0.177486392523298 -0.16691961706034
-0.468050161374018 -0.210296502198542 -0.0673301874873867 -0.112889662985441
-0.500941063747041 0.0782000103643045 0.0324628374129196 -0.0277110095786104
-0.373313379740547 0.2705909343279 0.161395507045831 -0.0923902242442098
-0.211056836722998 0.362946259339696 0.149891962269827 -0.21677039827901
-0.0486016015083112 0.402607803982394 0.115942355393495 -0.282295214348689
-0.00862772776810902 0.380669665677394 0.0738892744606712 -0.298614204542411
0.0170630812602942 0.404941329235521 0.0563038420580085 -0.290456449504278
-0.120344410844285 0.450595920505259 0.0907436712157515 -0.252130042642714
-0.273585026997915 0.388463605248465 0.125724344566954 -0.155160338591303
-0.493062157762231 0.298706420973009 0.0116216441370724 -0.0169890192596688
-0.590754065012011 -0.00432104156463186 -0.175410626867816 -0.0716230880855226
-0.452734787990901 -0.359092627714516 -0.243452445457149 -0.178807224263016
-0.335848386296941 -0.501570367102848 -0.165680936888294 -0.327249388134873
-0.305753051409629 -0.54320961407459 -0.139848125490687 -0.130392248811818
-0.398386319193032 -0.517726565434045 -0.0912727787188317 -0.0803286412372814
-0.602182430528537 -0.254128513605276 -0.0388052992840299 -0.114998779759513
-0.642524113237729 0.092766608859245 0.0027497363179501 -0.0406003609840296
-0.492621180969871 0.33337552184998 0.0694940550227679 -0.0402957630186998
-0.288944280313925 0.453071214613251 0.0717364003761248 -0.0927578166855802
-0.0867413614496879 0.493218904309133 0.0778108447553511 -0.113836965498934
-0.0264473579686165 0.458358651276405 0.0662304670339262 -0.11209131128987
0.0100432339091029 0.474899670662622 0.0497811241004554 -0.109640923092895
-0.140059237991937 0.527210755300107 0.0737501971356972 -0.101620917862851
-0.314410615293419 0.460299315160471 0.0993543378366541 -0.0530461172793566
-0.553731054877792 0.366361019490941 0.0135307962530801 0.0462218787397222
-0.679034915890062 0.0443434797634806 -0.135775153177377 -0.0130976865329024
-0.56471809749976 -0.362115292688853 -0.151219571062226 -0.0855905713465961
-0.452296504193725 -0.560080662906738 -0.0590681145554305 -0.120680671095514
-0.345663866076468 -0.54818264690788 -0.0459094989729233 0.0961367459347905
-0.456124511467432 -0.516498688066238 0.0100293538452413 0.0536958872729749
-0.655656650783861 -0.245306615912064 -0.00113403051480151 -0.0799722735300355
-0.680175378617251 0.11012216961227 -0.0318018065593423 -0.0342490425972997
-0.522115323746402 0.351047027569754 -0.0417117219606283 0.0318804036833155
-0.315548259668387 0.474388387872102 -0.0243804897050941 0.0593112494568689
-0.104446635078316 0.509787948780815 0.0256182058586968 0.0794408001226652
-0.0421117608719017 0.464720661025889 0.0505150624054757 0.0900696202705064
-0.0091595154368459 0.472309822978825 0.0409743425759123 0.0830088929504469
-0.151929288433676 0.514566047352775 0.0546826142334036 0.0608596534377492
-0.32159609663496 0.440633928002872 0.0641904926401984 0.0590648459571627
-0.533841629036779 0.340317907224838 0.0114767555823074 0.10141707274635
-0.643569170305453 0.0545920156628132 -0.0787173375124673 0.0307886877413502
-0.56254649138668 -0.323325904152088 -0.0288368414775685 -0.0096161805125833
-0.482842384096608 -0.533911281996295 0.0757148589735992 0.0783667984740186
-0.337266847603588 -0.459147183775076 0.0495488824968902 0.326993248525638
-0.434874563047224 -0.411506798880288 0.109754115865022 0.20079768609159
-0.580057903347792 -0.172479184153142 0.0341580690622195 -0.0135768870640336
-0.572343747036095 0.115774867639792 -0.0607047412393352 -0.00303541181822546
-0.445433203491901 0.303042339236205 -0.139742626584885 0.114224202676635
-0.276042956306127 0.412878087628734 -0.109814133601643 0.213778223844744
-0.100076261997436 0.44299162488967 -0.025760032336344 0.265203771958996
-0.0506493316699748 0.402437342249885 0.0272483845671994 0.278192997599279
-0.0344772487335901 0.403413009881776 0.0214195746277375 0.257067722754967
-0.161199150861216 0.423820185150162 0.0184430216932168 0.204603002787041
-0.300645285473535 0.339062372843369 0.00945356312441062 0.152748062720951
-0.445369744383334 0.231406832620053 -0.00769753836082437 0.132333120478243
-0.50484848370258 0.0238855696768168 -0.0286757658044266 0.0542042242728571
-0.454759099364764 -0.258316192081303 0.0828858570290309 0.0439735348518609
-0.428448583276781 -0.435985230945274 0.203351866024366 0.245418457886
-0.272928317278819 -0.288989943060434 0.133789308128431 0.516133015727119
-0.322934907721501 -0.227791420272058 0.195557031719053 0.3187042657716
-0.383010578821956 -0.067720945774041 0.0706606766999474 0.0628805715452063
-0.348968321509247 0.0885252466404375 -0.0662907134859045 0.040433580646648
-0.285694737059186 0.192695452087202 -0.194500174792767 0.185442389051235
-0.190102446199917 0.277119773913083 -0.160928829440011 0.33724190533613
-0.0796323124631384 0.303215876011137 -0.0615237988899359 0.412519754511111
-0.0531649353774388 0.279187288187453 0.00103751713774536 0.425113272156532
-0.0551242755766922 0.278210789663868 -0.0144932494240631 0.390438965360464
-0.148097952831776 0.275916841416484 -0.043146915253414 0.306900185951613
-0.236980178753314 0.192329404430741 -0.0704426310105039 0.205855542659029
-0.29338176113732 0.0919033589895296 -0.0462565526239509 0.128680422526002
-0.29941287758261 -0.00934652033890297 0.00500569952116685 0.0595633189435067
-0.29000213564129 -0.16008805396088 0.160055749499576 0.0803961136700265
-0.314252288079933 -0.281417334332186 0.298265357984671 0.36739047402439
-0.152778831488846 -0.0743816606583533 0.19219690594668 0.631466339962412
-0.13771892898907 -0.0217281776097924 0.263996437185403 0.387544932883854
-0.115467118647438 0.0219305138639193 0.116108737028664 0.124225845209536
-0.081720034313086 0.0250262974956445 -0.0444268003535352 0.0733056730391859
-0.100598091689421 0.041370385039733 -0.201939905608469 0.224857278353832
-0.0871901616432346 0.0932958170955022 -0.168883488690033 0.404652057175767
-0.0549240703011496 0.114783599287835 -0.0778564007512607 0.493752809957809
-0.0468257837782649 0.114164489046652 -0.0249018241164445 0.506893185183908
-0.0558285948334628 0.114347147106863 -0.0597206764581113 0.465718536062743
-0.0953429725206938 0.10381329533137 -0.117914425623468 0.359391958671705
-0.124526918062829 0.0478061671697753 -0.15750132377651 0.214661861345939
-0.100479620775288 -0.0116034810203033 -0.0858584377582894 0.0956266086048805
-0.0818987713506781 -0.00295732188796392 0.0281856146811536 0.0559587375869216
-0.123050304971716 -0.0244043089742507 0.200304018445554 0.107146889132135
-0.177213447674584 -0.0875787182612818 0.349887563089697 0.430776614331366
-0.0105954668032149 -0.126710573499244 -0.355003060250798 -0.413767164975631
-0.0402686950108318 -0.13198852381128 -0.274691091041631 -0.156804525260884
-0.116326547194593 -0.0511595726428132 -0.0629064637776565 -0.0407093654594755
-0.102874577104445 0.0549829268812612 0.068794747434223 -0.0166210032654518
-0.032274506400827 0.078760831534029 0.209208564969594 -0.166859936597648
0.00698613178462707 0.0683052924118287 0.171641881594541 -0.345092756761482
0.0359891249522427 0.0672698766423632 0.0932107023737567 -0.44947397836826
0.0362634239469079 0.0670431994244499 0.0387673270480887 -0.498341130511421
0.0371354892063342 0.0875207500128463 0.0508761762710855 -0.489308559099172
-0.00596964192067431 0.111725405604876 0.109256430926951 -0.408836271525491
-0.0507440508376371 0.10591267043082 0.150002787608358 -0.26080332713392
-0.141754330050086 0.0825461416399015 0.0372715196195737 -0.117745194214494
-0.156734738686507 -0.0478233961778582 -0.145262072226416 -0.154878904435288
-0.0409723691758489 -0.146221706610932 -0.250702990720739 -0.311484718203986
0.0117210813454393 -0.130735554387761 -0.213056097631486 -0.602860856204609
-0.130923299300999 -0.29281934903416 -0.299594540083511 -0.395695094407498
-0.172124992385303 -0.275987673692653 -0.237168273060633 -0.182105007094933
-0.293611134203614 -0.118880297885679 -0.0760324695389514 -0.0764942656668371
-0.294482361752418 0.0798137081434411 0.0526251130646525 -0.01550221258214
-0.192544219670192 0.18647050030552 0.200633398482288 -0.135220841519729
-0.0900987141375049 0.223509237508199 0.173630920397786 -0.298932653340233
0.00406315843870367 0.242720286673009 0.110816880326978 -0.395164671077197
0.0205244151562193 0.234537458595821 0.0530545378746037 -0.428678286907706
0.029593440622431 0.260768416539121 0.0479808997843723 -0.418387850813839
-0.0687404549931594 0.295505040398233 0.0957008963701313 -0.355303505532143
-0.175010899922062 0.254981195303952 0.137246951901514 -0.225409165492189
-0.335997450746673 0.190404412581235 0.0186428610129013 -0.0723084053066679
-0.389502995734689 -0.0386113127472477 -0.178712976781239 -0.118100777061176
-0.256032651530898 -0.277437040989736 -0.274672131707889 -0.250722399718804
-0.167647961535011 -0.335662383031427 -0.221250671689749 -0.487395181004744
-0.231443435443771 -0.432380901154977 -0.228685859120473 -0.294205558493475
-0.29169538224086 -0.406494145804795 -0.174523732322542 -0.158713766506695
-0.454615889596332 -0.187873448744986 -0.06886689372527 -0.10667408421553
-0.476809108282531 0.0905753424543352 0.0301623454206516 -0.0280517410507319
-0.347686313235149 0.274472526030046 0.151705407895281 -0.0973145761172213
-0.189880088610979 0.355904458046911 0.136832627243634 -0.214258613901435
-0.034808451905837 0.388874580678865 0.101714884739925 -0.280142054671168
0.00406268138936122 0.366558214245723 0.0592726556672311 -0.29153486707937
0.0287948762785396 0.38997560708683 0.0445968164649874 -0.283627662162285
-0.101268765990896 0.439907912683267 0.078862824988163 -0.247439122246454
-0.252984252739367 0.383895097822586 0.114885111599335 -0.155957157161419
-0.466836739306095 0.304239473880117 0.0127803638438984 -0.0144530838943325
-0.56688713235519 0.0150599864601988 -0.174133893030737 -0.0623614799513667
-0.445715009275592 -0.336986455940468 -0.239997994156401 -0.163404394817166
-0.335772393449735 -0.471300571113731 -0.166286747606894 -0.311744238509611
-0.307973724647962 -0.514525688471701 -0.141507422021442 -0.122545635794163
-0.399217873848737 -0.486632569120877 -0.0891090318183105 -0.077532962620566
-0.584887582699616 -0.225728708214227 -0.0421707317527329 -0.109630355003902
-0.612618841771008 0.109160038799313 0.000833706520910211 -0.0409995992612915
-0.459649569703127 0.339226795392725 0.0656591558577786 -0.0452644529738267
-0.262531218138381 0.447197124410364 0.0653432579940674 -0.0920762289881122
-0.0658445449902696 0.47822455437961 0.070484116113605 -0.117114729162726
-0.0105047630136571 0.441674684162663 0.0582662579490014 -0.111607938563628
0.0238401899809231 0.455853851948198 0.0442555832206992 -0.108883665071814
-0.116250855978342 0.5133148784284 0.0664424203440253 -0.10148754437449
-0.287943084146778 0.454581712432815 0.0913497905346474 -0.0565092639123413
-0.523165144997075 0.37343498323356 0.01675093833979 0.0464741155688166
-0.648180439398214 0.0654296998569776 -0.134338257063357 -0.00726658553003317
-0.553121956942179 -0.335542815645971 -0.149009797303552 -0.0766454852931052
-0.448576765906114 -0.523546479698679 -0.0570935135905938 -0.115259272973337
-0.349184598118568 -0.516726236483231 -0.0431127158536233 0.0928182170938634
-0.455444287009694 -0.48415972773665 0.0113127064712765 0.049601996690142
-0.636470237369394 -0.21267856766473 -0.00503320190158601 -0.0780396758920314
-0.646997144430908 0.129252706094755 -0.0325726368629448 -0.0351110260173086
-0.489807085296257 0.357369787506476 -0.0386571911830416 0.0275894971417479
-0.286931104918075 0.467418650191217 -0.0218691831471911 0.0572584288033661
-0.0845740552836629 0.494437049646 0.0270647341725985 0.0707799403231733
-0.0246490652237197 0.449823785678817 0.0504563592609541 0.0830628224804075
0.00453699487002152 0.456532873970528 0.0423914251041896 0.0764997779517844
-0.13012653565301 0.501941029161269 0.0530568039904678 0.0562583677941564
-0.296097411160026 0.436060322651428 0.0613202137597518 0.0524015609017074
-0.506130549319068 0.346784491043633 0.0166362516443994 0.100457647707729
-0.615281021673948 0.0747620281921532 -0.0781954610850873 0.0330031399933428
-0.550131722314529 -0.296048823881018 -0.0300860982203172 -0.00725663212084759
-0.477988223813215 -0.496266726703403 0.0786001637107153 0.0734869416798603
-0.338328099386242 -0.431390853523837 0.055606694625286 0.31285587102528
-0.432306561994159 -0.38263427055851 0.111598995436406 0.18925359639625
-0.561920615834783 -0.143882321948673 0.0305871691212314 -0.0153076043958629
-0.545637798416607 0.130550646967549 -0.0597016986263507 -0.00443869800582412
-0.416720228639717 0.308492029337553 -0.130411978382957 0.110780362120451
-0.251112096360964 0.408520028409413 -0.0994616852839453 0.209627607507612
-0.082359532493906 0.431002958789649 -0.0153887873814127 0.252769516580628
-0.035668394949612 0.389355987498831 0.0354354333038942 0.265294087293336
-0.0200962843260412 0.388981326059021 0.0292778242581319 0.245769553591834
-0.141616891509038 0.413770806031359 0.0232108110040805 0.197009773246167
-0.278429490545007 0.33700312281112 0.0106282533693224 0.145669801826251
-0.421399669063865 0.237653931189921 -0.00155103714854815 0.130089331341772
-0.4816719451285 0.0397518049945169 -0.0285474417284869 0.0538515420289664
-0.444725660429834 -0.23516041052556 0.0780957102618041 0.0404458510741502
-0.422344992514761 -0.404092835660561 0.206605739605634 0.231405775426433
-0.273965470315902 -0.270244061099455 0.144192212009143 0.494771891214307
-0.319353412802903 -0.208890803525469 0.197418164311848 0.302345940099475
-0.369134301523709 -0.0504463084897748 0.0673539285813331 0.0577226811105832
-0.330840552118026 0.0981724499549513 -0.0645701799554119 0.0384792552794169
-0.268585155133786 0.195957076641306 -0.181850389681866 0.182078575417001
-0.172804784093919 0.274909127378605 -0.144389574221794 0.330414185745584
-0.0675873071396304 0.295653764306988 -0.0452952172834562 0.397575138463938
-0.0426894941538941 0.269744408346636 0.0160141341216999 0.408294403641609
-0.044165739073365 0.269531846781755 0.000701343318895168 0.377384856887071
-0.13269260085044 0.270622130125979 -0.0327991393862398 0.298432289151846
-0.221391309676815 0.193715901571467 -0.0640320573125458 0.200534401893666
-0.278821983622234 0.0985920947420076 -0.0387709564544708 0.127415105592482
-0.286100645472666 0.000694574019124467 0.00467432363483068 0.0573838373403173
-0.281803350347056 -0.144521756583521 0.152749555770466 0.0727172783306438
-0.308759606903147 -0.25983715058758 0.301175941724029 0.345864787524699
-0.151829208049841 -0.0676464605856012 0.204726476240137 0.602928654153311
-0.134451267601524 -0.0164394169159756 0.265509899238088 0.365963707913421
-0.109496073670115 0.0277234992482357 0.113105999783097 0.114932257188068
-0.076351281564606 0.0272562353107346 -0.0418996607374308 0.0702150394569645
-0.0954854946367405 0.0434574334619835 -0.187172133260668 0.222394525783747
-0.0795740645701243 0.0940299378112205 -0.150277121764348 0.396257852155156
-0.04974585822838 0.113130176015724 -0.0588894171535064 0.478794169850565
-0.0415710587446774 0.110933583585259 -0.00648073620151919 0.489384220259381
-0.0502869454422217 0.112051120441526 -0.0401834264687823 0.451089988092881
-0.0884626053492615 0.103198044136732 -0.101514100627164 0.351273981298267
-0.117183401169177 0.0506334366463519 -0.146819348940334 0.212675028277853
-0.095963534926773 -0.00769962478824238 -0.0791918595621512 0.0958257350283222
-0.0777104525270918 0.000753406292752149 0.0282988552043394 0.0520020993852898
-0.118579191291702 -0.0183737251562681 0.192279525085797 0.097299966587783
-0.172869173593255 -0.0783713651038211 0.351701276907411 0.404862260244778
-0.00868134936448838 -0.124321838860629 -0.355188220101228 -0.409175001284617
-0.0396212884575702 -0.13125503837928 -0.270750403722765 -0.156133107919098
-0.115053703915318 -0.0510462457403714 -0.061079227563916 -0.0391501915245736
-0.100633466761014 0.0542273596408569 0.0677886570786534 -0.0165622032758913
-0.0307826613863749 0.0787273867542514 0.202802173918802 -0.167280303175248
0.00689348220857383 0.0659400664108209 0.163770351255933 -0.343310476246548
0.0365476582960122 0.0651441844191994 0.0869444262005399 -0.445778229756344
0.036506026308919 0.0660380572440169 0.0310902081486529 -0.492443602308931
0.0374760163643615 0.0861118117485365 0.0441226763898639 -0.483019808324705
-0.00407591028420937 0.111265114056351 0.104090266160555 -0.405561643575012
-0.0501459089701737 0.104830322924639 0.146675910717853 -0.259001532809511
-0.13959405047639 0.0827742319890881 0.0358749712870624 -0.115876290279847
-0.153897365216964 -0.0459391282556785 -0.144633349823965 -0.149870245982161
-0.0420462437279411 -0.145420743941022 -0.246585436643395 -0.302951595872776
0.0107256385694175 -0.12776722446569 -0.21210465457018 -0.592603465669199
-0.128438554286835 -0.287221501633602 -0.30135334827676 -0.389182162409645
-0.170166476136556 -0.271643857038041 -0.233717120243641 -0.18057670048682
-0.287284457934159 -0.11487361028717 -0.0750899124307852 -0.0741780490030806
-0.28742693422475 0.0802496509225783 0.0514961138284966 -0.0155757390692148
-0.185645820278211 0.186243480916294 0.195371881014209 -0.137360923153448
-0.0866049783700499 0.220156396300873 0.166833280585207 -0.296821178269392
0.0065013844404306 0.238788253060055 0.103719458450957 -0.393895953172678
0.0232174189487196 0.23122569478297 0.0462461710067807 -0.42292735749435
0.0322374404316894 0.256863872144513 0.0421445448868675 -0.414235423700615
-0.0637753749164221 0.293737545676239 0.0901366866388119 -0.352612771860724
-0.170531996392579 0.253021690428187 0.132175658421568 -0.225428947893223
-0.330269466633574 0.192174232599588 0.0191096552525651 -0.0700627055288775
-0.382524241865439 -0.0333473113113249 -0.178286989750794 -0.112743774201027
-0.255873050896041 -0.274155200864296 -0.270122190952196 -0.243081685246209
-0.166403872765022 -0.327994236524205 -0.218169968274599 -0.47770826247873
-0.229016662987819 -0.423715401156228 -0.229499559298726 -0.291254856479483
-0.289050832991551 -0.398523050614457 -0.172336448602674 -0.158097190928865
-0.44580968026302 -0.17952607557863 -0.0689067167146581 -0.103415918596911
-0.46610940234979 0.0927264312007896 0.0285174646832997 -0.0292698391841986
-0.336216533757946 0.274770725018466 0.147791200336232 -0.100783990259214
-0.183532725593575 0.351004862807676 0.132046973401699 -0.213511818533229
-0.0306200842305536 0.38323590675654 0.0964030181532889 -0.281312016950195
0.00840790656486705 0.360816595854571 0.0530789894433047 -0.2885565974019
0.0327194197306697 0.383704473124731 0.0400781693981985 -0.281595226266285
-0.094193649430262 0.436348434408356 0.0743632228601017 -0.245600751255838
-0.24429025099871 0.382111931373149 0.109766823873909 -0.156553479043952
-0.458606796195539 0.30688600268057 0.0144647582019509 -0.0123308241878107
-0.555776234837312 0.0194524428915127 -0.174787022797706 -0.0578143955074741
-0.442055265451803 -0.331021891717689 -0.236968257502584 -0.157769776279572
-0.330381362687142 -0.458970661501756 -0.163565614641331 -0.306386132884317
-0.305731683688813 -0.504799851091733 -0.14302828487306 -0.121807920157657
-0.394896882822595 -0.477264362292649 -0.0880877710384201 -0.0785649092549381
-0.574671509729004 -0.213908234854841 -0.0433670003952502 -0.108036973252718
-0.599560937540599 0.113688944103205 -0.000430432134883497 -0.042408459060386
-0.446010146718621 0.340613964784404 0.0638310834246348 -0.0496007508933264
-0.252458338939548 0.44172904391951 0.0627323814946314 -0.0929359765761318
-0.0618478015839089 0.471999017198973 0.0677488407699955 -0.120993358687434
-0.00622057714154153 0.435538088677617 0.0549053629829652 -0.111925898380137
0.0281095326847245 0.450426440600135 0.0418457936802976 -0.109222156220769
-0.108779921549649 0.509375157059282 0.0638465341655505 -0.101462182592239
-0.280264985259443 0.451741213740187 0.0864028496861233 -0.0582082366680739
-0.512797094837563 0.373961045358354 0.0195311281719673 0.0484918535843934
-0.635830187766373 0.0698889761250416 -0.135358584964001 -0.00391326297193248
-0.547287219462217 -0.328756240094753 -0.148612045109608 -0.0722563873660903
-0.441273781749535 -0.509590476750036 -0.0543457459014051 -0.113069381627286
-0.346318596501064 -0.507222110885411 -0.0433783374344974 0.0901755538865101
-0.450842211094989 -0.473570064478472 0.0120289159048914 0.0464978903998902
-0.624286418252049 -0.20114523213036 -0.00695603290332366 -0.0767392698630136
-0.632507129538206 0.134464422244139 -0.0337936245628397 -0.0370794118569012
-0.475306282110822 0.35759617173271 -0.0381297255199248 0.0231743420590437
-0.276172830049947 0.463644650486893 -0.0214821838695166 0.0554677047680307
-0.0783359755301437 0.488205736218106 0.0267046793683134 0.0649716982198926
-0.0205920654474826 0.442839417889548 0.0492845882565074 0.0804155094797883
0.009631528975586 0.450168658870813 0.0427184362618857 0.0737955703674705
-0.123534534832172 0.498387279817324 0.0523829092872544 0.0547074678095519
-0.286945011552174 0.43391790039397 0.0571008652782622 0.0500968460123295
-0.495313048863804 0.349043411022432 0.0203796059322747 0.100472858830673
-0.601698637340329 0.0784666018681547 -0.0797657337715443 0.0345489700792623
-0.542630100149851 -0.289808883359013 -0.031713160881177 -0.00541783533943359
-0.470356267139655 -0.482947209018865 0.0812665006376239 0.0716732415289719
-0.3376800068349 -0.422750737091075 0.0566887004261881 0.306827622446661
-0.430279279594723 -0.375108768846794 0.111559630652498 0.184040064843568
-0.552013147946112 -0.133981548012387 0.0283687630823151 -0.0156777255175255
-0.533069900209527 0.135359012780558 -0.0600683967124824 -0.00690718111351858
-0.405702940512295 0.309761644027873 -0.128288711300143 0.106768351035856
-0.240295728495075 0.404851530252497 -0.0964287353559281 0.206355663445019
-0.0771639917557766 0.427088026435751 -0.0131666415459554 0.246109138317798
-0.0324112923949854 0.383267665734828 0.0369811406354791 0.259943271966107
-0.0171353843766605 0.382925470667587 0.0323888978396599 0.241249363191556
-0.135160490649703 0.410925829491763 0.0241896474137111 0.19451289208844
-0.269975136482197 0.336442774291156 0.00855525229204332 0.142797260580676
-0.412312603793032 0.239295300026486 0.00167038450196959 0.130098628061328
-0.470085876618953 0.0423561557730722 -0.0308220705777218 0.0539946632835666
-0.436713900494998 -0.22977592607813 0.0738279457827333 0.0404776091174153
-0.416159574111137 -0.392515901787421 0.208625031872495 0.226899132055352
-0.27391338847645 -0.263682233773614 0.144606374802027 0.48555484685476
-0.317395497618609 -0.203321104121762 0.196925163749587 0.296447221674097
-0.361615344149654 -0.0431312785212737 0.0649085411997691 0.0557196740075041
-0.323182662345078 0.100476898185665 -0.0646015544447099 0.035431094856024
-0.260426518131623 0.196570447715975 -0.177613241202054 0.179220796778398
-0.165327949390593 0.273825197168508 -0.139401519752092 0.326850343600281
-0.0633364740910545 0.2933095840364 -0.0412491742172834 0.390736685717469
-0.0402012146131078 0.266095921534493 0.0196536020163035 0.401368205630375
-0.0414275139374733 0.26550761224579 0.00546055291921805 0.371156123120494
-0.12924561443878 0.269464853154874 -0.0284159740444602 0.29609379816162
-0.215045815107946 0.194494589704099 -0.0635894611977487 0.198241499841203
-0.272944153249502 0.100659778174983 -0.0360844646099876 0.127251746121198
-0.279008620118104 0.00359494637070405 0.00290546128294293 0.0564190725964975
-0.277533788414566 -0.140017588210385 0.147508148666549 0.0711107568228328
-0.30475541614154 -0.251526070575116 0.303281188131751 0.339391735270217
-0.152438228155167 -0.0645259760186913 0.207795314456713 0.592349922778577
-0.133725756286189 -0.0142770075985326 0.264208522222213 0.359047077544433
-0.106094564712755 0.0305780579033087 0.110154128657835 0.112055048237345
-0.0737647600796855 0.0276432921641377 -0.0421172563212958 0.0673941873863399
-0.093635815535331 0.0442041071231755 -0.182746205549651 0.220620168229801
-0.076326624880594 0.094931930353629 -0.14441998355127 0.392374198937011
-0.0479552060135536 0.113261643325664 -0.0520962310887152 0.471875132394484
-0.0409296232083602 0.109257461153068 0.000113235555635152 0.481362618384148
-0.0488839342189604 0.110435456811299 -0.0345874531410412 0.444834409050829
-0.0859599549715515 0.102611676697756 -0.0958379369764527 0.349117984141336
-0.113375894189254 0.0517366959165176 -0.143813579961058 0.212584480533582
-0.0932997895961613 -0.0058887483788252 -0.0756169066732269 0.0955155097898076
-0.0758268251365398 0.00240033291859124 0.0272288840274864 0.0500346958365089
-0.116192360671272 -0.0158396546250469 0.186489781301336 0.0949219406941463
-0.170878660725226 -0.0758804452381789 0.354071119993771 0.397351847645097
-0.0567374973978351 -0.102218189954245 -0.510273621022257 -0.228257179372106
-0.0869511560979212 -0.0995099190563982 -0.320750480129699 -0.0252712311653123
-0.125892752994754 -0.000390031433507104 -0.0758457337370353 -0.00453976784601264
-0.0685900118885762 0.0896168918321702 0.0535802696720299 -0.0387383786138427
0.00121423754640875 0.0839608277730477 0.110392096842335 -0.240918334586469
0.0298908222267619 0.0574690089372948 -0.00364110359818643 -0.384567949214923
0.0611358312373365 0.0420826422199445 -0.118068254988947 -0.446639267430842
0.0611372714465231 0.0489067064075488 -0.194615334930596 -0.46234750505559
0.0732334375976944 0.0623802488559092 -0.180187952451649 -0.46046228190932
0.0444362139889344 0.103914960812445 -0.0898320833422012 -0.414816112291922
-0.00308829778375438 0.118899574405428 0.0144049522589548 -0.302284305066156
-0.0910744919308911 0.135889156673082 -0.028667184478786 -0.126732629344762
-0.16415425855819 0.0208182950905483 -0.195191939981836 -0.0766022779544401
-0.107039925505164 -0.121727703196421 -0.344488611544025 -0.174551421533375
-0.0519875115433241 -0.128344327416049 -0.442861975241242 -0.45328836543057
-0.232437908312571 -0.204588511675221 -0.461752104323016 -0.231242656232847
-0.262900141040306 -0.173020720476687 -0.302827904223814 -0.0613238496714099
-0.30788360698265 0.0139203022251621 -0.109635618950071 -0.0231244057382748
-0.223335160378045 0.190672705827084 0.0337062328958886 -0.0239186757554263
-0.0923210830158116 0.245591329609967 0.118590897924173 -0.203622116368773
0.0115316576133139 0.237423892503521 0.0218698497187233 -0.339824947197194
0.106492830656765 0.213479114172623 -0.0785844730166209 -0.400921036264959
0.117752335491483 0.209540028311774 -0.15086379590312 -0.404606705902055
0.140527298086083 0.223252192066726 -0.153586485242478 -0.395739840114657
0.0685734184800762 0.299685217786253 -0.0844949907118077 -0.359189521221236
-0.0500652934061709 0.310896684026089 0.00716333635875059 -0.269339129801011
-0.216754700349351 0.320426437967223 -0.0370397522899575 -0.0857008742987478
-0.372516779843023 0.131372549767833 -0.213201068807618 -0.0368323045104898
-0.360674311800155 -0.146788923165112 -0.335518372664686 -0.119990644049033
-0.310385171986938 -0.232877132429852 -0.385420955553603 -0.353824592680239
-0.380002555728277 -0.291369780709921 -0.359647212756372 -0.171430885790464
-0.423803902180796 -0.238650994047102 -0.240240822176418 -0.0659541667509767
-0.47636629807233 0.0203999829775046 -0.122581789840631 -0.0457774295526603
-0.376763446799475 0.276049890716329 0.000410155234287966 -0.019449485000243
-0.190681249100852 0.389885942571285 0.0913943462398447 -0.143415299064015
-0.0186010219328365 0.399345348829427 0.0279636922929229 -0.244353534626065
0.13475167560584 0.361033009945098 -0.034036833713822 -0.289996659719293
0.158574602820684 0.337214140993883 -0.0846821108294614 -0.284340037425784
0.194524923691422 0.341136875154561 -0.097503612648304 -0.272336511526218
0.101924247668223 0.445432922263243 -0.0553859201006192 -0.252517965272716
-0.0645671605234834 0.464952095139905 0.00938922273034903 -0.198078789792866
-0.28261881109695 0.482245459694577 -0.0262936721959646 -0.0355863772255348
-0.510360228840083 0.25659123072619 -0.189900828985567 0.00551598348510145
-0.557619901418506 -0.116241170523235 -0.266169609146562 -0.0653633182223079
-0.524642824515298 -0.277483617433033 -0.250017603768245 -0.226611803725723
-0.481890374972675 -0.337770341899637 -0.210724097978032 -0.052400235705094
-0.550607426465747 -0.269053789909852 -0.130440359988907 -0.0280127218624815
-0.606097779049514 0.0413201804581798 -0.105110998038817 -0.0555773514438348
-0.485076087148927 0.351964494203174 -0.0362924307301895 -0.0134288223993739
-0.260500553058414 0.494539666828766 0.0390000681821479 -0.0548005844030428
-0.0413418052837593 0.511473466542269 0.0193953518731784 -0.100452579427189
0.145003306884952 0.456731671214325 0.0112100897045531 -0.126393815762161
0.176360751161203 0.41181207067186 -0.00431872834964708 -0.123434755429782
0.218133939301981 0.4057453970837 -0.0188965987176411 -0.115660151495777
0.119683703046343 0.520362146881283 -0.00157143985496186 -0.114848782264446
-0.0654625893038422 0.544946028244571 0.0276948634862505 -0.0994968475241525
-0.301577892317611 0.568381903898749 -0.000459968574706209 0.0159046496207269
-0.562152426914651 0.338344112776161 -0.134203046209093 0.0341532621926101
-0.653731359573472 -0.066551285882132 -0.150179243214062 -0.0299853656006381
-0.648652265810898 -0.271151732685635 -0.0617696044726479 -0.102121018069018
-0.520624760266249 -0.327505237543616 -0.0297688545532467 0.102369746411309
-0.602340818044436 -0.246233660462613 0.015911684183699 0.0451104867127766
-0.648191127028176 0.074478481860196 -0.059478608775228 -0.0407061697256617
-0.506882705386776 0.383245323843286 -0.0650327967251337 0.00756691066515882
-0.276478635167543 0.523449045614575 -0.0206772704591612 0.0588364773591174
-0.0510173597953541 0.540959557870073 0.00946246854980297 0.0737343906632066
0.136620596767945 0.480338300238978 0.0570000089999984 0.0626425418098582
0.166696592905911 0.424190099268583 0.0775720007867803 0.0541192547963412
0.199509917030663 0.412101376615637 0.0650405765022799 0.0507956117294987
0.102231571739824 0.5150278601507 0.0583312438033036 0.032077129637419
-0.0787683406364221 0.531721089257155 0.0494789803397666 0.0123732654461268
-0.296080201579611 0.538539249901406 0.0253968307268691 0.0635207410423052
-0.525158817657833 0.33305773074526 -0.0673529019694667 0.0456010466107538
-0.630111030598506 -0.031899271692848 -0.0185514154138691 -0.0177618198839262
-0.662344936300924 -0.23254245214933 0.14193836072315 0.00830298810346831
-0.477909932700293 -0.255805916103655 0.15931535814285 0.260542608841736
-0.543509708023815 -0.166188606995884 0.1703588584881 0.127203682245439
-0.555010592848236 0.10529564701866 0.00327456539276154 -0.00251500604849994
-0.416993991353989 0.343185837849652 -0.0735933108896149 0.0436117338271345
-0.231739402885442 0.450894866699738 -0.0651823537309971 0.172654550698649
-0.0424608579380064 0.473792963074138 0.00828722304095897 0.243289897186936
0.110624211356356 0.423422608141374 0.100955204300524 0.24468847155024
0.130355428493686 0.372123523062581 0.148447453378693 0.222739757214959
0.147648312471752 0.363116521174414 0.132228929335515 0.206698733932431
0.0538772719133091 0.440120303496483 0.0976589257533193 0.170359267542209
-0.105354352079386 0.433829212845809 0.0512544716866085 0.118354812532879
-0.268409003093047 0.403023545327735 0.0305911214747174 0.0991102815483328
-0.419122954139219 0.243209952082314 -0.0118829748817495 0.0455407014667705
-0.504783902530837 -0.020819742813132 0.0932130539393871 -0.0153628412743733
-0.568476393036997 -0.171863342202629 0.320399296631984 0.0984972215665982
-0.35421796073382 -0.138647508303305 0.326054870600368 0.38787214869872
-0.371305316119603 -0.0595520812094043 0.30398710048199 0.190802503641872
-0.345154600970164 0.109782719022761 0.0748224714949501 0.0394266577628714
-0.243794257198005 0.224396977967255 -0.0529282327234017 0.0752070794689844
-0.14839522880339 0.287538875414902 -0.0789561117778842 0.254730816280483
-0.029123378931766 0.320735206070585 0.0217212152280679 0.368172173557375
0.0674474905081793 0.296379718119547 0.138727377317289 0.38548031228967
0.0743608599071926 0.264929740719854 0.196882885565263 0.357419023547864
0.074269800556025 0.265453237557565 0.168436417982305 0.335674671602852
-0.0016884355521387 0.306075166306586 0.0992462303875794 0.284344079832643
-0.114732405952466 0.276603865652049 0.0178112565646775 0.202301265170803
-0.202963233402127 0.214094738248576 0.0083020422339704 0.117263524593092
-0.256672905825412 0.125213003138053 0.0229158542511535 0.0387791178194381
-0.316315182381413 -0.0063139634421196 0.169318750657927 -0.0108127044984131
-0.397979638414463 -0.0905294952464927 0.446327812568923 0.166197577290124
-0.161991724936613 -0.00645798793770546 0.440246579901187 0.458569632173652
-0.127921720006625 0.0351754338531507 0.398652254558091 0.215766787342518
-0.082163766796082 0.0706687333637338 0.147524435976844 0.0603310120007253
-0.0515664133951336 0.0549725018594417 -0.0114337611521268 0.0827496510088438
-0.0614511663093967 0.0789606914600962 -0.0668752922451043 0.285883015769841
-0.0242994059342691 0.118365140914673 0.0452377183354369 0.424652624591969
0.0049537142392175 0.125457471168776 0.164055924502477 0.459666491992347
0.00767867417300139 0.117912722940331 0.216461859084954 0.438553593782342
0.000976646893305577 0.125086521011735 0.16971814421691 0.420468353048749
-0.0340346806098434 0.133241848745906 0.067346344610215 0.361550587149329
-0.0820175547273712 0.0986014371738232 -0.0400968390145731 0.25456187326085
-0.0867293107463482 0.0367058141901008 -0.0287975056324999 0.113252345430432
-0.0685071163914656 0.0371618466162081 0.0446732421253041 0.0294884112532797
-0.111352773509994 0.0385961297338211 0.209020675558284 0.00251609891092221
-0.192229830349439 0.0119424669931935 0.506638655497239 0.204927881822511
-0.0603310533848158 -0.10362518957306 -0.537071499875095 -0.217359439003414
-0.0923339076049255 -0.101172264245503 -0.332099510209832 -0.0168764205567421
-0.13060589939271 0.00283325561453918 -0.076934083739888 -0.00281444900602011
-0.0677314665714108 0.0947401079698041 0.0543571018570795 -0.041805015228753
0.00526024909908658 0.0867182983495295 0.102969479809631 -0.252906315986514
0.0321298220902342 0.0578257492614525 -0.0193601772680295 -0.394941203556119
0.0637136302232712 0.0402182830532979 -0.141158179520705 -0.455831066976451
0.0657258210537501 0.047273689081967 -0.219333747028018 -0.466900248841307
0.0784159435350406 0.0616747396754312 -0.205469003533373 -0.466565132994264
0.0504590007027348 0.105920889161443 -0.10948852800106 -0.42442776691756
0.000214893685260377 0.123036286543383 0.00344553306603454 -0.312318887665699
-0.0892973673288472 0.14389128543613 -0.0339315957982644 -0.128303965215528
-0.167405745477763 0.0261732569567926 -0.202102131287536 -0.0697696635797356
-0.11492792388405 -0.122116940944488 -0.35752083053302 -0.170270398945574
-0.0565919964464248 -0.129497587299093 -0.471404992350499 -0.450883929025584
-0.244998044849606 -0.201735555615262 -0.486323938132736 -0.222592429757289
-0.275200788135467 -0.170116160888283 -0.314064408417061 -0.0552258526611602
-0.314554392802301 0.024466944945969 -0.112348114911471 -0.0207302762669123
-0.221588314384156 0.202932361499161 0.0329016549506019 -0.0254604149136748
-0.0836530865248125 0.255948116424049 0.110843636306301 -0.216636254811313
0.0203567386280352 0.244276421816484 0.00787137971797075 -0.350479523159297
0.11779326280383 0.215416475873248 -0.0991821272774809 -0.411606040280996
0.130616613660476 0.210956749086348 -0.173248890912534 -0.409672085540995
0.154087586654861 0.223874593416135 -0.175776146055096 -0.400070442085365
0.0835636229408581 0.306875739525883 -0.101264090212703 -0.366407001685352
-0.0407740015690826 0.323208831773381 -0.00430720564673689 -0.277743334041505
-0.21062255479851 0.339829747219828 -0.0394575945471284 -0.0862653714072423
-0.377284133026357 0.14728454333833 -0.220624577085656 -0.0266840277503874
-0.378430419744625 -0.139825767027189 -0.346642834777239 -0.113383615019556
-0.325183601567794 -0.226883541396319 -0.407978494195606 -0.352322640518404
-0.400313274094498 -0.28473796645099 -0.379771257980633 -0.164732950461898
-0.442128810801297 -0.232406748715732 -0.250843827086077 -0.0621597516150203
-0.485359943668384 0.0376241194752365 -0.12703854278028 -0.0437959723176273
-0.3737455979845 0.295566274866847 -0.0014891454472945 -0.0204017329842332
-0.177930552938069 0.406591328635734 0.0854987671897809 -0.154041006344788
-0.00363507875477241 0.411405460500514 0.0169306127278282 -0.253390370900866
0.152323852893655 0.366498300276709 -0.050833773216971 -0.299472022644544
0.17647688284691 0.341094921381593 -0.0994937217867971 -0.28891519117018
0.21353676822094 0.344243071894223 -0.112670505803908 -0.275874103778572
0.123342422545416 0.455807507841977 -0.0671398870197789 -0.258242237846895
-0.0482495055368883 0.480969753499167 -0.000800707294340289 -0.204637985200517
-0.271349857318194 0.508891581111861 -0.0256245021081469 -0.034803274205501
-0.515165839046681 0.280403668270405 -0.195685541133942 0.0171725269274667
-0.580392278224135 -0.101261932406285 -0.273973875760344 -0.0572620119675768
-0.546411844938108 -0.265748157781971 -0.263876587108145 -0.226835810771666
-0.506017536983647 -0.32819963730978 -0.222412545585941 -0.0480147216469183
-0.574790323779694 -0.257429001873646 -0.137016509715408 -0.0266180625938278
-0.618394668756131 0.0631758648981005 -0.109690329222576 -0.0543314305892935
-0.483673890470142 0.376418549279922 -0.0394495629716827 -0.0136170033888149
-0.246534841615319 0.515950491620624 0.0341979358576708 -0.0616984516066409
-0.0236138009947289 0.528116780397905 0.0138406012931626 -0.104533058465467
0.166147437037243 0.465071447819085 0.00246364805661052 -0.133212102130603
0.196454093749131 0.417704740480498 -0.0103281692837411 -0.126743010897135
0.239504960200598 0.407277543478405 -0.0253734139574373 -0.118156787772617
0.146227603971295 0.53214408592881 -0.0068782654222189 -0.119112704885335
-0.0463689634553056 0.564506482326336 0.0212961122741889 -0.102231039848163
-0.288170347107886 0.597665888480112 0.00318402102989201 0.0161677557722294
-0.563886084300053 0.365468562062114 -0.137807336756482 0.0451783997730323
-0.675726545702562 -0.048465039694621 -0.155815351629564 -0.0240410824377141
-0.673759122214915 -0.25561885043399 -0.0638733421457465 -0.104933223774274
-0.547468792730045 -0.314915805217492 -0.0300109377250681 0.103949845949087
-0.627708087492315 -0.231421261325354 0.0163307042431883 0.0434047962190641
-0.658678339084222 0.101389444126259 -0.0627814664959683 -0.0404019694531901
-0.505388682944387 0.411922981680403 -0.0688730661433887 0.00855752263511158
-0.262252364065182 0.546133920944303 -0.0226553579137469 0.0572397990668273
-0.0292700511474496 0.559289519797879 0.0104199534416977 0.0754795802164935
0.160661564672732 0.488672054054712 0.0573382815655164 0.0597221593252721
0.1857497317361 0.43010974246308 0.0812539924468127 0.0520463311448573
0.221895875050139 0.416480432184423 0.0678953919193581 0.0492020784507522
0.127076953831059 0.52778233972146 0.0611315743338357 0.0303115471777235
-0.0598460551510745 0.552223143910726 0.0477419303675383 0.0124243484156458
-0.28274919433428 0.567178578774084 0.0310028371658033 0.0632449907417151
-0.527332464283604 0.359121321826671 -0.0693888777950289 0.0538620934846035
-0.649831424330241 -0.0119306316529523 -0.0208372232519029 -0.0158618364790245
-0.684458302644311 -0.214916465208223 0.149520569174138 0.000494718591635219
-0.501716512042652 -0.242241397472174 0.17104400193901 0.258853975182482
-0.565600886515335 -0.152304952129189 0.17854758854908 0.122833786367802
-0.564163561100987 0.129595844510406 0.00302789845419953 -0.00309365508924068
-0.413404790235863 0.367137418797126 -0.0762789627472997 0.0458577326005986
-0.221066672701602 0.471561182501796 -0.0637769045001838 0.176985295548902
-0.0240828551919714 0.488776860972308 0.0158644100988846 0.24969699077123
0.132026357730506 0.432405556189648 0.110092927339433 0.245758906850049
0.147568755554153 0.379505435141346 0.160920505222738 0.222357026067947
0.164310341473205 0.367536454989396 0.144046555869067 0.207378203154425
0.0745477130145957 0.45231463931625 0.107177927535576 0.171650229284184
-0.0901668626723217 0.451257092409854 0.0543906616986525 0.121783117552451
-0.258371190209868 0.42702817417137 0.0374691001418332 0.0994296905791194
-0.419824150603857 0.265218018623722 -0.0125435507614272 0.0503656631031772
-0.519454076824025 -0.00461207429916214 0.0935882663969705 -0.0171440109702593
-0.587068070615207 -0.154772522999668 0.336890319112799 0.0868480433721821
-0.370382712096519 -0.12824524116685 0.347034825859932 0.38339482938287
-0.385522742405929 -0.0479209111856635 0.319125000589091 0.183608957197012
-0.347515935474131 0.127300326098918 0.0771512948829412 0.0384533805530184
-0.240464684696294 0.239814357442939 -0.0537412808310933 0.0782684048094806
-0.140663671242389 0.301098469631157 -0.0734097399746093 0.262798282044796
-0.0153652435824276 0.330731077425288 0.0357205622184413 0.378864426212595
0.0819237151667605 0.304009213283527 0.156700224986299 0.389886392433508
0.0853023939077814 0.271507432133549 0.216934410794976 0.35882100026813
0.0861264446571148 0.269818720876741 0.187014579652637 0.337441834518846
0.0119100335166969 0.316215888310732 0.113787705167287 0.289188242692783
-0.10557483869039 0.289637226167115 0.0248273260619544 0.209930901728841
-0.199288825444063 0.228773863951407 0.0150715009743634 0.118829109221714
-0.257822335027706 0.13781786023898 0.0229327749084477 0.0409322480889007
-0.324965331265827 0.00417945528181355 0.171411616030449 -0.0143920311794365
-0.41137531697305 -0.0785345623937173 0.468828986452589 0.152345897544259
-0.168450001786043 0.00101390345950562 0.467189665037604 0.453995417150118
-0.131664038156691 0.0419344993905424 0.418370032380324 0.206584810738149
-0.0797608436141456 0.0766037303218333 0.153394883229962 0.0573282907982452
-0.0494737515065191 0.0576381824778389 -0.0102793024031983 0.0845929540496848
-0.0607506926512946 0.083782002476992 -0.0587976748491274 0.29623144439297
-0.0191765148505187 0.122544494000071 0.062453226252229 0.436083566568469
0.0113272228440173 0.129925641285331 0.186758508127958 0.464993736137191
0.011477490218942 0.122233396577116 0.240369262802032 0.441523016164532
0.00470242589835847 0.128634768214376 0.191933541051365 0.424737587310676
-0.0294417793475047 0.13831170326707 0.0847169849269988 0.369728018180929
-0.0785817097661544 0.104184702287204 -0.0310360489988319 0.265361273126877
-0.0865955117912448 0.0411725329140687 -0.0248192770542362 0.116607249816565
-0.0673654650034398 0.0420750642473176 0.0454534199177609 0.028161467182433
-0.112847280312724 0.0440677930710494 0.212899705800196 -0.00292030352806669
-0.198163785203498 0.0201410273838066 0.531590067602713 0.190930536570503
-0.0657481564192785 -0.101814989400927 -0.561688551618409 -0.185528383597615
-0.0994481862489307 -0.0986538749102827 -0.338008034021934 0.00326821281915886
-0.133674902696441 0.0108414350718876 -0.0773239290052177 0.000270559123898185
-0.0632322700199919 0.100227665717624 0.0523095351849489 -0.04579654866092
0.0120788032304828 0.087733086760802 0.0848804335478687 -0.26417947299637
0.0360807025841405 0.0572140518131403 -0.0469988513719451 -0.400727021470012
0.0663101642643626 0.0358392924548262 -0.17548756602385 -0.45463355037877
0.0706652648590722 0.0427224429726256 -0.256025889224477 -0.459069506567564
0.0843190714794866 0.0570451210485088 -0.240330626008077 -0.459731258258679
0.0597042688022736 0.104600315064891 -0.139350602116652 -0.423941039331077
0.00724317724713392 0.126328838460854 -0.016816020886769 -0.319026896763193
-0.0817749265893706 0.152843742460841 -0.0420019164275276 -0.126926811737675
-0.168277076075489 0.0355505554423532 -0.207615830262879 -0.0557481427799053
-0.125644829707783 -0.116713872126343 -0.371261650101988 -0.152498959339909
-0.0642602970098751 -0.126971700888659 -0.506294432212552 -0.428123169256004
-0.259526114540844 -0.189144416940457 -0.512259285993337 -0.195882498527745
-0.288890812201652 -0.157504715878489 -0.323788145344375 -0.037947424833728
-0.31618049039896 0.0441205092361525 -0.114079064130703 -0.0155447985992783
-0.211402124719716 0.218931116750062 0.031558910174527 -0.028350088926771
-0.0655051700306747 0.264597451646169 0.0942852567340259 -0.228090957240547
0.0364579251039176 0.246939814450641 -0.0174079916141088 -0.357281593690695
0.133378091347706 0.210384422059864 -0.131561606644604 -0.413020928841066
0.146392959125871 0.205204354464183 -0.20477970451409 -0.402361440920894
0.171597310913113 0.216835713819035 -0.206709200404186 -0.393145466416636
0.107455884645275 0.306660814799544 -0.128484187824849 -0.3667045121435
-0.0201557620062619 0.332365500888118 -0.0246610983382853 -0.282124265458932
-0.19142831891166 0.359836970044522 -0.0437865381555808 -0.0839195589813606
-0.372933552132951 0.171616621235794 -0.224711313581049 -0.00948639357099037
-0.394211003543486 -0.118243431331259 -0.357317727381893 -0.0948613574573835
-0.339743207251587 -0.209363283383833 -0.43586535768383 -0.332736719146511
-0.42240067922934 -0.26349687692362 -0.39971385288487 -0.144018447295505
-0.461600180415288 -0.209118849746166 -0.260127302654563 -0.0489568165497089
-0.486752074811363 0.0684775918201039 -0.131004159963941 -0.0382733216748817
-0.358220088734552 0.323266703189361 -0.004166627475003 -0.0209258693350875
-0.150849098678311 0.423183796314238 0.0717069779464413 -0.164575160848363
0.0236042866773078 0.417942047607689 -0.00152965850283896 -0.258043601602392
0.179316609105089 0.362886675379699 -0.075647281143443 -0.302020537177892
0.202361313703843 0.335202545444817 -0.121427297289505 -0.285760269393623
0.239584618809322 0.3337494410455 -0.134659663576267 -0.271296542554036
0.159312141196212 0.45507543860942 -0.085806910178742 -0.258799148528908
-0.0177062392927643 0.493754512724558 -0.0163422053834977 -0.206414610654924
-0.242316843122192 0.536967810853726 -0.0260106680604772 -0.0341570565093716
-0.503347273229692 0.315799128123867 -0.197892882890991 0.0349100550698097
-0.59469706980369 -0.0675629272729042 -0.282767774775714 -0.0423476872010628
-0.56620328844006 -0.233439652713262 -0.279870223401786 -0.216358198471287
-0.534381866151435 -0.299613879598519 -0.233110383782658 -0.0357883457106585
-0.598533923915419 -0.226471470086619 -0.14204388652103 -0.020180009125827
-0.617927431911501 0.105056304698684 -0.11413667267538 -0.0500914758003308
-0.463818848617461 0.410702073221328 -0.0423639184654152 -0.0124530605576607
-0.212614398038097 0.538873810619998 0.0258599073688438 -0.0681812148674347
0.0118889401812376 0.537180713283719 0.00448526857743213 -0.107355952705433
0.200081677976281 0.461416425364951 -0.0112966336495423 -0.137473491660837
0.22796985526532 0.411561392644088 -0.0197282690387161 -0.128083300134225
0.269102989051893 0.396648061062796 -0.0344776257017478 -0.117392272572669
0.185790490242821 0.532276588532923 -0.0158331892280107 -0.121687811145809
-0.00962619719248279 0.576914327470968 0.0121999289793699 -0.103452950515248
-0.251757144605317 0.628925158898386 0.00734264474080512 0.0153425307163262
-0.547459966610538 0.405010993954994 -0.137044126709347 0.0603323105962408
-0.688490161528705 -0.00620626100157556 -0.159746500136481 -0.014555135798275
-0.693486962072978 -0.216249841310246 -0.0696287448327342 -0.106775322474857
-0.574466145593638 -0.283165612833261 -0.0277333796560385 0.105220156980343
-0.651733462059528 -0.195713229977359 0.0170916252096919 0.0410842110659077
-0.656818689454027 0.144295051693886 -0.0656483102553396 -0.0381283711122216
-0.48340735277817 0.447670027984585 -0.0713610987055858 0.0121965003154985
-0.227734980241601 0.571203926990352 -0.0237623123005879 0.0560704633386873
0.00820296787748001 0.570072650345821 0.0124992037097277 0.0755377984080422
0.194893269557521 0.486372440359849 0.0577137502987918 0.0552757074167802
0.217158006651661 0.426406932780166 0.0853876162351176 0.0470532152255331
0.250452725154613 0.406520595617539 0.0715036445948043 0.0457912717177999
0.166237221650042 0.528813733936627 0.0632831864761471 0.025729194119336
-0.022968178640108 0.563878363981443 0.0465892806915627 0.0121810166119862
-0.247001584056001 0.596763468374767 0.0386143122305661 0.0600762349620421
-0.509751049854682 0.395830344411224 -0.067085027517018 0.0645035492828562
-0.658496282132304 0.0286058640057511 -0.0243685587975551 -0.0130668264256169
-0.702557256097491 -0.173314318649826 0.154086440531496 -0.0130803001640052
-0.525472411041001 -0.212947199073237 0.186563969606753 0.248882354769569
-0.583991203354895 -0.119070871751007 0.187492721278931 0.111858296019383
-0.558560334370857 0.168263272269882 0.00269211976340066 -0.0043397493400241
-0.394390065654707 0.397765967677417 -0.0767089745125153 0.0500568622532316
-0.191487432091919 0.491913613339803 -0.0556107453719059 0.181199227754684
0.00933100448771806 0.49940790860499 0.0307573028949457 0.253159193853161
0.163949056371179 0.430947963995787 0.124702441973469 0.24120748958398
0.174009071488724 0.377979541000633 0.178155189158222 0.214049906285582
0.189913813118858 0.361749875120673 0.159329034729468 0.200504953352651
0.107715014758408 0.454123509778946 0.120364168873002 0.166558359176687
-0.0604645282542372 0.464215747621412 0.0610856985702222 0.123087847966188
-0.23271449108826 0.4508063498095 0.0472050498905711 0.0969462835715165
-0.405540248837659 0.294408313408521 -0.0109990937850579 0.0563733645176564
-0.527194676704846 0.0275477078943267 0.0917644975147598 -0.0208096205883616
-0.601575790597528 -0.118659602789545 0.350118445468509 0.0625466608753193
-0.38465992819547 -0.104771133602501 0.37434807122359 0.363545599789645
-0.395556906788661 -0.0234119124345858 0.333993903518951 0.165075780723484
-0.340597156572741 0.151661274824184 0.0807486055840744 0.0341233072958888
-0.226500704911197 0.257650670684945 -0.0513840516670235 0.0817951666712407
-0.123424191123885 0.315160027864708 -0.0591029296895762 0.269721569317298
0.00687684252322063 0.336564577693571 0.0608630023216411 0.383039233105368
0.10479873885547 0.303762308744168 0.183278690450692 0.384524719461659
0.103957237070289 0.272727373790575 0.245052946371501 0.348859765180541
0.103504352703842 0.268504865368064 0.212317123255395 0.329305970216704
0.0343564328576741 0.319888980680512 0.135429059084391 0.285379509853181
-0.0868742215987345 0.300283836870947 0.0382402176372879 0.214111922794069
-0.184971580896846 0.245872775357997 0.024172155996426 0.11772773674288
-0.250029111819838 0.156869287371511 0.0237739829853782 0.041797348728976
-0.328658798265097 0.0240324655728813 0.170378294515411 -0.0229189095344824
-0.420084348875068 -0.0531828133220016 0.488372072584342 0.120999723145103
-0.171818322966814 0.0133081449896817 0.499615571792027 0.42719038510071
-0.131253127442592 0.0521739750005613 0.436436366028758 0.182576203164933
-0.072906833727133 0.0831895682582566 0.158582627408678 0.0497376666375827
-0.0454721464136369 0.0613937106948815 -0.00661780333000811 0.0854474012616939
-0.0571206061295888 0.0896254508807952 -0.0399749447628984 0.303920113637439
-0.0101889175711687 0.125331819952828 0.0920460618339906 0.439344044108169
0.0210622682339171 0.131555301655322 0.221460727650311 0.46039627590974
0.0192785952630175 0.125210119449229 0.274615701299575 0.43007009718791
0.0123636000266084 0.130170662663501 0.22531058064856 0.415662025259609
-0.0196845364554872 0.142639906361873 0.112017426846563 0.368902425807192
-0.0716629506886901 0.110701114188389 -0.0132735466909109 0.273562575709071
-0.0836785670871945 0.0473813981909401 -0.0167303370238177 0.117926015362655
-0.0636874187482602 0.0489195659837201 0.0460404102155806 0.0256649358312255
-0.111090125852831 0.0525548313357053 0.21404035344873 -0.0131789243427657
-0.199252945961845 0.0337712753020051 0.555003043094749 0.155803327759024
-0.070142970105154 -0.0959495734001757 -0.567770373247594 -0.140970375511628
-0.104000757099255 -0.0928640195954952 -0.333508119819688 0.0246590550775081
-0.132080454769114 0.019639539218748 -0.0758187292219472 0.00341947419189667
-0.0560669019504706 0.103138205243406 0.0482767089660072 -0.0484620688168821
0.0191326340425089 0.084814285946305 0.0621812151103341 -0.265774215646401
0.039374733783622 0.0540226733399139 -0.0767551669409981 -0.392172461436738
0.067269430508551 0.0302905345155398 -0.207672716732477 -0.435755794501503
0.0730198428087696 0.0359010210415093 -0.284618042990538 -0.432803496705231
0.0883790517920332 0.0495983289536086 -0.270196583011053 -0.433150303133857
0.0669584994233975 0.099047326578446 -0.167155536671778 -0.408584613815432
0.0160298100511446 0.125508856321783 -0.0389131211042708 -0.314168297069165
-0.0700482928580414 0.156351574455568 -0.0490828055986179 -0.120303712195022
-0.163428626277258 0.044875618512161 -0.206411010102923 -0.0389399641986638
-0.131459464209117 -0.10665052668044 -0.3736842250719 -0.129062150554852
-0.0693722700155991 -0.119865116154781 -0.527368193690806 -0.386954549658558
-0.26674573203173 -0.167203021737285 -0.520584707669218 -0.155351937855755
-0.293354575244769 -0.136401690822997 -0.321713260281158 -0.0160870052200921
-0.306082145893761 0.0647632783831778 -0.113047738356859 -0.00958221213942747
-0.19236516851783 0.22951710703379 0.028202486421932 -0.0295794337338033
-0.0440580586954539 0.26328303771358 0.0728008969546316 -0.231567039531293
0.0537131974506471 0.241301583353597 -0.0445173132464115 -0.350221481884453
0.146290478744338 0.197899391612331 -0.162988881177339 -0.397325647661899
0.160006105256302 0.191438738675224 -0.230638805323516 -0.382632145576706
0.184468127760057 0.200424229007173 -0.23175663231022 -0.371668605902917
0.129626192034986 0.294578736285786 -0.153686321262955 -0.352614857221946
0.00339755112524793 0.330612255556761 -0.0450877868823505 -0.276276979229601
-0.162909801473298 0.369041342353016 -0.0469065430698291 -0.0784844097255433
-0.355826849278257 0.192087613206402 -0.219798251725229 0.00969748026774954
-0.396606295643258 -0.091332673349357 -0.356486140229367 -0.0715731425550723
-0.345923789165857 -0.181400268477397 -0.449753741031251 -0.297485100719118
-0.431423172963806 -0.227565444984081 -0.40747854575857 -0.114334019025545
-0.466270655012225 -0.176107344526654 -0.260247504650393 -0.0324957535645654
-0.469604182203043 0.0994585072227397 -0.130513531230264 -0.0309518882828993
-0.328897195528059 0.339915941607553 -0.00628726040058413 -0.0209611185202623
-0.116238544774962 0.424407978011099 0.0545308118869746 -0.168524421362544
0.0532987775000953 0.410728059978514 -0.0218609031684443 -0.253708621537056
0.202264509980683 0.344271638681251 -0.100271569666975 -0.292368196474793
0.223777824909562 0.315823444880781 -0.140557598763436 -0.273636478402953
0.258919010233802 0.310804176290413 -0.152158056472834 -0.256277709250576
0.19108232972648 0.436877020973745 -0.104257252923485 -0.249385814173052
0.0181894623287924 0.487989119685845 -0.033121103586137 -0.200673856703348
-0.200300156341794 0.546819562588298 -0.024906085207346 -0.0322724453822543
-0.473791393359388 0.343205779164192 -0.189936621386765 0.0527560739993168
-0.591710234579357 -0.0276601386993277 -0.280364425274552 -0.0233928427961514
-0.567325642490372 -0.19094549315896 -0.289100136782921 -0.197000306356106
-0.543220077899073 -0.25484037274763 -0.235797403055257 -0.0199762420908527
-0.601970276437211 -0.184344484250619 -0.142708612783431 -0.0119531694383892
-0.594635342546889 0.144341399768261 -0.114900179690185 -0.0441961694446786
-0.425152477789386 0.433682711300971 -0.0441115264925441 -0.0101071372490912
-0.169245044354744 0.542704398366578 0.0155122737187779 -0.0711256201181092
0.0502551677378185 0.528814741396599 -0.00557424772508143 -0.105056160003847
0.231842902998105 0.439775761444294 -0.0255702821381365 -0.134483598317234
0.253415096093116 0.390289115729989 -0.0283267096355238 -0.125796398835585
0.291337782556494 0.372783736109668 -0.0428738562481774 -0.112276210143785
0.224406034083099 0.508997319581957 -0.0251346201452969 -0.119040972239793
0.0317768437699362 0.569737668916802 0.00244305236374099 -0.100554196751702
-0.20171233004424 0.63913792263048 0.0105579213298567 0.0125885074519233
-0.510487264849279 0.434460849677501 -0.129308805693651 0.0736636353664323
-0.679650992827624 0.0374505911920312 -0.158920363566396 -0.00239767841895169
-0.691004284838369 -0.165593161437233 -0.0747275592864102 -0.103995236191557
-0.583216918184983 -0.236948561372253 -0.02490434885899 0.10352303154476
-0.653934459246965 -0.14936346976168 0.0185626998163701 0.0378076857920979
-0.630487765881339 0.186267528684021 -0.0667536390798026 -0.0355369017836764
-0.442158053067264 0.472306467861071 -0.0711853742956406 0.0153813622995333
-0.182508874185346 0.576852310243418 -0.0240502148940002 0.0544275816516216
0.0496811375421497 0.56189766700006 0.0154150680132454 0.0748316038892374
0.22977739871568 0.466167115126897 0.0556907969855094 0.0504177197779149
0.244172288943762 0.406110257279242 0.0871722540578847 0.0389286250865684
0.272948662332226 0.381857931548252 0.0733326023543564 0.0404308862366272
0.204432166310254 0.506972727742618 0.0633024352545436 0.0204267898761822
0.0166734096625736 0.558077675532243 0.0453835174817149 0.0113327618813944
-0.199004358067226 0.606006824058295 0.044016580490985 0.054517774467894
-0.474135164613437 0.424010707785263 -0.0610356563129338 0.0732893947935234
-0.649005630891536 0.0709149187038028 -0.0253394670402303 -0.00873023951096461
-0.699029563614471 -0.120913194008583 0.152466384329973 -0.0282054276675955
-0.531003768337049 -0.170295501851007 0.195925176963648 0.230187587306512
-0.583389898606811 -0.0757788721573106 0.190656611674409 0.0959800118905209
-0.533599800917868 0.20327484757059 0.00277347708437659 -0.00541086127750159
-0.356843064532697 0.417421988559286 -0.0739853016951839 0.0534760928506591
-0.152983029633923 0.497158476628518 -0.045320585687304 0.179245246222076
0.0449491792095541 0.490469928755538 0.0469699664173567 0.248614989071252
0.193882154189682 0.413153612639198 0.137217109540551 0.228651572901693
0.198765335130741 0.362051080908398 0.190134181250491 0.196530255960059
0.21035504014626 0.343055259109891 0.170798175746961 0.185807445225689
0.139276881904323 0.439392204375371 0.129624760880808 0.154679348921144
-0.0263444594840131 0.461162438595776 0.0677105002238219 0.119445206583378
-0.194593752141269 0.461907610608022 0.0538128421750521 0.0894761960705194
-0.376843050956122 0.31825919430726 -0.00756396147221771 0.0597654219088868
-0.515474376964391 0.0613572381145679 0.0868539824715817 -0.0240496832867028
-0.596151467013835 -0.0746127791638718 0.350297536724625 0.0330166214107369
-0.38631076214787 -0.0737078560869359 0.388171234826381 0.329872957637663
-0.391949844676866 0.00560344405153953 0.338463728999806 0.138706507881552
-0.321590040893359 0.173087626323222 0.0824527241754542 0.0275489528935547
-0.203900803863935 0.268550294944519 -0.0467605542671469 0.0826148918343076
-0.0985976944780875 0.319367137599364 -0.0404375073987813 0.267679587443914
0.031884921490494 0.331405212258569 0.0869801142549299 0.374193360811853
0.126050622359698 0.291565479649301 0.206409484253714 0.365951306825058
0.122425874027756 0.263158063621896 0.26538944396436 0.323829343865197
0.119176928593446 0.256981317028772 0.233553808252923 0.308088089486204
0.0580103922036563 0.312426443578771 0.1543301874935 0.270621347893727
-0.0630380325843587 0.301456682042849 0.0532100873078543 0.210612083009051
-0.162210674387018 0.255228259803744 0.0324117535407941 0.112311566654405
-0.233106964987366 0.172012799046573 0.0248412582772956 0.04176673088496
-0.320760329849416 0.0458673424615202 0.164088794775671 -0.0304203967524027
-0.414841600172328 -0.0222328515173779 0.490977574029655 0.0813298786540106
-0.16880966750217 0.0268900491543366 0.519736413097822 0.382606018471581
-0.127226160581015 0.0620801901264176 0.440660192779067 0.148861343215441
-0.0640917798629967 0.0866622452898394 0.159592365475259 0.0389572975342507
-0.039370402484741 0.0626188632469576 -0.00192760548333414 0.0829490022763355
-0.05010381486547 0.0933117142570049 -0.0181014663929687 0.299981415526234
-0.00101302687665198 0.124557388804665 0.12239663112305 0.426554773806392
0.031251241902219 0.128251880188996 0.250740054564049 0.438239178819454
0.0275793476538322 0.123942874597104 0.300804528890184 0.401773977269937
0.0203678656860883 0.128520471687644 0.251217293690579 0.392491880506975
-0.00878340931546324 0.141326787227467 0.138212692870007 0.354751089219049
-0.061754843601092 0.112875048590215 0.00840300659170966 0.271813023426204
-0.077456917903074 0.0518271572956494 -0.00811526257413133 0.115879689634026
-0.0572322588196899 0.0540388145742503 0.0452872521491669 0.0220208263965101
-0.105328581582899 0.059635403774588 0.208132342658087 -0.0250640623784773
-0.19433058778342 0.0479533892627309 0.559328961435646 0.112913108482155
-0.0704634824638224 -0.0898432134215904 -0.555471823961252 -0.106935636832815
-0.104238167935288 -0.087015900633244 -0.320069662024596 0.0391935328587889
-0.126836320957003 0.0255700870367678 -0.0721927103891061 0.00514863846674308
-0.0500048780888853 0.102274508712188 0.0445520913730037 -0.049320167993087
0.0233930469670092 0.0799897974812002 0.0435769083913892 -0.25801707945547
0.0402155391642752 0.0500055417424455 -0.0958240504049037 -0.374186062288061
0.0653066121765776 0.0253744592831787 -0.223890799901481 -0.409242020377995
0.0724718491674447 0.0295607391711441 -0.296696243981666 -0.401618112250552
0.0883656320004634 0.0423075108294303 -0.282517835932209 -0.403064655719369
0.0706689423722073 0.0922639661868408 -0.181027735403628 -0.385344236664591
0.0212206276125077 0.121094369695898 -0.0531391662948183 -0.30067641592751
-0.0604208701056695 0.155195317939633 -0.0513261984745476 -0.112454320094489
-0.156513077779578 0.0491500619714923 -0.197779014343302 -0.0265168528598876
-0.131464272559538 -0.0966525401328932 -0.364736842347304 -0.109323213604588
-0.070186323564402 -0.11234689131178 -0.525373134424391 -0.347708614697549
-0.261931027084554 -0.147655857645288 -0.510756248669729 -0.123980541875064
-0.287443218940525 -0.12018494446999 -0.310522198561839 -0.00144680201916131
-0.288706733646936 0.076405067027764 -0.109130830566019 -0.00687172115447435
-0.174415074343985 0.229238383711004 0.0257549582174735 -0.0299059310929473
-0.0283880056133841 0.254658723232997 0.0544199803634884 -0.225989669258621
0.0643366221652817 0.230113477810932 -0.0630239147566267 -0.335231479433374
0.150050119923443 0.183314552707411 -0.180382414947443 -0.373949386534053
0.163186779156292 0.175563623437721 -0.241885102105572 -0.356193385035658
0.187605451417987 0.18269936744928 -0.242793832355142 -0.344278459942443
0.141319727605067 0.276930449175902 -0.165759986579595 -0.332260506969471
0.019609009184578 0.319327673483548 -0.0587620820307951 -0.262577858735971
-0.138081482922164 0.364971170888147 -0.0469816224019326 -0.0738384003103355
-0.334423743616593 0.200317099021551 -0.208166265397142 0.0228799517609867
-0.386668691763189 -0.069875104415512 -0.346434839780053 -0.0550646017244329
-0.336379103589409 -0.15909063424424 -0.446910454342339 -0.267254170785851
-0.422880028893664 -0.19603899672882 -0.400704506336999 -0.089908473605419
-0.45522004902 -0.150804993959405 -0.252836496616281 -0.0203379940456064
-0.44180177446746 0.116971705462943 -0.127003065216776 -0.02713483765003
-0.299528655155925 0.342154368896924 -0.00826482278852837 -0.020456938711021
-0.0886884941927248 0.412211205891313 0.0396248593127473 -0.165099590746635
0.0735706418133011 0.393404846079801 -0.0359025945496365 -0.242749074326299
0.211831892769116 0.321747765945674 -0.115600608156955 -0.275892570787477
0.231441989481816 0.293513768763531 -0.148828589377294 -0.25671720354412
0.263880685743716 0.285878465823233 -0.158824248938403 -0.238322217920599
0.208005498073414 0.409818312448659 -0.11388712767218 -0.235197214929507
0.0423765406313356 0.47069655393093 -0.0433262340635449 -0.190274297219272
-0.163942734011749 0.538779697002589 -0.0232298569201243 -0.0310970679992491
-0.439270029295396 0.350429583551459 -0.177826026326985 0.064104913142726
-0.572284493775615 0.0002992676294837 -0.270320633147318 -0.00897034928772874
-0.550083234229581 -0.157857617946594 -0.287000671018129 -0.179053067371978
-0.532246404217449 -0.21667935149694 -0.232235549851669 -0.00860377886026462
-0.58808429089576 -0.149931794037487 -0.139233129275422 -0.00628734316373432
-0.560977653427446 0.165928074968803 -0.11258936873324 -0.0407505905503252
-0.387508344538086 0.435761130259408 -0.044673014856894 -0.00931745301365986
-0.134131044438618 0.52983477925841 0.00663765700247467 -0.0704770526572708
0.0772226876074442 0.506487045757396 -0.0121576542806127 -0.0994964963087962
0.243596182760406 0.412079025848206 -0.0353664192536242 -0.127092207888967
0.264452897062494 0.364707346728899 -0.0340480271838861 -0.120727590340848
0.297337548016494 0.343977659799535 -0.0465789481109522 -0.105313480466516
0.242125386700996 0.478854990886375 -0.0308510206434419 -0.114011823689578
0.0586948586422463 0.548832938962975 -0.00358786782793815 -0.094646065659693
-0.161742362533194 0.626526804196613 0.0135182746398066 0.00973204097811469
-0.472530430374698 0.439995682747208 -0.117990883432887 0.0821947652970679
-0.651453119269126 0.0672033413836753 -0.153821368077019 0.00586717717313088
-0.666911694877469 -0.125637376837969 -0.0766463749495083 -0.100673205261104
-0.569463510794892 -0.196779533033912 -0.0243573824063795 0.0999149842424838
-0.635079689765732 -0.114263042915089 0.017913792143605 0.0336596183532271
-0.59296327418336 0.208398393244419 -0.0657627395140537 -0.0345774074080285
-0.401664849364339 0.472689643332069 -0.0698548937485999 0.0163121349258886
-0.147190769559148 0.563402019984681 -0.0247862212117504 0.051444443026284
0.0778125336365197 0.539152895852723 0.0176410963116577 0.0726014387248478
0.245194471542851 0.438274825009795 0.0533761909759565 0.0467033933667059
0.256419221436915 0.381222061906738 0.0858629046138877 0.0310377202753031
0.280613920801879 0.354286353932289 0.0724782011128659 0.0353149523951901
0.222804517397438 0.477457699700253 0.0609039957395305 0.0164719658671227
0.0432360740677732 0.538230350665821 0.0433385822393256 0.0113916334074765
-0.161662728447203 0.593831634204704 0.0469055138616912 0.0481756773532356
-0.433369699470344 0.428932588633464 -0.0536826007143611 0.0781655386610724
-0.621157037228304 0.0960134680661981 -0.025824103987663 -0.00458590150016392
-0.669146900881101 -0.0851357021406762 0.144759873708439 -0.0387281644537376
-0.516621866483119 -0.13641286856018 0.19368928502214 0.210799222417743
-0.565499966053989 -0.0457056218599411 0.186764420415811 0.0822542587812445
-0.499256842391637 0.220223455590405 0.00265456501115504 -0.00801122965088557
-0.323762850715028 0.417533891006595 -0.0709985692989602 0.0530991717447786
-0.121996035218664 0.485525344401316 -0.0384000830244357 0.172564635554984
0.0687930650991103 0.46990376870946 0.0578003241774593 0.238596227776971
0.20870411432188 0.388253015054975 0.140995423770717 0.214218268089285
0.210076039073126 0.340698951183634 0.192345464066396 0.177726123758284
0.217913969506628 0.320841863632056 0.17379690505811 0.169585980309216
0.157636556597506 0.415233928071823 0.131771052878637 0.142082783079813
-0.00170859474721375 0.445728084722331 0.071160197838183 0.11456501455741
-0.163400831610096 0.452914623079644 0.0568147912339586 0.0818726260788148
-0.347009557568732 0.323163589046812 -0.00381500110715449 0.0621048733153393
-0.494792421981257 0.0816857003415149 0.0815463525122391 -0.0237056933664231
-0.572124085600851 -0.0448785867185536 0.339496738564106 0.0109816517509364
-0.374525354104253 -0.0498915698392304 0.383749257693405 0.296317023824153
-0.377616326779535 0.0248333400092916 0.331686014347167 0.116526939239937
-0.2987297117519 0.181386724280411 0.080949563411749 0.0216418765219378
-0.181192365372521 0.266973942841864 -0.0436237920777552 0.0804428130540184
-0.0792494102287514 0.312591630132786 -0.0275810183860455 0.257618434671508
0.048507938958639 0.317852138609994 0.102860508520498 0.356699397455061
0.137037495347787 0.274554901950745 0.216408726905467 0.343137681105923
0.131746678441745 0.249461318291945 0.271134884976458 0.297011118181546
0.125503940301669 0.242762899931924 0.240799561891923 0.283913938303199
0.0722369230553193 0.297053525402479 0.161976861087269 0.252900102291215
-0.0452609075796463 0.29242330378911 0.0619504521738377 0.202191643458799
-0.141157459139341 0.253443878283203 0.0362899844809708 0.104667039968793
-0.213282474227836 0.177206107088725 0.0252176951221542 0.0418887232755513
-0.307238377199803 0.0596491020453287 0.15554820397037 -0.0342859436086137
-0.398232778346362 -0.000754180650472867 0.47687723597339 0.0507842450073902
-0.161224338824868 0.0356018688854611 0.513826947763538 0.342768915264465
-0.119701187489445 0.0684835236398424 0.430598991240291 0.122142548129321
-0.0561432958040519 0.0857699149666853 0.156166577320503 0.029731475279789
-0.0338223430296718 0.0610894991274249 0.000152886998869878 0.0790427341977496
-0.0436830585211506 0.0934341460111663 -0.00277266930475054 0.287521651171364
0.00544715304197327 0.119712873654651 0.141113829650656 0.406026765446731
0.0372055608588021 0.121813661547265 0.262982186255374 0.408109056138616
0.033795814013077 0.119919191870161 0.309556802446302 0.368877137402023
0.0246584307557374 0.123729847714314 0.262573268657086 0.363635541548561
-0.00151731962726127 0.135565875990504 0.152006330301409 0.334689981530632
-0.0531224853688587 0.110649952122207 0.023140635861582 0.262257758519192
-0.070155312940423 0.0535483714688536 -0.0028432857043093 0.109877494719474
-0.0492051882200225 0.0561118977636411 0.0431288743631954 0.0196912885839181
-0.098713545395836 0.0632101880382188 0.198596628603326 -0.0311090483369282
-0.18458116898756 0.0577650288839608 0.545630892863662 0.0787848360213243
-0.0601733423841818 -0.0858396590519794 -0.536290849233898 -0.121943207052466
-0.0940859112198268 -0.0894034183750802 -0.311981760792155 0.0294160176345794
-0.124609925046495 0.0195413339408514 -0.0688502236992236 0.00588627922876814
-0.0529297183526367 0.0960694859168997 0.046478019729379 -0.0411163433913805
0.0168588867005295 0.0777296200786883 0.0487313370482904 -0.242827421476047
0.0347198166034508 0.0510463071179962 -0.0824292157689615 -0.358875686709952
0.0600602366819492 0.0229070097952669 -0.207521198680014 -0.399102618888592
0.0691787237136211 0.0289472068004116 -0.280057190412049 -0.388221910468238
0.0835696991385287 0.0388127074393221 -0.266982241346089 -0.390842727307235
0.0661765025923198 0.0896488440604332 -0.171003448255707 -0.372038769814791
0.0170993539793509 0.119294374233192 -0.0488732713303255 -0.288055119370467
-0.0635996042337723 0.147135380322483 -0.051451078185183 -0.104770389757888
-0.157528347374909 0.041182197943319 -0.189868553541768 -0.0345640225879069
-0.13086521969263 -0.100190049708138 -0.342560896425141 -0.124804359182292
-0.0711938055030116 -0.109677632603738 -0.48260066037846 -0.35653037252765
-0.244376380251539 -0.151877495878066 -0.498955153295545 -0.130522322028657
-0.269690178585321 -0.129428972240845 -0.302111906647339 -0.00454152820464036
-0.281935921268586 0.0615544672664 -0.101291776485685 -0.000627404497673366
-0.17625121350564 0.2115363530112 0.0280503307509321 -0.0166199353469907
-0.0396692396800323 0.242201633923879 0.0630378885716692 -0.206382469398794
0.052633464222997 0.225146132874455 -0.0466840252721818 -0.318643245560164
0.137031258962265 0.179260196769651 -0.163449952333641 -0.361397975473314
0.154671068179996 0.176869956008197 -0.226046940376867 -0.343753103904695
0.177014018432787 0.179462954927903 -0.229397172897326 -0.332746734285985
0.13338517308718 0.272841657560196 -0.15885735467112 -0.318022199601569
0.0115431215215628 0.313864410110953 -0.0613548181905606 -0.248007168113652
-0.142013217730299 0.347931121837385 -0.0570637209596781 -0.0626060737147041
-0.334071560420895 0.183501980318638 -0.20895231298793 0.0106872967876189
-0.378696848817998 -0.0783926768515459 -0.328634666141364 -0.077771248738602
-0.325973685099156 -0.157726736713466 -0.411441024384411 -0.287206132557163
-0.399552668482568 -0.209155196136123 -0.398871245482176 -0.0881233310227384
-0.432043130427603 -0.165535962322881 -0.24540675056331 -0.0155733261431863
-0.431602676070642 0.0927850857528705 -0.116351641568248 -0.0149665856963069
-0.298606636333843 0.313702373501205 -0.00479532995030523 -0.00213715260244091
-0.10429758878736 0.39120772744975 0.0506467179652596 -0.142552385644354
0.0574209839599447 0.382474485413448 -0.0195423440714253 -0.227095600635368
0.192549430039627 0.316101390912118 -0.0986320126607615 -0.263521254130482
0.217534460983553 0.297104063019626 -0.137939968593978 -0.245664237318841
0.248522938869132 0.283441716008896 -0.152319655304969 -0.226789192552118
0.196387368274045 0.405064284927225 -0.112046515872907 -0.22094611254935
0.0298640254599654 0.464367736263185 -0.0527569369023888 -0.174601383640208
-0.169566761539751 0.515099767019565 -0.0417889074093812 -0.0170082008767187
-0.440620537281542 0.32749987673601 -0.186076121812595 0.051957314273267
-0.557986135562447 -0.0158615778756304 -0.262089092985118 -0.0353164796795651
-0.529236635458173 -0.15922830657769 -0.263994880882035 -0.201733529022845
-0.505603478975271 -0.235779200331099 -0.243254724764974 6.31148084535427E-05
-0.559866740804565 -0.17333367627341 -0.135880576623551 0.0053698114617207
-0.547730880771474 0.131784187265653 -0.100621787372105 -0.022443156219649
-0.386708613140008 0.39917993781538 -0.0400939040544918 0.0125641982988738
-0.150777110095756 0.500096340131511 0.0201892844746776 -0.0497137790789558
0.0588770788557358 0.492989376808746 0.00313169533267144 -0.0886438520617631
0.222437618725244 0.407863693040817 -0.0217749312947497 -0.118298045870132
0.247650416074885 0.369891997061033 -0.0283910813839898 -0.113416420973035
0.279464785779587 0.342897592440155 -0.0458811156206006 -0.0967669092800052
0.229689303821074 0.471745545803709 -0.0352074465844742 -0.101253973336382
0.045943929671684 0.541001575950162 -0.0186136706094361 -0.0793352992327507
-0.167566571376142 0.599447004019712 -0.0110696645314026 0.0251570080890985
-0.47246261877354 0.414697600723048 -0.133445380532736 0.0726202331572941
-0.638074485584243 0.0483707814505739 -0.152310933731782 -0.0167907398984944
-0.63971992668135 -0.13078271341915 -0.0693628525299795 -0.121917546695745
-0.542931619026403 -0.221082732325091 -0.047412256247172 0.114518726084352
-0.608793295987409 -0.141359801869165 0.0148492767426385 0.0512456131966855
-0.581339972126158 0.171741500347201 -0.0542310993584425 -0.0133178354119717
-0.400606127967194 0.435001250331796 -0.0650038599053308 0.0375245177470536
-0.162499137705404 0.531981430636917 -0.0118999626160976 0.0658997936094876
0.0584474887554917 0.52273534714861 0.0290520920174504 0.0765653417998339
0.22349762655709 0.43298813232537 0.0613384791699695 0.0516903087508075
0.24002184831382 0.386360183894121 0.0841143910619737 0.0345181551097528
0.263312720317188 0.354208140081648 0.0665615222503009 0.0402248069285153
0.212266399407308 0.472914714239114 0.0517047169572993 0.0245523106354518
0.0309525084751119 0.529929121705829 0.0247627886433999 0.0230419247821124
-0.164188022435166 0.568970141458405 0.0203349889284142 0.0616070149054293
-0.433373392983592 0.404921936726633 -0.0711850812204653 0.0718841879162382
-0.603581861892172 0.0773329070755571 -0.0307643207485863 -0.0209542292885093
-0.641196818274331 -0.0907871069681758 0.138211539366528 -0.0537222831825106
-0.495482404076662 -0.160771656068311 0.160889714540002 0.228568000818297
-0.546439686840428 -0.0741895231634907 0.176239338470251 0.101441311326911
-0.492409308072226 0.188398085845218 0.0110762534176168 0.0116696706495163
-0.322900687211299 0.385890874536378 -0.0672017655922053 0.068839827592338
-0.134125176364861 0.459032597842665 -0.028751965677326 0.178141417238308
0.0533134115173039 0.455375755233059 0.0619326274229823 0.23390608596567
0.19038854133651 0.384890598829269 0.142231133892481 0.213629670125184
0.196264072244123 0.345678106139813 0.184518277990057 0.175695524133934
0.204887903085591 0.321555415940293 0.162646386831863 0.169407522427682
0.14931428924492 0.411067517384753 0.119792005450962 0.145257994163986
-0.0099550005826473 0.438262398121881 0.0518416296148861 0.119700864557173
-0.162422682371071 0.434756385905047 0.0331262507542052 0.0888537186627918
-0.342798591740417 0.304362648350514 -0.01988159900799 0.0585343452583825
-0.480193528977927 0.0676795850866348 0.0740054547307705 -0.0302969274155872
-0.545195741142686 -0.0497428674256863 0.321304228880765 0.00486427406368291
-0.361831403384499 -0.0721071515085524 0.34738590811257 0.315093791342117
-0.369087327143718 0.00437932943597588 0.315744373097383 0.134067205391619
-0.296717193138775 0.160258408596035 0.083638357579185 0.0351159015237777
-0.181872094235257 0.24673406739491 -0.0425913837728929 0.0878176919410817
-0.0858939337665097 0.296142780395492 -0.025534903431876 0.254334151898245
0.0384517411467145 0.306842158661471 0.0987782394697723 0.345217924888074
0.125848064018171 0.27405954441717 0.209455144343163 0.336837951807661
0.121948707867254 0.25284966030394 0.257630968675424 0.290309363317639
0.118215011781755 0.244067809259398 0.224939761336309 0.279037705366713
0.0669314020624266 0.293348074429825 0.149316456727884 0.249804573895562
-0.0491136388602995 0.286780753772286 0.0465358386586778 0.19947467961742
-0.137842605257147 0.241520246550224 0.018357488294137 0.104545715744688
-0.208987380014445 0.167233780053451 0.0135556955755005 0.0402563253450659
-0.296251817496046 0.050741878829856 0.146318696166003 -0.0327175536057784
-0.378455789918303 -0.00566620906174615 0.451572643085585 0.0545321314928499
-0.159781286583332 0.0210754663767651 0.476384466289722 0.355191633233582
-0.121851427122567 0.0584877772283871 0.41175590676012 0.135753126496294
-0.057845710416114 0.0793683601246039 0.15159122325155 0.0364469874077697
-0.0333498110385356 0.0555198658371043 -0.00373799066494657 0.0773321090085561
-0.0426004652665295 0.0871714818870991 -0.00821483617929501 0.276739611385504
0.00418967784155944 0.114436377818642 0.128370171098352 0.39037622366715
0.0342834304313644 0.123189823155459 0.249825462537682 0.400748677731311
0.0300248022494018 0.122342178596297 0.292539619007011 0.359249102882552
0.0233820172735748 0.126282178670948 0.247296980696744 0.353472347641675
-0.00201835583355554 0.134366973343562 0.14089092895353 0.324483087016808
-0.0526281240136975 0.108041294559928 0.0150290828310473 0.252325884269785
-0.0661161162564859 0.0507851261436541 -0.010675528931077 0.104250311238296
-0.0458563490160622 0.0544450224616659 0.0366976634959751 0.0210497823558529
-0.0945743033423213 0.0602304766163606 0.188841168490992 -0.0224934731827669
-0.173727106561617 0.0533293095939593 0.516123688436353 0.090413825893509
-0.0575039210708982 -0.0856566186236682 -0.529626652218456 -0.118663516315521
-0.0932188216914748 -0.0908972196472241 -0.307427418665253 0.029242466978304
-0.123085754268885 0.0193877113692465 -0.068765198251879 0.00382039394228008
-0.0532453008657709 0.0956385198232185 0.0463700541181899 -0.0405319333464762
0.0166918923609104 0.0755337579116166 0.0456800307372306 -0.23800595351043
0.0342461454894401 0.0503751906705409 -0.0858469953303848 -0.353462195926921
0.0582413679007305 0.0224876712168769 -0.209289433964428 -0.392897444879798
0.0674978934466769 0.0273931906870278 -0.277499391283038 -0.381421185402566
0.0831173081912695 0.0363647915145854 -0.26342177466532 -0.384452631906606
0.0670200039747917 0.0885115646866157 -0.169636222939473 -0.367354587665985
0.0172331187878425 0.118687794135009 -0.0484436165097051 -0.284258478828874
-0.0631151903482302 0.14593070876319 -0.0490182719773688 -0.102712327575337
-0.157603859539855 0.0394537731389309 -0.184757168247002 -0.03331024534839
-0.127906371454078 -0.100044160440548 -0.337239513112039 -0.126780177351313
-0.0683199709363737 -0.109379354586916 -0.475740123029541 -0.352860936754453
-0.237438824796034 -0.148911588320822 -0.49325484022003 -0.1275633456762
-0.264855327275996 -0.130834069770692 -0.298083202860166 -0.0052882167824305
-0.276179250707116 0.0587574027504496 -0.100729962572621 -0.00345456272566477
-0.173449798342035 0.208847630676618 0.0273145217655539 -0.016719190861073
-0.038180779590642 0.237988473569956 0.0585372010881967 -0.202607005745842
0.0530656453939494 0.222139647702063 -0.0497917534030898 -0.313148085346122
0.135983756834611 0.176670861730198 -0.165681879403158 -0.355738359607173
0.152983172187698 0.17392089288186 -0.224653352805298 -0.337597269682415
0.174497256671435 0.175485556309851 -0.227238005632148 -0.326388566822779
0.133446507328507 0.26903133614119 -0.158183179465932 -0.313635007592829
0.0122259527247497 0.310964553915269 -0.0616529006628519 -0.244083010388356
-0.140082161106599 0.345233343088042 -0.054473951542598 -0.0629917653810502
-0.331353185004516 0.180694146006738 -0.202603668550807 0.0122547784715038
-0.37349058750453 -0.078961663056888 -0.32395338331812 -0.0788982475864644
-0.318258434014795 -0.15727980821851 -0.40548844260848 -0.285068630772243
-0.389097293687673 -0.203313472861391 -0.396084323478167 -0.0858262004582336
-0.424348475359083 -0.166566605578349 -0.242421510280787 -0.0175981381749939
-0.420944140493652 0.0897750467600772 -0.11594323707706 -0.0188132679087706
-0.29451872180597 0.3078960060044 -0.00571207458796502 -0.00279523198973232
-0.101610176194207 0.383303873878979 0.0462193428929686 -0.141197975434485
0.0582621545146876 0.378013308222554 -0.0211982688086727 -0.223167668492844
0.191931967088058 0.312343860689911 -0.100763212020236 -0.258266942796595
0.21620944884868 0.292351459323873 -0.137995024474029 -0.242499678151979
0.244996136182038 0.279581164593806 -0.149769697409088 -0.22311662828741
0.196530865884917 0.399103498936605 -0.11235850235616 -0.21924402104779
0.0316635783742469 0.459278595148763 -0.0533073591070718 -0.170146831792143
-0.163665166203937 0.509557335632491 -0.0399105164066672 -0.0182812145805421
-0.436909057447776 0.322763954714491 -0.180197100331734 0.0539041730475407
-0.552440280201528 -0.0171440295712999 -0.257205745205949 -0.0354886064731798
-0.518386707723865 -0.158427412163843 -0.260470624159159 -0.201697581256634
-0.492403886911932 -0.229830831547496 -0.242962173421923 0.000298100242720004
-0.550050029676072 -0.173240888865769 -0.135462124860759 0.00318412941035353
-0.534394545059628 0.128310671506766 -0.100666262068688 -0.0267392443688542
-0.37940230333951 0.391974139284512 -0.041875583765158 0.0110804105999716
-0.148420803335574 0.49296157337403 0.0149585109660986 -0.0503273756737826
0.0599215966291206 0.486484026000641 0.00232182710909411 -0.08745210817714
0.222581132787482 0.402557543614923 -0.0236962379936626 -0.11475988768374
0.246521851793339 0.36522089069914 -0.030036617246634 -0.113190028914469
0.276488877111329 0.339053034502488 -0.0452060424251865 -0.0956427445399916
0.228806986416262 0.466230748700357 -0.0359190391411606 -0.100728540458981
0.0458519372834335 0.534988547454683 -0.0185790030555649 -0.076193692472791
-0.16254600632539 0.593481745970698 -0.00943394169964395 0.0226052459878687
-0.466167410615895 0.407670228007282 -0.127830332870531 0.0748573796573907
-0.627904656716925 0.0447464533120497 -0.150418336367102 -0.0158382516004665
-0.624263981623909 -0.129748235340995 -0.0680923211426392 -0.123615916178227
-0.528501698204019 -0.215350251064974 -0.0509555590340436 0.112595425858704
-0.598881999532569 -0.140920725018351 0.0133245361274344 0.048513676565536
-0.569570329386215 0.167213465828095 -0.0551494404336692 -0.017375186397519
-0.393394493923799 0.428592915014745 -0.0666438377385247 0.0357608045789648
-0.158816035845398 0.524668363091441 -0.0160255533472208 0.0622432476448921
0.0594978117604907 0.515545846527551 0.0285884121810163 0.0749277867701537
0.221725673868018 0.426727876666311 0.06004051572289 0.0517882222937878
0.239391782031859 0.382156124496409 0.082043953396971 0.0315963155437104
0.259238695717134 0.351646634935479 0.0665144976092365 0.0389752203620752
0.211443581512439 0.465058453915331 0.0504529407649013 0.0241157705703777
0.0329418221738357 0.52465341240386 0.0245745062810897 0.0246596995323297
-0.157652972954984 0.561588072025254 0.0205783459985475 0.0584022280825479
-0.427478486243022 0.398591106652324 -0.0671009744865514 0.0750305221334015
-0.597041606385542 0.0743764242065366 -0.0307572157617413 -0.0177224560585194
-0.628876126856124 -0.091693950908634 0.137114048530553 -0.0561270459214972
-0.485123344735755 -0.156105266303683 0.153319270652939 0.224953440479608
-0.538634737759411 -0.0716998425142115 0.172968689419346 0.09866519623881
-0.480713552127832 0.184865246313103 0.00953199721624883 0.0080258112944039
-0.318188186286012 0.379584864672532 -0.069232971127025 0.0668978411370722
-0.131146702953611 0.455100599147392 -0.0322505849003069 0.173223715193472
0.0561904704911621 0.450637009026585 0.0624395994124106 0.229937894718666
0.189433062233729 0.379446183272937 0.141344824717839 0.211092666102273
0.195599132292093 0.342320223368674 0.181347884012073 0.170530985906216
0.200970733713936 0.318621020943686 0.160956323598902 0.166757424210996
0.149371950065136 0.405042648696605 0.118389530293765 0.14274712895619
-0.00905080462762353 0.43285471561327 0.0526023355117773 0.119505148774888
-0.155837992719518 0.427875221907401 0.0322215548390912 0.086068778843907
-0.337568538275189 0.298396774402891 -0.0175166462100023 0.0609722716793248
-0.473031325826935 0.0661526948946585 0.0723236677680281 -0.0269543811373362
-0.534282288077914 -0.0502040024851355 0.31724178269677 0.00141361031809002
-0.354176891534591 -0.0687489670816482 0.336672694835329 0.310750961805751
-0.363911675913345 0.00514511207608067 0.310179809884641 0.130980114516536
-0.289730800310348 0.157311298593858 0.0814074250249452 0.0324582743693753
-0.178054335045286 0.24264285665039 -0.0447253748680413 0.0855292477133981
-0.0832208297255562 0.292937625297416 -0.0271124613889365 0.248033066869457
0.0408948451423163 0.303190750691086 0.0990514708884161 0.339898181662444
0.126345491728141 0.270224057391743 0.208554312315511 0.33180523023467
0.12236946271961 0.251121730726419 0.253964840414086 0.283536786457157
0.116328685733599 0.242968936322104 0.223841216959878 0.273566101433427
0.0672761070358919 0.288518793180492 0.148617255866289 0.246200732759705
-0.0470179239496957 0.283463057128555 0.0479268029946767 0.197932773418728
-0.133123569395659 0.237688671211012 0.0177688165190949 0.101592517358587
-0.203093396804246 0.164216119394645 0.0137646791048686 0.0420753050901366
-0.292522289711004 0.0499273654221096 0.143822365369716 -0.0293974368452134
-0.370834120604431 -0.00520099340729204 0.446980847529183 0.0490137610484793
-0.157138514357514 0.0220622889565743 0.464783821447542 0.350876751449653
-0.119339801418895 0.0594936358747511 0.405261256731383 0.133021085648263
-0.0555741596463981 0.0782038083947567 0.149861742461654 0.0354110314845902
-0.032069646013113 0.0535243570794101 -0.00545457497216462 0.0753710938218971
-0.0414243751388222 0.0873414031985031 -0.00903303866074644 0.271058544380124
0.00491472496552081 0.113401659090444 0.128684374794191 0.384496881340132
0.0350891455625197 0.121456059440991 0.249181724434153 0.394508497097239
0.0310907905011788 0.1217072055648 0.288681111552137 0.351933943908961
0.0227104228796133 0.126484329618057 0.244865949833364 0.346471251609806
-0.00174708001935439 0.132428160351009 0.141845258937746 0.319545208340291
-0.0513866657990541 0.105990993101744 0.0172724518485962 0.24931593634983
-0.0633451043191719 0.0491281023376606 -0.011636276945853 0.102308709280497
-0.0420909444785645 0.054557578674645 0.0350473931474933 0.0215060508013554
-0.0933370874640543 0.0600687756706174 0.185807125743759 -0.0200979655341524
-0.170758474442903 0.0542325365699137 0.510449283130892 0.0853099883604829
-0.0564471405786837 -0.0874597311652668 -0.536354628741727 -0.118606066069924
-0.0957070131196127 -0.0947781507677869 -0.311731773855807 0.0295649500716175
-0.124810851534456 0.0192619169969362 -0.0696352982267804 0.00227792916098231
-0.0543036219406616 0.0988043527155029 0.0473427885547715 -0.0412933428213708
0.0167537069175373 0.0763017746998879 0.0437456407401689 -0.239108097852111
0.0344452355742393 0.0510749618935554 -0.0909521345295851 -0.355986526786348
0.0584767253060336 0.0227201202784114 -0.217863685376472 -0.396396639125499
0.0678109187510625 0.0263992128640957 -0.283712324108499 -0.383807470472114
0.0842267901049569 0.0350662237803053 -0.268048873234206 -0.387211377465237
0.0692429210041006 0.0891770599614289 -0.17430652129994 -0.372401819612929
0.0178352506260277 0.121235200820638 -0.0495771067422387 -0.288171136148592
-0.0637036681961245 0.149670200728243 -0.048026831616566 -0.10346925999766
-0.161691334016805 0.0402829724557661 -0.18420293954171 -0.0329533286701587
-0.130229017649688 -0.102425364052241 -0.341509713680968 -0.130321058336547
-0.0681166194460172 -0.111358466604074 -0.481834583193731 -0.355648208638982
-0.236939297331058 -0.150066673116703 -0.50010329448879 -0.127172443097629
-0.268686830469604 -0.135283513709679 -0.302360557015437 -0.00634307643610181
-0.276987435709537 0.0596738364171751 -0.103501241565249 -0.0065177618828143
-0.175583170188219 0.213069892479843 0.0273821685044471 -0.0174911605662443
-0.0381000969294666 0.240138451437342 0.0561434130139253 -0.204049418138296
0.0555040748068403 0.225112688800454 -0.0536532982896339 -0.316611973283332
0.138253008001093 0.179229733331016 -0.172166613023118 -0.357913615667632
0.156319151266264 0.175294467225111 -0.230363262495545 -0.341659007435523
0.177234590099451 0.176151639860591 -0.2318484285428 -0.329497143576392
0.138465267252901 0.271554165097178 -0.162974087515421 -0.317602325855366
0.0134321614791118 0.317001684834808 -0.0629836191993901 -0.246339754376883
-0.139682063896535 0.352094268642992 -0.0535387554801265 -0.0644009831748802
-0.337305032465396 0.18321878492188 -0.20191268146446 0.0143907388350599
-0.379898490860881 -0.0818849049997866 -0.328730495001595 -0.081250316484744
-0.319838659439818 -0.160939818353812 -0.412930814548166 -0.288256142906874
-0.388246451713539 -0.203627214219068 -0.403207461046397 -0.0858218454178345
-0.429275558229531 -0.171422930204722 -0.246657840028607 -0.0194806081895759
-0.42117116337744 0.0876456392173897 -0.119416229797973 -0.0227800917750934
-0.296493691935458 0.312724738030279 -0.0071148561804849 -0.00306036912644956
-0.100801200473576 0.388324787061223 0.0421840397634932 -0.143133806957911
0.0619671030501143 0.382937153788511 -0.0241749215691503 -0.226103097547734
0.195636058627013 0.315241889171463 -0.105213732865546 -0.260036412932823
0.221258098470096 0.294986890349044 -0.142560132219128 -0.246937835781682
0.248193762274791 0.282024186062394 -0.152613700681598 -0.225708951964448
0.202772647396068 0.403617183739104 -0.115351399504003 -0.222159458298898
0.0318668867185152 0.46716106457752 -0.0534974351356476 -0.171215416548637
-0.163448872200351 0.518643742755922 -0.0391413349651291 -0.0212241937124955
-0.44282246670291 0.328256178653964 -0.178917158014037 0.0572103351925605
-0.561551818974523 -0.0169402762530781 -0.260548091692591 -0.0362884262543378
-0.520215774915165 -0.163002814221433 -0.264451913652232 -0.205420854573332
-0.492666897131769 -0.23060595514594 -0.249535070948484 0.00132208559715425
-0.556238288968679 -0.177305303471882 -0.138667378839803 0.00139620991440717
-0.535986932442712 0.127247985127097 -0.104431742964907 -0.031436196809481
-0.382907791190166 0.396820686130035 -0.0444063995406296 0.0110689923360812
-0.14809794596131 0.498655690194432 0.0107722901525536 -0.0526714246206849
0.0646347243417996 0.49256686705593 0.00076765572339624 -0.089101275704885
0.227577980784863 0.406095474267312 -0.0250241984749314 -0.115000268969709
0.253960544633704 0.369438033295965 -0.0321951392145291 -0.116241979889788
0.278342773692313 0.343818497076726 -0.0458509249487958 -0.0969001592390031
0.236018461806681 0.471457308293006 -0.037258543880324 -0.102551921687041
0.0475080603206652 0.544184602589644 -0.0186880851859767 -0.075746295144492
-0.159258048565888 0.601719953999252 -0.00944971890976985 0.0205819008766286
-0.471440392241604 0.413754340820026 -0.125762088452867 0.0786868279431579
-0.639193182672212 0.0450316364665241 -0.152810447275265 -0.0145193908166371
-0.629107832562748 -0.134697464780903 -0.0691277180318562 -0.127394338583145
-0.531219882999938 -0.215814732629229 -0.0562140133305669 0.114649872422387
-0.607336976333625 -0.142612575091174 0.011760771095113 0.0467240893945604
-0.571083230278147 0.167732706521174 -0.0583159646438955 -0.0219454839495818
-0.397678237009883 0.433101634791632 -0.069978129819936 0.0354908170915389
-0.158860292224822 0.5324665510422 -0.0211271773645609 0.0610415218479737
0.0654363955686134 0.522707158586141 0.0287820504437676 0.0750071840861369
0.228691702591885 0.431732897578966 0.0615866622363338 0.0535368823865648
0.246252154358112 0.387127880959253 0.081582507725786 0.030090562490555
0.263570904265603 0.357096576100547 0.0671867743884307 0.0387856137374225
0.215768565248817 0.471949223516673 0.0506261183883124 0.0239774433915891
0.0337511693166021 0.532599562013374 0.0259339359474535 0.0267806110790655
-0.156397877387713 0.569204329718966 0.0206869804986981 0.0571144726976403
-0.430381514672503 0.404945048774801 -0.0646765517230751 0.0787791790419397
-0.605220210747756 0.0763759991037477 -0.0311991423317521 -0.0161070919372906
-0.631579462133457 -0.0947422831426764 0.138589285640662 -0.0603973872164459
-0.486645379766163 -0.156379442338163 0.149945317476234 0.227595204045206
-0.545428333125482 -0.0730070866911044 0.173556669995836 0.0981708090303838
-0.484975313601847 0.187011923608969 0.00761179747348361 0.00440645879817057
-0.31988430612719 0.383334185439226 -0.0723346656979764 0.0677954078991093
-0.13171806126184 0.461286394333026 -0.037088737800887 0.172744393763772
0.0611101608665834 0.455246141800996 0.0645397967960122 0.231648049606333
0.196162331030721 0.38371136419731 0.145236395348068 0.213096706266756
0.202655235544445 0.347226947312258 0.182900198136699 0.170011584313639
0.204703749968631 0.32505412534303 0.164084870936292 0.167489463184556
0.153088564915321 0.409503968703965 0.120781115503717 0.144440090158945
-0.0072491449560601 0.440559176748203 0.0542071299653267 0.122726737292477
-0.154811180941907 0.43360039184945 0.0315300323713788 0.0853542778183715
-0.338803614898215 0.303225187442702 -0.015660154168653 0.0647018488145384
-0.479765674256292 0.0659927081311431 0.0727416606364135 -0.0243875775011704
-0.537024803986381 -0.0501716485609425 0.321875666107173 -0.00389536739749532
-0.356598282216563 -0.0671337928544933 0.335752704257703 0.31345788770166
-0.369016561880747 0.00726901398533832 0.313373894856033 0.131510866998474
-0.290429528210449 0.15956005633551 0.0811270391341959 0.0308833716546705
-0.179582517901723 0.244904405342924 -0.0473116437760116 0.0867194899852435
-0.0825450197064528 0.298158671464894 -0.0302313010067184 0.248621585524837
0.043933292444806 0.307051343870942 0.102421986872631 0.342660378283521
0.130316217153655 0.272724563838029 0.215436707861982 0.335034080830107
0.127231492722763 0.255632662392116 0.257835556677663 0.283806710653025
0.118455602178529 0.248159709089107 0.22781648763017 0.275544060775416
0.0693397897480803 0.292617275572002 0.152190165419732 0.248661847733917
-0.0463599071517192 0.287513862081036 0.0508804847492018 0.201435014462928
-0.131564631556211 0.239517073960097 0.0175949286785521 0.10250404018543
-0.202264872888738 0.166770633961329 0.0140817292554001 0.0447807471412032
-0.296596534017953 0.0518576448039937 0.145434781531675 -0.026892956576238
-0.372516134301316 -0.00351275299315754 0.45303757241459 0.0449874931235904
-0.158833762839192 0.0244471614331264 0.466247761271377 0.353177675241324
-0.120155927240211 0.0624188523932196 0.40864737043939 0.133738322182652
-0.055058753344007 0.0797176565650627 0.151507210283588 0.0348988606551289
-0.0317279504304253 0.0525066461353259 -0.00793811124390181 0.0767400878339623
-0.0409046969019864 0.0892096402300427 -0.0104926678049014 0.272736241185098
0.00630254299028277 0.114720012955417 0.13345329737599 0.387580226657202
0.0370166728674234 0.122575275648518 0.256659903392304 0.396507623035596
0.0334700372825207 0.124687520512291 0.293981791259756 0.354103491088406
0.0235632938798951 0.129798657190628 0.249232350009978 0.348718242186896
-0.00168321615359296 0.134097725083928 0.146819587390839 0.323037245249782
-0.0509285905428882 0.106515647582597 0.0205049216916929 0.253276033609981
-0.0619435329126871 0.0476958319839029 -0.0123514463859708 0.103299407519664
-0.0389843810011517 0.0554676598516576 0.0342237464678307 0.0232206949833626
-0.0944768417068909 0.0630438498941686 0.187717107019763 -0.0174101480122766
-0.172137963052385 0.0566391768662848 0.518633678721073 0.0806556994353636
-0.0584011873701085 -0.0903537004759065 -0.554376722989647 -0.107648898852296
-0.102305888491179 -0.098628401741909 -0.319907877233539 0.0380019690631016
-0.128582277679397 0.0227222157082068 -0.0728415723540177 0.00256512891579815
-0.0545353738956194 0.104502412338142 0.0482392163630681 -0.0445320590482881
0.0188394325530729 0.0779657929099637 0.0381254672424737 -0.245292709741837
0.0361885060432228 0.0523255093970438 -0.106240994327231 -0.362628847141382
0.060008822694894 0.0220555238211966 -0.238356878806951 -0.400094524200182
0.0698561575963938 0.024163537850042 -0.302866762495378 -0.387585972547933
0.0871475508866859 0.0321073594460023 -0.286062671725517 -0.392555801258443
0.0751106421124614 0.0897370406843215 -0.189059567000005 -0.380818448406511
0.0214266669258943 0.126072052968713 -0.0578649397767975 -0.296740368459622
-0.0624150504647255 0.15812824887761 -0.050284667058126 -0.105946692154238
-0.167963631423778 0.0445451988309661 -0.188261025171173 -0.0295404163668086
-0.136928333913808 -0.10428038475883 -0.355413914721685 -0.12940920714052
-0.0711149239283794 -0.114700554948075 -0.504783688511509 -0.355425168351241
-0.243423905075896 -0.149721455169993 -0.519656597511557 -0.118884374031231
-0.28128363154872 -0.135664973338388 -0.311683127850446 -0.000725961618541886
-0.282250824595822 0.0654487452500884 -0.108522914256658 -0.00713389603894782
-0.176063994913848 0.224501265245424 0.0278539507277441 -0.0188701542319211
-0.033452141041249 0.248158204863715 0.0504723320390354 -0.210347725894853
0.0635219786663702 0.231693579929227 -0.0655843691900175 -0.324197638693661
0.147385700791168 0.181154727454634 -0.188815474017052 -0.361516725341791
0.165326752951002 0.175777746477306 -0.248020286455429 -0.345614363415852
0.186029455678303 0.176787574550931 -0.246491145396883 -0.333137168560656
0.151566951522661 0.276118822360653 -0.176500038651763 -0.325107552084709
0.0214914883505056 0.328403160536081 -0.0709324424559913 -0.252048545888064
-0.134395502506124 0.367621068747189 -0.0558547833206796 -0.0666325335234103
-0.34523113777791 0.1961261161742 -0.203846993310611 0.0204548751207333
-0.394249797246159 -0.0774361372372108 -0.340704597953216 -0.0785595547005297
-0.330541972662682 -0.160432480061563 -0.429920433261667 -0.287461978386844
-0.399162253429562 -0.201858268536102 -0.419747266581465 -0.0782814550909792
-0.446418769649984 -0.168894915879875 -0.25609535103111 -0.0162273632102455
-0.427352035824149 0.098546285038663 -0.126545623416634 -0.0246804237234849
-0.297604913944467 0.329870067090523 -0.00819732564038346 -0.00346487584895714
-0.0951829469553324 0.402164675407705 0.0363980737545013 -0.148209245871905
0.0749626335541501 0.393449598470114 -0.0324314153965811 -0.232384869669605
0.210466738213459 0.320436823886858 -0.116741798288591 -0.262519559890201
0.23651489293829 0.29965213794278 -0.154164634927689 -0.250370333202349
0.262342293446623 0.284555441095846 -0.162653858403259 -0.227968920205847
0.221048750986785 0.410053185723251 -0.125725799577658 -0.226761766943938
0.0451738226041126 0.482571228070722 -0.0592528138796885 -0.17448704477176
-0.154292071173262 0.540725993820864 -0.0404487071425097 -0.022725299891821
-0.450122559858458 0.346880424807572 -0.179001253355597 0.0647071973648476
-0.579482073745004 -0.00713863156903618 -0.269811747090725 -0.032208412392362
-0.535717264138989 -0.158367319518367 -0.2774910979356 -0.207297490678359
-0.50708838826493 -0.225081565712139 -0.260640467836387 0.00784146024928256
-0.578643029298821 -0.172069308966048 -0.144120209335526 0.00234710721682989
-0.54364328116561 0.141160532106366 -0.11163265445464 -0.0338522426198133
-0.385235344386809 0.41652847186982 -0.0469044554064993 0.0117926238794551
-0.139817740369144 0.517057443236116 0.00460196373034015 -0.0555181488445307
0.0800550759017429 0.505464592274258 -0.00361317455397534 -0.0922615751418006
0.245688643016018 0.41281752310199 -0.0288346461764488 -0.116362867275862
0.272107087686376 0.375763984182525 -0.0378542332920173 -0.120063472482876
0.294799211145103 0.348470703649455 -0.0489451723394183 -0.0984699634222117
0.255379907521446 0.479084381291122 -0.0422372333604644 -0.104615465218196
0.0627135590977517 0.562914930449953 -0.0203432963993057 -0.0764948094641957
-0.146934807148645 0.625531932833042 -0.0100974213032776 0.0190772076622788
-0.477198895448542 0.437834800267284 -0.123258774602457 0.0859289613571147
-0.658730800915022 0.059012919816401 -0.157154308929664 -0.0101463542434098
-0.646390189380032 -0.124911891305337 -0.073650406881347 -0.132639530996809
-0.546553497011954 -0.208310822769524 -0.0600719851820027 0.120552057614946
-0.629845741920484 -0.134745388619576 0.0109787361594323 0.0464929384827011
-0.579834648095594 0.183806787131663 -0.0638770085333696 -0.0243175602183518
-0.399437073905822 0.455213366555499 -0.0736700430702915 0.0382327124147861
-0.150301975096867 0.55250270111589 -0.0264151829862735 0.06173850536229
0.0817687192970422 0.536773204539911 0.0297942820902761 0.0755821758368987
0.246742179259799 0.437523457544049 0.0658151531318707 0.0533968162065076
0.265862945041791 0.393876537831223 0.0828554493259124 0.0268030930238683
0.278531940003678 0.363541236098106 0.0708264020483439 0.0387780005799291
0.236324243095291 0.481602861932305 0.0523050966139124 0.0232380473920496
0.0487403508981331 0.551026066881217 0.0284104151385788 0.0284758666297821
-0.144563219010239 0.591626367632988 0.0214452162267106 0.055680592321247
-0.433320456647278 0.425644278943153 -0.0615221506744891 0.0849153195377474
-0.623172342313178 0.089910193234974 -0.0323303144159327 -0.0134829505393942
-0.647914251325431 -0.0840357157592109 0.141198213198897 -0.0695712160438882
-0.500511514599209 -0.14796989622627 0.154310308072172 0.232796021794624
-0.565522569026128 -0.062649764336237 0.178763503731244 0.0956826628172955
-0.49081585297364 0.201396269471036 0.00482491247831968 0.00204768682877816
-0.319955691154747 0.401290050692993 -0.0755483822494227 0.0711295574548205
-0.123162849501594 0.47842952059753 -0.0398244493457858 0.176310637996681
0.0763677489385215 0.467489575619244 0.0706968728929623 0.23517707660283
0.212564601365592 0.389362909200549 0.157555833837932 0.215166424594597
0.219906389440773 0.353693270353971 0.191193428178689 0.16893766242597
0.218025014562933 0.331634923888836 0.173198077065809 0.168760411902222
0.169379053858357 0.41805696158707 0.127789928355942 0.146111952257214
0.00362694784514318 0.455870191344352 0.0602290761227904 0.126511700980139
-0.145422870132594 0.449642152678369 0.0334026603412231 0.0861819229372054
-0.339926381992775 0.319447191201829 -0.0127533305266246 0.0696322165120382
-0.494179658296027 0.0790674980097603 0.0749424928313713 -0.0239044484241808
-0.550545376755245 -0.0409884569234003 0.331402113204423 -0.0151061443174266
-0.366639332492873 -0.0599944828168886 0.346386053734006 0.316424513293322
-0.37970869034481 0.0168824191390126 0.3236577865073 0.12761684527875
-0.292945498477807 0.170952354286255 0.0824882138526018 0.028983107729276
-0.178368441014714 0.256142122628479 -0.0494060366972605 0.0907972858589077
-0.0773665055732261 0.309865646487843 -0.0297906999353847 0.255087212925446
0.0547310026043299 0.315378516052432 0.114335808372747 0.348220478342279
0.142870734169092 0.277067824878072 0.232542723353236 0.337087963850069
0.140062189984812 0.261398230177526 0.271713625798948 0.28408095450798
0.128440742990995 0.25510098227811 0.241856332766303 0.277325251858743
0.0796107935217447 0.299907762618158 0.164652471841119 0.252010693509233
-0.0396030263156997 0.297418539016569 0.0584432870978744 0.207428030700167
-0.127386518748841 0.247910673793333 0.0187189317188051 0.104475146514674
-0.200884106902178 0.175328459521137 0.0157349001735834 0.048419401182927
-0.303793973193505 0.0605958679568279 0.14921110877677 -0.0286549691334459
-0.381149215117846 0.00551178931964332 0.467925195489475 0.0304909332056293
-0.162344226850021 0.0300300201380798 0.481728057516789 0.354304852482431
-0.121531867239086 0.0690443213067824 0.422025052928799 0.128809726005657
-0.0531201608622674 0.0839114539406691 0.155732289875502 0.0324527934716038
-0.0309296558123391 0.0530924057732154 -0.00904114442898866 0.079368942676716
-0.0395176633631103 0.0934898053509223 -0.00726591042901122 0.279820847706327
0.0104612917956731 0.117800266819592 0.146867820758799 0.394714897096932
0.0418429276957982 0.124781926667473 0.276202488195725 0.39998885362954
0.039221413317894 0.128661927024531 0.310543540656595 0.35514357403361
0.0281853379135239 0.135309842220408 0.26617949944829 0.352420870258658
0.00142315894673234 0.138347323885735 0.160845950875143 0.328310575471742
-0.0494914468294959 0.110244105906708 0.0289831794290141 0.260977852340621
-0.0618107541826282 0.0487024186178973 -0.0109904930358446 0.107295362089278
-0.0355181433275921 0.0576946259334434 0.034650771225164 0.0245232276652785
-0.0957804436696998 0.0686473430127561 0.193363244553594 -0.0198429102431323
-0.174576199905736 0.0635527588833685 0.536743169481638 0.0660667698021342
-0.0633152920914308 -0.0911181543352722 -0.573576624382948 -0.0822620087522593
-0.112729597480117 -0.0983641541748804 -0.325552758754704 0.0556190428634913
-0.131441008270242 0.0292015052663117 -0.074799871817574 0.00398014960187812
-0.0506161475136778 0.112640337519761 0.0474059109761465 -0.0493900272119727
0.0227040067895528 0.0791839493400622 0.025258119254856 -0.252340710093446
0.0396435508953087 0.0521940163794874 -0.130485801076664 -0.363653607565486
0.0621318983618425 0.0195063819023428 -0.269410221093779 -0.394678669942704
0.0716487804240884 0.0201415095294058 -0.332329078629747 -0.378710499168118
0.0901631443104544 0.0264344337570162 -0.314412675174487 -0.385478479374627
0.0828289365992311 0.0871441268917351 -0.215977214520038 -0.38032249425731
0.0288213325058509 0.129704974755675 -0.0757224191406123 -0.302001609894516
-0.0552551393915616 0.166782833078704 -0.0548700404789281 -0.105744530456921
-0.172357648323635 0.0544649119947757 -0.191871593735969 -0.0208227183524908
-0.146716572991497 -0.101038566662205 -0.37200109309895 -0.116828820717225
-0.0780135926176288 -0.115423635946617 -0.534175895503667 -0.335030920714168
-0.254026022926607 -0.141374107382302 -0.539142885863416 -0.0933096574292304
-0.29686015288753 -0.126793007142008 -0.320627161013423 0.0147596671980408
-0.283654465229091 0.0796190764208658 -0.113558286998796 -0.00458949086906258
-0.167710194795346 0.241553050982983 0.0265427675202541 -0.0215511318277804
-0.0211986002025083 0.256732338360802 0.0385870167547204 -0.216788078581022
0.0786541779337931 0.234026163314289 -0.0878963496143966 -0.326735117434799
0.160888721071311 0.177431348617594 -0.215952735803684 -0.357886018660302
0.179466374609977 0.171031460849052 -0.273768041272437 -0.338751864977823
0.199949922333447 0.169980098405438 -0.270855880062683 -0.327369817892627
0.17182700669321 0.273544064003958 -0.200258564960603 -0.32465177013208
0.0401015539691191 0.338354382749158 -0.0862484361685325 -0.255459134829405
-0.116465452024783 0.38662341139973 -0.0601114328038794 -0.0658336755625765
-0.346537218544665 0.219579030820392 -0.204154167606202 0.0316674035841603
-0.409667908290481 -0.0599510976771014 -0.354785540814133 -0.0646371958576647
-0.346027529113111 -0.149388888835888 -0.456060806392949 -0.271536713236057
-0.41400756836787 -0.186235053763614 -0.435584726739653 -0.0568617069473435
-0.466417407302418 -0.151717268302063 -0.264682806013836 -0.00440942319884439
-0.430600708426032 0.119444794226619 -0.13403916659849 -0.0213333080869891
-0.287617290408262 0.353816369141003 -0.0104475104787304 -0.00347961903990542
-0.0752310070020588 0.418464742964804 0.0250230064855329 -0.153406655549017
0.100594728429897 0.399278329009186 -0.0487671055428783 -0.235500529019257
0.235000067811513 0.316974270854889 -0.134745222807116 -0.2611788397448
0.260095295668831 0.293169185969951 -0.173843395936162 -0.247685623093133
0.282766397535175 0.278360009063003 -0.178325099084636 -0.224075856503472
0.250703480021953 0.407505492225226 -0.142499719586996 -0.226093210533865
0.072572195128069 0.496682175432441 -0.0694241667489586 -0.17539072128404
-0.128010428080153 0.562709009998172 -0.0428483620991208 -0.0221758838424755
-0.443317142472775 0.379317635897027 -0.175217015120719 0.0767104518001118
-0.597395676521529 0.0195604275860659 -0.279049840154883 -0.0186416642213444
-0.55496125629802 -0.137694098653389 -0.29394609001817 -0.199675954053244
-0.524897115008489 -0.205699061507576 -0.270154374712951 0.0236003926932949
-0.6022692401714 -0.146593004030562 -0.149668068279909 0.00831204237762269
-0.545273820161744 0.168618747396289 -0.120598768518934 -0.0315850340338593
-0.371446396774876 0.448564992387502 -0.0489739583486729 0.0143920763639157
-0.115831663435959 0.537205281800834 -0.00355654259119717 -0.0574157217051865
0.111857908155232 0.512947012737344 -0.0110877402816925 -0.0942630702499584
0.276243649314308 0.408977844733332 -0.0357838779362453 -0.117217567297685
0.301637667417649 0.369189170673553 -0.0473567973496629 -0.121233154411073
0.320559397678726 0.341999265418507 -0.054523257293233 -0.0976850613265431
0.290750534098235 0.475665276242548 -0.0501044145709153 -0.105268614113523
0.0961288538969586 0.577275405725235 -0.0243730694240991 -0.0764500897636429
-0.114596172747994 0.649549809735856 -0.0101501963326093 0.0191676842881829
-0.465829743412116 0.473247860207946 -0.117249022974245 0.0964051816500054
-0.674762497904995 0.0931977108015275 -0.162047621813682 -0.000888409349456034
-0.664714281016075 -0.0993144983870491 -0.0831266006030267 -0.134897785677094
-0.564285463856152 -0.184770056571557 -0.0593632782711227 0.128796103800939
-0.654467288003171 -0.106691878765365 0.0110070301470662 0.0457891049668554
-0.581207314889315 0.213424653052018 -0.0710481695729688 -0.0237077430099336
-0.385513916219412 0.486053684246829 -0.0751048383967873 0.0428324504721917
-0.125885838261195 0.57450426490706 -0.0304940285598761 0.0639431223928235
0.116023408458348 0.544790072752473 0.032304990123852 0.0756883660794151
0.278366204250238 0.434652880143621 0.071268630677974 0.0502341270313259
0.296347785826786 0.389692325004763 0.0841945146013295 0.0219330792307976
0.305345752262593 0.361718507256733 0.07571333007045 0.0361507366947469
0.27012524098265 0.478453788336892 0.0545116197733659 0.0211992271380434
0.0817425582326581 0.566131939936246 0.0316507093633992 0.0285707266442114
-0.113706553349854 0.613170186110454 0.0235282394394119 0.0555420601628727
-0.421392581231321 0.459675623737014 -0.054316303653 0.0921719730815796
-0.635925586184827 0.123117888441488 -0.0331205987638351 -0.00920733747521693
-0.66524241404174 -0.055361569103471 0.140543448836047 -0.0820680119228651
-0.51580662120716 -0.125232737565169 0.165534814349932 0.233229597057481
-0.582647039548929 -0.0354983489921107 0.185898228221132 0.0882525373085039
-0.489472797388597 0.229553370621019 0.00201704467235004 0.000943380631552858
-0.306924834635672 0.427457060590628 -0.0759680617517738 0.0768696740279035
-0.100482354881214 0.500198098069754 -0.0379181870102429 0.182515610961767
0.104749817482184 0.474647313015484 0.0833061532087497 0.236768864683536
0.241455204611531 0.386783191374754 0.174265170329038 0.209612777171885
0.247683617076644 0.350728126815498 0.20282588717065 0.161060616141312
0.242248780037045 0.331487182326658 0.187581212778018 0.163550404868007
0.197420198959298 0.419379932725412 0.139720385211029 0.142813831951809
0.0292852606679 0.46906932945109 0.0701073158760745 0.127644629094859
-0.122559060489379 0.467059075473087 0.0374036424660923 0.0863407473265017
-0.329245835883831 0.344360353795266 -0.00642735853162325 0.0749771032715841
-0.503229085991056 0.106965135149682 0.0762392284434685 -0.0253659134785219
-0.562155654295874 -0.0150041648498994 0.337842708078798 -0.0379640081432107
-0.375966134979804 -0.0409240223149824 0.365814054668881 0.309176250552545
-0.388686058296895 0.0377946367428439 0.335830014452528 0.114425814356367
-0.288484559128304 0.189319585135733 0.0843445427472013 0.0249168632197776
-0.169127300095313 0.269845178121083 -0.047927434133014 0.0961253203183657
-0.0619128493511292 0.322738203845117 -0.0219041922986072 0.262799212573622
0.0745341437609681 0.319552077614212 0.134677113525047 0.350356382583136
0.16305225716321 0.27498998956589 0.257810805135742 0.330214470996257
0.16074476144106 0.260862942108351 0.292647192638393 0.274598818278111
0.146365283128262 0.25665228258519 0.263525121934128 0.270369231733461
0.0987216033105416 0.302964328782231 0.183778796441737 0.249499862298705
-0.0240982463554203 0.307783620915721 0.0729237249336474 0.210297610316248
-0.114992460000069 0.25885267440287 0.0233385224537966 0.106548452134814
-0.193852311483396 0.18935125658069 0.0200536909271255 0.0514345108066399
-0.308545196121723 0.0789186179812008 0.152275057422243 -0.0342301779690955
-0.387764665895267 0.025280611941357 0.480873017222969 0.000761530504081094
-0.16409279020799 0.0404795085268185 0.50645033830883 0.340491425655247
-0.119388156269761 0.0782907562855586 0.438631639110219 0.10982775205151
-0.0478209862675809 0.0891574707998071 0.160780736251128 0.0255593903333863
-0.029291847696689 0.053950452458431 -0.00684568951173941 0.082957338904095
-0.034930138853904 0.0979614850393133 0.00469368170551084 0.287227947965361
0.017499016532501 0.118981700113457 0.171456463807147 0.395685857442304
0.0508615753729119 0.125104720370921 0.306807760492879 0.390444946898186
0.049201311085555 0.130021974193809 0.336459314118101 0.345561981422662
0.0373141986391383 0.139145107853638 0.292153242517168 0.344751131633405
0.00896207242151599 0.141819918789553 0.18484271684383 0.327205131083274
-0.0444888209181933 0.114544832029304 0.0463013285539572 0.266691239530729
-0.0597037949079852 0.0507828444839127 -0.00640870819972804 0.110662878789868
-0.0296876426201076 0.0600021769641198 0.0355464387293305 0.0254833454227966
-0.0932928182473149 0.0773249513270596 0.197691437053339 -0.0283454087849415
-0.174252221980534 0.0760740014603635 0.554135665966546 0.0343425032436398
-0.0120418192853044 -0.104555706904242 -0.49151195882139 -0.324349901242591
-0.0571884294107593 -0.139128637599739 -0.318747594439392 -0.0864673411607755
-0.132506102714924 -0.0302903916584988 -0.065997585921895 -0.0285266053235058
-0.094935538979566 0.0825369898735699 0.0678143257268887 -0.0241938013183584
-0.0175774821440348 0.0834741432613189 0.13499692461558 -0.218180085605296
0.010590720207404 0.0667346028213361 0.0407502657856118 -0.384986325606671
0.0442020539182585 0.0416893668651471 -0.0752569603263482 -0.469964602185288
0.0542864440953431 0.0478762839759145 -0.139644002476013 -0.479354136058297
0.0662135203937652 0.0597017418171658 -0.122191837736897 -0.479250893266842
0.0373041481159858 0.112793415308074 -0.0353461902181113 -0.43132954286013
-0.0303484757762216 0.131173825667889 0.0573670601736108 -0.303029238025536
-0.122330879534334 0.126597715953457 -0.00674155300956655 -0.116282959035687
-0.183826424748715 -0.0276817383268256 -0.164771610565333 -0.107422074637744
-0.0944628034241404 -0.157554626537007 -0.282407897297748 -0.279819216646274
-0.0212177560878434 -0.138173732139122 -0.323571948076021 -0.5489602271796
-0.161659482210588 -0.233113720097072 -0.455306432284893 -0.315534526864918
-0.212724183267439 -0.244816297218593 -0.29265851818916 -0.118379270996174
-0.291240913647593 -0.0511976595888354 -0.0940869318655047 -0.0509151870933853
-0.254398554786582 0.147621844486243 0.0406822110409456 -0.00355115313225821
-0.13336394977732 0.223318189086867 0.138162098098691 -0.177455499405267
-0.030819311738378 0.248685288653748 0.0672714583180973 -0.336793638496864
0.0684629984915517 0.228518581448651 -0.0391249483791148 -0.41550091388185
0.0887847605313808 0.234653711609055 -0.10263191237448 -0.41917849323772
0.105678450849917 0.23767120398249 -0.107639665846966 -0.406893517853241
0.0418283111683071 0.320119522935314 -0.048261982465172 -0.37146523817821
-0.107350646156554 0.328129709900063 0.0219864980206763 -0.26153110194659
-0.268213296996816 0.299066968455282 -0.0359721903519646 -0.0801022370196198
-0.413751849264026 0.0468817435235817 -0.204060542506646 -0.0669921300818673
-0.351868215080718 -0.234058633030219 -0.288925527601398 -0.229700417653616
-0.247922094633962 -0.283303405049506 -0.278156677608122 -0.46080093721051
-0.287520494399599 -0.344328427746093 -0.380397631802667 -0.232312651806775
-0.356802032305118 -0.340112127621615 -0.230534976557565 -0.108661226043398
-0.438729343007716 -0.0790841610273451 -0.102256760413711 -0.0719062623783358
-0.407645087765083 0.196915065861868 0.00144415493994552 0.000308173198054276
-0.251337992307316 0.345308132134354 0.105521811533308 -0.122741089774393
-0.0803926020066057 0.406586582280278 0.0671071627727221 -0.238886249603817
0.0787002713092783 0.387040041527274 -0.00541358145920076 -0.295300386220917
0.110131543441244 0.383644088444654 -0.0496754038742591 -0.294580635554895
0.13528288804743 0.372470704954122 -0.0678352452297873 -0.274602717816145
0.058789788984119 0.474540528086271 -0.0394246769973722 -0.258013859023485
-0.144784065372008 0.486844885497436 -0.000822838676775231 -0.178738940482353
-0.35209126205708 0.452551385458989 -0.0438266889732184 -0.0301151385639809
-0.570706298957467 0.14873677285715 -0.202305447829324 -0.013408700438665
-0.554437895976741 -0.240206810526996 -0.239801581531617 -0.157325516091751
-0.44123181700475 -0.362486208210583 -0.164790589921547 -0.323984262914319
-0.379479565642817 -0.412835749630867 -0.265918479573149 -0.0829925599451952
-0.483285960242968 -0.395235488310824 -0.129016165086547 -0.0452943974751884
-0.565555306266986 -0.0861141413353936 -0.0823861486632072 -0.0726853080981668
-0.524350831213163 0.244668895464666 -0.039634713849355 0.00263664148688612
-0.338989269193096 0.436326483159042 0.0419988969538514 -0.0464188385943433
-0.116703068479838 0.515533874558527 0.0424865885694498 -0.0957397498197161
0.0771469268086465 0.491177650073715 0.0235765194540696 -0.123895140010292
0.117823325656386 0.472524634837249 0.0107270920271146 -0.128957672735873
0.144857994373408 0.448034134145277 -0.00956614549264647 -0.109183422312048
0.0673970068060681 0.554566048573459 -0.00726613086364019 -0.109627469440507
-0.156465910006464 0.570663609362348 -0.0034270459926832 -0.0680641354959221
-0.374999173439142 0.535735391934698 -0.0347995499767182 0.0232622606728509
-0.63179613704898 0.223086972110639 -0.160987064119029 0.0319076470013316
-0.655513059749752 -0.205964781124394 -0.141802600831105 -0.0895932262975127
-0.557855984908498 -0.375417313024207 -0.00210227232797956 -0.16932510971619
-0.425879720004365 -0.416142093421354 -0.120715221705773 0.106885521069524
-0.549548838220564 -0.382384409340083 0.00341605008204883 0.0595093914815431
-0.619011198506322 -0.0597952378335219 -0.0386911953834746 -0.0433460383956958
-0.551456298699467 0.271627667668988 -0.074486330995967 0.0181570392132956
-0.362146360633121 0.4660316537565 -0.0338212097926863 0.0526208702651223
-0.125170006051228 0.545419342609421 0.00840822997914838 0.0758782406966523
0.0705724602348057 0.515628658357436 0.049173682519551 0.0733092566402444
0.104041493555913 0.488997745557575 0.0691399412312914 0.0553401470934101
0.12399759496419 0.459086904417754 0.0520807410745511 0.0669155895247672
0.0480041566872379 0.548740512960583 0.033472123112319 0.047473231898861
-0.165475704386386 0.554829149737811 0.00333582697162131 0.049938139216193
-0.359475386640473 0.5030075086996 -0.0202819306837911 0.0701726957265598
-0.583111058927648 0.229977158004051 -0.101455906757618 0.0575080477336052
-0.630251343881486 -0.163041342175347 -0.022369980369642 -0.0368401988712166
-0.574753221063625 -0.334109371893972 0.174254174207409 -0.019530782039618
-0.40946524104917 -0.343320166903006 0.0395773554541688 0.299847525110539
-0.518421825039693 -0.287139989144881 0.143626910938275 0.171742191204196
-0.543957572451779 -0.0045699584386966 0.0153964618033545 0.00953662344123862
-0.457195946657104 0.253325393667932 -0.0912468777101105 0.0461357494936711
-0.305054167314427 0.405432269525383 -0.095180815909596 0.155477023663555
-0.103733800379143 0.475032755119157 -0.0179277788597183 0.244295894384125
0.0581769986379486 0.457684706087939 0.0726305486736332 0.261321718812647
0.0777306521176925 0.432502990392759 0.116932591181918 0.229517369004875
0.080901069403819 0.405928007827638 0.100179304282416 0.227477778260309
0.00675077532411562 0.464188175431866 0.0605457621468647 0.190948930616292
-0.16990293416942 0.444296289738488 -0.00244769577294269 0.153607458792471
-0.303910181157534 0.36715425776993 -0.0179918491818325 0.100751935700517
-0.447976524614065 0.167575050688181 -0.0482628528863792 0.0640277920598923
-0.501678676210348 -0.119170159560028 0.0834492993874911 0.00105828744242761
-0.499887746428419 -0.253868632624298 0.330708769504771 0.112871588545128
-0.321156294362853 -0.207890032502954 0.192571601606664 0.45315561305233
-0.373976669920379 -0.137119617689622 0.264786230078336 0.255684051104132
-0.344188165412334 0.0465321174928357 0.0749578095189639 0.0633224482014259
-0.264859368504931 0.168929881317594 -0.0788278362460474 0.0720475600592801
-0.193049089795932 0.2630608950412 -0.12234472512902 0.231892085502031
-0.0651440583716132 0.320830912973101 -0.025338782221839 0.370843806947508
0.0347918278694066 0.322799514245961 0.0952136147267153 0.405868076812298
0.0370580960008052 0.311667361803654 0.149149841665884 0.369163488417837
0.0273220932802798 0.297195200914134 0.124417454191957 0.355708951446964
-0.0341175831072437 0.317744594167553 0.0581262429015272 0.303614585621008
-0.149370746224783 0.272993208322017 -0.0307390017007996 0.225720607476391
-0.209232763072052 0.183221789897696 -0.0343852329477895 0.1096810001558
-0.254690179117989 0.0869615095734891 -0.010906011169357 0.0555677067646637
-0.311244384874798 -0.0595789854037869 0.155627169666917 0.0324531760912356
-0.359528138611633 -0.141552858487007 0.43977715648014 0.2159255562008
-0.167630547191709 -0.0421629135909552 0.310002645699159 0.537054996118844
-0.145960210580203 0.0164048175381706 0.354163645723956 0.290903723920398
-0.0823158560437295 0.0597539022644666 0.137058792228576 0.0934678135604302
-0.0480332887547233 0.0329488452345431 -0.0418051642696335 0.0736823499591992
-0.0703699105799614 0.0711700234523683 -0.118022504409085 0.26277615936225
-0.0313725672279253 0.113743414654815 -0.0157642581604435 0.431176906807669
-0.00293338611011062 0.138393695257454 0.108845694675294 0.481600250788508
-0.00824824953953792 0.143314008695969 0.157843482428199 0.451189478323115
-0.0205822298065606 0.144302394007678 0.119344173281834 0.432920391595663
-0.0480631892784379 0.134037282443734 0.0293780942427857 0.37155742128516
-0.0868013700842485 0.0858383649816435 -0.0740429754188978 0.261397284139066
-0.0723094930531781 0.0199468977164158 -0.0576711771543047 0.0972385703966404
-0.0491827308230454 0.0417717487263235 0.0172939372686021 0.0405250353365448
-0.115214867456054 0.0325374756686003 0.192173104792514 0.062856150329572
-0.18871682760461 -0.0053802648369594 0.486285348478569 0.281919825529286
-0.0169752797667105 -0.103121079484856 -0.50010659267207 -0.289430495719427
-0.0669501102671899 -0.135819565876999 -0.316522368259817 -0.0664312224242696
-0.13298843447882 -0.0230412870595988 -0.0668684185669381 -0.0270456791162213
-0.0880765647097602 0.0887651287217401 0.0646165904506287 -0.0291365685444133
-0.0123124482036023 0.0833053045633944 0.118533014101741 -0.220678176507773
0.0140146053028808 0.0656107404359071 0.0148569749439225 -0.378218281768295
0.0452845954135603 0.0383213459226898 -0.103669118074264 -0.453590865303796
0.0552019570762936 0.0424173526439713 -0.164855292808154 -0.459829745867856
0.0676041367143881 0.0534685353463849 -0.147675712335286 -0.460732410377162
0.0445210557701058 0.10788656880554 -0.0620979615808728 -0.421967012240248
-0.0217958168496685 0.132468062108454 0.0391534282346549 -0.301193796164777
-0.113017476706467 0.132894622028227 -0.0121078644194629 -0.113445240357561
-0.184559529683833 -0.0168775852056299 -0.16465398241183 -0.095482609969543
-0.10149352612434 -0.150777235504338 -0.294283181001112 -0.25922010313221
-0.0286653589039938 -0.135581953802164 -0.346982840755089 -0.51850202133704
-0.168539416073921 -0.219361709680594 -0.467007657522426 -0.281266983974728
-0.223587353337122 -0.229181031508933 -0.29349706737624 -0.0992802759783305
-0.286511359709317 -0.0356838209699591 -0.0965359853090076 -0.0474837946606558
-0.239023192265988 0.161546844739327 0.0383397283284889 -0.00699226317624866
-0.116858073720259 0.22834779112849 0.123025248480674 -0.182341827467542
-0.0139796914624488 0.245511923850296 0.0435934342743985 -0.332034587993169
0.0811716740730191 0.219113064997563 -0.0652567108424599 -0.402297268161499
0.101380380146774 0.223847327804284 -0.125802369913963 -0.403500743724278
0.116559424052147 0.225366825683451 -0.128199602295519 -0.391582470809086
0.0608877295770163 0.310323878151325 -0.0713660333010914 -0.363189556045108
-0.0857512770691813 0.330916712505258 0.00609038721998963 -0.258793202042241
-0.245164506237947 0.310585338935982 -0.0391431817553582 -0.0761891482486286
-0.404924399886774 0.069267823739153 -0.200115085352278 -0.0529127864678233
-0.358947253453678 -0.211498247384342 -0.29688173211964 -0.208223112858036
-0.257566630008362 -0.264945683050567 -0.295630737166762 -0.433819294458998
-0.295630417900302 -0.319179645929786 -0.387145549050352 -0.205250879459387
-0.369517840824501 -0.314684654435321 -0.233014499471842 -0.0941747126048141
-0.431434933586853 -0.0570883519481283 -0.10651021639336 -0.0678842895355171
-0.38728757391655 0.217274379201302 0.000731924739806278 -0.000641874045302298
-0.226012907591343 0.35310619910024 0.0923145620242125 -0.127329192221484
-0.0529698440779448 0.403415214949933 0.0488743914841351 -0.237215007933154
0.100200305681578 0.3745607791468 -0.0240572037583182 -0.287801951794162
0.132479261089605 0.368706223392616 -0.0668596335216646 -0.285547814409624
0.154623322925128 0.356982320193778 -0.0810071324530371 -0.264842785068656
0.0863459597368197 0.461067399217834 -0.0555188957536788 -0.251199511971768
-0.112436854399144 0.490404577048884 -0.0109924946938636 -0.17508091333704
-0.317017182950578 0.466057930583735 -0.0453696430979213 -0.0266087235431258
-0.552955549421289 0.179829297086893 -0.194496606537094 2.54070522255976E-05
-0.557781392578175 -0.20557278376599 -0.244733755862961 -0.140176955984479
-0.448967060357023 -0.331309330658438 -0.178028807853183 -0.309075492473758
-0.389313831710538 -0.382651722059381 -0.268565084146287 -0.0649438706848263
-0.496033963200741 -0.361244584387161 -0.130312623866081 -0.0376039113157959
-0.555142158192038 -0.0555803520413321 -0.0865015483108328 -0.0693908983720761
-0.497979696135196 0.27031153872628 -0.0396260616785411 0.0034315614567451
-0.307472335601839 0.447244513495134 0.0324666701431754 -0.049549090535492
-0.0813129152559246 0.511423660036092 0.0329998577862066 -0.0956878935817469
0.107368917906574 0.474306674566996 0.0159155569498511 -0.122751685650501
0.144672718443855 0.455328691624951 0.00176409366451372 -0.127540375809188
0.16732319939172 0.431762279048899 -0.0138339658164457 -0.105342783945249
0.100379597137437 0.538034213871129 -0.0149191732257173 -0.107249406060655
-0.12032865329878 0.5742060607768 -0.00732037693302809 -0.0659665672292101
-0.334760338610915 0.547291729838387 -0.0333494387838908 0.0257931743851127
-0.606613767111028 0.256208701560165 -0.151109386497847 0.0426614664658102
-0.655476095065782 -0.167667911843784 -0.144972144242991 -0.0774083066988765
-0.563348709543248 -0.337510591428833 -0.0115264918616645 -0.169152662987257
-0.434690771008884 -0.38148851043269 -0.116163439706649 0.113285361919035
-0.560375187790791 -0.34324919031234 0.00479601081047647 0.0578108225661979
-0.605749263753562 -0.0271336786535804 -0.042524834747008 -0.0417142736432394
-0.5243909790401 0.298624723411724 -0.0734698463953431 0.0205622530208701
-0.328130291231167 0.477285542570341 -0.0361834457877811 0.051679375378036
-0.0887158510061457 0.54197370728985 0.0102853528724289 0.074702478058799
0.101011551785805 0.500995458811795 0.052733442463467 0.0677915434651059
0.134267402393102 0.473292274313289 0.0690590071891357 0.0487227634308335
0.14887507307828 0.444852365412336 0.0568562258837848 0.0627531321684903
0.0798331907062731 0.535383122169787 0.0355211391560006 0.0446267931394609
-0.127904787445582 0.55669176034084 0.00599399023665179 0.0499815147640861
-0.319753962356718 0.514700578679528 -0.016703688414717 0.0708709900513388
-0.558129248333349 0.259166199177876 -0.0924359682588442 0.0652655339548382
-0.629237477773195 -0.124849897114614 -0.0240581905186936 -0.0322321204660945
-0.578651317961772 -0.295839480463083 0.170441327912792 -0.0326126475258562
-0.416315553150401 -0.311040565287148 0.0516044352165134 0.292707293691322
-0.524081482078446 -0.252593957938373 0.148440637498725 0.160488045406895
-0.528753822098376 0.0245408000912674 0.0146485335172046 0.00707190697935964
-0.431409672151459 0.273457491255949 -0.0880991495134628 0.0503150679680234
-0.275280382737014 0.417665264880714 -0.0901815157617922 0.156047243714273
-0.0721062843318573 0.470789400075401 -0.00499804168739912 0.241056144959421
0.0861988103000512 0.443735695217225 0.08754433115564 0.250244330815539
0.104311468664232 0.420257984751771 0.125731559712978 0.216992478639723
0.104261951563227 0.394898231929567 0.113562151022037 0.21791544851296
0.0348604921583218 0.45520815765879 0.0712072389587004 0.184099838336509
-0.138555805263834 0.44805495123644 0.00756863096716997 0.152132790905836
-0.273812729662122 0.377821643757492 -0.0135862273648475 0.100896689475188
-0.426861116695823 0.188181977886036 -0.0412713314466655 0.0687441361666692
-0.498259679916049 -0.089414108612881 0.0816784491104487 -0.00021529461485075
-0.500652722047808 -0.218933355791359 0.331010809878825 0.0861413538592551
-0.324190549555701 -0.184302348908877 0.209570357528527 0.434774861944318
-0.373462425684484 -0.111983101072694 0.27282740594842 0.235908681471193
-0.330272755676509 0.0645075152713654 0.0766069101258459 0.0576399573036261
-0.250192032152305 0.179228694270461 -0.0747276048307566 0.0751470261561193
-0.172826649783752 0.270601874562954 -0.11143707475195 0.234281011736142
-0.0425859481218566 0.317128340334349 -0.00300365050434718 0.366204757983173
0.0551921046587725 0.31288559305571 0.118090531015454 0.389877871674934
0.0580047284710678 0.30351572649344 0.16538998247236 0.351382018227379
0.0455861936029888 0.292205623240863 0.143414695690781 0.340714042510328
-0.0136944589846609 0.313896522493278 0.0759941958711406 0.293881319106127
-0.128659964999113 0.276767650372236 -0.0153826232417227 0.224978385024711
-0.191852992965584 0.189823117179046 -0.0284820906218237 0.110333654627616
-0.241725257494519 0.0994436468930437 -0.0077049568191215 0.058065600830464
-0.308001824267541 -0.0395942495099689 0.153759516091799 0.0249918302838772
-0.357259257193598 -0.117099408737147 0.443393931742571 0.179758697570389
-0.165826140994871 -0.0301140663790381 0.32856068203261 0.509846647476387
-0.140718966341047 0.0254885561826664 0.362142380080688 0.265668911219343
-0.073883118155166 0.0638196150939737 0.140111105763005 0.084705520943046
-0.0455690852780851 0.0327271668094389 -0.0378828069783225 0.0743325228793254
-0.0644551632091748 0.0739670761161756 -0.103007158179496 0.264795883601834
-0.0233432563242698 0.112076492891084 0.0101717199067194 0.422861684153065
0.00598854903704784 0.134721917783738 0.137141520051288 0.464691193454594
0.00193868644984441 0.141219194834074 0.179244419009457 0.430724226302681
-0.0101112486394953 0.144759523762803 0.143021930671454 0.415827746320086
-0.0393400604451103 0.134815880467795 0.0536439476350677 0.36193701163506
-0.0790487266131391 0.0881774880662526 -0.0549234149724746 0.262115093489862
-0.068311733748 0.021433455020693 -0.0514547027704051 0.0996877410134611
-0.0421625187046997 0.0439684914710048 0.0184696266975104 0.0410128886820413
-0.110368696329053 0.0397629563668182 0.191127408913203 0.0514489373087253
-0.18375305251377 0.00683072955147115 0.492169308913652 0.241500740054452
-0.0196841586339349 -0.100174994872431 -0.497061928428083 -0.261436272599193
-0.0729827087862284 -0.130720537737834 -0.309733690366451 -0.0523426806777842
-0.131522457358521 -0.0174336087100245 -0.0670931306169608 -0.0267099807497397
-0.0811682453773182 0.0924342531546166 0.0611293500247753 -0.0318573465096236
-0.00846398317345733 0.0821860523765065 0.105820380867694 -0.219185064138409
0.0168736044434569 0.0639305405552314 -0.00362270685284002 -0.367830883038923
0.0450680459670148 0.0356578680768936 -0.120953974493337 -0.433365346179323
0.0541954168633211 0.0381572362157134 -0.178999382684874 -0.43813830555299
0.0664959465226897 0.0467592322893297 -0.162353406250777 -0.441738906391746
0.0486414924402266 0.102588805441266 -0.0798023957574995 -0.408206173920647
-0.0154208874214097 0.131524006460902 0.024886658998827 -0.295926702814818
-0.104823397570526 0.135374832837495 -0.0150812863003772 -0.10935907596632
-0.182670884985483 -0.00858137266990838 -0.160882302014281 -0.0875745654152128
-0.105782883316063 -0.145124281744309 -0.297243462465083 -0.240826477770775
-0.0332618116346143 -0.132172668044704 -0.354719560379337 -0.486545234500168
-0.167888550137108 -0.206821105669695 -0.465771411390189 -0.255179407210593
-0.228309386467593 -0.215120500160854 -0.289859468413366 -0.0857262278751832
-0.278899811364663 -0.025837563610823 -0.0975131879323893 -0.0459515557137089
-0.224401039736628 0.167634968699436 0.036451504601853 -0.00906060189059626
-0.103811089438339 0.227907444618003 0.110116042875091 -0.182541685652488
-0.00297294739289624 0.239676925012809 0.0256541296591017 -0.323862730489726
0.0884256943122479 0.209549244051886 -0.0806982781846224 -0.38674618900655
0.107911035808562 0.212891879000096 -0.138999031331066 -0.386088192224214
0.121524348482148 0.213530391634707 -0.139621412660513 -0.374685256316774
0.0739030909010222 0.298121245387397 -0.0863552736200225 -0.350399806389233
-0.0689393597234073 0.328608903554436 -0.00525776820539012 -0.251958150694692
-0.225403831685614 0.312865177108973 -0.0402883784688887 -0.0717911932215924
-0.393859823579541 0.083971270110613 -0.193147150977726 -0.0434376439065426
-0.358562874106586 -0.19291509272203 -0.297418668278273 -0.191284819569205
-0.259633474031522 -0.249235039334378 -0.301838355618535 -0.411038243675195
-0.294567292010227 -0.299918493368601 -0.3861235096962 -0.183021579597088
-0.372672168747745 -0.292631211229528 -0.230952533514458 -0.0832209009273065
-0.419540893588113 -0.0421203733182595 -0.108359488655245 -0.0647921980563017
-0.365758511254637 0.227605330238476 -0.000302254334258454 -0.00158367344350691
-0.204575067693467 0.353518858999537 0.080760042629352 -0.127936211590743
-0.0327383819747471 0.394064000962328 0.0346197271734113 -0.231807234622423
0.11457743915887 0.357933056974116 -0.0352380833865652 -0.277063245876343
0.145308127781966 0.351298604520516 -0.0774885123700375 -0.274666764169237
0.164906715915873 0.341025084971567 -0.0879656558760754 -0.253820336914878
0.104992748713052 0.444241918426108 -0.0664801922107163 -0.241809937979324
-0.0876079064264794 0.48533026858718 -0.018685917582928 -0.169776261676288
-0.288182400131142 0.465971469213165 -0.0453556160648244 -0.0227818878475497
-0.533523240508276 0.197886580739754 -0.185258510815794 0.00811992712210419
-0.553964644261985 -0.180082995571827 -0.243657618277285 -0.125390151587756
-0.448284768540583 -0.306469082440768 -0.182847106621298 -0.294876747812489
-0.385932390745477 -0.35579042696431 -0.265698073059294 -0.0512459040377484
-0.496575263876978 -0.333677557861659 -0.129634041545251 -0.0317251786446229
-0.538774915275331 -0.0372515627480075 -0.0890330108673361 -0.0665791777696032
-0.472104372702629 0.28249989754045 -0.0396779855954048 0.00407373170303396
-0.27788508912022 0.450268066373689 0.0242827549311637 -0.0503019957472327
-0.0558182162210289 0.499661295368916 0.0253143615102415 -0.093269220258503
0.124657544053487 0.4549430716729 0.010502688588354 -0.119456316241943
0.161437720846517 0.436680433275731 -0.00474004937026775 -0.124419103108151
0.179807379639573 0.415113037372522 -0.0154689037432245 -0.101769493021343
0.1201881876001 0.519354024890528 -0.0202048470314814 -0.103223978290147
-0.090874372907843 0.565861309190934 -0.00995205708300246 -0.0628006550893789
-0.301534288030181 0.546200181625592 -0.0321393153701713 0.0269449635211804
-0.580391823869284 0.273739820176717 -0.141233581141836 0.0487684728229889
-0.645509372478259 -0.139479361388063 -0.144437681091695 -0.0676420888166452
-0.557795351613306 -0.308444710786755 -0.0167850626351468 -0.166837745929958
-0.432048111485514 -0.353398303526327 -0.112304808724436 0.116372614702497
-0.557695661756434 -0.314093418506781 0.00509853386032405 0.0561252401798767
-0.586291457914264 -0.00598833008831862 -0.0438868037895995 -0.0417062806255127
-0.497522867993603 0.311318277340898 -0.0712953356082791 0.0220500541500475
-0.298321493456057 0.48048102833582 -0.0396898918028015 0.05066148630598
-0.0611613832873078 0.529048528776027 0.0105608540801087 0.0738287593941162
0.121447193894109 0.480383866355647 0.0547229225783101 0.0630912944545634
0.153188128970754 0.454690733670056 0.0669283066754358 0.0440055200998497
0.164283212395637 0.427376493378344 0.0597731715272092 0.0584576062451247
0.101002160094303 0.517192204414107 0.0358008511037218 0.0430814534605231
-0.0993246904287299 0.550172773706751 0.00814411149979119 0.0501032090060905
-0.288853349705141 0.511995848865466 -0.0144847144144683 0.0712077799550449
-0.531358428275581 0.274613028790615 -0.0838751573683867 0.0691629162818519
-0.618605837444408 -0.0991209874070437 -0.0248630171492059 -0.0273781051774529
-0.569104518525904 -0.267307943679316 0.163751922582536 -0.0425690825130138
-0.411421996402407 -0.287058371346839 0.056688072013769 0.284521977480899
-0.520679074474876 -0.225223282559031 0.149751742535666 0.150667463401335
-0.510023751314135 0.0418329663321684 0.0141013283688794 0.00458264606145955
-0.409344246492685 0.283523969014286 -0.0848791893999732 0.0514515901028313
-0.249439928110869 0.419355084986927 -0.0875684802433545 0.155042824349376
-0.047907005479678 0.460185317197307 0.00345344124107095 0.236064546205246
0.103496347820608 0.425945659205221 0.0956924001990159 0.23799223445811
0.121544310443772 0.403730227957706 0.128790146074173 0.204442230701667
0.119297265012098 0.382405677196532 0.120691727732624 0.206589928243633
0.0528824758458329 0.441111752991598 0.0777875586280668 0.176463353108262
-0.114253173668 0.443412648748155 0.0146649142394934 0.149547536089579
-0.248055684698465 0.375831594382683 -0.00999587454091939 0.100332449459145
-0.406379646457931 0.201380399445911 -0.0351123329267903 0.0710108109338592
-0.488006631547308 -0.0677365028468341 0.0792771228323175 -0.000919603458369692
-0.493037794141366 -0.192861289342865 0.324840866849719 0.0663938428380403
-0.318656876235775 -0.165642623924387 0.21641920424274 0.416120805725761
-0.367085472594622 -0.0938907671761069 0.274209165905592 0.219295042309234
-0.316149971998172 0.0747615625690367 0.0769982684955402 0.0522026305875971
-0.236114489852443 0.183437785097209 -0.0709936271688272 0.0755808276149975
-0.15673423948726 0.270472691664383 -0.1040408762823 0.232177178465426
-0.0280569006064165 0.30888676406626 0.0111939694964348 0.356423754827088
0.0673835064652036 0.300142130670558 0.131317703914881 0.372198748427083
0.0717599436414083 0.292637646151014 0.172656279049909 0.333739301562987
0.0580189540304787 0.283648979714981 0.154807997516614 0.324691518867692
-0.000159324184428069 0.305868559617615 0.0883545481370864 0.282768674782744
-0.111862379792831 0.2748001794484 -0.00412523489538176 0.220500437839126
-0.177089262603381 0.189895297595833 -0.0243489749113999 0.110111590796558
-0.228277833672151 0.106023325608396 -0.00477230064417056 0.0598917040137325
-0.300450940448271 -0.0252579351440145 0.150073800293093 0.0207656891687741
-0.349911386936353 -0.0986097509188665 0.437544565060381 0.152926864077244
-0.161471422749467 -0.0218287900807976 0.334997783053664 0.484862373421645
-0.13479699488194 0.0301824860712158 0.361562952050364 0.244951447192937
-0.0664810295036844 0.0644185867618685 0.140306175831155 0.0773486374284963
-0.0437335110959015 0.0320218418201937 -0.035212540068086 0.0734891889175556
-0.0591663033443751 0.0740381118877264 -0.0927574240389711 0.261545112833985
-0.0180091672074736 0.108862685210214 0.0272868171392975 0.411550416658825
0.0118255045920561 0.129928663249482 0.153261977068306 0.444611796639357
0.00951738799846602 0.137884595785218 0.190148382733989 0.410948096265947
-0.00183961780159367 0.142419223132245 0.156877822686981 0.398248433239847
-0.0329090141145035 0.132822854816681 0.0701321122973582 0.350319800257124
-0.0726663164331627 0.0874277326346899 -0.0396906323537871 0.258512082758015
-0.0647072533781145 0.0208838610520833 -0.0460148882669455 0.100084558428591
-0.0355525685670619 0.043919212967608 0.0181615561535487 0.0421316224972517
-0.104768903085682 0.0451198006796881 0.187988115844523 0.0441927243516343
-0.17677408609951 0.0153311838917139 0.487680405437376 0.210808094498748
-0.0207369177449781 -0.0983674171408269 -0.494251269971695 -0.241873605981756
-0.0772898184920383 -0.126495381218968 -0.304433471693044 -0.0429600216246408
-0.130907552277529 -0.0131938038056599 -0.068492869811673 -0.0274134003373938
-0.0755246118669545 0.0950905707478993 0.0580277047718189 -0.033404768707907
-0.00552842191830007 0.0819359115771092 0.0965105093643891 -0.218358225163201
0.0185981074858973 0.063330158496134 -0.0155898402760687 -0.357873348762351
0.0450149982487682 0.03355177214814 -0.132474607617138 -0.419075652661289
0.0529049391875084 0.0351294506184259 -0.18622757475691 -0.423271316438292
0.0644840759197323 0.042743735326032 -0.170926178433875 -0.428510673492311
0.0517264755431144 0.0981120474485266 -0.0917418704861875 -0.397466130788311
-0.0111273738978047 0.131420226115029 0.0156980583225536 -0.291503306199482
-0.0991811278954252 0.137213156103353 -0.0163909392878211 -0.106504839479389
-0.18197672657133 -0.00373152348782445 -0.157346485048142 -0.0824563990810385
-0.108102139521762 -0.141802279584704 -0.297469339355913 -0.227657553039031
-0.0359147986379995 -0.129323477854584 -0.356897745181145 -0.465776018981196
-0.166332655767004 -0.198277199837495 -0.464349922461171 -0.235658598811637
-0.230022343899936 -0.20648952102203 -0.286207906183678 -0.0764010835899581
-0.272957405249819 -0.0189182351153712 -0.0989925931471078 -0.0450174493127988
-0.213043786436025 0.17136813873051 0.0340844407864044 -0.0107935819805052
-0.0937704591881854 0.226760724091396 0.100126442026559 -0.181656566617428
0.00589390226004389 0.234994060211319 0.0139136069236799 -0.316433206691149
0.0927841560409039 0.201186471043233 -0.0916147459991905 -0.374686368718383
0.111629994069915 0.204323489415628 -0.145941378036253 -0.37366261681972
0.124305156150366 0.205095532399963 -0.146242886954636 -0.363041527960765
0.0822462338837643 0.288982483874875 -0.0969234415705589 -0.340054549973329
-0.056692843155877 0.32588394338873 -0.0132580733617496 -0.246564141303579
-0.211556337864482 0.314670538391817 -0.0413693339940556 -0.0689472694135647
-0.385641354083245 0.0944339499680634 -0.186834753129452 -0.0388237074549052
-0.359007088775352 -0.182318154469911 -0.29646260233592 -0.17916565841573
-0.259654102178322 -0.237966000206781 -0.304409875169783 -0.394017438329325
-0.290902380476245 -0.286763365567311 -0.385514314478391 -0.167270135269325
-0.371799408557219 -0.279246562596326 -0.229402915019434 -0.0757699361085262
-0.408699317690809 -0.0329127887760948 -0.110561237502714 -0.06438166508845
-0.349887356012306 0.232498788004115 -0.00183810239664294 -0.00225008630081266
-0.187722073699615 0.354174295837999 0.0705795448048158 -0.127867884790868
-0.0191263413476588 0.385624335338716 0.024705965260851 -0.225609194956572
0.122436428007835 0.345489868574792 -0.0430517576571806 -0.270281519261286
0.153363299685156 0.339473056303422 -0.0841645764290173 -0.266350675380479
0.170254736192304 0.328929168814826 -0.0910639913158976 -0.24625074225709
0.115799314000428 0.431098745378876 -0.0735027714286693 -0.233909539272446
-0.0700644156281806 0.480634413779988 -0.0236889852434721 -0.165172694371813
-0.269155793406645 0.466296653040296 -0.0450985712941079 -0.0202292292919714
-0.518544423900878 0.208346111405771 -0.177802770916799 0.0130384288979017
-0.55044167646779 -0.163060914530262 -0.242228400804734 -0.11485805851154
-0.445203367648712 -0.290002919582521 -0.186227731679587 -0.286516461509078
-0.381232296575724 -0.3398547499506 -0.263925692306164 -0.0416365658333114
-0.494358124450167 -0.315423790043768 -0.129043850535012 -0.0281350155953023
-0.525770560554569 -0.0256834563813888 -0.0911512958004958 -0.066309609283126
-0.45260341480727 0.289210652231976 -0.0402888935663895 0.00419983023185035
-0.259349525915043 0.448162829202926 0.0162795880840722 -0.0503992496389976
-0.0382302491125893 0.489635866731245 0.0196983721005853 -0.0902316007626759
0.135653905855336 0.44045050054548 0.00680940303296176 -0.117756382747129
0.172289712553862 0.42238505998212 -0.00974344624706294 -0.121481327376461
0.188090689882617 0.401219029493743 -0.0162564555217739 -0.100102499545381
0.133425517975904 0.505421810319104 -0.0243218484037958 -0.0999473560610916
-0.071687021100241 0.560644921997647 -0.0117334468258608 -0.0602169343001217
-0.279128289415472 0.542943873339091 -0.031002823301056 0.0289437898041731
-0.562147761708313 0.283574975687722 -0.133362870591043 0.052368580602395
-0.638147404381252 -0.120940648251654 -0.143119413059869 -0.0596462037124962
-0.551087582316578 -0.289288965999866 -0.0205395873951625 -0.166134920269415
-0.424980251422155 -0.33637796895571 -0.110025715980583 0.118647766313208
-0.555221430559932 -0.294658715800219 0.00545491648980533 0.0553279787427925
-0.571790560862818 0.00433913347351803 -0.0455049220799099 -0.0427458260656359
-0.475965161307285 0.317486470867717 -0.0711443315916756 0.0223349528515422
-0.276971642580489 0.47922459268791 -0.0441673291076704 0.0505179437651349
-0.0431178081760945 0.519080406150324 0.0102608598347824 0.0733780841197027
0.13367730273752 0.463912646706793 0.0555390941792731 0.0593725178414119
0.166974203678887 0.439609791301309 0.0638939201672451 0.0413554021800791
0.174000254138186 0.414941908874087 0.062017215713539 0.0549746533442068
0.114322150056 0.503293454125651 0.0355027240693102 0.0421866245779246
-0.0797529713282095 0.543510862175462 0.00944305228066476 0.0506360231226503
-0.264513639768605 0.509731313170831 -0.0126334573277993 0.0712666319115919
-0.513934875645362 0.284125006576929 -0.0768053643182337 0.0717527677033027
-0.609153097949073 -0.0829620802420914 -0.0248395738500982 -0.0229024568654916
-0.562643257258928 -0.246359362020931 0.158922846942114 -0.0498591117164887
-0.404838585141223 -0.27148298168299 0.0587604012952259 0.27890117151712
-0.514611584778647 -0.208376991525954 0.149433042236048 0.143828085119444
-0.495898955770522 0.0500521736429379 0.0131699198192955 0.00170552660228771
-0.392697906049115 0.288182265523048 -0.0837372982392469 0.0523005990734214
-0.231411480176414 0.418893524432664 -0.0877758321950934 0.154881456932919
-0.0332139464019691 0.449858004879267 0.00879528231434665 0.23285813588045
0.114126454895906 0.411690342128029 0.101824203234447 0.228468458774477
0.134056916400025 0.391547991870788 0.12905171093517 0.196896360055628
0.129800158177662 0.371632085241843 0.126253670179622 0.197965661405537
0.065529370371236 0.43132013102523 0.0816775832416575 0.171169358803293
-0.0970468716544321 0.438257882647383 0.0194723337924809 0.147797527458523
-0.231747942356926 0.373507167844446 -0.00750890499325365 0.100292986210776
-0.389128666879717 0.206798600271614 -0.0305009669164466 0.0730074780476987
-0.480020015600261 -0.0528167322328537 0.0773698531717072 -0.000519389617951327
-0.482722590328733 -0.175838319457535 0.317761481287616 0.0511401620258589
-0.314161318399623 -0.153916168591144 0.218107335810542 0.403265551020671
-0.362199553832826 -0.0828856449058527 0.2732911362679 0.207446922999063
-0.305326005064653 0.0789360122020489 0.0767630179208518 0.0481445708232263
-0.225369602291839 0.184637199421937 -0.06858295556012 0.0753989233753141
-0.144600642826141 0.269389609368354 -0.100526495512079 0.231003910912208
-0.0178210614642805 0.301666376877751 0.0207022105013657 0.34939810865643
0.0749687816442611 0.290152334759136 0.140367208002685 0.358459997310867
0.0800690921246188 0.28473007328178 0.175662178407032 0.321291871194121
0.067467227327485 0.277109383977897 0.162022084212578 0.31284982839807
0.00889469123786046 0.300402308871018 0.09613926639772 0.274091975932118
-0.100557487173778 0.271330901883364 0.00425964199244107 0.217992557013187
-0.166498099135245 0.188428419682672 -0.0215095629658255 0.109841083978248
-0.217415862959244 0.109318891853471 -0.00222965468737065 0.0617221705267926
-0.294851935036534 -0.0160343938153851 0.146883044885983 0.0183797463540351
-0.341146724532785 -0.0866973797770691 0.429582280236072 0.132530282215683
-0.157468556576534 -0.0162511782273654 0.335615934473849 0.466219395950882
-0.129657940015857 0.0329123438227521 0.360599924685885 0.231418283386212
-0.0607706718886469 0.0637586068044491 0.139969650301777 0.0721120636272165
-0.042894283181917 0.0305830502622314 -0.0335841658764132 0.0729905171292843
-0.0559534006611795 0.073989540456238 -0.0864392699934335 0.2593339473842
-0.0145511327508599 0.105585776702202 0.0389016303083586 0.402722134767211
0.0150468965398055 0.12576091056935 0.162303461322968 0.428119541984326
0.0147005748442254 0.134575224283914 0.19504998266961 0.396838015068398
0.00434962955925803 0.140467937014193 0.165356278786797 0.38465790851151
-0.0281931369218194 0.131481721260086 0.0806283109179602 0.339094148141742
-0.0683312785507086 0.0860822746194491 -0.0281876212891194 0.255659682510054
-0.0619559354208367 0.0191162452667751 -0.0427676233846342 0.100587450575117
-0.0299812803474064 0.0434634215205697 0.0177993372998778 0.0439614408889515
-0.1000324553915 0.0491229835491602 0.184565403312811 0.0395530240841776
-0.171163861624791 0.0197132492206349 0.480405292145006 0.189118592989772
-0.0218837367168117 -0.0974770384177453 -0.494479273607935 -0.225943013493127
-0.0815314730537482 -0.123609347665795 -0.301700948395933 -0.0348974776676507
-0.130732317630654 -0.00908005306911269 -0.0707076104510293 -0.0276959065708119
-0.0714314632933307 0.0973113453427847 0.0548731171337191 -0.0355481694194811
-0.00249803781654182 0.0821647785382922 0.0885379181253266 -0.218577571557502
0.0211034963125447 0.0631164684795238 -0.0277191493403202 -0.353067132807611
0.04534181513924 0.0318332792897317 -0.143275467662224 -0.408722620916962
0.0524518591925569 0.0328558118652597 -0.194415846592758 -0.413620995670521
0.0634606045765378 0.0402972501770762 -0.179811670281107 -0.418095574694519
0.0544763197997169 0.0944248738584174 -0.102900732765025 -0.392008316163905
-0.00662594463579118 0.132240075298346 0.00656015703779489 -0.289712077911373
-0.0944788304090394 0.140476503467843 -0.0180499593464588 -0.104691271429646
-0.182224453766553 0.00218619927563547 -0.1552067094615 -0.0797307624960752
-0.111433251130177 -0.1391315108586 -0.299896570757905 -0.219455241748219
-0.0391522147213484 -0.126769857681075 -0.360392198673047 -0.450409695628561
-0.165056028186472 -0.193287784962981 -0.463947535288392 -0.220002539800216
-0.233635283168289 -0.199687685613409 -0.286060746112904 -0.0680620111453053
-0.269732595545952 -0.0138223080001625 -0.102137405143696 -0.0454730102607954
-0.204295696068111 0.176015126323384 0.0312457449257977 -0.0122529574482766
-0.0846922241173475 0.227551348639695 0.0903437517494143 -0.182548352433615
0.0127841583605228 0.232396990979241 0.00289304183356904 -0.311223775139165
0.0976170889360289 0.195934896295886 -0.101883535492041 -0.366045938913013
0.115591891167261 0.198350735930597 -0.154920773692543 -0.365257419780674
0.127140869757815 0.199295549393676 -0.152728805219272 -0.35560358916351
0.0902032205339065 0.282500525947942 -0.106265649598027 -0.332596738474681
-0.0459668123010381 0.326238557277679 -0.0204852189005584 -0.243354566298249
-0.200574231934425 0.318753880628345 -0.0422628260357734 -0.0664203185856289
-0.380758068245641 0.103660402656909 -0.183747436342423 -0.0350349882222033
-0.361184863721744 -0.174180487108707 -0.298694096612679 -0.169634777302035
-0.261376715589437 -0.229112708597469 -0.308775977918039 -0.383160929522515
-0.288298757527999 -0.277229308363984 -0.385820884559354 -0.154082887915132
-0.376002055981883 -0.267248770575307 -0.229416156379614 -0.0689723399483226
-0.40491749339256 -0.0253902023256958 -0.113452219873812 -0.0642966949178195
-0.336880348541824 0.238267372879412 -0.00393260441853647 -0.00288445536121149
-0.175952044162674 0.355716374636034 0.0615674299998794 -0.128051573495618
-0.00680811971939721 0.382399333852222 0.0163500887993675 -0.22167443602488
0.130916482171809 0.336704634585249 -0.0499631685693406 -0.265441683955836
0.161350287993839 0.331490585336121 -0.0907588648862756 -0.261236724109387
0.177154394513785 0.321173705757462 -0.0956303794908045 -0.242459728191054
0.128694466849765 0.421863961101666 -0.0809989021606715 -0.228249464451575
-0.0533020374589473 0.479255308627816 -0.0282925609857921 -0.161623867357569
-0.250540706894515 0.470445086914548 -0.0452426737146769 -0.0178809031868551
-0.508040140044665 0.219555416509575 -0.172595546999607 0.0168827661332681
-0.549769936812518 -0.151707839700753 -0.242008645277135 -0.106382048280074
-0.443664817772842 -0.276609373354192 -0.190153372176266 -0.281011005303432
-0.378638134932509 -0.328719548918841 -0.265078629335813 -0.0326930149166815
-0.498114344665936 -0.301738744021401 -0.129778795419572 -0.0238469328021994
-0.51990248813857 -0.0183381168857846 -0.0941454872324141 -0.0670357511533465
-0.437666717166355 0.29566025161976 -0.041421759084243 0.0041689970363207
-0.241760450668281 0.451722486369098 0.00873429808924405 -0.0498771363340776
-0.0239553565700562 0.485085089104653 0.0153420722741182 -0.087345308692873
0.146411922971942 0.427897870552021 0.0036326085198058 -0.116702368395607
0.183316090232669 0.411554356824699 -0.0143924727245746 -0.119123692665307
0.19841667998749 0.392051711048478 -0.017367776107055 -0.100166050471473
0.146478787298085 0.49475866457176 -0.0283889631121071 -0.0965082749295448
-0.0529945444668747 0.558141519911669 -0.0133431219318626 -0.0578792492552394
-0.260521668428946 0.544829454025718 -0.0304670054751271 0.0310427914457125
-0.547476314751382 0.296143536911932 -0.127633493613591 0.055548730270363
-0.637675589589167 -0.107118033935325 -0.142014938365544 -0.052992444451435
-0.549567135701907 -0.271122932385229 -0.0249014904528683 -0.16707544695611
-0.422523358572267 -0.324857145154353 -0.109860125237078 0.122351241574722
-0.557129895215085 -0.278884395768449 0.00560663833868195 0.0551508642213284
-0.56234147197159 0.0148231930049812 -0.0481220110168228 -0.0441914270794909
-0.461941351025334 0.324877208969389 -0.0718308438221374 0.022800734268243
-0.259058379456657 0.481391399535654 -0.0495214401273461 0.0519676343832881
-0.0279768176789605 0.511349667685222 0.0103530882261926 0.0738500149702164
0.143091022537178 0.453611650571894 0.0573924863595618 0.0555099910431257
0.176104911599545 0.429474888363415 0.0626256720548051 0.0400778031574381
0.183926781598743 0.405761245030216 0.0638512220129634 0.0514824994212497
0.127463039457508 0.495010867527955 0.0359259681372418 0.0416753987570359
-0.0614085964607819 0.543270839188465 0.0109920072484282 0.0514116760002184
-0.245971636395569 0.509018387480563 -0.0113412668910321 0.0733739740265871
-0.500081775062944 0.291805116273963 -0.0712299069775061 0.0745925390144674
-0.607178920664728 -0.066287983337492 -0.0250827902057794 -0.0195483234432655
-0.556259666813892 -0.231419597393167 0.153655308780195 -0.0570810885356631
-0.402952418439539 -0.258528435298068 0.0606900140039022 0.276405510697389
-0.514854472593213 -0.194638282570387 0.150104821026817 0.139354118724492
-0.486512084307777 0.0580857010954207 0.0115414288313928 -0.00111341559078849
-0.379177880798865 0.292452025167756 -0.0829552291646392 0.0524854518410971
-0.216522966672336 0.420060206557837 -0.0895142077788349 0.156541863993923
-0.0205635788158969 0.444553117554122 0.0142469330829512 0.231145543482689
0.124560650070928 0.401497342351746 0.107555409823635 0.220898589623942
0.144768163553072 0.38241977301975 0.130307542508135 0.191901199536523
0.139078227134447 0.365152541312769 0.130231270977518 0.191231498981006
0.0769903876794612 0.42535125367748 0.0862454654697243 0.167670055145233
-0.0820031361653431 0.436833473509871 0.0245747564240494 0.147400749599986
-0.218943334740863 0.373838895867047 -0.00593446589292901 0.101465763548572
-0.378567294014641 0.214087750978672 -0.0264238641516439 0.0754845091550987
-0.478506930633694 -0.0401579896766018 0.0767710020940392 -7.18308919869401E-08
-0.47822238764442 -0.164014913821612 0.31223957607451 0.0385587454486519
-0.311083326936303 -0.144493832572428 0.219274085955119 0.394591965115853
-0.360208575257371 -0.0735320661944136 0.274668711484009 0.199227454175222
-0.297498576556591 0.083622843383193 0.0769553302774318 0.0437782706086741
-0.218137487070704 0.187755852178399 -0.0677798070407988 0.075497873192697
-0.135790099262067 0.270486346991699 -0.0982688684173972 0.232369850059792
-0.00976332029069032 0.296850601066853 0.029550738796627 0.345474583846216
0.0819666820935841 0.283146526145959 0.148842450412431 0.348566061540043
0.0886448169252178 0.277526230660316 0.179688016334103 0.314695186114863
0.076788875383806 0.272105653070575 0.168253174230289 0.30289342576882
0.0173264212719063 0.29729242339485 0.105042072350951 0.267539478807872
-0.0910892860409678 0.270533195625997 0.0120129941935377 0.216770000219396
-0.159208399516113 0.187519701194199 -0.0190778670105327 0.111191414208086
-0.208357886176555 0.112225710152281 -2.70209488331108E-05 0.0643418323528641
-0.290794430686793 -0.00731980356161712 0.144907476669775 0.0158657561553229
-0.336633184730951 -0.0774054473781676 0.424709211817756 0.115689456461674
-0.155791845987534 -0.0117929298026161 0.33848004403619 0.455222606062942
-0.127254552697637 0.0351888713553332 0.362220473821455 0.219953089529606
-0.0567027926153925 0.0628462653206695 0.1411990849223 0.0669917771748892
-0.0427397239736983 0.0293895822541829 -0.0327742368973634 0.0724338397323245
-0.0542021618639978 0.0739412053179061 -0.08101119780051 0.259650526039503
-0.0122602000029623 0.103821710485432 0.0491586547320578 0.396809198685294
0.0184654254455031 0.123173008254276 0.172634035550201 0.41742295352885
0.0197292226577289 0.132673646763216 0.200789263869347 0.389097162682995
0.010334600068063 0.138374959724974 0.173108704998648 0.376396427198289
-0.0236155846303321 0.13154195954329 0.0912385468139429 0.331886811794717
-0.0654191067154347 0.0854215593956833 -0.0188371667503185 0.253775858056338
-0.0609269450899235 0.0177541050680454 -0.0398171909026108 0.102297684289439
-0.0252365199579886 0.0419632490759806 0.0183808506164271 0.0464727563749544
-0.0962017584153177 0.0526850371484863 0.182920007891066 0.0351242671248168
-0.166684703893075 0.0240327690689977 0.477361679319693 0.170208925208268
0.0056381547757989 -0.100438370477248 -0.443999855412465 -0.307320303047577
-0.0548483936329802 -0.135236179773283 -0.28331808173503 -0.0879003824479068
-0.123673187853466 -0.0313780297701958 -0.0648526384435884 -0.0465968189485958
-0.0830366423918483 0.0818282751608843 0.0562229622608286 -0.026675149865323
-0.0159620413018864 0.0821876637597386 0.122982753639318 -0.199258452563375
0.010120348868756 0.0685443222051413 0.0343198193461243 -0.349421107862628
0.0354473373122658 0.0397738995877717 -0.0651181399035887 -0.427404648277835
0.0443274893824214 0.0427867126995539 -0.10838667373013 -0.43766589457881
0.0529632882490238 0.0518987449268715 -0.0958373161895459 -0.438768029464291
0.034852528565812 0.101790980754335 -0.0255362261206096 -0.394620164525532
-0.0314328247336715 0.128955272719917 0.0600953426010539 -0.275749869813257
-0.119953257041653 0.117313736345782 0.00122015800580891 -0.100525767226814
-0.181676988391882 -0.0369611632695066 -0.142073834838218 -0.108942597124235
-0.0839505387737158 -0.158608531888833 -0.255469785676715 -0.278255248593801
-0.0126211992149044 -0.130520301615363 -0.263870116069632 -0.527370492837347
-0.111262094712058 -0.218695404980789 -0.416058811728798 -0.298726278094425
-0.185777174391159 -0.233290501991743 -0.258103835855862 -0.123090250243537
-0.254291477492567 -0.063065029390098 -0.0915781560555516 -0.0736693896639243
-0.222162301946796 0.131273872429477 0.0279177968743689 -0.0108652317481047
-0.121166106924205 0.205915921720387 0.118434898085096 -0.165828727420333
-0.0278492662749837 0.228997660514201 0.0534905710921939 -0.30575710454218
0.0581419811136811 0.206556091707915 -0.0321425014490736 -0.376923114224183
0.0765434353305895 0.216321804806508 -0.0800657613806413 -0.383566137443
0.0835914758403743 0.218816678472239 -0.0814646105037729 -0.373622515346848
0.0330086391791541 0.289974754445609 -0.0408450797292443 -0.335554304506214
-0.107070492031118 0.309522368805081 0.0235562844431306 -0.228749689983361
-0.257044771425292 0.265834052999876 -0.0328399928985401 -0.0614403750966175
-0.397215433111426 0.021232723193698 -0.184059950270765 -0.0664198486049509
-0.320280378550541 -0.242774770510572 -0.26533890216776 -0.232546020607447
-0.20725837254958 -0.275639505982793 -0.229744044319006 -0.449670075246769
-0.21313619569763 -0.322173450926897 -0.354519149950858 -0.221513228155205
-0.309809371247499 -0.32212037450235 -0.199996906558324 -0.118867861547384
-0.379886253519341 -0.099152516086877 -0.0985457746077535 -0.0990583219968351
-0.358695211861356 0.164733916203047 -0.0104274712382617 -0.0118986079574913
-0.230004574784462 0.310961476053313 0.0805534946250658 -0.120161683127352
-0.0741475973215679 0.368083172929428 0.0477090433624813 -0.218434288021691
0.0658419179792737 0.347901317654265 -0.00203886407831357 -0.267297279289057
0.0964717418355282 0.356769619451697 -0.0383740991053761 -0.27013452289216
0.108516229242331 0.346245153613457 -0.0474431739693177 -0.25269137124507
0.0434327924217753 0.431512550939615 -0.0368860220752026 -0.226768000204845
-0.146342482877348 0.456036716007983 0.000414303901292549 -0.145787418768185
-0.334640227046137 0.399305092410365 -0.047096741598471 -0.00890437698931339
-0.544933606733283 0.106447500626085 -0.185936926486587 -0.00931098001565013
-0.507159976728354 -0.259344338381108 -0.225414155753432 -0.160752574351814
-0.374657519533792 -0.358094967611401 -0.134873710046683 -0.323058034327153
-0.291776928559529 -0.386718708971815 -0.258823614294496 -0.0834884529463312
-0.422098002872377 -0.375024374169519 -0.108422558698116 -0.0615266221945321
-0.490453381181252 -0.113109628221693 -0.0785617984924805 -0.101915798035557
-0.462735261997222 0.199842690022851 -0.0491068388752692 -0.0137174465987669
-0.312277311871881 0.388772681735014 0.0146061975691003 -0.0544640034819568
-0.1105824956743 0.463124486797185 0.0203785128282075 -0.0886991008371953
0.0652333869880345 0.438970308811308 0.0229690975197763 -0.111651618666922
0.103510655181154 0.437890832361847 0.00774154992716422 -0.118287351833046
0.114773556593289 0.418778777651778 0.000378867571185151 -0.0988475112542391
0.0466738569625696 0.506266779303529 -0.0107932938333596 -0.0885383518241382
-0.159523203600914 0.533074210280969 -0.00495318164211602 -0.0388114246439502
-0.360033067037927 0.46796510434737 -0.0424425972478172 0.0443641193900098
-0.599517872720483 0.171491005220353 -0.150729136283685 0.0414934864739233
-0.599497723318603 -0.232682797285794 -0.13696639840105 -0.0887994458683348
-0.477667270025407 -0.376462315903657 0.00616665632366066 -0.175848230725205
-0.33745095541195 -0.389771642726021 -0.135836805822956 0.0956279876025527
-0.485668234200442 -0.363744188721882 0.009087473083739 0.0368890860232931
-0.539852335361023 -0.0890136794127154 -0.0383616740120742 -0.0724374596753552
-0.491258547216786 0.22256428412989 -0.0820496088954062 -0.00131299109820697
-0.334383866482079 0.414373851029865 -0.0595655131767927 0.0340488578268221
-0.120982634750635 0.486050349754578 -0.0136805097763152 0.0682566272650637
0.0587677448719105 0.461448293113543 0.0421531407197989 0.0674025862168814
0.0946968741041557 0.453443155612761 0.051233278415434 0.0508047613543629
0.0995928017216245 0.429780003614947 0.0508228440175685 0.0631679122884959
0.0296606302936977 0.502228896560185 0.024408465621501 0.0568267459409562
-0.163588519917575 0.515314804823839 -0.000882748275602574 0.0714458060145072
-0.338682636034404 0.436563270060195 -0.0322424228077505 0.088192201635424
-0.549321507162588 0.179019202298751 -0.0972264127123531 0.0712334377245142
-0.577701583892001 -0.188359131184217 -0.0271037751744462 -0.0307015660675221
-0.492223979552121 -0.337584362833612 0.161608092139833 -0.0284606917323747
-0.334635466883428 -0.323358331559958 0.0018442527225003 0.277798563703767
-0.461463399658997 -0.273775399242363 0.132156411340091 0.144840912591284
-0.474781274727226 -0.0322261450251847 0.0108599296096954 -0.0172569404821281
-0.408154254219188 0.206694773314815 -0.0973592311709083 0.0270854726841539
-0.282063348031287 0.360057332492043 -0.116835637645272 0.129897454841741
-0.101320377337362 0.422880693011946 -0.0373168707704129 0.222545845694146
0.0500391437241423 0.4086848637153 0.0600919988528838 0.238556977185411
0.0728320348915791 0.400143624841819 0.0874924430876242 0.210850257189967
0.064689799277159 0.380165619326202 0.0888019055171106 0.211674304187379
-0.0046654491457006 0.424440815575824 0.0493597927279117 0.185385853729573
-0.16205724230955 0.407911380417067 -0.0060819383107974 0.163529408954975
-0.283530864043209 0.311159654223116 -0.0319444377325352 0.112659208727679
-0.412420347697056 0.128616883767145 -0.0495929365194268 0.0798663926261844
-0.455819324538737 -0.136113260428047 0.0707946987364498 0.0100356737279356
-0.428954323791073 -0.256438704505725 0.300587514241224 0.100424374411991
-0.273370983653821 -0.196485375197047 0.137222447677502 0.423510150947688
-0.336977535374515 -0.130920688427161 0.238136236562015 0.230349213784655
-0.299154941027497 0.0260610551053475 0.0647886744978134 0.0454654215604523
-0.238434238281951 0.13554010074609 -0.0842485069397592 0.0556753085491345
-0.179388207452617 0.230603844552492 -0.138352508956272 0.204774260950097
-0.0646054784243472 0.280122295854945 -0.0403265738992295 0.338470015606434
0.0307096704829612 0.286013826126343 0.0766331958680631 0.370984749223913
0.0378529930307333 0.288474767978427 0.112481481713909 0.339098857772794
0.0221131792748859 0.278649111903461 0.104274015411919 0.326754857988549
-0.0371377951512998 0.289344648314398 0.0485057328233245 0.282522895317048
-0.140372617756378 0.242333466958916 -0.0305896734666517 0.222287889044238
-0.188841169325669 0.144498243418991 -0.0449693655274601 0.113618237845091
-0.223841898916401 0.0649257750715608 -0.0176061029518245 0.070897776972946
-0.279914132517163 -0.0664914131933874 0.137209371137215 0.0417977008943066
-0.308827378415099 -0.143172226735584 0.398305534801078 0.201449590706307
-0.152960046011831 -0.0395625880890589 0.241948081886647 0.503999039038828
-0.133480668215797 0.0138882655938728 0.313140599648232 0.273422200389867
-0.065920644061616 0.0502659489956564 0.123538494504574 0.0882372773969708
-0.0461576269841495 0.0178029105728724 -0.0465360234082703 0.0631859210567633
-0.0661469303687792 0.056953273190381 -0.125770550506923 0.237869091065075
-0.0324642783353278 0.0936274365038397 -0.0255285909007974 0.394977801455916
-0.00183527586772737 0.120846918544483 0.0867952165366767 0.442086581148319
-0.00383617231832622 0.133284781133715 0.118739695180795 0.415044902731332
-0.0157705618710633 0.135706076458824 0.0957310086348628 0.397946347502718
-0.0463980234232533 0.122552199165848 0.0245464880823368 0.338136243530693
-0.0802599029840584 0.0677743828947265 -0.0657685886585194 0.245730344152183
-0.0606651530900046 0.0020464674430117 -0.061026053950102 0.0937030043995634
-0.0292979346798842 0.0352481090024313 0.00853891587800863 0.0541022399698284
-0.1016246359625 0.0317405117973844 0.172365892214466 0.0711911296578241
-0.166342277163329 -0.0104467457879709 0.440813444217084 0.266455449988285
0.00445206834094913 -0.100136537885747 -0.443088460428637 -0.289829149029687
-0.0584216848306802 -0.132155848949842 -0.280385599630236 -0.0786681935501302
-0.12238485898502 -0.0263693427693619 -0.0676849008326775 -0.0459836626687124
-0.0777999487971403 0.0846157357691387 0.0526936161448933 -0.0276601369387118
-0.0116217314020586 0.0819768858701308 0.112416728489638 -0.199825693494119
0.01331362119024 0.0680886389398915 0.0210798646666407 -0.34340563860955
0.036067128979934 0.0389379246829597 -0.0778405658769079 -0.416602283158564
0.0438121532027109 0.0398533864991722 -0.118925044404928 -0.428312263898517
0.0526585615520906 0.0493492990480851 -0.105264179064025 -0.430030516048552
0.0374926747117991 0.0977538396056275 -0.0380236305011462 -0.386926495337202
-0.0262379478886997 0.12977718013137 0.0503961701579567 -0.273909009075969
-0.113702114924473 0.120813775639016 -0.000252906221029007 -0.0986167687637427
-0.181800679605585 -0.0301826339735041 -0.141751440284023 -0.105022166774703
-0.0880966057740766 -0.155164537232055 -0.25781166238466 -0.266942166476941
-0.0151255760185631 -0.127005957007577 -0.271780824431647 -0.510164228167565
-0.111553206022982 -0.213531439442684 -0.41722950513688 -0.279589339267542
-0.188938844508334 -0.225070416534057 -0.257131631856503 -0.113424914472813
-0.250659305677938 -0.0556602635307752 -0.096429266510702 -0.0734402642038419
-0.212664425791585 0.135547365045462 0.0244288263903659 -0.0115379961893497
-0.111108262521098 0.205986129481857 0.107915398523823 -0.165920662854175
-0.0192728161353687 0.226398137607905 0.0420547666383453 -0.301260395965768
0.0632265714772185 0.201121492982536 -0.0429137754406364 -0.367992232413123
0.0818641117441999 0.210153129454405 -0.0901215238415457 -0.375563829664043
0.0877027372381427 0.212089931740158 -0.0898518315733114 -0.365461506049582
0.042468449229823 0.282851679460397 -0.0518506840470607 -0.327747282205859
-0.0944866630614115 0.309820323130961 0.0156765982704794 -0.225991776360826
-0.243500855591889 0.270928540186186 -0.0338845400849174 -0.0581164245089946
-0.391755738135236 0.0321659205046565 -0.181664271558177 -0.0613940009830247
-0.322389171878188 -0.2323875555052 -0.266350837253704 -0.220955545688232
-0.208393550394843 -0.264631471940034 -0.236604693203203 -0.438041180887763
-0.212806190082156 -0.312314096225081 -0.356263222060284 -0.206846870646476
-0.314254499160947 -0.310664606974518 -0.20044971216635 -0.110532370722084
-0.374036380111538 -0.0900419552348777 -0.10408892477464 -0.0991498654596566
-0.345584634746017 0.171751082890693 -0.0130224013337989 -0.0112148477378366
-0.216343135575848 0.311266165571338 0.0699149804530088 -0.119618723181146
-0.0605108221820839 0.364325267237527 0.0382802502735088 -0.214272741864579
0.0747141593049181 0.33950309947802 -0.00991632985738947 -0.262908331258721
0.107278468545106 0.346526923186579 -0.0456252646471244 -0.265096368456989
0.116634374032255 0.336506979946827 -0.0536499371410218 -0.24762981624157
0.0561588845883566 0.421874903351717 -0.044523580809419 -0.221149520286304
-0.128586269030447 0.455378453197176 -0.00409868873431224 -0.1421073227525
-0.31697279815508 0.403438729444998 -0.0462574562469716 -0.00578714233449627
-0.533421606907831 0.119933380759019 -0.182409757071692 -0.00396589831345224
-0.507039166304361 -0.242996067341044 -0.225700222486076 -0.1510773660461
-0.375433589528436 -0.341613791272645 -0.140665096724868 -0.316420386352528
-0.291392986697628 -0.37343742254174 -0.258692737891427 -0.0724905444324922
-0.424994999255491 -0.358615921247705 -0.108691370520955 -0.0563265737338118
-0.483834241148029 -0.102483278522013 -0.0843877607587778 -0.102900483325941
-0.447277432558505 0.207848496624853 -0.0510804001725228 -0.01255516887755
-0.293735269115575 0.391621393734262 0.00648135211614149 -0.0523730943794164
-0.0942873233868309 0.457170223268475 0.0157779469237602 -0.085788154058477
0.0766585711097059 0.427804628136037 0.0190754410861751 -0.111766300831897
0.11672717600449 0.426213762632655 0.00282900315480649 -0.116491538929353
0.126016333357573 0.407636632455954 -0.00183768378884789 -0.0986126464644849
0.0607140792718418 0.494851538278642 -0.014534269739478 -0.084986179896216
-0.138866762826094 0.531280351933783 -0.00549001835306481 -0.0363778722984318
-0.338527059342478 0.471202664101349 -0.0409007061738796 0.0469111721988864
-0.585139721966719 0.185777576861976 -0.144664219501215 0.0456769225501654
-0.598148411531745 -0.21301529636046 -0.136559359568329 -0.0808425311515028
-0.475202860598632 -0.356788376057831 0.000296677324782181 -0.175896905085133
-0.335421841248832 -0.376921232717612 -0.134911569733004 0.100400950375192
-0.487544700477554 -0.345505158080668 0.00906483397515545 0.0372526849257156
-0.530559082722211 -0.0772405542656403 -0.0425672007534665 -0.0748277159657082
-0.474578878772636 0.230669835737004 -0.0830536319736908 0.000236009837492528
-0.315362141301506 0.416014410783207 -0.0646740116018666 0.0370783191342855
-0.104909018110352 0.480305466204199 -0.0134132640050597 0.0686284407321725
0.0718829707878524 0.45102388210207 0.0439832894852902 0.0622183934088396
0.108766868453205 0.442956606690234 0.0503049325027041 0.0492653660539363
0.111473665011334 0.419040220177595 0.0520222235154959 0.0596230395464394
0.045270409112744 0.49432091759638 0.0253294226165167 0.0563622904773889
-0.145413774079159 0.513749153160782 0.00220966558478541 0.072056588723971
-0.320204640330791 0.438919040348363 -0.0293388483454728 0.0899084680152882
-0.534586618709899 0.192121658620809 -0.0911798249109845 0.0751143011746178
-0.574708169569319 -0.169408499253617 -0.0273842567393291 -0.0268812268126668
-0.488560014353393 -0.317872064419389 0.155491038723619 -0.0360628944170881
-0.333403185213705 -0.309828848598547 0.00544896547069309 0.276281893810507
-0.462175685896452 -0.257513986741463 0.133177794689497 0.139871503756043
-0.466377846758719 -0.022067368671115 0.00798547384144456 -0.0210787921036581
-0.394698348105697 0.21351862636585 -0.0976528704864471 0.0282518981094065
-0.267740643844776 0.361862310678748 -0.117740626332797 0.133411618127509
-0.0877847156003069 0.417132046007132 -0.031412421407539 0.220999722542503
0.0608769341753899 0.398097400342946 0.0665029327383148 0.229360962348578
0.0842237770657311 0.391675915743386 0.0905979665151715 0.207047655404588
0.0753357187161182 0.373578956255866 0.0930495292205603 0.204117041512955
0.00825067400094892 0.41823299957905 0.0537647203799574 0.181998732728153
-0.146018928508071 0.406647898393504 0.000380264149734138 0.162811012285486
-0.268360260831221 0.313144081115814 -0.0285532109693454 0.114352812725692
-0.399754338145353 0.137300366193172 -0.0448854868074821 0.0823496113966265
-0.451006601440741 -0.12197191082182 0.0692792864989615 0.0107284646766344
-0.425287006860204 -0.240990834630589 0.295947112598439 0.0868184349767843
-0.271443039097593 -0.186726133983077 0.14188021440535 0.415151393201305
-0.337505546427531 -0.119557248005675 0.239492008712392 0.219885132353025
-0.292660891138622 0.0322920029579069 0.0635489239938311 0.0405366753032578
-0.230374668431874 0.138482390092713 -0.0832368581624603 0.0565257778150774
-0.169079811074576 0.231956652160655 -0.134476951465767 0.207495061791755
-0.0564171083783015 0.27664370318787 -0.0297684353779886 0.334794667424922
0.0376845802522674 0.279182423894477 0.0874869365441568 0.35847521055499
0.0472354290314658 0.281472342259589 0.118377937061984 0.331590655237497
0.0315683145869083 0.27279098038324 0.112357285935212 0.317195952381786
-0.0269894230144674 0.286607989631454 0.0571249779885313 0.276107791302261
-0.130039556392477 0.242647931639815 -0.0210285455036439 0.220578166055504
-0.180966265514611 0.145308130729458 -0.0413297212708477 0.115074044260877
-0.214348301913911 0.0683112748560961 -0.0139333702144307 0.0730137542968255
-0.275470706647801 -0.0568070200218711 0.134419859993294 0.0390628731980573
-0.305389231482779 -0.132650200832157 0.39418900034368 0.18346222774874
-0.150472498013482 -0.0339297483901997 0.246816043188339 0.492500494306021
-0.131255161078599 0.0176285463751254 0.314298746524834 0.260090117234171
-0.0617786357417282 0.0501630508210365 0.124134653122554 0.0818124331037022
-0.0457232680197538 0.0171488485044876 -0.0453001740993857 0.0628788996265784
-0.0644703716245543 0.0574043865010816 -0.120346280275286 0.238336486058951
-0.0299961764238395 0.0921694380220258 -0.015103986235473 0.388550637553288
0.00170570705738624 0.118769795250069 0.0981923354766223 0.430428850628751
0.00187042302856661 0.130980672345668 0.126429910743851 0.406531160054625
-0.00993846001741006 0.133543552006446 0.10616839439631 0.387292716420418
-0.0411548989971229 0.122073299448616 0.0356424929587076 0.330404764093142
-0.077078880085515 0.067693741495036 -0.0543361351851384 0.24403583987535
-0.0600436262295509 0.000904410049196124 -0.0572332074137127 0.0955429968945169
-0.0242885209478682 0.0342503778345593 0.0100290729044535 0.0561989186955476
-0.0978211220284355 0.0351480511774972 0.169515691140077 0.066653591902012
-0.162912160218622 -0.00642752443863135 0.437631570147386 0.246141821253631
0.00398228343801831 -0.0998646887345509 -0.439691092701742 -0.275684302467857
-0.0604408457173418 -0.129441326077048 -0.276298914364123 -0.07109740427847
-0.120467952752538 -0.0229085049027973 -0.070948751125586 -0.0456790485829066
-0.0727583321617838 0.0861933733464613 0.0496568682387044 -0.0278727514844209
-0.0083342117475888 0.0808709083943767 0.104783038432102 -0.198853455372026
0.0166864609547638 0.0673151894889597 0.0122961380362779 -0.336537711676059
0.0363076843128981 0.0376506458978807 -0.0859730151460782 -0.404649896110614
0.0429522214151518 0.0377575889346986 -0.124411451467004 -0.419082048595449
0.0515004833669233 0.0467272520402166 -0.111784488662213 -0.421635595513604
0.03936755960122 0.0945237189895445 -0.0455839286358802 -0.378213469402779
-0.0217657786647735 0.130340894710165 0.044201168006018 -0.270438471403091
-0.10908015926032 0.123321594106703 -0.00145908169303298 -0.0969671276882085
-0.180972001444438 -0.0256016121756708 -0.140712448510035 -0.102688946229798
-0.0901243773308049 -0.152722879016315 -0.258277924070988 -0.259245201067835
-0.0159829723634716 -0.122534551007459 -0.272122192140467 -0.497953977727394
-0.109531937345984 -0.209489647830906 -0.415253494792503 -0.266368702066416
-0.191036754008807 -0.21909886199924 -0.254560731407762 -0.105626648695719
-0.245576745545695 -0.0517040137610191 -0.100348732174023 -0.0721805448180633
-0.203891844043834 0.138243257450975 0.0211817031941986 -0.0113581947032629
-0.103250054418724 0.204417392806736 0.0987965914941662 -0.164390237367531
-0.012647061123409 0.223051676193752 0.0327242606608347 -0.294633710982912
0.0660525065581958 0.196161640875769 -0.0507094388648549 -0.359569462814755
0.0841752788466227 0.204674362235979 -0.0947931685742671 -0.368025623048264
0.0895962627636758 0.20599467134151 -0.0951978621007339 -0.35884686412949
0.0476423797196746 0.27582525263874 -0.057986179813087 -0.319259104457847
-0.085631736717045 0.309071983269233 0.0104263389822467 -0.221460719892166
-0.233487189044976 0.273228856943271 -0.0343999419613201 -0.0557039588068619
-0.384521413047546 0.0391870718450063 -0.178886162827546 -0.0583527748738596
-0.322308465180755 -0.223229891726748 -0.264989848363269 -0.213867405847101
-0.206234798769665 -0.254775773559853 -0.237903020421368 -0.427891654616152
-0.208059028312144 -0.305602852408084 -0.352706949622814 -0.195017115742976
-0.313753730085776 -0.299356697190424 -0.19888104234559 -0.104445657073699
-0.36707938212977 -0.0853036836162323 -0.108670422164243 -0.0988366981897369
-0.333755889080061 0.175085712314326 -0.0157676209233294 -0.010095124419161
-0.204887484040607 0.310150397180025 0.0613505940050284 -0.116844447121074
-0.0519854663727296 0.358556805056282 0.0320546748047493 -0.209347970377183
0.0795062881257779 0.330092209227905 -0.0155261319386497 -0.258535111663093
0.113327845247316 0.33804190751285 -0.0504129651542329 -0.259999501021471
0.120338810479373 0.329468646389233 -0.0572011751283309 -0.243803697929955
0.0642096383920642 0.412136211656079 -0.0492829567761729 -0.214072558269719
-0.116042400626638 0.453107079316548 -0.00700345949187063 -0.139183436597056
-0.303433105745532 0.403360763928707 -0.0455653529033444 -0.00275161243917369
-0.523245163779565 0.128123994705306 -0.177504487190912 -0.000486638013231961
-0.504385736886676 -0.231946854402911 -0.224287399746283 -0.143995956190573
-0.368490252939739 -0.329357140451455 -0.143800043437511 -0.310222488825314
-0.285944102345109 -0.365293421210956 -0.256493119756048 -0.0642617797442423
-0.424142185477899 -0.345955010838711 -0.10837545166068 -0.0528451589353453
-0.473892616064101 -0.0957705440835969 -0.0897447392786085 -0.103550145519772
-0.43489059474299 0.210605663291543 -0.0531058990224761 -0.0112784690726693
-0.280602470452253 0.389345556883638 -0.000912190342300319 -0.048824525488618
-0.0829471357147501 0.450682089314202 0.011951152561048 -0.0827552682553869
0.0827356282785202 0.418437681732472 0.0161938113258826 -0.112205217608443
0.124002813549941 0.417201611178512 0.0003266179029436 -0.114026923035927
0.131056089747674 0.399918255421557 -0.00418993910933196 -0.0980318061381872
0.0700240272647914 0.486142794324033 -0.0166247586357153 -0.0811773629428562
-0.125204543611411 0.527852507488003 -0.00548502322660727 -0.0344323901648277
-0.322852656122286 0.469091430501848 -0.0389732699676206 0.0495089595417694
-0.571903083245328 0.194330128054677 -0.139938041071118 0.048438987874477
-0.594564430051079 -0.200885221278835 -0.135923820600838 -0.0749994618053673
-0.468430994363611 -0.343761479178358 -0.00450559811304291 -0.175008087007166
-0.329546566770953 -0.365805230887751 -0.133390017583788 0.104469186381451
-0.485915064551328 -0.331715535810149 0.00942667441052205 0.0375370075055931
-0.520735648840794 -0.0702346249329022 -0.0480324448999074 -0.0770827613751861
-0.46256385398806 0.233678162200338 -0.0845907387338396 0.00105899016205629
-0.302585819795392 0.414674895406111 -0.0690831309813793 0.0408019316065994
-0.0943501650446181 0.473644914189752 -0.0133829849649729 0.0701973341649652
0.0779891112019972 0.440465712491507 0.0445811736344997 0.0575070965303657
0.11693421145109 0.432350885197054 0.0491323235865702 0.0487243723552213
0.11735840845339 0.410923896729345 0.0521311650465183 0.0566171588330393
0.0542793915498789 0.484029112209837 0.0255450580298089 0.0570742470467311
-0.130645576555305 0.509543668617998 0.00463829546323618 0.0722249511519435
-0.304633376829619 0.436229109247489 -0.0272568029415944 0.0923820551935995
-0.52001423817518 0.196798529138947 -0.0858719838082693 0.0766682093786751
-0.56870657430125 -0.158984156903609 -0.0279259326385465 -0.0230926182554479
-0.480777715282265 -0.305277280312756 0.149835050100123 -0.0412877068530732
-0.328002232117154 -0.299479025770714 0.00645660061470956 0.275304547334783
-0.460514051780968 -0.245224455699587 0.132757811782529 0.13681115035125
-0.457763450041052 -0.0159281978077454 0.00372648755790177 -0.023921501009587
-0.384133248025277 0.214667899605361 -0.0974969777758061 0.029004166984073
-0.25507260167373 0.36050105703477 -0.118275286605275 0.136012274698298
-0.0793404905401438 0.411782597045336 -0.0280656525465888 0.219401445060485
0.0660816492372416 0.388515215254208 0.0693865674547915 0.22112999757553
0.0923062772831766 0.382138512235628 0.0911354389321039 0.203339864925648
0.0818844050984061 0.364846614902844 0.0955608861155434 0.198855014733569
0.0174487000942542 0.411148937456116 0.0567864758653124 0.178461576016023
-0.134784013061751 0.402109660400028 0.00481686888558318 0.160796369592783
-0.255823347812357 0.311720222201292 -0.0256789602800217 0.115283664045745
-0.387480697468723 0.141155804245264 -0.040745035388958 0.08438239103431
-0.446079728279796 -0.112246879604686 0.0671123864929548 0.0121818833078371
-0.417054805556642 -0.229292336697209 0.28843456842997 0.0765764845388237
-0.265046204101134 -0.177497443001115 0.141898575626194 0.409718516787931
-0.334662070062879 -0.112220159043629 0.238242841941853 0.213472969665372
-0.285656381239397 0.03529823414178 0.0614024313010129 0.0361382891066512
-0.224722581960571 0.138677475906188 -0.0829988432548366 0.0566628104393062
-0.162765256498295 0.23124990926551 -0.132019476536085 0.208270227841717
-0.0506612443458921 0.272483338745012 -0.0238923187486743 0.330179350542647
0.0419980871356424 0.272249006071961 0.0912308792517712 0.347815303255382
0.0530837693537961 0.274908469213451 0.121766506469636 0.325758805903447
0.0371508647062271 0.267914650832097 0.116581801647312 0.309628493619212
-0.0203787043611276 0.28242585963223 0.0624795150173893 0.269898409348576
-0.12282590691027 0.240552853592717 -0.0142901934266113 0.217702722147893
-0.174466745531976 0.143991199844658 -0.0385510133384791 0.115660392807567
-0.206254954826298 0.070009318510681 -0.0113310074812151 0.0752020950989989
-0.270939801066455 -0.0507668100658518 0.131122884624914 0.0390572063399143
-0.299769305314398 -0.125700127707017 0.386157341443228 0.168810836122969
-0.14643162418768 -0.0298733843285367 0.246515582852953 0.48147501903822
-0.12929890317974 0.0201507886708301 0.312536126626626 0.250746682080743
-0.059500968323292 0.0496704622534039 0.123374708520709 0.0774918547457502
-0.0464389440583264 0.0165903450019578 -0.0448347153027246 0.0616183363407371
-0.0632015995098568 0.0577250319234595 -0.116202338337569 0.237171310261575
-0.0292614578923338 0.0909507069901187 -0.00775107297992868 0.381799950915502
0.00350943546916584 0.115862148277213 0.104741103343869 0.417892792897704
0.00559718934094642 0.128702331952809 0.131369221373736 0.398988190858245
-0.0058558576943016 0.131721902642905 0.111465393579862 0.37806966527272
-0.0371084797331354 0.121079828245122 0.0430026104865779 0.32256279284697
-0.0749366862410318 0.066689734557736 -0.0453976446987322 0.240822360733687
-0.0597593544160714 -6.38306297622529E-05 -0.0539910332211642 0.0961731920661009
-0.0198658497058649 0.0328556257713967 0.0116897450744027 0.0577830099025104
-0.0936468493150563 0.0369321608722101 0.166512539613451 0.0645983599471426
-0.160513503662646 -0.00445196030784627 0.431888704135936 0.231441771247868
0.00425598660495712 -0.100012930507719 -0.437396876013993 -0.269645958351808
-0.0616570806205963 -0.129147026610432 -0.272839618479481 -0.0683213327871127
-0.118652668506557 -0.0218880339775121 -0.0738468873446553 -0.0456519145968671
-0.0698218705920718 0.0869833203826433 0.0479028288227007 -0.0270282592373356
-0.00586268989933137 0.0801120458834427 0.0992317467094365 -0.197999292122365
0.0188347881626838 0.067154640550902 0.00667848278229981 -0.332427377942249
0.0366022955981268 0.0374115150550182 -0.0891905912512573 -0.398082679598399
0.0419649560218262 0.0368350504606749 -0.126875426489761 -0.416307226576684
0.0509308585256248 0.0456718739511814 -0.114890076937883 -0.418803871243935
0.0396028798546192 0.0930042722440399 -0.0482104225871773 -0.372994222458869
-0.0186370199556105 0.130968260569843 0.0401535301569225 -0.26867034862183
-0.105882508342344 0.125129528509308 -0.00133445086699556 -0.0953523681732916
-0.181897580423843 -0.0230213202871625 -0.13910106460843 -0.10199135951814
-0.0910597444772783 -0.151898484878413 -0.256126545806456 -0.258113496040269
-0.0142295067854112 -0.120373966858426 -0.271056074895886 -0.491745405749022
-0.106513540626924 -0.208662521616393 -0.41214786420681 -0.260810779209986
-0.190591852442021 -0.217028062481529 -0.25213792181913 -0.103110234136859
-0.242107628351492 -0.0512918512769247 -0.10420300022805 -0.072439788027478
-0.199043219811418 0.138060809009797 0.0195832305127698 -0.00968358572271283
-0.0989083541190224 0.203110792115964 0.0931138623735927 -0.162576862343653
-0.00875570255157298 0.221585809582959 0.0275402752458475 -0.290719464810032
0.0671690824541545 0.193622098101967 -0.0542908513979488 -0.355548798781422
0.0852827475575049 0.201185787474679 -0.0963526517650005 -0.365270495547887
0.0899038383338559 0.203416215533687 -0.0968787508984788 -0.35589998934224
0.0492386696790712 0.272675846546166 -0.0610106897359134 -0.313932005217109
-0.0797775184720156 0.309186338895618 0.00788162266514114 -0.219613402403146
-0.226914766321729 0.27343797987169 -0.0336355628662178 -0.0530178860428506
-0.38206802869431 0.0426279280806214 -0.176869803168813 -0.0574136196793459
-0.323682254298815 -0.222181181129056 -0.26443046288762 -0.21107812388285
-0.202410316649318 -0.250274464233687 -0.239014582542076 -0.42437637568374
-0.204041692579936 -0.303660204327512 -0.349935986180665 -0.188764694485236
-0.313707382078773 -0.295785758378106 -0.19705082023442 -0.101261600136893
-0.362348304035123 -0.0844283692134045 -0.113800849689711 -0.0994923125738857
-0.327703004020274 0.174257542230223 -0.017463317970585 -0.00853739558984671
-0.199316020954595 0.309048481004113 0.0555324020382893 -0.113434920020579
-0.0485505654185701 0.356765364813132 0.0274320028296169 -0.205398191253147
0.081073527187992 0.326519979809065 -0.0177730917682378 -0.257392464207139
0.115727515141723 0.333100370768121 -0.052339892469767 -0.2576344799929
0.121455861356737 0.32542953837569 -0.0587189804214477 -0.242466637877511
0.0656398345927114 0.408203239743696 -0.0511334066847485 -0.209786792260372
-0.107570285459163 0.451923141165486 -0.00775205544523633 -0.137186710829925
-0.295318476623687 0.40275314250956 -0.0445977840228531 -0.00033754666199574
-0.51819045562443 0.130219681152671 -0.175018712973404 0.0011663427211975
-0.504712910752382 -0.229156616816755 -0.223332671087223 -0.140346176702523
-0.364548855228326 -0.323810414239771 -0.144236018657718 -0.309702855144326
-0.278823133054271 -0.362795999928114 -0.255556501655617 -0.059272552583503
-0.424858789851817 -0.342093216852583 -0.106763181489452 -0.0498137458908257
-0.470581063718052 -0.0947732575503604 -0.0949823790887988 -0.10494424455794
-0.428255583403593 0.212084728166492 -0.0547280149129566 -0.0100272873716451
-0.274666350387024 0.388290355923174 -0.00613552116073445 -0.0451616853229693
-0.0793741287531665 0.448357996067441 0.00964978485338022 -0.0796108017641773
0.0845729110368004 0.413112228063659 0.0146626639861746 -0.113529221382395
0.12672561507011 0.411450663241911 -0.00113750056958619 -0.112770637951857
0.13289606233763 0.395187993016469 -0.00448190256600481 -0.0989310672958653
0.0740896289405738 0.481459953206978 -0.0173168772798771 -0.0781337168139594
-0.116842414372478 0.526583250965609 -0.00558885018766968 -0.0336709267920915
-0.314429943550733 0.468016041089633 -0.0377467969725096 0.0518808533953225
-0.563748364401545 0.195397504006733 -0.136090186397955 0.0495726144414353
-0.593008287708667 -0.197783286662676 -0.135302009856084 -0.0718214078182732
-0.460196268779223 -0.336957684466793 -0.00659826146487622 -0.176801468665278
-0.322503039529981 -0.363890793676734 -0.133397206738633 0.10798275149833
-0.486162361729143 -0.326982608976425 0.0103249059717362 0.0393047034480339
-0.5156410202949 -0.0682266043687986 -0.0531818374632349 -0.078973761773591
-0.456154880307547 0.232707727694352 -0.0858261802187916 0.00149435256138926
-0.295359093774506 0.413009739016672 -0.0735822717560881 0.044299086280151
-0.0902669167249371 0.471344184563958 -0.0137669516250854 0.0718166759273209
0.079569182049 0.434742644193486 0.0438326102996505 0.0532757575030162
0.120294654317843 0.426422007627609 0.0487415904315759 0.0492944434334095
0.11940456833079 0.407746702233951 0.051890913193197 0.0548711352993749
0.058644918195168 0.480059652783256 0.0255813179390607 0.0582350425635694
-0.123723773260389 0.508853715528339 0.00619753233208529 0.072506028046415
-0.296637704974428 0.435290604840178 -0.025569263550379 0.0936602448553065
-0.511915386743934 0.197704281449317 -0.0830398328745966 0.0782124708155489
-0.566296865311858 -0.154735228507618 -0.0284671302072009 -0.0197833465420371
-0.473938861497813 -0.300892748194061 0.145896763765365 -0.0440521514373972
-0.320479008979764 -0.297636351931407 0.00492495910217975 0.276247866382032
-0.459082103707117 -0.240555825357491 0.132822174189436 0.136288931059354
-0.452391424182818 -0.0153950945733426 -0.000649853749819292 -0.0265159594118064
-0.379028743873159 0.215089101012762 -0.0992804359482472 0.0290702657537966
-0.250884377238252 0.359692705715627 -0.121480246504403 0.139029292082439
-0.0774552016815944 0.4089786978838 -0.0264129850048074 0.218627090021199
0.0658259525610056 0.383009224878266 0.0703539179539845 0.214504642045853
0.0954950437675171 0.377350267413655 0.0914967663138095 0.202325759401559
0.0865045492389756 0.361859248739347 0.0956898908211522 0.195142338556913
0.020964611935998 0.408917882078491 0.0588226894160097 0.178122292672061
-0.130082323057736 0.401222550975816 0.00840295620422279 0.159543266919424
-0.250907705295325 0.309106690222948 -0.0237651687238846 0.116684510183062
-0.380638742738573 0.14157911200033 -0.0376529674164705 0.0861391313524523
-0.442660621410758 -0.108361834188755 0.0658694713673481 0.0153411200558342
-0.411635033064721 -0.225138576709574 0.283247203538063 0.0711276398775641
-0.260373052806356 -0.17552486092486 0.138148766844474 0.409408478813565
-0.332825416175625 -0.107723996057648 0.237935386230574 0.210656314156141
-0.281750784482017 0.0363076477712367 0.0584994370439207 0.0337073069112424
-0.222547119783291 0.138074052775054 -0.0836908725553015 0.0555553751859965
-0.160635756578727 0.230782620796289 -0.132949045340686 0.20971788963159
-0.0502075048645369 0.270944033199228 -0.0216364303702503 0.328035416211617
0.0430565170985815 0.269264353308593 0.0929607451916168 0.33999870703554
0.0558472467728507 0.271629251675759 0.121927282605537 0.323913082569
0.0402472891585859 0.265088881650056 0.117342264361757 0.304711267830931
-0.0167426669160521 0.280051018693138 0.0650883221350761 0.266721967745345
-0.119127870217482 0.239056106462795 -0.0095709334539051 0.216756239434094
-0.172023484125091 0.142065627003242 -0.0364730906982465 0.117182959412642
-0.200325417439285 0.0693433907476334 -0.00893370517614846 0.0771278756922414
-0.267683436209263 -0.0483669222852214 0.129414913223738 0.0409777565991215
-0.295989380153264 -0.123134574408188 0.380663638385111 0.162073404881688
-0.143499624713253 -0.0280856892415689 0.24229144447494 0.480626884187566
-0.128211098536151 0.0215418664279391 0.311134973167091 0.247339404881033
-0.0572650212104206 0.0492030060404642 0.122181939048917 0.0746738697091519
-0.0469204230199703 0.0157528795057619 -0.0462133934246978 0.0600332352272401
-0.0633792692543856 0.0583800568606196 -0.115905586840035 0.237117737869324
-0.0303562547006078 0.0909155444313922 -0.00496494947023326 0.378037141143294
0.00364956477621226 0.114613182076795 0.106099608984669 0.410396265078282
0.00785895169068315 0.127273676531696 0.132464261016584 0.396382100085623
-0.00368092688192096 0.131085490012553 0.113193187599161 0.374481330885091
-0.0347967975844135 0.120674354729649 0.0470261325648369 0.317526218736331
-0.075074790571014 0.065884482342838 -0.0405154790749598 0.238207653514603
-0.0597649406588732 -0.00156442376171433 -0.0518751735294844 0.0971408993120523
-0.0161919450282434 0.0309013646606711 0.013066533244476 0.0606755977901248
-0.0912998368410409 0.0382903150592144 0.163986460719566 0.0653996007236278
-0.159879739297327 -0.00351273409592556 0.427830086977543 0.223095799056586
0.00424770655840607 -0.10203919521595 -0.43937596951142 -0.270178392472684
-0.0638925044912442 -0.131105753681823 -0.274984179414403 -0.0678768024833565
-0.119536122445438 -0.0221363870103469 -0.0775231641093956 -0.0463317865874404
-0.0677291439262708 0.0889394764920729 0.0475680317416776 -0.0266885309045585
-0.00394200349981162 0.081002959223995 0.0965126212216643 -0.20036339137139
0.0219572753429081 0.0672455512422602 0.00231452839343629 -0.334099842340284
0.0384812953472648 0.03799921260203 -0.094082336391276 -0.399808987801273
0.0419971876947238 0.0372835991419531 -0.130448779614539 -0.42199667239075
0.0508277338380851 0.0455388385424965 -0.117051158367535 -0.422547854493078
0.0408434137359101 0.0931867435456998 -0.0513832780806622 -0.375244226563489
-0.0166760922548275 0.134266736547689 0.0371831748750018 -0.271748108499146
-0.10423058846319 0.128908850062994 -0.00175750166449967 -0.0959433023244583
-0.185223365831102 -0.0214705721042518 -0.141152259697129 -0.103519880973606
-0.0942113947051847 -0.154023477121248 -0.259852234998052 -0.260637004783063
-0.0120663298025094 -0.12079356057473 -0.273704731105716 -0.496104767080076
-0.105667818868515 -0.212525791459511 -0.415837991397936 -0.259382178887138
-0.194533314766554 -0.219186558373179 -0.253738298065871 -0.102241193857602
-0.243600487821939 -0.0530522441859475 -0.110531884429122 -0.0742838906789554
-0.198408755319309 0.140768112066227 0.0192961641114849 -0.00811000961068691
-0.0975675735464824 0.20592318986178 0.0900035163606731 -0.16285825280089
-0.00500308063126628 0.224015134781939 0.0244608931408762 -0.291646856193846
0.0696085839279861 0.194880417720636 -0.0577086000250081 -0.358456500677273
0.0876145853799739 0.202496848005505 -0.100807909830902 -0.369000480456734
0.0911442687119101 0.204957747231514 -0.0996075021675662 -0.36039299430542
0.0516737127384095 0.274330855272996 -0.0638018253542277 -0.315551373951376
-0.0767434115765307 0.315033309336662 0.00597902838129238 -0.221469496743813
-0.225427817987788 0.27914031530907 -0.0337421733787922 -0.0516356221684162
-0.387532641604578 0.0453060006147675 -0.178394372889347 -0.0578797164206518
-0.32920626586932 -0.224136395516083 -0.268934746066452 -0.212442942451468
-0.20115460972546 -0.252304654557225 -0.241027062014064 -0.428857614021952
-0.202372526297504 -0.3103473032918 -0.353268464158853 -0.187119346114864
-0.319833775382593 -0.298984182998476 -0.198068904101202 -0.100268799409372
-0.364585878186924 -0.0873713006188749 -0.12089808959279 -0.101635836705482
-0.328964839695466 0.176463470498193 -0.0184473420293147 -0.00732741721774315
-0.198096531140579 0.3142509237634 0.051227014485852 -0.112205135681401
-0.0448912388962421 0.360235353352538 0.0254725151360365 -0.20509705848249
0.0839741586110642 0.328336206630377 -0.0205572513266566 -0.260571199401762
0.119851244635941 0.334260954817383 -0.0547447098868109 -0.260591388898969
0.123852405074003 0.327755047998737 -0.0606962900463561 -0.246725592680617
0.0698722228915914 0.41163345663815 -0.0533249963227473 -0.209188246395304
-0.103666483694306 0.459744264098144 -0.00917075425730503 -0.137728996528284
-0.293127594623713 0.409687461291895 -0.0441730096105455 0.00241858358970362
-0.523890837299943 0.135239095249 -0.175689468069411 0.00114513159819436
-0.512087732398615 -0.230617697206309 -0.226587200058673 -0.140672089734059
-0.363159783419932 -0.325651460793565 -0.148330598158592 -0.315842288742637
-0.278256904937136 -0.368376216340899 -0.258748503872326 -0.055719476382029
-0.431543997604231 -0.343865152222437 -0.106536794581665 -0.0488548558260148
-0.472847457010505 -0.0986334626184131 -0.102542665269652 -0.107591464288562
-0.430687280885939 0.214059847209443 -0.0570017875141599 -0.00924354324825164
-0.274574344154737 0.396084620384074 -0.0111365907952725 -0.0427059984903318
-0.0767747162394881 0.454633379338793 0.00845439847601561 -0.078165044907151
0.0879143569668961 0.415223427069127 0.0137047476493461 -0.117389323732083
0.130457767427103 0.413582439194694 -0.0018117549757845 -0.113529441498669
0.136624052118191 0.399794779074332 -0.00527132333860419 -0.100932709189609
0.0768038841557291 0.485879060548644 -0.0178571814577795 -0.0764181828054835
-0.111967283517243 0.534457351303301 -0.00520053794736007 -0.0331648027759042
-0.313865498913029 0.474839681248759 -0.0365451938471136 0.0554145273582704
-0.568075342930435 0.201518071809204 -0.135524329430429 0.0515271202959523
-0.601893822460404 -0.199683287888513 -0.137746746620574 -0.0693885102235621
-0.461403655900955 -0.33994230158257 -0.00931391846753009 -0.180943896054353
-0.322697764983082 -0.37025494992307 -0.135210623259653 0.113486678967785
-0.494456223840367 -0.32836806231616 0.0127326461319067 0.0412274548792635
-0.518764489150048 -0.070126615829386 -0.0593173106282122 -0.0821762384529702
-0.459163791582462 0.236759912280891 -0.0882945590361287 0.00226313259873765
-0.297080080596809 0.419918845100124 -0.0791220807942149 0.0484578126783417
-0.0869639842652123 0.477923576820789 -0.014083542352838 0.0743119767291845
0.081846603931265 0.438644549380967 0.0434961353279215 0.0496306821674994
0.125219745855987 0.429337573115337 0.049253454267904 0.0498228651844979
0.123400576718074 0.411034853077398 0.0528243265375669 0.0542575688819877
0.0626153356102635 0.486424507864801 0.0270712758244903 0.0607809169220722
-0.118934502475053 0.516577973214547 0.00826959440251604 0.0730971465944497
-0.296365935106571 0.440823167236285 -0.0245681888097398 0.0974409473687414
-0.516037327787814 0.203201700053037 -0.0812623341977578 0.0808997554326479
-0.575450408087863 -0.154686218563371 -0.0281800464981775 -0.0167224549673161
-0.473555087262146 -0.302206383776873 0.144398889144334 -0.0484839444865807
-0.320287109105305 -0.302580705072443 0.00400620046636194 0.283594989480233
-0.465885300935333 -0.239761451524362 0.136041291160363 0.138514530446554
-0.455482912249605 -0.0146053572308703 -0.00537042710976968 -0.0291791143530188
-0.382592161815303 0.217289814151112 -0.101977657402684 0.0296233647374048
-0.250490599538406 0.366015105604315 -0.125762943787509 0.144079402183791
-0.0761730140822714 0.414712654797252 -0.0259679949185664 0.222400617992618
0.0692011721213423 0.388202493863468 0.0709435396559154 0.211679666463587
0.0999352681494394 0.379353522703677 0.0934522533180055 0.20454828652036
0.0899681570305092 0.365426426022801 0.0979631366237523 0.196377647256063
0.0259462438047526 0.41269368898717 0.0612355956713883 0.180180055150925
-0.125276303231475 0.407730054308779 0.0109269627480854 0.161412911792533
-0.250708544280438 0.312103874509791 -0.02264131540595 0.120563670251317
-0.380242845845519 0.142701462385922 -0.0353757721238716 0.0894051051307712
-0.450220588309342 -0.108062311528061 0.0669771468481565 0.0187810494804114
-0.412147690828213 -0.225747266419073 0.283203526232299 0.0673839113216845
-0.25965661028495 -0.177699002446403 0.138012878366859 0.416690437692727
-0.337574694740689 -0.106232477201393 0.242082497063324 0.212861339085571
-0.282788502421296 0.0366947760431424 0.056205164098848 0.032082515814412
-0.224519416676097 0.139435704777665 -0.0866003459154273 0.0566046679736996
-0.160919647473835 0.235917289946957 -0.137065648229445 0.215265910499869
-0.0507724928607595 0.275652233960013 -0.0203272534590464 0.331378299377196
0.0431509901956654 0.271621456306982 0.0944951792116503 0.338272074258706
0.059013335704039 0.273396207659577 0.124682547729511 0.32754449709537
0.0431785749887927 0.268321355901878 0.120437892296177 0.307256867788358
-0.0142335725823302 0.284104050598039 0.0692534037081355 0.268915798367241
-0.118540643694202 0.241671659800199 -0.00605215619096453 0.217970136271502
-0.173359146310447 0.142523499909482 -0.0355384967225213 0.120107763569456
-0.198586994461286 0.0687011443876486 -0.00667588020268135 0.0808870194789257
-0.270890189571819 -0.047284287023339 0.131103094166312 0.0442368619727856
-0.298040869831667 -0.122569240502592 0.382835722928677 0.158515577509354
-0.143509275975216 -0.0282187701615983 0.24173098167964 0.488174887458793
-0.129492357760206 0.0242354410772715 0.315471097422544 0.248932513153371
-0.0565605684616033 0.0504229982046082 0.123119387743162 0.0739538022290878
-0.0485546487446734 0.0158146899750102 -0.0484326750949025 0.0605332386336976
-0.0643380140769163 0.0603659886794383 -0.11747941435466 0.241005545496651
-0.031338393001243 0.0930893233570634 -0.00286767299628532 0.381429500154609
0.00328314026446862 0.115698871063302 0.108912562120417 0.411305875002339
0.00929085422044345 0.128095670203472 0.13620932989812 0.401259084852765
-0.00133363509208698 0.132705763860117 0.116080811243953 0.37630273600086
-0.033555632901769 0.122123205169105 0.0510119637569289 0.319813922386623
-0.0764332345851639 0.0663662575452483 -0.0358436357933483 0.239591752715047
-0.0616109064535646 -0.00335388142460786 -0.0506298551712666 0.0991208538229328
-0.013105354686102 0.0291583962259649 0.0152697685883044 0.0639980841656711
-0.0910630369822143 0.039646476726574 0.166123759526461 0.0677956061391125
-0.162099269996007 -0.00139394809804809 0.430356395377084 0.219828145914096
-0.0590742046174268 -0.0882825502348038 -0.528117971678535 0.0566976916222814
-0.130147194822953 -0.0664471331240803 -0.26885826858498 0.114629156436669
-0.111849821767838 0.0529221775128859 -0.0978558333376751 0.0149064703970293
-0.00111878824776875 0.109419113288724 0.0241208842351529 -0.0461081161491714
0.0450598870313964 0.0665902412039533 -0.0469523343053389 -0.21824636990051
0.0588001398345043 0.0401236645763618 -0.205970378032744 -0.265123140427923
0.0529935110438795 0.00783254427465386 -0.327694118498683 -0.264143751259482
0.0555175882363212 0.00417564314736145 -0.370863376965387 -0.258850023274835
0.0664190565485104 0.00390810933543001 -0.363162293246252 -0.267844083526439
0.0907167417684083 0.049476584906739 -0.277343267757192 -0.273355346011993
0.0739307333619081 0.119272793273312 -0.140439995311562 -0.242876577325394
-0.00469736196086087 0.173452420419305 -0.0602201278169538 -0.0776676844337598
-0.173741646614577 0.105574913324191 -0.179304903565843 0.00423689460627508
-0.18583336017813 -0.0669948816602517 -0.378093423768078 -0.0451812583584382
-0.0917111389106265 -0.101181364667857 -0.540997884045839 -0.227502394774856
-0.212777112946178 -0.118468211183781 -0.507544183145923 0.0591271780703791
-0.285869193260424 -0.061816657340128 -0.279710015756073 0.075337442064057
-0.231730304555968 0.100300227458909 -0.146895359998846 0.0172692534380151
-0.0759210831723317 0.226061715030553 0.0113506628722981 -0.00682565484700474
0.0447270746486645 0.222810880715968 -0.0266124078825337 -0.17916888518733
0.132081279119871 0.182771017086348 -0.160838463173895 -0.240782923225402
0.173548463781578 0.11463794212596 -0.270841622829247 -0.251957056181161
0.196400486641045 0.109144064095191 -0.314113356202158 -0.236361601577627
0.201034302067245 0.109875068914438 -0.312651674752183 -0.228822292217741
0.214578591279811 0.191226366793201 -0.251087875744753 -0.216208799596826
0.139833614289386 0.307066078982793 -0.131005344524682 -0.183245880659454
-0.0109303767705804 0.374328116832518 -0.0563654355798022 -0.0234779733151048
-0.301723131544763 0.294401184914896 -0.176708278765648 0.063923650280254
-0.427027487325447 0.029036794056202 -0.352035695108102 -0.00727031163146017
-0.334652425453658 -0.0873890505781852 -0.462961361277414 -0.196879516462463
-0.34831039766312 -0.144712992620976 -0.419086846347775 0.0870249535115574
-0.43130550440178 -0.0526774050798215 -0.238337909783276 0.0438134659456535
-0.351138144268529 0.142587595990023 -0.177153135673675 0.0060086139997293
-0.159763540984474 0.331883560318347 -0.0208763083741975 0.0240834705913699
0.0277509180407746 0.36971633740577 -0.0255024591981946 -0.111484710218561
0.184034757749322 0.316946338683991 -0.10514534677685 -0.168368158316464
0.267538755062475 0.212991241261365 -0.178138003715769 -0.197035689318158
0.306192322797326 0.196797991406029 -0.209219532514309 -0.177207233266355
0.306577912610811 0.190801703278724 -0.209583947715754 -0.161024669131805
0.318628472675529 0.29380496852479 -0.175894145022554 -0.137106694639823
0.210289246369501 0.446147385753268 -0.0887915634385353 -0.108431815109023
0.0155076443383868 0.526060056118004 -0.0298966086312892 0.025919467511777
-0.356049807910229 0.45960936120424 -0.134580095755281 0.108824764165724
-0.582603030445413 0.145339624422538 -0.269949739542369 0.0185624044233834
-0.516629520707566 -0.0423465217136996 -0.306961222596673 -0.169626569220905
-0.445312095719348 -0.151365240277988 -0.262498801306346 0.14123698603697
-0.547138366487018 -0.0254418878353789 -0.136246911199246 0.0298933401714025
-0.44595687159041 0.198228330334029 -0.169439324007637 -0.00657151961040578
-0.221647555332601 0.420943660363767 -0.0549174653949414 0.0513529743482025
0.01631963419972 0.481323078201473 -0.0316159295850508 -0.0135937386516754
0.215130463774954 0.412852039732059 -0.0389814638893418 -0.0523331765027734
0.324313860212321 0.278719195350663 -0.0592720258704072 -0.101849425247786
0.366124176612641 0.253679798401281 -0.0739844100057434 -0.0909977223891935
0.363812311156344 0.242509477295161 -0.073681272316141 -0.0778577107159088
0.37282474697524 0.34962291016318 -0.0634974027571784 -0.0512063893487942
0.252253441351378 0.514067424432121 -0.0186770443856305 -0.0277814900992116
0.0395777482378289 0.594217386267114 0.0108439714679799 0.0631561428150802
-0.35201902003751 0.543354533963889 -0.0693508609826516 0.122872538317024
-0.635080992447584 0.227527757283955 -0.151547595341721 0.0157507712497143
-0.607973175903709 0.0116995765190533 -0.103599989788327 -0.154809424809722
-0.481079022128163 -0.12620926413277 -0.0577212904952583 0.204574226214728
-0.587386733612446 0.0244424483543831 0.0146396065657384 0.0306386625992192
-0.465594848454227 0.247799226513601 -0.118492187027696 -0.00970573796669883
-0.231552438663326 0.454722940723946 -0.0741880103400583 0.0825297022098531
0.013943955999573 0.515885122952654 -0.0287508044057514 0.103021028610671
0.221495161019624 0.438266932637139 0.0392161700964568 0.0846732889376721
0.333717167288808 0.301021285037354 0.0706628414453913 0.0151444119394509
0.370417694733385 0.270132568001923 0.0700447838611008 0.00926406678894935
0.361923021020205 0.259567240727057 0.0715264710341557 0.0112411882185374
0.362248682273718 0.359398194250264 0.0595638263839241 0.0317196837066795
0.234216436124063 0.503496814994997 0.059432171849402 0.0498099602679217
0.0307547812867909 0.552015020972747 0.047552611600909 0.0899945391451104
-0.303142050765585 0.508161377144885 -0.00575261328738386 0.112572002063891
-0.580854444811151 0.24598340236056 -0.0288225228428068 -0.01099063578193
-0.591818309892823 0.0546506514927315 0.107162611773635 -0.147909653132494
-0.439075693015923 -0.0701312484063582 0.164382285188643 0.255192639614451
-0.512102384687688 0.0797339597303974 0.177918678305304 0.0335496208737453
-0.377998177847786 0.255387085222877 -0.0373628939994827 -0.00105425969303223
-0.180517331155086 0.396013486856773 -0.0676761689161661 0.110255333375356
0.0187349021111863 0.444297037491118 -0.00852560970000382 0.207243700100405
0.19221820726985 0.38097418678904 0.12115284304607 0.209210843903243
0.292840236200507 0.267356710632791 0.193960649667076 0.129193967534959
0.32020889449022 0.2458662267426 0.202646638185483 0.106759027520532
0.306611486088821 0.244514605570693 0.198861509424031 0.0979865966901717
0.285925604045435 0.32311397904753 0.162579568675957 0.106844018260474
0.158463084416153 0.417442620032275 0.116870094980346 0.119476216347772
-0.0122444525112405 0.416055095870295 0.0620011229121465 0.108648812450477
-0.22774373927226 0.367187092274758 0.0355711063057405 0.0919335168311857
-0.443183284297701 0.201729640825451 0.0706781726288692 -0.0397431205533449
-0.486305359423544 0.0789878783997149 0.290365291398696 -0.142482930619587
-0.31599826413639 0.00020554769730525 0.362677074590384 0.274464515343346
-0.328907055749347 0.111788192071051 0.316206092655311 0.0278678826631538
-0.20658565501941 0.196254178946661 0.0578497874148272 0.00489509929458121
-0.0993969120424369 0.243196119064181 -0.0370212301786918 0.11419354893429
0.0124208036268595 0.286268898632356 0.0261970720304496 0.267358541254253
0.12820738335962 0.253643955820198 0.192737554892671 0.288350559041853
0.202245778487256 0.190246105648257 0.292343291336475 0.218021854497794
0.220340479772695 0.185596793537833 0.30546060294396 0.187723385623426
0.208114144741104 0.192790085972507 0.288657030065474 0.172998194822425
0.172052822495596 0.240925461701543 0.224531652430712 0.173716529560907
0.0588969542904324 0.276505973359271 0.13763377027771 0.175639609485971
-0.054799348162099 0.227363837295181 0.0508352591432073 0.118297830116612
-0.12166848638357 0.184910748816693 0.0517331793093001 0.0683816873165505
-0.252550848521706 0.136008995707585 0.13696852258362 -0.0560512079541671
-0.322258100570203 0.0940030687141034 0.424315983124197 -0.13041423933123
-0.131799395643024 0.0597250523560946 0.499514193434933 0.258719275883274
-0.0870236004234429 0.0947879582790004 0.406562209036433 0.00803321810611514
-0.0136906007054996 0.0730021920780871 0.145432678450636 -0.0119804681785526
-0.0304601122977241 0.0417432623404984 -0.00337424626576161 0.0837571955009413
-0.0147400102931298 0.0880825356252647 0.0548497945630906 0.27120924649027
0.0322406208035155 0.0943769062155781 0.236423729004134 0.312829959225858
0.075137688144211 0.0893944355316195 0.347819930671298 0.267818607499933
0.089371499057872 0.0986991051028973 0.361673976287541 0.24132912588086
0.0860187503646364 0.110326507999394 0.331599670125271 0.230456900649107
0.052607944106914 0.120608083707534 0.242885556945187 0.225698929936593
-0.0205375268968305 0.10532910610631 0.125287430566141 0.212920103135733
-0.0543023335984127 0.0363009738513093 0.0241563733556795 0.112856392925964
0.00997819855049488 0.0300553762657739 0.0567518193139182 0.0430734036958103
-0.0459759887988555 0.091425563419683 0.179155802636129 -0.0542349921738639
-0.130971935511295 0.109982393794718 0.496741345322226 -0.110196996109237
-0.064724357603414 -0.0893787936885927 -0.541246583991366 0.0811931394460036
-0.13941764246143 -0.0622899197541665 -0.270695624744123 0.129872307468201
-0.114254989981355 0.0589942813826029 -0.102973550789329 0.0206566062208929
0.0051234328025108 0.111950967036635 0.022962186008457 -0.0487287218834885
0.0498915178691346 0.0652155422687425 -0.0600255585679652 -0.220593336322917
0.0634808217039194 0.0359629218020031 -0.224770340992498 -0.260887537351325
0.054666907447175 0.00465112706961148 -0.34971761786252 -0.254541764011015
0.056636001436732 0.00168113403251069 -0.395173136829203 -0.251138595780539
0.067361628604727 0.00107591705937066 -0.388412847488581 -0.25977027552542
0.0956611485476215 0.0462671271938887 -0.298917397517973 -0.268494520503795
0.0843007048244077 0.118369081870335 -0.155559056386327 -0.242914125969531
0.0058161378007966 0.178973346211988 -0.0640590009273309 -0.077445434940971
-0.175171152194371 0.119187258454365 -0.185892496651394 0.0109971871570835
-0.196612309243562 -0.0606506664743184 -0.393865500236981 -0.0288998363799437
-0.0970196233942444 -0.103538075286377 -0.566388741647167 -0.209714257413341
-0.224843418759896 -0.116723821104156 -0.519059131006264 0.0833544813105017
-0.29878829843499 -0.0507625222905516 -0.282134087120337 0.0892819837073406
-0.236183107597439 0.111308397041254 -0.154317271084765 0.0261799581295424
-0.0666034245923394 0.235307891813027 0.0121128275231933 -0.0070248464142552
0.0571983187720765 0.226159997964314 -0.0374938790190781 -0.180758954551307
0.145529455387577 0.1803763611022 -0.176229924560388 -0.237267328917843
0.184173739844562 0.108865912959114 -0.292074003409291 -0.247288588821786
0.207087020381286 0.103101492846224 -0.335056946823766 -0.229357588596017
0.210404575353165 0.103865054650036 -0.333553855737263 -0.221741092444287
0.230383815798045 0.187092456421633 -0.26735932144503 -0.209509316474436
0.161399237738246 0.308844491940281 -0.14315430950838 -0.18220081866986
0.00809450848930992 0.385365000546574 -0.0566682125456304 -0.0204243463883128
-0.297410344222362 0.31915659075653 -0.179376798772005 0.0734995626850837
-0.442518347016412 0.0499077440888477 -0.364438416590778 0.0091074364578691
-0.345965525668489 -0.0794346439036702 -0.486397989528467 -0.182648329555991
-0.36569786333027 -0.139709437865229 -0.425618533145447 0.10944613574355
-0.447769328175546 -0.0351753083503241 -0.241512096153961 0.0536242205747051
-0.357154551295592 0.159557625016045 -0.188047042486829 0.016979869486565
-0.149225062293247 0.346488100149022 -0.0198075751508082 0.0257135656544479
0.046838663365223 0.379211963618556 -0.0325696693756075 -0.109430146083743
0.20621279139506 0.316612482612329 -0.11487947053549 -0.166278958856952
0.284892918006621 0.206432798339165 -0.195376195880548 -0.194119541994083
0.324330988949115 0.187976453687458 -0.223798390295049 -0.173940006011952
0.323764231073859 0.182893802999287 -0.224527928742531 -0.156586382453844
0.341576826285609 0.287092912759644 -0.184735960052913 -0.131771373634976
0.240091407089974 0.450218019233599 -0.0957971234520135 -0.107460497304754
0.0410925550909679 0.54121428092465 -0.0261592448509624 0.0287969379187263
-0.346709117258761 0.490554348865606 -0.132473472074993 0.117055312922697
-0.598542157881436 0.17763190579015 -0.276538774995503 0.0322557224798507
-0.531927429626808 -0.026611902487622 -0.325395833148631 -0.159977573512242
-0.465042199292371 -0.1441009982322 -0.262414550338605 0.157958900803687
-0.565913618981894 -0.00142313546679964 -0.136184219880229 0.0341514187361994
-0.452130621184906 0.219096850898465 -0.18080914428112 0.00331438219404776
-0.209800600896208 0.44190572410723 -0.054122629051549 0.0557133335350353
0.0393036039712378 0.495613545965634 -0.0339453117088573 -0.00777514714181857
0.242882648659473 0.415826413926218 -0.0409275946439777 -0.0501286323260642
0.345916956228888 0.27469663463516 -0.070376517111257 -0.103135850509659
0.389264481641306 0.243411175678627 -0.0806134453863192 -0.0913130793882725
0.385608163900707 0.232803558683533 -0.0799343966255217 -0.0770944412350292
0.403672655262114 0.344072796394208 -0.0655021476925289 -0.0493297293402818
0.286956641701893 0.516977529503942 -0.0196079994314295 -0.0276727984383377
0.0687425664797102 0.609245435320299 0.0170735639530624 0.0655632763111664
-0.337869332379912 0.576083857444928 -0.0631815515389621 0.128919378775377
-0.646519194121788 0.266460620295474 -0.152944153707512 0.0239149250305539
-0.621723805662554 0.0342846696155777 -0.117397310722176 -0.153907944661279
-0.501273405160194 -0.116069879675665 -0.0473592437529213 0.21527561016539
-0.605128362730379 0.0518906493086847 0.0189550058599811 0.0280638926067443
-0.471019510838101 0.272412750282675 -0.128578615958667 -0.00167907616687904
-0.217870139694013 0.479580439323657 -0.0723196357321063 0.0887945796013952
0.037979547690952 0.530986069112905 -0.0259108956501531 0.112508170855021
0.250339922040559 0.443498598684472 0.0453494171014186 0.0873633800149217
0.357077857776855 0.295339659752866 0.0687647728194532 0.0111012108645461
0.393260225048889 0.260670843086898 0.0731165189683211 0.00594039874758056
0.385217341146704 0.25200401816864 0.0743547951213292 0.00772128390107645
0.391863145749671 0.35344915272336 0.0653737046997525 0.0301117960107741
0.269135473377566 0.506875983277637 0.0641016863225639 0.0481879618191127
0.0574565150116212 0.566443818706068 0.0558919557452691 0.0913362110892469
-0.288748337896728 0.536670955282872 0.00262275503054317 0.11567135245644
-0.591182012129895 0.281475646136095 -0.0260636665573852 -0.00832734348066317
-0.601998031875751 0.0772534908192629 0.0985732241870167 -0.156452602989609
-0.456399705969362 -0.0590564807923018 0.183214584579316 0.25865904887103
-0.524637067143369 0.105862812230779 0.1873485859619 0.0235276850284436
-0.380807499310604 0.27690261276244 -0.0426054218988248 0.00343634690275001
-0.169435212404585 0.415842194777388 -0.0647323200006833 0.11703760411657
0.0411087960233907 0.458818516959638 0.000701641890274405 0.219287112659754
0.217893771260932 0.38589973787872 0.135509892692285 0.211275667652509
0.313000442141166 0.263545893286665 0.200578971612146 0.123370857723874
0.340070116106658 0.239288762582495 0.215042205749874 0.101096691382304
0.327612821312998 0.237246760394352 0.209615071132322 0.0913166494727026
0.312738489221439 0.320244305656783 0.175302114466068 0.101567213427184
0.184915868622182 0.422877441840307 0.127031705451577 0.116168797900792
0.00522247739236882 0.429320051337328 0.0720860570756682 0.109880757275117
-0.217369440775781 0.386069092927335 0.0445276740871962 0.0931777677723731
-0.448541444945185 0.228301718486767 0.0745696525049098 -0.0427255804402409
-0.493659192146293 0.100909412783516 0.287658042620232 -0.160252847225477
-0.325609547566778 0.0103092831107598 0.387231751765482 0.269522830619549
-0.334934789086981 0.132495970357568 0.328243058673019 0.0125841125174354
-0.202923722383114 0.208843479864522 0.0575803046792643 0.00439374449433461
-0.090903727695536 0.254643087957598 -0.0338525875013173 0.120827908227169
0.026949997935962 0.294766623305611 0.0383501098541421 0.278436460217605
0.144904207569701 0.257909336550388 0.211819066533805 0.28924166044018
0.216383273150772 0.188822110277829 0.306480750787468 0.210755372174704
0.23598821996736 0.180511774242892 0.323720059448278 0.180630344845316
0.223887914715118 0.189357638138006 0.305739248978634 0.164594983024367
0.190376780817138 0.240129064733585 0.241204569819199 0.166521946408037
0.0734611471917373 0.281597234313149 0.150724189709342 0.172705990246369
-0.0472904526701905 0.235715523163866 0.0602099226829098 0.119763612963689
-0.116910887543635 0.192064898086187 0.0611969705550169 0.0691676046714835
-0.254088495332643 0.152458998116555 0.142238577328438 -0.0628632029432228
-0.324974048122417 0.111009665672207 0.424269790655393 -0.154455894131956
-0.132597890755322 0.0656790677563701 0.526405145568403 0.249874780408832
-0.0843857026103834 0.102538304922781 0.419591011207452 -0.010719190573212
-0.00909751447034191 0.0744095080217792 0.148923998834774 -0.0181673262164628
-0.0300113759566366 0.0444181318992573 -0.0014244853298928 0.0880106674397405
-0.0107414567117749 0.0928357381807895 0.0683706603758373 0.280002011368338
0.0379554921515482 0.0984542622822088 0.256659615773496 0.311417957394096
0.0814169172252528 0.0898643252036617 0.367979888503851 0.259090049154855
0.0977095952006215 0.0976338604002643 0.384856811072137 0.232269216004328
0.0949849125878436 0.108469556479695 0.353362207853837 0.222552223439941
0.0609887849236025 0.121444749637344 0.260655814215631 0.21907980935892
-0.0175081809594556 0.11018572934089 0.139706572958109 0.211143293516731
-0.0559876652135826 0.0391101247870488 0.0316165449961046 0.114711563700119
0.0116650722306101 0.0265138515370006 0.0651439737738201 0.0431909886944294
-0.0412450760350256 0.0963298041133241 0.184496066386027 -0.0632256213586816
-0.128353888899769 0.120548720540502 0.500685851044709 -0.136172967656338
-0.0718679063757599 -0.0869298782609925 -0.539530657468181 0.117674045207771
-0.146768007919973 -0.0533118866959598 -0.263470015385441 0.149435322928678
-0.112928362329326 0.0677801150704534 -0.105546850045216 0.0290998268249289
0.0138891220443711 0.111962212015177 0.0192562228139487 -0.0508237175156023
0.0549213299999019 0.0614975962551755 -0.0764443840758839 -0.21625019170157
0.0666339154441033 0.029642922647031 -0.243265946940032 -0.245031588543514
0.0548844488666293 -0.000330193944721066 -0.369656531738498 -0.230702130661475
0.056295686371839 -0.00220716457314159 -0.418135895477059 -0.227705879990586
0.0660167489690465 -0.00269678470144903 -0.410104028372892 -0.237559123323692
0.0990496700978825 0.0395066484701867 -0.318421548381233 -0.250341782473265
0.0954708749017323 0.112043529938869 -0.174038418379845 -0.233778349866863
0.0199503755084967 0.180197467629805 -0.068122838804421 -0.073521653951794
-0.168835224829566 0.134532283606007 -0.18863911600072 0.0224022506937388
-0.20485048384875 -0.0477327396535907 -0.400913642531253 -0.00143985080145846
-0.103540521332737 -0.101332357071089 -0.582953291931482 -0.176385493072608
-0.235806004959688 -0.106876914505411 -0.515945022598475 0.118327915804985
-0.307258009105075 -0.0309584952931504 -0.277050819278816 0.107287527373699
-0.233696512154419 0.127350764812148 -0.157758813086868 0.0396419600851761
-0.0515501681030901 0.241411635906933 0.0118329044780953 -0.00885827435796015
0.0736247528090282 0.224085202256951 -0.050515971270962 -0.177205537656671
0.160627858290496 0.170051064336147 -0.19254992633958 -0.225657372706354
0.192283018499576 0.0965433547942869 -0.3129291777234 -0.228133088493111
0.215539924865022 0.0901159618321316 -0.354593700862088 -0.210934435515072
0.218092707409641 0.091645597201713 -0.352881352138267 -0.202498057863486
0.245493229916182 0.173122086844445 -0.282117025716091 -0.193849181014189
0.186969706553238 0.299486002605103 -0.156568265539461 -0.174136084290484
0.0359243811226585 0.387797167614535 -0.0557849656080993 -0.0164720380502791
-0.278983100786285 0.344002471669096 -0.177052118527313 0.0849978490008886
-0.445853733135748 0.0819165366983211 -0.36781842160368 0.0352903277928373
-0.352545204496845 -0.0629834736545534 -0.502313699466998 -0.151724885265922
-0.380448256120131 -0.122691229171182 -0.420000976677081 0.139250017279247
-0.45691170243065 -0.00650662737875736 -0.238134353541546 0.0670470846702264
-0.354389788742188 0.182275044425143 -0.193630573398942 0.0330752656458692
-0.128546640189365 0.359498036993502 -0.0176878578431331 0.0272529137582259
0.0738621515572949 0.378176954678048 -0.0407338168341511 -0.10532921001653
0.231877776816662 0.305521158014964 -0.125904825529023 -0.157836638906846
0.300697443134995 0.189220049044545 -0.213051133446206 -0.182167931861638
0.339562529458021 0.167076635565867 -0.238565347158802 -0.161977837132516
0.338358123197176 0.164542078488564 -0.237453634355632 -0.143857225016049
0.366513948541318 0.267914383765261 -0.193579212880737 -0.120729042472326
0.277681608254643 0.436937092489287 -0.103245714519641 -0.101992295892299
0.0794086551232824 0.542373914428361 -0.0209926111189167 0.0314628553175922
-0.317881595673588 0.520549520888858 -0.125039419955911 0.126378930047227
-0.596795738537129 0.21974223515223 -0.275422915705886 0.0533074743432866
-0.536814863273237 0.00204378660417897 -0.340954201406716 -0.140732579539647
-0.482600804907606 -0.121486514064356 -0.251493085734525 0.177195966562566
-0.573402143237213 0.0384710041583631 -0.13362537616229 0.0402152877404553
-0.445850255858181 0.248872998592742 -0.187715630555005 0.0197271366406934
-0.182458246640732 0.461096014718064 -0.0512461273459744 0.0594635537402484
0.074131418240906 0.498224504403903 -0.0352853083120144 -0.00104043735766796
0.275487742522904 0.403309648690421 -0.0429354642115199 -0.0458949786322956
0.367890093116179 0.255363672977869 -0.0820917872367581 -0.0989178367350958
0.410194092660414 0.219922404814275 -0.0877689296936181 -0.0882599764196316
0.404399489970902 0.210613261037028 -0.086031724610887 -0.0730652317051603
0.432711918106977 0.319312848525716 -0.0661565690798557 -0.0458843582507615
0.328333755231469 0.502368660995596 -0.0212326208031198 -0.0272192168797232
0.111852365535308 0.609237266711255 0.0250474310633905 0.0657112691046643
-0.301973087061148 0.603989958678701 -0.052042426340798 0.13368468364647
-0.64124128506313 0.3138590896883 -0.14978961199193 0.0354379035566974
-0.623177135345662 0.070018820141966 -0.132035094748236 -0.146723541529321
-0.517199876481412 -0.0920889369936472 -0.0310869225127809 0.221298996566165
-0.608674589788087 0.0936591049549729 0.0228155127669409 0.0225440784502646
-0.459581777241502 0.30272539017747 -0.135013870196135 0.0111261088763264
-0.190048286807189 0.498202975354327 -0.0678152759429679 0.0943566974667331
0.0757990874521807 0.534680669898343 -0.0188837440337657 0.120879255769902
0.28624902015379 0.432022584473172 0.0536452701692895 0.0868972952126264
0.380967758197096 0.276465092941731 0.0645589364635448 0.00711334242415134
0.415078715888375 0.236807025746974 0.0740800566756223 0.000297619565255384
0.405142258174443 0.228941956109101 0.0762234179592337 0.00282124554832921
0.422336507328381 0.330185171959023 0.0705423375142462 0.0246952111119428
0.307017170854417 0.493944372541413 0.0691061805151768 0.0435308545298996
0.0969853145498983 0.568483078451129 0.0661332364035694 0.0889078306540378
-0.25791913054413 0.560760100797347 0.0146609661085803 0.115814647336641
-0.581377151449978 0.327160110121607 -0.0232285013424393 -0.00631093582494619
-0.601873431969384 0.111316021089278 0.0854976481416141 -0.162367001502452
-0.466251442751325 -0.034204162613526 0.205839053195873 0.250405494584279
-0.525282931259227 0.143157054345569 0.190942048985905 0.00710922685451593
-0.367363136646828 0.302180314043734 -0.0467188229372801 0.00958892225444724
-0.143389593407641 0.430600368661577 -0.0578288322497867 0.12325543452648
0.0731759188128272 0.461237043527474 0.0153327904531567 0.226333912394747
0.249263918388233 0.376746817648321 0.152827281917727 0.205380909693686
0.334303060367992 0.247714577130219 0.205411489512901 0.112024429107833
0.361075871797921 0.218789315899189 0.224238207633214 0.0879898449380112
0.346730184896785 0.216754078213954 0.218784293183656 0.0776895435024307
0.339372692288443 0.301544643647275 0.185516654927291 0.0894009842397994
0.216898859500069 0.414026704364945 0.137125606707097 0.107526989343733
0.034651516279099 0.431568041063095 0.0830184164521947 0.106752681966692
-0.194002745962043 0.401952467601321 0.0565799065651743 0.0902185873948207
-0.438038920696855 0.263548832411087 0.0766627247925994 -0.0483705424495338
-0.489139054252416 0.131001594346377 0.274469819888533 -0.178456449916226
-0.328989405110511 0.0286619244098999 0.412316407560095 0.249770114247284
-0.328772771172143 0.157212260056911 0.332550409137285 -0.0128159038147469
-0.191387264765449 0.222025852117694 0.0562935274397366 0.00372367242251817
-0.076111486004577 0.262439220416946 -0.0259871112139738 0.12493134954499
0.0488086660836445 0.297544495178527 0.0577275539078252 0.282205724901975
0.166402370688933 0.252379658649838 0.233785184544377 0.278682769516921
0.232033830155843 0.17758706884155 0.319698687374967 0.193211355506409
0.252213205175361 0.167406275888885 0.340739329774618 0.161886413663984
0.239446643172964 0.174937256772409 0.320896631007538 0.145725693247819
0.209974079501518 0.228751701242831 0.255862295566253 0.150282632295905
0.0940302150093096 0.280198234022904 0.165140371946804 0.162185495081206
-0.0343910027582899 0.2403054532199 0.0706172120241938 0.116799491008949
-0.105205814973627 0.198193901943736 0.0713251083591979 0.0653831486184384
-0.24476711681361 0.171059554020295 0.142717269493569 -0.072377345780278
-0.318047405861659 0.132671282804561 0.413282169298424 -0.183797813325765
-0.129892802939589 0.0742566316550241 0.549583695041969 0.220265199432761
-0.0776522660143219 0.110037945697705 0.421768500713337 -0.0409808344046778
-0.00311214906036952 0.073109804966103 0.14896732180889 -0.0273889215955585
-0.0279108493035129 0.0468505704597306 0.00421835261389034 0.0902249466160644
-0.00399931174052852 0.0949552968666782 0.0885542382563395 0.280465342443759
0.0460959203332935 0.0984216729428223 0.279420269109968 0.298248424488327
0.088839723186607 0.0866356325660242 0.386944604914958 0.238331233140263
0.105628465278234 0.092151127011562 0.4057893551366 0.211328820082014
0.103928428590844 0.102429670309151 0.371796547555646 0.201330162454033
0.070388497699389 0.117858363439604 0.277989001966015 0.201069702657978
-0.0103336582360455 0.113281569992822 0.15684558439248 0.20041289107992
-0.0569030091825212 0.0429086384800019 0.040955163788054 0.11354190954961
0.0133382056635916 0.0220876250628439 0.0732607156647276 0.0390125432930017
-0.0339365049183805 0.100098625368554 0.183763806961381 -0.0770674813043957
-0.119635822354075 0.132090417341589 0.490685808067648 -0.170461834538892
-0.0770028047209542 -0.0818505504310243 -0.52185833568829 0.150872810999296
-0.149823268321693 -0.0416906069491291 -0.246191447344275 0.163964743928806
-0.108484731366015 0.07510412894121 -0.105124467168224 0.0378449206379367
0.0218026148778995 0.10906688066921 0.0147593127167668 -0.0509632649042713
0.0577881093007743 0.0556489164130266 -0.0908466170972329 -0.205554983802245
0.0675535755929094 0.0225053835045174 -0.255266125343189 -0.222729070172054
0.0531211155380452 -0.00520872113910119 -0.377482424661148 -0.201970136475989
0.0539875965640115 -0.00543327060096938 -0.42779216138536 -0.19551592940746
0.0634006617803153 -0.00638580399177094 -0.421124962688667 -0.206573773642874
0.0999545122652434 0.0321407239612684 -0.32987495803111 -0.224872244611359
0.102811156155561 0.102417031108634 -0.185797462467034 -0.217246208592724
0.0337113228456516 0.175282809336794 -0.0687380665197221 -0.0676264545688829
-0.157371772658175 0.145714045007881 -0.18557819559163 0.0349632357584366
-0.206352518058095 -0.0327398293445134 -0.39567722642028 0.0270632569646894
-0.108377196925551 -0.0968649979686736 -0.582896811750041 -0.135717349873731
-0.240632319031267 -0.0922272855872171 -0.497321194331735 0.149759998519427
-0.306545731550746 -0.00949593306811955 -0.262838270208517 0.122848473680725
-0.224244896318652 0.140601599509542 -0.156379745720717 0.0531883360387446
-0.0336795124457143 0.24077824378148 0.0104646469984908 -0.00940953016844944
0.0887620060221457 0.213799851563521 -0.0620134307234345 -0.167937435307088
0.170411749628272 0.154488665152787 -0.203603724100708 -0.206951953936803
0.194410471824117 0.0818529327305639 -0.322712936475683 -0.200900988074021
0.217663349036841 0.0737794168549202 -0.365529284379949 -0.18448995241754
0.219393224399617 0.0767761523006718 -0.360996740086221 -0.176209304249386
0.253203142960004 0.153123832841339 -0.288884333000983 -0.171616491937623
0.205608494963029 0.281110916324656 -0.165314921218967 -0.160704481436441
0.0634509359792249 0.378646298672422 -0.0524980076842257 -0.0128912213778946
-0.252072610096821 0.359247099726426 -0.169643920345073 0.0954643995410099
-0.43560343428287 0.111796523566553 -0.358883190548558 0.0606257635734964
-0.350077003413109 -0.0443957654744122 -0.502929753442733 -0.117929609729177
-0.384959258911009 -0.0998707180358869 -0.402722772434093 0.161869750467903
-0.452071912255143 0.0248288726385923 -0.22786846526194 0.0787227218240667
-0.339741431223544 0.20247858414796 -0.192275916027788 0.0502395094089291
-0.103386467322175 0.361377967515115 -0.0163095473161665 0.0272853138605031
0.0987408001223317 0.367408409779585 -0.0479013967795692 -0.0966998455090133
0.250420521895745 0.283680702931568 -0.133174308109516 -0.144702552155958
0.307621096044093 0.166401275114252 -0.224146260321528 -0.163675543143711
0.346190869741417 0.141239460253646 -0.247377451204057 -0.144948525135906
0.343060725407397 0.140327279911827 -0.244052236949935 -0.127238531985101
0.378774972888252 0.237771351034885 -0.195881811916182 -0.106938867810875
0.303947530881066 0.409155268606311 -0.10794159042735 -0.093087913971662
0.11637081420242 0.527432533889471 -0.0142898206888354 0.03243971099445
-0.278601631783792 0.534734953380325 -0.113146793908959 0.132208014117018
-0.574206673290811 0.258429411616275 -0.265592322808757 0.0717468956135991
-0.526314879778666 0.0299756185921937 -0.345358167388562 -0.114443064236263
-0.486954972488404 -0.0921337882604045 -0.233279435277753 0.189361690563199
-0.562893198780256 0.0763622380589833 -0.128125086944349 0.0434443291280622
-0.426048354232842 0.272562106162785 -0.187559372490127 0.0368609609235588
-0.150850341411065 0.464247010952157 -0.0470285642624459 0.0610484635108883
0.108855448448395 0.484394737042046 -0.0349446861163449 0.00619342477700618
0.302203623827367 0.377547765715141 -0.0434374654045742 -0.0408379967064835
0.378955201031498 0.227160784369318 -0.0907736602862347 -0.0895988597402088
0.418698378538167 0.188097036949722 -0.0938043095723173 -0.0824120019945979
0.410935597311266 0.181685139594828 -0.0887777612225012 -0.0665919128141963
0.448153502596077 0.286175580177096 -0.0655339255417022 -0.0419971775364989
0.359522187710695 0.472137343202393 -0.0216351918638051 -0.0255155665833013
0.150917102493131 0.590781977723109 0.0334188821497102 0.0624550709854862
-0.258128717878614 0.615938526723901 -0.0394828443832626 0.133995978128437
-0.611011690943557 0.355635481439031 -0.141211835291477 0.0455527414060914
-0.606259400302856 0.102157733224904 -0.142571258916816 -0.134054840013319
-0.517876084080556 -0.0606932750202277 -0.0132152297774378 0.218985014755363
-0.593466563773756 0.134665703014814 0.0232490857014304 0.0155975858992403
-0.437583167060138 0.326425293769696 -0.13531232959765 0.0248031162703082
-0.155040874849453 0.503057653368499 -0.0606570733678239 0.0968491430182782
0.113602206092443 0.521471178067552 -0.00988863108755965 0.125044027432741
0.312185967750618 0.405615134865882 0.0604203814347849 0.0828851836045218
0.392803374949842 0.248654443039598 0.0594070244388561 0.00493543076665078
0.426054571573049 0.205851825004141 0.0726652377645189 -0.00537717633474539
0.413598048353935 0.198540964804547 0.0759325464985881 -0.00331776009707726
0.439717455774528 0.295540008829368 0.0744564463453181 0.0178963225914113
0.339627399241683 0.464233224319379 0.0719687464383137 0.037417162322672
0.133068236683433 0.551594266056295 0.0750942028315666 0.0834813575592213
-0.217132540664269 0.566830297814866 0.0262059733963982 0.111029576998305
-0.550941881837008 0.362511003863886 -0.0191157851548274 -0.00438345047204501
-0.582740224379116 0.146157228771464 0.069237375041893 -0.163470753875091
-0.46485981726313 -0.00672818348053654 0.221301373566463 0.233446300052558
-0.50598376413603 0.178459312998419 0.187276510002472 -0.00986713734200217
-0.343578162675045 0.319780823201942 -0.047436321545349 0.0168573494542616
-0.113640022322067 0.432997431394595 -0.0491967186354393 0.124480244999389
0.105260055719426 0.450022759991083 0.0312022531411366 0.226158685675777
0.27290699786728 0.354134128078537 0.165449155788547 0.193083677839909
0.345391819187514 0.221580342812417 0.204734682468738 0.0988633125445928
0.369804919548791 0.1903695777585 0.227044439471808 0.0716072355818862
0.356775758532714 0.191062171850207 0.222172411571157 0.0603474984897252
0.357085351445708 0.271763514347509 0.190593298282235 0.0732191597630357
0.24320487614696 0.392672051797766 0.142980991461908 0.0953318644963329
0.0609411897468106 0.42261728996135 0.0924534469081069 0.0989565562806559
-0.164908250082273 0.406067076396647 0.0664747616309107 0.0828618961390661
-0.41365338623464 0.289471235965956 0.0756365610103641 -0.0526606819280687
-0.470210259042087 0.157023098452364 0.25309032899212 -0.191015835648506
-0.324258076742365 0.047612414800848 0.424465167095644 0.221381509267568
-0.311674627185717 0.179370811887926 0.323807612974507 -0.0375865322293994
-0.174297572917463 0.228792733145207 0.0548665002084685 0.00227738168537089
-0.0574868177247285 0.263236735693886 -0.0174743642234045 0.124619926305146
0.0691739587477734 0.289888761880773 0.0768625617003759 0.27812897436741
0.182730425089582 0.238308756414295 0.250078462816533 0.260135954227321
0.240587686238645 0.159954852023385 0.323645743446613 0.170454148304158
0.260023452161078 0.147997110237626 0.347449453645662 0.137036814605743
0.248101152216355 0.155725336659262 0.326839822696502 0.120941364273833
0.223494616485262 0.209850517578576 0.262149393925423 0.127919163985014
0.111749938644147 0.269495403150544 0.174586261127067 0.1467992735532
-0.0189469222185203 0.238773775419325 0.0796735417818451 0.109944182388733
-0.0908090233178687 0.198730733595151 0.0801566311867499 0.0577196727554668
-0.228875842724944 0.185527712283886 0.13808129001815 -0.0816792229403646
-0.3009432894297 0.150601977784915 0.387987796998797 -0.204997441105982
-0.123660087046444 0.0815060610409179 0.558104846174607 0.183528268082661
-0.0679517374219698 0.114441858464236 0.409405138846 -0.0696808300786519
0.00167765013204 0.0698017810016658 0.144838910429397 -0.0362172598181815
-0.0251536460172641 0.0475870211519566 0.0108441513049753 0.0892370775030348
0.00365445329870873 0.0948643745479244 0.106181365094039 0.273658641407256
0.053238333658398 0.0952514192708711 0.294797300400711 0.276780137165318
0.0942553245505907 0.0805150804263303 0.394578254047295 0.209972032780835
0.111481391588869 0.0830281028997742 0.416015535800219 0.181410037541414
0.109863758992592 0.092790481231006 0.379919522049821 0.172127110726562
0.0769933115344114 0.10969326256849 0.286905996640865 0.176180775689452
-0.00316754689351017 0.113336438128215 0.16845033330889 0.184041608899682
-0.0546925841886042 0.0467418754902432 0.0497787301521758 0.107424640974916
0.0139586536292515 0.017409059031445 0.0796798560413841 0.0313850998222394
-0.02492063686202 0.10126457234731 0.17710894807233 -0.0878327626225736
-0.106422487019361 0.139563836068158 0.464104943963457 -0.199555331451824
-0.0790515459391727 -0.0765608180537362 -0.493750203109479 0.170424366557415
-0.149013708511857 -0.0322569395590261 -0.227161838380468 0.168938490269719
-0.102752365122748 0.079204300382258 -0.102052630952999 0.0445888171597023
0.0271767986724564 0.103856867794429 0.0111722445447708 -0.0495727299174782
0.0585530454011689 0.0503932176918052 -0.0992240882529074 -0.191852635321432
0.0652154079838782 0.0162571386419356 -0.256946414317228 -0.200696901451119
0.0495402244654028 -0.00821501098469633 -0.373170852172621 -0.173675547883688
0.0505633754495376 -0.00729558149166087 -0.424776140881002 -0.169907142135563
0.0592194208048549 -0.00778556074537647 -0.417516866454759 -0.179127767252357
0.0975327218513792 0.0251454427653484 -0.329628221324455 -0.200666383078201
0.105647299589051 0.0922372416384107 -0.189300131166505 -0.200979841098016
0.0434822955751613 0.166687024985639 -0.0675359312808638 -0.062927912703532
-0.144703407425038 0.150869057663154 -0.179038563993737 0.0437052583552819
-0.202753737593911 -0.0213740400052163 -0.380297862126369 0.0471820886838267
-0.110319671923088 -0.0919921480789759 -0.566462401532989 -0.106407764908286
-0.239237585447235 -0.0799591080990654 -0.471568651721049 0.167832349073796
-0.298628853166286 0.00705534777966269 -0.246121381178613 0.128784769962782
-0.213351833800799 0.147317464841076 -0.151468524208344 0.0634424865496293
-0.0203237321903139 0.232620225254564 0.0091973629904766 -0.00959043501839879
0.0966621922419795 0.202026284075111 -0.0694607047125671 -0.156321342720686
0.172627542670767 0.138235340365377 -0.206308922325125 -0.188673088098856
0.190977346206241 0.0695863272462087 -0.322793880637426 -0.176572495143207
0.212046202762294 0.0613670647379696 -0.364280790448148 -0.161599803689934
0.214240358698668 0.0656677959243601 -0.358368470402496 -0.152834622056586
0.251978286198735 0.135651032099412 -0.285008738701315 -0.152615732234988
0.214933853568457 0.259543186722487 -0.165877843179664 -0.146650679821572
0.0814937633680935 0.362060530141748 -0.047864584011384 -0.0102647859862862
-0.226492002242158 0.361104687835111 -0.158528266356645 0.100853530614348
-0.416684223522564 0.130371746745297 -0.342743379368146 0.0770721026967995
-0.341140802059416 -0.0320090276642339 -0.48959568099691 -0.0903131434383202
-0.379474558088483 -0.0811963197000374 -0.376598824694708 0.175052671755856
-0.4370082280237 0.0478422577702239 -0.215559357382715 0.0837156850322706
-0.32317775114926 0.210268454979729 -0.186664462220239 0.0628919238807679
-0.0826482248373056 0.352509967690579 -0.0156635973180636 0.0267065377024003
0.114887880098824 0.35051015934374 -0.0508070414591617 -0.086822535725768
0.256632650433899 0.259853588395964 -0.134123313978998 -0.132239156159214
0.304310850482742 0.147181990417404 -0.226750083815572 -0.144392853708798
0.340205988759099 0.119569050423709 -0.248766486836945 -0.129471192504916
0.336900116467679 0.120609653550666 -0.24205882999629 -0.11164519996902
0.378761774813483 0.213216173649739 -0.192361753674556 -0.0945931055767465
0.316436577504844 0.381084228635706 -0.108152405957626 -0.0849044450165141
0.137348285470126 0.502665470029988 -0.00735312055426842 0.0305256666156885
-0.243316446946845 0.530775147229953 -0.1015976036168 0.132798160607416
-0.544089454190951 0.280857511292989 -0.250658239486468 0.0829803437941322
-0.508076158906493 0.0469407290985093 -0.338765716202437 -0.0940311773001116
-0.478371291351994 -0.0690395933301966 -0.213678282374205 0.192649306956905
-0.541093956446024 0.103518600967781 -0.121419384537513 0.0439048306441265
-0.403900980826985 0.283573599560935 -0.182577415598929 0.0499807367646721
-0.124385170842122 0.456397756381805 -0.0434496227358413 0.0600260070828913
0.128801221783236 0.464315077238669 -0.0335372662967468 0.012787610057153
0.312009529987266 0.348981418958303 -0.0416742746858854 -0.0366380369091893
0.37694900951116 0.203495914562248 -0.0954656177016656 -0.0797826100042755
0.413556267722565 0.16174570332928 -0.0959153492682431 -0.076102957801951
0.406502545947529 0.157424755230093 -0.0895070802340088 -0.0617077970317191
0.448654430380564 0.254127984149281 -0.0629813570000692 -0.03901983601095
0.373344319706778 0.439806712346284 -0.0218042427820301 -0.024034416614156
0.174744202370068 0.564068323961776 0.0398662842510266 0.0574201258926744
-0.219529877864632 0.609736041193124 -0.028833438385054 0.129295871651212
-0.57480185131524 0.375167726242409 -0.130666993570156 0.0507381495345741
-0.582734534834697 0.120799942178002 -0.144784453896653 -0.120301808087766
-0.507611532929118 -0.0368839112283036 0.000426785739654063 0.210778960805113
-0.567272503914656 0.161880156613333 0.0225723219752644 0.00904913145065687
-0.410965146380909 0.333897427982094 -0.132113867001536 0.0359455739681587
-0.127558489792125 0.491623737242077 -0.0555638990781802 0.0947126016830442
0.1360378327837 0.499383493833824 -0.00265755212507572 0.126925980349657
0.324943828166788 0.375505838342233 0.0653444917935293 0.0778748512157298
0.393512033797068 0.222717254411422 0.0539206637235788 0.00498655017466193
0.4236402209984 0.178033700972495 0.0691402024579681 -0.00930684495893182
0.410911433053412 0.174357572907504 0.0737909007862211 -0.00852652478896228
0.442263513168152 0.264945445626842 0.0748965960687161 0.0110435057928931
0.353541549846986 0.432451547339191 0.072130971221217 0.0322744242905748
0.154535155765694 0.526092577066163 0.0811244610796674 0.0755679794239204
-0.182453011344433 0.559127143236194 0.0348716232306335 0.103007054369779
-0.514661128238998 0.381068971792073 -0.015050264557359 -0.00404473205997774
-0.554931528880488 0.162491799563139 0.0562367977989837 -0.158097067845815
-0.452688788014273 0.013380695095682 0.227298786747753 0.21482166532271
-0.480470647075488 0.199744664932296 0.178854013372355 -0.0215125911182535
-0.319248643295289 0.322756237854463 -0.0462932671014553 0.0228059158049842
-0.0901392971636366 0.42313795458665 -0.0425256513408804 0.121535371531522
0.123787032598181 0.42993565250249 0.0429583908428791 0.221962648691442
0.284877243668964 0.328935717002032 0.17162737355397 0.178927163318261
0.346671039795894 0.200547688464691 0.199302319251714 0.0888437459456713
0.36874776826043 0.166784610068023 0.223425666803087 0.0579312450124803
0.354107111096498 0.16726995511015 0.218011412765593 0.0464050898658602
0.358962115841534 0.24497509961818 0.189370434895591 0.0590769081261825
0.256862611661999 0.368310253429974 0.143672499825696 0.0842046566904786
0.0786888880472453 0.404973622958587 0.0974437970475023 0.0906813768634862
-0.140272174306118 0.399628848190043 0.0732302506298895 0.0739905725941756
-0.385626321176676 0.302363041221408 0.0740767354380312 -0.0556136888936416
-0.445285115626104 0.170218956365545 0.23107293051874 -0.19238045837586
-0.312843939134301 0.06057703509807 0.421318606319606 0.194544152031862
-0.291340616213348 0.189478003664024 0.308548931247261 -0.0532785392107822
-0.158568524413206 0.226486825967737 0.053318193882109 0.0020577713029852
-0.0439436467844039 0.256196943799854 -0.0116156304188352 0.120682536832071
0.0821704834384116 0.277569967710257 0.0897478854866447 0.268839913750748
0.191014360686025 0.222336955006054 0.255068090545267 0.239775909393416
0.24151522866697 0.144907730227913 0.318555470781587 0.151793724005505
0.259679890537507 0.129961889381648 0.344085264773378 0.116456685440942
0.248025887669917 0.138726743095553 0.323046476169165 0.100253392660673
0.227161944812161 0.19036377489456 0.260064386432762 0.108563828017168
0.122675189376186 0.256076332401458 0.176271410786415 0.131462652638435
-0.00873969831612172 0.231743690041702 0.0852820517384925 0.101740363702226
-0.0796236495481531 0.193665019467002 0.0852000367046718 0.0483237166141084
-0.21027826208254 0.191385245627445 0.131100916733948 -0.0866577565676712
-0.281110856270171 0.157652053405195 0.358884352451498 -0.212801590081933
-0.116334015207767 0.0846377184898616 0.548332330003603 0.154000293433947
-0.0579921016640979 0.114843068423516 0.38887583536579 -0.0874866637482012
0.00524984217980405 0.0650366897364099 0.138909419487551 -0.0421681506448731
-0.0232566921355919 0.0472125680365209 0.0147014377377945 0.0856728545524512
0.00894178327361938 0.0919163031159234 0.117390085395895 0.260837229372231
0.0584241570320339 0.0905873366244639 0.299129926815026 0.254722566741463
0.0963846394508979 0.074255613694656 0.390240733887482 0.185967172716724
0.113429901707749 0.0748435330675791 0.413971499697152 0.156654928761537
0.11135324391901 0.0833997090873623 0.376189244198679 0.148181160126004
0.0802422682690141 0.102063840754465 0.286028876954443 0.153567042827422
0.00248515815295901 0.110912181949359 0.171657171226778 0.166314469669827
-0.0529359109333386 0.0487061994105719 0.0544734015749288 0.100517662711519
0.0129892828798574 0.0130560404949332 0.0831110075831026 0.0241629565786146
-0.0175319953086669 0.0992624267548344 0.168001738849499 -0.0948158172660377
-0.0934760953980347 0.141127669132931 0.434109384184122 -0.211418140709425
-0.0389740954467382 -0.104438335820291 -0.511190322742968 -0.0327737326510624
-0.11833208668157 -0.0900670419389346 -0.268671831857075 0.0676682334481545
-0.125104371914176 0.0292777974404147 -0.107864453467714 0.00798381674847902
-0.0178382642909672 0.101926098915854 0.0349673641975531 -0.0395433192709331
0.0308671584678648 0.0692759858775906 -0.0114909380642654 -0.209956826321971
0.0510168240845833 0.0385563501238647 -0.14671162758829 -0.278489402532365
0.0462115716455735 0.0110214432798794 -0.261422440525471 -0.301216086592892
0.045702841556748 0.0128498741504308 -0.312202618224418 -0.315560219515544
0.0511784288864727 0.0168365819647308 -0.300193448847564 -0.32184156234867
0.0746689168411675 0.0603476839073876 -0.211486826909238 -0.305970268373997
0.0580975957859641 0.120782818900463 -0.0862943806655337 -0.249521872043436
-0.0232048496242382 0.165401386671986 -0.0346968665892791 -0.0802069197702943
-0.188438847910667 0.0892783043203437 -0.180478400254238 -0.0319765411389442
-0.18002975058514 -0.0874555717051174 -0.358936442103843 -0.108529407741582
-0.0767880229550516 -0.12523566653959 -0.454129361200351 -0.323207206962725
-0.182967227167388 -0.178781621638944 -0.487156803815491 -0.00939412643731554
-0.265197928103676 -0.117928472194472 -0.269509359881087 0.0307789810297986
-0.252149607315674 0.0436281068209642 -0.156606446105635 0.0141520356137352
-0.113217597483627 0.193507530985913 0.0242256378170396 0.000664578746275198
0.00266267219955014 0.217012868643032 0.00983003809186696 -0.165811296886515
0.0961978312023376 0.188363093074685 -0.0992241778375039 -0.248497253792252
0.139134767036528 0.135176021356252 -0.21439344151153 -0.283517899594416
0.16402022519781 0.136810602697203 -0.261178333245736 -0.286601135547121
0.161701747572893 0.142209992174147 -0.258438345258404 -0.272854009943132
0.171555142630631 0.216069681816047 -0.193419382834456 -0.243536512995962
0.094613292557979 0.312420508488821 -0.0873046204109554 -0.191293339339355
-0.062145228405844 0.352798514882204 -0.0389089027736493 -0.0232057556006557
-0.338039328223489 0.251349970321013 -0.188350765049026 0.0254516918777056
-0.426378652185509 -0.0265309470835526 -0.344375680199316 -0.0770661948090926
-0.305905730776786 -0.153435553110514 -0.391696656645325 -0.288494484098207
-0.310908789081982 -0.242104469518084 -0.404063751102071 0.0486657215879273
-0.403575068065351 -0.14042270764435 -0.2236744190802 0.0104920653625679
-0.376785901146054 0.053389544124226 -0.184676754427197 0.00789502476878419
-0.217657750930971 0.272863178583691 -0.00678840951589091 0.0291007315835058
-0.0406201638520933 0.353922746393169 0.007322319092269 -0.0944450147711372
0.124170460298603 0.328888772575988 -0.0506349109639147 -0.169746734667863
0.209247194784084 0.248572583168812 -0.13975790963489 -0.217317870320608
0.256078051534317 0.239360557543448 -0.171041238727116 -0.213815870025552
0.251506586913765 0.239211209042352 -0.17226735469427 -0.188335066201117
0.257319370026723 0.331517215504922 -0.133659699608446 -0.153417292703289
0.143202672465393 0.458602709854286 -0.060337949108781 -0.112810869980867
-0.0638537039255334 0.500853568364109 -0.020739779137865 0.0309234072708476
-0.416961251523977 0.398850780100605 -0.152199829387087 0.0775844075743235
-0.592211939338712 0.0638684423470534 -0.272468736019462 -0.0420458808278191
-0.484255320077151 -0.140863795345269 -0.258592169527945 -0.240736611405033
-0.404164925802036 -0.274542195081569 -0.261727551686223 0.139871010285391
-0.517069552491919 -0.136013809022427 -0.122051952832449 0.0173334309771503
-0.475952303164394 0.0842611131221025 -0.171862930244562 0.0042814723101915
-0.296431339042601 0.344141824610328 -0.0398976376769263 0.0516825064406782
-0.0751093595195718 0.458615547504604 -0.0101944803139842 0.00223434982857368
0.138109424532027 0.429218470683043 -0.00144036356729653 -0.0483968472576697
0.251200395811183 0.326564850181372 -0.0481401691509685 -0.10799420634572
0.306140169415067 0.305687641376576 -0.0575234706840872 -0.107105545453178
0.301466306997783 0.297450580744001 -0.0563272667141412 -0.0839063038815413
0.30603691171885 0.394842929811533 -0.0402495512676396 -0.0524702548727269
0.17329424556038 0.531039688864982 -0.00795302144671774 -0.0246443706023975
-0.0552071909652522 0.567784975218627 0.0108710798593114 0.0750857923481142
-0.420926240054692 0.477975711261802 -0.0860895366951725 0.103117833062941
-0.652212402325255 0.137502396048986 -0.156906160447636 -0.0253157995150682
-0.573179647899557 -0.101889566683714 -0.0794331957414153 -0.192832692696942
-0.445982612644393 -0.258749148812367 -0.0745601027391421 0.243854886663967
-0.563876042977782 -0.094451420223479 0.0221790595172932 0.0456152033326986
-0.503422813272995 0.125764684879733 -0.116614482959632 0.012061234128402
-0.315330333493283 0.374774295501696 -0.0623576055192264 0.0786512868163729
-0.0824353303847163 0.490850460075585 -0.0260084701192573 0.115926229418353
0.136839672615258 0.459009539950467 0.0495926224727786 0.095366896332753
0.256866186523338 0.35188743688525 0.0511729225928044 0.0271868827240865
0.309534076446523 0.322746439018739 0.0640271770908469 0.0173506047510063
0.300258763668268 0.313644398039288 0.0673924540359271 0.0266216130353068
0.295925320640709 0.399657162777753 0.0629464292881913 0.0465165872532528
0.159459565249475 0.519023146051148 0.0527572002716622 0.0612694381960115
-0.0585847678603253 0.527961172476156 0.0400752713192479 0.106396564085014
-0.369045510189896 0.442572667699863 -0.0170779227528559 0.104722804488422
-0.599368130807841 0.161177617964932 -0.0320371402100734 -0.028132202482452
-0.558206324899215 -0.0541477946753441 0.111444327104229 -0.146323232239142
-0.415998566788556 -0.18755522946404 0.129457368194306 0.330506402424122
-0.502549487409885 -0.0240880716144038 0.174941414886534 0.0757049426135662
-0.417748928123493 0.15252931621494 -0.0328162400972649 0.0282553713281386
-0.25482146677234 0.328480240746048 -0.064113266779513 0.104738783478768
-0.0655065764220596 0.426165245402407 -0.0267452343169286 0.218689179172471
0.119171164254343 0.401662697355653 0.100640357960312 0.226727356655085
0.225780497614319 0.314064959090461 0.14679456393966 0.159281933688621
0.266569813251966 0.292088422266092 0.175216599185876 0.138142175580838
0.253085292645908 0.28667576577326 0.173993416479267 0.130959622758254
0.231076385731131 0.350912216421144 0.146032700594247 0.131704951368275
0.0953477422169314 0.424309160645883 0.0958996775598889 0.133409768411087
-0.0821908153905989 0.392158088278249 0.049565776110223 0.123829056927271
-0.272714996608233 0.309762746776839 0.0322171425717626 0.0925164132768798
-0.453352231076584 0.135070632856435 0.070973949022615 -0.0352074401231337
-0.460058456905046 -0.00866343996853516 0.277597571042798 -0.102980193869181
-0.310267066953647 -0.0825823911097743 0.312961032713089 0.376255331868401
-0.332789193075534 0.0449372624114449 0.302592237524985 0.0897738825763219
-0.233899733091915 0.133354877967321 0.0599960877702195 0.0370611979822678
-0.145613618711074 0.202987508371816 -0.0442592907616839 0.111005797500065
-0.0401630277116104 0.273859705260037 -0.0112892637245177 0.276926693143431
0.0796968023273541 0.270848010237875 0.144626824947081 0.314757807408238
0.155897030159358 0.223787083001614 0.225482581210952 0.262827418693235
0.183078154232044 0.217632897932343 0.259788179675916 0.236697668600785
0.171997383258896 0.218203534147236 0.245375227642515 0.217424298644038
0.133831011801752 0.252228270356565 0.18912722841985 0.201191329618152
0.0177703820899797 0.274232000315435 0.104769576514213 0.185331430134048
-0.0949376878385038 0.203706392884224 0.0341879988696458 0.125517362309207
-0.141471058592991 0.144162171435863 0.0567277452772518 0.0744700374213318
-0.254750447630594 0.0957557632301289 0.139980818410814 -0.0347622724857605
-0.303533074416658 0.0394113764504202 0.396243681956636 -0.0619180641403388
-0.141610718739178 0.0261990267007506 0.440988298603985 0.369272630484995
-0.0980932193230607 0.0767404988250192 0.385492532681563 0.0801338854197825
-0.0209083771998866 0.0573733423339802 0.145580611335865 0.0172199081297094
-0.0411189552540037 0.0301770763275524 -0.0183433791122801 0.0846431642045003
-0.0293778303557888 0.0820225586432656 0.00597516453384862 0.281934648974064
0.0150024520103148 0.103046108612059 0.168839675850696 0.344210874912309
0.0562054829973703 0.104133076435906 0.274895572015756 0.321107014539793
0.0738904723903176 0.110703012588386 0.306734848571905 0.300788694797139
0.0713175362046594 0.115208877324675 0.275865068280563 0.278890822951992
0.036372799831276 0.118382661486189 0.193542594222911 0.248342192354718
-0.0364916787382998 0.0997868902894024 0.0870094746570557 0.212226359044775
-0.0662488198696174 0.0237244348720172 0.00824433746297079 0.110143112918951
0.00839874708253535 0.0130638407897428 0.0686822836632059 0.0525292317235426
-0.0481262080129143 0.080413597736519 0.180800097912317 -0.0210805251355999
-0.126464398629124 0.0926832489118709 0.459476103362784 -0.0240052202733511
-0.0409958991477791 -0.103104596995374 -0.500983992885958 -0.02262876390837
-0.120943335876846 -0.0856632172628625 -0.260217452736684 0.0708492808084084
-0.124958678681074 0.0333603699179833 -0.109269891261698 0.0134244405080311
-0.0139447839431825 0.100923196990155 0.0324496957835606 -0.0390605449337392
0.0322114743725836 0.0677522703121745 -0.0175971217671761 -0.204149956281145
0.0505191482975437 0.0353688099941677 -0.151804619410286 -0.269248239279312
0.0444407766529582 0.00861869637316283 -0.265320223116797 -0.28997821291751
0.043570112590256 0.0128325660233488 -0.316313007287138 -0.305636489401667
0.0493730969874205 0.0166435487467857 -0.304028838917756 -0.309571202396753
0.0741017842886609 0.0574657719655576 -0.215803619233267 -0.297248358755215
0.0620203985881733 0.11709009091394 -0.089872779466314 -0.244182217830309
-0.0174821253478179 0.162716553467534 -0.0330997878612938 -0.0788583269948029
-0.184403741401199 0.0936724422484557 -0.179750966489883 -0.0275202091968497
-0.18152233585497 -0.0823821515308713 -0.353902600305371 -0.0986174562365383
-0.0785537758708788 -0.12555658987606 -0.451208184640215 -0.312388684494941
-0.184832248217947 -0.174201668909923 -0.476684132974357 0.000500543032800466
-0.265808685972769 -0.10924718439951 -0.262089352010548 0.034341488012563
-0.251058466106622 0.0493137970854355 -0.156731384721893 0.0214496058866471
-0.106833684661636 0.193136955259571 0.0228374097065352 0.000398695910931692
0.00849551995058008 0.214469831601739 0.00475450398166187 -0.159975870688186
0.100258024796778 0.18206701064173 -0.10365054698392 -0.240422059851763
0.139125311275749 0.129951349511248 -0.217691014783347 -0.273464689227975
0.163718332031996 0.132425671176034 -0.26610461224492 -0.27807798431698
0.161623430342309 0.139302658680187 -0.261859671865833 -0.26448418394535
0.173775683170358 0.209489330847197 -0.195142442104413 -0.236376515879538
0.102612296134764 0.305416892027168 -0.0895574963329392 -0.185916847800475
-0.0521236055079765 0.348727386994548 -0.0350012265738302 -0.0220762983892196
-0.3284847488412 0.25713008929741 -0.184759044921073 0.0297046601999267
-0.42279181485575 -0.0161409189528319 -0.338418286832242 -0.0663354008461209
-0.305908051344998 -0.151047859241137 -0.390707266179134 -0.277746193978306
-0.311745294745941 -0.234755309065004 -0.392732065478183 0.0555199926181423
-0.401573933593994 -0.128812034866796 -0.218034874630194 0.0116249843916763
-0.374133910145026 0.062318591419042 -0.18480200030553 0.0166334532068771
-0.209204592609759 0.273360974789719 -0.00721508914086485 0.027954826716421
-0.0313838323627125 0.350807300652486 0.00409757703244423 -0.0889145999473199
0.131881653203257 0.320905954443639 -0.0527019280904566 -0.16500633355077
0.211524608006469 0.241613988490207 -0.144088716864663 -0.208635610798914
0.258038272552774 0.231417390673522 -0.175609171714515 -0.208251021012493
0.252160154964192 0.233177547017077 -0.17423610662643 -0.184020816128814
0.2612409907524 0.320926413188944 -0.132876389694707 -0.149064711628791
0.153034473272193 0.448890246722443 -0.0609796886873615 -0.109065038065382
-0.0514321818840988 0.495378200867208 -0.0146800223521244 0.0302690066045149
-0.401950186070364 0.405548573776473 -0.145448396568562 0.0788675158675294
-0.585680276897096 0.0767579556271907 -0.266239201666285 -0.034421217401495
-0.47953182069858 -0.135771513804996 -0.259834907525687 -0.233562758286681
-0.405522972613648 -0.264246656813357 -0.251984631721695 0.141860585828686
-0.513602417366569 -0.120423259823069 -0.119082766533861 0.0157046231907962
-0.472513465816951 0.091414112204953 -0.171438483375722 0.0124965127198748
-0.286610785793353 0.34532788038653 -0.0399042905180125 0.0509356753185548
-0.0611535401929493 0.454777423343811 -0.010537367405666 0.00767285857450237
0.147544020518941 0.419542182471026 -0.000754468895754359 -0.0465178415346547
0.254567088491292 0.318449045511228 -0.0519462694479878 -0.102827754835655
0.309421581841654 0.295979792923692 -0.0597771653214435 -0.105613388086639
0.303789394290074 0.289557671266539 -0.0569461692510533 -0.0839315119367173
0.310253338626754 0.382092228330242 -0.0382237677025229 -0.0521801453295016
0.185760138848292 0.521986924718794 -0.00692725613261447 -0.0237999949315655
-0.0431107801804644 0.562031701454856 0.0177587623729406 0.0728146330509035
-0.405999392616007 0.481689403180508 -0.078969952935898 0.101593232671795
-0.64326920296646 0.152984013779013 -0.151668207846793 -0.0217154924356999
-0.565962202587054 -0.0952176410737766 -0.0831539721000795 -0.187133889234471
-0.447553459998962 -0.247361353120349 -0.0663814545936426 0.241610023205919
-0.556878100553523 -0.0790835390906726 0.0228400473418442 0.0406262569764264
-0.498374775182381 0.13472138100031 -0.115178085791426 0.0186781081956195
-0.304919242954938 0.374987088968626 -0.0615390745608925 0.077685810809413
-0.0693971040748183 0.48848824991216 -0.0231248029972952 0.120405039348777
0.147733475769709 0.450054342086722 0.0528183238884292 0.093541063059847
0.262967969234096 0.343607269333452 0.0490520013614081 0.0276737853958273
0.313302268978411 0.313483669017631 0.0631534180383542 0.0148456783462349
0.303254429122083 0.306815514372836 0.06797226731913 0.0226912218823704
0.302942272776452 0.388717087495584 0.0652785983458795 0.0420101345885643
0.170469579202064 0.508950356109118 0.0545520526141093 0.0595905911818424
-0.046088034183226 0.522983397579552 0.0461048340167623 0.103528999521751
-0.355356561106767 0.445007296220456 -0.010209357130656 0.101154466092705
-0.587446109515921 0.17365295942778 -0.0284842954325278 -0.0273919535039422
-0.550938691865619 -0.0474724470570083 0.104344302251686 -0.144382132173409
-0.415806192645832 -0.178168806862128 0.135019159235739 0.323835816671299
-0.494835382397232 -0.0114511686231586 0.172818156435634 0.068223206339812
-0.410935034621779 0.158210099649929 -0.0327236979050628 0.0315085014113885
-0.246211115953855 0.329747730296495 -0.0631475233404893 0.102754608026315
-0.054685768970356 0.42192015928819 -0.0206249359753238 0.22015838526062
0.129047613509575 0.394884785606726 0.106595608828336 0.221563273789876
0.230846307757852 0.307093807495249 0.145614107363191 0.156282055185184
0.270087180915332 0.284018386343585 0.176563003346472 0.132296146378992
0.257438871351804 0.279313566661045 0.175637731253772 0.122981748559379
0.237944162387034 0.339406226857435 0.148577154292622 0.124597842472819
0.10626862951508 0.417235387296812 0.0979993216087946 0.128869083416976
-0.0744523302741756 0.387381460493262 0.0551788455470377 0.120899346819047
-0.262661195898121 0.311013403116747 0.0389992864381028 0.0875392828286043
-0.442412389203485 0.144465909509864 0.0720084386783142 -0.0371985037632004
-0.450413628694182 -0.00206489401888846 0.267988180485505 -0.10474633912942
-0.308210324662194 -0.0752881330820938 0.315818712515542 0.36575526048753
-0.325224089906082 0.0530089593105399 0.297866900771065 0.0813344316840108
-0.228793329517867 0.134631110169671 0.0606178037851973 0.0363686408711731
-0.141043042245857 0.20309091675255 -0.0424163961605505 0.109089982555898
-0.0329991495030213 0.271504963074892 -0.00462770622347333 0.27632078258988
0.0871117049232548 0.265616602961591 0.150797587540226 0.306831248928603
0.159957126093956 0.219156664965596 0.225856931700783 0.257314342403827
0.186856793665114 0.210543071143857 0.263322604544224 0.228629783507422
0.174583228442541 0.211267576896897 0.247942804902874 0.207846773224427
0.139356173221624 0.245179426460814 0.192211844970402 0.191277113560714
0.0251378887047962 0.270494367262553 0.107903434506529 0.179101406825559
-0.0906416131887486 0.20396161309299 0.0390767432459596 0.122590735222895
-0.135966731561008 0.143190633196805 0.0624953601161083 0.0692961463525921
-0.246940949143907 0.101348521152278 0.138208518686646 -0.0374121244652625
-0.295232201903273 0.0438304179790716 0.384638907264047 -0.0670524226067392
-0.138924959763237 0.0300815973107198 0.439346019944226 0.359144906018324
-0.0930769155303286 0.0787293420710773 0.378561019931537 0.0713149356218928
-0.0195518038810336 0.0547444169319276 0.14462088972163 0.01353239822712
-0.0416402176459059 0.0307337273657191 -0.0172569805880215 0.0828641061807176
-0.0272717517002195 0.0817536612807402 0.0122115780488767 0.278756888353167
0.0184663687449693 0.101999174454955 0.175805424594839 0.338348669103729
0.0588164439803471 0.102414239419744 0.277008159684848 0.31291118899302
0.0767263380536889 0.10754808835956 0.310636926705832 0.290799765788544
0.0735796390757664 0.111866147794108 0.280081312842156 0.267212736519937
0.0389141304216592 0.115469096493935 0.197224457023654 0.237702667298
-0.0340803210106907 0.100137066355902 0.0914122372498148 0.204860922662599
-0.0668447415487891 0.0252676116226942 0.0122866527009373 0.107711420335218
0.00856659369910328 0.00940701540918618 0.0729943147704212 0.0482143721132405
-0.043146485160005 0.0817707773915398 0.177308821696822 -0.0247985369470187
-0.119405002640535 0.0953936346981214 0.447118530029754 -0.0332072304763041
-0.0443898480749806 -0.102782033971204 -0.496192722518345 -0.0091998771687405
-0.125428956946384 -0.0801061732812665 -0.253942436124725 0.0765201044893641
-0.125549674336299 0.0398168567376808 -0.110557093038218 0.0204518612653813
-0.00879656017234413 0.100537325140271 0.0309204735671553 -0.0388395559457386
0.0353069076138358 0.0660904340050324 -0.0262196549475485 -0.199605695890972
0.0510523118875 0.0320832953215726 -0.160101519882009 -0.259639069358911
0.0428150616601921 0.00666103629090345 -0.27168302024235 -0.279334177653397
0.0428876573371264 0.0126972166493794 -0.328486032161684 -0.294782726669382
0.0479165008890828 0.0162125410960054 -0.316020843376925 -0.299368336423734
0.0754146343437402 0.0547788639493438 -0.224130440235324 -0.289509043868097
0.0670851282488437 0.112724059734242 -0.096174885669069 -0.240473426602516
-0.0100381238806386 0.162046503229535 -0.0328582839896114 -0.078424378258616
-0.180505314847042 0.101517349447395 -0.180859075224162 -0.020404388138239
-0.186366510066029 -0.0766182007122425 -0.353282422985481 -0.0842294592201435
-0.0843550345290798 -0.125449955745625 -0.457489988364504 -0.298753896131357
-0.191449518580528 -0.169708767134316 -0.471917924016293 0.0128205626296907
-0.269381731317558 -0.0989688217381157 -0.257464712550585 0.0397934452260972
-0.25144445819206 0.0593777399630831 -0.157888072525538 0.0314480124121146
-0.099747975918686 0.195900326589438 0.0215684173101265 0.000502025935837621
0.017453964675601 0.213523095431651 -0.00106101231236394 -0.155277703702797
0.10707662799932 0.176535701513031 -0.110446122099931 -0.233341845030953
0.142489968027602 0.124977590708387 -0.22532336818675 -0.263489471743662
0.167315245352902 0.127377053075846 -0.276657649365833 -0.269581278247136
0.164153597434715 0.135671801115955 -0.271140156324229 -0.254907245504962
0.180005173148428 0.203445718683923 -0.200939827794746 -0.230349661805256
0.11449704296979 0.299450877295763 -0.0942823637528072 -0.182219960150914
-0.0395885252760431 0.349426570653553 -0.0316633647262041 -0.0218518633107087
-0.319838041488373 0.269053843502893 -0.182703480503242 0.0360562841102184
-0.423887571349126 -0.00277144702122972 -0.337039658959406 -0.0532785577639368
-0.310428757314375 -0.145614963116924 -0.397087180343325 -0.26621349814806
-0.321223833463889 -0.224609686593502 -0.387061904186381 0.0661154674744039
-0.404321659559532 -0.113203992810306 -0.215543550140843 0.0137905773265322
-0.375779480879738 0.074356622690776 -0.185869530622969 0.0276595400690264
-0.20069551323578 0.278883697445853 -0.00744280988405634 0.0285762273296224
-0.0167604263063474 0.351068786231472 0.00140257161396381 -0.0841938997752928
0.143274615892292 0.313526049094269 -0.056783493425511 -0.160212954312817
0.219263893565037 0.23407613718394 -0.151454411761521 -0.20167040586946
0.264861515659987 0.22299401153171 -0.183841379107208 -0.203100657421262
0.258568418818498 0.227661795858381 -0.180963152400774 -0.178797829447864
0.271005681974174 0.312720891637579 -0.135653445478101 -0.145842651321135
0.171300166974937 0.442059229145744 -0.0635537181580362 -0.10660884987795
-0.0359147034442926 0.496421991881611 -0.00893557495635531 0.029469864921263
-0.388900496137907 0.418937491186073 -0.140615287651846 0.0823361723085702
-0.581975053546606 0.0985959106844369 -0.26283596184357 -0.0253829943252896
-0.483641774876141 -0.125274093447926 -0.265403439461587 -0.224718150704975
-0.416356021189256 -0.252920157007627 -0.243633712631971 0.148138276226775
-0.516176336271234 -0.101376314280583 -0.117116780896131 0.0152602102859469
-0.473390067880081 0.109266212711641 -0.171698116768735 0.0226702538128995
-0.275766924710376 0.353203452622575 -0.040478189158618 0.0513523456671888
-0.0443583794879539 0.45650598530719 -0.00924444411960098 0.0133867661145813
0.163109800821656 0.413211522019874 -0.000461458204315629 -0.0452353756038278
0.266361721833287 0.310557432502428 -0.0566078404567447 -0.0986803504354905
0.318725583234907 0.285444979490581 -0.0649994366817152 -0.104365048481565
0.312509808876691 0.28272194589819 -0.060102753928431 -0.0837176637163293
0.324302318231485 0.372594529971323 -0.0377985631465788 -0.052950695285652
0.205122499906891 0.515187114416811 -0.00668990985646915 -0.0235387254439281
-0.0237160257690817 0.563283405104067 0.0247080162017564 0.0706976944245168
-0.389758375770709 0.496168642305349 -0.0723775185236205 0.101931208197314
-0.63547903452495 0.175045707105342 -0.148463905346504 -0.0170260166055023
-0.566683975824858 -0.082858847226377 -0.0892502138674184 -0.183123278653097
-0.455125400276608 -0.23345394838306 -0.0567724752091085 0.241370578090204
-0.557935542782092 -0.0588700160792607 0.0235603161740283 0.0360125597886554
-0.495877781635642 0.150389362319788 -0.115589185568612 0.0254248776519955
-0.293556986624141 0.384054666929825 -0.0614285808302308 0.0775511104968792
-0.0512748763034531 0.489332684157104 -0.0176207193514093 0.125871152777915
0.165852011916427 0.443183021283194 0.0580565171967269 0.0918965459300077
0.275804539348832 0.33522476685668 0.0479666800340223 0.0286159342070514
0.323256725000667 0.302714194943783 0.0623543253449051 0.0122580154481931
0.311877145170676 0.297946357440179 0.0689366955408247 0.0184098449864477
0.315440735855783 0.376924120838554 0.0688869811142779 0.0370328468365901
0.190967194111972 0.503042309280068 0.0583555465338604 0.0571602432135804
-0.0301020235763309 0.524017228248964 0.0546121488789634 0.100247729903383
-0.338743354697457 0.455413051938455 -0.00226636169031662 0.0974395306371219
-0.57989033073165 0.19612165055735 -0.0265704791350449 -0.0272494887991838
-0.549125187008562 -0.0364601440263244 0.0978286955416071 -0.145098439321249
-0.420781529639101 -0.164125266914625 0.14620455208626 0.318813592617827
-0.490740233506411 0.00698945662313223 0.173277204745458 0.0600671419232945
-0.407166250411161 0.170480316283503 -0.0309954855638652 0.0351095652208559
-0.236505855616779 0.337280856414422 -0.0614482890791833 0.102785038093844
-0.0385895034131354 0.422757500613655 -0.0121768277195297 0.224146507492491
0.145247086173202 0.389808604369111 0.115544798675021 0.217805079756296
0.241758314118305 0.300983399160005 0.148786153732451 0.154704491624805
0.279905987511097 0.274295823429949 0.179713429716423 0.126248878037212
0.266927384124676 0.271045771323596 0.179493312348863 0.115047195369823
0.250371073155187 0.331020048050436 0.153684489939214 0.115960255662706
0.12318836125071 0.413384627537264 0.104129592650166 0.124816135069
-0.0605414474661597 0.391098786295639 0.063532945422681 0.117198851643411
-0.251209945345445 0.319001243389535 0.0462371237390523 0.0818140145055857
-0.43475181314038 0.161477479682594 0.0727274820206204 -0.0398019361135806
-0.447953036187192 0.0077512249745346 0.260860130614587 -0.109847578252019
-0.309947945067381 -0.0652174522493906 0.326797696116386 0.3566287135349
-0.319609042376108 0.0648849426729481 0.297565698842049 0.0704771122510445
-0.224702385225979 0.14087360573959 0.0622018570426703 0.0352550182483956
-0.135454275513054 0.207290713501861 -0.0407415110274467 0.108422993180991
-0.0230096265213701 0.272624694109424 0.00614538580325808 0.278441728073908
0.0973388040726249 0.262706278146261 0.162135045411318 0.301119852512525
0.168947113865322 0.214623349346564 0.232570568736444 0.251106958221371
0.194844803193932 0.203654107932996 0.271317555791561 0.220382468217768
0.182356754742674 0.205567286944928 0.254930513711375 0.197529338367126
0.148387601879063 0.239054907972836 0.198803305310677 0.180926811116007
0.0348175548770911 0.269413137041221 0.115773425306469 0.173275585500132
-0.0844962027749305 0.206887061513684 0.0460085219475607 0.120395090544233
-0.131038060765145 0.145034007194915 0.0694382288171671 0.0631433599414741
-0.240087138671838 0.110231724929123 0.137015578684494 -0.0424532854844755
-0.290182095019582 0.0510478287194109 0.376407801088064 -0.075352605657317
-0.137199291583001 0.0355320710226008 0.450043226581847 0.346972471380869
-0.0876296423452007 0.0826659613955026 0.376869976746914 0.059965219371229
-0.017513504152768 0.0531502907338649 0.144592754187561 0.00816219820724051
-0.0417518195195447 0.0325741526400501 -0.0161009839897608 0.0824670499203185
-0.0241511668791352 0.0832513209101937 0.0222194335587301 0.279149302131976
0.0229596637122167 0.101894453387188 0.186699919391871 0.329983663678701
0.0635096330235028 0.101290158937248 0.28468726010097 0.305124430010297
0.0812537367920543 0.104300321216473 0.322594082459281 0.281073879604437
0.0783468057032594 0.108292511977903 0.28831271060824 0.257046638601591
0.0425532654612822 0.112749990760926 0.204239134143884 0.227904074905451
-0.0309743976997155 0.101855710518454 0.0990342973300449 0.1986760638883
-0.0665468103832478 0.0284399719085565 0.0172880871950453 0.106313100100126
0.00825788403585275 0.00643771017051738 0.0781479935426709 0.0418043103094424
-0.0377249812939623 0.0831864704337165 0.17510817700226 -0.0305493407094832
-0.112839160090927 0.0992520505472493 0.439742625727845 -0.0451573190826252
-0.0495733133968813 -0.100733757908758 -0.487801449022536 0.0133831304415535
-0.130028394486275 -0.0711391038216495 -0.244828850734033 0.0854937887421944
-0.122113586298668 0.0482139730861697 -0.109415518500974 0.0291165378244584
-0.00277875128473885 0.099187365490965 0.0277854577619549 -0.0386391115733917
0.0392226205983727 0.0633903491322197 -0.0365103133325192 -0.192772170672795
0.0510142513053503 0.0279336013913194 -0.170898195014906 -0.244605187702081
0.0405244347367883 0.00446339918044802 -0.281068751928473 -0.260299720888337
0.042115151886572 0.011330239527927 -0.340154867094899 -0.273703566600101
0.0472360409484693 0.0151430904025532 -0.327904500327081 -0.279020924350493
0.076616954308445 0.0499157005945854 -0.23501107042411 -0.274211504175262
0.0733384468875754 0.10713768477107 -0.106509080840199 -0.232931596962239
5.18907313595033E-05 0.159562582928239 -0.0337861534788286 -0.0771336526423316
-0.173248964189653 0.111709055644334 -0.179804779116505 -0.00887576484289459
-0.190092550951624 -0.0656306124497875 -0.35000605810971 -0.0645845250437977
-0.0910048496460117 -0.12201768689205 -0.46305159912104 -0.274165758405184
-0.197526857584656 -0.159260693819673 -0.460929914938032 0.0320327571334958
-0.272028145703973 -0.0822998138387501 -0.250986641093159 0.0480979065744597
-0.247268292187521 0.0746890059639793 -0.155011627189721 0.0434012888128981
-0.0873960961483788 0.198112933739511 0.0208121793189079 -0.000317160569181445
0.030216176853095 0.20896121500432 -0.00894793611521927 -0.149402786209991
0.114659574110334 0.16706428445593 -0.120700860899851 -0.222401334393635
0.145621202797229 0.116057671819283 -0.23684430526595 -0.246326434033398
0.171322050331253 0.118565513796332 -0.289109659914182 -0.252821028325311
0.168479541204957 0.127867171382202 -0.28144652679537 -0.239245903062867
0.188093338574574 0.191570865954243 -0.208705221302018 -0.218048731559165
0.130985401196812 0.288686404077842 -0.10176835874989 -0.175432058978367
-0.0199596523210505 0.346033662841686 -0.0289678751620212 -0.0214153376168694
-0.302140724593699 0.284182573762838 -0.177651940993338 0.0454283713920585
-0.420922235003121 0.0210119702772243 -0.331877180814276 -0.0357856580255662
-0.315570193648398 -0.131442863299398 -0.403762467385674 -0.243469672692623
-0.328933959678555 -0.207866587291773 -0.375277001743399 0.0809117628106401
-0.405799696633776 -0.0905111667603953 -0.211277085482667 0.0204163126012835
-0.368828446398817 0.0959929296862705 -0.182864017370936 0.0410015777222443
-0.183032570192053 0.286669506560443 -0.00780932235205137 0.0287799437144806
0.00338963950316507 0.34635423126669 -0.00205837409383503 -0.0788619778497321
0.158425438601542 0.300770406243681 -0.0627339232931074 -0.153340473896374
0.229352333565878 0.220411875643545 -0.160216012285645 -0.189716367018001
0.273385926720333 0.20723264513989 -0.194581148348692 -0.191608639027751
0.267793184022307 0.214533006091733 -0.188698813858468 -0.169470273814509
0.28449722498617 0.296020137539866 -0.139732842698667 -0.139290728130937
0.195929014814292 0.427056259285796 -0.0668563061829677 -0.10264880190697
-0.00853636937483885 0.492519494041679 -0.00349094315361534 0.0278402710095702
-0.361823728957262 0.435240509767825 -0.132423520863761 0.0873921424247968
-0.572258771130569 0.128695844002776 -0.256532712571401 -0.0121734450404429
-0.485482914393392 -0.104932497550115 -0.272209431329443 -0.208369451082917
-0.424378504283991 -0.228801768273267 -0.230686908047059 0.155173626151341
-0.512779653488693 -0.073839551972078 -0.11522696266275 0.0161866118181244
-0.464409117992261 0.13231095232165 -0.16896253606371 0.0350461218262712
-0.25540737836262 0.364360743798474 -0.0392605183389833 0.0526630698591559
-0.0183481331688609 0.453270219646343 -0.00677692067819496 0.0187209381232018
0.185569040017805 0.397535713910537 -0.00053286368947954 -0.0443982113989665
0.2794119977855 0.294322664361172 -0.061591439902301 -0.0925345975188079
0.330413218545623 0.266419563515985 -0.0717786652545421 -0.100162896057671
0.32450241282229 0.26605126671282 -0.0651215356992661 -0.0818092903091097
0.339353642836559 0.352070587654465 -0.0381032344840444 -0.0532804540249392
0.233480033904591 0.497220441215564 -0.00604391321171407 -0.0227628910101534
0.00631209454326076 0.55852815689598 0.0326102451045897 0.0664825299587046
-0.359731996324964 0.509586305077882 -0.0627503700556134 0.101567145570316
-0.620087252607686 0.207302941284857 -0.143844411938691 -0.0106104465494538
-0.563754984935453 -0.0591152779053187 -0.0979565362538109 -0.175318780204977
-0.462653108437842 -0.206663697197827 -0.0412154636879859 0.239476936707494
-0.551512354929269 -0.0273566010108016 0.0245383693680745 0.0311482264224179
-0.483932809617201 0.174833258285157 -0.112501219065676 0.0340720626442442
-0.271494598174935 0.396504645208733 -0.0594060355817505 0.0794701003184757
-0.0223030677572296 0.487134043990945 -0.00847227751900526 0.12924626346316
0.18906907570835 0.429073012976593 0.0647034962414836 0.087399968072613
0.291754641878404 0.318074219419883 0.0475234542835146 0.0283349453860708
0.33585683450772 0.283050357577306 0.0613675485114472 0.00867076027089972
0.326924324564431 0.281290490088929 0.0677854438139102 0.0126318280784817
0.334563653070025 0.356298540892783 0.0710122428899821 0.030124249184321
0.217859406622308 0.486383333433378 0.0622749484397008 0.0532957176026374
-0.00366808709324398 0.5209225377858 0.0634873849225126 0.0938389440653753
-0.310788933199845 0.468060050210627 0.00542261565378169 0.0926956463295613
-0.560682585215646 0.224797790954343 -0.0241948445954036 -0.0267892966172484
-0.544250553589825 -0.0145675133366952 0.087980924979395 -0.145109484796397
-0.42497210130033 -0.141760983613212 0.16107766803268 0.307404496596354
-0.483021078447747 0.0325328215625682 0.173730506796673 0.0488036371862756
-0.395404249359771 0.189469664058821 -0.0284338881874471 0.0379104238137
-0.217787604901009 0.345889074749891 -0.0577645109048467 0.103997560506121
-0.0156278780485711 0.420059866018327 0.0019246343575839 0.226128108255271
0.165331852704291 0.376822990772711 0.127172970619662 0.208452972748012
0.25726020696653 0.284972573540033 0.153686384928347 0.146953682542071
0.290968502419077 0.256540202842245 0.18437620781819 0.116066595170569
0.28017371088591 0.256463056312599 0.182850218626573 0.102896533068011
0.266320615112575 0.312701120234725 0.158477003759147 0.103664846149743
0.144610543283088 0.401577111664561 0.110473951686119 0.11703053820837
-0.0404219764495413 0.390254969356642 0.0723879408468159 0.110731340717954
-0.231255339824418 0.326046106817245 0.0534868534477411 0.0741442949493516
-0.418908722658605 0.181675630811569 0.0712571770818506 -0.0437519598405939
-0.439199218606632 0.0257373235709243 0.248985413274145 -0.118098846519177
-0.309037371018522 -0.0482519147421172 0.340188941029395 0.337674288506172
-0.310219553188474 0.0813090261478135 0.295641779346275 0.055485309350192
-0.21570083688916 0.149162768255533 0.0636331000119394 0.0323146988006603
-0.12454271888064 0.21204351495421 -0.0373027547111831 0.10864112711888
-0.00804933392186044 0.271202412227032 0.0226684986050626 0.277276456399568
0.111906441361387 0.254270404463804 0.176653610251593 0.287939415177232
0.180098576171912 0.204394910761474 0.241946983825747 0.238957115430463
0.2038657030992 0.191348021648344 0.280533723678887 0.204684402434145
0.192738939083219 0.194746430776947 0.261824259862721 0.17980955237668
0.15904835829803 0.226798826043219 0.205714302388495 0.165957072338624
0.0500095298716499 0.264395289529079 0.12458719354117 0.163343100722008
-0.0733709516994122 0.210323453000679 0.0546457047720241 0.115678743459019
-0.122325071073331 0.147645877690964 0.0746148902601072 0.054632979291318
-0.228426401610697 0.120975086500068 0.132982065096813 -0.0483215179581992
-0.280753243238373 0.0623037797717379 0.365002984642771 -0.0900104354994789
-0.132589727529593 0.0434287708392076 0.461698599965415 0.325029191814571
-0.0805373145837099 0.0858430512691094 0.373197093366599 0.0423203347707678
-0.015264888247614 0.051569801008438 0.143304267804617 -0.000367817865267143
-0.0407496184456026 0.0349024714429981 -0.013346621970252 0.0813930937826987
-0.019745178195516 0.084149185900754 0.0372380565991043 0.275373247988737
0.0290992751445964 0.0999345968559347 0.20162850661769 0.31690909647095
0.0696625368436644 0.0973513873114946 0.296013728270041 0.287871702133012
0.0870398340059845 0.0987231793389375 0.335449254978456 0.261836573480197
0.0835081848212229 0.102215157341987 0.299311055278725 0.239008702861806
0.0487616990427649 0.107991265728351 0.213313897383435 0.211235782283871
-0.0254451754483737 0.10343025444614 0.108605006864105 0.188869926761091
-0.0658751540326018 0.0325686942263284 0.0242127634916317 0.103287133403184
0.00818569458534925 0.0033337040738137 0.0828262762326741 0.0335028901571884
-0.0300748403783161 0.0840775677244139 0.170786028243983 -0.0385348790003405
-0.103083733129974 0.104224376464644 0.427341381010632 -0.0616563759765939
-0.0538811455224789 -0.0955681101882669 -0.464996878208201 0.0328053241002801
-0.130282451675864 -0.0604512400120274 -0.229761270433602 0.0907550953018451
-0.115309007257902 0.0552130404180535 -0.104011311938633 0.0363544483857778
0.00324340507964494 0.0945045490644264 0.0247533326411898 -0.0376078144497095
0.0422815521851594 0.0578624909028133 -0.0459378329446586 -0.179979983898399
0.048966973136075 0.0229668916398638 -0.176085470683058 -0.223160949894141
0.0377472538217329 0.00193072964118204 -0.282615081831395 -0.235226560832598
0.0401032488388965 0.0102951334487993 -0.342601252024124 -0.245809743834
0.0452532987112851 0.0141487158464995 -0.330122470141616 -0.252139798434917
0.0757494328054276 0.0447084015338055 -0.238366338427089 -0.252680625882935
0.076609423985997 0.0974572161066093 -0.113966404944229 -0.218981876180578
0.00915370090490431 0.151720336746889 -0.0346001267610725 -0.0730551762162621
-0.160712674363156 0.118063543962533 -0.173158167329146 0.00188120677774707
-0.187963575942958 -0.0526670012725718 -0.336227032760237 -0.0446526004792341
-0.0952412728049644 -0.114632212706349 -0.457275478616309 -0.243580591720087
-0.199297430354001 -0.144589422185252 -0.438103457142111 0.04972377765329
-0.266188803068065 -0.0645676056656838 -0.237403660402777 0.0542085302187273
-0.23351816532937 0.0877534269450816 -0.147349286337738 0.0527664087999166
-0.0730916562801561 0.19500771446436 0.0194280064993522 -0.000819919875340703
0.0416774816050828 0.198115716849774 -0.0157151687967641 -0.140126744149302
0.119190579795094 0.153170286037341 -0.125684391825666 -0.205062351967503
0.145702061407672 0.104128941817957 -0.239676738905636 -0.223843860023031
0.170688595270851 0.105989896711744 -0.292912629031296 -0.228973428532437
0.168813902611968 0.117364194817314 -0.284065896026685 -0.215781585491237
0.190402035716378 0.174972786208164 -0.210139397628415 -0.200144649177366
0.142086421750983 0.269729397290335 -0.106335774494083 -0.163807771433243
-0.00117559305241664 0.332518600876115 -0.0259632942443614 -0.0213318515296432
-0.274130125804126 0.289879074480347 -0.167321058932136 0.0528707826684312
-0.405107574676098 0.04139037827389 -0.316651678301791 -0.018163287125802
-0.311565088358664 -0.114869514355091 -0.397230407153436 -0.216884993299195
-0.328648741993206 -0.185002416192097 -0.353840352834491 0.0919149880349059
-0.394222297054274 -0.0642275375845722 -0.201590832443833 0.0256922267780248
-0.350120010390914 0.112958732409702 -0.173795246458379 0.05248222556268
-0.16142791102821 0.284581508611965 -0.00748696559457899 0.0281597406177698
0.0231126407243295 0.332100304050869 -0.00426673385467371 -0.0721212949966001
0.170010463886211 0.278465287271462 -0.0662906828954111 -0.143630608815331
0.231487255424636 0.200831467469004 -0.164442275356795 -0.173073257222016
0.273161370075244 0.187139976599675 -0.199853360479454 -0.174649094499084
0.26972287811259 0.195030512981674 -0.191544347776121 -0.154580281942491
0.289517443884188 0.269802441559431 -0.139932397238023 -0.128682010044294
0.212123059723109 0.399682470949751 -0.0687865290404149 -0.0950602535682477
0.0172488194082799 0.472928365810441 0.00177142902237043 0.0243359286527244
-0.324169861226743 0.43773280605592 -0.120923086560633 0.0889158791424835
-0.544873515118302 0.152528349413305 -0.243976203228315 0.000955208857137883
-0.472376952264818 -0.0819896714435367 -0.272378306678983 -0.18751328390609
-0.420169763580712 -0.200248130574681 -0.211946536490641 0.156647883661985
-0.495252254494597 -0.043557911079476 -0.110304199954588 0.0165732081191199
-0.440540826586934 0.153458941031412 -0.160774122082306 0.0452211815921116
-0.228033249450691 0.363952133426137 -0.0375185028610339 0.0527272509354587
0.00919894569025908 0.435314743735362 -0.00336415338892609 0.0212961368459158
0.199875573311307 0.371367776188359 -0.000314430748864844 -0.0425590725081191
0.285905106278801 0.270227733490608 -0.0650384295598188 -0.0843359351999929
0.331909362337459 0.239716613404879 -0.0761778817987038 -0.0925349593876392
0.327838600451679 0.242972802315176 -0.0678697559572371 -0.0763179332792531
0.346069820924036 0.320958829688807 -0.0385013787700131 -0.0517486033093976
0.25352926997046 0.46566828880584 -0.00628311252679778 -0.021128751600035
0.035853061125352 0.538115513376222 0.0383932977103958 0.0594003019948747
-0.31874980055295 0.506371911653019 -0.053128694950046 0.0975576907031916
-0.585473397779819 0.230824727349987 -0.135316457388247 -0.00395681605106177
-0.54722205496675 -0.0352778799900136 -0.102962657317376 -0.163490246830765
-0.455689698765255 -0.177322065542104 -0.0271616039340446 0.229675268325259
-0.529981782386051 0.000646957088674761 0.0249265617955221 0.0249916332995418
-0.459674125340438 0.193874527673829 -0.106268455493227 0.0411375646540223
-0.242697859870473 0.39531033496611 -0.056252197567728 0.0792577991061658
0.00443194978578167 0.469371624952355 0.00127594606350342 0.12833212015969
0.20567052257295 0.400155029902431 0.0685178642012434 0.0801782155620345
0.299372268673414 0.291751756424934 0.0463833263126923 0.0265466725787791
0.338392589722767 0.25583757181884 0.0581225180778336 0.00604238696701343
0.33027583682479 0.255389861003271 0.0642991410537355 0.00761376124520356
0.340582583929015 0.324756988191744 0.0698680247846092 0.0224925010358063
0.238134712733841 0.456080739301764 0.0634500820672007 0.0478052319748074
0.0256342554394947 0.50309019123168 0.0692422896371254 0.0845889141793954
-0.273915197435427 0.464974159331544 0.0121431940723889 0.0848613103819052
-0.526526975647155 0.244961760932462 -0.0222249091004393 -0.0258915867595849
-0.52399691745672 0.0077808499193105 0.0763751024463405 -0.14200139401774
-0.414906358517581 -0.116386065078681 0.170783254950025 0.287172027697768
-0.460248002899899 0.0549707847608903 0.168708931108983 0.0362599394005056
-0.371601510472491 0.201415013362387 -0.0245365328654769 0.0393155570994788
-0.191910086760579 0.34469117136247 -0.0535145289097632 0.102810489354238
0.0092260593289687 0.405852339378157 0.0162066992760142 0.219460552432693
0.181329471401322 0.35188264505399 0.134275507305203 0.193148455447141
0.263299701923648 0.26233807728771 0.154796459835353 0.135727033169066
0.294410956001597 0.232963993622807 0.183246212590911 0.102212567669569
0.28406274895871 0.232632185438825 0.180443241663641 0.0884816785319991
0.273244225984055 0.286697504800382 0.157392709232301 0.088651508095621
0.163651401109348 0.377874094504504 0.113964777795642 0.105920787637756
-0.0190261238123642 0.378893685440119 0.0780069758567974 0.101160752815566
-0.204928401384157 0.323198886593418 0.0565673240220808 0.0641217618624936
-0.392115755998419 0.196125420128259 0.0681965703899189 -0.0466601383444648
-0.41961391985973 0.0414807941164642 0.231829545500932 -0.12223574161497
-0.298401860992176 -0.0306494629356952 0.343966923663875 0.308973452754443
-0.291388372739892 0.0927670160914668 0.285727383735908 0.038701952373148
-0.200472950100498 0.153463396440415 0.062966138876828 0.0282580819159398
-0.110220975144545 0.210424586731991 -0.032539479975146 0.105809549451245
0.00621406440816471 0.261075206785469 0.0372918109673801 0.266820723605574
0.122009703298017 0.238022415956192 0.185374693221638 0.267696794535263
0.185185439456844 0.187689554638019 0.244607682675604 0.220000819238528
0.207637214396411 0.173654424043794 0.28185210969097 0.182179696002875
0.196457465773631 0.177556792036819 0.26055443310099 0.159498248178001
0.165915484757895 0.209133951741929 0.205416102100265 0.145964894129911
0.061959459768769 0.251760204103004 0.128987281649067 0.149721437678236
-0.0605635949674945 0.206505613582263 0.0608449665005849 0.106456079350728
-0.110449264296489 0.145409298020597 0.0765756427020922 0.0439765687364295
-0.211145555420721 0.127665756509301 0.125633542632467 -0.0527398764682339
-0.264398398965856 0.070981612100495 0.34281080043037 -0.100422745317659
-0.124065630827849 0.048917846683757 0.461013317990643 0.29331588705293
-0.071039550254203 0.0864952720821597 0.359607562070657 0.023698390072422
-0.0124291536318541 0.0488734936667855 0.137566407725434 -0.00841652353341061
-0.0387996778105959 0.0358872115716079 -0.0105026073711617 0.0784350330528467
-0.0145382629316494 0.0826624828608831 0.050984463437339 0.264178790274903
0.0344395186900008 0.0946402713075272 0.20917711790342 0.294735925909969
0.0741517107716927 0.0904458710713832 0.29965715531924 0.264521862592729
0.0897494236754005 0.0897403012697752 0.338097141330748 0.234655231840488
0.0859689024060131 0.0929715737289554 0.299330740016221 0.213168088792953
0.0521207248156237 0.100560782028408 0.214633864759459 0.190082330950534
-0.0190355777350899 0.10132672015253 0.114409786023876 0.172921493303963
-0.0622246359784369 0.0355859854079815 0.029949201420304 0.0966779694403323
0.0072157100098887 6.91375254640589E-05 0.0829202491442161 0.0242035677500933
-0.021648676901299 0.0813766749156545 0.161294374516572 -0.0439983789201075
-0.0906972580426814 0.104303390830825 0.402604729195496 -0.0775701728648084
-0.0677099885496936 -0.08358993889556 -0.425458816560355 0.0888345800240409
-0.130362977994509 -0.0402660684679367 -0.200401244126431 0.111263975019598
-0.101180726133554 0.0677321714833046 -0.0884954601210038 0.0472552441850169
0.0134270814485143 0.0870886922310812 0.0192143877971652 -0.0406237290655043
0.0466499604872562 0.0477804227487985 -0.0658606086023164 -0.163953223169173
0.0470402350755532 0.0157176032969093 -0.190297768824165 -0.189474630919203
0.0316684771897091 -0.00168916926021537 -0.295319650331329 -0.192857317170334
0.0390248408640482 0.00575257325774889 -0.350811768035635 -0.190438844623305
0.042936171913541 0.0111187241993112 -0.336859568608464 -0.198747486990563
0.0755960672519872 0.0344400310015853 -0.250964407424619 -0.209141883818773
0.0836059855009887 0.0815891266474471 -0.127990080542416 -0.194734723545376
0.0256331294984552 0.138360883272217 -0.0353019521067023 -0.0648735000922397
-0.131671608301605 0.132412777952558 -0.162437836965347 0.0295484911672545
-0.177987818396448 -0.0215938960046453 -0.325933215704699 0.00226127679793944
-0.106358462946341 -0.088509151077919 -0.460664330198792 -0.184596229900748
-0.213667816283038 -0.112744683181255 -0.385378501967968 0.10216983571001
-0.25756891561081 -0.0299621679436761 -0.208532440480664 0.0776539942079017
-0.208806134385761 0.111464276906603 -0.120363399746554 0.0683608212996497
-0.0472719820130033 0.188899089091318 0.023427973893208 -0.00718356424784689
0.0619165909400236 0.179264200077012 -0.0291514942965096 -0.134379505604978
0.12694549357625 0.129110372859317 -0.138595592951855 -0.183512205221373
0.143864663900923 0.0819166460325211 -0.249679806795433 -0.188805368571688
0.171495391704545 0.0810175287202365 -0.301653799996289 -0.177936848725939
0.172070637254024 0.093275574115123 -0.288216138333858 -0.171642043129546
0.196568903159164 0.141372910731172 -0.213880377052561 -0.163501418960826
0.164942134127582 0.233247398965008 -0.109415112368965 -0.144037827100755
0.0370118902106467 0.307017069346609 -0.0164577318247162 -0.0141450525810134
-0.215071026474013 0.305073280615799 -0.148037792012756 0.082263550154039
-0.364672413339718 0.0895563750952201 -0.309612296089019 0.0323206157613
-0.304121661073129 -0.0644209715172028 -0.408806590093902 -0.165071811018427
-0.342360595872995 -0.135217633408691 -0.289805956030924 0.134498260005813
-0.375379489454092 -0.0182589218010165 -0.175277290331137 0.0456830536259661
-0.316105959719259 0.149909267124396 -0.140476385677993 0.0702277481868011
-0.12077965955298 0.282488716045548 0.00559453864785128 0.0225624672019002
0.0590836384667764 0.306291138688422 -0.00528905027436071 -0.0764141029587414
0.188670452468326 0.240956428331255 -0.0735904867253955 -0.13879397004432
0.235994759091749 0.162831496578742 -0.169253729795267 -0.150546119468941
0.277356851112066 0.144188234439255 -0.207060088235327 -0.139658789851717
0.276308223094987 0.154129333530392 -0.192737282100538 -0.124239793482632
0.299768019977571 0.218446215017008 -0.137080042645267 -0.106721413515145
0.246240460253112 0.345224771649979 -0.063015275685728 -0.084940936595022
0.0702524277559016 0.436025797895541 0.0193389791180306 0.0255939859451157
-0.243999518324227 0.447425632598707 -0.0974838617756633 0.114304841544167
-0.478886605220766 0.20662783399091 -0.243348550098692 0.0484090682299969
-0.447095847905061 -0.0179279369193776 -0.292461494743699 -0.149062284205697
-0.431545621546696 -0.138076766193449 -0.141891074691658 0.179229174452395
-0.467676640598608 0.0119159969098051 -0.0869238057953131 0.025260790710699
-0.395938675613264 0.195442946633312 -0.125384664009072 0.0606291613209002
-0.176615060915736 0.363695440761068 -0.0160577995615611 0.0481098565143132
0.0553629453077382 0.404849683356015 0.011046783689119 0.00750223402761378
0.22718474928069 0.323181320174632 0.00200757141500924 -0.0547504551073621
0.294652508157733 0.22084726469598 -0.0623941967257399 -0.0787008829832686
0.338724904049493 0.188064199569033 -0.0815521758821206 -0.0770213961055416
0.337908764648142 0.190369832533559 -0.0668190913245273 -0.0656769253280561
0.359613811242551 0.257024916980414 -0.0310652934406832 -0.0470685744090226
0.292536926726526 0.40093335537907 0.00615570865640032 -0.0236650678794371
0.0944576883291866 0.493030048952693 0.0595022425652848 0.0550037462415768
-0.229452270778346 0.511813477525977 -0.0304377384152131 0.114286860082787
-0.507379169063538 0.280379869021992 -0.142076934251966 0.0349595496844232
-0.508308955401099 0.03322813533082 -0.133116179983944 -0.143175477677246
-0.460251227239829 -0.112655361873545 0.0429647569117779 0.22504464308518
-0.495227158022446 0.0559698237992097 0.0417765988351241 0.0155781697628719
-0.40853640910897 0.234718246799859 -0.0730716398496037 0.0473729862694141
-0.187568891227619 0.395117067785961 -0.0297511649470816 0.0744345330026133
0.0546122032598098 0.436972895855032 0.0300429615283664 0.105649499292027
0.236791812751168 0.35124864792222 0.0822116278902671 0.0513861497121085
0.310145207049791 0.240475351759231 0.0574236113428895 0.0138213533769389
0.348276780488551 0.201558873637696 0.0566008380964093 -0.00133821212254501
0.341498472260623 0.200881849605822 0.0676107420582447 -0.00233833161877126
0.354247315278597 0.260376664588065 0.0797887273709012 0.00937550349025071
0.278028059102601 0.394392816122842 0.0795542977283605 0.0333508433881582
0.0804483829946907 0.462280780548637 0.0908689595967657 0.0752232222914919
-0.194994331677026 0.464439468766314 0.0294515362877031 0.0918572306448223
-0.454006403931654 0.284542377200305 -0.0364960271968966 -0.000153743542733602
-0.481670705872566 0.0669966194898382 0.0398252404780224 -0.14219283437488
-0.412110704559525 -0.057887732380294 0.231105259136583 0.252969536434602
-0.423537731722856 0.099904769922994 0.17578694271077 0.00969758658136537
-0.325968512907117 0.231220939962638 0.00020902967418441 0.0349743040528722
-0.147007920145488 0.341357866384063 -0.0267290016704958 0.0967912783382237
0.0505269044517824 0.377897535497975 0.0539324850157047 0.191534436183823
0.209367029778042 0.308683064008288 0.155276497695081 0.152451201452592
0.27557211769114 0.21650380166376 0.172980270905433 0.107206981446153
0.304483784905325 0.183659024414167 0.185737410216666 0.0746002911731334
0.29405873870319 0.183790258190104 0.185146665699956 0.0611545023224201
0.286924838430726 0.230473144028355 0.167265516812462 0.0616547000172786
0.197045213474646 0.331188006921144 0.130787453170119 0.0832702100563428
0.025877676275418 0.351304864039622 0.0968541044492357 0.0894683789528219
-0.149001747251795 0.323318018174207 0.0662783573259375 0.0612122174643991
-0.33489103082813 0.22229631701698 0.0487622041705883 -0.0349133800354916
-0.379189503628583 0.0852310365639514 0.19144272862011 -0.139189834113744
-0.286873211384114 0.00824376361282928 0.386702639996079 0.251676001497177
-0.259615257146658 0.116545091470755 0.281489330667611 -0.00120555327046224
-0.170627158013542 0.165540828933275 0.0733151875165599 0.0136141426578986
-0.0822519157844887 0.207006387933063 -0.0113701873327894 0.0993014750185572
0.0334008074322587 0.243960455516763 0.075889673520954 0.237938249905721
0.14171099267112 0.209012263448062 0.209223021342934 0.221854626792159
0.196196408308691 0.155237672643178 0.265594981079178 0.179015978519804
0.215926885264536 0.138660194124141 0.286735680720582 0.137690559938072
0.205041545885143 0.14062698332986 0.26695583486325 0.118970899468544
0.177214031495414 0.171434494859869 0.215629784109493 0.110448230344978
0.0885485172642362 0.224020049996971 0.14554928444877 0.123157747322794
-0.0321341507013275 0.19738650524872 0.0755024849913623 0.0959895954926682
-0.084660437795844 0.145657149255848 0.0793932360103504 0.0337112949660388
-0.177308952290483 0.137465980050772 0.106826158588545 -0.0543238037164573
-0.232587430608474 0.0910688197078782 0.302914748165583 -0.129621645858056
-0.107533958268589 0.0630317645690199 0.477915283403141 0.219690150515709
-0.0535684163787585 0.0869775913948863 0.342048778150451 -0.021185403671254
-0.00684360362025276 0.045280986808065 0.128887663457345 -0.0265808725855009
-0.0336140540777754 0.0378025235171449 0.00107857984575441 0.0750490646959988
-0.00524726990472811 0.0797920975829892 0.0838839594301957 0.239472378008515
0.0443059025992725 0.0848438093569341 0.233810192152855 0.249997365760824
0.0820997055530963 0.0758821839774004 0.320828908039828 0.217258643454137
0.0949738970575601 0.0731500989969937 0.345917367245342 0.179371866166703
0.0913736763219047 0.0746358304052214 0.306877364590611 0.165256592552514
0.058378198004372 0.0846359638011037 0.224779417418054 0.150134665684173
-0.0054018096534729 0.0954709405965232 0.129422909612017 0.147911261738104
-0.0537069387106939 0.0400776149359687 0.0402257156886996 0.0888704674803249
0.00500574390537404 -0.003585955798036 0.0820481680829073 0.00918814015690153
-0.00999839917803888 0.0739222719016451 0.145902429810142 -0.0562805338078603
-0.0681840806585073 0.100774641018997 0.365106451872789 -0.1116418072787
-0.0645328438858764 -0.0812298297285508 -0.404177837250243 0.0752766774228151
-0.124426022563434 -0.0375716607082727 -0.191676472918095 0.100444625818828
-0.0957309209003972 0.0655304993755176 -0.0839102220657275 0.0459618214752887
0.0128004088943716 0.0824842480993699 0.0186126207616984 -0.0372534468096044
0.0439187732996281 0.044970975143754 -0.0610204118737024 -0.152636090823396
0.0436060093960058 0.0151352597956571 -0.176716275021756 -0.179763841178623
0.0289769149717305 -0.000327789796782201 -0.278092009939108 -0.1847840531342
0.0368531317771878 0.00687075265646479 -0.331747766632679 -0.183268984774483
0.0407769920445036 0.012786251065171 -0.317236745497527 -0.192630177339233
0.0709134475535951 0.0336500826027254 -0.235299546947533 -0.20177421867818
0.0789591279342477 0.0767256880321694 -0.118393634023966 -0.186752369145814
0.0231382662764064 0.13036143077667 -0.0319946447506073 -0.0636604699023091
-0.125449716743273 0.125490886500732 -0.153587295593435 0.026727443377014
-0.170377541754491 -0.0211582313599185 -0.30585061393106 -0.00263691880575833
-0.101475565416512 -0.086609948965091 -0.434161319892743 -0.183368526248682
-0.202233986371586 -0.110463755188812 -0.36714008870106 0.088786850416552
-0.243532193271469 -0.0301783114101512 -0.199695099369285 0.0677600051907183
-0.198072606811676 0.105249341793859 -0.115406633044568 0.065959240425914
-0.0455666183926325 0.178255294416038 0.0212199353762238 -0.00565363564777028
0.0576402882422543 0.168703483049587 -0.0254301292872535 -0.124855183990346
0.11916201657411 0.12187372846611 -0.128121062866689 -0.174680040413277
0.135842934928896 0.0800822493834774 -0.235375565928647 -0.180115545938138
0.162385424561948 0.0790179459984137 -0.286210128468438 -0.171312154456665
0.16293640096514 0.0922862225892561 -0.27238134737542 -0.166175885127595
0.185082174066322 0.13662686434613 -0.201109228431205 -0.159623601289746
0.155698069899469 0.221309272988508 -0.101271069371993 -0.137806249128904
0.0326591050688143 0.289861812251232 -0.0131173875788045 -0.0164594051024823
-0.205628245643051 0.288101066422545 -0.140813110676066 0.0763280574379691
-0.34803400629506 0.0816741081992733 -0.291873643118359 0.0258792884070047
-0.289040197295123 -0.0671521487618676 -0.386479591878566 -0.164379814791338
-0.323724917267475 -0.133561999030596 -0.276500656744606 0.118668902026021
-0.355293442246833 -0.021038634981098 -0.168017397513555 0.0372500615092943
-0.2998842265475 0.139862339144979 -0.134308066520817 0.0680333853738633
-0.117063623625266 0.266615180102151 0.00326459937179792 0.0225407309076519
0.0548113817456792 0.289755084125944 -0.00230658730557396 -0.0702647084766179
0.176753585538773 0.228393728081792 -0.0666929730415927 -0.132052527237885
0.222950602113065 0.156997360758582 -0.159927981547948 -0.143327764289639
0.262797115618103 0.13997703806466 -0.19731634560196 -0.132560311068928
0.262309456174081 0.151293090269325 -0.183214079424303 -0.120337849930423
0.284078231067238 0.210175199508201 -0.129281417592852 -0.104539862428218
0.231775427506299 0.329052042337445 -0.0578758997737574 -0.0810861549122482
0.0638720121164565 0.41229436992756 0.020409966981536 0.0219039945541673
-0.235828666274683 0.421916046640741 -0.092894980204209 0.104757856799487
-0.457105021257597 0.190563566129381 -0.22937691167631 0.0409666359638255
-0.425305438281669 -0.0258859469845542 -0.276397322983832 -0.147302824219488
-0.408433777015005 -0.137819629321741 -0.137893838177766 0.164646311340776
-0.442992863311126 0.00595770841874599 -0.0854403375575381 0.0188201656541845
-0.376738880787148 0.183471939308754 -0.118487680083044 0.0583871699151319
-0.170736138175829 0.343221855290694 -0.0185821482137857 0.0463005423425811
0.0507455450876863 0.384067238031963 0.0127081430987826 0.00955942351555095
0.214275825066429 0.307433900032314 0.00345302582112369 -0.0530507944307785
0.27911598227039 0.21294364200463 -0.059546364416358 -0.0740623099430181
0.321699071060131 0.182006386789312 -0.0784994198599138 -0.0725942817078855
0.320396575931823 0.185003539359453 -0.0645395335841983 -0.0637202088453956
0.339699860367504 0.246731469450614 -0.0295647833379012 -0.0469738261413766
0.2759779078532 0.382155844682879 0.0070107499542947 -0.0221832300392635
0.0849549766604254 0.468820635537961 0.0586097453454196 0.049414961587357
-0.222606184433823 0.482870040870016 -0.0295754503534982 0.105251608228195
-0.484347547203851 0.26166739044154 -0.133341519517086 0.029295107251601
-0.484564297795699 0.0193924968379425 -0.12437742556319 -0.137339729523393
-0.43515312366755 -0.11319898027995 0.0366327365566585 0.211379829363561
-0.468133247265666 0.0463303306203128 0.0367926418278444 0.0113234948130232
-0.391205361220623 0.218994122717696 -0.0687218790409715 0.0455681612052749
-0.182492207574291 0.37323002440324 -0.0315869029122132 0.0715370099782043
0.049358681116601 0.414563829445704 0.0293388046509795 0.102118317842402
0.22275405075977 0.334588774804292 0.0777377919925616 0.048461837805558
0.294032195424309 0.230626424645765 0.0536914808583155 0.015439615961463
0.330187170979437 0.196044721124054 0.0529608716805906 0.000858795063678456
0.325260243933453 0.194986671899336 0.0625139489693101 -0.00135799836138816
0.335400037020791 0.250481092769508 0.0747424521380376 0.00789378318726697
0.262299640705835 0.376336585287622 0.0758718686425177 0.0318929381096707
0.072650699353129 0.438675677638759 0.0876436308107719 0.0691994229480726
-0.189671823629739 0.436882594777904 0.0271824220615687 0.0829674831904691
-0.431927753070683 0.26494998206038 -0.0336027974200887 -0.00195521453705584
-0.45738879487904 0.0542864291489977 0.0386759652847392 -0.132368694362208
-0.389927845174665 -0.0611375841992012 0.215497046476624 0.24256066216344
-0.399978429372207 0.0876705611882319 0.164460799169203 0.00857036125760369
-0.311640970330427 0.216115579533763 0.000491931807319457 0.0331280316226959
-0.143815304834307 0.322424785544453 -0.0293830947384274 0.0924766721721603
0.0454218327715127 0.358906389927713 0.0508473015341942 0.18318339481862
0.195193445992408 0.293767199974138 0.146439499918538 0.145230628264004
0.262123927326822 0.206650653824538 0.162357613617876 0.105040416615377
0.288569353326755 0.17790454101091 0.175871987505948 0.0740703192079449
0.279208048194947 0.177517944877016 0.173657539714926 0.0603132970134796
0.270502839057016 0.220596372431754 0.156833394303064 0.0582306946747359
0.185385296530858 0.314792149094493 0.12427681124478 0.0790041583380282
0.0224402886522019 0.333628415912246 0.0927191669787706 0.0833217822156855
-0.144563536477831 0.302667965759236 0.0623747085516571 0.0546076131094347
-0.318134626671773 0.206690362867598 0.0473540279752307 -0.0337322429470634
-0.360461545021382 0.0713767597280111 0.182509102100234 -0.126721390315252
-0.270612106576157 0.00395450948975967 0.36365242002529 0.245520472989242
-0.245219790363934 0.106303154623506 0.266296074726549 0.00119446371441027
-0.163362131988367 0.153798914304806 0.0699845749309373 0.0135142290538886
-0.0816096491801543 0.196254121268126 -0.0140736080162216 0.0947534177103097
0.0298321310519237 0.231484623869974 0.0710986713494183 0.226438643766517
0.132585092288182 0.198653082410143 0.196505457441951 0.212448420499021
0.186404962339211 0.148665197229905 0.250186048337159 0.174267140253253
0.20487896498856 0.133352395784476 0.271847577127209 0.134194509276689
0.194387571390125 0.135427909769227 0.251757651102456 0.115860408213962
0.166383642731308 0.163306201706714 0.201808772756691 0.104583403129021
0.0833408039765612 0.21324675176398 0.137100107994827 0.116644857043698
-0.0320590794892022 0.187211687199369 0.0720512672608978 0.0902476968523733
-0.0825216883513144 0.135386106065011 0.0754461819558225 0.0290160850244591
-0.168053133630693 0.126940070994354 0.101831726176074 -0.0498986683724147
-0.220150339909142 0.0806525310335207 0.286843874754983 -0.114828332995898
-0.10018980605004 0.0585124255897451 0.45239065145671 0.215753431517065
-0.0499654144899552 0.081250189594578 0.324473904956566 -0.0154212398331949
-0.00706270681779796 0.0416235196780097 0.122223439459391 -0.0246668431592405
-0.0331884240491363 0.0357990766243228 -0.00169054607114327 0.0709133913832594
-0.00515884943091768 0.0763513459666549 0.0778242108094871 0.228325707691709
0.0415679093770142 0.0809120613741134 0.218816132752677 0.240182959048766
0.0784316348842086 0.0726846728647808 0.302244499018557 0.210812646422179
0.0903610341140726 0.0701454314030039 0.32772048538328 0.173304400145747
0.0860613844376433 0.0710919576880645 0.289891675154252 0.160046788959801
0.0540610077538656 0.0804816231890056 0.210470070546619 0.14344791837913
-0.00616433052879903 0.0914237257365049 0.121074201578453 0.138994061933308
-0.0516015098640208 0.0380540700284137 0.0381710012612269 0.083148729631867
0.00360761812606117 -0.00532805709494446 0.078036951946481 0.00569832976384797
-0.00794223640741881 0.0682453486662739 0.138984796270144 -0.0504523390956641
-0.0637709400150639 0.0931502867118261 0.345833136981476 -0.0982947043613915
-0.0617043046889638 -0.081544473447886 -0.395574112624541 0.0548198567347206
-0.120779229803103 -0.0395781666362548 -0.19079250879137 0.0885580346492683
-0.0946621466370438 0.0616813133964536 -0.0840340845954906 0.0442603777069902
0.0109243904049201 0.080855906693138 0.0194735803476825 -0.0348741940828404
0.0413140721284941 0.0441967876795951 -0.0538215106967665 -0.147939136183404
0.0414230143622302 0.0155417535830782 -0.164712282755305 -0.180494251804402
0.0272832480140679 0.00210624701264376 -0.264835646075301 -0.189584195155815
0.0354108109905015 0.00889553084390848 -0.319289652143772 -0.190784972429422
0.0397732284840945 0.0158131119841982 -0.304326180769621 -0.199672556137396
0.068270015273511 0.0360737169985209 -0.222245457662104 -0.206536754813908
0.0749867595987032 0.0758245162063778 -0.10944625053392 -0.186222650760665
0.0187483609162788 0.127073226931423 -0.027232197946781 -0.0645804274008874
-0.126012877217362 0.119345476578073 -0.149722557309198 0.0221057689716409
-0.166854642975123 -0.0265762362832849 -0.295614041795464 -0.0154211963164426
-0.0970635566529139 -0.0896714762357302 -0.416500196814363 -0.198004724598899
-0.195217828433704 -0.11604904344499 -0.360629451648505 0.0687602684052495
-0.236687612513601 -0.036773819099641 -0.199230665216371 0.0556502845673876
-0.195448643185989 0.0973596074789364 -0.114871778777306 0.0628728902807424
-0.0494528011511746 0.172379904670799 0.0198960041609505 -0.00325441673959394
0.051498544168672 0.165171840952425 -0.0201469701121098 -0.119792433022183
0.111663137428275 0.121858231645941 -0.118374533698694 -0.174418382979179
0.129415373718389 0.0834100319033124 -0.224270016833859 -0.184077590686009
0.156462132215038 0.0836266366421839 -0.276272116446666 -0.176990269269659
0.157139188352965 0.0980471951504311 -0.261747495421444 -0.172710321495682
0.17708186353081 0.141450310554897 -0.19099063063805 -0.165104668386128
0.145481163773878 0.219277786051259 -0.0939373666228878 -0.138575140280606
0.022556206129108 0.283700291419996 -0.0108431507946063 -0.0183860353296256
-0.210506989704461 0.274564579120225 -0.13940641609197 0.068990480058169
-0.344043622176155 0.0672281142682823 -0.284476821391195 0.0129042651817971
-0.282108021613428 -0.0798656881825553 -0.371156885589722 -0.178035655971719
-0.311756794748568 -0.143082286362242 -0.275719717594584 0.102117316873917
-0.346474726147747 -0.0324364910439527 -0.16792627566353 0.0269241043500752
-0.295422534950742 0.126516573474768 -0.133841535063449 0.0640069242149638
-0.122658940274922 0.256507646627295 0.000896071364643664 0.0236386335095194
0.0454934738418793 0.283368129244267 0.000778043376272328 -0.0661489637561925
0.165719224852245 0.226963519641631 -0.0602655838138563 -0.131837937751572
0.212786938529054 0.161733320654644 -0.152654964354247 -0.144340066382468
0.253546860147398 0.14628749987748 -0.190360824357736 -0.135809404786107
0.252999817093951 0.158542745521449 -0.176966287089052 -0.124625999888079
0.271092726273573 0.216169403071331 -0.123151586207605 -0.108563406833679
0.217184832263915 0.32766958823285 -0.0536049734801608 -0.081376237044725
0.0481503238204903 0.405290262138487 0.021301739643935 0.0194463745397711
-0.243808529189764 0.40329928531588 -0.0942074027189765 0.0974842959979222
-0.453734451705268 0.169753414970332 -0.223952543972658 0.0297614299465706
-0.417383716881563 -0.0450035628664393 -0.264311882838211 -0.155546723722202
-0.3937870887758 -0.149944349767535 -0.141703217302115 0.152934793780028
-0.431748368042152 -0.0111144203026009 -0.0874157624249267 0.0107384624953071
-0.373026977637444 0.166197604699813 -0.118843195559981 0.0545577064393946
-0.178741127538213 0.330580147872017 -0.0218418737094414 0.0461261001033504
0.0384023257748996 0.375641673542448 0.0134949058374452 0.0116161778181397
0.200284034836132 0.305897229028577 0.00550012703951744 -0.0524675060196522
0.267082818159787 0.218292439953738 -0.0571306852352741 -0.0730547126653168
0.30978362624354 0.188955971753587 -0.075376343975044 -0.0722953680162624
0.30896876733518 0.194052463678078 -0.0625971788912349 -0.0646473968972092
0.324505480440988 0.25424718867495 -0.0279751836954269 -0.0489860156443616
0.260000350917381 0.381671831274322 0.00853956772257923 -0.0218032301351646
0.0682559298444122 0.460579429205472 0.0578954219256552 0.0474961764748484
-0.2354580247399 0.462981894977706 -0.0327077455864123 0.0987008430009907
-0.482306159013185 0.237405611450376 -0.130503512267975 0.0224789808747919
-0.476781577719914 -0.00211804958865144 -0.117194717081453 -0.138210321944581
-0.420603512377134 -0.128453641096699 0.0270224370044299 0.206721098212326
-0.45658608271123 0.0280541036207664 0.0327770101714795 0.0083414574997359
-0.388652051769832 0.199366949978964 -0.0687018691986738 0.0438075545499875
-0.192707978858463 0.357309324732727 -0.0363056984830939 0.0700601038235618
0.0345034574949558 0.406719707941431 0.0267330324600722 0.102258776314906
0.207154248374994 0.33200776196049 0.0740551112668121 0.0489321919005107
0.282742708079455 0.236216392394989 0.050374054315458 0.0180162500472924
0.318469300642022 0.203120060713526 0.0515663356843152 0.00426556205964659
0.3139887337024 0.202107576302191 0.0602486704210323 0.00123430056720449
0.320883577583309 0.256109367838974 0.0722181307477938 0.0077534496869125
0.246462677630288 0.374277889401824 0.0740657710834793 0.033766295697095
0.0579048217026305 0.430686132582191 0.0851470736430494 0.0675960992202005
-0.201194276239692 0.420487518009215 0.0230141505927678 0.0783658854168874
-0.432042579767195 0.241971656881824 -0.0316190224645509 -0.00411415310790494
-0.451119155779717 0.0303584723021443 0.0409179403795891 -0.126206373433363
-0.377612954491602 -0.0740577343267445 0.201369928986297 0.245443485502125
-0.391369402023349 0.0708984286637685 0.158690015930332 0.0115138890623348
-0.311530417211 0.19825925166031 -0.000556359991306902 0.0325817714760486
-0.152754243227667 0.309800020214598 -0.0346741328746838 0.0900773789461729
0.0328067684834537 0.352292546578922 0.0451337869973115 0.180955455005505
0.182632435305483 0.293332623439259 0.137794489241196 0.146486270973942
0.251201992017389 0.211177346338177 0.15401135585178 0.110173055640585
0.278015763570055 0.183325012377997 0.170310966650061 0.0797872599516153
0.269111191043016 0.183509091522387 0.167551298624035 0.065453980204004
0.256782222173649 0.225471422395248 0.150331359559225 0.0602998481005438
0.174329369826211 0.312250054524324 0.119333972366397 0.0803070049366588
0.0118397050656621 0.327488315910027 0.0898198876656511 0.08220672143522
-0.152634766760351 0.289200257449504 0.0583231013615132 0.0518216827988739
-0.317948136565865 0.188815671925248 0.0479251771703874 -0.0312972865349302
-0.356221858944862 0.0515511592742757 0.18178434145602 -0.11400092466349
-0.262793610282914 -0.00657402455410895 0.346726933161897 0.255382824018093
-0.241054349724936 0.0936799904046937 0.257994327271011 0.00948942845798039
-0.164772168998165 0.143536756435546 0.0682620090867103 0.0154440693640535
-0.0877792747608977 0.18940023964188 -0.0201474477839972 0.0924147750293477
0.0220736313325758 0.228030884062 0.0625552925945776 0.223992101029928
0.123190945667785 0.198865819260565 0.184620083727548 0.214074690155622
0.178262946915489 0.151017217808279 0.238972821771058 0.180971799819389
0.197505506787729 0.136867189967378 0.263105177461585 0.141131960013739
0.18627200965009 0.138602031217081 0.242587749414894 0.122938995702787
0.156544678098475 0.164526448672788 0.192404215859431 0.108364138668814
0.0757385458078493 0.211770271018403 0.130202368467589 0.116679063041384
-0.0373086379092144 0.181732051407845 0.06917143791342 0.0883255136019715
-0.0857501094394646 0.127123671418278 0.0718671901326439 0.0273239320354519
-0.16738583311255 0.11600935981722 0.101536108484166 -0.0445266565964482
-0.217193385656343 0.0675930811357157 0.283635513864228 -0.0978455535326703
-0.0983395792094477 0.053075575769158 0.435294847515633 0.232456598623929
-0.049928206783874 0.0765848514665701 0.317423571597934 -0.00240821950798857
-0.00839902715825665 0.0392375840642746 0.12004681378532 -0.0208432021062079
-0.0348745127467682 0.0348662698193224 -0.00617712619880062 0.0699475693562519
-0.00693093516658693 0.074897780014012 0.0681674437137286 0.224975794021526
0.0382078764366502 0.0807049648087889 0.205318882485451 0.243308068745057
0.0751122490126359 0.0727336684932877 0.288965232855756 0.217837590303187
0.0871397416804695 0.0707073524119591 0.316380088700201 0.181194514368733
0.0816588799177992 0.071356958091156 0.27849832986561 0.16697523032136
0.0493946063721893 0.0799747234443881 0.199555907663034 0.145909750651036
-0.00862486325420124 0.08980125824634 0.113263309508893 0.137396964143791
-0.0519372524456519 0.0360426990754809 0.0354414915741261 0.080743445264822
0.00268182968478158 -0.00763045137128733 0.0754424356845642 0.00498310139345734
-0.00877478517245082 0.063979447752255 0.137838168371149 -0.042668737053786
-0.0636868285014524 0.0873101563139333 0.339442113196056 -0.0791861486629883
-0.0612877774017299 -0.0855175301371389 -0.404979602162256 0.0373003621068901
-0.121965233966195 -0.0425436146863349 -0.198031877706914 0.0810047907885457
-0.0972591713483185 0.061485364889525 -0.0872583937023913 0.0444507367645814
0.00913649252597523 0.081919945048246 0.0207915068800387 -0.0335762493871776
0.0402028416290457 0.0460711479412542 -0.0491653726427677 -0.149243639806026
0.041070714780456 0.0166813309269108 -0.160519158632548 -0.188362826058048
0.0270707246522006 0.00409169174589101 -0.262109627968298 -0.202480235013779
0.0357060285607562 0.0110129268210546 -0.320141757248267 -0.204692601416592
0.0398546398436927 0.0189639242004757 -0.304196248100981 -0.215259097357731
0.0691597183105371 0.0397201999345689 -0.219362482256298 -0.219417327241516
0.0737611696033227 0.0776594839464292 -0.104533530535833 -0.193812952876445
0.0148622887900191 0.129261589901119 -0.0241764125841656 -0.0680365313733056
-0.131389749715677 0.117915499805197 -0.151985664972734 0.017853734620706
-0.169846436741155 -0.0312630538041979 -0.297753776536211 -0.028071127211385
-0.097113568275368 -0.0951858127841735 -0.414883298246236 -0.22153133829427
-0.195135859041277 -0.125234196866646 -0.370890327104146 0.0529967765104607
-0.239809708723819 -0.0452091573790122 -0.206125728176786 0.047027062104339
-0.200742845798138 0.0939152732985834 -0.119348218756065 0.062088115020223
-0.055367828705991 0.173165882638274 0.0199589882231145 -0.00170962500873171
0.0477968745726816 0.169245141900264 -0.0154176667046827 -0.119936715354842
0.109140242115449 0.126365628107312 -0.113465354103268 -0.180970008876663
0.129742010068942 0.0904143776752355 -0.221624486980702 -0.194376738073613
0.157059221563999 0.0908740791080717 -0.276282879047319 -0.189221867445045
0.158619095478574 0.106923519412671 -0.263170982185642 -0.186173839726564
0.176067593633013 0.151135571306673 -0.189083713238824 -0.175615236076311
0.140730403394365 0.226760399168101 -0.0898892092389489 -0.14346410403222
0.0135643433534654 0.288093737728046 -0.00871784642897567 -0.0216459925811638
-0.224253488586116 0.272341079093194 -0.143787531135626 0.0644792565634682
-0.353777368150811 0.0575618091438899 -0.288231303050314 0.000488576684171897
-0.285896826887815 -0.0943704398649846 -0.371086006310699 -0.195942533212383
-0.312773242231858 -0.157899775695028 -0.285447184359572 0.0905762976075934
-0.349620339674814 -0.0460110723088435 -0.17481940088906 0.0172654746545978
-0.303709818415639 0.118753209760924 -0.138606797477278 0.0630652190013136
-0.131965299755298 0.257015607354222 -0.00100036154421367 0.0252704398811238
0.0376533722531471 0.288863770818725 0.00428304615847561 -0.064591197533521
0.160595580044466 0.234771003781151 -0.0562041926459455 -0.136196622165804
0.213106193418859 0.172104415332947 -0.151516024947188 -0.150477362369385
0.25455228307299 0.158138824487109 -0.190633233818761 -0.144109020936475
0.254869401914288 0.171992740094085 -0.177550919972938 -0.133490075133154
0.269421204001888 0.230229338367067 -0.121854705798156 -0.116487726786193
0.21203138905494 0.339769028368152 -0.0505656908719005 -0.0843388447735784
0.036637723162377 0.413693478021834 0.0224194547118371 0.0173675984935869
-0.261486273801868 0.402887184102999 -0.0986810858783798 0.0942849617039793
-0.469452182831927 0.157350925084915 -0.227693892809696 0.0201536834065041
-0.425785906077813 -0.0651929013642174 -0.264636047397436 -0.169408458787965
-0.39456779188609 -0.169665225260658 -0.152039584580875 0.147393384246892
-0.437771611087108 -0.0273083817953997 -0.0922972618122091 0.0039799683216388
-0.384326567230476 0.155358491828181 -0.122602675602856 0.053723970635946
-0.192620231439863 0.329714928557514 -0.0263228784850479 0.0476889884201015
0.0284648289853421 0.382970517462156 0.0150006898345123 0.0138365603847518
0.194492576673774 0.317252617622649 0.00767294216431685 -0.053755406381694
0.266678615136557 0.230821237827867 -0.0574592714926303 -0.0740792650766635
0.311568105440339 0.203853510145465 -0.0752543753762054 -0.0747152959005327
0.310291295942492 0.209918688480817 -0.063039918155303 -0.0677495324568347
0.32358727391065 0.270521377177605 -0.0273080716176614 -0.0526427096291561
0.254524375646568 0.396158957406942 0.0103739341729816 -0.0215717388421429
0.0564779685477446 0.470660808845985 0.0587690305032294 0.046667594236483
-0.253820736401325 0.462707790474748 -0.0367494948487707 0.0968761921347781
-0.501558716669989 0.224657899985546 -0.132506905676911 0.0157442503852241
-0.48643565346559 -0.0248778977291211 -0.116724361302429 -0.145229118416522
-0.423291851299851 -0.147807962178371 0.0171306004101893 0.209885165626945
-0.464138835535092 0.0110844489377267 0.029381961828454 0.00630959803663882
-0.401593617176842 0.187757676252587 -0.0713956738728812 0.0428015028614645
-0.207759639081492 0.357440417101012 -0.0427028995835994 0.071602009039846
0.0230489259354976 0.414725628654441 0.0253216009583008 0.106264387900491
0.200708793644652 0.34445513132307 0.0743863700998805 0.0520937424468445
0.281457170837623 0.249773658679567 0.0490394310303779 0.0225516076357702
0.320757723587129 0.217390249967784 0.0519257734644675 0.00735781527164956
0.315523554237118 0.218135251914462 0.0601194717602972 0.00397777115162691
0.318704374198968 0.272339152346401 0.0721528038896738 0.00892987156415042
0.240840995753135 0.38867742927262 0.0754134446560121 0.0364021299999584
0.0460805860633721 0.440537892327602 0.086028656733829 0.0682269554525277
-0.218098123619141 0.418878329231498 0.0203111357535607 0.0774619537582391
-0.448635499483543 0.228906029406198 -0.0306270173958137 -0.00668057073872444
-0.461460523931684 0.0112561909134556 0.0451599546969754 -0.125171600542362
-0.38004519104841 -0.0911690364347238 0.194490907987188 0.257419286615453
-0.399732725917562 0.0552307174110922 0.157763869214717 0.0149809085172571
-0.324122103391095 0.189230871054472 -0.00175700829532777 0.0335567154248224
-0.166054934507262 0.310221762642189 -0.0414926037987873 0.0924222533834071
0.0226627607218147 0.358175086830025 0.0402563763326411 0.186554442385932
0.176655498461525 0.304123327288706 0.135358345713936 0.154185870023064
0.250581031440049 0.223759158230787 0.15250138480698 0.119794185615419
0.279899167740905 0.196324599387766 0.171216047332863 0.0877559037161122
0.270121259185162 0.195800951020129 0.167769988098849 0.0736897790760218
0.254909234287334 0.237462387977744 0.150478536641103 0.0652299527374531
0.168360618098669 0.323225717497968 0.119416741086688 0.085256775564967
0.00160408409629788 0.332275241833163 0.0900178884656446 0.0840525463826604
-0.166114479709166 0.286963417730764 0.0568874226936719 0.0510013064647171
-0.329381163005786 0.179433970771695 0.0508737039653012 -0.0307009316816318
-0.36409552629564 0.0361568721682975 0.188780219699862 -0.106676349936847
-0.265957032793839 -0.0179107558090669 0.343533502059588 0.273831572623446
-0.246222032483871 0.0843924554949455 0.259867812906283 0.0182752350560775
-0.172388498616043 0.138013333781171 0.0686381004053129 0.0171872965471086
-0.0969456395128288 0.189148932090631 -0.0265244230970608 0.0946052111112859
0.0152179531268826 0.231850894859532 0.0560776759846653 0.230256901922568
0.119075694365369 0.206503384447295 0.180359201324155 0.2254275716941
0.17802257326029 0.159432198724876 0.237316324181534 0.195094724114418
0.197597989779083 0.146404501079387 0.264538111342379 0.15390023229934
0.186475586364112 0.147203073834149 0.243424048342429 0.134574464842003
0.154170580546019 0.172404172967143 0.190889287716369 0.115757277097432
0.0707111581272012 0.217904091451693 0.12872779900215 0.121596527399935
-0.0434771963845981 0.183773599616631 0.0681759604466999 0.0907749391365653
-0.0926323056196744 0.123447108643079 0.0713258563529218 0.0265343920190412
-0.173419118098089 0.110138361885849 0.106004711085549 -0.040656836364683
-0.222208484610143 0.0576388469804134 0.291786621374994 -0.0859656128923547
-0.100315555090651 0.0494515974896462 0.435306479018986 0.255199408601522
-0.0514349032694999 0.0743724846900248 0.322906648333471 0.00931645586144476
-0.0103038638830885 0.0383144070684484 0.122284738303144 -0.0175153518499903
-0.0379838649743483 0.034819792468291 -0.01124114732123 0.0713721157489033
-0.00893561505286519 0.0757418283706106 0.0608695237856248 0.231406299499663
0.0371541424700785 0.0839513792441264 0.200659862970415 0.256431836994348
0.0752630011565482 0.0762234343162223 0.286959324704735 0.233665764418631
0.0874570411882432 0.0740662037590601 0.317632689139524 0.196500442821174
0.081012377911689 0.075090511704371 0.279104770164943 0.180507250538679
0.0461091242641734 0.0825919395126838 0.196062014004903 0.154774357768707
-0.0113254389077463 0.0917262448396817 0.110448233198229 0.141307826573642
-0.0540474227330747 0.0349807607173918 0.0341637370873609 0.0817915301667976
0.00181096244838314 -0.00955925900522028 0.0759415003047152 0.00455418148196925
-0.00992009205789815 0.0632463317809804 0.141902902890134 -0.0369886287061448
-0.0659362260810143 0.0843861731678127 0.347199193201685 -0.063150679238856
-0.0649604789674436 -0.0903256252096812 -0.428385438131017 0.0296523899337957
-0.128651733842615 -0.0438271631687855 -0.209290124833902 0.0812505741181774
-0.101743065830556 0.0649855228875797 -0.092395295803942 0.0483993285382668
0.0102615056886228 0.0854552758194234 0.0218216683296788 -0.0350281854918236
0.0420606179052467 0.0491692380206927 -0.0500858283292156 -0.153827280001411
0.0422009953043968 0.0169779947621156 -0.166298519864412 -0.198700983637317
0.0284464633181137 0.00497907802765504 -0.274567878160367 -0.215355850251002
0.0375729458866333 0.0128593342856438 -0.336722591459494 -0.21881687409453
0.0422028069799497 0.0227092966088988 -0.319522694304669 -0.231549780003335
0.0729363437337258 0.0427897237794716 -0.229103381321545 -0.234599651109859
0.0768626218433384 0.0809729909329849 -0.107193744043568 -0.205048986458304
0.0151066379299037 0.134921244103814 -0.023885875737915 -0.0732806467009095
-0.138442156200575 0.124303977782903 -0.159107211949417 0.0178589540587868
-0.179383936132123 -0.0332888808932654 -0.311387802483111 -0.0338802140328281
-0.103341505426858 -0.102979295520835 -0.435971351337382 -0.241825968466272
-0.205735370400327 -0.133990411559894 -0.391852129571253 0.0473025857995907
-0.252310018891988 -0.0486607414255706 -0.218703376345591 0.0445887900219127
-0.21043205900683 0.0974109270755891 -0.125921947840301 0.0673724181306948
-0.0574728785179411 0.180918671596365 0.0199101851415997 -0.000111683932983241
0.0498540813405644 0.177673991284964 -0.0141533236489176 -0.123211650266899
0.113877143783117 0.132189091006717 -0.117356564586951 -0.190737777243259
0.135737489081679 0.0963264812314606 -0.232720050262139 -0.205223532458318
0.16571372537243 0.0973950815573545 -0.292270693691454 -0.201351336421886
0.167281720752521 0.115960282619572 -0.276716122173864 -0.199091123660223
0.185884826116326 0.161037197854287 -0.197997446134042 -0.188582994678963
0.146876887086983 0.237321359707289 -0.0923846076317048 -0.15215986422382
0.0126604425057164 0.302401653739655 -0.00799036806776237 -0.0249840082190196
-0.236983711841265 0.284864255691321 -0.151277494634149 0.0662409454116999
-0.374025950337124 0.0580916940111917 -0.301465284180059 -0.00416454932066269
-0.3022275768365 -0.104883206920151 -0.390123333125705 -0.213936139783499
-0.327758708916001 -0.169817398521515 -0.303386021813323 0.0885021610229788
-0.367494289928272 -0.0503489335434476 -0.187277078909165 0.0132515290015333
-0.318664862239805 0.12266103417431 -0.145830229610481 0.0683074841902017
-0.139625194756137 0.268487610455022 -0.00288477246242287 0.0282815353779879
0.0386057640987114 0.302863885104115 0.00645024413514387 -0.0649967991031369
0.168035513048806 0.246410441357723 -0.0583150170713943 -0.143885937473907
0.224993920356867 0.183045496965796 -0.159621552283847 -0.158282062371701
0.268610145095427 0.169341715824476 -0.201258508815143 -0.152621582791025
0.269181023394891 0.18522624718912 -0.188567408097569 -0.142674959882531
0.284191691714516 0.245904854827253 -0.128051673001988 -0.125707564578818
0.221861037848147 0.357538794952582 -0.0510956308048769 -0.0885778591832377
0.0357727806144475 0.433662012791936 0.0249337242950471 0.0154602954095386
-0.277518952516445 0.421129096165176 -0.10513204671826 0.0973741420156875
-0.496911000061638 0.160800996428804 -0.239160179429054 0.0173969553057267
-0.449321092435949 -0.0771182030654635 -0.279655264975153 -0.181409802580828
-0.414689590187955 -0.183425507430077 -0.163894803432714 0.151533295142314
-0.459184971734049 -0.0332936151414987 -0.101279127073972 -0.000309383237356834
-0.40366043164706 0.157980807190846 -0.129701122546918 0.0569220771458177
-0.204226428390554 0.345085336900878 -0.030185605353068 0.0515579633312699
0.0270183286224314 0.402614756273117 0.0173444562154988 0.01710842441033
0.20321954730073 0.333003079186725 0.00823761642897151 -0.0570783996883533
0.281210997319741 0.245201746836869 -0.0613273085048726 -0.0762800481394892
0.328134269127458 0.217925418817468 -0.0799640632441795 -0.0782853333755276
0.328875460606673 0.224771943175284 -0.0677207718226329 -0.0713456184827861
0.342456949285427 0.289945482627636 -0.0293184015981762 -0.0577150246043169
0.267428341887837 0.417817709367455 0.0127105769180464 -0.0224301634012783
0.056572100371575 0.494639313638396 0.0624529687003759 0.0462014332973454
-0.271602588133547 0.484490416415442 -0.0404785906479519 0.0991785092849661
-0.53215916947704 0.232122544880883 -0.138554917783035 0.0132315444827494
-0.514950090747452 -0.0347758515994748 -0.123186912749782 -0.153816296512753
-0.443498364708906 -0.161468028632889 0.0148243868276231 0.220423235469741
-0.488342377406824 0.0042756532807436 0.0263861749536339 0.00327174680457178
-0.423486697929869 0.192416650601 -0.0760025652585753 0.0447911483487422
-0.221866076164195 0.375212348841631 -0.0481962618050133 0.0767643571798979
0.0209292026783941 0.43557681938241 0.0274383919020042 0.113919411366978
0.210009773940032 0.36250587760418 0.0776999038870198 0.0549925172220963
0.297378564884145 0.265338949425502 0.0504791486137776 0.0271993494898626
0.338110730697458 0.230597024157528 0.0546073129484512 0.00926039816629889
0.333275953841765 0.232483960891718 0.0629597300433925 0.00517141107943987
0.33766359555467 0.289111121548382 0.0751116771433658 0.00865201036652703
0.253441538557859 0.409892745424249 0.0804290069191794 0.038770656737439
0.0464841843157816 0.464104328663355 0.0908158878680237 0.0695162401934742
-0.233655287277542 0.437522791444922 0.019857648918507 0.0783140110709226
-0.475017806260555 0.238800078321859 -0.0316946374727319 -0.00919447555383586
-0.486642148100833 0.00205094448637046 0.0475312980104472 -0.129861558074152
-0.398821289748393 -0.101243087994025 0.201669879890883 0.273883801935185
-0.418996052651706 0.0523350822647701 0.161913630117932 0.0146277665495775
-0.341990409211728 0.192948325202216 -0.00261121422384107 0.0350196435533461
-0.179488239020416 0.325101622254026 -0.047810254522112 0.0987219337782581
0.0212109747302211 0.377349317573543 0.0420774166750561 0.197807497237167
0.184702621748571 0.321044328364113 0.141687739887288 0.16270955506466
0.263636166082341 0.23616661398938 0.159653515451266 0.130309539624552
0.295216786257331 0.208287150280372 0.180790426584724 0.0950904611260748
0.285188390180796 0.208562947686489 0.177323602457859 0.0790847428518127
0.267392999672726 0.252010125908019 0.156937543301427 0.0691990229923323
0.178417726636141 0.34024307377029 0.126259533799305 0.0895091624833378
-0.000233624672695961 0.348963396790899 0.0943008912109801 0.0862330938379659
-0.177726798855828 0.298844794886528 0.0580617081190249 0.0508572521947514
-0.348656274704775 0.185179888860719 0.0551610836204551 -0.0322731628104949
-0.38470201749341 0.0305715009196734 0.199391193954337 -0.107925313904751
-0.277996720517857 -0.0233352948662353 0.359718078437863 0.294675321559136
-0.258827474586342 0.0839217550492576 0.270928281741077 0.0208384565305323
-0.182507990207307 0.14170722064363 0.0715058667741652 0.0181153799053584
-0.1049433133137 0.198686830422712 -0.0307456508131451 0.101191352389676
0.013837759423018 0.244505110690773 0.05660900837889 0.242787806603818
0.125036373826607 0.218317668257798 0.188386198895515 0.239402360724411
0.18777542185541 0.16907314716696 0.248743316931813 0.209603100558348
0.209104632638172 0.154936522019226 0.279251100028066 0.165233311266065
0.196438120530633 0.155511201058618 0.256047895887515 0.143343683218398
0.160982021521373 0.183176978636521 0.198966421465188 0.122326324055272
0.0748788447013092 0.229614300433759 0.135354193429454 0.126949628388078
-0.0473974034968238 0.192290412364783 0.0716254331843845 0.0931286177821097
-0.100015297298216 0.126921631782451 0.0739679123055041 0.024731422517947
-0.183095412997261 0.113190838686932 0.112253186811834 -0.041632513909333
-0.233962875035655 0.0553927248674035 0.306832319237635 -0.0833393975375601
-0.103609442794095 0.0498920168707939 0.459675311387135 0.275061345750498
-0.0532435304298567 0.0758870963701264 0.338630124423394 0.0138054179897205
-0.0115601808250399 0.0385974344105229 0.128076281084697 -0.01868870341573
-0.0411321044215704 0.0366794923729328 -0.0146119235718122 0.076015533211795
-0.0100042029661546 0.0797065454856039 0.0613301914843118 0.244435831735259
0.0391852638416101 0.0886220128442983 0.20961624509634 0.273371714130691
0.0797078401283093 0.0799872363876913 0.301651196206223 0.250103889068347
0.0926280884579215 0.0782918264780486 0.335218457401289 0.209717564877312
0.0847598530010471 0.0788444808243244 0.294220259991868 0.192407524693048
0.0477185565672505 0.0876008347659151 0.204860756039147 0.163867525796539
-0.0115652646458178 0.0974855147233673 0.113896913607647 0.147428787567511
-0.0580320049839755 0.0368015113343938 0.0358710875245619 0.0847362178111532
0.000490641896455073 -0.0122801882361624 0.0793512064124868 0.00224013983267865
-0.0100490652954568 0.0643873002822323 0.150555002943862 -0.0364743620644917
-0.0676484153373058 0.0871383399761491 0.365536390077449 -0.0592769977869766
-0.0839211139444325 -0.0885910037906642 -0.439709989067813 0.103043385051797
-0.142322683570402 -0.0276963976177937 -0.202349501559489 0.116295987103453
-0.0951821150534273 0.0842316891688301 -0.0855723330138024 0.0629392037883137
0.024610019698568 0.0875955758043958 0.0151488174704576 -0.043858544254983
0.0544085648138713 0.0439218426239504 -0.0806897651590587 -0.152268671442489
0.0476859013288626 0.0114238790119459 -0.208335796452212 -0.181707398438587
0.0313933266976275 0.00209531253194996 -0.330791430555856 -0.182683966018073
0.0436819248135929 0.00718700575117343 -0.388829739046388 -0.175417139534839
0.0504105573441727 0.0160615726173907 -0.375892774133166 -0.194299024181734
0.0858677735292226 0.031882433357826 -0.278191926352928 -0.212624563572248
0.0947009960979913 0.0702955706823006 -0.144560314563017 -0.20233775736087
0.0352680802314035 0.137942611606443 -0.0343725507895185 -0.0779098524102837
-0.122534731950547 0.151427772260512 -0.160564794838881 0.0451507622202368
-0.190156173406006 -0.0063129232472936 -0.330913344336384 0.0147391653373737
-0.122385089876384 -0.0877685240805207 -0.498837030761799 -0.195171037495447
-0.24193456031181 -0.11171586692656 -0.388092657908456 0.108636582147789
-0.272773847261258 -0.015791231362162 -0.214685607437212 0.0761003466309476
-0.204600036001801 0.134664322970438 -0.11214082816697 0.0837708887911329
-0.0335839870837238 0.197440698156563 0.0222087913810255 -0.0115946298420699
0.0800552214363755 0.177046487774816 -0.0385556893502579 -0.132754745790108
0.140883297054262 0.121747624208721 -0.160435909407028 -0.186786050577175
0.157950960176208 0.0822074342961833 -0.287109206821248 -0.181457775005319
0.191539766669678 0.0765549540065046 -0.339608191441042 -0.164060723313761
0.195836872936183 0.0941401079721328 -0.326059385201502 -0.167366526122403
0.221300360679479 0.138501504402734 -0.236795099801828 -0.170097075439508
0.191311653372976 0.22179550773244 -0.120899611575802 -0.151118530679819
0.0565896153511607 0.31238185679623 -0.00773385720025538 -0.0327541519857196
-0.199370565881702 0.333335184771525 -0.14137819524466 0.0935748329067137
-0.377912253244656 0.117775444016962 -0.314467781637214 0.0493920283728341
-0.329094209270982 -0.0618818050357083 -0.446554635939851 -0.17133311883889
-0.379745171091397 -0.128157640510528 -0.278022368117981 0.132590789248939
-0.395933061449067 -0.00141690020322328 -0.182861165775864 0.0355134958238532
-0.315491048898935 0.176448492036207 -0.128427679843388 0.0826126900933335
-0.10817851418364 0.300626026219117 0.00693864598245414 0.0182815563597758
0.0865883017408955 0.309809850119075 -0.00640045283229977 -0.0827411152194213
0.214099754740997 0.232870646997537 -0.0944810337378867 -0.152634046186568
0.263566840359422 0.160423401386722 -0.201767346596465 -0.146707272705414
0.310262614625184 0.135684006022867 -0.238206891819696 -0.126857392571253
0.313651755971273 0.149962196689662 -0.223175389721487 -0.12173522480564
0.336349269698422 0.21135018942231 -0.153382923623608 -0.11635231590703
0.286784772265054 0.334368607715883 -0.0670153331538546 -0.0926942051332621
0.100285128701521 0.445201455850824 0.0331509124399666 0.00162607507247335
-0.221350475953751 0.480877758415038 -0.086287581337174 0.118005964272826
-0.489640619436314 0.241776417279027 -0.24226058378227 0.0644046084355284
-0.478401737954031 -0.0113552291046365 -0.326074013653733 -0.151592814644073
-0.477377148918709 -0.126032660303741 -0.111197972191154 0.17250487481673
-0.491004720823363 0.0308255706122235 -0.0934456480505039 0.00387510060647227
-0.402812845906686 0.227038846169746 -0.110063068909066 0.0635903457843269
-0.167136860213269 0.391315583345705 -0.0151053459853657 0.0437506635777021
0.0871044135482889 0.415377629735635 0.018680612746459 -0.00367170916991225
0.264087405530874 0.318035924137085 -0.0124054033325908 -0.0762404601605812
0.333066262374201 0.216519258412713 -0.0830863133775995 -0.0781597131809132
0.381171711151184 0.177817672496555 -0.0990237397195606 -0.0686449896450691
0.381505459097072 0.182453380106175 -0.0840818671056014 -0.0659302433334122
0.402744462884029 0.248358701861221 -0.0388839836226789 -0.0607023546687051
0.344131213798668 0.389931567250574 0.0095242461569782 -0.0335006692743252
0.131450890800607 0.506167948026136 0.0780694212938161 0.0272004603314904
-0.202438267418349 0.544456568984216 -0.0170560981787527 0.107544843800491
-0.515694394036262 0.321686241457645 -0.136021610585701 0.045945386035849
-0.539887031421266 0.0412342908465616 -0.156940857235935 -0.143135191815311
-0.505875607912346 -0.0964655494730339 0.091481654518281 0.213433159539417
-0.51661059637855 0.0748970572315924 0.0422173353701581 -0.01494594722523
-0.418090625205661 0.263746535670938 -0.0557902959743625 0.0388749348254757
-0.180994878858225 0.42515133258625 -0.0295195860872238 0.0715035070559747
0.0851589147996682 0.452608494901467 0.0459438780821244 0.0937290444985391
0.275129236143507 0.34876336138007 0.0784207671552683 0.0287106727965406
0.352082999688866 0.235912456421312 0.0544478736519008 0.0115781279131964
0.392258972549076 0.189811638951166 0.0567191037619648 0.00195681215057641
0.386897615212326 0.189852472680762 0.0665819741339462 -0.0057701081790257
0.395788774654333 0.250392371827007 0.0814146522977603 -0.00831658707398975
0.329198532007808 0.383476550280068 0.0910225334577416 0.0205875737680637
0.115917933517999 0.474382417668617 0.111225964959563 0.0480067868976759
-0.172174940984091 0.490383234067593 0.0414736545268906 0.075670611045268
-0.4557049382576 0.319104098696141 -0.0280019353096645 0.00426213587533815
-0.507358389038236 0.0740275504677049 0.0274246797733556 -0.141410433314257
-0.446783768523373 -0.0411969241355392 0.292377696735996 0.23890990011378
-0.436793924319782 0.115993564780315 0.184823183123382 -0.0245062567796784
-0.332718136857398 0.254265903336041 0.0151866234251677 0.0170852572678514
-0.144477506973815 0.367413943519214 -0.0271956484608488 0.0972971935216114
0.0741939786888758 0.39031982126007 0.0750309689795442 0.181911596006902
0.241703026367183 0.307977423552139 0.165405438222542 0.134467258312627
0.312469296804159 0.210304706320777 0.190490564326739 0.103022936025885
0.34346878651225 0.174041840042137 0.203536401258119 0.0710999912231435
0.33233572378993 0.172809957944386 0.199657664521099 0.0548709021818647
0.317327492880277 0.221884420326577 0.176397896104873 0.0430740242792419
0.238067706998546 0.325046599032986 0.146891458172087 0.0679895492059669
0.0503724128650304 0.362121039770896 0.117408286312525 0.0680875818589615
-0.137048956301223 0.336731979147564 0.0741754600408379 0.0403924477755101
-0.333755774123269 0.243171785413595 0.0577550992507284 -0.0357775707147036
-0.395255197679729 0.0855022863049464 0.191380536675629 -0.139322160095501
-0.305016415008082 0.0225816781940137 0.452767019316621 0.237493557484042
-0.262399749974028 0.12657710452211 0.295409931845787 -0.0315755097358563
-0.173047520888568 0.174978730023866 0.0832353117675974 -0.00629265456252449
-0.0849058298704868 0.222914306911919 -0.0121144861049448 0.103367536732562
0.0461477991218121 0.253183140965859 0.0991894629780172 0.233506496030482
0.163460460613323 0.209921420957281 0.230607546288968 0.21183625884607
0.221746078861029 0.150812172017378 0.300477475382597 0.174261799624138
0.242844849583077 0.131193185585066 0.317885153198582 0.128659237849893
0.229444174454445 0.132750678313343 0.294899345635699 0.110298739404926
0.194043265585834 0.166297046500301 0.228147914109918 0.0940492668859278
0.113230798538567 0.226479577762732 0.161868955770662 0.10732832515529
-0.0219932274528211 0.206161686883988 0.0934702336101001 0.0820709052359649
-0.084941558438442 0.146082559134417 0.0825012156242394 0.0121380678300221
-0.172877026037202 0.143323031639701 0.115370640809623 -0.057102701617568
-0.234223889737031 0.089345951104388 0.310929493549229 -0.128932597902219
-0.10612493703025 0.0718768732654243 0.540483319161007 0.209586723156164
-0.0463194470614731 0.0889063649771315 0.358941011406824 -0.0437206914380791
-0.00796979100437283 0.0413744547831364 0.130450984594268 -0.0439497556507571
-0.0393188170488664 0.0446552182414359 -0.00198510503976804 0.0815598800996299
-0.00281057690348568 0.084807441477587 0.106089950937501 0.242255894198052
0.0531578466238487 0.0868572159605288 0.264137703246832 0.250784528289386
0.0954071469226657 0.0724893683483969 0.366846620125191 0.212022083118277
0.108453364017512 0.0692641199174295 0.385044231878524 0.166051509386499
0.0997334391489961 0.0700823892008492 0.342987996453875 0.156752558230887
0.0599627929972525 0.0857171685866483 0.240150852879169 0.138775086254881
0.00220884660991993 0.103783028654713 0.142543595815505 0.133899140853065
-0.0562234549342675 0.046713776322122 0.0524407887602937 0.0823775014140099
-0.00311908019559281 -0.0145969673102032 0.0820781349905423 -0.0133399403454827
-0.000727289612637722 0.0667920225328313 0.154292720085863 -0.0608083758010469
-0.0572564207143722 0.0969287169575849 0.377570498963294 -0.111224922770001
-0.0943750095243892 -0.0819863944530313 -0.444449558523173 0.137544529033414
-0.146800489825031 -0.0143732576089912 -0.198793021085822 0.132255703608945
-0.0884706249126087 0.0949091393859596 -0.0807163338601768 0.0732599256140624
0.0338866673130553 0.0861765747946381 0.0113889850397454 -0.0447547807605894
0.0598753084228303 0.0395197004694846 -0.0932781665130348 -0.145528454168381
0.0483609583740495 0.0080290292865263 -0.227699064841593 -0.167046546629195
0.0321197182091611 0.000149715836623512 -0.353876216809477 -0.157214547298566
0.0461031569356299 0.00465717320675529 -0.414699395378866 -0.145459697969582
0.0546639561580169 0.0140379692289897 -0.403288138775106 -0.166191389069837
0.0907367172667109 0.0245848228435858 -0.301882887464813 -0.194811989220335
0.101473589321873 0.0617833185605689 -0.164393905236048 -0.195975936301161
0.047862591420779 0.13661794195492 -0.0414453944188436 -0.0787860969377241
-0.110433399008216 0.165413293530575 -0.158521656526182 0.0600190954175097
-0.19408203361085 0.0118791920410148 -0.335126786508188 0.0402971537924198
-0.134167426502813 -0.0793332845556436 -0.527874702203982 -0.160375481330046
-0.257366484503769 -0.0930051289236491 -0.391066857946653 0.139145957323804
-0.279157249498604 0.00883716615815208 -0.215770185826313 0.0929788466817758
-0.195329881357846 0.154116385477086 -0.106022444587249 0.0969541477445951
-0.0162931537819449 0.20322849348057 0.0212538939180873 -0.0121447363864832
0.0984132887705769 0.172850729257313 -0.0481466590512527 -0.129666994385887
0.153098651167292 0.111222150208925 -0.179481006541054 -0.176913368159873
0.168818851698227 0.0704702613507196 -0.308213223811745 -0.159198822109011
0.203809351786504 0.0622705609413262 -0.362977233551811 -0.137793154501257
0.211607017964859 0.0804984265070273 -0.350194025365456 -0.142579543203744
0.239054377408073 0.122593622187928 -0.25730092111472 -0.15581007682608
0.214529824313746 0.208206794265598 -0.13489242185681 -0.145429049655862
0.0847099917013752 0.312136797765174 -0.0102317837638448 -0.0354953047878598
-0.174099892968211 0.356836009697385 -0.135994822996768 0.106983288322462
-0.375627356881214 0.153424150039915 -0.31577106805277 0.0739129368390399
-0.344855174833722 -0.0365430681920684 -0.472691532728068 -0.13929180406503
-0.39979850428282 -0.0993602778955451 -0.276373929658157 0.156036350701151
-0.403397399672167 0.0321369121563879 -0.189427316951938 0.0484146798717724
-0.306131172750203 0.206183892827129 -0.123146534827486 0.0974910388964834
-0.0835946039125195 0.315083146060536 0.00790620875189971 0.0201119858770841
0.116283626189329 0.307965843603555 -0.0112258367814975 -0.0813971600845363
0.238512839595004 0.218235018922754 -0.108777155986603 -0.147570755252813
0.284338116594878 0.140162063219155 -0.218385831043719 -0.130108514788019
0.33090748743831 0.112531807335946 -0.256049779891849 -0.107942263282535
0.337722666993533 0.127081319359252 -0.240208078622381 -0.105131678127328
0.364646000596562 0.186935321119134 -0.168400033167509 -0.107412473851747
0.323485651992198 0.315085245914027 -0.0754372637875439 -0.0898621932916435
0.139913490484572 0.444413399599318 0.0346845258131564 -0.00423867914424303
-0.185191134564264 0.51017802698125 -0.0784161066169165 0.126116830517968
-0.479793462895437 0.29087878998586 -0.241799922278042 0.0831044401329454
-0.492629788612778 0.0255378639423411 -0.349408159498185 -0.127816548166094
-0.499035380000968 -0.0902039441186649 -0.102022794617723 0.184318940977577
-0.498244263039253 0.0710603406739158 -0.101182895229792 0.00954367488257031
-0.391394270316166 0.263861883396256 -0.106284478117355 0.0756748429950002
-0.136020345070016 0.412247583145954 -0.0132568112756267 0.048354697121728
0.126182016778422 0.416067482123909 0.0215659531190383 -0.00395287886754653
0.298284795702343 0.300553341895175 -0.019008832659968 -0.0771882409653577
0.360837894723168 0.190923726539584 -0.0916709183785572 -0.070520267411465
0.40782919450565 0.147817736464533 -0.107723181086314 -0.0600066751949059
0.409654310735838 0.152965106096802 -0.0928841118972526 -0.0593788891086058
0.435287910612701 0.218622673647268 -0.0465485755533547 -0.0607180769007955
0.387302433728424 0.366464898297197 0.00917115607316044 -0.0360135329484165
0.177381864093417 0.504280924161677 0.0820311026103305 0.0174512887258209
-0.162311677155453 0.572953308760779 -0.0100214258538217 0.109116037916012
-0.497084304270929 0.373877384805832 -0.135997880193329 0.0560557001561506
-0.551199044087968 0.0823948666950518 -0.17569299299432 -0.131582522409382
-0.523908717752417 -0.0573940109541417 0.109454885786218 0.210163737770348
-0.520987039771425 0.118189562664119 0.0355848522816387 -0.0208633713527178
-0.405003578844273 0.303402347848976 -0.0541168836354108 0.0449620850290745
-0.148879754068276 0.45074976194868 -0.0253297988379555 0.0778810486872957
0.125268347386569 0.454581904550298 0.056405700680317 0.0931826609455876
0.312048479590747 0.330684531158098 0.0829694718802806 0.0223101471906498
0.381799798535427 0.209273229385069 0.057818723314041 0.00976324708181947
0.419813268036926 0.159886999455965 0.0580688419988294 -0.00212618203101398
0.415987864412819 0.159224405994724 0.0670228593494599 -0.0110595597582259
0.429090462541151 0.218960431950283 0.0804776650010427 -0.0168319595474308
0.37193809757033 0.362482172220999 0.0968819100875835 0.0117604510390363
0.159275527759608 0.474078811836052 0.117533527836057 0.0360019692968559
-0.134439298934282 0.514458243056701 0.046160823455367 0.0710785078522688
-0.437583211093585 0.364907628361615 -0.0289357735327822 0.00517617615307108
-0.513522763286564 0.114080248977237 0.014498169321139 -0.144292332178259
-0.459504630205207 -0.00671727333667131 0.319478531834694 0.220552564808759
-0.436254701794386 0.152286512788559 0.180939528064989 -0.0410232624130529
-0.31860087554274 0.286150107047725 0.0165432505874046 0.0159655974736747
-0.116866197860593 0.387797840839114 -0.0213069546496223 0.104016982122332
0.109409510707186 0.393563700549924 0.0933067342584626 0.180273058001212
0.274711567760129 0.293438882135535 0.180651106437713 0.122972369139415
0.339641128403727 0.186710112651624 0.20550927559002 0.0911835039907068
0.368492107312198 0.146945220851954 0.214780990618699 0.0559462793956261
0.356330559727051 0.147732621441511 0.209661918793584 0.0383318632006843
0.345318308665279 0.19793027569446 0.18242133713299 0.0273245873902508
0.274381073974125 0.308376425531944 0.156846157268015 0.0551525467002364
0.0819442433947814 0.363988068872356 0.125677352244035 0.0563818743768253
-0.112636064426073 0.353843472876696 0.0762812083288639 0.031809348336452
-0.318788745225554 0.277186471622455 0.0558637090227462 -0.0421950449934032
-0.397697937852482 0.117314128722743 0.183413552580703 -0.154595448129263
-0.308915540634331 0.0463696994793306 0.484436265261545 0.206477147952443
-0.25706638312786 0.148367847472838 0.295875928192039 -0.0560566876467521
-0.162731423007863 0.191284475342503 0.083336198018483 -0.0132115539661033
-0.0687592516244102 0.23576329973723 -0.00543414669931122 0.108248073812879
0.0689097164592967 0.25480379170048 0.121354115093251 0.230590381442976
0.186680021564082 0.199661054582121 0.254720485802883 0.197652479952969
0.241807032135435 0.133454354654476 0.325152374930643 0.153461944190474
0.261769243631604 0.112197775602476 0.337972888230151 0.104650240161069
0.247016461643856 0.115359365038847 0.312421940503553 0.0867324553503788
0.213619380757946 0.153915880978365 0.240113854356632 0.0758584897308039
0.137700214997403 0.22019425866639 0.174818449404453 0.0940568268341799
-0.00518077361419199 0.212420036627307 0.102034718120073 0.0743063415551436
-0.0764764523302727 0.153888643722906 0.0826415719987357 0.00237919333858374
-0.163532766653109 0.159877489568111 0.112614557842388 -0.0679107504888155
-0.231810794811745 0.107688136872505 0.306616032384663 -0.153942632585181
-0.100786033668445 0.0800085785334327 0.573661925323465 0.171195581707907
-0.0393946497686138 0.0922573465513581 0.362426762224175 -0.0728217478140519
-0.00534616486032283 0.0415489360403103 0.1276403883545 -0.0558996572692297
-0.0374739893241168 0.050711167035503 0.00330337976557878 0.0850530126367091
0.00473487339281322 0.0874125532348233 0.128123946015142 0.239468295890185
0.0628954513635878 0.0836927681409693 0.293238255440426 0.234314337845306
0.10477009264866 0.0649395988057622 0.395857507994321 0.186250305223195
0.117314820799747 0.0594507229810678 0.40971654984927 0.137235083042248
0.107678156458952 0.0624456244573164 0.36497714759477 0.128986835274232
0.0685013723965887 0.0831611599716945 0.254873571413724 0.120512662652992
0.012484696748417 0.105906876785321 0.156078625481876 0.123507410081586
-0.0536536770295414 0.053371413699579 0.0603644353095297 0.0776406505780215
-0.00699932781580732 -0.0163579639357285 0.0801185634603182 -0.0239492461008301
0.00527314842767453 0.0659294401239313 0.152597845202535 -0.0743729057261511
-0.0486617397424375 0.100759672171638 0.376866662607024 -0.141728879272883
-0.099228921044738 -0.0711905731959578 -0.42337924624777 0.163010417919263
-0.142507562081173 0.000208728718682549 -0.185220869884675 0.139914887070752
-0.0772523294468033 0.0994364165193606 -0.0713675145296432 0.0795004013596327
0.0405387998345683 0.079564477481088 0.0075234654850929 -0.0430561318953921
0.06204208659766 0.0328879226159067 -0.0998839216668461 -0.13131559729404
0.0466601082262439 0.00429915941617467 -0.233581251647576 -0.14384265247731
0.0306705182391653 -0.00143611703777645 -0.356565396625296 -0.124276544100221
0.045566730104976 0.00165234558062578 -0.416118318948202 -0.108830159958127
0.0563385363025526 0.00981434465597404 -0.406139079675929 -0.129994469160344
0.0904671615800598 0.0164874690141378 -0.309957299194796 -0.166989879861265
0.102008558880416 0.0507929404665047 -0.1747608661876 -0.178550377013753
0.0567566221757811 0.127979623256803 -0.0452271665692765 -0.0754447276736689
-0.0928360600638343 0.170053429681644 -0.1472794949787 0.0698587558661418
-0.187507290333231 0.0279054691956139 -0.32048369462797 0.0626660317244996
-0.138098082971959 -0.0672026545348139 -0.526946974253471 -0.118459795096345
-0.258242904201405 -0.0688411684570089 -0.371825065012757 0.162601063852137
-0.269423823330198 0.0319873347044323 -0.206363471200957 0.103798502306025
-0.175915121846838 0.164667364442804 -0.093703361243493 0.104371338776541
0.00120454132000209 0.196186453939196 0.0191691924884495 -0.0118810823120367
0.110473432178188 0.158227763355664 -0.0547715960890357 -0.119332399806882
0.157103315254948 0.095347450899465 -0.187705938840373 -0.157496339061079
0.169827932376169 0.0548425530949008 -0.312527342019473 -0.129393046312081
0.203980219984983 0.0448318211399297 -0.365597792054575 -0.10378748925399
0.214592527386065 0.0620540264209438 -0.354099447413414 -0.110551099957394
0.24311186489946 0.0993790107638931 -0.263904901207646 -0.132534735605142
0.223567459022268 0.183573557661183 -0.141041257554882 -0.131874614929111
0.105672137366447 0.294801521491503 -0.0125675815761861 -0.0368674286232141
-0.140216722994638 0.3602535399348 -0.123422600747813 0.113735575698593
-0.352260267586549 0.179936546050671 -0.300651936163121 0.0930697007878186
-0.340729748738414 -0.0108461039566882 -0.473631354318937 -0.102138978139131
-0.396626769783042 -0.0642147594290738 -0.259762527680806 0.171031555724639
-0.388735965456961 0.0623400102342736 -0.185818774283566 0.0592983896770208
-0.280115018493945 0.223291939429191 -0.110530829462152 0.105303398625034
-0.0553444182872928 0.311606002984366 0.00903985179211179 0.0209136069755394
0.139307628050772 0.287727500160953 -0.0149724079250373 -0.0773293909290547
0.249585938700878 0.191492398664315 -0.116733644145004 -0.134609377440576
0.288516892940566 0.112494638446385 -0.221993135275327 -0.107631337720676
0.332258236343548 0.0827109745439926 -0.258383444433392 -0.0834126859117625
0.340481309626687 0.0963353452494452 -0.244055035150066 -0.0822818027735644
0.371537113181264 0.151895052009445 -0.173639970527618 -0.0933037213659451
0.338767603921649 0.278083947726538 -0.0788574520296363 -0.0830209575033526
0.170707879791847 0.419669964953314 0.0332260064662668 -0.0108194262211522
-0.139179092145138 0.509372215258603 -0.0673545366645972 0.126925470774121
-0.442090781160936 0.320695111409573 -0.230208577958077 0.0978137383624946
-0.479948379038327 0.0603911669766856 -0.351596228511654 -0.0964974672692349
-0.490628281722837 -0.0484817863516851 -0.0882358372965204 0.185280956411082
-0.477197138147891 0.106949432429347 -0.104392510965443 0.0158374776777099
-0.35846156926354 0.285927672161212 -0.0970758922532386 0.0829367744962869
-0.0986336925315061 0.411584951499825 -0.00985851510920588 0.0503451740838266
0.156823522511098 0.393485876389106 0.0228941415659041 -0.0043178351748974
0.313746413285976 0.266148639411194 -0.0239801573564513 -0.0736912573366707
0.367354142947697 0.15530432334605 -0.0930673018860229 -0.0592124746870154
0.408490217065534 0.109734706329961 -0.109827176333783 -0.0487843970960586
0.41323411683262 0.114784704535967 -0.0964114816482329 -0.0499118761994334
0.443629792918196 0.176288048261229 -0.0518017868814621 -0.057115041923379
0.407430758177436 0.32276709925148 0.00796543957270789 -0.0376631672574208
0.212597471990116 0.475256443446794 0.0809722856879003 0.00636070663825197
-0.112010216331895 0.568300702829135 -0.00269314962392742 0.104549086366555
-0.454412837063255 0.402649243974233 -0.128521811223091 0.0626922854563227
-0.533136494891405 0.120064143751038 -0.182884671839277 -0.111528910713486
-0.512218421701366 -0.0157524182101457 0.120514342917066 0.195444029461184
-0.49608672661466 0.154245150129884 0.0259893142121763 -0.0230401034645436
-0.370249349024535 0.325361997202395 -0.0487735448708134 0.0483125114925385
-0.109288063406203 0.449171841947869 -0.0204510941107805 0.0803558910183246
0.159194656632905 0.430171176978121 0.0641545294184235 0.0865144456703468
0.331654918333768 0.29474231987671 0.0829722894981373 0.0143002790728323
0.389837655854826 0.170867703769325 0.0583096910144849 0.00678650733244695
0.423620746195102 0.120144609588753 0.0572411245494035 -0.00614057582438935
0.419164044208221 0.120961104683588 0.0640000381528991 -0.0159665808424566
0.436554273369029 0.178079341630255 0.0750466713901318 -0.0245436166008601
0.391793994256251 0.317969985345275 0.0963808031826725 0.00122235618628892
0.192293349538865 0.445921573812232 0.116709500846777 0.022314852486905
-0.0908334595990374 0.508823888176713 0.0470560081816933 0.0628443798436459
-0.394813866638089 0.388793514316471 -0.0292445418292041 0.00602523452129293
-0.493918725206872 0.1476448699307 0.00218081429607478 -0.137750132933838
-0.446265240352734 0.0273769360796448 0.327533037236312 0.189532847427689
-0.410744371977535 0.180256104892004 0.167014264746184 -0.0531474709014016
-0.289283510557646 0.298925584752356 0.0164141601951905 0.0150075672361477
-0.0846708181297068 0.386974918460601 -0.01387932196602 0.104867661567041
0.137906323183306 0.374224134804185 0.104972579819556 0.167618765652452
0.29115893513865 0.261189201046397 0.186795968049489 0.104434431541961
0.346491937762119 0.152888179618904 0.208489724284336 0.073212276899054
0.371863230854997 0.111768382239762 0.21568644510573 0.0370009334204956
0.359735152905972 0.113256594379188 0.206810926052844 0.0203740540132303
0.352945719098658 0.164676864062302 0.177137187972146 0.011005244751831
0.292730899172135 0.27613290442713 0.158065870609781 0.0390510491631644
0.109415782862148 0.347416008968155 0.125866822588139 0.0416714254530792
-0.0834828518745753 0.350630740760432 0.0731666769742105 0.0233238762295914
-0.286922841268417 0.294349714760425 0.049300648081226 -0.0455499814075535
-0.378385442067715 0.141154700850032 0.166314419145023 -0.161158544731721
-0.295861341636926 0.0666414864792696 0.487926782948835 0.164218827727786
-0.237721358697818 0.161336625205898 0.280066002865621 -0.0756120942228248
-0.143902417331411 0.195955735903153 0.0788107945537851 -0.0191064615798544
-0.0491164960568142 0.235103603440708 0.00155143892546899 0.10745986174435
0.0875045831222791 0.243128130621343 0.135569907682525 0.214209098883122
0.197797098361214 0.177987586781935 0.264195793244125 0.171477781322456
0.246751823245654 0.109273364786281 0.329825268863557 0.124906473436723
0.264915275578655 0.0860803224741199 0.33953301459777 0.073558642396025
0.250210505879482 0.0916619487507393 0.311410685039289 0.0582890821861109
0.219810936354241 0.132086515821928 0.23743757308174 0.0531546108620415
0.15245199494666 0.201444875079885 0.177112650501215 0.0756116766117649
0.0123617743083668 0.207051950373552 0.104821681175778 0.0614466233036696
-0.0648525313151688 0.153279785300154 0.0773212032959151 -0.00641048629593812
-0.145546624631439 0.166242227839583 0.103119151873556 -0.0742904102684852
-0.217453108658439 0.118531118497913 0.287843664743434 -0.168762466205829
-0.0910352778478258 0.083194434935812 0.574611376042548 0.121627673458997
-0.0306701064953929 0.0895489785274145 0.345892012174366 -0.096464865274152
-0.00268658073052628 0.0394460046097249 0.11754770241994 -0.0642169834563616
-0.0327564188564187 0.0526678426684564 0.00771177901972304 0.0841344413870242
0.0115580725336747 0.0846030735176522 0.141702747533505 0.223692912378817
0.0693011952920478 0.075899266452912 0.304911638992494 0.204492365692368
0.108257550886963 0.0533565028014308 0.401231011874585 0.149815209745596
0.119596665797597 0.0473727584119635 0.412286311050462 0.0997149253429904
0.109384451263685 0.0515388018168797 0.366950933346824 0.0945220699576711
0.073287504045429 0.0758179947251063 0.25578356159013 0.0963350835547937
0.0221681419554693 0.101725433205394 0.159327749408349 0.105198407803409
-0.047956764101118 0.0566574823308892 0.0640235446197797 0.0688996337848565
-0.0108206331026113 -0.0164178307741332 0.0733516734467897 -0.0311641745906759
0.0103970910591766 0.0613225601029766 0.142747487151756 -0.0831478774239072
-0.0385589391586206 0.0988738392829683 0.357228569039771 -0.162653477906077
-0.0967082781285052 -0.0616799953707332 -0.399007994898939 0.169511347975391
-0.133955787796877 0.00709976514553065 -0.17310017002707 0.13725355285437
-0.067457531494909 0.0974902090317109 -0.0636399159570591 0.0790623787628672
0.0416683204788427 0.0720745385673986 0.00570839945627003 -0.0393239591055793
0.060539215814028 0.0278046610843851 -0.0972045312269639 -0.118000549887396
0.0434485490463449 0.00285907655798018 -0.226890184306991 -0.126220748740457
0.0285026490075725 -0.00190043373551416 -0.344216872062274 -0.103758831618338
0.0439093803822553 0.00024608663933157 -0.400712038926009 -0.0862911359299672
0.0552240456656499 0.0077958891831023 -0.392574999611126 -0.105910238900391
0.0867272264623894 0.0113867354589187 -0.301038867765306 -0.14730263959851
0.0970953096410709 0.0429509954930689 -0.172763537961187 -0.16321060282742
0.0586210279703849 0.117497017245573 -0.0455302088988905 -0.0715322894040686
-0.0795432204027532 0.164456880972137 -0.135355553227768 0.071326787634981
-0.176153501633604 0.0344605336227852 -0.300577758488372 0.0685835044603332
-0.135056986041016 -0.0581448775356356 -0.507487957055033 -0.0945896604293243
-0.247297943067984 -0.0536574388137004 -0.349610986774485 0.166129955776661
-0.252399456049642 0.0421384783796124 -0.196371555396558 0.10338152386325
-0.159263938305686 0.162506214090053 -0.0828911572932405 0.103094906510165
0.00942537047549679 0.184544864424755 0.0178678611954195 -0.0106176065277749
0.111695289212826 0.143892744177798 -0.0536985340442763 -0.109691046388283
0.152059150833613 0.0837751671838206 -0.183287524980359 -0.141153035922495
0.162651550348565 0.0453763895493609 -0.301668633559816 -0.108457958453151
0.196399305317823 0.0343538636166983 -0.353019485438252 -0.0830467360352122
0.208161599786837 0.0498931660473591 -0.341414608470316 -0.0892094142945052
0.235653794707763 0.0847624893261899 -0.256602415888117 -0.116668742363463
0.218402393979548 0.164390917127511 -0.137552709579755 -0.120518503693873
0.110456711473926 0.274152273865298 -0.0127977137695911 -0.0371840182766848
-0.117752313230297 0.345468796498633 -0.11208879393615 0.111780034723182
-0.32614519512424 0.183924208146545 -0.281462838652253 0.0966614023951001
-0.325903642214868 0.0014838320359743 -0.456495277875884 -0.077749522834322
-0.377523718249883 -0.044323330070644 -0.241910245598731 0.170358828207623
-0.364061719096527 0.075502281978089 -0.17948923634885 0.0623483921553853
-0.255390148531302 0.221367152396709 -0.0992143481537423 0.105146362656721
-0.0394139744685025 0.29566189988253 0.00859412500220223 0.020576917221923
0.14472776362875 0.264845885806964 -0.0145405736122099 -0.0720005416610328
0.243412521366748 0.169067099642974 -0.116321597638863 -0.123154457237889
0.277697772518386 0.0946102412252357 -0.21411325716808 -0.0907091903395388
0.320174937321953 0.0645784717694842 -0.249870011010865 -0.0681187787431865
0.329639968665584 0.0775419703017638 -0.236451864485163 -0.067362001357319
0.359898733484072 0.128700901691326 -0.169713559717642 -0.0826921029650999
0.332326946709417 0.248329323144483 -0.0765745620497426 -0.0774542778769775
0.176745362910298 0.389555469462566 0.0302851857699257 -0.0150970990258968
-0.11095759839857 0.486298512607608 -0.0598356655251588 0.121404980383731
-0.40511827397795 0.322429160859079 -0.214117953421156 0.0986628143137659
-0.457642161848101 0.0747922263488424 -0.339328155271296 -0.0766655741222428
-0.46529585115238 -0.0252890161402218 -0.0787794720136159 0.177477831750194
-0.447552484140485 0.119647724485818 -0.105055373606749 0.019103509638012
-0.329707773958602 0.282314912366891 -0.0880526585047112 0.0831127135079692
-0.0766793244116687 0.392797965741453 -0.00834199039041134 0.0494232386783655
0.166566036087892 0.363542972407751 0.0230148013274478 -0.00506278805838564
0.308971825399789 0.236998700658882 -0.0260111748108347 -0.0696534064819154
0.354676317789806 0.131313348262144 -0.0896010114426159 -0.0506641017423934
0.394533144508904 0.0865441084444963 -0.106666273912245 -0.0412251893625486
0.398819776154902 0.0913458827132012 -0.0939179581655764 -0.0429936809252935
0.430346111858958 0.147180184384494 -0.0536731010474417 -0.0534173154328081
0.400101418522016 0.28667317771546 0.00777816520402643 -0.0382219892514732
0.219592116040618 0.440258466410657 0.0755375618770297 -0.000648886159414636
-0.0840849274978718 0.542143276431669 -0.00108072615130499 0.0976085334462175
-0.412962190926928 0.399504909520328 -0.120870812683055 0.0628379415533587
-0.503700905759143 0.132143280262766 -0.179099277958892 -0.0962176269698767
-0.486247523570669 0.00428312373343785 0.120265856652375 0.179781173011255
-0.462865244943132 0.162377239837827 0.0174761231746376 -0.0219660709493275
-0.339342877162415 0.321129812873536 -0.0445896313098133 0.0485482287673302
-0.08646478241954 0.430573340259471 -0.0169609575881329 0.078154068381311
0.169652512472311 0.400097838968137 0.0645997822919776 0.0788350634861503
0.326329861675396 0.26341441518406 0.0789493636419239 0.00871075281402055
0.376457933160695 0.143971214120964 0.0572818260791936 0.00487217603488493
0.409090630895232 0.0950306601783836 0.0545598824647328 -0.00750292348743248
0.404024453492413 0.0968313275378071 0.0596213936495033 -0.0181066703327547
0.423046392226914 0.14898565970063 0.0675670832342811 -0.0278766158934615
0.385133479003375 0.282598134836451 0.093023968638713 -0.00489984883558001
0.199873686562289 0.413700663687744 0.110760613422075 0.0133960580454505
-0.0677322288306694 0.48395841023827 0.0439728109897837 0.0562474131369196
-0.357078581951393 0.383518619709455 -0.0286317309452636 0.00577090610096024
-0.464776740097657 0.156742204709606 -0.00436082814574008 -0.127592708389061
-0.422325008300428 0.0413551009641764 0.317054446384496 0.167593907209993
-0.382600615479842 0.183636682531266 0.151599862529031 -0.0541805999748717
-0.26358742162828 0.292116946996837 0.0155414480953226 0.0143700495363325
-0.0656556320413748 0.368913853140032 -0.0110561832342879 0.101605946775356
0.147621398301887 0.347664627978001 0.106400988919889 0.154618981843446
0.287293674323602 0.233871693064542 0.180912132606817 0.0900040086048891
0.335744399945328 0.129429554730319 0.202889408711017 0.061555788578157
0.359105684987225 0.0885125846620994 0.2072381171562 0.0269718335965872
0.346473682499058 0.0922404559743066 0.198061645239475 0.00944980862277444
0.342556723393061 0.140375639417527 0.165749886114402 0.00188142101746632
0.290851270950049 0.246584188944777 0.151428191245897 0.0273734462939269
0.11778589987059 0.323677193035129 0.119867367836387 0.0317529986063366
-0.0666384996694833 0.333365785119295 0.0663871008778981 0.0173805401185473
-0.258809018122474 0.287992539178137 0.0439501909658951 -0.0450755885524801
-0.355297513379768 0.145017727099872 0.151636318884956 -0.154964936324841
-0.275836505851896 0.072172439043389 0.471190229680237 0.13731524853962
-0.218743458973293 0.158884609984183 0.259989393819684 -0.0795990562355679
-0.130346843415364 0.187976304580556 0.0725728254252311 -0.0200889716139179
-0.0381715388398502 0.225422217314457 0.00399519511765069 0.103366699049937
0.0931438880598448 0.226854478571856 0.136437115632125 0.197789570667586
0.19559921859019 0.159255939936814 0.258287089612879 0.150460715179538
0.239531627094004 0.0915678958145722 0.320374530549292 0.104515712668007
0.255960372142851 0.0691163564725821 0.327786607428717 0.0564134743821907
0.241322468057633 0.0754663604585209 0.298180666820553 0.0417431621528681
0.214255174556298 0.115885960094382 0.224751114188137 0.0407158485255045
0.154076360217871 0.182716948570265 0.169996245713753 0.0617255706337573
0.0196329038185166 0.195271829023077 0.101091843436263 0.0520427905920437
-0.0568952946475975 0.146958623416102 0.0694833716092577 -0.0107448648534771
-0.130749320168568 0.16137118075379 0.0945143035056083 -0.07290413088456
-0.202213348237946 0.117766143717787 0.267442882698364 -0.167787617441756
-0.082445001338008 0.0797888488979476 0.551960857125531 0.0931262463441936
-0.0261516087926731 0.0837100665829937 0.324121683969199 -0.102174590196418
-0.00261967195104675 0.0350251544823154 0.107728351107318 -0.0639806336066631
-0.0295151610073227 0.0524465589857083 0.00877463880849896 0.0809024023021429
0.0148137469254449 0.0800752553926307 0.142231022292794 0.20629526076884
0.0695704333302532 0.067879202646209 0.298539137589956 0.181862288656403
0.105410355979324 0.0444947898999783 0.389042942867706 0.125640599896891
0.116076483342599 0.0382289858567407 0.397893688260589 0.0771548958809133
0.10541158719813 0.0442617242993551 0.352661444005036 0.0735504226180876
0.0728511158766577 0.0696604183950616 0.24450845105047 0.0808401279028008
0.0266060388727594 0.0947156644428679 0.153921823279719 0.0912882062625395
-0.0429368443227163 0.0566667594501287 0.0630998045386073 0.0614124791320702
-0.0132664608604042 -0.0159767352893505 0.0654449908959479 -0.0338691312370249
0.0123826978103168 0.0553765977838522 0.132019425506377 -0.0826394119954017
-0.0320882345278673 0.0926750691978389 0.33461400954257 -0.164307104465903
-0.0931897126458313 -0.0577236609787942 -0.385610620823612 0.159802277520977
-0.126952434297012 0.00921540289006695 -0.169972973007044 0.129523900966159
-0.0635481374709179 0.0946907930372324 -0.059149496942757 0.0763226586825109
0.0405662114215107 0.0686381722793911 0.00602774742218561 -0.0367551745991693
0.0588444803982618 0.0254318109645269 -0.0908408399907566 -0.111222680062577
0.0412209720846277 0.00375348778984513 -0.217206482110983 -0.119335793388276
0.0271836521678128 -0.000305457286520042 -0.331608972587053 -0.0974857118330204
0.0430515832392765 0.00142940140609143 -0.387140093797136 -0.0815556399582907
0.0550441469168781 0.00767399528813463 -0.379516437498971 -0.101312445009413
0.0835496496957701 0.0105708345768158 -0.289388051737278 -0.142686064737594
0.0919533555271611 0.0406203673461858 -0.165959355943672 -0.157608822852706
0.0557809677183243 0.112035476006205 -0.0436660023243062 -0.071061844155139
-0.0743296487572456 0.157930283697794 -0.12866669362833 0.0680982056111966
-0.168507171756644 0.0340350006926474 -0.287367773136274 0.0616959453100417
-0.131745346272044 -0.0557224559474421 -0.490733022801794 -0.0916590560069986
-0.2372789643939 -0.050402044283223 -0.339111089009611 0.158233078995892
-0.240764223483502 0.0419214597284734 -0.19262426512708 0.0982687403775778
-0.151529798451465 0.156119506430581 -0.0782357469320348 0.0995770346253571
0.0101561713682594 0.17583996522607 0.0174446525344669 -0.00880625612269386
0.108160267227099 0.136275795293762 -0.0489708130383997 -0.104002245528723
0.145828408929088 0.0793700978032299 -0.176500592301665 -0.134127361453817
0.157023106061195 0.0439381301158197 -0.290166929510921 -0.102853488607507
0.189937271978122 0.0332981206307643 -0.341282268204537 -0.0780199828177202
0.202480166823207 0.048102944118981 -0.330137333361667 -0.0851973141507195
0.227846048291638 0.0799265741937627 -0.247980784271185 -0.113684134273569
0.208984613547229 0.156483229942194 -0.131681029297718 -0.117948075508004
0.105257407735666 0.262162422548192 -0.0127679462164022 -0.0386197687227453
-0.113013721905694 0.331334437989422 -0.107835592620158 0.10658087694553
-0.312842779637475 0.177183528719783 -0.270188299210509 0.0905408148767448
-0.316374854796819 0.00054514039473994 -0.442600285586711 -0.073446258608225
-0.362600207726262 -0.0420914774605991 -0.236127288510445 0.162288460324721
-0.348695774234194 0.0732228513397181 -0.177928603528011 0.0592637995305514
-0.245044814684004 0.212547192821963 -0.0936503937154789 0.101851603022601
-0.0367605421480348 0.283282750810162 0.00801355005522468 0.0212543916382093
0.140045652398088 0.25239100481664 -0.0120510696679621 -0.0681275804052754
0.234252210469326 0.160779250213031 -0.111907827996111 -0.118463051724777
0.267485474221018 0.0898414414147126 -0.206235712344827 -0.0857159676480955
0.309305925886959 0.0603403296810087 -0.240972347842001 -0.0641449269930205
0.319472754262894 0.0730552448840942 -0.228802230318449 -0.0638868122157054
0.34858347084693 0.121634395414142 -0.165751493574412 -0.0809435408099537
0.320085786701256 0.2374455456278 -0.0722226750791426 -0.076470789101348
0.170603089250036 0.373978280005182 0.0288103639325285 -0.0177319867873872
-0.106675631432022 0.467092286843076 -0.0584157212657591 0.115260370198638
-0.388347018256801 0.308595543722565 -0.207060686147628 0.0933197090770911
-0.443639360428659 0.0700039782005334 -0.329153438022671 -0.0720596080465564
-0.446364498085448 -0.0251232131269672 -0.078496257223475 0.169840538920071
-0.428282112135221 0.115997794439048 -0.107102799071665 0.0186353481324432
-0.316077375482556 0.269891949124966 -0.0839709166702435 0.0809034176538387
-0.0726458660727975 0.378597006181474 -0.00876717245770423 0.049345438297855
0.161990639811069 0.347904606727146 0.0235482499387183 -0.00489952134499805
0.296470314821433 0.22564301640631 -0.0251984152721783 -0.0686421869302512
0.341897472429395 0.123494011573253 -0.0854929197695852 -0.0476880317820676
0.381572094919722 0.0805265106478853 -0.102457591385335 -0.0386423784612091
0.386352954905727 0.0865673518233125 -0.0915660730904768 -0.0407855239003003
0.416552508463881 0.139820473125853 -0.0543430988721901 -0.0529609886484574
0.386048937422118 0.272927613090136 0.00842800042788739 -0.039794422410078
0.211537367024644 0.421777678647782 0.0716249480972978 -0.0039474744654329
-0.0810902782753218 0.520130318837985 -0.00340168247147395 0.09267241057949
-0.396277284464016 0.383627713769419 -0.117108571254247 0.0598716868469382
-0.489002055951177 0.125096338289956 -0.173887521395528 -0.0887335394340851
-0.465009080714467 0.00385633564138691 0.114070168402204 0.172312974384697
-0.444563084054027 0.155574120517745 0.0113074072537758 -0.01896610517856
-0.327743661854154 0.306334431245107 -0.042729585576709 0.0474795159346031
-0.083882829825237 0.413989451896721 -0.0181224037068646 0.0774370592510872
0.165712960747652 0.383414804324988 0.0624839566994827 0.0753096553683905
0.313705358701661 0.249864981123045 0.0759479207649296 0.00694484489977716
0.363137192255802 0.136742711521127 0.0560931698667366 0.0051261663894963
0.394549035869304 0.0884215368210105 0.0538938621847015 -0.00733737895404342
0.391625647168579 0.0924007409748766 0.05693144299614 -0.0177764564003127
0.410411172930994 0.141625549460102 0.0627917412310365 -0.0279179319969027
0.373299545881072 0.268367099814733 0.0906079028629414 -0.00829994918129016
0.192197327112943 0.396574471161741 0.104704454803474 0.0100682687150258
-0.0660449654559318 0.464129667115021 0.0387769014065332 0.0531908317235179
-0.342127517402969 0.367021532873979 -0.0283562885260557 0.00565303255086603
-0.451257398090756 0.146803513353252 -0.00365848661429095 -0.118627847080072
-0.4027024163945 0.0376622329757522 0.304952004046794 0.16113025941257
-0.36788261880799 0.174601511101011 0.14125535535486 -0.0505268068270754
-0.255415174817217 0.27825420872969 0.0143411703194286 0.0144701454901253
-0.063252262805577 0.355566435470699 -0.0122473692901891 0.0998922484220541
0.143313190488551 0.334150716343574 0.101765135280726 0.148438204068495
0.277406601148319 0.221055118110059 0.173885004190247 0.0845838801360259
0.324093477411385 0.121380690788506 0.19636719161277 0.0590469421074981
0.347333501935152 0.0825630195912599 0.201228706086364 0.0248114872598681
0.335040576547858 0.0866926942499159 0.19046705304404 0.00828785219077535
0.330921958800898 0.133596497434179 0.1573807050073 0.00104871527828157
0.28112958825229 0.233536029950015 0.146423400022481 0.0230066952242102
0.113537395555422 0.310317127550039 0.114615678552008 0.028371229467072
-0.0653695700686812 0.319693454509873 0.0600298297531027 0.0161934246610806
-0.247845916834224 0.275164345543375 0.040970197019955 -0.0426085971659556
-0.343835387153409 0.136981704107809 0.146682206889541 -0.145670752179979
-0.265702122105094 0.0673501586593118 0.453673752556383 0.13236593164684
-0.210691812216718 0.149813928860756 0.247633045600609 -0.0745385052970095
-0.127668146360519 0.178261719532694 0.069135242678302 -0.0186519977664306
-0.0370381399267102 0.21771432079536 0.00230866740650604 0.101596500509961
0.090591707469064 0.218162122825539 0.130064670661443 0.190153287911106
0.188611058499007 0.151256372874787 0.249227217342284 0.142915064878731
0.231185503842278 0.0859983433543739 0.310479150736058 0.0982079432152115
0.246947643283843 0.0641921887187007 0.317489132152816 0.0527277269911946
0.232679411858411 0.0720824387063688 0.287338178191193 0.0376853159388168
0.207740602115405 0.110704891053976 0.214382445904407 0.0378492425079972
0.149540714037205 0.17304926715077 0.162336889765143 0.056639567519202
0.0193367258278795 0.188011327198708 0.0958322190942586 0.0473058136521172
-0.0566767187597114 0.140145987705585 0.0634110487802625 -0.0109959700432867
-0.124832245570874 0.153155340217381 0.0905082523312695 -0.069284020412633
-0.19589614277907 0.110550836721851 0.258871359804048 -0.157701916269674
-0.0786055168671362 0.0742593013987668 0.534324032032613 0.0900673594575521
-0.0257735899708768 0.0782839414252809 0.31195941696473 -0.0964776604391571
-0.0039430097987112 0.0322850036807102 0.102164891543449 -0.0607983053282794
-0.0284419710497456 0.0514905961065748 0.00736984882226216 0.0801632843135921
0.0144104786827587 0.0776328546147908 0.135013294203928 0.199597581974803
0.0674011164325845 0.0637876809374276 0.288458606931634 0.172943417221163
0.102164064184382 0.0411993516210458 0.376954555174019 0.118325989983238
0.111355696967798 0.0350148429946019 0.386037496569542 0.0716035299059117
0.10143966602602 0.0421302600618078 0.340405563655883 0.0688042358801103
0.0701942719316153 0.0674246774169699 0.234285204802551 0.0771908263144971
0.0269432617254181 0.0898627136398302 0.146458003765647 0.0857818009627158
-0.0410478583742076 0.0551161919460147 0.0605861426894381 0.0572169635460858
-0.0152183382905217 -0.0155847869745093 0.060415788964101 -0.033691920829291
0.0122380769407636 0.0518802142590161 0.127931245152978 -0.0783331093664317
-0.0306463658258686 0.0863668443891792 0.324240371288251 -0.155606284516402
-0.0817591462074821 -0.0681033666240352 -0.400137377804094 0.0996234865862291
-0.124035781946178 -0.00905396246895319 -0.187695554414569 0.0967637229682345
-0.0743803619359073 0.0838461015238208 -0.0718882513379323 0.0612903304207639
0.028873485575118 0.0718381398217126 0.00774474759998511 -0.0354283963981619
0.0532917846385129 0.0325834749518434 -0.0732049137340406 -0.11973554788474
0.0398998035774041 0.0120345609561328 -0.198832144389507 -0.146491997767387
0.0251323109698919 0.00648513539282348 -0.316131498122083 -0.139789268141617
0.0398855691661279 0.0090926113207922 -0.369819096416167 -0.138161445074177
0.0497044981855107 0.0187268935261349 -0.360083356391256 -0.159311990916947
0.0767479680477093 0.0235342991048536 -0.263020243915897 -0.18883894197787
0.0784349823240439 0.0541185573611869 -0.13747073337555 -0.184616861184155
0.0337516977832529 0.117996253536574 -0.0308437171481226 -0.0812989292941034
-0.0963294493414235 0.14506008325201 -0.132552829531767 0.0451813861696636
-0.169356458713113 0.0102268246939169 -0.28924530401789 0.0146549997752403
-0.123615426358545 -0.0696621666727619 -0.473927578674712 -0.173645585198594
-0.224258610831513 -0.0805389162757509 -0.34766813954883 0.095347553423747
-0.239786477193242 0.00539041544871751 -0.204859902341442 0.0578815989417737
-0.169178757937129 0.129993669497141 -0.0929291682452194 0.0750567673704989
-0.0180020042335782 0.170664195854007 0.013810742088651 -0.0118889061668125
0.0833282595572265 0.146774610272324 -0.0384006580474907 -0.11125412286183
0.130001053009372 0.101209759976941 -0.16240422291433 -0.156142805902943
0.14624908716953 0.0697101400288419 -0.276048574771338 -0.140997988392569
0.180389848748182 0.063167257909639 -0.32315203495647 -0.128250739910321
0.186884269564734 0.0808152334656747 -0.312596639190239 -0.136893680376278
0.207718524717892 0.113153276344044 -0.226222394485256 -0.155940907051776
0.173656915268014 0.184536833300076 -0.108777792681208 -0.142907294369332
0.0582962298729022 0.272593996305094 -0.00528759961204991 -0.0476042392673225
-0.159832418191761 0.306595363780259 -0.116283212060637 0.0858329926061246
-0.332553323195127 0.125240840736082 -0.272554601342033 0.0491398400843689
-0.314365336339524 -0.0461707153679744 -0.427300198915466 -0.145898528198488
-0.347366258942876 -0.0899405321077191 -0.241572334273746 0.104781180887321
-0.348290298304318 0.0192003758666556 -0.183707145385309 0.0174432588732129
-0.269109788562201 0.169031185375189 -0.108596370132539 0.0689332977635949
-0.0804005745558812 0.267275792304006 -5.16858255749147E-05 0.0116959409556013
0.0946327258617435 0.264202601667614 -0.0106007020931615 -0.0760916848319634
0.203353097402657 0.192932796879083 -0.106907573268668 -0.131707829317309
0.249249059563956 0.131184288697226 -0.197803475337443 -0.115449275212395
0.294186052702383 0.108108594861346 -0.226869651663683 -0.0979707132388461
0.298254137525513 0.122925582636403 -0.216115191403871 -0.0997412687937175
0.318736894046494 0.172688402719266 -0.14998442197227 -0.11336800186735
0.270948472427247 0.279085428035134 -0.055239616906978 -0.0957475447858999
0.103235093413187 0.391048094521824 0.031718401262173 -0.0225705752250684
-0.175570492337778 0.438243882810081 -0.0689585798487901 0.101789152426047
-0.426248814607208 0.241666034356601 -0.206686969039671 0.0630870696112377
-0.450561156302672 -0.00322176680761891 -0.313370003055312 -0.120576287753318
-0.433258504354162 -0.0854058909809065 -0.0841487749497806 0.128498421694993
-0.435045676254881 0.0471063326698552 -0.106531979127825 -0.0167519107246554
-0.349699195890538 0.213847088609884 -0.0959355858390657 0.0438230644290503
-0.131167190208946 0.353739648747594 -0.021689231366853 0.0318165222895202
0.0988853598662205 0.361030155390356 0.0128608234169505 -0.0129598106350232
0.254482041007252 0.263886382778908 -0.0332490412468155 -0.0711593867136968
0.31815417323074 0.175507866629356 -0.0849577452845552 -0.0624385387867088
0.363390710690501 0.138728505254013 -0.0934743828861219 -0.0521300834980422
0.361934682838538 0.144236069852698 -0.0837006072272823 -0.0568942934678908
0.383967159195768 0.198378692792159 -0.0455739017794838 -0.0692552335476024
0.330817961219854 0.3217612423309 0.0186282258400504 -0.0483853368944511
0.135824546339597 0.445346760892928 0.0715881058519075 -0.00343477772078649
-0.159617810776069 0.492039993431964 -0.0107991928272584 0.0872780006616732
-0.446600315096862 0.31005248663864 -0.111690776226596 0.0456943713392981
-0.503613715856894 0.0403917533537777 -0.154335967156539 -0.111218562331954
-0.45547791007386 -0.0610317643353649 0.106112851849447 0.154708491689727
-0.457505930929887 0.0832814669152082 0.0152344857646859 -0.0387433116030324
-0.366701143666746 0.247150475842517 -0.0532596898587956 0.0140410272388249
-0.148114677789086 0.387735292665467 -0.0353553865108936 0.056493940635042
0.0966919893251691 0.396243010828113 0.0385152484263212 0.0694648267685929
0.266431238201723 0.29002984381449 0.0547305079799187 0.0167609556126041
0.338271819970637 0.189317819856131 0.0488786232639304 0.00751601788717842
0.375553450626014 0.147755002466253 0.0556502320452638 0.00201106080774039
0.368028655120191 0.148244519443541 0.0598100655916414 -0.011756156757659
0.378578879404432 0.199247584232316 0.0654131117264654 -0.0263293141590257
0.319855634616661 0.314136641952162 0.0938569854356378 -0.00487773231580772
0.123463472051447 0.417424674752536 0.102557497156308 0.0158048475482925
-0.134719092769321 0.438952398668698 0.0355054747469147 0.0556099081349018
-0.392034609303719 0.302147677362347 -0.0172814828308402 0.00570434968968845
-0.468132663319478 0.0674740825494698 0.0210171991093457 -0.112104526643844
-0.400753866158123 -0.0186650321666842 0.29312662766351 0.172029653421327
-0.386555156366794 0.112964638716626 0.148007653316102 -0.0475114183694639
-0.293154233877323 0.230470199449322 0.00686375666511138 -0.00612900890492142
-0.12037481586355 0.335573099538256 -0.0319531166628984 0.0823187973106374
0.0820294331769883 0.347295619141003 0.06767123580196 0.147810148369361
0.234802734646018 0.256214263697328 0.143513386960246 0.107572225280929
0.302701397406885 0.169222642977138 0.181240511256641 0.079117615702697
0.330967901878927 0.133836779393463 0.195825179958918 0.0555070608354979
0.31404914341332 0.135502244791503 0.18822292306173 0.0348066584336788
0.303303568006062 0.178225878724404 0.154759502778085 0.0188405344448418
0.237154421171585 0.265989395151864 0.143186695967463 0.0372461858782954
0.0606921338051909 0.31877287384753 0.109547645343496 0.0377559679201044
-0.113597465170488 0.297597040935521 0.0597341114911703 0.0238650124170635
-0.285313112555181 0.224699913961421 0.0568511474443416 -0.0311274329531198
-0.361468992631865 0.0712740347182169 0.175343557911612 -0.114654788260282
-0.270552388367333 0.028195411041092 0.438306234363759 0.171580697318442
-0.230440090804011 0.112978994758316 0.255745327116764 -0.0496896919037821
-0.15391760540154 0.152543195032585 0.0663204731552416 -0.0212306728052125
-0.0727474210455493 0.206139931129473 -0.0166864885443442 0.0916569292872392
0.0503417457664242 0.226256016509441 0.0920723243001222 0.19737937190433
0.159959442654993 0.173928747842565 0.214312732517694 0.175715855478724
0.216569436911358 0.1193046875542 0.291035857618903 0.135705714879265
0.235636503338579 0.100131358806013 0.307191946225202 0.0999549453109358
0.218329415929909 0.103818170674797 0.279774637006367 0.0802031170609833
0.186612221374865 0.138099042788859 0.205627225325558 0.0671996226072855
0.120729988046142 0.187805055460107 0.152562691942874 0.0753840196499034
-0.0107537419238977 0.185458937429768 0.0886018973716702 0.0573503961951647
-0.0791070836968676 0.125590659360461 0.0644367672238444 -0.00144765445445038
-0.146414192166791 0.124845226117393 0.105182413833843 -0.0505810706463447
-0.211083273487948 0.0685689445369483 0.28878138651098 -0.11048182853494
-0.088819680098388 0.0603289601277636 0.515153212758296 0.154056411061006
-0.038800013170613 0.071344414990883 0.321672200910323 -0.0533906120479131
-0.0108101470844041 0.0292890050305691 0.107362280562806 -0.0462723906749483
-0.0361272900918596 0.0466086687719276 -0.0051928981639249 0.0784511254553811
0.000190892605890094 0.0785042755992483 0.101905653057973 0.212665083736294
0.054917862536985 0.0694710599643729 0.256745027760778 0.21109418958014
0.0968257335563617 0.0536966231382999 0.357576500612607 0.164429052499527
0.106848539055114 0.0500745159941494 0.370477011646564 0.129219345053682
0.0952635492587888 0.0543700137467462 0.326199278581589 0.118212461744184
0.060040931467259 0.075625096622335 0.218218392799689 0.110872536798011
0.0144058534839817 0.0897569536157647 0.129740555418826 0.104892024916883
-0.0483286340021806 0.0470378540044054 0.050946544132902 0.0640857611373986
-0.0146957660828173 -0.0197943248707558 0.0624898165293837 -0.0242117461625203
0.00265079423358056 0.0482383191735936 0.139757582178644 -0.0560405474383956
-0.0449790368437186 0.0718428873434058 0.35228031919172 -0.0982854504452829
-0.0832579928822667 -0.0686834265953888 -0.413045041487129 0.101975682660736
-0.124568694716471 -0.00737169764993397 -0.196371584989253 0.0993988936914432
-0.0738375975654541 0.08643455106272 -0.0730414430010827 0.0644875368294397
0.0297133635032854 0.0719953872165414 0.00886336354435747 -0.0342428028549662
0.0551361793022897 0.0317302151022664 -0.0725313262110448 -0.120224624817743
0.0408824288118268 0.0129177947672646 -0.202402156053924 -0.14629357973122
0.0259048447103011 0.00787595156945274 -0.323582771614745 -0.140160987614322
0.0415804944520495 0.00968224956443155 -0.381447960912063 -0.14011095173299
0.0525362686161612 0.018764293887241 -0.370979488826385 -0.160240863330614
0.0789644420271213 0.0236062508187159 -0.271549423509869 -0.19347198085156
0.078891941102397 0.0550293728818167 -0.140829671831517 -0.188717140531345
0.0343428397376434 0.119883084858264 -0.0315105324066882 -0.084767966726028
-0.0968828702330809 0.147109001093297 -0.134483993584164 0.046706504211088
-0.173116578631895 0.0112594176769488 -0.295128141698872 0.0125426340241985
-0.128263604723988 -0.0702672706012113 -0.490199233695027 -0.177516707967525
-0.2274846302862 -0.0816582455655642 -0.359780556193921 0.0971375802933648
-0.242699269935287 0.00660971095704828 -0.214375775164263 0.060343671414947
-0.171132242507087 0.133427741993767 -0.0945105740362009 0.0775457005481036
-0.0178782946297517 0.172987056969527 0.014202746591312 -0.00989093832689032
0.0861109087549189 0.147703948278147 -0.0364477740101931 -0.112061136126863
0.133105208478552 0.102605290948117 -0.165766664079941 -0.156748009591589
0.150210022206783 0.0708422736288468 -0.283517083242554 -0.141125102379696
0.185597655189357 0.0637186136624745 -0.33352560908171 -0.128956657400262
0.19383471802561 0.0813371283708163 -0.323004586135795 -0.137808305490839
0.213571323116527 0.114415151032102 -0.233855358822572 -0.160535730154074
0.177764788596228 0.187012819017306 -0.110862741914649 -0.147870462398309
0.0586204503227983 0.278419147908387 -0.00554742053995861 -0.0508420976518013
-0.162947759177192 0.31313139598804 -0.119260583700549 0.0878585573045814
-0.34025316185913 0.127522467097282 -0.278761001922996 0.0483071723093178
-0.324965631372114 -0.0475033473017958 -0.440912225944578 -0.146872146903575
-0.353234526141271 -0.0916457832017845 -0.250618316440557 0.107546483329145
-0.355398157345202 0.0202953796673001 -0.192921187347995 0.0195172565704802
-0.274809440967675 0.172366146884846 -0.11046280758563 0.0712582525479014
-0.0813507380303686 0.272252775897179 -0.000388006854002519 0.0138828802195953
0.098990609599987 0.266904809493395 -0.00876471580263291 -0.0764028301292266
0.207947290308314 0.1941375295043 -0.109717034523669 -0.13296135227314
0.255645177216389 0.132838957919212 -0.202394323325168 -0.114349909774219
0.303858839319838 0.108583968759602 -0.234130567974789 -0.0993990510237243
0.307993283185438 0.124283874686524 -0.22362035663405 -0.100787778847101
0.329759218140007 0.174713142591784 -0.156571707441915 -0.116694954725271
0.278107989913158 0.283722896987443 -0.055810133860402 -0.10065122046763
0.105591623284409 0.400343999652231 0.0320287061377832 -0.0265152402052349
-0.179489410470493 0.446244466496392 -0.0715608865588582 0.10427877722273
-0.435742547707976 0.247042279687227 -0.212140554320862 0.0647531035272538
-0.464935563143421 -0.00247797130160299 -0.322688204242929 -0.119254629408788
-0.440529918669971 -0.0873082839355188 -0.0886024506984639 0.130235852366302
-0.442814940630398 0.047109607477667 -0.115038572721118 -0.014073703352476
-0.356689047586591 0.218401613286133 -0.0982437004929946 0.0455083986089467
-0.132093967554484 0.361342601586578 -0.0232230851291008 0.0348618301130059
0.104075006885291 0.365527037417598 0.0144578926404785 -0.0124891956570409
0.260473615416443 0.265648799210928 -0.0346032964518563 -0.072650423407908
0.326142138880923 0.176280872910027 -0.0867099581745691 -0.0618840812045917
0.375058979480962 0.138973944139055 -0.0962254154526525 -0.0527590611184405
0.373485910034905 0.146058420862649 -0.0869532460167755 -0.0570727944307154
0.396107602517593 0.200195709402772 -0.0495219567310225 -0.0714505030421932
0.340293674759793 0.326151511023795 0.0196697815581637 -0.0531984834605545
0.139366966064912 0.453722003862863 0.0723451637478341 -0.00654702378043909
-0.163747029861561 0.501932071908024 -0.0135777051185364 0.0896045608520397
-0.456093194987192 0.315759525635299 -0.114935986331173 0.0473394230092373
-0.519991935941154 0.041939088654167 -0.158164587470346 -0.10777679124943
-0.463977792079978 -0.0623879709207329 0.107191205040259 0.157665763211032
-0.468028931728912 0.0840154366380149 0.0105367997201827 -0.036687715535262
-0.376665346179285 0.250553257568561 -0.0536591638738547 0.01509062141975
-0.149976536298816 0.397524322930119 -0.0376952707783911 0.0607605749242724
0.100581839824221 0.40400346912466 0.0400608589840404 0.0727223740438029
0.273200987801781 0.2921196208154 0.0548274328220605 0.016037255776859
0.347081128075635 0.190984084054741 0.0503869102336997 0.00825283923948601
0.387302134854244 0.147788454990652 0.0577818476234574 0.0014682951101758
0.378612385686198 0.150558019274424 0.0614340488811228 -0.0120051103433744
0.390097735914095 0.199456428155491 0.0646218696658909 -0.0276774671845616
0.329435771209238 0.317311409451656 0.095792023339576 -0.00888451931863389
0.128734269624321 0.42420622531416 0.10380298035903 0.0131255353840722
-0.138788326589404 0.448994696090842 0.0331496516464614 0.0566371549555096
-0.400364222654441 0.306653548418135 -0.0183413358814627 0.00781376434412876
-0.482409838770528 0.0657473522531152 0.0215278772595138 -0.10924827449431
-0.407706215875011 -0.0213049077876753 0.299085441766377 0.174634776829044
-0.394809272070385 0.113885906170228 0.147851568692045 -0.0468902116436255
-0.302886158346525 0.234202923948124 0.0073842865423154 -0.00588705280761969
-0.122406510054247 0.344846990466211 -0.0344883403751813 0.0866538926366322
0.085987219566882 0.353627619620087 0.0686907909103177 0.153196650252548
0.240281857193555 0.259468055061631 0.145553676774226 0.107794342796073
0.31016499483414 0.170750855687797 0.186238342406993 0.0800732000740925
0.339813668672712 0.133406304858511 0.202962737232883 0.0550178317824247
0.324405900133694 0.136274868959473 0.192829255673847 0.0334710668367227
0.31300622551923 0.179317769602772 0.155818649008685 0.0185079037764909
0.244336104356567 0.267405102430344 0.145460293867333 0.0338370580493291
0.0637772245491707 0.325810063632334 0.111208972242342 0.0361056037822092
-0.118682981220377 0.303790820500623 0.057605781743924 0.0241045679929276
-0.292048850553009 0.22951690246766 0.0573477077826241 -0.030286192207719
-0.372078106502023 0.0710397851331463 0.18086140870925 -0.113301704386159
-0.275333322984944 0.0263207040314296 0.449314469301366 0.173573594228295
-0.236393872914315 0.113372144068006 0.260136296377647 -0.049356762815893
-0.160453104196355 0.153656731497314 0.0676683262738537 -0.0216749468092799
-0.0738610558784264 0.212123485356072 -0.0182393706480757 0.0960751959791503
0.0518389160952679 0.232077951143454 0.0940231273604708 0.203530797782429
0.16283896214208 0.175664247135521 0.219152254178999 0.177401088628117
0.222480531962144 0.119757682389968 0.298827499155579 0.135360830739268
0.241770363011767 0.100135254424283 0.316383286571033 0.0999573803747611
0.224419523133958 0.105495591717051 0.287629524119615 0.0791613876731835
0.192914318349897 0.139454788270054 0.208290130408352 0.067607348753319
0.124232299923358 0.189512955363402 0.154637750296217 0.0736686228477634
-0.00999469947017539 0.18980081259116 0.0901093495442307 0.0555867611278092
-0.0829410857026329 0.127449153531689 0.0624401401601753 -0.0016429919244862
-0.148916370784561 0.126410398135198 0.107322295359312 -0.0502769839811013
-0.216210958286995 0.0676404760957886 0.297129330302351 -0.10986043482179
-0.0904486812811397 0.0593547963049907 0.529503988574962 0.154649968731441
-0.040561814410755 0.0714910125560728 0.329778522077821 -0.053969374655276
-0.012988607676481 0.0285044345583648 0.10926345448585 -0.0470019485961635
-0.036964789364685 0.0488591985853548 -0.0068365838213151 0.0825157123886717
0.000247030219511354 0.0804856441286946 0.103890364332239 0.219262046669146
0.0559017438505826 0.0697839907153325 0.263129989769093 0.213417525879637
0.0990805699455571 0.0529725702591259 0.367057210667934 0.164968822122783
0.108829375319448 0.0495989543832497 0.38265393597051 0.129028822423486
0.0979045809078035 0.0555039799808458 0.336316821390631 0.118483167384533
0.0623155944187043 0.0774683792893321 0.222803927998758 0.11283992849641
0.0157271388785798 0.0908066283766977 0.131813579722698 0.104790124705583
-0.0485424441533947 0.048443609961784 0.0516447983931558 0.0631526548094616
-0.0173008324736681 -0.0201308924331757 0.0612667314181715 -0.0253735376174322
0.0017575363234039 0.0477433694400629 0.144544031864545 -0.0556815281142758
-0.0454490091499555 0.0705971048608404 0.362470477650628 -0.0993117001149036
-0.086974126579216 -0.0656751728639501 -0.42351055477236 0.120671478843213
-0.126340779336545 -0.00222542995020376 -0.201804095946147 0.111941835838049
-0.0700977376296937 0.0925024174318469 -0.0715862334187748 0.07031139244043
0.0336419989450189 0.0713967199753687 0.00836391197076548 -0.0340829231541092
0.0580448868895616 0.0284360272742716 -0.0754756308973605 -0.119183176397753
0.0433644539754678 0.0120969066701138 -0.211819650180758 -0.139776191402189
0.0274470938276057 0.00789723359388042 -0.338276757633679 -0.128931555894193
0.0440655768929631 0.00848057340292881 -0.400723665378736 -0.127581459672323
0.0557782409707565 0.0166484912893971 -0.389604958811344 -0.149600447181672
0.081853747587277 0.0205856326407904 -0.288490197168504 -0.189017757596752
0.0823291230366864 0.0531522293447684 -0.151741065415018 -0.190120844655991
0.0391212276873802 0.121343178855469 -0.0352922072139188 -0.0866270475186647
-0.0925639017038572 0.154190901940032 -0.135070264542152 0.0524791307211394
-0.177078919692991 0.0182980977632883 -0.301423884449926 0.0209585805352733
-0.135494158796016 -0.067012532258179 -0.511887095291503 -0.163577255862834
-0.235206733581549 -0.0748436221089622 -0.369750522894937 0.113188524296547
-0.246876287617678 0.0163196413569636 -0.222819006266138 0.0722344337767501
-0.168481341548791 0.142386641095079 -0.0930510801745632 0.0847426509542651
-0.0108473128501238 0.177051063083941 0.0154524075196829 -0.00922069968459932
0.0948628019177191 0.145101429376491 -0.0386543539846667 -0.111949665252241
0.140588243076536 0.0989428902896911 -0.174938118041122 -0.152537024685865
0.157834592414149 0.0674471877231282 -0.29636063653478 -0.131309980621761
0.194484749804784 0.0577253166677429 -0.350426658945977 -0.118296269895343
0.204562873873865 0.0757082823757546 -0.339551740555499 -0.127215996382862
0.225226047855773 0.107764880460275 -0.249367359799441 -0.155964115487914
0.189190320773662 0.184545769195033 -0.118568239819846 -0.149388062878154
0.0700833306228371 0.283057656763507 -0.00780967849102512 -0.0543468327357399
-0.155383772846216 0.326001747273185 -0.119163647650655 0.0957503434520353
-0.344127181905897 0.144349437144079 -0.284531040585575 0.0586716587318199
-0.338397172209585 -0.0353132862106864 -0.460767172977644 -0.13041446124302
-0.363848173409521 -0.0807116153546948 -0.256305233119188 0.119378044621977
-0.361603708602298 0.0331617195827441 -0.202505108856285 0.0303750611607528
-0.274395719303794 0.186641792505172 -0.109840935707651 0.0788100247734011
-0.0721565105742429 0.281439219128564 9.67774726672509E-05 0.0166417775084717
0.112204947639846 0.26707962468 -0.00911766923520142 -0.0763460981227794
0.220578623446446 0.18964620684343 -0.117931644489827 -0.130973070720802
0.267612778619432 0.1249478864448 -0.212240970396193 -0.107150877475446
0.317141552171092 0.0980327541773944 -0.245999065789186 -0.0912869943830716
0.323899896263982 0.114594301861019 -0.235079166981833 -0.093223026837582
0.347215926451576 0.163220268066177 -0.16883460589204 -0.113912656529655
0.295694645798297 0.278688729558146 -0.0611653329292754 -0.104545300277658
0.122778337677003 0.405572612255218 0.0312049567235078 -0.0308127993930127
-0.167945082902945 0.464577499336001 -0.0709326128118099 0.110846033791872
-0.439226117869775 0.268590545774674 -0.216207506786839 0.0749387672219671
-0.482209315943294 0.016689034005286 -0.336651305595526 -0.105280986856651
-0.452284115676317 -0.0746267368938946 -0.0888959363091137 0.13685705131892
-0.45102962914373 0.0648994697862991 -0.123496114175073 -0.00772312242223135
-0.358802404616927 0.237343668945438 -0.097889363850119 0.050897848678119
-0.121975101697622 0.375360502554063 -0.0221749467928692 0.0397379229672138
0.121372195300858 0.368920820420554 0.0159346581927819 -0.0112818625097476
0.27638465540509 0.260666091315752 -0.0386617625141577 -0.0724697677447971
0.341796217906758 0.16693749922129 -0.090770762684737 -0.0579611986236825
0.39115565396341 0.126999894767203 -0.10190624798997 -0.0502805267502575
0.392494195088075 0.134435630089437 -0.09233155590146 -0.0541194357234348
0.417849445415695 0.18607296294093 -0.0571639529341874 -0.0714438848893121
0.363827128945669 0.318933724859003 0.0176079053504835 -0.0593231279752057
0.161490100608095 0.460068999835752 0.0733850900547011 -0.0119568726298485
-0.149463148099861 0.5219768751206 -0.0132358272691412 0.0940334704615215
-0.456325508607211 0.340847666590129 -0.116476444588276 0.0542012978194427
-0.535306045886624 0.0637472625209863 -0.165147242079274 -0.0992625670857574
-0.477055146502395 -0.0493854969616594 0.113447601902634 0.157367157143695
-0.47731763454232 0.102771951506324 0.00531807529847931 -0.0350635764176103
-0.378518967337298 0.269918442118651 -0.0543189219460636 0.0180851974637696
-0.138165169949681 0.413521790133223 -0.0370019490826854 0.0666996012684417
0.118779030416896 0.408995120317863 0.0447158793898577 0.0750738746456341
0.29157738637021 0.28824543714251 0.0559244756959825 0.013406233670585
0.364219744689697 0.18079243969479 0.0519532932021731 0.00782601588215471
0.404120397857205 0.133358057171561 0.0596163296750777 -0.0016466892384634
0.397092333472979 0.138423921187466 0.0627943104998583 -0.0141777914254781
0.410748114079219 0.185391407625627 0.0620517340925538 -0.0309073472796032
0.352250673238689 0.309505938373436 0.0972555198113565 -0.0172226445035573
0.148496610123659 0.431205836941242 0.105499069429037 0.007002435924018
-0.12842232515135 0.464439884356998 0.0323807193423482 0.0593989309983841
-0.399294548953351 0.331374225170846 -0.0182312343182823 0.0100062569349018
-0.497069404262524 0.088151640201077 0.020282141512769 -0.107740822798597
-0.418865154771728 -0.00962833456067418 0.312705700296256 0.167423418530506
-0.402700124824209 0.129518452500687 0.147560127923628 -0.0512559905267806
-0.30453711830353 0.249514846250237 0.00741657274269524 -0.00654369398025027
-0.111760887621961 0.358973168897783 -0.0330528567232129 0.0929480021779404
0.101443096039279 0.358482540851143 0.0763088841372311 0.157457244514562
0.254836222917085 0.254910865521283 0.152190161451592 0.103781894810329
0.325842523291593 0.160031568446795 0.195386056785133 0.0743060693914044
0.355635935805997 0.121306336038682 0.211954393655068 0.0464751850190416
0.340137423894647 0.126277182072529 0.199694280493917 0.0261360289288378
0.330290609754154 0.168363964616881 0.158618712719916 0.0126706928587279
0.262317863362673 0.262058979564602 0.149159863554712 0.0252285927498943
0.0792979287840148 0.33178866562398 0.114214933273686 0.0299545819582723
-0.111896938485294 0.31592014158351 0.0564324501683463 0.024109562867044
-0.290731950889947 0.244535343102223 0.0581191161717985 -0.0308290870401172
-0.381753163408734 0.0864897172848301 0.183872728369907 -0.118808768200136
-0.28180377944443 0.0348399673049763 0.467767560792326 0.159907741200319
-0.23950576885176 0.123680575307986 0.264324674212796 -0.0588822102918066
-0.162065037995526 0.162671025912381 0.0686722066424801 -0.0252697101507221
-0.0674074340984544 0.222161708564612 -0.01598892575835 0.1023494059864
0.06267240688238 0.236747741191354 0.103416565965157 0.208333940176594
0.173382021757771 0.17317452213715 0.230070281733642 0.17201682244618
0.233676639244338 0.111747607448762 0.312360690116395 0.12631056099411
0.252776692668208 0.0904712845755761 0.331734526409685 0.0867773040572845
0.236215168205232 0.0982246473507087 0.300442731046066 0.0678870303467324
0.204950567003043 0.134384767426094 0.215333091214987 0.0615906258879997
0.135810258940588 0.186604773801139 0.16004143372077 0.0668470890587261
-0.00245080334011026 0.195249839615842 0.0934897888858353 0.0521460544709849
-0.0828460487693408 0.134461980926283 0.0605036110191988 -0.00369162702424498
-0.14917112097598 0.133619516864483 0.109658592363023 -0.0528948155078294
-0.22052788347643 0.0763247942449255 0.303659145573573 -0.12168963297596
-0.0916447706570343 0.0623873324568514 0.552015282679098 0.138025281922749
-0.0404934558582589 0.0735372797713986 0.338311669678746 -0.0681263337101882
-0.0153640134393346 0.0292629998928322 0.110133602844817 -0.0522823764855479
-0.035135182930371 0.0529016919666969 -0.00506618902073365 0.0872204207664979
0.00399672604744244 0.0838246430279104 0.114391449175355 0.223590974998735
0.05929421223847 0.0688398258438092 0.277559946544395 0.207678103569134
0.103811375093272 0.0490339180035441 0.384447879210675 0.153058630333481
0.113957161063515 0.0454464449065524 0.400786535556927 0.113892870531875
0.103394507976346 0.0525379101279037 0.352002647502337 0.105255069869734
0.0678838558880793 0.0770168253796663 0.232739648240867 0.10675391420809
0.0202413787934346 0.0909133423021713 0.136717791112249 0.100637739594957
-0.0474834488384687 0.0524949076655447 0.055242053674533 0.0612998690524594
-0.0217839223002435 -0.0193689805769564 0.0593443640876731 -0.0291843234889453
0.00352454244952523 0.0476067973171042 0.146689409535944 -0.0606759888802288
-0.0440958508217437 0.0716576501843127 0.3706623291444 -0.115413858377389
-0.0900280879856473 -0.0598110581373955 -0.41772894383184 0.147228726785568
-0.123754668969105 0.00587328033122606 -0.198073282539888 0.125804954414655
-0.061603649083158 0.0962250803482929 -0.0663646187206816 0.0766278894777517
0.037775273092614 0.0682245479872217 0.00781971331038105 -0.0334994662782502
0.059659677311238 0.0225820188397102 -0.0793477147665056 -0.113287932005314
0.0446218898930877 0.00936496822731561 -0.217105696990228 -0.124096188036338
0.0275326962949088 0.00742220312419171 -0.345352923123776 -0.105523506899033
0.0452257256182246 0.00607094739263432 -0.410812937283901 -0.0995024913299481
0.0582933310978514 0.0128175524096591 -0.399544459549729 -0.122748391778139
0.0825326457336105 0.0143872270153711 -0.302472912293739 -0.170768194923134
0.0845215048550957 0.0478093461305337 -0.163923232434555 -0.181052857731728
0.046539691152755 0.118002787920634 -0.0408526186912716 -0.0866741219508896
-0.0814940762859432 0.157971717881445 -0.129930264961466 0.0598617271325006
-0.175480750284321 0.0290303868416934 -0.300215531449706 0.0361929276621709
-0.140359123759929 -0.0575386679319101 -0.523376994040072 -0.128115352508734
-0.237996018926065 -0.0610289454042338 -0.364563346867098 0.136269699441152
-0.242446127568266 0.0308274451109584 -0.220867081896412 0.0886052404144982
-0.157477797359691 0.151392754959772 -0.0868069958842345 0.0918353709114943
0.000534038335803825 0.175282410974534 0.016076916491583 -0.00785628593036885
0.10351392213239 0.136092714656578 -0.0429945381769474 -0.109009363283136
0.146328953056064 0.088603808359695 -0.182482666413243 -0.13888138593483
0.160791846003159 0.0574989118324927 -0.302873986705767 -0.109332455816344
0.19873875097489 0.0442832299969771 -0.358905584682941 -0.0931873915342608
0.210471777777559 0.0618731476357835 -0.348404621911885 -0.103238219374947
0.232335535570677 0.0920546045395473 -0.261531911035827 -0.139963389293275
0.199508669449071 0.172425389894055 -0.12878416060548 -0.144307075482764
0.0869599307555632 0.277181848340258 -0.0117095545709695 -0.0555456934681961
-0.135940605396441 0.332897858252076 -0.1125828905775 0.103513382765156
-0.335123409629287 0.164578316139502 -0.280358361622353 0.0747071816551556
-0.342185600502756 -0.0141773288283502 -0.468180841361579 -0.0972728244399144
-0.366774155531882 -0.0601909727958378 -0.251513232394026 0.135403786586007
-0.356309137663909 0.0556679040718704 -0.204533738340798 0.0456202214911058
-0.26110023170589 0.202082410888427 -0.103633234432013 0.0856917732080324
-0.0535282583852 0.28339991682919 0.00239232671185021 0.0185700255635125
0.128087788174422 0.256096949309643 -0.0111261658529809 -0.0746938310771099
0.231255791853666 0.172993231018682 -0.125047096684041 -0.121926863172454
0.274780122303249 0.107115154898799 -0.21717740922646 -0.0912886450891293
0.323538416063814 0.0762822288192526 -0.253739026042457 -0.0740049014857573
0.332660941281714 0.0927639370286623 -0.241287724535945 -0.0759462150862777
0.358011903787662 0.138173549884977 -0.179134338456742 -0.10237404000795
0.31358518957866 0.257167026846939 -0.0683366036334776 -0.103891606721858
0.147408639907254 0.397024802039245 0.0277615160609837 -0.0347673679355971
-0.140916857542329 0.471998682171669 -0.0647400705461527 0.116716160956901
-0.423467932025447 0.294333071510072 -0.2102091800139 0.0878685749997253
-0.481968649395884 0.0473586752395697 -0.340960354314794 -0.0788802539942976
-0.456026940367051 -0.0490818863623893 -0.0820471525915827 0.142879835423243
-0.44466276243394 0.0918963486274095 -0.128003686686366 0.00423622569510332
-0.343651303003491 0.25846177296834 -0.0939087494209854 0.0574625478598755
-0.096720096703661 0.381825953425129 -0.0195568999672984 0.0436402629452272
0.14414279831046 0.358485764186581 0.017615355315522 -0.0107818905723247
0.289744886250015 0.240536790696699 -0.0437608866786116 -0.0690362287680274
0.351652785941643 0.143494027851079 -0.0935560213961361 -0.0504402008906809
0.40011588255164 0.0981573271112164 -0.105567349069879 -0.0431652699347963
0.401823791761276 0.108030344827408 -0.0958804015873957 -0.0473990897234739
0.429754974911124 0.156424248063806 -0.0644838760931297 -0.0664462230139414
0.38411375306968 0.293177920681053 0.0127327519330862 -0.0645148748922704
0.191154952155893 0.447647946332391 0.0699902131325267 -0.0193361394757211
-0.119864756888377 0.52913525105095 -0.00846610493425786 0.0970080908656059
-0.434982337407268 0.367844623932663 -0.111792735531858 0.0623324632959791
-0.533336979986966 0.0970572535013248 -0.168613617520701 -0.0830369916190229
-0.478130743590318 -0.0239318993222464 0.120554144787965 0.149712274254336
-0.469170388720799 0.129279106140856 -5.71974899983711E-05 -0.032159349903012
-0.364189571895596 0.291470112092163 -0.0524899187247693 0.0209731151990013
-0.11129330711844 0.421650533734741 -0.0328067820311621 0.0717399184875513
0.14494241904455 0.398980862376166 0.0506740757418912 0.0741251637269056
0.305592950487737 0.26683046416997 0.0555621969855261 0.00995110730281634
0.374306898042053 0.154947749077476 0.0530817915800716 0.00538665718245853
0.41300049034453 0.105424225366473 0.0590981814246294 -0.00639999932624848
0.408011797681439 0.111780612872094 0.0615915171668837 -0.0192247503978543
0.423624029549984 0.154364838446735 0.0572235340384799 -0.0336694545847844
0.371363473498754 0.283612045596709 0.0942643353411225 -0.0269217102308188
0.176289909170411 0.41889975517933 0.104041065099212 -0.0021603729314438
-0.100533916617208 0.472674997924773 0.0342635768943482 0.0597566269520022
-0.378304741800896 0.353793775568109 -0.0165987813349275 0.0133212937281323
-0.492523272467128 0.117622168873088 0.0174357311836213 -0.103920492906008
-0.417897501969495 0.0129047887799995 0.320419477885394 0.147435472404291
-0.393744817702602 0.152794761376476 0.141587725040802 -0.0576556641825081
-0.292704120801545 0.266893767617213 0.0077676493133913 -0.00753660344358902
-0.0883798978175104 0.365930554805408 -0.0273469638747186 0.0983110535133632
0.124868227793659 0.351232173943574 0.0870864459973859 0.154516092606732
0.267834888021341 0.238459654897391 0.157607963963152 0.093413854052828
0.335325903151091 0.137086868759874 0.199501896943561 0.061897885544295
0.363124960275907 0.0967455330700507 0.215121944685732 0.0305078951345171
0.349002668348199 0.103095156050721 0.201809048192744 0.0118509358517565
0.341486647419292 0.14383356382766 0.156543481300819 0.00356969229582932
0.278451153310255 0.24149153712958 0.148191409089756 0.0118818989284997
0.0999444259670049 0.324978619148372 0.113518490482435 0.0206233021771316
-0.0938561372464847 0.322210655775126 0.0555940127137451 0.0229592199544771
-0.27492300029405 0.26081764704157 0.0575285383499918 -0.0318364568683788
-0.377395482813574 0.109659435279719 0.180188414032855 -0.127040030158351
-0.279076668935219 0.0489002575295491 0.476850005953773 0.131733742656383
-0.232375121543034 0.137218587528188 0.259541660508167 -0.0741252684730498
-0.155889919368136 0.1720764278362 0.0671947005499162 -0.0294665208519047
-0.0536560991342096 0.226147988192308 -0.010008170252618 0.105743107028899
0.0780988533600513 0.232542224796191 0.11642085965795 0.203226949185902
0.182394561241668 0.161971243858034 0.239247706138478 0.156578811223761
0.240342290099398 0.0945355974667269 0.319762054759493 0.105584089880546
0.258599529079174 0.0729901660219226 0.338219985645528 0.0632037456694089
0.242339714228962 0.082827719512454 0.304109742404611 0.0460699334833673
0.213460270350117 0.118790731006977 0.21704851217917 0.0478657389137631
0.147771748944716 0.175233277374027 0.161143729126259 0.0540329183853356
0.0105686211073551 0.194445600509631 0.0948196041273865 0.043542544240971
-0.0766013700260107 0.140160487184837 0.0574829543037384 -0.00640466582845823
-0.140851740346273 0.141307456758764 0.107839782088066 -0.0578840225002221
-0.216614905511745 0.0883118158648099 0.298501907157425 -0.138722294497324
-0.0881481501346633 0.0655829123635627 0.559207225149741 0.101919052265835
-0.0370756146487098 0.0756060037269155 0.332978368502513 -0.0894580958650632
-0.0168146490290695 0.0301277210493092 0.106659726405036 -0.0587751303628174
-0.0312434320609721 0.0550644932326304 0.000393462007148714 0.0900672180427082
0.00963024975647023 0.0841385389340549 0.127757364125405 0.218469323230884
0.0626742625196337 0.0654829970632242 0.289010908227212 0.188605649958055
0.106555933625048 0.040323662104655 0.39370289679112 0.126750516590661
0.11669130423137 0.0373161092101826 0.410297540231648 0.0857237221151327
0.106604929726479 0.0460890221898345 0.358508994721614 0.0795790632968164
0.0735881410950405 0.0721735540287983 0.23899074356376 0.0910600293754856
0.0260846741831485 0.0887991608546468 0.140766977717587 0.089915243221671
-0.0437216316334762 0.0555241782575014 0.0575061601559251 0.0559239931113775
-0.0245330400436766 -0.016832960758627 0.0549120711812767 -0.0331458917959029
0.00640175534400287 0.0460220770342125 0.144415442562678 -0.0685213952918185
-0.0397493623444419 0.0715279573354757 0.365581533365195 -0.137296906896138
-0.0886946101200634 -0.053015314335181 -0.396571908078035 0.164328527517877
-0.116494377477825 0.0111352205152188 -0.185196237453344 0.132911460799687
-0.051626896892738 0.0942823883338243 -0.0590863051691361 0.078997804712492
0.0392668619319013 0.0624360203708321 0.00750162061324145 -0.0314795486663971
0.0575869126101047 0.0165895176230485 -0.0791439291320727 -0.10483817500584
0.0444220315439072 0.00614162216895356 -0.21213929199032 -0.105660386990876
0.027316592489512 0.0069700351724271 -0.336510775716492 -0.0811903557828166
0.0443131903723739 0.00326282669860142 -0.402140560902676 -0.0704184893264325
0.0576217620265855 0.00852706548932789 -0.391945227131727 -0.0942745262277396
0.0797753685329738 0.00912485650153941 -0.300609434051514 -0.147898766497539
0.0828419818720616 0.0414914659182345 -0.166720893258721 -0.166244218437355
0.0496795769126777 0.10997761365705 -0.0430425143401764 -0.0824129039674905
-0.0703531086658457 0.154698785838087 -0.120083515065357 0.0634981103391295
-0.167448009980703 0.0367621345311947 -0.287404542401256 0.0468943753780814
-0.139313075209092 -0.0465921865937594 -0.509835227553144 -0.0957802638913695
-0.230714059841567 -0.0468873184184511 -0.344820032728374 0.150557294343742
-0.229425282927591 0.0415696066403546 -0.210349488930821 0.0995578537551629
-0.141851406130047 0.152210125003985 -0.0777549609194103 0.0934853844968668
0.0100407481952527 0.1670574022255 0.0165142461824424 -0.00773880446423828
0.105114107199781 0.122801321365653 -0.04282982099561 -0.101450515017248
0.145090562409116 0.076416689126282 -0.180413468106198 -0.122023654218089
0.157433565281569 0.0466749183700754 -0.29597289888396 -0.0870708281121007
0.193646956506424 0.0313541533338148 -0.353072991518927 -0.0681255129551523
0.207226803968719 0.047315365123064 -0.341245733929058 -0.0793897008110262
0.227702634696954 0.0752050933652593 -0.261065586605026 -0.119573612319438
0.200858495387513 0.15560243599419 -0.132233252762661 -0.134097758386511
0.096323550301377 0.261240140244847 -0.014792617381302 -0.0547443518383255
-0.113823872405156 0.325854401375001 -0.101584476407755 0.105389605741453
-0.314258193653136 0.174499200802054 -0.264923060918023 0.083818943826916
-0.33072540315969 0.00560629427498058 -0.452398740551165 -0.0666735293135708
-0.35402691729036 -0.0411934481159744 -0.237302629789304 0.143838457684336
-0.336668880447655 0.0705446093800881 -0.197137452454173 0.0586104636140625
-0.240156193299874 0.206614045624653 -0.093727219180918 0.0883982390535122
-0.0360832042716426 0.273295523968361 0.00439652013710209 0.0194350228331727
0.135466939767803 0.237099875590325 -0.0116130677870203 -0.0707882341509407
0.229621049597535 0.152918041347421 -0.125226465927515 -0.109436293560482
0.269444939460074 0.0882878350739655 -0.212568609776681 -0.0743566654588776
0.316036464592393 0.0551150451590295 -0.249840799407835 -0.0557848657690833
0.326603341028618 0.0707505717685597 -0.236940017552111 -0.0587693674898521
0.351760409542088 0.111642709840278 -0.180055776046985 -0.0869911431248162
0.314950938030214 0.229798042263957 -0.0721184599321838 -0.0986739377671587
0.161220703762341 0.372237908273364 0.0239006176281945 -0.036693837881525
-0.113072869160336 0.460760011453159 -0.0556171811540805 0.117173440651304
-0.392374942706982 0.304093483635944 -0.195848287005225 0.0946457601797592
-0.461843761297303 0.0718963025434778 -0.328955713505019 -0.0538717466722911
-0.439697700127635 -0.0270419003359322 -0.0747675124919165 0.142231838286059
-0.42120052889243 0.11069941259257 -0.125507203730416 0.014579841020301
-0.320027286452494 0.264636047003279 -0.0860035903117685 0.0596631648504011
-0.0727447254095242 0.368742540021935 -0.0156159528243791 0.0454381639992321
0.155755687538973 0.334063586343191 0.0193081679414421 -0.0106772261269537
0.290480138081982 0.214651848205602 -0.0460604093138832 -0.0632645134447555
0.344179735298888 0.117737521166139 -0.0910845975470835 -0.0417280184577021
0.389687932192863 0.0708422194278646 -0.10503977617323 -0.0345743707870672
0.394097990366482 0.0808870206438971 -0.0950687413266536 -0.0393531445210193
0.420293365438554 0.123094591125449 -0.0679893894315324 -0.0586822565465202
0.384647801676782 0.258977425637452 0.00669310702370578 -0.0658124298220993
0.205533723582249 0.419920679978658 0.0651046052583334 -0.0240834624742956
-0.0893484809458515 0.514039512961884 -0.00319855100457581 0.0965055603697633
-0.398982551935579 0.376414863206907 -0.102342754188938 0.0662907786226187
-0.510261429147273 0.121466822870456 -0.161676302104428 -0.0667387972350911
-0.461510183893223 -0.0034797872901423 0.12172859150206 0.13861208570059
-0.442410944459891 0.147702508388257 -0.00486412034901733 -0.0274441257284278
-0.336467516895131 0.298510963294682 -0.0492490108325524 0.0219032127031636
-0.0852166633532089 0.408818660722295 -0.0274715522515967 0.0733358382945922
0.159877952692997 0.374686441009142 0.0547756984643344 0.0703604386442268
0.30535542027818 0.241036398960923 0.05306079808231 0.00698339560057487
0.366918060769149 0.128997483196536 0.0523247723903367 0.00303855671217452
0.403263257296404 0.0778455233186591 0.0567214805681617 -0.00974678533909197
0.399536182622885 0.0822401263447007 0.0579937541642756 -0.0212794158079797
0.414301923927411 0.122858800411606 0.0507795925865678 -0.0337034773755955
0.372863931146679 0.249415892288422 0.0857601811087833 -0.0341995189385748
0.190071985188637 0.392384480827461 0.0980142818154395 -0.00902842685596178
-0.0748540104406776 0.459068941435948 0.0357396381796379 0.0582038627766041
-0.346454788199046 0.35934482305076 -0.0125306759669211 0.0142698321822712
-0.469270941518358 0.13882990110425 0.0167795471567595 -0.0975588522169751
-0.401469272470342 0.0311572481590406 0.314179125564886 0.125677326999746
-0.370996722874904 0.165068582380675 0.130994774938598 -0.0608432595624832
-0.270700526181508 0.271607879282606 0.00647686370182708 -0.00875613674058151
-0.0654960675932843 0.355191440963142 -0.0208816701489722 0.0982278227690302
0.137961507604866 0.331362775586713 0.0929720491182223 0.146136183506053
0.268230127271434 0.214885015123387 0.153804770999785 0.0811389236528697
0.328072196046804 0.112127497354506 0.195022523865613 0.0494936337207399
0.354152728145888 0.0711121095146087 0.208979085352597 0.0167092279997442
0.34233790557488 0.0794566130602374 0.195091089569387 -0.00089745645967756
0.335233400040033 0.116779154568168 0.148507654844999 -0.00391024757082838
0.279856669104717 0.213628488915614 0.139708056734969 0.00128994880349486
0.113892127706586 0.305659550730456 0.108834679143679 0.0125717755308007
-0.075159760006109 0.315367801174445 0.052845148784867 0.021548672441648
-0.250877387342616 0.264159197174014 0.0561079469325268 -0.0319192875811538
-0.358401727826113 0.124286171582908 0.171047031385974 -0.128890551104206
-0.266557649086057 0.0585444341825965 0.46396869520966 0.100852751966232
-0.217586577594795 0.142793662276496 0.244495010094722 -0.0835041135093788
-0.144200923547352 0.17292986531326 0.0625313195126063 -0.0332542595831021
-0.0394893076392086 0.22007902383726 -0.00481908357039231 0.104251298363205
0.0876793486522668 0.219932990044191 0.122857333903085 0.192602070190923
0.181968366041585 0.147044409400821 0.235737177631649 0.137395406214323
0.234940676839743 0.0764754580109303 0.313436020701232 0.08324646335219
0.253061379961665 0.0551780061211762 0.329890713076304 0.039394961308823
0.238538979440061 0.0658848921316213 0.295599309478577 0.0260789148539614
0.211742549420734 0.100822778488998 0.209971322480975 0.0345307079971406
0.151091977268845 0.158601148704129 0.154743706207997 0.0409005627587147
0.0210968995294844 0.186062159491928 0.0918304467967859 0.0356217958726985
-0.0681051966257048 0.13946090463338 0.0532135203778131 -0.00749193028681684
-0.128226929069325 0.142071640437564 0.103272373943512 -0.05996548128623
-0.20447615549648 0.0943044726347581 0.283483741159295 -0.147860149274347
-0.082173600252905 0.0657805742137863 0.541776219105463 0.0672292394783899
-0.0332801901111962 0.0743637477396071 0.31521491465709 -0.104480450111188
-0.016718493868843 0.0302146592756154 0.0985103185108757 -0.0622051790709471
-0.0266232575062711 0.0550844845627978 0.00442540470465197 0.0885110046466572
0.0144365949553831 0.0808025563583887 0.134233777849637 0.205552976286325
0.0626931398387027 0.0601847988619637 0.285765764880842 0.165703599953498
0.10379442214048 0.0316070605941703 0.384875013553308 0.0993555695762693
0.114012181005766 0.0284879515437703 0.400078152973149 0.0559551997404771
0.105248845662126 0.03846243338813 0.349469336000296 0.0543416885007658
0.0746436412734167 0.0648106029120803 0.233499211239441 0.0742346355888651
0.0294646339728869 0.0833202348811315 0.137249674204948 0.0777349716565515
-0.038163706133351 0.0560868353206021 0.0566961178690267 0.0490042371904239
-0.025813868542496 -0.0135476102211544 0.0494165295320551 -0.034398031652352
0.0079597760072606 0.0420486048725796 0.137211805269649 -0.0725484503279021
-0.0353173021240667 0.0687399014872004 0.346360865394103 -0.151902573201636
-0.0746924869836455 -0.0589692611408302 -0.383208114407366 0.102850171054929
-0.107077881394681 -0.00540824291046603 -0.192353866333789 0.102230765690166
-0.0580669019787011 0.0783607232920876 -0.0687074845520143 0.0676605496295819
0.0280843738767175 0.0627127611040281 0.00888817582114812 -0.0263066481845586
0.05052657661086 0.0228444422078745 -0.0599772081274081 -0.103346892247713
0.0428543480857129 0.0108437840152429 -0.183122539511981 -0.118784230789036
0.0259397540786973 0.0122183135798308 -0.305940165117696 -0.109980762382873
0.0412994799415061 0.00929457744572335 -0.372657467384352 -0.111953261300309
0.0541860919461298 0.0169630562857573 -0.362403004221948 -0.135465750077187
0.0750152772261449 0.019581719041933 -0.271081400413379 -0.176885047634683
0.0725808197454656 0.0517208775772751 -0.141637954418486 -0.181722742418001
0.0327165563266369 0.112158610024099 -0.0334945259164113 -0.0885974952477877
-0.0816312183160142 0.137826484666058 -0.116810928892882 0.0415375945695055
-0.161194414147129 0.0170057815138026 -0.273133875171117 0.00630789676742757
-0.125374481283986 -0.0567947214917707 -0.476736150309567 -0.151324752166115
-0.205475476713924 -0.0718334112399803 -0.33975674895533 0.0879954452968719
-0.214588383580027 0.00756582322534956 -0.216518401063246 0.0645368021170498
-0.149265237726214 0.119911987615269 -0.0919679319670293 0.0751791560323375
-0.014649413576425 0.154467236280918 0.0113395096746281 -0.00448238823569655
0.0790384598680869 0.127707888358862 -0.0326374551466108 -0.0970508681837338
0.126349917402884 0.0888018416739474 -0.15405535738883 -0.125784614617819
0.143751840989265 0.0655331511281787 -0.268424238630403 -0.111668232881545
0.180330173412823 0.0540920589798687 -0.325273571367277 -0.103994172137274
0.191448950907869 0.071856137444531 -0.317757733621851 -0.116083496835016
0.206101689036951 0.0987668123617879 -0.23980681249559 -0.148335540903946
0.169674388093137 0.173058895164076 -0.1152401742826 -0.152677281999143
0.0579332969924401 0.260179204625993 -0.0111319425897959 -0.0631579513543672
-0.143734508455595 0.295609575839862 -0.102340366920851 0.0801385179233689
-0.317215918434199 0.129864308479231 -0.249319462983003 0.0396758139912676
-0.316229610097913 -0.0296719321757844 -0.416739985417988 -0.121882647137949
-0.320124598968971 -0.0815217730027551 -0.242272498340726 0.0851982814570392
-0.317675774154126 0.0196382442511563 -0.204154021086942 0.0246110065229117
-0.24709671108635 0.156366107620518 -0.111879588277285 0.0635720878813267
-0.0721127596402739 0.246281584387142 -0.00726909949860138 0.0169864829720274
0.0903132990590367 0.238007251634424 -0.0122859698452253 -0.0654208720653915
0.193944440929743 0.171321173346333 -0.107521785784283 -0.104225801141046
0.243315064665847 0.116032896779039 -0.193279618683672 -0.090047101270714
0.293614063207761 0.089998837365458 -0.227464355094685 -0.0816555497513354
0.30210404427314 0.107374209322174 -0.221866257062341 -0.0864178368942143
0.317588337172116 0.147137555794455 -0.169761848611152 -0.110408081997319
0.269719112386826 0.257741649999176 -0.0670011171042705 -0.117225877355036
0.105866298543299 0.374081538000774 0.0213533598988777 -0.0452577940097166
-0.157978286369118 0.423759956419276 -0.0585516262868404 0.0928805918951018
-0.40664373436544 0.241862378498904 -0.180879516487907 0.0531636478483799
-0.450643465380075 0.0181834600906949 -0.293331723121613 -0.0999792524793212
-0.399739758442753 -0.0793968375605578 -0.0950969648449521 0.0960206064932215
-0.398450552100086 0.044403038495888 -0.137466909553418 -0.0112385584809742
-0.329255927557194 0.200157666467008 -0.106312822811476 0.034477177678067
-0.120548865847591 0.330045216400305 -0.0326417876633701 0.03679090163455
0.0948402479324352 0.331688696115953 0.00541977731093585 -0.00646815592579404
0.240413878021351 0.237344586372269 -0.0414913995494462 -0.0509831876206192
0.310151912854743 0.152283567260489 -0.084736311443331 -0.0467674675269291
0.361615499933696 0.113792278325826 -0.0932038712367597 -0.0466766896809102
0.36379688846412 0.125029522759633 -0.0897909992805403 -0.0532134014809755
0.382000520123224 0.166664424570722 -0.0688772005585285 -0.0718125272253855
0.331166012905375 0.290837776655107 0.0020349703949995 -0.0779843081805436
0.143171945863243 0.423995702661406 0.057417126234388 -0.0287633983203763
-0.143952971404907 0.476916346810244 -0.00706101185902596 0.0779516336693876
-0.421380972108924 0.310563011158135 -0.0874374612332962 0.0342867076767361
-0.50407227793399 0.0608017345788397 -0.127667649845569 -0.0957863808285444
-0.422171463830911 -0.0592903496158201 0.0843192473851937 0.112288736803398
-0.424921712132428 0.0760915969248022 -0.0221481050734913 -0.0377360547980705
-0.351386680433934 0.230717907212948 -0.0706759111110968 0.00268142362765223
-0.136798972873962 0.365990183272827 -0.0489900878137343 0.0606237231113365
0.0919047776506659 0.370796900004539 0.0271224172903181 0.0717088101683431
0.251369311810944 0.263681927086368 0.0408150235728613 0.0266464838457289
0.329438871951451 0.163323372961199 0.043885067272105 0.0107865438345166
0.374316289081847 0.120187303614784 0.0563932434400395 -0.00507343349826725
0.368169761139851 0.12608188605718 0.0542522850370319 -0.0191318102179086
0.374835333835841 0.163554435297863 0.0414063879847353 -0.0341487581694255
0.319280224099235 0.279866153168736 0.0738472394389397 -0.0386610842860451
0.130747012271732 0.394657444411527 0.0874468271959669 -0.00998661113901968
-0.122382852233208 0.426491829857947 0.0329966260927556 0.0482857480253152
-0.369523842901435 0.301050697889542 0.0027643829009464 -0.00335346349621395
-0.46552527817133 0.0811511116366992 0.0457937672310501 -0.10595262120209
-0.373243427312803 -0.0233841945391462 0.263715460006878 0.125103475015071
-0.362507573992886 0.102543537828137 0.109936866422594 -0.0513422909931454
-0.287252502464672 0.213952820251908 -0.0133166139031811 -0.0171638343061875
-0.112702778002898 0.318659033546445 -0.0439512063043636 0.0853669191949491
0.0788184004606469 0.329540242882548 0.0556206340975056 0.145899815219041
0.219348351881549 0.235467332919064 0.126318356212921 0.105345040156026
0.294799948547939 0.142725220016596 0.172780621719884 0.067474019421253
0.329584492088217 0.108893878486951 0.197492543494637 0.0354714166288494
0.314446359611841 0.114780875083947 0.181833450070174 0.0162933489034926
0.300162112860727 0.147917453727215 0.133441515259185 0.00599935184776606
0.236732193245887 0.233508124227875 0.123036960402519 0.00433323337686609
0.0701917327142317 0.303009133251466 0.097367459970914 0.0141225074230543
-0.108205882275359 0.290668936939497 0.0526803975648121 0.0196508260284655
-0.268706046344044 0.220648191333344 0.0699672354038541 -0.0351007928682232
-0.358210558380334 0.0767994677289866 0.195034914717551 -0.116389921184755
-0.25249186019749 0.0188873595812051 0.406712320367379 0.127354199294678
-0.219039011279069 0.102418619009623 0.22352035401593 -0.0566223019331091
-0.158499683351914 0.140096353614055 0.0485285552140672 -0.0284873439491271
-0.0685019323130531 0.197703232075667 -0.0247206454797238 0.0952249721024393
0.0484365562327676 0.217626124104187 0.0829600272247005 0.192493988525244
0.146681393494413 0.161055312467389 0.198724003988988 0.162547062246759
0.211206733226908 0.0974153161623257 0.280473962287388 0.111787803651825
0.233869478713019 0.0805610230884503 0.308695036707341 0.0716220928023696
0.217465939614572 0.0889689565031443 0.275916569404495 0.0538428779974842
0.184903113983707 0.118423005732047 0.190363649625555 0.0508702225474466
0.12171047522026 0.165583011333923 0.136032054068242 0.0487131578916839
-0.00270160614646054 0.178276219377086 0.0811832239859071 0.0378581237989795
-0.0819731510712911 0.124861124095244 0.0538437420849882 -0.00317178347070072
-0.138868870101396 0.11889521193721 0.112849480331309 -0.0507231914818845
-0.209099415378221 0.0648039325402844 0.29962803435272 -0.117577905156181
-0.0842051959527435 0.0494993851538016 0.487367380686331 0.115009226972506
-0.0406396669033098 0.0641242890154553 0.300299934893291 -0.0630466992529587
-0.0211837411806007 0.026809475584617 0.0950039375930326 -0.0467960435108443
-0.0324057184193965 0.0472456743380101 -0.00837130135572329 0.0826127091468147
0.00154953892385448 0.0783732648325992 0.0980388002205627 0.205487986182977
0.0470707450046031 0.0647871918188135 0.245258436354381 0.189056074034355
0.0926262840627346 0.0390521870540306 0.347871304576873 0.132659184627384
0.105660634038271 0.0392192266737378 0.371736882580891 0.0954524715085714
0.0941607406644828 0.0469669946964304 0.324844549086886 0.0883250355169941
0.0615944175882589 0.0688068742654353 0.210542173011626 0.0935727168307152
0.0171502123901752 0.0805254431025493 0.119208342600303 0.0861808601250251
-0.0433384558731798 0.0480790476163556 0.0485304101164291 0.0502874861253119
-0.0250388830581223 -0.0147054065399183 0.050079131972423 -0.0260874552496727
0.00109676328043582 0.0398989949641469 0.141307085149173 -0.0548116460640444
-0.0447887013720159 0.0588451745588387 0.354066784094359 -0.110955256386585
-0.0704352694875954 -0.058426276830308 -0.373048602240277 0.0921416706941756
-0.102209014170923 -0.00776956733127405 -0.188792373956411 0.0970409701581349
-0.056033478205275 0.073775530187648 -0.0670108210121302 0.0651647223248538
0.0257637679586786 0.0600757025601191 0.0103551307627635 -0.0254991749954543
0.047674037518163 0.0221619388767592 -0.0542096501652164 -0.101107754247459
0.041390573684065 0.0106829443274235 -0.171917475396987 -0.117260271496368
0.0254528187026071 0.0140476104416178 -0.292506435350957 -0.110921478188098
0.0400248538859699 0.0104641240955929 -0.360514584296441 -0.11197091012526
0.0525257621448681 0.0167008837642628 -0.349575292207574 -0.136110941716022
0.0717474164307871 0.020164223153057 -0.259928213606158 -0.175077981255728
0.0689530056105176 0.0514316149867497 -0.133044963659006 -0.178964769607892
0.0290449999964491 0.108731784657145 -0.0300723183196917 -0.0880266936796814
-0.0824786196863345 0.131043648953083 -0.112419255283366 0.0365969061397862
-0.156927446454637 0.0130635225161036 -0.263828664312129 -0.00209542808965849
-0.120899487475183 -0.0564019992169512 -0.457691252395729 -0.152344958226585
-0.196516936263199 -0.0740334834887801 -0.330846135577774 0.0779518406534846
-0.205582335429601 0.00188000575537894 -0.211871128298092 0.0606383094477218
-0.145402549698726 0.111741893204876 -0.0900390551098895 0.0709527660092889
-0.0165786673181177 0.147365639663379 0.0111860683527947 -0.00378958942860676
0.0726975763572005 0.123553700996795 -0.0270932944407663 -0.0940432956252573
0.119928718091824 0.0874663774201435 -0.145077527398984 -0.124471195371392
0.138180819357033 0.0666823727213278 -0.256179073173811 -0.11084541372974
0.173740891045989 0.0556053484033822 -0.314779230529113 -0.104200236893569
0.184777964355045 0.0724014922990708 -0.306238738698907 -0.116832556931566
0.197071898766708 0.0988505928320879 -0.230486611329153 -0.147422423845605
0.160533825385291 0.17010582062706 -0.109085408745897 -0.151626606568866
0.0495048470317117 0.252532956377314 -0.00969922240427634 -0.0628295129596071
-0.146465427759787 0.282020784422928 -0.0985362213123637 0.0751615170575448
-0.310369259888994 0.118807583066911 -0.24119781531439 0.0295678954913617
-0.305265254376027 -0.0338824030166324 -0.399639007579546 -0.123595490470237
-0.307050369662067 -0.0865632165100544 -0.237150612023076 0.0781536011232459
-0.304761638456221 0.0115473007196572 -0.199889620358375 0.0220194286250307
-0.242148543391556 0.145108003416365 -0.109017049114263 0.0584106956140673
-0.0741443376861503 0.2345679252009 -0.00627917466060172 0.0171196775287604
0.0818981999714063 0.230287618903071 -0.00772274940767751 -0.0628288119603753
0.183565188356923 0.168366047891753 -0.100980241521075 -0.101872102064067
0.232944796780054 0.117282446036338 -0.184249481443754 -0.0890439286650917
0.283091781539757 0.0920036397934953 -0.220850799922513 -0.0806622155977571
0.291349807767791 0.108974942577766 -0.213188764745835 -0.0868269570676285
0.304676826579901 0.147145524637223 -0.163730135481551 -0.108203321143187
0.255387943156809 0.251942521973179 -0.064301575965791 -0.115998011715247
0.0947878811662044 0.362611828738261 0.0204576847728205 -0.0449856541220282
-0.163455038082686 0.407754907851716 -0.0564471597689251 0.0897682367349586
-0.400919747571513 0.22557919984151 -0.173549623721759 0.0459908457189399
-0.436375889876021 0.00902694128867942 -0.277320202131884 -0.100491325665348
-0.38465450810101 -0.0862942354099639 -0.0954245839779054 0.0906454767749525
-0.385070729868981 0.0334951314831481 -0.134511198775099 -0.0114252014334443
-0.322956264172807 0.186601281746978 -0.104015745121097 0.0306401077121407
-0.122919758711634 0.314697923682142 -0.0315416334630443 0.0358306906679762
0.0849365584257953 0.321965534981831 0.00805129177754121 -0.00521883133405041
0.227581628183596 0.233810382224598 -0.0390035225956987 -0.0488738348790396
0.296314287401362 0.152718859637113 -0.0806210195729959 -0.0454536128337685
0.348484019748969 0.115843047375503 -0.0906572340698834 -0.0459848558941216
0.351438150521133 0.126919714696625 -0.0859714507240164 -0.0526880388508312
0.364949200685283 0.166011398432947 -0.0666344161161102 -0.0684732012964886
0.314058562434838 0.286005383610548 0.000747145935913679 -0.0774828507371086
0.128449154766752 0.411492493846503 0.0550744261844575 -0.0284807940636117
-0.149214554427441 0.459141019145568 -0.00693322792465823 0.0770566271339723
-0.416281763864507 0.291796106569479 -0.082232821435557 0.0298225229133777
-0.487252498805524 0.0488932821145441 -0.116850875915694 -0.0935071337370697
-0.406750283429923 -0.0695727802431495 0.0777872914109165 0.110639965627613
-0.410887079580092 0.0633514403161178 -0.0223541128554287 -0.0346948969309773
-0.34745558630807 0.215142067983865 -0.0693154068236596 0.000174286579405588
-0.13999094583295 0.349407919906845 -0.0476586395444907 0.0590609629638829
0.0814124211472359 0.361287720470137 0.027308603427159 0.0704994528345062
0.236335984545605 0.260571639797291 0.0382359924438974 0.0269414543849581
0.315073655442642 0.16315866966534 0.042689456302133 0.0114412145399943
0.361262297122055 0.121809082523166 0.0544033455859701 -0.00446885094505478
0.355279089458825 0.127335476442157 0.0523952521049751 -0.0177902225421229
0.357815769823085 0.163038244389292 0.0390390151473966 -0.0301598889188861
0.304520782821239 0.271951456223302 0.0687650745354462 -0.0375761603024049
0.119068409750467 0.383191099867369 0.0832509255754004 -0.00936552921302257
-0.129886152607751 0.410570786708443 0.0321415285163915 0.04947374582264
-0.365005040718288 0.282873530229758 0.00570392612824098 -0.00337422226955035
-0.45250980866759 0.0684437402644808 0.0518763807711654 -0.100117507517746
-0.35876707014402 -0.0326106121171987 0.251058953894358 0.126479493099965
-0.352063462750043 0.0893577089036548 0.105048457219242 -0.0454397358932542
-0.28521239947635 0.200169487765342 -0.0136511664667318 -0.0179580469195746
-0.116299822332342 0.304154737454091 -0.0445894592833044 0.0835984507861727
0.0698076563128244 0.318770544820405 0.0526836219142537 0.144052922826518
0.206166995002352 0.233138934567922 0.119155603777661 0.104561319080229
0.281681889527086 0.142747355347865 0.165953914126333 0.0688226473526168
0.317014097595422 0.109829545451482 0.190090620663433 0.0364195490112457
0.303437121917588 0.11604528596431 0.175578552136852 0.0179264840309803
0.286494529188998 0.146725138449198 0.1273324609696 0.010236448694534
0.224781019943688 0.227327949342283 0.11528199254975 0.00515502361492475
0.06172585375626 0.292468581922621 0.092323445145188 0.0140891407433855
-0.11135304314916 0.279436366486052 0.05076379108888 0.0221053085172712
-0.264282684875842 0.206962931224099 0.0709632368948205 -0.0323752606842293
-0.34883848311973 0.066206123244656 0.194532776435291 -0.108075075564703
-0.244876685877254 0.0107278603178766 0.389644925512586 0.130836002990426
-0.213773792788435 0.0927816977073146 0.215891497806364 -0.0492596641324387
-0.158299905902935 0.132730018394452 0.0462958309101979 -0.0275509028399792
-0.0708860591849678 0.189521507743678 -0.0253308919695073 0.0927718046701518
0.042823340959384 0.211777781312582 0.0776983362070346 0.189547379391462
0.138644678703752 0.159798657692334 0.187823821313926 0.161618392524613
0.201203453651861 0.0975866742709387 0.269176439991732 0.112358510939216
0.225427314737691 0.0815439859805414 0.297588080881965 0.0714009221659341
0.209635286143792 0.089816992904867 0.265374933287785 0.0548540151904749
0.17565288612357 0.116743273035068 0.181869228182622 0.0536264715574066
0.114177139229741 0.160587926639935 0.127810745250227 0.049045072293656
-0.00540290447332949 0.171194794894728 0.077026458221235 0.0370727865568977
-0.0824300435279068 0.120559789962946 0.051356399525536 -0.000922578436275493
-0.137056332708774 0.111183381104541 0.112816535835395 -0.0463412705704034
-0.204008371604213 0.0564218036464422 0.294165084171914 -0.108690097851898
-0.0834962834924979 0.0445589939420467 0.467986700910056 0.121320870498046
-0.0406295362340502 0.0611162091571385 0.290131770283796 -0.0545587746614343
-0.0226114384612104 0.0261957822453811 0.0920879569022288 -0.0438388811093378
-0.0324719351747398 0.0450900970641226 -0.0101877254883517 0.0818443088761126
0.000540708291944932 0.0754833259644212 0.0911936740716681 0.203235846718187
0.0440629478186838 0.0649602164459395 0.231664290721001 0.187875304925641
0.0878622303334631 0.0385863991907814 0.333286626371406 0.133967826214461
0.101295822638818 0.0394821036724711 0.359083130701748 0.0959923894464706
0.090576054794443 0.0469397981164883 0.311742169623894 0.0892256774975682
0.0576823145595222 0.0682052937892353 0.201493983957402 0.093532854464508
0.0147248096208132 0.0776208673895734 0.111121724742266 0.0850329770882312
-0.0420195984296176 0.0452321659678356 0.0444380814474972 0.0487102416266442
-0.0249720948020618 -0.0138926287330964 0.0474862144221099 -0.024125481833544
-0.000260948355137933 0.0372402473112416 0.140151688341934 -0.0503617855448192
-0.0452407327825356 0.0540395436824314 0.344726207007433 -0.101009389737859
-0.0679053603142818 -0.0601155731840285 -0.379805772413959 0.0789646764641839
-0.101607704230075 -0.0113469543585981 -0.193283795554849 0.0923700447749977
-0.0574770302453544 0.0713665292192614 -0.0680078774320728 0.0644436228172216
0.0241205544660953 0.0605743355652382 0.0117493233242269 -0.0248959430675285
0.0465707706948881 0.0228934974426304 -0.0486784394492071 -0.103663625167952
0.0412742039910334 0.0110701429936761 -0.165870158771751 -0.12259541990785
0.0260737025849299 0.0161116058060374 -0.289393307078016 -0.118693584092286
0.0400849681563887 0.0122445606437094 -0.360342186014762 -0.120208362336763
0.0524307233544108 0.0179746423701869 -0.346870806455637 -0.146844549084616
0.0715936816359964 0.0222229377923591 -0.256373653340567 -0.183886567464675
0.0669617314450171 0.0538242476484243 -0.127778859245096 -0.18560994959189
0.0251200026348712 0.109847606313713 -0.0276501821007956 -0.0912051906406825
-0.0873014021652509 0.127870780146966 -0.111953959480447 0.0316941645163124
-0.158188652073876 0.00851317340530289 -0.265127776410321 -0.0143941951485972
-0.119587667742765 -0.0596340189501672 -0.453105213322739 -0.168086617942817
-0.194593248740699 -0.0808818865374699 -0.336080871741967 0.0674867152678445
-0.205078311736773 -0.00549400908961561 -0.216107014740012 0.0558723043012874
-0.149003216945086 0.105611816750811 -0.0924888781933652 0.0696392005829552
-0.0212787777137304 0.145537907926251 0.0124766630614978 -0.00353269397694044
0.0683486307525958 0.125540522910515 -0.0219649427489687 -0.095739740307496
0.117006661426096 0.0906060951274904 -0.13893034692702 -0.127841089922898
0.137262718753641 0.0721263839920955 -0.25249435044408 -0.117691049163482
0.173576213311414 0.0610794832337423 -0.315167139129625 -0.110984318362449
0.18418481476853 0.0774256278551537 -0.303901589620437 -0.125377899297457
0.195009986368776 0.104209204868817 -0.228483670870762 -0.153463388717352
0.155547901467002 0.175196987204413 -0.105848308940764 -0.157366975725681
0.0411476607299253 0.255167824027592 -0.00779158820866452 -0.0653164501830162
-0.157845269900856 0.278162358966506 -0.0990174931828597 0.0718443423717604
-0.316749018807964 0.109907978798061 -0.242643768625 0.0191012572178576
-0.306278276485457 -0.0432947733128032 -0.394339066779758 -0.136166120934644
-0.30463119094952 -0.0983221425646315 -0.241995675634387 0.070596918041062
-0.304806126917632 0.000481524120482086 -0.202776676794556 0.0177844520183821
-0.247692638020468 0.13631692814628 -0.111273317575201 0.0557098129926591
-0.0825003095036577 0.231317633277178 -0.00626097217051498 0.0169842279758472
0.0743147410376971 0.232594916338425 -0.00303447278023757 -0.063593970454775
0.178278627494622 0.174359573005268 -0.0964886566058078 -0.104694166002192
0.231340772369051 0.125483844026495 -0.180635431242585 -0.0939460240195535
0.283050873220597 0.101219296596404 -0.220393701540333 -0.0854649895302797
0.289892491555685 0.118333383411922 -0.211927605402891 -0.0927292260094394
0.301472798301932 0.155319591267916 -0.162576681689179 -0.111298641061446
0.248412693897897 0.259248237681619 -0.0630930248768225 -0.119950626551403
0.0813962243794229 0.367191396375986 0.0216472281322009 -0.0462997210319967
-0.179838120935129 0.403656097271456 -0.0577950624147904 0.0894321169162197
-0.410496488232819 0.214256624994098 -0.17458033529035 0.0372155539591759
-0.439676951771141 -0.00563054773732462 -0.272033402713771 -0.108285202046297
-0.383280751160812 -0.101466255119141 -0.100103093391626 0.0883548038908308
-0.386563389645866 0.0195406116461468 -0.136946391546015 -0.0128421981300817
-0.331136912062654 0.175215392389061 -0.106245501720671 0.0258917867580403
-0.133121889338491 0.31026768923955 -0.0324992326696976 0.0360371495215606
0.0751611704132204 0.325515794741878 0.0108062057696927 -0.00550737150080882
0.219322897213214 0.240602728980977 -0.0372752348333047 -0.0495323707741179
0.293281108681567 0.163292947643618 -0.0785617958043011 -0.0467894240753238
0.348285764873618 0.126147553936036 -0.0905972327423619 -0.0473922825161764
0.35104227730703 0.136486976241925 -0.0848951192885174 -0.0553291642247363
0.36129204991602 0.174864714469656 -0.0660652087472185 -0.0681406322751128
0.307310052625839 0.294462194922565 2.86970485752523E-05 -0.078614016225899
0.11497096825309 0.415555202629432 0.0553717188331689 -0.0288493826019481
-0.166649235177252 0.45783866211617 -0.00712238416589737 0.0781738504663758
-0.42911610701387 0.280491699124687 -0.081234325262428 0.0254018486326209
-0.491175886456188 0.0325971077103967 -0.110319531744295 -0.0967210908893478
-0.406361521167552 -0.0847338899295756 0.0733428392274574 0.113260199327509
-0.4145580406052 0.0486385836764027 -0.0247949458808579 -0.0326731464217659
-0.357169115801071 0.204609484824313 -0.0709441922093052 -0.00382886120164221
-0.153110416558728 0.345845857270217 -0.0493295343779387 0.0592504738347893
0.0703427362457188 0.363563283281053 0.0282470013089274 0.0728741044473462
0.228693560900832 0.269757296080028 0.0369494889721913 0.0289955734237728
0.311513487858527 0.173123091468221 0.0426524551660036 0.0132094610646011
0.360661742559504 0.131828438753189 0.0540545728503014 -0.00338860104654648
0.355299328464964 0.138554691456825 0.0531289306721153 -0.0168672217024622
0.353237616637676 0.172218421261838 0.0392059881982433 -0.0268733629112639
0.297337475577525 0.279051067851863 0.0666675996804614 -0.0360914811745987
0.106558058887373 0.38571687056615 0.082734576418703 -0.00784952137365207
-0.144201685468832 0.410522883828705 0.0323856599642345 0.0518690636947741
-0.375726936000901 0.273645659336546 0.00838491132702202 -0.00500840760788671
-0.456844864330195 0.0535712071685381 0.0594230509675189 -0.0987227187408725
-0.360604752060346 -0.0468366877955375 0.246502886271533 0.135428357277852
-0.356046234362202 0.0760655019728488 0.104855082108875 -0.0410057569593287
-0.295257890421702 0.192468896162936 -0.0151965135384652 -0.0200665674474786
-0.126643923160146 0.301610699715391 -0.0469478967282363 0.0838238427074854
0.0591931511729208 0.322645557950187 0.0510133989897485 0.147215751709166
0.199303239697573 0.241576605698336 0.114776794590633 0.109651208389594
0.278483484839628 0.151948364008362 0.164459100699488 0.0740859806507393
0.316337612395133 0.11896408486385 0.189901286768266 0.0408317842319843
0.302855059173071 0.125280230700202 0.176116576903929 0.0214361897423535
0.281964216368586 0.154228687139353 0.12646812614671 0.0154651025232049
0.2187478210442 0.232020615718171 0.112585235309912 0.00773593306953455
0.0532508299456384 0.294081377782639 0.0904374538593496 0.0155598456141179
-0.121369760390626 0.277619795593927 0.0507647333536988 0.0253149522410631
-0.27241907451023 0.199983906286576 0.0760569485037875 -0.0312986856400271
-0.353082371187311 0.0538375992676067 0.202339739097036 -0.103429573872689
-0.24666515006726 0.00082380779582765 0.385522829309307 0.144837535734832
-0.218315642826075 0.0849960921185204 0.216401295920909 -0.0418439625117799
-0.165515448758716 0.12855933125638 0.0452908835733587 -0.0271074440336722
-0.0784290351089465 0.187569551887912 -0.028510863719688 0.0945418736846815
0.0374279199116546 0.214610786777718 0.0733885840706717 0.194285159959264
0.134321710170204 0.166482091381567 0.181135914903878 0.168566017763735
0.198026353532504 0.103656674208223 0.26625569130547 0.120693944146941
0.224862008551688 0.0871473960972073 0.296844411190134 0.0782272980097141
0.209316477916414 0.0952630969050821 0.264697241724296 0.0610111705355653
0.172323121787044 0.121608763217824 0.179601178115515 0.0596393578013725
0.109425931404906 0.162954990389972 0.123604354549345 0.0519443208815007
-0.0102140955803399 0.17038251711114 0.0742890197544776 0.0384891316411598
-0.0871513942226569 0.119092776827342 0.0515618477132554 0.00244293281126036
-0.141417657116681 0.106445384884797 0.117877617192178 -0.0434727134705598
-0.207626771127642 0.04785464988079 0.30113753434929 -0.0996373598609813
-0.0857742012527327 0.0404947024752058 0.465731176926522 0.136351304844527
-0.0429293116252359 0.0594920392905323 0.291678617835392 -0.0452152767014003
-0.0250643709097145 0.0258034880276059 0.0925106294816649 -0.0409785489969043
-0.0338581248771461 0.0439687717911861 -0.012419341149965 0.0841472964960702
-0.000890232527125705 0.0759450392873471 0.0861108049797121 0.208390351560176
0.0426428775035547 0.067087053622654 0.225991885062697 0.196893964653299
0.0849592808572044 0.0405812554963085 0.329879213151815 0.144251380760731
0.100403720487049 0.0418913778468467 0.358229816400758 0.103174999893128
0.0898874752339811 0.0496316271316026 0.310074247571279 0.095790460884732
0.0558469828153208 0.0696547987844709 0.198489949323397 0.0996366288816938
0.0127396688381064 0.0772878907904066 0.106552953478039 0.0882881167385968
-0.0440376929668097 0.0440970225599743 0.0419989931286011 0.0489364971814036
-0.0249804474466177 -0.0133049010060982 0.0472372734467047 -0.0222282155024459
-0.00226748602532013 0.0367028510415 0.1442162388231 -0.0452364125048748
-0.0483186605068976 0.0507526639799016 0.350094856707507 -0.0914689833815634
