TRXV5
3
4
4
9
string Extension=J
integer IsArchMeasurement=1
integer IsSpherical=1
string Generator=SPM
string GeneratorVersion=1.3.1 Dev
double ArchRadius=0.449999988079071
integer FrequencyAxisIndex=0
integer AzimuthAxisIndex=1
integer ElevationAxisIndex=2
Frequency
5 136 690000000 960000000 LIN
Azimuth
7 8 0 2.74889357189107 LIN
Elevation
7 15 -2.74889357189107 2.74889357189107 LIN
Polar H Real Part
13
Polar H Imaginary Part
14
Polar V Real Part
13
Polar V Imaginary Part
14
Polar H Magnitude (dB)
12 0xC0000002 0 1
Polar H Phase
7 0xC0000003 0 1
Polar V Magnitude (dB)
12 0xC0000002 2 3
Polar V Phase
7 0xC0000003 2 3
-0.020782470703125 -0.0482063293457031 0.11151123046875 0.0318069458007813
-0.033203125 -0.0411758422851563 0.0796890258789063 0.0112838745117187
-0.0513420104980469 -0.0113601684570312 0.00114250183105469 -0.00938796997070313
-0.0387420654296875 0.0189399719238281 -0.0466346740722656 0.0228309631347656
-0.0149192810058594 0.0238456726074219 -0.0561981201171875 0.0591354370117187
0.00132369995117188 0.0264492034912109 -0.0433273315429688 0.118438720703125
0.00980186462402344 0.028350830078125 -0.00776672363281248 0.154571533203125
0.00423049926757813 0.0245552062988281 0.013671875 0.153854370117188
0.00986480712890625 0.0268936157226563 0.007232666015625 0.140556335449219
0.00328826904296875 0.0342483520507813 -0.0172805786132812 0.114524841308594
-0.0102958679199219 0.0372581481933594 -0.0123519897460938 0.0692710876464844
-0.0315208435058594 0.0381851196289063 0.0106773376464844 0.0358428955078125
-0.0518836975097656 0.00494003295898438 0.0607872009277344 0.0413093566894531
-0.0405158996582031 -0.0233879089355469 0.137138366699219 0.0995025634765625
-0.0287246704101563 -0.0192928314208984 0.149490356445313 0.200241088867188
-0.0758819580078125 -0.100799560546875 0.09808349609375 0.0222549438476562
-0.09112548828125 -0.0878067016601563 0.07379150390625 0.00804901123046874
-0.109519958496094 -0.0400924682617188 0.0130434036254883 -0.0105276107788086
-0.102394104003906 0.0128631591796875 -0.0376663208007813 0.0100135803222656
-0.0693359375 0.0440292358398438 -0.055084228515625 0.041259765625
-0.0393829345703125 0.0778045654296875 -0.04998779296875 0.105079650878906
-0.00830841064453125 0.08709716796875 -0.0147857666015625 0.136123657226563
-0.012298583984375 0.0777435302734375 0.00931549072265623 0.134040832519531
-0.00851440429687499 0.083740234375 0.00634765624999999 0.121269226074219
-0.0233154296875 0.0858001708984375 -0.0146942138671875 0.100296020507813
-0.047760009765625 0.071258544921875 -0.00891494750976563 0.0531425476074219
-0.07818603515625 0.0597991943359375 0.0153636932373047 0.0214767456054688
-0.106353759765625 0.00411224365234376 0.0754623413085937 0.0298004150390625
-0.100677490234375 -0.0475921630859375 0.137397766113281 0.0876235961914062
-0.090484619140625 -0.0598068237304688 0.141464233398438 0.18316650390625
-0.120407104492188 -0.140884399414062 0.0667648315429687 -0.00670623779296876
-0.136680603027344 -0.12396240234375 0.0544395446777344 -0.00505065917968751
-0.1558837890625 -0.0657806396484375 0.0205936431884766 -0.0108489990234375
-0.154708862304687 0.00296020507812503 -0.021209716796875 -0.00171661376953125
-0.116287231445313 0.056427001953125 -0.0410690307617188 0.018463134765625
-0.0760345458984375 0.116233825683594 -0.0450897216796875 0.0749359130859375
-0.0266647338867187 0.132743835449219 -0.0182876586914062 0.0951614379882813
-0.0276870727539063 0.119400024414062 0.00374603271484374 0.0929412841796875
-0.0234375 0.129501342773438 0.00174713134765625 0.0855865478515625
-0.043548583984375 0.128799438476563 -0.0132369995117188 0.07122802734375
-0.0773391723632813 0.101715087890625 -0.00691795349121094 0.0289440155029297
-0.114784240722656 0.079986572265625 0.0179977416992187 0.00561332702636719
-0.149795532226563 0.00700378417968753 0.0793838500976562 0.0191421508789063
-0.14971923828125 -0.061187744140625 0.117485046386719 0.0718841552734375
-0.1422119140625 -0.0901031494140625 0.113067626953125 0.15350341796875
-0.149002075195312 -0.155487060546875 0.0217781066894531 -0.0457420349121094
-0.164962768554688 -0.135833740234375 0.0227546691894531 -0.0247745513916016
-0.179290771484375 -0.074188232421875 0.0206890106201172 -0.0112152099609375
-0.180999755859375 -0.00146484374999999 -0.0024251937866211 -0.013671875
-0.142486572265625 0.06121826171875 -0.0198268890380859 -0.00703048706054687
-0.100761413574219 0.136054992675781 -0.0322494506835938 0.0323619842529297
-0.040863037109375 0.156997680664063 -0.0177574157714844 0.0396461486816406
-0.038909912109375 0.1424560546875 -0.00296783447265625 0.0384597778320313
-0.035888671875 0.156219482421875 -0.00478363037109375 0.0358047485351563
-0.059906005859375 0.15338134765625 -0.0115375518798828 0.0307903289794922
-0.0978317260742187 0.117912292480469 -0.00528764724731446 0.000141143798828133
-0.137535095214844 0.089691162109375 0.0182132720947266 -0.0105609893798828
-0.174072265625 0.00781249999999999 0.0721511840820312 0.00940704345703125
-0.176483154296875 -0.0677337646484375 0.0808334350585938 0.0558395385742188
-0.171173095703125 -0.105010986328125 0.067962646484375 0.113548278808594
-0.155487060546875 -0.143112182617188 -0.0311431884765625 -0.08868408203125
-0.167266845703125 -0.121612548828125 -0.0168304443359375 -0.0477867126464844
-0.173583984375 -0.0631256103515625 0.0130300521850586 -0.0147953033447266
-0.174530029296875 -0.000686645507812511 0.0134811401367187 -0.0271892547607422
-0.140792846679688 0.05908203125 0.00264358520507812 -0.0346126556396484
-0.105682373046875 0.135116577148438 -0.0152778625488281 -0.0158586502075195
-0.0480194091796875 0.157012939453125 -0.0153083801269531 -0.0216007232666015
-0.045135498046875 0.144866943359375 -0.00950431823730469 -0.021881103515625
-0.044647216796875 0.159515380859375 -0.0103416442871094 -0.0193271636962891
-0.070098876953125 0.153076171875 -0.00904273986816406 -0.0153522491455078
-0.107345581054687 0.113182067871094 -0.00272750854492188 -0.0306243896484375
-0.143386840820313 0.0815277099609375 0.0178337097167969 -0.0246906280517578
-0.172714233398438 0.000320434570312483 0.0572052001953125 0.00340652465820313
-0.174514770507813 -0.07000732421875 0.0332374572753906 0.040191650390625
-0.173233032226563 -0.106964111328125 0.0152359008789062 0.0688819885253906
-0.137367248535156 -0.10687255859375 -0.0827102661132813 -0.125724792480469
-0.140022277832031 -0.0870361328125 -0.0559921264648438 -0.0688972473144531
-0.13616943359375 -0.042205810546875 -0.000883102416992195 -0.0200405120849609
-0.135566711425781 0.000534057617187477 0.021514892578125 -0.0400047302246094
-0.113945007324219 0.0458297729492188 0.0190811157226562 -0.0581283569335937
-0.0930404663085937 0.11199951171875 -0.000228881835937511 -0.0615959167480469
-0.046600341796875 0.132728576660156 -0.0118408203125 -0.078704833984375
-0.0440444946289063 0.125556945800781 -0.0146026611328125 -0.07891845703125
-0.04901123046875 0.138748168945313 -0.0128555297851563 -0.0721817016601562
-0.072723388671875 0.127540588378906 -0.00151443481445312 -0.0602378845214844
-0.103187561035156 0.0869064331054687 0.00504684448242187 -0.0570335388183594
-0.128959655761719 0.0553741455078125 0.0191612243652344 -0.0352630615234375
-0.143814086914063 -0.0137786865234375 0.0389213562011719 -0.00121307373046875
-0.142684936523438 -0.0666351318359375 -0.0135345458984375 0.0224781036376953
-0.147445678710938 -0.0934600830078125 -0.0343513488769531 0.0235481262207031
-0.0974578857421875 -0.0560150146484375 -0.125350952148437 -0.152328491210938
-0.0872344970703125 -0.0445175170898438 -0.0891342163085938 -0.0835189819335938
-0.0765533447265625 -0.0208206176757812 -0.0201206207275391 -0.0245342254638672
-0.077056884765625 -0.00382232666015625 0.0197830200195313 -0.0473785400390625
-0.0713653564453125 0.0226287841796875 0.0262298583984375 -0.0713577270507813
-0.0673370361328125 0.0713653564453125 0.00920867919921874 -0.0963058471679688
-0.03900146484375 0.088897705078125 -0.0100784301757812 -0.122810363769531
-0.0362548828125 0.0871124267578125 -0.0164108276367188 -0.123916625976562
-0.045806884765625 0.0967864990234375 -0.00981903076171875 -0.114707946777344
-0.0637359619140625 0.0814208984375 0.0122756958007813 -0.0948715209960938
-0.08135986328125 0.0462112426757812 0.0177001953125 -0.0734329223632812
-0.0922012329101563 0.0206756591796875 0.0239334106445312 -0.0395126342773437
-0.0906448364257813 -0.023162841796875 0.0216045379638672 -0.00516319274902344
-0.088958740234375 -0.0513687133789062 -0.0499420166015625 0.00323867797851562
-0.101432800292969 -0.0639266967773437 -0.0730972290039063 -0.0165023803710938
-0.0405654907226563 -0.000240325927734368 -0.153472900390625 -0.164627075195312
-0.0192222595214844 -0.00444221496582032 -0.112808227539063 -0.0882797241210938
-0.0104818344116211 -0.00705242156982422 -0.0399360656738281 -0.0228347778320312
-0.0148687362670898 -0.0135087966918945 0.0118789672851562 -0.0450172424316406
-0.0252189636230469 -0.00650978088378906 0.0263595581054688 -0.0731887817382813
-0.037567138671875 0.0204505920410156 0.0137557983398438 -0.115013122558594
-0.0277252197265625 0.0322322845458984 -0.00871276855468749 -0.148162841796875
-0.0237770080566406 0.0357475280761719 -0.016815185546875 -0.150787353515625
-0.0335235595703125 0.0404396057128906 -0.00214385986328125 -0.140045166015625
-0.0391197204589844 0.0264549255371094 0.0297393798828125 -0.113990783691406
-0.0405616760253906 0.00478744506835937 0.0327529907226563 -0.0768585205078125
-0.0362014770507813 -0.00674057006835938 0.0298690795898437 -0.03668212890625
-0.0256290435791016 -0.0167770385742187 0.00739383697509765 -0.00811767578125
-0.0264949798583984 -0.0180606842041016 -0.0725555419921875 -0.0149078369140625
-0.0448341369628906 -0.0187721252441406 -0.0954132080078125 -0.0461654663085937
-0.023651123046875 -0.047698974609375 0.120468139648437 0.0278167724609375
-0.0357246398925781 -0.0401496887207031 0.08563232421875 0.00756072998046875
-0.0525054931640625 -0.00875854492187501 0.00189495086669922 -0.00918960571289063
-0.0375175476074219 0.0211524963378906 -0.0460624694824219 0.02764892578125
-0.0137844085693359 0.0242023468017578 -0.0546379089355469 0.0655517578125
0.00295257568359375 0.0264739990234375 -0.036895751953125 0.125656127929688
0.011474609375 0.0282249450683594 0.00367736816406249 0.161056518554688
0.00633811950683594 0.02447509765625 0.0265960693359375 0.159378051757812
0.0121135711669922 0.02618408203125 0.0177764892578125 0.145660400390625
0.00572395324707031 0.0346584320068359 -0.0107345581054687 0.120887756347656
-0.0075225830078125 0.0396385192871094 -0.00858306884765624 0.0732040405273438
-0.0284500122070313 0.0409812927246094 0.0126075744628906 0.0367012023925781
-0.0521621704101563 0.00862884521484374 0.0644493103027344 0.038818359375
-0.04315185546875 -0.0205802917480469 0.149093627929688 0.092529296875
-0.0299415588378906 -0.0167446136474609 0.167068481445313 0.196258544921875
-0.084716796875 -0.0983657836914062 0.105430603027344 0.0189666748046875
-0.0988006591796875 -0.0840072631835937 0.079193115234375 0.00519561767578124
-0.11468505859375 -0.0351104736328125 0.0141696929931641 -0.0116434097290039
-0.104461669921875 0.0188446044921875 -0.0377769470214844 0.0139236450195313
-0.0693206787109375 0.0493545532226562 -0.0535850524902344 0.0474433898925781
-0.0344924926757813 0.0821914672851563 -0.0431747436523438 0.112358093261719
-0.00255584716796874 0.0901947021484375 -0.00465393066406249 0.142181396484375
-0.00682830810546875 0.0818099975585938 0.0207443237304688 0.1387939453125
-0.0018310546875 0.0870895385742188 0.0155487060546875 0.126716613769531
-0.0173797607421875 0.0901641845703125 -0.00830841064453124 0.106437683105469
-0.0447463989257813 0.0773696899414063 -0.0062713623046875 0.0569648742675781
-0.0756759643554688 0.0672683715820312 0.0165596008300781 0.02252197265625
-0.108894348144531 0.0110244750976563 0.0791168212890625 0.0263595581054688
-0.107345581054688 -0.042877197265625 0.148651123046875 0.0807342529296875
-0.0979232788085938 -0.0555038452148438 0.157196044921875 0.180618286132813
-0.133857727050781 -0.137908935546875 0.0715408325195312 -0.00793457031250001
-0.14935302734375 -0.11895751953125 0.05810546875 -0.00646209716796876
-0.164657592773437 -0.058837890625 0.0217342376708984 -0.0125694274902344
-0.160659790039063 0.013336181640625 -0.0223636627197266 0.00068473815917969
-0.117202758789063 0.0659332275390625 -0.0402603149414063 0.0234718322753906
-0.0702438354492187 0.124610900878906 -0.0396728515625 0.0815963745117187
-0.0170974731445313 0.13836669921875 -0.0109481811523437 0.100776672363281
-0.0190505981445312 0.126129150390625 0.0115280151367187 0.0965347290039063
-0.01458740234375 0.136070251464844 0.00914001464843749 0.0888671875
-0.035797119140625 0.136703491210938 -0.00730133056640624 0.0764083862304688
-0.0736312866210938 0.111198425292969 -0.00513839721679688 0.0326042175292969
-0.113471984863281 0.0914993286132813 0.0185642242431641 0.00599479675292969
-0.154159545898437 0.01708984375 0.0829696655273437 0.0139694213867187
-0.159393310546875 -0.0543212890625 0.12615966796875 0.0667724609375
-0.153594970703125 -0.0836334228515625 0.125411987304688 0.151992797851563
-0.164520263671875 -0.15179443359375 0.0220718383789062 -0.0455055236816406
-0.179153442382813 -0.12969970703125 0.0231075286865234 -0.02490234375
-0.189773559570313 -0.0655975341796875 0.0218162536621094 -0.0127315521240234
-0.188705444335938 0.0107879638671875 -0.00335311889648439 -0.0129642486572266
-0.143966674804688 0.0735321044921875 -0.0199241638183594 -0.00460624694824218
-0.0937652587890625 0.147796630859375 -0.0282020568847656 0.0366439819335938
-0.0302734375 0.165069580078125 -0.0146980285644531 0.0433502197265625
-0.0294647216796875 0.151748657226563 0.000629425048828124 0.0409049987792969
-0.0254364013671875 0.165634155273438 -0.00107574462890625 0.0380897521972656
-0.050506591796875 0.16351318359375 -0.00835227966308594 0.03448486328125
-0.0937728881835938 0.129554748535156 -0.00482320785522462 0.00222349166870118
-0.13677978515625 0.103324890136719 0.0182037353515625 -0.00963401794433593
-0.179229736328125 0.019256591796875 0.0748672485351562 0.00449371337890625
-0.188400268554688 -0.060211181640625 0.0866546630859375 0.0524673461914062
-0.185516357421875 -0.0980224609375 0.0760879516601562 0.113700866699219
-0.171585083007813 -0.139297485351563 -0.0356826782226563 -0.0864715576171875
-0.182022094726562 -0.11590576171875 -0.0198020935058594 -0.0466117858886719
-0.183746337890625 -0.0555877685546875 0.0134611129760742 -0.0159082412719727
-0.182479858398438 0.0114593505859375 0.0119132995605469 -0.0282573699951172
-0.143417358398438 0.071014404296875 0.0022144317626953 -0.0351066589355469
-0.099578857421875 0.147262573242187 -0.0139570236206055 -0.0144262313842773
-0.03741455078125 0.165115356445313 -0.0163917541503906 -0.0203723907470703
-0.0353546142578125 0.154510498046875 -0.0107059478759766 -0.0213394165039062
-0.03399658203125 0.170181274414063 -0.0111465454101563 -0.018381118774414
-0.060455322265625 0.164794921875 -0.00877475738525391 -0.0142793655395508
-0.10430908203125 0.125778198242188 -0.00416755676269532 -0.0294666290283203
-0.144546508789063 0.095428466796875 0.0168800354003906 -0.0250377655029297
-0.179183959960938 0.0107879638671875 0.0594253540039062 -0.000995635986328125
-0.18560791015625 -0.0628814697265625 0.0362892150878906 0.0401191711425781
-0.188217163085938 -0.100570678710937 0.0184402465820312 0.0711669921875
-0.150344848632813 -0.103668212890625 -0.0918426513671875 -0.122909545898438
-0.151687622070312 -0.0818328857421875 -0.0622406005859375 -0.066192626953125
-0.144729614257813 -0.0357208251953125 -0.00187110900878907 -0.0210437774658203
-0.14263916015625 0.0097808837890625 0.019622802734375 -0.0418472290039063
-0.116569519042969 0.0555419921875 0.0176658630371094 -0.0603981018066406
-0.0875625610351563 0.123062133789063 -0.00178527832031251 -0.0630035400390625
-0.037506103515625 0.141204833984375 -0.01751708984375 -0.0802154541015625
-0.0355224609375 0.134773254394531 -0.0206527709960938 -0.0802536010742187
-0.038818359375 0.149017333984375 -0.017364501953125 -0.0730972290039062
-0.0657958984375 0.138496398925781 -0.00399017333984376 -0.0614662170410156
-0.101646423339844 0.0982666015625 0.00214385986328125 -0.0572395324707031
-0.130958557128906 0.0676193237304687 0.0175743103027344 -0.035858154296875
-0.149551391601563 -0.00550842285156247 0.0397109985351562 -0.00460433959960938
-0.153152465820312 -0.0618438720703125 -0.0136013031005859 0.0246353149414062
-0.161087036132813 -0.0882568359375 -0.0361442565917969 0.0275840759277344
-0.104812622070313 -0.0538787841796875 -0.1380615234375 -0.147796630859375
-0.0942764282226563 -0.0420684814453125 -0.09722900390625 -0.0797958374023438
-0.081878662109375 -0.01776123046875 -0.0220165252685547 -0.0238418579101562
-0.0823440551757813 0.00129699707031249 0.0175323486328125 -0.0496444702148438
-0.0740966796875 0.0291213989257812 0.024200439453125 -0.0752410888671875
-0.0643692016601563 0.07928466796875 0.00518798828124999 -0.100143432617188
-0.0328903198242187 0.09564208984375 -0.0191879272460938 -0.126701354980469
-0.0299530029296875 0.0946426391601563 -0.026611328125 -0.126762390136719
-0.0392684936523438 0.105514526367187 -0.0179061889648438 -0.117851257324219
-0.059600830078125 0.0904769897460937 0.00736999511718749 -0.0987014770507813
-0.08197021484375 0.0552215576171875 0.0144577026367187 -0.0760650634765625
-0.0953903198242188 0.0296249389648437 0.0222206115722656 -0.0415420532226563
-0.0963287353515625 -0.0183792114257812 0.0214996337890625 -0.00739097595214844
-0.0968399047851563 -0.0490493774414063 -0.0534896850585938 0.00720977783203126
-0.110824584960938 -0.0613250732421875 -0.0788497924804688 -0.0128021240234375
-0.0420150756835938 0.000125885009765629 -0.168319702148437 -0.159957885742187
-0.0211677551269531 -0.00550651550292969 -0.122505187988281 -0.0835037231445312
-0.0120248794555664 -0.00732231140136719 -0.0425376892089844 -0.02117919921875
-0.01800537109375 -0.0135517120361328 0.00959014892578125 -0.0478706359863281
-0.0278034210205078 -0.00426101684570312 0.0237197875976563 -0.0783309936523438
-0.0371131896972656 0.0247955322265625 0.00830078124999999 -0.120765686035156
-0.0253639221191406 0.036285400390625 -0.02008056640625 -0.153244018554688
-0.0205612182617187 0.0401077270507813 -0.0293731689453125 -0.15447998046875
-0.0308113098144531 0.0461807250976562 -0.0122833251953125 -0.144866943359375
-0.0381546020507812 0.0314521789550781 0.0233154296875 -0.120491027832031
-0.0419235229492188 0.00931549072265625 0.029510498046875 -0.0812225341796875
-0.0388526916503906 -0.00349044799804688 0.028564453125 -0.0394363403320313
-0.0286445617675781 -0.0156936645507812 0.00541973114013672 -0.00977325439453125
-0.0303096771240234 -0.0177745819091797 -0.0783233642578125 -0.01068115234375
-0.0496940612792969 -0.018035888671875 -0.104537963867188 -0.0424575805664062
-0.0254554748535156 -0.0449981689453125 0.125152587890625 0.022308349609375
-0.0369186401367188 -0.0381050109863281 0.0890960693359375 0.0033111572265625
-0.0514030456542969 -0.00698089599609375 0.00263881683349609 -0.00934219360351563
-0.036041259765625 0.02191162109375 -0.0440292358398438 0.0307960510253906
-0.0129413604736328 0.0244865417480469 -0.0507125854492187 0.0694007873535156
0.00453758239746094 0.0253791809082031 -0.0288925170898438 0.128280639648438
0.0126171112060547 0.0266475677490234 0.0146636962890625 0.161712646484375
0.00737762451171875 0.0241260528564453 0.0374755859375 0.157745361328125
0.0140914916992187 0.0247383117675781 0.0279083251953125 0.146224975585938
0.00835990905761719 0.0339546203613281 -0.00373840332031251 0.122886657714844
-0.005218505859375 0.0397415161132813 -0.00476837158203124 0.0741958618164063
-0.0250473022460937 0.0422630310058594 0.0137710571289063 0.0365066528320313
-0.0510711669921875 0.0119781494140625 0.0667343139648438 0.0351905822753906
-0.0437736511230469 -0.0169868469238281 0.154586791992188 0.082794189453125
-0.0300006866455078 -0.0136947631835938 0.177505493164062 0.186431884765625
-0.0906600952148437 -0.0931015014648438 0.1094970703125 0.0151138305664062
-0.102828979492188 -0.0782012939453125 0.0823516845703125 0.00235748291015625
-0.115577697753906 -0.0298385620117188 0.0145931243896484 -0.0121994018554688
-0.103431701660156 0.0246353149414062 -0.0367698669433594 0.0170135498046875
-0.0664253234863281 0.0526695251464844 -0.0506515502929688 0.0514984130859375
-0.0298233032226563 0.0832748413085937 -0.035247802734375 0.115287780761719
0.00251770019531251 0.089324951171875 0.00512695312499999 0.143783569335938
-0.00117492675781249 0.08203125 0.0308837890625 0.137527465820313
0.00406646728515624 0.087066650390625 0.02520751953125 0.126922607421875
-0.01165771484375 0.0912322998046875 -0.0010986328125 0.107505798339844
-0.040313720703125 0.08026123046875 -0.00301742553710938 0.0584869384765625
-0.0713653564453125 0.0717849731445313 0.0178356170654297 0.0222854614257813
-0.107376098632813 0.0165176391601563 0.0802001953125 0.021942138671875
-0.110214233398438 -0.0361480712890625 0.153366088867188 0.071380615234375
-0.101058959960938 -0.0489883422851563 0.166946411132813 0.17205810546875
-0.141983032226563 -0.130126953125 0.0735549926757812 -0.00971984863281251
-0.155471801757813 -0.110992431640625 0.0592803955078125 -0.00787734985351563
-0.166366577148437 -0.05029296875 0.0217323303222656 -0.0131511688232422
-0.160430908203125 0.0217742919921875 -0.0218219757080078 0.00336074829101563
-0.113578796386719 0.0727920532226562 -0.0381202697753906 0.0268478393554688
-0.0624160766601562 0.128097534179688 -0.0323028564453125 0.0843963623046875
-0.00843811035156249 0.138641357421875 -0.00370788574218751 0.102027893066406
-0.0112838745117188 0.128097534179688 0.0193328857421875 0.0961761474609375
-0.0048065185546875 0.137924194335938 0.0157012939453125 0.089141845703125
-0.0271224975585937 0.139625549316406 -0.00219726562499999 0.0784225463867188
-0.0674819946289063 0.116439819335938 -0.00230216979980469 0.0343589782714844
-0.108428955078125 0.098846435546875 0.0188713073730469 0.00716209411621094
-0.15283203125 0.02520751953125 0.083404541015625 0.0087127685546875
-0.163284301757813 -0.046234130859375 0.129600524902344 0.059112548828125
-0.158843994140625 -0.0738067626953125 0.133041381835938 0.145370483398438
-0.174560546875 -0.143585205078125 0.0217323303222656 -0.0442733764648438
-0.1868896484375 -0.11993408203125 0.0229949951171875 -0.0245685577392578
-0.19305419921875 -0.0561370849609375 0.0219020843505859 -0.0139579772949219
-0.189712524414063 0.021697998046875 -0.00385093688964845 -0.0113525390625
-0.141021728515625 0.082611083984375 -0.0185279846191406 -0.00211715698242187
-0.08428955078125 0.152908325195313 -0.0240402221679687 0.0390396118164063
-0.019134521484375 0.16552734375 -0.0106124877929687 0.0455169677734375
-0.0194244384765625 0.154754638671875 0.00404357910156249 0.0410728454589844
-0.013763427734375 0.16876220703125 0.00284576416015625 0.0386734008789063
-0.039947509765625 0.167800903320313 -0.00464248657226563 0.0360145568847656
-0.0870590209960937 0.136466979980469 -0.00345134735107422 0.00449419021606446
-0.131919860839844 0.113235473632813 0.0176582336425781 -0.00922966003417968
-0.177841186523438 0.02825927734375 0.0747146606445313 -4.57763671874983E-05
-0.192855834960938 -0.05059814453125 0.0895919799804687 0.0477218627929688
-0.192581176757813 -0.0877227783203125 0.0816574096679688 0.110305786132813
-0.180679321289063 -0.131607055664063 -0.0386505126953125 -0.083038330078125
-0.1893310546875 -0.106689453125 -0.0220146179199219 -0.043731689453125
-0.187225341796875 -0.0463409423828125 0.0129661560058594 -0.016596794128418
-0.183792114257813 0.022064208984375 0.0108795166015625 -0.0272998809814453
-0.14111328125 0.080108642578125 0.00160217285156249 -0.0335140228271484
-0.0897369384765625 0.1534423828125 -0.0121965408325195 -0.0134305953979492
-0.0257568359375 0.167373657226563 -0.0169219970703125 -0.0183200836181641
-0.02447509765625 0.1580810546875 -0.0116043090820313 -0.0201644897460937
-0.02197265625 0.174285888671875 -0.0115890502929688 -0.0179767608642578
-0.0504302978515625 0.169723510742188 -0.00767803192138672 -0.0130329132080078
-0.0980606079101563 0.133613586425781 -0.0045318603515625 -0.02728271484375
-0.139877319335937 0.105873107910156 0.0155220031738281 -0.0244998931884766
-0.17840576171875 0.020172119140625 0.0582962036132812 -0.00540924072265625
-0.191452026367187 -0.0541534423828125 0.0380439758300781 0.0385398864746094
-0.195831298828125 -0.090484619140625 0.0212020874023437 0.0709686279296875
-0.157363891601563 -0.09765625 -0.0967788696289063 -0.11627197265625
-0.157806396484375 -0.074737548828125 -0.066070556640625 -0.0612335205078125
-0.147445678710938 -0.0287017822265625 -0.00305747985839845 -0.0206260681152344
-0.144424438476563 0.01849365234375 0.017303466796875 -0.0422401428222656
-0.115303039550781 0.0634613037109375 0.0156402587890625 -0.0611457824707031
-0.0799331665039063 0.1290283203125 -0.00281143188476563 -0.0628547668457031
-0.0277862548828125 0.143630981445312 -0.0215988159179688 -0.07794189453125
-0.0256118774414063 0.138397216796875 -0.0252685546875 -0.0778884887695312
-0.028656005859375 0.153427124023437 -0.0214385986328125 -0.0724945068359375
-0.056365966796875 0.144073486328125 -0.00642776489257813 -0.0603065490722656
-0.096466064453125 0.105880737304688 -0.000308990478515633 -0.0565032958984375
-0.128074645996094 0.0772628784179688 0.0158195495605469 -0.0355720520019531
-0.150390625 0.00244140625000001 0.0385208129882812 -0.0079498291015625
-0.158920288085938 -0.0550537109375 -0.0132675170898438 0.0267047882080078
-0.168685913085938 -0.0804290771484375 -0.0361061096191406 0.029693603515625
-0.108680725097656 -0.0503005981445313 -0.145736694335938 -0.139205932617188
-0.0978240966796875 -0.0384292602539062 -0.102699279785156 -0.0731277465820312
-0.0844268798828125 -0.01397705078125 -0.0232295989990234 -0.0224323272705078
-0.0845565795898438 0.00659179687499999 0.0148735046386719 -0.0503807067871094
-0.0738601684570313 0.0348358154296875 0.0210800170898438 -0.0774459838867188
-0.0595932006835938 0.0847244262695313 0.00148773193359375 -0.101066589355469
-0.025543212890625 0.0978469848632813 -0.026763916015625 -0.124923706054688
-0.0230026245117188 0.0975112915039063 -0.0347366333007812 -0.124557495117188
-0.030792236328125 0.110069274902344 -0.0246810913085938 -0.116950988769531
-0.0531845092773438 0.096160888671875 0.00308990478515625 -0.0994033813476562
-0.0786895751953125 0.0609207153320313 0.0110015869140625 -0.0757827758789063
-0.09442138671875 0.0368804931640625 0.0201835632324219 -0.0418739318847656
-0.0979843139648438 -0.0131454467773438 0.0196628570556641 -0.009796142578125
-0.101760864257813 -0.045013427734375 -0.0548248291015625 0.0106048583984375
-0.116874694824219 -0.0556182861328125 -0.0819015502929688 -0.00847625732421876
-0.0418930053710938 -0.000114440917968743 -0.17669677734375 -0.14996337890625
-0.0228157043457031 -0.00637054443359375 -0.127593994140625 -0.076568603515625
-0.013331413269043 -0.00753211975097656 -0.0433883666992187 -0.0187835693359375
-0.0205116271972656 -0.0122604370117188 0.007598876953125 -0.0485496520996094
-0.0294780731201172 -0.00176620483398437 0.0206375122070313 -0.0803756713867188
-0.0356559753417969 0.0281906127929688 0.00181579589843751 -0.122360229492188
-0.0220985412597656 0.0383834838867188 -0.0301513671875 -0.152786254882813
-0.017181396484375 0.042877197265625 -0.03961181640625 -0.15228271484375
-0.02655029296875 0.0494346618652344 -0.0217132568359375 -0.144332885742188
-0.0360870361328125 0.0353355407714844 0.0169830322265625 -0.121871948242188
-0.041412353515625 0.0128173828125 0.0254669189453125 -0.082183837890625
-0.0397796630859375 0.000366210937499999 0.0258979797363281 -0.0404739379882813
-0.0301017761230469 -0.0135879516601562 0.00372505187988281 -0.010890007019043
-0.0327644348144531 -0.0168609619140625 -0.0808563232421875 -0.00574493408203124
-0.0519332885742187 -0.0164337158203125 -0.109283447265625 -0.03692626953125
-0.025390625 -0.0427589416503906 0.126968383789063 0.0203933715820312
-0.0361099243164062 -0.0366897583007813 0.0907058715820313 0.00125885009765625
-0.0495567321777344 -0.00651931762695312 0.00365734100341796 -0.00967121124267578
-0.0348663330078125 0.0216999053955078 -0.0418319702148437 0.0324478149414063
-0.0120124816894531 0.023712158203125 -0.0480079650878906 0.0702476501464844
0.00496864318847656 0.0239009857177734 -0.0244293212890625 0.128074645996094
0.0131034851074219 0.0257568359375 0.02093505859375 0.15924072265625
0.00773048400878906 0.0227241516113281 0.0431671142578125 0.154449462890625
0.0143318176269531 0.0232620239257813 0.032867431640625 0.144378662109375
0.00948143005371094 0.0328903198242188 0.000228881835937509 0.123184204101563
-0.0036773681640625 0.0388832092285156 -0.00360107421875001 0.0748214721679688
-0.02288818359375 0.0414009094238281 0.0140647888183594 0.0363693237304688
-0.0487823486328125 0.0131683349609375 0.0661048889160156 0.0332527160644531
-0.0436172485351563 -0.0147476196289062 0.154800415039063 0.07635498046875
-0.0285377502441406 -0.0119476318359375 0.179428100585938 0.178756713867188
-0.0914077758789063 -0.0890731811523437 0.110893249511719 0.0136871337890625
-0.10284423828125 -0.0742950439453125 0.083160400390625 0.000450134277343745
-0.11346435546875 -0.02764892578125 0.0152711868286133 -0.012354850769043
-0.1014404296875 0.0260467529296875 -0.0349712371826172 0.018951416015625
-0.0648269653320313 0.0533905029296875 -0.0477027893066406 0.0530471801757813
-0.0266036987304688 0.0821990966796875 -0.0306167602539062 0.115745544433594
0.0054168701171875 0.0877151489257813 0.0109405517578125 0.142349243164063
0.00108337402343751 0.0809173583984375 0.0362930297851563 0.134994506835938
0.00728607177734374 0.08575439453125 0.0298690795898437 0.124717712402344
-0.00846862792968751 0.0909347534179688 0.0025177001953125 0.108230590820313
-0.03759765625 0.0809402465820312 -0.000957489013671878 0.0595893859863281
-0.06781005859375 0.072998046875 0.0176963806152344 0.0229396820068359
-0.104988098144531 0.0189056396484375 0.0793914794921875 0.0185775756835938
-0.110366821289063 -0.0327377319335938 0.153289794921875 0.0659027099609375
-0.100067138671875 -0.044830322265625 0.168746948242188 0.165557861328125
-0.144439697265625 -0.124603271484375 0.0751571655273437 -0.00917053222656251
-0.156005859375 -0.104766845703125 0.0601463317871094 -0.00818252563476563
-0.164413452148437 -0.0464630126953125 0.0216960906982422 -0.0135250091552734
-0.157974243164063 0.02587890625 -0.0204372406005859 0.00511360168457031
-0.110794067382812 0.0745468139648437 -0.0352783203125 0.0292625427246094
-0.0575180053710938 0.127418518066406 -0.0280838012695313 0.085205078125
-0.00419616699218752 0.137138366699219 0.00111389160156251 0.102088928222656
-0.00603485107421874 0.127090454101563 0.02294921875 0.094879150390625
0.000350952148437498 0.137077331542969 0.0201263427734375 0.0885696411132813
-0.0219879150390625 0.139320373535156 0.00152587890625001 0.078369140625
-0.0636978149414063 0.117431640625 -0.000900268554687501 0.03558349609375
-0.104347229003906 0.101570129394531 0.0190048217773437 0.00787734985351563
-0.150054931640625 0.028045654296875 0.081787109375 0.00617218017578125
-0.164031982421875 -0.0417327880859375 0.129844665527344 0.0550537109375
-0.15936279296875 -0.068023681640625 0.134658813476563 0.140518188476563
-0.177474975585938 -0.137130737304688 0.0230484008789062 -0.0418167114257813
-0.188323974609375 -0.113998413085937 0.0230064392089844 -0.0225772857666016
-0.192001342773437 -0.051666259765625 0.02215576171875 -0.014129638671875
-0.1875 0.026641845703125 -0.00396728515625001 -0.00951099395751953
-0.13763427734375 0.0852737426757813 -0.0170583724975586 -0.000466346740722653
-0.0790252685546875 0.153732299804688 -0.0196342468261719 0.040069580078125
-0.0141143798828125 0.164306640625 -0.0079193115234375 0.0458908081054688
-0.0133056640625 0.154159545898438 0.00638580322265625 0.0409202575683594
-0.00694274902343748 0.168228149414063 0.00500106811523437 0.0385856628417969
-0.033905029296875 0.168365478515625 -0.00204086303710938 0.0365943908691406
-0.0830535888671875 0.138420104980469 -0.00241708755493165 0.00608968734741212
-0.127449035644531 0.116783142089844 0.0174341201782226 -0.00794124603271484
-0.17559814453125 0.0319671630859375 0.0731658935546875 -0.00272369384765625
-0.193450927734375 -0.0462646484375 0.0892105102539062 0.0452804565429688
-0.193862915039063 -0.080810546875 0.0823745727539062 0.108268737792969
-0.183319091796875 -0.126312255859375 -0.0381011962890625 -0.078460693359375
-0.191055297851563 -0.100616455078125 -0.022125244140625 -0.0405387878417969
-0.187271118164062 -0.0417938232421875 0.0127353668212891 -0.015904426574707
-0.182357788085938 0.02783203125 0.0103569030761719 -0.0259246826171875
-0.138114929199219 0.0838546752929687 0.00253105163574218 -0.0321578979492187
-0.0841827392578125 0.154296875 -0.0096883773803711 -0.0127649307250976
-0.01995849609375 0.166091918945313 -0.0162220001220703 -0.0169343948364258
-0.0177154541015625 0.158203125 -0.0113124847412109 -0.0188179016113281
-0.0147247314453125 0.174545288085938 -0.0111236572265625 -0.0171527862548828
-0.0439910888671875 0.17041015625 -0.00684261322021485 -0.0116786956787109
-0.0930862426757813 0.135887145996094 -0.00357437133789063 -0.0258197784423828
-0.134849548339844 0.110374450683594 0.0155506134033203 -0.0223731994628906
-0.175979614257813 0.023284912109375 0.0566444396972656 -0.00748062133789062
-0.19232177734375 -0.050140380859375 0.0377998352050781 0.0373764038085938
-0.197479248046875 -0.0840301513671875 0.021636962890625 0.0704116821289063
-0.15997314453125 -0.0938873291015625 -0.0976028442382813 -0.110588073730469
-0.160018920898438 -0.07171630859375 -0.0667762756347656 -0.0563087463378906
-0.147735595703125 -0.0255889892578125 -0.0031261444091797 -0.0198478698730469
-0.144058227539063 0.023101806640625 0.01605224609375 -0.0412025451660156
-0.113174438476563 0.0670700073242187 0.0155181884765625 -0.0602302551269531
-0.0754623413085937 0.130485534667969 -0.00249481201171876 -0.062286376953125
-0.022369384765625 0.142242431640625 -0.0234756469726562 -0.0756912231445312
-0.0199050903320312 0.138458251953125 -0.0270004272460938 -0.0756912231445312
-0.022125244140625 0.154541015625 -0.0233078002929688 -0.0708160400390625
-0.0508880615234375 0.146087646484375 -0.00657272338867188 -0.0595741271972656
-0.0930557250976562 0.108970642089844 -0.000213623046875008 -0.0547676086425781
-0.124839782714844 0.0822372436523437 0.0151805877685547 -0.0342540740966797
-0.149398803710937 0.00610351562499999 0.0368576049804687 -0.009521484375
-0.160980224609375 -0.0517730712890625 -0.0135059356689453 0.0271949768066406
-0.170913696289063 -0.0751190185546875 -0.0367927551269531 0.0311355590820312
-0.110160827636719 -0.049163818359375 -0.145919799804688 -0.132766723632813
-0.100196838378906 -0.0366134643554688 -0.103706359863281 -0.0680694580078125
-0.0850601196289063 -0.0124893188476562 -0.0231418609619141 -0.0209369659423828
-0.0850753784179688 0.00974273681640626 0.0135955810546875 -0.0501365661621094
-0.0734710693359375 0.0372467041015625 0.0202865600585938 -0.07733154296875
-0.0566177368164063 0.0866546630859375 0.000350952148437498 -0.101051330566406
-0.0219192504882812 0.0977859497070313 -0.0299072265625 -0.122146606445312
-0.0185165405273437 0.0980758666992188 -0.0385208129882813 -0.121635437011719
-0.0256423950195313 0.111274719238281 -0.0279617309570313 -0.114715576171875
-0.0491714477539062 0.0980453491210938 0.000366210937500001 -0.09881591796875
-0.0760650634765625 0.0643310546875 0.010223388671875 -0.0744400024414063
-0.092559814453125 0.0409088134765625 0.0192070007324219 -0.0406532287597656
-0.097503662109375 -0.0103912353515625 0.0181064605712891 -0.0108413696289063
-0.103843688964844 -0.04315185546875 -0.0552101135253906 0.0133247375488281
-0.119186401367188 -0.0528030395507812 -0.0830535888671875 -0.00553131103515625
-0.0418853759765625 -0.00106430053710938 -0.177169799804688 -0.142807006835938
-0.0241775512695313 -0.00741195678710937 -0.129051208496094 -0.0712738037109375
-0.0148763656616211 -0.00769615173339843 -0.0430030822753906 -0.0173492431640625
-0.0220317840576172 -0.0113010406494141 0.00661087036132813 -0.0485115051269531
-0.0304107666015625 8.20159912109373E-05 0.0191802978515625 -0.0810546875
-0.0348396301269531 0.0303134918212891 -0.000610351562499991 -0.122581481933594
-0.02020263671875 0.0389251708984375 -0.034759521484375 -0.149566650390625
-0.0143203735351563 0.042938232421875 -0.04461669921875 -0.1485595703125
-0.0235214233398437 0.0510597229003906 -0.026397705078125 -0.142059326171875
-0.0335845947265625 0.0378532409667969 0.0132369995117188 -0.121665954589844
-0.040924072265625 0.0148696899414063 0.0237884521484375 -0.0814971923828125
-0.0396041870117188 0.00312423706054687 0.0248298645019531 -0.0401763916015625
-0.0311069488525391 -0.0122318267822266 0.00209522247314453 -0.0109720230102539
-0.03497314453125 -0.0167579650878906 -0.0821533203125 -0.00270080566406249
-0.0538063049316406 -0.0156593322753906 -0.111167907714844 -0.0339736938476563
-0.0238609313964844 -0.0412788391113281 0.130149841308594 0.02227783203125
-0.0349159240722656 -0.0367698669433594 0.0931549072265625 0.00193023681640625
-0.0486412048339844 -0.00750350952148438 0.00536441802978515 -0.00941371917724609
-0.0346145629882813 0.020416259765625 -0.0409431457519531 0.032928466796875
-0.0122337341308594 0.0225944519042969 -0.047821044921875 0.0713424682617188
0.00427818298339844 0.0231437683105469 -0.025177001953125 0.129005432128906
0.01287841796875 0.0251598358154297 0.021636962890625 0.16058349609375
0.00787734985351562 0.0226726531982422 0.0445098876953125 0.153976440429688
0.0143146514892578 0.0227336883544922 0.033447265625 0.144866943359375
0.00989341735839843 0.0320835113525391 -7.62939453125117E-06 0.125144958496094
-0.00333786010742188 0.0385475158691406 -0.00418853759765624 0.075836181640625
-0.0221633911132813 0.0411415100097656 0.013763427734375 0.0367546081542969
-0.0484619140625 0.0130157470703125 0.0658340454101562 0.0335845947265625
-0.0429000854492188 -0.0138282775878906 0.155487060546875 0.07598876953125
-0.0273551940917969 -0.0108413696289063 0.178329467773438 0.17950439453125
-0.0910186767578125 -0.0884475708007812 0.113616943359375 0.0162200927734375
-0.101356506347656 -0.0747299194335938 0.08514404296875 0.00202178955078125
-0.112579345703125 -0.0297012329101562 0.0160369873046875 -0.012359619140625
-0.102249145507813 0.0247879028320313 -0.0337715148925781 0.0199966430664063
-0.0656547546386719 0.0524101257324219 -0.0468215942382813 0.0545616149902344
-0.0274200439453125 0.0811309814453125 -0.0302200317382813 0.116683959960938
0.00504302978515625 0.087371826171875 0.0119171142578125 0.142898559570313
0.00107574462890625 0.0808258056640625 0.03753662109375 0.134742736816406
0.00810241699218751 0.0857467651367188 0.0305404663085937 0.125839233398438
-0.00828552246093751 0.091644287109375 0.00351715087890625 0.1097412109375
-0.0376663208007812 0.0811996459960938 -0.00107574462890625 0.0611076354980469
-0.0683059692382812 0.0731124877929688 0.0174541473388672 0.024749755859375
-0.10540771484375 0.0179824829101562 0.0792999267578125 0.0191192626953125
-0.110862731933594 -0.0325469970703125 0.153091430664062 0.0662841796875
-0.0992202758789062 -0.0443267822265625 0.168136596679688 0.167022705078125
-0.145217895507813 -0.124496459960938 0.0776443481445312 -0.00691223144531251
-0.155624389648438 -0.106201171875 0.0622329711914063 -0.00610351562500001
-0.163909912109375 -0.0496063232421875 0.0235404968261719 -0.0128822326660156
-0.158889770507813 0.0243988037109375 -0.0200042724609375 0.00663948059082031
-0.112098693847656 0.0742416381835937 -0.0337162017822266 0.0297679901123047
-0.0581283569335937 0.12701416015625 -0.0261688232421875 0.0854568481445313
-0.00463867187499999 0.136215209960937 0.00307464599609375 0.102317810058594
-0.00579833984375001 0.127723693847656 0.024169921875 0.0950851440429688
0.00152587890625 0.137908935546875 0.0204010009765625 0.0890045166015625
-0.0218048095703125 0.140594482421875 0.00311279296875001 0.0799026489257813
-0.0649032592773437 0.118515014648438 -0.000373840332031254 0.0372314453125
-0.105232238769531 0.102516174316406 0.0187301635742187 0.00901031494140626
-0.1510009765625 0.0266876220703125 0.0804595947265625 0.00628662109375
-0.165451049804688 -0.0433349609375 0.129936218261719 0.0556411743164063
-0.15960693359375 -0.06866455078125 0.133438110351563 0.143218994140625
-0.1788330078125 -0.137924194335938 0.0252227783203125 -0.0393562316894531
-0.188888549804688 -0.115859985351562 0.0245800018310547 -0.0207653045654297
-0.192062377929688 -0.0546112060546875 0.022735595703125 -0.0135307312011719
-0.188735961914063 0.02655029296875 -0.00318288803100587 -0.00764751434326172
-0.139656066894531 0.0853805541992188 -0.0149402618408203 0.000638008117675784
-0.0791015625 0.153274536132813 -0.01763916015625 0.040313720703125
-0.0136871337890625 0.164291381835938 -0.006500244140625 0.0466423034667969
-0.0121917724609375 0.155426025390625 0.00745391845703125 0.0413818359375
-0.0057525634765625 0.169265747070313 0.00563430786132812 0.0392379760742188
-0.03363037109375 0.16973876953125 -0.000606536865234377 0.0374069213867188
-0.0838394165039062 0.140312194824219 -0.000740051269531255 0.00753784179687501
-0.12896728515625 0.118209838867187 0.0180892944335937 -0.00542449951171874
-0.177215576171875 0.0301055908203125 0.0723190307617187 -0.00360107421875
-0.196182250976563 -0.04803466796875 0.0891876220703125 0.046661376953125
-0.195358276367188 -0.082061767578125 0.0813674926757812 0.110130310058594
-0.184860229492188 -0.128021240234375 -0.0363006591796875 -0.0760498046875
-0.193267822265625 -0.10247802734375 -0.0211677551269531 -0.0385093688964844
-0.187698364257813 -0.0443878173828125 0.0136184692382812 -0.0152502059936523
-0.184860229492188 0.0272979736328125 0.0107231140136719 -0.0241947174072266
-0.140243530273437 0.08428955078125 0.00469398498535155 -0.0316619873046875
-0.0846710205078125 0.155960083007812 -0.00756359100341797 -0.013331413269043
-0.0196075439453125 0.1666259765625 -0.0148487091064453 -0.0160627365112305
-0.016632080078125 0.159820556640625 -0.0107669830322266 -0.0182914733886719
-0.0133514404296875 0.17626953125 -0.0109167098999023 -0.0162897109985351
-0.0435333251953125 0.17364501953125 -0.0047445297241211 -0.0109529495239258
-0.0943603515625 0.137954711914063 -0.00228500366210938 -0.0248317718505859
-0.137168884277344 0.111930847167969 0.0160293579101562 -0.0211086273193359
-0.177932739257813 0.0219573974609375 0.0555953979492187 -0.00763320922851562
-0.195816040039063 -0.052734375 0.0370368957519531 0.03851318359375
-0.1990966796875 -0.08563232421875 0.0202789306640625 0.0717086791992188
-0.161712646484375 -0.0967559814453125 -0.095428466796875 -0.108772277832031
-0.162322998046875 -0.07379150390625 -0.0672340393066407 -0.0553245544433594
-0.149093627929687 -0.027862548828125 -0.00283050537109376 -0.0183792114257813
-0.14605712890625 0.022857666015625 0.0167579650878906 -0.0397682189941406
-0.116081237792969 0.0687408447265625 0.0167007446289062 -0.0602951049804688
-0.076171875 0.132301330566406 -0.000473022460937498 -0.0627861022949218
-0.02227783203125 0.143646240234375 -0.0225143432617188 -0.0751419067382812
-0.0182418823242188 0.140495300292969 -0.0268020629882813 -0.0749435424804688
-0.0200958251953125 0.156463623046875 -0.0230712890625 -0.0705947875976562
-0.049835205078125 0.148468017578125 -0.00539779663085938 -0.0599861145019531
-0.0936203002929688 0.110580444335938 0.00144958496093749 -0.0538330078125
-0.126419067382813 0.0833816528320313 0.0159759521484375 -0.0329055786132812
-0.150909423828125 0.00468444824218751 0.0357933044433594 -0.00971603393554688
-0.164169311523438 -0.05377197265625 -0.0144329071044922 0.0285530090332031
-0.172256469726563 -0.0768280029296875 -0.0383338928222656 0.03155517578125
-0.111953735351563 -0.051849365234375 -0.14483642578125 -0.132369995117187
-0.10198974609375 -0.0394210815429688 -0.104202270507812 -0.06658935546875
-0.0867080688476563 -0.013824462890625 -0.0233993530273438 -0.0204181671142578
-0.0875320434570312 0.00981140136718748 0.0141639709472656 -0.0498924255371094
-0.0755767822265625 0.0383224487304687 0.0215835571289062 -0.0777206420898438
-0.0568466186523437 0.0890655517578125 0.00177001953125001 -0.101509094238281
-0.0216293334960937 0.0987472534179688 -0.0297470092773438 -0.121429443359375
-0.0174484252929688 0.0992889404296875 -0.0387115478515625 -0.120658874511719
-0.0233078002929688 0.113609313964844 -0.0286407470703125 -0.11474609375
-0.0484161376953125 0.100296020507812 0.000930786132812497 -0.0995330810546875
-0.0766754150390625 0.0654144287109375 0.0118331909179687 -0.0743484497070313
-0.093505859375 0.042816162109375 0.0194664001464844 -0.0403251647949219
-0.09881591796875 -0.0115966796875 0.0167808532714844 -0.0110998153686523
-0.106941223144531 -0.044921875 -0.0569839477539063 0.0139389038085938
-0.120948791503906 -0.0544509887695312 -0.08544921875 -0.00566864013671875
-0.0436058044433594 -0.0041046142578125 -0.175643920898437 -0.143569946289063
-0.0260143280029297 -0.00915336608886719 -0.129173278808594 -0.070831298828125
-0.0158061981201172 -0.0076446533203125 -0.0421905517578125 -0.0171127319335938
-0.0233631134033203 -0.0110549926757813 0.00709533691406249 -0.0493431091308594
-0.0312919616699219 0.000995635986328122 0.0204010009765625 -0.0818557739257813
-0.0348148345947266 0.0324726104736328 -0.000305175781249994 -0.123764038085938
-0.0197067260742187 0.039794921875 -0.0352020263671875 -0.14996337890625
-0.0131950378417969 0.0441818237304688 -0.0451812744140625 -0.147872924804688
-0.0223464965820313 0.0528526306152344 -0.027069091796875 -0.142196655273438
-0.0336418151855469 0.0390625 0.01287841796875 -0.122596740722656
-0.0413131713867188 0.0161094665527344 0.0246353149414062 -0.08160400390625
-0.03997802734375 0.00498199462890624 0.0249824523925781 -0.0404510498046875
-0.0324420928955078 -0.0126094818115234 0.000557899475097654 -0.011469841003418
-0.0378036499023438 -0.0177268981933594 -0.08441162109375 -0.00225067138671875
-0.0553665161132813 -0.0156936645507813 -0.113075256347656 -0.0349044799804687
-0.0229568481445313 -0.0420265197753906 0.137435913085938 0.0262908935546875
-0.0342369079589844 -0.0383758544921875 0.09893798828125 0.00341796875
-0.0489006042480469 -0.00983428955078126 0.00712013244628906 -0.00960350036621094
-0.0354881286621094 0.0197105407714844 -0.0415725708007813 0.0343742370605469
-0.0138473510742188 0.0225181579589844 -0.04949951171875 0.0736846923828125
0.00414276123046875 0.0228385925292969 -0.0266952514648438 0.134323120117187
0.0121860504150391 0.0257968902587891 0.0218658447265625 0.165206909179688
0.00722885131835938 0.0230045318603516 0.0457305908203125 0.159759521484375
0.0147876739501953 0.0228500366210937 0.03466796875 0.151092529296875
0.00985527038574219 0.0326290130615234 -0.000473022460937505 0.131004333496094
-0.0031585693359375 0.0400390625 -0.00581359863281249 0.0797348022460938
-0.0221061706542969 0.0416641235351562 0.0128974914550781 0.0395698547363281
-0.0494384765625 0.0135536193847656 0.0667572021484375 0.0351371765136719
-0.0436973571777344 -0.0138893127441406 0.160446166992188 0.0791168212890625
-0.0266971588134766 -0.0112037658691406 0.181671142578125 0.18804931640625
-0.0925750732421875 -0.0911026000976562 0.12066650390625 0.0204925537109375
-0.103378295898438 -0.0788726806640625 0.0903472900390625 0.00411224365234374
-0.115592956542969 -0.0337600708007812 0.0184040069580078 -0.0125217437744141
-0.105567932128906 0.0240020751953125 -0.0341758728027344 0.0220470428466797
-0.0688056945800781 0.0525093078613281 -0.0482215881347656 0.0560302734375
-0.0293121337890625 0.0823974609375 -0.0308380126953125 0.120597839355469
0.00451660156250001 0.0895233154296875 0.0124969482421875 0.14813232421875
0.000328063964843756 0.0833816528320312 0.0391769409179688 0.139907836914063
0.00732421874999999 0.0889358520507813 0.0307083129882813 0.130584716796875
-0.0090789794921875 0.0941543579101563 0.0035552978515625 0.115180969238281
-0.0400161743164063 0.0843048095703125 -0.0018157958984375 0.0649032592773437
-0.0715866088867188 0.0751800537109375 0.0172767639160156 0.027130126953125
-0.109565734863281 0.0170669555664063 0.0806427001953125 0.0207061767578125
-0.115264892578125 -0.0349884033203125 0.157730102539063 0.069854736328125
-0.101837158203125 -0.046905517578125 0.170501708984375 0.176040649414063
-0.148193359375 -0.130157470703125 0.0839767456054687 -0.00328063964843751
-0.159027099609375 -0.111557006835938 0.0657424926757812 -0.00367355346679688
-0.1688232421875 -0.055023193359375 0.0246868133544922 -0.0126056671142578
-0.164993286132813 0.0234222412109375 -0.0198211669921875 0.00921440124511719
-0.118057250976562 0.0748672485351562 -0.0343475341796875 0.0316066741943359
-0.0615310668945312 0.13018798828125 -0.0259780883789063 0.0888748168945313
-0.00596618652343751 0.141204833984375 0.00366973876953126 0.107284545898438
-0.00717926025390626 0.132698059082031 0.0251693725585937 0.097930908203125
0.00161743164062501 0.142654418945313 0.0210113525390625 0.0925827026367188
-0.0236663818359375 0.145462036132813 0.00344085693359376 0.0839996337890625
-0.0682220458984375 0.123741149902344 -0.000156402587890627 0.040191650390625
-0.110389709472656 0.105484008789062 0.0194644927978516 0.0114250183105469
-0.1573486328125 0.024566650390625 0.081878662109375 0.006927490234375
-0.172515869140625 -0.047332763671875 0.133377075195313 0.0591201782226563
-0.1644287109375 -0.0731201171875 0.134994506835938 0.150390625
-0.184051513671875 -0.144607543945313 0.0287742614746094 -0.0378303527832031
-0.19512939453125 -0.122482299804688 0.0264835357666016 -0.0192394256591797
-0.199050903320313 -0.061431884765625 0.0240612030029297 -0.0130691528320313
-0.196914672851563 0.0252227783203125 -0.00250530242919923 -0.00613164901733398
-0.1466064453125 0.087310791015625 -0.0140008926391602 0.000725746154785159
-0.0836944580078125 0.158050537109375 -0.0160484313964844 0.0420570373535156
-0.0158843994140625 0.16925048828125 -0.00545120239257813 0.0496101379394531
-0.0135498046875 0.161285400390625 0.00751113891601562 0.0437736511230469
-0.006103515625 0.176803588867188 0.00570297241210937 0.0416107177734375
-0.0354461669921875 0.176589965820313 0.000328063964843747 0.0395164489746094
-0.0891876220703125 0.1456298828125 -0.000308990478515631 0.00919246673583985
-0.135139465332031 0.122673034667969 0.0191001892089844 -0.00400733947753905
-0.185379028320313 0.02777099609375 0.0727462768554687 -0.00322723388671875
-0.205184936523438 -0.053619384765625 0.0911331176757812 0.0493087768554688
-0.200881958007812 -0.0872039794921875 0.0815353393554688 0.116813659667969
-0.191558837890625 -0.134567260742188 -0.0345840454101563 -0.076690673828125
-0.19976806640625 -0.109786987304688 -0.0213241577148438 -0.0381126403808594
-0.194717407226562 -0.0514373779296875 0.0143938064575195 -0.0147838592529297
-0.193450927734375 0.026947021484375 0.0111541748046875 -0.0229206085205078
-0.146942138671875 0.087371826171875 0.00681114196777343 -0.0322761535644531
-0.0895843505859375 0.160324096679687 -0.00496864318847657 -0.0129737854003906
-0.021881103515625 0.171920776367188 -0.013422966003418 -0.0153665542602539
-0.018829345703125 0.165740966796875 -0.0103569030761719 -0.0181312561035156
-0.01300048828125 0.18408203125 -0.0104713439941406 -0.0164022445678711
-0.04632568359375 0.180557250976563 -0.00401687622070313 -0.0116796493530273
-0.100357055664063 0.14361572265625 -0.000576019287109382 -0.0247364044189453
-0.143539428710938 0.115676879882813 0.0178184509277344 -0.0200634002685547
-0.186737060546875 0.0186004638671875 0.0565414428710937 -0.00780487060546875
-0.204849243164063 -0.0576171875 0.0377655029296875 0.0411453247070312
-0.206375122070313 -0.0899505615234375 0.0187149047851562 0.075958251953125
-0.168014526367187 -0.102813720703125 -0.0955657958984375 -0.111640930175781
-0.169754028320313 -0.079376220703125 -0.06878662109375 -0.05596923828125
-0.15618896484375 -0.033233642578125 -0.00245857238769532 -0.0182209014892578
-0.154052734375 0.0225372314453125 0.0175437927246094 -0.039306640625
-0.121742248535156 0.0714950561523437 0.020263671875 -0.061553955078125
-0.0798263549804688 0.137863159179688 0.00270462036132812 -0.0658187866210937
-0.0242462158203125 0.148666381835938 -0.0215835571289062 -0.07708740234375
-0.0194854736328125 0.1455078125 -0.0273284912109375 -0.0764694213867187
-0.02056884765625 0.163192749023438 -0.0236053466796875 -0.0725555419921875
-0.0528106689453125 0.154617309570313 -0.00421905517578125 -0.0621490478515625
-0.0995407104492188 0.115226745605469 0.00363159179687499 -0.0553932189941406
-0.1322021484375 0.0870361328125 0.0181026458740234 -0.0326099395751953
-0.15814208984375 0.00177001953124998 0.0355300903320313 -0.01068115234375
-0.172271728515625 -0.0592041015625 -0.0168647766113281 0.0300884246826172
-0.178924560546875 -0.0814666748046875 -0.0420036315917969 0.0336647033691406
-0.117874145507813 -0.0571441650390625 -0.146331787109375 -0.138336181640625
-0.107803344726562 -0.0432281494140625 -0.107757568359375 -0.0694503784179687
-0.0916519165039063 -0.0173797607421875 -0.0235157012939453 -0.0206012725830078
-0.0926361083984375 0.00962829589843751 0.0152702331542969 -0.0496864318847656
-0.0800399780273437 0.0411605834960938 0.024169921875 -0.0797348022460938
-0.0597763061523437 0.0933685302734375 0.0041046142578125 -0.106422424316406
-0.0231781005859375 0.102767944335938 -0.0290451049804688 -0.126396179199219
-0.0171051025390625 0.103553771972656 -0.0393295288085937 -0.123680114746094
-0.0247421264648438 0.118362426757812 -0.0288848876953125 -0.118003845214844
-0.0506973266601563 0.105445861816406 0.00255584716796876 -0.102706909179688
-0.0810546875 0.0694122314453125 0.0138168334960937 -0.0769195556640625
-0.0975265502929688 0.0447921752929688 0.0220184326171875 -0.0401496887207031
-0.103584289550781 -0.0133514404296875 0.0163345336914062 -0.0118980407714844
-0.113105773925781 -0.0487747192382812 -0.0604324340820313 0.0145530700683594
-0.126663208007813 -0.0570831298828125 -0.0899429321289063 -0.00678253173828124
-0.0463485717773438 -0.00646591186523437 -0.179473876953125 -0.151123046875
-0.0291423797607422 -0.0110225677490234 -0.13299560546875 -0.0739669799804687
-0.0176239013671875 -0.00933647155761719 -0.043731689453125 -0.017913818359375
-0.0254631042480469 -0.0114860534667969 0.00766372680664062 -0.0503768920898438
-0.0340785980224609 0.00244522094726562 0.0225677490234375 -0.0850906372070312
-0.0363349914550781 0.0353202819824219 0.00224304199218749 -0.129074096679688
-0.0206069946289063 0.0417442321777344 -0.0351104736328125 -0.155471801757813
-0.01348876953125 0.0457534790039062 -0.0455322265625 -0.15185546875
-0.0215568542480469 0.0555496215820313 -0.0272369384765625 -0.146926879882813
-0.0343704223632813 0.0417289733886719 0.0148086547851563 -0.126861572265625
-0.0427474975585938 0.0174179077148438 0.0267257690429687 -0.0846405029296875
-0.0412940979003906 0.00647354125976563 0.0268745422363281 -0.0410499572753906
-0.0344562530517578 -0.0127677917480469 -0.00133132934570313 -0.0117940902709961
-0.0408821105957031 -0.0192413330078125 -0.088897705078125 -0.001678466796875
-0.0590972900390625 -0.0182037353515625 -0.118812561035156 -0.0379180908203125
-0.0226478576660156 -0.0432853698730469 0.149337768554688 0.028564453125
-0.0347366333007813 -0.0408973693847656 0.107276916503906 0.00284576416015625
-0.051483154296875 -0.0110321044921875 0.00856876373291015 -0.0107612609863281
-0.0374679565429688 0.0201683044433594 -0.0423851013183594 0.036773681640625
-0.0149459838867188 0.0227279663085937 -0.0520172119140625 0.07916259765625
0.00366973876953125 0.0226345062255859 -0.0271759033203125 0.144546508789063
0.0129776000976563 0.0265083312988281 0.02496337890625 0.176055908203125
0.00751304626464844 0.0239582061767578 0.05078125 0.168624877929688
0.0161380767822266 0.0225906372070313 0.0380706787109375 0.160552978515625
0.0111274719238281 0.0343017578125 0.000709533691406252 0.139961242675781
-0.00316619873046875 0.0422096252441406 -0.00630187988281251 0.0868148803710938
-0.0232620239257813 0.044219970703125 0.0133857727050781 0.0429153442382813
-0.0521926879882813 0.0144081115722656 0.0704345703125 0.037353515625
-0.0456771850585938 -0.0137176513671875 0.1707763671875 0.08251953125
-0.0267696380615234 -0.0113677978515625 0.193206787109375 0.19940185546875
-0.0971298217773438 -0.0958404541015625 0.131118774414063 0.0231094360351562
-0.109245300292969 -0.0831832885742188 0.0981903076171875 0.00524902343749999
-0.122245788574219 -0.0375747680664063 0.0204029083251953 -0.0129261016845703
-0.112350463867187 0.0255126953125 -0.0343818664550781 0.0240955352783203
-0.0742721557617188 0.0554351806640625 -0.0498695373535156 0.0603981018066406
-0.031585693359375 0.086822509765625 -0.030792236328125 0.129928588867188
0.00464630126953125 0.0946044921875 0.0161895751953125 0.158126831054688
0.0014801025390625 0.08917236328125 0.0422515869140625 0.147796630859375
0.00939941406249999 0.0942306518554687 0.0353927612304687 0.139572143554688
-0.00845336914062499 0.100227355957031 0.0047607421875 0.123733520507812
-0.0423431396484375 0.090087890625 -0.000885009765625005 0.0706558227539063
-0.0755157470703125 0.0807876586914063 0.0187225341796875 0.0301952362060547
-0.1171875 0.018310546875 0.0837478637695312 0.0216903686523438
-0.123390197753906 -0.03668212890625 0.168548583984375 0.072357177734375
-0.108230590820313 -0.0488204956054688 0.18157958984375 0.187286376953125
-0.1580810546875 -0.13623046875 0.0916366577148438 -0.000984191894531258
-0.17059326171875 -0.118209838867188 0.0714797973632812 -0.00306701660156251
-0.17999267578125 -0.0607452392578125 0.0277500152587891 -0.012664794921875
-0.176071166992188 0.0258636474609375 -0.0194282531738281 0.010589599609375
-0.126373291015625 0.0806427001953125 -0.0346736907958984 0.0342426300048828
-0.065460205078125 0.138290405273438 -0.025482177734375 0.0950469970703125
-0.00592041015624999 0.149612426757813 0.00614166259765626 0.115257263183594
-0.006439208984375 0.141860961914063 0.0279541015625 0.104583740234375
0.00308227539062499 0.152664184570313 0.023193359375 0.0992507934570313
-0.0228271484375 0.15576171875 0.00524902343749999 0.0898666381835938
-0.0731277465820312 0.132705688476563 0.000591278076171867 0.0443267822265625
-0.117042541503906 0.114044189453125 0.0208816528320312 0.0137443542480469
-0.168289184570313 0.025909423828125 0.0861053466796875 0.00689697265625
-0.1856689453125 -0.050018310546875 0.14227294921875 0.0619659423828125
-0.175323486328125 -0.0766448974609375 0.143341064453125 0.160919189453125
-0.196533203125 -0.153289794921875 0.033355712890625 -0.0368194580078125
-0.209442138671875 -0.129287719726563 0.0294456481933594 -0.0178508758544922
-0.212265014648437 -0.066986083984375 0.026641845703125 -0.0121631622314453
-0.210800170898438 0.02752685546875 -0.00118112564086915 -0.0043039321899414
-0.15716552734375 0.0941619873046875 -0.0128555297851563 0.00162315368652344
-0.0886993408203125 0.1688232421875 -0.0143089294433594 0.0451850891113281
-0.0164031982421875 0.18109130859375 -0.00359725952148438 0.0538444519042969
-0.0131072998046875 0.172805786132813 0.00901031494140625 0.0464019775390625
-0.00360107421874999 0.1885986328125 0.0068359375 0.0450706481933594
-0.0353851318359375 0.18975830078125 0.00157546997070313 0.04254150390625
-0.0946502685546875 0.157241821289063 0.000901222229003901 0.0111379623413086
-0.143646240234375 0.132064819335938 0.0209674835205078 -0.0028095245361328
-0.198760986328125 0.02899169921875 0.0764389038085937 -0.003570556640625
-0.221084594726563 -0.0562896728515624 0.0972213745117188 0.0524063110351563
-0.21539306640625 -0.0919647216796875 0.0860214233398438 0.125137329101563
-0.205703735351563 -0.14373779296875 -0.0341873168945313 -0.0786361694335938
-0.215713500976563 -0.116378784179687 -0.0222816467285156 -0.0374984741210938
-0.2105712890625 -0.0563812255859375 0.0162601470947265 -0.0135765075683594
-0.207809448242187 0.0300140380859375 0.0134239196777344 -0.0220184326171875
-0.158248901367188 0.09423828125 0.00954437255859374 -0.0337142944335937
-0.0944976806640625 0.173126220703125 -0.0030202865600586 -0.0143032073974609
-0.022613525390625 0.184722900390625 -0.012873649597168 -0.0157623291015625
-0.0174560546875 0.17822265625 -0.0108795166015625 -0.0184364318847656
-0.01153564453125 0.19732666015625 -0.0112800598144531 -0.0161266326904297
-0.0469207763671875 0.1942138671875 -0.00369453430175782 -0.0122060775756836
-0.107086181640625 0.155426025390625 0.000711441040039055 -0.0255107879638672
-0.15283203125 0.125946044921875 0.0194358825683594 -0.0199966430664062
-0.199905395507813 0.0201873779296875 0.0578880310058594 -0.00920486450195312
-0.221450805664063 -0.0615692138671875 0.0394248962402344 0.0449562072753906
-0.221298217773437 -0.09613037109375 0.0187301635742187 0.08282470703125
-0.181610107421875 -0.109848022460937 -0.100700378417969 -0.117156982421875
-0.18408203125 -0.0845184326171875 -0.0726852416992188 -0.0565032958984375
-0.168624877929687 -0.0362701416015625 -0.00214481353759767 -0.0175228118896484
-0.166488647460938 0.025665283203125 0.0198974609375 -0.0400352478027344
-0.131301879882812 0.0777816772460938 0.0226669311523437 -0.0655174255371094
-0.0839080810546875 0.148818969726563 0.00381469726562499 -0.0702743530273437
-0.0250701904296875 0.159286499023438 -0.022003173828125 -0.081451416015625
-0.0184783935546875 0.156341552734375 -0.02850341796875 -0.0801620483398437
-0.0184478759765625 0.175506591796875 -0.0253372192382813 -0.0753631591796875
-0.0540618896484375 0.166976928710937 -0.00415802001953125 -0.0662841796875
-0.105926513671875 0.125396728515625 0.00489425659179687 -0.0589523315429687
-0.141128540039063 0.09521484375 0.0198307037353516 -0.0338058471679687
-0.170181274414062 0.00122070312499998 0.0362739562988281 -0.0117912292480469
-0.187042236328125 -0.0627593994140625 -0.0181121826171875 0.0332298278808594
-0.192962646484375 -0.0865325927734375 -0.0458908081054688 0.0370903015136719
-0.127143859863281 -0.0620040893554687 -0.154830932617188 -0.144882202148438
-0.119094848632813 -0.0458145141601563 -0.115219116210938 -0.0713424682617187
-0.0998153686523437 -0.0191268920898438 -0.0240039825439453 -0.0204963684082031
-0.101119995117188 0.011138916015625 0.0163688659667969 -0.0517044067382812
-0.0867385864257813 0.04571533203125 0.0273590087890625 -0.0859603881835938
-0.062652587890625 0.101837158203125 0.00547790527343751 -0.114219665527344
-0.0236587524414063 0.111000061035156 -0.0313262939453125 -0.133453369140625
-0.01715087890625 0.111198425292969 -0.041778564453125 -0.129997253417969
-0.02288818359375 0.127662658691406 -0.0320587158203125 -0.124275207519531
-0.0517959594726563 0.113883972167969 0.001800537109375 -0.110397338867188
-0.0868759155273438 0.0755615234375 0.0158462524414062 -0.081939697265625
-0.103988647460938 0.0500946044921875 0.0237693786621094 -0.0425643920898437
-0.112045288085938 -0.0144882202148438 0.0150480270385742 -0.0128335952758789
-0.123794555664063 -0.0516815185546875 -0.0653228759765625 0.0175666809082031
-0.136604309082031 -0.0608749389648438 -0.0972824096679688 -0.00658416748046877
-0.051361083984375 -0.00872802734374999 -0.190170288085938 -0.159866333007813
-0.0335884094238281 -0.0131454467773437 -0.142807006835938 -0.077484130859375
-0.0203437805175781 -0.0114841461181641 -0.0455513000488281 -0.0178298950195312
-0.0295543670654297 -0.0124340057373047 0.0083160400390625 -0.0534019470214844
-0.0377311706542969 0.0039825439453125 0.0244979858398437 -0.0922012329101563
-0.0381546020507813 0.0400733947753906 0.00179290771484374 -0.138603210449219
-0.0214080810546875 0.0462837219238281 -0.0384674072265625 -0.165481567382813
-0.0130348205566406 0.04931640625 -0.04949951171875 -0.160430908203125
-0.0213546752929688 0.0608139038085938 -0.030364990234375 -0.155746459960938
-0.035888671875 0.0466346740722656 0.014068603515625 -0.135940551757813
-0.0459861755371094 0.0202102661132812 0.0282745361328125 -0.0905227661132813
-0.0447235107421875 0.00805664062500001 0.0282707214355469 -0.0430870056152344
-0.0380783081054688 -0.013397216796875 -0.0030670166015625 -0.012150764465332
-0.0466384887695313 -0.0208663940429687 -0.0963287353515625 -0.000740051269531259
-0.0645294189453125 -0.0194129943847656 -0.128959655761719 -0.039947509765625
-0.0236930847167969 -0.0442543029785156 0.164749145507813 0.0250091552734375
-0.0368080139160156 -0.0423507690429687 0.117782592773438 -0.000305175781250003
-0.0537147521972656 -0.0114326477050781 0.00982666015625 -0.0124168395996094
-0.0389404296875 0.0217056274414062 -0.0423507690429688 0.0407943725585938
-0.0159187316894531 0.0244579315185547 -0.05267333984375 0.0874099731445313
0.00341987609863281 0.0229206085205078 -0.022430419921875 0.156768798828125
0.0136623382568359 0.0265007019042969 0.0351409912109375 0.187973022460938
0.00867843627929687 0.0255508422851563 0.0615692138671875 0.178131103515625
0.0172538757324219 0.0233135223388672 0.048614501953125 0.171112060546875
0.0141181945800781 0.035858154296875 0.00700378417968749 0.152191162109375
-0.000839233398437498 0.0449409484863281 -0.00373077392578124 0.0951004028320313
-0.0222587585449219 0.04766845703125 0.0153388977050781 0.0469017028808594
-0.0542411804199219 0.0176887512207031 0.0765838623046875 0.0385665893554688
-0.0491676330566406 -0.0117416381835938 0.185409545898438 0.0799560546875
-0.0277023315429688 -0.0103836059570313 0.215118408203125 0.206832885742188
-0.106285095214844 -0.09857177734375 0.145431518554688 0.0211944580078125
-0.118782043457031 -0.0854339599609375 0.108673095703125 0.00225830078124999
-0.131881713867187 -0.0385055541992187 0.0233173370361328 -0.0140914916992188
-0.119865417480469 0.030914306640625 -0.0344467163085938 0.0285549163818359
-0.0785903930664062 0.0619125366210938 -0.0504875183105469 0.0675582885742188
-0.0318984985351563 0.0927047729492188 -0.0273895263671875 0.141067504882812
0.00834655761718749 0.100166320800781 0.0255126953125 0.168838500976563
0.00528717041015626 0.0950927734375 0.0525054931640625 0.156143188476563
0.0129165649414062 0.100227355957031 0.042877197265625 0.149505615234375
-0.00405120849609374 0.10772705078125 0.0108566284179688 0.133377075195312
-0.0412750244140625 0.10015869140625 0.00160217285156249 0.0769805908203125
-0.0766677856445312 0.0899734497070313 0.0213470458984375 0.0333061218261719
-0.125801086425781 0.0239334106445312 0.0891265869140625 0.0208282470703125
-0.134513854980469 -0.033477783203125 0.183486938476563 0.071014404296875
-0.117927551269531 -0.0478668212890625 0.201400756835938 0.195693969726563
-0.173202514648438 -0.140213012695313 0.101356506347656 -0.00223541259765626
-0.187347412109375 -0.120803833007813 0.0781402587890625 -0.00344085693359376
-0.196456909179688 -0.060577392578125 0.0310192108154297 -0.0145034790039063
-0.188079833984375 0.0337371826171875 -0.0181941986083984 0.0131034851074219
-0.134201049804688 0.0907440185546875 -0.0347137451171875 0.0385818481445313
-0.0661468505859375 0.150634765625 -0.019989013671875 0.102943420410156
-0.000885009765625015 0.159927368164063 0.01373291015625 0.122901916503906
-0.000534057617187494 0.1531982421875 0.0353775024414063 0.111526489257813
0.010650634765625 0.163406372070313 0.0292739868164063 0.106956481933594
-0.0176544189453125 0.168426513671875 0.00992584228515625 0.096710205078125
-0.072845458984375 0.1470947265625 0.00326156616210937 0.0496597290039063
-0.121185302734375 0.127532958984375 0.0242576599121094 0.0155010223388672
-0.182037353515625 0.03326416015625 0.0909271240234375 0.0039520263671875
-0.204238891601563 -0.045745849609375 0.154525756835938 0.0604248046875
-0.191131591796875 -0.0762786865234375 0.160491943359375 0.1695556640625
-0.21697998046875 -0.156906127929688 0.0383796691894531 -0.0385322570800781
-0.2303466796875 -0.1304931640625 0.0320606231689453 -0.0175628662109375
-0.232879638671875 -0.0663604736328126 0.0294075012207031 -0.0134696960449219
-0.226394653320312 0.0371246337890625 0.000144958496093736 -0.00252890586853027
-0.16693115234375 0.107467651367187 -0.0113277435302734 0.00203704833984375
-0.0895538330078125 0.184783935546875 -0.0112113952636719 0.0480575561523438
-0.010650634765625 0.19500732421875 0.000846862792968744 0.0582504272460938
-0.00608825683593749 0.187774658203125 0.0130653381347656 0.0504302978515625
0.00544738769531252 0.203598022460938 0.00969696044921875 0.0495719909667969
-0.0294647216796875 0.207046508789063 0.00401687622070312 0.04644775390625
-0.0961456298828125 0.174697875976563 0.00265979766845703 0.0131540298461914
-0.149612426757813 0.149932861328125 0.0223979949951172 -0.00277328491210937
-0.215255737304688 0.0379180908203125 0.0804519653320312 -0.006134033203125
-0.242813110351563 -0.0518341064453125 0.106147766113281 0.0530624389648438
-0.235870361328125 -0.0891571044921875 0.09771728515625 0.133522033691406
-0.227157592773437 -0.147018432617188 -0.0364608764648438 -0.0799331665039063
-0.239044189453125 -0.11639404296875 -0.0244560241699219 -0.0364456176757813
-0.2303466796875 -0.0547027587890625 0.0193252563476562 -0.0139122009277344
-0.223403930664063 0.0401611328125 0.0147628784179687 -0.0225982666015625
-0.16802978515625 0.109207153320313 0.0101432800292969 -0.0373191833496094
-0.0948333740234375 0.1905517578125 -0.000982284545898444 -0.0168342590332031
-0.0172119140625 0.1995849609375 -0.0115499496459961 -0.0154962539672851
-0.010162353515625 0.193038940429687 -0.0114231109619141 -0.0187892913818359
-0.00241088867187499 0.21282958984375 -0.0119028091430664 -0.0148200988769531
-0.04046630859375 0.211685180664063 -0.00307083129882813 -0.0128278732299805
-0.108566284179688 0.173492431640625 0.000698089599609367 -0.0265769958496094
-0.159912109375 0.143997192382813 0.0212802886962891 -0.0207366943359375
-0.216567993164062 0.028106689453125 0.05963134765625 -0.0120887756347656
-0.244674682617187 -0.0571746826171875 0.04376220703125 0.0473136901855469
-0.243743896484375 -0.095184326171875 0.022674560546875 0.0895156860351563
-0.201141357421875 -0.11248779296875 -0.109786987304688 -0.120018005371094
-0.204681396484375 -0.08416748046875 -0.079742431640625 -0.0542449951171875
-0.186080932617188 -0.034454345703125 -0.00208950042724611 -0.0174379348754883
-0.181015014648438 0.0352783203125 0.0208702087402344 -0.0416908264160156
-0.139892578125 0.0912094116210938 0.0237884521484375 -0.071929931640625
-0.083404541015625 0.16497802734375 0.0044097900390625 -0.0769271850585937
-0.019805908203125 0.1737060546875 -0.0249862670898438 -0.0863723754882812
-0.0131683349609375 0.170120239257813 -0.032867431640625 -0.0838775634765625
-0.0108489990234375 0.1903076171875 -0.0301742553710938 -0.0790786743164062
-0.050384521484375 0.183517456054688 -0.00701141357421875 -0.070587158203125
-0.109603881835938 0.1417236328125 0.00374984741210936 -0.0628662109375
-0.1480712890625 0.109603881835937 0.0205116271972656 -0.0364494323730469
-0.18487548828125 0.00746154785156251 0.036346435546875 -0.0141448974609375
-0.207687377929687 -0.0597381591796875 -0.0187416076660156 0.0371856689453125
-0.2127685546875 -0.08489990234375 -0.0491981506347656 0.0429878234863281
-0.140899658203125 -0.063079833984375 -0.170822143554688 -0.147918701171875
-0.133468627929688 -0.0454788208007812 -0.126113891601563 -0.0684585571289062
-0.110885620117188 -0.0181350708007812 -0.0252017974853516 -0.0188045501708984
-0.111282348632813 0.0167388916015625 0.0164451599121094 -0.0552940368652344
-0.0930252075195313 0.0540237426757812 0.0277862548828125 -0.0945587158203125
-0.06207275390625 0.113853454589844 0.0010833740234375 -0.123992919921875
-0.0196075439453125 0.122688293457031 -0.037689208984375 -0.1422119140625
-0.0129165649414062 0.121726989746094 -0.0495529174804688 -0.136871337890625
-0.0155792236328125 0.139556884765625 -0.0389328002929688 -0.13165283203125
-0.0505599975585937 0.127044677734375 -0.00262451171875 -0.118988037109375
-0.0921554565429688 0.0870208740234375 0.013824462890625 -0.089080810546875
-0.110153198242188 0.0593490600585937 0.0245208740234375 -0.0463676452636719
-0.123725891113281 -0.010833740234375 0.0136737823486328 -0.0141239166259766
-0.138542175292969 -0.0503158569335938 -0.0701637268066407 0.0220909118652344
-0.151138305664063 -0.0604248046875 -0.106803894042969 -0.00135803222656251
-0.0574378967285156 -0.00938415527343751 -0.20953369140625 -0.16387939453125
-0.0402069091796875 -0.0126152038574219 -0.157302856445313 -0.0768280029296875
-0.0251731872558594 -0.0122776031494141 -0.0482177734375 -0.0155754089355469
-0.0354499816894531 -0.0121421813964844 0.00762939453124999 -0.0574531555175781
-0.0421409606933594 0.00698852539062501 0.023284912109375 -0.100685119628906
-0.0378379821777344 0.0463180541992187 -0.00425720214843751 -0.151458740234375
-0.0209083557128906 0.0521202087402344 -0.0485687255859375 -0.176773071289063
-0.0105400085449219 0.0555076599121094 -0.05987548828125 -0.169708251953125
-0.017242431640625 0.0679168701171875 -0.0385894775390625 -0.164718627929688
-0.0355415344238281 0.0528450012207031 0.00883483886718749 -0.146408081054688
-0.0492095947265625 0.0246200561523438 0.0269393920898438 -0.0985336303710938
-0.04754638671875 0.0123329162597656 0.0282135009765625 -0.0476646423339844
-0.0431327819824219 -0.0124893188476562 -0.00579929351806641 -0.0132217407226562
-0.0544776916503906 -0.0207366943359375 -0.105239868164063 0.00413513183593749
-0.0710372924804688 -0.0187454223632813 -0.142532348632813 -0.0378265380859375
-0.0251388549804688 -0.0446891784667969 0.178085327148437 0.015594482421875
-0.0402908325195312 -0.0443153381347656 0.128028869628906 -0.0099029541015625
-0.0571861267089844 -0.0107231140136719 0.0097970962524414 -0.0145597457885742
-0.0380592346191406 0.0248985290527344 -0.040130615234375 0.0455245971679688
-0.0156402587890625 0.0253696441650391 -0.04876708984375 0.0960464477539063
0.00439453125 0.0221691131591797 -0.0115966796875 0.167190551757813
0.0143070220947266 0.0252246856689453 0.0513916015625 0.194076538085938
0.0097198486328125 0.0244808197021484 0.0774993896484375 0.180450439453125
0.0194263458251953 0.0216712951660156 0.0623931884765625 0.176544189453125
0.0167465209960938 0.0337486267089844 0.0185546875 0.160430908203125
0.00268936157226562 0.0465469360351563 0.0034637451171875 0.101982116699219
-0.019683837890625 0.0513648986816406 0.0176353454589844 0.0479011535644531
-0.0549812316894531 0.0225677490234375 0.0819244384765625 0.0345077514648438
-0.0520782470703125 -0.00778961181640624 0.199493408203125 0.07080078125
-0.030059814453125 -0.00698471069335938 0.239791870117188 0.202713012695313
-0.116737365722656 -0.0966567993164063 0.1583251953125 0.012542724609375
-0.128868103027344 -0.0819625854492188 0.116813659667969 -0.00416564941406251
-0.141189575195313 -0.0329437255859375 0.0243816375732422 -0.0182723999023438
-0.1240234375 0.0368576049804687 -0.0336246490478516 0.0315685272216797
-0.0789642333984375 0.069061279296875 -0.0457611083984375 0.0735092163085938
-0.0279312133789062 0.100334167480469 -0.0154571533203125 0.150421142578125
0.0154647827148438 0.105583190917969 0.04095458984375 0.176010131835937
0.0116043090820313 0.0984649658203125 0.06719970703125 0.158599853515625
0.0214920043945312 0.102424621582031 0.0570831298828125 0.154830932617187
0.00418853759765625 0.112060546875 0.0222091674804687 0.139480590820313
-0.0370941162109375 0.107963562011719 0.00835418701171876 0.0830154418945312
-0.0739593505859375 0.101394653320312 0.0240612030029297 0.0334205627441406
-0.129379272460938 0.0345840454101562 0.0939407348632813 0.0158767700195313
-0.14453125 -0.0249786376953125 0.197921752929688 0.0604248046875
-0.126853942871094 -0.0406265258789063 0.225128173828125 0.1915283203125
-0.190597534179688 -0.136993408203125 0.110725402832031 -0.00674438476562501
-0.204910278320313 -0.111923217773438 0.0842666625976562 -0.00716400146484376
-0.2139892578125 -0.052520751953125 0.0337562561035156 -0.0163116455078125
-0.197189331054688 0.0481414794921875 -0.0160560607910156 0.0174264907836914
-0.134613037109375 0.105003356933594 -0.0316848754882813 0.043212890625
-0.0595703125 0.16180419921875 -0.0127182006835937 0.109153747558594
0.01007080078125 0.169113159179688 0.0249557495117188 0.129463195800781
0.01080322265625 0.161972045898437 0.0451736450195313 0.116233825683594
0.02227783203125 0.170272827148438 0.0412750244140625 0.110992431640625
-0.00498962402343749 0.178436279296875 0.0182113647460937 0.103096008300781
-0.0675048828125 0.160491943359375 0.00862503051757812 0.0530776977539063
-0.1181640625 0.144866943359375 0.0283851623535156 0.0180644989013672
-0.1903076171875 0.047119140625 0.0918731689453125 -0.000442504882812497
-0.218429565429688 -0.0344085693359375 0.164932250976562 0.054931640625
-0.208145141601563 -0.0659637451171875 0.179824829101563 0.168533325195313
-0.239059448242188 -0.151748657226562 0.0411491394042969 -0.0390396118164063
-0.252960205078125 -0.12005615234375 0.0337638854980469 -0.0173244476318359
-0.251571655273438 -0.056304931640625 0.0333900451660156 -0.0145587921142578
-0.238235473632813 0.0547943115234375 0.00169646739959715 -0.00206387042999267
-0.168716430664063 0.125991821289062 -0.00932788848876954 0.00316524505615235
-0.0814971923828125 0.202438354492188 -0.00561141967773438 0.0501289367675781
0.0014801025390625 0.206222534179688 0.0062255859375 0.0610008239746094
0.00840759277343751 0.19793701171875 0.0177383422851563 0.0536842346191406
0.021148681640625 0.213775634765625 0.015594482421875 0.0534553527832031
-0.014739990234375 0.219512939453125 0.007965087890625 0.0497093200683594
-0.0905609130859375 0.1917724609375 0.00451946258544921 0.0140781402587891
-0.146881103515625 0.168243408203125 0.0247879028320312 -0.00339698791503905
-0.225357055664063 0.0544281005859375 0.081268310546875 -0.0116806030273437
-0.263046264648438 -0.0377197265625 0.1151123046875 0.0500564575195313
-0.255096435546875 -0.078460693359375 0.111740112304688 0.136009216308594
-0.250625610351563 -0.138900756835938 -0.037933349609375 -0.0800094604492188
-0.25970458984375 -0.105743408203125 -0.0256748199462891 -0.0320968627929688
-0.249404907226563 -0.0430450439453125 0.0210094451904297 -0.014801025390625
-0.236679077148438 0.057952880859375 0.0153751373291015 -0.0232715606689453
-0.171234130859375 0.128173828125 0.0110549926757812 -0.0401954650878906
-0.0859527587890625 0.2081298828125 4.00543212890564E-05 -0.0177745819091797
-0.0027313232421875 0.212875366210938 -0.0125246047973633 -0.0166873931884765
0.00372314453125002 0.206893920898438 -0.0119438171386719 -0.0177230834960937
0.01531982421875 0.224288940429688 -0.0135068893432617 -0.0162229537963867
-0.026336669921875 0.227157592773438 -0.00467777252197266 -0.0135707855224609
-0.102706909179687 0.19183349609375 -0.00154304504394532 -0.0281505584716797
-0.157623291015625 0.164886474609375 0.0229969024658203 -0.0218467712402344
-0.232101440429688 0.0450286865234375 0.05877685546875 -0.0153274536132812
-0.26397705078125 -0.0420379638671876 0.0471153259277344 0.0476608276367188
-0.263320922851563 -0.081512451171875 0.0298233032226562 0.0951766967773438
-0.218673706054688 -0.107284545898437 -0.120338439941406 -0.114677429199219
-0.22528076171875 -0.0730438232421875 -0.0864791870117188 -0.0481719970703125
-0.2017822265625 -0.0251922607421875 -0.00219249725341798 -0.0165481567382813
-0.191665649414063 0.0498199462890625 0.0209503173828125 -0.0445404052734375
-0.142532348632813 0.108062744140625 0.0210647583007812 -0.0800399780273438
-0.0756072998046875 0.179916381835937 -0.000778198242187514 -0.0827255249023437
-0.00892639160156249 0.186813354492188 -0.031890869140625 -0.0884780883789062
0.00183105468750001 0.18096923828125 -0.0404434204101563 -0.0833816528320313
0.00532531738281252 0.200836181640625 -0.0341262817382813 -0.0795440673828125
-0.03729248046875 0.197799682617188 -0.0119857788085937 -0.0740203857421875
-0.104583740234375 0.158401489257813 4.95910644531164E-05 -0.0649681091308594
-0.149871826171875 0.129043579101563 0.0205459594726562 -0.0381965637207031
-0.196563720703125 0.0198516845703125 0.0335655212402344 -0.016021728515625
-0.225173950195313 -0.0478363037109375 -0.0180740356445313 0.0423622131347656
-0.2308349609375 -0.07489013671875 -0.0497322082519532 0.0497589111328125
-0.154571533203125 -0.0578765869140625 -0.186721801757812 -0.144256591796875
-0.145980834960938 -0.040008544921875 -0.13641357421875 -0.0616912841796875
-0.120758056640625 -0.0116806030273438 -0.0279712677001953 -0.0172023773193359
-0.119468688964844 0.0280303955078125 0.0168304443359375 -0.0593338012695313
-0.0965347290039063 0.0671005249023437 0.0224685668945312 -0.103057861328125
-0.05712890625 0.12841796875 -0.00670623779296874 -0.132041931152344
-0.0124053955078125 0.131439208984375 -0.0507049560546875 -0.145660400390625
-0.00235748291015625 0.129234313964844 -0.0594024658203125 -0.140899658203125
-0.00534057617187501 0.148651123046875 -0.0498580932617187 -0.134117126464844
-0.0405807495117188 0.137985229492188 -0.0106048583984375 -0.123023986816406
-0.0901870727539062 0.0978546142578125 0.00871276855468749 -0.092864990234375
-0.113235473632813 0.0724945068359375 0.0221176147460937 -0.0504341125488281
-0.1318359375 -0.00226593017578125 0.0102777481079101 -0.0137844085693359
-0.153167724609375 -0.0440521240234375 -0.0731964111328125 0.0301742553710937
-0.16522216796875 -0.0534820556640625 -0.113006591796875 0.00614166259765623
-0.0642280578613281 -0.00512313842773439 -0.229843139648438 -0.15771484375
-0.0462913513183594 -0.0113067626953125 -0.171279907226563 -0.06866455078125
-0.0306739807128906 -0.0126209259033203 -0.0515823364257813 -0.0137786865234375
-0.0406150817871094 -0.00888824462890625 0.0043792724609375 -0.0613441467285156
-0.0444831848144531 0.0130538940429687 0.0188827514648437 -0.109909057617188
-0.0350875854492188 0.0525779724121094 -0.0146484375 -0.16082763671875
-0.0170822143554687 0.0593833923339844 -0.0637054443359375 -0.182159423828125
-0.00570297241210938 0.0588569641113281 -0.074462890625 -0.17388916015625
-0.0123138427734375 0.0736312866210938 -0.052581787109375 -0.169525146484375
-0.0321693420410156 0.0606155395507813 -0.00189208984375002 -0.1544189453125
-0.0497360229492188 0.0308189392089844 0.021240234375 -0.106796264648438
-0.0483779907226563 0.0190887451171875 0.0260696411132812 -0.0518989562988281
-0.047271728515625 -0.0087890625 -0.00812053680419922 -0.0126819610595703
-0.0625381469726563 -0.0184249877929688 -0.11199951171875 0.0126571655273437
-0.0787734985351563 -0.0155868530273437 -0.15325927734375 -0.031646728515625
-0.0262031555175781 -0.0448379516601562 0.1854248046875 0.0025787353515625
-0.0420074462890625 -0.0427932739257813 0.130828857421875 -0.0200271606445313
-0.0581512451171875 -0.0084686279296875 0.0102081298828125 -0.0164804458618164
-0.0375518798828125 0.0258293151855469 -0.0365829467773438 0.0489921569824219
-0.0154685974121094 0.0252552032470703 -0.0424652099609375 0.101509094238281
0.00325775146484375 0.0211524963378906 0.00131225585937501 0.171600341796875
0.0166454315185547 0.0244541168212891 0.0670318603515625 0.194534301757813
0.0117511749267578 0.0235385894775391 0.0918731689453125 0.179351806640625
0.0197563171386719 0.0185642242431641 0.0759429931640625 0.176773071289063
0.0197582244873047 0.0321750640869141 0.029998779296875 0.164047241210937
0.0072021484375 0.0467529296875 0.0102081298828125 0.10406494140625
-0.0158119201660156 0.0523414611816406 0.0226287841796875 0.0492897033691406
-0.053497314453125 0.0272636413574219 0.0848541259765625 0.0301666259765625
-0.0525588989257813 -0.00400924682617188 0.2071533203125 0.05584716796875
-0.0279369354248047 -0.00567054748535156 0.256683349609375 0.190673828125
-0.122787475585938 -0.0909042358398437 0.165939331054688 0.00254821777343749
-0.13671875 -0.0752410888671875 0.120895385742188 -0.0113143920898438
-0.1468505859375 -0.026824951171875 0.0262699127197266 -0.0188522338867188
-0.123786926269531 0.04669189453125 -0.0287799835205078 0.034393310546875
-0.077392578125 0.076202392578125 -0.0406875610351563 0.078399658203125
-0.0241775512695312 0.102378845214844 -0.00253295898437501 0.153778076171875
0.0201034545898437 0.10491943359375 0.0550537109375 0.17620849609375
0.01873779296875 0.1004638671875 0.0806884765625 0.15850830078125
0.0284347534179688 0.102668762207031 0.0700531005859375 0.155380249023438
0.01190185546875 0.114814758300781 0.0325164794921875 0.14361572265625
-0.0287399291992188 0.112815856933594 0.0140609741210938 0.0853424072265625
-0.0686569213867188 0.106956481933594 0.0274829864501953 0.0348682403564453
-0.131172180175781 0.0435256958007812 0.0956268310546875 0.00943756103515625
-0.149154663085938 -0.0155029296875 0.203521728515625 0.0478515625
-0.131072998046875 -0.0327606201171875 0.242477416992187 0.182510375976563
-0.203323364257813 -0.126846313476563 0.116447448730469 -0.0144195556640625
-0.214630126953125 -0.101638793945313 0.0898056030273437 -0.012481689453125
-0.221420288085938 -0.04266357421875 0.0340194702148437 -0.0190258026123047
-0.198516845703125 0.060943603515625 -0.0132942199707031 0.0191230773925781
-0.131935119628906 0.117073059082031 -0.0273818969726563 0.0444869995117188
-0.0517578125 0.1695556640625 -0.00214385986328124 0.111732482910156
0.0196075439453125 0.171585083007813 0.0368118286132813 0.128311157226563
0.024017333984375 0.163589477539063 0.056488037109375 0.114479064941406
0.0366058349609375 0.172286987304687 0.0502395629882813 0.112457275390625
0.00746154785156248 0.182815551757813 0.0266265869140625 0.104347229003906
-0.056915283203125 0.170425415039063 0.0136070251464844 0.0539436340332031
-0.111053466796875 0.156417846679687 0.0286617279052734 0.0155715942382813
-0.192550659179688 0.0608367919921875 0.0933151245117188 -0.006988525390625
-0.227645874023438 -0.01953125 0.1724853515625 0.0434112548828125
-0.215072631835938 -0.05206298828125 0.195358276367188 0.16180419921875
-0.254074096679688 -0.139389038085938 0.0441741943359375 -0.0433692932128906
-0.265548706054688 -0.106292724609375 0.0369720458984375 -0.0180091857910156
-0.263839721679688 -0.04364013671875 0.0349693298339844 -0.018035888671875
-0.24017333984375 0.07330322265625 0.00462865829467772 -2.76565551757768E-05
-0.165664672851563 0.140792846679687 -0.00765752792358399 0.00341558456420899
-0.0696258544921875 0.211212158203125 0.000896453857421869 0.0503578186035156
0.0166015625 0.2110595703125 0.0138473510742188 0.0617408752441406
0.024078369140625 0.20147705078125 0.0238037109375 0.0530204772949219
0.0387725830078125 0.217147827148437 0.0204315185546875 0.0541114807128906
0.0016937255859375 0.2261962890625 0.0136184692382813 0.0510826110839844
-0.0778350830078125 0.204757690429687 0.00804424285888672 0.015355110168457
-0.13836669921875 0.184646606445313 0.026092529296875 -0.00364303588867186
-0.229339599609375 0.0697631835937499 0.0792236328125 -0.016448974609375
-0.272109985351563 -0.0207366943359375 0.12060546875 0.0424880981445313
-0.265106201171875 -0.061614990234375 0.123100280761719 0.132530212402344
-0.266647338867188 -0.127883911132813 -0.0413589477539063 -0.0771942138671875
-0.274429321289062 -0.0892333984375 -0.0268287658691406 -0.0278854370117188
-0.262298583984375 -0.02880859375 0.0220947265625 -0.0164222717285156
-0.238250732421875 0.0781097412109375 0.0181503295898437 -0.0228404998779297
-0.16632080078125 0.14410400390625 0.00936889648437499 -0.0422134399414062
-0.073699951171875 0.22021484375 0.00208854675292968 -0.019998550415039
0.011444091796875 0.219268798828125 -0.011627197265625 -0.0162649154663086
0.020355224609375 0.2098388671875 -0.0115442276000977 -0.0161342620849609
0.03326416015625 0.228866577148437 -0.0125894546508789 -0.0113554000854492
-0.0082855224609375 0.235610961914063 -0.00449180603027344 -0.0118465423583984
-0.092376708984375 0.206100463867188 -0.000116348266601569 -0.0275440216064453
-0.150543212890625 0.180648803710938 0.0215415954589844 -0.024017333984375
-0.233673095703125 0.0603485107421875 0.0570640563964844 -0.0187797546386719
-0.275894165039063 -0.0258636474609375 0.0523948669433594 0.0462760925292969
-0.274307250976563 -0.0661163330078125 0.0363235473632812 0.0971832275390625
-0.23492431640625 -0.0952606201171875 -0.126640319824219 -0.108840942382812
-0.234603881835937 -0.0582122802734375 -0.090667724609375 -0.04010009765625
-0.212295532226563 -0.012420654296875 -7.15255737304822E-05 -0.0168867111206055
-0.1939697265625 0.0677032470703125 0.019744873046875 -0.0447273254394531
-0.140228271484375 0.122169494628906 0.01702880859375 -0.0829696655273437
-0.06427001953125 0.19195556640625 -0.00413513183593751 -0.0858001708984375
0.0060882568359375 0.192413330078125 -0.036895751953125 -0.0889968872070312
0.0157623291015625 0.184722900390625 -0.0446701049804687 -0.0836334228515625
0.0218353271484375 0.206390380859375 -0.04046630859375 -0.0774612426757812
-0.0223541259765625 0.207931518554687 -0.0177001953125 -0.0737457275390625
-0.0973052978515625 0.172103881835937 -0.00269317626953125 -0.0680274963378906
-0.142959594726562 0.142669677734375 0.0197715759277344 -0.0417098999023437
-0.202682495117187 0.0346221923828125 0.0321083068847656 -0.0183506011962891
-0.2371826171875 -0.033843994140625 -0.0159912109375 0.0458221435546875
-0.241470336914062 -0.0610809326171875 -0.047698974609375 0.0567550659179687
-0.165267944335938 -0.0510406494140625 -0.197067260742188 -0.132858276367187
-0.153915405273437 -0.0288543701171875 -0.144607543945313 -0.0496063232421875
-0.128303527832031 -0.00544738769531251 -0.0268268585205078 -0.0161342620849609
-0.122489929199219 0.0385055541992188 0.01300048828125 -0.06036376953125
-0.0945816040039063 0.076629638671875 0.016082763671875 -0.107490539550781
-0.0479354858398438 0.135574340820313 -0.0146560668945312 -0.135810852050781
-0.00151062011718749 0.136634826660156 -0.059661865234375 -0.147216796875
0.00751495361328124 0.133148193359375 -0.070281982421875 -0.136978149414063
0.00723266601562499 0.152862548828125 -0.058868408203125 -0.133644104003906
-0.03076171875 0.146591186523438 -0.0207595825195313 -0.125274658203125
-0.0836563110351562 0.110855102539063 0.00271606445312498 -0.0968856811523438
-0.109230041503906 0.0838394165039062 0.0201797485351562 -0.0522003173828125
-0.1385498046875 0.00646209716796872 0.00886535644531249 -0.01556396484375
-0.162872314453125 -0.033905029296875 -0.0728302001953125 0.0367431640625
-0.173690795898437 -0.04345703125 -0.116706848144531 0.0155410766601563
-0.0669136047363281 -0.00503921508789063 -0.2432861328125 -0.145645141601562
-0.0496444702148438 -0.00889205932617186 -0.178466796875 -0.0548553466796875
-0.0335826873779297 -0.00931549072265625 -0.0513229370117188 -0.00991058349609375
-0.043609619140625 -0.00372695922851563 0.000392913818359377 -0.0629959106445313
-0.0463104248046875 0.0180473327636719 0.0103683471679688 -0.114639282226563
-0.030548095703125 0.0589637756347656 -0.0271759033203125 -0.163726806640625
-0.0118408203125 0.0611839294433594 -0.0780181884765625 -0.181777954101562
-0.000968933105468744 0.0615768432617188 -0.08673095703125 -0.171066284179687
-0.00507354736328125 0.076385498046875 -0.06500244140625 -0.168106079101563
-0.0262794494628906 0.0652809143066406 -0.01348876953125 -0.158615112304688
-0.0489234924316406 0.0379486083984375 0.013946533203125 -0.10992431640625
-0.0482864379882812 0.0234527587890625 0.0236244201660156 -0.0549163818359375
-0.0515251159667969 -0.00487899780273437 -0.0110321044921875 -0.0117549896240234
-0.0677986145019531 -0.0112571716308594 -0.113922119140625 0.0221786499023438
-0.0840301513671875 -0.0101089477539063 -0.161544799804688 -0.01934814453125
-0.0262336730957031 -0.0443153381347656 0.188796997070313 -0.0070648193359375
-0.0424079895019531 -0.0427627563476562 0.131767272949219 -0.0266189575195313
-0.0585060119628906 -0.008270263671875 0.0111980438232422 -0.0174551010131836
-0.0369720458984375 0.0248184204101562 -0.033416748046875 0.0495681762695313
-0.0156421661376953 0.0253086090087891 -0.0363998413085938 0.103134155273437
0.00174140930175781 0.0208454132080078 0.0113677978515625 0.17230224609375
0.0150375366210938 0.0235424041748047 0.07781982421875 0.191314697265625
0.0115680694580078 0.022216796875 0.100433349609375 0.17535400390625
0.0192108154296875 0.0169105529785156 0.0861663818359375 0.174484252929688
0.0209178924560547 0.0302410125732422 0.0385589599609375 0.164306640625
0.01025390625 0.0454292297363281 0.0159149169921875 0.105209350585938
-0.0125350952148438 0.0520668029785156 0.0237846374511719 0.0494117736816406
-0.0515708923339844 0.0298843383789063 0.085540771484375 0.027313232421875
-0.050140380859375 -0.000358581542968742 0.209274291992188 0.0451202392578125
-0.026092529296875 -0.00387001037597656 0.26507568359375 0.180191040039062
-0.126838684082031 -0.0865020751953125 0.169631958007813 -0.00460815429687501
-0.138626098632813 -0.0707321166992188 0.12359619140625 -0.0171966552734375
-0.149658203125 -0.0225830078125 0.0260448455810547 -0.0210037231445313
-0.122772216796875 0.05096435546875 -0.0251579284667969 0.035858154296875
-0.0759201049804688 0.0788421630859375 -0.0363082885742188 0.0801773071289063
-0.0212860107421875 0.103889465332031 0.0069122314453125 0.153900146484375
0.02362060546875 0.1048583984375 0.0655059814453125 0.173568725585938
0.02288818359375 0.0993881225585938 0.088775634765625 0.155364990234375
0.0328216552734375 0.100761413574219 0.0793914794921875 0.153457641601563
0.0173873901367188 0.113136291503906 0.0406341552734375 0.14459228515625
-0.0235137939453125 0.114982604980469 0.0195999145507813 0.0857925415039063
-0.0637054443359375 0.110450744628906 0.0296688079833984 0.0344505310058594
-0.130302429199219 0.049835205078125 0.0946578979492187 0.00653839111328125
-0.151138305664063 -0.00775146484375003 0.205657958984375 0.0376739501953125
-0.130805969238281 -0.0271759033203125 0.251235961914063 0.17236328125
-0.2100830078125 -0.118728637695313 0.120185852050781 -0.0195465087890625
-0.219680786132813 -0.0925750732421875 0.0924301147460937 -0.01513671875
-0.225784301757813 -0.0350189208984375 0.0357093811035156 -0.0213699340820313
-0.197113037109375 0.069580078125 -0.00957489013671876 0.0191745758056641
-0.129348754882813 0.123382568359375 -0.0236358642578125 0.0457572937011719
-0.044708251953125 0.17279052734375 0.0059967041015625 0.110015869140625
0.0270233154296875 0.172119140625 0.0444564819335938 0.126632690429688
0.03118896484375 0.1632080078125 0.06317138671875 0.112693786621094
0.044952392578125 0.171234130859375 0.0578842163085937 0.111663818359375
0.01739501953125 0.183319091796875 0.0329132080078125 0.105339050292969
-0.048248291015625 0.174972534179688 0.0172843933105469 0.0552825927734375
-0.103927612304688 0.162200927734375 0.0310916900634766 0.0160713195800781
-0.192520141601563 0.0700225830078125 0.091156005859375 -0.00983428955078125
-0.230743408203125 -0.00799560546874998 0.174224853515625 0.03485107421875
-0.216461181640625 -0.0426025390625 0.203445434570312 0.15460205078125
-0.262451171875 -0.129318237304688 0.0469970703125 -0.0439682006835938
-0.271102905273438 -0.093170166015625 0.0406227111816406 -0.0181121826171875
-0.269821166992188 -0.03240966796875 0.0354347229003906 -0.0188446044921875
-0.239181518554688 0.0851898193359375 0.0079817771911621 0.00027847290039063
-0.161605834960937 0.15087890625 -0.00596952438354493 0.00282716751098634
-0.0604248046875 0.216949462890625 0.00648880004882812 0.0480232238769531
0.0262298583984375 0.212921142578125 0.0190010070800781 0.0599555969238281
0.035125732421875 0.202377319335938 0.0286674499511719 0.0525588989257813
0.050567626953125 0.215972900390625 0.0258407592773438 0.0542869567871094
0.013580322265625 0.227920532226562 0.016998291015625 0.0520553588867188
-0.068084716796875 0.211715698242188 0.0103244781494141 0.0153436660766602
-0.131118774414063 0.193328857421875 0.027618408203125 -0.00390052795410155
-0.2296142578125 0.0813446044921874 0.076446533203125 -0.0185699462890625
-0.278213500976563 -0.00709533691406255 0.12188720703125 0.0381622314453125
-0.2684326171875 -0.05047607421875 0.130203247070312 0.129203796386719
-0.275772094726563 -0.116729736328125 -0.0401840209960938 -0.0746078491210938
-0.28057861328125 -0.0757904052734375 -0.0242271423339844 -0.0244560241699219
-0.268218994140625 -0.0189056396484375 0.0227680206298828 -0.0173797607421875
-0.238357543945312 0.0912322998046875 0.0191478729248047 -0.0228004455566406
-0.1624755859375 0.155548095703125 0.00872421264648436 -0.0440521240234375
-0.06256103515625 0.225357055664062 0.00258827209472656 -0.0223903656005859
0.0229034423828125 0.221511840820313 -0.0102758407592773 -0.0158233642578125
0.033233642578125 0.2100830078125 -0.010406494140625 -0.0156307220458984
0.046234130859375 0.229354858398438 -0.0105056762695312 -0.0106315612792969
0.00386047363281252 0.238449096679688 -0.00356006622314453 -0.0107192993164062
-0.0823516845703125 0.21527099609375 -0.000162124633789065 -0.0282707214355469
-0.143310546875 0.189971923828125 0.0223464965820312 -0.0243759155273437
-0.235336303710938 0.0711822509765625 0.0543022155761719 -0.0204391479492187
-0.28265380859375 -0.012481689453125 0.0555610656738281 0.0451431274414063
-0.27899169921875 -0.053924560546875 0.0414962768554687 0.0974349975585938
-0.2432861328125 -0.0864410400390625 -0.12774658203125 -0.102531433105469
-0.24066162109375 -0.047210693359375 -0.08966064453125 -0.0330047607421875
-0.218521118164063 -0.0032501220703125 0.00122928619384764 -0.0166816711425781
-0.19451904296875 0.079681396484375 0.0204010009765625 -0.0457954406738281
-0.135894775390625 0.133125305175781 0.0145034790039062 -0.084503173828125
-0.05419921875 0.198043823242188 -0.00698852539062499 -0.0881423950195312
0.016632080078125 0.194869995117188 -0.0398330688476562 -0.0891036987304687
0.0264434814453125 0.186492919921875 -0.0474090576171875 -0.0812225341796875
0.0340423583984375 0.207260131835938 -0.0422210693359375 -0.0756683349609375
-0.010162353515625 0.21026611328125 -0.0205307006835938 -0.07232666015625
-0.0886993408203125 0.180740356445313 -0.00496673583984376 -0.0675315856933594
-0.136566162109375 0.152175903320312 0.0187339782714844 -0.0418014526367187
-0.20538330078125 0.043975830078125 0.0292472839355469 -0.0181007385253906
-0.244171142578125 -0.022216796875 -0.0133819580078125 0.0475120544433594
-0.2464599609375 -0.05035400390625 -0.0451202392578125 0.0612831115722656
-0.170989990234375 -0.04461669921875 -0.200668334960938 -0.123947143554687
-0.158920288085937 -0.0210113525390625 -0.144271850585938 -0.040557861328125
-0.133613586425781 0.000793457031249989 -0.0253143310546875 -0.0146503448486328
-0.124114990234375 0.0469589233398438 0.0115699768066406 -0.0602264404296875
-0.0922012329101562 0.0850601196289063 0.0115509033203125 -0.110038757324219
-0.040130615234375 0.13995361328125 -0.020721435546875 -0.137802124023438
0.00739288330078125 0.139358520507813 -0.067169189453125 -0.145584106445313
0.0163650512695313 0.134773254394531 -0.0763473510742187 -0.1348876953125
0.0172119140625 0.153564453125 -0.0638809204101562 -0.130165100097656
-0.021148681640625 0.15045166015625 -0.026275634765625 -0.124397277832031
-0.0788497924804688 0.117507934570312 -0.000892639160156248 -0.0971145629882813
-0.105491638183594 0.0913009643554688 0.0183677673339844 -0.0529594421386719
-0.14080810546875 0.0133819580078125 0.00602149963378905 -0.014958381652832
-0.169036865234375 -0.024566650390625 -0.071441650390625 0.0417709350585938
-0.178421020507813 -0.0361328125 -0.117446899414063 0.021759033203125
-0.07080078125 -0.00235748291015625 -0.248306274414062 -0.135604858398438
-0.0530776977539062 -0.00618743896484375 -0.18048095703125 -0.044342041015625
-0.0368537902832031 -0.00830841064453126 -0.0504722595214844 -0.00725173950195311
-0.0468254089355469 0.000404357910156252 -0.001129150390625 -0.0638771057128906
-0.0460357666015625 0.0228843688964844 0.00461578369140624 -0.1168212890625
-0.0268020629882813 0.0626564025878906 -0.035308837890625 -0.164566040039063
-0.00632858276367187 0.0645637512207031 -0.0876007080078125 -0.178787231445313
0.00376510620117188 0.0625839233398438 -0.09527587890625 -0.167617797851562
0.0019378662109375 0.0771484375 -0.0730743408203125 -0.16632080078125
-0.0208358764648437 0.0685615539550781 -0.0210113525390625 -0.157318115234375
-0.046478271484375 0.0421028137207031 0.00905609130859375 -0.110527038574219
-0.0472564697265625 0.0277519226074219 0.0219383239746094 -0.0553245544433594
-0.0529060363769531 -0.000968933105468742 -0.0138950347900391 -0.0098867416381836
-0.0718154907226563 -0.00653076171875 -0.113441467285156 0.0290756225585938
-0.0871124267578125 -0.00731658935546874 -0.164840698242188 -0.0120391845703125
-0.0253982543945313 -0.0442466735839844 0.192764282226563 -0.0120391845703125
-0.04254150390625 -0.0448150634765625 0.13494873046875 -0.031494140625
-0.0593338012695313 -0.00897216796874999 0.0123481750488281 -0.0187110900878906
-0.0368461608886719 0.0233230590820313 -0.0308303833007813 0.0498428344726563
-0.0166473388671875 0.0236415863037109 -0.0333786010742188 0.104927062988281
0.000526428222656251 0.0205135345458984 0.0176849365234375 0.17352294921875
0.0137062072753906 0.0227775573730469 0.08489990234375 0.191085815429687
0.0105304718017578 0.0213890075683594 0.106948852539062 0.175567626953125
0.0177326202392578 0.0154819488525391 0.0923309326171875 0.175888061523438
0.0213050842285156 0.0285224914550781 0.044036865234375 0.167205810546875
0.0120849609375 0.0443267822265625 0.018463134765625 0.107894897460938
-0.0103759765625 0.05120849609375 0.0246124267578125 0.0505409240722656
-0.0501480102539063 0.0320625305175781 0.08642578125 0.0265884399414063
-0.048858642578125 0.00175476074218751 0.211685180664062 0.0399322509765625
-0.0242042541503906 -0.00289726257324218 0.270401000976563 0.1771240234375
-0.129432678222656 -0.0846328735351563 0.174835205078125 -0.008514404296875
-0.140350341796875 -0.0702743530273438 0.127700805664062 -0.0207977294921875
-0.15289306640625 -0.02203369140625 0.0279521942138672 -0.0227146148681641
-0.124252319335937 0.0526580810546875 -0.0222434997558594 0.0358543395996094
-0.0772476196289063 0.0815505981445313 -0.0325241088867188 0.080780029296875
-0.0211868286132812 0.105415344238281 0.01312255859375 0.154251098632813
0.0252761840820313 0.105690002441406 0.0727386474609375 0.173324584960938
0.0256271362304688 0.0994720458984375 0.0951385498046875 0.15545654296875
0.0345306396484375 0.101036071777344 0.0860137939453125 0.154083251953125
0.0205459594726563 0.113441467285156 0.0466766357421875 0.147857666015625
-0.0197525024414062 0.117233276367188 0.0225372314453125 0.0879592895507813
-0.06158447265625 0.11285400390625 0.0305061340332031 0.0360679626464844
-0.131027221679688 0.0534286499023437 0.094635009765625 0.00656890869140625
-0.153564453125 -0.00338745117187502 0.208251953125 0.03302001953125
-0.131362915039062 -0.0242538452148437 0.257431030273438 0.17022705078125
-0.21588134765625 -0.116256713867188 0.125679016113281 -0.0224761962890625
-0.223114013671875 -0.0898284912109375 0.0968093872070312 -0.0168838500976563
-0.231704711914063 -0.0328369140625 0.0374412536621094 -0.0229949951171875
-0.19891357421875 0.0743865966796875 -0.00610733032226564 0.0192413330078125
-0.129745483398438 0.128334045410156 -0.0209770202636719 0.0459022521972656
-0.04229736328125 0.17645263671875 0.010986328125 0.109268188476563
0.03173828125 0.174957275390625 0.0510940551757813 0.126914978027344
0.0369110107421875 0.16448974609375 0.0687637329101563 0.112823486328125
0.050140380859375 0.172805786132812 0.0639266967773438 0.112327575683594
0.02288818359375 0.185592651367187 0.0376358032226563 0.107666015625
-0.0440826416015625 0.179916381835937 0.0201454162597656 0.0565338134765625
-0.101455688476563 0.167861938476563 0.0318012237548828 0.0172519683837891
-0.195053100585938 0.0760345458984375 0.0904464721679687 -0.00937652587890624
-0.235458374023437 -0.00143432617187502 0.177352905273437 0.0313873291015625
-0.218841552734375 -0.03857421875 0.210235595703125 0.15435791015625
-0.27105712890625 -0.125686645507812 0.0519294738769531 -0.0451393127441406
-0.276336669921875 -0.0890808105468749 0.0447959899902344 -0.0176315307617188
-0.277069091796875 -0.029327392578125 0.0374908447265625 -0.0207176208496094
-0.242279052734375 0.092376708984375 0.0109529495239258 0.000239372253417974
-0.161056518554687 0.158035278320313 -0.00445699691772462 0.00139999389648439
-0.0560760498046875 0.222244262695312 0.00956344604492187 0.0462799072265625
0.0329437255859375 0.216079711914063 0.023101806640625 0.0595626831054688
0.04156494140625 0.204269409179688 0.0323867797851562 0.0532112121582031
0.0573577880859375 0.218093872070312 0.0302963256835938 0.0548667907714844
0.02142333984375 0.2314453125 0.0205764770507813 0.0533523559570313
-0.0631103515625 0.218765258789063 0.0124673843383789 0.0164585113525391
-0.12847900390625 0.200164794921875 0.0287647247314453 -0.00380706787109374
-0.23431396484375 0.0882720947265625 0.0748672485351562 -0.0182342529296875
-0.28411865234375 0.000885009765624978 0.124595642089844 0.0369110107421875
-0.273147583007813 -0.0456237792968749 0.134712219238281 0.130271911621094
-0.2850341796875 -0.112823486328125 -0.0372772216796875 -0.0735931396484375
-0.287078857421875 -0.069580078125 -0.020986557006836 -0.0217552185058594
-0.277145385742188 -0.013397216796875 0.025115966796875 -0.0178623199462891
-0.240921020507813 0.1005859375 0.0224361419677734 -0.0223464965820312
-0.161346435546875 0.164443969726563 0.00910568237304687 -0.0456085205078125
-0.057586669921875 0.231658935546875 0.00439834594726562 -0.0256538391113281
0.0304107666015625 0.22540283203125 -0.00926876068115234 -0.0165119171142578
0.0404510498046875 0.212966918945312 -0.00894832611083984 -0.0150289535522461
0.0552520751953125 0.231277465820313 -0.0085153579711914 -0.0105247497558594
0.012603759765625 0.242904663085938 -0.00211334228515625 -0.00953197479248045
-0.0777130126953125 0.223129272460938 0.00145149230957031 -0.0277328491210937
-0.140777587890625 0.198226928710938 0.0229167938232422 -0.0242347717285156
-0.241043090820312 0.0783843994140625 0.05291748046875 -0.0198593139648437
-0.2899169921875 -0.00479125976562498 0.0565528869628906 0.0455169677734375
-0.284149169921875 -0.0492553710937501 0.0448226928710937 0.0997543334960937
-0.252471923828125 -0.08306884765625 -0.126853942871094 -0.100532531738281
-0.246978759765625 -0.041900634765625 -0.0881805419921875 -0.0283584594726563
-0.226318359375 0.00155639648437498 0.00306701660156249 -0.0159387588500977
-0.197097778320312 0.0877227783203125 0.0222358703613281 -0.0452537536621094
-0.134963989257813 0.140899658203125 0.013641357421875 -0.0870819091796875
-0.0490570068359375 0.203964233398438 -0.007537841796875 -0.0916595458984375
0.02435302734375 0.19903564453125 -0.0413055419921875 -0.0899200439453125
0.033966064453125 0.18914794921875 -0.0476913452148438 -0.0807876586914062
0.0430755615234375 0.209564208984375 -0.0428009033203125 -0.0757064819335937
-0.00213623046875002 0.215362548828125 -0.0205841064453125 -0.0722427368164062
-0.08514404296875 0.1883544921875 -0.00519943237304688 -0.0685882568359375
-0.135345458984375 0.159927368164063 0.0190887451171875 -0.04241943359375
-0.210784912109375 0.0504150390625 0.0274906158447265 -0.0170974731445312
-0.251998901367188 -0.015350341796875 -0.0120429992675781 0.0497932434082031
-0.252090454101563 -0.04632568359375 -0.0442466735839844 0.0637359619140625
-0.177993774414062 -0.042938232421875 -0.202117919921875 -0.12078857421875
-0.163742065429688 -0.0173797607421875 -0.143936157226563 -0.035064697265625
-0.139816284179688 0.00393676757812499 -0.0242214202880859 -0.0132770538330078
-0.12652587890625 0.053802490234375 0.0124282836914063 -0.0609321594238281
-0.091949462890625 0.0923080444335938 0.00951385498046875 -0.112548828125
-0.0350341796875 0.144805908203125 -0.0246124267578125 -0.140884399414063
0.0136566162109375 0.143386840820312 -0.0714111328125 -0.145553588867188
0.0224227905273438 0.137138366699219 -0.0801773071289063 -0.134101867675781
0.0247955322265625 0.155853271484375 -0.0665359497070313 -0.130935668945313
-0.0151824951171875 0.1541748046875 -0.0293960571289063 -0.124832153320313
-0.0763702392578125 0.12396240234375 -0.00242614746093751 -0.098968505859375
-0.104339599609375 0.0973968505859375 0.0186920166015625 -0.0544281005859375
-0.145370483398438 0.018463134765625 0.00415420532226562 -0.0129060745239258
-0.175430297851563 -0.0189971923828125 -0.0720443725585938 0.0451736450195313
-0.184051513671875 -0.0326080322265625 -0.118942260742188 0.0259857177734375
-0.0742416381835938 -0.00252532958984376 -0.25164794921875 -0.13165283203125
-0.0566215515136719 -0.00508117675781249 -0.182647705078125 -0.038787841796875
-0.0405120849609375 -0.00765991210937499 -0.049652099609375 -0.00583267211914062
-0.0491104125976563 0.00382232666015625 -0.00214767456054688 -0.0637664794921875
-0.0463600158691406 0.0273284912109375 0.0015106201171875 -0.119216918945313
-0.0236053466796875 0.0649261474609375 -0.04046630859375 -0.1668701171875
-0.00235748291015625 0.0667953491210938 -0.0940093994140625 -0.179580688476563
0.00737762451171875 0.0646476745605469 -0.100143432617188 -0.16766357421875
0.0062713623046875 0.0784759521484375 -0.0771636962890625 -0.16680908203125
-0.0165023803710938 0.0714111328125 -0.0258026123046875 -0.158432006835938
-0.0456619262695312 0.0463981628417969 0.0069732666015625 -0.112289428710938
-0.0466690063476562 0.0312919616699219 0.0209732055664062 -0.0565299987792969
-0.0556182861328125 0.0023956298828125 -0.0148849487304688 -0.00798702239990234
-0.0765838623046875 -0.00291442871093751 -0.115386962890625 0.0331878662109375
-0.0907440185546875 -0.00514221191406251 -0.168472290039063 -0.00758361816406249
-0.0248870849609375 -0.04547119140625 0.201690673828125 -0.0157928466796875
-0.0435791015625 -0.0478172302246094 0.141250610351563 -0.0366973876953125
-0.0610923767089844 -0.0103759765625 0.0137748718261719 -0.0212497711181641
-0.0390968322753906 0.0220184326171875 -0.030059814453125 0.0507774353027344
-0.0186519622802734 0.0233230590820313 -0.03167724609375 0.108596801757813
-0.00131034851074219 0.0208454132080078 0.0237884521484375 0.17864990234375
0.0124568939208984 0.0234909057617188 0.0931854248046875 0.19586181640625
0.00986480712890625 0.0214004516601562 0.115386962890625 0.179351806640625
0.0169124603271484 0.0148401260375977 0.10137939453125 0.181488037109375
0.0214920043945312 0.0273513793945312 0.0507354736328125 0.174392700195313
0.0140914916992187 0.0437202453613281 0.0213623046875 0.113540649414063
-0.00912094116210938 0.0521163940429688 0.0255279541015625 0.0535659790039063
-0.0494766235351563 0.0341148376464844 0.0892333984375 0.0268325805664063
-0.0479774475097656 0.00352096557617188 0.218154907226563 0.0366363525390625
-0.0223579406738281 -0.00207901000976563 0.28228759765625 0.179595947265625
-0.134803771972656 -0.085601806640625 0.184326171875 -0.011810302734375
-0.14544677734375 -0.07159423828125 0.1353759765625 -0.024658203125
-0.160125732421875 -0.022125244140625 0.0300464630126953 -0.0254611968994141
-0.128890991210938 0.0546188354492188 -0.020233154296875 0.0364341735839844
-0.0796127319335938 0.0850296020507812 -0.0313568115234375 0.0834884643554688
-0.021270751953125 0.1102294921875 0.0184173583984375 0.157211303710938
0.0270309448242187 0.109817504882813 0.080535888671875 0.17694091796875
0.0271987915039062 0.103172302246094 0.103713989257813 0.1591796875
0.0375289916992188 0.1036376953125 0.094268798828125 0.1591796875
0.0237884521484375 0.116020202636719 0.0531768798828125 0.153793334960938
-0.0176162719726562 0.121437072753906 0.0262222290039063 0.0924758911132813
-0.0613250732421875 0.118003845214844 0.0317115783691406 0.0386466979980469
-0.135002136230469 0.0587692260742187 0.097320556640625 0.00708770751953125
-0.157608032226563 0.000442504882812528 0.215301513671875 0.030059814453125
-0.134590148925781 -0.0234298706054688 0.27020263671875 0.173797607421875
-0.225799560546875 -0.117141723632812 0.133544921875 -0.024505615234375
-0.23199462890625 -0.0898284912109375 0.104606628417969 -0.0182723999023438
-0.2435302734375 -0.031951904296875 0.0403976440429687 -0.0254287719726563
-0.206710815429688 0.080291748046875 -0.00292587280273439 0.0197982788085938
-0.133720397949219 0.13507080078125 -0.0190849304199219 0.0464591979980469
-0.041229248046875 0.184555053710938 0.0160064697265625 0.110343933105469
0.0368804931640625 0.181716918945312 0.057586669921875 0.129348754882812
0.0415191650390625 0.169784545898437 0.075653076171875 0.115806579589844
0.055877685546875 0.178359985351563 0.0712966918945313 0.116004943847656
0.0287322998046875 0.19195556640625 0.04376220703125 0.113700866699219
-0.0409393310546875 0.188079833984375 0.023590087890625 0.0595588684082031
-0.101730346679688 0.17724609375 0.0347442626953125 0.0187797546386719
-0.203018188476563 0.0843200683593751 0.0922317504882812 -0.00890350341796874
-0.245758056640625 0.00427246093750001 0.1832275390625 0.029693603515625
-0.226852416992188 -0.0361175537109375 0.221237182617187 0.157821655273437
-0.285308837890625 -0.12591552734375 0.05810546875 -0.0472755432128906
-0.287841796875 -0.08782958984375 0.0515022277832031 -0.018035888671875
-0.2921142578125 -0.025543212890625 0.040557861328125 -0.022613525390625
-0.250762939453125 0.101119995117188 0.0157356262207031 -0.000927925109863275
-0.164901733398438 0.169082641601563 -0.00291156768798829 0.000480413436889659
-0.05401611328125 0.231979370117187 0.0128211975097656 0.0448341369628906
0.040008544921875 0.225021362304687 0.0277328491210938 0.0603561401367188
0.0489044189453125 0.211456298828125 0.0374336242675781 0.0547752380371094
0.0655364990234375 0.225799560546875 0.0358428955078125 0.0565643310546875
0.028533935546875 0.240631103515625 0.0250816345214844 0.056304931640625
-0.06011962890625 0.2305908203125 0.0151691436767578 0.0173931121826172
-0.129196166992188 0.211898803710937 0.0314445495605469 -0.00355911254882811
-0.244369506835937 0.097259521484375 0.0762176513671875 -0.0173492431640625
-0.2972412109375 0.00720214843750001 0.129669189453125 0.0365524291992188
-0.283721923828125 -0.04327392578125 0.14337158203125 0.134567260742188
-0.30029296875 -0.1126708984375 -0.0343475341796875 -0.075408935546875
-0.2996826171875 -0.067291259765625 -0.0174007415771485 -0.0208358764648438
-0.29229736328125 -0.00878906249999994 0.0279254913330078 -0.0189495086669922
-0.250320434570313 0.110809326171875 0.0266132354736328 -0.0235996246337891
-0.164993286132813 0.177093505859375 0.0105247497558594 -0.0484504699707031
-0.0543060302734375 0.242904663085938 0.005523681640625 -0.0296077728271484
0.03857421875 0.234420776367188 -0.00744056701660156 -0.0182723999023437
0.0489044189453125 0.220108032226563 -0.00684356689453125 -0.0146799087524414
0.06427001953125 0.239578247070312 -0.00609397888183593 -0.0111703872680664
0.021728515625 0.2529296875 -0.000542163848876952 -0.00876331329345702
-0.0744476318359375 0.235641479492188 0.00251388549804687 -0.0291175842285156
-0.142318725585937 0.210891723632813 0.0253028869628906 -0.0254116058349609
-0.251617431640625 0.0877838134765625 0.0532569885253906 -0.01861572265625
-0.3038330078125 0.00186157226562505 0.060150146484375 0.0471343994140625
-0.29632568359375 -0.04681396484375 0.049468994140625 0.104606628417969
-0.266815185546875 -0.082061767578125 -0.127784729003906 -0.102485656738281
-0.259658813476563 -0.038909912109375 -0.0877151489257813 -0.0262451171875
-0.240066528320312 0.00596618652343748 0.00511074066162108 -0.016331672668457
-0.204193115234375 0.09844970703125 0.0258140563964844 -0.0467643737792969
-0.136627197265625 0.152984619140625 0.0139007568359375 -0.0910110473632813
-0.0443267822265625 0.21392822265625 -0.00925445556640624 -0.097259521484375
0.0325927734375 0.207138061523438 -0.0431976318359375 -0.0920944213867187
0.0418853759765625 0.196304321289063 -0.0491409301757812 -0.0824356079101562
0.0522613525390625 0.216827392578125 -0.0434494018554688 -0.0784454345703125
0.00563049316406248 0.224807739257812 -0.021942138671875 -0.0737838745117187
-0.0831451416015625 0.200714111328125 -0.00537872314453126 -0.0713882446289062
-0.137176513671875 0.171035766601563 0.0206565856933594 -0.0442276000976562
-0.221298217773438 0.0583038330078125 0.0270519256591797 -0.0155296325683594
-0.265182495117188 -0.00814819335937496 -0.0116767883300781 0.0531082153320313
-0.263687133789063 -0.0439300537109375 -0.0444755554199219 0.0684852600097656
-0.189453125 -0.0424652099609375 -0.207321166992188 -0.122512817382812
-0.173187255859375 -0.015167236328125 -0.14678955078125 -0.031158447265625
-0.150161743164062 0.00726318359374999 -0.0234737396240234 -0.0129508972167969
-0.132240295410156 0.061553955078125 0.0139503479003906 -0.0625495910644531
-0.0931167602539063 0.101722717285156 0.0081024169921875 -0.117935180664063
-0.031646728515625 0.152557373046875 -0.028594970703125 -0.147415161132813
0.0211181640625 0.1492919921875 -0.075927734375 -0.15020751953125
0.02899169921875 0.142288208007813 -0.0838699340820313 -0.137596130371094
0.032073974609375 0.161239624023438 -0.0701751708984375 -0.135063171386719
-0.00964355468749998 0.161468505859375 -0.03240966796875 -0.128326416015625
-0.0751876831054688 0.133598327636719 -0.0032501220703125 -0.102836608886719
-0.105995178222656 0.105300903320312 0.0193214416503906 -0.0557441711425781
-0.153305053710937 0.0241851806640625 0.00375080108642577 -0.011387825012207
-0.186080932617188 -0.0139007568359375 -0.073974609375 0.0499343872070313
-0.193557739257812 -0.0314788818359375 -0.123558044433594 0.0295028686523438
-0.0804290771484375 -0.00232696533203124 -0.2601318359375 -0.133453369140625
-0.062347412109375 -0.00460052490234375 -0.187759399414062 -0.0354156494140625
-0.045684814453125 -0.00685501098632812 -0.0491905212402344 -0.00475311279296876
-0.0533409118652344 0.00798797607421875 -0.0016632080078125 -0.0668106079101563
-0.0474395751953125 0.0325241088867188 -0.00100708007812501 -0.1248779296875
-0.0216445922851563 0.0693244934082031 -0.0465850830078125 -0.172439575195313
0.00225067138671875 0.0704345703125 -0.101669311523437 -0.184158325195312
0.0120849609375 0.0671806335449219 -0.107284545898437 -0.171661376953125
0.0114669799804687 0.0813751220703125 -0.08258056640625 -0.1722412109375
-0.0135040283203125 0.0755386352539063 -0.0301666259765625 -0.163681030273438
-0.0447158813476562 0.05218505859375 0.00543975830078125 -0.116569519042969
-0.046875 0.0354576110839844 0.0212974548339844 -0.0587730407714844
-0.0593414306640625 0.00543975830078124 -0.0170764923095703 -0.00622653961181641
-0.081787109375 0.00128936767578126 -0.119132995605469 0.0384521484375
-0.0970077514648437 -0.00281524658203124 -0.176544189453125 -0.00471496582031248
-0.0241889953613281 -0.0470619201660156 0.214157104492188 -0.023834228515625
-0.0457801818847656 -0.0502777099609375 0.149505615234375 -0.0459136962890625
-0.0646553039550781 -0.0115890502929688 0.01422119140625 -0.0243759155273438
-0.0413322448730469 0.0221824645996094 -0.0291709899902344 0.0526161193847656
-0.0216846466064453 0.0242900848388672 -0.0281829833984375 0.114936828613281
-0.00304603576660156 0.0214271545410156 0.0335235595703125 0.18646240234375
0.0117168426513672 0.0245361328125 0.10699462890625 0.20172119140625
0.00927925109863281 0.0222911834716797 0.129714965820313 0.18499755859375
0.0164461135864258 0.0145673751831055 0.115798950195313 0.18829345703125
0.0227241516113281 0.0265579223632813 0.0622406005859375 0.184249877929688
0.0173377990722656 0.0436363220214844 0.0274734497070313 0.120307922363281
-0.00695800781249999 0.0537338256835937 0.0285758972167969 0.0578651428222656
-0.0483779907226563 0.0379714965820313 0.09454345703125 0.025970458984375
-0.0476455688476563 0.00519943237304688 0.22991943359375 0.0287933349609375
-0.020782470703125 -0.00130462646484375 0.303497314453125 0.18048095703125
-0.143630981445313 -0.0853729248046875 0.19732666015625 -0.0187835693359375
-0.154632568359375 -0.0717010498046875 0.144805908203125 -0.0319976806640625
-0.170791625976563 -0.0197296142578125 0.0318145751953125 -0.0292263031005859
-0.1353759765625 0.061248779296875 -0.0180130004882813 0.0379905700683594
-0.083038330078125 0.0925445556640625 -0.0286941528320313 0.0882568359375
-0.0200042724609375 0.117225646972656 0.0275115966796875 0.163314819335938
0.031768798828125 0.115447998046875 0.0936431884765625 0.182113647460938
0.03216552734375 0.107353210449219 0.117767333984375 0.164352416992188
0.0428314208984375 0.108123779296875 0.10906982421875 0.164840698242188
0.0299835205078125 0.121200561523438 0.06494140625 0.162612915039063
-0.0129241943359375 0.127937316894531 0.0328521728515625 0.0983352661132813
-0.0596160888671875 0.126945495605469 0.0362930297851562 0.041534423828125
-0.139945983886719 0.0682754516601563 0.102027893066406 0.00583648681640625
-0.165451049804688 0.00700378417968753 0.227325439453125 0.0237579345703125
-0.141143798828125 -0.0197906494140625 0.291351318359375 0.17578125
-0.242660522460937 -0.11444091796875 0.145004272460938 -0.03082275390625
-0.24676513671875 -0.0870361328124999 0.113883972167969 -0.0242843627929688
-0.261077880859375 -0.025634765625 0.0436592102050781 -0.029693603515625
-0.216659545898438 0.0919952392578125 0.000743865966796861 0.0193557739257813
-0.137039184570313 0.149368286132812 -0.0167350769042969 0.0482101440429688
-0.037567138671875 0.197601318359375 0.0227432250976562 0.112861633300781
0.04541015625 0.19085693359375 0.06829833984375 0.132415771484375
0.05084228515625 0.177734375 0.088226318359375 0.118934631347656
0.066497802734375 0.185897827148438 0.0831756591796875 0.119514465332031
0.0396270751953125 0.201431274414063 0.0542678833007812 0.119522094726563
-0.0351104736328125 0.201126098632812 0.0296859741210938 0.0637435913085938
-0.100677490234375 0.190902709960938 0.0385055541992187 0.020294189453125
-0.211807250976563 0.0981903076171875 0.0964584350585938 -0.0093841552734375
-0.259384155273438 0.0151519775390624 0.194015502929687 0.0248870849609375
-0.240631103515625 -0.0306549072265625 0.239990234375 0.161041259765625
-0.307464599609375 -0.121551513671875 0.0652084350585937 -0.0524635314941406
-0.30731201171875 -0.0816650390625 0.058624267578125 -0.0205230712890625
-0.313568115234375 -0.01678466796875 0.0439338684082031 -0.0260543823242188
-0.262435913085938 0.117477416992187 0.0195808410644531 -0.00188827514648437
-0.168014526367188 0.18634033203125 -0.000695347785949717 -0.000539124011993397
-0.0471343994140625 0.248703002929688 0.0167045593261719 0.04412841796875
0.0522613525390625 0.236801147460938 0.0338859558105469 0.0615768432617188
0.0619354248046875 0.220962524414063 0.0449142456054688 0.0557861328125
0.08062744140625 0.235458374023438 0.0427169799804688 0.0570564270019531
0.04248046875 0.25323486328125 0.0312614440917969 0.0599555969238281
-0.0532073974609375 0.24786376953125 0.0190544128417969 0.0185203552246094
-0.128250122070312 0.230850219726563 0.0349655151367187 -0.00323295593261717
-0.256698608398438 0.114028930664063 0.0794143676757812 -0.0173797607421875
-0.315155029296875 0.020843505859375 0.137313842773437 0.0343780517578125
-0.301544189453125 -0.03619384765625 0.157394409179687 0.139633178710938
-0.324462890625 -0.107208251953125 -0.0334320068359375 -0.0793228149414063
-0.320526123046875 -0.0596618652343749 -0.0133743286132813 -0.0204544067382813
-0.315032958984375 0.00262451171875006 0.0311927795410156 -0.0215263366699219
-0.261428833007813 0.12982177734375 0.031076431274414 -0.0260963439941406
-0.166275024414063 0.196136474609375 0.0110397338867187 -0.0532798767089844
-0.046234130859375 0.25982666015625 0.00515174865722656 -0.0334434509277344
0.0528411865234375 0.24664306640625 -0.00618171691894531 -0.0199871063232422
0.06256103515625 0.230926513671875 -0.00435352325439453 -0.016169548034668
0.0811309814453125 0.25079345703125 -0.00397777557373046 -0.012293815612793
0.0352630615234375 0.266876220703125 0.00172662734985352 -0.00833749771118163
-0.068389892578125 0.255416870117187 0.00396919250488281 -0.0306377410888672
-0.14215087890625 0.2310791015625 0.0278244018554687 -0.0271587371826172
-0.266326904296875 0.105026245117188 0.0552902221679687 -0.017669677734375
-0.323211669921875 0.015869140625 0.0651626586914062 0.0485916137695313
-0.3162841796875 -0.039154052734375 0.05694580078125 0.110824584960938
-0.2891845703125 -0.0767211914062499 -0.133651733398438 -0.103858947753906
-0.278167724609375 -0.0304107666015625 -0.0880126953125 -0.0231094360351562
-0.259628295898437 0.01690673828125 0.00738048553466795 -0.0174131393432617
-0.213882446289062 0.115631103515625 0.02899169921875 -0.05047607421875
-0.137527465820312 0.17138671875 0.0121688842773437 -0.0978240966796875
-0.0371856689453125 0.230560302734375 -0.0131301879882813 -0.104240417480469
0.046173095703125 0.218017578125 -0.0469818115234375 -0.0965499877929688
0.05499267578125 0.205581665039063 -0.0524978637695313 -0.0855789184570312
0.066864013671875 0.227508544921875 -0.0469741821289062 -0.0819778442382812
0.0184478759765625 0.238677978515625 -0.0239181518554687 -0.0762176513671875
-0.0778350830078125 0.218368530273438 -0.00607299804687501 -0.0754165649414063
-0.137313842773438 0.189208984375 0.0215606689453125 -0.0470008850097656
-0.234542846679688 0.0726470947265625 0.0279293060302734 -0.0138282775878906
-0.283782958984375 0.00366210937499999 -0.0101852416992188 0.0582084655761719
-0.2828369140625 -0.03717041015625 -0.0439529418945313 0.0758132934570313
-0.206283569335938 -0.0370941162109375 -0.218994140625 -0.122909545898437
-0.187362670898438 -0.00898742675781254 -0.152587890625 -0.026702880859375
-0.1639404296875 0.01519775390625 -0.0222091674804688 -0.0126991271972656
-0.139144897460938 0.0743865966796875 0.0154075622558594 -0.067230224609375
-0.0932388305664063 0.115013122558594 0.00439453124999999 -0.125923156738281
-0.024932861328125 0.164199829101562 -0.0354156494140625 -0.155410766601563
0.0319061279296875 0.157501220703125 -0.08514404296875 -0.155670166015625
0.0397491455078125 0.149169921875 -0.092041015625 -0.14288330078125
0.043853759765625 0.169509887695313 -0.078582763671875 -0.140655517578125
0.000335693359375017 0.172286987304687 -0.0380325317382813 -0.134330749511719
-0.072509765625 0.147537231445312 -0.00614929199218751 -0.108612060546875
-0.106552124023437 0.118179321289062 0.01947021484375 -0.0601882934570313
-0.16351318359375 0.0342559814453125 0.00214767456054687 -0.00961112976074219
-0.2003173828125 -0.00408935546874999 -0.0755615234375 0.0566177368164062
-0.208480834960938 -0.024993896484375 -0.129669189453125 0.0372848510742188
-0.0893325805664062 -0.000465393066406264 -0.276947021484375 -0.133407592773438
-0.0690803527832031 -0.00250625610351562 -0.1964111328125 -0.0292205810546875
-0.0527763366699219 -0.00446319580078124 -0.0496063232421875 -0.00314331054687501
-0.056915283203125 0.0140838623046875 -0.00249481201171875 -0.0708465576171875
-0.0474853515625 0.0399551391601562 -0.00560760498046876 -0.132896423339844
-0.0182876586914062 0.0758132934570313 -0.0565032958984375 -0.181167602539063
0.00830841064453126 0.0750656127929688 -0.114059448242187 -0.189926147460938
0.018341064453125 0.070465087890625 -0.119094848632812 -0.17657470703125
0.0183486938476563 0.085174560546875 -0.0944976806640625 -0.17919921875
-0.007415771484375 0.08135986328125 -0.038543701171875 -0.17120361328125
-0.0433502197265625 0.0593223571777344 0.00221252441406249 -0.123558044433594
-0.046356201171875 0.0418434143066406 0.0205001831054688 -0.0630416870117188
-0.0641670227050781 0.011566162109375 -0.0190162658691406 -0.0035247802734375
-0.0893630981445313 0.00823974609375002 -0.124298095703125 0.0471038818359375
-0.106369018554687 0.00144195556640624 -0.188705444335938 0.00245666503906246
-0.0248680114746094 -0.0483627319335938 0.226165771484375 -0.03985595703125
-0.0494766235351563 -0.0527915954589844 0.155136108398437 -0.0605621337890625
-0.0688629150390625 -0.010955810546875 0.0137233734130859 -0.0285663604736328
-0.0441322326660156 0.0230216979980469 -0.026824951171875 0.0559921264648438
-0.0240650177001953 0.0256671905517578 -0.0209426879882813 0.121795654296875
-0.00480270385742188 0.0230236053466797 0.049041748046875 0.191802978515625
0.0117092132568359 0.0253486633300781 0.127166748046875 0.203964233398437
0.00882339477539063 0.0225601196289062 0.150588989257813 0.185287475585938
0.0158443450927734 0.0139379501342773 0.137710571289063 0.190216064453125
0.0240859985351563 0.0247097015380859 0.0812225341796875 0.190643310546875
0.0209541320800781 0.0423851013183594 0.0382919311523438 0.127311706542969
-0.00345230102539062 0.0549812316894531 0.0341339111328125 0.061553955078125
-0.0454368591308594 0.042449951171875 0.100753784179687 0.0217742919921875
-0.046417236328125 0.00830841064453126 0.241714477539063 0.0142364501953125
-0.0183639526367188 -0.0004425048828125 0.33050537109375 0.170928955078125
-0.153915405273438 -0.0798492431640625 0.21038818359375 -0.033477783203125
-0.165176391601563 -0.0670318603515625 0.153396606445312 -0.0457000732421875
-0.182601928710938 -0.011688232421875 0.0322456359863281 -0.0342960357666016
-0.139877319335938 0.071441650390625 -0.0152130126953125 0.0388870239257813
-0.0832290649414063 0.102638244628906 -0.0229415893554688 0.0934524536132813
-0.0152206420898438 0.125335693359375 0.04119873046875 0.167495727539063
0.0401382446289063 0.119705200195313 0.112655639648437 0.183502197265625
0.0402145385742188 0.110946655273437 0.138015747070313 0.163467407226562
0.0510177612304687 0.110755920410156 0.129180908203125 0.165252685546875
0.0395889282226562 0.123794555664063 0.083282470703125 0.167892456054688
-0.00388336181640625 0.134674072265625 0.0435256958007813 0.103401184082031
-0.0538177490234375 0.13714599609375 0.0416755676269531 0.0434532165527344
-0.141159057617188 0.08209228515625 0.107810974121094 0.00188446044921875
-0.171737670898438 0.01934814453125 0.238555908203125 0.0093841552734375
-0.147598266601563 -0.0113525390625 0.318389892578125 0.1671142578125
-0.262222290039063 -0.103225708007812 0.156097412109375 -0.043121337890625
-0.264785766601563 -0.0766754150390624 0.122482299804687 -0.0346221923828125
-0.278884887695313 -0.010223388671875 0.045013427734375 -0.0349082946777344
-0.222915649414062 0.111190795898438 0.00504302978515624 0.0193901062011719
-0.135299682617187 0.1671142578125 -0.0127182006835938 0.0501365661621094
-0.026947021484375 0.2110595703125 0.0327301025390625 0.114433288574219
0.0610198974609375 0.197463989257812 0.08294677734375 0.132476806640625
0.065948486328125 0.183242797851563 0.103843688964844 0.117561340332031
0.083953857421875 0.191314697265625 0.0992660522460937 0.119102478027344
0.0565032958984375 0.208572387695312 0.0697021484375 0.123100280761719
-0.0218658447265625 0.214950561523437 0.03814697265625 0.0659027099609375
-0.091949462890625 0.209335327148437 0.0436477661132812 0.0208854675292969
-0.216629028320313 0.119598388671875 0.101005554199219 -0.01324462890625
-0.272918701171875 0.0355377197265625 0.20538330078125 0.014007568359375
-0.254440307617188 -0.0164642333984375 0.265167236328125 0.15545654296875
-0.33221435546875 -0.1055908203125 0.0712051391601562 -0.0606155395507813
-0.3287353515625 -0.0658264160156251 0.0653343200683594 -0.0269241333007813
-0.335693359375 0.00421142578125003 0.0468368530273437 -0.0310249328613281
-0.268951416015625 0.143295288085937 0.0239486694335937 -0.00453186035156249
-0.163681030273438 0.209976196289062 0.000782489776611318 -0.00242543220520018
-0.0324859619140625 0.2659912109375 0.02130126953125 0.0422096252441406
0.073272705078125 0.245407104492188 0.04278564453125 0.06048583984375
0.0816192626953125 0.227432250976563 0.0547981262207031 0.0544395446777344
0.103622436523438 0.24261474609375 0.0521125793457031 0.0568351745605469
0.0650482177734375 0.263504028320313 0.0415763854980469 0.0617027282714844
-0.0367431640625 0.266983032226563 0.0242424011230469 0.0185985565185547
-0.118377685546875 0.253768920898438 0.0387420654296875 -0.00442123413085936
-0.264068603515625 0.140167236328125 0.0831756591796875 -0.0197830200195312
-0.33209228515625 0.0448608398437499 0.147018432617187 0.0283660888671875
-0.320526123046875 -0.018310546875 0.176956176757813 0.13897705078125
-0.350982666015625 -0.0899658203125001 -0.0346145629882813 -0.08245849609375
-0.343536376953125 -0.0400695800781251 -0.00975990295410158 -0.0208759307861328
-0.336883544921875 0.02642822265625 0.0344486236572265 -0.0243301391601563
-0.267242431640625 0.157302856445313 0.0347366333007812 -0.0308837890625
-0.1607666015625 0.220611572265625 0.00965118408203123 -0.0581512451171875
-0.0295562744140625 0.278152465820313 0.00415420532226563 -0.0380592346191406
0.07586669921875 0.2557373046875 -0.00518417358398437 -0.0220260620117187
0.084869384765625 0.237808227539063 -0.00214385986328124 -0.0174808502197265
0.105697631835938 0.258056640625 -0.00268840789794921 -0.0139198303222656
0.059326171875 0.278915405273437 0.0052180290222168 -0.00825214385986326
-0.0515899658203125 0.276824951171875 0.00482177734375 -0.0328788757324219
-0.132308959960938 0.255935668945313 0.0297660827636719 -0.0298118591308594
-0.2752685546875 0.131546020507812 0.0573310852050781 -0.0186195373535156
-0.342529296875 0.0417785644531251 0.0726699829101562 0.0489044189453125
-0.33734130859375 -0.0203857421875 0.0689544677734375 0.115470886230469
-0.31365966796875 -0.0597839355468751 -0.142349243164063 -0.102645874023438
-0.29766845703125 -0.0120544433593749 -0.0893478393554688 -0.017547607421875
-0.278579711914063 0.0395660400390625 0.0098133087158203 -0.0186939239501953
-0.21820068359375 0.140838623046875 0.0309295654296875 -0.0560340881347656
-0.130752563476562 0.193099975585938 0.00731658935546874 -0.105506896972656
-0.0207061767578125 0.24700927734375 -0.0205154418945313 -0.110359191894531
0.0679779052734375 0.226638793945313 -0.0541610717773437 -0.099029541015625
0.0757598876953125 0.211349487304688 -0.0581512451171875 -0.0874862670898437
0.0903472900390625 0.234466552734375 -0.05401611328125 -0.0844879150390625
0.040863037109375 0.249908447265625 -0.0276641845703125 -0.0781478881835937
-0.0640411376953125 0.23834228515625 -0.01019287109375 -0.0798721313476562
-0.130081176757812 0.211105346679688 0.0214004516601562 -0.0508651733398437
-0.244308471679688 0.0963897705078125 0.0285072326660156 -0.0137767791748047
-0.30084228515625 0.02667236328125 -0.00595092773437501 0.0632591247558594
-0.30279541015625 -0.0192565917968749 -0.039947509765625 0.0848312377929687
-0.223876953125 -0.0253448486328125 -0.234603881835938 -0.116867065429688
-0.201980590820313 0.00491333007812496 -0.157623291015625 -0.0166473388671875
-0.177261352539063 0.0303497314453125 -0.0209007263183594 -0.0113105773925781
-0.141860961914063 0.09234619140625 0.01495361328125 -0.0722427368164063
-0.088104248046875 0.131736755371094 -0.00357055664062499 -0.133377075195313
-0.0125885009765625 0.17694091796875 -0.048492431640625 -0.162155151367188
0.0487213134765625 0.163436889648438 -0.0994110107421875 -0.158462524414063
0.055084228515625 0.153717041015625 -0.105239868164063 -0.14385986328125
0.061859130859375 0.175018310546875 -0.0922088623046875 -0.143630981445313
0.017120361328125 0.181930541992188 -0.0481185913085938 -0.137840270996094
-0.06292724609375 0.163070678710938 -0.0132827758789063 -0.114166259765625
-0.101997375488281 0.134323120117188 0.0176239013671875 -0.0653266906738281
-0.1717529296875 0.051513671875 0.00171566009521483 -0.00684404373168945
-0.21392822265625 0.0135345458984375 -0.0757369995117188 0.0673904418945313
-0.224899291992187 -0.011383056640625 -0.134384155273438 0.049407958984375
-0.098541259765625 0.00566864013671875 -0.297637939453125 -0.124664306640625
-0.0773239135742187 0.0031585693359375 -0.20574951171875 -0.0166473388671875
-0.0607757568359375 0.0012664794921875 -0.0491371154785156 -0.000671386718749996
-0.0600471496582031 0.0223274230957031 -0.00576019287109376 -0.0757827758789063
-0.0458297729492187 0.0489082336425781 -0.0159454345703125 -0.140312194824219
-0.01129150390625 0.082977294921875 -0.072265625 -0.187469482421875
0.0182571411132812 0.0782699584960938 -0.133712768554688 -0.191680908203125
0.0274200439453125 0.072784423828125 -0.137344360351563 -0.177688598632812
0.0290908813476562 0.0877914428710938 -0.111907958984375 -0.182266235351563
0.00198364257812499 0.0864334106445312 -0.052490234375 -0.176406860351563
-0.0380210876464844 0.0678024291992188 -0.0062408447265625 -0.129951477050781
-0.0431175231933594 0.0498161315917969 0.0174102783203125 -0.067718505859375
-0.0673866271972656 0.0204238891601563 -0.0202255249023438 0.000158309936523437
-0.0956573486328125 0.0190048217773438 -0.127700805664063 0.0597381591796875
-0.11492919921875 0.0105514526367187 -0.200241088867187 0.016876220703125
-0.0253105163574219 -0.0484275817871094 0.230255126953125 -0.06097412109375
-0.0534858703613281 -0.0536651611328125 0.1539306640625 -0.0775909423828125
-0.0714035034179688 -0.00910186767578124 0.0112838745117188 -0.0317039489746094
-0.0454902648925781 0.0250282287597656 -0.0226707458496094 0.0580711364746094
-0.0259609222412109 0.0279140472412109 -0.00984954833984375 0.125045776367188
-0.00660133361816406 0.0245742797851562 0.0676116943359375 0.18988037109375
0.0113239288330078 0.0262413024902344 0.14825439453125 0.195831298828125
0.00867462158203125 0.0231380462646484 0.171493530273438 0.174530029296875
0.0142183303833008 0.0131502151489258 0.159896850585938 0.181869506835938
0.02490234375 0.0212574005126953 0.103378295898438 0.1884765625
0.0243568420410156 0.0388755798339844 0.0527114868164063 0.12921142578125
0.00163650512695312 0.0547103881835938 0.0408439636230469 0.0621414184570313
-0.0399856567382813 0.046173095703125 0.103561401367188 0.0141372680664063
-0.0437736511230469 0.0115737915039063 0.245040893554688 -0.0069427490234375
-0.0154666900634766 0.000232696533203127 0.351898193359375 0.14776611328125
-0.1610107421875 -0.0684661865234375 0.21661376953125 -0.0536956787109375
-0.173492431640625 -0.0572662353515625 0.155166625976563 -0.062347412109375
-0.189895629882813 0.00141906738281246 0.0307273864746094 -0.0396537780761719
-0.1387939453125 0.083282470703125 -0.0104484558105469 0.0391807556152344
-0.0785980224609375 0.111846923828125 -0.0136032104492187 0.095611572265625
-0.00713348388671876 0.129814147949219 0.057769775390625 0.16534423828125
0.0503082275390625 0.119636535644531 0.132797241210938 0.175827026367188
0.0495758056640625 0.110008239746094 0.1575927734375 0.152938842773438
0.0607757568359375 0.10888671875 0.150177001953125 0.156875610351563
0.0510330200195312 0.121871948242188 0.10467529296875 0.164520263671875
0.00759124755859374 0.136871337890625 0.055908203125 0.103858947753906
-0.0421905517578125 0.144287109375 0.0482711791992188 0.0433273315429688
-0.135086059570313 0.096649169921875 0.10986328125 -0.00493621826171874
-0.172317504882812 0.0349884033203125 0.24285888671875 -0.0104217529296875
-0.150070190429688 0.000854492187499979 0.34112548828125 0.1456298828125
-0.275009155273438 -0.0819854736328125 0.161148071289062 -0.059234619140625
-0.275650024414063 -0.0564727783203125 0.126235961914063 -0.048858642578125
-0.2889404296875 0.0128784179687501 0.044525146484375 -0.0411262512207031
-0.219741821289063 0.132293701171875 0.00924301147460936 0.0168943405151367
-0.1248779296875 0.1832275390625 -0.00724029541015626 0.050567626953125
-0.0107574462890625 0.218917846679688 0.0442352294921875 0.111648559570313
0.08013916015625 0.196731567382813 0.0991058349609375 0.126296997070313
0.083648681640625 0.180831909179688 0.120086669921875 0.108467102050781
0.102935791015625 0.187957763671875 0.115158081054688 0.111717224121094
0.0779571533203125 0.208145141601563 0.0869827270507813 0.12030029296875
-0.0021209716796875 0.222702026367188 0.0480728149414063 0.0653839111328125
-0.0743560791015625 0.223037719726562 0.048675537109375 0.0191879272460938
-0.211441040039062 0.14251708984375 0.103195190429687 -0.0191650390625
-0.275405883789063 0.06109619140625 0.210098266601563 -0.001800537109375
-0.261001586914063 0.00511169433593755 0.28643798828125 0.13909912109375
-0.348846435546875 -0.0775451660156249 0.0730056762695312 -0.0698013305664063
-0.34112548828125 -0.038421630859375 0.0694236755371093 -0.034912109375
-0.346832275390625 0.035430908203125 0.0475997924804687 -0.0364875793457031
-0.2637939453125 0.170364379882813 0.0283355712890625 -0.00866699218749999
-0.148468017578125 0.230239868164063 0.00188064575195312 -0.00489902496337889
-0.00997924804687497 0.275894165039063 0.0263862609863281 0.0387763977050781
0.098114013671875 0.244171142578125 0.05133056640625 0.0554313659667969
0.104385375976563 0.224533081054687 0.0645942687988281 0.0481452941894531
0.129287719726563 0.2391357421875 0.0614852905273438 0.0518150329589844
0.0929107666015625 0.263565063476563 0.0531158447265625 0.0598793029785157
-0.01220703125 0.278167724609375 0.0293807983398438 0.0170135498046875
-0.0976104736328125 0.27239990234375 0.0415573120117188 -0.00689315795898436
-0.258346557617187 0.168899536132813 0.0845947265625 -0.024261474609375
-0.33770751953125 0.0776672363281249 0.153335571289062 0.0185699462890625
-0.330718994140625 0.00976562499999993 0.195953369140625 0.129379272460938
-0.369232177734375 -0.0595703125 -0.0361709594726563 -0.0838470458984375
-0.35528564453125 -0.00942993164062501 -0.00663948059082033 -0.0218715667724609
-0.347198486328125 0.059661865234375 0.0362968444824218 -0.0285797119140625
-0.260284423828125 0.186935424804688 0.0374717712402344 -0.036163330078125
-0.1429443359375 0.241363525390625 0.00616836547851561 -0.0621299743652344
-0.004241943359375 0.289154052734375 0.00124740600585937 -0.0414581298828125
0.10308837890625 0.253662109375 -0.00436592102050781 -0.0246086120605469
0.109695434570313 0.234832763671875 -0.000198364257812495 -0.0202846527099609
0.134048461914063 0.254531860351563 -0.00165939331054687 -0.0153303146362305
0.0893402099609375 0.279830932617188 0.00839233398437501 -0.00891685485839842
-0.025054931640625 0.290008544921875 0.00482368469238281 -0.0341949462890625
-0.1121826171875 0.276016235351563 0.0300655364990234 -0.033060073852539
-0.2716064453125 0.162277221679687 0.0586090087890625 -0.0206565856933594
-0.349029541015625 0.07568359375 0.0790634155273437 0.045318603515625
-0.349456787109375 0.00936889648437497 0.0831985473632812 0.114227294921875
-0.3299560546875 -0.032562255859375 -0.149093627929688 -0.0950469970703125
-0.308349609375 0.015899658203125 -0.0872879028320313 -0.0106430053710937
-0.286956787109375 0.069061279296875 0.0115509033203125 -0.0202617645263672
-0.211334228515625 0.167938232421875 0.03125 -0.0613822937011719
-0.11395263671875 0.212539672851563 -0.000671386718749995 -0.109268188476562
0.00317382812499998 0.255569458007813 -0.0303192138671875 -0.112472534179687
0.092987060546875 0.224685668945313 -0.0621261596679688 -0.0985336303710937
0.0990447998046875 0.208358764648438 -0.064208984375 -0.0862045288085937
0.11724853515625 0.230743408203125 -0.0613021850585937 -0.0825576782226562
0.068511962890625 0.251937866210938 -0.0323562622070312 -0.0772705078125
-0.0405731201171875 0.253082275390625 -0.0147933959960938 -0.0817489624023437
-0.113327026367187 0.230438232421875 0.0189743041992187 -0.0544662475585937
-0.24346923828125 0.123748779296875 0.0292415618896484 -0.0130653381347656
-0.309234619140625 0.056915283203125 0.000591278076171854 0.0674896240234375
-0.31494140625 0.00762939453124999 -0.0322036743164063 0.0925674438476563
-0.23651123046875 -0.00469970703125003 -0.246597290039063 -0.102249145507812
-0.210296630859375 0.0255279541015625 -0.157974243164062 -0.00370788574218753
-0.18438720703125 0.0519256591796875 -0.0186958312988281 -0.0103206634521484
-0.137405395507813 0.112457275390625 0.0118942260742187 -0.0767898559570313
-0.0754547119140625 0.145614624023438 -0.015411376953125 -0.136848449707031
0.00634765625000001 0.183792114257813 -0.0641021728515625 -0.162124633789063
0.067840576171875 0.162521362304688 -0.114227294921875 -0.153961181640625
0.0738525390625 0.15093994140625 -0.118125915527344 -0.139228820800781
0.08319091796875 0.172393798828125 -0.106117248535156 -0.139389038085938
0.03863525390625 0.184326171875 -0.0594558715820313 -0.1361083984375
-0.0458831787109375 0.17486572265625 -0.022308349609375 -0.116531372070312
-0.090179443359375 0.14923095703125 0.0136260986328125 -0.068389892578125
-0.171676635742188 0.0718536376953125 0.0024585723876953 -0.00465297698974609
-0.22039794921875 0.0372161865234375 -0.0709915161132813 0.0769805908203125
-0.23382568359375 0.00987243652343753 -0.133132934570313 0.0646514892578125
-0.105445861816406 0.01513671875 -0.313201904296875 -0.10467529296875
-0.083770751953125 0.0115737915039063 -0.207977294921875 0.00129699707031246
-0.0667152404785156 0.0102806091308594 -0.0470657348632813 0.002105712890625
-0.059967041015625 0.0324821472167969 -0.0103378295898437 -0.07861328125
-0.0396652221679688 0.0580253601074219 -0.029205322265625 -0.143356323242188
-0.00102233886718751 0.0875701904296875 -0.0914306640625 -0.185455322265625
0.029388427734375 0.0781936645507813 -0.153457641601563 -0.183761596679688
0.038177490234375 0.0709762573242188 -0.1552734375 -0.1697998046875
0.0415725708007813 0.0857315063476563 -0.131240844726562 -0.176101684570313
0.0142364501953125 0.087646484375 -0.0690460205078125 -0.175567626953125
-0.0292434692382812 0.0746307373046875 -0.01751708984375 -0.132743835449219
-0.0373382568359375 0.0567245483398437 0.0118865966796875 -0.0707550048828125
-0.0670890808105469 0.0312957763671875 -0.0203647613525391 0.00476455688476563
-0.0982208251953125 0.03302001953125 -0.125083923339844 0.0744247436523437
-0.119979858398438 0.0236053466796875 -0.204849243164062 0.036224365234375
-0.0243339538574219 -0.0485496520996094 0.226226806640625 -0.079498291015625
-0.0555458068847656 -0.0533714294433594 0.146621704101563 -0.0911407470703125
-0.07293701171875 -0.00768280029296874 0.00771713256835937 -0.0336380004882813
-0.0468254089355469 0.0252151489257812 -0.018218994140625 0.0576210021972656
-0.0275802612304688 0.0294876098632812 0.000114440917968748 0.123146057128906
-0.00838470458984375 0.0263347625732422 0.081512451171875 0.181106567382812
0.0101032257080078 0.0271167755126953 0.161880493164063 0.181915283203125
0.00771522521972657 0.0236110687255859 0.18414306640625 0.157943725585938
0.0119867324829102 0.0127830505371094 0.175201416015625 0.1669921875
0.0234203338623047 0.0177898406982422 0.119873046875 0.178802490234375
0.0257759094238281 0.0341148376464844 0.0640792846679688 0.12603759765625
0.00582122802734375 0.0516548156738281 0.0460777282714844 0.0607833862304687
-0.0329513549804688 0.0471115112304687 0.10223388671875 0.00746917724609375
-0.0385971069335938 0.0135574340820313 0.23919677734375 -0.025146484375
-0.0110254287719727 0.000449180603027341 0.358428955078125 0.1220703125
-0.1610107421875 -0.0573577880859375 0.21417236328125 -0.0709075927734375
-0.174270629882812 -0.047119140625 0.150375366210938 -0.0767974853515625
-0.190277099609375 0.0132904052734375 0.0278244018554687 -0.04278564453125
-0.13494873046875 0.0912246704101563 -0.00640869140625001 0.0373420715332031
-0.0726776123046875 0.117111206054688 -0.0059051513671875 0.0935516357421875
-0.000114440917968738 0.131172180175781 0.0698089599609375 0.156402587890625
0.0567626953125 0.115852355957031 0.14599609375 0.161956787109375
0.055419921875 0.105369567871094 0.170028686523438 0.13690185546875
0.0671310424804688 0.103431701660156 0.16363525390625 0.141921997070313
0.0588455200195313 0.115676879882813 0.120574951171875 0.154373168945313
0.0184707641601563 0.133560180664063 0.067108154296875 0.0998001098632813
-0.029693603515625 0.145477294921875 0.0534095764160156 0.0406417846679688
-0.124908447265625 0.105758666992187 0.108383178710938 -0.0116729736328125
-0.166458129882812 0.0486907958984375 0.238128662109375 -0.02801513671875
-0.145751953125 0.011474609375 0.3504638671875 0.12060546875
-0.276153564453125 -0.0612030029296874 0.16021728515625 -0.0731964111328125
-0.27557373046875 -0.0371551513671875 0.124649047851562 -0.0606155395507813
-0.288238525390625 0.034393310546875 0.0428276062011718 -0.0452499389648438
-0.210418701171875 0.146896362304688 0.0130815505981445 0.0135478973388672
-0.11151123046875 0.19085693359375 -0.00225448608398438 0.0476150512695313
0.00457763671874998 0.219894409179688 0.05267333984375 0.104507446289063
0.0936737060546875 0.189498901367188 0.109420776367187 0.114501953125
0.095794677734375 0.17236328125 0.129257202148438 0.0955047607421875
0.116790771484375 0.177703857421875 0.125885009765625 0.100006103515625
0.093841552734375 0.198318481445312 0.10052490234375 0.111274719238281
0.01641845703125 0.220474243164063 0.0565948486328125 0.0611763000488281
-0.055877685546875 0.227142333984375 0.05169677734375 0.0165443420410156
-0.197509765625 0.157974243164063 0.101432800292969 -0.023956298828125
-0.268096923828125 0.083251953125 0.208084106445313 -0.0160369873046875
-0.257125854492188 0.024627685546875 0.297393798828125 0.11883544921875
-0.351287841796875 -0.0491943359375001 0.0733261108398437 -0.0777587890625
-0.340576171875 -0.01220703125 0.0708465576171875 -0.042510986328125
-0.34503173828125 0.0631103515625001 0.0467987060546875 -0.0412063598632813
-0.249725341796875 0.189773559570312 0.0308685302734375 -0.0131263732910156
-0.1300048828125 0.240280151367187 0.00277996063232421 -0.00690460205078123
0.011322021484375 0.27545166015625 0.0298557281494141 0.0331611633300781
0.1168212890625 0.233718872070313 0.0572891235351563 0.0477943420410156
0.121307373046875 0.213775634765625 0.0703125 0.0389938354492188
0.148361206054688 0.225906372070313 0.0675582885742188 0.0449142456054688
0.115081787109375 0.253189086914063 0.0622749328613281 0.0536766052246094
0.0120849609375 0.2774658203125 0.0340862274169922 0.0141105651855469
-0.074310302734375 0.279067993164062 0.0434379577636719 -0.00967788696289061
-0.2449951171875 0.189422607421875 0.0837249755859375 -0.0270004272460937
-0.32958984375 0.105010986328125 0.153472900390625 0.00840759277343751
-0.327178955078125 0.0346374511718749 0.2076416015625 0.115371704101562
-0.372344970703125 -0.02886962890625 -0.0364227294921875 -0.0838088989257813
-0.3533935546875 0.018798828125 -0.0029716491699219 -0.0229835510253906
-0.3428955078125 0.0907287597656251 0.0368156433105469 -0.0314140319824219
-0.243453979492187 0.208358764648437 0.0388031005859375 -0.0411033630371094
-0.121368408203125 0.252334594726563 0.00273895263671875 -0.0642318725585937
0.020660400390625 0.2882080078125 -0.00125503540039062 -0.0439224243164062
0.123992919921875 0.242599487304687 -0.00373458862304687 -0.0262355804443359
0.1285400390625 0.22271728515625 0.000986099243164071 -0.023202896118164
0.155868530273438 0.239608764648437 -0.000574111938476554 -0.0166807174682617
0.114410400390625 0.269744873046875 0.012324333190918 -0.0103340148925781
0.000579833984374968 0.291656494140625 0.00509262084960938 -0.0355949401855469
-0.08782958984375 0.284820556640625 0.0295143127441406 -0.0354537963867187
-0.259033203125 0.185394287109375 0.0589332580566406 -0.021942138671875
-0.343231201171875 0.10479736328125 0.0833816528320312 0.0413665771484375
-0.346832275390625 0.0365295410156251 0.0946121215820312 0.109176635742188
-0.332672119140625 -0.00439453125 -0.1505126953125 -0.08612060546875
-0.30682373046875 0.04205322265625 -0.0818023681640625 -0.0047149658203125
-0.283843994140625 0.097320556640625 0.0142593383789062 -0.022003173828125
-0.196670532226563 0.187591552734375 0.0303573608398437 -0.065460205078125
-0.093505859375 0.221603393554688 -0.00851440429687502 -0.109527587890625
0.0264892578125 0.255081176757813 -0.0383453369140625 -0.111068725585937
0.113082885742187 0.214019775390625 -0.0670166015625 -0.0951995849609375
0.1162109375 0.197662353515625 -0.0683746337890625 -0.0830764770507812
0.137802124023438 0.218124389648438 -0.0654296875 -0.0776519775390625
0.092559814453125 0.24359130859375 -0.0345001220703125 -0.07470703125
-0.0170440673828125 0.256393432617188 -0.019195556640625 -0.081207275390625
-0.0913238525390625 0.240234375 0.016326904296875 -0.0565948486328125
-0.232803344726562 0.145538330078125 0.0302104949951172 -0.0123062133789062
-0.304046630859375 0.084197998046875 0.00678253173828124 0.0687141418457031
-0.31341552734375 0.03314208984375 -0.0225906372070313 0.0959625244140625
-0.239105224609375 0.015655517578125 -0.24847412109375 -0.0855560302734375
-0.209808349609375 0.044219970703125 -0.151840209960938 0.00840759277343753
-0.182937622070313 0.072296142578125 -0.0149335861206055 -0.0107555389404297
-0.127204895019531 0.127334594726562 0.0086822509765625 -0.0794601440429687
-0.0606231689453125 0.1529541015625 -0.0257339477539063 -0.13568115234375
0.024810791015625 0.183013916015625 -0.075927734375 -0.15679931640625
0.084381103515625 0.154373168945313 -0.12384033203125 -0.145675659179688
0.087738037109375 0.141921997070313 -0.126434326171875 -0.130058288574219
0.100051879882813 0.161407470703125 -0.115646362304687 -0.130477905273438
0.057891845703125 0.178863525390625 -0.0674209594726562 -0.130050659179688
-0.02752685546875 0.178985595703125 -0.0303573608398438 -0.114852905273437
-0.0750274658203125 0.157333374023438 0.00867080688476561 -0.0694351196289062
-0.165374755859375 0.089202880859375 0.00367474555969237 -0.00201797485351562
-0.217880249023438 0.05853271484375 -0.0630874633789063 0.084014892578125
-0.234512329101563 0.0307464599609375 -0.12591552734375 0.0761184692382812
-0.108177185058594 0.024444580078125 -0.316650390625 -0.0832519531249999
-0.0860137939453125 0.021270751953125 -0.202301025390625 0.016143798828125
-0.0699844360351563 0.0200462341308594 -0.0427932739257813 0.00326538085937501
-0.05682373046875 0.0420417785644531 -0.0150375366210938 -0.0797653198242188
-0.032501220703125 0.0626792907714844 -0.0410690307617188 -0.140510559082031
0.00926971435546875 0.0879974365234375 -0.106399536132812 -0.176895141601563
0.0390777587890625 0.0737457275390625 -0.165924072265625 -0.171142578125
0.0456085205078125 0.0658149719238281 -0.1658935546875 -0.156585693359375
0.0513458251953125 0.0796966552734375 -0.144210815429688 -0.16448974609375
0.0252151489257813 0.0845947265625 -0.0812225341796875 -0.167205810546875
-0.0191879272460938 0.07769775390625 -0.0277175903320312 -0.130256652832031
-0.0294342041015625 0.0612220764160156 0.00652313232421875 -0.0706024169921875
-0.0635948181152344 0.0407447814941406 -0.0194549560546875 0.00865745544433594
-0.0965042114257813 0.0455169677734375 -0.118019104003906 0.0858840942382812
-0.120315551757813 0.0360107421875 -0.201126098632813 0.0541839599609375
-0.0212364196777344 -0.0501976013183594 0.2198486328125 -0.0892791748046875
-0.056610107421875 -0.0553741455078125 0.139389038085938 -0.0981063842773438
-0.0738906860351563 -0.0093536376953125 0.00560379028320312 -0.0343666076660156
-0.048858642578125 0.0241813659667969 -0.0153388977050781 0.0556755065917969
-0.0304374694824219 0.0305538177490234 0.00572204589843749 0.118431091308594
-0.0113563537597656 0.0282726287841797 0.088104248046875 0.171417236328125
0.00837326049804688 0.0283946990966797 0.167312622070313 0.169403076171875
0.00580215454101563 0.0240364074707031 0.187637329101563 0.144760131835938
0.00906848907470703 0.0132379531860352 0.180999755859375 0.153335571289063
0.0200614929199219 0.0156040191650391 0.128250122070313 0.168701171875
0.0250072479248047 0.0295600891113281 0.0711288452148438 0.1217041015625
0.00802230834960938 0.0474090576171875 0.0487480163574219 0.0599861145019531
-0.0272026062011719 0.0452194213867188 0.0993576049804688 0.00449371337890625
-0.0332412719726563 0.0127067565917969 0.229156494140625 -0.034698486328125
-0.00670957565307617 -0.000874519348144532 0.355621337890625 0.105560302734375
-0.15692138671875 -0.0507354736328125 0.210342407226563 -0.082000732421875
-0.171783447265625 -0.043060302734375 0.1448974609375 -0.084747314453125
-0.188003540039063 0.0184783935546875 0.0256805419921875 -0.0445480346679688
-0.13165283203125 0.093719482421875 -0.00322723388671876 0.0344200134277344
-0.0698318481445312 0.118606567382813 -0.000801086425781254 0.0888519287109375
0.0027618408203125 0.131034851074219 0.075225830078125 0.146804809570312
0.05859375 0.112899780273437 0.150497436523438 0.14923095703125
0.057342529296875 0.101646423339844 0.173751831054688 0.123489379882813
0.0689315795898438 0.0987472534179688 0.16900634765625 0.128982543945313
0.061553955078125 0.109100341796875 0.129165649414063 0.143997192382813
0.0240631103515625 0.128334045410156 0.0737075805664063 0.0950088500976563
-0.0217132568359375 0.141998291015625 0.0557327270507813 0.0396270751953125
-0.114860534667969 0.108055114746094 0.1055908203125 -0.01300048828125
-0.158096313476563 0.0547943115234375 0.230194091796875 -0.03662109375
-0.139373779296875 0.0170745849609375 0.349761962890625 0.104217529296875
-0.2703857421875 -0.04766845703125 0.158248901367187 -0.0820770263671875
-0.27032470703125 -0.026611328125 0.122001647949219 -0.0680007934570312
-0.283294677734375 0.04656982421875 0.0418128967285156 -0.0486297607421875
-0.201751708984375 0.152542114257813 0.0154504776000976 0.0095510482788086
-0.102630615234375 0.192428588867188 0.00118637084960937 0.044281005859375
0.013641357421875 0.21630859375 0.0565109252929687 0.0958786010742188
0.100112915039063 0.181655883789062 0.113838195800781 0.103500366210938
0.100860595703125 0.16400146484375 0.133216857910156 0.0836029052734375
0.122360229492188 0.168869018554688 0.131172180175781 0.089874267578125
0.101791381835938 0.18902587890625 0.108573913574219 0.102592468261719
0.02777099609375 0.214706420898438 0.0626182556152344 0.057525634765625
-0.04302978515625 0.2249755859375 0.0543670654296875 0.0149612426757813
-0.185333251953125 0.164718627929688 0.09991455078125 -0.0243301391601562
-0.257949829101563 0.0951995849609375 0.202667236328125 -0.0235595703125
-0.249069213867188 0.0358581542968749 0.299285888671875 0.104522705078125
-0.345367431640625 -0.0314331054687499 0.0731964111328125 -0.0830230712890625
-0.3326416015625 0.002288818359375 0.0711898803710937 -0.0476608276367188
-0.33746337890625 0.080413818359375 0.0468902587890625 -0.0446052551269531
-0.237274169921875 0.198532104492187 0.0331268310546875 -0.0177822113037109
-0.11651611328125 0.24102783203125 0.00404644012451171 -0.00992584228515624
0.023895263671875 0.271408081054688 0.0311241149902344 0.0279808044433594
0.12603759765625 0.223419189453125 0.0601463317871094 0.0408287048339844
0.128646850585938 0.202896118164063 0.0730056762695313 0.031158447265625
0.157241821289062 0.213211059570312 0.0711593627929688 0.0386123657226563
0.126678466796875 0.240829467773438 0.0686111450195313 0.0478324890136719
0.0275726318359375 0.272491455078125 0.0378189086914062 0.0113105773925781
-0.0580902099609375 0.277633666992188 0.0447998046875 -0.010711669921875
-0.230926513671875 0.19915771484375 0.0829696655273437 -0.0270843505859375
-0.319061279296875 0.12115478515625 0.15191650390625 0.00328063964843751
-0.31787109375 0.04998779296875 0.211944580078125 0.105239868164063
-0.36700439453125 -0.00894165039062505 -0.0342788696289063 -0.0839157104492188
-0.345123291015625 0.036407470703125 0.000751495361328102 -0.02447509765625
-0.334808349609375 0.110198974609375 0.038238525390625 -0.034912109375
-0.229690551757813 0.218093872070312 0.0401802062988281 -0.0453109741210937
-0.105667114257813 0.253173828125 0.00133132934570313 -0.0649833679199219
0.0350341796875 0.282379150390625 -0.00261306762695313 -0.04510498046875
0.134536743164063 0.230865478515625 -0.00345802307128905 -0.0289230346679687
0.137420654296875 0.210983276367188 0.00157928466796876 -0.0265617370605469
0.166595458984375 0.226089477539063 0.00135421752929688 -0.0181789398193359
0.12908935546875 0.256881713867188 0.016636848449707 -0.0128669738769531
0.01837158203125 0.28704833984375 0.00609970092773438 -0.0364913940429687
-0.07073974609375 0.285491943359375 0.0299263000488281 -0.0363121032714844
-0.245697021484375 0.196426391601563 0.0590171813964844 -0.0214614868164062
-0.33319091796875 0.12237548828125 0.0853118896484375 0.0386123657226563
-0.338836669921875 0.05316162109375 0.101531982421875 0.104072570800781
-0.329254150390625 0.0138244628906251 -0.145950317382813 -0.0814361572265625
-0.300750732421875 0.058990478515625 -0.0749740600585938 -0.00276947021484375
-0.276580810546875 0.115829467773437 0.0171680450439453 -0.0237865447998047
-0.182769775390625 0.19744873046875 0.0306053161621094 -0.06884765625
-0.078643798828125 0.222763061523438 -0.0118026733398438 -0.10882568359375
0.041473388671875 0.24896240234375 -0.0418624877929687 -0.10858154296875
0.124069213867188 0.202880859375 -0.0687484741210938 -0.09271240234375
0.1258544921875 0.18670654296875 -0.0688095092773437 -0.0816421508789063
0.148910522460938 0.204940795898438 -0.0658645629882813 -0.0747528076171875
0.107101440429687 0.232330322265625 -0.0332260131835937 -0.0730972290039062
-3.05175781250014E-05 0.253890991210938 -0.020599365234375 -0.0803298950195312
-0.07574462890625 0.24212646484375 0.0151824951171875 -0.0568923950195312
-0.222763061523438 0.157882690429687 0.0315322875976562 -0.0111560821533203
-0.29638671875 0.101654052734375 0.011962890625 0.0682411193847656
-0.308074951171875 0.049652099609375 -0.01483154296875 0.0967483520507812
-0.238174438476562 0.0297393798828125 -0.24407958984375 -0.076263427734375
-0.206832885742187 0.056610107421875 -0.143341064453125 0.0134735107421875
-0.179656982421875 0.08673095703125 -0.0109701156616211 -0.0121488571166992
-0.117790222167969 0.136009216308594 0.00848388671874999 -0.0807876586914062
-0.0490570068359375 0.154510498046875 -0.030548095703125 -0.132545471191406
0.03668212890625 0.179107666015625 -0.0821685791015625 -0.150924682617188
0.0934906005859375 0.145095825195312 -0.1273193359375 -0.138191223144531
0.0957870483398438 0.133743286132813 -0.128532409667969 -0.123130798339844
0.109542846679688 0.151046752929688 -0.118255615234375 -0.122566223144531
0.0700836181640625 0.170455932617188 -0.069061279296875 -0.124969482421875
-0.0138702392578125 0.177978515625 -0.0338668823242187 -0.112251281738281
-0.0626373291015625 0.159820556640625 0.00625228881835937 -0.0690803527832031
-0.15814208984375 0.0994720458984375 0.00531673431396483 -0.000117301940917963
-0.21240234375 0.0736083984375 -0.0560379028320313 0.0868453979492188
-0.230072021484375 0.0438690185546875 -0.1182861328125 0.0818557739257813
-0.110023498535156 0.0313644409179688 -0.3116455078125 -0.071014404296875
-0.0877151489257813 0.0283126831054688 -0.193771362304688 0.0239105224609375
-0.0708694458007813 0.0296401977539063 -0.0388145446777344 0.00209426879882812
-0.053070068359375 0.0489158630371094 -0.0173568725585938 -0.0796279907226563
-0.0260658264160156 0.065887451171875 -0.0478668212890625 -0.136085510253906
0.0170974731445312 0.0865859985351563 -0.113479614257813 -0.1685791015625
0.0453720092773437 0.0687446594238281 -0.1705322265625 -0.1605224609375
0.0511436462402344 0.060577392578125 -0.169662475585937 -0.14605712890625
0.0581436157226562 0.0728073120117188 -0.148574829101562 -0.152938842773438
0.0334014892578125 0.0796737670898438 -0.0861663818359375 -0.158905029296875
-0.0107955932617188 0.0772323608398437 -0.0325164794921875 -0.125556945800781
-0.0218238830566406 0.0633201599121094 0.00326538085937499 -0.069122314453125
-0.0592994689941406 0.0475845336914062 -0.0174493789672852 0.0118637084960938
-0.0939559936523438 0.0550079345703125 -0.1103515625 0.0918197631835938
-0.119026184082031 0.04510498046875 -0.194915771484375 0.0641632080078125
-0.0177230834960937 -0.0536460876464844 0.217620849609375 -0.0958099365234375
-0.05780029296875 -0.05950927734375 0.135467529296875 -0.103057861328125
-0.0771484375 -0.0125732421875 0.00437355041503906 -0.0350704193115234
-0.0529861450195313 0.0229530334472656 -0.0150871276855469 0.0537528991699219
-0.0345706939697266 0.0324001312255859 0.00714111328125 0.115188598632812
-0.0148067474365234 0.0310077667236328 0.090301513671875 0.165985107421875
0.00588226318359375 0.0308933258056641 0.169631958007812 0.16241455078125
0.00338172912597656 0.0252170562744141 0.189773559570312 0.137649536132812
0.00562477111816406 0.014805793762207 0.184371948242188 0.145721435546875
0.0168914794921875 0.0139522552490234 0.133468627929688 0.163543701171875
0.0235538482666016 0.0257415771484375 0.0771865844726563 0.119865417480469
0.00821685791015625 0.043548583984375 0.051605224609375 0.0608863830566406
-0.0225563049316406 0.0408287048339844 0.0974960327148438 0.0045013427734375
-0.0286369323730469 0.0107250213623047 0.223968505859375 -0.0381317138671875
-0.00252509117126465 -0.00257468223571777 0.353179931640625 0.099700927734375
-0.152130126953125 -0.0505218505859375 0.21002197265625 -0.0889129638671875
-0.17095947265625 -0.044036865234375 0.143234252929688 -0.089996337890625
-0.189682006835937 0.0190582275390625 0.0247306823730469 -0.0466995239257813
-0.1331787109375 0.094390869140625 -0.00161361694335938 0.0314903259277344
-0.0708694458007813 0.120323181152344 0.000885009765624992 0.0854110717773438
0.002532958984375 0.132438659667969 0.0778884887695313 0.140205383300781
0.0586318969726563 0.112327575683594 0.154052734375 0.142044067382813
0.0567626953125 0.100601196289063 0.175918579101563 0.115737915039063
0.0686187744140625 0.09698486328125 0.173538208007813 0.122100830078125
0.0610504150390625 0.106010437011719 0.135696411132813 0.138275146484375
0.02642822265625 0.124679565429688 0.0794677734375 0.0925369262695313
-0.0186538696289062 0.139480590820313 0.0585479736328125 0.0399131774902344
-0.10955810546875 0.108169555664063 0.104995727539063 -0.0121841430664062
-0.152694702148438 0.0572357177734375 0.225509643554688 -0.0395355224609375
-0.134330749511719 0.0186004638671875 0.350433349609375 0.098175048828125
-0.266281127929688 -0.04254150390625 0.16009521484375 -0.0883026123046875
-0.26763916015625 -0.02423095703125 0.121757507324219 -0.0738601684570313
-0.2828369140625 0.051239013671875 0.0416450500488281 -0.0512466430664063
-0.199966430664062 0.156234741210938 0.017770767211914 0.00584030151367188
-0.0999908447265625 0.194305419921875 0.0025634765625 0.0402336120605469
0.016693115234375 0.216766357421875 0.0583343505859375 0.0898284912109375
0.101913452148438 0.179367065429688 0.116012573242188 0.09674072265625
0.103195190429688 0.161041259765625 0.1353759765625 0.0764923095703125
0.12530517578125 0.164276123046875 0.134239196777344 0.0829391479492188
0.105621337890625 0.183059692382812 0.114707946777344 0.0963516235351563
0.033477783203125 0.21142578125 0.0672645568847656 0.0537109375
-0.0366668701171875 0.223678588867188 0.0577507019042969 0.0152397155761719
-0.17877197265625 0.167984008789063 0.099884033203125 -0.0234222412109375
-0.2525634765625 0.101394653320313 0.200729370117187 -0.0255889892578125
-0.243209838867188 0.0401763916015624 0.302398681640625 0.0985107421875
-0.34136962890625 -0.022491455078125 0.0768356323242187 -0.0888290405273438
-0.329498291015625 0.00915527343750002 0.0742034912109375 -0.0527267456054688
-0.3345947265625 0.090057373046875 0.0482902526855469 -0.04779052734375
-0.231979370117188 0.204330444335937 0.0357627868652344 -0.0225143432617187
-0.111297607421875 0.242691040039063 0.0050067901611328 -0.0134992599487305
0.03094482421875 0.269805908203125 0.03173828125 0.0228805541992188
0.130447387695313 0.218963623046875 0.0617332458496094 0.034912109375
0.132568359375 0.198287963867188 0.0748748779296875 0.025360107421875
0.16241455078125 0.20660400390625 0.07470703125 0.0337905883789063
0.133743286132813 0.234146118164063 0.074188232421875 0.0424575805664063
0.0361785888671875 0.269973754882813 0.0418434143066406 0.00800323486328127
-0.0501861572265625 0.277435302734375 0.0473403930664062 -0.0119819641113281
-0.224365234375 0.20477294921875 0.0850753784179687 -0.0252761840820312
-0.313690185546875 0.13043212890625 0.153152465820312 0.00178527832031251
-0.313201904296875 0.05645751953125 0.217239379882812 0.10107421875
-0.364532470703125 0.001800537109375 -0.0298538208007813 -0.086944580078125
-0.342254638671875 0.0451965332031249 0.00595283508300779 -0.0278205871582031
-0.331085205078125 0.122406005859375 0.0409202575683594 -0.0383071899414062
-0.221954345703125 0.225799560546875 0.0430450439453125 -0.0503807067871094
-0.0979461669921875 0.255218505859375 0.00151062011718749 -0.0675506591796875
0.0437469482421875 0.280349731445312 -0.00298309326171875 -0.0480804443359375
0.141021728515625 0.224456787109375 -0.00290489196777343 -0.0325260162353515
0.142166137695313 0.204742431640625 0.00286483764648438 -0.0300045013427734
0.173187255859375 0.2186279296875 0.00347137451171876 -0.0204105377197265
0.13812255859375 0.2501220703125 0.0206718444824219 -0.01641845703125
0.028656005859375 0.2850341796875 0.00844192504882813 -0.0389251708984375
-0.06109619140625 0.28656005859375 0.031402587890625 -0.0375518798828125
-0.23974609375 0.20440673828125 0.0611724853515625 -0.0199813842773437
-0.328643798828125 0.1337890625 0.0884552001953125 0.0376663208007813
-0.33514404296875 0.0612792968750001 0.107429504394531 0.102241516113281
-0.329345703125 0.024871826171875 -0.141433715820313 -0.0821533203125
-0.298065185546875 0.068511962890625 -0.0690078735351563 -0.00438690185546875
-0.273483276367188 0.129531860351563 0.0204963684082031 -0.0275001525878906
-0.17510986328125 0.205230712890625 0.0325469970703125 -0.072906494140625
-0.0704193115234375 0.224395751953125 -0.0128250122070313 -0.109695434570312
0.050872802734375 0.246505737304688 -0.0441818237304688 -0.109031677246094
0.130477905273438 0.196258544921875 -0.0694961547851562 -0.0937042236328125
0.13128662109375 0.180206298828125 -0.0689773559570313 -0.0820846557617187
0.15673828125 0.1968994140625 -0.0649795532226562 -0.07379150390625
0.116729736328125 0.22564697265625 -0.0312347412109375 -0.0745162963867187
0.0107269287109375 0.25250244140625 -0.0200119018554688 -0.0817413330078125
-0.0668792724609375 0.243942260742188 0.0152206420898437 -0.0579261779785156
-0.217178344726563 0.166839599609375 0.0340957641601562 -0.00993728637695311
-0.294097900390625 0.113555908203125 0.0160713195800781 0.0691986083984375
-0.30560302734375 0.058258056640625 -0.00854492187500003 0.0975799560546875
-0.240432739257813 0.037628173828125 -0.240585327148438 -0.0743865966796875
-0.206649780273438 0.0659332275390625 -0.136466979980469 0.0143203735351563
-0.178085327148438 0.098724365234375 -0.00769805908203126 -0.01531982421875
-0.111831665039063 0.143829345703125 0.00933074951171874 -0.084075927734375
-0.0411224365234375 0.157241821289063 -0.0331649780273437 -0.132232666015625
0.0458984375 0.177108764648438 -0.08502197265625 -0.148834228515625
0.100547790527344 0.139350891113281 -0.129417419433594 -0.135673522949219
0.101364135742188 0.127937316894531 -0.130111694335937 -0.121658325195313
0.116043090820313 0.144058227539063 -0.118820190429687 -0.119522094726563
0.0793609619140625 0.164596557617188 -0.0687179565429688 -0.123908996582031
-0.00439453124999999 0.177291870117188 -0.0354080200195312 -0.112457275390625
-0.054443359375 0.161865234375 0.00547027587890624 -0.0689773559570312
-0.153579711914063 0.107986450195312 0.00760984420776366 0.00194835662841798
-0.209930419921875 0.0845184326171875 -0.0521240234375 0.0897293090820312
-0.229660034179688 0.0522613525390625 -0.113319396972656 0.085418701171875
-0.113624572753906 0.0370559692382813 -0.31048583984375 -0.067230224609375
-0.0902938842773438 0.0339431762695313 -0.188201904296875 0.025970458984375
-0.07220458984375 0.037933349609375 -0.0358047485351563 -0.00150299072265625
-0.0502090454101563 0.0549392700195312 -0.018157958984375 -0.0824203491210938
-0.0205497741699219 0.0676765441894531 -0.0507736206054688 -0.135086059570313
0.0238037109375 0.0859909057617188 -0.117233276367188 -0.1641845703125
0.0512275695800781 0.0651206970214844 -0.173721313476563 -0.155441284179687
0.0559539794921875 0.0567970275878906 -0.171829223632813 -0.14117431640625
0.063232421875 0.0674781799316406 -0.149795532226563 -0.147705078125
0.0400466918945313 0.0755157470703125 -0.08734130859375 -0.155731201171875
-0.00374603271484376 0.0770034790039063 -0.0351104736328125 -0.124153137207031
-0.0158653259277344 0.064300537109375 0.00244903564453124 -0.0683708190917969
-0.0556526184082031 0.0539817810058594 -0.0150508880615234 0.0144386291503906
-0.0919036865234375 0.0636215209960938 -0.105857849121094 0.0961761474609375
-0.11932373046875 0.0520858764648437 -0.191574096679688 0.0706939697265625
-0.0141143798828125 -0.0600166320800781 0.221328735351562 -0.103363037109375
-0.0614471435546875 -0.0659828186035156 0.135414123535156 -0.109352111816406
-0.0837020874023438 -0.0160675048828125 0.00295257568359375 -0.0369148254394531
-0.0603408813476563 0.0229759216308594 -0.0151901245117188 0.0537872314453125
-0.0396842956542969 0.0358810424804688 0.00818634033203124 0.114784240722656
-0.0178871154785156 0.0369110107421875 0.0934600830078125 0.1651611328125
0.00340843200683593 0.0349655151367188 0.174911499023438 0.161026000976563
0.000469207763671876 0.0287094116210938 0.194808959960938 0.13494873046875
0.00306987762451172 0.0174922943115234 0.190689086914063 0.143264770507813
0.0121927261352539 0.0138864517211914 0.140869140625 0.162704467773438
0.0205631256103516 0.0229034423828125 0.0834426879882813 0.121597290039063
0.00799942016601562 0.0401649475097656 0.0548477172851563 0.063720703125
-0.0199928283691406 0.0374488830566406 0.0975418090820313 0.0056915283203125
-0.0246162414550781 0.00724983215332032 0.22308349609375 -0.04022216796875
0.0025181770324707 -0.00572443008422852 0.359527587890625 0.0997314453125
-0.150909423828125 -0.0531463623046875 0.21575927734375 -0.097381591796875
-0.175018310546875 -0.0484466552734375 0.144821166992187 -0.0972900390625
-0.197189331054688 0.019317626953125 0.0245895385742187 -0.0496330261230469
-0.139739990234375 0.0975570678710938 -0.00128936767578126 0.0288066864013672
-0.0746078491210937 0.125144958496094 0.00148773193359375 0.0830612182617188
0.00258636474609376 0.138046264648438 0.0805206298828125 0.13800048828125
0.0589065551757812 0.116691589355469 0.158599853515625 0.139022827148438
0.057098388671875 0.103370666503906 0.181747436523438 0.111892700195313
0.06854248046875 0.0992507934570313 0.1800537109375 0.1177978515625
0.0616302490234375 0.10540771484375 0.14410400390625 0.13543701171875
0.0273056030273437 0.123794555664063 0.086700439453125 0.0915756225585938
-0.01629638671875 0.13958740234375 0.06329345703125 0.0418891906738281
-0.10748291015625 0.108474731445312 0.107147216796875 -0.0110092163085937
-0.15087890625 0.058258056640625 0.227874755859375 -0.0412139892578125
-0.13140869140625 0.0189361572265625 0.3592529296875 0.09735107421875
-0.267318725585938 -0.0411224365234375 0.166122436523437 -0.09759521484375
-0.272048950195313 -0.0246429443359376 0.124916076660156 -0.0810928344726563
-0.289642333984375 0.055816650390625 0.0427818298339843 -0.0553779602050781
-0.205245971679688 0.16241455078125 0.0200176239013672 0.000766754150390635
-0.102432250976563 0.200241088867188 0.00351333618164062 0.0365104675292969
0.0195159912109375 0.222824096679688 0.0601806640625 0.0863113403320313
0.10540771484375 0.181396484375 0.120735168457031 0.0922927856445313
0.106033325195313 0.16290283203125 0.139999389648438 0.070892333984375
0.129318237304688 0.165267944335938 0.14129638671875 0.0785980224609375
0.109695434570313 0.182022094726563 0.122993469238281 0.0927047729492188
0.03839111328125 0.21331787109375 0.0745391845703125 0.0518112182617188
-0.032928466796875 0.226516723632813 0.0628623962402344 0.0156631469726563
-0.178115844726563 0.173477172851563 0.103950500488281 -0.0212860107421875
-0.252426147460938 0.107803344726563 0.204605102539063 -0.026397705078125
-0.243789672851563 0.042938232421875 0.313140869140625 0.097015380859375
-0.345703125 -0.0179748535156251 0.0826263427734375 -0.097320556640625
-0.33331298828125 0.012237548828125 0.0781402587890625 -0.0595016479492187
-0.339080810546875 0.099151611328125 0.050811767578125 -0.0526771545410156
-0.234039306640625 0.212432861328125 0.039093017578125 -0.0291099548339844
-0.110702514648438 0.249008178710938 0.00584030151367187 -0.0181083679199219
0.037109375 0.27520751953125 0.0323543548583984 0.0184745788574219
0.136749267578125 0.219894409179688 0.0640792846679688 0.0300521850585938
0.138351440429688 0.199249267578125 0.0777969360351563 0.020355224609375
0.169754028320312 0.206558227539063 0.0799407958984375 0.0291290283203125
0.141525268554688 0.233642578125 0.0814590454101563 0.0377731323242188
0.0438232421875 0.272918701171875 0.0467338562011719 0.00502014160156252
-0.044525146484375 0.284912109375 0.0517387390136719 -0.0128898620605469
-0.22381591796875 0.213973999023438 0.0896148681640625 -0.0240325927734375
-0.315155029296875 0.140380859375 0.15802001953125 0.00132751464843751
-0.31646728515625 0.061492919921875 0.227951049804688 0.100250244140625
-0.37054443359375 0.0101928710937499 -0.0258026123046875 -0.0945892333984375
-0.34637451171875 0.052276611328125 0.0113868713378906 -0.0333023071289063
-0.333740234375 0.13507080078125 0.0442695617675781 -0.0436592102050781
-0.22125244140625 0.2362060546875 0.0468864440917969 -0.0571708679199219
-0.0950927734375 0.26171875 0.00171661376953124 -0.0725250244140625
0.05181884765625 0.284820556640625 -0.00356674194335937 -0.0526390075683593
0.14837646484375 0.223953247070312 -0.00269317626953124 -0.03741455078125
0.149948120117187 0.204483032226562 0.00378036499023438 -0.0348148345947265
0.182373046875 0.21649169921875 0.00592422485351564 -0.0242900848388672
0.14776611328125 0.24896240234375 0.0253734588623047 -0.0218505859375
0.0380859375 0.290374755859375 0.0113372802734375 -0.0433502197265625
-0.054351806640625 0.29486083984375 0.0337028503417969 -0.0399246215820312
-0.240386962890625 0.215103149414063 0.0661964416503906 -0.0184593200683594
-0.33172607421875 0.146820068359375 0.09356689453125 0.0384063720703125
-0.339385986328125 0.06890869140625 0.116401672363281 0.103225708007812
-0.336212158203125 0.034912109375 -0.139877319335938 -0.0872879028320313
-0.30303955078125 0.078582763671875 -0.064178466796875 -0.00757217407226561
-0.275192260742188 0.143325805664062 0.0242481231689453 -0.0331001281738281
-0.171951293945312 0.216888427734375 0.0356674194335937 -0.0804061889648437
-0.0644073486328125 0.2308349609375 -0.0133819580078125 -0.114669799804688
0.0612335205078125 0.24945068359375 -0.0463485717773437 -0.113716125488281
0.139053344726562 0.194168090820312 -0.0712356567382812 -0.0977783203125
0.139144897460938 0.179229736328125 -0.0702590942382813 -0.085296630859375
0.16552734375 0.193267822265625 -0.0648345947265625 -0.0764694213867187
0.126953125 0.223373413085937 -0.0289306640625 -0.0798110961914062
0.0203399658203125 0.2568359375 -0.0198440551757813 -0.0856399536132813
-0.059783935546875 0.251861572265625 0.0165481567382812 -0.0602989196777344
-0.217193603515625 0.178512573242188 0.0383338928222656 -0.00771713256835936
-0.296142578125 0.127685546875 0.021209716796875 0.0714263916015625
-0.31109619140625 0.0661926269531249 -0.00275421142578126 0.0993423461914062
-0.249099731445313 0.0473480224609375 -0.241806030273438 -0.0775909423828125
-0.210952758789062 0.0754241943359375 -0.133819580078125 0.0128250122070312
-0.180007934570313 0.112747192382812 -0.00438880920410157 -0.0202083587646484
-0.108230590820312 0.154220581054688 0.00992584228515625 -0.090789794921875
-0.034759521484375 0.162384033203125 -0.0349349975585937 -0.136322021484375
0.0548858642578125 0.178924560546875 -0.089141845703125 -0.151626586914063
0.10791015625 0.136398315429688 -0.134025573730469 -0.137863159179688
0.108383178710938 0.125457763671875 -0.133941650390625 -0.122947692871094
0.12469482421875 0.139671325683594 -0.120903015136719 -0.120887756347656
0.08819580078125 0.161941528320313 -0.0693893432617188 -0.126937866210938
0.0043487548828125 0.180313110351563 -0.03631591796875 -0.115531921386719
-0.0477752685546875 0.167678833007813 0.00576019287109375 -0.0714874267578125
-0.152206420898438 0.1181640625 0.0116968154907226 0.00376129150390626
-0.212554931640625 0.09722900390625 -0.0482406616210938 0.09320068359375
-0.234542846679687 0.0608673095703125 -0.110923767089844 0.0899887084960938
-0.120521545410156 0.0440444946289062 -0.315185546875 -0.068023681640625
-0.094879150390625 0.0414505004882813 -0.186767578125 0.0255126953125
-0.0739212036132813 0.0479507446289062 -0.034139633178711 -0.0054931640625
-0.0476341247558594 0.0626220703125 -0.0190200805664063 -0.0871200561523438
-0.0154800415039062 0.0717620849609375 -0.0553054809570313 -0.13714599609375
0.0307846069335938 0.086944580078125 -0.122787475585938 -0.165328979492188
0.0573234558105469 0.0618934631347656 -0.180389404296875 -0.155853271484375
0.0614700317382813 0.053375244140625 -0.17669677734375 -0.141799926757813
0.0691070556640625 0.0622215270996094 -0.153778076171875 -0.148117065429688
0.047119140625 0.0717544555664063 -0.08966064453125 -0.157562255859375
0.00307464599609375 0.0772323608398438 -0.0373992919921875 -0.125923156738281
-0.00967788696289062 0.0668449401855469 0.00215911865234375 -0.0689888000488281
-0.0521965026855469 0.0612754821777344 -0.0121316909790039 0.0175504684448242
-0.0913162231445313 0.0745468139648437 -0.103340148925781 0.102340698242187
-0.1226806640625 0.0599746704101562 -0.192855834960938 0.0770416259765625
-0.0120353698730469 -0.0693893432617188 0.2275390625 -0.117431640625
-0.0689773559570312 -0.0746917724609375 0.134574890136719 -0.120368957519531
-0.094207763671875 -0.0190200805664063 0.000205993652343745 -0.039398193359375
-0.0688972473144531 0.0246963500976562 -0.0157585144042969 0.0543441772460938
-0.0461006164550781 0.0419158935546875 0.00980377197265626 0.116630554199219
-0.0214424133300781 0.044281005859375 0.1004638671875 0.16546630859375
0.0016632080078125 0.0420722961425781 0.186431884765625 0.160491943359375
-0.00191497802734375 0.0328712463378906 0.205322265625 0.131088256835938
-0.000789642333984377 0.0222454071044922 0.2025146484375 0.139205932617188
0.00830554962158203 0.015049934387207 0.154022216796875 0.161849975585938
0.017578125 0.0197963714599609 0.0947341918945313 0.122344970703125
0.00704574584960938 0.0369415283203125 0.0622100830078125 0.0662384033203125
-0.0172042846679687 0.0325603485107422 0.100494384765625 0.0064544677734375
-0.020965576171875 0.00186538696289062 0.225387573242187 -0.0461273193359375
0.00832557678222656 -0.0105924606323242 0.375518798828125 0.0966796875
-0.153900146484375 -0.0569915771484375 0.22247314453125 -0.113357543945313
-0.184890747070313 -0.0515594482421875 0.146469116210938 -0.109527587890625
-0.208251953125 0.02362060546875 0.023590087890625 -0.0545806884765625
-0.1483154296875 0.105758666992188 -7.62939453125752E-06 0.0259151458740234
-0.0781173706054688 0.135353088378906 0.00325775146484375 0.0825271606445313
0.0043487548828125 0.148162841796875 0.0849990844726563 0.136451721191406
0.0626144409179688 0.122505187988281 0.168533325195313 0.135528564453125
0.0596237182617188 0.107681274414063 0.19140625 0.106094360351563
0.0719223022460938 0.102317810058594 0.191421508789063 0.111541748046875
0.0636062622070313 0.106407165527344 0.1578369140625 0.132095336914063
0.0293807983398437 0.12493896484375 0.0975875854492188 0.0901870727539063
-0.013031005859375 0.141571044921875 0.0714035034179688 0.0426483154296875
-0.105018615722656 0.112541198730469 0.112754821777344 -0.00996398925781249
-0.149551391601563 0.062591552734375 0.233627319335938 -0.0479583740234375
-0.131027221679688 0.0200958251953125 0.37701416015625 0.09234619140625
-0.274505615234375 -0.0375823974609375 0.172927856445312 -0.113037109375
-0.282135009765625 -0.021820068359375 0.128791809082031 -0.094085693359375
-0.300750732421875 0.0662841796875 0.0437278747558594 -0.062713623046875
-0.210830688476563 0.175369262695312 0.022073745727539 -0.00537681579589843
-0.103012084960938 0.21240234375 0.00375556945800781 0.0328655242919922
0.02667236328125 0.234176635742188 0.0630035400390625 0.0822677612304688
0.114166259765625 0.186920166015625 0.12750244140625 0.08685302734375
0.113357543945312 0.166763305664062 0.147811889648438 0.0645294189453125
0.1376953125 0.166854858398438 0.151153564453125 0.0721282958984375
0.118423461914063 0.183746337890625 0.135063171386719 0.0867996215820313
0.046112060546875 0.216461181640625 0.0834808349609375 0.0482177734375
-0.0257720947265625 0.23468017578125 0.0702476501464844 0.0142059326171875
-0.176910400390625 0.18426513671875 0.111083984375 -0.022491455078125
-0.254425048828125 0.119796752929688 0.21307373046875 -0.0318450927734375
-0.246475219726562 0.0499420166015625 0.333282470703125 0.092681884765625
-0.354644775390625 -0.00833129882812504 0.0876235961914062 -0.110527038574219
-0.343170166015625 0.0215148925781251 0.0824356079101562 -0.07061767578125
-0.3485107421875 0.11480712890625 0.0524635314941406 -0.0602302551269531
-0.2359619140625 0.230026245117188 0.0419082641601562 -0.0375328063964844
-0.107070922851563 0.262893676757813 0.00529670715332031 -0.0248126983642578
0.0478515625 0.285064697265625 0.0334815979003906 0.0133514404296875
0.14849853515625 0.223007202148437 0.0675506591796875 0.0237045288085938
0.149566650390625 0.20159912109375 0.082183837890625 0.0133132934570313
0.182998657226563 0.20648193359375 0.0859298706054688 0.0225372314453125
0.156570434570313 0.233810424804688 0.0903778076171875 0.030242919921875
0.05670166015625 0.280624389648438 0.0531082153320313 -0.000671386718749983
-0.03466796875 0.29583740234375 0.0570106506347656 -0.0159111022949219
-0.22357177734375 0.230026245117188 0.0971603393554687 -0.0253829956054687
-0.32000732421875 0.158660888671875 0.167312622070312 -0.00227355957031249
-0.32366943359375 0.0732116699218751 0.244857788085938 0.0973052978515625
-0.3828125 0.02471923828125 -0.0232315063476563 -0.105766296386719
-0.355316162109375 0.0673828125 0.0149650573730469 -0.0414085388183594
-0.3408203125 0.15594482421875 0.0475883483886719 -0.0518035888671875
-0.218826293945312 0.25482177734375 0.0486679077148437 -0.0681991577148437
-0.08758544921875 0.274078369140625 0.000640869140624998 -0.0801162719726562
0.067535400390625 0.292724609375 -0.00589370727539063 -0.0592994689941406
0.162216186523437 0.225616455078125 -0.00282669067382812 -0.0433387756347656
0.16375732421875 0.2049560546875 0.00388336181640626 -0.0403366088867187
0.198150634765625 0.215484619140625 0.00804901123046876 -0.0301933288574219
0.165374755859375 0.248291015625 0.029571533203125 -0.0293636322021484
0.053802490234375 0.298431396484375 0.0133171081542969 -0.0497779846191406
-0.0435791015625 0.30743408203125 0.0376701354980469 -0.0439453125
-0.24005126953125 0.235610961914063 0.0740509033203125 -0.0196151733398437
-0.33721923828125 0.167572021484375 0.102989196777344 0.0369415283203125
-0.349456787109375 0.082855224609375 0.129898071289062 0.101287841796875
-0.34832763671875 0.0506591796875 -0.142791748046875 -0.093170166015625
-0.31024169921875 0.0950927734375 -0.0611991882324219 -0.0114898681640625
-0.277694702148438 0.165695190429688 0.0280799865722656 -0.0396804809570312
-0.165695190429688 0.235137939453125 0.0370407104492187 -0.0908126831054687
-0.0553741455078125 0.241958618164063 -0.017120361328125 -0.121963500976562
0.0764312744140625 0.25531005859375 -0.0512466430664063 -0.119056701660156
0.153640747070313 0.19305419921875 -0.0769805908203125 -0.102691650390625
0.152450561523438 0.17730712890625 -0.074554443359375 -0.0900115966796875
0.181182861328125 0.190078735351563 -0.0674667358398438 -0.0818710327148437
0.143585205078125 0.221450805664063 -0.0283203125 -0.0864639282226563
0.035675048828125 0.264434814453125 -0.0216140747070312 -0.0919952392578125
-0.0482635498046875 0.263839721679688 0.0176811218261719 -0.0643882751464844
-0.216690063476563 0.19683837890625 0.0446128845214844 -0.00823974609374999
-0.30084228515625 0.14892578125 0.0288619995117187 0.0737228393554688
-0.320159912109375 0.0820312500000001 0.00559234619140622 0.102668762207031
-0.258758544921875 0.06256103515625 -0.24969482421875 -0.0786132812499999
-0.21832275390625 0.091156005859375 -0.132804870605469 0.0125885009765625
-0.180206298828125 0.1312255859375 -0.00229644775390626 -0.0262718200683594
-0.101486206054688 0.169174194335938 0.00864410400390625 -0.1002197265625
-0.0254669189453125 0.169830322265625 -0.04107666015625 -0.142471313476563
0.06964111328125 0.181793212890625 -0.09747314453125 -0.15484619140625
0.120140075683594 0.132949829101563 -0.143218994140625 -0.1412353515625
0.119209289550781 0.122154235839844 -0.141647338867187 -0.12554931640625
0.137123107910156 0.134849548339844 -0.127616882324219 -0.123893737792969
0.102279663085937 0.158126831054688 -0.0735397338867188 -0.133201599121094
0.017303466796875 0.184524536132813 -0.0396881103515625 -0.1207275390625
-0.038299560546875 0.175689697265625 0.0052032470703125 -0.0742950439453125
-0.149627685546875 0.13372802734375 0.0166339874267578 0.00487232208251954
-0.214218139648438 0.116561889648438 -0.0424957275390625 0.0989456176757813
-0.2421875 0.07635498046875 -0.10791015625 0.0968475341796875
-0.128936767578125 0.0555953979492188 -0.328094482421875 -0.065582275390625
-0.100776672363281 0.0520858764648438 -0.189010620117188 0.0285491943359375
-0.0746994018554688 0.0611801147460937 -0.0345077514648438 -0.0106277465820312
-0.0428085327148437 0.0726470947265625 -0.0231399536132812 -0.0949630737304688
-0.00925445556640625 0.076385498046875 -0.0629730224609375 -0.141326904296875
0.0408706665039063 0.0876541137695313 -0.134017944335938 -0.166229248046875
0.0655364990234375 0.0574913024902344 -0.191665649414063 -0.15472412109375
0.0686607360839844 0.0482521057128906 -0.187255859375 -0.141128540039063
0.0768356323242188 0.0565567016601563 -0.16290283203125 -0.149154663085938
0.0557403564453125 0.0668296813964844 -0.0959625244140625 -0.161361694335938
0.0128631591796875 0.078094482421875 -0.04168701171875 -0.129600524902344
-0.00122451782226563 0.0694084167480469 0.00101470947265625 -0.0714263916015625
-0.04632568359375 0.0717315673828125 -0.00866127014160156 0.0201988220214844
-0.089447021484375 0.0893096923828125 -0.0996475219726563 0.1112060546875
-0.126419067382813 0.0724945068359375 -0.194732666015625 0.0887451171875
-0.0136947631835937 -0.0810089111328125 0.226806640625 -0.139083862304688
-0.080596923828125 -0.0807952880859375 0.129714965820313 -0.134368896484375
-0.106376647949219 -0.0169143676757812 -0.00278854370117188 -0.0419082641601563
-0.0785140991210938 0.031341552734375 -0.0142631530761719 0.0553512573242188
-0.050628662109375 0.0511970520019531 0.014190673828125 0.117942810058594
-0.022552490234375 0.0542793273925781 0.110122680664063 0.163116455078125
0.00298309326171875 0.0500106811523438 0.200546264648438 0.15289306640625
-0.0024566650390625 0.0399055480957031 0.219131469726563 0.121475219726563
-0.00284767150878906 0.0279350280761719 0.2176513671875 0.129119873046875
0.00372886657714844 0.0178508758544922 0.170806884765625 0.155349731445312
0.0131072998046875 0.0176048278808594 0.109329223632813 0.119117736816406
0.00622749328613281 0.03265380859375 0.07110595703125 0.0670089721679687
-0.0145473480224609 0.0266532897949219 0.103439331054688 0.00525665283203125
-0.0179939270019531 -0.00499534606933593 0.226150512695313 -0.055999755859375
0.0135250091552734 -0.0178852081298828 0.393829345703125 0.08270263671875
-0.158004760742187 -0.057861328125 0.224594116210938 -0.136886596679688
-0.197021484375 -0.050689697265625 0.142745971679687 -0.126602172851563
-0.220458984375 0.0337982177734375 0.0204620361328125 -0.0609169006347656
-0.15350341796875 0.11920166015625 0.000415802001953118 0.0229358673095703
-0.07818603515625 0.148666381835938 0.00560760498046875 0.0809478759765625
0.010772705078125 0.158798217773438 0.093292236328125 0.132400512695313
0.0707168579101563 0.1290283203125 0.180938720703125 0.126419067382812
0.0661087036132813 0.112503051757812 0.203094482421875 0.09442138671875
0.0774307250976563 0.1051025390625 0.20526123046875 0.0996551513671875
0.0678634643554688 0.106674194335938 0.17401123046875 0.121994018554687
0.0342025756835937 0.124259948730469 0.111259460449219 0.0844268798828125
-0.006591796875 0.143173217773438 0.0808944702148438 0.0409393310546875
-0.0997695922851563 0.116485595703125 0.118080139160156 -0.0135650634765625
-0.146530151367188 0.0676422119140625 0.23858642578125 -0.0580596923828125
-0.128616333007813 0.0229415893554688 0.398834228515625 0.0750732421875
-0.281341552734375 -0.0284118652343751 0.17474365234375 -0.136367797851563
-0.2939453125 -0.012725830078125 0.126808166503906 -0.110939025878906
-0.309722900390625 0.08367919921875 0.0410919189453125 -0.0712890625
-0.2115478515625 0.194488525390625 0.0220279693603515 -0.0140800476074219
-0.0974273681640625 0.228179931640625 0.00419998168945312 0.0278129577636719
0.0406341552734375 0.243209838867188 0.0674209594726563 0.0763092041015625
0.12774658203125 0.189422607421875 0.135269165039063 0.0773696899414063
0.125244140625 0.167877197265625 0.15673828125 0.0528106689453125
0.15093994140625 0.165298461914063 0.1612548828125 0.059661865234375
0.1312255859375 0.180526733398437 0.148773193359375 0.07415771484375
0.059661865234375 0.219635009765625 0.093505859375 0.0398178100585938
-0.0126800537109375 0.241546630859375 0.078643798828125 0.0101776123046875
-0.169143676757813 0.196807861328125 0.119453430175781 -0.0259780883789062
-0.251022338867188 0.135986328125 0.22100830078125 -0.0426483154296875
-0.248275756835937 0.0626983642578125 0.354949951171875 0.075775146484375
-0.363739013671875 0.0102844238281251 0.0882110595703125 -0.129783630371094
-0.3526611328125 0.0390625 0.0824737548828125 -0.0859832763671875
-0.35296630859375 0.13885498046875 0.0522918701171875 -0.0712966918945312
-0.230819702148438 0.251724243164063 0.0416603088378906 -0.0496978759765625
-0.0962677001953125 0.278411865234375 0.00309753417968749 -0.0323677062988281
0.06719970703125 0.291900634765625 0.0332355499267578 0.00553894042968752
0.165878295898438 0.221908569335938 0.0707855224609375 0.0145339965820313
0.165939331054687 0.198806762695312 0.0862350463867188 0.00301361083984376
0.201004028320313 0.200973510742188 0.0921859741210938 0.0117721557617188
0.175704956054688 0.22882080078125 0.0984954833984375 0.0187301635742188
0.076324462890625 0.284271240234375 0.0580787658691406 -0.00978469848632811
-0.016815185546875 0.306549072265625 0.063629150390625 -0.0217323303222656
-0.21533203125 0.2515869140625 0.106346130371094 -0.0302352905273437
-0.31732177734375 0.183135986328125 0.17724609375 -0.012176513671875
-0.32720947265625 0.092742919921875 0.266342163085938 0.0840606689453125
-0.3914794921875 0.049560546875 -0.0257720947265625 -0.117507934570313
-0.361053466796875 0.090850830078125 0.0168495178222656 -0.0521240234375
-0.339324951171875 0.184326171875 0.0484046936035156 -0.0625228881835937
-0.2069091796875 0.278488159179688 0.04852294921875 -0.082122802734375
-0.072174072265625 0.288330078125 -0.00442504882812501 -0.088836669921875
0.089691162109375 0.2965087890625 -0.0107765197753906 -0.0661506652832031
0.181304931640625 0.220352172851562 -0.00597763061523436 -0.0502471923828125
0.181503295898438 0.19927978515625 0.00284194946289064 -0.0485305786132812
0.218734741210938 0.206512451171875 0.00891494750976564 -0.0375518798828125
0.18756103515625 0.240509033203125 0.0326385498046875 -0.0397834777832031
0.07672119140625 0.30224609375 0.0134315490722656 -0.0576705932617187
-0.023284912109375 0.320556640625 0.040435791015625 -0.0497512817382812
-0.231063842773437 0.26007080078125 0.08258056640625 -0.0245285034179687
-0.335662841796875 0.19708251953125 0.113540649414062 0.0315093994140625
-0.35418701171875 0.107025146484375 0.147659301757812 0.0953216552734375
-0.357818603515625 0.079559326171875 -0.147613525390625 -0.09716796875
-0.31390380859375 0.121307373046875 -0.0587120056152344 -0.0157661437988281
-0.2716064453125 0.194091796875 0.0290451049804687 -0.0495758056640625
-0.150466918945313 0.255584716796875 0.0341644287109375 -0.104225158691406
-0.038116455078125 0.252426147460938 -0.0249557495117188 -0.130294799804688
0.0999298095703125 0.255523681640625 -0.0608062744140625 -0.1236572265625
0.171875 0.18560791015625 -0.0853958129882812 -0.1055908203125
0.170150756835938 0.16937255859375 -0.0814743041992187 -0.0927505493164063
0.200164794921875 0.180038452148438 -0.0731658935546875 -0.0850753784179687
0.1649169921875 0.213058471679688 -0.0328140258789062 -0.094451904296875
0.05853271484375 0.267837524414063 -0.02642822265625 -0.0988922119140625
-0.0287933349609375 0.27532958984375 0.0175704956054687 -0.0699310302734375
-0.20745849609375 0.220733642578125 0.052642822265625 -0.0119895935058594
-0.298065185546875 0.178558349609375 0.0394210815429687 0.0737838745117188
-0.32550048828125 0.10687255859375 0.0189895629882812 0.103317260742188
-0.2672119140625 0.088348388671875 -0.258529663085938 -0.0734710693359375
-0.220672607421875 0.113800048828125 -0.131637573242187 0.0142364501953125
-0.173507690429688 0.155975341796875 -0.00168037414550782 -0.03375244140625
-0.0869903564453125 0.185272216796875 0.00347900390625001 -0.111091613769531
-0.01019287109375 0.177658081054687 -0.051910400390625 -0.147552490234375
0.088623046875 0.17938232421875 -0.11053466796875 -0.156448364257813
0.135780334472656 0.124092102050781 -0.155502319335938 -0.13946533203125
0.133811950683594 0.1131591796875 -0.152755737304688 -0.124588012695312
0.15191650390625 0.1240234375 -0.137351989746094 -0.124061584472656
0.118789672851563 0.149276733398438 -0.0815658569335937 -0.137733459472656
0.0352783203125 0.185287475585938 -0.047698974609375 -0.125213623046875
-0.0213623046875 0.182449340820313 0.00353240966796874 -0.0787582397460937
-0.140655517578125 0.151885986328125 0.0227165222167969 0.00435829162597657
-0.209136962890625 0.141616821289062 -0.0331039428710938 0.104339599609375
-0.244735717773437 0.0988159179687499 -0.100532531738281 0.105079650878906
-0.135429382324219 0.0730209350585938 -0.3411865234375 -0.0546569824218749
-0.10333251953125 0.0679244995117188 -0.190414428710938 0.0348358154296875
-0.0707168579101562 0.0765914916992188 -0.0352554321289063 -0.0151290893554687
-0.033233642578125 0.0829086303710938 -0.0310821533203125 -0.101387023925781
0.00106048583984374 0.0805511474609375 -0.0752716064453125 -0.1435546875
0.0540618896484375 0.0849685668945313 -0.148834228515625 -0.163375854492188
0.0753021240234375 0.0500030517578125 -0.206832885742188 -0.148513793945312
0.0772171020507813 0.0390701293945312 -0.200607299804688 -0.136001586914062
0.0847244262695313 0.0453567504882813 -0.175430297851563 -0.145294189453125
0.0656204223632813 0.057830810546875 -0.107589721679687 -0.16229248046875
0.0241928100585938 0.074981689453125 -0.0492706298828125 -0.13189697265625
0.0102882385253906 0.0696220397949219 -0.00119781494140626 -0.0740509033203125
-0.0362625122070313 0.0815658569335938 -0.00334358215332031 0.0225315093994141
-0.0815658569335937 0.106460571289062 -0.0916900634765625 0.121261596679688
-0.126174926757813 0.090087890625 -0.192367553710938 0.104202270507812
-0.0184783935546875 -0.0934524536132813 0.215606689453125 -0.161041259765625
-0.0945510864257812 -0.083343505859375 0.116409301757812 -0.146636962890625
-0.119438171386719 -0.01165771484375 -0.00850677490234376 -0.0437889099121094
-0.086090087890625 0.0412521362304688 -0.0128936767578125 0.0553932189941406
-0.0522918701171875 0.0622138977050781 0.0204620361328125 0.116500854492188
-0.0203475952148437 0.0647315979003906 0.120269775390625 0.15643310546875
0.00686264038085938 0.0587692260742188 0.211746215820313 0.138534545898438
-0.00138092041015625 0.0468864440917969 0.227630615234375 0.1060791015625
-0.00376319885253906 0.0348262786865234 0.227783203125 0.111846923828125
-0.000932693481445314 0.0224056243896484 0.185028076171875 0.140838623046875
0.00711727142333984 0.0163736343383789 0.1231689453125 0.109603881835938
0.00225830078125 0.027740478515625 0.0803604125976563 0.0637588500976563
-0.0125102996826172 0.0187301635742188 0.105728149414063 0.0040130615234375
-0.0167436599731445 -0.0141716003417969 0.220718383789063 -0.0667724609375
0.0172958374023438 -0.0282630920410156 0.404296875 0.06011962890625
-0.1607666015625 -0.0575103759765625 0.213897705078125 -0.160659790039063
-0.208251953125 -0.044708251953125 0.131332397460938 -0.14276123046875
-0.228683471679688 0.048095703125 0.014892578125 -0.0660781860351562
-0.15338134765625 0.134552001953125 -0.000574111938476574 0.0189952850341797
-0.0720367431640625 0.162261962890625 0.00806427001953125 0.0777359008789063
0.022674560546875 0.166595458984375 0.0994644165039063 0.123764038085938
0.0801544189453125 0.131515502929688 0.18902587890625 0.111160278320313
0.07318115234375 0.113960266113281 0.210220336914063 0.0759429931640625
0.0833892822265625 0.105712890625 0.213119506835938 0.080902099609375
0.0719146728515625 0.104255676269531 0.18646240234375 0.104171752929688
0.0385055541992188 0.121315002441406 0.1224365234375 0.0727386474609375
-0.000259399414062491 0.141448974609375 0.0903472900390625 0.0352020263671875
-0.0923690795898437 0.11676025390625 0.122871398925781 -0.0185394287109375
-0.139236450195313 0.0698928833007813 0.237274169921875 -0.0717315673828125
-0.122383117675781 0.0240402221679687 0.41156005859375 0.04949951171875
-0.281494140625 -0.0161437988281251 0.1658935546875 -0.160018920898438
-0.30023193359375 0.00115966796875006 0.117828369140625 -0.127517700195313
-0.311920166015625 0.10491943359375 0.03509521484375 -0.0787124633789063
-0.204086303710938 0.214279174804687 0.0186691284179687 -0.022552490234375
-0.0850067138671875 0.241744995117188 0.00347137451171875 0.0224246978759766
0.058441162109375 0.247146606445313 0.0690193176269531 0.0672149658203125
0.141571044921875 0.186019897460937 0.139251708984375 0.0628585815429688
0.137847900390625 0.163848876953125 0.160507202148438 0.0351409912109375
0.162872314453125 0.15869140625 0.167449951171875 0.0422821044921875
0.14337158203125 0.1715087890625 0.158279418945313 0.0559234619140625
0.07305908203125 0.214614868164063 0.100013732910156 0.027435302734375
0.0027618408203125 0.241851806640625 0.0865478515625 0.00258636474609376
-0.154876708984375 0.20660400390625 0.126350402832031 -0.0327224731445312
-0.239395141601562 0.150634765625 0.222885131835937 -0.0580902099609375
-0.241226196289062 0.0747833251953125 0.36920166015625 0.050048828125
-0.36248779296875 0.033050537109375 0.0801544189453125 -0.150100708007813
-0.35235595703125 0.06011962890625 0.0768203735351562 -0.100723266601563
-0.345428466796875 0.165313720703125 0.0468673706054687 -0.0818023681640625
-0.215057373046875 0.27117919921875 0.0369491577148437 -0.061981201171875
-0.07843017578125 0.2886962890625 -0.00233840942382813 -0.0395164489746094
0.08984375 0.2908935546875 0.0293540954589844 -0.00254631042480467
0.183212280273438 0.212890625 0.0697669982910157 0.00402069091796876
0.180465698242188 0.188339233398438 0.0872802734375 -0.00924682617187499
0.216720581054687 0.18817138671875 0.0936431884765625 -0.00198364257812499
0.192520141601563 0.213851928710937 0.103500366210938 0.00151062011718751
0.0977630615234375 0.278549194335938 0.0604629516601563 -0.0219459533691406
0.00567626953125 0.309112548828125 0.0679664611816406 -0.0290107727050781
-0.196685791015625 0.267288208007813 0.113304138183594 -0.039581298828125
-0.303070068359375 0.206695556640625 0.183502197265625 -0.02447509765625
-0.319000244140625 0.1138916015625 0.282073974609375 0.06158447265625
-0.387420654296875 0.0795288085937499 -0.0313034057617188 -0.130256652832031
-0.35577392578125 0.1173095703125 0.0160140991210937 -0.0628242492675781
-0.32373046875 0.2125244140625 0.0459671020507812 -0.07379150390625
-0.1859130859375 0.29522705078125 0.0427398681640625 -0.0948944091796875
-0.05084228515625 0.295135498046875 -0.0127334594726563 -0.0968475341796875
0.114471435546875 0.290252685546875 -0.017364501953125 -0.0717620849609375
0.199066162109375 0.206649780273438 -0.0116462707519531 -0.0562744140625
0.197219848632812 0.185256958007813 -0.00148010253906248 -0.0557098388671875
0.23583984375 0.18817138671875 0.00665664672851564 -0.0460891723632812
0.206878662109375 0.222579956054688 0.0307731628417969 -0.0520133972167969
0.102630615234375 0.2958984375 0.0109138488769531 -0.0663299560546875
0.00323486328125003 0.32464599609375 0.0419044494628906 -0.0573196411132812
-0.211166381835938 0.28082275390625 0.0890350341796875 -0.0323028564453125
-0.31842041015625 0.22515869140625 0.122703552246094 0.021087646484375
-0.348297119140625 0.133087158203125 0.162796020507812 0.0808563232421875
-0.35162353515625 0.110321044921875 -0.152130126953125 -0.0993194580078125
-0.305145263671875 0.14971923828125 -0.0570716857910156 -0.0208892822265625
-0.253494262695313 0.221435546875 0.027801513671875 -0.060455322265625
-0.126052856445312 0.269424438476563 0.0261917114257813 -0.117698669433594
-0.01544189453125 0.254623413085938 -0.0362930297851563 -0.134574890136719
0.123138427734375 0.2449951171875 -0.0720672607421875 -0.123802185058594
0.18829345703125 0.169403076171875 -0.0943603515625 -0.105995178222656
0.184249877929687 0.153274536132812 -0.0887908935546875 -0.0942764282226562
0.214431762695313 0.16015625 -0.0796127319335937 -0.0868606567382812
0.183792114257813 0.1947021484375 -0.03912353515625 -0.10064697265625
0.08428955078125 0.260269165039063 -0.032318115234375 -0.103805541992188
-0.00346374511718748 0.277984619140625 0.0160751342773438 -0.0751266479492187
-0.186874389648437 0.240753173828125 0.0593528747558594 -0.0185470581054687
-0.282470703125 0.206634521484375 0.0509681701660156 0.0677642822265625
-0.318511962890625 0.13427734375 0.0333480834960937 0.0985107421875
-0.26318359375 0.117721557617187 -0.263626098632813 -0.06475830078125
-0.211349487304688 0.138519287109375 -0.12677001953125 0.016326904296875
-0.156356811523437 0.177658081054688 -0.00283813476562501 -0.0422515869140625
-0.066070556640625 0.196365356445313 -0.00592041015625 -0.119949340820313
0.00964355468750001 0.178695678710938 -0.0641326904296875 -0.1480712890625
0.108062744140625 0.168502807617188 -0.12286376953125 -0.152069091796875
0.14776611328125 0.108291625976562 -0.167495727539062 -0.131820678710938
0.143783569335938 0.096771240234375 -0.162643432617188 -0.118438720703125
0.16229248046875 0.105133056640625 -0.146774291992188 -0.119583129882813
0.132080078125 0.132766723632813 -0.0914230346679687 -0.138206481933594
0.054534912109375 0.1785888671875 -0.0566558837890625 -0.1265869140625
-0.000610351562500005 0.181442260742187 4.5776367187507E-05 -0.0824050903320312
-0.12200927734375 0.16546630859375 0.0295906066894531 0.000150680541992198
-0.193756103515625 0.165054321289062 -0.0199356079101563 0.104537963867188
-0.238601684570313 0.123519897460937 -0.088958740234375 0.110565185546875
-0.133834838867188 0.0950241088867187 -0.3466796875 -0.0373535156250001
-0.100074768066406 0.0860748291015625 -0.186920166015625 0.04217529296875
-0.0612869262695313 0.0917434692382813 -0.0370864868164063 -0.0203323364257813
-0.0193557739257813 0.0903701782226562 -0.0422821044921875 -0.105339050292969
0.014862060546875 0.0806884765625 -0.0885772705078125 -0.139808654785156
0.0677642822265625 0.0765838623046875 -0.161956787109375 -0.153091430664063
0.082794189453125 0.0364837646484375 -0.218994140625 -0.135208129882812
0.0821762084960938 0.0260391235351563 -0.2115478515625 -0.123870849609375
0.0894546508789063 0.0312347412109375 -0.185791015625 -0.136444091796875
0.0724411010742187 0.0434646606445312 -0.118545532226563 -0.157760620117187
0.0365562438964844 0.0664596557617188 -0.0585174560546875 -0.131019592285156
0.0229263305664063 0.0650825500488281 -0.003570556640625 -0.0747528076171875
-0.0208816528320312 0.088043212890625 0.00332069396972656 0.0226192474365234
-0.0660247802734375 0.121627807617188 -0.0779342651367188 0.12841796875
-0.118858337402344 0.108024597167969 -0.181961059570313 0.118911743164062
-0.02642822265625 -0.10455322265625 0.196319580078125 -0.172775268554688
-0.109344482421875 -0.0817489624023438 0.100448608398438 -0.151519775390625
-0.128028869628906 -0.00241851806640627 -0.0131034851074219 -0.0420036315917969
-0.0918502807617188 0.0530166625976562 -0.0117874145507813 0.0552215576171875
-0.0498428344726562 0.0730514526367188 0.0226287841796875 0.113479614257813
-0.0153732299804687 0.0756454467773438 0.122482299804688 0.147048950195313
0.0136032104492188 0.0658378601074219 0.214187622070313 0.122817993164062
0.00222396850585937 0.0547676086425781 0.227218627929688 0.0888671875
-0.00134658813476563 0.043426513671875 0.229263305664063 0.0947418212890625
-0.00308799743652344 0.0279560089111328 0.190704345703125 0.1239013671875
9.63211059570305E-05 0.0170516967773438 0.129814147949219 0.0959548950195313
-0.00258445739746094 0.0235195159912109 0.088043212890625 0.05853271484375
-0.0158262252807617 0.00981330871582031 0.106788635253906 0.00160980224609375
-0.0176563262939453 -0.0244712829589844 0.212600708007812 -0.0706634521484375
0.0190696716308594 -0.0408134460449219 0.402862548828125 0.041412353515625
-0.163330078125 -0.059326171875 0.1956787109375 -0.177566528320312
-0.215194702148438 -0.040130615234375 0.115097045898438 -0.150527954101563
-0.230880737304687 0.0604095458984375 0.00690460205078124 -0.0689773559570313
-0.149566650390625 0.147674560546875 -0.00399494171142579 0.0151567459106445
-0.0647125244140625 0.172698974609375 0.009124755859375 0.0732269287109375
0.032623291015625 0.169586181640625 0.0986404418945313 0.11517333984375
0.089691162109375 0.131546020507813 0.189544677734375 0.0953826904296875
0.0797805786132813 0.113357543945313 0.208969116210938 0.05853271484375
0.0884170532226563 0.106796264648438 0.2122802734375 0.0599212646484375
0.0714340209960938 0.102470397949219 0.190322875976563 0.08453369140625
0.0394821166992188 0.117340087890625 0.127113342285156 0.0563125610351563
0.00191497802734376 0.133468627929688 0.0975265502929688 0.0274887084960938
-0.0854644775390625 0.11053466796875 0.124908447265625 -0.022369384765625
-0.131477355957031 0.0670089721679687 0.230453491210937 -0.0803985595703125
-0.11480712890625 0.018585205078125 0.410736083984375 0.025238037109375
-0.275115966796875 -0.00785827636718746 0.149642944335937 -0.178482055664063
-0.29913330078125 0.01263427734375 0.1016845703125 -0.138984680175781
-0.30419921875 0.120513916015625 0.0274887084960937 -0.0837020874023437
-0.191619873046875 0.223114013671875 0.0128345489501953 -0.0299568176269531
-0.071685791015625 0.2469482421875 -0.000149726867675784 0.0147638320922852
0.073211669921875 0.241744995117188 0.0655746459960938 0.0579414367675781
0.152023315429688 0.178543090820313 0.136528015136719 0.0470733642578125
0.144302368164063 0.154388427734375 0.15704345703125 0.0186767578125
0.166946411132813 0.149261474609375 0.16571044921875 0.024078369140625
0.146820068359375 0.161041259765625 0.159759521484375 0.0364532470703125
0.081207275390625 0.206146240234375 0.102142333984375 0.0134506225585938
0.0140533447265625 0.232879638671875 0.0909957885742188 -0.00900268554687499
-0.13861083984375 0.205825805664063 0.129104614257813 -0.0407333374023437
-0.2230224609375 0.153305053710938 0.219024658203125 -0.0694427490234375
-0.22869873046875 0.079010009765625 0.372528076171875 0.02215576171875
-0.34881591796875 0.048553466796875 0.0691375732421875 -0.165695190429688
-0.340972900390625 0.0751953124999999 0.0664138793945312 -0.11212158203125
-0.33135986328125 0.1806640625 0.0397872924804687 -0.0893783569335938
-0.19720458984375 0.281036376953125 0.0290603637695312 -0.0716094970703125
-0.061767578125 0.28826904296875 -0.0100860595703125 -0.047088623046875
0.107269287109375 0.280792236328125 0.0234737396240234 -0.0100841522216797
0.1923828125 0.197998046875 0.065093994140625 -0.00615692138671874
0.188812255859375 0.17364501953125 0.08148193359375 -0.02423095703125
0.224929809570313 0.171661376953125 0.0902252197265625 -0.0156707763671875
0.198928833007813 0.196365356445313 0.100051879882813 -0.013092041015625
0.11370849609375 0.266647338867188 0.0595359802246094 -0.0326461791992187
0.025115966796875 0.30108642578125 0.0697822570800781 -0.0394554138183594
-0.175460815429688 0.269943237304688 0.11834716796875 -0.0496978759765625
-0.281402587890625 0.217041015625 0.183578491210937 -0.038360595703125
-0.303863525390625 0.12518310546875 0.287353515625 0.037139892578125
-0.371978759765625 0.101959228515625 -0.0406494140625 -0.139274597167969
-0.339202880859375 0.133087158203125 0.0105056762695312 -0.0731430053710938
-0.30145263671875 0.22808837890625 0.0402908325195312 -0.083953857421875
-0.15899658203125 0.300628662109375 0.03277587890625 -0.106269836425781
-0.03192138671875 0.29144287109375 -0.0211410522460937 -0.0993576049804687
0.131912231445313 0.274322509765625 -0.0251083374023437 -0.07452392578125
0.207794189453125 0.188186645507813 -0.0171127319335937 -0.0624923706054687
0.20501708984375 0.167816162109375 -0.00812149047851561 -0.0619010925292969
0.24237060546875 0.16741943359375 0.00245285034179689 -0.0509414672851562
0.217193603515625 0.200927734375 0.0289421081542969 -0.0635185241699219
0.120346069335938 0.281005859375 0.00663757324218751 -0.0743637084960938
0.02752685546875 0.314117431640625 0.0425300598144531 -0.0644416809082031
-0.18719482421875 0.2879638671875 0.0925064086914063 -0.0423965454101562
-0.295379638671875 0.240875244140625 0.125213623046875 0.00920104980468752
-0.331146240234375 0.151763916015625 0.173263549804687 0.0608978271484375
-0.336395263671875 0.134368896484375 -0.15374755859375 -0.103271484375
-0.284759521484375 0.16986083984375 -0.054840087890625 -0.0301094055175781
-0.227523803710937 0.234466552734375 0.023406982421875 -0.0703506469726562
-0.100967407226563 0.271957397460938 0.0151824951171875 -0.127265930175781
0.00434875488281251 0.2471923828125 -0.0454864501953125 -0.135215759277344
0.140411376953125 0.22637939453125 -0.0821609497070312 -0.121444702148438
0.193252563476563 0.149490356445313 -0.102226257324219 -0.103500366210938
0.190811157226563 0.1348876953125 -0.094390869140625 -0.09259033203125
0.220123291015625 0.137359619140625 -0.084136962890625 -0.0858688354492188
0.191024780273438 0.171890258789063 -0.0451507568359375 -0.106658935546875
0.10162353515625 0.246490478515625 -0.0392379760742188 -0.1064453125
0.018951416015625 0.268081665039063 0.0136871337890625 -0.0813980102539062
-0.1619873046875 0.249481201171875 0.0624923706054688 -0.0263023376464844
-0.25762939453125 0.22381591796875 0.058135986328125 0.0595970153808594
-0.30108642578125 0.154022216796875 0.044586181640625 0.0881423950195313
-0.248382568359375 0.140548706054688 -0.26080322265625 -0.0595397949218749
-0.194656372070313 0.157424926757813 -0.120811462402344 0.00978851318359376
-0.134857177734375 0.18902587890625 -0.00577926635742189 -0.0496406555175781
-0.042938232421875 0.195388793945313 -0.0161972045898438 -0.125946044921875
0.0267486572265625 0.170425415039063 -0.0748291015625 -0.142837524414063
0.121734619140625 0.149642944335938 -0.130279541015625 -0.143218994140625
0.151611328125 0.0887908935546875 -0.172958374023438 -0.123916625976563
0.1468505859375 0.0780792236328125 -0.16595458984375 -0.112258911132813
0.162750244140625 0.0851287841796875 -0.150115966796875 -0.111770629882813
0.136726379394531 0.111396789550781 -0.0980072021484375 -0.136894226074219
0.0684814453125 0.16455078125 -0.0640106201171875 -0.126014709472656
0.017333984375 0.175079345703125 -0.00313568115234375 -0.0849380493164062
-0.0992889404296875 0.170745849609375 0.0335483551025391 -0.00265884399414061
-0.1700439453125 0.1793212890625 -0.00759124755859376 0.098907470703125
-0.221588134765625 0.143173217773438 -0.07440185546875 0.107765197753906
-0.124969482421875 0.112037658691406 -0.344757080078125 -0.0231018066406251
-0.0923309326171875 0.0991744995117188 -0.179779052734375 0.0448760986328125
-0.046875 0.102745056152344 -0.0394706726074219 -0.0248069763183594
-0.00351715087890625 0.0933914184570313 -0.0526885986328125 -0.105995178222656
0.0260086059570313 0.0755538940429688 -0.09942626953125 -0.130722045898438
0.0773239135742188 0.0624465942382812 -0.168792724609375 -0.139541625976562
0.08392333984375 0.02044677734375 -0.222396850585937 -0.121139526367188
0.0821380615234375 0.0127029418945313 -0.214584350585938 -0.111373901367188
0.0873870849609375 0.0153884887695313 -0.1900634765625 -0.125350952148438
0.0710983276367188 0.0290756225585938 -0.1239013671875 -0.151458740234375
0.0443649291992187 0.0555000305175781 -0.06341552734375 -0.126106262207031
0.0350456237792969 0.0547599792480469 -0.00606536865234375 -0.075592041015625
-0.00408935546874999 0.0891876220703125 0.0104827880859375 0.0197925567626953
-0.0456314086914062 0.130531311035156 -0.06390380859375 0.127235412597656
-0.105560302734375 0.122787475585938 -0.164962768554688 0.126235961914063
-0.0354385375976563 -0.114555358886719 0.177902221679688 -0.175308227539063
-0.12286376953125 -0.0789871215820312 0.0860137939453125 -0.14971923828125
-0.137161254882813 0.00579833984375 -0.0174293518066406 -0.0397148132324219
-0.0935821533203125 0.0636978149414062 -0.0136566162109375 0.0545845031738281
-0.0483856201171875 0.0849761962890625 0.0231170654296875 0.110260009765625
-0.00775146484375 0.0856704711914063 0.121864318847656 0.1402587890625
0.02001953125 0.0729141235351563 0.211456298828125 0.11328125
0.00666427612304687 0.0606727600097656 0.222747802734375 0.078460693359375
0.00144577026367187 0.0517730712890625 0.222564697265625 0.08197021484375
-0.00580215454101562 0.0353660583496094 0.190261840820313 0.109878540039063
-0.00801658630371094 0.0211296081542969 0.132781982421875 0.0840072631835938
-0.0108680725097656 0.0217609405517578 0.092010498046875 0.052734375
-0.0205879211425781 0.000452041625976559 0.108924865722656 0.00406646728515625
-0.0233535766601563 -0.0360298156738281 0.20501708984375 -0.0666656494140625
0.0163726806640625 -0.0542068481445313 0.398529052734375 0.03228759765625
-0.165252685546875 -0.066497802734375 0.176025390625 -0.185653686523438
-0.22320556640625 -0.03448486328125 0.0998687744140625 -0.152252197265625
-0.232681274414062 0.0685272216796875 0.00148010253906249 -0.0673599243164063
-0.1475830078125 0.156036376953125 -0.00758457183837891 0.0118370056152344
-0.0584259033203125 0.178878784179687 0.00429916381835937 0.0679359436035156
0.041656494140625 0.174118041992188 0.0948715209960937 0.107627868652344
0.0955810546875 0.133026123046875 0.183746337890625 0.08367919921875
0.0819168090820312 0.114952087402344 0.200881958007812 0.04669189453125
0.0904617309570312 0.106468200683594 0.205917358398438 0.048492431640625
0.0700912475585938 0.101799011230469 0.186904907226563 0.0686187744140625
0.0338897705078125 0.115707397460937 0.126579284667969 0.0432891845703125
0.000968933105468763 0.127845764160156 0.100494384765625 0.018463134765625
-0.0820541381835938 0.102348327636719 0.128517150878906 -0.0251388549804687
-0.127952575683594 0.0581817626953125 0.224411010742188 -0.0814208984375
-0.109580993652344 0.0104598999023437 0.407501220703125 0.009552001953125
-0.270355224609375 -0.0112457275390625 0.132369995117187 -0.187850952148438
-0.297882080078125 0.016571044921875 0.0892486572265625 -0.142532348632813
-0.300018310546875 0.127960205078125 0.0209808349609375 -0.088104248046875
-0.184677124023438 0.230300903320313 0.00598907470703124 -0.0340557098388672
-0.063385009765625 0.249664306640625 -0.00754547119140625 0.0112791061401367
0.0821990966796875 0.24029541015625 0.0577316284179688 0.0527381896972656
0.156387329101563 0.174652099609375 0.128746032714844 0.0391769409179688
0.146011352539063 0.151824951171875 0.149505615234375 0.00697326660156251
0.168914794921875 0.144180297851563 0.157012939453125 0.0119781494140625
0.14495849609375 0.15374755859375 0.154937744140625 0.0203094482421875
0.081817626953125 0.198745727539063 0.100486755371094 -0.000518798828124988
0.019256591796875 0.225433349609375 0.094329833984375 -0.0161819458007812
-0.131484985351562 0.197616577148438 0.132514953613281 -0.046356201171875
-0.212997436523438 0.148880004882812 0.21649169921875 -0.074676513671875
-0.217391967773438 0.074676513671875 0.369232177734375 0.0057373046875
-0.336700439453125 0.052490234375 0.0541534423828125 -0.177017211914063
-0.332183837890625 0.079132080078125 0.055908203125 -0.120185852050781
-0.3175048828125 0.1854248046875 0.032501220703125 -0.0953598022460938
-0.183456420898438 0.279296875 0.0194549560546875 -0.0791015625
-0.0516357421875 0.28643798828125 -0.0178260803222656 -0.0501251220703125
0.11492919921875 0.271331787109375 0.0145435333251953 -0.0131483078002929
0.19500732421875 0.1904296875 0.0574913024902344 -0.0142288208007812
0.187911987304687 0.165390014648438 0.07379150390625 -0.032196044921875
0.222671508789063 0.160263061523438 0.0841064453125 -0.026031494140625
0.197357177734375 0.18255615234375 0.0958328247070313 -0.0290679931640625
0.116348266601563 0.254135131835938 0.0551567077636719 -0.0440940856933594
0.034088134765625 0.290618896484375 0.07196044921875 -0.0487594604492187
-0.162673950195312 0.266067504882812 0.120262145996094 -0.0574798583984375
-0.265518188476563 0.216033935546875 0.1826171875 -0.0471038818359375
-0.288665771484375 0.12493896484375 0.287261962890625 0.0181884765625
-0.35406494140625 0.109527587890625 -0.0477294921875 -0.150985717773438
-0.322235107421875 0.140472412109375 0.00586700439453123 -0.0831069946289062
-0.280593872070313 0.229202270507812 0.0346450805664062 -0.0925369262695312
-0.142364501953125 0.294952392578125 0.0214385986328125 -0.114723205566406
-0.02069091796875 0.281143188476563 -0.0321426391601563 -0.104103088378906
0.1375732421875 0.259185791015625 -0.0343170166015625 -0.0756454467773437
0.206756591796875 0.173965454101562 -0.0241508483886719 -0.0656585693359375
0.202011108398438 0.153289794921875 -0.0122871398925781 -0.0681724548339844
0.238693237304688 0.152359008789063 -0.00356674194335936 -0.0596694946289062
0.213516235351562 0.182662963867188 0.0212554931640625 -0.0734329223632812
0.128509521484375 0.26611328125 0.000320434570312505 -0.0811004638671875
0.040374755859375 0.303192138671875 0.0410003662109375 -0.0729141235351562
-0.168487548828125 0.2845458984375 0.0967864990234375 -0.0524673461914062
-0.274795532226562 0.242019653320313 0.128646850585937 -0.00188446044921874
-0.311676025390625 0.15484619140625 0.174697875976562 0.0444488525390625
-0.318084716796875 0.147705078125 -0.156753540039063 -0.1109619140625
-0.265640258789063 0.175552368164063 -0.0551185607910157 -0.0389785766601562
-0.20440673828125 0.236831665039063 0.0193557739257812 -0.0791473388671875
-0.0802001953125 0.263214111328125 0.00458526611328125 -0.133071899414062
0.015655517578125 0.235260009765625 -0.0555648803710938 -0.135063171386719
0.14398193359375 0.208236694335937 -0.0856246948242187 -0.119575500488281
0.192840576171875 0.133056640625 -0.105064392089844 -0.101974487304687
0.186752319335937 0.117340087890625 -0.09814453125 -0.0951156616210937
0.215911865234375 0.12127685546875 -0.0879135131835938 -0.0892486572265625
0.189346313476563 0.152587890625 -0.04986572265625 -0.110054016113281
0.109054565429688 0.2293701171875 -0.0450668334960938 -0.109329223632812
0.0322113037109375 0.257476806640625 0.0123748779296875 -0.0861358642578125
-0.14288330078125 0.24566650390625 0.0662384033203125 -0.0359420776367187
-0.234237670898438 0.227371215820312 0.0627250671386719 0.0481719970703125
-0.28289794921875 0.161712646484375 0.0517120361328125 0.0727005004882813
-0.2335205078125 0.154937744140625 -0.259841918945313 -0.064849853515625
-0.177658081054688 0.165481567382813 -0.116584777832031 0.00431060791015625
-0.11285400390625 0.192184448242188 -0.00997924804687501 -0.0596580505371094
-0.02447509765625 0.189300537109375 -0.0274581909179687 -0.128463745117188
0.037109375 0.158187866210938 -0.0820236206054687 -0.138839721679688
0.126136779785156 0.133743286132813 -0.133636474609375 -0.137611389160156
0.148452758789063 0.0728302001953125 -0.173507690429688 -0.118881225585938
0.142593383789063 0.06365966796875 -0.1676025390625 -0.107376098632813
0.158187866210938 0.0695037841796875 -0.152694702148438 -0.111343383789063
0.133583068847656 0.0935592651367187 -0.102043151855469 -0.137115478515625
0.0743255615234375 0.1483154296875 -0.06744384765625 -0.123489379882812
0.02825927734375 0.160675048828125 -0.00408172607421875 -0.0881881713867187
-0.0815582275390625 0.1680908203125 0.0390815734863281 -0.0119438171386719
-0.147857666015625 0.183013916015625 -0.00130462646484376 0.0919723510742188
-0.20477294921875 0.151535034179688 -0.06341552734375 0.09991455078125
-0.114242553710937 0.12762451171875 -0.3375244140625 -0.021453857421875
-0.079193115234375 0.112052917480469 -0.172775268554688 0.0387725830078125
-0.0317535400390625 0.107162475585938 -0.0441055297851563 -0.0322952270507812
0.00986480712890625 0.08905029296875 -0.0619659423828125 -0.104866027832031
0.0357551574707031 0.0681610107421875 -0.103569030761719 -0.123466491699219
0.0802841186523438 0.0487213134765625 -0.167938232421875 -0.129623413085937
0.0811920166015625 0.0074462890625 -0.221038818359375 -0.111007690429688
0.0770187377929688 -1.52587890625E-05 -0.212814331054688 -0.103805541992187
0.08038330078125 0.0019378662109375 -0.19049072265625 -0.118331909179687
0.0672874450683594 0.0143394470214844 -0.126190185546875 -0.14776611328125
0.0460662841796875 0.0408134460449219 -0.0664443969726563 -0.123291015625
0.040985107421875 0.0426902770996094 -0.00522613525390626 -0.0768585205078125
0.0113754272460938 0.0834197998046875 0.0161314010620117 0.014805793762207
-0.0264511108398438 0.132461547851563 -0.0519332885742187 0.1224365234375
-0.0895919799804688 0.132339477539062 -0.150604248046875 0.123931884765625
-0.0472183227539063 -0.124832153320312 0.165802001953125 -0.172027587890625
-0.137504577636719 -0.074859619140625 0.0761566162109375 -0.14349365234375
-0.147201538085938 0.0149688720703125 -0.0210227966308594 -0.0366058349609375
-0.0971832275390625 0.0770721435546875 -0.0155410766601563 0.0566024780273438
-0.0451583862304688 0.0969161987304688 0.0205001831054688 0.109268188476563
0.00131988525390626 0.0947113037109375 0.118171691894531 0.139152526855469
0.029022216796875 0.080078125 0.207794189453125 0.110504150390625
0.012542724609375 0.0677452087402344 0.217926025390625 0.0752410888671875
0.00623321533203126 0.0600852966308594 0.218002319335938 0.0777587890625
-0.00498199462890625 0.0443191528320313 0.187835693359375 0.102203369140625
-0.0142784118652344 0.0283050537109375 0.132667541503906 0.0757522583007813
-0.0199775695800781 0.0230197906494141 0.0961837768554688 0.0500259399414062
-0.0306644439697266 -0.00847244262695312 0.113433837890625 0.007232666015625
-0.0318183898925781 -0.0472412109375 0.204788208007813 -0.059539794921875
0.0119552612304687 -0.0682792663574219 0.398895263671875 0.03326416015625
-0.171966552734375 -0.0762786865234375 0.161727905273438 -0.186859130859375
-0.23358154296875 -0.0329742431640625 0.0885467529296875 -0.149383544921875
-0.24017333984375 0.0760955810546875 -0.00379943847656252 -0.067169189453125
-0.14971923828125 0.167343139648438 -0.0128793716430664 0.0111398696899414
-0.05517578125 0.187393188476563 -0.00114059448242187 0.0663108825683594
0.049591064453125 0.180679321289063 0.08770751953125 0.105453491210938
0.103279113769531 0.137702941894531 0.17718505859375 0.0802764892578125
0.0866012573242187 0.119293212890625 0.194381713867187 0.0402374267578125
0.0931777954101563 0.112396240234375 0.198776245117188 0.0416259765625
0.0685348510742188 0.106857299804688 0.1824951171875 0.0578460693359375
0.0286941528320312 0.118766784667969 0.125656127929688 0.0337753295898438
-0.00508880615234375 0.125968933105469 0.105255126953125 0.0123367309570313
-0.0885086059570313 0.0924148559570313 0.134193420410156 -0.0268096923828125
-0.131813049316406 0.0476303100585938 0.225509643554688 -0.0792999267578125
-0.11029052734375 -0.00341033935546873 0.40692138671875 0.00469970703125
-0.271194458007813 -0.0191192626953125 0.11614990234375 -0.193984985351563
-0.3028564453125 0.014984130859375 0.0773162841796875 -0.1448974609375
-0.303375244140625 0.1302490234375 0.01373291015625 -0.0906524658203125
-0.184188842773437 0.235580444335938 -0.00195312500000001 -0.0387496948242187
-0.0609283447265625 0.254043579101563 -0.016108512878418 0.0083131790161133
0.0877685546875 0.241928100585938 0.0485992431640625 0.050689697265625
0.160995483398438 0.175628662109375 0.121284484863281 0.03436279296875
0.147994995117188 0.152755737304688 0.140625 0.000701904296875009
0.16986083984375 0.146041870117188 0.150161743164062 0.00361633300781251
0.141815185546875 0.153976440429688 0.148635864257813 0.00875854492187501
0.077850341796875 0.19805908203125 0.09735107421875 -0.0114059448242187
0.0157928466796875 0.22027587890625 0.0972824096679688 -0.02490234375
-0.134124755859375 0.18927001953125 0.138420104980469 -0.0534133911132812
-0.21246337890625 0.140106201171875 0.218368530273437 -0.0782012939453125
-0.214447021484375 0.062255859375 0.369171142578125 -0.006256103515625
-0.33026123046875 0.0461730957031249 0.03985595703125 -0.187545776367187
-0.33148193359375 0.0764770507812501 0.045379638671875 -0.126136779785156
-0.315460205078125 0.183837890625 0.0261764526367187 -0.101799011230469
-0.180984497070313 0.278579711914063 0.00917053222656248 -0.0856170654296875
-0.049560546875 0.285003662109375 -0.0272674560546875 -0.0539131164550781
0.117889404296875 0.267364501953125 0.00477313995361329 -0.0156402587890625
0.195968627929688 0.186874389648438 0.0486984252929688 -0.0192184448242187
0.187088012695313 0.162689208984375 0.0656051635742188 -0.0399169921875
0.221359252929688 0.15802001953125 0.0764694213867188 -0.033538818359375
0.193817138671875 0.17779541015625 0.0886383056640625 -0.0400238037109375
0.115829467773437 0.249557495117188 0.0504188537597656 -0.0539131164550781
0.0350341796875 0.283721923828125 0.0735397338867188 -0.0580062866210937
-0.160324096679688 0.258758544921875 0.124969482421875 -0.0668563842773437
-0.259994506835938 0.210113525390625 0.18389892578125 -0.0549468994140625
-0.28271484375 0.1175537109375 0.287261962890625 0.00442504882812501
-0.342254638671875 0.1082763671875 -0.0587310791015625 -0.164108276367188
-0.313995361328125 0.138458251953125 -0.00226593017578127 -0.0940399169921875
-0.273269653320313 0.22528076171875 0.0270919799804687 -0.100608825683594
-0.136566162109375 0.2891845703125 0.0110015869140625 -0.122299194335937
-0.018157958984375 0.27459716796875 -0.0409622192382812 -0.107185363769531
0.138015747070313 0.251296997070312 -0.0425567626953125 -0.0772018432617187
0.205535888671875 0.168914794921875 -0.0315208435058594 -0.0692672729492187
0.19921875 0.148513793945312 -0.01947021484375 -0.0742263793945313
0.2353515625 0.146926879882813 -0.0102157592773437 -0.0659713745117187
0.2091064453125 0.174224853515625 0.0137405395507813 -0.0828857421875
0.128890991210938 0.25823974609375 -0.00512695312499999 -0.089080810546875
0.042572021484375 0.295440673828125 0.0405654907226563 -0.082183837890625
-0.161300659179688 0.278732299804688 0.0994873046875 -0.0638427734375
-0.264373779296875 0.239761352539063 0.129768371582031 -0.011322021484375
-0.30364990234375 0.151214599609375 0.176284790039062 0.029296875
-0.30462646484375 0.15167236328125 -0.164886474609375 -0.124008178710937
-0.253448486328125 0.176239013671875 -0.058746337890625 -0.0524215698242187
-0.191009521484375 0.232696533203125 0.0124435424804687 -0.0895233154296875
-0.0710906982421875 0.255340576171875 -0.0059356689453125 -0.139755249023437
0.01800537109375 0.224929809570313 -0.0623397827148437 -0.136482238769531
0.142776489257812 0.1964111328125 -0.0913543701171875 -0.119949340820313
0.188079833984375 0.123748779296875 -0.110061645507812 -0.105445861816406
0.180694580078125 0.110321044921875 -0.102935791015625 -0.099456787109375
0.2091064453125 0.112762451171875 -0.0932464599609375 -0.093902587890625
0.183578491210938 0.141571044921875 -0.0564804077148438 -0.117729187011719
0.109954833984375 0.217971801757812 -0.0508651733398437 -0.11370849609375
0.0380706787109375 0.246200561523438 0.0115585327148438 -0.0942306518554688
-0.133026123046875 0.240966796875 0.0685081481933594 -0.0460433959960937
-0.220138549804687 0.225982666015625 0.0645256042480469 0.0384445190429688
-0.271728515625 0.162322998046875 0.0541839599609375 0.0596885681152344
-0.2196044921875 0.163833618164062 -0.263107299804688 -0.0743103027343749
-0.16497802734375 0.170211791992188 -0.118270874023438 -0.00904083251953125
-0.097686767578125 0.19140625 -0.0165596008300781 -0.0684738159179687
-0.0128021240234375 0.18157958984375 -0.0368270874023438 -0.132781982421875
0.0418853759765625 0.1478271484375 -0.0866622924804688 -0.138053894042969
0.125137329101563 0.119819641113281 -0.135604858398437 -0.134475708007813
0.14306640625 0.0615997314453125 -0.175765991210937 -0.11932373046875
0.135513305664063 0.05419921875 -0.171142578125 -0.109786987304688
0.149765014648438 0.059326171875 -0.15631103515625 -0.112777709960937
0.12652587890625 0.0816726684570313 -0.106338500976563 -0.14080810546875
0.074859619140625 0.135246276855469 -0.0714492797851563 -0.126777648925781
0.0326080322265625 0.14886474609375 -0.0045928955078125 -0.093505859375
-0.0694580078125 0.161865234375 0.0410842895507812 -0.0208396911621094
-0.130706787109375 0.182296752929688 0.00330352783203125 0.0822906494140625
-0.191375732421875 0.155624389648438 -0.0585708618164063 0.088958740234375
-0.103668212890625 0.139823913574219 -0.339080810546875 -0.027587890625
-0.0682525634765625 0.119766235351563 -0.173690795898438 0.029205322265625
-0.0167770385742187 0.110954284667969 -0.0510520935058594 -0.0386085510253906
0.0215301513671875 0.0839004516601562 -0.0703048706054688 -0.105201721191406
0.0423355102539063 0.0593795776367188 -0.106086730957031 -0.118011474609375
0.0812149047851563 0.0359039306640625 -0.166976928710938 -0.125244140625
0.0755081176757813 -0.00368499755859375 -0.218597412109375 -0.109161376953125
0.069976806640625 -0.00971221923828125 -0.212554931640625 -0.10284423828125
0.0718231201171875 -0.0078277587890625 -0.189727783203125 -0.118911743164063
0.0595588684082031 0.0030059814453125 -0.127410888671875 -0.148345947265625
0.0446510314941406 0.0274238586425781 -0.0660781860351563 -0.123779296875
0.0440711975097656 0.0297966003417969 -0.00476837158203125 -0.0803146362304688
0.024749755859375 0.076019287109375 0.0206298828125 0.00919151306152344
-0.00870513916015626 0.131423950195313 -0.0455856323242187 0.115226745605469
-0.0766830444335937 0.138435363769531 -0.142929077148438 0.117019653320313
-0.0633773803710938 -0.135772705078125 0.158721923828125 -0.167755126953125
-0.153915405273438 -0.0691070556640625 0.0711746215820312 -0.137870788574219
-0.1580810546875 0.0275726318359375 -0.0235919952392578 -0.0340461730957031
-0.0992965698242187 0.0934219360351563 -0.016845703125 0.0599098205566406
-0.0393600463867188 0.110466003417969 0.018157958984375 0.112297058105469
0.013427734375 0.104118347167969 0.117584228515625 0.143875122070313
0.0417709350585938 0.0860061645507813 0.20806884765625 0.111846923828125
0.02117919921875 0.0749893188476562 0.21728515625 0.0751953125
0.0144424438476562 0.069122314453125 0.217498779296875 0.0778045654296875
-0.00320816040039062 0.0546112060546875 0.187820434570312 0.09783935546875
-0.019378662109375 0.0379104614257813 0.133918762207031 0.0699691772460938
-0.0301303863525391 0.0272159576416016 0.102729797363281 0.0471954345703125
-0.0436210632324219 -0.0143928527832031 0.122390747070312 0.00988006591796875
-0.0449333190917969 -0.0579910278320313 0.212982177734375 -0.05352783203125
0.00348663330078125 -0.0830612182617188 0.410125732421875 0.03570556640625
-0.185791015625 -0.0870361328125 0.150161743164063 -0.18572998046875
-0.25042724609375 -0.029083251953125 0.080352783203125 -0.146881103515625
-0.25213623046875 0.0870361328125 -0.00857925415039064 -0.0678901672363281
-0.152069091796875 0.182540893554687 -0.0186347961425781 0.0119724273681641
-0.0502471923828125 0.200149536132813 -0.00847625732421875 0.0677642822265625
0.060821533203125 0.189056396484375 0.0834808349609375 0.10906982421875
0.114791870117188 0.143829345703125 0.173568725585938 0.0805206298828125
0.0941543579101563 0.126960754394531 0.189697265625 0.0382843017578125
0.100753784179688 0.120613098144531 0.195114135742187 0.03863525390625
0.0699844360351562 0.11505126953125 0.179229736328125 0.05029296875
0.0241546630859375 0.126754760742188 0.124069213867188 0.0249710083007813
-0.013671875 0.128334045410156 0.10943603515625 0.00551605224609376
-0.099853515625 0.0860519409179688 0.143173217773438 -0.0308990478515625
-0.142669677734375 0.0371246337890625 0.232467651367187 -0.0795135498046875
-0.117652893066406 -0.0186538696289062 0.416107177734375 0.000335693359374999
-0.281097412109375 -0.0293426513671875 0.100982666015625 -0.198654174804687
-0.31622314453125 0.016143798828125 0.06707763671875 -0.146163940429688
-0.3138427734375 0.1370849609375 0.00727081298828122 -0.0933990478515625
-0.187362670898438 0.24676513671875 -0.0120697021484375 -0.0405426025390625
-0.058929443359375 0.264251708984375 -0.0266494750976563 0.00740242004394533
0.0962066650390625 0.24884033203125 0.0405693054199219 0.0523452758789063
0.17022705078125 0.180587768554687 0.114234924316406 0.0332794189453125
0.153274536132813 0.158187866210938 0.133460998535156 -0.00388336181640624
0.177108764648438 0.151870727539063 0.14385986328125 -0.00228881835937499
0.142684936523438 0.1585693359375 0.142486572265625 -0.00077819824218749
0.0760498046875 0.203414916992188 0.0933303833007813 -0.0214385986328125
0.0106048583984375 0.222442626953125 0.0999755859375 -0.0358963012695312
-0.141769409179688 0.184844970703125 0.144882202148438 -0.062744140625
-0.220672607421875 0.132705688476563 0.223922729492188 -0.083465576171875
-0.220687866210938 0.0497894287109375 0.37548828125 -0.016021728515625
-0.334747314453125 0.0390319824218751 0.02294921875 -0.196746826171875
-0.338775634765625 0.074188232421875 0.034271240234375 -0.132102966308594
-0.322418212890625 0.184051513671875 0.017059326171875 -0.108451843261719
-0.183502197265625 0.28460693359375 -0.00281524658203127 -0.0914230346679687
-0.0499267578125 0.2908935546875 -0.0390777587890625 -0.0562095642089844
0.122589111328125 0.269821166992188 -0.00533580780029296 -0.0148887634277344
0.201004028320313 0.189849853515625 0.0397758483886719 -0.0216102600097656
0.190353393554687 0.165573120117188 0.0570259094238281 -0.0451126098632813
0.224838256835938 0.1610107421875 0.0682182312011719 -0.0401420593261719
0.19329833984375 0.179656982421875 0.08026123046875 -0.0507125854492187
0.115921020507813 0.253311157226563 0.0435295104980469 -0.0637283325195312
0.0338134765625 0.28558349609375 0.0730667114257813 -0.070953369140625
-0.164718627929688 0.257034301757813 0.12933349609375 -0.0795745849609375
-0.264602661132813 0.206558227539063 0.187911987304687 -0.0640411376953125
-0.28656005859375 0.108917236328125 0.290863037109375 -0.00921630859374999
-0.341278076171875 0.105712890625 -0.075469970703125 -0.176895141601563
-0.314422607421875 0.136016845703125 -0.0130767822265625 -0.10430908203125
-0.273208618164062 0.223098754882813 0.017730712890625 -0.110847473144531
-0.136444091796875 0.288421630859375 -0.00248718261718752 -0.129364013671875
-0.0201263427734375 0.274795532226562 -0.05230712890625 -0.110549926757812
0.138351440429687 0.2490234375 -0.0527114868164062 -0.0791015625
0.206024169921875 0.1680908203125 -0.0413589477539063 -0.0729598999023438
0.198226928710938 0.147796630859375 -0.0294876098632812 -0.0808563232421875
0.235336303710938 0.146713256835938 -0.0188522338867187 -0.0730972290039062
0.207183837890625 0.171524047851562 0.00390625000000001 -0.0936203002929687
0.129150390625 0.256118774414063 -0.0140228271484375 -0.0976715087890625
0.044708251953125 0.294342041015625 0.03753662109375 -0.0938796997070312
-0.160720825195312 0.277328491210938 0.101043701171875 -0.0768966674804687
-0.262771606445313 0.238937377929687 0.130851745605469 -0.0217666625976562
-0.303680419921875 0.146942138671875 0.17742919921875 0.014556884765625
-0.297149658203125 0.154510498046875 -0.179580688476563 -0.138336181640625
-0.248016357421875 0.17633056640625 -0.0689277648925781 -0.0652732849121094
-0.183639526367187 0.229537963867188 0.00241088867187499 -0.100997924804687
-0.0663909912109375 0.249771118164063 -0.0190887451171875 -0.146820068359375
0.018707275390625 0.219772338867188 -0.0716552734375 -0.139480590820313
0.141830444335938 0.189682006835938 -0.0991897583007812 -0.122642517089844
0.184463500976563 0.11907958984375 -0.118492126464844 -0.109878540039063
0.1763916015625 0.107086181640625 -0.112014770507812 -0.1051025390625
0.205886840820313 0.109100341796875 -0.102256774902344 -0.099945068359375
0.177871704101563 0.1356201171875 -0.0667266845703125 -0.126045227050781
0.109970092773438 0.212631225585938 -0.05963134765625 -0.121040344238281
0.039703369140625 0.240829467773438 0.0072479248046875 -0.104240417480469
-0.127838134765625 0.237930297851563 0.0691375732421875 -0.0582275390625
-0.212982177734375 0.226165771484375 0.065582275390625 0.0281600952148438
-0.267105102539063 0.162124633789062 0.0536155700683593 0.0458488464355469
-0.208786010742188 0.171432495117188 -0.275833129882813 -0.0867156982421875
-0.1549072265625 0.174087524414063 -0.127212524414063 -0.02288818359375
-0.0849761962890625 0.189987182617188 -0.0263671875 -0.0788345336914062
-0.00396728515625 0.17425537109375 -0.0492706298828125 -0.137123107910156
0.044036865234375 0.139938354492188 -0.093414306640625 -0.138076782226563
0.123138427734375 0.108795166015625 -0.139541625976563 -0.136711120605469
0.137397766113281 0.0540847778320313 -0.18212890625 -0.122573852539062
0.128311157226563 0.0481948852539063 -0.1783447265625 -0.11444091796875
0.142807006835937 0.053314208984375 -0.163833618164062 -0.118438720703125
0.118789672851563 0.07452392578125 -0.114227294921875 -0.147384643554688
0.0725631713867188 0.126129150390625 -0.078125 -0.131889343261719
0.0335769653320313 0.13861083984375 -0.00766754150390626 -0.102424621582031
-0.0606536865234375 0.156173706054688 0.0418167114257813 -0.0303421020507812
-0.11822509765625 0.180816650390625 0.00344085693359374 0.0738372802734375
-0.18194580078125 0.159194946289063 -0.0589141845703125 0.0778427124023438
-0.091827392578125 0.151626586914063 -0.349761962890625 -0.03509521484375
-0.0571136474609375 0.127799987792969 -0.1812744140625 0.01910400390625
-0.0025482177734375 0.112678527832031 -0.0613670349121094 -0.0452499389648438
0.0323028564453125 0.0784225463867187 -0.081573486328125 -0.105255126953125
0.0470619201660156 0.0507087707519531 -0.110183715820313 -0.114738464355469
0.0795135498046875 0.0236663818359375 -0.168304443359375 -0.125091552734375
0.0681648254394531 -0.0141220092773438 -0.222122192382812 -0.111343383789063
0.0608940124511719 -0.0184059143066406 -0.217056274414063 -0.105300903320312
0.0617294311523438 -0.0148277282714844 -0.194854736328125 -0.123779296875
0.0498924255371094 -0.00603866577148438 -0.131607055664062 -0.152587890625
0.0399551391601563 0.0154075622558594 -0.068817138671875 -0.127647399902344
0.0446052551269531 0.0166969299316406 -0.00569152832031249 -0.0866928100585938
0.036407470703125 0.0667915344238281 0.0233325958251953 0.00153350830078125
0.00827789306640626 0.128326416015625 -0.0432815551757813 0.107505798339844
-0.063262939453125 0.144012451171875 -0.141098022460938 0.109512329101563
-0.0860443115234375 -0.143569946289063 0.154693603515625 -0.163482666015625
-0.173324584960938 -0.057098388671875 0.0683517456054688 -0.132896423339844
-0.16754150390625 0.046478271484375 -0.0262374877929688 -0.0309181213378906
-0.096649169921875 0.113327026367188 -0.0173606872558594 0.0652656555175781
-0.0285491943359375 0.124832153320313 0.0181350708007813 0.117774963378906
0.0306320190429688 0.111244201660156 0.122634887695312 0.149200439453125
0.05841064453125 0.08953857421875 0.215011596679688 0.11431884765625
0.03363037109375 0.0808639526367188 0.222244262695313 0.075836181640625
0.0268173217773437 0.0769729614257813 0.221221923828125 0.0774688720703125
0.00307083129882813 0.0651473999023438 0.190628051757813 0.094024658203125
-0.0214500427246094 0.0503044128417969 0.136253356933594 0.0631484985351563
-0.0395469665527344 0.0354690551757812 0.110466003417969 0.0414886474609375
-0.0600662231445313 -0.0169334411621094 0.134857177734375 0.008026123046875
-0.0635032653808594 -0.0652961730957031 0.226181030273438 -0.052154541015625
-0.0110626220703125 -0.0979080200195313 0.43133544921875 0.0322265625
-0.208755493164062 -0.093292236328125 0.140853881835938 -0.186187744140625
-0.270126342773438 -0.018218994140625 0.0738067626953125 -0.14434814453125
-0.2645263671875 0.105865478515625 -0.0150070190429688 -0.0669937133789063
-0.150131225585938 0.204177856445312 -0.0246162414550781 0.0149040222167969
-0.04071044921875 0.2171630859375 -0.0152359008789063 0.0724945068359375
0.0788421630859375 0.1971435546875 0.082000732421875 0.115623474121094
0.132644653320313 0.147430419921875 0.175125122070313 0.0826263427734375
0.107864379882813 0.132621765136719 0.189163208007812 0.03692626953125
0.11474609375 0.128486633300781 0.194793701171875 0.0365753173828125
0.0764694213867188 0.124557495117188 0.178268432617187 0.0431365966796875
0.0248184204101563 0.139244079589844 0.122390747070312 0.0160675048828125
-0.0205230712890625 0.136558532714844 0.1136474609375 -0.00507354736328124
-0.115226745605469 0.086181640625 0.152740478515625 -0.039093017578125
-0.159881591796875 0.0339202880859375 0.24371337890625 -0.0855712890625
-0.133216857910156 -0.03125 0.43121337890625 -0.010894775390625
-0.300384521484375 -0.034515380859375 0.084442138671875 -0.201873779296875
-0.335235595703125 0.0235595703125 0.0555419921875 -0.146728515625
-0.3277587890625 0.15228271484375 -0.00270843505859378 -0.0964279174804687
-0.1884765625 0.266128540039063 -0.0231285095214844 -0.0409088134765625
-0.053253173828125 0.279891967773437 -0.03839111328125 0.0106925964355469
0.111251831054687 0.25701904296875 0.0335273742675781 0.0585708618164063
0.186370849609375 0.184677124023438 0.109878540039063 0.0348358154296875
0.165206909179688 0.162933349609375 0.127296447753906 -0.00689697265624999
0.19024658203125 0.157867431640625 0.138679504394531 -0.00606536865234374
0.149261474609375 0.166152954101562 0.136398315429687 -0.0101470947265625
0.078521728515625 0.2142333984375 0.0876617431640625 -0.031402587890625
0.008453369140625 0.230804443359375 0.0998382568359375 -0.0494537353515625
-0.154327392578125 0.188568115234375 0.150863647460938 -0.077423095703125
-0.234527587890625 0.133026123046875 0.231765747070312 -0.095550537109375
-0.234603881835938 0.0417938232421875 0.385406494140625 -0.031707763671875
-0.347747802734375 0.0352783203124999 0.00167846679687496 -0.204147338867188
-0.35247802734375 0.0784912109375 0.0195846557617187 -0.137283325195313
-0.33453369140625 0.194732666015625 0.00526428222656249 -0.114616394042969
-0.186187744140625 0.298858642578125 -0.0176849365234375 -0.0945816040039063
-0.047882080078125 0.30328369140625 -0.0537948608398438 -0.0558853149414062
0.1329345703125 0.27691650390625 -0.0155019760131836 -0.0117368698120117
0.21234130859375 0.192398071289063 0.0303764343261719 -0.0214176177978516
0.198638916015625 0.168869018554688 0.04638671875 -0.0497894287109375
0.235946655273437 0.16400146484375 0.0588150024414063 -0.0447769165039062
0.200042724609375 0.183258056640625 0.0697479248046875 -0.0606155395507812
0.120941162109375 0.259613037109375 0.0334243774414063 -0.073516845703125
0.03546142578125 0.292236328125 0.0691604614257813 -0.0853042602539062
-0.1717529296875 0.263168334960938 0.130653381347656 -0.0965118408203125
-0.273483276367187 0.210006713867188 0.191360473632812 -0.078033447265625
-0.298187255859375 0.104400634765625 0.2960205078125 -0.026947021484375
-0.34613037109375 0.105987548828125 -0.10003662109375 -0.18731689453125
-0.320953369140625 0.1383056640625 -0.0302658081054688 -0.113334655761719
-0.27850341796875 0.227493286132812 0.00310516357421874 -0.120353698730469
-0.137725830078125 0.29425048828125 -0.0190048217773438 -0.135780334472656
-0.02001953125 0.28125 -0.0677719116210938 -0.11212158203125
0.143569946289063 0.250900268554688 -0.0643768310546875 -0.0785598754882812
0.212142944335938 0.169326782226563 -0.053680419921875 -0.075164794921875
0.202621459960938 0.149612426757813 -0.0427169799804687 -0.0854949951171875
0.242172241210938 0.147369384765625 -0.0318069458007812 -0.0778961181640625
0.210403442382812 0.17266845703125 -0.010284423828125 -0.1024169921875
0.13458251953125 0.25994873046875 -0.0268096923828125 -0.105667114257812
0.04852294921875 0.297332763671875 0.03021240234375 -0.107810974121094
-0.163238525390625 0.2838134765625 0.0985946655273437 -0.0933685302734375
-0.265975952148438 0.244964599609375 0.130859375 -0.0351943969726562
-0.30999755859375 0.147613525390625 0.177932739257812 -0.00265502929687499
-0.294158935546875 0.159393310546875 -0.205215454101563 -0.14910888671875
-0.244705200195313 0.179275512695312 -0.0859909057617188 -0.0770187377929687
-0.180084228515625 0.229904174804688 -0.0122299194335938 -0.111228942871094
-0.0633697509765625 0.2490234375 -0.036346435546875 -0.153091430664062
0.0182342529296875 0.219024658203125 -0.084747314453125 -0.140975952148438
0.142501831054688 0.1865234375 -0.110275268554688 -0.1239013671875
0.184188842773438 0.117477416992188 -0.132316589355469 -0.112625122070313
0.176132202148438 0.105621337890625 -0.126556396484375 -0.109573364257813
0.206893920898438 0.108016967773438 -0.116172790527344 -0.103919982910156
0.176727294921875 0.13336181640625 -0.0823822021484375 -0.134185791015625
0.111968994140625 0.21063232421875 -0.0728683471679688 -0.127265930175781
0.0427093505859375 0.238739013671875 -0.0017852783203125 -0.115913391113281
-0.124008178710938 0.239471435546875 0.0657196044921875 -0.0723114013671875
-0.2078857421875 0.229461669921875 0.062713623046875 0.0185279846191406
-0.266265869140625 0.165725708007812 0.0505561828613281 0.0313682556152344
-0.198455810546875 0.180999755859375 -0.29974365234375 -0.09515380859375
-0.145645141601563 0.179550170898438 -0.143997192382813 -0.033203125
-0.0736846923828125 0.18914794921875 -0.0412445068359375 -0.0868759155273437
0.0031280517578125 0.1680908203125 -0.0650482177734375 -0.14007568359375
0.0457611083984375 0.133369445800781 -0.102310180664062 -0.1383056640625
0.12066650390625 0.100212097167969 -0.148513793945313 -0.138397216796875
0.131233215332031 0.048431396484375 -0.194320678710938 -0.1251220703125
0.122825622558594 0.0443115234375 -0.192092895507813 -0.116912841796875
0.136932373046875 0.0502090454101563 -0.177825927734375 -0.121536254882812
0.111671447753906 0.0699539184570312 -0.12841796875 -0.153366088867188
0.069610595703125 0.119041442871094 -0.0892868041992188 -0.137351989746094
0.0337371826171875 0.130577087402344 -0.0157394409179688 -0.111473083496094
-0.0540313720703125 0.150787353515625 0.0402946472167969 -0.04156494140625
-0.105178833007812 0.17901611328125 0.00191497802734374 0.0660934448242188
-0.173004150390625 0.162750244140625 -0.06341552734375 0.0677375793457031
-0.0759735107421875 0.163604736328125 -0.3714599609375 -0.037933349609375
-0.0431747436523438 0.135124206542969 -0.197494506835937 0.012420654296875
0.0140151977539063 0.112106323242188 -0.0759735107421875 -0.048797607421875
0.0418243408203125 0.0692100524902344 -0.0940933227539063 -0.103378295898438
0.0506629943847656 0.0402793884277344 -0.115447998046875 -0.111434936523438
0.074951171875 0.0110626220703125 -0.173797607421875 -0.125244140625
0.05718994140625 -0.0225868225097656 -0.231857299804688 -0.112518310546875
0.0505867004394531 -0.0244941711425781 -0.227996826171875 -0.106597900390625
0.0492286682128906 -0.0194625854492188 -0.205917358398438 -0.12664794921875
0.03802490234375 -0.0116348266601563 -0.141952514648438 -0.157669067382812
0.0313701629638672 0.00477218627929687 -0.0754013061523438 -0.13287353515625
0.04095458984375 0.00268173217773438 -0.0101394653320312 -0.0948028564453125
0.0461959838867188 0.0536880493164062 0.0240383148193359 -0.00737380981445312
0.0265426635742187 0.121650695800781 -0.0424270629882812 0.10205078125
-0.047027587890625 0.1484375 -0.142669677734375 0.103500366210938
-0.11285400390625 -0.142593383789063 0.1517333984375 -0.159637451171875
-0.18817138671875 -0.0357513427734375 0.0667266845703125 -0.127349853515625
-0.170974731445313 0.070037841796875 -0.0282878875732422 -0.0263023376464844
-0.0854644775390625 0.132781982421875 -0.0148391723632813 0.0716094970703125
-0.011383056640625 0.135841369628906 0.0208663940429688 0.123970031738281
0.0518112182617188 0.112411499023438 0.131423950195313 0.152359008789063
0.0776290893554688 0.086029052734375 0.224868774414063 0.11175537109375
0.0492782592773437 0.08221435546875 0.228271484375 0.071868896484375
0.0431365966796875 0.079864501953125 0.226303100585938 0.0735931396484375
0.0138320922851562 0.072967529296875 0.193954467773438 0.08648681640625
-0.0184135437011719 0.0637588500976563 0.137809753417969 0.0545654296875
-0.0453453063964844 0.0474395751953125 0.1177978515625 0.0331192016601563
-0.0774688720703125 -0.0127716064453125 0.146102905273437 0.000595092773437499
-0.08587646484375 -0.0648880004882813 0.239654541015625 -0.05902099609375
-0.0321884155273438 -0.107452392578125 0.451263427734375 0.016815185546875
-0.2353515625 -0.0904541015625 0.129653930664062 -0.1826171875
-0.287689208984375 0.00305175781250002 0.06689453125 -0.140083312988281
-0.270233154296875 0.132125854492188 -0.0222854614257813 -0.0639533996582031
-0.1390380859375 0.226364135742188 -0.0289859771728516 0.0201740264892578
-0.0227813720703125 0.230850219726562 -0.019287109375 0.0800857543945313
0.102249145507813 0.198654174804688 0.08428955078125 0.1219482421875
0.154434204101563 0.144210815429688 0.177871704101563 0.0825347900390625
0.124748229980469 0.1331787109375 0.188446044921875 0.0330963134765625
0.13397216796875 0.130149841308594 0.194366455078125 0.0315704345703125
0.0887603759765625 0.131431579589844 0.174942016601562 0.0342559814453125
0.0308074951171875 0.151458740234375 0.118698120117188 0.00555419921875001
-0.0236663818359375 0.148162841796875 0.114677429199219 -0.0176925659179687
-0.130142211914063 0.0927581787109375 0.158599853515625 -0.0536651611328125
-0.179763793945313 0.037139892578125 0.25225830078125 -0.098968505859375
-0.1541748046875 -0.03814697265625 0.4447021484375 -0.031280517578125
-0.32269287109375 -0.030670166015625 0.065704345703125 -0.200103759765625
-0.35162353515625 0.04052734375 0.0438995361328125 -0.143798828125
-0.33612060546875 0.175811767578125 -0.0146102905273438 -0.0956344604492188
-0.18084716796875 0.28863525390625 -0.0340232849121094 -0.0364494323730469
-0.037628173828125 0.2950439453125 -0.0492820739746094 0.0180549621582031
0.133331298828125 0.258941650390625 0.0294036865234375 0.0663337707519531
0.20648193359375 0.181365966796875 0.10614013671875 0.0362777709960938
0.18182373046875 0.163040161132813 0.121131896972656 -0.00959014892578124
0.208709716796875 0.156768798828125 0.132225036621094 -0.0102081298828125
0.162582397460937 0.169677734375 0.127784729003906 -0.0194091796875
0.088714599609375 0.223953247070313 0.0778045654296875 -0.041473388671875
0.0106964111328125 0.241012573242187 0.0950088500976562 -0.0644073486328125
-0.164169311523438 0.198455810546875 0.1513671875 -0.0953826904296875
-0.249191284179688 0.141387939453125 0.234893798828125 -0.11260986328125
-0.25323486328125 0.03936767578125 0.39068603515625 -0.0556640625
-0.36260986328125 0.039886474609375 -0.023773193359375 -0.203399658203125
-0.365264892578125 0.09136962890625 0.00189971923828123 -0.136611938476563
-0.3414306640625 0.213104248046875 -0.01104736328125 -0.116500854492188
-0.18084716796875 0.316558837890625 -0.0347442626953125 -0.0921783447265625
-0.0382080078125 0.316558837890625 -0.0694007873535156 -0.0496940612792969
0.1490478515625 0.278732299804688 -0.0252437591552734 -0.00386047363281248
0.227981567382813 0.19049072265625 0.0213718414306641 -0.0191688537597656
0.211624145507813 0.16864013671875 0.0348014831542969 -0.0510940551757812
0.252761840820313 0.161636352539063 0.0476303100585938 -0.0481529235839844
0.21087646484375 0.183670043945313 0.0551414489746094 -0.0683212280273438
0.13336181640625 0.265151977539063 0.019195556640625 -0.0810394287109375
0.042694091796875 0.30023193359375 0.0584487915039062 -0.0994491577148438
-0.174850463867187 0.275054931640625 0.125640869140625 -0.115333557128906
-0.28118896484375 0.222686767578125 0.189590454101563 -0.095001220703125
-0.310577392578125 0.10736083984375 0.29486083984375 -0.05023193359375
-0.350555419921875 0.111419677734375 -0.13043212890625 -0.188018798828125
-0.324859619140625 0.146697998046875 -0.0513458251953125 -0.115821838378906
-0.282318115234375 0.237579345703125 -0.0154190063476563 -0.124610900878906
-0.134185791015625 0.30389404296875 -0.0393753051757813 -0.134773254394531
-0.014984130859375 0.28887939453125 -0.084686279296875 -0.107772827148438
0.15301513671875 0.25091552734375 -0.077667236328125 -0.0732803344726563
0.221176147460937 0.16656494140625 -0.0672454833984375 -0.0719757080078125
0.21014404296875 0.14788818359375 -0.0580215454101562 -0.0854644775390625
0.25286865234375 0.143585205078125 -0.0472183227539063 -0.078216552734375
0.217727661132813 0.170013427734375 -0.028900146484375 -0.10662841796875
0.145309448242188 0.261383056640625 -0.0439682006835937 -0.109344482421875
0.057159423828125 0.300811767578125 0.01629638671875 -0.119422912597656
-0.160369873046875 0.292236328125 0.0907211303710938 -0.110130310058594
-0.265701293945312 0.254974365234375 0.126472473144531 -0.04925537109375
-0.31500244140625 0.153656005859375 0.171676635742188 -0.022857666015625
-0.28802490234375 0.166015625 -0.2362060546875 -0.14837646484375
-0.239593505859375 0.184341430664063 -0.108856201171875 -0.0810089111328125
-0.17535400390625 0.231704711914062 -0.0329437255859375 -0.115707397460937
-0.0591888427734375 0.247802734375 -0.05706787109375 -0.152099609375
0.01983642578125 0.218658447265625 -0.100204467773438 -0.137931823730469
0.144668579101563 0.182388305664063 -0.123863220214844 -0.120445251464844
0.185638427734375 0.114425659179687 -0.148727416992188 -0.109710693359375
0.176895141601563 0.103424072265625 -0.144332885742187 -0.107498168945313
0.209793090820313 0.104446411132813 -0.133636474609375 -0.103111267089844
0.177734375 0.130630493164063 -0.102241516113281 -0.13494873046875
0.1171875 0.208145141601562 -0.09014892578125 -0.128517150878906
0.0480499267578125 0.236648559570312 -0.0158157348632813 -0.125053405761719
-0.119232177734375 0.2418212890625 0.0569610595703125 -0.0867156982421875
-0.200469970703125 0.234634399414062 0.0575828552246094 0.00760269165039064
-0.263107299804688 0.171127319335938 0.0417823791503906 0.0172576904296875
-0.182952880859375 0.188949584960938 -0.3284912109375 -0.0909423828124999
-0.13153076171875 0.183074951171875 -0.16595458984375 -0.0355682373046875
-0.061309814453125 0.185623168945313 -0.0610885620117188 -0.0893173217773437
0.00971984863281251 0.159805297851562 -0.0838470458984375 -0.136978149414063
0.046417236328125 0.125175476074219 -0.114051818847656 -0.134025573730469
0.116508483886719 0.0915374755859375 -0.159957885742187 -0.135848999023438
0.124382019042969 0.0440521240234375 -0.209732055664062 -0.122314453125
0.116165161132813 0.041900634765625 -0.20843505859375 -0.11419677734375
0.131233215332031 0.047576904296875 -0.195541381835937 -0.118896484375
0.105072021484375 0.0674591064453125 -0.146621704101563 -0.1534423828125
0.0662307739257813 0.114219665527344 -0.104270935058594 -0.138114929199219
0.0318069458007813 0.122817993164063 -0.0280914306640625 -0.118431091308594
-0.04754638671875 0.143112182617188 0.0338287353515625 -0.0528335571289063
-0.0929412841796875 0.175857543945312 -0.00165176391601563 0.0589447021484375
-0.16162109375 0.1663818359375 -0.0710296630859375 0.05914306640625
-0.054351806640625 0.170913696289062 -0.396087646484375 -0.028900146484375
-0.02587890625 0.137733459472656 -0.216201782226563 0.0144195556640625
0.0303421020507813 0.106002807617188 -0.09344482421875 -0.0463638305664063
0.0498123168945313 0.0574569702148437 -0.10870361328125 -0.0958251953125
0.0508918762207031 0.0290260314941406 -0.121482849121094 -0.105270385742187
0.0673294067382813 0.000263214111328125 -0.180709838867188 -0.1221923828125
0.0439605712890625 -0.0269241333007813 -0.243377685546875 -0.109451293945312
0.0377540588378906 -0.0262336730957031 -0.241104125976563 -0.101959228515625
0.0351524353027344 -0.0208854675292969 -0.220779418945313 -0.124313354492187
0.0242748260498047 -0.0134735107421875 -0.155899047851562 -0.158172607421875
0.0198707580566406 -0.00251579284667969 -0.0860748291015625 -0.135307312011719
0.0324726104736328 -0.0104866027832031 -0.0191268920898438 -0.100837707519531
0.0526618957519531 0.0373039245605469 0.0216922760009766 -0.0162296295166016
0.0433197021484375 0.109077453613281 -0.0429229736328125 0.0970840454101563
-0.0275726318359375 0.147552490234375 -0.146987915039063 0.099853515625
-0.13671875 -0.13201904296875 0.1507568359375 -0.153839111328125
-0.193069458007813 -0.0112457275390625 0.067138671875 -0.120597839355469
-0.164718627929688 0.0930938720703125 -0.0280055999755859 -0.0205879211425781
-0.067626953125 0.146896362304688 -0.00988006591796874 0.0761795043945313
0.00889587402343751 0.139633178710938 0.0255813598632813 0.128128051757813
0.0721206665039062 0.104484558105469 0.140243530273438 0.151046752929688
0.0938568115234375 0.075592041015625 0.232635498046875 0.10565185546875
0.063446044921875 0.076690673828125 0.232421875 0.0660552978515625
0.060272216796875 0.0763626098632813 0.230331420898438 0.0676422119140625
0.0267181396484375 0.0765457153320313 0.193222045898438 0.0789794921875
-0.0101852416992187 0.0747756958007813 0.13568115234375 0.04498291015625
-0.0470390319824219 0.0600700378417969 0.120735168457031 0.0214309692382813
-0.092803955078125 -0.00232696533203126 0.1544189453125 -0.011138916015625
-0.106170654296875 -0.0565872192382813 0.249603271484375 -0.0699310302734375
-0.05499267578125 -0.109138488769531 0.463714599609375 -0.00552368164062501
-0.257720947265625 -0.0781097412109374 0.1212158203125 -0.174636840820313
-0.293487548828125 0.028900146484375 0.062652587890625 -0.132049560546875
-0.2647705078125 0.158233642578125 -0.0276527404785156 -0.0581512451171875
-0.1201171875 0.243026733398437 -0.0304679870605469 0.0276412963867188
-0.00146484374999998 0.236480712890625 -0.0203399658203125 0.0888900756835938
0.124618530273438 0.190078735351563 0.08892822265625 0.126319885253906
0.172317504882813 0.13201904296875 0.181289672851562 0.080657958984375
0.141098022460938 0.126708984375 0.186492919921875 0.030120849609375
0.151947021484375 0.1236572265625 0.191909790039063 0.027374267578125
0.1029052734375 0.133125305175781 0.169052124023438 0.027099609375
0.0410003662109375 0.160232543945313 0.11102294921875 -0.00228881835937499
-0.0217132568359375 0.159805297851563 0.110786437988281 -0.0303421020507812
-0.141815185546875 0.103897094726563 0.159286499023438 -0.0685272216796875
-0.196090698242187 0.0478973388671875 0.254348754882813 -0.1136474609375
-0.175735473632813 -0.0360565185546875 0.448272705078125 -0.0560302734375
-0.3409423828125 -0.01947021484375 0.0498809814453125 -0.189926147460937
-0.359161376953125 0.0635070800781249 0.0340576171875 -0.135719299316406
-0.334320068359375 0.201873779296875 -0.0253829956054688 -0.0903778076171875
-0.16387939453125 0.306182861328125 -0.0428619384765625 -0.0283660888671875
-0.018768310546875 0.302703857421875 -0.0558204650878906 0.0293388366699219
0.15386962890625 0.252593994140625 0.0289535522460938 0.0751113891601563
0.22369384765625 0.170120239257812 0.104042053222656 0.0391311645507813
0.196640014648437 0.156707763671875 0.114036560058594 -0.00978088378906249
0.226470947265625 0.14892578125 0.125434875488281 -0.0122451782226562
0.175491333007813 0.167572021484375 0.115768432617188 -0.0250320434570312
0.101425170898438 0.22882080078125 0.0654296875 -0.0467910766601562
0.0169677734375 0.249191284179687 0.0847930908203125 -0.0765380859375
-0.170135498046875 0.210952758789063 0.144866943359375 -0.112030029296875
-0.259292602539063 0.153839111328125 0.230941772460937 -0.128433227539063
-0.26953125 0.043548583984375 0.3857421875 -0.079803466796875
-0.37359619140625 0.0484313964843751 -0.0473175048828125 -0.192306518554687
-0.370697021484375 0.108062744140625 -0.0133514404296875 -0.127937316894531
-0.342132568359375 0.23175048828125 -0.0263137817382813 -0.112075805664062
-0.168731689453125 0.3306884765625 -0.048858642578125 -0.083892822265625
-0.02392578125 0.32391357421875 -0.0810089111328125 -0.0382919311523437
0.164688110351563 0.274169921875 -0.0310573577880859 0.00629043579101564
0.241989135742188 0.181671142578125 0.013941764831543 -0.0126953125
0.223159790039063 0.162933349609375 0.0230751037597656 -0.0482597351074219
0.266387939453125 0.152313232421875 0.0361175537109375 -0.0462265014648438
0.221832275390625 0.178802490234375 0.0390396118164063 -0.0699386596679687
0.146575927734375 0.265411376953125 0.00346374511718751 -0.0821456909179688
0.05291748046875 0.3038330078125 0.04351806640625 -0.108863830566406
-0.173858642578125 0.2861328125 0.11328125 -0.131065368652344
-0.282867431640625 0.235321044921875 0.180892944335937 -0.1103515625
-0.320831298828125 0.114715576171875 0.2850341796875 -0.072601318359375
-0.352325439453125 0.117034912109375 -0.157745361328125 -0.176101684570312
-0.325286865234375 0.155792236328125 -0.07122802734375 -0.108856201171875
-0.281005859375 0.2467041015625 -0.0349044799804688 -0.120712280273437
-0.127044677734375 0.3114013671875 -0.0577926635742188 -0.126602172851562
-0.00772094726562497 0.293304443359375 -0.0985946655273437 -0.0975799560546875
0.161911010742188 0.247039794921875 -0.087615966796875 -0.0630416870117187
0.229034423828125 0.161026000976562 -0.07952880859375 -0.06414794921875
0.216537475585938 0.143341064453125 -0.0726470947265625 -0.07965087890625
0.262222290039063 0.13531494140625 -0.06121826171875 -0.07275390625
0.223953247070313 0.164566040039063 -0.0473098754882812 -0.103904724121094
0.155410766601563 0.257904052734375 -0.061614990234375 -0.106773376464844
0.066375732421875 0.30023193359375 -0.00104522705078124 -0.12518310546875
-0.154571533203125 0.299468994140625 0.0760345458984375 -0.12286376953125
-0.26080322265625 0.264602661132813 0.115776062011719 -0.0610809326171875
-0.31744384765625 0.160919189453125 0.15838623046875 -0.0395660400390625
-0.278594970703125 0.169219970703125 -0.264175415039063 -0.13623046875
-0.232864379882812 0.18719482421875 -0.130897521972656 -0.0757064819335937
-0.169876098632813 0.231002807617187 -0.0532073974609375 -0.112281799316406
-0.0554351806640625 0.245712280273438 -0.0760498046875 -0.143386840820312
0.0211181640625 0.21759033203125 -0.11279296875 -0.128936767578125
0.14471435546875 0.177001953125 -0.13446044921875 -0.111892700195312
0.185333251953125 0.110443115234375 -0.161941528320313 -0.101287841796875
0.176559448242188 0.100921630859375 -0.1593017578125 -0.0995330810546875
0.21112060546875 0.09954833984375 -0.149063110351563 -0.094207763671875
0.177459716796875 0.126449584960938 -0.120613098144531 -0.129348754882813
0.120635986328125 0.203811645507813 -0.107337951660156 -0.123184204101562
0.052215576171875 0.233291625976563 -0.033538818359375 -0.127288818359375
-0.112701416015625 0.241790771484375 0.0434036254882812 -0.0963211059570312
-0.192108154296875 0.235671997070312 0.0482254028320312 -5.72204589843606E-05
-0.257293701171875 0.175216674804687 0.0281276702880859 0.0063457489013672
-0.166610717773438 0.19024658203125 -0.353515625 -0.0775146484375
-0.118453979492188 0.181045532226563 -0.18682861328125 -0.0303497314453125
-0.051055908203125 0.17681884765625 -0.0802764892578125 -0.0839462280273437
0.0127105712890625 0.150497436523437 -0.0994415283203125 -0.127189636230469
0.0438079833984375 0.118141174316406 -0.12286376953125 -0.125701904296875
0.109153747558594 0.0853347778320312 -0.168655395507813 -0.129058837890625
0.116424560546875 0.0425186157226563 -0.223037719726563 -0.113311767578125
0.109298706054688 0.0419235229492188 -0.22222900390625 -0.104141235351562
0.125099182128906 0.0474700927734375 -0.209945678710938 -0.109390258789062
0.0979995727539062 0.066619873046875 -0.163070678710938 -0.146469116210938
0.0605545043945313 0.110214233398438 -0.118553161621094 -0.132148742675781
0.02740478515625 0.116439819335938 -0.0426101684570313 -0.119735717773437
-0.0448684692382813 0.134025573730469 0.0233879089355469 -0.0611495971679688
-0.082061767578125 0.167282104492188 -0.00813674926757813 0.0536918640136719
-0.148605346679687 0.164581298828125 -0.0818405151367188 0.0542373657226562
-0.0316314697265625 0.16943359375 -0.414093017578125 -0.0118408203125
-0.00858306884765626 0.134078979492188 -0.232955932617188 0.022918701171875
0.0438919067382813 0.0936126708984375 -0.107688903808594 -0.0374374389648437
0.0525169372558594 0.0436630249023438 -0.118942260742188 -0.083770751953125
0.046478271484375 0.0174636840820313 -0.124504089355469 -0.097137451171875
0.05474853515625 -0.00728988647460938 -0.185989379882813 -0.116546630859375
0.0297527313232422 -0.0266971588134766 -0.253143310546875 -0.100982666015625
0.0252780914306641 -0.023651123046875 -0.251052856445313 -0.0926971435546875
0.0218296051025391 -0.0162868499755859 -0.23345947265625 -0.115982055664063
0.0107555389404297 -0.010157585144043 -0.168685913085937 -0.152923583984375
0.00573444366455078 -0.00492095947265625 -0.0966110229492188 -0.133514404296875
0.0196590423583984 -0.0190677642822266 -0.0299224853515625 -0.103256225585938
0.0521659851074219 0.0195426940917969 0.0160408020019531 -0.0240345001220703
0.0545272827148437 0.091033935546875 -0.0453567504882812 0.0920181274414063
-0.00980377197265624 0.139366149902344 -0.152206420898438 0.096893310546875
-0.153839111328125 -0.116958618164063 0.15460205078125 -0.146209716796875
-0.189651489257812 0.00955200195312499 0.0731277465820312 -0.114913940429688
-0.152877807617187 0.109329223632812 -0.0262813568115235 -0.0158462524414062
-0.049102783203125 0.15252685546875 -0.0042266845703125 0.0777511596679688
0.026519775390625 0.136680603027344 0.029815673828125 0.130538940429687
0.0868148803710938 0.0919952392578125 0.146102905273437 0.1490478515625
0.104156494140625 0.06134033203125 0.237030029296875 0.101028442382812
0.0735931396484375 0.0680389404296875 0.233551025390625 0.0625762939453125
0.0727615356445313 0.0686492919921875 0.231094360351563 0.064697265625
0.0388717651367188 0.0754623413085938 0.189727783203125 0.07470703125
-0.000473022460937494 0.0817337036132813 0.130012512207031 0.0391387939453125
-0.0448379516601563 0.0721588134765625 0.119194030761719 0.0120468139648438
-0.10272216796875 0.0101318359375 0.158599853515625 -0.021514892578125
-0.120918273925781 -0.044189453125 0.256668090820313 -0.0800628662109375
-0.0742034912109375 -0.103569030761719 0.468902587890625 -0.023223876953125
-0.272918701171875 -0.0644073486328126 0.120025634765625 -0.162948608398438
-0.29132080078125 0.04925537109375 0.0645828247070313 -0.123313903808594
-0.25457763671875 0.176528930664063 -0.0295982360839844 -0.0513343811035156
-0.100479125976562 0.25079345703125 -0.0296268463134766 0.0331916809082031
0.0165557861328125 0.234466552734375 -0.0195159912109375 0.0967025756835938
0.140106201171875 0.177474975585938 0.093475341796875 0.129692077636719
0.184051513671875 0.117965698242188 0.182769775390625 0.08123779296875
0.15167236328125 0.117935180664063 0.184478759765625 0.02984619140625
0.165313720703125 0.114242553710938 0.18927001953125 0.027435302734375
0.114143371582031 0.130447387695313 0.161026000976562 0.0244598388671875
0.051177978515625 0.164825439453125 0.10137939453125 -0.00611877441406249
-0.019134521484375 0.169052124023438 0.104217529296875 -0.039093017578125
-0.150344848632813 0.1158447265625 0.155899047851563 -0.0801239013671875
-0.208343505859375 0.059722900390625 0.2537841796875 -0.124008178710937
-0.1934814453125 -0.030792236328125 0.44317626953125 -0.0728759765625
-0.35284423828125 -0.00845336914062506 0.0422515869140625 -0.174972534179688
-0.3587646484375 0.0819702148437501 0.0306854248046875 -0.124214172363281
-0.327850341796875 0.218017578125 -0.0321273803710938 -0.0823211669921875
-0.147308349609375 0.315185546875 -0.0466041564941406 -0.0195579528808594
-0.00299072265625003 0.303558349609375 -0.0593223571777344 0.0409698486328125
0.167465209960938 0.241104125976563 0.0307388305664063 0.0831756591796875
0.2342529296875 0.1585693359375 0.102951049804688 0.043701171875
0.20574951171875 0.149749755859375 0.107818603515625 -0.00663757324218749
0.237960815429688 0.13861083984375 0.118423461914063 -0.00931549072265624
0.185958862304688 0.163818359375 0.104385375976563 -0.0240631103515625
0.111679077148438 0.230438232421875 0.0533409118652344 -0.0470352172851562
0.0217742919921875 0.255523681640625 0.0735702514648438 -0.0828323364257812
-0.173690795898437 0.221145629882812 0.134773254394531 -0.122421264648437
-0.266006469726563 0.165740966796875 0.22357177734375 -0.139373779296875
-0.2843017578125 0.0496215820312499 0.375244140625 -0.095428466796875
-0.381744384765625 0.055084228515625 -0.0604400634765625 -0.17510986328125
-0.371307373046875 0.11944580078125 -0.022064208984375 -0.116706848144531
-0.339630126953125 0.24462890625 -0.0374374389648438 -0.102828979492187
-0.158111572265625 0.33837890625 -0.0573348999023438 -0.07269287109375
-0.0140380859375 0.326904296875 -0.0873870849609375 -0.025360107421875
0.174819946289062 0.266952514648437 -0.0326480865478515 0.0173454284667969
0.25006103515625 0.1729736328125 0.00999546051025392 -0.00487613677978515
0.230056762695312 0.157501220703125 0.0148468017578125 -0.0417518615722656
0.274459838867188 0.143218994140625 0.027496337890625 -0.0402336120605469
0.22833251953125 0.172988891601563 0.0257682800292969 -0.0653038024902344
0.155868530273437 0.2640380859375 -0.0102005004882812 -0.078826904296875
0.05908203125 0.30615234375 0.0289382934570313 -0.111503601074219
-0.173614501953125 0.294158935546875 0.0995712280273437 -0.138984680175781
-0.28436279296875 0.244903564453125 0.169769287109375 -0.118377685546875
-0.3294677734375 0.11944580078125 0.268936157226563 -0.085052490234375
-0.353759765625 0.118927001953125 -0.175827026367188 -0.158676147460937
-0.323822021484375 0.15966796875 -0.0848007202148438 -0.097442626953125
-0.280364990234375 0.251571655273438 -0.0487060546875 -0.112022399902344
-0.122222900390625 0.31439208984375 -0.0694427490234375 -0.115089416503906
-0.00421142578124998 0.295166015625 -0.106895446777344 -0.0854339599609375
0.165786743164063 0.243118286132813 -0.0917129516601562 -0.0522308349609375
0.23236083984375 0.15643310546875 -0.0854110717773437 -0.0544204711914063
0.218612670898437 0.141921997070313 -0.0824203491210937 -0.0714492797851562
0.26654052734375 0.128860473632813 -0.0706024169921875 -0.0645904541015625
0.226181030273438 0.160202026367187 -0.0611801147460937 -0.095977783203125
0.160629272460938 0.254058837890625 -0.0741424560546875 -0.0991592407226563
0.071746826171875 0.29803466796875 -0.0167160034179688 -0.12384033203125
-0.15081787109375 0.302154541015625 0.0604400634765625 -0.128570556640625
-0.256423950195313 0.268325805664063 0.103950500488281 -0.0658035278320312
-0.320037841796875 0.162353515625 0.141799926757812 -0.0483856201171875
-0.273330688476562 0.16595458984375 -0.28302001953125 -0.12005615234375
-0.227813720703125 0.184402465820312 -0.14776611328125 -0.06488037109375
-0.169540405273438 0.226654052734375 -0.0687103271484375 -0.103157043457031
-0.05474853515625 0.242919921875 -0.08770751953125 -0.13140869140625
0.0185394287109375 0.216903686523438 -0.120506286621094 -0.118080139160156
0.141220092773438 0.174942016601563 -0.140312194824219 -0.102783203125
0.183456420898438 0.109695434570313 -0.169586181640625 -0.091400146484375
0.175048828125 0.101852416992188 -0.168792724609375 -0.08941650390625
0.210556030273438 0.097137451171875 -0.158248901367188 -0.08392333984375
0.175155639648438 0.12493896484375 -0.133277893066406 -0.119468688964844
0.120315551757813 0.200164794921875 -0.11859130859375 -0.113685607910156
0.0521697998046875 0.229476928710938 -0.0474929809570313 -0.124259948730469
-0.11163330078125 0.237808227539063 0.0294113159179687 -0.0995101928710938
-0.186492919921875 0.232315063476563 0.0379676818847656 -0.00315093994140624
-0.254013061523438 0.1727294921875 0.0127744674682617 0.00120925903320314
-0.15313720703125 0.183212280273437 -0.3702392578125 -0.0611877441406249
-0.108993530273437 0.173690795898438 -0.202606201171875 -0.0209503173828125
-0.047698974609375 0.165740966796875 -0.0938568115234375 -0.0743179321289063
0.0101318359375 0.140884399414063 -0.109024047851563 -0.114578247070312
0.0372314453125 0.113670349121094 -0.125816345214844 -0.116996765136719
0.100387573242188 0.0835037231445313 -0.173080444335937 -0.122451782226563
0.109054565429688 0.0458145141601563 -0.229736328125 -0.104751586914062
0.103309631347656 0.045989990234375 -0.230606079101563 -0.0948486328125
0.119804382324219 0.050811767578125 -0.218902587890625 -0.0993804931640625
0.091094970703125 0.0699310302734375 -0.174240112304688 -0.136947631835937
0.0542755126953125 0.109512329101563 -0.128150939941406 -0.12469482421875
0.02032470703125 0.112922668457031 -0.0547866821289063 -0.116508483886719
-0.046875 0.124893188476563 0.0125198364257812 -0.0643882751464843
-0.0771484375 0.155899047851562 -0.0164413452148438 0.0511550903320313
-0.139923095703125 0.1566162109375 -0.0935745239257813 0.050994873046875
-0.0145721435546875 0.160369873046875 -0.42529296875 0.00357055664062502
0.00368499755859376 0.125534057617188 -0.245635986328125 0.0327606201171875
0.0505752563476563 0.0790557861328125 -0.117134094238281 -0.0269012451171875
0.0496711730957031 0.0317192077636719 -0.122901916503906 -0.0708236694335938
0.0386619567871094 0.0102500915527344 -0.122726440429688 -0.0903091430664063
0.042022705078125 -0.00847625732421875 -0.187759399414063 -0.112579345703125
0.0182838439941406 -0.0202598571777344 -0.25732421875 -0.093841552734375
0.0155973434448242 -0.0173845291137695 -0.256393432617188 -0.0843811035156249
0.0125331878662109 -0.00769233703613281 -0.240585327148438 -0.107177734375
9.63211059570315E-05 -0.00287032127380371 -0.175827026367187 -0.146392822265625
-0.00674295425415039 -0.00269412994384766 -0.103630065917969 -0.128868103027344
0.00663948059082031 -0.0220527648925781 -0.0385360717773437 -0.102035522460938
0.0457725524902344 0.00473785400390625 0.00852966308593751 -0.0291633605957031
0.0579452514648438 0.072265625 -0.0506591796875 0.087799072265625
0.00202178955078125 0.126304626464844 -0.159255981445313 0.093658447265625
-0.164215087890625 -0.103744506835938 0.165542602539063 -0.139877319335938
-0.182937622070313 0.0232391357421875 0.0828781127929687 -0.111564636230469
-0.14208984375 0.119491577148437 -0.0229759216308594 -0.013427734375
-0.034942626953125 0.153640747070313 -7.62939453125098E-05 0.07928466796875
0.0393142700195312 0.131561279296875 0.032623291015625 0.134170532226563
0.0956192016601563 0.0797576904296875 0.15045166015625 0.149749755859375
0.110115051269531 0.0496139526367188 0.241134643554687 0.100433349609375
0.0804290771484375 0.0606613159179688 0.235855102539063 0.0638427734375
0.0815811157226562 0.0593948364257812 0.232635498046875 0.0666656494140625
0.0480117797851563 0.0720291137695313 0.187026977539063 0.0753936767578125
0.0087432861328125 0.0858306884765625 0.124771118164063 0.037994384765625
-0.042083740234375 0.0818023681640625 0.117073059082031 0.00619506835937501
-0.109962463378906 0.0227584838867188 0.16131591796875 -0.0290374755859375
-0.130783081054688 -0.03216552734375 0.263763427734375 -0.0867156982421875
-0.0889663696289063 -0.0967864990234375 0.4744873046875 -0.031982421875
-0.284637451171875 -0.0529174804687501 0.126922607421875 -0.15289306640625
-0.287353515625 0.062408447265625 0.0714035034179687 -0.116363525390625
-0.24664306640625 0.188034057617188 -0.0288162231445313 -0.0458602905273437
-0.0869598388671875 0.2532958984375 -0.0282135009765625 0.0380020141601563
0.0283203125 0.231643676757813 -0.0183868408203125 0.103996276855469
0.1492919921875 0.166534423828125 0.096954345703125 0.134529113769531
0.190994262695313 0.106796264648437 0.18585205078125 0.0843048095703125
0.159194946289063 0.111923217773437 0.184295654296875 0.034088134765625
0.174896240234375 0.106338500976563 0.18817138671875 0.031463623046875
0.122879028320313 0.129035949707031 0.154586791992188 0.027923583984375
0.0599365234375 0.170166015625 0.0931320190429688 -0.00534820556640624
-0.016937255859375 0.17828369140625 0.09832763671875 -0.0434341430664062
-0.158279418945312 0.127853393554688 0.153594970703125 -0.087005615234375
-0.219375610351563 0.0713195800781251 0.255783081054687 -0.130111694335937
-0.209884643554688 -0.02447509765625 0.44256591796875 -0.079925537109375
-0.36492919921875 -0.00152587890625001 0.043548583984375 -0.1611328125
-0.35870361328125 0.0919189453125 0.0341796875 -0.1143798828125
-0.325164794921875 0.229766845703125 -0.0348587036132813 -0.07440185546875
-0.136932373046875 0.319244384765625 -0.0475425720214844 -0.0114059448242187
0.00558471679687501 0.30401611328125 -0.0601730346679687 0.0508956909179688
0.175445556640625 0.234588623046875 0.0327529907226563 0.0914688110351563
0.241073608398438 0.150894165039063 0.104644775390625 0.050140380859375
0.21337890625 0.145645141601563 0.104576110839844 -0.000648498535156241
0.246536254882813 0.132125854492188 0.116035461425781 -0.00367736816406249
0.192764282226562 0.162139892578125 0.09625244140625 -0.0194931030273437
0.119659423828125 0.233551025390625 0.0441322326660156 -0.044158935546875
0.0241851806640625 0.263046264648438 0.0640029907226563 -0.0848388671875
-0.180770874023438 0.231826782226562 0.127487182617188 -0.127647399902344
-0.274520874023438 0.175796508789063 0.220062255859375 -0.143768310546875
-0.29937744140625 0.054168701171875 0.36767578125 -0.101593017578125
-0.392120361328125 0.0569152832031251 -0.065582275390625 -0.160324096679688
-0.37451171875 0.125091552734375 -0.0238800048828125 -0.105125427246094
-0.343475341796875 0.253448486328125 -0.0431594848632813 -0.0940628051757812
-0.153076171875 0.343353271484375 -0.0614471435546875 -0.0623016357421875
-0.00958251953125002 0.3306884765625 -0.0900955200195312 -0.0137863159179687
0.179733276367188 0.26409912109375 -0.0322475433349609 0.0269203186035156
0.25604248046875 0.169296264648438 0.0090618133544922 0.0028371810913086
0.235183715820313 0.156967163085937 0.0100193023681641 -0.0349102020263672
0.281341552734375 0.138824462890625 0.023427963256836 -0.0333271026611328
0.232955932617188 0.1722412109375 0.0167427062988281 -0.0587806701660156
0.161865234375 0.265457153320313 -0.0200958251953125 -0.0729827880859375
0.06134033203125 0.31072998046875 0.0179214477539062 -0.110641479492187
-0.17803955078125 0.3021240234375 0.08837890625 -0.14178466796875
-0.28997802734375 0.251373291015625 0.162796020507812 -0.120391845703125
-0.341522216796875 0.1214599609375 0.257308959960938 -0.08917236328125
-0.35968017578125 0.115478515625 -0.185302734375 -0.144363403320313
-0.3284912109375 0.159271240234375 -0.0923080444335938 -0.0864334106445312
-0.287353515625 0.254486083984375 -0.0574722290039063 -0.102104187011719
-0.123260498046875 0.317657470703125 -0.0754013061523438 -0.103851318359375
-0.00592041015624998 0.30023193359375 -0.110794067382812 -0.0746994018554688
0.166656494140625 0.24444580078125 -0.0927276611328125 -0.0435943603515625
0.235427856445312 0.156646728515625 -0.0888595581054687 -0.047210693359375
0.221450805664063 0.143463134765625 -0.0883712768554687 -0.06396484375
0.269561767578125 0.128189086914062 -0.0756378173828125 -0.0566482543945312
0.228012084960938 0.160415649414063 -0.0699920654296875 -0.0877609252929687
0.16375732421875 0.254806518554688 -0.0832901000976562 -0.0922393798828125
0.071319580078125 0.300872802734375 -0.0279388427734375 -0.120529174804688
-0.15521240234375 0.305908203125 0.0489425659179688 -0.128677368164062
-0.259536743164062 0.271148681640625 0.0945053100585937 -0.06640625
-0.327239990234375 0.161102294921875 0.12713623046875 -0.050537109375
-0.273895263671875 0.159103393554688 -0.296295166015625 -0.10614013671875
-0.230239868164063 0.177871704101563 -0.159713745117188 -0.0553131103515625
-0.175262451171875 0.222991943359375 -0.078887939453125 -0.0936737060546875
-0.0600128173828125 0.24163818359375 -0.0942459106445312 -0.120574951171875
0.0127716064453125 0.220184326171875 -0.123039245605469 -0.110374450683594
0.13739013671875 0.17889404296875 -0.142715454101563 -0.0968475341796875
0.182785034179688 0.114120483398438 -0.174575805664062 -0.0845794677734375
0.17413330078125 0.106735229492188 -0.175674438476563 -0.0828399658203125
0.210662841796875 0.100692749023438 -0.164047241210938 -0.0762176513671875
0.173507690429688 0.128173828125 -0.1409912109375 -0.111282348632813
0.118072509765625 0.201858520507813 -0.125701904296875 -0.105743408203125
0.0487060546875 0.22991943359375 -0.057891845703125 -0.119720458984375
-0.11541748046875 0.236404418945313 0.0181655883789063 -0.0994644165039062
-0.188400268554687 0.228668212890625 0.0280303955078125 -0.00217056274414061
-0.257034301757813 0.16729736328125 -0.00204682350158693 0.000584125518798838
-0.147750854492187 0.173782348632813 -0.383514404296875 -0.0499572753906249
-0.1068115234375 0.165267944335938 -0.216171264648437 -0.0120697021484375
-0.050689697265625 0.156478881835938 -0.103218078613281 -0.0652084350585937
0.00384521484375 0.135688781738281 -0.113136291503906 -0.104423522949219
0.029388427734375 0.113632202148438 -0.126380920410156 -0.112342834472656
0.0919570922851563 0.0873870849609375 -0.1754150390625 -0.11962890625
0.104377746582031 0.052825927734375 -0.234725952148438 -0.100326538085937
0.0996551513671875 0.0531997680664062 -0.236053466796875 -0.0889892578125
0.116371154785156 0.0580368041992188 -0.224456787109375 -0.0927276611328125
0.086181640625 0.0760574340820313 -0.17999267578125 -0.130523681640625
0.0474166870117188 0.113349914550781 -0.133888244628906 -0.118629455566406
0.0127182006835937 0.113655090332031 -0.0634078979492187 -0.112800598144531
-0.0532302856445313 0.118171691894531 0.00322723388671874 -0.06536865234375
-0.0794219970703125 0.14532470703125 -0.0257568359375 0.0515518188476563
-0.139389038085938 0.146835327148437 -0.107719421386719 0.050140380859375
-0.00460815429687501 0.150161743164062 -0.436431884765625 0.013580322265625
0.0103988647460938 0.116630554199219 -0.257171630859375 0.0409393310546875
0.0517349243164063 0.066680908203125 -0.122940063476563 -0.018157958984375
0.0445022583007813 0.0231056213378906 -0.1239013671875 -0.062042236328125
0.0307769775390625 0.00638961791992188 -0.11962890625 -0.0880813598632812
0.0313453674316406 -0.00501632690429688 -0.187896728515625 -0.112030029296875
0.0103034973144531 -0.0123863220214844 -0.262069702148438 -0.09234619140625
0.00907421112060547 -0.00910663604736328 -0.25927734375 -0.0815734863281249
0.00638437271118164 0.00335550308227539 -0.245529174804688 -0.10302734375
-0.00650453567504883 0.00636482238769531 -0.179946899414062 -0.1429443359375
-0.016779899597168 0.00263690948486328 -0.107322692871094 -0.125823974609375
-0.005157470703125 -0.0216884613037109 -0.044281005859375 -0.100242614746094
0.0372772216796875 -0.005950927734375 0.0012054443359375 -0.0318737030029297
0.0552597045898437 0.0568466186523437 -0.0587234497070313 0.085693359375
0.00658416748046876 0.113357543945313 -0.1700439453125 0.090972900390625
-0.17352294921875 -0.09368896484375 0.182373046875 -0.13897705078125
-0.17852783203125 0.032562255859375 0.0958786010742187 -0.113616943359375
-0.134445190429688 0.127174377441406 -0.0202465057373047 -0.0117931365966797
-0.024200439453125 0.155014038085938 0.00341033935546876 0.0815200805664063
0.0493011474609375 0.128440856933594 0.0354766845703125 0.139762878417969
0.102561950683594 0.069488525390625 0.156463623046875 0.154190063476563
0.114959716796875 0.0391387939453125 0.2501220703125 0.1043701171875
0.086395263671875 0.0542755126953125 0.243881225585938 0.0686187744140625
0.0887222290039063 0.0526123046875 0.239883422851563 0.0714111328125
0.0555610656738281 0.0702743530273437 0.187820434570313 0.0814056396484375
0.0171051025390625 0.0897750854492188 0.1220703125 0.0402450561523438
-0.038818359375 0.0919189453125 0.11700439453125 0.00308227539062501
-0.115806579589844 0.0347747802734375 0.167068481445313 -0.0352020263671875
-0.140464782714844 -0.020233154296875 0.277420043945313 -0.094268798828125
-0.101783752441406 -0.0902862548828125 0.48907470703125 -0.03619384765625
-0.299468994140625 -0.04461669921875 0.1400146484375 -0.14776611328125
-0.288360595703125 0.0715332031250001 0.0836639404296875 -0.114578247070313
-0.245773315429688 0.198806762695313 -0.0276679992675781 -0.0423698425292969
-0.07843017578125 0.258041381835938 -0.0259437561035156 0.042633056640625
0.0364837646484375 0.23297119140625 -0.0170440673828125 0.112686157226563
0.156906127929688 0.160018920898438 0.102737426757813 0.142349243164063
0.198593139648438 0.0997314453125 0.193450927734375 0.090484619140625
0.167678833007813 0.109359741210938 0.189178466796875 0.0404815673828125
0.184921264648438 0.101318359375 0.193435668945313 0.037933349609375
0.13226318359375 0.129508972167969 0.153579711914063 0.0336761474609375
0.0683746337890625 0.176437377929688 0.0885086059570313 -0.00207519531249999
-0.0152130126953125 0.191268920898437 0.095123291015625 -0.0459747314453125
-0.169174194335938 0.142166137695313 0.155487060546875 -0.0924835205078125
-0.23223876953125 0.0841522216796875 0.264602661132813 -0.13690185546875
-0.227920532226563 -0.01898193359375 0.452117919921875 -0.0833740234375
-0.384185791015625 0.00302124023437498 0.051544189453125 -0.15216064453125
-0.366546630859375 0.098907470703125 0.0414962768554687 -0.109291076660156
-0.330780029296875 0.241180419921875 -0.0352935791015625 -0.0689277648925781
-0.133331298828125 0.3277587890625 -0.0475654602050781 -0.00489425659179686
0.01068115234375 0.31036376953125 -0.0611419677734375 0.0610771179199219
0.183090209960938 0.233932495117188 0.0372467041015625 0.101173400878906
0.250457763671875 0.148162841796875 0.109329223632813 0.057525634765625
0.222076416015625 0.146865844726562 0.106369018554688 0.00579071044921876
0.25750732421875 0.130157470703125 0.117935180664063 0.00334167480468751
0.202285766601563 0.164566040039063 0.0928421020507813 -0.012939453125
0.127593994140625 0.241806030273438 0.0377197265625 -0.0399360656738281
0.0260009765625 0.276153564453125 0.0577621459960938 -0.0856857299804688
-0.192123413085938 0.247085571289062 0.124229431152344 -0.132278442382812
-0.288818359375 0.1883544921875 0.2235107421875 -0.148666381835938
-0.320068359375 0.059295654296875 0.3707275390625 -0.102935791015625
-0.411376953125 0.057647705078125 -0.0651397705078125 -0.15093994140625
-0.386749267578125 0.1297607421875 -0.0221176147460938 -0.098114013671875
-0.355499267578125 0.264984130859375 -0.0460357666015625 -0.0879745483398437
-0.154693603515625 0.3544921875 -0.0632972717285157 -0.054779052734375
-0.00958251953125002 0.341949462890625 -0.093017578125 -0.00457000732421872
0.185791015625 0.268966674804688 -0.0296478271484375 0.0358390808105469
0.264968872070313 0.171783447265625 0.0100250244140625 0.0094900131225586
0.24383544921875 0.16229248046875 0.00775718688964845 -0.0289859771728516
0.292388916015625 0.13958740234375 0.0226192474365235 -0.0269908905029297
0.241439819335938 0.177398681640625 0.0110549926757813 -0.0524711608886719
0.168807983398438 0.274185180664063 -0.0271568298339844 -0.0684394836425781
0.06292724609375 0.32305908203125 0.00997161865234376 -0.109909057617187
-0.18817138671875 0.316009521484375 0.082550048828125 -0.144805908203125
-0.302978515625 0.263275146484375 0.160507202148438 -0.12286376953125
-0.362457275390625 0.124725341796875 0.252944946289063 -0.0893402099609375
-0.37689208984375 0.112945556640625 -0.193313598632813 -0.134307861328125
-0.341278076171875 0.160003662109375 -0.097198486328125 -0.0778961181640625
-0.302032470703125 0.262359619140625 -0.0631637573242188 -0.0953750610351563
-0.1298828125 0.327545166015625 -0.0790176391601563 -0.0965194702148437
-0.00848388671874998 0.31304931640625 -0.113822937011719 -0.0680770874023438
0.169174194335937 0.253326416015625 -0.0933074951171875 -0.0371475219726563
0.242721557617187 0.16363525390625 -0.0914535522460937 -0.0416717529296875
0.22900390625 0.151321411132812 -0.0940017700195312 -0.0586013793945312
0.278961181640625 0.132049560546875 -0.07958984375 -0.0512619018554687
0.233322143554688 0.1666259765625 -0.0770187377929687 -0.0821304321289063
0.16680908203125 0.263046264648438 -0.090972900390625 -0.086700439453125
0.070831298828125 0.310943603515625 -0.0368423461914062 -0.118354797363281
-0.1639404296875 0.315643310546875 0.0406265258789062 -0.129974365234375
-0.271224975585938 0.278045654296875 0.0895843505859375 -0.0650482177734375
-0.34466552734375 0.162506103515625 0.117057800292969 -0.0495452880859375
-0.284881591796875 0.154144287109375 -0.3114013671875 -0.0974731445312501
-0.24029541015625 0.176116943359375 -0.1710205078125 -0.0464630126953125
-0.189422607421875 0.224822998046875 -0.0865325927734375 -0.0863265991210937
-0.068450927734375 0.248397827148438 -0.0993194580078125 -0.113632202148437
0.00617980957031253 0.23046875 -0.126213073730469 -0.106292724609375
0.136428833007812 0.188507080078125 -0.145172119140625 -0.0943603515625
0.18682861328125 0.123382568359375 -0.18060302734375 -0.082183837890625
0.17926025390625 0.116409301757813 -0.182846069335937 -0.0796356201171875
0.216552734375 0.10748291015625 -0.170578002929688 -0.07147216796875
0.17572021484375 0.13604736328125 -0.148239135742188 -0.106582641601562
0.117340087890625 0.210601806640625 -0.132774353027344 -0.101493835449219
0.044464111328125 0.237716674804687 -0.0662765502929687 -0.117095947265625
-0.124832153320312 0.240447998046875 0.0099334716796875 -0.0990447998046875
-0.196990966796875 0.230300903320313 0.0208835601806641 0.00111389160156251
-0.269302368164062 0.1646728515625 -0.0162830352783203 0.00303649902343751
-0.151641845703125 0.167678833007813 -0.40155029296875 -0.04278564453125
-0.110687255859375 0.159866333007813 -0.231353759765625 -0.00323486328125003
-0.058990478515625 0.152450561523438 -0.111373901367187 -0.0573043823242187
-0.00373077392578124 0.136466979980469 -0.117485046386719 -0.09832763671875
0.0223464965820312 0.119094848632813 -0.127532958984375 -0.111518859863281
0.0878067016601562 0.0962600708007813 -0.179000854492188 -0.12060546875
0.103996276855469 0.0624847412109375 -0.243621826171875 -0.100433349609375
0.100486755371094 0.0629119873046875 -0.244552612304688 -0.0876617431640625
0.11810302734375 0.0675201416015625 -0.232757568359375 -0.089996337890625
0.0852203369140625 0.0855484008789063 -0.186798095703125 -0.129119873046875
0.0426101684570312 0.121574401855469 -0.139389038085937 -0.11590576171875
0.00482177734375 0.118751525878906 -0.070037841796875 -0.111000061035156
-0.063232421875 0.115707397460938 -0.00521469116210938 -0.0656013488769531
-0.0863418579101563 0.13983154296875 -0.034210205078125 0.0547561645507813
-0.145370483398437 0.139434814453125 -0.123092651367188 0.0522537231445313
0.000213623046875015 0.142532348632813 -0.4544677734375 0.0201416015624999
0.0133819580078125 0.110015869140625 -0.273056030273438 0.0495147705078125
0.0505867004394531 0.0574874877929688 -0.130088806152344 -0.0101165771484375
0.0390510559082031 0.0178260803222656 -0.125755310058594 -0.056396484375
0.0236663818359375 0.00518989562988281 -0.118782043457031 -0.0896682739257813
0.0241489410400391 0.00017547607421875 -0.191757202148438 -0.116561889648437
0.00587224960327148 -0.00298595428466797 -0.271072387695313 -0.0943145751953124
0.00586462020874023 -0.000356197357177734 -0.268234252929688 -0.0827484130859375
0.00423240661621094 0.0137338638305664 -0.254348754882813 -0.10345458984375
-0.0107851028442383 0.0162591934204102 -0.186447143554687 -0.14495849609375
-0.0253868103027344 0.00965690612792969 -0.111885070800781 -0.126640319824219
-0.0155086517333984 -0.01910400390625 -0.0500411987304688 -0.100822448730469
0.0285568237304688 -0.0132484436035156 -0.00563621520996094 -0.0337314605712891
0.0504570007324219 0.0456314086914063 -0.0688095092773437 0.0876541137695313
0.00746154785156251 0.102890014648438 -0.185775756835938 0.091583251953125
-0.185791015625 -0.0845794677734375 0.202056884765625 -0.145706176757813
-0.177276611328125 0.0419921875 0.109748840332031 -0.121910095214844
-0.129104614257813 0.137489318847656 -0.0175552368164063 -0.0105857849121094
-0.0135345458984375 0.158706665039062 0.00847625732421875 0.084716796875
0.0601272583007813 0.126426696777344 0.0413818359375 0.147445678710938
0.110084533691406 0.0594558715820313 0.16729736328125 0.160247802734375
0.119827270507812 0.0287094116210937 0.266815185546875 0.106735229492188
0.0931396484375 0.0486221313476563 0.258544921875 0.0713958740234375
0.0961685180664063 0.044769287109375 0.255142211914063 0.0753631591796875
0.0645103454589844 0.0682640075683594 0.195480346679687 0.088165283203125
0.0271148681640625 0.093963623046875 0.123695373535156 0.04327392578125
-0.034576416015625 0.102493286132813 0.119468688964844 -0.000404357910156244
-0.122146606445312 0.0493240356445313 0.17596435546875 -0.0441741943359375
-0.150192260742188 -0.00698852539062502 0.29412841796875 -0.108123779296875
-0.115806579589844 -0.0834808349609375 0.51544189453125 -0.048675537109375
-0.32000732421875 -0.033416748046875 0.156524658203125 -0.150405883789063
-0.295501708984375 0.084136962890625 0.0964202880859375 -0.119308471679688
-0.247100830078125 0.214324951171875 -0.0259971618652344 -0.0402450561523437
-0.0706939697265625 0.268417358398438 -0.0237846374511719 0.04779052734375
0.047149658203125 0.23846435546875 -0.0142364501953125 0.123069763183594
0.168670654296875 0.1556396484375 0.112564086914063 0.151290893554687
0.210845947265625 0.09344482421875 0.207611083984375 0.0954437255859375
0.179840087890625 0.107025146484375 0.20037841796875 0.0449676513671875
0.199203491210938 0.096405029296875 0.204849243164063 0.042388916015625
0.145034790039063 0.130752563476563 0.157806396484375 0.0403900146484375
0.0803985595703125 0.185653686523438 0.0873794555664063 0.00118255615234376
-0.010284423828125 0.207839965820313 0.0939865112304688 -0.0488739013671875
-0.178878784179688 0.16278076171875 0.159072875976563 -0.101425170898438
-0.246917724609375 0.10345458984375 0.277145385742188 -0.149826049804688
-0.25 -0.00885009765624998 0.471649169921875 -0.0943603515625
-0.4110107421875 0.0136718749999999 0.06048583984375 -0.150894165039063
-0.379913330078125 0.111602783203125 0.051025390625 -0.110198974609375
-0.340362548828125 0.262908935546875 -0.0356712341308594 -0.06622314453125
-0.129241943359375 0.344329833984375 -0.0478477478027344 0.00116729736328128
0.018646240234375 0.324310302734375 -0.0611953735351563 0.0733413696289063
0.196182250976563 0.236282348632813 0.044830322265625 0.111358642578125
0.266525268554687 0.145492553710937 0.118705749511719 0.0642013549804688
0.238723754882813 0.148651123046875 0.111808776855469 0.0113372802734375
0.275848388671875 0.128189086914062 0.124679565429688 0.00787353515625001
0.217178344726563 0.16802978515625 0.0931854248046875 -0.00701904296874999
0.141891479492188 0.252899169921875 0.0329055786132813 -0.0361175537109375
0.033447265625 0.29541015625 0.0530242919921875 -0.0880813598632812
-0.202423095703125 0.27197265625 0.123397827148438 -0.140823364257813
-0.305633544921875 0.21221923828125 0.230377197265625 -0.159530639648438
-0.346435546875 0.0713500976562501 0.380889892578125 -0.111358642578125
-0.43975830078125 0.06707763671875 -0.0664520263671875 -0.145278930664063
-0.406402587890625 0.1416015625 -0.02008056640625 -0.0941314697265625
-0.3719482421875 0.287506103515625 -0.0498123168945313 -0.083465576171875
-0.1566162109375 0.37506103515625 -0.0659332275390625 -0.0485076904296875
-0.00460815429687502 0.361572265625 -0.0963211059570313 0.00606536865234378
0.199264526367188 0.277877807617188 -0.0258064270019531 0.0450592041015625
0.28314208984375 0.17401123046875 0.0136470794677735 0.0162839889526367
0.261978149414063 0.1673583984375 0.0069561004638672 -0.0236339569091797
0.31207275390625 0.1397705078125 0.0228748321533203 -0.0223922729492187
0.257736206054688 0.18170166015625 0.00704956054687501 -0.0471916198730469
0.183135986328125 0.28631591796875 -0.0342445373535156 -0.0633583068847656
0.070526123046875 0.3426513671875 0.00233459472656251 -0.110237121582031
-0.197906494140625 0.341339111328125 0.077392578125 -0.150115966796875
-0.319000244140625 0.2861328125 0.1627197265625 -0.12835693359375
-0.388763427734375 0.137969970703125 0.25537109375 -0.0937042236328125
-0.40130615234375 0.11883544921875 -0.205535888671875 -0.125961303710937
-0.36090087890625 0.168853759765625 -0.103569030761719 -0.070068359375
-0.32147216796875 0.282135009765625 -0.0702285766601563 -0.0897598266601562
-0.13494873046875 0.347808837890625 -0.0847244262695313 -0.0907135009765625
-0.00805664062500002 0.333984375 -0.119865417480469 -0.0608062744140625
0.180923461914063 0.26690673828125 -0.0946426391601563 -0.0315475463867187
0.260040283203125 0.16998291015625 -0.0957565307617187 -0.03729248046875
0.245361328125 0.159698486328125 -0.100967407226562 -0.0545120239257812
0.295928955078125 0.13543701171875 -0.085052490234375 -0.0458984375
0.247695922851563 0.173248291015625 -0.084564208984375 -0.0774307250976562
0.178955078125 0.275833129882813 -0.09967041015625 -0.080780029296875
0.077239990234375 0.3287353515625 -0.0461654663085938 -0.116973876953125
-0.173583984375 0.337799072265625 0.0327224731445312 -0.132072448730469
-0.2847900390625 0.297149658203125 0.0872344970703125 -0.0656661987304687
-0.369964599609375 0.171875 0.110893249511719 -0.048187255859375
-0.30194091796875 0.15716552734375 -0.332366943359375 -0.0870361328124999
-0.2548828125 0.180831909179687 -0.184249877929688 -0.0366973876953125
-0.205322265625 0.23699951171875 -0.0958023071289063 -0.0797805786132813
-0.0752716064453125 0.26251220703125 -0.10528564453125 -0.108612060546875
0.0045166015625 0.247726440429688 -0.132720947265625 -0.104446411132812
0.143478393554688 0.201995849609375 -0.151031494140625 -0.0930938720703125
0.199722290039063 0.132553100585938 -0.19140625 -0.0791473388671875
0.190689086914063 0.125259399414063 -0.195404052734375 -0.0760498046875
0.230056762695312 0.113983154296875 -0.180999755859375 -0.067413330078125
0.184921264648437 0.145156860351563 -0.1590576171875 -0.1038818359375
0.123184204101563 0.222732543945313 -0.14227294921875 -0.0977020263671875
0.04541015625 0.251220703125 -0.075469970703125 -0.11505126953125
-0.13519287109375 0.25421142578125 0.00163269042968749 -0.099853515625
-0.208831787109375 0.240829467773438 0.0150566101074219 0.00584793090820314
-0.287689208984375 0.169921875 -0.0292987823486328 0.00823020935058595
-0.157684326171875 0.167129516601562 -0.42852783203125 -0.0286254882812501
-0.117919921875 0.160995483398438 -0.249618530273438 0.00964355468750002
-0.068115234375 0.15496826171875 -0.121383666992188 -0.0501480102539062
-0.00999450683593749 0.142166137695313 -0.124359130859375 -0.0935134887695312
0.0175704956054688 0.128883361816406 -0.132919311523438 -0.112419128417969
0.0887222290039063 0.106948852539063 -0.18780517578125 -0.1231689453125
0.110450744628906 0.0722503662109375 -0.258255004882813 -0.099609375
0.105850219726562 0.072540283203125 -0.260696411132813 -0.086273193359375
0.125236511230469 0.0765457153320313 -0.246490478515625 -0.0874176025390625
0.0887603759765625 0.0960845947265625 -0.199005126953125 -0.128433227539063
0.04132080078125 0.132530212402344 -0.148544311523438 -0.11468505859375
-0.000404357910156242 0.127914428710938 -0.0785140991210938 -0.110282897949219
-0.0736770629882813 0.119194030761719 -0.0132865905761719 -0.0650558471679687
-0.0950546264648437 0.140533447265625 -0.0429229736328125 0.0620613098144531
-0.154983520507812 0.138519287109375 -0.141067504882813 0.0601806640625
0.00499725341796876 0.138198852539063 -0.482208251953125 0.03460693359375
0.01544189453125 0.106231689453125 -0.29266357421875 0.0638427734375
0.0491790771484375 0.0503463745117188 -0.138626098632813 -0.000892639160156268
0.0342617034912109 0.0146903991699219 -0.129997253417969 -0.0515594482421875
0.0174684524536133 0.00651264190673828 -0.121139526367188 -0.0930252075195312
0.0189476013183594 0.00681304931640625 -0.201385498046875 -0.121566772460937
0.00381946563720703 0.00627040863037109 -0.287841796875 -0.0949707031249999
0.00456047058105469 0.00869178771972656 -0.284698486328125 -0.082794189453125
0.00425529479980468 0.0243949890136719 -0.269607543945313 -0.103591918945313
-0.0126419067382813 0.0263156890869141 -0.19879150390625 -0.148834228515625
-0.0318737030029297 0.0187034606933594 -0.119575500488281 -0.129173278808594
-0.0247135162353516 -0.0153732299804688 -0.0568923950195313 -0.102203369140625
0.0189800262451172 -0.0192623138427734 -0.0135765075683594 -0.0339679718017578
0.0459098815917969 0.036956787109375 -0.0787429809570313 0.0940322875976562
0.006134033203125 0.095703125 -0.20513916015625 0.098388671875
-0.200393676757813 -0.0697174072265625 0.219619750976562 -0.162490844726563
-0.176559448242187 0.053741455078125 0.119796752929687 -0.137298583984375
-0.120452880859375 0.151275634765625 -0.0151128768920898 -0.00955200195312499
0.000427246093749983 0.162277221679688 0.0155029296875 0.0866470336914063
0.0736465454101563 0.122901916503906 0.0521392822265625 0.155288696289063
0.117263793945313 0.0472869873046875 0.185134887695313 0.16290283203125
0.12506103515625 0.0162200927734375 0.2889404296875 0.101806640625
0.100120544433594 0.0408935546875 0.279586791992188 0.0670928955078125
0.104324340820313 0.0353240966796875 0.276351928710938 0.072509765625
0.0740737915039063 0.0642471313476563 0.209457397460938 0.0911102294921875
0.0391921997070313 0.0969009399414063 0.128105163574219 0.0447006225585938
-0.0264205932617187 0.115226745605469 0.123222351074219 -0.00608062744140624
-0.125389099121094 0.0672073364257812 0.184402465820313 -0.0583648681640625
-0.158462524414063 0.010467529296875 0.309722900390625 -0.13214111328125
-0.130302429199219 -0.0736770629882812 0.544677734375 -0.07659912109375
-0.342529296875 -0.012786865234375 0.17059326171875 -0.16156005859375
-0.302215576171875 0.102630615234375 0.105796813964844 -0.130851745605469
-0.244583129882813 0.239486694335937 -0.0257911682128906 -0.03778076171875
-0.05615234375 0.281829833984375 -0.0197677612304687 0.0526924133300781
0.063507080078125 0.245498657226562 -0.00675964355468751 0.135528564453125
0.184127807617188 0.148239135742188 0.12872314453125 0.158370971679688
0.224441528320312 0.0812530517578125 0.227096557617187 0.0948486328125
0.196258544921875 0.100067138671875 0.21575927734375 0.0439910888671875
0.215850830078125 0.08587646484375 0.221405029296875 0.04156494140625
0.162200927734375 0.12872314453125 0.166961669921875 0.0436553955078125
0.099212646484375 0.19244384765625 0.0879058837890625 0.00362396240234376
0.00202941894531252 0.225753784179687 0.0927200317382813 -0.0540390014648437
-0.182952880859375 0.190505981445313 0.162155151367188 -0.115371704101562
-0.257705688476563 0.1312255859375 0.287811279296875 -0.173187255859375
-0.272720336914063 0.00958251953124996 0.49420166015625 -0.119232177734375
-0.439605712890625 0.037078857421875 0.06744384765625 -0.154754638671875
-0.3951416015625 0.134613037109375 0.0578994750976562 -0.115432739257812
-0.346221923828125 0.29541015625 -0.0383987426757813 -0.0620536804199219
-0.11834716796875 0.366912841796875 -0.0476150512695313 0.0079154968261719
0.03631591796875 0.340576171875 -0.0578765869140625 0.0869598388671875
0.217941284179688 0.235824584960938 0.057708740234375 0.120338439941406
0.287841796875 0.1370849609375 0.132431030273438 0.0666656494140625
0.260971069335938 0.144729614257813 0.119949340820313 0.01312255859375
0.299835205078125 0.1180419921875 0.134178161621094 0.00892639160156251
0.239242553710937 0.166763305664063 0.0966415405273438 -0.00337219238281249
0.164871215820313 0.26202392578125 0.0294418334960938 -0.0321826934814453
0.04974365234375 0.316314697265625 0.0471038818359375 -0.0908355712890625
-0.204681396484375 0.30621337890625 0.120834350585937 -0.151443481445312
-0.316741943359375 0.245635986328125 0.234878540039062 -0.17755126953125
-0.373809814453125 0.09637451171875 0.39483642578125 -0.129364013671875
-0.471405029296875 0.0899353027343749 -0.0700073242187501 -0.140701293945313
-0.426361083984375 0.165771484375 -0.01898193359375 -0.0926971435546875
-0.3848876953125 0.3233642578125 -0.0555801391601563 -0.0782241821289062
-0.149169921875 0.4033203125 -0.0698471069335938 -0.0410995483398437
0.01092529296875 0.385833740234375 -0.09783935546875 0.0190200805664063
0.222381591796875 0.2835693359375 -0.0201416015625 0.0534477233886719
0.3076171875 0.170745849609375 0.0178852081298828 0.0210952758789063
0.28680419921875 0.166351318359375 0.00614929199218752 -0.0192356109619141
0.338104248046875 0.132171630859375 0.024953842163086 -0.0183200836181641
0.280792236328125 0.181320190429688 0.00419998168945314 -0.0422096252441406
0.208160400390625 0.295989990234375 -0.0418968200683594 -0.0577011108398437
0.090667724609375 0.363861083984375 -0.007171630859375 -0.110794067382812
-0.197601318359375 0.376556396484375 0.0701141357421875 -0.157302856445312
-0.3271484375 0.321990966796875 0.163497924804687 -0.13946533203125
-0.416778564453125 0.164581298828125 0.258041381835938 -0.103652954101563
-0.429290771484375 0.13885498046875 -0.220077514648437 -0.112747192382813
-0.381072998046875 0.19085693359375 -0.110145568847656 -0.0619735717773437
-0.3359375 0.31512451171875 -0.0787582397460938 -0.0825881958007812
-0.131195068359375 0.376678466796875 -0.091552734375 -0.0835647583007812
0.00433349609375001 0.359527587890625 -0.126327514648438 -0.0517654418945312
0.202728271484375 0.276809692382813 -0.0956344604492187 -0.0251388549804687
0.284271240234375 0.170684814453125 -0.101089477539062 -0.0307846069335938
0.268722534179688 0.16131591796875 -0.109870910644531 -0.0472946166992188
0.321197509765625 0.130615234375 -0.0912322998046875 -0.0396499633789063
0.269058227539063 0.174667358398438 -0.0930404663085937 -0.0715408325195312
0.201080322265625 0.28582763671875 -0.110504150390625 -0.0738525390625
0.0938720703125 0.347686767578125 -0.0572738647460938 -0.114669799804687
-0.17340087890625 0.368255615234375 0.02386474609375 -0.135169982910156
-0.29217529296875 0.32843017578125 0.0848159790039062 -0.0676651000976562
-0.393951416015625 0.197509765625 0.105682373046875 -0.0488204956054687
-0.3203125 0.171173095703125 -0.356536865234375 -0.0664978027343749
-0.268753051757813 0.196395874023438 -0.198471069335938 -0.0209503173828125
-0.216995239257813 0.26019287109375 -0.106842041015625 -0.0710601806640625
-0.0748291015625 0.28302001953125 -0.115348815917969 -0.101333618164062
0.010711669921875 0.268600463867188 -0.141098022460938 -0.09906005859375
0.15911865234375 0.213836669921875 -0.159088134765625 -0.089813232421875
0.218948364257813 0.136474609375 -0.205596923828125 -0.07196044921875
0.209518432617188 0.13079833984375 -0.21142578125 -0.067230224609375
0.250228881835938 0.114349365234375 -0.194122314453125 -0.059234619140625
0.201446533203125 0.149993896484375 -0.173049926757812 -0.0975494384765625
0.138168334960938 0.234786987304688 -0.154312133789063 -0.0901336669921875
0.0548858642578125 0.267486572265625 -0.0879745483398438 -0.111335754394531
-0.138916015625 0.274917602539062 -0.00843048095703125 -0.0991287231445312
-0.215606689453125 0.260818481445312 0.0108146667480469 0.0113697052001953
-0.306121826171875 0.186767578125 -0.0414085388183594 0.0173606872558594
-0.163665771484375 0.17303466796875 -0.457305908203125 -0.00347900390624997
-0.122833251953125 0.16741943359375 -0.268173217773438 0.02960205078125
-0.07440185546875 0.163421630859375 -0.133041381835938 -0.0391387939453125
-0.01202392578125 0.151016235351562 -0.132698059082031 -0.0858383178710938
0.01824951171875 0.140525817871094 -0.142044067382813 -0.1112060546875
0.0958480834960938 0.116561889648438 -0.200820922851563 -0.122909545898437
0.121498107910156 0.0797119140625 -0.278945922851563 -0.0921478271484375
0.116645812988281 0.0799407958984375 -0.281219482421875 -0.077117919921875
0.137680053710937 0.082489013671875 -0.26507568359375 -0.0790863037109374
0.0976409912109375 0.104713439941406 -0.216293334960938 -0.123916625976562
0.0468902587890625 0.145614624023438 -0.161041259765625 -0.110076904296875
-0.000320434570312502 0.138999938964844 -0.0902862548828125 -0.107582092285156
-0.0821380615234375 0.128402709960938 -0.0226402282714844 -0.0629844665527344
-0.101898193359375 0.146865844726563 -0.0481796264648438 0.0728530883789063
-0.165695190429688 0.14532470703125 -0.157608032226562 0.074737548828125
0.0107269287109375 0.135009765625 -0.51123046875 0.0631408691406249
0.0185089111328125 0.103874206542969 -0.3121337890625 0.088104248046875
0.0475311279296875 0.0448226928710938 -0.147247314453125 0.0118408203125
0.0293979644775391 0.0122585296630859 -0.136741638183594 -0.0433273315429687
0.0123682022094727 0.00885486602783203 -0.128364562988281 -0.0947113037109375
0.0166416168212891 0.0139369964599609 -0.21600341796875 -0.123001098632813
0.00477790832519531 0.0154619216918945 -0.31048583984375 -0.089691162109375
0.00591564178466797 0.017176628112793 -0.306549072265625 -0.0744934082031249
0.00731658935546875 0.0347900390625 -0.29144287109375 -0.09674072265625
-0.0123329162597656 0.0373687744140625 -0.216751098632813 -0.147933959960938
-0.0359840393066406 0.0295486450195312 -0.131423950195312 -0.12945556640625
-0.0336780548095703 -0.009246826171875 -0.0666885375976563 -0.10211181640625
0.00861930847167969 -0.0234413146972656 -0.0211677551269531 -0.0328540802001953
0.0406951904296875 0.0297355651855469 -0.0866775512695313 0.106246948242187
0.00508880615234374 0.0907516479492188 -0.223876953125 0.11456298828125
-0.211959838867188 -0.048828125 0.228256225585938 -0.186309814453125
-0.171371459960938 0.06854248046875 0.122283935546875 -0.1556396484375
-0.106613159179688 0.163665771484375 -0.0121307373046875 -0.00826835632324218
0.0169830322265625 0.162689208984375 0.0244140625 0.0870742797851563
0.0874252319335938 0.1148681640625 0.0665283203125 0.158798217773438
0.121932983398438 0.0314865112304688 0.203948974609375 0.1573486328125
0.126075744628906 0.0010223388671875 0.3096923828125 0.08660888671875
0.105545043945313 0.0299072265625 0.2978515625 0.053009033203125
0.109474182128906 0.0228729248046875 0.29620361328125 0.059844970703125
0.0832443237304688 0.056854248046875 0.224136352539063 0.08587646484375
0.0524749755859375 0.0955429077148438 0.132911682128906 0.042510986328125
-0.0139923095703125 0.124610900878906 0.124893188476563 -0.0148468017578125
-0.12237548828125 0.087646484375 0.18756103515625 -0.0781097412109375
-0.161148071289063 0.032745361328125 0.315765380859375 -0.164794921875
-0.143264770507813 -0.058013916015625 0.5645751953125 -0.11920166015625
-0.35968017578125 0.018341064453125 0.177871704101562 -0.177932739257812
-0.30169677734375 0.127593994140625 0.109817504882812 -0.145980834960937
-0.231292724609375 0.266464233398438 -0.0257415771484375 -0.0352630615234375
-0.034454345703125 0.290771484375 -0.0142974853515625 0.0572586059570313
0.085662841796875 0.245742797851563 0.00509643554687502 0.144866943359375
0.198623657226563 0.133438110351563 0.148284912109375 0.158035278320313
0.236434936523438 0.0620574951171875 0.246734619140625 0.0857086181640625
0.210891723632812 0.0865478515625 0.230667114257813 0.0350799560546875
0.230560302734375 0.0684051513671875 0.2369384765625 0.032745361328125
0.179367065429688 0.119598388671875 0.176971435546875 0.0414886474609375
0.121551513671875 0.192733764648438 0.088775634765625 0.00399780273437501
0.0222625732421875 0.239410400390625 0.0895843505859375 -0.0598831176757812
-0.176483154296875 0.2205810546875 0.159500122070313 -0.132278442382813
-0.258209228515625 0.164230346679688 0.288482666015625 -0.202301025390625
-0.289703369140625 0.037750244140625 0.505889892578125 -0.156524658203125
-0.46124267578125 0.0739440917968749 0.070343017578125 -0.159530639648438
-0.400482177734375 0.16693115234375 0.060882568359375 -0.122550964355469
-0.337646484375 0.333709716796875 -0.0411529541015625 -0.0569725036621093
-0.094940185546875 0.3873291015625 -0.0455856323242188 0.01617431640625
0.062347412109375 0.350860595703125 -0.0501861572265625 0.100532531738281
0.241104125976563 0.225006103515625 0.0736312866210938 0.123970031738281
0.30804443359375 0.118316650390625 0.146560668945313 0.063690185546875
0.28314208984375 0.13055419921875 0.128021240234375 0.010894775390625
0.320770263671875 0.09808349609375 0.143020629882813 0.00483703613281251
0.262298583984375 0.155197143554688 0.100135803222656 -0.00296783447265624
0.194076538085937 0.261520385742188 0.0261154174804688 -0.0287322998046875
0.076629638671875 0.330352783203125 0.0400238037109375 -0.0926437377929687
-0.19219970703125 0.3414306640625 0.112060546875 -0.163665771484375
-0.312042236328125 0.2867431640625 0.232147216796875 -0.200897216796875
-0.391082763671875 0.132904052734375 0.39794921875 -0.15802001953125
-0.49444580078125 0.12786865234375 -0.074493408203125 -0.132415771484375
-0.43597412109375 0.200286865234375 -0.0198287963867188 -0.0909805297851562
-0.380401611328125 0.3682861328125 -0.06121826171875 -0.0702667236328125
-0.12750244140625 0.430419921875 -0.0721282958984375 -0.0310287475585937
0.038848876953125 0.404022216796875 -0.0955657958984375 0.0338058471679688
0.25067138671875 0.27972412109375 -0.01043701171875 0.0596733093261719
0.333404541015625 0.15380859375 0.0239028930664063 0.0243721008300781
0.312652587890625 0.15325927734375 0.00586891174316408 -0.0144309997558594
0.362213134765625 0.111602783203125 0.0269584655761719 -0.0161857604980469
0.30609130859375 0.169158935546875 0.00141525268554689 -0.037200927734375
0.2392578125 0.294586181640625 -0.0488662719726562 -0.0497970581054687
0.119476318359375 0.3760986328125 -0.0175247192382813 -0.108253479003906
-0.181427001953125 0.4127197265625 0.05877685546875 -0.163497924804687
-0.319366455078125 0.363433837890625 0.159286499023437 -0.153427124023437
-0.432952880859375 0.205169677734375 0.256011962890625 -0.118881225585937
-0.446746826171875 0.171630859375 -0.232818603515625 -0.0917053222656249
-0.390869140625 0.221588134765625 -0.115745544433594 -0.049774169921875
-0.33526611328125 0.355712890625 -0.0875930786132813 -0.071136474609375
-0.113677978515625 0.403350830078125 -0.0977706909179688 -0.0719985961914062
0.02899169921875 0.3809814453125 -0.130264282226563 -0.0380096435546875
0.22967529296875 0.27685546875 -0.0958404541015625 -0.0175552368164062
0.3096923828125 0.157958984375 -0.104598999023437 -0.0206985473632813
0.29473876953125 0.152099609375 -0.118194580078125 -0.0361557006835937
0.346099853515625 0.11407470703125 -0.09625244140625 -0.0309906005859375
0.293121337890625 0.164794921875 -0.101760864257812 -0.0617294311523438
0.230010986328125 0.286468505859375 -0.120040893554687 -0.0625991821289063
0.120635986328125 0.358306884765625 -0.0692214965820313 -0.108062744140625
-0.15899658203125 0.399383544921875 0.0123291015625 -0.135841369628906
-0.283599853515625 0.36309814453125 0.0815582275390625 -0.0707015991210937
-0.40631103515625 0.2335205078125 0.0983505249023437 -0.0500030517578125
-0.330902099609375 0.194915771484375 -0.375030517578125 -0.03485107421875
-0.274673461914063 0.218215942382813 -0.208572387695313 0.000839233398437524
-0.2169189453125 0.288665771484375 -0.116935729980469 -0.0565414428710937
-0.06414794921875 0.303131103515625 -0.123428344726562 -0.0886688232421875
0.02752685546875 0.287384033203125 -0.14990234375 -0.0889129638671875
0.179672241210938 0.216796875 -0.167831420898438 -0.0818023681640625
0.24017333984375 0.130691528320312 -0.217788696289063 -0.0574493408203125
0.23004150390625 0.126785278320312 -0.225982666015625 -0.0506134033203125
0.270294189453125 0.104751586914062 -0.205734252929687 -0.0442657470703125
0.2205810546875 0.146484375 -0.1865234375 -0.0854339599609375
0.159744262695312 0.23919677734375 -0.166595458984375 -0.077850341796875
0.0724945068359375 0.278762817382813 -0.100372314453125 -0.10308837890625
-0.131103515625 0.29815673828125 -0.0186843872070313 -0.095550537109375
-0.211181640625 0.2847900390625 0.0095539093017578 0.0176944732666016
-0.315155029296875 0.212646484375 -0.0503997802734375 0.0292510986328125
-0.165252685546875 0.1829833984375 -0.47808837890625 0.0357666015625
-0.123748779296875 0.177047729492187 -0.280075073242188 0.0586700439453125
-0.0756378173828125 0.174667358398438 -0.141921997070313 -0.02239990234375
-0.0091094970703125 0.160842895507813 -0.140731811523438 -0.07275390625
0.0240478515625 0.151351928710938 -0.151336669921875 -0.105682373046875
0.106491088867188 0.121879577636719 -0.215118408203125 -0.11602783203125
0.13494873046875 0.0810317993164063 -0.2974853515625 -0.07489013671875
0.129791259765625 0.0814132690429688 -0.29925537109375 -0.0574951171875
0.1519775390625 0.082366943359375 -0.28155517578125 -0.061126708984375
0.110023498535156 0.10870361328125 -0.233566284179687 -0.112167358398438
0.0577850341796875 0.154983520507813 -0.174270629882813 -0.099884033203125
0.00431823730468749 0.150619506835937 -0.102249145507813 -0.099884033203125
-0.0854263305664062 0.140106201171875 -0.0312080383300781 -0.0579910278320313
-0.103652954101562 0.156204223632813 -0.0493240356445313 0.08514404296875
-0.171722412109375 0.15594482421875 -0.167953491210938 0.0956268310546875
0.0174560546875 0.129470825195313 -0.53192138671875 0.107574462890625
0.0231246948242187 0.0999374389648438 -0.32159423828125 0.121673583984375
0.0454788208007813 0.0389633178710938 -0.152587890625 0.030059814453125
0.0251407623291016 0.0110054016113281 -0.140792846679688 -0.03076171875
0.00813007354736328 0.011505126953125 -0.136482238769531 -0.0920639038085937
0.0164470672607422 0.0204868316650391 -0.23291015625 -0.116775512695312
0.00851249694824219 0.0235557556152344 -0.33038330078125 -0.071075439453125
0.00947380065917969 0.0253067016601562 -0.326904296875 -0.055999755859375
0.0134620666503906 0.0437355041503906 -0.31158447265625 -0.0794982910156249
-0.00811386108398437 0.0469131469726563 -0.236312866210938 -0.138565063476563
-0.0366287231445312 0.0413436889648438 -0.14495849609375 -0.123886108398437
-0.0411872863769531 -0.00117111206054688 -0.0787734985351563 -0.0981979370117188
-0.00324630737304688 -0.0246124267578125 -0.0290508270263672 -0.0287933349609375
0.0344619750976562 0.0230484008789062 -0.0883102416992188 0.121086120605469
0.00420379638671875 0.08599853515625 -0.234954833984375 0.1387939453125
-0.214080810546875 -0.0246734619140625 0.22625732421875 -0.207046508789063
-0.161758422851562 0.080413818359375 0.117156982421875 -0.171478271484375
-0.08831787109375 0.169815063476563 -0.00944614410400391 -0.00762271881103514
0.032684326171875 0.156204223632813 0.0316696166992188 0.0833892822265625
0.0971145629882813 0.102592468261719 0.07952880859375 0.155349731445313
0.119384765625 0.0157699584960938 0.2176513671875 0.14544677734375
0.121505737304687 -0.0134811401367187 0.321044921875 0.06549072265625
0.106964111328125 0.018646240234375 0.30810546875 0.033203125
0.109542846679688 0.009033203125 0.307373046875 0.0404052734375
0.088470458984375 0.0470352172851563 0.234222412109375 0.0764923095703125
0.0635604858398438 0.0891647338867188 0.135475158691406 0.0388870239257813
0.000389099121093739 0.129074096679688 0.123008728027344 -0.0235748291015625
-0.112350463867188 0.103904724121094 0.1826171875 -0.0965423583984375
-0.1556396484375 0.0530548095703125 0.3067626953125 -0.195220947265625
-0.149383544921875 -0.0399169921875 0.5611572265625 -0.164520263671875
-0.361968994140625 0.05352783203125 0.177658081054687 -0.191635131835938
-0.291473388671875 0.14935302734375 0.107147216796875 -0.158157348632813
-0.209320068359375 0.284576416015625 -0.0240974426269531 -0.0312061309814453
-0.010772705078125 0.2911376953125 -0.00760269165039063 0.0588226318359375
0.1055908203125 0.237396240234375 0.0193634033203125 0.148727416992188
0.205520629882813 0.113388061523438 0.163589477539063 0.149673461914063
0.238479614257813 0.04058837890625 0.258834838867188 0.0694427490234375
0.218307495117187 0.0689239501953125 0.238037109375 0.021697998046875
0.236297607421875 0.0472869873046875 0.244827270507813 0.0183258056640625
0.190887451171875 0.103866577148438 0.18292236328125 0.03564453125
0.140396118164063 0.18426513671875 0.0877532958984375 0.00394439697265626
0.043609619140625 0.243667602539063 0.0838623046875 -0.06402587890625
-0.159439086914062 0.243606567382813 0.14984130859375 -0.145858764648437
-0.244873046875 0.192703247070313 0.277099609375 -0.227081298828125
-0.294097900390625 0.0676269531250001 0.498321533203125 -0.19232177734375
-0.46502685546875 0.115631103515625 0.07012939453125 -0.162567138671875
-0.39154052734375 0.19744873046875 0.0596847534179687 -0.1290283203125
-0.314544677734375 0.363922119140625 -0.0418853759765625 -0.0492362976074219
-0.066131591796875 0.39471435546875 -0.040740966796875 0.0229339599609375
0.089935302734375 0.349090576171875 -0.0379486083984375 0.109573364257813
0.256851196289063 0.205398559570313 0.0882720947265625 0.121086120605469
0.317047119140625 0.092529296875 0.15704345703125 0.0559234619140625
0.29638671875 0.109283447265625 0.132293701171875 0.00676727294921876
0.3302001953125 0.071197509765625 0.148101806640625 -0.0013885498046875
0.276519775390625 0.136016845703125 0.101669311523438 -0.00354003906249999
0.218246459960938 0.249679565429688 0.0229721069335938 -0.0240764617919922
0.1041259765625 0.332427978515625 0.0320281982421875 -0.0917816162109375
-0.168975830078125 0.36688232421875 0.1002197265625 -0.1708984375
-0.29248046875 0.317718505859375 0.2193603515625 -0.218826293945312
-0.392486572265625 0.170135498046875 0.38836669921875 -0.18353271484375
-0.4962158203125 0.16827392578125 -0.0758132934570313 -0.121681213378906
-0.429595947265625 0.233551025390625 -0.0201034545898438 -0.0873184204101562
-0.359130859375 0.404205322265625 -0.0641860961914063 -0.058563232421875
-0.0972900390625 0.44451904296875 -0.0701789855957031 -0.0203590393066406
0.07049560546875 0.408416748046875 -0.0882949829101563 0.0465927124023438
0.271987915039063 0.2633056640625 -0.000476837158203104 0.0617408752441406
0.347625732421875 0.129180908203125 0.0303974151611328 0.0256156921386719
0.329559326171875 0.1331787109375 0.00635051727294924 -0.0098285675048828
0.375213623046875 0.08447265625 0.0281257629394531 -0.0142955780029297
0.3221435546875 0.14837646484375 9.9182128906272E-05 -0.0316104888916016
0.26568603515625 0.28125 -0.0531425476074218 -0.0398483276367187
0.149139404296875 0.37493896484375 -0.0266189575195312 -0.101730346679687
-0.154754638671875 0.436798095703125 0.04595947265625 -0.164596557617187
-0.29498291015625 0.39453125 0.148117065429687 -0.162582397460937
-0.43060302734375 0.243072509765625 0.245956420898438 -0.131942749023438
-0.448394775390625 0.20635986328125 -0.235488891601563 -0.06787109375
-0.38525390625 0.251617431640625 -0.116981506347656 -0.0356674194335937
-0.31781005859375 0.389129638671875 -0.0922775268554688 -0.056060791015625
-0.087890625 0.41888427734375 -0.0988845825195313 -0.05792236328125
0.0570068359375 0.388397216796875 -0.128814697265625 -0.0245285034179687
0.25128173828125 0.265533447265625 -0.0927886962890625 -0.0107650756835937
0.3255615234375 0.137298583984375 -0.104209899902344 -0.0108566284179687
0.311004638671875 0.134857177734375 -0.121376037597656 -0.0228271484375
0.359161376953125 0.08990478515625 -0.0979232788085937 -0.0203170776367187
0.307769775390625 0.146881103515625 -0.10687255859375 -0.0501556396484375
0.254241943359375 0.275238037109375 -0.12457275390625 -0.0483856201171875
0.147216796875 0.35723876953125 -0.0784912109375 -0.0971603393554687
-0.134674072265625 0.41986083984375 0.00147247314453124 -0.131515502929687
-0.2613525390625 0.389434814453125 0.0755996704101562 -0.072235107421875
-0.40283203125 0.268096923828125 0.0909881591796875 -0.0487060546875
-0.32861328125 0.217193603515625 -0.37750244140625 0.00103759765624994
-0.270584106445312 0.237701416015625 -0.209197998046875 0.0234527587890625
-0.207122802734375 0.312164306640625 -0.121498107910156 -0.0386428833007812
-0.047027587890625 0.31597900390625 -0.126045227050781 -0.0732879638671875
0.048248291015625 0.295501708984375 -0.153427124023438 -0.0756988525390625
0.198577880859375 0.2113037109375 -0.1724853515625 -0.0725250244140625
0.255538940429688 0.11663818359375 -0.22320556640625 -0.0402984619140625
0.245681762695313 0.114944458007813 -0.232162475585937 -0.0308837890625
0.2841796875 0.08807373046875 -0.209808349609375 -0.026702880859375
0.234054565429687 0.13470458984375 -0.19366455078125 -0.0690155029296875
0.178909301757812 0.234405517578125 -0.172042846679688 -0.061370849609375
0.0909881591796875 0.280364990234375 -0.108314514160156 -0.0901412963867188
-0.116424560546875 0.313873291015625 -0.0268630981445313 -0.088531494140625
-0.197052001953125 0.301849365234375 0.00958251953124999 0.0230960845947266
-0.312591552734375 0.236846923828125 -0.0548782348632813 0.0418434143066407
-0.160781860351563 0.190048217773438 -0.479095458984375 0.0794067382812499
-0.1202392578125 0.184066772460937 -0.279281616210938 0.0880584716796876
-0.0721282958984375 0.183700561523438 -0.144317626953125 -0.00312805175781247
-0.00381469726562501 0.166168212890625 -0.142425537109375 -0.0573883056640625
0.032806396484375 0.157073974609375 -0.156845092773438 -0.0951690673828125
0.116416931152344 0.121726989746094 -0.22369384765625 -0.104522705078125
0.14599609375 0.0761566162109375 -0.306427001953125 -0.052978515625
0.140960693359375 0.0787811279296875 -0.307769775390625 -0.033447265625
0.163055419921875 0.0771942138671875 -0.28857421875 -0.038818359375
0.120491027832031 0.10662841796875 -0.243896484375 -0.0938568115234375
0.0697174072265625 0.158004760742188 -0.18145751953125 -0.08538818359375
0.0121612548828125 0.157135009765625 -0.110771179199219 -0.0881729125976562
-0.0838165283203125 0.150039672851562 -0.0372810363769531 -0.0504951477050781
-0.100753784179688 0.16326904296875 -0.0457000732421875 0.0952606201171875
-0.171234130859375 0.166229248046875 -0.169845581054688 0.116500854492188
0.0226364135742187 0.121665954589844 -0.52801513671875 0.15167236328125
0.025604248046875 0.0945968627929688 -0.317718505859375 0.154876708984375
0.0418014526367188 0.0340156555175781 -0.150863647460937 0.0478057861328125
0.0199909210205078 0.0106391906738281 -0.139541625976562 -0.01727294921875
0.00524711608886719 0.0144233703613281 -0.141738891601563 -0.0861663818359375
0.0173110961914063 0.0259323120117188 -0.243194580078125 -0.10565185546875
0.0137996673583984 0.0287914276123047 -0.34063720703125 -0.0481567382812499
0.0143947601318359 0.0308723449707031 -0.33563232421875 -0.0309753417968749
0.021392822265625 0.049041748046875 -0.3221435546875 -0.0556640624999999
-0.00188064575195312 0.0539093017578125 -0.249267578125 -0.123397827148438
-0.0336074829101563 0.0519180297851563 -0.154373168945313 -0.113906860351563
-0.0449485778808594 0.0081939697265625 -0.08709716796875 -0.0895614624023438
-0.0142612457275391 -0.0223255157470703 -0.0345535278320313 -0.0221157073974609
0.0269145965576172 0.0188846588134766 -0.0843505859375 0.133476257324219
0.0029754638671875 0.0806961059570313 -0.235366821289063 0.16241455078125
-0.208831787109375 -0.00666809082031248 0.222763061523438 -0.218414306640625
-0.1510009765625 0.085418701171875 0.111663818359375 -0.180587768554688
-0.0739593505859375 0.16876220703125 -0.00613689422607422 -0.00821733474731444
0.0425872802734375 0.146652221679687 0.0362396240234375 0.0792922973632813
0.101707458496094 0.091156005859375 0.0875396728515625 0.150924682617188
0.113334655761719 0.00414276123046875 0.22369384765625 0.134613037109375
0.113655090332031 -0.0226974487304688 0.324066162109375 0.048919677734375
0.104141235351562 0.00978851318359375 0.310638427734375 0.018890380859375
0.106315612792969 -0.00038909912109375 0.30963134765625 0.026153564453125
0.0897445678710938 0.0385208129882813 0.238357543945313 0.0696258544921875
0.070068359375 0.0819244384765625 0.134750366210938 0.0367355346679688
0.0116424560546875 0.128913879394531 0.118965148925781 -0.0286026000976562
-0.101402282714844 0.113357543945313 0.174331665039063 -0.107635498046875
-0.145767211914063 0.06640625 0.293975830078125 -0.212432861328125
-0.149658203125 -0.023956298828125 0.5484619140625 -0.191558837890625
-0.3546142578125 0.07830810546875 0.17681884765625 -0.19964599609375
-0.278717041015625 0.161514282226562 0.104141235351562 -0.165145874023437
-0.189422607421875 0.291534423828125 -0.0217170715332031 -0.0283489227294922
0.00518798828125002 0.283843994140625 -0.00148773193359374 0.0587005615234375
0.11724853515625 0.22625732421875 0.029693603515625 0.1480712890625
0.2041015625 0.0976715087890625 0.17254638671875 0.140762329101563
0.233734130859375 0.024261474609375 0.2637939453125 0.0565948486328125
0.21942138671875 0.0547332763671875 0.240936279296875 0.012664794921875
0.234970092773438 0.0309295654296875 0.247726440429688 0.0086517333984375
0.19384765625 0.0909576416015625 0.185440063476563 0.032012939453125
0.150711059570312 0.1729736328125 0.0862960815429688 0.00579833984375001
0.059326171875 0.2423095703125 0.0792465209960938 -0.0651168823242188
-0.142486572265625 0.255783081054688 0.139511108398438 -0.152755737304687
-0.229354858398438 0.208572387695312 0.262939453125 -0.241287231445313
-0.290863037109375 0.0897216796875 0.4840087890625 -0.21478271484375
-0.4586181640625 0.14422607421875 0.0724945068359375 -0.162673950195313
-0.378570556640625 0.214874267578125 0.0595321655273437 -0.131851196289063
-0.293670654296875 0.37841796875 -0.039886474609375 -0.0423812866210937
-0.04522705078125 0.391815185546875 -0.0347537994384766 0.0267410278320313
0.10858154296875 0.341033935546875 -0.0274429321289062 0.113990783691406
0.260833740234375 0.188186645507813 0.0973434448242188 0.116035461425781
0.3165283203125 0.07305908203125 0.1627197265625 0.048553466796875
0.299591064453125 0.092681884765625 0.134353637695313 0.00423431396484376
0.3311767578125 0.051177978515625 0.150054931640625 -0.0055389404296875
0.281219482421875 0.119110107421875 0.102455139160156 -0.00285339355468749
0.23046875 0.236373901367188 0.0210494995117188 -0.0180492401123047
0.122314453125 0.327484130859375 0.0264739990234375 -0.0883026123046875
-0.146697998046875 0.37750244140625 0.0901947021484375 -0.172561645507812
-0.271453857421875 0.333984375 0.2064208984375 -0.227951049804687
-0.3861083984375 0.195068359375 0.3751220703125 -0.196929931640625
-0.491302490234375 0.19586181640625 -0.0716629028320313 -0.112869262695313
-0.4183349609375 0.25323486328125 -0.0183029174804688 -0.084381103515625
-0.337982177734375 0.42413330078125 -0.0624847412109375 -0.0472564697265625
-0.074737548828125 0.44635009765625 -0.0648384094238281 -0.0120964050292968
0.09149169921875 0.404815673828125 -0.0795135498046875 0.0539016723632813
0.281051635742188 0.246978759765625 0.00647735595703127 0.0610466003417969
0.350067138671875 0.108673095703125 0.0346126556396485 0.0250606536865234
0.33502197265625 0.11566162109375 0.00804662704467776 -0.00538206100463866
0.37738037109375 0.062957763671875 0.030181884765625 -0.0120582580566406
0.3260498046875 0.13067626953125 -0.00106620788574217 -0.0259857177734375
0.278366088867188 0.2666015625 -0.0541801452636719 -0.0304069519042969
0.16827392578125 0.368133544921875 -0.0305023193359375 -0.09381103515625
-0.1312255859375 0.446319580078125 0.037261962890625 -0.160980224609375
-0.271728515625 0.40966796875 0.13848876953125 -0.165557861328125
-0.422943115234375 0.2689208984375 0.2352294921875 -0.13653564453125
-0.44427490234375 0.228057861328125 -0.22998046875 -0.050048828125
-0.377197265625 0.2685546875 -0.113372802734375 -0.025146484375
-0.301025390625 0.408966064453125 -0.0910720825195313 -0.0418853759765625
-0.067779541015625 0.423583984375 -0.0949172973632812 -0.0468215942382812
0.077392578125 0.388153076171875 -0.123001098632812 -0.0140762329101562
0.263397216796875 0.253250122070313 -0.0890655517578125 -0.00720977783203124
0.331298828125 0.12066650390625 -0.101509094238281 -0.00440216064453122
0.318817138671875 0.12030029296875 -0.120613098144531 -0.0121078491210937
0.3626708984375 0.071014404296875 -0.09619140625 -0.0118865966796875
0.312591552734375 0.1314697265625 -0.107414245605469 -0.0400238037109375
0.266799926757813 0.261688232421875 -0.124969482421875 -0.0360565185546875
0.163909912109375 0.350982666015625 -0.0809249877929687 -0.0862655639648437
-0.11492919921875 0.4267578125 -0.00463104248046875 -0.125404357910156
-0.24176025390625 0.3990478515625 0.0711822509765625 -0.0703125
-0.395660400390625 0.2879638671875 0.0844802856445312 -0.04473876953125
-0.32464599609375 0.22998046875 -0.370574951171875 0.026092529296875
-0.264450073242188 0.24896240234375 -0.203964233398438 0.0406494140625
-0.1971435546875 0.325531005859375 -0.119575500488281 -0.02337646484375
-0.0345458984375 0.31964111328125 -0.122772216796875 -0.0604705810546875
0.06201171875 0.2969970703125 -0.150924682617188 -0.0662384033203125
0.2081298828125 0.203857421875 -0.171707153320313 -0.0652923583984375
0.261886596679688 0.105209350585938 -0.222396850585937 -0.02728271484375
0.253158569335937 0.105224609375 -0.231826782226562 -0.0149993896484375
0.289154052734375 0.0750732421875 -0.208755493164062 -0.0127716064453125
0.23895263671875 0.124679565429688 -0.195266723632812 -0.0555572509765625
0.190475463867188 0.226669311523437 -0.171737670898438 -0.04827880859375
0.102737426757813 0.278213500976562 -0.110481262207031 -0.0784072875976562
-0.105133056640625 0.320556640625 -0.0302734375 -0.0812225341796875
-0.1846923828125 0.308319091796875 0.0100364685058594 0.0273551940917969
-0.306854248046875 0.250335693359375 -0.0565834045410157 0.0521316528320313
-0.158477783203125 0.191986083984375 -0.47052001953125 0.10638427734375
-0.116989135742188 0.186416625976562 -0.271682739257813 0.109146118164063
-0.07025146484375 0.188705444335938 -0.140670776367187 0.0119476318359375
0.000350952148437515 0.1693115234375 -0.138053894042969 -0.04541015625
0.0390167236328125 0.159927368164063 -0.157028198242188 -0.0872039794921875
0.122703552246094 0.120513916015625 -0.226913452148438 -0.095550537109375
0.152191162109375 0.071197509765625 -0.30755615234375 -0.0360107421875001
0.147216796875 0.07537841796875 -0.307952880859375 -0.015228271484375
0.169754028320312 0.0713653564453125 -0.28839111328125 -0.021484375
0.126716613769531 0.103416442871094 -0.246597290039063 -0.0795135498046875
0.077606201171875 0.158157348632813 -0.183181762695312 -0.0730133056640625
0.017913818359375 0.160934448242188 -0.113105773925781 -0.0770416259765625
-0.08245849609375 0.15679931640625 -0.0395126342773438 -0.0432968139648437
-0.0986785888671875 0.165802001953125 -0.0416107177734375 0.101882934570313
-0.170318603515625 0.171279907226562 -0.168243408203125 0.130889892578125
0.0231475830078125 0.113075256347656 -0.515899658203125 0.181488037109375
0.0257720947265625 0.0899200439453125 -0.30694580078125 0.176544189453125
0.036712646484375 0.0311393737792969 -0.144973754882813 0.061492919921875
0.0163249969482422 0.0121440887451172 -0.134124755859375 -0.00762939453124999
0.00285148620605469 0.0178794860839844 -0.142669677734375 -0.082000732421875
0.0193996429443359 0.0301856994628906 -0.247177124023437 -0.0960235595703125
0.0191249847412109 0.0321674346923828 -0.343017578125 -0.030517578125
0.0193595886230469 0.0343208312988281 -0.336334228515625 -0.01324462890625
0.0284538269042969 0.0523109436035156 -0.322723388671875 -0.037872314453125
0.0041351318359375 0.0580673217773438 -0.254669189453125 -0.1090087890625
-0.0287055969238281 0.0591049194335938 -0.1583251953125 -0.1044921875
-0.0458221435546875 0.0171356201171875 -0.0912322998046875 -0.0815887451171875
-0.0229454040527344 -0.0178127288818359 -0.0363883972167969 -0.0160675048828125
0.0189037322998047 0.0166454315185547 -0.0793304443359375 0.141204833984375
-0.00115966796875 0.07623291015625 -0.231430053710938 0.17791748046875
-0.203460693359375 0.00456237792968747 0.225479125976563 -0.225799560546875
-0.14373779296875 0.0870819091796875 0.109481811523437 -0.187225341796875
-0.0654449462890625 0.166168212890625 -0.00354766845703125 -0.00934886932373046
0.0466079711914063 0.138618469238281 0.0379867553710937 0.0757980346679688
0.102958679199219 0.0825347900390625 0.09124755859375 0.148193359375
0.107612609863281 -0.00251007080078125 0.225631713867187 0.129791259765625
0.107177734375 -0.0272369384765625 0.32611083984375 0.04052734375
0.101730346679687 0.0048065185546875 0.31341552734375 0.012054443359375
0.10308837890625 -0.0064544677734375 0.312469482421875 0.019744873046875
0.0898056030273438 0.0335464477539063 0.241592407226563 0.0678253173828125
0.073028564453125 0.0772552490234375 0.135536193847656 0.037689208984375
0.0191192626953125 0.128578186035156 0.116813659667969 -0.0306549072265625
-0.0931015014648438 0.118400573730469 0.169204711914063 -0.114456176757812
-0.137840270996094 0.0734939575195312 0.2860107421875 -0.22259521484375
-0.148712158203125 -0.013214111328125 0.54229736328125 -0.2039794921875
-0.350677490234375 0.092254638671875 0.18109130859375 -0.20465087890625
-0.271255493164062 0.165771484375 0.103897094726562 -0.171295166015625
-0.178436279296875 0.292816162109375 -0.0188446044921875 -0.0263576507568359
0.01226806640625 0.27740478515625 0.0018310546875 0.0580062866210938
0.1220703125 0.218246459960938 0.036346435546875 0.148284912109375
0.200668334960938 0.08868408203125 0.176712036132813 0.137283325195313
0.22845458984375 0.015960693359375 0.2672119140625 0.05029296875
0.2188720703125 0.04779052734375 0.243637084960938 0.0095672607421875
0.232818603515625 0.0216827392578125 0.251205444335938 0.0049591064453125
0.194732666015625 0.083740234375 0.187881469726563 0.03240966796875
0.15655517578125 0.167587280273437 0.0858612060546875 0.00949096679687501
0.0686187744140625 0.24212646484375 0.0766983032226563 -0.0642242431640625
-0.132797241210938 0.262863159179687 0.134750366210938 -0.155654907226562
-0.218917846679687 0.217010498046875 0.254928588867188 -0.248977661132812
-0.289825439453125 0.1036376953125 0.4776611328125 -0.222869873046875
-0.455535888671875 0.16046142578125 0.078582763671875 -0.163284301757812
-0.372711181640625 0.222259521484375 0.06134033203125 -0.134315490722656
-0.281005859375 0.387237548828125 -0.0363578796386719 -0.0377197265625
-0.034942626953125 0.389312744140625 -0.0298137664794922 0.0292682647705078
0.117218017578125 0.3365478515625 -0.01995849609375 0.116340637207031
0.261444091796875 0.1795654296875 0.102745056152344 0.113410949707031
0.31317138671875 0.062896728515625 0.166839599609375 0.044525146484375
0.30145263671875 0.0845947265625 0.13739013671875 0.00427246093750001
0.330322265625 0.04058837890625 0.15325927734375 -0.006561279296875
0.281524658203125 0.110870361328125 0.103919982910156 3.05175781250068E-05
0.23699951171875 0.229263305664062 0.0213203430175781 -0.0124053955078125
0.13250732421875 0.326416015625 0.0248184204101563 -0.0849380493164063
-0.13671875 0.386077880859375 0.08538818359375 -0.172576904296875
-0.2593994140625 0.342529296875 0.1998291015625 -0.230972290039062
-0.385467529296875 0.210693359375 0.368316650390625 -0.200927734375
-0.490264892578125 0.21221923828125 -0.0644683837890625 -0.10809326171875
-0.41412353515625 0.2633056640625 -0.0147247314453125 -0.0824508666992187
-0.32757568359375 0.43719482421875 -0.0589523315429688 -0.0395278930664062
-0.06396484375 0.4476318359375 -0.0592536926269531 -0.00753021240234372
0.102508544921875 0.402984619140625 -0.0725860595703125 0.0583038330078125
0.285858154296875 0.239532470703125 0.0114517211914063 0.0595588684082031
0.35040283203125 0.098663330078125 0.0378456115722656 0.0247917175292969
0.338714599609375 0.107757568359375 0.00995445251464846 -0.00106620788574218
0.37744140625 0.052520751953125 0.0325756072998047 -0.0100231170654297
0.3271484375 0.122467041015625 -4.19616699218557E-05 -0.0211124420166016
0.28558349609375 0.258636474609375 -0.0540122985839844 -0.0227851867675781
0.17877197265625 0.365875244140625 -0.03155517578125 -0.0880813598632812
-0.119903564453125 0.45208740234375 0.0336151123046875 -0.158645629882812
-0.2603759765625 0.415191650390625 0.1341552734375 -0.166305541992188
-0.421417236328125 0.28326416015625 0.22991943359375 -0.135177612304687
-0.44482421875 0.240447998046875 -0.223220825195313 -0.039703369140625
-0.37554931640625 0.278228759765625 -0.109458923339844 -0.0192031860351562
-0.295196533203125 0.422607421875 -0.0873489379882813 -0.031341552734375
-0.059234619140625 0.42755126953125 -0.0894927978515625 -0.0405960083007812
0.088165283203125 0.39013671875 -0.118118286132813 -0.00931549072265623
0.268844604492188 0.248199462890625 -0.086273193359375 -0.00676727294921872
0.334014892578125 0.111175537109375 -0.0992813110351562 -0.00112152099609375
0.32403564453125 0.1138916015625 -0.119430541992187 -0.00479888916015625
0.364288330078125 0.0611572265625 -0.0938644409179687 -0.00707244873046874
0.31396484375 0.124542236328125 -0.107131958007812 -0.033233642578125
0.273635864257813 0.256118774414063 -0.124000549316406 -0.0275955200195312
0.1719970703125 0.349273681640625 -0.0808029174804688 -0.0790252685546875
-0.106292724609375 0.432952880859375 -0.00681304931640625 -0.120674133300781
-0.233123779296875 0.4041748046875 0.0695419311523437 -0.0686073303222656
-0.39471435546875 0.30023193359375 0.08062744140625 -0.0399703979492187
-0.32696533203125 0.236602783203125 -0.3646240234375 0.039276123046875
-0.264785766601563 0.254806518554687 -0.199478149414063 0.0505828857421875
-0.193572998046875 0.335968017578125 -0.115737915039063 -0.0121002197265625
-0.029541015625 0.3248291015625 -0.117721557617188 -0.0539321899414062
0.0697021484375 0.300750732421875 -0.147933959960938 -0.062255859375
0.2132568359375 0.2017822265625 -0.171798706054688 -0.063201904296875
0.265518188476562 0.0994110107421875 -0.222549438476562 -0.0206451416015625
0.2586669921875 0.10198974609375 -0.231185913085938 -0.00559997558593745
0.29217529296875 0.06939697265625 -0.206924438476562 -0.00563049316406254
0.24200439453125 0.12066650390625 -0.195465087890625 -0.0473480224609375
0.196731567382813 0.223846435546875 -0.1707763671875 -0.0396881103515625
0.108749389648438 0.279190063476563 -0.109756469726563 -0.070648193359375
-0.100189208984375 0.325897216796875 -0.0308685302734375 -0.0761489868164062
-0.1810302734375 0.311248779296875 0.0110130310058594 0.0317497253417969
-0.30828857421875 0.257568359375 -0.0587043762207031 0.0610198974609375
-0.16064453125 0.192123413085938 -0.46380615234375 0.12298583984375
-0.119094848632812 0.18804931640625 -0.266738891601563 0.12176513671875
-0.0713348388671875 0.193771362304688 -0.136329650878906 0.02276611328125
0.00115966796875 0.172744750976563 -0.133995056152344 -0.0384597778320313
0.0417633056640625 0.164169311523438 -0.1561279296875 -0.0853271484375
0.126213073730469 0.121734619140625 -0.22918701171875 -0.092864990234375
0.155838012695313 0.0698089599609375 -0.308349609375 -0.028564453125
0.152862548828125 0.074920654296875 -0.307952880859375 -0.00473022460937498
0.174041748046875 0.069427490234375 -0.28753662109375 -0.01263427734375
0.13043212890625 0.103446960449219 -0.247756958007812 -0.0713043212890625
0.083251953125 0.15972900390625 -0.18310546875 -0.06549072265625
0.020782470703125 0.164443969726563 -0.113197326660156 -0.0703887939453125
-0.0841064453125 0.162002563476563 -0.0395393371582031 -0.0381813049316406
-0.10064697265625 0.167327880859375 -0.039215087890625 0.107200622558594
-0.173828125 0.174148559570313 -0.168731689453125 0.141128540039062
0.020538330078125 0.107063293457031 -0.51104736328125 0.1949462890625
0.023406982421875 0.0868759155273438 -0.301025390625 0.189239501953125
0.0324497222900391 0.0306529998779297 -0.139198303222656 0.0694732666015625
0.0125980377197266 0.0146665573120117 -0.12933349609375 -0.00350952148437499
0.000190734863281249 0.0216503143310547 -0.142791748046875 -0.0819854736328125
0.0207633972167969 0.0344696044921875 -0.250625610351563 -0.093658447265625
0.0230770111083984 0.0347213745117188 -0.345489501953125 -0.0219726562500001
0.0237007141113281 0.0374984741210938 -0.336822509765625 -0.00329589843749997
0.0337409973144531 0.0544700622558594 -0.32403564453125 -0.02947998046875
0.008544921875 0.0614204406738281 -0.257476806640625 -0.102340698242188
-0.0249366760253906 0.0640144348144531 -0.159439086914063 -0.0985107421875
-0.0461158752441406 0.0234184265136719 -0.0924301147460938 -0.0757522583007813
-0.0296344757080078 -0.01300048828125 -0.0375518798828125 -0.0117111206054687
0.0113821029663086 0.0162439346313477 -0.0771942138671875 0.146560668945313
-0.00672149658203124 0.07330322265625 -0.232711791992187 0.187713623046875
-0.201889038085938 0.0117034912109375 0.234939575195313 -0.236709594726562
-0.142410278320313 0.0879058837890625 0.112030029296875 -0.196075439453125
-0.0624847412109375 0.1656494140625 -0.00104331970214844 -0.0101547241210937
0.048614501953125 0.135589599609375 0.0394287109375 0.0752792358398438
0.1038818359375 0.0776824951171875 0.0951690673828125 0.151016235351563
0.103591918945312 -0.00689697265625 0.2318115234375 0.13226318359375
0.103218078613281 -0.0296249389648438 0.33453369140625 0.037353515625
0.101493835449219 0.00228118896484375 0.322723388671875 0.00946044921875
0.101982116699219 -0.0102767944335937 0.3232421875 0.017852783203125
0.0906143188476562 0.0312728881835938 0.250015258789063 0.0703277587890625
0.076080322265625 0.0756607055664063 0.138107299804688 0.0413970947265625
0.0244903564453125 0.130989074707031 0.117568969726563 -0.0320205688476562
-0.089691162109375 0.123519897460938 0.168472290039063 -0.119949340820312
-0.134231567382812 0.0788040161132812 0.28765869140625 -0.2315673828125
-0.149688720703125 -0.00617980957031248 0.54986572265625 -0.215362548828125
-0.35406494140625 0.103790283203125 0.192413330078125 -0.213424682617188
-0.272171020507813 0.170257568359375 0.108230590820313 -0.178924560546875
-0.176239013671875 0.299530029296875 -0.0154857635498047 -0.0252132415771484
0.0151824951171875 0.278518676757812 0.00437545776367187 0.0582618713378906
0.126327514648437 0.218490600585938 0.0413818359375 0.151123046875
0.19989013671875 0.0858917236328125 0.183197021484375 0.139434814453125
0.227859497070313 0.0128173828125 0.275436401367188 0.048248291015625
0.2225341796875 0.045318603515625 0.252410888671875 0.0089569091796875
0.2354736328125 0.0169525146484375 0.260269165039063 0.0038909912109375
0.198089599609375 0.081939697265625 0.194381713867188 0.0359039306640625
0.162551879882813 0.16796875 0.0879898071289063 0.0139846801757813
0.0757598876953125 0.248123168945313 0.0777053833007813 -0.0641098022460937
-0.1300048828125 0.27264404296875 0.134689331054688 -0.160995483398438
-0.217086791992188 0.225372314453125 0.256072998046875 -0.257308959960938
-0.2952880859375 0.114471435546875 0.485626220703125 -0.23089599609375
-0.464263916015625 0.17449951171875 0.0886077880859375 -0.168014526367188
-0.37786865234375 0.2310791015625 0.0662307739257812 -0.139747619628906
-0.28125 0.39935302734375 -0.0321311950683594 -0.0333271026611328
-0.032623291015625 0.394622802734375 -0.025970458984375 0.0301380157470703
0.122833251953125 0.3411865234375 -0.0146713256835937 0.120414733886719
0.264068603515625 0.179092407226563 0.108001708984375 0.114532470703125
0.31671142578125 0.06024169921875 0.173721313476563 0.0442047119140625
0.309356689453125 0.0826416015625 0.143173217773438 0.0062103271484375
0.336395263671875 0.03509521484375 0.160079956054688 -0.0062408447265625
0.2877197265625 0.11004638671875 0.10833740234375 0.00421905517578126
0.245651245117188 0.231063842773438 0.0225448608398438 -0.00682640075683592
0.1414794921875 0.333953857421875 0.0256271362304688 -0.0834579467773437
-0.134063720703125 0.399078369140625 0.0846405029296875 -0.175735473632813
-0.258575439453125 0.353485107421875 0.200698852539062 -0.237167358398437
-0.394439697265625 0.22491455078125 0.374114990234375 -0.204559326171875
-0.5042724609375 0.22589111328125 -0.0579376220703125 -0.108451843261719
-0.423187255859375 0.272857666015625 -0.0105133056640625 -0.0834503173828125
-0.330291748046875 0.4541015625 -0.0554008483886719 -0.0330886840820312
-0.060760498046875 0.458099365234375 -0.0552291870117188 -0.00550460815429684
0.11102294921875 0.412322998046875 -0.0686187744140625 0.0615882873535156
0.291534423828125 0.24224853515625 0.0148048400878906 0.0603675842285156
0.356475830078125 0.09674072265625 0.0415191650390625 0.0251007080078125
0.349945068359375 0.10723876953125 0.0127105712890625 0.0027456283569336
0.384857177734375 0.0472412109375 0.0360260009765625 -0.00847625732421874
0.33392333984375 0.12274169921875 0.00102996826171877 -0.0166816711425781
0.296173095703125 0.261505126953125 -0.0538101196289062 -0.0165214538574219
0.1868896484375 0.374176025390625 -0.0309600830078125 -0.0857009887695312
-0.118682861328125 0.467498779296875 0.0327911376953125 -0.160369873046875
-0.26220703125 0.426910400390625 0.134567260742187 -0.168777465820312
-0.434783935546875 0.298553466796875 0.23193359375 -0.13458251953125
-0.45867919921875 0.252960205078125 -0.221328735351563 -0.0357208251953125
-0.38604736328125 0.28826904296875 -0.107154846191406 -0.0157623291015625
-0.2979736328125 0.440765380859375 -0.0842437744140625 -0.023529052734375
-0.056182861328125 0.44036865234375 -0.0855331420898438 -0.0378036499023437
0.09588623046875 0.4022216796875 -0.116157531738281 -0.0075836181640625
0.276641845703125 0.252151489257813 -0.0866012573242187 -0.00714874267578122
0.34161376953125 0.110443115234375 -0.100250244140625 0.00108337402343749
0.335693359375 0.11431884765625 -0.120315551757812 0.000747680664062525
0.373382568359375 0.0582275390625 -0.0939559936523437 -0.00460052490234374
0.32080078125 0.125457763671875 -0.108650207519531 -0.0290756225585938
0.283111572265625 0.25994873046875 -0.124519348144531 -0.021209716796875
0.179779052734375 0.357818603515625 -0.080413818359375 -0.0762100219726562
-0.10626220703125 0.44683837890625 -0.00713348388671876 -0.12054443359375
-0.235565185546875 0.413909912109375 0.0700263977050781 -0.0675048828125
-0.40673828125 0.31463623046875 0.0797042846679687 -0.03448486328125
-0.339385986328125 0.2447509765625 -0.36737060546875 0.04791259765625
-0.274566650390625 0.263641357421875 -0.2001953125 0.058868408203125
-0.197998046875 0.35107421875 -0.11334228515625 -0.00260162353515622
-0.028167724609375 0.33599853515625 -0.1142578125 -0.05084228515625
0.075042724609375 0.3121337890625 -0.148300170898438 -0.061920166015625
0.220809936523437 0.207015991210938 -0.1756591796875 -0.0647735595703125
0.273818969726563 0.09869384765625 -0.227096557617188 -0.017791748046875
0.269012451171875 0.103408813476563 -0.235641479492187 0.000946044921875
0.300384521484375 0.068206787109375 -0.210342407226562 -0.00204467773437503
0.248260498046875 0.123382568359375 -0.199081420898438 -0.04376220703125
0.203811645507813 0.228439331054688 -0.172103881835938 -0.0343780517578125
0.1134033203125 0.287811279296875 -0.110443115234375 -0.067291259765625
-0.10357666015625 0.337005615234375 -0.0312042236328125 -0.074737548828125
-0.1846923828125 0.31842041015625 0.0118522644042969 0.0356864929199219
-0.32000732421875 0.2679443359375 -0.0624809265136719 0.0699958801269531
-0.168838500976563 0.195083618164062 -0.470123291015625 0.134185791015625
-0.12542724609375 0.193145751953125 -0.268768310546875 0.132553100585938
-0.0750274658203125 0.201828002929688 -0.133819580078125 0.0311431884765625
0.000396728515625015 0.18035888671875 -0.130744934082031 -0.0364761352539063
0.0437164306640625 0.17242431640625 -0.158523559570313 -0.0870361328125
0.130622863769531 0.126884460449219 -0.235031127929687 -0.0957336425781249
0.162368774414063 0.0703887939453125 -0.3157958984375 -0.02459716796875
0.160797119140625 0.07763671875 -0.314422607421875 0.00143432617187502
0.181915283203125 0.0709991455078125 -0.29364013671875 -0.00888061523437505
0.135643005371094 0.106735229492188 -0.253250122070313 -0.068817138671875
0.0880279541015625 0.16522216796875 -0.184402465820313 -0.0628204345703125
0.0224456787109375 0.172012329101563 -0.113716125488281 -0.0673370361328125
-0.0889129638671875 0.170257568359375 -0.0397491455078125 -0.03558349609375
-0.106277465820312 0.170883178710938 -0.03948974609375 0.113533020019531
-0.183868408203125 0.179061889648438 -0.174636840820313 0.152252197265625
0.0165786743164062 0.104850769042969 -0.519622802734375 0.208587646484375
0.0207748413085938 0.086669921875 -0.3037109375 0.2010498046875
0.0295486450195313 0.0322303771972656 -0.136978149414063 0.0768051147460938
0.0111398696899414 0.0175132751464844 -0.126960754394531 -0.00123596191406249
-0.00141334533691406 0.0257434844970703 -0.1463623046875 -0.0851593017578125
0.022491455078125 0.039031982421875 -0.258407592773438 -0.09661865234375
0.0271644592285156 0.0376853942871094 -0.355010986328125 -0.018768310546875
0.0284194946289063 0.0410575866699219 -0.345306396484375 0.00161743164062501
0.0388717651367188 0.0584678649902344 -0.33172607421875 -0.025421142578125
0.0128936767578125 0.0658073425292969 -0.264389038085938 -0.101593017578125
-0.0224571228027344 0.0693893432617187 -0.162277221679688 -0.098602294921875
-0.0470733642578125 0.0296707153320313 -0.0936737060546875 -0.0737533569335938
-0.0356063842773438 -0.00789260864257812 -0.0382881164550781 -0.00882720947265625
0.00476360321044922 0.017512321472168 -0.078399658203125 0.153854370117188
-0.01348876953125 0.073028564453125 -0.240310668945312 0.1990966796875
-0.205429077148438 0.0206756591796875 0.249465942382813 -0.25665283203125
-0.1436767578125 0.0928802490234375 0.1148681640625 -0.211257934570313
-0.05975341796875 0.170700073242188 0.000671386718749998 -0.0120229721069336
0.0523834228515625 0.136215209960938 0.042327880859375 0.0758209228515625
0.108467102050781 0.0743560791015625 0.10302734375 0.156112670898438
0.102348327636719 -0.0111007690429688 0.245025634765625 0.136199951171875
0.10223388671875 -0.0329437255859375 0.35235595703125 0.032379150390625
0.104133605957031 -0.00093841552734375 0.340667724609375 0.00341796875
0.103660583496094 -0.0152130126953125 0.342498779296875 0.013092041015625
0.09381103515625 0.028778076171875 0.266571044921875 0.0727386474609375
0.0810699462890625 0.0756072998046875 0.145523071289063 0.0447235107421875
0.03167724609375 0.1361083984375 0.121109008789063 -0.0349884033203125
-0.0874481201171875 0.13177490234375 0.17156982421875 -0.130111694335938
-0.134391784667969 0.0861968994140625 0.294158935546875 -0.25018310546875
-0.154556274414063 0.00169372558593749 0.5714111328125 -0.23504638671875
-0.365875244140625 0.1199951171875 0.206085205078125 -0.230514526367188
-0.280258178710938 0.181350708007813 0.112884521484375 -0.192916870117188
-0.17572021484375 0.315155029296875 -0.0127735137939453 -0.0249958038330078
0.02032470703125 0.28619384765625 0.00771713256835937 0.0594673156738281
0.135589599609375 0.22235107421875 0.0483245849609375 0.15814208984375
0.20513916015625 0.08465576171875 0.195831298828125 0.143798828125
0.2327880859375 0.009124755859375 0.29150390625 0.0450439453125
0.232650756835938 0.041595458984375 0.2679443359375 0.005279541015625
0.244155883789063 0.010467529296875 0.276748657226562 -0.000183105468749999
0.20745849609375 0.0810394287109375 0.207855224609375 0.0384674072265625
0.173141479492188 0.171676635742188 0.0934371948242188 0.0182037353515625
0.08721923828125 0.259597778320313 0.0801925659179688 -0.0672760009765625
-0.128997802734375 0.29095458984375 0.135528564453125 -0.17138671875
-0.218460083007813 0.240310668945312 0.26171875 -0.274520874023438
-0.3077392578125 0.1317138671875 0.505615234375 -0.249481201171875
-0.482269287109375 0.197052001953125 0.09954833984375 -0.180282592773438
-0.391693115234375 0.2476806640625 0.071075439453125 -0.149917602539062
-0.28369140625 0.42608642578125 -0.0289382934570313 -0.0304336547851562
-0.027069091796875 0.4114990234375 -0.0226688385009766 0.0319023132324219
0.13720703125 0.353546142578125 -0.00909423828124998 0.126533508300781
0.27557373046875 0.181198120117188 0.117713928222656 0.117828369140625
0.328338623046875 0.05584716796875 0.185226440429688 0.042266845703125
0.325836181640625 0.079864501953125 0.153778076171875 0.00645446777343751
0.351165771484375 0.028167724609375 0.1707763671875 -0.00897216796875
0.301544189453125 0.108978271484375 0.116279602050781 0.00714111328125001
0.261703491210937 0.236099243164063 0.0246829986572266 -0.00149154663085936
0.1571044921875 0.349884033203125 0.02679443359375 -0.0857391357421875
-0.13140869140625 0.424957275390625 0.083892822265625 -0.185012817382812
-0.262359619140625 0.374786376953125 0.20379638671875 -0.251129150390625
-0.412872314453125 0.249664306640625 0.38739013671875 -0.21893310546875
-0.52728271484375 0.25140380859375 -0.0533905029296876 -0.112922668457031
-0.442108154296875 0.295318603515625 -0.00801086425781253 -0.0877914428710937
-0.334930419921875 0.48553466796875 -0.0518531799316407 -0.0271224975585937
-0.055450439453125 0.4805908203125 -0.0523338317871094 -0.00354766845703122
0.12628173828125 0.431427001953125 -0.0658721923828125 0.0673828125
0.30792236328125 0.248199462890625 0.0189895629882813 0.0617446899414063
0.37286376953125 0.093414306640625 0.0463600158691407 0.0259666442871094
0.3702392578125 0.1058349609375 0.0161228179931641 0.00599861145019532
0.404022216796875 0.040679931640625 0.0400352478027344 -0.00899887084960937
0.35076904296875 0.122161865234375 0.00282573699951174 -0.0135650634765625
0.3153076171875 0.267608642578125 -0.053680419921875 -0.0106658935546875
0.204803466796875 0.391937255859375 -0.032135009765625 -0.0863037109375
-0.115875244140625 0.4957275390625 0.031005859375 -0.166091918945312
-0.265838623046875 0.451416015625 0.136199951171875 -0.176742553710937
-0.454620361328125 0.326751708984375 0.238525390625 -0.140350341796875
-0.482208251953125 0.277099609375 -0.225189208984375 -0.0308990478515625
-0.404937744140625 0.311798095703125 -0.108207702636719 -0.0120010375976562
-0.3037109375 0.4739990234375 -0.0811767578125 -0.0152969360351562
-0.0511474609375 0.464752197265625 -0.08465576171875 -0.036407470703125
0.11041259765625 0.42376708984375 -0.1175537109375 -0.00453948974609371
0.29376220703125 0.260498046875 -0.0890426635742188 -0.0076141357421875
0.35931396484375 0.10858154296875 -0.103996276855469 0.00370788574218749
0.356170654296875 0.114349365234375 -0.124214172363281 0.00747680664062502
0.392974853515625 0.0535888671875 -0.09747314453125 -0.00175476074218749
0.337310791015625 0.1268310546875 -0.113487243652344 -0.0248031616210937
0.302642822265625 0.2667236328125 -0.127792358398437 -0.0147171020507812
0.196533203125 0.374420166015625 -0.0826797485351562 -0.0745010375976562
-0.1055908203125 0.474700927734375 -0.00959777832031251 -0.123825073242187
-0.2406005859375 0.436767578125 0.072021484375 -0.0687942504882812
-0.42791748046875 0.34088134765625 0.0801925659179687 -0.0311737060546875
-0.3575439453125 0.263763427734375 -0.37811279296875 0.0602416992187499
-0.2886962890625 0.28265380859375 -0.204208374023438 0.0689239501953125
-0.203033447265625 0.37725830078125 -0.111579895019531 0.00635528564453125
-0.024017333984375 0.356597900390625 -0.114677429199219 -0.0491943359375
0.08660888671875 0.33026123046875 -0.1533203125 -0.061370849609375
0.236419677734375 0.216262817382813 -0.185012817382813 -0.0663299560546875
0.2894287109375 0.098602294921875 -0.237686157226562 -0.012939453125
0.287506103515625 0.104827880859375 -0.244949340820313 0.00973510742187504
0.31842041015625 0.066253662109375 -0.220123291015625 0.00346374511718755
0.261627197265625 0.125823974609375 -0.209091186523437 -0.0389404296875
0.219009399414063 0.23712158203125 -0.177505493164063 -0.029266357421875
0.124908447265625 0.302459716796875 -0.113754272460937 -0.065032958984375
-0.104827880859375 0.359375 -0.0332870483398438 -0.0748291015625
-0.19158935546875 0.336029052734375 0.0130615234375 0.0405845642089844
-0.3382568359375 0.28973388671875 -0.0669326782226563 0.0813446044921875
-0.18096923828125 0.206039428710937 -0.486572265625 0.153289794921875
-0.133651733398438 0.204681396484375 -0.276199340820312 0.149200439453125
-0.0779571533203125 0.217147827148438 -0.133453369140625 0.040557861328125
0.00285339355468752 0.192291259765625 -0.132415771484375 -0.0342483520507812
0.0496826171875 0.185211181640625 -0.166366577148438 -0.0892486572265625
0.14117431640625 0.134597778320313 -0.249465942382813 -0.0982666015625
0.173568725585938 0.0721435546875 -0.332427978515625 -0.018096923828125
0.173629760742188 0.0801544189453125 -0.32879638671875 0.0108032226562501
0.195327758789063 0.072906494140625 -0.308319091796875 -0.00231933593749999
0.145126342773438 0.111770629882813 -0.26702880859375 -0.066162109375
0.09735107421875 0.173004150390625 -0.191909790039063 -0.0595855712890625
0.026824951171875 0.184661865234375 -0.118087768554688 -0.065582275390625
-0.0938568115234375 0.18487548828125 -0.0417556762695313 -0.0351219177246094
-0.11370849609375 0.181289672851563 -0.038909912109375 0.122879028320313
-0.196609497070313 0.192062377929688 -0.183273315429688 0.168899536132812
0.0132598876953125 0.105552673339844 -0.537872314453125 0.23065185546875
0.01971435546875 0.0892715454101563 -0.311553955078125 0.221099853515625
0.0279006958007813 0.0336570739746094 -0.137115478515625 0.0858001708984375
0.0102653503417969 0.0200691223144531 -0.129074096679688 0.00128173828125002
-0.00215339660644531 0.0309333801269531 -0.154541015625 -0.0890960693359375
0.0255584716796875 0.0448455810546875 -0.274154663085938 -0.09918212890625
0.0321388244628906 0.0406494140625 -0.373382568359375 -0.0116271972656251
0.0342636108398438 0.0444831848144531 -0.361358642578125 0.0102233886718751
0.0465507507324219 0.0632286071777344 -0.34967041015625 -0.018890380859375
0.0176010131835938 0.0707626342773438 -0.279632568359375 -0.10150146484375
-0.0196075439453125 0.0757522583007813 -0.170379638671875 -0.099395751953125
-0.0479736328125 0.0365409851074219 -0.0987091064453125 -0.0727157592773438
-0.04168701171875 -0.00270843505859375 -0.0399208068847656 -0.00646591186523438
-0.000940322875976564 0.0203323364257813 -0.079986572265625 0.165374755859375
-0.019989013671875 0.0758514404296875 -0.252975463867188 0.21826171875
-0.210037231445313 0.0345306396484375 0.256927490234375 -0.28857421875
-0.14434814453125 0.1021728515625 0.112030029296875 -0.231979370117188
-0.053619384765625 0.179733276367188 0.00256252288818359 -0.0139846801757812
0.0597763061523438 0.137123107910156 0.0477066040039063 0.0765914916992188
0.115737915039063 0.0694122314453125 0.116806030273438 0.159988403320313
0.101783752441406 -0.0178451538085938 0.265609741210938 0.13421630859375
0.101310729980469 -0.038421630859375 0.374786376953125 0.01690673828125
0.107643127441406 -0.00677490234375 0.362457275390625 -0.01385498046875
0.105331420898438 -0.0231094360351563 0.367340087890625 -0.003662109375
0.09918212890625 0.0248870849609375 0.28851318359375 0.067169189453125
0.0891876220703125 0.0746536254882813 0.156112670898438 0.044342041015625
0.0424957275390625 0.141632080078125 0.12518310546875 -0.0423812866210937
-0.0831298828125 0.143905639648438 0.17236328125 -0.146469116210938
-0.132774353027344 0.09747314453125 0.296600341796875 -0.278594970703125
-0.16070556640625 0.013916015625 0.59320068359375 -0.27740478515625
-0.377044677734375 0.148223876953125 0.214385986328125 -0.25836181640625
-0.285491943359375 0.20355224609375 0.111984252929688 -0.2120361328125
-0.169281005859375 0.33892822265625 -0.00965309143066407 -0.0247001647949218
0.03350830078125 0.297943115234375 0.0122947692871094 0.0614013671875
0.152847290039062 0.225341796875 0.060577392578125 0.164581298828125
0.214828491210938 0.078704833984375 0.214874267578125 0.143447875976563
0.241867065429687 -0.0008697509765625 0.312103271484375 0.03240966796875
0.246810913085938 0.0323028564453125 0.28607177734375 -0.006744384765625
0.25555419921875 -0.0023956298828125 0.2967529296875 -0.013580322265625
0.22149658203125 0.075225830078125 0.224945068359375 0.0341033935546875
0.191604614257812 0.17193603515625 0.10137939453125 0.0197677612304688
0.107162475585937 0.270950317382813 0.08160400390625 -0.073883056640625
-0.120513916015625 0.3162841796875 0.1331787109375 -0.187408447265625
-0.217987060546875 0.264404296875 0.2611083984375 -0.3021240234375
-0.3197021484375 0.1602783203125 0.520294189453125 -0.28753662109375
-0.50103759765625 0.235748291015625 0.105026245117187 -0.198974609375
-0.4019775390625 0.279266357421875 0.07159423828125 -0.164505004882812
-0.278411865234375 0.46392822265625 -0.0246658325195313 -0.0275535583496093
-0.00930786132812495 0.43341064453125 -0.0189151763916016 0.0341930389404297
0.162200927734375 0.3658447265625 -0.000129699707031243 0.13482666015625
0.295928955078125 0.178253173828125 0.132369995117188 0.119117736816406
0.345916748046875 0.04437255859375 0.199874877929688 0.0357513427734375
0.34906005859375 0.06903076171875 0.166412353515625 0.000869750976562504
0.370513916015625 0.010833740234375 0.184158325195313 -0.017333984375
0.322235107421875 0.102203369140625 0.126564025878906 0.00624847412109376
0.28863525390625 0.236358642578125 0.0285053253173828 0.00304222106933595
0.185516357421875 0.364593505859375 0.0250473022460938 -0.0904006958007812
-0.118316650390625 0.45947265625 0.078277587890625 -0.19818115234375
-0.25909423828125 0.407989501953125 0.201171875 -0.273345947265625
-0.426910400390625 0.2904052734375 0.399261474609375 -0.245269775390625
-0.547576904296875 0.295562744140625 -0.05328369140625 -0.118110656738281
-0.4549560546875 0.334136962890625 -0.00772094726562503 -0.0935440063476562
-0.327667236328125 0.532745361328125 -0.0471878051757813 -0.0211715698242187
-0.03570556640625 0.511962890625 -0.05010986328125 -0.000537872314453102
0.156982421875 0.4517822265625 -0.0620269775390625 0.0748062133789063
0.335479736328125 0.248260498046875 0.02484130859375 0.0639572143554688
0.395904541015625 0.08184814453125 0.0526199340820313 0.0257186889648438
0.398040771484375 0.0941162109375 0.020895004272461 0.00890731811523438
0.4287109375 0.022430419921875 0.0439529418945313 -0.0102729797363281
0.37530517578125 0.113739013671875 0.00505638122558596 -0.0102167129516601
0.345916748046875 0.26788330078125 -0.0536918640136719 -0.00354003906249999
0.238128662109375 0.406463623046875 -0.0355453491210937 -0.0874176025390625
-0.0987548828124999 0.5362548828125 0.0234527587890625 -0.174896240234375
-0.26165771484375 0.48797607421875 0.13482666015625 -0.190765380859375
-0.469207763671875 0.374481201171875 0.244308471679687 -0.153915405273437
-0.501220703125 0.31951904296875 -0.23150634765625 -0.0217742919921874
-0.418121337890625 0.350311279296875 -0.110420227050781 -0.00683593749999996
-0.298004150390625 0.520111083984375 -0.0769424438476563 -0.00601959228515621
-0.03167724609375 0.495819091796875 -0.0852127075195313 -0.0325164794921875
0.14056396484375 0.446502685546875 -0.120109558105469 0.00167846679687501
0.324066162109375 0.264617919921875 -0.0927276611328125 -0.00566101074218748
0.38385009765625 0.0994873046875 -0.1082763671875 0.00999450683593749
0.38555908203125 0.104583740234375 -0.127670288085937 0.0177764892578125
0.418914794921875 0.036712646484375 -0.102165222167969 0.00428009033203124
0.361846923828125 0.120025634765625 -0.119132995605469 -0.0172348022460937
0.33203125 0.266937255859375 -0.131278991699219 -0.00526428222656246
0.227630615234375 0.389404296875 -0.0880508422851562 -0.072662353515625
-0.0910644531249999 0.511688232421875 -0.016571044921875 -0.128013610839844
-0.235443115234375 0.47174072265625 0.0722885131835937 -0.0726470947265625
-0.44232177734375 0.387786865234375 0.0810470581054687 -0.0297317504882812
-0.373443603515625 0.2982177734375 -0.391845703125 0.083831787109375
-0.2974853515625 0.313873291015625 -0.208663940429688 0.0856781005859375
-0.197509765625 0.413970947265625 -0.108558654785156 0.0180816650390625
-0.00823974609375004 0.37982177734375 -0.117469787597656 -0.0450439453125
0.110015869140625 0.35015869140625 -0.162796020507813 -0.0576171875
0.260726928710938 0.221160888671875 -0.198440551757813 -0.0634765625
0.311004638671875 0.0928955078125 -0.251190185546875 -0.00125122070312497
0.312774658203125 0.09832763671875 -0.256072998046875 0.025970458984375
0.342529296875 0.05523681640625 -0.231857299804687 0.01678466796875
0.28326416015625 0.123382568359375 -0.22161865234375 -0.0287017822265625
0.244049072265625 0.239883422851562 -0.1849365234375 -0.019927978515625
0.148406982421875 0.316558837890625 -0.120559692382812 -0.0615158081054687
-0.097137451171875 0.390045166015625 -0.0391006469726563 -0.0755844116210937
-0.190765380859375 0.363525390625 0.0158843994140625 0.0459136962890625
-0.35040283203125 0.32708740234375 -0.0692672729492188 0.0963516235351563
-0.188873291015625 0.225677490234375 -0.5030517578125 0.186370849609375
-0.1368408203125 0.22314453125 -0.280624389648438 0.174453735351563
-0.07470703125 0.236557006835938 -0.132209777832031 0.052642822265625
0.0109710693359375 0.206192016601562 -0.135871887207031 -0.0293121337890625
0.0622406005859375 0.198013305664063 -0.178146362304687 -0.087005615234375
0.157501220703125 0.139480590820313 -0.269454956054688 -0.093963623046875
0.188568115234375 0.0697479248046875 -0.352996826171875 -0.00161743164062503
0.191162109375 0.0782012939453125 -0.34521484375 0.0309143066406249
0.21343994140625 0.0695648193359375 -0.327362060546875 0.015594482421875
0.160308837890625 0.113571166992188 -0.285614013671875 -0.05511474609375
0.112380981445313 0.179977416992188 -0.2020263671875 -0.0529632568359375
0.0380401611328125 0.197708129882813 -0.125015258789062 -0.0611801147460938
-0.0939331054687501 0.204666137695313 -0.0460319519042969 -0.0329704284667969
-0.116989135742188 0.197265625 -0.0354156494140625 0.135116577148438
-0.206085205078125 0.213973999023438 -0.188751220703125 0.194564819335938
0.012237548828125 0.107933044433594 -0.554290771484375 0.27252197265625
0.0218353271484375 0.0930633544921875 -0.31591796875 0.25225830078125
0.0281505584716797 0.0345344543457031 -0.134933471679688 0.0985946655273438
0.0103378295898438 0.0224189758300781 -0.131019592285156 0.00762939453125
-0.00129318237304688 0.0365219116210938 -0.167266845703125 -0.089080810546875
0.0313796997070313 0.0499038696289063 -0.29669189453125 -0.094635009765625
0.0384063720703125 0.0423126220703125 -0.397064208984375 0.00744628906249998
0.0419998168945312 0.0471611022949219 -0.38153076171875 0.0299682617187501
0.0572052001953125 0.0661544799804688 -0.37188720703125 -0.000823974609375051
0.0244369506835937 0.075469970703125 -0.301116943359375 -0.093841552734375
-0.0143203735351563 0.0831375122070313 -0.182296752929688 -0.096832275390625
-0.0481300354003906 0.0452079772949219 -0.106361389160156 -0.070068359375
-0.0476341247558594 0.00458908081054687 -0.0429191589355469 -0.00297164916992187
-0.005340576171875 0.0232295989990234 -0.07708740234375 0.181777954101562
-0.0240402221679688 0.0813827514648438 -0.260635375976563 0.248291015625
-0.210693359375 0.05340576171875 0.25146484375 -0.32550048828125
-0.140823364257813 0.1141357421875 0.099517822265625 -0.253463745117188
-0.0417938232421875 0.187591552734375 0.00387477874755859 -0.0153102874755859
0.0701217651367187 0.135215759277344 0.0543975830078125 0.0744552612304688
0.122817993164062 0.059539794921875 0.133468627929688 0.157379150390625
0.0984725952148438 -0.0258941650390625 0.287139892578125 0.122894287109375
0.09893798828125 -0.0458602905273438 0.39324951171875 -0.011260986328125
0.10968017578125 -0.0157012939453125 0.37823486328125 -0.04248046875
0.104087829589844 -0.0329818725585938 0.385986328125 -0.033233642578125
0.103630065917969 0.0179901123046875 0.3099365234375 0.05169677734375
0.0981063842773438 0.0699310302734375 0.166580200195313 0.0386505126953125
0.057220458984375 0.143753051757813 0.125572204589844 -0.053192138671875
-0.073883056640625 0.156082153320313 0.165908813476563 -0.165878295898438
-0.128067016601563 0.110694885253906 0.286895751953125 -0.31317138671875
-0.163681030273438 0.03057861328125 0.59539794921875 -0.33355712890625
-0.378326416015625 0.18524169921875 0.209991455078125 -0.29083251953125
-0.28106689453125 0.230331420898438 0.10272216796875 -0.233551025390625
-0.149078369140625 0.36505126953125 -0.00691795349121095 -0.0245609283447265
0.054931640625 0.305816650390625 0.0188674926757813 0.0613136291503907
0.174850463867188 0.220748901367188 0.0767059326171875 0.16656494140625
0.22430419921875 0.066192626953125 0.235275268554687 0.135040283203125
0.247604370117187 -0.01702880859375 0.32965087890625 0.010894775390625
0.259246826171875 0.0145721435546875 0.300994873046875 -0.028228759765625
0.263748168945313 -0.0228729248046875 0.312469482421875 -0.03765869140625
0.235733032226563 0.0627288818359375 0.24176025390625 0.0224456787109375
0.212127685546875 0.164382934570313 0.108833312988281 0.0180435180664063
0.134902954101562 0.275634765625 0.0790786743164063 -0.0821533203125
-0.100494384765625 0.34075927734375 0.122177124023437 -0.204391479492187
-0.2060546875 0.2911376953125 0.2484130859375 -0.333953857421875
-0.32086181640625 0.196441650390625 0.521575927734375 -0.336761474609375
-0.5032958984375 0.287200927734375 0.101959228515625 -0.220077514648438
-0.399017333984375 0.319732666015625 0.0658416748046875 -0.179946899414062
-0.251800537109375 0.504364013671875 -0.0194015502929688 -0.0253925323486328
0.020294189453125 0.451507568359375 -0.0134124755859375 0.0366172790527344
0.197540283203125 0.36810302734375 0.0134124755859375 0.140449523925781
0.317626953125 0.16571044921875 0.148193359375 0.114212036132813
0.36053466796875 0.022979736328125 0.213272094726563 0.022125244140625
0.37030029296875 0.045623779296875 0.177291870117188 -0.0102081298828125
0.38543701171875 -0.017425537109375 0.19329833984375 -0.0321807861328125
0.34246826171875 0.083709716796875 0.136207580566406 0.000404357910156255
0.318023681640625 0.22479248046875 0.0333690643310547 0.00550842285156251
0.222930908203125 0.3673095703125 0.0201416015625 -0.094451904296875
-0.0879516601562501 0.491302490234375 0.0650177001953125 -0.210342407226562
-0.239349365234375 0.4432373046875 0.188568115234375 -0.297943115234375
-0.425872802734375 0.341796875 0.396453857421875 -0.2822265625
-0.550811767578125 0.354461669921875 -0.0567474365234376 -0.122665405273437
-0.45147705078125 0.382598876953125 -0.0111160278320313 -0.098968505859375
-0.30035400390625 0.58453369140625 -0.0402488708496094 -0.0154571533203125
-0.000518798828124982 0.536407470703125 -0.046966552734375 0.00278472900390628
0.199676513671875 0.459869384765625 -0.055389404296875 0.0830154418945313
0.36614990234375 0.23565673828125 0.03240966796875 0.0625991821289063
0.41748046875 0.05810546875 0.0585289001464844 0.0229377746582031
0.42547607421875 0.068878173828125 0.0266056060791016 0.0102100372314453
0.44757080078125 -0.0091552734375 0.0467376708984375 -0.0133323669433594
0.3985595703125 0.093841552734375 0.00736474990844729 -0.00733089447021484
0.380767822265625 0.253143310546875 -0.0525550842285156 0.00455093383789064
0.280914306640625 0.407562255859375 -0.0419845581054687 -0.0868453979492187
-0.0646972656249999 0.56927490234375 0.010162353515625 -0.181167602539062
-0.2371826171875 0.52874755859375 0.125640869140625 -0.205093383789062
-0.465789794921875 0.432525634765625 0.242172241210937 -0.1728515625
-0.5047607421875 0.375396728515625 -0.236785888671875 -0.00683593750000003
-0.41241455078125 0.39739990234375 -0.1112060546875 0.00115203857421876
-0.271484375 0.57183837890625 -0.0701751708984375 0.00242996215820317
0.001312255859375 0.5208740234375 -0.085235595703125 -0.0274200439453125
0.183837890625 0.457855224609375 -0.121269226074219 0.0109329223632813
0.357330322265625 0.252716064453125 -0.097259521484375 -0.00130462646484373
0.407501220703125 0.077056884765625 -0.110481262207031 0.0189590454101562
0.413665771484375 0.081085205078125 -0.128440856933594 0.0307388305664062
0.4403076171875 0.006622314453125 -0.105659484863281 0.0140380859375
0.38525390625 0.100860595703125 -0.123527526855469 -0.00605773925781248
0.366485595703125 0.2540283203125 -0.132827758789062 0.00724792480468749
0.267578125 0.391510009765625 -0.0953750610351562 -0.0676345825195312
-0.05828857421875 0.54425048828125 -0.0279693603515625 -0.128776550292969
-0.21484375 0.509307861328125 0.0701675415039062 -0.0770339965820312
-0.436553955078125 0.4442138671875 0.0815200805664062 -0.0301132202148437
-0.37371826171875 0.34130859375 -0.396881103515625 0.117462158203125
-0.29266357421875 0.351470947265625 -0.206954956054688 0.106109619140625
-0.176544189453125 0.451507568359375 -0.102455139160156 0.029266357421875
0.018402099609375 0.39984130859375 -0.119636535644531 -0.0382843017578125
0.144378662109375 0.36090087890625 -0.1708984375 -0.0481719970703125
0.290557861328125 0.214141845703125 -0.212509155273438 -0.0545654296875
0.3319091796875 0.0760498046875 -0.262313842773438 0.0190277099609375
0.337249755859375 0.08062744140625 -0.262130737304688 0.0488433837890626
0.36346435546875 0.03265380859375 -0.240570068359375 0.0368499755859375
0.30487060546875 0.109954833984375 -0.2322998046875 -0.0115509033203125
0.272323608398438 0.233291625976563 -0.1898193359375 -0.00502014160156249
0.17999267578125 0.322479248046875 -0.127120971679688 -0.0530471801757813
-0.07403564453125 0.41949462890625 -0.0467300415039062 -0.072998046875
-0.17681884765625 0.3934326171875 0.0207023620605469 0.0506973266601563
-0.34747314453125 0.371246337890625 -0.066009521484375 0.113502502441406
-0.187332153320313 0.249847412109375 -0.507293701171875 0.234832763671875
-0.1307373046875 0.244003295898438 -0.276321411132813 0.204910278320313
-0.0625457763671875 0.25506591796875 -0.1260986328125 0.0660934448242188
0.025177001953125 0.216201782226562 -0.13848876953125 -0.0208663940429687
0.08160400390625 0.205963134765625 -0.190719604492188 -0.0789794921875
0.177032470703125 0.13763427734375 -0.290008544921875 -0.081512451171875
0.203872680664063 0.060546875 -0.3682861328125 0.0258483886718749
0.209243774414063 0.068878173828125 -0.3558349609375 0.059783935546875
0.231857299804688 0.05694580078125 -0.339599609375 0.042877197265625
0.177139282226563 0.108795166015625 -0.30120849609375 -0.035614013671875
0.13134765625 0.18023681640625 -0.211669921875 -0.0392303466796875
0.056365966796875 0.205963134765625 -0.133087158203125 -0.0526962280273437
-0.085357666015625 0.22589111328125 -0.0507583618164063 -0.0287361145019531
-0.112823486328125 0.21575927734375 -0.0258636474609375 0.146743774414063
-0.20574951171875 0.240997314453125 -0.184112548828125 0.224288940429688
0.0147171020507813 0.110466003417969 -0.55487060546875 0.3262939453125
0.02655029296875 0.095184326171875 -0.30694580078125 0.288818359375
0.0286407470703125 0.0342178344726563 -0.128646850585938 0.112190246582031
0.0115451812744141 0.0241050720214844 -0.131881713867188 0.0166778564453125
0.0011138916015625 0.0418128967285156 -0.1800537109375 -0.0818023681640625
0.0389862060546875 0.0527801513671875 -0.319061279296875 -0.079986572265625
0.0461082458496094 0.0429611206054688 -0.415130615234375 0.0379943847656249
0.0504875183105469 0.0472335815429688 -0.395538330078125 0.0610351562500001
0.0693473815917969 0.0657997131347656 -0.389007568359375 0.0301208496093749
0.0340118408203125 0.0785903930664063 -0.321685791015625 -0.075225830078125
-0.006561279296875 0.0896072387695313 -0.195083618164063 -0.0883941650390625
-0.0451393127441406 0.0544319152832031 -0.114578247070313 -0.0623855590820312
-0.0513229370117187 0.0133476257324219 -0.0452499389648438 0.00164794921875
-0.00918960571289063 0.0274848937988281 -0.0667266845703125 0.198348999023437
-0.0252685546875 0.0880355834960938 -0.2562255859375 0.28466796875
-0.203704833984375 0.071136474609375 0.231536865234375 -0.35467529296875
-0.131828308105469 0.124427795410156 0.0810089111328125 -0.266586303710938
-0.027099609375 0.190460205078125 0.00498294830322265 -0.0172100067138672
0.0795516967773438 0.129158020019531 0.0600318908691406 0.0690078735351563
0.126007080078125 0.0474395751953125 0.14642333984375 0.148391723632813
0.0922393798828125 -0.0329666137695313 0.30157470703125 0.10430908203125
0.09332275390625 -0.0518798828125 0.3974609375 -0.042572021484375
0.107734680175781 -0.0248336791992188 0.38116455078125 -0.07403564453125
0.0990371704101562 -0.0421905517578125 0.390289306640625 -0.066192626953125
0.105133056640625 0.00890350341796875 0.322662353515625 0.028839111328125
0.104888916015625 0.0623245239257813 0.172515869140625 0.0298004150390625
0.0711212158203125 0.140625 0.121475219726563 -0.0631103515625
-0.0605621337890625 0.163330078125 0.152389526367187 -0.180267333984375
-0.117782592773438 0.121147155761719 0.263580322265625 -0.339599609375
-0.160110473632813 0.047393798828125 0.57379150390625 -0.3848876953125
-0.364105224609375 0.220245361328125 0.1937255859375 -0.3165283203125
-0.26611328125 0.2532958984375 0.0863494873046875 -0.247421264648437
-0.121185302734375 0.3790283203125 -0.00301551818847657 -0.0245094299316406
0.07769775390625 0.302642822265625 0.0250091552734375 0.058746337890625
0.192520141601563 0.2071533203125 0.0918426513671875 0.16168212890625
0.227066040039062 0.0503692626953125 0.250137329101562 0.118942260742187
0.246002197265625 -0.0341033935546875 0.335845947265625 -0.016387939453125
0.262542724609375 -0.005523681640625 0.30572509765625 -0.0528564453125
0.2611083984375 -0.044525146484375 0.31512451171875 -0.064483642578125
0.2420654296875 0.04498291015625 0.251800537109375 0.0061798095703125
0.228012084960937 0.149322509765625 0.114219665527344 0.01434326171875
0.160415649414063 0.268386840820313 0.0731048583984375 -0.0884857177734375
-0.074066162109375 0.35528564453125 0.105712890625 -0.215133666992187
-0.184051513671875 0.310699462890625 0.2232666015625 -0.355987548828125
-0.308135986328125 0.229217529296875 0.4998779296875 -0.38055419921875
-0.4847412109375 0.33514404296875 0.0909271240234375 -0.236572265625
-0.379364013671875 0.35406494140625 0.0533294677734375 -0.189971923828125
-0.21258544921875 0.531097412109375 -0.0134563446044922 -0.023590087890625
0.055023193359375 0.454345703125 -0.007476806640625 0.0359535217285157
0.229644775390625 0.355010986328125 0.0270004272460938 0.139877319335938
0.331512451171875 0.14306640625 0.160110473632813 0.103271484375
0.364776611328125 -0.002716064453125 0.219940185546875 0.0048675537109375
0.379852294921875 0.016876220703125 0.1827392578125 -0.024017333984375
0.3861083984375 -0.049774169921875 0.19525146484375 -0.0479888916015625
0.352569580078125 0.058746337890625 0.141983032226563 -0.0078277587890625
0.340087890625 0.20269775390625 0.0373115539550781 0.00715255737304689
0.2576904296875 0.3551025390625 0.0138473510742188 -0.0959548950195312
-0.04937744140625 0.50830078125 0.047515869140625 -0.214752197265625
-0.209075927734375 0.468414306640625 0.166717529296875 -0.313995361328125
-0.40521240234375 0.387054443359375 0.379791259765625 -0.313140869140625
-0.529296875 0.407318115234375 -0.0614547729492188 -0.123542785644531
-0.429412841796875 0.423858642578125 -0.0165557861328125 -0.10137939453125
-0.25604248046875 0.6182861328125 -0.0313682556152344 -0.0123882293701171
0.04248046875 0.543212890625 -0.0430717468261719 0.00539779663085941
0.240814208984375 0.4503173828125 -0.0453643798828125 0.0875396728515625
0.388214111328125 0.210968017578125 0.0382308959960938 0.0596847534179688
0.426513671875 0.0279541015625 0.0630073547363282 0.0184211730957031
0.438690185546875 0.036041259765625 0.03179931640625 0.00894355773925781
0.4525146484375 -0.047393798828125 0.0478858947753907 -0.0158195495605469
0.410400390625 0.063995361328125 0.010432243347168 -0.00529956817626953
0.405517578125 0.2261962890625 -0.0485076904296875 0.0123176574707031
0.319488525390625 0.391754150390625 -0.0476150512695312 -0.0830459594726562
-0.0207519531250001 0.58831787109375 -0.00456237792968751 -0.180206298828125
-0.2012939453125 0.55364990234375 0.111297607421875 -0.214462280273437
-0.440216064453125 0.4815673828125 0.2310791015625 -0.18804931640625
-0.48370361328125 0.42431640625 -0.234512329101563 0.00956726074218756
-0.389984130859375 0.43646240234375 -0.109474182128906 0.00870513916015627
-0.226806640625 0.603759765625 -0.0595932006835938 0.00838851928710942
0.042510986328125 0.530792236328125 -0.082763671875 -0.0221023559570312
0.224029541015625 0.4505615234375 -0.117965698242187 0.0204010009765625
0.3829345703125 0.230926513671875 -0.0990676879882812 0.00431823730468751
0.419281005859375 0.04827880859375 -0.108856201171875 0.0287933349609375
0.429046630859375 0.049224853515625 -0.123039245605469 0.0430755615234375
0.446868896484375 -0.029144287109375 -0.104095458984375 0.02520751953125
0.398223876953125 0.073486328125 -0.122970581054687 0.0065460205078125
0.391357421875 0.22918701171875 -0.129447937011719 0.0197372436523438
0.304718017578125 0.375823974609375 -0.0990982055664062 -0.0594100952148437
-0.015869140625 0.56121826171875 -0.0389480590820313 -0.123924255371094
-0.18084716796875 0.533203125 0.06585693359375 -0.0795364379882812
-0.411468505859375 0.49053955078125 0.0800933837890625 -0.0290603637695312
-0.3565673828125 0.37945556640625 -0.38812255859375 0.149566650390625
-0.272491455078125 0.38079833984375 -0.198135375976563 0.124832153320312
-0.14288330078125 0.474822998046875 -0.09185791015625 0.0378189086914063
0.049530029296875 0.40679931640625 -0.119186401367188 -0.030029296875
0.177978515625 0.357391357421875 -0.172821044921875 -0.0363006591796875
0.31317138671875 0.1961669921875 -0.2208251953125 -0.0406036376953125
0.3441162109375 0.05194091796875 -0.263778686523438 0.041015625
0.3521728515625 0.055023193359375 -0.258193969726562 0.0721893310546875
0.372528076171875 0.003753662109375 -0.239273071289063 0.05999755859375
0.317840576171875 0.089569091796875 -0.234954833984375 0.00903320312500003
0.2940673828125 0.215240478515625 -0.18896484375 0.0113677978515625
0.208404541015625 0.31378173828125 -0.130340576171875 -0.0419082641601562
-0.043304443359375 0.435546875 -0.05352783203125 -0.0663299560546875
-0.152618408203125 0.4130859375 0.0264053344726562 0.0530166625976563
-0.328094482421875 0.410003662109375 -0.0575103759765625 0.127716064453125
-0.17584228515625 0.269882202148438 -0.49114990234375 0.278656005859375
-0.116668701171875 0.258468627929688 -0.261001586914062 0.230560302734375
-0.0459442138671875 0.266159057617188 -0.115646362304688 0.0764007568359375
0.0417938232421875 0.219512939453125 -0.137382507324219 -0.0111618041992188
0.0999603271484375 0.20574951171875 -0.197067260742187 -0.0661468505859375
0.192947387695313 0.1279296875 -0.302703857421875 -0.062286376953125
0.21343994140625 0.04718017578125 -0.371826171875 0.0567626953125
0.221115112304687 0.0536041259765625 -0.353424072265625 0.090118408203125
0.243072509765625 0.0391387939453125 -0.33929443359375 0.074249267578125
0.1893310546875 0.0981903076171875 -0.307952880859375 -0.0106201171875
0.148651123046875 0.173660278320313 -0.213729858398438 -0.0237884521484375
0.0747833251953125 0.206314086914063 -0.136489868164063 -0.041046142578125
-0.0690765380859375 0.240478515625 -0.0539512634277344 -0.022247314453125
-0.102066040039063 0.229415893554687 -0.01312255859375 0.15313720703125
-0.194808959960937 0.263351440429688 -0.1693115234375 0.248214721679688
0.0176315307617187 0.110427856445313 -0.5330810546875 0.374114990234375
0.03167724609375 0.0938873291015625 -0.285369873046875 0.318206787109375
0.0282402038574219 0.0333805084228516 -0.117355346679688 0.121925354003906
0.0125217437744141 0.0250110626220703 -0.128303527832031 0.0253067016601562
0.0047454833984375 0.0458793640136719 -0.188491821289063 -0.0708770751953125
0.0472297668457031 0.0529937744140625 -0.332305908203125 -0.058349609375
0.0526885986328125 0.0407981872558594 -0.41925048828125 0.072906494140625
0.0583038330078125 0.0445098876953125 -0.394287109375 0.094512939453125
0.0803604125976563 0.0609588623046875 -0.390594482421875 0.0648193359375001
0.0433349609375 0.0778427124023438 -0.333648681640625 -0.049346923828125
0.0023040771484375 0.09222412109375 -0.202926635742188 -0.0749206542968751
-0.03912353515625 0.0612907409667969 -0.119125366210938 -0.0531158447265625
-0.0518302917480469 0.02313232421875 -0.0456924438476563 0.00728607177734375
-0.0118980407714844 0.0317821502685547 -0.051177978515625 0.208358764648438
-0.0243988037109375 0.0927352905273438 -0.23785400390625 0.3145751953125
-0.193374633789063 0.0825042724609375 0.21368408203125 -0.37188720703125
-0.122940063476563 0.1285400390625 0.0657958984375 -0.271835327148438
-0.0147552490234375 0.188949584960938 0.00720405578613281 -0.0186328887939453
0.0850601196289062 0.121200561523438 0.0625381469726563 0.0633163452148438
0.124351501464844 0.0367660522460937 0.153030395507813 0.13934326171875
0.0849685668945313 -0.03662109375 0.308319091796875 0.088043212890625
0.08709716796875 -0.054595947265625 0.39508056640625 -0.0670166015625
0.103973388671875 -0.0313949584960938 0.375762939453125 -0.09735107421875
0.0922622680664063 -0.0470657348632813 0.3856201171875 -0.091094970703125
0.103996276855469 0.00241851806640625 0.326904296875 0.011077880859375
0.108222961425781 0.0555038452148438 0.174575805664063 0.0239715576171875
0.0811920166015625 0.134994506835938 0.115997314453125 -0.0686187744140625
-0.04925537109375 0.165634155273438 0.138839721679688 -0.187835693359375
-0.1080322265625 0.126213073730469 0.240753173828125 -0.352142333984375
-0.15313720703125 0.059295654296875 0.547332763671875 -0.415802001953125
-0.34576416015625 0.241729736328125 0.17803955078125 -0.331268310546875
-0.250198364257813 0.264785766601562 0.072265625 -0.252410888671875
-0.095947265625 0.38250732421875 0.00151634216308593 -0.0260295867919922
0.09271240234375 0.295135498046875 0.0285606384277344 0.0549583435058594
0.202178955078125 0.191848754882813 0.101058959960938 0.154937744140625
0.2242431640625 0.0386505126953125 0.257232666015625 0.104873657226563
0.240386962890625 -0.0454559326171875 0.335479736328125 -0.037322998046875
0.260940551757812 -0.0214080810546875 0.303009033203125 -0.071746826171875
0.2540283203125 -0.059661865234375 0.311920166015625 -0.084075927734375
0.242294311523438 0.0310211181640625 0.254974365234375 -0.0080108642578125
0.235275268554688 0.13543701171875 0.116645812988281 0.0113372802734375
0.17803955078125 0.257766723632813 0.067535400390625 -0.0908584594726562
-0.0518798828125 0.36053466796875 0.091156005859375 -0.217941284179688
-0.164886474609375 0.31842041015625 0.2010498046875 -0.365814208984375
-0.291961669921875 0.25152587890625 0.4735107421875 -0.4061279296875
-0.4608154296875 0.364898681640625 0.0807342529296874 -0.245376586914062
-0.358306884765625 0.373291015625 0.0434112548828125 -0.194793701171875
-0.17620849609375 0.5401611328125 -0.00597572326660157 -0.0243568420410156
0.08056640625 0.447662353515625 -0.00319862365722656 0.0338687896728516
0.24853515625 0.338043212890625 0.0372314453125 0.136604309082031
0.33404541015625 0.12396240234375 0.165969848632813 0.093414306640625
0.3604736328125 -0.022003173828125 0.220870971679688 -0.0099639892578125
0.380523681640625 -0.005767822265625 0.183319091796875 -0.035308837890625
0.379241943359375 -0.072235107421875 0.193557739257813 -0.0594635009765625
0.3536376953125 0.038848876953125 0.1448974609375 -0.014312744140625
0.3502197265625 0.182037353515625 0.0410423278808594 0.00846099853515626
0.279815673828125 0.33935546875 0.00875091552734378 -0.0951766967773438
-0.019256591796875 0.51416015625 0.0342864990234375 -0.212921142578125
-0.180694580078125 0.478790283203125 0.14813232421875 -0.318817138671875
-0.380279541015625 0.41314697265625 0.358428955078125 -0.32977294921875
-0.503204345703125 0.440338134765625 -0.064239501953125 -0.123519897460937
-0.404876708984375 0.44635009765625 -0.020538330078125 -0.101448059082031
-0.21368408203125 0.632568359375 -0.0214424133300781 -0.0121040344238281
0.07354736328125 0.53765869140625 -0.0386161804199219 0.00576019287109378
0.268218994140625 0.4322509765625 -0.0364837646484375 0.08917236328125
0.39691162109375 0.18817138671875 0.0413131713867188 0.0559883117675781
0.424835205078125 0.0050048828125 0.0650596618652344 0.013702392578125
0.4422607421875 0.00909423828125 0.0357666015625 0.007171630859375
0.44537353515625 -0.073455810546875 0.0488319396972656 -0.0174674987792969
0.41131591796875 0.04229736328125 0.0132417678833008 -0.00374698638916015
0.416961669921875 0.202423095703125 -0.0435676574707031 0.0174407958984375
0.3428955078125 0.371551513671875 -0.0505142211914062 -0.07861328125
0.01593017578125 0.59124755859375 -0.0151214599609375 -0.17431640625
-0.1705322265625 0.5626220703125 0.0989532470703125 -0.215927124023437
-0.4105224609375 0.512542724609375 0.219085693359375 -0.194793701171875
-0.458526611328125 0.454742431640625 -0.228408813476563 0.0211029052734376
-0.367034912109375 0.458831787109375 -0.106269836425781 0.015106201171875
-0.18853759765625 0.61761474609375 -0.0492897033691406 0.0104026794433594
0.073516845703125 0.525970458984375 -0.0786209106445313 -0.0182723999023437
0.25384521484375 0.43597412109375 -0.112541198730469 0.0264282226562501
0.394622802734375 0.20904541015625 -0.0993423461914062 0.00874328613281251
0.421234130859375 0.0245361328125 -0.106010437011719 0.03558349609375
0.433929443359375 0.023223876953125 -0.116767883300781 0.0505828857421875
0.442962646484375 -0.055938720703125 -0.0999374389648437 0.0335159301757812
0.40081787109375 0.0526123046875 -0.119873046875 0.016082763671875
0.40313720703125 0.205352783203125 -0.123527526855469 0.02862548828125
0.3265380859375 0.356353759765625 -0.0994949340820313 -0.0519943237304687
0.01605224609375 0.56549072265625 -0.045013427734375 -0.116294860839844
-0.151214599609375 0.541717529296875 0.0629348754882812 -0.079437255859375
-0.383758544921875 0.519378662109375 0.0784072875976562 -0.027191162109375
-0.33538818359375 0.401824951171875 -0.373046875 0.17071533203125
-0.25390625 0.395721435546875 -0.187728881835938 0.136184692382813
-0.115875244140625 0.483795166015625 -0.081573486328125 0.0410079956054688
0.07281494140625 0.40484619140625 -0.115318298339844 -0.0244293212890625
0.19964599609375 0.34759521484375 -0.171279907226563 -0.0267333984375
0.325042724609375 0.178985595703125 -0.224624633789062 -0.0291900634765625
0.346527099609375 0.03363037109375 -0.259429931640625 0.0579833984375
0.35809326171875 0.034912109375 -0.249679565429687 0.0878448486328125
0.37261962890625 -0.01910400390625 -0.231842041015625 0.0767364501953125
0.32208251953125 0.073150634765625 -0.232025146484375 0.02496337890625
0.305328369140625 0.197998046875 -0.183883666992188 0.02227783203125
0.226806640625 0.3011474609375 -0.129310607910156 -0.0333175659179687
-0.018310546875 0.440643310546875 -0.0557022094726562 -0.0588264465332031
-0.131744384765625 0.421783447265625 0.0314178466796875 0.054534912109375
-0.306640625 0.4324951171875 -0.0491790771484375 0.1375732421875
-0.164138793945313 0.280868530273437 -0.47015380859375 0.305572509765625
-0.105239868164062 0.264877319335938 -0.243804931640625 0.245132446289063
-0.0323638916015625 0.270401000976563 -0.105239868164063 0.0806732177734375
0.053985595703125 0.217864990234375 -0.13287353515625 -0.00450134277343751
0.11407470703125 0.202301025390625 -0.197418212890625 -0.0558929443359375
0.202743530273438 0.118362426757813 -0.307952880859375 -0.0457763671875
0.217910766601563 0.035369873046875 -0.36724853515625 0.0799560546875001
0.227066040039062 0.0409698486328125 -0.34423828125 0.1114501953125
0.247543334960938 0.02386474609375 -0.3310546875 0.09716796875
0.195693969726563 0.0887603759765625 -0.30682373046875 0.00897216796875004
0.159210205078125 0.165237426757813 -0.211532592773438 -0.0119476318359375
0.08807373046875 0.202621459960937 -0.135299682617188 -0.0321197509765625
-0.055511474609375 0.24920654296875 -0.054534912109375 -0.0154609680175781
-0.092071533203125 0.23651123046875 -0.00271606445312501 0.156280517578125
-0.183868408203125 0.277816772460938 -0.152999877929687 0.263214111328125
0.0194244384765625 0.109451293945312 -0.505584716796875 0.404083251953125
0.0343246459960938 0.091339111328125 -0.26287841796875 0.33392333984375
0.0263843536376953 0.0324821472167969 -0.107643127441406 0.125686645507813
0.0127487182617188 0.0254802703857422 -0.12274169921875 0.0309829711914062
0.00846862792968749 0.0488700866699219 -0.19073486328125 -0.0618133544921875
0.053497314453125 0.0517807006835938 -0.3375244140625 -0.041259765625
0.0572967529296875 0.0380592346191406 -0.414794921875 0.0988769531249999
0.0638160705566406 0.0415229797363281 -0.3865966796875 0.118499755859375
0.0879974365234375 0.0551071166992188 -0.383209228515625 0.0899963378906251
0.0504531860351563 0.075775146484375 -0.33636474609375 -0.02862548828125
0.00930023193359374 0.0926513671875 -0.205703735351563 -0.0640106201171875
-0.0336799621582031 0.0653762817382813 -0.119796752929687 -0.0442352294921875
-0.05023193359375 0.030914306640625 -0.0452461242675781 0.0121726989746094
-0.0132637023925781 0.0357322692871094 -0.037933349609375 0.212921142578125
-0.0240402221679688 0.095977783203125 -0.219146728515625 0.332061767578125
-0.18646240234375 0.0890045166015625 0.20233154296875 -0.383148193359375
-0.116973876953125 0.130821228027344 0.0564117431640625 -0.276168823242188
-0.00729370117187502 0.18658447265625 0.00960540771484375 -0.0210151672363281
0.0873489379882812 0.116111755371094 0.0633621215820313 0.0593986511230469
0.121810913085938 0.0294876098632813 0.156036376953125 0.134033203125
0.0790176391601562 -0.0378570556640625 0.313385009765625 0.078826904296875
0.083404541015625 -0.0556716918945313 0.39288330078125 -0.082855224609375
0.101203918457031 -0.0350341796875 0.3731689453125 -0.112152099609375
0.0877838134765625 -0.0494155883789063 0.3837890625 -0.107208251953125
0.102996826171875 -0.0018157958984375 0.331146240234375 -0.001068115234375
0.109756469726563 0.0506439208984375 0.176773071289063 0.0212860107421875
0.0874786376953125 0.130882263183594 0.111709594726563 -0.072296142578125
-0.042938232421875 0.16741943359375 0.130126953125 -0.192306518554688
-0.101593017578125 0.129180908203125 0.2265625 -0.35943603515625
-0.147537231445313 0.0670318603515625 0.529510498046875 -0.433929443359375
-0.333770751953125 0.25372314453125 0.168548583984375 -0.342498779296875
-0.240997314453125 0.272186279296875 0.06378173828125 -0.25701904296875
-0.08099365234375 0.38275146484375 0.00603294372558593 -0.0284538269042968
0.101654052734375 0.289703369140625 0.0308952331542969 0.0515327453613281
0.205581665039063 0.18109130859375 0.106094360351563 0.150909423828125
0.220855712890625 0.032501220703125 0.261886596679688 0.097259521484375
0.236862182617188 -0.0518951416015625 0.33514404296875 -0.051025390625
0.260482788085938 -0.030517578125 0.301727294921875 -0.08392333984375
0.249404907226563 -0.0679473876953125 0.310791015625 -0.096771240234375
0.243301391601562 0.022705078125 0.259368896484375 -0.0164642333984375
0.240386962890625 0.127578735351563 0.119522094726563 0.0108566284179688
0.1890869140625 0.25103759765625 0.0640640258789063 -0.09295654296875
-0.038330078125 0.36492919921875 0.08270263671875 -0.218917846679687
-0.15350341796875 0.323974609375 0.18707275390625 -0.370513916015625
-0.280899047851562 0.266159057617188 0.4583740234375 -0.420440673828125
-0.44366455078125 0.381866455078125 0.07464599609375 -0.252700805664063
-0.345947265625 0.38555908203125 0.0374908447265625 -0.197509765625
-0.15576171875 0.545562744140625 0.00105857849121093 -0.0281810760498047
0.095550537109375 0.443115234375 -0.000122070312499993 0.0318984985351563
0.26025390625 0.3267822265625 0.0432052612304688 0.134498596191406
0.3349609375 0.11346435546875 0.169876098632813 0.08758544921875
0.35797119140625 -0.032958984375 0.221923828125 -0.0197906494140625
0.3817138671875 -0.0205078125 0.184432983398438 -0.0430145263671875
0.37396240234375 -0.085784912109375 0.193527221679688 -0.06707763671875
0.354705810546875 0.027557373046875 0.148849487304688 -0.01898193359375
0.35711669921875 0.170684814453125 0.044708251953125 0.00999450683593751
0.2940673828125 0.329254150390625 0.00670623779296877 -0.0944671630859375
0.00119018554687496 0.5191650390625 0.0279998779296875 -0.210311889648437
-0.16448974609375 0.483978271484375 0.137054443359375 -0.321990966796875
-0.364959716796875 0.433380126953125 0.34588623046875 -0.33807373046875
-0.48553466796875 0.460205078125 -0.0653610229492188 -0.124656677246094
-0.391143798828125 0.4627685546875 -0.0227127075195313 -0.101463317871094
-0.18829345703125 0.64068603515625 -0.013392448425293 -0.0152311325073242
0.093170166015625 0.535400390625 -0.0343399047851563 0.00554466247558597
0.285430908203125 0.4227294921875 -0.0310211181640625 0.0890579223632813
0.401702880859375 0.175750732421875 0.0427703857421875 0.0546684265136719
0.425201416015625 -0.008087158203125 0.0669403076171875 0.010284423828125
0.44476318359375 -0.008056640625 0.0389785766601563 0.00584030151367187
0.441986083984375 -0.090545654296875 0.0511589050292969 -0.018341064453125
0.41259765625 0.029022216796875 0.0166301727294922 -0.00298595428466797
0.424102783203125 0.1873779296875 -0.0383453369140625 0.0211982727050781
0.357757568359375 0.359893798828125 -0.0513153076171875 -0.0756378173828125
0.0379638671875 0.59588623046875 -0.0193023681640625 -0.169082641601562
-0.15167236328125 0.56829833984375 0.0926513671875 -0.216415405273437
-0.39239501953125 0.53375244140625 0.212265014648437 -0.196914672851562
-0.442840576171875 0.473419189453125 -0.224075317382813 0.0279541015625
-0.353851318359375 0.473388671875 -0.103981018066406 0.0185165405273438
-0.16436767578125 0.62689208984375 -0.0405769348144531 0.00835037231445316
0.0933837890625 0.525146484375 -0.0745849609375 -0.016998291015625
0.27203369140625 0.42828369140625 -0.108245849609375 0.0294876098632813
0.401580810546875 0.194488525390625 -0.1009521484375 0.0114517211914063
0.42279052734375 0.01104736328125 -0.103431701660156 0.0391845703125
0.4385986328125 0.00640869140625 -0.111480712890625 0.0554885864257813
0.441650390625 -0.0723876953125 -0.095428466796875 0.0394821166992188
0.402496337890625 0.03955078125 -0.117019653320312 0.0218658447265625
0.409698486328125 0.191650390625 -0.118545532226562 0.034210205078125
0.340667724609375 0.3446044921875 -0.098785400390625 -0.0476608276367187
0.03802490234375 0.56976318359375 -0.04669189453125 -0.109733581542969
-0.135345458984375 0.54766845703125 0.06231689453125 -0.0786209106445312
-0.366790771484375 0.538848876953125 0.078826904296875 -0.0233001708984375
-0.32464599609375 0.415069580078125 -0.362884521484375 0.18280029296875
-0.244232177734375 0.407257080078125 -0.180801391601563 0.1435546875
-0.09820556640625 0.4920654296875 -0.0735092163085938 0.040985107421875
0.087127685546875 0.403350830078125 -0.111480712890625 -0.0215072631835937
0.216064453125 0.341796875 -0.168869018554687 -0.0222015380859374
0.332916259765625 0.168426513671875 -0.227996826171875 -0.0219268798828125
0.349884033203125 0.022705078125 -0.256683349609375 0.068206787109375
0.3636474609375 0.020843505859375 -0.2437744140625 0.097900390625
0.37359619140625 -0.03363037109375 -0.226409912109375 0.08734130859375
0.3255615234375 0.063323974609375 -0.22906494140625 0.035125732421875
0.3125 0.1878662109375 -0.17852783203125 0.0289306640625
0.238494873046875 0.292938232421875 -0.127601623535156 -0.0276336669921875
-0.00155639648437498 0.447357177734375 -0.0555915832519531 -0.0521659851074218
-0.12005615234375 0.4276123046875 0.0355949401855469 0.0553207397460938
-0.2943115234375 0.447601318359375 -0.0426025390625 0.145339965820313
-0.158660888671875 0.28814697265625 -0.45526123046875 0.322662353515625
-0.100616455078125 0.269851684570313 -0.233047485351563 0.254791259765625
-0.024688720703125 0.274124145507813 -0.0986404418945312 0.082000732421875
0.0606689453125 0.2186279296875 -0.128524780273438 -0.00175476074218748
0.123550415039063 0.201217651367188 -0.197341918945313 -0.05059814453125
0.209365844726563 0.112197875976563 -0.312652587890625 -0.03564453125
0.2213134765625 0.0289459228515625 -0.36505126953125 0.09515380859375
0.23284912109375 0.0328521728515625 -0.337890625 0.125396728515625
0.251235961914063 0.01336669921875 -0.323944091796875 0.110595703125
0.200927734375 0.0831146240234375 -0.305908203125 0.021636962890625
0.165863037109375 0.160614013671875 -0.209609985351562 -0.00563049316406252
0.096160888671875 0.200485229492187 -0.13372802734375 -0.0257339477539062
-0.046356201171875 0.255508422851563 -0.0531539916992188 -0.00997543334960935
-0.08734130859375 0.241958618164063 0.00511169433593748 0.157745361328125
-0.178436279296875 0.2882080078125 -0.142410278320313 0.273880004882813
0.0189285278320312 0.108970642089844 -0.48919677734375 0.4222412109375
0.0346221923828125 0.0899658203125 -0.249298095703125 0.343841552734375
0.0243740081787109 0.0331535339355469 -0.101951599121094 0.12750244140625
0.0124244689941406 0.0258865356445313 -0.119094848632813 0.032958984375
0.011505126953125 0.0513458251953125 -0.191864013671875 -0.0577392578125
0.0578346252441406 0.0507583618164062 -0.3426513671875 -0.030059814453125
0.0613327026367188 0.0366058349609375 -0.412200927734375 0.116790771484375
0.0682182312011719 0.0396957397460938 -0.380859375 0.133056640625
0.094085693359375 0.0503005981445313 -0.37725830078125 0.10577392578125
0.0552749633789063 0.07489013671875 -0.337127685546875 -0.014923095703125
0.0143890380859375 0.0935745239257813 -0.206497192382813 -0.057586669921875
-0.029815673828125 0.0680122375488281 -0.119331359863281 -0.0384902954101562
-0.0485496520996094 0.036651611328125 -0.044097900390625 0.0155296325683594
-0.0150794982910156 0.0395889282226563 -0.029571533203125 0.21575927734375
-0.0249557495117187 0.0993194580078125 -0.20697021484375 0.3436279296875
-0.183425903320313 0.095428466796875 0.198272705078125 -0.40093994140625
-0.114494323730469 0.134246826171875 0.051666259765625 -0.284820556640625
-0.00210571289062498 0.187820434570313 0.0121002197265625 -0.0248947143554687
0.0905227661132813 0.113868713378906 0.0647315979003906 0.0572891235351563
0.120613098144531 0.02484130859375 0.160751342773438 0.1336669921875
0.0761032104492188 -0.0382766723632813 0.3236083984375 0.07470703125
0.0821685791015625 -0.0567703247070313 0.398956298828125 -0.096649169921875
0.101387023925781 -0.0383682250976563 0.3780517578125 -0.126251220703125
0.0853500366210938 -0.0517959594726562 0.388397216796875 -0.121063232421875
0.103713989257812 -0.00508880615234375 0.340850830078125 -0.009857177734375
0.11322021484375 0.0482330322265625 0.183074951171875 0.0210418701171875
0.0949554443359375 0.129783630371094 0.111000061035156 -0.0758209228515625
-0.039031982421875 0.171798706054688 0.125717163085938 -0.198974609375
-0.0987167358398438 0.133110046386719 0.219757080078125 -0.37103271484375
-0.145370483398438 0.0740509033203125 0.527252197265625 -0.45526123046875
-0.329833984375 0.26690673828125 0.16485595703125 -0.357208251953125
-0.238311767578125 0.281341552734375 0.0592193603515625 -0.265609741210938
-0.070556640625 0.390167236328125 0.0109672546386719 -0.033853530883789
0.10968017578125 0.290130615234375 0.0329360961914063 0.0498046875
0.211074829101562 0.17724609375 0.111740112304688 0.151443481445312
0.221633911132813 0.0294952392578125 0.270980834960938 0.0930328369140625
0.238876342773437 -0.057037353515625 0.340240478515625 -0.062835693359375
0.2645263671875 -0.03887939453125 0.30706787109375 -0.095245361328125
0.25018310546875 -0.07537841796875 0.3153076171875 -0.109222412109375
0.246856689453125 0.01702880859375 0.267852783203125 -0.023712158203125
0.248703002929688 0.123245239257813 0.1251220703125 0.0116500854492188
0.200897216796875 0.251296997070313 0.06292724609375 -0.0957183837890625
-0.028106689453125 0.37530517578125 0.07867431640625 -0.222915649414062
-0.148284912109375 0.333221435546875 0.179779052734375 -0.380828857421875
-0.277496337890625 0.28118896484375 0.454925537109375 -0.436309814453125
-0.439300537109375 0.402008056640625 0.0717010498046875 -0.263626098632813
-0.3421630859375 0.402008056640625 0.034423828125 -0.204193115234375
-0.14263916015625 0.558929443359375 0.00736999511718749 -0.033853530883789
0.108856201171875 0.4468994140625 0.00277519226074219 0.0301361083984375
0.272552490234375 0.3238525390625 0.04852294921875 0.135940551757813
0.34014892578125 0.10882568359375 0.1756591796875 0.08575439453125
0.36383056640625 -0.040802001953125 0.225921630859375 -0.028106689453125
0.390472412109375 -0.03369140625 0.18896484375 -0.0500335693359375
0.377166748046875 -0.096649169921875 0.198486328125 -0.07403564453125
0.361846923828125 0.019775390625 0.155044555664063 -0.0226898193359375
0.36859130859375 0.16448974609375 0.0498466491699219 0.0118598937988281
0.309600830078125 0.3272705078125 0.00569915771484377 -0.096282958984375
0.015350341796875 0.531402587890625 0.0247650146484375 -0.211349487304687
-0.157562255859375 0.49700927734375 0.131378173828125 -0.328826904296875
-0.358612060546875 0.457611083984375 0.344268798828125 -0.349365234375
-0.483184814453125 0.483489990234375 -0.0667572021484376 -0.128028869628906
-0.38818359375 0.48150634765625 -0.024078369140625 -0.103897094726562
-0.17315673828125 0.6573486328125 -0.0066051483154297 -0.0208091735839843
0.107513427734375 0.54119873046875 -0.0312271118164062 0.0043735504150391
0.30206298828125 0.42132568359375 -0.0262222290039062 0.0907669067382813
0.4107666015625 0.169342041015625 0.0442276000976563 0.0545539855957031
0.43280029296875 -0.018280029296875 0.0693321228027344 0.0073699951171875
0.456390380859375 -0.022613525390625 0.0424308776855469 0.00429916381835937
0.44635009765625 -0.10430908203125 0.054718017578125 -0.0196647644042969
0.42120361328125 0.020263671875 0.0203895568847656 -0.00242996215820312
0.4364013671875 0.180389404296875 -0.0346565246582031 0.0245285034179688
0.375335693359375 0.3565673828125 -0.0519790649414062 -0.07611083984375
0.0566406250000001 0.6097412109375 -0.020751953125 -0.16748046875
-0.14239501953125 0.58380126953125 0.0902862548828125 -0.220352172851562
-0.385467529296875 0.560577392578125 0.212615966796875 -0.200790405273437
-0.44061279296875 0.496429443359375 -0.2237548828125 0.0320281982421875
-0.35308837890625 0.493865966796875 -0.1041259765625 0.0220489501953125
-0.15191650390625 0.6441650390625 -0.0339260101318359 0.00506973266601567
0.110198974609375 0.532684326171875 -0.0720596313476563 -0.0173187255859375
0.29095458984375 0.428375244140625 -0.105705261230469 0.0314178466796875
0.41424560546875 0.190216064453125 -0.104248046875 0.014617919921875
0.431640625 0.00140380859375 -0.10382080078125 0.04290771484375
0.450927734375 -0.00714111328125 -0.109550476074219 0.0590744018554687
0.447723388671875 -0.08624267578125 -0.093048095703125 0.0432815551757813
0.410980224609375 0.032318115234375 -0.115692138671875 0.02655029296875
0.422119140625 0.1854248046875 -0.115074157714844 0.0384902954101563
0.355682373046875 0.341644287109375 -0.098907470703125 -0.0463485717773437
0.0560302734375 0.5850830078125 -0.0466079711914063 -0.106185913085937
-0.12548828125 0.560516357421875 0.0629959106445312 -0.07952880859375
-0.36016845703125 0.5633544921875 0.0819931030273437 -0.0195236206054687
-0.3232421875 0.43255615234375 -0.36181640625 0.195587158203125
-0.24334716796875 0.42333984375 -0.17919921875 0.151763916015625
-0.087677001953125 0.5064697265625 -0.0683479309082031 0.0399284362792969
0.099212646484375 0.4110107421875 -0.109550476074219 -0.020904541015625
0.23193359375 0.344818115234375 -0.169891357421875 -0.019989013671875
0.34454345703125 0.16455078125 -0.236129760742188 -0.0162811279296875
0.358367919921875 0.014495849609375 -0.2593994140625 0.078094482421875
0.37457275390625 0.009979248046875 -0.243453979492187 0.105987548828125
0.381683349609375 -0.045013427734375 -0.224151611328125 0.095855712890625
0.33441162109375 0.05902099609375 -0.230865478515625 0.043243408203125
0.32379150390625 0.18450927734375 -0.177719116210937 0.0332183837890625
0.250946044921875 0.292327880859375 -0.127670288085937 -0.0244140625
0.01202392578125 0.460357666015625 -0.055389404296875 -0.0485763549804687
-0.11431884765625 0.4398193359375 0.0399742126464844 0.05780029296875
-0.290771484375 0.468719482421875 -0.037750244140625 0.154861450195313
-0.158050537109375 0.29876708984375 -0.4537353515625 0.338897705078125
-0.09979248046875 0.278793334960938 -0.229782104492187 0.267288208007813
-0.020660400390625 0.28271484375 -0.0954742431640625 0.083892822265625
0.0665283203125 0.222335815429687 -0.127540588378906 -0.000198364257812461
0.134231567382813 0.20416259765625 -0.2005615234375 -0.04925537109375
0.218231201171875 0.110321044921875 -0.322845458984375 -0.0292358398437499
0.228790283203125 0.0245361328125 -0.36834716796875 0.109619140625
0.242568969726563 0.0263519287109375 -0.33868408203125 0.13751220703125
0.259307861328125 0.0061492919921875 -0.32403564453125 0.1224365234375
0.2081298828125 0.0812835693359375 -0.310333251953125 0.0318603515624999
0.173919677734375 0.160369873046875 -0.21124267578125 -0.000762939453124983
0.10357666015625 0.203109741210938 -0.133811950683594 -0.0217361450195312
-0.0388641357421875 0.266250610351563 -0.0524826049804688 -0.00635528564453122
-0.0854644775390625 0.251251220703125 0.011016845703125 0.162338256835938
-0.177581787109375 0.302703857421875 -0.136383056640625 0.28778076171875
0.0173568725585937 0.110969543457031 -0.48583984375 0.442413330078125
0.0347213745117187 0.0907440185546875 -0.244232177734375 0.357421875
0.0216293334960938 0.0354385375976562 -0.100166320800781 0.131805419921875
0.01214599609375 0.0278339385986328 -0.117561340332031 0.0347366333007812
0.01513671875 0.0547103881835938 -0.196334838867187 -0.056610107421875
0.0631370544433594 0.0509223937988281 -0.3533935546875 -0.02288818359375
0.0656013488769531 0.03656005859375 -0.416778564453125 0.132110595703125
0.073455810546875 0.0391387939453125 -0.384185791015625 0.147857666015625
0.100479125976563 0.0469970703125 -0.379974365234375 0.119384765625
0.0604324340820313 0.0756454467773438 -0.344696044921875 -0.00473022460937505
0.01824951171875 0.0960540771484375 -0.211273193359375 -0.0543975830078125
-0.026947021484375 0.0716400146484375 -0.120506286621094 -0.0349044799804688
-0.0473213195800781 0.0420722961425781 -0.0434494018554687 0.0196075439453125
-0.0167770385742188 0.043853759765625 -0.023773193359375 0.222091674804688
-0.02734375 0.105270385742188 -0.20208740234375 0.359375
-0.183670043945313 0.104827880859375 0.19305419921875 -0.428619384765625
-0.112472534179688 0.14154052734375 0.044677734375 -0.302154541015625
0.00543212890625 0.192306518554687 0.0142917633056641 -0.0305042266845703
0.0962142944335938 0.113182067871094 0.0674362182617188 0.0555191040039063
0.122154235839844 0.0199203491210938 0.170974731445313 0.135513305664063
0.0741195678710938 -0.0399856567382813 0.342041015625 0.067047119140625
0.0824203491210938 -0.0601348876953125 0.4110107421875 -0.11822509765625
0.102767944335938 -0.0445327758789063 0.389007568359375 -0.146820068359375
0.0847625732421875 -0.0551071166992188 0.401031494140625 -0.143157958984375
0.106361389160156 -0.009521484375 0.35858154296875 -0.0242919921875
0.119590759277344 0.0450515747070313 0.193603515625 0.019134521484375
0.104751586914063 0.130867004394531 0.111091613769531 -0.082489013671875
-0.033905029296875 0.180816650390625 0.121414184570313 -0.209671020507812
-0.0966949462890625 0.140899658203125 0.2138671875 -0.392669677734375
-0.145294189453125 0.0839385986328125 0.5299072265625 -0.489898681640625
-0.3311767578125 0.289947509765625 0.1600341796875 -0.381591796875
-0.238037109375 0.30133056640625 0.052947998046875 -0.28131103515625
-0.0574951171875 0.40582275390625 0.0134773254394531 -0.0415802001953125
0.122711181640625 0.29571533203125 0.0360107421875 0.0479736328125
0.222946166992187 0.174423217773438 0.121658325195313 0.154876708984375
0.227828979492188 0.025421142578125 0.286895751953125 0.08880615234375
0.245391845703125 -0.0655059814453125 0.351898193359375 -0.080780029296875
0.274154663085938 -0.05242919921875 0.317108154296875 -0.11260986328125
0.2554931640625 -0.0859375 0.326385498046875 -0.12664794921875
0.257003784179688 0.009796142578125 0.28167724609375 -0.035491943359375
0.263381958007813 0.119232177734375 0.134529113769531 0.0107803344726563
0.22039794921875 0.253036499023438 0.0619354248046875 -0.102127075195312
-0.014312744140625 0.3946533203125 0.07391357421875 -0.233230590820313
-0.142303466796875 0.351531982421875 0.17315673828125 -0.400726318359375
-0.276031494140625 0.306640625 0.458038330078125 -0.468048095703125
-0.44293212890625 0.435394287109375 0.0671539306640624 -0.280075073242187
-0.344268798828125 0.430755615234375 0.029571533203125 -0.216018676757812
-0.1251220703125 0.583740234375 0.0114326477050781 -0.0418663024902343
0.1278076171875 0.459564208984375 0.00573158264160157 0.0281543731689453
0.293487548828125 0.325408935546875 0.0570144653320313 0.139564514160156
0.354095458984375 0.1033935546875 0.186752319335938 0.0838775634765625
0.376617431640625 -0.0540771484375 0.234207153320313 -0.0395660400390625
0.40655517578125 -0.050750732421875 0.196807861328125 -0.060302734375
0.388580322265625 -0.114715576171875 0.206588745117188 -0.08636474609375
0.3765869140625 0.00811767578125 0.163925170898438 -0.0300140380859375
0.390380859375 0.15814208984375 0.0569381713867188 0.0126304626464844
0.335662841796875 0.3292236328125 0.00364685058593753 -0.100997924804688
0.038330078125 0.5582275390625 0.02069091796875 -0.218551635742188
-0.1468505859375 0.522308349609375 0.12615966796875 -0.34466552734375
-0.356658935546875 0.494964599609375 0.346405029296875 -0.372161865234375
-0.485443115234375 0.522216796875 -0.0710372924804688 -0.133193969726562
-0.38812255859375 0.5159912109375 -0.027313232421875 -0.107658386230469
-0.1541748046875 0.6898193359375 -0.0015697479248047 -0.027200698852539
0.13067626953125 0.55877685546875 -0.0286865234375 0.00232505798339847
0.329803466796875 0.425994873046875 -0.0217514038085937 0.0944442749023438
0.4320068359375 0.163604736328125 0.0478515625 0.0560111999511719
0.449615478515625 -0.033935546875 0.072784423828125 0.0043182373046875
0.4771728515625 -0.043487548828125 0.046539306640625 0.0020751953125
0.460845947265625 -0.124786376953125 0.0597419738769532 -0.0234718322753906
0.438629150390625 0.007354736328125 0.0237064361572266 -0.00305747985839844
0.4610595703125 0.17144775390625 -0.0307559967041015 0.0277900695800781
0.404296875 0.35662841796875 -0.0546112060546875 -0.0781021118164062
0.0841064453125 0.6376953125 -0.02386474609375 -0.170883178710937
-0.12786865234375 0.612060546875 0.087982177734375 -0.229904174804688
-0.38037109375 0.60137939453125 0.216522216796875 -0.211410522460938
-0.44195556640625 0.53466796875 -0.228713989257813 0.0399322509765626
-0.3521728515625 0.530303955078125 -0.104766845703125 0.0272598266601563
-0.13232421875 0.67889404296875 -0.0303783416748047 0.00112533569335942
0.1328125 0.54913330078125 -0.070770263671875 -0.0179214477539062
0.321044921875 0.43359375 -0.105491638183594 0.034881591796875
0.4371337890625 0.184661865234375 -0.1090087890625 0.0200347900390625
0.451019287109375 -0.01226806640625 -0.105934143066406 0.048675537109375
0.473114013671875 -0.028045654296875 -0.109169006347656 0.0656356811523438
0.4637451171875 -0.107391357421875 -0.0910263061523437 0.0483551025390625
0.429229736328125 0.02032470703125 -0.117340087890625 0.033416748046875
0.44622802734375 0.178253173828125 -0.114410400390625 0.0442581176757813
0.38336181640625 0.342987060546875 -0.101524353027344 -0.0452194213867187
0.08282470703125 0.61163330078125 -0.047882080078125 -0.105911254882812
-0.1131591796875 0.59112548828125 0.0659255981445313 -0.0831146240234375
-0.3558349609375 0.60693359375 0.0873641967773437 -0.0180511474609375
-0.3258056640625 0.463592529296875 -0.365966796875 0.216400146484375
-0.24114990234375 0.453521728515625 -0.1788330078125 0.166122436523438
-0.072723388671875 0.534820556640625 -0.0659828186035156 0.0407752990722656
0.1175537109375 0.424713134765625 -0.11004638671875 -0.0195846557617187
0.25750732421875 0.3515625 -0.174087524414063 -0.0169067382812499
0.365081787109375 0.160247802734375 -0.248428344726562 -0.00793457031249994
0.375732421875 0.0035400390625 -0.265762329101563 0.0916748046875
0.395233154296875 -0.00592041015625 -0.24664306640625 0.1197509765625
0.397247314453125 -0.062713623046875 -0.226043701171875 0.10833740234375
0.350738525390625 0.051116943359375 -0.23748779296875 0.0553588867187501
0.34332275390625 0.180877685546875 -0.180694580078125 0.0396881103515625
0.27191162109375 0.29632568359375 -0.130279541015625 -0.0217514038085937
0.03204345703125 0.483306884765625 -0.0551643371582031 -0.0452880859375
-0.106536865234375 0.4627685546875 0.0459976196289062 0.0602760314941407
-0.28680419921875 0.504913330078125 -0.03076171875 0.167266845703125
-0.158905029296875 0.317840576171875 -0.4554443359375 0.369110107421875
-0.0980224609375 0.29638671875 -0.227813720703125 0.2880859375
-0.01336669921875 0.2989501953125 -0.0946578979492187 0.089202880859375
0.0761566162109375 0.23101806640625 -0.129005432128906 0.00279235839843751
0.15057373046875 0.20916748046875 -0.208099365234375 -0.047271728515625
0.233810424804688 0.108673095703125 -0.34051513671875 -0.017791748046875
0.241317749023438 0.018402099609375 -0.37823486328125 0.12969970703125
0.256942749023437 0.0173492431640625 -0.34564208984375 0.156524658203125
0.27294921875 -0.0057525634765625 -0.329345703125 0.141143798828125
0.221343994140625 0.07843017578125 -0.321441650390625 0.04669189453125
0.187362670898438 0.162368774414063 -0.218048095703125 0.00492858886718754
0.115966796875 0.208328247070313 -0.137336730957031 -0.0187759399414063
-0.029510498046875 0.282073974609375 -0.0513992309570312 -0.00171279907226562
-0.0829315185546875 0.266921997070313 0.0191192626953125 0.169708251953125
-0.1767578125 0.326446533203125 -0.1297607421875 0.30853271484375
0.0178146362304687 0.115592956542969 -0.48529052734375 0.476715087890625
0.0360641479492188 0.0936965942382813 -0.240203857421875 0.38214111328125
0.0208320617675781 0.0388412475585938 -0.099090576171875 0.140556335449219
0.0124778747558594 0.0294418334960938 -0.118453979492187 0.038726806640625
0.0199737548828125 0.0583229064941406 -0.20574951171875 -0.0556488037109375
0.0702285766601563 0.0510940551757813 -0.373046875 -0.0116271972656251
0.0717544555664062 0.0358352661132812 -0.427978515625 0.15728759765625
0.08123779296875 0.0373687744140625 -0.3919677734375 0.168731689453125
0.109420776367188 0.0431747436523438 -0.388336181640625 0.13909912109375
0.0680389404296875 0.0773696899414063 -0.35888671875 0.00973510742187506
0.0243911743164062 0.0996932983398438 -0.220932006835938 -0.051177978515625
-0.024566650390625 0.0769882202148438 -0.124160766601562 -0.0312347412109375
-0.04632568359375 0.0489006042480469 -0.0427894592285156 0.0236663818359375
-0.0176429748535156 0.05010986328125 -0.0147705078125 0.232864379882812
-0.0282058715820312 0.113410949707031 -0.197265625 0.386444091796875
-0.182052612304687 0.118942260742188 0.17633056640625 -0.463714599609375
-0.107040405273437 0.151885986328125 0.026885986328125 -0.3212890625
0.01873779296875 0.196853637695313 0.0141220092773438 -0.0376243591308594
0.104942321777344 0.110359191894531 0.0716629028320313 0.05181884765625
0.12445068359375 0.012908935546875 0.186294555664063 0.13336181640625
0.0721282958984375 -0.04400634765625 0.363922119140625 0.04962158203125
0.0818710327148438 -0.0669937133789062 0.42059326171875 -0.150787353515625
0.103164672851562 -0.0526962280273437 0.395751953125 -0.180023193359375
0.0832443237304688 -0.0608673095703125 0.410125732421875 -0.17633056640625
0.109260559082031 -0.0172958374023438 0.377197265625 -0.0501708984375
0.127861022949219 0.0384063720703125 0.207000732421875 0.01171875
0.118949890136719 0.128288269042969 0.109153747558594 -0.0921401977539063
-0.02294921875 0.192230224609375 0.111480712890625 -0.226959228515625
-0.0908966064453125 0.151992797851563 0.1981201171875 -0.421875
-0.142669677734375 0.09759521484375 0.52105712890625 -0.54345703125
-0.324951171875 0.322509765625 0.14471435546875 -0.412841796875
-0.2288818359375 0.3272705078125 0.03802490234375 -0.29925537109375
-0.033416748046875 0.42425537109375 0.0141143798828125 -0.0504798889160156
0.144500732421875 0.297821044921875 0.0397186279296875 0.04486083984375
0.239761352539062 0.1669921875 0.136932373046875 0.155517578125
0.235702514648437 0.0164337158203125 0.307952880859375 0.075469970703125
0.251556396484375 -0.0821685791015625 0.36102294921875 -0.10833740234375
0.282958984375 -0.0726318359375 0.323822021484375 -0.13916015625
0.260116577148438 -0.10455322265625 0.334991455078125 -0.155670166015625
0.2677001953125 -0.0055084228515625 0.29583740234375 -0.05657958984375
0.28240966796875 0.108001708984375 0.145538330078125 0.00550842285156251
0.247039794921875 0.250457763671875 0.0574264526367188 -0.11102294921875
0.011810302734375 0.415252685546875 0.0636138916015625 -0.246810913085937
-0.127044677734375 0.37451171875 0.15667724609375 -0.427459716796875
-0.266387939453125 0.3404541015625 0.449066162109375 -0.515228271484375
-0.434906005859375 0.480224609375 0.054412841796875 -0.300628662109375
-0.332183837890625 0.469573974609375 0.0180816650390625 -0.229019165039062
-0.0916748046875 0.6148681640625 0.0123405456542969 -0.0515365600585937
0.15948486328125 0.469390869140625 0.00915527343750001 0.0248737335205078
0.32470703125 0.3193359375 0.0695037841796875 0.142303466796875
0.372650146484375 0.089019775390625 0.201950073242188 0.076507568359375
0.388763427734375 -0.07763671875 0.2412109375 -0.057373046875
0.42156982421875 -0.08160400390625 0.202682495117188 -0.077239990234375
0.3978271484375 -0.143310546875 0.2130126953125 -0.105300903320313
0.39312744140625 -0.012969970703125 0.172775268554688 -0.042724609375
0.417022705078125 0.140472412109375 0.0652389526367188 0.0115776062011719
0.372222900390625 0.3231201171875 -0.00231170654296871 -0.106674194335937
0.0789794921875 0.58428955078125 0.010955810546875 -0.22784423828125
-0.122589111328125 0.553009033203125 0.11114501953125 -0.36590576171875
-0.3388671875 0.544097900390625 0.340118408203125 -0.406524658203125
-0.47454833984375 0.57647705078125 -0.0796356201171876 -0.138267517089844
-0.3741455078125 0.5650634765625 -0.0341415405273438 -0.111618041992187
-0.1160888671875 0.73004150390625 0.000318527221679678 -0.0346794128417968
0.17193603515625 0.5731201171875 -0.0269718170166016 0.000280380249023475
0.3720703125 0.42218017578125 -0.0137786865234375 0.0989990234375
0.459014892578125 0.147186279296875 0.0543403625488282 0.0564918518066406
0.46844482421875 -0.060211181640625 0.0757064819335938 -0.000381469726562504
0.49713134765625 -0.0787353515625 0.0507011413574219 -0.00204849243164063
0.473480224609375 -0.160125732421875 0.0642471313476563 -0.0302581787109375
0.458709716796875 -0.016998291015625 0.0279998779296875 -0.00481605529785156
0.491424560546875 0.1517333984375 -0.025421142578125 0.0313282012939453
0.44451904296875 0.348175048828125 -0.060546875 -0.0796737670898437
0.13232421875 0.66448974609375 -0.030242919921875 -0.175079345703125
-0.0987548828125 0.64617919921875 0.08050537109375 -0.2442626953125
-0.359619140625 0.658447265625 0.215423583984375 -0.22930908203125
-0.4307861328125 0.5875244140625 -0.232284545898438 0.0536499023437501
-0.33758544921875 0.57720947265625 -0.105514526367188 0.0348968505859375
-0.09429931640625 0.71856689453125 -0.0275077819824219 -0.00177383422851558
0.17236328125 0.56463623046875 -0.0706634521484375 -0.01837158203125
0.363525390625 0.434326171875 -0.105377197265625 0.0405960083007813
0.467620849609375 0.16839599609375 -0.112831115722656 0.0288619995117187
0.47186279296875 -0.03955078125 -0.106773376464844 0.0581207275390625
0.4940185546875 -0.06219482421875 -0.107368469238281 0.0748748779296875
0.478271484375 -0.14239501953125 -0.0883636474609375 0.0549468994140625
0.45001220703125 -0.002960205078125 -0.117424011230469 0.0429000854492188
0.4766845703125 0.158477783203125 -0.112777709960937 0.0522918701171875
0.4215087890625 0.334930419921875 -0.106658935546875 -0.0429534912109375
0.12890625 0.63677978515625 -0.0511016845703125 -0.105720520019531
-0.0843505859374999 0.6229248046875 0.066253662109375 -0.0886383056640625
-0.33428955078125 0.6624755859375 0.0935897827148437 -0.0196685791015625
-0.31414794921875 0.507171630859375 -0.3642578125 0.2464599609375
-0.22845458984375 0.490997314453125 -0.174057006835938 0.186126708984375
-0.044677734375 0.56646728515625 -0.0637092590332031 0.0436019897460938
0.1480712890625 0.438079833984375 -0.111595153808594 -0.0168609619140625
0.293853759765625 0.351470947265625 -0.1806640625 -0.0103607177734375
0.39263916015625 0.14837646484375 -0.26177978515625 0.00775146484375004
0.395233154296875 -0.0179443359375 -0.2708740234375 0.1142578125
0.4149169921875 -0.03497314453125 -0.246902465820312 0.140792846679687
0.41241455078125 -0.09320068359375 -0.224868774414062 0.126754760742188
0.3714599609375 0.033599853515625 -0.241531372070312 0.073760986328125
0.370819091796875 0.1683349609375 -0.182968139648437 0.051666259765625
0.302459716796875 0.29254150390625 -0.134880065917969 -0.0163040161132812
0.06573486328125 0.505462646484375 -0.0550651550292969 -0.0419921875
-0.0843505859375 0.491607666015625 0.0548057556152344 0.0616569519042969
-0.26995849609375 0.5506591796875 -0.01806640625 0.181228637695313
-0.151123046875 0.34405517578125 -0.44952392578125 0.412139892578125
-0.08758544921875 0.317779541015625 -0.217620849609375 0.317596435546875
0.00213623046875003 0.317901611328125 -0.09197998046875 0.0973358154296875
0.0931243896484375 0.238037109375 -0.130683898925781 0.00772094726562501
0.172271728515625 0.210311889648438 -0.219253540039062 -0.0399169921874999
0.253143310546875 0.100173950195313 -0.359283447265625 0.00253295898437497
0.256057739257813 0.00494384765625 -0.3858642578125 0.161590576171875
0.272811889648438 -0.000396728515625 -0.348602294921875 0.185150146484375
0.286407470703125 -0.025390625 -0.33154296875 0.16790771484375
0.23895263671875 0.0701141357421875 -0.3309326171875 0.07122802734375
0.206573486328125 0.157989501953125 -0.225509643554688 0.0166473388671875
0.13446044921875 0.210617065429688 -0.141372680664063 -0.0111083984375
-0.010498046875 0.29937744140625 -0.0499916076660156 0.0027580261230469
-0.072479248046875 0.285858154296875 0.032928466796875 0.177383422851563
-0.16656494140625 0.356109619140625 -0.113861083984375 0.334075927734375
0.0216522216796875 0.120841979980469 -0.474853515625 0.525634765625
0.0404434204101562 0.0968856811523438 -0.224212646484375 0.416107177734375
0.0215606689453125 0.0433311462402344 -0.094451904296875 0.153488159179688
0.0133991241455078 0.0316638946533203 -0.1182861328125 0.0453567504882813
0.0262985229492188 0.06097412109375 -0.218704223632812 -0.0494842529296875
0.07843017578125 0.049102783203125 -0.3941650390625 0.0106506347656251
0.0799713134765625 0.0331573486328125 -0.435516357421875 0.19207763671875
0.0904541015625 0.0332412719726562 -0.397003173828125 0.2020263671875
0.119331359863281 0.03515625 -0.393890380859375 0.170684814453125
0.0781021118164063 0.0767135620117187 -0.37432861328125 0.03460693359375
0.0333404541015625 0.103591918945313 -0.23431396484375 -0.041748046875
-0.0197067260742187 0.0826950073242188 -0.128807067871094 -0.0241546630859375
-0.0438652038574219 0.0567817687988281 -0.04132080078125 0.02923583984375
-0.0169105529785156 0.0560722351074219 -6.10351562500176E-05 0.245391845703125
-0.0253829956054688 0.123619079589844 -0.18109130859375 0.4180908203125
-0.173782348632813 0.135726928710938 0.143157958984375 -0.49444580078125
-0.09619140625 0.161590576171875 0.000152587890625014 -0.335113525390625
0.0358123779296875 0.196380615234375 0.0107994079589844 -0.0443115234375
0.114593505859375 0.102561950683594 0.0749969482421875 0.0465927124023438
0.124343872070313 0.00296783447265625 0.202468872070313 0.123931884765625
0.0681915283203125 -0.0485305786132813 0.380218505859375 0.021240234375
0.07757568359375 -0.07403564453125 0.4173583984375 -0.190643310546875
0.100654602050781 -0.062835693359375 0.390106201171875 -0.2196044921875
0.0799331665039063 -0.0677261352539063 0.4056396484375 -0.218353271484375
0.109428405761719 -0.0261917114257812 0.384979248046875 -0.08526611328125
0.134353637695313 0.0285797119140625 0.21728515625 -0.0026092529296875
0.1337890625 0.120811462402344 0.102882385253906 -0.102729797363281
-0.00587463378906251 0.19952392578125 0.0942535400390625 -0.240219116210938
-0.079742431640625 0.161865234375 0.167755126953125 -0.4483642578125
-0.134468078613281 0.11199951171875 0.486328125 -0.59765625
-0.30523681640625 0.356658935546875 0.11492919921875 -0.438690185546875
-0.207733154296875 0.351959228515625 0.0137939453125 -0.312408447265625
0.000885009765625046 0.435272216796875 0.0110893249511719 -0.0585479736328125
0.17022705078125 0.2911376953125 0.0430030822753906 0.0400390625
0.256072998046875 0.15069580078125 0.154327392578125 0.149505615234375
0.240234375 0.0009765625 0.324493408203125 0.052581787109375
0.251052856445313 -0.102828979492188 0.36029052734375 -0.142547607421875
0.283355712890625 -0.0994873046875 0.320159912109375 -0.17205810546875
0.25811767578125 -0.127288818359375 0.330963134765625 -0.190765380859375
0.273834228515625 -0.0264129638671875 0.3018798828125 -0.085052490234375
0.298828125 0.087249755859375 0.154922485351563 -0.00430297851562499
0.276153564453125 0.235794067382813 0.0487823486328125 -0.118156433105469
0.050201416015625 0.426910400390625 0.0464019775390625 -0.257980346679688
-0.101318359375 0.394256591796875 0.1263427734375 -0.45001220703125
-0.241485595703125 0.373748779296875 0.417266845703125 -0.562225341796875
-0.40509033203125 0.531097412109375 0.033050537109375 -0.3160400390625
-0.302520751953125 0.508636474609375 0.000656127929687487 -0.238189697265625
-0.04217529296875 0.63653564453125 0.00996017456054687 -0.0604057312011718
0.200225830078125 0.465301513671875 0.011810302734375 0.0210971832275391
0.35662841796875 0.299530029296875 0.0849380493164063 0.139572143554688
0.387969970703125 0.06536865234375 0.215484619140625 0.062255859375
0.3935546875 -0.10968017578125 0.241592407226563 -0.0797882080078125
0.425872802734375 -0.12255859375 0.201736450195313 -0.0977783203125
0.394989013671875 -0.180389404296875 0.211090087890625 -0.129592895507813
0.401947021484375 -0.044525146484375 0.177322387695313 -0.0594635009765625
0.439666748046875 0.110565185546875 0.0728759765625 0.00701141357421876
0.410186767578125 0.30218505859375 -0.0113906860351562 -0.110862731933594
0.133544921875 0.59393310546875 -0.004119873046875 -0.23492431640625
-0.0819091796875 0.578125 0.085052490234375 -0.3829345703125
-0.297607421875 0.58868408203125 0.315216064453125 -0.440582275390625
-0.43975830078125 0.63311767578125 -0.09075927734375 -0.138229370117188
-0.33978271484375 0.61181640625 -0.041748046875 -0.112602233886719
-0.05633544921875 0.75762939453125 -0.0006256103515625 -0.0417442321777343
0.22119140625 0.5709228515625 -0.0250625610351562 -0.00221443176269527
0.4151611328125 0.4010009765625 -0.00338745117187497 0.1005859375
0.482696533203125 0.117523193359375 0.0619010925292969 0.0537147521972656
0.476776123046875 -0.0985107421875 0.0774307250976563 -0.00667572021484376
0.50396728515625 -0.12652587890625 0.0534439086914063 -0.00788879394531251
0.47161865234375 -0.204833984375 0.0663871765136719 -0.0392990112304688
0.469207763671875 -0.053955078125 0.0318012237548828 -0.00754356384277344
0.51861572265625 0.11419677734375 -0.0184841156005859 0.0333213806152344
0.48565673828125 0.32122802734375 -0.0678024291992188 -0.079193115234375
0.19610595703125 0.673583984375 -0.039886474609375 -0.177337646484375
-0.0504150390625001 0.67169189453125 0.06494140625 -0.255599975585937
-0.31024169921875 0.7099609375 0.204605102539062 -0.250564575195312
-0.397216796875 0.6407470703125 -0.23004150390625 0.0718231201171876
-0.30072021484375 0.62255859375 -0.102577209472656 0.0456008911132813
-0.0370483398437501 0.74688720703125 -0.0256805419921875 -0.00369071960449215
0.2203369140625 0.565673828125 -0.0703582763671875 -0.0174942016601562
0.410064697265625 0.414306640625 -0.102401733398437 0.04705810546875
0.494964599609375 0.13787841796875 -0.113029479980469 0.039398193359375
0.48309326171875 -0.077789306640625 -0.103775024414062 0.0695724487304688
0.503570556640625 -0.10858154296875 -0.101097106933594 0.0848541259765625
0.478546142578125 -0.188751220703125 -0.0823822021484375 0.0608978271484375
0.4630126953125 -0.03814697265625 -0.113479614257812 0.0542144775390625
0.501678466796875 0.12408447265625 -0.107406616210937 0.061431884765625
0.45977783203125 0.309051513671875 -0.111846923828125 -0.037872314453125
0.18951416015625 0.6436767578125 -0.05511474609375 -0.104637145996094
-0.0393066406250001 0.6461181640625 0.063629150390625 -0.095611572265625
-0.28546142578125 0.71051025390625 0.097625732421875 -0.024505615234375
-0.285369873046875 0.550201416015625 -0.34979248046875 0.28076171875
-0.195831298828125 0.526275634765625 -0.159759521484375 0.206329345703125
0.000854492187499955 0.58935546875 -0.0586891174316406 0.04779052734375
0.185821533203125 0.437713623046875 -0.111732482910156 -0.0122756958007812
0.33203125 0.336517333984375 -0.184585571289062 6.10351562500008E-05
0.417388916015625 0.1219482421875 -0.26837158203125 0.0305328369140626
0.4073486328125 -0.049774169921875 -0.266510009765625 0.141159057617187
0.424957275390625 -0.07342529296875 -0.238006591796875 0.1644287109375
0.416107177734375 -0.132080078125 -0.216415405273438 0.14678955078125
0.3848876953125 0.005706787109375 -0.239059448242188 0.0970306396484375
0.39398193359375 0.142974853515625 -0.180984497070313 0.0659942626953125
0.334075927734375 0.275360107421875 -0.13739013671875 -0.00759124755859373
0.1129150390625 0.515960693359375 -0.0548858642578125 -0.0385589599609375
-0.05035400390625 0.512969970703125 0.0645370483398438 0.05859375
-0.2305908203125 0.5908203125 -0.000167846679687515 0.189773559570313
-0.130859375 0.3685302734375 -0.422882080078125 0.457122802734375
-0.066070556640625 0.336395263671875 -0.193695068359375 0.344940185546875
0.027801513671875 0.330718994140625 -0.0835418701171875 0.106765747070313
0.113662719726563 0.238525390625 -0.129676818847656 0.0155258178710938
0.19683837890625 0.20257568359375 -0.227752685546875 -0.0276336669921874
0.27056884765625 0.0838775634765625 -0.371246337890625 0.03216552734375
0.26629638671875 -0.0146942138671875 -0.38018798828125 0.19915771484375
0.282501220703125 -0.025390625 -0.338775634765625 0.21868896484375
0.29296875 -0.05267333984375 -0.322113037109375 0.198150634765625
0.252548217773438 0.05255126953125 -0.33172607421875 0.1016845703125
0.225631713867187 0.146072387695313 -0.228561401367188 0.0339202880859376
0.155914306640625 0.206008911132812 -0.143539428710938 -0.00115966796875
0.0164794921875 0.309967041015625 -0.0469894409179688 0.00754547119140628
-0.052703857421875 0.300994873046875 0.05126953125 0.179214477539063
-0.142791748046875 0.38397216796875 -0.086395263671875 0.355072021484375
0.0285415649414063 0.123924255371094 -0.4417724609375 0.57537841796875
0.0471267700195313 0.0976333618164063 -0.193511962890625 0.44586181640625
0.0243148803710938 0.0463333129882813 -0.0827178955078125 0.165237426757813
0.0157871246337891 0.0330715179443359 -0.115379333496094 0.0534133911132813
0.03448486328125 0.0612411499023438 -0.229660034179687 -0.0364990234375
0.087127685546875 0.0444259643554688 -0.40753173828125 0.0444030761718751
0.0878829956054688 0.0276565551757813 -0.428466796875 0.235321044921875
0.0977859497070313 0.025543212890625 -0.38739013671875 0.24072265625
0.126754760742187 0.0242156982421875 -0.38763427734375 0.207794189453125
0.0893173217773438 0.0719680786132813 -0.37957763671875 0.068389892578125
0.0445938110351563 0.1043701171875 -0.2437744140625 -0.024658203125
-0.0122222900390625 0.0873565673828125 -0.131179809570313 -0.01434326171875
-0.0388221740722656 0.0643081665039063 -0.0378036499023438 0.0341987609863281
-0.01373291015625 0.0619583129882812 0.022369384765625 0.252182006835938
-0.0177841186523438 0.132347106933594 -0.148712158203125 0.4466552734375
-0.159561157226563 0.148193359375 0.10308837890625 -0.508056640625
-0.0827789306640625 0.165206909179687 -0.0289306640625 -0.336090087890625
0.050506591796875 0.189239501953125 0.00533294677734376 -0.0490036010742187
0.120491027832031 0.091705322265625 0.0756759643554688 0.0402145385742188
0.121047973632812 -0.00685882568359375 0.2137451171875 0.110107421875
0.0619354248046875 -0.0506858825683594 0.384735107421875 -0.010009765625
0.071014404296875 -0.0790328979492188 0.40008544921875 -0.22479248046875
0.0945510864257813 -0.0713653564453125 0.369873046875 -0.252685546875
0.0745773315429688 -0.0721664428710938 0.386962890625 -0.25360107421875
0.1060791015625 -0.0346145629882813 0.38006591796875 -0.11859130859375
0.137138366699219 0.0170516967773438 0.221450805664063 -0.0186920166015625
0.14459228515625 0.10760498046875 0.0928955078125 -0.108718872070313
0.0110931396484375 0.2000732421875 0.0726165771484375 -0.246078491210938
-0.065948486328125 0.166412353515625 0.130401611328125 -0.45965576171875
-0.121566772460938 0.122711181640625 0.43634033203125 -0.63299560546875
-0.274139404296875 0.381378173828125 0.0802001953125 -0.450958251953125
-0.178741455078125 0.365386962890625 -0.011962890625 -0.314788818359375
0.03692626953125 0.430206298828125 0.00537109375 -0.0643844604492187
0.191024780273437 0.275177001953125 0.0439376831054688 0.0347061157226563
0.264755249023438 0.129730224609375 0.167129516601563 0.137847900390625
0.238311767578125 -0.0149993896484375 0.33160400390625 0.025726318359375
0.242706298828125 -0.12158203125 0.347076416015625 -0.17242431640625
0.27423095703125 -0.124237060546875 0.3048095703125 -0.199554443359375
0.2469482421875 -0.147781372070313 0.31463623046875 -0.221710205078125
0.271026611328125 -0.0478973388671875 0.2965087890625 -0.1119384765625
0.306640625 0.062591552734375 0.15966796875 -0.0157623291015625
0.2960205078125 0.21240234375 0.0375595092773438 -0.121932983398438
0.087860107421875 0.42333984375 0.0266876220703125 -0.260498046875
-0.070159912109375 0.401092529296875 0.08966064453125 -0.4578857421875
-0.207611083984375 0.39422607421875 0.37054443359375 -0.590576171875
-0.35870361328125 0.56402587890625 0.00811767578125001 -0.32159423828125
-0.262359619140625 0.53106689453125 -0.01806640625 -0.238922119140625
0.01007080078125 0.63641357421875 0.00574874877929687 -0.0664901733398437
0.234649658203125 0.446868896484375 0.0130548477172852 0.0169010162353516
0.378387451171875 0.26947021484375 0.097930908203125 0.132308959960938
0.3914794921875 0.0382080078125 0.222900390625 0.0442962646484375
0.38592529296875 -0.139404296875 0.234832763671875 -0.099273681640625
0.416046142578125 -0.158935546875 0.193527221679688 -0.116043090820313
0.380645751953125 -0.212615966796875 0.200775146484375 -0.150436401367187
0.39764404296875 -0.075592041015625 0.174545288085938 -0.075225830078125
0.4490966796875 0.075042724609375 0.0783920288085938 0.000946044921875004
0.4345703125 0.2672119140625 -0.02142333984375 -0.110595703125
0.18621826171875 0.58258056640625 -0.0196075439453125 -0.234664916992188
-0.03790283203125 0.58416748046875 0.056427001953125 -0.387725830078125
-0.24835205078125 0.6136474609375 0.281219482421875 -0.463287353515625
-0.3890380859375 0.670654296875 -0.0993118286132813 -0.133499145507813
-0.289794921875 0.638916015625 -0.0489349365234375 -0.109909057617187
0.00622558593750002 0.76104736328125 -0.00167465209960937 -0.0467147827148437
0.263336181640625 0.551910400390625 -0.0239028930664062 -0.00472831726074215
0.44561767578125 0.366455078125 0.00580596923828128 0.0988006591796875
0.4906005859375 0.082061767578125 0.0677490234375 0.0491523742675781
0.4715576171875 -0.1358642578125 0.0776290893554688 -0.0123062133789063
0.493133544921875 -0.16986083984375 0.0544471740722657 -0.0134468078613281
0.455169677734375 -0.244293212890625 0.0640792846679688 -0.0492668151855469
0.464447021484375 -0.089996337890625 0.0336875915527344 -0.0113582611083984
0.526885986328125 0.075042724609375 -0.0114402770996093 0.0337066650390625
0.51025390625 0.280426025390625 -0.074981689453125 -0.0754318237304687
0.2542724609375 0.6578369140625 -0.04937744140625 -0.175613403320312
0.00128173828125007 0.67449951171875 0.0470123291015625 -0.25946044921875
-0.24853515625 0.737548828125 0.1865234375 -0.26361083984375
-0.34613037109375 0.6768798828125 -0.220596313476563 0.0876007080078125
-0.2490234375 0.6490478515625 -0.0952987670898438 0.0535888671875
0.0255126953125 0.7510986328125 -0.0230159759521484 -0.00591659545898433
0.263702392578125 0.54736328125 -0.0694046020507813 -0.0170707702636718
0.443389892578125 0.38140869140625 -0.0968551635742187 0.0516204833984375
0.5057373046875 0.102752685546875 -0.1097412109375 0.048736572265625
0.479766845703125 -0.116058349609375 -0.09649658203125 0.0792007446289063
0.494140625 -0.153961181640625 -0.0919342041015625 0.0914459228515625
0.461761474609375 -0.229339599609375 -0.0748519897460937 0.0635528564453125
0.46063232421875 -0.074127197265625 -0.106163024902344 0.0630035400390625
0.5113525390625 0.08538818359375 -0.0987319946289062 0.0677490234375
0.483917236328125 0.272064208984375 -0.114425659179687 -0.03094482421875
0.2449951171875 0.62738037109375 -0.0578155517578125 -0.1014404296875
0.00970458984375001 0.65008544921875 0.0590744018554688 -0.101051330566406
-0.22540283203125 0.736572265625 0.0988540649414062 -0.0300445556640625
-0.243408203125 0.57611083984375 -0.323516845703125 0.305816650390625
-0.1552734375 0.543426513671875 -0.139068603515625 0.22021484375
0.0504150390625 0.59197998046875 -0.051666259765625 0.0497589111328125
0.21942138671875 0.42364501953125 -0.109420776367187 -0.0078582763671875
0.36041259765625 0.309967041015625 -0.18402099609375 0.01104736328125
0.429595947265625 0.090789794921875 -0.266815185546875 0.0522918701171875
0.407501220703125 -0.081756591796875 -0.2523193359375 0.163955688476563
0.420074462890625 -0.110870361328125 -0.221115112304688 0.182586669921875
0.404693603515625 -0.16802978515625 -0.201019287109375 0.160659790039062
0.38665771484375 -0.02490234375 -0.228164672851562 0.116867065429688
0.40545654296875 0.11260986328125 -0.173126220703125 0.0783233642578125
0.355194091796875 0.24896240234375 -0.136734008789062 0.00141143798828126
0.158966064453125 0.50726318359375 -0.0523757934570313 -0.0359306335449218
-0.01104736328125 0.51715087890625 0.0719223022460938 0.053131103515625
-0.1820068359375 0.61279296875 0.018707275390625 0.191696166992188
-0.103057861328125 0.38250732421875 -0.382537841796875 0.48724365234375
-0.04150390625 0.344268798828125 -0.161895751953125 0.36053466796875
0.05462646484375 0.33233642578125 -0.0719375610351563 0.112297058105469
0.131607055664063 0.231124877929687 -0.124786376953125 0.0217971801757813
0.215805053710938 0.187423706054688 -0.230606079101563 -0.0134124755859375
0.280181884765625 0.0629119873046875 -0.3707275390625 0.063568115234375
0.26873779296875 -0.036712646484375 -0.361114501953125 0.23187255859375
0.28173828125 -0.050445556640625 -0.317413330078125 0.244873046875
0.28900146484375 -0.0787353515625 -0.302459716796875 0.22198486328125
0.258895874023437 0.0329437255859375 -0.32000732421875 0.129486083984375
0.237762451171875 0.128814697265625 -0.224899291992188 0.05035400390625
0.171463012695312 0.194381713867187 -0.14111328125 0.00802612304687503
0.044281005859375 0.310211181640625 -0.0424156188964844 0.01019287109375
-0.03033447265625 0.306793212890625 0.0684814453125 0.174545288085938
-0.111968994140625 0.3990478515625 -0.054718017578125 0.363250732421875
0.0348892211914062 0.123954772949219 -0.39111328125 0.606689453125
0.0528182983398438 0.0954971313476563 -0.15338134765625 0.461883544921875
0.0274734497070313 0.0485000610351563 -0.0677337646484375 0.171554565429688
0.0178318023681641 0.0335197448730469 -0.108444213867188 0.0593490600585937
0.0417900085449219 0.0591506958007813 -0.234115600585938 -0.022613525390625
0.0932998657226563 0.037353515625 -0.4071044921875 0.0776977539062499
0.0925674438476563 0.0207977294921875 -0.406219482421875 0.27130126953125
0.101852416992188 0.0166397094726563 -0.364105224609375 0.27099609375
0.129661560058594 0.0110015869140625 -0.36669921875 0.237945556640625
0.09710693359375 0.064483642578125 -0.371612548828125 0.10089111328125
0.0538101196289063 0.101455688476563 -0.24627685546875 -0.00567626953125002
-0.00411224365234375 0.0892333984375 -0.129486083984375 -0.00480651855468752
-0.0316429138183594 0.0691146850585938 -0.031982421875 0.0365486145019531
-0.00978469848632813 0.0656661987304688 0.0447845458984375 0.249465942382812
-0.00959777832031248 0.13751220703125 -0.111358642578125 0.459716796875
-0.14556884765625 0.154052734375 0.0712890625 -0.509613037109375
-0.071441650390625 0.164230346679688 -0.05035400390625 -0.330352783203125
0.05950927734375 0.178909301757813 0.000625610351562507 -0.0508193969726562
0.12127685546875 0.0823287963867188 0.0740966796875 0.0354537963867188
0.114944458007813 -0.013763427734375 0.218246459960938 0.097503662109375
0.0562820434570313 -0.051300048828125 0.38165283203125 -0.0335693359375
0.0648193359375 -0.0817413330078125 0.37884521484375 -0.246368408203125
0.088104248046875 -0.076080322265625 0.346282958984375 -0.271026611328125
0.0692977905273438 -0.0745315551757813 0.36358642578125 -0.27508544921875
0.101783752441406 -0.0401840209960938 0.367889404296875 -0.142425537109375
0.135948181152344 0.00714874267578125 0.22161865234375 -0.0307769775390625
0.149368286132813 0.09564208984375 0.0835952758789063 -0.110542297363281
0.0247650146484375 0.196319580078125 0.0550537109375 -0.244430541992187
-0.053863525390625 0.166580200195313 0.100067138671875 -0.457916259765625
-0.109481811523438 0.126480102539062 0.38995361328125 -0.64520263671875
-0.245269775390625 0.39190673828125 0.051910400390625 -0.4503173828125
-0.154296875 0.3690185546875 -0.03167724609375 -0.3106689453125
0.062286376953125 0.417938232421875 0.000797271728515627 -0.067169189453125
0.20050048828125 0.257522583007813 0.0439414978027344 0.0302886962890625
0.264968872070313 0.111312866210938 0.174575805664063 0.12677001953125
0.23211669921875 -0.0245513916015625 0.3311767578125 0.004669189453125
0.232040405273438 -0.133743286132813 0.330291748046875 -0.1898193359375
0.2623291015625 -0.140243530273438 0.28680419921875 -0.215087890625
0.234725952148438 -0.160446166992187 0.294769287109375 -0.23980712890625
0.264572143554688 -0.062225341796875 0.2869873046875 -0.1302490234375
0.3065185546875 0.042999267578125 0.161041259765625 -0.02557373046875
0.30523681640625 0.191009521484375 0.0283737182617188 -0.121780395507813
0.1148681640625 0.411590576171875 0.0109100341796875 -0.258132934570313
-0.04595947265625 0.39892578125 0.06103515625 -0.45458984375
-0.177734375 0.400054931640625 0.3294677734375 -0.6007080078125
-0.3194580078125 0.57818603515625 -0.00970458984375005 -0.3192138671875
-0.224517822265625 0.538818359375 -0.0313568115234375 -0.234756469726563
0.04852294921875 0.623046875 0.001861572265625 -0.0702285766601562
0.253509521484375 0.422943115234375 0.0131492614746094 0.0124282836914063
0.385711669921875 0.2423095703125 0.10565185546875 0.12384033203125
0.386932373046875 0.0185546875 0.224594116210938 0.029754638671875
0.37286376953125 -0.160064697265625 0.225860595703125 -0.111434936523438
0.398193359375 -0.183929443359375 0.183486938476563 -0.126937866210938
0.360931396484375 -0.232330322265625 0.18719482421875 -0.164016723632813
0.3873291015625 -0.096710205078125 0.169677734375 -0.0868682861328125
0.44732666015625 0.046417236328125 0.0822219848632813 -0.00531005859375
0.4456787109375 0.2374267578125 -0.0293121337890625 -0.10821533203125
0.22235107421875 0.56341552734375 -0.0310211181640625 -0.231353759765625
-0.00433349609374996 0.57794189453125 0.033233642578125 -0.383941650390625
-0.20294189453125 0.6207275390625 0.250701904296875 -0.470184326171875
-0.341064453125 0.68609619140625 -0.103584289550781 -0.128288269042969
-0.246826171875 0.64678955078125 -0.0524368286132813 -0.106025695800781
0.0540771484375 0.748046875 -0.0033721923828125 -0.0509033203125
0.289154052734375 0.5262451171875 -0.0235958099365234 -0.00792121887207028
0.461334228515625 0.3331298828125 0.013153076171875 0.094573974609375
0.4901123046875 0.056060791015625 0.0709457397460938 0.04351806640625
0.458648681640625 -0.16253662109375 0.0774078369140625 -0.0166473388671875
0.474700927734375 -0.201080322265625 0.0534896850585938 -0.0182685852050781
0.431427001953125 -0.26910400390625 0.060272216796875 -0.0564346313476563
0.451995849609375 -0.11474609375 0.03533935546875 -0.0146446228027344
0.523590087890625 0.040283203125 -0.00506210327148434 0.0317897796630859
0.520599365234375 0.246795654296875 -0.0798263549804687 -0.0716018676757812
0.29339599609375 0.63128662109375 -0.055633544921875 -0.172637939453125
0.0386962890625 0.665283203125 0.0326080322265625 -0.258163452148437
-0.1973876953125 0.742919921875 0.169998168945313 -0.26727294921875
-0.2996826171875 0.69140625 -0.209503173828125 0.0968017578125
-0.2088623046875 0.65533447265625 -0.0875244140625 0.0576705932617188
0.07342529296875 0.740478515625 -0.0203838348388672 -0.00874328613281245
0.2904052734375 0.5244140625 -0.0672988891601563 -0.0175704956054687
0.461151123046875 0.34820556640625 -0.09222412109375 0.05401611328125
0.507476806640625 0.0723876953125 -0.104743957519531 0.05499267578125
0.471343994140625 -0.142852783203125 -0.0875473022460937 0.0841522216796875
0.47906494140625 -0.1832275390625 -0.0825119018554687 0.0934677124023437
0.4405517578125 -0.2550048828125 -0.0692672729492187 0.06280517578125
0.45013427734375 -0.09796142578125 -0.0977859497070312 0.0681076049804688
0.50933837890625 0.05303955078125 -0.0901947021484375 0.0699996948242188
0.492156982421875 0.240447998046875 -0.115226745605469 -0.025421142578125
0.284423828125 0.60302734375 -0.0589447021484375 -0.0998382568359375
0.0457763671875 0.641357421875 0.0548477172851563 -0.10357666015625
-0.174560546875 0.7410888671875 0.0984039306640625 -0.0337753295898437
-0.2064208984375 0.58544921875 -0.296905517578125 0.316864013671875
-0.121429443359375 0.548187255859375 -0.119888305664063 0.224441528320313
0.08807373046875 0.582275390625 -0.0448570251464844 0.048980712890625
0.239471435546875 0.405487060546875 -0.106109619140625 -0.00674438476562498
0.376068115234375 0.2838134765625 -0.18145751953125 0.018524169921875
0.43206787109375 0.06500244140625 -0.261245727539063 0.068878173828125
0.400421142578125 -0.1060791015625 -0.235397338867187 0.177520751953125
0.40814208984375 -0.136810302734375 -0.204421997070313 0.191207885742188
0.3870849609375 -0.191497802734375 -0.186965942382813 0.166549682617187
0.381195068359375 -0.045379638671875 -0.214797973632812 0.12841796875
0.406219482421875 0.087188720703125 -0.164291381835937 0.084564208984375
0.36456298828125 0.224578857421875 -0.134239196777344 0.00735473632812499
0.189117431640625 0.48870849609375 -0.0494956970214844 -0.0350494384765625
0.017669677734375 0.5126953125 0.0770645141601563 0.0467300415039063
-0.14117431640625 0.61724853515625 0.03204345703125 0.188568115234375
-0.082244873046875 0.38580322265625 -0.344970703125 0.500579833984375
-0.021392822265625 0.344390869140625 -0.1339111328125 0.364501953125
0.075653076171875 0.328399658203125 -0.0615310668945313 0.112892150878906
0.142486572265625 0.222503662109375 -0.120071411132813 0.024078369140625
0.225494384765625 0.172439575195313 -0.230255126953125 -0.00329589843750001
0.283172607421875 0.046051025390625 -0.364044189453125 0.086700439453125
0.267013549804688 -0.0527191162109375 -0.33837890625 0.249481201171875
0.275863647460937 -0.0684356689453125 -0.294219970703125 0.25872802734375
0.279342651367188 -0.0975189208984375 -0.28271484375 0.2340087890625
0.258865356445313 0.0180206298828125 -0.3045654296875 0.147125244140625
0.243026733398438 0.113433837890625 -0.217926025390625 0.061279296875
0.180816650390625 0.181854248046875 -0.137580871582031 0.0149078369140625
0.06512451171875 0.302703857421875 -0.037353515625 0.0103378295898438
-0.013946533203125 0.306854248046875 0.0797271728515625 0.166275024414063
-0.08648681640625 0.40277099609375 -0.03021240234375 0.360443115234375
0.0387344360351563 0.121925354003906 -0.34649658203125 0.617431640625
0.0565338134765625 0.09197998046875 -0.119873046875 0.463134765625
0.0306663513183594 0.04986572265625 -0.054473876953125 0.17242431640625
0.0187530517578125 0.0341358184814453 -0.101600646972656 0.0609970092773437
0.0466537475585938 0.0562019348144531 -0.235000610351563 -0.011138916015625
0.0963821411132813 0.0305099487304688 -0.399932861328125 0.10260009765625
0.095703125 0.0138778686523437 -0.381072998046875 0.29254150390625
0.103286743164063 0.00901031494140625 -0.3389892578125 0.28765869140625
0.128715515136719 0.001129150390625 -0.3436279296875 0.25555419921875
0.101593017578125 0.057373046875 -0.357513427734375 0.122406005859375
0.0606918334960938 0.097320556640625 -0.2430419921875 0.00784301757812497
0.00207519531250001 0.0888595581054688 -0.125740051269531 0.00251770019531253
-0.0256729125976563 0.0711898803710938 -0.0270652770996094 0.0369300842285156
-0.00691604614257813 0.06854248046875 0.0603179931640625 0.242446899414063
-0.00247955322265624 0.139381408691406 -0.0814208984375 0.458526611328125
-0.135818481445313 0.156494140625 0.049896240234375 -0.508819580078125
-0.0650634765625 0.161941528320313 -0.064666748046875 -0.32568359375
0.0641021728515625 0.17230224609375 -0.00277328491210937 -0.0516548156738281
0.121070861816406 0.0760421752929688 0.0726318359375 0.0332870483398438
0.109947204589844 -0.0170364379882813 0.222518920898437 0.089935302734375
0.0521316528320313 -0.0492935180664063 0.380340576171875 -0.049835205078125
0.06005859375 -0.08258056640625 0.36383056640625 -0.259979248046875
0.0831985473632813 -0.079437255859375 0.330230712890625 -0.281524658203125
0.0658111572265625 -0.07659912109375 0.347442626953125 -0.287994384765625
0.0987472534179688 -0.0433883666992188 0.360015869140625 -0.158233642578125
0.135154724121094 0.00049591064453125 0.222976684570313 -0.038909912109375
0.152175903320313 0.087799072265625 0.0774917602539063 -0.110336303710937
0.033233642578125 0.193466186523438 0.0441131591796875 -0.241622924804688
-0.0455780029296875 0.1654052734375 0.0806884765625 -0.4552001953125
-0.100555419921875 0.128463745117188 0.35894775390625 -0.64862060546875
-0.22552490234375 0.39764404296875 0.0347900390625 -0.45013427734375
-0.137908935546875 0.369720458984375 -0.044586181640625 -0.306427001953125
0.076995849609375 0.4083251953125 -0.00294876098632812 -0.0691795349121093
0.205230712890625 0.246292114257813 0.0425987243652344 0.0270233154296875
0.2633056640625 0.101181030273438 0.180007934570313 0.11956787109375
0.228302001953125 -0.029327392578125 0.331329345703125 -0.00982666015625
0.224853515625 -0.140762329101563 0.320556640625 -0.202484130859375
0.253433227539063 -0.150466918945313 0.27349853515625 -0.225357055664063
0.226486206054688 -0.168502807617188 0.28106689453125 -0.251968383789063
0.258697509765625 -0.070770263671875 0.281494140625 -0.143218994140625
0.30596923828125 0.02947998046875 0.163665771484375 -0.0323638916015625
0.31103515625 0.176239013671875 0.0218276977539063 -0.120162963867187
0.132049560546875 0.403533935546875 0.000534057617187521 -0.255874633789063
-0.0308837890625 0.396881103515625 0.04443359375 -0.451171875
-0.15765380859375 0.403167724609375 0.3035888671875 -0.60357666015625
-0.2923583984375 0.58575439453125 -0.021575927734375 -0.3175048828125
-0.20196533203125 0.5419921875 -0.0398406982421875 -0.23193359375
0.07421875 0.61309814453125 -0.000274658203124996 -0.0736770629882812
0.263397216796875 0.408416748046875 0.0121030807495117 0.00902080535888674
0.38983154296875 0.224853515625 0.111396789550781 0.118698120117188
0.385162353515625 0.00750732421875 0.2261962890625 0.0197906494140625
0.3646240234375 -0.17333984375 0.21966552734375 -0.1195068359375
0.386962890625 -0.20086669921875 0.175933837890625 -0.134033203125
0.348175048828125 -0.245697021484375 0.177017211914063 -0.172622680664063
0.3804931640625 -0.109527587890625 0.166915893554688 -0.094970703125
0.445953369140625 0.02862548828125 0.0857696533203125 -0.010009765625
0.45068359375 0.217041015625 -0.035369873046875 -0.105804443359375
0.243743896484375 0.548614501953125 -0.0381317138671875 -0.229217529296875
0.01580810546875 0.57293701171875 0.020111083984375 -0.380462646484375
-0.17449951171875 0.621826171875 0.23101806640625 -0.470855712890625
-0.3106689453125 0.69580078125 -0.106361389160156 -0.125343322753906
-0.21905517578125 0.64996337890625 -0.0546951293945312 -0.104400634765625
0.08648681640625 0.7381591796875 -0.00383377075195312 -0.055084228515625
0.303741455078125 0.510101318359375 -0.0239505767822265 -0.0115375518798828
0.46832275390625 0.311431884765625 0.01837158203125 0.0925140380859375
0.4892578125 0.03955078125 0.0733642578125 0.0399093627929688
0.4503173828125 -0.179443359375 0.0780792236328125 -0.0191268920898438
0.46148681640625 -0.220916748046875 0.0528907775878907 -0.0217514038085938
0.41778564453125 -0.28485107421875 0.0557594299316407 -0.061187744140625
0.4453125 -0.129058837890625 0.0370330810546875 -0.0178298950195313
0.52178955078125 0.019866943359375 -0.000642776489257783 0.0290069580078125
0.524139404296875 0.225067138671875 -0.0838775634765625 -0.0681304931640625
0.319091796875 0.61236572265625 -0.058990478515625 -0.17181396484375
0.060791015625 0.658447265625 0.0247344970703125 -0.256988525390625
-0.1639404296875 0.74395751953125 0.160614013671875 -0.269134521484375
-0.27081298828125 0.6988525390625 -0.201690673828125 0.100753784179688
-0.18017578125 0.65985107421875 -0.0818405151367188 0.0593566894531251
0.10528564453125 0.7301025390625 -0.0184154510498047 -0.0120773315429687
0.30548095703125 0.5086669921875 -0.0670852661132812 -0.0195770263671875
0.4716796875 0.3260498046875 -0.0888214111328125 0.05584716796875
0.507415771484375 0.053802490234375 -0.101486206054687 0.0588531494140625
0.464080810546875 -0.162017822265625 -0.0800399780273437 0.087646484375
0.46624755859375 -0.204437255859375 -0.0766983032226562 0.0943603515625
0.426025390625 -0.271636962890625 -0.0669059753417968 0.0614089965820312
0.44232177734375 -0.1126708984375 -0.091217041015625 0.0701217651367187
0.50823974609375 0.032257080078125 -0.0838775634765625 0.07025146484375
0.495330810546875 0.220947265625 -0.1170654296875 -0.0219192504882813
0.3062744140625 0.58489990234375 -0.0591049194335937 -0.100265502929687
0.06793212890625 0.635986328125 0.05279541015625 -0.1055908203125
-0.14306640625 0.7425537109375 0.0985565185546875 -0.0356674194335937
-0.1832275390625 0.59283447265625 -0.279052734375 0.323028564453125
-0.0992431640625 0.549560546875 -0.1065673828125 0.225814819335938
0.11297607421875 0.5770263671875 -0.0400543212890625 0.0466461181640625
0.2509765625 0.39556884765625 -0.104591369628906 -0.00708770751953121
0.3863525390625 0.266998291015625 -0.18017578125 0.023162841796875
0.43463134765625 0.04864501953125 -0.25738525390625 0.0793304443359375
0.397705078125 -0.121551513671875 -0.222869873046875 0.185791015625
0.399505615234375 -0.154571533203125 -0.1923828125 0.195144653320313
0.37548828125 -0.2069091796875 -0.17822265625 0.16937255859375
0.37744140625 -0.058319091796875 -0.204513549804688 0.135284423828125
0.407257080078125 0.07098388671875 -0.158172607421875 0.088104248046875
0.369293212890625 0.21038818359375 -0.133590698242187 0.0111541748046875
0.20928955078125 0.477508544921875 -0.0474395751953125 -0.036468505859375
0.03558349609375 0.509246826171875 0.080291748046875 0.0415496826171875
-0.1143798828125 0.62005615234375 0.0417022705078125 0.185958862304688
-0.068634033203125 0.38861083984375 -0.31903076171875 0.504150390625
-0.00830078125000001 0.3438720703125 -0.11541748046875 0.36541748046875
0.09002685546875 0.32568359375 -0.0543136596679687 0.112174987792969
0.14886474609375 0.2174072265625 -0.117149353027344 0.023773193359375
0.23297119140625 0.16180419921875 -0.23101806640625 0.00338745117187498
0.285797119140625 0.033966064453125 -0.3599853515625 0.101959228515625
0.266738891601563 -0.064544677734375 -0.321502685546875 0.261932373046875
0.273284912109375 -0.0807342529296875 -0.278793334960938 0.2652587890625
0.272689819335938 -0.10906982421875 -0.2691650390625 0.239730834960938
0.259048461914063 0.0084991455078125 -0.293548583984375 0.156982421875
0.246505737304688 0.103378295898438 -0.212921142578125 0.067840576171875
0.18658447265625 0.17462158203125 -0.135292053222656 0.0190505981445313
0.077484130859375 0.29766845703125 -0.0340595245361328 0.00894165039062502
-0.00393676757812499 0.30731201171875 0.0876617431640625 0.159820556640625
-0.0694580078125 0.406005859375 -0.014862060546875 0.358184814453125
0.0402069091796875 0.121147155761719 -0.31707763671875 0.62005615234375
0.0585250854492188 0.0902023315429688 -0.09881591796875 0.462554931640625
0.0332870483398438 0.0510063171386719 -0.0456695556640625 0.172210693359375
0.0197410583496094 0.0351333618164063 -0.0979843139648438 0.060577392578125
0.0505142211914062 0.053741455078125 -0.237136840820313 -0.00427246093750002
0.0988388061523438 0.02520751953125 -0.39581298828125 0.119842529296875
0.098846435546875 0.00931549072265625 -0.363128662109375 0.305755615234375
0.104591369628906 0.004119873046875 -0.322235107421875 0.29632568359375
0.127578735351563 -0.005462646484375 -0.32818603515625 0.26416015625
0.104804992675781 0.0530014038085938 -0.347503662109375 0.136138916015625
0.0655746459960938 0.0947113037109375 -0.2413330078125 0.016876220703125
0.0065155029296875 0.0889358520507813 -0.123420715332031 0.00644683837890624
-0.0210494995117187 0.0727691650390625 -0.0237846374511719 0.0357856750488281
-0.00448608398437499 0.0710678100585938 0.07080078125 0.236038208007812
0.002197265625 0.142196655273438 -0.062713623046875 0.45770263671875
-0.12982177734375 0.160995483398437 0.0356140136718749 -0.515716552734375
-0.0613250732421875 0.162872314453125 -0.075927734375 -0.3267822265625
0.06817626953125 0.169586181640625 -0.0053558349609375 -0.0537338256835937
0.121994018554688 0.0724258422851563 0.0734100341796875 0.032440185546875
0.106918334960938 -0.0188827514648437 0.229873657226562 0.084930419921875
0.0500335693359375 -0.0476837158203125 0.385223388671875 -0.063720703125
0.05718994140625 -0.083770751953125 0.35797119140625 -0.273468017578125
0.0803604125976563 -0.0836563110351563 0.32208251953125 -0.29437255859375
0.0644912719726563 -0.0791854858398438 0.339324951171875 -0.302520751953125
0.0975570678710938 -0.0462646484375 0.359161376953125 -0.172637939453125
0.136695861816406 -0.00479888916015625 0.2279052734375 -0.0468902587890625
0.156829833984375 0.0820770263671875 0.0740432739257813 -0.111846923828125
0.0412445068359375 0.194091796875 0.035858154296875 -0.242172241210938
-0.04010009765625 0.166793823242188 0.0665283203125 -0.459259033203125
-0.0955047607421875 0.130928039550781 0.34405517578125 -0.6595458984375
-0.212646484375 0.40771484375 0.022064208984375 -0.456329345703125
-0.127593994140625 0.37457275390625 -0.054962158203125 -0.308258056640625
0.0901489257812501 0.4072265625 -0.00514984130859375 -0.0727462768554687
0.211502075195313 0.241973876953125 0.0426368713378906 0.0257225036621094
0.265731811523438 0.094818115234375 0.188430786132813 0.115371704101563
0.229568481445312 -0.032379150390625 0.336578369140625 -0.0223388671875
0.222564697265625 -0.148529052734375 0.31585693359375 -0.214569091796875
0.250091552734375 -0.162445068359375 0.267730712890625 -0.235824584960938
0.223129272460937 -0.176712036132813 0.27313232421875 -0.263809204101563
0.259414672851563 -0.0784454345703125 0.280746459960937 -0.155014038085938
0.310089111328125 0.019378662109375 0.168426513671875 -0.0392913818359375
0.32012939453125 0.167999267578125 0.0171432495117188 -0.120353698730469
0.147491455078125 0.4022216796875 -0.00610351562499999 -0.257400512695313
-0.019775390625 0.400482177734375 0.03045654296875 -0.4544677734375
-0.144195556640625 0.41046142578125 0.28814697265625 -0.6138916015625
-0.2735595703125 0.60150146484375 -0.030364990234375 -0.321258544921875
-0.18524169921875 0.549041748046875 -0.0474700927734375 -0.233184814453125
0.0958862304687501 0.61419677734375 -0.0029449462890625 -0.0781478881835937
0.275390625 0.40338134765625 0.0110569000244141 0.00618267059326174
0.398101806640625 0.215484619140625 0.118881225585938 0.115402221679688
0.389190673828125 -0.000152587890625 0.230438232421875 0.01068115234375
0.363555908203125 -0.185943603515625 0.219253540039063 -0.128829956054688
0.38311767578125 -0.216339111328125 0.17254638671875 -0.141494750976563
0.3433837890625 -0.258941650390625 0.17022705078125 -0.181869506835938
0.38128662109375 -0.11932373046875 0.167144775390625 -0.102935791015625
0.450958251953125 0.014251708984375 0.0900726318359375 -0.0152206420898438
0.4620361328125 0.205841064453125 -0.0408859252929687 -0.104133605957031
0.266021728515625 0.545745849609375 -0.043914794921875 -0.2322998046875
0.031982421875 0.577880859375 0.00909423828124997 -0.384490966796875
-0.15447998046875 0.63323974609375 0.220245361328125 -0.47882080078125
-0.29034423828125 0.71173095703125 -0.109024047851563 -0.124862670898437
-0.200439453125 0.66229248046875 -0.05694580078125 -0.104034423828125
0.11199951171875 0.73919677734375 -0.00429534912109374 -0.0597267150878906
0.31689453125 0.50537109375 -0.0256118774414062 -0.0143337249755859
0.48199462890625 0.29962158203125 0.02294921875 0.0920944213867188
0.4959716796875 0.027008056640625 0.076171875 0.0374984741210938
0.45159912109375 -0.196136474609375 0.0804672241210938 -0.022735595703125
0.458526611328125 -0.23956298828125 0.05303955078125 -0.0246925354003906
0.41082763671875 -0.301300048828125 0.0518341064453125 -0.0662498474121094
0.44586181640625 -0.1412353515625 0.0382652282714844 -0.0207977294921875
0.52734375 0.004547119140625 0.00369071960449222 0.0264339447021484
0.536346435546875 0.212493896484375 -0.0887985229492187 -0.0652313232421875
0.34307861328125 0.60736083984375 -0.0630950927734375 -0.175201416015625
0.0794677734375 0.66400146484375 0.0189666748046875 -0.260818481445312
-0.14263916015625 0.7550048828125 0.15643310546875 -0.274368286132812
-0.25103759765625 0.71697998046875 -0.197113037109375 0.10552978515625
-0.16021728515625 0.67181396484375 -0.078338623046875 0.0619812011718751
0.131103515625 0.73297119140625 -0.0180988311767578 -0.0161113739013671
0.3212890625 0.50640869140625 -0.0685882568359375 -0.0220909118652344
0.48687744140625 0.314788818359375 -0.0873870849609375 0.0577316284179688
0.516754150390625 0.04180908203125 -0.100662231445312 0.0630264282226562
0.46649169921875 -0.179656982421875 -0.0744705200195312 0.0893325805664063
0.464111328125 -0.222991943359375 -0.0735015869140625 0.0957794189453125
0.41937255859375 -0.288330078125 -0.0670547485351562 0.0614852905273437
0.4449462890625 -0.124786376953125 -0.0877304077148437 0.0717926025390625
0.51446533203125 0.017913818359375 -0.0808486938476562 0.070587158203125
0.509033203125 0.20904541015625 -0.120590209960937 -0.0183944702148437
0.32916259765625 0.57989501953125 -0.0602874755859375 -0.103363037109375
0.084228515625 0.6412353515625 0.0514678955078125 -0.109336853027344
-0.12115478515625 0.7542724609375 0.100303649902344 -0.0379791259765625
-0.1678466796875 0.60443115234375 -0.2694091796875 0.330169677734375
-0.083343505859375 0.559326171875 -0.097991943359375 0.229827880859375
0.1351318359375 0.57958984375 -0.0374679565429687 0.0449333190917969
0.26324462890625 0.394866943359375 -0.105873107910156 -0.00841522216796873
0.3997802734375 0.256683349609375 -0.1824951171875 0.0279083251953125
0.443084716796875 0.036041259765625 -0.258621215820313 0.089996337890625
0.401123046875 -0.1385498046875 -0.214614868164063 0.193206787109375
0.399810791015625 -0.17138671875 -0.186691284179688 0.200485229492187
0.371551513671875 -0.22149658203125 -0.174606323242187 0.172958374023437
0.380767822265625 -0.06842041015625 -0.19970703125 0.140731811523438
0.414093017578125 0.059967041015625 -0.15521240234375 0.091033935546875
0.378509521484375 0.203338623046875 -0.134963989257812 0.0153884887695312
0.22735595703125 0.47442626953125 -0.0470809936523437 -0.0387535095214843
0.0491943359375 0.515869140625 0.0837936401367188 0.0374679565429688
-0.0960693359374999 0.63018798828125 0.048553466796875 0.18695068359375
-0.059326171875 0.39703369140625 -0.306304931640625 0.514190673828125
0.00106811523437501 0.349395751953125 -0.1025390625 0.37060546875
0.103057861328125 0.327728271484375 -0.0502471923828125 0.112747192382813
0.155914306640625 0.218170166015625 -0.11749267578125 0.0238571166992188
0.242706298828125 0.155471801757813 -0.235916137695313 0.00912475585937496
0.292205810546875 0.024993896484375 -0.3623046875 0.11663818359375
0.270980834960938 -0.0758514404296875 -0.3125 0.27362060546875
0.274688720703125 -0.0920257568359375 -0.270706176757812 0.274154663085938
0.271255493164063 -0.119644165039063 -0.263351440429687 0.247100830078125
0.264129638671875 0.0015869140625 -0.28851318359375 0.166778564453125
0.25311279296875 0.09698486328125 -0.2130126953125 0.0732269287109375
0.19342041015625 0.172256469726562 -0.135444641113281 0.02301025390625
0.08868408203125 0.2977294921875 -0.0325870513916016 0.00681495666503908
0.00445556640624997 0.31298828125 0.09454345703125 0.156509399414063
-0.0582275390625 0.414306640625 -0.00366210937499997 0.36199951171875
0.0413818359375 0.12310791015625 -0.299560546875 0.6304931640625
0.0608291625976563 0.0901947021484375 -0.08306884765625 0.46795654296875
0.036163330078125 0.0523681640625 -0.0399322509765625 0.173309326171875
0.0209541320800781 0.036712646484375 -0.0969696044921875 0.0608444213867187
0.0540962219238281 0.0522384643554688 -0.243606567382813 0.00115966796874997
0.102767944335938 0.020416259765625 -0.397308349609375 0.136077880859375
0.102798461914063 0.00423431396484375 -0.35430908203125 0.319091796875
0.107612609863281 -0.0002593994140625 -0.312896728515625 0.306427001953125
0.129043579101563 -0.010498046875 -0.32098388671875 0.275177001953125
0.109512329101563 0.0500717163085938 -0.34417724609375 0.147796630859375
0.0706634521484375 0.09381103515625 -0.243026733398437 0.0242004394531251
0.00996398925781251 0.0912017822265625 -0.12261962890625 0.00936889648437502
-0.0178146362304688 0.0752029418945313 -0.0220451354980469 0.0354118347167969
-0.00298309326171875 0.0751800537109375 0.0794830322265625 0.234207153320313
0.0058746337890625 0.146255493164063 -0.05023193359375 0.46466064453125
-0.123550415039062 0.16943359375 0.015899658203125 -0.532012939453125
-0.056884765625 0.167617797851562 -0.09283447265625 -0.3321533203125
0.0749053955078125 0.168899536132812 -0.008880615234375 -0.0558662414550781
0.126113891601563 0.0692367553710938 0.0754547119140625 0.03106689453125
0.105720520019531 -0.021636962890625 0.242813110351562 0.07745361328125
0.0491943359375 -0.046875 0.394775390625 -0.08416748046875
0.053955078125 -0.0861892700195313 0.35321044921875 -0.294921875
0.0770187377929688 -0.0897979736328125 0.31475830078125 -0.313446044921875
0.0626144409179688 -0.0845260620117188 0.333709716796875 -0.324188232421875
0.09771728515625 -0.0512847900390625 0.3614501953125 -0.193603515625
0.139083862304688 -0.01177978515625 0.235687255859375 -0.058349609375
0.16455078125 0.0760040283203125 0.0706863403320313 -0.115135192871094
0.05157470703125 0.196640014648438 0.0262603759765625 -0.246368408203125
-0.03399658203125 0.170257568359375 0.04913330078125 -0.471160888671875
-0.0909042358398438 0.137222290039063 0.3255615234375 -0.68505859375
-0.197723388671875 0.42633056640625 0.00451660156249997 -0.469879150390625
-0.114532470703125 0.386505126953125 -0.068817138671875 -0.31268310546875
0.108642578125 0.41046142578125 -0.00904846191406249 -0.0768814086914062
0.22314453125 0.239456176757813 0.0432815551757813 0.0238227844238281
0.273468017578125 0.08746337890625 0.201507568359375 0.1103515625
0.234466552734375 -0.038330078125 0.34613037109375 -0.039459228515625
0.221649169921875 -0.160385131835938 0.3145751953125 -0.233978271484375
0.247100830078125 -0.177932739257813 0.262405395507813 -0.252487182617188
0.221084594726563 -0.191619873046875 0.265167236328125 -0.283447265625
0.262557983398438 -0.089263916015625 0.28173828125 -0.17315673828125
0.318634033203125 0.00634765625 0.174285888671875 -0.04931640625
0.33599853515625 0.158660888671875 0.011138916015625 -0.121681213378906
0.16973876953125 0.405242919921875 -0.01702880859375 -0.262969970703125
-0.00491333007812499 0.4107666015625 0.01263427734375 -0.466156005859375
-0.1298828125 0.427520751953125 0.27203369140625 -0.63690185546875
-0.2532958984375 0.62786865234375 -0.042816162109375 -0.329010009765625
-0.1661376953125 0.56854248046875 -0.0572357177734375 -0.237045288085938
0.1243896484375 0.62103271484375 -0.00610351562499999 -0.083282470703125
0.29461669921875 0.403045654296875 0.0101518630981445 0.00387096405029299
0.414337158203125 0.204833984375 0.129554748535156 0.11279296875
0.4002685546875 -0.012786865234375 0.23822021484375 0.000122070312499999
0.365447998046875 -0.206085205078125 0.220184326171875 -0.142684936523438
0.381622314453125 -0.240936279296875 0.170196533203125 -0.152694702148438
0.340362548828125 -0.2802734375 0.164093017578125 -0.194992065429688
0.3861083984375 -0.13623046875 0.167800903320313 -0.115554809570313
0.462860107421875 -0.00531005859375 0.0947341918945313 -0.02215576171875
0.48370361328125 0.193023681640625 -0.0477523803710937 -0.103134155273437
0.2965087890625 0.5469970703125 -0.0536804199218749 -0.237808227539062
0.0528564453125 0.59075927734375 -0.00573730468750002 -0.39373779296875
-0.13104248046875 0.65679931640625 0.20941162109375 -0.4952392578125
-0.2645263671875 0.7435302734375 -0.114753723144531 -0.1248779296875
-0.175537109375 0.685546875 -0.0608596801757812 -0.104026794433594
0.1474609375 0.7506103515625 -0.0068206787109375 -0.0649681091308593
0.34271240234375 0.50665283203125 -0.0280838012695312 -0.0169925689697265
0.504638671875 0.285614013671875 0.0295639038085938 0.0925521850585938
0.511962890625 0.010101318359375 0.0802154541015625 0.034820556640625
0.4552001953125 -0.220733642578125 0.0845565795898438 -0.0285263061523438
0.458709716796875 -0.267822265625 0.0533447265625 -0.0288658142089844
0.406585693359375 -0.326934814453125 0.048065185546875 -0.0715255737304688
0.45269775390625 -0.16107177734375 0.0399627685546875 -0.02569580078125
0.540802001953125 -0.017913818359375 0.00634765625000003 0.0237541198730469
0.558929443359375 0.195465087890625 -0.0951080322265625 -0.0612564086914063
0.37872314453125 0.60699462890625 -0.0702056884765625 -0.180007934570312
0.10504150390625 0.6790771484375 0.0101470947265625 -0.268280029296875
-0.11297607421875 0.781982421875 0.1502685546875 -0.28497314453125
-0.2269287109375 0.74603271484375 -0.195205688476563 0.113677978515625
-0.13641357421875 0.6927490234375 -0.0754547119140625 0.0663223266601563
0.16815185546875 0.7447509765625 -0.0174446105957031 -0.0201702117919921
0.34576416015625 0.508392333984375 -0.072113037109375 -0.0236968994140625
0.51287841796875 0.302581787109375 -0.0859756469726562 0.06207275390625
0.535064697265625 0.022247314453125 -0.10089111328125 0.0695724487304688
0.472564697265625 -0.20733642578125 -0.0684051513671875 0.092681884765625
0.465728759765625 -0.251251220703125 -0.07037353515625 0.0994491577148438
0.416900634765625 -0.31365966796875 -0.0674400329589843 0.0639076232910156
0.4530029296875 -0.144500732421875 -0.085205078125 0.0748062133789062
0.526947021484375 -0.00396728515625 -0.078826904296875 0.0726699829101562
0.530059814453125 0.196075439453125 -0.125602722167969 -0.0126190185546875
0.362548828125 0.57952880859375 -0.0651931762695312 -0.107818603515625
0.10992431640625 0.65667724609375 0.049468994140625 -0.116477966308594
-0.0924072265625 0.78082275390625 0.102348327636719 -0.041351318359375
-0.147216796875 0.6302490234375 -0.260650634765625 0.346435546875
-0.0623168945312501 0.5772705078125 -0.0880126953125 0.238922119140625
0.1634521484375 0.59014892578125 -0.0350990295410156 0.0442924499511719
0.284698486328125 0.39794921875 -0.108978271484375 -0.00830078124999995
0.422210693359375 0.2459716796875 -0.186752319335938 0.035400390625
0.45867919921875 0.01806640625 -0.261703491210938 0.104888916015625
0.407928466796875 -0.161956787109375 -0.207443237304688 0.205245971679687
0.402801513671875 -0.1951904296875 -0.181289672851562 0.211090087890625
0.37109375 -0.242828369140625 -0.17279052734375 0.18280029296875
0.389617919921875 -0.0845947265625 -0.19647216796875 0.15106201171875
0.427154541015625 0.043914794921875 -0.154647827148437 0.097503662109375
0.396575927734375 0.19500732421875 -0.138565063476562 0.022216796875
0.25360107421875 0.4755859375 -0.0491142272949219 -0.0424308776855468
0.069183349609375 0.5289306640625 0.0880279541015625 0.0327072143554688
-0.072509765625 0.65380859375 0.0579833984375 0.190460205078125
-0.04656982421875 0.411865234375 -0.28985595703125 0.53546142578125
0.015411376953125 0.358306884765625 -0.087005615234375 0.382843017578125
0.120391845703125 0.3331298828125 -0.0451889038085938 0.114738464355469
0.167938232421875 0.220779418945313 -0.119659423828125 0.0255966186523438
0.256790161132813 0.149246215820313 -0.243804931640625 0.0185394287109376
0.3028564453125 0.012359619140625 -0.36767578125 0.136871337890625
0.27679443359375 -0.092529296875 -0.3048095703125 0.291473388671875
0.278884887695313 -0.108062744140625 -0.264068603515625 0.288665771484375
0.273468017578125 -0.135147094726562 -0.259017944335938 0.262298583984375
0.272674560546875 -0.008270263671875 -0.286956787109375 0.1822509765625
0.264663696289063 0.089569091796875 -0.215225219726562 0.08245849609375
0.205581665039063 0.170455932617188 -0.137199401855469 0.0287933349609375
0.104217529296875 0.3021240234375 -0.0327606201171875 0.00444984436035158
0.017120361328125 0.322723388671875 0.103958129882813 0.154052734375
-0.042449951171875 0.42919921875 0.00994873046874996 0.371917724609375
0.04547119140625 0.126907348632813 -0.28057861328125 0.65325927734375
0.0645370483398438 0.0908126831054688 -0.063079833984375 0.48077392578125
0.0398902893066406 0.0541839599609375 -0.032623291015625 0.17803955078125
0.0227737426757813 0.0389900207519531 -0.097137451171875 0.063568115234375
0.0593185424804687 0.0508575439453125 -0.253585815429688 0.0113067626953125
0.107070922851563 0.015899658203125 -0.404388427734375 0.16021728515625
0.107643127441406 -0.0029449462890625 -0.346038818359375 0.34088134765625
0.112510681152344 -0.00566864013671875 -0.306243896484375 0.3250732421875
0.132583618164062 -0.01629638671875 -0.316619873046875 0.29278564453125
0.116554260253906 0.0467147827148437 -0.34539794921875 0.16546630859375
0.0780715942382813 0.093353271484375 -0.248428344726563 0.034912109375
0.01531982421875 0.0948333740234375 -0.123687744140625 0.0146865844726563
-0.014129638671875 0.079132080078125 -0.0209274291992187 0.0342254638671875
0.000198364257812504 0.0801849365234375 0.091339111328125 0.234527587890625
0.011993408203125 0.153152465820313 -0.03424072265625 0.478973388671875
0.210527312613524 0.0662275573541779 0.454114203432331 -0.33073501595143
0.189950363563701 -0.0341689456354814 0.243598043930019 -0.291986748665309
0.0972419081802629 -0.158968475243698 0.00102362329571648 -0.0421489910319248
-0.0389275480264969 -0.158431772733809 -0.0221610045818173 0.109120540175718
-0.118071094837071 -0.0633471033589316 0.074160128240373 0.288625462393788
-0.107334178958811 -0.00496803460839234 0.269215614528892 0.325320912983987
-0.126991451104023 0.0170200577853385 0.415190988832346 0.240362369790109
-0.132881286827395 0.029832448520765 0.465920409338081 0.155850220921873
-0.139640098016832 0.0134940887694479 0.451470331973083 0.180532838075842
-0.121757086888577 -0.0244947291000107 0.340882057461278 0.225732857135508
-0.118312544406392 -0.0906180022787839 0.165651075269576 0.206881932654472
-0.046904992805911 -0.182783605009401 0.112133272711591 0.01512468857239
0.0841246490050448 -0.163845610692729 0.196793207871716 -0.127735396274931
0.143233882381729 -0.0529096663679538 0.42609265917593 -0.220842580823451
0.141423533616328 0.0340132165600904 0.72812453800523 -0.185579144472823
0.459347584547575 -0.0232145744108638 0.366220044600815 -0.334852579520634
0.403504511507848 -0.134478605388515 0.210966543556079 -0.296239386924884
0.276921840682891 -0.334366192531597 -0.038291403643593 -0.0725605415324874
0.0397190536376587 -0.365344207451871 -0.0891034079719307 0.0805376656370484
-0.162971723500791 -0.270600532518402 -0.00183862719450098 0.29277347113562
-0.216787208631701 -0.156821854001242 0.19211621046233 0.329396109180898
-0.284330941531434 -0.0946865934392412 0.330159985027706 0.253937090528322
-0.30693642674652 -0.0387793691722228 0.380952088637285 0.15556068596918
-0.322900228125061 -0.0598542921041106 0.378336596739656 0.157065019829436
-0.258151205437297 -0.132134840690334 0.268195153049771 0.187238662729562
-0.228230405193671 -0.235848195495977 0.105992041781982 0.170304872262456
-0.0827294995761208 -0.383165593439767 0.0569130237636052 -0.035408269937285
0.138399633370889 -0.394895244252078 0.163056343001046 -0.179447027901606
0.309402903901007 -0.222496112817198 0.387902929855447 -0.271117431661523
0.388388533701515 -0.0876809695872063 0.660931575990939 -0.228348154536435
0.656433525746568 -0.107397230948658 0.196594007674344 -0.316686135421559
0.583373657060401 -0.221380902493011 0.12231196766819 -0.277333297458469
0.440253113543125 -0.477245887180129 -0.0799801607671683 -0.0922357864384236
0.130583833780993 -0.545672811149319 -0.139801661121187 0.038652010619301
-0.179546128478305 -0.462920544997974 -0.0688707376758308 0.246341086439818
-0.294611022950194 -0.302655443101947 0.0907064728601424 0.273639007491533
-0.399587247494863 -0.203054587536347 0.194209450805105 0.219921780597107
-0.436812688732792 -0.102333307980361 0.238820085922659 0.131625712909892
-0.463689260913228 -0.111663475722782 0.248222722805351 0.118979550759316
-0.372342259929347 -0.204227254249557 0.152293088319531 0.136188630113716
-0.334261072236993 -0.3346729655409 0.0257328044232821 0.124275281727522
-0.143664921917941 -0.533511120503566 -0.014030227488108 -0.0689696569224313
0.140952332657533 -0.584082617194905 0.102900245554422 -0.196956458179839
0.412377496648523 -0.381912897120248 0.302330664269261 -0.266061738996159
0.568759840895563 -0.211562026710271 0.51550981316126 -0.213577071518503
0.761094260081385 -0.18446358592097 -0.0334433771841868 -0.270004348001081
0.680825374244681 -0.301701039567696 -0.0207080723281717 -0.227821697638682
0.533489458948592 -0.5774950248093 -0.129851361892467 -0.0918433845272414
0.188716018520704 -0.664080579507272 -0.174745580145122 -0.0067497445995382
-0.180167591161235 -0.590608984277695 -0.124337619884145 0.153725857315184
-0.334896876904713 -0.404566040531623 -0.0260568496998464 0.163774897304299
-0.457544576501625 -0.281892123098555 0.0264596535435775 0.146329737875911
-0.501268970854807 -0.148518677573329 0.0606725046877061 0.089868881214444
-0.532835891391439 -0.147779653279991 0.0802050558334288 0.0740354048255277
-0.430660052428398 -0.247062830914035 0.00644096990313238 0.0816973143720051
-0.392544232772925 -0.384520937643036 -0.070320784276787 0.0744187042727356
-0.185235960124745 -0.605302528174667 -0.0871656223272823 -0.0835114369758952
0.122081292813085 -0.686190409706699 0.0366605504807537 -0.17565320985027
0.44524141540008 -0.481073520410685 0.192903685616755 -0.195035580942647
0.657142979939839 -0.302398654952959 0.316432024102961 -0.140991224747165
0.749496094807204 -0.247228673265344 -0.288291256491773 -0.194644794454581
0.65990881899157 -0.357559496673412 -0.194720400268177 -0.146898659441
0.517644299518777 -0.5977093665292 -0.180188578527939 -0.070523255463454
0.190721492591042 -0.670168020832039 -0.192180426060909 -0.0488688099072188
-0.163533487248042 -0.606842139438932 -0.167651150169477 0.0291847855115536
-0.323043841754983 -0.430478244169963 -0.14762710142387 0.0204790657349171
-0.445973162848442 -0.312595202683671 -0.150055093266555 0.0469952193738295
-0.48788362226037 -0.174203944542745 -0.126216999212704 0.0355808589478034
-0.517673978125202 -0.170563071573303 -0.0987468061078145 0.02609146907462
-0.412923614964687 -0.266532672327467 -0.142908757234899 0.0235211759250923
-0.368662016347242 -0.386060850857317 -0.160592584207514 0.0158732680833238
-0.164349478445541 -0.579946669189864 -0.143229513776109 -0.0888757673107404
0.115743333871618 -0.66158557626589 -0.0159478513284076 -0.129679802563553
0.423037594382433 -0.47978307312215 0.0831744661855015 -0.0793619959301062
0.646046221134811 -0.330046193151281 0.100119671310068 -0.0278384953556832
0.614813475085617 -0.27306009976169 -0.516052691075935 -0.0927988848117085
0.514412658009549 -0.357300527666845 -0.354102431162578 -0.0416704996049423
0.39273917054441 -0.506595401251863 -0.213998763253457 -0.0348477260380158
0.144208443315921 -0.539232258123044 -0.188893303899075 -0.0773942805610668
-0.125432616214815 -0.499740798658488 -0.191850658493478 -0.0927823312602972
-0.259389483761685 -0.37150135351698 -0.251485676418279 -0.118652706566318
-0.362878552616207 -0.286825837150618 -0.305141574818027 -0.0544932620046596
-0.399404810484669 -0.175840377688074 -0.291929492874886 -0.0243088861755433
-0.419659431500026 -0.180209836006219 -0.257879641524512 -0.0300137231687256
-0.319757618992553 -0.262897423740035 -0.26249383887203 -0.0463337280665398
-0.259484427373448 -0.347379318069301 -0.217862817121214 -0.0579045613961365
-0.0783845365712902 -0.468057154616711 -0.163610206180717 -0.0971299299447695
0.129842817494249 -0.516572253908881 -0.0448220831616803 -0.0799722637983337
0.352751436356333 -0.379293546904096 -0.0143709208202557 0.0418635783107494
0.53762795294242 -0.290816252275665 -0.104835058352916 0.0931198564147686
0.38438546645805 -0.256276634058936 -0.676500836705532 0.0246969186013819
0.281258148209752 -0.289063330983669 -0.463079039447826 0.075031531969952
0.205211979452382 -0.318451585745664 -0.222295335882503 0.0138970263648383
0.0787580883050565 -0.312506681213161 -0.163928830524833 -0.0788763421436621
-0.0641030921122782 -0.305398228081706 -0.191863489394335 -0.180435130935369
-0.151806060600221 -0.249630112900547 -0.320743196629538 -0.22113023801604
-0.222566436839159 -0.213707645195174 -0.415128531216625 -0.137787094821263
-0.249795104894743 -0.151595576789089 -0.412021618784737 -0.080320876886127
-0.260190627089636 -0.166044774107225 -0.370359144122672 -0.092725395373465
-0.178034212648141 -0.225150186990323 -0.3274728735957 -0.127072037628666
-0.110146685103055 -0.26033611054822 -0.223690813477357 -0.141691118625997
0.0235490573314962 -0.289006616177937 -0.141915234669556 -0.110228548927456
0.12415183655059 -0.293620774306339 -0.0512119050465302 -0.0392451534835159
0.229337697785257 -0.22119953746954 -0.0957177905293386 0.136440180591215
0.35168307138775 -0.208886186039691 -0.274625949250723 0.191370180910133
0.100908039607292 -0.185276813135949 -0.74196726991183 0.135917570956257
0.0260185292665751 -0.159907619326596 -0.505424804710255 0.190448513162038
0.0192865233077287 -0.0851713947330293 -0.202051187643627 0.072585818014042
0.026046420316551 -0.0566263096982814 -0.120750521744055 -0.0551865220727378
0.0161231144899098 -0.0872185818112387 -0.171074319205521 -0.222894621512956
-0.015977997595466 -0.103249763316512 -0.348015656604665 -0.272377682745122
-0.0447686769130924 -0.115501574847096 -0.465945688148903 -0.188472435669101
-0.063329010018494 -0.103190671785273 -0.470091928767385 -0.121917485408769
-0.0689389306009467 -0.117439905301508 -0.421789115271741 -0.154129340232382
-0.0269991748783707 -0.139354065542215 -0.331116999471852 -0.205163376445021
0.0249623620832566 -0.124322799316347 -0.178697116559226 -0.21565462413537
0.0788880509183065 -0.0766284562542592 -0.0888783348493988 -0.115674583498314
0.0648053411064003 -0.0524269895383181 -0.0447075591690253 -0.00580466605972559
0.0578948832274195 -0.0641238529678066 -0.158035845334273 0.191925992747612
0.111983415175337 -0.112243217740814 -0.388209548170543 0.252011280865089
0.214128818045784 0.0502792771963515 0.437278902086419 -0.365402775201753
0.187741828055314 -0.0463892051716645 0.224442555628607 -0.313212534156922
0.0857142216145827 -0.164685027650985 -0.000554486565397668 -0.0438498258584366
-0.049294617727175 -0.154855956372606 -0.0145662612963499 0.111365792399145
-0.120452789408515 -0.0560342633847901 0.0987070235718036 0.286829129113838
-0.107448124069933 0.000349041763522778 0.298179179804199 0.308638466514661
-0.125838883275438 0.0262508798116923 0.435906160863565 0.209908449783119
-0.130738879254106 0.0410012389972073 0.478215932775974 0.12181114779755
-0.139626993985759 0.0250256035625016 0.467969294435481 0.14812409180444
-0.123842865990298 -0.0153171793027413 0.363127049982498 0.202009459955128
-0.126209390381853 -0.0813953309621976 0.185809111466234 0.198677138734369
-0.0626125362577692 -0.17990589076245 0.112201714456365 0.00803537382053206
0.0721180167700721 -0.171936872784464 0.1874036518877 -0.141341807932073
0.140161760462742 -0.0626511848537494 0.411622029639265 -0.250409834829224
0.144388511633469 0.0236526477699618 0.719840879587879 -0.23690390179214
0.458778458461833 -0.0589477924415862 0.347147602656781 -0.36366722454691
0.394947318990416 -0.162633737739679 0.1915264328062 -0.31318193829195
0.252373082599512 -0.354915487867434 -0.0410987930262148 -0.0722510435666402
0.0170747951912873 -0.370712961248363 -0.0842606738744893 0.0851206721872613
-0.181129283705644 -0.259783195363078 0.0232069861645054 0.295903541281021
-0.228868238822836 -0.145817867541573 0.220405359471079 0.317445017851009
-0.293074686279891 -0.0752505652036542 0.351694634407083 0.229844708169238
-0.311883206391676 -0.0143433041110893 0.394541404264611 0.127309377708752
-0.330475679316333 -0.0346846124602654 0.392024636637897 0.129321410994846
-0.269800439917161 -0.116012311523049 0.286255290936063 0.16836667115344
-0.247933629530114 -0.220222597304963 0.123242576529564 0.165494493794914
-0.112128219605722 -0.382052701835901 0.0519419438903582 -0.0387233865668552
0.108864407099679 -0.408678260635583 0.151261608487432 -0.192399423162318
0.297829263741131 -0.24572226074394 0.371147005238922 -0.300319263273892
0.385486857125809 -0.118000244610787 0.649020362239209 -0.273973006632014
0.652578781109648 -0.157738340828782 0.177388583705652 -0.332556224223547
0.568899031057487 -0.261975716104688 0.104725012157871 -0.286889762768855
0.408224099736515 -0.511025165714121 -0.0840081880435433 -0.0898476580299725
0.0968444478926781 -0.559182157959867 -0.137928616480363 0.0452981564584514
-0.212522016996437 -0.452619411271997 -0.0474345868882799 0.254648252985519
-0.318814716244353 -0.288111859824346 0.112926901124044 0.26979440323278
-0.419632514510668 -0.175205479850203 0.215521918249629 0.207087865405135
-0.44848499409058 -0.067647885336491 0.250114017214497 0.113671359407316
-0.475734093203027 -0.0767957414413466 0.258973866685969 0.0988363182520369
-0.390645255598851 -0.181107616247802 0.165447715521881 0.124969476717579
-0.361915271614133 -0.312115109470595 0.0388195797625913 0.12403253727624
-0.184545154108322 -0.528542112974596 -0.0212762008896289 -0.0671531307715601
0.0977315623464063 -0.600063113553416 0.0912366336212113 -0.207394867519628
0.390128659990664 -0.415311524214684 0.284615062194697 -0.289603043413911
0.559545812992231 -0.257897144964848 0.504507744468774 -0.250282383328307
0.754514123558178 -0.244434165538877 -0.0501416123659048 -0.26860511152312
0.663540500101345 -0.352725890219739 -0.036558414216946 -0.226028837998131
0.493616922872898 -0.621156775044694 -0.133930597690838 -0.0846845205804942
0.147128335692583 -0.684583114383315 -0.17549680502921 0.00209217089984316
-0.224613522455234 -0.582107670324294 -0.110033380783611 0.165102877264178
-0.368434248571511 -0.38923706015447 -0.0143937513883651 0.167988257073093
-0.485091700959777 -0.250650022090655 0.0418651353918682 0.14480129196944
-0.517507494498575 -0.10911252550393 0.0686703248678228 0.0847118489478432
-0.549686908419869 -0.107307954907894 0.0861759218968963 0.0661870553353059
-0.453731337904904 -0.221434475819727 0.0141022094912721 0.0810750128210401
-0.424674166467303 -0.357561530261986 -0.0619593572022326 0.0789765102802768
-0.232378479807855 -0.598981512177559 -0.0964538397528225 -0.0764462341127669
0.0725809175925665 -0.700898340745587 0.0265957511895108 -0.182440908365026
0.416679280955065 -0.518715249571114 0.180511488990657 -0.211124410191377
0.642969829263768 -0.354207392846048 0.308518571578737 -0.16363341300815
0.738639471624914 -0.304688096538639 -0.301407407967237 -0.174900571921949
0.638575233587927 -0.406082441754779 -0.204489411524138 -0.131578680978614
0.476879087194857 -0.640182220943492 -0.182511580206122 -0.0602369383535112
0.148771411790433 -0.691492309932725 -0.196231712834418 -0.039512847198212
-0.210164901441556 -0.599985973571501 -0.163614226016253 0.0422266340317615
-0.359396285530761 -0.414635932034647 -0.148227143981087 0.0334908253788769
-0.476856838161375 -0.282572194542846 -0.142378328161778 0.0582697838826306
-0.507192974235077 -0.136819492606463 -0.122767279867893 0.0442692559708933
-0.53505373287289 -0.131694777064606 -0.0981733857889315 0.0303487531678098
-0.437131486555197 -0.241908364275854 -0.14165719051912 0.0335192137030415
-0.400259399101461 -0.363167532282159 -0.158158392455476 0.0265082570922761
-0.207892584114463 -0.575323343716166 -0.152361822898349 -0.0776914725759347
0.0685417309403011 -0.675986464956366 -0.0235333512184706 -0.132887081229041
0.394591890675769 -0.514779636152435 0.0790882649354354 -0.0871699681474844
0.629721250499588 -0.383789370802348 0.097710423595921 -0.0342305422981505
0.603847914600176 -0.321822304887498 -0.524604070490189 -0.0568691586964499
0.494197284058987 -0.396372957321536 -0.357183572508491 -0.0141606956202251
0.358597963466085 -0.5396556034051 -0.215176130939577 -0.0210345751414633
0.110846753760749 -0.55783940790757 -0.194792816918332 -0.0674610250637576
-0.165127544253668 -0.495039853817392 -0.199449375165416 -0.0792200212328306
-0.290514507166907 -0.358243767275316 -0.264999459106559 -0.0991224751241749
-0.39136156184807 -0.262190445682475 -0.306865804930936 -0.0328865468677234
-0.418381120519914 -0.145631389701971 -0.292791386268682 -0.00368195333332335
-0.438113275504189 -0.14950759746752 -0.261787539895673 -0.0131692071262699
-0.343979718198374 -0.245487883725149 -0.266962090516307 -0.0271247647474273
-0.287572725737989 -0.331488868040398 -0.222089205716585 -0.0436154188114708
-0.112656131784995 -0.469708802028356 -0.172536895403033 -0.0846081836678994
0.0923208586688783 -0.531227218571267 -0.0493900715657326 -0.081201154709826
0.32999885851018 -0.409254238771309 -0.0103869614989973 0.0408729432000229
0.524608030426436 -0.334105726329383 -0.100522317139071 0.101917808564016
0.373411755034054 -0.286387228759768 -0.678395966176815 0.0717649861285384
0.264646824696136 -0.309212584162989 -0.458527328962632 0.111001784734532
0.184466146168591 -0.338753276929847 -0.221225738943616 0.0292054650653727
0.059435558957739 -0.323617826064828 -0.170120994422327 -0.0701219300724941
-0.0883070503402022 -0.303587659158685 -0.208108680974765 -0.168606019665391
-0.172539114247297 -0.242662272526943 -0.343418874846643 -0.197728289354328
-0.243784256884535 -0.198661193253219 -0.424981120145567 -0.107522564976415
-0.266174862253649 -0.133389803785731 -0.417662347616161 -0.0513651016867314
-0.276803143497096 -0.147111947942397 -0.379087870053964 -0.0668364814608784
-0.198042184837878 -0.216954869494281 -0.338988762949346 -0.103972654368925
-0.129972408923544 -0.254775855381057 -0.235226112183649 -0.127613800581267
0.00299027352747428 -0.297171562803645 -0.150525380146739 -0.0994947079955681
0.103915285210919 -0.306110630836817 -0.0531188447138529 -0.0387235158906355
0.217598686206626 -0.241296422651782 -0.0851538158901522 0.141992369285122
0.342120607721509 -0.237773214284393 -0.265302287941242 0.212205007959993
0.0926667166775599 -0.19364099447415 -0.734757350182042 0.187313899318447
0.016679474964125 -0.162312194217181 -0.493182189104446 0.230558702198782
0.0149325170380943 -0.0888681087682692 -0.197871948709599 0.0874103434725856
0.0233695656026138 -0.0608103261747491 -0.124937434722406 -0.0484275953017779
0.0090712466195992 -0.0890626616488296 -0.192588302459421 -0.213585974204464
-0.0248604563019716 -0.103220764754544 -0.374195049107515 -0.248286928500916
-0.0560936045859374 -0.1131832673063 -0.481822335252981 -0.153783745663489
-0.0741673172919334 -0.0992390572894331 -0.478720166961243 -0.0900739455635581
-0.0802045425883502 -0.113585093010946 -0.434986594454812 -0.124838531806881
-0.0397418706892621 -0.139801410396965 -0.348429823949773 -0.1809823773469
0.0155218352940025 -0.128700472315293 -0.197192857487704 -0.205031354940419
0.0738784198779546 -0.085949068957189 -0.0966378308888775 -0.108835917635886
0.061966065775762 -0.0592050810367709 -0.0452783483234674 -0.00443352419946722
0.0554543062464855 -0.0711793579702097 -0.144873386308069 0.203147305666351
0.106428133962889 -0.122809699962434 -0.37650480352348 0.282210968945192
0.211204347162233 0.0356871779561631 0.409581739409833 -0.391217522809174
0.18097801844653 -0.0561954166204424 0.200718454148953 -0.324737067798571
0.0735409402583727 -0.165838689140965 -0.00180514877293816 -0.0445939158767633
-0.0569646454874464 -0.148385379961743 -0.00737769602644972 0.109650775660475
-0.119653995355299 -0.0476090500439842 0.119952537489712 0.27610959978276
-0.104969599864905 0.00584438110251627 0.31920039698953 0.282785360612452
-0.122132291038175 0.0341172448207564 0.443219034015721 0.177096605864146
-0.124907542031641 0.0502168036186226 0.477720674793275 0.0883399917440123
-0.135241643592866 0.0355129611696324 0.472214715932733 0.113467709668997
-0.122540748938642 -0.00697266824931304 0.374339307349826 0.173740496026741
-0.129890525444577 -0.0707274048079653 0.200118265777991 0.185056606464754
-0.0750463493371963 -0.172339089354348 0.109806756278239 0.00192090675826951
0.057764793240607 -0.174548224183709 0.175157553040202 -0.14941677455205
0.134112981535971 -0.0695884094061593 0.388925970678182 -0.272908269006672
0.142885518999241 0.0125674780903867 0.693681416153844 -0.278535532669303
0.446816645649272 -0.0897175053301258 0.321922998782773 -0.381075198958835
0.377465113726864 -0.183735338762505 0.16951749619976 -0.321183468945642
0.224181529632012 -0.363812962497645 -0.0422529699628998 -0.0701588261014627
-0.00495015728453133 -0.366149615495769 -0.0768616601324947 0.0872391436277848
-0.193557371892999 -0.245670853884719 0.045810418985977 0.290876510338134
-0.235259866473216 -0.132519001516783 0.240956098495823 0.298944142998208
-0.295104612357376 -0.0548494490244107 0.363223201578835 0.201610958489196
-0.308908894870223 0.00852914423536974 0.395933662238122 0.0992004800145334
-0.328135424820158 -0.0100759046649549 0.395824807035997 0.0991866748776924
-0.274652568899957 -0.0982456313912589 0.296639239293275 0.146028842778399
-0.259188808554978 -0.199979958367869 0.13691819862667 0.155134283439774
-0.13823839673873 -0.369328479707224 0.0474023095970201 -0.0403543356545865
0.0800876140106505 -0.411637067388738 0.136655237480468 -0.200041421093763
0.279676254213744 -0.262522840070171 0.345687396611729 -0.320198070042688
0.373178566998612 -0.144506752987894 0.623662565773955 -0.310772412405193
0.632569192898893 -0.200807479346518 0.15658515347542 -0.339295615713588
0.542448014161692 -0.293727868641519 0.0858095152821872 -0.288069739003829
0.365715669507475 -0.529093086134493 -0.0851428811627402 -0.0848359167094756
0.0631093748690297 -0.559298717629223 -0.132579133127117 0.0500288007393075
-0.239047783136945 -0.432600950306695 -0.0256617162355959 0.254854586724657
-0.335392348854166 -0.267368396709119 0.130788774091805 0.25923292107016
-0.427436385357399 -0.14526935992418 0.228066227790402 0.187395878620072
-0.447324304262624 -0.0346136686482812 0.25360750022462 0.0949596615634466
-0.475561563768162 -0.0414714561149813 0.261338956000471 0.0784377035461925
-0.398840215788402 -0.156882045961582 0.173292909571915 0.11111142197713
-0.378229777873294 -0.28448980675669 0.0498985172193699 0.119192021469821
-0.220063903490574 -0.512229078080634 -0.0273321874565935 -0.0629529954739702
0.0553889252888995 -0.602014012506082 0.0766105794720939 -0.211971286740138
0.360205342385359 -0.434240176624032 0.261884125075535 -0.304492548827184
0.5359055756686 -0.293316941684113 0.479898743500296 -0.277083165759123
0.729421435460387 -0.292958883874109 -0.0645659120323229 -0.261883329761279
0.630163264341253 -0.387603788260068 -0.0478197057616092 -0.218538810189991
0.44194562303084 -0.64517116737271 -0.133813464928292 -0.0765570193949296
0.104781045373036 -0.688570124546368 -0.173146252821034 0.00894738814264392
-0.259453532441693 -0.560499328743865 -0.0938913712665709 0.170258474938655
-0.390600725770372 -0.362672310454569 -0.00217742125218042 0.168061033943155
-0.498157886202667 -0.213224992119638 0.0544842641862294 0.138130288477316
-0.518502674540571 -0.0712412861112404 0.0734821232259956 0.0780663873569983
-0.550113080885787 -0.0666617617696306 0.0880419280909326 0.0570159512479602
-0.465116207254889 -0.191118300319076 0.020711969930598 0.0778228355858165
-0.443041851093786 -0.325759631883997 -0.0534686084633878 0.0808598710045929
-0.271651576483343 -0.579176532508974 -0.101492455360975 -0.067157948589431
0.0243835657416908 -0.697904704050671 0.0144542399956983 -0.185186141445346
0.381032559043986 -0.540655735613446 0.164413613213159 -0.220868697766847
0.613344874114671 -0.39504638714377 0.293350752355417 -0.179491133912503
0.711967489064976 -0.352074124365295 -0.306332085024024 -0.153059205961212
0.606011916364359 -0.440138599990602 -0.20715427764683 -0.114802716530457
0.42763565721458 -0.663994825720344 -0.181205492161563 -0.0495077729759221
0.104699795842871 -0.697335774000475 -0.19588477631687 -0.0298208348960322
-0.247526389249376 -0.578353214927587 -0.155805928732893 0.0526769179575548
-0.384674065843085 -0.389381387717883 -0.144614557902777 0.0442827787189982
-0.492610125902811 -0.244243184621438 -0.132338006028986 0.0651695206263034
-0.511650297386451 -0.0996861039303945 -0.116856495769328 0.0496331289412959
-0.539093571896853 -0.0918392998020239 -0.0954613202990705 0.0347911964647008
-0.449437465424719 -0.212987440523066 -0.136450638106785 0.0416739787761943
-0.419596105263135 -0.332156685777784 -0.152390309448763 0.0351055140300104
-0.246018517247101 -0.558226941092602 -0.156546335813089 -0.0647105561866013
0.0234163501324511 -0.673552710227732 -0.0310450645251094 -0.133827662724164
0.35866183594056 -0.535418112755476 0.0724765117113792 -0.0928494338607792
0.596963743412278 -0.421759764320076 0.0931872303173872 -0.0385640628193181
0.579424451403999 -0.360510367296356 -0.519517089519588 -0.0227347180200901
0.463378102969983 -0.4212019476619 -0.350375301296197 0.0111017401428575
0.318806565063806 -0.557589071948217 -0.211527053559274 -0.00898234619832137
0.0767434256596448 -0.562274350589028 -0.196671770015765 -0.0577635751333369
-0.19596597076958 -0.478349701858822 -0.200551643715874 -0.0652728301217803
-0.31365876648173 -0.337797795834107 -0.269520953199229 -0.0783880869928342
-0.40832436230471 -0.231302541554131 -0.300285441963337 -0.0123970260559618
-0.425616605725296 -0.113786726164409 -0.287943024503441 0.0141061415086523
-0.443766401022106 -0.115987873851886 -0.259622817665691 0.00321325102506514
-0.358518952646084 -0.223121983561932 -0.264878139963799 -0.00947858189981579
-0.30580533616671 -0.30898666950338 -0.221987371418535 -0.0296233236221879
-0.142210647583224 -0.459911866162233 -0.175890446205928 -0.0710749082578672
0.0555033590781265 -0.532690366129548 -0.0535314376656119 -0.080435594088491
0.301135217468574 -0.426839519860616 -0.00715593566810265 0.0393549379413246
0.497287954404412 -0.368054621266393 -0.0944990219830594 0.108439264437125
0.354112393665846 -0.309341253757745 -0.663425230519756 0.111831899070962
0.243411926534021 -0.322558343369866 -0.442607462439148 0.140276684643753
0.161412855955856 -0.348924826351963 -0.21656855277567 0.0412732572762891
0.039710887518318 -0.327624745833268 -0.172277873745211 -0.0612964494205296
-0.108252945806419 -0.294064702161072 -0.216965214243765 -0.153324136288413
-0.188799807867039 -0.230095687495402 -0.354990820396872 -0.170430743183002
-0.257844298297761 -0.178859339582705 -0.422955707025063 -0.077959317735784
-0.274709961200301 -0.112345550094546 -0.413219738736407 -0.0251531705106545
-0.284703959836253 -0.126488956849951 -0.378512026118154 -0.0419557042387707
-0.21378475138815 -0.202770986593657 -0.341785306874839 -0.0783325938292477
-0.146356242178949 -0.244098749853989 -0.241268352712719 -0.111237347697684
-0.0174015318626007 -0.296521583021754 -0.154097653716496 -0.0867212000569955
0.0821688342414462 -0.310193408885228 -0.0549190549772483 -0.0377875931049034
0.200727733539619 -0.254592869947128 -0.0746875146182622 0.144012971097025
0.324161272846216 -0.258713784015962 -0.250925565323633 0.227715147700808
0.0826849031066017 -0.197929568714595 -0.713675545679666 0.229512931390343
0.00832841526843525 -0.160675842691162 -0.469860542160524 0.259496150344833
0.0101955055885073 -0.0898131726989788 -0.190032081794138 0.0988061827319594
0.0199146677783685 -0.0638210699318741 -0.126157326856528 -0.04192686430528
0.00257596644808731 -0.087780222520865 -0.205839614020818 -0.199696252678232
-0.0323557083233287 -0.100532049788574 -0.389125308464212 -0.218183167059403
-0.0662745661080556 -0.107337525530774 -0.483246275831939 -0.118565726648153
-0.082567265370136 -0.0923646200085341 -0.475307543754941 -0.0591878577174342
-0.0892137491793389 -0.106774535947699 -0.437118143800085 -0.0948289153088494
-0.0510622888250458 -0.137033547775247 -0.35680171112655 -0.15524669617612
0.00545775423400129 -0.129455979510595 -0.209099823032019 -0.189506987450198
0.0668015539411755 -0.0923111062211746 -0.100788872123682 -0.100753161977089
0.0574224495487238 -0.0647395863120291 -0.0453251063814481 -0.00357454976671341
0.0509897096596737 -0.076051153690929 -0.129535664893455 0.207732349187449
0.0998793514624443 -0.129580580438414 -0.356369905180018 0.303382306569492
0.207214741290776 -0.0487430195158376 0.241746491164063 -0.497599713861113
0.145954103601464 -0.121066163172608 0.0722111779831259 -0.36075131256076
0.00780035538742574 -0.177276626472206 -0.00764019236004656 -0.0353978353075971
-0.105412320752212 -0.113221246850818 0.0405961574160877 0.103192890287524
-0.122869219930414 -0.0014276240173799 0.210388276850468 0.209472283165062
-0.0893625873846764 0.0427066497131685 0.395012986787311 0.142356193837479
-0.097761860930472 0.0754064671676021 0.472852763091215 0.000257709616848381
-0.0925828417440319 0.0875941334064152 0.464454336799184 -0.0889379118018269
-0.109221911581933 0.0793890690016533 0.471880435701096 -0.0601597089256425
-0.114518542067043 0.0337816321250867 0.406448980435619 0.0304234019545976
-0.142896685758639 -0.0184566240726716 0.25323213231204 0.0982059442064827
-0.128156366154679 -0.130766833313191 0.102778519253159 -0.03003622411943
-0.00682471398518835 -0.180604312709662 0.108009445420117 -0.191636921004447
0.0965918131297136 -0.107490271994915 0.266162278646243 -0.379144196283042
0.132694929763816 -0.0327722353204404 0.543992758227741 -0.476972118906256
0.382862112131649 -0.254054659289342 0.161850532322834 -0.447082638929312
0.281807094280088 -0.311250674711551 0.0457219027150332 -0.334548666293131
0.0730624548904451 -0.415040519104782 -0.0443486686197249 -0.0337557373998921
-0.138991715524672 -0.332628519702758 -0.0212094552838803 0.111281838281443
-0.259314004096126 -0.155435914676546 0.157789168920515 0.246876955264148
-0.25806250211528 -0.0385687916973246 0.336120016796628 0.181581881779459
-0.292814130591309 0.0537927318422283 0.415417834022141 0.0509428199421862
-0.274029130224204 0.112489419470114 0.396301933191836 -0.0552580138431167
-0.301362579931195 0.10443187200592 0.396784531996529 -0.0497385214043285
-0.287116095006088 0.00109423228101004 0.328826871856757 0.0305188552935928
-0.30580010653487 -0.0927994359534879 0.189667289891987 0.0926105900143583
-0.25428981502514 -0.292936693138859 0.0341997254293187 -0.0443442184657681
-0.0670903986759211 -0.405695557865013 0.0531457758949756 -0.222453174388551
0.165312954878227 -0.336103531702468 0.205927675037882 -0.409542406050529
0.297283674482543 -0.25636200313328 0.459570372339542 -0.487969926119912
0.516892211558062 -0.425724099865008 0.0235481285574476 -0.342129949834288
0.394820377211813 -0.473473341306111 -0.0186382675644833 -0.263861664691002
0.142829892240745 -0.618461309609067 -0.0814638827472 -0.0215164407700252
-0.150383335830324 -0.535483257295074 -0.0766164950971005 0.102732537180368
-0.36777859947481 -0.311433127484463 0.0879559361681886 0.238296504347951
-0.397599922505698 -0.128868978421717 0.226412226196175 0.183191050453283
-0.449370305360493 0.0170058261376237 0.292134642812433 0.0870336297236005
-0.415532312585413 0.121279226323826 0.268136504417433 -0.0123879081350964
-0.447162506609289 0.127421845299707 0.266801767066723 -0.024957525685655
-0.421848783985531 -0.0104053689646925 0.206498490915226 0.0393433631184087
-0.444379338428901 -0.12943739556968 0.101097743354249 0.0880914767275568
-0.378407456729808 -0.397144695102742 -0.038884099584439 -0.0385219271543454
-0.15254366820731 -0.571307782595508 -0.00753374645176301 -0.211115670940307
0.181700837281613 -0.523896232522069 0.13123889646095 -0.367441560291912
0.400991840250107 -0.450076155765391 0.333592038279505 -0.412567351458196
0.572931443059495 -0.54718698419326 -0.153869445552752 -0.189946497354677
0.441373871348376 -0.594365109142499 -0.116887608336777 -0.1468508353463
0.171429407693372 -0.753976865227161 -0.118823805992834 0.00899982590478262
-0.161807769580876 -0.668297279829286 -0.121106506855971 0.0821418700768879
-0.432037738837861 -0.421418768203764 0.00217120138352001 0.184598784244806
-0.484787866296314 -0.198542420531128 0.0754367601948243 0.145726647337034
-0.542284096035783 -0.022466803368859 0.11911649943571 0.105261455829758
-0.49428222456035 0.113911514047792 0.100112723887584 0.0336349685820414
-0.524274743433654 0.130215476037979 0.101132560536752 0.0141773821464274
-0.495110230609617 -0.021356139782457 0.0559402337525242 0.0607314867765862
-0.517234179054335 -0.145527685364772 -0.00464198474730353 0.0881419826926857
-0.449080373978521 -0.44194442381935 -0.106261227689576 -0.0166252347300051
-0.213652015372179 -0.649578469153195 -0.0556833281702558 -0.164516215192716
0.165926804573267 -0.629373619380629 0.0664076428295197 -0.258054599352225
0.440003668172149 -0.572672979702847 0.18929668558274 -0.262448470781817
0.536747853618995 -0.594272714675019 -0.338516961238661 -0.00637940418539505
0.399995836567171 -0.631582953752977 -0.225679148017701 0.00369544764582227
0.149673266693701 -0.767726528770517 -0.151767512013271 0.051019364427483
-0.164991804427541 -0.678836207640791 -0.155222799339859 0.0540384394444735
-0.430786338900893 -0.442065927996583 -0.0947891482329056 0.0976317381960635
-0.489887852121921 -0.224702612777465 -0.0985223954200893 0.0836884086350388
-0.550857617673453 -0.0518690542036879 -0.076870667271291 0.106123145610739
-0.499487969133784 0.0866587467634727 -0.0824674060335197 0.0746822501142523
-0.523937175048449 0.103475472536405 -0.0741215861492462 0.0566026905953901
-0.48877489030162 -0.0440530569816777 -0.100238431800625 0.0816444021703816
-0.496992789707313 -0.160322982258769 -0.113052069981643 0.0812244843841093
-0.418408532517664 -0.433097776264712 -0.156543567755909 0.00339034257700492
-0.205847770043657 -0.626929571746087 -0.0804259994005018 -0.102611614418894
0.146375543989833 -0.619200304180018 0.0237668013339312 -0.10964379707842
0.417784848193861 -0.594188189393063 0.0504812605216349 -0.0696897114952042
0.411560956452342 -0.550613041101525 -0.488601922406077 0.182161158865968
0.276409047546716 -0.559846904655344 -0.312175441433832 0.161462915001951
0.0904020439780391 -0.632408797141889 -0.171475596807344 0.0911020590238449
-0.142354786741398 -0.546524216948572 -0.17241100939436 0.0253774632365594
-0.348960404861605 -0.369124954670791 -0.182956023292854 0.00455952329979599
-0.409189082273994 -0.20273984143475 -0.259597077651803 0.0175141273218501
-0.468485982397023 -0.0696288859300774 -0.262435135646992 0.095538536616132
-0.427792309420536 0.0434110360779747 -0.251064083556203 0.104515997382881
-0.446382951896215 0.0484076943877989 -0.234453378554988 0.0855307519943691
-0.408767457690189 -0.0831272173428862 -0.236595536186843 0.0802788857522078
-0.385328465150512 -0.178787385904898 -0.2012946264755 0.0484060986567843
-0.28979764936183 -0.377154652203392 -0.177512516595026 0.00239505472039694
-0.12909968743667 -0.509236639947774 -0.0827992762046232 -0.0489229650749568
0.131176478409508 -0.50021500318506 -0.00358710353320717 0.0375346428681677
0.343000338444909 -0.510679605984491 -0.072186481544315 0.12567285739605
0.219992852582006 -0.417784440446934 -0.572006866115201 0.346339463030981
0.109493432933865 -0.386130291117224 -0.352766982432157 0.300118697570422
0.0214989972848145 -0.381091135750732 -0.168347226488738 0.12712485432713
-0.0877045375357762 -0.317842883990926 -0.163779444407491 0.00874805955719658
-0.205402199673024 -0.232215934215295 -0.238872526837059 -0.0692784113033839
-0.258455869712078 -0.147039400035842 -0.376416591318421 -0.0342941321765178
-0.310523573044293 -0.0741393345877632 -0.403277845594286 0.0798951697182594
-0.29111673555156 -0.00667713543739697 -0.380502466560092 0.115510441061732
-0.305507030717667 -0.015613887515084 -0.358328469129523 0.0861900019973733
-0.26804638687392 -0.113363448980025 -0.333693177042936 0.0436694114866483
-0.217917063160555 -0.174246283070855 -0.251562126207944 -0.0168037902580696
-0.118524262623585 -0.269763755415785 -0.165988890995336 -0.0226318770024794
-0.0297315896461994 -0.314070017881197 -0.0689151650533463 -0.0128289652978776
0.0985624210557335 -0.306642653810004 -0.0278446510298115 0.155265255229757
0.21953411479949 -0.352914856252643 -0.171544029327632 0.28636896744589
0.00667758154931792 -0.211284157923241 -0.577548467249502 0.460926681813103
-0.0500308829807998 -0.147734984226489 -0.337774891050025 0.403311759686381
-0.0229994985162893 -0.0872520276096393 -0.137547172499752 0.158147666541777
-0.00662439280429815 -0.0672421807939259 -0.12898202141246 0.00513373321977321
-0.0307288784868396 -0.082151787214378 -0.256235925689848 -0.113769860389376
-0.0702739954184374 -0.083245422606644 -0.431940172767465 -0.0614776730968681
-0.105816893641257 -0.0763146938677096 -0.480609079545955 0.0644164534956886
-0.11055589449987 -0.0546696840671303 -0.451090123956486 0.11141783565277
-0.120526136551544 -0.0656758488427951 -0.430429344230535 0.0606308375626324
-0.0962301667587142 -0.106635411670332 -0.376581091872884 -0.0198329329725436
-0.0404238146001648 -0.121268730642331 -0.254189823184907 -0.0981315810268
0.0282940922452743 -0.109594198127523 -0.124318315439649 -0.0562021447860456
0.0299451576829842 -0.0800437921546034 -0.0464248628696121 0.0115759620591372
0.0222453459912096 -0.0910202447031967 -0.0529890629381632 0.233291415546767
0.0534116321102159 -0.158306387077132 -0.23714947918781 0.392928021872348
0.201122520861436 -0.0537645875685001 0.223523885531418 -0.503830035651944
0.140695535673846 -0.122400569391591 0.0598213530743072 -0.359973221586917
0.00371661262109998 -0.173836153227216 -0.00797430300842627 -0.0377819092936722
-0.106654477748223 -0.108635399682273 0.043336780321462 0.0990851979882468
-0.119898706649913 0.000400171407798211 0.217731497977733 0.198847345648737
-0.0871191161973432 0.0435920579761806 0.39884347985496 0.125477003898849
-0.093790358379595 0.0778948157714266 0.466427050528077 -0.016354969808843
-0.0868398693301737 0.0905457465456972 0.455792517116859 -0.102473040337505
-0.104113768076009 0.083225127776748 0.464451301865266 -0.0768644172072378
-0.111698369723737 0.0373501580114885 0.405112086106195 0.0137093323231041
-0.141186808685736 -0.012316863219397 0.25771181257283 0.0875851739246237
-0.131581780688585 -0.123893048305731 0.100389874481477 -0.031891559007541
-0.0138801871552477 -0.178412515704503 0.100823127928733 -0.191892704973208
0.0930002889777924 -0.109135940355957 0.251097502139885 -0.383285598222008
0.128793735661697 -0.0379887721213382 0.523986800355875 -0.487560844684828
0.367269172538124 -0.264712719306678 0.148029590101318 -0.448958170483561
0.26874776230483 -0.316073830275547 0.0355296698586158 -0.33269498235666
0.0592506812000591 -0.410691832434146 -0.0439593567432763 -0.0352125503083044
-0.146557757829205 -0.325408576713342 -0.0189081810073918 0.108366596608692
-0.260839767127689 -0.147070112795779 0.167305345267188 0.237238154102991
-0.258678577878072 -0.0323758162268187 0.340816001644128 0.167423894417962
-0.288466365262304 0.0640860986174665 0.411982285095541 0.0347909269834661
-0.266251781332695 0.122822145657245 0.38944615771431 -0.0672879773946185
-0.29448961231653 0.116044504823024 0.390255960946457 -0.0638655768491824
-0.285795979566717 0.00940365095203555 0.327748302536601 0.0165038554930031
-0.305917513787784 -0.081843901498573 0.193394240309935 0.0835031690680654
-0.263749935286848 -0.281551971140598 0.0323578547111471 -0.0428196483159025
-0.0814510883284167 -0.400798578881128 0.0452841010344333 -0.222296654010541
0.154904260266967 -0.340050316676823 0.190242872427916 -0.41085251208426
0.284743871742756 -0.26595639584546 0.441449338476238 -0.497183950797284
0.494591910308506 -0.441145955340136 0.0140535956534218 -0.34001776530902
0.376596299941541 -0.47911397751653 -0.024686340183201 -0.260749588646409
0.119848125364626 -0.613540023619374 -0.0794824344200886 -0.0224259885866393
-0.16466426079223 -0.526625000703409 -0.074257038580411 0.100634534151566
-0.372715951785989 -0.297403350904403 0.0977755556210391 0.22993761936397
-0.401710270729376 -0.117100431621258 0.232653112025321 0.173458560217985
-0.447093403779341 0.0327481745842385 0.2920858292595 0.0741723575839906
-0.406299549377761 0.136574041774339 0.263165093975578 -0.0205453038291715
-0.438073628631333 0.143584697710109 0.261329785286541 -0.0342439338110314
-0.42134162130292 0.0027813409711729 0.206356513529119 0.0298843385435225
-0.443553821085416 -0.113501809345522 0.104705446500481 0.0817085578522646
-0.390791024437482 -0.382340115780367 -0.0400105544726254 -0.0343863222750509
-0.171899827326039 -0.563778281764074 -0.0147504920824843 -0.210508113816429
0.164847600272415 -0.528631964542114 0.11683253624843 -0.368172532298747
0.382974207887345 -0.4617012070103 0.317943918713018 -0.417405650553534
0.548657760318692 -0.563732011950059 -0.156796934682207 -0.183821718634878
0.419947754600962 -0.601013064989247 -0.117298886834744 -0.141593674186425
0.142987285712403 -0.750637761887749 -0.115085362920179 0.00983142109988856
-0.180616467027967 -0.661249923855293 -0.119735803974357 0.0825235997320605
-0.441445565503485 -0.402112446936271 0.0112580504672877 0.179452121499974
-0.49058910568767 -0.18206054646685 0.080555005051499 0.14236006949556
-0.540933969575363 -0.00145405051922721 0.121545126480441 0.0964165640790742
-0.485292538594213 0.132097250305673 0.0992535321853803 0.0297351903170124
-0.514087370496798 0.150177031653875 0.0987453467226499 0.00991009970457454
-0.494363268067769 -0.00547655966966934 0.0579647774260454 0.0568597833366838
-0.516567653601351 -0.126441780782063 -0.00100202798560082 0.0855002480633933
-0.462206730747267 -0.423536139984169 -0.105254017362097 -0.0112210220951847
-0.23488663895795 -0.638727306423022 -0.0616861829785487 -0.164063220863719
0.145463870375934 -0.632746063735863 0.0563778426725381 -0.25811798493409
0.417913677777678 -0.585358160962947 0.179229622993335 -0.265112792953112
0.511641499227318 -0.610081526701528 -0.333038839294122 0.00411224265311103
0.378796266986539 -0.640411718721389 -0.220436653161683 0.0111832707095068
0.121919423356361 -0.765053561293833 -0.14750393478117 0.0530583334873187
-0.185518760825326 -0.673881650522828 -0.154514885963632 0.0560311537534955
-0.442539494618781 -0.423685517187819 -0.0885554898230593 0.0971627228403952
-0.497246386503229 -0.208336726719967 -0.0941821950754857 0.087358120965915
-0.55013463245823 -0.0299035237859983 -0.0722043449292907 0.103691061877193
-0.491230978578367 0.105208605689964 -0.079581153449663 0.0755551857643638
-0.513879780752679 0.123749081349519 -0.0730941224206275 0.0581107393906164
-0.491300259836696 -0.0286502273453624 -0.0968731281807826 0.0838531931081069
-0.49813471706131 -0.142320009321529 -0.108635839411208 0.0826574370241036
-0.432337920735768 -0.416161548840994 -0.153668317727429 0.00967736121997229
-0.226840766205744 -0.615756174702183 -0.0848411704443741 -0.101661955032481
0.127695704700012 -0.620368354140735 0.0187266051774833 -0.111033790690735
0.395445385676271 -0.606487800359742 0.0471873450074932 -0.0686405576053861
0.390511855376404 -0.562706844748163 -0.476206626289291 0.194514613906426
0.257852892007756 -0.566328225768252 -0.30195899981311 0.170603088832931
0.0667286846045743 -0.630374289009497 -0.165855601198427 0.0952445448392072
-0.157981965866987 -0.542975913067033 -0.172006503415112 0.0292543274901386
-0.357809250776213 -0.353967967937057 -0.180216945498343 0.00848138181086559
-0.417154189775836 -0.187970183211824 -0.256620193939565 0.0273551862947332
-0.470399054392284 -0.0496904902723424 -0.255262030567511 0.0996360173518778
-0.42264253764288 0.0611160413099511 -0.244863642608074 0.109485356101007
-0.44100782930991 0.0661435409959703 -0.230316971377482 0.0916062765515694
-0.412458193820617 -0.069463524561665 -0.231621404894648 0.0874686099058647
-0.387817261561065 -0.164271107216439 -0.197783903450975 0.0540841038306594
-0.302504029102324 -0.365844287839392 -0.174498260463107 0.00899244350431896
-0.146220438869967 -0.500196193663059 -0.0851709961222563 -0.0485049725902066
0.115504421800503 -0.502986421486968 -0.00336970359772058 0.0359010238164903
0.324296963587324 -0.52234161186635 -0.0688451857457476 0.129517521117435
0.204962750676991 -0.425542770853886 -0.554596814953486 0.362104514834658
0.099324837425361 -0.388239745010942 -0.337236479689635 0.308594971689679
0.00880372059613102 -0.379984106546346 -0.161988297215868 0.13175089017453
-0.0977636719793253 -0.315542351899801 -0.163385819694496 0.0128830968272926
-0.210980949436227 -0.222560669682753 -0.239966477310147 -0.0617549289700096
-0.264523252676429 -0.137195128220683 -0.37466391332514 -0.0191754486342097
-0.312931502639192 -0.0600916766669818 -0.395255986042777 0.0900166232736566
-0.290375099274785 0.00678426516360164 -0.372015898536214 0.124459558115595
-0.304546645866555 -0.00292541136582393 -0.353188717149877 0.0973692722153112
-0.273562100033339 -0.103718241087074 -0.328421816777217 0.0551747429406152
-0.222486615882777 -0.166608789214341 -0.250209921525604 -0.00825432383199937
-0.128331873680645 -0.26578530905228 -0.163568694991181 -0.0170077209597141
-0.0415561301575613 -0.311345465465884 -0.070048399020837 -0.0123062948960436
0.0892808927806729 -0.309428319696378 -0.0234820770128434 0.153439902320079
0.206593736696906 -0.36081189341614 -0.162350440649667 0.292184319254071
0.00202724059919977 -0.212384736386305 -0.556526452964308 0.47285916082057
-0.0524064180558083 -0.145743906320545 -0.320482750220679 0.41090897138843
-0.0256963397915742 -0.0872795148798402 -0.131337073455627 0.162450872345618
-0.0086426217982659 -0.0678543653032599 -0.128095711666698 0.00927938181287864
-0.0332220951166951 -0.0796762189077556 -0.259646467281949 -0.104449766080762
-0.0739146263954036 -0.0794989867983117 -0.431287780110413 -0.0447951230509167
-0.109219328618605 -0.070055059751852 -0.47325516957861 0.0792700437397946
-0.113553478350076 -0.0482387363222067 -0.442449796255172 0.122310879745428
-0.123797950893538 -0.0594844473845595 -0.423785118091129 0.0747295463960619
-0.102022491494709 -0.101899634158737 -0.373347324472647 -0.00632664704589651
-0.0461099402469354 -0.119873071265346 -0.255212330927244 -0.0874607430880533
0.0224737294079434 -0.111379251529073 -0.123160591409994 -0.0519959237892167
0.0260653976435548 -0.0823258214241146 -0.0472966358358057 0.0122468239675361
0.0198053828967374 -0.0928041769636988 -0.0454209424991068 0.232021778919883
0.0494335183465094 -0.161378935242396 -0.22509680882453 0.39960285557673
0.198751982395578 -0.0594326780578832 0.210756665325266 -0.51713050247716
0.138046433607792 -0.125625057479775 0.0481257283852981 -0.365960156021204
-0.000314616597707235 -0.173980273980247 -0.00909040489108631 -0.0402630309936765
-0.109432725621717 -0.106304694698247 0.0466379435203558 0.0959840306871591
-0.120667643637305 0.00267363174616988 0.228059467516648 0.191167263966953
-0.086366487402449 0.0448158504321641 0.408344799485863 0.110728020296198
-0.0916623610469349 0.0819174852271873 0.469685330747551 -0.0316774304324281
-0.0827329917113846 0.0939174199474754 0.454522051541892 -0.115974348066186
-0.100633900862338 0.0879323307122696 0.465250604205852 -0.0948917779679633
-0.111922746329114 0.0408960869737204 0.409354327876696 -0.00255508771635693
-0.142384879430118 -0.00732653603159851 0.26509060764915 0.0780437628001392
-0.137367155955249 -0.119677576920287 0.0996798774654713 -0.0333686878655977
-0.0203746920549598 -0.179456243665691 0.0963172323587964 -0.195138984680761
0.0900485367593044 -0.112758102671648 0.240311244578304 -0.393205329851456
0.126419148510114 -0.0421784703178759 0.514578291310222 -0.508942891784737
0.359468868884005 -0.279551171632669 0.136474039906849 -0.458106007109521
0.261618961253471 -0.325460734259766 0.0256717296906527 -0.336520178107032
0.0466385032077334 -0.412894653529761 -0.0443316444484403 -0.0372670308830956
-0.156007362524057 -0.324390761342528 -0.0171268589278189 0.107179524821689
-0.26689838441511 -0.141845478290042 0.178634108783149 0.230442141012585
-0.263381740610869 -0.0261059680589504 0.351036432103309 0.156328462938263
-0.289778285220056 0.0745183416064506 0.415828967721436 0.0200343796270479
-0.26265861739424 0.133195962310017 0.388202179397745 -0.0789405369076444
-0.29193421943909 0.127938526047019 0.390005398517125 -0.0790496337150865
-0.290789964749567 0.0180584093897501 0.331265340049832 0.00305176011957444
-0.311638418986437 -0.0716113199033278 0.200271778856744 0.0758906171358883
-0.276584523144577 -0.276045618686225 0.0310032264267049 -0.0432522188183089
-0.0973361638695952 -0.402582033108779 0.0380308763867884 -0.225688590945709
0.146769321180367 -0.349288375204162 0.177255555113123 -0.41983269757563
0.278033823623163 -0.279333019306653 0.430965473768909 -0.515249912216011
0.481513340982145 -0.462968660911551 0.00449973958812482 -0.343750919142436
0.365011846806515 -0.495762659826365 -0.0308597156060949 -0.261804920074953
0.100008715048679 -0.618736474372564 -0.0792844210817156 -0.0234565804869078
-0.180574338636137 -0.529237896762867 -0.0749302728483936 0.101487019969354
-0.384734755024331 -0.289161381238182 0.108632950060096 0.225493882829493
-0.412084241064871 -0.106606507433373 0.24181359112223 0.166853205503013
-0.450809445417382 0.0498417131642087 0.295709468475951 0.0624400726456961
-0.404158640873951 0.153243064072699 0.263343411303245 -0.0286149855171071
-0.435782656214805 0.162172825652679 0.260354930350501 -0.0445013380831739
-0.429305473896099 0.014778099572271 0.208597544234008 0.0213788196532054
-0.451045009991323 -0.100193229639696 0.109868884031288 0.0768876625349443
-0.408858270443213 -0.374108987112134 -0.0413209820177515 -0.0328425050792169
-0.19380652676603 -0.563529129070308 -0.023319636126924 -0.213662096455557
0.1517322166631 -0.541560829953626 0.104959257416853 -0.373513732231294
0.369783347961297 -0.483834983714099 0.30753148904818 -0.431133388327443
0.532624159322782 -0.589646319353983 -0.162102635786268 -0.180938578211071
0.405900475324865 -0.619427326947106 -0.120016135482493 -0.138934379232546
0.120543824391158 -0.757963878863049 -0.114174701804061 0.0105160814291873
-0.202971316653137 -0.665091499207437 -0.121095220238916 0.0845587409110899
-0.459156204466217 -0.392801374771106 0.019343703093269 0.176611164279219
-0.505035676994016 -0.170450488793265 0.0870866565142362 0.141255787405036
-0.548842575638233 0.0182367954226557 0.125529681758261 0.0906054180295488
-0.485670397003658 0.152333980885091 0.0999366017730812 0.0264441939668905
-0.511553276734945 0.17236320741704 0.0981303845989616 0.00666464415107524
-0.505325228824706 0.00843330924263464 0.0595827738028524 0.054361913886943
-0.525186857408796 -0.110643151230538 0.00245803465029194 0.0840721315797092
-0.482121965656148 -0.414257355816943 -0.105896434319113 -0.007352374956704
-0.258308634237193 -0.639852665228537 -0.0699890850114171 -0.16557322078226
0.12915363863947 -0.64513030425091 0.0470819873787818 -0.262074195563044
0.402603699339647 -0.608887541460432 0.172193197060021 -0.271821408519853
0.49259989018384 -0.635301855215212 -0.334105134969541 0.0144152971142117
0.364962471502715 -0.654775297132061 -0.218760989526844 0.0176007780715365
0.0972612070082741 -0.774555588050079 -0.145303408132354 0.0558102472384937
-0.206657064503645 -0.678698343877605 -0.156955496839195 0.0600568474097612
-0.459130035674028 -0.413433385713368 -0.0844059424111004 0.0972638270040281
-0.51379823961222 -0.193250231888517 -0.0916260838945753 0.0925499486287351
-0.558948210746707 -0.00869383149472728 -0.06914460127089 0.103650657646987
-0.491052827798796 0.124899194036156 -0.0789178964774812 0.0772682205078575
-0.514053322490628 0.144395145771109 -0.0732846304316665 0.0613830219062565
-0.50147534009763 -0.0145647853008042 -0.0952830710055666 0.0872871778003932
-0.505555007695722 -0.12890003870428 -0.10742377860159 0.0854320662273357
-0.4524365539482 -0.408585342687615 -0.153657649493463 0.0149760009667848
-0.251853316706408 -0.615242100611772 -0.0904396636060324 -0.102229484366695
0.11134262155664 -0.634729099853194 0.0133202351691475 -0.112535749249618
0.379888669129866 -0.630885843127611 0.0446577915409319 -0.0685777441111554
0.373855649269674 -0.58376812725677 -0.472773989053319 0.210959721013474
0.245238451007737 -0.579662831621015 -0.295611371956755 0.180715595485594
0.0468636710791866 -0.63809938618806 -0.163185660169274 0.100142978595044
-0.177556864876402 -0.545830419732399 -0.174102652850316 0.0341715466365791
-0.374362147359661 -0.345293568404563 -0.180898418053122 0.0119835562608973
-0.431608256981163 -0.175166434765551 -0.258741829103528 0.038119222324854
-0.478847904893576 -0.0306767907122473 -0.253996824316082 0.105199572373772
-0.424268071338086 0.078764389145568 -0.244231519643319 0.116209444425526
-0.442691629433303 0.0846811185238224 -0.229268735790232 0.100653091025987
-0.422747120055048 -0.0576934638904088 -0.231204579624733 0.0962622689024428
-0.39689919794606 -0.154533755908658 -0.197559563485673 0.0601456521971341
-0.319627859343009 -0.362204354955934 -0.174326947217956 0.0146144211213511
-0.166212386431428 -0.501735044836876 -0.0896979127827914 -0.0479204753792764
0.102895336111673 -0.51316553872174 -0.0041260653707333 0.035257448973041
0.311706273807297 -0.541654622321015 -0.0657787626336793 0.135695327389168
0.19361217791166 -0.438596511152069 -0.54685289810804 0.379549397170354
0.089653646497168 -0.39584619217364 -0.327752362079444 0.320550632835662
-0.00422601425481185 -0.38581159955103 -0.158487544626403 0.138354783784198
-0.108843463229107 -0.319606583499404 -0.165926909560566 0.0182985214384746
-0.220141299558384 -0.218189734633563 -0.244731865965789 -0.0561736495516433
-0.274776053481357 -0.128685832593845 -0.37942195121127 -0.00485764022983899
-0.321031185729944 -0.0469920615220881 -0.395559650732205 0.101463137452723
-0.293820223948921 0.0187097933119381 -0.371481015944815 0.135111733874456
-0.308121608531534 0.00934087996454815 -0.352645521299798 0.110109599365818
-0.283652539077141 -0.0955201340383352 -0.329439611942424 0.0677494837004702
-0.231360612302509 -0.160709754116628 -0.251824160592105 0.000748975437398551
-0.14031263474241 -0.265509290820188 -0.163534973842141 -0.0128511014968375
-0.0536040766004777 -0.314716778735473 -0.0724426480391664 -0.0119397060733317
0.0809736893138311 -0.316995566427184 -0.0199211387311179 0.154360291179973
0.198474478016231 -0.375238599516267 -0.156763884702252 0.303865419106243
-0.00373736649020995 -0.216662676476643 -0.545667278177298 0.49167299153794
-0.0558622579543622 -0.146151103371509 -0.308323262601718 0.424068909495661
-0.0289688116313831 -0.0887636599966347 -0.126720926320711 0.169281936405516
-0.0111519706179555 -0.0698610391426147 -0.128727065484699 0.0138739203458293
-0.035474350537431 -0.0793773728108163 -0.267349319563544 -0.0967476669123283
-0.0789546981891012 -0.0770864758732045 -0.438282579149236 -0.0285922961822219
-0.114271905543804 -0.0652307495610807 -0.473731391133413 0.0916884474305197
-0.117680856570529 -0.0427178925382797 -0.44177936989378 0.134272210074029
-0.128522932277661 -0.0540751597586438 -0.424117478844066 0.0891119166340922
-0.109249246346994 -0.0989822165561746 -0.375955962331192 0.0078294070445439
-0.0519529782128701 -0.119934284651927 -0.26053968257531 -0.0787956929030288
0.0164892811760919 -0.114506822659498 -0.123922267891917 -0.0494424357884758
0.0220669157561803 -0.0853031337425621 -0.0484231090701096 0.0131803241705006
0.0176890462559555 -0.0964596296796664 -0.0394994770061093 0.233570380825774
0.0457302629902248 -0.167870518056346 -0.215844129921046 0.414782023479836
0.196799820598391 -0.0686268709430297 0.191576729781193 -0.537102184833807
0.134599444234731 -0.133250120604829 0.0303629178373758 -0.374678288181599
-0.00796800779152007 -0.175689843769541 -0.0115443790746768 -0.0431426385232721
-0.115096905857642 -0.102546791006745 0.0509123452866886 0.0927408887425578
-0.122213936874945 0.00707764021351719 0.24221600943639 0.180250455306901
-0.0862337447049547 0.0473374275131829 0.421610584970916 0.0902942306358955
-0.088317485048108 0.0877663878246444 0.475133594221205 -0.0549884519290329
-0.0782293751937667 0.0987842005627928 0.454929574824612 -0.137718494648844
-0.0959850567232343 0.0945024714878317 0.467029380434944 -0.120713915215466
-0.111381995274182 0.047295446711624 0.416086912412902 -0.0254809995367016
-0.144619258145859 8.79816329874914E-05 0.275180896483189 0.0650789362334439
-0.145209785950947 -0.113599777116898 0.0992976738655243 -0.037380184665917
-0.0313916323789576 -0.18094941393721 0.0889701992022156 -0.200932628003008
0.0853982226064566 -0.119169913642007 0.224948634452317 -0.408286515606265
0.124184670531258 -0.0492420695641928 0.497947270905722 -0.543086495937563
0.348787066370949 -0.301978658964828 0.117588707755186 -0.473401203594622
0.25135569528127 -0.341554989117615 0.0106119539494772 -0.344438143376137
0.0283229774437171 -0.419281772520929 -0.0467539084166976 -0.0400472991247197
-0.173684737944205 -0.323613608250338 -0.0152014446920341 0.106855649130064
-0.277058336180516 -0.13198019214306 0.193715148475558 0.222247136562432
-0.271842369845055 -0.0156076643600101 0.366426190886208 0.140161946843235
-0.291548803415758 0.0915719208995636 0.422852624416719 -1.7891980694179E-05
-0.258451193495402 0.149138591216208 0.388683998193189 -0.0967967840953722
-0.288269323369357 0.146089882183225 0.390752884663902 -0.100626350131112
-0.296754208525503 0.0323741199800186 0.336025209695078 -0.0155717778936499
-0.319284381507356 -0.0579776098343777 0.208208709216996 0.0652026941725096
-0.296019169271484 -0.266326433852352 0.0294823097789379 -0.0443951310017842
-0.120566210225509 -0.40500556337138 0.0279620045064203 -0.230740239246081
0.132546392582782 -0.364347605137455 0.159577807553927 -0.432363872342506
0.26697373007722 -0.30051575573519 0.412591286616466 -0.543053647558438
0.462999237571179 -0.495119678595721 -0.00965729755267443 -0.349446317417425
0.34890487650991 -0.520600431867195 -0.0423608459179587 -0.265192835954455
0.0720700578807509 -0.632162850168878 -0.0814556415417127 -0.0232781163499318
-0.207570485006999 -0.531709401325669 -0.0744466919517861 0.104348381408107
-0.40427840221918 -0.275061824447476 0.122421414140722 0.219718192440757
-0.427830490525094 -0.0897157224747648 0.255424077502269 0.156817542508509
-0.458193544186666 0.0747510261239116 0.302918786698517 0.047568309151004
-0.400679658923811 0.177649116321369 0.263943497808879 -0.0404900807529708
-0.432864021165448 0.188527334287484 0.260567373667212 -0.058788326626099
-0.439867036437 0.0360489962642245 0.212263409038397 0.0100193653244265
-0.462997181285272 -0.0798587983322704 0.115634187200003 0.0706099527532243
-0.437038745248413 -0.361050944138472 -0.0429011480008016 -0.0309841924959054
-0.226201420908474 -0.565151071776405 -0.0353070634602383 -0.216778561214411
0.129655192918313 -0.561705870779739 0.0879406096001818 -0.382987045238815
0.351685290303827 -0.514278082692435 0.291596579593507 -0.452599190788504
0.50638763853823 -0.628033845284291 -0.171573290414225 -0.175439740970702
0.38347684677883 -0.649067410835872 -0.125676831785928 -0.135551483478169
0.0842963544069893 -0.773697026061065 -0.114267911994083 0.0132537396737865
-0.237876133490278 -0.670028024882786 -0.122362978313965 0.0906323070041463
-0.48497762239268 -0.377411573709361 0.0293295697834877 0.174672124422964
-0.52587814995917 -0.147993269279489 0.0965985446552252 0.139903909375627
-0.558527615583276 0.049770141870133 0.131030070338522 0.0833187901917628
-0.482937822993221 0.181261570197681 0.100784085147941 0.0225024709882479
-0.510256806643366 0.20293933760984 0.0980792328234497 0.00211455186787746
-0.517613658661156 0.0328973592195155 0.0619030253324822 0.0517451390659336
-0.539593538589121 -0.089565043815983 0.00635635990017703 0.0840309759719017
-0.514441118326671 -0.399410973879109 -0.107573198351784 -0.00211418146478616
-0.298656835795352 -0.639394579193368 -0.081152608731451 -0.166577040382281
0.101833209916919 -0.666628056078194 0.0331244427435588 -0.266745156113391
0.377668477831926 -0.644779448529031 0.16204410228567 -0.283262514634951
0.467695435843831 -0.672724923145221 -0.337318317841494 0.0303092684962609
0.341638280673016 -0.684770415405703 -0.21768435120807 0.027684021723876
0.0598863430755032 -0.791791664990217 -0.143664860859209 0.0619375886968942
-0.2429013897412 -0.685202089204686 -0.159753765298484 0.0677287413697261
-0.486585729715387 -0.398562378992158 -0.0812730851535622 0.0994743416000899
-0.536784942278898 -0.170912582501513 -0.0880309643659288 0.100135998146518
-0.572068450133474 0.0215352769974597 -0.0662323409991021 0.105721009208525
-0.491797091369896 0.155229555151611 -0.0773978715922005 0.0825217598417372
-0.514307080885235 0.174192259712543 -0.0726952271718561 0.065823905239024
-0.516718226083384 0.0111136867236832 -0.0929092727589536 0.0938581264620843
-0.519555361656202 -0.107119290060379 -0.104520674188302 0.0909975444680202
-0.482468765824241 -0.394237997942283 -0.154341183186235 0.022182659989189
-0.290171225613786 -0.614802524022923 -0.0999323920249596 -0.101896552751984
0.0840915596754732 -0.654576847325596 0.00650752289602734 -0.114738798601578
0.353976398457593 -0.665864752848279 0.0422543950530636 -0.0697866037996184
0.349016636168062 -0.615571673112631 -0.469133460883571 0.235985824269117
0.224756184030398 -0.602008504649594 -0.289247756629765 0.197048409529681
0.0153188197586546 -0.652455489124135 -0.159661020778178 0.108815839795474
-0.20632914970762 -0.552355058937926 -0.177774898473238 0.0430671326533526
-0.397220926771729 -0.334494390985898 -0.18380932521958 0.0188268970506251
-0.451009132322358 -0.156725028392933 -0.261498876420962 0.0536774863094713
-0.491019610608807 -0.00318683238831229 -0.253385119049988 0.116521771295889
-0.427279574068479 0.104872096308104 -0.24230686134889 0.128469610066274
-0.445147901114625 0.110723251874853 -0.22885719142742 0.11302905664967
-0.438163434982684 -0.0370016351823936 -0.229751549044368 0.110231932219138
-0.410159769958014 -0.139247202067014 -0.198365479446898 0.0703288820127723
-0.344773396209579 -0.353924230600764 -0.175291426347625 0.0220831896720111
-0.196964801580209 -0.502804174642109 -0.0960872342366615 -0.0464220424603555
0.0812421268853814 -0.529571972975658 -0.00438625997839425 0.0361255153703735
0.28883001523676 -0.572979071761516 -0.0609228246802869 0.143523271954385
0.175280146711842 -0.458362094113472 -0.536092637169551 0.409810332738497
0.0751479876751413 -0.407686241549536 -0.315620460049744 0.34118704318811
-0.0230403550416212 -0.394101572269716 -0.153785201190631 0.147779040288532
-0.124973506345502 -0.323547504186908 -0.168406618010213 0.0269731532174117
-0.234358368722118 -0.211271559995188 -0.253338767446392 -0.0463217820329488
-0.288462771594017 -0.116876800184196 -0.387566455724573 0.0160864335926738
-0.330917801130878 -0.028506585225668 -0.397585785654433 0.12013678297582
-0.297878510119648 0.0370289064082856 -0.371987673645334 0.153438397968849
-0.313271170781362 0.0283441978765441 -0.352543887859192 0.129584839233012
-0.297361093441822 -0.0824008308504118 -0.33071067760279 0.0865407360974249
-0.244242765740673 -0.154205813111782 -0.255848014539655 0.0128171144304127
-0.158694915095258 -0.264654536001241 -0.165239510114346 -0.00574164989778968
-0.0727090930210333 -0.31843401042127 -0.0770409140591865 -0.00955258866204033
0.0684974155230361 -0.328995800557471 -0.0141060811748799 0.157864477825037
0.183211143535025 -0.397056703254405 -0.145146242151187 0.319893597493084
-0.0133450540274446 -0.221880828215077 -0.530615436010369 0.523118225001186
-0.0624159520365011 -0.146624728650613 -0.291893450312984 0.444469523975026
-0.0340745461448554 -0.0903474484741087 -0.119235267216849 0.179375688252212
-0.014369997892512 -0.0724761933881426 -0.129882121359452 0.0208274929269969
-0.0390726427484396 -0.0790615460793364 -0.278447684818137 -0.0849128114054023
-0.0848159617656113 -0.0733125993647571 -0.44859723620039 -0.00603774756250654
-0.121434774847614 -0.0583891004776203 -0.476572921270848 0.11559207075212
-0.123175899794522 -0.0358644811765407 -0.44251611803906 0.155575083640167
-0.13502635469584 -0.0461172150484773 -0.426446311236565 0.111766333173728
-0.119464638295443 -0.0940042988361785 -0.381066041601616 0.0281212551277503
-0.0607396862665697 -0.120041262004923 -0.267498774864905 -0.0661445062220758
0.00882705793433774 -0.11888401470274 -0.126670717674836 -0.0450649267624804
0.0166476836700936 -0.0890352764439127 -0.0506578086111782 0.0153540934584685
0.013758204821873 -0.101602368375484 -0.0295210327873877 0.238909319674349
0.039497556116499 -0.176670353415863 -0.200973237448017 0.436470077609382
0.191519824765605 -0.0804823821280381 0.157668966974133 -0.55329760673147
0.12693681905007 -0.141770455688343 0.00539610391720086 -0.378465536508793
-0.0181822161089678 -0.175023955315899 -0.0152765005634493 -0.04491934347775
-0.121414889687279 -0.0966401017592682 0.0540968557551871 0.0879226409573149
-0.122390906763543 0.0142619147147511 0.256092256663964 0.163131517787926
-0.0849400587863752 0.0512292028800157 0.433079313467134 0.0599561667015929
-0.0822488121438066 0.094428662324447 0.474497714517399 -0.0861494125861446
-0.070632858861371 0.104291225015586 0.448278317387502 -0.164687701104702
-0.0886145779985531 0.100988307507544 0.459390360631321 -0.154262891432931
-0.108687281852728 0.0550038821303514 0.415839176934545 -0.0554527120505918
-0.14465213505783 0.00955794698393539 0.282461205570342 0.0462451285549359
-0.153631166062676 -0.103367805048105 0.0970037214573301 -0.0423226392359918
-0.0441583219531843 -0.179352792552442 0.077243938384444 -0.206452205926163
0.0778604733505756 -0.1253988783201 0.200597995211196 -0.423417569330509
0.119678170646955 -0.057267808722088 0.465142706055164 -0.57814708677295
0.326753113239512 -0.32668654828969 0.0895626606785292 -0.483473997818396
0.229907099906563 -0.359925665477767 -0.0112335207501988 -0.346281691167148
0.00273173984491997 -0.42134038652097 -0.0500544438876795 -0.0395932597924654
-0.193325966238807 -0.315676801167296 -0.0117953822444706 0.106747020952384
-0.287150970397718 -0.116240043546552 0.209649563576822 0.207364373591026
-0.277405410005163 -2.21483551953935E-06 0.380135196653589 0.115680994705247
-0.28712037097511 0.113156097567165 0.424620023020771 -0.028943220136212
-0.248796610782362 0.166704129518993 0.383537813764859 -0.119256891226546
-0.277651490226489 0.16597146492389 0.383959294792267 -0.127492486297274
-0.298970485174875 0.052418553849789 0.336269709105377 -0.0398554859835984
-0.324687644582283 -0.0381718962615861 0.214536970615015 0.0504974353257463
-0.316266590415847 -0.248532452003505 0.0263580966787303 -0.045370455910975
-0.148304257979905 -0.399504136075078 0.0121206996589686 -0.233685574006336
0.109749347323575 -0.377329015358941 0.133291058274479 -0.44284737455623
0.245803309990694 -0.321073021644667 0.378762409010712 -0.574719598961417
0.427550922391272 -0.528882017848677 -0.0302524156036881 -0.350354750114905
0.318388888143602 -0.545414970960547 -0.0578846349087934 -0.263618556804965
0.032191189408252 -0.636306601022829 -0.0826774006373676 -0.0215878725806266
-0.240958754795808 -0.525319848916101 -0.0729014734028517 0.108366224678722
-0.424000569558679 -0.252372220459349 0.136937795670035 0.209197320034743
-0.440116935059831 -0.0634823298489668 0.268552342820588 0.141120039765827
-0.456518641753206 0.109446675979478 0.307332121969569 0.0260339146771636
-0.39076263406726 0.20553705852417 0.261714645776944 -0.0556001911312217
-0.419471377239006 0.219728987310485 0.255505049719062 -0.0756283881280599
-0.443756859070849 0.0653829909861976 0.21265250285077 -0.00543532548763445
-0.470578406276932 -0.0519200235433864 0.121377358847685 0.0620951874847504
-0.466347586035554 -0.335574515079349 -0.0457625635306167 -0.0275103541446059
-0.266678710696115 -0.555466231654244 -0.0512349896735777 -0.21605324793537
0.094965988562103 -0.577274308689607 0.0627002258842261 -0.3877802735279
0.31690398689814 -0.543133082042806 0.262937029009816 -0.473102933155946
0.464550881414199 -0.666479389630537 -0.181103088558355 -0.164485513033934
0.346765699116146 -0.677437603006538 -0.132664339051269 -0.129098767248096
0.0357161613737278 -0.781884386878235 -0.113726994127728 0.0171438630691579
-0.280220134612865 -0.664363799107542 -0.121326607275839 0.0984921676925285
-0.510808123133965 -0.349474898901687 0.0394314472371252 0.169946378130181
-0.542723578051712 -0.114240013124022 0.107483613015979 0.135635794361826
-0.560892090558006 0.0907898486394848 0.136586265889268 0.0732333518324306
-0.472514206693743 0.214915698777783 0.101484946850816 0.0177453458048573
-0.496474841504354 0.239540831047818 0.0967799867543235 -0.00429107216420418
-0.524097714212545 0.0697125770070024 0.0649377070452721 0.0476679359199913
-0.547340227909346 -0.0556504925053754 0.0115555074680899 0.0826391953505314
-0.547835585211404 -0.36968560904409 -0.10833737232349 0.00488494447855967
-0.344995647074528 -0.623907665186701 -0.0949240260324595 -0.163126969282049
0.0606346281345533 -0.682142792688562 0.0158226753737917 -0.267768434872262
0.333754458350767 -0.678888087505635 0.144025403497043 -0.293796915941637
0.42337244021156 -0.710460873213391 -0.33556572468479 0.0528934160381565
0.300025499081356 -0.712262152135529 -0.215015616203929 0.0413903707534684
0.01162592929422 -0.798248861537439 -0.139927876978022 0.0687458185730187
-0.288850180373832 -0.679989358996633 -0.159089422143902 0.0787222582649988
-0.515726087566977 -0.369849213904487 -0.0756057856381121 0.102610620397516
-0.554475286514702 -0.135612068821535 -0.0815891370867746 0.108149141757222
-0.57605292449687 0.0646526467222188 -0.0607215916373413 0.108409110100042
-0.484116844933352 0.190570950955794 -0.0739211926529711 0.0881312220024062
-0.502546025031155 0.212724295056903 -0.0697726734843777 0.0714417862006337
-0.523408313790422 0.0459982251951053 -0.0874552490704789 0.101181740134589
-0.530159387046933 -0.0757880002070507 -0.0997955179379298 0.0976532030120884
-0.514144290301071 -0.367700067875354 -0.153833371460019 0.0320370729038154
-0.33370704069637 -0.600318378347299 -0.110601419165262 -0.0968021833376624
0.0435260563527996 -0.667938342041221 -0.0022726143203569 -0.113566979092134
0.30976601053832 -0.698364655091416 0.0371462682057415 -0.0709177036429753
0.309062225345849 -0.644421438468767 -0.455252952661226 0.266541262882434
0.190963922559618 -0.622202764979458 -0.276568838910548 0.21485432095775
-0.0251572909807186 -0.657456017402304 -0.152886143081224 0.118144449392216
-0.243354701877821 -0.54938904625384 -0.177686980340416 0.0551414730814519
-0.421980259598421 -0.312132485272801 -0.18472069166183 0.0297974060987098
-0.4671527846032 -0.12666303664532 -0.25949569637712 0.0739737437396485
-0.497298345934167 0.0329487595627848 -0.248447463660429 0.131384293656928
-0.422254755343352 0.135957007378892 -0.237572029593994 0.143789509394515
-0.438449390011255 0.143982301857129 -0.223066829442279 0.129572953966758
-0.448110611697024 -0.00662432261315473 -0.224048384356104 0.12736081789278
-0.423059421472505 -0.115276956082595 -0.194996966932561 0.0832726483013155
-0.373578356651875 -0.335527017914907 -0.174126671810972 0.0324061010750097
-0.232555789246528 -0.493596940162187 -0.102731075951864 -0.0415152748028455
0.0478003929517903 -0.543916538054269 -0.00392536193608581 0.0381085505988659
0.250646387937541 -0.600074165379352 -0.0519193259643486 0.151152024220831
0.145681749248142 -0.475381875855317 -0.513029017179844 0.446340006320237
0.0520558206783315 -0.417159158700331 -0.294241604805249 0.361906717563823
-0.0483761851259904 -0.395547095947825 -0.143666667631993 0.157871862270104
-0.148159329674318 -0.323631063917416 -0.167760694860103 0.0384441272749067
-0.24923626079686 -0.199066413323538 -0.259021575647339 -0.0303674630415369
-0.299948211226414 -0.0970487173676935 -0.390311244520223 0.0446528011667859
-0.336555398910955 -0.00375300728754924 -0.393643327299731 0.144660327739575
-0.29750664108674 0.0593400541794797 -0.364449534234355 0.176046146426741
-0.313497934570906 0.0517520596074317 -0.344993617179131 0.153295756974821
-0.309331896279793 -0.0609510731094955 -0.326048883519727 0.110465586304987
-0.256287040364839 -0.140150275334965 -0.256030393562036 0.0296996166591984
-0.179922269024694 -0.257428102369613 -0.165554001760937 0.00343282181559456
-0.0964554957230298 -0.315652369687313 -0.0809872371772897 -0.00524442654097545
0.0474261660838135 -0.340017246137312 -0.00570461721899649 0.160095502663856
0.1563409261361 -0.415815324632126 -0.125539936513781 0.334301196945304
-0.0268770739789431 -0.224702318541844 -0.500275665648791 0.558231305703014
-0.0701485267836156 -0.143579945871126 -0.263357490874502 0.464216428878458
-0.039895679947655 -0.0900036856454847 -0.107928049218764 0.187738409699201
-0.0192895007561772 -0.074649608585789 -0.12780005073173 0.029602358341986
-0.0438818999758979 -0.0784645688170235 -0.287084899354962 -0.0662908541612164
-0.0904574539701479 -0.0668217607584702 -0.452468953436556 0.0263228105216606
-0.127874482460699 -0.0497484798842006 -0.473031770756159 0.146614557838987
-0.126981468754669 -0.0255051719382315 -0.435572399046387 0.182541521011039
-0.140242930673471 -0.0346769062317061 -0.420097553636158 0.140684540078825
-0.129626234656266 -0.0855860289290713 -0.379989260427423 0.05482816770733
-0.0708633176030836 -0.117170768058476 -0.27282415763931 -0.0491155057697565
-0.0013399453984386 -0.121001634351758 -0.129451307172824 -0.0380613850453526
0.00921768535859145 -0.0919024550456415 -0.0525506239516971 0.0187963853379492
0.00730321046366391 -0.105824725964146 -0.0153139688042639 0.242261898749351
0.0281442061082926 -0.184455411672802 -0.174021670795273 0.45474241749782
0.163866788079067 -0.124726315666434 0.0581659430035754 -0.551128231052002
0.089208598303761 -0.166630815937431 -0.0556150100703635 -0.35831124694553
-0.0496299106740729 -0.166435596375706 -0.0140283085682974 -0.0393210371635088
-0.132983542612029 -0.0678600569309345 0.072279604228538 0.0719904127316833
-0.108968029528322 0.0353426438111409 0.277108635843764 0.107042838428186
-0.0641435028284026 0.0577711434965082 0.425412288660902 -0.0219849284814001
-0.0572706698079296 0.102674813909629 0.446481399737521 -0.168692534811484
-0.0478793934845798 0.104219211696271 0.404821636319788 -0.229474216864869
-0.0661463683762869 0.107152263114738 0.423650072469962 -0.218759023804767
-0.0972912003996858 0.0667148812130468 0.400342256226075 -0.117462329938269
-0.137060657061887 0.030882767762582 0.284630737434291 0.00152568985119796
-0.168631384812876 -0.0751051856802333 0.0931039792895026 -0.0505155097375061
-0.0765718886805205 -0.165917218675684 0.0477728206283868 -0.206580346075121
0.0499348029296196 -0.131007085357922 0.134829855775384 -0.443808520152295
0.100275455913194 -0.0759659950386058 0.369831110721684 -0.62520287594218
0.246019629243981 -0.387213940206258 0.0125064127859151 -0.460858514953822
0.147539601664036 -0.395505314249096 -0.0567793737420722 -0.317129227557682
-0.0773573465098351 -0.407386194409202 -0.0341232416369245 -0.0225474526930935
-0.246036168008793 -0.267771123479965 0.0230642880488596 0.104990241959449
-0.290047540137802 -0.0613248331001017 0.246509304618161 0.152575003447526
-0.259481326208452 0.0432253951486323 0.388151547826146 0.0352716283836
-0.256132772334647 0.161809999868419 0.415422692086612 -0.107840033616751
-0.210023095418771 0.19456677275329 0.349550719441057 -0.177789155694288
-0.239979906452142 0.205845709467512 0.353391195081875 -0.182702739346153
-0.285192676071471 0.0990693963792241 0.327312146299572 -0.0921659031032005
-0.320488198164835 0.0158363240271851 0.222134354881463 0.0148249785478137
-0.356068557049315 -0.189004535138853 0.0283335534471582 -0.0409513952446911
-0.215274118066831 -0.362367341977322 -0.0201311309875131 -0.217640481327747
0.0409416900021895 -0.384031465874579 0.0576075160560582 -0.451670837464556
0.182671948295606 -0.356420466728929 0.279545019261576 -0.608835172779964
0.304063247498679 -0.601022867110039 -0.0745189911183616 -0.30224050200569
0.197385710553727 -0.589656389651388 -0.0804730802515941 -0.222732518718588
-0.087598293646511 -0.621811617319157 -0.0522146124901968 0.00618341801108918
-0.334727088053503 -0.462271452269261 -0.0235684168869392 0.121225339540992
-0.4475232718209 -0.168759067770017 0.182530850610329 0.162073474427168
-0.429667020215872 0.0121873074527842 0.290081755097416 0.0746714018086324
-0.425709250387414 0.192649366979263 0.317152039389659 -0.0377476473030072
-0.339687940824986 0.256255729781989 0.241552444517965 -0.0993458730930897
-0.36981312139192 0.284358951965893 0.235569685562708 -0.113892922455136
-0.426621766515081 0.139659172504091 0.213889875573782 -0.0398087309246367
-0.464555372145804 0.0274044326653948 0.134368307199552 0.0387580702088601
-0.517032261082093 -0.247397702533913 -0.0355311096442284 -0.0128242250454923
-0.356200478496266 -0.493001022579564 -0.0793937603184845 -0.186983083894512
-0.00474963300789588 -0.577361663983541 -0.00803723682911589 -0.38487021462045
0.21822266587205 -0.585854505762611 0.172785147877421 -0.494455057539987
0.313439394536756 -0.73628463400575 -0.18468806186245 -0.0944147871774184
0.201301763778938 -0.720754445420531 -0.124603285810672 -0.0755896418273603
-0.11269925497801 -0.76225551992435 -0.0678755672007803 0.052936993376224
-0.402133679285547 -0.590253852149022 -0.0645881983076658 0.122230436144331
-0.551734947971175 -0.247891430714187 0.0868052466301978 0.138208610921501
-0.541252368340291 -0.0155731105541961 0.136898275174757 0.0952785071211467
-0.53309526674783 0.196845262954792 0.162629842885283 0.0356630243249599
-0.418545221706746 0.281292639639017 0.0979179719518411 -0.00546417548882304
-0.442298581106987 0.321326691246906 0.0916777098788762 -0.0212254183523682
-0.503811620582089 0.160170191623008 0.0780376299663238 0.033115407716436
-0.539098947973253 0.0360620853200137 0.0308570787389259 0.0742285531495224
-0.6041738518599 -0.266167616826186 -0.0902330103985134 0.0280137770302783
-0.441818676686545 -0.5459949968866 -0.114399618455636 -0.126669158473183
-0.0536091533789569 -0.677337952822361 -0.0408752421260138 -0.258376988709042
0.216567008190481 -0.722902924072665 0.0782586567439227 -0.302215489408442
0.264242762743689 -0.766561393412381 -0.294006336262743 0.139094722504612
0.153490278396077 -0.742841083250995 -0.173829082025995 0.101258632917532
-0.13939748587696 -0.773643441481867 -0.082670618709493 0.106271356081671
-0.414875065517149 -0.605845811466228 -0.102067057201795 0.109989661258649
-0.563262544452537 -0.267663117395946 -0.0362287220836126 0.0930316594857329
-0.561213813906205 -0.0331329201889036 -0.0487688973644872 0.102274006797001
-0.556390529504535 0.177485083339074 -0.0214490832089301 0.103526120339378
-0.433853551447897 0.262978384674927 -0.0597039413111517 0.0894196573460169
-0.451202614324069 0.298531903458986 -0.0587520404388964 0.0769876622960676
-0.508290178850268 0.13863959754254 -0.0632683100311633 0.108460766541709
-0.525932043903578 0.0161861694890147 -0.075304313339119 0.105458379061212
-0.570939729451802 -0.269342120801689 -0.130985295483565 0.0598993560054327
-0.426949410002736 -0.525947939497359 -0.12109260288061 -0.0604773535228954
-0.0671656223878921 -0.661133727857939 -0.036112284034304 -0.104318605883113
0.189868390759578 -0.737690174825266 0.00516447949683903 -0.0696691395964417
0.169697442943581 -0.675729411847442 -0.374078636992429 0.358899925009408
0.0656132522260483 -0.632021256466114 -0.205635453186811 0.273869221668132
-0.149811890118201 -0.633138624383988 -0.0932178623918585 0.152473889950132
-0.347316652962076 -0.487624835995881 -0.130177092754515 0.0881486305153111
-0.465570674632919 -0.228156596611217 -0.158496787588423 0.0445591639770557
-0.47979896049607 -0.036551033888875 -0.227385650364378 0.102838220830669
-0.486025239110504 0.134460788325132 -0.202318355819615 0.160667832151313
-0.385507165326926 0.203235540673278 -0.208564172804127 0.169695648721184
-0.402745999236326 0.22223939884339 -0.198865906332924 0.155918761480981
-0.44075727952231 0.0765729581611334 -0.193340908082444 0.154763569527774
-0.430130800039863 -0.0394697869034592 -0.17131957194908 0.107128997454017
-0.427683532113879 -0.263265951180456 -0.154414691127576 0.062376937638766
-0.308629697851174 -0.439300220721603 -0.107799552092707 -0.0111966397367693
-0.0404364069669115 -0.541670069862242 -0.0132174581580942 0.0432536540115238
0.150206455512737 -0.632356615235369 -0.048672003515849 0.158865126247036
0.0455481758227002 -0.476469369822321 -0.404757946170756 0.529163736165379
-0.0272294775316712 -0.404042255998595 -0.205336987955677 0.40804085522941
-0.121590954156669 -0.374223771992898 -0.0903043334136822 0.183518013250689
-0.210031819142537 -0.286781135682227 -0.135335093837167 0.0678626559914557
-0.281920114026386 -0.148828215757481 -0.247275719706714 0.00645146477770289
-0.314725446261275 -0.0359385836663942 -0.361458770294584 0.1021792797428
-0.336544148466196 0.0685485778249355 -0.345882102454799 0.201218968489777
-0.278540285681255 0.111766620296609 -0.325296589799562 0.222555607026871
-0.297035499298569 0.112523219229193 -0.314320149038759 0.197592077135786
-0.31489761428762 0.000289706748704703 -0.297447984210299 0.154883935773734
-0.273719323998729 -0.0906662044496356 -0.239669958607768 0.0659351734908407
-0.224005092893272 -0.219873440649777 -0.155013132597844 0.0314598194946741
-0.146539676768032 -0.29014212602849 -0.0828791074760492 0.0157595265305386
-0.00774328882138387 -0.343785428941437 0.00760729111957761 0.160953197187189
0.0898952880778281 -0.435974371431373 -0.0884080930735946 0.346118598049734
-0.0703516223624254 -0.199111655596353 -0.380731504524282 0.623402786707349
-0.0914670699559617 -0.114771543239444 -0.168517252627039 0.492081484837351
-0.054960955905627 -0.0780949549856569 -0.0660814258756637 0.200291363387466
-0.0360829918507014 -0.0695752408854714 -0.11310663805502 0.0510144470396008
-0.0624940626476702 -0.0681867728960607 -0.288972141127796 -0.0152008864503655
-0.108104414099561 -0.0413183885449887 -0.429301841155935 0.101953947634549
-0.14026012575109 -0.0162422931229761 -0.429511981874201 0.221224609567266
-0.128879502377829 0.00370864744487514 -0.39196116847067 0.241482318223811
-0.144491350587197 -0.00187748293145597 -0.388696631478404 0.196914835595185
-0.142730005565701 -0.0539701603214204 -0.360478572610734 0.109510215525844
-0.0915957577063425 -0.0983107992608027 -0.269877266212916 -0.00722338923028273
-0.0255604338543592 -0.11636764604487 -0.13019969552547 -0.0175062987330414
-0.00719894544758259 -0.0909606615594272 -0.0520361707097072 0.0288856546673785
-0.00804770928500682 -0.109389206505848 0.0156598497109031 0.241489908733687
0.00301994973305094 -0.18833522193011 -0.111596678530728 0.469583828657814
0.151037604065003 -0.126036262643121 0.0322299440647775 -0.537574282278507
0.0781009492134029 -0.163672240260602 -0.0702770036544005 -0.343937415884911
-0.0557899480720455 -0.158388626654716 -0.0169815341174168 -0.0382543490961716
-0.129929789168599 -0.0605713632035155 0.0699749469354877 0.0665788803504247
-0.103042558577601 0.038312417246562 0.272358711440232 0.0890589554224049
-0.0617257528060572 0.0575682297363025 0.410875189414446 -0.0447500411116161
-0.0485727024997143 0.10170394012785 0.423321925296974 -0.185972942585598
-0.0405656220240242 0.102803687660047 0.38355449119715 -0.237877220344241
-0.0583565646051051 0.105364636911613 0.39807946679367 -0.231877572931338
-0.0905369374311295 0.0695414912748224 0.381262650739884 -0.134576655308466
-0.13052613785935 0.0365192584626864 0.276812219556611 -0.0134704169101451
-0.166469739920053 -0.0642916913566151 0.0877237613027406 -0.0516349383686619
-0.0824360915079154 -0.156895473067648 0.0385815930747548 -0.201081655315129
0.0417787450846303 -0.128244752227575 0.111457041722221 -0.434332749995228
0.0922897765156423 -0.0774908287207159 0.328595421738001 -0.620408446642114
0.215488973606254 -0.38474608983642 -0.00772151974511607 -0.446836072542456
0.123157110434917 -0.388451305781555 -0.0684070975098199 -0.304459348935915
-0.0924120395729543 -0.38894265438876 -0.0355532328303801 -0.0225350591698985
-0.250643823175139 -0.250746508158098 0.0232488296295805 0.10190148859225
-0.283109942264008 -0.0473554477478425 0.243316553494547 0.134017533161316
-0.252323660897348 0.0538532290462907 0.378486871828809 0.0135367289205159
-0.238626316908074 0.170673103425788 0.395112128717185 -0.126000931715607
-0.192668602659167 0.198725443408401 0.331830676228981 -0.184899850736405
-0.220982045382547 0.209895233933025 0.331584012329828 -0.19290414114325
-0.273227649268885 0.111172701713892 0.311431331190571 -0.104636280671516
-0.31033500795199 0.0287324017030692 0.215843323918444 0.00283548523839368
-0.355014492717223 -0.16684055773057 0.0248244659824946 -0.0398062074952722
-0.22655405626432 -0.34075119960384 -0.0285813532104778 -0.209034099494112
0.0212445860993118 -0.374961250437146 0.0377507922778475 -0.438004831405249
0.156755793603216 -0.354123370009404 0.240218192481553 -0.60064497719799
0.260705937337941 -0.594770096289346 -0.0838464547172445 -0.288900589332949
0.163322407566329 -0.580182540379614 -0.0864413929962667 -0.212356526524321
-0.113588699960992 -0.59644769350569 -0.0517076137748976 0.0059013437599584
-0.346295754435564 -0.436296233959325 -0.0207832055888286 0.120360303641641
-0.441392426758351 -0.14498405605864 0.182033560696733 0.146234152150005
-0.419366152159631 0.0322843362125529 0.285431139263331 0.0581485867173039
-0.40220569653443 0.210307932063306 0.302953295521886 -0.0534746140773051
-0.315991872458006 0.26434478713805 0.230046022312575 -0.103996010484299
-0.341744893397082 0.292907323648049 0.220861587235051 -0.119728338772497
-0.408910696869349 0.157634825598502 0.20387681016125 -0.0492277632845357
-0.449926496739322 0.0461164707502515 0.131849860412103 0.0307902156487443
-0.516722962467139 -0.21481251416044 -0.0353273666484278 -0.00959718864868629
-0.370021907666651 -0.460824375288598 -0.0866307417596474 -0.176492924961087
-0.0337677817067171 -0.562699892429122 -0.0236820742503814 -0.370412615560769
0.17945698537004 -0.578634145334673 0.144480777793594 -0.484224197678845
0.262395711850971 -0.726027644315224 -0.17937866803158 -0.0814360381488311
0.164195678190701 -0.708793086606431 -0.122414885722497 -0.0684580969688556
-0.143475013203989 -0.733681158669318 -0.0641223870094235 0.0521199228695329
-0.419046034657788 -0.56008255629954 -0.0594820380538596 0.123621849108966
-0.547171543069363 -0.217082204710518 0.0880804484845321 0.128272128286327
-0.530044323435755 0.0109977477608012 0.138583096291255 0.0865884971899423
-0.506174706208764 0.222129705725124 0.157198196586808 0.0240039883467684
-0.391426708091452 0.292968246146004 0.0946017538360566 -0.00652886224185839
-0.408349888446803 0.331004813943472 0.0855668623461318 -0.0235501153660556
-0.482115786982736 0.181336964905582 0.0762707164523876 0.0290498276157074
-0.520988143883852 0.0587906185821457 0.0326987643858088 0.069973793402973
-0.601470257102198 -0.229326160291044 -0.0864993634337523 0.0308824191878629
-0.456354655507394 -0.508586867863253 -0.118600667018167 -0.116794047363639
-0.0860633065012951 -0.656300973688678 -0.0496076790777713 -0.246211124776066
0.170551406044562 -0.711676820775336 0.0608064785137729 -0.294280580998639
0.214728131934438 -0.752935663510856 -0.274396999329832 0.149331779243723
0.115743956928903 -0.729132799496754 -0.162024339738381 0.10530027885726
-0.168377040140423 -0.744550311921788 -0.0763197611301297 0.10508921529397
-0.433335511938418 -0.574615939505493 -0.0960266723684187 0.112809283065522
-0.560451374320627 -0.236797347606828 -0.0333315964536392 0.0911642161551476
-0.549671249887825 -0.00497999536224226 -0.0407006979933221 0.103710113297732
-0.528910079054018 0.204565331421252 -0.0186475492949853 0.0989664726098231
-0.406919671308814 0.276373970450914 -0.0546223668294955 0.0913522462839607
-0.419919595129796 0.310336024091052 -0.0550056999905675 0.0786290241488504
-0.487816504016839 0.162190399431729 -0.0559533540001801 0.108856315027775
-0.510278872571046 0.0381659945666941 -0.0692582196062529 0.105324119981657
-0.570452956550859 -0.233103690155598 -0.12469050842623 0.063056998265988
-0.439601319241974 -0.488987925003382 -0.122872904661667 -0.0517440556435428
-0.0979411838111063 -0.642741350677535 -0.0391013699605545 -0.0970784543692047
0.143909853964573 -0.725509319452589 0.00127259514140584 -0.0650388744502233
0.128387661429662 -0.663130566357115 -0.343436368989648 0.365827315163418
0.0357310013921943 -0.617409828911143 -0.185294910079922 0.27425512919116
-0.173045557154361 -0.607695874166804 -0.0840215161482851 0.150740417916508
-0.365199164760876 -0.464362416418875 -0.12255957721963 0.0928945792239176
-0.464339481849866 -0.20215292375809 -0.153159044283251 0.0508738786297314
-0.468840725689785 -0.0127429554137744 -0.214436464580716 0.113313833398613
-0.463980048503253 0.158126911985307 -0.190472441899261 0.16309760997925
-0.363794419133911 0.216871595119865 -0.195894298799887 0.174948320131115
-0.37626633491463 0.235954891312969 -0.185373437919036 0.160203388218459
-0.426995321640777 0.0987819203332802 -0.178860810170785 0.15999869206058
-0.419982200397047 -0.0205724762607149 -0.161422419331616 0.111493196889209
-0.43037629112743 -0.233022906596205 -0.146637093611802 0.0660262648073975
-0.32142799112796 -0.410955013538811 -0.108161512206234 -0.00419209551369252
-0.0662469483274152 -0.525364853467682 -0.0104100954338896 0.0444424584846631
0.11188742922013 -0.621930828579185 -0.0399368980708827 0.158605012629107
0.0209595891201423 -0.465312540615115 -0.366806987708528 0.532335998182026
-0.0434056087960117 -0.393499843890244 -0.180183057516469 0.405261422111176
-0.134685867325466 -0.359960699350666 -0.0799315342125773 0.181298226397539
-0.221944377345349 -0.273121580703326 -0.127455476029194 0.072101472834966
-0.28126471004224 -0.13372265889638 -0.240651918570392 0.0186921354156352
-0.307795838036757 -0.0187470956507058 -0.344395502469138 0.118832804377042
-0.323009210580929 0.0868387005858055 -0.327065113280331 0.209735693919793
-0.264153220223436 0.123231790051533 -0.30836090222795 0.230041611463516
-0.280651205371814 0.125243348027557 -0.295239509274628 0.205524319790649
-0.30756135392406 0.0184951396513377 -0.279041726307866 0.164701287777855
-0.271583296460823 -0.0757402140387658 -0.229711576591651 0.0741512500318535
-0.230657528894182 -0.201325616765982 -0.148413563349606 0.0356237184231405
-0.156974772562235 -0.273641629821199 -0.0830685897479722 0.020586721964414
-0.0251375695204718 -0.335912786365856 0.0141671392664697 0.15679148770734
0.0639628502312898 -0.429183355452125 -0.0702560405024491 0.341599996384468
-0.0770732004632516 -0.191727280996296 -0.339786026942034 0.619039190442631
-0.0920960947844463 -0.109834585631035 -0.141645000924886 0.483914285974652
-0.0567165356124319 -0.0750089049776134 -0.0541497610373709 0.197253428962994
-0.0403645471787403 -0.0673857917802768 -0.105865985680547 0.0535534528744923
-0.0641705330158147 -0.0648777803190064 -0.281440766331488 -0.000733744666896235
-0.106150342726215 -0.0350708850789152 -0.410210729741749 0.122480610948313
-0.137733063780724 -0.00611809965013682 -0.40531720086177 0.235245182353093
-0.125365542663625 0.0107481343524218 -0.370994913655447 0.251109831915204
-0.139488050803992 0.00754012828469395 -0.365973399884468 0.207455807162669
-0.142685733921698 -0.0428515121219891 -0.342033710969004 0.123374463244944
-0.0954877932598496 -0.0912533452920545 -0.261406832044663 0.00534210351906093
-0.0330881159418851 -0.111100752344842 -0.126541765487506 -0.0124473623367029
-0.0128801108225808 -0.0884089677651183 -0.0516599901538269 0.0321884089863852
-0.0143616417342844 -0.108734521525093 0.0254680240107911 0.234113251582356
-0.00752452358729119 -0.185483477713316 -0.0864773829458296 0.462979760253023
0.142780677450653 -0.123885009804741 0.0179089068583292 -0.526736562588816
0.072870377356914 -0.15905624231135 -0.0743174214001052 -0.334043439694289
-0.0570137682527334 -0.152380697966964 -0.0189782609656128 -0.0378503926605241
-0.126732071447072 -0.0573777018780487 0.0671443925270819 0.0644154379787158
-0.0992227305991877 0.038673260001535 0.266365767278708 0.0795289806276513
-0.0609783776760806 0.0573043294357184 0.39907627492429 -0.0566773198752637
-0.0432475626216281 0.0996281048848535 0.407804147060112 -0.190722585051813
-0.0367364589857457 0.100845328954582 0.371111169565277 -0.237956008743927
-0.0540540417968787 0.103146211645814 0.381668857094515 -0.233355642344961
-0.0863094146026043 0.0691039827512506 0.366674505253254 -0.141034285836578
-0.125875033501747 0.0386037011949894 0.270300274699209 -0.0201909575923259
-0.16279441630586 -0.0592276737903228 0.0844303591693827 -0.0500002092335762
-0.0843353915397875 -0.15005384513224 0.0357779226766644 -0.197104113258648
0.0384404013182427 -0.124511648985961 0.101043275232672 -0.425644541964896
0.0870930019026676 -0.0757489459321624 0.305028316164465 -0.612023296329345
0.198057498711117 -0.376821124905305 -0.0157784212152583 -0.435545468606532
0.111296644201442 -0.379845126319063 -0.0715394498393685 -0.295606783868642
-0.0971641011484546 -0.376143521637655 -0.0367622463888107 -0.0223384306291663
-0.25011795930777 -0.241566798637139 0.0223688076286507 0.100784215491553
-0.27750679321276 -0.0420490019335328 0.23866438640532 0.124309087044516
-0.248268947251296 0.0582997095393276 0.369455441028453 0.00196284250516961
-0.22632711078612 0.172817823732496 0.380531602624378 -0.133674498372231
-0.183015726201443 0.19869138662777 0.322491610150075 -0.18495052120701
-0.209184903609223 0.208882302596282 0.317333399448386 -0.193209737936742
-0.264810257747367 0.114917376375189 0.29976450604368 -0.10936158067453
-0.30218214082789 0.0343369788741006 0.210912458455624 -0.00299571876745184
-0.350703326707861 -0.154430076284142 0.0228980560030074 -0.0380761464451711
-0.229566515656144 -0.326715551223563 -0.031243305906231 -0.203331541409826
0.0115539339358011 -0.366646982496216 0.0305117610306976 -0.427322566655808
0.142770099187495 -0.347643343587902 0.220364142713486 -0.589987314873443
0.234898775365642 -0.582843962493659 -0.0843357661916481 -0.279260962574932
0.14667139413163 -0.568790741058257 -0.0861961397005416 -0.205237521271054
-0.122673904049352 -0.578599267549514 -0.051131365294903 0.00551293314733269
-0.349699774827203 -0.420841894658532 -0.0200957976598179 0.120619692529274
-0.434458036966559 -0.134432212073506 0.178875823846259 0.138480881489739
-0.412476575261973 0.0415595776939844 0.28108693237405 0.0491574285738309
-0.384352802410431 0.216451462571995 0.290525161969766 -0.0612535061546301
-0.302129997056994 0.266844726425225 0.224337783534789 -0.102710816380144
-0.323909480309428 0.292775725561716 0.210939149324211 -0.120289087877783
-0.397376063455548 0.164797831637253 0.196355523108205 -0.0515564801927701
-0.438282297695064 0.0536739360625671 0.128397044949807 0.0259404738990097
-0.510923439912028 -0.196927853990138 -0.0353691256844913 -0.00842003305800927
-0.371315360142558 -0.440840652722523 -0.0891769781924158 -0.169963506230385
-0.0456137638439221 -0.549534531231619 -0.0285465293441431 -0.359866919112326
0.159101367801215 -0.569542439388488 0.128700039301639 -0.473533379013858
0.234070804292457 -0.70983029807833 -0.172168494882975 -0.0753514441865751
0.143968721807251 -0.69489417558963 -0.117827686585084 -0.0644421854615816
-0.153760246134117 -0.712167755470956 -0.0629866857984007 0.0508258467481931
-0.424708404699249 -0.542081788888562 -0.0572321085022396 0.124870394444876
-0.539719623318085 -0.202338237159014 0.085905892474091 0.123439066378873
-0.520618866890411 0.0234185071508742 0.138562703937328 0.0818212497838626
-0.486205282642871 0.230170140347351 0.149513640080834 0.0177078408352549
-0.375138556594384 0.295705553644116 0.0930687875711243 -0.00516091144186613
-0.387895087053103 0.331374833005257 0.0819394547035411 -0.0232751694804801
-0.469600096954449 0.19130983447447 0.0751542281677917 0.0275515086914846
-0.509186869792002 0.0668323970194525 0.0324160487948318 0.0668965519448627
-0.594749074408109 -0.209420418309681 -0.0852096583300382 0.0320315259975829
-0.456668750311786 -0.485694281722795 -0.120491369113332 -0.109769656173848
-0.100792365614786 -0.642213293415715 -0.0515898688621256 -0.237712866890032
0.147069430491653 -0.697619629255904 0.0518530791194119 -0.286046086374594
0.187556027812769 -0.736167600009583 -0.260273389612282 0.152241448117468
0.0990735816217842 -0.718247207961244 -0.15353689171563 0.106436454216701
-0.180499944417992 -0.724138463253326 -0.0736950411246488 0.103178841964704
-0.441626712915511 -0.55616906876499 -0.0916414111787437 0.114830134321819
-0.55466739406026 -0.221750804154091 -0.0320695391762259 0.0903314051766586
-0.540654523803868 0.00875164126966586 -0.0355686498387379 0.104015828782034
-0.5087245411459 0.214333413077301 -0.0197761956255313 0.0944808507694352
-0.391152115066546 0.27990178371347 -0.0511643157635788 0.0930551694585931
-0.400000136201821 0.311633081601343 -0.0528098165775193 0.0781207075396864
-0.474059764136933 0.172044306819523 -0.0516005114699711 0.108134726823866
-0.499198198332797 0.0461048937305346 -0.0663923494507824 0.104155383633808
-0.565519091222441 -0.214270144828288 -0.122155227051068 0.0637194739079629
-0.440343155156759 -0.467038143570846 -0.123730033861395 -0.0458177959598708
-0.113443817122431 -0.626931596535829 -0.0383061774002861 -0.0921342291840342
0.120169371033761 -0.710522213687018 -0.000926292912397271 -0.0611654965546307
0.107721077111843 -0.648507171316182 -0.323009177315541 0.363905208069806
0.0225299471119051 -0.608277027275157 -0.174069854227033 0.271988253775161
-0.179304214453646 -0.592696695475825 -0.0804740785212551 0.148331086865145
-0.372347671880017 -0.449388175068464 -0.117983419152752 0.0950994481072852
-0.460195166615603 -0.189327097845942 -0.150106677846933 0.0538882143842423
-0.459490945015406 -0.000161440626751816 -0.204338502929862 0.118201000958907
-0.446811134379417 0.16925860072425 -0.185595690106964 0.16208000312209
-0.349464419134349 0.221473826417675 -0.187844763420886 0.17676075447847
-0.359050862773669 0.237917150692183 -0.178214277604465 0.160317688802677
-0.41631150842554 0.109519193831744 -0.169473585495725 0.160656564101331
-0.412970126309439 -0.0121299955554356 -0.156172302516792 0.1122518833262
-0.427838788699201 -0.216734863852078 -0.143324553388452 0.0663811335359117
-0.324292979530389 -0.393076032295329 -0.107839052440328 0.00101150841028291
-0.0791445761706115 -0.515252339694563 -0.00859277260184812 0.0447196571517607
0.0913366656908235 -0.610563047518707 -0.0361578831144761 0.157798655985605
0.00782811188802413 -0.455107266452462 -0.343446702780953 0.524831848759181
-0.0489670294158102 -0.387116495031667 -0.166741964350818 0.39927497180817
-0.138988096695694 -0.35130621562587 -0.0748147528464919 0.178310376746852
-0.226457952181407 -0.264305692875033 -0.122623487604664 0.0726453399884793
-0.280257634024716 -0.126180132155385 -0.235272203494519 0.0253495519943583
-0.301838730553253 -0.0113146134135193 -0.331726248751477 0.127577431428524
-0.312581638673986 0.0957395267148331 -0.316907660510566 0.211542026810887
-0.255509919387855 0.127896536489365 -0.29745545201985 0.232249071476907
-0.269074482442322 0.129058068348416 -0.283359831281918 0.205690128374302
-0.300998147229696 0.0286970331416629 -0.266663931720453 0.167499079813245
-0.268621061642958 -0.068662211822661 -0.22231779022269 0.0773505989522771
-0.232407660973238 -0.190081727696164 -0.145031579956952 0.0361602623089209
-0.159963042383724 -0.263090386262426 -0.0825709322225664 0.0244791054386217
-0.0339170274818606 -0.329432467085601 0.0174822800993819 0.153943654923031
0.0501058349523092 -0.421798566746952 -0.0605413354563064 0.337282225820243
-0.0795267289463058 -0.186561330961546 -0.316845339362696 0.610569515327518
-0.0911633547562693 -0.107671941775261 -0.127609950525445 0.474094412707739
-0.0569369032317883 -0.0745131008254507 -0.0485246607931953 0.194093848444681
-0.043273715613504 -0.0663339243559915 -0.100838551643555 0.053311505399316
-0.0653571208621971 -0.0629950779259963 -0.27475607272504 0.00747300505423023
-0.103943266478916 -0.032057119542013 -0.395896633787084 0.13113240975791
-0.135029548501676 -0.000322588688586669 -0.391271171549631 0.23827630654603
-0.123098247507122 0.014830204929657 -0.360131583867314 0.252057326635872
-0.135178803700563 0.0119675054422162 -0.352683160090878 0.20876603121944
-0.141655605780834 -0.0357342070599292 -0.328870896169103 0.128496697109387
-0.0974773547787637 -0.0861756578181471 -0.25462999621011 0.0109515667078117
-0.037074091344397 -0.106353297341667 -0.123956070772763 -0.0114141494581724
-0.0155409894881818 -0.086432060259806 -0.0516875639045269 0.0353381781301563
-0.0184354828508687 -0.108150231452963 0.0297264394383859 0.228321897522054
-0.0123234730370623 -0.183193129786151 -0.0739832237908757 0.455273815419278
0.139635785411344 -0.121654776903663 0.0138302317505269 -0.525687067545144
0.0712142668960208 -0.156324122665471 -0.0776838072652423 -0.332508619474815
-0.0572747509741344 -0.149589931870181 -0.0196570660515903 -0.0377519987620227
-0.126287931783847 -0.0577737062355772 0.0653987716657402 0.0652651131497495
-0.098109837832513 0.0375654348296272 0.265226633689668 0.0751043819765798
-0.062275233309675 0.0578693957305964 0.396126436824809 -0.0630265312255648
-0.0401757995631883 0.0980002571741997 0.401533277691717 -0.195288022179517
-0.034255503423522 0.100904544551989 0.370713045045238 -0.239662443114081
-0.0520644502618021 0.102232672693155 0.37727365948842 -0.234610863876899
-0.0847898495607565 0.0690514114135545 0.362385999201941 -0.145039660599152
-0.123944306031097 0.039719292449209 0.268694353539806 -0.0236277274380088
-0.161982597939083 -0.057325257029958 0.0844281915309582 -0.0484877872683033
-0.0860111604470763 -0.147452902199701 0.036008960105316 -0.197040775412111
0.0377790315621201 -0.122910008787994 0.0982186724984989 -0.425394152041056
0.0853328771956832 -0.0748530091280752 0.298363101553744 -0.609499339701009
0.189462483463961 -0.37351482220526 -0.0168118997390125 -0.433343985670676
0.107056409331353 -0.377503079824932 -0.0725678304154257 -0.294479474065618
-0.0993515988700985 -0.37314998106651 -0.0383160401975844 -0.0228898184855772
-0.252417253973879 -0.241392597375718 0.0208827252116734 0.103063628158467
-0.277245296038907 -0.041632723430509 0.238005784176008 0.12108042638504
-0.249841003206285 0.0615550149411148 0.367536077687136 -0.00398877839290161
-0.221160138057913 0.173378702618399 0.373169491334371 -0.137407651497036
-0.179364946828882 0.200587695074501 0.32268782552541 -0.185022799627849
-0.205053960829912 0.209473268671398 0.313236793232266 -0.193981016183941
-0.263097448855782 0.117880134123066 0.296279447907832 -0.112003789092141
-0.30140550287083 0.0356100785723262 0.209381992213615 -0.00546479333061064
-0.351986741101275 -0.14982377028174 0.0223472548127265 -0.0367200416481052
-0.232513596773153 -0.32307144123624 -0.0321321508377841 -0.20212478683437
0.00773466645752753 -0.365501666758482 0.0281963090181065 -0.425708688208697
0.136722753869676 -0.346419089175528 0.212773701377548 -0.586943545792848
0.222869974707031 -0.578413348519608 -0.0822309207744682 -0.27755763282694
0.139713258845974 -0.566247582853438 -0.0851361344436475 -0.204726169240844
-0.125810878050269 -0.574344289761943 -0.0531344343251207 0.00495036499228802
-0.35640444080521 -0.41977361662454 -0.0205770858415253 0.123727276983777
-0.43539503499097 -0.131887462656624 0.177712489317573 0.136651323687022
-0.414671002758245 0.0478252904999269 0.280936657212652 0.0456184673174389
-0.377533032337703 0.22068554476658 0.283935673737669 -0.0648693664158009
-0.297734753016317 0.270829505295577 0.225696077990213 -0.101461458511725
-0.318350692074746 0.293449340021929 0.207703067279386 -0.119943604485889
-0.39628742997751 0.170240507060297 0.19450098125776 -0.0527958619374303
-0.437669671854538 0.0564743522156695 0.127280491358371 0.0244008143088893
-0.513248808456882 -0.191221259097535 -0.0366986614235596 -0.00697885359950914
-0.375667986377804 -0.43467596978409 -0.0900602471776116 -0.168268037655467
-0.0524049748476168 -0.547438606173762 -0.0288054905404615 -0.357507553330674
0.150029971439153 -0.567711631657173 0.122584233099048 -0.470593688819259
0.221596431782294 -0.706955209026127 -0.166734845902113 -0.0730152089753079
0.136544575926864 -0.694437860033613 -0.115152784572185 -0.0640873331278924
-0.158828150973152 -0.709208225129712 -0.0643683994148605 0.0509854027590486
-0.433774711364246 -0.539728766591173 -0.0568090671533741 0.128430133442673
-0.542880095491528 -0.198653595672219 0.0848107129021916 0.12298475172597
-0.523036351206194 0.0299492231039263 0.140637087426659 0.0807703590723967
-0.478646175853285 0.237689968163932 0.144172975692567 0.0146729125620236
-0.368809372441359 0.301478181329177 0.0952993884037095 -0.00372026753193957
-0.381390694734153 0.33297927788978 0.0802753967673001 -0.0218937704107714
-0.467739182710089 0.197934046447926 0.0749453164314721 0.0274138339126979
-0.510037703132762 0.0691388870289963 0.0319857618007216 0.0672538531493121
-0.596649463779779 -0.203489234298363 -0.0867225235559125 0.0334477114030306
-0.460445496549119 -0.481067330426857 -0.122248365106838 -0.10606142568423
-0.108402379476408 -0.641606185878422 -0.0511368605810143 -0.235734106388302
0.135422813333136 -0.696361331170675 0.0481484672385211 -0.282088251249113
0.175862168195232 -0.732732524386643 -0.251948421891292 0.153466690565907
0.0920185535155912 -0.716447025896688 -0.14880944648281 0.107005110156283
-0.18561083871331 -0.725308669873143 -0.0744188500675804 0.104276687678752
-0.452243692414952 -0.552678758672827 -0.0904189483423205 0.118269384357148
-0.558512362465447 -0.216482614193861 -0.0330051879940546 0.0917587408245491
-0.543141907636392 0.0151804195784098 -0.0323160784576958 0.105749990630552
-0.501889481486988 0.223601438540461 -0.0234874242762557 0.0927616384906356
-0.386531323074398 0.286173237193311 -0.0488046559789238 0.0958045392728321
-0.392333156897457 0.313568125718521 -0.0528692868412427 0.0800220320889784
-0.473065642665162 0.179603280923576 -0.0494494749300388 0.109297457581616
-0.500276638703945 0.0483554154104006 -0.0662301684685144 0.104941670789884
-0.568553557448436 -0.205811708917014 -0.122243074912612 0.0643361459630557
-0.444633707574499 -0.460641363067627 -0.124584667270836 -0.0417503979878316
-0.119885170860221 -0.62450701960126 -0.0368263606070662 -0.0907465723540482
0.109621287124796 -0.710036748992539 -0.00248548504698517 -0.0586863203587493
0.0971242338838328 -0.646256399783795 -0.314415636871054 0.364319359990204
0.0191851106471804 -0.609213434713021 -0.169060364989105 0.272322815380843
-0.185942809217561 -0.59342134861726 -0.0797134410683721 0.149801080849261
-0.380273062166847 -0.447362831791253 -0.116471275528315 0.0974124673799722
-0.464513944292227 -0.184888031743517 -0.149492227160705 0.0566952336018829
-0.46214106735839 0.00457896026268526 -0.199913975851063 0.122123789568352
-0.441687417442584 0.177781130520768 -0.186909000758824 0.162030780721454
-0.345958536424625 0.22697605536287 -0.185850201876013 0.179774765013502
-0.353648219881354 0.240678573016344 -0.177213652433414 0.161671698662552
-0.414953042930632 0.117046576106678 -0.165763614411819 0.162223960299473
-0.413644199934832 -0.00843645883234892 -0.155364132969606 0.112691986982011
-0.430959022023078 -0.210919966210524 -0.143922938540168 0.0664865064481546
-0.328216821983499 -0.388596201681493 -0.109373105369032 0.00486185869485934
-0.0875950670702949 -0.513966060601424 -0.00647689192610635 0.0461780853818401
0.0816158332394017 -0.609664218936756 -0.0345061011978322 0.159738501952696
0.00180068824169759 -0.453754322851186 -0.33534363686639 0.524277545082293
-0.0516893444969981 -0.38904891141136 -0.160962580933141 0.40031283269606
-0.142426361606397 -0.353053891051682 -0.0731969099262687 0.179962471043059
-0.233360500268328 -0.263600169375449 -0.120640459651752 0.0745959512025424
-0.282232723628373 -0.12427742041246 -0.234441692455873 0.0286223145185513
-0.302394539040546 -0.00778426599176371 -0.327476147596361 0.13271418432744
-0.308877308513767 0.10244893580337 -0.314667244168529 0.213521565428209
-0.253918025114492 0.132223603670727 -0.295465449063152 0.234917671095565
-0.265137982007121 0.131482252072724 -0.281439198332053 0.207283565423206
-0.300623934601008 0.0351704971286032 -0.261573406820215 0.169105312702535
-0.270986156064919 -0.0659374001090497 -0.221500663912427 0.0788978625871407
-0.235260283780477 -0.186053397960073 -0.14564618816306 0.0357362767071942
-0.162973174806787 -0.260827529583373 -0.0832555337856783 0.0281964806040237
-0.0402882631159203 -0.329234881933083 0.0198953958368894 0.154672551750588
0.04319281699886 -0.422093598953979 -0.0569422985305335 0.339173659684335
-0.0810340580506964 -0.186107315736123 -0.310210518288467 0.607764094643781
-0.091010948223816 -0.109122172619706 -0.121231830140894 0.475606701816467
-0.0582085537470969 -0.0765544771112152 -0.0457599738650068 0.194397976234724
-0.0455319022732151 -0.0663294364215329 -0.0993525348174723 0.0529827261067904
-0.0666309083297247 -0.062601211774841 -0.273972096375345 0.0116151752402356
-0.103953466001981 -0.0314555529779864 -0.391520935893722 0.137323690279334
-0.134712418492163 0.00451593374095015 -0.386291513254179 0.239909084597881
-0.123238182394963 0.0178156323984379 -0.358956213626234 0.25485319244408
-0.134201354713477 0.0146395122991143 -0.350360343455655 0.210820396147943
-0.142328116705838 -0.0313631896858685 -0.323814895399327 0.131081338748423
-0.0998799664687492 -0.0839449025825923 -0.253621049265804 0.013103468640831
-0.0397969646557009 -0.104308471422072 -0.124453679144183 -0.0120449117639452
-0.0177692660225176 -0.0875052162738951 -0.0526262331340559 0.0383456795953107
-0.0216988105537576 -0.109515961195618 0.0319470867336352 0.228736978757171
-0.0152914286894181 -0.18450449774015 -0.0695261854590388 0.456700072394158
0.140514952474745 -0.124421561541805 0.00563078088793137 -0.537987664187993
0.0703693916700248 -0.157928670754896 -0.0850934062771515 -0.340355322482685
-0.0596690422074501 -0.151098693839608 -0.0222501209379409 -0.0386697078549278
-0.12981386178848 -0.0584487986630259 0.0662416268678134 0.0671343923665999
-0.100170430031448 0.0383188609332779 0.270641543351929 0.0713701579715989
-0.0645002581981467 0.0610063432749831 0.401893276656229 -0.0744182430790503
-0.0380840902144208 0.0987013079940563 0.404374179468226 -0.205502058319387
-0.0320111292278238 0.103195619858499 0.378721548623161 -0.24932794252021
-0.0513994183409522 0.104737823811319 0.381566548183442 -0.245229072827646
-0.0851735422557904 0.0712296249507095 0.365927899656603 -0.155230133703827
-0.12570970499005 0.041800102114515 0.274824681757142 -0.0288689749271462
-0.166755515370689 -0.0557474919000267 0.0866518415260465 -0.0490129241031648
-0.0900881702424385 -0.147522689698404 0.0352782259004368 -0.20347836288567
0.0381076490795554 -0.124864408595935 0.0952907610800283 -0.436836866763907
0.0854625089160907 -0.0765738376970686 0.294469641034516 -0.624889554487311
0.185555092897629 -0.38074006350957 -0.0223028717861033 -0.443210360853489
0.103407679967257 -0.383908551425746 -0.0779151926480599 -0.301858975341944
-0.1058172740262 -0.378946415243609 -0.0410305864015839 -0.0229471560430116
-0.264453452409909 -0.244113149124261 0.0222156346603814 0.107611158618562
-0.28545468250813 -0.0398203513572924 0.242764288609521 0.119521679897926
-0.25724313119172 0.0690705150369212 0.374904710978259 -0.012069307416672
-0.221019016243418 0.180454484677696 0.374956195819588 -0.145885112538495
-0.178503411302228 0.208544400552482 0.331660034404832 -0.192095183318034
-0.20508520775342 0.21723118319586 0.316452396489687 -0.201133883715872
-0.267245120069983 0.125367743226956 0.298790452865267 -0.119917154567637
-0.30801287145323 0.0407749935574496 0.213690467782664 -0.00975061556703388
-0.363959673127729 -0.147534957441235 0.0223354658156507 -0.0363419078654381
-0.24284589228559 -0.326235334407904 -0.0348516299066653 -0.206897900599696
0.00289405220670194 -0.374133927355549 0.0243492631898626 -0.436798515587752
0.132964870242738 -0.35576710941916 0.206740005300498 -0.60147582670498
0.216023279474081 -0.588750697350513 -0.083314023032235 -0.282625425916488
0.134952335328568 -0.579770226406835 -0.0882690237714976 -0.210609743517655
-0.136347938952367 -0.584895216028335 -0.0555233290003915 0.00608007194393715
-0.374507661485642 -0.425459858716036 -0.01917526881482 0.129343483422818
-0.449484780626195 -0.129921497525474 0.181818454389623 0.137152301791696
-0.428198253800718 0.05725235712954 0.28877855733855 0.0413879673828418
-0.379647594573883 0.233107005498445 0.283890808054631 -0.0707939122092544
-0.298157765576458 0.283655400561551 0.233147267825909 -0.106247887448513
-0.319698727597028 0.3038562397275 0.210191303068917 -0.123311199579736
-0.403515313748145 0.182597532220851 0.197179291154911 -0.056782408580439
-0.448893157031122 0.0622563698147297 0.129839157297436 0.023438647080399
-0.529470397586333 -0.186816833256782 -0.0384171658897795 -0.00514415032987057
-0.391199595733692 -0.439582572636889 -0.0944172488821138 -0.170422009179227
-0.0641639621064698 -0.560670982708195 -0.0323786812059291 -0.365494511516908
0.142115654828777 -0.58139433425779 0.11704743045969 -0.480825200474925
0.211674664332783 -0.72044545462236 -0.165845728235778 -0.0737144671442206
0.127643126004589 -0.710897397725469 -0.115163492844386 -0.0653269214401577
-0.172270615222891 -0.723577716678925 -0.0664110577878402 0.0531998729692192
-0.457071007334849 -0.547133474553602 -0.0557868947707976 0.135236938626381
-0.560570251473872 -0.195751150229895 0.0871474746208706 0.125728857898551
-0.539123419077516 0.0425704502052371 0.14728129508622 0.0806058896650834
-0.481031483025643 0.252761318670564 0.141352510360812 0.0127579165829703
-0.371606337515166 0.317459102187828 0.100783887553698 -0.00355250360517001
-0.384060012927334 0.344678785057601 0.0809397058314385 -0.0212920917515788
-0.476857137499854 0.213329369152903 0.0769536593016354 0.027517287342634
-0.522008251298052 0.0773231946905005 0.0324270836884435 0.068233960576784
-0.617175034643676 -0.195010973185759 -0.0895503640454665 0.0368030469106588
-0.479629665775534 -0.483639179689296 -0.12657057740978 -0.10535155311327
-0.124696947466643 -0.653688373546124 -0.0528398349807689 -0.240207587297955
0.125286411823215 -0.715063959570282 0.0437664429479367 -0.286991954387128
0.164217671422128 -0.747462228923058 -0.249352652683179 0.158293741992679
0.0837392095518245 -0.73598681492611 -0.147622178418067 0.110836338280669
-0.201412145196942 -0.741002209326383 -0.0758113912135358 0.108917063042018
-0.479173634789352 -0.561085446206924 -0.0889300835617161 0.125274589987316
-0.577775728211671 -0.214574831645782 -0.0328861448080407 0.0960269048365301
-0.558590256037519 0.0267042113405691 -0.0285479293119075 0.110025790993347
-0.504956110395404 0.240182346932146 -0.0283698200185739 0.0952150615658891
-0.388921106895875 0.302488329996814 -0.0459427679232321 0.100167919697311
-0.395252447278086 0.326824982810632 -0.0531090643479382 0.0843779815037587
-0.482014555639103 0.19323456222491 -0.0484195480618608 0.112269541145654
-0.512304783918594 0.0572025417018691 -0.0675047655968225 0.108841420025792
-0.587414380315038 -0.20005332734959 -0.126657297450553 0.0679649829878347
-0.463137631920584 -0.465225179565974 -0.12876325392642 -0.0388966115012755
-0.136275099298735 -0.637071037340758 -0.0363838706844035 -0.0919177058888453
0.098141077030499 -0.728124961120412 -0.00364710988970126 -0.0563932005481131
0.0861838144473078 -0.659963135722801 -0.310735416055517 0.374670486946229
0.0108331151250526 -0.625029413205192 -0.165099427534498 0.280804450586155
-0.200987257302153 -0.608721655311518 -0.0798251834886544 0.156080685227319
-0.40371988030491 -0.454172787474607 -0.115824835684879 0.103122715428145
-0.48071694122311 -0.182576064406831 -0.152650557790078 0.062064341346434
-0.476648445355078 0.0146072697151235 -0.19970580394157 0.130498578624531
-0.445253580419286 0.192659452740114 -0.193340597136998 0.168498564543733
-0.348854117045916 0.241722435528631 -0.186602405283522 0.187491831361043
-0.357680189084245 0.251210237562279 -0.179641983705671 0.168987097119529
-0.423180549733562 0.130117573865239 -0.165165224416706 0.168146803593896
-0.425052777848601 -0.0034809128443158 -0.15789231602595 0.118286046401045
-0.446013113353305 -0.207281930608355 -0.148209252803691 0.0701476593197587
-0.342026299470873 -0.392490800668001 -0.11185537610765 0.00946013363763596
-0.0991596790047704 -0.523031123301149 -0.00329982821604832 0.0477952263823647
0.0719733457267193 -0.6263554605663 -0.0333719524803015 0.167048304980389
-0.00671140946231973 -0.461917611444218 -0.330550294923581 0.537757586379302
-0.0582288017248765 -0.399276497625049 -0.155405159240613 0.410554486052161
-0.152755538674317 -0.363118728407997 -0.0719001730263396 0.186327324040819
-0.247069781971106 -0.267283658665444 -0.121289550209019 0.0782542640041
-0.292881905993309 -0.123029743267961 -0.239799241654283 0.0346363693512188
-0.311421490698161 -0.00232624642741102 -0.329689719359587 0.143536904526189
-0.312514794584407 0.113338934489854 -0.321019050582872 0.223208641163269
-0.256906381063182 0.142129257587429 -0.299739975139942 0.245570081550697
-0.268869121388214 0.139884055220081 -0.285180302376436 0.216163870896884
-0.307562454296672 0.0438926110780053 -0.262665387383864 0.175938509369175
-0.280509692213736 -0.0627176667616234 -0.225763335950717 0.0841320764944806
-0.245450013028416 -0.184149656169257 -0.14988903306495 0.0376539499923209
-0.17204733608694 -0.265202492520425 -0.0854775317044338 0.0334385117835338
-0.0491960671406491 -0.337155506047551 0.0245907920602404 0.158072981170225
0.0351076660748095 -0.43449806639551 -0.0538307258088811 0.350172863231563
-0.0856656439653138 -0.190565524255213 -0.305765196362917 0.622364421692472
-0.0939704620452793 -0.112568659525252 -0.115824289125921 0.487974794016584
-0.06237829515628 -0.080325128171947 -0.0434148937635533 0.200318582800337
-0.0491644458688462 -0.0670333854895373 -0.100052718983573 0.0543413610990717
-0.0691311879994052 -0.0630797341817044 -0.279285430155619 0.0169277902569153
-0.107292678551294 -0.030979640982936 -0.396772410819067 0.149117563344868
-0.136341308478504 0.00973803681510294 -0.391209253336476 0.251848771877471
-0.125877921829915 0.0223769930916026 -0.365619815450508 0.266705207818723
-0.136824238147315 0.0180548490155151 -0.35622007985974 0.220049407616514
-0.146380659295612 -0.02654872892051 -0.326989544700183 0.137330047585978
-0.105374013390474 -0.0827427664154888 -0.258965250515858 0.017231525488685
-0.0439763542254596 -0.105208302305853 -0.128407945718471 -0.0112043940405567
-0.0217106733010649 -0.0902183074351944 -0.0532919055019764 0.0436288689082508
-0.0258896229671518 -0.112224972198453 0.0371122490782932 0.233691650430864
-0.0201403694221946 -0.190689907483671 -0.0637554841904535 0.470073237648212
0.116676694811119 -0.14364145739657 -0.0271924057866197 -0.540826911955809
0.0451647924367647 -0.167140060350345 -0.108570023019647 -0.336791121020134
-0.0796830502204543 -0.143937884761778 -0.0137405034651752 -0.0407924553943396
-0.138332062201536 -0.0419673137502382 0.0806896654917839 0.0550749176099331
-0.0935110833458842 0.0468437675882866 0.279805956109329 0.0400909639297689
-0.0573173584819235 0.0631659950235317 0.398387962108329 -0.118423161552632
-0.0235405652441787 0.101287288650793 0.388762127666123 -0.257676009611572
-0.020791425776497 0.103889342809878 0.365273006943626 -0.296213302316699
-0.0384177789909029 0.112461900515675 0.375989987079877 -0.293461271810025
-0.0791213864591458 0.0856620171300883 0.370913863042688 -0.200756237544039
-0.122336333962989 0.059572966153809 0.288883404676416 -0.0605147726751424
-0.177255651449579 -0.0344135688384355 0.0949611377291012 -0.0605025836488436
-0.105482081014987 -0.139264750462913 0.0248589982255293 -0.214148263466784
0.0353376324376915 -0.129175742562363 0.0527464933142166 -0.466666670370478
0.0909998529494199 -0.0826536086749407 0.250759292871019 -0.67489257166836
0.127204543406847 -0.404064268567829 -0.026375527828409 -0.438321901951748
0.0498997282595167 -0.398459620928722 -0.082874205032527 -0.296588823617157
-0.157551661535519 -0.368030073091445 -0.0108828435764728 -0.0247697310899463
-0.302023111227194 -0.209240572923504 0.0576845155848694 0.0929047406591513
-0.2903182854649 -0.00881986356595193 0.261553141506342 0.0798381178507694
-0.252828573240283 0.0945956001565368 0.379366792364997 -0.0624838278504366
-0.198927000524346 0.211391708477928 0.367233329169173 -0.207043007735665
-0.158997452649666 0.226573024680939 0.319581445479604 -0.232946280617835
-0.18170561542678 0.245200636490037 0.312744829924638 -0.240529490080534
-0.260279049954049 0.162997850024528 0.306802434880479 -0.159349981185911
-0.309319412050107 0.0789716247818198 0.228481616248637 -0.0365419693161122
-0.391867149871789 -0.10442957774664 0.0352131675993817 -0.0421432858564588
-0.283801123195853 -0.306542950834293 -0.0412505202647839 -0.204436115102206
-0.029664901684991 -0.387505543877654 -0.0271261233260913 -0.445054279167994
0.112848104799948 -0.38356121493245 0.148862907776403 -0.627489057379331
0.130372944467474 -0.613962248904583 -0.0609129827653167 -0.267196629845592
0.0571790707090078 -0.597403992982761 -0.071785335088518 -0.19953476020389
-0.215318581113861 -0.572614784401943 -0.0045921567417078 0.0048756208724146
-0.442299504206554 -0.378350009646354 0.0356062437408594 0.113952339018243
-0.468880122763185 -0.0786349253267371 0.207194496080849 0.0929353830284076
-0.427354558961835 0.104110150793213 0.298431114220641 -0.00789075754291771
-0.3547673229081 0.288767648927802 0.285185354074214 -0.131619564667944
-0.272384112607978 0.315655408319496 0.225322635860862 -0.135277861796674
-0.286708760145448 0.348244726094668 0.209070068719406 -0.148567603764248
-0.392264047370215 0.238089918750628 0.207960287721078 -0.0863503555509943
-0.450576235978502 0.117457930888934 0.145563925787965 0.00375468856413459
-0.567887323071178 -0.125459191926372 -0.0213670150821721 -0.00476499338797389
-0.44848027322921 -0.40766419019494 -0.0926338147993095 -0.155889491291226
-0.120708430903739 -0.578582393120497 -0.0820445179622585 -0.352704563425799
0.0977573863272209 -0.624865416348053 0.0542557263957393 -0.482267215438853
0.109845155537545 -0.744043228688727 -0.118505608529671 -0.0467205021244576
0.0372380600628651 -0.730469244496661 -0.0778949754203594 -0.0485976396392703
-0.271789058982304 -0.709002531279998 0.00199275296797466 0.0527516727067191
-0.54411744754518 -0.488637421838111 0.0115626662288678 0.118021161001787
-0.590137576166706 -0.130498075677284 0.113367850200617 0.0822956579961152
-0.543169392503749 0.102915274442598 0.159693559167123 0.0411255585608788
-0.455721663566184 0.326017320501236 0.151664430636864 -0.0381902156521991
-0.34304151197534 0.359433790948941 0.0983919992452508 -0.0163429999287941
-0.348442704231104 0.39876238006212 0.0837000818050183 -0.028505921001633
-0.463191796536989 0.275662974417106 0.0898007793288059 0.0124164619202745
-0.523851234607897 0.140234557577172 0.0477749456784556 0.0600632476327706
-0.656548419750906 -0.123337827775442 -0.0694891923808456 0.0420181692975107
-0.548000740697291 -0.443552376844024 -0.116326944268502 -0.0824779141677802
-0.195692908964531 -0.669367234925898 -0.0909889335992894 -0.211749548999603
0.0659808049329859 -0.763676962833154 -0.0101455012693286 -0.26671586800474
0.064848840052136 -0.763295699823417 -0.18547640088393 0.193293210845933
-0.00831893863143677 -0.748943968675448 -0.0943706989128419 0.131845325054464
-0.304445785387024 -0.724362202317692 0.000172983817625825 0.108414875232126
-0.567535657849646 -0.499243169006233 -0.022607835922465 0.108388996034305
-0.611753937402086 -0.146024741296177 -0.0115853805248965 0.0635258288125921
-0.566839841110171 0.0934984294147757 -0.0154836539413937 0.0866052237924093
-0.4846073688892 0.317150547569588 -0.0116470217155671 0.0632585780229698
-0.362736631850451 0.347557053654909 -0.0429430495946831 0.105174741005855
-0.36185279730497 0.38125253494927 -0.0465286727789439 0.0948863735333104
-0.470712719627513 0.258742813006806 -0.0325342175718196 0.114373215917834
-0.517274886858191 0.115568169285107 -0.05397175440909 0.112764736555768
-0.625818788156886 -0.134227966359128 -0.107310471742698 0.0801909415974179
-0.529541100226919 -0.429279827322306 -0.113260037510968 -0.0109675227415815
-0.209929684511192 -0.652771388760917 -0.0583080085919371 -0.0559200556968898
0.0307214745244498 -0.777419837378864 -0.0412178008706997 -0.0193400512044842
0.0019495322977022 -0.663682093939428 -0.23960189470111 0.413088301259612
-0.0649040506554041 -0.626557458750639 -0.104470527288224 0.303456330800617
-0.286995502123553 -0.590616114118301 -0.0111251588571566 0.156415247827756
-0.477861596312529 -0.401941565708715 -0.0618995994267529 0.0923314980746889
-0.512125702310683 -0.125197289013771 -0.138749829541994 0.0467811295735939
-0.485180132319497 0.0722541326399199 -0.188097036817707 0.128070111805254
-0.428486136614184 0.262088260948337 -0.172828235552527 0.160169162602201
-0.328501876837955 0.283372705151134 -0.178220246522932 0.209820043468859
-0.332234476047259 0.299897629061751 -0.171207347664276 0.196249332251667
-0.418156044648709 0.18365047593774 -0.151237544062238 0.185772798978393
-0.43573295223316 0.0441079193445996 -0.148973335213083 0.133762256047694
-0.484241631807639 -0.15858878173053 -0.134110305952555 0.0872182613725829
-0.39664097818863 -0.367107357193079 -0.0972330691415062 0.036975869698081
-0.163714810016249 -0.537189745308223 -0.00802921137526041 0.0818592612398806
0.00886148999639549 -0.669110633681473 -0.0482850985368927 0.212372342610943
-0.0635111596375562 -0.454561508510699 -0.263973607847708 0.573996116607274
-0.102980495112596 -0.3924667723849 -0.0983061183584735 0.432632671728905
-0.204798279320569 -0.348825687144999 -0.0221603268106295 0.187989325058812
-0.291993411204283 -0.233574449837153 -0.0890122334120431 0.075177772388238
-0.315061133198812 -0.0862945511673842 -0.233839719400455 0.0390913089124298
-0.319955766303484 0.0386409247079042 -0.320431676599192 0.162312097275253
-0.304040731770206 0.164354182674212 -0.300614067669933 0.238947234113195
-0.245069117787627 0.174921267695251 -0.288088417727282 0.281216021959757
-0.256570154535299 0.176079484076038 -0.277734098358097 0.255061701816798
-0.30933683595188 0.0812426082892787 -0.254567526321457 0.205756698607247
-0.294323089774774 -0.0331366793337071 -0.224655598340761 0.107267559325916
-0.273955448723913 -0.159661421654383 -0.145412475588805 0.0556257913594751
-0.209531709075015 -0.255097261862618 -0.0750386445912131 0.0560713979772052
-0.0928852168472079 -0.347786560102985 0.0345426864655686 0.184964080970651
-0.01179013947037 -0.463730399620554 -0.0452195304624564 0.395993670751839
-0.104809047754471 -0.172420388141573 -0.253593666030518 0.652815759939928
-0.101462133702785 -0.0978515169246459 -0.0681288672602267 0.503240503632669
-0.0740311095906709 -0.072634873712953 -0.0172854287914369 0.204373455210178
-0.0606074252610048 -0.0587743151775896 -0.0901423513360579 0.0605180811157102
-0.0810734638358643 -0.0526356084519579 -0.279982159825768 0.0398675471803935
-0.114863551091584 -0.013641205129006 -0.387792375220014 0.185327109366608
-0.138777912230104 0.0340325772344966 -0.371651226217243 0.289579282176154
-0.124826528366609 0.040851051689827 -0.352092120267491 0.311079343177822
-0.136840379584539 0.0368839390696973 -0.351890780825692 0.266420133173114
-0.152086401577101 -0.0103123507476123 -0.328675116741437 0.173605255907022
-0.117206610185805 -0.0732210322163686 -0.26822871146278 0.042223617072196
-0.0583724378039211 -0.10263572313807 -0.134745078428514 0.0023615464466774
-0.0358213723071614 -0.0920968437415191 -0.0493411915521583 0.0578116013460273
-0.0463463968534355 -0.116076488929434 0.0612947248097444 0.250979264116701
-0.0480844172524288 -0.202813152796467 -0.0347319291261173 0.511432514512637
0.109119676290924 -0.153237060375638 -0.0644432228836566 -0.548387609065039
0.0360377178679643 -0.171330941223589 -0.135469223088469 -0.335517014645876
-0.0896525664707924 -0.141614352448965 -0.0167082610263051 -0.0398010946325172
-0.145128922319062 -0.0335859175890504 0.085316777341473 0.0517982152157453
-0.0937839334996475 0.0540939219301209 0.286323186774144 0.0210045394523626
-0.054737071882958 0.0697329095220907 0.395761877157255 -0.149948308585731
-0.017079208935478 0.102848898631231 0.377135559432605 -0.287269725358978
-0.013260298185251 0.106113359674558 0.354491162888291 -0.32843376066914
-0.0310296076689986 0.116633067079629 0.363813434961658 -0.325444557204581
-0.0753884309610724 0.0918997395797682 0.363556038737611 -0.22959179086447
-0.120930261612782 0.0683974676885794 0.291215030653448 -0.0816730600672479
-0.184009002553483 -0.0222973075981396 0.0943958997662765 -0.0672018120864382
-0.11618194816682 -0.133237252995954 0.0107180003610409 -0.223569452904141
0.0281438735242504 -0.133656455383325 0.0206394365329455 -0.480846442220793
0.0871707143923039 -0.089117682449 0.208050456138797 -0.704614379392867
0.10007243868834 -0.417158648351397 -0.056199527668236 -0.445301280392736
0.0249546638199208 -0.406892778854027 -0.104796226084121 -0.297783179742293
-0.185347809975231 -0.365246081638756 -0.0124805914244871 -0.0236298832572212
-0.325588752139312 -0.192802808572054 0.0653794008711898 0.0922374457267832
-0.298650074038874 0.00982756353316481 0.270338921265107 0.0639111318267886
-0.253003628399391 0.117370462460537 0.381846944778963 -0.0910328336364328
-0.186563409534601 0.22818823799125 0.357709852376144 -0.23217613582013
-0.143351467889275 0.242454017997884 0.313363060806679 -0.26073841212658
-0.1677229044622 0.263279685347654 0.303001859442001 -0.26673380617686
-0.254868072536782 0.185492491391369 0.29980505326767 -0.183509711926742
-0.311688817463679 0.101232842160317 0.231188417674017 -0.0521556880807754
-0.408867978381152 -0.0779412852304534 0.0338173751532496 -0.0438933659683157
-0.310724516375512 -0.292793806140176 -0.0561041844113419 -0.208084381856647
-0.056361859889115 -0.39359797015378 -0.0575582933899077 -0.453516131240435
0.0877842794248774 -0.398417724728214 0.106730706395463 -0.648098076441818
0.0888293523935222 -0.630922564109119 -0.0765987214488337 -0.271021487110411
0.0193549384022515 -0.612651919241173 -0.0861847937943365 -0.201241026556919
-0.260184004265131 -0.5708745069244 -0.00338069222376907 0.00636049277389566
-0.480289461926166 -0.353528306866598 0.045080845837253 0.115058637507797
-0.485865951656743 -0.0487467651261549 0.216415529731372 0.0822219865448172
-0.430630070982882 0.139967233209344 0.305066026544714 -0.0293571036720532
-0.338772325292517 0.317925764785417 0.2773404051267 -0.148414649972051
-0.25212389059538 0.343026743302334 0.224046624340082 -0.154417767789831
-0.267771807944182 0.376383385296312 0.203642999462542 -0.164061056970274
-0.384089325614382 0.273057033216462 0.205183019295498 -0.101850748747688
-0.454909859348292 0.149945781008275 0.148482444227215 -0.00435694686737136
-0.590674703487241 -0.0855543582938456 -0.0227260533454778 -0.001497818436826
-0.4871793082857 -0.385534771958583 -0.105673504371899 -0.153892211626265
-0.163556710406045 -0.581822924113624 -0.106883706798146 -0.356547698622332
0.0547793772610628 -0.644986381328041 0.0208681495910959 -0.493142900867563
0.0595148045778462 -0.760582350557052 -0.119851317715179 -0.0438293090515926
-0.0112927417677029 -0.745914238651904 -0.0810416070398454 -0.0476230947589318
-0.328845056221979 -0.708451837390908 0.00747934299453747 0.0553197994256964
-0.595355223392902 -0.458734119017915 0.0214415803426849 0.120506988374903
-0.615261642055682 -0.092944742761182 0.121158717913377 0.078879415842328
-0.550244283123875 0.147859208148825 0.168706396604855 0.0302234102246198
-0.438964989300761 0.363716670600648 0.146430344865478 -0.0431231036785458
-0.321107317019994 0.393276214779469 0.102775415328571 -0.0248377868261692
-0.32708102739646 0.43218483554185 0.0848724944328766 -0.0328737641349569
-0.454640752928552 0.318841307869943 0.0924798260704812 0.00712882006698073
-0.528680966446978 0.178809771248895 0.0527805864957999 0.0601662882643489
-0.682184648003719 -0.0781568924510749 -0.0687874253311983 0.0498787488983856
-0.590642718171261 -0.415888755497728 -0.12510988460088 -0.076560603223402
-0.248378106984685 -0.669689344566591 -0.105595486961784 -0.211237695932172
0.00805139833457904 -0.784679949223456 -0.0293952996033553 -0.267233423605771
0.0116428067218786 -0.778283591868648 -0.172148865219132 0.204664236825548
-0.0596758373603298 -0.763217885259932 -0.0839048389636642 0.137391717906968
-0.363383865706645 -0.720235026880455 0.00957374801012689 0.112461842837982
-0.619583680307133 -0.469902143721616 -0.0139323913630602 0.113098710013103
-0.636815572692344 -0.107730415295648 -0.00697471372780112 0.0674508338551133
-0.574145220008883 0.138436257045689 -0.00559117410771221 0.0892820529651931
-0.468459572529221 0.358859235994931 -0.0133556594151813 0.0711720310024052
-0.342284704038927 0.382033027374043 -0.0341900564484781 0.110143133899079
-0.342487016849324 0.41506583180112 -0.0398848110871988 0.10203435022946
-0.462335749516373 0.300386940486513 -0.0259833311082974 0.119023977544158
-0.523058041803799 0.152775738812522 -0.0480731488788711 0.121453187990844
-0.651764253889393 -0.0904266059596995 -0.10500073370985 0.0915164701673095
-0.571144163380624 -0.401057855330748 -0.116109005222918 -0.00276043113777775
-0.261331251053515 -0.650381548232528 -0.0612965354416673 -0.0552624262823595
-0.0270335299928249 -0.797675221266545 -0.0427747017691388 -0.0138030015932768
-0.0453628557367414 -0.672810375349857 -0.212858288588306 0.431889023702562
-0.109109983746856 -0.638809657094374 -0.082529518684194 0.313856007441105
-0.337787393629126 -0.586468762342748 0.00151380587775096 0.161376689856867
-0.521339289963174 -0.375832776474969 -0.0551663697467805 0.0977867475251092
-0.534356489268556 -0.0944035417222453 -0.137455575296571 0.0593902392171759
-0.492317871635012 0.112481471500979 -0.178819209123032 0.144281173046898
-0.415831531490862 0.29934634468483 -0.170498340001552 0.179717321113934
-0.311995154125559 0.314724174145453 -0.166922398582452 0.226457452244202
-0.31716787132284 0.331683359530465 -0.160000804901608 0.213226901469926
-0.413909348810907 0.220927211452657 -0.14128122415 0.199095888222359
-0.444493174724289 0.0751280628215527 -0.143795375283706 0.149032673155541
-0.507357026901237 -0.125604287728723 -0.132643516061293 0.0995659496825557
-0.434279424196645 -0.347230222071216 -0.0952632815342917 0.0459312465759663
-0.205669599383539 -0.536708790383005 -0.000899984986503634 0.0824594429886239
-0.0410186603905009 -0.684957849396136 -0.03330839330005 0.222590465722287
-0.0968437166725591 -0.457184701842414 -0.227783862735985 0.598953616461892
-0.132334471007011 -0.395611207340727 -0.0671592730520132 0.445407405832437
-0.236891282358484 -0.344064196182281 -0.00787287838461887 0.19433535915317
-0.318380139771308 -0.218840419210933 -0.0842321940746036 0.0824780956622423
-0.329213295863197 -0.0671751361693994 -0.234760364119605 0.0573389865721338
-0.326208886656309 0.0640692775151512 -0.311404001212698 0.18810932810926
-0.29590098570748 0.191546395650014 -0.293075727955411 0.267497893350893
-0.235741258292862 0.198111292833404 -0.274776565942513 0.308066915667236
-0.249163929581941 0.199928537791267 -0.265449062073795 0.280477415245335
-0.309641768039491 0.108722747419882 -0.244912759604559 0.225798003695979
-0.304648547830265 -0.0126554499760587 -0.223130333422933 0.126219703043047
-0.293206664968933 -0.1428348163204 -0.146208999927117 0.0676685084265633
-0.234655890191698 -0.245839505535093 -0.071404760080412 0.0645012143002017
-0.120257109940714 -0.347582849697693 0.0508253144153385 0.18471697609971
-0.0479882533003047 -0.47392679508767 -0.0172247882342619 0.408748251322681
-0.119376567821793 -0.168742478557218 -0.213777888280151 0.678071756385025
-0.110008632166698 -0.0946324475698415 -0.0324505849090841 0.516424969649011
-0.0828021265035886 -0.0704946710287158 -0.00232138549858134 0.209876880334972
-0.0670597606292454 -0.0564656429122533 -0.0877169476433688 0.0666735348651284
-0.08614744958198 -0.0493022184067008 -0.281304703371174 0.0603338229421133
-0.119294624308133 -0.00588044300402125 -0.380795327083321 0.216945789281047
-0.137412471431909 0.0458517091039338 -0.360386700168575 0.320370795619808
-0.124200177788338 0.0521225444732742 -0.339260477953534 0.343181579400268
-0.137166623315652 0.0494221018194493 -0.341211146286266 0.296278624311051
-0.1558864513616 0.00285412748208737 -0.322999369454826 0.198568434642261
-0.126310356375225 -0.0652081223608272 -0.272121265288934 0.0621494777055259
-0.0675078602226963 -0.0994904648536892 -0.138314937423561 0.0119509522843031
-0.0459432685649927 -0.0914165086309804 -0.0445993536515401 0.0650897528112201
-0.0573632454298184 -0.115676364059107 0.081119060938035 0.250789264413194
-0.0657657469317099 -0.205834623965337 0.00187943644937057 0.5262138605405
0.0962368527335838 -0.1588689038617 -0.101497817464862 -0.537199620828091
0.0250641133390329 -0.170887516681206 -0.160092615173681 -0.321302966688015
-0.0981254505656588 -0.13429384838844 -0.018186171890813 -0.0377765422419437
-0.147461931148903 -0.0219397899135886 0.0884411535914013 0.0460234546032626
-0.0898872243845613 0.0606355119123146 0.283247117789695 -0.000315091055544437
-0.0495544838401221 0.0746866386270997 0.378449059485676 -0.178858636439627
-0.00954093409694203 0.101162003877019 0.352947999203209 -0.310048721925176
-0.00382393993404945 0.104582166019089 0.328859056647831 -0.352962653808409
-0.0215194640941164 0.117273131011427 0.335472609642117 -0.349815913260142
-0.0683428214180846 0.0963693982185489 0.342202613210539 -0.253815824632323
-0.11510102626294 0.0768854935793877 0.283982166928079 -0.103235419820606
-0.183540424306962 -0.0071437222344156 0.0896485343390523 -0.0736912216524729
-0.123778300220597 -0.122907458423404 -0.00746378173163128 -0.224262347523481
0.0186503961139356 -0.13465033260074 -0.0156233859322537 -0.478418674307707
0.0792746394022297 -0.0940709951313857 0.15077170648303 -0.709664078988754
0.0674636020710697 -0.41683091199466 -0.0848880741796744 -0.43771473771261
-0.00443604605429185 -0.402282560717164 -0.12788202330319 -0.287466521108269
-0.210910426721322 -0.347901513794609 -0.0125419667583546 -0.0220011034088285
-0.339275469961965 -0.165959470591833 0.0720654647250583 0.088147289855739
-0.297384073120484 0.0319500677299499 0.271498997026032 0.0451501553861954
-0.242115188628645 0.139090887262423 0.371532764046042 -0.119987510045019
-0.167210385647328 0.23890445564976 0.336119453763017 -0.251626639512831
-0.121967413272055 0.249879217988999 0.293762333459298 -0.2835216181853
-0.145549228803756 0.27300923916139 0.280050759369892 -0.28557735306324
-0.239454841389712 0.205047138173913 0.283985517380041 -0.203397238226425
-0.303931827357152 0.123475256871871 0.227032601660648 -0.0683441764598412
-0.412183929108854 -0.0454966701784478 0.0307236741717191 -0.0452150887459382
-0.329786586015054 -0.267155790291333 -0.0728985977323891 -0.204122722579153
-0.0851036610331249 -0.385651213385867 -0.0909346990184903 -0.447065051091432
0.0550318557648552 -0.400359447264858 0.0560627658782961 -0.646724341718745
0.0400145690535716 -0.626066972698133 -0.0920210317996696 -0.265651646219865
-0.026138249934262 -0.60537190496796 -0.100258949377914 -0.19521842865247
-0.303252148932514 -0.546048792805982 -0.000316804326912291 0.00745043349713421
-0.506781189530812 -0.312800128330141 0.054340675667214 0.111915237554006
-0.486930103037849 -0.0125133424852059 0.220329397739732 0.0681662690032104
-0.417969794165873 0.177382215125145 0.301799730966444 -0.053409784290039
-0.309131387062389 0.340679600053783 0.262384309758979 -0.161214961691893
-0.221341177887091 0.358437518422747 0.213206801521226 -0.171194783379768
-0.235354860626316 0.393743599039218 0.190449049555634 -0.177014017393244
-0.360807644821806 0.301605696272598 0.195148463509895 -0.114584194954259
-0.443064170653011 0.182712834590844 0.147913362775897 -0.0137360721044659
-0.595009460837882 -0.0380944118032007 -0.0225370016337864 0.00230742577018671
-0.51478425881298 -0.345793844740796 -0.117430353843804 -0.145399350912712
-0.205689000487876 -0.564114198686727 -0.132190111502977 -0.347043672862475
0.00219235202663302 -0.642867333985937 -0.0176741137195232 -0.485531479527928
0.00215151907888144 -0.751706805152938 -0.118858327023359 -0.03933507397299
-0.0662603626107327 -0.739069793305183 -0.0832844782454338 -0.0442671509521863
-0.382624981943027 -0.676020495944106 0.0143849887292931 0.0552744763667097
-0.629786134103207 -0.409280840767644 0.0319065160229893 0.119047809287001
-0.618675924466383 -0.0454232486526927 0.127197385766105 0.0717858998400332
-0.53455730973204 0.193469501733043 0.172835276067866 0.0160666303635836
-0.404985391528747 0.392109678829233 0.139465278335394 -0.0458411340731993
-0.284540846091926 0.413712578542963 0.10232435393966 -0.0335140559101004
-0.288687429535559 0.454654808370752 0.0830273836379927 -0.0384136800515851
-0.4252335059861 0.352907698308053 0.0915617421279327 0.00139509784083864
-0.5149438236015 0.216500387175704 0.0575307026281156 0.0586927281708613
-0.684842293743254 -0.022868946275095 -0.0648795993980091 0.0573412820483691
-0.618439527371388 -0.366963356193858 -0.129816851315843 -0.0668685541380294
-0.298001934814046 -0.646623043807386 -0.12012131453941 -0.203745495644002
-0.0546603425744063 -0.779137615617714 -0.0489228720694502 -0.258711763215345
-0.04719031613755 -0.765035959304527 -0.152255705764344 0.209898043339331
-0.115739442761963 -0.753812675248618 -0.0717324246634858 0.138536301937181
-0.419214130926352 -0.688288436306503 0.0206199484830314 0.11179625444999
-0.656673917647445 -0.416842652397069 -0.00299585613111539 0.113778168510094
-0.642768100786179 -0.0588895357713909 0.000254426352641531 0.0699662764806478
-0.56022613032275 0.18609669301881 0.00583748504941257 0.0882891824778687
-0.433827207471213 0.390578842526565 -0.0107524985599127 0.0787000337064492
-0.305373800384751 0.40619647756606 -0.0244140856213412 0.109515099381548
-0.30600768962225 0.440368669642691 -0.0305169325425439 0.10469528699931
-0.434759695010975 0.335439188330856 -0.0168009875836772 0.120171730373563
-0.511855270904245 0.192014435469188 -0.0377191454722362 0.12690652769299
-0.655274043001599 -0.0366744917607261 -0.0977912424580226 0.100905126813736
-0.598567508571161 -0.353937459218722 -0.115381603296963 0.00624147577147423
-0.309729650112425 -0.623699878204817 -0.0634670380639999 -0.0523493505405818
-0.0928337701896614 -0.788890361164916 -0.0425840634338357 -0.00642213217546098
-0.0949922914691672 -0.659078043645508 -0.178282807264445 0.437868871670772
-0.156557679490974 -0.627325299203203 -0.0574217031638007 0.314209348391218
-0.382705935145738 -0.556954406832957 0.0160566089564328 0.161099766802788
-0.551120295562406 -0.334639650975308 -0.0458753751975699 0.101745769294145
-0.53954533742559 -0.0539553382015638 -0.129161499798723 0.0706987846606344
-0.481967818969652 0.152718299400522 -0.162037061153591 0.155730128013853
-0.386280638557134 0.328630887151285 -0.158335310170797 0.197247131454383
-0.281094142564201 0.337296001892169 -0.147345051139899 0.235898424202848
-0.286635906459438 0.354942673787949 -0.141633407025811 0.22391093783689
-0.391610856342986 0.254129841356089 -0.124633202229551 0.207864646772778
-0.438288587675042 0.108849598369787 -0.131337632138915 0.161595256872209
-0.515206344811616 -0.084213476842946 -0.124654432866163 0.110258794336769
-0.459280335774724 -0.312109699616139 -0.090261555038847 0.0533824779752707
-0.245750409942712 -0.515329531642174 0.00703224466933676 0.0794763235428028
-0.098437826631464 -0.675138277465944 -0.014503105928176 0.226803509047828
-0.129769316713133 -0.442879362741966 -0.182370816274445 0.604863459666932
-0.160927574630915 -0.38484728457496 -0.032204893351405 0.443236151961096
-0.265402876361339 -0.3244184657628 0.00848005666579946 0.194001527850988
-0.335760023544725 -0.19319144197271 -0.0763050420531915 0.0871971746060022
-0.333820323914874 -0.0435883477776131 -0.226619766067081 0.0753959921521377
-0.320150085273362 0.0898579100468254 -0.291389606884921 0.209763954051058
-0.27651568423684 0.212649679524006 -0.273399137626731 0.290758787846344
-0.215759204881056 0.216787548845321 -0.249486032781139 0.325777954801518
-0.23028754138875 0.219043577699212 -0.241367303787567 0.298355963839854
-0.298281987282694 0.133684411287321 -0.226277134975239 0.241854856901032
-0.305193644730155 0.0117755375916768 -0.212115374665923 0.143909755279893
-0.302864231450503 -0.117250945258709 -0.140554999547898 0.0790569779491837
-0.253899019973641 -0.225134987843015 -0.0641591164850038 0.0704672984434114
-0.146875332078327 -0.335342139895438 0.065244570699296 0.177428073811348
-0.0886143670644036 -0.467472277723335 0.0152548555280294 0.408932212289513
-0.130652583313112 -0.157378378875755 -0.164790244886294 0.683817089610192
-0.116500589195204 -0.0879596211547645 0.00722563073206445 0.512047531472472
-0.0899104348005902 -0.063943789912533 0.0145726587778923 0.208354511145574
-0.0721767790757776 -0.0516232074456606 -0.0812505704251011 0.0712890971029292
-0.089394443427351 -0.04375320496135 -0.273081387428799 0.0802109682108486
-0.119717759279358 0.00318923534639825 -0.358755791077293 0.243155449447412
-0.131214582380881 0.0572800692707877 -0.335950135193294 0.345290339589415
-0.11721170351119 0.0629655267832765 -0.312754404364619 0.366380664065447
-0.131543554516913 0.0615660111913421 -0.315617642867909 0.319275428904238
-0.153059833724549 0.0174575820070473 -0.30530577097446 0.220181829082654
-0.13129709250866 -0.0534245156980946 -0.265820202912989 0.0834783318145182
-0.0758768061796495 -0.0916268213992448 -0.136951198068281 0.0225275142148949
-0.0559117337969178 -0.0864043931184541 -0.03708709475296 0.0697199330311745
-0.0676859990432239 -0.111005639038645 0.100492080843051 0.241422784364348
-0.0844540641554808 -0.200355977356311 0.0440448736499784 0.521462596081996
0.0844541388744714 -0.158883375618435 -0.126106589530557 -0.515939885654898
0.0161042818048086 -0.1652616361535 -0.173158862470995 -0.301573357281221
-0.102699939978828 -0.124919860524309 -0.0181807979976907 -0.0358858383484059
-0.144804516382581 -0.0125855533801688 0.0881553157738767 0.0418155704795626
-0.0852074375901115 0.064479620456731 0.273403452272999 -0.0140609116242099
-0.0446032135345713 0.0764227273376192 0.355307925067272 -0.195418711301286
-0.0042813474356775 0.0969268118670667 0.327399535291308 -0.317836175344453
0.00252587305192231 0.100624914967051 0.303476878518158 -0.360586922171725
-0.0143886116778848 0.113868948751695 0.305714467227833 -0.357307814087347
-0.0615091305517914 0.0963874609634656 0.316649433160193 -0.264296190284035
-0.108144619824061 0.0799514765082158 0.270885378149857 -0.116547427358534
-0.178047937077909 0.00323132991987671 0.0845887967357858 -0.0758808024130564
-0.125414559274987 -0.112088738606048 -0.0204316019235461 -0.219281070533855
0.0122518397900056 -0.130970596107109 -0.0422077311145775 -0.462445959162247
0.0726091969229705 -0.0947902084925266 0.107286726519756 -0.691777916960023
0.0419177425432669 -0.403745210399566 -0.102654986260315 -0.420660446902857
-0.0252864320724541 -0.387781273573126 -0.139048382809766 -0.272536982176373
-0.225143080176163 -0.325122305740162 -0.0112730005499344 -0.021436909027397
-0.339351352942602 -0.140713744916874 0.0754276416088166 0.0836672472118543
-0.288583737950757 0.0477826786001218 0.266386004971205 0.0316422284515715
-0.227113308113079 0.151046197974317 0.353104285113669 -0.138288653202049
-0.148532009382444 0.239854285747261 0.314357868024772 -0.258753881678003
-0.102478934468609 0.248471416161187 0.271470135800163 -0.292639543612864
-0.124951612308668 0.27365489412205 0.2567350983499 -0.292514172785891
-0.221525215997345 0.212440975625579 0.263852581835932 -0.211686097748277
-0.29062321360766 0.137038576385132 0.217599565561504 -0.0787348654195669
-0.403370003556832 -0.0191605819218058 0.0281030336209855 -0.0445393080009787
-0.334339653043926 -0.242248508664869 -0.0838453810411251 -0.195709810743877
-0.104090062234316 -0.370014717531684 -0.112840331348759 -0.428882997020968
0.0306743988220154 -0.390902049235252 0.0202536652048867 -0.625535357420894
0.00396762913612379 -0.603630071942969 -0.100705850681131 -0.255355731327327
-0.0563626392445591 -0.583185089782283 -0.108340957459237 -0.185690487813484
-0.326292310225156 -0.511490977911547 0.00288234674014355 0.00655437450419814
-0.512135092523868 -0.273632699535287 0.0604428872126192 0.10737698275485
-0.476823993830154 0.0149928063937323 0.219535421021459 0.0569522770660808
-0.394925694616597 0.198412153538731 0.291985252376263 -0.0699782333696965
-0.279788078086205 0.346149859220157 0.247339758416505 -0.16348412672725
-0.191249304133604 0.359223389592542 0.199389313229874 -0.179839789921929
-0.205471325571004 0.395949192341106 0.175916403145428 -0.181626256009919
-0.333689725432847 0.314797392402365 0.183130717012594 -0.120718887407533
-0.423151642849391 0.202663660902878 0.144767594993992 -0.0200315212633469
-0.579898397448991 -0.00294330100358936 -0.0209676100355575 0.00473770782495023
-0.519380452396485 -0.306772688972083 -0.123349875835843 -0.136168780863185
-0.23190306194559 -0.536546061968709 -0.146646429515388 -0.331070914845397
-0.0350585862940697 -0.62343048025301 -0.0429475434923138 -0.465265994538258
-0.0389611626285265 -0.720815610277237 -0.113950279320126 -0.0368077131207127
-0.10357713842017 -0.712424285786217 -0.0837881144950656 -0.0414480054759245
-0.411687225079577 -0.635471565027464 0.0203603013082416 0.0523969785129366
-0.638288447888539 -0.358035348521346 0.0398460100722081 0.114491517391219
-0.607564402123011 -0.0112142038169138 0.13039901120313 0.0656991732710519
-0.509320704792036 0.223162867651803 0.172698477093275 0.00389307419315276
-0.368850369739892 0.403050079968488 0.133045800864959 -0.0437118336237336
-0.249697516398879 0.417698067510976 0.0986761980796658 -0.0407071347583022
-0.253522056935254 0.458186511323739 0.0794154189004129 -0.0410814913334066
-0.392557130406776 0.368038041197295 0.088996456906612 -0.00273565187548647
-0.492155372682375 0.239016208186713 0.0606239858189108 0.0564435656302145
-0.666811036126484 0.0200410417772201 -0.0591854421702903 0.061002603911648
-0.623367352506957 -0.321837256819752 -0.130060989334239 -0.0586602561245323
-0.325261496505985 -0.609768079130017 -0.127023592865729 -0.193675833319826
-0.0997832189493006 -0.751787081134734 -0.0606488077179016 -0.243555998958194
-0.0863406122221036 -0.732833349950702 -0.135241844284071 0.206385637352469
-0.151983033707379 -0.725685956887644 -0.06224087666191 0.13554733845052
-0.450285387573441 -0.643564827518216 0.030436046702941 0.107199997876635
-0.666802343416775 -0.36742016452415 0.00578269937411904 0.111012035178653
-0.632580743693992 -0.0230371200783307 0.00731289285635763 0.070109077205695
-0.534375971117936 0.21719762957589 0.0150124265803957 0.0828916549838169
-0.396121354884884 0.403148395713428 -0.00637712215900555 0.0857670980692315
-0.269917475079652 0.410946866696262 -0.0176166677793602 0.105966278522935
-0.269954506344547 0.445097802082624 -0.0226903869544554 0.10338753026841
-0.403018354847825 0.352595610735804 -0.00946456085174314 0.118436711664807
-0.488891337315771 0.215361008783179 -0.0276010133028168 0.128111851884792
-0.639431935468979 0.00385193255312633 -0.0887736388203977 0.105444600715555
-0.604164296180172 -0.309259798113896 -0.111666796745755 0.0119782415655172
-0.336247055070461 -0.588912653201517 -0.0639808933238781 -0.0493188545380146
-0.139940607161973 -0.758586960687146 -0.040272611359686 -0.000144134195848659
-0.127337352551516 -0.629956163288151 -0.149644903663637 0.429184641174089
-0.18346563625466 -0.601927750545577 -0.0389236293077924 0.304216214338041
-0.406921853917966 -0.521499239736767 0.0276649868189406 0.155936953837038
-0.558679852059017 -0.292339269824906 -0.0367362521640875 0.101320303242905
-0.529762661137444 -0.0253140204933954 -0.118833875291686 0.0769890176440619
-0.460745719387393 0.177988638391955 -0.144338235686759 0.158563324577287
-0.353243718176063 0.341583197741388 -0.143752880450165 0.207261261192316
-0.250834992056311 0.342839537779528 -0.130854491400708 0.235552461643677
-0.256674313616271 0.361979056139934 -0.124328411899022 0.22428414244833
-0.366345920188106 0.270873376210144 -0.109384527349297 0.208937584418456
-0.422567847204351 0.13158313785908 -0.11639342881802 0.166455042658644
-0.505411870947086 -0.0497947441861113 -0.113884510952779 0.116041693103408
-0.464041873854758 -0.276044646483467 -0.0837126555308222 0.056890533282834
-0.26815902239026 -0.485630929737974 0.0121080682414027 0.0749825521462544
-0.137810416045015 -0.648832136494665 -0.000379316674781855 0.223116605538293
-0.149009047124543 -0.419173255153996 -0.146594116628861 0.592970937133682
-0.176926101039101 -0.367664839150825 -0.00739904864605225 0.429322609285426
-0.278559071846256 -0.30119443462093 0.0213905694591959 0.187891762714918
-0.340635460011076 -0.169335125034654 -0.0680790431865451 0.0885083421360113
-0.329343684799244 -0.0248204633475733 -0.213587411370628 0.0855272792942882
-0.30619436117078 0.107009165915869 -0.267732386657252 0.218666825867207
-0.254154995016376 0.222575580958213 -0.250400839040595 0.302112699411732
-0.194288192614212 0.222599834618607 -0.225946889537813 0.329490905937569
-0.208660273058657 0.227778291924757 -0.217867636885604 0.302584045254543
-0.280550456872352 0.148974917040107 -0.206021583781458 0.24698670267167
-0.298421130753217 0.0298517065353594 -0.197199466627011 0.153427375951654
-0.30137146129614 -0.0949129078847803 -0.132107856980086 0.0857293843937263
-0.261501476118281 -0.203019863134632 -0.0568681218226427 0.072287557300524
-0.162655953248323 -0.316757759092414 0.0745848876626199 0.166344226458318
-0.116282967110145 -0.448047699957923 0.0390822590171995 0.397012464093507
-0.134788971778833 -0.144130634915496 -0.126199025538889 0.667790307646423
-0.118237555521447 -0.0813042129859533 0.0344569999789255 0.495182726060306
-0.0925802256609784 -0.0576954772031597 0.0267860226501359 0.201841343154678
-0.0738177891286343 -0.0463443172645056 -0.0744696942872703 0.0719879226125191
-0.0908198376400859 -0.0397579185228989 -0.259377763231235 0.092173144512183
-0.116668262706194 0.00999508228455638 -0.333025237148967 0.255060022253166
-0.122442302830561 0.0636698903495261 -0.309418640409408 0.355184708328165
-0.109172617476021 0.0687827907549746 -0.284658567936592 0.37288610489373
-0.12269275407041 0.0682642828404162 -0.289327137298288 0.327864391846292
-0.146610612699363 0.0274084932288821 -0.284196534320111 0.229723948846918
-0.131714322412031 -0.0432133315792513 -0.253141982647225 0.0966097170534076
-0.0795393106593352 -0.0828822344417706 -0.132230901553418 0.0299730690582626
-0.0619838500009127 -0.0792511051612163 -0.0298837463629428 0.070541392077012
-0.0733882410778217 -0.104415119584429 0.11269076942878 0.226373010634311
-0.0960902467057767 -0.190505367215865 0.0729914857869285 0.505660836740745
0.0763908557824245 -0.155522048741256 -0.134831694009521 -0.498893128557455
0.0120715964846249 -0.159598044670776 -0.177270530270716 -0.287317320385891
-0.103686947328519 -0.117954468298124 -0.017331225819721 -0.0357124767915652
-0.141582739902505 -0.00718081089472885 0.0876967017796835 0.0387900106345056
-0.0819656812657025 0.0662860973484373 0.265763334199584 -0.0198491690510463
-0.0413169324079867 0.0771074428779438 0.338604802666904 -0.200567972839325
-0.00187979320206964 0.0935653086395244 0.311706805269796 -0.319574015446944
0.00571316441709274 0.0965174847759773 0.287165701554743 -0.361076499233017
-0.0107531914837612 0.111160054306511 0.287872549260873 -0.355960908090641
-0.0580408398973271 0.0953857861589682 0.300774318414821 -0.266197659279503
-0.103076678218454 0.0810817366460794 0.261671661675201 -0.123304333461828
-0.173048396290905 0.0087863499642192 0.0812120088802916 -0.0768916040276793
-0.124515209504082 -0.10654794207718 -0.0283492079255856 -0.213703096518366
0.00901122944348589 -0.12809724806557 -0.0553340652869991 -0.448023778068134
0.0682190960014097 -0.0944980687646893 0.0850619228252373 -0.671121755112314
0.0274837690042896 -0.390979361638156 -0.108392609909294 -0.409136428478922
-0.0346243799327102 -0.374469115753737 -0.143925787745383 -0.261443932310068
-0.22955975148198 -0.309182931403048 -0.00917088005735666 -0.0218398258871534
-0.336469677147168 -0.124309914116863 0.0773784134616179 0.0804930908835648
-0.282154328356429 0.055649288244944 0.262598488682286 0.0245629928962728
-0.216433932338523 0.15669603398394 0.340007826346464 -0.146189386469147
-0.137295921474789 0.237152913543322 0.302083599759309 -0.257330554399389
-0.0908616924641451 0.243532767869133 0.258383405364612 -0.294551513726341
-0.112807868760711 0.270100925979199 0.242413917313942 -0.291187901495533
-0.210170587792106 0.214451716740163 0.251283583090653 -0.212952801183537
-0.281529611157102 0.143007484789735 0.211943625769847 -0.0836434272248062
-0.394563558185239 -0.00465381203140528 0.0271754538561704 -0.0435910265721587
-0.333310645624894 -0.226832309953265 -0.0884919434818324 -0.189892807877171
-0.111880509971199 -0.357648934079808 -0.123497409688113 -0.414540736983831
0.0168672228415686 -0.380878387534394 0.00195039463082672 -0.604034870433678
-0.0136332152828549 -0.582542745175444 -0.101526694583292 -0.248878438842498
-0.0702452428341013 -0.564814672161357 -0.111357994293838 -0.179767803759596
-0.333852863116399 -0.489119051835433 0.00536013363744252 0.00467229278443636
-0.509536670016043 -0.247490654062939 0.0644547735330789 0.103465874758108
-0.467642442385319 0.0281807910211473 0.218530125455745 0.0511555920923629
-0.37860667185675 0.209425508767433 0.284297217578117 -0.0790141765626926
-0.261282635743282 0.345550275469466 0.239783608605411 -0.161107245698131
-0.174374448815792 0.354646850613717 0.190195080794428 -0.181912953725227
-0.186290506262724 0.392272237179357 0.167753490415966 -0.181401283952916
-0.31581590078887 0.318894745426186 0.175115613288835 -0.121733208429525
-0.410016987469434 0.212506710231323 0.143099180961045 -0.0230321355265964
-0.566468368950299 0.0182177021643013 -0.0190494208837516 0.0060879974051065
-0.516774180023347 -0.284320486273189 -0.1264365633045 -0.129616892317093
-0.242241860849315 -0.51642535006267 -0.153543311551384 -0.318994416796317
-0.0563191485099426 -0.604898765167789 -0.0529746371333836 -0.447184614247239
-0.0587880400180428 -0.695602500942033 -0.109825838142681 -0.0362770786256014
-0.118322810105515 -0.689372687801698 -0.083105841627537 -0.0403739542972347
-0.423283197261049 -0.605063438041303 0.0253118057673191 0.048806361917659
-0.637414842714205 -0.326857735267611 0.0453531573132657 0.111046208945577
-0.597976716183349 0.0079346488097448 0.133542028154077 0.062338966328347
-0.488166043401813 0.236365422889524 0.171748978003256 -0.00409022854737956
-0.344596616002886 0.40482624127564 0.132446512599981 -0.0404744573403684
-0.228104248411807 0.412421479238444 0.0954517446015278 -0.0435211641414629
-0.231223464679319 0.454338425443407 0.0774594527894646 -0.042310340650401
-0.372078121735182 0.373751040846806 0.0872572084175384 -0.00392841380446324
-0.476691433498283 0.250774972289095 0.0639985416657778 0.0543241328272566
-0.651011885292824 0.0411442187817031 -0.0546461992773902 0.0628865812943731
-0.620670521715483 -0.297012609103954 -0.130585734191824 -0.052995875377741
-0.335501083885994 -0.586046778539721 -0.130178588958087 -0.186040319800275
-0.123863096503099 -0.725824691935839 -0.0643744007961488 -0.231167035161979
-0.104032723057704 -0.70665576200722 -0.125014893095702 0.200191535388072
-0.16851016327196 -0.704510716624168 -0.0576795036869665 0.13149878927761
-0.462281286982368 -0.61528018219599 0.0369503795365707 0.102965702701294
-0.665757181120378 -0.33428399675759 0.0120508247641428 0.108145453266497
-0.62222257510068 -0.00404562676614059 0.0146340875601483 0.0690612135516949
-0.514126111170494 0.231836929278644 0.0206180280940026 0.076951293368397
-0.372296608754015 0.405278803271813 -0.000305534622833373 0.0909991811534105
-0.248811632447495 0.408241323767128 -0.0141911829298253 0.102492653640903
-0.245981074186187 0.442653125474453 -0.0180457230185548 0.100896638369694
-0.380443672200751 0.358589360154189 -0.00541629803921255 0.116288768634382
-0.474368322372183 0.227666148103577 -0.0195665916582006 0.127494929404054
-0.624213903796639 0.0267146058198506 -0.0818646633955514 0.106932567180091
-0.600175807955636 -0.28263867559557 -0.108991137886937 0.0147641270487717
-0.344812361712168 -0.562661516119764 -0.06365109470743 -0.0485903709063079
-0.163048524988555 -0.732354852765302 -0.0370949685717461 0.00419619053466368
-0.13986409724584 -0.60545884076043 -0.13461405708275 0.418066645241544
-0.19697466813991 -0.585256319799548 -0.0298079841607957 0.295664554322984
-0.416406778150747 -0.496671385320137 0.0351092089538914 0.15061014352063
-0.558383265454293 -0.26660548790374 -0.030301953157075 0.0991665203733531
-0.523801420991706 -0.006860009119335 -0.109288343148697 0.0783509756500151
-0.44309425839265 0.191427873220971 -0.132334482798694 0.155485809776491
-0.331590249843081 0.343050357996473 -0.131985108591179 0.212558878997556
-0.231123690225527 0.341094747290087 -0.121947727803281 0.233046904793321
-0.236303417789531 0.361550092856516 -0.114641675095705 0.221358218924804
-0.346954148413391 0.276484841949287 -0.100602598147447 0.206637518453884
-0.411802885700824 0.143756122590996 -0.106247147950172 0.168448163244219
-0.494523801379232 -0.030034001639185 -0.107431992517008 0.117142526152463
-0.464417116145041 -0.252727917586517 -0.079193434126147 0.057955781325235
-0.276844834608431 -0.466213175971599 0.0142636900589441 0.0697857367141055
-0.158271766058988 -0.626456571575556 0.00769440343512743 0.219045219403137
-0.15494353600997 -0.401676798006265 -0.128776047575847 0.578784300438217
-0.184029663417844 -0.355951276548829 0.00489527784961927 0.416730944617669
-0.284511770647098 -0.28646575712642 0.0292158976858967 0.182356262376525
-0.341342523037672 -0.153858920182131 -0.0623971094260443 0.086994229460162
-0.325514056901353 -0.0159632925635898 -0.203308408566162 0.0884498558103842
-0.29635062189891 0.116379887038575 -0.25128955335926 0.219775045493711
-0.23892009426774 0.224591478063985 -0.234764976720601 0.306795388265124
-0.180797014667904 0.222920574860373 -0.212675888381321 0.328372194937172
-0.194108178954755 0.22859248907018 -0.203674093989713 0.300428297397128
-0.266718814238874 0.155428829091127 -0.19379858086472 0.246376018920841
-0.292093431212689 0.0401105571199374 -0.185780525224854 0.157424874852256
-0.297622136459842 -0.0812810888952062 -0.125490478220532 0.0886872252729741
-0.263389968122177 -0.188490267052849 -0.0518920951669204 0.0722975085798481
-0.169952685884208 -0.30338054859219 0.0789056411363189 0.157334580115955
-0.130997730826384 -0.431813318152996 0.0508256554827715 0.385899125877088
-0.133876537323296 -0.135830576408105 -0.106368161665936 0.652785529538724
-0.118281052930119 -0.0782443985760027 0.0479427884670963 0.47898100284893
-0.0934173834516547 -0.0544173166675886 0.0332703588286592 0.19574112753899
-0.0751992548752046 -0.0434303504210409 -0.070503983473266 0.0708121945931448
-0.0914507022915729 -0.0375510398038457 -0.249467979706308 0.0949385825362227
-0.113992488504472 0.0134671766927598 -0.315076993897569 0.258418821496504
-0.116059569587999 0.0669182269848487 -0.291409629316007 0.358741738906107
-0.102876161196856 0.071263678169111 -0.269537787405166 0.372560206423005
-0.115557838996725 0.0714168967790988 -0.274038688923863 0.327606416233484
-0.140583934180679 0.0324567152627111 -0.270821529811961 0.232074122873615
-0.130451736046607 -0.0360876445043855 -0.243564757984859 0.102883269809842
-0.0806120750058004 -0.0771647791076486 -0.127926789798089 0.0332787222368432
-0.0658411238262153 -0.0734105131433323 -0.0250921163523814 0.0703696539891864
-0.0761748245941249 -0.0992719126867244 0.116951199515416 0.214989464766805
-0.102427846989527 -0.182125067659969 0.0848394215233411 0.489105217351524
0.0404269543149344 -0.161218250990296 -0.228455696850135 -0.480278082317856
-0.0222629197196289 -0.150511466147497 -0.230167703604293 -0.257033133988814
-0.12296815915471 -0.0886283637724816 -0.0214759140368026 -0.0463584265832528
-0.133075000792554 0.0240914196990827 0.0913194455189703 0.0111087225030758
-0.0632440183337484 0.0768995380471029 0.254263191196018 -0.0740359272381897
-0.0257080315464241 0.0782063850096572 0.288566040585156 -0.264285103959608
0.0178729756456499 0.0843203072649803 0.238619838939551 -0.372839830880466
0.0230042841412147 0.0878404025650217 0.209613273629585 -0.412704049778755
0.0128506424175463 0.104304786838211 0.214573753745949 -0.415141123579247
-0.0343514329473374 0.100960045918697 0.243886097315686 -0.333683031492814
-0.0791711044345958 0.0952024264559821 0.233144849544471 -0.182884715132027
-0.160882958561193 0.0423210544527571 0.0660642443305968 -0.0977312050041889
-0.136510153090954 -0.0789603088541118 -0.0704533700966491 -0.211673009386668
-0.0124415627275171 -0.130865406604091 -0.153118037980065 -0.427585628097526
0.0526486433808608 -0.11422052953624 -0.0509385836456956 -0.676291534543107
-0.048289852532179 -0.369323791819684 -0.174815158252921 -0.409247265850743
-0.110674875773518 -0.344896674175955 -0.184548605868106 -0.246263060964187
-0.281530248158248 -0.24080556156822 -0.0044468351218553 -0.0527914926874874
-0.343054385473513 -0.0421007120085954 0.0931818790724493 0.0347151318345528
-0.255961736540351 0.10889024076048 0.25157555873735 -0.0405603573818868
-0.176279793151637 0.189926516295103 0.292419732112345 -0.218098132297912
-0.0783703236293916 0.249930249421956 0.229115107221208 -0.315133190040634
-0.0417176490053456 0.246416603959747 0.194253681983544 -0.341271943601898
-0.0522794637184533 0.276630175975045 0.184985461972659 -0.343998732838714
-0.157128870344867 0.246801774128426 0.206318251566212 -0.274264543165547
-0.237273399745779 0.188792278311956 0.192690446005181 -0.135097607855852
-0.376149171889543 0.0731592348292142 0.0222220101067731 -0.0581744122123167
-0.360613354506478 -0.151802573600383 -0.118949288044715 -0.181939058970347
-0.179606124999203 -0.327903630883562 -0.201031938540088 -0.373084687997451
-0.0599346036932232 -0.382415192654368 -0.10730601531577 -0.579295170733304
-0.123221311797904 -0.539048420245759 -0.128535151687169 -0.260827828061997
-0.185053618413935 -0.517772733603694 -0.12900543174522 -0.178103832460596
-0.419043858906777 -0.386907015872485 0.0232912879901954 -0.0456539182137067
-0.534839156369096 -0.118139124433408 0.0887954250512921 0.0431470030950744
-0.439335063621028 0.122966868371407 0.206691722808628 -0.0165308115484451
-0.319645793068436 0.274328656512778 0.243225328773115 -0.147229882076311
-0.170897263374348 0.380524281093441 0.176662046876836 -0.214572583708675
-0.0994632269290331 0.368925416490462 0.149013257603391 -0.218487368878087
-0.0982784764013884 0.408026643464355 0.134022835456138 -0.220816695597707
-0.239462048774999 0.368655220008303 0.150384152057596 -0.170950091326603
-0.347734777554634 0.278802668874403 0.137392486001231 -0.0613284915623909
-0.53743550292294 0.130711516191923 -0.0116990431042989 -0.00213168817012432
-0.548962347469203 -0.167652186663851 -0.13831725481552 -0.121589904640544
-0.341162884720638 -0.453334328151193 -0.198602001191273 -0.269207657430853
-0.18117873389912 -0.582319197215894 -0.118562860561344 -0.402682744791774
-0.186457728142676 -0.636645458832018 -0.0906096381784467 -0.0515925644922499
-0.256265558353811 -0.628635129276826 -0.0687141481648534 -0.0505238320719593
-0.527405520879423 -0.478486063924812 0.0550817211866934 -0.0171404181078606
-0.672840988426167 -0.162411097855079 0.0725690716937482 0.0407365403899531
-0.567979295170242 0.131330942322059 0.119443571861735 0.0032216895100867
-0.418631842735919 0.323920937726593 0.142615545684798 -0.0562137625954684
-0.236976191459453 0.45669789917171 0.0893698400556036 -0.0795567412339619
-0.140143084596137 0.435851496249443 0.0820572349148526 -0.0631886034768167
-0.128314226570174 0.47535850964005 0.0733756819459563 -0.0654750951667044
-0.283248294694807 0.432215947575078 0.0880047816631225 -0.0358068146261473
-0.405047314126718 0.329319187228304 0.0759223785682653 0.0321105023424559
-0.615752673506245 0.170071675544064 -0.0342362051519268 0.0600411069223739
-0.649404638300614 -0.157762063856267 -0.123675838158997 -0.0482635346414325
-0.448387946201134 -0.499275432452474 -0.138944677268889 -0.14177827466428
-0.275299452299962 -0.684438804062211 -0.0786641619453386 -0.183388882771092
-0.229080127517805 -0.637778783420911 -0.0591064616042173 0.189010303680349
-0.304563266949744 -0.63327422274554 -0.0088476295896915 0.114804679323798
-0.566748361233057 -0.480630941484686 0.0766389584444467 0.0318466868839809
-0.703168980487056 -0.163959239421515 0.0382794520737833 0.0418907778398639
-0.595757097618196 0.127672313975954 0.00132267508022413 0.0318687336008172
-0.443537515929808 0.32566145865106 0.00969463594068257 0.0524638435229784
-0.262095262967901 0.465074692104678 -0.0166733562001363 0.0733722528170841
-0.160416246686052 0.435925594563754 0.00351344961580876 0.102897913992155
-0.146598820111965 0.468535826845421 0.00708324198590788 0.0966819024772171
-0.294389828772043 0.42175755798226 0.0210075055057066 0.1043896408692
-0.408291217571003 0.307836972773858 0.0085507733215724 0.123680525064333
-0.592300953322805 0.150559470483982 -0.0524594322513198 0.1109907653047
-0.628039023656826 -0.147235849115933 -0.0870600782437428 0.016188055160256
-0.456320131459369 -0.473318242677109 -0.0416678477109584 -0.0206383845328559
-0.31525700136849 -0.678349262691297 -0.00188560919713208 0.0437226201457784
-0.243753828427237 -0.536712696254056 -0.0289219036502382 0.41529699556417
-0.306900956857381 -0.515492387397009 0.0477233250237458 0.277073702573434
-0.49847254763631 -0.378501255266422 0.0795367784792176 0.0889773509838995
-0.589351922109114 -0.122829981513537 -0.00744265575141858 0.0516556080541552
-0.504543225004233 0.103494226905758 -0.115208931805317 0.0710151368541724
-0.384315721242289 0.275195129090418 -0.122261751974701 0.163086213104293
-0.236231409156128 0.399320908055063 -0.118346830302269 0.219660305113347
-0.156340557314906 0.37004538874266 -0.0761713712923871 0.253236109101436
-0.15367692973331 0.390687201230026 -0.0651974484368456 0.238421087369013
-0.278851709513678 0.336468041599145 -0.0545611595587889 0.217606514620663
-0.365169825125432 0.216725336758543 -0.0677024964545705 0.184042539391787
-0.481314842789424 0.0713450661542211 -0.0748377185294442 0.130270970175492
-0.492943122057013 -0.144812866680127 -0.0504878741739358 0.0574245485367086
-0.368631514165194 -0.390094303070965 0.0572806491111921 0.0766803142498707
-0.290719328714501 -0.571785108497799 0.0826832786196479 0.24271841843022
-0.220173985506675 -0.344302375623403 -0.00158250565600758 0.585207311763251
-0.244916479468064 -0.301885018400068 0.0978403447173825 0.399318122839732
-0.329984984669705 -0.210227269074159 0.0722628084398741 0.141835066261284
-0.358598548740143 -0.0665757996461113 -0.0442668352121424 0.0668540325759688
-0.316943123700632 0.0557504152986587 -0.19808575377784 0.110166896919795
-0.258491487183284 0.174437295856596 -0.219840804383282 0.254546314410073
-0.174405625358011 0.26823755708652 -0.191449884288787 0.33645880034269
-0.130105267803368 0.24896248128197 -0.145084169990775 0.365118761819247
-0.140738809968856 0.257365391194209 -0.139150598226991 0.337639329768261
-0.226782264984614 0.204857510275208 -0.139006994772851 0.280791387335815
-0.271954916929873 0.0963493178862517 -0.149067541131297 0.192895000710768
-0.302732773057641 -0.017379666679124 -0.101128050498026 0.110004820602055
-0.289711589541378 -0.122327734819694 -0.0245099068131124 0.0739264347991423
-0.231903080958964 -0.254130249576085 0.131469000669456 0.144791018479985
-0.222541217982076 -0.385558312531307 0.151265894141724 0.391007661847809
-0.150988121065329 -0.0999116747889654 0.0242787330760568 0.670000303266254
-0.12475111336309 -0.0516557780214904 0.145643201621832 0.463429497902201
-0.0999491673200287 -0.0319780780150572 0.0735989087090137 0.178876487272126
-0.081926648204437 -0.0226715429115454 -0.0558699516252874 0.0759492454435565
-0.0973069306199776 -0.0135197590279487 -0.231846479337155 0.138309606365312
-0.104845253501326 0.0398802854103773 -0.263681147082063 0.312311749080018
-0.0933699770977368 0.0921568266632765 -0.22552230516234 0.402338014220533
-0.0844206646252544 0.0900080553527021 -0.190950235737489 0.421312404321735
-0.0968110329284223 0.0932618747131488 -0.203574678669051 0.381558187752527
-0.130495191393641 0.0611881186168547 -0.219952640967224 0.287238348062606
-0.13329193716019 -0.00719918755450329 -0.218173051402476 0.153969685245481
-0.0943507858276869 -0.0568277266776177 -0.117488053117855 0.060758947478224
-0.0794804958189269 -0.053716254350878 -0.00464949050819414 0.0737413640565489
-0.0979087609672381 -0.0757396487393442 0.171477103126489 0.187936775476279
-0.142124802302835 -0.148769055851347 0.197175781321374 0.475852681832953
0.0358691748151761 -0.162087637251454 -0.241853035206208 -0.484241509671578
-0.0248240044561127 -0.150228777417796 -0.241135934857777 -0.253986146387692
-0.126457099738931 -0.084832681027736 -0.0230097496016723 -0.0488537141654601
-0.134564653612965 0.0287009496495349 0.0944324033996897 0.00872679301090576
-0.0612028189232794 0.0815621886358698 0.257594016551061 -0.0815451460926467
-0.0236808052040787 0.08159222953394 0.28447806298878 -0.2764832651638
0.0192426744930857 0.0843040306935302 0.233688833566149 -0.387042906763227
0.0255877041281479 0.0870941311455517 0.20395523034921 -0.428881963443543
0.0161928606424548 0.105173573616206 0.207559658846733 -0.427395418095146
-0.0329254173423561 0.104014095254952 0.238281096959574 -0.346555689055096
-0.0777743627361773 0.0992967699329067 0.232053427025103 -0.193668138794722
-0.16173526476655 0.04755959361077 0.064994523813425 -0.101958209832854
-0.140641503844321 -0.0779037587129121 -0.0790318191200591 -0.213805285446999
-0.0151169198531401 -0.133505828095646 -0.168198605753621 -0.427278326462073
0.0491479941540227 -0.118045733797044 -0.067374185789965 -0.681484615038146
-0.0583202177814951 -0.369578116691316 -0.186119310083848 -0.414758744182835
-0.119459446164148 -0.344935618165386 -0.194610988599792 -0.245118428101169
-0.292425179096534 -0.234245042765907 -0.00565948582555046 -0.0567566383609808
-0.349797483527976 -0.0302924463197682 0.0976186422908656 0.0318814933628921
-0.2587413520484 0.12049483141394 0.257797096866869 -0.0484653902148343
-0.171817892531112 0.20026207207656 0.290573272328711 -0.231481594958677
-0.0725430232669766 0.255382601020326 0.227417734751937 -0.327494908968619
-0.034700980041404 0.249970006664571 0.189951861119863 -0.354628817396443
-0.0438655565488437 0.282594187730009 0.179693192197865 -0.35475821088642
-0.152843750093947 0.257259432309088 0.202670154172459 -0.284610145876067
-0.237203761124965 0.200821035704757 0.193440618147168 -0.1438747406614
-0.380180746061363 0.0876737681216207 0.0222247856805073 -0.0603386211349072
-0.371791718874845 -0.144120045786704 -0.127796672107913 -0.181899172772599
-0.192305779903329 -0.330045622143565 -0.21484561285661 -0.372541792607965
-0.0735194119482421 -0.385100235650976 -0.120855027698645 -0.583274848784066
-0.137045816698348 -0.539281024615359 -0.136468653170615 -0.265178988342868
-0.200566219931956 -0.518572521698596 -0.136785948836332 -0.178242970513484
-0.437682002825721 -0.377970727046199 0.0238107918302049 -0.0510760115991007
-0.547383651202927 -0.101457261744704 0.0934091796165342 0.0391293941465931
-0.445198299290191 0.140752165069436 0.214093339153684 -0.0250741374136647
-0.315359704153725 0.291343218436856 0.243656854925662 -0.161161280396885
-0.162065623102453 0.391226935760812 0.179570301439245 -0.222635244781667
-0.0890654843549682 0.376901321635401 0.146544078785346 -0.227973637627123
-0.085969989262665 0.417089703119003 0.131386318050489 -0.228466645040602
-0.232276154849773 0.383548322856095 0.148823328801207 -0.176936215986456
-0.347652383195683 0.296357113074779 0.140565065411815 -0.0676390018723333
-0.542728154129602 0.150530554182505 -0.0111941015477382 -0.00263895783107772
-0.564623445413809 -0.154647474416123 -0.145855987426056 -0.119090458027654
-0.360352075369032 -0.453490639300166 -0.210129063281392 -0.268125665274946
-0.203760476384682 -0.584199362047451 -0.128022992559298 -0.403621089208467
-0.202253139254117 -0.637207604532568 -0.0925015840096704 -0.0541278651804913
-0.276695041782828 -0.629462202450251 -0.0718036709300818 -0.0504789858727865
-0.552399973755387 -0.468730278617125 0.0575153082959955 -0.0230905275473416
-0.688988610180385 -0.142430376542661 0.0768737533801192 0.0373380530143388
-0.577366099440695 0.152756219265099 0.12623119284719 -0.00309807990452185
-0.414717270470914 0.344056144064516 0.14428048204324 -0.0668388608106556
-0.226567352158824 0.469709347889491 0.0950154105763885 -0.0815557532495675
-0.128900000616604 0.445556243194704 0.0830052900876966 -0.0667875648684548
-0.113432654175684 0.486546536489062 0.0736155593058555 -0.0686037684030499
-0.274527235180919 0.450482832804425 0.0894513239807441 -0.0380124641590561
-0.403357081054227 0.35145436170134 0.0818031906688191 0.0289825003570115
-0.619344877981126 0.192784230755668 -0.0323913615201537 0.0618227084295841
-0.667957364641718 -0.140186710394373 -0.128881530641586 -0.0448516132244562
-0.47080035205592 -0.493719291661649 -0.145910786180305 -0.141861819527273
-0.303403793372221 -0.684888070654253 -0.0811228849623424 -0.18049407999021
-0.245949225025355 -0.638927581457604 -0.0546419683140208 0.189299562932248
-0.328161208103802 -0.636775225488902 -0.00560009848468432 0.116118250665616
-0.59464451138073 -0.468383705311618 0.0816229796849653 0.0259494369776054
-0.722866792479604 -0.143293982068653 0.0422944387882585 0.0399597895718988
-0.60690808507984 0.149141737769059 0.00618309541643624 0.0294476199612637
-0.44101782780119 0.348448548831806 0.0123721697335227 0.0469283377430477
-0.250787975741209 0.48004320998084 -0.00838997957511024 0.077438157423333
-0.147903097138691 0.446793551446472 0.00648587212478748 0.104983685493304
-0.131879393534034 0.480939954929381 0.00933803999463806 0.0981665184615998
-0.285433925638293 0.438425420685258 0.0254796298238966 0.106584254759412
-0.407372978441747 0.329493205022381 0.0160756739512041 0.124645619720938
-0.598377947369969 0.171627102742961 -0.0491923388240482 0.113873844601367
-0.646026190332136 -0.129022948313724 -0.088621483452943 0.0194143269119471
-0.476107996009657 -0.467097355532857 -0.0444050183109424 -0.0223125765422698
-0.344479392726506 -0.675833377481456 0.00265848824310911 0.0469576031829626
-0.258892339433221 -0.536507178051627 -0.0191755808158828 0.419918142474647
-0.327976523259844 -0.518109525866853 0.0563522329104593 0.280013225275824
-0.522700072413256 -0.370177753044351 0.0856901590319171 0.0854577911914761
-0.606084563563287 -0.105502212754082 -0.00482086407705414 0.0510393548223684
-0.515034284832978 0.123290629228192 -0.112960067111762 0.0721912331803697
-0.38236121385189 0.293073393301286 -0.119128889294208 0.16406967380923
-0.227054153861317 0.412393076888374 -0.108156228783269 0.229511970888699
-0.146219900098578 0.379239299778861 -0.0706627558058178 0.261684552447052
-0.141916307784423 0.401740703119639 -0.0601280677693378 0.244487200459096
-0.27169446510255 0.350650826394088 -0.0486416965309058 0.223759066187241
-0.366374987798693 0.234708453459487 -0.0600734248308805 0.188570369505098
-0.48661028672518 0.0882988274657405 -0.0720722943791924 0.134327128833959
-0.508457996717848 -0.129545308914695 -0.0493515795863775 0.0600863898282049
-0.387577469637007 -0.384883962940526 0.0594032533633971 0.0732814248865557
-0.316118663477738 -0.568058735289335 0.0932932212919906 0.246260569457116
-0.22947285463961 -0.34429775039217 0.0123944542238501 0.59243852915852
-0.25934602384798 -0.30187312345115 0.111327465435605 0.402303521040477
-0.345481668944644 -0.203133690481718 0.0796308109366759 0.140742032664772
-0.368636179655794 -0.0541417912705745 -0.0426821804300176 0.0670812640594266
-0.325408431475115 0.0672647738990445 -0.197967610493397 0.114669022227057
-0.258145403108413 0.186329723644923 -0.215709573895735 0.262122479714741
-0.167842369815976 0.277185028372527 -0.181849326743788 0.351453814319299
-0.123166287027627 0.255870598669427 -0.137999100079361 0.378693938787527
-0.132902503927518 0.265668085036289 -0.132945453254615 0.347122763850699
-0.223052977772442 0.215683092710865 -0.133055671379938 0.289432297087318
-0.274104159459494 0.108544382027446 -0.143185867527696 0.200438979276955
-0.307495958416754 -0.00583023650719591 -0.0990225319576641 0.114953964518436
-0.300467762113086 -0.113107344934336 -0.021426289656327 0.0757515411939373
-0.243200096615506 -0.250279226499591 0.136501735602054 0.140275966880118
-0.240683817078113 -0.382021313681015 0.166094068708768 0.394498677960147
-0.153264563577894 -0.0986346925560526 0.0390608003033251 0.679421136821048
-0.129993554751383 -0.0506877383318949 0.159861572174837 0.465959282395643
-0.105186879868813 -0.0301100220855938 0.0809926034316791 0.179708693891217
-0.0851532538641766 -0.0207116350396211 -0.0557417023699782 0.0778824163473212
-0.102065375911612 -0.0114326092331997 -0.233516223212935 0.145556798649702
-0.10629002221638 0.0438872997480944 -0.259514506143185 0.323480860303178
-0.0908988687459445 0.0965502141164711 -0.217187733228526 0.418594995844855
-0.0817297113900216 0.0942333466015946 -0.184058249737292 0.436679081057659
-0.0947104610332523 0.0982348611168623 -0.197606599521398 0.394695409103198
-0.129175166229272 0.0669282740646955 -0.215887854999658 0.298202221170346
-0.135889487449403 -0.00113721739569097 -0.216330647744347 0.162980949779458
-0.097868000352327 -0.0532081023021001 -0.117461445418322 0.0653999524773037
-0.0836617614518478 -0.0494762749648509 -0.00110265834683991 0.0749692753933407
-0.103254800163903 -0.0734898988565946 0.178261111228804 0.182758255736618
-0.151074661764404 -0.145135443999546 0.211971144225324 0.478347222759303
0.0266844954763198 -0.164749799106766 -0.273117496817124 -0.481403572274876
-0.0305654473938288 -0.149938129730611 -0.26090793696372 -0.24411002334687
-0.131903140355047 -0.0771839276842277 -0.027127947934328 -0.0510633718713221
-0.134859615173201 0.0381291992935659 0.0974264004998064 0.00254509580841383
-0.0574760636045659 0.0876214494622874 0.25998582812559 -0.0984673467347232
-0.0181860819142964 0.0858515757843482 0.273882316901753 -0.298368767551703
0.0233994844133664 0.0845013428318693 0.217021168214171 -0.409657770119648
0.0308871709721112 0.0865244731120596 0.185951522017485 -0.45225427809621
0.0229415880959611 0.105652802467327 0.18844699837735 -0.448600699680311
-0.0281334360249099 0.108423118895265 0.22373122513547 -0.365942886602386
-0.0744131269595998 0.106414979588127 0.22529009565981 -0.211844413788463
-0.161199537110863 0.0575446214293411 0.0608525494378295 -0.108628619918503
-0.147649937923638 -0.0719354744752183 -0.0949845499692456 -0.21328339513
-0.0224557325444184 -0.135524839896822 -0.195213315926266 -0.423423798849876
0.0424857697807152 -0.121869943113547 -0.10300081963224 -0.688455335452964
-0.0785414522894765 -0.369217270073472 -0.212196217272801 -0.415151077101544
-0.138322555221618 -0.342506893318534 -0.213224456734128 -0.237490299734709
-0.311107255336784 -0.217821531861456 -0.00933990776645148 -0.0615727284107342
-0.358364922641403 -0.00812330430078896 0.10195369610741 0.0251290636306493
-0.256856964249244 0.140313669448766 0.262374772542398 -0.0665134755920906
-0.162043583011473 0.215389407172515 0.282186266467024 -0.255557159263549
-0.0595832954089158 0.263477424817818 0.217125120286096 -0.348427332210957
-0.0212299987242364 0.255483610952554 0.176881656646544 -0.375764623534589
-0.0267997311387357 0.289028522399781 0.16419849489922 -0.372179954912835
-0.141231042524803 0.272959380733796 0.191777988774069 -0.301108735973605
-0.231195220629137 0.221256699203596 0.190703080973373 -0.159560130101802
-0.382236673500045 0.112464517580389 0.018770876073848 -0.0639581121399097
-0.389221224824303 -0.125477407040341 -0.14250937749084 -0.178176029951559
-0.215069483021154 -0.325129973072472 -0.239365209087367 -0.366477354205589
-0.0998172925387816 -0.386206120962977 -0.152305095167956 -0.583321708033022
-0.16528150093113 -0.537404010738204 -0.152539031932738 -0.267025876679397
-0.231357204953782 -0.515695033653781 -0.149726864599211 -0.172761674861138
-0.468245377205761 -0.355070474291708 0.0212832089633376 -0.0581600830454164
-0.564030892648277 -0.0658566396564941 0.0987825960885974 0.0315107922766096
-0.448106794456678 0.172773536126162 0.220394216102565 -0.0420201813992649
-0.301830856181519 0.316494357148861 0.238395276821559 -0.182228992699998
-0.142234107933019 0.406862530431203 0.175494790751222 -0.238196411615238
-0.0692073300608859 0.386379703754134 0.138871603055215 -0.242668139387437
-0.0607716201921481 0.428574840324603 0.122043162414861 -0.241171050127792
-0.214529198711395 0.406692424796395 0.142995061732282 -0.188074899593035
-0.337809856784005 0.325754152889817 0.141921819811872 -0.0789507255743641
-0.543411142315171 0.188298497577852 -0.0119884989967818 -0.00321193171129131
-0.588264100601763 -0.12509870144943 -0.157161074571924 -0.111996362693225
-0.395167944094133 -0.439855211503014 -0.230367169090816 -0.261850330098844
-0.246348804785945 -0.580153587108341 -0.148420687512141 -0.401674325525241
-0.23593804640231 -0.634688677455661 -0.096390189734299 -0.0547094359980381
-0.316451838532894 -0.625631712260946 -0.0756300117593245 -0.0469661862225812
-0.592703939679901 -0.440973545581284 0.0582139370198611 -0.0319694848384564
-0.712114655918579 -0.100281724305795 0.0821891881273965 0.0312329644581066
-0.583377086237864 0.192642072566033 0.131946954330253 -0.0147320410568748
-0.401805146783003 0.378652996974199 0.142587537902867 -0.0823333849839674
-0.202704887952355 0.491245498361629 0.0986756972335674 -0.0887530658722013
-0.105745248430106 0.459327420587611 0.0822793114823357 -0.0737570735583716
-0.0854003602972495 0.502070107116358 0.0714181796559618 -0.0750951954166417
-0.252697820412631 0.478560758784752 0.0907133654743581 -0.0430578306741899
-0.39203464773589 0.38608604626573 0.0883411152938104 0.0229189475112583
-0.619563441302486 0.237462990189472 -0.0295853280577362 0.0635572464149374
-0.691327485976883 -0.101912829378841 -0.134775760361879 -0.0379443650006629
-0.509228900303339 -0.476269188487795 -0.158027913496027 -0.137379083788338
-0.353902995308694 -0.674453046802962 -0.0880741173606376 -0.177433002108914
-0.280593750268266 -0.634779247680644 -0.044291634783102 0.191976081358764
-0.36995140114303 -0.628315816617933 0.00111198297304644 0.118407504219547
-0.636854379891871 -0.440746638932217 0.0866340200654464 0.0185014979263088
-0.746341564373079 -0.0981519326714708 0.0465987300404366 0.0351821335398972
-0.615899951975211 0.195021602105112 0.0105977821450275 0.0242905669156367
-0.427887841984307 0.383648082033788 0.014357822189193 0.0409867380828964
-0.226639727964951 0.503211722953216 0.0021062663699843 0.0799886605743678
-0.125164035561269 0.460911506519367 0.0137055475820278 0.107620259715015
-0.104355026133634 0.496503826264208 0.0154190148567895 0.0996787950807666
-0.265168375684675 0.465199262009824 0.0334599594785073 0.108195759614951
-0.398306147228724 0.362448036669777 0.0273155781080531 0.123855493539428
-0.597308569218511 0.214843915333582 -0.0436948565288903 0.117538128524893
-0.668292803961049 -0.0914627168356617 -0.0893731448476816 0.0255122750425152
-0.515773615669539 -0.448527933753399 -0.0476520784069948 -0.0216568552703837
-0.394678001806684 -0.662846056401502 0.00933260901296592 0.0500496609464532
-0.288340014726105 -0.533070392571364 0.00309379305859095 0.425798284142553
-0.364385846842763 -0.509311126681508 0.0745827042466148 0.281369565472689
-0.559165200452721 -0.344281466563066 0.0944939230143185 0.0796112784539996
-0.625803723829816 -0.0680354710907112 -0.0011343317430225 0.0503873556845708
-0.52160790797543 0.15877068923587 -0.110441083060344 0.0761902375519192
-0.373453814242396 0.324158762318434 -0.112323315936994 0.168819359230628
-0.206454240110231 0.432694538490473 -0.0917726027785798 0.243316115056543
-0.126313669258824 0.393795725977901 -0.0562967264822497 0.27326176849435
-0.11860976915406 0.415598518880372 -0.0483431897052532 0.253630596712659
-0.255548735901727 0.375857852659411 -0.0357021343685475 0.231421471275123
-0.359921374771482 0.264152801828566 -0.0471012634653646 0.19409337783825
-0.490516268013021 0.120652240317974 -0.0651805253589984 0.140186539057678
-0.526876887977611 -0.0994920498172306 -0.0466153778881357 0.0644210290029256
-0.418508291668594 -0.367537930552811 0.0634995731616399 0.0688323011561603
-0.35813440276037 -0.555282887442343 0.111210856592094 0.247315612325782
-0.249254056067367 -0.338991888385072 0.0446625581088831 0.600980290140651
-0.284120048311371 -0.295186787553725 0.136704083972297 0.402711104704067
-0.368348986385794 -0.186481738272191 0.0912951858771156 0.137009138856906
-0.382401751156953 -0.0314879273935694 -0.0389083994895263 0.0701398726535507
-0.331929582746121 0.090141624344334 -0.195132590996734 0.126422158939339
-0.25264835745478 0.205966561361512 -0.20565739211283 0.276633034819105
-0.153074347078606 0.291584927355575 -0.161309972421932 0.370418034349461
-0.109813571362811 0.266494046966088 -0.11873957312521 0.396605840642794
-0.117493721386225 0.277728646603228 -0.11639017111907 0.363129650656255
-0.213350124982306 0.234038897428466 -0.11841073656154 0.303587968515509
-0.273105520178952 0.129099959749136 -0.131602485412879 0.211141137541162
-0.313795942409616 0.0139386545038749 -0.0942687120225042 0.122187871052143
-0.31429400832025 -0.0947111843846638 -0.0166293704660039 0.0784711448927743
-0.263989368981239 -0.239932088617813 0.144734490721154 0.132331332127284
-0.2706289974654 -0.371271091652691 0.192504249904839 0.394147085018303
-0.159236398648042 -0.0941827579044447 0.0760352772238692 0.689032000958884
-0.137286951890828 -0.0455783070259615 0.191813800520494 0.465292133572808
-0.111692708912933 -0.0249637183937821 0.0943509759330408 0.177829544871139
-0.0897462714647179 -0.0156529375134505 -0.0520357938195867 0.0820117716810231
-0.107735296801751 -0.00573770240163822 -0.231269191437931 0.161569508914543
-0.107471029990355 0.051637800813647 -0.245989427315502 0.344012201571713
-0.085859306151966 0.103595760966981 -0.196025620129125 0.442012236823194
-0.0772111844029301 0.100742237204721 -0.163850551651179 0.46019273608505
-0.0892261729866727 0.105526865704136 -0.180240069947377 0.415747106799743
-0.126526200230914 0.0766483020299563 -0.203280537548919 0.317115210504673
-0.138008989688694 0.00880120239682529 -0.21009252101053 0.178920323549831
-0.102815397077235 -0.046969859039447 -0.115620127302169 0.0743056940615959
-0.0894561246868972 -0.0426378359719899 0.00447258650249839 0.0763706069481634
-0.110556765177821 -0.06833605668165 0.190653701948797 0.173175563911195
-0.16403489282882 -0.137815094778122 0.244616569324339 0.4768480225992
0.014267269656741 -0.162718974378113 -0.30695806285464 -0.46068796607802
-0.0381767494521258 -0.145330294351077 -0.278515985989786 -0.220382188373917
-0.134360972696632 -0.0649107879599408 -0.0325764873341851 -0.0508409547396341
-0.129784827745268 0.0490917513734779 0.0969669438537876 -0.00586806357083992
-0.0486646773750741 0.0922414161123773 0.252009021885001 -0.118960819677994
-0.00967786511236852 0.08716790656752 0.247823078610019 -0.318113313711707
0.0285700846448652 0.0819260027114307 0.184883928551131 -0.426332716176914
0.0367982089153872 0.0826585424969453 0.150367634903417 -0.467183141447814
0.0315825265491003 0.102330564161006 0.153507644945064 -0.461139470813654
-0.0201544234217264 0.110659788689909 0.193963644282814 -0.380644640891692
-0.065279363614802 0.111931237620802 0.206472551527108 -0.229658255479294
-0.155020870820739 0.0691227875158119 0.0513095941481566 -0.113515767347783
-0.151783417560866 -0.0613748659351421 -0.112926770847918 -0.203800863404066
-0.0323952998487081 -0.132776834601475 -0.22479214886256 -0.403138661629484
0.0321717296580784 -0.122812428807614 -0.151205050459236 -0.672677881166022
-0.10332433242866 -0.357290335610486 -0.240810555028759 -0.398444177292303
-0.159065511669902 -0.327331820498394 -0.230030288807465 -0.217989388337572
-0.323145612686499 -0.188361620718316 -0.0159507085246402 -0.0632035638758754
-0.35465048288955 0.0219531036082227 0.103114369504382 0.0150654070063033
-0.243575423089442 0.161513134190374 0.256856082147556 -0.0899418810850182
-0.142043838726891 0.228109258501479 0.25889696513487 -0.277364988685585
-0.0386817821640412 0.265972183814441 0.191083616755343 -0.365357390584691
-0.00173874637422771 0.254198671288341 0.147007154891631 -0.390142925731485
-0.00307240284865799 0.287328136986244 0.135896312313058 -0.383327721749383
-0.11882681273309 0.283920448532838 0.167988519096045 -0.31282149624856
-0.212444865862667 0.238736120586138 0.177488549235131 -0.175359301644235
-0.369750635787584 0.142810644310422 0.0122146939837756 -0.0660007423321739
-0.398055080670358 -0.0942813540922206 -0.157580972809258 -0.164433592187184
-0.239168917999038 -0.305786784149642 -0.26525048528603 -0.344263763031683
-0.132023524673596 -0.371668225173042 -0.191577155530055 -0.565398862171281
-0.201507226740133 -0.517868384585481 -0.17012480205042 -0.257927408840811
-0.264948336285653 -0.491458883527692 -0.161271620521729 -0.159369477105439
-0.490836975456056 -0.311569534265215 0.0149550192609302 -0.0635677568669394
-0.563647044479882 -0.0184688789655128 0.10053492634704 0.021362269734742
-0.431294100524981 0.210595652088831 0.217189399916558 -0.0631183317633648
-0.272885401590562 0.34030090938553 0.219921301694081 -0.204030751086308
-0.108791616351167 0.415174282771154 0.159866272768899 -0.252522304644839
-0.0395842675163504 0.387212953500166 0.121285848202295 -0.254390594923513
-0.0243196257646882 0.428435720835152 0.102806340433364 -0.250456812908
-0.179476945859575 0.422742366455026 0.12980136019979 -0.19736879085878
-0.311335144548173 0.354689440120061 0.13730858174011 -0.0919088506196915
-0.523322386118687 0.233142706001139 -0.0133519482304402 -0.00282035856580678
-0.59463160793649 -0.0761565162036032 -0.16640879304741 -0.0982458593532877
-0.427671106807923 -0.404954790301526 -0.248076507985703 -0.2416831280882
-0.29347605077241 -0.550153063426393 -0.173603900239557 -0.384449237544428
-0.279340440418881 -0.610478708036055 -0.0988100124121869 -0.0512909467619709
-0.362096062097404 -0.594773079886355 -0.0774861316262049 -0.041020001381778
-0.622664474391903 -0.384826766647931 0.0554627426144248 -0.0403277140815788
-0.714323927076791 -0.0388023495040843 0.0847582313267325 0.0217476824412024
-0.566983973670388 0.242722641833649 0.131270371550054 -0.0303261172225906
-0.367553167447256 0.408983779514853 0.132380511678951 -0.0986278901814509
-0.16168795726498 0.503669371979705 0.0962455558246182 -0.0975855873088587
-0.068647532646828 0.46310629156876 0.0776413155132084 -0.0801817331392869
-0.0421020336481783 0.50242412785717 0.0650243775875113 -0.080298620124891
-0.211258192346591 0.496483177647371 0.0885407425672436 -0.0489032948405558
-0.359773577284721 0.417627561738869 0.09245331321171 0.0127670567883006
-0.595316044002583 0.286707919049674 -0.0254626427920132 0.0646369785669421
-0.697442019494281 -0.0424577966367652 -0.137383066266667 -0.0258960665891671
-0.546579815341463 -0.432177300054679 -0.168201210688607 -0.124137147368932
-0.406424675590558 -0.633299396227381 -0.0967140733597157 -0.168017587789525
-0.322622577343582 -0.609198718001799 -0.0289742542230027 0.189423021841704
-0.415670115090347 -0.595677492465239 0.0121191109755633 0.116264100537285
-0.669629299639309 -0.382827531173083 0.0884067681621311 0.0074743858352423
-0.750916604001441 -0.033191669550037 0.0507191976549562 0.0290730483299226
-0.597205848254052 0.246755127957016 0.0130152664189567 0.0183348930794133
-0.39295831676962 0.416422770972741 0.0149977893426724 0.0342014807012794
-0.182777208756586 0.516003385653274 0.013825627057701 0.0784566456496263
-0.0884452002312914 0.465864089668116 0.0234401692580468 0.106626816207442
-0.061851997433539 0.498393328803336 0.0224766023620073 0.098127384927759
-0.224441011473117 0.485810714125111 0.0442206961067553 0.105490950175072
-0.366995094200361 0.395936690328335 0.0400859837692772 0.118317963605297
-0.577395709241695 0.26160969226036 -0.0346215269946262 0.119889347279038
-0.673459997166158 -0.0333929985571011 -0.0868529601494082 0.0322065188309038
-0.546614449327057 -0.401500059690317 -0.0498596721573284 -0.0193326069031949
-0.446565877271967 -0.619565030902359 0.0166324143206484 0.0502333512497547
-0.321284979930918 -0.50777083420665 0.0358716476990886 0.419215834636743
-0.40198465671806 -0.478646162730807 0.0975619808522847 0.272173191774398
-0.585526854918493 -0.293792423927244 0.101947547623034 0.0685749209840374
-0.630642149525706 -0.013576439196032 0.00459393691323737 0.0481111382516136
-0.509215740067138 0.206033009597168 -0.1034804716691 0.0807546179566952
-0.344714947359803 0.353927590161482 -0.100865950044291 0.172364105474812
-0.169329738958725 0.445208759187271 -0.0669146783525678 0.24830362676287
-0.095216029170015 0.399789733800189 -0.0330165749887748 0.277688290289352
-0.0820606656939085 0.420224552871223 -0.0286115954954962 0.256340727020099
-0.222522032663589 0.395369550227216 -0.0154222487279671 0.232694976842714
-0.337327644417848 0.293360696978973 -0.0289268538668604 0.193589567101316
-0.475675301759684 0.161167590763345 -0.0548454669982435 0.143627242992447
-0.531124679900661 -0.0517842239183025 -0.0405508030312105 0.0671868756442332
-0.446066849332143 -0.330709436414223 0.0663281027485632 0.0612184697256288
-0.402572046247461 -0.515364512242656 0.132643447020923 0.237725663927217
-0.270207767771437 -0.320199850269086 0.090614545680933 0.590948488775343
-0.306040108875933 -0.272157484845082 0.1686863064014 0.387445581300513
-0.384386159240332 -0.154542256954288 0.103235521179889 0.127826577675122
-0.384522131186108 0.00193548609503588 -0.0326204443888533 0.071414149560934
-0.326198122851847 0.118775817878853 -0.185412087714809 0.1393456082163
-0.23572111705187 0.226637215952769 -0.183625267990868 0.288557331781957
-0.127765616353833 0.301428802122069 -0.127166003095925 0.381883256209275
-0.0883929481825307 0.273577288206915 -0.08668200696564 0.407352949212813
-0.093000766492262 0.284147720607803 -0.0885565300876312 0.370867533147353
-0.192346860568752 0.250426108956225 -0.0927871726293556 0.311057712880966
-0.260858113089424 0.152418064144779 -0.112183317949882 0.219038947612157
-0.309418984707007 0.0417714112384495 -0.0834112021440458 0.128551610672344
-0.318977395419358 -0.0656999262899971 -0.00935403162491466 0.0787402483129108
-0.28157232032665 -0.216204654001638 0.151820356822473 0.117695321068654
-0.299384741396693 -0.342983651050077 0.223049515162564 0.376816287815972
-0.163963503994917 -0.0844800256950888 0.125404295148743 0.678493010323962
-0.14190200614651 -0.0363123677210959 0.224314944148283 0.444010335297325
-0.11653482783389 -0.0158183394896598 0.108956488368793 0.167959461637578
-0.0924591770302064 -0.00792437392610328 -0.0450764170315372 0.0855342925878377
-0.110059084975784 0.00389462996826742 -0.219135583595723 0.178346588461227
-0.104033865589248 0.0603657031967507 -0.21752451240311 0.360084967863668
-0.0755239965979159 0.108922939124387 -0.157865587051997 0.456688809028102
-0.0686171404775563 0.105747360437736 -0.125969147275924 0.474200388241813
-0.078791681282548 0.111582770528754 -0.14728618411899 0.428460212467645
-0.118225154054642 0.0864252591237065 -0.176829671829977 0.331611245552227
-0.135738824637448 0.0209104146702344 -0.193888145908992 0.193416593337242
-0.105339316988701 -0.0363884033089333 -0.108369461550933 0.0829649522767428
-0.0927807379123274 -0.0318146593507 0.0123544267470936 0.0752660253250958
-0.116387649272003 -0.0586605789583458 0.199362722504895 0.155615760261519
-0.174978000979384 -0.121940078233743 0.279594956321594 0.455817974692396
0.00329695859207663 -0.153665359079894 -0.322601262235029 -0.420720195776428
-0.0419477436294479 -0.13650644211927 -0.280685226760608 -0.19008814934736
-0.129369095480303 -0.0529644761571396 -0.0367729052435575 -0.0478876560042222
-0.119550534293831 0.0557563295536151 0.0914664259790782 -0.0129044015036302
-0.0392267649899874 0.0915483992730925 0.233175794942807 -0.13262353501948
-0.00206219901613074 0.0848866754282539 0.214732385195265 -0.321375055815928
0.0318599657906385 0.076781202071614 0.148423652208876 -0.421809246923101
0.0399855776728077 0.075902696576817 0.113672127945498 -0.461734156788284
0.0372722495736917 0.0949443468002296 0.116133131819374 -0.452523298193305
-0.0124099990971364 0.107386590771195 0.159402733872704 -0.377018390903308
-0.0547440754711523 0.111771524706591 0.180952717029013 -0.234075053018248
-0.143181781122406 0.0761880083403584 0.0401551549364899 -0.11209984117562
-0.149548899390107 -0.0495264837178884 -0.123463206284302 -0.18581545982983
-0.0392253235818562 -0.124483843129617 -0.239527500962241 -0.369706499272124
0.0225851955540228 -0.117020465353199 -0.184718277746789 -0.631317485041183
-0.120299706073428 -0.332585114239527 -0.253905281564203 -0.369691451220666
-0.169358117863715 -0.301776787221454 -0.233814273251854 -0.19190078607142
-0.318166933483874 -0.156551458310014 -0.0217874385957126 -0.0624635598292693
-0.335864784213132 0.046063314883402 0.0989852094348054 0.0059940083774378
-0.221547243323218 0.172245958467073 0.239853619733649 -0.105862209258753
-0.118400755215275 0.228604590255346 0.226313345791542 -0.284811639262925
-0.0198527908847217 0.257163607031155 0.159886980755003 -0.365137716644409
0.0144589306853475 0.241817685375792 0.116647324518631 -0.386443539562792
0.0179942661004319 0.273187316203859 0.104028358208443 -0.377287517447954
-0.0939713227845164 0.280283250857023 0.140984810554959 -0.310208870929306
-0.187142198311075 0.245349001491674 0.158215379969967 -0.181872005029293
-0.342881257592624 0.161478113956247 0.00586891238707905 -0.0638328263587821
-0.388537088984409 -0.062756831430121 -0.162760642006596 -0.145566236277583
-0.249403847644743 -0.275054007002687 -0.275179910722873 -0.310749383496753
-0.1512362668245 -0.34139791533004 -0.215679626982239 -0.526651069642093
-0.224119352163454 -0.479315249893987 -0.177987656402963 -0.239703585277144
-0.281031030066641 -0.45188904341698 -0.163394052305164 -0.141331060355389
-0.486869806048381 -0.260323027903736 0.00870853619144907 -0.0652598602943628
-0.538685633022403 0.0233132767977218 0.0973684737639448 0.0116701340950774
-0.398906149660548 0.233374430487766 0.203692346629798 -0.0785588038238906
-0.236290724266833 0.345376596361461 0.193210381527959 -0.212989914012039
-0.0760989418777835 0.403785817553178 0.139273106324947 -0.255194579942088
-0.0123848789902341 0.371874914346327 0.100796863540337 -0.254145810958702
0.00703724496613977 0.409089430203529 0.0823550202327701 -0.247359157235629
-0.142605876844108 0.418332950211648 0.113204743806622 -0.197243353648558
-0.273374579821474 0.36315876690674 0.126548964596657 -0.100458623029037
-0.484474061748126 0.258212710901467 -0.0147870456651587 -0.0019802557334105
-0.575022169354198 -0.0299519445182563 -0.166256935814544 -0.081693987741789
-0.437294097034741 -0.356854706622222 -0.25278813396903 -0.215016220026999
-0.317816328180815 -0.49824288547157 -0.185730997165075 -0.355867306554313
-0.302288531339002 -0.565114366628902 -0.0963454537226682 -0.0479173930981037
-0.380295557389932 -0.543625466900567 -0.0759582516842421 -0.0351755979412781
-0.619439153784309 -0.321276661194481 0.0492364724892959 -0.0462812552622091
-0.686234312684892 0.0163266656642607 0.0832482017809761 0.0124946731931485
-0.526079367051935 0.274344003379798 0.123405506730475 -0.0419456756247951
-0.322469083883947 0.418082050192207 0.11621388436409 -0.106934572151098
-0.120402480612771 0.492658334047429 0.0895575243389341 -0.102370238228235
-0.0354398978326207 0.446045850287716 0.070859040413409 -0.0837576359956279
-0.00490688596630701 0.4805125410049 0.0574480628329794 -0.0812268162137359
-0.169439377806807 0.491514113939467 0.0844561745199213 -0.0527148207018288
-0.316812008717429 0.427106889678939 0.0910881987142029 0.00273229345212666
-0.548039183711245 0.315569173456542 -0.0224864278693873 0.0637255763876562
-0.671181590102157 0.00999184365118005 -0.13284387504715 -0.0151855473414313
-0.549830866664564 -0.373678168968536 -0.168971564930052 -0.108977996110809
-0.432766618942765 -0.570385126955563 -0.0983767784605791 -0.153195250912497
-0.34460219457173 -0.562564917449284 -0.0147342099379679 0.177633019308436
-0.436252044994099 -0.542806079884911 0.021564768102276 0.108735014951442
-0.664826590808876 -0.316144198729433 0.0855107024642721 -0.00249141811951314
-0.721808553415158 0.0237826359250241 0.0518033690416173 0.0219470206637165
-0.55639754310906 0.281552091320096 0.0136727566540983 0.0131438500953731
-0.347818844578552 0.428271989953286 0.0132590318887928 0.0280394813428904
-0.139681582778944 0.506495656737742 0.0237017281419678 0.0723135843865656
-0.0536428134118472 0.450911926680896 0.0312638869424037 0.100256412964194
-0.0229768715792525 0.47673053610131 0.0278914744509341 0.0928586233613798
-0.180814615524101 0.480297649738422 0.0514015551911696 0.0975953302933826
-0.324695285890564 0.406317721342606 0.0482128673091499 0.106747509090406
-0.531196825820566 0.291878666647301 -0.0272247481551743 0.116807156381717
-0.646003308852525 0.0195752929418425 -0.0800882752882639 0.0363202289557813
-0.550881369692495 -0.343487393632656 -0.0499005384615104 -0.0166377985509187
-0.469623075061175 -0.552446395821479 0.0237360703515034 0.0475387761143624
-0.338170349637585 -0.467390388857991 0.0609406725656651 0.393228880889799
-0.414845975769285 -0.431098150864306 0.112173890808215 0.251277397444478
-0.583086792663326 -0.237608247196103 0.103361081766645 0.0550777697536675
-0.60360622998082 0.0331844638912814 0.00886390982205467 0.0437442071507833
-0.474955714093919 0.236089339596707 -0.0941192879971942 0.0812982901563852
-0.306380711372581 0.362861976486176 -0.0873560982433212 0.169144765141643
-0.130939613651985 0.436163169232541 -0.0429023710852309 0.241303640045021
-0.0644435188255908 0.387885457179854 -0.0115850773327382 0.269993530574878
-0.0485341192519038 0.404968166750171 -0.0105943094249586 0.248586919103339
-0.18497729799778 0.393172333134037 0.00251709411626028 0.223750620587338
-0.303154233875107 0.306147458124752 -0.0123178017647952 0.184496967502608
-0.442353326353177 0.188227906399959 -0.0437192658633576 0.141082125955355
-0.511132584374887 -0.00995618210595378 -0.0334539101430622 0.0665496783769784
-0.447777454290485 -0.284223038685192 0.0656387524320944 0.0526943746837592
-0.419256447987907 -0.458279734932464 0.145530228761819 0.219150588923686
-0.277754864600059 -0.291899529561507 0.123532928696839 0.556954190600352
-0.31231042392268 -0.240699283355796 0.187473520242501 0.35660700338779
-0.381690415199129 -0.118625880038181 0.108772996207298 0.113089583028575
-0.369641062130225 0.0309685335414084 -0.0248004660304462 0.0691216436058451
-0.306921453837399 0.139792932586499 -0.168400728647701 0.144224905139003
-0.210920348791602 0.234801444496895 -0.15728860300205 0.286859961313829
-0.101288499149714 0.295268383313502 -0.092405719920502 0.374504114379383
-0.0662777252461366 0.267039617574925 -0.0540963813013716 0.398190756893172
-0.068317100016782 0.277200346810012 -0.0598756499426537 0.363348963502809
-0.165039396856854 0.252979994484573 -0.0670495160956931 0.303740241746016
-0.238995606454532 0.165377567031395 -0.0913851261033775 0.215090738126201
-0.292024815772981 0.0615789653566461 -0.0723553044529051 0.128199781282054
-0.308989696677675 -0.0363820155177766 -0.00261147912653498 0.0749835514842953
-0.284197116549423 -0.185529845707751 0.150928139588535 0.101121888763644
-0.30901617856464 -0.301791531231416 0.239918579781865 0.346714585326836
-0.161492870226148 -0.0732702420658929 0.161512481137406 0.63952955551413
-0.140172821958878 -0.0261734256286181 0.244139217621176 0.407447978724037
-0.116010064806014 -0.0056198962362588 0.117464887618316 0.152627895047089
-0.0909059687670187 0.000601342349955618 -0.0367159668699333 0.0833800945929963
-0.107540235061843 0.0129181811553936 -0.198661216438816 0.185614206524522
-0.0965102855791822 0.0658324487466435 -0.184316197083467 0.359090585454507
-0.064627876835478 0.108749998709505 -0.11785959323738 0.448823001832366
-0.0581478220476823 0.106283431612175 -0.0881360031096298 0.466228168038455
-0.0666702434474759 0.111915853237284 -0.111671569617644 0.422036141162452
-0.10566490020556 0.0912476344320618 -0.146884660135921 0.329060506770063
-0.12792231840361 0.0307910674430275 -0.17108400937309 0.197520756881634
-0.102074595222549 -0.0260791158819376 -0.0977094003133686 0.0864625132734794
-0.0901666079080517 -0.0210436545507409 0.0180276832509433 0.0699105149939378
-0.116394791025739 -0.0478784729174848 0.198024519897262 0.134106558842234
-0.17620696613241 -0.103543207418155 0.29741227807971 0.418852426471132
-0.0257003137308156 -0.140626112287835 -0.37002241446314 -0.342410347951758
-0.0586300615346552 -0.115595811576495 -0.29586221234987 -0.133368876468634
-0.123539296042621 -0.0311951147971164 -0.0518366673515044 -0.0448264352527783
-0.0985281960678247 0.0659293576638347 0.0739280887562188 -0.0282478364960292
-0.0238078480844244 0.0829293712858635 0.194171380581998 -0.158581257087792
0.00677028360984245 0.0760898821587098 0.150546572553279 -0.333085491400495
0.0359989369229153 0.0646362688716358 0.076642817522831 -0.42240746805736
0.0437390360892967 0.0630011568605875 0.0352237443505506 -0.45491004417375
0.0443352388224852 0.0809614864992138 0.0355286727511539 -0.448987546184206
0.00232589248912909 0.0997546519030293 0.0851655997326843 -0.383412852157413
-0.0372077246206879 0.107753689742373 0.129401947774639 -0.251450058497024
-0.122896786610404 0.0887112078947658 0.0210684484692755 -0.112752877023869
-0.145463517916948 -0.030445255151925 -0.148807310069629 -0.154184845795762
-0.0541160391808314 -0.115635251572161 -0.2804302168088 -0.299682435347866
0.00163732818942978 -0.11886849403315 -0.261178929662456 -0.558909083676413
-0.159197798890755 -0.290282076455311 -0.30242308140756 -0.316315006329073
-0.196827917946306 -0.249811827279231 -0.255357925435573 -0.151413224607588
-0.308724034038404 -0.0975646574145552 -0.0513068804308193 -0.0717131663137004
-0.294998176427771 0.0915207021421788 0.0708622321980294 -0.0210137385653565
-0.178890189202815 0.184208230841796 0.191627451888243 -0.131727734231632
-0.081270192592944 0.225350308756526 0.160805297076305 -0.295556450477548
0.0156679529580461 0.237713410946013 0.091110542248445 -0.365056819383801
0.041086025339062 0.220721187028803 0.0478344602168873 -0.384103928894663
0.0513819920405068 0.250111739722035 0.0342623179725549 -0.379965933558134
-0.0492893180975318 0.273568789526944 0.0757903680208492 -0.321989420127435
-0.144361399181368 0.249544971266302 0.117725219261455 -0.200792537903211
-0.298333886579099 0.197395208070964 -0.00085963840167826 -0.0653197665501481
-0.367169592383971 -0.0107284659286913 -0.180686555978595 -0.112975047399847
-0.271477803759841 -0.223484307255441 -0.298892711739883 -0.241983396049714
-0.189033918561701 -0.302659431142988 -0.271485957206752 -0.458438770856505
-0.26863531591463 -0.412814652552656 -0.214428450515527 -0.218604426289387
-0.320357378802528 -0.371078586144224 -0.184347301244983 -0.123976184622674
-0.476483034656682 -0.168054687081539 -0.0328491971628196 -0.0902599869130598
-0.481553973812074 0.10402218584299 0.0593656325562903 -0.025690865015271
-0.332222386496283 0.267947046242339 0.149612427727169 -0.097781675465026
-0.174238336231623 0.350197951050907 0.134818920218346 -0.219118457136551
-0.0141486299115045 0.381480968012564 0.0832333714510584 -0.25221196229321
0.0330086992503385 0.34537826499739 0.0527587057913555 -0.256115221033913
0.0610153799018957 0.377284186668433 0.0331463054477702 -0.25386224948584
-0.0742434952292253 0.41034988165313 0.0657696968399173 -0.212788920310331
-0.209785313467561 0.370119137050108 0.102086216944209 -0.120864124991496
-0.417173592646023 0.307885323622342 -0.00794443320523995 -0.00679422770398866
-0.536647875256215 0.0435177879332668 -0.17486327362311 -0.0549275611473786
-0.456708626136452 -0.269333074111432 -0.258616756583092 -0.160533880136583
-0.364133363500433 -0.426481387465089 -0.216267414604373 -0.304002665167708
-0.348050641759042 -0.480411899446586 -0.110058658062756 -0.0605048245685201
-0.423414628860636 -0.443128221535219 -0.0864969419925178 -0.0447140277895919
-0.606353181815763 -0.204535023071886 0.00146646115778057 -0.0864702387427486
-0.617362463190299 0.119873279734849 0.0378147682602262 -0.0292512172527037
-0.443301685467818 0.327493117663009 0.0714746862480321 -0.0492687224243045
-0.241786192659617 0.430650593945951 0.0745171556102618 -0.102860841398759
-0.0407806086245902 0.469544680376841 0.0565296213722116 -0.0959594445042518
0.0224035053155451 0.416825480803413 0.0509967321564548 -0.0892492615674689
0.0620059791675118 0.445109791548253 0.0351428007240854 -0.0934046330025295
-0.0873829665718891 0.482314780831057 0.0624971746224387 -0.0726036098287023
-0.242683750966973 0.43617685872323 0.0868008797760331 -0.0194972855061987
-0.469571608613058 0.373180864294621 -0.00322811698011633 0.0546293969957463
-0.617844018110611 0.0932725140852744 -0.133314621231785 0.000231464642082831
-0.56365288882301 -0.266997713121037 -0.162684032460141 -0.0783343110139884
-0.47952231410771 -0.47434909813041 -0.10389275025642 -0.130292628905397
-0.382759786002732 -0.472500435558789 0.00171444973589309 0.135059188569225
-0.472229635976561 -0.435253004885979 0.0265257803935729 0.0724621914537617
-0.646798463269418 -0.193608765805151 0.0401962814481076 -0.0524473643067433
-0.647794911328401 0.134528297881559 0.00734883021389631 -0.016496916015784
-0.469486176306825 0.341327918045396 -0.0240711148793143 0.0213454888402176
-0.263652990975901 0.446212100480705 -0.00216041025351687 0.0409870492016241
-0.0546467859796245 0.484095409725923 0.0186486014130436 0.081188414911024
0.00676427287564741 0.426560379357614 0.0425800814044044 0.0910741800267983
0.0446613156656084 0.445208175319654 0.0360641122717341 0.0767079978930363
-0.100787700761339 0.475567471325858 0.0568446206997565 0.0744763429704808
-0.252303799272063 0.420101225417283 0.0650841611161304 0.085725419307815
-0.456014309001201 0.347874522613222 0.000769061566438342 0.104658509510412
-0.592934604783113 0.100178032746456 -0.0755523506071839 0.0394326922699748
-0.557524220478747 -0.237658643263292 -0.0371679161178684 -0.0137840811114668
-0.507374860557457 -0.450139384262628 0.0385545002599743 0.0365543704303811
-0.362096239898174 -0.384125841091472 0.109210903044768 0.327409825843913
-0.436275149380067 -0.337645062787162 0.136338790573116 0.194227559665011
-0.5627092320782 -0.132968073108097 0.0718393839279335 0.00584764556885967
-0.542749217475172 0.126957905016398 -0.0214940451451662 0.0160572826776833
-0.400767479832361 0.290429668893208 -0.107709228501054 0.101712709203385
-0.23045734850186 0.382028786716002 -0.0723215762784109 0.188040852608482
-0.0550465857805632 0.419927211347255 -0.0164977012746065 0.250196950108961
-0.0102084155920556 0.369434308585735 0.0283712566161822 0.25800886870881
0.0128687724968333 0.38246946380508 0.0264885713231081 0.230893965393532
-0.114842507393232 0.394671688319926 0.033651437723644 0.202094454241978
-0.243439408529976 0.323708216786719 0.0214007475782404 0.169848007332535
-0.387560038133029 0.239525896666841 -0.0116649331666463 0.132065101939547
-0.471617592098694 0.0576106686718834 -0.0246280790605639 0.0598821167182919
-0.453411879230872 -0.19544354473823 0.0780798174353544 0.0316311618112796
-0.447759924242275 -0.367821194691627 0.175738220017438 0.179233135329537
-0.282165223340046 -0.230254254115052 0.195962383417999 0.478585782439235
-0.314159574052679 -0.178935513036373 0.2261262973857 0.288417190651863
-0.363226608459148 -0.0518582824070205 0.0982388141045074 0.0706946443402209
-0.330424557924984 0.0885566395008918 -0.0350953861218083 0.0545569509865491
-0.25965950524815 0.179478768648521 -0.156573737025097 0.169694530206432
-0.160499089284481 0.250492864480462 -0.114716385279241 0.305225200445808
-0.0473504437237313 0.286865535008525 -0.039959118016829 0.3801960623202
-0.0257896239907711 0.25790619309808 0.00941213721193965 0.385917462239047
-0.0225154145773932 0.266983475957066 0.000549095915978767 0.350319446743931
-0.116787451807251 0.26178526167664 -0.0155391291460132 0.29109255815764
-0.201903275192401 0.185607102456811 -0.0480344255338304 0.213220769667311
-0.263967939240114 0.101078895384192 -0.0418064722420207 0.127632620787526
-0.287597030223814 0.00828033777458957 0.00803862849801444 0.0645407236490266
-0.287979579169354 -0.128072514248511 0.161380742670675 0.0642400044475249
-0.323027792251318 -0.235861493213264 0.279455579591818 0.285302230305194
-0.146758103375223 -0.043279409509813 0.251020832786935 0.55993138472543
-0.125854979878634 -0.00621266941175766 0.292385445689758 0.336513934018535
-0.10531241595295 0.0125140208332567 0.12916321276171 0.119200824582564
-0.0820376551596095 0.0175700368610285 -0.0264774140905616 0.07934531713148
-0.0951907032469081 0.0341551866229562 -0.163752148837879 0.207586525510909
-0.0770667718501866 0.0782169831335916 -0.121876510129574 0.370214894097416
-0.0394953145170086 0.110005915385863 -0.048293580464558 0.450510670088695
-0.0372873805792056 0.108294199925587 -0.0115999359047279 0.455109096144565
-0.0428366822671799 0.114769707541394 -0.0374072440077861 0.416993827614097
-0.0841204412248348 0.102564976203405 -0.0839772679277952 0.332841038986164
-0.114731691116782 0.0472876435900324 -0.125382961649795 0.212754775680549
-0.0995688434320238 -0.00792597179138533 -0.0744530538553587 0.0960292340048596
-0.0847599317239098 -0.00488810321363659 0.0289396542220242 0.0600314344116245
-0.113610007891882 -0.0241206270574975 0.206704683087511 0.088965355321563
-0.173180864870119 -0.0688255221030866 0.34089667719682 0.344531672830602
-0.0225406807419918 -0.132573287819359 -0.348805430800781 -0.333500002147512
-0.0525676725918831 -0.112659166723769 -0.279534137406235 -0.127760950068968
-0.115968761822457 -0.032378779759904 -0.0514192174362741 -0.0432297995711928
-0.0934861848186748 0.0614037933313824 0.0702486292192832 -0.0264788909751043
-0.0233424453997908 0.0785580067310255 0.187072823810976 -0.151406592415223
0.00724020604866089 0.0727862127590196 0.14603118526451 -0.317827852980317
0.033754730130471 0.0631471227903921 0.0753040666263287 -0.405226197908909
0.0405427388293266 0.0602741157158664 0.0363203667941618 -0.438993649428447
0.0413817096450583 0.0773332710982209 0.0374433282483999 -0.431311164360129
0.00118106307211286 0.0963791056137148 0.0850273555286269 -0.366520951541809
-0.0361512244113562 0.102638194267686 0.124977420993967 -0.239667819655334
-0.118986125894512 0.0831500610878349 0.0203859456783585 -0.106567030370986
-0.140018057823632 -0.0306792699166173 -0.141633312716785 -0.147248755011976
-0.0491007540871553 -0.110605371756743 -0.264269973251405 -0.288702599952655
0.0038093483791581 -0.11318708212191 -0.24342163729894 -0.537527275426024
-0.147433576852028 -0.276799861762203 -0.285635153381224 -0.309924829655956
-0.182924098029501 -0.242106770591958 -0.240135383773914 -0.144857332176236
-0.292001934200022 -0.0959405193600287 -0.0506512899098279 -0.0693420267459438
-0.281677528708631 0.0859536546858295 0.0673631493251839 -0.0202870181258268
-0.172715605907207 0.176233042723091 0.184292792473276 -0.126697234474097
-0.0779384987265788 0.215143787209137 0.154228510221441 -0.282165546066174
0.0131636466730863 0.227653266051593 0.090248971678559 -0.350356362110028
0.036027186783809 0.211349488615939 0.0490448129018466 -0.371793149901799
0.0469592188129409 0.237601052972427 0.0367964358085771 -0.36386028688405
-0.0494319908826093 0.262821240870941 0.076638293767605 -0.308319971552123
-0.139617976630261 0.238456631564817 0.113660965910342 -0.192903695555308
-0.28710537841163 0.186890380408677 -0.0011605956934874 -0.0607957183155406
-0.35323073207353 -0.0126290063448413 -0.172480200595727 -0.108803743058101
-0.255608672679009 -0.215449556888968 -0.283769469292143 -0.234487882297592
-0.176048095204412 -0.288545744366188 -0.25204754411743 -0.441022467479299
-0.25174317382429 -0.39543922923999 -0.202747205072316 -0.217259750005457
-0.300511036282554 -0.360191239299918 -0.172846208211793 -0.119868919877169
-0.452207051147228 -0.161785384774311 -0.0321509902280632 -0.0880704091590192
-0.459422446801829 0.0971640444378853 0.056384633803072 -0.0248056788506568
-0.319175833467315 0.257708214064084 0.1434186761806 -0.0944828503506001
-0.167196400746501 0.335002899897793 0.127857497963511 -0.20834855177523
-0.0156195839946037 0.364707562037687 0.083263997709931 -0.243559912544774
0.0275996159590815 0.33144562830242 0.0529141464283585 -0.247976779080514
0.0550517666374736 0.359092655572574 0.0352090672384551 -0.243411244880359
-0.073363876924097 0.394079788343089 0.0670398698615315 -0.204543837514241
-0.203382600597185 0.354769207246251 0.0981325427859193 -0.11747242887795
-0.401473111400861 0.293014067403267 -0.00832371233020859 -0.00451859774376198
-0.5141353040214 0.0404403971135168 -0.167075388383272 -0.0540809801258475
-0.433783126235359 -0.261234010687406 -0.24692345555204 -0.155589246638172
-0.342302548964375 -0.405679759941303 -0.199515192271766 -0.294557078442611
-0.327075694218317 -0.462895259334579 -0.106292657780886 -0.0647701195554033
-0.398629830671955 -0.429477815663013 -0.0807392247314201 -0.0450605746413416
-0.577432224005619 -0.196658324284825 0.00132395818904783 -0.0856202022452703
-0.590465954360934 0.114303209365354 0.0363175491133869 -0.029548196873357
-0.4255860865409 0.314316984339795 0.0684413894091828 -0.0485573759097083
-0.233669433529473 0.413276697979249 0.0684763233914421 -0.0986512207494807
-0.0410865361365505 0.448141503548163 0.0576714360484175 -0.0937958110058332
0.0162745977297189 0.400392226551154 0.0504471648258144 -0.0871108621896558
0.0530330733247783 0.422484182713866 0.0356735995178962 -0.0887473508863157
-0.0865985605956228 0.462510796406609 0.0620560977910412 -0.070957578971136
-0.234541416227485 0.419363110321545 0.0835395062940955 -0.0207000297466732
-0.449841137081852 0.354286726801615 -0.00436741477419947 0.0541203372990308
-0.592185607278405 0.0880679450387679 -0.127699641932114 -0.000919668372175749
-0.53501351550755 -0.257812508304313 -0.156386483505174 -0.0774335584931239
-0.450466806401797 -0.4503366341518 -0.0945356789450138 -0.126332863316791
-0.360416812519332 -0.457561111351136 -0.00159056703703656 0.123283732469122
-0.447513830770163 -0.420985659275528 0.0255747076209022 0.0668959146474354
-0.617464173915847 -0.185264909429113 0.0385974799713114 -0.0534284680288288
-0.620587146514805 0.12860011784447 0.00791828365910444 -0.018064425056628
-0.450687761026061 0.328595882840222 -0.0234482048488227 0.0184109585900764
-0.253460102267266 0.427764011533448 -0.00589620482342114 0.0387822880019149
-0.0547734889300094 0.461968820115637 0.0212083570315293 0.0758518047534827
0.00331745154901956 0.408439501679287 0.0426388253265676 0.0864706784023284
0.0391640877294417 0.422906211745932 0.0349994596543414 0.0744867729389243
-0.0974174769501992 0.45596087869097 0.0563627253256618 0.0698368106720617
-0.242411502504713 0.402747152265918 0.0614312276067572 0.0788346879275165
-0.438115614972825 0.329309234220499 -0.00144975964895136 0.102668729425519
-0.567248559598732 0.094473779381143 -0.0727002808940333 0.0360581753295961
-0.529211492793362 -0.230196771275859 -0.0379219136172704 -0.0145969244879139
-0.478251207808932 -0.428191040923483 0.0398751941499893 0.0349034984354349
-0.342258958492726 -0.373848880521937 0.0986897410790489 0.309992886036209
-0.416561445169842 -0.327633363947797 0.128297290642643 0.183817704408312
-0.53806798812583 -0.126049688147677 0.0685337211482713 0.00245915412255141
-0.519479873187108 0.122828110613777 -0.0206849255771283 0.0124932122720708
-0.385629036465221 0.279978680515572 -0.105069261141844 0.095348170969082
-0.223830157551349 0.3671872040029 -0.073213363853299 0.178801206470627
-0.054617550090287 0.400087971170868 -0.0137351755810801 0.238135392426678
-0.0125262664103287 0.35440250833462 0.0284171365004734 0.248037032499435
0.0087888413148155 0.362875457302701 0.0239715337504527 0.223484796939315
-0.112392510118657 0.377926316561354 0.0324649704042093 0.19254480695666
-0.234476992185253 0.31067459776798 0.0190379184372434 0.159374068068024
-0.370275845313868 0.226391798206479 -0.0134034316807645 0.127344099569443
-0.450110458854861 0.0563658560018351 -0.0241762433946354 0.0554795403953181
-0.430646967984572 -0.187913464682418 0.0728073717870386 0.0297919381653766
-0.421438125628659 -0.350304100920593 0.168444007779985 0.172913785664126
-0.268412244156557 -0.226048782056848 0.179615839738134 0.458270255111993
-0.300849964598058 -0.173652953274065 0.212815101884805 0.274857137107853
-0.348970200479057 -0.0492886923921273 0.0940343805134415 0.0653139351817429
-0.317632653694923 0.0862761520391 -0.033763744722096 0.0498974967417825
-0.249701864597999 0.174564681549269 -0.15195320375492 0.161326105069411
-0.155428348849938 0.241244411987847 -0.113723849914866 0.290449602052904
-0.046449608681603 0.272994626026709 -0.038096888276875 0.363040065727404
-0.0263865991709414 0.247823175231216 0.00910626747581547 0.371600286969853
-0.0226819074459905 0.253897047322075 -0.000898494857821388 0.337320710547222
-0.11237654795356 0.249321276109432 -0.0162145760229403 0.277754812489635
-0.192889166455798 0.178342306561072 -0.0471714128981396 0.201734314514107
-0.252260330975017 0.0950096118359308 -0.0414302689029984 0.122174659697048
-0.273729905494485 0.00893495805092049 0.00730578673514375 0.0600089074216687
-0.274330626527869 -0.123361407124512 0.151410023517501 0.0616258883888975
-0.305637454153567 -0.224490386049207 0.265977606091421 0.275487425381691
-0.141282683722618 -0.0458128867199623 0.230252758873314 0.538166894679523
-0.122304969561515 -0.00711173855670353 0.27452517526439 0.322756503838466
-0.103219233051208 0.0143452012107704 0.123641949399873 0.112948071844028
-0.0794644776227176 0.0184862041616837 -0.0258512806426118 0.0746351545416392
-0.0916737040655838 0.0341949343207339 -0.159162613599467 0.198192102781489
-0.0748047298395746 0.0759926222752374 -0.120472022359812 0.353475212254124
-0.0385609441628182 0.104395115147011 -0.0473747231858725 0.431583064309697
-0.0357181684258107 0.103598194588358 -0.0115336765375375 0.438959217768005
-0.0410230115357791 0.108860729611611 -0.0380512679925263 0.401335300347899
-0.079768187566414 0.0973449247837837 -0.0828789123367312 0.31834611733525
-0.10925614336792 0.0458930476022413 -0.122021968390654 0.202016830117761
-0.0935900022619155 -0.00718143475340531 -0.0720010649498126 0.0910834945765619
-0.0798366486861868 -0.00266199946315241 0.0280284086552838 0.0559371932752142
-0.110174853952258 -0.0230328545540424 0.195069176451118 0.0865388368244393
-0.16538628946848 -0.0651458062726926 0.322556114466317 0.334721047113488
-0.0175520058635664 -0.129001052923271 -0.334874932976861 -0.343687030095259
-0.0460781303716517 -0.115630148785563 -0.270836478507936 -0.132313758680368
-0.113111460804595 -0.0369575486969596 -0.0515584590035624 -0.043362840955832
-0.0941292568614549 0.0581989587321305 0.0700755122776465 -0.0241924342744762
-0.0252458621159308 0.0768143931935591 0.190663079300952 -0.146698769914717
0.00618020273395483 0.0718958304489791 0.152813700657446 -0.312087273598837
0.0317170097455414 0.0640828611217062 0.0845723015862321 -0.402438137458824
0.0383096764202032 0.060945388452805 0.0452576323373485 -0.439111244954482
0.0378746938438547 0.077194707807332 0.0489768723591853 -0.429233543976466
-0.00154703818878343 0.0963604173831353 0.0945977031973466 -0.362142991542292
-0.0386791549137967 0.100729927568051 0.12913298566586 -0.234307040308825
-0.120929393433604 0.0793018446169217 0.0235754356222953 -0.104236913958072
-0.139580332475656 -0.0342313367554021 -0.137388049963713 -0.148350736203117
-0.0429428393610499 -0.112243858524942 -0.253531746340478 -0.292943152658358
0.008113766804431 -0.111595757959719 -0.223731499107227 -0.540010697919621
-0.137175590511368 -0.276542733124861 -0.27446130409754 -0.320382653021591
-0.172945934948257 -0.247502578560279 -0.232379337529195 -0.150102928108166
-0.286207106447584 -0.102842436353804 -0.0502189737244711 -0.0708068730439849
-0.280458914928923 0.0793113861613984 0.0671912182661994 -0.0187241240180256
-0.176091243248182 0.171710876973059 0.186986817568945 -0.122644429512784
-0.0813580293990205 0.212119864237987 0.158936047991302 -0.275966482231522
0.00728679103518308 0.226489908339294 0.0991795002844546 -0.347692358485605
0.0301458748691073 0.211729984808402 0.0566236024341709 -0.372254392767882
0.0389152901582396 0.236039330193926 0.0461304963830053 -0.362211787677251
-0.0553595036406819 0.261212068669146 0.0853895566317267 -0.305456780335676
-0.14435046175264 0.234629466873323 0.117425543870686 -0.189390816721875
-0.290703796143498 0.178100767728037 0.000174750233223244 -0.0590672238326525
-0.351496722655612 -0.020283631060121 -0.168785842039694 -0.111542156390324
-0.245393451389884 -0.220873136950199 -0.275578993227473 -0.240647418837696
-0.165055315082655 -0.288941169442824 -0.235499109299025 -0.445538504192112
-0.237392837891493 -0.398776730382661 -0.196996012148645 -0.22653907399759
-0.286564011078284 -0.367194820042792 -0.166952508388219 -0.123409951105996
-0.443570969667698 -0.17015182098545 -0.0312484982773249 -0.0902876339225479
-0.458469640815575 0.0870399839784396 0.0563850239530312 -0.0245654495063006
-0.323413968877791 0.249923465743436 0.145866869890465 -0.092151266128487
-0.172961302661705 0.33013191235271 0.129506685624788 -0.203773307136796
-0.0251079958092348 0.361937888562419 0.0906120269634237 -0.242276361494305
0.0184990705252807 0.331177766094272 0.0594102914094987 -0.248539178566371
0.0447824017210743 0.356278058022951 0.0419264365801957 -0.24180100607521
-0.0827017006212546 0.390995845007829 0.0740380638128156 -0.203319684381509
-0.209835150595403 0.350030197421033 0.100119182774049 -0.116399589024066
-0.406060746525257 0.279694686057351 -0.00944591763258788 -0.00187031323438075
-0.512360320216716 0.0287707165356089 -0.165117833227877 -0.0575042535936747
-0.420074730130472 -0.269231236592344 -0.241845448289325 -0.161928673065579
-0.325491812539233 -0.407840017801243 -0.187048737667068 -0.297993330018974
-0.310144501733759 -0.467628246392512 -0.105595266110254 -0.0728962057178532
-0.383877406272074 -0.438086852351016 -0.0778853613297569 -0.0480902037809889
-0.566417111924445 -0.208043424700125 0.00262033737488467 -0.0877472792525427
-0.587003305918958 0.10154238471314 0.0370839674765803 -0.03005297024076
-0.430024801754465 0.305676716967616 0.0697998077666683 -0.0481816154750367
-0.240394090830826 0.407907621544674 0.0682329363323073 -0.0961581059802838
-0.0528666666295949 0.444021764537656 0.0623739373623069 -0.0945489892896345
0.00655714939178782 0.399284051401795 0.0537497871123831 -0.0876908458701027
0.0410516144328953 0.419464777931374 0.0392047790982682 -0.0868878411548855
-0.0970545433926007 0.458568589028869 0.0662997624351107 -0.0707145017303119
-0.241609533727168 0.411811775950412 0.0828686957149708 -0.0213915865899183
-0.456421639543494 0.338391734756597 -0.00680778344240451 0.056876521529562
-0.590734046119487 0.0750896636077249 -0.128058280969832 -0.00418800110516717
-0.52182792745786 -0.269056490415511 -0.154503673912374 -0.08179909548132
-0.432122294042028 -0.454410039400307 -0.087439150136584 -0.129378728444562
-0.345732511287627 -0.463926962416844 -0.0084017276940104 0.11747155877918
-0.433558492242258 -0.432928035185318 0.0235406210305591 0.0647732137763008
-0.607301960500212 -0.1957199172831 0.0394462300029366 -0.0552829233132563
-0.619236384566933 0.116636929820413 0.00921605019001482 -0.0204543378156303
-0.45584239176292 0.320460367492561 -0.0235863449143661 0.0161688418370344
-0.261966018611295 0.420482668266558 -0.00925344748806524 0.0384821726010485
-0.0662038639281932 0.45668618918371 0.0226855003010799 0.073587524092898
-0.00694363886132206 0.407247263761547 0.0418316755361726 0.0862095918519601
0.0263553810362909 0.418981940231515 0.0343149463691967 0.0765138836408576
-0.109016898865278 0.452339630339413 0.0560340227306021 0.0692196733479018
-0.249859256135103 0.396075373766439 0.0588756206096838 0.0771370064297489
-0.443368056449275 0.315601515019368 -0.00456611160243656 0.104198715967053
-0.564264889156728 0.0825587713239525 -0.0739075770180688 0.0324370728832697
-0.518208040180179 -0.239986125210835 -0.0386975609841247 -0.0166482261698475
-0.461215262811263 -0.43278264286359 0.0415484833141875 0.0356222399136965
-0.330455839952896 -0.382436414118515 0.0855317734126331 0.306879775066685
-0.406017260347638 -0.338892997780241 0.121305124908195 0.183653940821154
-0.532604509675667 -0.134827320520683 0.0686558033691992 0.000738853674144518
-0.518528455667513 0.114369034096342 -0.0204101566972304 0.00964173648757644
-0.388621530140299 0.27295097211082 -0.106410303809925 0.0907644679867002
-0.231115459063051 0.361727419512571 -0.0794018865036309 0.175878071021659
-0.0650228629149806 0.395247879707619 -0.0160244999603375 0.234246338782606
-0.0208523233722494 0.352550913313883 0.0248956468232182 0.247251644627303
-0.00102721494893283 0.359211844700212 0.0198875856621624 0.224234389722189
-0.120334316647592 0.373275548503043 0.0285240467862642 0.191094223666358
-0.239118679934453 0.305210537466409 0.0145217789109557 0.155920534884312
-0.373626112493866 0.215499830414478 -0.0175351977594255 0.12810626956898
-0.447029191799828 0.0459753895642441 -0.0264544918902584 0.0532999594649124
-0.422799699697247 -0.197401845505828 0.0693486785881318 0.0307848371480393
-0.406049550078587 -0.352804920718332 0.165684488094918 0.176080982658565
-0.26159193758617 -0.234667982309622 0.163788263673059 0.458662664605353
-0.29622376109065 -0.182248536125976 0.202148742330373 0.276667924572305
-0.347299751917082 -0.0540952851918157 0.0925847329370578 0.0639568400291531
-0.317827865931451 0.0818116476515747 -0.0344504487180017 0.0464745656493133
-0.251904525604533 0.170639091974441 -0.155793963306683 0.155437629617815
-0.160889389875685 0.238399844028275 -0.122133031869046 0.28620287203455
-0.0529868688157136 0.269227443097016 -0.0435540221427237 0.359219216536267
-0.0314947687104806 0.246107860436611 0.00311332314602712 0.37131651778472
-0.0290002822081975 0.24991403468295 -0.00855238670250988 0.337592883411807
-0.117261665339913 0.245553572224086 -0.022761549269546 0.276088895164882
-0.195268728661675 0.174320292127414 -0.0523123008982532 0.197007654691617
-0.251391366502389 0.0892247478441563 -0.0450746263984932 0.12112750214883
-0.269798011989068 0.00443873027097811 0.00538850063540197 0.0582225512815609
-0.268807518989693 -0.127323427831628 0.147170070604751 0.0640193487495993
-0.295892389222362 -0.228096209746931 0.259057740371626 0.281888346190472
-0.141326357376157 -0.0521435886529296 0.211623079541371 0.542089618427204
-0.123432260101177 -0.0103086093873336 0.262871655804415 0.325781236857992
-0.103820843140642 0.0141413171938981 0.120407501287057 0.112795587442229
-0.0789745179439306 0.0186948985863129 -0.0275935615009877 0.0718954666178452
-0.0917839751919829 0.0337909756933815 -0.164005064416739 0.194086132148149
-0.0765744754668856 0.0754324930313262 -0.129907126556191 0.348054096676234
-0.0405104937166371 0.101791205020795 -0.0557811936585143 0.427516822755207
-0.0373436711428945 0.102248705709636 -0.0188537143473863 0.438371881423351
-0.0428783762844483 0.106075339650088 -0.0467167155651366 0.399471763348115
-0.0808970220544823 0.0941517623009799 -0.0901578091366149 0.314850959758973
-0.108651510403923 0.0436320905534815 -0.126542624016845 0.196395317765807
-0.0915383277756245 -0.0086996401611247 -0.074664102068324 0.0882651126505404
-0.0774259845991262 -0.0027144745159872 0.0261656598809836 0.0545291335513914
-0.110561290855943 -0.0242001475457062 0.190080956771363 0.0900064089744202
-0.162425155324272 -0.0675387812847938 0.314706871142634 0.342044192276369
-0.0142152986791006 -0.130879693086002 -0.339626103958184 -0.364646167961184
-0.0434420140464342 -0.121813161945911 -0.27487010661674 -0.139514455467441
-0.114970496798136 -0.0414736644161548 -0.0535763603019852 -0.0444750885519752
-0.0978616429094731 0.0576161751013921 0.0721637519392627 -0.0237767732285896
-0.0277007182477785 0.0791444636153305 0.200003972076233 -0.150683809993943
0.00654515672174197 0.0734621294051697 0.162149413238597 -0.319845788383339
0.0321767913358256 0.0672231602855812 0.0919641335233158 -0.415410893534357
0.0375446439329711 0.0634964119699424 0.0504773574932302 -0.457488410159124
0.0372392533794461 0.0804099779492039 0.0577842610169974 -0.44533401532005
-0.00377951178978119 0.100719519292875 0.104134300048741 -0.373540532113837
-0.0412286240498156 0.103071410128254 0.137187654734361 -0.239600925311781
-0.127373293905529 0.0797408518796836 0.0257452768297961 -0.106523739570118
-0.144603250768312 -0.0378452105082219 -0.140427456972343 -0.153837735218564
-0.0413570576519677 -0.118491540957744 -0.256639073238974 -0.304669166687999
0.0109839078167309 -0.115060169625691 -0.219005087922603 -0.562483494403554
-0.135296091378283 -0.285549393619373 -0.278214049762894 -0.340492432704469
-0.172452277906025 -0.260231364150823 -0.233913560317934 -0.157950847203504
-0.292160315408226 -0.110768154049367 -0.0519543589724103 -0.0737315116951708
-0.290011715963935 0.0778400168356418 0.0689080123362821 -0.0185171639193286
-0.183900379640572 0.176767836726728 0.195862802973181 -0.125946823658058
-0.0860581240176433 0.218177063055204 0.167498454611128 -0.282638072492551
0.00339235112269885 0.234669469832436 0.107623853283987 -0.360465558089771
0.027384673875488 0.22002123283133 0.0630694869324703 -0.388577687788701
0.0359208825461047 0.243791194688359 0.0546389970372113 -0.375776395426923
-0.0621912075523748 0.27125477610724 0.0946803729250245 -0.315697160697408
-0.152083260310968 0.241674337421703 0.124060291516895 -0.194662159963321
-0.303459456438337 0.179338049214387 0.000981691698826859 -0.0586829621940478
-0.363984603730123 -0.0247315620144128 -0.173432744627236 -0.116786123894316
-0.248188983921361 -0.233512910404314 -0.280531761417934 -0.252024668631783
-0.163272963614998 -0.300355281769669 -0.232412298586874 -0.465343743009123
-0.236859082310195 -0.413670796626462 -0.20115747710429 -0.243700562788136
-0.28901482870726 -0.385626178214713 -0.167161381039256 -0.130968166766828
-0.452610266888765 -0.180486803691494 -0.0324916743961463 -0.0953854755558085
-0.472224346856988 0.0850175511277391 0.0585453948925143 -0.0255024163688559
-0.337193282117398 0.257081076696702 0.152839081140709 -0.0953130079724921
-0.182078795194707 0.339954798941849 0.135467384202142 -0.208264059550991
-0.030719949452406 0.372517445766816 0.0993186950841184 -0.251669556540565
0.013721446431824 0.343326291895466 0.0645258605586039 -0.2597554993493
0.0390838468713412 0.367061254187846 0.048087498749804 -0.249453250708157
-0.0918142368824306 0.40537756366668 0.0815466823256483 -0.210826897152276
-0.221614531649995 0.360457208114378 0.10553239222456 -0.120399223737129
-0.424743052702484 0.282412731643253 -0.00972256726417016 0.000842046816003864
-0.531178131171204 0.025427134273771 -0.170525906783707 -0.0618732210957855
-0.4277855876623 -0.286025407167219 -0.249175246084755 -0.171435397883949
-0.327361264554105 -0.425141426068964 -0.185100653882536 -0.312805800212005
-0.311780741641339 -0.48690481309381 -0.111461608483687 -0.0818954600454379
-0.389404016739985 -0.459969949297891 -0.0785291641151252 -0.0523456450590647
-0.579857166877908 -0.218998993117401 0.0029457041255815 -0.0932927149091329
-0.605031717868441 0.100611046211784 0.0386980499889976 -0.0320351818884224
-0.448357718408922 0.314801897678431 0.0738053566340685 -0.0511021041225686
-0.251882235377332 0.419128078299488 0.0697537301114528 -0.0975478526410455
-0.0608042302490201 0.456329438302134 0.0689045008456446 -0.0995247748082892
0.000290770666852552 0.414027364565992 0.0583630417896464 -0.092776524102575
0.0345575351980261 0.432465521448669 0.0435648185693019 -0.0895163175463787
-0.106259771125106 0.47462372055021 0.0713597704002022 -0.074270388655147
-0.25463391566571 0.425092517771128 0.0861693864549794 -0.023172277862577
-0.476976770606904 0.344070731753687 -0.00781062544248019 0.0617728162933882
-0.61144758273805 0.0730356715113271 -0.133352693568392 -0.00709933479701726
-0.533332532327306 -0.286610512429899 -0.159546694848691 -0.0866800633976527
-0.434355003327344 -0.47296584498203 -0.0848014631531748 -0.135945636726534
-0.348761500210646 -0.485507989588153 -0.0146571924439353 0.11723007757529
-0.441572151812848 -0.456732003725459 0.0236986243018217 0.0656272373551891
-0.625152965878572 -0.207479724227764 0.0415350410838245 -0.0600265805246515
-0.639602622856757 0.115841082935724 0.0100086741328334 -0.0225977278926219
-0.475092121226003 0.329180065119748 -0.0241714300432943 0.0145368869423337
-0.274661898314788 0.433945612777753 -0.0122487108027935 0.0399719244879832
-0.0760624801293456 0.471444470569802 0.0261892559349177 0.073575450056554
-0.0138893597008435 0.421956424752389 0.0445931933473672 0.0877984140903184
0.0195498694724511 0.431532568010066 0.0365851393113207 0.0806393181398593
-0.118480658547435 0.466498357543058 0.0581802573723197 0.0699890900954563
-0.262590066558287 0.407953171016723 0.0590691601007943 0.0776927472837449
-0.463895955238607 0.320025095199882 -0.00679598523461396 0.111066221206835
-0.581869746564389 0.0813143737593601 -0.078955515427379 0.0321914856510891
-0.529821358969416 -0.256429628041061 -0.042227946883634 -0.0179369477622514
-0.465632422651834 -0.451292972976094 0.045454606104597 0.0366578204033209
-0.335641207621471 -0.403799841694409 0.0795539796377267 0.316481490254736
-0.417695569344633 -0.357534766289047 0.122250110278526 0.190490310328844
-0.548487246436751 -0.144184003751092 0.0713931876763561 -0.00209162891690006
-0.536505343877124 0.114041942927776 -0.0204978960917931 0.00768792508182328
-0.406033380167266 0.281268810030123 -0.111228832552384 0.090983476166009
-0.242986099925219 0.374025814477482 -0.0865222772340809 0.180742575810961
-0.073637575273317 0.406571390866491 -0.0161687589315659 0.239795829728677
-0.0261577840751543 0.365318752537655 0.0249434452295261 0.255252182390851
-0.00780175639309644 0.368810303631411 0.0192000165414118 0.234069875723855
-0.128951227877171 0.38362684530898 0.0275097705096865 0.196152023659614
-0.250897141917857 0.313177811282187 0.0121219241964565 0.158594244742516
-0.389062987024849 0.217875336841096 -0.0205534643174003 0.13461084934352
-0.461080937312844 0.0447645469118482 -0.0294454061046144 0.0536315228077477
-0.431973847835985 -0.20760306388658 0.0691330961387719 0.0315996744314715
-0.411244016312754 -0.367704332968703 0.17009389759701 0.184437676421069
-0.268576942307131 -0.249227109916923 0.156947969013605 0.476758256086916
-0.306343148482829 -0.194051829036519 0.202451148798247 0.288289191366983
-0.358960913833863 -0.0568863102730969 0.0949126125945315 0.0640404119839955
-0.328615306244433 0.0840753829273621 -0.0359357307244389 0.0456596547010516
-0.262532856236532 0.17575233237396 -0.163522260423886 0.158332342504732
-0.168512366538303 0.247723976524076 -0.131298082608823 0.294961262141376
-0.0595360681281128 0.276645195639744 -0.0475191584628457 0.369726084440311
-0.0356552639837607 0.254200779680721 0.000847647550026843 0.384898308389299
-0.0344472141232714 0.256060191731848 -0.0118742160895161 0.351117344395592
-0.12387986186373 0.252419671360926 -0.0280436126500857 0.283578349408432
-0.202917510113646 0.179439557339492 -0.057687240810784 0.201177500827311
-0.26083781194213 0.0885743274321752 -0.0494533913645086 0.125519723201469
-0.277306674518863 0.00306546805010971 0.00361393950302014 0.0591293957654594
-0.275537182978055 -0.134100133482735 0.148530882976686 0.0669980262293357
-0.300576480535149 -0.23669486239389 0.264940432768432 0.296776511653711
-0.147185215409495 -0.0590518665212892 0.206537358857949 0.566569600934503
-0.129076367833745 -0.0125412774304654 0.262120220111684 0.340794899894336
-0.108852670598233 0.0163449947199443 0.122695507355528 0.115441847135022
-0.0816533170852508 0.0207450679488933 -0.0295147686089362 0.0727533935383932
-0.0956240483401011 0.0349374192087848 -0.172823908278236 0.198677387525194
-0.0801626118796243 0.0786732783206316 -0.140276437449526 0.358726948634253
-0.0440538736572201 0.103840336628925 -0.0622686045368422 0.441885028787195
-0.0388944829053918 0.105161256688141 -0.02219938511703 0.455125693002232
-0.0453655142986362 0.108259420073724 -0.052761873600781 0.415367317135818
-0.0844340967082207 0.0964141522615134 -0.0977179811536882 0.324451672444816
-0.111272654191001 0.0449576005521468 -0.134470730028499 0.199955093506242
-0.0932083261069107 -0.00968914596482167 -0.0787939260051513 0.0909347906845361
-0.0787621432873036 -0.00191017380192384 0.0259548699882423 0.0560156246340086
-0.115596760911285 -0.0246249029829081 0.192959055345742 0.0952961203391267
-0.166355439032006 -0.0713183192912969 0.320052195748651 0.360441336790966
-0.0154140809143096 -0.135496634578219 -0.366940171850771 -0.383625331565003
-0.0466394910916083 -0.130267134540155 -0.289202591104711 -0.140438663138193
-0.121674706033494 -0.0432035548998194 -0.0585317905215 -0.044475763138444
-0.102827403192169 0.0618455836186456 0.074760190545329 -0.0262865262142881
-0.0274341231709746 0.0845472868475186 0.208468455365888 -0.167077057103159
0.00942530181779656 0.0767360798045534 0.163685073243845 -0.342733322345762
0.0358997196795225 0.0707231582901704 0.0857163557607573 -0.441618405589621
0.040899073239313 0.0666329036416533 0.0387000084028008 -0.488592219019354
0.0405231624355373 0.0843033441957252 0.0497728096811618 -0.473795486788038
-0.00205955678208016 0.107626732256309 0.102312651603593 -0.397357997570475
-0.0420404307183999 0.109438711107522 0.140466567331278 -0.255860447109037
-0.133745444438044 0.0864327896729744 0.0254694711372105 -0.112018851391903
-0.154645763911812 -0.0367075119863591 -0.151404702312292 -0.158077944959405
-0.0445612873529551 -0.127090716995454 -0.276103998723359 -0.314284449246584
0.00947875551841957 -0.122166046410482 -0.241198713139991 -0.589771503883616
-0.146665085781908 -0.296295114216849 -0.303010192425194 -0.358776961205302
-0.186307395076572 -0.272972888850764 -0.246601245621433 -0.161285719396521
-0.309270073256209 -0.109940765386616 -0.0576787734898351 -0.0764312923607672
-0.303783282062043 0.0892914697929793 0.0721452668637322 -0.0212542280628417
-0.190133214128466 0.193000126233217 0.204806422156114 -0.140879516784206
-0.0844809480606149 0.232491708963943 0.169860736459056 -0.302209562111483
0.00980779082783535 0.247723052980704 0.106978618153403 -0.386151974487535
0.0337768898173141 0.232897507929609 0.0551392048000548 -0.416182384298175
0.0420392757978808 0.256502082391782 0.0495411240110375 -0.40079568317127
-0.0585282212143763 0.289609955918056 0.0937936705988299 -0.338272957377889
-0.155385845079026 0.25960063518542 0.127278972371395 -0.209184185292993
-0.318495669246047 0.196824172364617 -0.000514535254567591 -0.0593874324236708
-0.385403074562592 -0.015788854206459 -0.186718848905057 -0.118656343630342
-0.265056994075711 -0.243416390663692 -0.301406615592919 -0.259177727592399
-0.178404990274861 -0.312979548057463 -0.252401637449288 -0.486328219007415
-0.256271686167988 -0.430191452833596 -0.220453183500856 -0.258035425549543
-0.313409809377402 -0.403610967878903 -0.175867353708195 -0.135542718071983
-0.479998726951279 -0.179361796763146 -0.0378916815275158 -0.100757088959472
-0.494771089037574 0.101993266742483 0.060840701959507 -0.0287406784791226
-0.349867319749053 0.283432664844158 0.159910147192622 -0.106688588468696
-0.182557032200052 0.363817834310141 0.137581404843436 -0.222628426616513
-0.0237566460945714 0.393903275814702 0.100514805889549 -0.271180177317853
0.0230665812727756 0.364241322763942 0.0608164333714703 -0.279792178251912
0.0478935866436141 0.385939622320483 0.0463900474725997 -0.266837083648502
-0.0864775619844589 0.43289323564075 0.0824144741710121 -0.227330179855696
-0.224606709368795 0.388160360932755 0.108681071851833 -0.131402508854794
-0.442837696376505 0.309341599467811 -0.0101337822145558 0.00470494314647258
-0.561154925997703 0.0422892671715356 -0.183710237162392 -0.0603744859090968
-0.455178676708132 -0.294828021609981 -0.267836682809886 -0.17421137280511
-0.351604705046659 -0.438805631613723 -0.200732063241514 -0.327113020938448
-0.33858540916231 -0.508699446314861 -0.122806065385938 -0.0885714731544219
-0.422914501354815 -0.479881592736537 -0.0817281279847493 -0.0551367364853382
-0.615727013967847 -0.214938713990481 -0.000559358915163617 -0.101246322934323
-0.635279991901243 0.123017066883827 0.040610541608277 -0.0364528137798119
-0.463840313761293 0.34733470119226 0.0780329070975623 -0.057948640943776
-0.253535838325906 0.451072200946419 0.0698302629298796 -0.104241070878454
-0.0528547011728027 0.483517018797455 0.073299164266425 -0.110467106168073
0.0114997891390554 0.438214097615055 0.0598054615780367 -0.102794054212019
0.0450379104544168 0.453180830777207 0.0457512301569506 -0.0956992890902478
-0.100856788027924 0.50635728249456 0.0749704284889876 -0.082846242874825
-0.258498668594987 0.457432237315983 0.0895731717153287 -0.0291816952870503
-0.497993065692608 0.374731419667755 -0.00649260566847626 0.070191324220277
-0.64325776663247 0.0950604717510693 -0.143058048664713 -0.00452618666389726
-0.565695714182833 -0.290650793610382 -0.173176135039468 -0.0889303989723865
-0.467105726372376 -0.486638584468933 -0.0896113335402188 -0.142525321576533
-0.379580525297586 -0.507448868732763 -0.017007402959699 0.121243467749692
-0.479715943998185 -0.47418025873644 0.0267691362952559 0.0673713699323574
-0.664361975631589 -0.200742539187675 0.0411280324179871 -0.0682839421619034
-0.670433673818743 0.140218725822895 0.0106229003132627 -0.0265191620612741
-0.492751319418018 0.363564117343297 -0.0233404886399948 0.0137701276987736
-0.277924464674416 0.468422921964043 -0.0139020778172565 0.0435620679602988
-0.0701421163298326 0.497816242775966 0.0328700002960498 0.0737227131749071
-0.00365816168816334 0.447437255975613 0.0514015080013817 0.0896090462270398
0.0287787166280133 0.453847831811081 0.0431841012540511 0.0850576036898145
-0.114054965405727 0.496730929233095 0.0637386531113023 0.070873007409202
-0.267335227100946 0.438621604153562 0.0626110352490307 0.0782917506565301
-0.483362775527766 0.349956725958496 -0.00432231603727504 0.121162986091161
-0.612828026430455 0.103610822741331 -0.0841510027310625 0.0359177469220128
-0.56271651721889 -0.259632069766265 -0.0480074986456287 -0.0185888138316941
-0.498121068478732 -0.461737805711721 0.0510525931377182 0.0373959489218841
-0.365615300586638 -0.419119101338013 0.0859403755018813 0.331926100466318
-0.451265508696014 -0.369904772277422 0.131708273002722 0.196617209471431
-0.582004830875586 -0.135720100651708 0.0740516855406248 -0.00786842535657022
-0.561075466398423 0.138013779489977 -0.020604109460301 0.00534234155101392
-0.420590460094348 0.311868441029741 -0.115358176108331 0.0979508904753802
-0.245730255997647 0.405529914766265 -0.0891069933901486 0.194635885672957
-0.0688150694130964 0.431696606368654 -0.00845806787737816 0.250894617994889
-0.0179857538264508 0.38699485808308 0.03584034036188 0.268185112490511
-0.000863054262709897 0.388981181371671 0.0287795103972236 0.249001129291381
-0.127374775907228 0.410565606716814 0.0338678847849274 0.205195824771728
-0.256182589517527 0.339222812595662 0.015098416007646 0.164961447225762
-0.405876050772983 0.24009205582059 -0.0190829525957966 0.145553123535004
-0.483174435286172 0.0601694201943483 -0.0323297332181748 0.0572745553259089
-0.459085382285077 -0.209570329137272 0.0703871262532109 0.0311447030383414
-0.440257733397802 -0.376800206535553 0.186162104107252 0.191666882630871
-0.292220061615336 -0.259314905835828 0.173133705439701 0.500232227340251
-0.330411875559968 -0.198030810889222 0.218236552939748 0.299124941120994
-0.380605408548153 -0.047788369607174 0.100756430015054 0.0612676978840082
-0.344277531632884 0.100286098473568 -0.0367437782720462 0.0461133163616363
-0.272554888342384 0.195209036726047 -0.168709702219601 0.171530162334475
-0.171731112736765 0.267519305065398 -0.133816241643664 0.315749553142662
-0.0570790154328864 0.293443462447663 -0.0385860937793312 0.389476881952515
-0.0296423453282929 0.269273797843781 0.0140351281234924 0.406891081247873
-0.0306078440729245 0.270330086747837 -0.00175092646558293 0.373662079236461
-0.124337326872842 0.269753843869263 -0.0224927841325761 0.300611948134791
-0.208633744157137 0.195600175590575 -0.0581896706976975 0.211742016683499
-0.272477130203485 0.0996365057381739 -0.0497350516291625 0.135709911587298
-0.290919649464591 0.0128180556696191 0.00363788884293178 0.0615717575494233
-0.293606165511141 -0.133063544323836 0.155350513799254 0.0664414366566096
-0.320833147914284 -0.241582586467664 0.288162773521051 0.309084343576625
-0.159649704677758 -0.0610619750494595 0.229774197559697 0.595464024213202
-0.138803166754221 -0.00989894771210431 0.282674193602671 0.354311454885085
-0.114807264291674 0.0228083387611403 0.132229168862729 0.116262730365773
-0.0844935625783356 0.0256099470973318 -0.0297356289105349 0.0754345612754743
-0.100055367292173 0.0403796896952889 -0.178741768479397 0.21522050056294
-0.0829796249304473 0.0868256028261023 -0.14132780102984 0.383135126842081
-0.0450120484539606 0.110259802105035 -0.0523322745914378 0.46897453196311
-0.0381486404222813 0.111713300568596 -0.00891118214837392 0.483404855374894
-0.0451209648845046 0.114713383423719 -0.0441285194943027 0.442888827173465
-0.0859775655556201 0.103462658857023 -0.0964335136189432 0.346250159203192
-0.11544579119436 0.0510892286403632 -0.138995788094917 0.213603274293595
-0.0973099097028523 -0.00720171909613949 -0.0816288720958702 0.0977700629755771
-0.0817893487784558 0.00172127171247702 0.0283082749969955 0.0574519813909492
-0.122877329819634 -0.0205445859566217 0.203132243015617 0.0950529621840309
-0.177022968449766 -0.0701977375427747 0.348283206401678 0.375047769244934
-0.000766296067088969 -0.137576459266914 -0.31036371638847 -0.461196154789819
-0.0272013074390402 -0.13825784360152 -0.274085819667013 -0.193220608163819
-0.115567926195173 -0.0662729761761959 -0.0608670898956319 -0.0559069203430703
-0.113403229139387 0.0438770773619978 0.0733634509640543 -0.0136304357799905
-0.0452989200906532 0.0761926557319701 0.24076213763981 -0.139565071665038
-0.00488689090367916 0.0753008569332364 0.223206280949831 -0.330118171564211
0.0256314729346976 0.0761948153819858 0.158227243966907 -0.447952239117752
0.0272390752609326 0.073645506509047 0.116018961349628 -0.505889366919861
0.0265620259968323 0.0941854677449595 0.121809878405042 -0.491675546905385
-0.0212403253516513 0.109684031679922 0.16532236642958 -0.401269365734138
-0.064341689276608 0.103409886436645 0.185727415162646 -0.247094683795035
-0.153758403409716 0.0658123236796903 0.04957662000223 -0.117779372727742
-0.15419387473058 -0.0721745317600853 -0.129780524244291 -0.183572367719526
-0.0228799715405495 -0.1490988142351 -0.229353194758555 -0.35894607378582
0.0303875789255073 -0.134271717973061 -0.14734891350303 -0.649368023461043
-0.104020185131185 -0.325277446504768 -0.254235843232005 -0.433315210901626
-0.144923812662192 -0.306465546410277 -0.231241334432757 -0.213864423133067
-0.293133855617318 -0.165385966909159 -0.0670363615108306 -0.0940690142554465
-0.319184044787842 0.0407181014213744 0.0562209167210494 -0.0125665834842466
-0.227916106518421 0.160340660504199 0.225515894368798 -0.105295614790845
-0.128189789483175 0.220705232786362 0.219734138543969 -0.28325939869864
-0.0307182686371947 0.252813587317428 0.166371261586715 -0.383875895811281
-0.0123353995217546 0.244483293029264 0.120874211961155 -0.428449511013731
-0.00318349816592371 0.271790822165601 0.108858312963116 -0.418015004675514
-0.111441210418646 0.290222039684834 0.145954621299383 -0.346817694069302
-0.212845575211107 0.238607589992928 0.169657669739259 -0.207469313749842
-0.367058938576568 0.149908459166079 0.0233294799153461 -0.0768953712331315
-0.399032932990671 -0.0963322798847943 -0.167130002835367 -0.148054395763817
-0.230514618639451 -0.311771187962564 -0.257271543013815 -0.300821234705088
-0.130608859170837 -0.373186815517637 -0.171102350976686 -0.530559909719358
-0.18928572661938 -0.481433600503033 -0.191453983355132 -0.321974122840772
-0.251142062655593 -0.45777437625516 -0.16726483196982 -0.18102564789653
-0.454169213366351 -0.26276301546055 -0.0531134064321634 -0.12206730893646
-0.513375054657332 0.0250064289191665 0.0339656235178985 -0.0265588745640553
-0.403248716090193 0.227694583766946 0.166833743112292 -0.0707799323703156
-0.250739130054126 0.34064006344065 0.170476464461591 -0.202015570808394
-0.089558038215605 0.398020564143745 0.139342951487491 -0.262431311879339
-0.0482316612279365 0.378559619461318 0.106719876499368 -0.285104249613496
-0.0213155609312283 0.406299108022325 0.0849705415058374 -0.279662685262427
-0.165523329117 0.433795906628565 0.115254298101248 -0.236721118378755
-0.311017926975656 0.359099487184919 0.140827985565391 -0.134592065636384
-0.517417381614976 0.247293744570347 0.00868234995701088 -0.0200132996402838
-0.592376060598923 -0.0689336696187093 -0.167973424612329 -0.0883715264987161
-0.419767580609761 -0.396777619626511 -0.226838861157855 -0.20653028186558
-0.290814640854892 -0.539594470663361 -0.139166624372313 -0.343793848023279
-0.257295003259741 -0.574075612237928 -0.122944049402122 -0.137239990136624
-0.349214248366112 -0.555159104663986 -0.0860419370483402 -0.0863684523310801
-0.584507511063731 -0.322015794480902 -0.0229310349521509 -0.120429259797645
-0.654782679874974 0.0251281572654693 0.00466682872659279 -0.0405333948822615
-0.531378416554808 0.27468267925332 0.0689983748151191 -0.0283583535119659
-0.34032621114789 0.420287388695139 0.0797779641228121 -0.0871739285377722
-0.135535653224506 0.485423126127707 0.0838047460232395 -0.0970511304694892
-0.0747767495466541 0.453615099857695 0.0785337903073394 -0.100323295033126
-0.0367937357085225 0.475634607488731 0.0580656852657601 -0.100419072104827
-0.193242847178599 0.507141864755619 0.0846988326684385 -0.0882918655043205
-0.359538146587732 0.425311609402868 0.106918209776141 -0.0343674082738799
-0.58444096938321 0.307236861314823 0.00341612845377605 0.0430017845382667
-0.687771291206365 -0.0299007125168042 -0.132207951849054 -0.0247903418494784
-0.534800732289782 -0.411649875221489 -0.140183228225354 -0.102700139718592
-0.400727457457498 -0.61003263902466 -0.0525980830549025 -0.128702357458814
-0.29387886332603 -0.581013126691526 -0.0513222335217971 0.095636171609192
-0.40538343013836 -0.559425731507647 0.00473579983368767 0.056402678413958
-0.635312919767584 -0.316328390243342 0.0116413195417014 -0.0800287816780046
-0.694011197612305 0.0398174491254816 -0.0304290817754497 -0.0355126216862353
-0.560754539582389 0.289535153201215 -0.049170950859044 0.0328969336134912
-0.367110641863593 0.436818640184187 -0.0308141525579558 0.0547834539884873
-0.154023200741405 0.499008772744729 0.012038979878245 0.0895835045460329
-0.0898286538875859 0.460759789799867 0.0400512415479829 0.0994628426260187
-0.053752355944173 0.471678327212228 0.0288188703631492 0.0891635589131346
-0.205368439322532 0.496744260060634 0.0503530617444954 0.0704607558273526
-0.365905812271294 0.406619246951631 0.0632938237126128 0.0730595403626304
-0.563711592740905 0.284730352730455 -0.00278473407842234 0.0984776092383365
-0.656551495892894 -0.014320080217006 -0.0782736972990528 0.0251051733337603
-0.535076108633189 -0.375247920290635 -0.0237489901814224 -0.0138050180587183
-0.438577818804503 -0.588251708414575 0.0635302511747288 0.0829208633922825
-0.291608399880141 -0.489794496472493 0.0198982801693214 0.331758021786204
-0.393708756640215 -0.450871520862608 0.0924052179181701 0.210857231870926
-0.565059454961852 -0.237234436490337 0.0415020436317271 -0.00901724993695651
-0.586907341586372 0.053910979454929 -0.0603510620598012 -0.0052005321063851
-0.47847479038481 0.25131772001369 -0.153430072330198 0.103148576078721
-0.321527060114363 0.379012873477458 -0.130826378917667 0.19896082629497
-0.141905527452815 0.430942270305296 -0.0572537971734469 0.268723519723094
-0.092289848460414 0.397144074406818 -0.00321728681639931 0.284247638937046
-0.072155134067645 0.400087512801202 -0.00947931901223327 0.260358374551317
-0.203885951873091 0.405078505955511 0.000255714822380988 0.208648703061285
-0.335095315010551 0.304933734192 -0.000340965008352838 0.159814630919501
-0.465681469353745 0.183039100319128 -0.0238691865521643 0.128701196689146
-0.512434469393626 -0.03192115206178 -0.0313878309551688 0.0548661701515792
-0.434551280957863 -0.301604930254951 0.0844704680342298 0.0525019427591128
-0.390186403872048 -0.485449485525404 0.174931254877389 0.261518790380142
-0.241465960989769 -0.313296239631637 0.0835444028944509 0.527046104821638
-0.297684164339654 -0.258413387084901 0.167764724090443 0.335554273323629
-0.375970976748063 -0.112132745683105 0.0702637541844241 0.0723845211124325
-0.360257943436885 0.0498677596463686 -0.069149433654383 0.0379242033587403
-0.307391855938779 0.158752659084306 -0.213918213558816 0.165877749221152
-0.220460907084839 0.252348943471595 -0.19414475497905 0.315411314866794
-0.108004612923068 0.292490101651598 -0.107247263272445 0.407947730961375
-0.081816140895498 0.274480831140388 -0.0474070728320534 0.426352419808917
-0.0818244216878727 0.272556502021169 -0.0589003587652458 0.388016778243635
-0.176108112534377 0.259591971894959 -0.0709537655399924 0.302914840474393
-0.257297380913847 0.164138758827182 -0.0855399978440621 0.203105959585117
-0.302425819806207 0.0606610609998155 -0.0593550082524559 0.123431455958876
-0.302484522703495 -0.0429409384256863 0.000793300893913664 0.0645601631705995
-0.278472534818879 -0.189778574662373 0.159075103989124 0.0979880666778823
-0.291131550721716 -0.316828262561182 0.257438364037432 0.392371795902687
-0.141233797797813 -0.087886807087804 0.129875679638765 0.643828314827305
-0.133413530348289 -0.0357773544075409 0.230339785533314 0.410744315930352
-0.118481140885054 0.00541173391808214 0.109988340519384 0.137997292664493
-0.0865050184453079 0.0153232138030176 -0.049161809776186 0.0711117622534495
-0.105210240994264 0.0292877718470499 -0.223902526145767 0.2008531613013
-0.097265750799015 0.0808082769419652 -0.209684382817294 0.380948749198833
-0.0650056032777225 0.107452329341504 -0.130360080389331 0.484226340142471
-0.0586169392051103 0.110127967074855 -0.0833579533749984 0.503317466535657
-0.0668831669139203 0.109333313543575 -0.112077440151098 0.456907979753867
-0.106888239068257 0.0938144030136072 -0.152229656487153 0.344277995682172
-0.131572643988842 0.0325067035705884 -0.173149183152297 0.199294096486138
-0.100149401930507 -0.0223934679638852 -0.0946500794470481 0.0875822809555122
-0.0841861369253478 -0.0121031999556371 0.0226695258097441 0.063113139261244
-0.122371579851004 -0.0389641339524943 0.195929698956238 0.129622977704385
-0.170181019588256 -0.106272369604186 0.303570360667249 0.460186403478922
-0.00955816869503847 -0.1361308556252 -0.349823077286202 -0.440165075262409
-0.0376210261451913 -0.138190021914367 -0.286520151913345 -0.171798720721285
-0.121144423604453 -0.0578745781302597 -0.0656017620606171 -0.0498329042902792
-0.11064378639378 0.0527799782686057 0.0719834498230933 -0.0192155867928533
-0.0388026356478802 0.0805687140290988 0.227713714521704 -0.163942570509977
0.00252980892471543 0.0752409914220694 0.195058854881059 -0.351919790483785
0.0331877699174963 0.0735516904698314 0.118781546595323 -0.464860757024575
0.0338368174778932 0.071507163214733 0.0679895509414824 -0.519398129706741
0.0346154523074338 0.0923196782354287 0.079331690360015 -0.50576767843164
-0.0117244932190591 0.113209275337512 0.132160821298356 -0.418240586494876
-0.0564070126079872 0.109060315976398 0.166106300130188 -0.263344074127791
-0.150102418480217 0.0791992162886155 0.040322992969411 -0.121561526979557
-0.161501047692582 -0.0587171279126015 -0.146536787094515 -0.170652225380956
-0.0349409037672697 -0.150085074023028 -0.258420101319353 -0.338478829389207
0.0193378074380574 -0.137063775329971 -0.200667715174733 -0.638213134201887
-0.128802341286192 -0.314914231114524 -0.293919644156029 -0.416947066615545
-0.169716687871915 -0.296154930716217 -0.245982216697832 -0.19603818704149
-0.306404405838582 -0.140008574918455 -0.0760903119155127 -0.0882882064176393
-0.3156919964839 0.0677503826793052 0.0552965615760672 -0.0172415449889499
-0.213410601914025 0.183023416575935 0.216927154868885 -0.128650622179843
-0.107294144063612 0.232099791109763 0.195667303363236 -0.304349100228424
-0.00835156383067732 0.256190943960691 0.134060895257218 -0.402457961701496
0.00914947726269571 0.246400899866934 0.0806952910552115 -0.442980196709461
0.0200309676635912 0.272484323984002 0.0722760357978183 -0.430707481656208
-0.0865377212041719 0.302111721148929 0.116508524609876 -0.361924215417139
-0.193279926073183 0.2577681901947 0.152785638234182 -0.223704749119475
-0.356266131301257 0.182781282351907 0.0177291985849447 -0.0759037880519915
-0.408943776617044 -0.059805658685163 -0.181522687191874 -0.132583573347082
-0.25643357782518 -0.295343322561798 -0.282760467471518 -0.277571657232504
-0.162745215726877 -0.361106142794893 -0.213729207714754 -0.517579534440306
-0.228319318979759 -0.463677971926973 -0.222472594520944 -0.31045484530687
-0.290851742617766 -0.438677859521737 -0.179840884669905 -0.169526238745426
-0.47516578368609 -0.221997204089775 -0.065255999649282 -0.118041432484963
-0.510457299034634 0.0703117669214305 0.0317521004620271 -0.0300911814543674
-0.383110865312758 0.266164885075173 0.161470157166064 -0.0891483643291835
-0.219340173848562 0.364353160731642 0.153132262435779 -0.218118938430349
-0.0554109351090814 0.406483662905142 0.11869721434571 -0.279484044288194
-0.0148381470993454 0.384398417136341 0.0803940958988038 -0.298061132584652
0.0125696919679953 0.408172512788987 0.0610079891413966 -0.289382812072953
-0.127075936629285 0.451799868395934 0.0952401289892807 -0.249712516566312
-0.280300659702402 0.388956418194197 0.129525386090656 -0.149769969411758
-0.499665418145452 0.294486356862677 0.00838585596526857 -0.016564100232536
-0.598374227359665 -0.0151669715628193 -0.177945183172015 -0.0731577859818617
-0.453944031427526 -0.36492979806985 -0.246714543372478 -0.185211646452623
-0.335311868706479 -0.513424805592925 -0.166784184470464 -0.333215481791653
-0.303658546507231 -0.552164594945951 -0.13897230144008 -0.13077287678791
-0.397243454257056 -0.52694461255433 -0.0916539540447849 -0.0813406152409625
-0.610124933188297 -0.269819365225659 -0.0349661076152822 -0.120359879442931
-0.652924719395244 0.0838466812190555 0.00197329741192116 -0.0426403046746767
-0.504847978009826 0.327020600873078 0.0681473070942107 -0.0383582245769134
-0.300194205316163 0.452834508826894 0.0719692918788834 -0.094235546181516
-0.0927487467540283 0.497286513111998 0.0777607402691483 -0.109315983230711
-0.0343216636067031 0.461591345277055 0.0690034735289679 -0.110050924983543
0.00278721003551082 0.479904346843652 0.0513659915879914 -0.107453126429788
-0.14850340118452 0.529198900536357 0.0771810874102061 -0.0984706071027747
-0.323845322849607 0.459730394457962 0.103327765684011 -0.0464721671495536
-0.560609420105039 0.360760871435151 0.00933029394979776 0.047338038956304
-0.689802783660757 0.0328253198378213 -0.137448906185596 -0.012175443870002
-0.569048879219864 -0.369014104225379 -0.151497429179817 -0.0901511050612797
-0.452514554538515 -0.574340208815725 -0.0611620181581023 -0.124085982991446
-0.344907303887885 -0.557002528537068 -0.046538566904005 0.0980666797345201
-0.454819411498128 -0.525923393533869 0.0100399394909373 0.0547038372098024
-0.661387205508189 -0.257382859536423 0.00254992309031246 -0.0835268746871902
-0.689774057740072 0.102586540908574 -0.0324694472184379 -0.0359429788385581
-0.535308308065777 0.344411411474737 -0.0448946479019152 0.0336003827598579
-0.327127258409488 0.472933321425788 -0.0265765732826138 0.0577930118406655
-0.111507537933711 0.51381147733357 0.0223846295919796 0.0841915843810529
-0.0495639393335197 0.470103760292292 0.0491762750144517 0.093781903214865
-0.0139378314440704 0.477816719886 0.0389527031923344 0.0861079580743133
-0.161602885424602 0.516919947434097 0.0565373411773458 0.0645421766118952
-0.331949044272313 0.441536646725124 0.0686652002154517 0.0657882004255089
-0.542369823731961 0.335720928528609 0.00738910062263888 0.103380710837086
-0.655140371249251 0.0457402962278401 -0.0795988165895336 0.0327171096692315
-0.566324855431608 -0.33198134600175 -0.0284503001353845 -0.0109392295600292
-0.486037706356229 -0.547374400004647 0.0733117973033989 0.077773579713583
-0.334905337377115 -0.466518983741144 0.0456457359253606 0.330200346163361
-0.43543385214155 -0.417860271650097 0.109900525334334 0.202351710451024
-0.58640174040903 -0.18343032162657 0.0384728540627051 -0.0152919317564308
-0.580882761749783 0.108412577695347 -0.0610306109056141 -0.00355305226138245
-0.455145486910387 0.298183390310431 -0.143207270245999 0.114514609448635
-0.287448559269541 0.411400482530135 -0.114175967563485 0.211922345133217
-0.106244883448641 0.444574718605432 -0.0318836294532965 0.270472278806803
-0.0573795594422415 0.40576252161896 0.0226919675878485 0.282828039979475
-0.0387500550645457 0.406958178862985 0.0156739348058168 0.261336381646348
-0.168273093772958 0.424696668900739 0.0180138354372437 0.208054123276465
-0.308948262436191 0.336846070680584 0.0112271737600012 0.158785589147123
-0.451156576124189 0.225386307141697 -0.0112007459804445 0.134610743623899
-0.51293474141116 0.0162822197680874 -0.0292006439027167 0.0574702838500014
-0.459772988838812 -0.264575322315355 0.0853174950457611 0.0457766838539811
-0.430289776791928 -0.449225206878637 0.199606885002327 0.248875856952917
-0.27126616344073 -0.294351705827441 0.127080244453432 0.523109195208496
-0.322590024910446 -0.232963920889445 0.195964626799185 0.3224414511461
-0.386291439800708 -0.0762849845476045 0.0744480471065712 0.0635497774619675
-0.354764598042964 0.0844485311626756 -0.0660619140850767 0.0406545863848341
-0.293178732129822 0.188429111808522 -0.199436058381803 0.18360246050785
-0.196966785936656 0.274701754829325 -0.168172137820769 0.334748490769011
-0.0836555451590797 0.303210231626526 -0.0706971582328792 0.416717900083697
-0.0572409948391748 0.281539211499878 -0.00810569781151861 0.4304097468622
-0.0585625772845659 0.279456911866446 -0.0227846620328229 0.395524469775323
-0.153101825373487 0.276164086330847 -0.0451967209575832 0.309840483537842
-0.242035816860745 0.18867082408463 -0.0703747026243302 0.209938075371739
-0.296722680283901 0.088158230525704 -0.0483366319814752 0.130751021676309
-0.304113132694851 -0.0144046943386671 0.00462551011382707 0.0644208635928518
-0.293219320934533 -0.164191735135073 0.163367766772179 0.0838082070562744
-0.317175499695631 -0.289504517633264 0.29390173735202 0.37315300475012
-0.152536859565673 -0.076967707223992 0.18284990805482 0.637850383601428
-0.138643983610864 -0.0235382525479303 0.263795724367614 0.391480575266751
-0.117915918072548 0.0190857284912067 0.119955404974991 0.12660636147184
-0.0841045294427467 0.0239667042180173 -0.0437270237709157 0.0732690887053935
-0.102355488056068 0.0399035004361426 -0.206745539933246 0.221353072559719
-0.0900122227947215 0.0915076867965627 -0.176565428053468 0.402287527049961
-0.0559956180900599 0.114245189401053 -0.0881742618996134 0.496906209025493
-0.048850836003494 0.115206993902476 -0.0365681510501205 0.51161390082291
-0.0580621376902206 0.115333709929862 -0.0694372460226152 0.468968453871559
-0.0984597804664163 0.103161497760645 -0.123331996829326 0.360211163891865
-0.12730939951522 0.0452273796997291 -0.158807112025538 0.214906485369686
-0.100913636524203 -0.0133015736334831 -0.0875700945251845 0.0971432260399058
-0.0832223581238735 -0.00314018905467204 0.0276109315557719 0.0604139525964953
-0.126244796900093 -0.0263327678707877 0.204188034479209 0.111960972252061
-0.179277375277274 -0.0904933597744102 0.346931722689999 0.436380558855672
-0.0152259812581905 -0.129599792107244 -0.369390265245122 -0.406878714319066
-0.0443612215350665 -0.133220352749999 -0.284457859370972 -0.150437766243837
-0.120813100699001 -0.050038557804139 -0.0660413226290862 -0.0429316017413355
-0.104109969308324 0.0578907983865779 0.0683819684629745 -0.022298208696086
-0.0323212939147049 0.0806244841195985 0.20716147492295 -0.175604465713022
0.00822358078785308 0.0708086836984014 0.164235129754971 -0.354545353612435
0.03748270372133 0.0683732650452196 0.0838558007093579 -0.45876684443671
0.0372909626353928 0.0668880627915001 0.0284748668027741 -0.507452671717495
0.0396649480081467 0.0872586130044479 0.0412057072381726 -0.496366329194314
-0.00368837976363385 0.111346836043465 0.100846113611521 -0.414838077709882
-0.0479312214274027 0.108400358195293 0.144270403694068 -0.265471096864034
-0.140645014615912 0.0866441154293429 0.0313975058945349 -0.118607262954629
-0.160399029916708 -0.0458226598664959 -0.153711384347828 -0.15382579944089
-0.0435261665114357 -0.145734555210342 -0.268824347020337 -0.309734345126864
0.00962001500925203 -0.133188316920119 -0.233274463362047 -0.604938154221159
-0.141941080051449 -0.295328941111088 -0.314777839645001 -0.388739420108462
-0.182583190761364 -0.276656414840028 -0.247207768114056 -0.176728174552552
-0.303343248113577 -0.114993225614082 -0.0798806882034079 -0.0799069097667592
-0.299649507864609 0.0869623053629631 0.0521751438952377 -0.0203426370457466
-0.192664181876385 0.192426547915141 0.19967363957133 -0.14174326454269
-0.0871742652618536 0.230168485156976 0.168432225052487 -0.308554130526888
0.00916505514486115 0.247623674266855 0.102709694866333 -0.401546622807606
0.0260396034060678 0.237852818661485 0.0460251109253245 -0.435324002832769
0.0369253167282867 0.263503687518498 0.0402972278974673 -0.42386806516548
-0.0623116941142599 0.300158822405693 0.0888659347967532 -0.359826932011073
-0.170036970401014 0.262716518706269 0.133420123587637 -0.228119197192783
-0.334635933527063 0.200541615118858 0.0136228881085206 -0.0725063572579626
-0.397307310843425 -0.0298864992960612 -0.186206419202678 -0.114744805312597
-0.267043595769673 -0.272034508087495 -0.289728011419672 -0.24810398451357
-0.179166672117815 -0.337530997570033 -0.237886614617819 -0.488354658276628
-0.24751426621693 -0.432431369771722 -0.238575161014959 -0.289884842664606
-0.306546325078514 -0.405791374408858 -0.181907785237917 -0.155981373072151
-0.470262598806706 -0.181996109927746 -0.0722123056426564 -0.110673212060553
-0.485345051234921 0.102125943883767 0.0284096892280898 -0.0323400963167662
-0.350602452916332 0.285559797173825 0.15010941243374 -0.10084533958451
-0.186147612130052 0.366521183147701 0.132817140786436 -0.221885363206339
-0.0265296225070511 0.396532970112022 0.0966443678194641 -0.282956764708232
0.0121397770934879 0.373034825931082 0.0557267053047158 -0.296169414561672
0.0386418049592177 0.394996089762808 0.040151587526805 -0.286218156676933
-0.0918994243158803 0.446961593217734 0.0753989768304489 -0.249812614982522
-0.245529811570768 0.395022780228289 0.115283926452611 -0.155516862177725
-0.464289568139352 0.319120628512542 0.00891434257578728 -0.013754018039404
-0.578042641795893 0.0254995691512862 -0.179306901658182 -0.056891789027283
-0.460203251366393 -0.326489266178407 -0.250831817762317 -0.16247507476483
-0.355144171334353 -0.472030759126249 -0.179231911585446 -0.313399091927245
-0.327020736073257 -0.514887937295321 -0.145871566097643 -0.119537361032819
-0.417308770700391 -0.48456319173235 -0.0923897232403984 -0.0755765215339472
-0.603135246401386 -0.217164413143239 -0.0438317124988369 -0.114907875143372
-0.621417976411637 0.125980524529297 -0.00156718599005884 -0.0435645859704347
-0.463300190505918 0.352159349648042 0.0638560968753394 -0.0456243359931775
-0.25912073600642 0.458504673836448 0.0632432717483856 -0.0958440365514846
-0.058066468462142 0.488458924533394 0.0687707885831233 -0.11642620447603
-0.00171423167949067 0.449243382628634 0.0579483350535148 -0.113340030740161
0.0342314973650817 0.465029357219442 0.0429348362624674 -0.109345092633871
-0.10771199680581 0.521975020565363 0.0676101646327096 -0.101388240184258
-0.281572690255839 0.46730343987573 0.095559877959378 -0.0542371070964311
-0.521041045225022 0.386739060019282 0.0149669741956565 0.0489946205741349
-0.661373259074836 0.0807465662762626 -0.136373471370579 -0.0013860495344873
-0.571674153043495 -0.322558078663411 -0.154406118604701 -0.0750098514987052
-0.470755601410419 -0.522740569662488 -0.0642663659767801 -0.116226277407298
-0.367782942134168 -0.51466444139096 -0.0418475916418337 0.0963821663776661
-0.473994680448067 -0.479020029166989 0.0132576352130735 0.0503347068200198
-0.65342568619866 -0.203619584579536 -0.00455342468429356 -0.0826682412917887
-0.656435827783852 0.146198231475435 -0.0345377340368589 -0.0356710017497598
-0.490500842409145 0.370586820426075 -0.04053026343669 0.0310411598884175
-0.282302038915589 0.480393259352203 -0.0218694634522834 0.0574892799831644
-0.0730199393160141 0.504477247346606 0.0278837320696893 0.0750636714998084
-0.0152982607807144 0.457396514127789 0.0535871262705984 0.084888906745662
0.0177443377017229 0.462354274345214 0.0447181489782396 0.0793992357478293
-0.12163562050284 0.512641621869626 0.057816999041525 0.0579476818767444
-0.290689958750937 0.449363416718082 0.0679987434051717 0.0565083618721804
-0.504251299286739 0.362723765340987 0.017119898713593 0.103046247981857
-0.627028344917361 0.0884674351734295 -0.0776052618445824 0.0384108681482086
-0.567724337120857 -0.284095934506177 -0.0303736425487987 -0.00775438749071424
-0.50178441611536 -0.496230543366811 0.078173744658218 0.071584047477896
-0.35460743497738 -0.429586831128143 0.063209655355931 0.316574980530929
-0.448896912185984 -0.377159669493463 0.119234913057214 0.187633129550449
-0.5756857290601 -0.134911227349628 0.0339242791123669 -0.0191252365239712
-0.552093386872871 0.144240945730416 -0.0596641767107765 -0.00288636929429016
-0.417972896654329 0.320968771585628 -0.13102966686375 0.116723315651611
-0.247944313648594 0.417220830737391 -0.0969899776366079 0.212721337996154
-0.0737062788298644 0.438080497882888 -0.0119130278959818 0.259735582666389
-0.0283200147824517 0.39637821058821 0.0415208623728954 0.270640743649713
-0.0111288287150896 0.396466856297 0.0345512433272138 0.251223473713601
-0.133847508756633 0.422758629239526 0.0300828334333535 0.199761322763176
-0.275624364147062 0.347937368815495 0.0194040446979703 0.151014362070763
-0.422610642247449 0.249604711540113 -0.000213256046054251 0.134165733028258
-0.491582877377392 0.0506270986489899 -0.0265924758457881 0.0581984011404829
-0.458756417506514 -0.226049829191269 0.0816910476992079 0.0393846721057841
-0.442303117096056 -0.402385350477576 0.212448580622543 0.22862867995796
-0.283401523644815 -0.267314826199207 0.15559954642914 0.49864902139959
-0.328956428669853 -0.204351887944034 0.209254820438484 0.300312149519498
-0.377888794625279 -0.0440532001264012 0.0736352916696119 0.0552010444146253
-0.335348736846263 0.106767225738208 -0.061962579887975 0.0403572305516634
-0.26902156394983 0.20412708933666 -0.18089442036276 0.18869062422677
-0.170858289291049 0.281099607188826 -0.139979738415258 0.336034092627475
-0.0615319966311319 0.300077214233639 -0.0391009212735775 0.405046918358846
-0.0364488075721493 0.275757155771223 0.022302481089508 0.415367881105216
-0.0383263221849042 0.274447731828166 0.00673372735098247 0.38418190073173
-0.129421747458402 0.277548328060821 -0.0240354842649616 0.303936835860936
-0.220744672532182 0.200154621677221 -0.0561944277424448 0.207486958861349
-0.280647092846765 0.105624189646156 -0.037319835604463 0.132149397861791
-0.292079138413033 0.00776251763670016 0.00720036177656238 0.0613465677005597
-0.29245865684789 -0.139289044931985 0.159676339853748 0.0705658572108595
-0.322960093928303 -0.257285965842049 0.31084147955868 0.342735736769912
-0.155110094308097 -0.0647088254473168 0.218474294322273 0.607416640748811
-0.137038834672075 -0.0129192919365656 0.279605417076489 0.364096348773003
-0.112265338209073 0.0289827033568391 0.12221892558066 0.113153648592535
-0.0777086800573326 0.0298433883442551 -0.0382481088702896 0.0717712644131574
-0.096075537000492 0.0458864298274826 -0.184901960625506 0.228122344408437
-0.0797873015887819 0.0962668017957274 -0.145041660591718 0.401429969766605
-0.0473491913655926 0.115554160628996 -0.0515038177165998 0.488122677903502
-0.0394404069941448 0.114206728771737 0.00103134501498309 0.497289047423983
-0.0488672699983727 0.114984689315239 -0.0329783731764074 0.460184553428567
-0.087692143153942 0.10616290702958 -0.094925821826991 0.358652143053801
-0.118843530430452 0.0533015438398364 -0.141178002198967 0.218924989066222
-0.0969599131318486 -0.00576380067607037 -0.07804254799572 0.100788438600116
-0.0796140066581982 0.00323569102949129 0.0297644463931308 0.0558868337465179
-0.122839006725321 -0.014897290931221 0.200921624753838 0.0948671104071592
-0.179436888345614 -0.0753135627660259 0.365218336129162 0.402485561341833
-0.0154461516531549 -0.124190804801442 -0.370072025170379 -0.384766094583464
-0.0457405352719891 -0.129068124426126 -0.276687345496526 -0.138965174924331
-0.117718864073762 -0.0461325112690226 -0.0639044005920066 -0.0389061996561039
-0.0986454126225705 0.0588080494903804 0.0646666651992644 -0.0226419712350795
-0.0281558301461032 0.0788933775898103 0.192531040300777 -0.176127233048172
0.00972957111141667 0.0662576242635239 0.146193808493345 -0.348278892477717
0.0382918427658781 0.0638365098963469 0.0654397501965988 -0.446378872450928
0.0383159098252559 0.0635172655290597 0.00919344158225315 -0.489885844974497
0.0407515685542468 0.0828274769456306 0.0226625630967363 -0.480214528553579
0.000172368768597303 0.108852703713783 0.084975196543316 -0.403942260063787
-0.0434855558838543 0.10586793137185 0.131807845661578 -0.260603907639097
-0.133378744962486 0.0882906483562294 0.0271572911706441 -0.1149539177711
-0.155710515075471 -0.0388970799319927 -0.152682459156451 -0.141294888613501
-0.046549106984012 -0.14107793145294 -0.264678010373291 -0.289352089829043
0.00619487403028272 -0.128230141021049 -0.239974085564599 -0.576226887325
-0.142071744251222 -0.279087598215461 -0.316590334518885 -0.36796762393362
-0.182377847997318 -0.262445996625562 -0.241324230246965 -0.166389993276774
-0.293377020516142 -0.101801909224001 -0.0790069791348359 -0.0737661015752965
-0.284579395178754 0.0931856870119 0.0490193476401213 -0.0209433805451427
-0.178626583397766 0.192192876453948 0.1864634136583 -0.145055598897308
-0.0760314189223536 0.223286462215016 0.151128183926647 -0.30327857193962
0.016992133316371 0.236907330219794 0.0853702513647114 -0.39315997063928
0.0330412203571365 0.228438154658254 0.0274693969032501 -0.421110178129721
0.0437597304478478 0.252379146758063 0.0250354243205554 -0.4108819076553
-0.0501681194562131 0.292288198838441 0.0744563834046985 -0.351096495388835
-0.155899731465567 0.258801679466604 0.121035779944181 -0.22531237667122
-0.316967598807922 0.205156609702928 0.0120677950310569 -0.068791247327093
-0.383278121283643 -0.0161764505118092 -0.184099422676393 -0.102756667986357
-0.265239357043768 -0.257620882713641 -0.284444261235357 -0.22910967705252
-0.180487869686392 -0.318287104903388 -0.241215552264982 -0.463725784560319
-0.248649466508888 -0.409277976187743 -0.241394832583416 -0.274766776727988
-0.305691473737295 -0.38268025191847 -0.178881191615582 -0.147574743220591
-0.453965479709389 -0.159077657079357 -0.0733018372240793 -0.104164623546773
-0.462067473918232 0.113749366880995 0.025289293416029 -0.0331819836792849
-0.325732915075495 0.287251022464715 0.140807644851814 -0.105380086080978
-0.166463418294512 0.358036813283255 0.120204948168262 -0.218640458868443
-0.0129087696437328 0.382535453758089 0.0828626736446384 -0.280362930186857
0.0232713956247399 0.358826928214371 0.0412206299882305 -0.287997181278285
0.049906088585287 0.379540940850617 0.0288022188316744 -0.278502884267945
-0.0740324529351664 0.434564685086937 0.0635251480917429 -0.244269404071327
-0.223377925687186 0.38835337307554 0.104085509207344 -0.155692852795822
-0.440687750202578 0.324111902901803 0.0108149644563618 -0.0107645781284477
-0.553111342246636 0.0446945829577194 -0.17689725696428 -0.0481819396850446
-0.452514727251192 -0.305523436021782 -0.246414574880484 -0.146183570161498
-0.352464774247923 -0.44188532043203 -0.178952957338464 -0.296618711558896
-0.328086761563661 -0.483916767681806 -0.147657455403557 -0.112173041919028
-0.413607021401893 -0.454850437708939 -0.0906708481886268 -0.073055259469559
-0.583288035574495 -0.18967009472712 -0.0470472251124802 -0.109939673081279
-0.591409667101915 0.140777470538615 -0.00393651404679638 -0.0439777734169031
-0.431140675563934 0.355405013407598 0.0593256629277591 -0.050565564223712
-0.233190736759525 0.450364995807041 0.0570665407194719 -0.0953626878933564
-0.0404195867834729 0.471859709316216 0.0619906487045921 -0.119163540339102
0.0134486765304028 0.433231335379053 0.0499927226300333 -0.112625166795247
0.0479074980658966 0.446150742879977 0.0380144338597911 -0.108551791802069
-0.0874890517106699 0.508269126698623 0.0610278900371934 -0.100920449176151
-0.256660399856841 0.460182025843682 0.0881957169589596 -0.0571541693540935
-0.491654061743869 0.391518109157934 0.0186469104071193 0.049201397531451
-0.631957038083864 0.0982541667119138 -0.134068736952489 0.00456556759308792
-0.55866039410155 -0.295639760768819 -0.152194471404657 -0.0660055956493192
-0.464662070236718 -0.486148969609291 -0.0622757095542516 -0.10991957808467
-0.368500894582894 -0.485166937094113 -0.0400449405073606 0.0929266866626066
-0.470642889121714 -0.448218567988078 0.0148271374714901 0.045928033336894
-0.632820701374851 -0.172681569974811 -0.00907446793629818 -0.0804393660844864
-0.624503150617772 0.16186557588966 -0.035236849916812 -0.0365156618033585
-0.457053906461932 0.373573638875524 -0.0385307357295136 0.0270579539372536
-0.254536992913839 0.472050825733516 -0.0198673929224455 0.0555422541813902
-0.0556152398232708 0.488738871709084 0.0289914763209918 0.0670042633496008
-0.000197902231237993 0.4408534879773 0.0529140192180989 0.0783719465387427
0.0310084654405835 0.444036596681924 0.0459417689951229 0.0733475724523512
-0.0995542666891449 0.497616755991923 0.0561853387235629 0.0535928266407845
-0.265596120955149 0.443419169604045 0.0648349405381326 0.0506938768415077
-0.474820138344931 0.367523268863228 0.022705017077869 0.100833628957593
-0.597051244237801 0.105595159484692 -0.075788099668544 0.0405022181747754
-0.552613129026322 -0.260567185543457 -0.0323947992340381 -0.00457902644870957
-0.493305285481157 -0.45885381376595 0.0807899695417916 0.0661975048494284
-0.354320563076918 -0.402316603206576 0.0680394521476212 0.302432351780624
-0.443436103209577 -0.350341644880509 0.119767474272625 0.176465737988686
-0.556773791379476 -0.109155794787099 0.0298242873846462 -0.0203211870109834
-0.523873847717202 0.158019922766891 -0.0585467545652029 -0.00454659014156729
-0.389607443527098 0.323585182735037 -0.122500203839229 0.112890345258845
-0.223515423024223 0.412499909163289 -0.0868413196957004 0.207821025131145
-0.0576160744628462 0.425585140550135 -0.00321023063516078 0.247284076785405
-0.0146842537330429 0.381871581298994 0.0477176810113666 0.257506190172958
0.000633766510989236 0.382405802496881 0.042279525867774 0.239581546273459
-0.1157913472685 0.41268476921869 0.0347506090363737 0.191871284702383
-0.25363471578707 0.343977701329755 0.0201251028949355 0.143740749165411
-0.398443349676753 0.254432148406698 0.00590629369837481 0.130955632428674
-0.468330099880628 0.0635013515070105 -0.0260761102759902 0.057829580228758
-0.44643910114188 -0.205187755613844 0.0761153964151233 0.0365329341627611
-0.433740630232183 -0.371074202912787 0.214261085432935 0.213924761678328
-0.282626850781679 -0.249536037594862 0.162807897755286 0.474908995719464
-0.324028453732537 -0.18639297126654 0.210024375615235 0.283244450776133
-0.363133372125621 -0.0278069428316921 0.0701379826504435 0.0500152524650195
-0.317398841918521 0.114274954194134 -0.0600513124466697 0.038085681330934
-0.251351662802796 0.206394016812428 -0.168318893912416 0.184985218490746
-0.153484868595024 0.277098009130196 -0.124821599341055 0.328558118694561
-0.0501588801466567 0.292284916441887 -0.0248114687806623 0.389871388452419
-0.0266823084119046 0.266493469470965 0.0360297905634887 0.398698060642255
-0.0289555651795373 0.265637500117503 0.0198275046096819 0.368449828625601
-0.115712894423837 0.272257706556565 -0.0138047631663312 0.295122582250695
-0.205182231413136 0.200291040365542 -0.0497284269466738 0.20129381480025
-0.265767379687022 0.111151194186089 -0.0306300167444176 0.129875861243581
-0.277012000810206 0.0165938190226523 0.00667426023557387 0.0590295050251755
-0.283814261733511 -0.125474514551252 0.15189349091665 0.0641409459669755
-0.316697370571744 -0.236855463713344 0.312453829490601 0.321527141473082
-0.153524015616029 -0.0575976673974464 0.227456041122384 0.578068186980598
-0.133717704369528 -0.00744498569943974 0.280456762803624 0.342645892883473
-0.105833124964489 0.034336878291721 0.11853446733824 0.104478489629636
-0.0722369215337039 0.0311304718647408 -0.0356384098406099 0.0684446316756483
-0.0907123188569101 0.0475546103266014 -0.170742752298993 0.224093527198194
-0.0725501756824416 0.0967219297829405 -0.126953195917902 0.392796443790441
-0.0420868703753735 0.11351873609447 -0.0331999663685167 0.470758540821181
-0.0346865195192688 0.110622586210147 0.0183886262536273 0.478535923051657
-0.0431987278044806 0.111801589710699 -0.0158043336215178 0.443760500476527
-0.0806505573734929 0.105024275162624 -0.0802321019055478 0.349957798792946
-0.111128714972087 0.0556194692201608 -0.130123970648226 0.216738674592882
-0.0922379248395894 -0.00224343122362349 -0.0712309058885778 0.100481703415325
-0.0751980199751446 0.00657376866288425 0.029723230888049 0.0521565779298877
-0.117577096580727 -0.00952362110512949 0.192980981974855 0.0858613318960732
-0.174430764903375 -0.0667635526592201 0.365504289815637 0.377217440656302
-0.0130550242339295 -0.122065004763153 -0.370725526670941 -0.378485939741687
-0.0446975366004225 -0.12805081832822 -0.272951119025509 -0.138236547604826
-0.116005218320175 -0.0461926861723062 -0.0622810477961248 -0.0375468656017158
-0.0971941957352829 0.0583103948430343 0.063190080264673 -0.0220436150350558
-0.0271077876118295 0.0784251420486117 0.186522889749201 -0.175966282168968
0.00974549771727315 0.0639384590811152 0.139330742129081 -0.344287887718239
0.0388592837522111 0.0617269982617069 0.0587759387281459 -0.441790398107759
0.0389042715388684 0.0623263925237201 0.00240362623823237 -0.482625787061293
0.0413005450006877 0.0816351426607799 0.0170657697123635 -0.473887065672939
0.00198270179003307 0.108385937959419 0.0799046085233679 -0.398844187756792
-0.0429614411694449 0.104923369242033 0.128638607625122 -0.258206917835759
-0.131767293778923 0.0879370717414896 0.0258965285883299 -0.112373373942328
-0.153076789483473 -0.0372365572907105 -0.152221230267055 -0.135943212708722
-0.0472683642485432 -0.141010278940791 -0.259327614059504 -0.281670147502072
0.00508525288418896 -0.125365854787719 -0.238446543262461 -0.567007892424429
-0.138550182550991 -0.274166939144692 -0.318532213448521 -0.363048668426762
-0.179772120175474 -0.257872048399257 -0.237673520523918 -0.164943459469853
-0.287640179389837 -0.0984402167455918 -0.0786126482695361 -0.0717682388380454
-0.279046576674794 0.0939147972954413 0.0473483257455914 -0.021121416888796
-0.172007351229959 0.191574834781838 0.180803822388295 -0.146336214655387
-0.0734244891597023 0.219358561953623 0.145328864937304 -0.300746944856558
0.0185672285745581 0.232778682227777 0.0787972483581038 -0.390802816382298
0.0351170397625172 0.225266088917917 0.0208026885296778 -0.415633163178836
0.0458368666006552 0.248854301599114 0.019007000292182 -0.406506326496721
-0.0459887472827375 0.290205510678908 0.069862293116404 -0.347803292556123
-0.152560081530187 0.257191586182836 0.116812997870877 -0.224229546485974
-0.311231087808195 0.205501257653129 0.012489219158544 -0.0658075816064751
-0.37574483673935 -0.0126523391707239 -0.183753190179534 -0.0976403853229319
-0.263279758349288 -0.254647141786644 -0.279693486787011 -0.223152720237193
-0.178287801451707 -0.3102269964612 -0.238380357098084 -0.455738601942089
-0.24486738949278 -0.401562065487249 -0.242648525865588 -0.26990257941991
-0.303039968912298 -0.375620940552613 -0.176037464247052 -0.147180677828415
-0.444128621664419 -0.15266877881995 -0.07347163472024 -0.101562925196792
-0.449315321338689 0.115496506299736 0.0236874000481815 -0.0331777396431513
-0.314611556177378 0.286569235115827 0.136301156421851 -0.108357870241555
-0.160169748683584 0.353296854872923 0.115131940677591 -0.217230571593706
-0.00947565751815053 0.376278332143597 0.0782882499747174 -0.280421193234479
0.0275126441998581 0.352886327353646 0.0364859716585857 -0.284223878419096
0.0522487399395779 0.373533924736578 0.0237886566020271 -0.276243847654294
-0.0675648253083536 0.430702019786221 0.0597201631929907 -0.242457009342329
-0.217059165890404 0.387512405034696 0.0997920646163073 -0.155713098974067
-0.431248448799445 0.323418901512895 0.0125250986173874 -0.00864715772972273
-0.541181746120262 0.046695217046227 -0.177044310778947 -0.0434175095709056
-0.447580446360856 -0.299919242520651 -0.242748142442281 -0.141203573217755
-0.346751692381845 -0.43077928494682 -0.175732685039106 -0.291695433836096
-0.325200890543443 -0.475724671978799 -0.148250987412919 -0.111627754365157
-0.409036091946384 -0.444111496067886 -0.0893518143617978 -0.07436516040802
-0.571653261748237 -0.17946319550502 -0.0481394637339373 -0.107873960522518
-0.577935438033694 0.141841808877703 -0.00481754702826716 -0.0450028854425234
-0.418675688606694 0.355711771800675 0.0569922277975863 -0.0541811803725061
-0.223449881496258 0.445052310740835 0.0545303319006722 -0.095060242214444
-0.0354042907916669 0.464575025534061 0.0586469639035251 -0.122110531827046
0.0168534108693947 0.426283604519417 0.0467637060453878 -0.112040883017236
0.050157756466592 0.438792431632431 0.035204615349135 -0.108222542221324
-0.0804759774737152 0.502646240272365 0.0584520551488097 -0.100488219474578
-0.24912269442639 0.456259607586324 0.0833670811598763 -0.0588295132444446
-0.480371177612529 0.39200131895457 0.0214544307095606 0.0507469750145483
-0.617299152254103 0.100701258230791 -0.135111773312466 0.00756125469807555
-0.551062767797719 -0.290232411823143 -0.150787519223727 -0.062195464600815
-0.457537978154676 -0.472797075376572 -0.0589060910609857 -0.108672425394823
-0.365902272429841 -0.475805460317067 -0.0410398615325764 0.0904478193101077
-0.464810409891769 -0.437616580516686 0.0145162081112116 0.0426931214992743
-0.620584529159957 -0.162658549329548 -0.010825341600571 -0.0794313549280831
-0.610974242814086 0.163335301202759 -0.0362940202404566 -0.0378062634647713
-0.443968192158202 0.373678660144876 -0.0382405651602982 0.0221798437523795
-0.245043104261351 0.467218315845864 -0.019964186391569 0.0533752391012056
-0.0495568638972513 0.4829321454927 0.0284062986479892 0.0612679566252383
0.00350442821940555 0.434145833722995 0.0522216927162323 0.0759511279132371
0.0338856774274561 0.438121228650795 0.0456576780117068 0.070260964707374
-0.093802510319714 0.493682083258517 0.0557984734739422 0.0519423474471834
-0.257435201252723 0.43972649933738 0.0608649059854838 0.0482763067390097
-0.465016354524125 0.366569327175498 0.0259232059939407 0.101058687037631
-0.584362425462964 0.108479072809811 -0.0777318736257093 0.0424679754689367
-0.543867756721554 -0.252789201432035 -0.0338603554589861 -0.00283929899064688
-0.485460498378589 -0.445894812116133 0.0832759863940937 0.0645491949713627
-0.353668792299547 -0.393732073314537 0.0684510839603748 0.296265205045905
-0.439584138457238 -0.34145892613531 0.119135528430887 0.171319198686994
-0.545519629452092 -0.100202196322201 0.0276393540234693 -0.020999633122888
-0.511888954761943 0.15961124261738 -0.0594756726332067 -0.00697964375284869
-0.378840808604815 0.323731824699764 -0.120939521884196 0.108819064538275
-0.214082739955471 0.409386153760816 -0.0845128008549652 0.205003057065595
-0.0529978111282555 0.420895449364419 -0.00104950833322757 0.24014552112786
-0.0117383346424643 0.375952354180714 0.0494961309920141 0.252309261981893
0.00438954844526895 0.375927076997579 0.0442922055384666 0.234847672320408
-0.110015922398883 0.408554722887974 0.0351461214113138 0.189580634751536
-0.246389706648768 0.342349134946753 0.0179411655803855 0.14080328703597
-0.390264654412422 0.25604298862873 0.00978853585552309 0.130634523622669
-0.457189513592132 0.0670167042988549 -0.0280993385796331 0.0579665651535896
-0.440110320553711 -0.199112555730747 0.0725024278068918 0.0364043831605427
-0.426121675386529 -0.360312188874878 0.215853346390098 0.209014034957475
-0.28125360779365 -0.242995180608781 0.164873383898383 0.467046066085934
-0.321292462336818 -0.180876872535433 0.208770916112219 0.276766444111296
-0.356167974954496 -0.0211415797456188 0.0672931643635047 0.0479210097449106
-0.308763341889171 0.115957880186734 -0.0609633739440687 0.0352686284922658
-0.243978291116707 0.205555946362629 -0.164753445918683 0.180993120519728
-0.146834068535279 0.27598232202086 -0.11955973535951 0.323789252770306
-0.0464799803425811 0.289754160902644 -0.0210115271255415 0.381341148871423
-0.0249939640969705 0.262024639511139 0.0395165073010268 0.391143843729652
-0.0264007892906356 0.26166107157306 0.0243733715615289 0.362829658357173
-0.110659331639327 0.269236033821045 -0.0106860892004105 0.291930094003809
-0.199296341613995 0.200303142339653 -0.0498668735378907 0.199641431314901
-0.259243308666544 0.112993686378861 -0.0276826127476647 0.128949026848536
-0.270694106223115 0.0192120078507186 0.00544363780225978 0.057608811881219
-0.278588197583758 -0.120780288410615 0.146353515016385 0.0624790733467216
-0.311252040653355 -0.229260540469888 0.313514163168825 0.31424719005772
-0.153881982305217 -0.0550502613599437 0.230642168367608 0.567729232162222
-0.132353437791991 -0.00597569769150509 0.277035440155642 0.335545439577628
-0.102595313243496 0.0370612625015892 0.115720599192671 0.101613265647221
-0.0693234130549085 0.0312782896995497 -0.0359696314176432 0.0656283513500342
-0.0885574623861654 0.0478370827167278 -0.166581518698314 0.221516382537282
-0.0693622591979684 0.0967251567651561 -0.121771275879307 0.388340183810444
-0.0403228340375001 0.113379307685154 -0.0283188200144389 0.46308100628115
-0.0342491529092551 0.108932985937221 0.0236372064989454 0.470154248389555
-0.0420006621131293 0.110394871876189 -0.00937070252647765 0.438008493469007
-0.0784460679443886 0.104092267639315 -0.074555437846872 0.346829867377046
-0.107733124842629 0.0562196458978268 -0.127206005285683 0.216440845101629
-0.0894338549947925 -0.00093883540685076 -0.0681801004915273 0.0999006755845843
-0.0724813847106058 0.00845821066243068 0.0292243553920489 0.0500365498613907
-0.114746074038083 -0.00748588637602553 0.186641335676235 0.0838164138498746
-0.172500685258343 -0.0638024498927341 0.36655141354095 0.369676529053962
-0.0597375779909709 -0.0984766828825467 -0.511487687390233 -0.194819915796472
-0.0904154499282087 -0.0950463014636394 -0.31407122004018 -0.00892627233127963
-0.125152611188923 0.00491929282327886 -0.0760839232069812 -0.00278565441164257
-0.0638166020040184 0.0919154252629964 0.0475364597769509 -0.0424462434031477
0.00501481960548887 0.0825483812148661 0.09148184824801 -0.241639671527223
0.0320675822869007 0.0548480051856204 -0.0255821714036029 -0.37499351851932
0.0612539789080238 0.0378126861632458 -0.142555498712208 -0.430465655543627
0.0619849813476471 0.0443667609093706 -0.216454353726128 -0.439862225049775
0.0745515564993811 0.0566900815430531 -0.200486117878276 -0.438924637403975
0.0483336135005646 0.0990468185241135 -0.108805825766507 -0.399183981635852
0.00344985879624878 0.115588427981249 -0.00200259336186174 -0.292814249234212
-0.0816737897003303 0.137027755937433 -0.035247545055821 -0.118394707558847
-0.159355818685623 0.0285089960135324 -0.195737136986862 -0.0608563980420071
-0.109749921747272 -0.11466780445526 -0.347482074731946 -0.150328629140464
-0.0557722833437806 -0.123561338882155 -0.455678462231843 -0.418886821581304
-0.236711227058257 -0.187479169227157 -0.462767358505756 -0.200389359033183
-0.266193640942917 -0.156757045600079 -0.298656130219231 -0.0457773672087168
-0.30112220574393 0.0285149455194712 -0.110580127470037 -0.0195976267549043
-0.209563677824443 0.198941639375253 0.0275226091875944 -0.0265741604165886
-0.0777148734441006 0.24530141630924 0.101286419694535 -0.205539232942709
0.0233253115725253 0.232287439920654 -7.68852703796995E-05 -0.333325065434051
0.115734215877988 0.202850478018481 -0.0995820369947568 -0.387347771268847
0.126118250250367 0.198046569508552 -0.170135524631216 -0.386031867988576
0.149249375890181 0.209530560163517 -0.170876215445198 -0.376614910030512
0.0826208265555159 0.288496753004047 -0.100757936084692 -0.344758776919291
-0.0319034381696888 0.306071490746881 -0.00650764015177371 -0.260230615795035
-0.193705831734979 0.324851566501087 -0.0406568559906293 -0.077220669276014
-0.356584525035472 0.147216460370527 -0.211481272717225 -0.0205802056498494
-0.359965614023951 -0.12499693637265 -0.335566122902121 -0.0980101598958635
-0.312845000385057 -0.211638827897245 -0.394302423743837 -0.325226395536262
-0.385195886283737 -0.264479961135804 -0.361811346410315 -0.145745334621215
-0.425265441469432 -0.213460351410407 -0.239019883664107 -0.0537684078194396
-0.464191302961678 0.0429920987293735 -0.124703220511089 -0.0417423305771644
-0.352109814218927 0.290502172236993 -0.00450043818640712 -0.0209605862470358
-0.164735860101548 0.390628666757177 0.0781965458598788 -0.144903787890054
0.00375239194118538 0.391385761345781 0.011899325139274 -0.239727055226589
0.150694602851762 0.345965978202742 -0.0507492452240672 -0.281102288072538
0.172435448905962 0.320589944539737 -0.0984336489502202 -0.272468027787527
0.207893772967808 0.321992724905984 -0.108799475577715 -0.259803693490204
0.124213262409922 0.428760561066642 -0.0653223919969819 -0.242157142110326
-0.035421545291019 0.456467958428737 0.000919180597310114 -0.191821246190844
-0.250415195483025 0.485709161382676 -0.0262596856090116 -0.0291641846964993
-0.484626641372014 0.275656498504701 -0.18641428587946 0.0202067920150679
-0.550597184678754 -0.0853598348012928 -0.266318859083956 -0.0468396457629514
-0.524657733634639 -0.24308830560218 -0.257298085741977 -0.209068542158168
-0.487363916123197 -0.303643648899774 -0.210390617504353 -0.0383791423710768
-0.551951143011589 -0.234533446804338 -0.12959857794842 -0.0227292318596286
-0.590925722648118 0.0705375372748893 -0.107770778651952 -0.0528268504684102
-0.453457326770797 0.367745365493685 -0.0401092627803159 -0.0138312403903499
-0.228510570381554 0.496371681423326 0.0315054882128604 -0.056170717765911
-0.0141569532264416 0.503103858707883 0.0110829587585073 -0.0993392615428326
0.164895513517535 0.437738001701289 0.00292157426691021 -0.124164505432143
0.193857481118682 0.39279548049907 -0.0112311629885595 -0.11981072289193
0.23392961472477 0.385245391820292 -0.0235569361916554 -0.111615218979312
0.143490152741696 0.500177447944982 -0.00562230408901278 -0.111130447978312
-0.0356380170624848 0.537269410689495 0.0253084886881093 -0.0969721913563835
-0.264669553758881 0.570279762054785 0.00241745876212536 0.0199351995206834
-0.531244649176375 0.357602473210833 -0.129388750234543 0.0460244364459844
-0.640008775922813 -0.0287873770679424 -0.150786322409691 -0.019625853149429
-0.645622496691321 -0.231777590108201 -0.0664789148537759 -0.0973662502483768
-0.524033847441081 -0.289312743093479 -0.0261296850174158 0.10285158428456
-0.601041997924377 -0.207784588235247 0.0171581985574517 0.0406149917475398
-0.627315266730131 0.105843652333521 -0.0621648693346018 -0.0409625876402611
-0.474468181301724 0.401997084927594 -0.0662365114174502 0.00783453672231082
-0.241690577615289 0.522666717789639 -0.020360179788407 0.0572465409085556
-0.0215684946778236 0.531532385242484 0.0104973958325237 0.0707542244201983
0.158984171561141 0.460894622729675 0.0574225698128217 0.0582784163416324
0.184219564609935 0.404080697544894 0.0776799775191479 0.0491474369828789
0.21755386623734 0.392128147979687 0.0667032360129231 0.0467297566524297
0.129367954738146 0.498606258150734 0.06103517837411 0.0286306507470092
-0.049509795763199 0.524618022424797 0.0525949001905581 0.0106492168214972
-0.259787268118132 0.539486802340615 0.0306128972902329 0.0640859321492014
-0.496495764772374 0.352437973846394 -0.0627413452963875 0.0531492676553149
-0.615111320515439 0.0013679247134832 -0.0209797105703129 -0.014134990730131
-0.658589493969227 -0.191149832440332 0.138256280220514 -0.00040746297211716
-0.479394054680519 -0.223902024992289 0.166262536345791 0.246297644885139
-0.53895937006441 -0.132791165364643 0.17306159146831 0.112490972620229
-0.535957046820782 0.133558963194097 0.00194139751650462 -0.00693981790083394
-0.387849364287608 0.35650088117884 -0.0711668860782209 0.0427641469794117
-0.202249797962509 0.4517239512935 -0.0572365759315048 0.170032241122583
-0.0160447734445246 0.464704549080018 0.0188678309706618 0.235012996737951
0.130711156770333 0.407547682841308 0.109307870405041 0.232936323379095
0.146340293336495 0.356156566314812 0.155820116448671 0.209685285297134
0.16387061922897 0.347147682782132 0.140382748680949 0.195717624609367
0.0761882047249928 0.427801831821221 0.10679245778606 0.161522446733321
-0.0795871574417359 0.429021346203238 0.0590381525552847 0.113388962437391
-0.240102697288294 0.407403212016961 0.0381936849359369 0.098096240835633
-0.395900730639179 0.259303748685774 -0.00879487350557592 0.0492489171293819
-0.493923527678529 0.00705959193397726 0.0895379659722715 -0.0176217025716755
-0.562472942524168 -0.137510593216538 0.317180446846562 0.0782489502499478
-0.354007144131608 -0.116244807009548 0.334526358608387 0.363075014885424
-0.365532863331243 -0.0374629605499366 0.306681499792217 0.168139112933455
-0.329842405064498 0.126951839712814 0.0744814867514974 0.0310673897651567
-0.224660484492891 0.232135002881497 -0.0481353438041132 0.0735491626428953
-0.129068486610426 0.288182084400642 -0.0665608029382106 0.249999364922606
-0.0106765300369729 0.313788782012121 0.0381083821082036 0.356665663067756
0.0809450264137519 0.284928772336012 0.154009779381237 0.368163595868684
0.0862099960835121 0.254272071797312 0.210586767115577 0.33977006433301
0.0863936927185825 0.254994758168159 0.182180388404553 0.319538428693512
0.0152241763904855 0.298352732715358 0.114047107347948 0.273342012664244
-0.0973442628612506 0.274970872769367 0.0309114387199328 0.197791855530771
-0.185407830399443 0.218389219406314 0.0169253853313417 0.116910323408499
-0.242385542563248 0.135560361312002 0.0254765290457048 0.039951744364661
-0.308610768164081 0.0115063312634133 0.163908672124595 -0.0174205973067498
-0.393918827779128 -0.0673024016965765 0.443657539221346 0.138407032664634
-0.160054056491489 0.00303804119646579 0.448096054688582 0.4260974402404
-0.123848486571286 0.0427567784957861 0.402072677794169 0.18919877185532
-0.075921290243629 0.0744782662858498 0.1479910014809 0.0484782004993916
-0.0465870396419598 0.0565532362409091 -0.00696991032829652 0.0784978826936415
-0.055944989567534 0.0796855231144869 -0.0515522903574271 0.279234675141771
-0.01693517493789 0.117196822045376 0.0632024927455115 0.41104495167787
0.0118926875166227 0.121740924602499 0.182746943870355 0.440498661828678
0.0136197084315778 0.114591590726626 0.232920997001573 0.417554888782036
0.00733244142563053 0.121713152671318 0.187368192106305 0.402043003149677
-0.0264181859456667 0.131520661978716 0.085776093300395 0.349654640365866
-0.0742089847912304 0.0998262298398485 -0.0237902176311021 0.249898636376327
-0.0812224067470725 0.0394424073836569 -0.0198796308784758 0.114640779166216
-0.0625557330832452 0.0405575201179572 0.0462104650508561 0.0292671918746481
-0.105976512527987 0.0463209839771312 0.204278744791834 -0.00802434736027723
-0.187873819841489 0.0233962896818791 0.504266371498675 0.174030202589626
-0.0633433985954779 -0.0998024444641578 -0.536261016400784 -0.181284792792954
-0.0958019119138368 -0.0964238529757225 -0.324093504006821 0.000541337032125069
-0.129480784179982 0.00863206317184531 -0.077364430824081 -0.00115783927476956
-0.0624045454478294 0.0965728387566424 0.0474307378603827 -0.0454604338164584
0.00890907104606356 0.0850296286360196 0.0826406561349161 -0.252445367846071
0.0340723887738676 0.055268136326701 -0.0426585195399876 -0.384835097469387
0.0639383602695646 0.0355224801894802 -0.164609358736605 -0.437568843626609
0.0664761852919874 0.042403067264788 -0.241381121307227 -0.443531080308577
0.0792582314736249 0.0555995054848564 -0.224760493265195 -0.44331646434354
0.0547315401383012 0.100096645891273 -0.127497155898453 -0.406711719575917
0.00723007859747523 0.119755800906089 -0.0119289252415474 -0.302384307168119
-0.0799495395670146 0.144987213642275 -0.0405328806943083 -0.119363886079344
-0.162659122410014 0.0338342753913544 -0.202065645451607 -0.0536231911237473
-0.117689007951774 -0.114449505824861 -0.359684049841805 -0.144806178549969
-0.0604101375759051 -0.124196887535023 -0.483304711391559 -0.415678850271284
-0.248264782752543 -0.185309581293997 -0.488469584125321 -0.190346075319589
-0.278139294097967 -0.15377921835261 -0.310213520878351 -0.0384466563315061
-0.307003971353408 0.0387324537440484 -0.113416318249946 -0.0168307003665405
-0.207538309645834 0.210686870249774 0.0272844670900414 -0.0284479236353764
-0.0687186864327277 0.255029322722984 0.0928413413916466 -0.217124656149681
0.0324407425414277 0.237441949418653 -0.0136374430878568 -0.343303818115691
0.126037961965486 0.204021961575375 -0.120326898190773 -0.395699794671751
0.138168040463743 0.199108266735898 -0.191994304830578 -0.389716221254963
0.162204142967962 0.210233325247496 -0.19175796949988 -0.380846478060901
0.0974960335857738 0.294661458420248 -0.116921107912317 -0.351264320982118
-0.0220475928814339 0.31731587742566 -0.017544365114256 -0.267680767029743
-0.187227627341959 0.342650424252542 -0.0427006278200741 -0.0771624008833948
-0.360280247573538 0.162682148528855 -0.218105293248612 -0.00967445764858992
-0.375645186709377 -0.116909565123408 -0.346536618567403 -0.0900982604559676
-0.325730297741911 -0.205648470778904 -0.416370292472476 -0.321768606728617
-0.40357337302673 -0.257143233299656 -0.380571486855742 -0.138219023095314
-0.442820924908198 -0.206663796517268 -0.248625751494984 -0.0495713477706456
-0.472048930896402 0.0600024031960479 -0.129194470047156 -0.0398030774326597
-0.350037391125138 0.308669383390274 -0.00688517149417798 -0.0220021010871232
-0.152105183846206 0.406399899634631 0.0713154891302115 -0.154751117836547
0.0183138286245023 0.401987885011299 0.00106557314180653 -0.247563045450573
0.168342562957348 0.349704029057507 -0.0665489224172546 -0.288896061725826
0.189765084707855 0.323791034611037 -0.113012714814639 -0.275948569091213
0.226377319002084 0.323347065526485 -0.123741407892836 -0.262704569820583
0.145982151489844 0.436530962724058 -0.0773069566928699 -0.247346968590906
-0.0189091574048938 0.471920551671943 -0.00920643913950758 -0.196803899278808
-0.239027239925467 0.511658980825747 -0.0252183058482802 -0.0283625567738054
-0.488201365941387 0.299179123823498 -0.191493535826441 0.0323279071876808
-0.568635860338552 -0.0691664549669139 -0.274586864977984 -0.0393597342647364
-0.544381524465857 -0.231411000883841 -0.268794785019298 -0.208475485447025
-0.509815843627368 -0.292941862281198 -0.221367185798814 -0.0334914173466588
-0.573516799138478 -0.222688968654624 -0.135133830141277 -0.0213594922091236
-0.599640060152804 0.0944301544162185 -0.112839807909023 -0.0513872126932384
-0.451006521732442 0.390983771633197 -0.044117605200136 -0.0134546200277351
-0.213662311167415 0.517423346023624 0.025937477445356 -0.0626253565418073
0.00496862111928646 0.516097483913582 0.00541353777772343 -0.103074999021608
0.186988048317853 0.444243167833476 -0.00595520442044595 -0.130802321830653
0.21340614768907 0.397359760281757 -0.0173273212052535 -0.123029498829972
0.254570992729442 0.385961971523522 -0.029895814047021 -0.113986671189193
0.169587691595795 0.510463029817517 -0.0103524194850131 -0.115307680388861
-0.0150608738356987 0.553303421939704 0.0189185076348528 -0.0994266089172415
-0.250307112252321 0.598436819161067 0.006682139908933 0.0203396157239367
-0.531763813327181 0.385750689823315 -0.132369942430914 0.0570630573708757
-0.658634242737424 -0.0101320132815226 -0.155915453014223 -0.0138326526335962
-0.666601087608743 -0.214260148983645 -0.0689835404659812 -0.100570080754189
-0.547662304072925 -0.278213652738163 -0.026273241915131 0.104656218642892
-0.623531985684479 -0.193758364891501 0.0174808463656225 0.0387185964190272
-0.636658706006196 0.133709539317415 -0.0658609848103136 -0.0406857623565252
-0.47052173182149 0.427241153325589 -0.0706116283444479 0.00887599586011811
-0.227068390542618 0.546744452018198 -0.0226653146759958 0.056061082774673
0.000421068600602588 0.54782991396408 0.0108890766178472 0.0718934933302857
0.183268119713822 0.469499923226469 0.0571716187788444 0.0557436136046403
0.204040600765191 0.410222090758621 0.0811864236351704 0.0471155569195759
0.237518495049671 0.393734139111303 0.0693770230246593 0.0450711797364269
0.153449367362251 0.509147903226925 0.0636334862733153 0.0263456900693374
-0.0299549244668545 0.541928170525646 0.0513627154242297 0.0109397559256367
-0.246432713166243 0.567714500449957 0.037435932536685 0.0639946200306722
-0.494648404330842 0.377820511432095 -0.0638799158225567 0.0615013078039114
-0.633257565333879 0.0213654045539907 -0.0236511821602871 -0.0120247265829066
-0.677631645305255 -0.173048483121251 0.145048903772921 -0.0089422029308393
-0.502137436677553 -0.212464582189937 0.176890784502468 0.245263845533644
-0.558643490628041 -0.117657042958946 0.180438254566858 0.10738486856982
-0.542309233908595 0.157232232879356 0.000826348480355033 -0.00765872019741761
-0.383742068032721 0.379838915665891 -0.074328090877505 0.0459927362806541
-0.189150808267569 0.470464863461797 -0.0552849605066491 0.173950923253656
0.00207616275777343 0.478077814577698 0.0262596130830124 0.241792580360799
0.151021226081214 0.414500391621585 0.118840485381486 0.233726979670845
0.162983153543295 0.362836840228789 0.168012001775079 0.209095353840577
0.180363187159149 0.350798510656093 0.151652185628689 0.195547229372786
0.0963245122186824 0.43690770255136 0.115842697368344 0.161491778422424
-0.0647889299684985 0.444556378504542 0.0630106338240687 0.116995756420736
-0.230357660513083 0.428810100471792 0.0455513894313368 0.098603265789213
-0.396283943687403 0.280230779457785 -0.00819052041776931 0.054562713083612
-0.50568294717712 0.0225795891289615 0.0888426690377373 -0.0192268787859047
-0.578966218207236 -0.120474761578431 0.331867824781186 0.0663081505823815
-0.36897977077109 -0.104586871037854 0.356185039230664 0.357822991614008
-0.378989755465332 -0.0251136221972845 0.320264038580068 0.160067908176891
-0.33113769705509 0.143104471335167 0.0767611319679188 0.0297395820865141
-0.221402849978105 0.246045984456348 -0.0493869305705114 0.0761160599720711
-0.122028187363042 0.301077579513824 -0.0603017776240532 0.257617670623668
0.00208744114021793 0.323035386484199 0.0524952507834034 0.366098987257093
0.0954346713673249 0.291664373547163 0.17096921738053 0.372029916715167
0.097769152788945 0.260615229533564 0.229823924941732 0.339490703949559
0.0980338437034073 0.258313084722465 0.200617845112284 0.320626757287535
0.0280819004367384 0.307541084258826 0.128938143405295 0.275971304226831
-0.0877164889286017 0.286466725755765 0.0380082185616004 0.204286591883497
-0.180951820606769 0.232337791889438 0.0237735831456552 0.117985504914495
-0.24239941231178 0.148009036324327 0.0256014368817332 0.0422246299989497
-0.315428304288869 0.0220887266892727 0.165337372061093 -0.021015856059681
-0.40544515055453 -0.0544717086064104 0.464784996001916 0.123925043668128
-0.165962134956681 0.0110745153173973 0.477321538965599 0.420961958833414
-0.126328121630648 0.0495784423819519 0.418517766579702 0.178077433643557
-0.0724629076431373 0.0806430340766338 0.152843259737538 0.0448730312186204
-0.0441328100508276 0.0590726468878136 -0.00577747201111957 0.0797978439160872
-0.0547987799560125 0.0845591037442713 -0.0433591732115313 0.288761472123232
-0.0119141444627524 0.12088647646162 0.0806433346076518 0.420506783156194
0.0182224054970144 0.125996173626564 0.204614927278426 0.445272632059848
0.0178384430194838 0.118569781027031 0.256668399061972 0.418965930055252
0.0115026346907876 0.125007679234649 0.209991008171922 0.405424530672533
-0.0213852962434261 0.136694683868972 0.103756345232657 0.356276554509995
-0.0707265619983698 0.104992552840091 -0.0141395211114072 0.260860081582744
-0.0805638439785789 0.0433214886476597 -0.0150181637222503 0.116848040945948
-0.0611784621916531 0.0456320912297021 0.0471894707209015 0.027812700264906
-0.10668637422577 0.0515720184492685 0.207189279259106 -0.0118959917447242
-0.192509883616491 0.0317564603881987 0.529376713257915 0.156749865426828
-0.0688157928878921 -0.0980822439177579 -0.558043664716845 -0.14788002104587
-0.102787888724193 -0.0937904969635398 -0.330003874047914 0.0201124472711034
-0.132442428941397 0.0164605993397721 -0.0778941167533582 0.00195349147947852
-0.0581225931975184 0.102040344804507 0.0446202575582488 -0.0494378974449394
0.0158264302938184 0.0855307075169358 0.0653020369319024 -0.261713408944112
0.0377232884197869 0.0542876441532033 -0.0697007852854659 -0.388463434883024
0.066496081941004 0.0320508222637449 -0.19714349053343 -0.43421308180154
0.070816660883632 0.0380108902772585 -0.274428792171881 -0.433428357947997
0.0846629514213216 0.0506106235764733 -0.258287788762412 -0.434546050350187
0.0633101445389009 0.0980179043345428 -0.156695123515507 -0.405389838577672
0.0139259244275029 0.122351287865289 -0.0314862480213225 -0.307098868871528
-0.0719151521779445 0.15317465075196 -0.0474778794004559 -0.117253498455238
-0.162653552326284 0.0431254193557417 -0.207017744127911 -0.0396257005939565
-0.127539298117323 -0.109055959411667 -0.371144100038441 -0.126705210806069
-0.0674289602228547 -0.121980939659684 -0.517056979343412 -0.391373070790761
-0.261185669248993 -0.17202896960604 -0.510007473658913 -0.160858480193807
-0.290452693131291 -0.140117983154214 -0.317966503728321 -0.021057937803734
-0.307928707430749 0.0588245435027029 -0.11567865070647 -0.011730053293487
-0.195877446007734 0.22640612704711 0.0246895047944449 -0.0302760253275994
-0.0510207331797057 0.262260300671243 0.0761789568432708 -0.226980702440103
0.0479588668654847 0.239264929571229 -0.0388855792421081 -0.347287194049444
0.140984903106403 0.198286442368879 -0.152250756787764 -0.395180300546701
0.154106769001951 0.192279186867105 -0.221580218756943 -0.382006884147682
0.178216152576428 0.201522662275179 -0.220988192516677 -0.372836170483173
0.120778617098351 0.292529639656486 -0.142492901395739 -0.348892754777629
-0.00147095174494054 0.32440231722662 -0.0365132782453174 -0.270643161505262
-0.16705955997206 0.361807191215255 -0.0465144424955695 -0.0744722738124431
-0.354686466433993 0.186327042549845 -0.220920967258839 0.00793824764792233
-0.38964586024348 -0.0953192131307112 -0.35608452425453 -0.0723896801855962
-0.340519690860584 -0.187132868197876 -0.442203966682742 -0.301672243301165
-0.423498624756406 -0.235004661424669 -0.398546912413836 -0.116092358511705
-0.460928260865153 -0.182896026087466 -0.25678220335486 -0.036206606145244
-0.471774164685287 0.0915100963182737 -0.133081989861473 -0.0335445894991609
-0.332548469920968 0.332900253843566 -0.0100596889296852 -0.0219756444470356
-0.125393043240961 0.420643920357382 0.0573881677203362 -0.163667439509092
0.0449073341716933 0.407129253186854 -0.0175376426477617 -0.251354582721753
0.193066881324672 0.34402775548088 -0.0913155938333695 -0.290250090120716
0.215037467110472 0.317136859609006 -0.133522127965821 -0.271973850471694
0.251415401727301 0.312477871690296 -0.144427478044926 -0.257199137214649
0.179696346160486 0.434309611687376 -0.0954713508840041 -0.24666123284537
0.0114767352690574 0.481784192591916 -0.0237991531782585 -0.198556565854632
-0.206744706808841 0.536325543759668 -0.0249446054188169 -0.0271228135276578
-0.473732788923817 0.332162173592865 -0.191437616772485 0.0498321302759684
-0.583377069640134 -0.0362895571058484 -0.280436520811375 -0.0235090863623453
-0.562135967202499 -0.199463938626064 -0.28557353019159 -0.197371783757492
-0.535473361809681 -0.262978229246721 -0.230322950148478 -0.0209898301686894
-0.593362439665308 -0.190003814621008 -0.140467685324199 -0.0149354415941299
-0.59718824969543 0.132833062019044 -0.117221254991386 -0.0469138579642499
-0.430187450745655 0.422898358371091 -0.0471423433016688 -0.0117883989721774
-0.179243248908387 0.536245215658475 0.0172874053017824 -0.0680726348402416
0.0397277716059215 0.52402100242432 -0.00417692463096304 -0.105072815097932
0.219126148945944 0.439193649794607 -0.019748834203071 -0.132911372914258
0.243680531851794 0.390200041619208 -0.0263624063565676 -0.123944016802346
0.283029422929377 0.374490011985001 -0.0388860608666347 -0.112603687101097
0.209148816037097 0.507649649373418 -0.0187851817117672 -0.117279053716973
0.0210873370723941 0.563218164115355 0.0106237511962174 -0.0998947423229772
-0.212426551607351 0.625753714879426 0.011399050463256 0.0186159348189602
-0.512447848892333 0.422860145205704 -0.130358784356576 0.0715035315356976
-0.66999514799514 0.030211125417246 -0.158862269620644 -0.00381058013827942
-0.68496984425372 -0.173130821140789 -0.0740417715221535 -0.101240330241091
-0.573764396274987 -0.246004491641385 -0.024078415417767 0.105914846551872
-0.644237862954151 -0.155449933477216 0.0183063553125219 0.036714077631778
-0.631755139633717 0.176369503452673 -0.0694540577102926 -0.0386146583332653
-0.446479197345304 0.461268348663821 -0.0730338462350712 0.0128837861464514
-0.193066825350687 0.567648146244161 -0.0243171606150261 0.0548952257779907
0.0371213376071501 0.555864861647366 0.0133246737667783 0.0728287023692488
0.216274928526664 0.464781669335811 0.0571797199402947 0.0511107060363259
0.234194592187974 0.404828280858712 0.085303093878387 0.0420571021326002
0.264955566562098 0.382465864682469 0.0731642967157933 0.0414035439899417
0.191099452829863 0.507004257209172 0.0654922407738002 0.0218587741534652
0.00609012779106275 0.552891679354489 0.0505005003472952 0.0100240434175494
-0.210454554828219 0.593328506640103 0.0449508602172876 0.0604321447585085
-0.478010808151609 0.413119499090327 -0.0607361781121108 0.0715697097386141
-0.640974897835516 0.0606885634588712 -0.0256723094832203 -0.00865322736317762
-0.692328142790653 -0.131680229863028 0.148483381526488 -0.022299058572657
-0.521644590710128 -0.180297271129557 0.192009144861537 0.234931601472227
-0.574355901499657 -0.0851868143883571 0.187967199218682 0.0963309443585841
-0.533222361720353 0.195268891981771 0.000298402659642804 -0.00850924041386746
-0.361471681168565 0.407948426618166 -0.0747289365928456 0.0499510425883356
-0.160250908469876 0.489986155073647 -0.0485704589264709 0.177819399920743
0.0339897990873196 0.484646631242761 0.0406854946744491 0.244081660992832
0.182469378820824 0.412270313958109 0.13270696857242 0.228779133726742
0.18905536051132 0.359195095157049 0.183580935018481 0.200231945772573
0.204248084337022 0.343720336019056 0.166285869323385 0.187769762900902
0.128931182186378 0.438596924133269 0.128471431723732 0.155175820466225
-0.0349981603205408 0.455761274034813 0.0696100764642745 0.11766923277484
-0.205282826921891 0.450541157336301 0.0547606822826653 0.0955119709873484
-0.381244616773406 0.309124245020437 -0.00619089818851509 0.0595474160237504
-0.510553798092723 0.055085140601773 0.0867748293517003 -0.0226242104152895
-0.590505076934408 -0.0842886588341459 0.342857075765867 0.0412680111343928
-0.381071228325427 -0.0806525993038944 0.380029232121801 0.336976912360924
-0.3861464863894 4.18767237896707E-05 0.333016209972165 0.141781172218286
-0.323847313500352 0.167555581128484 0.0795794831044147 0.0254868194492482
-0.205880697414704 0.262855930472199 -0.0473629659631458 0.0793918084556298
-0.10331444831682 0.313875909061 -0.0461854002402366 0.264108088352238
0.0236515946058567 0.327790187577584 0.0761821944027755 0.369311978906961
0.117316659044398 0.290349955525387 0.196028731665229 0.364874500301558
0.115728586553377 0.259773078434496 0.254697021566505 0.328940231787398
0.115056747446838 0.255793905872307 0.225698713208814 0.310838444381595
0.0498328712682385 0.31059012039942 0.15007752655536 0.271320621528601
-0.0690852785785729 0.296342596280783 0.051650672687925 0.207484952449215
-0.166575633207883 0.247924029192933 0.033336396239776 0.116099351754701
-0.233808947266524 0.165869997838022 0.0270853637858743 0.0436735719141201
-0.317962987687188 0.0422420291257701 0.16392322844715 -0.028780855902398
-0.412616837257871 -0.0275846356507038 0.482310837892567 0.0918519933120347
-0.168176611847686 0.0232276241807402 0.506534130850716 0.393575459513437
-0.12577093503235 0.0598647176160229 0.435308433201922 0.154456343401083
-0.0658043196929181 0.0865072538179746 0.157197290326159 0.037017108934818
-0.039858980851508 0.062138631618323 -0.00250942282213153 0.0794496786903957
-0.0504070617101808 0.0904380213846297 -0.0254669210946654 0.294991763761852
-0.00347476230853281 0.122956065685428 0.109378483224673 0.422391207741267
0.0279965990325866 0.126987217683688 0.236554073457758 0.438177504904645
0.0251655882954518 0.121567505636071 0.288810774130319 0.405799209848243
0.0193482673796369 0.126285092417553 0.240490637964114 0.394834876262967
-0.0119574969625289 0.140046821526107 0.130420809381573 0.354462876266534
-0.0637291799672669 0.110407647249193 0.0037871671783834 0.267282070043131
-0.0776111049778505 0.0488497455194816 -0.00694052876874692 0.118152148939639
-0.0567139201537765 0.051832823569428 0.0481316525881867 0.0253347092028527
-0.104335587588883 0.0595578534136461 0.207611559238839 -0.0228056205396492
-0.193284501925411 0.0457140810076628 0.549207072416609 0.122294821214387
-0.0727293903520961 -0.0925785428678152 -0.5618215061334 -0.10517197362965
-0.107477407495815 -0.0876312788469227 -0.324329062800603 0.0409640338573603
-0.13036930925365 0.0254544938066572 -0.0764373889673732 0.00530623344507449
-0.0506413313690108 0.104609798851574 0.0405822859505822 -0.0507580105557348
0.0224394811799863 0.0827047889862079 0.0423478338244968 -0.261514710226124
0.0408291151025854 0.0511812920124805 -0.0975354539141301 -0.377368621674758
0.0667843255745736 0.02617085447409 -0.226849489060801 -0.412796726432616
0.0726230884067587 0.03113516407548 -0.301771796172506 -0.405576942426803
0.0881838641017758 0.0435109335804802 -0.284988918959141 -0.408516452791213
0.0700025654526483 0.0923373534598764 -0.183048968693095 -0.388340472100396
0.0223327595548332 0.120681853534616 -0.0525913437313021 -0.30079114679075
-0.0604540302041204 0.156428239799288 -0.0537935455594986 -0.110600663798441
-0.157597792958179 0.0513880594665239 -0.203964683387709 -0.0229567479866712
-0.133478461089266 -0.0989302783143986 -0.372131067804231 -0.102468082631204
-0.0722266775908084 -0.114870576359533 -0.533220762252216 -0.349920554883128
-0.266949940513106 -0.151134133446432 -0.51612641418704 -0.122117225632835
-0.293857856893965 -0.120333692716744 -0.315620438551938 -0.000485724884665088
-0.296817672216826 0.0786771221499861 -0.114282506959195 -0.00579046336521362
-0.177150629132199 0.235301256450726 0.0216964635325919 -0.0314130101989688
-0.0299107914449277 0.260454864847657 0.0544246644793461 -0.22864023998763
0.0649212294343407 0.233047750380822 -0.0647330558276916 -0.338937753576029
0.152322542169696 0.185451085538641 -0.180760810727926 -0.378235237007505
0.165614296032165 0.178004281198434 -0.245400075506969 -0.359529420870655
0.190363675221979 0.185536833768239 -0.244728548402885 -0.349658038815476
0.141948555359863 0.27989395927994 -0.165671082608318 -0.334642934788954
0.0216486510703282 0.320958720789596 -0.0561445646437831 -0.263124640771914
-0.13880400608752 0.369063155295645 -0.0487805243613884 -0.0695278952472985
-0.336948124139768 0.205060632161928 -0.214779918758907 0.0262333958115998
-0.3905612435832 -0.068510689366768 -0.3539095764066 -0.0484268929888248
-0.344043662387134 -0.161381588942999 -0.454681159165762 -0.267510973739657
-0.430907476063556 -0.200873504265961 -0.403244490903013 -0.086508155559466
-0.464892563489082 -0.150554217180092 -0.256379709082759 -0.0193879220388258
-0.452869782581839 0.121098932290389 -0.132839544102978 -0.0264932601332697
-0.302760563456777 0.34894863461556 -0.0125152643755876 -0.020985344771496
-0.0910794594276445 0.420967006463509 0.0400522754750315 -0.165900273625951
0.0737548332277911 0.397531146550466 -0.0376154889447584 -0.245619851202654
0.214543361849173 0.32446615136517 -0.115157231654067 -0.278863271387638
0.234302238741436 0.296809583772221 -0.151846712157199 -0.258207486465107
0.268638265993884 0.289251570053636 -0.16042664940075 -0.241983024043174
0.209981367063213 0.415074305150909 -0.112453841194896 -0.237038127661594
0.0441887622360274 0.475033185596264 -0.0388832700889449 -0.192658880917277
-0.165257699141001 0.544199754250459 -0.0238653137468467 -0.0256296890382592
-0.443716189900942 0.358123004973603 -0.182426097275179 0.0670487278764725
-0.57746520896386 0.00289372359651408 -0.276990518090068 -0.00494282809235812
-0.561353834677551 -0.157863802776936 -0.292617785026091 -0.177483277630897
-0.541568020861272 -0.220935205406878 -0.232214272328579 -0.00538020692274887
-0.59612873183617 -0.149099328185999 -0.14076256570538 -0.00697314883698031
-0.573535949276397 0.170381984584062 -0.118421045768243 -0.0405075119714935
-0.391856130444539 0.444300758306183 -0.0485828553922305 -0.00926650213548887
-0.13789469169107 0.538319501182049 0.00712719032303436 -0.0696921950192952
0.0771549507317133 0.513024150949184 -0.0140169112450984 -0.101616992948476
0.24683388660748 0.417334356195254 -0.0335594510140183 -0.129239555999337
0.267716812702771 0.369014700232182 -0.0347373997198081 -0.120405784277107
0.303786103070185 0.347772642762215 -0.0464351824607342 -0.107241671211321
0.244248364781439 0.484418710276779 -0.0278545286724374 -0.114571197075046
0.06027979071964 0.553356954436396 0.00158021027960044 -0.0968950678475888
-0.163458219048239 0.632054722358002 0.0150115980354573 0.0162263662696578
-0.475856149665053 0.449349496521743 -0.12082650489138 0.0850577055656565
-0.659038711401603 0.0736795571027802 -0.156446306552066 0.00867041429231162
-0.6791320219488 -0.124274980178991 -0.0793437543378781 -0.0983944528790002
-0.579033331526764 -0.199825477127162 -0.0214159547124055 0.104457360707337
-0.645608440885818 -0.110112675745465 0.0186592499801324 0.0333008125279994
-0.604136773228331 0.215504423542371 -0.0704039816391215 -0.0358907296701241
-0.40407514004182 0.482728538509201 -0.0733103408899236 0.0160727728614882
-0.147584781332964 0.570747917330428 -0.0247103316864645 0.0539097968879345
0.0758812914571777 0.543801593146088 0.0158874806588722 0.0723802012223765
0.246171020314063 0.443016228983863 0.0555402560246365 0.0465881691788648
0.259028810323472 0.384119852988763 0.0866489169574156 0.0340366776605064
0.286846979529737 0.357494304185028 0.0738730094484782 0.036080088893457
0.225482901342922 0.484469598340629 0.0650887539784676 0.0161755783660601
0.0463920123874029 0.544367371226701 0.0491317317986407 0.00873143849111543
-0.16322356427446 0.600345091300503 0.0508161346955575 0.0538725777684273
-0.439788640183987 0.435994118885918 -0.0537466732884204 0.0798108733470329
-0.626199753399754 0.101236946574114 -0.0272658588747298 -0.00428882530024041
-0.683880220743511 -0.0812814073510692 0.145203192291916 -0.0365718346114888
-0.525198547757184 -0.138215002461757 0.199385124925453 0.2162403311064
-0.571424755057041 -0.0442098030927463 0.189674204185769 0.0807096647910402
-0.508392726975657 0.22741745812401 -0.000421409255748128 -0.00995188286900886
-0.325932443856197 0.425648225380395 -0.0728197457623624 0.0531033486566509
-0.123502064360396 0.492157570594829 -0.0383650980667129 0.175804360699247
0.0710285568372342 0.475616841589999 0.055878846362245 0.239589703616914
0.20981258218651 0.392159346575122 0.143438031012704 0.215706201634195
0.212462760235615 0.342307527507893 0.195051694827453 0.182778703445839
0.223559103968026 0.324319805237067 0.177374855721054 0.171831512222266
0.16001333993599 0.421241806987901 0.136765787880451 0.143334529244079
-0.00185438660854498 0.45097311771032 0.0763885942913101 0.113111647150136
-0.166006530854812 0.458789518475747 0.0621466748734025 0.0873209465700667
-0.351579407194276 0.327203714485968 -0.00164446903779117 0.0634454601435082
-0.498081232883296 0.087459404852367 0.0823868818147405 -0.0249701492662812
-0.582877585449401 -0.0429335222086792 0.3421666034975 0.0129524044207802
-0.380070185785151 -0.0506513974904728 0.393168831487121 0.302465570310463
-0.381336294810347 0.0268923053751305 0.33591361724719 0.115430827707618
-0.302961607305561 0.186524806665326 0.080094556952567 0.0190634946924932
-0.183196147731698 0.271645088994155 -0.0429948482985243 0.079628260671361
-0.07927903204062 0.316157246465693 -0.0288164516853163 0.260575178949927
0.0476979045181766 0.320760203534855 0.1009802107376 0.359025478482452
0.137786376146429 0.277649814940877 0.216782134020719 0.346078177614362
0.132901324001954 0.250200662590721 0.274745659562079 0.303853850347907
0.129959628876502 0.244368486598826 0.24336783770514 0.288659104584167
0.0724176534210049 0.301080597254179 0.167392262672258 0.255501550988519
-0.0461762495205771 0.29600833148207 0.0659615908072369 0.202955498071529
-0.143523631286926 0.25537573451458 0.0414423611275901 0.110021105201903
-0.216883702615948 0.179262670548896 0.0287582596597219 0.0432380197897412
-0.309476743680311 0.0629533495173241 0.157821300595344 -0.0360831170911541
-0.404787132693631 0.00138092889869596 0.481561737375758 0.0532234741518649
-0.164635890362768 0.0364644853427265 0.521971115209997 0.348567818848523
-0.120466923564865 0.0692481722363746 0.437439284031791 0.120606053271751
-0.0564592926892328 0.0891414843740614 0.157909674579191 0.026331415632842
-0.0341577483033181 0.0630444999445327 0.00129506920672075 0.0776140856918533
-0.0439507820611849 0.0935011345620089 -0.00483169404723663 0.290181259471346
0.00560580327340293 0.121288393771569 0.137837556175178 0.408657559181152
0.0371988146969482 0.123184406747377 0.263652840426236 0.414602052682699
0.0338312431994134 0.119795582124519 0.312209424785369 0.37717538040854
0.026480894215001 0.123925095408311 0.265343010177761 0.369887312522922
-0.00142892753124693 0.137789841869159 0.154509080925321 0.338168363257066
-0.0538234483724464 0.112303673960221 0.0244023227751962 0.263855216130739
-0.0711569503037461 0.0529735462957774 0.00154398458660491 0.11485078506332
-0.0498295068887085 0.0562367929795986 0.0474230882420008 0.0219164652465773
-0.0978538072283357 0.0662218223929168 0.201422282329598 -0.0334471076510326
-0.187170413032575 0.0594594994271474 0.550849130083254 0.0792125450969725
-0.0725602809936774 -0.0859707123735898 -0.546023193491121 -0.0719727118742011
-0.107677025719816 -0.0819263817091729 -0.309280871987432 0.0542757032375997
-0.124919745155319 0.0305384566287489 -0.0736751390811785 0.00662379459417889
-0.0444728054445963 0.103546850959197 0.0363720128278295 -0.0510277297993205
0.026232163910619 0.0775331901914091 0.0253092762227677 -0.25236347495602
0.0416680685177718 0.0475084248230368 -0.115866290718521 -0.358952259430973
0.0645006757474526 0.0218228550486083 -0.241682609373075 -0.386661314630975
0.071778143674167 0.0247729889291523 -0.311599917211723 -0.374566950700199
0.0876520616125382 0.036549788435242 -0.294916933189073 -0.3771620382456
0.0731623423842372 0.0858161071563349 -0.194907501166574 -0.365204578768934
0.0272468680375779 0.11652934885419 -0.0653799806045163 -0.287488806211834
-0.050857383129983 0.154432670818832 -0.0549064488278534 -0.102337332756085
-0.15089213329567 0.0550638337739176 -0.194942722785778 -0.0108310482384406
-0.133010805512665 -0.0894068503895295 -0.361976091512657 -0.0841222863153288
-0.0727660791503705 -0.107474829962295 -0.529411355429059 -0.31244667428514
-0.261176677521316 -0.132359468331524 -0.503929391575362 -0.0911993296054128
-0.287668548277004 -0.104573339356863 -0.303859234950675 0.0129976258829679
-0.279509458698297 0.0889039321759653 -0.110632684972414 -0.00273787367667951
-0.159123765194014 0.233570347785579 0.0186151320194783 -0.0310416395687188
-0.0146641905389853 0.250109006250877 0.0374825599076614 -0.221662171466661
0.0742413652088504 0.220648760324791 -0.081966947926902 -0.322644622281171
0.155762362839415 0.170490468397139 -0.197463526693043 -0.354527789108494
0.168682393213801 0.162251770797209 -0.255031258772115 -0.333140688167086
0.192514471622664 0.16808462993499 -0.252741073268563 -0.322748303308292
0.1516417165991 0.262116377514599 -0.176242004081331 -0.314345883454855
0.0367827740916334 0.309163709267262 -0.0674896339423972 -0.250336345395506
-0.114644286738596 0.362382168229217 -0.0481902232541398 -0.0646887633706652
-0.315326361103765 0.212524007178016 -0.201908996386562 0.0380580677120803
-0.37906899890525 -0.0485779212397678 -0.342863313855735 -0.0323946442059867
-0.334071009625724 -0.139305178895536 -0.449384451084896 -0.238189601103538
-0.421387786643782 -0.171086689946657 -0.394774865604632 -0.0633498737741171
-0.453031205250521 -0.124493071394813 -0.248604167727387 -0.00875071127372758
-0.426227739786594 0.136887264200465 -0.129224756976814 -0.0221289870686468
-0.273448251028413 0.348710345534322 -0.0139827569724552 -0.0203872912854629
-0.0654902671658928 0.408057334427305 0.0255222068520473 -0.16131806967259
0.0910001212039802 0.378981172493667 -0.0507436075762916 -0.233050414932565
0.223256643640409 0.302286045110996 -0.129115074311149 -0.261526325030681
0.241054310293924 0.274114248216992 -0.15864282524535 -0.24176678845271
0.271457009473935 0.265180844676153 -0.166425314538787 -0.223044168502654
0.224236227134056 0.388187912133152 -0.120722092624613 -0.223214079188664
0.0670362642753956 0.45543852615376 -0.0483223870452726 -0.181486879771293
-0.130606088727775 0.531847951668948 -0.0217299404710644 -0.0245603107494083
-0.410377842429771 0.363234575227405 -0.169198794586882 0.0771432307224534
-0.556173557659336 0.0288050214852057 -0.266323752252977 0.00786205566231249
-0.541739413827316 -0.126576528561311 -0.289567294267839 -0.160379608591799
-0.528504101030384 -0.184071740893726 -0.227858737667211 0.00627178910641491
-0.578362086991311 -0.117358688273241 -0.136630460691312 -0.00170673341256388
-0.53642760018412 0.188976447494566 -0.116393286540033 -0.0372336395454017
-0.354693771852739 0.442476242940583 -0.0491687179123557 -0.00766918102879132
-0.104648779433617 0.522032295678808 -0.00142557958909233 -0.0689322334623493
0.101338440404445 0.491097993111499 -0.0201759474056386 -0.0954421332379339
0.258558736814666 0.389967074264821 -0.0426463960023069 -0.121623973977666
0.276725363374536 0.342765271679226 -0.0401035253074227 -0.115459527978155
0.30738821218922 0.319876852615591 -0.049903048286743 -0.100485472508495
0.25998195907173 0.45501740439037 -0.0336210152820822 -0.109670263417006
0.0864987292681487 0.531450740007972 -0.00440852893401053 -0.0910941182711295
-0.124553637244965 0.616671397897129 0.0177446621588365 0.0128452691264415
-0.436506508519822 0.45280474414134 -0.10855163083072 0.0923967887875347
-0.630387103863943 0.0993331291379924 -0.151069637861411 0.0167484310320301
-0.652496595279675 -0.0899651870917262 -0.0810794761588342 -0.0947802242007499
-0.562026043043987 -0.162048189368904 -0.0203682335123747 0.101054585262062
-0.623234876146301 -0.0767167286737574 0.0180944731723314 0.029391142746643
-0.565671881467589 0.233919453649367 -0.0702425653794181 -0.0343322965478629
-0.366259476487274 0.482040925509563 -0.071924300398429 0.0175400080198982
-0.111769847841866 0.554167866045379 -0.025410076026212 0.0507557371419745
0.101498473469948 0.519005115759238 0.0179842480652843 0.0705224920846646
0.260841163518211 0.41315510018687 0.0526300779440504 0.0435112360843385
0.269690820723811 0.358624440104458 0.0845287528720398 0.0266450606471354
0.290976067978425 0.331122207250405 0.0734112860870552 0.0308382280844325
0.243321864693894 0.455406489290349 0.0626927578317956 0.0118066643007871
0.0723196348364236 0.521384224121875 0.0469633614039719 0.00882411031294424
-0.124849848894481 0.584110568724408 0.0524826221886484 0.0476182609652482
-0.402095335851919 0.438514766566953 -0.0454369709946556 0.0840177064133999
-0.596660202465488 0.124630464211559 -0.027038043830108 -0.00014704969416792
-0.654766002343617 -0.0473454118567188 0.137949887930219 -0.0461231214555855
-0.508258814730238 -0.104613768531692 0.19675410517221 0.197771470373287
-0.550904518751805 -0.0148202502282735 0.184453500321704 0.0676651377874636
-0.473011234860289 0.241362102001933 -0.000717271582009985 -0.0115992917776401
-0.291270657531107 0.423012037980766 -0.0699496574076504 0.052755382278486
-0.0944452475433528 0.478667608617604 -0.0318065773066228 0.168434766520111
0.0932520387187638 0.454559265560133 0.065665518265904 0.228304970238917
0.222820033321053 0.367353375773083 0.146120112710048 0.202005828671569
0.221737444482121 0.321390641384496 0.196636051468541 0.163546605401979
0.229170222833346 0.301169851702624 0.179086252102871 0.156760403259157
0.1755684397006 0.397052234266045 0.138192915313534 0.130997536537861
0.0212029533842205 0.434393813793325 0.0792136949527498 0.107332365348866
-0.13592008349798 0.451000683855464 0.0648044715519844 0.0786943643562221
-0.320013063324523 0.331575839800216 0.00241447668757512 0.0648524632551727
-0.474977960756343 0.107244090354321 0.0774988015239516 -0.0251378231746805
-0.558158945990653 -0.0141075332547939 0.329462370772969 -0.00799805271013343
-0.366755290048543 -0.0281456624542732 0.386295389780725 0.271528672157333
-0.366211603409964 0.0459029300592121 0.327570254719917 0.0951859535240251
-0.279404454376028 0.192556954211276 0.0778014333744698 0.0132861883073663
-0.161922069511782 0.26897993318222 -0.0398483214877677 0.0776776948714443
-0.0604381370326738 0.307717711473251 -0.016855483076294 0.250083624154571
0.0631736127801677 0.306462686582449 0.115626996139618 0.341202621303139
0.147302775422859 0.260232323102012 0.226120498195976 0.32180345567588
0.141326591408239 0.236064308802414 0.278859530973589 0.276169315297218
0.135384506806759 0.229684136926626 0.24898709547505 0.264808047633622
0.0855149012485966 0.285403354582874 0.173705664245916 0.236793529485932
-0.0286566470823416 0.286421228588669 0.0749690395308026 0.193502442160821
-0.12368186798189 0.252713855262082 0.0450263234751278 0.101584597599081
-0.196653268395697 0.183235346760094 0.0291199638768416 0.0424658925653028
-0.294185114034406 0.0745413537006249 0.14930171240654 -0.0384389846912154
-0.386784166679085 0.0213669145086664 0.466804681505254 0.024379983412496
-0.156265671876696 0.0446495098665239 0.515244147028791 0.309823130802911
-0.113078806093698 0.0748620046875465 0.426030018936042 0.0949918115822785
-0.0484761732608319 0.0883960363082126 0.153265585438314 0.0176680607831027
-0.0288073379471255 0.0611129028851545 0.00271704863196806 0.0732860216398722
-0.037510341237834 0.0931908618380563 0.00974817625454649 0.277857824620975
0.0116358844793707 0.116499771113166 0.154416628623138 0.386809476257035
0.0429105589453122 0.116764870369096 0.276565469462961 0.384690185585263
0.0392751267920041 0.115220404729556 0.319113145315452 0.345866399402634
0.0305415453165341 0.11902871277305 0.27506166365274 0.340983272655258
0.00527177449518671 0.131868065128003 0.166950973787175 0.317225347134363
-0.0459775225142149 0.109363992799628 0.0387017689732969 0.253169380922859
-0.0646911557588446 0.0538396141279774 0.00635855732489777 0.108911443032738
-0.0425586132013596 0.0574842726163935 0.0451933711932643 0.019382343968587
-0.0913844530556838 0.0690500707943062 0.192123977463965 -0.0389475619472747
-0.177468383110502 0.0682143677805537 0.534822691213238 0.04736760638185
-0.0626019405144748 -0.0830948048393037 -0.529296247076174 -0.08810031031597
-0.0979277827283314 -0.0847256802822449 -0.302037937868567 0.0442910142105668
-0.123106544149215 0.0249511767904933 -0.0699985962672568 0.00682951108065101
-0.0479770024529275 0.0978505854723536 0.038872704077771 -0.0429597013543751
0.0196805727457066 0.0760537067534261 0.0310738200838221 -0.237509971942816
0.0361716082460645 0.0485035168395919 -0.101906904537464 -0.343987975508119
0.0595378991089287 0.0193679155874653 -0.224956728927327 -0.376924509154588
0.067967698235229 0.0246375685670153 -0.293106417328246 -0.36195613047656
0.0828238044935724 0.0333028426939654 -0.278112544724128 -0.366050443065648
0.0685868304942301 0.0836573666133417 -0.183824008676427 -0.352054212024287
0.0228355567428366 0.11465086884105 -0.0600876037040052 -0.274828984304323
-0.0543986621067273 0.14641317245551 -0.0546725028301633 -0.0944953719610279
-0.152458190885692 0.0477432292591502 -0.18725817296531 -0.0191660147746445
-0.131754682190356 -0.0927847402651314 -0.341262997751521 -0.101324007832706
-0.0734999459850118 -0.104958028602147 -0.487316655647269 -0.324433272842631
-0.244293120355021 -0.137699127490445 -0.492296849640967 -0.0986589603587111
-0.270052766999167 -0.114747827682367 -0.295033576152163 0.0101258055077388
-0.273621234619526 0.0731890407427962 -0.1027568745197 0.00258343726247641
-0.160877110709027 0.216599348462993 0.0219202152143759 -0.0180330628379314
-0.0257772106205463 0.238712319417909 0.0467655386944688 -0.202685348377813
0.0627539422292748 0.216974290018913 -0.0650572597250661 -0.306019670877657
0.14280289283877 0.167809328421985 -0.179077016882764 -0.343326378398163
0.159797847147417 0.16462470678735 -0.238614285454964 -0.321037661435184
0.18146768301899 0.164726576984058 -0.239908455456605 -0.311252493479768
0.143088235676226 0.257842714379091 -0.169249874567121 -0.300146132181862
0.0282004112154608 0.30457782974965 -0.0693543103030393 -0.23514211725544
-0.119561994551599 0.346533782900254 -0.0571265989177329 -0.0534790272652628
-0.31660551651878 0.195166943875673 -0.202958958678984 0.0269684494142969
-0.371630125400961 -0.0585127473369447 -0.326130085914518 -0.055656036148362
-0.32338448158057 -0.138779665335177 -0.415527708109214 -0.258910434093275
-0.397221851542958 -0.183722740170688 -0.393423342146513 -0.0614328734660434
-0.428837463953105 -0.142890919814463 -0.241163478152886 -0.00431563925402941
-0.416249846981782 0.110511904007472 -0.118396502669103 -0.0111173383346339
-0.27593929717231 0.320675768721059 -0.0101329243687059 -0.00218871507056853
-0.081105292281987 0.386364056995886 0.0379869451645405 -0.140272264176065
0.0754231026427138 0.370029901496429 -0.0336042778958607 -0.218416573459268
0.204226823118146 0.298165263263745 -0.111631292740765 -0.251120525742545
0.226809152896995 0.277682096526892 -0.147346851530184 -0.231364741365925
0.25604737991405 0.263756820172293 -0.158063408579158 -0.213495752027469
0.213280720518409 0.383419004931824 -0.118090550213053 -0.209270028398327
0.0550739144304963 0.449404376786177 -0.0566867427041002 -0.165170346030013
-0.136106380522887 0.509424046708418 -0.0387124514265352 -0.010092299787263
-0.412418050942069 0.341011500670999 -0.178262693278877 0.0656993138804279
-0.544303419753396 0.0128460558633442 -0.25784525831193 -0.017916486284518
-0.521008070736195 -0.12831027592039 -0.268906585811976 -0.183722269132913
-0.502595786968696 -0.203359009036822 -0.237215339789451 0.0152561072165951
-0.552237268133042 -0.142381369471748 -0.133679644220317 0.00977202665125605
-0.525953208328174 0.157018845188204 -0.103337085462478 -0.020263486483942
-0.354674562610754 0.40774042449895 -0.0435518030750751 0.013256122601945
-0.120702065527185 0.494853619248524 0.0126765466817441 -0.0492707167485831
0.080479598831839 0.476525119433496 -0.00432231012010314 -0.0857124577683459
0.236900036652474 0.385291331338178 -0.029229579839374 -0.113373737703104
0.259818479657606 0.347106568646158 -0.0343041918031167 -0.108617587916848
0.289222235095819 0.319110267782749 -0.0483414312034691 -0.0919252203394194
0.246462386765701 0.44924343629233 -0.0366383243771078 -0.0975239755859192
0.072326939190298 0.524805612385132 -0.0180341077683509 -0.0760797798757019
-0.131141838533721 0.591123122227217 -0.00527968974751225 0.0289110977632147
-0.438068089335518 0.42760159426384 -0.12453434297993 0.0831900579518949
-0.615727967487404 0.0800096225263016 -0.150538417105219 -0.00527838223284163
-0.626163778757659 -0.0952011868732015 -0.0744299423818297 -0.116096668943146
-0.537079086631525 -0.187325952035947 -0.0420914475342527 0.116435238400758
-0.59968781258408 -0.105863829480889 0.0156492138997584 0.0465723544008393
-0.555147203890695 0.196582120203235 -0.0574800850738955 -0.0142903887981723
-0.365947350590117 0.441706215516985 -0.0656782905858811 0.0379160420266349
-0.12931635832993 0.525012197655064 -0.0116622263071852 0.0644907137982706
0.0823861206396094 0.505153834938548 0.028792159694449 0.0734962700809186
0.237923105671372 0.408773770299083 0.0605528108994104 0.0476214419878664
0.253449211975829 0.363466635740364 0.0831803692611714 0.0300002396430862
0.275377609924989 0.332622031338877 0.0680303384671065 0.0354797986034052
0.230752763462552 0.450231172698738 0.0546484183345923 0.0207950891676607
0.059182267091929 0.513884391644242 0.0290831663280669 0.0209829565552519
-0.130052085057654 0.560653574763625 0.0277762827952358 0.061891759054209
-0.402059375839254 0.415438782007724 -0.0630812673944867 0.0787307153361446
-0.58236508114247 0.105925888416003 -0.0324470396577556 -0.015164278760992
-0.627315182753363 -0.0543479898304923 0.131065005058133 -0.059811737302562
-0.489066672642522 -0.130793982381391 0.165855593096576 0.21610999858023
-0.534303149540169 -0.0426841929101262 0.175728072914942 0.0870445216584404
-0.467966997137819 0.210004390876649 0.00849428225406623 0.00639712210995203
-0.293148345514083 0.390171218702475 -0.0652485972772664 0.0677077844436439
-0.106705454510677 0.4545351852497 -0.0224566193075263 0.174066930612516
0.077236134881797 0.440494423984295 0.0693008581529546 0.224363415157087
0.204570707090583 0.365042415351756 0.146675411905578 0.200922242550344
0.20832106990356 0.32638496422786 0.188422846517784 0.161790401967528
0.216418730858473 0.302835081399897 0.167725462575452 0.15723213053282
0.166670114787171 0.391608010510635 0.1264295372256 0.134660011845232
0.0121824812038967 0.427144231230907 0.0611841093309326 0.113126263372706
-0.135678543325213 0.429280342095091 0.0410627847820726 0.0872203614472266
-0.318584515653514 0.312747874369328 -0.0131964828316105 0.0625028219968889
-0.461968321492323 0.091572061160171 0.0697002231154042 -0.030399762052371
-0.53165915101723 -0.0216953304083765 0.311455728491448 -0.0124419350258773
-0.356128978721529 -0.0500360355222225 0.351650807307344 0.291443921972784
-0.358047172769572 0.0250070036572221 0.313308216087249 0.112100786742556
-0.278166903470128 0.171878892007814 0.0812153257806169 0.0264198601481565
-0.162912410129241 0.24922829296203 -0.0389076794056983 0.0844342817015798
-0.0680535378673391 0.292349382414343 -0.0149173826141126 0.246041232824022
0.0534766147655885 0.29665261702706 0.110800162028625 0.330770016627362
0.136297099336681 0.259731273266349 0.218166011227598 0.317191630592393
0.131938121918544 0.239624904678855 0.264898288922783 0.270331622660579
0.127707438952658 0.23162532346533 0.234316014049824 0.260367099208192
0.0809456501556981 0.281746885304014 0.160897138847785 0.23471124503928
-0.0332205524068037 0.280918650020126 0.0596556013483686 0.190925731186877
-0.120694404573345 0.24036689055397 0.0277251399218866 0.10236584480086
-0.192169952837206 0.172236369159399 0.0178839268026072 0.0419464139542159
-0.284401440017143 0.0647320849688173 0.14045394229349 -0.0366699414292631
-0.367362452905076 0.015329061996927 0.441392632246209 0.0289071016113558
-0.155355554014673 0.0304336660245727 0.478256808217436 0.324104302012262
-0.115165344095965 0.0650431056450382 0.407938204925703 0.109268653314256
-0.050533962615085 0.0807940301646307 0.149581827696939 0.023971456741297
-0.028180464891446 0.055461212586677 -0.000446171930675233 0.0721240859492086
-0.0369800121919592 0.0866861796562838 0.00354118098314976 0.266865264998447
0.0101097127526266 0.11093613795358 0.141149136470286 0.373101425285792
0.0404333680624428 0.117989390853257 0.2613466836487 0.376790198893613
0.0359230116963593 0.1170559426295 0.301952856228875 0.336632003419698
0.0289070445102883 0.121710221240584 0.258156669303107 0.332514339748086
0.0047990685673636 0.130143002334399 0.155632741122425 0.308364303265148
-0.0455703869686541 0.106780960035168 0.0303376854658864 0.244055777389528
-0.0605531593451639 0.0514369961209113 -0.0010150378664444 0.103075678476381
-0.0389530112702537 0.0556109216262343 0.0393669289455914 0.02096906536572
-0.0868430206749336 0.0655291534730616 0.182474967590589 -0.0296189542846628
-0.16670866780407 0.0629087831925688 0.504977036141542 0.0608078465636275
-0.0599111355066037 -0.0828902849011027 -0.521090875419359 -0.0859890896887906
-0.0972909124306238 -0.0861899141046097 -0.297740413585101 0.0433871374911268
-0.121734725905996 0.0246863099484453 -0.0697075234464312 0.00529630187873749
-0.0481338259046286 0.0976444266488162 0.0386081465726047 -0.042284657935606
0.0195373143075489 0.0742059390521894 0.0284119343518181 -0.232580158557762
0.0355859522725751 0.0477754535131571 -0.104647633931558 -0.338091004029771
0.0576092114301143 0.0192790546955694 -0.226243300463198 -0.370457616057317
0.0667635854589091 0.0228225896281504 -0.290906863898549 -0.355934237691936
0.0819767579183028 0.0308706097701644 -0.275052286492806 -0.359959860675403
0.06902725629952 0.0820236171586584 -0.181435566571635 -0.347916155784195
0.0231729584921061 0.113903409608186 -0.0601493372892242 -0.271104639501536
-0.0541778991242005 0.145366259727498 -0.0520944782704106 -0.0924784160809165
-0.152216804592499 0.0461697622558557 -0.181785870270218 -0.0186362772115263
-0.129832462235659 -0.0927427808521535 -0.335974397211842 -0.102185385955565
-0.0708687947885747 -0.104786383982518 -0.480976191922281 -0.319866589903975
-0.236998550953102 -0.135220630330253 -0.487447060364955 -0.0963301936283061
-0.266536199539846 -0.116379037286021 -0.291063922552705 0.00846089015316281
-0.267325793459145 0.070918063899759 -0.102531543714128 -0.000168050297182836
-0.15900886844349 0.213410198808306 0.0212350076040513 -0.0179672782356277
-0.024620284868959 0.234309207673131 0.0428023029899363 -0.198271000017658
0.0626893671615552 0.213992117654718 -0.0672870254118797 -0.301221795332155
0.140883156912337 0.165095874011147 -0.180705586826265 -0.336565291043276
0.157212466764405 0.161496320205885 -0.237089537299153 -0.316101226835703
0.178561536304642 0.161921712610558 -0.236075779235912 -0.305821380572636
0.143645303539561 0.253786871768047 -0.16780759532447 -0.296455347339518
0.0285829090579383 0.301406356751498 -0.0691648023449925 -0.23116715550055
-0.116695180107777 0.342879828555064 -0.0538870098638767 -0.053589689070423
-0.313497889883817 0.192480227985977 -0.196568253458267 0.028076689630843
-0.367011203909011 -0.0593981225180284 -0.321280798701162 -0.0571470812510482
-0.31550643514761 -0.13824961438154 -0.408466428364834 -0.256496159592177
-0.386383169231786 -0.179446309893573 -0.38930508629922 -0.059752254067531
-0.421083122699028 -0.143354789663098 -0.237851262011002 -0.0062752378330767
-0.405791874472867 0.107272277198866 -0.118403094646035 -0.014918198815137
-0.271160084868486 0.314838869531386 -0.0114054460415689 -0.00276439792039733
-0.0791041679262208 0.37987766909855 0.0333759264029321 -0.137165037105234
0.0759593588164788 0.365158460647194 -0.03452671388794 -0.214714081300365
0.202214858259498 0.293690548468705 -0.112938009174457 -0.24543213282379
0.224700364596257 0.273453816281822 -0.146877765687497 -0.228360536481144
0.252460145224839 0.258498199378875 -0.155639716038428 -0.209454150956802
0.212671355565801 0.376956343877006 -0.117551167387611 -0.207144985105988
0.0547892522778738 0.443752695141553 -0.0559070849693633 -0.161268469362324
-0.133456415412187 0.50432346626919 -0.0361665368755583 -0.0118170778073783
-0.407632565474035 0.336225142660594 -0.171749695379009 0.0673556279068393
-0.536917920829777 0.0102500099966013 -0.254724146203119 -0.0175406405942372
-0.508938843254724 -0.129434453201801 -0.264603480960688 -0.182892179737563
-0.489081787676051 -0.198867002638366 -0.237538037289239 0.015730423856227
-0.543704250391628 -0.14167104179899 -0.132848391482421 0.00709321501161258
-0.513070909361403 0.151489260534813 -0.10382107662394 -0.0240363267073596
-0.349860345432188 0.399926033794609 -0.0454031431702753 0.0124857803988132
-0.118047763855152 0.48656023121524 0.00818518220823705 -0.0493201834067616
0.0829768324193957 0.468293219708256 -0.00532318652069693 -0.0841658227380241
0.235443584640891 0.379600338146695 -0.0305094906919585 -0.109789090306454
0.258406687266487 0.342045230065552 -0.0352131385638725 -0.108147102689635
0.285524108501393 0.314872393743409 -0.0475336101354532 -0.0912043748437376
0.245324939115778 0.44172641524223 -0.0368852201681881 -0.0966287536215304
0.072998848353795 0.518138569265149 -0.0176105036263071 -0.0730997852815005
-0.126014710225979 0.584250996351719 -0.00395252749745249 0.0259445578698796
-0.43310362965895 0.420600842870714 -0.11826848617305 0.0852367483065927
-0.608277520977574 0.0763604369164906 -0.148780415394063 -0.00430322522330858
-0.612790150432359 -0.0967598029228693 -0.0737145156787046 -0.116653230970397
-0.524785466522463 -0.181273762250825 -0.0459067917869224 0.115264480724261
-0.59007243150998 -0.105638502189736 0.0140500801176571 0.0438924918091997
-0.542899243949219 0.192799234985243 -0.0586202073250001 -0.0184379494029209
-0.36085714110558 0.435190647996501 -0.0680015202215336 0.0365102375651188
-0.12603176819978 0.517736872284481 -0.016457480556554 0.061379096613528
0.0844948787639855 0.497630592456273 0.0281289647384624 0.0721123148361981
0.237218598688742 0.403477731940639 0.0592929687727827 0.0483518282653466
0.251790019551913 0.359533240732716 0.0811021684559774 0.0270345369557709
0.269776793813116 0.328797430701025 0.0674096660424852 0.0344812039596592
0.229501518648142 0.441879053786855 0.0532310807733118 0.0200780739014851
0.0589495136183778 0.507762201711013 0.0296103873285587 0.0223131840934808
-0.125264635566453 0.553559170797708 0.0285634785986909 0.0582382545480295
-0.395535611038264 0.40777744600228 -0.0584139117041818 0.0808646671100688
-0.574618311018121 0.10283252493307 -0.0319477623696831 -0.0129065868991144
-0.613298730718153 -0.0563249332369688 0.128957780616592 -0.0625324792099912
-0.477609402417067 -0.127012839208288 0.158438762837242 0.213592668159961
-0.525513149932372 -0.0422932483661806 0.172113593323204 0.0841942991485698
-0.45773395490354 0.205304041120659 0.0067135102290694 0.00289861311126043
-0.288678700598644 0.383614224441618 -0.0674326157844626 0.0660598434867964
-0.10511293907453 0.448124256386529 -0.0262221442873626 0.168873576468058
0.0773373216876522 0.433923983887643 0.068933816177168 0.220157893484487
0.204299839098651 0.359324829136017 0.145729279930851 0.198673401363586
0.20739756153156 0.323335772815576 0.184672890300192 0.15691918275244
0.212430079726907 0.300255529790649 0.16601013314555 0.153575083142708
0.165684967507113 0.385390773695769 0.124540058890253 0.131868172653165
0.0133311000945166 0.421623600446766 0.0614822337207831 0.112570036963148
-0.131800016628293 0.423688678600808 0.0406874949920197 0.0838441614551294
-0.310746925413126 0.307259274086794 -0.0114690760957636 0.0645063133295831
-0.456664686660776 0.0892599165121926 0.068275672751514 -0.0270097318079403
-0.519405408997309 -0.0218010670360356 0.306974548964869 -0.0158252405270933
-0.347624515304018 -0.047625043183311 0.339929497248622 0.286150048701765
-0.35264562103004 0.0252267013380329 0.307239596084814 0.109167573771944
-0.272123178104968 0.168398772398933 0.0789224622567675 0.0238745614936461
-0.159495477365028 0.244748340192333 -0.0414242382261211 0.0824717775355602
-0.0660240767875776 0.288619239013905 -0.0174011896256686 0.2401042257523
0.054701062610965 0.292687599987356 0.110719107808752 0.324939117877576
0.13583995269711 0.255290836054886 0.217427615324998 0.31270025174945
0.131929429543844 0.238090490133188 0.261271796468774 0.264453974346837
0.125022228152491 0.230447620077922 0.231759714632426 0.255361190633396
0.0802558854648738 0.277298472808883 0.159564980030956 0.230419439290047
-0.0315075033675191 0.276584879212555 0.0606026165148468 0.189067936270734
-0.116158165339986 0.236027955894977 0.0270971626216845 0.0999994347535457
-0.186417277954482 0.169307382741381 0.0184854862534816 0.0435018524829288
-0.280266304143114 0.0640635303830741 0.138260888429015 -0.033239763482853
-0.359845432587339 0.0158741489264896 0.435657415697197 0.0253330540923841
-0.152306365192225 0.0312912208448681 0.465762869817162 0.318727126911302
-0.11298524300083 0.0664541249894102 0.401162377842402 0.106232718768066
-0.0485172599488333 0.0800843088401285 0.146933756779233 0.0233427202866259
-0.0272160750792943 0.0532148362938861 -0.00294375189390037 0.0701241567630707
-0.0355528718676373 0.0867413926648491 0.00230578047231877 0.261060529323811
0.0108071599691664 0.109670502714193 0.141097492097922 0.366150215563766
0.0405362595481253 0.115849627499337 0.260094041602959 0.370443528603108
0.0367475688328006 0.117004852894753 0.29730990846559 0.328739976476752
0.0286232179468141 0.12165459860451 0.255894156981625 0.325158187886238
0.00448831477552153 0.128415475411054 0.155370538167128 0.302720419285864
-0.0444012560222217 0.104372387738042 0.0321365341321928 0.240508752174074
-0.0576963476354233 0.0488916874759299 -0.0018231617785995 0.100990613372056
-0.0349914153806208 0.054974056950284 0.0377218250378837 0.021778128066373
-0.0852374331619155 0.0661496315832349 0.179736638615785 -0.0267917065583693
-0.163704922960634 0.0636174313894877 0.498899778753154 0.0559503871543425
-0.0591633085457802 -0.0851717616018813 -0.526879335412617 -0.0841672025472882
-0.0998536833775022 -0.0903046974234516 -0.301478988159923 0.0443665074210746
-0.123803599489255 0.0253056869767688 -0.0715886263333402 0.00404890961565608
-0.0491804794218846 0.100261698613456 0.0390367336817659 -0.0430155860114947
0.0198023386317184 0.0742996314691544 0.0261743634456571 -0.233162238447609
0.0355600808120047 0.0486055499662689 -0.109952065886039 -0.339823023942818
0.0576455680568072 0.0193491711663963 -0.234415036202626 -0.372595425170945
0.0669076570183059 0.021994091500507 -0.296747346896985 -0.357505391581249
0.0828323452998958 0.029382358146465 -0.279527512173317 -0.362725629910403
0.0717704261597552 0.0823555874730353 -0.185738149070029 -0.352543668417107
0.0238614025195022 0.116411277015649 -0.060388715658827 -0.274405287155158
-0.0545242347573439 0.14950497388435 -0.0508800419884647 -0.0931774707717688
-0.156009949585142 0.0464684499724544 -0.181435507783586 -0.0177298383094758
-0.1317657005747 -0.095340556210648 -0.33989288078933 -0.105214699387013
-0.0702821811376291 -0.107512136900226 -0.48520434172381 -0.321512766171587
-0.236644945138919 -0.136066557095563 -0.492805508060492 -0.0958223978001498
-0.270287918309936 -0.120057865974105 -0.294601888218793 0.00799950514094782
-0.268431170871228 0.0707417725902448 -0.10506076199155 -0.00262619427952498
-0.160834386437178 0.217120409952207 0.0205007991223586 -0.017936585669415
-0.0246683540369514 0.236549988359149 0.040365261494267 -0.199511311423734
0.0651977581221964 0.217023678552011 -0.071778149351669 -0.303330806202873
0.143581091376854 0.166890263096974 -0.187105465777326 -0.337552264600008
0.160181624727066 0.162419238804148 -0.242783668770665 -0.317941740636416
0.180831242713826 0.162037865016177 -0.240412286971818 -0.307495816371558
0.147529130931223 0.256232527929033 -0.171931846492301 -0.300327611265752
0.0301311389714894 0.306277468917398 -0.0705704095624168 -0.233754581702009
-0.116719471569696 0.348930974044861 -0.0527913386642206 -0.0548022031289758
-0.319494760041238 0.195181158761672 -0.194869196381526 0.0308095852991357
-0.372778717757361 -0.061635465875835 -0.325368630676541 -0.0586581850266853
-0.316053943931527 -0.142026494017087 -0.414166461044083 -0.259672072288747
-0.386939932234175 -0.179962636121724 -0.396178941293287 -0.0595352753296879
-0.426688408161575 -0.147432411412841 -0.242197785332771 -0.00785283032724201
-0.406164728613649 0.107056894270916 -0.121983494315245 -0.0187684362475265
-0.273306940458021 0.318803316770257 -0.0126260607633757 -0.0031663995772393
-0.0784401683815661 0.382967198097093 0.0298907631656123 -0.139162617199105
0.0797749362938397 0.369214038042708 -0.0377676743840348 -0.217217533290278
0.206645584978442 0.296500536089333 -0.117629042170412 -0.245886834130371
0.22975490681439 0.276150844681819 -0.150583868812563 -0.231770437161309
0.255123227080406 0.261235534783973 -0.158335365144639 -0.21161912585325
0.217875930305763 0.380715422708126 -0.120646057790507 -0.209825752780309
0.0566457239730154 0.451446758261013 -0.0562486715453462 -0.162366710362392
-0.131698009833286 0.511763233126147 -0.0353666390955737 -0.0136977882107414
-0.413359283370707 0.340044584701895 -0.169991043519699 0.0710306714062384
-0.544415854315035 0.00950787338324113 -0.257452389371209 -0.0184624405787725
-0.510147267743345 -0.133036666380188 -0.269776186661302 -0.187464604502236
-0.489784046496857 -0.199512792113756 -0.243058126502524 0.0163986287988615
-0.550079769419396 -0.144925555925988 -0.135861749680013 0.00552497236474877
-0.513984337945947 0.15087139371252 -0.108043306494564 -0.0287085085487952
-0.351898186662201 0.404863903431139 -0.0483928960010831 0.012286203315146
-0.11892482780936 0.49062849620185 0.00298890998685537 -0.0506862248354107
0.0871245468799365 0.475541508083192 -0.00708067878189454 -0.0854515026145311
0.241853093318178 0.383897415185234 -0.0322165049212348 -0.109616157419002
0.263729073001484 0.345706734710714 -0.0374643692720315 -0.110701957151588
0.288473992990789 0.318598499836853 -0.0479911772090751 -0.092222479997387
0.252839725776197 0.445846921257235 -0.0389023356996278 -0.098207727102555
0.0755993463420046 0.52671335674415 -0.0171335371350596 -0.072841258915628
-0.124117652171594 0.592840653732727 -0.0026715931587971 0.0235948808753217
-0.436245811022468 0.426401763654318 -0.115729031861576 0.0891574860282731
-0.617059497351391 0.0773827165270235 -0.150302661764186 -0.00255980501649075
-0.615476808523234 -0.0995443628036689 -0.074658297499829 -0.120859792297421
-0.524924317386567 -0.181619705840379 -0.0507380221187004 0.116922520591324
-0.597867183346047 -0.107815644048048 0.0122833641100049 0.0420754512741654
-0.543959263497962 0.192509469600995 -0.0627362373808943 -0.0222053794212953
-0.364807407262484 0.440577011928036 -0.0711611584176442 0.0366469122625384
-0.126264921835278 0.522944727896521 -0.0220027319087107 0.0602869534446356
0.0902454676737777 0.502897916834674 0.0285299308702802 0.0721176226805355
0.243459174147615 0.408540665060398 0.0605247374087197 0.04926674373215
0.2588579939756 0.36438935635356 0.0801374985631418 0.0252107388335922
0.273473338319884 0.333471891941214 0.0685441136870455 0.0340433092645173
0.234774234494775 0.446223720860172 0.05319499031446 0.019831067239524
0.0610195759909141 0.515503514735703 0.0310546851489042 0.0238337109596285
-0.122271289366611 0.560956468214725 0.028905627669187 0.0569135574166309
-0.398299279576943 0.413303049420046 -0.055201306872394 0.0846047656576543
-0.582250151953647 0.102139642980339 -0.0322444164757193 -0.00986622216741345
-0.616001583231334 -0.0586441150723386 0.129906881046922 -0.0666295067411015
-0.478680072095282 -0.12668813603073 0.15491174019753 0.216519756257517
-0.532753756692888 -0.04318224137742 0.172309428941552 0.0833852964730005
-0.457504915596607 0.206394515689136 0.00395399089195437 -0.000111187792794531
-0.290325778649205 0.387458865110267 -0.0711403885534851 0.0663200417399441
-0.10375650702607 0.453248834042495 -0.0308313672534687 0.168246240779224
0.0823471707541251 0.438998599761185 0.0701297708053186 0.221395548641934
0.20870823423493 0.362864510904975 0.149439252427738 0.200276476451624
0.214023296409825 0.327455608494169 0.186202778226383 0.156497166686157
0.214784832849857 0.306161702121952 0.168988899829136 0.154555033785888
0.170085512100851 0.390428653034577 0.127179498330068 0.132923182949474
0.014653729146689 0.427612970915371 0.0637844313779591 0.11507172571069
-0.129220179276135 0.428476886461388 0.0411892899893647 0.0833042636379009
-0.31254321321172 0.311227362943401 -0.00855940344719853 0.068180227773264
-0.461660727518179 0.0899026326019077 0.0689785871541898 -0.0240640072293968
-0.523383821532555 -0.0214466111764089 0.310895061446277 -0.0201406791232666
-0.349593655787228 -0.0459583140600744 0.338849525293216 0.289392032307733
-0.356845112827273 0.0275405663945963 0.309537584551421 0.109351498858457
-0.272169557742142 0.171426602325324 0.0786572077785748 0.0222423615788095
-0.160987556413942 0.24635702226938 -0.0442312941328854 0.0835854883922206
-0.0653297268428588 0.292601607792562 -0.0204278096995845 0.240883063001034
0.0578591526395895 0.295878563911596 0.11388652220697 0.327261533498865
0.14007322041873 0.258045659002631 0.22309683188311 0.314761004658796
0.136792879567758 0.241579578192528 0.263986201055671 0.264048980805432
0.127261042498007 0.234876419832962 0.23541412516528 0.256126828064666
0.0827535080097334 0.280306555927042 0.163200858505072 0.232048727945986
-0.0305003852559856 0.280270116123849 0.0635502217152613 0.192112565193474
-0.11451790645323 0.237593860851599 0.027067243365392 0.100100133288194
-0.18550410207038 0.170750311936194 0.0190813607505359 0.0465587133266238
-0.283484663562554 0.0660880587925308 0.139533337365662 -0.0307627687463226
-0.361476624267605 0.016672488321334 0.441840784373405 0.0202852298850249
-0.154041664535876 0.0337809936753667 0.467436003089864 0.32217290963415
-0.11304539488602 0.0691870842725334 0.404045954161511 0.107961350409576
-0.0477546525121853 0.0813245289008767 0.148040485713469 0.0222548903069554
-0.0269336168480375 0.052125550352873 -0.00566193927741792 0.070645979758504
-0.0351752138914367 0.0883721327123944 0.000404056512400297 0.26212007494642
0.0125305229872697 0.110873652981681 0.144885098031416 0.369456003166141
0.042580706963074 0.116967387440649 0.26721940056665 0.371949677909718
0.0389346738799021 0.119271555009536 0.30278251946032 0.330669677444297
0.0294464683954856 0.124957250654507 0.260042230520058 0.326588156958126
0.00461609009106379 0.130040467452521 0.160178853835141 0.305718067757226
-0.0442709439356206 0.104955165633702 0.0357111204990311 0.243603442883111
-0.0568971172481582 0.0475468039579566 -0.00218678612205675 0.101796225143488
-0.0319376917746571 0.0555337587573512 0.0374968652534192 0.0230249267027995
-0.0862156159599138 0.0686391316990378 0.18189582363236 -0.024848444356281
-0.164336287343945 0.0665753104982761 0.507174595132483 0.0520606550405837
-0.0611550403943827 -0.0876254924068066 -0.543733395635105 -0.0746179004821506
-0.107261851790018 -0.0936091194494644 -0.308726211630833 0.0521053610060514
-0.127143395059972 0.0283860129107058 -0.0743261634886152 0.00413532595875221
-0.0491149873260081 0.106344876419309 0.0393528954325367 -0.0454469824309498
0.0219734190955357 0.0762083404477367 0.0205148622132635 -0.238567464667263
0.0376099212203335 0.0492333028936909 -0.123381823485693 -0.345238205830036
0.0591978100374415 0.0186587316999627 -0.253739869645878 -0.374877822308543
0.0686009999303658 0.0198760907971087 -0.315216696335116 -0.359291233368957
0.0854849353180832 0.0265046919207139 -0.296330611249595 -0.365554044102936
0.0768369104625125 0.082633955508067 -0.20015290283057 -0.359066854421222
0.0276564035725531 0.120728823153028 -0.0686135865260364 -0.281735886398522
-0.0527995077158101 0.156316647869264 -0.0524003679522738 -0.0946068421325962
-0.161636907701736 0.0514479030464413 -0.184349376675483 -0.0138029483773389
-0.138176726446912 -0.0967762703393888 -0.352490268031067 -0.10431725919588
-0.0735845395002541 -0.110069570192852 -0.506120017350612 -0.318927330625613
-0.242834188271103 -0.135722253540206 -0.510361149829959 -0.0867996526285253
-0.281714037581328 -0.120276467200657 -0.304002754964899 0.0145578288627027
-0.273364876083399 0.0774887106731745 -0.110353660317577 -0.00309523027280537
-0.159885018542831 0.229093084981805 0.0201608437474987 -0.0194574430225329
-0.0197358006542979 0.244285802580629 0.0339326600520783 -0.204465304605276
0.0731288999280152 0.221900168669264 -0.0834576757990466 -0.308938577483477
0.151732334500445 0.168455122727132 -0.204137329235614 -0.341003798720958
0.169459793215262 0.162346445017179 -0.258711357564746 -0.32052485477105
0.189187959209287 0.161624382300843 -0.254490802417896 -0.311100718680055
0.159914184192954 0.259331401013082 -0.185299043126969 -0.305866513117014
0.0390116655849759 0.316920214008915 -0.0770775663335365 -0.238629727250802
-0.109811281233348 0.364869764771725 -0.0545843513499217 -0.0563983613088906
-0.326514995766805 0.207878076755136 -0.196666844601995 0.0364320337192295
-0.386513535958585 -0.0560497460492332 -0.336248665077043 -0.054474373773214
-0.326978879062343 -0.140929660528379 -0.432130569991692 -0.258488134320277
-0.396479643086214 -0.178138829082419 -0.410328908091579 -0.0511286345642804
-0.442087766325978 -0.144453091338415 -0.250793634532363 -0.00497873674815908
-0.412677126064091 0.116478422326793 -0.129603126380031 -0.0197610969146566
-0.274110726846566 0.335354166132171 -0.0146695043739805 -0.00261493219105723
-0.0719154456969143 0.395979125745102 0.0236000423178398 -0.143593389764532
0.0931766774828152 0.378688276154226 -0.0463296386470571 -0.2220267976284
0.221173649963476 0.300666278553412 -0.128432550979245 -0.247933774568393
0.244925099091533 0.278238823288894 -0.162925756053894 -0.23444291240023
0.268110541157627 0.263198173561652 -0.167663041235598 -0.213761912586146
0.235335303808715 0.385241601198671 -0.13080235803123 -0.213902874018987
0.0697791941111282 0.465618242819471 -0.0611963669497512 -0.165510757158614
-0.119754910052651 0.531620868431113 -0.0364818567880507 -0.0151006459241778
-0.418713455528908 0.359419976040119 -0.168427264406791 0.0781296913109782
-0.562808050281469 0.0207545397731949 -0.265742035396651 -0.0130898566560693
-0.526743443428083 -0.128276074739164 -0.280795517051621 -0.188457336180898
-0.501150403267477 -0.193855275546515 -0.253360055496885 0.02392192497044
-0.568692039163712 -0.139170397959261 -0.141450735738034 0.00665099737478633
-0.520967153534891 0.162949300480047 -0.116457422049977 -0.0310656011428335
-0.352842651475834 0.425752526000976 -0.051406071817916 0.0134350872136475
-0.111320732622592 0.508786676666715 -0.00328053554310828 -0.0530497626347276
0.103074102974853 0.487270500817187 -0.011327485961438 -0.088224592675231
0.25836514793908 0.387711437711142 -0.0359624823729315 -0.110936413208342
0.282909985162771 0.350025949521113 -0.0431419647195886 -0.113647154943096
0.302938969047375 0.323841473055018 -0.0512520247827628 -0.0937366061409443
0.272437148254634 0.452475015550155 -0.0432150146431806 -0.100940288358257
0.0895430166021511 0.542737944386042 -0.0182253258980893 -0.0737193320454173
-0.111573989047479 0.612960995072006 -0.00259464562222709 0.0225251993277291
-0.441128686289095 0.447689728483617 -0.112182116160561 0.0964438120052814
-0.634231431286346 0.0912576116148809 -0.154648178804995 0.00177969674158967
-0.630350146499252 -0.0917734321284481 -0.080305755570892 -0.125601447630167
-0.53848968103207 -0.175228246999456 -0.0539313887595119 0.123312629991405
-0.617426099670814 -0.10024983171719 0.0111036455267309 0.0417795914700012
-0.551476008881597 0.206476797244358 -0.0687988353865435 -0.0247708206543324
-0.364880978326972 0.459662394221979 -0.0754554606656023 0.0391731591942516
-0.118422343737914 0.542634910333971 -0.027430987683693 0.0617186608488872
0.106026905967873 0.515678759696127 0.0294436217792279 0.0725448399663197
0.262274546577542 0.413297974544795 0.0644546899524366 0.0495495342413251
0.276824944000158 0.368809390209845 0.081125535810313 0.022628415813708
0.287988241458725 0.338779001071288 0.0715589106288124 0.0339071386752872
0.255164402186568 0.454029018905286 0.0548546170865384 0.0186966787642911
0.0757058044493972 0.532533143582631 0.0340942812417273 0.0250108613920177
-0.109901177647071 0.579855204270439 0.0304611073118019 0.0558494748502563
-0.399189610550474 0.434468816366232 -0.051308239315841 0.0908511314790061
-0.599285961584314 0.116950660465241 -0.0330132446671996 -0.00694500692340502
-0.632270419702728 -0.0483564711058294 0.132148678967378 -0.0748721691539661
-0.492198305760197 -0.117898330045218 0.158672787464425 0.221042590682682
-0.549643432374806 -0.0311305162861027 0.17659974380348 0.0810654142202162
-0.463464789334326 0.221652076408511 0.000843092757274505 -0.00234694096262426
-0.28855038168719 0.404475040743049 -0.0743369930475099 0.0702375955002305
-0.0959107255912093 0.469028634060857 -0.0340112239177184 0.172294963334365
0.0982813583032969 0.449298383720031 0.0767292617811033 0.224776151127321
0.226303205629443 0.367732986960195 0.160385632867505 0.201879469038591
0.230526528399862 0.332960963976213 0.193228560258611 0.154701780003779
0.228699190019701 0.31157030067239 0.178049620566055 0.154576096193698
0.185139960053877 0.397352657755534 0.134117433799876 0.133380024178436
0.0257067391535844 0.441924198258836 0.070170862735045 0.118356594397362
-0.118046836686258 0.44194712515744 0.0430869127580711 0.0833463721664554
-0.311715258036669 0.325789780099871 -0.00484533093332982 0.0730203800914901
-0.47243904280357 0.10309737322249 0.0706263633038227 -0.0236754200393827
-0.534187608672899 -0.0115562222856403 0.319295999829279 -0.0321400174061617
-0.358325597136171 -0.0384047522551996 0.349573366142389 0.291873728322008
-0.366566168954244 0.0373725631533073 0.319204384617405 0.105452129487981
-0.273082656208393 0.181533725527959 0.0795001565892805 0.0198883538413044
-0.158947509245892 0.256016613100173 -0.046356737091602 0.0873392266880398
-0.0593338852096615 0.303666553693132 -0.0200771786815931 0.24704585819181
0.068619962895624 0.302518085620083 0.124320266422641 0.332121001646747
0.151803979806906 0.262086657530847 0.239479136458398 0.316771069923349
0.149173321473039 0.246350817236581 0.277367147554546 0.263361039968883
0.13784867923047 0.240625547695882 0.249483161117993 0.25771644076284
0.0930221771036194 0.286363274088133 0.175003543938154 0.234811846461579
-0.0243765019796251 0.289379569214991 0.0718128546469075 0.197269595579625
-0.110150567513718 0.244960712595361 0.0290835826963017 0.101699694161596
-0.18398818709746 0.179058291259458 0.021580771149636 0.0497431509221801
-0.289827089970653 0.074965274562083 0.143450279191076 -0.0317901472210641
-0.369143100482041 0.0263970705785812 0.454007037916671 0.00608490609256212
-0.15709895448753 0.0396492275099241 0.480658004875851 0.322652870955342
-0.113627023103348 0.0750615658438732 0.415335787532992 0.101825219105467
-0.0456953485060573 0.085162334253574 0.151916776273082 0.019206542780527
-0.0263707195661898 0.0523142873376196 -0.006325506839451 0.0732817730221117
-0.033261498936464 0.0920684236144534 0.00398586017954793 0.26842623780818
0.0163581181172476 0.113149905241169 0.157877248011994 0.375444655298708
0.0474367828872271 0.118864484098542 0.28661936624763 0.375363286005472
0.0449797949735293 0.122897100845684 0.318346219917541 0.330634631902891
0.0342163736022927 0.129895450014746 0.276528413719074 0.328291775593485
0.00846278091459443 0.133712971096317 0.174764715608725 0.309962553343141
-0.0426263149161722 0.108131393590026 0.0446426114813149 0.249827042869186
-0.0562867214578777 0.0479347737580246 -0.000486921879661195 0.104968691084098
-0.0279108452655981 0.0573956034653824 0.0381974441422819 0.0246100624999307
-0.0865799322502139 0.0738184563638894 0.187279818723802 -0.0274757637214201
-0.166487522120205 0.0735635590853281 0.522733118907159 0.0369188794460889
-0.0659549240899552 -0.0884909821579858 -0.55978871685501 -0.0478284518347783
-0.117398253391241 -0.0922920465436008 -0.313118544057548 0.0696068615074092
-0.129270156945178 0.0361175159176312 -0.0773072175579895 0.00593086430351535
-0.0442424278656095 0.114038006088101 0.0378851523454572 -0.0496799351966536
0.0260930813022712 0.0772647886928481 0.00715459399290991 -0.243510986839953
0.0410234701038881 0.0492791984409694 -0.147605803949041 -0.343908922319049
0.0607980627009544 0.0165888034773367 -0.282828037322367 -0.366915003385076
0.0699019768383738 0.0158417663619333 -0.342465590541765 -0.350087025024227
0.0878385476989828 0.0208473645183391 -0.323133835859259 -0.357775938803475
0.0842222434902248 0.0799788113020497 -0.225667334600848 -0.358126270740612
0.0347205121936458 0.124045363024384 -0.0841311352464424 -0.286013868532598
-0.0452201645576082 0.164712026876209 -0.056623123826066 -0.0943201295348247
-0.165955892106595 0.0613607220898194 -0.186352016933419 -0.00540729958106009
-0.147434003420793 -0.093177693656742 -0.367950775875744 -0.090229992580949
-0.0805118307681581 -0.110873867465767 -0.53446867904604 -0.298877824657291
-0.251841739146776 -0.127383661497446 -0.525744508688876 -0.0606466858329921
-0.296289087870968 -0.11099167487572 -0.31162336571275 0.0289905356303755
-0.27421574161781 0.0916591152673942 -0.115834466516333 -0.000138983542651573
-0.151145117854286 0.244623081415766 0.0192685319105212 -0.0210485593026922
-0.00696310668624788 0.251059070216745 0.022068015479496 -0.209685821701658
0.0878852407067459 0.224044409532316 -0.104783428628418 -0.310511179208555
0.164764414656954 0.164591372609074 -0.228843547792327 -0.334206329917961
0.182255988240007 0.156333447457822 -0.283178640772258 -0.314071275036441
0.201580764203736 0.15464119409018 -0.277168910950144 -0.303883212740865
0.179926402710751 0.25598829786464 -0.207654705244116 -0.304121980570554
0.0572324454764557 0.325297278919423 -0.0913301523239739 -0.241004301654454
-0.0926233325874299 0.380582771224901 -0.0579527019710701 -0.0558576679226368
-0.325326345553349 0.230865939242286 -0.195156219272564 0.0481191002872266
-0.40009488918025 -0.0393512076251645 -0.348590944171823 -0.0397189983663601
-0.340075298692131 -0.130066185973398 -0.453795331290154 -0.241691597287199
-0.409445435791064 -0.161380780195164 -0.424228807570915 -0.0302405462535798
-0.460943695719835 -0.126884374446377 -0.258434487961682 0.00641905696386942
-0.413100128011537 0.137052063627954 -0.13716629518543 -0.0159930260791278
-0.262245142865545 0.358536649720016 -0.0167019876759407 -0.00188479015379587
-0.0525178097965139 0.409529158265567 0.0123043391605072 -0.147448614943211
0.116653409334916 0.382891915560227 -0.0623438242380946 -0.223956479527082
0.24346294091701 0.295014250177523 -0.145479132957496 -0.245265581002436
0.267036718471041 0.271774319093012 -0.180788775540648 -0.230874542802546
0.287555808360871 0.255715569436471 -0.182803829140933 -0.209197282161993
0.263535976454143 0.381567134917436 -0.146592852813311 -0.212405846198037
0.0967340784522142 0.47560044795905 -0.0712547108922172 -0.1663521921766
-0.092694418530122 0.551077940020952 -0.0375525974810056 -0.0147258029853059
-0.411569191170912 0.390271257228857 -0.163700210571049 0.0899460762004658
-0.576493111110645 0.047073213997109 -0.273388480460431 0.000201183148906516
-0.541075185908815 -0.107408383127938 -0.296319072577662 -0.179775027185042
-0.516433538775237 -0.175212085129716 -0.260541150587863 0.0392109305427647
-0.59024482247438 -0.11566998645581 -0.147468925151351 0.0124943510084067
-0.52236768245004 0.18824866665841 -0.124614773400842 -0.027515238044467
-0.337310650241813 0.453837442940907 -0.0540040539877509 0.0166077970714646
-0.0863631046696383 0.527860783828412 -0.0117494006162824 -0.0534280562882965
0.135427894577526 0.492014501228827 -0.019088506105542 -0.0886781910050385
0.287122076661526 0.382488305291514 -0.0424792490914086 -0.110771967147261
0.310957572159027 0.343614461408175 -0.0525812524071857 -0.114427811198431
0.327003200113218 0.31689728476138 -0.0564131077328997 -0.0926845886866192
0.303003883746177 0.449005890256585 -0.0504198485582132 -0.101267261755123
0.12090187721556 0.554854577301844 -0.0216815983180853 -0.0736529986012206
-0.0780828053737006 0.635042125427434 -0.00201185093880764 0.0223924874418223
-0.429208349954555 0.480618145601256 -0.10433375267013 0.105948767521178
-0.6470324967847 0.12544524851465 -0.157590487787264 0.0114088045380048
-0.64682221346909 -0.0647400588015661 -0.0890084236870434 -0.127212868728674
-0.554897810457626 -0.151758534466804 -0.0530669918872722 0.131835716628654
-0.637585833836503 -0.0718813558250198 0.0107286930515701 0.0409290322870596
-0.550198346282242 0.236029708503891 -0.0760078939748125 -0.0232728834427553
-0.347421406081401 0.48998199209495 -0.0773375645586672 0.0443287152207457
-0.0921543444825456 0.561308374943977 -0.0310110854909931 0.064153992821766
0.137942327725237 0.522505785838177 0.0311578604899561 0.0730170811267145
0.292067717681606 0.407253908528119 0.0687865105077607 0.0464457153832971
0.30661533731331 0.363147674040359 0.0825056963093375 0.0178460617574146
0.313416918404173 0.334315628655432 0.076445830237866 0.0307814490914106
0.284900967265888 0.451489406797659 0.0570504837417572 0.0162514261737087
0.105791697239951 0.544066385195557 0.0376206968529209 0.0243526113617019
-0.0789225522052624 0.599378349865313 0.0326636411373445 0.0547801459917173
-0.386107762725213 0.464936187914884 -0.0430834611329239 0.0977014966063175
-0.610050691463786 0.149291300014715 -0.0330115094592153 -0.00231535338950059
-0.644257369326007 -0.0207579055849049 0.129936329919245 -0.0871963060803583
-0.50515472060771 -0.0964359517812495 0.169047327251365 0.22083191907227
-0.565017056197921 -0.00399427341800601 0.182623479076343 0.0734372160140711
-0.459061349276779 0.246955410122216 -0.00250172959075644 -0.00310624742544656
-0.274869020965094 0.428070620961935 -0.0748402643327872 0.0765168015297845
-0.0736784445052254 0.487243051620923 -0.0323143226074552 0.178197507082207
0.126259001731038 0.454885449533143 0.0885180148245178 0.225892684638932
0.253411958825096 0.363861817059635 0.176021733168865 0.195815853655614
0.257531843709481 0.328904934019749 0.204875200397524 0.146761344532206
0.251736573741281 0.309886310566171 0.191767051763287 0.148528729241483
0.212147542837547 0.396271341323917 0.145009474439669 0.129353986525078
0.0518501812778353 0.453394656162513 0.0794227736938393 0.118049737607665
-0.0960956624796933 0.45757593121237 0.0472010443858149 0.0829572039998905
-0.302012293489733 0.348955340398033 0.00225901164857203 0.0773416354341643
-0.480723985368153 0.128711162456008 0.072393981258522 -0.0242020733188172
-0.543037388111236 0.0145301628501466 0.323863958092771 -0.0540697061401129
-0.365928889413961 -0.0196081063117292 0.366231673068789 0.283631911155208
-0.372989652330628 0.0579458331783423 0.329796826345176 0.0916747456338518
-0.26728786004118 0.199198808999021 0.0797503095958933 0.0163926237816301
-0.149498098647119 0.268942864399247 -0.0451810103199999 0.0926533928857088
-0.0443157824234422 0.314767256355382 -0.0125601595660028 0.253441309963995
0.087808758005444 0.305401760516394 0.143746746772855 0.332565618340505
0.172038035015561 0.258623659298595 0.262979325083825 0.307747371456848
0.168911095506441 0.244722356448437 0.296228652104883 0.253166910390221
0.154785849098271 0.241609758769037 0.269885171778468 0.24945996659915
0.110692343216836 0.28856451181382 0.193948867576056 0.230334417497645
-0.0082039193442641 0.297954416638383 0.0857368265690036 0.198533949461481
-0.097934749518986 0.254081156990322 0.0336908656085907 0.102740381203072
-0.175821495977215 0.19152402248303 0.0261097484051099 0.0522039388876011
-0.292765903304161 0.0930752919778267 0.145955801965424 -0.0371739054023656
-0.373720809987352 0.0464040153381481 0.464231793119519 -0.0228628870529155
-0.157758593173132 0.0498019587904045 0.504912644245496 0.307698875850906
-0.110676515893279 0.0847624541744849 0.430069372076385 0.083072123642128
-0.0394933421058689 0.0899227649678248 0.15586481926962 0.0125407707530069
-0.0247846883162541 0.0525450655617311 -0.00450071880099998 0.0758890964611345
-0.0289960562696616 0.0961483113908128 0.0147811574230339 0.274531659378481
0.0237111949395 0.114511155689443 0.181321721204656 0.375301881383376
0.0560267643655844 0.118114453613963 0.313137004825825 0.364930431049072
0.0546036882501807 0.123963096963206 0.342982268694166 0.319837111330644
0.0437541801057274 0.133093975676754 0.301229723387915 0.320047571762373
0.0156597389129735 0.13700095539639 0.197057049174072 0.307265167443717
-0.0376252883617614 0.111887965326233 0.0612423882318368 0.254322980220967
-0.053889808404037 0.0494493978998434 0.00457265451374378 0.107840775454072
-0.0221921577738369 0.0590733297466245 0.0398178424115505 0.0252843239450727
-0.0839306393226811 0.0822383099980793 0.19137570320442 -0.0353459451276716
-0.164962827568801 0.0850738345063522 0.535555512386816 0.00544668561317411
-0.0156446346753723 -0.104414496576695 -0.492411779441299 -0.287090362219205
-0.0644325142255388 -0.135627421119957 -0.313295129584805 -0.0694494435947292
-0.134335425931856 -0.0237514470790741 -0.0689288460491931 -0.0282300231338226
-0.0899476541857614 0.0858746845576931 0.0585078493257243 -0.0283902226914875
-0.0132386767212186 0.0827424737107724 0.114828261009586 -0.217188561990211
0.0128724427622911 0.0642707665116573 0.0163990897516745 -0.37395405929651
0.0444845405828464 0.0385063007379548 -0.0979826700999654 -0.451536770543653
0.0545328441228743 0.0433612237471642 -0.160623717715972 -0.456973090421101
0.0668502988168241 0.0540859663233793 -0.140900727389803 -0.456814188077902
0.0413775379130832 0.106311058469754 -0.0535841864808666 -0.415658356915869
-0.0224169122480465 0.128377965183834 0.0432978098747324 -0.292511416078918
-0.111967211840274 0.129298687182227 -0.0125687670561401 -0.106832290819653
-0.180910857761104 -0.0183879279912628 -0.166193896534038 -0.0902621695722686
-0.0983973744588574 -0.151148718053898 -0.290668908503172 -0.252644740107828
-0.0256771873946954 -0.135160571677815 -0.339254632629347 -0.51796141068801
-0.165535605355609 -0.22051300326584 -0.458671844538461 -0.27866671035251
-0.219244994222599 -0.229629463301567 -0.290753729016814 -0.101914376297466
-0.28659387460071 -0.0366828585277778 -0.0979380600021054 -0.0481325372128587
-0.240489347259292 0.156859873411138 0.0328146574158048 -0.00643062074111298
-0.118065039546795 0.224536685806425 0.119642240195573 -0.178009678291749
-0.0180391207822006 0.242594828014255 0.044861357769798 -0.328067112157932
0.0773786932318626 0.218539400719453 -0.0608945575527333 -0.399679967293734
0.0975181912499347 0.221989188821152 -0.120557874241693 -0.39947465857691
0.113664216643297 0.224844486710301 -0.122606232359914 -0.388310063798055
0.0558612889784001 0.30697936399941 -0.0627054759954587 -0.356974131988869
-0.0864346341938733 0.322523034913654 0.0125442766774409 -0.250985024344618
-0.244193685246949 0.303212442294753 -0.0370308677589487 -0.0691675636848374
-0.398994730175346 0.064995764578898 -0.202726858471824 -0.0474712266814387
-0.352312763771704 -0.209915232123139 -0.293960994084722 -0.204435395406636
-0.251364479139736 -0.264240825168256 -0.290633301750087 -0.433786399685386
-0.29342444893133 -0.320653204833182 -0.380478360304152 -0.201840938769945
-0.361944688441085 -0.315712561561111 -0.229286692539089 -0.0968638278759368
-0.431879368524105 -0.0577120444105497 -0.107794947720613 -0.0688706722335534
-0.386383844518144 0.21098959097665 -0.00536656688254362 -0.00105818338106549
-0.227034826007562 0.347576087398598 0.0910017754410472 -0.122893601325923
-0.0577506799229013 0.398152434182043 0.0496453546229897 -0.233685313171229
0.0940444832946832 0.371393987680068 -0.0225818365445107 -0.284579390449209
0.126050941629918 0.366441266745203 -0.0622611395023439 -0.282732517169584
0.149104281730486 0.353795899654049 -0.0773919542753276 -0.262852546313183
0.0813667130855062 0.456404099569271 -0.0478205221804293 -0.247596683686128
-0.114930697271576 0.478771764820029 -0.00474455025249355 -0.170665172568234
-0.316131035863778 0.45619180221231 -0.0406979708322554 -0.0202724291171086
-0.546423800033727 0.173339415391016 -0.196957682274774 0.00438294235913628
-0.54585991718949 -0.20804998288916 -0.244203840945302 -0.137037835360635
-0.442053123364853 -0.329091288685119 -0.176213323600482 -0.307168993924236
-0.385688685075989 -0.380725116859071 -0.263248520395098 -0.0640320540387937
-0.485703124254864 -0.360083788025046 -0.127565710123807 -0.0404327018007057
-0.553677224981299 -0.0556608695035524 -0.0880494356076466 -0.0717844805120691
-0.495148881394004 0.262643421823982 -0.0449113567496744 0.00200643028903681
-0.307648428022939 0.43835409144142 0.0325028550636873 -0.0466352169311948
-0.0886938646882236 0.504913055505123 0.0318642018785266 -0.0944535138991937
0.09843959961038 0.47021554596825 0.0146212196207082 -0.12007143221708
0.134974717206755 0.450989951643816 0.00367839578275357 -0.124776086315839
0.163020441366243 0.427210315201324 -0.013170755562094 -0.105416536683119
0.0911894389705125 0.534245383523762 -0.00896421185136224 -0.106686372358109
-0.124382278135406 0.560027275375606 -0.000560876522067727 -0.0645577088624623
-0.337281053979423 0.536681354128794 -0.0267269253190683 0.0298543382728236
-0.598998404579934 0.246946283630016 -0.153418949939084 0.0467331205464252
-0.642069114177231 -0.167165105201628 -0.144258131258898 -0.0758665970581178
-0.553405847215314 -0.336512499913113 -0.0128609630211291 -0.165279866096911
-0.430014553101136 -0.380628644835256 -0.115168989165865 0.112584208487998
-0.54896001890101 -0.342977284283917 0.00449144497198433 0.0535767545895785
-0.600735777258646 -0.0273079280242855 -0.0446768488554321 -0.0456769485761849
-0.520099520171684 0.291281204653174 -0.0769167695298262 0.0170389215390274
-0.326964734231086 0.467292896965664 -0.0347198502249246 0.05088663679894
-0.0951784140530496 0.533034286727036 0.00760304243423279 0.073004678504709
0.0938338674611577 0.496825849605351 0.0482033181549976 0.0691182018759925
0.125170739532613 0.468851167337698 0.0689571417157781 0.05081647149958
0.142736586181337 0.437784181528815 0.0546085165704511 0.0615751629684753
0.0739015287871315 0.528832443136885 0.0386449915220515 0.0434239596659101
-0.132983570023621 0.544860951478531 0.010911961118345 0.048478025468461
-0.320601231006046 0.504389189517147 -0.00967184233109895 0.0741417639215377
-0.552039508881026 0.249142441680365 -0.0934280336393394 0.0679458925635296
-0.61544744227081 -0.127241004092657 -0.0266911028392325 -0.0304307846263901
-0.569570067986598 -0.295080220417968 0.166063007342791 -0.0281772075214877
-0.411616899703622 -0.311701697322952 0.0492054289701928 0.290493205411269
-0.513499512526706 -0.250911451125643 0.146022580468142 0.155129744363662
-0.524329459232942 0.0238459272977551 0.0122963607089236 0.00274546101175629
-0.426806932107375 0.267305692912834 -0.0902616492627683 0.0448948718520183
-0.275638606279242 0.407404396259695 -0.0886727219214373 0.152240849264038
-0.0769954774430282 0.465134789524552 -0.00946315660564479 0.236364271791204
0.0782780558321749 0.440665053399423 0.0801965957281088 0.249745352308642
0.0955619518609388 0.416052072639584 0.123816858706454 0.21678367555364
0.098606347969889 0.390029589727454 0.10932686073643 0.216056727287331
0.0299447838392924 0.449679233512088 0.0716756106601428 0.181068082004432
-0.142866369668922 0.438045859493061 0.0105783316906894 0.148253708228674
-0.276719224670539 0.369775470739973 -0.00657581222689836 0.103128313820132
-0.423285669340817 0.182966416790737 -0.0407561280042116 0.0705392624474275
-0.48913485191996 -0.0907746582345658 0.0790956111352211 0.000951622656720477
-0.492721875249305 -0.221079996325459 0.323569353146925 0.0914725091901033
-0.32248743605232 -0.182817722184802 0.204175200262242 0.432305107847607
-0.367450148070936 -0.111509294527608 0.268958292181764 0.231431466195683
-0.328308374101082 0.0645511368129545 0.0742528960176594 0.0526803602317957
-0.246548139314729 0.175513028948965 -0.0744529722957222 0.069158775071239
-0.173639584061466 0.263644559799491 -0.110753247813727 0.226680264962077
-0.0472925962768659 0.313135454514767 -0.00991757468414074 0.358911251169701
0.0488957547181975 0.310716991354067 0.107737566402994 0.388329428834443
0.0519561283375424 0.300283088144651 0.160047276708916 0.351317758215697
0.0407680975163856 0.287018131422379 0.138014391436198 0.337521388105143
-0.0166791709101122 0.308844808897815 0.0751618645688958 0.290512377680976
-0.131826731411827 0.269756393689485 -0.0137266182768867 0.219919737233773
-0.192392462965076 0.185962931550056 -0.0227075059686707 0.110161936601912
-0.239950636465693 0.0963146160388285 -0.00503744991315085 0.0590893156205329
-0.301713515490491 -0.041482995893349 0.150632096866031 0.0269774717506177
-0.354017393164328 -0.116754462395241 0.434718019294168 0.186811435444531
-0.166257695792036 -0.0297026683767171 0.320739009940951 0.506540294576245
-0.140844297077568 0.02625240023506 0.357401287338345 0.262720862674625
-0.0742912761381351 0.0636001547857271 0.137766290398372 0.0790548286959377
-0.043602889366871 0.0337821308912016 -0.0373965506879674 0.0676173645943095
-0.0640215415832485 0.0719946816899274 -0.103359167904734 0.256107868871433
-0.0242983983133368 0.111837401130397 0.00231402658641093 0.41594082382838
0.00461173915601451 0.133439316760162 0.125276460615169 0.462267636441234
-0.00102834354606332 0.138958279417648 0.173042548404836 0.429988269039344
-0.0124131060776728 0.140249614106367 0.136903268015732 0.413832760340265
-0.0401694716042243 0.131773753874282 0.0489913421106521 0.357486129229047
-0.0798256451688445 0.0867583597019983 -0.0541730420245002 0.255862119806394
-0.0669325358164474 0.0204171524769882 -0.0460319741169802 0.0993742045808139
-0.0416547031726622 0.0438561238068684 0.0218433730502172 0.042144299245572
-0.107986150172655 0.0400236953282121 0.188640013017705 0.0531095761300171
-0.183964937172653 0.00733015958229009 0.482700187687408 0.247666390085287
-0.0205476033323645 -0.102500733754276 -0.498259354456642 -0.253907479734192
-0.0735110237770107 -0.131634937110016 -0.309845208498318 -0.0502997197148525
-0.133802400818228 -0.0159904063284787 -0.0701540593534544 -0.0261984476438361
-0.0825916551678985 0.0926816779659043 0.0552134268151672 -0.0317650065678057
-0.00781451654753522 0.0827670391729552 0.0990466328557147 -0.218022169005267
0.0168177245313854 0.0633707632177603 -0.00829601952391508 -0.365204867241034
0.045237863714076 0.0353098291872813 -0.125052329183527 -0.432863719658873
0.0546247725692707 0.038253288542106 -0.183916804071987 -0.436129520839045
0.0669727302337349 0.0471813023099383 -0.164763622461265 -0.439019947371951
0.0474385192286602 0.10141339069798 -0.0777019458476056 -0.403807524855148
-0.0147213802844591 0.128445941417886 0.0261082620504327 -0.290300665892792
-0.102613357436232 0.134183593844874 -0.0166650156160393 -0.10279081915532
-0.180679504048045 -0.00767197193215948 -0.165204630656768 -0.0787807584334671
-0.105890169997379 -0.144614769096052 -0.299278215539332 -0.232421733045462
-0.0322454902580932 -0.132717958377913 -0.360957302535048 -0.484644618342486
-0.171360170143462 -0.206540024845105 -0.46466550550705 -0.245946845599807
-0.229020742766799 -0.214545321012854 -0.290671259289519 -0.0840977683754237
-0.2823137536552 -0.0221109166802385 -0.100427995324418 -0.0436952195430165
-0.224998391887351 0.16987030386781 0.0307373298914526 -0.00907403867386848
-0.102431516968831 0.227613434571123 0.104743947977745 -0.181094098599763
-0.00229221361140995 0.23904736069312 0.021681878734863 -0.322681209314001
0.089208834229449 0.208517005988464 -0.0847355616006337 -0.38530161452536
0.108730060946637 0.211323176131555 -0.142218755649718 -0.383281165234355
0.123342527736468 0.212454063732961 -0.141168767130164 -0.372209723105241
0.0744221982023297 0.295871723801139 -0.0832721581790495 -0.346455218239831
-0.0657833352960684 0.323610828090762 -0.00271428682739844 -0.246563684806768
-0.221143105047814 0.312703033085031 -0.0391934950494372 -0.064953960639944
-0.388770850224594 0.0871080070934792 -0.196860350090202 -0.0341523958536918
-0.357955657473927 -0.18790640367026 -0.300024437636139 -0.183346352910522
-0.258700339166265 -0.24581637448469 -0.306722778771665 -0.405566248454849
-0.299151666213231 -0.29712246437992 -0.385306424548192 -0.174835107051347
-0.372720647892672 -0.29000007901367 -0.231097853384104 -0.0821380740401594
-0.42228905143659 -0.034497579787847 -0.111926511702225 -0.0642093667832928
-0.365069011895952 0.229157789176602 -0.00639152749466267 -0.00169114725251497
-0.201948799978224 0.354371492792306 0.0776404785432817 -0.125655463643749
-0.0313458058587789 0.392612142580027 0.0319225193240576 -0.230288002492516
0.115489858947143 0.357441847338387 -0.0393836049797716 -0.275721304351742
0.145858028362345 0.350339261371141 -0.0787745284353425 -0.272323764696032
0.166331981282947 0.337659691226665 -0.0897685957709757 -0.252664427251008
0.106993988269782 0.440229881695021 -0.0625411651740156 -0.239759594523353
-0.0832005541897611 0.478304132795529 -0.0136884491086263 -0.166969557232816
-0.281990542242382 0.46509745754721 -0.0407861923698946 -0.0173202008553265
-0.5267762358283 0.19906212674048 -0.187719911288336 0.0172184987919661
-0.548902286144894 -0.173893112765211 -0.247037368160316 -0.119390601844196
-0.448305917367848 -0.300523965422763 -0.188096387662747 -0.291890126951187
-0.391615758410147 -0.350491800993752 -0.263993575800916 -0.0468951963012829
-0.495670334409542 -0.327447728495101 -0.129533798871648 -0.0338614784713607
-0.539589695482758 -0.027974057137838 -0.0931250681530582 -0.0675680733839775
-0.468994201081182 0.284677098569009 -0.0452788461818521 0.00352729824291011
-0.276117531961179 0.449438313630983 0.0238930449107467 -0.0486964808014061
-0.0551992796998171 0.499318822376299 0.0229384152873401 -0.0933378122668586
0.126207051372714 0.453269945907038 0.00693147961694657 -0.118561130815812
0.162529858670267 0.433589936451241 -0.005131510705789 -0.122878206110254
0.182805560556372 0.409117662168865 -0.0171374966489681 -0.10152975978549
0.120736497014063 0.516101452398191 -0.0157297084674903 -0.103777354971813
-0.0879266390684224 0.560267691419451 -0.00419880796046166 -0.0624998759374561
-0.296651570995965 0.545675925344772 -0.0252959329094916 0.031497753643335
-0.574317579411159 0.275619605235656 -0.142369550461002 0.0565865070493511
-0.639838698030916 -0.130292694463654 -0.146724422441476 -0.0635931707878407
-0.558414659704803 -0.301037840980709 -0.0206240231318389 -0.163557822889729
-0.435849487162201 -0.347557346268066 -0.109908413081342 0.118076801843653
-0.55750063965778 -0.304823458947778 0.00623830103640294 0.0522104427358367
-0.58570349891734 0.00285500514913045 -0.0477263551270155 -0.0443830598404984
-0.490348068293366 0.313636416621269 -0.0760798296438508 0.0206559528888238
-0.292234100027494 0.477893045095391 -0.0378545351900659 0.0508887170414631
-0.0598472982721202 0.527606408864034 0.00896382874400284 0.0719834331542192
0.12208471546733 0.479929931581248 0.0514004263848511 0.063775966994276
0.152791245320197 0.452225921138105 0.0684462238962649 0.0443004196480681
0.165398493942374 0.421804435009091 0.0592828437753802 0.0573546575996378
0.103111262223846 0.51281074776561 0.0399408858846197 0.0406397450512117
-0.0967512806904578 0.545765173977406 0.0142899476764745 0.0479453992055768
-0.284438412522489 0.512617686761661 -0.00565929587873875 0.0736355275481402
-0.526539232915524 0.27554489485993 -0.0831399505778555 0.0744464868423895
-0.61167758484111 -0.090638714945849 -0.0272263547060316 -0.0252293692095523
-0.572146772580474 -0.259584181982056 0.161505491763265 -0.0405846877363047
-0.414488244077493 -0.279636413934562 0.0597212554792144 0.283252904254814
-0.517461811236128 -0.215646091647507 0.150590216175617 0.144198587681785
-0.507781543985266 0.0502858951425892 0.0113858101603458 0.000627551507347341
-0.401587578873716 0.284118342341745 -0.0875566547657413 0.0489500426891839
-0.245253305290279 0.417112359487557 -0.0836393902575294 0.153628584072639
-0.0460913932549715 0.459232737322408 0.00290742531714912 0.232595427328478
0.10395904191294 0.424491341965049 0.0937814977393626 0.238024341252209
0.121256465853256 0.401483687664631 0.131761681506181 0.204235196793462
0.119849956331128 0.378096301122014 0.120939590244152 0.204937468804014
0.0560549195289075 0.438482986577612 0.0813260946517132 0.173068082827789
-0.113356887585797 0.438825074518448 0.0206105473024362 0.145917247707292
-0.24731326998542 0.377157107439156 -0.00120917483007318 0.101239352178281
-0.401968221595413 0.201665588813618 -0.0331943839941298 0.0748971241185269
-0.484141940267994 -0.0609748402179254 0.0776937912317434 -7.58863931370725E-05
-0.492023796753775 -0.188559136309522 0.321493116789727 0.0666207112248696
-0.321934965593616 -0.160167557783564 0.219558986799295 0.413559909629026
-0.365612338754646 -0.0872565363271825 0.274623902717721 0.212025489569435
-0.314221246843796 0.0805218903293812 0.0748396234039812 0.0472469823816111
-0.231048605131216 0.185021434147058 -0.0707619477402811 0.07147227917205
-0.154282402410153 0.269089195032165 -0.100432461658053 0.228423173559931
-0.0260465952278269 0.30862091721879 0.0104632856360121 0.352367565579412
0.0681262123069423 0.299970844591606 0.129019647888736 0.371397555930436
0.071182746974661 0.291110899570973 0.175735110153681 0.333149308539096
0.0581073607938146 0.280338787052786 0.156446976056763 0.322255013365287
0.00176740193674138 0.304188435729332 0.0919295955685907 0.279008666225656
-0.111659498507246 0.271890917017027 0.00139433214462102 0.217323726084355
-0.175634924548496 0.190796929122529 -0.0161228566907849 0.110508590312921
-0.22576336243803 0.106958276801809 -0.0010428375287624 0.0614626770215202
-0.297254685386253 -0.0222344599789425 0.148709156849955 0.0206733910144531
-0.350210150386819 -0.0934448317338393 0.434811452839241 0.152076569225073
-0.163382666512846 -0.0185110358986428 0.339175046090777 0.480680982070848
-0.134306075378254 0.0344143137164909 0.362977831558826 0.238051313336138
-0.0662802975371261 0.0668445231811326 0.139693858876862 0.0701043409556015
-0.0412552839381556 0.0330186893043283 -0.0337868183970868 0.0687974630299064
-0.05851724553917 0.0740052061343765 -0.0905058899834358 0.256805098986806
-0.0165950666666413 0.109900183812776 0.0263151537018092 0.407330499324261
0.012748493794043 0.129931509673363 0.150680775392699 0.44293641122471
0.00881015761501495 0.136981593742174 0.193412172745785 0.410389793245723
-0.00235213912045392 0.140262717359536 0.159102505885267 0.395787845927674
-0.0318204069811629 0.131489627198973 0.0717318443867262 0.346932749852705
-0.0718939588325796 0.087711272524662 -0.0356279717657437 0.25426951197475
-0.0635703566325339 0.0210818877744056 -0.0390453038230721 0.100549060913424
-0.0343559224903738 0.0447596581234696 0.0230255160641021 0.0422785831700674
-0.101755905673229 0.0472224604585907 0.187782234970468 0.0429735062704096
-0.177869306782922 0.019599254447962 0.487106206036157 0.208345930672854
-0.022936870665728 -0.0996816758388238 -0.493242090328779 -0.226972352128174
-0.0796373406907301 -0.126180634764867 -0.302457848584597 -0.0363228009337134
-0.132302465043638 -0.0101131389899755 -0.0706707125703445 -0.0252698912208495
-0.0750772948007576 0.0959285321211533 0.0509807831230607 -0.0338764523319755
-0.00425237501306614 0.0812491127167042 0.0866814236710193 -0.215414742889975
0.0189905677286193 0.0616593680779876 -0.0245112931361226 -0.353007202462186
0.0449875805312622 0.0325136325305522 -0.14096220302394 -0.412444758987408
0.0536263736452759 0.0343904047655246 -0.194974877207379 -0.414295672488415
0.0656675406593688 0.0415214652207076 -0.17678554666006 -0.41946291476529
0.0513510759840716 0.0960319366564374 -0.0928514592725204 -0.389988340410688
-0.00878206516290041 0.127344667580453 0.0136069367564375 -0.283542979735576
-0.0945294345779014 0.136142680838586 -0.018491201790636 -0.0988245981031246
-0.178495473173215 -0.00019915046309292 -0.160594511243624 -0.0708387643038342
-0.109067066274474 -0.138319797243504 -0.300371748210728 -0.214049717211957
-0.0363997524562535 -0.128852014747989 -0.363983335467119 -0.454735336680144
-0.170478275528561 -0.194689351802267 -0.461531380445948 -0.220193881499579
-0.232132561516121 -0.201238638112849 -0.285263263671663 -0.0710008002756
-0.273787527648565 -0.012100746203051 -0.102026239619031 -0.041682428079963
-0.210436224809418 0.175372536789865 0.0279171243191154 -0.0104682719265643
-0.0892503717169354 0.226209668542597 0.0921379134748561 -0.179588794311804
0.00953188034753716 0.232656193153961 0.0056717744307517 -0.312435075778021
0.0952929708874157 0.198551533491833 -0.0989007053216232 -0.368498390948822
0.113986241319664 0.199705252343551 -0.153017328875505 -0.365601096801191
0.127560930285809 0.200610259499108 -0.151547086727131 -0.355662500175637
0.0854169519313217 0.28347720043881 -0.0970242171494789 -0.333693483930346
-0.0493323903275492 0.31984182920076 -0.0125706915835329 -0.24010883693501
-0.201744798607847 0.314107089671696 -0.0397872337298213 -0.0610281888438712
-0.376924735549101 0.100441296918898 -0.189139222812052 -0.0258752759247833
-0.355631808801565 -0.171802757687961 -0.299850763532937 -0.166300514343299
-0.259796082627625 -0.230389173886047 -0.312361610680333 -0.382540547157665
-0.296033756497591 -0.277577594944404 -0.381924383551449 -0.154120429739829
-0.373996907212056 -0.268840482079078 -0.228466765853119 -0.071719336223788
-0.409276675893916 -0.020452369746844 -0.113656664159341 -0.061254466192987
-0.344438886063061 0.238660366281265 -0.00790056843143818 -0.00159273318564466
-0.180346216132273 0.352671927893807 0.0663909363647905 -0.125619877095691
-0.0121736904995216 0.382667543398675 0.0188561600938908 -0.223327830626519
0.127271875086324 0.341065771985839 -0.0498336444834116 -0.265669715770111
0.156879093650204 0.332998642577904 -0.0881093403031899 -0.26146247482501
0.17479304219367 0.321150759178425 -0.0954335741535911 -0.241773793490678
0.123212768512166 0.42279162492024 -0.0720222790231933 -0.230601505966873
-0.0593521408244436 0.47121808471831 -0.0205200267477327 -0.161265335758992
-0.254203294535199 0.464020026615044 -0.0397789974297615 -0.0141392931531141
-0.504876977224209 0.215223533922394 -0.177345455756952 0.0248698643089242
-0.541740099588269 -0.149484006504463 -0.244523379018574 -0.10471026638587
-0.445104543308856 -0.276188046147457 -0.191845128688157 -0.277557361799323
-0.387784954739001 -0.326277980665164 -0.260333603770059 -0.0336273209773111
-0.494342115960129 -0.300811827361108 -0.128376332222366 -0.0281506334302845
-0.522602533420744 -0.0118952058662507 -0.0956981740298019 -0.0649906532082368
-0.442464740523468 0.294828863921827 -0.0453212332477866 0.00460001624675439
-0.248719461356963 0.447372180971334 0.0150480971351926 -0.0486474636778011
-0.0298226421976955 0.486725654926556 0.016140098884149 -0.0901053089938998
0.141829978912244 0.434735893767835 0.00206831442357582 -0.115403067479618
0.176394107350233 0.414436663517071 -0.0113293222070744 -0.119007756955129
0.19431950327993 0.391868053740278 -0.0182431401741209 -0.0985789788664552
0.139500111371811 0.49712097430709 -0.0207938161132024 -0.0998506408098525
-0.0613422247837319 0.551085858173353 -0.00645347231696373 -0.0603009335281212
-0.266506170901722 0.541572239059665 -0.022809139689341 0.0324526543865428
-0.547978174286706 0.291005825281052 -0.131479388308752 0.0620540044177215
-0.630015632276034 -0.104141705543097 -0.144559247471391 -0.0532347181868432
-0.550479397613099 -0.272347058061897 -0.0256368406173532 -0.161353153492866
-0.429622437218108 -0.3216329930653 -0.105743233181624 0.121218055044708
-0.553230705916614 -0.276927604623104 0.00666100851827989 0.0506528448454372
-0.564504355527271 0.0213865866684406 -0.050203378891272 -0.0434249416619084
-0.463821684872105 0.322920929009701 -0.0745874017535704 0.0223033787155893
-0.263984677261537 0.476445490435692 -0.0408343493582274 0.0507067405552264
-0.0350698535711582 0.513468895758524 0.00943199990931899 0.0713687006252039
0.138892996556971 0.458124164710282 0.0525612786036086 0.0593529208948759
0.170099759904879 0.432788842697742 0.0660245417898772 0.0401508419571547
0.177747753840968 0.405099203659511 0.0617793801513401 0.0530613821415241
0.122863090596659 0.494915083539097 0.0400058198546149 0.0381203213241128
-0.0699602568756509 0.537408693145322 0.0162357277261645 0.0467240031717548
-0.253660245488411 0.509207388944079 -0.00311179990912489 0.0724817967226377
-0.500859836108235 0.287952990754633 -0.0741088668002821 0.0779057571311764
-0.599671660957919 -0.0659737534296325 -0.0273166140292208 -0.0201630413346834
-0.561293642565824 -0.229420494897933 0.154830079649464 -0.0499232932061096
-0.40921565603471 -0.257415434980493 0.0646687359866688 0.275321189447772
-0.510087654621401 -0.190953419285031 0.15025432972038 0.134345995374784
-0.487817888058401 0.0650205379355558 0.00958495353189401 -0.00154762140377521
-0.379569757786156 0.292337749754498 -0.0844143615027527 0.0502742371562162
-0.2200691596074 0.415262614052421 -0.0820657710240247 0.152108785953775
-0.024708077375396 0.447386549848242 0.0103680300162007 0.227403860787266
0.119938513617737 0.406378264462816 0.100793185999999 0.226535425220488
0.13689607691532 0.384530349844484 0.133841632719938 0.19232936313477
0.133458033504257 0.363559088425117 0.127473457249177 0.193452550038404
0.0723890737829138 0.423844884150548 0.0867254335114997 0.165087712301863
-0.0898579951245565 0.432780142419651 0.0268494904377641 0.142263743296087
-0.222850011186792 0.374684082988641 0.00239411695191239 0.099561062624946
-0.381450638494643 0.213002366664456 -0.0261657304683475 0.075782740392697
-0.472874318122868 -0.0416032095827986 0.0752202432600271 -0.000154762491190226
-0.480598770971149 -0.16293317042552 0.314153253895259 0.0470926690773594
-0.316209648796418 -0.142376249111134 0.224701825291463 0.394038446888262
-0.35746022476611 -0.0713303851788688 0.27359600357636 0.196132252090217
-0.298647431507979 0.0885905204668624 0.0747399270083048 0.0424098024943409
-0.216892689872684 0.187227354336869 -0.0674944699590069 0.0723985606911959
-0.138085888809739 0.268320489873517 -0.0935577246589444 0.225837734488138
-0.0121939004905273 0.299313828062369 0.0232731144779625 0.342795546231256
0.0787917552823418 0.28631497535688 0.141561637001973 0.353656183837125
0.08302982538354 0.27953461433395 0.181445232688294 0.315259986086656
0.070576130542412 0.271291359090043 0.165845347167286 0.305661613486506
0.01420836409954 0.295757158750031 0.102719884298451 0.267395220956569
-0.0958914248296456 0.269501956713651 0.0120145040944874 0.212676383434012
-0.161153669440977 0.189895223879468 -0.0117851332790492 0.108933515466055
-0.212275272516858 0.112053060343835 0.0024554692996065 0.0624939801898058
-0.289158116441154 -0.00917327121740039 0.145479611204127 0.0163968151183105
-0.341068738827887 -0.0764397755150772 0.427093844918162 0.12598197666445
-0.157981983551975 -0.0106490598743315 0.342687581174788 0.455568730575619
-0.12735428718276 0.0388947475083209 0.361389358495388 0.217707041635941
-0.0589912675385514 0.0667429116709595 0.13896272033225 0.0630549452740305
-0.0396547284531733 0.032078531010683 -0.0318098528008244 0.0673522326510893
-0.0540230722276751 0.0743712465704477 -0.0808381719575115 0.252803304717809
-0.0113965194234306 0.106082617004941 0.0413140994634544 0.395501530532556
0.0179272623964904 0.124670983974235 0.165215344133369 0.422502868564803
0.0157971984810244 0.132708223070899 0.201197072354054 0.388091731021124
0.00514072341125215 0.137678401176558 0.171340865657552 0.377361384529388
-0.0254203363146143 0.129406954834583 0.0863418795595064 0.332818136725839
-0.0656994597691247 0.0867370659533083 -0.021766194963864 0.250363970243077
-0.0599931900874463 0.0206316841008642 -0.0339451908764114 0.100068065932903
-0.0283883146034613 0.0440984046354849 0.0232628126290545 0.0428305370049483
-0.0955556186130479 0.0514938841843693 0.183498060831901 0.0363233257430679
-0.170087797848718 0.0265487904562499 0.479831419830395 0.177532806904521
-0.0240898511224589 -0.0978711020998838 -0.487353801298731 -0.207341947789931
-0.0840441256038713 -0.122156915009088 -0.296682570978489 -0.0280423591512387
-0.131093950114373 -0.00572905822644288 -0.0719392320564399 -0.0254041158624252
-0.0698510834346317 0.0979440307464558 0.0478282592541331 -0.035113017413333
-0.0016476971477238 0.0808726562506534 0.0778682015202805 -0.21310073948167
0.0210189280815424 0.060913078771705 -0.0356597658475051 -0.343137066075708
0.0445030347644327 0.030612523230241 -0.150485400128174 -0.39676030467575
0.0523980345112915 0.0314955750192522 -0.200703453498403 -0.398834383832206
0.0638309433394594 0.0378992709516055 -0.183781933896559 -0.405066023570428
0.0537275354991704 0.091618572967926 -0.103868831359917 -0.379686709781249
-0.00438938858706894 0.126856354528468 0.00532720324913459 -0.278818949659411
-0.0891986806849304 0.138211598345483 -0.0194375691833308 -0.095860839964413
-0.17744447583633 0.00493050981433828 -0.156558250890275 -0.0661145726199549
-0.111734426521949 -0.134527180237779 -0.29975384731309 -0.202442381796492
-0.0388479178256347 -0.126317168967191 -0.364283925277266 -0.434496612184482
-0.168532939601968 -0.186957319502258 -0.456681353925559 -0.202361106834025
-0.234463575234186 -0.191890622540501 -0.281466348539208 -0.0619556445717814
-0.26817568413457 -0.00655893180295503 -0.103388281873618 -0.0406457886125393
-0.198962938602715 0.178444666695902 0.0254785227668193 -0.0116352648145545
-0.0799138901901309 0.224831511205285 0.0828193712375097 -0.177990091718969
0.0168595871101709 0.227328982114983 -0.00552461992807321 -0.30360066287454
0.0991405112420173 0.190202395415787 -0.108236232295562 -0.35564254303447
0.11688405535383 0.191568146822415 -0.159627746174626 -0.352815997045999
0.128729377738041 0.192127007910086 -0.156551050207869 -0.343921482605433
0.0923227101219808 0.274650408914156 -0.106186823604442 -0.323737453653458
-0.0385151362754414 0.316860336525 -0.0188387024868085 -0.234486845299073
-0.188035828538066 0.31438394573391 -0.0396929193180983 -0.0578531524058495
-0.368330598524799 0.109011692523324 -0.182605898724417 -0.0206720831809845
-0.354271092608387 -0.161215669353032 -0.297327512850343 -0.154304078884527
-0.25917733351212 -0.221023455160044 -0.31240679855608 -0.366627698042365
-0.291684285800702 -0.265967975919141 -0.37902429959041 -0.139361325867968
-0.373694839826945 -0.255935709681905 -0.226424232968315 -0.0647796238164564
-0.39959739968774 -0.0137580048728128 -0.115985551419139 -0.059695583831464
-0.327958933863978 0.241718469801876 -0.00944176856844402 -0.00170131811266251
-0.165494859139076 0.35181340360801 0.0570993131777558 -0.124262720970195
-1.85858592170148E-05 0.373796805899 0.00968236757446122 -0.217090746434743
0.134948058584134 0.327607127054491 -0.0566029252084712 -0.257033514896889
0.163842591808575 0.320891147007208 -0.0940328939345539 -0.252832973603117
0.179310823793667 0.309365736170991 -0.0979450251471807 -0.234153462815162
0.13274914153935 0.409507208447859 -0.0782560591303669 -0.223241090594996
-0.0439310304213882 0.46502631906576 -0.0246394012786038 -0.157297773811455
-0.235447638686462 0.462435693223766 -0.0386024669669649 -0.0118669279785961
-0.49014927397467 0.224127099370154 -0.169239879543587 0.0286586151828895
-0.536398801830895 -0.135492657928416 -0.242389541298381 -0.0947464152129338
-0.439954323530299 -0.26057079093194 -0.194129884445956 -0.268531613320178
-0.381367133242153 -0.310797954059443 -0.258125427163314 -0.0241779368519528
-0.491710704633966 -0.282995150218304 -0.127725009841966 -0.0241930172839004
-0.508244434814922 -0.00195980409792128 -0.0980601431387841 -0.0640531704342641
-0.42421166952702 0.299689128984193 -0.0459226243030778 0.00529957014544178
-0.229374222722531 0.44583100983718 0.0076214296741948 -0.0479340844026541
-0.0148405595238577 0.475519382855715 0.0107763363807525 -0.0864436959616979
0.150915733746644 0.418162561926152 -0.00143740593663647 -0.112240622269767
0.185925844574782 0.4003536525068 -0.0158418858237878 -0.115658535485962
0.200645938082403 0.379733401151613 -0.0186459618387501 -0.0966365319370661
0.150592252481698 0.482490929517673 -0.0244954724652485 -0.0967272439410828
-0.0418035094061017 0.541871528725067 -0.00808577167729318 -0.0580951215884928
-0.245328469890305 0.537107515739885 -0.0211439025753472 0.0334675574322333
-0.527783143723787 0.299963863641986 -0.122904018560256 0.0644766240176565
-0.620891782261501 -0.0882898715530393 -0.143031656450027 -0.0457893891142085
-0.54225681265217 -0.253968297985027 -0.0291799379334514 -0.160459983264833
-0.423236061284932 -0.304694373071969 -0.103376775615007 0.123139446882781
-0.548192545870708 -0.258128801477171 0.00633038300358478 0.0498515101785032
-0.550233548386039 0.0323809932411417 -0.0521389733040525 -0.0438677456933007
-0.445039211381156 0.328212850152381 -0.0739980206081692 0.0231448169190097
-0.243753057201908 0.474250837419506 -0.0456979752662026 0.0506528357508764
-0.0191511532271113 0.500954362324615 0.00900646393736945 0.0717792664250448
0.14946600803794 0.442821698999292 0.0535186633453149 0.0555301295398608
0.179814584629463 0.417579932295819 0.063710588394115 0.0374143511650993
0.187677841159661 0.393407500168352 0.0634111379770307 0.0490863791095615
0.13436351049376 0.481545044357791 0.0398151014404245 0.0368223658960608
-0.0512626634224972 0.529487521927585 0.0182658901208202 0.0463867924770436
-0.232346986311016 0.503590348748023 -0.000931482331045369 0.0725902487234095
-0.482112641439127 0.294825316320416 -0.0661869192903031 0.0793175416206922
-0.590349855779063 -0.0512374889481769 -0.0265874736673394 -0.0157886973422312
-0.551239636071602 -0.21217839417212 0.148517406870333 -0.0563545241692315
-0.400740569766173 -0.241503236276499 0.0664513327884394 0.269665309258098
-0.503704494932213 -0.175227241003814 0.149214457715392 0.128295847438884
-0.472519825583379 0.072665247025463 0.00781615648336666 -0.00404442030590767
-0.36332735998676 0.294787660136917 -0.0832274596776741 0.0511877986782158
-0.203420630711187 0.413753257954243 -0.0826003545302813 0.15179680418097
-0.0107016595567986 0.436697353322266 0.0147375235104937 0.223949622887279
0.128495068166288 0.392797055776174 0.10552103670256 0.216968847387949
0.146891095339261 0.37157769808047 0.133015144799198 0.184946555313977
0.142545480221379 0.353560762126452 0.131760545719862 0.184880656133534
0.0836589462557768 0.413223865452934 0.0898530530082685 0.159142331982795
-0.0735042005442607 0.4265204770987 0.0313265192472127 0.139778153901662
-0.205697626378325 0.370253659216135 0.00454300928681195 0.0988965244860311
-0.364986867369255 0.217514799448552 -0.0215124182929204 0.0771999591828392
-0.464123347036735 -0.0274645477144832 0.0740721035300465 0.000671630939588943
-0.471201930983523 -0.147791848194207 0.306116561708204 0.0343762477666613
-0.309661141489044 -0.131688174150017 0.225926286074372 0.382049352311228
-0.35094906030172 -0.061054242613365 0.272380883647088 0.185150928292
-0.287587699917455 0.0919739179960075 0.073522034364471 0.0383672118171553
-0.207718912236282 0.187625277355805 -0.0661295526127813 0.0716876254064254
-0.127255870646906 0.266193504123609 -0.0904639184683995 0.223928171840506
-0.00329606370320275 0.291663229529025 0.0313465808394252 0.335938583460839
0.0851776969849849 0.276122545780443 0.148079493898364 0.340064480524034
0.0912094959014137 0.270582734595859 0.183372491094758 0.303782343996533
0.0785190738856089 0.264148295032525 0.171440511119081 0.293818541631896
0.0228277850655329 0.288794646443077 0.10963281214353 0.257686194198272
-0.0851059482036373 0.265038187975473 0.0196731184416122 0.207482950094962
-0.151674111345889 0.187205291602214 -0.00818714020886484 0.108170464226094
-0.201392976346091 0.114046313265848 0.00501236087488519 0.0638111096056968
-0.282000976610018 -0.000271911636032182 0.142367546846327 0.0142574609015906
-0.33152549572802 -0.0659242059002056 0.418011860765334 0.107274622032322
-0.153901932864596 -0.00539214583589556 0.340943198918931 0.43861315589115
-0.122349358041439 0.0408188016180693 0.35862949609171 0.204070754536487
-0.0534898395927205 0.0656879205704666 0.13814323099709 0.0575916754219426
-0.0388606988362522 0.0307840054954841 -0.0309275497097302 0.0666762628966059
-0.0506712373707803 0.0737264145822137 -0.075326889442595 0.250098143115121
-0.00874474618737172 0.103059671847392 0.0509082745319141 0.38552540136877
0.0210473201609772 0.120966789392634 0.172820480976425 0.408298432737813
0.0213929122508642 0.129711842654222 0.205500135563842 0.375713124131001
0.0109557944243243 0.135182666196642 0.177995224075407 0.362570984874027
-0.0210749942706506 0.127721471550333 0.0957258414256839 0.322315219440937
-0.061985685874199 0.085088265775202 -0.0114899143374122 0.24503509022776
-0.0578676609648066 0.0186000442367483 -0.0301949454564637 0.0996086172561742
-0.0226766196547154 0.0423416009554821 0.0233681147003649 0.0442908955896798
-0.0909097368276733 0.0546033483178098 0.180100381589748 0.0319807535892589
-0.163923266531901 0.0306041530377568 0.470506514127405 0.157058712585073
-0.025224811916833 -0.0971319973451465 -0.48676625580951 -0.19233354386117
-0.0884180532187927 -0.119004416496782 -0.293729005385896 -0.0211637871148126
-0.131012900721065 -0.00167970330934078 -0.0746512980531217 -0.0253897875934768
-0.0650086460805818 0.100137173500967 0.0449433363386866 -0.0355783154609107
0.00202689816110574 0.0804275557211684 0.0700863479234005 -0.211798562891628
0.0234413343972574 0.0607635341368463 -0.0464075206595554 -0.33617758613033
0.0444697811113649 0.0293618796971007 -0.159537485751866 -0.386886924022241
0.0515433901053985 0.0291010872646106 -0.206260321008493 -0.38974246478616
0.0625204156257397 0.0355066481051204 -0.189990056229964 -0.395893474320348
0.0565025606729563 0.0884331265706188 -0.11357212700173 -0.371675596247475
0.000162990165184387 0.127096150408057 -0.00248274678976101 -0.276640189320078
-0.0837623082194608 0.140522785976938 -0.0197661675729433 -0.0936833523263921
-0.17769755353072 0.0103480698446808 -0.153880944677729 -0.0625823827699044
-0.114872387447041 -0.132363021955902 -0.300812450080823 -0.193310108701602
-0.0423454918706287 -0.124451738235923 -0.365976616994607 -0.419729167956715
-0.167242193745662 -0.182359659453104 -0.457311261924779 -0.185848871350542
-0.236945669386337 -0.185113502797185 -0.280414080297709 -0.0534449350169835
-0.265080959408446 -0.00107368375218315 -0.106542168276127 -0.0407452069591559
-0.190066890604031 0.181564543964079 0.0232234966085499 -0.012034018227068
-0.0710387895665495 0.224992715849212 0.0744643415328703 -0.177261591444877
0.0238554433112229 0.224069364843467 -0.0145560167949987 -0.297900713646162
0.103306533814222 0.184516529765027 -0.117160666207953 -0.347107947841421
0.120003970001864 0.185520114930171 -0.165594639688709 -0.345166251829968
0.131270744362595 0.186130267771082 -0.161909786973403 -0.336641550009925
0.0988658917849141 0.268221796224071 -0.114177051302136 -0.31645207379981
-0.0286391204450721 0.315548889236328 -0.0254449135027816 -0.23148830323207
-0.176673213235743 0.316299032299256 -0.0401176708981417 -0.0553569535204208
-0.363196918588095 0.116656387510863 -0.178111505298488 -0.0174731310730258
-0.356796865003392 -0.153061365046954 -0.297099616944104 -0.145515850330891
-0.260483403166776 -0.211994718174507 -0.314407343737288 -0.356660342837118
-0.28821579356037 -0.257211294733689 -0.380002824301904 -0.126448755194971
-0.374597490111893 -0.245374002435837 -0.225696964289577 -0.0586056843457008
-0.393165653556745 -0.00655699804475695 -0.119349818116458 -0.0592405836386374
-0.315627691690386 0.246946236565217 -0.0114651855186071 -0.00180826298830524
-0.152466145109409 0.351096752275081 0.048207200014275 -0.123492967310765
0.0105526122701496 0.368884175463388 0.00188144909056398 -0.212309126978658
0.141956225491828 0.317969850365443 -0.0624829939390288 -0.251786629291813
0.169491763180134 0.311628672341697 -0.0994532220199182 -0.247050004744258
0.18426136691836 0.300667766279143 -0.101680023156593 -0.230014976900474
0.141614385500398 0.401121841300422 -0.0853816073089974 -0.217617127284864
-0.0303349704703798 0.46238945473855 -0.0285049737920727 -0.153807010773696
-0.220162073445221 0.464843967136763 -0.0379915510483139 -0.00972348296136332
-0.479774071804716 0.234736302179563 -0.163447763964673 0.032073365603976
-0.536709449899912 -0.122470645501592 -0.241290197040975 -0.0862968244764983
-0.438101620114038 -0.249000077916675 -0.197752705821175 -0.263410624064523
-0.376819447424921 -0.30033987807392 -0.257596868513224 -0.0159569761822574
-0.492548284494404 -0.271188245800811 -0.128249653716158 -0.0201880159669506
-0.501361568297593 0.00563758277217819 -0.101250999681564 -0.0642705731922215
-0.409788936877845 0.304156872479264 -0.0476183207300322 0.00608177655271572
-0.212584690128821 0.446576035214927 0.000400662250110013 -0.0461952793237593
-0.00140438067207115 0.468923515384593 0.00634973514442049 -0.0827287783375196
0.159841139738828 0.408100115113579 -0.00364766348390706 -0.111221217934086
0.194539180137665 0.388638802546538 -0.01949752716603 -0.113654423505181
0.208804315510429 0.368120786777208 -0.0198709627308373 -0.0962911135071113
0.162373287313691 0.471936898890007 -0.0278317095978423 -0.0935194771723815
-0.0264774460110836 0.539500375900959 -0.00937902338837632 -0.0557380978155495
-0.227565595231222 0.537046468280624 -0.0196231134164707 0.0349428133506982
-0.51506401550117 0.308666142467906 -0.11689363428561 0.066651416582547
-0.61877075829552 -0.0750159113621437 -0.141393136248544 -0.0394595607248365
-0.538579216570162 -0.23985913545471 -0.0337501621679976 -0.1606517788894
-0.419284244333049 -0.293175677463962 -0.10248451322581 0.126651637487655
-0.547280287132582 -0.244917337135713 0.00605450288558871 0.0498672408864127
-0.540347473869378 0.03998238888612 -0.0552337630954502 -0.0452285423883189
-0.429522518412415 0.332839305591346 -0.0747330503139283 0.0237973171791541
-0.227450628629266 0.475806740225452 -0.0508987336192333 0.0524554459610755
-0.00485627434220647 0.494376692389119 0.00902352366941874 0.07280503880362
0.159469233680275 0.430734775104314 0.0550837052396111 0.0521870841531877
0.188623486218299 0.405642466896803 0.0615424186097351 0.0368016043919014
0.196068323592964 0.384264080679785 0.0651932971109928 0.0456516320611192
0.144864354230321 0.472191115573254 0.0398984873584203 0.036389553328147
-0.0344322497582886 0.525548043363806 0.019767565448499 0.046871823123183
-0.214104542852657 0.500337529205933 0.000811439231543404 0.0735724999456432
-0.468382448352358 0.303070235040674 -0.0606079094641641 0.0816142597096112
-0.587043731225286 -0.0380592665981602 -0.0263208799612362 -0.0120896542546849
-0.546290305545628 -0.198351615826541 0.14390418600807 -0.0625630257623658
-0.397660813252979 -0.229290923166254 0.0677523140107571 0.268293962305115
-0.502456954347754 -0.162726881156984 0.149283096962032 0.124188513059827
-0.463811611058111 0.0788004824982849 0.00617285336447216 -0.00649882846510131
-0.35116372335693 0.298138868005604 -0.083267376501695 0.0513488496967763
-0.189443776688893 0.413544354486145 -0.0842643024541371 0.153335038761917
0.000619748018034069 0.429036156286511 0.0195078346587008 0.222539749899863
0.137511735947216 0.381721257242721 0.110881861210883 0.20990445365203
0.15680646187637 0.362545717934564 0.133785975195017 0.180384750563865
0.15212506761438 0.346943004193685 0.135671410526955 0.177398877842104
0.0931829716637555 0.40728406086901 0.0936147934751778 0.155258778661084
-0.0587299579789055 0.422813107115208 0.0359899747017426 0.138329110419372
-0.19324468344023 0.368478995158683 0.00722354208436598 0.0996243305900718
-0.352207258662663 0.222759089719862 -0.0163602220560877 0.0791958758274105
-0.459838505758687 -0.0163713552376333 0.0736413791969378 0.00194504435290037
-0.46539400452832 -0.134834981736834 0.300275572339902 0.0226130483229226
-0.304891285233585 -0.122305583424019 0.226844095305029 0.375576503415796
-0.349437226939562 -0.0521390873268352 0.271829057423948 0.176631863365104
-0.279449402201971 0.0952302893989444 0.0731715119364024 0.034184698141876
-0.199863144164211 0.189091728993151 -0.0651137603923437 0.071949236317385
-0.118298832696517 0.265939118012624 -0.0885402779714385 0.225701640770806
0.00361594429464619 0.285910912240381 0.0395788760935306 0.331428404888825
0.0915016921168659 0.269418948105732 0.155979374708068 0.331808300214634
0.099216047796877 0.263849093876798 0.18645916644729 0.296219984238799
0.086441946241128 0.259459344516734 0.176599646394401 0.283888947143322
0.0307493560180823 0.285456712852198 0.115246634704503 0.251691484241179
-0.0759621961908544 0.26357708444163 0.0265730428250601 0.206052267261809
-0.144723041111452 0.186396619299111 -0.00638504302014949 0.108463940889723
-0.193148729486033 0.11585641992057 0.00829208620948349 0.0660325605775163
-0.277540914110252 0.0070452614174384 0.140590214589387 0.012631946251646
-0.326036021881046 -0.0574477885460732 0.412027736771781 0.0916051381424269
-0.151366589182365 -0.00108772690851414 0.342496418590958 0.42849184829792
-0.119102684104674 0.0428495519066561 0.358997500328791 0.192668701263308
-0.048968256419586 0.0643830619877747 0.138156039870189 0.0533810483947106
-0.0383945616758632 0.0291811675807758 -0.0304891006736783 0.0664496844064844
-0.0488011049948686 0.0736859330969701 -0.0714608958409431 0.250079536497248
-0.00663186892595131 0.100759820611934 0.0600254359505311 0.380133385154722
0.0238325639864726 0.118118699083641 0.181385474266265 0.395175611516761
0.0261411972044245 0.126919643077813 0.20963632801047 0.366636525734591
0.0164727455636265 0.133568220853564 0.18514281920857 0.35362515032355
-0.0169813815495159 0.127403425219298 0.105910403665368 0.313775056466721
-0.0590074783623931 0.0837145197083209 -0.00244629186606451 0.243285772419238
-0.0576336097700264 0.0167986933718809 -0.0274110877271355 0.10010539966753
-0.0179316571033719 0.0405166645845952 0.0243943645287189 0.0465551610162157
-0.0864836502300423 0.0572138947476303 0.17787890141457 0.0290764202824125
-0.159298620275331 0.0342134593485254 0.46632752039145 0.139906445943726
0.00173992622591145 -0.101296745348961 -0.439944951201407 -0.274469902908384
-0.0623758935568933 -0.132165700485713 -0.277297488586187 -0.0739291818734767
-0.124511426528777 -0.0239709451097025 -0.0696235804752827 -0.0446586574934714
-0.077807344614175 0.0854010319980352 0.0462800725909573 -0.0281148285522031
-0.011432412204229 0.0815741979041435 0.103399496701374 -0.195624651746823
0.0127183472198554 0.0661414176064127 0.0133918486238717 -0.336003984638211
0.0356869478603471 0.0374325280203079 -0.0835755202286583 -0.407568294592373
0.0436635575892567 0.0386370684868968 -0.125364576429026 -0.41632004844174
0.0524423082870895 0.0472376870453177 -0.108993865612928 -0.420444907084204
0.0372535895160913 0.0954678598061237 -0.0383008479643754 -0.37795604342097
-0.0242062104295925 0.125360021325039 0.0497607198880586 -0.264463899012238
-0.1099568420298 0.119272424344787 -0.00138276857260506 -0.0901522533029981
-0.178416952119145 -0.0273827914650729 -0.14302897673405 -0.0915958826385649
-0.0883542691435389 -0.153047099456974 -0.261165947503162 -0.25237392165751
-0.015915351461181 -0.128928854693293 -0.276146387212587 -0.497018303541596
-0.115347529059039 -0.208873346352231 -0.415777371356572 -0.264774114213576
-0.191984777278715 -0.220085364167529 -0.255114209372466 -0.108639961688171
-0.250969131200308 -0.0501649734474464 -0.0976997613617919 -0.0694034266552371
-0.209054571801209 0.138867474740114 0.0186781841531618 -0.0114353034549893
-0.107521099165211 0.205235631703399 0.101151565373382 -0.162966923053335
-0.0164956191825211 0.222891205398656 0.0337848149209489 -0.295254700573834
0.0652818542712441 0.197194656188992 -0.049547419805158 -0.360143218172655
0.083021466714463 0.204893331838403 -0.0948181426052422 -0.364878175024858
0.0900080704233249 0.206372472389858 -0.0933547681136519 -0.356713989097159
0.0443222395073808 0.276318548460279 -0.0505066287535722 -0.321384829624792
-0.088827583257205 0.302030907949738 0.017841677398828 -0.21876414166891
-0.233157005979468 0.267494098149117 -0.0315334382143936 -0.0503269014824203
-0.382820060464146 0.0375662295032965 -0.180908703741713 -0.0473110061650093
-0.319230188075505 -0.221793505561856 -0.268761207670816 -0.208789476963724
-0.209598419648363 -0.259745376037995 -0.24014215403186 -0.424140842785075
-0.215875542911658 -0.302900329996472 -0.351955893907297 -0.193971264484817
-0.312894445403972 -0.302670938095348 -0.200068168166322 -0.108134236610691
-0.373112379351817 -0.0810950298623609 -0.1059684518016 -0.0939984332440198
-0.339384827528776 0.176074762991447 -0.0185808560073151 -0.0104480910970046
-0.208167488089389 0.310184395739234 0.0659461203627558 -0.117942206864909
-0.0557768705253192 0.357129597777775 0.0319929688627313 -0.210310158051157
0.0790336791214636 0.332357863703267 -0.015803935417192 -0.256325056780032
0.110415570178588 0.338542172500193 -0.0490951592123446 -0.258690198526852
0.118729439511922 0.328354099802188 -0.0553788721809351 -0.241301459025648
0.0606154109031204 0.41307209578241 -0.0419525180340557 -0.217723325354328
-0.119711416640553 0.443739317010801 -0.000114093220410017 -0.138591427513329
-0.303705607558344 0.399600490693447 -0.0398499020163949 -0.000234916052576781
-0.520850279339648 0.126681374850679 -0.178296466032465 0.00817721880371799
-0.498605409925137 -0.228938279100664 -0.22671709852908 -0.139108828760587
-0.373257552725674 -0.331728301361878 -0.144599940735131 -0.306764862614625
-0.296215617014035 -0.360763212445686 -0.254438790656466 -0.0651567203612569
-0.421362101486254 -0.34517088009406 -0.108887757474668 -0.0579591185845949
-0.477846514352662 -0.0875459008567434 -0.087087429113693 -0.0990834835464154
-0.437309242854085 0.212891441220531 -0.0559039578738602 -0.0119565705948661
-0.283716589303944 0.389370085794579 0.00596569604131674 -0.0518859938677642
-0.0856766409001012 0.449720219521611 0.0110148773287686 -0.0849676442364079
0.0821841544274446 0.421474958563262 0.0137008440264359 -0.107200854405486
0.119687321526904 0.417829229150252 0.00118235926038399 -0.113838640805599
0.129960598154434 0.399120580511393 -0.00217934359097861 -0.0965838609209393
0.0678410205918529 0.485078882570585 -0.010245463485887 -0.0862086633180934
-0.130346283117156 0.518523896765361 0.00050700943671293 -0.0372067845721808
-0.326073288664994 0.465969087359321 -0.0312134530560198 0.0494589145376115
-0.56892351882922 0.191149410670707 -0.140432442631012 0.0549816621426167
-0.587760540330854 -0.19999097789221 -0.138295028151213 -0.0734491186316319
-0.472601261178196 -0.343401889237408 -0.0032722829552683 -0.170533144385598
-0.339211326343587 -0.36163741281506 -0.129265826066633 0.101964770278575
-0.481897082903292 -0.328593590003557 0.00879674939426543 0.0313540174036739
-0.520872331502129 -0.0612928401924823 -0.0460631023427148 -0.0736891286709961
-0.462020079890334 0.234248699944714 -0.0859009494429504 -0.000444775866863679
-0.303688976483328 0.41271009657219 -0.0618257115078554 0.0353427625684986
-0.0947796767346262 0.4736277367738 -0.0151370977761318 0.0669110910504338
0.0783440670185636 0.443070704705711 0.0403924205184189 0.0641112831907838
0.112792099324978 0.432334874969445 0.0508350838515537 0.0473199904214536
0.11479668103655 0.410561444053709 0.0529769743020149 0.0578797839894079
0.05026894686901 0.482301136164047 0.0303053107238616 0.0520997665606845
-0.136016551832138 0.50279722306103 0.00919608939476822 0.0673469247916181
-0.307065543171748 0.434436919577077 -0.0187709760755344 0.0897202514473949
-0.520709333023996 0.19711770473761 -0.0858264624047322 0.0809147766954492
-0.563668018930638 -0.156994812668534 -0.0288230857653509 -0.0225726955089416
-0.487644884181985 -0.305329774007303 0.152381340757858 -0.0351061209294906
-0.335664567509341 -0.295696747267348 0.0103796702297707 0.270871539429902
-0.454127072851798 -0.241484022143844 0.132351211138503 0.130675417416393
-0.457346440584811 -0.0110217067467907 0.00553104301134542 -0.0223575265022613
-0.381954513903594 0.215810839957508 -0.0979262473715019 0.0265037226486078
-0.256362398296247 0.35927529082385 -0.111764145829926 0.128563957195307
-0.0770201344130667 0.410541379177584 -0.030789106808592 0.215710178522834
0.0654984321459055 0.391054787772372 0.065061194855322 0.228172344331865
0.0877712548061937 0.383773130347925 0.0927900347960728 0.200581896892134
0.0805280863387424 0.364318411076368 0.0962376183283276 0.19905451453461
0.0133656030049727 0.409810691207253 0.0588173602687247 0.175010364795825
-0.140418524439167 0.400182123681454 0.00713686709713137 0.155500697023121
-0.25875706149999 0.3109124878048 -0.0178938863992711 0.111958837019119
-0.389945226645997 0.141261120531919 -0.0396416856929593 0.0846222405556521
-0.442458192470587 -0.11072021703878 0.0673975196673768 0.0120180279293778
-0.422334141984188 -0.227229862712054 0.291416219530955 0.0821610218469684
-0.271705945071023 -0.174712515637626 0.146763587373191 0.405385750353864
-0.328451628444716 -0.10790710801666 0.238274448495147 0.208533280919027
-0.283788096188784 0.0397718817596637 0.0619251145302151 0.0358262888694355
-0.22159009424136 0.140235261225674 -0.0817196644248784 0.0534061547611196
-0.161687786730465 0.229130441505167 -0.12834390515396 0.199727075954358
-0.049679471169354 0.271854811628956 -0.0287761236423396 0.326955538105534
0.0422409608861292 0.274031515471257 0.0857001419576063 0.355023881786117
0.0495609915795567 0.275967024143709 0.122393108756784 0.322632208757249
0.0333026143199509 0.267095729142901 0.116067164421608 0.3093940832469
-0.0241565740592888 0.281236684256277 0.0626016336602207 0.268043261551671
-0.124109084177213 0.238986237806815 -0.0138870089601817 0.213709145480317
-0.174436293814311 0.14531234513635 -0.0308541220236719 0.112610700585984
-0.209689727207229 0.0709567275800218 -0.00908492693179614 0.0736991884774762
-0.26848170068449 -0.0499277853675742 0.133134447818026 0.038201184390612
-0.302655986164149 -0.122234353484294 0.389777066754146 0.174696079311131
-0.150126980857504 -0.0283807209165039 0.253059239458969 0.480238373219142
-0.126379588961521 0.0227548061978704 0.313995515020858 0.247688460392727
-0.0580507029191291 0.0527059339629499 0.122622861589324 0.0740782704068457
-0.0425986708191257 0.0182740890114127 -0.0436854914668655 0.0579409431713477
-0.0610679985478046 0.0572174651317833 -0.11598160830064 0.230017709757723
-0.0262310304761989 0.0918159542485633 -0.0135523757825558 0.381111820319946
0.00379818968016885 0.116544214169363 0.100119495920342 0.423254117256035
0.00308795535410502 0.128603467819018 0.131628055001268 0.395295132445467
-0.00930961946114006 0.132113672648762 0.111484264909509 0.377998595093227
-0.0390274185595877 0.119121552909759 0.0422133215367787 0.322400529931598
-0.0741388016762259 0.0674629331554938 -0.0474389419757231 0.238064867509875
-0.0576257770760851 0.00150939319431619 -0.0480523681031417 0.0938287436581192
-0.0223270698992197 0.0349058363477002 0.0149682940539155 0.0545044158225927
-0.0928307820699548 0.0381380644205621 0.168619924078033 0.063776081283608
-0.161321324096825 0.000873731364068937 0.433530914261155 0.235977105804812
0.000191852817555264 -0.100615478828479 -0.439564105587489 -0.256917719095854
-0.0662873574493549 -0.12837270567083 -0.273849548659863 -0.065090974157766
-0.12364401435434 -0.0192596369975844 -0.0731079711358468 -0.0438534204292901
-0.0720200148578639 0.0879808876882964 0.0424829692767622 -0.0281341595985418
-0.00717761564372066 0.0811358462247378 0.0942822678643422 -0.195012599290822
0.0161013109345146 0.065706715151106 0.00104330618370027 -0.329116438483126
0.036331110431066 0.035971712499184 -0.0943288053635975 -0.396285011339483
0.0431527782644696 0.0362644366391977 -0.133318810398559 -0.407293917280671
0.0518010490622322 0.0444862489347313 -0.118001792449541 -0.411290057927409
0.0396922092735211 0.0922089262407271 -0.048849821551622 -0.369271053930435
-0.0186020506719505 0.125587544033446 0.0407666254817184 -0.262232487722964
-0.103784034846176 0.122697473657844 -0.00211255969038094 -0.0883073284906287
-0.178789339132153 -0.020860326298697 -0.141956307717832 -0.0879518587081053
-0.0919849903505019 -0.149510333563372 -0.261849808503293 -0.241023264805546
-0.0186487959470862 -0.125136698615443 -0.282214117016913 -0.481166172402347
-0.115795290646232 -0.204361082751743 -0.414017593866005 -0.248438638343582
-0.195333919318534 -0.21297996275103 -0.25471278282609 -0.0993496130312807
-0.247844339081547 -0.0423793472848902 -0.102127460250244 -0.0683184978492279
-0.200041585149539 0.142651866219753 0.015545145238521 -0.0106825649531334
-0.0975150327253257 0.204428534117346 0.0909346443168422 -0.161783494304179
-0.00823223176265609 0.21964964955814 0.0227413865528616 -0.289036854825428
0.0693708280693444 0.191645905430251 -0.0603661206922462 -0.350948962287793
0.0869130452336898 0.197921316702024 -0.103073673186936 -0.356473725739157
0.0931903819372616 0.199653654288784 -0.101431304784299 -0.349453202379631
0.0524927348662305 0.269468312773142 -0.0601415641307866 -0.313032973378188
-0.0775169580542181 0.301421363084494 0.0111216286257825 -0.2148606121746
-0.220773956768974 0.271916471309765 -0.0309093835847961 -0.047794019035252
-0.37636265843308 0.0481232529112061 -0.17730360985671 -0.0424984940640136
-0.320571942061337 -0.211537534822777 -0.267851932867568 -0.197220989463683
-0.209870579467925 -0.248084647881129 -0.245704504731285 -0.412141680162095
-0.214936569872988 -0.293953527141607 -0.351552138770994 -0.179602082479944
-0.316448451889151 -0.288997133322947 -0.198848928157446 -0.100374830899086
-0.366249206991832 -0.0712572054314508 -0.111006909120218 -0.0933979528100035
-0.326248465108762 0.181189828182107 -0.0211514989042142 -0.0093051132884264
-0.194147667859409 0.310878598082284 0.0567302120000783 -0.115827365273998
-0.0437204469504644 0.353082287808161 0.0236327314257382 -0.205600510202415
0.0863460319490684 0.322847153632507 -0.0232024520316382 -0.25072462860782
0.118706742768629 0.327807891558559 -0.0565256873007873 -0.252914999248632
0.12551965166967 0.319315426574056 -0.0607654752208548 -0.237102831642741
0.0715258200974961 0.403168522762425 -0.0483746598540712 -0.211727765157685
-0.102089561752619 0.443112356305042 -0.00377466050194606 -0.135706596108383
-0.286432160089779 0.401352330163452 -0.0384430010385995 0.00239288839099016
-0.508433470174739 0.138921812174133 -0.17369729563764 0.013166865697994
-0.498658282799731 -0.214785547881978 -0.22600507804212 -0.129747803503283
-0.372861210499308 -0.316358414626225 -0.149823652276192 -0.299515634981599
-0.293267329470966 -0.349527253967973 -0.253009040411334 -0.0545461989835601
-0.424416632204065 -0.33009878610456 -0.109157725156891 -0.0532594149143248
-0.470347548492483 -0.077161536116052 -0.0927108760747871 -0.0992520134846613
-0.422542484466632 0.220171923651295 -0.0581391994763194 -0.0101516622927355
-0.265367680611567 0.389393615421246 -0.00268188395565894 -0.0492898722466312
-0.0708236276811702 0.445111089022501 0.0067324310029136 -0.0815777750331712
0.0912667907797233 0.409327157118306 0.0107906653620405 -0.107174304921817
0.13101163993566 0.405941060826018 -0.002558731740249 -0.11147628736114
0.137209228576035 0.388641259213516 -0.00404818106004135 -0.0959446270552294
0.0796360845366396 0.474267195419198 -0.013394633203634 -0.0831468638078325
-0.111035009367874 0.515415537726238 -9.4112390735465E-05 -0.0359555467366955
-0.305792827708 0.467804951680869 -0.0291252531452609 0.0515348358083999
-0.553431306024295 0.203699805992746 -0.133866637735585 0.0582477054910677
-0.584322091899325 -0.183393355820184 -0.137307458258476 -0.0658028992292915
-0.467914956058548 -0.324747364935762 -0.00943040450922898 -0.17042509935333
-0.338346406756145 -0.347344254419111 -0.127691072849384 0.106768220772711
-0.482856410359182 -0.312062503454032 0.00865572961954164 0.0318682976887053
-0.512830600106965 -0.0511870314220821 -0.0509139108016314 -0.0756320460065336
-0.446707736768601 0.241727693747269 -0.088260956151376 0.00184276734571558
-0.285118950660947 0.413654389833767 -0.0666364435008349 0.0390208107225699
-0.0802446656438157 0.467163506374317 -0.0145486575872418 0.0687296489587289
0.0875124648719323 0.431486016500871 0.0414709266760732 0.0598511277645035
0.12378274762984 0.421639098524134 0.0499815144522903 0.0462421049687748
0.125445697282411 0.399348837563297 0.0542150302747084 0.0541519662027166
0.0644643791744373 0.473710309949949 0.0302375999692392 0.0511561702256823
-0.117446677924155 0.500255788911026 0.0116975493069692 0.0675666311469556
-0.287885444258843 0.435031956685615 -0.0153681227625889 0.0906703536050598
-0.505220499451526 0.206244546117045 -0.0796517463316752 0.0831014390647442
-0.559638742049345 -0.141612761659299 -0.0287764846599629 -0.0190494202153937
-0.480895543133854 -0.28632534199108 0.146413106076527 -0.0419782338053681
-0.332576262364648 -0.283073393471951 0.0134035487038059 0.269572633269906
-0.452229477456186 -0.225852555438601 0.132282587183948 0.125689987658174
-0.447747846694419 -0.00181691037362517 0.00224973038996449 -0.0259815894844613
-0.368949470520883 0.221598842661858 -0.0986052017124808 0.0283078323351431
-0.241002350204467 0.359459884545772 -0.112946772120917 0.131927729495803
-0.0660112949607944 0.404259488255403 -0.0254732137138566 0.214208934854452
0.0751051552287281 0.3816126907723 0.0703774190988833 0.219547118551438
0.0995851942076047 0.373720381899047 0.0953038760656092 0.195725389248594
0.0896850840447339 0.356711595508963 0.100148128075821 0.192065489449728
0.0261358168432418 0.402477821084943 0.0632239557179582 0.170692385218391
-0.123481534058102 0.397085987878964 0.0138284198144193 0.153841904137227
-0.245003296036477 0.311851655859875 -0.0136795795887814 0.112496070946125
-0.376600642930164 0.148146096664447 -0.0341281502106039 0.0870455746799152
-0.437589440118095 -0.0972996325112332 0.0661760577421343 0.012468092940724
-0.416954220087926 -0.21205489354415 0.286014789108602 0.0694328309433805
-0.268002270621141 -0.164577952433953 0.150337115522045 0.397845754262779
-0.325279673652645 -0.0974313781897584 0.238037365927431 0.199243172386709
-0.276468667857187 0.0449103843649987 0.060208314825939 0.0308004063666414
-0.213729706306359 0.141696080226029 -0.0809678560047008 0.053558916479612
-0.152502071702455 0.229270060695814 -0.125355704121018 0.202117713292896
-0.0419671296258025 0.26829146533986 -0.0200191575448425 0.322838617040347
0.0487806089982445 0.267438947848912 0.0954492760018912 0.342706936994098
0.0578638250667875 0.269464485356354 0.127385243048202 0.315493479624128
0.0419434063028327 0.26200165107079 0.122962045675972 0.300257548347789
-0.0139254888063083 0.277076750641813 0.0697988071610299 0.261068657437967
-0.115553893705833 0.237751501120954 -0.00522267581657595 0.210788498944533
-0.167274841149081 0.145289894833085 -0.0275191544630049 0.112713348327467
-0.200189960096435 0.0742515904794472 -0.0055616596322396 0.0755544988073462
-0.263469643462155 -0.0415195943871408 0.130498477411025 0.0362574326642329
-0.297530857522505 -0.112298479963507 0.383407087694331 0.15744810227271
-0.146911454799203 -0.0230200356510198 0.255206667808487 0.4671617387352
-0.12357249912654 0.0257114313559099 0.313448385885571 0.235569885784799
-0.0545321701140678 0.0520546586958224 0.122216668800025 0.0684285048535782
-0.0425704596488121 0.01726071658694 -0.0428458784404069 0.0567717756818327
-0.0595040792837816 0.0577725516199517 -0.109893264829893 0.229588821020388
-0.0243451796654447 0.0896961020063894 -0.00360211009245714 0.374729597178433
0.00700921021108458 0.113743629178865 0.109687689178223 0.410381623121216
0.00809783765468867 0.126076366197681 0.138866400399657 0.387146275382545
-0.00399007970626633 0.129702113248299 0.12028317529353 0.367349952436625
-0.0339092263643884 0.118585620538175 0.051372831805848 0.314333807948901
-0.0717959180387742 0.0669412116103983 -0.0365523369647758 0.234940705083899
-0.0567006965110162 0.000452488149974563 -0.0438808763603174 0.0940910152099467
-0.017638194513289 0.0330916351550686 0.0171705028093502 0.0569466707070091
-0.088214371768622 0.0412002948050539 0.166240455236727 0.0598541346912821
-0.156919819197665 0.00454262893120996 0.430059764678887 0.216887574559832
-0.000334125790627421 -0.100695065281305 -0.433784456945603 -0.24428810454495
-0.068077114514693 -0.125331544701448 -0.268947315873006 -0.0586991517812645
-0.121241957279119 -0.0156125913501512 -0.0756426471697243 -0.0427851573701638
-0.0673093367908228 0.0890447892739452 0.0396490232874074 -0.0274702506326491
-0.00365849609653282 0.0797277907584788 0.0866070879757803 -0.192471682885541
0.0191739336322138 0.0648624284283573 -0.00652822781107699 -0.321729819403661
0.0362770982742323 0.0348579736426175 -0.101385950368987 -0.385814016502313
0.0419190595104214 0.0345026856251022 -0.137827319586422 -0.398928622063119
0.0507937217897608 0.0425077075662127 -0.12284409157065 -0.402752635548186
0.0410370807644823 0.0888124441771884 -0.0567844305057339 -0.359781952791614
-0.0152557072916968 0.125779696185703 0.034804740814491 -0.259207228038335
-0.0988921978342295 0.124207785872467 -0.00245131311568116 -0.0857530531386923
-0.177600977822865 -0.0168711637818194 -0.139928448472045 -0.0849449963999951
-0.0945381652595627 -0.146994317311785 -0.259552503588775 -0.233252274271568
-0.0190456391438042 -0.1219749230031 -0.282652817126887 -0.468968500792815
-0.113703490548769 -0.200632299170893 -0.409502784858102 -0.234569801476291
-0.196272890387333 -0.206471647930372 -0.251273766363332 -0.0935237187505125
-0.242472502954297 -0.0392444181083103 -0.105957569518817 -0.0668563690326659
-0.191993109721332 0.143952598264943 0.0130737323493141 -0.00936507864348371
-0.0901924854798936 0.20280353102569 0.0826332148650857 -0.159372871763966
-0.00219497152642778 0.215743991356223 0.0151951415802378 -0.281540717358277
0.0716658489782303 0.185922382451061 -0.0666166357895142 -0.342748602831644
0.0890575858264617 0.192743742744196 -0.107076595810662 -0.348645592236285
0.0940007141846684 0.194129026347043 -0.105246003579035 -0.342191653171431
0.056268187765737 0.262846056524271 -0.0661747168420527 -0.304779578912527
-0.0686937147648304 0.299085674485219 0.00688376811364035 -0.210955769903245
-0.210722458356609 0.271837249647289 -0.0301302426725364 -0.0448302319172052
-0.368647231559993 0.0539812249494299 -0.173857898441023 -0.0391142733780152
-0.321278559872731 -0.203748484726174 -0.265283186846575 -0.189815505206019
-0.207018307620445 -0.240054229967723 -0.246861377206853 -0.401814601306405
-0.21117892733 -0.288201228512953 -0.348241842520345 -0.168118790425445
-0.316533321224677 -0.280615630929399 -0.197332467517245 -0.0944199932218187
-0.35860223544409 -0.0669424659995961 -0.116632903562012 -0.0923393465008182
-0.315617331315528 0.182847485262732 -0.0233175940436301 -0.00741746204745518
-0.183572841215545 0.30805690200415 0.0482626021661521 -0.112010947068011
-0.0352317145920213 0.348619606877306 0.0177957125432034 -0.199973054501726
0.0907912294584391 0.314524412846686 -0.0276111249363811 -0.245908511839937
0.122169408552596 0.320530691767823 -0.0598860682532517 -0.247661768704762
0.128087225396316 0.311316260350868 -0.0633542512984416 -0.233525661927844
0.0783073758443495 0.394175533716932 -0.0523287182155255 -0.205437024725783
-0.0916686644513017 0.439070720127372 -0.00602339017383701 -0.1328811836719
-0.272965977972953 0.400580104804866 -0.0371385976349926 0.00453233270899303
-0.497018318781263 0.145390762152987 -0.167808324965747 0.015690888532647
-0.495269564345237 -0.204648627909587 -0.224349286120167 -0.122543073372289
-0.366627281240797 -0.304130170676459 -0.151341914375071 -0.296332605780347
-0.287294037246424 -0.339806103326374 -0.250344761081773 -0.0466055992198798
-0.422169690356159 -0.319122420864864 -0.108227641617292 -0.0494799637126866
-0.461172201084034 -0.0724246439797342 -0.0982517751380226 -0.0990798604214338
-0.40999561630688 0.221585918641248 -0.0598643962694991 -0.00838658581050949
-0.252918545985655 0.387028302640475 -0.00916884009952768 -0.0451781037591026
-0.0615414402795845 0.43778693059842 0.00374205704565906 -0.0777608668035991
0.0971176864932744 0.400238863291085 0.00873084989167233 -0.106785681656477
0.136074650742258 0.395332940900875 -0.00548655024570872 -0.108655782846188
0.141112123981467 0.379124863926563 -0.00607799030592434 -0.0958222299029685
0.0871355053464093 0.463642544592055 -0.0154959008867636 -0.0796160956518141
-0.09866202579361 0.511835323397364 0.000104522710960166 -0.0347436460245079
-0.290259489890165 0.464176826136915 -0.0268480882551699 0.0528812157678326
-0.541497647878645 0.210260978525335 -0.127624267593207 0.0598826797221125
-0.579053304201948 -0.171505031207784 -0.135386238529542 -0.0604652162692978
-0.460702888457628 -0.314131099437864 -0.0140138375863243 -0.169875993135834
-0.330788777538751 -0.337862098193995 -0.125586053109262 0.110631464617262
-0.479773063662746 -0.300207295828894 0.00825060397067987 0.0326333109792688
-0.502203303987319 -0.0464833893888829 -0.056651516646137 -0.07626683613469
-0.433035083577345 0.243175906092213 -0.0890881247360527 0.00349133601424399
-0.273183638275585 0.411888045487885 -0.0709783987412693 0.0431330301033995
-0.071295055297713 0.459990182429609 -0.0146254402404482 0.0697293342078193
0.0933222534745281 0.420605983134626 0.0416652673777136 0.0554978029109321
0.130033358216955 0.409449370858404 0.0488779263036366 0.0457636565739165
0.130539755002682 0.390365497479984 0.0537991556163793 0.0513682898572055
0.0723507837649784 0.462866355782928 0.0303310343030446 0.0510423726808994
-0.104350979299784 0.494577796253047 0.0142379898396452 0.0666000289824069
-0.274805239161939 0.431938426836717 -0.0127901303826189 0.0913252613165551
-0.491119194126504 0.210148661184473 -0.0739844333482241 0.0843520409832885
-0.552414208962556 -0.131320578419663 -0.0286440510559158 -0.0143248501175803
-0.473987903614897 -0.275950714764132 0.140546301867964 -0.0458844700186807
-0.325227760019214 -0.273519784161141 0.0141116421559805 0.268573253078886
-0.450348613040812 -0.216148288763551 0.130977371296479 0.122783301278395
-0.437803737211 0.00457132377312134 -0.00295162006720658 -0.0283702045741437
-0.358958511470436 0.22047769226158 -0.0983726154873817 0.0291707796799773
-0.230258035837586 0.356684740843453 -0.113997376047589 0.134690013323219
-0.0593138407571921 0.397714212185102 -0.0221681767762875 0.21242658678784
0.0794739024970455 0.372131681565754 0.0729841160569068 0.210446488072566
0.1054588635669 0.364204735649004 0.0958231434563069 0.192517872935641
0.0956501232081444 0.348537268178524 0.101370637361753 0.185884854714875
0.0333988624158002 0.396038534715307 0.065513920757921 0.166727905775664
-0.113367118523891 0.392539038974429 0.0180426109084312 0.1513241398713
-0.23340835801269 0.308469162961675 -0.0108598741806183 0.112734713135226
-0.365050936214147 0.151084177169593 -0.0295001735712513 0.0881809548517139
-0.43191463484513 -0.0890583202494723 0.0648568559394856 0.0149242817509157
-0.408909360845186 -0.20317514993769 0.278154338607603 0.0616407104720781
-0.261686727415941 -0.157017549802702 0.149208024027662 0.393208473551841
-0.322317221353067 -0.0901076760769229 0.236709284858921 0.19271423399207
-0.269341531687628 0.047118943109527 0.0574289793650217 0.0273509875191769
-0.208225465851604 0.141369893436883 -0.0808830817283038 0.0530311830393162
-0.146330612061452 0.228107168664023 -0.123815645409963 0.20231646257373
-0.0376812733066533 0.263332641672015 -0.0158676608860953 0.318749511263306
0.0518821127795677 0.260475539251232 0.0984594454029184 0.332097588843193
0.0627094439600001 0.262563826257084 0.129372330893091 0.308658609666017
0.0471288539257291 0.256412392529358 0.125489138785911 0.291906847858295
-0.00745192029112231 0.272481145129813 0.0742511213797549 0.254405357144276
-0.108471066179747 0.235202313412604 0.00127142948368654 0.20723559571775
-0.162139962794966 0.143198295949876 -0.0238912854285873 0.112736889708086
-0.192058222730296 0.0738767215105034 -0.00140126061763689 0.0764427940932967
-0.258377779641876 -0.0362071600843307 0.127684689640907 0.0360330425734882
-0.291745721382621 -0.105920453416636 0.376395372534514 0.144885202026856
-0.142613394473541 -0.0194152345361051 0.253750901940011 0.458248020598573
-0.121387567718412 0.0280008192169389 0.311443577231237 0.226327525167403
-0.0512841526877926 0.0508904269001252 0.120222666802091 0.0639108368328583
-0.0427530205024231 0.0169985206478166 -0.0428326614325398 0.0554684498800374
-0.0585613072606147 0.0581999171779547 -0.107304036537734 0.229346920098296
-0.0236415754879759 0.0888232156117657 0.00259193905478749 0.368498493581858
0.00828165266375886 0.110898050066065 0.113230522660875 0.398163558974683
0.0116257773435921 0.123444214885928 0.143478635951843 0.379220447088863
0.000244354806111144 0.127137001536424 0.124013108269307 0.358721312777459
-0.0306905362940614 0.117337517983033 0.0575283256065655 0.305585360198773
-0.0702721518762336 0.0655797053706429 -0.0284215977069421 0.230799685309683
-0.0563561393583042 -0.000911055761220695 -0.040841330110386 0.0947309386059137
-0.0131879805440262 0.0305394421852928 0.0190813961763327 0.0580332386314499
-0.0844885708983262 0.0424180181585593 0.163167723811079 0.0581801167125689
-0.154032891279708 0.0066735033817381 0.423129760603063 0.202249911953607
-0.00030876598600595 -0.100758365909311 -0.429118901098401 -0.238671610174091
-0.0696633983644064 -0.124623612070592 -0.266116902050323 -0.0568066269332986
-0.11981087971134 -0.0140216298281549 -0.0788801572474376 -0.0427965927603196
-0.0635540879210127 0.0896870920213056 0.0375592961605205 -0.0260202000896025
-0.00173451073591948 0.0787688450332416 0.0821254733334372 -0.190787462264603
0.0214968630712475 0.0642345260722194 -0.0108218703213397 -0.316793015308334
0.0364298072972303 0.035333434394206 -0.105347564553481 -0.377979148146256
0.0408752322696807 0.0339022583924358 -0.138333987091569 -0.395300394881114
0.0495326557459701 0.0412855285109197 -0.125607630496849 -0.399856976163274
0.0414263306241214 0.0874536205051389 -0.05788988793832 -0.356015487473028
-0.0122754435513444 0.12621109262716 0.0321251885056158 -0.257217809222339
-0.0959837030167743 0.124931325584388 -0.00220726306205286 -0.0848274840044992
-0.178147190205548 -0.0143914024097439 -0.138101905918109 -0.0847353884599365
-0.0960976998397934 -0.146445209687609 -0.258225049324715 -0.231201216811529
-0.0169494352444009 -0.119350070669802 -0.279194049228385 -0.464766568059269
-0.110735938301432 -0.200497116812761 -0.40470649992321 -0.229282022386689
-0.196450148244777 -0.204070116389325 -0.248632297215891 -0.0905831639310576
-0.239035247923674 -0.0385374306419561 -0.110305842253509 -0.0671705812497701
-0.186327223209032 0.144065609177352 0.0113189469732483 -0.00726850433511243
-0.0865683496301466 0.200781237109158 0.0769162569417232 -0.156642776786502
0.0013459427488908 0.213689056771257 0.0107292667211719 -0.276619974576552
0.072488472689524 0.183596631741814 -0.0692206545918311 -0.338544840105337
0.0892968503144235 0.190334050298821 -0.108774549906294 -0.34670282516876
0.0942792027621176 0.19159737332809 -0.106332880822609 -0.340035169674962
0.0578751888808921 0.259072027685497 -0.068118849901546 -0.300250421818137
-0.0639510022712256 0.299546125596275 0.00535746783140762 -0.209411299644004
-0.204710546495571 0.272199862418778 -0.0292633849352049 -0.0429658098691243
-0.367654193937362 0.056585581192509 -0.171458583103118 -0.0390996636644786
-0.320622879760216 -0.202565822449205 -0.265125267544288 -0.186381052437922
-0.203281195066395 -0.236527593238092 -0.244561021948869 -0.397806893761726
-0.205623921357665 -0.287115806210298 -0.344523069487738 -0.16294692276381
-0.315736495360041 -0.276631862351966 -0.195778371684371 -0.0916159429942774
-0.354356694710258 -0.0669368406376265 -0.121113557374275 -0.0924925983522236
-0.308575791792468 0.18301916434313 -0.0251652910655813 -0.00535534693501038
-0.178017667326119 0.306296344138283 0.0432182739600913 -0.108312324060008
-0.0314096284211809 0.344921105596012 0.0142330330277965 -0.195193927166837
0.0915433757662971 0.310537699848874 -0.0303156504340198 -0.244340843947491
0.123769170404928 0.314901063040835 -0.0612763065205895 -0.245372592873237
0.128673173237996 0.308000159405 -0.0639116192119288 -0.232287142649772
0.0796173210013481 0.389429970676652 -0.0534875198193205 -0.201187680250002
-0.0861350172515561 0.437733801836784 -0.0059099962465349 -0.131776053094529
-0.266289158956823 0.399760099490822 -0.0354441580954124 0.00684381586912223
-0.493299439871663 0.146857274518448 -0.164358863386167 0.0164025526637576
-0.494852020313667 -0.201121617591426 -0.222125085029366 -0.119490130511201
-0.360869438797744 -0.30153153930528 -0.152755573326747 -0.293318280115985
-0.280101726490945 -0.339406297278681 -0.248625049247295 -0.0424590283173314
-0.420483598684241 -0.314939015188853 -0.107458379423072 -0.0475917928199336
-0.45537285380387 -0.0728987846424852 -0.103742393537361 -0.100230064211915
-0.404463775356358 0.219672705762619 -0.0618086203319885 -0.00645787800637649
-0.248001694481611 0.384744921665511 -0.0141103514886963 -0.0408769196540086
-0.0578407174945714 0.433910508437131 0.00172654875206109 -0.07461331834576
0.098007760628395 0.394999821475832 0.00740139431930335 -0.107806847683707
0.13893974902166 0.390180694041349 -0.00658755460256669 -0.107523748618758
0.143400208542615 0.375027468355073 -0.00725232601155841 -0.0961967540283684
0.0902704436474542 0.460144769830789 -0.016448110273953 -0.0770978526868868
-0.0919659741405074 0.510284700340889 0.000281933922751816 -0.033711716416225
-0.283105560256592 0.462981414228104 -0.0248946009626272 0.0547836567179814
-0.535373630330435 0.210490607631836 -0.123670570414981 0.0613209016239192
-0.576527202561377 -0.169113134196429 -0.134590207776537 -0.0568146948736984
-0.45323451065267 -0.308080749051681 -0.0159574020328983 -0.170134688591387
-0.323706977034475 -0.337173528068571 -0.125755600375341 0.113922824000057
-0.477293888680692 -0.295392117288006 0.00931990194407422 0.0336364100103694
-0.497534994740217 -0.0459909363062659 -0.0619675814412521 -0.0783518360131405
-0.428217471296054 0.240508146908502 -0.0904283434855444 0.00469486411913343
-0.268240909134572 0.408922685790483 -0.0751582801812705 0.0465884437177198
-0.0681658817148655 0.455977052146193 -0.0150219207652449 0.0714537010643953
0.0941705408084161 0.415574996554599 0.0413139573009073 0.0514517888502759
0.133432049163234 0.404372110245622 0.0484638620347965 0.0460487335563519
0.132167019027495 0.386758391205635 0.0531897218541167 0.0490869701647615
0.074490042227781 0.459788985766268 0.0305655507044634 0.0516946014002342
-0.0984090003083554 0.493277631130681 0.0156255338621681 0.0657914124807663
-0.267725362202063 0.428310424152909 -0.0111511753686571 0.0925666182688549
-0.484732247117685 0.210632671831103 -0.0701812798550413 0.085393660791911
-0.548701854161954 -0.128167998469113 -0.0285345619841795 -0.010904340365508
-0.465131906915125 -0.271725137565449 0.136161325048104 -0.0492538658741677
-0.319084751190757 -0.271286625300624 0.0128897509550922 0.270972547702004
-0.449161972036694 -0.210848384803023 0.131177660223295 0.121863086139841
-0.431843957426609 0.00328025021277254 -0.00770908106949344 -0.0302765320846665
-0.354056217043355 0.219786774910737 -0.100170921133662 0.0292249433432435
-0.226294617554976 0.355618077112741 -0.117033675720211 0.137611478803144
-0.0562470338544758 0.395128529673257 -0.021685869271141 0.212076407415462
0.0793634036379477 0.366942309302725 0.07336390650467 0.205052632242155
0.108215897220204 0.35859899938979 0.0952582689045068 0.191709931187893
0.0979589472825327 0.343706169556131 0.101428437255751 0.182941060001196
0.0370270304430553 0.392694983099461 0.0664486376797759 0.165799322266169
-0.10922335345397 0.390628770392516 0.0205395850295104 0.14970387355973
-0.228821636964114 0.30574971664195 -0.00912859767091719 0.11314440217962
-0.357413605295716 0.149771775097717 -0.0260630127224152 0.0898519254073688
-0.427463603891943 -0.0875319773062161 0.0641792247882701 0.0177039322661738
-0.401594324054684 -0.199540847944918 0.272515746723493 0.0566159015268837
-0.256487797070633 -0.155298524375384 0.145727015060142 0.393050782721613
-0.320742482753219 -0.0865480705274072 0.234936869442394 0.190874113149108
-0.265252114695718 0.046302803527611 0.0538545243654589 0.0250292825607235
-0.206289048332844 0.140042914942018 -0.0822366871549941 0.0525579949589977
-0.14472757413969 0.227533193520819 -0.124732349052779 0.204269705802107
-0.0371416963722143 0.261729824819486 -0.0134721371234555 0.315976908831726
0.0522236196063061 0.257391456278217 0.0991706846520031 0.324428608779763
0.0650466909495647 0.259463782548216 0.129300856053017 0.3074778226695
0.0493324322883216 0.253785966004173 0.126116197289004 0.288161417188302
-0.00470780871518134 0.27016651068371 0.0766895588275782 0.25078367467038
-0.105209996097328 0.233712447793065 0.00526310136556428 0.204338788626995
-0.159676843362782 0.141398478734652 -0.0220354177415368 0.112982953553643
-0.186601741963635 0.0721180688503399 0.00093968987747954 0.0785683014898742
-0.255301696417381 -0.0343588849256969 0.126257603935697 0.038969277415311
-0.287357730293693 -0.103436089317337 0.369135874157437 0.138792455879378
-0.139415715270555 -0.017431891756715 0.249039060618682 0.457047593783218
-0.120095839894934 0.0290814247644069 0.309163877177613 0.222991419331787
-0.049920698661826 0.0504748059643008 0.119259352110285 0.0614275883644664
-0.0437433347228918 0.0160851727625142 -0.0447542260631753 0.0542261177059659
-0.0583653519003288 0.0588309246695178 -0.107018723448963 0.228658509935746
-0.0243145438639645 0.0883285867251607 0.00364452353777521 0.364549444126389
0.00845260587103508 0.109934904084763 0.113818753993605 0.392814657947423
0.0129683649230823 0.121908706809654 0.142998160376235 0.376658853297586
0.00247724287582451 0.125843620229549 0.125326137860177 0.354096041011482
-0.0288325756583782 0.116908489294234 0.0608265498979902 0.300698055125337
-0.0697261048899833 0.0648740160840511 -0.0236466695977412 0.227182414816609
-0.0575070989936961 -0.00244173513466175 -0.0385049789397584 0.094393494927529
-0.00947352790792868 0.028294724856241 0.0204580805700269 0.0601317708052821
-0.0817685893733414 0.0429812515441479 0.161550400260855 0.0599113469367016
-0.152937792765684 0.00811725093669984 0.417876570191553 0.195635568579552
-0.000411244586037286 -0.102906461327559 -0.432374253887343 -0.239389173754931
-0.0721764424226409 -0.126373116415433 -0.267971560160195 -0.0558061393693231
-0.120028715678788 -0.0138980776018549 -0.0827543424229828 -0.0427307218523717
-0.0615707883002727 0.0918549768808595 0.0376497805954475 -0.0251722290668216
0.000316915222274286 0.0794429911832876 0.0791439492957981 -0.191846986393542
0.0242112396639346 0.0644885011779551 -0.0148709047177579 -0.316746197279117
0.038129149697226 0.0353592511202732 -0.108164102989582 -0.378206425220685
0.0405002069674823 0.0342310425778785 -0.143254381392248 -0.400451626189097
0.049218289386133 0.0410918717375215 -0.128634288688244 -0.404192609877577
0.0418949717007666 0.0869317940187461 -0.0598305608598891 -0.357770300662787
-0.00942738873578997 0.129086902561663 0.0305845494139083 -0.259654139071133
-0.0947091528712209 0.128713590983686 -0.00193565083627921 -0.0848655495974594
-0.181284959801807 -0.0126238492892095 -0.139001839181175 -0.0867085983220869
-0.0990290430284576 -0.148750415570063 -0.261645513322764 -0.233901451240078
-0.0153103989292837 -0.120129516059996 -0.281108631805237 -0.469598973846457
-0.109457166967455 -0.204213190794222 -0.40887612304927 -0.229397505789077
-0.200089984495707 -0.206529213427593 -0.250036815674328 -0.0889216643869937
-0.24069619166966 -0.0400924998055328 -0.115924688051251 -0.0676819758858126
-0.185260815543885 0.1462725360315 0.0105944415507026 -0.00580200349667327
-0.0844520080384834 0.202710019742307 0.0740540349781127 -0.155749621179889
0.0044750483228636 0.215776142362089 0.00827562542337503 -0.277749949918609
0.074281936797612 0.18485823035331 -0.0720213809310292 -0.340220728374204
0.0906003990803378 0.19112192508793 -0.111802960938854 -0.350041279063209
0.0947700432608649 0.193154683694127 -0.108719890172859 -0.344546861333262
0.059448167207609 0.260723568203165 -0.0701056572877679 -0.301035751442081
-0.0604180864577491 0.304727025836665 0.00354899458331261 -0.211369393909142
-0.204008787684109 0.276507095160785 -0.0285185089646816 -0.0415349526342968
-0.371371593659631 0.0594044807000738 -0.171253632195264 -0.0388508069089262
-0.326812633350736 -0.20437852903189 -0.268628261371983 -0.187454377481381
-0.201207131479409 -0.238611736631138 -0.248598613054264 -0.403913756353295
-0.204402766273292 -0.292770265853122 -0.346923289125928 -0.161539402495514
-0.319560249577982 -0.279258374083895 -0.196296278635012 -0.0913223553529937
-0.357155477274339 -0.0692472833267446 -0.128741931767055 -0.094037369873568
-0.310216180550789 0.185045971032528 -0.0263689138280212 -0.00322773049084531
-0.177074861926099 0.30964304214997 0.0393718313645745 -0.106064860074244
-0.0286911764205253 0.348433793040738 0.0123071636296014 -0.194321495323395
0.0934795031448928 0.313149476567437 -0.0325825304639875 -0.24741224904568
0.127408515926374 0.317302417075709 -0.0635454271470361 -0.248120877377143
0.131090972436607 0.310115747843676 -0.0662784746535857 -0.236116162845181
0.0824465075578224 0.39200527491189 -0.0551933183582584 -0.20129250939
-0.0809582587289331 0.44523287709002 -0.00701237033678927 -0.132773635788066
-0.263335333710906 0.404527881061244 -0.0344481740508989 0.00887315723874534
-0.497849211063547 0.150388874736283 -0.164497679883996 0.0177699008140045
-0.501573278679547 -0.203852770634991 -0.224646174581135 -0.119489141963776
-0.359965233738479 -0.303093885555825 -0.156328578406576 -0.297205485393095
-0.279482981791007 -0.345751688503331 -0.250970260700046 -0.0388791502157171
-0.427272781339803 -0.317221892322359 -0.106840863761939 -0.0459983492810165
-0.458873630381056 -0.0756450339591913 -0.11120567055872 -0.10260462004447
-0.405971077991126 0.222600411560908 -0.0636201337212406 -0.00487410212532813
-0.248066890175885 0.389933000943293 -0.0186335875722366 -0.0378577121627105
-0.0559716988332588 0.439744570928448 0.000405288640996907 -0.0724579681765618
0.0995948879779417 0.396793425059125 0.00577180537933828 -0.111038739992324
0.141687969141685 0.392964003230766 -0.00686658577675899 -0.108096297570743
0.14716167416416 0.377603376276673 -0.00811291889839379 -0.0983245565322
0.0927465039677655 0.465499268632317 -0.0164582545903069 -0.076222561816265
-0.0872693101319644 0.51683552564858 0.00122747761706837 -0.0346359159488231
-0.282431309663849 0.468736900209338 -0.0232729819361273 0.0569409963587865
-0.54038408046453 0.213294323355363 -0.122221958044022 0.0631685826160402
-0.586356390129058 -0.169832976868382 -0.135334208291918 -0.0544317727585541
-0.454214254166672 -0.311372510700949 -0.0186098127577513 -0.174255224222252
-0.320974798303467 -0.343602942113307 -0.126756849941579 0.119474496404947
-0.48440375331092 -0.297275409241215 0.0111697813028436 0.0351723209953431
-0.500799015388667 -0.0482449252945989 -0.0688810275710137 -0.0806881063834628
-0.431128068053478 0.243149038570881 -0.0934480194773255 0.00568879362866024
-0.26822530035799 0.415364377192317 -0.0804180685856327 0.050997018621364
-0.0658030103910415 0.461813365191485 -0.015608357811753 0.0745916540144879
0.0966443281744997 0.418244070077493 0.0402929870497614 0.0485154005836375
0.137239350806995 0.40623684549362 0.0487637659464095 0.0469245081415176
0.136064821820169 0.389871680646447 0.0534778194241828 0.0486077081682596
0.0786162639323682 0.46466636315276 0.0321165823543579 0.0538161250732292
-0.0941582911733734 0.500154944170366 0.0174281743441507 0.0666878550259563
-0.266747200752 0.434024726709008 -0.00886188960934726 0.0952061597467277
-0.486328956507674 0.213198708402497 -0.0672725886348478 0.0878880280231934
-0.557812666224412 -0.129808245000705 -0.0276688772249169 -0.00715123861899177
-0.46599187465501 -0.274105888181484 0.13437031911212 -0.0524565215083703
-0.317308815605896 -0.275903312079518 0.0127038911812786 0.277402747351721
-0.453596378241316 -0.209975528669288 0.134071078301791 0.124123907766606
-0.43448283130174 0.00304536076223995 -0.0128370903818691 -0.0318757306226725
-0.357159627031307 0.222668060014619 -0.102984569851181 0.0302539179197777
-0.227206420858059 0.361224709364072 -0.121640558413228 0.143022711426047
-0.0562185971338327 0.39998530892271 -0.0218132903628485 0.215989338585363
0.0813686531664002 0.369952083565357 0.0733168911190121 0.202310251037234
0.111653525371261 0.360623451010313 0.0975545063061741 0.194307435361264
0.101193779512359 0.347044794257733 0.103301599285873 0.18355675090369
0.0399503453721419 0.397222788092731 0.0692046229887681 0.167219100468625
-0.106420385971083 0.395418718271345 0.0232766424564 0.150358608009948
-0.229295731442684 0.307623201478639 -0.00736012979435547 0.115952667025862
-0.357350400492744 0.150640446605746 -0.023204255698694 0.0925365782456902
-0.432600526871612 -0.088014998868255 0.065430998092911 0.0220873210229359
-0.402684889612668 -0.200749952697742 0.272027961828011 0.0529451579021166
-0.255200825252603 -0.158121100648416 0.145667021364333 0.401336523041918
-0.324309663064161 -0.085731907291985 0.238702359969313 0.192427813743611
-0.265656886528475 0.046827022817762 0.0510806389733983 0.0239842487618588
-0.208201784063592 0.140904557414244 -0.0852770276290855 0.0532058701530727
-0.144619220493106 0.23137499919954 -0.12860826807165 0.208810526591277
-0.0372519541201068 0.265665422188528 -0.0122813770472485 0.320252596484714
0.0524818663398454 0.259424687696226 0.10001586002735 0.323837969045689
0.0679197828445181 0.260784661158928 0.131803768287522 0.311128125085954
0.052810144820455 0.255931641478133 0.128892533458458 0.289334457596854
-0.002468324914982 0.273806276242125 0.0796462933220141 0.252491292898772
-0.104831144513286 0.23629806618097 0.00830076449085333 0.2056498408562
-0.16111085706964 0.141796645084691 -0.0202585348815452 0.114958785180794
-0.185872560882362 0.0714355462528392 0.00357133301190187 0.0816893677930046
-0.256653310378746 -0.0338512342745231 0.128033606834893 0.0420728095424493
-0.288035905672988 -0.103429051731286 0.369928847643996 0.136280943607098
-0.139167020456791 -0.0175101264422493 0.247960352849076 0.464305502337317
-0.120916435657118 0.0312244294046657 0.312689502875838 0.223934270471311
-0.0488518219109461 0.0505360712604917 0.119351335779641 0.0607178160722913
-0.0453509372999029 0.0158583800623126 -0.0473152716268229 0.0542597848184679
-0.059266578889514 0.0605262127621696 -0.109860010819091 0.232188675306776
-0.0259546894071241 0.0899011575069373 0.00506457301629411 0.367724433558118
0.00866630769409356 0.110934631977216 0.116712818257086 0.393446951322759
0.0147168843199651 0.122725072739786 0.146075878934598 0.380569081220719
0.00457717558426357 0.127194190034255 0.128007314250962 0.355541455907453
-0.0276741174070218 0.118259085068584 0.0641690931784215 0.301392138559289
-0.0710667671362768 0.0651726515363895 -0.0202645393555391 0.227922263224452
-0.0595188981612998 -0.00392520020270328 -0.0370710965718002 0.09517056110938
-0.006933440747357 0.0262371404411525 0.022405344309731 0.0634471563548449
-0.0808082644383764 0.0442839027256043 0.162897030376806 0.0622033839874707
-0.155196968482271 0.00938629091148965 0.419646324601508 0.192084531569888
-0.0637758660678828 -0.0860358921680496 -0.501498593803938 0.0764424042008431
-0.133698436433494 -0.0571202700138687 -0.25553750663142 0.119322623088072
-0.107177185387592 0.0601015939976328 -0.0992080028454654 0.0212553968372921
0.00566602917050857 0.108289535044978 0.017204572489907 -0.037880710957823
0.047716798071132 0.0626082908417196 -0.0546039899611062 -0.19973759989467
0.0587836182297921 0.0363993281208646 -0.208874265464354 -0.241777714272323
0.0511358792906757 0.00610628522096506 -0.326153158904628 -0.237094017912934
0.0524261821658934 0.00286427719917649 -0.366411027568571 -0.235284333476746
0.0626677748786969 0.0017603270904456 -0.35935960263023 -0.246859178797784
0.087623852777248 0.0441946664956033 -0.273620270589606 -0.254362467080592
0.0758794563068884 0.11110064536619 -0.13767825626634 -0.229525567315435
0.0040049049555648 0.16671886434856 -0.052750813122313 -0.0698478906664734
-0.164471612212074 0.110595707257412 -0.165420714071679 0.0170951524558952
-0.185916472201977 -0.058706499131596 -0.361525962943799 -0.0232029593491711
-0.0941753130045824 -0.0983482105392116 -0.531122733831587 -0.200008085692385
-0.212037235498675 -0.109148419926804 -0.481554465391518 0.0791638959286943
-0.28227254579002 -0.0477323034877852 -0.267927737884529 0.0824747398518153
-0.221534886937234 0.109024588798738 -0.14668153837493 0.0267852958367714
-0.0626120830922541 0.223133535603087 0.00733198799280295 0.000592011473445512
0.0530761955225388 0.213313876565 -0.0341949101093424 -0.164482325442543
0.134593756250409 0.170286740300058 -0.163911560588399 -0.219470109792533
0.171254091893427 0.103428809355734 -0.271204538813759 -0.229157058740758
0.192223658910226 0.0976801932482317 -0.310390644114761 -0.214687628845596
0.196035421622705 0.0980897505716911 -0.309053198836871 -0.210824296957837
0.212846563193587 0.175829321247858 -0.246753727201669 -0.201907284647815
0.146203810567883 0.288232929500326 -0.126488967924311 -0.17473330376266
0.00596455179595254 0.358554511286422 -0.0455822337741979 -0.0192572188309799
-0.278175275563215 0.295827334611233 -0.159168828214515 0.0746906906181955
-0.411849528760224 0.0436057083128474 -0.334458126623 0.0131155778776513
-0.326710776751482 -0.0760676206320931 -0.45318257368199 -0.171706592174281
-0.340601780987368 -0.130266532507144 -0.395239500809982 0.103503724256369
-0.421304485495948 -0.0366732793673526 -0.231167543207704 0.0499604587935481
-0.335015970492112 0.152797002765793 -0.177886805210702 0.0174516962713047
-0.139808558039587 0.326210194613068 -0.0239855774381084 0.0319585259042616
0.0420283309505726 0.354612240003355 -0.0302197864578873 -0.0988252564452007
0.188994383081431 0.296637945304008 -0.108159205404976 -0.151848864440217
0.265194859119797 0.194540806777448 -0.178345537670017 -0.178957587188451
0.300861057793501 0.177709892857081 -0.207641808099835 -0.161871840301031
0.301086699393915 0.171773452720873 -0.207739328381986 -0.149295328068331
0.315717467022394 0.269466467692167 -0.172007771849356 -0.129590807134338
0.219620693242557 0.41849913815896 -0.0844677038229461 -0.106039267369063
0.0348739056443755 0.503210272409274 -0.0172029785412631 0.0236788886739244
-0.325328815164654 0.454383986042346 -0.114729157771473 0.113780070913289
-0.556259789663216 0.158534693006479 -0.25466450363217 0.0349836199936403
-0.499914527998276 -0.0265303692421285 -0.303669759584496 -0.150263781500531
-0.432436748448507 -0.132262859422588 -0.244370353506898 0.149907772751468
-0.528344309926842 -0.00523415312980362 -0.134255553031426 0.0327505916867683
-0.419699693977221 0.206582147481175 -0.172175392033069 0.00348293135848312
-0.196895439196757 0.412563604310112 -0.0565296662041775 0.0589312025872865
0.0331037142159419 0.461674114563079 -0.0335048622863585 -0.00447397413074015
0.22285415062995 0.388849731625409 -0.0406586513137222 -0.0433243827444487
0.321952774397295 0.258258688533666 -0.0615352261542592 -0.0926465773092111
0.361162976479693 0.229725355087378 -0.0746579818155429 -0.0842045240882935
0.359351334452959 0.218792497564623 -0.0739014025456449 -0.0745156351230325
0.371717212833591 0.322579824639944 -0.0620683579065325 -0.0518799612466021
0.260102277152324 0.483619388336983 -0.0150045352818545 -0.032659528961231
0.0608919092440095 0.567134572483679 0.0223097639641634 0.0554431571316985
-0.315764327205949 0.535083236179971 -0.0513296035767028 0.122704012047739
-0.60248526288135 0.240633302661753 -0.139754359384481 0.0270337083597076
-0.580602176924732 0.0295012859312038 -0.108246279760985 -0.142706162129976
-0.464679918509437 -0.104129173441996 -0.0452535294574632 0.203148848627517
-0.560949830502115 0.0447837340124643 0.0100025529864025 0.0271197636481109
-0.437809796838405 0.254547226559149 -0.124133737996092 -0.00222453551153644
-0.205063246551959 0.44570265686317 -0.0747848960225777 0.0875342706718837
0.0324565534949058 0.494452811523854 -0.0281433404415987 0.105466257047648
0.229163291904602 0.413335270298334 0.0381282781274894 0.085781793396901
0.331792102224469 0.276941725047025 0.0672062196344655 0.0156379035506942
0.366898678063316 0.24466082133738 0.067329959667722 0.00733082485609363
0.358681217715969 0.235606446520934 0.0687734973304323 0.00644552584897391
0.359822863292417 0.331141919101621 0.0585209904493942 0.0228543618449375
0.244019502360227 0.473523234483605 0.0618904603636385 0.037691088284061
0.0495916289478619 0.529401063317178 0.0578899542893953 0.0776849985137823
-0.272384165521253 0.498114282079025 0.0091841449854479 0.108398618922889
-0.54927146945178 0.255420751277797 -0.0225622029326386 -0.00337484386512693
-0.564145026433907 0.0714163528038006 0.094500471996431 -0.143657866647223
-0.421454447243113 -0.0510753833333257 0.169161969492825 0.244100971513856
-0.48605230979958 0.095543926407651 0.167828372451282 0.0243695918436583
-0.352334138470406 0.257355023934605 -0.0438892059250448 0.000720222141448868
-0.15848721703237 0.384047364064931 -0.067114457469059 0.110408483688243
0.0322007924830208 0.425835679540772 -0.00507623347127739 0.20364666742913
0.198139796917699 0.357931660972192 0.120950704207779 0.201027950250766
0.290889300983805 0.245801898571078 0.190064760284411 0.121142834118076
0.316051445787974 0.224064944919246 0.199381555908382 0.0969879834382091
0.304195866885751 0.221670635501268 0.194383044853675 0.0842999041741612
0.286971297401049 0.299224047422888 0.160539414830011 0.091843004802356
0.166384493375495 0.395380868235286 0.118337271829388 0.102169149099472
0.00222023314038814 0.399918324104732 0.0718515102841445 0.0944130888987705
-0.203610610428976 0.35882530904643 0.0470312589969641 0.0855178284946671
-0.415242821288925 0.20750084155042 0.0711980741388033 -0.0364878478398322
-0.461674923518879 0.0941729098784912 0.271018220070053 -0.14576454834522
-0.300143628643927 0.0139567651651276 0.361244832841194 0.256870432567488
-0.307330023294361 0.119632070520101 0.300952359556207 0.0137204438643652
-0.186846198235278 0.192992108481551 0.0494442312092249 0.00107906050199439
-0.0854561620578782 0.234764582180413 -0.0376569484127388 0.110498954922143
0.022351935504929 0.27332819254256 0.0281163293471534 0.257615403893342
0.13233437051912 0.237712945506425 0.191070637334911 0.274432763742055
0.200855109150113 0.175049413304193 0.287092447947948 0.202616094239662
0.219401444354973 0.169823944259636 0.300495451825545 0.170153279956865
0.207810365358053 0.177180710742707 0.283410845015942 0.153365081087505
0.173934737816036 0.225664636293606 0.222248432277067 0.153511099865775
0.0658233847402413 0.263080425743349 0.140702132517264 0.157041180570874
-0.0455382821963156 0.218307302906027 0.0590681966818326 0.104241168612566
-0.10922555934602 0.177684948098842 0.060427503104563 0.0623797425489535
-0.23308822479082 0.136940276956119 0.133862441667034 -0.0549417663247393
-0.301875860609717 0.103283751478526 0.39823969661129 -0.139891223116618
-0.12122189053532 0.0650707477611855 0.490636209934376 0.235958600357978
-0.0756366938316471 0.0946635643252964 0.38903387778562 -0.00949934149659224
-0.00729767103309698 0.0677698216127053 0.133768834724626 -0.0199975705935313
-0.0277586425704058 0.0397282083927802 -0.0069987692616046 0.077745715879678
-0.0107768467228538 0.0847099713152514 0.055382732711735 0.259632484363686
0.0351406244985967 0.0887326151774449 0.233681591326284 0.295943350904528
0.0758616106908378 0.0822220934730822 0.343727447531633 0.247603407535762
0.0903237586414552 0.0906376756703882 0.355248847168732 0.218644169046247
0.0872404683360463 0.102055754994424 0.326293770520643 0.206873280009462
0.0546915431159984 0.113529547959932 0.241785879615833 0.202753171138337
-0.0170963497135133 0.100993677861703 0.129617894513353 0.193325957119657
-0.0531232190178483 0.0338744914817372 0.0318678246806309 0.100197957247819
0.0123849991028801 0.0229889374271438 0.0617920528125421 0.0369437065341554
-0.033998516981908 0.0873268310008163 0.173010214659618 -0.0564743487152979
-0.117187340088113 0.112535261418417 0.468276819147609 -0.122752932364245
-0.0697098348849638 -0.0863939644981591 -0.512139404523107 0.0986983840916017
-0.142179418908905 -0.0523184602945236 -0.257861105044153 0.133396027916232
-0.10888265863439 0.066684887700363 -0.104271746903977 0.0284393617345205
0.011947707430795 0.110022084643429 0.0172233633463372 -0.0393162167540203
0.0522410605795115 0.0610131960337586 -0.0657756822463489 -0.20079841267228
0.0632918485010022 0.0323985575161215 -0.224697781532213 -0.235902345053801
0.0525947634796138 0.00261092658812128 -0.345512877294979 -0.229603220934445
0.0535805257003898 0.000831102543914192 -0.389410108316936 -0.226467395910659
0.0633438183495295 -0.000461743070175673 -0.382888804785312 -0.238882533001985
0.092096660724835 0.0410314692317106 -0.293488864052094 -0.250295192144255
0.0854222025486866 0.1095445454901 -0.151805888153946 -0.229726771436988
0.0133490080169679 0.1717996211534 -0.0556179779606716 -0.0696577638059424
-0.164492191510237 0.123567535732945 -0.170159058070501 0.0236739729965235
-0.195947849930515 -0.0517216824600239 -0.374121675591772 -0.00771409933381169
-0.0998003505179033 -0.100014026014332 -0.552465897630691 -0.184373248923441
-0.223415882998515 -0.106793536293386 -0.489822958709408 0.100937454980121
-0.294872397991667 -0.0360893860979072 -0.270817969581441 0.0961082280064323
-0.224768195749738 0.120139553535555 -0.153594740262154 0.0370844052063244
-0.0534680150205141 0.231461179694438 0.00816773359244769 0.0013176862827783
0.0648898984386281 0.215584890455213 -0.042486105134436 -0.16382858990205
0.147669049028967 0.167793109496631 -0.177272286800531 -0.216224385785773
0.180616457316317 0.0974923826176999 -0.289718846385455 -0.222403472361097
0.202007255394793 0.092028372161499 -0.329752592191793 -0.208146862593361
0.205254962521093 0.0931245555242764 -0.328606985348915 -0.203758217299685
0.226279683358976 0.171144729441033 -0.261838560939872 -0.196525286829169
0.165604427299081 0.288296189361259 -0.137869970754705 -0.17445491365763
0.023397353854366 0.368067481713142 -0.0449200770289152 -0.0174947879039126
-0.273117653548081 0.318500243072073 -0.16048302093603 0.0823205841857233
-0.42554879841924 0.0640252535365581 -0.344365365429857 0.02823357213861
-0.337731367080726 -0.0685369778708115 -0.475138593475444 -0.15809094570654
-0.356890034808858 -0.125737170199239 -0.40015797454328 0.122528523442687
-0.436100198864564 -0.0194270384603324 -0.23447967293256 0.0593649278043833
-0.339608763129961 0.167596752865717 -0.187582446549232 0.0292193741516165
-0.130498716804822 0.341848386370164 -0.0219683495878583 0.0349011566407773
0.0601485225048166 0.363337204212238 -0.0357870145416181 -0.0960573040133031
0.20933845417549 0.297420757725976 -0.116320511141999 -0.149464631105546
0.281270035960762 0.187646724586723 -0.194048826782284 -0.176270421398766
0.317811896876768 0.169447649919127 -0.221341955427814 -0.158390121252103
0.316412735510137 0.164898529364421 -0.221427075025448 -0.144788078260358
0.337660626516109 0.265146904149995 -0.181539329511267 -0.125334734364405
0.247499926731019 0.420105381444402 -0.0908599552977874 -0.106237071866076
0.0597711950234199 0.515594627457304 -0.0136695322817604 0.0254212179235195
-0.31533349790248 0.483715797670991 -0.111791032208989 0.121229898615956
-0.570063680855618 0.190294291099257 -0.259695228605847 0.0482687351178948
-0.512502225135467 -0.010238268258343 -0.320153820035913 -0.141339015390611
-0.452269787371398 -0.124896709828301 -0.242409080985033 0.164872781306227
-0.545564712970575 0.0181701388384946 -0.135028771944167 0.036870147177386
-0.427268739925579 0.228314992311272 -0.182763833018954 0.0157193248629687
-0.185746571531139 0.433353769126818 -0.0553410288058614 0.0637847957550409
0.055977384237261 0.474099537910467 -0.0350999101844101 0.00218654021070113
0.249873856252807 0.389877217727366 -0.0420999839224001 -0.0401415508415085
0.34278152977085 0.252008368180427 -0.0707618092359264 -0.0927902251496799
0.38238237507216 0.219061264763126 -0.080449041246313 -0.0837455031405842
0.378116679522302 0.21032651811784 -0.0803981136288773 -0.0735790558765072
0.396878331110899 0.316022283170798 -0.0641875217203322 -0.0506870130957508
0.293953990187384 0.485301575503452 -0.0167160156843707 -0.0340720913757639
0.0879916410900902 0.580917309935327 0.0279423283265826 0.0558509481126903
-0.302144206102923 0.564550124801346 -0.0442028483495766 0.127307390338288
-0.613879353926118 0.276089087788404 -0.139891689602148 0.035002150999328
-0.594173167002058 0.0497091097672272 -0.121403698361383 -0.141625417306388
-0.483976865912669 -0.0959564273519342 -0.0346052142283491 0.213330558816977
-0.576522268462074 0.0703507863553311 0.013773652436283 0.0245486088297484
-0.440816580212812 0.276819993504144 -0.133098240405549 0.00629203922716849
-0.192574354540897 0.467597578560297 -0.0732506806929579 0.0946818320046736
0.056989667809173 0.508677830372749 -0.0248482176659323 0.116487137265324
0.255851357270733 0.417631885786283 0.0453983988629474 0.0884849968357711
0.355077680120203 0.271225401154108 0.0657358912543679 0.0125662110419119
0.388583574077939 0.234928549012217 0.0703303581367125 0.00427155499458245
0.380878317535769 0.226547262716927 0.070397916091749 0.00294009062799414
0.388648969285354 0.324078122016785 0.0640381940604781 0.02094967010614
0.274089986870874 0.475938545567965 0.0654068631749441 0.0352501327335588
0.075448481761511 0.542374539410038 0.0650346789107218 0.0771284227481924
-0.258964177664601 0.524367548648251 0.0178645230410367 0.109681440246224
-0.557075542461672 0.287944657033897 -0.0188991288606753 -0.00143376472707465
-0.576157873092048 0.0929756989732757 0.0869905595067767 -0.151416240781328
-0.437011542389675 -0.0410885611427313 0.188149521037222 0.24743298090632
-0.496229649360755 0.118935018789543 0.175410746498344 0.0150806917388004
-0.352236054357769 0.277074848821394 -0.0490593035497769 0.00646763714622164
-0.14711092057887 0.40231767518725 -0.0646281730579218 0.118205181127676
0.0552009267244284 0.438651087090836 0.00342624241814709 0.21497353101445
0.224125717394496 0.362253384588586 0.135151406720724 0.203664940858924
0.31074299510812 0.241349144603778 0.196205397235255 0.115819490750934
0.336748959627431 0.216155174069395 0.210136970109761 0.0910048327146942
0.323201787981475 0.213941898093193 0.204393826731416 0.078080824127022
0.311616817566852 0.295162094423169 0.170817176102512 0.0867920450281973
0.192045727453192 0.398602094387684 0.127176338533612 0.0983875676555558
0.0198587244903568 0.411207452788251 0.0801743430258012 0.0938677977535343
-0.193665324719211 0.375776241568321 0.0563957789033511 0.084834865846317
-0.419783600525469 0.232322846302384 0.0760515491889571 -0.0393133921998884
-0.467968021558393 0.113457145732958 0.267707768206884 -0.161411180453697
-0.308659954296835 0.0228995768452446 0.384184082123746 0.252109338210814
-0.310672434005722 0.137513268964948 0.311840939270823 -0.00165698499691111
-0.183830202108351 0.204143102599434 0.0483437299320987 0.00163059045796859
-0.078291333709951 0.244689022880044 -0.0346444524276629 0.117392802254585
0.0365687892838181 0.281481481839712 0.0404521441113841 0.267725648777022
0.148289280769788 0.24161561184558 0.209380550860854 0.275035966244287
0.214971924351205 0.172902337610078 0.301103023532784 0.195573860102844
0.233677262302512 0.164658136169583 0.318196095702311 0.163402430550791
0.222126019756003 0.172145143615009 0.299577028793753 0.145136756337116
0.19146353751955 0.223136931508378 0.236463708241318 0.146725683406806
0.0797402277183952 0.268002426286695 0.151630185601981 0.152425701470691
-0.0394595300481529 0.225846269271553 0.067495280252726 0.10473204230855
-0.104841468705674 0.18340303825593 0.0696591056277087 0.0611689378806563
-0.234013873762901 0.151058996836924 0.139075035069569 -0.0617422488390799
-0.303906732043434 0.117602364654076 0.398686977442733 -0.160582649425421
-0.121957116241246 0.0710346378201523 0.51706919540979 0.225728691890941
-0.0731164234056366 0.101230561764372 0.39991218789382 -0.0282674145118843
-0.00317047677381275 0.0684679605327412 0.136038580395411 -0.025770672346626
-0.0275706172989625 0.0426848767117016 -0.00513360789334578 0.0821915199169191
-0.00688342138893851 0.0891751205592438 0.0681727722836309 0.267982547683075
0.040447632886402 0.0917826509652041 0.253575681420411 0.295519643904704
0.0820626897616129 0.0827702800979225 0.362042299907108 0.240829932359523
0.0975882539312935 0.0891247733780465 0.377819373948947 0.210982103783997
0.0956349928858218 0.100144440020404 0.345494724609132 0.197978851135487
0.0621281684197299 0.113639825517114 0.257349661636789 0.195256673624745
-0.013826372351711 0.105618973036278 0.142031141208497 0.190201925468823
-0.0551528060339424 0.0372189169507903 0.0383650205516399 0.101139522388315
0.0136531116028706 0.0190242546292827 0.0699935550781285 0.0351792305862923
-0.0306106219982651 0.0912831388726971 0.178003034536275 -0.0657286911616868
-0.113934761309895 0.122718725895903 0.47116075792121 -0.148796184077824
-0.0769401481307011 -0.0836653858101342 -0.509136822885926 0.133200319509568
-0.14883918963934 -0.0421743729128932 -0.250350334853511 0.152071217233187
-0.106679916080057 0.0751214207109202 -0.105853703952887 0.0376282932448173
0.0203420836286913 0.109462280242755 0.0146043302939114 -0.040548943528084
0.0570201729645733 0.0570911254107883 -0.0803883052378091 -0.196827285760626
0.0661666978350725 0.026134347047472 -0.241188810758764 -0.220898340294996
0.0526902739112523 -0.00159391531622411 -0.362444916301657 -0.205083679125088
0.0530132126466007 -0.0025699414346534 -0.408569018169063 -0.203244961081785
0.0618372430874213 -0.00373622871753787 -0.403791403854764 -0.217625400218608
0.0955990219253109 0.0350175633663683 -0.31152401320145 -0.233070507308466
0.0952404088384537 0.102970322235479 -0.168422178692205 -0.221815872294024
0.0270683975448042 0.172012955817761 -0.0582931991531982 -0.0668358436963337
-0.157892900186294 0.138005531401046 -0.171658285811824 0.0339598571917731
-0.203564445378867 -0.038531916529249 -0.379396350476233 0.0176916817066429
-0.106839778216301 -0.0980225337077168 -0.568633133603906 -0.152588576754124
-0.234226517334695 -0.0972225887037007 -0.486219673359464 0.133998500872103
-0.301966322257243 -0.0171272116002823 -0.26566947752606 0.113562749984593
-0.221751265467287 0.135355619756504 -0.155777293074608 0.0512764624078324
-0.0380590498498352 0.235944617686679 0.00908052731334002 0.000933101241725554
0.0806615082586891 0.212664178952605 -0.0542589332442713 -0.160237339507878
0.162072211077712 0.157406422514586 -0.192464749761472 -0.203353933658213
0.188255597886648 0.0861920337170869 -0.307405512571683 -0.204707375085133
0.208870978640021 0.0798947601648873 -0.348289538956875 -0.189188211234406
0.211848280241449 0.0813829162254064 -0.347020565198427 -0.184506485539162
0.240576100730801 0.157400206511659 -0.276122523727335 -0.180665820280894
0.189124046947232 0.27967679489117 -0.150791762909832 -0.167385935991101
0.0503652805870013 0.369636582902233 -0.0437122340437604 -0.0152567979053472
-0.254387795043619 0.341811547300198 -0.156802997871643 0.0929084392542887
-0.428012477927944 0.0941949900198885 -0.345925949651246 0.0524894623093218
-0.343608760520269 -0.0527799031291773 -0.489427693622983 -0.130933076184178
-0.370827099305765 -0.107899243341468 -0.393323206701634 0.149494857201268
-0.443458008302364 0.00885386851668843 -0.23074401704773 0.0735868340103458
-0.33596302045776 0.191449496032548 -0.191867600982397 0.0460335195938237
-0.10908052078008 0.352224031031871 -0.0192993168966598 0.0369640040946292
0.0868642839931546 0.362299937160194 -0.0423717098139348 -0.0904435994654113
0.233627999231889 0.284133684408273 -0.125780746291562 -0.140578685271558
0.295575066230062 0.171587297053398 -0.210145174237112 -0.164251476929665
0.331642363767274 0.149220602579972 -0.234962733928632 -0.146445151106142
0.330022793892061 0.146174594360301 -0.234300240729235 -0.132495659192672
0.358984506295471 0.243006706892298 -0.189558798066374 -0.11434553719755
0.279010119611878 0.406841807939172 -0.098922595917946 -0.101718593135814
0.0957790612575357 0.516323421967539 -0.00859289879098397 0.0258247954157781
-0.286714432363183 0.509406621360213 -0.10352523103379 0.128299887965247
-0.566754896390697 0.231603425279383 -0.256453143712397 0.0666659936573846
-0.517759851868925 0.0169793077249017 -0.335351527700152 -0.122243909226337
-0.467365516867682 -0.102981028526751 -0.230761811635443 0.18153160807203
-0.551429049844717 0.0543083744163074 -0.132340696849692 0.0425830742271061
-0.419281567227225 0.255534823398686 -0.188154755465592 0.0320670302321626
-0.159258246498242 0.448213032828385 -0.0513936079529183 0.0683861942708101
0.0888031649367975 0.475199365244329 -0.0349593310659627 0.00890104994884901
0.280047875077027 0.376946971299804 -0.0428605924737442 -0.036184754981725
0.362192059635362 0.2326613642345 -0.0821056104440166 -0.0879994946035853
0.401420882621933 0.197343582047583 -0.0875244661682698 -0.0804082875293748
0.39637749997502 0.187569832343179 -0.086335565576577 -0.0691956211369683
0.425677697919608 0.293152173485312 -0.0661505423421378 -0.0473506293832894
0.330682266554416 0.469427467756199 -0.0191463916784175 -0.0341003389915174
0.128317754446483 0.580739432179307 0.0353185433875786 0.053825067685863
-0.270029480382971 0.590588903235221 -0.0334075499122734 0.130105281604877
-0.605240421881939 0.321816412779169 -0.135610272872062 0.045194429940836
-0.595450860943233 0.0829484167568909 -0.134831111890709 -0.133728098129093
-0.497910363448261 -0.0714997230090168 -0.0174213094846046 0.218259458060378
-0.580613554965767 0.109376081835225 0.0169040894596081 0.0199623153928168
-0.430678275866611 0.305173704654935 -0.138463429827609 0.0206405850568765
-0.16479366382521 0.483462440172959 -0.0677016234833357 0.100700795011825
0.0924179122135577 0.510821714793332 -0.0167588645868433 0.123771852806493
0.289387614129921 0.404596232153675 0.0535702602126707 0.087896917380534
0.376087587323565 0.251464172563882 0.0624355924910889 0.00903174187075919
0.407565334881787 0.211767303305729 0.0716275811348516 -0.000420299238857191
0.399796526539513 0.203535299015334 0.0718827718969504 -0.00217959184835743
0.416497827803972 0.302819962560375 0.0677549610078549 0.015368162830038
0.312092627873276 0.463171675230903 0.0687874460786471 0.0301005218235024
0.111993720134092 0.540919323735614 0.0733191075440675 0.0733937585256257
-0.227322633188983 0.544603377580721 0.0290520200573738 0.107650646720276
-0.546650642512923 0.330166936423721 -0.0149678988296206 0.000350637229529
-0.571688524744965 0.126748361851158 0.0737058074546257 -0.156694299996176
-0.44587239599029 -0.0188082088775431 0.210036846266748 0.239052053953486
-0.494191032951643 0.155297412807679 0.1787419888993 -0.000546713425965913
-0.339463232284662 0.299804030424902 -0.0529919898803954 0.0135195242447399
-0.123558067854759 0.415395044903703 -0.0575785637931431 0.124307777355952
0.0846170350564783 0.439962163610268 0.0176717966711474 0.222641192490034
0.252555680497874 0.352070209064281 0.151714968506292 0.198348827890315
0.329452160765679 0.225912711029839 0.200771029031797 0.104878978447189
0.35462095848802 0.195847212263914 0.218832888578224 0.0782498186667692
0.3417739131449 0.195342877259054 0.212073666816249 0.0644688070341044
0.337452588834353 0.276230628236244 0.179502270144952 0.0739294213285692
0.222182311778147 0.389680003770909 0.135092559184696 0.0897001525288288
0.0458783933849267 0.412947209805852 0.0894778049054323 0.0893707227448198
-0.172310343564413 0.389315685985601 0.0680821747435751 0.0810662635810824
-0.409650287380108 0.264194368016646 0.0788070197035421 -0.0445029643996361
-0.462474566568625 0.140526983451571 0.253790423882824 -0.17809717518953
-0.310771711260735 0.0404292680359801 0.407178065048258 0.232068816524422
-0.304174308975947 0.160294543347314 0.31363366090643 -0.0243623794402779
-0.172863093379166 0.215143823405475 0.0471262045269532 0.00129021917102888
-0.0639358889335399 0.251974899775911 -0.0275435811169112 0.121699067824518
0.0565664171086746 0.282812930469072 0.0582554514967737 0.272672718903757
0.167312160543248 0.235371837478088 0.230996437513376 0.265540054769527
0.228653910692087 0.161950936001646 0.312576824883354 0.179379145311094
0.248048474623881 0.150760287807644 0.333191311388024 0.144566360421457
0.236440639772371 0.159395602936789 0.312256138798563 0.126441463438809
0.210117462168237 0.211678164658923 0.248523619770359 0.129997242498379
0.0989539001630303 0.265588492847939 0.163337109997403 0.141951304430734
-0.0263724324261486 0.230554641209512 0.0763266535899157 0.100303476314159
-0.0945409231938175 0.18862024482911 0.0788652490539483 0.0556855882992166
-0.225403915587952 0.168443072204626 0.139655036789447 -0.0720676127640902
-0.296007160796798 0.137457833458261 0.38538313208646 -0.187080457611684
-0.118391043867757 0.0791223897026681 0.538677872965662 0.19886827282232
-0.0660402595523076 0.107581643617493 0.400516801015834 -0.0563537332211395
0.0017165376370557 0.0666840166845938 0.135019571903407 -0.0345278556930567
-0.0259689543907577 0.0446737414044472 -0.000596179660826057 0.0847976215671757
7.60981334313104E-05 0.0914622319440077 0.0872671584727158 0.270009419805558
0.0480207616897827 0.0920676565527891 0.27489788197455 0.282929155297579
0.0886607844597549 0.0792572651666084 0.378237546976946 0.219662893037518
0.105220162423513 0.0834967174921729 0.39624237859293 0.189812103712585
0.104000820560459 0.0937304133404284 0.362315218653719 0.176429365767491
0.0710185715319141 0.109773408377331 0.271913040379591 0.177591348681498
-0.00772756534892339 0.10871922168277 0.157077269745542 0.179239809398487
-0.0559130578662872 0.0412732123310611 0.0460586991348932 0.0979584522689705
0.0142299371841217 0.0142073022515387 0.0778613943259974 0.0301846034381469
-0.0234879730276747 0.0934747389014898 0.177937768433709 -0.0783064095356168
-0.104483005825923 0.133154796823326 0.459880367975182 -0.179941587596892
-0.0821165107653564 -0.0779512989343364 -0.491090154232552 0.162402755873179
-0.151070414044624 -0.0305159807161613 -0.233580228207656 0.165200462473744
-0.100979070751325 0.0816728219174389 -0.104169506348374 0.0471660014782249
0.0282802980609898 0.105408479680083 0.011814803188966 -0.0404635170128555
0.0592016179414157 0.0511885047558926 -0.0929875570607336 -0.186487475731353
0.0661237650434945 0.0192165481257135 -0.250883217377183 -0.199204432055454
0.0505514912428928 -0.00615198451812678 -0.370222733008039 -0.176123628380737
0.0510561317028699 -0.00564423377745722 -0.417316397367702 -0.173909275867432
0.0597086216828029 -0.00666369655104356 -0.413192248305271 -0.186956359610187
0.0958205647544677 0.0277642114223754 -0.321415860791618 -0.208813445436601
0.101404819372383 0.0932142023772072 -0.1794975164911 -0.207467837179685
0.0401267614765972 0.166484168316601 -0.0589849099180874 -0.0625792982674457
-0.145896504373729 0.148119492579366 -0.167855537767678 0.0441318212897096
-0.205110245560918 -0.0232582580321133 -0.371997224640022 0.044250188255704
-0.112336315684461 -0.0926227685194163 -0.5652481869194 -0.113761220384316
-0.238559298442403 -0.0831985998642385 -0.468588584756427 0.160324702302149
-0.300155083890619 0.00502492910174194 -0.252088602722367 0.127971830244683
-0.211784823418908 0.14771048410214 -0.153235502402087 0.0646414071118109
-0.0215895775826709 0.233895864466314 0.00939247083600979 0.000386210155884689
0.093576478751316 0.202323325756609 -0.0637952770570725 -0.1509133810239
0.16998625781554 0.142007671969878 -0.200793331214478 -0.185574052204578
0.189712021809457 0.0717826610921775 -0.316989926585031 -0.178323032417565
0.210246081279242 0.0648581984952866 -0.356437136699606 -0.164164379487469
0.212453415331352 0.0676621604907736 -0.354260623918062 -0.159064859252983
0.247030832473452 0.139085615694979 -0.28242821367194 -0.160232726416385
0.206283577497524 0.260529499077282 -0.158433421294419 -0.154961328299923
0.0754711434605505 0.358747578299163 -0.0403252657979772 -0.0129339736634977
-0.228978078880453 0.354646551261071 -0.147687976100752 0.101122083333963
-0.418053830475065 0.121944790489569 -0.335620258542917 0.0760495120465776
-0.341885789972571 -0.0350068514194323 -0.487624060058345 -0.0953080445416076
-0.375553001029366 -0.0869699644476911 -0.374514037999919 0.171055146137798
-0.438368364074967 0.0391478867402625 -0.220948524173442 0.0848217125347193
-0.321128076300779 0.208438863715414 -0.189346987763279 0.0630657468965675
-0.084281119152861 0.352617817764493 -0.0163258623796888 0.0373443212851976
0.109158597215434 0.348944692551296 -0.0474100723375412 -0.0824489132618352
0.250166432519528 0.262321274738625 -0.130404525552031 -0.128485855197164
0.300900948441303 0.149375134141112 -0.219820464945979 -0.145255557461077
0.336200115906792 0.124708072149187 -0.242164671896814 -0.129945679741123
0.332932415710937 0.123734379188191 -0.239368776950285 -0.115383156468944
0.369959790908565 0.216571197013257 -0.192546441580877 -0.101301694817239
0.303736809042356 0.381360378386678 -0.104253915113483 -0.0936508819636369
0.129609704143446 0.499673134884288 -0.00320411850462539 0.0248440667261087
-0.248850025321407 0.520862221632881 -0.0912762979836573 0.131819555377521
-0.546308892580029 0.266649257018108 -0.244879392807909 0.083267862748936
-0.507667161498791 0.0434847724597863 -0.337321399591396 -0.0969782273951895
-0.471172849384918 -0.076330136222621 -0.211649141426561 0.192516923994001
-0.540429287150726 0.0902751880707518 -0.12706736952309 0.0462811051360117
-0.400309858207262 0.276141415765626 -0.186951164382829 0.0488159306947183
-0.128525398323918 0.451459494120803 -0.0461122559928898 0.070311806920021
0.120228887826809 0.46274390145004 -0.0335955880498428 0.0159507611977362
0.302776115197009 0.353005925449037 -0.0414760461859232 -0.0309926141059118
0.371055642541919 0.206094117863915 -0.0897553420604824 -0.0794898390975509
0.408156700783188 0.167233880481184 -0.0924891407737828 -0.0748175863273977
0.401872608384925 0.160971929871331 -0.0895930609625227 -0.0636417321146822
0.438441765290794 0.259786607213551 -0.0661851183526356 -0.0436391725388872
0.358925378383923 0.439455531663455 -0.0206531029249282 -0.0331380317473283
0.164543192368305 0.561534990168615 0.0422502716861118 0.0494466719750458
-0.227963120517614 0.598529473394664 -0.0212329255024555 0.127531708819927
-0.577799174006508 0.359952062719634 -0.125600101546094 0.0532974986702087
-0.580165624338778 0.113245141099589 -0.143202936064091 -0.120975904750184
-0.499753118470626 -0.0418049098935169 0.000357979315346296 0.214826373982242
-0.564148396783836 0.148337783572196 0.0173586650455136 0.0141882596813099
-0.40705574701859 0.326474885795601 -0.137569608476811 0.0345770845893054
-0.132776808437376 0.48610666794155 -0.0604525576531133 0.103098562370747
0.125659334474169 0.496239686881692 -0.00751522646922582 0.128453951406455
0.31337515449447 0.378164957214172 0.0611400545570901 0.0846649092118313
0.386515766786932 0.225098838403523 0.0578108042512381 0.00719681296474107
0.415944378884499 0.181961135986719 0.0701029930170719 -0.00644348778675617
0.406484260903957 0.176300535518427 0.0711440111340714 -0.00796993509218197
0.431487258251137 0.269456923347212 0.069723065292309 0.00915545605191494
0.339499776918864 0.434247014308766 0.0695501455565893 0.0242898374363423
0.144942491690515 0.52455597677435 0.0811289702512336 0.0666807529209524
-0.188921821795987 0.549691898067702 0.0400966642770552 0.100940495162102
-0.51706229377364 0.363730925054686 -0.0100414817682114 0.000623238329651576
-0.554589665677392 0.156407444895107 0.0590546561567519 -0.155519557031576
-0.442806748281997 0.00725951678489898 0.224590911142418 0.221252071947305
-0.476008099029932 0.186493161013948 0.174355653851386 -0.0154741239525442
-0.317483015515845 0.313672626658099 -0.0531972875287325 0.0216065018131147
-0.0950976045481139 0.416714126227332 -0.0488864394831678 0.125876370329138
0.114580268728258 0.428110539223605 0.033917926403145 0.222725579896804
0.273900141229281 0.329481922193523 0.164426519240656 0.186493888497718
0.340133727562186 0.202713233609801 0.200931267341103 0.0925048505708971
0.363216917819715 0.17029237186885 0.22117236623047 0.0626380425526045
0.348336748887594 0.169897256391732 0.213089170612744 0.0489011183429031
0.352075176315621 0.249055896490031 0.182493902793067 0.0591560103226331
0.246067121878911 0.369080333669804 0.139243507847851 0.0779243101349976
0.07046539103477 0.403279603125801 0.0965569658189991 0.0814602954536554
-0.144830888133927 0.392474624064078 0.0764557831606587 0.071851194546371
-0.38574158752157 0.288490692084882 0.0782999020302864 -0.0499690143584309
-0.443081809568881 0.164385325493834 0.233617364464361 -0.188484606727677
-0.304758866665533 0.0568196870714014 0.418318738378702 0.204011522679157
-0.287858272800442 0.178662813963679 0.304477236470056 -0.0467171658781571
-0.156999426940017 0.220300969075283 0.0454296795339639 0.00122549304216117
-0.0472175589567848 0.250912155271465 -0.0194761400445991 0.1216204219642
0.0756150653092157 0.274721115501742 0.0766781165324296 0.268365802314786
0.18233043785198 0.221885878418817 0.245651592131494 0.247711459819604
0.236749920169573 0.145358724195913 0.315371133051764 0.158751997041658
0.254871225352073 0.132295210188197 0.337710230486368 0.12048947618367
0.243696175277374 0.140596169394377 0.316095625105642 0.102944738993146
0.221081445612282 0.193072958709979 0.253910665393202 0.108924613675547
0.115258463280548 0.25552250079418 0.169943243702067 0.126641704440163
-0.0126959975322237 0.228689666576038 0.0830014701797506 0.0930688835969397
-0.0817909583183866 0.188214822446229 0.0865965005588609 0.0475816334294794
-0.210006287677898 0.180757025071764 0.135310624220685 -0.0801492875935283
-0.279163052216057 0.152759789010773 0.361475394242972 -0.205109161332681
-0.111266158023756 0.0845236845043589 0.544077728928771 0.163732420982894
-0.0562741013347521 0.110825333355998 0.387101128022327 -0.0819242697282292
0.00610247920130118 0.063079066437322 0.130142887908686 -0.0418819975726906
-0.0238695821396153 0.0454691452352794 0.00445697335105585 0.0844404852375115
0.00667280558052442 0.0905313435625197 0.103760308686453 0.262866454345787
0.0549271355822932 0.0891152056578244 0.289253327846641 0.262462133683824
0.0931104299999325 0.0731530296377443 0.384821507255221 0.193854515508863
0.110064645188572 0.0746232510214298 0.404666880466432 0.160662071916766
0.108800920998986 0.0844174727706321 0.36880080252771 0.148902462193778
0.0772975861330608 0.102480477517647 0.279441230984252 0.154164861226598
-0.000647863939278023 0.108731844046331 0.165806664937002 0.162421684074682
-0.0545254255473905 0.0448499899036851 0.0525650777278299 0.0922413195943909
0.0135020955613606 0.0092673972317517 0.0829780625564447 0.0227046353716031
-0.0151837050085096 0.0931660179587401 0.171751268024421 -0.0894725780389401
-0.091267585062535 0.138400102071956 0.433923347541657 -0.205494970937946
-0.0839653085374068 -0.0716336731117726 -0.465074192404658 0.178064216546112
-0.148918382652413 -0.0206103390777424 -0.215160027678546 0.169565464939342
-0.0943296569395493 0.0850716699975092 -0.100604989500575 0.0533967407460502
0.0336383359779236 0.100003215074699 0.00940716872312755 -0.0389084478520177
0.0595073077184654 0.0459435027868839 -0.0991173406373276 -0.1729128235999
0.063549959273693 0.0133290466751393 -0.250460141408292 -0.178492542574581
0.047725340348346 -0.00888932652531788 -0.362563088466839 -0.151911703071974
0.0474251038523592 -0.00726016483831254 -0.413014946614388 -0.147718001042748
0.0559107789040365 -0.00847982832084651 -0.409157424435813 -0.161006201383984
0.0937870537276383 0.0219596708050553 -0.319671285964456 -0.187020778816532
0.103332595523212 0.0835910761055136 -0.182950688099751 -0.19191271542655
0.0482697799391091 0.157606060785754 -0.0574851852429658 -0.0594792186921739
-0.1334572331192 0.15183651279197 -0.160641015704926 0.0509672824786703
-0.20065543372027 -0.0125170630758059 -0.356872251688202 0.0613395956129855
-0.113779806298008 -0.0879407239374163 -0.549497132444243 -0.0858301653045404
-0.236799049390116 -0.0711651493790337 -0.442419386715316 0.17568731999426
-0.291141825601022 0.0204216641000763 -0.235956152411418 0.132997689057133
-0.199714184179182 0.153577825202083 -0.146949599720828 0.0743797219398825
-0.00898600778301004 0.226060961115514 0.00895585316191939 0.000444401120466175
0.100371822803858 0.190492868011621 -0.0686160498058886 -0.139621594994127
0.170713820675466 0.126540685797193 -0.201536782143043 -0.168020124653728
0.185335921397636 0.0607017392083231 -0.314057689500619 -0.155409911409148
0.205527708249496 0.0531463112451006 -0.354293580092029 -0.142311345304712
0.207212245998725 0.057183691309491 -0.351005124965249 -0.137894868896086
0.244704573718829 0.122822224727604 -0.278418394909331 -0.14211832604998
0.212580414908106 0.240798016770189 -0.160261004782797 -0.142232317703449
0.0905793569770808 0.341975741279048 -0.0359025731195901 -0.0120080946083782
-0.203793119390096 0.354373987604826 -0.137207083934125 0.103346511036981
-0.399745962353371 0.140005828593099 -0.318444466594492 0.0896191921087928
-0.333309085162652 -0.0232005802088023 -0.474991015004493 -0.070670579943134
-0.369635527408507 -0.0690839888708223 -0.350955218392938 0.180228670324514
-0.423369412323029 0.0604250001799099 -0.208603259842921 0.0885935349085919
-0.30476658106203 0.216259492221734 -0.181964421484542 0.0754273941641571
-0.065427667962726 0.343609655348362 -0.0144309426803382 0.0360913347989834
0.123320935882607 0.331619282897791 -0.0491729827581168 -0.0738172881812424
0.254974677290071 0.240540044704667 -0.13030301182673 -0.116516736982984
0.296954475749303 0.130298298177856 -0.220428444696416 -0.12774386597581
0.32964117877273 0.104976759590979 -0.242245427453096 -0.114872013396884
0.32638492785504 0.10613065250425 -0.237718306666858 -0.101324438314443
0.368829567528943 0.191625420557241 -0.188718180663843 -0.0898133795614715
0.314204334481333 0.353677697992357 -0.104292283036854 -0.0863112103525546
0.147962981218034 0.477118134054658 0.00266459263392668 0.0224276285908667
-0.217278833046303 0.517000955580362 -0.080103582192228 0.129791609532456
-0.51618693892405 0.286728481067352 -0.228953599312619 0.0924918657308009
-0.49012974041802 0.0578465076250654 -0.330360780342108 -0.0772970234292451
-0.46203383501771 -0.0554255794588087 -0.193154555834573 0.193541370261079
-0.519063033622853 0.114586900462874 -0.120414064652562 0.0470094668905475
-0.378331649809244 0.285123930288478 -0.180205667063299 0.0627937815010939
-0.104096014260917 0.441243806368632 -0.0416316598179906 0.0695762044009323
0.139009300532333 0.440501070957504 -0.0301468374678068 0.0215295132339888
0.31206273714835 0.325133634619228 -0.0389585585787896 -0.027479791355144
0.367734751588523 0.184194166821248 -0.0924511939871333 -0.0695435972887837
0.401991074051137 0.142763309342245 -0.094274359840696 -0.0685828293820619
0.39433364654348 0.138606668391754 -0.0890682639051496 -0.0581108897387547
0.436804076977393 0.229258942074175 -0.0638098890767821 -0.0407000642116802
0.370882072770508 0.409770229792175 -0.0218272020128884 -0.0316651587459721
0.185617245862428 0.53432148349211 0.0469626475065821 0.0438217787999058
-0.192559129750072 0.591728885518511 -0.0114992153298258 0.121447348685777
-0.541941508765288 0.376604548500211 -0.114986976115987 0.0570122548161854
-0.556289477775123 0.129349948921897 -0.144775464331429 -0.107815698000778
-0.488159865724 -0.0214523726025011 0.0127740358162031 0.205191381491645
-0.537863595941363 0.170241483127924 0.0160225047723079 0.00928742025571382
-0.383434562964654 0.332643739480652 -0.133678096391199 0.045636815703682
-0.107036815905052 0.475680263419775 -0.0540279450747702 0.101677456803082
0.146546070589555 0.473665049220055 0.000916604659357017 0.129593091804195
0.324190320522832 0.350912139455772 0.0662975898477904 0.079470061315531
0.384483867620481 0.201044390360279 0.0531729132610921 0.00741086255382283
0.410146128336707 0.157039379122579 0.0664870100545732 -0.0101522302124802
0.400727615798094 0.152279442963885 0.0686470375575786 -0.0121741542253734
0.431936814615937 0.240342897667449 0.0693326625639611 0.00259581550941046
0.35178464614359 0.404379626656904 0.0684098499724269 0.0198842641878788
0.164036098222324 0.500764855063597 0.0847483665816768 0.0584439849558285
-0.156958142877334 0.539773759623536 0.0472743011985377 0.092377388356829
-0.482935983421693 0.378505696577845 -0.00573536851781896 -0.000501086361404006
-0.527062619920575 0.169917709734232 0.0473376583321904 -0.150024156902136
-0.430486091977938 0.024545441177801 0.229424739149818 0.202390997280378
-0.450815203659798 0.203963148022452 0.165086468793275 -0.0257626341649973
-0.295696358151655 0.316080528907184 -0.0510435828002124 0.0279300683830389
-0.0740286134246366 0.405151970471476 -0.0418464158831757 0.12350177167683
0.131892307636304 0.406809395429978 0.0449485037894265 0.218245429563257
0.28324079537143 0.306204374990132 0.170224212626261 0.173217267918256
0.339619462258896 0.181356244214025 0.195664348734118 0.0834890853731429
0.359455037487147 0.146709166762477 0.216954727783318 0.0496879037065269
0.345909946057833 0.148703779867723 0.209382400660337 0.035660924636292
0.352881386425143 0.222035825770395 0.180465492504985 0.0457657775238818
0.256815713587973 0.345275600325248 0.137602033788626 0.067464606129602
0.0867377224797249 0.386679211583879 0.0996004078127466 0.0722126937934159
-0.122946817954794 0.384259085644497 0.0815997231007531 0.0617554335878389
-0.359623692724643 0.299359290335762 0.0771438850653006 -0.0541476489676013
-0.418841205797883 0.175450941297784 0.213821343051358 -0.188615108303029
-0.293532658343864 0.0675877882102381 0.41532088551801 0.178622643806756
-0.268076707135267 0.187108632393707 0.288822106657384 -0.0606091715960026
-0.142821800584295 0.217761434552485 0.0438386286394338 0.00183865833903655
-0.0353489627266979 0.244320082673685 -0.013593569644452 0.118387343101194
0.0870445256383635 0.262206537337812 0.0886667396377101 0.259889691655373
0.189758640153719 0.206255721195384 0.25139661888899 0.228779986560567
0.236712017864046 0.131021254964917 0.310176689895214 0.141571889629799
0.253603950895728 0.115495270716147 0.333514541764965 0.101972054050406
0.24260810131955 0.124023198783658 0.310845782483652 0.0830965655865502
0.223953247514397 0.174818284612047 0.250297246990892 0.0903218085385434
0.124502403931762 0.241493622111726 0.169599645833101 0.112217177718809
-0.0035281718125924 0.221929376013459 0.0863445843239854 0.0845764347574436
-0.0718091355582997 0.183263815676802 0.0899878954159474 0.0375213369601407
-0.193513152277423 0.185195897287049 0.12977642583222 -0.0854651519469345
-0.260009343960604 0.157733418025316 0.335015094321168 -0.211670261967575
-0.103777246245743 0.0867250472098076 0.536425258060588 0.136410769866885
-0.0472361014646154 0.11010283658564 0.366805720079386 -0.0964826470416095
0.00814436772536788 0.0580812605932715 0.123979457738259 -0.0460154088317218
-0.0221525977222959 0.0450774679123742 0.00799929764530067 0.0817911216284238
0.0114480189556301 0.0877083385790165 0.113851276552418 0.251709455562304
0.0589020904270319 0.0842352902507402 0.293306088178237 0.241266790810165
0.0945098880789362 0.0670459197861623 0.380032563013624 0.170810972827993
0.110948090975173 0.0669665992908427 0.400424392117009 0.136960769475626
0.110062355056147 0.0752473849920858 0.363893584914223 0.126304482258156
0.0797763329344895 0.0946519220821369 0.276238935438184 0.133100741965542
0.00414821813222395 0.105936304219093 0.167744044063081 0.14679397591289
-0.052754298875102 0.0473956379303988 0.0558091116896825 0.0853745137467096
0.011894221472953 0.00528294778348751 0.0850670167801258 0.0149351047944071
-0.0091106015705036 0.0904047460043414 0.16165530270562 -0.0960616602942286
-0.0787311836576386 0.138304373329137 0.404697050457134 -0.214303970540391
-0.0454102804874165 -0.102227121508422 -0.487851967815147 -0.015976607837426
-0.122846147184511 -0.0801060619050854 -0.258656784094886 0.0733835385661653
-0.12011252391661 0.0381620827908822 -0.10914435978198 0.0166872853369492
-0.0109636140652693 0.100564567191331 0.0298079208059874 -0.0304151587291334
0.0333205143048894 0.0656833316029865 -0.0170221087024366 -0.193331989564275
0.0505379564408724 0.035674042210798 -0.148710729102906 -0.25702585044737
0.0442610399120084 0.00975572574667644 -0.260635833415343 -0.277916195575457
0.0426843065341752 0.0123369684134564 -0.308533725764129 -0.294039690010779
0.0486009847291899 0.0162195719017106 -0.299914702453374 -0.30031158170009
0.0721558293683982 0.0558537323413088 -0.210236437595586 -0.291524215565826
0.0592693023746356 0.11288280993177 -0.0835084355393939 -0.239609134109355
-0.0152748472032083 0.15867651639025 -0.0257193101784466 -0.073837678317119
-0.178049615720225 0.0946300708013323 -0.166291243726588 -0.019646325664046
-0.180800550214371 -0.0779231630327445 -0.341383416744508 -0.0889173416880765
-0.0814341040110984 -0.122162662851091 -0.44710629781446 -0.298032501382699
-0.184485522889599 -0.169560882408488 -0.463628914599442 0.00775134046882007
-0.263936623763107 -0.103282797136752 -0.261301229258352 0.0390645017185226
-0.24283031369465 0.0548967547481265 -0.156009038107787 0.0251003634328645
-0.0999470052387075 0.191761743036296 0.0215419988456544 0.00882620728064694
0.0112298311735665 0.208564866917 0.00455863535364968 -0.150845850568531
0.100093093495302 0.177797476949295 -0.101592883339163 -0.228956520399527
0.137665324222613 0.125885527539824 -0.214710607601543 -0.261689461776264
0.160714075773682 0.127096059640638 -0.2591173783926 -0.266377070223029
0.158382009047357 0.132367572047483 -0.257808966741242 -0.256286688121686
0.169923764800215 0.202035506361824 -0.191834017383505 -0.232718652730532
0.0993163681777784 0.294535868481567 -0.0832787670633977 -0.18538962179234
-0.0469030991271716 0.338834749192977 -0.0273122288713065 -0.0213039044249286
-0.316775113967679 0.251996883265711 -0.169064237755415 0.0362604743314161
-0.413166010939578 -0.0121328257501656 -0.327142889316514 -0.0562891805933281
-0.301355685573214 -0.142740502168647 -0.387086254115847 -0.266177868471283
-0.306073464310477 -0.227797110841471 -0.381235858490757 0.0619921329154758
-0.395488344682865 -0.123442365085535 -0.218821021812264 0.0168735078495006
-0.362022845220495 0.0657244811342024 -0.184714347768147 0.0203920913126769
-0.199176080605205 0.270807351190044 -0.0085683246035691 0.0376209891960684
-0.0272346013960233 0.34134845426159 0.00345327183571685 -0.0822925270810356
0.128851758276662 0.311988656128322 -0.0530474148686474 -0.154920154027561
0.208575620733301 0.232340410013589 -0.140847629110204 -0.200099293704378
0.252275998867296 0.222618878798565 -0.171508050611248 -0.199092276222385
0.247690332716898 0.222663127520389 -0.172278534320183 -0.177957741355027
0.254660946242045 0.308475019770061 -0.132227433868323 -0.148508353869132
0.149059764200376 0.433436934189813 -0.0569637337692942 -0.113128155234525
-0.0459108808792797 0.480434620292213 -0.00817017017329593 0.0260571079386995
-0.38584870912156 0.394493748429666 -0.131147087720368 0.0819898042714594
-0.568351330571663 0.0778007955766978 -0.25594960464006 -0.0244809152209721
-0.470936079066408 -0.125067091790116 -0.25848526773014 -0.223166269789266
-0.395278822714227 -0.25475938828888 -0.242215594638149 0.145854276403974
-0.50211363387501 -0.11637804072685 -0.12262281423423 0.0193454894421044
-0.455293434598537 0.0943394982982353 -0.174502754295813 0.0147851805653637
-0.274445277273514 0.338530426181757 -0.0423698216096008 0.0603274583526452
-0.0568502619623347 0.442078866317895 -0.0114946996037493 0.011034537432327
0.14457863421917 0.407509971847387 -0.00345045834270793 -0.0394935809025194
0.249973102465155 0.306299783595593 -0.0494460970037118 -0.0973042423529104
0.303456445684456 0.283742783926448 -0.0583936955440809 -0.0997178230892843
0.297394622362235 0.277196861214488 -0.0573323893232546 -0.0812842199813433
0.3032092606535 0.36931476811036 -0.0404434412514143 -0.0545536857372382
0.181151726596175 0.503620544642841 -0.00558220839016891 -0.0316757953949116
-0.035921424783038 0.546093729295472 0.0220936496085293 0.0636921654769518
-0.390824134395503 0.469926166616087 -0.0668832180790621 0.102286487341892
-0.624013677384551 0.149156565506772 -0.143932350516472 -0.0130347316812488
-0.552695723141807 -0.0854735076319024 -0.0840591296747674 -0.180041040472798
-0.434206684450221 -0.236126578220091 -0.0599224117088268 0.240904499759163
-0.541964956045609 -0.0764588545811409 0.0163161352023485 0.0420630558330143
-0.478973552639015 0.135057774261455 -0.121196865724097 0.0192382548080866
-0.290721606950301 0.367736422426162 -0.0638938725003938 0.0845355389355605
-0.0643383699172922 0.473733991872124 -0.0246429024368583 0.119262823954506
0.144912611049277 0.436130190761933 0.04907094095179 0.0966221814755968
0.258557197527314 0.328191525341824 0.0495582663773776 0.0284677702611492
0.306295816552137 0.301538543842775 0.0618621706066776 0.0155186040875225
0.29844400727239 0.291331679192866 0.0640337719966986 0.0217110957198794
0.295391299666783 0.374287595153437 0.0607234614439179 0.0369511817811532
0.167249060915792 0.49285202688047 0.0536409304206011 0.0483832821256185
-0.0407987222462856 0.508402080895666 0.0495437266817172 0.0909795461527205
-0.339559011658582 0.434087360271824 -0.00141649745553215 0.0990134623127188
-0.570325990095499 0.169506270716204 -0.0240471119696332 -0.0201141771221604
-0.5370618236089 -0.0385543818758864 0.100129420567166 -0.140923032919705
-0.400830815810601 -0.167568918443801 0.137804590610254 0.319193903364238
-0.478502432319474 -0.0101012845907525 0.164697756060948 0.0659266937479245
-0.392952220917361 0.155541176489629 -0.0401084383776921 0.0295080787553064
-0.233912410935789 0.320910596220012 -0.065679282379654 0.105410053077627
-0.0497249787773714 0.409735839288121 -0.0239246849880817 0.214966580223483
0.126785520368476 0.380999754758633 0.101143950712156 0.220841092003774
0.226203802129327 0.294856789635085 0.145423873574528 0.153128446260261
0.26501234128708 0.270889087115822 0.172357532811384 0.128581262941055
0.252433911731924 0.26583688180822 0.169921763122343 0.118408387472731
0.232833639527357 0.327707603976393 0.142388192347444 0.116861339306571
0.104279322279752 0.40423321540641 0.0957671277510508 0.116305721264205
-0.0675919674567001 0.376345165232326 0.0574350174081038 0.106978766895228
-0.251512482550866 0.303385782276946 0.0440304860366702 0.0847500151574631
-0.427782265255933 0.140102883163308 0.0740888012945895 -0.0318473230686305
-0.437218536679964 0.00422489185194861 0.260230250990164 -0.104272147714398
-0.29575479803353 -0.0691011234545775 0.31329534767809 0.356623063510491
-0.311794753746878 0.051882603769288 0.288211645164913 0.0759955189938382
-0.216865932426594 0.130767207191229 0.0510471520205186 0.0321381664066665
-0.133665257729251 0.196133969398066 -0.0460489013067946 0.107365352172661
-0.0307820471296908 0.263056855026616 -0.00962341912621165 0.268284122964989
0.0843130058340199 0.255920142989798 0.143500902234861 0.302284641655859
0.15613099097403 0.209737096778058 0.223257811111322 0.250131052502253
0.183017824220718 0.202338286492951 0.257443099553247 0.221016921662248
0.171290960079078 0.202962252139769 0.241413836692627 0.19858940510212
0.136441879575407 0.237150411453037 0.186239954785258 0.181223101161908
0.0247468056251176 0.261331189404852 0.105746111698391 0.166152209822322
-0.0867663302568729 0.196708128006729 0.0414181649962234 0.110194057494615
-0.131404642097243 0.137264057054715 0.0653981910102304 0.065960368326312
-0.237101985895082 0.0956007826732925 0.139028406097823 -0.0340647627848223
-0.284965233793614 0.0464094615644505 0.373388757233854 -0.0691664365306124
-0.130848252769887 0.0329179020239385 0.434673659819717 0.345673416911981
-0.0864677249985222 0.0763880050927732 0.367571724662477 0.0626026790277198
-0.015886981429129 0.05212527449742 0.133144962761372 0.00844160896571283
-0.0390530407745127 0.0294647185509989 -0.023742993274296 0.0789182953612449
-0.0257193575150761 0.0796828375348369 0.00672614957952553 0.271840164825159
0.0181824543903986 0.0973901123827622 0.168835607664308 0.332376607962488
0.0573092056492294 0.0971734045125231 0.271206433190802 0.304606584524083
0.0750901198422056 0.10295575101803 0.303530539287581 0.280572071139868
0.07240788721433 0.107561523125607 0.272207326079819 0.255424920739385
0.0374995448345299 0.111766774391068 0.19259540341595 0.226677537420824
-0.0335841982813337 0.0962119258816179 0.0894962336805205 0.192822544916224
-0.0651877055855021 0.02207618006459 0.0148621119660027 0.0964875592516331
0.00912394972617285 0.00502465372396019 0.0736065358099321 0.0443077291345061
-0.0378362519317394 0.0752011910320216 0.177040262500387 -0.0233321421757625
-0.112366822296211 0.0949263119615567 0.434072107409014 -0.0375729023687703
-0.0469785488463644 -0.100229988615641 -0.477604461916713 -0.00771774144852652
-0.125153091287271 -0.0746718756015474 -0.250465994775034 0.0756530317496146
-0.119111767576354 0.0416320830529381 -0.109881013021661 0.0220988194889298
-0.00701125934813366 0.0991495287027335 0.02820068522862 -0.0295477009792999
0.0348266408511232 0.0641179023485373 -0.022067657303178 -0.187020566940827
0.0499961053742774 0.03248142288978 -0.15159005733777 -0.247405574290286
0.0422406843684765 0.00800760154388996 -0.261685084986501 -0.266621575998999
0.0416149676047509 0.0127847675175175 -0.312893086268407 -0.283594024139906
0.0464935318291057 0.0161919325964894 -0.302721983307984 -0.291333903927832
0.0717565051539533 0.0534634096727088 -0.212724397089865 -0.283361795870416
0.0623409539898502 0.108584084467641 -0.0868338207727363 -0.235361533936117
-0.0103438404189397 0.155715173192027 -0.0235527062741163 -0.0735522849052245
-0.173524394661838 0.0982659590679381 -0.164272017437002 -0.015166203815382
-0.18225374102047 -0.072909235950888 -0.336604503273622 -0.0793187207645417
-0.0840250958739616 -0.122315229611289 -0.44438331114177 -0.287455670182293
-0.186845473074713 -0.165262043169609 -0.452369912028194 0.0147598826109032
-0.264275232893869 -0.0945289127771837 -0.254030512428739 0.0414923574011686
-0.240538090369951 0.060117193100882 -0.155260328727438 0.0325949658729806
-0.0937437725484713 0.190457072495987 0.0202466154861891 0.00903508157692645
0.0160022372388238 0.205588042711001 0.000692567487407801 -0.14536409579161
0.102662220459897 0.171451000881423 -0.105615806861256 -0.221389616909197
0.137490084384001 0.120886259981858 -0.216971082432127 -0.251362154414504
0.160373054293492 0.123224618833186 -0.263638329712698 -0.258045858762285
0.157749857498252 0.129697086858297 -0.260447882668567 -0.248823924171585
0.171293059634214 0.196384517628837 -0.192812640956917 -0.225917726525175
0.106069462177016 0.287910458809215 -0.0854294170659265 -0.181449572493164
-0.0383225627893501 0.333673986861745 -0.0234643117859253 -0.0221083078227376
-0.307554112076102 0.257116276100861 -0.165287921000603 0.038740903713687
-0.40968380843016 -0.00312431108586356 -0.32095767739561 -0.047705468514949
-0.300996925600421 -0.14047354439102 -0.384642117153817 -0.255837548418661
-0.308169623440694 -0.220810599392241 -0.371188048266685 0.066964753661235
-0.393988111651131 -0.112782770513182 -0.21397149584218 0.0175938237134107
-0.359642186234119 0.0727283107094903 -0.184013521087859 0.0291803176611601
-0.191346890262872 0.270292535982025 -0.00887667877934921 0.0377001243414342
-0.0184184277347064 0.338104772380042 0.00205703161653065 -0.0768504369580546
0.135435037748549 0.303750966725491 -0.0541161352314674 -0.149931712551726
0.210292053216147 0.22515372608952 -0.144113202269687 -0.19222988618872
0.253068435990463 0.215073545617525 -0.174708783739056 -0.193900090176054
0.247823463730064 0.217144576789322 -0.173762858395997 -0.173290768986764
0.258473194866921 0.30083730418822 -0.131561547453396 -0.145377654176516
0.159390364098596 0.424013124017418 -0.057651508205472 -0.111005193846446
-0.0359861429019441 0.473922126418287 -0.00266085660203469 0.0245765389062056
-0.373606980622072 0.399560941126815 -0.124837254004742 0.0820512935909149
-0.562555894127198 0.092016205019111 -0.248318848925102 -0.0192305728463466
-0.46703679148384 -0.122794048441094 -0.258517130603724 -0.213799143705023
-0.397617969670091 -0.244875022709518 -0.232846234529075 0.147135237752444
-0.498039741379522 -0.103785858553764 -0.119905312299552 0.0180868645454634
-0.452982866437896 0.102236703231428 -0.173551215251561 0.0241007141030836
-0.264825625430635 0.34013984774249 -0.0411884738601859 0.059568482975132
-0.0460440276719781 0.438433539825454 -0.0105377144275782 0.0164622584503346
0.153116171112641 0.398333836081047 -0.00179731545235746 -0.0378572731642758
0.253101346617456 0.299232487091874 -0.0522356287351626 -0.0929546840717622
0.304552125045337 0.274807831149454 -0.0603385644471288 -0.0985412403995792
0.298371161593524 0.270797538738778 -0.0584767524180892 -0.0808165253062224
0.307825076875118 0.358407030714126 -0.0389081255924557 -0.0552073548978893
0.191486268315917 0.4938779552132 -0.00535996841682465 -0.0314249002673122
-0.0243130020788676 0.540062683989528 0.0277732357171053 0.0607916373337009
-0.376529897241019 0.473055592666872 -0.0602108050643993 0.0990167238193025
-0.613493865577421 0.162713222503529 -0.138049755146251 -0.0104824131025179
-0.545866032170786 -0.079927676416893 -0.0872018576457891 -0.17448337009061
-0.433659069053694 -0.226230160063191 -0.0524369210541454 0.237743916068248
-0.53607680421484 -0.0634072249670452 0.0165148524727249 0.037371925830627
-0.473260080470917 0.140304000543247 -0.120116519097997 0.0260940955332755
-0.282341851663299 0.367913384575972 -0.0627669154576825 0.0836754163412923
-0.0525333095063587 0.468666544715468 -0.0213850594772627 0.123155080757539
0.154354865711836 0.427440064148494 0.0529802901927603 0.0952097398728244
0.261754459427058 0.321428988079696 0.0475155270889983 0.0297417561290682
0.30940851792078 0.290772033156094 0.061120279595195 0.0137482820497661
0.300394141745242 0.282493598926589 0.06375963063613 0.0180826980705363
0.301195655557079 0.363398538185227 0.0628581559831197 0.0326848217467294
0.177708141911288 0.483244096364601 0.0543153447328788 0.0461838443455068
-0.0309129105539272 0.502407187842529 0.054573229591078 0.0875821719201737
-0.327926284604969 0.436301571260538 0.00517383854391154 0.0938952769564784
-0.558285569958289 0.180445144512869 -0.0199698777256889 -0.0206832515308832
-0.529090987243751 -0.0339648974023423 0.0937514173523403 -0.137834345827736
-0.401434791924181 -0.159347704248763 0.142965112442579 0.312103706109701
-0.471309432101961 0.00156481882043758 0.161733044020494 0.0593958974917895
-0.386835940907325 0.159684276373271 -0.0391183833953479 0.0335750387261222
-0.227983459397519 0.320753142077743 -0.0637505863314384 0.104568708220356
-0.0404169691685593 0.405693528351665 -0.0182946322187356 0.216725186653488
0.135344959361446 0.373798963545304 0.106680045010364 0.215878595545044
0.229905080390592 0.287000790407548 0.14411027842942 0.150299848577795
0.267555936974442 0.263484733015159 0.172812869150382 0.123297573674634
0.25528658564126 0.258770314027374 0.170917473962212 0.111881974811276
0.237933539668774 0.318881248028718 0.143885239154079 0.109657108254618
0.113194130962046 0.396315779309149 0.0974633326007817 0.111678900931423
-0.0607855639393923 0.373776360068479 0.0615623703920885 0.103584983333741
-0.242935324771149 0.302254413075905 0.0502508283425144 0.0786251701795798
-0.418308985325485 0.147493720620457 0.075481045234682 -0.0338615534936004
-0.42943126573032 0.00694172889531818 0.25133834135738 -0.104313753134595
-0.293276771245243 -0.0616707417534605 0.316230848652167 0.347923538382155
-0.304709816747891 0.0585693424875325 0.282508318406126 0.0684078351432485
-0.212324617890564 0.13106488235512 0.051152011044341 0.0328526549362727
-0.13003283063313 0.195955779528647 -0.0450061678194349 0.105323708320491
-0.0238294880423466 0.260314074044932 -0.00330435306962487 0.268615180303961
0.0902795179862198 0.251490456741521 0.150048310009286 0.295836637650719
0.160269726303233 0.205491789829032 0.22328387575439 0.245039224451836
0.185603828751207 0.195772037224442 0.258884396517954 0.213703942153437
0.173397173176254 0.197294290506713 0.242543730877628 0.190361915626532
0.140485794177575 0.230293465868843 0.188040697452066 0.172214900000101
0.0304183353663866 0.257866799964179 0.108191297084836 0.159840211943364
-0.083354947912399 0.196562422326966 0.0454095806403897 0.107009122462968
-0.12787633568929 0.136000535586074 0.0702195418345966 0.0600537958174982
-0.230546431313261 0.099831277794424 0.137352523417242 -0.0372545968811655
-0.277047817121309 0.0495538822814883 0.362067203642593 -0.0719321706470943
-0.128045075506598 0.0356350936322438 0.434402024828349 0.335664133742039
-0.0816929234051584 0.0778344900013369 0.361276471544661 0.0553239152529908
-0.0150567886355553 0.0494396929942434 0.131205585114142 0.00562998993688194
-0.0395970829338194 0.0298469663105667 -0.0227685985592137 0.077830076518319
-0.0233696955433681 0.0793512326211026 0.0120437775736225 0.269909934942256
0.0212225078067426 0.0962819721903984 0.174583949765845 0.325085430336165
0.0592538091117564 0.0959011896812166 0.272497201008442 0.296534421750059
0.0772112411097581 0.0997742553696246 0.307229824214193 0.271529525958809
0.074341243004331 0.103789736347293 0.273939557302651 0.245692799637419
0.0398236088970914 0.108994187883474 0.194149958568855 0.216441344991249
-0.0311293876915518 0.0965713797704141 0.092414299946202 0.18584873812864
-0.0659593895434733 0.0242445047399726 0.0174245309365106 0.0938788643649167
0.00859121208805119 0.00192532585555754 0.0778460777233457 0.0392796518799158
-0.0335712663875741 0.0751427482156737 0.173675280142102 -0.0275254653999841
-0.105870550057179 0.0962776342167665 0.42261050458187 -0.0423068912301372
-0.0510885863266654 -0.0996483235100838 -0.472418882212686 0.00400928213954102
-0.128600134049054 -0.0686116426845713 -0.244664243338677 0.0810173414677361
-0.11837921128745 0.0480055287595996 -0.110244839688539 0.0292200578046889
-0.00220958161133101 0.0983409147838447 0.027712973618999 -0.0285175531173049
0.0376387019833855 0.0624607067297367 -0.0286515062041064 -0.182209969786584
0.0500320153068836 0.0295772636238482 -0.158903224650741 -0.238981734063994
0.0411637053834541 0.00634907584293328 -0.268013658583969 -0.257097281450939
0.0407611881081103 0.0124070171041029 -0.321896899973069 -0.273751440070209
0.0453856412248243 0.015766942395723 -0.31182428679749 -0.281351265815085
0.0727566251317832 0.0507700182180889 -0.221283798958725 -0.276609212785311
0.0662718610675761 0.105446507820967 -0.0923896279087555 -0.232638285491394
-0.00408728835547196 0.154548352808022 -0.0234133603798449 -0.0736553897949531
-0.170207992296993 0.105281092243253 -0.16463939418383 -0.00950603772042006
-0.186277184059459 -0.0668081897943694 -0.335032317556206 -0.0677688969071492
-0.0891772978060288 -0.121613230219308 -0.44879835962669 -0.275475530174126
-0.192638504135657 -0.160494624456802 -0.446678304506002 0.0245747457897589
-0.267525986046615 -0.0843111701316 -0.250188118604024 0.0468031644033825
-0.240398815097952 0.0696598595393642 -0.155131934106251 0.0422647074825688
-0.0868363312477023 0.192919624139177 0.0206632920234223 0.0088890827425071
0.0243212114505741 0.20433009096011 -0.00338570971999028 -0.140684138264062
0.108128452549251 0.166668345917951 -0.110580315782814 -0.214530962129566
0.140133598808623 0.116679492867989 -0.223525391198182 -0.242047169598221
0.163120145161311 0.119251334939197 -0.273097056983293 -0.250122069619341
0.1605799231179 0.126915219667972 -0.268745556641742 -0.240199734997056
0.176458047160837 0.190637384075738 -0.19829110592017 -0.22008230948892
0.116451100846565 0.283277598692153 -0.0900038753922483 -0.179021794194441
-0.0276208273934458 0.333351606028261 -0.0199201046360069 -0.0227995457037377
-0.298338172683069 0.26672702835263 -0.161906362424156 0.0438210522335659
-0.410380879061256 0.0108884057723151 -0.317552586576078 -0.036650164391109
-0.305828854418488 -0.135079339261974 -0.388682496958926 -0.244749859355793
-0.315695821518748 -0.211687960613025 -0.363250433489872 0.0751552235845436
-0.39746569695012 -0.0977992117857912 -0.21149074309019 0.0209463967620633
-0.35914257740738 0.0847859549610523 -0.183560740983319 0.0399636156529671
-0.182619282979455 0.276286704153977 -0.00750106781281877 0.0379236673265581
-0.00548212541625269 0.337344950001486 0.000547809138076692 -0.0718933096047342
0.145854826670988 0.296740292132857 -0.0568640862295205 -0.145850121090616
0.217310231758092 0.219274449978862 -0.150285647154984 -0.184909506826968
0.25907090904314 0.20758346121336 -0.182355715944441 -0.189258878113387
0.253568025645363 0.212474979185906 -0.180404878358526 -0.168644104863472
0.266961932051711 0.292610647041122 -0.134516651751773 -0.142056831356869
0.174669532215221 0.417668797456606 -0.0605251087032222 -0.109112082840685
-0.0200255718984503 0.473865850084587 0.00184366434873132 0.0221765134862938
-0.359339240319161 0.410908986268576 -0.119110905751065 0.0838360256570722
-0.560044263563121 0.108853303109532 -0.244124082704972 -0.0108816091431408
-0.46941305637599 -0.11232536177437 -0.26269445704198 -0.205523288435106
-0.404757133576563 -0.234816292860897 -0.224684134985428 0.151002870593554
-0.499899873372077 -0.0857337490341205 -0.118503799896216 0.0184197710473064
-0.452354726994913 0.117038875100637 -0.172611165737046 0.0342326000732468
-0.255468650181435 0.348233008115481 -0.040377655054335 0.0608632706572048
-0.02973010322655 0.439118156707097 -0.00848487647402799 0.0221972029468556
0.168468022479007 0.39252096128474 -0.000352171560060215 -0.0367444968944929
0.264339593481275 0.291778962888009 -0.0559798482455663 -0.0885327314948273
0.312765566577179 0.265877537325751 -0.0653623869133599 -0.0969721228916492
0.307994920693688 0.26328076413886 -0.0616086013409399 -0.0806840651722451
0.320257259846407 0.34884007490121 -0.0393469892007545 -0.0557941379825713
0.209650739866117 0.487345288054368 -0.00632661102885316 -0.0311971677320932
-0.0070389354198968 0.540229169870982 0.033805246174837 0.0578877183632723
-0.361529251283722 0.483977397453043 -0.053320020529971 0.0974932393992737
-0.608209608253721 0.183749025698771 -0.133367395256201 -0.00725784828434184
-0.547730965488371 -0.069465698778178 -0.0930012916995677 -0.169896534072391
-0.441071548036962 -0.21421319069664 -0.0428020698033517 0.236640918573185
-0.53552515934533 -0.0443256123232217 0.0166050578961978 0.0345773805518505
-0.472366742474372 0.15488445455948 -0.11952715513986 0.0338250427638518
-0.273002993700542 0.376772587915112 -0.0621914350620732 0.0847209569867326
-0.0360297475578071 0.470988731377239 -0.0156826355811942 0.12911531558066
0.171348599012974 0.421550345466587 0.0584460275440943 0.0933610157254677
0.27254299227801 0.313338093153391 0.0471911747762574 0.0310611865970638
0.318149461442907 0.28262806847839 0.0607883813266293 0.0109857070747474
0.309529043851042 0.276182503811235 0.0645012250619856 0.0141668955497902
0.313988124264427 0.353091989516328 0.0644683606537659 0.0277407067078475
0.195527378010302 0.475452660608776 0.0563698901010827 0.0439684123843552
-0.0154164027461859 0.503646292341496 0.060958387613229 0.0837148794417207
-0.313239003004946 0.443911100471419 0.012068872482159 0.0894353719323496
-0.550860839165916 0.200785425913377 -0.0166688381652082 -0.021289583134157
-0.527603344204777 -0.0241639491535679 0.0879712178391379 -0.137256067415455
-0.405289007791185 -0.147128427142308 0.153487756662459 0.306367685523641
-0.46834041097247 0.0163822334461139 0.161905170882944 0.0537289545342488
-0.383328115904698 0.169450549056723 -0.037890729079515 0.0376622097058036
-0.217363104525879 0.327576661389564 -0.06239830603953 0.10525398798224
-0.0261600442933093 0.406955507513362 -0.00986725896550052 0.221011730506381
0.1498497280117 0.368548758136519 0.115501947002709 0.211920105335041
0.239317423132205 0.280533717018653 0.147002408877892 0.148238321483888
0.276591200652243 0.254175356933682 0.177095562430324 0.118135890360451
0.263626559320705 0.251745665264342 0.173487802069752 0.104814660047252
0.248754557728536 0.310196010821189 0.147971387775014 0.10150386157431
0.129014824725654 0.392039817816482 0.101243719697262 0.107903480785595
-0.0495506548380353 0.375822270811831 0.0681576798242935 0.100115120778187
-0.233482224294344 0.307766030144168 0.0567668058372732 0.0722493519085109
-0.412274472145455 0.162747754865126 0.076758816251669 -0.0376662329389966
-0.425656532750145 0.0160948224410026 0.244320037406343 -0.107910030060301
-0.29499591545 -0.0538217807447369 0.325291404710242 0.339119203756484
-0.300230381257317 0.0682274637927981 0.281412773263497 0.0598728532708644
-0.209249749301634 0.135861021491755 0.052217893664516 0.0325747888047121
-0.125237609025065 0.199707231358432 -0.0437749225546991 0.106018613453496
-0.0149278188947629 0.26119867109703 0.00681992422217415 0.270781967021063
0.10013304474237 0.248294691970656 0.160687275319865 0.290777377326086
0.167742259327525 0.200968046558949 0.229435783681364 0.239932306264117
0.19248025076105 0.189740755471047 0.266408937184482 0.204842335111958
0.180683607436792 0.19197459152938 0.248421094604931 0.179799474516024
0.1483842986357 0.224410003798175 0.192639484589132 0.163115467030975
0.0402657356745822 0.256935183535251 0.113505778541328 0.154220747573643
-0.0778575018882608 0.199637669856004 0.0503410291077312 0.104391684388411
-0.123949362343416 0.137629704708038 0.0756169456807359 0.0531272145150814
-0.224277928000247 0.107106274119937 0.136580163843375 -0.0418637465032579
-0.270843031460531 0.0549235735640144 0.355377722883113 -0.0789868980174733
-0.12549955473487 0.0400616551547881 0.443527245117554 0.326419184253163
-0.0768255192952623 0.0801259490047813 0.358886168679516 0.0458393248452168
-0.0135299487196247 0.047767902682726 0.131275544832189 0.00115352897706297
-0.0405653839538776 0.0317873087457576 -0.0219259146969823 0.0779748909078549
-0.0204413370494698 0.0806170703013611 0.0213193089286468 0.271083548736774
0.0251994224596269 0.0962040039209995 0.185742140427771 0.318849418655553
0.0637222450414235 0.0944749625661307 0.280850989013923 0.29043366736831
0.0812759139456147 0.0969061904887387 0.317034302066074 0.262731039636395
0.0778440662185312 0.10024389601326 0.281637297144287 0.235891431791592
0.043754284106935 0.106172591882343 0.200048322632386 0.207444045313114
-0.0279715850224275 0.0982544400986654 0.0982679943745211 0.179872160710425
-0.0666850092133003 0.0273313825530671 0.0206713087458488 0.0920393631302551
0.00735070440172267 -0.000860437542117422 0.0812709478389041 0.0328081653872312
-0.0283371156048192 0.076078893345019 0.17127140351866 -0.0328058938903418
-0.0988723104122419 0.0992055502427677 0.413453368756201 -0.0516957382018593
-0.0560070411271096 -0.0969867076427874 -0.462932620824263 0.0244923566522109
-0.13177626882666 -0.0595067263720403 -0.235492834826053 0.0891033403325365
-0.115291940837629 0.0557659212089731 -0.107784101559574 0.03853435233172
0.00398816480930417 0.0963811858161864 0.026227593983293 -0.02851333133301
0.0410665327522843 0.0588813488020569 -0.0376031807960608 -0.17577428288003
0.0496598980579036 0.0252495200979101 -0.167912422525066 -0.224753026938367
0.0391580785860409 0.00398567903414533 -0.27610057815209 -0.23931513648204
0.0400902349080526 0.0117336515994845 -0.333481392105401 -0.254340735819543
0.0448260555609629 0.0149263276416688 -0.324538770648174 -0.261649890549606
0.0736990931616028 0.0466892123441043 -0.230953679506287 -0.262275451395998
0.0722297051470019 0.0993604172361326 -0.102366941833769 -0.225794008587422
0.00525417734402795 0.151539985242744 -0.0241441920598601 -0.0738767069955309
-0.16271462789792 0.114399518482011 -0.162627360356436 -0.000470985271012822
-0.189326099512728 -0.0557816934834315 -0.330495982734058 -0.0495733254589993
-0.0959307751495682 -0.11820012869078 -0.454529376618649 -0.255401355749426
-0.1995633280609 -0.150252067626835 -0.436199436866242 0.0428883238075337
-0.268826231325282 -0.0675366899194881 -0.243320695762144 0.0547136459771739
-0.234988848822454 0.0839283658158404 -0.150792272060309 0.0536398142380603
-0.0749805081992299 0.194377733124168 0.0209359356194586 0.00904419223365139
0.0358821867144726 0.199325644384082 -0.00957111273163397 -0.135380904564372
0.115385156566518 0.157456736715241 -0.118918140065007 -0.204330279110517
0.143550421465089 0.10824586839858 -0.23248071825129 -0.226805801757149
0.167379522729732 0.110760271895038 -0.283913757878964 -0.233806743909561
0.165385696173816 0.119940775845377 -0.278321398890007 -0.224660374801412
0.183875989860266 0.180070727899473 -0.205597300409797 -0.209070097507044
0.130716737944008 0.27275706744391 -0.0976821672409086 -0.173054143652559
-0.00925049291135561 0.330005502722515 -0.0176549658431288 -0.0239260113882019
-0.281124319728937 0.280877077171232 -0.157070290289033 0.049800006540351
-0.406534246792764 0.0323213987205349 -0.311039283746287 -0.0210722573203594
-0.310945825286058 -0.122253676281672 -0.396374497691356 -0.224027893299251
-0.324078170154543 -0.194568833316863 -0.351762045400123 0.0886789943056946
-0.397147422649263 -0.0751739684168518 -0.207435417845826 0.0269958948343921
-0.352365086537438 0.104760450179558 -0.179044886247378 0.0533787521012045
-0.166112386181008 0.28112051869395 -0.00678258976708418 0.0378498808061287
0.014071891132819 0.332670044587149 -0.00114574366491001 -0.0674594282419713
0.160927892426356 0.283873736224545 -0.0609939545102799 -0.139592378665988
0.225601396022896 0.207016288751085 -0.15723765745296 -0.174022382653508
0.266778144227795 0.193541753525631 -0.191816453827532 -0.177996117940436
0.261987282323884 0.199962285033107 -0.187366728755472 -0.159400250302895
0.279681950155913 0.276109445033136 -0.138972240090035 -0.135808516956471
0.195597121558511 0.404802402297061 -0.0650496275844682 -0.104574994739712
0.00355931933758404 0.469131361301784 0.00697495663287657 0.0193341813090006
-0.33529456734717 0.426216199747478 -0.111557086749576 0.0864545869362792
-0.54771286039859 0.137318892657287 -0.23804505690963 0.000611253838531981
-0.471321242271924 -0.093304120099723 -0.269419637652356 -0.191682512087227
-0.413739792809928 -0.212883980642258 -0.211465238714202 0.156642654179116
-0.497160283435533 -0.0605939162740522 -0.116736022832426 0.0201042017724251
-0.443247764727084 0.139669403635662 -0.169356586729108 0.0468156154968048
-0.235702361300346 0.35668887837937 -0.0386549304673627 0.0621053780152489
-0.00517166155571153 0.434828585542125 -0.00446187683183784 0.026187805453223
0.187988404069183 0.37786397666487 0.000398675080071334 -0.0357540867642345
0.276339483742908 0.276578869094327 -0.0606374352245913 -0.082952818042311
0.323908341579747 0.24729791754099 -0.0708637090243077 -0.0928410532135655
0.318682946389362 0.248055061619078 -0.0658563439105645 -0.0779121746920262
0.334824831159275 0.329619500432078 -0.0405963228048111 -0.0556556296264464
0.235075984382363 0.471723985357559 -0.00721983327496064 -0.0309606756911463
0.0210876909979624 0.535074177906074 0.0402300121448004 0.0521470176121944
-0.332698152373461 0.497530523279136 -0.0448779394697308 0.095189705074263
-0.590674786465522 0.213340458284329 -0.128612684766103 -0.00286636750351148
-0.545380379015103 -0.0474983801177476 -0.100296362925963 -0.162219395284995
-0.447793859356735 -0.190430840760726 -0.02863249407038 0.234047655578501
-0.529462011513586 -0.0176334679389509 0.0178224152877926 0.0301669806702047
-0.461213539671576 0.177723550535691 -0.115847934638782 0.0430005587333108
-0.251380427919927 0.38448321808764 -0.0595595737626282 0.0864460075823901
-0.00990535806399553 0.466795442364387 -0.00656099890224665 0.13247205975761
0.192195219761123 0.406456458045962 0.0651996513531727 0.0891714452607032
0.288009818710785 0.297872423641324 0.047438220513092 0.0302163802958679
0.330464363656556 0.262750943944844 0.0596630595143549 0.0080136882329242
0.321982153960745 0.260866886647017 0.063460721173254 0.0090013886360932
0.32932824844029 0.333588217011885 0.0657870598205734 0.021892203847152
0.220111644398932 0.460908052580999 0.0585056982716285 0.0400208579381487
0.00894389412537953 0.4994647099819 0.0678695315687312 0.0771271779371786
-0.286159956428254 0.455070441434252 0.0188661141812448 0.0830637782277686
-0.534633217491433 0.226700916864749 -0.0142877025013997 -0.0221099865242565
-0.522164390518701 -0.00227859498009648 0.079070172850854 -0.138049604264046
-0.40841341115828 -0.12601580202829 0.167264315844637 0.294998085411935
-0.458960114458105 0.0407644418973672 0.161170163805296 0.0437420356608299
-0.372529995729917 0.187190560953786 -0.034623640359588 0.0414114444992293
-0.201006669951929 0.334423807117908 -0.0593358767737451 0.106297779695143
-0.00410741348839435 0.40411031354386 0.00427752234806848 0.222833739432121
0.167471382472992 0.355686256832452 0.126981535524905 0.2032270671738
0.252748244577812 0.267488720781939 0.15216535918319 0.14195280332955
0.288363627515011 0.238275850474144 0.180086765809438 0.108001864585329
0.275543356375254 0.237103840111754 0.176000623517425 0.0926381049259084
0.262592912789209 0.29374911502941 0.15067060365523 0.0906918162809623
0.148524880392518 0.38105301780882 0.106204201267212 0.100779603485303
-0.0310066785548226 0.374872300637034 0.074896849506413 0.09340478716354
-0.215532293899812 0.315162930557617 0.0626344370438193 0.0632969425213697
-0.397123799311145 0.180993313236402 0.0760535304077657 -0.0421504629160989
-0.417246149968465 0.032779160427198 0.234193014230409 -0.114940979882506
-0.29258731683745 -0.039016849654443 0.338780952434793 0.320274106035047
-0.290307942366945 0.0819348572958807 0.279517735186337 0.0459668979920249
-0.200777079224898 0.142883314435682 0.053717772001116 0.0304618683738408
-0.115256954212454 0.203942891737402 -0.0407686722753403 0.107001349296727
-0.00138231714737708 0.258896176581302 0.0217897589946398 0.270409139424297
0.112833225183172 0.240070397383853 0.174531585791838 0.278832735790849
0.177907260156046 0.190492739320752 0.238705077742478 0.227750347757209
0.201262095631791 0.177221663223816 0.274864452204507 0.190182566300032
0.189744115652585 0.180608848663632 0.25445508284606 0.16517245251182
0.158296304209451 0.213072646599871 0.19797931887155 0.148816296510127
0.0534682776471256 0.252382998567658 0.120565615573748 0.145348475421922
-0.0678866446232 0.20316503469821 0.0565398284083901 0.0988174522235546
-0.116229401888348 0.139531715793944 0.0797938783299176 0.0435805529764311
-0.213475981690951 0.116422270455349 0.133142267691741 -0.048757465007718
-0.262513802311141 0.06467240086719 0.343687563399206 -0.0914591866893173
-0.121247686322819 0.046616665047655 0.453928494783374 0.303898531357584
-0.0701035780787521 0.0824845304075547 0.354687988566156 0.0303910354818565
-0.0117577513138021 0.0457586864540504 0.128683510418996 -0.00567364039317287
-0.0396497350504043 0.0336807489316811 -0.0203141107786479 0.0784786158106136
-0.0159257627124831 0.081138469619251 0.0355280452241022 0.267934457761238
0.0307142535948544 0.0941069421050416 0.198086981889098 0.305594847842052
0.0691930260718498 0.0910200258949943 0.290961224212298 0.274107933663599
0.0859422573563756 0.0904764288175201 0.32870513461225 0.243009343222106
0.0827602858091532 0.0947076077299092 0.290260566330474 0.218285201105038
0.0487148905449075 0.102083202837169 0.206200778758784 0.191936683023955
-0.0231451615269505 0.0992593284265969 0.106140471775475 0.16991555461937
-0.0652451143598234 0.0315166699754973 0.0259374643420209 0.0885356082153726
0.00556497746217006 -0.00388389045256865 0.0847720010085156 0.0238261323025918
-0.0219494361202376 0.0757543784760098 0.167179588333671 -0.0407209563324713
-0.0897550227038297 0.10174448517683 0.402952403294431 -0.068547101585896
-0.0599125228175062 -0.0913786490350572 -0.443005929276117 0.0413209540957654
-0.130360115134989 -0.0486946420294683 -0.221071677907524 0.0938062464784824
-0.107443441395133 0.0621879619858598 -0.101245389282495 0.0452753617565871
0.00935421208539536 0.0915459756633115 0.0241481592538769 -0.02789980861938
0.0433742312686812 0.0537360027553706 -0.0439495686406423 -0.164490084807224
0.0481705136133785 0.0213236322613872 -0.170447251685641 -0.205721803634899
0.0360292155702558 0.00223768530154775 -0.275785615966002 -0.215628856479676
0.0393615402396123 0.010752077855605 -0.335073879164223 -0.229171613112481
0.0429863763823968 0.014545154063289 -0.324738791701658 -0.236247794306756
0.0726524418089857 0.041786310350779 -0.234585928308445 -0.241502147322047
0.0749306630984339 0.0904508610859732 -0.109601098220929 -0.213152513689875
0.0137896803835854 0.144011003029465 -0.0253976418989453 -0.0714513675985733
-0.150183924316587 0.11964050754947 -0.156417493569169 0.00786655429255607
-0.186115323030455 -0.0432020921362699 -0.317120527985638 -0.0317692490352353
-0.0997110642643588 -0.110397655175595 -0.447928756631699 -0.225044370355435
-0.199724850110642 -0.135885282998248 -0.415266340952657 0.0573329923284746
-0.262035547598908 -0.0504058090552462 -0.230098915170256 0.0611054992355169
-0.221849533667444 0.0946158741262313 -0.14212678503281 0.0629637613936365
-0.0619199550126372 0.190181261473776 0.0204779494718723 0.00796318017277701
0.0467598918853054 0.189140015260837 -0.0147004179337452 -0.126503901981496
0.119269988478046 0.143996925406464 -0.122101969159585 -0.188491349342318
0.142743025207399 0.097675075309693 -0.234084326718131 -0.205671046514475
0.166599594482375 0.0995392576364064 -0.287327446745302 -0.2110842379208
0.164491347086343 0.109928014860891 -0.279993878796185 -0.202708898744621
0.185357330752448 0.164406344163531 -0.207594912000456 -0.192551930491587
0.141360300925017 0.254977624589316 -0.102234687972836 -0.162186372824105
0.00851989464897071 0.316714485541804 -0.0152473670016361 -0.0248204657338871
-0.255618488280621 0.284919121617302 -0.147034395013866 0.0547397537894615
-0.38968787701738 0.0517120332395649 -0.296341662773444 -0.00657502528031083
-0.306949703090988 -0.105502398580524 -0.389209063625702 -0.19876950404337
-0.321211510888993 -0.173249175518003 -0.332486642136421 0.0964410018014461
-0.384009182270775 -0.0503187428906243 -0.197550504194473 0.0317317097880714
-0.334454771699297 0.120766091332789 -0.168954559652063 0.0643872173885991
-0.146431470261112 0.279776189690484 -0.00474149668749335 0.0376990646652416
0.032107222760995 0.319071430355332 -0.00208777889903292 -0.0612153193982073
0.170117329965324 0.263206130425811 -0.0634184736127611 -0.130998675750338
0.227824035924229 0.187725194263767 -0.160243639391123 -0.158477157067915
0.266912793977695 0.173766244378199 -0.195541941079933 -0.161657289101787
0.262512211785661 0.182759104225682 -0.18981817153161 -0.144549146313193
0.283186915625521 0.253289825584163 -0.139898886943472 -0.12559001828898
0.210326756846868 0.378559424833561 -0.067364412894091 -0.097636337638568
0.0272500578053366 0.452229008697218 0.0101332792773002 0.0144372507645137
-0.301426278493077 0.426709718426317 -0.101310386351404 0.0859036382754669
-0.521251474195923 0.159320884012111 -0.224521234395858 0.00941952355773331
-0.459668982422705 -0.0717782341640181 -0.266271179327332 -0.170801816160022
-0.408342514821193 -0.186838588417207 -0.194759642877888 0.156506328335673
-0.478883382307904 -0.0315330197028511 -0.11174970981929 0.0206690124237933
-0.421167683636661 0.158743907710348 -0.159166794857151 0.0567572905239134
-0.21091231568975 0.355040255261237 -0.035606044657561 0.0614560290653097
0.018183115566135 0.417763691310634 -0.00024266534969549 0.0292158741815301
0.201820594420744 0.351637946699196 0.00129097433139279 -0.0344850808116014
0.280954875613033 0.252869340675648 -0.0625211020830715 -0.0756145776063212
0.325088898979015 0.222969120177037 -0.0752907827017615 -0.0860706622061391
0.319817440378846 0.225210746860753 -0.0689210867683146 -0.0729183349552142
0.338684727337742 0.300771635996233 -0.0415560312898097 -0.0534941653591594
0.252040738780646 0.441639696349526 -0.00810966741697386 -0.0293418092474401
0.0468652350144234 0.515279697351619 0.0434743896505198 0.0448327624971684
-0.294791234686575 0.495060747144711 -0.0369897071772089 0.0896715782906774
-0.558984637611846 0.23398805122793 -0.120052889458284 0.00145801348277538
-0.527514076603286 -0.0254935595559 -0.104025926900178 -0.150341034753169
-0.440195823580242 -0.162495090159818 -0.0151277009563334 0.223708958860777
-0.508301603280373 0.0094568425383659 0.0179264557699709 0.0250099730689525
-0.437268066896701 0.194814991562054 -0.108431004033187 0.0505054585966576
-0.224607551654794 0.385206262113243 -0.055112904402288 0.0862211262180706
0.0139573579454401 0.450165786165449 0.00455783661213712 0.131428585250033
0.206986668339947 0.380315195459685 0.0694694886011493 0.0816598892734866
0.293586402309427 0.272886643572914 0.0468488315781878 0.0285686639704489
0.331440978896102 0.237574957041312 0.0564020418871829 0.00526129540255027
0.324515251486388 0.236744218536192 0.0603841062036534 0.00446063305632295
0.334947666204793 0.304838978064269 0.0643588883019841 0.0153429192046694
0.237824860404923 0.432545299342235 0.0589641235442394 0.0352750689249666
0.0344815120278762 0.482249628441858 0.0716364587274438 0.0676698333379567
-0.252877388531998 0.450633770613049 0.023884070513576 0.0739215587233176
-0.501570638864105 0.244480749001308 -0.0116360098276467 -0.0227381778771283
-0.503249846712491 0.0166003459382134 0.0692878263617132 -0.134386728241473
-0.398287363466875 -0.103196979859724 0.175800516014534 0.274581269793641
-0.438508904370379 0.0605434603478719 0.156211270549554 0.0324640104153053
-0.351462970519667 0.197151203274632 -0.0305270565188929 0.0441793252039596
-0.178376718937462 0.332203920393979 -0.0539480299609786 0.105017001563739
0.0167253075145648 0.388640773794143 0.0181081705025619 0.217536788212894
0.180591501673994 0.332852425278592 0.133425332756543 0.188747776313229
0.259295511753354 0.245461030918519 0.153828858511213 0.131585497228827
0.290175008745042 0.214493246335188 0.17855748335695 0.0954728780773066
0.278092750926532 0.21583778994526 0.172874118537049 0.0796615186083626
0.268538704061718 0.267857052211466 0.149546695643003 0.0772544849057721
0.164302838018501 0.359146587810508 0.107951999837434 0.0904403011060475
-0.0105818299828509 0.362745173764505 0.0783262683611874 0.0832841042953776
-0.190705407275121 0.312175964819754 0.0645993104001646 0.0521963508627625
-0.370500558796211 0.193204677711251 0.0730817649142371 -0.0456208609181862
-0.400139755120509 0.0463671343701264 0.218931719690127 -0.118406222051503
-0.282253971203913 -0.0232776234898989 0.342034307634801 0.293846149653222
-0.272829380710898 0.0926792414905987 0.269762709219983 0.0311861694963557
-0.186407932979872 0.146743072533428 0.0541200943132687 0.0276369565913492
-0.101843209170669 0.201905150814401 -0.0363761270329514 0.104602197161456
0.0119487056422135 0.249526006122711 0.0364576143718599 0.260724317003073
0.121701011587619 0.224218448080763 0.182805012195573 0.259384398018045
0.181989828602952 0.175545300710832 0.240594751250344 0.210533669545242
0.203340556379678 0.16069265851769 0.27429625814053 0.169763864980373
0.19227331308281 0.1645440903845 0.25254146333882 0.144945399630469
0.163441379903912 0.195961168508835 0.196448324948699 0.131119952138461
0.0653069832535964 0.240776347573396 0.122660650866609 0.132184003377241
-0.0557582808152576 0.199411699732086 0.0604819324278155 0.0904564419324392
-0.105236109286093 0.137444870393709 0.0809026732276208 0.0329059622782971
-0.197172672051613 0.120718085769724 0.126130200404781 -0.0532175341376255
-0.247158673686453 0.0713981776469828 0.323769973160186 -0.100423383124893
-0.112420231309082 0.0510215272696364 0.452352611052794 0.273584793289571
-0.0611181840396198 0.0822597192961323 0.341304365839414 0.0137658114883579
-0.0102321941748709 0.0431622842767133 0.123805466913224 -0.0116071507825222
-0.0374979946652517 0.0347423467462463 -0.0172995566075277 0.0764923479972314
-0.0112810690152942 0.0794234428285528 0.048309319662263 0.257231657218332
0.0357197224892549 0.0890517146250536 0.205432864552727 0.284454540107912
0.0729380851514545 0.0838234330207201 0.295214365014944 0.252202606001199
0.0881097933693467 0.0826085477314088 0.330930345703896 0.218267992798367
0.084525755817055 0.0864062837130193 0.289966878515597 0.195327840179741
0.0516373426090771 0.0945350155060073 0.206602883392272 0.172142272518218
-0.0167115743344483 0.0975603155675802 0.110117520926433 0.156113477975792
-0.0622068091413736 0.0346783008653164 0.0301181424237202 0.0828918022452609
0.00426274891416653 -0.00667433095484929 0.0838295367334493 0.0144893656969981
-0.0151591104570943 0.0725223034356967 0.158312238004793 -0.0467375624590189
-0.0779339931837826 0.100765105511339 0.379678007583888 -0.0800271985384986
-0.0728372138704455 -0.0789244058295627 -0.403005617990121 0.0922288048142908
-0.12900566557135 -0.0292777148143728 -0.192455565895243 0.112839517213219
-0.0925379318140187 0.0728578474692708 -0.0840760316821314 0.055209761029096
0.0187878203228019 0.0833085236579245 0.0209174485317095 -0.031530304096374
0.0470518448152174 0.0441773743644941 -0.0618288291853219 -0.149412959595676
0.0454410255387657 0.0141143397798665 -0.183146242112382 -0.173820028507052
0.0306881173802903 -0.00122119182339659 -0.286543385549719 -0.175186595758581
0.0379208024876536 0.00682676592683097 -0.340218258165271 -0.174055859296246
0.0417788044381234 0.0121228701136964 -0.330953546827393 -0.185208195611197
0.0722321625905717 0.032237747920411 -0.246278895147608 -0.200432939316376
0.0806053912483476 0.0761722260508947 -0.123514894056948 -0.190846007747938
0.0282089461823139 0.131548634127619 -0.0264154985697583 -0.0657931655600565
-0.122634760166277 0.132868998838497 -0.145540720788982 0.0317634061521405
-0.175157299640313 -0.0132542411405598 -0.305784404404655 0.0110074538126282
-0.109481807464464 -0.0839091509962632 -0.450843863572725 -0.16741740047646
-0.212802498989484 -0.103792017557859 -0.362893992356116 0.105234350142921
-0.251952246078708 -0.0180036669911222 -0.20136683693525 0.0818007996956921
-0.196504589841939 0.116900123223035 -0.115592025626314 0.0764144138698416
-0.0377182105021428 0.183190842766768 0.0258625397856149 0.000395996969537743
0.0647891060780915 0.169968369739291 -0.0255046995261586 -0.12269663564169
0.125725179370725 0.120841284186208 -0.132885757133306 -0.169006969819373
0.140602952618861 0.075862745557921 -0.242539637739834 -0.173021219765702
0.167434268601505 0.0753225863776235 -0.293411130487511 -0.163300795819699
0.168085672246419 0.0874492121846157 -0.282886506458894 -0.159868184528032
0.191006399841779 0.132777051520891 -0.211168647893252 -0.157427011425075
0.162063168309478 0.220382256992967 -0.106231977279802 -0.144106890093115
0.0423349766793673 0.291846575155944 -0.00801660252272246 -0.0206459362708011
-0.200319350848997 0.29715126283712 -0.128740934318095 0.0808396574047848
-0.351468768604677 0.0967846276351439 -0.289227111806274 0.0399677684529778
-0.298084587709409 -0.0572464042749209 -0.399150377903991 -0.14817351764102
-0.334188960381387 -0.126129589056182 -0.270670472149996 0.134738118666573
-0.366283799588238 -0.00674042295111466 -0.171358928022719 0.0516696189966228
-0.299205408781831 0.154309602857468 -0.135841846754551 0.0806795753386669
-0.107996163190077 0.275039478245849 0.00897035766152198 0.0304715324041708
0.0651893211642049 0.292723193971516 -0.00148045851466007 -0.0673714202911535
0.186931578521008 0.226073702193384 -0.0691637591813743 -0.126871559025032
0.230118641837309 0.151854958132595 -0.163593861910697 -0.13748721457834
0.269864697144646 0.133125145981966 -0.201783744811747 -0.128001074042492
0.268991250597636 0.143116860896842 -0.190560602159719 -0.11615699323989
0.292058696113338 0.204382077280587 -0.137026212972647 -0.103815769377602
0.242467849820371 0.327044016071888 -0.0629186348749057 -0.0884423934390173
0.0751599086440069 0.415007249887206 0.0253064920757656 0.0145835921970446
-0.224586453778863 0.435142886866736 -0.0795948661737005 0.107095876167194
-0.45824952388191 0.20896199213535 -0.222974562885422 0.0535766619901204
-0.434420113662873 -0.00960483434312149 -0.285088319540176 -0.136456236160822
-0.418913395210394 -0.127789985860024 -0.127268650587458 0.175477526666888
-0.4527240486142 0.020413822546594 -0.088918868388944 0.0299218530304956
-0.377153837106833 0.199116102192431 -0.123028553167231 0.0711128021723548
-0.16190939627677 0.353889247366704 -0.0131045682369273 0.0568720729594436
0.0628533858185433 0.388265225052181 0.0149240711203174 0.0144016195582689
0.226690011419659 0.305924696722595 0.00497019679228685 -0.0476890311708689
0.288662820224116 0.207237820369873 -0.0590648974192081 -0.0707311820923598
0.33085978742912 0.172480469732299 -0.0793714403765389 -0.0707323741717123
0.327656516765788 0.176339565802111 -0.0678568511306491 -0.062554469335067
0.350088151389686 0.240813742637744 -0.0348416945926208 -0.0482247660720911
0.289461812320215 0.379483215465495 0.0019581203446779 -0.0309971307761025
0.0985873881006775 0.470569739180456 0.0618277426572381 0.0400908559035598
-0.211026153306237 0.495880308537094 -0.0170387841445948 0.103281300538047
-0.482396119936354 0.280762624748548 -0.126494008242614 0.0369744384982758
-0.490039840800162 0.039501803453506 -0.131054996731751 -0.131701926787461
-0.444354934671474 -0.101094929593578 0.05143501887079 0.215904230687805
-0.474105877886161 0.0623453201838485 0.0345768952473216 0.0172738226412382
-0.389355659935828 0.23386472331307 -0.0742205398773881 0.0570077637666215
-0.171177860237427 0.382134577486343 -0.0279308847444947 0.0811048663504468
0.0612774415353627 0.419143100245724 0.0327535358196182 0.108489437304624
0.235647433686762 0.332872930644932 0.0826811516686362 0.0534226786290592
0.304248156316954 0.225738422199528 0.0580742559527906 0.0157241750710691
0.338721497204424 0.185097504749016 0.0551387128556525 -0.00124609523927277
0.333646080905899 0.185031463537895 0.0626033447496209 -0.00416595128182676
0.345053960347341 0.242766702952165 0.0723258426660116 0.00363134525754947
0.273256983785651 0.372778048623657 0.0725400070973912 0.0226973322256339
0.0868238310131472 0.442015937145214 0.0894608073184391 0.0583298317772991
-0.17891728786791 0.450011978438176 0.0384793933941595 0.0781063757750642
-0.431222572655656 0.281019515905362 -0.0256469569462247 0.000212684721591159
-0.461839491950317 0.072076483208092 0.0351474785424118 -0.132808936660294
-0.394432952035201 -0.0493534431679429 0.232726021439776 0.240114223770962
-0.402819506722871 0.100896279298789 0.163617101832024 0.00828338935682106
-0.308360167358794 0.224947826816345 -0.00559881465927712 0.0398848050244731
-0.134813515177386 0.329835730880542 -0.0272800057423847 0.100072380502728
0.0571096638998464 0.362027036723619 0.0541993177738456 0.189760218905103
0.206934635358561 0.291646635136393 0.154090651582405 0.149066524111359
0.270411162321897 0.200939653714158 0.171149673471231 0.102879573848339
0.296762414431923 0.168495325878745 0.180631541602521 0.0687833421192666
0.287030963189233 0.168387475759425 0.176951511237283 0.0542283901748662
0.279658340072255 0.214839054039726 0.157662709393169 0.0523959859980441
0.195412201940488 0.313204370004629 0.122059225271798 0.0700790748824589
0.0314375278115066 0.336962114748483 0.0942129667403869 0.0727553272934173
-0.138257925312664 0.311692133794881 0.0714824320509217 0.048810068677727
-0.317388233623874 0.217340734890032 0.0543190094204618 -0.0355391312662848
-0.362413519146521 0.084554558878407 0.180804906352822 -0.132932904103539
-0.270745015910598 0.0127727339626892 0.381662121201809 0.234664529991447
-0.243194253443266 0.113796424758438 0.265524057108569 -0.00611571835741838
-0.159926610288118 0.157624329256139 0.0640098375171375 0.0153057342931599
-0.0762192026643261 0.199603538406628 -0.0148912289702121 0.099206104296855
0.0369086633921338 0.232948071715694 0.0745225956746522 0.23309723669343
0.139739259675969 0.1969319618589 0.206503956598645 0.214736161101203
0.191444922802863 0.14405009260166 0.261093065056893 0.170512778110351
0.209950291234943 0.127167946954272 0.279270101908463 0.126982072377445
0.199968358163848 0.129905790826461 0.257361720685769 0.107748276038376
0.173368028491876 0.160124497272723 0.20484274458702 0.0979892072375951
0.088967046236474 0.214002205228484 0.136887946031931 0.108546570369226
-0.0286979615671507 0.190654879101102 0.0731014092873189 0.0805944339784594
-0.0818080316149004 0.137958461625603 0.0810055355397251 0.0231598512504133
-0.166190740194292 0.129874663292314 0.107566974166221 -0.0557575676888
-0.216590737005247 0.0894515783323966 0.285342986432085 -0.125818489279606
-0.0968895163423363 0.0626145429790095 0.466876202120599 0.202429038550518
-0.0461116039464441 0.0820880351050234 0.323886348742045 -0.028038301405422
-0.00553034924862648 0.0395508888317706 0.115022294012171 -0.0270517286673727
-0.032356098639229 0.0371899697637245 -0.00580589324375504 0.074386021416486
-0.00287787303217421 0.0766344970504735 0.080368135792557 0.234846849869795
0.0444668424661599 0.0793783108330911 0.229398614279498 0.241966099548165
0.080272028361622 0.0703138811823461 0.313798126693291 0.206047039987818
0.0923368131357648 0.0665325438493011 0.337378287472859 0.16490949747571
0.0888153477446254 0.0686000727676579 0.29619804744859 0.150468886810855
0.05762167881819 0.0798392446096953 0.214421800232312 0.13558411934861
-0.00488125718945288 0.0916503516423097 0.122235213404981 0.133219253229615
-0.0542190967449825 0.0396091762625009 0.0384762187998824 0.0755089382013875
0.00155429756134225 -0.00895819282701613 0.0807851742265028 0.000206099880758138
-0.00541268890311161 0.0642829141345229 0.143153071270895 -0.0585319374919083
-0.0575879457260035 0.0959459126877398 0.344919282802035 -0.111863124476184
-0.06938395973232 -0.0758638439570561 -0.383113866105045 0.0781733311192831
-0.122302126320731 -0.0275103601022439 -0.184562167107232 0.101950918725384
-0.0873809194458025 0.0694668561118473 -0.0800896096127072 0.0535506572303275
0.0176031057456969 0.0785863049239116 0.020415483193915 -0.0291268031204725
0.0445257494669564 0.0409923888107852 -0.0565956899435611 -0.140216774259233
0.0427783048300626 0.0132437362452912 -0.169246617171324 -0.165577263122465
0.0281043491820994 0.000130844041634751 -0.268853900322585 -0.169295061245424
0.0362003044898487 0.00754641322701468 -0.32245133672564 -0.169157549909086
0.0399074512303134 0.0134600622937397 -0.311954016157185 -0.179736020624168
0.0680735389075138 0.0322157987586282 -0.231053351268133 -0.193818803279831
0.0762994019534967 0.0718907455584302 -0.115182065940671 -0.183029197539923
0.0255616235403792 0.123602714869219 -0.0231553514695284 -0.0650345240547987
-0.116629722439184 0.125255004937127 -0.137164787488629 0.0291413281770205
-0.167176096650988 -0.013608385063665 -0.287400233823986 0.00435825421329673
-0.104498389384483 -0.0817429599491962 -0.423582342990232 -0.168958978764944
-0.202096975578201 -0.101996069409888 -0.345927961680284 0.0908519325288862
-0.238545599444664 -0.0183389298507934 -0.193111909513856 0.0723341362568792
-0.185888906868273 0.110167560367893 -0.109055955415596 0.0735567751085756
-0.0369630132311999 0.172655334804946 0.0244066056976221 0.00198363392361982
0.0604181859821402 0.160805350261482 -0.0216057910984511 -0.114791836354069
0.117468876214678 0.114318121831392 -0.122637202071289 -0.161691810857913
0.132623784076311 0.074417874407172 -0.228120744477062 -0.166017630214876
0.158227814346896 0.0741733066278474 -0.278932530041378 -0.158020026309224
0.159180400915646 0.0869020401968059 -0.268151052375731 -0.154881434040693
0.180068921985749 0.129307361934195 -0.198327066255465 -0.153343986788876
0.152317363882627 0.209405436776459 -0.0993418396234511 -0.137673475879121
0.0369769794016528 0.276404804656291 -0.00591413956823248 -0.0223111513992107
-0.192124228527946 0.281015070133858 -0.122559716587349 0.0739322244723213
-0.335196972958972 0.087893973617732 -0.272521937771193 0.031800843145474
-0.284437541164354 -0.0609992483293665 -0.375107516658267 -0.149842846694976
-0.317028994180967 -0.123637520460864 -0.259297557829502 0.120032313766062
-0.346355494982668 -0.0092590001544465 -0.165149098212268 0.0422387480335129
-0.284754016796048 0.144173177340232 -0.128532788279409 0.0779717194417566
-0.104758535657445 0.259802061577338 0.00694500686486057 0.0300234265307826
0.0599139164504883 0.276760293312434 0.00131435226273162 -0.0616504570080356
0.175084781644409 0.215044975608531 -0.0624636449953355 -0.121573579983011
0.218011487480161 0.146590391148884 -0.154308296698878 -0.131375506910367
0.256309420412894 0.129813244802238 -0.192121331499576 -0.122677008010622
0.255790347690504 0.141551955413956 -0.181058426434789 -0.112359369061748
0.276074227490265 0.197125847343497 -0.129605391270625 -0.101724845337831
0.227865602832366 0.311289090054169 -0.0594251487247729 -0.0844848308087358
0.0680604443672172 0.394238169899558 0.0250468539828617 0.0107621727541646
-0.217540652295929 0.409792195275502 -0.0764347867368354 0.0977160383109135
-0.438055776288645 0.193361908192562 -0.210858415005499 0.0447100107692112
-0.414304478223526 -0.0189754635637738 -0.268781371418867 -0.133551404606036
-0.396139008296308 -0.126816995297398 -0.123995131896029 0.160362710278952
-0.429074551035126 0.0142284612228583 -0.0867199442645969 0.0231179366442753
-0.359186836994429 0.183901972683897 -0.116309069242536 0.0689108261777964
-0.156716404798335 0.334134141555765 -0.0149601756248632 0.0540710871176698
0.0570444552707945 0.369236448447807 0.0163006839863749 0.015109033014454
0.212204952098363 0.29097207876803 0.00612926148185015 -0.0464873644538898
0.273615837262508 0.19936964484409 -0.0558750900728127 -0.0670954632100401
0.313846588596653 0.168149775593002 -0.076290267931524 -0.0670470125390006
0.312144381195438 0.173718578904883 -0.0654696257524005 -0.0602270612261714
0.330757222411503 0.232824994176493 -0.0331668456283576 -0.0478695853532314
0.273137532897312 0.361896405744489 0.00228019545236725 -0.0293275054558238
0.090149501727788 0.448440653334121 0.0598236543611766 0.0353039782479356
-0.204909666843243 0.468537570988592 -0.0174530330929929 0.0939145592588839
-0.462645459807048 0.259306039348918 -0.118230955515158 0.0308074513033486
-0.467796878925388 0.0256289118593341 -0.122763711464466 -0.126430691296246
-0.421179422489579 -0.103706463933472 0.0448186817269408 0.203529380313093
-0.449799076509475 0.0523293244783713 0.0302482258237276 0.0138424860720742
-0.372499962771634 0.215844417861156 -0.0702014117096296 0.0544319088289672
-0.168476563270985 0.361637107422307 -0.0298709933911723 0.0776651570577634
0.0551976306884776 0.398547809716702 0.0327036967931322 0.104878814262772
0.221546611954558 0.317307356323789 0.0792498998886893 0.0502534475388225
0.288244738913766 0.216449687326207 0.0543768392377283 0.0170723442028087
0.322356932216582 0.17960094661879 0.051170310007909 0.00064295017476909
0.317077791209922 0.179464747385131 0.0584538280197342 -0.00292356208484137
0.326999285959326 0.234121249265694 0.0675890835672281 0.0024083077193401
0.259117858101266 0.35667813226486 0.0685595745431274 0.0219454059174601
0.0782898793679949 0.420933822202477 0.0854101361387217 0.0532900972131532
-0.174969207016168 0.423212798513466 0.035305647078989 0.0703521081236234
-0.411307848138751 0.260593046190135 -0.0232406006364592 -0.00222874171107766
-0.439906679468719 0.0568443063848179 0.0344940470540296 -0.124224355735248
-0.373197474912434 -0.0533439668587718 0.217110403439285 0.230560095624703
-0.380357535505157 0.0886407740719432 0.153428535547322 0.00807427593557829
-0.295600695516819 0.210297521777976 -0.00479489069045431 0.0383821911223652
-0.132554100933931 0.31042977532174 -0.0302474054138147 0.0957478355048614
0.0509403355401897 0.343564052144943 0.0514605215525301 0.181289362768338
0.193500199890182 0.277282756292992 0.145198574910298 0.142368879757717
0.256523033894029 0.193354214681112 0.161339928534346 0.101376821461953
0.28202529148943 0.163612914982529 0.171710676797137 0.0688169206244536
0.27226539551628 0.163756353138753 0.166890941324354 0.0538967736887578
0.263548836296167 0.20710664123993 0.14740407100959 0.0500973008992277
0.183904042395952 0.298658876213115 0.115263414437257 0.0670659118252591
0.0272477075151261 0.320735347270102 0.0890228631048112 0.0679871352438803
-0.135441207563433 0.291838142548131 0.0663653596710988 0.0422592269501953
-0.302663978118461 0.200785574628647 0.0525074696558209 -0.0340546486340698
-0.344201004246779 0.0713993044908259 0.17279590868889 -0.121013220385997
-0.255544802736442 0.0075738197422846 0.359124448214803 0.230145023686995
-0.230175982829964 0.103221691504942 0.250623935644941 -0.00175995978494639
-0.154066343690379 0.146658868731378 0.061152892932246 0.0151245383902342
-0.0760633141358198 0.188726754455506 -0.0177250645316412 0.0954189576803406
0.0332498671123551 0.221639493522128 0.0688927441712194 0.223162383471122
0.130654131598036 0.187786838648601 0.193433719796254 0.206030040608179
0.181798440600629 0.138610867987999 0.24599198789312 0.16580470371786
0.199248380706586 0.122807471447768 0.264615170736108 0.124089646349714
0.188769373476578 0.125178605089502 0.243037877764347 0.105296450087564
0.163217817766159 0.153192151393303 0.191133875789912 0.0937954150037779
0.0835067702314215 0.204034938891984 0.12903186040344 0.103458167858886
-0.028915344125252 0.180858586334186 0.0686592089287591 0.0761655710622892
-0.0807739110349186 0.128082528939216 0.0766392916658083 0.0183151062733758
-0.158637485678129 0.119265151394652 0.102991195620999 -0.0515351344992935
-0.206090375592615 0.0782174387325752 0.272678821571469 -0.111478266287582
-0.090603698619733 0.0574604219412385 0.442138888541323 0.203352684937422
-0.0427538834838338 0.0759428836927376 0.307506190102124 -0.020776665810828
-0.00630835669138037 0.0367593394618232 0.109370858167885 -0.0247158568261637
-0.0319733194776024 0.0354444564976194 -0.00866293775322957 0.0715056936681128
-0.00291638627314016 0.0732323444858504 0.0747906961685891 0.22431985095315
0.0412709574175935 0.0756541399273084 0.215233333776208 0.23317678544709
0.0763228320077126 0.0674654674090533 0.296114357899655 0.199807270889323
0.0881554143773416 0.0638838079832633 0.318527431101785 0.160297924232574
0.0834360684246382 0.065134109537466 0.279886135877838 0.14608680380795
0.0528871103096438 0.0756621439941574 0.200344597833059 0.130163378663094
-0.00502462027639577 0.0883521061070011 0.114099940494574 0.125287005671327
-0.0520378394255172 0.0380204133115544 0.0355535829527468 0.0711367332505455
-0.000702947510662449 -0.0102427708876144 0.0761640565176683 -0.00285802831767541
-0.00476512713266812 0.0592995660648908 0.13644151529306 -0.0525667352033927
-0.0540276806344609 0.0880067401407181 0.327288020866406 -0.0970998822364456
-0.0662676867162158 -0.0768204084856587 -0.377795835894112 0.0587048977868216
-0.118974292620011 -0.0297182783444394 -0.184667391205038 0.0907345954657269
-0.0870238967864601 0.0659529133874951 -0.0800416048772569 0.051263775226782
0.0153381324020844 0.0767873838202632 0.0216719922554473 -0.0268230530608399
0.0417594474518762 0.040383334235527 -0.0498191545119186 -0.136735680612038
0.0406879460788531 0.0139975780654344 -0.157910004285498 -0.167496864898128
0.0270279212350312 0.00229521088833665 -0.256173918018649 -0.174958833839411
0.0351601469299438 0.00988209305132289 -0.311549153374969 -0.177124412985175
0.0386679815279671 0.016247586622969 -0.29962445513736 -0.188175761534838
0.0657610225433354 0.0346415196909851 -0.219687276007147 -0.19902080308262
0.0718544179411056 0.0712882766219709 -0.10644981284615 -0.18407183424654
0.0205006336394426 0.120637448559849 -0.0193061201477478 -0.0665077603002739
-0.11735473161006 0.119466695156349 -0.134448295309176 0.0231756645016906
-0.163958729223327 -0.0184490901576043 -0.279101157267578 -0.00832339148437976
-0.100894356219166 -0.0852029144184557 -0.407397733646348 -0.183738895516269
-0.195302288279485 -0.107913794484754 -0.341936555356112 0.0717443025843502
-0.231948471721686 -0.0256651896705733 -0.193337389936197 0.0606809624129726
-0.184195229124871 0.102557214250381 -0.108731605786801 0.070730302065819
-0.0412522323619454 0.167213953266886 0.0234416877473286 0.00366591249039596
0.0540443542417928 0.157488219826644 -0.0160048238999924 -0.110145296301177
0.110784528692805 0.114801681818276 -0.112380674040056 -0.162565253518071
0.127063155888833 0.0784639384216062 -0.217380889101101 -0.169950921162864
0.153226001840398 0.0785053682700223 -0.268262180809762 -0.164576505236479
0.153473701825767 0.0926218284634046 -0.25833634947914 -0.162295500547383
0.172841565931995 0.134046594438794 -0.189571619443567 -0.158591214557154
0.142083225289494 0.208925150749136 -0.0919978131189672 -0.138491339098257
0.0262497608682428 0.270968538605572 -0.00402378000284356 -0.0249487428544956
-0.19699207845017 0.267920364493664 -0.122502350435664 0.0664237168965607
-0.331747164291905 0.074451882624136 -0.265786922867144 0.0187218076606833
-0.277866260348153 -0.0726445143418746 -0.361819157711062 -0.162401553309804
-0.306075872293142 -0.133379229158751 -0.258923279633353 0.102593627976092
-0.337927739335075 -0.0223460133010752 -0.164713529355933 0.0323923234209229
-0.281491252829336 0.130771163844634 -0.127805276034883 0.0737785095924236
-0.110633029922769 0.249975716993744 0.00526343405540908 0.0308195075646844
0.0500702146468818 0.272353619628616 0.0052417335428087 -0.0581319464333255
0.163999380296139 0.214684107484891 -0.0557979650625426 -0.121909544713979
0.209005251648248 0.151728656600548 -0.14679998939373 -0.132843164053851
0.247290460118398 0.137197225252721 -0.185204712607849 -0.126105332722688
0.246948297555287 0.149105716621828 -0.174730618584844 -0.116806854729153
0.263502907818923 0.203622941660561 -0.123293672126049 -0.105581753797801
0.213500444225383 0.311773374287894 -0.054818506621745 -0.0845857750517663
0.0531383616508215 0.387391635479238 0.0249291581218825 0.00853286633343976
-0.227837119355193 0.392559928175666 -0.0782341942814595 0.090532001780412
-0.436649874816326 0.172800654325836 -0.205789257470881 0.0340495935913564
-0.40721635640568 -0.0369678226897146 -0.258212897294465 -0.14198047813359
-0.385065777134152 -0.139910325310834 -0.128577774254765 0.149128781742858
-0.419329637904477 -0.00233203599586397 -0.0887147806170119 0.0160702442710471
-0.357489875565125 0.168208353274726 -0.114805231743627 0.0653455559912333
-0.16478437631679 0.321752373095433 -0.0177915646503258 0.0544141313791304
0.0442446066968076 0.361823636959729 0.0176418447871694 0.017404471888714
0.199422925200291 0.291178308899811 0.0086915789197416 -0.0460845452216793
0.262367156533152 0.204909901197221 -0.0531376509992143 -0.0659502443100123
0.302694694913158 0.176233058919897 -0.0730251191221383 -0.0671376098847498
0.301040297041173 0.181324184532932 -0.0635343430274204 -0.0608245567502282
0.317697001965242 0.24007495792257 -0.0316702539826611 -0.0500512270247646
0.257224454218058 0.363187265937766 0.00393511837437709 -0.0282575259139175
0.0737905671106192 0.442877283335444 0.0581097932733773 0.0330232801152952
-0.21714267023248 0.450155951863032 -0.0208018411495441 0.0880300126759185
-0.463119784611602 0.237352684821718 -0.115656112288184 0.0230279544813473
-0.461154206460606 0.00466517933088748 -0.116094442559107 -0.127591988890431
-0.407968993193941 -0.118217519466422 0.034951148746886 0.198957681517565
-0.44053200103307 0.0330523989990718 0.0263198008738823 0.0112090739674798
-0.37118377457203 0.198273586847464 -0.0699719576135451 0.0524948057093297
-0.177820745960133 0.348200407153492 -0.034484357779477 0.0767234584408678
0.0411202172941543 0.390836031126099 0.0298565158933495 0.104939321634225
0.205738683048563 0.316823741164104 0.0759777595505457 0.0507174360684388
0.277228534845812 0.221168124998075 0.0516283459483352 0.0202308857815021
0.309939200737945 0.187071057393231 0.0504652507191448 0.00464972161298355
0.305857684402902 0.188168502486879 0.0559263384511204 -0.000460434094071009
0.312991007751359 0.240375123787079 0.0649770225339421 0.00356423632156832
0.243234781963857 0.356341576488062 0.0665450794914876 0.0242116955560588
0.0636817981076318 0.414737814003811 0.0823280215023098 0.0523548852800439
-0.186926603083834 0.407573239526191 0.0309114347911953 0.0661486560531721
-0.412778650672299 0.238228023046298 -0.0216862340000761 -0.00538292148182964
-0.433852065780945 0.0355660084367372 0.0383470058540761 -0.118687432160022
-0.362791813736545 -0.0674892908972333 0.203200529852906 0.233562004735954
-0.374406392425736 0.0720960875275552 0.148030933132026 0.0112912353788908
-0.296764934631844 0.192651495841184 -0.00544340963616799 0.0382781900793317
-0.142175210946961 0.298914815706384 -0.0355116806969833 0.0938166387741557
0.0377220823430795 0.338681700901901 0.0455884349150558 0.180816743835769
0.180836898981948 0.278184223317568 0.137664353770549 0.144039907373547
0.245125463350685 0.198269251473379 0.153336634293068 0.107150345758238
0.27151011536827 0.170630100737792 0.166100033294237 0.0745895189864104
0.262232591962874 0.170245817955001 0.160761922409612 0.0592658103856002
0.251157322829418 0.211362503966299 0.140920450894354 0.0525335400198104
0.173192814266381 0.297750590458238 0.110255415669497 0.0691028074163117
0.016260974626731 0.314268120899938 0.085615019263985 0.0670963540093349
-0.144130006260706 0.279249222248186 0.0622956791809873 0.0393797052909288
-0.303440292158698 0.183905085033776 0.0534391604027072 -0.0324958981770427
-0.339569952164333 0.0529350313922945 0.173020076652384 -0.10840576329549
-0.249033402118843 -0.00381220705983671 0.342511571624361 0.240497826057285
-0.227201267704993 0.0902907888930235 0.244161409823038 0.00656418761791602
-0.156421729307951 0.136270102948244 0.0597846816959088 0.0175472409450681
-0.082156848877324 0.181890121095491 -0.0234988994877231 0.0938429928538345
0.0251363402279726 0.218249541926428 0.0604987397330871 0.220562185903133
0.121983978942236 0.188517922318287 0.182169096638091 0.209203302933048
0.174353049797499 0.141630673248727 0.235447597214695 0.173194679497311
0.192416260274611 0.127130144802906 0.256473402972645 0.132037154506141
0.181732883900263 0.12877373479432 0.233659073283216 0.11274575426591
0.15330696584493 0.154906593210328 0.182816430393756 0.0978333629782375
0.0761718474479708 0.202146499329243 0.12138089474034 0.104187309575
-0.0343644872698646 0.176350467531134 0.0650013588921733 0.074719871371897
-0.0844835453340249 0.120872456375133 0.0729367162884779 0.0168934789731878
-0.158705013382488 0.109332738295928 0.103338299266766 -0.0464881966657192
-0.204682387711546 0.0649781042066449 0.26961484543195 -0.0951758570662474
-0.0889793812082281 0.0524659354817042 0.426835017644672 0.217343002771465
-0.0430560898775235 0.0710742236517174 0.301251261362451 -0.00782949996878058
-0.00825667794060788 0.0347880391709835 0.107857885620938 -0.0206500351347449
-0.0338952767811715 0.0340655809422582 -0.0126818345027799 0.0706937201615346
-0.00469337419370057 0.0721211661373449 0.0650229315903113 0.222154363357222
0.0386267322263285 0.0757034356334019 0.202254680131038 0.236900112375833
0.0733390262466724 0.0676048637523155 0.283491655404167 0.208446553506939
0.0845837440336225 0.0654368087666371 0.30769872986081 0.169287081512597
0.0796638357724455 0.0661026083852956 0.269384147145225 0.153846946032461
0.0482796605985019 0.0756326981467745 0.189595059781748 0.134011141879269
-0.00782932741382797 0.0872621191382218 0.105876889893653 0.124335228956601
-0.0525206942905457 0.0358307810302721 0.0328347185191695 0.0699392626204099
-0.00149569394659469 -0.011519205935596 0.0744634926607005 -0.00336324521881602
-0.00572679239220065 0.0556658770121528 0.135247668729361 -0.0456934849370069
-0.0545374415627894 0.0814881731450212 0.322971584496568 -0.0781570860248475
-0.0659941741416232 -0.0802578816608791 -0.387334207177581 0.0407643493167984
-0.119980946455506 -0.0324779074255717 -0.191943301317922 0.0832184026110328
-0.0891789360971093 0.0655016156195748 -0.0834056269506709 0.0516314885984821
0.0141110531081054 0.0783479032768914 0.0237104997425081 -0.0262687077683377
0.041211644946335 0.0426115471676598 -0.0443583399925552 -0.138507160037284
0.040122163732395 0.0147914412189925 -0.153159219576342 -0.176193063807266
0.0269787565140644 0.00448440793824505 -0.254344471569662 -0.188456659498099
0.0355583087592839 0.012029567921137 -0.311933850161679 -0.191678252920125
0.0393208514262573 0.0196615338234551 -0.299737495134255 -0.204040169111095
0.0664363022681395 0.0381765683198899 -0.216313106441272 -0.21254313798013
0.0708872636382048 0.073425978132594 -0.101575867676347 -0.191500471570387
0.0166171295795658 0.122365995279477 -0.0168519487173604 -0.0706503124920743
-0.12279503475096 0.118094697139302 -0.136962183388075 0.0179781163679957
-0.167301360785425 -0.0240050989888708 -0.281711205021014 -0.0207810958191956
-0.100818473331153 -0.0909234667443816 -0.40779497110089 -0.206415379770844
-0.196075582550905 -0.1171803286431 -0.352291024600338 0.0553488861095593
-0.23491975990853 -0.0331592438468276 -0.200139035944623 0.0522420009555814
-0.189438348037527 0.0984282279705053 -0.113511699184373 0.0705775772504283
-0.0468665047085093 0.167699345862211 0.023626847917656 0.00499786464063796
0.0501922243132112 0.161859474413597 -0.0108865540833851 -0.110409458132817
0.108907730886273 0.119764352368768 -0.107682882392005 -0.169416726214833
0.12666218458525 0.085507325635443 -0.215000537461195 -0.180127379914732
0.15394535133259 0.0861710024240294 -0.269678424133466 -0.176433676411465
0.155047958421215 0.101883391130794 -0.258477693385829 -0.175221574667996
0.171657658807265 0.143550572916258 -0.187958032073616 -0.169610516143974
0.137979835727009 0.215832743391397 -0.0889000238281138 -0.144525116177774
0.0176243835365941 0.275416252517736 -0.00192160438110013 -0.0282052444855637
-0.209959533538741 0.266199190002985 -0.126326822205143 0.0617910883451795
-0.342286629602268 0.0638778202844478 -0.269621627753464 0.00625383188888511
-0.282752269519022 -0.0867892621399638 -0.362397034448172 -0.182515556053197
-0.307804194957208 -0.148515182868578 -0.269357175262916 0.0905927545026155
-0.341996813819229 -0.0348627325150763 -0.171612861049131 0.023179461630637
-0.289638408248753 0.12353837222304 -0.132058189620064 0.0728451936329892
-0.120351991586961 0.250094176035457 0.00369609072778241 0.0328880813509728
0.0425817562434221 0.277313655008894 0.00845271326147665 -0.0572144675168529
0.159810561345939 0.222879463594855 -0.0519423268242885 -0.126267549162839
0.208818878718359 0.16296071990345 -0.1455961823999 -0.139212144693867
0.248782731989774 0.148624390854505 -0.185792173866561 -0.134348161776352
0.248828282848632 0.162231367494768 -0.175795632890681 -0.125887860110809
0.263881713365353 0.21860966227257 -0.12299632922142 -0.113818074599298
0.208584839889915 0.323357651461562 -0.052290172148961 -0.0875710273733344
0.0408266277208656 0.39603516533904 0.0263560427619493 0.00656530854287639
-0.245619151846043 0.391403768671964 -0.0834083743699674 0.0868126302809923
-0.451371858364524 0.161098674579525 -0.209619240351472 0.023696822452099
-0.415708030432165 -0.0573455985655163 -0.25932247247956 -0.155712515944392
-0.386063739125744 -0.158521120603221 -0.138775562334043 0.144447791122311
-0.425168591312164 -0.0184671804557279 -0.0938982768338352 0.0097218894973122
-0.369356738203215 0.157560092573374 -0.119351799900659 0.0640138909850323
-0.179563688871321 0.321961615747807 -0.021887456769733 0.0559616404251756
0.0332854043151925 0.369145025677799 0.0192995924198517 0.0202537892878072
0.193274757631302 0.301870971223799 0.0111145894749552 -0.0474434858870384
0.26238869190605 0.21874676853044 -0.0531420763080054 -0.067470958757377
0.305278143704217 0.190842799751891 -0.0734565546596641 -0.0694685735725617
0.302912111364111 0.197585134958753 -0.06362358596933 -0.0636213564090631
0.317449135296306 0.256426709634945 -0.0316795625974696 -0.0534672458328485
0.250648830366802 0.377507470441527 0.00514611126149288 -0.027778384532551
0.0601419801523174 0.452947615256577 0.0585704220410805 0.0329542294888176
-0.238919762405597 0.450414364272976 -0.0254300020806762 0.0853180486918534
-0.482146657318249 0.224678624601827 -0.118120381042779 0.0166336757374391
-0.472775341005711 -0.0189395119627854 -0.114402154987343 -0.134613613623363
-0.41185690987997 -0.137633024904952 0.0267376606174306 0.202465483105433
-0.449148994888257 0.0154827272099496 0.0232629167858646 0.00906369530665787
-0.38497983727095 0.186734916137187 -0.0726388429740114 0.0520268188037053
-0.194930494388949 0.349296802359793 -0.040348699168282 0.078144404733775
0.0298584854310768 0.398910188726757 0.0290353384380033 0.109190718268138
0.199897192991288 0.330032911191812 0.0763051296420607 0.0539091580585968
0.27620586085585 0.236237891815235 0.0511674759435037 0.0243206111301679
0.313175585262332 0.202748182149615 0.0512908845165065 0.00747835311878186
0.307915638358868 0.203691121924051 0.0560901894195999 0.00304816328747335
0.31225488519689 0.256840855126545 0.0651195978716632 0.00456919578642024
0.238336865874398 0.370991259325438 0.0677000185538211 0.0277367582424337
0.05062179819919 0.424862142617617 0.0833517206369738 0.053493865206781
-0.203460756957519 0.40678470068692 0.0275173276019881 0.0643739343865163
-0.430245689484189 0.227292068826154 -0.0207548487408085 -0.00797535235523455
-0.447161518567405 0.0166717687190952 0.0424651898325428 -0.118085455436722
-0.365746311101407 -0.0854433512628352 0.196878500648601 0.246532690024575
-0.382281446629565 0.0574112359377624 0.147320590508417 0.0144191642466754
-0.308684134468866 0.183778193425543 -0.00670015588685197 0.0393524284650878
-0.156619575563587 0.300460818993774 -0.0418676215173867 0.0964698258151531
0.0274227713901286 0.345417356203622 0.0421114346783089 0.185918220167615
0.174944159590529 0.290311956820887 0.135900766217047 0.152235132008176
0.245513206573054 0.210517666911502 0.152802769856725 0.116044132468672
0.273666913488488 0.182912966707474 0.167623017972878 0.0829517654830377
0.263670819736451 0.183035556033078 0.161233058719502 0.0673559321635798
0.249117966145826 0.223672863653574 0.140913718402228 0.0573670812755055
0.167379987055465 0.308763920496031 0.110145190300956 0.0744193305681406
0.0061833831618755 0.320522859431974 0.0853951852689097 0.0687145173701416
-0.157318968226684 0.277806678530424 0.0603598211472207 0.0386882055270832
-0.316605905315896 0.175618857889048 0.0564698453914835 -0.0324870998571977
-0.349500360732214 0.0368907829557735 0.180377448427578 -0.101236954207512
-0.252677982594571 -0.0155681251597131 0.339496346231008 0.259924402421622
-0.232863958540298 0.0810041822961249 0.246480186820421 0.0155931965358173
-0.16428743888837 0.131036589098935 0.059935779762986 0.020210309396704
-0.0918068941644694 0.18262120779271 -0.0293503645443668 0.0967102193079219
0.0179688003039795 0.223156669096724 0.0545625672677684 0.227695977861318
0.118156047603529 0.196137880327865 0.178753039339686 0.219895963838856
0.173812990330133 0.150119009842952 0.234121562670959 0.187305607888461
0.193040604936545 0.13611120943195 0.257863529088677 0.144994316602099
0.181216125991336 0.137806593497338 0.234861549003723 0.125060815284514
0.150621700466222 0.163365059551643 0.180627540969652 0.106018572908809
0.0716903293540872 0.208913681625871 0.120282269944503 0.109263566531433
-0.0410469734708768 0.178256585017605 0.0640244692065261 0.077081771139483
-0.0915272721023902 0.11818372682697 0.0719038818113418 0.0160037726258369
-0.165242075269142 0.103535717661114 0.107156560233095 -0.0432878288522726
-0.210148997189956 0.0552216891568657 0.278446507144871 -0.0828045587176587
-0.090690840278474 0.0483812633188559 0.427970484297167 0.241038534131804
-0.0454169913342661 0.0686704780991581 0.306399309525913 0.0052267905393038
-0.00997123853167352 0.0336525779241879 0.109761532945181 -0.0174365107211679
-0.0363058927587585 0.0340653818245024 -0.0175279484726503 0.0724803719232799
-0.00674349008917807 0.0728232606241619 0.0583371930687366 0.229085157135375
0.0370798657406311 0.0792596502187417 0.198678167764894 0.250188883553472
0.0730439501816051 0.0710537095686866 0.282967920418615 0.224146785422302
0.0850954470832005 0.068990891467117 0.31009983135666 0.183897142210484
0.0786430559651689 0.0697402728621674 0.269698353012036 0.167484085613758
0.0453767620428082 0.0785186879887838 0.186850247527317 0.143081660885046
-0.0106063296919337 0.0889828712300045 0.102383395687017 0.129216107913808
-0.0549523926801755 0.034876117059871 0.0306272553051485 0.0706480375762907
-0.00292946670558125 -0.0132768023739171 0.074604087182455 -0.00395527321969559
-0.00731884517742083 0.0543312466491898 0.140214617459764 -0.0397216738199241
-0.056861524733234 0.0794387380104624 0.330801921392701 -0.0620467601716703
-0.0700321891181755 -0.0846114932785346 -0.409494231748262 0.0346149988550212
-0.126015225764819 -0.0331793205772843 -0.203318074943158 0.0835289068299571
-0.0929893354897408 0.068994672853663 -0.0875827798972765 0.0560900036052183
0.0150455625422546 0.0812954728485706 0.025077861134869 -0.0270998150823836
0.0430601819313253 0.0451441188356717 -0.0448497297164718 -0.143211122440744
0.0415201737834039 0.0153445396235712 -0.158650355570013 -0.186044327901934
0.0284596222967196 0.00560021411657535 -0.265911050743476 -0.200940740267049
0.0376994767806694 0.0137548497679028 -0.329376360794206 -0.205227008844489
0.042119668721103 0.0230492417963841 -0.315556899469483 -0.21929239613474
0.070178850539758 0.0412563125802857 -0.227182881171319 -0.227042631580076
0.0741159285419826 0.0762921241307963 -0.104982425259208 -0.203089177009695
0.0165101320731984 0.128464433500681 -0.0160026678533136 -0.0765099236437682
-0.129836844441165 0.123532293357886 -0.14349646290774 0.0176831609532351
-0.176995903172027 -0.0248255699229176 -0.294439446796887 -0.0274045785094876
-0.106914147176736 -0.097576329987479 -0.428654141031973 -0.226274198426742
-0.206641983036279 -0.126380526931331 -0.373299748203053 0.0500056169798779
-0.246245780336345 -0.0356730275851826 -0.213194246320941 0.0501892933023808
-0.198538647869309 0.102962671834614 -0.118451609599258 0.076029641243563
-0.0489802195694381 0.175308144874811 0.0245635575056602 0.00656574385216051
0.0521434462293544 0.169356463875581 -0.00906214502095625 -0.114180630163266
0.113106712987665 0.125766490607423 -0.111022657220053 -0.179091888863673
0.134255322815265 0.0916185910140641 -0.225500583607557 -0.191419649050387
0.161981233604262 0.0932521176856203 -0.285130416962239 -0.187653878782302
0.163815519898934 0.110895406907361 -0.272833080762281 -0.187614729070385
0.181631230850776 0.154125543296719 -0.197000427601992 -0.182251120201888
0.144162369347053 0.227531467077287 -0.0917386006061204 -0.153248364531395
0.0158951351483115 0.289060029255588 -0.000786128390285841 -0.032764576062698
-0.223105253353545 0.2788595168325 -0.133764630083907 0.0619195413713584
-0.362597762093603 0.0651996004609908 -0.282854330348898 0.000729603800087171
-0.299217387246221 -0.0969859860433734 -0.380740866584929 -0.19950645046613
-0.32391131664742 -0.16018179542721 -0.286881310502043 0.0887965302603076
-0.358107959646609 -0.0396820497580935 -0.183490845811943 0.0199672023706599
-0.30503746590693 0.127492803905526 -0.139184926827994 0.0787057915112243
-0.128110010679972 0.261546781530659 0.00273124693763835 0.0360567254501691
0.0436722471980581 0.291229912188746 0.011856336540914 -0.0582430200866199
0.166856609281023 0.234659468278772 -0.0526737699722728 -0.134051307565759
0.220903637837578 0.173452902205354 -0.152831702738046 -0.147271467549626
0.26298802115128 0.159853651566777 -0.196303874800673 -0.142499143428394
0.263285578631888 0.175242680066353 -0.186424243407828 -0.134151610602966
0.278136744127027 0.233589875233959 -0.129741354654067 -0.122323940337618
0.217644216403183 0.341779149798739 -0.0542027423663485 -0.0928410590437033
0.0397484165523766 0.416544817309129 0.0282347881924216 0.00386059842848428
-0.263034130849934 0.410606215521705 -0.0889524348371452 0.0883962662750413
-0.480202543939822 0.165755857615496 -0.220341830332768 0.0193741797210757
-0.440488547012232 -0.0691799117292753 -0.272461553221807 -0.169135176424351
-0.407320849784924 -0.172628656412262 -0.149782653638935 0.148528116737922
-0.446938734490853 -0.0248333866450334 -0.102864777198861 0.00567509584926778
-0.389581283312289 0.161312104678142 -0.125910794949429 0.0683803450369079
-0.191744006059184 0.337075108856013 -0.0249771287724995 0.0603496192561612
0.0324516967025436 0.388292800361453 0.0219092975595794 0.0230521855567616
0.201939161659466 0.318952267396133 0.0125280777827991 -0.0507730597594954
0.276952454154703 0.231779068268186 -0.0565424949064954 -0.0697927569399313
0.321755153838162 0.20368322546481 -0.0775587270002217 -0.0734184106297456
0.321565722916134 0.211659647725306 -0.0682904099867028 -0.0678440557574879
0.334390242593811 0.274089064246871 -0.0337993159953012 -0.0577407713934322
0.264019966810045 0.399249244642037 0.00653122961812397 -0.0292023641770432
0.060830534045764 0.476935931031074 0.0618762544605619 0.031923237812764
-0.25484911502925 0.470268018100759 -0.0288549444042161 0.0864877827114398
-0.510787995244109 0.233408525951799 -0.123329329673658 0.0135592517299806
-0.500948450512249 -0.0277579433009604 -0.120911147475282 -0.143570900779829
-0.431557809778735 -0.151710534012596 0.0237844033727341 0.212791056792892
-0.471860128138346 0.01007469554762 0.0206011619988838 0.00657084677075288
-0.406872223576419 0.191500118276935 -0.0763957952628687 0.055265990075881
-0.210319905519347 0.366311975219947 -0.0448821258448439 0.0846654259479116
0.0268850982816349 0.420625473103211 0.0315833326936821 0.116809994231324
0.208585327840149 0.347620656367678 0.0800120490443694 0.0568369093133847
0.291312544713182 0.251017937905665 0.0528641770745743 0.0289988204261947
0.331003437682152 0.216043570828823 0.0537933542627834 0.00914791242637075
0.325823589080737 0.21834261593616 0.0590955860271306 0.00380845517632034
0.329329109916094 0.274201458673181 0.0676241360286645 0.00435328908516131
0.250387385016804 0.391327202146405 0.0717437568835324 0.0299529220121649
0.0506216090233858 0.447252158062579 0.087052766392328 0.0539612526112579
-0.219311351588188 0.426123208983853 0.0270139838884158 0.0649477693701482
-0.45576179482811 0.236058579928475 -0.0215407411579159 -0.0115094404813769
-0.472374273449731 0.0073735080140374 0.0446786339615103 -0.12223153942605
-0.385080140916947 -0.0952576483961347 0.204259720160698 0.262423924816262
-0.402990091547481 0.0534013883987051 0.151996471977312 0.0146899084878428
-0.328284563464044 0.188314985609882 -0.00711471404140269 0.0418931133298951
-0.16999474538298 0.315956421602144 -0.0473450325868556 0.103208594918674
0.0253212915860589 0.363989838440852 0.0440678232025119 0.197689042586568
0.182847079788329 0.306106399510278 0.142229586931183 0.16057008055527
0.258620405254549 0.224039627415173 0.159850376192111 0.126522949313674
0.289281091036163 0.194702040237937 0.177188264286265 0.0899617860248847
0.278826079027362 0.195069575270387 0.170726320330572 0.0732090335943833
0.262461362002039 0.238587584977242 0.147615215805231 0.0618092678260171
0.176278891867062 0.325846051671924 0.115774557194523 0.0790465140840613
0.00497922823884561 0.336955415669549 0.0896922666153463 0.070860291804319
-0.169567108371746 0.289933246424146 0.0615998363757909 0.0377224626680592
-0.334851177419391 0.181391611500759 0.0601508404345369 -0.0348840763820388
-0.369591389255513 0.0312995469539654 0.190430147034852 -0.102521177991551
-0.264430404107043 -0.0208328864383967 0.356406275884066 0.280128395204286
-0.245394917542146 0.0808830463305042 0.257629275188823 0.0185220330575387
-0.174441533153868 0.134391055037164 0.0628310241408545 0.0209081647157131
-0.0999034932654004 0.192217312578456 -0.0344136995327545 0.103403248062486
0.0170269633085615 0.235044527646479 0.0561073894272482 0.240647245949822
0.123239135337266 0.207878152587248 0.187364153429438 0.234175009699054
0.183779235242499 0.159589447306495 0.246546097668503 0.201929050401236
0.204392885685701 0.144114584020788 0.27245684647645 0.155087252978073
0.191588985177869 0.146742564678417 0.247494059666743 0.134299730660845
0.157678763242902 0.173452126510202 0.188436467216043 0.112565235654673
0.0751936321466814 0.220482852876613 0.125299144813527 0.115539126091294
-0.0441489339771502 0.187434806792087 0.0673261303420308 0.0796216342086532
-0.0990044323609055 0.121632330985239 0.0742382654441895 0.013864233982453
-0.17529730304584 0.105879863081797 0.113824567238161 -0.0444455385582621
-0.221916308067633 0.0527469118073643 0.294444833089118 -0.0805243716098863
-0.0941269709343158 0.048452946259657 0.45167201814745 0.262360081081723
-0.0469965911320178 0.0696811423178801 0.322115147606154 0.00878818317541388
-0.0113349490261877 0.0336111937074258 0.115506779063293 -0.0174441859825245
-0.0399436762063538 0.0367323966210205 -0.021245869822139 0.0781344934329338
-0.00783574923276352 0.0765534541743578 0.0593147616723768 0.242281811075016
0.0392586242663184 0.0839010914957891 0.207814930468831 0.267173604112219
0.0775877404055979 0.0753643726852823 0.297145438977404 0.240761162173177
0.0900532994664049 0.0724282638300991 0.327123557318083 0.197162115938958
0.0825115100675259 0.0736130293039213 0.284865017026253 0.180104433864985
0.0459610493993061 0.0833138435920341 0.193973703996925 0.15179783510698
-0.010740242098628 0.0947496561166738 0.105710085021046 0.135599819819013
-0.0583237541051433 0.0370822715800595 0.0319315539581638 0.0733826211173413
-0.00460434611623744 -0.0157396754535295 0.0778582593509673 -0.00683470340675431
-0.00778652341688569 0.055274511974319 0.148454944425205 -0.040118043962649
-0.0595283974240336 0.0809171020115865 0.349879399003106 -0.0583460124169478
-0.0884562367457473 -0.0809834571111408 -0.421712903408908 0.102754604739799
-0.137163996336052 -0.0170868324668763 -0.195861947954507 0.117439149099671
-0.0853576767667707 0.0866525787349018 -0.0796784240656113 0.0696085790338447
0.0285592735790612 0.0823255937353257 0.0205930862488 -0.0360615610287261
0.0536679766199534 0.0400241083064765 -0.0726716766439736 -0.142820948864605
0.0465729032639452 0.0104529888062584 -0.199417071610413 -0.171306691338656
0.0313807167647212 0.00211754162803486 -0.319407302291662 -0.16929925267688
0.0444021895672928 0.00769584083482354 -0.379125481958684 -0.163577011756768
0.0504259825675285 0.016830832384505 -0.369630911616917 -0.182859944060548
0.0828662541130269 0.0311457395432278 -0.275476256395558 -0.206137307930356
0.0909262531198868 0.0664144778350743 -0.142665503085956 -0.201326265084559
0.0357665665388137 0.130926740536923 -0.027621528712329 -0.0831979771739315
-0.113669229750175 0.15000104377118 -0.144472615328724 0.0418781467411095
-0.185352415713557 0.00184750562837737 -0.312489655866875 0.0178604421735694
-0.125417162723322 -0.0817788763524766 -0.487826773216623 -0.180510747809085
-0.24202303177814 -0.102404159478433 -0.369629633437658 0.107197629121221
-0.265487509685544 -0.00294713676107075 -0.20822440800485 0.0814271511729841
-0.191152876082202 0.137682754109812 -0.104196387063273 0.0916227931919493
-0.0261450810805768 0.190625008600669 0.028392096090225 -0.00514674943428879
0.0812365601223582 0.168757249804636 -0.0315861602948742 -0.124700850293738
0.138337141624666 0.114677223703012 -0.152438393297872 -0.176786460129812
0.155481416941539 0.0771810644780108 -0.27596055929743 -0.168769107804666
0.188022214305499 0.072235847385518 -0.330873054888505 -0.152380053514399
0.192093966740321 0.0891149983151297 -0.320718193151577 -0.156949654660068
0.215597256481067 0.13167551487164 -0.23605324801333 -0.164519764918415
0.186219497681361 0.212609878979362 -0.120791776825832 -0.152631213024761
0.0586669858952906 0.298959514300005 -0.00292096438422549 -0.0420049719573478
-0.186955097862999 0.324788940372595 -0.124126369584886 0.0860978674991346
-0.365194322342532 0.123158609071376 -0.293712111376925 0.0507171706822533
-0.325557963575781 -0.0540238756943021 -0.435793226922518 -0.157819512382636
-0.374525217777897 -0.119281306227406 -0.261659160112235 0.129533314788136
-0.385512308009107 0.00907568337571312 -0.179485462154385 0.0418371564614633
-0.300808783921892 0.17930476056065 -0.12042339373907 0.0923413631711744
-0.0974352895159008 0.292863420951199 0.0140500915941749 0.0252124958597057
0.0890620323180392 0.297686583808395 -0.000246208703523454 -0.0759517011570754
0.211505751226458 0.221164073462972 -0.0870787748149529 -0.143767142178033
0.258435252884939 0.150705505499706 -0.193482229713381 -0.13669725455001
0.304066875419445 0.12766744777574 -0.231118137514658 -0.118299993062287
0.306313858571112 0.141154112608607 -0.220317293412737 -0.11342214730947
0.328724061393435 0.20005920505463 -0.155477849219792 -0.112390887562282
0.281779573956038 0.319503796986844 -0.0712980394064449 -0.0958914869158351
0.101882639698607 0.428246982945531 0.0340031146997926 -0.0112478743254978
-0.206406568063747 0.466903878259177 -0.0717699708157555 0.105332037788757
-0.471925104921617 0.243213994749563 -0.223922758429384 0.0625891019092494
-0.468496734170787 -0.0044562432190057 -0.317091648331508 -0.138739886916984
-0.467032727859938 -0.116451931254917 -0.099456836628669 0.166297436695094
-0.477176316627242 0.0364059702555475 -0.0941209275823082 0.0105651458305291
-0.385925376712706 0.228372141688664 -0.1041497259872 0.0745425925529835
-0.154370042131039 0.382367685836725 -0.00849177620983637 0.0521103312350446
0.0909375894865988 0.399747668357112 0.0244902771528298 0.00158213691519477
0.261274447689868 0.304877333922461 -0.00683685767342974 -0.0706356544842666
0.32650818357399 0.204289018440071 -0.0766323860522442 -0.0722739796764082
0.37258807156449 0.164662617292944 -0.0953156741148432 -0.0637461764203163
0.373066925181413 0.17023644803836 -0.0838660672774607 -0.0620417171727779
0.393361216448079 0.234433730171283 -0.0444241777657083 -0.0598720193905237
0.338864626690956 0.372466883907385 0.00238605863937512 -0.0390852026037283
0.132293287321398 0.487482646943377 0.0738893282421224 0.012572969438023
-0.190157833541773 0.530308218720314 -0.00804330315024749 0.092004988293299
-0.495533767175476 0.319305475509671 -0.12142697295358 0.0418245800304113
-0.525498230435305 0.0454762166901819 -0.15233793488371 -0.132249946475118
-0.49135183022754 -0.0898990914371552 0.0975946114299471 0.20377519386004
-0.499218391524357 0.0778894446855108 0.0361384010268019 -0.00939529352374404
-0.402865859198645 0.262064917729796 -0.054845290606849 0.0496237866275594
-0.170828447233885 0.414049183317999 -0.0244909450117558 0.0802091524749472
0.0876821857127992 0.435832589187094 0.0503343357906604 0.0971889631955694
0.272194781048901 0.333415219411908 0.0818605834828183 0.0308366365648601
0.343826871665614 0.221476300233935 0.0576178302691276 0.0127681587711806
0.383186394877199 0.176912817485104 0.0561166113977481 0.00151187991817092
0.377817892940567 0.176708046048274 0.0622604729175293 -0.00601591818066762
0.387220764228803 0.23572613017155 0.0725929902667367 -0.0101667624892392
0.323845598118775 0.366550858904017 0.0802718618771417 0.0135985823590508
0.116911484850076 0.458771158081213 0.10359629421303 0.0330168887722109
-0.16112993957025 0.476494040452272 0.0451607106191106 0.0597838904415393
-0.438866461024853 0.314292602850589 -0.0180453445410725 -0.000810874589071532
-0.490261076346734 0.0760502312573573 0.0264161318457185 -0.133592090960155
-0.431677807372251 -0.0372076084900222 0.293238364597082 0.226696762939698
-0.420281575662519 0.114732547263154 0.173958488393319 -0.0217038713194189
-0.319971927313727 0.246054412244021 0.0118063272829997 0.0258588688727701
-0.136050472008021 0.355855581374133 -0.0260073729636843 0.103482762157204
0.0771571364266441 0.377687049039985 0.0777054444399929 0.182581259222969
0.236730876603828 0.293665406715286 0.166264899202621 0.13237757684505
0.306108733939844 0.197969111325518 0.190601708244638 0.0995451461827785
0.335033851622614 0.161847645183277 0.198801581338134 0.0664923458852791
0.32326624019442 0.160859636067155 0.19229968719245 0.0502576731789171
0.309998993051982 0.208983753619923 0.165197249566266 0.0384447829328392
0.235165972414659 0.310203148880068 0.13438580784439 0.0591487211441616
0.0534173171172697 0.349783857820434 0.108694685270068 0.053732302005186
-0.131090481549447 0.327398855995918 0.0743544830997179 0.0259057781072134
-0.321586673487678 0.237614770544661 0.0625575501620376 -0.0400689548441502
-0.380167998828191 0.0848610705962318 0.184581820710833 -0.13312059500324
-0.2908594299677 0.022617597082207 0.446404445301909 0.223520869629799
-0.250041120904718 0.120426082657358 0.280602072772529 -0.03149026925246
-0.166705941228637 0.166987716503181 0.0753123541257456 -0.000284483158875235
-0.0803018863748896 0.2157115982816 -0.0151001095669825 0.106949824381669
0.0478427814784846 0.243284584523207 0.0986778732647922 0.232360922496385
0.160087590004011 0.199637382212058 0.229881227151915 0.208042069963121
0.217093630151075 0.141818925490482 0.297295227491733 0.167050234499593
0.236586874738937 0.12217308192942 0.310898106203227 0.120270935409381
0.222904963830975 0.123770042285326 0.283930109907072 0.102354634544513
0.189328484812076 0.157790747425168 0.215964540371353 0.0866088392823995
0.111957717249027 0.217420403021831 0.149510699964216 0.0979333388083552
-0.0205322595254103 0.200718599272917 0.0849706617326577 0.0696871651464436
-0.0852710795399475 0.140602671126551 0.0807390617886214 0.000626005322267563
-0.166663874181467 0.134809499444583 0.115820859226689 -0.0607550896987111
-0.223170491510157 0.0833540736399846 0.299143006994979 -0.124177806014168
-0.0959006037643392 0.0682122997927841 0.530848456895242 0.195269209723996
-0.0413260720532455 0.08151825440328 0.341494477726051 -0.0450652825372437
-0.0087682088908787 0.0372069002169111 0.117659656150016 -0.0396147636321344
-0.0382958730669721 0.0440140875590364 -0.00832487537591692 0.0860618594410971
-0.000937472295820146 0.0812222083855531 0.10417287305125 0.242019452034305
0.0519319787540794 0.0819206600566985 0.26207997381889 0.244553365174144
0.0927471644826622 0.0677928055325598 0.361412015913915 0.202301170457114
0.104597528502247 0.0635642010985931 0.374682522366021 0.15551629828701
0.0965184569530839 0.0657824894439912 0.330936219545181 0.144998863223236
0.0584513661650761 0.0817047010174676 0.227229835533453 0.128843351012285
0.00260877090287643 0.101084557846656 0.131707846415322 0.124368854532813
-0.0564570597604205 0.0471461626301503 0.0455393042544369 0.0716925563887375
-0.00952147512724818 -0.0168589008282523 0.077926337147884 -0.0220525737512501
-0.000717160284176351 0.0569083398883037 0.151015140892605 -0.0644348719976855
-0.0493369088767561 0.0891183074670087 0.361998725447389 -0.108083555572767
-0.0977285951059295 -0.0740406406406067 -0.426591262035483 0.136105732212862
-0.141033537675173 -0.0039219897573595 -0.192372693073408 0.133746521871224
-0.0780685914767083 0.095823398055159 -0.0741302172901611 0.0799939253834099
0.0368332358944897 0.0806363780227644 0.0179745297898898 -0.0379817947552059
0.0589986834037516 0.0364833830985392 -0.0844955421653097 -0.137577894775941
0.0476826135163963 0.00663444032972586 -0.217031021709567 -0.157964606421313
0.0318917818246845 0.00028540253037094 -0.342414664801554 -0.146520338145073
0.0467400078814946 0.00461755283639725 -0.403724178323761 -0.134671859796228
0.0546782362730691 0.0142172707450572 -0.397038411738796 -0.155167389019274
0.0883999364810613 0.0246520893937583 -0.299713787218885 -0.188051013860647
0.098037945374811 0.0586452543184094 -0.163366779150626 -0.195643738949599
0.0478851533030196 0.130057691437202 -0.0353127220684685 -0.0849689211862475
-0.102271356114889 0.162687360035864 -0.143190636640992 0.0539519568891385
-0.189332394116701 0.0191234816152176 -0.316750881137975 0.0409579677804555
-0.137131727708354 -0.0731289174258556 -0.517320306314362 -0.146851949381454
-0.256518285016894 -0.082937218994312 -0.372795488367273 0.137045695057843
-0.270627808979397 0.0204268175753544 -0.208814396775848 0.0975078787569718
-0.181813623006187 0.156123663273628 -0.0967436499886361 0.103633904008714
-0.0096225509813766 0.195358579681645 0.0292393672940704 -0.00687944706677091
0.0982388539139855 0.164574114007477 -0.0405326171338992 -0.122958107975005
0.151185168938056 0.104796187052254 -0.169958375046604 -0.16785503146676
0.166180520157893 0.0658047507548895 -0.297613169468317 -0.148398902395837
0.199799613700292 0.0585876851794728 -0.352532316050852 -0.126994099357622
0.207671057278149 0.0759126449676575 -0.343735775938197 -0.133113193616607
0.233437134189285 0.116249838925114 -0.256837395526968 -0.149494734456282
0.208696024116887 0.199539146948957 -0.135429220822211 -0.146968014436179
0.0846882424060785 0.299352964529648 -0.00664472875767399 -0.0461362165986681
-0.162516437525165 0.347888028963805 -0.120350166748645 0.0973875372459497
-0.362237811805544 0.157899033994814 -0.296504584744972 0.0728054843602812
-0.340400460255967 -0.029056825204401 -0.462321848963773 -0.12540208342588
-0.393555034062218 -0.0898912670356417 -0.260032959292984 0.151883452199204
-0.392014709669054 0.0409215981377096 -0.184768143124363 0.0551506089170927
-0.291319975692452 0.208086097900417 -0.112960903851192 0.106160787330746
-0.0733157524560652 0.306161853292126 0.0163233228112001 0.026405309505568
0.118462467086938 0.295520525108981 -0.00397038579152718 -0.0763314243117855
0.235444604563139 0.206638303479763 -0.100592569315621 -0.140179241841691
0.279237648512276 0.130860196622194 -0.209170948425018 -0.121214191187043
0.323748650054281 0.104050936545668 -0.248262053136102 -0.0997372093788919
0.329572686502281 0.118374716918958 -0.236518531118212 -0.0965548174972116
0.355983476476408 0.176943666001044 -0.16985349269976 -0.103007747348432
0.316218760888878 0.300985786295769 -0.0802195581492342 -0.0924231305446789
0.139771297678896 0.427837826600602 0.0333417112923614 -0.0175091091982598
-0.170903706446932 0.496384206147562 -0.0657997505152434 0.11127395186445
-0.462033168280159 0.29052361283896 -0.224035506199889 0.0799631734954283
-0.483906780819339 0.0327590519079999 -0.339633982721707 -0.115466984775953
-0.487631020628732 -0.0814491661889541 -0.0909344892531531 0.176496249259515
-0.483903610463513 0.0784837089387147 -0.101127006199077 0.0169164097549126
-0.374697958737063 0.264327597189372 -0.0992304443822157 0.0867363347028093
-0.125556791316133 0.402388286360014 -0.00484787665232402 0.0557523849421976
0.128913560088315 0.401216877622002 0.0284138193054576 0.000293119491518695
0.294416593985963 0.286566253303038 -0.0130133212393762 -0.0723105152850448
0.353866677501971 0.179645801572107 -0.0842488956125298 -0.0656586165191418
0.397180540182813 0.136739868390009 -0.103372740135999 -0.056012034770127
0.399983622087323 0.142337511017409 -0.0927629040411886 -0.0553552510806297
0.425676470911904 0.206577534236396 -0.0518065428641991 -0.0590501839524339
0.37993666327386 0.350354687052654 0.000334962329274215 -0.0400308415162584
0.17863893026504 0.486932724688747 0.0756171744239728 0.00281232708365055
-0.150318569276887 0.55730111137051 -0.00292418155515119 0.0923558229279999
-0.48082131187653 0.36987645699765 -0.12109543678054 0.0506344973874661
-0.537455558082396 0.0877121605993406 -0.169457347643616 -0.120988015785853
-0.511249119070565 -0.0496867594063534 0.115408160309649 0.199808097296866
-0.503810474869641 0.120142608780559 0.0305871284223117 -0.0138904367979709
-0.388938489841168 0.301147832703099 -0.0512470238161309 0.056171139671153
-0.138910424834273 0.437844258977136 -0.0190804600708267 0.0855641924181479
0.127598639396477 0.43816665816402 0.0621904147989469 0.095214551367126
0.308454186632315 0.315387166648401 0.087163952534565 0.0236889053230703
0.372612763912116 0.196010509936327 0.0612906959355499 0.0101830386556601
0.409937530321717 0.146820894239737 0.057850804876044 -0.00213618066082215
0.404519425419883 0.147408721903675 0.0629996879920041 -0.0108695737639236
0.418789385702355 0.205913830679753 0.0720050926400256 -0.0179884942475094
0.364495430910853 0.344718706481754 0.084735288702059 0.00646123075599168
0.15976486670643 0.457871865833895 0.107549538538333 0.0221166689524013
-0.12474005994781 0.500049312139777 0.0481099660105378 0.0544663622132973
-0.422060253313656 0.359675844150251 -0.0197383075049031 -0.00187783493515749
-0.499588222934557 0.115778520795407 0.0153630747712899 -0.136501553663176
-0.445475135819732 -0.00355396855424803 0.319268688400865 0.207542738701784
-0.420194869023473 0.150479498453035 0.17092596791726 -0.0367532577758329
-0.307010277082791 0.277058463841155 0.0141522710469774 0.0256000332900025
-0.10979240635582 0.375576094154418 -0.0187831938697226 0.110133212988199
0.111642793198756 0.380620247412039 0.0959450818820919 0.180650162442412
0.270392618640001 0.279848731351803 0.182057732364844 0.120985276584396
0.331758723577672 0.175627693394156 0.205796043563086 0.0870020395140136
0.359318051468657 0.135311570485614 0.210745657438396 0.0520927693983074
0.346639308396162 0.135668535390421 0.20171144197557 0.0350328456485283
0.337259427684317 0.18641700749092 0.170865038175311 0.0242877206505744
0.268555430346971 0.295618810541828 0.143869933263972 0.0485020300049273
0.0848400728975787 0.353097134631907 0.11407120958387 0.0432474412217851
-0.107278370548628 0.343218352877999 0.0745485323655936 0.0177197834819306
-0.307216192695068 0.270683215549724 0.0596443673199629 -0.0480298908563837
-0.383620547138882 0.114968037164721 0.177862851944819 -0.148153504915258
-0.295297087433177 0.045113316996379 0.477247635498894 0.192899502954171
-0.245569670285255 0.141662559761143 0.282049109663424 -0.0535600267746228
-0.157677396009433 0.18250928568965 0.076402399352266 -0.00621873469660414
-0.0651868280278334 0.228257623073865 -0.0077824102501062 0.113045273459955
0.0698784734364296 0.245898573621364 0.121185404382597 0.229974926443985
0.181759252433684 0.190036165909066 0.254101694114102 0.193038064496001
0.235224139116235 0.124989978191138 0.321488736390417 0.146268561315461
0.253943191215012 0.103672831672829 0.330490223848752 0.0964836583804238
0.239103528461644 0.107163179057333 0.301350657220605 0.0799467479280364
0.207392188902913 0.145148510553785 0.227156971674376 0.0694808910926713
0.135491545334019 0.21233332622332 0.160923818403026 0.086270513560284
-0.00376318609673085 0.207154948778028 0.0922104808105398 0.0624560344701044
-0.0774964941749767 0.149176164764865 0.0790175026388855 -0.0094266277937403
-0.158717084669733 0.151067602107581 0.111814645984067 -0.0726331369284131
-0.221971975922164 0.101472863563585 0.296190900751785 -0.148187784099453
-0.0919584662130728 0.0756478295139378 0.562916432465209 0.156697395738417
-0.0350266021115121 0.0844663296556601 0.345134418343054 -0.0725231072102661
-0.00690308913717435 0.0371906079732309 0.115527046347001 -0.0502474632600099
-0.0362947773064977 0.0494995897474414 -0.00220458808832548 0.090284916976611
0.00619314901773805 0.0835049588817549 0.126896762436187 0.239637243867137
0.0618294357885217 0.0790226308380904 0.290656951520057 0.229147782001293
0.101499102922317 0.0606435061609936 0.38925964136308 0.177643114214074
0.112951387650683 0.0551681878944615 0.399835036003325 0.126058321289095
0.104268206371472 0.0580366963622728 0.352438237041359 0.11963393584501
0.0665964552500909 0.0794342762419347 0.242231492722716 0.112524779344649
0.0126391611296634 0.103060549756283 0.143664537240805 0.115080012726936
-0.0541124179674655 0.054293443608461 0.0520585781023753 0.0682933776496417
-0.0131828466628353 -0.0175994125580499 0.0753309762921144 -0.0314981403567018
0.00392061217972899 0.0566469788373377 0.149742482525251 -0.0779898388768307
-0.0429010785582321 0.092717577709189 0.36231896824855 -0.136497997754571
-0.101580072772973 -0.062464003576972 -0.407675401629324 0.161595789874397
-0.135868882128937 0.00861607468464579 -0.178518204979185 0.141835440726963
-0.0667806164653148 0.0993359259956794 -0.0635413658273314 0.0846868284733542
0.042278590899654 0.0740641557490535 0.0149432545318183 -0.037602282968611
0.0608242355081846 0.0296299242088301 -0.0905627558606383 -0.125200355573771
0.0456824646705474 0.00288772899620718 -0.223114444017528 -0.136347779709246
0.0309645406090907 -0.00140227540448801 -0.345463786032259 -0.115202884388373
0.0464309788925001 0.00152921478967346 -0.405492590620119 -0.0987595873326193
0.0568253328536513 0.0102812303903012 -0.399474301668621 -0.119157129457448
0.0883383071562028 0.0163139843856423 -0.3063696616883 -0.160108430162159
0.0986702034629531 0.0484417278355496 -0.174360153597939 -0.177859818453017
0.0561439282402871 0.121461520105135 -0.0412582619752569 -0.0827469382959013
-0.0852992086756963 0.167089552546892 -0.134034865671376 0.0629046569044568
-0.181923382545473 0.0349139991771932 -0.303785217327394 0.0609587147229589
-0.140907385656823 -0.0600727355903134 -0.516219536960269 -0.10640309262638
-0.256474455223804 -0.0596660209271585 -0.356265343883615 0.15956526273942
-0.259632198899901 0.0423083067365742 -0.199474625336177 0.108224395995387
-0.162924126915488 0.16527122615613 -0.0836881292930344 0.10976336696719
0.0067522461891253 0.188569577335298 0.0271460867231761 -0.00805403750371438
0.109511035020407 0.150928354890147 -0.0464647293977943 -0.114749047186653
0.154254003596117 0.0890270848228725 -0.178048830687555 -0.149798569964836
0.167081911170116 0.0506920455747864 -0.300854364264325 -0.120008940068647
0.200483381343868 0.0413120414297395 -0.355232598501783 -0.0946506747050287
0.210243934503566 0.0576820017574547 -0.346542325773454 -0.101348124268743
0.23800440307016 0.0945286396604485 -0.262732602678927 -0.125866134742464
0.218088009183829 0.176263931023399 -0.14284516910843 -0.132947316789317
0.105280846965298 0.283221410357752 -0.010959414668827 -0.0477943391257653
-0.130538705260872 0.350522393539035 -0.109487475976155 0.102536333100985
-0.339387917668406 0.183240161109713 -0.282296985097328 0.0902168677306734
-0.33619264772291 -0.00330674107498978 -0.463225754790334 -0.0885622084554557
-0.389938248476839 -0.0552502079725508 -0.245214258781641 0.165393188616983
-0.37674414249705 0.0717539646262598 -0.180709754446582 0.0663725331915241
-0.265918540655087 0.223742742159799 -0.100011441630101 0.113223914393821
-0.0465108925018034 0.301846021770089 0.0176796257972855 0.0249806265793419
0.140100689687956 0.276423553820057 -0.00702910659727929 -0.0737642568886088
0.24529036803581 0.181165994567243 -0.108794048606872 -0.12873890023457
0.281882248611771 0.105083521140789 -0.212570247980753 -0.100260500100288
0.32480351598968 0.0755812266515244 -0.250377932502129 -0.0762890129103847
0.333051188192893 0.0892603178144534 -0.239433579483657 -0.0748197376709858
0.362604798890147 0.143419791942832 -0.17494311110183 -0.0884533932825753
0.331865038019035 0.265895157824969 -0.084165045750476 -0.0849423359950137
0.17007056842532 0.404485737381194 0.0295744423917821 -0.0232283427425208
-0.127822282679284 0.495587221002121 -0.0571619010237797 0.111621367371683
-0.427211458652779 0.320490989891452 -0.212564760459066 0.0921091513954408
-0.470985515594681 0.0666598248813975 -0.341915491718691 -0.0861421082326806
-0.479867824435418 -0.0402694372798503 -0.077836245162499 0.176884597216503
-0.463691345801561 0.112182735109359 -0.10353296304978 0.0234892301890728
-0.344055243963388 0.284377217007928 -0.0878233915953763 0.0934829677724095
-0.0892932957710462 0.400150448602337 -0.0010272180332205 0.0557664475979611
0.158810468550983 0.379770265559663 0.0299999110432979 -0.00210677565214521
0.308760377242307 0.252787200617837 -0.0181419322287214 -0.0704295158937437
0.359514197478426 0.14482994556291 -0.0864492681878781 -0.0555300034760844
0.401041758491095 0.0995939603596505 -0.105631875132654 -0.0455199841642683
0.40368350983585 0.106154272737707 -0.0958287008489016 -0.0456148509180697
0.433460197172837 0.166616132987528 -0.0567050269229961 -0.0546891699278232
0.399858533016953 0.307621340027042 -0.00138169444349961 -0.0395080899273093
0.21268398253085 0.457918270907574 0.0724022076584834 -0.00645660164874513
-0.100983633256925 0.55275636434745 0.000819872666963842 0.0879588980888856
-0.437268920610802 0.398022080144525 -0.116267980142143 0.0555889184241196
-0.521576747620554 0.12313268444005 -0.175813675797861 -0.102805562965397
-0.501764921217294 -0.00977282257655172 0.125988605024096 0.184760886369376
-0.480558352638661 0.155108399675778 0.0225189546046467 -0.0154485347695126
-0.356680034844867 0.319856934384449 -0.044580692234009 0.059370423174164
-0.100837627909759 0.437821111580485 -0.0132280842986722 0.0873621473442606
0.160616658943483 0.415649283959861 0.0700198063924109 0.0874747615395667
0.326255595639137 0.281197995471122 0.0872432873469185 0.014792715697298
0.379808084455987 0.158625500070709 0.0624759602645838 0.00645365839714547
0.412079580681169 0.109764520417514 0.0571260915972909 -0.00641279409781226
0.408352630821372 0.110301085958601 0.0600578682975507 -0.0156742295427023
0.427543785824002 0.16628646009217 0.0671378402742483 -0.024461305635036
0.385811990658194 0.304249848272095 0.0846846665819155 -0.00193381579460403
0.193382720255945 0.430743581963739 0.105358751612901 0.0102651398542001
-0.0821464470741495 0.4948267850732 0.0467529166818347 0.0475929366829537
-0.380668826796276 0.383162137520915 -0.0208588095758174 -0.00205861711345588
-0.479100024969282 0.147944276765027 0.00322307516359378 -0.131466623754767
-0.433194782402182 0.0292823492905387 0.325905931824056 0.177607078102819
-0.397649614726457 0.175131796295489 0.158835906445655 -0.0471439419824354
-0.278997644757317 0.291025445677311 0.0162948533104841 0.0242538198813319
-0.0788134920968701 0.374958146274597 -0.0104846179791965 0.110812437635351
0.138507117277917 0.360779198878865 0.109219062046385 0.16800199780967
0.28592020603452 0.249361703704844 0.187909586214411 0.102505558113285
0.338978632232471 0.142820893911222 0.208976653519862 0.0691113875817094
0.361311089275187 0.101700887670044 0.211139090483951 0.0337315902281382
0.349822380677779 0.104304238150925 0.199395746234631 0.0168877543348733
0.343636225013697 0.153573435993232 0.166392605689248 0.00902907165005975
0.287557057125369 0.263303306804308 0.14432331863159 0.0343687075378836
0.110105187284142 0.335494930187672 0.113748895435617 0.031567535689936
-0.0783177583034061 0.341639656574807 0.0697023252882587 0.00964534695157865
-0.277917326314029 0.287059549524296 0.0529092385490287 -0.0525206517225266
-0.36666416113348 0.138667802440584 0.161975416086621 -0.155172196442887
-0.284150785447801 0.0640142051783628 0.481677595183915 0.151095974401134
-0.228631172656127 0.153506821082342 0.267362494490802 -0.0718884139258267
-0.140635138310796 0.188056948372621 0.072980482324814 -0.0112641420468594
-0.0459528434522903 0.227982561548121 0.000488991562152032 0.112876366497962
0.0877477777167178 0.234096590126036 0.135774049264807 0.214070968424046
0.193661331001629 0.170149157597684 0.264062328691723 0.166656866272583
0.240427971931678 0.101792038287272 0.326485844308226 0.117505208274625
0.257318316220718 0.0786180308804583 0.331938409750272 0.067491840022821
0.241947251525705 0.0846611179437566 0.300475843977565 0.053761118870889
0.214115446746192 0.124087849272533 0.224568497409439 0.0498954832471261
0.150047440159749 0.19425883210592 0.163263156719188 0.0703123568840789
0.0128877876461525 0.202265215677534 0.0936544665319125 0.0520780165099913
-0.0657166812520931 0.14976769279428 0.0720232741090033 -0.0165532535750832
-0.142050141307122 0.158361057901633 0.102915296497075 -0.07870347941112
-0.209113854898477 0.112540649615818 0.278876226061412 -0.162824520412701
-0.0831453592716438 0.0775072483893259 0.562791616632713 0.110292411813632
-0.0279397194628794 0.0822064631744246 0.329884093917346 -0.0947650309024108
-0.0048937424086809 0.0360818861014164 0.107216437641398 -0.0568739019141286
-0.0314618847262305 0.0521240267719976 0.00351832755703102 0.0903635446339287
0.0127538147327242 0.0810297749974079 0.141013965525855 0.224275083607979
0.0672573899024254 0.0716227962628865 0.303149754967805 0.200040861338303
0.104596868928751 0.0496417148310092 0.396280806778948 0.14154744339979
0.114703562151924 0.0432885035710488 0.401617889139014 0.090832792093837
0.105839996661464 0.0488480785727269 0.354198069900929 0.0869102174893067
0.0709551374159677 0.0726183087639165 0.243009265959622 0.0900414419449579
0.0224663266545079 0.0992350600072949 0.147825471864359 0.0993783516727563
-0.0484710092055531 0.0581510137853072 0.0552832310033898 0.0613513552387505
-0.017199490927875 -0.0164316079786639 0.0676104636711222 -0.0382530120714065
0.00784800682738781 0.0529679027931824 0.138956086165125 -0.0863995689124041
-0.0342474221185455 0.0904296824743067 0.344709283026339 -0.157172509212486
-0.0986852931403954 -0.0535962331343993 -0.383071792734332 0.166583488442335
-0.126916158445338 0.0153770290480854 -0.166878118395744 0.13873201575844
-0.0583014820089082 0.0967456226612657 -0.0553993043231191 0.0830998756230522
0.0438560539061828 0.0671607489730198 0.0129457089010715 -0.0356795197753182
0.0592471181437216 0.0246615408723958 -0.0883665902544846 -0.113458600779285
0.0426220954459983 0.0017246062855809 -0.21689071047829 -0.119972687928206
0.0287628176907396 -0.0017864917831869 -0.332639449877393 -0.0955289176907656
0.0447587356709871 4.47184270807761E-06 -0.391234795791439 -0.0762117548040889
0.0560634750995001 0.00775716161327372 -0.386599153071882 -0.0965451339973796
0.0850104817477664 0.0112540738393618 -0.298928309331971 -0.140632742221114
0.0938368472992926 0.0415596811839534 -0.173204127081276 -0.162958093134186
0.0574473666935376 0.112811146471937 -0.0424490774926666 -0.0786763949878348
-0.0727001920377531 0.161356997055751 -0.123663327786093 0.0638440299174842
-0.17046412383457 0.0407607669871888 -0.28497259066596 0.0658506213560299
-0.136722561767472 -0.0511041740875739 -0.498005275982479 -0.081937154369926
-0.245377618746025 -0.0446584079484164 -0.336071361775073 0.162030058013473
-0.242778863204134 0.0512352405807298 -0.188791408967265 0.108425185062936
-0.14667641368854 0.162397100987584 -0.0726977125464545 0.107470430053265
0.0147028699875944 0.176858965683189 0.0258117370447268 -0.00798403398468675
0.111271827105317 0.136773761170372 -0.045790553321109 -0.106334379566828
0.149271313971234 0.0775804186090827 -0.174260081181325 -0.134566176163302
0.160280301653351 0.0414903528619713 -0.290595374919986 -0.100911005466563
0.19291700832746 0.030903743912781 -0.342696499406462 -0.0751871662794229
0.204694054434131 0.0465163255030481 -0.334968649178328 -0.081546794588473
0.230605741642028 0.0796446649652114 -0.25533108480098 -0.110457409201047
0.213583100074357 0.15775129248823 -0.140306475011438 -0.12149920010359
0.109829896109025 0.263513584011677 -0.0132180825307216 -0.0472859403984208
-0.108669312259799 0.33737669674646 -0.101221763832748 0.100148483107136
-0.313985396212068 0.187282242472018 -0.264686119120318 0.0933173300938318
-0.322011316445878 0.00949515520504217 -0.445093038213718 -0.0678754805732409
-0.371843294368159 -0.0361395598720921 -0.23064196033583 0.16495032845802
-0.353143268883143 0.0833985857203401 -0.173833158027247 0.0687242213120648
-0.241990541883417 0.221640825697838 -0.0882407637093702 0.111413296473159
-0.0318185871431226 0.28714985462695 0.0180643365003491 0.0240180539329302
0.144859508186572 0.254157582326381 -0.00727701282701529 -0.06939667275015
0.239499596754393 0.160015135469026 -0.108571886857892 -0.118910485616718
0.272738072532774 0.0872153354675887 -0.205097884309008 -0.0856890348149121
0.313577145184944 0.0572928480048287 -0.242106561705903 -0.0617090382645792
0.322508969819841 0.0709818202889183 -0.232176398227266 -0.0609050171409867
0.352210148023635 0.120111162349434 -0.171586086403154 -0.0781230440753736
0.325374417928146 0.237988760156154 -0.0825669403311927 -0.0785670299610834
0.176207630947805 0.376449377862154 0.0258752992075239 -0.0262632923341094
-0.101405166382829 0.474110799501194 -0.0521391283740214 0.106629617133502
-0.390866497741523 0.320869145933456 -0.19923235995434 0.0922932012201431
-0.447830020428314 0.0804026802596004 -0.329880057690692 -0.0669740014773595
-0.456091851720627 -0.018419445220637 -0.0703712842586443 0.169533963262323
-0.434064511612512 0.125960813552405 -0.102946497848021 0.025878848223734
-0.314536280699724 0.281592264289165 -0.0787419886394253 0.0922176834982974
-0.0678520656076446 0.382293403977603 0.0008389436051363 0.0543259083611378
0.166508614901805 0.351145641624265 0.0306243833351569 -0.0030716267443418
0.303541310234462 0.225415028890059 -0.0195311405024242 -0.0672921488521922
0.347288185910272 0.121167463385038 -0.0830187385614561 -0.0480891953419377
0.385701899984401 0.0762853900912295 -0.102373774793458 -0.0379224078239465
0.38948740150532 0.0831295632018623 -0.093835408374925 -0.0388079818615623
0.421021513291616 0.137797914056323 -0.0583787770387018 -0.0507411645372503
0.393118235293676 0.272750517962708 -0.00111074560436668 -0.0399802726037963
0.218724662257704 0.42567354511328 0.0672612955579943 -0.0116167042502661
-0.074995220391271 0.52812970176304 0.000998777110685941 0.0810782820267603
-0.396827522262522 0.3944207337429 -0.109802259419603 0.0558732017739983
-0.491815513480678 0.136354395136457 -0.172799435407145 -0.0883989620094638
-0.474862085017129 0.00882864364914268 0.124407296950784 0.169764077906112
-0.450192345091523 0.16549164362404 0.0149170292909984 -0.0150457884993869
-0.32673755876226 0.316348948192037 -0.0391978352306161 0.0584124225793312
-0.0779969532665756 0.417618011455904 -0.00966770322679437 0.0840775458796884
0.17105311321798 0.386511862083123 0.071024942179128 0.0792558589166735
0.321249499499295 0.251045329312095 0.0833112220445614 0.008569198829642
0.367894794146163 0.133595460240524 0.0605052735004976 0.00400116261608706
0.39786951407723 0.0860973517117963 0.0551518507519347 -0.0084552547247973
0.394054936738427 0.0864360985302023 0.0566616453431015 -0.0173195326638651
0.414146983188641 0.13921355433695 0.0603996495931737 -0.0269828157720888
0.379498743076085 0.270244197718025 0.081379295865033 -0.00731186878036952
0.199941745687849 0.399562021184036 0.0984272071572963 0.00276800443820577
-0.0602901487456772 0.471316764552837 0.0421496623716684 0.0417281633559685
-0.344571440721279 0.377798352018116 -0.0220707631424253 -0.0021757878585651
-0.453895059734372 0.156929783456379 -0.0021743771557374 -0.121292599293255
-0.409683349410285 0.0426079463000771 0.315888446700686 0.155640812829085
-0.370227581288249 0.179768698307729 0.144443362038118 -0.0487515151200068
-0.254700063106685 0.284247578380552 0.0160661216481674 0.0231386649514475
-0.0604512492652138 0.359392657412078 -0.00647241514389331 0.107151008828953
0.146560740528199 0.336167919083054 0.110523695068775 0.154263600203255
0.281349412825131 0.222702847750836 0.182917451428113 0.087769143953985
0.327965685383891 0.119517116449123 0.202658853152915 0.0571264569549518
0.349262778199902 0.0790762649634576 0.203306176449023 0.0224700542565976
0.337626206373381 0.0836362370044346 0.19081201918016 0.00774296588098195
0.334924684888415 0.131017135836649 0.155755436650457 0.00110789185669302
0.284537768701851 0.234750547689268 0.139163368246872 0.0248097304806865
0.118145067943253 0.313416470966773 0.107987608388995 0.0232954764685283
-0.0622247527304094 0.325652698983908 0.0618232205509116 0.00520225139318713
-0.250597641113418 0.282019097047038 0.0459183583638709 -0.0515914956506827
-0.344496043168425 0.142829832497263 0.148668971599452 -0.149840050995154
-0.266587836472522 0.0698756297083594 0.464426949799439 0.125385437873829
-0.210974580097882 0.150960339149318 0.248595412060723 -0.0763233573135984
-0.127235407298257 0.180925186368592 0.0678176213941784 -0.0130674474274763
-0.035712861201057 0.219622954623583 0.00408526161759454 0.109044871367054
0.0930458644989607 0.218805741253415 0.137135827844642 0.197983417230549
0.191183383899804 0.151906519994293 0.258642517113742 0.146160812853243
0.233455589489117 0.0852860750843544 0.317184933645172 0.0971792201069904
0.248348025762299 0.0624737477079733 0.319983116784163 0.0498714199034989
0.234303281538161 0.0698125292836103 0.288705229321645 0.0368215077272666
0.209049923966611 0.109289122262051 0.213639514684003 0.0378631504531894
0.151872845885603 0.17617717892396 0.157660767243731 0.0586523399919224
0.0207499793225829 0.191459769746574 0.0902154582325965 0.0434706569285028
-0.0585344959073287 0.144127952998637 0.0638187224942075 -0.0193634406470894
-0.128431232465807 0.154291335932795 0.0933495910951455 -0.0783155930824604
-0.195128167695229 0.111523940832602 0.259655065457452 -0.163030513210268
-0.075838324747957 0.0746993435962379 0.541067309431164 0.0821002536413139
-0.0245596327156403 0.0765996144199733 0.308900620102216 -0.0997770540783485
-0.00472699273985129 0.0322959867023334 0.0986500125663061 -0.0568050876807153
-0.0283126157215906 0.0514759288762295 0.00622507111966693 0.0878151327605054
0.0153789512680019 0.0765272530368859 0.142272989288574 0.207419763052912
0.068058283323926 0.0637013423233219 0.297400812714343 0.176090638731166
0.102063132319554 0.0410997728888114 0.383765163026006 0.117793123182441
0.110975138689594 0.0347179330224857 0.387660196629575 0.069509451786543
0.102185003737104 0.0411080793562176 0.340839553668214 0.0668029178129071
0.0708319437380879 0.0667138243527728 0.232748298025465 0.0764339119405625
0.0267035978870851 0.0924548584580834 0.142579358859169 0.0870845848124783
-0.0427223201038913 0.0574396513294388 0.0538795349142619 0.0550507471179638
-0.0195905794900752 -0.0152440234044709 0.0591297661936744 -0.0399585095544599
0.00908791700533898 0.0482565132703937 0.128384055700369 -0.0861447228868143
-0.0288277307193048 0.0841928521658924 0.324107935548425 -0.159093754600901
-0.0942270147668355 -0.0494304936770448 -0.373433883290763 0.157773966459342
-0.120264252553335 0.0165159572327583 -0.164054453776969 0.131835951194983
-0.0549790992119764 0.0935455790493357 -0.0518776632951113 0.0805978111119403
0.0420524179556037 0.0632430204348873 0.0127475085365683 -0.0331617155038211
0.0575305563053039 0.0221760674980139 -0.0828587622024346 -0.108246990023885
0.0405976947350764 0.0025488272179903 -0.208257397560202 -0.114075884779567
0.0276494496977196 -0.000779796018784716 -0.321223316687565 -0.0906400289595264
0.043371060582229 5.0182637424203E-05 -0.377947893436616 -0.0730646298046973
0.0552851135838991 0.00731103018399411 -0.37314770058665 -0.0923302785777806
0.0818995463362094 0.0102405750920459 -0.288552296786047 -0.136252170840194
0.0887061982583219 0.0391721905699612 -0.166822011483328 -0.157318034913963
0.0545464768545217 0.107572177794341 -0.0415162579368595 -0.0782761862883359
-0.06865507255597 0.155216720689908 -0.118157523256575 0.0600489634048087
-0.162771123945904 0.040454988657196 -0.273769934931099 0.0600662880037992
-0.133087430603067 -0.0485295752753851 -0.481779236373358 -0.0809941603207777
-0.235639419797603 -0.0415405258631344 -0.327291648783218 0.154237231423979
-0.231400517385636 0.0501484618324667 -0.186319360161048 0.103221655462579
-0.1401305580052 0.155920581346525 -0.0681713000189012 0.103580425842965
0.0148256687792644 0.168585148485857 0.0251830327924151 -0.00692525884422383
0.108093888764984 0.129926017483941 -0.0424981828182573 -0.101334899851794
0.143441023625033 0.0743580121974624 -0.168024053990904 -0.129464883963453
0.154377578105354 0.0401574827059902 -0.280202278920598 -0.0956013765381283
0.186984617983424 0.0290839902199563 -0.331426963520385 -0.0706910404896199
0.199516457676575 0.0439553617549636 -0.32414727394457 -0.0770283616512776
0.223447984841255 0.0759247261573524 -0.24779922745521 -0.107604160367155
0.204254404273 0.150403412422506 -0.135057441120984 -0.118170076047211
0.104336262803026 0.253132652017607 -0.0134846885040947 -0.0479019071197499
-0.103866191452721 0.322985533182736 -0.0978316690830949 0.0950812274853369
-0.301842774335453 0.180400042308435 -0.255471447405349 0.0867028533253898
-0.312973461684097 0.00858345478443767 -0.431321524186044 -0.0642460528569947
-0.356070164158361 -0.0333487001528693 -0.225148714830646 0.156712126741487
-0.336504175077476 0.0812920284068484 -0.172278541293689 0.0657218643895144
-0.232551160378215 0.212303902195014 -0.0834673478027007 0.107397909061469
-0.0296633589334043 0.274764289056673 0.0169873862771626 0.0242816897034167
0.140943347055697 0.242303853793504 -0.00462200788247597 -0.0665483058367669
0.230461874010939 0.151898357812945 -0.10466449703784 -0.114886862447829
0.2629201343547 0.0831194473295282 -0.197187954994314 -0.0806152206587849
0.303605246940483 0.0539442864701834 -0.233757436260831 -0.0581658650829304
0.31384442374601 0.0675411177841279 -0.224935465351238 -0.0573936841978522
0.34138252126007 0.114727702985115 -0.167380707558059 -0.0757750161096055
0.314556223698426 0.227144885034558 -0.0776616278760919 -0.0770647171431486
0.167931222489968 0.360700243320289 0.0232450904532378 -0.027628030579796
-0.0975754349550026 0.45500697383145 -0.0525606543186759 0.101158870578698
-0.375615644740444 0.308832926856564 -0.193217169393918 0.0871894800664984
-0.435213613419063 0.0768095456173488 -0.320291852575844 -0.0632539191814145
-0.438791500024766 -0.0173862304594141 -0.0705474032487998 0.161741090278148
-0.41558726817661 0.119927991194184 -0.104674366103683 0.0260837712105548
-0.303288505826769 0.270346031564375 -0.0748471256023161 0.0890003522646558
-0.065984411641513 0.367635058785956 0.000224334690161215 0.0534686937016574
0.163056084755562 0.335448372937666 0.0307065540622868 -0.00367547262599594
0.292832188536843 0.214616681027596 -0.0198506805190737 -0.0666461498182495
0.335065399658678 0.114877142876647 -0.0791835897222411 -0.0457073236831612
0.374348804224562 0.0706113364788631 -0.0986344872062977 -0.036150402895648
0.377964809273085 0.0786041202330563 -0.0910780013919101 -0.0373649159786789
0.408258340996903 0.13063675221558 -0.0584986719076711 -0.0499092926520308
0.378751163336217 0.261170204337503 0.000354624658390935 -0.0404726921486443
0.209995085039493 0.408000525399738 0.0629432095988136 -0.0138970249308609
-0.071231326305275 0.506939201325324 -0.00210051795821705 0.0776834546355866
-0.381195735843274 0.379772774980598 -0.107200065747479 0.0522203462878877
-0.47824903397002 0.128594254510068 -0.167861344090523 -0.0820539316410249
-0.454913130274969 0.00899400376539114 0.117643186248756 0.162418292140224
-0.43170405485503 0.157543467544006 0.00931457405015825 -0.0128813477487486
-0.315321414898465 0.30240459579404 -0.0373036423811478 0.056515205422536
-0.0749546297331841 0.403791323317078 -0.00999017350331326 0.0826639906339528
0.166593093870157 0.369708273248 0.0692697058553136 0.0760177292325894
0.310084067566355 0.238050320150494 0.0801562480365319 0.00630654756281068
0.355577421623545 0.125900299910912 0.0595472349375704 0.00418606187590153
0.385594803789371 0.0778521761296697 0.0537619091516653 -0.00813675433428761
0.381440353601722 0.0822773380086368 0.0539990066653593 -0.0170943389215803
0.401568936528852 0.131933691928067 0.0553780289495854 -0.026625728865982
0.367234466120114 0.25504921011773 0.0794031138956299 -0.00964643949580407
0.19288117266258 0.384539403717194 0.0934338990721331 0.000812285599493065
-0.0574304689360561 0.452706141614585 0.0365761795971469 0.0395911699927635
-0.330654978791808 0.363325859428532 -0.0233685296616809 -0.0020874058039007
-0.439952165971695 0.148236270809875 -0.00279646399881735 -0.113327681869965
-0.392667961046202 0.0396965667410672 0.304149394294435 0.149177798446653
-0.356177416179551 0.170875938131343 0.135400488031548 -0.0453239219849341
-0.2463733887434 0.272019105885283 0.0156536803243592 0.0227076659708561
-0.0578042724199261 0.347329542053433 -0.00722019839555573 0.104803487447057
0.142703631290645 0.323164406422677 0.106260210547551 0.14823186381576
0.271445643753845 0.212462520833328 0.176684204914158 0.0816961199605529
0.31714219344993 0.113292997399187 0.197181067203704 0.0543219511465554
0.337551601599709 0.0738594276577689 0.197727215333808 0.0207833383964792
0.327003773767921 0.0791305191802344 0.183994149185316 0.0066870168315792
0.324030025490748 0.124351119167607 0.147849469004444 0.000804786392243055
0.276234080638205 0.22316085213 0.133684866168319 0.0209862524958127
0.115210940628045 0.300863375505985 0.102598243020421 0.0201825216419254
-0.06154440249402 0.312136372172984 0.05519038219897 0.00481279016889784
-0.240010502950208 0.269548240755739 0.0429562408214747 -0.0494423679442161
-0.335094425588502 0.13518602646284 0.143875384640282 -0.140937563089185
-0.25604988447163 0.0648962303775301 0.447647658627573 0.119266459910174
-0.204015345632432 0.143778894303744 0.23796562269169 -0.0707772275739739
-0.125188665620493 0.17175843141582 0.0655025055118567 -0.0114492979636336
-0.0352076211104339 0.212384309182653 0.00323513833007909 0.106918864263271
0.0905275852727536 0.210350792762222 0.13147204645953 0.190106877276194
0.18458527885036 0.144409337811792 0.249417769932144 0.139083184456038
0.225862889938348 0.0803922148733091 0.30691744572602 0.0923444023886279
0.239711433044785 0.0578074146956311 0.310511313641904 0.0462118180638923
0.225958130957968 0.0665011847458088 0.278603538682201 0.0336602810958903
0.202841319848794 0.104665174031206 0.203960950792507 0.0360326155900757
0.147613590640238 0.166953866912259 0.150305626737093 0.054048174447719
0.0204643103827545 0.183816601391176 0.0855757961587593 0.0405175379975442
-0.0580466490569784 0.138060063404448 0.0579642997148918 -0.0195249609109043
-0.123015881812491 0.146957037967176 0.0890839823241406 -0.0745065244930904
-0.18935578233744 0.104481533354982 0.252075014339541 -0.154053591713677
-0.0730979125051538 0.0693718176811797 0.523981842024667 0.0793383041946748
-0.0245784089196881 0.0716933961207945 0.298813484656664 -0.0940561825037149
-0.00599471655117129 0.0302379939432246 0.0943991961324893 -0.0532378365496902
-0.0274045674992658 0.0505561623858041 0.00491780173976127 0.086414036120207
0.0149840927612004 0.073816476089353 0.13652076152998 0.200402491125813
0.0653921612104782 0.0604035743036899 0.288242970132592 0.167849151162767
0.0985707317192292 0.0381159310371223 0.372092099494691 0.111499381653732
0.106927877432049 0.031920497781517 0.376461104442713 0.0648862777614399
0.0979674389392138 0.0396698985417693 0.329949183860827 0.0617658217643774
0.0682343193734511 0.0650307780240455 0.223369182588886 0.0735342353841755
0.0267553737934085 0.0879564442294477 0.135840165778876 0.0827917029719032
-0.0404386601118413 0.0564365232051859 0.0512403324022801 0.0514711407290388
-0.0206487322422038 -0.0148431279713238 0.0544778588894191 -0.0389179579916892
0.00813073022220384 0.0444993003661138 0.124218505596953 -0.0820116296706518
-0.0280113521257988 0.0784699081078621 0.314116180553883 -0.151356467786229
-0.0840688836837114 -0.0608299018589732 -0.387622242395478 0.0999036576506224
-0.118186369374832 -0.00164078980092778 -0.182356730156003 0.10070685894541
-0.0659968029944633 0.083614343803368 -0.0645207814377932 0.0666333461504055
0.0304781795004835 0.0672110004955602 0.0152255616563616 -0.0319374158782667
0.0526025995699131 0.0298481912908343 -0.0663259221153802 -0.11538571442633
0.0394735949781253 0.0110768311866949 -0.190785226338009 -0.140706300315664
0.025791929446411 0.00636107889520039 -0.306851586623946 -0.131794671056656
0.0412931165490223 0.00833531543818164 -0.361784399638629 -0.129109347175
0.0503138960397387 0.0178334919438812 -0.35623476987934 -0.148920543335054
0.0758506399079825 0.0233155082285883 -0.263645183820732 -0.181355935919582
0.0759719736420691 0.0523070203132709 -0.139871382325682 -0.184481577431767
0.0334473146400695 0.11342072220712 -0.0287039588678779 -0.0879749271159853
-0.0899535916938352 0.142521040611959 -0.122060825591757 0.0393953207788992
-0.165230056062673 0.0166289776371704 -0.276068780951888 0.0147945201433233
-0.125645654170365 -0.0632450274164738 -0.468217708156024 -0.160507119000024
-0.222907153463118 -0.0717154529936636 -0.336671693623615 0.0931065808630617
-0.231750018933715 0.0149543154502308 -0.199008318326045 0.0644370372869584
-0.158469404924561 0.131159945262261 -0.0838769578074 0.0806681489470316
-0.0130270890058267 0.164809632521045 0.0212776377612279 -0.00857734122546791
0.0838344542882942 0.140838018605826 -0.0317886404668219 -0.107893546979166
0.128476156944737 0.095899321737464 -0.155128859808303 -0.149994287580482
0.144755348096458 0.0652919676939833 -0.268726364637216 -0.132383731207303
0.178810521885573 0.0587492153896859 -0.315587128803522 -0.119397017710795
0.185038808158117 0.0757149238659848 -0.308455255995019 -0.12720154978521
0.20451724427172 0.109160645929046 -0.226741075830113 -0.149793275588715
0.171072779275884 0.178170162661829 -0.112006680015893 -0.14341758677875
0.0585308799211861 0.264143925420309 -0.00561210278095616 -0.0565531788239211
-0.151029276163661 0.300125130908241 -0.1057762645795 0.0763399359259636
-0.322127376689652 0.13059198912938 -0.258141822121291 0.046684290082096
-0.311824874304366 -0.0383777638910257 -0.420145886613141 -0.133363048374173
-0.343254511441034 -0.0801155227925062 -0.231274744653044 0.101671563630227
-0.339501994003023 0.0281781467555764 -0.179255148449157 0.0242058538146257
-0.256923710478256 0.171313022521861 -0.0993107100842028 0.075753990131083
-0.0725417971578091 0.260476893974569 0.00815047353320645 0.0147850955570148
0.0973869321947429 0.254775486020329 -0.0033414260503852 -0.073662279383678
0.201875670737882 0.183659210720728 -0.100400923034031 -0.127566008435796
0.246346756807187 0.124024108684199 -0.18937879631529 -0.109017902473628
0.289936861023332 0.100584379590257 -0.220603495719988 -0.0913401214505746
0.293550210709381 0.115540937215084 -0.213023443651575 -0.0933233733148327
0.313841729968125 0.164784222180998 -0.152244787849224 -0.108445836359794
0.266743958315127 0.26866858611755 -0.0611467482104243 -0.0963751096980291
0.103823983931524 0.379487346411804 0.0281206035753176 -0.033067072664238
-0.165773868843545 0.427698505569502 -0.060960917160159 0.0887402750690433
-0.414076328855905 0.241925970787479 -0.193525510114193 0.0589705415239969
-0.442623378537117 0.00557845643526336 -0.306014405880951 -0.111523798670409
-0.425910167741709 -0.0767896767032905 -0.0763173266457266 0.121822233322105
-0.424536686179815 0.0539702166934817 -0.105067038007875 -0.00858520780119455
-0.336807735302998 0.216477566940151 -0.0882559354580508 0.0532088906576979
-0.123180603050696 0.347277825127016 -0.0127714195320503 0.037226914897957
0.102666460587977 0.349897792125558 0.019910803797386 -0.0116877111747927
0.252414930290681 0.252344573550007 -0.0271696019493971 -0.0688984010197019
0.312875428955236 0.166446187172452 -0.0784093005775923 -0.0597140947794815
0.357711773233903 0.128518760648751 -0.0902021692743923 -0.0487358760171734
0.355917186258815 0.135424376785303 -0.0834126167000618 -0.0525535693017902
0.376762730822132 0.19037487912839 -0.0494280094577481 -0.066460437543707
0.32728282359467 0.309498981557837 0.0100440581117802 -0.0497121082091055
0.138672374518131 0.43198577003054 0.0638157191067433 -0.0138309602686302
-0.148620369213952 0.481657349061672 -0.00828229963085089 0.0732032767505629
-0.430927873970691 0.308898173618623 -0.102109419981824 0.0389130378889773
-0.494003343518545 0.0476054310592406 -0.149184079606039 -0.103538156035204
-0.448410868564026 -0.0538797487110393 0.109754036457138 0.145962805704364
-0.44669768098107 0.087521865161866 0.0125688355218865 -0.0321037519671475
-0.354481663974779 0.246393910782897 -0.0489133285556805 0.0242544443977501
-0.139236181661725 0.381454177744885 -0.0277491117582051 0.0630493963245159
0.099151508525521 0.385381998562722 0.0452257244829429 0.0703894683174493
0.264900933710854 0.278040163211712 0.0596105988053869 0.016759917519702
0.332510921532028 0.17944948340488 0.0520035074883396 0.00676164328200442
0.368093091741735 0.137158679730428 0.0561983307833011 0.00144099059813
0.360371774671131 0.138559956556037 0.0570541329946626 -0.0114069019814398
0.370952718035087 0.188243562388432 0.0589520750432465 -0.0255529440989017
0.316217647245212 0.302165125580115 0.0832635408138773 -0.00669443487322685
0.125359100218652 0.403793266788489 0.0926675335534112 0.00605478634986362
-0.127065741419522 0.42965035816466 0.0346000502966151 0.0420693599882655
-0.379851623307257 0.299008758198556 -0.0111526050514991 -0.00126759282851305
-0.45847210546599 0.0698886041681708 0.0215206619884472 -0.107308110136697
-0.39256578132718 -0.0154639767628042 0.293482854875616 0.160828303948864
-0.375803709562234 0.111464395168494 0.141300921165172 -0.0438537436049149
-0.284154862415813 0.225991615755278 0.00723386998657432 0.00254124648019203
-0.114192640391656 0.327994617007165 -0.0274293018296675 0.0878641391864028
0.0842868792585382 0.337101019789193 0.0729855340121367 0.148086174387794
0.231362571023039 0.246675696603304 0.146364043895915 0.104644846054433
0.296592548514148 0.160097625464132 0.182946809596863 0.0742117731887355
0.323058231125301 0.12395847836249 0.193436269398388 0.0514578677840139
0.307946680918766 0.125683958293049 0.182240423050517 0.0320243696266578
0.297638651886827 0.168946383863402 0.145782024751243 0.0174245598794503
0.234264001657086 0.25539002610402 0.131373324358325 0.0333428209065894
0.0628320899044925 0.310716215457464 0.098025833799304 0.0291596241132584
-0.109508495814645 0.291990884983325 0.0561035165412515 0.0125939365801736
-0.277015588396013 0.221042653497633 0.0581064478967619 -0.0376779602343234
-0.352775643566629 0.0715961325076258 0.172394781675286 -0.111902699708193
-0.261320902600033 0.0264271641027637 0.434157677058195 0.159269917632277
-0.222869728404937 0.107860659530596 0.245652225599436 -0.0468205036056415
-0.150204929883468 0.147542205181562 0.0624736666903571 -0.014228386266292
-0.0694554751919059 0.201464938436648 -0.0157357842220028 0.097216234185305
0.0508878732601152 0.219605936620184 0.0951806104097702 0.197359649803089
0.157267545279884 0.166290913036851 0.216295869751869 0.172092373607761
0.212032139504968 0.112552620235179 0.289494043839533 0.127267786828601
0.229725662221804 0.0929106511946316 0.300504202897903 0.0932743964576436
0.212982121461435 0.0980079415098886 0.271425368342429 0.0739882773191581
0.182404235194385 0.131138043969446 0.195736512226176 0.063594479443297
0.119405712070338 0.181272594944045 0.141461017958378 0.0715503233794514
-0.00939093496703055 0.182397158284379 0.0791072412969636 0.0492876184916168
-0.079860171517939 0.123655727274775 0.0594509231696571 -0.0103437630005595
-0.143907416887161 0.119450502876885 0.104317604907934 -0.0558988970251651
-0.204532492258474 0.064254199037439 0.281285227383995 -0.107644284201047
-0.082908115560628 0.0554153740209435 0.508599657301016 0.141439846952334
-0.036307501193811 0.0654757040594075 0.309417562499562 -0.0528793022913171
-0.0121858294119727 0.0270072599584518 0.099534260048147 -0.039533850576651
-0.0351063433101885 0.0460263744532718 -0.0073751476811436 0.0845739098955971
0.00104510362447817 0.0751739561819605 0.104164570476614 0.213310653994971
0.0540760199078801 0.0660667396300525 0.257319970492518 0.205785142925323
0.0933515815266711 0.050945616954217 0.354372732639819 0.157208498074311
0.102907652548638 0.047209892993279 0.361914933578132 0.120121874637618
0.092479825020477 0.0515900892535089 0.317414472542167 0.110410012841514
0.0592085957652219 0.07309814281832 0.208555183934987 0.106341624913971
0.0140816262275401 0.0875265849190484 0.120363636321829 0.100833329154268
-0.0478470627603494 0.0482476779989913 0.0433319874713818 0.0578501056818849
-0.0202118575620633 -0.0188977735536269 0.0571980822233973 -0.0303930296734813
-2.82523950603823E-05 0.0417769833395235 0.136816334051531 -0.0598140229463458
-0.0411349886243868 0.0646973887457947 0.341693615254359 -0.0957591016889811
-0.0851472265520261 -0.0604864370061696 -0.40084090360177 0.102614953595134
-0.118869859287152 -0.000430655032306215 -0.19046340840579 0.103962537281107
-0.0654932167640309 0.0863353591888165 -0.0650080390004095 0.0690162008550045
0.0318213069930093 0.0676106163900736 0.016044157962238 -0.0314238865450269
0.0544402117679382 0.0292983470969304 -0.0654542144774842 -0.116938646356453
0.0406855993904601 0.0114822962422662 -0.194702451992146 -0.141188642235755
0.0270063177970125 0.00693923408364371 -0.315199955069158 -0.132563082671955
0.0427147411266083 0.00905791129397745 -0.373482995439261 -0.130569374597793
0.0529696892578951 0.0179260121013335 -0.367061978996096 -0.150221510697259
0.0779669404519153 0.0230520062793995 -0.272100095849987 -0.186972576942855
0.076783275256128 0.0531326785596536 -0.143123007693063 -0.188865974220915
0.0337789079675626 0.116067924216233 -0.0296400046406615 -0.091574111591774
-0.0903154200282185 0.145476584190196 -0.124637214248736 0.0395161661070457
-0.168562294428918 0.0174906463292601 -0.281854555388773 0.0120787698821829
-0.130427965188982 -0.0630929098690471 -0.484245789694287 -0.163984121374926
-0.22728656562474 -0.0723398084746816 -0.347461020264529 0.0958593642482023
-0.235227744947685 0.0161231350806207 -0.207957498874174 0.0670785717220295
-0.160223609122187 0.133435674571983 -0.0854150326204265 0.083132419137056
-0.0122704554169073 0.167160464827288 0.0220449410744151 -0.00751054797008004
0.0867478712320961 0.141301256095093 -0.0301647040681376 -0.109487604879309
0.131517048192336 0.0969281298572892 -0.158865768453043 -0.151126622088949
0.148684479117744 0.0660736459403347 -0.274532437784288 -0.133721310011488
0.184145414491885 0.0592737495839174 -0.325772416099567 -0.120315942727048
0.191769302535308 0.0764658990833786 -0.31866632472839 -0.128948238800447
0.21098550756986 0.109617434748685 -0.234953425543734 -0.153467389798871
0.175107857141753 0.181731916362695 -0.114670091950736 -0.148251176280724
0.0597331869016865 0.269861688780069 -0.00660629558126986 -0.0603070985887351
-0.153141577762784 0.306266958883699 -0.109091733900891 0.0781228050489897
-0.329507804938173 0.133380294402598 -0.264219509547357 0.0461391613637462
-0.322223311728009 -0.0385144714413121 -0.433476175747985 -0.135308260497862
-0.349297811579685 -0.0818609509711697 -0.24084539174029 0.104043970340896
-0.346179006764728 0.0291968517467296 -0.18783955350081 0.0270920810819682
-0.262017229307386 0.174467262408022 -0.0999904817649903 0.078025234602943
-0.073421738922436 0.265748938434822 0.00825437538526752 0.0167775588200673
0.101038288288816 0.25769984188762 -0.00231064479361968 -0.0743480750571949
0.206247480571605 0.184751007608238 -0.103560033044309 -0.129615966263165
0.251587394580237 0.124826236141189 -0.19418213262437 -0.108959065781834
0.299071770562593 0.100400081992539 -0.227702961809594 -0.0925192884610103
0.303382840834896 0.116971555823628 -0.220076939828587 -0.0937505714335916
0.323985641525719 0.164971302618589 -0.159232578760432 -0.11133030733316
0.273472771010109 0.273515289987561 -0.0625297919493052 -0.101388717298269
0.105800776069817 0.388609474637454 0.0270911743278269 -0.0360301307184117
-0.168408086842105 0.436863061000918 -0.0647530362895591 0.0906578179769947
-0.422690244323557 0.247499360085356 -0.199517324327003 0.0597995845484978
-0.457446783093571 0.00613860230557472 -0.315736007420077 -0.109848757857346
-0.435185422634779 -0.0780174213801741 -0.0810657812156187 0.123851523586473
-0.431959436030634 0.0555242849470765 -0.113240889699951 -0.00634553623542265
-0.344649695806076 0.220103755465234 -0.089260433258559 0.0553266101046743
-0.12401452740048 0.353937082279719 -0.0136683710833222 0.0400195899515926
0.106248067866499 0.355620200444156 0.0215922802080014 -0.010841368202126
0.258199855963836 0.255062972593587 -0.0287868336282174 -0.0704663109074053
0.32074338999639 0.166885514484826 -0.0806198680623601 -0.0594568607416063
0.367948938123367 0.12829466418348 -0.0931986013434563 -0.050062253040249
0.366877451711639 0.136229159065792 -0.086232877402464 -0.0534742370765173
0.389781895759458 0.190423849483735 -0.0538616903940892 -0.0683465552654774
0.335840056261546 0.31270166190565 0.0108129438147176 -0.0536683136940819
0.142486087635652 0.441339235956526 0.0636460389320152 -0.0162770106862629
-0.152475329241006 0.492281013051038 -0.0119254565629993 0.0753984828982855
-0.441642428852983 0.315946604087992 -0.105863814796976 0.040105052634572
-0.50980046508508 0.0484812206184395 -0.153139070790805 -0.101054237969304
-0.457233442319302 -0.0571139120596489 0.110972259255524 0.148250140187769
-0.455030713534184 0.0883821659408531 0.00812353120624129 -0.0303836183561168
-0.364835896872965 0.251049253816329 -0.0482215002810024 0.0248762529364101
-0.141034579763306 0.389119859702373 -0.0291419239726806 0.0661944229972582
0.104086159258328 0.39208806504433 0.0467484797563992 0.0729752882771939
0.270476158452623 0.281356089280162 0.0596353839241352 0.0156475662670009
0.341580294251286 0.1807780918588 0.0535988767084044 0.0071617883981839
0.37898015769937 0.13701327260408 0.0583064882317838 0.00031029388587357
0.371729512161927 0.139830066340268 0.0590538644042282 -0.0119444716369712
0.383670453781726 0.188523914773457 0.0579677697065036 -0.0268588636156836
0.325794556455339 0.305622641622393 0.0852861354266347 -0.0109479478972917
0.129391240776502 0.413010684862764 0.0930351142166112 0.00432536981268944
-0.129902929438873 0.439220870000415 0.03135515507272 0.0440037134053085
-0.388088245074759 0.305626628329982 -0.0130672642074779 -0.000294235240750745
-0.473100581123131 0.0713866553109905 0.0226427539273441 -0.10519235007274
-0.399645745182204 -0.0168819398111682 0.299304050755171 0.163021169100198
-0.38564905125756 0.11336069749482 0.142209419061192 -0.0419643932130448
-0.293514052895899 0.230565192901692 0.00846597020352424 0.00258895082660133
-0.116145613405462 0.337862664785834 -0.0289546394051163 0.0923364622105058
0.0873327147174233 0.34410378139742 0.0742670384459968 0.153142791367476
0.236978426597271 0.248334440903967 0.149203494992141 0.104575948019229
0.304716499399391 0.16069116071476 0.18814449010702 0.074522924414271
0.332449162245277 0.12384073692664 0.200141046252095 0.0504219094546415
0.31703216201947 0.126947515260631 0.187310893303122 0.0309294791571965
0.30753987469802 0.169617042103056 0.147022151337962 0.0173208789869071
0.241838737624154 0.257076625639489 0.134426456920371 0.0312150039942866
0.066635021991335 0.317773336045333 0.0997389191047205 0.0278068500276984
-0.112938229185352 0.298391575033289 0.0532461524762962 0.0128092175988924
-0.282687909374721 0.226281100948618 0.0589554704550931 -0.0369014486914159
-0.363555849445924 0.0718593105679366 0.177936439858225 -0.110962507188037
-0.267199180186332 0.0252508649498131 0.444589649845149 0.161122416838724
-0.228976746512893 0.108570869859369 0.250985804618258 -0.0470934946302365
-0.156992438869527 0.148651868828332 0.0643624853097485 -0.0145376095803229
-0.0707791504791865 0.207498801519498 -0.0168630397915664 0.10167811786378
0.0528067623358119 0.224715013490586 0.0971567204811445 0.204256727457636
0.160539001092325 0.168567299224913 0.220651621680436 0.172674680096186
0.217927352322436 0.112513621512023 0.297765666368775 0.128258755967363
0.235480368274124 0.0925970380486912 0.311021649572827 0.0915989702352605
0.218416878392622 0.0994692375601802 0.279097662064576 0.0732958084116689
0.188755585946335 0.132687294302848 0.199207577236353 0.0647529193290441
0.123690127540283 0.183812247220874 0.144092744680746 0.0707539523454791
-0.00857935118517306 0.18671819092902 0.0798186706304714 0.0492537832791624
-0.0831172633269865 0.126341603415289 0.0574030779282795 -0.0104186423423824
-0.147183074005542 0.121232319948116 0.106256987184935 -0.0555798117993682
-0.210416339124667 0.0644359272066412 0.290230745714533 -0.107871971916646
-0.0850065870433548 0.0549208013175003 0.522323825342429 0.142572098449555
-0.0390807251703173 0.0656422592176271 0.318103485835689 -0.0533462156010734
-0.0149555054309198 0.026629185096188 0.10232562670172 -0.0404114685027464
-0.0355813078896849 0.0483322247545746 -0.0080508697060793 0.0891519869931357
0.0015105296776366 0.077873656196358 0.106669304201067 0.220144299476494
0.0551273855900026 0.0665967764953886 0.263824967658431 0.207832161552101
0.09620531965409 0.049663260506685 0.363293817866083 0.15622841490966
0.104903617747018 0.0460489616654381 0.374341587311428 0.119484375252808
0.0948308716687424 0.0526777715745766 0.326955511389093 0.110081072292446
0.0613599732960197 0.0747608939028263 0.213273876420852 0.108207698017274
0.0160192233410449 0.0884228152094362 0.122076721271299 0.101572181137416
-0.0480770090605727 0.0503147212990005 0.0434153711873748 0.0578261875941881
-0.0229228016945767 -0.0188643257815515 0.0555098842033225 -0.0314391125293193
-0.000594631524555805 0.0410396448048498 0.140097349975518 -0.0599421161302472
-0.0423876040220855 0.064095437934282 0.352738188195372 -0.0971420961759858
-0.088495503319092 -0.0577262011056552 -0.4118664357674 0.121765458513134
-0.119383576179086 0.00479228285431866 -0.195269390187068 0.115246586947061
-0.0616587188620032 0.091106349308598 -0.0638062535411106 0.074652477730477
0.0348558129695767 0.0663789364710184 0.0162458053629846 -0.0313875822311949
0.0572219182109036 0.0257993753984222 -0.0685884598349364 -0.117041147918991
0.042837773615355 0.0107406586030824 -0.204057417492645 -0.135114929931216
0.0275869955884981 0.0069955011908956 -0.329933951596584 -0.121186941843309
0.0453159380357963 0.0072147206183023 -0.392132889731728 -0.117508942846681
0.0566688213799751 0.0159751926491074 -0.385074734901359 -0.139045568317849
0.0811078513045333 0.0197296116458121 -0.288182321425097 -0.181983396980383
0.0800170100728801 0.0520875020991503 -0.154596204201757 -0.189134260314267
0.0387768536990085 0.117180341477727 -0.0348110697949711 -0.094322522576796
-0.0860177170253121 0.151535693115112 -0.125524824573866 0.0455812218933155
-0.171837783745291 0.024760726321232 -0.289394516959998 0.0197277656433201
-0.137682228745226 -0.0594627449611234 -0.504719527632661 -0.149681534319717
-0.234231223840858 -0.0647793191179794 -0.357942445145894 0.111842544888291
-0.238130816942336 0.0249259598039648 -0.21625677808939 0.0788540263956775
-0.15755178772701 0.142725744246407 -0.0830669111480171 0.0894852943508194
-0.00569928356508145 0.170440678940922 0.0235327344743372 -0.00777717420094375
0.0949765854178114 0.139207464048781 -0.0325000710096925 -0.110342076998552
0.139553225618989 0.0940295165664802 -0.168597014976215 -0.147716270261222
0.155434972991461 0.0623435427697756 -0.287415218798623 -0.123841107415834
0.192858297075868 0.0527430419108019 -0.342091648776647 -0.109633098464068
0.202495462514662 0.070273845489908 -0.334858605297868 -0.118011486910329
0.222550825849946 0.103376945751146 -0.250361572280246 -0.149137558510824
0.186685926551722 0.179448607206825 -0.123433345819411 -0.149599175874685
0.0710653036271843 0.274031788060815 -0.0101465516946557 -0.0629326992552621
-0.14625722292486 0.319489618803284 -0.110492748115338 0.0854054724579534
-0.333314801195393 0.149065496187154 -0.2702889064225 0.0554118899041337
-0.335140266963935 -0.0264582241975906 -0.450852037871249 -0.117838591057564
-0.360634952480068 -0.0707169120637635 -0.245862736500256 0.115957494484156
-0.351810525590445 0.0437082812099856 -0.196828353194274 0.0373796164613324
-0.261253883979436 0.18775112827874 -0.0986836578574112 0.0847784199662719
-0.0639991203767198 0.274719090384695 0.00980409633057413 0.0182385916679556
0.114459947989225 0.258156327898551 -0.00281104815416719 -0.0758843246791077
0.21901159843776 0.180435863303061 -0.111314894785479 -0.127653483735852
0.263980431698152 0.117097273972268 -0.203840567811269 -0.102078152771776
0.312588786662737 0.0898692536960774 -0.239588013143554 -0.0851246619663783
0.318817140581723 0.106835281049515 -0.231967932589934 -0.0861667657229974
0.341799506595576 0.155003500010193 -0.171203467631505 -0.107574799593475
0.292424873287688 0.269645879256834 -0.0681095039056693 -0.104602444513975
0.124174018222733 0.394451930054408 0.0251086462986218 -0.0398241410238117
-0.157917711064685 0.454189171487387 -0.0652583089131324 0.0974831994744381
-0.425509916176869 0.270250075860134 -0.203113617007979 0.0680061246551422
-0.473619508364949 0.0237148980258773 -0.328450608329439 -0.0954417859231929
-0.447380953618426 -0.0656218356381227 -0.0813915164242821 0.130668697984539
-0.440340011029401 0.0729110206097717 -0.121661349910744 0.0010598444084848
-0.346187046229133 0.238809021844413 -0.0878204064153267 0.0601073688606861
-0.113007895634831 0.368124979235412 -0.0125943013691541 0.0433565307134307
0.12455015057701 0.35731347688116 0.0230782711028141 -0.0105463177897214
0.273865601226127 0.24930762662443 -0.0330630144305392 -0.0710060813877645
0.336980680240689 0.156752525457419 -0.0846614867284424 -0.0566099343059368
0.385400907630101 0.115715625329311 -0.098687058648576 -0.047299422221185
0.385335494918599 0.124748401254814 -0.0919339120552681 -0.0510105440849742
0.410054549384673 0.17772386852274 -0.0606254724855598 -0.0674860369935355
0.358504438963256 0.30665775885518 0.00913839682371247 -0.0588340258083689
0.164519027640993 0.447001438075736 0.0630905569162925 -0.0213375097982267
-0.139870144006618 0.511034598677696 -0.0128365648827765 0.0795419871234289
-0.441711257582469 0.341112405983777 -0.108007259942893 0.0462555126596396
-0.525999997315177 0.0697573427110982 -0.160391269504145 -0.0921651781768121
-0.470347565976617 -0.0420785127383206 0.116947479072624 0.147415706161583
-0.464766775267568 0.107149406543053 0.00350677072086716 -0.0281911850679919
-0.367726790197379 0.270275243599532 -0.0476689050084975 0.0277594821619884
-0.12876656653814 0.40603041463023 -0.0273051080621918 0.0719153756014582
0.122115577347629 0.397436582268457 0.0517148974347073 0.0752255929272139
0.287630754199222 0.276451603674111 0.0610361328290815 0.012595670678796
0.358102759850843 0.169876500869855 0.0556562266479715 0.00581476885758967
0.396010300425534 0.123548018846103 0.0599171554454826 -0.00303332132353509
0.389644082359033 0.127293684173649 0.0600364177899269 -0.0145067334810296
0.403669090421626 0.173628560426324 0.0559614290007313 -0.0290406459723849
0.347011755174227 0.297538093101243 0.0868914966829735 -0.0176637866051898
0.150488162727631 0.419440822247309 0.0935308333741879 -0.00141979654347529
-0.119448147798256 0.456583873815436 0.0298506865632635 0.0458986459655685
-0.387854006899089 0.328056155821926 -0.0135788152608856 0.001521629681974
-0.48806021490246 0.09257930222087 0.0217338072986876 -0.104212601824291
-0.410114242588676 -0.00555614760350428 0.312010278645919 0.15547122299275
-0.392041201948812 0.129422739874663 0.1418230930221 -0.0461185194042577
-0.297131831941568 0.246152517277009 0.00998846299829958 0.00233262529724026
-0.106110066337637 0.35243865104795 -0.0264875124204655 0.0987764942583873
0.103634249838305 0.349490526944928 0.0828731603317792 0.156378107202667
0.25152919198336 0.244762200809792 0.155507406539128 0.100300831196455
0.31981339418645 0.15122353386638 0.196446167903275 0.0695030158813189
0.347104616398366 0.11155214957118 0.209046467344745 0.0416268856322686
0.333288161088115 0.117493468252809 0.194511905148824 0.0230444085835355
0.324804368927881 0.15974687831349 0.150119058433522 0.0122334830477017
0.259895298128852 0.251231141696329 0.138193139444391 0.0231873176556896
0.0815205850971377 0.3234690330069 0.101821804779751 0.0226341254911137
-0.106436694735738 0.31098903565069 0.0517011725845106 0.0129930437612473
-0.282662366566384 0.242368415290317 0.0589657355175971 -0.0381773948038939
-0.373999779093373 0.0879224881500982 0.181360080874842 -0.116469065380221
-0.274314842654534 0.0338684236710541 0.462946716685244 0.147496936374156
-0.233341846564389 0.119063351318666 0.256046081651074 -0.0559589185333949
-0.160106958758667 0.158074720186235 0.0662518311959533 -0.0177476585490109
-0.0647819901863602 0.217185468304838 -0.0135628376457226 0.107991448209298
0.0636602679432483 0.229447835269185 0.107558789428049 0.207893751696768
0.170335142228639 0.165546686049595 0.232654759116285 0.166930248626403
0.229185560187999 0.104927260754251 0.310772538777902 0.118014844316724
0.24700102844532 0.0847138094865617 0.325602217597434 0.0796428111710468
0.229722986328613 0.0926863198511501 0.291560903199173 0.0619579819061155
0.200820239449745 0.127719531495387 0.206191464084297 0.0591233075883591
0.134399738239427 0.18072592057664 0.149022425757061 0.0644529680502148
-0.000386631448940169 0.192112054651287 0.0826061381127356 0.0458195948000528
-0.0833291055284949 0.133199638043261 0.0548958835378289 -0.0125511806577098
-0.147238792919016 0.129076981702846 0.107640793400212 -0.0593653434140081
-0.215145830478934 0.0721867267333132 0.296966090257205 -0.119519625313899
-0.0860582991471296 0.0581759532546867 0.543642153339218 0.123772645134933
-0.0392321343619437 0.0675290730630991 0.325368933187401 -0.0664477309215757
-0.0173806138912481 0.0271101161749047 0.10364679778812 -0.0452618067988262
-0.0342976991772052 0.0519132092446127 -0.00511623658095755 0.0945451515847021
0.00458775335115173 0.080357947436977 0.118119719888739 0.224052974864136
0.0583647278699711 0.0656896516946627 0.279361117554535 0.2013512658364
0.100689705553728 0.0459132851693621 0.380945913755975 0.144414508362489
0.109711170548066 0.0428058088450726 0.392790210681463 0.105274678766506
0.0995705371619202 0.0495990435544194 0.341858987952405 0.0981965530075146
0.0670946596688552 0.0742322944577063 0.223823340240397 0.102586085282549
0.0205551820617218 0.0896515093771984 0.127462373847406 0.0978733770155152
-0.0471489970641874 0.0543459532246984 0.0462241997280524 0.0568141177910441
-0.026322044580207 -0.0179553775433418 0.0530571255253073 -0.0344651554213926
6.48770397276878E-05 0.0410920924614242 0.142871525541132 -0.0652125398907743
-0.0414908825140223 0.0651043792193862 0.36152081897054 -0.113882504105677
-0.090828947258547 -0.0518513134780155 -0.406386900481568 0.14758703161421
-0.116306601484312 0.0118775712309873 -0.190857456305639 0.129274047092137
-0.0532214221007526 0.0938999903396409 -0.0585335805261833 0.0796133066464504
0.0390707833073072 0.0634302424054591 0.0151453914282652 -0.0322257573760537
0.0583138519902094 0.020263555233189 -0.0727929578358785 -0.112311711971778
0.0441160034753452 0.00811296067771574 -0.210164950821125 -0.119870951836498
0.0283688146401868 0.00660943352922844 -0.336322828029725 -0.0980590824235462
0.0461538259243938 0.00457382364771008 -0.402032137949523 -0.0904155283410891
0.0586055978064467 0.0114935026401302 -0.395805001750746 -0.113211585827116
0.0818310601157059 0.0137511114927475 -0.301620316808424 -0.162654999919455
0.0824801108102868 0.0470425830163094 -0.16655007622628 -0.179938671768959
0.0453617343717534 0.114364471163265 -0.0407148402375072 -0.0930220198723279
-0.0759900126708522 0.155286118158024 -0.121698614816195 0.0526650412869549
-0.169747255865426 0.0351906461716164 -0.288536921505358 0.033448196677884
-0.142132178494358 -0.0496894823651771 -0.514142022489378 -0.115301816868713
-0.236055143191114 -0.0510422383635059 -0.353243375591716 0.135442934074316
-0.23359318875429 0.0390089817613969 -0.213530319379984 0.0944555511273434
-0.14648130856768 0.150885063350486 -0.0764529819088579 0.0950454857731238
0.00535132376134228 0.168988799723106 0.0238176145616471 -0.00786203525739849
0.103254313553497 0.130181903973133 -0.0370546441136972 -0.107653844430889
0.144884270211889 0.0835820628480519 -0.175696647733054 -0.135228167081782
0.158777612285852 0.0525726660955611 -0.294324784545117 -0.103473939229945
0.196121875000219 0.039983832389144 -0.351805146330733 -0.0852309067510194
0.207957444319743 0.0565210466428373 -0.342841004778338 -0.0944262157078708
0.229293932125627 0.0876373343930139 -0.261905306883733 -0.132871449438352
0.197503663678172 0.167299669145761 -0.133015346677892 -0.143063675538293
0.0864373932155713 0.269428968883646 -0.0153335791939437 -0.0643893294692389
-0.127125926732478 0.326996028287242 -0.104839559601409 0.0920689718624325
-0.324077944121557 0.168858025748723 -0.267256900599158 0.0700279617687511
-0.33847414382966 -0.00431816840817311 -0.458321732976721 -0.0865895279101771
-0.362086645577745 -0.0493627701151148 -0.242847935152805 0.131381216581558
-0.346155675736019 0.0632599181249348 -0.197865436580753 0.0537204086149721
-0.247879746355798 0.202910672827722 -0.0920664101873855 0.0910032283638001
-0.0459065934075172 0.277093496022798 0.011990056109041 0.0190463350811809
0.130219365631278 0.24746133202138 -0.00511160926838912 -0.0747943404416042
0.228817536676623 0.164405053622752 -0.118494515007476 -0.119347508254659
0.270536585801808 0.0990261134649169 -0.209000194641731 -0.0872403284016156
0.31863926446089 0.0690435837438476 -0.246898826700635 -0.0683814568434698
0.327101336492425 0.0854949404189402 -0.23752681882489 -0.0691435533232515
0.352659943394947 0.130072719603634 -0.180313007100933 -0.0956229050136631
0.309549478117215 0.248654375454021 -0.075283786372296 -0.102188472574335
0.148238238206502 0.384523457882538 0.0207983722712478 -0.043646653060536
-0.130602180771859 0.463360528261033 -0.060522555485087 0.103139238494731
-0.408897821910745 0.295925419886751 -0.198157570124264 0.0809961435867941
-0.473435340283446 0.0555978835935348 -0.332138919532484 -0.0703613854191088
-0.449249571206159 -0.0408137613830772 -0.0764089321415324 0.135911833091937
-0.433450125978698 0.0987587207694337 -0.124425490632314 0.0120469843855741
-0.332029547332381 0.259350014266725 -0.0824441709463062 0.0653117696045315
-0.0876849195827703 0.374590963739705 -0.0090742096510238 0.0461747526920947
0.14574808952985 0.346729633228147 0.0246060188571976 -0.0113700264518048
0.288369718054823 0.229396326849124 -0.0381184985796085 -0.0682428232785778
0.346452884423272 0.13389676293275 -0.0879164135035878 -0.0493790955134756
0.392280167197994 0.0876244788025866 -0.102537299424645 -0.0409165618505285
0.394507377584871 0.0985825266545523 -0.0949377635480922 -0.0433796386467151
0.4217034305901 0.146818049113313 -0.0678447413402312 -0.0624352015211283
0.379263099851292 0.281656914508312 0.00422128367394647 -0.0626704935921573
0.191614989110225 0.435191347238722 0.060425248328626 -0.0268180058263563
-0.108398782865527 0.518521337655459 -0.00954082955593448 0.0829684910883456
-0.42051007695956 0.367107611710979 -0.104571407518549 0.0537771351779555
-0.524861746753749 0.103477969341375 -0.16223659769215 -0.0773699447389559
-0.471001380384336 -0.0172281019935895 0.123453068523718 0.140195607876665
-0.456913388685573 0.134989623805831 -0.000792249454930935 -0.0246089919504937
-0.353136556567769 0.291043186709467 -0.0446136235592252 0.0299723286435662
-0.101920008141095 0.413155602523841 -0.0229835931483105 0.0762056140410505
0.147207946643199 0.387855568858591 0.0577759903426425 0.0728364047422346
0.303468880032021 0.255695471797313 0.0601893096911758 0.00870355912560134
0.368327358320881 0.145052057218617 0.0564449717730725 0.00258824443886748
0.404327631409519 0.0949140306129067 0.0592525220640219 -0.00711435800634512
0.399723078508758 0.101281653317344 0.0592272645218483 -0.0182456674263287
0.414368921096804 0.144944941932817 0.0510514806669482 -0.0313701450784707
0.367196858173044 0.270436669920149 0.0835413600117241 -0.0263536082558618
0.177031230821813 0.407752515589521 0.0913056844143665 -0.00888109972240796
-0.092203346555833 0.464059494346371 0.0303564158991817 0.046443381114738
-0.366481916365187 0.351666560517658 -0.0127265232140254 0.00437355343957055
-0.483752772198731 0.123057779410269 0.0190662918778266 -0.101482520456702
-0.409810608267838 0.0169517705521341 0.319543732294636 0.135559012803698
-0.384492201785152 0.151156684183459 0.137216907468328 -0.0525168914246746
-0.284583546804961 0.263698856467172 0.0108472024908949 0.000510497925053875
-0.0837681108927212 0.358905813995183 -0.0202251540602698 0.102035676162444
0.12587583414969 0.34241066344756 0.0934678802365357 0.152608294085083
0.265224906920718 0.227852213398243 0.159971617245742 0.0894319990938594
0.328399067920804 0.12836579226749 0.20049921235564 0.055817149753394
0.354826927697469 0.0876269738990746 0.212887913976975 0.0259236783635063
0.341531278452504 0.0941019402990615 0.196655453662971 0.00915565991269474
0.335005656128267 0.135561650933911 0.149079849660882 0.00402603850316989
0.275549212515363 0.231744852546467 0.137365574643617 0.0115899550971445
0.102744942331989 0.316902506074992 0.101753162978866 0.0152501506609662
-0.0891263705834785 0.317726745114171 0.0490320375703154 0.0120105565045865
-0.267125705270133 0.258239914269654 0.0570989227239503 -0.0395238590635665
-0.369295779467475 0.110938176249874 0.177356155840403 -0.125281593731231
-0.272253237176712 0.0476696977974873 0.471710413417747 0.117028159308399
-0.226813433718942 0.132217564959929 0.251473452742849 -0.0708849523666525
-0.152727934681537 0.167537871553339 0.0654045022738312 -0.0228690108882691
-0.050230614073838 0.221339593491372 -0.00689123701534439 0.110973392180696
0.0786340745763714 0.226482600631366 0.120908961072433 0.202836333263158
0.17909006361386 0.155076922663352 0.240821717397802 0.151336797572992
0.235075748176163 0.0879246886533607 0.317849630268349 0.0972421593105978
0.252561370379117 0.0672802082989533 0.332050154616886 0.055764387167059
0.236416249762232 0.0774054333510146 0.295661183561129 0.0417795263634394
0.209329666126597 0.112409408392456 0.208429415428293 0.0462683469091591
0.146261915872887 0.169845354762668 0.15063713841016 0.0532281152387837
0.012722146124483 0.191743489013 0.0839522537441675 0.0391864380307842
-0.0769882093923168 0.139359620382017 0.051038891511847 -0.0140533480229176
-0.139146877998027 0.137165618135315 0.105178856100351 -0.0636190971592025
-0.211346458442219 0.0838649491604104 0.292825364462751 -0.136907649700082
-0.0834399653340146 0.0616017744196131 0.551824176589044 0.09039687024548
-0.0367250594553756 0.0694967060307412 0.321528355475024 -0.087880785364097
-0.0183467360506416 0.0282257536637384 0.100857979517581 -0.0512832667129768
-0.0299004881878192 0.0547229375195118 0.000830271359317266 0.0967597836835838
0.0105296740127533 0.0815050656031473 0.131391193426169 0.21783579516546
0.0608848811271802 0.0620737814848918 0.290153665236405 0.182525855111698
0.103260817967987 0.0373945853602514 0.38964568393114 0.118451600319166
0.111908834679025 0.0346183295237397 0.400471508628368 0.0770223291653995
0.102704194230606 0.0432662491437761 0.348803773284861 0.0731233661707611
0.0718310566421107 0.0694829307751072 0.22898682536288 0.0874764888396513
0.0258547393467359 0.0868548724880027 0.131718077437255 0.0890137575538463
-0.0429881678230403 0.0575174818993936 0.0486929832243033 0.0525602020188329
-0.0293585478082387 -0.0143017880988236 0.0483699842891672 -0.0375865668521027
0.00180587902517407 0.0403919837924846 0.139700031925935 -0.072666142589309
-0.0376489253553615 0.065141744757396 0.356843417758833 -0.136074958220848
-0.0886862607490463 -0.0449359246462282 -0.385123407279647 0.164607992063914
-0.109461754612103 0.0160887829864431 -0.177925459952251 0.136813241571918
-0.0443032762905541 0.0920014629301066 -0.0512191029103342 0.0807268703785158
0.0401817772625654 0.0578124300998573 0.0144083118961876 -0.0314906210946312
0.0564790399313269 0.0148311348504984 -0.0731373004220955 -0.104072545403585
0.0435235920232274 0.00481091957210685 -0.205962595138744 -0.102824994633633
0.0280159755062035 0.00591705013556274 -0.327755200657141 -0.0743940530043265
0.0449645296139189 0.0021235955203401 -0.394047865325996 -0.0632642524419944
0.0579746527015255 0.00732933936657215 -0.386736695874585 -0.0851436096947022
0.0789004899866035 0.00861399421267543 -0.300494762791358 -0.140452816261249
0.0813986482592692 0.0407704996435671 -0.170066184018145 -0.16475140424083
0.0490641676280811 0.106936993424538 -0.0448701831613283 -0.0886983849857336
-0.0646011553711392 0.15167093567845 -0.113474724686667 0.0559535948082734
-0.161568409894446 0.0420463973634515 -0.276376628657255 0.0449545022409891
-0.139711943624729 -0.0390976139781981 -0.502190565931034 -0.0811322732575402
-0.228464606110865 -0.0373591905965141 -0.335057993324869 0.148623137843812
-0.21960844941672 0.0490525106980623 -0.202683650752366 0.104958675265595
-0.131279750395011 0.151306590801285 -0.0677497977367958 0.0957986421541606
0.0137203494592241 0.16086926752343 0.0237348970588022 -0.00860896173226231
0.104985977203399 0.117207128028972 -0.0382150921951725 -0.101743794945545
0.142902326290517 0.0716712449549316 -0.174607806667671 -0.118841588120015
0.155585460498932 0.042434493162249 -0.287080670517716 -0.0817188347046684
0.191453170793166 0.0272735889286659 -0.345401144347828 -0.0612497293695722
0.204848623984899 0.0425381680768067 -0.336148859331145 -0.070929696529993
0.224896186969745 0.070573212809534 -0.260948684628018 -0.111903702468817
0.19850543120459 0.150372639836276 -0.136170131047426 -0.132137647207725
0.096273143581571 0.254024599612763 -0.019067173246152 -0.0621773121010341
-0.105967886077687 0.31973169563434 -0.0955469214430493 0.0949753523243844
-0.304003336530467 0.178408726324693 -0.25345526710574 0.0789372261526565
-0.327468698265387 0.0144605755227493 -0.443866635510365 -0.0565652115342186
-0.349621701354103 -0.0306357344576392 -0.22851631764714 0.140288316011032
-0.327238328701823 0.0782269830229385 -0.189615557175485 0.0657435730817669
-0.227701967435486 0.206253405657288 -0.0821951816086211 0.0923023921866006
-0.0298192613221538 0.266412217641571 0.0137328562668388 0.0189789061885304
0.137068097394536 0.227791977502738 -0.00662575143328299 -0.071335076364721
0.22784199826154 0.144677925469486 -0.119604743484115 -0.107258720646547
0.265209738224837 0.0813859705239339 -0.204409737137525 -0.0708423412561326
0.310387219414993 0.0475078688868428 -0.243020036300195 -0.0503738106243243
0.320565128571655 0.0635028568140445 -0.233125980588886 -0.0518237177482864
0.346256157607873 0.103396359822247 -0.181113938927542 -0.0807312571080207
0.31192769326544 0.221570275688343 -0.079371139066628 -0.0969200844794961
0.161386493757268 0.362637368808431 0.0161447289844856 -0.044229644561796
-0.103255747817007 0.451455037160357 -0.0530723836097528 0.104066860796815
-0.379081352909349 0.304869330968744 -0.186113757672422 0.0872730172247689
-0.453651721501746 0.0784778559658957 -0.320846544949476 -0.0466150296181786
-0.434049022291786 -0.0186758893395106 -0.0694750511797799 0.135840916673634
-0.410283186712147 0.115395331610382 -0.12180669379469 0.022617886864034
-0.306458434048497 0.264327359065027 -0.0755768514711232 0.066632173208114
-0.0646807852201555 0.36110764906137 -0.00520919620843611 0.0465379346896242
0.158233000937305 0.324534759922684 0.0250708404289279 -0.011745592349134
0.286974892446985 0.204575360567021 -0.0408457877333235 -0.0634275768306858
0.339061423055764 0.109658652378387 -0.0859171655361035 -0.041409388465669
0.383920539681042 0.0620742915989278 -0.101867651007794 -0.032984341474615
0.387222726713513 0.0721705981796908 -0.0942117565152248 -0.0361910271077281
0.413746476782002 0.115568627980982 -0.0710235203425076 -0.0543819992229332
0.379697219525769 0.247480187009298 -0.00129437220476527 -0.0636111680231469
0.206427499651991 0.408290943334748 0.0542054279646772 -0.0301285378046938
-0.0790491928753433 0.50437016762423 -0.00561047683170596 0.0834194693543699
-0.386631686481274 0.375012606090213 -0.0966049644419189 0.0582674601077235
-0.500400743353505 0.128434807321611 -0.155507191017247 -0.0624853980996873
-0.452813572405975 0.00602908352139469 0.123118325837942 0.128719240779396
-0.432111856449318 0.150957183089778 -0.00464969410121342 -0.0206398038491324
-0.327017958957242 0.298821870742545 -0.0408213004860956 0.0298496307822902
-0.0767554185251269 0.401811909616249 -0.01734300495748 0.0761354813107715
0.162426593310614 0.364703285590925 0.0618128906865562 0.0681870585473461
0.303993166907343 0.229535736069622 0.0572702662873454 0.00455929185979216
0.360655980288051 0.118003989631382 0.0550465607485289 0.0002859500722695
0.393694924052926 0.0679943112459652 0.0559917278774394 -0.0112722858931265
0.390429597662732 0.0738979515019044 0.05582227637798 -0.0207607227314772
0.406616543120358 0.113323016119354 0.0458377796698173 -0.0306325759172895
0.36848456871228 0.236859194685395 0.0761117863948649 -0.032827156764206
0.1920174114623 0.380570390616672 0.0860505979196736 -0.0137875435688516
-0.0655692702935559 0.450790406893247 0.029943935378146 0.0468633398634408
-0.335745963255082 0.356701632814655 -0.0103185858682866 0.00684322976101276
-0.458209060459631 0.14413582717496 0.017726777286678 -0.0950727930155687
-0.394222149290915 0.033304926363151 0.312189297857776 0.113886964337006
-0.362955068008729 0.165108151858534 0.127438978241951 -0.0557654074183871
-0.264125354809588 0.268316398886517 0.0108949761782296 -0.00152128894196902
-0.0597536219989892 0.347990647587699 -0.0136355619793583 0.101502486574766
0.138534632018338 0.322739763198768 0.0992813676939935 0.144152121787338
0.265250914575771 0.206202994620858 0.157162896356157 0.0770927957319265
0.321402522429654 0.104332785686169 0.196080886167173 0.0428493887736905
0.34684922849109 0.0635186745502154 0.205679334314135 0.0115228114250257
0.334588717907298 0.0714393481734454 0.189714448213914 -0.00245528435098012
0.329193999800054 0.108496791199426 0.141765782800414 -0.00328424257777667
0.276798129099705 0.205261410991046 0.1298607818378 0.00174153305495888
0.115927792147971 0.297601241850414 0.0966577035134072 0.00818799161378618
-0.07089859213553 0.310563205085973 0.0461905472953692 0.0124095727066559
-0.244080440554518 0.261468639384983 0.0551231168284173 -0.0390531820220332
-0.350414383130694 0.125059737831603 0.168905722435551 -0.128277780730279
-0.259841372274022 0.0577910727915348 0.457852629240521 0.0889396333472654
-0.212567730190245 0.138652474758734 0.23719487393539 -0.0801563881636663
-0.141911864444209 0.169256367166485 0.0613939834152421 -0.0267634471563897
-0.0366546236768527 0.215406665754246 -0.000424007919850431 0.108891177129232
0.0881344094677379 0.21337769862905 0.127419195785667 0.190817722785069
0.179198343699927 0.140596744313182 0.237514866746705 0.132302880354205
0.230025197240284 0.0714295518974236 0.310572439387874 0.0753653008906429
0.245969125415911 0.0499946527209957 0.322922909651222 0.0326923720619356
0.232417897077323 0.0614641391711603 0.287489839111528 0.0215930540777693
0.206482557949541 0.0951721953583616 0.20213778899543 0.0336085375784402
0.14920458077737 0.153807388480538 0.145336469166325 0.0412263194649871
0.023350314177635 0.182938649311859 0.0815033197101254 0.032459610905474
-0.0678594003517878 0.139212032608193 0.0458110137015043 -0.0139400339967139
-0.127148653726279 0.138431909034191 0.100034028554743 -0.0651750998143454
-0.200412369409539 0.0905307763129733 0.277434101106953 -0.146682969838568
-0.0786520200063521 0.0618143867352928 0.534105567748062 0.0566303607503621
-0.0327333316763898 0.0692797009652718 0.304631475081351 -0.101446732830482
-0.0187220809783099 0.0290999688716325 0.0935593767956641 -0.054977831206271
-0.0251647280129592 0.0541608917690378 0.00583674182502887 0.0950896933783443
0.0147627213902001 0.0778736273348653 0.13888223114725 0.204865738599083
0.0615449304759913 0.057389711416397 0.286866787471728 0.159419936441508
0.100497172153864 0.0292874833407883 0.380348235078475 0.0906654512648837
0.109571727068283 0.0266583151805999 0.391913872955945 0.0485415625920627
0.101448824664947 0.0364329993343112 0.339909866105385 0.0483554299782408
0.0727545769543835 0.0622916475036819 0.22470976495613 0.0718759542436552
0.0298042301020709 0.0815678764122117 0.129087395074246 0.0774433832409814
-0.0377535782038618 0.0577959487971941 0.0481666472803028 0.0472621030983391
-0.0304871854952003 -0.0112394402861463 0.0419529553991342 -0.0379064801176517
0.00323901795916709 0.0379021499277033 0.132387849057481 -0.076180832270401
-0.0344146871718823 0.0623096957040397 0.337181371777093 -0.14971153527699
-0.0752654342416143 -0.0518261924445949 -0.373897662345407 0.105220919169105
-0.101349956024025 0.000271079600683923 -0.185710498100431 0.107144558303439
-0.0510853636714581 0.0771819834538032 -0.0610794526482342 0.0702215429020319
0.0291154906537394 0.058765079248921 0.0151525679884598 -0.0261440644606156
0.0503389326111749 0.0205558946544314 -0.0551002591657341 -0.102585249465377
0.0425188378843486 0.0093758059577648 -0.177401607950895 -0.115312836463037
0.0267035339361529 0.011296986581938 -0.298852191566899 -0.10362920948581
0.0419869240201739 0.00825488433689005 -0.365305306371989 -0.102473996087211
0.055540856349819 0.0155770947539891 -0.35915461511461 -0.125347623584403
0.0743034391807632 0.0188076258657975 -0.271212208551569 -0.168263448400411
0.0718576436418958 0.0508792369274644 -0.144884427054022 -0.180000345446782
0.0327085686760329 0.109115885722504 -0.0345819866914991 -0.0950193785053614
-0.0771213440583067 0.1362855091821 -0.110385366545342 0.0346312124628764
-0.156162863887524 0.0220782539134785 -0.263550996769588 0.00596260184205254
-0.126322178327748 -0.0494024462291527 -0.470951591009158 -0.138892363892854
-0.204460367330148 -0.0630589669758822 -0.3309483229106 0.0880888759730187
-0.206764552400395 0.0153240375581003 -0.209695381812116 0.0714620546900104
-0.139699746528088 0.120141432597557 -0.0828485702398131 0.0784391947572349
-0.00998060245126813 0.149541285982341 0.0177520803705738 -0.004965802065842
0.0794931126740782 0.122583143056226 -0.0281463100842766 -0.0961660366529386
0.1253583539341 0.0842456062101892 -0.149405286723397 -0.122817887148545
0.142248105822431 0.0609713760925747 -0.261779476044655 -0.10582722732715
0.178201179727846 0.0492307635900211 -0.318710240169617 -0.0966543004653427
0.189893583563654 0.0666529859420318 -0.313882076300356 -0.107652671450429
0.204000307420219 0.0942636199800887 -0.241205016631021 -0.140710490899949
0.16818729235341 0.168167986401821 -0.119762924254006 -0.151267462759156
0.0598886105135154 0.254575638647706 -0.0147904208755455 -0.0705179110580485
-0.135505515243006 0.290819670097824 -0.0957473353859888 0.0706154456406474
-0.307297298952985 0.135260112504117 -0.239013677762295 0.0361260324733815
-0.313138509598532 -0.0204895697891757 -0.410279212194027 -0.111980571565581
-0.316548729311947 -0.0720991654111005 -0.235091787875472 0.083503432194395
-0.307563021510692 0.0280260302549827 -0.19807834903266 0.0325298598068789
-0.236621103398224 0.158153913330345 -0.101559273482128 0.0689140682264431
-0.0649839077533683 0.24081537980421 0.000599504140738716 0.0167947178746765
0.0927829629312108 0.230569574476148 -0.00685211404697688 -0.0656614897043655
0.192804488561957 0.16340129751865 -0.102773389334091 -0.10279947486023
0.240513811853802 0.108741368669579 -0.186883503496556 -0.0862043453940554
0.290035121345772 0.0823326194064014 -0.223056470697421 -0.0759762003081749
0.297208918879206 0.100122646296141 -0.218705757581357 -0.0796014281915814
0.314275606803908 0.139485696139893 -0.171778063381958 -0.10396009430574
0.266591437437734 0.248484878518013 -0.0731450350052638 -0.115083744051355
0.108051403548135 0.364899319669605 0.0140754110326136 -0.0519326207356327
-0.149305892633767 0.416555624441727 -0.0553548980348027 0.081300473461138
-0.39507813388076 0.245501291930716 -0.171910128139053 0.0481238244371121
-0.443583836763591 0.0263358142121307 -0.286984767801106 -0.0921580395039095
-0.394456098568759 -0.0713287244485746 -0.0905161465939713 0.0908195151107138
-0.390319310801949 0.0526341872289284 -0.133614508596184 -0.00303611546487521
-0.317908313099394 0.202701016796069 -0.0965830173823574 0.042215810554888
-0.111201884939696 0.324597289980485 -0.0236947347884464 0.0382960328394665
0.0984391180154768 0.322838963995092 0.0115105780728358 -0.00760608588755169
0.240202840138758 0.227146790852026 -0.0368604929688665 -0.0504900698279419
0.306660242683331 0.143159298800518 -0.0803696294986257 -0.0457311327215553
0.356214913459176 0.10396442169868 -0.0904639222928194 -0.0445938183942798
0.359048154508657 0.115822412110483 -0.088922318617447 -0.0496293607573318
0.375626137484501 0.157160220867801 -0.0717564661633078 -0.067046344684665
0.327827255392362 0.280733245324753 -0.00532535974823404 -0.0765416476656882
0.145025343782342 0.412768243093877 0.0475118299961372 -0.0351938098768861
-0.132711239040378 0.469346469350377 -0.00835798350990166 0.0654559142674674
-0.409456863670995 0.311031396746279 -0.0813927291017923 0.0269984808820409
-0.492569356390939 0.0684345579322314 -0.123773719049752 -0.0916143027218074
-0.415986491560897 -0.0528367112003185 0.0864587808104524 0.104477070243158
-0.414531815124594 0.0816409504223131 -0.0220901833616632 -0.0307372039107035
-0.341091731880927 0.231267149095847 -0.0634460888494525 0.0110930414149725
-0.126841838302592 0.359687126911355 -0.039604935438699 0.0639226811516366
0.0959647499617138 0.362087027547433 0.0335928021432443 0.0708576182456792
0.249448394808374 0.252305116323301 0.0452254518119157 0.024621691255879
0.325394108716426 0.153590621330505 0.0462359205064972 0.00780345071844861
0.366089712432595 0.110432282446045 0.0561476716937877 -0.00709858210959486
0.361753109910604 0.116742507997011 0.0515845202712087 -0.0187299811684282
0.368970851217849 0.153302345556668 0.0364151527712128 -0.0316066384794823
0.317178856780517 0.267893951463808 0.064863493325226 -0.0371618224431139
0.13600966325631 0.38477492728416 0.0761463126463259 -0.015032717798862
-0.114999121572652 0.420374719156296 0.0287739863941965 0.0372381088554909
-0.357923354822274 0.299870903546979 0.00450408061088851 -0.0106588824559451
-0.45728916243247 0.0857854474053415 0.0468642936578319 -0.10353624917221
-0.367569214938695 -0.0181579142258058 0.263164385895689 0.114670454800842
-0.353510524953256 0.104336174117334 0.106775179894429 -0.0469138273966517
-0.280497114849325 0.212374952227068 -0.0101821535622519 -0.0100793531454541
-0.105953826060336 0.313105114846805 -0.0372899378492529 0.0889054985371638
0.0810156793021304 0.321796071617017 0.0619938741324595 0.144549888961212
0.216372961406327 0.227244109532129 0.130602383859153 0.100984718137123
0.290278529674043 0.134791538868791 0.173726708823049 0.0617863271329592
0.321970658653658 0.100533928421872 0.194736194858444 0.0312596500067954
0.308715448961742 0.106717678899359 0.177682036324572 0.0138032502389537
0.295343586962356 0.139861849476828 0.126680600990919 0.00637319318646337
0.23488868784797 0.224395570966995 0.114180187691209 0.00485010929795676
0.0732746236070988 0.296041161071648 0.085514433715863 0.00957150876165524
-0.103484364948041 0.286657401697557 0.0464836502594139 0.0106883833544312
-0.260826529491512 0.219103047659516 0.0687584832351937 -0.0419786224732275
-0.351780298878571 0.078999544080096 0.192288843647916 -0.116031933762645
-0.246529889223565 0.019217846897236 0.403189002907885 0.115500446175315
-0.214173131584456 0.0991821669136237 0.216917212663176 -0.054187129820745
-0.15523582383707 0.138297322911955 0.0475481323117521 -0.0226789800931261
-0.0655089731900311 0.194168129365579 -0.0211694273533761 0.0992717251811788
0.0497550720021532 0.21277050151995 0.0873679858242202 0.191271487580889
0.145126010971845 0.154757190186518 0.201095732689784 0.157072279578543
0.207350043367805 0.0922807270863526 0.279479424678993 0.103374497339128
0.22893226588305 0.0753513284847771 0.302592036237282 0.0646786702373751
0.212825774350916 0.0837877291077469 0.26832130821325 0.048655940644138
0.182140004029684 0.112292748670784 0.182868865016151 0.0495342469952067
0.120856646767789 0.161146041165187 0.127874197521148 0.0477055307254701
-0.000624193340328991 0.17545336581344 0.0721733050850215 0.0348649318049544
-0.0816274127455239 0.125253369170073 0.0475519277570748 -0.0104164226549698
-0.137530325007189 0.115673368856059 0.110011397784953 -0.0558764110080281
-0.204666544462685 0.0617925159030749 0.293507418716991 -0.117590713993525
-0.080652049934082 0.0459147756110102 0.481842982710204 0.103921247211194
-0.0397797449324955 0.0600504808579463 0.290626864248901 -0.0621130803327493
-0.0223666407582026 0.0252388099450407 0.0903121401607491 -0.0415621574235707
-0.0314739594880155 0.0464732109284253 -0.00716642451952739 0.0884723998383593
0.0023432456281685 0.0759982862761548 0.10239930593515 0.204721786109218
0.0460970978540932 0.0621790758112779 0.247365930444734 0.182222584969461
0.0897508142786343 0.0365800494788894 0.345075896693787 0.124899229878057
0.101584187633405 0.0370392648972938 0.364855600834895 0.0876941946702528
0.0915631202783531 0.0448732722019694 0.316434120472443 0.0817481983382715
0.0601797877104957 0.066941281814084 0.203322363231968 0.0905731870492642
0.0175006359375065 0.0792246320774883 0.111738284818998 0.0854985391147631
-0.0427257543786981 0.0494890609710813 0.0408228312867278 0.048106645742624
-0.0295022512640615 -0.012726593316868 0.043441712943517 -0.0298398898078237
-0.00274684370579661 0.0357044959867511 0.137067337838593 -0.0589930292392401
-0.0434896756585616 0.0533491790001623 0.345989801572489 -0.109309171321327
-0.0706083787984836 -0.0515278387489872 -0.365244822624419 0.0940056264699553
-0.097096013822251 -0.00234277009717814 -0.182227996307425 0.100954478750192
-0.0495959684697837 0.0728064712704272 -0.0595883198755477 0.0679551822264024
0.0271875377030284 0.0563837240109811 0.0164196815385851 -0.0254273361227778
0.0467754662320026 0.0203548853906198 -0.0492091608453776 -0.100974089300353
0.0410276740270576 0.00910596320860647 -0.166685286828124 -0.113670463482111
0.0261151989302294 0.0126936282690563 -0.285725484031068 -0.104263064708241
0.0407470054230888 0.00905247154881 -0.353901091549277 -0.10332088214887
0.0534898456693418 0.0154069934674897 -0.345620370525524 -0.12592874352728
0.0714558262810479 0.0195424965910113 -0.260471372854222 -0.168298623100281
0.0679981422416972 0.0506055557338002 -0.136695683090282 -0.177753068945192
0.0285468954999262 0.105907616435054 -0.0321913567012304 -0.0937561475994863
-0.0767757292925888 0.128993380847767 -0.106338258400133 0.0303719913660811
-0.152179834849196 0.0182717583684593 -0.255165539173984 -0.00288882192593952
-0.121079134811854 -0.0494286710303253 -0.450798476728152 -0.142233335505737
-0.195686991732812 -0.0649817920304954 -0.322343838036547 0.0793235365423514
-0.198701425020901 0.00992722579946191 -0.205384356593947 0.0668317383474394
-0.13639706927757 0.111924189626485 -0.0807006570827605 0.073872866934119
-0.0124937198853076 0.142272130204631 0.0182336178645537 -0.00504423073568533
0.0734113945692265 0.118722479553934 -0.0235336812032705 -0.0940281065482181
0.118875650624121 0.0829416020214187 -0.139904899393537 -0.120870312325159
0.136994428906778 0.0621389637993785 -0.250178727602542 -0.105643076551148
0.172502387817196 0.0509066876257693 -0.308559553137832 -0.0966547651942892
0.183591975012923 0.0669338304153258 -0.302474846529389 -0.108647825121805
0.195619285124073 0.0937772552532648 -0.23178647052356 -0.140268887256505
0.159997542865193 0.164961150734109 -0.114382523390837 -0.149813913719529
0.0514568364223243 0.246958813940421 -0.0137371061116696 -0.0697954204145302
-0.138824851468452 0.277843349203875 -0.0935460476291458 0.0663025110196553
-0.300884006502249 0.124291584008036 -0.231574275111746 0.0276390407339469
-0.30207061110666 -0.0252858679764687 -0.392641388886329 -0.114215094960868
-0.30422948185297 -0.0769872508441872 -0.230453653478643 0.0765851654165167
-0.297183800031707 0.0188267647505418 -0.19353892333351 0.0295809955892791
-0.231685542113902 0.146948172483774 -0.0993154673854838 0.0633237303614191
-0.0678173346100427 0.230239730608557 0.00123082765429736 0.0167840572280696
0.0845396091445928 0.223712906250227 -0.0031515972880865 -0.0637720156832117
0.182765810675836 0.161012921153114 -0.0965066603539754 -0.100235095810012
0.230239018362973 0.11009828328788 -0.178227122383979 -0.0863733524230314
0.279235026894697 0.0844240701985649 -0.216004608002397 -0.0756638436035181
0.287068959224194 0.101561143209759 -0.210977135394229 -0.0800549270482699
0.300712802551354 0.138497648222053 -0.165714123099781 -0.10166842061481
0.253632391514659 0.244091162470318 -0.0700960671939305 -0.114261747145526
0.0974903767966926 0.353884513875224 0.0141230231718829 -0.0512702706205617
-0.153516388184958 0.399431569332921 -0.0550218060060685 0.0788332638487965
-0.387968386888133 0.229499153124573 -0.165559170729268 0.0405389025852655
-0.430267207731827 0.0176016508061709 -0.27116011434605 -0.093386042008606
-0.380312402833151 -0.077667450610381 -0.0907066168147453 0.0864680033734186
-0.376517763085584 0.0408712537783893 -0.131154913323246 -0.00380611554098002
-0.311549256471383 0.188360182669368 -0.0947244174710199 0.0369782735209436
-0.113964710969675 0.309867107541284 -0.0225278714739039 0.0372893550862561
0.0886503364371514 0.313499942330004 0.0135563671401259 -0.0064635436165948
0.226865620901461 0.223564482373011 -0.0345619292376992 -0.0492663076771284
0.293136389924383 0.144794826647283 -0.0757947353124546 -0.0449591612957019
0.344328893703729 0.10614965467203 -0.0880287526272959 -0.0438327350881137
0.347287552185862 0.117663112662718 -0.0855374203658061 -0.048974675426735
0.360605450115705 0.15724637263444 -0.0693403700631095 -0.0639456588372849
0.312127526792854 0.27488902482426 -0.00705847877138051 -0.0752316354812433
0.132593908232757 0.401360619718768 0.0458400253258222 -0.0339887813111706
-0.139781064442976 0.452761093959205 -0.00864479328612883 0.0657703391978413
-0.404532212450796 0.292429132007977 -0.0769900371890585 0.0234570491011495
-0.479408171892231 0.0566145179387923 -0.11296507745158 -0.0895118156876265
-0.401722508511646 -0.0604263607072731 0.0797521712937041 0.102252016383966
-0.401909905481595 0.0688331435802115 -0.0226547598787742 -0.0281092372245038
-0.337609666384669 0.216225595602511 -0.0625138026044313 0.00771784147917828
-0.133150422277552 0.344029701055069 -0.0389329075124669 0.0626443805436265
0.0865736488299447 0.351679541575975 0.033818682129115 0.0696534865788263
0.23621269350568 0.249654714351319 0.042488671573056 0.0251745618169764
0.310823807697035 0.154133949261604 0.0454268360392952 0.00918720111715099
0.354076847981484 0.112552299414003 0.0537176292404294 -0.0062269102984587
0.349582087870864 0.118378934240284 0.0503569154239603 -0.0179515408192689
0.352757060373836 0.152184617568355 0.0348298299452816 -0.0280490277115065
0.301707922491251 0.262724974407884 0.0606213112177088 -0.03586641314506
0.123678321239541 0.373646420883612 0.0724288212989865 -0.0135980926394587
-0.119741446066409 0.404964706791422 0.0276696644072336 0.0393888825358912
-0.353255560449871 0.282867760656954 0.00713360835459257 -0.0109901893571894
-0.445369500818769 0.0745915992151414 0.0521533511230848 -0.09833896646805
-0.354640480221309 -0.0276766074034611 0.250377543133781 0.116340978469649
-0.343759926656642 0.0909671358573213 0.102266473812516 -0.0414223995184224
-0.27782418656622 0.19918966026781 -0.0107953958197484 -0.0112323181766531
-0.10937605496876 0.300238360950233 -0.0378691501824771 0.0868180209757765
0.0729544694068216 0.311884905132261 0.0591803284807439 0.142349080510557
0.205163405561132 0.224236502896264 0.122393249984193 0.100334503201622
0.277244920245472 0.135307875515497 0.167330098983259 0.0629660518461314
0.311284607011352 0.102028231867243 0.187485300958852 0.032318372150883
0.297576063602665 0.107907421347762 0.17141918429687 0.0149473874654141
0.28243581916846 0.13846432963103 0.12156488248045 0.0101780740316461
0.222938387501509 0.218846773953319 0.106888197891082 0.00572793338755009
0.0657864429841393 0.286361003900821 0.0818163660358541 0.0108613599817355
-0.106824133149243 0.276490559602088 0.0451502990733909 0.0138671867032683
-0.257600789411306 0.207380583187573 0.0699960803963828 -0.039354655034764
-0.341835778134368 0.0676619879107094 0.192003894872197 -0.108216373351405
-0.239891732667391 0.0118955980284485 0.385697925878722 0.119824063948478
-0.209333744173181 0.090621580122713 0.209989821620852 -0.0473031746717264
-0.155445928148049 0.1307425443726 0.0451771755688251 -0.0219974191597472
-0.0678100906152371 0.186250666143113 -0.0219747815914226 0.0970791253207364
0.0449630224810042 0.20686613986755 0.0821507724461646 0.188595527647424
0.137146678269955 0.153831967010954 0.190350488621639 0.155874989433471
0.19771268715978 0.0919561574426289 0.267979329995863 0.104987823598038
0.220596650469585 0.0761326443906247 0.292009765023558 0.0651797883822908
0.204793230473569 0.084519572015864 0.258956847906226 0.0504213818466989
0.173490661365329 0.11138794487931 0.175199448715459 0.0522068605803275
0.113936757184851 0.155604252852751 0.120080497163889 0.0486420127330802
-0.00304934290514247 0.168783770282719 0.0672244056726023 0.0342709929526715
-0.0822595377586196 0.120271700040004 0.045401863374107 -0.00714991342529247
-0.135718315957854 0.108364013016357 0.110128821775918 -0.0514903090919997
-0.200306502593216 0.0542889745961812 0.288720511655956 -0.108225615328853
-0.0792369881228306 0.0417150054610098 0.462772122336117 0.109089116286386
-0.0402231734945292 0.0568953610603023 0.281210374076266 -0.0541517105178985
-0.0237753278061246 0.0248544423883493 0.0878147055631 -0.0383952104323865
-0.0309686058673739 0.0447932081434434 -0.00815514473292731 0.0873538603447377
0.00178804967771086 0.0730076113275953 0.0958569843156787 0.202331453734929
0.0433671665177638 0.0615657093836267 0.234487423048955 0.182067811254236
0.0851237555719011 0.0357590005900268 0.330841989355544 0.12588969101588
0.0980127624933234 0.036938734236775 0.352982153288014 0.0874278730756446
0.0881148109002911 0.0451161141932661 0.304919666125923 0.0817456353166329
0.0569957104769929 0.0659623943551644 0.194449902272097 0.0909183163696321
0.0153202182628648 0.0762976488278561 0.104490793787768 0.0838894815270033
-0.0409037270070702 0.0467702260203427 0.0371624209451799 0.0464351297420563
-0.0288134714265851 -0.011224476525295 0.0413346966255579 -0.0275715020783222
-0.00385302256742953 0.0335953952342323 0.136051098181194 -0.0540638520827198
-0.0440229137818725 0.0487129814176935 0.337776894938224 -0.100487401244248
-0.0687938935039919 -0.053527295991604 -0.370620079361654 0.0836244657021195
-0.0960040082816337 -0.0061012233526478 -0.187010148076984 0.097457940311019
-0.0510917607700102 0.0700851100341316 -0.0609680790703177 0.0672556043096615
0.0252375424690888 0.0567927299232089 0.0173445017732315 -0.0249388470712331
0.0459041957529017 0.0210546952376544 -0.0444482080124608 -0.103354278435042
0.0408634274683748 0.00973769703864284 -0.161299636547314 -0.119356941974561
0.026964444661475 0.0148118367776418 -0.283388858553944 -0.111985285393638
0.0411939475943604 0.0103971283953925 -0.354632461795151 -0.11205953917293
0.0533374792341114 0.0164292472394022 -0.343940687024555 -0.136823032564933
0.0714932137286942 0.0213309449678339 -0.257577219814124 -0.17575902118108
0.0662295481193733 0.0527584159576302 -0.132338894846244 -0.18363500078456
0.0247382283301739 0.107238397708154 -0.0296071613726383 -0.0967150345936649
-0.0820004676020537 0.126647376496601 -0.106462377744819 0.0256471548068439
-0.153979151973942 0.014042244579498 -0.25737902145844 -0.0150540138522154
-0.120385828847874 -0.0529715716703105 -0.446804672067698 -0.156626445612224
-0.19380839432387 -0.0717805415118966 -0.328452967398009 0.0695407987784184
-0.198583740510308 0.0018074835039403 -0.209472913002529 0.0631090539551725
-0.139886246474434 0.106150509714707 -0.0831004372606167 0.0721687411310915
-0.0165512365821984 0.141289542855999 0.0185072069755766 -0.00482415422548445
0.069312244197588 0.121032001300248 -0.0181762517582093 -0.0959394918145032
0.116619285672041 0.0859967103583118 -0.134832203475274 -0.124888865923077
0.136792905019786 0.0678371489166856 -0.246688791494622 -0.112454936269401
0.172659311461649 0.0563585501038718 -0.308982863419887 -0.103626732450641
0.183146363511593 0.072414971002273 -0.300786136743508 -0.117588064753595
0.193924520985953 0.0996505418171947 -0.229687188206012 -0.146028430267635
0.155011201066825 0.171227067053971 -0.111301925222097 -0.155171773441936
0.0428342655613824 0.249968037848738 -0.0117057119643205 -0.0722146695567827
-0.149533107294893 0.274117613710852 -0.094727721149028 0.0637726331348596
-0.307742791107862 0.115585586786577 -0.233925756412542 0.0172977011065513
-0.30314007447153 -0.0337681973897183 -0.388614659130116 -0.125763656152222
-0.30218200634576 -0.0876467693882256 -0.235372165288823 0.0691600949246323
-0.297427501610627 0.00798350714100162 -0.197277339311822 0.0254449800916863
-0.237509648918603 0.138413052996145 -0.101337872235095 0.0599434817626089
-0.0752392620995889 0.226670773277067 0.00156445143860549 0.0168159706755328
0.0772662385919639 0.226103480304184 0.00111031518505763 -0.0647046652986642
0.177980140893849 0.166639011999757 -0.0926983685514882 -0.102889684391189
0.228481588854149 0.118720403328102 -0.175539686570549 -0.0903341151161772
0.279501534388625 0.0928077134486889 -0.215747604401534 -0.0801912041444424
0.287651051513081 0.110595721200673 -0.209542578254449 -0.086125090436368
0.298465233341019 0.147263646506707 -0.164571531728219 -0.105075619283548
0.248329472047647 0.251191223341695 -0.0694402938345808 -0.117493172763512
0.0845565592433143 0.358858946009575 0.0144458255770094 -0.0523575545020395
-0.168873277650392 0.398137251963149 -0.0553051324414941 0.0782065068934715
-0.398746353681431 0.218898331553512 -0.167083127072957 0.0322285663192766
-0.431808739456881 0.00457863820935114 -0.266248690464422 -0.101122044888656
-0.379644567666447 -0.0909714250680058 -0.0955763269016961 0.0836365598521041
-0.378194605795838 0.0275200460535898 -0.133187667821102 -0.00569495390021145
-0.31972620546885 0.178689098346431 -0.0974470840940523 0.0331074399324396
-0.125325882574674 0.306572527118326 -0.0232732036034681 0.0374601273165365
0.0798768646846883 0.317245233698965 0.0161577421468281 -0.00690383487126873
0.218838167042159 0.23192270955279 -0.0331689235639833 -0.0498044772692029
0.29076307750682 0.153773249802745 -0.074027906465823 -0.0466528364340932
0.343054259939861 0.116318837120048 -0.0883439972973694 -0.0449565797171353
0.346059519957183 0.127592118079218 -0.0846566015894429 -0.0515546351887068
0.357105298766533 0.166508279840973 -0.0689455550357962 -0.0643027399244043
0.306597955277487 0.283045956459846 -0.00725999215015981 -0.0758896775164956
0.11904807115127 0.406528971705384 0.0460028099460736 -0.0336192045240411
-0.154637831496005 0.451485679285721 -0.0091073860013756 0.0670329464324421
-0.416107350284169 0.282932024854585 -0.0765047293268213 0.0186244909835832
-0.482467874302638 0.0428032070343866 -0.106401088395942 -0.0927278571341722
-0.4015129626533 -0.0763357202266606 0.0755139011306947 0.106054969978036
-0.405796660426308 0.0545459703423661 -0.023782252009022 -0.0269626534210977
-0.347146864084882 0.205562481363132 -0.0642623712070513 0.00428417862940443
-0.143468145691169 0.340867911532199 -0.0406505056932555 0.0621654987892795
0.0758618557263452 0.355272186594323 0.0342838413624269 0.0712168328495697
0.228908254193569 0.258636160443112 0.040568711055769 0.0266887098521044
0.30776200508047 0.163547401823508 0.0455204318984698 0.0108614123756223
0.35450019650031 0.123140192498148 0.0540487590794542 -0.00487885031425722
0.349341267079095 0.12929706384163 0.0513088524270807 -0.0168881566636382
0.349685685993752 0.162253317527339 0.0351778087222448 -0.0249905528927771
0.295624511528285 0.269442640128247 0.059126881899541 -0.0342343528939575
0.112614506564029 0.376574143471767 0.07167098834028 -0.0121148467627249
-0.134232053172788 0.404107423261882 0.0281550867634075 0.0419840950373007
-0.364062978176625 0.27374772073316 0.0094420325164446 -0.0119831079703158
-0.449469163606332 0.0602952154901506 0.0595248742792201 -0.0978143639394787
-0.355581267636386 -0.0412798499825653 0.24632897638895 0.125366490501735
-0.347894186285012 0.0791637473136594 0.101898508924982 -0.0372630386370982
-0.289055959372352 0.191594636444277 -0.01197128834239 -0.0133282457501775
-0.121207969017358 0.297874273924914 -0.0403289580047258 0.0871562125606116
0.0626475008632995 0.315352792558813 0.0572712381307267 0.146019070431942
0.198358721423462 0.232543921054845 0.11862779756408 0.105213377657694
0.274146432033549 0.144320415010618 0.166011295480101 0.068328055414967
0.311057075901484 0.110765205666152 0.187286272153227 0.0363041114127199
0.298136065202211 0.116727437229402 0.17161990456169 0.0195154107072685
0.278244642966496 0.146167436089328 0.121400849155386 0.0156633005287243
0.217361740160294 0.224163093521149 0.104130249461231 0.00873345797496346
0.0571138879135476 0.288230312444173 0.0802091763331552 0.0128778730359501
-0.116124077293365 0.274860203404931 0.0449444311447049 0.0174398762216994
-0.2654035198545 0.199260591826232 0.0739461048674457 -0.0382550666339415
-0.346636091020691 0.0560665397480122 0.199247839752927 -0.10340427611372
-0.241748620428057 0.001544440166956 0.382471414756668 0.132322621934281
-0.213606684351405 0.0824563298067997 0.21067485445231 -0.0398472163441914
-0.162461794459034 0.126882628344156 0.0441469890804572 -0.0214754913511159
-0.0742280271689859 0.184943997582101 -0.025175928026094 0.0986536953167259
0.038664713748435 0.209359519857918 0.0781156345334927 0.19279205354144
0.132893756223923 0.159862354683044 0.184280403716348 0.163328812572174
0.195133449823811 0.0979436699897151 0.2656957338053 0.11263366433104
0.220256379466891 0.0817666834014632 0.292220807769873 0.0711254531180557
0.204840212280971 0.0908047537930169 0.258935692210385 0.0561756217011157
0.170103884349937 0.116428122807102 0.174339501462577 0.0585494334956234
0.109472417750832 0.158306369458176 0.116402448665478 0.051873882869618
-0.00821666561135353 0.167916460486317 0.065542729556368 0.0356005019613326
-0.0863597075978397 0.119138480331588 0.0455000388198898 -0.00391019922306175
-0.140061266056159 0.104757175038981 0.11482959511838 -0.0486871695717284
-0.20385266286582 0.0463930097162411 0.29513402389865 -0.101205987119791
-0.0821309836101741 0.0379408356333709 0.461061427797575 0.125202222038741
-0.0427410297289325 0.0555753253687006 0.283335403967231 -0.045265190955655
-0.0263416900338448 0.0250847444351699 0.0881655333648329 -0.0352061859238238
-0.0328500690101093 0.0439699180716184 -0.0105590701296894 0.0895647836280627
-0.000335086747646421 0.0739923607742257 0.090730329308406 0.207453667270031
0.0422132095596462 0.0640567597653141 0.228452548551904 0.190595638134511
0.0833084429237424 0.0382800341067481 0.327890856887287 0.135599860516163
0.0973383969822767 0.0395493503357851 0.352622191150914 0.0947697286566578
0.0873013583227979 0.0480423139591548 0.304001106338809 0.0889698272581494
0.0547174051797864 0.0681609913438062 0.191385269303852 0.0969106150468058
0.013161967520554 0.0761802115078938 0.100205526665177 0.087540219184331
-0.042748498370218 0.0454978332375241 0.0349873401650562 0.0467809634853305
-0.0286562396505114 -0.0110356526092349 0.0408523357717333 -0.025810745528685
-0.00559570956398343 0.0326701978767631 0.14002885875336 -0.0496117675903389
-0.0472399111662061 0.0459135636204541 0.342124536038368 -0.0919262467316498
