TRXV5
3
4
4
9
string Extension=J
integer IsArchMeasurement=1
integer IsSpherical=1
string Generator=SPM
string GeneratorVersion=1.3.1 Dev
double ArchRadius=0.449999988079071
integer FrequencyAxisIndex=0
integer AzimuthAxisIndex=1
integer ElevationAxisIndex=2
Frequency
5 136 690000000 960000000 LIN
Azimuth
7 8 0 2.74889357189107 LIN
Elevation
7 15 -2.74889357189107 2.74889357189107 LIN
Polar H Real Part
13
Polar H Imaginary Part
14
Polar V Real Part
13
Polar V Imaginary Part
14
Polar H Magnitude (dB)
12 0xC0000002 0 1
Polar H Phase
7 0xC0000003 0 1
Polar V Magnitude (dB)
12 0xC0000002 2 3
Polar V Phase
7 0xC0000003 2 3
0.00188732147216797 0.0028533935546875 -0.04278564453125 -0.07122802734375
-0.00225639343261719 -0.00631046295166016 -0.0161056518554688 -0.0287227630615234
-0.010162353515625 -0.000606536865234374 0.0213985443115234 -0.00126266479492188
-0.00481510162353516 0.00725650787353516 0.05145263671875 -0.0161094665527344
0.00217533111572266 0.00515508651733398 0.0526351928710937 -0.038482666015625
0.00261068344116211 0.00145649909973145 0.038543701171875 -0.0636863708496094
0.00216054916381836 -0.00476169586181641 0.0148162841796875 -0.0703887939453125
0.000352144241333008 -0.0037689208984375 -0.00360107421875001 -0.0582122802734375
0.000298261642456054 -0.00392961502075195 -0.0117263793945313 -0.0424880981445313
0.00384950637817383 -0.00245261192321777 -0.0151004791259766 -0.0295906066894531
0.00345349311828613 0.0018465518951416 -0.0281448364257813 -0.0183372497558594
-0.00459384918212891 0.00419378280639648 -0.0327033996582031 -0.0118446350097656
-0.0101690292358398 -0.00499248504638672 -0.0440559387207031 -0.0118560791015625
0.000153541564941406 -0.0115203857421875 -0.066925048828125 -0.00848770141601561
-7.10487365722654E-05 -0.00548076629638672 -0.0722427368164062 -0.00574493408203125
0.0258998870849609 0.0246086120605469 -0.0335922241210937 -0.0666656494140625
0.0232219696044922 0.0119724273681641 -0.00591087341308593 -0.0234870910644531
0.0143928527832031 0.0091094970703125 0.0276699066162109 -0.000728607177734374
0.0185871124267578 0.00902557373046875 0.0550804138183594 -0.0162239074707031
0.021484375 -0.000812530517578125 0.054412841796875 -0.0370979309082031
0.0183849334716797 -0.0156002044677734 0.0387229919433594 -0.0624122619628906
0.00993537902832031 -0.0254230499267578 0.013671875 -0.0648841857910156
0.00737571716308594 -0.0236701965332031 -0.00598907470703125 -0.0511436462402344
0.00707435607910156 -0.0257301330566406 -0.0150394439697266 -0.0351238250732422
0.0142478942871094 -0.0245704650878906 -0.0190944671630859 -0.0254917144775391
0.0197544097900391 -0.0144710540771484 -0.0310115814208984 -0.0144214630126953
0.017033576965332 -0.00647449493408203 -0.0326576232910156 -0.0103931427001953
0.0148649215698242 -0.00399112701416016 -0.0425910949707031 -0.00910949707031249
0.0251045227050781 -0.001617431640625 -0.0604476928710938 -0.00310134887695312
0.0263080596923828 0.00760841369628906 -0.0650177001953125 0.000106811523437503
0.0452308654785156 0.0429496765136719 -0.0177001953125 -0.0547294616699219
0.0463333129882813 0.0299911499023438 0.00797176361083985 -0.0115871429443359
0.0382347106933594 0.0185585021972656 0.0348644256591797 0.00332450866699219
0.0420494079589844 0.0100631713867188 0.0579757690429687 -0.0132522583007812
0.0406074523925781 -0.00746917724609375 0.0528984069824219 -0.0331344604492188
0.0314273834228516 -0.0314846038818359 0.0349159240722656 -0.0559730529785156
0.015655517578125 -0.0428543090820313 0.010345458984375 -0.0518913269042969
0.0126609802246094 -0.0394859313964844 -0.00780868530273437 -0.0362396240234375
0.0113983154296875 -0.0448951721191406 -0.0160007476806641 -0.0201568603515625
0.0213432312011719 -0.0439643859863281 -0.0223960876464844 -0.0141925811767578
0.0316085815429688 -0.0295848846435547 -0.0335407257080078 -0.00543022155761719
0.0350360870361328 -0.0179939270019531 -0.0335979461669922 -0.00585365295410157
0.0369453430175781 -0.00527572631835938 -0.0400733947753906 -0.00777053833007813
0.0472640991210938 0.00633621215820312 -0.0479812622070313 0.00112152099609376
0.0476646423339844 0.0199813842773438 -0.0495758056640625 0.00970077514648437
0.0572738647460938 0.0546684265136719 0.00287246704101563 -0.0387611389160156
0.0640487670898438 0.042724609375 0.0246124267578125 0.00234222412109375
0.0580978393554688 0.0240135192871094 0.0409393310546875 0.00774765014648438
0.0609169006347656 0.006744384765625 0.0576057434082031 -0.0086212158203125
0.05364990234375 -0.0154609680175781 0.0470390319824219 -0.0261383056640625
0.0395011901855469 -0.0443267822265625 0.0281639099121094 -0.0442581176757813
0.0183753967285156 -0.053924560546875 0.00627517700195312 -0.0334644317626953
0.0151519775390625 -0.0494461059570313 -0.00835609436035156 -0.0162878036499023
0.0137214660644531 -0.0557670593261719 -0.0155229568481445 -0.000915527343750002
0.0242996215820313 -0.0562095642089844 -0.0233001708984375 0.002166748046875
0.038970947265625 -0.0404548645019531 -0.034637451171875 0.00599479675292969
0.0474166870117187 -0.0266456604003906 -0.0335674285888672 -0.000957489013671873
0.0545234680175781 -0.00565338134765625 -0.0363197326660156 -0.006561279296875
0.0641059875488281 0.0137901306152344 -0.0310039520263672 0.00446319580078125
0.0616874694824219 0.0304832458496094 -0.0281505584716797 0.0212039947509766
0.0613670349121094 0.0571708679199219 0.0256481170654297 -0.0222740173339844
0.0728607177734375 0.0467987060546875 0.0417671203613281 0.0128173828125
0.06878662109375 0.0233955383300781 0.0454788208007813 0.0112419128417969
0.0693588256835938 0.00140380859375 0.0524520874023438 -0.00325775146484375
0.0575447082519531 -0.0226097106933594 0.0381927490234375 -0.0159454345703125
0.0385704040527344 -0.0516738891601563 0.0198078155517578 -0.0269718170166016
0.01690673828125 -0.0568428039550781 0.00313568115234375 -0.0104293823242188
0.0152320861816406 -0.0507240295410156 -0.00795316696166992 0.00640249252319336
0.0141677856445313 -0.0588493347167969 -0.0142574310302734 0.0198116302490234
0.0257949829101563 -0.0590934753417969 -0.0243339538574219 0.01953125
0.04315185546875 -0.0426902770996094 -0.0350131988525391 0.0182857513427734
0.0543289184570313 -0.0290718078613281 -0.0334186553955078 0.00473785400390625
0.0634613037109375 -0.00173187255859375 -0.0302276611328125 -0.00572395324707031
0.0707244873046875 0.0220565795898437 -0.0112533569335937 0.00726985931396485
0.0644798278808594 0.0383567810058594 -0.004608154296875 0.0354843139648438
0.0545921325683594 0.0506057739257813 0.0466156005859375 -0.00906753540039062
0.0702056884765625 0.0432701110839844 0.056549072265625 0.0194931030273438
0.0668067932128906 0.0179901123046875 0.0468597412109375 0.0111579895019531
0.0650901794433594 -0.00417709350585938 0.0450820922851563 0.00252151489257812
0.0511817932128906 -0.0271072387695313 0.0293846130371094 -0.00453948974609375
0.0313682556152344 -0.0506782531738281 0.012211799621582 -0.00786781311035157
0.0118942260742187 -0.0515251159667969 0.00188064575195313 0.0127487182617187
0.0121040344238281 -0.044952392578125 -0.00580215454101563 0.0281448364257812
0.0131874084472656 -0.0526237487792969 -0.0133628845214844 0.0392799377441406
0.0245361328125 -0.0523681640625 -0.0273170471191406 0.03631591796875
0.0422401428222656 -0.0373573303222656 -0.0369987487792969 0.0293006896972656
0.0545463562011719 -0.0236854553222656 -0.0331535339355469 0.0100631713867188
0.0626716613769531 0.00518417358398438 -0.02325439453125 -0.003875732421875
0.0659904479980469 0.0295448303222656 0.00747108459472657 0.0136041641235352
0.0561065673828125 0.0427589416503906 0.0163383483886719 0.052001953125
0.0387496948242188 0.0378456115722656 0.0634346008300781 -0.000732421874999998
0.0557136535644531 0.032989501953125 0.0665473937988281 0.0189933776855469
0.0529060363769531 0.0103530883789063 0.0462722778320313 0.009185791015625
0.0490608215332031 -0.00794601440429687 0.037109375 0.00690460205078125
0.0359077453613281 -0.0247993469238281 0.0217494964599609 0.00643348693847656
0.0185356140136719 -0.0411415100097656 0.00885963439941406 0.0101222991943359
0.00496673583984375 -0.0371284484863281 0.00268173217773438 0.03173828125
0.00673675537109375 -0.0325164794921875 -0.00353622436523437 0.0456809997558594
0.008941650390625 -0.0387039184570313 -0.0138282775878906 0.0543899536132813
0.0192298889160156 -0.0386161804199219 -0.03143310546875 0.0489692687988281
0.0348548889160156 -0.0264186859130859 -0.0405807495117188 0.0364952087402344
0.0457801818847656 -0.0147209167480469 -0.0348606109619141 0.0142326354980469
0.0509185791015625 0.0118370056152344 -0.0185050964355469 -1.14440917968722E-05
0.0507392883300781 0.0318145751953125 0.0200023651123047 0.0222644805908203
0.0383987426757813 0.0404014587402344 0.0315780639648437 0.0675392150878906
0.0153007507324219 0.0206928253173828 0.0726776123046875 0.00122833251953125
0.0327663421630859 0.0203704833984375 0.0698394775390625 0.0140914916992188
0.0309391021728516 0.00393486022949219 0.0434150695800781 0.00615310668945312
0.0261459350585938 -0.00813865661621094 0.0309581756591797 0.0101070404052734
0.0164527893066406 -0.0173768997192383 0.0195770263671875 0.0137748718261719
0.00404739379882812 -0.0239467620849609 0.00896453857421875 0.0228958129882813
-0.00139427185058594 -0.0173177719116211 0.0059051513671875 0.043792724609375
-7.53402709960939E-05 -0.0142316818237305 -4.5776367187506E-05 0.0561599731445313
0.00177383422851562 -0.0192775726318359 -0.0154457092285156 0.0644378662109375
0.00861740112304688 -0.0218391418457031 -0.0366058349609375 0.0566177368164063
0.0208778381347656 -0.015045166015625 -0.0452041625976563 0.0402565002441406
0.0298023223876953 -0.00730133056640625 -0.0385513305664063 0.0176544189453125
0.0320281982421875 0.0121040344238281 -0.0182418823242187 0.00461006164550781
0.0289821624755859 0.0258903503417969 0.0245418548583984 0.031158447265625
0.0159721374511719 0.0290794372558594 0.0385208129882812 0.0801239013671875
0.00297689437866211 0.0037682056427002 -0.04742431640625 -0.0689239501953125
-0.00190401077270508 -0.00619220733642578 -0.0178241729736328 -0.0269565582275391
-0.00998115539550781 -7.62939453125207E-06 0.0220260620117188 -0.00283432006835938
-0.00428247451782226 0.007598876953125 0.0511436462402344 -0.020416259765625
0.003143310546875 0.0052495002746582 0.0509452819824219 -0.0429115295410156
0.00350284576416016 0.000731468200683594 0.0341110229492187 -0.066680908203125
0.00223255157470703 -0.00572013854980469 0.00904083251953126 -0.07177734375
0.000607490539550782 -0.00434422492980957 -0.00923919677734375 -0.0576171875
0.000814914703369141 -0.00412082672119141 -0.0161666870117187 -0.0414810180664063
0.00447702407836914 -0.0033111572265625 -0.0181369781494141 -0.0296974182128906
0.00418782234191895 0.00172829627990723 -0.0297260284423828 -0.0165863037109375
-0.00442838668823242 0.00506353378295898 -0.0342864990234375 -0.0100669860839844
-0.0107908248901367 -0.00400638580322265 -0.0453147888183594 -0.0101394653320313
-0.00143241882324219 -0.0117406845092773 -0.0689430236816406 -0.00378036499023438
-0.000310420989990234 -0.0056915283203125 -0.0748825073242188 0.00012969970703124
0.0288410186767578 0.0232753753662109 -0.037689208984375 -0.0641555786132813
0.0250568389892578 0.0100727081298828 -0.00702476501464843 -0.0220565795898438
0.0151643753051758 0.00814628601074219 0.0288238525390625 -0.00247573852539062
0.0200881958007813 0.00753593444824219 0.0552978515625 -0.0200653076171875
0.0222873687744141 -0.00275039672851563 0.0523147583007813 -0.0415077209472656
0.0170860290527344 -0.0177803039550781 0.0346908569335938 -0.0655746459960938
0.00786209106445312 -0.0270366668701172 0.00795364379882813 -0.0662727355957031
0.0061187744140625 -0.0247859954833984 -0.0106010437011719 -0.0501937866210938
0.00514793395996094 -0.0271282196044922 -0.0189113616943359 -0.0337123870849609
0.0127544403076172 -0.0261650085449219 -0.0222969055175781 -0.0246772766113281
0.0192508697509766 -0.0158710479736328 -0.033050537109375 -0.0125808715820313
0.0168952941894531 -0.00715160369873047 -0.0342197418212891 -0.0084228515625
0.0139598846435547 -0.0047149658203125 -0.0440139770507813 -0.007598876953125
0.0246524810791016 -0.00313568115234375 -0.0621337890625 0.00124359130859376
0.0273094177246094 0.00664138793945312 -0.0666542053222656 0.00595855712890625
0.0501441955566406 0.0401649475097656 -0.0204582214355469 -0.0539207458496094
0.0494766235351563 0.0261116027832031 0.00789833068847657 -0.0109519958496094
0.0398216247558594 0.0156936645507813 0.0362472534179688 0.00211334228515625
0.0437736511230469 0.00602340698242187 0.058258056640625 -0.0169944763183594
0.040283203125 -0.0112876892089844 0.0512657165527344 -0.0374374389648437
0.0291843414306641 -0.0342464447021484 0.0310554504394531 -0.0585365295410156
0.01202392578125 -0.0448074340820313 0.00611114501953125 -0.0531196594238281
0.00963592529296875 -0.0410957336425781 -0.0107078552246094 -0.0349712371826172
0.00761032104492187 -0.0464324951171875 -0.0187339782714844 -0.0181655883789063
0.0174026489257813 -0.045928955078125 -0.0242824554443359 -0.0126056671142578
0.0301666259765625 -0.0326976776123047 -0.03515625 -0.00361251831054687
0.0337352752685547 -0.0209274291992188 -0.034942626953125 -0.00432014465332031
0.0362129211425781 -0.00724029541015625 -0.0421638488769531 -0.00501632690429688
0.0479087829589844 0.00312423706054688 -0.0492172241210938 0.00470352172851563
0.049957275390625 0.0166664123535156 -0.0506324768066406 0.0147361755371094
0.06298828125 0.0507354736328125 0.000690460205078128 -0.0390090942382813
0.0683326721191406 0.0379066467285156 0.0255393981933594 0.00146865844726563
0.0606803894042969 0.0196800231933594 0.0425872802734375 0.0065460205078125
0.0625686645507813 0.00139617919921875 0.05780029296875 -0.0120773315429688
0.0527534484863281 -0.0207405090332031 0.0460128784179688 -0.0299263000488281
0.0348701477050781 -0.04766845703125 0.024688720703125 -0.0463371276855469
0.0140380859375 -0.0559310913085937 0.00363349914550781 -0.0333194732666016
0.0115814208984375 -0.0509834289550781 -0.0101957321166992 -0.0144929885864258
0.00881195068359375 -0.057647705078125 -0.0168371200561523 0.00113677978515625
0.01934814453125 -0.0587005615234375 -0.0251426696777344 0.00365257263183594
0.0366973876953125 -0.0441474914550781 -0.0357589721679688 0.0084228515625
0.0458602905273438 -0.0309982299804688 -0.0350570678710938 0.000986099243164061
0.0542373657226563 -0.00918197631835938 -0.037994384765625 -0.00411987304687499
0.0657577514648438 0.00946044921875 -0.0320053100585937 0.00696372985839843
0.0650291442871094 0.0262947082519531 -0.0281467437744141 0.0248069763183594
0.0673561096191406 0.0521888732910156 0.0254135131835938 -0.0236606597900391
0.0772171020507813 0.0411148071289063 0.0433692932128906 0.0116233825683594
0.0713729858398438 0.018157958984375 0.0471267700195313 0.0096435546875
0.0706405639648438 -0.004638671875 0.0534591674804688 -0.0053863525390625
0.0564537048339844 -0.0274925231933594 0.0377159118652344 -0.0182342529296875
0.0343704223632813 -0.0545120239257813 0.0177326202392578 -0.0284385681152344
0.0121116638183594 -0.0583648681640625 0.00191688537597656 -0.0105838775634766
0.0104179382324219 -0.0527496337890625 -0.00735759735107422 0.0081181526184082
0.00930023193359374 -0.0602645874023438 -0.0137481689453125 0.0216770172119141
0.0205345153808594 -0.0613899230957031 -0.0247764587402344 0.0220851898193359
0.0401763916015625 -0.0468559265136719 -0.0350780487060547 0.0212211608886719
0.05242919921875 -0.0343132019042969 -0.0343017578125 0.00700759887695312
0.06329345703125 -0.00689315795898437 -0.0321178436279297 -0.00356101989746093
0.0726089477539063 0.0164947509765625 -0.0117759704589844 0.00895500183105469
0.0690040588378906 0.0335502624511719 -0.00374603271484374 0.0372352600097656
0.0594825744628906 0.0463333129882813 0.0475578308105469 -0.0116348266601562
0.0741043090820313 0.0376358032226563 0.0592079162597656 0.0164031982421875
0.0685310363769531 0.0131759643554688 0.0492668151855469 0.00980758666992188
0.0655593872070313 -0.0102386474609375 0.0459938049316406 0.000484466552734374
0.0488853454589844 -0.0308570861816406 0.0293006896972656 -0.00589942932128907
0.026458740234375 -0.0536308288574219 0.0122251510620117 -0.00829887390136719
0.00740432739257812 -0.0516090393066406 0.00257968902587891 0.0124149322509766
0.007476806640625 -0.0459022521972656 -0.00387954711914062 0.0297088623046875
0.00799560546875 -0.0535659790039063 -0.0108299255371094 0.0412673950195312
0.0191421508789062 -0.05487060546875 -0.0257186889648438 0.0387725830078125
0.0396003723144531 -0.0413055419921875 -0.0360069274902344 0.0326309204101563
0.0529136657714844 -0.0290260314941406 -0.0333633422851563 0.0124015808105469
0.0630302429199219 0.000606536865234375 -0.0246658325195312 -0.00174331665039062
0.0686912536621094 0.0238609313964844 0.00722217559814454 0.0134811401367188
0.0604171752929688 0.0385398864746094 0.0189552307128906 0.0515022277832031
0.0426864624023438 0.03411865234375 0.0651893615722656 -0.00538253784179687
0.0590438842773438 0.0279273986816406 0.0695419311523438 0.0147552490234375
0.054443359375 0.00655364990234375 0.0480194091796875 0.0072174072265625
0.049163818359375 -0.0124244689941406 0.0382308959960938 0.00574874877929688
0.0337314605712891 -0.0280570983886719 0.0232410430908203 0.00507926940917969
0.0143203735351563 -0.0422401428222656 0.00942325592041016 0.0104274749755859
0.00145339965820312 -0.0369949340820313 0.00581932067871094 0.0318717956542969
0.00365447998046875 -0.0331001281738281 4.19616699218804E-05 0.0465202331542969
0.00491714477539062 -0.0391960144042969 -0.00987625122070312 0.0563735961914062
0.0152359008789062 -0.0402755737304688 -0.02813720703125 0.0516738891601562
0.0326957702636719 -0.0296859741210938 -0.0389785766601563 0.0393867492675781
0.0452079772949219 -0.0193328857421875 -0.0343894958496094 0.0170001983642578
0.0526123046875 0.00794601440429688 -0.0199623107910156 0.00139617919921875
0.0533065795898438 0.0277061462402344 0.0207099914550781 0.0204982757568359
0.0422706604003906 0.0366630554199219 0.0355339050292969 0.0662689208984375
0.0181140899658203 0.0190315246582031 0.0744400024414063 -0.00432586669921875
0.0350303649902344 0.0176258087158203 0.0725860595703125 0.00954437255859375
0.0318565368652344 0.00167465209960938 0.0443572998046875 0.004241943359375
0.0261421203613281 -0.0110454559326172 0.032318115234375 0.00923728942871094
0.0145282745361328 -0.0188674926757813 0.0209884643554688 0.0126800537109375
0.000921249389648438 -0.0236682891845703 0.0108623504638672 0.0230464935302734
-0.00296497344970703 -0.0157880783081055 0.00975799560546875 0.0433731079101563
-0.00120353698730469 -0.0136451721191406 0.004425048828125 0.0564689636230469
-0.000438690185546876 -0.0193557739257813 -0.0102500915527344 0.0662918090820312
0.00635910034179688 -0.0217380523681641 -0.0327072143554688 0.060211181640625
0.0197906494140625 -0.0170421600341797 -0.0428428649902344 0.0444488525390625
0.0289173126220703 -0.0107307434082031 -0.0375785827636719 0.0205955505371094
0.0333423614501953 0.00958633422851563 -0.0180931091308594 0.00629806518554687
0.0313282012939453 0.0231266021728516 0.0264453887939453 0.0291728973388672
0.0182743072509766 0.0273532867431641 0.0437240600585937 0.0781173706054688
0.00382924079895019 0.00330924987792969 -0.0490798950195313 -0.0645332336425781
-0.00163125991821289 -0.00631999969482422 -0.0188655853271484 -0.0250663757324219
-0.00941658020019531 0.00118637084960937 0.022430419921875 -0.00391578674316406
-0.00265884399414063 0.00798177719116211 0.0487022399902344 -0.0232200622558594
0.00345253944396973 0.00434637069702148 0.0477256774902344 -0.0455169677734375
0.00388765335083008 5.96046447753906E-06 0.0293846130371094 -0.0676994323730469
0.0022120475769043 -0.00652933120727539 0.00336456298828125 -0.0705795288085938
0.00142049789428711 -0.00485706329345703 -0.0140724182128906 -0.0549736022949219
0.00131988525390625 -0.00460195541381836 -0.0193252563476562 -0.0393180847167969
0.00487136840820313 -0.00329875946044922 -0.0202789306640625 -0.0284919738769531
0.00438475608825684 0.00138950347900391 -0.0316009521484375 -0.0143871307373047
-0.00372123718261719 0.00596332550048828 -0.0341434478759766 -0.00863075256347656
-0.0108270645141602 -0.00358200073242187 -0.0451393127441406 -0.00810623168945312
-0.00239753723144531 -0.0106887817382813 -0.0682106018066406 0.000480651855468749
-0.000846385955810547 -0.00478410720825195 -0.073822021484375 0.00585937499999999
0.0305290222167969 0.0208358764648438 -0.0395317077636719 -0.0603179931640625
0.0252189636230469 0.00760269165039063 -0.00808334350585938 -0.0203990936279297
0.0158843994140625 0.00665950775146484 0.0279941558837891 -0.00346946716308594
0.0206546783447266 0.00585174560546875 0.0530014038085937 -0.0230064392089844
0.0216560363769531 -0.00469589233398438 0.0489768981933594 -0.0435562133789063
0.0154628753662109 -0.0184593200683594 0.029296875 -0.0660858154296875
0.00611686706542969 -0.0271682739257813 0.00287246704101562 -0.0647048950195312
0.00422096252441406 -0.0247402191162109 -0.0151786804199219 -0.0467605590820313
0.00349617004394531 -0.0270023345947266 -0.0213623046875 -0.0312862396240234
0.0112991333007812 -0.0264186859130859 -0.0245685577392578 -0.0225887298583984
0.0184459686279297 -0.01708984375 -0.0338268280029297 -0.0102519989013672
0.016209602355957 -0.00764560699462891 -0.034637451171875 -0.00632858276367188
0.0132207870483398 -0.00455188751220703 -0.0439720153808594 -0.00508880615234375
0.02313232421875 -0.00455093383789063 -0.0612449645996094 0.00494003295898436
0.0267124176025391 0.00449752807617188 -0.0662918090820313 0.0112953186035156
0.0520858764648438 0.0352935791015625 -0.022186279296875 -0.05072021484375
0.0505409240722656 0.0220184326171875 0.0076904296875 -0.0103874206542969
0.0403556823730469 0.0125617980957031 0.0358848571777344 -6.48498535156242E-05
0.0435295104980469 0.00304031372070313 0.0564613342285156 -0.0198554992675781
0.0382881164550781 -0.0138664245605469 0.0475654602050781 -0.0394783020019531
0.0257453918457031 -0.0357551574707031 0.0261955261230469 -0.0593948364257813
0.00888442993164062 -0.0442962646484375 0.00191879272460937 -0.0515251159667969
0.00679779052734375 -0.0408744812011719 -0.0139961242675781 -0.0317478179931641
0.00416183471679687 -0.0454368591308594 -0.0206413269042969 -0.0158348083496094
0.0136833190917969 -0.046295166015625 -0.026641845703125 -0.0110664367675781
0.0271892547607422 -0.0338020324707031 -0.0356025695800781 -0.000946044921875008
0.0314750671386719 -0.022430419921875 -0.0348930358886719 -0.00227928161621094
0.0349712371826172 -0.0089569091796875 -0.0419731140136719 -0.00243759155273438
0.0468940734863281 0.000148773193359375 -0.0484580993652344 0.00797271728515625
0.0498504638671875 0.01287841796875 -0.049957275390625 0.0186347961425781
0.0659103393554688 0.0445327758789062 3.05175781250072E-05 -0.0374336242675781
0.069183349609375 0.0316276550292969 0.0252971649169922 0.00141525268554688
0.0605659484863281 0.0147972106933594 0.0428237915039063 0.00517654418945313
0.061431884765625 -0.00298309326171875 0.0561790466308594 -0.0142631530761719
0.049957275390625 -0.0235786437988281 0.0434989929199219 -0.0315208435058594
0.0300254821777344 -0.0492744445800781 0.0206718444824219 -0.0462684631347656
0.00969314575195313 -0.0551528930664063 0.00119209289550781 -0.0324363708496094
0.0072479248046875 -0.0501289367675781 -0.0112113952636719 -0.0127534866333008
0.00454330444335938 -0.0569725036621094 -0.0166416168212891 0.00238990783691406
0.0149040222167969 -0.0580787658691406 -0.0258560180664062 0.00591659545898437
0.0325164794921875 -0.0454521179199219 -0.0354270935058594 0.0110702514648438
0.0426979064941406 -0.0340042114257813 -0.0349712371826172 0.00338172912597657
0.0520057678222656 -0.01220703125 -0.0376167297363281 -0.00116729736328124
0.0644035339355469 0.00431060791015625 -0.0312881469726562 0.00850296020507813
0.0655517578125 0.0206222534179688 -0.0275459289550781 0.0273017883300781
0.0699386596679688 0.0463409423828125 0.0247802734375 -0.0244770050048828
0.0777511596679688 0.0347137451171875 0.0440673828125 0.0099945068359375
0.0706710815429688 0.0137481689453125 0.0477752685546875 0.00835418701171875
0.0683212280273438 -0.00974655151367187 0.052398681640625 -0.00790023803710937
0.0525169372558594 -0.0307731628417969 0.036163330078125 -0.0199432373046875
0.0288734436035156 -0.0554466247558594 0.0149688720703125 -0.0283374786376953
0.00716400146484376 -0.0571022033691406 0.00142955780029297 -0.00961112976074219
0.00650787353515625 -0.0518341064453125 -0.00730800628662109 0.00949764251708984
0.00430297851562501 -0.0587234497070312 -0.0124378204345703 0.0231513977050781
0.015167236328125 -0.061309814453125 -0.0239048004150391 0.0234050750732422
0.0352859497070313 -0.0491828918457031 -0.0345306396484375 0.0229625701904297
0.0486984252929688 -0.0374832153320313 -0.0340518951416016 0.00920867919921874
0.0613059997558594 -0.0107841491699219 -0.0318279266357422 -0.000883102416992187
0.0719985961914063 0.0110244750976562 -0.0121278762817383 0.0100269317626953
0.0698699951171875 0.0278549194335938 -0.00271224975585937 0.0376968383789063
0.0618743896484375 0.0407218933105469 0.0466117858886719 -0.0152435302734375
0.0742721557617187 0.0310287475585937 0.0595436096191406 0.0133934020996094
0.0677604675292969 0.00840377807617188 0.0495033264160156 0.00835037231445313
0.0635414123535156 -0.0145378112792969 0.0457878112792969 -0.000862121582031251
0.045196533203125 -0.0341758728027344 0.0287322998046875 -0.0069427490234375
0.0215034484863281 -0.05316162109375 0.0103912353515625 -0.00798511505126953
0.003143310546875 -0.0507774353027344 0.00342369079589844 0.0123691558837891
0.0043487548828125 -0.0452804565429687 -0.0019989013671875 0.0299053192138672
0.00288009643554688 -0.0524177551269531 -0.00858306884765625 0.0417060852050781
0.0145301818847656 -0.0547409057617188 -0.02337646484375 0.039794921875
0.0355110168457031 -0.0438575744628906 -0.0344066619873047 0.0342807769775391
0.0490531921386719 -0.0322418212890625 -0.0326595306396484 0.0140113830566406
0.061431884765625 -0.00375747680664063 -0.0251102447509766 0.000356674194335941
0.0690879821777344 0.018524169921875 0.00712299346923829 0.0123109817504883
0.0622978210449219 0.0328216552734375 0.0204238891601563 0.0502128601074219
0.0441780090332031 0.0295753479003906 0.0647964477539063 -0.00958251953125
0.059356689453125 0.023162841796875 0.0697250366210938 0.0108299255371094
0.0534400939941406 0.00284576416015625 0.0473060607910156 0.00623321533203125
0.0471687316894531 -0.0156593322753906 0.0386772155761719 0.0041046142578125
0.0306816101074219 -0.0302333831787109 0.0235157012939453 0.00465965270996094
0.0101547241210937 -0.0418624877929688 0.010462760925293 0.00971412658691406
-0.00111770629882812 -0.0353927612304687 0.0081329345703125 0.0307044982910156
0.00106620788574219 -0.0315055847167969 0.0041046142578125 0.0454254150390625
0.00114822387695313 -0.0379447937011719 -0.00586318969726563 0.0566673278808594
0.0113029479980469 -0.0404548645019531 -0.0250396728515625 0.0524482727050781
0.0293502807617188 -0.0313568115234375 -0.035980224609375 0.0418128967285156
0.0420989990234375 -0.0224113464355469 -0.0333061218261719 0.0186729431152344
0.0512275695800781 0.00344467163085937 -0.019317626953125 0.00321197509765625
0.0542259216308594 0.02294921875 0.0211067199707031 0.0185794830322266
0.0446548461914063 0.0325469970703125 0.0377845764160156 0.0636482238769531
0.0186233520507813 0.0169200897216797 0.0739364624023437 -0.009735107421875
0.0352897644042969 0.0146217346191406 0.072235107421875 0.005401611328125
0.0311183929443359 -0.000226974487304687 0.0440559387207031 0.00257492065429688
0.0249176025390625 -0.0124683380126953 0.0332088470458984 0.00819015502929687
0.0128936767578125 -0.0199260711669922 0.0220775604248047 0.0119113922119141
-0.00185775756835937 -0.0223636627197266 0.0130729675292969 0.0220794677734375
-0.00477123260498047 -0.0147533416748047 0.0140228271484375 0.0412216186523438
-0.00236892700195313 -0.0128068923950195 0.0087127685546875 0.0546836853027344
-0.00230789184570313 -0.0177783966064453 -0.00521087646484375 0.065185546875
0.00348663330078125 -0.0219879150390625 -0.0283470153808594 0.0609626770019531
0.0171089172363281 -0.0186710357666016 -0.0399360656738281 0.0463752746582031
0.0270481109619141 -0.0122699737548828 -0.0360336303710938 0.0225257873535156
0.0330257415771484 0.0070648193359375 -0.0177230834960937 0.00680351257324218
0.0317974090576172 0.0199012756347656 0.0276126861572266 0.0258903503417969
0.0200023651123047 0.0248565673828125 0.046112060546875 0.0743789672851563
0.00424933433532715 0.0035851001739502 -0.0484046936035156 -0.0604324340820313
-0.00153017044067383 -0.00587844848632813 -0.0183677673339844 -0.0224647521972656
-0.00821685791015625 0.00122261047363281 0.0217647552490234 -0.0044403076171875
-0.0020146369934082 0.00730180740356445 0.0467453002929687 -0.0239524841308594
0.00372195243835449 0.0039525032043457 0.044769287109375 -0.0457954406738281
0.00391483306884766 -0.000591039657592773 0.0260848999023437 -0.066497802734375
0.00239133834838867 -0.00697994232177734 7.24792480468702E-05 -0.0673103332519531
0.00174522399902344 -0.0053105354309082 -0.0157546997070313 -0.0516624450683594
0.00162458419799805 -0.00462675094604492 -0.0210418701171875 -0.0367774963378906
0.00486850738525391 -0.00374317169189453 -0.0216655731201172 -0.0265407562255859
0.00558614730834961 0.00115060806274414 -0.0308685302734375 -0.0130844116210937
-0.00256872177124023 0.00648307800292969 -0.0338668823242188 -0.00787925720214843
-0.0106468200683594 -0.00226306915283203 -0.0438499450683594 -0.00780105590820313
-0.0032796859741211 -0.0102949142456055 -0.0656051635742188 0.00267791748046876
-0.00099945068359375 -0.00378942489624023 -0.0724639892578125 0.00952148437499999
0.0308780670166016 0.0190525054931641 -0.0388412475585937 -0.0565109252929688
0.0252265930175781 0.00623703002929688 -0.00770950317382813 -0.0184612274169922
0.0158987045288086 0.00592803955078125 0.0275325775146484 -0.00351333618164062
0.0201225280761719 0.00432586669921875 0.0508918762207031 -0.023040771484375
0.0208663940429688 -0.0056304931640625 0.0460739135742188 -0.043609619140625
0.0143566131591797 -0.0182285308837891 0.0257225036621094 -0.0649299621582031
0.00471305847167968 -0.0265674591064453 0.000205993652343752 -0.0614051818847656
0.00392913818359375 -0.0244159698486328 -0.0165786743164063 -0.0433311462402344
0.00282669067382812 -0.0263671875 -0.0227432250976563 -0.0285854339599609
0.00992202758789063 -0.0256729125976563 -0.0253849029541016 -0.0210723876953125
0.0175180435180664 -0.0167694091796875 -0.0337810516357422 -0.00894546508789063
0.0157995223999023 -0.00769519805908203 -0.0339336395263672 -0.00590133666992187
0.0123510360717773 -0.0045623779296875 -0.0431709289550781 -0.00419616699218751
0.0222129821777344 -0.00435066223144531 -0.0591697692871094 0.00720214843750001
0.0256595611572266 0.00379371643066406 -0.0643348693847656 0.0142440795898437
0.0524444580078125 0.0322685241699219 -0.0215187072753906 -0.0477714538574219
0.04925537109375 0.0187950134277344 0.00796699523925782 -0.00901508331298828
0.0395545959472656 0.0108642578125 0.0355262756347656 0.000354766845703126
0.0421905517578125 0.00054168701171875 0.0546340942382812 -0.0200309753417969
0.0365715026855469 -0.0153274536132813 0.0453262329101563 -0.0390739440917969
0.0235137939453125 -0.0344562530517578 0.0228462219238281 -0.0573806762695312
0.00717926025390625 -0.0428009033203125 -0.000320434570312505 -0.0488700866699219
0.00482559204101562 -0.0397224426269531 -0.0148391723632813 -0.0289573669433594
0.002349853515625 -0.0440177917480469 -0.0211772918701172 -0.0140933990478516
0.0118675231933594 -0.045074462890625 -0.0271644592285156 -0.00928115844726563
0.0255813598632813 -0.0336284637451172 -0.0354461669921875 0.000232696533203125
0.0298595428466797 -0.0228290557861328 -0.0346698760986328 -0.00177764892578125
0.0331459045410156 -0.00931739807128906 -0.0408287048339844 -0.00171279907226563
0.0446815490722656 -0.00127029418945313 -0.0467071533203125 0.00983428955078124
0.0486602783203125 0.0107345581054688 -0.0483360290527344 0.0208091735839844
0.0657997131347656 0.0401649475097656 0.000194549560546881 -0.0357398986816406
0.0678787231445313 0.0268211364746094 0.0252170562744141 0.0017242431640625
0.0588531494140625 0.0126075744628906 0.0417251586914063 0.00501251220703125
0.0591697692871094 -0.00540924072265625 0.0549774169921875 -0.0145225524902344
0.0471305847167969 -0.0246391296386719 0.0406532287597656 -0.0313453674316406
0.0274200439453125 -0.0474891662597656 0.0179710388183594 -0.04486083984375
0.00624465942382812 -0.0526657104492188 -0.000299453735351563 -0.0301876068115234
0.005218505859375 -0.0485877990722656 -0.0115966796875 -0.0099945068359375
0.001800537109375 -0.0548667907714844 -0.0163354873657227 0.00378227233886719
0.0115699768066406 -0.0570030212402344 -0.0259857177734375 0.0065155029296875
0.0298995971679688 -0.0453300476074219 -0.0348625183105469 0.0117454528808594
0.0396652221679688 -0.0337982177734375 -0.0339717864990234 0.00379753112792968
0.0491714477539063 -0.0128173828125 -0.0371780395507813 -9.53674316406274E-05
0.0619659423828125 0.00218963623046875 -0.0308132171630859 0.0103340148925781
0.0636672973632813 0.0177459716796875 -0.0269260406494141 0.0282878875732422
0.0695228576660156 0.04156494140625 0.0242481231689453 -0.0236797332763672
0.0759429931640625 0.0298995971679688 0.0440025329589844 0.00887298583984375
0.0681114196777344 0.0105209350585938 0.0468330383300781 0.00772857666015625
0.0659446716308594 -0.012054443359375 0.051177978515625 -0.00806045532226562
0.0492134094238281 -0.0322189331054688 0.0344371795654297 -0.0198001861572266
0.0252609252929688 -0.0536537170410156 0.0136871337890625 -0.0265293121337891
0.00452423095703124 -0.0545234680175781 0.00146389007568359 -0.0091400146484375
0.00437545776367187 -0.0494956970214844 -0.00655937194824219 0.00995635986328125
0.000949859619140626 -0.0563201904296875 -0.0114269256591797 0.0232143402099609
0.0120315551757813 -0.059326171875 -0.0241565704345703 0.0237808227539062
0.0319290161132813 -0.0483131408691406 -0.0335597991943359 0.0239086151123047
0.045135498046875 -0.03826904296875 -0.0328712463378906 0.00953865051269531
0.0583648681640625 -0.0122299194335937 -0.0313606262207031 0.000831604003906247
0.0695953369140625 0.00857925415039063 -0.0118303298950195 0.0102624893188477
0.0686378479003906 0.0241127014160156 -0.00275421142578125 0.0376472473144531
0.0616111755371094 0.0364608764648438 0.0457687377929688 -0.0156936645507812
0.072509765625 0.0262832641601563 0.058807373046875 0.0116119384765625
0.0656089782714844 0.0059967041015625 0.04815673828125 0.00806045532226563
0.0604743957519531 -0.0166893005371094 0.0450668334960938 -0.00116348266601563
0.0419197082519531 -0.0341224670410156 0.0282154083251953 -0.00703048706054688
0.0177383422851562 -0.0513687133789063 0.0101146697998047 -0.00757598876953125
0.000923156738281252 -0.04766845703125 0.00412654876708984 0.0117826461791992
0.00247573852539063 -0.043121337890625 -0.000518798828124997 0.0294532775878906
0.000125885009765624 -0.0497283935546875 -0.00609588623046875 0.0410728454589844
0.0112228393554687 -0.0530014038085938 -0.0223808288574219 0.0394744873046875
0.0318717956542969 -0.0432167053222656 -0.0329818725585937 0.0345497131347656
0.04608154296875 -0.0338935852050781 -0.0315990447998047 0.0143394470214844
0.0585746765136719 -0.00593185424804687 -0.0243511199951172 0.00120925903320313
0.067291259765625 0.0154991149902344 0.00699710845947266 0.0118770599365234
0.0615997314453125 0.0284843444824219 0.0203285217285156 0.0489311218261719
0.0438041687011719 0.0259742736816406 0.0624809265136719 -0.0121498107910156
0.0577812194824219 0.0198173522949219 0.0680656433105469 0.00899887084960938
0.0513458251953125 0.00120925903320312 0.0466957092285156 0.0053253173828125
0.0444221496582031 -0.0175018310546875 0.0378341674804688 0.00393295288085937
0.0275058746337891 -0.0301647186279297 0.0233688354492187 0.00457191467285156
0.00727462768554688 -0.0397834777832031 0.0104188919067383 0.00968647003173828
-0.00299835205078125 -0.0329208374023438 0.00938034057617188 0.0288028717041016
-0.000381469726562498 -0.0294094085693359 0.005615234375 0.0436592102050781
-0.000503540039062504 -0.03594970703125 -0.0035400390625 0.0548515319824219
0.00830078125 -0.0382957458496094 -0.0230941772460938 0.0521049499511719
0.0266208648681641 -0.0319023132324219 -0.0341072082519531 0.0415077209472656
0.039215087890625 -0.0237274169921875 -0.0324935913085938 0.0194911956787109
0.0492439270019531 0.00189590454101562 -0.0187568664550781 0.00406646728515625
0.0532150268554688 0.0203666687011719 0.0202007293701172 0.0171451568603516
0.0443153381347656 0.0288352966308594 0.0370826721191406 0.0602645874023438
0.0185718536376953 0.0148963928222656 0.0711746215820313 -0.0125045776367187
0.0347099304199219 0.0122909545898438 0.0699844360351562 0.00292587280273438
0.0301303863525391 -0.00186729431152344 0.0433845520019531 0.0023651123046875
0.0238819122314453 -0.0132637023925781 0.0329685211181641 0.00827789306640625
0.0109729766845703 -0.0194339752197266 0.0220088958740234 0.0118827819824219
-0.00307083129882813 -0.0208263397216797 0.0137920379638672 0.0208644866943359
-0.00492668151855469 -0.0129938125610352 0.0153465270996094 0.0390548706054688
-0.00288581848144531 -0.0112028121948242 0.0113296508789062 0.052001953125
-0.00311470031738281 -0.016200065612793 -0.00223541259765626 0.0627326965332031
0.00175857543945313 -0.0206184387207031 -0.0253410339355469 0.0599212646484375
0.0154743194580078 -0.0184326171875 -0.0372505187988281 0.0460166931152344
0.0249767303466797 -0.0134105682373047 -0.0345745086669922 0.0229454040527344
0.032012939453125 0.00546455383300781 -0.0175399780273437 0.00723838806152344
0.0309925079345703 0.0179347991943359 0.0261726379394531 0.02313232421875
0.0202007293701172 0.0223941802978516 0.0460052490234375 0.0698509216308594
0.00462579727172852 0.00446557998657227 -0.0457878112792969 -0.058929443359375
-0.00186920166015625 -0.0055694580078125 -0.0171394348144531 -0.0213088989257812
-0.00797176361083985 0.00118637084960938 0.0215015411376953 -0.00424385070800781
-0.00155782699584961 0.00724935531616211 0.0461616516113281 -0.0229682922363281
0.00406408309936523 0.00398588180541992 0.043670654296875 -0.0450897216796875
0.00464868545532227 -0.00116300582885742 0.0252265930175781 -0.0652427673339844
0.00256109237670898 -0.00775671005249024 -3.43322753906268E-05 -0.0645484924316406
0.0023956298828125 -0.00594186782836914 -0.0156784057617187 -0.0492019653320313
0.00193262100219727 -0.00499629974365234 -0.0215797424316406 -0.0351943969726563
0.00576353073120117 -0.00436639785766602 -0.0223293304443359 -0.0264530181884766
0.00598430633544922 0.00131464004516602 -0.0308704376220703 -0.0127696990966797
-0.00207376480102539 0.00697851181030273 -0.0332279205322266 -0.00821685791015626
-0.0100460052490234 -0.00125312805175781 -0.0438804626464844 -0.00847625732421876
-0.00370693206787109 -0.00940990447998047 -0.0647010803222656 0.00220870971679689
-0.000966548919677734 -0.00323820114135742 -0.0712127685546875 0.010101318359375
0.0301856994628906 0.0190296173095703 -0.0360679626464844 -0.0547218322753906
0.0240058898925781 0.00591659545898438 -0.00677680969238281 -0.0172386169433594
0.0151548385620117 0.00552940368652344 0.0279026031494141 -0.00238037109375
0.0199146270751953 0.00302505493164063 0.0504570007324219 -0.0224800109863281
0.0201511383056641 -0.00522041320800781 0.0451812744140625 -0.0425796508789063
0.0139999389648437 -0.0183010101318359 0.0243568420410156 -0.0628433227539063
0.00499153137207031 -0.0269184112548828 -0.000102996826171875 -0.0592765808105469
0.00398063659667969 -0.0242729187011719 -0.0163459777832031 -0.0410995483398437
0.00316047668457031 -0.0261592864990234 -0.0235671997070312 -0.0267448425292969
0.0102767944335938 -0.0257167816162109 -0.0263748168945313 -0.0201683044433594
0.0172586441040039 -0.015934944152832 -0.0333786010742188 -0.00852775573730469
0.0153188705444336 -0.00703907012939453 -0.0337181091308594 -0.00665092468261719
0.0113916397094727 -0.00341606140136719 -0.0422325134277344 -0.00487899780273437
0.0215072631835937 -0.00399971008300781 -0.057830810546875 0.00735473632812501
0.0251026153564453 0.00424385070800781 -0.0637626647949219 0.0148735046386719
0.051239013671875 0.0308837890625 -0.0199813842773437 -0.0461959838867188
0.0478935241699219 0.0182876586914063 0.00812625885009766 -0.00743293762207031
0.0390472412109375 0.010406494140625 0.0349788665771484 0.00161552429199219
0.0414695739746094 -0.00066375732421875 0.05364990234375 -0.0190238952636719
0.0356559753417969 -0.0151443481445313 0.0445632934570313 -0.0381317138671875
0.0217037200927734 -0.0334987640380859 0.0219383239746094 -0.0553932189941406
0.00687026977539063 -0.041534423828125 -0.00104141235351563 -0.04681396484375
0.0053558349609375 -0.0389671325683594 -0.0144271850585938 -0.0268306732177734
0.00221633911132813 -0.0426750183105469 -0.0217323303222656 -0.0128517150878906
0.0109939575195312 -0.0438575744628906 -0.0280075073242188 -0.00848007202148438
0.0250167846679687 -0.0326786041259766 -0.0358047485351563 0.000122070312500006
0.0296344757080078 -0.0214347839355469 -0.0346908569335938 -0.00151824951171876
0.0321311950683594 -0.0083160400390625 -0.040252685546875 -0.00171279907226562
0.0433158874511719 -0.00116348266601563 -0.046661376953125 0.0100059509277344
0.047271728515625 0.0104904174804688 -0.048370361328125 0.0217475891113281
0.0649642944335938 0.0387115478515625 0.00207710266113281 -0.0349769592285156
0.0660858154296875 0.0262527465820313 0.0256538391113281 0.00268363952636719
0.0575408935546875 0.0121612548828125 0.0419921875 0.00627899169921875
0.0574569702148438 -0.005584716796875 0.0543060302734375 -0.0133895874023438
0.0459060668945313 -0.0247459411621094 0.0397605895996094 -0.0294189453125
0.0268058776855469 -0.0456619262695313 0.0176773071289063 -0.0433578491210938
0.00637054443359375 -0.0511474609375 -0.000299453735351561 -0.0285758972167969
0.00470352172851563 -0.0472831726074219 -0.0118083953857422 -0.0087575912475586
0.00124740600585937 -0.0531005859375 -0.016392707824707 0.00528907775878906
0.0104255676269531 -0.0549774169921875 -0.0275707244873047 0.00741195678710937
0.0285911560058594 -0.0444488525390625 -0.0355186462402344 0.0118141174316406
0.0388069152832031 -0.0330390930175781 -0.0347728729248047 0.00317192077636718
0.0478668212890625 -0.0124282836914063 -0.0366020202636719 0.000286102294921867
0.0599288940429688 0.00304412841796875 -0.0303192138671875 0.0103836059570312
0.0623550415039063 0.0167312622070313 -0.0273857116699219 0.0292205810546875
0.068267822265625 0.0397300720214844 0.0247478485107422 -0.0233402252197266
0.073577880859375 0.0288009643554687 0.0429458618164063 0.0102958679199219
0.0669441223144531 0.0104904174804688 0.0471000671386719 0.00974655151367188
0.0637016296386719 -0.0122718811035156 0.0507965087890625 -0.00587844848632813
0.0477027893066406 -0.031280517578125 0.0343532562255859 -0.0186557769775391
0.0239334106445313 -0.0518112182617187 0.0124092102050781 -0.0251979827880859
0.00392532348632813 -0.0523796081542969 0.000854969024658204 -0.00848245620727539
0.00333023071289063 -0.0483055114746094 -0.00592899322509766 0.0110139846801758
0.000247955322265624 -0.0553092956542969 -0.0113430023193359 0.0237178802490234
0.00998306274414063 -0.0576972961425781 -0.0245037078857422 0.0239524841308594
0.030670166015625 -0.0480880737304688 -0.0330429077148438 0.0239448547363281
0.0438385009765625 -0.0372238159179688 -0.0330753326416016 0.00970077514648438
0.0571441650390625 -0.0111122131347656 -0.0304889678955078 0.000888824462890618
0.0684585571289063 0.00780868530273438 -0.0119867324829102 0.0107784271240234
0.0670433044433594 0.0226364135742188 -0.00323104858398437 0.0379486083984375
0.059906005859375 0.0343818664550781 0.0457496643066406 -0.0150718688964844
0.0704421997070313 0.0245513916015625 0.0579338073730469 0.0124092102050781
0.0634117126464844 0.00596237182617188 0.0474510192871094 0.00961685180664063
0.0588035583496094 -0.0160102844238281 0.0449295043945313 -1.1444091796876E-05
0.04046630859375 -0.0336456298828125 0.0275001525878906 -0.00589942932128906
0.0166053771972656 -0.0492286682128906 0.010096549987793 -0.00624656677246094
0.000789642333984379 -0.0453987121582031 0.00423717498779297 0.0122947692871094
0.0014495849609375 -0.0415153503417969 -3.62396240234354E-05 0.0290126800537109
-0.000705718994140627 -0.0477981567382812 -0.00657272338867187 0.0403823852539063
0.00970077514648437 -0.0508270263671875 -0.0228271484375 0.0389060974121094
0.0304222106933594 -0.0423469543457031 -0.0327987670898438 0.0332698822021484
0.0434722900390625 -0.0339393615722656 -0.0315933227539063 0.0141334533691406
0.0570144653320312 -0.00580215454101562 -0.0241813659667969 0.00217247009277343
0.0659332275390625 0.0143089294433594 0.00546550750732422 0.0123453140258789
0.0604171752929688 0.0273590087890625 0.0183067321777344 0.0487594604492188
0.043365478515625 0.02435302734375 0.0623779296875 -0.0122566223144531
0.056060791015625 0.0182113647460938 0.0666770935058594 0.0091400146484375
0.0506095886230469 0.000820159912109375 0.04638671875 0.0065155029296875
0.0437164306640625 -0.0174713134765625 0.0386886596679688 0.00553512573242188
0.0266571044921875 -0.0294742584228516 0.0235385894775391 0.00509834289550781
0.00649642944335937 -0.0379829406738281 0.0104742050170898 0.0103311538696289
-0.00378799438476562 -0.0318927764892578 0.00935745239257812 0.0283565521240234
-0.000774383544921878 -0.0277004241943359 0.00649261474609375 0.0423507690429687
-0.00144195556640625 -0.0335636138916016 -0.00348281860351563 0.0532951354980469
0.00702667236328125 -0.0374526977539063 -0.0229530334472656 0.0514144897460938
0.0253181457519531 -0.0312881469726563 -0.0337486267089844 0.041290283203125
0.0376663208007813 -0.0238113403320312 -0.0318889617919922 0.0180950164794922
0.0475578308105469 0.00208663940429688 -0.0189189910888672 0.0042266845703125
0.0521965026855469 0.0193939208984375 0.0189094543457031 0.0167560577392578
0.0432281494140625 0.0270538330078125 0.0351638793945312 0.0598487854003906
0.0190067291259766 0.0136032104492188 0.0712432861328125 -0.0118408203125
0.0342369079589844 0.0113430023193359 0.0689582824707031 0.00363540649414063
0.0293998718261719 -0.00202751159667969 0.0423431396484375 0.0036468505859375
0.0224456787109375 -0.0139999389648438 0.0336189270019531 0.00930213928222656
0.00996780395507813 -0.0192661285400391 0.0214920043945313 0.0120162963867187
-0.00355911254882813 -0.0200080871582031 0.0142707824707031 0.0211582183837891
-0.00562953948974609 -0.0116424560546875 0.0157470703125 0.0366554260253906
-0.00348472595214844 -0.0106639862060547 0.0117111206054688 0.0501747131347656
-0.00447273254394531 -0.0146751403808594 -0.00160980224609375 0.0605506896972656
0.000949859619140625 -0.0191154479980469 -0.025177001953125 0.05816650390625
0.0140705108642578 -0.0181102752685547 -0.036407470703125 0.04498291015625
0.0238513946533203 -0.0134429931640625 -0.0338783264160156 0.0226974487304687
0.0307388305664063 0.00472831726074219 -0.017430305480957 0.00669956207275391
0.0308761596679688 0.0172214508056641 0.0248012542724609 0.022796630859375
0.019989013671875 0.0211811065673828 0.0436592102050781 0.0687294006347656
0.00445222854614258 0.00428056716918945 -0.044403076171875 -0.0599212646484375
-0.00201225280761719 -0.00504016876220703 -0.0163631439208984 -0.0213279724121094
-0.00804996490478516 0.00163602828979492 0.0222034454345703 -0.00351333618164063
-0.00121212005615234 0.00728178024291992 0.0464439392089844 -0.0229873657226563
0.00459575653076172 0.00374984741210937 0.0447883605957031 -0.0444793701171875
0.00515079498291016 -0.00125789642333984 0.0263595581054687 -0.0653533935546875
0.00289201736450195 -0.00846719741821289 0.000389099121093752 -0.0646400451660156
0.0031275749206543 -0.00705862045288086 -0.0162429809570313 -0.048614501953125
0.00404834747314453 -0.00544357299804687 -0.0224685668945312 -0.0349273681640625
0.00686168670654297 -0.00452852249145508 -0.0238857269287109 -0.026397705078125
0.00613832473754883 0.00166654586791992 -0.0317668914794922 -0.0140190124511719
-0.00218772888183594 0.007354736328125 -0.0343341827392578 -0.00904655456542969
-0.0105066299438477 -0.000959396362304689 -0.0438995361328125 -0.0110092163085937
-0.00456047058105469 -0.00908279418945313 -0.0651321411132813 0.00180816650390624
-0.00112235546112061 -0.00197887420654297 -0.072540283203125 0.0106124877929688
0.0297813415527344 0.0193557739257813 -0.03411865234375 -0.0557975769042969
0.0250282287597656 0.00598907470703125 -0.00501346588134765 -0.0163173675537109
0.0163936614990234 0.00611495971679688 0.0286769866943359 -0.00167083740234375
0.0206737518310547 0.00335502624511719 0.051239013671875 -0.0209007263183594
0.0207710266113281 -0.00565910339355469 0.0458183288574219 -0.0418701171875
0.01470947265625 -0.0180568695068359 0.0257225036621094 -0.062652587890625
0.00519180297851563 -0.0272331237792969 0.000564575195312501 -0.058349609375
0.00437736511230469 -0.0253238677978516 -0.0159683227539063 -0.040191650390625
0.00389289855957031 -0.0266456604003906 -0.0238418579101563 -0.026031494140625
0.0109443664550781 -0.0256404876708984 -0.0280494689941406 -0.0206947326660156
0.0181522369384766 -0.0161342620849609 -0.0348377227783203 -0.00952911376953125
0.0167474746704102 -0.006134033203125 -0.0345649719238281 -0.00768280029296875
0.0114774703979492 -0.00253963470458984 -0.0425453186035156 -0.00593185424804688
0.0203475952148438 -0.00392913818359375 -0.0584449768066406 0.00679397583007812
0.0245609283447266 0.00527000427246094 -0.0643119812011719 0.0159797668457031
0.0522308349609375 0.0316619873046875 -0.0172843933105469 -0.0469818115234375
0.048553466796875 0.0183296203613281 0.00967788696289063 -0.00689411163330078
0.0392074584960938 0.0111961364746094 0.0364608764648438 0.00307464599609375
0.0416679382324219 -0.00011444091796875 0.0546989440917969 -0.0171470642089844
0.0356521606445312 -0.0149192810058594 0.0447120666503906 -0.0372390747070313
0.0224075317382813 -0.0338268280029297 0.0227088928222656 -0.0552635192871094
0.00716400146484375 -0.0420036315917969 -0.00031661987304687 -0.0455780029296875
0.00539779663085938 -0.0401420593261719 -0.015106201171875 -0.0258331298828125
0.00270462036132813 -0.0425910949707031 -0.0220737457275391 -0.012054443359375
0.0119056701660156 -0.0442924499511719 -0.0295028686523437 -0.0078258514404297
0.0259246826171875 -0.0325431823730469 -0.0367622375488281 0.000835418701171871
0.0296401977539063 -0.0212459564208984 -0.0365180969238281 -0.0028839111328125
0.0322971343994141 -0.00657081604003906 -0.0414390563964844 -0.00263214111328125
0.0432357788085938 -0.000213623046875 -0.0471420288085938 0.0102348327636719
0.0471420288085938 0.0111923217773438 -0.0500373840332031 0.0224876403808594
0.0650863647460937 0.0389595031738281 0.00364875793457032 -0.0348777770996094
0.0661697387695313 0.0262832641601563 0.0264511108398438 0.0036773681640625
0.0578498840332031 0.0132827758789063 0.0434684753417969 0.00845718383789063
0.0582618713378906 -0.00699234008789063 0.0551872253417969 -0.0110206604003906
0.0454444885253906 -0.0248603820800781 0.040985107421875 -0.0285758972167969
0.0264816284179688 -0.0452308654785156 0.0178756713867187 -0.0418548583984375
0.00693130493164063 -0.0508346557617188 -0.000265121459960934 -0.0274848937988281
0.00556182861328125 -0.0479354858398438 -0.0111007690429687 -0.00736713409423828
0.000999450683593755 -0.0527572631835938 -0.0174293518066406 0.00534915924072265
0.0113105773925781 -0.0550537109375 -0.0290641784667969 0.00721359252929687
0.0297050476074219 -0.0444602966308594 -0.03753662109375 0.0117759704589844
0.0394248962402344 -0.0329818725585938 -0.0359611511230469 0.00339508056640625
0.0484848022460938 -0.0110130310058594 -0.0381317138671875 0.000522613525390618
0.0606651306152344 0.00323104858398438 -0.0310478210449219 0.01043701171875
0.0627403259277344 0.0177383422851563 -0.0290031433105469 0.0306587219238281
0.0677833557128906 0.0404319763183594 0.0268306732177734 -0.0233745574951172
0.0735321044921875 0.0285415649414063 0.042938232421875 0.0123329162597656
0.06634521484375 0.0117988586425781 0.0472908020019531 0.0120582580566406
0.0647506713867188 -0.0117607116699219 0.0521354675292969 -0.00441741943359375
0.0475311279296875 -0.0310935974121094 0.0346050262451172 -0.0172271728515625
0.0243072509765625 -0.0504493713378906 0.012847900390625 -0.0242233276367188
0.00428771972656251 -0.0524482727050781 0.000917911529541016 -0.00745820999145508
0.00365829467773437 -0.0477943420410156 -0.00593090057373047 0.0115556716918945
0.000293731689453122 -0.0538482666015625 -0.0125865936279297 0.0242137908935547
0.0103378295898438 -0.0574874877929688 -0.0263385772705078 0.0242557525634766
0.0308799743652344 -0.0477943420410156 -0.035369873046875 0.0236701965332031
0.0440025329589844 -0.0376205444335938 -0.0343246459960938 0.00910186767578126
0.0571441650390625 -0.0110244750976562 -0.0316562652587891 0.00158309936523437
0.0687141418457031 0.00852584838867188 -0.013392448425293 0.0114870071411133
0.0670585632324219 0.0225486755371094 -0.00531005859375 0.0402450561523438
0.0602607727050781 0.0344963073730469 0.0473289489746094 -0.015380859375
0.0703659057617188 0.0245437622070313 0.0582389831542969 0.0147514343261719
0.0641517639160156 0.00746536254882812 0.0492401123046875 0.0120811462402344
0.0598793029785156 -0.0164833068847656 0.0465774536132813 0.002166748046875
0.0408248901367188 -0.0340843200683594 0.028594970703125 -0.00494575500488281
0.0167160034179688 -0.0487747192382813 0.0101079940795898 -0.00580501556396485
0.0012664794921875 -0.0450210571289063 0.00448894500732422 0.0131473541259766
0.0015716552734375 -0.0406455993652344 -0.000232696533203126 0.029205322265625
-0.000614166259765629 -0.0468177795410156 -0.00662612915039062 0.0410575866699219
0.00865936279296875 -0.0509071350097656 -0.0244865417480469 0.0397453308105469
0.0299949645996094 -0.0427894592285156 -0.0338783264160156 0.0346508026123047
0.0440330505371094 -0.0338134765625 -0.0334892272949219 0.0140323638916016
0.0573348999023438 -0.00516891479492188 -0.0251293182373047 0.00181198120117187
0.0661048889160156 0.0148849487304688 0.00531196594238282 0.0125389099121094
0.0600242614746094 0.0267982482910156 0.01641845703125 0.0508041381835938
0.0429878234863281 0.0237579345703125 0.0630226135253906 -0.0117301940917969
0.05670166015625 0.0174446105957031 0.0673713684082031 0.0112152099609375
0.0507926940917969 0.00193023681640625 0.046875 0.00862884521484375
0.0434494018554688 -0.0172271728515625 0.0391731262207031 0.0072479248046875
0.0267162322998047 -0.0293426513671875 0.0242729187011719 0.00613975524902343
0.00600814819335938 -0.0373573303222656 0.0107059478759766 0.0110692977905273
-0.00312042236328125 -0.0300502777099609 0.0100193023681641 0.0287895202636719
-0.000720977783203123 -0.0279407501220703 0.00597381591796875 0.04248046875
-0.00182151794433594 -0.033416748046875 -0.00360488891601562 0.0531806945800781
0.00627899169921875 -0.0368385314941406 -0.024169921875 0.051727294921875
0.0251941680908203 -0.0320415496826172 -0.0347366333007812 0.0419273376464844
0.0376167297363281 -0.0240364074707031 -0.0328636169433594 0.0187702178955078
0.0480918884277344 0.00193405151367188 -0.0191535949707031 0.00349807739257813
0.0522003173828125 0.0186958312988281 0.01812744140625 0.0173282623291016
0.0438957214355469 0.0264892578125 0.0337944030761719 0.0615081787109375
0.0180950164794922 0.0130901336669922 0.071533203125 -0.0126876831054688
0.0345649719238281 0.011322021484375 0.0695266723632813 0.00406265258789063
0.0297164916992187 -0.00178909301757812 0.0431900024414063 0.005035400390625
0.022918701171875 -0.0141143798828125 0.0344028472900391 0.0106182098388672
0.00997734069824219 -0.019989013671875 0.0233688354492188 0.0128669738769531
-0.00516128540039063 -0.0195083618164062 0.0147819519042969 0.0214176177978516
-0.00590610504150391 -0.0104427337646484 0.0162544250488281 0.0373001098632812
-0.00304603576660156 -0.00964832305908203 0.0119781494140625 0.0491981506347656
-0.00369167327880859 -0.0144243240356445 -0.002105712890625 0.0603866577148438
8.39233398437511E-05 -0.0194721221923828 -0.0256614685058594 0.0582313537597656
0.0140514373779297 -0.0182971954345703 -0.0382118225097656 0.0458526611328125
0.0239353179931641 -0.0142097473144531 -0.0348300933837891 0.0216617584228516
0.0311374664306641 0.00463104248046875 -0.0182991027832031 0.00658607482910156
0.031097412109375 0.0160789489746094 0.0246505737304688 0.0226573944091797
0.0197868347167969 0.0194416046142578 0.0419692993164062 0.0709381103515625
0.00493621826171875 0.00610065460205078 -0.0442123413085938 -0.0620803833007812
-0.0017695426940918 -0.00484371185302734 -0.0159397125244141 -0.0214157104492188
-0.00790166854858398 0.00182580947875977 0.02325439453125 -0.00265884399414063
-0.00081920623779297 0.00753498077392578 0.0490493774414063 -0.0224647521972656
0.00514936447143555 0.00403928756713867 0.0466079711914062 -0.045684814453125
0.00594902038574219 -0.00186824798583984 0.0264549255371094 -0.0674285888671875
0.00338077545166016 -0.0103673934936523 0.000125885009765621 -0.0670089721679688
0.00378322601318359 -0.00803184509277344 -0.0164794921875 -0.0486335754394531
0.0051884651184082 -0.00673198699951172 -0.0241355895996094 -0.0355110168457031
0.00783348083496094 -0.00487136840820313 -0.0260639190673828 -0.0276393890380859
0.00727653503417969 0.00181388854980469 -0.0334224700927734 -0.0149631500244141
-0.00093364715576172 0.00882339477539063 -0.0359764099121094 -0.0106277465820313
-0.0116634368896484 1.23977661132815E-05 -0.045623779296875 -0.0118141174316406
-0.00560522079467773 -0.00871658325195313 -0.0675506591796875 0.00160980224609374
-0.00169646739959717 -0.00114977359771729 -0.075225830078125 0.0118865966796875
0.0313949584960938 0.0201835632324219 -0.0340690612792969 -0.0577926635742187
0.0251712799072266 0.00650978088378906 -0.00499248504638672 -0.0156917572021484
0.0168647766113281 0.00650405883789062 0.0298538208007813 -0.000743865966796875
0.0214004516601563 0.00358200073242188 0.05303955078125 -0.0210990905761719
0.0218467712402344 -0.00614166259765625 0.0474929809570313 -0.0430450439453125
0.0153293609619141 -0.0192127227783203 0.0259933471679688 -0.0643463134765625
0.00537109375 -0.0288410186767578 -0.000148773193359378 -0.0597038269042969
0.00484848022460937 -0.0271644592285156 -0.0175361633300781 -0.0396842956542969
0.00471687316894531 -0.0280780792236328 -0.0254020690917969 -0.0259857177734375
0.0119037628173828 -0.0271987915039063 -0.0306472778320313 -0.0208683013916016
0.0196819305419922 -0.0166397094726563 -0.0372772216796875 -0.00941085815429688
0.0173254013061523 -0.00591468811035156 -0.0370025634765625 -0.00840377807617188
0.0121049880981445 -0.00181770324707031 -0.0453453063964844 -0.00650405883789062
0.0205802917480469 -0.00304985046386719 -0.0612258911132813 0.00722122192382814
0.0253963470458984 0.00646591186523438 -0.0680427551269531 0.0180854797363281
0.0533714294433594 0.0330238342285156 -0.0167312622070312 -0.0482215881347656
0.0505409240722656 0.018310546875 0.0105094909667969 -0.00570583343505859
0.0411758422851563 0.0117988586425781 0.0386924743652344 0.00436019897460938
0.043548583984375 -0.00093841552734375 0.0576362609863281 -0.0168304443359375
0.0370979309082031 -0.0162277221679688 0.0466842651367188 -0.0376548767089844
0.0233879089355469 -0.0346965789794922 0.0221748352050781 -0.0559577941894531
0.00705337524414062 -0.0436630249023437 -0.000270843505859374 -0.0464973449707031
0.0060272216796875 -0.0413436889648437 -0.0152130126953125 -0.0246028900146484
0.0037384033203125 -0.0447311401367188 -0.0239295959472656 -0.0112628936767578
0.0125656127929688 -0.0458793640136719 -0.0322589874267578 -0.00754547119140625
0.026702880859375 -0.0337028503417969 -0.0396957397460938 0.000778198242187499
0.0314617156982422 -0.0217075347900391 -0.0385284423828125 -0.00358581542968749
0.0330066680908203 -0.00645256042480469 -0.0432281494140625 -0.00246047973632813
0.0442390441894531 -1.52587890625E-05 -0.04931640625 0.0112419128417969
0.0488128662109375 0.0121269226074219 -0.052215576171875 0.0258064270019531
0.0673828125 0.0402603149414062 0.00482940673828125 -0.0360565185546875
0.0682411193847656 0.026519775390625 0.02783203125 0.00519943237304688
0.0606307983398438 0.0140228271484375 0.0454254150390625 0.0105552673339844
0.0598526000976563 -0.00646591186523438 0.0584869384765625 -0.0104522705078125
0.047210693359375 -0.0254859924316406 0.042694091796875 -0.0285186767578125
0.0267715454101563 -0.0466232299804688 0.0178909301757813 -0.0415458679199219
0.0068206787109375 -0.0529403686523438 -3.81469726562517E-05 -0.0274486541748047
0.0049896240234375 -0.0497512817382813 -0.0116214752197266 -0.0059957504272461
0.001312255859375 -0.0547714233398438 -0.0193939208984375 0.00728988647460937
0.0106086730957031 -0.0571632385253906 -0.0316886901855469 0.00945472717285156
0.0304946899414063 -0.0467567443847656 -0.0400733947753906 0.0130844116210937
0.0408706665039063 -0.033966064453125 -0.0386848449707031 0.00322723388671874
0.0494422912597656 -0.011199951171875 -0.039215087890625 0.000270843505859377
0.0622024536132813 0.00308990478515625 -0.0327033996582031 0.0128307342529297
0.06439208984375 0.0176658630371094 -0.0308799743652344 0.0340175628662109
0.0700187683105469 0.0402793884277344 0.0287704467773438 -0.0244712829589844
0.07586669921875 0.0283660888671875 0.0454940795898438 0.013824462890625
0.0697898864746094 0.0122222900390625 0.0503768920898438 0.0136528015136719
0.0664558410644531 -0.0126495361328125 0.0554084777832031 -0.00374221801757813
0.0487022399902344 -0.0322952270507813 0.0367050170898438 -0.0164680480957031
0.0247573852539062 -0.052734375 0.0135059356689453 -0.0236377716064453
0.00467300415039062 -0.0532035827636719 0.00152063369750977 -0.00646638870239258
0.00382232666015625 -0.0497283935546875 -0.00599575042724609 0.0135869979858398
-0.000579833984374999 -0.0559349060058594 -0.0133781433105469 0.0261268615722656
0.00967025756835938 -0.0590133666992188 -0.028900146484375 0.0261783599853516
0.0314369201660156 -0.0499191284179688 -0.0376510620117188 0.025054931640625
0.0447196960449219 -0.0388031005859375 -0.0370559692382813 0.00939559936523437
0.0587654113769531 -0.0109672546386719 -0.0330657958984375 0.00159645080566406
0.0713043212890625 0.0078582763671875 -0.0136814117431641 0.0122156143188477
0.0694465637207031 0.023193359375 -0.00643157958984375 0.0434379577636719
0.062347412109375 0.0341148376464844 0.0496139526367188 -0.0159492492675781
0.0722808837890625 0.0247650146484375 0.0604743957519531 0.0156745910644531
0.066375732421875 0.00727462768554688 0.0511283874511719 0.0135726928710937
0.060882568359375 -0.01702880859375 0.0488510131835938 0.00307083129882812
0.0414390563964844 -0.0354881286621094 0.0304279327392578 -0.00411033630371094
0.0167121887207031 -0.0497779846191406 0.0107192993164063 -0.00463676452636719
0.000537872314453126 -0.0457763671875 0.00517368316650391 0.0135688781738281
0.0013427734375 -0.0420608520507813 0.000797271728515625 0.03057861328125
-0.0015716552734375 -0.0476646423339844 -0.00712203979492188 0.0424957275390625
0.00777435302734374 -0.0521316528320313 -0.0255279541015625 0.04193115234375
0.0296745300292969 -0.0447769165039063 -0.0365409851074219 0.0364227294921875
0.0442657470703125 -0.0353660583496094 -0.0354080200195313 0.014739990234375
0.0588569641113281 -0.0055389404296875 -0.0261249542236328 0.00208854675292969
0.0686759948730469 0.0141716003417969 0.00523376464843751 0.0136680603027344
0.0625228881835938 0.0265617370605469 0.0161628723144531 0.0539283752441406
0.044097900390625 0.0241355895996094 0.0665740966796875 -0.0127601623535156
0.0577011108398438 0.0175437927246094 0.0695304870605469 0.0113487243652344
0.0530815124511719 0.00223159790039063 0.0498733520507813 0.0105514526367188
0.0448989868164062 -0.0186119079589844 0.0421714782714844 0.00831222534179688
0.0268516540527344 -0.0306243896484375 0.0256710052490234 0.00742340087890625
0.0048065185546875 -0.0380363464355469 0.0112075805664063 0.0125341415405273
-0.00391006469726563 -0.0305461883544922 0.0108470916748047 0.0298881530761719
-0.001312255859375 -0.0277214050292969 0.007049560546875 0.0437240600585938
-0.00286483764648438 -0.0330810546875 -0.00402069091796876 0.0550613403320313
0.00529098510742188 -0.0368614196777344 -0.0252876281738281 0.0542449951171875
0.0242385864257813 -0.0334358215332031 -0.0375556945800781 0.0435523986816406
0.0374298095703125 -0.0250740051269531 -0.0349025726318359 0.0197067260742188
0.0491790771484375 0.00163650512695313 -0.0205478668212891 0.00406455993652344
0.0546150207519531 0.0180854797363281 0.0186080932617188 0.0178241729736328
0.0455245971679688 0.0265846252441406 0.0336227416992188 0.0649986267089844
0.0195560455322266 0.0125732421875 0.075286865234375 -0.0137176513671875
0.0355262756347656 0.00989532470703125 0.0724411010742188 0.004364013671875
0.0319118499755859 -0.00229072570800781 0.0449562072753906 0.006317138671875
0.0231513977050781 -0.0150508880615234 0.0368614196777344 0.0119209289550781
0.00967979431152344 -0.0205707550048828 0.0260505676269531 0.0147743225097656
-0.00536727905273438 -0.0191478729248047 0.0164794921875 0.0230216979980469
-0.00597953796386719 -0.00992488861083984 0.0178337097167969 0.03790283203125
-0.00379753112792969 -0.00858068466186523 0.0131912231445313 0.0506591796875
-0.00481128692626953 -0.0130195617675781 -0.00216293334960937 0.0621261596679688
-0.0006256103515625 -0.0182876586914063 -0.0268135070800781 0.0606346130371094
0.0130729675292969 -0.0192184448242188 -0.039520263671875 0.0475120544433594
0.0232734680175781 -0.0149726867675781 -0.0370521545410156 0.0227584838867187
0.0315799713134766 0.00487518310546875 -0.0185775756835937 0.00664138793945313
0.0323276519775391 0.0157375335693359 0.0243320465087891 0.0226459503173828
0.0207843780517578 0.0188636779785156 0.0419769287109375 0.0732192993164063
0.00458335876464844 0.00715446472167969 -0.0464134216308594 -0.0636405944824219
-0.00158071517944336 -0.00500297546386719 -0.0169754028320313 -0.0209789276123047
-0.00646638870239258 0.00281238555908203 0.0246505737304688 -0.00335311889648438
0.000760078430175781 0.00771379470825195 0.0508956909179688 -0.0255126953125
0.00661516189575195 0.00324678421020508 0.0471420288085938 -0.0491752624511719
0.00655174255371094 -0.0023036003112793 0.0247421264648438 -0.0713119506835938
0.00277328491210938 -0.0114850997924805 -0.0027618408203125 -0.0699234008789063
0.00367450714111328 -0.00981998443603516 -0.0182342529296875 -0.0488853454589844
0.00525712966918945 -0.00829839706420898 -0.0274868011474609 -0.0347423553466797
0.00894069671630859 -0.00616550445556641 -0.0296535491943359 -0.027984619140625
0.00819826126098633 0.00178718566894531 -0.0372810363769531 -0.0145378112792969
-0.000221252441406249 0.00953102111816406 -0.0389938354492188 -0.010650634765625
-0.0118999481201172 0.00165557861328125 -0.0494041442871094 -0.0128669738769531
-0.00676107406616211 -0.00870323181152344 -0.0709075927734375 0.00361633300781249
-0.00182223320007324 0.00070953369140625 -0.0784988403320313 0.0165252685546875
0.0335884094238281 0.0207920074462891 -0.0356521606445313 -0.0599594116210938
0.0267410278320313 0.00558853149414063 -0.00499343872070312 -0.0156135559082031
0.0177536010742188 0.00611495971679688 0.0320320129394531 -0.00142288208007812
0.0226268768310547 0.00187110900878906 0.0549850463867188 -0.0233154296875
0.0223445892333984 -0.00764083862304688 0.0482902526855469 -0.0458755493164062
0.0159969329833984 -0.0210857391357422 0.0247917175292969 -0.0669441223144531
0.00481605529785156 -0.0311374664306641 -0.00209808349609375 -0.0612068176269531
0.00450325012207031 -0.0287380218505859 -0.0181427001953125 -0.0397872924804688
0.00414848327636719 -0.0305194854736328 -0.0285511016845703 -0.0255489349365234
0.0119838714599609 -0.0282154083251953 -0.0343360900878906 -0.0193881988525391
0.0215110778808594 -0.0181369781494141 -0.0413627624511719 -0.00874710083007812
0.0186271667480469 -0.00579452514648438 -0.0402145385742188 -0.00887680053710938
0.0122089385986328 -0.000543594360351562 -0.0479469299316406 -0.00568389892578124
0.0195293426513672 -0.00344085693359375 -0.0631752014160156 0.0106582641601563
0.0267848968505859 0.00720405578613281 -0.0713424682617188 0.0238723754882813
0.056427001953125 0.031829833984375 -0.0182342529296875 -0.0502662658691406
0.05303955078125 0.0171241760253906 0.0116024017333984 -0.00474071502685547
0.0442771911621094 0.0110435485839844 0.0419769287109375 0.00556564331054688
0.0450668334960937 -0.00227737426757812 0.0607147216796875 -0.0182304382324219
0.0378494262695313 -0.0181007385253906 0.0482902526855469 -0.04010009765625
0.0232276916503906 -0.0379486083984375 0.0214576721191406 -0.0582733154296875
0.00543212890625 -0.0462760925292969 -0.00181198120117188 -0.0483894348144531
0.00466537475585938 -0.0447654724121094 -0.0162620544433594 -0.0235443115234375
0.00136566162109375 -0.0474739074707031 -0.0264663696289062 -0.00993728637695313
0.0107574462890625 -0.0479278564453125 -0.0354957580566406 -0.00645065307617188
0.0266952514648438 -0.0361328125 -0.0440177917480469 0.00208282470703124
0.0323715209960938 -0.0229129791259766 -0.0411567687988281 -0.00244140625
0.0346450805664063 -0.00669097900390625 -0.0457649230957031 -0.00162887573242188
0.0449981689453125 -0.000408172607421875 -0.0506095886230469 0.0135307312011719
0.0510749816894531 0.0111846923828125 -0.0542259216308594 0.0312118530273438
0.0706710815429688 0.0393524169921875 0.00516128540039063 -0.037078857421875
0.0721969604492187 0.0250244140625 0.0312328338623047 0.00680732727050781
0.0640411376953125 0.0129203796386719 0.0479278564453125 0.0112419128417969
0.061004638671875 -0.00991439819335938 0.062255859375 -0.0108833312988281
0.0477790832519531 -0.0289993286132813 0.0427780151367188 -0.0299758911132813
0.0263557434082031 -0.0502204895019531 0.01605224609375 -0.0428657531738281
0.00568771362304687 -0.0548934936523438 -0.000562667846679689 -0.0280799865722656
0.0026397705078125 -0.0528450012207031 -0.0114097595214844 -0.00502014160156251
-0.001617431640625 -0.0570831298828125 -0.0207633972167969 0.0104942321777344
0.00846862792968751 -0.0592155456542969 -0.0341110229492188 0.0124015808105469
0.0294761657714844 -0.0500946044921875 -0.0420875549316406 0.0160751342773438
0.040863037109375 -0.0365486145019531 -0.0414237976074219 0.00485229492187499
0.0515518188476563 -0.0125007629394531 -0.0420074462890625 0.00204086303710937
0.0645027160644531 0.00114059448242188 -0.0339622497558594 0.01568603515625
0.0673370361328125 0.0164718627929688 -0.0317611694335937 0.0385971069335938
0.0739593505859375 0.0379257202148438 0.0299739837646484 -0.0267868041992187
0.0799026489257813 0.0264205932617187 0.0492630004882813 0.0142021179199219
0.07305908203125 0.0109710693359375 0.0549049377441406 0.014617919921875
0.0686912536621094 -0.0159988403320313 0.0589141845703125 -0.00372314453125
0.0489730834960938 -0.0359687805175781 0.0388412475585938 -0.0161514282226563
0.0240554809570313 -0.0549850463867188 0.0136871337890625 -0.0237216949462891
0.00278091430664062 -0.0540847778320313 0.00104665756225586 -0.006683349609375
0.00201416015624999 -0.0515937805175781 -0.00469493865966797 0.0155220031738281
-0.00294876098632812 -0.0564804077148438 -0.0136699676513672 0.0294837951660156
0.00647735595703124 -0.0614509582519531 -0.0297355651855469 0.0308380126953125
0.0297279357910156 -0.0531692504882813 -0.0394973754882812 0.0285835266113281
0.0453262329101563 -0.0421409606933594 -0.0399398803710938 0.0101776123046875
0.0606689453125 -0.0130882263183594 -0.0347213745117187 0.00274085998535155
0.0738143920898437 0.00543975830078125 -0.0140905380249023 0.0141468048095703
0.07281494140625 0.02099609375 -0.0072174072265625 0.04852294921875
0.06634521484375 0.0332298278808594 0.0524482727050781 -0.0192604064941406
0.075408935546875 0.022308349609375 0.06304931640625 0.0163459777832031
0.0695381164550781 0.00666046142578125 0.0549964904785156 0.0141372680664063
0.06201171875 -0.0202102661132812 0.0528678894042969 0.00257110595703125
0.0420074462890625 -0.037689208984375 0.0319614410400391 -0.00426673889160157
0.0138969421386719 -0.0520591735839844 0.0107421875 -0.00228309631347657
-0.00115966796875 -0.0464591979980469 0.00605964660644531 0.0152854919433594
-0.00104141235351562 -0.042755126953125 0.00186729431152344 0.0326499938964844
-0.004180908203125 -0.0488967895507813 -0.00737762451171875 0.0454368591308594
0.00642776489257812 -0.0536766052246094 -0.0270538330078125 0.0456008911132813
0.0275802612304688 -0.0478706359863281 -0.0374336242675781 0.0397491455078125
0.0442008972167969 -0.0396003723144531 -0.0374794006347656 0.0169906616210937
0.0619163513183594 -0.00786972045898438 -0.0270214080810547 0.00309181213378906
0.0721969604492188 0.0105209350585938 0.00459671020507813 0.0148382186889648
0.0658340454101563 0.0240898132324219 0.0175628662109375 0.0575675964355469
0.0471916198730469 0.0234909057617188 0.0680122375488281 -0.0175933837890625
0.0601615905761719 0.0146217346191406 0.0730056762695313 0.0118560791015625
0.0550498962402344 0.000423431396484375 0.0523490905761719 0.0116729736328125
0.0454826354980469 -0.0213356018066406 0.0444068908691406 0.00888442993164062
0.0261402130126953 -0.0334568023681641 0.0278701782226563 0.00786781311035156
0.00175857543945313 -0.0389976501464844 0.0131711959838867 0.0133600234985352
-0.00530815124511719 -0.0312938690185547 0.0128879547119141 0.02978515625
-0.00296592712402344 -0.0271930694580078 0.00936126708984375 0.0445709228515625
-0.00534629821777343 -0.0330104827880859 -0.00279617309570312 0.0575942993164063
0.00310897827148437 -0.037567138671875 -0.0254745483398438 0.0570487976074219
0.0230026245117188 -0.0358467102050781 -0.0382041931152344 0.0482330322265625
0.0368194580078125 -0.0280876159667969 -0.0369148254394531 0.0214500427246094
0.0510749816894531 -0.00067901611328125 -0.0221481323242187 0.00510597229003906
0.0565338134765625 0.0145759582519531 0.0191078186035156 0.0182552337646484
0.047943115234375 0.023773193359375 0.035430908203125 0.0679931640625
0.0201911926269531 0.0117874145507813 0.0790481567382813 -0.0181121826171875
0.0382843017578125 0.00777053833007812 0.0752334594726563 0.00238800048828125
0.0327663421630859 -0.00484275817871094 0.0472068786621094 0.00696563720703125
0.0238227844238281 -0.0178356170654297 0.0405349731445313 0.0127983093261719
0.0070343017578125 -0.0226535797119141 0.0287609100341797 0.0154514312744141
-0.00822067260742188 -0.0185375213623047 0.0190811157226563 0.0226955413818359
-0.0074167251586914 -0.0105991363525391 0.0205345153808594 0.0384254455566406
-0.00359344482421875 -0.00771331787109375 0.0154075622558594 0.0504875183105469
-0.00605964660644532 -0.0109119415283203 0.000263214111328128 0.064208984375
-0.00149154663085937 -0.0172634124755859 -0.025787353515625 0.0637397766113281
0.011871337890625 -0.0208339691162109 -0.0401802062988281 0.0500679016113281
0.0238094329833984 -0.0157241821289063 -0.03857421875 0.024749755859375
0.0324001312255859 0.00314521789550781 -0.0199775695800781 0.00693511962890625
0.0341739654541016 0.0145187377929688 0.0251407623291016 0.0225334167480469
0.0209846496582031 0.0185413360595703 0.04486083984375 0.0762481689453125
0.00763225555419922 0.00906085968017578 -0.0488777160644531 -0.0641059875488281
-0.00311779975891113 -0.00271177291870117 -0.0182857513427734 -0.0206375122070313
-0.00655698776245117 0.00391435623168945 0.0258998870849609 -0.00490188598632813
0.000801086425781249 0.00923061370849609 0.0492782592773438 -0.0278549194335938
0.00822639465332031 0.00287914276123047 0.0456886291503906 -0.0530433654785156
0.00757551193237305 -0.00425577163696289 0.0220718383789063 -0.0727310180664063
0.00290107727050781 -0.0139198303222656 -0.00804901123046875 -0.070556640625
0.00535964965820313 -0.0109729766845703 -0.0207557678222656 -0.0488853454589844
0.00397014617919922 -0.00946140289306641 -0.0300140380859375 -0.0348453521728516
0.00945854187011719 -0.0062255859375 -0.0332679748535156 -0.0262718200683594
0.0105209350585938 0.00102901458740234 -0.0396728515625 -0.0129127502441406
0.00231742858886719 0.0110692977905273 -0.0415802001953125 -0.0107002258300781
-0.0118932723999023 0.00278854370117187 -0.0511016845703125 -0.0112075805664063
-0.00672245025634766 -0.00808334350585938 -0.0727310180664063 0.00823974609375
-0.00164115428924561 0.00207364559173584 -0.0795440673828125 0.02313232421875
0.0351428985595703 0.0200824737548828 -0.0386123657226563 -0.0589561462402344
0.0274925231933594 0.00484085083007812 -0.00618648529052734 -0.0136928558349609
0.0179805755615234 0.00616264343261719 0.0346240997314453 -0.00158882141113281
0.0226993560791016 0.000234603881835938 0.0564918518066406 -0.0279998779296875
0.0232486724853516 -0.009735107421875 0.0471878051757813 -0.0513496398925781
0.0156288146972656 -0.0240879058837891 0.0209236145019531 -0.0694618225097656
0.00409317016601563 -0.0331611633300781 -0.00609970092773437 -0.0616226196289063
0.00338554382324219 -0.0300731658935547 -0.0223770141601563 -0.0374488830566406
0.003631591796875 -0.0317516326904297 -0.0310287475585937 -0.0215187072753906
0.0112590789794922 -0.0311126708984375 -0.0391654968261719 -0.0171279907226563
0.0211315155029297 -0.0192108154296875 -0.0433082580566406 -0.0062408447265625
0.0202655792236328 -0.00529289245605469 -0.0420036315917969 -0.00657272338867187
0.0122413635253906 -0.000457763671875 -0.0505790710449219 -0.00302886962890625
0.0186691284179688 -0.00277328491210937 -0.0639724731445313 0.0153770446777344
0.0286941528320313 0.00546646118164063 -0.072479248046875 0.0310745239257813
0.0596771240234375 0.0295753479003906 -0.0175590515136719 -0.0503616333007813
0.0538597106933594 0.0151786804199219 0.01287841796875 -0.00558567047119141
0.045135498046875 0.00954437255859375 0.0448875427246094 0.003326416015625
0.0457229614257813 -0.00583648681640625 0.0626678466796875 -0.020843505859375
0.0372467041015625 -0.0225296020507813 0.0480155944824219 -0.0424995422363281
0.0217971801757813 -0.0416908264160156 0.0186119079589844 -0.0576515197753906
0.00310897827148438 -0.0483970642089844 -0.00396347045898438 -0.0471992492675781
0.00125885009765625 -0.0439376831054688 -0.0172519683837891 -0.0234050750732422
-0.00235366821289062 -0.0489463806152344 -0.0290794372558594 -0.00569343566894531
0.0085601806640625 -0.0494422912597656 -0.0386085510253906 -0.00145339965820312
0.0251884460449219 -0.0387115478515625 -0.0453948974609375 0.00473403930664061
0.0333766937255859 -0.0245227813720703 -0.0432929992675781 0.000530242919921871
0.0335845947265625 -0.00870132446289063 -0.0469245910644531 -7.62939453124743E-06
0.0439453125 -0.00185775756835937 -0.0504379272460938 0.0195884704589844
0.0503196716308594 0.00945281982421875 -0.0535469055175781 0.036834716796875
0.0741043090820313 0.035858154296875 0.00442886352539063 -0.0403861999511719
0.073394775390625 0.0195083618164063 0.0335540771484375 0.00592994689941406
0.0663833618164062 0.00822067260742187 0.0560264587402344 0.0103073120117188
0.0627059936523438 -0.0138664245605469 0.0616302490234375 -0.0147476196289063
0.0473213195800781 -0.0325698852539063 0.0448188781738281 -0.0339698791503906
0.0236434936523438 -0.0505638122558594 0.0143280029296875 -0.0434646606445312
0.00367736816406251 -0.0586128234863281 -0.00255393981933593 -0.0264492034912109
-0.001007080078125 -0.0544929504394531 -0.0121784210205078 -0.00143241882324219
-0.003021240234375 -0.0559883117675781 -0.0211086273193359 0.0135040283203125
0.00611495971679688 -0.0605278015136719 -0.0367889404296875 0.0157661437988281
0.0264816284179688 -0.0529937744140625 -0.0444259643554688 0.019622802734375
0.0399932861328125 -0.0397682189941406 -0.0426368713378906 0.00864410400390624
0.0520057678222656 -0.0156745910644531 -0.0442123413085937 0.00411605834960938
0.0648384094238281 -0.00270843505859375 -0.0353050231933594 0.0183143615722656
0.0688018798828125 0.01165771484375 -0.0322456359863281 0.0449371337890625
0.078521728515625 0.0340194702148438 0.0303878784179688 -0.0289821624755859
0.0818099975585937 0.0229721069335937 0.05120849609375 0.0121726989746094
0.0754013061523438 0.00467681884765625 0.0578804016113281 0.0144500732421875
0.0697059631347656 -0.0213851928710937 0.061920166015625 -0.00582504272460938
0.0468482971191406 -0.0394859313964844 0.0403900146484375 -0.0194435119628906
0.0208396911621094 -0.0567169189453125 0.0125236511230469 -0.0220947265625
-0.001220703125 -0.0549468994140625 0.000918865203857421 -0.00487804412841797
-0.00228118896484375 -0.0523109436035156 -0.00557136535644531 0.0172433853149414
-0.00470733642578126 -0.0568008422851563 -0.0120086669921875 0.0322914123535156
0.00342941284179687 -0.0622406005859375 -0.0293865203857422 0.0331459045410156
0.0255241394042969 -0.0573463439941406 -0.041595458984375 0.0324440002441406
0.0425643920898438 -0.045074462890625 -0.0423812866210938 0.0153732299804687
0.0612373352050781 -0.0179290771484375 -0.0363655090332031 0.00593566894531251
0.0745620727539063 0.00220489501953125 -0.0135746002197266 0.0183238983154297
0.0746612548828125 0.0152053833007813 -0.00435638427734375 0.0501480102539062
0.067626953125 0.0300788879394531 0.0519065856933594 -0.0215950012207031
0.0767593383789063 0.0168228149414063 0.066436767578125 0.0137939453125
0.0718536376953125 0.0014190673828125 0.0561943054199219 0.0122756958007813
0.0623512268066406 -0.0258445739746094 0.0548362731933594 0.000247955322265623
0.0380935668945313 -0.0419197082519531 0.0356369018554688 -0.00400543212890625
0.0107841491699219 -0.0522613525390625 0.0129146575927734 -0.00189685821533203
-0.00338363647460937 -0.04913330078125 0.00852108001708984 0.0158319473266602
-0.00265884399414062 -0.0429458618164063 0.00301933288574219 0.0331687927246094
-0.00600051879882813 -0.0470619201660156 -0.00399017333984375 0.0461463928222656
-0.000156402587890622 -0.054107666015625 -0.0254783630371094 0.0494880676269531
0.0242805480957031 -0.0510520935058594 -0.0394401550292969 0.0429801940917969
0.042633056640625 -0.0425186157226562 -0.0367393493652344 0.0201797485351562
0.0608787536621094 -0.0141143798828125 -0.0297203063964844 0.00541305541992187
0.075469970703125 0.007232666015625 0.00493812561035157 0.0145101547241211
0.0671615600585938 0.0205802917480469 0.0194053649902344 0.0592384338378906
0.049407958984375 0.0179634094238281 0.0699539184570313 -0.0223197937011719
0.0606880187988281 0.0127143859863281 0.0775527954101563 0.00791168212890625
0.0564994812011719 -0.00421524047851563 0.0551719665527344 0.0109672546386719
0.0460243225097656 -0.0252342224121094 0.0499229431152344 0.00589752197265625
0.0218849182128906 -0.0358047485351563 0.0315456390380859 0.00733375549316406
-0.00145339965820313 -0.0380935668945313 0.0155029296875 0.0141983032226562
-0.00663375854492188 -0.0306072235107422 0.0154476165771484 0.0301895141601562
-0.00558090209960938 -0.0272140502929687 0.0139312744140625 0.0454177856445313
-0.00677490234375 -0.03045654296875 -0.000125885009765625 0.0576400756835938
0.000217437744140627 -0.0367431640625 -0.0234718322753906 0.0595016479492188
0.0195732116699219 -0.0369911193847656 -0.0361137390136719 0.0516815185546875
0.0360755920410156 -0.0318679809570313 -0.0380287170410156 0.024322509765625
0.0510978698730469 -0.00469970703125 -0.0232715606689453 0.00599861145019531
0.0590438842773438 0.0133056640625 0.0198078155517578 0.0182723999023438
0.0501327514648438 0.0181922912597656 0.0376434326171875 0.0693588256835938
0.0216693878173828 0.0102767944335938 0.0784835815429687 -0.0257644653320312
0.0400505065917969 0.00507736206054688 0.0779495239257813 -0.0028228759765625
0.0337734222412109 -0.00603294372558594 0.0494041442871094 0.0066070556640625
0.022857666015625 -0.0195999145507812 0.0418167114257812 0.0124740600585937
0.00341606140136719 -0.0227680206298828 0.0312156677246094 0.0124187469482422
-0.00928497314453125 -0.0176773071289063 0.0223445892333984 0.0226192474365234
-0.00929737091064453 -0.00755882263183594 0.0222549438476563 0.0374031066894531
-0.00654792785644531 -0.00686168670654297 0.0182533264160156 0.0490493774414063
-0.00711536407470703 -0.0105209350585937 0.00112533569335938 0.0639076232910156
-0.0040435791015625 -0.0150918960571289 -0.0243453979492188 0.0663833618164063
0.011260986328125 -0.0223789215087891 -0.037994384765625 0.0547065734863281
0.0213050842285156 -0.0174369812011719 -0.0382652282714844 0.0271110534667969
0.0326881408691406 0.0001983642578125 -0.0227775573730469 0.00797843933105468
0.0344448089599609 0.0124549865722656 0.0264625549316406 0.0212268829345703
0.0231895446777344 0.0148830413818359 0.049072265625 0.0775222778320313
0.00663089752197266 0.0101890563964844 -0.0524024963378906 -0.0609245300292969
-0.000559091567993164 -0.00269818305969238 -0.0178298950195312 -0.0184707641601563
-0.00606966018676758 0.00341987609863281 0.0272254943847656 -0.00441169738769531
0.00270557403564453 0.0068354606628418 0.0488166809082031 -0.0300865173339844
0.00794315338134766 0.000555515289306641 0.0429039001464844 -0.0555000305175781
0.00761032104492187 -0.00697612762451172 0.0174331665039063 -0.074676513671875
0.00165462493896484 -0.0149316787719727 -0.0101852416992188 -0.0684318542480469
0.00237083435058594 -0.0136823654174805 -0.0233802795410156 -0.0455284118652344
0.00644683837890625 -0.0131864547729492 -0.0325603485107422 -0.0297126770019531
0.0105772018432617 -0.00890445709228516 -0.0355606079101562 -0.0231475830078125
0.0106706619262695 0.000313758850097656 -0.0415458679199219 -0.0114555358886719
0.00399684906005859 0.0107889175415039 -0.0423126220703125 -0.0090789794921875
-0.0114030838012695 0.00553607940673828 -0.0534515380859375 -0.00953674316406251
-0.00897789001464844 -0.00459671020507813 -0.071044921875 0.0106277465820313
-0.00246906280517578 0.00308799743652344 -0.077392578125 0.0285415649414063
0.037322998046875 0.0198783874511719 -0.041168212890625 -0.0569305419921875
0.0284442901611328 0.00397872924804687 -0.00431346893310547 -0.0129671096801758
0.0202960968017578 0.00485610961914063 0.0357894897460938 -0.00292205810546875
0.0240688323974609 -0.00083160400390625 0.0561561584472656 -0.0287742614746094
0.0221767425537109 -0.0115966796875 0.044097900390625 -0.0511436462402344
0.0140876770019531 -0.0250797271728516 0.0166473388671875 -0.069183349609375
0.000698089599609378 -0.0339622497558594 -0.00922393798828126 -0.0600929260253906
0.000123977661132815 -0.0330600738525391 -0.0223274230957031 -0.0344734191894531
0.00194549560546875 -0.0338344573974609 -0.0331649780273438 -0.0181026458740234
0.0104618072509766 -0.0325889587402344 -0.0396461486816406 -0.0133628845214844
0.0206356048583984 -0.0203876495361328 -0.0462913513183594 -0.00374984741210937
0.02117919921875 -0.00694084167480469 -0.0440711975097656 -0.00477218627929687
0.0120248794555664 0.000797271728515625 -0.0504112243652344 -0.00218200683593751
0.0186767578125 -0.00243949890136719 -0.0628128051757813 0.0185737609863281
0.0267810821533203 0.0062255859375 -0.0685462951660156 0.035186767578125
0.0620384216308594 0.0276870727539063 -0.0209808349609375 -0.0488243103027344
0.0539054870605469 0.0106315612792969 0.0139942169189453 -0.00436019897460937
0.0462303161621094 0.00559616088867188 0.0455055236816406 0.00350189208984375
0.0449142456054687 -0.0081634521484375 0.061309814453125 -0.0238265991210938
0.0364494323730469 -0.0235710144042969 0.0451622009277344 -0.0443000793457031
0.0191001892089844 -0.0413055419921875 0.0152549743652344 -0.0581588745117188
0.0010986328125 -0.0485153198242187 -0.006683349609375 -0.0452041625976563
-0.000858306884765626 -0.0467491149902344 -0.0181102752685547 -0.0184478759765625
-0.0023040771484375 -0.0496635437011719 -0.0286312103271484 -0.00154685974121095
0.00648880004882813 -0.0507659912109375 -0.0390853881835938 0.00337982177734375
0.02374267578125 -0.03985595703125 -0.0476799011230469 0.00969696044921875
0.0313072204589844 -0.0257949829101563 -0.0460357666015625 0.00283813476562501
0.0335483551025391 -0.00803375244140625 -0.0476341247558594 0.00352478027343751
0.0443382263183594 -0.00369644165039063 -0.0503616333007813 0.0218467712402344
0.0507087707519531 0.00739669799804687 -0.0522193908691406 0.0418281555175781
0.075592041015625 0.0309219360351562 0.00223159790039063 -0.0384902954101563
0.0727386474609375 0.0154647827148438 0.0333061218261719 0.00680160522460938
0.0652618408203125 0.00609970092773438 0.0547256469726563 0.0101737976074219
0.0613784790039063 -0.0167083740234375 0.0634307861328125 -0.0166549682617187
0.0442581176757813 -0.0354423522949219 0.0431556701660156 -0.0329322814941406
0.0208702087402344 -0.052215576171875 0.0138931274414063 -0.0413856506347656
-0.00220870971679687 -0.05621337890625 -0.00334358215332032 -0.0248432159423828
-0.00244903564453126 -0.0530166625976563 -0.010310173034668 -0.000455856323242189
-0.00734329223632813 -0.0562095642089844 -0.0210208892822266 0.0160751342773437
0.00115585327148438 -0.0595817565917969 -0.0356636047363281 0.0202789306640625
0.0234756469726562 -0.0529022216796875 -0.0441360473632813 0.0231857299804687
0.0366439819335938 -0.0404777526855469 -0.0449485778808594 0.0106887817382813
0.0503273010253906 -0.0176429748535156 -0.0427818298339844 0.00702285766601562
0.0625839233398438 -0.00591278076171875 -0.0328330993652344 0.0209407806396484
0.0677604675292969 0.00938796997070313 -0.0277137756347656 0.0474357604980469
0.0773239135742188 0.0306625366210938 0.0292854309082031 -0.0297355651855469
0.0808486938476563 0.0156707763671875 0.0530052185058594 0.0121574401855469
0.0751266479492188 0.00255584716796875 0.0588035583496094 0.0132560729980469
0.0671157836914063 -0.0242462158203125 0.0618438720703125 -0.00820159912109375
0.0445899963378906 -0.0422744750976563 0.0391845703125 -0.0191688537597656
0.01641845703125 -0.0566558837890625 0.011871337890625 -0.0219821929931641
-0.00455856323242188 -0.054718017578125 0.00100874900817871 -0.00402545928955079
-0.00519561767578125 -0.0515098571777344 -0.00300788879394531 0.0176334381103516
-0.0104942321777344 -0.0558128356933594 -0.0115203857421875 0.0340538024902344
-0.00139236450195313 -0.0604972839355469 -0.0291976928710937 0.0377731323242188
0.0222587585449219 -0.0565376281738281 -0.0402984619140625 0.0365829467773438
0.0389785766601563 -0.0480537414550781 -0.0418510437011719 0.0177536010742187
0.058746337890625 -0.0201263427734375 -0.036376953125 0.00841522216796876
0.07305908203125 -0.0035552978515625 -0.0133800506591797 0.0188999176025391
0.0742263793945313 0.0117034912109375 -0.00227737426757812 0.0541114807128906
0.0686302185058594 0.0234947204589844 0.0506019592285156 -0.0255699157714844
0.0753097534179688 0.0126800537109375 0.0668563842773438 0.01153564453125
0.0712203979492188 -0.002349853515625 0.0594635009765625 0.0139808654785156
0.059844970703125 -0.0281333923339844 0.0564765930175781 0.000240325927734373
0.0355644226074219 -0.0431747436523438 0.0344581604003906 -0.00595855712890625
0.00713348388671875 -0.0510482788085938 0.0123777389526367 -0.00184440612792969
-0.00696945190429687 -0.0448875427246094 0.00915718078613281 0.0152835845947266
-0.00736618041992187 -0.0414237976074219 0.00618362426757812 0.0333118438720703
-0.00957870483398438 -0.0458335876464844 -0.002349853515625 0.0495758056640625
-0.00341415405273437 -0.0518150329589844 -0.0226554870605469 0.0519866943359375
0.0206069946289063 -0.0505561828613281 -0.0363006591796875 0.0473403930664063
0.0374946594238281 -0.0445671081542969 -0.0393447875976563 0.0225257873535156
0.0599021911621094 -0.0157241821289063 -0.0292415618896484 0.00771141052246094
0.0714645385742187 0.00017547607421875 0.00570774078369141 0.0155258178710938
0.0669212341308594 0.0144233703613281 0.0228118896484375 0.0610694885253906
0.0490684509277344 0.0149574279785156 0.0666160583496094 -0.0247039794921875
0.0611495971679687 0.00716781616210937 0.0756301879882813 0.00405120849609375
0.054962158203125 -0.00725555419921875 0.05621337890625 0.00944900512695313
0.0429039001464844 -0.0284194946289062 0.0489845275878906 0.0069732666015625
0.0194091796875 -0.0369071960449219 0.0325298309326172 0.00628662109375
-0.00352859497070312 -0.0364952087402344 0.0175933837890625 0.0136604309082031
-0.009796142578125 -0.0279808044433594 0.0181083679199219 0.0293560028076172
-0.00722885131835937 -0.0266437530517578 0.0149345397949219 0.0434684753417969
-0.00920677185058593 -0.0284881591796875 0.00290679931640625 0.0600433349609375
-0.00378990173339844 -0.03466796875 -0.0204696655273438 0.0620079040527344
0.0154342651367188 -0.0376777648925781 -0.0351791381835938 0.0532150268554688
0.0319900512695313 -0.0330600738525391 -0.0366554260253906 0.0272712707519531
0.0507583618164063 -0.00780487060546875 -0.02301025390625 0.00732040405273437
0.05804443359375 0.00620651245117187 0.0200004577636719 0.0179195404052734
0.0493545532226563 0.016326904296875 0.0418510437011719 0.0676727294921875
0.0207500457763672 0.00656890869140625 0.0763397216796875 -0.029327392578125
0.0359573364257812 0.00090789794921875 0.0756072998046875 -0.00457000732421875
0.0325584411621094 -0.0104255676269531 0.0506553649902344 0.00470352172851562
0.02044677734375 -0.0228595733642578 0.044708251953125 0.0107688903808594
0.00235176086425781 -0.0233707427978516 0.0327301025390625 0.0113716125488281
-0.0122308731079102 -0.0160312652587891 0.0234947204589844 0.0218181610107422
-0.00932598114013672 -0.00600337982177734 0.0260047912597656 0.035064697265625
-0.00621366500854492 -0.00640249252319336 0.0202865600585937 0.0478134155273438
-0.00840282440185547 -0.00829601287841797 0.00604629516601562 0.0640449523925781
-0.00681686401367188 -0.0153141021728516 -0.0206451416015625 0.0681495666503906
0.00556182861328125 -0.0205631256103516 -0.0361518859863281 0.0559539794921875
0.0193500518798828 -0.0197734832763672 -0.0371246337890625 0.0306625366210937
0.0318622589111328 -0.00212478637695313 -0.0214309692382812 0.00899887084960938
0.0331401824951172 0.00766563415527344 0.0256175994873047 0.0194282531738281
0.0226936340332031 0.0122394561767578 0.0510711669921875 0.0743865966796875
0.00861930847167969 0.0111799240112305 -0.0514678955078125 -0.0592803955078125
-0.000362038612365723 -0.0021127462387085 -0.0159330368041992 -0.0163660049438477
-0.0047602653503418 0.00411128997802734 0.0274581909179688 -0.00541877746582031
0.00276947021484375 0.00646781921386719 0.0481414794921875 -0.0312118530273438
0.00817537307739258 7.82012939453125E-05 0.0399589538574219 -0.0549049377441406
0.00776767730712891 -0.00798368453979492 0.0141372680664062 -0.07330322265625
0.000624656677246093 -0.0165081024169922 -0.0122489929199219 -0.0660018920898438
0.00229358673095703 -0.0152854919433594 -0.024383544921875 -0.0428810119628906
0.00623893737792969 -0.014348030090332 -0.03271484375 -0.0262813568115234
0.011418342590332 -0.0106344223022461 -0.0364303588867188 -0.0203361511230469
0.0124492645263672 -0.000566482543945313 -0.0430793762207031 -0.0086212158203125
0.00535774230957031 0.0109052658081055 -0.0435752868652344 -0.00777816772460937
-0.0110483169555664 0.007537841796875 -0.0538825988769531 -0.00815963745117187
-0.00886249542236328 -0.00226020812988281 -0.0685157775878906 0.0126914978027344
-0.00123500823974609 0.00502586364746094 -0.0738677978515625 0.0317230224609375
0.0377120971679688 0.0195388793945313 -0.0402793884277344 -0.0546035766601562
0.0282363891601562 0.00279045104980469 -0.00252246856689453 -0.011143684387207
0.0205078125 0.00435447692871094 0.0361289978027344 -0.0027008056640625
0.0241851806640625 -0.00146675109863281 0.0540504455566406 -0.0295028686523438
0.0225124359130859 -0.0132637023925781 0.04278564453125 -0.0508346557617188
0.0133991241455078 -0.0264396667480469 0.0149688720703125 -0.0667877197265625
-0.000286102294921875 -0.0354118347167969 -0.0107803344726563 -0.0566368103027344
-0.000698089599609374 -0.0337085723876953 -0.0224475860595703 -0.0323143005371094
0.00118827819824219 -0.0347862243652344 -0.032928466796875 -0.0147647857666016
0.0101394653320313 -0.0323600769042969 -0.0403518676757813 -0.0102119445800781
0.0206584930419922 -0.0208339691162109 -0.0465965270996094 -0.000759124755859372
0.0213546752929688 -0.00690650939941406 -0.0450820922851563 -0.00272369384765625
0.0127897262573242 0.00240802764892578 -0.0507087707519531 -0.00117111206054688
0.017207145690918 -0.00134754180908203 -0.0601310729980469 0.0200119018554688
0.0261974334716797 0.0066070556640625 -0.0651206970214844 0.0384140014648437
0.0609397888183594 0.0258674621582031 -0.0207557678222656 -0.0474472045898438
0.0533676147460938 0.008636474609375 0.0151176452636719 -0.00262546539306641
0.0456161499023438 0.00486373901367187 0.0465011596679688 0.00336456298828125
0.0441932678222656 -0.010406494140625 0.0605697631835937 -0.0241432189941406
0.0356826782226563 -0.0250473022460938 0.0434761047363281 -0.0435562133789063
0.017791748046875 -0.0414543151855469 0.0138626098632812 -0.0559005737304688
-0.00132369995117188 -0.0485076904296875 -0.00756072998046875 -0.0421218872070313
-0.00321578979492187 -0.0465850830078125 -0.0177154541015625 -0.0163784027099609
-0.00410842895507812 -0.0490303039550781 -0.0280494689941406 0.00134277343749999
0.00562667846679687 -0.0493736267089844 -0.0397911071777344 0.00604629516601562
0.0231132507324219 -0.0398521423339844 -0.0474739074707031 0.0122642517089844
0.0311336517333984 -0.0260009765625 -0.0462188720703125 0.004913330078125
0.0329875946044922 -0.00766944885253906 -0.04779052734375 0.00506591796875
0.0415840148925781 -0.00358963012695313 -0.0473136901855469 0.0239486694335937
0.0493850708007813 0.00642776489257813 -0.0485458374023438 0.0458335876464844
0.0752487182617188 0.0280609130859375 0.00272750854492188 -0.0381431579589844
0.0717926025390625 0.0122528076171875 0.034994125366211 0.00615501403808594
0.0650138854980469 0.00369644165039063 0.055389404296875 0.009521484375
0.0589675903320313 -0.0190658569335938 0.0637588500976563 -0.0171356201171875
0.0421485900878906 -0.0363311767578125 0.0424880981445312 -0.0326271057128906
0.0186424255371094 -0.0523681640625 0.0128097534179687 -0.0388031005859375
-0.00287246704101563 -0.0553512573242188 -0.00331497192382813 -0.0228633880615234
-0.00494766235351563 -0.0523223876953125 -0.00991058349609375 0.00126171112060547
-0.00878524780273438 -0.055328369140625 -0.0201740264892578 0.0196056365966797
0.000129699707031253 -0.0590629577636719 -0.0356407165527344 0.0224113464355469
0.0218353271484375 -0.052276611328125 -0.0445518493652344 0.0262565612792969
0.0356025695800781 -0.041473388671875 -0.0448493957519531 0.0124435424804688
0.04779052734375 -0.0169029235839844 -0.0426216125488281 0.00791168212890626
0.06121826171875 -0.00622940063476563 -0.0312538146972656 0.0231781005859375
0.0660362243652344 0.00739669799804687 -0.0261688232421875 0.0511474609375
0.07666015625 0.025909423828125 0.0273990631103516 -0.0303001403808594
0.0779342651367188 0.011749267578125 0.0529937744140625 0.0109672546386719
0.0732955932617188 0.00067901611328125 0.0600318908691406 0.0134353637695313
0.0636329650878906 -0.0263252258300781 0.0619659423828125 -0.0081787109375
0.0415420532226563 -0.0429840087890625 0.0393905639648438 -0.0189590454101563
0.0139884948730469 -0.055328369140625 0.0127277374267578 -0.0198173522949219
-0.00629806518554687 -0.0531806945800781 0.00219297409057617 -0.00281476974487305
-0.007080078125 -0.049285888671875 -0.00140762329101563 0.019134521484375
-0.0113677978515625 -0.0532341003417969 -0.0104179382324219 0.0359382629394531
-0.00391387939453124 -0.058197021484375 -0.0283927917480469 0.0396385192871094
0.0195159912109375 -0.0558586120605469 -0.0390968322753906 0.0382575988769531
0.0362930297851563 -0.0478363037109375 -0.0417327880859375 0.0190773010253906
0.0565986633300781 -0.0214080810546875 -0.0359764099121094 0.0100021362304687
0.070587158203125 -0.00627899169921875 -0.0123653411865234 0.0202274322509766
0.071380615234375 0.008453369140625 -0.000431060791015619 0.0560379028320313
0.0674781799316406 0.0203399658203125 0.0491409301757813 -0.0260200500488281
0.073150634765625 0.00804901123046875 0.0664176940917969 0.01007080078125
0.0690269470214844 -0.00464630126953125 0.0602531433105469 0.0127449035644531
0.0562934875488281 -0.029754638671875 0.0569877624511719 -0.000789642333984377
0.0319976806640625 -0.0430221557617188 0.0349330902099609 -0.005584716796875
0.00542068481445312 -0.0491104125976563 0.0144939422607422 -0.000810623168945316
-0.00922012329101562 -0.0425682067871094 0.00988864898681641 0.0155982971191406
-0.008270263671875 -0.0395889282226563 0.00753021240234375 0.0333824157714844
-0.01116943359375 -0.0424232482910156 -0.00127410888671875 0.0500221252441406
-0.00578689575195313 -0.0485267639160156 -0.0220184326171875 0.0536613464355469
0.0169677734375 -0.0494842529296875 -0.0347442626953125 0.0484657287597656
0.0347557067871094 -0.0445365905761719 -0.0382080078125 0.0246009826660156
0.0567817687988281 -0.0182838439941406 -0.0283470153808594 0.00843238830566407
0.0685195922851563 -0.00157928466796875 0.00588130950927735 0.017125129699707
0.0649032592773438 0.0117530822753906 0.0246162414550781 0.0614471435546875
0.0472793579101563 0.0119552612304688 0.0644798278808594 -0.0271644592285156
0.0574607849121094 0.00265884399414062 0.07391357421875 0.00315093994140625
0.05352783203125 -0.00924301147460938 0.0563621520996094 0.0088348388671875
0.0393562316894531 -0.0294418334960938 0.0502662658691406 0.00539016723632812
0.0167121887207031 -0.0355453491210938 0.0334548950195312 0.00496101379394531
-0.00584983825683594 -0.0339107513427734 0.0190505981445313 0.0135116577148437
-0.0103759765625 -0.0257205963134766 0.0188941955566406 0.0273628234863281
-0.00736808776855469 -0.0235767364501953 0.0154876708984375 0.0426864624023438
-0.00992012023925781 -0.0260486602783203 0.00400543212890624 0.0593452453613281
-0.00580787658691406 -0.0322360992431641 -0.0188789367675781 0.0633277893066406
0.0115890502929688 -0.0355682373046875 -0.0337142944335937 0.0542068481445313
0.0289173126220703 -0.0331020355224609 -0.0359878540039063 0.0279388427734375
0.0480766296386719 -0.0101737976074219 -0.0230007171630859 0.00864791870117187
0.0546875 0.00304031372070313 0.0189495086669922 0.0167675018310547
0.0473594665527344 0.0123977661132813 0.042236328125 0.0676345825195313
0.0208854675292969 0.00408172607421875 0.072479248046875 -0.032318115234375
0.0354804992675781 -0.00153732299804688 0.0744171142578125 -0.0062408447265625
0.0317153930664063 -0.0118274688720703 0.0508880615234375 0.00479507446289062
0.0167598724365234 -0.0235671997070313 0.0449562072753906 0.00951385498046875
-0.000572204589843752 -0.0231342315673828 0.0340137481689453 0.0106258392333984
-0.0139274597167969 -0.01239013671875 0.0261058807373047 0.0204830169677734
-0.00976085662841797 -0.0034637451171875 0.0268898010253906 0.0315952301025391
-0.00608491897583008 -0.00400304794311524 0.0219497680664062 0.0456962585449219
-0.00753879547119141 -0.00579929351806641 0.0070343017578125 0.0625534057617188
-0.00812721252441406 -0.0119876861572266 -0.0191001892089844 0.0672988891601563
0.00387382507324219 -0.0189590454101563 -0.0340194702148438 0.0566787719726562
0.0162696838378906 -0.0195465087890625 -0.0362930297851563 0.0308647155761719
0.0305061340332031 -0.00309562683105469 -0.0224075317382812 0.00946807861328125
0.0310878753662109 0.00510597229003906 0.0246810913085938 0.0188350677490234
0.0212287902832031 0.00994300842285156 0.0518875122070313 0.072265625
0.00987434387207031 0.0126247406005859 -0.049163818359375 -0.0593643188476563
0.00162065029144287 -0.00140559673309326 -0.0139036178588867 -0.0161037445068359
-0.00276422500610352 0.00472259521484375 0.0292701721191406 -0.00496292114257813
0.00470399856567383 0.00569772720336914 0.0483856201171875 -0.0312156677246094
0.00896739959716797 -0.000817298889160156 0.0393524169921875 -0.0542678833007813
0.00829315185546875 -0.0101642608642578 0.014007568359375 -0.0723114013671875
0.000528335571289063 -0.0181255340576172 -0.0118408203125 -0.0642471313476563
0.00167465209960938 -0.0176830291748047 -0.0245323181152344 -0.0412101745605469
0.00616168975830078 -0.0166521072387695 -0.0328330993652344 -0.0241565704345703
0.0121622085571289 -0.0119695663452148 -0.03759765625 -0.0188789367675781
0.0140571594238281 -0.00125503540039063 -0.0439987182617188 -0.00774765014648437
0.00789546966552734 0.0110321044921875 -0.0445404052734375 -0.00747680664062499
-0.00999641418457031 0.00949478149414063 -0.0542068481445313 -0.00872802734375001
-0.00940132141113281 0.000692367553710937 -0.0673942565917969 0.0118637084960937
-0.00105714797973633 0.00694656372070313 -0.0714950561523438 0.0325546264648437
0.0382881164550781 0.0204048156738281 -0.0379524230957031 -0.054534912109375
0.0288543701171875 0.00290870666503906 -0.000762939453124998 -0.0110073089599609
0.0215377807617188 0.00414848327636719 0.0374031066894531 -0.00186920166015625
0.0245380401611328 -0.00279998779296875 0.0545463562011719 -0.0285758972167969
0.0219974517822266 -0.0135517120361328 0.0425033569335937 -0.0497360229492187
0.0137100219726562 -0.0275936126708984 0.0146102905273437 -0.0645065307617188
-0.000682830810546875 -0.0360527038574219 -0.00998687744140625 -0.0545005798339844
-0.000564575195312501 -0.034393310546875 -0.0218105316162109 -0.0303153991699219
0.00147628784179688 -0.0358543395996094 -0.0324668884277344 -0.0121898651123047
0.0114669799804687 -0.0335731506347656 -0.04095458984375 -0.00793075561523438
0.0216922760009766 -0.0213851928710938 -0.0475959777832031 0.000831604003906254
0.0226993560791016 -0.00649452209472656 -0.0458030700683594 -0.00278091430664062
0.0130329132080078 0.00402069091796875 -0.0508346557617188 -0.00165176391601563
0.0173845291137695 0.00127220153808594 -0.0589561462402344 0.0199012756347656
0.0257759094238281 0.00814247131347656 -0.0634078979492188 0.0404014587402344
0.0608673095703125 0.0263710021972656 -0.0188217163085938 -0.0468406677246094
0.0531082153320313 0.00839996337890625 0.0171661376953125 -0.00141525268554687
0.0456695556640625 0.00480270385742188 0.0486793518066406 0.00441741943359375
0.0436134338378906 -0.010772705078125 0.0613365173339844 -0.02392578125
0.0344352722167969 -0.0254707336425781 0.0435791015625 -0.0423622131347656
0.0177574157714844 -0.0422248840332031 0.014373779296875 -0.0534439086914063
-0.00172805786132812 -0.0487327575683594 -0.00649261474609375 -0.0395774841308594
-0.0037841796875 -0.0463294982910156 -0.017024040222168 -0.014923095703125
-0.00411224365234375 -0.0494384765625 -0.0270233154296875 0.0042266845703125
0.00578689575195313 -0.0498237609863281 -0.0404777526855469 0.00806427001953125
0.0233268737792969 -0.0393791198730469 -0.0485038757324219 0.0139579772949219
0.0311183929443359 -0.0256023406982422 -0.04656982421875 0.00506973266601563
0.0336513519287109 -0.00541496276855469 -0.0475692749023438 0.00471878051757813
0.0411453247070313 -0.0019378662109375 -0.046356201171875 0.02471923828125
0.04864501953125 0.0076141357421875 -0.0471076965332031 0.0477676391601563
0.0734176635742188 0.0280838012695313 0.00446701049804688 -0.0373001098632812
0.0697593688964844 0.0116653442382812 0.0363960266113281 0.00768661499023438
0.064910888671875 0.003875732421875 0.0575027465820313 0.0113906860351562
0.0574226379394531 -0.0190200805664062 0.0647239685058594 -0.0160865783691406
0.0414390563964844 -0.0359992980957031 0.0434036254882812 -0.0308876037597656
0.0179862976074219 -0.0521621704101563 0.0142250061035156 -0.0366744995117187
-0.00334548950195313 -0.0540809631347656 -0.00184440612792969 -0.0209159851074219
-0.00632858276367188 -0.0512351989746094 -0.00911235809326172 0.00286293029785156
-0.00899505615234375 -0.0551719665527344 -0.0195541381835938 0.0221691131591797
-0.000602722167968752 -0.057464599609375 -0.0357322692871094 0.0252494812011719
0.0212211608886719 -0.0516891479492187 -0.0454788208007813 0.0282249450683594
0.0353813171386719 -0.0407638549804687 -0.0456504821777344 0.0136871337890625
0.0478172302246094 -0.0160903930664063 -0.0431175231933594 0.00877380371093749
0.0590896606445313 -0.006195068359375 -0.0300979614257813 0.0241184234619141
0.0649871826171875 0.00728988647460938 -0.0246772766113281 0.0534019470214844
0.0746688842773438 0.025482177734375 0.0279693603515625 -0.0296096801757812
0.0753555297851563 0.0112686157226563 0.0537681579589844 0.0125389099121094
0.0717620849609375 0.00046539306640625 0.061614990234375 0.0154647827148437
0.0617103576660156 -0.0261955261230469 0.0634498596191406 -0.00732421875
0.0396385192871094 -0.041900634765625 0.0406227111816406 -0.0179405212402344
0.0133476257324219 -0.053680419921875 0.0139389038085938 -0.0178089141845703
-0.00625991821289062 -0.0510749816894531 0.00319910049438477 -0.00118589401245117
-0.00753021240234375 -0.0484848022460938 -0.000616073608398437 0.0203189849853516
-0.0112495422363281 -0.0517158508300781 -0.00957107543945313 0.0382804870605469
-0.00465393066406249 -0.0562400817871094 -0.0287895202636719 0.0420494079589844
0.0182685852050781 -0.0545539855957031 -0.0398025512695313 0.0404319763183594
0.0347785949707031 -0.0473594665527344 -0.0423660278320313 0.0205192565917969
0.0556144714355469 -0.0210037231445313 -0.0364646911621094 0.00952911376953124
0.0684547424316406 -0.00625991821289063 -0.0115718841552734 0.0213489532470703
0.0696601867675781 0.00824737548828125 5.34057617187569E-05 0.0582275390625
0.065277099609375 0.0187492370605469 0.0482215881347656 -0.0252037048339844
0.0704574584960938 0.00710296630859375 0.0672645568847656 0.0113296508789063
0.0677299499511719 -0.00516128540039062 0.0616531372070313 0.0147819519042969
0.0539360046386719 -0.0301856994628906 0.0584754943847656 -7.62939453125185E-06
0.0297393798828125 -0.0420989990234375 0.0364913940429688 -0.00490951538085938
0.00431060791015625 -0.0461883544921875 0.01580810546875 -3.81469726562783E-06
-0.0090789794921875 -0.0404472351074219 0.0109004974365234 0.0157718658447266
-0.00836181640625 -0.0378608703613281 0.00860214233398437 0.0338916778564453
-0.0114173889160156 -0.0405464172363281 -0.00132369995117188 0.0514144897460938
-0.00620651245117188 -0.0462532043457031 -0.0224533081054688 0.0553321838378906
0.014862060546875 -0.0475578308105469 -0.0355796813964844 0.0493927001953125
0.0325279235839844 -0.0443229675292969 -0.0390090942382813 0.0255203247070312
0.0552101135253906 -0.0186843872070313 -0.0288829803466797 0.00899505615234375
0.0665168762207031 -0.00283432006835938 0.00605010986328125 0.0181007385253906
0.0627632141113281 0.0104751586914063 0.0237007141113281 0.0636367797851562
0.0457191467285156 0.00954437255859375 0.0628089904785156 -0.0272254943847656
0.0546531677246094 0.00107192993164063 0.0729598999023438 0.0046844482421875
0.052276611328125 -0.00999832153320313 0.0574913024902344 0.0104255676269531
0.0376663208007813 -0.029510498046875 0.051666259765625 0.00617218017578125
0.0141830444335938 -0.0353240966796875 0.0345363616943359 0.00556182861328125
-0.00604820251464844 -0.0311107635498047 0.0202922821044922 0.0136184692382812
-0.0107421875 -0.0228195190429688 0.0189781188964844 0.0270233154296875
-0.00794029235839844 -0.0212955474853516 0.0158233642578125 0.0425682067871094
-0.00955009460449219 -0.0237674713134766 0.00467681884765625 0.0598716735839844
-0.00648117065429687 -0.0296077728271484 -0.0189476013183594 0.0635032653808594
0.0106201171875 -0.0339126586914063 -0.0330696105957031 0.0546226501464844
0.0257472991943359 -0.0327110290527344 -0.0363044738769531 0.02899169921875
0.0456123352050781 -0.0107078552246094 -0.0236549377441406 0.00897979736328125
0.0530052185058594 0.00198745727539063 0.0183925628662109 0.0176181793212891
0.045623779296875 0.010589599609375 0.0413856506347656 0.0682640075683594
0.0195026397705078 0.00224876403808594 0.0702743530273438 -0.0324440002441406
0.0334224700927734 -0.00388717651367187 0.0718765258789063 -0.00547027587890625
0.0299243927001953 -0.0131702423095703 0.0520439147949219 0.0058441162109375
0.0152111053466797 -0.0241889953613281 0.0469856262207031 0.0100631713867188
-0.00251197814941406 -0.022247314453125 0.0354499816894531 0.00993728637695312
-0.0152254104614258 -0.0101327896118164 0.0269393920898437 0.0194892883300781
-0.0102596282958984 -0.00148677825927735 0.0262565612792969 0.0294456481933594
-0.00619792938232422 -0.00217342376708984 0.0209465026855469 0.0439033508300781
-0.00695466995239258 -0.00302982330322266 0.00729751586914062 0.0630950927734375
-0.00771617889404297 -0.00922393798828125 -0.0186691284179688 0.0667648315429688
0.00186538696289062 -0.0178890228271484 -0.0335655212402344 0.0566635131835938
0.0148277282714844 -0.018951416015625 -0.0369338989257812 0.0313568115234375
0.0279254913330078 -0.00475502014160156 -0.0223007202148438 0.00893783569335938
0.0287132263183594 0.00305557250976563 0.0232868194580078 0.0182361602783203
0.0204639434814453 0.00773429870605469 0.0507965087890625 0.0725479125976563
0.0114469528198242 0.0151834487915039 -0.04803466796875 -0.0618133544921875
0.00304579734802246 -0.000115871429443359 -0.0116510391235352 -0.0158290863037109
-0.00123071670532227 0.00459718704223633 0.0309200286865234 -0.00489997863769531
0.00639438629150391 0.00516414642333984 0.0499305725097656 -0.0312690734863281
0.0100870132446289 -0.00225162506103516 0.040618896484375 -0.054931640625
0.00838756561279297 -0.0122652053833008 0.0143814086914063 -0.0725631713867188
0.000284194946289063 -0.0211887359619141 -0.0113410949707031 -0.0642242431640625
0.00134468078613281 -0.0196571350097656 -0.0230064392089844 -0.0407028198242188
0.00623321533203125 -0.020233154296875 -0.0332660675048828 -0.0234546661376953
0.0135612487792969 -0.014739990234375 -0.0390167236328125 -0.0175666809082031
0.0160579681396484 -0.00171470642089844 -0.0457496643066406 -0.00777435302734375
0.0101041793823242 0.0112028121948242 -0.0465774536132813 -0.00827407836914062
-0.00939464569091797 0.0111846923828125 -0.0556564331054688 -0.0101737976074219
-0.00926685333251953 0.00344944000244141 -0.0675430297851563 0.0108566284179688
-0.000359535217285157 0.00966262817382813 -0.070770263671875 0.032989501953125
0.0402297973632813 0.02252197265625 -0.0359840393066406 -0.0555496215820313
0.0295867919921875 0.00351524353027344 0.00167274475097656 -0.00982475280761719
0.0236854553222656 0.00443840026855469 0.040283203125 -0.00107955932617187
0.0261783599853516 -0.00295639038085937 0.0570106506347656 -0.0288429260253906
0.02362060546875 -0.0145511627197266 0.04364013671875 -0.0494956970214844
0.0142040252685547 -0.0298538208007813 0.0154151916503906 -0.06439208984375
-0.00138473510742188 -0.0380935668945313 -0.00896835327148437 -0.0538864135742187
-0.00135421752929687 -0.0364341735839844 -0.0210723876953125 -0.0287551879882813
0.00156784057617188 -0.0386123657226563 -0.031768798828125 -0.0101413726806641
0.0128097534179688 -0.0356597900390625 -0.042205810546875 -0.00585937499999999
0.0240306854248047 -0.0221729278564453 -0.0494575500488281 0.00254821777343751
0.0257015228271484 -0.00609588623046875 -0.0478096008300781 -0.00241851806640625
0.0139608383178711 0.00629901885986328 -0.0530319213867187 -0.00197219848632812
0.0168018341064453 0.00381088256835937 -0.0593338012695313 0.0198707580566406
0.0261764526367188 0.0109958648681641 -0.0624465942382813 0.0426521301269531
0.0618324279785156 0.0277290344238281 -0.0171928405761719 -0.0467453002929687
0.0535659790039063 0.00943374633789063 0.0203723907470703 -0.000238418579101562
0.0470428466796875 0.00490570068359375 0.0518989562988281 0.00593185424804688
0.0450096130371094 -0.0116386413574219 0.0633811950683594 -0.0225982666015625
0.0346412658691406 -0.0266666412353516 0.0454559326171875 -0.0416374206542969
0.0183753967285156 -0.0436782836914062 0.0166358947753906 -0.0517005920410156
-0.00167083740234375 -0.0500221252441406 -0.00545120239257813 -0.03814697265625
-0.00367355346679687 -0.0481605529785156 -0.0158596038818359 -0.0126571655273438
-0.004364013671875 -0.0513572692871094 -0.0268535614013672 0.00693130493164063
0.00699996948242187 -0.05120849609375 -0.0416450500488281 0.0112876892089844
0.0259208679199219 -0.0398902893066406 -0.0502395629882813 0.0158424377441406
0.0337123870849609 -0.0250473022460938 -0.0494651794433594 0.00653076171874999
0.0342903137207031 -0.00368881225585938 -0.049407958984375 0.00479507446289063
0.0409393310546875 0.00052642822265625 -0.0466079711914062 0.0253944396972656
0.0490074157714844 0.0100059509277344 -0.0465774536132813 0.0514106750488281
0.0737152099609375 0.029327392578125 0.00543975830078125 -0.0364418029785156
0.0694236755371094 0.0116004943847656 0.0394744873046875 0.0095367431640625
0.065277099609375 0.00374603271484375 0.0610923767089844 0.0132064819335938
0.0582695007324219 -0.0193023681640625 0.0678138732910156 -0.014190673828125
0.0414962768554688 -0.0362396240234375 0.0455703735351563 -0.0304832458496094
0.0183906555175781 -0.052337646484375 0.015838623046875 -0.0353050231933594
-0.00424957275390624 -0.0547218322753906 -0.000841140747070311 -0.0191116333007813
-0.00594329833984375 -0.0516700744628906 -0.00843954086303711 0.00505638122558593
-0.00868988037109375 -0.0556983947753906 -0.0183238983154297 0.0248470306396484
6.10351562500004E-05 -0.0582695007324219 -0.0368232727050781 0.0295753479003906
0.0223579406738281 -0.0519332885742188 -0.0472068786621094 0.0310897827148437
0.0362701416015625 -0.0402679443359375 -0.0477561950683594 0.0151519775390625
0.0484161376953125 -0.0147895812988281 -0.0438613891601563 0.00944137573242186
0.0596885681152344 -0.004241943359375 -0.0292530059814453 0.025848388671875
0.0641708374023438 0.00861358642578125 -0.0238533020019531 0.0576248168945313
0.0746078491210938 0.0250473022460938 0.0287857055664063 -0.0289077758789062
0.074981689453125 0.0110855102539063 0.05572509765625 0.0149497985839844
0.0735626220703125 -8.392333984375E-05 0.0657768249511719 0.0176582336425781
0.0619888305664062 -0.0263557434082031 0.0664253234863281 -0.00543594360351563
0.0396995544433594 -0.0421180725097656 0.0426216125488281 -0.0166091918945313
0.0133323669433594 -0.0529212951660156 0.0163478851318359 -0.0158147811889648
-0.00618362426757813 -0.0506057739257813 0.0051732063293457 9.20295715332E-05
-0.0075531005859375 -0.0473785400390625 0.000709533691406248 0.0221080780029297
-0.0115966796875 -0.0509376525878906 -0.00856399536132813 0.0420417785644531
-0.00413131713867188 -0.0550308227539063 -0.0296897888183594 0.0457344055175781
0.0178146362304687 -0.0540313720703125 -0.04095458984375 0.0436592102050781
0.0347023010253906 -0.0471000671386719 -0.0442237854003906 0.0220794677734375
0.0559043884277344 -0.0202713012695313 -0.0365142822265625 0.0109214782714844
0.0682258605957031 -0.00629425048828125 -0.0111541748046875 0.0230636596679688
0.0691261291503906 0.008331298828125 0.00111007690429688 0.062469482421875
0.0642509460449219 0.0176239013671875 0.0490913391113281 -0.0247917175292969
0.0691757202148438 0.00683212280273438 0.0682792663574219 0.0142288208007812
0.0678558349609375 -0.00496673583984375 0.0653877258300781 0.0173377990722656
0.0539131164550781 -0.0300941467285156 0.0609092712402344 0.00212860107421875
0.0290412902832031 -0.0416297912597656 0.0390434265136719 -0.00419235229492188
0.00418472290039062 -0.04547119140625 0.0179328918457031 0.00173568725585937
-0.0092010498046875 -0.0394439697265625 0.0119829177856445 0.0167369842529297
-0.0080718994140625 -0.0365867614746094 0.00900650024414063 0.0353813171386719
-0.0110130310058594 -0.0391998291015625 -0.000358581542968756 0.0549888610839844
-0.0065765380859375 -0.0437393188476563 -0.0228157043457031 0.0583457946777344
0.0140533447265625 -0.0469932556152344 -0.0365943908691406 0.0521278381347656
0.0318145751953125 -0.0437431335449219 -0.0401191711425781 0.026947021484375
0.0544815063476563 -0.0180702209472656 -0.0296440124511719 0.00949859619140625
0.0654487609863281 -0.00400924682617188 0.00628471374511719 0.0192832946777344
0.0626144409179688 0.0097198486328125 0.0237503051757813 0.0676994323730469
0.0446205139160156 0.007904052734375 0.0631027221679688 -0.0268592834472656
0.0535240173339844 0.000141143798828125 0.0745162963867188 0.00637054443359375
0.0529365539550781 -0.0114974975585938 0.0605087280273438 0.0132369995117188
0.0362129211425781 -0.0300521850585938 0.0542182922363281 0.0078277587890625
0.0128498077392578 -0.0347175598144531 0.0369720458984375 0.00565719604492187
-0.00653839111328125 -0.0293369293212891 0.0229606628417969 0.0140914916992188
-0.0108013153076172 -0.0204257965087891 0.0197334289550781 0.0270099639892578
-0.00756263732910156 -0.0190410614013672 0.0163230895996094 0.043365478515625
-0.00872802734375 -0.0212726593017578 0.00495147705078125 0.0622138977050781
-0.007080078125 -0.0262851715087891 -0.0197830200195312 0.0659370422363281
0.00870895385742188 -0.0329799652099609 -0.0338249206542969 0.0573959350585938
0.0248737335205078 -0.0322341918945313 -0.0377922058105469 0.0300102233886719
0.0442581176757813 -0.0112648010253906 -0.0251750946044922 0.00931549072265625
0.0510902404785156 -1.1444091796875E-05 0.0186424255371094 0.0183906555175781
0.0444488525390625 0.0093841552734375 0.0411758422851563 0.0726394653320313
0.0190792083740234 2.09808349609375E-05 0.0698432922363281 -0.0328712463378906
0.0320415496826172 -0.00531578063964844 0.0731658935546875 -0.0039825439453125
0.0296554565429687 -0.0149250030517578 0.0543937683105469 0.00745391845703125
0.0134162902832031 -0.0244064331054688 0.049560546875 0.0113525390625
-0.00476837158203125 -0.021240234375 0.0379409790039063 0.00988006591796875
-0.0153770446777344 -0.00718784332275391 0.0290374755859375 0.0188255310058594
-0.00971031188964844 0.00157356262207031 0.0266361236572266 0.0295429229736328
-0.0063939094543457 0.00113058090209961 0.0208625793457031 0.0441131591796875
-0.00662708282470703 -0.000864982604980468 0.0069732666015625 0.0639610290527344
-0.00856447219848633 -0.0066680908203125 -0.0201339721679688 0.068572998046875
0.000301361083984376 -0.0163908004760742 -0.0351829528808594 0.0582351684570313
0.0127544403076172 -0.0191097259521484 -0.037841796875 0.0318679809570313
0.0266056060791016 -0.00489044189453125 -0.0242576599121094 0.00982093811035157
0.0268974304199219 0.00155448913574219 0.0224056243896484 0.0189628601074219
0.0189380645751953 0.005767822265625 0.0498275756835938 0.0755844116210938
0.0141525268554688 0.0179214477539063 -0.0483779907226563 -0.0647125244140625
0.00516986846923828 0.000500679016113281 -0.0101757049560547 -0.0166664123535156
0.00109720230102539 0.0045018196105957 0.0339927673339844 -0.00528907775878906
0.00885200500488281 0.00399017333984375 0.0523834228515625 -0.0328521728515625
0.0114774703979492 -0.00454330444335938 0.0415115356445313 -0.0562820434570313
0.00852108001708984 -0.0156383514404297 0.0145034790039062 -0.0738754272460938
-0.00108146667480469 -0.0238552093505859 -0.0117301940917969 -0.0657424926757813
0.000286102294921877 -0.0230808258056641 -0.023468017578125 -0.0405197143554687
0.0057830810546875 -0.0240707397460938 -0.0335597991943359 -0.0215244293212891
0.0151329040527344 -0.0177593231201172 -0.0411376953125 -0.0159111022949219
0.019195556640625 -0.0033416748046875 -0.04833984375 -0.00609970092773438
0.0130510330200195 0.0115327835083008 -0.0500030517578125 -0.0080413818359375
-0.00722312927246094 0.0141496658325195 -0.0596885681152344 -0.010101318359375
-0.00816726684570312 0.00741338729858399 -0.0694580078125 0.0105857849121094
0.00128459930419922 0.0131187438964844 -0.0706939697265625 0.0360488891601562
0.0429420471191406 0.0243568420410156 -0.0356330871582031 -0.0580863952636719
0.0325984954833984 0.00404548645019531 0.00482368469238282 -0.00981616973876953
0.0260086059570313 0.00373649597167969 0.04443359375 -0.0013580322265625
0.0281219482421875 -0.00478744506835938 0.0603561401367188 -0.0300483703613281
0.0247344970703125 -0.0167770385742188 0.0451011657714844 -0.050628662109375
0.01348876953125 -0.033050537109375 0.0164222717285156 -0.0654296875
-0.00288772583007813 -0.0409202575683594 -0.008575439453125 -0.0537757873535156
-0.0024871826171875 -0.0394210815429688 -0.0202713012695313 -0.0281085968017578
0.000728607177734378 -0.042724609375 -0.0316848754882812 -0.00746154785156251
0.0132980346679687 -0.0392875671386719 -0.0441093444824219 -0.00261688232421874
0.0272998809814453 -0.0241546630859375 -0.05206298828125 0.0050811767578125
0.0289096832275391 -0.00662994384765625 -0.0515327453613281 -0.00117874145507812
0.0163230895996094 0.00951004028320312 -0.0556526184082031 -0.00142288208007813
0.0186004638671875 0.00714302062988281 -0.0599746704101563 0.0216865539550781
0.0278396606445313 0.0142078399658203 -0.0620994567871094 0.0467910766601563
0.0646858215332031 0.0291595458984375 -0.0164413452148438 -0.0478935241699219
0.0554962158203125 0.00889968872070313 0.0232887268066406 0.000581741333007813
0.050262451171875 0.00423431396484375 0.0567703247070313 0.00646591186523438
0.047027587890625 -0.0132789611816406 0.0678825378417969 -0.0234565734863281
0.0360221862792969 -0.0286445617675781 0.0482292175292969 -0.0420036315917969
0.0181465148925781 -0.0459747314453125 0.0182075500488281 -0.0513458251953125
-0.00308990478515625 -0.0526695251464844 -0.00403976440429687 -0.0371971130371094
-0.00515365600585937 -0.0501136779785156 -0.0141897201538086 -0.0107603073120117
-0.004913330078125 -0.0543708801269531 -0.0263099670410156 0.0110530853271484
0.00722885131835938 -0.053985595703125 -0.0431861877441406 0.0155105590820312
0.0274925231933594 -0.0419921875 -0.0531501770019531 0.0203094482421875
0.0365829467773438 -0.0259666442871094 -0.0527992248535156 0.00814056396484376
0.0363426208496094 -0.00191497802734375 -0.05169677734375 0.006439208984375
0.0424156188964844 0.00248336791992188 -0.046722412109375 0.0274200439453125
0.0499496459960938 0.0126152038574219 -0.0450630187988281 0.055938720703125
0.0760116577148437 0.0300216674804687 0.00713729858398438 -0.0373573303222656
0.0708541870117187 0.0118560791015625 0.0434341430664063 0.0110054016113281
0.0679817199707031 0.00289154052734375 0.0666160583496094 0.0139999389648438
0.0597152709960938 -0.0211982727050781 0.072662353515625 -0.0144577026367188
0.0416603088378906 -0.0378875732421875 0.0482673645019531 -0.0306854248046875
0.0182876586914062 -0.0535659790039063 0.0186100006103516 -0.0344104766845703
-0.00446319580078125 -0.056182861328125 0.00143241882324219 -0.0181961059570313
-0.00665664672851562 -0.0531082153320313 -0.00650358200073242 0.00728130340576171
-0.0097503662109375 -0.0575180053710938 -0.0171031951904297 0.0301589965820312
-0.000190734863281245 -0.0595169067382813 -0.0378265380859375 0.0348548889160156
0.0228652954101563 -0.053070068359375 -0.0494232177734375 0.03631591796875
0.0374565124511719 -0.0414886474609375 -0.0508308410644531 0.0179595947265625
0.0503273010253906 -0.0140609741210937 -0.0466690063476563 0.0115394592285156
0.0609130859375 -0.00376510620117188 -0.0292549133300781 0.02783203125
0.0652122497558594 0.00981521606445313 -0.0223312377929687 0.063201904296875
0.0759353637695313 0.0249481201171875 0.0311107635498047 -0.0294971466064453
0.075225830078125 0.0109481811523438 0.0608863830566406 0.0172042846679688
0.0749435424804688 -0.000640869140625 0.0717315673828125 0.0185394287109375
0.0627059936523438 -0.0273780822753906 0.071807861328125 -0.00531005859375
0.0390892028808594 -0.0430984497070313 0.0460624694824219 -0.0165519714355469
0.0135345458984375 -0.0534286499023437 0.01898193359375 -0.0154094696044922
-0.006622314453125 -0.0510787963867188 0.00771379470825195 0.00162506103515625
-0.00822067260742187 -0.047882080078125 0.00242424011230469 0.0246791839599609
-0.0111808776855469 -0.051544189453125 -0.00684356689453125 0.0466957092285156
-0.0052032470703125 -0.0553016662597656 -0.0298881530761719 0.0512466430664063
0.0177345275878906 -0.0549888610839844 -0.0424041748046875 0.0491218566894531
0.0350341796875 -0.0484466552734375 -0.0465354919433594 0.0260162353515625
0.0564308166503906 -0.0209503173828125 -0.0390434265136719 0.0126571655273438
0.0687179565429688 -0.00634765625 -0.0106964111328125 0.0251369476318359
0.0698661804199219 0.00841140747070313 0.00250244140625 0.0686416625976563
0.0645294189453125 0.0166778564453125 0.0497093200683594 -0.0250282287597656
0.0685882568359375 0.00575637817382812 0.0720901489257813 0.015960693359375
0.0692100524902344 -0.00677490234375 0.0705490112304688 0.0189971923828125
0.0540084838867188 -0.0311279296875 0.0662651062011719 0.00274276733398437
0.0282783508300781 -0.0419692993164063 0.0419502258300781 -0.00421142578125
0.00415802001953125 -0.0444717407226563 0.02099609375 0.002197265625
-0.0093231201171875 -0.0372352600097656 0.0142936706542969 0.0182476043701172
-0.00864410400390625 -0.0353126525878906 0.0111427307128906 0.0380973815917969
-0.0109176635742188 -0.03790283203125 0.0016937255859375 0.0590705871582031
-0.00718307495117188 -0.0429840087890625 -0.0232505798339844 0.0639915466308594
0.0125808715820313 -0.0462760925292969 -0.0374755859375 0.0574531555175781
0.0307655334472656 -0.044158935546875 -0.0420761108398438 0.0305595397949219
0.0544395446777344 -0.0192222595214844 -0.0310497283935547 0.0118064880371094
0.0652313232421875 -0.00510406494140625 0.00749588012695313 0.0214500427246094
0.0621528625488281 0.00870895385742187 0.0262374877929688 0.0739212036132813
0.0441169738769531 0.00621414184570313 0.0639190673828125 -0.02685546875
0.0532722473144531 -0.0015716552734375 0.0773544311523437 0.00875091552734375
0.0527839660644531 -0.0128974914550781 0.0647697448730469 0.0144538879394531
0.0351066589355469 -0.0307159423828125 0.0585556030273438 0.00812530517578125
0.010711669921875 -0.0342750549316406 0.0402450561523438 0.0051727294921875
-0.00717926025390625 -0.0267429351806641 0.0259246826171875 0.0138435363769531
-0.0106048583984375 -0.0179729461669922 0.0219669342041016 0.0275173187255859
-0.00729942321777344 -0.0171699523925781 0.0179557800292969 0.04498291015625
-0.00858306884765625 -0.0188922882080078 0.0068359375 0.0657844543457031
-0.00736618041992187 -0.0238914489746094 -0.0198822021484375 0.0705184936523438
0.007568359375 -0.0313129425048828 -0.0352706909179687 0.0611305236816406
0.0226898193359375 -0.0320281982421875 -0.0394973754882813 0.0327224731445312
0.0438804626464844 -0.0125656127929687 -0.0263195037841797 0.0113620758056641
0.0497856140136719 -0.00131988525390625 0.0193977355957031 0.0200233459472656
0.0439682006835938 0.00702285766601563 0.0430068969726563 0.0775527954101563
0.0180568695068359 -0.00259017944335938 0.0699234008789063 -0.03411865234375
0.0304355621337891 -0.0076904296875 0.0753555297851563 -0.0025634765625
0.0288372039794922 -0.0175437927246094 0.0576095581054688 0.00914764404296875
0.0107364654541016 -0.0255813598632813 0.0530242919921875 0.0109481811523438
-0.00786209106445313 -0.020599365234375 0.0409774780273438 0.00934982299804687
-0.0162906646728516 -0.00420475006103516 0.0316867828369141 0.0178127288818359
-0.00947093963623047 0.0055694580078125 0.0280075073242188 0.0288467407226563
-0.00499773025512695 0.00344753265380859 0.0214729309082031 0.0450935363769531
-0.00599479675292969 0.00255203247070313 0.00788879394531251 0.0667533874511719
-0.00877618789672852 -0.00294399261474609 -0.0198898315429688 0.0723114013671875
-0.00127220153808594 -0.0141067504882813 -0.0364608764648437 0.0616455078125
0.0105381011962891 -0.0182476043701172 -0.0402145385742187 0.0342178344726563
0.0251598358154297 -0.00562095642089844 -0.0266952514648438 0.010894775390625
0.0250453948974609 -0.0001373291015625 0.0223503112792969 0.0198020935058594
0.0174331665039063 0.00366878509521484 0.0516204833984375 0.0797958374023437
0.0186443328857422 0.0206470489501953 -0.0505790710449219 -0.0667152404785156
0.00784826278686523 0.00102758407592773 -0.00861740112304687 -0.0173730850219727
0.00391387939453125 0.00441408157348633 0.0374259948730469 -0.00791168212890625
0.0112190246582031 0.00220203399658203 0.0543060302734375 -0.0364341735839844
0.0126447677612305 -0.00725841522216797 0.0412559509277344 -0.0593948364257813
0.00761795043945313 -0.0200691223144531 0.0128402709960937 -0.0763473510742188
-0.00387763977050781 -0.0275058746337891 -0.0138092041015625 -0.0663299560546875
-0.00206947326660156 -0.0259017944335937 -0.0249519348144531 -0.0399284362792969
0.00385093688964843 -0.0290546417236328 -0.0340232849121094 -0.0189380645751953
0.0159339904785156 -0.0223731994628906 -0.04364013671875 -0.0124244689941406
0.0226230621337891 -0.00632667541503906 -0.0518455505371094 -0.00265884399414062
0.0169162750244141 0.0105953216552734 -0.0536766052246094 -0.00594711303710937
-0.00431442260742187 0.0178737640380859 -0.0631904602050781 -0.00892639160156249
-0.00598812103271484 0.0113458633422852 -0.0706787109375 0.0123367309570313
0.00375843048095703 0.016632080078125 -0.0693283081054688 0.0401496887207031
0.0475730895996094 0.0262374877929688 -0.0366172790527344 -0.0595588684082031
0.03521728515625 0.00334930419921875 0.00749301910400391 -0.0102033615112305
0.0286388397216797 0.00219917297363281 0.0491485595703125 -0.00365829467773438
0.0299472808837891 -0.00754165649414063 0.0626754760742187 -0.0330085754394531
0.0249843597412109 -0.0203113555908203 0.04638671875 -0.0530776977539063
0.0127220153808594 -0.0370254516601563 0.0163345336914062 -0.0664634704589844
-0.00549697875976562 -0.0440902709960938 -0.00913238525390625 -0.0537223815917969
-0.005462646484375 -0.0427627563476563 -0.0205249786376953 -0.025604248046875
-0.00182723999023438 -0.0470771789550781 -0.0315036773681641 -0.00374031066894531
0.01324462890625 -0.0437126159667969 -0.045745849609375 0.00201416015625
0.0295028686523437 -0.0274677276611328 -0.0552597045898437 0.00964736938476562
0.0322628021240234 -0.0076904296875 -0.0551910400390625 0.00190734863281251
0.0198287963867188 0.0123519897460938 -0.0590095520019531 0.0012054443359375
0.0210609436035156 0.0109844207763672 -0.0603904724121094 0.0233268737792969
0.0304050445556641 0.0168724060058594 -0.0594139099121094 0.0526046752929688
0.0690345764160156 0.0296287536621094 -0.01568603515625 -0.0489463806152344
0.0583267211914063 0.00754928588867188 0.0280971527099609 0.000671386718750001
0.0532608032226562 0.00212478637695313 0.0625801086425781 0.00463485717773438
0.0485382080078125 -0.016204833984375 0.0716629028320313 -0.0262222290039063
0.0352020263671875 -0.0317573547363281 0.0499992370605469 -0.0439109802246094
0.0164566040039063 -0.0500755310058594 0.0190238952636719 -0.0518798828125
-0.00597763061523437 -0.0549964904785156 -0.00292205810546875 -0.0367927551269531
-0.00832366943359374 -0.0522651672363281 -0.0123767852783203 -0.00848388671875
-0.00718307495117188 -0.0572509765625 -0.0242900848388672 0.0160655975341797
0.00631332397460937 -0.057403564453125 -0.0435333251953125 0.0219459533691406
0.0287895202636719 -0.0454216003417969 -0.0547218322753906 0.0266571044921875
0.03851318359375 -0.0282516479492187 -0.0553703308105469 0.01324462890625
0.0391731262207031 -0.000736236572265625 -0.0544052124023438 0.00930023193359376
0.0446548461914063 0.00445938110351563 -0.0451393127441406 0.0308189392089844
0.0521621704101562 0.0135040283203125 -0.0417594909667969 0.0627670288085938
0.0791702270507813 0.0291213989257813 0.00780868530273438 -0.0382156372070313
0.0725860595703125 0.01025390625 0.0485763549804688 0.0115852355957031
0.0705718994140625 0.00029754638671875 0.07354736328125 0.0129623413085938
0.0605278015136719 -0.0234756469726563 0.0771102905273438 -0.0171051025390625
0.0410728454589844 -0.0403861999511719 0.0511703491210938 -0.0319786071777344
0.0165519714355469 -0.0562705993652344 0.0211315155029297 -0.034393310546875
-0.00674057006835937 -0.0576896667480469 0.0032196044921875 -0.0167102813720703
-0.00914001464843749 -0.0543632507324219 -0.00363731384277344 0.0102777481079102
-0.011810302734375 -0.05926513671875 -0.013397216796875 0.0351676940917969
-0.00153350830078125 -0.0613021850585938 -0.0366401672363281 0.0418701171875
0.0230674743652344 -0.0555343627929688 -0.0496902465820312 0.0432815551757813
0.0381050109863281 -0.0436592102050781 -0.0522003173828125 0.024139404296875
0.0520553588867188 -0.0140037536621094 -0.0483436584472656 0.0150146484375
0.061767578125 -0.0035247802734375 -0.02752685546875 0.0309696197509766
0.0667915344238281 0.0099945068359375 -0.01861572265625 0.0698013305664063
0.0774459838867188 0.0234909057617188 0.0319900512695313 -0.0292835235595703
0.0756683349609375 0.00885772705078125 0.0663375854492188 0.0178680419921875
0.0772552490234375 -0.00322723388671875 0.0781173706054688 0.01837158203125
0.0627174377441406 -0.0294418334960937 0.0771942138671875 -0.006744384765625
0.0379371643066406 -0.0445556640625 0.0494880676269531 -0.0175933837890625
0.0121002197265625 -0.0544586181640625 0.0226192474365234 -0.0151462554931641
-0.00824356079101563 -0.0506172180175781 0.0101127624511719 0.0030527114868164
-0.0101776123046875 -0.0475120544433594 0.00570297241210937 0.0274562835693359
-0.013275146484375 -0.051666259765625 -0.00275421142578125 0.0520896911621094
-0.00692749023437499 -0.0553817749023438 -0.0282821655273438 0.0588569641113281
0.0162429809570313 -0.0551414489746094 -0.0424308776855469 0.0562973022460937
0.0340232849121094 -0.0499534606933594 -0.0477943420410156 0.0317192077636719
0.056732177734375 -0.0221977233886719 -0.0397567749023437 0.0167579650878906
0.0688552856445312 -0.00859451293945312 -0.00842857360839843 0.0272331237792969
0.0707244873046875 0.00672149658203125 0.0076751708984375 0.0748367309570313
0.0651893615722656 0.0141220092773438 0.0514945983886719 -0.0251731872558594
0.0684585571289063 0.0036163330078125 0.0771636962890625 0.0168075561523438
0.0703277587890625 -0.0091094970703125 0.0764617919921875 0.0182418823242188
0.0524711608886719 -0.032562255859375 0.0711212158203125 0.0019378662109375
0.0260429382324219 -0.0423011779785156 0.0458412170410156 -0.00531005859375
0.0032806396484375 -0.0433387756347656 0.0245609283447266 0.0022735595703125
-0.0095062255859375 -0.0358085632324219 0.0172920227050781 0.0190181732177734
-0.00904464721679688 -0.0333023071289063 0.0143051147460938 0.0404167175292969
-0.0111846923828125 -0.0364341735839844 0.00641250610351562 0.0634880065917969
-0.008544921875 -0.0407524108886719 -0.0206069946289063 0.070770263671875
0.0105361938476563 -0.0455589294433594 -0.0361900329589844 0.0645256042480469
0.0286636352539063 -0.0454444885253906 -0.0433883666992188 0.0357818603515625
0.0537376403808594 -0.021087646484375 -0.0321807861328125 0.0150318145751953
0.0641975402832031 -0.0077362060546875 0.00932884216308594 0.0232620239257812
0.0622062683105469 0.00576019287109375 0.0314102172851563 0.0787429809570313
0.0430831909179688 0.00351333618164063 0.0642662048339844 -0.0284309387207031
0.0514297485351563 -0.00394821166992188 0.0812225341796875 0.008270263671875
0.0522880554199219 -0.0161323547363281 0.071136474609375 0.0140609741210937
0.032318115234375 -0.0317516326904297 0.063720703125 0.00723648071289062
0.007781982421875 -0.0331439971923828 0.0436515808105469 0.0038299560546875
-0.00769996643066407 -0.0239086151123047 0.0290946960449219 0.013275146484375
-0.00975990295410157 -0.0142316818237305 0.0240650177001953 0.0279083251953125
-0.00706768035888672 -0.0139293670654297 0.0203857421875 0.0462074279785156
-0.00745105743408203 -0.0151824951171875 0.0108985900878906 0.0694961547851563
-0.00778579711914062 -0.0208053588867188 -0.0173797607421875 0.0765914916992188
0.00505256652832031 -0.0290851593017578 -0.0335578918457031 0.0671348571777344
0.0203285217285156 -0.0319690704345703 -0.0403022766113281 0.0376472473144531
0.0416412353515625 -0.0139808654785156 -0.0273303985595703 0.0137882232666016
0.0477409362792969 -0.00381851196289062 0.0201606750488281 0.0210227966308594
0.042327880859375 0.00417327880859375 0.0475845336914063 0.0822067260742188
0.0162973403930664 -0.00570774078369141 0.0692100524902344 -0.0364151000976563
0.0284900665283203 -0.0106658935546875 0.078216552734375 -0.003570556640625
0.0271453857421875 -0.0212001800537109 0.0629005432128906 0.00811767578125
0.00736808776855469 -0.0263290405273438 0.0580406188964844 0.0099029541015625
-0.0113449096679687 -0.0185317993164063 0.0443000793457031 0.0067596435546875
-0.0166254043579102 0.000405311584472657 0.0347805023193359 0.0158481597900391
-0.00711154937744141 0.00954341888427734 0.0294628143310547 0.0275764465332031
-0.00286865234375 0.00728607177734375 0.0234107971191406 0.0455436706542969
-0.00400829315185547 0.0063776969909668 0.0110626220703125 0.0695037841796875
-0.00795793533325195 0.00185728073120117 -0.0182723999023437 0.0768661499023438
-0.00328826904296875 -0.0106964111328125 -0.0348587036132812 0.06622314453125
0.00839996337890625 -0.0165176391601563 -0.0413093566894531 0.0383377075195313
0.0230484008789063 -0.00620079040527344 -0.0276832580566406 0.0131397247314453
0.022430419921875 -0.00149154663085938 0.0222434997558594 0.0206317901611328
0.0150241851806641 0.000379562377929688 0.0551986694335938 0.0832138061523438
0.0241928100585938 0.0225601196289063 -0.0528488159179687 -0.0666999816894531
0.0109329223632813 0.000159263610839844 -0.00744438171386719 -0.0185031890869141
0.00692892074584961 0.00250482559204102 0.0391120910644531 -0.0106544494628906
0.0128889083862305 -0.000912666320800781 0.0538902282714844 -0.040435791015625
0.0124597549438477 -0.0109834671020508 0.0394859313964844 -0.0622596740722656
0.005340576171875 -0.0239219665527344 0.00905609130859376 -0.0770416259765625
-0.00828170776367188 -0.0302219390869141 -0.0164756774902344 -0.0651664733886719
-0.00591659545898437 -0.0289821624755859 -0.0255851745605469 -0.0374908447265625
-0.000732421875000002 -0.0333595275878906 -0.0340633392333984 -0.0152397155761719
0.0139732360839844 -0.0275516510009766 -0.0446586608886719 -0.00728988647460937
0.0240535736083984 -0.0106945037841797 -0.0536613464355469 0.00246429443359374
0.0217952728271484 0.00880241394042969 -0.0560951232910156 -0.00218200683593751
0.000839233398437499 0.0206108093261719 -0.0655250549316406 -0.00658798217773436
-0.00247287750244141 0.0158109664916992 -0.0707321166992188 0.0142364501953125
0.00703239440917969 0.0209178924560547 -0.0654869079589844 0.0437583923339844
0.051971435546875 0.0258522033691406 -0.0375251770019531 -0.0585441589355469
0.0377578735351563 0.001739501953125 0.010472297668457 -0.0114116668701172
0.0313625335693359 -0.000110626220703125 0.0519447326660156 -0.00679779052734375
0.0309677124023438 -0.0110321044921875 0.0635795593261719 -0.0371475219726563
0.0236587524414063 -0.0238227844238281 0.0455360412597656 -0.0552406311035156
0.00906753540039062 -0.040435791015625 0.0151786804199219 -0.0665168762207031
-0.00992584228515625 -0.0462150573730469 -0.00983810424804687 -0.052703857421875
-0.00991058349609375 -0.0444297790527344 -0.0186710357666016 -0.0230312347412109
-0.00620269775390625 -0.0506057739257812 -0.0293693542480469 0.000921249389648438
0.0106124877929688 -0.0475006103515625 -0.0456733703613281 0.00860595703125
0.0300674438476563 -0.0314235687255859 -0.0555801391601563 0.0159835815429687
0.0355491638183594 -0.0102386474609375 -0.0560874938964844 0.00724411010742187
0.0238895416259766 0.0139274597167969 -0.0601806640625 0.00420379638671876
0.0239295959472656 0.0137691497802734 -0.05859375 0.0263404846191406
0.0328788757324219 0.0191230773925781 -0.0540733337402344 0.0571327209472656
0.07135009765625 0.0278854370117188 -0.0157051086425781 -0.048431396484375
0.0595970153808594 0.00513076782226563 0.0320396423339844 -0.000833511352539062
0.0547561645507813 -0.00149154663085938 0.0668907165527344 0.000675201416015625
0.04803466796875 -0.0194053649902344 0.0734786987304688 -0.0301284790039063
0.0340194702148438 -0.0346107482910156 0.0507545471191406 -0.04644775390625
0.0130691528320313 -0.0525131225585938 0.0198593139648438 -0.05206298828125
-0.0102920532226563 -0.0556602478027344 -0.00173187255859375 -0.0353851318359375
-0.0117454528808594 -0.0531959533691406 -0.00996875762939453 -0.00514125823974609
-0.0116729736328125 -0.05963134765625 -0.0196762084960938 0.02056884765625
0.003631591796875 -0.0602684020996094 -0.0412979125976563 0.0291824340820312
0.0282135009765625 -0.048126220703125 -0.0531806945800781 0.0340690612792969
0.0399436950683594 -0.0300369262695313 -0.0558395385742188 0.0189208984375
0.0418891906738281 -0.00035858154296875 -0.0547103881835938 0.0135574340820313
0.0468559265136719 0.00579071044921875 -0.0423088073730469 0.0333137512207031
0.0543174743652344 0.0145950317382813 -0.0350379943847656 0.0677757263183594
0.080596923828125 0.0266342163085938 0.00931549072265626 -0.0372085571289063
0.0720977783203125 0.00734710693359375 0.0538520812988281 0.00997161865234375
0.0710983276367187 -0.003448486328125 0.0786895751953125 0.00910186767578125
0.0593833923339844 -0.0269508361816406 0.0802841186523438 -0.0206069946289063
0.0389022827148437 -0.0424995422363281 0.0526771545410156 -0.0342483520507813
0.0137252807617188 -0.0574455261230469 0.0227985382080078 -0.0343589782714844
-0.00976943969726562 -0.0571708679199219 0.00544643402099609 -0.0153102874755859
-0.012603759765625 -0.0536689758300781 0.00025653839111328 0.0130233764648437
-0.0148582458496094 -0.0592002868652344 -0.0077362060546875 0.0396575927734375
-0.00439453125000001 -0.0615386962890625 -0.0328178405761719 0.0489006042480469
0.0208549499511719 -0.0568580627441406 -0.0473251342773438 0.0507164001464844
0.0371971130371094 -0.0455207824707031 -0.0523109436035156 0.0301132202148437
0.0527305603027344 -0.0150070190429688 -0.0479621887207031 0.0195884704589844
0.0622177124023438 -0.00365829467773438 -0.024169921875 0.0342826843261719
0.0672149658203125 0.00870132446289063 -0.0111083984375 0.07525634765625
0.077484130859375 0.0203933715820313 0.0325603485107422 -0.0297966003417969
0.0743637084960938 0.00567626953125 0.0711898803710938 0.0159149169921875
0.0765762329101563 -0.006591796875 0.0842132568359375 0.015228271484375
0.0609169006347656 -0.0316047668457031 0.0809707641601563 -0.0106964111328125
0.0350875854492188 -0.0451583862304688 0.0514259338378906 -0.0197982788085938
0.0100173950195312 -0.0536613464355469 0.0251750946044922 -0.0153694152832031
-0.00968551635742188 -0.0491905212402344 0.0132455825805664 0.00391769409179687
-0.0109519958496094 -0.0453834533691406 0.0100860595703125 0.0297508239746094
-0.0150146484375 -0.0497779846191406 0.0038909912109375 0.0556869506835937
-0.00893020629882813 -0.0531044006347656 -0.0226821899414063 0.0652313232421875
0.0131301879882812 -0.0549812316894531 -0.0382308959960938 0.0634498596191406
0.0311164855957031 -0.0503692626953125 -0.0468788146972656 0.0377426147460938
0.055389404296875 -0.0234909057617188 -0.0395774841308594 0.0211334228515625
0.0677528381347656 -0.0104637145996094 -0.00540542602539062 0.0301265716552734
0.069671630859375 0.00455093383789063 0.015045166015625 0.0794525146484375
0.0634613037109375 0.0108413696289062 0.0515823364257813 -0.0258293151855469
0.0650749206542969 0.000331878662109375 0.0813446044921875 0.0154876708984375
0.0684013366699219 -0.0124931335449219 0.08221435546875 0.0159454345703125
0.0498733520507813 -0.0337600708007813 0.075286865234375 -0.00150299072265625
0.0230216979980469 -0.0409088134765625 0.0486488342285156 -0.007110595703125
0.0020599365234375 -0.0414352416992188 0.02777099609375 0.00105476379394531
-0.00903511047363281 -0.0332145690917969 0.0202960968017578 0.0189952850341797
-0.00929641723632813 -0.0304374694824219 0.0191001892089844 0.0409622192382813
-0.0116233825683594 -0.0331821441650391 0.0133819580078125 0.0658836364746094
-0.00940704345703125 -0.037078857421875 -0.0147476196289063 0.0758819580078125
0.00841903686523437 -0.0435523986816406 -0.0319061279296875 0.0703277587890625
0.0243568420410156 -0.044464111328125 -0.0412864685058594 0.0413665771484375
0.0505142211914063 -0.02276611328125 -0.0319595336914063 0.0191478729248047
0.0609550476074219 -0.0108718872070313 0.0111942291259766 0.0248565673828125
0.0601425170898438 0.00238800048828125 0.03759765625 0.0823211669921875
0.0404548645019531 0.000354766845703125 0.0629615783691406 -0.0295791625976562
0.0476417541503906 -0.00762939453125 0.0834503173828125 0.007171630859375
0.0484733581542969 -0.0195388793945313 0.075225830078125 0.0118789672851562
0.0287284851074219 -0.0318279266357422 0.0677337646484375 0.00428009033203125
0.00481986999511718 -0.0302581787109375 0.0461158752441406 0.00152206420898437
-0.00786399841308594 -0.0199241638183594 0.0315093994140625 0.0108165740966797
-0.00740337371826172 -0.0106868743896484 0.0266952514648438 0.0264663696289063
-0.00555324554443359 -0.0109920501708984 0.0242347717285156 0.046417236328125
-0.00588035583496094 -0.0118188858032227 0.016815185546875 0.0703048706054688
-0.00680160522460938 -0.0162773132324219 -0.01220703125 0.0807266235351563
0.00269699096679688 -0.0254192352294922 -0.0296249389648438 0.0717010498046875
0.0162143707275391 -0.03057861328125 -0.0383071899414062 0.0421829223632813
0.0381011962890625 -0.0152778625488281 -0.0273418426513672 0.0170822143554687
0.0434799194335938 -0.00625228881835938 0.0215721130371094 0.0216445922851562
0.0390625 0.000965118408203125 0.0530853271484375 0.0841522216796875
0.0126142501831055 -0.00855541229248047 0.0663909912109375 -0.0383110046386719
0.0248126983642578 -0.0137939453125 0.0782089233398438 -0.00542449951171875
0.0226211547851562 -0.0238971710205078 0.0657157897949219 0.00653839111328125
0.00293159484863281 -0.0254459381103516 0.0620613098144531 0.006744384765625
-0.0145864486694336 -0.013850212097168 0.0465507507324219 0.00335693359375
-0.0153074264526367 0.00557518005371094 0.0367546081542969 0.0116615295410156
-0.00386238098144531 0.0135507583618164 0.0303993225097656 0.0252914428710938
-0.000756263732910156 0.0108480453491211 0.0262184143066406 0.044036865234375
-0.000261306762695312 0.0103607177734375 0.0158271789550781 0.0692138671875
-0.00604104995727539 0.00607633590698242 -0.0137252807617187 0.0800857543945312
-0.00389480590820312 -0.00655460357666016 -0.031341552734375 0.0705032348632813
0.00519943237304688 -0.0144290924072266 -0.0395660400390625 0.0423202514648438
0.0192852020263672 -0.00649833679199219 -0.0285911560058594 0.0155982971191406
0.0180206298828125 -0.00339889526367188 0.02197265625 0.0208034515380859
0.0106048583984375 -0.00182628631591797 0.0593109130859375 0.0842132568359375
0.0294876098632813 0.0235633850097656 -0.0528297424316406 -0.0656013488769531
0.0148134231567383 -0.000269889831542969 -0.00557899475097656 -0.0196628570556641
0.00996971130371094 0.000476837158203125 0.0392608642578125 -0.0143814086914063
0.0137405395507812 -0.00509166717529297 0.0517921447753906 -0.0434112548828125
0.0115880966186523 -0.0147743225097656 0.0364418029785156 -0.062164306640625
0.0015106201171875 -0.0271072387695312 0.00650787353515624 -0.0748748779296875
-0.0123462677001953 -0.0313377380371094 -0.0181465148925781 -0.0628318786621094
-0.0102252960205078 -0.0301666259765625 -0.0245475769042969 -0.0349578857421875
-0.00535964965820313 -0.0357894897460937 -0.0316925048828125 -0.0116596221923828
0.0114078521728516 -0.0321216583251953 -0.0436286926269531 -0.00288772583007812
0.0254898071289063 -0.0151996612548828 -0.0526390075683594 0.00743865966796875
0.0251026153564453 0.00571823120117188 -0.0568122863769531 0.00148773193359374
0.0062255859375 0.0221633911132813 -0.0662269592285156 -0.00300216674804688
0.00245094299316406 0.0189838409423828 -0.0694427490234375 0.0149955749511719
0.0118961334228516 0.0232887268066406 -0.0605125427246094 0.0445098876953125
0.0552444458007813 0.0256233215332031 -0.0362472534179687 -0.0570259094238281
0.0396194458007813 0.000179290771484375 0.0133285522460938 -0.0129308700561523
0.0328769683837891 -0.00277328491210938 0.0533905029296875 -0.0102348327636719
0.0306034088134766 -0.0146045684814453 0.0622406005859375 -0.0394973754882812
0.0220794677734375 -0.0263271331787109 0.0437240600585938 -0.0554084777832031
0.00542068481445313 -0.0427589416503906 0.0144271850585938 -0.0644760131835937
-0.0144882202148438 -0.0461959838867187 -0.00909805297851562 -0.0499763488769531
-0.0139884948730469 -0.0446701049804688 -0.0166645050048828 -0.020416259765625
-0.010345458984375 -0.0512237548828125 -0.0251216888427734 0.00463485717773437
0.00811004638671875 -0.0505561828613281 -0.0420379638671875 0.0140914916992188
0.0306549072265625 -0.0351753234863281 -0.0531501770019531 0.0219230651855469
0.0377464294433594 -0.0129203796386719 -0.0559806823730469 0.0109634399414063
0.0284023284912109 0.0150833129882812 -0.0597953796386719 0.00732803344726563
0.0278739929199219 0.0166282653808594 -0.055450439453125 0.0273704528808594
0.0360260009765625 0.0219268798828125 -0.0472221374511719 0.0582008361816406
0.0729598999023438 0.026702880859375 -0.0135154724121094 -0.0471649169921875
0.0595855712890625 0.0032196044921875 0.0358619689941406 -0.0025787353515625
0.0547027587890625 -0.00441741943359375 0.0688972473144531 -0.00300216674804688
0.0466232299804688 -0.0221023559570313 0.0737991333007813 -0.0327529907226563
0.0311355590820313 -0.03607177734375 0.0503730773925781 -0.0466575622558594
0.00915145874023438 -0.0536041259765625 0.0205421447753906 -0.0507240295410156
-0.0135536193847656 -0.0552520751953125 0.000276565551757812 -0.033538818359375
-0.0150108337402344 -0.0522117614746094 -0.00569486618041992 -0.00361776351928711
-0.0152740478515625 -0.05926513671875 -0.0143585205078125 0.0240917205810547
0.000999450683593752 -0.0610427856445313 -0.036346435546875 0.0347404479980469
0.0275955200195313 -0.05029296875 -0.0498733520507813 0.039642333984375
0.0406570434570313 -0.0320053100585938 -0.0545158386230469 0.024139404296875
0.044464111328125 0.000827789306640625 -0.0536308288574219 0.0172996520996094
0.0489578247070313 0.00722885131835938 -0.0386543273925781 0.0350990295410156
0.0548934936523438 0.0158729553222656 -0.0274391174316406 0.0694160461425781
0.0792922973632813 0.0247650146484375 0.011199951171875 -0.03656005859375
0.0699348449707031 0.00464248657226563 0.0576286315917969 0.00797653198242188
0.0697021484375 -0.00609207153320312 0.0812759399414063 0.0057373046875
0.0575408935546875 -0.0283432006835938 0.0813980102539063 -0.0239639282226563
0.0354423522949219 -0.0423469543457031 0.0532951354980469 -0.0350494384765625
0.0113182067871094 -0.05712890625 0.02496337890625 -0.0331783294677734
-0.0117721557617188 -0.0555000305175781 0.00869178771972656 -0.0143566131591797
-0.0138626098632813 -0.0515785217285156 0.00503158569335938 0.0143003463745117
-0.0171012878417969 -0.057373046875 -0.000755310058593755 0.0419807434082031
-0.00627136230468751 -0.0606498718261719 -0.0265274047851562 0.0537910461425781
0.0192680358886719 -0.0565261840820313 -0.0418701171875 0.0565681457519531
0.0364532470703125 -0.0450668334960938 -0.049713134765625 0.0355262756347656
0.0526924133300781 -0.0139274597167969 -0.0460205078125 0.0234107971191406
0.0610198974609375 -0.0034027099609375 -0.0200080871582031 0.0349216461181641
0.0657386779785156 0.008758544921875 -0.0037384033203125 0.0767593383789063
0.0742721557617187 0.0182342529296875 0.0335884094238281 -0.0285053253173828
0.070953369140625 0.0040283203125 0.07415771484375 0.0138931274414063
0.0734710693359375 -0.00896453857421875 0.0870742797851563 0.0115509033203125
0.0580902099609375 -0.03167724609375 0.0825881958007813 -0.0131683349609375
0.0326614379882813 -0.0435981750488281 0.0530281066894531 -0.0213203430175781
0.00872802734375 -0.0518531799316406 0.0276451110839844 -0.0156078338623047
-0.0095672607421875 -0.0464210510253906 0.0164260864257813 0.00432395935058593
-0.0115203857421875 -0.0427970886230469 0.0154075622558594 0.030029296875
-0.0150718688964844 -0.04736328125 0.0107498168945312 0.0562019348144531
-0.00933837890624999 -0.0502853393554687 -0.0162200927734375 0.0694313049316406
0.0120162963867187 -0.0525016784667969 -0.0324363708496094 0.0679855346679688
0.0287818908691406 -0.0486793518066406 -0.0426445007324219 0.0425529479980469
0.0532722473144531 -0.0229072570800781 -0.0373191833496094 0.0247230529785156
0.0640449523925781 -0.0108642578125 -0.00181007385253906 0.0311679840087891
0.0659332275390625 0.00281143188476562 0.0214920043945312 0.0807113647460938
0.059112548828125 0.00867462158203125 0.0512924194335938 -0.0248031616210938
0.0605697631835938 -0.000858306884765625 0.0831832885742188 0.0136871337890625
0.0636329650878906 -0.0136871337890625 0.085357666015625 0.0126876831054688
0.0461502075195313 -0.0326423645019531 0.0771102905273438 -0.00452423095703125
0.0204086303710938 -0.0378875732421875 0.0500946044921875 -0.00970840454101563
0.0020751953125 -0.0371971130371094 0.0298500061035156 -0.000154495239257815
-0.00753402709960938 -0.0291614532470703 0.0229892730712891 0.0181827545166016
-0.00751113891601562 -0.0272102355957031 0.022796630859375 0.0408134460449219
-0.00938987731933593 -0.0300807952880859 0.0189437866210937 0.0655174255371094
-0.00803756713867188 -0.0327396392822266 -0.00791168212890625 0.07928466796875
0.00650405883789063 -0.0388565063476562 -0.0264205932617188 0.0735015869140625
0.0212860107421875 -0.0414886474609375 -0.0375823974609375 0.0452804565429688
0.0467262268066406 -0.0220565795898438 -0.0303325653076172 0.0224666595458984
0.0559272766113281 -0.0115242004394531 0.0136184692382813 0.0256233215332031
0.0548515319824219 0.000606536865234375 0.04302978515625 0.0827407836914062
0.0361862182617188 -0.00193405151367187 0.0611724853515625 -0.0285606384277344
0.0420150756835937 -0.008575439453125 0.08416748046875 0.0056610107421875
0.0436172485351563 -0.0203132629394531 0.0767745971679688 0.0103073120117187
0.0243892669677734 -0.0297775268554688 0.0698204040527344 0.00162506103515625
0.00251579284667969 -0.0257549285888672 0.0472679138183594 -0.00225067138671875
-0.00627040863037109 -0.0157842636108398 0.0328807830810547 0.00863456726074219
-0.00428676605224609 -0.00732231140136719 0.0276927947998047 0.0253620147705078
-0.00260066986083984 -0.007537841796875 0.02703857421875 0.0444908142089844
-0.002593994140625 -0.00880527496337891 0.0217552185058594 0.0697479248046875
-0.00487804412841797 -0.011357307434082 -0.00629425048828125 0.08197021484375
0.00197601318359375 -0.0206069946289062 -0.0247650146484375 0.0740814208984375
0.0128021240234375 -0.0270290374755859 -0.0352287292480469 0.045318603515625
0.0335273742675781 -0.0142803192138672 -0.0263576507568359 0.0200424194335938
0.0376167297363281 -0.00762557983398438 0.0222969055175781 0.0219154357910156
0.0335445404052734 -0.00135612487792969 0.0575027465820312 0.0835952758789063
0.00846099853515625 -0.0105190277099609 0.0622291564941406 -0.0385856628417969
0.0191745758056641 -0.0152053833007813 0.0783004760742187 -0.00568389892578125
0.0161972045898438 -0.0246696472167969 0.0671234130859375 0.0045318603515625
-0.00180244445800781 -0.0229167938232422 0.0636405944824219 0.00331878662109375
-0.0162668228149414 -0.00829315185546875 0.0467338562011719 -0.000701904296875
-0.013270378112793 0.0107316970825195 0.0361137390136719 0.00865936279296875
0.000797271728515624 0.0169210433959961 0.029876708984375 0.0227565765380859
0.00319957733154297 0.013615608215332 0.02703857421875 0.0418930053710938
0.00422191619873047 0.0135393142700195 0.0183792114257813 0.06768798828125
-0.00245952606201172 0.0104494094848633 -0.00947570800781251 0.0807266235351563
-0.00437736511230469 -0.000969171524047852 -0.0273056030273438 0.0719146728515625
0.00245285034179688 -0.0107479095458984 -0.037017822265625 0.0443878173828125
0.0151472091674805 -0.00536918640136719 -0.0286293029785156 0.0179691314697266
0.0121364593505859 -0.00388145446777344 0.0213279724121094 0.0209274291992188
0.00541543960571289 -0.00351428985595703 0.06207275390625 0.0826873779296875
0.0347900390625 0.0232906341552734 -0.0503921508789063 -0.0657577514648438
0.0181732177734375 -0.00165939331054688 -0.00370979309082031 -0.0210933685302734
0.0122890472412109 -0.00248813629150391 0.0393333435058594 -0.0153694152832031
0.0145807266235352 -0.00906276702880859 0.0504379272460938 -0.0428581237792969
0.0103969573974609 -0.017822265625 0.0353355407714844 -0.0605392456054687
-0.00193595886230469 -0.0299072265625 0.00784301757812501 -0.0724029541015625
-0.016998291015625 -0.0323581695556641 -0.0163650512695312 -0.0605087280273438
-0.0142784118652344 -0.0311298370361328 -0.0219783782958984 -0.0329742431640625
-0.00990676879882812 -0.0380973815917969 -0.0284538269042969 -0.00975608825683594
0.0089874267578125 -0.0357513427734375 -0.0412445068359375 0.000236511230468754
0.0255718231201172 -0.0195770263671875 -0.0513343811035156 0.0102386474609375
0.0275230407714844 0.00206565856933594 -0.0563163757324219 0.0030975341796875
0.0112495422363281 0.0223770141601563 -0.0664405822753906 -0.00261306762695314
0.00821304321289063 0.0209598541259766 -0.0673599243164062 0.0133323669433594
0.0164203643798828 0.0253658294677734 -0.0561180114746094 0.0424346923828125
0.0580978393554688 0.0266189575195313 -0.033050537109375 -0.0571784973144531
0.0411262512207031 -0.00078582763671875 0.0163021087646484 -0.0150251388549805
0.0338993072509766 -0.00513458251953125 0.0536918640136719 -0.0120468139648438
0.0300540924072266 -0.01702880859375 0.0620803833007813 -0.0398445129394531
0.0198974609375 -0.0284347534179687 0.0434036254882813 -0.0538444519042969
0.00196075439453125 -0.0445098876953125 0.0157012939453125 -0.0622406005859375
-0.0180130004882813 -0.0464057922363281 -0.00619125366210938 -0.0479888916015625
-0.01629638671875 -0.04412841796875 -0.0123691558837891 -0.0189361572265625
-0.0138320922851563 -0.0532112121582031 -0.0201988220214844 0.00652694702148437
0.00564956665039062 -0.05303955078125 -0.038299560546875 0.0171852111816406
0.0309677124023438 -0.0381813049316406 -0.0504341125488281 0.0252151489257812
0.0399322509765625 -0.0157546997070313 -0.0546379089355469 0.0136070251464844
0.0330848693847656 0.0160846710205078 -0.0590934753417969 0.00866699218750001
0.0317459106445313 0.0193977355957031 -0.053497314453125 0.025909423828125
0.0388603210449219 0.0247650146484375 -0.0421257019042969 0.0566177368164062
0.0729141235351563 0.0273666381835937 -0.00957870483398437 -0.0463714599609375
0.0587654113769531 0.00298690795898438 0.039276123046875 -0.00411224365234375
0.0539512634277344 -0.00539016723632813 0.0700416564941406 -0.0051422119140625
0.0454597473144531 -0.0231781005859375 0.0740966796875 -0.0330886840820313
0.0289230346679688 -0.0364151000976563 0.05096435546875 -0.0449676513671875
0.00710296630859375 -0.0531539916992188 0.0229721069335938 -0.0488510131835937
-0.0153884887695313 -0.0540390014648438 0.00387382507324219 -0.0316619873046875
-0.0164794921875 -0.0512504577636719 -0.0013270378112793 -0.00192105770111084
-0.0171775817871094 -0.0592536926269531 -0.00834083557128906 0.0255584716796875
-0.000205993652343752 -0.0615463256835938 -0.0313377380371094 0.038177490234375
0.0277519226074219 -0.0513381958007812 -0.0457801818847656 0.0438079833984375
0.0421218872070313 -0.0325927734375 -0.0516281127929687 0.0273399353027344
0.0475044250488281 0.00229644775390625 -0.0520782470703125 0.0190467834472656
0.05078125 0.0105247497558594 -0.0360221862792969 0.0340003967285156
0.0557098388671875 0.0189247131347656 -0.0219001770019531 0.0692291259765625
0.0776290893554688 0.025634765625 0.0136451721191406 -0.0348777770996094
0.0677909851074219 0.00616073608398437 0.0604972839355469 0.00675201416015625
0.0673904418945313 -0.00627899169921875 0.0829238891601562 0.00379180908203125
0.0552558898925781 -0.0274505615234375 0.0824127197265625 -0.0237503051757813
0.0339584350585938 -0.0410003662109375 0.0546684265136719 -0.034271240234375
0.00963973999023438 -0.0556907653808594 0.0281715393066406 -0.0327701568603516
-0.0113906860351563 -0.0538482666015625 0.0127592086791992 -0.01348876953125
-0.0141372680664063 -0.0499038696289063 0.009613037109375 0.0146236419677734
-0.0170555114746094 -0.0565872192382812 0.00453186035156249 0.0427513122558594
-0.00590133666992188 -0.0592536926269531 -0.0201797485351562 0.0569572448730469
0.0205459594726563 -0.0553817749023438 -0.0367774963378906 0.059661865234375
0.03680419921875 -0.0437774658203125 -0.04608154296875 0.0382537841796875
0.0532875061035156 -0.0118865966796875 -0.0433540344238281 0.0253372192382813
0.0613250732421875 -0.000789642333984375 -0.017181396484375 0.0355491638183594
0.0643768310546875 0.0113487243652344 0.00188446044921875 0.0777435302734375
0.0704879760742188 0.0184173583984375 0.0359954833984375 -0.0257644653320312
0.0661277770996094 0.00593185424804687 0.0765533447265625 0.0137557983398437
0.0698394775390625 -0.00756072998046875 0.088470458984375 0.0103302001953125
0.0557365417480469 -0.0296478271484375 0.0840225219726563 -0.0139846801757813
0.0314483642578125 -0.0401268005371094 0.0546455383300781 -0.0212478637695313
0.00915908813476562 -0.049530029296875 0.0308818817138672 -0.0156135559082031
-0.00782394409179687 -0.0439376831054688 0.0196895599365234 0.00452995300292968
-0.010009765625 -0.0404434204101563 0.0191020965576172 0.0292339324951172
-0.0135154724121094 -0.0445976257324219 0.016143798828125 0.0561790466308594
-0.00792694091796875 -0.0473365783691406 -0.0102081298828125 0.0714111328125
0.0122413635253906 -0.0487823486328125 -0.0277099609375 0.0698814392089844
0.0284385681152344 -0.0454673767089844 -0.0397834777832031 0.0452880859375
0.0515708923339844 -0.0201263427734375 -0.0351142883300781 0.02679443359375
0.0616035461425781 -0.00793075561523438 0.0011749267578125 0.0319023132324219
0.0622520446777344 0.00532913208007813 0.0262985229492188 0.0820159912109375
0.0540428161621094 0.00883865356445312 0.0515022277832031 -0.0220146179199219
0.0546455383300781 0.00051116943359375 0.0847930908203125 0.0146484375
0.0596771240234375 -0.01251220703125 0.0863418579101563 0.0125961303710937
0.0434684753417969 -0.0290908813476562 0.078948974609375 -0.00479888916015625
0.0198135375976563 -0.0333766937255859 0.0514030456542969 -0.0104255676269531
0.00344657897949219 -0.0339908599853516 0.0321598052978516 -0.00101470947265625
-0.00409317016601563 -0.0269641876220703 0.0249195098876953 0.0177059173583984
-0.00374984741210938 -0.0242538452148438 0.0258216857910156 0.0392112731933594
-0.00633049011230469 -0.0269680023193359 0.0232734680175781 0.0647773742675781
-0.00546836853027344 -0.0291957855224609 -0.00318145751953125 0.0801467895507813
0.00728034973144531 -0.0349102020263672 -0.0216064453125 0.0750274658203125
0.0200386047363281 -0.0370903015136719 -0.0348281860351563 0.0476188659667969
0.0425033569335938 -0.0194053649902344 -0.0283718109130859 0.0243148803710938
0.0509757995605469 -0.00946426391601563 0.0155735015869141 0.0265903472900391
0.0493049621582031 0.00157928466796875 0.0455703735351562 0.0841598510742188
0.0304641723632812 -0.00272178649902344 0.0596733093261719 -0.0251388549804688
0.0361213684082031 -0.00766754150390625 0.0840682983398438 0.00811004638671875
0.0376625061035156 -0.0191001892089844 0.0782089233398438 0.009796142578125
0.0217819213867188 -0.0257892608642578 0.0712203979492188 0.0010833740234375
0.0018768310546875 -0.0202293395996094 0.047882080078125 -0.00333023071289063
-0.0039215087890625 -0.0112342834472656 0.0330581665039063 0.00661087036132813
0.000644683837890625 -0.00497341156005859 0.0279521942138672 0.0242290496826172
0.00191545486450195 -0.00471305847167969 0.0280342102050781 0.0433731079101563
0.00143003463745117 -0.00604104995727539 0.0237808227539062 0.0677261352539063
-0.000648975372314454 -0.00748443603515625 -0.00263977050781251 0.082275390625
0.00309658050537109 -0.0152807235717773 -0.0213165283203125 0.0747528076171875
0.0111865997314453 -0.0215797424316406 -0.0331382751464844 0.0468559265136719
0.0293788909912109 -0.0111236572265625 -0.0250415802001953 0.0215129852294922
0.0316352844238281 -0.00577545166015625 0.0223922729492188 0.0231761932373047
0.0272769927978516 -0.00064849853515625 0.0583724975585938 0.08502197265625
0.00381851196289063 -0.0118303298950195 0.0590248107910156 -0.0352134704589844
0.0128841400146484 -0.0148077011108398 0.0769500732421875 -0.00335693359375
0.0106754302978516 -0.0236797332763672 0.0686111450195313 0.00500106811523437
-0.00514411926269531 -0.0189304351806641 0.0639190673828125 0.0017852783203125
-0.0166769027709961 -0.00376510620117188 0.0464057922363281 -0.00297927856445313
-0.00994205474853516 0.0145788192749023 0.0348320007324219 0.00593948364257813
0.00543975830078125 0.0185527801513672 0.0283317565917969 0.0215816497802734
0.00749492645263672 0.0157241821289063 0.0256385803222656 0.0403709411621094
0.0090484619140625 0.0157928466796875 0.0189666748046875 0.0653533935546875
0.00139808654785156 0.0135068893432617 -0.00699615478515625 0.0801467895507812
-0.00308990478515625 0.00409102439880371 -0.0243911743164063 0.0714187622070312
0.00106287002563477 -0.00567960739135742 -0.0353736877441406 0.0450706481933594
0.010716438293457 -0.00328445434570313 -0.0285053253173828 0.0195446014404297
0.00641345977783203 -0.00200319290161133 0.0198650360107422 0.0219573974609375
-0.000315189361572266 -0.00369882583618164 0.0604629516601563 0.0836715698242188
0.0402374267578125 0.0243148803710938 -0.0472221374511719 -0.0697669982910156
0.0223789215087891 -0.0041046142578125 -0.00134086608886718 -0.024322509765625
0.0153322219848633 -0.00595855712890625 0.039886474609375 -0.0165557861328125
0.0148591995239258 -0.01336669921875 0.0511131286621094 -0.0424995422363281
0.00811195373535156 -0.0217800140380859 0.0368270874023438 -0.0589866638183594
-0.00653457641601562 -0.0329742431640625 0.00969696044921875 -0.0714187622070313
-0.0209865570068359 -0.0333976745605469 -0.0138168334960938 -0.060150146484375
-0.0177268981933594 -0.0329799652099609 -0.0187282562255859 -0.0331878662109375
-0.0139884948730469 -0.0402183532714844 -0.0250396728515625 -0.00966072082519532
0.00591659545898438 -0.0393524169921875 -0.0385513305664063 0.00185012817382813
0.0259895324707031 -0.0244865417480469 -0.0503692626953125 0.0119705200195313
0.0300769805908203 -0.00110626220703125 -0.0570220947265625 0.00405502319335937
0.0165023803710938 0.0215911865234375 -0.0673370361328125 -0.00382614135742187
0.0136508941650391 0.0226268768310547 -0.068695068359375 0.0102691650390625
0.0211315155029297 0.0287990570068359 -0.0545425415039062 0.0382003784179688
0.0619659423828125 0.0283393859863281 -0.0279808044433594 -0.0603485107421875
0.0437545776367187 -0.00106430053710938 0.0198287963867188 -0.0168190002441406
0.0358085632324219 -0.00673294067382813 0.0557327270507813 -0.0128288269042969
0.0301761627197266 -0.0197181701660156 0.0637702941894531 -0.0390586853027344
0.0186004638671875 -0.0305805206298828 0.0461616516113281 -0.0525932312011719
-0.00111007690429687 -0.0460166931152344 0.0197105407714844 -0.0612144470214844
-0.020416259765625 -0.0469779968261719 -0.00217056274414063 -0.0475120544433594
-0.0187873840332031 -0.0454864501953125 -0.00812339782714844 -0.0188751220703125
-0.0174751281738281 -0.0548896789550781 -0.0153665542602539 0.00681686401367187
0.00432205200195312 -0.0561332702636719 -0.0349407196044922 0.0196151733398438
0.0321083068847656 -0.0414619445800781 -0.0481605529785156 0.0278587341308594
0.0432319641113281 -0.0175590515136719 -0.0540008544921875 0.015350341796875
0.0381813049316406 0.0169296264648438 -0.0590972900390625 0.00857162475585938
0.036773681640625 0.022552490234375 -0.0526618957519531 0.0235710144042969
0.0425987243652344 0.028839111328125 -0.038970947265625 0.0541496276855469
0.0744094848632813 0.0304412841796875 -0.00405502319335937 -0.0477104187011719
0.0590057373046875 0.00365447998046875 0.0430946350097656 -0.00577926635742188
0.0544166564941406 -0.00603866577148438 0.0722274780273437 -0.00524139404296875
0.0452041625976563 -0.0236587524414063 0.0766830444335938 -0.0326156616210938
0.0284767150878906 -0.0367927551269531 0.05426025390625 -0.0440559387207031
0.0057525634765625 -0.0536613464355469 0.0277214050292969 -0.0479240417480469
-0.0160636901855469 -0.0546188354492188 0.00890541076660156 -0.0315437316894531
-0.0169296264648438 -0.0516166687011719 0.0037534236907959 -0.00217175483703614
-0.0182380676269531 -0.0610389709472656 -0.0029296875 0.0258064270019531
0.000190734863281249 -0.0636634826660156 -0.0263023376464844 0.040283203125
0.0294532775878906 -0.0532150268554688 -0.0425758361816406 0.0460128784179688
0.0455436706542969 -0.0331573486328125 -0.0506515502929688 0.0287666320800781
0.0515174865722656 0.00499343872070313 -0.0514945983886719 0.0194549560546875
0.054046630859375 0.0145416259765625 -0.0343875885009766 0.0324516296386719
0.0574226379394531 0.0238990783691406 -0.0181770324707031 0.0685615539550781
0.0764541625976563 0.028961181640625 0.0196495056152344 -0.0346508026123047
0.06640625 0.008575439453125 0.06414794921875 0.00690460205078125
0.06707763671875 -0.00410079956054688 0.0858383178710938 0.00391387939453125
0.05584716796875 -0.02642822265625 0.0855712890625 -0.0234527587890625
0.0339775085449219 -0.0393943786621094 0.0586738586425781 -0.0333290100097656
0.0106048583984375 -0.055206298828125 0.0330104827880859 -0.0324497222900391
-0.0104904174804687 -0.0532150268554687 0.0180206298828125 -0.0133590698242188
-0.0125808715820313 -0.0494842529296875 0.014338493347168 0.0144834518432617
-0.0163841247558594 -0.0569992065429687 0.0105094909667969 0.0431327819824219
-0.00364303588867187 -0.0594558715820312 -0.0158462524414063 0.0598106384277344
0.0224876403808594 -0.0553741455078125 -0.0336074829101562 0.0622367858886719
0.0396080017089844 -0.0430488586425781 -0.0440826416015625 0.0404701232910156
0.0556640625 -0.00865554809570312 -0.0426788330078125 0.0264472961425781
0.0621757507324219 0.00324630737304687 -0.0145263671875 0.0349044799804688
0.063995361328125 0.0163764953613281 0.00610351562500001 0.078704833984375
0.0671768188476562 0.0222702026367187 0.0410003662109375 -0.023956298828125
0.0633354187011719 0.0091705322265625 0.0807571411132812 0.0155792236328125
0.0681610107421875 -0.0044097900390625 0.0916519165039063 0.0116119384765625
0.0558280944824219 -0.0267677307128906 0.087371826171875 -0.01300048828125
0.0325088500976563 -0.0372161865234375 0.0575904846191406 -0.0208549499511719
0.0113563537597656 -0.0472908020019531 0.0345821380615234 -0.0155582427978516
-0.00469207763671875 -0.0434532165527344 0.0237522125244141 0.00447273254394531
-0.00638961791992187 -0.0392494201660156 0.0234012603759766 0.0292549133300781
-0.00993728637695313 -0.0443649291992188 0.0208396911621094 0.0573310852050781
-0.00477981567382813 -0.0460472106933594 -0.006011962890625 0.0736846923828125
0.0149650573730469 -0.0467758178710938 -0.0243682861328125 0.071990966796875
0.0299301147460938 -0.0426597595214844 -0.0373573303222656 0.0475845336914062
0.0513191223144531 -0.0164985656738281 -0.0334148406982422 0.0282115936279297
0.0600318908691406 -0.00421142578125 0.00334358215332032 0.0323886871337891
0.0599479675292969 0.00940704345703125 0.0295333862304688 0.0846328735351563
0.0493049621582031 0.0118179321289063 0.0545806884765625 -0.0179977416992188
0.050262451171875 0.00482177734375 0.0875320434570313 0.017974853515625
0.0560951232910156 -0.00873947143554688 0.0897293090820313 0.014373779296875
0.0434951782226563 -0.0250205993652344 0.0821151733398437 -0.00441741943359375
0.0211887359619141 -0.0288238525390625 0.0535354614257812 -0.0100059509277344
0.0071258544921875 -0.0311450958251953 0.0347671508789063 -0.00160789489746094
0.000337600708007813 -0.0258827209472656 0.0273361206054688 0.0177249908447266
-0.00036430358886719 -0.0232582092285156 0.0282936096191406 0.0392837524414063
-0.001922607421875 -0.0256366729736328 0.0265350341796875 0.0647926330566406
-0.00131034851074219 -0.0267124176025391 -2.28881835937461E-05 0.0810775756835938
0.00991058349609375 -0.0299434661865234 -0.0185623168945313 0.0765914916992188
0.0208206176757813 -0.0322189331054688 -0.0332221984863281 0.0488815307617188
0.0403633117675781 -0.0147743225097656 -0.0264301300048828 0.0259284973144531
0.0469436645507813 -0.005584716796875 0.0171394348144531 0.0280036926269531
0.0448532104492188 0.00450515747070313 0.0482025146484375 0.0878982543945313
0.0255165100097656 -0.00121498107910156 0.0610885620117188 -0.0205039978027344
0.0308971405029297 -0.00523567199707031 0.0861740112304688 0.0125656127929688
0.0340499877929688 -0.0152740478515625 0.0812759399414063 0.0116958618164062
0.0202388763427734 -0.0216960906982422 0.0734329223632813 0.000915527343749999
0.00299739837646484 -0.0151424407958984 0.0483589172363281 -0.00356674194335938
0.000384330749511718 -0.00792694091796875 0.0339736938476563 0.00588417053222656
0.00536346435546875 -0.00315284729003906 0.02850341796875 0.0241909027099609
0.00649213790893555 -0.0030360221862793 0.0285720825195313 0.0432472229003906
0.00752735137939453 -0.00361108779907227 0.0248184204101563 0.0672492980957031
0.00378298759460449 -0.00404906272888184 -0.000404357910156245 0.0825347900390625
0.00523662567138672 -0.00982761383056641 -0.0191879272460938 0.0751571655273437
0.011479377746582 -0.0162429809570313 -0.0319366455078125 0.0477485656738281
0.0255470275878906 -0.00678825378417969 -0.0246677398681641 0.0234432220458984
0.0257740020751953 -0.00230598449707031 0.0226497650146484 0.0255203247070313
0.0216102600097656 0.000608444213867188 0.0587692260742188 0.0892257690429688
-0.00123977661132812 -0.0126676559448242 0.0588645935058594 -0.0297660827636719
0.00779056549072266 -0.0140409469604492 0.0779876708984375 0.001007080078125
0.00599479675292969 -0.0214729309082031 0.0703964233398438 0.00634002685546875
-0.00761508941650391 -0.0149602890014648 0.0663032531738281 0.00196456909179687
-0.0164060592651367 0.00137710571289063 0.0457267761230469 -0.00384521484375
-0.00659751892089844 0.0180721282958984 0.03338623046875 0.0049591064453125
0.0103378295898438 0.0206356048583984 0.0264015197753906 0.0213050842285156
0.0125217437744141 0.017730712890625 0.0244407653808594 0.0403938293457031
0.014312744140625 0.0172119140625 0.017730712890625 0.0649948120117188
0.00606155395507812 0.0169248580932617 -0.00682067871093751 0.0796279907226563
-0.000472068786621094 0.00915718078613281 -0.0247573852539062 0.0710906982421875
0.000520527362823486 -3.1888484954834E-05 -0.0350570678710938 0.0453529357910156
0.00723600387573242 0.000886440277099609 -0.0290184020996094 0.020904541015625
0.000120729207992554 0.000357091426849365 0.0181446075439453 0.0247669219970703
-0.00644254684448242 -0.00311517715454102 0.0587692260742188 0.087921142578125
0.0478172302246094 0.0252761840820313 -0.0453262329101562 -0.076751708984375
0.0277881622314453 -0.00664329528808594 0.000854492187500003 -0.0285816192626953
0.0181198120117188 -0.0105838775634766 0.0419960021972656 -0.0185279846191406
0.0146751403808594 -0.0184822082519531 0.05322265625 -0.043853759765625
0.00628662109375 -0.0265426635742188 0.039703369140625 -0.0597114562988281
-0.011871337890625 -0.0368766784667969 0.0133743286132813 -0.0721817016601563
-0.0266494750976563 -0.0358772277832031 -0.0106201171875 -0.0615730285644531
-0.0230827331542969 -0.0346508026123047 -0.0156040191650391 -0.0346260070800781
-0.01995849609375 -0.0437202453613281 -0.0223121643066406 -0.0104598999023438
0.00249099731445313 -0.0445671081542969 -0.0370330810546875 0.00289535522460937
0.026214599609375 -0.0295810699462891 -0.0500755310058594 0.0134201049804687
0.0335445404052734 -0.00588226318359375 -0.0583839416503906 0.0044097900390625
0.0232143402099609 0.0217704772949219 -0.070770263671875 -0.00579833984374999
0.0215530395507813 0.024566650390625 -0.0719223022460937 0.00611877441406251
0.028411865234375 0.0325107574462891 -0.0548553466796875 0.0346641540527344
0.0681266784667969 0.0311851501464844 -0.0233078002929687 -0.0654182434082031
0.0483016967773437 -0.00213241577148437 0.0238666534423828 -0.0206222534179688
0.0384750366210938 -0.00992202758789063 0.0593414306640625 -0.0142784118652344
0.0308685302734375 -0.0237522125244141 0.0670509338378906 -0.0393753051757813
0.0177116394042969 -0.0337810516357422 0.0508651733398438 -0.0525436401367188
-0.00449752807617188 -0.0492668151855469 0.0250968933105469 -0.0623245239257813
-0.0243263244628906 -0.0497169494628906 0.00230026245117188 -0.0490074157714844
-0.0220947265625 -0.0482597351074219 -0.00298309326171875 -0.0200386047363281
-0.0205612182617187 -0.0583572387695313 -0.0106573104858398 0.00675678253173828
0.00278091430664062 -0.061553955078125 -0.031494140625 0.0214500427246094
0.0343551635742188 -0.0467185974121094 -0.0473709106445312 0.0304412841796875
0.0476493835449219 -0.0210533142089844 -0.0549163818359375 0.0164833068847656
0.0453758239746094 0.0176887512207031 -0.0616950988769531 0.0080413818359375
0.0436210632324219 0.0261077880859375 -0.0543327331542969 0.0207290649414063
0.0488662719726563 0.0345344543457031 -0.0378799438476562 0.053192138671875
0.0784912109375 0.0345077514648438 0.002197265625 -0.0511283874511719
0.0626373291015625 0.00538253784179687 0.0486068725585938 -0.007659912109375
0.0561027526855469 -0.00676345825195313 0.0774765014648438 -0.005615234375
0.0465240478515625 -0.0254440307617188 0.082000732421875 -0.03228759765625
0.0290908813476563 -0.0385169982910156 0.0600738525390625 -0.0441780090332031
0.00481033325195313 -0.0565299987792969 0.0345191955566406 -0.0490264892578125
-0.0175361633300781 -0.0568695068359375 0.0145912170410156 -0.0328025817871094
-0.0180168151855469 -0.053558349609375 0.00932502746582031 -0.00337028503417969
-0.019744873046875 -0.0635986328125 0.002532958984375 0.0261459350585937
-0.000640869140624993 -0.0676498413085938 -0.0219993591308594 0.0428085327148438
0.0324554443359375 -0.0571441650390625 -0.0401687622070313 0.0501060485839844
0.0503959655761719 -0.0355796813964844 -0.0502166748046875 0.0309333801269531
0.0580940246582031 0.00751876831054688 -0.0520591735839844 0.020416259765625
0.0597953796386719 0.0189247131347656 -0.0338954925537109 0.0319499969482422
0.0614662170410156 0.0301971435546875 -0.01568603515625 0.0696868896484375
0.0779190063476563 0.0343856811523438 0.0268745422363281 -0.03558349609375
0.0681190490722656 0.0124473571777344 0.0712432861328125 0.006683349609375
0.0687103271484375 -0.00164794921875 0.0907974243164063 0.0048980712890625
0.0577621459960938 -0.0261573791503906 0.0915069580078125 -0.0227508544921875
0.0366439819335938 -0.0387840270996094 0.0649566650390625 -0.0332412719726563
0.0119247436523437 -0.0562667846679688 0.0393714904785156 -0.032867431640625
-0.00911331176757813 -0.0551376342773438 0.023712158203125 -0.01422119140625
-0.0115966796875 -0.0509071350097656 0.0199413299560547 0.0140647888183594
-0.0147933959960938 -0.0586700439453125 0.0158271789550781 0.04364013671875
-0.00182723999023437 -0.0621719360351563 -0.010528564453125 0.0634956359863281
0.0261611938476562 -0.0570487976074219 -0.0305061340332031 0.0662155151367188
0.0441169738769531 -0.0436973571777344 -0.0433502197265625 0.0436058044433594
0.0601921081542969 -0.00538253784179688 -0.0422592163085937 0.02880859375
0.0658950805664063 0.00876998901367188 -0.013031005859375 0.0358161926269531
0.0654411315917969 0.0228767395019531 0.0107192993164063 0.0817413330078125
0.0660247802734375 0.0282974243164063 0.0473251342773438 -0.0223541259765625
0.061920166015625 0.0144004821777344 0.086517333984375 0.0180587768554688
0.0686492919921875 -0.0005035400390625 0.0972824096679688 0.0129470825195313
0.0582427978515625 -0.0235481262207031 0.0934906005859375 -0.0125503540039063
0.0357894897460938 -0.0352592468261719 0.0637588500976562 -0.0204353332519531
0.0145492553710937 -0.0471687316894531 0.0406112670898438 -0.0159225463867188
-0.000873565673828126 -0.0449180603027344 0.0283393859863281 0.00400543212890625
-0.0028228759765625 -0.0403556823730469 0.0280818939208984 0.0290298461914062
-0.00681304931640625 -0.0459098815917969 0.0263519287109375 0.0581092834472656
-0.000877380371093753 -0.0471534729003906 -0.00106048583984375 0.0771255493164063
0.0193824768066406 -0.0465126037597656 -0.0216827392578125 0.0762557983398438
0.0336418151855469 -0.0401268005371094 -0.0362892150878906 0.05035400390625
0.0539970397949219 -0.0126419067382813 -0.032196044921875 0.0300941467285156
0.0603752136230469 0.00087738037109375 0.00626564025878906 0.0342330932617187
0.0591659545898438 0.0152053833007813 0.0344467163085938 0.0903472900390625
0.0453910827636719 0.0154457092285156 0.0602226257324219 -0.014190673828125
0.0476341247558594 0.00986862182617188 0.0938568115234375 0.022216796875
0.0550994873046875 -0.00312042236328125 0.0963363647460938 0.0172119140625
0.0447273254394531 -0.0205078125 0.0883331298828125 -0.00380706787109375
0.024261474609375 -0.0245075225830078 0.0572586059570313 -0.0108528137207031
0.0116043090820313 -0.0291500091552734 0.0383071899414063 -0.0020599365234375
0.00560760498046875 -0.0258045196533203 0.0309181213378906 0.0189838409423828
0.00533676147460938 -0.0229682922363281 0.0313644409179688 0.0405006408691406
0.00387382507324219 -0.0261802673339844 0.0306396484375 0.0668411254882813
0.00384140014648437 -0.0258998870849609 0.00411987304687501 0.084869384765625
0.0139026641845703 -0.0265369415283203 -0.0168228149414062 0.0799713134765625
0.0227699279785156 -0.0285129547119141 -0.03167724609375 0.0516204833984375
0.0406761169433594 -0.0101776123046875 -0.0255641937255859 0.028167724609375
0.04461669921875 -0.0004730224609375 0.0194282531738281 0.0301628112792969
0.0413131713867188 0.00951766967773438 0.05181884765625 0.0946807861328125
0.0197906494140625 4.9591064453125E-05 0.065460205078125 -0.015960693359375
0.0258159637451172 -0.000696182250976563 0.0913467407226563 0.0173568725585938
0.0301666259765625 -0.0109691619873047 0.0870132446289062 0.0142822265625
0.0195426940917969 -0.0168018341064453 0.0787124633789063 0.0016937255859375
0.00520038604736328 -0.0109987258911133 0.0514144897460938 -0.0045013427734375
0.00516653060913086 -0.00459957122802734 0.0355453491210938 0.00606918334960938
0.0112590789794922 -0.00207805633544922 0.02972412109375 0.0256633758544922
0.0129461288452148 -0.00170230865478516 0.0300407409667969 0.0446701049804688
0.0138950347900391 -0.00286769866943359 0.02642822265625 0.0687751770019531
0.00914382934570313 -0.00133609771728516 0.00128173828125 0.0855560302734375
0.00943565368652344 -0.00468349456787109 -0.0184707641601562 0.0777130126953125
0.0126199722290039 -0.011134147644043 -0.0315818786621094 0.0504035949707031
0.0234546661376953 -0.00134849548339844 -0.0247745513916016 0.0251789093017578
0.0211410522460938 0.00264358520507813 0.0237445831298828 0.0284385681152344
0.01519775390625 0.00453662872314453 0.061065673828125 0.0973663330078125
-0.00727081298828125 -0.0131559371948242 0.0612220764160156 -0.0246734619140625
0.00145149230957031 -0.0124664306640625 0.0814285278320313 0.00624847412109375
0.000461578369140627 -0.0185832977294922 0.0749435424804687 0.00862884521484375
-0.0101642608642578 -0.0103235244750977 0.0702629089355469 0.00130081176757812
-0.0155200958251953 0.0064840316772461 0.0476112365722656 -0.0054473876953125
-0.00312042236328125 0.0228786468505859 0.0328884124755859 0.00366783142089844
0.0161991119384766 0.0220756530761719 0.0253524780273438 0.0226860046386719
0.0181827545166016 0.0197792053222656 0.0233192443847656 0.0419273376464844
0.0209693908691406 0.019317626953125 0.0174827575683594 0.0668258666992188
0.0120449066162109 0.0197238922119141 -0.00651550292968749 0.0820770263671875
0.00283336639404297 0.0149097442626953 -0.0250778198242187 0.0720443725585938
0.000786781311035156 0.00548648834228516 -0.0362014770507813 0.0475692749023437
0.00329399108886719 0.00569915771484375 -0.0301475524902344 0.0234508514404297
-0.00645112991333008 0.00353479385375977 0.0174694061279297 0.0286369323730469
-0.0134773254394531 -0.00212287902832031 0.0588760375976563 0.0963592529296875
0.0585365295410156 0.0252609252929688 -0.0450973510742187 -0.0864944458007813
0.0335502624511719 -0.0111122131347656 0.0021209716796875 -0.0343208312988281
0.0208988189697266 -0.0166301727294922 0.0440635681152344 -0.022064208984375
0.0138645172119141 -0.0259017944335937 0.0560646057128906 -0.0470123291015625
0.0027008056640625 -0.0312900543212891 0.0437583923339844 -0.0624465942382812
-0.0190925598144531 -0.0403671264648437 0.01605224609375 -0.0766372680664063
-0.0346450805664063 -0.0378799438476563 -0.0085601806640625 -0.0644187927246094
-0.0299110412597656 -0.0374755859375 -0.0132102966308594 -0.0380096435546875
-0.02789306640625 -0.0468711853027344 -0.0195503234863281 -0.0119438171386719
-0.0019683837890625 -0.0513687133789062 -0.0358200073242188 0.00418853759765624
0.0265769958496094 -0.0375251770019531 -0.0510177612304688 0.0165634155273438
0.0374259948730469 -0.0126991271972656 -0.0619583129882813 0.00549316406250001
0.0310573577880859 0.0193595886230469 -0.076202392578125 -0.00572967529296875
0.0306568145751953 0.0248336791992188 -0.0782928466796875 0.00360107421874999
0.0382575988769531 0.0350379943847656 -0.0581779479980469 0.0323333740234375
0.0780410766601563 0.0330886840820313 -0.019805908203125 -0.0744857788085937
0.0539054870605469 -0.0051727294921875 0.0279769897460938 -0.025848388671875
0.0414314270019531 -0.0146408081054688 0.0636711120605469 -0.0168380737304688
0.0316696166992188 -0.0295124053955078 0.072784423828125 -0.0420150756835938
0.0152473449707031 -0.0387229919433594 0.0563316345214844 -0.0547866821289063
-0.00989532470703125 -0.053497314453125 0.0305900573730469 -0.0670585632324219
-0.0301628112792969 -0.0523567199707031 0.00719451904296875 -0.0528526306152344
-0.0267372131347656 -0.0508079528808594 0.00147819519042968 -0.0233402252197266
-0.0272941589355469 -0.0626907348632813 -0.00560808181762695 0.00572156906127929
-0.00077056884765625 -0.0679359436035156 -0.0281124114990234 0.0236015319824219
0.0356330871582031 -0.0545845031738281 -0.0457077026367188 0.0345420837402344
0.0533599853515625 -0.0272865295410156 -0.0565109252929688 0.0192718505859375
0.0540847778320312 0.0179862976074219 -0.0646476745605469 0.00982284545898438
0.0544090270996094 0.0283546447753906 -0.0564384460449219 0.0204315185546875
0.0588150024414062 0.0394020080566406 -0.0368461608886719 0.0530738830566406
0.0865859985351563 0.0393829345703125 0.0088958740234375 -0.0570449829101563
0.0681037902832031 0.00533676147460937 0.0559349060058594 -0.0114173889160156
0.0605430603027344 -0.00836181640625 0.084075927734375 -0.00749969482421875
0.0484886169433594 -0.0290451049804688 0.089813232421875 -0.034881591796875
0.0290908813476563 -0.0412330627441406 0.0675201416015625 -0.0469436645507813
0.00126266479492187 -0.0597724914550781 0.0414466857910156 -0.0529403686523438
-0.0204200744628906 -0.0597114562988281 0.0213661193847656 -0.0361900329589844
-0.0203399658203125 -0.0574913024902344 0.0160207748413086 -0.00541400909423828
-0.022796630859375 -0.0681228637695313 0.0103549957275391 0.0263423919677734
-0.00159454345703126 -0.0741653442382813 -0.0170822143554687 0.046234130859375
0.0349617004394531 -0.0642051696777344 -0.0372200012207031 0.0550155639648437
0.0563774108886719 -0.0404930114746094 -0.0494804382324219 0.0350456237792969
0.0667953491210938 0.00728225708007812 -0.0533523559570312 0.0227813720703125
0.0686988830566406 0.0228233337402344 -0.0333919525146484 0.0319137573242188
0.0700759887695313 0.036376953125 -0.0105133056640625 0.0715713500976563
0.08294677734375 0.0402755737304688 0.03546142578125 -0.0386886596679688
0.0711441040039063 0.0150680541992187 0.0805206298828125 0.00554656982421875
0.07244873046875 -0.0006561279296875 0.100624084472656 0.0038299560546875
0.0614509582519531 -0.0262870788574219 0.101104736328125 -0.025115966796875
0.0382919311523437 -0.0399017333984375 0.0717010498046875 -0.0361862182617188
0.0125389099121094 -0.0590591430664063 0.0468254089355469 -0.036102294921875
-0.00982666015625 -0.0590057373046875 0.03094482421875 -0.0166149139404297
-0.0111351013183594 -0.054534912109375 0.0278873443603516 0.0127754211425781
-0.0150566101074219 -0.0632667541503906 0.0242843627929687 0.0442123413085937
-0.00106430053710938 -0.0676498413085938 -0.0041351318359375 0.0667457580566406
0.0297927856445313 -0.0620346069335938 -0.0262680053710938 0.072296142578125
0.0496292114257813 -0.0459136962890625 -0.0413703918457031 0.0480422973632813
0.0683326721191406 -0.003692626953125 -0.0415573120117187 0.031890869140625
0.0723037719726563 0.0129852294921875 -0.0103225708007812 0.0370445251464844
0.0713424682617188 0.0291824340820313 0.0172805786132813 0.0863113403320313
0.0672874450683594 0.0339775085449219 0.0566329956054688 -0.0233917236328125
0.0632858276367187 0.02008056640625 0.0971832275390625 0.0187301635742188
0.0715560913085938 0.00432586669921875 0.107131958007813 0.0130996704101563
0.0626296997070312 -0.0218315124511719 0.103164672851562 -0.0139999389648437
0.0395317077636719 -0.0341758728027344 0.0703887939453125 -0.02325439453125
0.0182304382324219 -0.0486030578613281 0.0472030639648437 -0.0198097229003906
0.00288772583007813 -0.04736328125 0.0350875854492188 0.00245094299316406
0.000324249267578128 -0.0422554016113281 0.0345821380615234 0.0293426513671875
-0.0035858154296875 -0.0484733581542969 0.0341567993164063 0.0593681335449219
0.0025177001953125 -0.0499496459960938 0.0062713623046875 0.0811538696289063
0.0238418579101563 -0.0473098754882813 -0.0167465209960937 0.0812530517578125
0.0387954711914063 -0.0404586791992188 -0.0334205627441406 0.0551872253417969
0.058349609375 -0.00908279418945312 -0.0310440063476562 0.0338516235351563
0.0635833740234375 0.00632858276367187 0.0102729797363281 0.0363502502441406
0.06011962890625 0.0216064453125 0.04217529296875 0.0973968505859375
0.0436134338378906 0.020538330078125 0.0690956115722656 -0.012054443359375
0.0458526611328125 0.0156173706054688 0.104667663574219 0.0244903564453125
0.0557670593261719 0.00266647338867188 0.105232238769531 0.0179061889648438
0.0480232238769531 -0.0159378051757813 0.0979156494140625 -0.0050048828125
0.0287971496582031 -0.0221080780029297 0.0639877319335937 -0.0116233825683594
0.0176219940185547 -0.0292091369628906 0.0441818237304688 -0.00368881225585938
0.0118427276611328 -0.0276279449462891 0.0357780456542969 0.0174980163574219
0.0110950469970703 -0.024261474609375 0.0362396240234375 0.0407676696777344
0.0103263854980469 -0.0273265838623047 0.0361785888671875 0.0682563781738281
0.00945854187011719 -0.0253639221191406 0.0105056762695312 0.0886077880859375
0.0194549560546875 -0.0253429412841797 -0.0128707885742188 0.0842056274414063
0.0269908905029297 -0.0244293212890625 -0.0292129516601562 0.0560226440429688
0.0416831970214844 -0.00482177734375 -0.0246448516845703 0.0312385559082031
0.043304443359375 0.00539016723632812 0.0244064331054688 0.0333499908447266
0.0383720397949219 0.0147514343261719 0.0596237182617188 0.102828979492187
0.0143871307373047 0.00330257415771484 0.0725021362304688 -0.0117263793945313
0.0222568511962891 0.004119873046875 0.101081848144531 0.0217208862304688
0.0281639099121094 -0.00510597229003906 0.0959548950195313 0.0163345336914063
0.0209064483642578 -0.0109081268310547 0.0869598388671875 0.0011138916015625
0.00912094116210938 -0.00601387023925781 0.0555610656738281 -0.00664901733398437
0.011652946472168 -0.00172901153564453 0.038604736328125 0.00404739379882813
0.01959228515625 -0.00272178649902344 0.0321636199951172 0.0261268615722656
0.0200405120849609 -0.00193977355957031 0.03253173828125 0.0466804504394531
0.0219306945800781 -0.00375556945800781 0.0303497314453125 0.0717620849609375
0.0168638229370117 1.9073486328125E-05 0.005401611328125 0.0891342163085938
0.0150833129882813 -0.00087738037109375 -0.0161590576171875 0.0812606811523438
0.0158815383911133 -0.00479030609130859 -0.0308609008789063 0.0536766052246094
0.0213375091552734 0.00457954406738281 -0.0234546661376953 0.0284633636474609
0.0163555145263672 0.00848197937011719 0.0272483825683594 0.0327415466308594
0.00944232940673828 0.00813007354736328 0.067230224609375 0.106918334960938
-0.0150070190429687 -0.0130615234375 0.06597900390625 -0.0201606750488281
-0.00474929809570312 -0.00928592681884766 0.0892181396484375 0.0112838745117188
-0.00519943237304687 -0.0139503479003906 0.0825576782226563 0.00960540771484375
-0.0122318267822266 -0.00444316864013672 0.0755386352539062 -0.00067138671875
-0.0150537490844727 0.0129585266113281 0.0489692687988281 -0.00754928588867187
0.00338172912597656 0.0276679992675781 0.0330085754394531 0.00303840637207031
0.0237045288085938 0.0231513977050781 0.0247936248779297 0.0240325927734375
0.0261096954345703 0.0201511383056641 0.0226974487304688 0.0438232421875
0.0306148529052734 0.0202007293701172 0.0179710388183594 0.0701370239257813
0.0208988189697266 0.0233001708984375 -0.00576782226562499 0.0851669311523437
0.00800704956054687 0.0210666656494141 -0.0246658325195312 0.0758438110351563
0.00330638885498047 0.0126590728759766 -0.0374259948730469 0.0508956909179688
-6.19888305664075E-05 0.012965202331543 -0.0319843292236328 0.0270900726318359
-0.0135879516601563 0.00991344451904297 0.01849365234375 0.0328788757324219
-0.0219001770019531 0.00095176696777344 0.0629959106445313 0.105735778808594
0.0714340209960938 0.0211029052734375 -0.0491104125976562 -0.0965805053710937
0.0401191711425781 -0.0204811096191406 0.00197219848632813 -0.0419349670410156
0.0224399566650391 -0.0258846282958984 0.0462989807128906 -0.0268974304199219
0.0106372833251953 -0.0340976715087891 0.0576057434082031 -0.0517997741699219
-0.00345611572265625 -0.0375328063964844 0.0457115173339844 -0.0671806335449219
-0.0296363830566406 -0.0422019958496094 0.01654052734375 -0.0817947387695313
-0.0446395874023438 -0.0366325378417969 -0.00837326049804687 -0.0701408386230469
-0.0391502380371094 -0.0374565124511719 -0.0118522644042969 -0.0412483215332031
-0.0383987426757813 -0.0481147766113281 -0.0167274475097656 -0.0137834548950195
-0.0110359191894531 -0.0566291809082031 -0.0337162017822266 0.00589942932128905
0.0233268737792969 -0.0469017028808594 -0.0496749877929688 0.020721435546875
0.0395774841308594 -0.0219345092773437 -0.0648384094238281 0.00885009765625001
0.0406455993652344 0.0140609741210938 -0.0830459594726562 -0.004241943359375
0.0423736572265625 0.0228462219238281 -0.084869384765625 0.00335693359374999
0.0509796142578125 0.0360794067382813 -0.0602645874023438 0.031585693359375
0.0911026000976562 0.0314178466796875 -0.0183792114257812 -0.0846023559570312
0.0606689453125 -0.0110549926757813 0.0315418243408203 -0.0336170196533203
0.0440292358398438 -0.0222129821777344 0.0681686401367188 -0.0226478576660156
0.0289497375488281 -0.0367050170898437 0.0769271850585938 -0.0479660034179688
0.0110054016113281 -0.0437126159667969 0.0608100891113281 -0.0607681274414062
-0.0185012817382813 -0.0561904907226563 0.034332275390625 -0.0724411010742188
-0.03851318359375 -0.0526275634765625 0.0113525390625 -0.0583000183105469
-0.0345039367675781 -0.0527458190917969 0.00649642944335937 -0.0281887054443359
-0.0363883972167969 -0.0654525756835938 0.000160217285156248 0.00351715087890625
-0.00863647460937501 -0.0752182006835938 -0.0226993560791016 0.0261058807373047
0.0343894958496094 -0.0652961730957031 -0.0417861938476563 0.0387115478515625
0.05767822265625 -0.0365486145019531 -0.0565032958984375 0.0238037109375
0.0661659240722656 0.0138320922851563 -0.0680503845214844 0.0127296447753906
0.0672149658203125 0.0279159545898438 -0.0594940185546875 0.0202255249023437
0.0717849731445313 0.042572021484375 -0.0341911315917969 0.0529251098632813
0.09783935546875 0.04052734375 0.0146141052246094 -0.0673561096191406
0.0736618041992188 0.00301361083984375 0.0633544921875 -0.0191268920898437
0.0642585754394531 -0.0125389099121094 0.0915069580078125 -0.0130462646484375
0.0489845275878906 -0.0343170166015625 0.0965728759765625 -0.041595458984375
0.0271873474121094 -0.0454826354980469 0.07342529296875 -0.0530853271484375
-0.00309371948242188 -0.0628890991210937 0.0477409362792969 -0.0601463317871094
-0.0259170532226562 -0.0617408752441406 0.027496337890625 -0.0417976379394531
-0.0254287719726563 -0.0596847534179688 0.0226173400878906 -0.0100460052490234
-0.0296554565429688 -0.0723342895507813 0.0188236236572266 0.0231838226318359
-0.00684356689453125 -0.0811233520507813 -0.00905227661132813 0.04913330078125
0.0355224609375 -0.0733261108398437 -0.0305938720703125 0.0597038269042969
0.0618019104003906 -0.0488624572753906 -0.0470695495605469 0.03961181640625
0.0787353515625 0.00446319580078125 -0.0531158447265625 0.0270843505859375
0.0812225341796875 0.0233078002929688 -0.03179931640625 0.0323963165283203
0.082550048828125 0.0410842895507813 -0.00310516357421874 0.0741729736328125
0.0903396606445312 0.0439987182617188 0.0449447631835938 -0.045989990234375
0.076202392578125 0.0168991088867188 0.0908889770507813 -0.00115203857421875
0.0768356323242188 -0.001495361328125 0.109970092773438 -0.00177001953125
0.0642852783203125 -0.0291557312011719 0.110641479492188 -0.0315628051757813
0.0404319763183594 -0.04302978515625 0.0799026489257813 -0.0424041748046875
0.0119171142578125 -0.0622520446777344 0.0542984008789063 -0.0442085266113281
-0.0109062194824219 -0.0618629455566406 0.0387763977050781 -0.0218429565429688
-0.0119743347167969 -0.0578384399414063 0.0355339050292969 0.0084381103515625
-0.0174789428710938 -0.0676689147949219 0.0349273681640625 0.042816162109375
-0.00331878662109375 -0.0728530883789063 0.00641250610351563 0.0694808959960938
0.0318336486816406 -0.0686531066894531 -0.0178451538085937 0.0772323608398438
0.055023193359375 -0.0521697998046875 -0.0371665954589844 0.0532035827636719
0.0773696899414063 -0.00428009033203125 -0.0389251708984375 0.0359382629394531
0.0818710327148438 0.0152969360351563 -0.00501632690429687 0.0381011962890625
0.0801162719726563 0.0348129272460938 0.0280380249023438 0.090484619140625
0.070709228515625 0.0395736694335938 0.0682373046875 -0.0265998840332031
0.066986083984375 0.0244293212890625 0.110702514648438 0.0149765014648438
0.0761795043945313 0.0068206787109375 0.118736267089844 0.00971221923828125
0.0676498413085938 -0.0212249755859375 0.114395141601562 -0.020172119140625
0.0437240600585938 -0.0349769592285156 0.0780258178710938 -0.0294265747070313
0.021087646484375 -0.0515823364257813 0.0545005798339844 -0.0250244140625
0.00472259521484375 -0.0511436462402344 0.0432014465332031 -0.000980377197265628
0.00272750854492188 -0.0465164184570313 0.042755126953125 0.0262870788574219
-0.00175094604492188 -0.0533332824707031 0.0450706481933594 0.0583763122558594
0.00512313842773437 -0.0537185668945312 0.01739501953125 0.0843658447265625
0.0282936096191406 -0.0507011413574219 -0.00806427001953124 0.086212158203125
0.0433464050292969 -0.0423393249511719 -0.0277595520019531 0.0598487854003906
0.06475830078125 -0.00658798217773438 -0.02642822265625 0.0378837585449219
0.0681953430175781 0.0108222961425781 0.0173187255859375 0.0378303527832031
0.0644111633300781 0.0272216796875 0.0559844970703125 0.102622985839844
0.0417022705078125 0.0263557434082031 0.0815200805664063 -0.0131454467773437
0.0462074279785156 0.0216178894042969 0.118278503417969 0.0236358642578125
0.0585823059082031 0.00825119018554687 0.117073059082031 0.0144424438476563
0.0528907775878906 -0.0131263732910156 0.107681274414062 -0.0100784301757812
0.0343074798583984 -0.0197658538818359 0.0694503784179688 -0.0173912048339844
0.0239028930664063 -0.0304622650146484 0.049560546875 -0.008148193359375
0.0178050994873047 -0.0314159393310547 0.0424308776855469 0.0159149169921875
0.0172214508056641 -0.0278244018554687 0.0430221557617188 0.0394401550292969
0.0160579681396484 -0.0316123962402344 0.0453643798828125 0.0687103271484375
0.0162792205810547 -0.0274238586425781 0.01995849609375 0.0916748046875
0.0255889892578125 -0.024505615234375 -0.00518035888671874 0.0885009765625
0.0324192047119141 -0.0219802856445313 -0.0248947143554688 0.0609779357910156
0.0447235107421875 0.000732421875 -0.0205650329589844 0.035430908203125
0.0438575744628906 0.0117530822753906 0.03125 0.0357017517089844
0.037750244140625 0.0211982727050781 0.0745086669921875 0.110931396484375
0.00803947448730469 0.00915050506591797 0.08270263671875 -0.0102157592773438
0.0179882049560547 0.00970840454101563 0.113296508789063 0.0226974487304688
0.0273418426513672 0.00175285339355469 0.106735229492188 0.0138473510742188
0.0233211517333984 -0.00470161437988281 0.0954055786132812 -0.00403594970703125
0.013829231262207 -0.00174427032470703 0.0595245361328125 -0.0100326538085937
0.019500732421875 -0.00107955932617188 0.0406379699707031 0.00190353393554688
0.0277767181396484 -0.00528335571289063 0.0360450744628906 0.0259132385253906
0.0289382934570312 -0.00426864624023438 0.036712646484375 0.0463180541992188
0.0318717956542969 -0.00649070739746094 0.036773681640625 0.0736083984375
0.0263271331787109 -0.000169754028320313 0.0128936767578125 0.092315673828125
0.0231876373291016 0.00358963012695313 -0.0107650756835938 0.0855255126953125
0.0208110809326172 0.00089263916015625 -0.02752685546875 0.0584487915039062
0.0219516754150391 0.0133190155029297 -0.0212688446044922 0.0328044891357422
0.0124912261962891 0.0166959762573242 0.033111572265625 0.0359649658203125
0.00364398956298828 0.0144596099853516 0.080535888671875 0.115364074707031
-0.0255031585693359 -0.0102920532226563 0.0725784301757813 -0.0184860229492188
-0.0123729705810547 -0.00475025177001953 0.0992279052734375 0.0119781494140625
-0.0103664398193359 -0.00711154937744141 0.0917892456054688 0.00687408447265625
-0.0126228332519531 0.00407600402832031 0.0827560424804688 -0.0052490234375
-0.0108051300048828 0.0205612182617188 0.0507926940917969 -0.0112152099609375
0.0122299194335938 0.0311527252197266 0.0325393676757813 0.00179481506347656
0.033905029296875 0.0230827331542969 0.0254535675048828 0.0260467529296875
0.0361289978027344 0.019805908203125 0.0241470336914063 0.0462417602539063
0.0412559509277344 0.0181083679199219 0.0209197998046875 0.07330322265625
0.0308856964111328 0.0243759155273438 -0.00182342529296876 0.0890884399414062
0.0167007446289062 0.0260715484619141 -0.0218734741210938 0.0799484252929687
0.00799179077148437 0.020233154296875 -0.0359954833984375 0.0556526184082031
-0.00163841247558594 0.0220890045166016 -0.0313968658447266 0.0312042236328125
-0.0204410552978516 0.0189704895019531 0.0218505859375 0.038543701171875
-0.0311050415039063 0.00640296936035157 0.0718536376953125 0.115852355957031
0.0854263305664062 0.012176513671875 -0.0564117431640625 -0.106971740722656
0.0439109802246094 -0.0319404602050781 -0.00182342529296875 -0.0499687194824219
0.02117919921875 -0.0364227294921875 0.0460319519042969 -0.0317268371582031
0.00301361083984375 -0.043121337890625 0.0568008422851562 -0.0566482543945312
-0.0124893188476563 -0.0409355163574219 0.0458908081054687 -0.072021484375
-0.0417404174804688 -0.0397529602050781 0.0158767700195312 -0.0865020751953125
-0.0548477172851563 -0.0318183898925781 -0.00971221923828126 -0.07354736328125
-0.049285888671875 -0.0337944030761719 -0.0113143920898438 -0.0447120666503906
-0.0510177612304688 -0.0462684631347656 -0.0144119262695313 -0.0171031951904297
-0.0225715637207031 -0.0596809387207031 -0.0307083129882813 0.0075244903564453
0.0154647827148438 -0.05706787109375 -0.0464096069335937 0.0244407653808594
0.0385704040527344 -0.0332756042480469 -0.0657539367675781 0.0127792358398437
0.0495834350585938 0.00543212890625 -0.0889968872070313 0.000457763671875
0.0550765991210937 0.0164985656738281 -0.0906219482421875 0.00494384765625001
0.0666542053222656 0.0314445495605469 -0.062591552734375 0.0314521789550781
0.104408264160156 0.025390625 -0.0203399658203125 -0.0960159301757813
0.0650253295898438 -0.0203399658203125 0.0327377319335938 -0.0441970825195313
0.0438041687011719 -0.0325927734375 0.0707931518554688 -0.0297012329101563
0.0244789123535156 -0.0446434020996094 0.0787200927734375 -0.0551910400390625
0.00465774536132812 -0.0475616455078125 0.0632858276367188 -0.0678596496582031
-0.0290412902832031 -0.055938720703125 0.0357437133789063 -0.07977294921875
-0.0475578308105469 -0.0500411987304688 0.0139579772949219 -0.0644302368164062
-0.0446395874023437 -0.0505828857421875 0.00996589660644531 -0.0346698760986328
-0.047882080078125 -0.0644607543945313 0.0059518814086914 -0.00167274475097657
-0.0190277099609375 -0.079681396484375 -0.0161170959472656 0.0269565582275391
0.0286941528320312 -0.0755996704101563 -0.0353431701660156 0.04296875
0.0585594177246094 -0.0481109619140625 -0.0543785095214844 0.0279045104980469
0.0770111083984375 0.0055694580078125 -0.0682830810546875 0.0179443359375
0.0810699462890625 0.0221023559570313 -0.0611801147460937 0.0210609436035156
0.0876388549804688 0.0404281616210938 -0.0307159423828125 0.0523719787597656
0.108894348144531 0.038421630859375 0.018157958984375 -0.0791091918945313
0.0793685913085938 -0.0032958984375 0.0682144165039063 -0.0306510925292969
0.0655860900878906 -0.0193138122558594 0.097137451171875 -0.0222015380859375
0.0476608276367188 -0.0406036376953125 0.101570129394531 -0.05078125
0.023040771484375 -0.049224853515625 0.0770721435546875 -0.0609893798828125
-0.00943374633789063 -0.0636558532714844 0.0512809753417969 -0.0684623718261719
-0.0323448181152344 -0.061920166015625 0.0318069458007813 -0.0494461059570313
-0.03192138671875 -0.0600814819335938 0.0292091369628906 -0.0172443389892578
-0.0380172729492188 -0.0740203857421875 0.0277023315429687 0.017822265625
-0.0149002075195312 -0.0865707397460937 0.00121688842773437 0.0478515625
0.0324783325195313 -0.0835037231445312 -0.0213394165039062 0.0633316040039063
0.063690185546875 -0.0593070983886719 -0.0414924621582031 0.044036865234375
0.0887298583984375 -0.0022125244140625 -0.0501136779785156 0.0312957763671875
0.0942001342773438 0.0196304321289063 -0.028564453125 0.0328750610351563
0.0966873168945313 0.0408248901367188 0.00627899169921876 0.073089599609375
0.10015869140625 0.04486083984375 0.0526466369628906 -0.055999755859375
0.0816802978515625 0.0156097412109375 0.100273132324219 -0.0104827880859375
0.0807723999023438 -0.00279998779296875 0.117385864257812 -0.0100479125976562
0.0670127868652344 -0.0336380004882813 0.11785888671875 -0.0415802001953125
0.0407524108886719 -0.045623779296875 0.0859451293945312 -0.051055908203125
0.00845718383789062 -0.0647239685058594 0.0598793029785156 -0.0527839660644531
-0.0139083862304688 -0.0642967224121094 0.0449943542480469 -0.0305023193359375
-0.0145759582519531 -0.0600776672363281 0.0428886413574219 0.00134658813476562
-0.021881103515625 -0.0708770751953125 0.0457000732421875 0.0367698669433594
-0.00734710693359375 -0.0772933959960938 0.0181694030761719 0.0689125061035156
0.0312347412109375 -0.0746231079101563 -0.00640106201171875 0.07904052734375
0.0581626892089844 -0.0586204528808594 -0.0282363891601562 0.055755615234375
0.0857162475585937 -0.0081939697265625 -0.0342445373535156 0.03948974609375
0.092315673828125 0.0136566162109375 0.00237655639648438 0.036834716796875
0.09051513671875 0.0370254516601563 0.0421142578125 0.0899276733398438
0.0762176513671875 0.0444107055664063 0.0779342651367188 -0.034820556640625
0.0717086791992188 0.0282974243164063 0.122566223144531 0.00565338134765625
0.0808486938476563 0.008026123046875 0.128936767578125 0.000816345214843751
0.0712738037109375 -0.0224227905273437 0.123931884765625 -0.0296554565429688
0.0477409362792969 -0.0368194580078125 0.0836639404296875 -0.037811279296875
0.0230979919433594 -0.0548591613769531 0.0591583251953125 -0.0338134765625
0.00667572021484375 -0.0555076599121094 0.0495758056640625 -0.00871658325195313
0.00424575805664062 -0.0503730773925781 0.0515670776367187 0.0215721130371094
-0.000381469726562497 -0.0581169128417969 0.0564308166503906 0.0522804260253906
0.0066375732421875 -0.0582008361816406 0.0296096801757813 0.0824508666992188
0.0320510864257813 -0.05487060546875 0.00312042236328126 0.0873336791992188
0.0486717224121094 -0.04486083984375 -0.019775390625 0.0625152587890625
0.0711135864257812 -0.00522613525390625 -0.0200538635253906 0.0406990051269531
0.074493408203125 0.01324462890625 0.0256004333496094 0.03692626953125
0.0702056884765625 0.0332565307617188 0.073028564453125 0.102897644042969
0.0431098937988281 0.0339012145996094 0.0933914184570313 -0.0188064575195312
0.0470809936523437 0.0292205810546875 0.131942749023438 0.017303466796875
0.0617294311523438 0.0137596130371094 0.1280517578125 0.0081329345703125
0.0592231750488281 -0.0102767944335938 0.115989685058594 -0.0188522338867188
0.0413093566894531 -0.0201072692871094 0.074188232421875 -0.0246353149414063
0.0288372039794922 -0.0340957641601563 0.0535125732421875 -0.013092041015625
0.0233306884765625 -0.0366096496582031 0.04779052734375 0.0119819641113281
0.0224285125732422 -0.032928466796875 0.0492820739746094 0.0357170104980469
0.0215263366699219 -0.0380210876464844 0.0553054809570313 0.0635528564453125
0.0217132568359375 -0.0324916839599609 0.0314865112304688 0.0905685424804688
0.0332622528076172 -0.0245990753173828 0.005340576171875 0.0894699096679688
0.0385322570800781 -0.0195579528808594 -0.016143798828125 0.0630226135253906
0.0476531982421875 0.00575637817382813 -0.0132293701171875 0.0390205383300781
0.0456275939941406 0.0180587768554688 0.0401420593261719 0.03546142578125
0.037322998046875 0.0284385681152344 0.0914382934570313 0.113296508789063
0.0023488998413086 0.0150489807128906 0.0935287475585938 -0.0118560791015625
0.0156631469726563 0.0182590484619141 0.126556396484375 0.0176773071289062
0.0277786254882813 0.00973892211914063 0.117622375488281 0.00711822509765625
0.0285301208496094 0.0012969970703125 0.102439880371094 -0.0126800537109375
0.0209999084472656 0.00304985046386719 0.0618858337402344 -0.0164680480957031
0.0276031494140625 -0.00200271606445313 0.0434150695800781 -0.00176239013671875
0.03582763671875 -0.0105247497558594 0.0394744873046875 0.0247421264648438
0.0377120971679688 -0.0101661682128906 0.0418891906738281 0.0458221435546875
0.0409584045410156 -0.0137748718261719 0.0435409545898438 0.0727310180664063
0.0359611511230469 -0.00282669067382813 0.0213546752929687 0.0919418334960938
0.0335865020751953 0.00583839416503906 -0.00349426269531251 0.0876541137695313
0.0281181335449219 0.00589370727539063 -0.0207595825195312 0.0616531372070313
0.0245189666748047 0.0217494964599609 -0.016326904296875 0.0360641479492188
0.0107860565185547 0.0264568328857422 0.0404739379882813 0.0368728637695313
-0.00189208984375 0.0236186981201172 0.0960617065429688 0.120201110839844
-0.0342121124267578 -0.00267410278320313 0.080078125 -0.0178909301757813
-0.0192527770996094 0.00215911865234375 0.10931396484375 0.0102462768554688
-0.0137958526611328 0.00242805480957031 0.0987472534179688 0.0008087158203125
-0.0104923248291016 0.0152502059936523 0.0872344970703125 -0.0134811401367188
-0.00323677062988281 0.0277328491210937 0.0500526428222656 -0.0161933898925781
0.0232334136962891 0.0319976806640625 0.0321788787841797 -0.000360488891601561
0.0453376770019531 0.0186004638671875 0.0269813537597656 0.0275173187255859
0.04736328125 0.0139808654785156 0.0265693664550781 0.0481491088867188
0.0538330078125 0.0125732421875 0.0255966186523438 0.0734481811523437
0.043243408203125 0.0216712951660156 0.00413513183593751 0.0911865234375
0.0273628234863281 0.0297470092773437 -0.01788330078125 0.0823898315429688
0.0156421661376953 0.0279445648193359 -0.0318870544433594 0.0597915649414063
-0.00118637084960938 0.0332851409912109 -0.0292015075683594 0.0363578796386719
-0.0240726470947266 0.0316352844238281 0.0268020629882813 0.0422439575195313
-0.04052734375 0.016632080078125 0.0839691162109375 0.123039245605469
0.0956039428710938 -0.00131988525390625 -0.06414794921875 -0.114402770996094
0.0435142517089844 -0.0430526733398438 -0.00774002075195312 -0.0550804138183594
0.0138740539550781 -0.0467720031738281 0.045318603515625 -0.0360107421875
-0.00730895996093749 -0.0481796264648438 0.0534172058105469 -0.0600929260253906
-0.0237770080566406 -0.0420265197753906 0.045166015625 -0.074432373046875
-0.0546875 -0.03656005859375 0.0154953002929687 -0.0908355712890625
-0.0648384094238281 -0.0237274169921875 -0.0109710693359375 -0.0766983032226563
-0.05950927734375 -0.0292549133300781 -0.00959777832031251 -0.0494308471679688
-0.0633811950683594 -0.038360595703125 -0.0108547210693359 -0.0193004608154297
-0.0346183776855469 -0.0575790405273437 -0.0261859893798828 0.00600242614746094
0.00566482543945312 -0.0631256103515625 -0.0431747436523438 0.0281219482421875
0.0328407287597656 -0.0430183410644531 -0.0646591186523438 0.0163383483886719
0.0532073974609375 -0.00613021850585937 -0.0906524658203125 0.00712585449218748
0.0652198791503906 0.00444793701171875 -0.09625244140625 0.00727844238281249
0.0803604125976563 0.021881103515625 -0.0633354187011719 0.0285263061523438
0.116127014160156 0.0145797729492188 -0.0229873657226562 -0.106155395507813
0.0680122375488281 -0.0308265686035156 0.0306510925292969 -0.053619384765625
0.0398101806640625 -0.0394706726074219 0.0690879821777344 -0.0360221862792969
0.0168190002441406 -0.0492515563964844 0.0798873901367188 -0.0604400634765625
-0.00476837158203125 -0.0482864379882812 0.06396484375 -0.0729598999023437
-0.0384292602539063 -0.0507125854492188 0.0360107421875 -0.0854568481445313
-0.0573616027832031 -0.0459251403808594 0.0157012939453125 -0.0713119506835937
-0.0518112182617187 -0.0474472045898438 0.01300048828125 -0.0382575988769531
-0.0589561462402344 -0.0592689514160156 0.0108070373535156 -0.00866889953613282
-0.030029296875 -0.0805206298828125 -0.00902175903320312 0.0241737365722656
0.0189666748046875 -0.0846633911132813 -0.0271224975585938 0.0413246154785156
0.0563545227050781 -0.0593910217285156 -0.0501518249511719 0.0291557312011719
0.0845260620117188 -0.00753021240234375 -0.0678977966308594 0.0214080810546875
0.0940933227539063 0.0132980346679688 -0.0629158020019531 0.0212745666503906
0.103355407714844 0.0352554321289063 -0.0267257690429687 0.0496864318847656
0.121391296386719 0.0331344604492188 0.0207138061523438 -0.0929794311523438
0.0817031860351563 -0.0110626220703125 0.0704879760742188 -0.0410919189453125
0.0642509460449219 -0.0270919799804688 0.098846435546875 -0.0318832397460938
0.0429801940917969 -0.0453987121582031 0.104202270507813 -0.0608901977539063
0.0190582275390625 -0.0495643615722656 0.0805511474609375 -0.0707931518554688
-0.0162277221679688 -0.0628433227539063 0.0531158447265625 -0.0764389038085938
-0.039031982421875 -0.0585174560546875 0.035919189453125 -0.0592613220214844
-0.0386161804199219 -0.0584259033203125 0.0342903137207031 -0.0253849029541016
-0.0466232299804688 -0.0720443725585938 0.0337600708007813 0.00821113586425781
-0.02337646484375 -0.0878448486328125 0.0130729675292969 0.0434494018554687
0.0248336791992187 -0.089569091796875 -0.0105743408203125 0.0611457824707031
0.0622100830078125 -0.0692825317382813 -0.0360679626464844 0.0443229675292969
0.0976715087890625 -0.0116806030273438 -0.0461502075195313 0.0329780578613281
0.107078552246094 0.0130691528320313 -0.0261707305908203 0.0313167572021484
0.109481811523438 0.0379791259765625 0.0156326293945313 0.0691146850585938
0.108024597167969 0.0456924438476563 0.0580368041992188 -0.0723419189453125
0.088897705078125 0.0144195556640625 0.107681274414062 -0.02655029296875
0.084320068359375 -0.00435638427734375 0.123924255371094 -0.0212936401367187
0.0684165954589844 -0.0363540649414063 0.121559143066406 -0.0525131225585937
0.0380096435546875 -0.0501174926757813 0.088348388671875 -0.0607147216796875
0.00815200805664063 -0.0693817138671875 0.0619010925292969 -0.0613327026367188
-0.014892578125 -0.0647354125976563 0.0504150390625 -0.0411300659179688
-0.0166816711425781 -0.0619316101074219 0.050262451171875 -0.009246826171875
-0.02728271484375 -0.0729217529296875 0.0535125732421875 0.0247879028320312
-0.0102615356445313 -0.080596923828125 0.0295867919921875 0.0637893676757812
0.030548095703125 -0.08245849609375 0.00687408447265626 0.07452392578125
0.0609817504882813 -0.0664558410644531 -0.0197296142578125 0.0552978515625
0.094482421875 -0.0145187377929687 -0.026611328125 0.04046630859375
0.10247802734375 0.0126876831054687 0.00712394714355469 0.0350112915039063
0.101036071777344 0.0375213623046875 0.0521926879882813 0.0840911865234375
0.0814285278320313 0.048248291015625 0.0866241455078125 -0.048583984375
0.0749282836914063 0.031829833984375 0.132881164550781 -0.004913330078125
0.0871200561523438 0.0097808837890625 0.134834289550781 -0.00868988037109375
0.076873779296875 -0.0253829956054687 0.128898620605469 -0.042327880859375
0.0504913330078125 -0.0390510559082031 0.087860107421875 -0.046173095703125
0.0247535705566406 -0.0578193664550781 0.0632171630859375 -0.0417518615722656
0.0073394775390625 -0.0627632141113281 0.0544166564941406 -0.0173568725585938
0.00471878051757812 -0.0563735961914063 0.0558052062988281 0.0116729736328125
0.00133514404296875 -0.0639305114746094 0.064666748046875 0.0423507690429687
0.00666427612304687 -0.0625114440917969 0.0414962768554687 0.0764923095703125
0.0349388122558594 -0.0612030029296875 0.0158920288085938 0.084197998046875
0.0524253845214844 -0.0493927001953125 -0.0104713439941406 0.05938720703125
0.0777740478515625 -0.0080718994140625 -0.0121269226074219 0.0403976440429688
0.0807342529296875 0.014617919921875 0.0341510772705078 0.0307407379150391
0.0738601684570313 0.0362930297851563 0.0896682739257812 0.09759521484375
0.0410194396972656 0.0416526794433594 0.103645324707031 -0.0259857177734375
0.0480690002441406 0.0355949401855469 0.142822265625 0.0075225830078125
0.0665130615234375 0.0182647705078125 0.136024475097656 -0.002105712890625
0.0669136047363281 -0.00770950317382812 0.120803833007813 -0.0313796997070313
0.0462303161621094 -0.0181350708007813 0.0768280029296875 -0.0324020385742188
0.0349998474121094 -0.0385093688964844 0.055328369140625 -0.0214271545410156
0.0276947021484375 -0.0446891784667969 0.0526313781738281 0.003570556640625
0.0264244079589844 -0.040557861328125 0.0566482543945313 0.0292778015136719
0.0255508422851562 -0.0456962585449219 0.0631599426269531 0.056365966796875
0.0272483825683594 -0.0367164611816406 0.0420989990234375 0.0830841064453125
0.0421257019042969 -0.0291252136230469 0.0146408081054687 0.0882110595703125
0.0470085144042969 -0.021148681640625 -0.00594711303710937 0.0616226196289063
0.0540924072265625 0.0121116638183594 -0.00629043579101563 0.0388755798339844
0.047698974609375 0.0272293090820313 0.0495452880859375 0.0335464477539063
0.0370330810546875 0.0367317199707031 0.10919189453125 0.10894775390625
0.000562667846679685 0.0257320404052734 0.104713439941406 -0.018402099609375
0.0136604309082031 0.0269546508789062 0.138572692871094 0.0123672485351563
0.0313701629638672 0.0165863037109375 0.125480651855469 -0.0014801025390625
0.0350990295410156 0.00568962097167969 0.105712890625 -0.0217819213867188
0.0305652618408203 0.00588226318359375 0.0605010986328125 -0.0223388671875
0.0386734008789063 -0.00529098510742187 0.043212890625 -0.00571060180664063
0.0450706481933594 -0.0166854858398438 0.0444755554199219 0.0219612121582031
0.0453872680664063 -0.0190162658691406 0.0467529296875 0.0407218933105469
0.0492706298828125 -0.0228347778320313 0.0501747131347656 0.068878173828125
0.0461807250976562 -0.0108146667480469 0.0297470092773438 0.08782958984375
0.0452346801757813 0.00357437133789063 0.00498199462890626 0.085174560546875
0.0372581481933594 0.00847244262695313 -0.0140228271484375 0.0626068115234375
0.0296173095703125 0.0306911468505859 -0.00934219360351563 0.0384559631347656
0.0114326477050781 0.0381278991699219 0.04888916015625 0.0378189086914063
-0.00252532958984375 0.0359725952148438 0.111213684082031 0.120597839355469
-0.0429573059082031 0.00642776489257813 0.0875396728515625 -0.0176010131835938
-0.0247478485107422 0.0130748748779297 0.119140625 0.0063629150390625
-0.0137996673583984 0.0135717391967773 0.10491943359375 -0.00392913818359375
-0.00551605224609375 0.0216579437255859 0.0867156982421875 -0.0203094482421875
0.00741004943847657 0.0321884155273438 0.046356201171875 -0.0191726684570312
0.0352325439453125 0.0305366516113281 0.0302600860595703 0.000431060791015627
0.0543441772460938 0.012359619140625 0.0260353088378906 0.0291957855224609
0.0556831359863281 0.00567245483398438 0.0311241149902344 0.0463066101074219
0.0652122497558594 0.00239181518554688 0.0298538208007813 0.0752029418945313
0.0536384582519531 0.014312744140625 0.00926208496093751 0.0899276733398438
0.0399093627929688 0.0287666320800781 -0.013214111328125 0.0805740356445313
0.0265789031982422 0.0305843353271484 -0.0265769958496094 0.0623130798339844
0.0040130615234375 0.0464859008789063 -0.0250091552734375 0.0409507751464844
-0.0266532897949219 0.0456771850585937 0.03448486328125 0.0456123352050781
-0.0455665588378906 0.0306053161621094 0.0962905883789063 0.126838684082031
0.1021728515625 -0.0154876708984375 -0.0743255615234375 -0.120964050292969
0.0407257080078125 -0.0569534301757813 -0.0139503479003906 -0.0626640319824219
0.00804138183593751 -0.0559043884277344 0.0401573181152344 -0.0400047302246094
-0.0177764892578125 -0.0520057678222656 0.0533256530761719 -0.0630111694335938
-0.0340080261230469 -0.0398216247558594 0.044158935546875 -0.0777435302734375
-0.0627479553222656 -0.0256538391113281 0.013458251953125 -0.0924530029296875
-0.0715789794921875 -0.0137863159179688 -0.00994110107421875 -0.080657958984375
-0.0657310485839844 -0.0185966491699219 -0.0106048583984375 -0.0528984069824219
-0.071746826171875 -0.0293121337890625 -0.0113143920898438 -0.0250892639160156
-0.0461349487304687 -0.0532951354980469 -0.0229873657226563 0.00487136840820312
-0.00544357299804687 -0.0660362243652344 -0.0369834899902344 0.0252609252929687
0.0274276733398438 -0.05224609375 -0.0648231506347656 0.01953125
0.0571937561035156 -0.0197334289550781 -0.0930938720703125 0.010650634765625
0.0731582641601562 -0.00862884521484375 -0.101394653320313 0.00936889648437501
0.0918960571289063 0.011474609375 -0.0673904418945313 0.0293426513671875
0.123146057128906 0.00386810302734375 -0.0298080444335937 -0.120079040527344
0.0654716491699219 -0.0414276123046875 0.0266799926757813 -0.0640754699707031
0.0358428955078125 -0.0480384826660156 0.0696487426757813 -0.0426025390625
0.00668716430664062 -0.0538368225097656 0.0794143676757813 -0.067626953125
-0.0129928588867188 -0.0466079711914062 0.06451416015625 -0.0797805786132812
-0.0470962524414063 -0.0444145202636719 0.0363235473632813 -0.0919342041015625
-0.0622138977050781 -0.0366668701171875 0.0158767700195313 -0.0785598754882813
-0.0580940246582031 -0.0411872863769531 0.0132789611816406 -0.0486373901367188
-0.0663185119628906 -0.0542678833007813 0.0143461227416992 -0.0160427093505859
-0.040130615234375 -0.076995849609375 -0.00248527526855469 0.0184879302978516
0.0104522705078125 -0.0888824462890625 -0.0203475952148438 0.0404396057128906
0.0513458251953125 -0.0710296630859375 -0.0465278625488281 0.0302352905273437
0.089569091796875 -0.0183792114257813 -0.0657005310058594 0.0229949951171875
0.102088928222656 0.00127410888671875 -0.0633316040039062 0.0208320617675781
0.115386962890625 0.0258636474609375 -0.0249671936035156 0.04449462890625
0.128318786621094 0.0264434814453125 0.018218994140625 -0.107696533203125
0.0842666625976563 -0.0156097412109375 0.0700035095214844 -0.0549468994140625
0.0634536743164063 -0.0300178527832031 0.0999679565429688 -0.0394210815429688
0.0383682250976563 -0.0480232238769531 0.105850219726563 -0.0679244995117188
0.0130538940429688 -0.0506019592285156 0.0820770263671875 -0.0772781372070313
-0.0219955444335938 -0.0591697692871094 0.0543975830078125 -0.086212158203125
-0.043670654296875 -0.0566635131835938 0.0378265380859375 -0.0692176818847656
-0.0420951843261719 -0.0564460754394531 0.0351715087890625 -0.0364418029785156
-0.0524787902832031 -0.069610595703125 0.0394020080566406 -0.00109481811523438
-0.03021240234375 -0.0875930786132813 0.0193557739257812 0.0365142822265625
0.0202865600585937 -0.09710693359375 -0.00215530395507812 0.0570297241210937
0.0604934692382813 -0.0800552368164062 -0.0283737182617187 0.0421333312988281
0.103660583496094 -0.02142333984375 -0.0400238037109375 0.0337562561035156
0.115776062011719 0.003662109375 -0.0223865509033203 0.0281524658203125
0.121955871582031 0.0339202880859375 0.0216102600097656 0.0618705749511719
0.115638732910156 0.0454025268554688 0.0610427856445313 -0.0857696533203125
0.0898208618164062 0.0121994018554687 0.108161926269531 -0.0381851196289063
0.0868682861328125 -0.0075531005859375 0.127021789550781 -0.0297393798828125
0.0673141479492188 -0.0401611328125 0.1246337890625 -0.0623703002929687
0.0379600524902344 -0.04888916015625 0.0900344848632813 -0.0693359375
0.00328063964843751 -0.0669212341308594 0.0648269653320312 -0.0736465454101563
-0.0187225341796875 -0.0672645568847656 0.050567626953125 -0.0510749816894531
-0.01947021484375 -0.0634956359863281 0.0518646240234375 -0.0194625854492188
-0.029754638671875 -0.075439453125 0.059661865234375 0.0156974792480469
-0.0143508911132813 -0.083831787109375 0.0384025573730469 0.0527191162109375
0.0275726318359375 -0.0882339477539063 0.0138015747070313 0.0685081481933594
0.0607681274414063 -0.0752182006835938 -0.0133247375488281 0.0516014099121094
0.100273132324219 -0.0189132690429688 -0.019195556640625 0.0386543273925781
0.110466003417969 0.00754547119140625 0.0137405395507813 0.0287761688232422
0.110786437988281 0.0387115478515625 0.0656204223632813 0.0766372680664063
0.0878143310546875 0.053619384765625 0.094818115234375 -0.060821533203125
0.0796585083007813 0.0348434448242188 0.137779235839844 -0.0185089111328125
0.09197998046875 0.0125961303710938 0.141693115234375 -0.01953125
0.0819931030273438 -0.0254974365234375 0.13092041015625 -0.05145263671875
0.0545997619628906 -0.0402450561523437 0.08892822265625 -0.054779052734375
0.0270042419433594 -0.0618743896484375 0.0645790100097656 -0.0517501831054688
0.00804138183593751 -0.0650901794433594 0.0577583312988281 -0.0270500183105469
0.00566864013671874 -0.0610618591308594 0.0592155456542969 0.00188064575195312
-0.000892639160156247 -0.0692863464355469 0.0700149536132813 0.0336074829101563
0.00717926025390625 -0.0674781799316406 0.05047607421875 0.0666084289550781
0.0370826721191406 -0.064910888671875 0.0233383178710938 0.0771026611328125
0.0582351684570313 -0.0533790588378906 -0.00209426879882812 0.0559005737304688
0.084625244140625 -0.00751495361328125 -0.004669189453125 0.0367164611816406
0.0892410278320312 0.0176849365234375 0.0421524047851563 0.0260696411132813
0.0829391479492188 0.0427017211914063 0.101760864257813 0.090576171875
0.0459060668945313 0.0514984130859375 0.114387512207031 -0.0373458862304687
0.0528755187988281 0.0439338684082031 0.152511596679688 -0.0010986328125
0.0747604370117188 0.0256576538085938 0.14239501953125 -0.0125732421875
0.0747756958007813 -0.0072021484375 0.124359130859375 -0.0400619506835938
0.0550575256347656 -0.0216636657714844 0.0771408081054688 -0.037872314453125
0.0417289733886719 -0.0433273315429688 0.057342529296875 -0.0269355773925781
0.0308036804199219 -0.05218505859375 0.055328369140625 -0.0026397705078125
0.0305709838867188 -0.0474891662597656 0.0588607788085937 0.0225067138671875
0.0291671752929688 -0.0549354553222656 0.0678024291992188 0.0490684509277344
0.0330619812011719 -0.0441932678222656 0.048309326171875 0.0758819580078125
0.048858642578125 -0.0330238342285156 0.0223236083984375 0.0793228149414063
0.0549659729003906 -0.0212059020996094 -0.000633239746093752 0.0578842163085938
0.0620994567871094 0.0162200927734375 0.00111007690429688 0.035430908203125
0.0550613403320313 0.0344429016113281 0.0575637817382813 0.0272445678710938
0.0419464111328125 0.046783447265625 0.123703002929688 0.104576110839844
-0.00239944458007812 0.0379104614257813 0.113563537597656 -0.023529052734375
0.0150337219238281 0.0394706726074219 0.148757934570313 0.0045318603515625
0.037109375 0.0289382934570312 0.1312255859375 -0.0091400146484375
0.0448493957519531 0.0113182067871094 0.107986450195313 -0.0302734375
0.0398445129394531 0.0052642822265625 0.0606498718261719 -0.0258369445800781
0.048828125 -0.0126953125 0.0433845520019531 -0.00901031494140625
0.0503768920898438 -0.0278778076171875 0.0456962585449219 0.01910400390625
0.0507621765136719 -0.0283088684082031 0.0480308532714844 0.03802490234375
0.0552597045898437 -0.0329208374023437 0.0542869567871094 0.0637474060058594
0.0540618896484375 -0.0185623168945313 0.0352096557617188 0.0817794799804688
0.054473876953125 -0.000476837158203125 0.0102005004882812 0.08001708984375
0.0489730834960938 0.0110206604003906 -0.00712203979492187 0.0591621398925781
0.0372848510742188 0.0396308898925781 -0.00300979614257812 0.0366287231445313
0.0157546997070313 0.0513801574707031 0.05670166015625 0.0347366333007813
-0.00339126586914063 0.0482902526855469 0.125961303710938 0.117660522460938
-0.0492706298828125 0.0185470581054687 0.0959243774414062 -0.0210189819335937
-0.0267543792724609 0.0247631072998047 0.1275634765625 0.003082275390625
-0.0118789672851562 0.0259380340576172 0.109703063964844 -0.011474609375
0.00487518310546875 0.0302600860595703 0.087860107421875 -0.0269775390625
0.0168380737304687 0.0339164733886719 0.0453414916992188 -0.0209732055664062
0.0467872619628906 0.0239944458007813 0.0287132263183594 0.000724792480468751
0.0628318786621094 0.000209808349609375 0.0286483764648438 0.0299015045166016
0.0635261535644531 -0.0041046142578125 0.0299339294433594 0.0488624572753906
0.0707626342773438 -0.0094757080078125 0.0305099487304688 0.0734100341796875
0.0642929077148438 0.00482940673828125 0.0119171142578125 0.0862884521484375
0.0530471801757813 0.0260162353515625 -0.0096282958984375 0.0807266235351563
0.0383872985839844 0.0348243713378906 -0.02398681640625 0.0622978210449219
0.011566162109375 0.0554275512695312 -0.0181350708007813 0.0413475036621094
-0.0223426818847656 0.0601005554199219 0.040618896484375 0.04754638671875
-0.0493431091308594 0.04290771484375 0.109207153320313 0.129318237304688
0.10736083984375 -0.0316543579101563 -0.0849838256835938 -0.131202697753906
0.0355262756347656 -0.0701332092285156 -0.0220222473144531 -0.0673255920410156
-0.00128936767578125 -0.0646133422851563 0.0379257202148437 -0.0424652099609375
-0.0313682556152344 -0.0533256530761719 0.05224609375 -0.0650520324707031
-0.0442352294921875 -0.0353622436523438 0.0452499389648437 -0.0807342529296875
-0.0714035034179688 -0.0149688720703125 0.01300048828125 -0.095611572265625
-0.0767364501953125 -0.00267791748046874 -0.00975799560546876 -0.0857009887695313
-0.0711441040039062 -0.00944519042968751 -0.0116310119628906 -0.0589103698730469
-0.0789718627929687 -0.0189208984375 -0.0119171142578125 -0.0307464599609375
-0.0565910339355469 -0.0473251342773438 -0.0201778411865234 0.0013885498046875
-0.0170097351074219 -0.0677680969238281 -0.0343418121337891 0.0238723754882812
0.0184211730957031 -0.0602798461914063 -0.0647811889648438 0.0212135314941406
0.0565567016601563 -0.0333442687988281 -0.0943832397460938 0.0144577026367187
0.0773544311523437 -0.0230941772460938 -0.108108520507813 0.0118255615234375
0.101341247558594 -0.00200653076171875 -0.0727462768554687 0.027496337890625
0.131080627441406 -0.0085296630859375 -0.0371627807617188 -0.1339111328125
0.0637931823730469 -0.0521774291992188 0.021209716796875 -0.0732269287109375
0.0286827087402344 -0.0540046691894531 0.069183349609375 -0.0484580993652344
-0.00255203247070313 -0.0552635192871094 0.0797119140625 -0.0729141235351563
-0.0207672119140625 -0.0434532165527344 0.0665130615234375 -0.084930419921875
-0.053863525390625 -0.0357513427734375 0.0370559692382812 -0.0995635986328125
-0.0665550231933594 -0.029571533203125 0.0165252685546875 -0.0882339477539063
-0.0640602111816406 -0.0342788696289062 0.013641357421875 -0.0570106506347656
-0.0740280151367188 -0.0474624633789062 0.0153598785400391 -0.0253162384033203
-0.0488357543945312 -0.074371337890625 0.00138664245605468 0.0122947692871094
0.000717163085937492 -0.092559814453125 -0.0159072875976562 0.0355148315429687
0.0454940795898438 -0.0799179077148438 -0.0443153381347656 0.0288467407226562
0.0921249389648438 -0.0316238403320313 -0.0642623901367187 0.024932861328125
0.110771179199219 -0.0119781494140625 -0.0658416748046875 0.0197944641113281
0.12811279296875 0.0158538818359375 -0.0254592895507813 0.0393905639648438
0.137977600097656 0.0195159912109375 0.01519775390625 -0.1251220703125
0.0850601196289062 -0.0224761962890625 0.0672340393066406 -0.0677833557128906
0.0622291564941406 -0.0341720581054688 0.101531982421875 -0.0469741821289063
0.033416748046875 -0.0511703491210938 0.107124328613281 -0.076568603515625
0.00978851318359375 -0.0497360229492188 0.0837554931640625 -0.0857009887695312
-0.0262451171875 -0.0550537109375 0.0551986694335937 -0.0957565307617188
-0.0465278625488281 -0.0527305603027344 0.0384979248046875 -0.0805816650390625
-0.0468673706054688 -0.0542945861816406 0.0362472534179688 -0.0467376708984375
-0.058258056640625 -0.0675430297851563 0.0412330627441406 -0.0128364562988281
-0.0372848510742187 -0.0876693725585938 0.0249099731445313 0.0278530120849609
0.01336669921875 -0.103057861328125 0.00372695922851562 0.0503692626953125
0.0585174560546875 -0.08917236328125 -0.0246162414550781 0.0388832092285156
0.108497619628906 -0.0317535400390625 -0.0367012023925781 0.0322761535644531
0.125923156738281 -0.00615692138671875 -0.0213470458984375 0.0231418609619141
0.136123657226562 0.0277862548828125 0.0259933471679688 0.0539779663085937
0.126197814941406 0.0439453125 0.0628890991210938 -0.103683471679688
0.0951080322265625 0.0112457275390625 0.110855102539062 -0.0515670776367187
0.0896148681640625 -0.00955963134765625 0.129608154296875 -0.0390472412109375
0.0681304931640625 -0.0418014526367188 0.127799987792969 -0.073150634765625
0.0393753051757813 -0.0508155822753906 0.0916671752929687 -0.07855224609375
0.00254821777343751 -0.0672721862792969 0.0655288696289063 -0.0827713012695313
-0.0198554992675781 -0.0681381225585937 0.0525856018066406 -0.0636024475097656
-0.0223274230957031 -0.0654678344726563 0.0523643493652344 -0.0300140380859375
-0.03375244140625 -0.0773544311523438 0.0626029968261719 0.00386810302734375
-0.0185699462890625 -0.087005615234375 0.0440635681152344 0.0434646606445312
0.025146484375 -0.095703125 0.0208091735839844 0.0623855590820312
0.0618743896484375 -0.0826263427734375 -0.00822067260742188 0.0467262268066406
0.107612609863281 -0.0259017944335937 -0.0137138366699219 0.0346660614013672
0.121139526367188 0.00287628173828125 0.0188217163085938 0.0213985443115234
0.124229431152344 0.03802490234375 0.0754928588867188 0.0680770874023438
0.0959701538085937 0.060211181640625 0.101089477539063 -0.0771942138671875
0.0867767333984375 0.0389404296875 0.1436767578125 -0.03082275390625
0.0999526977539063 0.0148239135742188 0.146575927734375 -0.0292816162109375
0.0883865356445313 -0.0277252197265625 0.134635925292969 -0.0631790161132813
0.0594673156738281 -0.0429153442382812 0.0892410278320313 -0.0634307861328125
0.0289154052734375 -0.0671348571777344 0.0658111572265625 -0.0606803894042969
0.00784301757812499 -0.0722274780273438 0.0591087341308594 -0.0382575988769531
0.00596618652343751 -0.0668601989746094 0.0608062744140625 -0.00796127319335938
-0.00173187255859376 -0.0761642456054688 0.072998046875 0.022186279296875
0.00743865966796874 -0.0744705200195313 0.054779052734375 0.0571784973144531
0.0400009155273438 -0.0722427368164063 0.0298118591308594 0.0693740844726563
0.0635871887207031 -0.0592727661132813 0.00327682495117188 0.0500526428222656
0.09381103515625 -0.00830841064453125 0.00264930725097657 0.0321559906005859
0.0976181030273437 0.0194015502929687 0.0482444763183594 0.0189170837402344
0.09320068359375 0.0489273071289063 0.114715576171875 0.0827102661132812
0.0512962341308594 0.0616073608398438 0.122238159179688 -0.0503921508789062
0.0603141784667969 0.0524253845214844 0.160888671875 -0.013031005859375
0.0843353271484375 0.0316619873046875 0.1490478515625 -0.0205841064453125
0.08544921875 -0.00826263427734375 0.127006530761719 -0.05029296875
0.0635452270507813 -0.0250968933105469 0.0775909423828125 -0.0446319580078125
0.0475120544433594 -0.0511360168457031 0.0584220886230469 -0.0346221923828125
0.0341644287109375 -0.0623855590820313 0.0574722290039063 -0.00946426391601563
0.0326881408691406 -0.05810546875 0.0595359802246094 0.0154647827148437
0.030914306640625 -0.0656967163085938 0.071563720703125 0.0409088134765625
0.0363197326660156 -0.0537643432617188 0.0529975891113281 0.0679588317871094
0.0558013916015625 -0.0398406982421875 0.0266265869140625 0.0734329223632813
0.0646858215332031 -0.0251884460449219 0.00461959838867188 0.0520896911621094
0.0735397338867188 0.0198822021484375 0.00815200805664063 0.0302257537841797
0.0630989074707031 0.0422744750976563 0.0648460388183594 0.0209732055664063
0.0484046936035156 0.0578651428222656 0.138359069824219 0.0987472534179687
-0.00111770629882813 0.0515403747558594 0.124443054199219 -0.0312728881835937
0.0198020935058594 0.0511398315429688 0.158737182617188 -0.0031890869140625
0.0457077026367188 0.0381088256835938 0.137298583984375 -0.0170745849609375
0.0577430725097656 0.013092041015625 0.109748840332031 -0.0382919311523437
0.0503463745117188 0.00243377685546875 0.0598640441894531 -0.0299911499023437
0.0565338134765625 -0.0213050842285156 0.0443611145019531 -0.0112152099609375
0.0557594299316406 -0.040252685546875 0.0470008850097656 0.0155181884765625
0.0552482604980469 -0.0397796630859375 0.049560546875 0.0354156494140625
0.0593948364257813 -0.046722412109375 0.0557861328125 0.0593452453613281
0.0601654052734375 -0.0296592712402344 0.0362167358398438 0.0770034790039063
0.0662307739257813 -0.00669479370117187 0.0115737915039063 0.076019287109375
0.0621833801269531 0.009796142578125 -0.00331878662109374 0.0544929504394531
0.0480766296386719 0.0485191345214844 0.00268363952636719 0.0339717864990234
0.0228614807128906 0.0644912719726563 0.065673828125 0.0317153930664063
-0.00201416015625 0.0629310607910156 0.14044189453125 0.116767883300781
-0.0528640747070313 0.0336952209472656 0.105323791503906 -0.0242462158203125
-0.026397705078125 0.0392074584960938 0.13800048828125 -0.0016326904296875
-0.00598907470703125 0.0384902954101563 0.114738464355469 -0.018035888671875
0.0154609680175781 0.03582763671875 0.08770751953125 -0.0319595336914063
0.0270900726318359 0.0344104766845703 0.0423202514648438 -0.0227622985839844
0.0578460693359375 0.0166091918945313 0.0279865264892578 0.000719070434570314
0.0702476501464844 -0.0105743408203125 0.0296802520751953 0.0308818817138672
0.0690689086914063 -0.0162925720214844 0.0312728881835938 0.0495948791503906
0.0772323608398438 -0.0234832763671875 0.032684326171875 0.0745620727539063
0.071319580078125 -0.006256103515625 0.0115509033203125 0.0849380493164063
0.0659561157226563 0.019927978515625 -0.00898742675781249 0.079437255859375
0.0524139404296875 0.0343475341796875 -0.0187835693359375 0.0603103637695313
0.0222358703613281 0.0655250549316406 -0.0138702392578125 0.0418052673339844
-0.0174484252929688 0.0756912231445313 0.0481681823730469 0.049041748046875
-0.0505256652832031 0.0590896606445312 0.122047424316406 0.132675170898438
0.110916137695313 -0.0501327514648438 -0.100997924804687 -0.140281677246094
0.0268707275390625 -0.0837783813476563 -0.0325164794921875 -0.07220458984375
-0.0137939453125 -0.07171630859375 0.0353622436523438 -0.0441780090332031
-0.0454940795898437 -0.0521202087402344 0.051910400390625 -0.068206787109375
-0.0546226501464844 -0.0285758972167969 0.046478271484375 -0.0859451293945313
-0.0774078369140625 -0.00122070312500001 0.0129165649414063 -0.101554870605469
-0.08001708984375 0.010345458984375 -0.0115127563476562 -0.0932998657226563
-0.07586669921875 0.00241851806640626 -0.0134963989257812 -0.0656242370605469
-0.0850830078125 -0.00599670410156249 -0.0130462646484375 -0.0377006530761719
-0.066070556640625 -0.0392684936523438 -0.0184154510498047 -0.00309181213378907
-0.0303421020507812 -0.0670318603515625 -0.0325641632080078 0.0213336944580078
0.00765228271484374 -0.0670013427734375 -0.0648078918457031 0.0231513977050781
0.0536880493164063 -0.0479278564453125 -0.0964736938476563 0.01873779296875
0.0797653198242188 -0.0411148071289063 -0.116737365722656 0.0162277221679688
0.1099853515625 -0.0192947387695312 -0.0802841186523438 0.0279083251953125
0.13873291015625 -0.0230255126953125 -0.0497894287109375 -0.150131225585938
0.0590248107910156 -0.0636711120605469 0.0127182006835937 -0.083160400390625
0.0201530456542969 -0.0604438781738281 0.0677070617675781 -0.0543670654296875
-0.0135078430175781 -0.0548896789550781 0.0806732177734375 -0.0799560546875
-0.0286903381347656 -0.0390663146972656 0.0683364868164063 -0.0934066772460938
-0.0586814880371094 -0.0260009765625 0.0374526977539062 -0.10906982421875
-0.0703353881835938 -0.0198898315429688 0.0151824951171875 -0.0996475219726563
-0.0685539245605469 -0.0265007019042969 0.0116004943847656 -0.0676155090332031
-0.0806884765625 -0.0392303466796875 0.0147590637207031 -0.0354080200195313
-0.0586738586425781 -0.0700111389160156 0.00407791137695312 0.00499820709228515
-0.0102005004882812 -0.0962371826171875 -0.0129833221435547 0.030609130859375
0.0376739501953125 -0.0891036987304688 -0.0431632995605469 0.0274620056152344
0.0935211181640625 -0.046356201171875 -0.0632286071777344 0.0255088806152344
0.117691040039063 -0.0282211303710938 -0.069549560546875 0.0194625854492188
0.141494750976563 0.0012054443359375 -0.0282859802246094 0.0350704193115234
0.14892578125 0.0106048583984375 0.00669860839843751 -0.144607543945313
0.0855865478515625 -0.0297012329101563 0.0623397827148438 -0.081268310546875
0.0597457885742188 -0.0385360717773438 0.102851867675781 -0.0558090209960938
0.0278663635253906 -0.0526542663574219 0.109298706054688 -0.0867156982421875
0.00632476806640625 -0.0475502014160156 0.0849761962890625 -0.0963973999023438
-0.0302085876464844 -0.0499610900878906 0.0554656982421875 -0.108024597167969
-0.0502204895019531 -0.0492057800292969 0.0365142822265625 -0.0950241088867188
-0.0508346557617188 -0.0514183044433594 0.0343246459960938 -0.0590438842773437
-0.06488037109375 -0.0644073486328125 0.0413970947265625 -0.0252609252929688
-0.0453033447265625 -0.0873870849609375 0.0279636383056641 0.0187664031982422
0.0052490234375 -0.108757019042969 0.00728607177734375 0.0430221557617187
0.05377197265625 -0.100044250488281 -0.0220260620117187 0.0344371795654297
0.113868713378906 -0.0447463989257813 -0.0325927734375 0.0293693542480469
0.135917663574219 -0.0186614990234375 -0.0210533142089844 0.0183925628662109
0.150741577148438 0.0188751220703125 0.0293006896972656 0.0463333129882812
0.138473510742188 0.0423049926757813 0.0595016479492188 -0.125679016113281
0.100814819335938 0.00919342041015625 0.110221862792969 -0.067108154296875
0.0944900512695313 -0.0121612548828125 0.133331298828125 -0.0506668090820313
0.0692214965820313 -0.0458297729492188 0.130210876464844 -0.0863418579101563
0.0401763916015625 -0.05194091796875 0.0935592651367188 -0.0902175903320313
0.001251220703125 -0.0680923461914063 0.0656280517578125 -0.0959625244140625
-0.0232086181640625 -0.0710983276367188 0.0513839721679688 -0.0778732299804687
-0.0254249572753906 -0.0687446594238281 0.0515975952148437 -0.0419197082519531
-0.0380783081054687 -0.0804367065429688 0.0635795593261719 -0.00926589965820313
-0.0233612060546875 -0.0908737182617188 0.0485610961914063 0.0329246520996094
0.02191162109375 -0.103675842285156 0.02532958984375 0.0540237426757812
0.0612716674804688 -0.09307861328125 -0.00414276123046875 0.0400009155273437
0.115608215332031 -0.035247802734375 -0.00816154479980468 0.0289211273193359
0.132171630859375 -0.004638671875 0.0223331451416016 0.0130844116210938
0.138397216796875 0.03558349609375 0.0837249755859375 0.0582427978515625
0.107894897460938 0.0647735595703125 0.104446411132813 -0.0977401733398438
0.0961380004882813 0.0422821044921875 0.148330688476563 -0.047119140625
0.110916137695312 0.0151901245117187 0.152603149414063 -0.040679931640625
0.0963668823242187 -0.0328140258789062 0.138114929199219 -0.0761566162109375
0.0648460388183594 -0.0481910705566406 0.0910568237304687 -0.07354736328125
0.0305328369140625 -0.0738525390625 0.066314697265625 -0.0723800659179688
0.00644683837890625 -0.0808029174804688 0.0585441589355469 -0.0507774353027344
0.00391387939453125 -0.0748291015625 0.0605812072753906 -0.0184707641601563
-0.00471496582031251 -0.0847015380859375 0.0748138427734375 0.0104751586914062
0.00647735595703125 -0.0824661254882813 0.0584449768066406 0.0466995239257812
0.041717529296875 -0.0817413330078125 0.0334243774414063 0.0611419677734375
0.0687751770019531 -0.0688934326171875 0.00651550292968751 0.0429611206054687
0.104766845703125 -0.01239013671875 0.00738525390625001 0.0248603820800781
0.110183715820313 0.01849365234375 0.0545921325683594 0.0089111328125
0.106536865234375 0.0526046752929688 0.12750244140625 0.07269287109375
0.0601272583007813 0.072845458984375 0.130722045898438 -0.0680313110351563
0.0703048706054688 0.0615005493164063 0.170623779296875 -0.0276336669921875
0.0984039306640625 0.0356369018554687 0.15576171875 -0.032745361328125
0.097503662109375 -0.0119400024414063 0.130752563476563 -0.0620269775390625
0.073089599609375 -0.0312881469726563 0.0783920288085938 -0.052734375
0.0516777038574219 -0.0627250671386719 0.0591278076171875 -0.0421142578125
0.0342178344726563 -0.0751190185546875 0.058319091796875 -0.0177459716796875
0.0330963134765625 -0.0701065063476563 0.0605316162109375 0.00812530517578125
0.0306243896484375 -0.0789413452148437 0.0732345581054688 0.032989501953125
0.0385627746582031 -0.0651664733886719 0.0544586181640625 0.0599365234375
0.0627937316894531 -0.0500106811523438 0.0290641784667969 0.066802978515625
0.0751266479492188 -0.0319900512695313 0.00811004638671876 0.0450096130371094
0.0863418579101563 0.0219650268554688 0.0134563446044922 0.0240192413330078
0.0755691528320313 0.049468994140625 0.0733261108398438 0.01202392578125
0.0597915649414063 0.0694656372070313 0.153457641601563 0.09063720703125
0.00302505493164063 0.06646728515625 0.135246276855469 -0.0445022583007812
0.0273323059082031 0.0642890930175781 0.170318603515625 -0.014556884765625
0.0586128234863281 0.0464363098144531 0.143234252929688 -0.0283355712890625
0.0710296630859375 0.0121383666992188 0.111297607421875 -0.047943115234375
0.0626106262207031 -0.00251007080078125 0.0594329833984375 -0.0338134765625
0.0638275146484375 -0.0335006713867188 0.0453071594238281 -0.0143928527832031
0.0581321716308594 -0.05474853515625 0.0490074157714844 0.0121688842773437
0.0573692321777344 -0.0543479919433594 0.0510673522949219 0.0329170227050781
0.0610427856445313 -0.0631446838378906 0.0579872131347656 0.0554084777832031
0.0652084350585938 -0.0439567565917969 0.0366668701171875 0.0726699829101563
0.0775299072265625 -0.0166168212890625 0.0136184692382813 0.0725784301757813
0.0760955810546875 0.004119873046875 -0.000308990478515625 0.050079345703125
0.063079833984375 0.0551528930664062 0.00847625732421876 0.0293827056884766
0.0344772338867188 0.0774688720703125 0.0749588012695313 0.026275634765625
0.0050811767578125 0.0788803100585938 0.158355712890625 0.113632202148438
-0.0534477233886719 0.051239013671875 0.116661071777344 -0.0311965942382813
-0.0229911804199219 0.0544776916503906 0.14990234375 -0.009429931640625
0.00347137451171875 0.05059814453125 0.119529724121094 -0.0269851684570312
0.0287094116210937 0.0388412475585938 0.0887298583984375 -0.0383529663085938
0.0387954711914063 0.0320396423339844 0.0400848388671875 -0.0228691101074219
0.0676078796386719 0.00584030151367188 0.0284786224365234 0.00262260437011719
0.0749282836914063 -0.0252532958984375 0.0329418182373047 0.0335521697998047
0.0724563598632813 -0.0307159423828125 0.0332374572753906 0.0515670776367188
0.0801544189453125 -0.0395660400390625 0.0346908569335938 0.0761184692382813
0.0779190063476563 -0.0204544067382813 0.0112228393554688 0.0849609375
0.0782852172851562 0.01007080078125 -0.009490966796875 0.079803466796875
0.0680084228515625 0.0305442810058594 -0.0160446166992188 0.0587501525878906
0.0360488891601563 0.0738906860351563 -0.00943756103515624 0.041046142578125
-0.00791931152343749 0.0926132202148438 0.0580863952636719 0.0489425659179688
-0.0482101440429687 0.0773696899414063 0.139106750488281 0.135688781738281
0.109344482421875 -0.072845458984375 -0.123931884765625 -0.1458740234375
0.01300048828125 -0.0959091186523438 -0.045867919921875 -0.0739288330078125
-0.03033447265625 -0.0762405395507813 0.0326728820800781 -0.0471000671386719
-0.0613174438476563 -0.04534912109375 0.0516815185546875 -0.0722122192382813
-0.0639572143554688 -0.0179481506347656 0.045806884765625 -0.0926895141601563
-0.080108642578125 0.0150299072265625 0.0103683471679688 -0.10870361328125
-0.080169677734375 0.0260009765625 -0.0165863037109375 -0.101768493652344
-0.0777816772460938 0.016387939453125 -0.0184555053710938 -0.072906494140625
-0.0887069702148437 0.00991058349609375 -0.0176849365234375 -0.0437889099121094
-0.0742721557617188 -0.0272216796875 -0.0187854766845703 -0.00774383544921875
-0.04400634765625 -0.0625724792480469 -0.0322608947753906 0.0196762084960937
-0.0061187744140625 -0.0707931518554688 -0.065765380859375 0.0261802673339844
0.0463294982910156 -0.0629615783691406 -0.0988388061523438 0.0248641967773437
0.0765609741210938 -0.060699462890625 -0.125259399414063 0.024322509765625
0.115058898925781 -0.0406265258789063 -0.0878372192382812 0.0326461791992187
0.142990112304687 -0.0419921875 -0.0712738037109375 -0.163772583007813
0.0499343872070313 -0.07513427734375 8.3923339843749E-05 -0.0917816162109375
0.00915908813476562 -0.0644950866699219 0.0652389526367187 -0.061431884765625
-0.0256805419921875 -0.0509147644042969 0.0796356201171875 -0.089385986328125
-0.0352935791015625 -0.03118896484375 0.0671005249023438 -0.1038818359375
-0.0613555908203125 -0.0141639709472656 0.0340652465820313 -0.120040893554688
-0.072235107421875 -0.00917053222656251 0.00908660888671873 -0.112747192382812
-0.072662353515625 -0.0161514282226563 0.00669097900390625 -0.0784835815429688
-0.0862579345703125 -0.0278244018554688 0.01031494140625 -0.0466995239257813
-0.0683097839355469 -0.06292724609375 0.00503683090209961 -0.00326728820800782
-0.0239715576171875 -0.0968856811523438 -0.0109786987304688 0.0249843597412109
0.025970458984375 -0.0979766845703125 -0.0426521301269531 0.0260696411132812
0.0913772583007813 -0.062774658203125 -0.0623893737792969 0.0262718200683594
0.121109008789063 -0.048095703125 -0.0749282836914062 0.0205612182617188
0.152099609375 -0.0178985595703125 -0.0317573547363281 0.0324687957763672
0.158172607421875 -0.0026092529296875 -0.00991821289062498 -0.164627075195313
0.0846633911132813 -0.0382308959960937 0.0531234741210938 -0.0951766967773437
0.0572624206542969 -0.0431098937988281 0.10198974609375 -0.0674514770507813
0.0213966369628906 -0.0526809692382813 0.108467102050781 -0.100830078125
0.0021209716796875 -0.0445365905761719 0.083770751953125 -0.109527587890625
-0.0329360961914063 -0.0441093444824219 0.05120849609375 -0.122299194335938
-0.0535354614257813 -0.0449256896972656 0.0304489135742188 -0.110885620117187
-0.0554924011230469 -0.0468864440917969 0.0290756225585938 -0.0725021362304688
-0.0721664428710938 -0.059844970703125 0.0383491516113281 -0.0389633178710938
-0.0546646118164062 -0.0859756469726563 0.0291347503662109 0.00762176513671874
-0.00598144531250001 -0.114006042480469 0.00987434387207032 0.0344753265380859
0.0460891723632813 -0.111000061035156 -0.0207233428955078 0.0291843414306641
0.116279602050781 -0.0607986450195312 -0.0305290222167969 0.0262184143066406
0.143203735351562 -0.0363922119140625 -0.0222434997558594 0.0134391784667969
0.16607666015625 0.0035400390625 0.0314483642578125 0.03662109375
0.152496337890625 0.0356903076171875 0.0500640869140625 -0.1494140625
0.106834411621094 0.004608154296875 0.105491638183594 -0.0848312377929688
0.100830078125 -0.01654052734375 0.134666442871094 -0.0643234252929687
0.0695533752441406 -0.0508918762207031 0.129905700683594 -0.1025390625
0.0400199890136719 -0.0556182861328125 0.0916519165039063 -0.105033874511719
-0.000656127929687501 -0.0695533752441406 0.061279296875 -0.111801147460938
-0.0271377563476562 -0.073486328125 0.0458297729492188 -0.0940322875976563
-0.0302734375 -0.0708541870117188 0.047271728515625 -0.0556564331054688
-0.04632568359375 -0.0822372436523438 0.06170654296875 -0.0243301391601562
-0.031219482421875 -0.0944137573242188 0.0496597290039063 0.0212249755859375
0.0143890380859375 -0.112892150878906 0.0268745422363281 0.0440788269042969
0.0586395263671875 -0.106536865234375 -0.00320243835449219 0.0325717926025391
0.121742248535156 -0.0479354858398438 -0.00486183166503905 0.0219364166259766
0.143325805664062 -0.0166168212890625 0.0238361358642578 0.00375556945800781
0.1553955078125 0.0266876220703125 0.0914993286132813 0.045074462890625
0.12408447265625 0.0660324096679688 0.100669860839844 -0.122627258300781
0.10894775390625 0.0429458618164062 0.149383544921875 -0.0671844482421875
0.124320983886719 0.012298583984375 0.156173706054688 -0.057037353515625
0.103378295898437 -0.040802001953125 0.138618469238281 -0.0931625366210937
0.069580078125 -0.0557823181152344 0.0898208618164063 -0.0862808227539063
0.0291061401367188 -0.0828475952148438 0.0626296997070313 -0.08642578125
0.00167083740234374 -0.0896224975585938 0.0548515319824219 -0.0635986328125
-0.00108337402343751 -0.0836563110351563 0.0581092834472656 -0.0299034118652344
-0.0123977661132813 -0.0937957763671875 0.0741653442382813 -0.00249481201171876
0.00160980224609376 -0.091033935546875 0.0595779418945313 0.0352058410644531
0.0405731201171875 -0.0935821533203125 0.0353012084960938 0.0519332885742187
0.0711746215820313 -0.0816116333007813 0.00783538818359375 0.0337982177734375
0.116218566894531 -0.020050048828125 0.0115633010864258 0.0159797668457031
0.124351501464844 0.01416015625 0.05938720703125 -0.00408935546875
0.12371826171875 0.0521621704101562 0.141143798828125 0.057464599609375
0.0749969482421875 0.0816726684570313 0.134109497070313 -0.0907058715820313
0.0855560302734375 0.0673294067382812 0.177093505859375 -0.0470123291015625
0.1156005859375 0.03643798828125 0.161239624023438 -0.04937744140625
0.110427856445313 -0.0217819213867188 0.131057739257813 -0.078216552734375
0.0814971923828125 -0.0412216186523438 0.0773696899414063 -0.06182861328125
0.05267333984375 -0.0762252807617188 0.0572967529296875 -0.052154541015625
0.0310516357421875 -0.0896224975585938 0.0564804077148438 -0.0275955200195313
0.0293502807617188 -0.0830001831054688 0.0599517822265625 -0.00032424926757813
0.0255050659179688 -0.0937576293945313 0.0741653442382813 0.0234298706054687
0.0370101928710938 -0.0784759521484375 0.055755615234375 0.0509567260742187
0.0673027038574219 -0.0644798278808594 0.0304718017578125 0.0602264404296875
0.0843276977539063 -0.044097900390625 0.00947952270507813 0.0369377136230469
0.101821899414063 0.0196075439453125 0.017669677734375 0.0148582458496094
0.092559814453125 0.052978515625 0.0805511474609375 -0.000869750976562497
0.0751800537109375 0.0776443481445313 0.171890258789063 0.0774688720703125
0.0144271850585937 0.0813980102539063 0.14312744140625 -0.06304931640625
0.0414505004882813 0.0758895874023438 0.181228637695313 -0.0317230224609375
0.0770187377929688 0.051300048828125 0.148712158203125 -0.042724609375
0.086822509765625 0.00630950927734375 0.111183166503906 -0.060699462890625
0.0731887817382813 -0.0118408203125 0.0584259033203125 -0.0387153625488281
0.0678863525390625 -0.0496482849121094 0.045196533203125 -0.0190620422363281
0.0567626953125 -0.0727081298828125 0.0508041381835938 0.00789260864257812
0.0553207397460938 -0.0711746215820313 0.0522537231445313 0.0295372009277344
0.0581283569335938 -0.0817108154296875 0.0608787536621094 0.0511131286621094
0.0658035278320313 -0.0598831176757813 0.0375900268554688 0.0689239501953125
0.0860366821289063 -0.0321426391601563 0.0140113830566406 0.0690574645996094
0.0904006958007813 -0.0067901611328125 0.00157928466796875 0.0438270568847656
0.0811691284179688 0.056915283203125 0.0124797821044922 0.0232124328613281
0.05120849609375 0.0884857177734375 0.0851516723632813 0.0168609619140625
0.0178680419921875 0.095123291015625 0.17901611328125 0.104446411132813
-0.0491294860839844 0.0700035095214844 0.126060485839844 -0.043701171875
-0.0136566162109375 0.0699844360351562 0.161590576171875 -0.0224151611328125
0.0177574157714844 0.0601463317871094 0.123512268066406 -0.0386505126953125
0.044189453125 0.0372962951660156 0.0872421264648438 -0.0459136962890625
0.0513801574707031 0.0262985229492188 0.0386466979980469 -0.0235519409179688
0.0749053955078125 -0.00916290283203125 0.0289707183837891 0.00430870056152344
0.0759201049804688 -0.04290771484375 0.0361900329589844 0.0351486206054688
0.072052001953125 -0.0473785400390625 0.0368690490722656 0.0545768737792969
0.0787429809570313 -0.0588836669921875 0.0383148193359375 0.0781478881835938
0.07989501953125 -0.0376510620117188 0.0111770629882813 0.0862808227539063
0.0889739990234375 -0.00466156005859375 -0.00930786132812499 0.0805892944335937
0.0828399658203125 0.0208740234375 -0.01470947265625 0.0567398071289063
0.0553054809570313 0.0792083740234375 -0.00446319580078124 0.0395889282226563
0.00802612304687501 0.107711791992188 0.0702362060546875 0.0450592041015625
-0.0396499633789063 0.09747314453125 0.162002563476563 0.133148193359375
0.100181579589844 -0.0950164794921875 -0.149429321289063 -0.142684936523438
-0.00719451904296875 -0.103477478027344 -0.06072998046875 -0.0696487426757813
-0.0490570068359375 -0.0735015869140625 0.0286293029785156 -0.0486602783203125
-0.0745315551757812 -0.0325698852539063 0.0484161376953125 -0.07586669921875
-0.0694808959960938 -0.00349807739257812 0.0423431396484375 -0.0997467041015625
-0.0771255493164063 0.0326385498046875 0.00518035888671876 -0.114509582519531
-0.0748519897460938 0.0420761108398437 -0.0260772705078125 -0.107864379882813
-0.073944091796875 0.0321578979492188 -0.0261611938476563 -0.0779800415039063
-0.0859603881835938 0.0279159545898437 -0.0247154235839844 -0.0488014221191406
-0.0786056518554688 -0.0125808715820312 -0.0198726654052734 -0.0123786926269531
-0.0572586059570313 -0.0529251098632812 -0.0316390991210938 0.0169181823730469
-0.0217552185058594 -0.0697174072265625 -0.0648536682128906 0.0296096801757812
0.03302001953125 -0.0755386352539063 -0.0983505249023437 0.0322418212890625
0.0660629272460938 -0.0804443359375 -0.129814147949219 0.0363693237304687
0.111656188964844 -0.0652236938476563 -0.09356689453125 0.0400009155273438
0.140220642089844 -0.064666748046875 -0.0981292724609375 -0.168853759765625
0.0359725952148437 -0.0835418701171875 -0.0161819458007813 -0.0956497192382813
-0.00363922119140624 -0.0652732849121094 0.0599479675292969 -0.0684928894042969
-0.0362815856933594 -0.0424232482910156 0.0745468139648438 -0.0983352661132812
-0.0394096374511719 -0.0206375122070312 0.0610885620117188 -0.114898681640625
-0.0599594116210938 -0.000751495361328115 0.0256195068359375 -0.130615234375
-0.0706634521484375 0.00317382812499999 -0.0028228759765625 -0.123298645019531
-0.0718841552734375 -0.00458526611328123 -0.00330352783203126 -0.0878448486328125
-0.0883102416992188 -0.0134124755859375 0.00145721435546875 -0.0562591552734375
-0.0757293701171875 -0.0522079467773438 0.00222206115722656 -0.0119132995605469
-0.0380172729492188 -0.09197998046875 -0.0115242004394531 0.0183391571044922
0.01123046875 -0.102813720703125 -0.0424575805664063 0.0250358581542969
0.083160400390625 -0.0789566040039063 -0.0616073608398437 0.0275115966796875
0.116249084472656 -0.0705032348632813 -0.0784988403320312 0.02423095703125
0.156021118164062 -0.0436248779296875 -0.0358619689941406 0.0310592651367187
0.163345336914063 -0.0216827392578125 -0.035400390625 -0.178543090820313
0.0792617797851563 -0.047119140625 0.0380096435546875 -0.106269836425781
0.051483154296875 -0.0472908020019531 0.096588134765625 -0.0793533325195312
0.0147743225097656 -0.0505905151367188 0.101608276367188 -0.114501953125
-0.000476837158203125 -0.0401611328125 0.0762481689453125 -0.123344421386719
-0.0331993103027344 -0.0378227233886719 0.041351318359375 -0.136085510253906
-0.055511474609375 -0.0383186340332031 0.0172271728515625 -0.124427795410156
-0.0587043762207031 -0.0410614013671875 0.019134521484375 -0.0839614868164062
-0.0779266357421875 -0.0515594482421875 0.029571533203125 -0.0516815185546875
-0.0637054443359375 -0.0799179077148438 0.0262985229492187 -0.00387191772460938
-0.0193862915039063 -0.115219116210937 0.00952911376953125 0.0257759094238281
0.0326156616210938 -0.120704650878906 -0.021575927734375 0.024322509765625
0.112480163574219 -0.078765869140625 -0.0286216735839844 0.0208396911621094
0.14434814453125 -0.057464599609375 -0.0255546569824219 0.00893020629882811
0.175872802734375 -0.0184783935546875 0.0306568145751953 0.0267200469970703
0.164657592773438 0.0232391357421875 0.029083251953125 -0.170394897460938
0.111351013183594 -0.0029754638671875 0.09381103515625 -0.101936340332031
0.10418701171875 -0.024017333984375 0.130607604980469 -0.0810546875
0.06829833984375 -0.0564651489257813 0.122840881347656 -0.120025634765625
0.0394248962402344 -0.0579376220703125 0.0844955444335938 -0.119400024414063
-0.00376892089843749 -0.0709762573242188 0.0506210327148437 -0.12628173828125
-0.0333175659179687 -0.0746231079101563 0.0338973999023438 -0.107986450195313
-0.0367279052734375 -0.071014404296875 0.0377845764160156 -0.0671348571777344
-0.0553741455078125 -0.0811538696289062 0.0538101196289063 -0.0384635925292969
-0.0408477783203125 -0.0950469970703125 0.0467491149902344 0.00784683227539062
0.003570556640625 -0.118598937988281 0.0265102386474609 0.0338726043701172
0.0498886108398438 -0.117881774902344 -0.00466728210449218 0.0244827270507812
0.124130249023438 -0.0647125244140625 -0.00342082977294921 0.0124807357788086
0.14971923828125 -0.0343475341796875 0.0221481323242188 -0.00834846496582031
0.170166015625 0.0111846923828125 0.0944061279296875 0.0277481079101562
0.140213012695312 0.0616073608398437 0.0865936279296875 -0.14697265625
0.121360778808594 0.0387725830078125 0.142440795898438 -0.0879058837890625
0.136543273925781 0.00341796875 0.153396606445313 -0.075958251953125
0.107246398925781 -0.0526580810546875 0.131599426269531 -0.111663818359375
0.071136474609375 -0.0654678344726563 0.083251953125 -0.10015869140625
0.0250015258789062 -0.0910415649414063 0.0540237426757813 -0.09942626953125
-0.00689697265625001 -0.098388671875 0.0451736450195313 -0.0769271850585938
-0.00917053222656251 -0.0901260375976563 0.0504493713378906 -0.0402870178222656
-0.0226516723632812 -0.100433349609375 0.0690803527832031 -0.01617431640625
-0.00728607177734376 -0.0981216430664063 0.0574188232421875 0.0238494873046875
0.0342330932617188 -0.105339050292969 0.0346565246582031 0.0422630310058594
0.0688018798828125 -0.0952301025390625 0.00612258911132813 0.0246906280517578
0.124107360839844 -0.0331192016601563 0.0122556686401367 0.00481414794921875
0.136810302734375 0.00312042236328125 0.0598106384277344 -0.0195846557617188
0.140869140625 0.04583740234375 0.148681640625 0.0361785888671875
0.0941314697265625 0.08526611328125 0.127456665039063 -0.11572265625
0.103271484375 0.0683135986328125 0.176177978515625 -0.0704803466796875
0.134292602539063 0.02923583984375 0.15966796875 -0.068634033203125
0.119194030761719 -0.0354766845703125 0.125350952148438 -0.0945053100585938
0.0858840942382813 -0.0548629760742188 0.0723419189453125 -0.0717697143554688
0.049224853515625 -0.0904693603515625 0.051605224609375 -0.0616378784179688
0.0210418701171875 -0.103553771972656 0.0515365600585938 -0.0370140075683594
0.0203933715820313 -0.095733642578125 0.0564537048339844 -0.00766372680664063
0.0135498046875 -0.106636047363281 0.0717086791992188 0.0125350952148437
0.0301742553710938 -0.0916900634765625 0.0537452697753906 0.0421829223632812
0.0662460327148437 -0.0810470581054688 0.0297050476074219 0.0525627136230469
0.0883712768554688 -0.0598678588867188 0.00734519958496094 0.0285453796386719
0.116836547851562 0.0103988647460937 0.0185356140136719 0.00367546081542969
0.110183715820312 0.04986572265625 0.0835647583007813 -0.0174789428710938
0.0942001342773438 0.07952880859375 0.184524536132813 0.05609130859375
0.0308914184570313 0.0932846069335938 0.14385986328125 -0.0855560302734375
0.0594482421875 0.08251953125 0.185043334960937 -0.05364990234375
0.0963592529296875 0.048858642578125 0.147979736328125 -0.060699462890625
0.0995254516601563 -0.0062713623046875 0.106422424316406 -0.07281494140625
0.080596923828125 -0.0261383056640625 0.0555267333984375 -0.0437736511230469
0.0660362243652344 -0.0670166015625 0.0436820983886719 -0.0235214233398438
0.0480422973632812 -0.0904159545898438 0.0506782531738281 0.00286865234374999
0.0462875366210938 -0.0866165161132812 0.0527458190917969 0.0255165100097656
0.0469741821289062 -0.0991897583007813 0.0620460510253906 0.0455436706542969
0.0602645874023437 -0.0769805908203125 0.0368499755859375 0.0641746520996094
0.0889205932617188 -0.0510635375976562 0.0134468078613281 0.0652618408203125
0.0991744995117188 -0.0231552124023438 0.000614166259765633 0.0375099182128906
0.100616455078125 0.0526885986328125 0.0149507522583008 0.0147800445556641
0.0733871459960938 0.09259033203125 0.0916748046875 0.00256347656250001
0.0364532470703125 0.105705261230469 0.19744873046875 0.0859527587890625
-0.0369796752929688 0.0875778198242188 0.130706787109375 -0.0599746704101562
0.000709533691406244 0.0824356079101563 0.167510986328125 -0.0408782958984375
0.0365333557128906 0.0642585754394531 0.122344970703125 -0.0526657104492187
0.0591697692871094 0.0305366516113281 0.08294677734375 -0.053314208984375
0.0614242553710938 0.0155563354492188 0.0363540649414063 -0.0241203308105469
0.0759429931640625 -0.0272140502929688 0.0308914184570313 0.00470924377441406
0.0698089599609375 -0.0615386962890625 0.0405693054199219 0.0350608825683594
0.0651016235351563 -0.0652503967285156 0.0407257080078125 0.0549240112304687
0.0700149536132813 -0.0789642333984375 0.0436172485351563 0.0775985717773438
0.0759201049804688 -0.056182861328125 0.0130691528320313 0.0879440307617188
0.0937728881835937 -0.0244293212890625 -0.00756835937499999 0.081756591796875
0.094757080078125 0.00514984130859375 -0.0134239196777344 0.0538864135742187
0.0761489868164063 0.077606201171875 -6.86645507812424E-05 0.0357666015625
0.031097412109375 0.117103576660156 0.0813140869140625 0.0359268188476563
-0.0235137939453125 0.114669799804688 0.18511962890625 0.121688842773438
0.0822677612304688 -0.112625122070313 -0.171417236328125 -0.129135131835938
-0.027557373046875 -0.102691650390625 -0.0727920532226563 -0.06121826171875
-0.0657196044921875 -0.065185546875 0.0242385864257812 -0.0482521057128906
-0.0815887451171875 -0.0162429809570312 0.0443191528320312 -0.0777053833007813
-0.0686721801757812 0.0115394592285156 0.0360260009765625 -0.104179382324219
-0.067230224609375 0.0468597412109375 -0.00167846679687499 -0.117408752441406
-0.0635757446289063 0.0544891357421875 -0.0353851318359375 -0.109504699707031
-0.0644302368164062 0.0444602966308594 -0.034912109375 -0.0803146362304688
-0.0765304565429688 0.0433807373046875 -0.032470703125 -0.0502128601074219
-0.0766220092773438 0.00249481201171875 -0.0228710174560547 -0.0161209106445312
-0.0646095275878906 -0.0391349792480469 -0.0319614410400391 0.0148277282714844
-0.0353851318359375 -0.0630683898925781 -0.0619430541992187 0.0320587158203125
0.0154953002929688 -0.082244873046875 -0.0952072143554688 0.03790283203125
0.0489120483398438 -0.0935821533203125 -0.129348754882813 0.0483551025390625
0.099365234375 -0.0859298706054688 -0.094390869140625 0.048797607421875
0.128959655761719 -0.0830764770507813 -0.124862670898437 -0.16357421875
0.0205230712890625 -0.086029052734375 -0.0325088500976562 -0.0934524536132813
-0.0165367126464844 -0.0609512329101563 0.0523223876953125 -0.0730743408203125
-0.0429191589355469 -0.0302085876464844 0.0663070678710937 -0.104438781738281
-0.0390701293945312 -0.00942993164062499 0.052001953125 -0.121383666992188
-0.0537948608398438 0.0105552673339844 0.0148773193359375 -0.136505126953125
-0.0638351440429688 0.0127792358398438 -0.016876220703125 -0.128608703613281
-0.0668449401855469 0.00567245483398437 -0.0154571533203125 -0.092498779296875
-0.0840911865234375 -0.000335693359374988 -0.00951385498046875 -0.0613365173339844
-0.0780029296875 -0.0390167236328125 -0.00322151184082032 -0.0196037292480469
-0.0486373901367187 -0.0826950073242188 -0.0134572982788086 0.0128898620605469
-0.00412750244140624 -0.101058959960938 -0.0421905517578125 0.0231056213378906
0.0687789916992188 -0.090972900390625 -0.0592498779296875 0.026885986328125
0.103584289550781 -0.088287353515625 -0.0806350708007813 0.0276565551757813
0.149734497070313 -0.0670166015625 -0.0393524169921875 0.0302810668945312
0.161041259765625 -0.0398712158203125 -0.06390380859375 -0.1820068359375
0.070892333984375 -0.0530624389648438 0.01953125 -0.110450744628906
0.044586181640625 -0.0490646362304687 0.0871429443359375 -0.0878829956054688
0.00918197631835938 -0.0459671020507813 0.0900955200195312 -0.124404907226563
-0.000768661499023434 -0.0348415374755859 0.0644149780273437 -0.131790161132813
-0.0310955047607422 -0.0310783386230469 0.0275115966796875 -0.144058227539063
-0.0548439025878906 -0.0326194763183594 0.000740051269531257 -0.131195068359375
-0.05877685546875 -0.0344085693359375 0.00524139404296875 -0.090606689453125
-0.0794448852539063 -0.0419158935546875 0.0172500610351563 -0.0603866577148438
-0.0699691772460938 -0.0711669921875 0.0192527770996094 -0.0136260986328125
-0.0315170288085937 -0.11041259765625 0.00511550903320312 0.0177497863769531
0.0177078247070313 -0.123741149902344 -0.0241718292236328 0.0190792083740234
0.1026611328125 -0.0926055908203125 -0.0284767150878906 0.0152397155761719
0.137077331542969 -0.0769424438476563 -0.029510498046875 0.00463104248046875
0.176025390625 -0.04180908203125 0.0263442993164063 0.0173969268798828
0.170394897460938 0.0082855224609375 0.0022125244140625 -0.180084228515625
0.1116943359375 -0.0118865966796875 0.0758819580078125 -0.113143920898437
0.104644775390625 -0.0319595336914063 0.119491577148438 -0.093536376953125
0.0637016296386719 -0.0606803894042969 0.109382629394531 -0.1324462890625
0.0380935668945312 -0.0598526000976563 0.0718612670898438 -0.128585815429688
-0.0064544677734375 -0.0707168579101563 0.03619384765625 -0.134696960449219
-0.0386962890625 -0.0733413696289063 0.0165481567382812 -0.115943908691406
-0.0413360595703125 -0.0684013366699219 0.0247879028320312 -0.074310302734375
-0.062835693359375 -0.0766067504882813 0.0415878295898437 -0.04852294921875
-0.0497589111328125 -0.0915603637695313 0.039276123046875 -0.00288772583007813
-0.00829315185546874 -0.119544982910156 0.0217475891113281 0.0245742797851562
0.0380477905273437 -0.124488830566406 -0.00882244110107422 0.017155647277832
0.119247436523437 -0.0792999267578125 -0.00556659698486327 0.00280904769897461
0.149398803710938 -0.0516204833984375 0.0168895721435547 -0.0188350677490234
0.176071166992188 -0.0078277587890625 0.0910568237304688 0.0109100341796875
0.153793334960938 0.0506591796875 0.0643768310546875 -0.163314819335938
0.130722045898438 0.0299301147460938 0.1279296875 -0.104927062988281
0.144073486328125 -0.00921630859375 0.143096923828125 -0.091339111328125
0.106353759765625 -0.0645065307617187 0.118644714355469 -0.124778747558594
0.0689620971679688 -0.0743179321289063 0.0717926025390625 -0.108718872070312
0.0186614990234375 -0.0967025756835938 0.0416641235351563 -0.107513427734375
-0.01727294921875 -0.101844787597656 0.03125 -0.0853424072265625
-0.0183792114257812 -0.0931243896484375 0.0399360656738281 -0.0473976135253906
-0.0345840454101563 -0.102043151855469 0.0585556030273438 -0.0263786315917969
-0.0176773071289062 -0.100830078125 0.0502128601074219 0.0131034851074219
0.02410888671875 -0.112762451171875 0.0291423797607422 0.0328330993652344
0.06085205078125 -0.106910705566406 0.000321388244628911 0.0162010192871094
0.127410888671875 -0.0475921630859375 0.00910568237304688 -0.00634002685546875
0.143722534179688 -0.0102081298828125 0.0531120300292969 -0.0345878601074219
0.15374755859375 0.0323944091796875 0.148239135742188 0.0137176513671875
0.111915588378906 0.0816650390625 0.111732482910156 -0.135452270507813
0.118461608886719 0.0622100830078125 0.165420532226563 -0.0914154052734375
0.148162841796875 0.016021728515625 0.150314331054688 -0.0845947265625
0.122047424316406 -0.05145263671875 0.113182067871094 -0.1065673828125
0.0847549438476563 -0.0683135986328125 0.064056396484375 -0.0783920288085938
0.040313720703125 -0.102180480957031 0.0428581237792969 -0.0686149597167969
0.00720977783203126 -0.112655639648437 0.0431900024414063 -0.0443077087402344
0.00756835937500001 -0.10369873046875 0.0501823425292969 -0.0141944885253906
-0.00070190429687499 -0.113922119140625 0.0655288696289062 0.00374221801757812
0.0188446044921875 -0.0998458862304688 0.0481338500976562 0.0345344543457031
0.0587387084960938 -0.0943450927734375 0.0255813598632813 0.04522705078125
0.085693359375 -0.0758819580078125 0.00251579284667969 0.0211029052734375
0.127044677734375 -0.0022430419921875 0.0152206420898438 -0.00676250457763672
0.125236511230469 0.0403060913085937 0.0797653198242188 -0.034332275390625
0.111846923828125 0.074859619140625 0.188705444335937 0.0305633544921875
0.0506439208984375 0.0971450805664062 0.134727478027344 -0.10504150390625
0.0776443481445313 0.08111572265625 0.1785888671875 -0.07501220703125
0.113677978515625 0.0400466918945313 0.140022277832031 -0.0754547119140625
0.106681823730469 -0.0219650268554688 0.0970458984375 -0.0823822021484375
0.08258056640625 -0.04107666015625 0.0505905151367188 -0.04656982421875
0.0576553344726562 -0.0820846557617187 0.0397224426269531 -0.0275497436523438
0.0333633422851563 -0.102737426757813 0.0480804443359375 -0.00251388549804688
0.0329513549804687 -0.0980224609375 0.0517654418945313 0.0213088989257812
0.0304107666015625 -0.111221313476563 0.0603408813476563 0.0392265319824219
0.0487213134765625 -0.089813232421875 0.0344810485839844 0.0602073669433594
0.0841064453125 -0.0688552856445313 0.0117340087890625 0.0614089965820312
0.1009521484375 -0.0412521362304688 -0.00275611877441406 0.0319976806640625
0.116966247558594 0.0409164428710938 0.0138759613037109 0.00591754913330078
0.0945816040039063 0.0885467529296875 0.0921554565429688 -0.0130767822265625
0.0572280883789063 0.108680725097656 0.20709228515625 0.0620574951171875
-0.0194778442382813 0.0994338989257812 0.127677917480469 -0.0753326416015625
0.0186996459960937 0.0887069702148437 0.165267944335938 -0.0588226318359375
0.0550422668457031 0.0617790222167969 0.11578369140625 -0.06402587890625
0.0692520141601563 0.0188865661621094 0.075592041015625 -0.0582809448242188
0.06732177734375 0.00262451171875 0.0344638824462891 -0.0234050750732422
0.0708084106445313 -0.0440826416015625 0.0323410034179688 0.00440025329589843
0.0578155517578125 -0.0765533447265625 0.0439987182617188 0.0327568054199219
0.05291748046875 -0.0781173706054688 0.0449562072753906 0.0533790588378906
0.0538253784179688 -0.0937881469726563 0.0474395751953125 0.0751419067382813
0.0651702880859375 -0.071502685546875 0.0141143798828125 0.0880584716796875
0.0914993286132813 -0.0438385009765625 -0.00636291503906249 0.0809097290039062
0.0993804931640625 -0.0130538940429687 -0.0133323669433594 0.050445556640625
0.0947799682617188 0.0679168701171875 0.00299835205078126 0.0307598114013672
0.054473876953125 0.116912841796875 0.0873031616210938 0.0239486694335938
-0.00286865234375 0.124046325683594 0.200973510742187 0.102462768554688
0.0635223388671875 -0.12188720703125 -0.183837890625 -0.113052368164063
-0.04339599609375 -0.0952835083007812 -0.07916259765625 -0.0503692626953125
-0.0759201049804688 -0.05340576171875 0.0207328796386719 -0.0462608337402344
-0.0822372436523438 -0.00074005126953126 0.04132080078125 -0.0776214599609375
-0.06329345703125 0.0229988098144531 0.0307846069335937 -0.105003356933594
-0.0550765991210938 0.0559806823730469 -0.0066070556640625 -0.117385864257813
-0.0504035949707031 0.0607643127441406 -0.0427093505859375 -0.108734130859375
-0.0533866882324219 0.0509834289550781 -0.0418853759765625 -0.0795211791992188
-0.0631637573242188 0.0523948669433594 -0.0390892028808594 -0.0497360229492188
-0.0699310302734375 0.0139694213867188 -0.0262775421142578 -0.0190944671630859
-0.0655288696289063 -0.0254936218261719 -0.0330371856689453 0.0122604370117187
-0.0436248779296875 -0.053314208984375 -0.0595207214355469 0.0317726135253906
7.62939453125383E-06 -0.0819854736328125 -0.0903167724609375 0.0403976440429687
0.0313262939453125 -0.0997772216796875 -0.125740051269531 0.0563583374023438
0.0842971801757813 -0.0990982055664063 -0.0931625366210938 0.0543441772460937
0.114143371582031 -0.0947799682617188 -0.14385986328125 -0.152114868164063
0.00713348388671875 -0.0823822021484375 -0.044891357421875 -0.0860137939453125
-0.025115966796875 -0.0527763366699219 0.0450439453125 -0.072784423828125
-0.0443611145019531 -0.0182647705078125 0.0584945678710937 -0.105583190917969
-0.0350799560546875 -0.00046157836914063 0.0435333251953125 -0.12335205078125
-0.0440139770507813 0.0176925659179688 0.00591278076171876 -0.137702941894531
-0.0557098388671875 0.0187530517578125 -0.02880859375 -0.128440856933594
-0.0590400695800781 0.0117950439453125 -0.0259170532226563 -0.092864990234375
-0.0759124755859375 0.00880432128906249 -0.0199241638183594 -0.0627975463867188
-0.0754623413085938 -0.0280685424804687 -0.0100116729736328 -0.0240306854248047
-0.0534744262695312 -0.0712661743164063 -0.0176830291748047 0.00838470458984374
-0.01519775390625 -0.0949478149414062 -0.0430793762207031 0.0203590393066406
0.0538101196289063 -0.095855712890625 -0.0579566955566406 0.0243148803710937
0.0878753662109375 -0.0992965698242188 -0.0810394287109375 0.0300064086914062
0.137680053710938 -0.08404541015625 -0.042694091796875 0.0299415588378906
0.153350830078125 -0.0530548095703125 -0.0872650146484375 -0.175628662109375
0.0621490478515625 -0.054107666015625 0.00344085693359376 -0.10809326171875
0.0387496948242187 -0.0476455688476562 0.07684326171875 -0.0907516479492188
0.00680923461914062 -0.0397529602050781 0.079010009765625 -0.1278076171875
0.00115013122558594 -0.0301685333251953 0.0530319213867187 -0.134376525878906
-0.0265426635742188 -0.0264549255371094 0.0148162841796875 -0.1458740234375
-0.0521316528320313 -0.0281791687011719 -0.0138778686523438 -0.132003784179688
-0.0559959411621094 -0.0293693542480469 -0.007110595703125 -0.0915756225585938
-0.0774612426757813 -0.0341720581054687 0.00428390502929687 -0.0635032653808594
-0.0713424682617187 -0.06231689453125 0.0110569000244141 -0.0196590423583984
-0.0392303466796875 -0.102645874023437 -0.000831604003906252 0.0119352340698242
0.00556182861328126 -0.120765686035156 -0.0276031494140625 0.0146503448486328
0.09063720703125 -0.100730895996094 -0.0306510925292969 0.008636474609375
0.125373840332031 -0.0896530151367188 -0.0345611572265625 0.00147247314453124
0.168853759765625 -0.0587921142578125 0.0195217132568359 0.0104942321777344
0.170578002929688 -0.00518798828125 -0.02239990234375 -0.181137084960938
0.109443664550781 -0.0170135498046875 0.05865478515625 -0.116104125976563
0.10223388671875 -0.0371322631835938 0.108268737792969 -0.0987472534179688
0.0606575012207031 -0.0613021850585938 0.0961532592773438 -0.136856079101563
0.0372543334960938 -0.0602645874023437 0.0596084594726562 -0.131744384765625
-0.00714874267578126 -0.0696601867675781 0.0222854614257813 -0.137046813964844
-0.0417633056640625 -0.0710601806640625 0.00167083740234375 -0.117362976074219
-0.0443611145019531 -0.0665512084960938 0.0119857788085937 -0.07672119140625
-0.0662078857421875 -0.0717697143554688 0.0281791687011719 -0.0524177551269531
-0.0540618896484375 -0.0863876342773437 0.0300388336181641 -0.00953865051269532
-0.0170364379882812 -0.116958618164063 0.0143795013427734 0.0181255340576172
0.0267486572265625 -0.126602172851562 -0.0145473480224609 0.0120391845703125
0.112030029296875 -0.0892181396484375 -0.0103206634521484 -0.00585365295410157
0.143692016601563 -0.0645599365234375 0.00790977478027344 -0.0265293121337891
0.175827026367188 -0.0241241455078125 0.0830764770507813 -0.00237274169921875
0.161544799804688 0.03955078125 0.0422210693359375 -0.169357299804687
0.134849548339844 0.0215225219726562 0.111213684082031 -0.113388061523438
0.146728515625 -0.0200042724609375 0.131103515625 -0.0989151000976563
0.102531433105469 -0.0725936889648438 0.104423522949219 -0.130302429199219
0.0663528442382813 -0.0798568725585938 0.0610275268554688 -0.112396240234375
0.01220703125 -0.0999526977539063 0.02880859375 -0.110061645507813
-0.0258102416992188 -0.101768493652344 0.0187606811523438 -0.0876312255859375
-0.026092529296875 -0.0926132202148438 0.0295829772949219 -0.0499916076660156
-0.04351806640625 -0.09991455078125 0.0463371276855469 -0.0314521789550781
-0.0257492065429687 -0.0997467041015625 0.0404129028320313 0.00709915161132812
0.0146484375 -0.115676879882812 0.0216522216796875 0.0269451141357422
0.0525360107421875 -0.113395690917969 -0.00648212432861328 0.0114250183105469
0.126083374023437 -0.0584564208984375 0.00241184234619141 -0.0156240463256836
0.1461181640625 -0.022796630859375 0.0438995361328125 -0.0457038879394531
0.160064697265625 0.0200347900390625 0.140174865722656 -0.00341796875
0.125144958496094 0.07452392578125 0.0937957763671875 -0.14599609375
0.128669738769531 0.0539779663085938 0.151123046875 -0.104080200195313
0.155532836914063 0.00244140625 0.138175964355469 -0.0935211181640625
0.119911193847656 -0.0644683837890625 0.100883483886719 -0.1116943359375
0.0813674926757812 -0.078582763671875 0.0557327270507813 -0.080535888671875
0.0306015014648438 -0.108390808105469 0.0340576171875 -0.070709228515625
-0.005889892578125 -0.115058898925781 0.0334930419921875 -0.0468292236328125
-0.003814697265625 -0.106056213378906 0.0434989929199219 -0.016143798828125
-0.014617919921875 -0.115608215332031 0.0562400817871094 -0.000675201416015632
0.00731658935546875 -0.103797912597656 0.0407333374023438 0.0295982360839844
0.04931640625 -0.102836608886719 0.0188026428222656 0.0408172607421875
0.0800552368164063 -0.0871353149414063 -0.00430107116699218 0.0160064697265625
0.131950378417969 -0.0146255493164063 0.00951194763183595 -0.0151395797729492
0.134666442871094 0.0298538208007813 0.0711212158203125 -0.0472793579101563
0.124343872070312 0.0669403076171875 0.182998657226563 0.01092529296875
0.0672149658203125 0.0954132080078125 0.121910095214844 -0.117286682128906
0.0923080444335938 0.0758514404296875 0.167816162109375 -0.0894775390625
0.125465393066406 0.0278778076171875 0.129226684570313 -0.0838088989257813
0.108139038085938 -0.0362701416015625 0.0867385864257812 -0.0852432250976562
0.0806045532226562 -0.0529632568359375 0.0456886291503906 -0.0475006103515625
0.0466842651367188 -0.0920944213867188 0.035888671875 -0.0295219421386719
0.018402099609375 -0.108840942382813 0.0446052551269531 -0.00511550903320313
0.0190887451171875 -0.10321044921875 0.0491523742675781 0.0195732116699219
0.013916015625 -0.115875244140625 0.0561904907226562 0.0359840393066406
0.0359878540039062 -0.0973968505859375 0.0302276611328125 0.0577850341796875
0.0750503540039063 -0.081787109375 0.00791168212890626 0.0586280822753906
0.0975265502929688 -0.0558853149414063 -0.00796699523925781 0.0282325744628906
0.126617431640625 0.0280075073242188 0.0105552673339844 -0.00154018402099609
0.110267639160156 0.0793914794921875 0.0878677368164063 -0.0263290405273437
0.0750885009765625 0.105537414550781 0.206451416015625 0.04144287109375
-0.00154876708984376 0.10382080078125 0.121002197265625 -0.0867691040039063
0.03564453125 0.0884552001953125 0.158599853515625 -0.071319580078125
0.0700340270996094 0.054473876953125 0.107131958007813 -0.0698471069335938
0.0749893188476563 0.00589752197265625 0.0692634582519531 -0.0591278076171875
0.0680427551269531 -0.0101432800292969 0.0338363647460938 -0.0211353302001953
0.0614089965820313 -0.0559120178222656 0.0331859588623047 0.00441741943359375
0.0431671142578125 -0.0851593017578125 0.0464248657226563 0.0306587219238281
0.0390625 -0.0846786499023438 0.047393798828125 0.0518417358398437
0.0373764038085937 -0.0999908447265625 0.0483627319335937 0.0728759765625
0.0519180297851563 -0.0807723999023438 0.0144805908203125 0.0871734619140625
0.0830001831054688 -0.057952880859375 -0.00680541992187499 0.079498291015625
0.0970077514648438 -0.0295791625976563 -0.0152854919433594 0.0476417541503906
0.106857299804688 0.0548858642578125 0.00339698791503907 0.0245170593261719
0.073944091796875 0.109970092773438 0.089019775390625 0.011566162109375
0.0174331665039063 0.125572204589844 0.206008911132812 0.0834197998046875
0.047149658203125 -0.124740600585938 -0.190567016601563 -0.100418090820313
-0.0536575317382813 -0.0868988037109375 -0.0825271606445313 -0.0409469604492188
-0.0820846557617188 -0.0419158935546875 0.0196533203125 -0.0433197021484375
-0.0802536010742187 0.0111770629882812 0.041290283203125 -0.0762939453125
-0.05712890625 0.0311164855957031 0.029144287109375 -0.104820251464844
-0.0428886413574219 0.05950927734375 -0.00869750976562501 -0.117767333984375
-0.0393104553222656 0.0623588562011719 -0.0472793579101563 -0.107933044433594
-0.0435256958007813 0.0534172058105469 -0.0469131469726563 -0.079071044921875
-0.0523033142089844 0.0554122924804687 -0.0432853698730469 -0.0485153198242188
-0.0623893737792969 0.0207862854003906 -0.0298290252685547 -0.0215415954589844
-0.0628433227539063 -0.0153617858886719 -0.0345191955566406 0.00926589965820313
-0.0487060546875 -0.044464111328125 -0.0584220886230469 0.0295562744140625
-0.0124359130859375 -0.0789566040039063 -0.0875625610351563 0.039642333984375
0.016357421875 -0.100776672363281 -0.122802734375 0.0595550537109375
0.0699005126953125 -0.106246948242187 -0.0924148559570313 0.057586669921875
0.1016845703125 -0.100120544433594 -0.155563354492187 -0.141403198242188
-0.00202941894531251 -0.0762939453125 -0.052886962890625 -0.0788345336914063
-0.0306472778320312 -0.0448570251464844 0.040557861328125 -0.0712738037109375
-0.0424385070800781 -0.00796508789062501 0.0543060302734375 -0.104972839355469
-0.0292873382568359 0.00551605224609375 0.0383834838867187 -0.123435974121094
-0.0348987579345703 0.0207843780517578 0.000160217285156252 -0.137939453125
-0.0471534729003906 0.0210494995117188 -0.0366058349609375 -0.127449035644531
-0.0518341064453125 0.0143890380859375 -0.0337677001953125 -0.0920333862304687
-0.068023681640625 0.0128326416015625 -0.028106689453125 -0.0620307922363281
-0.0704345703125 -0.0207748413085938 -0.0162620544433594 -0.0270519256591797
-0.0539093017578125 -0.0624542236328125 -0.02203369140625 0.00535774230957031
-0.0219039916992187 -0.0885086059570312 -0.0454521179199219 0.0171928405761719
0.0427932739257813 -0.096038818359375 -0.0585975646972656 0.0205154418945312
0.0746002197265625 -0.103553771972656 -0.0831222534179688 0.030364990234375
0.126396179199219 -0.0936355590820313 -0.046051025390625 0.0298805236816406
0.144912719726563 -0.060546875 -0.102935791015625 -0.169143676757813
0.0563011169433594 -0.0522003173828125 -0.00791168212890625 -0.103507995605469
0.0350112915039063 -0.0438308715820313 0.0697097778320313 -0.0903778076171875
0.0071563720703125 -0.0336627960205078 0.0711212158203125 -0.127487182617188
0.004425048828125 -0.0269813537597656 0.0463714599609375 -0.134620666503906
-0.0213623046875 -0.024688720703125 0.00682067871093749 -0.145767211914063
-0.0481948852539062 -0.026031494140625 -0.0247039794921875 -0.130538940429688
-0.0523834228515625 -0.0267181396484375 -0.0163650512695313 -0.0908966064453125
-0.0736312866210938 -0.0300140380859375 -0.00605010986328125 -0.0633811950683594
-0.0695533752441406 -0.0566329956054687 0.00233268737792968 -0.0230598449707031
-0.0419540405273437 -0.0964431762695313 -0.00742053985595703 0.00821542739868163
-0.00150299072265624 -0.116950988769531 -0.0328407287597656 0.0113697052001953
0.0811386108398438 -0.103668212890625 -0.0343875885009766 0.00323677062988281
0.11541748046875 -0.0960845947265625 -0.0399246215820312 -0.00161361694335938
0.16143798828125 -0.07025146484375 0.0125255584716797 0.00644683837890625
0.168441772460938 -0.013580322265625 -0.04058837890625 -0.177322387695313
0.107704162597656 -0.0194091796875 0.0447540283203125 -0.114692687988281
0.100624084472656 -0.03955078125 0.0992431640625 -0.0998458862304688
0.0590095520019531 -0.0608291625976563 0.08673095703125 -0.137687683105469
0.0380210876464844 -0.0607986450195313 0.0511474609375 -0.131500244140625
-0.00696182250976562 -0.0693244934082031 0.01263427734375 -0.136802673339844
-0.0435676574707031 -0.0693702697753906 -0.00997161865234376 -0.116340637207031
-0.0447235107421875 -0.0648307800292969 0.00282287597656249 -0.075958251953125
-0.0674018859863281 -0.0679092407226563 0.0169410705566406 -0.0536766052246094
-0.055999755859375 -0.08251953125 0.0202312469482422 -0.0124320983886719
-0.022369384765625 -0.11370849609375 0.00588703155517578 0.0147438049316406
0.0198974609375 -0.125823974609375 -0.0219459533691406 0.00831985473632811
0.106437683105469 -0.094451904296875 -0.0174236297607422 -0.0125017166137695
0.138450622558594 -0.073150634765625 -0.000259399414062494 -0.0320758819580078
0.173721313476563 -0.034027099609375 0.0744094848632813 -0.00963592529296875
0.165618896484375 0.031097412109375 0.0240936279296875 -0.170013427734375
0.137916564941406 0.01580810546875 0.0971603393554688 -0.115531921386719
0.148101806640625 -0.02752685546875 0.121368408203125 -0.101295471191406
0.0999298095703125 -0.0773544311523438 0.0943603515625 -0.131507873535156
0.0643386840820313 -0.0838775634765625 0.0541534423828125 -0.111579895019531
0.00786590576171876 -0.101333618164063 0.0194549560546875 -0.109687805175781
-0.0326919555664063 -0.101417541503906 0.00835418701171874 -0.08612060546875
-0.031036376953125 -0.0925827026367188 0.0215950012207031 -0.049285888671875
-0.0495452880859375 -0.098052978515625 0.0361709594726563 -0.0319061279296875
-0.0311279296875 -0.0987091064453125 0.0315933227539063 0.00480461120605468
0.00807952880859375 -0.116615295410156 0.0132884979248047 0.0248126983642578
0.0463714599609375 -0.117027282714844 -0.0148162841796875 0.0083322525024414
0.124412536621094 -0.06585693359375 -0.00523948669433593 -0.0221271514892578
0.145858764648437 -0.0313873291015625 0.0335655212402344 -0.0529289245605469
0.16339111328125 0.0111846923828125 0.131050109863281 -0.0142288208007812
0.134628295898437 0.067718505859375 0.0778045654296875 -0.150100708007813
0.1363525390625 0.0468902587890625 0.138618469238281 -0.109169006347656
0.160064697265625 -0.00762939453125 0.128890991210938 -0.0967178344726562
0.117752075195313 -0.0731964111328125 0.0915145874023438 -0.111930847167969
0.0785675048828125 -0.0853195190429688 0.0503311157226563 -0.0797348022460938
0.0227203369140625 -0.111846923828125 0.0271835327148438 -0.070648193359375
-0.0156936645507813 -0.11553955078125 0.0264091491699219 -0.046875
-0.0123519897460938 -0.106948852539063 0.0374069213867188 -0.0156593322753906
-0.0248489379882812 -0.114456176757813 0.0484428405761719 -0.00165557861328126
-0.000953674316406258 -0.105125427246094 0.0332202911376953 0.0291309356689453
0.0417022705078125 -0.107452392578125 0.0119781494140625 0.0395164489746094
0.0746383666992188 -0.0942611694335938 -0.0124149322509766 0.0134639739990234
0.134880065917969 -0.024749755859375 0.00221633911132813 -0.0218353271484375
0.141433715820313 0.0204010009765625 0.0625724792480469 -0.05572509765625
0.1328125 0.060028076171875 0.175689697265625 -0.0024261474609375
0.0799407958984375 0.09222412109375 0.110481262207031 -0.123008728027344
0.103546142578125 0.070098876953125 0.15869140625 -0.0966339111328125
0.134025573730469 0.0174789428710938 0.120521545410156 -0.0864715576171875
0.107742309570312 -0.047210693359375 0.0801544189453125 -0.0849990844726563
0.0774154663085938 -0.06201171875 0.0429801940917969 -0.04559326171875
0.0379714965820313 -0.097564697265625 0.0325660705566406 -0.0296669006347656
0.00633239746093751 -0.110931396484375 0.0413093566894531 -0.00542449951171876
0.00858306884765625 -0.105033874511719 0.0465240478515625 0.0191841125488281
0.000999450683593761 -0.116546630859375 0.0513534545898438 0.0352249145507812
0.0255813598632813 -0.100784301757812 0.0256614685058594 0.0583572387695313
0.0668258666992188 -0.0897598266601563 0.00249481201171875 0.0577278137207031
0.0931549072265625 -0.0663833618164063 -0.0140247344970703 0.0250434875488281
0.13275146484375 0.0165328979492188 0.00579500198364259 -0.00768756866455078
0.121757507324219 0.0701904296875 0.081634521484375 -0.0356521606445312
0.0879058837890625 0.100975036621094 0.202133178710938 0.028411865234375
0.013153076171875 0.103935241699219 0.115028381347656 -0.09228515625
0.0486984252929688 0.0850982666015625 0.1534423828125 -0.0789794921875
0.08001708984375 0.0457687377929687 0.100753784179688 -0.0709991455078125
0.0774459838867188 -0.0053253173828125 0.0655593872070313 -0.0569725036621094
0.0669784545898438 -0.0197906494140625 0.0337963104248047 -0.0186233520507813
0.0530738830566406 -0.0631561279296875 0.0341072082519531 0.00432205200195312
0.0304641723632813 -0.0884552001953125 0.0476493835449219 0.0298080444335937
0.02752685546875 -0.0875473022460938 0.0484580993652344 0.0517387390136719
0.0233917236328125 -0.102249145507813 0.0477142333984375 0.0718154907226563
0.0406341552734375 -0.0848236083984375 0.0129241943359375 0.0886917114257813
0.0740432739257813 -0.0674362182617188 -0.00854492187499999 0.0790557861328125
0.093017578125 -0.0411758422851562 -0.0183448791503906 0.0454597473144531
0.114845275878906 0.0432281494140625 0.00185966491699219 0.0193367004394531
0.0871047973632813 0.102210998535156 0.087066650390625 0.00223541259765626
0.032379150390625 0.12451171875 0.20751953125 0.0704193115234375
0.03497314453125 -0.12646484375 -0.197677612304688 -0.0927581787109375
-0.0614013671875 -0.0793838500976562 -0.0846023559570312 -0.0341949462890625
-0.0869827270507812 -0.0331649780273438 0.0199241638183594 -0.0417709350585938
-0.0776138305664063 0.0210418701171875 0.04290771484375 -0.0761566162109375
-0.051513671875 0.0369987487792969 0.0296630859375 -0.106010437011719
-0.0338134765625 0.0616035461425781 -0.00866699218750001 -0.120025634765625
-0.0307807922363281 0.0634574890136719 -0.0500259399414063 -0.109855651855469
-0.0362091064453125 0.0541610717773438 -0.0505447387695313 -0.0801239013671875
-0.0427627563476563 0.056884765625 -0.0474815368652344 -0.0492172241210938
-0.055206298828125 0.0255928039550781 -0.0333728790283203 -0.0237960815429687
-0.0604171752929688 -0.00858306884765625 -0.037811279296875 0.00697708129882813
-0.0514144897460937 -0.0369224548339844 -0.0600204467773438 0.0275535583496094
-0.0216064453125 -0.0761184692382813 -0.088043212890625 0.0375900268554688
0.00452423095703125 -0.100440979003906 -0.122825622558594 0.061920166015625
0.0592575073242188 -0.111907958984375 -0.093353271484375 0.05938720703125
0.093170166015625 -0.103500366210938 -0.166641235351562 -0.135177612304688
-0.00811004638671876 -0.0708465576171875 -0.0588912963867187 -0.0732192993164063
-0.03350830078125 -0.0377044677734375 0.0386619567871094 -0.0695304870605469
-0.0397911071777344 -0.000679016113281243 0.0533599853515625 -0.105270385742188
-0.0238895416259766 0.0092010498046875 0.0364227294921875 -0.1241455078125
-0.0275516510009766 0.0219192504882813 -0.00251007080078125 -0.139877319335938
-0.0410728454589844 0.0212020874023438 -0.0428314208984375 -0.128448486328125
-0.0465736389160156 0.0148468017578125 -0.040435791015625 -0.0926132202148438
-0.0615196228027344 0.0140190124511719 -0.034515380859375 -0.062347412109375
-0.0660552978515625 -0.0176124572753906 -0.0220260620117187 -0.0290870666503906
-0.0531272888183594 -0.0568580627441406 -0.0276908874511719 0.00311470031738281
-0.02557373046875 -0.0831756591796875 -0.0495262145996094 0.0150489807128906
0.0348052978515625 -0.0957489013671875 -0.0616798400878906 0.0169906616210938
0.0651931762695312 -0.106002807617188 -0.0869064331054688 0.0306243896484375
0.118316650390625 -0.100433349609375 -0.050506591796875 0.0295867919921875
0.141006469726563 -0.0650634765625 -0.116531372070313 -0.164581298828125
0.0529251098632813 -0.0493431091308594 -0.0164642333984375 -0.099151611328125
0.0338973999023438 -0.0404243469238281 0.06634521484375 -0.0893936157226563
0.00887489318847656 -0.0290603637695312 0.0680084228515625 -0.128158569335938
0.00892066955566406 -0.0251674652099609 0.0428466796875 -0.135604858398438
-0.0163116455078125 -0.0248146057128906 0.00172424316406249 -0.147171020507813
-0.0452117919921875 -0.0257911682128906 -0.0325775146484375 -0.130935668945313
-0.0495262145996094 -0.0271797180175781 -0.0237045288085938 -0.090728759765625
-0.0704116821289063 -0.029022216796875 -0.0140762329101563 -0.0631179809570313
-0.0676307678222656 -0.0540504455566406 -0.00493431091308594 -0.0243434906005859
-0.042755126953125 -0.093048095703125 -0.0140657424926758 0.00687122344970703
-0.00518035888671875 -0.114990234375 -0.0389213562011719 0.00859069824218749
0.0763397216796875 -0.105659484863281 -0.04010009765625 -0.00252532958984375
0.108657836914062 -0.100334167480469 -0.0466232299804688 -0.00368499755859375
0.15789794921875 -0.07745361328125 0.00624275207519532 0.003570556640625
0.169448852539063 -0.019256591796875 -0.0550994873046875 -0.175430297851563
0.107551574707031 -0.0202102661132813 0.035186767578125 -0.112892150878906
0.102027893066406 -0.0401153564453125 0.0950241088867187 -0.0996856689453125
0.0603218078613281 -0.0601081848144531 0.082305908203125 -0.138168334960938
0.0413284301757812 -0.0622596740722656 0.0474777221679687 -0.132339477539062
-0.0055084228515625 -0.070556640625 0.00594329833984376 -0.137847900390625
-0.0444717407226563 -0.0699081420898438 -0.0178375244140625 -0.115501403808594
-0.0453033447265625 -0.0657615661621094 -0.00446319580078125 -0.0752105712890625
-0.06793212890625 -0.0683326721191406 0.00841903686523437 -0.0523948669433594
-0.0574493408203125 -0.0811691284179688 0.0120058059692383 -0.0125064849853516
-0.024383544921875 -0.113059997558594 -0.00153255462646485 0.0141754150390625
0.0157394409179687 -0.126731872558594 -0.029510498046875 0.00644683837890624
0.104545593261719 -0.098846435546875 -0.0243415832519531 -0.0180511474609375
0.135818481445313 -0.0785064697265625 -0.00881576538085937 -0.0359992980957031
0.17437744140625 -0.041229248046875 0.0667190551757813 -0.014923095703125
0.170867919921875 0.0261993408203125 0.0107574462890625 -0.170516967773437
0.141845703125 0.013092041015625 0.0882492065429688 -0.116493225097656
0.151580810546875 -0.032928466796875 0.116058349609375 -0.101943969726562
0.100395202636719 -0.0808486938476563 0.0896530151367188 -0.131988525390625
0.0652694702148438 -0.0887603759765625 0.0503692626953125 -0.111824035644531
0.00545501708984374 -0.104393005371094 0.01348876953125 -0.109725952148438
-0.03765869140625 -0.102470397949219 0.000541687011718743 -0.084808349609375
-0.0341110229492188 -0.0941009521484375 0.0161018371582031 -0.0482177734375
-0.0542678833007813 -0.0979385375976562 0.0284080505371094 -0.03082275390625
-0.0347137451171875 -0.099456787109375 0.0234394073486328 0.00553703308105468
0.00431060791015626 -0.118927001953125 0.0058135986328125 0.0251922607421875
0.0433197021484375 -0.120765686035156 -0.0227870941162109 0.00701141357421874
0.125679016113281 -0.0722808837890625 -0.0137920379638672 -0.0276107788085938
0.149093627929688 -0.03753662109375 0.0249061584472656 -0.0588760375976563
0.168746948242188 0.005645751953125 0.124656677246094 -0.0208969116210938
0.143508911132813 0.0635223388671875 0.06787109375 -0.15252685546875
0.143478393554688 0.043060302734375 0.130912780761719 -0.112373352050781
0.16668701171875 -0.0164337158203125 0.124343872070313 -0.097625732421875
0.117691040039062 -0.0814590454101562 0.0871124267578125 -0.111946105957031
0.0774993896484375 -0.0926742553710938 0.0478973388671875 -0.0797653198242188
0.0170745849609375 -0.116630554199219 0.02252197265625 -0.0702552795410156
-0.0239791870117188 -0.117164611816406 0.0212211608886719 -0.0456695556640625
-0.01837158203125 -0.108512878417969 0.0334434509277344 -0.0139236450195313
-0.0323333740234375 -0.115531921386719 0.0424728393554688 0.000183105468749993
-0.00687408447265626 -0.106803894042969 0.0264644622802734 0.0311050415039062
0.0366363525390625 -0.112327575683594 0.00538253784179688 0.0404548645019531
0.0718307495117188 -0.101020812988281 -0.0200157165527344 0.0128440856933594
0.139305114746094 -0.0322723388671875 -0.00436401367187499 -0.0267105102539063
0.148712158203125 0.0137176513671875 0.0547256469726563 -0.0622062683105469
0.142593383789063 0.0559234619140625 0.170913696289063 -0.0094146728515625
0.0915451049804688 0.0897903442382813 0.103652954101563 -0.127128601074219
0.113456726074219 0.0663070678710938 0.153366088867188 -0.101974487304688
0.142257690429688 0.008056640625 0.116325378417969 -0.0876007080078125
0.107986450195313 -0.0565185546875 0.0771636962890625 -0.0836029052734375
0.0766983032226563 -0.0702285766601562 0.0430030822753906 -0.0443077087402344
0.0305404663085937 -0.103302001953125 0.0312385559082031 -0.0287418365478516
-0.0038604736328125 -0.112922668457031 0.0394210815429688 -0.00514602661132813
3.81469726562396E-05 -0.107009887695312 0.0453948974609375 0.0209579467773437
-0.00830078124999999 -0.117515563964844 0.0483169555664063 0.0367202758789062
0.0177459716796875 -0.102745056152344 0.0211524963378906 0.060760498046875
0.0605392456054687 -0.0963211059570313 -0.00244522094726562 0.0594673156738281
0.0900802612304688 -0.0745773315429688 -0.0201358795166016 0.0251579284667969
0.139427185058594 0.00769805908203125 0.000500679016113291 -0.0120906829833984
0.131385803222656 0.0634536743164063 0.077056884765625 -0.0423355102539062
0.100166320800781 0.0983352661132813 0.200912475585937 0.0201873779296875
0.0254135131835937 0.10382080078125 0.112434387207031 -0.0966873168945313
0.060150146484375 0.0826873779296875 0.151275634765625 -0.0837860107421875
0.0892868041992187 0.03790283203125 0.097747802734375 -0.0712966918945313
0.0789642333984375 -0.014678955078125 0.0648002624511719 -0.0551033020019531
0.0664176940917969 -0.0277824401855469 0.036224365234375 -0.0157585144042969
0.045440673828125 -0.0692939758300781 0.0356178283691406 0.00510025024414062
0.020111083984375 -0.0906600952148438 0.049835205078125 0.030303955078125
0.0186767578125 -0.0893936157226563 0.049957275390625 0.0527229309082031
0.0126571655273437 -0.102378845214844 0.0474472045898438 0.0741119384765625
0.0313720703125 -0.0876693725585938 0.0107269287109375 0.0915908813476562
0.0674514770507813 -0.0746536254882813 -0.0121078491210937 0.08111572265625
0.0896224975585938 -0.0496597290039063 -0.0228691101074219 0.0452194213867187
0.121131896972656 0.0340347290039062 -0.000339508056640619 0.0152082443237305
0.0990371704101563 0.0955047607421875 0.085784912109375 -0.00433349609374999
0.0451812744140625 0.123023986816406 0.209976196289063 0.063385009765625
0.0238418579101563 -0.129318237304688 -0.207305908203125 -0.0861053466796875
-0.0696640014648438 -0.0739288330078125 -0.0875778198242188 -0.0281906127929688
-0.0920639038085938 -0.0239486694335938 0.0212287902832031 -0.0409317016601563
-0.0752334594726563 0.0302963256835937 0.0449905395507812 -0.0792999267578125
-0.0468063354492188 0.0426063537597656 0.0298843383789062 -0.110176086425781
-0.0258750915527344 0.06341552734375 -0.00970458984375001 -0.125709533691406
-0.0234107971191406 0.0642433166503906 -0.0549697875976562 -0.113594055175781
-0.0298042297363281 0.05548095703125 -0.0563201904296875 -0.0823822021484375
-0.0351829528808594 0.0583877563476562 -0.0523262023925781 -0.049957275390625
-0.0501556396484375 0.0289878845214844 -0.03826904296875 -0.0258140563964844
-0.0575752258300781 -0.00259399414062499 -0.0417518615722656 0.00600433349609375
-0.0541915893554687 -0.0297622680664063 -0.0635528564453125 0.0270156860351562
-0.0305252075195313 -0.0725784301757813 -0.09088134765625 0.0373764038085937
-0.00658416748046876 -0.100868225097656 -0.125595092773438 0.0658721923828125
0.0492782592773438 -0.118064880371094 -0.0961532592773438 0.0629959106445312
0.0857315063476563 -0.107521057128906 -0.18017578125 -0.129974365234375
-0.0130157470703125 -0.0668983459472656 -0.0646743774414063 -0.0683212280273438
-0.0367927551269531 -0.0311508178710938 0.0379257202148438 -0.0700111389160156
-0.0372047424316406 0.00652313232421874 0.0528488159179688 -0.108474731445313
-0.0193214416503906 0.0132217407226563 0.0351333618164062 -0.128318786621094
-0.0208797454833984 0.0225715637207031 -0.00648498535156251 -0.144485473632813
-0.0359458923339844 0.0213470458984375 -0.0504379272460937 -0.131362915039063
-0.0421562194824219 0.0151176452636719 -0.047515869140625 -0.094146728515625
-0.0571212768554688 0.0149765014648438 -0.0415153503417969 -0.0626716613769531
-0.063140869140625 -0.0153007507324219 -0.0285530090332031 -0.0303554534912109
-0.052459716796875 -0.0534782409667969 -0.0335292816162109 0.00242996215820313
-0.0289688110351563 -0.0803375244140625 -0.055511474609375 0.01422119140625
0.0283126831054688 -0.096466064453125 -0.0674285888671875 0.0143318176269531
0.0573196411132813 -0.109336853027344 -0.0919647216796875 0.0320892333984375
0.112579345703125 -0.108978271484375 -0.0559005737304688 0.0304946899414062
0.139495849609375 -0.0702362060546875 -0.131866455078125 -0.161468505859375
0.0517044067382813 -0.0479927062988281 -0.0244598388671875 -0.0963973999023438
0.0338668823242188 -0.0377731323242188 0.064788818359375 -0.0906295776367188
0.0118808746337891 -0.0256500244140625 0.0665206909179688 -0.131507873535156
0.0130767822265625 -0.0249042510986328 0.0399169921875 -0.13909912109375
-0.0129127502441406 -0.0258579254150391 -0.004180908203125 -0.150894165039063
-0.0441207885742188 -0.0265617370605469 -0.0410537719726563 -0.132682800292969
-0.0488052368164063 -0.0286140441894531 -0.0312347412109375 -0.0917739868164063
-0.07025146484375 -0.0292091369628906 -0.0217094421386719 -0.0629920959472656
-0.0675125122070313 -0.0531768798828125 -0.0120201110839844 -0.0250511169433594
-0.0443649291992188 -0.0926284790039062 -0.0205879211425781 0.00669479370117187
-0.008880615234375 -0.115165710449219 -0.0464935302734375 0.00830078124999999
0.072296142578125 -0.109855651855469 -0.0479164123535156 -0.00609970092773439
0.104728698730469 -0.106803894042969 -0.0542030334472656 -0.00474929809570313
0.15631103515625 -0.0863037109375 0.000187277793884287 0.00203096866607666
0.172500610351562 -0.0250244140625 -0.0693817138671875 -0.174911499023438
0.110504150390625 -0.0209732055664062 0.0271682739257813 -0.112068176269531
0.105400085449219 -0.042694091796875 0.0932998657226563 -0.101020812988281
0.0623779296875 -0.0619583129882813 0.079315185546875 -0.141586303710938
0.04315185546875 -0.0656280517578125 0.0444107055664062 -0.135978698730469
-0.00511932373046875 -0.0735321044921875 -9.91821289062368E-05 -0.140296936035156
-0.0470657348632813 -0.0716094970703125 -0.0264968872070313 -0.115951538085938
-0.0474472045898438 -0.0677070617675781 -0.0106582641601563 -0.0748214721679688
-0.0712356567382812 -0.0684356689453125 0.00108718872070312 -0.0517082214355469
-0.0595169067382813 -0.0819320678710937 0.00500869750976562 -0.0120077133178711
-0.0272674560546875 -0.11541748046875 -0.0087881088256836 0.0154333114624023
0.0121917724609375 -0.130607604980469 -0.0381927490234375 0.0064697265625
0.104537963867188 -0.105484008789063 -0.0338249206542969 -0.0224266052246094
0.136566162109375 -0.0859603881835938 -0.017791748046875 -0.0398063659667969
0.178146362304688 -0.0495452880859375 0.0612907409667969 -0.0197029113769531
0.17938232421875 0.021209716796875 -0.00193786621093749 -0.173065185546875
0.148452758789063 0.0095367431640625 0.0809478759765625 -0.118423461914063
0.158218383789063 -0.0400848388671875 0.114273071289063 -0.104690551757813
0.101669311523438 -0.0873947143554688 0.0864410400390625 -0.135093688964844
0.0670013427734375 -0.0950469970703125 0.0475311279296875 -0.114715576171875
0.00239562988281251 -0.109146118164063 0.00752258300781249 -0.112106323242188
-0.0439910888671875 -0.104774475097656 -0.00618743896484375 -0.0846939086914063
-0.039703369140625 -0.0971755981445313 0.0110740661621094 -0.04669189453125
-0.0601577758789063 -0.099273681640625 0.0223045349121094 -0.0293617248535156
-0.0397415161132812 -0.101783752441406 0.0176143646240234 0.00793838500976562
0.000541687011718758 -0.123664855957031 -0.00113296508789062 0.0277900695800781
0.0396804809570312 -0.127227783203125 -0.0311946868896484 0.00750923156738281
0.129119873046875 -0.0810623168945312 -0.0228118896484375 -0.0327510833740234
0.153839111328125 -0.0460968017578125 0.0161857604980469 -0.0642814636230469
0.177108764648438 -0.001007080078125 0.120445251464844 -0.0274429321289063
0.154953002929687 0.05889892578125 0.058013916015625 -0.157623291015625
0.153350830078125 0.0381317138671875 0.125511169433594 -0.117080688476563
0.175216674804688 -0.025848388671875 0.12255859375 -0.100662231445313
0.119026184082031 -0.0905227661132813 0.0850448608398438 -0.114402770996094
0.0772705078125 -0.102066040039063 0.0467147827148438 -0.0817031860351563
0.011077880859375 -0.122413635253906 0.0183029174804688 -0.0714111328125
-0.032745361328125 -0.120025634765625 0.0171241760253906 -0.0446052551269531
-0.0258407592773437 -0.111991882324219 0.0314903259277344 -0.0130176544189453
-0.0408935546875 -0.117042541503906 0.03826904296875 0.00252151489257812
-0.0130691528320312 -0.109817504882812 0.0217704772949219 0.03497314453125
0.0318603515625 -0.118644714355469 -0.000835418701171876 0.0442581176757812
0.0691757202148438 -0.109214782714844 -0.0278949737548828 0.0138034820556641
0.145767211914063 -0.0423583984375 -0.0133380889892578 -0.0312328338623047
0.157684326171875 0.0054931640625 0.0477371215820313 -0.0686531066894531
0.154327392578125 0.051666259765625 0.170425415039063 -0.017730712890625
0.104019165039062 0.0876083374023438 0.0981292724609375 -0.133384704589844
0.124870300292969 0.0618667602539062 0.150238037109375 -0.108230590820313
0.151565551757813 -0.001373291015625 0.115303039550781 -0.0903549194335938
0.109344482421875 -0.0673141479492188 0.0761566162109375 -0.0850296020507813
0.0756149291992187 -0.08038330078125 0.0442543029785156 -0.044647216796875
0.0227279663085938 -0.109115600585938 0.0298728942871094 -0.0288753509521484
-0.01373291015625 -0.116119384765625 0.0383567810058594 -0.00391387939453126
-0.00870513916015626 -0.109970092773438 0.0459518432617188 0.0226020812988281
-0.0183181762695312 -0.119392395019531 0.0470046997070313 0.0400772094726562
0.0105438232421875 -0.106758117675781 0.01806640625 0.0665206909179688
0.05499267578125 -0.10333251953125 -0.00707626342773437 0.06353759765625
0.0879974365234375 -0.0841598510742188 -0.0267829895019531 0.0268154144287109
0.14788818359375 -0.00286865234375 -0.00544357299804687 -0.0159673690795898
0.143707275390625 0.055999755859375 0.0732650756835938 -0.0499267578125
0.1134033203125 0.096771240234375 0.204269409179688 0.01251220703125
0.0368194580078125 0.103958129882813 0.111358642578125 -0.103286743164063
0.0719985961914062 0.0801849365234375 0.151611328125 -0.0911712646484375
0.0988235473632813 0.0301742553710938 0.09747314453125 -0.0725555419921875
0.0805740356445313 -0.0238037109375 0.066558837890625 -0.0544357299804688
0.0654487609863281 -0.0363731384277344 0.0397377014160156 -0.0148162841796875
0.0386199951171875 -0.0748138427734375 0.037994384765625 0.0055694580078125
0.0109786987304688 -0.0932769775390625 0.0524444580078125 0.0304031372070312
0.0102081298828125 -0.0918197631835937 0.0537757873535156 0.0552482604980469
0.00321197509765625 -0.104255676269531 0.048980712890625 0.0773849487304688
0.0234146118164062 -0.0908279418945313 0.0105133056640625 0.097991943359375
0.06121826171875 -0.0812530517578125 -0.0146636962890625 0.0859451293945312
0.0874786376953125 -0.05963134765625 -0.0276107788085937 0.0463676452636719
0.129096984863281 0.0244293212890625 -0.00337219238281249 0.0124597549438477
0.110893249511719 0.0898513793945313 0.0866241455078125 -0.0112075805664062
0.05816650390625 0.123100280761719 0.217575073242188 0.0561370849609375
0.0106201171875 -0.132164001464844 -0.220748901367188 -0.0755462646484376
-0.0775604248046875 -0.0660324096679688 -0.0913314819335938 -0.0207366943359375
-0.0965728759765625 -0.01214599609375 0.0220298767089844 -0.0415573120117188
-0.0720443725585938 0.0404891967773438 0.0458602905273437 -0.0841751098632813
-0.0411758422851563 0.0486488342285156 0.0284347534179688 -0.115249633789062
-0.0177078247070313 0.0658035278320313 -0.013519287109375 -0.132499694824219
-0.0152091979980469 0.0651741027832031 -0.0634384155273438 -0.116714477539062
-0.022705078125 0.0568351745605469 -0.064117431640625 -0.083404541015625
-0.0274772644042969 0.0590972900390625 -0.05908203125 -0.0494346618652344
-0.0445976257324219 0.0323333740234375 -0.0440902709960937 -0.026519775390625
-0.0553016662597656 0.00370788574218751 -0.0467720031738281 0.00615692138671874
-0.056396484375 -0.0231285095214844 -0.0676498413085938 0.0287055969238281
-0.0397872924804688 -0.0681838989257813 -0.0947036743164063 0.04010009765625
-0.0183334350585937 -0.099578857421875 -0.12799072265625 0.0735015869140625
0.0370864868164063 -0.124595642089844 -0.0992050170898438 0.0688858032226562
0.0777664184570313 -0.113227844238281 -0.197341918945313 -0.121368408203125
-0.0183448791503906 -0.0626411437988281 -0.0722122192382813 -0.062164306640625
-0.0387725830078125 -0.0236434936523438 0.0369415283203125 -0.0720367431640625
-0.0334682464599609 0.0132827758789063 0.05157470703125 -0.113334655761719
-0.0133476257324219 0.0156068801879883 0.03216552734375 -0.133438110351562
-0.0141773223876953 0.0221347808837891 -0.0125732421875 -0.150787353515625
-0.0316753387451172 0.0215225219726563 -0.06072998046875 -0.134101867675781
-0.0390548706054688 0.0150260925292969 -0.0570220947265625 -0.095306396484375
-0.0539436340332031 0.0154304504394531 -0.0498199462890625 -0.0620155334472656
-0.0608749389648438 -0.0130348205566406 -0.0355033874511719 -0.0306930541992188
-0.0535087585449219 -0.0500984191894531 -0.0398712158203125 0.00313949584960937
-0.0336151123046875 -0.0770187377929687 -0.0616836547851562 0.01544189453125
0.0212860107421875 -0.0975494384765625 -0.0742568969726563 0.0140609741210938
0.0475845336914063 -0.113624572753906 -0.09796142578125 0.0370330810546875
0.105087280273438 -0.118675231933594 -0.0608978271484375 0.0337715148925781
0.137527465820313 -0.077789306640625 -0.150833129882813 -0.155975341796875
0.0504341125488281 -0.0475120544433594 -0.0342025756835937 -0.0928955078125
0.0344696044921875 -0.0361824035644531 0.0624847412109375 -0.0937652587890625
0.0148563385009766 -0.0235385894775391 0.06268310546875 -0.137039184570312
0.0174083709716797 -0.0262794494628906 0.0353546142578125 -0.144805908203125
-0.00930595397949219 -0.0284824371337891 -0.012847900390625 -0.156173706054688
-0.04443359375 -0.0275993347167969 -0.0525741577148438 -0.133857727050781
-0.0492477416992187 -0.0297203063964844 -0.0401687622070313 -0.092376708984375
-0.0708541870117188 -0.0291519165039063 -0.0309410095214844 -0.0620651245117188
-0.0694236755371094 -0.0522308349609375 -0.0194187164306641 -0.0249519348144531
-0.0482864379882813 -0.092071533203125 -0.0276870727539063 0.00886154174804688
-0.0145721435546875 -0.116363525390625 -0.0545654296875 0.00979995727539062
0.0679244995117187 -0.116264343261719 -0.0574531555175781 -0.00788879394531252
0.0991973876953125 -0.114349365234375 -0.0630912780761719 -0.0040435791015625
0.15411376953125 -0.0981903076171875 -0.00647020339965819 0.000864028930664056
0.178146362304688 -0.0335540771484375 -0.088287353515625 -0.173583984375
0.114448547363281 -0.0243682861328125 0.0169754028320313 -0.111236572265625
0.108711242675781 -0.0483474731445313 0.0904693603515625 -0.105682373046875
0.0643997192382813 -0.0652542114257813 0.074554443359375 -0.147979736328125
0.0458221435546875 -0.0714111328125 0.0390167236328125 -0.141525268554688
-0.00603485107421875 -0.077880859375 -0.00932312011718751 -0.1441650390625
-0.0518875122070313 -0.0728912353515625 -0.0364456176757812 -0.116157531738281
-0.0524444580078125 -0.0699462890625 -0.0182876586914063 -0.0744857788085938
-0.0761947631835938 -0.0687332153320312 -0.00701522827148438 -0.0502471923828125
-0.0642318725585938 -0.0824203491210938 -0.00176620483398438 -0.0106143951416016
-0.0334930419921875 -0.117790222167969 -0.0147285461425781 0.018218994140625
0.00607299804687501 -0.135498046875 -0.0463294982910156 0.00848007202148438
0.102592468261719 -0.115745544433594 -0.0448760986328125 -0.0250778198242187
0.134910583496094 -0.0960769653320313 -0.0282096862792969 -0.0417633056640625
0.182403564453125 -0.061614990234375 0.0556907653808594 -0.0243988037109375
0.18963623046875 0.0115814208984375 -0.0183563232421875 -0.175308227539063
0.156402587890625 0.00311279296875 0.0723342895507813 -0.121414184570313
0.164276123046875 -0.0509185791015625 0.112236022949219 -0.110061645507813
0.10223388671875 -0.095947265625 0.0820159912109375 -0.140884399414063
0.0659027099609375 -0.104995727539063 0.0432281494140625 -0.119132995605469
-0.00272369384765624 -0.114860534667969 -0.000259399414062502 -0.114059448242188
-0.0522384643554688 -0.106216430664063 -0.0143966674804688 -0.0838775634765625
-0.0472640991210937 -0.0994873046875 0.0063934326171875 -0.0462722778320313
-0.0690689086914062 -0.100181579589844 0.0172348022460937 -0.0273513793945313
-0.04620361328125 -0.103469848632813 0.0124788284301758 0.0110454559326172
-0.00629425048828126 -0.128860473632812 -0.00619888305664062 0.0319328308105469
0.0341033935546875 -0.134422302246094 -0.0403480529785156 0.0109138488769531
0.131355285644531 -0.0933074951171875 -0.0340824127197265 -0.0348243713378906
0.15802001953125 -0.057952880859375 0.00519180297851563 -0.0690841674804688
0.186538696289063 -0.0117340087890625 0.116600036621094 -0.035980224609375
0.16839599609375 0.0519561767578125 0.045806884765625 -0.162612915039063
0.165206909179688 0.0306243896484375 0.11895751953125 -0.124015808105469
0.183563232421875 -0.04010009765625 0.120903015136719 -0.106239318847656
0.118431091308594 -0.102714538574219 0.0819244384765625 -0.119361877441406
0.0747299194335938 -0.113700866699219 0.0449752807617188 -0.0847930908203125
0.00279235839843749 -0.128486633300781 0.013336181640625 -0.07269287109375
-0.04443359375 -0.121711730957031 0.0125694274902344 -0.0435943603515625
-0.03558349609375 -0.114921569824219 0.0299587249755859 -0.0117721557617188
-0.0516891479492188 -0.118133544921875 0.0361976623535156 0.00531005859374999
-0.0218658447265625 -0.113136291503906 0.0191802978515625 0.0401039123535156
0.0247726440429688 -0.126068115234375 -0.00452423095703125 0.0495529174804687
0.064605712890625 -0.1195068359375 -0.0359344482421875 0.0174369812011719
0.151687622070313 -0.0560760498046875 -0.02294921875 -0.0342617034912109
0.166122436523438 -0.0060272216796875 0.0387115478515625 -0.07598876953125
0.16766357421875 0.04351806640625 0.169845581054688 -0.028533935546875
0.119178771972656 0.0834121704101563 0.0903854370117188 -0.140548706054688
0.1373291015625 0.0548553466796875 0.146713256835938 -0.117706298828125
0.161468505859375 -0.015380859375 0.114555358886719 -0.0949172973632813
0.1087646484375 -0.0806198120117187 0.0756683349609375 -0.0882339477539063
0.072479248046875 -0.0918960571289063 0.0446815490722656 -0.0467910766601563
0.0131149291992188 -0.115570068359375 0.0287361145019531 -0.0298042297363281
-0.0258865356445313 -0.117546081542969 0.0383834838867188 -0.00397109985351563
-0.0191574096679688 -0.112709045410156 0.0483894348144531 0.0241813659667969
-0.0304031372070313 -0.120330810546875 0.0482063293457031 0.0430793762207031
0.000671386718749994 -0.11016845703125 0.0176315307617187 0.0730209350585938
0.0480117797851562 -0.111640930175781 -0.00918579101562499 0.0704116821289063
0.0840606689453125 -0.0948867797851563 -0.0326747894287109 0.0300083160400391
0.154922485351563 -0.01617431640625 -0.0123634338378906 -0.0188236236572266
0.15576171875 0.045166015625 0.0682868957519531 -0.0582160949707031
0.129081726074219 0.0913543701171875 0.208831787109375 0.00103759765625001
0.050201416015625 0.103439331054687 0.108963012695313 -0.110984802246094
0.08447265625 0.0758743286132813 0.150650024414063 -0.101882934570313
0.108604431152344 0.0193710327148438 0.0977401733398438 -0.07574462890625
0.080902099609375 -0.0349349975585937 0.0684738159179688 -0.0563507080078125
0.0634651184082031 -0.046417236328125 0.0434150695800781 -0.0162239074707031
0.0297164916992187 -0.080535888671875 0.0405731201171875 0.00471878051757812
-0.000549316406249995 -0.0953369140625 0.0562820434570312 0.0303726196289062
-0.000122070312499993 -0.09423828125 0.0591697692871094 0.0559730529785156
-0.00821685791015626 -0.105308532714844 0.0537948608398438 0.080596923828125
0.0136795043945312 -0.0933837890625 0.0123748779296875 0.104881286621094
0.0535736083984375 -0.0893630981445313 -0.01580810546875 0.0920333862304688
0.0830230712890625 -0.069427490234375 -0.031341552734375 0.0497817993164062
0.13720703125 0.0115127563476563 -0.00654983520507812 0.00970077514648437
0.124420166015625 0.0808792114257813 0.0861968994140625 -0.0199508666992187
0.0734100341796875 0.121292114257813 0.227554321289063 0.0450439453125
-0.00508117675781251 -0.1324462890625 -0.231796264648438 -0.0576171875000001
-0.0849838256835937 -0.056610107421875 -0.0932159423828125 -0.0108108520507813
-0.0982894897460938 0.00137329101562499 0.0214996337890625 -0.0425567626953125
-0.0654258728027344 0.050506591796875 0.043853759765625 -0.0889892578125
-0.0333175659179688 0.0537185668945313 0.0235977172851563 -0.120780944824219
-0.0074615478515625 0.0648651123046875 -0.0208587646484375 -0.137153625488281
-0.00634384155273437 0.0636177062988281 -0.0738525390625 -0.116973876953125
-0.0156707763671875 0.056671142578125 -0.07305908203125 -0.0815811157226563
-0.0193557739257813 0.0587501525878906 -0.0658721923828125 -0.0465774536132813
-0.0383872985839844 0.0351104736328125 -0.0498123168945312 -0.0257186889648437
-0.0516090393066406 0.00962448120117188 -0.0506515502929688 0.00836563110351564
-0.0570907592773438 -0.0148811340332031 -0.0706863403320312 0.0323257446289063
-0.0488395690917969 -0.06103515625 -0.0970611572265625 0.044769287109375
-0.0316390991210938 -0.0953445434570313 -0.127601623535156 0.08270263671875
0.0216751098632813 -0.128349304199219 -0.0990142822265625 0.0763931274414062
0.0661163330078125 -0.118476867675781 -0.214157104492188 -0.105148315429688
-0.0234336853027344 -0.0572013854980469 -0.0784988403320313 -0.0532760620117188
-0.0396537780761719 -0.0149650573730469 0.0337066650390625 -0.0731964111328125
-0.0282993316650391 0.0201015472412109 0.0463027954101563 -0.118301391601562
-0.00729179382324219 0.0174589157104492 0.0250701904296875 -0.138099670410156
-0.00735282897949219 0.0208969116210938 -0.0225830078125 -0.154708862304688
-0.0266380310058594 0.02117919921875 -0.0732345581054687 -0.13275146484375
-0.035675048828125 0.0152435302734375 -0.0675048828125 -0.0926132202148438
-0.0498695373535156 0.01605224609375 -0.0588264465332031 -0.0588226318359375
-0.0586738586425781 -0.00999069213867188 -0.0431365966796875 -0.0294418334960938
-0.0544776916503906 -0.046478271484375 -0.0445938110351563 0.00611495971679688
-0.0375213623046875 -0.0728378295898438 -0.0668754577636719 0.0194244384765625
0.0121994018554687 -0.0967178344726563 -0.0805816650390625 0.017181396484375
0.0359649658203125 -0.115242004394531 -0.10211181640625 0.0437698364257812
0.0934066772460938 -0.127792358398438 -0.064666748046875 0.0379753112792969
0.132286071777344 -0.0876235961914063 -0.17059326171875 -0.143142700195313
0.0485992431640625 -0.0473594665527344 -0.04345703125 -0.08642578125
0.0347766876220703 -0.0345687866210938 0.0574951171875 -0.096710205078125
0.0175457000732422 -0.0220069885253906 0.054595947265625 -0.142562866210938
0.0209541320800781 -0.0284557342529297 0.026824951171875 -0.149002075195313
-0.00755691528320312 -0.0307464599609375 -0.0240478515625 -0.158462524414063
-0.0440902709960937 -0.0272254943847656 -0.0647506713867188 -0.1312255859375
-0.0499267578125 -0.0292205810546875 -0.0509414672851563 -0.0892181396484375
-0.07232666015625 -0.027252197265625 -0.0398406982421875 -0.0586891174316406
-0.0716323852539063 -0.0490188598632813 -0.0266704559326172 -0.0224761962890625
-0.05340576171875 -0.0897674560546875 -0.0327396392822266 0.0124874114990234
-0.0223617553710938 -0.115310668945313 -0.0612640380859375 0.0144996643066406
0.0594329833984375 -0.121719360351563 -0.0668716430664063 -0.00567626953125001
0.0896072387695313 -0.121696472167969 -0.0712738037109375 0.000267028808593732
0.147720336914063 -0.111282348632813 -0.0125675201416016 0.000946998596191398
0.179275512695313 -0.0462799072265625 -0.10845947265625 -0.164520263671875
0.1160888671875 -0.030548095703125 0.00592803955078125 -0.109031677246094
0.110298156738281 -0.054962158203125 0.0850753784179688 -0.110450744628906
0.0642318725585938 -0.0697860717773438 0.065948486328125 -0.153762817382812
0.0455551147460937 -0.0772628784179687 0.030303955078125 -0.145584106445313
-0.00937652587890626 -0.081268310546875 -0.0209808349609375 -0.14483642578125
-0.0570144653320312 -0.0716552734375 -0.048431396484375 -0.113479614257813
-0.0577468872070312 -0.0695419311523438 -0.026611328125 -0.0719375610351563
-0.0820770263671875 -0.0665512084960937 -0.0146369934082031 -0.0478248596191406
-0.0700225830078125 -0.0804901123046875 -0.00739383697509766 -0.00782012939453126
-0.0410614013671875 -0.118293762207031 -0.0194473266601563 0.0229854583740234
-0.00334930419921874 -0.137802124023438 -0.0540847778320312 0.0140533447265625
0.0962905883789062 -0.12603759765625 -0.0557441711425781 -0.023895263671875
0.129981994628906 -0.107955932617188 -0.0399589538574219 -0.041046142578125
0.181655883789063 -0.0771942138671875 0.0481948852539063 -0.0295257568359375
0.196823120117188 -0.0014801025390625 -0.0374298095703125 -0.171875
0.162841796875 -0.0069122314453125 0.0604934692382812 -0.123046875
0.166702270507812 -0.0648651123046875 0.106887817382813 -0.116378784179688
0.0992584228515625 -0.105796813964844 0.0741729736328125 -0.14715576171875
0.06158447265625 -0.114143371582031 0.0356903076171875 -0.123565673828125
-0.0111160278320313 -0.117843627929688 -0.010101318359375 -0.114158630371094
-0.06182861328125 -0.104766845703125 -0.0230026245117187 -0.0815811157226562
-0.0564346313476563 -0.0996780395507813 0.000995635986328122 -0.0445327758789063
-0.0790786743164062 -0.097747802734375 0.0114994049072266 -0.0246315002441406
-0.054901123046875 -0.102592468261719 0.00889396667480469 0.0148143768310547
-0.0163497924804688 -0.131881713867188 -0.00954437255859376 0.0374221801757812
0.0248947143554688 -0.140548706054688 -0.0471725463867188 0.0162773132324219
0.12835693359375 -0.107208251953125 -0.0460853576660156 -0.0346260070800781
0.158096313476563 -0.0720367431640625 -0.00759887695312499 -0.0710983276367188
0.19207763671875 -0.026611328125 0.110275268554688 -0.0456619262695313
0.180465698242188 0.0389556884765625 0.0299835205078125 -0.164230346679688
0.174163818359375 0.0183258056640625 0.107948303222656 -0.13037109375
0.186843872070313 -0.058563232421875 0.115707397460938 -0.112777709960938
0.113670349121094 -0.1160888671875 0.0758590698242188 -0.124855041503906
0.0679702758789063 -0.125160217285156 0.040252685546875 -0.0879135131835938
-0.00881195068359375 -0.132080078125 0.00708007812499999 -0.0723953247070313
-0.0570526123046875 -0.119232177734375 0.00862503051757813 -0.0421257019042969
-0.04791259765625 -0.114303588867188 0.0288257598876953 -0.0111961364746094
-0.06463623046875 -0.115859985351562 0.0344104766845703 0.00699806213378905
-0.0317306518554688 -0.113243103027344 0.0182609558105469 0.0441703796386719
0.0140304565429687 -0.131752014160156 -0.00645065307617188 0.0555648803710937
0.0557327270507813 -0.128448486328125 -0.0417442321777344 0.0227241516113281
0.152114868164063 -0.072265625 -0.0335102081298828 -0.0346107482910156
0.171859741210938 -0.0214691162109375 0.0269241333007813 -0.0810470581054688
0.17901611328125 0.0304412841796875 0.16619873046875 -0.0415496826171875
0.132728576660156 0.0738372802734375 0.0785369873046875 -0.146392822265625
0.148849487304688 0.0430755615234375 0.13812255859375 -0.127174377441406
0.166259765625 -0.0337982177734375 0.109909057617188 -0.100807189941406
0.103561401367188 -0.0942459106445313 0.0729293823242188 -0.0924758911132813
0.065460205078125 -0.103492736816406 0.0438766479492188 -0.0495529174804688
0.000831604003906248 -0.119224548339844 0.0271148681640625 -0.0296230316162109
-0.0399398803710938 -0.1156005859375 0.0385360717773438 -0.00392532348632813
-0.03131103515625 -0.111930847167969 0.0511360168457031 0.0237159729003906
-0.0438690185546875 -0.118400573730469 0.0507087707519531 0.0452003479003906
-0.0102157592773438 -0.1107177734375 0.0201034545898438 0.0784530639648438
0.0373077392578125 -0.118820190429688 -0.00914764404296876 0.0761947631835937
0.0759658813476563 -0.105247497558594 -0.0370254516601562 0.0351181030273437
0.158157348632813 -0.0334320068359375 -0.020416259765625 -0.0198631286621094
0.16485595703125 0.02996826171875 0.0599212646484375 -0.0658988952636719
0.144058227539063 0.0811767578125 0.210357666015625 -0.0151824951171875
0.06463623046875 0.099090576171875 0.102241516113281 -0.1190185546875
0.0965042114257813 0.0672607421875 0.144668579101563 -0.113479614257812
0.115013122558594 0.00504302978515625 0.0953521728515625 -0.080780029296875
0.0780563354492188 -0.046630859375 0.0687751770019531 -0.0596771240234375
0.0580368041992187 -0.0558815002441406 0.0462799072265625 -0.0185356140136719
0.0193710327148438 -0.084320068359375 0.04296875 0.00308990478515625
-0.0129165649414062 -0.094268798828125 0.0607833862304688 0.028289794921875
-0.0112991333007812 -0.09417724609375 0.0653724670410156 0.055145263671875
-0.02130126953125 -0.102989196777344 0.0599517822265625 0.082763671875
0.00265502929687501 -0.0937423706054688 0.0184173583984375 0.111373901367188
0.0432205200195313 -0.0955581665039063 -0.0129852294921875 0.098724365234375
0.0755462646484375 -0.0799560546875 -0.0332565307617188 0.054595947265625
0.141555786132813 -0.00433349609375 -0.0104570388793945 0.00866794586181641
0.136161804199219 0.0677108764648438 0.0829315185546875 -0.029205322265625
0.0902786254882813 0.114891052246094 0.234832763671875 0.027740478515625
-0.0204238891601563 -0.126594543457031 -0.234786987304687 -0.0379638671875
-0.0878372192382813 -0.0452728271484375 -0.0916290283203125 -0.000709533691406239
-0.0947265625 0.014251708984375 0.020355224609375 -0.0424613952636719
-0.0565986633300781 0.0570716857910156 0.040313720703125 -0.0910263061523438
-0.0249557495117188 0.0555648803710938 0.0183563232421875 -0.122703552246094
0.000972747802734373 0.0615310668945313 -0.0294952392578125 -0.138008117675781
0.00168991088867187 0.0595169067382813 -0.0822830200195313 -0.112518310546875
-0.00854110717773438 0.0539627075195313 -0.080352783203125 -0.0769500732421875
-0.0116767883300781 0.0554428100585938 -0.0705947875976563 -0.042144775390625
-0.0311050415039063 0.0353279113769531 -0.0542640686035156 -0.0232200622558594
-0.0461883544921875 0.014373779296875 -0.0529251098632813 0.0107345581054688
-0.0552444458007813 -0.00649261474609375 -0.0714035034179688 0.0360260009765625
-0.0540504455566406 -0.0513420104980469 -0.096527099609375 0.0495681762695313
-0.0411148071289062 -0.0867919921875 -0.1226806640625 0.0900650024414063
0.00617980957031251 -0.125862121582031 -0.0950469970703125 0.0816268920898437
0.0533447265625 -0.117904663085937 -0.221389770507813 -0.0846710205078125
-0.0269699096679688 -0.0503768920898437 -0.0816268920898438 -0.0423355102539062
-0.0373382568359375 -0.00691604614257813 0.0291976928710938 -0.072967529296875
-0.0213565826416016 0.0243186950683594 0.0395050048828125 -0.11932373046875
-0.00138282775878906 0.0167856216430664 0.01751708984375 -0.13909912109375
-0.00186252593994141 0.0175142288208008 -0.03277587890625 -0.153579711914063
-0.0218372344970703 0.0191326141357422 -0.0833969116210938 -0.126396179199219
-0.0317935943603516 0.0142345428466797 -0.075531005859375 -0.0865478515625
-0.0455741882324219 0.0160102844238281 -0.0651741027832031 -0.0527191162109375
-0.055328369140625 -0.00782394409179688 -0.0482330322265625 -0.0256576538085938
-0.0539970397949219 -0.0414009094238281 -0.0480003356933594 0.00952911376953124
-0.0405807495117188 -0.0669822692871094 -0.0704421997070313 0.023895263671875
0.00371551513671876 -0.0934906005859375 -0.084228515625 0.0214004516601562
0.024383544921875 -0.112014770507812 -0.102386474609375 0.0505218505859375
0.078460693359375 -0.131797790527344 -0.066131591796875 0.0422706604003906
0.123085021972656 -0.0929031372070313 -0.183364868164063 -0.123886108398438
0.0455055236816406 -0.0463447570800781 -0.0503921508789062 -0.0760498046875
0.0357208251953125 -0.0332565307617188 0.0517425537109375 -0.0971527099609375
0.0205879211425781 -0.0210361480712891 0.0457000732421875 -0.1436767578125
0.0228958129882813 -0.0307159423828125 0.0175933837890625 -0.148788452148438
-0.00579643249511719 -0.0332107543945313 -0.0351715087890625 -0.155624389648438
-0.0434799194335938 -0.0265464782714844 -0.0761642456054687 -0.124229431152344
-0.0506744384765625 -0.0284576416015625 -0.0588226318359375 -0.0830230712890625
-0.072662353515625 -0.0244903564453125 -0.046539306640625 -0.0535163879394531
-0.0716400146484375 -0.045867919921875 -0.0323352813720703 -0.0184211730957031
-0.056365966796875 -0.0852279663085938 -0.0365982055664062 0.0164604187011719
-0.0290069580078125 -0.111480712890625 -0.0660362243652344 0.0200691223144531
0.0501327514648438 -0.123100280761719 -0.0740737915039063 -0.00157928466796876
0.078125 -0.124221801757813 -0.0766525268554688 0.00588226318359376
0.136093139648438 -0.120071411132813 -0.0186996459960937 0.00231552124023437
0.174636840820313 -0.056915283203125 -0.12420654296875 -0.14935302734375
0.114845275878906 -0.0353775024414063 -0.00431060791015624 -0.101303100585938
0.108192443847656 -0.0604400634765625 0.0774688720703125 -0.112472534179688
0.0620498657226563 -0.072235107421875 0.0552520751953125 -0.154571533203125
0.04180908203125 -0.08203125 0.0206451416015625 -0.144485473632812
-0.0130233764648438 -0.08233642578125 -0.0320892333984375 -0.1409912109375
-0.0609664916992187 -0.0682144165039063 -0.058013916015625 -0.105949401855469
-0.06158447265625 -0.0672111511230469 -0.0338516235351563 -0.0670585632324219
-0.0864639282226563 -0.0613784790039062 -0.0205268859863281 -0.04254150390625
-0.0737075805664063 -0.0760116577148437 -0.0117979049682617 -0.00357913970947266
-0.0483474731445312 -0.115028381347656 -0.0218524932861328 0.0272560119628906
-0.011505126953125 -0.136268615722656 -0.0587501525878906 0.0200614929199219
0.086883544921875 -0.1319580078125 -0.0661163330078125 -0.01947021484375
0.120185852050781 -0.115325927734375 -0.0497016906738281 -0.036895751953125
0.174728393554688 -0.0888519287109375 0.0394821166992188 -0.0322494506835938
0.197235107421875 -0.0162353515625 -0.0542755126953125 -0.161041259765625
0.16302490234375 -0.0177001953125 0.048004150390625 -0.119697570800781
0.16375732421875 -0.076934814453125 0.0987319946289063 -0.118659973144531
0.0926055908203125 -0.112503051757813 0.0638885498046875 -0.14874267578125
0.0540313720703125 -0.120376586914063 0.0271072387695312 -0.123275756835938
-0.01947021484375 -0.117568969726563 -0.0194473266601562 -0.109886169433594
-0.0698394775390625 -0.0986862182617187 -0.0296630859375 -0.0754776000976562
-0.0638809204101563 -0.0953598022460937 -0.00313949584960938 -0.0413932800292969
-0.0866470336914063 -0.0912094116210937 0.00711822509765625 -0.0216941833496094
-0.0613021850585937 -0.098114013671875 0.00653648376464843 0.0188446044921875
-0.0259628295898438 -0.130767822265625 -0.0106124877929688 0.0420379638671875
0.0145416259765625 -0.14215087890625 -0.05157470703125 0.0223159790039063
0.12066650390625 -0.118080139160156 -0.0566825866699219 -0.0301856994628906
0.15167236328125 -0.0835723876953125 -0.0198326110839844 -0.0685958862304687
0.190475463867188 -0.041595458984375 0.100212097167969 -0.0522842407226563
0.185226440429687 0.0247039794921875 0.01385498046875 -0.159683227539063
0.177093505859375 0.0041046142578125 0.0948562622070313 -0.131088256835938
0.183486938476563 -0.0749969482421875 0.108070373535156 -0.116203308105469
0.103858947753906 -0.125015258789063 0.0670700073242187 -0.126625061035156
0.05706787109375 -0.132026672363281 0.0344696044921875 -0.0888519287109375
-0.0205307006835938 -0.130180358886719 0.000625610351562503 -0.0690155029296875
-0.0674057006835937 -0.11236572265625 0.00439071655273437 -0.0385856628417969
-0.05743408203125 -0.1094970703125 0.0275440216064453 -0.00982856750488282
-0.074432373046875 -0.108665466308594 0.0325660705566406 0.00916671752929687
-0.0407562255859375 -0.109954833984375 0.018798828125 0.0483474731445312
0.00273895263671874 -0.13238525390625 -0.00565719604492187 0.0604515075683594
0.0450668334960938 -0.132652282714844 -0.0457344055175781 0.0286445617675781
0.1463623046875 -0.086700439453125 -0.0435409545898438 -0.0313529968261719
0.170150756835937 -0.0366973876953125 0.01422119140625 -0.0823211669921875
0.183441162109375 0.014404296875 0.157394409179688 -0.05279541015625
0.141983032226563 0.0604705810546875 0.0651397705078125 -0.146560668945313
0.15478515625 0.02899169921875 0.125595092773438 -0.132560729980469
0.164031982421875 -0.0509033203125 0.103431701660156 -0.104278564453125
0.0943984985351563 -0.10443115234375 0.0673828125 -0.0945205688476563
0.0547103881835938 -0.110122680664063 0.0416259765625 -0.0508689880371094
-0.011383056640625 -0.117721557617188 0.023956298828125 -0.0288867950439453
-0.051666259765625 -0.108650207519531 0.0382003784179687 -0.00340652465820313
-0.042266845703125 -0.106964111328125 0.0523681640625 0.0223503112792969
-0.0546875 -0.110992431640625 0.0520401000976563 0.0455284118652344
-0.0203704833984375 -0.107421875 0.0239486694335938 0.0819015502929688
0.0255203247070313 -0.12054443359375 -0.00670623779296874 0.0814437866210937
0.0653533935546875 -0.111747741699219 -0.0392227172851562 0.0401458740234375
0.154983520507812 -0.049652099609375 -0.0278358459472656 -0.0189952850341797
0.167892456054688 0.0138092041015625 0.0487136840820313 -0.0705413818359375
0.15380859375 0.0668487548828125 0.204421997070313 -0.0306549072265625
0.0766220092773437 0.0899505615234375 0.0917510986328125 -0.12261962890625
0.103759765625 0.0550765991210937 0.134811401367187 -0.120094299316406
0.115570068359375 -0.00870513916015625 0.092132568359375 -0.082916259765625
0.071563720703125 -0.055328369140625 0.0668220520019531 -0.0623054504394531
0.0501251220703125 -0.0624618530273438 0.0467796325683594 -0.0209541320800781
0.00841522216796875 -0.0838088989257813 0.0432281494140625 0.00110626220703124
-0.023895263671875 -0.0887298583984375 0.0631561279296875 0.0250968933105469
-0.0215301513671875 -0.0894317626953125 0.0700912475585938 0.0513801574707031
-0.0315933227539062 -0.096649169921875 0.0655059814453125 0.0811538696289062
-0.00788116455078126 -0.0900344848632813 0.0252304077148438 0.113685607910156
0.0318527221679687 -0.0977096557617187 -0.00939178466796875 0.10284423828125
0.0650482177734375 -0.0854721069335938 -0.0329475402832031 0.0576248168945312
0.139259338378906 -0.0200958251953125 -0.014225959777832 0.00787734985351562
0.141281127929688 0.0516357421875 0.0761489868164063 -0.03741455078125
0.102195739746094 0.103096008300781 0.233612060546875 0.00953674316406251
-0.02996826171875 -0.117973327636719 -0.230880737304688 -0.023956298828125
-0.0876998901367188 -0.0356063842773437 -0.0874786376953125 0.00624847412109375
-0.089080810546875 0.0229644775390625 0.0198478698730469 -0.0413627624511719
-0.0478973388671875 0.0606613159179688 0.0379562377929688 -0.0914764404296875
-0.0176467895507812 0.0544090270996094 0.0154800415039062 -0.121925354003906
0.00687026977539063 0.0563011169433594 -0.0337982177734375 -0.13714599609375
0.00684356689453124 0.0540695190429688 -0.0865554809570313 -0.108085632324219
-0.0041656494140625 0.0503387451171875 -0.0831985473632813 -0.0721664428710938
-0.00696945190429687 0.0505447387695313 -0.072601318359375 -0.0382614135742188
-0.025177001953125 0.0333118438720703 -0.0572509765625 -0.021270751953125
-0.0404167175292969 0.0165634155273438 -0.0549278259277344 0.0121192932128906
-0.051727294921875 -0.00140762329101562 -0.071380615234375 0.038055419921875
-0.0556144714355469 -0.0421028137207031 -0.0948944091796875 0.0512466430664062
-0.0461578369140625 -0.0774307250976563 -0.118125915527344 0.0920333862304687
-0.00537109375 -0.119834899902344 -0.0919570922851563 0.0828781127929687
0.0439605712890625 -0.113365173339844 -0.221450805664063 -0.068450927734375
-0.0272712707519531 -0.0429611206054688 -0.08074951171875 -0.0329360961914062
-0.0329189300537109 -0.000583648681640624 0.027099609375 -0.0703048706054688
-0.0146369934082031 0.0263118743896484 0.0353240966796875 -0.117698669433594
0.00366401672363281 0.0154542922973633 0.0135650634765625 -0.136611938476563
0.00213241577148437 0.0131340026855469 -0.038330078125 -0.1505126953125
-0.0181083679199219 0.0158538818359375 -0.0884933471679688 -0.119796752929687
-0.0290679931640625 0.0121383666992187 -0.0797805786132812 -0.0806121826171875
-0.0430412292480469 0.0141067504882812 -0.0682411193847656 -0.0476875305175781
-0.0515327453613281 -0.00727462768554688 -0.0521621704101563 -0.0221481323242187
-0.0511474609375 -0.0379600524902344 -0.0502738952636719 0.0121040344238281
-0.0404510498046875 -0.0614891052246094 -0.0720443725585938 0.0274276733398438
-0.000328063964843755 -0.087493896484375 -0.0857315063476563 0.0246963500976563
0.0167007446289062 -0.106109619140625 -0.102020263671875 0.05438232421875
0.0669708251953125 -0.129478454589844 -0.0671958923339844 0.0439643859863281
0.114364624023437 -0.093292236328125 -0.186737060546875 -0.107330322265625
0.0435562133789063 -0.0431556701660156 -0.0530166625976562 -0.0666847229003906
0.0365142822265625 -0.0307350158691406 0.04730224609375 -0.0941238403320312
0.0239372253417969 -0.0199909210205078 0.0398178100585937 -0.140106201171875
0.0247592926025391 -0.0327091217041016 0.0124359130859375 -0.14508056640625
-0.004791259765625 -0.0356636047363281 -0.04107666015625 -0.149932861328125
-0.0420570373535156 -0.0267982482910156 -0.0811614990234375 -0.116325378417969
-0.0494117736816406 -0.0282669067382812 -0.0625381469726562 -0.0770492553710938
-0.0710525512695313 -0.0235595703125 -0.0510101318359375 -0.0478019714355469
-0.0697479248046875 -0.0432662963867188 -0.0356597900390625 -0.0148200988769531
-0.056671142578125 -0.0817031860351563 -0.0381393432617188 0.0194854736328125
-0.0314712524414062 -0.106948852539063 -0.0685005187988281 0.0240936279296875
0.0428924560546875 -0.120361328125 -0.0789947509765625 0.00273895263671875
0.0691680908203125 -0.121696472167969 -0.0804595947265625 0.0106124877929688
0.125503540039063 -0.12200927734375 -0.0237026214599609 0.00361824035644531
0.167953491210938 -0.0618133544921875 -0.130722045898438 -0.133720397949219
0.112686157226563 -0.037078857421875 -0.00942230224609375 -0.092315673828125
0.106246948242188 -0.0626449584960938 0.0723724365234375 -0.110466003417969
0.0607376098632812 -0.0726394653320313 0.0479278564453125 -0.15179443359375
0.0405349731445313 -0.0841064453125 0.0145645141601563 -0.140510559082031
-0.0147171020507813 -0.0822067260742188 -0.0376739501953125 -0.134552001953125
-0.0614166259765625 -0.0650672912597656 -0.062164306640625 -0.097442626953125
-0.0635337829589844 -0.0647964477539063 -0.0366668701171875 -0.0615768432617188
-0.0869979858398438 -0.0580291748046875 -0.0245437622070313 -0.0381278991699219
-0.0740280151367188 -0.0722122192382812 -0.0149440765380859 -0.000213623046875001
-0.0505218505859375 -0.111007690429688 -0.0232620239257813 0.0312576293945312
-0.0171737670898438 -0.132545471191406 -0.0620155334472656 0.0245285034179688
0.0794830322265625 -0.132301330566406 -0.0726089477539063 -0.01483154296875
0.112335205078125 -0.116371154785156 -0.0565834045410156 -0.0325050354003906
0.16619873046875 -0.0946807861328125 0.0311222076416016 -0.0319156646728516
0.193954467773437 -0.024749755859375 -0.063385009765625 -0.148025512695313
0.160614013671875 -0.0241546630859375 0.0402984619140625 -0.112342834472656
0.158615112304688 -0.083892822265625 0.092926025390625 -0.117027282714844
0.0870742797851562 -0.114334106445312 0.0566864013671875 -0.145675659179687
0.04803466796875 -0.12249755859375 0.0215377807617188 -0.120468139648438
-0.0240020751953125 -0.115165710449219 -0.0245285034179687 -0.103897094726563
-0.0728378295898438 -0.09356689453125 -0.0327301025390625 -0.0686721801757812
-0.068359375 -0.0910186767578125 -0.00542831420898438 -0.0375289916992188
-0.0891036987304688 -0.0850830078125 0.00427532196044922 -0.0173254013061524
-0.0640716552734375 -0.0936965942382812 0.00484848022460937 0.0226898193359375
-0.0310211181640625 -0.127517700195313 -0.0112686157226563 0.0457038879394531
0.00800323486328125 -0.140518188476563 -0.0546951293945313 0.0274124145507812
0.113136291503906 -0.122161865234375 -0.0640068054199219 -0.0250930786132812
0.145309448242188 -0.0889129638671875 -0.0287971496582031 -0.0650520324707031
0.186309814453125 -0.0507049560546875 0.0900955200195313 -0.0547409057617188
0.18511962890625 0.01373291015625 0.003570556640625 -0.150177001953125
0.175704956054688 -0.0050201416015625 0.084991455078125 -0.126457214355469
0.178054809570313 -0.0843353271484375 0.102066040039062 -0.115715026855469
0.09552001953125 -0.1285400390625 0.06072998046875 -0.124374389648438
0.0484466552734375 -0.134040832519531 0.030517578125 -0.08612060546875
-0.0272216796875 -0.126266479492187 -0.00290298461914063 -0.0647048950195313
-0.0723953247070313 -0.10479736328125 0.00260543823242187 -0.0351238250732422
-0.0625534057617187 -0.103813171386719 0.0257511138916016 -0.00839805603027345
-0.07940673828125 -0.101646423339844 0.0311927795410156 0.0115547180175781
-0.045318603515625 -0.103981018066406 0.0190925598144531 0.0515060424804687
-0.00444030761718751 -0.129989624023438 -0.00509262084960938 0.0637550354003906
0.0370254516601563 -0.132827758789063 -0.0480575561523437 0.0332527160644531
0.139366149902344 -0.0940170288085938 -0.0505752563476562 -0.02734375
0.165435791015625 -0.045654296875 0.00423431396484376 -0.0793914794921875
0.182449340820313 0.003936767578125 0.14678955078125 -0.0579071044921875
0.145065307617188 0.0496826171875 0.0561065673828125 -0.141189575195313
0.154571533203125 0.0183868408203125 0.114776611328125 -0.130126953125
0.158935546875 -0.0617218017578125 0.0985260009765625 -0.103691101074219
0.0858306884765625 -0.108444213867188 0.0626678466796875 -0.0935745239257813
0.0459060668945312 -0.112693786621094 0.0396041870117187 -0.0503578186035156
-0.0193710327148438 -0.11328125 0.0221271514892578 -0.0269489288330078
-0.0577011108398437 -0.100372314453125 0.037445068359375 -0.00280380249023438
-0.049102783203125 -0.100868225097656 0.0533370971679688 0.0214920043945312
-0.0604400634765625 -0.103263854980469 0.0524749755859375 0.0459022521972656
-0.0257568359375 -0.101806640625 0.0259780883789062 0.0840911865234375
0.0167236328125 -0.1182861328125 -0.00461578369140625 0.0844879150390625
0.056396484375 -0.112678527832031 -0.0411872863769531 0.0436897277832031
0.148681640625 -0.0592498779296875 -0.033548355102539 -0.0168132781982422
0.165390014648438 0.0021820068359375 0.0400314331054688 -0.0707015991210938
0.156906127929688 0.055267333984375 0.194732666015625 -0.038787841796875
0.0823516845703125 0.0804901123046875 0.0848236083984375 -0.120094299316406
0.106941223144531 0.0455703735351562 0.125473022460938 -0.121078491210938
0.11297607421875 -0.0200347900390625 0.088592529296875 -0.0818557739257813
0.0644035339355469 -0.060272216796875 0.06549072265625 -0.0625419616699219
0.0427589416503906 -0.0654335021972656 0.0470161437988281 -0.0218276977539063
0.000694274902343745 -0.0803146362304688 0.0436630249023437 0.000633239746093745
-0.0304183959960937 -0.0814895629882813 0.0642356872558594 0.0229988098144531
-0.0279769897460938 -0.0829238891601562 0.0718536376953125 0.04779052734375
-0.0379486083984375 -0.089385986328125 0.0677261352539063 0.0791244506835938
-0.0134506225585938 -0.0844192504882813 0.0289077758789063 0.114738464355469
0.0228500366210937 -0.0954666137695312 -0.00643157958984376 0.10400390625
0.0565338134765625 -0.0871810913085938 -0.0337104797363281 0.06024169921875
0.133354187011719 -0.02996826171875 -0.0182666778564453 0.00734519958496093
0.141021728515625 0.0388946533203125 0.0694122314453125 -0.0408134460449219
0.107315063476562 0.0921478271484375 0.226303100585937 -0.00180053710937499
-0.034912109375 -0.110496520996094 -0.2265625 -0.0168914794921875
-0.0857162475585938 -0.0301055908203125 -0.0838470458984375 0.00975799560546874
-0.0835800170898437 0.0276260375976563 0.0202751159667969 -0.0395927429199219
-0.0415229797363281 0.0615501403808594 0.038116455078125 -0.0915679931640625
-0.0131149291992188 0.052978515625 0.015533447265625 -0.122116088867187
0.00992584228515625 0.0515708923339844 -0.0352554321289062 -0.137672424316406
0.00933456420898437 0.0491485595703125 -0.08807373046875 -0.106163024902344
-0.0020599365234375 0.0469284057617188 -0.0851821899414062 -0.07012939453125
-0.00537490844726563 0.0461311340332031 -0.073822021484375 -0.0369949340820313
-0.0221614837646484 0.0298709869384766 -0.0598564147949219 -0.0207061767578125
-0.0363540649414062 0.0161628723144531 -0.056304931640625 0.0123825073242188
-0.0478401184082031 0.00178146362304688 -0.0720748901367188 0.0383071899414063
-0.055206298828125 -0.0362701416015625 -0.0945663452148438 0.050933837890625
-0.0477371215820313 -0.07049560546875 -0.116874694824219 0.091827392578125
-0.0111923217773437 -0.114250183105469 -0.091766357421875 0.0816421508789062
0.0387039184570313 -0.107612609863281 -0.219573974609375 -0.059844970703125
-0.0267448425292969 -0.0378875732421875 -0.07861328125 -0.0272140502929687
-0.028564453125 0.003082275390625 0.0272560119628906 -0.0674476623535156
-0.00896453857421875 0.0274829864501953 0.0346450805664063 -0.115547180175781
0.00791549682617188 0.0138454437255859 0.0133743286132813 -0.135032653808594
0.00473976135253906 0.00899219512939453 -0.0398712158203125 -0.14886474609375
-0.0157604217529297 0.0119657516479492 -0.0904693603515625 -0.115951538085938
-0.0268230438232422 0.0095367431640625 -0.0809860229492188 -0.0770492553710938
-0.0413360595703125 0.0111274719238281 -0.0703048706054688 -0.0452194213867188
-0.0482673645019531 -0.00954055786132812 -0.0549774169921875 -0.0206451416015625
-0.0480232238769531 -0.0373001098632813 -0.0528030395507812 0.01348876953125
-0.0385398864746094 -0.0581474304199219 -0.0737991333007813 0.0288619995117187
-0.00128173828124999 -0.0828018188476563 -0.0884857177734375 0.0251083374023438
0.0139312744140625 -0.100570678710938 -0.102783203125 0.0548782348632813
0.0607070922851562 -0.125900268554688 -0.069366455078125 0.0444297790527344
0.110260009765625 -0.089691162109375 -0.18695068359375 -0.0966949462890625
0.043975830078125 -0.0394287109375 -0.0528526306152344 -0.0586776733398437
0.0390625 -0.0283889770507813 0.0468902587890625 -0.0908660888671875
0.0272941589355469 -0.0191555023193359 0.038299560546875 -0.137466430664063
0.0275192260742188 -0.0346107482910156 0.0118560791015625 -0.142547607421875
-0.002777099609375 -0.0384674072265625 -0.0429229736328125 -0.147186279296875
-0.0407257080078125 -0.0283355712890625 -0.0822677612304687 -0.111831665039063
-0.0491256713867188 -0.0295219421386719 -0.0642471313476563 -0.0733108520507813
-0.0701332092285156 -0.0245132446289062 -0.0529670715332031 -0.0444984436035156
-0.0673103332519531 -0.043670654296875 -0.0388946533203125 -0.0120964050292969
-0.0552597045898437 -0.0800323486328125 -0.0409011840820313 0.0218887329101562
-0.030975341796875 -0.10400390625 -0.0712661743164062 0.0272293090820312
0.0408401489257813 -0.117668151855469 -0.08343505859375 0.00482177734375001
0.0656814575195313 -0.117630004882813 -0.0839385986328125 0.0129776000976563
0.119804382324219 -0.120201110839844 -0.0281352996826172 0.00469779968261718
0.165252685546875 -0.06201171875 -0.132896423339844 -0.123298645019531
0.112052917480469 -0.035675048828125 -0.0114364624023438 -0.0836715698242188
0.106498718261719 -0.0626754760742188 0.0707778930664062 -0.106948852539062
0.061614990234375 -0.0721511840820313 0.0457611083984375 -0.148117065429688
0.0400772094726563 -0.0850753784179688 0.0137557983398437 -0.137458801269531
-0.0147781372070313 -0.0830001831054688 -0.0393829345703125 -0.129493713378906
-0.0609169006347656 -0.0650672912597656 -0.0636444091796875 -0.0930938720703125
-0.0637054443359375 -0.0646018981933594 -0.0381546020507813 -0.0585060119628906
-0.0869979858398438 -0.0568923950195313 -0.0267696380615234 -0.0334568023681641
-0.0727157592773437 -0.0715866088867188 -0.0167713165283203 0.00386524200439453
-0.0510330200195313 -0.109039306640625 -0.0254173278808594 0.0339488983154297
-0.0172348022460938 -0.1304931640625 -0.0651664733886719 0.0283737182617187
0.0764083862304688 -0.131797790527344 -0.0782852172851563 -0.0112762451171875
0.108161926269531 -0.114944458007812 -0.061737060546875 -0.028472900390625
0.162612915039063 -0.0954437255859375 0.0248432159423828 -0.0305042266845703
0.192214965820313 -0.0274505615234375 -0.0663299560546875 -0.138175964355469
0.160140991210938 -0.0255889892578125 0.0364608764648438 -0.104820251464844
0.156936645507813 -0.0863494873046875 0.0912399291992188 -0.114265441894531
0.0847702026367188 -0.114448547363281 0.0539093017578125 -0.141891479492188
0.0454330444335938 -0.123847961425781 0.0203628540039063 -0.116218566894531
-0.0251922607421875 -0.113685607910156 -0.02593994140625 -0.0988235473632813
-0.073486328125 -0.0904541015625 -0.0336112976074219 -0.0640907287597656
-0.0692062377929687 -0.0894088745117188 -0.00648307800292969 -0.0345554351806641
-0.0904464721679688 -0.0825119018554687 0.00237655639648437 -0.0134592056274414
-0.0643310546875 -0.0914459228515625 0.00363922119140625 0.0257987976074219
-0.032623291015625 -0.125244140625 -0.0125923156738281 0.0490226745605469
0.00588226318359374 -0.138847351074219 -0.0579261779785156 0.0313873291015625
0.109947204589844 -0.123741149902344 -0.0693550109863281 -0.0211830139160156
0.1416015625 -0.089996337890625 -0.0352745056152344 -0.0608177185058594
0.183837890625 -0.05279541015625 0.082763671875 -0.0536727905273438
0.185302734375 0.0092010498046875 -0.000152587890624992 -0.141494750976563
0.175460815429688 -0.008758544921875 0.080841064453125 -0.119384765625
0.174468994140625 -0.08978271484375 0.100425720214844 -0.112510681152344
0.0916900634765625 -0.129150390625 0.05902099609375 -0.121627807617188
0.044403076171875 -0.134895324707031 0.0293502807617188 -0.08441162109375
-0.03009033203125 -0.123420715332031 -0.00391006469726563 -0.0605964660644531
-0.0743484497070313 -0.100227355957031 0.00218582153320312 -0.0310745239257813
-0.064910888671875 -0.100273132324219 0.0259513854980469 -0.00681495666503907
-0.080596923828125 -0.0972442626953125 0.0302848815917969 0.0146408081054687
-0.0466842651367188 -0.101005554199219 0.0188140869140625 0.0543060302734375
-0.00800323486328125 -0.128204345703125 -0.00585556030273438 0.0669441223144531
0.0334243774414062 -0.131813049316406 -0.0506134033203125 0.0373878479003906
0.135848999023438 -0.0974273681640625 -0.0560264587402344 -0.0234832763671875
0.162399291992187 -0.049407958984375 -0.0023040771484375 -0.07666015625
0.183074951171875 -0.00115966796875 0.139533996582031 -0.0581512451171875
0.146881103515625 0.0437469482421875 0.0524063110351563 -0.133842468261719
0.155059814453125 0.0126953125 0.109848022460938 -0.124946594238281
0.155975341796875 -0.068328857421875 0.097442626953125 -0.100982666015625
0.0808486938476563 -0.110641479492188 0.0621337890625 -0.0911865234375
0.040740966796875 -0.113792419433594 0.03961181640625 -0.0491485595703125
-0.0230712890625 -0.109283447265625 0.0223598480224609 -0.0243492126464844
-0.0602035522460938 -0.094573974609375 0.0375404357910156 -0.000991821289062506
-0.0515365600585938 -0.0964736938476562 0.0536689758300781 0.0219535827636719
-0.0627670288085938 -0.09765625 0.0526580810546875 0.0481643676757812
-0.0281524658203125 -0.0978546142578125 0.0267181396484375 0.0865478515625
0.012176513671875 -0.115501403808594 -0.00478363037109376 0.08673095703125
0.0517578125 -0.112358093261719 -0.04327392578125 0.04681396484375
0.144027709960937 -0.0640716552734375 -0.0386161804199219 -0.0139389038085937
0.163116455078125 -0.0043792724609375 0.0333251953125 -0.0695991516113281
0.157730102539063 0.04840087890625 0.1876220703125 -0.040771484375
0.0851516723632813 0.0741653442382813 0.082061767578125 -0.115623474121094
0.107925415039062 0.0388870239257812 0.121849060058594 -0.117477416992188
0.110496520996094 -0.0259628295898438 0.088165283203125 -0.0795516967773438
0.0596542358398438 -0.0623664855957031 0.0661430358886719 -0.0618934631347656
0.037994384765625 -0.0665130615234375 0.0476341247558594 -0.0219230651855469
-0.00318145751953126 -0.0765762329101563 0.0443534851074219 0.00167465209960937
-0.0337295532226562 -0.0758056640625 0.0645179748535156 0.0226325988769531
-0.0311126708984375 -0.0780868530273438 0.07244873046875 0.0474777221679687
-0.0406646728515625 -0.0829391479492188 0.0689010620117188 0.0791702270507813
-0.016021728515625 -0.0793991088867188 0.0308990478515625 0.115592956542969
0.0177459716796875 -0.0929183959960938 -0.00620269775390625 0.105545043945313
0.051239013671875 -0.0868911743164063 -0.0351943969726562 0.0621337890625
0.128761291503906 -0.035430908203125 -0.022064208984375 0.00762367248535156
0.139396667480469 0.0316925048828125 0.0636711120605469 -0.04229736328125
0.109756469726563 0.0848159790039063 0.220962524414063 -0.0066070556640625
-0.0378036499023437 -0.106391906738281 -0.227310180664063 -0.0148620605468751
-0.085418701171875 -0.02618408203125 -0.082122802734375 0.0116729736328125
-0.0808868408203125 0.031280517578125 0.0226020812988281 -0.0391082763671875
-0.037078857421875 0.062774658203125 0.0410842895507812 -0.0927505493164063
-0.0100021362304688 0.0526695251464844 0.0177230834960937 -0.124931335449219
0.0118980407714844 0.0484848022460938 -0.0347442626953125 -0.142181396484375
0.0107231140136719 0.0454292297363281 -0.0907821655273438 -0.109184265136719
-0.000980377197265625 0.04443359375 -0.0879364013671875 -0.0707244873046875
-0.00496673583984375 0.0437583923339844 -0.0758895874023438 -0.0380630493164063
-0.0199909210205078 0.0275135040283203 -0.0629463195800781 -0.0213203430175781
-0.0335559844970703 0.0157604217529297 -0.0607147216796875 0.0129165649414063
-0.0453453063964844 0.00362014770507813 -0.0755157470703125 0.0380706787109375
-0.0546112060546875 -0.0329704284667969 -0.09796142578125 0.0489730834960938
-0.048675537109375 -0.0667991638183594 -0.11962890625 0.09112548828125
-0.0149307250976562 -0.111686706542969 -0.0953369140625 0.0808486938476563
0.037200927734375 -0.104263305664063 -0.221328735351563 -0.0563812255859375
-0.0252609252929688 -0.0342235565185547 -0.0777130126953125 -0.0237350463867188
-0.0251426696777344 0.00597572326660156 0.0289840698242188 -0.0662651062011719
-0.00408554077148438 0.0282115936279297 0.0368194580078125 -0.116348266601563
0.0112152099609375 0.0122585296630859 0.0153274536132812 -0.136886596679688
0.00673294067382813 0.00557231903076172 -0.0395965576171875 -0.15203857421875
-0.0147361755371094 0.00824260711669922 -0.0921859741210938 -0.116928100585938
-0.0264110565185547 0.00647163391113281 -0.0840988159179687 -0.0778732299804688
-0.0414047241210938 0.00870132446289063 -0.0732574462890625 -0.04534912109375
-0.0467071533203125 -0.0124244689941406 -0.058319091796875 -0.0200042724609375
-0.0452880859375 -0.0386123657226563 -0.0564613342285156 0.0144729614257813
-0.0363998413085937 -0.0578041076660156 -0.0779342651367187 0.0297927856445313
-0.000755310058593744 -0.080902099609375 -0.0928878784179688 0.0254974365234375
0.0140838623046875 -0.0978012084960938 -0.107109069824219 0.0560302734375
0.0588302612304687 -0.12384033203125 -0.07440185546875 0.044830322265625
0.110931396484375 -0.0878524780273438 -0.189315795898438 -0.092681884765625
0.046356201171875 -0.0363731384277344 -0.0519294738769531 -0.0546112060546875
0.0428810119628906 -0.0270767211914063 0.0490188598632813 -0.0896987915039063
0.0323982238769531 -0.0189437866210938 0.0398406982421875 -0.137130737304688
0.0309066772460938 -0.03680419921875 0.013702392578125 -0.14373779296875
-0.00156021118164063 -0.0421142578125 -0.042572021484375 -0.148406982421875
-0.0395240783691406 -0.0315704345703125 -0.083465576171875 -0.111724853515625
-0.0492057800292969 -0.0327491760253906 -0.0663833618164062 -0.07305908203125
-0.070953369140625 -0.0265731811523437 -0.0554656982421875 -0.0427703857421875
-0.066375732421875 -0.0467910766601562 -0.0414772033691406 -0.0108489990234375
-0.053466796875 -0.0817718505859375 -0.0437774658203125 0.0238609313964844
-0.0297012329101563 -0.1044921875 -0.0753860473632812 0.0291595458984375
0.0426177978515625 -0.116752624511719 -0.0889968872070313 0.00597381591796876
0.0673446655273437 -0.115859985351563 -0.088714599609375 0.0144729614257812
0.120674133300781 -0.118644714355469 -0.0334186553955078 0.00577926635742187
0.1673583984375 -0.0604705810546875 -0.135223388671875 -0.118011474609375
0.114639282226563 -0.033233642578125 -0.0110015869140625 -0.0786972045898438
0.111114501953125 -0.0625762939453125 0.0735244750976562 -0.105949401855469
0.0657577514648437 -0.0730209350585938 0.0477294921875 -0.147720336914063
0.0430374145507813 -0.0881805419921875 0.0150985717773437 -0.137924194335938
-0.0135955810546875 -0.0858001708984375 -0.0391159057617187 -0.129341125488281
-0.0610122680664063 -0.0672645568847656 -0.0638809204101563 -0.0916519165039062
-0.0640754699707031 -0.0672416687011719 -0.0396537780761719 -0.0572013854980469
-0.0882949829101562 -0.0584335327148438 -0.0286884307861328 -0.0316829681396485
-0.0721817016601563 -0.0741500854492187 -0.0187778472900391 0.00634193420410156
-0.0499114990234375 -0.11151123046875 -0.0283203125 0.0367202758789062
-0.0168228149414062 -0.132171630859375 -0.0702285766601563 0.031646728515625
0.078460693359375 -0.133071899414062 -0.0840835571289063 -0.00904083251953128
0.10992431640625 -0.114418029785156 -0.0671424865722656 -0.0264244079589844
0.16461181640625 -0.0951995849609375 0.0198287963867188 -0.0291976928710938
0.1954345703125 -0.027740478515625 -0.0680160522460937 -0.132492065429688
0.163726806640625 -0.024688720703125 0.0372848510742188 -0.0992584228515625
0.161026000976563 -0.0888519287109375 0.0940780639648438 -0.113204956054688
0.087432861328125 -0.115699768066406 0.0554351806640625 -0.141403198242188
0.046356201171875 -0.126930236816406 0.0211563110351562 -0.116455078125
-0.0256729125976563 -0.115928649902344 -0.0258636474609375 -0.0970993041992188
-0.074127197265625 -0.0911178588867188 -0.0334320068359375 -0.0622024536132813
-0.070343017578125 -0.0911788940429688 -0.00658035278320313 -0.0332012176513672
-0.0914459228515625 -0.0833206176757813 0.00124835968017577 -0.0104007720947266
-0.0643081665039063 -0.0929641723632813 0.00249481201171874 0.0294418334960937
-0.0330886840820313 -0.127479553222656 -0.0148773193359375 0.0524368286132812
0.00587463378906249 -0.141098022460938 -0.0626373291015625 0.0354576110839844
0.111602783203125 -0.125740051269531 -0.0760269165039063 -0.0186767578125
0.143768310546875 -0.0903167724609375 -0.0406227111816406 -0.0589866638183594
0.187850952148438 -0.053375244140625 0.0791091918945313 -0.0518264770507813
0.189834594726563 0.0074005126953125 -1.52587890624863E-05 -0.13629150390625
0.179000854492188 -0.0098724365234375 0.0816650390625 -0.114051818847656
0.177413940429688 -0.0935821533203125 0.103652954101563 -0.111480712890625
0.0925216674804687 -0.131355285644531 0.060760498046875 -0.120361328125
0.0441436767578125 -0.137954711914063 0.0306777954101563 -0.0833206176757813
-0.030975341796875 -0.124061584472656 -0.0029296875 -0.0577888488769531
-0.0752410888671875 -0.0995712280273438 0.00329971313476562 -0.0291481018066406
-0.06683349609375 -0.100662231445312 0.0267982482910156 -0.00494384765625001
-0.0821304321289063 -0.0966796875 0.0301170349121094 0.0181427001953125
-0.0468368530273438 -0.101806640625 0.0188522338867187 0.0590629577636719
-0.00875854492187501 -0.128814697265625 -0.00769042968749999 0.071075439453125
0.0331039428710938 -0.133567810058594 -0.054840087890625 0.0411529541015625
0.137039184570313 -0.099639892578125 -0.061920166015625 -0.02142333984375
0.165573120117188 -0.0511322021484375 -0.00649261474609374 -0.0752182006835938
0.186676025390625 -0.00286865234375 0.136978149414063 -0.0568923950195313
0.151016235351563 0.0414581298828125 0.0534133911132813 -0.129844665527344
0.158187866210938 0.01068115234375 0.111457824707031 -0.121444702148438
0.1578369140625 -0.073486328125 0.101005554199219 -0.0994415283203125
0.07904052734375 -0.113082885742188 0.06396484375 -0.0899581909179688
0.0381698608398437 -0.116310119628906 0.0408096313476563 -0.048187255859375
-0.0247802734375 -0.108970642089844 0.0235748291015625 -0.0213394165039063
-0.0615692138671875 -0.092254638671875 0.0391883850097656 0.00135040283203124
-0.054107666015625 -0.0955581665039062 0.0548744201660156 0.0240058898925781
-0.0641555786132813 -0.0963516235351563 0.0536308288574219 0.0511360168457031
-0.028289794921875 -0.096649169921875 0.0272903442382812 0.0910415649414063
0.0102462768554687 -0.116035461425781 -0.00656127929687501 0.0911026000976562
0.0508575439453125 -0.113227844238281 -0.0466384887695313 0.0501976013183594
0.145004272460938 -0.0666656494140625 -0.043304443359375 -0.0127677917480469
0.165023803710938 -0.0069732666015625 0.0299835205078125 -0.0694236755371094
0.161453247070313 0.046234130859375 0.1876220703125 -0.0402679443359375
0.088531494140625 0.071502685546875 0.0853500366210937 -0.112861633300781
0.110145568847656 0.0358200073242188 0.123344421386719 -0.115036010742188
0.1114501953125 -0.0305252075195313 0.0920944213867188 -0.0789031982421875
0.0571212768554688 -0.0645370483398438 0.0688247680664063 -0.0607414245605469
0.0349540710449219 -0.068359375 0.0499076843261719 -0.0215072631835938
-0.00563812255859375 -0.0748138427734375 0.0452728271484375 0.00343704223632812
-0.035552978515625 -0.072052001953125 0.0662307739257813 0.0245933532714844
-0.033111572265625 -0.07513427734375 0.074737548828125 0.0484848022460937
-0.041961669921875 -0.0804519653320313 0.0695724487304688 0.0829238891601563
-0.0169906616210938 -0.0771865844726563 0.0312118530273437 0.120498657226563
0.0148468017578125 -0.0914764404296875 -0.00791168212890625 0.109375
0.0490036010742188 -0.0869140625 -0.0386543273925781 0.0645751953125
0.12823486328125 -0.0389480590820313 -0.0261688232421875 0.00779914855957031
0.140357971191406 0.0282058715820313 0.0607337951660156 -0.0426177978515625
0.112686157226563 0.0821380615234375 0.220748901367188 -0.00660705566406249
-0.041595458984375 -0.105293273925781 -0.235443115234375 -0.0118713378906251
-0.08721923828125 -0.0232391357421875 -0.0827560424804687 0.0147247314453125
-0.0801620483398438 0.0353775024414062 0.0252532958984375 -0.0393524169921875
-0.0337562561035156 0.065185546875 0.0445556640625 -0.0974273681640625
-0.00658416748046875 0.0536117553710938 0.0198745727539063 -0.131858825683594
0.0136795043945313 0.0458793640136719 -0.0368194580078125 -0.150482177734375
0.0123252868652344 0.042877197265625 -0.0953903198242187 -0.11358642578125
0.000366210937499997 0.0433311462402344 -0.0932083129882813 -0.073211669921875
-0.00434112548828125 0.0424270629882813 -0.0808944702148438 -0.0397415161132813
-0.0197124481201172 0.0256538391113281 -0.0687942504882813 -0.0219573974609375
-0.0317745208740234 0.014892578125 -0.06585693359375 0.0138397216796875
-0.0442428588867188 0.00501251220703124 -0.0807647705078125 0.0399322509765625
-0.0557212829589844 -0.0301666259765625 -0.103759765625 0.0500946044921875
-0.0508232116699219 -0.0653800964355469 -0.126396179199219 0.093902587890625
-0.0189895629882813 -0.112129211425781 -0.102592468261719 0.0834808349609375
0.0377120971679688 -0.104049682617188 -0.230148315429688 -0.053314208984375
-0.0244293212890625 -0.0313663482666016 -0.0782699584960938 -0.0206680297851563
-0.0215206146240234 0.00883865356445313 0.0322723388671875 -0.0677719116210937
0.00100898742675781 0.0294933319091797 0.0394134521484375 -0.120071411132813
0.0146780014038086 0.0108709335327148 0.0171661376953125 -0.143051147460938
0.00845432281494141 0.00170087814331055 -0.0413818359375 -0.158889770507813
-0.0144672393798828 0.00463485717773437 -0.0970077514648438 -0.121261596679687
-0.0267276763916016 0.00424575805664063 -0.0887527465820313 -0.0793609619140625
-0.0424766540527344 0.00661087036132813 -0.0782546997070313 -0.0459060668945312
-0.0476264953613281 -0.0153236389160156 -0.0635948181152344 -0.020294189453125
-0.0451202392578125 -0.0413627624511719 -0.0611076354980469 0.0163726806640625
-0.0355491638183594 -0.059295654296875 -0.0840377807617188 0.03265380859375
7.62939453124939E-05 -0.0809249877929688 -0.0999374389648438 0.026611328125
0.0140380859375 -0.0977783203125 -0.113754272460938 0.0586471557617188
0.0590057373046875 -0.125167846679687 -0.0810623168945313 0.0464935302734375
0.114463806152344 -0.0885848999023437 -0.19659423828125 -0.0901336669921875
0.0496749877929687 -0.034576416015625 -0.0523300170898437 -0.0509757995605469
0.048370361328125 -0.0267868041992188 0.0524826049804688 -0.0918197631835938
0.0379829406738281 -0.0199737548828125 0.0423126220703125 -0.14129638671875
0.0342750549316406 -0.0407943725585938 0.014801025390625 -0.148971557617188
5.34057617187541E-05 -0.0470657348632813 -0.04443359375 -0.153579711914063
-0.0408706665039062 -0.0362052917480469 -0.087890625 -0.114151000976563
-0.0508499145507812 -0.0367317199707031 -0.0706863403320312 -0.0741195678710938
-0.0741043090820312 -0.0294265747070313 -0.0601615905761719 -0.0427780151367188
-0.0684471130371094 -0.050750732421875 -0.045684814453125 -0.00882339477539064
-0.0543899536132812 -0.0864028930664063 -0.0479774475097656 0.0270500183105469
-0.0294570922851562 -0.108489990234375 -0.0822982788085938 0.0328140258789063
0.0450363159179687 -0.120628356933594 -0.0966873168945313 0.0081939697265625
0.0691909790039063 -0.118270874023437 -0.0965652465820312 0.016571044921875
0.124038696289063 -0.122505187988281 -0.0396156311035156 0.00730895996093749
0.17449951171875 -0.062591552734375 -0.141403198242188 -0.1148681640625
0.121932983398438 -0.03265380859375 -0.0108261108398437 -0.0755691528320313
0.11834716796875 -0.0659408569335938 0.0781631469726563 -0.10858154296875
0.0705032348632813 -0.0756072998046875 0.049957275390625 -0.1507568359375
0.046173095703125 -0.09466552734375 0.0156402587890625 -0.142135620117188
-0.0137863159179688 -0.091827392578125 -0.0411453247070313 -0.132820129394531
-0.0629730224609375 -0.0712890625 -0.06707763671875 -0.0931167602539062
-0.0673904418945313 -0.071258544921875 -0.0419082641601563 -0.0576019287109375
-0.0923004150390625 -0.0615463256835938 -0.0315074920654297 -0.0296573638916016
-0.0749130249023438 -0.0784072875976563 -0.0213222503662109 0.0091400146484375
-0.05224609375 -0.117469787597656 -0.0308074951171875 0.0414352416992187
-0.0171661376953125 -0.138168334960937 -0.0764083862304688 0.03643798828125
0.0828628540039062 -0.138229370117188 -0.092132568359375 -0.006317138671875
0.115379333496094 -0.117149353027344 -0.0740127563476562 -0.0252532958984375
0.171920776367188 -0.0991058349609375 0.0158271789550781 -0.0288200378417969
0.205551147460938 -0.0293731689453125 -0.0711288452148437 -0.130241394042969
0.172897338867188 -0.0256500244140625 0.0389404296875 -0.09649658203125
0.16888427734375 -0.09478759765625 0.0992279052734375 -0.116554260253906
0.0921554565429688 -0.120803833007813 0.0582275390625 -0.144729614257813
0.047882080078125 -0.134384155273438 0.022979736328125 -0.119560241699219
-0.0264739990234375 -0.121414184570313 -0.026641845703125 -0.098052978515625
-0.07696533203125 -0.0948486328125 -0.0343551635742188 -0.0619735717773438
-0.074127197265625 -0.095001220703125 -0.00715827941894531 -0.0329151153564453
-0.0965118408203125 -0.0863876342773437 0.000532627105712884 -0.00773382186889649
-0.0663986206054688 -0.09771728515625 0.0018310546875 0.0342292785644531
-0.0348358154296875 -0.133018493652344 -0.016632080078125 0.0577812194824219
0.0059051513671875 -0.147720336914062 -0.0683250427246094 0.0407676696777344
0.117164611816406 -0.132408142089844 -0.08380126953125 -0.0158538818359375
0.150543212890625 -0.0947723388671875 -0.0465965270996094 -0.0591659545898438
0.196792602539063 -0.0572967529296875 0.0778350830078125 -0.053375244140625
0.1993408203125 0.005096435546875 -0.000350952148437491 -0.135047912597656
0.188385009765625 -0.0120086669921875 0.0850448608398438 -0.113136291503906
0.184967041015625 -0.101242065429688 0.108627319335938 -0.11474609375
0.0947952270507813 -0.137916564941406 0.0633010864257813 -0.1231689453125
0.043304443359375 -0.145187377929688 0.0329208374023438 -0.0853729248046875
-0.0333099365234375 -0.128715515136719 -0.00255203247070313 -0.0566329956054688
-0.0789031982421875 -0.101615905761719 0.0038604736328125 -0.0275497436523438
-0.0712432861328125 -0.104103088378906 0.0279788970947266 -0.00356674194335938
-0.0868606567382813 -0.099151611328125 0.0313186645507812 0.0219001770019531
-0.0487060546875 -0.10577392578125 0.0197982788085937 0.0651512145996094
-0.01055908203125 -0.133651733398438 -0.00876617431640625 0.0771560668945312
0.0337295532226563 -0.140052795410156 -0.0603370666503906 0.0469245910644531
0.142822265625 -0.106033325195313 -0.0690155029296875 -0.0193061828613281
0.17193603515625 -0.0548858642578125 -0.0113601684570312 -0.0758209228515625
0.196685791015625 -0.0057373046875 0.138740539550781 -0.0576705932617188
0.159805297851563 0.0392913818359375 0.0565643310546875 -0.130264282226563
0.166641235351562 0.00836181640625 0.116081237792969 -0.121688842773437
0.162704467773437 -0.081329345703125 0.106788635253906 -0.102783203125
0.0803070068359375 -0.118675231933594 0.0670852661132813 -0.0926437377929688
0.0366592407226562 -0.121978759765625 0.0437507629394531 -0.0491371154785156
-0.0275039672851563 -0.111221313476563 0.0254306793212891 -0.019439697265625
-0.0652389526367188 -0.0927658081054688 0.0416641235351562 0.00263595581054687
-0.0572738647460937 -0.0969619750976563 0.0581512451171875 0.0250663757324219
-0.0677566528320313 -0.0972824096679688 0.0563774108886719 0.0562019348144531
-0.0302200317382813 -0.0990447998046875 0.0292892456054687 0.0981979370117188
0.00848388671874999 -0.11956787109375 -0.00763702392578125 0.0974960327148437
0.0508041381835937 -0.117973327636719 -0.051544189453125 0.0556564331054687
0.149749755859375 -0.072479248046875 -0.0489883422851562 -0.0109786987304688
0.171463012695313 -0.0102386474609375 0.0269622802734375 -0.0705413818359375
0.169784545898438 0.044403076171875 0.19183349609375 -0.0416107177734375
0.09490966796875 0.0706863403320313 0.089691162109375 -0.113517761230469
0.115959167480469 0.0337066650390625 0.128501892089844 -0.116310119628906
0.114143371582031 -0.0369033813476563 0.09832763671875 -0.0816574096679688
0.0570564270019531 -0.0688743591308594 0.0727462768554688 -0.0628204345703125
0.032928466796875 -0.0714874267578125 0.0537681579589844 -0.0222969055175781
-0.00849151611328126 -0.07574462890625 0.0488357543945312 0.00517654418945312
-0.0377197265625 -0.07073974609375 0.0708084106445313 0.025543212890625
-0.0356521606445312 -0.074951171875 0.0790786743164063 0.050262451171875
-0.0450439453125 -0.08026123046875 0.074249267578125 0.0879135131835937
-0.0187454223632812 -0.077728271484375 0.033355712890625 0.127822875976563
0.0128860473632812 -0.0932388305664062 -0.00910186767578124 0.11602783203125
0.0481643676757812 -0.0901336669921875 -0.042724609375 0.0696830749511719
0.131309509277344 -0.0435028076171875 -0.0310192108154297 0.0092945098876953
0.145126342773438 0.0253143310546875 0.05950927734375 -0.0444107055664063
0.118438720703125 0.0817718505859375 0.227920532226563 -0.00798034667968749
-0.0484619140625 -0.103904724121094 -0.246002197265625 -0.00410461425781246
-0.0908279418945313 -0.0182037353515625 -0.08349609375 0.0187149047851563
-0.080352783203125 0.0421142578125 0.0282440185546875 -0.0414047241210938
-0.0290412902832031 0.0690689086914063 0.045440673828125 -0.104522705078125
-0.00272369384765625 0.0546760559082031 0.018707275390625 -0.1409912109375
0.0165634155273438 0.0447502136230469 -0.043548583984375 -0.159637451171875
0.014068603515625 0.041015625 -0.1053466796875 -0.117279052734375
0.00215911865234375 0.0429763793945312 -0.10174560546875 -0.0734710693359375
-0.00342941284179687 0.0422210693359375 -0.0893936157226563 -0.03936767578125
-0.0189285278320313 0.0245914459228516 -0.0757522583007813 -0.021575927734375
-0.0302028656005859 0.0157546997070313 -0.0714569091796875 0.0173797607421875
-0.0437240600585938 0.00769424438476562 -0.0860977172851563 0.044281005859375
-0.0581855773925781 -0.0270538330078125 -0.110282897949219 0.0535812377929687
-0.0546951293945313 -0.0634422302246094 -0.132179260253906 0.101615905761719
-0.0254440307617188 -0.113044738769531 -0.109504699707031 0.0892257690429687
0.0357131958007813 -0.106124877929688 -0.241836547851563 -0.0455474853515625
-0.0241775512695313 -0.0289478302001953 -0.0805816650390625 -0.0166397094726563
-0.0186347961425781 0.0115375518798828 0.0340499877929688 -0.07080078125
0.00640296936035156 0.0298175811767578 0.0398483276367188 -0.1273193359375
0.0191593170166016 0.00880813598632813 0.0156707763671875 -0.151992797851563
0.00931453704833984 -0.00226211547851563 -0.04827880859375 -0.167449951171875
-0.014622688293457 0.00156211853027344 -0.1065673828125 -0.124435424804688
-0.0279617309570312 0.00207138061523438 -0.0973434448242187 -0.0799560546875
-0.0444450378417969 0.00567626953124999 -0.086273193359375 -0.0450820922851563
-0.0497360229492188 -0.0172348022460938 -0.0701789855957031 -0.0183601379394531
-0.0466880798339844 -0.0434684753417969 -0.0666732788085938 0.0206794738769531
-0.0372276306152344 -0.0607528686523438 -0.0904922485351563 0.0383377075195313
-0.000534057617187493 -0.08367919921875 -0.107551574707031 0.0309829711914062
0.012725830078125 -0.0996170043945312 -0.121444702148437 0.0658950805664063
0.0570449829101562 -0.130348205566406 -0.0890426635742188 0.0517425537109375
0.118606567382813 -0.093597412109375 -0.20953369140625 -0.0830230712890625
0.0546646118164063 -0.034393310546875 -0.0547256469726563 -0.0475502014160156
0.0547103881835938 -0.0281639099121094 0.0542373657226563 -0.0969772338867188
0.0440139770507812 -0.0225486755371094 0.0419921875 -0.148330688476563
0.0374603271484375 -0.0467071533203125 0.012847900390625 -0.156768798828125
-0.000843048095703122 -0.0527915954589844 -0.0515594482421875 -0.159927368164062
-0.0430488586425781 -0.0397109985351563 -0.09649658203125 -0.116493225097656
-0.0543632507324219 -0.0395965576171875 -0.078033447265625 -0.074432373046875
-0.0790786743164063 -0.0308609008789062 -0.0666580200195312 -0.0406951904296875
-0.0722122192382813 -0.0534820556640625 -0.0504837036132813 -0.00630950927734375
-0.0583648681640625 -0.0903167724609375 -0.052490234375 0.0318374633789063
-0.0328903198242187 -0.113609313964844 -0.0892181396484375 0.0396652221679687
0.0453338623046875 -0.126785278320313 -0.105606079101563 0.0125503540039062
0.0706100463867188 -0.123710632324219 -0.104423522949219 0.0223464965820312
0.126976013183594 -0.130096435546875 -0.0463371276855469 0.00991439819335937
0.182937622070313 -0.0692291259765625 -0.151519775390625 -0.110397338867187
0.130126953125 -0.0358810424804688 -0.011505126953125 -0.0735855102539063
0.125717163085938 -0.07281494140625 0.08038330078125 -0.115150451660156
0.0755767822265625 -0.0824432373046875 0.0492706298828125 -0.158798217773438
0.0465469360351563 -0.103019714355469 0.01373291015625 -0.14837646484375
-0.0159988403320313 -0.0986099243164063 -0.0469284057617187 -0.137031555175781
-0.068389892578125 -0.074859619140625 -0.0731735229492188 -0.093963623046875
-0.0740966796875 -0.0755691528320312 -0.0464744567871094 -0.057586669921875
-0.0999526977539063 -0.0628814697265625 -0.0354766845703125 -0.0279006958007813
-0.0806045532226563 -0.081756591796875 -0.0236892700195313 0.0128250122070312
-0.0571365356445312 -0.122795104980469 -0.0335235595703125 0.0465774536132812
-0.021575927734375 -0.146011352539063 -0.082305908203125 0.0441131591796875
0.0841064453125 -0.148361206054687 -0.101593017578125 -0.000961303710937493
0.118659973144531 -0.125907897949219 -0.0832138061523437 -0.02130126953125
0.1795654296875 -0.108383178710938 0.0113029479980469 -0.0289192199707031
0.217529296875 -0.0384979248046875 -0.0783920288085938 -0.128257751464844
0.18377685546875 -0.031005859375 0.0393829345703125 -0.096649169921875
0.176589965820313 -0.106399536132813 0.102027893066406 -0.124053955078125
0.0947341918945313 -0.131195068359375 0.0581207275390625 -0.151901245117188
0.0467529296875 -0.14532470703125 0.0220870971679688 -0.125045776367188
-0.0313796997070313 -0.128280639648438 -0.029876708984375 -0.0994873046875
-0.0840530395507813 -0.0976409912109375 -0.0382766723632812 -0.0616798400878906
-0.0826416015625 -0.098907470703125 -0.00879669189453125 -0.0330295562744141
-0.104461669921875 -0.0879974365234375 0.000195026397705072 -0.00525903701782227
-0.0721664428710938 -0.101211547851563 0.0027618408203125 0.0391349792480469
-0.0408706665039062 -0.139778137207031 -0.01727294921875 0.0644454956054687
0.00160217285156251 -0.157302856445313 -0.0733718872070312 0.0493698120117188
0.1199951171875 -0.144058227539063 -0.0925140380859375 -0.0106964111328125
0.156509399414063 -0.104400634765625 -0.0549545288085938 -0.0574722290039063
0.2078857421875 -0.066741943359375 0.076141357421875 -0.0561981201171875
0.2127685546875 -0.00286865234375 -0.00342559814453124 -0.135749816894531
0.200149536132813 -0.0194244384765625 0.0871734619140625 -0.115715026855469
0.1915283203125 -0.115524291992188 0.1126708984375 -0.123458862304688
0.0958404541015625 -0.148818969726563 0.0643768310546875 -0.12982177734375
0.0397491455078125 -0.156158447265625 0.0328140258789063 -0.0889205932617188
-0.0391159057617188 -0.134292602539063 -0.00303268432617188 -0.0569572448730469
-0.0857315063476563 -0.10302734375 0.00436019897460937 -0.027008056640625
-0.0792999267578125 -0.106826782226563 0.0294513702392578 -0.00361251831054688
-0.09564208984375 -0.101020812988281 0.0343532562255859 0.0254688262939453
-0.0543289184570313 -0.108963012695313 0.0229721069335937 0.0714645385742188
-0.0160598754882812 -0.140487670898438 -0.007843017578125 0.0852203369140625
0.029998779296875 -0.149032592773438 -0.0648155212402344 0.0547599792480469
0.147308349609375 -0.118637084960938 -0.07672119140625 -0.0146484375
0.180145263671875 -0.06463623046875 -0.0181655883789062 -0.077667236328125
0.209823608398437 -0.01361083984375 0.140884399414063 -0.0641937255859375
0.172073364257813 0.0338287353515625 0.0576019287109375 -0.133583068847656
0.17706298828125 0.0004730224609375 0.119369506835938 -0.126068115234375
0.167755126953125 -0.094451904296875 0.110809326171875 -0.11004638671875
0.0788497924804688 -0.128097534179688 0.0695343017578125 -0.0978240966796875
0.0326156616210938 -0.13037109375 0.045867919921875 -0.0518722534179688
-0.033233642578125 -0.114753723144531 0.0279483795166016 -0.0186042785644531
-0.071197509765625 -0.0925750732421875 0.045135498046875 0.00287628173828124
-0.06414794921875 -0.0986099243164063 0.0622100830078125 0.0253486633300781
-0.0749282836914063 -0.0979461669921875 0.0623512268066406 0.0597496032714844
-0.0351409912109375 -0.101890563964844 0.0346527099609375 0.1065673828125
0.00403594970703125 -0.124908447265625 -0.00621795654296876 0.106178283691406
0.0483245849609375 -0.1260986328125 -0.0551185607910156 0.0637283325195313
0.154769897460938 -0.0832977294921875 -0.0558052062988281 -0.00732803344726564
0.1798095703125 -0.0180206298828125 0.0230560302734375 -0.0736083984375
0.182601928710938 0.0394287109375 0.198226928710937 -0.0492095947265625
0.103691101074219 0.067657470703125 0.0946578979492188 -0.119087219238281
0.123878479003906 0.027862548828125 0.134147644042969 -0.123291015625
0.117172241210937 -0.0459213256835937 0.103286743164063 -0.0879592895507813
0.054656982421875 -0.0743942260742188 0.0771713256835938 -0.0676803588867188
0.0292129516601563 -0.0766448974609375 0.0576438903808594 -0.0247459411621094
-0.0122299194335938 -0.07745361328125 0.0539360046386719 0.00554275512695312
-0.0421981811523438 -0.0694084167480469 0.0768280029296875 0.025390625
-0.041046142578125 -0.0751876831054687 0.08551025390625 0.0507659912109375
-0.0503005981445313 -0.0800857543945313 0.0823287963867188 0.0922470092773438
-0.0217437744140625 -0.0781173706054688 0.0396804809570313 0.136886596679688
0.00902557373046875 -0.096160888671875 -0.007476806640625 0.125473022460937
0.045806884765625 -0.095855712890625 -0.0455703735351562 0.076812744140625
0.134765625 -0.0518569946289063 -0.0354995727539062 0.0122718811035156
0.153121948242188 0.0185546875 0.0581245422363281 -0.0485115051269531
0.128959655761719 0.0791854858398438 0.238418579101563 -0.0154876708984375
-0.0571212768554687 -0.101402282714844 -0.25543212890625 0.010650634765625
-0.0932235717773438 -0.0108566284179688 -0.0832748413085938 0.0248565673828125
-0.0770111083984375 0.0496978759765625 0.0291595458984375 -0.04376220703125
-0.0222930908203125 0.072540283203125 0.0432891845703125 -0.112007141113281
0.00272369384765625 0.0548133850097656 0.0130462646484375 -0.149810791015625
0.0196723937988281 0.0422630310058594 -0.0545654296875 -0.166915893554688
0.0161209106445312 0.0386619567871094 -0.1177978515625 -0.116981506347656
0.00485992431640625 0.0418472290039063 -0.111824035644531 -0.0712966918945313
-0.00126266479492187 0.0416641235351563 -0.0977783203125 -0.0357666015625
-0.0178813934326172 0.0242099761962891 -0.082855224609375 -0.0177536010742188
-0.028839111328125 0.0159568786621094 -0.0755538940429688 0.0225753784179688
-0.0423927307128906 0.0106315612792969 -0.0897293090820313 0.0512542724609375
-0.0598640441894531 -0.0223350524902344 -0.115158081054687 0.0606002807617188
-0.0599403381347656 -0.0600776672363281 -0.135322570800781 0.112861633300781
-0.0340576171875 -0.112739562988281 -0.113479614257812 0.0985107421875
0.031463623046875 -0.107978820800781 -0.253128051757813 -0.031280517578125
-0.0234508514404297 -0.0255813598632813 -0.0819168090820313 -0.0106887817382812
-0.0140037536621094 0.014317512512207 0.0332794189453125 -0.07440185546875
0.0131893157958984 0.0295734405517578 0.0362548828125 -0.134315490722656
0.0234260559082031 0.00527572631835938 0.00920104980468748 -0.159866333007813
0.0101308822631836 -0.00697612762451172 -0.0597991943359375 -0.173324584960938
-0.0160350799560547 -0.00103282928466797 -0.119361877441406 -0.123390197753906
-0.0292816162109375 0.000789642333984369 -0.107322692871094 -0.0771713256835938
-0.0467033386230469 0.00587463378906249 -0.0948867797851563 -0.0404281616210938
-0.0524177551269531 -0.0181159973144531 -0.0769195556640625 -0.0139999389648437
-0.0487403869628906 -0.044830322265625 -0.0707244873046875 0.02655029296875
-0.0397377014160156 -0.0617866516113281 -0.0952072143554688 0.0466842651367187
-0.00319671630859376 -0.0846710205078125 -0.1142578125 0.037750244140625
0.00907135009765625 -0.101799011230469 -0.126182556152344 0.0765228271484375
0.0522384643554688 -0.135658264160156 -0.09417724609375 0.0600357055664063
0.118988037109375 -0.100868225097656 -0.221725463867188 -0.069976806640625
0.0585403442382813 -0.0357398986816406 -0.0571250915527344 -0.0420684814453125
0.059539794921875 -0.0322799682617187 0.0532608032226563 -0.103202819824219
0.0491142272949219 -0.0267295837402344 0.0372772216796875 -0.156021118164063
0.0393905639648437 -0.0535736083984375 0.00643920898437502 -0.163803100585938
-0.00298690795898438 -0.0585784912109375 -0.06195068359375 -0.164047241210938
-0.0474624633789063 -0.0424690246582031 -0.107322692871094 -0.11444091796875
-0.059967041015625 -0.0409431457519531 -0.086334228515625 -0.0717620849609375
-0.084808349609375 -0.0295028686523437 -0.0734329223632813 -0.0363388061523438
-0.0787506103515625 -0.0547256469726563 -0.0551261901855469 -0.0021209716796875
-0.0648574829101563 -0.0930252075195312 -0.0543899536132813 0.0385665893554688
-0.0393295288085938 -0.117424011230469 -0.0934829711914063 0.0492935180664062
0.0422821044921875 -0.13446044921875 -0.11285400390625 0.0207443237304687
0.0688095092773438 -0.130569458007813 -0.111122131347656 0.03155517578125
0.1260986328125 -0.14129638671875 -0.052276611328125 0.0151329040527344
0.1885986328125 -0.0804290771484375 -0.163482666015625 -0.100326538085937
0.1370849609375 -0.0426559448242187 -0.0139617919921875 -0.0705184936523438
0.129905700683594 -0.0839157104492188 0.0786285400390625 -0.123687744140625
0.0781784057617188 -0.0916061401367187 0.043853759765625 -0.166183471679688
0.04473876953125 -0.113204956054688 0.0081634521484375 -0.15521240234375
-0.0220565795898438 -0.104927062988281 -0.0549468994140625 -0.138069152832031
-0.0750579833984375 -0.0765304565429688 -0.0814590454101563 -0.092071533203125
-0.08197021484375 -0.0763473510742187 -0.0523948669433594 -0.0564994812011719
-0.108558654785156 -0.06146240234375 -0.039459228515625 -0.02386474609375
-0.088287353515625 -0.0829849243164062 -0.0253562927246094 0.0174064636230469
-0.0663528442382812 -0.126296997070312 -0.0339622497558594 0.053985595703125
-0.0295867919921875 -0.151992797851563 -0.0864028930664063 0.0542144775390625
0.081268310546875 -0.160247802734375 -0.109245300292969 0.00719451904296874
0.119209289550781 -0.1373291015625 -0.0915603637695312 -0.0148696899414062
0.183029174804687 -0.122726440429687 0.0059032440185547 -0.0289459228515625
0.2264404296875 -0.051971435546875 -0.0872802734375 -0.122459411621094
0.193084716796875 -0.0423431396484375 0.0379257202148438 -0.09674072265625
0.179916381835937 -0.122329711914063 0.100090026855469 -0.134498596191406
0.0930328369140625 -0.142837524414063 0.0536346435546875 -0.159408569335938
0.0408477783203125 -0.155731201171875 0.0168380737304688 -0.130233764648438
-0.0396499633789063 -0.133735656738281 -0.0354537963867188 -0.100074768066406
-0.092926025390625 -0.0977783203125 -0.0421867370605469 -0.0597496032714844
-0.0923690795898437 -0.0994110107421875 -0.0107421875 -0.0328311920166016
-0.1153564453125 -0.0857696533203125 -0.000149488449096687 -0.0022873878479004
-0.0810394287109375 -0.103309631347656 0.00471496582031249 0.0440216064453125
-0.050506591796875 -0.144363403320313 -0.0155410766601563 0.071197509765625
-0.00721740722656252 -0.164382934570313 -0.0762100219726563 0.0597763061523437
0.118896484375 -0.158828735351563 -0.100334167480469 -0.00315856933593753
0.159347534179687 -0.118057250976562 -0.0641670227050781 -0.0540313720703125
0.215896606445313 -0.0824127197265625 0.0731353759765625 -0.0608901977539063
0.224090576171875 -0.0166473388671875 -0.00884246826171873 -0.135086059570312
0.2098388671875 -0.03265380859375 0.0867462158203125 -0.119834899902344
0.193206787109375 -0.134033203125 0.111099243164063 -0.133705139160156
0.09136962890625 -0.1607666015625 0.0608901977539063 -0.136436462402344
0.031219482421875 -0.16644287109375 0.0307464599609375 -0.0937042236328125
-0.048858642578125 -0.137916564941406 -0.00441741943359376 -0.0560455322265625
-0.0947189331054688 -0.101921081542969 0.00420951843261718 -0.0258884429931641
-0.0895004272460938 -0.1068115234375 0.0306587219238281 -0.00438117980957032
-0.105598449707031 -0.0989227294921875 0.0379676818847656 0.0273513793945312
-0.0620498657226562 -0.1114501953125 0.0286941528320313 0.0768814086914063
-0.0251617431640625 -0.145523071289063 -0.00389862060546874 0.0926437377929687
0.022064208984375 -0.157577514648438 -0.0667877197265625 0.0653114318847656
0.148162841796875 -0.133636474609375 -0.0840225219726562 -0.00833892822265625
0.185104370117187 -0.0783538818359375 -0.0263748168945312 -0.0769271850585938
0.220382690429687 -0.02783203125 0.14068603515625 -0.0732269287109375
0.183242797851563 0.0223236083984375 0.0551300048828125 -0.136894226074219
0.186187744140625 -0.01190185546875 0.119880676269531 -0.134048461914063
0.1689453125 -0.111343383789062 0.11065673828125 -0.120513916015625
0.0735015869140625 -0.138450622558594 0.0686264038085938 -0.104835510253906
0.0239639282226562 -0.138031005859375 0.0464286804199219 -0.0556068420410156
-0.0419845581054688 -0.11663818359375 0.0298423767089844 -0.0186634063720703
-0.0793914794921875 -0.0906906127929688 0.0490493774414062 0.00291442871093749
-0.0730361938476562 -0.097686767578125 0.0668830871582031 0.0233840942382812
-0.0845489501953125 -0.0964584350585937 0.0698356628417969 0.0618782043457031
-0.0414276123046875 -0.102973937988281 0.0432357788085937 0.112152099609375
-0.003570556640625 -0.129119873046875 -0.000984191894531242 0.1146240234375
0.0420761108398438 -0.134315490722656 -0.0564804077148438 0.073333740234375
0.156585693359375 -0.097381591796875 -0.0615806579589844 -0.00282669067382813
0.186477661132813 -0.0313873291015625 0.0164871215820313 -0.0766677856445313
0.194869995117188 0.0279998779296875 0.201324462890625 -0.061859130859375
0.113296508789063 0.061431884765625 0.095550537109375 -0.126602172851563
0.130874633789063 0.0191421508789063 0.134933471679688 -0.133018493652344
0.117591857910156 -0.0586776733398438 0.105178833007813 -0.0966796875
0.0503921508789063 -0.081024169921875 0.0782546997070313 -0.07440185546875
0.0232086181640625 -0.08050537109375 0.0606689453125 -0.0285224914550781
-0.0183944702148438 -0.0780792236328125 0.0579299926757812 0.00472640991210937
-0.0476188659667969 -0.0666351318359375 0.0833740234375 0.0231170654296875
-0.046722412109375 -0.0735092163085938 0.0926666259765625 0.0472946166992188
-0.05682373046875 -0.077239990234375 0.0931472778320313 0.0928878784179688
-0.0265884399414062 -0.0785064697265625 0.0501251220703125 0.143569946289063
0.00238037109375 -0.097991943359375 -0.00167846679687501 0.134178161621094
0.039886474609375 -0.1015625 -0.0454788208007813 0.0854949951171875
0.135398864746094 -0.0637283325195312 -0.0390510559082031 0.015655517578125
0.15948486328125 0.0085296630859375 0.0547218322753906 -0.0533256530761719
0.140472412109375 0.071868896484375 0.245986938476563 -0.0300140380859375
-0.064666748046875 -0.0948410034179688 -0.2569580078125 0.027618408203125
-0.0923690795898438 -0.00343322753906248 -0.08056640625 0.0303955078125
-0.0712051391601562 0.0559616088867188 0.02911376953125 -0.0459709167480469
-0.01446533203125 0.0737762451171875 0.0388641357421875 -0.116676330566406
0.00856781005859375 0.0527992248535156 0.00486755371093748 -0.154541015625
0.0225143432617188 0.038330078125 -0.0664825439453125 -0.168792724609375
0.0174484252929688 0.0353775024414063 -0.128639221191406 -0.112442016601562
0.00721359252929688 0.0394325256347656 -0.118911743164063 -0.064483642578125
0.00112533569335938 0.0405654907226563 -0.104080200195312 -0.0296630859375
-0.0169601440429688 0.0231418609619141 -0.0877914428710938 -0.012542724609375
-0.0268611907958984 0.0155525207519531 -0.0773239135742188 0.0288467407226562
-0.039642333984375 0.0139884948730469 -0.0900192260742188 0.0574264526367187
-0.0601119995117188 -0.0171012878417969 -0.117080688476563 0.0669631958007813
-0.0627822875976562 -0.0544853210449219 -0.133163452148438 0.123039245605469
-0.0426864624023438 -0.108238220214844 -0.113334655761719 0.106803894042969
0.0255889892578125 -0.107940673828125 -0.257598876953125 -0.0133514404296875
-0.0222206115722656 -0.0219478607177734 -0.0812149047851563 -0.00422668457031248
-0.00910663604736328 0.015711784362793 0.0315170288085938 -0.077301025390625
0.0196971893310547 0.0280170440673828 0.0304031372070313 -0.138420104980469
0.0259895324707031 8.392333984375E-05 0.00178527832031251 -0.163406372070313
0.0100698471069336 -0.0112056732177734 -0.0711669921875 -0.173690795898438
-0.0175952911376953 -0.00354766845703125 -0.129547119140625 -0.118408203125
-0.0304851531982422 -0.000408172607421876 -0.115165710449219 -0.0701675415039063
-0.0471229553222656 0.00695419311523436 -0.101043701171875 -0.0333404541015625
-0.0548667907714844 -0.0173263549804688 -0.0813980102539062 -0.00829315185546875
-0.0508995056152344 -0.0451507568359375 -0.0716705322265625 0.0334548950195313
-0.0423698425292969 -0.0604438781738281 -0.0963897705078125 0.054290771484375
-0.00572967529296876 -0.0846939086914063 -0.117668151855469 0.0460205078125
0.0050201416015625 -0.101554870605469 -0.126968383789063 0.086761474609375
0.0449066162109375 -0.138778686523438 -0.0965347290039063 0.06817626953125
0.116294860839844 -0.106796264648438 -0.227859497070313 -0.0520172119140625
0.0607833862304687 -0.037261962890625 -0.0574150085449219 -0.0362091064453125
0.0625190734863281 -0.0362739562988281 0.04888916015625 -0.106414794921875
0.0525627136230469 -0.0323143005371094 0.030364990234375 -0.158706665039063
0.0383529663085938 -0.0603828430175781 -0.0019073486328125 -0.166488647460938
-0.00704574584960938 -0.0627326965332031 -0.0721588134765625 -0.162704467773437
-0.0519905090332031 -0.0426712036132812 -0.116737365722656 -0.108863830566406
-0.0648460388183594 -0.0401420593261719 -0.093170166015625 -0.0664749145507812
-0.0884475708007813 -0.0265274047851562 -0.0788116455078125 -0.0297698974609375
-0.0834884643554688 -0.0526885986328125 -0.0579071044921875 0.00342559814453126
-0.0707168579101562 -0.0930252075195313 -0.0547714233398438 0.045074462890625
-0.045501708984375 -0.1180419921875 -0.094635009765625 0.0589141845703125
0.0369186401367187 -0.138954162597656 -0.117500305175781 0.0294342041015625
0.0638580322265625 -0.135704040527344 -0.114486694335937 0.0410079956054687
0.121002197265625 -0.149505615234375 -0.0560340881347656 0.0201683044433594
0.188613891601562 -0.09326171875 -0.16961669921875 -0.08575439453125
0.140365600585938 -0.0499343872070313 -0.0150947570800781 -0.0662460327148438
0.129920959472656 -0.0935897827148438 0.073455810546875 -0.129470825195313
0.0773086547851563 -0.0987777709960938 0.0365753173828125 -0.169891357421875
0.0391464233398437 -0.120857238769531 0.000488281249999988 -0.157073974609375
-0.0285263061523438 -0.1077880859375 -0.0628662109375 -0.135673522949219
-0.0816116333007813 -0.07525634765625 -0.0878982543945313 -0.086944580078125
-0.0897216796875 -0.0742721557617187 -0.0572586059570313 -0.0523605346679688
-0.115196228027344 -0.0562744140625 -0.0421981811523438 -0.0189018249511719
-0.0947189331054688 -0.0809097290039062 -0.0256443023681641 0.0217838287353516
-0.0743789672851562 -0.126243591308594 -0.0322456359863281 0.059478759765625
-0.0389404296875 -0.153717041015625 -0.0864791870117188 0.0649032592773437
0.074676513671875 -0.168975830078125 -0.113723754882813 0.0164566040039063
0.114410400390625 -0.146453857421875 -0.0974655151367187 -0.006256103515625
0.180801391601563 -0.13641357421875 0.000602722167968759 -0.0269145965576172
0.229339599609375 -0.0675811767578125 -0.0934371948242187 -0.112922668457031
0.1966552734375 -0.054351806640625 0.0361785888671875 -0.0949478149414063
0.176803588867188 -0.137985229492188 0.0941619873046875 -0.141632080078125
0.0878143310546875 -0.152313232421875 0.0458526611328125 -0.163314819335938
0.03143310546875 -0.163192749023437 0.0114822387695312 -0.132087707519531
-0.048248291015625 -0.134849548339844 -0.0402984619140625 -0.0966567993164063
-0.100517272949219 -0.0940933227539063 -0.0458602905273438 -0.0563545227050781
-0.101707458496094 -0.0965499877929687 -0.0135440826416016 -0.0308189392089844
-0.123764038085938 -0.0798873901367187 5.42402267455301E-06 0.000399023294448848
-0.0886611938476563 -0.101432800292969 0.00804519653320312 0.0466423034667969
-0.060150146484375 -0.144668579101563 -0.012237548828125 0.0766754150390625
-0.017242431640625 -0.168487548828125 -0.0758895874023437 0.0699081420898438
0.11260986328125 -0.17034912109375 -0.105148315429688 0.00609588623046876
0.15655517578125 -0.129592895507813 -0.0715179443359375 -0.0479965209960937
0.216964721679687 -0.09857177734375 0.0672531127929688 -0.0639266967773438
0.228439331054688 -0.033416748046875 -0.013916015625 -0.130714416503906
0.213485717773438 -0.047454833984375 0.0845260620117188 -0.121864318847656
0.188430786132813 -0.151092529296875 0.105484008789063 -0.14166259765625
0.0830078125 -0.169540405273438 0.055145263671875 -0.140640258789063
0.0203094482421875 -0.1715087890625 0.0269775390625 -0.0955657958984375
-0.058441162109375 -0.137245178222656 -0.00531005859375001 -0.0541725158691406
-0.102149963378906 -0.0972976684570312 0.00389289855957031 -0.0246009826660156
-0.0982894897460938 -0.103065490722656 0.0308780670166016 -0.00512886047363282
-0.113960266113281 -0.0927505493164062 0.0418128967285156 0.0276718139648437
-0.0699691772460937 -0.109970092773437 0.034820556640625 0.0790634155273437
-0.0341339111328125 -0.146347045898438 0.0006256103515625 0.0979537963867187
0.01171875 -0.1627197265625 -0.0652084350585938 0.0743942260742187
0.14251708984375 -0.146774291992188 -0.088409423828125 -9.91821289062437E-05
0.18438720703125 -0.0924835205078125 -0.0347747802734375 -0.0737762451171875
0.22479248046875 -0.04412841796875 0.135665893554688 -0.0815505981445312
0.188934326171875 0.0076751708984375 0.051239013671875 -0.13873291015625
0.189712524414062 -0.0258636474609375 0.116989135742188 -0.13897705078125
0.162979125976562 -0.126693725585937 0.105575561523438 -0.128227233886719
0.0650177001953125 -0.145889282226563 0.0650253295898437 -0.108978271484375
0.01385498046875 -0.141799926757813 0.0452919006347656 -0.0584602355957031
-0.049896240234375 -0.115440368652344 0.0320415496826172 -0.0184364318847656
-0.0850448608398438 -0.0856170654296875 0.0518608093261719 0.00107574462890624
-0.0813522338867188 -0.093536376953125 0.0700302124023438 0.0204391479492187
-0.0920181274414063 -0.0907211303710938 0.0765380859375 0.0600509643554687
-0.0478897094726563 -0.10162353515625 0.0520095825195312 0.114158630371094
-0.0119857788085937 -0.129653930664062 0.0052490234375 0.120323181152344
0.0328598022460938 -0.138626098632812 -0.0543746948242187 0.0811538696289063
0.15179443359375 -0.110763549804688 -0.0649795532226563 0.00296020507812501
0.187850952148438 -0.04522705078125 0.00914764404296876 -0.0771713256835938
0.20196533203125 0.013885498046875 0.198898315429688 -0.0741424560546875
0.119552612304688 0.0509872436523438 0.0931015014648438 -0.13177490234375
0.134101867675781 0.0087738037109375 0.131851196289063 -0.140609741210938
0.112922668457031 -0.0692901611328125 0.102668762207031 -0.104171752929687
0.04351806640625 -0.0852584838867187 0.0770416259765625 -0.0798110961914063
0.0167083740234375 -0.0825424194335938 0.0611915588378906 -0.0322685241699219
-0.0237274169921875 -0.0763473510742188 0.0614280700683594 0.00275421142578125
-0.0511474609375 -0.0622024536132813 0.0876312255859375 0.0187606811523438
-0.0521926879882813 -0.0693893432617188 0.0980453491210937 0.04266357421875
-0.0623626708984375 -0.072296142578125 0.101791381835938 0.0898056030273438
-0.0316238403320312 -0.076690673828125 0.0616607666015625 0.145675659179688
-0.00447082519531249 -0.0974578857421875 0.005523681640625 0.139144897460938
0.0320281982421875 -0.104408264160156 -0.043212890625 0.092376708984375
0.131752014160156 -0.0751495361328125 -0.0413398742675781 0.0194931030273437
0.161209106445313 -0.0035552978515625 0.0496139526367188 -0.0570297241210938
0.147705078125 0.0617523193359375 0.246505737304688 -0.0457763671875
-0.0686187744140625 -0.0878524780273438 -0.2545166015625 0.0390167236328125
-0.0903396606445313 0.00222015380859375 -0.0775146484375 0.0339508056640625
-0.0650138854980469 0.0594558715820312 0.0298118591308594 -0.0467605590820312
-0.0081634521484375 0.0720367431640625 0.0360565185546875 -0.119010925292969
0.0125198364257812 0.0504722595214844 0.000900268554687496 -0.156997680664062
0.0229701995849609 0.0341911315917969 -0.07421875 -0.168380737304688
0.0175094604492188 0.0318870544433594 -0.134849548339844 -0.107276916503906
0.008148193359375 0.0378189086914063 -0.122993469238281 -0.0594482421875
0.002685546875 0.0382118225097656 -0.10723876953125 -0.0238189697265625
-0.0165596008300781 0.0223026275634766 -0.0911941528320312 -0.00870513916015624
-0.0246715545654297 0.0148754119873047 -0.0779495239257812 0.0325469970703125
-0.0368385314941406 0.0146598815917969 -0.0906219482421875 0.06207275390625
-0.0587806701660156 -0.0120353698730469 -0.118080139160156 0.07177734375
-0.0631599426269531 -0.0492744445800781 -0.131233215332031 0.128173828125
-0.0473175048828125 -0.103500366210937 -0.113609313964844 0.112251281738281
0.0225601196289062 -0.104827880859375 -0.257186889648438 1.52587890625083E-05
-0.0193252563476563 -0.0183086395263672 -0.0795364379882813 0.000404357910156237
-0.00372123718261719 0.0156936645507813 0.0302810668945313 -0.078033447265625
0.024444580078125 0.0252647399902344 0.0270462036132812 -0.139678955078125
0.02789306640625 -0.00354957580566406 -0.00294494628906251 -0.1644287109375
0.00890827178955078 -0.0149145126342773 -0.078125 -0.172515869140625
-0.0194931030273437 -0.00554084777832032 -0.135917663574219 -0.112800598144531
-0.0319499969482422 -0.00143051147460937 -0.118637084960938 -0.0645065307617187
-0.0479736328125 0.00713348388671876 -0.103996276855469 -0.0272598266601562
-0.0557632446289063 -0.0177268981933594 -0.084442138671875 -0.00360870361328125
-0.0522842407226563 -0.0454483032226562 -0.0721511840820313 0.03802490234375
-0.0426712036132813 -0.0593681335449219 -0.0970230102539063 0.0603713989257813
-0.007080078125 -0.083526611328125 -0.119407653808594 0.05096435546875
0.00297546386718751 -0.0999679565429688 -0.126029968261719 0.093505859375
0.0398483276367187 -0.138351440429688 -0.0978469848632813 0.0737152099609375
0.112960815429688 -0.109321594238281 -0.228500366210938 -0.039031982421875
0.0633430480957031 -0.0377540588378906 -0.0563926696777344 -0.0313072204589844
0.0651512145996094 -0.0396347045898437 0.0464706420898438 -0.107505798339844
0.0551719665527344 -0.0363845825195313 0.0260162353515625 -0.159439086914063
0.0372772216796875 -0.0651130676269531 -0.00602722167968751 -0.166702270507813
-0.00997543334960938 -0.0658226013183594 -0.0779571533203125 -0.15972900390625
-0.0552864074707031 -0.0430374145507813 -0.121482849121094 -0.103599548339844
-0.0677261352539063 -0.0400733947753906 -0.0965042114257813 -0.0610580444335937
-0.09100341796875 -0.023773193359375 -0.0808944702148438 -0.0241165161132813
-0.0854415893554688 -0.051361083984375 -0.0598678588867188 0.00822067260742188
-0.0738449096679688 -0.0925445556640625 -0.054168701171875 0.0492515563964844
-0.0493545532226562 -0.117301940917969 -0.09454345703125 0.0660171508789062
0.03369140625 -0.141815185546875 -0.119804382324219 0.0359878540039063
0.0608062744140625 -0.1370849609375 -0.116119384765625 0.0485076904296875
0.116973876953125 -0.153701782226562 -0.0594863891601562 0.0255851745605469
0.186294555664063 -0.099761962890625 -0.170791625976563 -0.0733489990234375
0.142532348632813 -0.054656982421875 -0.0148124694824219 -0.0619926452636719
0.129447937011719 -0.100265502929688 0.0687637329101563 -0.131126403808594
0.0763626098632813 -0.104240417480469 0.031768798828125 -0.170135498046875
0.0350189208984375 -0.124771118164063 -0.00379943847656249 -0.156723022460938
-0.033477783203125 -0.109169006347656 -0.0668182373046875 -0.1324462890625
-0.08563232421875 -0.0742111206054688 -0.0918731689453125 -0.0814666748046875
-0.0950698852539063 -0.0726547241210938 -0.0599899291992188 -0.04876708984375
-0.118850708007813 -0.05242919921875 -0.0435523986816406 -0.0149459838867188
-0.0991897583007813 -0.0793609619140625 -0.0256729125976563 0.0248622894287109
-0.0800704956054688 -0.125526428222656 -0.0305442810058594 0.0631561279296875
-0.045074462890625 -0.153884887695312 -0.0857696533203125 0.0721206665039062
0.0697479248046875 -0.174362182617188 -0.116905212402344 0.0234909057617188
0.111083984375 -0.150955200195313 -0.100685119628906 0.000610351562500009
0.177276611328125 -0.144561767578125 -0.00385856628417968 -0.0245265960693359
0.2281494140625 -0.0777130126953125 -0.0949783325195313 -0.1031494140625
0.197998046875 -0.0623931884765625 0.03643798828125 -0.0920028686523438
0.1728515625 -0.147613525390625 0.0889739990234375 -0.1444091796875
0.0831298828125 -0.157455444335937 0.0406646728515625 -0.163497924804687
0.0242156982421875 -0.1671142578125 0.00775909423828126 -0.131340026855469
-0.0542678833007813 -0.13446044921875 -0.0415267944335937 -0.0935134887695313
-0.104965209960938 -0.091522216796875 -0.0469932556152344 -0.0530166625976563
-0.107521057128906 -0.0930252075195313 -0.0151920318603516 -0.0288791656494141
-0.127853393554688 -0.0750885009765625 0.000681638717651359 0.00319290161132812
-0.0932235717773438 -0.0997314453125 0.009918212890625 0.0497169494628906
-0.06646728515625 -0.143936157226562 -0.00947570800781251 0.0807571411132812
-0.024261474609375 -0.168899536132813 -0.0747756958007812 0.0770645141601562
0.10693359375 -0.178451538085938 -0.107780456542969 0.0122528076171875
0.153457641601563 -0.137542724609375 -0.0765457153320312 -0.0422897338867188
0.215866088867188 -0.109344482421875 0.0616722106933594 -0.0643234252929688
0.228790283203125 -0.04486083984375 -0.0159149169921875 -0.124946594238281
0.214584350585938 -0.0579833984375 0.0830154418945313 -0.121109008789063
0.181838989257813 -0.161407470703125 0.09979248046875 -0.144241333007813
0.07586669921875 -0.174697875976563 0.0508575439453125 -0.141616821289063
0.01202392578125 -0.17376708984375 0.0248336791992188 -0.0949783325195313
-0.06427001953125 -0.135566711425781 -0.00472259521484375 -0.0518112182617188
-0.106773376464844 -0.0932388305664063 0.00457382202148437 -0.0232124328613281
-0.104583740234375 -0.0995254516601563 0.0311012268066406 -0.00523948669433594
-0.118827819824219 -0.0874099731445313 0.0440406799316406 0.0282669067382812
-0.074737548828125 -0.108116149902344 0.0392074584960938 0.080352783203125
-0.0403900146484375 -0.145706176757813 0.0046539306640625 0.101432800292969
0.0049896240234375 -0.1636962890625 -0.0638809204101563 0.0811767578125
0.13739013671875 -0.15582275390625 -0.0907440185546875 0.00578308105468748
0.182205200195313 -0.101593017578125 -0.0406074523925781 -0.0701332092285156
0.225692749023438 -0.055694580078125 0.130325317382813 -0.0852508544921875
0.190414428710938 -0.0032806396484375 0.049774169921875 -0.1368408203125
0.189804077148438 -0.036407470703125 0.11541748046875 -0.140151977539063
0.15594482421875 -0.135482788085938 0.101325988769531 -0.131294250488281
0.0575408935546875 -0.14813232421875 0.0622406005859375 -0.110725402832031
0.00627136230468752 -0.142501831054688 0.0447273254394531 -0.0595779418945313
-0.055389404296875 -0.112907409667969 0.0340461730957031 -0.0179023742675781
-0.0882568359375 -0.0805892944335938 0.0536079406738281 0.000457763671874995
-0.0858230590820312 -0.0892868041992188 0.0712432861328125 0.018768310546875
-0.096160888671875 -0.0853958129882813 0.0804824829101562 0.0582199096679687
-0.0521316528320313 -0.0995941162109375 0.058624267578125 0.114791870117187
-0.0173797607421875 -0.128509521484375 0.0100250244140625 0.123298645019531
0.0267791748046875 -0.139602661132813 -0.0529708862304687 0.0868911743164063
0.146957397460938 -0.119003295898438 -0.0672836303710937 0.00782394409179686
0.185897827148438 -0.0540313720703125 0.00323486328125 -0.0762557983398438
0.204238891601562 0.00238037109375 0.193878173828125 -0.08203125
0.122047424316406 0.042694091796875 0.0916061401367188 -0.133346557617188
0.134666442871094 0.00028228759765625 0.129318237304688 -0.143798828125
0.108299255371094 -0.0763626098632813 0.0999832153320313 -0.108108520507812
0.0378799438476563 -0.086212158203125 0.0757675170898438 -0.0827484130859375
0.0115509033203125 -0.0823822021484375 0.061676025390625 -0.0346603393554688
-0.0278091430664062 -0.0739822387695312 0.0647506713867188 0.00157546997070312
-0.0527610778808594 -0.0585517883300781 0.090667724609375 0.0160903930664062
-0.0547218322753906 -0.0658912658691406 0.100395202636719 0.0387191772460937
-0.0649833679199219 -0.0673332214355469 0.107040405273438 0.0863037109375
-0.0340423583984375 -0.0735702514648438 0.0691986083984375 0.144912719726563
-0.00856781005859375 -0.095123291015625 0.0103759765625 0.142654418945313
0.026611328125 -0.104110717773438 -0.041107177734375 0.0966949462890625
0.126937866210938 -0.0817413330078125 -0.0425567626953125 0.0226631164550781
0.16070556640625 -0.012725830078125 0.0444450378417969 -0.0585861206054688
0.151473999023438 0.0528106689453125 0.242568969726563 -0.056549072265625
-0.0706100463867188 -0.0821762084960937 -0.255096435546875 0.044891357421875
-0.0889739990234375 0.00498199462890625 -0.0760650634765625 0.0350112915039062
-0.0608901977539063 0.0610122680664062 0.0313682556152344 -0.0477066040039062
-0.00385284423828126 0.0713958740234375 0.035614013671875 -0.121223449707031
0.0144500732421875 0.0480842590332031 -0.00100708007812499 -0.1590576171875
0.02294921875 0.0310916900634766 -0.0794525146484375 -0.17059326171875
0.0161895751953125 0.0297870635986328 -0.139663696289063 -0.105857849121094
0.00803375244140625 0.0357398986816406 -0.126976013183594 -0.0569915771484375
0.00230789184570313 0.0369377136230469 -0.110816955566406 -0.0215606689453125
-0.016998291015625 0.0209140777587891 -0.0952072143554688 -0.00638580322265624
-0.0242958068847656 0.0135135650634766 -0.0797348022460937 0.0352096557617188
-0.0348453521728516 0.0149765014648438 -0.0922698974609375 0.0650711059570313
-0.057220458984375 -0.00936126708984374 -0.121650695800781 0.0746307373046875
-0.0632896423339844 -0.0463142395019531 -0.131675720214844 0.132713317871094
-0.0506515502929687 -0.100166320800781 -0.116531372070312 0.115753173828125
0.0217514038085937 -0.102890014648438 -0.257553100585938 0.00729370117187502
-0.0167303085327148 -0.0170183181762695 -0.0780715942382813 0.00266265869140626
0.000529289245605468 0.0152978897094727 0.0309906005859375 -0.0785598754882813
0.0286827087402344 0.0224437713623047 0.0266876220703125 -0.140853881835938
0.0290126800537109 -0.00708198547363281 -0.00392150878906251 -0.166717529296875
0.00768280029296875 -0.0179996490478516 -0.0825653076171875 -0.173355102539062
-0.0212554931640625 -0.00683212280273437 -0.140060424804688 -0.110389709472656
-0.0336284637451172 -0.00265693664550781 -0.1221923828125 -0.0615921020507812
-0.0491256713867187 0.00642013549804688 -0.107421875 -0.023468017578125
-0.0574951171875 -0.0191421508789063 -0.087615966796875 -0.000892639160156247
-0.0534248352050781 -0.0470504760742187 -0.0737228393554687 0.0407638549804688
-0.0424385070800781 -0.0600395202636719 -0.0988845825195313 0.0643844604492188
-0.00672149658203125 -0.0842208862304688 -0.123809814453125 0.05450439453125
0.00303649902343751 -0.0997390747070313 -0.127738952636719 0.0979995727539062
0.0375900268554688 -0.138023376464844 -0.101463317871094 0.0781631469726562
0.113677978515625 -0.1090087890625 -0.228515625 -0.03076171875
0.0671310424804688 -0.038299560546875 -0.0550041198730469 -0.0277824401855469
0.0684127807617188 -0.0421333312988281 0.0456924438476563 -0.108413696289063
0.0578384399414063 -0.0406265258789063 0.02471923828125 -0.160858154296875
0.0373115539550781 -0.0692405700683594 -0.00672912597656249 -0.168136596679688
-0.0119705200195313 -0.06878662109375 -0.08074951171875 -0.160629272460938
-0.0578842163085937 -0.044189453125 -0.125259399414063 -0.100608825683594
-0.0717620849609375 -0.040771484375 -0.0994415283203125 -0.0577239990234375
-0.093475341796875 -0.0236663818359375 -0.0831069946289063 -0.0204010009765625
-0.0884780883789063 -0.0524215698242187 -0.0618782043457031 0.0109786987304688
-0.0766220092773438 -0.0942611694335937 -0.0547256469726563 0.0527458190917969
-0.0511627197265625 -0.118339538574219 -0.0963897705078125 0.071441650390625
0.0335540771484375 -0.1444091796875 -0.123916625976562 0.040557861328125
0.060577392578125 -0.138847351074219 -0.118637084960938 0.053558349609375
0.116165161132813 -0.156936645507813 -0.0635490417480469 0.0295295715332031
0.188430786132813 -0.10247802734375 -0.171051025390625 -0.065460205078125
0.146575927734375 -0.0571746826171875 -0.012451171875 -0.058502197265625
0.131095886230469 -0.105567932128906 0.0677337646484375 -0.131912231445313
0.077392578125 -0.108734130859375 0.03082275390625 -0.170547485351562
0.0335617065429687 -0.129547119140625 -0.00375366210937499 -0.157501220703125
-0.0365524291992187 -0.111984252929687 -0.068359375 -0.131874084472656
-0.089202880859375 -0.0745925903320312 -0.0937652587890625 -0.0783767700195313
-0.0999221801757813 -0.0726242065429688 -0.0619735717773438 -0.0460624694824219
-0.122001647949219 -0.051055908203125 -0.0441665649414063 -0.0115509033203125
-0.102508544921875 -0.0797042846679687 -0.0259113311767578 0.0277996063232422
-0.0833740234375 -0.126914978027344 -0.030731201171875 0.0671768188476562
-0.0479888916015625 -0.155624389648438 -0.0871047973632813 0.0782852172851562
0.069366455078125 -0.179107666015625 -0.121116638183594 0.0275726318359375
0.110992431640625 -0.154449462890625 -0.104362487792969 0.00571441650390623
0.179000854492188 -0.149871826171875 -0.00814437866210937 -0.0216770172119141
0.230010986328125 -0.083251953125 -0.0937042236328125 -0.0965118408203125
0.202392578125 -0.0678558349609375 0.0387954711914063 -0.0898513793945313
0.172561645507812 -0.153411865234375 0.087310791015625 -0.145431518554688
0.082305908203125 -0.162399291992188 0.0394287109375 -0.164627075195312
0.02081298828125 -0.17047119140625 0.0078125 -0.131942749023438
-0.0577774047851563 -0.136947631835938 -0.0411834716796875 -0.0923004150390625
-0.108146667480469 -0.0912322998046875 -0.0475006103515625 -0.0496902465820313
-0.112579345703125 -0.0926437377929688 -0.0161952972412109 -0.026519775390625
-0.13165283203125 -0.073211669921875 0.00119924545288085 0.00500249862670898
-0.0971832275390625 -0.10052490234375 0.011260986328125 0.0520286560058594
-0.0703125 -0.145309448242188 -0.008331298828125 0.0844192504882812
-0.0275726318359375 -0.1710205078125 -0.075439453125 0.0830078125
0.105926513671875 -0.18426513671875 -0.111503601074219 0.0168380737304688
0.153762817382813 -0.14239501953125 -0.0808181762695313 -0.0377426147460938
0.2186279296875 -0.116012573242187 0.0577354431152344 -0.06341552734375
0.231887817382813 -0.0515899658203125 -0.0141067504882812 -0.121116638183594
0.218048095703125 -0.0635528564453125 0.085296630859375 -0.119422912597656
0.179489135742188 -0.16864013671875 0.0975189208984375 -0.145263671875
0.07330322265625 -0.178543090820312 0.0505828857421875 -0.142684936523438
0.00741577148437499 -0.176788330078125 0.0253829956054688 -0.0959854125976563
-0.0681915283203125 -0.136154174804687 -0.00281906127929688 -0.050048828125
-0.109397888183594 -0.092041015625 0.00616836547851562 -0.0218753814697266
-0.108528137207031 -0.0981597900390625 0.0311412811279297 -0.00430679321289063
-0.121940612792969 -0.0846633911132813 0.0452651977539062 0.0291671752929687
-0.0775375366210937 -0.108489990234375 0.0426559448242187 0.0829315185546875
-0.0440521240234375 -0.146759033203125 0.00666809082031251 0.105461120605469
0.0013885498046875 -0.165725708007813 -0.06427001953125 0.087066650390625
0.135498046875 -0.162628173828125 -0.0944976806640625 0.00940704345703123
0.182785034179688 -0.10687255859375 -0.0441246032714844 -0.067840576171875
0.229156494140625 -0.0634307861328125 0.127243041992188 -0.0869827270507813
0.19183349609375 -0.0100250244140625 0.0517196655273438 -0.135650634765625
0.191726684570313 -0.0423583984375 0.116851806640625 -0.1407470703125
0.152877807617188 -0.142044067382813 0.1002197265625 -0.132270812988281
0.0543365478515625 -0.150146484375 0.0622940063476562 -0.111442565917969
0.001617431640625 -0.144195556640625 0.0454216003417969 -0.0601654052734375
-0.0586318969726563 -0.11224365234375 0.0371246337890625 -0.0175971984863281
-0.0904922485351563 -0.0789794921875 0.0566253662109375 0.00043869018554687
-0.0892410278320312 -0.0872421264648438 0.0721359252929687 0.0182342529296875
-0.0989532470703125 -0.0825424194335938 0.0838088989257813 0.0581130981445312
-0.05426025390625 -0.0995330810546875 0.0639190673828125 0.117080688476563
-0.0200347900390625 -0.128593444824219 0.0121383666992188 0.127540588378906
0.0229949951171875 -0.14105224609375 -0.0531539916992187 0.0921783447265625
0.144912719726563 -0.12518310546875 -0.0703125 0.0105133056640625
0.186691284179688 -0.0604705810546875 -0.000724792480468733 -0.0747451782226563
0.207534790039062 -0.0041656494140625 0.191558837890625 -0.0852813720703125
0.123039245605469 0.0374374389648437 0.0945053100585938 -0.134376525878906
0.135154724121094 -0.0045318603515625 0.131484985351562 -0.146087646484375
0.105194091796875 -0.0804519653320313 0.09991455078125 -0.109283447265625
0.03521728515625 -0.0868911743164063 0.0762405395507813 -0.0850372314453125
0.00852203369140625 -0.0830459594726563 0.0629348754882812 -0.0356903076171875
-0.0302581787109375 -0.0723190307617187 0.0679740905761719 0.00111770629882812
-0.0539360046386719 -0.0556716918945313 0.0941314697265625 0.0145797729492187
-0.0572853088378906 -0.0631523132324219 0.102134704589844 0.0373687744140625
-0.0662422180175781 -0.0644302368164062 0.110954284667969 0.0853805541992188
-0.0351791381835937 -0.072113037109375 0.0742034912109375 0.147201538085938
-0.010345458984375 -0.0933303833007813 0.0130462646484375 0.146377563476562
0.0234451293945312 -0.103706359863281 -0.0413360595703125 0.100738525390625
0.124252319335938 -0.0864486694335938 -0.0454673767089844 0.0241851806640625
0.160003662109375 -0.0174407958984375 0.0409660339355469 -0.0585975646972656
0.154037475585938 0.0471343994140625 0.241622924804688 -0.0612335205078125
-0.072296142578125 -0.0791854858398438 -0.261627197265625 0.0501251220703125
-0.0893096923828125 0.00772857666015624 -0.077392578125 0.036712646484375
-0.0584945678710938 0.0625686645507813 0.0343208312988281 -0.0491065979003906
-5.3405761718743E-05 0.071258544921875 0.0371932983398437 -0.125755310058594
0.0162391662597656 0.0466384887695313 -0.000366210937499982 -0.166168212890625
0.0217723846435547 0.0299034118652344 -0.08489990234375 -0.177200317382813
0.0152969360351563 0.0294075012207031 -0.147064208984375 -0.107589721679687
0.00845718383789063 0.0359077453613281 -0.132553100585937 -0.0568161010742188
0.00223159790039063 0.0366554260253906 -0.115943908691406 -0.0195236206054687
-0.0177555084228516 0.0200881958007813 -0.100868225097656 -0.00556182861328127
-0.0243740081787109 0.0121307373046875 -0.083709716796875 0.0373687744140625
-0.0334358215332031 0.0152378082275391 -0.0966796875 0.0688552856445313
-0.0570449829101562 -0.00807952880859375 -0.127761840820313 0.078643798828125
-0.0639801025390625 -0.0456886291503906 -0.137680053710938 0.137954711914062
-0.0536651611328125 -0.0997772216796875 -0.123405456542969 0.121482849121094
0.0227432250976562 -0.101905822753906 -0.263595581054688 0.013031005859375
-0.0139837265014648 -0.0158872604370117 -0.0789413452148438 0.00503540039062501
0.00407981872558594 0.0146093368530273 0.0330352783203125 -0.0805587768554688
0.0330677032470703 0.0201930999755859 0.02777099609375 -0.145523071289063
0.0311222076416016 -0.0107097625732422 -0.00360107421874998 -0.173568725585937
0.00639152526855469 -0.021392822265625 -0.08685302734375 -0.179428100585938
-0.0236034393310547 -0.00873565673828126 -0.146621704101563 -0.11126708984375
-0.0363731384277344 -0.00391387939453126 -0.127960205078125 -0.0612564086914063
-0.05157470703125 0.00601577758789062 -0.112014770507812 -0.0211181640625
-0.0602226257324219 -0.0207862854003906 -0.0927581787109375 0.00111389160156248
-0.0553779602050781 -0.0501441955566406 -0.0775680541992188 0.0441818237304687
-0.0429611206054688 -0.0624732971191406 -0.103240966796875 0.070037841796875
-0.00567626953124999 -0.0868759155273438 -0.131004333496094 0.0589675903320312
0.00434875488281251 -0.100860595703125 -0.132682800292969 0.103912353515625
0.0379638671875 -0.140853881835938 -0.107841491699219 0.0834274291992187
0.117889404296875 -0.110580444335938 -0.233154296875 -0.0258636474609375
0.0723342895507813 -0.0389480590820313 -0.0545883178710937 -0.0256195068359375
0.0743026733398438 -0.0457687377929688 0.0474166870117188 -0.110862731933594
0.06280517578125 -0.0447578430175781 0.02618408203125 -0.16607666015625
0.0382843017578125 -0.074676513671875 -0.00584411621093748 -0.174514770507813
-0.0139846801757812 -0.0741195678710937 -0.0845184326171875 -0.165420532226563
-0.061676025390625 -0.0472297668457031 -0.130928039550781 -0.1002197265625
-0.0764617919921875 -0.042724609375 -0.103927612304688 -0.0571365356445312
-0.0980224609375 -0.0243453979492187 -0.086700439453125 -0.0177764892578125
-0.0932846069335938 -0.0553207397460937 -0.0653572082519531 0.0133514404296875
-0.0806045532226563 -0.0985260009765625 -0.0573081970214844 0.0569000244140625
-0.0529861450195312 -0.123039245605469 -0.100502014160156 0.0781097412109375
0.0341796875 -0.150619506835938 -0.131935119628906 0.0443267822265625
0.063446044921875 -0.143142700195313 -0.124176025390625 0.0593643188476563
0.119537353515625 -0.16278076171875 -0.0684547424316406 0.0332374572753906
0.195098876953125 -0.1064453125 -0.17333984375 -0.0611724853515625
0.154708862304688 -0.0603179931640625 -0.0107917785644531 -0.0569686889648438
0.137153625488281 -0.112503051757812 0.0690536499023438 -0.134689331054688
0.081298828125 -0.115097045898438 0.031341552734375 -0.17535400390625
0.0327529907226563 -0.136665344238281 -0.0031280517578125 -0.162994384765625
-0.0387496948242188 -0.117141723632813 -0.0703125 -0.134864807128906
-0.0940017700195313 -0.077606201171875 -0.096893310546875 -0.0779647827148437
-0.10577392578125 -0.07440185546875 -0.0651702880859375 -0.0443000793457031
-0.128036499023438 -0.0517654418945313 -0.0468559265136719 -0.00965118408203125
-0.107284545898438 -0.0828628540039062 -0.0274333953857422 0.0313377380371094
-0.0876846313476563 -0.131912231445312 -0.031524658203125 0.0715789794921875
-0.05078125 -0.161239624023438 -0.09088134765625 0.0848236083984375
0.07025146484375 -0.187759399414063 -0.128311157226563 0.032257080078125
0.115249633789063 -0.160568237304688 -0.11041259765625 0.0102081298828125
0.184661865234375 -0.157135009765625 -0.0121231079101562 -0.0202789306640625
0.238555908203125 -0.088287353515625 -0.09332275390625 -0.0937881469726562
0.211593627929688 -0.0734100341796875 0.0427322387695313 -0.0895767211914063
0.178482055664063 -0.163223266601563 0.0888824462890625 -0.147979736328125
0.084442138671875 -0.170211791992188 0.041046142578125 -0.16912841796875
0.0194854736328125 -0.178329467773438 0.00864410400390626 -0.136184692382812
-0.0614471435546875 -0.14178466796875 -0.0405731201171875 -0.0933685302734375
-0.113433837890625 -0.0936813354492187 -0.0479049682617188 -0.0489349365234375
-0.119674682617188 -0.0948562622070313 -0.0166912078857422 -0.0259819030761719
-0.137924194335938 -0.073883056640625 0.00119638442993163 0.00666713714599609
-0.1016845703125 -0.104377746582031 0.0125999450683594 0.0551872253417969
-0.0749664306640625 -0.1505126953125 -0.00759887695312501 0.0895309448242187
-0.03076171875 -0.177154541015625 -0.0786819458007813 0.0902481079101563
0.10736083984375 -0.194244384765625 -0.118232727050781 0.0209732055664062
0.158935546875 -0.149688720703125 -0.0858688354492187 -0.0354461669921875
0.225982666015625 -0.124008178710938 0.0564422607421875 -0.0644149780273438
0.238937377929688 -0.0573883056640625 -0.0108718872070312 -0.120880126953125
0.226394653320313 -0.0705413818359375 0.0903091430664063 -0.121124267578125
0.183883666992188 -0.178131103515625 0.10003662109375 -0.148666381835938
0.073699951171875 -0.185821533203125 0.0513916015625 -0.146377563476563
0.004608154296875 -0.183517456054688 0.0272140502929688 -0.0992431640625
-0.0717315673828125 -0.140213012695313 -0.000274658203125008 -0.0509223937988281
-0.114227294921875 -0.0933074951171875 0.0078601837158203 -0.0211410522460938
-0.115615844726563 -0.0998916625976562 0.0324192047119141 -0.00339317321777344
-0.128486633300781 -0.0858001708984375 0.0483131408691406 0.0311279296875
-0.0815658569335938 -0.111869812011719 0.0462570190429688 0.0870132446289063
-0.047607421875 -0.151290893554688 0.00811004638671875 0.111160278320313
-0.000717163085937505 -0.171051025390625 -0.0670318603515625 0.094024658203125
0.13848876953125 -0.172073364257813 -0.0994186401367187 0.0127334594726562
0.188125610351562 -0.113861083984375 -0.0491104125976563 -0.0667343139648438
0.237335205078125 -0.0707855224609375 0.128280639648438 -0.089447021484375
0.198684692382812 -0.0149688720703125 0.0575790405273438 -0.137298583984375
0.198333740234375 -0.0481109619140625 0.123001098632813 -0.144668579101563
0.155120849609375 -0.150283813476563 0.102874755859375 -0.135528564453125
0.052490234375 -0.156112670898438 0.0647735595703125 -0.115081787109375
-0.00202941894531249 -0.14886474609375 0.0476493835449219 -0.06231689453125
-0.06207275390625 -0.11444091796875 0.0417060852050781 -0.0169448852539063
-0.09381103515625 -0.0795822143554688 0.0602836608886719 -7.62939453125487E-06
-0.0940017700195313 -0.0880889892578125 0.0755462646484375 0.018798828125
-0.102790832519531 -0.0827407836914062 0.0878677368164063 0.0597991943359375
-0.0562057495117188 -0.102203369140625 0.0682754516601563 0.122238159179687
-0.0213546752929687 -0.131744384765625 0.0141220092773437 0.134468078613281
0.02178955078125 -0.144500732421875 -0.0554885864257813 0.0991134643554687
0.14678955078125 -0.1324462890625 -0.074920654296875 0.01275634765625
0.19244384765625 -0.0660552978515625 -0.00376129150390624 -0.0752716064453125
0.215484619140625 -0.01019287109375 0.195281982421875 -0.0889434814453125
0.126632690429687 0.0350341796875 0.100997924804688 -0.138435363769531
0.1390380859375 -0.0093841552734375 0.137542724609375 -0.149932861328125
0.105361938476563 -0.0853424072265625 0.103729248046875 -0.112052917480469
0.0334930419921875 -0.089691162109375 0.0797653198242188 -0.08856201171875
0.00571441650390625 -0.0848922729492188 0.0662574768066406 -0.0373191833496094
-0.0316848754882813 -0.0732498168945313 0.0730667114257813 0.0010833740234375
-0.0552406311035156 -0.0558586120605469 0.0996780395507812 0.0135498046875
-0.0590362548828125 -0.0633964538574219 0.106277465820312 0.0374298095703125
-0.0687294006347656 -0.0636024475097656 0.116157531738281 0.08697509765625
-0.0361099243164063 -0.072967529296875 0.0798187255859375 0.1524658203125
-0.0120315551757813 -0.09478759765625 0.0150146484375 0.153594970703125
0.02197265625 -0.105659484863281 -0.04345703125 0.106819152832031
0.124710083007812 -0.0916748046875 -0.0494041442871094 0.0265121459960937
0.163711547851563 -0.02154541015625 0.0390396118164063 -0.0601425170898438
0.159393310546875 0.0438232421875 0.246658325195313 -0.06585693359375
-0.076141357421875 -0.0779266357421875 -0.274307250976562 0.0602569580078125
-0.0917434692382813 0.0107803344726562 -0.0804214477539063 0.0419387817382812
-0.0579719543457031 0.0663948059082031 0.0371322631835938 -0.0529823303222656
0.00415802001953125 0.0720977783203125 0.0389251708984375 -0.134368896484375
0.0189933776855469 0.0466270446777344 -0.00189208984374999 -0.177825927734375
0.0223636627197266 0.0294952392578125 -0.0938720703125 -0.187545776367188
0.0152606964111328 0.0291595458984375 -0.158935546875 -0.109405517578125
0.00903701782226563 0.0363006591796875 -0.14276123046875 -0.0562744140625
0.00236129760742188 0.0373306274414063 -0.125 -0.0168304443359375
-0.0188159942626953 0.0201053619384766 -0.109596252441406 -0.00292968749999997
-0.0257892608642578 0.0114936828613281 -0.0895843505859375 0.0420989990234375
-0.0330944061279297 0.0155715942382813 -0.102699279785156 0.0764999389648438
-0.0574455261230469 -0.00643539428710938 -0.1368408203125 0.08624267578125
-0.0667266845703125 -0.0451736450195313 -0.145309448242188 0.149398803710938
-0.0591201782226563 -0.100715637207031 -0.131881713867188 0.13165283203125
0.0241470336914062 -0.1043701171875 -0.276321411132813 0.0221710205078124
-0.0117473602294922 -0.015650749206543 -0.0817031860351563 0.00849151611328125
0.00857734680175781 0.0138006210327148 0.0347976684570313 -0.085418701171875
0.0380096435546875 0.0169563293457031 0.0284576416015625 -0.154205322265625
0.0332489013671875 -0.0146198272705078 -0.0055999755859375 -0.1846923828125
0.00492477416992188 -0.0250892639160156 -0.0963897705078125 -0.189498901367187
-0.0267410278320312 -0.0105781555175781 -0.15850830078125 -0.112869262695313
-0.0401802062988281 -0.00437927246093751 -0.137565612792969 -0.0600967407226562
-0.0559654235839844 0.00612258911132812 -0.119903564453125 -0.0179443359375
-0.0653228759765625 -0.02252197265625 -0.100181579589844 0.0049591064453125
-0.0599708557128906 -0.0537338256835937 -0.0821075439453125 0.049713134765625
-0.0451278686523437 -0.0667457580566406 -0.109909057617188 0.07891845703125
-0.0055694580078125 -0.0923843383789063 -0.14056396484375 0.0663070678710938
0.0044708251953125 -0.106552124023437 -0.140357971191406 0.114669799804688
0.0373077392578125 -0.147552490234375 -0.115692138671875 0.0927352905273437
0.124504089355469 -0.116325378417969 -0.24444580078125 -0.0180206298828125
0.0804519653320313 -0.04180908203125 -0.0556144714355469 -0.0237464904785156
0.0805740356445313 -0.0518875122070313 0.0488967895507813 -0.116775512695313
0.0682830810546875 -0.0517196655273438 0.0256195068359375 -0.174911499023438
0.0390701293945313 -0.0830230712890625 -0.0083465576171875 -0.18548583984375
-0.0170364379882813 -0.0802536010742187 -0.091949462890625 -0.173736572265625
-0.0679130554199219 -0.0497817993164063 -0.140449523925781 -0.101119995117187
-0.084014892578125 -0.0440216064453125 -0.112091064453125 -0.055633544921875
-0.105255126953125 -0.0244522094726562 -0.0933303833007813 -0.01409912109375
-0.100700378417969 -0.058197021484375 -0.0707931518554688 0.0179595947265625
-0.0882415771484375 -0.104133605957031 -0.0607109069824219 0.0629920959472656
-0.05841064453125 -0.130050659179688 -0.106307983398438 0.0878219604492187
0.0345611572265625 -0.1622314453125 -0.141571044921875 0.0522308349609375
0.0656585693359375 -0.152694702148438 -0.132225036621094 0.0677490234375
0.12396240234375 -0.174758911132813 -0.0752105712890625 0.0393829345703125
0.206146240234375 -0.115463256835938 -0.180328369140625 -0.0561676025390625
0.166015625 -0.0682373046875 -0.00931930541992186 -0.0561370849609375
0.144821166992188 -0.124130249023438 0.0705413818359375 -0.141647338867188
0.085357666015625 -0.126312255859375 0.0305938720703125 -0.1846923828125
0.0318145751953125 -0.148056030273438 -0.004913330078125 -0.172943115234375
-0.0446701049804688 -0.126022338867187 -0.075164794921875 -0.140762329101563
-0.102378845214844 -0.0810699462890625 -0.102806091308594 -0.0785140991210937
-0.116127014160156 -0.0766830444335938 -0.0700035095214844 -0.0431594848632813
-0.138214111328125 -0.052459716796875 -0.0498428344726563 -0.00633621215820312
-0.116500854492188 -0.0869293212890625 -0.0284538269042969 0.0362586975097656
-0.0973434448242188 -0.139427185058594 -0.0324172973632813 0.0783843994140625
-0.0575103759765625 -0.170822143554688 -0.0957870483398438 0.0963668823242187
0.07086181640625 -0.203338623046875 -0.138343811035156 0.0393600463867188
0.120208740234375 -0.172775268554688 -0.117950439453125 0.0159759521484375
0.19281005859375 -0.171646118164062 -0.0158653259277344 -0.0179843902587891
0.25146484375 -0.09881591796875 -0.0966033935546875 -0.0928955078125
0.225296020507813 -0.083282470703125 0.0457992553710938 -0.0923538208007812
0.185882568359375 -0.178817749023437 0.0908966064453125 -0.156021118164063
0.0864410400390625 -0.183151245117187 0.0404815673828125 -0.177505493164063
0.0153656005859375 -0.19061279296875 0.008026123046875 -0.144546508789063
-0.068603515625 -0.15057373046875 -0.04248046875 -0.0976943969726563
-0.122734069824219 -0.0969314575195312 -0.0500564575195313 -0.0486335754394531
-0.130905151367188 -0.097137451171875 -0.0177402496337891 -0.024749755859375
-0.149002075195313 -0.074737548828125 0.00126361846923827 0.00944232940673827
-0.110527038574219 -0.109031677246094 0.0153121948242187 0.0600090026855469
-0.08331298828125 -0.158859252929688 -0.0063323974609375 0.0978240966796875
-0.0369110107421875 -0.188034057617188 -0.0825729370117187 0.101402282714844
0.109466552734375 -0.211715698242188 -0.127426147460938 0.0273895263671875
0.166305541992188 -0.162948608398438 -0.0936508178710938 -0.0324554443359375
0.237747192382813 -0.138900756835938 0.0553970336914063 -0.0671463012695313
0.252182006835938 -0.0672454833984375 -0.00934600830078123 -0.123466491699219
0.240432739257813 -0.0817413330078125 0.0967330932617188 -0.12786865234375
0.190475463867188 -0.195327758789063 0.102935791015625 -0.15618896484375
0.07330322265625 -0.19891357421875 0.052490234375 -0.154373168945313
-0.00141906738281249 -0.195236206054688 0.0281524658203125 -0.1048583984375
-0.0800323486328125 -0.147247314453125 0.00173187255859374 -0.0535430908203125
-0.123252868652344 -0.095977783203125 0.0101528167724609 -0.0210189819335938
-0.126251220703125 -0.101554870605469 0.0346813201904297 -0.00312042236328126
-0.138214111328125 -0.0865325927734375 0.0516471862792969 0.0330047607421875
-0.0888519287109375 -0.116722106933594 0.0524444580078125 0.0923080444335937
-0.05413818359375 -0.160247802734375 0.01177978515625 0.120933532714844
-0.00494384765624999 -0.182052612304688 -0.0693817138671875 0.105339050292969
0.141677856445313 -0.187896728515625 -0.108383178710937 0.0176849365234375
0.197402954101563 -0.126388549804688 -0.0558624267578125 -0.0671615600585938
0.251174926757813 -0.0836029052734375 0.131019592285156 -0.0958404541015625
0.209060668945313 -0.0224151611328125 0.06280517578125 -0.1439208984375
0.208847045898438 -0.058685302734375 0.130950927734375 -0.153793334960938
0.159072875976563 -0.164535522460938 0.107711791992188 -0.142745971679688
0.051055908203125 -0.166213989257813 0.0667953491210937 -0.122337341308594
-0.00695800781250001 -0.157318115234375 0.0512275695800781 -0.06646728515625
-0.0692062377929688 -0.119247436523437 0.0466537475585937 -0.0185470581054688
-0.100669860839844 -0.0808792114257812 0.0663566589355469 -0.00019454956054688
-0.102767944335938 -0.0895156860351562 0.080810546875 0.0190353393554687
-0.110687255859375 -0.0837783813476563 0.0949554443359375 0.0619049072265625
-0.061187744140625 -0.106658935546875 0.0767135620117188 0.128448486328125
-0.0256576538085938 -0.138511657714844 0.018218994140625 0.144577026367187
0.01922607421875 -0.152557373046875 -0.0578842163085938 0.109611511230469
0.150726318359375 -0.145416259765625 -0.081817626953125 0.0172500610351562
0.200592041015625 -0.076171875 -0.00864410400390624 -0.0782012939453125
0.227890014648438 -0.018707275390625 0.201522827148438 -0.097808837890625
0.133895874023438 0.03155517578125 0.108505249023438 -0.148056030273437
0.146133422851563 -0.01544189453125 0.145553588867188 -0.161605834960938
0.107368469238281 -0.0938186645507813 0.109565734863281 -0.120315551757813
0.03240966796875 -0.09405517578125 0.0839996337890625 -0.0948028564453125
0.00279998779296874 -0.08917236328125 0.0706939697265625 -0.0413665771484375
-0.0361785888671875 -0.076446533203125 0.0802993774414063 -0.000228881835937505
-0.0585136413574219 -0.0559272766113281 0.107139587402344 0.0112686157226562
-0.0645637512207031 -0.0636024475097656 0.114021301269531 0.03759765625
-0.0738525390625 -0.0637359619140625 0.125717163085938 0.0892181396484375
-0.038665771484375 -0.0756378173828125 0.0902099609375 0.160140991210938
-0.0141525268554688 -0.09857177734375 0.0190277099609375 0.164947509765625
0.02069091796875 -0.110542297363281 -0.0457382202148437 0.117462158203125
0.1270751953125 -0.100074768066406 -0.0538215637207031 0.0297584533691406
0.170257568359375 -0.02911376953125 0.0371513366699219 -0.0635414123535156
0.169387817382812 0.0395660400390625 0.257308959960938 -0.07537841796875
-0.0831527709960938 -0.0740432739257812 -0.286956787109375 0.079376220703125
-0.094512939453125 0.0176162719726562 -0.0817718505859375 0.0492706298828125
-0.056060791015625 0.0717315673828125 0.039886474609375 -0.0583915710449219
0.0100173950195312 0.0723724365234375 0.0360870361328125 -0.145660400390625
0.02313232421875 0.0456809997558594 -0.01092529296875 -0.192062377929688
0.0237007141113281 0.0284614562988281 -0.111160278320312 -0.197616577148438
0.0160446166992188 0.0294265747070312 -0.175506591796875 -0.1075439453125
0.0107688903808594 0.036773681640625 -0.155349731445313 -0.050567626953125
0.00421524047851563 0.038421630859375 -0.135597229003906 -0.0100860595703125
-0.0200843811035156 0.0205860137939453 -0.119613647460938 0.00404357910156249
-0.0266952514648438 0.01190185546875 -0.09539794921875 0.0502777099609375
-0.0322952270507813 0.0163726806640625 -0.106910705566406 0.0878524780273438
-0.0589370727539063 -0.00344467163085937 -0.143661499023438 0.10009765625
-0.0719528198242188 -0.04351806640625 -0.148590087890625 0.166671752929687
-0.0680007934570312 -0.100349426269531 -0.137741088867187 0.148651123046875
0.0238571166992188 -0.108306884765625 -0.289794921875 0.04083251953125
-0.00956344604492187 -0.0156421661376953 -0.083984375 0.0152664184570313
0.0120782852172852 0.012089729309082 0.03509521484375 -0.0918502807617188
0.0439300537109375 0.0122451782226562 0.0247650146484375 -0.16583251953125
0.0344772338867187 -0.0209274291992188 -0.0137481689453125 -0.198471069335938
0.00205039978027344 -0.0294246673583984 -0.112258911132813 -0.1978759765625
-0.0307598114013672 -0.011474609375 -0.174102783203125 -0.11016845703125
-0.0440635681152344 -0.00370025634765624 -0.150054931640625 -0.054443359375
-0.0596771240234375 0.00790405273437499 -0.130165100097656 -0.0103912353515625
-0.0714645385742188 -0.022491455078125 -0.10906982421875 0.0122146606445312
-0.0676307678222656 -0.0561332702636719 -0.0865020751953125 0.0578079223632812
-0.0504150390625 -0.0705337524414063 -0.113922119140625 0.0920944213867188
-0.00902557373046874 -0.0987014770507812 -0.14947509765625 0.0795440673828125
0.00147247314453125 -0.112037658691406 -0.14605712890625 0.130355834960938
0.032623291015625 -0.157058715820312 -0.12213134765625 0.10662841796875
0.129676818847656 -0.127906799316406 -0.256881713867188 -0.00282287597656253
0.0875015258789063 -0.049346923828125 -0.0580329895019531 -0.0196723937988281
0.0854034423828125 -0.0619049072265625 0.0478515625 -0.125167846679688
0.0726318359375 -0.0623779296875 0.0206146240234375 -0.186477661132813
0.0376968383789063 -0.0939254760742188 -0.0162811279296875 -0.197769165039063
-0.0235671997070312 -0.0873641967773438 -0.106216430664063 -0.1805419921875
-0.0761795043945313 -0.0514068603515625 -0.154067993164063 -0.09881591796875
-0.0934982299804688 -0.0435333251953125 -0.122245788574219 -0.0514602661132813
-0.115074157714844 -0.021514892578125 -0.100784301757813 -0.0078277587890625
-0.111076354980469 -0.0579605102539062 -0.0757904052734375 0.0250396728515625
-0.100090026855469 -0.1082763671875 -0.0625076293945313 0.07177734375
-0.0684127807617188 -0.137252807617188 -0.109542846679688 0.102317810058594
0.0289764404296875 -0.176498413085938 -0.151840209960938 0.065521240234375
0.0644989013671875 -0.165603637695313 -0.139030456542969 0.0816650390625
0.12408447265625 -0.191543579101563 -0.0811080932617187 0.0486602783203125
0.216278076171875 -0.132415771484375 -0.19036865234375 -0.04620361328125
0.177597045898438 -0.08154296875 -0.00909805297851561 -0.0565719604492188
0.14935302734375 -0.142593383789063 0.069610595703125 -0.151809692382813
0.08636474609375 -0.141860961914063 0.0246124267578125 -0.197418212890625
0.026123046875 -0.161865234375 -0.012603759765625 -0.184661865234375
-0.054656982421875 -0.133552551269531 -0.08563232421875 -0.146865844726563
-0.113960266113281 -0.082244873046875 -0.111968994140625 -0.0758895874023438
-0.130233764648438 -0.075469970703125 -0.0762481689453125 -0.0403823852539062
-0.15142822265625 -0.048248291015625 -0.0537261962890625 -0.00193786621093751
-0.129997253417969 -0.0882720947265625 -0.028961181640625 0.0419158935546875
-0.1119384765625 -0.144638061523438 -0.0314483642578125 0.087860107421875
-0.0702362060546875 -0.180221557617188 -0.0975265502929688 0.112220764160156
0.0652008056640625 -0.223037719726563 -0.14886474609375 0.052215576171875
0.120956420898438 -0.191085815429688 -0.126632690429688 0.0254364013671875
0.198150634765625 -0.1947021484375 -0.0212268829345703 -0.0159645080566406
0.26556396484375 -0.1185302734375 -0.102607727050781 -0.089691162109375
0.238235473632813 -0.1025390625 0.0483627319335938 -0.0980758666992188
0.188629150390625 -0.203353881835938 0.090423583984375 -0.167068481445313
0.0834197998046875 -0.201263427734375 0.035064697265625 -0.189071655273438
0.00509643554687499 -0.20556640625 0.00250244140624999 -0.154006958007813
-0.0814056396484375 -0.157882690429688 -0.0479278564453125 -0.102012634277344
-0.136192321777344 -0.0978469848632813 -0.0531997680664063 -0.0476722717285156
-0.1470947265625 -0.0959625244140625 -0.0202693939208985 -0.0239944458007813
-0.163803100585938 -0.0709991455078125 0.00183582305908202 0.01220703125
-0.124443054199219 -0.111137390136719 0.0198211669921875 0.0648956298828125
-0.0984039306640625 -0.165603637695312 -0.00151824951171877 0.106346130371094
-0.0491943359375 -0.199066162109375 -0.0832290649414062 0.117012023925781
0.104507446289063 -0.233718872070312 -0.138168334960938 0.0386581420898437
0.170242309570313 -0.18310546875 -0.103675842285156 -0.0267333984375
0.247222900390625 -0.162750244140625 0.052398681640625 -0.0725250244140625
0.266265869140625 -0.08648681640625 -0.0110015869140625 -0.127975463867188
0.252349853515625 -0.102554321289063 0.10052490234375 -0.138534545898438
0.191085815429688 -0.221343994140625 0.103057861328125 -0.168304443359375
0.0677490234375 -0.215988159179688 0.04913330078125 -0.164596557617187
-0.0123748779296875 -0.208724975585938 0.0255889892578125 -0.112724304199219
-0.09320068359375 -0.153396606445313 0.00218963623046874 -0.0565032958984375
-0.136276245117188 -0.096405029296875 0.0124340057373047 -0.0222854614257813
-0.141708374023438 -0.100326538085938 0.0372505187988281 -0.00349044799804688
-0.152175903320313 -0.083251953125 0.0573921203613281 0.0337066650390625
-0.10125732421875 -0.12127685546875 0.0619583129882812 0.0966262817382812
-0.066314697265625 -0.167678833007812 0.0182952880859375 0.129753112792969
-0.014984130859375 -0.193496704101563 -0.0694808959960937 0.12005615234375
0.1396484375 -0.209945678710938 -0.117820739746094 0.0273361206054688
0.203857421875 -0.146453857421875 -0.0650825500488281 -0.065887451171875
0.263336181640625 -0.10491943359375 0.131309509277344 -0.107559204101563
0.221893310546875 -0.0368194580078125 0.064483642578125 -0.154205322265625
0.2197265625 -0.076385498046875 0.134674072265625 -0.168594360351562
0.15850830078125 -0.18585205078125 0.108367919921875 -0.155426025390625
0.0448760986328125 -0.179031372070313 0.0657501220703125 -0.132469177246094
-0.0171661376953125 -0.166961669921875 0.051544189453125 -0.0735549926757813
-0.080047607421875 -0.123382568359375 0.0520782470703125 -0.0223884582519531
-0.110725402832031 -0.0802383422851562 0.0731048583984375 -0.00448608398437501
-0.114845275878906 -0.0882339477539063 0.0871200561523437 0.0162506103515625
-0.12225341796875 -0.081573486328125 0.104942321777344 0.0615768432617188
-0.07098388671875 -0.110626220703125 0.0898513793945313 0.133575439453125
-0.03466796875 -0.145706176757813 0.0270233154296875 0.155471801757813
0.012908935546875 -0.163177490234375 -0.0569305419921875 0.123146057128906
0.15118408203125 -0.164520263671875 -0.0894699096679687 0.0241546630859375
0.209320068359375 -0.092620849609375 -0.0153656005859375 -0.0808792114257813
0.2418212890625 -0.0354461669921875 0.206802368164063 -0.11370849609375
0.142547607421875 0.024658203125 0.112319946289063 -0.161819458007813
0.153366088867187 -0.0262451171875 0.148605346679688 -0.178909301757813
0.106544494628906 -0.107658386230469 0.112548828125 -0.131973266601563
0.028076171875 -0.100669860839844 0.085296630859375 -0.105415344238281
-0.00316619873046876 -0.0943603515625 0.0739288330078125 -0.0478134155273438
-0.043182373046875 -0.0774917602539063 0.0890655517578125 -0.0046234130859375
-0.063873291015625 -0.0552787780761719 0.116256713867188 0.00556182861328125
-0.0716705322265625 -0.0617294311523438 0.122627258300781 0.03375244140625
-0.0808639526367188 -0.0622711181640625 0.139015197753906 0.08892822265625
-0.0442123413085938 -0.0778732299804688 0.105575561523438 0.166427612304687
-0.0193099975585937 -0.102630615234375 0.0284576416015625 0.177825927734375
0.0157089233398438 -0.116493225097656 -0.0429153442382813 0.129890441894531
0.127410888671875 -0.113471984863281 -0.0588569641113281 0.0359039306640625
0.1778564453125 -0.0409698486328125 0.033935546875 -0.0687675476074219
0.181549072265625 0.0296783447265625 0.266738891601563 -0.093597412109375
-0.0894699096679688 -0.0677642822265625 -0.2919921875 0.106903076171875
-0.0953140258789063 0.0263824462890625 -0.0808639526367187 0.058624267578125
-0.0513992309570313 0.0782089233398437 0.039398193359375 -0.0649299621582031
0.0172958374023437 0.0707015991210938 0.02972412109375 -0.15631103515625
0.0270195007324219 0.0436515808105469 -0.024749755859375 -0.202850341796875
0.0245723724365234 0.0272388458251953 -0.13275146484375 -0.20025634765625
0.0181236267089844 0.0287742614746094 -0.192153930664063 -0.0984954833984375
0.0134162902832031 0.0360603332519531 -0.167388916015625 -0.0395660400390625
0.006011962890625 0.0378341674804688 -0.1434326171875 0.00131225585937497
-0.0204086303710937 0.021881103515625 -0.128036499023438 0.0146026611328125
-0.0274562835693359 0.0118522644042969 -0.09765625 0.0607452392578125
-0.0312709808349609 0.0181865692138672 -0.106155395507813 0.1005859375
-0.0590972900390625 0.000286102294921869 -0.145278930664063 0.116806030273438
-0.0762100219726563 -0.0397872924804687 -0.144393920898438 0.186172485351563
-0.0779800415039062 -0.0962677001953125 -0.13623046875 0.168487548828125
0.02008056640625 -0.112075805664063 -0.296844482421875 0.066436767578125
-0.00722312927246093 -0.0152788162231445 -0.0849380493164063 0.024078369140625
0.0160846710205078 0.00913524627685547 0.0321197509765625 -0.0982666015625
0.0488014221191406 0.00495147705078125 0.015655517578125 -0.174835205078125
0.0344066619873047 -0.0280933380126953 -0.0275421142578125 -0.208847045898438
-0.00164985656738281 -0.0330753326416016 -0.13330078125 -0.200439453125
-0.0351123809814453 -0.0106563568115234 -0.190780639648438 -0.100967407226563
-0.0480232238769531 -0.0018310546875 -0.161087036132813 -0.0431365966796875
-0.0635490417480469 0.0118255615234375 -0.137557983398437 0.00175476074218749
-0.078125 -0.0195083618164062 -0.115676879882813 0.0229949951171875
-0.0757217407226563 -0.05523681640625 -0.0877685546875 0.068817138671875
-0.0568161010742188 -0.0718841552734375 -0.113265991210937 0.107124328613281
-0.0147628784179687 -0.103935241699219 -0.153030395507813 0.0968017578125
-0.0047607421875 -0.117515563964844 -0.144744873046875 0.150100708007812
0.0238494873046875 -0.164825439453125 -0.123001098632812 0.123931884765625
0.130462646484375 -0.141510009765625 -0.264480590820312 0.0196685791015625
0.0922698974609375 -0.05828857421875 -0.0585441589355469 -0.0142402648925781
0.0876922607421875 -0.074127197265625 0.0426406860351563 -0.133087158203125
0.0717926025390625 -0.0746536254882813 0.00979614257812502 -0.195785522460938
0.0320510864257812 -0.104598999023437 -0.030426025390625 -0.207550048828125
-0.0324630737304687 -0.0921554565429687 -0.124710083007813 -0.182418823242187
-0.0855712890625 -0.0499954223632812 -0.167404174804688 -0.0902252197265625
-0.103530883789063 -0.0387802124023438 -0.131759643554688 -0.0416336059570313
-0.123542785644531 -0.0138626098632812 -0.106460571289063 0.00210571289062501
-0.122787475585938 -0.054107666015625 -0.078948974609375 0.0337448120117187
-0.11419677734375 -0.107498168945313 -0.0615997314453125 0.0816497802734375
-0.0818328857421875 -0.140380859375 -0.107467651367187 0.119094848632813
0.017730712890625 -0.189254760742188 -0.157608032226563 0.0826416015624999
0.0571746826171875 -0.178619384765625 -0.141036987304687 0.0982208251953125
0.116363525390625 -0.209716796875 -0.0845489501953125 0.0601577758789062
0.219451904296875 -0.153900146484375 -0.197036743164063 -0.029571533203125
0.183090209960938 -0.100067138671875 -0.010101318359375 -0.0563926696777344
0.147735595703125 -0.163177490234375 0.063262939453125 -0.161666870117188
0.0803680419921875 -0.157699584960937 0.0130157470703125 -0.206146240234375
0.0142669677734375 -0.174407958984375 -0.025360107421875 -0.1927490234375
-0.068328857421875 -0.138198852539063 -0.0996551513671875 -0.147750854492188
-0.126930236816406 -0.0788345336914063 -0.120872497558594 -0.0697402954101563
-0.144058227539063 -0.0691375732421875 -0.082733154296875 -0.0338821411132813
-0.16314697265625 -0.0388336181640625 -0.0570564270019531 0.00507736206054688
-0.143829345703125 -0.0836639404296875 -0.0280265808105469 0.0474205017089844
-0.129730224609375 -0.14483642578125 -0.0263824462890625 0.0965576171875
-0.0873565673828125 -0.184616088867188 -0.0938873291015625 0.128768920898438
0.05096435546875 -0.2412109375 -0.1551513671875 0.0693817138671875
0.114212036132812 -0.210037231445313 -0.1326904296875 0.0397796630859375
0.193328857421875 -0.220672607421875 -0.0261917114257812 -0.0120468139648438
0.271072387695313 -0.145584106445312 -0.107765197753906 -0.0820541381835938
0.244491577148438 -0.127960205078125 0.0476150512695313 -0.103706359863281
0.182662963867188 -0.230194091796875 0.0837554931640625 -0.178497314453125
0.0725860595703125 -0.2186279296875 0.0241851806640625 -0.198501586914063
-0.0112762451171875 -0.217742919921875 -0.00767517089843751 -0.161666870117188
-0.098876953125 -0.161712646484375 -0.0556106567382813 -0.103324890136719
-0.151214599609375 -0.09326171875 -0.0572013854980469 -0.0449256896972656
-0.1630859375 -0.0882568359375 -0.0224990844726563 -0.0214653015136719
-0.177749633789063 -0.0607147216796875 0.00253868103027343 0.0146856307983398
-0.1402587890625 -0.108100891113281 0.0261306762695313 0.0676116943359375
-0.11627197265625 -0.167678833007813 0.00618743896484373 0.113960266113281
-0.0670928955078125 -0.20562744140625 -0.07806396484375 0.133514404296875
0.0907440185546875 -0.255340576171875 -0.145004272460938 0.0543975830078125
0.165390014648438 -0.205947875976563 -0.112533569335937 -0.0175628662109375
0.247039794921875 -0.1923828125 0.0460739135742188 -0.0768051147460938
0.273544311523438 -0.112655639648438 -0.015167236328125 -0.129791259765625
0.257766723632813 -0.12982177734375 0.0986328125 -0.150772094726563
0.182052612304688 -0.248687744140625 0.09716796875 -0.180679321289063
0.0541229248046875 -0.231948852539063 0.04022216796875 -0.174209594726563
-0.03118896484375 -0.21795654296875 0.0194091796875 -0.1197509765625
-0.109359741210938 -0.1551513671875 0.000892639160156241 -0.059600830078125
-0.150070190429687 -0.090911865234375 0.0140724182128906 -0.0239944458007813
-0.156829833984375 -0.091827392578125 0.0390090942382812 -0.00504684448242188
-0.165863037109375 -0.075347900390625 0.062347412109375 0.0326385498046875
-0.115692138671875 -0.120223999023437 0.0732879638671875 0.0969009399414062
-0.083221435546875 -0.171768188476562 0.0301055908203125 0.137245178222656
-0.0307464599609375 -0.201736450195313 -0.0635147094726563 0.135421752929688
0.12841796875 -0.233154296875 -0.123825073242187 0.0400314331054687
0.20306396484375 -0.170135498046875 -0.0751724243164062 -0.0614242553710938
0.2681884765625 -0.133514404296875 0.126441955566406 -0.120330810546875
0.230072021484375 -0.0579376220703125 0.061370849609375 -0.165115356445313
0.223556518554688 -0.0997467041015625 0.131393432617188 -0.1859130859375
0.149398803710938 -0.20806884765625 0.104598999023438 -0.168685913085938
0.032806396484375 -0.1900634765625 0.05999755859375 -0.14202880859375
-0.032928466796875 -0.172775268554688 0.04986572265625 -0.08050537109375
-0.0939254760742188 -0.122779846191406 0.0559463500976562 -0.0277061462402344
-0.122085571289063 -0.075103759765625 0.0786972045898437 -0.0107879638671875
-0.127212524414062 -0.0814590454101563 0.0930252075195312 0.0112380981445312
-0.133872985839844 -0.0742263793945312 0.114044189453125 0.0569305419921875
-0.0825424194335938 -0.111076354980469 0.106010437011719 0.132957458496094
-0.046875 -0.150054931640625 0.0414886474609375 0.164215087890625
0.000808715820312519 -0.171127319335938 -0.0504150390625 0.137321472167969
0.143585205078125 -0.184707641601563 -0.0941543579101563 0.0342941284179687
0.2109375 -0.113906860351563 -0.0239715576171875 -0.0812835693359375
0.249526977539063 -0.0590667724609375 0.205093383789063 -0.133438110351563
0.1507568359375 0.012786865234375 0.110260009765625 -0.177719116210938
0.156707763671875 -0.0420989990234375 0.14532470703125 -0.198440551757812
0.100448608398437 -0.121803283691406 0.109420776367188 -0.146484375
0.0211563110351563 -0.106697082519531 0.0824050903320313 -0.116134643554688
-0.0121383666992188 -0.0975418090820313 0.0745010375976563 -0.0555953979492188
-0.0511398315429688 -0.0770263671875 0.0960845947265625 -0.0124053955078125
-0.0700645446777344 -0.0523185729980469 0.123908996582031 -0.004547119140625
-0.079803466796875 -0.0577774047851562 0.131332397460938 0.0251693725585938
-0.0890121459960938 -0.0566635131835937 0.152435302734375 0.081695556640625
-0.051605224609375 -0.0779800415039063 0.124221801757813 0.16558837890625
-0.0270767211914062 -0.105247497558594 0.043701171875 0.186614990234375
0.00780487060546876 -0.120765686035156 -0.0366668701171875 0.141876220703125
0.122154235839844 -0.128341674804688 -0.0619621276855469 0.0427932739257813
0.180740356445313 -0.057952880859375 0.0267257690429688 -0.072845458984375
0.190139770507813 0.0145721435546875 0.269393920898437 -0.11798095703125
-0.0923614501953125 -0.0587005615234375 -0.286376953125 0.13153076171875
-0.09210205078125 0.0343704223632812 -0.0759963989257813 0.0667495727539062
-0.0445709228515625 0.0821075439453125 0.0375747680664063 -0.0698890686035156
0.0230522155761719 0.066650390625 0.0203857421875 -0.162445068359375
0.0307350158691406 0.0392417907714844 -0.0400848388671875 -0.20794677734375
0.0253753662109375 0.0252895355224609 -0.152389526367188 -0.195632934570312
0.0188255310058594 0.0273170471191406 -0.203948974609375 -0.084625244140625
0.0152702331542969 0.0341300964355469 -0.173477172851563 -0.026153564453125
0.00785446166992188 0.0367164611816406 -0.146743774414063 0.0144500732421875
-0.0204448699951172 0.022857666015625 -0.132179260253906 0.02703857421875
-0.0278091430664063 0.0128574371337891 -0.0965118408203125 0.0699615478515625
-0.0295467376708984 0.0185832977294922 -0.101768493652344 0.11187744140625
-0.0578384399414063 0.00418853759765625 -0.141372680664062 0.131057739257813
-0.078460693359375 -0.0340728759765625 -0.134963989257812 0.202102661132813
-0.085662841796875 -0.0883255004882812 -0.12933349609375 0.183502197265625
0.0161895751953125 -0.113273620605469 -0.29296875 0.092498779296875
-0.00499916076660156 -0.0151948928833008 -0.0817947387695313 0.032196044921875
0.0195808410644531 0.00603866577148438 0.0275039672851563 -0.102401733398438
0.0500907897949219 -0.00298309326171875 0.00482177734374999 -0.179534912109375
0.0323753356933594 -0.0340766906738281 -0.043182373046875 -0.213119506835938
-0.00608062744140625 -0.0352096557617188 -0.152420043945313 -0.195693969726563
-0.0386238098144531 -0.00972366333007812 -0.201812744140625 -0.0874176025390624
-0.0505485534667969 0.000869750976562501 -0.16741943359375 -0.029937744140625
-0.0656814575195313 0.0160789489746094 -0.140449523925781 0.0144729614257813
-0.0823516845703125 -0.0150833129882813 -0.11822509765625 0.03466796875
-0.0830307006835937 -0.0524978637695313 -0.08612060546875 0.078338623046875
-0.06329345703125 -0.0706253051757813 -0.107589721679688 0.120101928710938
-0.0223922729492187 -0.106285095214844 -0.151763916015625 0.11248779296875
-0.011566162109375 -0.119163513183594 -0.136856079101563 0.165328979492187
0.012847900390625 -0.16796875 -0.118400573730469 0.138038635253906
0.125808715820313 -0.153793334960938 -0.262420654296875 0.043060302734375
0.0930862426757813 -0.0679931640625 -0.0572967529296875 -0.00822067260742189
0.0855255126953125 -0.0848236083984375 0.0351638793945313 -0.137351989746094
0.06890869140625 -0.0849380493164063 -0.00329589843750002 -0.199371337890625
0.0238113403320312 -0.111686706542969 -0.0451507568359375 -0.2110595703125
-0.042327880859375 -0.0937271118164062 -0.140914916992188 -0.176895141601563
-0.0935821533203125 -0.0455780029296875 -0.175857543945313 -0.078094482421875
-0.110206604003906 -0.031585693359375 -0.136421203613281 -0.02978515625
-0.128585815429688 -0.00518035888671873 -0.108650207519531 0.0133819580078125
-0.130996704101563 -0.0468368530273437 -0.0792617797851563 0.0431365966796875
-0.126731872558594 -0.102081298828125 -0.0574722290039063 0.090057373046875
-0.09423828125 -0.138229370117188 -0.100700378417969 0.133216857910156
0.0034027099609375 -0.196792602539063 -0.156982421875 0.0996856689453125
0.0469512939453125 -0.18701171875 -0.137359619140625 0.11395263671875
0.103164672851563 -0.222854614257812 -0.0846023559570313 0.0704574584960937
0.215728759765625 -0.174285888671875 -0.196929931640625 -0.0124969482421875
0.181854248046875 -0.119552612304688 -0.0105056762695312 -0.0541801452636719
0.138595581054688 -0.18048095703125 0.054534912109375 -0.166702270507813
0.070465087890625 -0.169448852539063 -0.00106811523437501 -0.20953369140625
-3.05175781250027E-05 -0.181854248046875 -0.0397186279296875 -0.195404052734375
-0.0819549560546875 -0.138626098632812 -0.112106323242188 -0.142974853515625
-0.137451171875 -0.0722274780273438 -0.126411437988281 -0.060791015625
-0.154510498046875 -0.0585784912109375 -0.0861358642578125 -0.0259017944335937
-0.1710205078125 -0.0269012451171875 -0.0573234558105469 0.0125732421875
-0.1551513671875 -0.075469970703125 -0.0252952575683594 0.0525703430175781
-0.1456298828125 -0.139053344726563 -0.0207672119140625 0.103096008300781
-0.103317260742187 -0.183456420898438 -0.0854034423828125 0.142623901367188
0.03155517578125 -0.252578735351563 -0.156036376953125 0.0861358642578125
0.101943969726563 -0.224151611328125 -0.13360595703125 0.0541229248046875
0.18048095703125 -0.24078369140625 -0.0306015014648437 -0.00736236572265626
0.268081665039062 -0.170440673828125 -0.109596252441406 -0.0729827880859375
0.240875244140625 -0.152587890625 0.044097900390625 -0.107528686523438
0.167999267578125 -0.251632690429688 0.0742645263671875 -0.186172485351563
0.0580596923828125 -0.230453491210938 0.011322021484375 -0.201812744140625
-0.0297698974609375 -0.223175048828125 -0.019195556640625 -0.163711547851562
-0.114791870117187 -0.158432006835938 -0.0629196166992188 -0.100776672363281
-0.162460327148437 -0.0840301513671875 -0.0588645935058594 -0.0416488647460938
-0.174102783203125 -0.076416015625 -0.0234584808349609 -0.018096923828125
-0.186904907226562 -0.0473480224609375 0.00411605834960936 0.017390251159668
-0.152603149414063 -0.100311279296875 0.0320167541503906 0.0685844421386719
-0.132919311523438 -0.163345336914063 0.015228271484375 0.118232727050781
-0.08477783203125 -0.205825805664063 -0.0679931640625 0.1463623046875
0.071075439453125 -0.270248413085938 -0.146041870117188 0.0702667236328125
0.154129028320313 -0.22467041015625 -0.117195129394531 -0.00624084472656253
0.236770629882813 -0.217300415039063 0.0380859375 -0.0795669555664063
0.271804809570313 -0.138473510742188 -0.0188751220703125 -0.129135131835938
0.2525634765625 -0.155487060546875 0.0925750732421875 -0.159759521484375
0.16387939453125 -0.269668579101562 0.0878753662109375 -0.18975830078125
0.0371246337890625 -0.240966796875 0.028900146484375 -0.178604125976563
-0.050140380859375 -0.220733642578125 0.011688232421875 -0.123260498046875
-0.125518798828125 -0.150344848632813 -0.001220703125 -0.0611495971679688
-0.160812377929688 -0.0815277099609375 0.0150127410888672 -0.0260887145996094
-0.168563842773438 -0.0803680419921875 0.0402641296386719 -0.00682830810546876
-0.175399780273437 -0.0618438720703125 0.06658935546875 0.0302963256835937
-0.127754211425781 -0.114166259765625 0.08270263671875 0.0941085815429687
-0.09814453125 -0.169540405273438 0.0414810180664063 0.140182495117188
-0.04681396484375 -0.2039794921875 -0.0543060302734375 0.146865844726563
0.11053466796875 -0.249099731445312 -0.125862121582031 0.054656982421875
0.194015502929688 -0.191009521484375 -0.0830841064453125 -0.0546112060546875
0.261856079101563 -0.159393310546875 0.116363525390625 -0.130218505859375
0.2294921875 -0.0794830322265625 0.055511474609375 -0.172439575195313
0.219161987304688 -0.121841430664062 0.122848510742188 -0.19921875
0.13311767578125 -0.22564697265625 0.09576416015625 -0.178466796875
0.0178985595703125 -0.196243286132813 0.0519256591796875 -0.148300170898438
-0.0487060546875 -0.17376708984375 0.0456161499023438 -0.085113525390625
-0.10577392578125 -0.117843627929688 0.0577163696289062 -0.0330619812011719
-0.129615783691406 -0.0675125122070312 0.0815353393554688 -0.0179443359375
-0.136734008789063 -0.0717239379882813 0.0960845947265625 0.00502777099609375
-0.141799926757813 -0.0640716552734375 0.121536254882813 0.0504837036132813
-0.0923004150390625 -0.107391357421875 0.118972778320313 0.127304077148438
-0.059600830078125 -0.149642944335938 0.0554962158203125 0.166061401367188
-0.011444091796875 -0.173934936523438 -0.040924072265625 0.147750854492188
0.129913330078125 -0.200271606445313 -0.0960922241210937 0.0445327758789062
0.20513916015625 -0.134109497070313 -0.0334014892578125 -0.0790786743164063
0.24822998046875 -0.0825653076171875 0.195770263671875 -0.149856567382813
0.153610229492188 -0.000823974609375 0.103790283203125 -0.190505981445313
0.154312133789063 -0.05767822265625 0.135696411132813 -0.21441650390625
0.0902252197265625 -0.132781982421875 0.103469848632813 -0.157012939453125
0.0120315551757813 -0.109184265136719 0.0766677856445313 -0.124649047851562
-0.0218124389648437 -0.0975875854492188 0.0728607177734375 -0.0618438720703125
-0.0582962036132813 -0.0733108520507813 0.0992965698242188 -0.0209121704101563
-0.0739822387695313 -0.0474624633789062 0.127655029296875 -0.01593017578125
-0.0850906372070313 -0.0507354736328125 0.135284423828125 0.0158767700195312
-0.0933151245117187 -0.049468994140625 0.16162109375 0.0716400146484375
-0.0574951171875 -0.0754776000976563 0.140548706054688 0.1590576171875
-0.035369873046875 -0.104057312011719 0.0595245361328125 0.189239501953125
-0.000450134277343756 -0.122291564941406 -0.0270538330078125 0.150863647460938
0.112266540527344 -0.139801025390625 -0.0624313354492187 0.0505409240722656
0.176773071289063 -0.0738372802734375 0.0192413330078125 -0.075469970703125
0.193267822265625 -0.0021514892578125 0.262451171875 -0.139175415039063
-0.0925750732421875 -0.0516586303710937 -0.27679443359375 0.148880004882813
-0.0878524780273438 0.0402755737304687 -0.0703201293945312 0.0724105834960938
-0.03802490234375 0.083587646484375 0.035675048828125 -0.0726547241210938
0.0267982482910156 0.0620155334472656 0.0137481689453125 -0.16583251953125
0.0323982238769531 0.036407470703125 -0.052001953125 -0.209686279296875
0.0254707336425781 0.0236892700195313 -0.166244506835938 -0.188720703125
0.0191993713378906 0.0258350372314453 -0.209747314453125 -0.0721435546875
0.0161800384521484 0.0323524475097656 -0.175445556640625 -0.0145721435546875
0.00874710083007813 0.0358200073242188 -0.1478271484375 0.024261474609375
-0.0210323333740234 0.0228538513183594 -0.132911682128906 0.0372085571289063
-0.0280475616455078 0.0137996673583984 -0.0945205688476563 0.0774993896484375
-0.0275230407714844 0.0185546875 -0.0972518920898438 0.118705749511719
-0.0557174682617187 0.00651550292968751 -0.136703491210938 0.140571594238281
-0.0792388916015625 -0.0293121337890625 -0.125198364257812 0.211395263671875
-0.0891036987304687 -0.0804214477539063 -0.122039794921875 0.194107055664063
0.0140304565429687 -0.113800048828125 -0.284149169921875 0.110504150390625
-0.00279617309570312 -0.0155839920043945 -0.077545166015625 0.03802490234375
0.0220565795898437 0.00254058837890625 0.02325439453125 -0.104118347167969
0.0501937866210938 -0.00979232788085938 -0.00289916992187498 -0.181732177734375
0.029541015625 -0.0386772155761719 -0.0547027587890625 -0.214309692382812
-0.00980758666992188 -0.0361099243164063 -0.165451049804687 -0.188522338867187
-0.0411834716796875 -0.00806808471679687 -0.206863403320313 -0.074493408203125
-0.0525894165039063 0.00339889526367187 -0.1685791015625 -0.0186767578125
-0.0666694641113281 0.0190048217773437 -0.140655517578125 0.0248870849609375
-0.0859909057617188 -0.0115127563476562 -0.11846923828125 0.0447769165039062
-0.08807373046875 -0.048919677734375 -0.0828933715820313 0.085357666015625
-0.0673866271972656 -0.0691299438476562 -0.101654052734375 0.128684997558594
-0.0276336669921875 -0.107040405273438 -0.147933959960938 0.124725341796875
-0.0164947509765625 -0.119499206542969 -0.129196166992188 0.175628662109375
0.0046844482421875 -0.168380737304687 -0.113967895507813 0.14801025390625
0.121490478515625 -0.16156005859375 -0.256118774414063 0.0601806640624999
0.0927581787109375 -0.0750885009765625 -0.0546913146972656 -0.00327682495117187
0.0831832885742188 -0.092926025390625 0.0297164916992188 -0.139106750488281
0.0648269653320313 -0.0925750732421875 -0.0114593505859375 -0.199066162109375
0.0165328979492188 -0.117118835449219 -0.0562896728515625 -0.210983276367188
-0.0499725341796875 -0.0938644409179688 -0.151519775390625 -0.17041015625
-0.098663330078125 -0.04119873046875 -0.179702758789063 -0.0673065185546875
-0.114822387695313 -0.0255813598632812 -0.137283325195313 -0.020263671875
-0.131134033203125 0.00281524658203124 -0.107734680175781 0.0226593017578125
-0.135841369628906 -0.0398712158203125 -0.078033447265625 0.0505142211914063
-0.134910583496094 -0.095733642578125 -0.053558349609375 0.0959701538085938
-0.102554321289062 -0.135467529296875 -0.0931854248046875 0.142822265625
-0.00810241699218748 -0.199127197265625 -0.154296875 0.113052368164063
0.0384674072265625 -0.19195556640625 -0.132392883300781 0.125022888183594
0.092620849609375 -0.2293701171875 -0.0826034545898437 0.0784530639648438
0.210220336914063 -0.189437866210938 -0.192031860351562 0.000793457031249962
0.178665161132812 -0.132614135742188 -0.00999450683593749 -0.0514450073242188
0.129547119140625 -0.192825317382812 0.0469970703125 -0.169174194335938
0.061859130859375 -0.17742919921875 -0.010406494140625 -0.209136962890625
-0.011993408203125 -0.18426513671875 -0.049957275390625 -0.194244384765625
-0.0927658081054688 -0.136375427246094 -0.119392395019531 -0.137420654296875
-0.145172119140625 -0.0650177001953125 -0.128349304199219 -0.0535049438476563
-0.160491943359375 -0.0489044189453125 -0.086273193359375 -0.0189666748046875
-0.174957275390625 -0.0160675048828125 -0.0564079284667969 0.0189857482910156
-0.162078857421875 -0.067779541015625 -0.0224037170410156 0.0558509826660156
-0.15643310546875 -0.131759643554688 -0.0149154663085938 0.107063293457031
-0.115264892578125 -0.1795654296875 -0.077056884765625 0.151763916015625
0.0158843994140625 -0.257919311523438 -0.154464721679687 0.099853515625
0.0911865234375 -0.232833862304688 -0.131927490234375 0.0642547607421875
0.1678466796875 -0.252838134765625 -0.0334491729736328 -0.00263786315917971
0.260940551757812 -0.188735961914062 -0.107292175292969 -0.0652236938476563
0.234771728515625 -0.170623779296875 0.0425033569335938 -0.108543395996094
0.152801513671875 -0.26513671875 0.06610107421875 -0.188720703125
0.04534912109375 -0.235977172851563 0.00207519531250001 -0.201858520507813
-0.045166015625 -0.224472045898438 -0.027099609375 -0.163467407226563
-0.126708984375 -0.154022216796875 -0.0673065185546875 -0.0978240966796875
-0.170196533203125 -0.076171875 -0.0590438842773438 -0.0387496948242188
-0.181045532226563 -0.064544677734375 -0.0230674743652344 -0.0146064758300781
-0.191741943359375 -0.035247802734375 0.00614929199218749 0.0196399688720703
-0.160537719726563 -0.0926361083984375 0.0362052917480469 0.0677452087402344
-0.144638061523438 -0.156784057617188 0.0220565795898438 0.120201110839844
-0.0976562499999999 -0.202835083007813 -0.0594635009765625 0.1552734375
0.0536651611328125 -0.277557373046875 -0.145156860351563 0.0837249755859375
0.143096923828125 -0.23651123046875 -0.119384765625 0.00322723388671876
0.225067138671875 -0.233795166015625 0.031158447265625 -0.0788345336914063
0.265838623046875 -0.157867431640625 -0.0202255249023437 -0.12811279296875
0.244277954101562 -0.174026489257812 0.087554931640625 -0.1646728515625
0.146331787109375 -0.28314208984375 0.079132080078125 -0.193130493164063
0.02313232421875 -0.244903564453125 0.0208892822265625 -0.179092407226563
-0.065399169921875 -0.219329833984375 0.00669097900390624 -0.12359619140625
-0.136306762695313 -0.143936157226562 -0.00252151489257814 -0.0615310668945313
-0.167129516601563 -0.0731201171875 0.0154380798339844 -0.0279121398925781
-0.174301147460938 -0.06982421875 0.0414199829101562 -0.00835418701171875
-0.180191040039063 -0.0507659912109375 0.0699920654296875 0.0282211303710937
-0.135948181152344 -0.108543395996094 0.089263916015625 0.0900115966796875
-0.109649658203125 -0.164932250976562 0.0510406494140625 0.1409912109375
-0.058624267578125 -0.202972412109375 -0.0446929931640625 0.154998779296875
0.094451904296875 -0.258697509765625 -0.125984191894531 0.0652847290039062
0.183578491210938 -0.204483032226563 -0.0880508422851562 -0.047119140625
0.25360107421875 -0.178314208984375 0.106857299804688 -0.135086059570313
0.225921630859375 -0.0964813232421875 0.052093505859375 -0.176177978515625
0.212066650390625 -0.138580322265625 0.115280151367187 -0.206390380859375
0.117416381835938 -0.235687255859375 0.0879669189453125 -0.183319091796875
0.006317138671875 -0.196975708007813 0.0456390380859375 -0.150283813476563
-0.0608062744140625 -0.170700073242187 0.0428390502929688 -0.08758544921875
-0.114364624023438 -0.111587524414063 0.0594329833984375 -0.037017822265625
-0.134574890136719 -0.06072998046875 0.0825347900390625 -0.0243606567382813
-0.1412353515625 -0.0623626708984375 0.096954345703125 -0.000190734863281254
-0.145599365234375 -0.05450439453125 0.12554931640625 0.0447616577148438
-0.0992507934570313 -0.1031494140625 0.127983093261719 0.121177673339844
-0.0683441162109375 -0.147659301757813 0.0657958984375 0.166748046875
-0.0212860107421875 -0.173919677734375 -0.031768798828125 0.153915405273438
0.11663818359375 -0.208847045898437 -0.0963668823242187 0.0532760620117188
0.197036743164063 -0.148025512695313 -0.0404052734375 -0.0751953125
0.243057250976563 -0.099395751953125 0.185012817382813 -0.159835815429688
0.15386962890625 -0.0118865966796875 0.0988616943359375 -0.198471069335937
0.149765014648438 -0.0691680908203125 0.126174926757813 -0.223037719726562
0.0793914794921875 -0.138504028320313 0.09686279296875 -0.1634521484375
0.00542449951171876 -0.109405517578125 0.0711593627929688 -0.1292724609375
-0.02880859375 -0.095458984375 0.071136474609375 -0.0660400390625
-0.0635986328125 -0.0693740844726562 0.10089111328125 -0.0281448364257813
-0.075927734375 -0.0437164306640625 0.128555297851563 -0.0251846313476563
-0.0875396728515625 -0.0444717407226562 0.137420654296875 0.00824737548828125
-0.0950241088867188 -0.0424575805664062 0.166900634765625 0.062957763671875
-0.061187744140625 -0.0725936889648438 0.1513671875 0.151229858398438
-0.0404815673828125 -0.102088928222656 0.0713958740234375 0.189437866210938
-0.00683593750000001 -0.121734619140625 -0.01922607421875 0.156219482421875
0.101837158203125 -0.145645141601563 -0.0622215270996094 0.0560493469238281
0.170654296875 -0.0854949951171875 0.0116806030273438 -0.0746841430664062
0.192214965820312 -0.0153961181640625 0.252304077148438 -0.153762817382812
-0.0917816162109375 -0.0467987060546875 -0.27020263671875 0.161849975585938
-0.0838623046875 0.0436782836914063 -0.066009521484375 0.0766143798828125
-0.0333175659179687 0.084442138671875 0.0352783203125 -0.0755081176757813
0.0286788940429687 0.0587196350097656 0.00930786132812499 -0.170333862304688
0.0337257385253906 0.0334091186523437 -0.0605621337890625 -0.212860107421875
0.025634765625 0.0225811004638672 -0.177871704101563 -0.18609619140625
0.0192108154296875 0.0251884460449219 -0.214385986328125 -0.0640869140625
0.0166988372802734 0.0315399169921875 -0.176605224609375 -0.00668334960937503
0.00872039794921875 0.0347328186035156 -0.148483276367188 0.031982421875
-0.0219554901123047 0.0236949920654297 -0.135055541992188 0.0452423095703125
-0.0288562774658203 0.0141754150390625 -0.09332275390625 0.0828933715820313
-0.0268230438232422 0.0181865692138672 -0.0946426391601562 0.124259948730469
-0.0545654296875 0.00763320922851563 -0.134384155273438 0.148193359375
-0.0794219970703125 -0.026702880859375 -0.1192626953125 0.219070434570313
-0.0909423828125 -0.0753250122070312 -0.118423461914063 0.20220947265625
0.014068603515625 -0.114616394042969 -0.27880859375 0.124099731445312
0.000244140625000001 -0.0164165496826172 -0.0739669799804688 0.0428619384765625
0.0241203308105469 -0.000871658325195313 0.0216064453125 -0.106254577636719
0.0504341125488281 -0.0147056579589844 -0.007598876953125 -0.18377685546875
0.0275459289550781 -0.0426902770996094 -0.0628662109375 -0.217025756835938
-0.0128211975097656 -0.037445068359375 -0.175735473632813 -0.185256958007813
-0.0440292358398438 -0.00699615478515625 -0.211318969726563 -0.0666656494140625
-0.0547027587890625 0.00513076782226562 -0.16937255859375 -0.0106658935546875
-0.0680274963378906 0.0218925476074219 -0.1407470703125 0.032989501953125
-0.0883255004882813 -0.00802612304687501 -0.118637084960938 0.052337646484375
-0.091796875 -0.0463943481445313 -0.0818252563476563 0.0912399291992188
-0.0703887939453125 -0.0690155029296875 -0.098175048828125 0.136077880859375
-0.0317153930664062 -0.108489990234375 -0.146377563476563 0.13372802734375
-0.0196456909179687 -0.120468139648438 -0.124282836914062 0.183792114257813
0.00016784667968751 -0.167678833007812 -0.111480712890625 0.156600952148437
0.120223999023438 -0.168502807617188 -0.249679565429688 0.0720977783203125
0.093597412109375 -0.0814361572265625 -0.0516891479492187 0.000141143798828117
0.0816497802734375 -0.100433349609375 0.0271072387695313 -0.140556335449219
0.062408447265625 -0.0997238159179688 -0.0172271728515625 -0.200485229492187
0.010894775390625 -0.120864868164063 -0.0638885498046875 -0.21246337890625
-0.0562057495117187 -0.0944290161132813 -0.159698486328125 -0.166427612304688
-0.103584289550781 -0.0383987426757812 -0.18255615234375 -0.06072998046875
-0.118858337402344 -0.0205307006835938 -0.137626647949219 -0.0128555297851562
-0.133857727050781 0.00836181640624998 -0.106643676757813 0.0300750732421875
-0.140190124511719 -0.0362091064453125 -0.077117919921875 0.0569229125976563
-0.142410278320313 -0.0921173095703125 -0.051116943359375 0.101844787597656
-0.108932495117187 -0.134262084960938 -0.0879364013671875 0.150802612304688
-0.0164337158203125 -0.20257568359375 -0.153640747070313 0.123184204101562
0.0333099365234375 -0.196121215820313 -0.129585266113281 0.133682250976562
0.0853729248046875 -0.23492431640625 -0.082794189453125 0.08538818359375
0.207809448242188 -0.200897216796875 -0.1873779296875 0.00912475585937495
0.177322387695313 -0.143386840820313 -0.00786209106445311 -0.0498008728027344
0.123748779296875 -0.202362060546875 0.0438690185546875 -0.170364379882813
0.0567779541015625 -0.184051513671875 -0.0157623291015625 -0.209457397460938
-0.021270751953125 -0.188613891601563 -0.0557403564453125 -0.195587158203125
-0.101005554199219 -0.135330200195313 -0.125274658203125 -0.134353637695313
-0.151229858398438 -0.0611114501953125 -0.129890441894531 -0.0485000610351562
-0.165939331054688 -0.0426025390625 -0.0861053466796875 -0.0135879516601563
-0.17822265625 -0.00817871093750002 -0.0545883178710938 0.0244636535644531
-0.16802978515625 -0.0623321533203125 -0.0209541320800781 0.0594711303710937
-0.16497802734375 -0.127548217773438 -0.0108413696289063 0.1109619140625
-0.123260498046875 -0.178359985351563 -0.070220947265625 0.16021728515625
0.00489807128906253 -0.262802124023438 -0.153594970703125 0.111328125
0.0847625732421875 -0.240707397460938 -0.131446838378906 0.0733718872070313
0.160369873046875 -0.263565063476563 -0.0365638732910156 0.00168991088867185
0.259017944335938 -0.203338623046875 -0.104049682617187 -0.0604171752929688
0.230667114257813 -0.183792114257813 0.0425643920898438 -0.109222412109375
0.142807006835938 -0.276504516601563 0.0619049072265625 -0.1905517578125
0.0370635986328125 -0.242294311523438 -0.00326538085937501 -0.20166015625
-0.05615234375 -0.2252197265625 -0.03204345703125 -0.164352416992188
-0.135574340820313 -0.15167236328125 -0.0691146850585938 -0.0957870483398438
-0.1776123046875 -0.071044921875 -0.058929443359375 -0.0366020202636719
-0.186630249023437 -0.05718994140625 -0.0224590301513672 -0.0122261047363281
-0.195281982421875 -0.027008056640625 0.00831031799316405 0.0223102569580078
-0.166854858398438 -0.0884246826171875 0.0394210815429687 0.0682907104492187
-0.15472412109375 -0.154037475585938 0.028076171875 0.123039245605469
-0.107101440429687 -0.202163696289063 -0.0518341064453125 0.162811279296875
0.041412353515625 -0.2840576171875 -0.145614624023438 0.094024658203125
0.13580322265625 -0.246429443359375 -0.121536254882812 0.011505126953125
0.21820068359375 -0.247268676757813 0.0265655517578125 -0.0780410766601563
0.26318359375 -0.173416137695313 -0.018646240234375 -0.12835693359375
0.23883056640625 -0.18829345703125 0.0854949951171875 -0.168212890625
0.134674072265625 -0.292938232421875 0.0753631591796875 -0.196685791015625
0.0144500732421875 -0.249130249023438 0.016571044921875 -0.17938232421875
-0.0771026611328125 -0.218841552734375 0.00376892089843749 -0.124671936035156
-0.144882202148438 -0.139984130859375 -0.00141906738281251 -0.062286376953125
-0.173782348632813 -0.0676116943359375 0.0166168212890625 -0.0299777984619141
-0.17987060546875 -0.0620269775390625 0.04241943359375 -0.00865936279296875
-0.184036254882813 -0.04266357421875 0.07305908203125 0.0275802612304688
-0.1427001953125 -0.105056762695312 0.0940170288085938 0.0882797241210938
-0.11846923828125 -0.163543701171875 0.0578765869140625 0.14276123046875
-0.0674285888671875 -0.20318603515625 -0.03717041015625 0.1622314453125
0.083587646484375 -0.265167236328125 -0.126991271972656 0.07476806640625
0.177749633789063 -0.215545654296875 -0.092864990234375 -0.041015625
0.248733520507813 -0.191696166992188 0.100753784179688 -0.137527465820313
0.224319458007813 -0.109237670898438 0.0512237548828125 -0.180633544921875
0.206787109375 -0.150421142578125 0.111572265625 -0.212142944335937
0.106857299804688 -0.243515014648437 0.0847930908203125 -0.186737060546875
-0.00123596191406248 -0.199005126953125 0.04193115234375 -0.152572631835938
-0.0701141357421875 -0.169326782226563 0.041748046875 -0.0889511108398438
-0.120834350585938 -0.107421875 0.0610542297363281 -0.0402259826660156
-0.138908386230469 -0.0561370849609375 0.08416748046875 -0.0293960571289063
-0.145004272460938 -0.05682373046875 0.0993118286132813 -0.00304412841796875
-0.1483154296875 -0.048370361328125 0.129623413085938 0.0414047241210938
-0.104354858398438 -0.1015625 0.134788513183594 0.117469787597656
-0.074981689453125 -0.146286010742188 0.07452392578125 0.16748046875
-0.027374267578125 -0.174728393554688 -0.0253143310546875 0.160888671875
0.107650756835938 -0.215164184570313 -0.0981521606445313 0.0602493286132813
0.192153930664063 -0.157958984375 -0.0455398559570312 -0.071563720703125
0.240966796875 -0.11212158203125 0.178192138671875 -0.1661376953125
0.153518676757813 -0.0203857421875 0.095672607421875 -0.206024169921875
0.145843505859375 -0.0765838623046875 0.12091064453125 -0.230789184570313
0.07208251953125 -0.142822265625 0.0941619873046875 -0.168243408203125
0.000976562499999994 -0.110092163085938 0.0683364868164063 -0.132545471191406
-0.0339889526367188 -0.0943603515625 0.07110595703125 -0.0691452026367187
-0.0668601989746094 -0.0663032531738281 0.103858947753906 -0.0334854125976563
-0.0785369873046875 -0.041015625 0.130271911621094 -0.0324325561523438
-0.0887908935546875 -0.0406875610351562 0.139152526855469 0.00284576416015625
-0.0959548950195313 -0.0383148193359375 0.171234130859375 0.0573272705078125
-0.0643463134765625 -0.0712356567382812 0.159347534179688 0.146896362304688
-0.0438919067382813 -0.101577758789063 0.0804443359375 0.190628051757813
-0.01055908203125 -0.121780395507813 -0.01263427734375 0.161346435546875
0.09521484375 -0.149948120117188 -0.06353759765625 0.0607795715332031
0.166915893554687 -0.092864990234375 0.00692749023437501 -0.0738906860351563
0.191558837890625 -0.025177001953125 0.246292114257813 -0.162918090820313
-0.0914688110351562 -0.0447616577148437 -0.269393920898438 0.174545288085938
-0.0824050903320313 0.0474777221679688 -0.0635757446289062 0.081146240234375
-0.0293045043945312 0.08624267578125 0.0364151000976562 -0.0805435180664063
0.0303840637207031 0.0561637878417969 0.00587463378906249 -0.176834106445313
0.0350017547607422 0.0315818786621094 -0.0699005126953125 -0.219802856445313
0.0260200500488281 0.0223140716552734 -0.191009521484375 -0.18621826171875
0.0193405151367188 0.0252323150634766 -0.222732543945313 -0.057861328125
0.0170974731445313 0.0313682556152344 -0.181427001953125 -0.00010681152343747
0.00845718383789062 0.0352096557617188 -0.15216064453125 0.03887939453125
-0.0232925415039062 0.0252780914306641 -0.1390380859375 0.0533065795898437
-0.0300216674804688 0.0144004821777344 -0.0946273803710938 0.0888442993164063
-0.0267086029052734 0.0169887542724609 -0.094390869140625 0.131782531738281
-0.0542449951171875 0.00770568847656251 -0.135589599609375 0.1573486328125
-0.0811004638671875 -0.0245513916015625 -0.116348266601562 0.229049682617188
-0.0930938720703125 -0.0721511840820313 -0.118743896484375 0.213287353515625
0.0145111083984375 -0.118980407714844 -0.277938842773438 0.135879516601562
0.00309181213378906 -0.0182304382324219 -0.0719680786132812 0.0476837158203125
0.0264682769775391 -0.00423622131347656 0.0211563110351563 -0.11004638671875
0.0506134033203125 -0.0206298828125 -0.011322021484375 -0.189361572265625
0.0260086059570313 -0.0472908020019531 -0.071502685546875 -0.2235107421875
-0.0160789489746094 -0.0387458801269531 -0.1876220703125 -0.1851806640625
-0.0471649169921875 -0.00596618652343749 -0.218429565429688 -0.061248779296875
-0.0576629638671875 0.0069732666015625 -0.172164916992188 -0.0037689208984375
-0.0705032348632813 0.0249099731445313 -0.143142700195313 0.04052734375
-0.092987060546875 -0.00625610351562501 -0.121482849121094 0.060272216796875
-0.09765625 -0.0452423095703125 -0.0813980102539063 0.0981903076171875
-0.0744400024414063 -0.0710067749023438 -0.0973052978515625 0.14453125
-0.0350494384765625 -0.112007141113281 -0.149002075195313 0.144668579101563
-0.0216598510742187 -0.123497009277344 -0.12176513671875 0.194625854492188
-0.0028533935546875 -0.17095947265625 -0.112350463867187 0.166259765625
0.122299194335937 -0.177719116210937 -0.249069213867188 0.0818328857421875
0.0965728759765625 -0.0881195068359375 -0.0492362976074219 0.00376510620117187
0.082183837890625 -0.108566284179688 0.0258941650390625 -0.144195556640625
0.0614471435546875 -0.107955932617188 -0.0212860107421875 -0.205184936523438
0.00608062744140625 -0.127937316894531 -0.071990966796875 -0.218597412109375
-0.0626144409179688 -0.0970458984375 -0.169754028320313 -0.166183471679688
-0.11004638671875 -0.0360260009765625 -0.188446044921875 -0.0558624267578125
-0.12457275390625 -0.0170364379882813 -0.139762878417969 -0.00748443603515626
-0.138969421386719 0.0134201049804687 -0.107574462890625 0.0363616943359375
-0.14739990234375 -0.0326995849609375 -0.0784988403320313 0.063201904296875
-0.151153564453125 -0.0902557373046875 -0.0493087768554688 0.108314514160156
-0.116958618164062 -0.136528015136719 -0.0852813720703125 0.15997314453125
-0.0242919921875 -0.209396362304688 -0.155899047851562 0.135452270507813
0.029754638671875 -0.203842163085937 -0.129425048828125 0.1434326171875
0.08221435546875 -0.243392944335938 -0.0846023559570313 0.0931472778320312
0.208984375 -0.215255737304688 -0.18548583984375 0.016357421875
0.179000854492188 -0.154586791992188 -0.00563812255859373 -0.0493850708007813
0.121353149414063 -0.2149658203125 0.0417327880859375 -0.17498779296875
0.05352783203125 -0.193649291992188 -0.0202789306640625 -0.2135009765625
-0.028778076171875 -0.194732666015625 -0.0623626708984375 -0.200164794921875
-0.110649108886719 -0.137176513671875 -0.131248474121094 -0.133964538574219
-0.160324096679688 -0.0579986572265625 -0.13336181640625 -0.0460281372070312
-0.173934936523438 -0.037017822265625 -0.0869293212890625 -0.0099334716796875
-0.18450927734375 -0.00210571289062503 -0.0535888671875 0.0290756225585938
-0.175643920898438 -0.06005859375 -0.0198745727539063 0.0644149780273438
-0.175735473632813 -0.12615966796875 -0.00710296630859377 0.116874694824219
-0.133590698242188 -0.181564331054688 -0.0653533935546875 0.169677734375
-0.00456237792968747 -0.271438598632813 -0.156494140625 0.1236572265625
0.08062744140625 -0.251235961914063 -0.133346557617187 0.0822601318359375
0.1573486328125 -0.27618408203125 -0.0392341613769531 0.00580978393554686
0.259994506835937 -0.220535278320313 -0.102371215820312 -0.059112548828125
0.23150634765625 -0.19903564453125 0.04486083984375 -0.112144470214844
0.13623046875 -0.29107666015625 0.059967041015625 -0.195510864257813
0.0311279296875 -0.25164794921875 -0.00753784179687501 -0.20556640625
-0.0668792724609375 -0.23101806640625 -0.0364227294921875 -0.168136596679688
-0.145904541015625 -0.152587890625 -0.07196044921875 -0.0970382690429688
-0.187149047851563 -0.06671142578125 -0.0606307983398438 -0.0370254516601563
-0.1954345703125 -0.051544189453125 -0.0217514038085938 -0.0108318328857422
-0.202224731445312 -0.020233154296875 0.0115013122558594 0.0246868133544922
-0.176361083984375 -0.086212158203125 0.0425796508789062 0.0705108642578125
-0.1661376953125 -0.153106689453125 0.033538818359375 0.129096984863281
-0.116470336914063 -0.206497192382813 -0.046142578125 0.172256469726563
0.031890869140625 -0.294769287109375 -0.148330688476562 0.105911254882813
0.132354736328125 -0.258926391601563 -0.125625610351563 0.0190887451171875
0.217071533203125 -0.263015747070312 0.0225296020507813 -0.077911376953125
0.264404296875 -0.189559936523438 -0.0173721313476562 -0.131500244140625
0.238739013671875 -0.204498291015625 0.086578369140625 -0.173507690429688
0.126861572265625 -0.30682373046875 0.0741119384765625 -0.201400756835938
0.00714111328125003 -0.256927490234375 0.014617919921875 -0.183380126953125
-0.087615966796875 -0.221878051757813 0.00167083740234375 -0.128211975097656
-0.154693603515625 -0.139816284179688 -0.000495910644531254 -0.0645065307617188
-0.182418823242188 -0.0634002685546875 0.0172824859619141 -0.0324192047119141
-0.187057495117188 -0.0562744140625 0.044830322265625 -0.00902557373046875
-0.189971923828125 -0.036865234375 0.0772323608398437 0.0274810791015625
-0.151153564453125 -0.104461669921875 0.0993804931640625 0.0887680053710938
-0.128311157226563 -0.164108276367188 0.06488037109375 0.147445678710938
-0.0750885009765625 -0.2083740234375 -0.03082275390625 0.17083740234375
0.075653076171875 -0.276382446289063 -0.129745483398438 0.0846633911132812
0.175155639648438 -0.229446411132813 -0.0975875854492187 -0.0362091064453125
0.24884033203125 -0.206817626953125 0.09710693359375 -0.141876220703125
0.226028442382813 -0.121780395507813 0.0521392822265625 -0.188613891601562
0.2044677734375 -0.163467407226562 0.111221313476563 -0.220733642578125
0.0978851318359375 -0.253433227539063 0.083709716796875 -0.193557739257813
-0.00714111328124998 -0.203887939453125 0.0410614013671875 -0.156005859375
-0.0783233642578125 -0.17059326171875 0.0421218872070312 -0.0928192138671875
-0.128402709960938 -0.106163024902344 0.0648574829101562 -0.0449676513671875
-0.145538330078125 -0.0525665283203125 0.086578369140625 -0.0344085693359375
-0.150375366210938 -0.0515594482421875 0.102928161621094 -0.00534820556640625
-0.153045654296875 -0.0435028076171875 0.135421752929688 0.0388412475585937
-0.110870361328125 -0.101707458496094 0.142501831054688 0.116973876953125
-0.082427978515625 -0.148391723632813 0.0834197998046875 0.172561645507812
-0.032470703125 -0.178680419921875 -0.0191802978515625 0.169158935546875
0.102081298828125 -0.225296020507812 -0.100692749023438 0.0686569213867187
0.191207885742188 -0.1695556640625 -0.0509910583496093 -0.0693130493164063
0.243515014648438 -0.124755859375 0.176177978515625 -0.173873901367187
0.155654907226563 -0.028076171875 0.0963897705078125 -0.216415405273438
0.144546508789063 -0.084503173828125 0.119659423828125 -0.24017333984375
0.0665740966796875 -0.1488037109375 0.0942535400390625 -0.1754150390625
-0.002197265625 -0.111564636230469 0.067779541015625 -0.138130187988281
-0.0389175415039062 -0.094268798828125 0.0730438232421875 -0.0733108520507813
-0.070953369140625 -0.0643310546875 0.108650207519531 -0.0390701293945313
-0.0821533203125 -0.0398025512695313 0.132820129394531 -0.0394363403320313
-0.0910263061523438 -0.037933349609375 0.143295288085938 -0.0011444091796875
-0.0981216430664063 -0.0358734130859375 0.178451538085938 0.0537872314453125
-0.0677032470703125 -0.0716323852539062 0.168777465820313 0.145889282226563
-0.047760009765625 -0.102561950683594 0.0902557373046875 0.195419311523438
-0.0124130249023437 -0.123588562011719 -0.00746154785156251 0.169113159179688
0.090789794921875 -0.15557861328125 -0.0662879943847656 0.0669708251953125
0.166366577148438 -0.100677490234375 0.00251770019531251 -0.0735626220703125
0.194686889648438 -0.033416748046875 0.245574951171875 -0.172805786132813
-0.0939254760742188 -0.0419158935546875 -0.270599365234375 0.193115234375
-0.080596923828125 0.0522918701171875 -0.0597152709960938 0.0880279541015625
-0.02532958984375 0.0886459350585938 0.0356826782226562 -0.0867462158203125
0.032440185546875 0.0550498962402344 -0.00024414062499998 -0.186813354492188
0.0372505187988281 0.0286331176757813 -0.0838623046875 -0.228591918945313
0.0275173187255859 0.0218715667724609 -0.210342407226563 -0.186569213867188
0.0205440521240234 0.0252685546875 -0.23394775390625 -0.0507659912109375
0.0181961059570313 0.0313816070556641 -0.1878662109375 0.00761413574218752
0.00954055786132812 0.0360221862792969 -0.157974243164063 0.0481719970703125
-0.0243186950683594 0.0270328521728516 -0.144332885742188 0.064239501953125
-0.0315074920654297 0.0164165496826172 -0.095977783203125 0.0982437133789062
-0.0274124145507813 0.0169105529785156 -0.09454345703125 0.142349243164063
-0.0549163818359375 0.00888824462890624 -0.136611938476563 0.170700073242188
-0.0839080810546875 -0.0218734741210937 -0.112380981445313 0.244430541992188
-0.09771728515625 -0.0689315795898438 -0.11822509765625 0.22882080078125
0.0137863159179688 -0.125251770019531 -0.280364990234375 0.153411865234375
0.0054168701171875 -0.0208053588867188 -0.0695457458496094 0.0533599853515625
0.0288047790527344 -0.00869369506835938 0.0195465087890625 -0.115867614746094
0.051513671875 -0.0266036987304688 -0.0180206298828125 -0.198333740234375
0.0240440368652344 -0.0531692504882812 -0.084625244140625 -0.23284912109375
-0.0200996398925781 -0.0408401489257812 -0.205978393554687 -0.185638427734375
-0.0510749816894531 -0.00429916381835937 -0.229736328125 -0.0543670654296875
-0.0613861083984375 0.0102462768554688 -0.178390502929688 0.00408935546874997
-0.0743331909179688 0.0289688110351562 -0.146987915039062 0.0508270263671875
-0.0991287231445313 -0.00231933593749999 -0.125137329101563 0.071441650390625
-0.104896545410156 -0.0431594848632813 -0.0815963745117187 0.107429504394531
-0.0818023681640625 -0.0732650756835938 -0.095947265625 0.156631469726563
-0.0412216186523437 -0.116661071777344 -0.150970458984375 0.1597900390625
-0.0258026123046875 -0.128173828125 -0.119522094726563 0.209259033203125
-0.00779724121093751 -0.17755126953125 -0.112777709960938 0.1807861328125
0.121810913085938 -0.192581176757813 -0.250350952148438 0.0957336425781249
0.100006103515625 -0.0975418090820312 -0.0475997924804687 0.00696563720703124
0.080780029296875 -0.120475769042969 0.0227508544921875 -0.1505126953125
0.05950927734375 -0.118095397949219 -0.0285186767578125 -0.213134765625
-0.00032043457031249 -0.136016845703125 -0.084503173828125 -0.227569580078125
-0.0718917846679688 -0.0995407104492187 -0.184036254882812 -0.1661376953125
-0.119110107421875 -0.0330734252929687 -0.19775390625 -0.0499420166015625
-0.132476806640625 -0.011474609375 -0.1436767578125 -7.62939453125193E-05
-0.145767211914063 0.0209503173828125 -0.109298706054688 0.0450057983398437
-0.156600952148438 -0.028350830078125 -0.0796661376953125 0.0728988647460938
-0.163543701171875 -0.0876922607421875 -0.0473098754882813 0.11767578125
-0.129188537597656 -0.139350891113281 -0.080718994140625 0.172988891601563
-0.034515380859375 -0.21893310546875 -0.158599853515625 0.152496337890625
0.024505615234375 -0.214645385742188 -0.129013061523438 0.157440185546875
0.0775299072265625 -0.258010864257813 -0.0869293212890625 0.103042602539062
0.21148681640625 -0.236328125 -0.18670654296875 0.0242767333984375
0.181686401367188 -0.171463012695313 -0.00365447998046874 -0.0505180358886719
0.115890502929688 -0.232406616210938 0.0390472412109375 -0.183212280273438
0.047576904296875 -0.207199096679688 -0.0278472900390625 -0.220535278320313
-0.0400848388671875 -0.204147338867187 -0.073089599609375 -0.20831298828125
-0.123298645019531 -0.139846801757813 -0.141448974609375 -0.134674072265625
-0.172576904296875 -0.0524139404296875 -0.140266418457031 -0.0420455932617187
-0.184463500976562 -0.0295562744140625 -0.0881195068359375 -0.00508880615234376
-0.193862915039063 0.00762939453124998 -0.0526161193847657 0.0349311828613281
-0.18804931640625 -0.054962158203125 -0.018341064453125 0.070587158203125
-0.190811157226563 -0.124221801757813 -0.00205993652343751 0.125106811523438
-0.148391723632813 -0.1854248046875 -0.0592498779296875 0.183303833007813
-0.018035888671875 -0.284912109375 -0.1590576171875 0.140625
0.07452392578125 -0.267990112304688 -0.136146545410156 0.0942306518554688
0.15423583984375 -0.2967529296875 -0.0431480407714844 0.0107192993164062
0.262832641601563 -0.24481201171875 -0.102851867675781 -0.0577239990234375
0.231979370117188 -0.21929931640625 0.047210693359375 -0.117820739746094
0.127777099609375 -0.31121826171875 0.05755615234375 -0.204376220703125
0.02239990234375 -0.266067504882813 -0.0129852294921875 -0.21209716796875
-0.08154296875 -0.239089965820312 -0.04388427734375 -0.174453735351563
-0.160858154296875 -0.153717041015625 -0.076568603515625 -0.09869384765625
-0.200469970703125 -0.06109619140625 -0.0633964538574219 -0.0362091064453125
-0.20758056640625 -0.04315185546875 -0.0206184387207031 -0.00909805297851563
-0.212722778320312 -0.0110626220703125 0.0150012969970703 0.0271167755126953
-0.189285278320313 -0.083740234375 0.0478057861328125 0.0740280151367188
-0.181533813476563 -0.152801513671875 0.0418624877929687 0.135040283203125
-0.131332397460937 -0.212371826171875 -0.0383148193359375 0.184661865234375
0.01885986328125 -0.310302734375 -0.15106201171875 0.121932983398437
0.1279296875 -0.278457641601563 -0.130989074707031 0.02825927734375
0.21600341796875 -0.28460693359375 0.018035888671875 -0.0793533325195313
0.268096923828125 -0.21240234375 -0.01776123046875 -0.137413024902344
0.238113403320313 -0.224517822265625 0.08740234375 -0.184371948242188
0.115478515625 -0.3262939453125 0.0723724365234375 -0.211669921875
-0.00305175781250002 -0.268905639648438 0.00985717773437501 -0.190338134765625
-0.103103637695313 -0.227310180664062 -0.00174713134765624 -0.134147644042969
-0.168350219726562 -0.13861083984375 -0.000118255615234392 -0.0682334899902344
-0.195220947265625 -0.0573883056640625 0.0177536010742187 -0.0355644226074219
-0.1988525390625 -0.048980712890625 0.0488471984863281 -0.0103569030761719
-0.200180053710938 -0.0295867919921875 0.0835647583007812 0.027069091796875
-0.163589477539063 -0.103012084960937 0.108360290527344 0.0895309448242188
-0.142776489257813 -0.166458129882813 0.0761871337890625 0.153244018554688
-0.0869140625 -0.215957641601562 -0.0225677490234375 0.182693481445313
0.0650634765625 -0.292694091796875 -0.133293151855469 0.0985260009765625
0.173049926757813 -0.247329711914063 -0.104568481445312 -0.0300827026367188
0.251052856445313 -0.229324340820312 0.0930328369140625 -0.14898681640625
0.229263305664063 -0.139755249023438 0.0508880615234375 -0.199508666992188
0.203582763671875 -0.180618286132813 0.110015869140625 -0.235031127929688
0.088592529296875 -0.26873779296875 0.08294677734375 -0.204345703125
-0.015960693359375 -0.212600708007812 0.0387115478515625 -0.163497924804688
-0.09124755859375 -0.172821044921875 0.0427780151367187 -0.0990447998046875
-0.139068603515625 -0.104225158691406 0.0691757202148437 -0.0510940551757813
-0.15478515625 -0.0481109619140625 0.0892791748046875 -0.0414657592773437
-0.1595458984375 -0.046142578125 0.108299255371094 -0.009735107421875
-0.160537719726563 -0.0384674072265625 0.144180297851563 0.03570556640625
-0.120986938476563 -0.102363586425781 0.15460205078125 0.1165771484375
-0.0922698974609375 -0.151809692382813 0.0969390869140625 0.179153442382813
-0.04034423828125 -0.186798095703125 -0.011260986328125 0.17987060546875
0.0952911376953125 -0.238494873046875 -0.104400634765625 0.0795974731445312
0.191192626953125 -0.185806274414063 -0.0572776794433593 -0.0668449401855469
0.247711181640625 -0.142547607421875 0.174560546875 -0.186416625976562
0.159637451171875 -0.0377655029296875 0.0956268310546875 -0.230941772460938
0.143707275390625 -0.0951385498046875 0.117218017578125 -0.256362915039063
0.0602569580078125 -0.156173706054688 0.093475341796875 -0.187286376953125
-0.00712585449218751 -0.115310668945313 0.0665740966796875 -0.146224975585938
-0.0450820922851563 -0.0945892333984375 0.0750961303710938 -0.0793991088867188
-0.0767593383789063 -0.062835693359375 0.114875793457031 -0.0475616455078125
-0.0873794555664063 -0.0371551513671875 0.13720703125 -0.04913330078125
-0.0958175659179687 -0.0348434448242188 0.150238037109375 -0.00775146484375
-0.102241516113281 -0.0330810546875 0.188400268554687 0.04888916015625
-0.0737686157226563 -0.0724029541015625 0.182723999023437 0.145706176757812
-0.0532760620117187 -0.105171203613281 0.10516357421875 0.202865600585938
-0.0169830322265625 -0.128997802734375 0.000946044921875014 0.179290771484375
0.0864105224609375 -0.164993286132813 -0.0684127807617188 0.075775146484375
0.167068481445313 -0.112548828125 -0.00254058837890623 -0.0738601684570313
0.200149536132813 -0.044586181640625 0.246978759765625 -0.188278198242188
0.043929046055733 0.0704821504895446 -0.315028813004322 -0.125990535547542
0.0980394742510852 0.0192056572875791 -0.114197921210852 -0.0271299668130839
0.0879863839131861 -0.0245973624608052 0.0877678809257264 -0.0298011200886772
0.0256000495016661 -0.0501280797605784 0.15586417477007 -0.0987158946929967
0.00442422686692984 -0.0259989283764363 0.160537894408804 -0.214469500097516
0.0186892880682141 -0.012413597460051 0.0631386855232337 -0.281929865933327
0.0265105947156628 -0.0292977254214765 -0.0458728961463858 -0.247113072054398
0.023934158358554 -0.0359730578397275 -0.107137884370248 -0.179451753602725
0.0382885243234732 -0.0297665280822772 -0.123086036117044 -0.130851832133607
0.0470903871833815 -0.00493088299799254 -0.131846323079287 -0.0976077930306206
0.0404681747018463 0.00880475671763301 -0.14250691192627 -0.044526455045251
0.0370450421786036 0.00651103516483133 -0.18430854200806 -0.0193452148491291
0.0593893182355175 0.0209862296992682 -0.222001076822208 -0.0197100440928048
0.0420290029347409 0.0628953580077732 -0.265290624696302 0.0276869005150771
0.00075125625447967 0.0973414183602308 -0.244414673016763 0.0582274151364535
-0.0834401353734611 0.0338183569431528 -0.2838136803334 -0.135261343120397
-0.0190687298318903 0.000970467702594193 -0.0842486284214644 -0.0303413553509843
-0.0267684862138256 -0.00595401369233501 0.122427063739791 -0.0379716355898347
-0.0592680862369188 -0.00517083501159057 0.176532466770217 -0.105172760451838
-0.0457580973660175 0.0488450893245424 0.177776566160377 -0.216838176090055
0.00115705869221593 0.067205238013118 0.0773759553808756 -0.278878945059292
0.0403564113134914 0.0534981433686827 -0.0284727283855875 -0.247659360572325
0.0620944054754708 0.0368687846194358 -0.0932781156929351 -0.178243407611919
0.08416704948799 0.0469309161905922 -0.112082666720002 -0.124951664101022
0.0726227742765812 0.074722400317481 -0.116679725797614 -0.0808456139488303
0.0490589560772462 0.105362610357271 -0.130964851495004 -0.0266006267759049
-0.00511476373954959 0.112286210803695 -0.181490959084481 -0.00574946185137636
-0.034135561694226 0.108654100017168 -0.214001510826062 -0.0271822250763996
-0.0759684739744551 0.0883925104213347 -0.23949861665887 0.0174715991174895
-0.131375233952719 0.0867418708396908 -0.213181393706514 0.044354407330372
-0.203118131847358 -0.0101417298214397 -0.215580462342666 -0.122504923260322
-0.148250305986191 -0.0187166989851448 -0.0273433983441199 -0.00711570277583654
-0.152953031176262 0.0233393500996559 0.178275582481785 -0.029661120101241
-0.145544930308386 0.0577215030125751 0.20816286670675 -0.10852179801139
-0.0877683014717961 0.130751347198945 0.186076404068828 -0.213549131151902
-0.0117163768000179 0.144582742779332 0.0830518620610385 -0.253393706591728
0.0513515159008467 0.130923865030286 -0.0083961053437173 -0.218986737397961
0.0923862362113697 0.103983387263848 -0.0658426094090087 -0.151463038338402
0.118773723180496 0.114096137195193 -0.0824043683905281 -0.0963390749518502
0.089142407206371 0.139924014888633 -0.0846822748160637 -0.0425641851918471
0.0562285247723615 0.18015156861025 -0.112016316310214 0.0108840321633078
-0.0327940308622843 0.196244456944377 -0.175580231601557 0.0215239307685673
-0.106856837048904 0.182385447884572 -0.205267597544929 -0.0292572997389282
-0.173933590130879 0.10813109754804 -0.200274781546602 -0.00557478401779813
-0.241241431363843 0.0677046310693268 -0.145423503235693 0.0251553824543714
-0.295015030026059 -0.0468262579135782 -0.115544195920887 -0.0940792501247005
-0.266805325376813 -0.0283718828851612 0.052671232968965 0.0283178303145951
-0.269780502977454 0.0686494622299366 0.240656952779678 -0.0108536468988162
-0.214495604161203 0.135335810879179 0.240791125192101 -0.102339179298855
-0.107905760096281 0.210610209785863 0.186520557773877 -0.195160461527526
-0.0119218632795929 0.20766133103076 0.0846097259258009 -0.203023389750525
0.060430032640829 0.190485567108063 0.0159377306551701 -0.162896456544264
0.110486689927179 0.154877315235689 -0.0287227163394904 -0.103175033974195
0.132663939443787 0.163668587759734 -0.0415847965306418 -0.0494288376030321
0.0855819517212204 0.184533108023225 -0.0451656058173469 0.00963909396494936
0.0473904237134443 0.226139585576381 -0.0891292427788207 0.0587241505054744
-0.0616069483300295 0.242890416244153 -0.164512679739133 0.0519287855537896
-0.164416356648773 0.222242891795174 -0.192298778983634 -0.0301025393060253
-0.245780244316572 0.106845558878595 -0.151468495412811 -0.0364822307921793
-0.313432795123263 0.0336145482587708 -0.0546049511169555 0.00599118998644102
-0.33896862472124 -0.0721862219565793 0.00262879821496698 -0.0628321044085031
-0.342958369881156 -0.0286812705429694 0.145326875779618 0.0545282476316241
-0.344011315765264 0.111281916669177 0.290103029873792 0.00624657470224396
-0.246727067786434 0.200427575592208 0.259896870020045 -0.0841621144099663
-0.10428816856844 0.263590688381646 0.179352313794298 -0.152050800488874
-0.00426288451604832 0.240146429632453 0.0885801429983611 -0.13037522416844
0.0637196179077873 0.219887624171241 0.0440567437136542 -0.0879879505785103
0.111230923481326 0.181493164190558 0.0116274253993643 -0.0400327928237935
0.122805046041409 0.190796485666094 -3.25292344133596E-05 0.0119081097084068
0.0596770652421169 0.206574316392811 -0.0105370206636943 0.0722760393388855
0.0166115624752814 0.239070039513318 -0.0731222512144156 0.110721242288656
-0.097415215729665 0.244863584091096 -0.155064643464746 0.0781102151120496
-0.209642537596034 0.217755993985561 -0.172334655763498 -0.0297571637597283
-0.28674019697532 0.0769988715153292 -0.096169851867046 -0.0634588602314414
-0.339466324722307 -0.0153788475354654 0.0473794527734837 -0.00440037671440959
-0.322686010830317 -0.0821611086554609 0.118564432486691 -0.039442393883848
-0.352281914617157 -0.0209788663530769 0.231683927657895 0.0590807177907988
-0.348480702487205 0.131706018908941 0.309973962428052 0.0134249554638942
-0.230670814410002 0.222007969851292 0.254559587063116 -0.057841693627579
-0.0840139709511159 0.265771481987677 0.165019290090589 -0.0907681200262571
0.00505389916208612 0.231465323614589 0.0966786107155007 -0.0479322246293745
0.0588438775740803 0.212323057759678 0.0745621146073714 -0.00930718783679658
0.096413339214442 0.179549260523953 0.0491282683305619 0.0282949115085238
0.0942331280238357 0.188642247455396 0.031676485056151 0.0785968544262694
0.0222450016522349 0.199832057298805 0.00560504876186093 0.13738133876952
-0.0241471192308804 0.218438304295412 -0.073807157310944 0.159648354509785
-0.130682496905488 0.20771546278764 -0.14975788391554 0.096831127327202
-0.234512997753208 0.174181871928165 -0.146566990775012 -0.0261373824681621
-0.292770194279043 0.026987493892857 -0.0373533939044931 -0.0724748219951614
-0.316885023780448 -0.067445124998992 0.145181977051812 0.00437413431684548
-0.248284294356125 -0.0824772436881611 0.208307383295032 -0.0288976393189223
-0.291618879639898 -0.017439832316624 0.288095215311969 0.0412341880070656
-0.282194117425046 0.117710021491344 0.298915195887916 0.0142682530943936
-0.174053367118845 0.18856613941633 0.231907030588395 -0.0285947064979433
-0.0573876783716947 0.211029188178264 0.149174189900856 -0.0272259449420194
0.00503756970474355 0.181125538254809 0.107245559843723 0.0261679853846808
0.0402002875457536 0.170700302824006 0.101155037460306 0.0599016522825482
0.0670989047872518 0.149029728144615 0.0769231205370593 0.0900039113695045
0.0565325599801323 0.158325742126328 0.0481713990540374 0.144459349309162
-0.00961391844413027 0.1637807257729 0.00115824251805418 0.194975643552073
-0.0503851207832889 0.168647966460345 -0.0937000746784668 0.195894940741616
-0.136331870745096 0.147215035924505 -0.150098833761138 0.107069732780788
-0.222117883083612 0.113501638461105 -0.120585830314038 -0.014678656731027
-0.258494489948895 -0.0236228710919161 0.0152570273710239 -0.0561216723962092
-0.250562855112948 -0.107007701156044 0.225240444119492 0.0339822069127035
-0.128301615006565 -0.0781333667136468 0.254114380863632 -0.0292796323650751
-0.179488979796307 -0.0232937544602585 0.307141446048529 0.0145826081977031
-0.170466989010861 0.069428327469567 0.265565274476847 0.0145231316206218
-0.0985585028377563 0.106220208754171 0.204461961602028 -0.00387461304336209
-0.0392197682470968 0.115179653085178 0.137754598921932 0.0204882480353938
-0.00942451677734284 0.103609982266253 0.115780272725553 0.0756794176194041
0.00747510442135674 0.102991812690077 0.117414775183946 0.108511322578374
0.028759232960257 0.0948525955843672 0.0920501674839648 0.137385160625422
0.0221391434772723 0.101900553242597 0.0502107576450087 0.196312275348802
-0.0204540376912105 0.103286599478891 -0.0175853764606396 0.234962624648215
-0.0445216992686358 0.104487613830965 -0.121725489996639 0.215221118517249
-0.102170989309409 0.0875456463119731 -0.153721576184219 0.112137544631824
-0.167815828572905 0.0615292609860918 -0.100882249184128 0.00549896975279009
-0.188952306578567 -0.0510974688174563 0.0493593381884274 -0.021471511229481
-0.15100679754166 -0.120288311651463 0.277425598770306 0.0773664446807359
0.0487934095338141 0.0675935649323182 -0.331590990794552 -0.103094013903406
0.098645872225292 0.0113398888363567 -0.118149562006342 -0.0157945715698201
0.0863746767076046 -0.031105777209951 0.0900935936420016 -0.0365630237206607
0.0221091536208696 -0.0503218657560711 0.156243461524479 -0.113799499901233
0.00234006857350543 -0.0240086510797811 0.149527713651014 -0.235985197835892
0.019181389881869 -0.013198255878984 0.0413431864960633 -0.296858878870293
0.0257149038206814 -0.0309770930859222 -0.06610130378488 -0.251018342205533
0.0218721996060937 -0.0381603417432872 -0.123615694596705 -0.175325978721923
0.0378973718893561 -0.0331809197633706 -0.138767768511704 -0.125357535446284
0.049480138710879 -0.00874973590877074 -0.146292943463365 -0.090239510746749
0.042483674795967 0.00711155439234412 -0.151259685193043 -0.0356802672087396
0.0375183727653109 0.00543314752532698 -0.193016142677814 -0.00583323632774202
0.061770886067852 0.0176282660110546 -0.232524524520056 -0.00415664080139333
0.0462398115641757 0.0597199585836646 -0.271461199225008 0.0470586331069507
0.00777560291736896 0.0975502460530712 -0.251374092970919 0.0768287190917716
-0.0859282498125842 0.0397507470600197 -0.299788769001934 -0.113686604375497
-0.0235561218487461 0.00192159049137329 -0.0874746181460328 -0.0202920008512221
-0.0308737473564135 -0.0024093245196004 0.125503739002175 -0.0467128214501728
-0.0637080601698244 0.00260900812525654 0.176997604585966 -0.12036942572311
-0.0436223622305146 0.0572277370266481 0.166891371591229 -0.239155619295975
0.00703642099278552 0.0711981207766217 0.0576199130434828 -0.294735382808889
0.0468010061858546 0.0533673979556418 -0.0480436763354295 -0.252050018949683
0.067685797620948 0.0337182685131906 -0.109227941119352 -0.173862644932126
0.0913433147561501 0.0422396191909173 -0.126759549090869 -0.118341143623331
0.0821026901945518 0.0720649414463019 -0.129060594613733 -0.0729098900193298
0.0597402938853761 0.106237656391427 -0.138594241687966 -0.0170066287382834
0.00208426115279723 0.118497496196128 -0.188261428646045 0.00954070190881534
-0.0277691130826712 0.115291625095266 -0.225646579675812 -0.0108057188246161
-0.0737057220265625 0.0954808062085745 -0.245840879126808 0.0365629990105939
-0.129893288676439 0.0978170360780636 -0.220841778493514 0.0612805068942533
-0.213017115379147 0.00511471133007091 -0.227210097882146 -0.10504403735669
-0.157129849406446 -0.00848101073943818 -0.0269679086344476 -0.000769123872061163
-0.157972959136406 0.0382227959889051 0.182969011974084 -0.0410723302044073
-0.147573215069516 0.0733910098196608 0.208073403828815 -0.124965706384481
-0.0803718970013996 0.144650450202283 0.1763571986163 -0.23585196035805
8.25818282353952E-05 0.152698107244956 0.0665753048260888 -0.267877340074829
0.0642992690361446 0.132709064299414 -0.0248919152532885 -0.223671026890621
0.104908148289162 0.100010951406253 -0.0783972591627704 -0.148153500581361
0.132681424138441 0.107874231411524 -0.0932321037565422 -0.0903803132747553
0.103384627577789 0.13838526269591 -0.0929323512330746 -0.0357609638325985
0.0735202281623452 0.181983860022095 -0.115950721870139 0.0209297366970691
-0.0190911137366741 0.207356705768881 -0.179878324654939 0.0377558047255388
-0.0962618417492425 0.196995392098977 -0.216625257942256 -0.0128521200169394
-0.172896883239164 0.124278319284792 -0.208205240591197 0.0103861852864549
-0.244940694977594 0.0874748070446846 -0.152241189081924 0.0371498139029606
-0.310215374359615 -0.024843846971744 -0.122029299052188 -0.08342774893499
-0.27934743633843 -0.00829964154652505 0.0590298515669253 0.0298950814927272
-0.27366399190529 0.0931475597320356 0.247438658811169 -0.0265409527146504
-0.212860500354885 0.158060077296319 0.241509768611271 -0.120425220422484
-0.0942534979228362 0.227836755445095 0.177723507165095 -0.215859969683967
0.00367260639418144 0.217670936096664 0.0733749455801886 -0.215911713213932
0.0788438875844386 0.192923094159526 0.00387353528443649 -0.167847399230947
0.128094846691394 0.150582559617625 -0.0364471560399582 -0.101298418041216
0.151425792976175 0.158087740023471 -0.0470768063422551 -0.0448004509655346
0.103698751315913 0.185137453055226 -0.0478275624414873 0.0153422209886065
0.0686018240758044 0.229572762933842 -0.0884542534286141 0.0695211553122707
-0.0449802079647803 0.257421848555847 -0.166477226977598 0.0682865194307313
-0.151636285822135 0.242569343743424 -0.204410804203091 -0.013734645409301
-0.24736401387455 0.129187626199234 -0.160756331477782 -0.02471012536409
-0.32194707413401 0.0590319469273704 -0.0594306242497543 0.0105765559556403
-0.35743411558129 -0.0456439035554892 0.00291721597094728 -0.0604053663590594
-0.357007476352077 -0.00187711699017566 0.156667718553495 0.0490398265471989
-0.345446717312933 0.142696143016215 0.298747117190197 -0.0117603584602653
-0.240916443952 0.227044368929521 0.261561790443192 -0.102989085275755
-0.0860723351362935 0.281098264168776 0.173269760321034 -0.170616516575001
0.0149619406462116 0.249811406386284 0.0835734332317516 -0.140460249685317
0.0855337108164085 0.222389860384856 0.0389425527542795 -0.0934710981923533
0.131146776929349 0.177920625647165 0.0101157727382849 -0.0397885994411899
0.142808323778562 0.185692583476747 0.000944899318644653 0.0143273173827926
0.0785022421764577 0.210052701621339 -0.00663383001208639 0.076877901343378
0.037030274873556 0.245739069698723 -0.0677725511147773 0.122243699680797
-0.0829688092378439 0.262743432721727 -0.153370948362316 0.0953998041268651
-0.199081635235813 0.242242564458325 -0.1838459948317 -0.0142993898255486
-0.291773130080225 0.102628075232025 -0.106326082028917 -0.0560984971221085
-0.352925044487202 0.0119511718760895 0.0443864253971061 -0.00715829847738802
-0.341551855122007 -0.0572336699844032 0.124073103422626 -0.0457214722687387
-0.364533796503901 0.00647846876637779 0.245270532900874 0.0464003092848864
-0.347352052104247 0.164994821096052 0.3213167745063 -0.00580521667146207
-0.222593272154985 0.247118676149841 0.258692144667674 -0.0752222027263163
-0.0638546051441041 0.280612192497353 0.163653289457929 -0.104883147841549
0.02370937981035 0.238814747680679 0.0986951402130688 -0.0556191752163696
0.0791391733236689 0.214834556884692 0.076245338169412 -0.0152593928670378
0.114760658648087 0.17590676992695 0.0528643955447513 0.026997063545042
0.112526562109747 0.187107993121311 0.0390942233281347 0.0808374674375573
0.0391293316493527 0.205556644719735 0.0164721146748301 0.142190144316744
-0.00701029003978466 0.227078073545239 -0.0643485080945355 0.17275932256961
-0.119620115442746 0.22568967031802 -0.147303455935482 0.114242018676062
-0.227001013290632 0.19855329563844 -0.15732378253643 -0.0130582171678251
-0.30064375736537 0.0511938866498027 -0.0468178688209812 -0.0696948076288177
-0.333189684500187 -0.0438819863511676 0.145608422859227 -0.00620918578135887
-0.263218997721447 -0.0622927060149999 0.216586986679705 -0.04329189520319
-0.300183612563746 0.00758719234395907 0.303693604586903 0.0229467976426992
-0.279247824214472 0.144807307999023 0.309859591048947 -0.00481330901662522
-0.164947016275171 0.20735280658302 0.236965735210315 -0.043802139971472
-0.0413482846016925 0.220942720308173 0.152901118048257 -0.0381665249647512
0.0190989470352992 0.186222836075018 0.116068489072035 0.019807328791123
0.0558135715989096 0.172620237281084 0.109625818885433 0.0535214409163583
0.0810430872464285 0.14672680415183 0.0861513194555268 0.0883575324614555
0.0710647585565223 0.157803132959435 0.060675248932485 0.146237010833121
0.00271195601077355 0.171075397287912 0.0160118418627181 0.201734307692655
-0.0385831889216177 0.177789712215237 -0.0813223859230297 0.211429828016912
-0.131371355454646 0.162831483895929 -0.147331403626214 0.124033087803525
-0.218510812644492 0.134370938000671 -0.129506752165585 -0.00454786310150452
-0.267270011905139 -0.00391923711421168 0.00781270022656969 -0.0577545541926205
-0.267165673056033 -0.0891276475934563 0.231590488622369 0.0181318896773568
-0.138852340768934 -0.0676096148130694 0.264007623024266 -0.0473003717464233
-0.184444464270108 -0.00882890563038621 0.319632559400279 -0.00717323099204856
-0.167779564620431 0.084925404221126 0.275169362234217 -0.00366573942906182
-0.0926761881412464 0.116052021760081 0.21031664294481 -0.0177119520261054
-0.0298948724695724 0.120331112856455 0.144797516862448 0.011955858120434
-0.00145743017554663 0.106447871788315 0.128546051405469 0.0698752753473509
0.0168189733721954 0.10528870567286 0.130478608019769 0.101925464388158
0.0367442747222623 0.0942109767547937 0.105107741090132 0.134659322144901
0.02993825305473 0.102026291345951 0.0663572827568736 0.199217985912403
-0.0134141478522006 0.108404071229081 -0.00031547596007895 0.243764011125468
-0.0380081840671858 0.110280127862157 -0.108487923169068 0.233411392333205
-0.0999054799019104 0.0977052210502928 -0.151205577808668 0.129090448174114
-0.166123308820274 0.0755734218325162 -0.107430936126415 0.0139032239782525
-0.196536759253867 -0.0375989901628204 0.045886249275657 -0.0256233803389656
-0.16486441988722 -0.110583075779283 0.288854410590858 0.0583353107006232
0.0524737299870517 0.0634194340087285 -0.339049118474049 -0.0783563943310668
0.0968547613880579 0.00438906285897961 -0.117677407583552 -0.00376954803585192
0.0826619123265455 -0.0363212233651366 0.0912012545799481 -0.04235919308475
0.0179523149593877 -0.0496033485804457 0.153047522627901 -0.126596350027494
0.00065941964062128 -0.021317915919884 0.134031087117478 -0.250358449472794
0.0192942732654378 -0.0133736916513294 0.0182932942810953 -0.304384066829828
0.024427086857619 -0.0326038541137488 -0.0838532574375366 -0.248557743686121
0.0194896640571731 -0.0389924762073381 -0.135834530565356 -0.167638934501817
0.0361056102391187 -0.0359764941141365 -0.151336856691752 -0.116060380763793
0.049759023639932 -0.0121741476812705 -0.156923611778378 -0.08027639144514
0.0439887590211153 0.00494377376307125 -0.156128740859085 -0.0260251622733516
0.0379796969308982 0.00504668930590137 -0.196392791740975 0.00826275156758925
0.0626082242848595 0.0142258349775553 -0.236582448259089 0.0119723258457074
0.0491196865989383 0.0560241012957151 -0.271434335998162 0.065492771613584
0.014041979463811 0.0954442389995638 -0.252547349033069 0.0943219739815234
-0.0869739429279324 0.0455698807436349 -0.306302034251917 -0.0906941682669033
-0.0273470155597234 0.002981111194506 -0.0877064017342419 -0.0105399938406285
-0.0335539689952558 0.0013290667327804 0.125348659152264 -0.0534826283876197
-0.0652057591965764 0.0102795765311683 0.172187929091356 -0.132964443247036
-0.039928274427352 0.0644647030451033 0.152522104656014 -0.255336317998088
0.0133255259838525 0.073568469679787 0.0361218544411641 -0.302502656956039
0.0524171430282259 0.0515593124646586 -0.0665619245482739 -0.250466802706715
0.0716061819997113 0.0299559432236524 -0.120854200572232 -0.166847041012131
0.096332422796723 0.0357256058995743 -0.137779407085185 -0.108879324402223
0.088837325675787 0.0673212602902671 -0.137840886385726 -0.0632778678476264
0.0687529623301384 0.1032028630667 -0.142791843904733 -0.007571318689516
0.0108334228932922 0.121261060182816 -0.191246656440334 0.0242248492356064
-0.0200237215279204 0.119213633192324 -0.231740039014364 0.00587176821097272
-0.0696925467433986 0.101397432981763 -0.246565887976624 0.0534345669090538
-0.1257552246171 0.106392338517857 -0.222853424344911 0.077332896850256
-0.217443508562079 0.0206966868318288 -0.2322316955659 -0.0871572010718048
-0.16280687978492 0.00247689256521906 -0.0247406496739011 0.0054649041939556
-0.158835285819354 0.0513683166807395 0.183129119383797 -0.0513596193362015
-0.146425277748202 0.0877077434483786 0.203780361061578 -0.137906736986725
-0.0707392776137335 0.155286311411582 0.161791611832867 -0.252014792852713
0.0118626132911302 0.156636043894999 0.0477397360817634 -0.275125538497973
0.0765825710706151 0.130568493844812 -0.0415529427022549 -0.222956571489069
0.113894893704299 0.0932112949063011 -0.087904892197157 -0.142194402994777
0.143251008608997 0.0992602200389334 -0.10157933154514 -0.0824505495571771
0.115799521959977 0.133234145976026 -0.0983784752173498 -0.0275602883659578
0.0887524310551037 0.17870103557039 -0.117410211515334 0.030551659235702
-0.00441095546844661 0.21319331556908 -0.179422247556575 0.0525468603990187
-0.0837678715672583 0.206654212292952 -0.223559582187494 0.00497699994920638
-0.168646249545784 0.137907525561636 -0.210657857412393 0.0258674090656406
-0.24280496429549 0.105057973303826 -0.155965617529794 0.0491909297916009
-0.318341700660288 -0.00130618867838671 -0.123717998559527 -0.0712267477894543
-0.285090123280456 0.0113300606436525 0.0641236481441157 0.029729430055001
-0.270989267441495 0.115911038758918 0.249065224209631 -0.0404346277775097
-0.206405983867582 0.178173634020188 0.23767263661106 -0.134668849010909
-0.0778771695337748 0.239382303898681 0.164262727910438 -0.230886226281614
0.0198997542466114 0.22210346929883 0.0595984424402681 -0.222500002794338
0.0958047539131037 0.189998418109664 -0.00846922410486184 -0.168347432957683
0.14109246969838 0.142206105709785 -0.042502813367744 -0.0975492935564976
0.165886446709202 0.147572047659975 -0.0509528273251472 -0.0392621264125034
0.118973931010247 0.181158937828087 -0.0482028717571357 0.0211506875556831
0.0872708775554823 0.227585780641778 -0.0856093406754115 0.0786111110390881
-0.0267911847205398 0.266476067906086 -0.163018828116185 0.0832040902609263
-0.135172258404832 0.257350649648987 -0.210689016953779 0.00420896549207689
-0.243066967862052 0.148978958303622 -0.165917915837517 -0.0113918960552816
-0.323302107529381 0.0827655147881359 -0.0636720073485376 0.0161111135071478
-0.367104553880644 -0.0181997967316784 0.00417205487960701 -0.057148902762666
-0.362117493233936 0.0247689083375987 0.16389925812664 0.0426325810596091
-0.338779200791654 0.170691025984865 0.301982905951961 -0.0292713567694986
-0.229877857221516 0.248701474839283 0.258674040231438 -0.117771144045988
-0.0657582617451299 0.291609077430839 0.163105315428377 -0.183688571453652
0.0339120328705997 0.253937245123009 0.0766064936034319 -0.147134430415627
0.104927343051494 0.218831194944103 0.032237793365459 -0.0964426034517203
0.146878922201963 0.168886086482282 0.00856792047585898 -0.03884770949279
0.159367168682545 0.175636046031862 0.00184263031009531 0.0166369114759339
0.0957441685459525 0.208359374556323 -0.00167731561124577 0.079704078747114
0.0570576393187452 0.245313914395862 -0.0597786303128464 0.130925432650687
-0.064602170127668 0.274285257197277 -0.147478106998325 0.110109558642946
-0.18278161023751 0.259957455229067 -0.190357507539175 0.00187468917110633
-0.289083555272627 0.125382604383797 -0.113468048464601 -0.0463949062432207
-0.357202176521388 0.0382021212411171 0.0403557384735422 -0.00954003707541539
-0.350498358597637 -0.0298356243207988 0.12722773405909 -0.0517042240842422
-0.368402957371053 0.0346467902591661 0.253904090038376 0.0321865740142453
-0.336886063497483 0.192170315587577 0.32396613750767 -0.0249370018351035
-0.208017421440317 0.267442819008832 0.257415813619101 -0.0898609604062924
-0.0431591858305093 0.287992524533487 0.157878862246934 -0.117070179008436
0.04158151636067 0.240967244218034 0.0985688781422591 -0.0627279622049224
0.0981679803357252 0.210619200757071 0.0756193489468065 -0.0203296177140608
0.129640630448025 0.16814333269082 0.0566067986432985 0.0250263813533358
0.12819391819502 0.178929991517253 0.0454872389517637 0.0811401892403604
0.0553595817601054 0.206989157896559 0.0268166814043847 0.144167798602502
0.0103170932535907 0.230217693243835 -0.0521803157518599 0.182431864657284
-0.10624557169117 0.239185810487315 -0.14044157800131 0.128111226381227
-0.21369032856723 0.217499018314999 -0.163040716249072 0.000862734296261408
-0.300697187276542 0.0744886810241435 -0.0548778397714153 -0.0652367289904369
-0.34081168938057 -0.0184964684512211 0.143550169440943 -0.0156837363328359
-0.271514197559304 -0.0407528739090227 0.220615535545548 -0.0559783623007599
-0.301702348080693 0.0299616230994277 0.310312283976092 0.00374268410156428
-0.268920937505898 0.166476773201184 0.312576921249331 -0.0243357490051115
-0.152244188288792 0.221524311510355 0.237988501878607 -0.0580324076019834
-0.0245562302344844 0.22514315017976 0.152540104689387 -0.0483153886469133
0.0332193658598366 0.186832658475783 0.121455622223897 0.0119097081090614
0.0700625360525996 0.169618278513887 0.115076328313748 0.0458572645956252
0.0931870858829065 0.141245321030559 0.0937571431980359 0.0841646950472908
0.0833111767557396 0.153322042947099 0.0718791967462557 0.145234026464586
0.0155003373483937 0.173600942719992 0.0310940989152814 0.203546895016449
-0.0260977854609873 0.182560671386057 -0.0665728962580757 0.222281703507978
-0.121758217499658 0.175626631206163 -0.140552690051793 0.137679498790942
-0.20954689942966 0.150532703306791 -0.134633892250675 0.00671170229171062
-0.269337890692061 0.0161506492054456 0.000976565232672546 -0.0576529120690084
-0.277002199378897 -0.0691517027250945 0.231785694905312 0.00314709048044518
-0.145287125349802 -0.0554109937901953 0.267170530673232 -0.0642199170146276
-0.184990530801413 0.00605058866296045 0.324007861412574 -0.0285450792185884
-0.160773082921642 0.0984491285004965 0.279727314622664 -0.0212826086192958
-0.0852698928890545 0.122951762238702 0.212064328390102 -0.0304318381475388
-0.0211600269473993 0.122557618893885 0.148564049821888 0.00261228046237601
0.00634369743014541 0.106712324055295 0.137553160812802 0.0611998812931846
0.025023519496887 0.103981326905094 0.140002043180129 0.092289615880728
0.0436737460231184 0.0913892376445828 0.115578358729967 0.128377009969167
0.0368858141830308 0.0997305057710829 0.0813145944603178 0.196941232858481
-0.00593342111643903 0.111045022171937 0.0173338280664622 0.247216486717252
-0.030986758723168 0.113771623074988 -0.092232350847048 0.245900676743655
-0.0952695896607189 0.106119681079014 -0.144421024550815 0.142599259873018
-0.160511575937882 0.0866258431907302 -0.111069876857178 0.0233406818278721
-0.199008212811178 -0.0231259320005614 0.0419518963545845 -0.0285008602453861
-0.173965488718408 -0.0975961626868144 0.293206049010933 0.0394140283668884
0.0697736906697563 0.0425699332161902 -0.348073146061739 0.0474785268915418
0.0900198839220082 -0.0307596316047268 -0.112325944689086 0.0442378531936781
0.0624699825236028 -0.0644350704996337 0.0749162135484597 -0.0668788795658526
-0.00116039254483181 -0.0517813713355498 0.105594136252654 -0.174396658909219
-0.00526040803770784 -0.0203405073434239 0.0384325081364598 -0.285694912789538
0.0139259118442807 -0.023107276441239 -0.0951377326068317 -0.291745006736101
0.0113341027090953 -0.0412940349500024 -0.171603891285753 -0.200614220028222
0.00392941426475845 -0.0423069003352077 -0.186888051571497 -0.10671733452902
0.0211729550287857 -0.04627317556563 -0.1836599718624 -0.0527070901216978
0.0430355185354497 -0.0288214895907737 -0.17844026413424 -0.0177566331633493
0.0440622766774586 -0.0110873483202523 -0.157389491353299 0.0314543206176291
0.0378481989276821 -0.00729634307630634 -0.182996348760385 0.0760455625281506
0.0630787597230143 -0.00757269671092714 -0.221879792436726 0.0934527489103186
0.0664347250726935 0.034785479140446 -0.233700594394237 0.152419877146046
0.0458226605792631 0.0831145285369484 -0.207110186912242 0.170517170384057
-0.0707207706398458 0.0796773449451263 -0.316387880586648 0.0199055013338367
-0.0289615211090094 0.0160335780532684 -0.0816781518855184 0.0221937842101269
-0.0331046779168341 0.0151875234807709 0.102664196269857 -0.0961160711549931
-0.0559260546004223 0.038056121879406 0.119738886538582 -0.19181632583186
-0.0117339179676357 0.0751728936231152 0.0515221744202681 -0.298868359189666
0.0408219036340843 0.0614698670969228 -0.0799434619969279 -0.297939834868677
0.0695261800321469 0.0288110937397576 -0.157239135016747 -0.210508229286194
0.0767812082820149 0.00214641648688318 -0.173339702857982 -0.109852334178765
0.103484718011661 -0.00130310780689297 -0.168447840436567 -0.0501302888103438
0.108461434844745 0.0321643467959744 -0.155959635884855 -0.00860299507224568
0.102214733192864 0.0713269642537378 -0.140534139145782 0.043692743363078
0.0541431468498863 0.112347478722152 -0.172148517240583 0.087461296607655
0.0230421695760512 0.119973913727642 -0.216075787534198 0.0862330591136641
-0.0296845096882287 0.120623868011522 -0.212664015027296 0.135701721474694
-0.0838321076780412 0.14268087927908 -0.181425135695861 0.14854807188612
-0.204922783532516 0.10601625279529 -0.240674886305342 -0.00645785937232302
-0.156884222867819 0.067263724045797 -0.0130565196035727 0.00877368591708749
-0.131091100027448 0.109427494959006 0.157241625786568 -0.121908691482118
-0.101984100066262 0.142012094227764 0.144789044549476 -0.212551567045023
-0.00721016513489542 0.170548923730443 0.0577222656837888 -0.30075233303539
0.0696040727576311 0.140316377020742 -0.0611574706806236 -0.27769011712589
0.122025406719122 0.0951604164298517 -0.12491123341748 -0.195863972956273
0.139205185079902 0.0458431931856203 -0.13547967748016 -0.0979895348286998
0.169603700464395 0.0400304254433266 -0.125872082550745 -0.0372607028890738
0.15745496874407 0.0848071641047116 -0.106807750646304 0.00977932658994557
0.14778878648961 0.135047488354252 -0.104324490051411 0.0698153908517017
0.0723917403134557 0.204120023687237 -0.151695839356616 0.108444475700248
-0.00469137290656491 0.224268779638078 -0.2070620473234 0.0825701795148266
-0.109365487633037 0.191122842322628 -0.186630925135559 0.0988218624415366
-0.19640458294671 0.183030626578579 -0.125291214962151 0.103913769028184
-0.309902916635553 0.123206026206959 -0.128839554262783 -0.0330803680732624
-0.268140012560287 0.122133575056234 0.0828423069038569 -0.00468173637361624
-0.210990801250856 0.212432317652252 0.22199969912898 -0.141653265659231
-0.122671031482097 0.249226436602408 0.174611601867536 -0.224747728778287
0.0162766617553292 0.251875584761629 0.0641386098729574 -0.28274260820899
0.10104566497276 0.19886643374188 -0.0317758157942688 -0.232702230090287
0.162242739543874 0.144848095189191 -0.0749500243719329 -0.158346119398657
0.181188779012877 0.081147334469887 -0.0774910810944539 -0.0723957394625927
0.207423011940512 0.076442071245994 -0.0633850929814691 -0.0148614069970242
0.177746227954016 0.128909799815008 -0.0433983922362043 0.0371648700659395
0.163914732534354 0.180769236836782 -0.0577431207179479 0.1029459535699
0.0706610158205845 0.262008840035236 -0.124622724018508 0.130351244685482
-0.0355317751354244 0.290202528145164 -0.193294125743663 0.077294693962596
-0.175075642833899 0.229256904143468 -0.155908525841107 0.0500282887609806
-0.280918424161928 0.191466731159621 -0.0491007962666316 0.0448115435877386
-0.361116837335274 0.125033677521672 -0.00124559508571125 -0.0667661698466711
-0.334586051188922 0.163207619873275 0.183860274941866 -0.0326406983860486
-0.251834958821506 0.288141131626852 0.273164561081705 -0.155167404431908
-0.116950139157902 0.323230893131253 0.196617498729537 -0.218323852723805
0.046821602635172 0.294965545227115 0.0780492519513713 -0.237308367684944
0.125019705445493 0.223598073696 0.010584035029921 -0.167574577340414
0.182345036345243 0.169155380410888 -0.0112576331385121 -0.106801285159068
0.196175440182985 0.103979688408821 -0.00947083410369874 -0.0363634840975294
0.212031775412738 0.105694626881063 0.00598976039925495 0.0186200176289291
0.165959375368659 0.162437658155704 0.0215420373413843 0.0746280678034012
0.141363519022842 0.208613417907754 -0.0133721530225758 0.141643957254517
0.0378040723564099 0.282942497211932 -0.100609908655527 0.149983796464647
-0.0784263983645761 0.309387485558349 -0.173397980751333 0.0690456210426547
-0.22671304320716 0.224523877934614 -0.119050545728271 0.000380152646139317
-0.32888332674001 0.161256555384219 0.0398786901225904 -0.0121396917205551
-0.348169632854213 0.107367254846684 0.117695359776371 -0.104085859768241
-0.333762738184275 0.174247952848568 0.264393957287649 -0.0752192133342884
-0.241716335369741 0.308220595794293 0.295038888455415 -0.16069536615421
-0.0898351401808568 0.331082558244852 0.203525848371502 -0.19058517159342
0.0662997722248249 0.283165484595505 0.0973074082569034 -0.17130594532285
0.127678242970735 0.209244158776683 0.0623939568954295 -0.0959841670558452
0.173152034311123 0.164383388459971 0.0585114188377108 -0.0522332285200067
0.17994539245496 0.109383078060168 0.0587710468029697 0.0048047512645861
0.183726075271638 0.120129225169329 0.0701873011187025 0.0624024312821477
0.127645024713464 0.175357843783702 0.072493620914803 0.124031848284598
0.0923156352022888 0.212098576077638 0.0134369508910355 0.185696916319988
-0.0140075346826826 0.26486692486013 -0.0860214684484265 0.164735025015172
-0.122853706572027 0.279290298577533 -0.148451948839414 0.0592341703234337
-0.255717652973951 0.18043508090553 -0.0706750369066806 -0.0366694981921081
-0.333290695306417 0.102583385022794 0.132856248283703 -0.0512034616868059
-0.274720353526386 0.0664447854509446 0.201932881866916 -0.139639936562528
-0.271402238418229 0.143189238345317 0.305654546386512 -0.120560523465997
-0.186954762958814 0.256452054158153 0.284606452728013 -0.151731694327886
-0.0544481813529465 0.264862108137809 0.197390334003063 -0.149821788808302
0.0607532328927836 0.217276499425847 0.118998885301041 -0.102619150529847
0.0997407929559324 0.162113094672395 0.113918983670654 -0.0338547457886526
0.130958659711172 0.13538831552355 0.120826795130333 -0.00425157454501897
0.13682335116877 0.0973210537949975 0.114895781920412 0.045819625250211
0.132686008146792 0.112057819103421 0.117108803948495 0.111817363737619
0.0779190615742721 0.157403961982262 0.0983021303423047 0.178409634320504
0.0402238159634537 0.180088490708973 0.0163369504281746 0.22835252686761
-0.0527680494069879 0.209979072086407 -0.0830206455010201 0.175132375716041
-0.142892368355355 0.214311639752591 -0.120555949053457 0.0558314684620375
-0.246810031720482 0.113215155675932 -0.0169629127207574 -0.0483115142671708
-0.288833954580889 0.0315769946286439 0.218679728449902 -0.0636183876027184
-0.158664512176895 0.00238049505987038 0.240322281712055 -0.160405053314287
-0.169916310519093 0.074599219042554 0.305039313309419 -0.150723275490135
-0.111471272154235 0.150568542516921 0.25627546162228 -0.129726803885788
-0.0306801336169053 0.146407118814695 0.187426732338937 -0.110260133275698
0.0269632887514245 0.12034578680161 0.137554190948315 -0.0519882852083431
0.0454912499201233 0.0972234397042888 0.150280543313435 0.00538026895582102
0.0634003176460756 0.0905718872364956 0.163127148296257 0.0308165024410429
0.0730202923910539 0.0693665181180327 0.152831112302861 0.0781150276473698
0.0693101437735255 0.0793743862651848 0.144824709234637 0.156220462463135
0.0348492516285829 0.106265605226234 0.101916640098717 0.224455076283868
0.0106301484580309 0.116993504723015 0.00149800095436476 0.260480998639818
-0.0525141963882591 0.134068182628091 -0.0851128782401934 0.181945502110714
-0.118901829154985 0.136294795395682 -0.0953650427195061 0.062509392175205
-0.194109920287069 0.0500902559389656 0.0296633459432453 -0.0365162221265475
-0.200706153036404 -0.0309019374976428 0.285396663567527 -0.0533224386794827
0.070996905766255 0.0392703480393559 -0.348569433397551 0.0629608665176509
0.0870520004794938 -0.0334708454138908 -0.107803899941301 0.051361274430615
0.058955756769308 -0.0659707922597103 0.0754823757432646 -0.070990507164415
-0.00215671727655639 -0.0505499446221717 0.100443957427671 -0.183251286870625
-0.00408289428659034 -0.0179757840021254 0.0258795447368082 -0.293237198644239
0.0140649375439211 -0.0235181223768618 -0.110013843405042 -0.292366884609515
0.0102726717543997 -0.0421616506092615 -0.18187443204408 -0.196889241725954
0.00257967387074408 -0.0424829791794862 -0.193406219070466 -0.100809834531783
0.0198434609383381 -0.0471310508850371 -0.18946309265507 -0.0446359457244642
0.0425753962441853 -0.0317414813937021 -0.183267853181003 -0.00844694108840857
0.0448753381259839 -0.0128149356840347 -0.160815236912959 0.0388274148897193
0.0388967139286826 -0.00698596011840831 -0.183687405201038 0.0861409657873075
0.0627687209856626 -0.00937981929723094 -0.223093195403705 0.1046138476903
0.0668969856322958 0.0334056966337786 -0.232302872450624 0.163456623001436
0.0488525101532128 0.0806404433105892 -0.208172731463375 0.1830698198372
-0.0705110581608749 0.0840306102055878 -0.315984394444284 0.0337600159982128
-0.0321457847212522 0.019556216556457 -0.0780713113804942 0.0275859335792899
-0.0342254338369937 0.0194691025707444 0.102089471367111 -0.101160107248418
-0.0550589655935399 0.0445884377060322 0.116305556520348 -0.200201991317867
-0.00659948871757074 0.0795316908271732 0.0387182527697019 -0.306533805362789
0.0452913478687691 0.0619930435222338 -0.0944359397039864 -0.299064747351942
0.0730036875254615 0.0262337127736766 -0.168150853501899 -0.206263027600126
0.0785094806022692 -0.000776656974112158 -0.179443129114671 -0.104222275049175
0.105151334642791 -0.00615055332277767 -0.173579843335474 -0.0415387499778894
0.112671840562563 0.0283622812783191 -0.159633414379896 4.90546994078803E-05
0.107995761985381 0.0684869854865533 -0.141416771945971 0.0513962772627222
0.0608117976324854 0.113793060096966 -0.171617977032923 0.0970418704194819
0.0281349006559956 0.121487824541508 -0.217056412219055 0.09927874004914
-0.0272705385805615 0.124859563053383 -0.211055898099991 0.146495859122164
-0.0807532308853931 0.148278308802124 -0.18245443087104 0.16074282177222
-0.20592428843819 0.117663694869469 -0.238763684546257 0.00431266785313157
-0.159768394795692 0.0766149982259905 -0.00813120482815955 0.0118254938075484
-0.129278911963985 0.119841174568022 0.156843490005638 -0.128149666617595
-0.0979017700245914 0.152298260836877 0.140924536614907 -0.220140180765623
0.00222517015697211 0.176414043130025 0.045503285499471 -0.308152300544683
0.0787215532404266 0.141377850979591 -0.0727214343081281 -0.279271912528334
0.130426419469566 0.0916820519170202 -0.134737269244867 -0.192144737342358
0.143808233134335 0.0399780640251236 -0.139059804867071 -0.0932805114279461
0.174183428505662 0.0322600111319166 -0.128238932991171 -0.0298121094299043
0.165355518645019 0.0798201439610134 -0.109212109861899 0.0173528594248738
0.157164559746196 0.130126861446471 -0.103934861515504 0.0774525556760699
0.0845750739203623 0.206332382296266 -0.149127732902825 0.118210986474968
0.0047169484640606 0.228695614842252 -0.207843807454773 0.0965038846199822
-0.104589841961636 0.200954440747778 -0.185682345662463 0.109370735284185
-0.193173895289883 0.194843021543265 -0.126882225887612 0.112991172133006
-0.310472969265587 0.141209646953739 -0.125625897297349 -0.0276918597022297
-0.269574287140453 0.137088470978203 0.0882379472903779 -0.00648089487209695
-0.204979510716997 0.225999863955181 0.221929836820854 -0.150336233697651
-0.114609331343009 0.261748333204136 0.170868898820846 -0.233710814318977
0.0293024896934236 0.257182012897468 0.0537201087349797 -0.289179302151369
0.113344143991816 0.199144594153201 -0.0407073901449352 -0.234146868574343
0.173639666404906 0.139519348224134 -0.0814991354140545 -0.156260952932974
0.188509345501368 0.0732424496474327 -0.079715457889824 -0.0694125468538248
0.214041444625013 0.067222432697855 -0.0637743659198777 -0.0101051149023515
0.188681147265906 0.123944922964052 -0.0423882724574257 0.0416295124916198
0.17505991066958 0.17605043522068 -0.0536841681907697 0.108813505523265
0.0848555510979246 0.264810748007525 -0.121106924748617 0.139926102075536
-0.0227846754113538 0.297386696999563 -0.194383574813126 0.0912775299824153
-0.169570834333565 0.242550166529617 -0.156651340472715 0.0592966567598386
-0.27975362797096 0.207843109041878 -0.0510004773859729 0.0503493949169349
-0.361331221107559 0.146626301127858 0.00294885540632798 -0.0669820389575134
-0.333658397960719 0.181873608994329 0.188919728776331 -0.0386576355442127
-0.242461613226273 0.304074375308603 0.274072763942927 -0.165910296583858
-0.104832394285933 0.336170885683528 0.193888416683575 -0.227771487387841
0.0620781677386146 0.2982858244415 0.0689633624222366 -0.242759790099337
0.138431979458495 0.223121345032409 0.00534691916808189 -0.170487583702419
0.194779810867738 0.162954902665657 -0.0146950205412528 -0.10639584683821
0.203209650372619 0.0951255318190048 -0.00871309460908103 -0.0354493600362423
0.220264153479341 0.0961401802978164 0.00847113759147296 0.0202511456945012
0.177907816854135 0.158251119240599 0.0256556438877837 0.076658326050128
0.154055662832514 0.205685155920313 -0.00669212457501156 0.146033309676166
0.0520513725926152 0.288026936440063 -0.095237001612641 0.158273217072262
-0.065471409721948 0.318281816929122 -0.174560893200692 0.0819979653941066
-0.221889975743931 0.238768018531138 -0.12114744405358 0.00765622300131939
-0.329541624261295 0.180855193710291 0.0373567841121478 -0.0104839995144449
-0.34858664484039 0.128923831591388 0.121016089255932 -0.109887340937633
-0.331245388075533 0.192857119426377 0.268371861116016 -0.0867870364247947
-0.229811501892661 0.321927242509838 0.294025552772815 -0.172970707118839
-0.0769428398264874 0.341375758045952 0.202090655862673 -0.199782300760525
0.0803100777604022 0.28401634729161 0.0915919166171614 -0.175818280258032
0.139738523914019 0.207586180185617 0.0620809988951416 -0.100869210568937
0.184843514629304 0.158117662394285 0.0577349307484202 -0.0544958225486601
0.187812563692194 0.101321340351355 0.0618184842434861 0.0039133987202027
0.191590578351075 0.111828890106773 0.074360290110062 0.062070767549414
0.139055155899202 0.173448632663274 0.0795021777576767 0.123579557817638
0.103710387948547 0.210946556788675 0.0231890148295321 0.189478753563791
-0.00211525839948791 0.271936375076093 -0.0798124912756428 0.173066023747119
-0.11188168738431 0.289357511747237 -0.149575678743518 0.0711965145121787
-0.252212938247369 0.195032586814583 -0.0740599427001534 -0.0312829487033863
-0.334565536005158 0.121114608711927 0.130556074503231 -0.0553335800249531
-0.275643643552696 0.0827515956724508 0.205338768870747 -0.150400514520986
-0.268068951635125 0.158456595936091 0.307854591865435 -0.134713665063549
-0.176082777364112 0.267097437974448 0.284306930868628 -0.16441018841135
-0.0442624267687639 0.271578844920004 0.197065464394164 -0.158211159277317
0.0717467057529166 0.217047654426394 0.118034302821938 -0.107923549387424
0.10915673033544 0.159492819598876 0.116740728130407 -0.0404691566861441
0.140281028924585 0.130878208590592 0.122968945812747 -0.00880831100985866
0.143235902464407 0.0915204229211026 0.120064999306402 0.0418274151122247
0.138991234835059 0.106005697648018 0.124165150491514 0.109987536772661
0.0872567663629261 0.15768191104757 0.108548982376807 0.177197387493436
0.0487278815643165 0.181086182711183 0.0281069538335732 0.232450359511705
-0.0453339618254746 0.217080673504915 -0.076327788920837 0.183699149785131
-0.134449218796252 0.223318713250033 -0.121893001538787 0.0650114597211458
-0.245313338933993 0.125861270755597 -0.0205480601430815 -0.04618579139217
-0.293249394463703 0.0471229118559491 0.218375780809725 -0.0725893615588442
-0.159867016349769 0.0125540056035495 0.241942111811533 -0.173134039103012
-0.167204740602172 0.0834304808792928 0.305925221188025 -0.16618828471101
-0.103793791178912 0.156045602024806 0.256751801059526 -0.142861708060197
-0.0244899136841685 0.149815192989467 0.188054227876723 -0.119246038570823
0.0321641889250716 0.119747723913562 0.139586400707604 -0.0577424575449948
0.0501230126281927 0.0957398419654529 0.155872400578911 -0.00153253389194374
0.0687608286774988 0.0877321626526787 0.167322020722337 0.0232214996956842
0.0764481627583126 0.0660861459540715 0.158286270171541 0.0733389378371372
0.0731125180617756 0.077158135346881 0.15444740627256 0.153656925979118
0.0399186621340064 0.106849227409402 0.114025625929601 0.224268238726779
0.0156925430804398 0.118322563574732 0.0147191906092261 0.265377684531337
-0.0483144974703196 0.138924322965993 -0.0802350741875529 0.189870290404585
-0.114163119689277 0.141014583890692 -0.0959986607502667 0.0702220529939742
-0.193034349484864 0.0589566086526577 0.0261505559578171 -0.0369222179869873
-0.2046319444803 -0.020690353710737 0.285730511577297 -0.0653921126986949
0.0723917601141511 0.0368921982560703 -0.35241401063397 0.0811422158343043
0.0855977181212625 -0.0365666472734363 -0.105360394334808 0.0585615211279301
0.0561031862124124 -0.0684988663664676 0.0766067469059607 -0.077557106180791
-0.00387315089006694 -0.0492883124736373 0.0967359057095949 -0.195010302049599
-0.00270714172015072 -0.0157034826960643 0.0129100922909355 -0.305883059939527
0.0144914118711399 -0.0246147109382447 -0.128689260723166 -0.296954385965475
0.00850447298435511 -0.0438272148969901 -0.197488999431414 -0.195933570899363
0.00130709015714045 -0.0428400176608474 -0.20310620149131 -0.0964928999074791
0.0180944610079894 -0.0491645144053239 -0.199302977979759 -0.0346330124320208
0.0429407257939085 -0.0356769284104557 -0.19167931429303 0.001501274274452
0.0467891084872229 -0.0146752046104253 -0.166174312371218 0.0471695678561443
0.0409819570108893 -0.00725893178273062 -0.186358026890824 0.097675725684618
0.0636653719082171 -0.0117267420261578 -0.226795059477287 0.119195955028213
0.0689453513740175 0.0325785907609251 -0.233970188043297 0.178388039138387
0.0530258211469992 0.079852688899722 -0.211913414781637 0.201039157644329
-0.0717011158733972 0.0901945266042946 -0.320255362845538 0.0501014621119172
-0.0359838543922543 0.0237159020885648 -0.0752698454830047 0.033315598771731
-0.0357816107528683 0.0243735621349453 0.103692821752317 -0.108443918388268
-0.0547731676778035 0.0514984122724642 0.1131780174246 -0.210887417443753
-6.98852513756273E-05 0.0850820309208809 0.0253301370947984 -0.319906194402728
0.051549893313433 0.0629433597988055 -0.111717180375556 -0.304826313117639
0.0781820990038684 0.0242328677204416 -0.181820462989202 -0.205964501376102
0.0820581052337805 -0.00446635336265815 -0.18767212900656 -0.100427221455057
0.108807735485042 -0.0116805020243938 -0.181315440160253 -0.0326179720889184
0.118347090611818 0.0243165686301073 -0.165612098637044 0.0099646397766325
0.115570558682575 0.065090820561804 -0.145884303648367 0.0605662883483733
0.069888356384156 0.116032039731796 -0.173396065505336 0.109495264545182
0.0342473291812867 0.125108762866254 -0.221485256189004 0.114918429102486
-0.0244675823475612 0.132401747036706 -0.212271753074203 0.161728173499475
-0.078245933661665 0.156739336086598 -0.185470914441207 0.1769816336168
-0.208918424766901 0.133523181559028 -0.241420561375668 0.0153445969354352
-0.165103004290146 0.0884957363323999 -0.00382369430963649 0.0142705152014764
-0.129179045132767 0.131277665292038 0.158739688768701 -0.13741986839732
-0.0942386870768168 0.16547314035951 0.139423879145862 -0.232722125691227
0.01230699206554 0.18476118362663 0.033482294306304 -0.32039872878509
0.0902619696566723 0.144128132985853 -0.0876166644406343 -0.285152049937841
0.14067518790609 0.0882542492919451 -0.146471672960792 -0.191461465542895
0.151055446193747 0.0342432611602887 -0.145947411437843 -0.0902900413313762
0.181883494174257 0.0243227005212297 -0.133456618619959 -0.0226117620277231
0.176192686188785 0.0750925879894745 -0.112390593877343 0.0257922299005825
0.16973903584294 0.12664896147872 -0.104189441565428 0.0859143270961739
0.0978103220922567 0.211026768373575 -0.148360993081377 0.131496979973973
0.0162483082122643 0.2371681601188 -0.211320704422492 0.112509544862341
-0.101358789457178 0.21515187571571 -0.187520586483071 0.122565858723437
-0.192355580115226 0.211677385576152 -0.12952301753578 0.125568635947071
-0.314823819804997 0.163355319893973 -0.125012179618082 -0.0221714193316278
-0.274906204657017 0.156336043675074 0.0951986373435455 -0.00907381517677514
-0.201921515835539 0.244583146735389 0.22513729010829 -0.162819283454414
-0.106511745886958 0.279226232039698 0.169790315957389 -0.247112716725218
0.0446478920141499 0.265940258137329 0.0424112373211632 -0.299849616455795
0.129021270626474 0.202118204743858 -0.051536565966491 -0.240577387510957
0.188080083184072 0.136248206905311 -0.0901171882704393 -0.155951754527223
0.198433347923522 0.0655463103510096 -0.082601067524983 -0.0679488856322544
0.225215046308795 0.0576094122419301 -0.0648489729919869 -0.00545343897532537
0.202801037162335 0.119370152834736 -0.0416352859446332 0.0476056650260507
0.190074119439869 0.173124594133262 -0.0500610163352346 0.117154256670804
0.101642594998514 0.272075809008157 -0.118158059060701 0.152015143038878
-0.00945911260149801 0.309735511833135 -0.195937577482383 0.107244009331462
-0.165871581346608 0.260807012258628 -0.160107352228479 0.0707728620369857
-0.280409576514491 0.229825417064232 -0.0536011107980298 0.0573530799173538
-0.367460893052217 0.171942405292475 0.00593885747587743 -0.0687977762954049
-0.33701152313138 0.204937462843067 0.197336752028376 -0.0475373263615721
-0.236232780142776 0.326736572491907 0.277918422070583 -0.181605396282034
-0.0940250836741655 0.354885392602912 0.194717162076474 -0.241615753370909
0.0785881874079827 0.306443655793884 0.0614868820366652 -0.252126170348435
0.15564234304468 0.224929274006649 0.000299813095793393 -0.176864768643785
0.210959409103105 0.158603067011366 -0.0180571243537656 -0.108088265490383
0.215349124200774 0.0863004387000149 -0.00795999043734042 -0.0354546156343301
0.231921209183346 0.0867802601688243 0.0110877833418513 0.0224885366006542
0.193235593267781 0.156233891263422 0.0307283043735428 0.0800316888231096
0.16960534538167 0.205022106701022 0.000988762730915287 0.153475307768095
0.0678453039070908 0.297885025619657 -0.0905617147770835 0.170045954549935
-0.0521628207358452 0.333204759851671 -0.176596408394371 0.0972064896554702
-0.219703689700417 0.260006350072025 -0.124778478981019 0.0165024750772199
-0.332904508187009 0.205102817189538 0.0361766930257569 -0.0100964400683796
-0.353746254112325 0.15308605995761 0.126788787338488 -0.119405247407513
-0.333212258912666 0.215391315525121 0.276624459816243 -0.100332371414237
-0.22142990115046 0.343284846590138 0.299476815001143 -0.189484320951266
-0.0643667917919002 0.357647299716384 0.203473059874365 -0.212995945754047
0.0970497924503939 0.288513803164704 0.0888795626934737 -0.184038536318166
0.155569879054163 0.207711178854393 0.0623476536993437 -0.106620671793424
0.199282691334189 0.153472727887502 0.058557775869583 -0.0570718813378003
0.1986336230609 0.0938508728247871 0.0660142259557135 0.00175649227905734
0.203115034404912 0.104588969946297 0.0806963224982632 0.0616467268411284
0.153928829868114 0.173827415929999 0.0889537333326243 0.125289402563895
0.117382508906233 0.213633996587909 0.0340002512396772 0.195604404012216
0.0107941080121324 0.283418864748364 -0.0742357478409056 0.1847675372435
-0.101424084531844 0.305206927715553 -0.151940408804774 0.0843429779485889
-0.251905162866006 0.215381692068775 -0.0779649193023157 -0.0258767848553893
-0.341006567726222 0.144211069279566 0.13068213480914 -0.060730391578389
-0.278764512209634 0.101600808431035 0.210702677883767 -0.165453377187095
-0.268915268145536 0.177026894470673 0.314796293372346 -0.152804072833843
-0.168297964344563 0.28348803963298 0.28899960660748 -0.181377456302772
-0.0350230034657445 0.282768293366396 0.200439807028866 -0.170735830799886
0.0842094733951345 0.218813202079312 0.117948738348071 -0.115130895999531
0.120770609032211 0.159602612567045 0.121556917925389 -0.0472795402248546
0.151716595680785 0.12743373072186 0.127677087278769 -0.0141209890563338
0.151841954821753 0.0860580633222915 0.126910577635075 0.0392352970781238
0.14792026382183 0.102084314727052 0.134402226768661 0.108787702143314
0.0990136205356911 0.159943026892117 0.121426787699205 0.178555344460273
0.0592006059127293 0.18494788806971 0.0410365783944287 0.239799132589523
-0.036187105516345 0.228764353249787 -0.0708273678821549 0.194947456581393
-0.12839161026492 0.236402214972712 -0.124349387894794 0.0766511330281452
-0.247221348928407 0.142234898328283 -0.0241897605028393 -0.0444936118013653
-0.300190244554599 0.0650748592697768 0.220957645575222 -0.0834972536422318
-0.162299942703689 0.0231944268133777 0.247212490325933 -0.19098084688167
-0.167136116546071 0.0934679078891376 0.31082262445256 -0.186939365774019
-0.0984823858306893 0.163613846686127 0.260961386974016 -0.158480066370446
-0.0192073999873941 0.154419960871179 0.191666752959917 -0.130204110093584
0.0396272339366187 0.119975432784453 0.142828401767164 -0.0654419587881767
0.0557677950844446 0.0960164299497226 0.163574525291145 -0.00961601318936546
0.0748415089771122 0.0867596995195261 0.17455510472734 0.0163251870679612
0.0817770481420938 0.0637343754209597 0.167262529258425 0.0690282034237693
0.0780973434226527 0.075465238392749 0.167186730865094 0.152019558011819
0.0464773095743577 0.109268675586053 0.128604494287592 0.225439059361921
0.021409383152529 0.121994086994542 0.0286665808223133 0.274131793464135
-0.044310440897585 0.147187778464128 -0.0749091851116894 0.202450585682001
-0.111570012870332 0.149286520535754 -0.0979914450506227 0.079563593444941
-0.195587243331179 0.0692864399730989 0.0239980113779556 -0.0368445428494274
-0.211269255207831 -0.0102597243378491 0.291437303825125 -0.0797336474942448
0.0758317851406819 0.0322937381672562 -0.357430670111123 0.107126385102775
0.0837562442241427 -0.041538828636549 -0.101680248700715 0.0681895344382623
0.0522904221021259 -0.0724447882306676 0.0773483875580279 -0.0856154694869404
-0.00596089828610725 -0.048947779120504 0.0892326565108704 -0.209541520520706
-0.00134753077181144 -0.0146983956602857 -0.00714105745329834 -0.320124882531865
0.0140208490367222 -0.0258577855384116 -0.155252120791783 -0.300563554943547
0.0061065815397773 -0.0462470561749543 -0.217909644884431 -0.191566902983232
-0.00180638338787443 -0.0438378276006434 -0.217273738348072 -0.0885269814304455
0.0155380878780792 -0.0521250930635951 -0.210128382838049 -0.021457034613601
0.0424306607323004 -0.0396828544480026 -0.200164759302633 0.016623721891867
0.048538705983789 -0.018503649577527 -0.171519103230526 0.0607889308924766
0.0431194913670187 -0.00903887456406634 -0.18751273119108 0.114723402087787
0.0645463901912938 -0.0161388292918111 -0.229162085175051 0.139888688810541
0.0726755587008442 0.0307391777665852 -0.23320986636105 0.199835077099578
0.0601925695718393 0.0776315945580956 -0.21118291386387 0.226016368445183
-0.0704131684883666 0.0999913565648292 -0.325432582917861 0.0723162161887782
-0.03925998075169 0.0297585628856812 -0.0715149514751816 0.0400331748346553
-0.0368680654706586 0.0304407007189441 0.103331264263972 -0.118194289711358
-0.0526268604570477 0.0607303757172419 0.106291340203783 -0.226772023052814
0.00855260065281098 0.0907482726709965 0.00507587006908039 -0.334718875162639
0.0595287485622572 0.0632881261025025 -0.13724926175808 -0.309884059882564
0.0842668799178196 0.0190237353755064 -0.202928365300925 -0.201977908335882
0.0854225472793367 -0.00968243976468236 -0.20054521980278 -0.0930290179039711
0.112750999376101 -0.0199074830130008 -0.189907868712366 -0.0197513256575067
0.12596720330357 0.0170109360926146 -0.172484697340603 0.0241538130336844
0.125845545945218 0.0599376015300804 -0.148386520404813 0.074303234955785
0.0819280153061448 0.118142479926264 -0.172464692137805 0.127177313075955
0.0441919465185831 0.129095969779599 -0.222732987398429 0.136208863668287
-0.0176414125617357 0.141224231825891 -0.21103321754055 0.181369782452389
-0.0718333716309178 0.167816849200371 -0.185416899006036 0.199701332908214
-0.210365709717543 0.154472140665546 -0.243736987773479 0.0315305608090858
-0.168855665285136 0.105592696907873 0.000861221173525762 0.0159157666321029
-0.12630320954793 0.14817875696097 0.159039331725019 -0.151580642744692
-0.087036740858738 0.183196854376034 0.134144211996884 -0.249926793531375
0.0279667501441656 0.19325747625775 0.0137457067171047 -0.334461876940076
0.105981575298222 0.145377027088642 -0.10955093232895 -0.291208025394732
0.1539456286022 0.0816731954793545 -0.163702885658366 -0.188304883470643
0.159688886461538 0.0247980317098179 -0.155159003609896 -0.0851877311847189
0.191504900293805 0.011230286544767 -0.138540423668253 -0.012465384135576
0.19004530460625 0.0663983739886649 -0.114733428822528 0.0369546569842633
0.185670246393221 0.119181418662835 -0.102681164071227 0.0985265460084338
0.117730313157163 0.214595676918434 -0.145338403913333 0.148320642106697
0.0326018754978478 0.247285651652131 -0.212228198302157 0.135080824087973
-0.0921822151479488 0.232976417472149 -0.186966687543317 0.140273355357681
-0.187526357795854 0.234202849204933 -0.130156221546123 0.142825093852209
-0.317299978872717 0.193564144674406 -0.12527445142936 -0.0152188060019122
-0.277678292036753 0.182392804610123 0.101270199742822 -0.0142803357367504
-0.193632711087366 0.269257108210368 0.226369901368181 -0.18123497687066
-0.0939887810925477 0.301809728166429 0.165908981719361 -0.265733057063832
0.0654338750629165 0.274793565681697 0.0250249107536931 -0.31236518693667
0.150444455939797 0.202560694828862 -0.0683402332033548 -0.246865053962032
0.207145805543964 0.127127122087304 -0.102572629032952 -0.154985186776365
0.21097934502506 0.0538668907507576 -0.0874512975010979 -0.0654025837781512
0.237681896530077 0.0431603367459319 -0.0659813278664138 0.000912052889147151
0.221344049168431 0.111076394548701 -0.0395989711883778 0.0542636900742332
0.210077540756128 0.166359525158452 -0.0441616106228467 0.127003284018961
0.126105543721744 0.277946928472061 -0.111876976110961 0.168782371223034
0.0118588919358316 0.323834888496836 -0.196653201870251 0.129272718817377
-0.156695615708536 0.285800316529469 -0.16131931967868 0.0853479643077255
-0.277099275470289 0.261265824342588 -0.0546121097719852 0.0668391510781336
-0.369555160599804 0.207522514994246 0.0089711489484758 -0.0729617797207675
-0.337930701631328 0.237433342841248 0.205472683307374 -0.0619679806179247
-0.223475237157729 0.355482187392788 0.279276476322762 -0.204365696157854
-0.0750912453540763 0.378674071451148 0.191161418409772 -0.26165190812413
0.103285466602003 0.313316118331349 0.0488221349919653 -0.263448974898407
0.179513564921942 0.223509848695494 -0.00946539099028293 -0.183850776301234
0.232643981783513 0.149052909121792 -0.0245365996298522 -0.109696131810228
0.229221598906739 0.0745589203379063 -0.00795104334235188 -0.0360155777027614
0.246442234930275 0.073028041027158 0.0147538328451291 0.0243227865546444
0.21438935834807 0.15023088483075 0.0382891803016067 0.082562541515222
0.190707531344231 0.20156430331175 0.0123409593735039 0.160835993855764
0.0925292897096293 0.307185494272822 -0.0818993210817746 0.186179691591161
-0.0302124079081815 0.351944636563302 -0.176816690387516 0.117886918366527
-0.212055655226101 0.287552320591335 -0.128284183514122 0.0272292444372625
-0.33284233663472 0.239007126243764 0.0342213224062167 -0.00986587184020657
-0.355648371163826 0.187331392388353 0.12987143586591 -0.133925813393018
-0.332516391787119 0.247406590231471 0.284468365804327 -0.122256820522738
-0.20629246826301 0.37043395937403 0.300354860451419 -0.214646161616407
-0.0442127171485437 0.37784054732454 0.201635531033699 -0.233257426863114
0.120893289112001 0.293697277542973 0.0812470962253752 -0.194922896739974
0.176832058604999 0.206150667302717 0.0609057268194782 -0.115615377753741
0.219669186990715 0.144333768916952 0.0589236838595363 -0.0620977623563527
0.212694801403341 0.0823630020449659 0.071138163322749 -0.00151030930582016
0.218106451188086 0.0934538317570676 0.0904115773076913 0.0604279912739356
0.174263735772847 0.171436807433762 0.102706061506413 0.124972731690927
0.137091220271059 0.213867843439007 0.0496223395734216 0.203234442883879
0.0319890513952736 0.296911604402639 -0.0639672375851132 0.200315303710612
-0.0838616130962061 0.325010482758556 -0.152383099056659 0.102749751838022
-0.248151906233792 0.24279158006524 -0.0821407612199268 -0.0197660113502345
-0.344893510127154 0.177058593645663 0.130521801381466 -0.0698334560760074
-0.281084129103824 0.128256595999674 0.214171037908102 -0.187086893998794
-0.266748559693871 0.20229784099742 0.320040014997117 -0.180283053438443
-0.154718734778121 0.303618894658329 0.289774139628973 -0.206372357072369
-0.0184852343964039 0.296635719297924 0.200704591452798 -0.189715258452934
0.101672408262104 0.220965631480065 0.11730057885782 -0.125502208193913
0.13660354810985 0.157444345708185 0.126748461290456 -0.0576499350690499
0.167763242765895 0.120475942994406 0.132511640151255 -0.0223345311288605
0.16281151699426 0.0777379441026831 0.136126693917899 0.0331596045270937
0.160164397565756 0.0954342810734554 0.148702258040504 0.104835187429351
0.115652292034361 0.16021614700376 0.139828978348211 0.177967100070128
0.0739549297145695 0.188522987292015 0.0598211069108703 0.247957134792054
-0.0223936835584901 0.24262687111815 -0.0601645701096103 0.210838638482287
-0.117751872185017 0.254575339844246 -0.124305100394731 0.0923436409060934
-0.247949078270671 0.165559261117728 -0.0275469553872921 -0.0425130036880877
-0.306516235205578 0.0915638155074787 0.223083807938558 -0.0996908419529508
-0.165606615367865 0.0376537976004422 0.249521157754459 -0.217050931281164
-0.165758990708737 0.108384594062893 0.312532245534222 -0.215811606945312
-0.0909659869028888 0.174231135575777 0.262106969468401 -0.182181890407407
-0.0112687143823061 0.161002434447172 0.192946619601022 -0.147793784776528
0.0482374575607542 0.120916356527697 0.146633752790605 -0.076576667815612
0.0641006308147036 0.094803089623383 0.172254141275011 -0.0219819518298624
0.0834631686597766 0.0841838239986215 0.182402053277076 0.00553862270357109
0.0881850199208928 0.0603998242080856 0.17895373279625 0.0624227603023335
0.085593212999868 0.0725417388864122 0.183832144322102 0.147793961849695
0.0565113440412184 0.11113036614154 0.149488587284983 0.226775070301343
0.0296313189445583 0.125344011060392 0.0482021705440629 0.284221059482918
-0.0366906265939084 0.157126164973912 -0.0647742086874434 0.217961798040748
-0.105922432626806 0.161935113327396 -0.0974803325479696 0.0930801736203801
-0.197598216317149 0.0843687912398559 0.0212865305656396 -0.0387327372508334
-0.219415119804804 0.00609975839080228 0.296517234957748 -0.101404809378043
0.0783265880985119 0.0265807857540859 -0.354641538663104 0.139598843825212
0.0801612983609574 -0.0465071571342073 -0.0943373969204612 0.0782667481647766
0.0462591222980502 -0.0759724968483343 0.0747456120051799 -0.094595461399983
-0.00877979493579306 -0.0473274745327677 0.0768066055751928 -0.223464295323638
0.000124446250004944 -0.0137401328738178 -0.0364273775351149 -0.328791254286296
0.0126208852121396 -0.027431902955722 -0.187957730092003 -0.295070896592712
0.00255343526945885 -0.0478620472716491 -0.240822743411103 -0.177981168599329
-0.00456107790761668 -0.0434695909582685 -0.230916618263922 -0.0737384599991168
0.0116714625566414 -0.0544033331088324 -0.217752741491849 -0.00108132361525371
0.0398783549762044 -0.0451333461803075 -0.205248842143382 0.0367676972161171
0.0491997967051055 -0.0239564788619233 -0.172574836797078 0.0780939759055679
0.0453984970422499 -0.0121593129957577 -0.182623581678775 0.134893847599973
0.0638803510349947 -0.0212203553714191 -0.224613426868023 0.164136024222893
0.0771773513556243 0.0260484288037516 -0.224557761955074 0.224233166780816
0.0669444830648393 0.0727359823541635 -0.20037101355064 0.253915255047456
-0.0656652655206267 0.110445292846687 -0.323352589975742 0.101242713395623
-0.0396547995672797 0.0371301926525949 -0.066389725342893 0.0474330748047515
-0.0358346349379792 0.0375437730610441 0.0995815763659672 -0.129167428934707
-0.047010146894493 0.0707289035159193 0.0947869679119603 -0.241826485295669
0.0192107896564679 0.0939760501482301 -0.0232487998209008 -0.344124084384456
0.0685421955758133 0.061028925406797 -0.168621199741692 -0.306042207192458
0.0889438965437831 0.0119266440049203 -0.225001247197579 -0.190126441966664
0.0874276823810643 -0.0168720708144722 -0.212928996399552 -0.0801284155584668
0.114171488222329 -0.0304054780410657 -0.195993568920193 -0.00171892324229363
0.131781708472548 0.00600360667561134 -0.175022072005767 0.0425577937944791
0.135053100059989 0.0502045795549431 -0.146260977061054 0.0907755236162649
0.0966642665126767 0.114816750068608 -0.166001517437438 0.146950421664819
0.0556210585817847 0.12973908242966 -0.217178811720653 0.160821190777956
-0.00681054410549321 0.148897719880439 -0.202602730484266 0.204184713551721
-0.0602192935565182 0.17783550177731 -0.175987506484152 0.225321342555578
-0.204494993346027 0.179093021704631 -0.24170579634993 0.0521389523165676
-0.166876095495672 0.126242960032652 0.0062054886103766 0.0166606995034173
-0.118105123003712 0.164722115450287 0.153845479490384 -0.167027107394511
-0.0734453209969253 0.199657048670503 0.122159358946414 -0.267474852244332
0.0480478756022286 0.19795957731538 -0.0140827209369999 -0.344555081976019
0.124582459657553 0.141293283699867 -0.137218515317642 -0.289717278409799
0.167455506012089 0.0693029501858946 -0.183841065029044 -0.179259048604786
0.166205028296192 0.0116499439186798 -0.16459994253084 -0.0752037540324531
0.196832373445839 -0.00599991217780521 -0.141516981890037 0.000674666875724049
0.20323824941271 0.0517076724296796 -0.11375761199003 0.0501266505219552
0.201515183577676 0.105998933031433 -0.0962827049549833 0.112151007468415
0.142487051809679 0.21095938198601 -0.136142845395655 0.167251445974389
0.0557113499888297 0.252326960197855 -0.205889595684691 0.159778809678756
-0.07511494994432 0.250515745464799 -0.18031148258782 0.160470065294114
-0.172068660084933 0.25819525700269 -0.123767341546107 0.162566457962907
-0.308332246980152 0.229066859056589 -0.123656196119148 -0.0069807398071762
-0.271200621618319 0.21348196896548 0.106749013847707 -0.0228602181242646
-0.176666215887126 0.29449279148956 0.220093761240221 -0.203151854746295
-0.0706231087815094 0.322790631108321 0.153614525196567 -0.286304217735481
0.0924388228641303 0.277820839181945 0.000909982162471237 -0.322010041489293
0.174764199981603 0.196044682297516 -0.0898320876543013 -0.248208529898427
0.226226478809967 0.111325163526793 -0.11741365769411 -0.149154003536924
0.221403163635788 0.0363150615296306 -0.0929681337621106 -0.0602015832913771
0.247520272852783 0.0213678294297201 -0.0655574083795003 0.007882325204328
0.240511594097334 0.0944388328154248 -0.0344041731923165 0.0610465606862437
0.230679774835065 0.152215035630007 -0.0329103753648863 0.135835931972348
0.156591176545744 0.276487061262601 -0.0995398346490926 0.185444694196396
0.0415919801407061 0.333133023053802 -0.190413484655444 0.15361489898914
-0.135557046989703 0.31070881423015 -0.158470752063095 0.102765043041276
-0.261557344753101 0.294404074486405 -0.0525576498398451 0.0774785574518489
-0.359951843611389 0.24809301148817 0.00863427310432636 -0.0781544428981749
-0.328153211414283 0.275305070035634 0.209045213619861 -0.0800408958405536
-0.198911407932879 0.384760264223462 0.272573186019782 -0.231026666803452
-0.0458246645256412 0.398584261354767 0.179399454224952 -0.28300406888571
0.134105379553946 0.3127590900544 0.029569313428968 -0.272450459149376
0.205757516920995 0.214288882753732 -0.022948024744157 -0.188787250602289
0.253314916653561 0.130789694382884 -0.0324976579234541 -0.10927005731783
0.241589873227487 0.0549972081527705 -0.00865096281748376 -0.0367592519333394
0.25862641598053 0.0509576719158847 0.0189638387847986 0.0250692145792899
0.237563543622395 0.134968553910567 0.0479049547935132 0.0822700078636947
0.213826772386257 0.190200538450651 0.0277654327274928 0.166188895562131
0.124891032096861 0.310663553660413 -0.0670217727300977 0.200819430002045
0.000810962843014229 0.364717094347777 -0.170309921258988 0.140229262754018
-0.192376864795654 0.31701213143533 -0.128783427946215 0.0400068864954831
-0.320049008396676 0.27847737788202 0.0328593399419783 -0.00945938745357816
-0.347046846621661 0.226119705145837 0.128294898399454 -0.150845763954021
-0.319521405235982 0.284336725476851 0.284273833491881 -0.149333223649312
-0.179278579356195 0.397110692531328 0.293131764951277 -0.242964670403234
-0.0141383059733361 0.394892597074063 0.192164569078653 -0.255866463885208
0.149227536869053 0.29057709699618 0.0689731393219796 -0.204656089425819
0.200204721964073 0.195893050609675 0.0555663567711931 -0.124808775665584
0.239943873579545 0.126380802044125 0.0563762806197635 -0.068069214937729
0.224749068854492 0.0647527021984321 0.0750709028734879 -0.00739780158126883
0.231102071459696 0.0749579690928 0.0999664276031477 0.0548973167108467
0.197325698856226 0.16043752179005 0.117477405100046 0.120291493137231
0.159090386414648 0.207400881042383 0.0701333488886182 0.205727452286433
0.0602523292738137 0.304336951731558 -0.0479119652200209 0.21344853341947
-0.0568527799957388 0.340747295349177 -0.146551766456187 0.122845827772841
-0.23322079096178 0.272789553598881 -0.0855939447912378 -0.011164076312513
-0.338393625706111 0.214684452708884 0.12572686297697 -0.0796787499674256
-0.275104768721789 0.158814060512567 0.209714411965148 -0.212735481982977
-0.255175546750707 0.230869479209327 0.315124965181284 -0.212903271710915
-0.132944291734104 0.323895142862359 0.28233929861119 -0.234929588923862
0.00468108714628443 0.307296593027595 0.193829615640086 -0.210974020640264
0.122556596726274 0.216582336030046 0.112574798290734 -0.137335485143857
0.154101040866625 0.149020358499616 0.128524744935069 -0.071625651704072
0.182954582853462 0.107246304012352 0.135330381402184 -0.0336125728168399
0.172973676783754 0.0646790102898199 0.144726361275237 0.0229933579713018
0.17216945841261 0.0824844857089565 0.162732037724003 0.0955665802368013
0.134976806898343 0.154775205630467 0.160274421456945 0.170581232059238
0.0918336188172318 0.187418006404111 0.0843767442971399 0.250085441679167
-0.000789176925130065 0.253248625912868 -0.0434578485461636 0.223450925428059
-0.0977021213190477 0.270955253122294 -0.119518834684541 0.109567873340285
-0.239714076481398 0.191948780814069 -0.0322804236213656 -0.0394048251236076
-0.306382769937294 0.123326952133655 0.218802523149862 -0.119952595578241
-0.164341321091439 0.05436619581715 0.242903950464778 -0.246641262801774
-0.159432890362169 0.124070175748413 0.303647770935996 -0.249251972260064
-0.0779154338872823 0.184284590941325 0.255053130016014 -0.208425851439374
0.000482011703164116 0.166711150723609 0.1893562791532 -0.168790825799027
0.0584606055118123 0.118294958784667 0.146958505788187 -0.0901208186132493
0.0737109357743681 0.0901671557296728 0.178273465809177 -0.0389578703621769
0.0931903403701512 0.0780985147133199 0.188567696030082 -0.009960233425039
0.0948691674721862 0.0533496245075648 0.189885237546103 0.0486341066306914
0.0931658318329923 0.066251834294568 0.203543924071242 0.136310514726773
0.0682400150126149 0.108801593811121 0.174428289923318 0.219562135487431
0.0413689488294068 0.126049385743289 0.0751790360489353 0.28819228964352
-0.0239477780476107 0.166206754837118 -0.0481766482861441 0.231226742011041
-0.0948934675567593 0.173734517299311 -0.0924721188058567 0.107215850348484
-0.194342144597305 0.103690163171442 0.0183276079431304 -0.0395957461095304
-0.223559993716784 0.0267691119458254 0.293701090312107 -0.128818725584683
0.0764998000178618 0.0158569584869995 -0.319964424247728 0.206614190146789
0.0675843449098912 -0.0569616412884615 -0.0739598035675935 0.0986301972020005
0.0295635389542476 -0.0837092165093043 0.0606370707469254 -0.10461517062465
-0.0169796927657799 -0.0488547357921668 0.0371503850898719 -0.23551710150782
-0.00371999600550565 -0.020226948805052 -0.0997440024950117 -0.318442090162161
-0.000449816977302422 -0.0327008749349046 -0.241214397114 -0.250209371316786
-0.0129556769142158 -0.0479629704755023 -0.27196673949091 -0.126942188686673
-0.0151809242288631 -0.0391904722092052 -0.239777061022634 -0.0310577056876883
-0.000621178911246413 -0.0533806439774047 -0.215208153537665 0.0379741707079451
0.0314566160252789 -0.0502803395212317 -0.199322585668463 0.0746061558463713
0.0451062431001483 -0.031973503077381 -0.158584519749307 0.108010383146495
0.0469421937926421 -0.0188581849056422 -0.160123104994669 0.164234216540728
0.0622840986970102 -0.0292684850910058 -0.198407131203076 0.201178116949898
0.0851357307194325 0.0121161143119422 -0.188128911431311 0.259271854858035
0.0812591536195765 0.0591213629026969 -0.159650897831465 0.283803091253459
-0.0461938744020291 0.129151918618732 -0.295389075902842 0.153703945198266
-0.0323451287459681 0.0505205995805143 -0.0538266313000915 0.0559518171157225
-0.0271858077892755 0.045123480942777 0.0742827512564624 -0.149048083114742
-0.0293511168628843 0.0770461577076781 0.0471645372618173 -0.26198143539893
0.0366395043475958 0.0819537895387367 -0.0945682525563883 -0.335151575036991
0.0729551406824688 0.0421198101182922 -0.227194775444309 -0.263763842466322
0.0878086929476034 -0.0068693731075149 -0.261995302224178 -0.142074723018708
0.0797508816674438 -0.0306289037435777 -0.223166982662473 -0.0386613219100679
0.106051588693007 -0.0511692478313979 -0.193227492609775 0.0344710733366979
0.134132226026723 -0.0182194477684023 -0.169042332499643 0.0743990224293498
0.14376908957019 0.0238745129129124 -0.132338275815855 0.116300760974736
0.124217789702043 0.0971245620883094 -0.142721711610155 0.171713096945818
0.0832670743814265 0.120592219519637 -0.189125645388003 0.19451511383136
0.0248831751456389 0.150100824820407 -0.165155498570888 0.237216508283687
-0.0264329857375465 0.188757313963019 -0.134288533172521 0.253336339782443
-0.164393284999062 0.226544562161162 -0.224560234369646 0.0821227047081642
-0.136083272084527 0.163952349824779 0.00962643948664626 0.00426274969823569
-0.0804588286489222 0.186329788260283 0.115880222256236 -0.202727243138461
-0.0268399242175917 0.210070494997565 0.0648591396896689 -0.296962208335219
0.0855413244776218 0.177924157121038 -0.0888424851201901 -0.336301958227562
0.144128782526013 0.109681804404278 -0.196035835396307 -0.253043961524511
0.178710353186628 0.032346707779548 -0.221402334820455 -0.140264706100959
0.163441208201233 -0.0183462208508897 -0.174540403655087 -0.0422332710072409
0.192843309471058 -0.0449778307889045 -0.138092526338898 0.0276762225556199
0.214754992313126 0.0112544040198366 -0.107954022384405 0.071481113221914
0.22010788832303 0.065496026727845 -0.0798982658196878 0.129178013863044
0.189884475421629 0.183360894986607 -0.110940624074458 0.185015842382797
0.106930658296801 0.240781195197366 -0.175729256001487 0.188923551699063
-0.0241712306686044 0.264581503147491 -0.146542559996587 0.191221139347774
-0.123317224664995 0.289839681910735 -0.088293312952178 0.184242522641824
-0.254893164838257 0.296726978713105 -0.119193188247299 -0.0036557530733285
-0.217597078902461 0.270483696414184 0.0995479046471547 -0.0592344282736181
-0.110255596237559 0.323784481139467 0.168298445633553 -0.256032882434495
0.00318345008497999 0.329947345587765 0.0862486948725933 -0.324101630782196
0.145352265994597 0.247705806942973 -0.0734814562861354 -0.314936022345332
0.205827353925609 0.15363543575442 -0.142611496087721 -0.22117341856305
0.248296075153298 0.0606336342424427 -0.15301247287813 -0.124237607685274
0.221716451542941 -0.00511848103319139 -0.101677035957326 -0.0398133094124987
0.249278097122068 -0.0290915353648397 -0.0617119432287669 0.0209729632113127
0.260833153065087 0.0448098787320296 -0.0276778412597447 0.0679938717440593
0.258274138927321 0.104345655649449 -0.0132901599023834 0.14145042569967
0.21728794560726 0.245644975788099 -0.0722509848447588 0.196113833058003
0.109279956456407 0.322260225637403 -0.159990945752305 0.179300857689926
-0.0740069302925651 0.335648648966389 -0.131253614731601 0.130314909038098
-0.206559127228001 0.343340101850529 -0.0292661713639019 0.0909433533611274
-0.29841008014959 0.322631546468154 -0.00350372318209219 -0.100419155340707
-0.258055402481166 0.338654806231627 0.186193605443209 -0.139253610330429
-0.112741292610083 0.415595739762416 0.210135333309483 -0.296325755522533
0.0440311077695552 0.398958247766972 0.10805802277546 -0.327501798687434
0.193337989324044 0.274346318783253 -0.0367658065337272 -0.270299735191239
0.24081450526437 0.16543058045805 -0.0660053972396125 -0.1758359410748
0.280533084802781 0.0728315046472333 -0.0629175699824533 -0.101486907051228
0.2455027186425 0.00844918932178423 -0.0147675059128867 -0.0319949090793018
0.266572394174959 -0.00265427217273128 0.0250493136468794 0.0232550676036754
0.265948087864406 0.0847399232168828 0.0582214226439161 0.0741604629300281
0.249226365296177 0.144709251823331 0.0522589090677432 0.159775830488051
0.192920879653614 0.285161455375203 -0.0362987034348189 0.204426080945126
0.0747660895657782 0.361406568246083 -0.141093728566844 0.162174280480515
-0.128051422687978 0.35251558800164 -0.111354345939074 0.0649722783640699
-0.267894383424115 0.338162569329046 0.0411152716532654 -0.00785348844587585
-0.288194634640169 0.296036261960229 0.0999088659884062 -0.194509721840135
-0.247705920673015 0.34279767032709 0.245461435562182 -0.222776722821407
-0.0907144072360352 0.422728470482688 0.22608670449266 -0.311755001123659
0.0737617870870507 0.387771526493439 0.125157228919152 -0.30101999020967
0.203350376682608 0.249572043555887 0.017616551454223 -0.210489726979752
0.233953432633405 0.148403456431743 0.0240000197423652 -0.12955132004689
0.267142890345873 0.0711963595024792 0.0335847999746158 -0.0782266825151401
0.232018312093462 0.0203661121758705 0.0729225039970532 -0.0188327954124952
0.244405439170394 0.0261240729739621 0.109698460285731 0.039008481376151
0.232297361848434 0.117559484796954 0.134037267072698 0.099175520764765
0.199538054955685 0.172325042533288 0.101974356297902 0.191571643340892
0.127549373061505 0.292428313623635 -0.0138986238241663 0.21410118511436
0.012757718162359 0.348760030542413 -0.119130715578468 0.141550623422031
-0.178253077758703 0.316263379177331 -0.077455229860803 0.0079142157642034
-0.297009013040375 0.277078927347936 0.121010410197167 -0.0919623470034697
-0.231800077261326 0.211090276784821 0.168176528128764 -0.266670129414871
-0.195664375604645 0.273585863114456 0.264030857716717 -0.287057594083951
-0.0601138419768631 0.338585268905994 0.219032001640654 -0.297532086903007
0.0730607737665667 0.296915961466526 0.137826606053453 -0.254421707114489
0.163430581779733 0.183053232151908 0.0763645807313048 -0.15361157007779
0.180956057221556 0.111726349536252 0.108147330880239 -0.0930607640797678
0.207680179590626 0.0638028656118827 0.119489899458123 -0.060379337052315
0.181421620307424 0.0293441146584374 0.146588626024923 -0.002020359517105
0.188149506457253 0.0455761975478318 0.178995486433723 0.0678466619803003
0.168927881443115 0.123836741897456 0.185881564465392 0.141436188439019
0.130192391333634 0.165116650636486 0.124665680934312 0.232771043239313
0.055583360340163 0.253365534617591 -0.00623632312217907 0.22553589244978
-0.0423721107425754 0.28539698011534 -0.0947924025763558 0.125831806634986
-0.200459585167543 0.235074998918168 -0.0315365262691173 -0.0279493633130756
-0.282871475858035 0.179007774877657 0.203065024214231 -0.145720941985074
-0.14532705112825 0.0821186566528983 0.194336644971313 -0.299097143706746
-0.125485373858264 0.146713886798792 0.24811791306819 -0.315419357664953
-0.0369224360900842 0.189696062888108 0.203706761253763 -0.261918907886527
0.037406699224467 0.159893007934756 0.146942646628536 -0.208353345115002
0.0816276438346109 0.100312268996985 0.124473826991825 -0.116594334052294
0.0913859745519585 0.0705882631646467 0.165041502116642 -0.0732807803392774
0.111856102115693 0.0552444783956925 0.17936677279388 -0.0482373865962799
0.103886231351444 0.0330804037126884 0.195722917072579 0.014913674640471
0.10804676165151 0.0449453619504369 0.225467800125237 0.100884552184434
0.0937103351802445 0.0917323182543778 0.209193945106881 0.187707398336529
0.0679153180417553 0.115077999452666 0.121967020354849 0.272003789482271
0.0136742220432156 0.170515245085542 -0.00957576842261326 0.234860565180906
-0.0587229532783328 0.188272052363981 -0.0699310339473401 0.121581916234759
-0.172197796990959 0.137310699896755 0.0157124736237104 -0.0374122439636654
-0.217927770491953 0.0663346863005724 0.271773826319437 -0.168402595389141
0.0747821183915474 0.00978247004773123 -0.296955585213326 0.223413154073378
0.0622998043949126 -0.0579312938669149 -0.0636486800204999 0.100282187535555
0.0240775386340187 -0.0810156784959896 0.0547290276515152 -0.108259653815804
-0.0183354269693303 -0.0460576796693287 0.0217366805148764 -0.236848599826722
-0.00215309882556184 -0.0201320309056852 -0.121391993257162 -0.306489627336152
-0.00170783623129203 -0.03153617774485 -0.255893238507812 -0.225760627016895
-0.0163280028143355 -0.0448627642636792 -0.276861701467753 -0.104755630721382
-0.0159907698387365 -0.0370394622884073 -0.239500106763458 -0.0146244127623102
-0.00385599579760896 -0.0516156387978534 -0.207581669600206 0.0540458888768862
0.0265862897068993 -0.0521906450847195 -0.190846071005877 0.089866445788639
0.0429935701955554 -0.0352500593929075 -0.149616490792752 0.118351185883667
0.0455365449810507 -0.0220477168889815 -0.145189821683202 0.172998230192185
0.0592886015767483 -0.0317203169784042 -0.181815963169322 0.212592658661619
0.084166696527927 0.00544144346883632 -0.16864401680136 0.269064077197574
0.082108063689267 0.0507172670362762 -0.137972907385521 0.29385717069982
-0.0366220471817837 0.131079754755441 -0.276365384788208 0.169984505131224
-0.0279451168626805 0.0556093971556839 -0.0470076455998778 0.0574094582652958
-0.0230331315246873 0.0490298538729098 0.0658826862433772 -0.152509888328519
-0.0212184843412028 0.080334308243529 0.0317054246541449 -0.26358846402812
0.0446409839606223 0.0784162870573437 -0.115845060928512 -0.323298683988754
0.0775464709111717 0.0367231261814168 -0.242537983557003 -0.241993165079688
0.0857093388649411 -0.0140533073369664 -0.267904573446083 -0.119164362371593
0.0775359165265234 -0.0357637039914746 -0.222916107525152 -0.0245008915603105
0.100372143766764 -0.0580703608720817 -0.185441682444755 0.0481265814818412
0.13085720316059 -0.0288483166271612 -0.160249460320228 0.087707781224399
0.143182158045612 0.0120974392254253 -0.122008033900425 0.125251883421003
0.130611351380154 0.08625960711205 -0.126725452208881 0.179162685270831
0.0908501849155992 0.113446482771979 -0.172425200134379 0.205765146771306
0.0350523365762224 0.146401638147519 -0.146391207815767 0.245185828696427
-0.0132802114558336 0.18688741610076 -0.115279663182217 0.262592721886322
-0.144116537133506 0.235818637518917 -0.211636045708364 0.0941627094328231
-0.12224008826935 0.174337955736907 0.0126541341069142 0.00305457712944053
-0.0662642586817949 0.192259969461728 0.103271453288718 -0.206779007517494
-0.00877070108371215 0.212426477525652 0.0478259372900956 -0.298607098674964
0.0997333116274176 0.169845111730887 -0.109423476582026 -0.324091817988327
0.15275347488991 0.0978897669304416 -0.209936573117597 -0.234437643505487
0.178933670177778 0.016507353328307 -0.227173525174525 -0.120092530767549
0.159795322176707 -0.0300307823490084 -0.174142820665343 -0.0312969625602982
0.185517202156301 -0.0590694759860128 -0.13186095248985 0.0375379519492492
0.214134933011578 -0.00652042653426422 -0.0999063424742694 0.0791073553371208
0.22131765720435 0.0477004689530159 -0.0684342983065253 0.133774688283176
0.202726252374385 0.1665834873987 -0.0946678191763469 0.190637597914491
0.123616515409124 0.229891586466509 -0.158455855636752 0.200591372045348
-0.00366104464813059 0.263036770296291 -0.13178879431384 0.198398421926213
-0.0999170940033321 0.295114188081412 -0.0739151211310537 0.19095596390391
-0.226141348234483 0.311659774610893 -0.113807217496997 0.000767860155969238
-0.19468296371046 0.284141653550686 0.0962172068376154 -0.0662910025431336
-0.086012874350732 0.3282055298856 0.151367796612604 -0.262633531410545
0.0285305834222362 0.32884946547024 0.0669314374318832 -0.326670144373131
0.162504571301018 0.234969198984343 -0.0913118773989257 -0.303694368120911
0.216203987158519 0.135842119039253 -0.155434801289893 -0.207417247343359
0.249147120462547 0.0387891566990479 -0.157997598040311 -0.109671132888678
0.217912637376616 -0.021919762895442 -0.101689079289308 -0.0339993151839309
0.241420772740899 -0.0477620966768782 -0.0569095796161178 0.025519809380699
0.262384188402317 0.0234064046239841 -0.0210459232769367 0.0698162682391553
0.262100957941527 0.0836390913100418 -0.00125867936993035 0.141405016450205
0.234916360401194 0.226103548561288 -0.0554538679427065 0.198561258160142
0.132278527660168 0.309958359652187 -0.142693290353227 0.189455117603158
-0.0467896288364246 0.337712458611552 -0.120403487891118 0.13880940226727
-0.17596186969389 0.353700226816728 -0.0228892370049247 0.0947831140304605
-0.265493371164669 0.340643430222592 -0.00655582983272969 -0.102771707839091
-0.229993239330753 0.35454903572095 0.175507050217644 -0.150489586339061
-0.0815778740849996 0.417202098600426 0.189924241356621 -0.304836457919492
0.0740523289474031 0.393967701137617 0.0887357351203065 -0.331348522269056
0.210931601283542 0.257143646489791 -0.0512963762637144 -0.261778392840918
0.251088624828206 0.145506730154494 -0.0755495117201575 -0.16904025514871
0.282138397917115 0.047876355373291 -0.0671725703186897 -0.0935629585331518
0.241657926874502 -0.0106102075417486 -0.014835001361755 -0.0323173804434809
0.26073904377139 -0.0230201312749534 0.0280784781194249 0.0210511551715944
0.2710481426207 0.0618714374606979 0.0635796680322401 0.0686871517993378
0.256047469354047 0.124444510470979 0.0651247057881003 0.153700602164303
0.214056772509498 0.266267916120226 -0.0192792642243916 0.20547228259974
0.100719153225233 0.349187750000513 -0.124319454644683 0.171978772143402
-0.099283521601161 0.358458881580193 -0.104644827905112 0.0724015863118111
-0.236404561081598 0.353083409066886 0.0395687111447153 -0.00785816812906345
-0.257406409640343 0.313063029932914 0.088231174034606 -0.202488681171698
-0.217042419829015 0.355892130674311 0.226935385098847 -0.23693273597603
-0.0590821989549568 0.421436966666968 0.203476108273935 -0.321195781128087
0.101440209298302 0.379472531847431 0.106071551024871 -0.305954098412762
0.21802500062595 0.231225100931555 0.00645071325232628 -0.207298870775125
0.241376455005795 0.128775454981247 0.0167057503517352 -0.130890647055973
0.268192481278285 0.047975047149629 0.0293764040318219 -0.0783738597766204
0.228562049043835 0.0026297476767907 0.072122588745264 -0.0248120347102105
0.240971753681945 0.00649931913921746 0.111844740124039 0.0310801542097704
0.239199803807669 0.097216937328147 0.139427631670759 0.0871161983398143
0.20979160436922 0.155571302671404 0.115427156357095 0.180822702971656
0.150445234068247 0.278549150377266 0.00314817677275879 0.212886209851139
0.0388271763764875 0.341749855271332 -0.104831058096077 0.149996720996809
-0.150639856202456 0.325183939392581 -0.0759873717616429 0.0138717257860309
-0.268983022087175 0.296819004524815 0.111991643938635 -0.096649094794403
-0.208620506622658 0.224944775890502 0.148890825341179 -0.278086961913228
-0.172017418797658 0.283006423251532 0.239836861686531 -0.302223108304305
-0.0354249495090353 0.336036240766902 0.197772177421632 -0.307333440932415
0.0942771450664052 0.288943509158314 0.120453600259735 -0.261477873861014
0.173523794518421 0.168585414904663 0.0684011565552691 -0.155833289434047
0.185296341853861 0.0963169811746861 0.102261851236874 -0.101346459579336
0.207963204290241 0.045528530331043 0.114958123904626 -0.0667954967963167
0.179945849285496 0.0153125403554975 0.145937523921858 -0.0123822383212931
0.186918636815245 0.0295180162784687 0.182073916952827 0.0546706737169978
0.176867571088905 0.107722546474748 0.193221792658451 0.124227752187237
0.140253235526061 0.153983365433296 0.140404174607721 0.220417654810753
0.0748420667325748 0.245657035278241 0.0112729309810266 0.223682206267539
-0.0211161065214814 0.283495189449887 -0.0817196627534526 0.133397021363464
-0.177502416779966 0.246639299701808 -0.0327407131839015 -0.0249381274515551
-0.261657942446156 0.19799323111561 0.18849646270011 -0.155944783571588
-0.134497355227054 0.0914593139367802 0.17257431160122 -0.311766611193944
-0.11189378799625 0.153136689245027 0.221976474501966 -0.328082850658361
-0.0236827520392916 0.188249050204999 0.183234660596652 -0.271444200466172
0.048336768665495 0.155990682540331 0.132060445784504 -0.217397908684328
0.0860192208781734 0.0921932774616566 0.116901189895866 -0.123245363025641
0.0933193452465798 0.0620476093700869 0.159246779932065 -0.086024267630469
0.113897580287673 0.0448636965978109 0.173222313960008 -0.0602681302904503
0.10346655513225 0.0244765923171981 0.194882329623193 0.00100516280224045
0.108169197232841 0.0359114538764922 0.229670398976072 0.0832913527312752
0.100016043830328 0.0823341664108666 0.218546768714641 0.168330725303309
0.0746548111058385 0.108341077927573 0.140634190049833 0.259663921602622
0.0272317558959427 0.166994885795847 0.00694690212672991 0.234230719009662
-0.0450067689446411 0.18814939401097 -0.0585415294218992 0.126776450008451
-0.157235066096271 0.147209226135292 0.0122109275166907 -0.0369296510663858
-0.206984814878358 0.081993032563497 0.254216866625133 -0.183714867805072
0.0716802307215265 0.00572443879450436 -0.279765965845474 0.233861150095109
0.0590142163977945 -0.0578854498097557 -0.0565447263124958 0.101063706942504
0.0214691486577548 -0.0786875716656008 0.0507489033402002 -0.110977538605262
-0.0185591281808268 -0.0431760324743473 0.0120825423710583 -0.238141144896176
-0.00103452800594436 -0.0207514343662898 -0.134916279243276 -0.296935133204144
-0.00131386076555961 -0.0307995588430813 -0.263937127486875 -0.208752676053082
-0.0185834205705527 -0.0427968381768477 -0.278123725871577 -0.0887259933287569
-0.0163985156725609 -0.0355692612186323 -0.238499774485456 -0.00327264230137729
-0.00517132021621046 -0.0504322212461462 -0.201971866833962 0.0636316918156148
0.0237133416706862 -0.0525768599992791 -0.184186130789984 0.0997251787594962
0.0403919467455757 -0.037510874010628 -0.14277388536468 0.124385661528321
0.0451729472914403 -0.0238205928106012 -0.135259686252979 0.176344319229482
0.0576442044444251 -0.0323753237722421 -0.170652988771983 0.218281772809324
0.0823301907178202 0.000985984030508306 -0.154811925171942 0.273763130037191
0.080753512626004 0.0449943992804379 -0.123835501040909 0.299042856821652
-0.0303130454357584 0.131523728921709 -0.261166663697981 0.178786044637745
-0.024593518425647 0.0587691494459389 -0.0420664117459311 0.0584978966812094
-0.0190194199688718 0.05307597483303 0.0605476977578971 -0.154367300511183
-0.0140960697439504 0.0830791181777897 0.0221644044358878 -0.265396274745135
0.0504834014838168 0.0751192802665765 -0.129401330855857 -0.313662275953628
0.0808029685178701 0.032496322298765 -0.251168930153981 -0.225610562290161
0.0843532358130555 -0.0185692209068632 -0.269072343285906 -0.104084813704791
0.0760368253352172 -0.0392812757242842 -0.221910588853037 -0.0152205961746762
0.096496317258036 -0.062347903728745 -0.179223913434341 0.0561183238212792
0.128346452194284 -0.0354022658465148 -0.153703749857227 0.0957833033047911
0.141686970283987 0.00471151755365593 -0.114152912181895 0.130035922125394
0.13540074624574 0.0789841035457187 -0.116366071383263 0.182041572800936
0.0962782192902179 0.109087993805026 -0.160479901182978 0.211715365973382
0.0419091453823489 0.14362232147221 -0.134470260229873 0.248500191303139
-0.00534667168448941 0.184514641582266 -0.101613887783094 0.267471317583235
-0.129737121998552 0.240177575534012 -0.201381776252719 0.0994277954753421
-0.112141604174231 0.180310136734449 0.0143211356363738 0.00224491975575287
-0.0550422614879542 0.195266701241093 0.0957471432848617 -0.209021248257678
0.00426920861711561 0.213648878691297 0.0367028987497879 -0.300002736885332
0.109696988877879 0.16318066503464 -0.121170440314899 -0.314435771711414
0.158698963300636 0.0893077250916774 -0.217871076982563 -0.220858140016619
0.177652725178791 0.00644519847943661 -0.227960600058871 -0.106292608873994
0.157585600825606 -0.0382650375420967 -0.173655131881421 -0.0247622520228299
0.179895040584809 -0.0678129501459812 -0.126317293099163 0.0425693404774425
0.211467956009739 -0.0181072934209483 -0.0943203134673853 0.0847746776489384
0.220897046549316 0.0360472552570305 -0.0606272031008731 0.136275867416421
0.210622446322722 0.154032008506483 -0.0827730142734002 0.192717002671275
0.134739134377424 0.221213602776353 -0.146505940905492 0.206170269453447
0.00945300302270125 0.261280257704676 -0.120984332464118 0.20284098226663
-0.0843624689248368 0.295493126390347 -0.0645932036341957 0.195674313082274
-0.205197546043287 0.318518299958132 -0.109536215368136 0.00199843660929063
-0.177596191112909 0.292809034209191 0.093364362096493 -0.0704174951475702
-0.0689234921485114 0.33044198315583 0.141448664161403 -0.265573873758413
0.046599184140644 0.32762032431228 0.0551203688459347 -0.328586126672321
0.174908385578231 0.224801326886545 -0.10125596121648 -0.295429482550818
0.222660233782275 0.123753415770618 -0.161759511638927 -0.19754865461827
0.247371730995907 0.0235523651510157 -0.158498646358152 -0.0988149850291552
0.214905737561537 -0.0325180475948317 -0.101249307269362 -0.0313671614997182
0.234256921225655 -0.059226542659449 -0.0529729152412634 0.0273690942270461
0.261546552799191 0.00828292241284929 -0.016610034540563 0.0703637483024636
0.263709674813353 0.069617416924286 0.00682486520847003 0.13969880003892
0.244871229998783 0.210844234061741 -0.0432080938090608 0.199471302858646
0.147175172805076 0.29939074505321 -0.129961323864914 0.194399914560301
-0.0280349884705893 0.336983429867812 -0.112250328995309 0.142900124286291
-0.154567583489849 0.358652897218034 -0.0179961972077601 0.0975524185023484
-0.241723929934442 0.3489032949806 -0.00876930422511989 -0.10563790631384
-0.208216920343473 0.362197975987499 0.167997763181881 -0.157059876008245
-0.0606805938230186 0.41724938325306 0.177587395528633 -0.308399874299219
0.0949383969276573 0.3887981648226 0.0753828956372243 -0.333562841079683
0.222512986555989 0.244040979296611 -0.0593608511430047 -0.256220723864168
0.256900818257398 0.131249108540586 -0.0812073590812124 -0.164571203600014
0.279981298991595 0.0305074430996016 -0.0679834777803882 -0.0870541862676713
0.239058194023493 -0.0224224402325317 -0.0147553876595905 -0.0334732338225807
0.254136510740537 -0.0366399825381138 0.0308798612941648 0.0187691610080719
0.272142047490875 0.0454472817373992 0.0664534921321881 0.0646707389091752
0.259991577323026 0.110459541928218 0.0731855490630946 0.149679272687768
0.22680050639609 0.252122942576947 -0.00787217659797498 0.204548844334952
0.117117251194368 0.340321346953175 -0.112298591130329 0.176626570451076
-0.0786332382343231 0.359904631244847 -0.099598919234897 0.0770518201869014
-0.213241748335715 0.360826802613963 0.0385456901192377 -0.0068519495175606
-0.235042925456383 0.320743407593438 0.0790600956295923 -0.20758546932803
-0.196073962339244 0.363086086816166 0.215030196467299 -0.244842422242034
-0.0389384951976818 0.419398645400578 0.190365164438056 -0.325574915253285
0.120839273989197 0.372637903791662 0.0943488580384311 -0.30934378420358
0.227327583066183 0.218409186314514 0.000877774306846619 -0.205138050234928
0.245687267548926 0.115544795411871 0.0121513104539317 -0.132114497806727
0.265188108331576 0.0305322734585534 0.0274959891688303 -0.0765480100418149
0.22556262852599 -0.00940706064471914 0.0713772435449287 -0.0295354022202873
0.236468956391873 -0.0055511690076454 0.113857538777282 0.0247643581702847
0.243127560078076 0.0809987340508038 0.141777106160625 0.0784571574544287
0.214696624665303 0.143297092393269 0.124589404916295 0.173320907242623
0.164011783823137 0.267546680712639 0.0154952630608332 0.212055664987231
0.0554736052330711 0.335170545244927 -0.0931497766448458 0.154356075808842
-0.131360932706107 0.328414507696752 -0.0737745389374568 0.0174333033692518
-0.248321514986481 0.305780389481013 0.105422961665609 -0.0984275576554365
-0.191108336750896 0.232675541403472 0.136070150189837 -0.285276149849207
-0.154226260995165 0.288424875406354 0.223938796552446 -0.309858563193947
-0.0193857130188335 0.3328492620053 0.183756523621012 -0.312868056940339
0.108547869262972 0.283223459070921 0.109042732023152 -0.265537912097829
0.179611625305298 0.157869782547398 0.0633344351813921 -0.157884255432148
0.186668938998118 0.0865333015100716 0.0971776887697113 -0.107960890735121
0.207224944163306 0.0322163365382228 0.111583747540216 -0.0708433037176041
0.17783908438348 0.00610847283773769 0.145104689952516 -0.02033002592692
0.184294834236885 0.019896076479556 0.183559999178606 0.0453345339956555
0.181483431161878 0.095712037074261 0.196256511160714 0.112554168532979
0.14623366570335 0.144822633605652 0.150055593704972 0.210505743264443
0.0882282963124765 0.238708251022651 0.022514130293151 0.222317653303198
-0.00718203331315223 0.279927737851678 -0.0721764636542722 0.136223686033767
-0.161642554614754 0.25088930771894 -0.0333316430461786 -0.0223552595503316
-0.246176130092209 0.209159470521525 0.177375316764117 -0.16184382886599
-0.1257758687409 0.0965256314143963 0.156933278535828 -0.318800069760193
-0.102481405926402 0.155738151409983 0.203592433493081 -0.334871685322276
-0.0154141034053971 0.185958629451088 0.170308671104277 -0.276529079645929
0.0553124110549754 0.152118839566775 0.121192436442075 -0.22211733426769
0.0886198023944135 0.0861511954830134 0.112156780912918 -0.128067985900101
0.0938436145106111 0.0574743893360875 0.154702459643576 -0.0955628363979377
0.114032160802666 0.0371456994096554 0.168605022645449 -0.0672914016260382
0.103369764078567 0.0195921917318399 0.194156096715016 -0.00840417678193228
0.106790747438148 0.0300902161114359 0.231097807273906 0.0720363828460129
0.103636635459383 0.0753528864280267 0.223311403638881 0.155182151710482
0.0792206748604532 0.103322952295825 0.151703442880568 0.249798936530168
0.036013364155623 0.163344744506624 0.0190538557389045 0.232436842883327
-0.0360578129760825 0.186702459889734 -0.0508426197129018 0.129504830105864
-0.146988169494502 0.151027792818664 0.00943520929141787 -0.0363638489788764
-0.197858582779631 0.09087162133573 0.239873310732191 -0.191793066114482
0.0695579828656367 0.00341004638341243 -0.269247807278887 0.243652403811042
0.05746824092386 -0.0586199697857064 -0.0522269675875927 0.103102020205361
0.0204386940500812 -0.0779173023649642 0.0486236542974694 -0.115204303670472
-0.0176531814805139 -0.0418979084222117 0.00397315400588077 -0.242927914791931
-6.29572445643573E-05 -0.0216759001836852 -0.146432865027414 -0.293580187149235
-0.000684183118051157 -0.0306030699402315 -0.272306485177172 -0.197823748879109
-0.0198391131676328 -0.041450528728468 -0.282813669073864 -0.0781992976475088
-0.0161990382618376 -0.0349382677640048 -0.241514228106609 0.00505473042376253
-0.00603090258967441 -0.0497412859812312 -0.199439553983287 0.0714273478210568
0.0217497176463084 -0.0535731381832368 -0.181443872373765 0.10879372160625
0.0392978007200362 -0.0395433792541225 -0.139427091035749 0.130336863121344
0.0452897526185382 -0.0252725690752887 -0.130111864281306 0.180403744919219
0.0573074633032024 -0.0337440068984022 -0.165819000824087 0.226315437791915
0.0816520535489105 -0.00168005014093137 -0.146995148671202 0.280475848905195
0.0801103821763027 0.0414594779555408 -0.115237540489657 0.307233688980471
-0.0266188282432169 0.133702756466723 -0.253660620723456 0.186098054163656
-0.0221481754365044 0.062260860275297 -0.0380562026757031 0.0602301713793413
-0.0159669070266424 0.0559366342305827 0.0581058909069379 -0.158102278479512
-0.00824309483630132 0.0865385447186798 0.014487813881266 -0.271149968939096
0.0563570217205749 0.0732251049041136 -0.14004075983683 -0.311464769425163
0.0851297234382407 0.0295505860469578 -0.259694081312188 -0.216270180993684
0.08400704835975 -0.0218471680873164 -0.272105616972861 -0.0930334728813389
0.0762543162693736 -0.0426026112589861 -0.224889823171086 -0.00866086341787144
0.0941921130680968 -0.0660507953117589 -0.17689209059048 0.063194664778564
0.128320480649813 -0.0410733588326849 -0.149698354215647 0.103073294996978
0.142705847775991 -0.000962104994637209 -0.110046431676942 0.135216981059688
0.14000231736212 0.0744924704135196 -0.110604774513965 0.186491919709555
0.101450772723293 0.106653795753245 -0.153993858120513 0.219785810117432
0.0471318287563582 0.143379117292532 -0.127649853464066 0.255333353167
-3.68321664755908E-05 0.185294315484856 -0.0932815850192546 0.275330805744048
-0.121757470766088 0.246195635611475 -0.195933081850424 0.104344650922981
-0.10559459234078 0.187422424335747 0.0159555375023624 0.00203994175058075
-0.0473146837053965 0.200737933125514 0.0931184148515456 -0.213826253224812
0.0155753011331111 0.218341347275013 0.0289758717474835 -0.306963592196342
0.118979244813521 0.160564614081279 -0.130366231681776 -0.312435624577703
0.166214081747621 0.082991984530951 -0.226189451035815 -0.214294445858736
0.178718018365173 -0.00117206301578934 -0.229701750301741 -0.0971352763242286
0.157820729777478 -0.045284875723679 -0.176175682816945 -0.0206931444584027
0.177855131208979 -0.0744653042656209 -0.123842515638889 0.0469885414708043
0.212786340725555 -0.0276594559150324 -0.0900085749121542 0.0894277315698739
0.223807989277807 0.0279879806318548 -0.0551075917481612 0.138699483534405
0.218658611698299 0.146681637412591 -0.0747618910876144 0.196449920634141
0.14419402458243 0.218075554443622 -0.138860276637459 0.213263176280659
0.0195432363392388 0.262942681924928 -0.115183971089127 0.208650708423354
-0.0738309688766196 0.299980995649253 -0.0584964996672339 0.201241675284423
-0.192190212528998 0.326849593431913 -0.108257250062787 0.0032538519871835
-0.167654586918736 0.301920323857689 0.0928020528502688 -0.0733178620288749
-0.0566518310076297 0.336531376741268 0.137745004628749 -0.271481445772913
0.0630729415616943 0.331225335840114 0.0466550909317649 -0.335800641665028
0.185875220924553 0.220185933431419 -0.109224898727244 -0.293389697787573
0.231791328651843 0.116329993078592 -0.168269663239139 -0.193217968556592
0.248450991690446 0.0122024713525433 -0.158612985222562 -0.0913207924186197
0.215157343816366 -0.0424511907268314 -0.103007247021464 -0.0302428345472305
0.232336006320314 -0.0678613735183976 -0.051197793441425 0.0288316619110168
0.264281238068815 -0.00317828209451526 -0.0136909030493165 0.0719528962744797
0.267175166461074 0.0610481086814874 0.0134685726484316 0.140309285536784
0.256419070114444 0.202217942784234 -0.034237068662839 0.202407080508608
0.158897778737049 0.29555027973719 -0.122208984603875 0.201429620802044
-0.0156323451147911 0.33996012815094 -0.108551503335113 0.147996277433575
-0.141771329636191 0.365322115226976 -0.0151005514997476 0.101334551427816
-0.227592679629241 0.358366789315246 -0.010892091374739 -0.108891056633467
-0.195106308263963 0.372618386110957 0.163841376582966 -0.163560547300714
-0.0457508104491892 0.423047283411771 0.171834521690925 -0.316044515649288
0.113239790356699 0.39015519160153 0.0671321187313548 -0.340518988122373
0.233845681335366 0.238075222185186 -0.0647212756045579 -0.255701837470219
0.26520054934081 0.122595588166188 -0.0859953523969831 -0.163938451148305
0.281106614508887 0.0182695735010061 -0.0673387807459967 -0.0832261738965637
0.239164773421758 -0.0327450149409561 -0.0159516360664797 -0.0354489163227804
0.251528258586748 -0.0459240053292853 0.033130353450908 0.0176300620068186
0.276487202499467 0.0334269552737 0.0694097201329322 0.0623754210134212
0.265428639761697 0.101486240926704 0.0803895508940631 0.147384126179617
0.239648001828754 0.244586588939117 0.00223402424720254 0.206647628791338
0.130611866658707 0.33765282915626 -0.104926429822119 0.182246672674181
-0.0641733680468417 0.364322720550073 -0.0979625084360824 0.081101986713658
-0.198873601839922 0.370332862288533 0.0381256491038201 -0.00576972941714473
-0.220816081948281 0.329534880389101 0.0728094523634547 -0.214918615283876
-0.182735225867924 0.371721300934991 0.207344131132577 -0.253242634278189
-0.0245678612472054 0.424113548498353 0.18377376275773 -0.33232175518227
0.137959293114132 0.372028009529779 0.0859901829762592 -0.316245610000909
0.237236588842375 0.210835202108009 -0.00327430771731191 -0.20670921557055
0.252895479985472 0.106914332597408 0.00862191396541208 -0.135154021587314
0.266370937503423 0.0189233399386881 0.0286441636909686 -0.0768957852857826
0.226417816694332 -0.0184307254243654 0.0714956644211348 -0.0337559028554418
0.235412123092549 -0.0141908286495353 0.116452525763497 0.0205321534563609
0.248348868920524 0.0703468795156198 0.144955288807624 0.0733090215685044
0.221837485152857 0.13645177802313 0.133336842606611 0.169751763842884
0.176547261954033 0.262274857672265 0.0254142652554473 0.213724105066232
0.0680861685431994 0.334196013327137 -0.0870053966571997 0.159038052611592
-0.11755521572709 0.334860682637126 -0.073908969566786 0.0205529190922845
-0.235884818972544 0.317005468902573 0.102190652535404 -0.100404695897363
-0.180564967920644 0.239364632475608 0.126901371899287 -0.293860826768696
-0.143243796471191 0.294608105600671 0.213655413750956 -0.319509831449537
-0.00889662323398109 0.335575411953272 0.17661252194173 -0.319887447340349
0.121043262171691 0.280937086899924 0.101228836371788 -0.272519657128739
0.185483666779749 0.151193067581186 0.0612366452556374 -0.161576153502683
0.191608050332714 0.0801058130449071 0.0950759449319792 -0.114410505404068
0.207908962985985 0.0225393551604937 0.112197668520936 -0.0739369879973037
0.178892617055038 -0.00156499025449455 0.146208901366782 -0.0270350133690637
0.184310667133834 0.0129669926499116 0.187122938087644 0.0387691772267859
0.186859553261372 0.08767816937124 0.200146433444416 0.105253386501209
0.152449869449244 0.140383754482659 0.15982632347061 0.206364749184297
0.0995391012461147 0.236064442297513 0.0323338663707754 0.223558676376335
0.00292583824818213 0.28096505473755 -0.0661508415762849 0.140053865644359
-0.151642438633697 0.257322659039619 -0.0347476582900194 -0.0215773759575423
-0.237087821347104 0.218983821519247 0.171343054859919 -0.167571244930605
-0.120160948449776 0.101319142923037 0.146919794642557 -0.328385999267432
-0.0960307087482811 0.158908072386612 0.191723436577578 -0.344634712767094
-0.00968642196171163 0.187362390248878 0.16327781783153 -0.284397846892672
0.0617463727973672 0.151532407566163 0.114446856213294 -0.229248716081669
0.0917987139506244 0.0824630575653106 0.110232970349207 -0.134136047760973
0.0954165483217889 0.055321697673998 0.153179313494702 -0.104540927872294
0.115065657288628 0.0316687157664257 0.167946668946222 -0.0732815928048485
0.104299477350194 0.0152725901213309 0.196019818781083 -0.0156442985854067
0.10687560534726 0.0264837821979655 0.235653801499329 0.0635531444069335
0.106808197286018 0.0709431097206471 0.229019028669642 0.147269496340482
0.0829831274113757 0.100773097418342 0.162820771977797 0.244739995923056
0.0426327554304805 0.162315132734929 0.0280270218353685 0.234134051681009
-0.0300664117699246 0.18815387973951 -0.0456495101404408 0.132348638580148
-0.140571083573639 0.154901571134878 0.00744542522839885 -0.0367286681563286
-0.193014078581269 0.0990592864173732 0.232731362741636 -0.200665090550159
0.0683655752232215 0.00171464557467646 -0.26254951336185 0.259046980641572
0.0564032238992133 -0.0611388457785753 -0.0475608057307153 0.108417406583568
0.0190761740434713 -0.0790672139129471 0.046531974915369 -0.122813971014859
-0.018064515438752 -0.0418798192971033 -0.00629174931610804 -0.252399573744749
0.00127647207928524 -0.0233545360898748 -0.164193978758636 -0.295499353928994
-0.000858424884163406 -0.0318588310493344 -0.287135219554304 -0.189576625326756
-0.0215228071685242 -0.040311578257363 -0.293166009236576 -0.0682785794350059
-0.0172572466163065 -0.0351189563296024 -0.249628845392716 0.0152447191554241
-0.0072271813783802 -0.0505067702463285 -0.202503444345731 0.0821609645064626
0.0200563588822655 -0.0561136402799857 -0.181092194496095 0.121538965163027
0.0386065468786157 -0.0429761455830042 -0.138891753361065 0.140175418848857
0.0472599111915199 -0.0272126798495613 -0.127080887586384 0.189220777280568
0.058155510418077 -0.0361014167093708 -0.161851052155845 0.240235936818031
0.0819246909691101 -0.00444707802536731 -0.140532668086792 0.294233671600655
0.0812204434514966 0.0388002015242495 -0.106945324088137 0.322915576800439
-0.0229017224072305 0.138881517204609 -0.249644684789806 0.198970003697265
-0.0202245207576137 0.0667422399771678 -0.0349700325835952 0.063693923743055
-0.0122074493441851 0.0604791852502193 0.0558969312920287 -0.166975492065277
-0.000993510108001569 0.0909692897704703 0.00445381231151681 -0.282595804900111
0.0639773307594574 0.0727123917147906 -0.155899063448294 -0.314132178915126
0.0919649221584108 0.025387357331609 -0.275113674769541 -0.210255489187492
0.0855060916302203 -0.0256875544047624 -0.281023182136533 -0.0836678455675663
0.0775229328278011 -0.0479770121337158 -0.233124148421667 -0.000477760226532951
0.0947806658221256 -0.0721046104681958 -0.178352323941979 0.0714077906097682
0.130066629571561 -0.0479652342059343 -0.14869364564293 0.114208268047406
0.14655119678379 -0.00719725621623409 -0.107501332209635 0.143293068278801
0.148442499767403 0.070627743944838 -0.105568573864443 0.195270919933216
0.110043664733287 0.10540499831158 -0.15014939220458 0.233653110504597
0.0531901017625202 0.146268194514364 -0.120877235460896 0.268228154864377
0.0061744283210742 0.190074096557732 -0.0853242369759425 0.288999016903113
-0.113855874756017 0.257039751019924 -0.194744684917369 0.112073594423925
-0.100444780856561 0.198700696117514 0.0185083601946273 0.00232884920707946
-0.0390924091679657 0.210912653742289 0.0904804007078628 -0.224833951916842
0.0305061567654741 0.226432398766556 0.0179881913011879 -0.319818051041833
0.132293430306523 0.160306287856928 -0.145767749048054 -0.315939756948989
0.17776065249353 0.0770108761922619 -0.239431977438582 -0.209125958046386
0.18277594127792 -0.0094737986208736 -0.236285844916875 -0.0891657430709426
0.160557673589989 -0.0540941127287199 -0.183351728729374 -0.014964785604939
0.179073431537464 -0.0839682934303146 -0.12454791194013 0.0522602256253183
0.21796337341883 -0.0385985529168862 -0.0880465261859083 0.0965906142387416
0.231012374784929 0.0192273011201406 -0.0498258026630557 0.145502502750021
0.233229617164319 0.140613587265231 -0.068476416981229 0.204254647750704
0.15865195457578 0.218192329169995 -0.134293122767904 0.226198995679831
0.0319527489661027 0.27024339190558 -0.11039401318919 0.219739326384338
-0.0642532389406277 0.311211338369209 -0.051437760718992 0.212147477820601
-0.182256846612769 0.342086348234429 -0.109130782849975 0.00489811991769258
-0.159585004239612 0.318174121655756 0.0936354301887869 -0.0776658972157743
-0.0444301678293952 0.350918991820484 0.134507916029725 -0.28552493463321
0.083435575730795 0.340375109463201 0.0360562921490126 -0.349444449524829
0.20287836685551 0.218495256426408 -0.122016849983019 -0.297692163784424
0.246325376857382 0.107955578668232 -0.179364376514914 -0.192922667384405
0.254965031754823 0.000756372651381521 -0.161955392036414 -0.0862433594239827
0.219694201781531 -0.0539086198496096 -0.108136381255865 -0.028688004550701
0.235257098038897 -0.0792716650494265 -0.0499055591706692 0.030400965041777
0.272172642899039 -0.0169500383730171 -0.0108010370293129 0.0747502141509756
0.277292292837462 0.0507450009917048 0.0210256679281795 0.143763772023439
0.274589988929391 0.196185006613929 -0.025817049690737 0.20916629402128
0.177100235535592 0.296830197364183 -0.116563331036461 0.213867030098807
0.000726975302511524 0.350202936318834 -0.106282565514866 0.15709785396103
-0.129467855241711 0.381780343483518 -0.0115409080812595 0.107077170389984
-0.215637876815698 0.376674208727149 -0.0145549928408881 -0.114234668942889
-0.183455004812725 0.391678368110324 0.163007339082849 -0.174128593159693
-0.0293655587067438 0.43884727062483 0.168299800762447 -0.331930351069547
0.13743108809243 0.399079769570338 0.0564019603564885 -0.35542256414898
0.252219968492416 0.234401461427474 -0.0739634166313384 -0.26160397542733
0.280557742052641 0.11420036857423 -0.0935332421554766 -0.166078845503565
0.287679587800439 0.00418886963918414 -0.0677179990262188 -0.0820137174364342
0.2439873411564 -0.04578899243617 -0.0179977953076731 -0.0380342502957803
0.256659995456305 -0.057246713614962 0.0359945687066804 0.015190573519685
0.285942122992442 0.0201733251141947 0.0734767046242108 0.0616884073598563
0.277786357459394 0.0929847854839615 0.0904636593839886 0.147685020093315
0.259030256959063 0.24082971303673 0.0124466379114013 0.212610545890042
0.149753792893389 0.340825838109641 -0.0994086176132129 0.192123604233864
-0.0486780331334032 0.376960029771702 -0.0982642925897075 0.0878214709493688
-0.187213423408528 0.389184618032808 0.0387410555927823 -0.00566954623414871
-0.209601081356631 0.346071923211429 0.0671473831088437 -0.226462272323697
-0.169721620665531 0.388344963446303 0.202794235466577 -0.268476057393207
-0.00707512451586423 0.437057572382038 0.179057951954489 -0.349944455538879
0.161049033761944 0.377924296883432 0.0766091883560898 -0.330887454535238
0.252834213796531 0.206398792151445 -0.00902587331861951 -0.213605801053978
0.265579675029801 0.0988838161668326 0.00467978347817511 -0.141819875745032
0.272477073999473 0.00546674808804785 0.0311493911347101 -0.0790898509691517
0.231952468498388 -0.0304401136477646 0.0725917770555422 -0.040216531495624
0.240206142665188 -0.024484883583027 0.12221179218278 0.0154949622452032
0.258703268906843 0.0597585210951592 0.151795876640955 0.0694080514583952
0.234350364661168 0.130881910447623 0.145115510244958 0.168195373588647
0.194915124695198 0.261999798342801 0.0365222332724142 0.218711790439486
0.0846170295860182 0.339620460077306 -0.0811127603194471 0.167261108806555
-0.105365998034215 0.348491282544137 -0.075612204707932 0.0239591007210811
-0.226807249606263 0.335969053565202 0.0995485576507026 -0.105745944552992
-0.172075001438992 0.252460387284006 0.119396742123579 -0.309260724943068
-0.132383230948559 0.308238368445047 0.205328574297637 -0.336660141109544
0.00531596184172933 0.345305565834153 0.170810549016478 -0.336468571002252
0.137336266012202 0.284144437399588 0.0939672711965618 -0.285005791192961
0.196443568218143 0.146804285528481 0.0592675070329571 -0.17014272696607
0.200775301973313 0.0753858341387557 0.0939722785885776 -0.124438155384336
0.212153242152463 0.0120055117547471 0.115398645675682 -0.0800181249701482
0.183765272851198 -0.0101071575042702 0.149591329056783 -0.0354128061262727
0.188635842151936 0.00643059869611133 0.195158699362364 0.0315197965040288
0.196034269389068 0.0802959422020713 0.208951371650319 0.100570121323131
0.163319732885055 0.137943395702257 0.174191315776503 0.20448533484991
0.1134988630773 0.238238247501427 0.0440764365897765 0.229337592745823
0.0148110737457024 0.287781240247962 -0.0611001367322597 0.146985770122178
-0.143146468303564 0.269399195353723 -0.0375219493877664 -0.0207575157181358
-0.231723335083312 0.235240334157351 0.167977593273934 -0.177894226551444
-0.117134700832999 0.108432772597308 0.138063532785902 -0.344748585461102
-0.0910554386430867 0.165482577202964 0.181743066147458 -0.362108084698623
-0.00261884522619178 0.192782456449459 0.157331161763861 -0.2992273904661
0.0700166585407295 0.153049346620484 0.107926129923303 -0.241395142258353
0.0967447839904318 0.0803682030850986 0.10935725205635 -0.143636560766448
0.100121351054155 0.0532457672971499 0.153170389814082 -0.116893985275464
0.11846310590104 0.0261383428741527 0.170735412490453 -0.0814277747331159
0.107688301297725 0.0107981586980963 0.202022467972823 -0.0249413471501085
0.109915084846981 0.022859003061349 0.245745739726435 0.0562551669235785
0.11339119400223 0.0666290140564039 0.239436803538176 0.141918423275555
0.0891781672218822 0.100154796484623 0.178063154176934 0.245755564803099
0.0517207687742 0.164896311305444 0.0397777907573538 0.241108226213468
-0.0234861386683783 0.193997875078644 -0.0401793832952151 0.138137146036096
-0.136806520577246 0.163257816664506 0.00520439629039528 -0.0380946352781627
-0.192204930951426 0.110058059850294 0.228537474882288 -0.214858984132932
0.0684571353697634 -0.0025504555580416 -0.240952705495061 0.294242509645966
0.0492110653004811 -0.0667288879400895 -0.0300485943742071 0.120095837517018
0.00752561164965645 -0.0832901007960161 0.0410259783170141 -0.130674036006923
-0.0252562211643644 -0.0420784485320077 -0.0327760859871462 -0.260742298067916
-0.00626580634198234 -0.0264687488188324 -0.202470855370828 -0.28349806201298
-0.00880302442915098 -0.0305473480975531 -0.31295087028083 -0.160420184054005
-0.0302766622070413 -0.0361122560157225 -0.305408933670361 -0.0324266460980364
-0.0218673246250555 -0.0324396641004142 -0.256728748632716 0.0469690266628919
-0.0143274054727467 -0.0503878285738322 -0.202350318781929 0.110994035486786
0.0121964509413746 -0.0613701638921231 -0.175539717649949 0.15269049151168
0.0307218418353603 -0.0514617019932153 -0.130888164632246 0.166326831683513
0.0430136805884323 -0.0382299906500137 -0.11405582941922 0.217069378169945
0.0526455036767674 -0.0488525904625425 -0.145279334788633 0.277375900600276
0.0788422494674307 -0.0192018700883922 -0.118707489532026 0.326871529977415
0.0834127915270881 0.0295157000936748 -0.0827922504651695 0.3467636511735
-0.000769204893841111 0.147673923501006 -0.244684695756957 0.224176659903261
-0.00919454688498229 0.0730988760735655 -0.0298130533116804 0.0680585610940679
-0.00237638854330595 0.0629783645036094 0.0342996071352532 -0.180883208810557
0.0143103395817133 0.089099866706955 -0.0356565774795779 -0.293946718268593
0.0712603449883382 0.06075151933416 -0.202334903398255 -0.299759270612828
0.0928007133711677 0.0142504889548019 -0.305571541180764 -0.17726144955998
0.0817447318300778 -0.0393011284675658 -0.299469133252167 -0.0440298154321754
0.0721617029006004 -0.0572372379306954 -0.240322654784184 0.0298885499473338
0.0861398647654202 -0.0871245805782303 -0.177730980672575 0.0965814247563472
0.125547370598555 -0.0695275213200791 -0.144079533640357 0.141987735251407
0.14536263239527 -0.0295225866230231 -0.0985867561221618 0.166711596605773
0.161442300110302 0.0460169197802028 -0.0945357151262916 0.220130377580071
0.124925712376166 0.0895286153199775 -0.136659260194859 0.263528423778923
0.0695506744251184 0.142117861267309 -0.0955224820938781 0.289709712321021
0.0242059570473667 0.198405051049882 -0.0530475100006335 0.302885600579296
-0.0731182485822755 0.279158711455385 -0.205166879883591 0.122540865372723
-0.0702577171040159 0.216433785751196 0.00956176715915845 -0.00563548907742843
-0.00714175387665175 0.219513129520778 0.0508584770996378 -0.247128533826052
0.0686392652151154 0.220380020190499 -0.0364683238063985 -0.333552261641844
0.153109636032207 0.140742134466729 -0.196333552484212 -0.298529878212335
0.187920018002624 0.0548561758953085 -0.272833152908862 -0.178371269279033
0.183595870504598 -0.0389853263370467 -0.257712438382464 -0.0515279571377611
0.155830381836374 -0.07425491551995 -0.189638189243654 0.00854805861545736
0.169613004434886 -0.112360836304812 -0.123538600865276 0.0694866206764712
0.216697342067307 -0.0726595006147865 -0.0838865127901647 0.116822095237232
0.23520945137289 -0.0140277903562018 -0.0386292780550135 0.162776595470564
0.257816135437724 0.105624663910365 -0.0571766016575757 0.22487862154477
0.189913749386944 0.198383297081012 -0.122852648664634 0.249765737881897
0.0651122447917472 0.274827000449895 -0.0847008539662235 0.231465755020622
-0.0329334340951348 0.33539539371992 -0.0177311358528189 0.214821809262469
-0.126938780918587 0.372442454293244 -0.135219639017553 -0.0010997577436341
-0.112974960809417 0.344115847123462 0.0711729777366539 -0.0994941006570214
0.0103633424415037 0.361262100161754 0.0768499500821816 -0.315547294342189
0.141259334007806 0.325953521244828 -0.0323613081902888 -0.36296131656802
0.234050119155123 0.188645394207862 -0.172025527880078 -0.27763148310523
0.262374824772304 0.0764633458807172 -0.210411936970972 -0.164995125282811
0.258792765160658 -0.0413433311288698 -0.184948580118351 -0.0547193679316569
0.214851697454263 -0.0825067967799936 -0.11288787333915 -0.0138472507950744
0.226357312022817 -0.116168765657502 -0.0484178716804109 0.0369883432140302
0.275246314042424 -0.0587530876741245 -0.00577573566980366 0.0853234453206188
0.286589395327478 0.0120916318224051 0.0348726655243944 0.15179657149751
0.308074370709648 0.156614313980474 -0.012224803327908 0.224071149700313
0.220869370311458 0.277637607470015 -0.107917932337264 0.228884155830307
0.0453445748113776 0.362798726628215 -0.0842342578352226 0.161112837703995
-0.0916351840379532 0.41807625998805 0.0201289706695267 0.0994649351542084
-0.156991681820801 0.408947358202309 -0.0525855146312502 -0.134996196953244
-0.126486861786098 0.419454319451036 0.126081621483421 -0.20767784873795
0.0373132036344992 0.445898120686861 0.0992557329226989 -0.365444093413354
0.204047715602299 0.376389484340385 -0.0168525153683374 -0.36808286364546
0.286020282528633 0.198072188334855 -0.11987906608079 -0.242702883875789
0.298890758241007 0.0771743822441738 -0.119751228255313 -0.147113640015128
0.293290233698645 -0.0424719809316047 -0.0887666211946055 -0.0603713225512289
0.241190209216449 -0.0779107963111317 -0.021269897406958 -0.0351992052518507
0.251641886164586 -0.0958484170944123 0.040348523994186 0.0107029118866665
0.294749945503173 -0.02233900535537 0.0797940780658762 0.0596206746285602
0.293341627468094 0.05531883750909 0.108780607987493 0.146976925067259
0.298787503428436 0.205489848902658 0.0284981861500304 0.2203569486909
0.19952273330869 0.327129650856594 -0.091441042284648 0.202107882669048
-0.000705973001847561 0.397989240983385 -0.0801092443296339 0.0867213631601954
-0.149020437062049 0.434416083564003 0.0640535570068701 -0.0223928371608983
-0.156964439639213 0.376160637882343 0.0221561095134664 -0.257452613784953
-0.115084315535599 0.412783402661623 0.156601098172792 -0.307160006584605
0.0598663694584322 0.440389719398585 0.106849919468512 -0.382827049951552
0.223281302950837 0.35055816786888 0.00722663229966675 -0.341479721493602
0.283605950971297 0.168943611567954 -0.0445274459428447 -0.201706044143022
0.282915072729486 0.0636693085052594 -0.016420202136737 -0.134839213698056
0.278263797860017 -0.0395306807606444 0.0128405988404872 -0.0711477231791601
0.230346742528066 -0.0609343815739521 0.0716070479049395 -0.0488270591268559
0.239956180714791 -0.0598922229444646 0.130792722149285 -0.000113194556404784
0.271941673004839 0.0223937706647583 0.162502845444495 0.0579430534239331
0.254064678085703 0.100968345461528 0.168236434610444 0.160484686149554
0.236414876733027 0.23691112603865 0.0566896603759838 0.222701555829935
0.132202997541923 0.335777361541305 -0.0723034642062825 0.172003694327637
-0.0627487351518569 0.375459401391162 -0.0625817617002475 0.0194868978459725
-0.194775042250724 0.383949551972797 0.11781731543561 -0.129962511855472
-0.134323630429166 0.274789109018283 0.073608569356719 -0.344716167020714
-0.0905172971408877 0.322697860638829 0.155743224517981 -0.375996210682115
0.0571765337195161 0.344849821655037 0.107931391758824 -0.366407357434095
0.184336608729317 0.260428223791949 0.0375391704850054 -0.297009411127884
0.217368369853948 0.118315423438119 0.0329089426074982 -0.169044837950144
0.213568834967528 0.0469827407616651 0.0778618967493 -0.130216479870649
0.218065612300864 -0.0240751843007859 0.100941664054225 -0.0855227344672113
0.184257957913282 -0.0349261201801185 0.151785481147309 -0.0538603703908823
0.19236026668467 -0.0215776771736528 0.209837941957879 0.00784663488621322
0.210533483384793 0.0533435715239057 0.227517601946641 0.082186343535947
0.182493588676601 0.118643978778833 0.205138011037601 0.194752349723882
0.148565997109048 0.225654350436082 0.0677137594988944 0.232853325117852
0.0531467808955333 0.291596737575446 -0.0508455333298174 0.150321302344601
-0.113218186915258 0.298665281399415 -0.027592743155615 -0.0274357694573619
-0.211494064130325 0.278965794039445 0.177559750339608 -0.206826107954269
-0.102971953369064 0.122301076243792 0.0995075642804706 -0.379018430754446
-0.0704327553681909 0.173811147567546 0.136637395532186 -0.397333491779968
0.0247894727140633 0.19139594180419 0.111350720030109 -0.326235090809755
0.0948485543389857 0.138291165934145 0.067812092601508 -0.256320578359056
0.107459199904536 0.0635820304729528 0.0914763304936285 -0.155408085276703
0.107879060002187 0.0385888148031871 0.140127228022487 -0.134789798005227
0.124795947237991 0.00515834622807892 0.159180194368744 -0.0996564404665577
0.110117379356048 -0.00413636465333863 0.206949711325743 -0.0505726747329287
0.115237864590929 0.00724310988888101 0.265133659147445 0.0274449015678576
0.122670921133159 0.0522220690074803 0.26635773496811 0.122302966431724
0.100957430902929 0.0905053842113299 0.215520382447896 0.237486138466178
0.0736641991447103 0.159398713075397 0.0674113904980472 0.246720535089304
-0.000199051114834191 0.200409548082478 -0.0275507401409582 0.142078893689895
-0.12040086372819 0.186497335910519 0.0114363923384046 -0.0449051659398649
-0.184194683316575 0.142744046712864 0.229567476296337 -0.245985891969247
0.0672793617624059 -0.00588388145231332 -0.216743080636845 0.317961754786701
0.0442303178712609 -0.0699654735625214 -0.0160653740724668 0.123878061823016
0.00165025625728007 -0.0844630416835871 0.0308531538153888 -0.139505576225557
-0.0270700445758166 -0.0412644495529111 -0.0579291748063996 -0.264590029276217
-0.00723891495410533 -0.0279664630709695 -0.232374685171097 -0.270144049814659
-0.0113644719330694 -0.031257096909849 -0.331234773920909 -0.133517092794838
-0.0329476773699221 -0.0331519699232031 -0.313952638801573 -0.00570438447990566
-0.0247778042699109 -0.0310844255330193 -0.258505257853419 0.0715094855162827
-0.0189599722722903 -0.0506239007527113 -0.195827669699585 0.132604296446008
0.00594975647223095 -0.0635337437188906 -0.164276991085821 0.172765284369696
0.0266386213665594 -0.0552117962448688 -0.119725389515616 0.181523433432794
0.0420411916738426 -0.0441384881514584 -0.098345053767377 0.231779618890409
0.0492459861257696 -0.0540351617028977 -0.122148753958335 0.29739494295896
0.0778009692335188 -0.0245877509558873 -0.0915935989874601 0.34318687148122
0.0852459534461983 0.0225329599147102 -0.0535860515127794 0.363519462103582
0.011231369199004 0.151919799957636 -0.226002517791327 0.246449501927023
-0.00227856137255998 0.0775688420204136 -0.0208585686445432 0.0721476627641982
0.00499712113158387 0.0662882844011038 0.0201088542654761 -0.189980695212828
0.026647541576043 0.0891390940213942 -0.0631867991748851 -0.297716529179962
0.0807603649990529 0.0541040581420332 -0.232509030365224 -0.287307325636549
0.0977262747226193 0.00419626301344217 -0.326637552646971 -0.153429426617528
0.0799496468544424 -0.0468338541525755 -0.306999914528926 -0.0197686300486535
0.0685941627847737 -0.0656595362567894 -0.243104915062199 0.0522732080752416
0.0797868524567208 -0.0971290061847725 -0.172380188224378 0.114968116518965
0.121660991294266 -0.0836689034344128 -0.132532929477426 0.158341503700227
0.146032965895909 -0.0435038660615265 -0.0857993712435478 0.179140047713181
0.170874630173499 0.0313631411058035 -0.0773896945671089 0.232937194573262
0.135724436295042 0.0803172495830717 -0.114131736077731 0.282908527847905
0.0841803199679365 0.140463374954326 -0.071423502531976 0.304131794760544
0.0416275409823679 0.200336029313193 -0.0256016468007244 0.316471363013918
-0.0486882597982169 0.291266702004624 -0.196120172708831 0.139715984756318
-0.0524850201971381 0.229439794382976 0.0129736385780252 -0.00606632446307907
0.0150585502964658 0.227051583876914 0.0319018120198856 -0.259038802047462
0.0947087397223972 0.219066009236783 -0.0668565098133609 -0.338633933556323
0.171658659772842 0.127811097491629 -0.225302775980587 -0.287655520530936
0.198685200515029 0.0361412131647882 -0.292464832909101 -0.158243003124739
0.183308956690568 -0.0567961876225875 -0.263464294139268 -0.0311624858882926
0.15120196413505 -0.0916655299906559 -0.194425994852082 0.0260659571215512
0.163049041080073 -0.130940800303521 -0.119724284281623 0.0817481251180108
0.214201889480625 -0.096361046298362 -0.0729481335603568 0.127970257626571
0.238449369591385 -0.0357684446673714 -0.0239430078346449 0.168694972457952
0.275147419055222 0.0831746903073219 -0.0376879469086387 0.234406391664056
0.213008637426062 0.185293452353579 -0.10182618226863 0.267389543826788
0.0916787514505424 0.275790382353279 -0.0657429706372793 0.244735243467914
-0.00311604722502397 0.345790927752231 0.00234050255635423 0.223034123104928
-0.0954404127556465 0.389893529005486 -0.135895102602175 0.00840030094753085
-0.0826495460941516 0.362388917480319 0.0658866378605905 -0.10671357916183
0.0459698055373833 0.370576762691887 0.0530162813001028 -0.330757092115389
0.178994557547387 0.320422190605969 -0.0651293316617799 -0.369489227652966
0.25739520862275 0.170430892501056 -0.198002053039771 -0.269542828725033
0.277112907513928 0.0512872065303947 -0.228365827405452 -0.15068524472486
0.258555488493969 -0.066292175715502 -0.187344126113015 -0.0420387067500786
0.210330291275406 -0.105336801077093 -0.118151083090152 -0.0050004507613145
0.220228907964165 -0.140113976621498 -0.0452276063064738 0.0412184095954694
0.274728922971161 -0.0871300424499854 0.00337989977501099 0.0877950676779963
0.294393033477123 -0.0132845256733367 0.0506599994135872 0.150557463567797
0.33110618267309 0.130413744039092 0.00953588314640619 0.229225050786303
0.252078725489878 0.262836367873215 -0.087845718894339 0.245686896169273
0.0797218294402306 0.367332191958664 -0.0716623049164052 0.173414649743964
-0.0537264457672034 0.435960382677857 0.029419095387339 0.101717129155129
-0.121474155831647 0.429725371777669 -0.0641879880212464 -0.134973926110571
-0.0901412438882752 0.438716788603299 0.111892743509447 -0.220815839576538
0.0820288442484609 0.453949234508377 0.0703459527538857 -0.383564806720016
0.247050763945557 0.365114988711928 -0.0500020193707152 -0.374769070581843
0.310878862177049 0.175679053970837 -0.140733324530991 -0.238873976273824
0.314007438922946 0.0488718902546301 -0.135168772892676 -0.141350198503136
0.292362337991034 -0.0716206889049519 -0.0895705649376422 -0.0568149100016537
0.237182539393071 -0.102915668175456 -0.0255245295594737 -0.0348826592001535
0.247568279305726 -0.122149593138251 0.0424356262853224 0.00575186710473922
0.297703648520855 -0.0525303360487476 0.0879255737709292 0.0550187483833676
0.30490906217592 0.0302328598049662 0.125750503732927 0.138631686832312
0.327001405464199 0.180380277745186 0.0506687481635032 0.221456815007183
0.234992194667688 0.315617979052297 -0.0733523504346081 0.215446149856893
0.0360921297102154 0.405774584762234 -0.0746165306436679 0.0968160505561181
-0.110631091955531 0.458588750770439 0.0630972711062035 -0.0266331171073566
-0.12217040118546 0.395955627533473 0.000359197915468477 -0.266143175486582
-0.0793929286550429 0.43054169003993 0.132893003335302 -0.326294017050923
0.102829225910704 0.445314880159643 0.0775602986118204 -0.401226693130758
0.263216257331134 0.33727868285896 -0.0227706863002279 -0.350095822888365
0.303303308179253 0.147537489122517 -0.0612140065231279 -0.203962901701348
0.295551750750662 0.0371338842283034 -0.0287396285497966 -0.137747740187343
0.276908751389371 -0.0676613118446709 0.0125545877142671 -0.0766048570691995
0.227651943045221 -0.0854496630854907 0.0684523672494388 -0.0578334016211677
0.238760685026459 -0.0842129930620432 0.134032712531965 -0.0130437276896875
0.278727845815098 -0.00490219069538027 0.171761503749321 0.0448572724393969
0.269285779691193 0.0798238333790291 0.188867817445122 0.147025501791176
0.265320724941369 0.219014080930462 0.079453478441263 0.221619061042378
0.166360089450955 0.329349494732886 -0.0574123306042251 0.183627220971155
-0.0302868811985894 0.387316921342386 -0.0625995389619977 0.0265697558881028
-0.160573676468951 0.410768969688203 0.107212305670523 -0.142285709599653
-0.109367992100823 0.291130949447714 0.0446741218747497 -0.359037097548314
-0.0631727438880337 0.336140825204242 0.124796555314106 -0.395481492442594
0.0908299039155815 0.34642462295123 0.0793558930996199 -0.384259800264274
0.213726510937229 0.248769156786019 0.0119121959002247 -0.306947583419933
0.231050533735982 0.100540133477069 0.0203559865593549 -0.177664672314167
0.222752388522635 0.0277869374567026 0.067572866559546 -0.142265173442492
0.216738779031623 -0.0450757502804792 0.0998246749669254 -0.0986600599022888
0.183313792694279 -0.0542132931462197 0.149939652913068 -0.0700926873438762
0.193821919777584 -0.0399923765739429 0.215431636873547 -0.0119806001409184
0.219200293819243 0.0328701131306297 0.239830491467451 0.0642022218833894
0.197121680474165 0.105427259771896 0.228571582373266 0.179638132842022
0.174463716857975 0.215925197392218 0.0920073994329795 0.230933539007629
0.0810220294066481 0.292162468448179 -0.0375109863777646 0.157886691418388
-0.0879493149078772 0.313812290054099 -0.0319829394436519 -0.0241340069975649
-0.187840915265795 0.304729801071315 0.160740021551162 -0.225812060779327
-0.0918651307192516 0.133068016532259 0.068845845564792 -0.396387723751507
-0.0563948209776148 0.18225771022652 0.103043580732045 -0.416060861818591
0.0431546415096103 0.192622625556468 0.0855150433453293 -0.343416119716282
0.108988841148216 0.132200013670204 0.0454520771561725 -0.267436638978929
0.113670819519558 0.0556951045683045 0.0798585161330134 -0.168564723404602
0.114094153542057 0.0300451842640932 0.13033441127576 -0.152565227815124
0.125469087484235 -0.00700041035327313 0.156133211378777 -0.115983099755702
0.111141900520315 -0.0157727195769493 0.206109086051846 -0.0709544353626848
0.117606127631909 -0.00307783837514049 0.274000848343954 0.00291543282774068
0.129381042275117 0.0403144902673271 0.28261318186554 0.101285230886216
0.11048000275861 0.083335529725914 0.242892194797572 0.222121909385258
0.0910515184801834 0.155359512767022 0.0923104809546588 0.245875167687889
0.0181994291753735 0.204022391173189 -0.0154372417302413 0.147892206647934
-0.105769078683009 0.199092400066049 0.00559901031086489 -0.0462860108764007
-0.172022833359071 0.162906697218131 0.209978911698616 -0.270887533622078
0.0642840745190104 -0.00957008592958817 -0.182384238256027 0.331008106967307
0.0379480796659562 -0.0708954634130473 -0.00124231071369606 0.121514135853379
-0.00477234300144828 -0.0828971252980926 0.0170744984186535 -0.142770681243241
-0.0282682479216756 -0.0392937372064619 -0.0826894669109616 -0.257948782150046
-0.00863780326613049 -0.0291260108740348 -0.254542441610322 -0.246320677232909
-0.0131347618161268 -0.0309201102317208 -0.339366072712436 -0.101052639190132
-0.0349079185493494 -0.0281803330025598 -0.311171166287065 0.0235297751166439
-0.0263420096020113 -0.0282382556522375 -0.25043832367382 0.0963333975724305
-0.0232586541429816 -0.0485430301377839 -0.180446640702681 0.150505269815899
-6.1656780443016E-05 -0.0630127899421625 -0.145008370418306 0.187238479581908
0.0213132134953856 -0.0567403608400579 -0.103425717908848 0.191737156068917
0.0387378534634185 -0.0484407313668571 -0.0768073904121921 0.239178317638187
0.0433966557941748 -0.057788334374889 -0.0920854973176097 0.307824931488016
0.0741017945900165 -0.0295224147475134 -0.0587610864552254 0.347775345504665
0.084302647917298 0.0147995242934768 -0.0186518686226886 0.367615988893491
0.0251936215830825 0.151353606604498 -0.199045693187584 0.261045970480049
0.00525352003549524 0.0793192873534493 -0.0104883612359552 0.0720329928450271
0.0139557915048642 0.0674446358559554 0.00252970558483812 -0.191510354616964
0.038337555364647 0.0852579153190479 -0.0908423823665167 -0.291384210373127
0.087208825613768 0.0440730302117146 -0.255754593758448 -0.263754342824719
0.0988276693472498 -0.00748994469276527 -0.336283259482209 -0.121035763464843
0.0748450232611636 -0.0536500458775112 -0.303789882459939 0.00766357121082717
0.0615392246392679 -0.0720668776445835 -0.23745868241343 0.0756576780932656
0.0696519089734717 -0.104561528832179 -0.1595444669702 0.129957925511222
0.111931985519736 -0.094214453604142 -0.114316781212009 0.170078797474665
0.140416403037063 -0.0569045522843244 -0.0689722623531093 0.185889701971223
0.173849362395874 0.0124186608442935 -0.0552838294732842 0.238225752100166
0.141889827087801 0.0666245593706422 -0.0846007457379215 0.292671445033118
0.0963726733700765 0.133123625855628 -0.0413052993703671 0.308268733298014
0.0582583277446788 0.194607754808572 0.00462850145517167 0.318123109055659
-0.0208531680714138 0.292970430263368 -0.180136607335197 0.15308889696284
-0.0300100657832627 0.233764171098199 0.0156672566998341 -0.00722727074684097
0.0387470254139134 0.225533544045093 0.00809053306731466 -0.261297650381393
0.119306458675697 0.206845870052614 -0.0979120847028976 -0.330740676232088
0.184310032046715 0.109191477983755 -0.248390416861679 -0.265615849559428
0.202105779564378 0.0139779404744658 -0.303910767919094 -0.129771648973384
0.175608115771312 -0.0733901062813606 -0.260043542677639 -0.00997761615332954
0.140772394785906 -0.105922865443757 -0.191267106210516 0.044365196637081
0.147754413977565 -0.146291787843847 -0.110405427102362 0.0916361713002215
0.202087941579744 -0.11693173708072 -0.0585957722424777 0.13376763514299
0.233358088534903 -0.0576603801395234 -0.00850647161921355 0.168893196224737
0.281769000210675 0.0537140519278326 -0.0145903093869799 0.235199400051679
0.228707218750594 0.163305279397904 -0.0730328521464328 0.275688094002747
0.117234672032377 0.26600069683251 -0.0418878619566597 0.249786425492052
0.0297735845447668 0.343003472841933 0.0240348670733995 0.222298422819862
-0.0572340425075151 0.394192209281421 -0.133084391603229 0.0184491327152243
-0.0477782320686845 0.368180369680148 0.0588695094402298 -0.111440186727384
0.0830570317858864 0.364675129134374 0.0223810325077773 -0.334413944432089
0.211860397173321 0.300279030806441 -0.0984163537774519 -0.361615268169028
0.272991898535546 0.1443976272392 -0.2198802591019 -0.251279207010278
0.281206168385253 0.0210961378484821 -0.240190815481876 -0.128648716029099
0.249154251893283 -0.0901964966653501 -0.185233075555949 -0.0286863336107398
0.19635691268992 -0.125486230705862 -0.118632454323202 0.00639128490238712
0.203948772866186 -0.160053365619823 -0.0411435329146732 0.044265775551851
0.263521596718989 -0.114342037310423 0.0132071907557671 0.0869736922494979
0.290947936379275 -0.0417903749635795 0.0647172488964142 0.143014450155615
0.342309554829233 0.0944485755218155 0.0307828770301282 0.225667502500788
0.274758270080594 0.236655957775986 -0.0616402204437378 0.253107575666228
0.1147610241098 0.356990183853172 -0.0540889073211761 0.178991639534692
-0.010431826136504 0.437847641966828 0.0396899975811627 0.0998864906191819
-0.0782735779552666 0.434402416821779 -0.0750669294918629 -0.129374934891625
-0.0477830413687242 0.443939002299918 0.0926105779786828 -0.227977188044806
0.126542303358054 0.443410230173874 0.0364012371558 -0.38879546866511
0.282848982605596 0.336804811675919 -0.0835896361490335 -0.367522936303416
0.325748469845468 0.144674415416287 -0.159866053771146 -0.226640049844489
0.317233782320282 0.0158969696905705 -0.146971321274366 -0.12857463465152
0.280299070372283 -0.0991163287764029 -0.0890537670468251 -0.0523547829767059
0.222889051358933 -0.12580842690793 -0.0297428874640336 -0.0318866174235294
0.231915267428958 -0.146507861367927 0.0425441772334691 0.00109183250078058
0.289563252540638 -0.0833152115280713 0.0940245199245153 0.0462066654333543
0.305688874825018 0.000964249451971239 0.138214980903142 0.123013501281617
0.342976152913646 0.145130296513451 0.071733530853015 0.214479200409578
0.26352393385258 0.289771284544619 -0.0505901816417589 0.221793318735176
0.0741987131152077 0.398420093180843 -0.0648007761373256 0.104426831996586
-0.0633006738462636 0.464444339382253 0.0598606592474656 -0.0305945732623889
-0.0826862906245726 0.400493335170162 -0.0223801001490708 -0.264279193420093
-0.0363763730975896 0.433187462925906 0.102862008369568 -0.333635998732033
0.145755223826323 0.431686579786405 0.0409383785519728 -0.406492589169787
0.295378806828339 0.308620483902559 -0.0547545929748111 -0.345703555989955
0.315090119567067 0.1177304431443 -0.0780634005288545 -0.199050959417384
0.296851232137609 0.00681411127866222 -0.0413382508051278 -0.136101585884677
0.264385309400973 -0.0921651573681619 0.0102654430332156 -0.0812929745687821
0.214664668047871 -0.107517739714332 0.0618141003467783 -0.0639768119633625
0.227599629968264 -0.107764310480875 0.130834824563302 -0.0264199274805611
0.275021854498431 -0.0339271338214199 0.175537137597097 0.0287840434281455
0.275779581791427 0.0538973289997012 0.201427821567685 0.125849629163098
0.286285968750907 0.190388744453861 0.101136541258909 0.211390670956429
0.196901523266659 0.31017416672712 -0.0383149948343192 0.188228863218052
0.00819196385008924 0.38675975239773 -0.060679863400075 0.0331584448937901
-0.116893129596681 0.422352284192412 0.0920970043930247 -0.149015664172476
-0.079097576882711 0.296237855030158 0.0127517837800833 -0.360149998103362
-0.0300843253774432 0.338479556457225 0.0875978765353566 -0.402090114260367
0.123250079091211 0.334568429082391 0.0446169128027994 -0.388785508984274
0.235597332297025 0.225158935039021 -0.0168420226511102 -0.305676369913754
0.237363602893852 0.0787573742834608 0.0046203036489182 -0.18067593402245
0.223252983559867 0.00557402872503244 0.0526907710835499 -0.149833124581077
0.20745446844935 -0.0656309277538459 0.0939360148139985 -0.110083964805402
0.174317708536628 -0.071421998323891 0.14175497732943 -0.0843318717301906
0.187924931726566 -0.058795492339118 0.212305786797 -0.0339867684981175
0.219621505886766 0.00912518092171511 0.244127369442417 0.0417222255473866
0.206400797883724 0.0856583550919532 0.244796728727861 0.1542903480964
0.194941539771838 0.195857876332145 0.114312065404887 0.21993768622367
0.108359884292765 0.281094121765221 -0.0220318082542291 0.161372256772602
-0.0577762148293373 0.317538958227281 -0.0355818947582705 -0.0196670579579755
-0.152826379837476 0.31953532099356 0.135712916901035 -0.236747303147153
-0.0770375913363163 0.139005505023087 0.0322509042549546 -0.398703231144915
-0.0387772636651254 0.185077246778088 0.0632364890555091 -0.420639445358811
0.0601449274595905 0.186283102234188 0.0541157022330216 -0.348678351880998
0.120634811236961 0.120808984249583 0.0201424121930132 -0.268868414504805
0.115341371783092 0.0446431949572859 0.064109195717758 -0.176049251482536
0.115897460796986 0.0186528263173002 0.114198829437504 -0.165599123808503
0.121498738058966 -0.019236649757743 0.146740073106662 -0.131221441212033
0.106761176034151 -0.0269048661117491 0.198122200951198 -0.0908812680609818
0.115676775935122 -0.0148849924565543 0.271653947519895 -0.0243652157968806
0.131185462169474 0.0264880705515983 0.289833469998825 0.0750566705305745
0.117490183278289 0.0721442657097192 0.262404538564249 0.196026681997452
0.105398661886909 0.143937414764216 0.115315824287235 0.235411515493939
0.0369870597181196 0.200057483383546 -0.0015119072743058 0.148603043429364
-0.0863252349573142 0.205812823354198 -0.000538425007846689 -0.0451631816572276
-0.152257439726121 0.177179992199622 0.178955311465921 -0.285757514541875
0.0605147623898614 -0.0103726396312391 -0.152299449130689 0.328483206568169
0.0328452544902296 -0.069442104582725 0.00954622524942659 0.115416641381216
-0.00900238328872585 -0.0789652088552914 0.0052369501340296 -0.14136862505491
-0.0296068403366359 -0.0375050485124328 -0.100308880795794 -0.244378989569274
-0.00986691667525738 -0.0303082436733579 -0.264276520182829 -0.220155433992464
-0.0145920878259435 -0.0301049926198336 -0.334406832158908 -0.07322716780027
-0.0343273250275133 -0.0238381280647557 -0.300244230008021 0.045313264845892
-0.0269303418235336 -0.0251409444896203 -0.237536396934798 0.112246549140467
-0.0256212069434755 -0.045170223641592 -0.163902820532517 0.158855838595129
-0.00428834801971557 -0.0603985305425198 -0.125893251060547 0.193180995309976
0.0161805678788618 -0.0570908082279706 -0.0873214047728882 0.194989561925194
0.0342907679224596 -0.0514702405704301 -0.0588877897396853 0.238165326501444
0.0373213045331824 -0.0588608629276324 -0.0652426807297909 0.305746486779468
0.0694273176911232 -0.0323370922818036 -0.032676730184601 0.341241190127555
0.0796436273630372 0.00906653936344275 0.0090827062102885 0.35985547024468
0.0356561066768019 0.146795110474186 -0.173764844754556 0.26303090484232
0.0118256960642007 0.0792705598584515 -0.0017912265905562 0.06832720310773
0.0207903028525882 0.0653594945708368 -0.0109557047471468 -0.187717992797094
0.0463949915584906 0.0779754262571469 -0.109744230041221 -0.276632088513442
0.0888664689198811 0.0344105883443609 -0.267158160195191 -0.238639945795538
0.095846775875962 -0.0166951231190197 -0.333624936516299 -0.0937325920785235
0.0697980695935887 -0.0568792341906836 -0.293446097262767 0.0268855136148062
0.0542420500871123 -0.0743033916015287 -0.226121291100218 0.0916257780522239
0.0594654992747896 -0.106816464985957 -0.144560681820002 0.137593274433672
0.101555743600985 -0.100408051102108 -0.0970397190434746 0.173610958921748
0.131920906603013 -0.0654403815509308 -0.0546595840722069 0.185938999937145
0.169718842390578 -0.00274122225540335 -0.0368759301423398 0.234897247978017
0.142241254352352 0.055096048155903 -0.058657102584266 0.290858451441672
0.103287061154569 0.123478920146334 -0.0183324568544976 0.301376197009248
0.0691259613648007 0.185642768593753 0.0280891389724077 0.309380994288987
0.0017237333435363 0.284788279786244 -0.162487587214025 0.158521433830147
-0.0110119315278822 0.231323852139204 0.0180587625133928 -0.00980336275175328
0.0580061199075877 0.217456204512957 -0.00964674535663959 -0.255902010428227
0.134171778939726 0.191120837176879 -0.118251512446644 -0.315308968744002
0.188763970247874 0.091148571632546 -0.25896419307422 -0.241699014237391
0.198532333541617 -0.00449305764710972 -0.303527282327989 -0.10475705036728
0.165026087171574 -0.0842073322526352 -0.251832812377385 0.00613442878584316
0.127116371101066 -0.11330560962252 -0.183158664188377 0.0574598023539232
0.13165304677835 -0.152981953057783 -0.100556442466176 0.0965638012322846
0.187177541819515 -0.129205236649566 -0.0458133203331624 0.133663230395152
0.222677357783883 -0.0733716438660339 0.00377340240530632 0.163746324631507
0.278243025241047 0.0285985283459672 0.00282815621448151 0.229179170301448
0.2341709752452 0.141773316324727 -0.0486767708687333 0.273753065660409
0.133935184413155 0.250097786804954 -0.0226470413932391 0.245662952297632
0.0538871589619656 0.330900322892228 0.0401131153540165 0.215885264429213
-0.0265502063321569 0.384490896879098 -0.126550101940561 0.024975741665021
-0.0191613678708455 0.360671758707731 0.0520325072587825 -0.112039744013187
0.110208264971653 0.348577134283594 -0.000743795417812075 -0.327852827348389
0.231410350321372 0.274238724569795 -0.120627861486345 -0.345127410372703
0.278057617126968 0.119143195126555 -0.229483820879161 -0.230099839722704
0.275245797350115 -0.00299015730241156 -0.241667215072649 -0.108333147033664
0.233574093288355 -0.105523096473479 -0.179340353130691 -0.0197706648569974
0.179619911435034 -0.136581112014422 -0.115246692835718 0.0156303041714377
0.183638914430141 -0.172283622696276 -0.0367021577775046 0.0459966206308
0.245911531616617 -0.132337398187739 0.0205628538304823 0.0834223845786402
0.280574373661642 -0.0616232591350192 0.072656004602826 0.132644903972178
0.340233185167757 0.065121970832224 0.0468152668306366 0.21577276993286
0.285581638820403 0.209346696334685 -0.0385861652291695 0.250746295374826
0.137585074641399 0.33829087436937 -0.0393882208861539 0.178836530540317
0.0233005267820442 0.424888821345239 0.046090984040758 0.095427486556286
-0.0428315762571118 0.424167971466293 -0.0804503578751773 -0.121551116728321
-0.0141112925570909 0.434469475404658 0.0767159154068359 -0.227158091351676
0.15825379315088 0.421804265012039 0.00883726537345822 -0.381531168967816
0.303184729517079 0.30554079880985 -0.107243482158586 -0.35219913266981
0.328570878769498 0.116349151623787 -0.170214753556076 -0.211333162195795
0.309632982014187 -0.010740096520853 -0.152371996732214 -0.115846192706468
0.262882915158587 -0.116325757085381 -0.0865348990029412 -0.0504288545168351
0.203975743450176 -0.138922862234531 -0.0312968267871609 -0.0285419545437755
0.212127176956893 -0.159514427593068 0.0409647726527832 -0.00267501206268672
0.273944497579781 -0.104152631795663 0.0953126004764604 0.0380921792281297
0.298176881631735 -0.0218668419152759 0.142998300638781 0.107418232747671
0.345120348631584 0.113092153560643 0.086036253670767 0.202198494604605
0.278041011918559 0.261231641335691 -0.0305120299765813 0.220035969740467
0.103087419996864 0.382057613143226 -0.0556622701340574 0.107114191632821
-0.0250048566944639 0.454320245068914 0.0556575764908804 -0.0317392727413995
-0.0500277592632783 0.392151927451406 -0.0396244166259905 -0.25605293088483
-0.00407517669391374 0.42329185688448 0.0778397979960592 -0.329862097977744
0.175738009783341 0.408258568958551 0.0115979125237781 -0.398717523936746
0.311342498179074 0.277160230375039 -0.0775644445615322 -0.331161460117397
0.315086430439181 0.0922652383193621 -0.0891259126379552 -0.190067780948785
0.289055293811505 -0.0177655647814449 -0.0507681248149311 -0.130368228541155
0.248266262752677 -0.108554048289541 0.00760137449167205 -0.0848192870781824
0.197850012332177 -0.120096980705429 0.055245392317928 -0.0664053154732748
0.210897688277188 -0.122125370535076 0.124875921751573 -0.0362162243294488
0.262762830720344 -0.0560711708600708 0.173060919652603 0.0149502897194602
0.272587081818128 0.0315731586062936 0.205370693779966 0.105222825839842
0.29277667144389 0.161013960093926 0.114296149831214 0.197225376711415
0.215075826971697 0.286334647612605 -0.0216401057428185 0.185806330371072
0.0363534320827205 0.373834233488335 -0.0575605465665518 0.0380828688500999
-0.0791680581346122 0.416751136935777 0.0778502227093862 -0.148244604963209
-0.0546104469889188 0.291052116172378 -0.0112812526321697 -0.351584675567595
-0.00469938725221168 0.330298758266439 0.0581472687789226 -0.394618947589927
0.145368475386764 0.314839670264187 0.0156900170024065 -0.382246468603964
0.246724325597426 0.201227371143024 -0.0375201981808058 -0.294830139114567
0.235744799072738 0.0607734254983442 -0.00780868550928359 -0.177541198404019
0.217231306892443 -0.0123063373766275 0.0395540684924777 -0.150838815492853
0.194446410535585 -0.0778926881799639 0.0861018860661874 -0.11779654312744
0.161218293709934 -0.0831205881666003 0.132456661035552 -0.0921365566844998
0.176322761021016 -0.0721601679776033 0.203505775194993 -0.0489158897455486
0.212606249161499 -0.00836072773390502 0.241315010144254 0.0226820166709193
0.206745124883984 0.0684576611179002 0.249066548822366 0.13020915660343
0.205593947446838 0.17403662596231 0.127369353113831 0.205298648966984
0.126176837465816 0.264771311334308 -0.00896933965817405 0.158440870069472
-0.0329636344396238 0.311668268743127 -0.0376350850609126 -0.015181605729068
-0.122250031590175 0.320694532445938 0.112914759284854 -0.236445821058638
-0.0629534242709161 0.138789676201111 0.00396395089568282 -0.390066289003054
-0.0255236114400168 0.180732953246745 0.0317482829359013 -0.409665014144008
0.0718081682957239 0.175612387440725 0.0283197815789956 -0.34312362428037
0.125692110745717 0.108435881775351 -5.31924226407243E-05 -0.261248409683851
0.11415658924316 0.0374869247228085 0.0501227922134906 -0.176027678862164
0.113625788662143 0.00974232179674875 0.0975262217699387 -0.170606849604378
0.113772408704352 -0.0267515979689907 0.135661857875206 -0.13986085299004
0.0998676740372942 -0.0342259252688209 0.185809320175896 -0.102831078496014
0.110303199233641 -0.0231870503264173 0.261701034213872 -0.0441868005938952
0.127703727415208 0.0147438110739729 0.287680834581901 0.0526064988593544
0.119565723311084 0.0620100160441899 0.269614206586267 0.170194518796863
0.114133290023059 0.131000836895038 0.12927623409862 0.220221670252023
0.0504506826161662 0.190440661096343 0.00925506436467344 0.145018318442581
-0.0690367138328081 0.20454519914693 -0.00628456593468017 -0.0421983914206088
-0.132146615249321 0.18250790242698 0.15090939274594 -0.287350508411187
0.0590041514952435 -0.0101108795869793 -0.134110389654035 0.322845336473812
0.0304933472498397 -0.0674705974917731 0.0157962845329502 0.109264507187268
-0.0101191948161158 -0.0760623024026364 -0.0025474832577546 -0.13849702963786
-0.029128212494944 -0.0368980628819019 -0.10993229005795 -0.233463539106259
-0.0114018159758194 -0.0307800500170801 -0.266954981784992 -0.202454052335759
-0.0149896771809281 -0.030039634484752 -0.328199177738073 -0.0555499299868993
-0.0326187353593764 -0.0211372483674225 -0.291187744500713 0.0586619138132083
-0.0271050360363542 -0.0233789409406481 -0.22687815606061 0.121939569321668
-0.0266941104371847 -0.0429214289746372 -0.152018538622279 0.163016280347527
-0.00701006621633847 -0.0583797233333162 -0.112724759960799 0.194883673733256
0.0127705644194921 -0.0567362443823076 -0.076822901094757 0.196558254107085
0.0308301812458778 -0.053335950111973 -0.0473691867485794 0.235458780744936
0.0337955163034719 -0.0581485505253888 -0.0484290073731056 0.301204683658662
0.0662801603577162 -0.0330581984220125 -0.0165130062746925 0.333248815233677
0.0760148565613668 0.00575139592238203 0.024971445340084 0.352028090298942
0.0418808828260166 0.141515535138299 -0.157393245680109 0.260549666080415
0.0168646803539019 0.0785009625381155 0.00341070157518457 0.0645794378732255
0.0264492565923803 0.063081514631424 -0.0204938252527574 -0.183958009665238
0.0513098365123916 0.0720560548055833 -0.120364550481397 -0.265646537115267
0.0895790836755177 0.0277042875299404 -0.270746062379758 -0.220918554607762
0.0930991855757624 -0.0233138862437879 -0.329181064223426 -0.0767993230059243
0.0664112037740097 -0.0585150725835735 -0.284884992234512 0.0378033157168529
0.0495820262898826 -0.0748116449860087 -0.216749419696689 0.100280166415064
0.052205338268647 -0.107138482899706 -0.13444371729646 0.140647515410404
0.0944119139014869 -0.10271537271623 -0.0857366995784932 0.173392931982229
0.126023414237456 -0.0699218258783603 -0.0448899969064035 0.184271078064229
0.165254897082338 -0.0126619650847339 -0.0253256349163531 0.231548761521659
0.141936015257116 0.0478217913087028 -0.0417076762651222 0.285751870602809
0.107012054129962 0.117006647423936 -0.00437908793262926 0.294358639041076
0.0750036501643216 0.178181711126735 0.0416440826020884 0.301538599773455
0.0150266193822236 0.27692494505678 -0.151637151799648 0.159102839286603
0.00134716137718428 0.228072399438373 0.0198987956546694 -0.0112728052477039
0.0705210925009065 0.209481042388003 -0.0220898552373213 -0.250424768672963
0.143118219779871 0.178161985709069 -0.130156608456124 -0.303149587439013
0.190254831003344 0.0783323686689878 -0.263355760988508 -0.225508286519504
0.193399072788107 -0.0171245213229903 -0.299566885451125 -0.0882814940682955
0.156962529802065 -0.0895232648341729 -0.244821637193629 0.0132846728795516
0.117883133094634 -0.116528230890884 -0.176170134479084 0.0654911124558696
0.119905905859294 -0.156208663910541 -0.0931850316464861 0.0988445791473389
0.175862546868057 -0.13564465495949 -0.0370579246239393 0.131912817697038
0.214486878374182 -0.082519989340773 0.0101469648310769 0.15978837780801
0.273387036033882 0.0124912203161502 0.0134967770418819 0.223866682417888
0.235214038460028 0.128237130999395 -0.0318606595779659 0.269593636849158
0.142858860065973 0.238366998270262 -0.0113825876425663 0.241173316505149
0.0674479549598211 0.320980755290362 0.0493309695626596 0.209833196706716
-0.00725362100513217 0.373655157763208 -0.121765426275886 0.0276031687425542
-0.000907901116389542 0.355404840658795 0.0489874908033599 -0.112405311290078
0.127781968101349 0.335446653400835 -0.0160260347146295 -0.321685212241606
0.242257901115988 0.25436303789149 -0.133197487408075 -0.332090364150485
0.279418236823077 0.102198347456314 -0.235054047079097 -0.216736566353726
0.268443370102103 -0.0192544289448381 -0.240688466325263 -0.0954727875503493
0.222282136105379 -0.114416511979207 -0.174823998286835 -0.0158453874641197
0.16748058676979 -0.141569162863529 -0.111563773683231 0.0208577150969099
0.16956370825544 -0.177385789328835 -0.0344878157842322 0.0462080542831584
0.232266264059428 -0.142156436997419 0.0249472734523816 0.0801139302796714
0.271385427681097 -0.0741820617156672 0.0758583306295114 0.125131905053703
0.3354517691246 0.0433211115847334 0.055710891978847 0.208432415097384
0.28929160677276 0.19025561806263 -0.0233710465644772 0.245919126295705
0.151024874118193 0.323744771503015 -0.0305080591703818 0.177222628511601
0.0438350475632288 0.413229612673723 0.0495771820962866 0.0925916676633965
-0.0222213004985364 0.412934354087674 -0.0833577023969291 -0.116959750060373
0.00736018798374487 0.425387146995686 0.0672659821885379 -0.224738356699852
0.176775474186287 0.403911437732978 -0.0089205632457936 -0.373574799461207
0.312645389961144 0.28154570385796 -0.120521185178886 -0.338566742681648
0.327721029322872 0.09767310245481 -0.17566705200708 -0.199802024531685
0.301562458092361 -0.0275265325401565 -0.154083838567014 -0.105945563921317
0.249681194259482 -0.124953322941241 -0.0857485382099968 -0.0516653320689397
0.190676586140317 -0.144606198613073 -0.0314429349812168 -0.0261703465687241
0.19782415290263 -0.166815511005043 0.0395326598553315 -0.00446869838165069
0.260302284195325 -0.116105790105183 0.0956903913517118 0.0324883320708022
0.291571618589581 -0.0366070023927657 0.14309527600083 0.0966196121421124
0.34245278791023 0.0911648836240116 0.093146369586716 0.193557857466563
0.284131961291365 0.241001014582845 -0.0179879805922279 0.215668388696843
0.118763406485417 0.367670053340992 -0.050033132603277 0.108282641091593
-0.000726816530567679 0.443729892559031 0.0528781997232507 -0.0314898790586068
-0.0296339038615819 0.381355109214486 -0.0487157871799145 -0.248601554011326
0.0167869136587868 0.413359363604386 0.0630811533226399 -0.324458585935771
0.19321880550587 0.389393589603353 -0.00749648150311615 -0.390855660967613
0.319339157464046 0.254434016099859 -0.0905330349975028 -0.319682878809862
0.313056496022028 0.0751104260222079 -0.0953915963064309 -0.18311055235592
0.2812124485095 -0.0328178117558476 -0.0564801202411076 -0.125410813916693
0.234839677126198 -0.116955259692138 0.00471261225951379 -0.0892240985298706
0.184800544695069 -0.126169297870919 0.0516894937544824 -0.0671094224737683
0.198119345421391 -0.129219819341696 0.120064704755184 -0.0412841943426241
0.25259599962914 -0.068406518986963 0.170257088376198 0.00685970013716803
0.269043656502423 0.0168089923374521 0.203807974949568 0.0905175557277469
0.295437342252522 0.139876871674553 0.119853778921832 0.18707781853115
0.223772717353002 0.268752055549089 -0.0115651870572111 0.182946269505964
0.0536490870456669 0.363028885625446 -0.054556063744457 0.0412741217721256
-0.0552737120011565 0.409324410381582 0.0682035436811694 -0.145578684839047
-0.0386343687801799 0.283494958236374 -0.0250500190982972 -0.343431599217945
0.0107543028079186 0.321497193717262 0.0396667285074441 -0.386611630390786
0.157006751365031 0.300026381576185 -0.00248068931642658 -0.373877073587955
0.250323162506927 0.183918588050297 -0.0504377663125911 -0.284512553974212
0.233756505807142 0.0489670227047799 -0.0152944307088155 -0.173780773315734
0.211366706203496 -0.0233066503580014 0.0304765559917789 -0.150143810954896
0.18393863744466 -0.0846732318619172 0.080278861945191 -0.123417500615196
0.151302668650221 -0.0881337558014738 0.125595020202205 -0.0959170060050568
0.166822615252179 -0.0788519077677305 0.195181472730367 -0.0576160760388088
0.205521485650697 -0.0199239038523889 0.236410979179559 0.0111823226556529
0.206084677011429 0.0557236541191013 0.248800868564308 0.112583480976623
0.209286171492544 0.157948069136261 0.134270615862438 0.194327232842636
0.135216497077176 0.250943383105612 -0.000243299408701577 0.155893709867131
-0.0173823732487218 0.303860753805468 -0.0390638340578848 -0.0111046526576484
-0.100591562592356 0.316507489288792 0.0985021998979391 -0.232622218930049
-0.0539360700784563 0.136690381791921 -0.0116308759478679 -0.381872073445208
-0.0153266986530291 0.17774734761124 0.0135351427778878 -0.400824512449144
0.077946998186932 0.167570129281556 0.0119355280697772 -0.336339108362804
0.127501664431012 0.100228234508103 -0.0122346327984075 -0.253531878747422
0.112440725810646 0.0322801107340322 0.0413352152539789 -0.17453790447188
0.111383634947758 0.00431379952629095 0.0863932417490508 -0.17212386628366
0.108503582688527 -0.0310702416325156 0.128138482056542 -0.145513094034137
0.0941023859737183 -0.0379362885686091 0.177823000941658 -0.108921471128016
0.104717287355848 -0.0274896645006519 0.253350505114496 -0.0555672356631498
0.124039950631126 0.00737888050068658 0.283612485138756 0.0376053597269883
0.119813311636149 0.0551290629737639 0.271513120525969 0.152353820715642
0.11697185060865 0.12036725099155 0.136210270657073 0.209894690782006
0.0578417199976948 0.182526838995109 0.0152779453578329 0.141918540609215
-0.0582514924433467 0.201172269719095 -0.00986460309142817 -0.0388928119118982
-0.117857767411872 0.182208376450018 0.132428857006037 -0.283347749779773
0.0536995063375151 -0.0192111320062221 -0.060316137408684 0.355156222495063
0.0168385049465957 -0.0701198655921866 0.0444807380433649 0.103345611029837
-0.0256226430150327 -0.0705745031807372 -0.0294921604725682 -0.141003215460253
-0.0394373690933994 -0.0295873299492096 -0.158426889750888 -0.21185470549346
-0.0234550768831918 -0.0267352655114755 -0.307873978766949 -0.14392214063404
-0.0218350819440239 -0.0220418744568952 -0.334207236416642 0.0141095366281795
-0.0358461115562214 -0.0100576816027507 -0.271724113540802 0.117188157532599
-0.0299996751731739 -0.0159518243540723 -0.19529075462066 0.170214653153761
-0.0353401121264643 -0.0334909851375864 -0.114825121082414 0.196253559895986
-0.0201767399020866 -0.0529917808599798 -0.0655721028202985 0.221937369400509
-0.0017097783903072 -0.0529535262458387 -0.0297548937521019 0.21497095942922
0.013831302146689 -0.0566285085587927 0.00931030339283598 0.247512295392479
0.0162483963850761 -0.0592629936707379 0.0255705119049299 0.312905719716267
0.0524753050487057 -0.0424497479994348 0.0618238451438129 0.339471887703514
0.0711806924182296 -0.00466108032998557 0.0996330582161438 0.348489821607042
0.0693634892465423 0.125132132523146 -0.105343121898304 0.304424491846287
0.0362539074830366 0.0709327391819303 0.0164301477688845 0.0657910122563811
0.0408841546623488 0.0514515958211029 -0.0641397079303949 -0.171921146199103
0.0631359253544071 0.0524454633865648 -0.181152744266468 -0.231720120338072
0.0863138626688101 0.00593878609192666 -0.314749911586757 -0.153844861071606
0.0817463645081728 -0.0396610435756609 -0.335720575928613 -0.00127975057080604
0.0484596054495165 -0.0694417515369348 -0.266043643283175 0.100420068537049
0.0316149314855279 -0.0812448554151172 -0.189786018696435 0.147230271449961
0.0256529046321644 -0.111753054589929 -0.103795483166901 0.171530759262592
0.0669793013160231 -0.117320565617196 -0.0441896530028832 0.196682912345621
0.103087407151287 -0.0896414096965071 -0.000939968784769135 0.197460402651624
0.151153584560944 -0.0467562062110607 0.0279549863126985 0.241117153638092
0.141672545727716 0.0174690174292622 0.0241526020947489 0.29973657371482
0.127441531479362 0.0926604686709375 0.0581843174488338 0.292890292304303
0.111070573023499 0.162633662105991 0.0995173127596302 0.285997950482282
0.0712699131038688 0.255606261590804 -0.128325938247284 0.205605926344551
0.053945854249078 0.215708790037064 0.010657916478057 -0.00996065404361669
0.115099787220487 0.179234793179563 -0.0872105760058715 -0.228154260829654
0.174804908404432 0.128943840059496 -0.203676696680141 -0.25636289204704
0.194166455901763 0.0313082093476692 -0.306099835700357 -0.152726899974148
0.178994651709825 -0.0566662566009706 -0.307084607340962 -0.0140119529303907
0.126165797262789 -0.120752461846313 -0.227432638394505 0.072239807349464
0.088485229375022 -0.134526284576357 -0.157203554936229 0.104044903305677
0.0784487994405525 -0.172777643996013 -0.0732223460256332 0.121622169554115
0.137900864033953 -0.166772048887434 -0.00669659517022954 0.145938407630007
0.184487564782732 -0.120157593689716 0.0479850089515446 0.160412874959035
0.258985828059742 -0.0453183895590228 0.0634537923013607 0.226044096157165
0.248414745284645 0.072211011671359 0.0258458132463241 0.284754566984959
0.19067165796781 0.200606663498185 0.0341045233641392 0.237648588332027
0.137547376542196 0.299679434315655 0.0821997194705826 0.186270958507537
0.0704259633865151 0.350007331387902 -0.132514894076838 0.069794496291922
0.0789294050454679 0.33546148616911 0.0126677052142978 -0.114104757131594
0.196367840629187 0.283593655682554 -0.10153831859742 -0.289391411621146
0.285714096363189 0.17725310035811 -0.214544890847139 -0.273792473924394
0.284701616915233 0.0339177377254042 -0.272197587522413 -0.144430646474596
0.250132020708404 -0.0761750732684725 -0.247536083398428 -0.0304208312034267
0.181200203942417 -0.1591904308163 -0.1619905640205 0.031483178530384
0.130128529042589 -0.168504546303068 -0.103248839826224 0.0458322216505433
0.122025645374479 -0.203596358553386 -0.0265807336013146 0.0562528221653881
0.191703427762969 -0.185592436305054 0.0421278816393478 0.0807017293976758
0.241802730542764 -0.124406188701588 0.104391213322637 0.110700215846249
0.326059859376658 -0.0293991690503007 0.100646001666314 0.201842286322693
0.312012084877701 0.119263427026856 0.0256254999967427 0.261699952857556
0.218323914765686 0.278688383131447 -0.00465018077327577 0.175829472764852
0.137349468549044 0.39307063406916 0.0539218553073501 0.0645052896061963
0.0643364447052521 0.38809887844542 -0.127776101421171 -0.0834614164202124
0.102754556376941 0.400022880031153 0.00379198073567568 -0.228208965400008
0.258421646777803 0.336640746155287 -0.108752114089704 -0.336258266767008
0.358525478649553 0.186396625397625 -0.2026055470088 -0.276712151352594
0.330529806645318 0.0192762855580248 -0.207332948090545 -0.138778786395713
0.279919582656129 -0.0919911641409924 -0.162814122927632 -0.0595207049874792
0.20458052590343 -0.176373619546105 -0.0809145181405004 -0.021130238585774
0.151632270283106 -0.176360337080521 -0.0348694884823292 -0.0175409528482529
0.15127197357949 -0.199666771961055 0.0348945819329127 -0.0104483583209565
0.223684317704334 -0.167391612982433 0.100831041010993 0.0167142077436819
0.269058348791667 -0.0936314679876838 0.16378568146512 0.0665447378637288
0.344718875320669 0.0134293558124019 0.133599126133021 0.177076720304428
0.3192572835004 0.167431487895541 0.0216001859953985 0.229437995246929
0.198243718173729 0.327697266377949 -0.0406931247285099 0.109075573930983
0.103811544292 0.430333852335422 0.0305151638495543 -0.0625113385840319
0.0518789210552412 0.360244785967779 -0.121890498377328 -0.226306743610185
0.106640053046915 0.386251547152764 -0.0224934861334339 -0.327239822646939
0.268063001379904 0.319173236999154 -0.108896892091742 -0.3532315151777
0.357243415145259 0.159485560344376 -0.166229706306171 -0.264481153724612
0.311744559176938 0.00130190967534052 -0.12329101855466 -0.141530042269526
0.259273461874645 -0.0923919766955566 -0.0712341306663428 -0.100640651624296
0.192231927681153 -0.165819844261141 -0.000501945439216131 -0.0782263473891905
0.149518726609082 -0.158130917802442 0.0375452677847467 -0.0759850971045341
0.160177378507734 -0.16532449247504 0.1065408783412 -0.0660910920101066
0.227190592863581 -0.119977122446886 0.168167271990269 -0.0269225580205452
0.259799441969284 -0.038143160477876 0.222033478509441 0.045464914590705
0.310148136222615 0.0711107876170307 0.15868956904284 0.16324913002694
0.268493443352418 0.206172109623432 0.0189793239931551 0.192052203296811
0.134680842169183 0.336039807007677 -0.0597035600345321 0.0427984159260071
0.0429022770911431 0.40708321550207 0.0240705075333161 -0.178530952527328
0.0241042186405557 0.269951106453507 -0.116202265420705 -0.33087920519261
0.0797811439944139 0.300963454047287 -0.0563425008735292 -0.386590872461457
0.21417231072059 0.244118475412539 -0.0959849078005872 -0.344805023274286
0.276130771163405 0.110881033870383 -0.116296594350412 -0.246630460221163
0.230509741621041 -0.00592914035623964 -0.0438938014615552 -0.15505283218285
0.194910055745364 -0.0688634839012038 0.00612487716880927 -0.146660042978399
0.152364943418545 -0.12355312969445 0.0634075074171066 -0.130560408726141
0.124851081206284 -0.115287347313986 0.103030561408658 -0.121444929252098
0.141338505027957 -0.110932221712436 0.178670271755272 -0.0998915587935069
0.193323677934412 -0.0628811502713539 0.236510332914639 -0.0396308110590114
0.209110536203042 0.0119973898394051 0.27172060038436 0.0567919595665906
0.231979774278236 0.106781972507081 0.173744096828656 0.16455944887385
0.181509255690678 0.208755341668591 0.0246005435471799 0.158997866120944
0.0536245189730356 0.295793342480753 -0.0516327201600538 -0.013125389898615
-0.0213677592370608 0.325791206770829 0.0396790199053565 -0.268976862314065
-0.0211728684687042 0.136196714404139 -0.105019223428556 -0.380428722537706
0.0215696757518096 0.170717935288571 -0.0828750627309657 -0.399814441711937
0.108828684863005 0.138505234222026 -0.0703719890571312 -0.323052022557834
0.140073056195914 0.0618244816948752 -0.0691496371480746 -0.234628056630944
0.111861731783769 0.0056016479616078 0.0063655985640301 -0.174781178291142
0.104902466416539 -0.0206519324951272 0.0514542993796598 -0.184157460968418
0.0942700877282339 -0.0553177857959833 0.100357683400016 -0.165674691166702
0.0816326006774298 -0.0559530726509816 0.151505123944211 -0.145890478630562
0.0949090091737539 -0.0490355816145736 0.236453295164351 -0.112296943941693
0.121875303545386 -0.0187513339929773 0.290249878069634 -0.0256340645354129
0.126749970006984 0.0296026646971281 0.303794758013168 0.0890834458004105
0.135932209854981 0.0920444285992313 0.181901950617475 0.178355061116997
0.0925735260446825 0.160308957237243 0.0405838964738804 0.139145834050605
-0.0103546853741833 0.205475913084718 -0.0239852518893745 -0.0440453767129405
-0.068191404576081 0.198940072748125 0.0676140027299731 -0.320568806742971
0.0549785780951943 -0.0205323497904711 -0.0458050221311668 0.361948761571127
0.0153041723747758 -0.0717512269941882 0.0495571839746241 0.101541056854506
-0.0274841945794894 -0.0721219854861293 -0.0369767055170909 -0.140649761163798
-0.0416199605248421 -0.0297127971700907 -0.170962909328809 -0.206765820863179
-0.0258647695829814 -0.0270358303109274 -0.320153884544391 -0.131992941962753
-0.0232026916378641 -0.0227951782688248 -0.337494917089466 0.029141727685314
-0.0348196373641781 -0.00923220206923198 -0.271017740498041 0.132815058177878
-0.030684178622562 -0.0148546233596412 -0.191739418167603 0.183911891812249
-0.0372772753162349 -0.0322557762397676 -0.108099351407454 0.205922063516558
-0.0227362807482393 -0.0525123056557725 -0.0563273456926734 0.229153395850604
-0.00419991563097158 -0.0537504745840341 -0.0201738805468062 0.221664584182034
0.0103457715855123 -0.0589789741846991 0.021076942965649 0.252560558464354
0.0137808179218359 -0.0600690420660575 0.0417753607271739 0.315832146146939
0.0521574709842046 -0.0440060462699865 0.0778211828288004 0.341261917634938
0.0713535586493019 -0.00604207094517467 0.117355952508557 0.35033462517034
0.0761946502596983 0.123697521225961 -0.0943372063531553 0.312718794734692
0.0416756955861928 0.0705745089808982 0.0209972403546294 0.0639302328774585
0.0469092808102655 0.0488260590201229 -0.0737860517728624 -0.170891587833953
0.0678121962004252 0.0479401000556294 -0.195285209370327 -0.225819739090062
0.0879046610023051 -0.000258349013179927 -0.327393663350224 -0.14302968388075
0.0809609369762489 -0.0467794940404559 -0.340768626853048 0.0138007761852708
0.0467664527709483 -0.0733669772119698 -0.266076279089766 0.114451713792931
0.0287033460495215 -0.0836400655622229 -0.186590813021491 0.160429527840704
0.0198714071502951 -0.114963967513985 -0.0978669961882557 0.179583571251966
0.0623732683167976 -0.122989015496189 -0.0355190969774366 0.20230058388745
0.101064493936202 -0.096551839643545 0.00793066216681815 0.20146218147852
0.150193283300843 -0.056286256967315 0.0404218278905292 0.244978220356588
0.145996712702167 0.0114921454910394 0.0401593924470051 0.303435577117774
0.134468949512953 0.0891123365068776 0.0728772921743354 0.295451163191978
0.12121283079527 0.160708397625444 0.113905376628993 0.286906431823337
0.0840960200769087 0.255008657403537 -0.122130426923682 0.213090109990648
0.0664591137870593 0.21738199361225 0.0123275386568348 -0.0121158834768107
0.128831462166433 0.174668430551911 -0.0996145025009714 -0.226322577671588
0.185899512001022 0.120088324123144 -0.21907601271353 -0.250249401278306
0.200338564100576 0.0193777950134497 -0.319206927181442 -0.141787781862257
0.178907760707932 -0.0682740840934318 -0.312800162504001 -0.000263237453488726
0.12261912573862 -0.129789230996589 -0.229458957232982 0.0825904313951978
0.0832894664208043 -0.140604089389143 -0.155636579580064 0.113899181941041
0.0702520308075364 -0.17945448668919 -0.0694848788448693 0.127835911442705
0.131333658032777 -0.177233291353484 0.000562633736442103 0.148874482758625
0.182967989101737 -0.132007824270411 0.0551086049778823 0.161292009401509
0.260046149161999 -0.0610997106422867 0.0754887510293239 0.228324050160915
0.257305778382472 0.0613790688083419 0.0415079495640797 0.287891881964004
0.204710708698202 0.195140152880075 0.0450769069542842 0.240387234728533
0.156406356329174 0.298712317576787 0.0912896883398924 0.186482235712519
0.0870169649765292 0.349662521518663 -0.131685498257217 0.0755914647740512
0.0986033796390815 0.338249407762528 0.00977399920704437 -0.117898505539681
0.217307866594204 0.276886790132631 -0.117035603156169 -0.287848099737009
0.300726423773438 0.163468033178175 -0.230675895957057 -0.267641799379761
0.292782343437468 0.0187530913936056 -0.284676789401704 -0.134980580803868
0.250396701179607 -0.0917399204498414 -0.253200697549193 -0.0193505165320151
0.176236708982088 -0.170615009053784 -0.165339772998578 0.0361862496249718
0.123874119972143 -0.177236131226458 -0.102818800200109 0.0520327448426199
0.111914812925461 -0.212941349282116 -0.0243907449815899 0.0595313926160524
0.184393347794589 -0.199363073792904 0.0473184334913068 0.0791947497438365
0.240393280527245 -0.139844960949257 0.109808640923992 0.108657343923478
0.329378333867339 -0.0485789179817755 0.113255588647074 0.20214693662436
0.32518150986653 0.105927495434363 0.0400009920673813 0.263684898243006
0.237578054521071 0.273678902984263 0.00417822564039706 0.179950075793706
0.160527511865402 0.392833846545207 0.0581599716133768 0.0641706065473424
0.0823423176289256 0.389065669001761 -0.133758900351017 -0.0804170674955089
0.124809937537377 0.401661370156245 -0.00460264162540139 -0.233465303719675
0.282046529292988 0.327922929712341 -0.125959694554091 -0.335445869440028
0.375153915733433 0.170057622493525 -0.218082193237802 -0.271591886020507
0.339320487259504 0.00151993423910698 -0.217819844848655 -0.132097494769652
0.279597522762226 -0.108731280731284 -0.16858406407179 -0.0525046558188608
0.198350314162083 -0.189307603266095 -0.0855149653947406 -0.0220607326184626
0.144572162566012 -0.185755354388526 -0.036224844638402 -0.0163782086536971
0.141589205029963 -0.210459176396266 0.0349150677664325 -0.0119504868229489
0.218547681998333 -0.182043839806028 0.103636740857212 0.01087816119877
0.270108193803311 -0.110409941920184 0.167109496800072 0.0598835964890429
0.350315780137237 -0.00616182455063521 0.144541626835708 0.175172175485498
0.334998574504786 0.15376347433721 0.0340664881691592 0.231424480791579
0.21784811209317 0.32243712453844 -0.0367081055972762 0.115298659034094
0.128067688589772 0.430935223236588 0.0281840269307342 -0.0631790756023941
0.06806852401813 0.36111998086731 -0.134263109617884 -0.226646623688655
0.127848656848756 0.386463481229528 -0.0367512619320675 -0.331476569374212
0.290560150965238 0.310876009813327 -0.126871951223803 -0.353581001649312
0.37204200395312 0.143433703268309 -0.179985441206111 -0.260553967241929
0.319333702386633 -0.015193465682476 -0.131747415013617 -0.13891578053265
0.258775985215721 -0.108227421018325 -0.0774389353447366 -0.0987620952811661
0.186755174386594 -0.177222334844069 -0.0062362873168843 -0.0846383195936159
0.143487514484991 -0.166723855835839 0.035097749383879 -0.0806028241815242
0.152059601402972 -0.175491636955188 0.105455271825413 -0.0719496292932336
0.223841288761271 -0.133959323309909 0.170646934308558 -0.0359222115362703
0.263258795728784 -0.0533408678787662 0.226265737299605 0.03569100095621
0.318741061979028 0.0547745114779656 0.169307288585173 0.159393824241667
0.284821570876041 0.195138383421081 0.029188028858568 0.194176454597109
0.153603852818485 0.334526524628759 -0.0588213604883172 0.0488634200655825
0.0665632582630953 0.409979212083093 0.0165292174315287 -0.180787369554608
0.0357903879197505 0.2708482764596 -0.133214046702235 -0.333318208613131
0.09636033706274 0.301042623974869 -0.0750841591854291 -0.390575602156528
0.230064885922022 0.23719770364229 -0.113844430441648 -0.345600308637261
0.286631137561894 0.099098224172281 -0.128131720367114 -0.243983783952557
0.235535180950271 -0.0168729793969588 -0.0518244080933344 -0.155952884893119
0.194437357632523 -0.0801776769912654 -0.000769285674451585 -0.149675025386772
0.148182884182976 -0.132362428814703 0.0571465924320993 -0.140218425479083
0.120032588315254 -0.121849681943917 0.0999919523915435 -0.130112630995118
0.137111909674857 -0.119484886633544 0.176894438111716 -0.111118222617878
0.191999108076688 -0.0737198858664202 0.239005976097475 -0.0523364631451276
0.214560580931733 0.000997437486115612 0.277150506026641 0.0435700977922534
0.24078462935474 0.0952546016882094 0.184974131511663 0.160024346955038
0.194705183192453 0.202442043997998 0.0327250879111025 0.160699168475307
0.0680751082016052 0.296874900399433 -0.0533661433202758 -0.00801827852642267
-0.00337881554554259 0.330709605768169 0.028635218410988 -0.272582152592633
-0.0147527388936676 0.13809116439453 -0.123669802211515 -0.384278246179111
0.0305213749080033 0.172585712427045 -0.103026190177528 -0.400797392752957
0.117087182123738 0.135810148865298 -0.0864230497567801 -0.324752253061657
0.145574096181689 0.0570748004257552 -0.080157063117563 -0.234386724905926
0.114761048165807 0.001910354193433 -0.000575833156089262 -0.17831288569512
0.10615078843814 -0.0266447856732015 0.0423333262277246 -0.190034063581222
0.0924480917749321 -0.0602331241337439 0.0947420457381613 -0.176778128938075
0.0786585832389617 -0.0602142355377251 0.148305786602136 -0.15696908648891
0.0925905747629707 -0.053867477656346 0.235534237342203 -0.126383057002196
0.121222250418004 -0.024886649863263 0.295113308894394 -0.03898172731413
0.130375679325505 0.0237494219240717 0.312739048958702 0.0752509628474918
0.141517612666562 0.0862594631005006 0.194110806646178 0.174484406945469
0.101262507453126 0.158031838836354 0.0481590219254692 0.139928028629231
-0.00120434446082891 0.208306209965712 -0.0275757275153887 -0.0405629261336664
-0.0572157617300616 0.203940368390967 0.0543426688488766 -0.325938918124806
0.0554568563112292 -0.0244050407923751 -0.020267356571089 0.370482739663163
0.0116206010718959 -0.0743353486822209 0.0587717559460754 0.0982737785016059
-0.0326895578992973 -0.0733010448301529 -0.0480887248797194 -0.13802306301092
-0.0442791681523047 -0.0283313284601088 -0.189453991974985 -0.196963139125442
-0.0299250867548095 -0.0260502418356795 -0.33604241439982 -0.111518665171037
-0.0258136762672279 -0.0230471865588983 -0.340986435358392 0.0546258258940942
-0.0348388102644537 -0.00807403897473477 -0.265258971706806 0.157245818478442
-0.0311688856427405 -0.0135421839648144 -0.181353569585952 0.204468284671859
-0.0399563274456427 -0.0300367739245533 -0.0946830784248507 0.219868148879033
-0.0271130402345958 -0.0519048821723864 -0.0390323227807367 0.23805473767281
-0.00846534011479369 -0.0542578434470357 -0.00339886507161277 0.228715086444354
0.00470926835115506 -0.0610997495863543 0.0415489996794488 0.255455951369439
0.0102664042477861 -0.0611803885956009 0.0666637426412123 0.317848400276597
0.0511037363437516 -0.0484438539609631 0.104097009798579 0.340966682251088
0.071186561846234 -0.00977281422953409 0.146006682302273 0.349565173062054
0.0869978652484204 0.119732351775243 -0.0724044414198866 0.323560045285934
0.0491409836764598 0.0685983931804798 0.027213878035354 0.0621380032448444
0.0533669972085167 0.0432334645705167 -0.0870225579569822 -0.166040300554309
0.0732132857858341 0.0409976733311514 -0.214889047956823 -0.214448071500863
0.0896142957894854 -0.00886574649038908 -0.344818818328027 -0.120545971384383
0.0787144038528155 -0.0558160124640452 -0.345726568860389 0.0400244725978675
0.043385494700821 -0.0799618899015061 -0.263377902157743 0.13760790709846
0.0235084997092741 -0.0877238787439201 -0.177950666217665 0.179682805450926
0.0107689221505119 -0.118466596072684 -0.0863629250081066 0.192379446713516
0.0534134165499912 -0.130544672432546 -0.0208707554717855 0.208339210277427
0.0953723411550369 -0.106614137474305 0.0225860518601798 0.206038757383152
0.146660970453452 -0.0695752442551322 0.0609150372094273 0.247020440719173
0.150431795430399 0.000459199811441194 0.0651193587110362 0.304930605138732
0.145545921528201 0.0804758723595834 0.0953689206293406 0.295115843506897
0.136563916795042 0.155336223256443 0.136584418912959 0.284838862585243
0.104021095667391 0.251750897281517 -0.108589133487309 0.225235646225003
0.0857808429035946 0.215531815104002 0.0127693793134782 -0.014967235357196
0.147265105466534 0.16486862659212 -0.117579076604842 -0.220810300904474
0.199232122872148 0.104466091034948 -0.241616575119646 -0.237246103961795
0.206336190773135 0.00228008473597119 -0.336785184919936 -0.120253171760201
0.175686343569922 -0.0858718179716745 -0.318504650228078 0.0245122059762294
0.115458084732007 -0.142572362559332 -0.229767011602614 0.10042865260462
0.0742122513704651 -0.149542799774859 -0.150299699720649 0.12952679336776
0.0564809136876831 -0.187337888647234 -0.060743112345929 0.136704084340785
0.119662624986948 -0.191640032672621 0.0115022730091206 0.150863843537246
0.176186325632378 -0.149883114125254 0.0670249145882796 0.161619071834873
0.258474629579618 -0.0848877867039388 0.0963114941384532 0.227942375373043
0.268353819847931 0.0424999893983708 0.0657321008498629 0.288744694480902
0.224973378968409 0.182824626104003 0.0643929988739577 0.242406669604547
0.184296755400066 0.291430892862696 0.106631230919786 0.184237376898817
0.113292340887614 0.348628415582604 -0.129007671656652 0.0860412270555241
0.127326705568936 0.336141288769132 0.00244610013458662 -0.121552982234454
0.246220435680016 0.261812714893511 -0.140435344384237 -0.282188044939774
0.321350821105759 0.139069544999715 -0.25421133529367 -0.253952647645928
0.301540387111247 -0.00691841709712446 -0.300957091328815 -0.115461869458399
0.246482223951858 -0.115708490677246 -0.258906051444232 0.000560632613358782
0.166573710979762 -0.188111742548441 -0.168668956016392 0.0475271912643574
0.111576620289616 -0.189529591517152 -0.100936089557082 0.0617877663978816
0.0955593488214206 -0.224130963640959 -0.0205520723504029 0.0631663807834864
0.171084249214192 -0.218861821836199 0.0538989193896731 0.0762100432894444
0.234390983400229 -0.162827880674763 0.118217931196201 0.103095177702554
0.330653100242418 -0.0782218438988421 0.132352324398262 0.197482400238139
0.341338519661681 0.0813376885352191 0.0617902225989052 0.264677399317551
0.264117462334536 0.26013866203096 0.0182150142601653 0.185048683600767
0.197567258268869 0.385838834924582 0.0636124415764831 0.0627970706612143
0.112352952039524 0.388790301317444 -0.142348014074308 -0.0742102728111346
0.158419158933146 0.398452935306903 -0.0218716345514199 -0.23761866254909
0.31541107502997 0.308934677185564 -0.153378039238577 -0.328877399312095
0.397020918275129 0.141321256292964 -0.241429303031476 -0.259534364940957
0.348092118999885 -0.02673236328682 -0.231421713490932 -0.117128333230967
0.275983634484136 -0.134971036185821 -0.175244795050871 -0.0398511167465328
0.187778015109972 -0.208522651877244 -0.0922987724476012 -0.0187446211523962
0.132114018320407 -0.199584910777227 -0.0379321216454136 -0.0154429484315469
0.125487376903837 -0.224823786951944 0.0349256715463442 -0.0140907476051235
0.206989027883365 -0.204200308124589 0.106008484586677 0.00284549182432406
0.267271493876832 -0.135444642278114 0.172971152863434 0.0487987512463523
0.354843419908309 -0.0357354390072576 0.162499048419672 0.167903676625001
0.354335058704056 0.129404969110825 0.0531809260821384 0.232584453217262
0.249027589133552 0.310830852384676 -0.0277861169080031 0.121842937149195
0.168899003460682 0.426725465358326 0.0238044512150101 -0.06472990032732
0.0954385059597123 0.360750834965187 -0.153683865239535 -0.222184702786375
0.161698180948159 0.382215723733055 -0.0622242344744424 -0.334985717649428
0.322512330509089 0.290678009236203 -0.156107288045645 -0.348151483998315
0.391159627699698 0.115506043462093 -0.201685400592646 -0.251064213172051
0.326335430535279 -0.0409087937396688 -0.144965808893674 -0.130992897973169
0.254847360473447 -0.132239333445104 -0.0855119605715195 -0.0948256327687111
0.175774450475459 -0.194712916986558 -0.0155884962456749 -0.0894589488445952
0.131784811988404 -0.179718888117769 0.0295894386616761 -0.0862166421980109
0.139387915347299 -0.190128159174794 0.102160612360641 -0.081101055763288
0.216230302851914 -0.155069478962854 0.170516507441758 -0.0506103161515292
0.26491188720089 -0.0761543850877743 0.230685183746825 0.0184633080029132
0.328178282813951 0.0284232240166554 0.185606394913096 0.150037730683661
0.305819166841846 0.175553763708577 0.0459267514234586 0.194989487707182
0.183614649590304 0.327346581900634 -0.0560248749939888 0.0567877702836255
0.103384816894053 0.409708623247988 0.00357784084569705 -0.183547319676728
0.0567541368785597 0.271602833391599 -0.160326164296768 -0.331113400192699
0.122174563960951 0.2979645283729 -0.105670001507494 -0.390567196900981
0.253819020809018 0.221628751825403 -0.142323899502614 -0.34179094352097
0.300727725106714 0.0772482280962765 -0.147999123059877 -0.238112564299964
0.240156331952368 -0.036048090842789 -0.0636147171134591 -0.154628568319709
0.192134504811777 -0.0975584795851171 -0.0120670634704028 -0.152398710831697
0.140661187371302 -0.145423496995824 0.0450860962429718 -0.151353717138816
0.111787503283212 -0.132283779984636 0.09233506559471 -0.142058648861933
0.12852892159802 -0.131365547161452 0.171264446300661 -0.126529792563595
0.188552243961296 -0.0907090702728145 0.238962551468067 -0.0720841294567526
0.218950462055383 -0.0169283987500978 0.284475654499263 0.022898994871779
0.251852745196631 0.0762589165718748 0.202312483986962 0.149836765771581
0.215064594572488 0.190782156172183 0.0460662104280162 0.161440361046367
0.09208540189601 0.295684600548646 -0.0546161764506245 -0.00077177747015138
0.0243239821616569 0.333993380494637 0.00791593500098311 -0.277455302857089
-0.00445164053991782 0.140105305630645 -0.154083911261232 -0.384114578481034
0.0441171096172192 0.172258434554474 -0.135581533759354 -0.400186533010145
0.130135282407407 0.129631546892543 -0.113304579614601 -0.32276546034685
0.153939417153749 0.0467338389924368 -0.0971866016220383 -0.231518446931092
0.117988337558928 -0.00653207936571442 -0.0130756666528283 -0.182580320872238
0.106435466806829 -0.0349920739910215 0.028934944485681 -0.197490117786588
0.0888710964474217 -0.0683257606313683 0.0813030721178023 -0.191230428971352
0.0740511705802272 -0.0663485750375954 0.139357140483149 -0.173406994585813
0.0893823249888934 -0.0615595570461733 0.229716300538287 -0.14691769699835
0.120766432538221 -0.0350705348711775 0.297233296564119 -0.0641999723466379
0.134904308211022 0.0130341673115815 0.323221342534531 0.0514368654037115
0.150510718942217 0.0745759539787971 0.212163672763734 0.162104004227107
0.114972883573867 0.152625940063217 0.05891477888541 0.139626834385921
0.0139912921320431 0.211347267221886 -0.0309035224751339 -0.03535488738379
-0.0409844202518986 0.209999344630156 0.0304744845826179 -0.333344138847978
0.0541598686092298 -0.0292418751693879 0.0149290417007891 0.366747630077507
0.00509154057506186 -0.0748843681638382 0.0682930508923875 0.0903168971538375
-0.0398266594045886 -0.0711289112248713 -0.0593426515063802 -0.130551691861867
-0.0466897925125845 -0.0248908001411166 -0.205216449332707 -0.176540045045947
-0.0335614354318662 -0.0232111380345223 -0.343695013747559 -0.0773804135570893
-0.0283885143345705 -0.0215521375520306 -0.332656280411624 0.0863400796676875
-0.033666359635251 -0.00585006639403783 -0.246626612545858 0.182851059773974
-0.0316552954142671 -0.0108672088023474 -0.159644436953801 0.223135148345829
-0.0421946627398462 -0.0258089074394219 -0.0725298719227491 0.228225414087493
-0.0318980686349741 -0.0484663606211596 -0.0156639200579893 0.240520626836643
-0.0142423327820924 -0.0529801655890715 0.0193719177990896 0.228349598099534
-0.00249297276664859 -0.0606728459318235 0.0663709445446556 0.249259224082245
0.00471976769830463 -0.0606926667196618 0.0972802587895636 0.307269956751688
0.046746412379002 -0.0523249730853827 0.13395980805872 0.326340492227785
0.0691760247304077 -0.0155507775747193 0.177258944303649 0.333487634366757
0.0976479005683732 0.110312213365587 -0.0418267057613785 0.326242547405482
0.0566823039097508 0.0626460985637011 0.0341407597878954 0.0577013232523051
0.0575473930850166 0.0352549332644575 -0.100494758459879 -0.154590932307544
0.0772240850316191 0.0309172663123419 -0.232906141479034 -0.19093261899687
0.0870081364525188 -0.0190949152539879 -0.35377384098765 -0.0855419171924623
0.0706633384583741 -0.065320250891359 -0.337914760860562 0.0740876853825515
0.035916072449231 -0.0847140060256035 -0.248299375044399 0.162596828519971
0.0155521200150259 -0.0893984435083634 -0.159148217619128 0.19728633486817
-0.00117835752500122 -0.117351847729323 -0.0667323616948599 0.200101676668089
0.039760654990058 -0.134940021448164 -0.000336691224960787 0.208502162720348
0.084126861011904 -0.115765534284916 0.0424842037536998 0.203333817703802
0.13715696778822 -0.0840894310248817 0.0860372808904434 0.23847790195422
0.150018085135706 -0.013864161959544 0.0949434266972833 0.293976462172898
0.15324915412799 0.0650754533041779 0.12215402825466 0.282820680521042
0.150864411150413 0.139370444352454 0.162677080402956 0.271448499565709
0.126220574244218 0.239386213766223 -0.0868088982105392 0.23207993979952
0.106523431534147 0.204782212339129 0.012556736819439 -0.0176069113492043
0.163176900420725 0.146270408825737 -0.135858327843676 -0.205491718202153
0.209269270341789 0.08036113584462 -0.260483490508741 -0.211805599340933
0.205126805635609 -0.0210476953451742 -0.345492606778318 -0.0857473138059092
0.164299590420544 -0.104674637909827 -0.312132589865246 0.0556466145791517
0.101324612599946 -0.153967529154284 -0.219087527088163 0.121724810534636
0.0587464922409349 -0.155135885993805 -0.136251191411093 0.144081323637385
0.0364678699005247 -0.190076795319698 -0.0467732200241994 0.14232795950086
0.0984367663976228 -0.202108126597441 0.0259311025943741 0.147787705708155
0.159671003920038 -0.167210006004047 0.0815398873147295 0.154785478341926
0.245880294556565 -0.110386337388191 0.119105672591822 0.216212480312809
0.271297539828488 0.0149677183195376 0.0934259307618265 0.277997169501597
0.242429578816299 0.157364332700429 0.0866096354711855 0.23492486950599
0.212142569436834 0.268687564536815 0.123494702028451 0.174497748350159
0.144793513000653 0.334025492918934 -0.120105908796893 0.0952416225056331
0.159270905329017 0.319745262735153 -0.00864888226423196 -0.121256657520516
0.270393023568809 0.232024276813154 -0.164761542877592 -0.264253016103032
0.333142469899767 0.103557411002231 -0.275488282678569 -0.226942171201953
0.298965349144589 -0.0391003582356698 -0.3087267985751 -0.0843679746271251
0.231935359535188 -0.141265761253992 -0.254623857292461 0.0264601415081796
0.147044369701765 -0.203966572218997 -0.164727323306371 0.0623661946060163
0.0924518456755984 -0.198177143243842 -0.0950233812058137 0.0712756268674945
0.071190461215768 -0.230480030204415 -0.0136419263882712 0.0661469377628009
0.146464668676821 -0.233738524287871 0.0601985781165841 0.0696941278951614
0.215954796944989 -0.186265246790874 0.125624112948489 0.0917822716869799
0.318366750589383 -0.112249275645005 0.151825626557953 0.18347836899342
0.348061172553942 0.0453706767335822 0.0873952337378526 0.255132281502216
0.289152698440577 0.230630637395681 0.0356173545772509 0.182470871181964
0.235440991216671 0.359033167288067 0.0691272982005743 0.0583266418152784
0.14731806520763 0.373385316209513 -0.149551508458743 -0.0600442344337924
0.197189255596955 0.377444729993323 -0.0440741352617066 -0.232789341895181
0.344293374953099 0.271398558656303 -0.182878857849473 -0.308946354071128
0.408160420707308 0.0975458183986717 -0.262385207561161 -0.233144085513931
0.343113111183326 -0.0635915347575762 -0.240713928199191 -0.0940604545748799
0.258743342860842 -0.162536117933064 -0.175900671684554 -0.0220669594979358
0.164374603806894 -0.225605756222308 -0.0956408018789318 -0.0119529773315597
0.111123581849262 -0.209997226832857 -0.0396912603336355 -0.0117436138752629
0.100804156317885 -0.233789156067205 0.0336295592362345 -0.0173583356371029
0.182901994298474 -0.223026821750227 0.104856289449802 -0.0079552104275898
0.251329017743347 -0.162846215085907 0.174380017755752 0.0321063060649445
0.346956134581577 -0.073686815149899 0.178997211026339 0.150311321455178
0.366066537472683 0.0914156383873868 0.075539449822064 0.223916382757493
0.278789424331713 0.281985120353475 -0.0149158952395261 0.125858327522884
0.210010543060841 0.402606167742669 0.017169810385444 -0.0644182386982062
0.12844279166671 0.347211902745678 -0.174646124387407 -0.205958041652232
0.19760625493568 0.361226225441623 -0.094157771461907 -0.324218991023875
0.34882479532723 0.253218591474359 -0.186375967954902 -0.327536687279563
0.400292250713066 0.072825950628766 -0.223122874088467 -0.228387990974499
0.32040228873198 -0.0757925151625136 -0.155232682839427 -0.115757356093362
0.238725349653235 -0.157716152876756 -0.0929926150095754 -0.0855174708843028
0.154205634707156 -0.209459385072361 -0.0276644103625207 -0.0899414311242208
0.113266450248832 -0.1895813154378 0.0204043297713611 -0.0899863573740416
0.117856477635583 -0.200965185135819 0.0933159272324886 -0.0910886649360031
0.19696304132715 -0.175855676068968 0.162833349044431 -0.0671609766262255
0.254735914668614 -0.104271507386907 0.228095504695372 -0.00280257079273409
0.326603024286739 -0.00678104818814809 0.200274886969503 0.130608622134132
0.321798668674785 0.141765897481943 0.0638785349434326 0.188704633443791
0.213957443051214 0.305030110107692 -0.0486303283779065 0.0639407843801336
0.144737529373416 0.390884725807128 -0.0147289363528372 -0.180178773271507
0.0821248118584792 0.2624560333851 -0.191543571743173 -0.31423898342477
0.150544547877672 0.282406387575668 -0.142758520864636 -0.374670084008805
0.274326102162623 0.192971229390519 -0.172657577209177 -0.322343207482732
0.30597177113966 0.0458474506274069 -0.167795254172537 -0.220952124231399
0.235960359921494 -0.0596740080696945 -0.0770414690994938 -0.148128541508321
0.180670513469762 -0.116270800701912 -0.0261312985291839 -0.150398749908812
0.123043950320081 -0.156971372301707 0.0271778334356704 -0.157967729520317
0.0971482481268146 -0.141058021681679 0.0769928577424554 -0.152026230873776
0.112960168485896 -0.142240844467189 0.157781820260063 -0.143386730529796
0.176529942486985 -0.109346765117787 0.228842828853508 -0.0949892877390949
0.215558065035034 -0.0397980808071031 0.281675759216601 -0.00485530393612244
0.255853950919157 0.0482704446928389 0.215995980547547 0.128575184294629
0.231808865739063 0.165518602186369 0.0609398181524131 0.155572378010614
0.119425473093858 0.282632747139705 -0.053120438368865 0.00792317763562414
0.0597268664489828 0.324626084024178 -0.0184801978271817 -0.27407463391714
0.00912690950229112 0.138304101291983 -0.189539364909747 -0.366997902464284
0.0617563941398534 0.165468526044871 -0.17214858043901 -0.380185717838411
0.142598205849318 0.114469314621308 -0.143504529987654 -0.3071980183564
0.157731299141814 0.0318364332144576 -0.117290647714006 -0.219714876738509
0.118116672620179 -0.0173943529717389 -0.0291601979634778 -0.180254462719039
0.10211244444346 -0.0452260220526274 0.00895243401275598 -0.199244125517821
0.0810999741344929 -0.0753517445369268 0.0605251763581446 -0.200460952589529
0.066388845378783 -0.071663533377989 0.121143000237551 -0.187632452309066
0.0815153440938614 -0.0693369183283305 0.212925030215736 -0.168587001086596
0.114989680750215 -0.0458641391552647 0.288060384347629 -0.0924785094100112
0.135540513786822 -0.000683871926346315 0.323705129984614 0.019221820028935
0.155318254966232 0.0582609213784973 0.226668336378907 0.139996730001436
0.128861243536144 0.139149962056837 0.0715306937877088 0.132587611025738
0.0339487210455982 0.206721157877397 -0.0327281015839636 -0.029084217562766
-0.0183361477259427 0.209704915805046 -0.00170942678714674 -0.330950258394763
0.0497289481011232 -0.0326580984255781 0.0442130836353691 0.346294911613289
-0.00123962051897019 -0.0719596537663501 0.0740347474996532 0.0789767876588955
-0.0448447843230329 -0.0654742356287914 -0.065542339668982 -0.118558426305499
-0.0470794514326679 -0.0206809660574488 -0.209820496806215 -0.149790322938224
-0.0346732536018764 -0.0194903847757415 -0.333919286026003 -0.0441798802957206
-0.0305438913849938 -0.0188179884397714 -0.308019104140047 0.111006383484317
-0.031299901814225 -0.004376743248015 -0.218382204197598 0.196129099394697
-0.0303096181392562 -0.00878363916284883 -0.132108320514347 0.227822472347922
-0.0415708865491624 -0.0204148280131246 -0.0489630690767167 0.22517605742857
-0.0341494954856796 -0.0429998647480153 0.00574588017819564 0.230986781300234
-0.0182220193968636 -0.048967706605522 0.0384099242248668 0.216407786378865
-0.00809828058288499 -0.0569139643702927 0.0849627627830699 0.229834943534346
0.000537235411959238 -0.057518542847082 0.119453557792083 0.282505824172339
0.0411704909838064 -0.0535357247448418 0.153673619077275 0.298694512016445
0.0638343907553719 -0.0201933164991068 0.197551384137348 0.304247846836802
0.102462622914513 0.0964080764668636 -0.012935543012468 0.31245926802894
0.0599659124413732 0.0551705362679063 0.0381977160018675 0.0502019820660461
0.0580372941002156 0.0265345018244027 -0.10626238441824 -0.137327955946249
0.0763457888937305 0.0205126045043528 -0.236891050547554 -0.162522231032836
0.0811798095326691 -0.0268821265920908 -0.34421402703732 -0.0507354799137677
0.0604085099336521 -0.0692835512618286 -0.314700221406452 0.0999546540169537
0.0272240688937493 -0.0857252401658621 -0.221795237615336 0.176929604384108
0.00787680002823181 -0.0871707654367496 -0.134540256916839 0.203380028842255
-0.0116340008727967 -0.110968017518752 -0.0463243246284246 0.197576528998774
0.025676817789509 -0.131852174537066 0.0172126265377285 0.199367331489494
0.0699438222266454 -0.117954544284944 0.0577472541938086 0.191252448356805
0.121945539157639 -0.0920240327275675 0.103262498775868 0.218368715188219
0.143034185497227 -0.0270243798077418 0.115253545851671 0.270039760104254
0.152693630820474 0.0476035555810267 0.139498395682316 0.258813396331807
0.15556514898704 0.118469035315957 0.177728576923328 0.245779697755857
0.139979381224797 0.216572978555687 -0.0639731888052525 0.227660162129054
0.119555214808633 0.185561195031183 0.0114663297003526 -0.01873900109635
0.168178917764006 0.121952232234575 -0.1440942361462 -0.18195202736455
0.206778348796755 0.0555283568942399 -0.264927970873138 -0.17832075103191
0.193600225642829 -0.0399275561447391 -0.336555669478858 -0.0522165046094329
0.145778346694416 -0.116034837461863 -0.291111196933398 0.0801402510701989
0.0828412463132411 -0.156436261395556 -0.199413321104313 0.135690414869489
0.0432071013919971 -0.153291438530131 -0.11787078257334 0.15063626462403
0.0174762966770195 -0.182505714673677 -0.0316919164590649 0.140799182612525
0.0753143745664437 -0.201345621750088 0.0365109976619851 0.138547902519607
0.13738776715478 -0.174289544778404 0.0904222372101556 0.142246610501451
0.223388860450136 -0.127270544934862 0.133563497560649 0.193883251959362
0.26056195650111 -0.0111260179300846 0.113770840773954 0.254936291735317
0.24599452740695 0.128074362653904 0.102307068693705 0.215960878937873
0.226233422465165 0.234062281146161 0.131819747432085 0.157894831753982
0.165841056008715 0.305063796214243 -0.107302385635965 0.100763393844743
0.17991331008589 0.289561176302615 -0.0179611267154618 -0.115183732720297
0.278128026551507 0.193547265254916 -0.176566992860835 -0.235572221593846
0.327436647070686 0.0662855186458261 -0.279763914024638 -0.192440197471265
0.28209591060853 -0.0668921911824927 -0.301386122232041 -0.0537337103821021
0.207482057288103 -0.156418351243367 -0.238638350277153 0.0467312123670476
0.121724662505587 -0.207935312842085 -0.153960792207343 0.0733417156314428
0.0708724284546197 -0.196728300029958 -0.0846752967274076 0.075982105895604
0.0468989877343316 -0.224236048851778 -0.00686822197233597 0.0637555508003548
0.117646811723913 -0.23598611203822 0.062280170515543 0.0614978351826025
0.189336381516966 -0.198255577986575 0.126500468260149 0.0785244512743002
0.291908912547687 -0.134929006666784 0.161791034857215 0.160263489699457
0.336586686270103 0.0110775853517565 0.10596827815266 0.234867936936266
0.295782264055949 0.191953593494418 0.0505364383532772 0.171766187717341
0.256805522757711 0.316947945907607 0.0703511914668952 0.0514948146047661
0.17142992590773 0.342173482979151 -0.148119675932609 -0.0445618959378977
0.220837971185334 0.342105516821356 -0.0612574906397202 -0.217110975878283
0.352647208818883 0.224529677697707 -0.198072025526208 -0.27708552929892
0.398312518368579 0.0534845810633743 -0.26884304663241 -0.199150535443421
0.322415080635174 -0.0943354775233561 -0.236055789777558 -0.0690429757026263
0.231413814518495 -0.180466208194024 -0.167673475922511 -0.00559121617439947
0.137085627255566 -0.228757098530464 -0.0954395247438977 -0.00459670521434736
0.0879201087516411 -0.209073754320191 -0.0392319373421372 -0.00795496778391356
0.0742489029564396 -0.229283883073607 0.0310573330094314 -0.0193565393430071
0.153085640539997 -0.22927812873086 0.0981784585451056 -0.0165896409275379
0.224580922993337 -0.179166837981066 0.167056267012321 0.0180365413514485
0.322038470949814 -0.102383979939041 0.185250318526125 0.12690496706455
0.357043826507643 0.0516483093171222 0.0908489508458602 0.20650870493427
0.290174078785138 0.24234066674752 -0.00304351168066624 0.122123750867162
0.2369967254904 0.359350975293192 0.0103388449903517 -0.0609606137941438
0.152297251608719 0.318840882542151 -0.184570710161998 -0.181620801779525
0.219887470615467 0.326217796140238 -0.116761815269911 -0.299509164205348
0.354714926455271 0.20743183723635 -0.204004503254577 -0.293791190722567
0.388653395581887 0.0324787024176402 -0.230337663606452 -0.198704102967411
0.300007150953764 -0.101414237834725 -0.156767730485022 -0.0978228099027019
0.212993030999138 -0.172263570317194 -0.0949075496301026 -0.0742756991416173
0.127799225150186 -0.213521459547327 -0.0374343934516979 -0.085479193279449
0.0910679004202237 -0.189287558586912 0.0106964505610895 -0.0892391684304792
0.0934657020807601 -0.200055115904715 0.0808831825031175 -0.0952385176381131
0.170619634689953 -0.184283088035821 0.148532546792352 -0.0786382399427192
0.233598741926465 -0.123455413479111 0.214986516476557 -0.0217092409712643
0.308355812272557 -0.0370028639413438 0.202927901231594 0.106473915389734
0.319028116949818 0.104435845518226 0.0764171673536571 0.174508760407921
0.23002670335929 0.269932223890906 -0.0401869148866761 0.0672489250591473
0.173090375330389 0.353823462068622 -0.0295873769972464 -0.168393644441362
0.100538541067389 0.241949298253484 -0.208930941384803 -0.283926304779578
0.167849372566473 0.254844891405978 -0.166671171741459 -0.341324524710724
0.279029306536665 0.15779261547188 -0.190763351056101 -0.290011383702072
0.297350688089249 0.0157576700230105 -0.177690334633514 -0.195909248428148
0.221255732881063 -0.0786296962777275 -0.0859560660683291 -0.135339719730914
0.161366808519393 -0.127443005422278 -0.0376716831392355 -0.142077410052443
0.103878893438785 -0.159691854442552 0.00911768241516691 -0.15570342140338
0.0801327103399253 -0.141379992215851 0.060001968898665 -0.153024292033294
0.094251080093164 -0.14383391102792 0.137523757481877 -0.150984787128155
0.156931404363842 -0.11938580764414 0.208840552051549 -0.110951453616036
0.201548954830867 -0.0583458676990688 0.265716457877648 -0.0287865984838752
0.247450243221166 0.0229064977305679 0.217032893098696 0.103527166665261
0.235282582653189 0.13581830949904 0.0709229705430495 0.143192112703566
0.138122090995627 0.257508654829414 -0.0488654415323529 0.0144543256031229
0.0865149822965538 0.299795206889722 -0.041290167143734 -0.257347261227891
0.0203698318208369 0.130194575622928 -0.211804538663946 -0.335320850731304
0.072635167100034 0.151296177390973 -0.195810882079931 -0.344368883572649
0.146586356121105 0.0957465293022999 -0.162183931164415 -0.279647617479926
0.154260321819247 0.0162716673899422 -0.130109187408683 -0.19933638085726
0.112453639707573 -0.0266717559747885 -0.042828718871098 -0.170413048903857
0.0939248719541703 -0.0522675383463045 -0.00906676824775809 -0.191731490647844
0.0701708323753935 -0.0781864148735243 0.0379558802748031 -0.19913975859391
0.0569188543000292 -0.0731985782359526 0.099044178685981 -0.191645535792795
0.0708913817549177 -0.0725364470230714 0.188128523275972 -0.179758009022351
0.104484810002197 -0.0538840500310593 0.265603880403642 -0.113342673040949
0.129500459777033 -0.0125907060418175 0.308551150767144 -0.0100532584865752
0.152644123182718 0.0416545959864916 0.227681005679042 0.113541316538234
0.134569157708906 0.119592888610714 0.0788889989243136 0.120618741459647
0.0495443027029687 0.193409954634213 -0.0329404826622144 -0.0228068575602662
0.00304864180741049 0.198500454988752 -0.0302332777148975 -0.313195105174977
0.0467702607152277 -0.0332062613294922 0.107823456488551 0.306964094453023
-0.00972712652475343 -0.0661022162184019 0.0847452370884991 0.0548704704608316
-0.0533837091132217 -0.0518626221249004 -0.0818021882705659 -0.102739536203989
-0.0504111012884772 -0.00766620860515859 -0.22332646735733 -0.105856536350249
-0.0375085702298383 -0.00520821673562503 -0.320974691606635 0.0189715237071488
-0.0300032889450398 -0.00895470919298612 -0.27062136464854 0.156069227734516
-0.0275581764004998 0.00171192389929117 -0.172690222497825 0.222135322439393
-0.0275730797587185 -0.00305820043869297 -0.0828761810696885 0.237000370708782
-0.0391527960546068 -0.0118338902033296 -0.00408937864288996 0.221363234511453
-0.0371417450159964 -0.0328950167270119 0.0507374467209682 0.215237900140061
-0.0221190995283163 -0.0410485294281605 0.0771728394664101 0.194430639363126
-0.0158597660904299 -0.048313683685489 0.120225569030978 0.196781846511565
-0.00564661254330429 -0.0500848783013171 0.16367875774357 0.238002711098732
0.0301279017618239 -0.0512238664562796 0.195119831913106 0.247078686123695
0.0598434600564619 -0.0237545742470485 0.232982635668384 0.248813985173073
0.111569641020128 0.0768498664544407 0.0513502659271976 0.293534238593104
0.0643138767062512 0.0398029531366297 0.0474721489405225 0.0407723150038788
0.0532066862404986 0.0143774255427445 -0.117866134517152 -0.105418395052701
0.0670412597530277 0.00763014833781959 -0.245091954941435 -0.104588599012604
0.0665692973776776 -0.0319650734412306 -0.324830674269098 0.0152151713209896
0.0450855016214311 -0.0703171684152191 -0.273545151944941 0.144908839535109
0.0123614003910321 -0.0816829834879389 -0.176398003719374 0.201853492998174
-0.00403240740748712 -0.0808617191805263 -0.0886871733318089 0.213868742221192
-0.0254553139525981 -0.0995277695813147 -0.00582433039357293 0.196171014545023
0.00383575445738967 -0.1250878131266 0.0563724661835904 0.184976912987576
0.0491735334238623 -0.117262675711292 0.0901006891971163 0.168943813901188
0.0993480004515458 -0.101243769012821 0.134128003558489 0.184583510457797
0.128339634996371 -0.0424556464148289 0.158898150275071 0.228946860974445
0.14923019963911 0.0225195953663128 0.173464339860356 0.214859205282672
0.16489282452984 0.089130804058237 0.203479387195868 0.200012266730109
0.160959248664838 0.181283620741734 -0.0111687310632334 0.230866101860411
0.138150613736008 0.148629337490498 0.0112716446636872 -0.0132543943548654
0.167403522659803 0.0827872067724171 -0.155328917243366 -0.131339525785632
0.189660275879125 0.0170874008824036 -0.267109773551098 -0.108281968793139
0.166581246619306 -0.0623411212455709 -0.309728328300001 0.0119876661045078
0.116338306298023 -0.127317341830654 -0.250382505837518 0.120933155624648
0.050706324557706 -0.155984907930651 -0.159482857589846 0.157099058578449
0.0189009252679349 -0.146722325739013 -0.0818935485708606 0.160719980858202
-0.0113821837520923 -0.17016199404243 -0.00194665523151161 0.141752644612759
0.038167445768245 -0.198005850707405 0.0643514813622664 0.126734653620971
0.103442276680229 -0.179025514441064 0.10971379157291 0.118067950929047
0.187436535107891 -0.150410884514427 0.156420955258594 0.157236663295703
0.238301986639154 -0.0457090865044238 0.154897886877312 0.216830484721546
0.246921814897538 0.07994386781486 0.129531434760364 0.182862156699543
0.247313045199194 0.183641566862934 0.145150041497494 0.126844805850027
0.19415496892993 0.256756247962428 -0.073414468576504 0.127599138435239
0.207611643373805 0.23318898253911 -0.0323656099861298 -0.0920971940287248
0.276258873155711 0.129723721821564 -0.188569684430975 -0.167959251209817
0.299078421947119 0.00533732615645087 -0.276819399462752 -0.113310808896129
0.242932188120479 -0.101938656657808 -0.270998889853413 0.00211833635246117
0.165797460815946 -0.174922480780814 -0.204865186302924 0.0782903049804017
0.0768329719856221 -0.208766436077806 -0.124676096646626 0.0890186778711856
0.038006479198577 -0.190701716480964 -0.0637712156418508 0.0855570530710675
0.00876098647202464 -0.212772769734966 0.00763288555420735 0.0659111117854287
0.0708919939334088 -0.237635724855497 0.0738783603021247 0.051046912078773
0.147305370838779 -0.209243749529578 0.131677252839232 0.0523096949963797
0.249613194434491 -0.169057747661456 0.175653372877135 0.121783390504106
0.309468968286381 -0.0377096593493992 0.145071627181622 0.200847958685723
0.302248420982601 0.129016836190552 0.0724759505218299 0.152186438359609
0.286073610146475 0.253953288867432 0.0699703085711276 0.0389251398093313
0.201861210538574 0.288949525066138 -0.138098150793776 0.00362983837171401
0.251252009108255 0.273070261583946 -0.0907249950008101 -0.17511658284383
0.346679945853457 0.145714213413276 -0.211687055613654 -0.198101148224438
0.36113401887208 -0.0186454250951095 -0.26206715876001 -0.119748180977996
0.274371319582341 -0.134886778819691 -0.210957984938122 -0.025554968176875
0.18354902470632 -0.2006523028752 -0.146726694626879 0.014834170063175
0.0868222911989154 -0.23065931849502 -0.0828591756050916 0.00481440733443084
0.0508899569537873 -0.204867586898088 -0.0368547450969288 -0.00144330386506213
0.0327391714068901 -0.222212517329787 0.0271391593429783 -0.0195109265181472
0.104715564706166 -0.237141905210957 0.0915034934580098 -0.0282997896509999
0.183317939353015 -0.198404813180644 0.157250363565665 -0.0116397218887386
0.283842230933499 -0.143704539709905 0.189924710065505 0.0867923761428234
0.334113377620076 -0.00306891014584273 0.126434291403721 0.178660590458974
0.303885710412987 0.175106458240537 0.0135410593670481 0.117246697477236
0.271516500223533 0.293559955518546 -0.00434138670030831 -0.0545782203835945
0.178826565791398 0.268042786726891 -0.198002499672608 -0.116378703678667
0.245819689164292 0.259780536567364 -0.157329279976507 -0.240665242826691
0.345118794518031 0.130136518373494 -0.220458469001156 -0.214301349575116
0.34957548445665 -0.03603347287977 -0.22673649424502 -0.126904051660986
0.252719042488089 -0.139863889069332 -0.143022797117206 -0.0677152683904999
0.167969736968491 -0.191833951058137 -0.0921376441570333 -0.0614744085708557
0.0812181269864679 -0.213972688883865 -0.0425538034480279 -0.0818684950901131
0.0558425839418934 -0.187477369401662 -0.00394265676801385 -0.0862442155773935
0.0540284455883247 -0.198936647883289 0.0591297213650828 -0.100361351643065
0.127826753755474 -0.199477396174394 0.126223730598191 -0.0959056090079953
0.199486267512687 -0.148514840866113 0.193879761837954 -0.0581485562059481
0.281863488340728 -0.0816803653730255 0.201709189805928 0.0634117272653674
0.305874240207816 0.0498385269207844 0.105435084511252 0.15258112013991
0.254045220038469 0.209680796031702 -0.0300065306359357 0.071346878026291
0.212017190840659 0.298092049654141 -0.0590059937550108 -0.147408281448771
0.119703565985003 0.204250218359106 -0.242466947701934 -0.209149446169571
0.185996289573536 0.203475166209023 -0.213506109700991 -0.273166675390437
0.269859164038284 0.0976191489945726 -0.212212244223072 -0.218408329731746
0.26566963335492 -0.0357241520453133 -0.182001440732203 -0.139104522145781
0.185033997274085 -0.106728100264934 -0.0885227094452699 -0.114505098251499
0.127224236798466 -0.142266167797039 -0.0528428805176331 -0.133208947830863
0.0666497183880408 -0.162029016119142 -0.012448021774624 -0.154258941764857
0.0531040418560924 -0.141753492880573 0.0293455518452783 -0.155200476288484
0.063455363004572 -0.147905430222654 0.100941965614725 -0.163498969308029
0.126067455181136 -0.136415418358732 0.17533345700105 -0.13883187318179
0.179866585279541 -0.0839870304469275 0.239594470843161 -0.0753515409417614
0.234137433249189 -0.0165385660199889 0.215622315964444 0.0565472530658143
0.233636177500829 0.0898760715244792 0.0933044299309708 0.12466079587225
0.16735875808388 0.213198056714923 -0.0470743399283156 0.0234378669995735
0.123204972841876 0.259768739036708 -0.0840995062829528 -0.228152093688149
0.0300936963306532 0.11303791753037 -0.258044432126178 -0.262403345984411
0.0840740549881364 0.12616673918306 -0.244196743582896 -0.274534921835073
0.141787068308558 0.062968273346198 -0.191660790247717 -0.219368985587365
0.138293905975816 -0.0114204707916625 -0.146574064965949 -0.155416784500162
0.095042854385474 -0.0428128007335096 -0.0626743017339282 -0.152576754993654
0.0761287509952277 -0.0631592537508164 -0.0387112063928137 -0.181390935673563
0.0492023711104399 -0.082843353635527 0.00447667333509413 -0.19879807190347
0.0406112503743247 -0.0761216261150064 0.0584721950960001 -0.197784021319265
0.053069482414532 -0.0783851179771519 0.142451888367053 -0.201982469034907
0.0887571722238873 -0.0671929167733067 0.2266155466715 -0.153712149045956
0.119310970011835 -0.0312863073441409 0.283548075297512 -0.066142793954266
0.149737495152862 0.0159592217686877 0.228497906001496 0.0635855781259983
0.139472515148855 0.0906078813792005 0.0948169669817501 0.101466039780797
0.0751563231634754 0.169148915781967 -0.0368311240532137 -0.014369550017229
0.030156485711877 0.177599611622106 -0.0815784720317555 -0.281581944652463
0.044783475657694 -0.0326970334454685 0.103971670624065 0.288924337288935
-0.00977816429316061 -0.0625503800260073 0.0811261414962696 0.0494533016271096
-0.0516766398848625 -0.0485060929899315 -0.0764908374138562 -0.0974944957987166
-0.0482082210230063 -0.00622464506403191 -0.212169832339659 -0.0985232535056216
-0.0355154896355342 -0.0039679935361757 -0.304494001344583 0.0214232499668136
-0.029487220529288 -0.00840588176807546 -0.25508099172035 0.150981988408788
-0.0256730104791365 0.000333529444176146 -0.15929645648037 0.213712941346847
-0.0259654848310888 -0.00345513172848944 -0.0747744257079371 0.227735062639021
-0.036286409097777 -0.0114990556520235 -0.00117055889487074 0.211648181101896
-0.0351634258875507 -0.0312235947726485 0.0510500922451726 0.204466214308629
-0.0214498551616943 -0.0385058879614152 0.075781756659789 0.184277370342408
-0.0149721133017889 -0.0451521455509728 0.11461083092282 0.184623999962342
-0.00464144215383112 -0.0468073055003233 0.157338785999266 0.222214631834038
0.0279454456897979 -0.0487472319985301 0.187354559166084 0.232836910223387
0.0563955537017667 -0.0218449835429611 0.223760864251429 0.236085913967666
0.107119101993726 0.0714037309914208 0.0498913122984585 0.27795953715734
0.0623036298431431 0.0371318583191537 0.0466278083572923 0.0358661069207573
0.0508057566249777 0.0121613154796145 -0.110789804953274 -0.0996067135284358
0.0634217835327122 0.00510066518044801 -0.23249415088295 -0.0980174385562402
0.0629386090547022 -0.0322883643562262 -0.307576557244781 0.0174538094739068
0.0405993576738841 -0.0679464091167178 -0.257631756647512 0.140011518781853
0.0103761567583347 -0.0791032379404316 -0.164950774558526 0.194764422700382
-0.00429849521641128 -0.0773540896186049 -0.0812792278435981 0.206503822519351
-0.0246596469510842 -0.0942145768679291 -0.00351407455878772 0.18742475098462
0.00253750921791782 -0.11897782237933 0.0556283629523745 0.175890438913961
0.0447904833889674 -0.112116810135222 0.0871332648139507 0.159727990326979
0.0920108432206993 -0.0969568429856805 0.128607101701044 0.172632693216507
0.122198717041785 -0.0431346717792178 0.152683504348943 0.214220544751655
0.141590045673746 0.0193639146301436 0.166866479016286 0.202219721194965
0.156494195965144 0.0828186534613127 0.195104619747799 0.189135808020222
0.155105901892862 0.170237506575748 -0.00846792503015194 0.219748004469911
0.134141856953945 0.139778223607763 0.0111902138076382 -0.0131913128680448
0.159767675795152 0.074627277527144 -0.145794394678901 -0.123847545667552
0.180195450025293 0.0113771846113286 -0.253350154400753 -0.100412572348689
0.15734012369488 -0.0640052452229425 -0.293420147907726 0.0148362308716848
0.107184257952535 -0.123447181931117 -0.235354502491322 0.116042638015397
0.045491834606424 -0.14951923052357 -0.150270299848443 0.151204996971116
0.0168844462588181 -0.140618098395452 -0.0761985224190385 0.155294759991087
-0.0117603080125067 -0.160502323809466 -0.000150064045262853 0.134986114112631
0.0332468088835438 -0.18848487254814 0.0614257332829774 0.121276330470981
0.0955083240441156 -0.172350567172266 0.105578104496416 0.111676683906114
0.175306231204658 -0.144807077204417 0.149754185848183 0.146785975529797
0.2268768874809 -0.0481571097211697 0.149225977192338 0.203447056455699
0.234815686201504 0.0717383842905365 0.12558900094268 0.172669508144194
0.235409864305024 0.1704351303213 0.13959974390334 0.120358334788506
0.18765232549309 0.241018349945542 -0.0685696989105557 0.123334712751871
0.200090023481701 0.219490829558566 -0.0302567195872201 -0.0868421557169361
0.263625290075487 0.117273821720129 -0.177521176893414 -0.15747873423846
0.283708263549491 -0.00204200421522017 -0.262724712770416 -0.104812846496927
0.229141750990737 -0.102668986191443 -0.256558481841144 0.00399855801166283
0.154510067229628 -0.169735339802233 -0.191459746254503 0.0757583236710596
0.0697309866930888 -0.199584337921825 -0.119096785584923 0.0857563307450129
0.0341379369286958 -0.182377228464878 -0.0600990865348405 0.0827347281363852
0.00583660346241129 -0.200675013129131 0.00796300522167604 0.0625273543475454
0.0637130772754316 -0.226584705972173 0.069891766551112 0.0490303614794771
0.137107803808745 -0.202173013163221 0.125350423579289 0.0496023261563505
0.233902262336258 -0.164005749181603 0.168108408326578 0.112088042663428
0.294079690425091 -0.0421772501899851 0.139555767285916 0.188739619537335
0.288239457107118 0.117118223356169 0.0720461473209385 0.144312138624416
0.272452008181732 0.234723531244188 0.0671038292511978 0.0381994784778219
0.195680582642687 0.271120579729488 -0.130657670220959 0.00612618935459083
0.241445164374242 0.256593806418871 -0.085772700731845 -0.1645826028985
0.330027008541707 0.130201258796567 -0.20028632522117 -0.185618965250263
0.343081930684222 -0.0250890918191032 -0.249290698345157 -0.111230829607074
0.258900034100981 -0.134535476505148 -0.199827068249298 -0.0231299430524771
0.17113445979383 -0.194522180605143 -0.137929432701194 0.0138725363277193
0.0785119862670696 -0.219400603198057 -0.0813381110931423 0.00473293789555802
0.0461251924574393 -0.195653031772481 -0.0356592111191604 -0.00166959571673717
0.0277259119477567 -0.209323516524001 0.0255206357285295 -0.0190825651197869
0.0955772067581054 -0.226835574312742 0.0859153508234568 -0.0266867375325336
0.171059483411103 -0.191957138933182 0.148804614540392 -0.0110109958616325
0.266821024719385 -0.14037445765378 0.181213783456439 0.0786627994217515
0.316961073184183 -0.00932794247845928 0.121803757911993 0.168893110740254
0.28999511007541 0.161227480554856 0.0156419830456159 0.112065951493656
0.260505791979618 0.272818132685254 -0.00427456736152322 -0.0498570859308161
0.17317671131177 0.252023619440879 -0.188841335187152 -0.108412033157462
0.23653046400356 0.242838915111088 -0.149594089246494 -0.224841318944531
0.329355165917453 0.116020587151668 -0.20925568904217 -0.200262246478145
0.331619125591372 -0.0412408959657135 -0.215280831987701 -0.11846630670016
0.238798554266014 -0.138372771164001 -0.135807902164053 -0.0632918153104015
0.155917816346109 -0.185100954048492 -0.0873388392050324 -0.0591795802232528
0.0734825494532444 -0.204254285914344 -0.0448597571986533 -0.0784833008749004
0.0509526736178227 -0.178098928368376 -0.00644192002061771 -0.0828352792794058
0.0487043640536663 -0.187905397622224 0.0550506177695916 -0.0964296371605079
0.118436072311726 -0.191222630907744 0.118076388996662 -0.0912303207819541
0.186803211644443 -0.145142329777108 0.182542556187408 -0.0555458831662492
0.265887568243866 -0.0818357206359402 0.193237421258293 0.0561661115127126
0.290788035352928 0.0413396795596073 0.102129590888152 0.144691116834932
0.242084926211036 0.195209475973264 -0.0257821804456003 0.0698581580834843
0.20360090015183 0.276408337354724 -0.0574793892962915 -0.137299922168804
0.116160826111694 0.192115438692288 -0.230997175019554 -0.196315422415544
0.179009232217282 0.189999626100724 -0.202598718499879 -0.254477681197217
0.256902518933527 0.0875056161579398 -0.201164677845523 -0.203455057989449
0.25227317083243 -0.0391456669424919 -0.17302991510297 -0.129920947580347
0.175423329556969 -0.105513182495134 -0.0847914758821529 -0.109259315536835
0.118561370685093 -0.137853835956586 -0.0520042295589394 -0.127541666112203
0.0611069231821517 -0.154413628073664 -0.0171116604262095 -0.147951318212811
0.0482734784008825 -0.134978191167249 0.0239936563115268 -0.149654784005721
0.0583713435667365 -0.139893177297574 0.0934425278195623 -0.157205568080812
0.116994588660403 -0.130876629619223 0.164405266096623 -0.132682264137633
0.16926331966625 -0.0834836690692487 0.225573427107855 -0.0729305517415818
0.221252133831567 -0.0190731480476808 0.205321770028977 0.0507598817992779
0.222594572654118 0.0815680940873543 0.0894572503829823 0.118464232270544
0.160241484228005 0.199611811862289 -0.0425035207457085 0.0239901868420947
0.119200609878513 0.241389404924296 -0.0818367974632066 -0.213968544015569
0.0305421783588404 0.106491825292308 -0.247207856566371 -0.247646995943782
0.0814442156022851 0.117433377042627 -0.232102088717414 -0.255493393876418
0.135788236173915 0.0566838346081949 -0.183431240998876 -0.205292470311638
0.131754984426135 -0.0137455745100328 -0.139669128551287 -0.145399114424419
0.090339831407256 -0.0430150292611959 -0.060635343771697 -0.145908320283735
0.0717751554675773 -0.061229943963243 -0.0389187139999305 -0.172833921189897
0.0457084836414786 -0.0780305693680527 -0.00067792748259201 -0.190113754743927
0.0377023007155829 -0.0718269505532087 0.0519455401838803 -0.191054539220242
0.0492112575579316 -0.0745221070046415 0.132241333112618 -0.193857589576831
0.0827783375659666 -0.0640574905080312 0.212910428947967 -0.148685348524201
0.112858523742412 -0.0327203769250413 0.266547969015295 -0.066020776501776
0.141250355129807 0.0137132471868737 0.217941009801404 0.0575020263761281
0.132461093058787 0.0835138287774053 0.0910262718507294 0.0965606500765846
0.0735297864510291 0.159114813321528 -0.0341377293632936 -0.0117053127010051
0.0317472577686448 0.164785491946043 -0.0803253347837298 -0.265329273383221
0.0441170610496763 -0.0331636511021435 0.0993781295272837 0.285057372060532
-0.0081570932949671 -0.0618675842920617 0.0798017134875952 0.0473630314803195
-0.0506704553333019 -0.0476899329604612 -0.0719626004870218 -0.0980904533206174
-0.0476442798030111 -0.00713667858683824 -0.207093254817342 -0.0990459073380513
-0.0351211600256933 -0.0040014730473857 -0.300498856674103 0.0185883903774446
-0.0298251177122434 -0.00815461698208921 -0.252086946677693 0.146292740049586
-0.0251902665058482 -0.00111060171648505 -0.157732951416108 0.208929912005857
-0.0250674144615046 -0.00429304704227436 -0.0738976064072451 0.225826387042685
-0.0343571714503584 -0.0120072812376614 -0.00195056001901162 0.209983830451124
-0.0341747433233206 -0.0311416210803524 0.0488764421450083 0.202448056158011
-0.0214915725599176 -0.0377126720606024 0.0730807149896234 0.182014277744608
-0.0145160756509048 -0.0440352995649886 0.109970407967702 0.181823624516096
-0.00308972510157993 -0.0471255466056084 0.151902208864412 0.218661009089248
0.0280597659859555 -0.0472179699122733 0.18184637764821 0.22979607605241
0.0551944799682695 -0.0197409825816255 0.217709652226138 0.235257548511885
0.104620805280165 0.0698422577683953 0.0461566417404396 0.274191133478324
0.0615260197012144 0.0372866439288713 0.0454495025254155 0.0346594092608172
0.0497566993206316 0.0109296908708869 -0.105461753928064 -0.0997579810650591
0.061898837721861 0.00375362443765651 -0.226854018421653 -0.098581501834508
0.0617209131562162 -0.0324424457407692 -0.303410934896351 0.0144099502977973
0.0391904660054203 -0.0669393148746121 -0.254533969843226 0.135455017841264
0.0102763012204687 -0.0786045960577581 -0.163171047372171 0.190295271410624
-0.00316179280751183 -0.0774956771542526 -0.0804822347303878 0.204551416106734
-0.0225579742628121 -0.0926593517856816 -0.00385624897192801 0.186015378573123
0.00314871323454949 -0.117314874742005 0.0532433470872242 0.174776848675049
0.0444982010645255 -0.110280082753134 0.0845822803178655 0.158573279811661
0.0915695052514964 -0.0944124175254036 0.123974840301059 0.169292937494679
0.121480963048106 -0.0427520880711956 0.148759063294034 0.210612456086477
0.138755906476135 0.0205582760487022 0.163130672990638 0.199860454201865
0.152576910468949 0.0831647034219301 0.19077152699337 0.189436557283299
0.151122966859367 0.166952581955767 -0.00991606889381148 0.217062177708575
0.131285073399174 0.139123699302505 0.0120797960941884 -0.014233225421344
0.156617601927439 0.072347403105258 -0.139889225407595 -0.122788331046212
0.17633122612983 0.0092493199678243 -0.247663245450662 -0.101807842689523
0.15424029742759 -0.0645399479374884 -0.288601243156027 0.0117589791522793
0.104758200715997 -0.1223133914639 -0.231849411000697 0.111016357064969
0.0452817027936923 -0.14726500128899 -0.148686411083806 0.14789610903933
0.0176133806523508 -0.139047050815895 -0.0757300978613091 0.153507487867469
-0.00967543029340932 -0.157253109358823 -0.00106676359440529 0.13359430207879
0.0340095109760477 -0.185576512687282 0.0598603269431172 0.120801083928651
0.0942145277874828 -0.169933318451676 0.103370522344213 0.111991916386134
0.172751617218404 -0.141142143684109 0.146139503741568 0.143476797798407
0.223268852104671 -0.0474403991158278 0.145701638345893 0.200339316525993
0.229533052880886 0.0720313596684681 0.12334524748883 0.171190430916302
0.228848512044188 0.167900676415797 0.136577150677246 0.121173837087933
0.183113826482922 0.238270062208209 -0.0672773486291357 0.121878724021772
0.196305365178691 0.217136738766003 -0.0274640318816294 -0.0854290923838601
0.258827888167725 0.114253966558657 -0.170178493283628 -0.155457484720234
0.278929503501666 -0.00213486549258944 -0.256056336975067 -0.106215037439129
0.225602843878902 -0.102739850800178 -0.252663150510087 0.00141200780046854
0.150632350775683 -0.167427577014828 -0.188878317345215 0.0706534716811186
0.0685247394548485 -0.196591106564773 -0.119697214981666 0.0831951666089435
0.0350420714466678 -0.1801224566975 -0.0600613613351573 0.0816566458994792
0.007910193889699 -0.196131151094481 0.00691430479283162 0.0618397629613903
0.063827467664304 -0.222633324211059 0.0678576095833741 0.0499865207443145
0.134802956804118 -0.199264955459658 0.123026203671379 0.051386157660893
0.230614012993608 -0.160021613525291 0.164372164293989 0.109332661746224
0.289528373459454 -0.0417225621495424 0.135929631175199 0.18654757626007
0.281468570395163 0.116082299537052 0.0703054776202254 0.143673868840597
0.265703263547732 0.230558518758135 0.0658179313238146 0.0402772944530903
0.190816614746087 0.267011054878939 -0.127144493148344 0.0057948281713315
0.236313881611234 0.253411637099864 -0.0805171620369467 -0.161202056528369
0.323099199487758 0.127762261465418 -0.192279766036869 -0.183559083850149
0.336315212804764 -0.0249881021535074 -0.242460647101426 -0.111767603579082
0.255482253220329 -0.133595285206249 -0.196154136747753 -0.025237647663428
0.168117069095486 -0.192205883628408 -0.135511779909807 0.0107255475175898
0.0779854618802218 -0.215308700333101 -0.0820973241075919 0.00361659849935733
0.0467255688126446 -0.192340838830536 -0.0366439943543609 -0.00170073809913973
0.0295306592197319 -0.204677249984829 0.0245617419522664 -0.0190159285853901
0.0947028117638759 -0.222579810916677 0.08410819027426 -0.0244576993950368
0.168353568863343 -0.18958246263616 0.1459267896298 -0.0083328235253632
0.26270685315579 -0.136769463718452 0.177852421782276 0.0765772923122184
0.311620943851122 -0.0101723640942578 0.118792808357889 0.167488734994984
0.282950675738268 0.15975823508268 0.0164351202396762 0.110929269341084
0.253512949000316 0.266629950510235 -0.00337563242529636 -0.0474126725424946
0.169088802679707 0.247996087062903 -0.183760738079343 -0.107495218587208
0.231197737389022 0.239664003484546 -0.142168653850309 -0.22122187890156
0.322805176488151 0.113512077944565 -0.201931364951937 -0.19686071233265
0.32575456359751 -0.0416596845534819 -0.209506940184971 -0.118100655104417
0.234958054104277 -0.136845093607105 -0.133154533681763 -0.0654877033561855
0.154151985372985 -0.183178070637236 -0.0855224032671444 -0.0613314792776318
0.0737121845869752 -0.199941301847461 -0.046945230848287 -0.0782305252955536
0.0515301184155798 -0.176014440089117 -0.00795901072127566 -0.0825201814716368
0.0499248735975331 -0.183095254737578 0.0539939185945116 -0.0957340845736581
0.116962258456412 -0.186845426055708 0.116005981020488 -0.088165121592416
0.183675434816081 -0.143511045608869 0.179206112375172 -0.0519848371548119
0.261293607585398 -0.0791355756108887 0.189459973766843 0.0556800859207562
0.285308193777608 0.0398139767747955 0.100220723412481 0.144274928799734
0.235714589543342 0.192842904490548 -0.0247737597196449 0.0701085654972212
0.196954520628868 0.270246619623622 -0.0551058559658588 -0.133971114846094
0.113112383073013 0.188693276526801 -0.224635159130555 -0.196295819208041
0.17522477425133 0.187386806008629 -0.194144902624084 -0.250317810058958
0.251989239040923 0.0853730922990198 -0.195064920739336 -0.200737437727048
0.24832133122463 -0.0393651020150477 -0.167871260271102 -0.129180562604803
0.17299979381453 -0.104453878274735 -0.081840061266555 -0.10963767383421
0.116955316740765 -0.136028058569204 -0.0501125154388559 -0.127546373542145
0.0609987218828586 -0.150510461993783 -0.0191439787426717 -0.146429498485363
0.0488829329447199 -0.132195521493691 0.0226517823005403 -0.148303376736704
0.0584134750708079 -0.136740334046666 0.0923474313239894 -0.155324311785248
0.115628786374734 -0.128000239033009 0.162433236970693 -0.129144452551987
0.16636575806284 -0.0823809227742885 0.221162725055781 -0.0690388842604577
0.21732359086448 -0.018117596253421 0.201672767320057 0.0504805218560446
0.217158916453441 0.0795220857519303 0.0881640965261741 0.11800752291502
0.15590846266104 0.196575396735534 -0.0407008667488726 0.0247217263711465
0.115143054001832 0.235337735840775 -0.0789962109701335 -0.209676249692402
0.0298779022795043 0.103806093059624 -0.24060969300814 -0.247000952518017
0.079328289173548 0.115109111031244 -0.222631615633189 -0.251480397703003
0.132766437119842 0.0556984817837854 -0.176706985761284 -0.201567660667927
0.13038895911749 -0.0144188239138925 -0.135005120888872 -0.144272215608746
0.0899854701822794 -0.0426062148809765 -0.0570102923685993 -0.145125025511174
0.0712080600503646 -0.0606442792103628 -0.0374696155699262 -0.171613067839241
0.0447001057271291 -0.0755773002881078 -0.00274947280612827 -0.189128797421664
0.037194516993582 -0.0700291537445468 0.0492219502398535 -0.189617650112443
0.0485947000074568 -0.072369985312799 0.130591986590882 -0.190370195214739
0.0812113566561233 -0.0619295020881728 0.211026929717111 -0.145424036486515
0.110607759129588 -0.031843356427867 0.261988677986688 -0.0627128488506339
0.138602875554908 0.0133076356726555 0.213042436697999 0.0584047885244719
0.12942885690397 0.0820098400455863 0.0885704177357199 0.0963245574502304
0.0709732743951884 0.156192246485959 -0.0325200401462027 -0.0108729480261936
0.0303909583658177 0.159875246166481 -0.0769805982641058 -0.259997525368967
0.0445937235602134 -0.0349385141057622 0.100495750960263 0.289998166985489
-0.00824394357327137 -0.0635449274937875 0.081689929530404 0.046048361148188
-0.0520058456743312 -0.0486063830135358 -0.0713370352301329 -0.10165209511719
-0.0483479815523687 -0.00754459533165872 -0.209713201965222 -0.102230454561627
-0.0354454250225101 -0.00429075532829683 -0.307283729810784 0.0207524900555823
-0.0308144281601877 -0.0081365488250151 -0.257422817825802 0.149993701025694
-0.0262306865617683 -0.00251057199285852 -0.158554466539108 0.214208765933429
-0.0246078079059608 -0.00532626678420101 -0.073136303775511 0.233027580761099
-0.034175156412482 -0.0134929664344268 -0.00134039089121579 0.216782588655396
-0.0340077571806318 -0.0322668948364862 0.0518493593800561 0.208062851288652
-0.0218213846035498 -0.0374437325962505 0.0748046443052227 0.185777114349552
-0.0148123080762254 -0.0446268440458659 0.110905212371462 0.185600220566169
-0.00249014516867615 -0.0483816749660205 0.154159660954169 0.221399264641766
0.0291223068484504 -0.047116858555537 0.185538252998252 0.233971997943972
0.0562248592291968 -0.018422361502481 0.223211446956761 0.242229579793659
0.105883715227889 0.0704014462035703 0.0472676197498098 0.280208111544162
0.0641147759073485 0.0380906568386035 0.0469458614386387 0.0336234182930964
0.0507856987769311 0.0108302344851916 -0.10507630636381 -0.102929826754249
0.0627621055129029 0.0022720656984303 -0.230170592978199 -0.101189173276339
0.0631246944369001 -0.034951275093516 -0.309968104006978 0.0153518561226461
0.038654494741901 -0.0685732742029916 -0.259146711514274 0.137395935034184
0.0101936570920663 -0.0815598835979194 -0.165679753155715 0.195022537924493
-0.00311748706628989 -0.0801955794156637 -0.0801748386776621 0.211096558396286
-0.0224692845773197 -0.0949464430527621 -0.00322826428013221 0.19235202816484
0.00301019479996695 -0.120526734646973 0.0548760621659854 0.179598352266014
0.0450837776583683 -0.112831889332985 0.0859597463564595 0.162531759667061
0.0929615675199796 -0.0967888387607767 0.125391791983025 0.171580867509436
0.124182209897426 -0.0454340846801363 0.151362488014935 0.214080801043798
0.140946567498305 0.0205183107743518 0.165704219723061 0.203441652850022
0.15591771834411 0.0851308491493534 0.195366593390005 0.195284763815171
0.153720013438841 0.169389478153565 -0.00882464731226091 0.22250592573353
0.135649475298472 0.141462801855133 0.0131928360997092 -0.0152431626594127
0.160046690657185 0.0718205838226754 -0.140022521751884 -0.126340398033319
0.180107019267077 0.00719175975047672 -0.251398467732089 -0.103993732086923
0.157705893055469 -0.0682086647758075 -0.295320721404573 0.0122273680378633
0.105325888345678 -0.126018797665246 -0.236628277811588 0.112468947167778
0.0451141364740175 -0.151314163761395 -0.152820851827103 0.150729542475629
0.0177211196986757 -0.143014565026813 -0.0763837662552818 0.158867798358702
-0.00927064312326242 -0.160515844036708 -0.000784615973331182 0.137557449242867
0.0335855689867917 -0.190018087568269 0.0611578547256727 0.124304674701145
0.095347898397586 -0.173884125961817 0.105837654639546 0.115047598216575
0.176404734599489 -0.144396884584154 0.147795083322372 0.145107160880047
0.228101582401271 -0.050992722872447 0.149061267918333 0.203546948034867
0.233850931884236 0.0723200848965666 0.126602016208995 0.174288636916397
0.232922802874132 0.170682637789445 0.140318556796368 0.125202954950608
0.186492169949123 0.241786280368911 -0.0670703956703492 0.125438393447374
0.202363907099919 0.221462147979654 -0.026534876945897 -0.0874150685581838
0.264129884877593 0.11323355899245 -0.171279070894755 -0.159016795386705
0.283409048856014 -0.00621828127542951 -0.259835897428445 -0.108455441075535
0.229490877933873 -0.108979467482939 -0.258516624677202 0.00102713474608752
0.152033175373303 -0.172651316307323 -0.192452047399011 0.0705562839723747
0.0692041141081837 -0.201225760580631 -0.123878711635808 0.0855791017157973
0.0347651386360128 -0.184839470019181 -0.061789324588356 0.0844991826257556
0.00774824558402147 -0.200058168283579 0.0071325715265652 0.0640070791810714
0.0641491937811342 -0.227704118266726 0.0694563170188008 0.0522987851807264
0.136554641067808 -0.20444880174755 0.125102510460054 0.0538366506337549
0.234638151748544 -0.164020456027196 0.167457851728989 0.109448143847081
0.295236859254073 -0.0456608651208137 0.140096830754263 0.189562459648819
0.286654212360589 0.11771384063054 0.0734526596763316 0.146151259600046
0.270075304088121 0.232665019648728 0.0679428369862026 0.0426529893499654
0.195019863244871 0.271121031467417 -0.128076357409215 0.00615917172044699
0.243031307092407 0.258141587184478 -0.0798448232187841 -0.164328212205942
0.329168147706231 0.126551199032142 -0.193287888559184 -0.186474025679744
0.342469168732485 -0.0300604405677665 -0.245916104685596 -0.113984625860127
0.258854566424999 -0.140393872079518 -0.20046773375315 -0.0265278753959849
0.169413640773218 -0.198424734405687 -0.138281146880189 0.00897343472370584
0.0786085139483466 -0.21996160542917 -0.0869514337337244 0.00342461862444635
0.047036365083732 -0.196783952453082 -0.039313080527665 -0.000869134026393855
0.0305607347055129 -0.208628628802174 0.0243599677731806 -0.019130976902551
0.0953685710505805 -0.227544252972376 0.0858978632114965 -0.0240046429675871
0.170048653743029 -0.194597952380254 0.149030129616728 -0.00716405960679963
0.267577588624837 -0.140787343478604 0.181198913887701 0.0763921833066592
0.316966565263541 -0.0146579320124357 0.122907902862642 0.171322347856561
0.288790002260028 0.161626869599165 0.0187407762868244 0.113751034301412
0.257265622021629 0.268882622585487 -0.00331521835671945 -0.0464354244208037
0.172925685789716 0.251505775958947 -0.18497587896907 -0.109707334293777
0.236493979471801 0.242840933514886 -0.141565290564309 -0.224563262940811
0.328922716166381 0.113318432175457 -0.202493033333719 -0.20051684710356
0.331788619904429 -0.0461331321327709 -0.21222897834115 -0.12071402735669
0.239368310906367 -0.143395736206967 -0.135412575267352 -0.0675914585507157
0.154899821302691 -0.18862918278435 -0.087566340291748 -0.0645803982262026
0.0743048535170742 -0.203683927784952 -0.0513317089530171 -0.079839749497005
0.0519964774252937 -0.179312809457704 -0.0109051974970159 -0.0838547257964629
0.0509343316573489 -0.186382156435715 0.0532673836147296 -0.0979120141165791
0.117793602670862 -0.191407014510505 0.118356819021894 -0.0891542998380363
0.186478360749338 -0.148034188381838 0.18245741402021 -0.0519373542359598
0.26632712385477 -0.0825241171033871 0.192718591496602 0.0552194127274376
0.290604394408285 0.0379845374744704 0.103299494833012 0.147112550862789
0.240729449454716 0.195921867863847 -0.0234036333768728 0.0724025696033598
0.201903906811602 0.272605375072738 -0.0564794618858163 -0.134789615600145
0.116217319944442 0.191493170675604 -0.22791157423712 -0.201150112499675
0.178994760062534 0.18979900800118 -0.194082881505531 -0.254945312263694
0.256083563955161 0.0846221659106222 -0.196695181552902 -0.203916917191244
0.253027093579738 -0.0436428284928185 -0.169972790983311 -0.130987979970033
0.176405927363106 -0.108908224346508 -0.0834156488606929 -0.113708967043916
0.118009001245755 -0.140403843999519 -0.0517934021534107 -0.1324556792427
0.0615682807582196 -0.152971500379041 -0.0234013711654693 -0.150847408798146
0.0492601102666729 -0.135212556882471 0.0197478911429476 -0.152472492200397
0.0591060155645433 -0.138268803504819 0.0921949428159308 -0.15908751127536
0.116955994102052 -0.13098852882533 0.164966750016743 -0.132107290490268
0.168747962456855 -0.0859206511832082 0.225271870310839 -0.0699412402983335
0.222049188074065 -0.0199891661846107 0.205573029696039 0.0503159790981044
0.221237791551944 0.0792548009965096 0.0907358860005651 0.121703182906939
0.158963450894922 0.200432072339185 -0.0400977993079076 0.0262172416301738
0.117960523549288 0.237043115738747 -0.0804653532792078 -0.212087179688361
0.030998626031549 0.105045396375018 -0.244552039435102 -0.253833440014858
0.081771110795344 0.11642685788535 -0.22364628083402 -0.25573908025028
0.135073329623091 0.0550348768657228 -0.179156628338131 -0.20493678514643
0.133474748253718 -0.0163746676181089 -0.136773041714694 -0.147643303716244
0.0919370631935193 -0.04501939336292 -0.0582821303681616 -0.150883041351421
0.0718736056670385 -0.0629254331829226 -0.0388510087377122 -0.177594766836617
0.0452848401916011 -0.0768134510502628 -0.00595157779721867 -0.194306519339047
0.0375145841363976 -0.0705297314690401 0.0472756943450782 -0.195657225763017
0.0492637939615843 -0.0735238934507279 0.131533051017742 -0.195929413082669
0.0826258846707714 -0.0630921392871109 0.214617559272445 -0.148207709416242
0.112691527352397 -0.0336662313797425 0.266242674918695 -0.0634026189077721
0.141059237247648 0.0130117700335251 0.217578312339828 0.0591510027804977
0.130875968603562 0.0829791445221061 0.0911264273923445 0.0995264861067621
0.0725047723668722 0.159389995295081 -0.0322045396942298 -0.00946425417725304
0.0316768297257044 0.160493861051447 -0.079013995648496 -0.263979071292829
0.0439039828097766 -0.0387892972943546 0.114836419630505 0.298304754504342
-0.0105506017327652 -0.0655615410851165 0.0866864831386494 0.0426869720210082
-0.0557096361408847 -0.0485350017534535 -0.0769731731571222 -0.106153450760971
-0.0509952855796004 -0.00651344320705915 -0.220995520555774 -0.100198037878114
-0.0372530504187465 -0.00363816941665792 -0.320187262144854 0.0323390858746763
-0.0330034510230658 -0.00671216298197576 -0.263580834798301 0.165374933756448
-0.0275450652835694 -0.00346777395425248 -0.156048020367757 0.228759723530917
-0.0256081117775808 -0.00585470336396584 -0.0648153526969933 0.247223469736628
-0.0358937341493128 -0.0139873818248316 0.00813221721600458 0.228346414154957
-0.036526861588775 -0.0324135361443725 0.062681803200296 0.21564652898244
-0.0238126622592125 -0.0377358653178232 0.0841588103991932 0.190982954309972
-0.0172300858010395 -0.0468471146291008 0.120371431409163 0.190158871986595
-0.00406828578014938 -0.0513280050367777 0.167373278742411 0.223865717318799
0.0291265293955619 -0.0491120515917456 0.199294683266471 0.236050052835106
0.058407374560634 -0.0201129036805604 0.241232306158235 0.246006876622757
0.111891475252419 0.0684359984656575 0.0609221804341053 0.29078023324502
0.0689852723308018 0.037342915047663 0.0505217132726612 0.0311132984443283
0.0533845817724788 0.00847491954321374 -0.110453667850366 -0.105398134159251
0.0652253156373708 -0.0011749906328922 -0.242816467113443 -0.0979177321451636
0.0642972642930875 -0.0406021123466794 -0.323204102626379 0.0285299119392309
0.036653970956676 -0.0737182882032803 -0.264869373220661 0.15254488101529
0.00686328575093554 -0.0865192079845622 -0.165115143681132 0.209734807022299
-0.00592754938151988 -0.0850310509018863 -0.0742043425516031 0.224956621710243
-0.0260968428494367 -0.0988456773937916 0.00454029367342266 0.202556239246167
-0.0013251162247032 -0.126332315488868 0.0647130459871046 0.186442422568831
0.0422847256732944 -0.11891109184632 0.0953146930302951 0.166887465128187
0.0933933723345431 -0.103790540914134 0.135506500241279 0.174539506987501
0.12834122710308 -0.0532380092395409 0.165010708859842 0.215830139211058
0.148006078019658 0.0170324780532458 0.17971484886098 0.204977777125044
0.165503720917233 0.083094442907367 0.210982486277363 0.197621669960075
0.165732742731458 0.169901565636251 0.000378564021145128 0.232253287668099
0.147746609753171 0.142489143955228 0.0142982394451812 -0.0174517391731763
0.168900404562152 0.0671432862690939 -0.147550280875363 -0.128124650320441
0.186832102411539 -0.00159554535913139 -0.264428175079949 -0.100066316716283
0.160347192157422 -0.0801044874236675 -0.308406954978899 0.023131671188582
0.103500954007912 -0.135489373853536 -0.242690392766953 0.125184671472593
0.0407928879022443 -0.160073292759639 -0.154807267042814 0.163851055442569
0.0134372213693923 -0.151213933030193 -0.0720535336149653 0.170566819879771
-0.0148304860985893 -0.166960452555371 0.00488546689204203 0.145744639373632
0.0278900563183884 -0.199826868012458 0.0687294205440641 0.128929038953014
0.091926063373206 -0.184801999769448 0.114161576447114 0.117878947878061
0.178043560516457 -0.157081017316477 0.158089974577043 0.144301607771439
0.235434659648682 -0.0639893341176447 0.163103863412246 0.205718305574475
0.245637324475566 0.0675734248215294 0.139126790811524 0.176555135303408
0.248107506660494 0.168032498906246 0.151370210594748 0.127427974717142
0.202494879815376 0.243580924649748 -0.063169882611897 0.132513878237128
0.220137501049354 0.222613641109208 -0.0286008200983438 -0.0911660696749864
0.277669328608364 0.106408551535389 -0.180060971492302 -0.160326148500169
0.293887544297684 -0.0199515469147251 -0.273155510300481 -0.104320997662053
0.233357472036066 -0.125690116635898 -0.269951747721745 0.0100672363515237
0.149772798290437 -0.187293884907711 -0.198356977822895 0.0788750511658943
0.0639972511621785 -0.212000030346275 -0.127706154627644 0.0941223242965277
0.0295081365331353 -0.194955538605643 -0.0611916216856087 0.0921374730837901
0.00183959233307688 -0.208185625376559 0.00994134581134099 0.0672014928887531
0.0571808959173348 -0.240596821815091 0.0747574846241492 0.053851163911731
0.133134196656108 -0.21923904678196 0.132832226891039 0.0532069237833155
0.23853991215891 -0.180118641283719 0.177414116182661 0.106527902840878
0.305035808764409 -0.0614502051131388 0.153451304035082 0.192170143250167
0.302387294490711 0.112524451332521 0.0837014878928733 0.149426471485079
0.289269630601524 0.231847470762411 0.072818908112489 0.0436809882811268
0.213251726143211 0.273987661388686 -0.130341960222036 0.010778622943682
0.264007447723608 0.259181486672681 -0.0862899946104375 -0.168842992305217
0.347298511997408 0.117541571062555 -0.204257256079544 -0.187506205557453
0.354348202325248 -0.0480233461813437 -0.259236060299382 -0.110581020695491
0.263526168207799 -0.159118007535982 -0.21031737597397 -0.0216856502983452
0.166816227004495 -0.214207667567964 -0.144260657689945 0.0121738658442299
0.0738551755636777 -0.232456927632101 -0.0937215086655791 0.00744197554872919
0.0413151904656883 -0.208060031982619 -0.0425582758695084 0.00182663633278668
0.0247216718802458 -0.217228818758346 0.0241654152400348 -0.0204715186475416
0.0896361314443186 -0.240746850867109 0.0890823919402134 -0.0260002666459385
0.168878942500756 -0.210517749568587 0.154340287159038 -0.0115020371537287
0.273563842270115 -0.157756044496294 0.190058399930448 0.0712352081829324
0.329184747421024 -0.0285923073467863 0.13580648376015 0.172976624108965
0.305971820296753 0.158035310444324 0.0257066621683192 0.117869695883023
0.277566956104164 0.268750395522679 -0.00453482029932564 -0.0466223714457003
0.189381452888178 0.255026792302949 -0.194106161765451 -0.109539123363761
0.256071432520912 0.243937341366136 -0.151507134696339 -0.228949190632406
0.345241621845838 0.103912196313658 -0.214322872047922 -0.200849891549098
0.342760399035633 -0.0637026575159706 -0.224118817856382 -0.118544248058434
0.243175065133996 -0.160572527693114 -0.144255896930582 -0.0672270892709374
0.15255771592992 -0.203165059760113 -0.0938952660972202 -0.0661457492021015
0.0702811758582343 -0.215189965887183 -0.0601567638313896 -0.0813481334259828
0.0472558426920496 -0.188896745794978 -0.0169569782999517 -0.0865632237978403
0.0466634477019781 -0.19532055720982 0.0511290575711261 -0.103790364051023
0.114806535944023 -0.204256049148756 0.120364841335145 -0.0962623353215583
0.187203657215587 -0.162717131620083 0.187335756307719 -0.0591780154025999
0.274856679722842 -0.0969215187948389 0.202322322223161 0.0488702877795414
0.302712209379122 0.0258998449963301 0.113999071431399 0.150166382126188
0.257708061614131 0.194317446422301 -0.0198857653580402 0.0765578004936579
0.219826796557861 0.273818333806185 -0.0633191868479129 -0.137233273960397
0.128663557758578 0.194440985301238 -0.242324031488025 -0.203658780310257
0.194088345556631 0.190003820092555 -0.207481393546184 -0.258065922639611
0.269280495301676 0.0763279636507846 -0.20896869285775 -0.204547740014736
0.261747508177232 -0.0570766687264912 -0.180673951927825 -0.130815821599254
0.178956536190621 -0.122133768717432 -0.0906607424718312 -0.117367244322787
0.117019091675054 -0.151762748576932 -0.0596809494522027 -0.137711809173731
0.059234470539158 -0.161563068017157 -0.0331800897313012 -0.156646977383551
0.0454737879299926 -0.142263455464417 0.0115169294279617 -0.15957276368953
0.0568317075979179 -0.146356300787234 0.0883567258638608 -0.169720241632041
0.116441110951681 -0.140323437550143 0.167352991867551 -0.143334079075118
0.171752498018384 -0.0966605945307948 0.230501044718282 -0.0794462098408128
0.229523238820861 -0.0301392606605509 0.215302261923039 0.0445047778578177
0.232421668347822 0.0724114765911116 0.100307929930983 0.124186178174313
0.172499742486307 0.202486263863335 -0.0388250765000879 0.0297622240099694
0.131539915585932 0.238972419228269 -0.0925013125995718 -0.216890320082536
0.0365251041274652 0.10724523674196 -0.263706769314716 -0.25844750988562
0.0887707131149463 0.117723835379167 -0.237608100828883 -0.257000075297711
0.142275069924544 0.0514364561602011 -0.191492205210996 -0.205749742215319
0.138010333127467 -0.0243168463059475 -0.14593639900431 -0.148176437322241
0.0941558729051116 -0.0510701606832846 -0.0654460886610994 -0.157113359747721
0.0721367154690723 -0.0688973198084692 -0.0477084255124282 -0.184805625728078
0.0452749092980272 -0.0811363606807425 -0.0162422392584995 -0.202243837347414
0.0361859198320264 -0.0743658765858898 0.0385696462270338 -0.20605448158761
0.0482458099895061 -0.0775359199256134 0.128122062863894 -0.209207377959708
0.0831091315271137 -0.068241880704562 0.218094338818483 -0.163080324515206
0.115498224692555 -0.0396638985655897 0.274594560410102 -0.0749227690757291
0.146408040320507 0.00764165632426678 0.228853386073892 0.0535316647033781
0.138136279434162 0.0807089372139717 0.099659560505233 0.101823769851658
0.0817951725696683 0.162415148167526 -0.0328317963068451 -0.00745676505219284
0.0390472127535475 0.163111689538341 -0.0918977291931194 -0.270169440255552
0.0556576423985357 -0.0302382757012217 0.0732597540204065 0.31593409444288
0.000801729958377054 -0.0679766397644964 0.0819509020687682 0.0525376635199087
-0.0493881849473798 -0.0568745698221511 -0.0651234398757187 -0.12432939433002
-0.0521925485918885 -0.0106075873912063 -0.215124721721235 -0.137597649856919
-0.0371662218855574 -0.00353904839036468 -0.335588710751521 -0.00980743889074849
-0.0332196163850012 -0.00776633045964427 -0.295235633750469 0.132843756910001
-0.0280749951612614 -0.00761891111073598 -0.194278784058427 0.213524391064581
-0.0236461878929284 -0.00989275498657208 -0.100983430911117 0.247032305444818
-0.0334104767564328 -0.0210830763589783 -0.0204360933388024 0.240223660629781
-0.0304746434730058 -0.0381315131763428 0.0363893856886536 0.230662028103682
-0.0161818279298236 -0.0410769667050842 0.0591759844586784 0.208449864120087
-0.0101690371928666 -0.0468089586967128 0.0961079454006806 0.213432841844881
0.00636370359959373 -0.0501572190723233 0.13910512366542 0.251495144248878
0.0405904452948984 -0.0392630641082252 0.165073877641223 0.269284332288503
0.0689550788646322 -0.00794559358859661 0.202849420979474 0.292432748030845
0.105003408819597 0.0891572967212461 0.0215412730299217 0.304840574750151
0.0651207719417472 0.0474119701628535 0.0486757880746966 0.0383863645552314
0.0495478488129503 0.0171192879453783 -0.0927355175458595 -0.124814532034412
0.0617319354693371 0.0102412418870093 -0.230429567109331 -0.136325322553051
0.0692682370310715 -0.0256541114193462 -0.332970252803594 -0.0178898129613481
0.0482380381743527 -0.0658596565719964 -0.29356442589811 0.117822591619219
0.0192039541339412 -0.0866856495033894 -0.198078755821846 0.191122205910894
0.0098696353258774 -0.0871708229915638 -0.106829566018577 0.222708943013232
-0.0103798744350192 -0.105839524175331 -0.0202385206423903 0.213742076517514
0.0200880535366644 -0.128734482734229 0.0438074371444334 0.204293368455991
0.0666050934044255 -0.112804371153748 0.0724873519735235 0.189019345935869
0.112337963787155 -0.0890658095442364 0.108950692283208 0.204869657721827
0.141352443998506 -0.0288458346581629 0.135218693985116 0.243625929624845
0.150444810111544 0.0479770291461625 0.145159099119125 0.231452935313938
0.161833596187253 0.119120996210355 0.177704730403391 0.231154006747964
0.141051498646185 0.200370667355474 -0.0273547201745647 0.242115631552776
0.12710340650143 0.164763942777429 0.0221384612776357 -0.0135554607481337
0.15518574848734 0.0939244810648375 -0.119244281607872 -0.148924920300253
0.181938261628597 0.0275258285186467 -0.244950594399853 -0.138645634177142
0.172309717585659 -0.0515955273265346 -0.312476971219499 -0.0239164851315757
0.125163222852815 -0.118596015214586 -0.264316901999441 0.0904813062881006
0.0639576735234423 -0.155975492901131 -0.178560269490904 0.145374873256548
0.0413402657981527 -0.151713874336497 -0.097948815799017 0.166921725784495
0.0124776012041165 -0.17314039383094 -0.0118944031029219 0.156280779422882
0.0610944059684003 -0.199958221477614 0.0568506255262203 0.147603567853217
0.129625962913587 -0.1720510798596 0.0967183370179357 0.143887826327246
0.209132547890632 -0.131347168642504 0.132333509857072 0.181377684559622
0.25278982882129 -0.0206242180541692 0.131822061105428 0.232748618083509
0.241751984948918 0.115666082226826 0.104637136442051 0.194321451120409
0.233279737296648 0.222782034200957 0.125638330504662 0.143345232026396
0.163886733773232 0.279109098509342 -0.0745966867355709 0.134847741704726
0.185542514347277 0.256645484140371 -0.00780909958019022 -0.0907083830091688
0.25708429768142 0.150056940826698 -0.141393212479391 -0.183328384733195
0.29121563847801 0.0234052904530583 -0.246421465316044 -0.142960391264405
0.25185099700146 -0.0866861535470519 -0.267357418352887 -0.0360669740670648
0.1801357295858 -0.165084367275978 -0.210915599226557 0.0479644444581717
0.095832901198925 -0.204946196232883 -0.140219819699758 0.075587193612944
0.0654011588010542 -0.192647936460887 -0.0759314321716736 0.0875297425079083
0.0369438154142496 -0.211910623692919 0.00378544966505359 0.0759723570632272
0.0973377681382429 -0.236834931839028 0.0737102450568125 0.0721103635234663
0.178557240927859 -0.200691888781692 0.122826674981723 0.0816671210812241
0.274583750300747 -0.145796837448927 0.154504553952062 0.148045634490508
0.323254159644763 -0.00556963945489465 0.122332975242868 0.217442219709982
0.290823870657153 0.170535587728145 0.0501457301578922 0.157233425005425
0.263924021566618 0.295395108881995 0.0590614815398423 0.0402756822086523
0.166669416258051 0.311519188492839 -0.124406520707478 0.00247717806493842
0.221416212677428 0.298427087273326 -0.0532523822771191 -0.177085459876022
0.322925269220643 0.171600507585964 -0.156796471674281 -0.213193725772386
0.354822165246212 0.00492114559889261 -0.225866213145532 -0.146943570093583
0.286826369448192 -0.117479691409129 -0.200372411652731 -0.0631841144971872
0.20114690380393 -0.191006962162164 -0.14525170243478 -0.0144029187268384
0.108837764763283 -0.223816340672662 -0.0923712221022302 -0.00883508374242413
0.0793589965235701 -0.203520163590004 -0.0441284430498793 -0.00331517813833986
0.0615820160814187 -0.217319659121026 0.0292166145520218 -0.0129636848691866
0.13121444738964 -0.232332422886589 0.0982092413508352 -0.00882712903432338
0.213604252452469 -0.185736774724078 0.152902784075735 0.0181574421622948
0.308130249094627 -0.118682597266124 0.17110550180451 0.113905545387231
0.342293505604155 0.0318222142790823 0.106902407781985 0.194627478275677
0.285614278281138 0.215820980666538 -0.00299227405037443 0.1158345661489
0.243816533550903 0.330630739556448 -0.00497996296263705 -0.0661483480214026
0.143796177432321 0.287871610663889 -0.171537655568515 -0.129241440068293
0.214862303611514 0.282780765603892 -0.111416179244428 -0.247979492896727
0.32323853233267 0.15827448823705 -0.165871169718092 -0.228569505791257
0.346094359162294 -0.0134182934315763 -0.188610743488938 -0.150590623974198
0.266051054292531 -0.123685763957486 -0.127440456177431 -0.101357911761322
0.185549246566109 -0.183195287369769 -0.0837510435837157 -0.0881111795634665
0.102968335233306 -0.206876503498761 -0.0461111724125426 -0.0964379587218562
0.0817059945619967 -0.184402166136785 -0.0062139594141414 -0.0908864760801911
0.0795894840274675 -0.190908293162901 0.0673767754734035 -0.0960464352771981
0.150733429509989 -0.19064491609335 0.138599635555525 -0.0767066377968419
0.224431953252035 -0.133690266104646 0.192941341792006 -0.027877846508711
0.300016015932346 -0.0566133771313181 0.185320800311368 0.0898640538776882
0.304840830215183 0.0837409158895888 0.0892194771605808 0.166939236958315
0.229489141225256 0.245077228498862 -0.040265679379647 0.066176404101974
0.180868786958562 0.324237256542769 -0.0472432319575644 -0.16723987600003
0.0911130900521565 0.216040594070312 -0.208938980323797 -0.235213599481252
0.15968020415904 0.219713552455463 -0.165060200959276 -0.287006535953875
0.251756073854252 0.120376858915081 -0.164108233335419 -0.23321403550505
0.264479715023589 -0.0187208610681173 -0.146939309984021 -0.15814491928095
0.195949918933366 -0.095244337190345 -0.0688713278638429 -0.143918772127005
0.140472827391706 -0.136680690629654 -0.0397208271508336 -0.155979634787206
0.0836735843635728 -0.154893054151774 -0.00957150791966186 -0.169456850432508
0.0720592094101652 -0.137043739863557 0.0326970286348162 -0.16223162376846
0.0819656116077445 -0.139615647977354 0.11431754099067 -0.159985702773727
0.142267971897866 -0.126184516477387 0.192160347433052 -0.119941233020499
0.196589960731374 -0.0691944112458552 0.239985620556806 -0.0452593806734776
0.242749127845951 0.00535281963660979 0.201316681116556 0.0823177054457358
0.22320918111298 0.118534862070634 0.0807424499439545 0.138996301085402
0.141790137030601 0.237211612073442 -0.0496983328091528 0.0167374366476093
0.0938574597028539 0.270713087815027 -0.0607497960715145 -0.250133064372
0.0117809975695622 0.113453118055557 -0.225061398010521 -0.29856866674199
0.0649267427754772 0.131890330606256 -0.198906150995802 -0.293466093665935
0.12958847849709 0.0738107267965221 -0.154933042652635 -0.232534365952188
0.137143036994792 -0.00391603776912608 -0.119254427887221 -0.171336174946676
0.0991725995604955 -0.0366334234880768 -0.0412245252311248 -0.176609653331542
0.0818588231005852 -0.0600721954938026 -0.0220542360253062 -0.200636133919538
0.0574663801151991 -0.0761587571060501 0.0118156795594919 -0.214330277134342
0.0495683090198001 -0.0698104296169102 0.06648796720159 -0.207138378402323
0.0618244906426203 -0.0703463941562722 0.160366909749011 -0.197716949749013
0.0970744595111708 -0.0570124694912326 0.246324508208204 -0.136019675042035
0.128565302702607 -0.019905999535082 0.285895124846401 -0.036956825618355
0.151259141273452 0.0327140904306178 0.217263089056205 0.0902896740715084
0.125465001374062 0.109243583193271 0.0848933865091995 0.115778485252649
0.0554561231127085 0.179528649336508 -0.0339375010052598 -0.0179596594094756
0.0105740275306125 0.173620813257895 -0.0483527159351702 -0.299168160744344
0.0500861907454571 -0.0348568249430777 0.101344502381152 0.304960254745621
-0.00422020767924356 -0.066794424446731 0.0846782160210815 0.0423588301015412
-0.053872414606793 -0.0509241991861379 -0.0752202051881599 -0.119037814238306
-0.0530361901476505 -0.0058703694701153 -0.224129515548695 -0.117846322192217
-0.0370622744810756 0.000170974104385014 -0.332038525082837 0.0224030644588336
-0.0334081101991033 -0.00408039635248031 -0.280024442013158 0.159646664003011
-0.0293209370685453 -0.0061681420197321 -0.170574849247196 0.228486797832783
-0.0241239562096283 -0.00886365890856148 -0.072883205169897 0.254360978887143
-0.0354939574684524 -0.018793870966232 0.00535579640204846 0.241225401227527
-0.0334639243870938 -0.0354731712167153 0.0582606462429593 0.225350861504596
-0.0191327197854654 -0.0385922777631991 0.0772291336312474 0.201069329748403
-0.0146346501992831 -0.0456438444480051 0.112166525744699 0.20311502075456
0.00151058441467186 -0.0506385156844493 0.159849585510157 0.234091904182452
0.0380318635808628 -0.0421286994635061 0.184594098619736 0.248832043929422
0.067605286811304 -0.0137890088785212 0.22769593019184 0.272166243745535
0.1101487680067 0.0786818232985074 0.0512775739984939 0.298662115826243
0.0702311812294111 0.0406880567596846 0.0514289932320136 0.0314615233137545
0.051149200381702 0.0113570133973512 -0.102024236625946 -0.116616813338589
0.0614841481431797 0.00343883043850993 -0.23895093868614 -0.114142547813748
0.0653348545518837 -0.0331363356820993 -0.330752153741768 0.0140076137747282
0.0404454586419005 -0.068940159711448 -0.279328080971167 0.143687377887116
0.0100474990727478 -0.088178601871751 -0.176813980183617 0.208511586157954
0.00173730724071579 -0.0885238947681889 -0.0817805315774406 0.231482913945929
-0.0195877787403626 -0.104159916063853 0.00245961415850106 0.215341791827842
0.00778301328632454 -0.129756766030979 0.0630231573689625 0.19852203733444
0.0554334095905195 -0.117050806625685 0.088436100526903 0.181906151534372
0.102765764868917 -0.0986821516355942 0.124587042381583 0.191988947792634
0.136949336833839 -0.0427667834814524 0.154766830548382 0.225694712065643
0.153853465540596 0.0341623217866686 0.163576041510301 0.213368995903885
0.170897139504669 0.101988981583655 0.196671918816944 0.214007091489608
0.156444242532168 0.18475280442811 -0.00383500249425714 0.240890389671337
0.14182794240576 0.150394847919187 0.0211536658983946 -0.0163587039236147
0.16175715624283 0.0767237793026849 -0.128851711223598 -0.137660815918278
0.181217657820955 0.00792309452126191 -0.253101891498408 -0.115404624642922
0.163352341710168 -0.0696186755888516 -0.310976836678476 0.00577298163643593
0.111058333391115 -0.129618021330853 -0.252802359767088 0.113655807810091
0.0479200223407288 -0.160198054257706 -0.163227677310182 0.161097685717054
0.0260621619458658 -0.154885135721393 -0.0791402491977272 0.175483837172193
-0.00386650031169608 -0.172650213676938 0.0047975613552726 0.156797222968362
0.0411247336376197 -0.204056233027611 0.0707806491460532 0.14229256835236
0.111946626085212 -0.182374521543768 0.109161939508644 0.13501274790788
0.193700836919287 -0.149247354605031 0.145936064226368 0.166642724238988
0.247398690885352 -0.0456758887468468 0.151364983070441 0.215989132530297
0.249131531153502 0.092492849193854 0.121614084418546 0.181197786961
0.250859099997929 0.196510338374422 0.137493085910177 0.131104402379159
0.186537977333961 0.259828421842995 -0.0599157108960968 0.138593488909544
0.207888157400838 0.234176468130442 -0.0153011064611659 -0.0901076095948489
0.267539236468472 0.121360085436019 -0.152588070861576 -0.169611500364012
0.288762119143323 -0.00620482629844035 -0.254082609051583 -0.118372841900538
0.23840649707208 -0.112107861642491 -0.268278110287748 -0.0103874135377973
0.160625851128254 -0.180978290045576 -0.204881404329919 0.0656662852889265
0.0750403102471695 -0.21209100432239 -0.132965598864346 0.0891880358928529
0.0453018203343679 -0.197412924681917 -0.065574589274248 0.0952503755306611
0.0163175722098384 -0.212983036696556 0.0119041239886794 0.0764180122505483
0.0732824860494205 -0.243687771295096 0.0802225192027813 0.0659107316135015
0.157217441623544 -0.215148914811559 0.129209580009856 0.0713134378302385
0.258024048882766 -0.171084588040801 0.164678364033768 0.131402036904738
0.31726390366504 -0.0381897061908388 0.142208206822512 0.201626108203116
0.303140668157228 0.141582930670952 0.0662991427507236 0.149610539403911
0.287123941833933 0.263911974169723 0.0619180062285289 0.0359006877523692
0.193147600531151 0.290658340699752 -0.120581992526149 0.0122558400773778
0.247422308747597 0.272450261123984 -0.0665158673383587 -0.170238604247222
0.334606998061565 0.136784437207207 -0.1708544861902 -0.196726722876267
0.349181806400517 -0.0306626996268292 -0.234401574719669 -0.1238389629953
0.270342145848453 -0.145341013154725 -0.204838629391716 -0.0436672786345296
0.179065690017519 -0.208756892977891 -0.146312560712636 -0.00245295353720305
0.0860290180352851 -0.231954904601527 -0.0943645740970007 0.00067019365845725
0.0583582670193127 -0.209182723279088 -0.0440055678542589 0.00289617164083564
0.0401643372273598 -0.220694750174384 0.0279713759073611 -0.0141027665894409
0.106515724142956 -0.242498094983377 0.0967941767448642 -0.0162270569085663
0.192801073701915 -0.204271582510668 0.153583900759667 0.00630516548151666
0.292866177325644 -0.147177804252254 0.177238147967659 0.0955628503087936
0.338670752135515 -0.00258775346088889 0.124748289579336 0.181888158674486
0.302082871114149 0.186986688148134 0.00904683257502072 0.113334833721728
0.270117997034352 0.30037407588681 -0.0108507845873017 -0.0632279950112078
0.16896889152496 0.269603364546181 -0.180276351208784 -0.113831566326967
0.238690130898134 0.257787749534564 -0.129733842841003 -0.235705251928083
0.332960007954534 0.122994193018051 -0.181385119791392 -0.211140972642094
0.338367124119577 -0.0484461821922364 -0.198052409682439 -0.130724837075886
0.249138490230355 -0.148892432398903 -0.136287986020959 -0.0896887227636373
0.163880892007964 -0.199540098711495 -0.092043579137697 -0.0812127868797945
0.081914245339062 -0.214582700017791 -0.0569874213309758 -0.0901835144865909
0.0627880224811039 -0.189740709162568 -0.0156931237336331 -0.0873400756638535
0.0603704020138428 -0.196084929894683 0.0571027852022087 -0.099999383409373
0.129917121556148 -0.202598753009228 0.13014330727676 -0.0884796738658733
0.20850974045663 -0.153962496942948 0.188208496915354 -0.0428246764587561
0.2899145656744 -0.0856130584036563 0.190481614285315 0.0705342746635759
0.306788288261811 0.0520887043654485 0.104444388750867 0.15580138386612
0.249204527450767 0.22005414242291 -0.0319944769506446 0.0689761360151904
0.207703913592726 0.299165315800676 -0.0625785290255674 -0.158898567584538
0.110246222006251 0.204175391065282 -0.228214020774368 -0.215596702030471
0.178163257494608 0.200919745982241 -0.186639323854661 -0.269538743817299
0.258819715962649 0.0921038680082531 -0.180548688567788 -0.215122492578552
0.257440605735128 -0.0458162326016837 -0.158536310315302 -0.141581263098273
0.182934166274656 -0.113949792961493 -0.0821574482135125 -0.136550645797426
0.124351892103836 -0.14974743789214 -0.0550336140770975 -0.152358418885598
0.0679143858912053 -0.160776291041006 -0.0286960987498561 -0.166500459836997
0.0573466311048707 -0.142049322299877 0.0155026645377962 -0.162442349018602
0.0673674890247947 -0.145260643467191 0.0970547212014898 -0.168092085525631
0.128242179772982 -0.137571293729104 0.178619548126566 -0.137148928613851
0.187217166552622 -0.0883391826790365 0.232962882471713 -0.0648180511764281
0.240414124779214 -0.0186433056125693 0.20618968833436 0.0628252426792231
0.230355598025288 0.0950671345476828 0.0928207077269035 0.129436982126108
0.162009436651372 0.220462863374453 -0.0460920825766171 0.0208046534634152
0.117445275575208 0.255050353972422 -0.0834744611133788 -0.239547161451674
0.0223513707059485 0.109704132076369 -0.250005756681254 -0.276489316892359
0.0765010834193621 0.122967924008901 -0.220617598532573 -0.272208534318438
0.133995010815886 0.0598095785156329 -0.171359586992074 -0.214710594942363
0.134355369559931 -0.0194676305923914 -0.13119929440243 -0.158101916296497
0.0942782369654007 -0.0469102429668813 -0.0578833239716711 -0.172501180714756
0.0745145304411271 -0.0675687319695855 -0.0423332552831844 -0.197117110256888
0.0496142869820973 -0.0803475551633238 -0.0110013395622719 -0.213461663113141
0.0422052072433501 -0.0724777983245541 0.0438844753608997 -0.21036399395247
0.0539210082330365 -0.0747849409700605 0.138796092214191 -0.209580501456125
0.090325361016712 -0.0651753182448518 0.229841774256933 -0.157225170267514
0.124448078947787 -0.0326702892533299 0.27898818799726 -0.06182541462772
0.152269786671477 0.0170357642616616 0.222652897046933 0.0693217912567276
0.13236932242371 0.0963736165791274 0.0951446422341205 0.106791067532829
0.0711403727464381 0.171074337199999 -0.034178572794114 -0.0138513195171232
0.026570790615682 0.166674300846793 -0.0768857637597009 -0.288783991567267
0.0444692361072989 -0.0357029730982459 0.117901228316487 0.282643947076814
-0.0079226639282654 -0.0630760722304287 0.0824019735211598 0.033643732324199
-0.054368673421771 -0.0443285085021335 -0.0800838038954503 -0.110394333199211
-0.0511740550353873 -0.00224040497523194 -0.2218012100922 -0.0980063395809179
-0.0352731987491031 0.00273672361134163 -0.314159532638029 0.0467735269034004
-0.0314356467766084 -0.00118044205230256 -0.25620781193785 0.173276569226108
-0.0288195082851904 -0.00433047551956406 -0.145140400085611 0.230492313568697
-0.0236786240492187 -0.00809525144645968 -0.0495761768426692 0.247653907040693
-0.0349409157449999 -0.016282256847747 0.0245379169878174 0.230650763978092
-0.0339800069233166 -0.0314631965657893 0.0723646904644221 0.21104716973141
-0.0203038854932187 -0.0350511860788753 0.0867771726294591 0.187516534489883
-0.0171275937431925 -0.0424825081274723 0.11950283816546 0.186461168032082
-0.00190013941997506 -0.0490761697679582 0.166619367288747 0.210338940871537
0.0345077313808004 -0.0423675694046419 0.190802779116761 0.223845902881088
0.0633512369121984 -0.0172255065633711 0.235567042708538 0.24587320936599
0.110222623059409 0.067689268268782 0.0702914125933147 0.280404737670686
0.0707370479022629 0.0335761776845356 0.0507559724142386 0.0260644220455729
0.0492747752515192 0.00681637600319052 -0.104523487831464 -0.106712209390261
0.0583218138017651 -0.00248787142106096 -0.234860306898804 -0.0939973785741749
0.0588947552844726 -0.0370778855320792 -0.313623608857192 0.0379768596879461
0.0333890877820199 -0.0683874473346273 -0.256052163234409 0.157418191828417
0.00249726584071187 -0.0853973485393309 -0.153729341814006 0.211504782437114
-0.00484642530037215 -0.0854489561783255 -0.0592160429684057 0.226904086006389
-0.0261695647736168 -0.0988657943951923 0.0202009867288893 0.205928198273214
-0.00175582607633784 -0.124789862112164 0.0750842016881642 0.186085680813356
0.0448982732471365 -0.115787239447435 0.0972441980957947 0.168543901549461
0.0904819529989208 -0.101176842940233 0.130466448360568 0.1745964077702
0.126506754350775 -0.0517888907102068 0.162052326945326 0.202800901301194
0.149738021015533 0.0221703436571392 0.16893854146533 0.190865357844675
0.169531789446095 0.0844832215949275 0.202599068314663 0.191937212111606
0.160744234054857 0.165174008570871 0.0153209779270032 0.228371691941191
0.146696421287766 0.133201671624787 0.0193524818883424 -0.0175251776267249
0.159027891340743 0.0600078037763472 -0.130939403928354 -0.124639294095535
0.171909781131628 -0.00680339419489844 -0.247842953850317 -0.093306402565275
0.149499202651461 -0.079677920961779 -0.295964702791331 0.0287888445670982
0.0957428377319898 -0.13152111116789 -0.234019810153884 0.125880914253545
0.0335417941145336 -0.156992310257482 -0.144316525043837 0.165401483511784
0.0137380337284827 -0.150738176288391 -0.0602511065021905 0.173482665281101
-0.0155492032238837 -0.164846959015061 0.0183318742544233 0.150371047374911
0.024792404370803 -0.19766360201237 0.0787729887996654 0.131146840403943
0.0940368958532257 -0.182594501210644 0.113722220035569 0.123600435929981
0.173813537277258 -0.156232659606701 0.149354987424604 0.148105912561752
0.230562898700281 -0.063060794208346 0.159069759654172 0.193827400425578
0.244279748432862 0.0708780332278449 0.127725737136057 0.162573134794016
0.251892168449334 0.167641635579227 0.140829279831518 0.117503246340257
0.195865632219989 0.234577644292431 -0.0450754232395525 0.1351660519207
0.214761584961681 0.207633447182931 -0.0187450657186152 -0.0853590134906816
0.262417019221399 0.094765971210966 -0.154511646795595 -0.153374611078581
0.272118496972693 -0.0284470641224784 -0.24871540768064 -0.0960412419735065
0.217119966553234 -0.12590403052891 -0.256337271030735 0.00970468618274589
0.138931677411626 -0.184298605457348 -0.192144940417121 0.076216394405662
0.0551581745777591 -0.207714735905477 -0.121212814682138 0.0955100865935823
0.0290025383505396 -0.192348322732542 -0.0547362913025029 0.0965957464024791
0.000246446830281227 -0.204483231873968 0.0182634318992448 0.0730039871089859
0.0519599267013798 -0.23778822492905 0.0820592391211588 0.0576091807377962
0.133887943856221 -0.216241807284487 0.129905522661169 0.060981017343845
0.233352951571342 -0.182329502949583 0.164051061678315 0.113305376165498
0.298158123183273 -0.060475010767742 0.150234301748064 0.181279978444799
0.29848364472335 0.113885664448045 0.0729236484547489 0.136763733247899
0.290238659067762 0.228208069546768 0.0615457076308281 0.0317062778054589
0.203329676138398 0.263018274174744 -0.112132242019696 0.018396858513232
0.254838361891404 0.242000008385687 -0.072925789409387 -0.159142327971559
0.326499184286275 0.104550585099415 -0.173839746139907 -0.177633407337206
0.327594897649512 -0.0563058130414116 -0.229987316553018 -0.102039605986037
0.245086910841981 -0.159204766471142 -0.198571527326675 -0.0265873970231126
0.153909880375634 -0.211758406935392 -0.141057396589023 0.00680754347160402
0.0651519962444613 -0.227668457503978 -0.0909587874778153 0.00823610485565305
0.040119033471011 -0.204124660103249 -0.0410828944008918 0.00698330347077914
0.0220822731180493 -0.213191479351565 0.0265865676211526 -0.014639169836035
0.0833146440509089 -0.239426494200914 0.0925524512328534 -0.021925390926595
0.168559598742443 -0.209860964448291 0.147105034859541 -0.00273672596665521
0.268432593665311 -0.16353172820688 0.173936508676773 0.0781433234459104
0.320206826919574 -0.027472909298363 0.132418801230901 0.163757047511321
0.300438657976496 0.157238905171341 0.0174416432192092 0.106824918074834
0.276822600687742 0.263443565445057 -0.0146161084459428 -0.0577888188263996
0.179189580582243 0.244145768343683 -0.178741004959851 -0.0982211389986236
0.245728592528069 0.228116940466008 -0.137330214709976 -0.216546511084046
0.324637341144757 0.0913387192428967 -0.18353046092553 -0.189634397918265
0.3169526270974 -0.0712335320344125 -0.195370451800959 -0.111363217782252
0.224717871010812 -0.161250712796552 -0.136655938367443 -0.075848664129026
0.140595547056549 -0.202654243525047 -0.0961355057403997 -0.0722072192828736
0.0624164829379471 -0.21035507940852 -0.0627874926157171 -0.0809963334284048
0.0457495703196058 -0.185197162389204 -0.0215450877100586 -0.0813186556123927
0.0438192742281964 -0.190874710851808 0.0473601520561447 -0.0986271051416768
0.109130884355136 -0.202921590410376 0.118761389922168 -0.0931168241806197
0.186468598659071 -0.163461673079508 0.176928364130088 -0.0514255050561442
0.26996257894936 -0.103545591456425 0.185690578985191 0.0538345849938646
0.293951587611286 0.0270776479642029 0.112150275562154 0.141414028278556
0.252566797261489 0.191931798419996 -0.0246539042632883 0.0673423468478927
0.217190729555192 0.267010350979881 -0.0706882868659604 -0.145820373455406
0.11917404576534 0.185799009775645 -0.232308979438445 -0.19245915297923
0.183432158666427 0.178231701957651 -0.19372426158613 -0.245979108173179
0.251617548255539 0.0684558783171818 -0.183622369152252 -0.193334048819615
0.240539422482909 -0.0636897178572322 -0.158373694394023 -0.124094850964171
0.16556019880486 -0.123385704616145 -0.0893011525920302 -0.124925916890306
0.106914099442635 -0.151521901573915 -0.0652746908502867 -0.142870620599904
0.0526569746358867 -0.158311208049258 -0.0413273227693153 -0.156106119046483
0.0439179231071022 -0.13815129584019 0.00250356787183885 -0.154672525769583
0.0534815028835056 -0.142539835688506 0.0801704992934938 -0.166784298170244
0.112348951683351 -0.140294151249238 0.160274911262168 -0.143528851774523
0.171199853216622 -0.0983557050357656 0.217772618594146 -0.0765553968219996
0.226803847249072 -0.0362240261265241 0.200688801723841 0.0454579801838862
0.224230400779857 0.0734422517993569 0.098816973338113 0.116694126542908
0.169749779480832 0.197872425804369 -0.0412703420960565 0.0229518737774916
0.128703918870405 0.230878897492148 -0.0969811863593825 -0.221166354274612
0.0295984571672382 0.10243452327742 -0.258488094058095 -0.248788040209832
0.0813973166717975 0.111139173289348 -0.226769427641849 -0.24520679284649
0.131540403465157 0.045941218176808 -0.176173172045649 -0.193279626985122
0.124968266118382 -0.0289800762143938 -0.133879186028239 -0.141309391688202
0.0861037695562707 -0.0521568085745923 -0.0681015381941615 -0.161443980258988
0.0658431509651796 -0.0701008372850062 -0.0559529511913965 -0.186686476562383
0.0410976473411885 -0.0802563955781778 -0.0279073352608221 -0.203040788277166
0.0351192730597068 -0.071647242129712 0.0253203004183392 -0.202881628313418
0.0455732576137678 -0.0749166308100251 0.116472146281536 -0.209276743876938
0.081077241426129 -0.0681848056650005 0.207985366226504 -0.167686945580603
0.11533566438949 -0.04122332150698 0.261742249380166 -0.0766709899595306
0.145469823369404 0.00508539293131226 0.21764076748358 0.0511250612158882
0.1321781127755 0.0824011608012843 0.0989038340264321 0.0958668269087165
0.0791110804528294 0.156675251046276 -0.032376408559216 -0.0108176489145839
0.0359904908224874 0.153395454151667 -0.0939583521153129 -0.268215144169307
0.0404925182714524 -0.0343965208279581 0.12110012263377 0.263932329347964
-0.00846827386659305 -0.0597348928774639 0.0785463433217367 0.0285707421602116
-0.0526484643139943 -0.0399491370643403 -0.0799650847756431 -0.104002367834023
-0.0483662425191734 -0.000523879099021317 -0.213322737040853 -0.087788644461983
-0.0326736439830528 0.00358312717318847 -0.295906670691267 0.0548614545201616
-0.0295790723743758 0.000258991343828799 -0.237677067718242 0.174126537208745
-0.0283549355501181 -0.00301586102220503 -0.129320684586672 0.223081312636298
-0.0226117239714942 -0.00783863238842316 -0.0363976418462929 0.237222420959168
-0.0338988975511056 -0.0151410364055634 0.0337554922791965 0.218417325617543
-0.0329288564506194 -0.0295267777837119 0.0758655725036285 0.199455874598355
-0.0196990032996229 -0.0322078583886292 0.0880672724593274 0.176483962296171
-0.0178515240720373 -0.0391197458795754 0.118971358449242 0.173791138046758
-0.0034738920992442 -0.0468893394988295 0.163361506937428 0.19301885203792
0.0328070271162423 -0.0412971777161489 0.184908518624562 0.205308972341572
0.0595445227407069 -0.0181126532179085 0.232346986139347 0.227544578881554
0.105755752513605 0.0619132892987409 0.0765198534669085 0.263647661918233
0.0695207170948185 0.0299187980999569 0.0486466551625683 0.0227674505411791
0.047494393684483 0.00376675304435806 -0.102068442994334 -0.100132550108913
0.0544228006842974 -0.00449395759806116 -0.225470550398906 -0.0831139137191558
0.0543978537288044 -0.0384139483472397 -0.296001030982995 0.0470321897692748
0.029240858246279 -0.0660268532169766 -0.238418327777301 0.158350989237145
-0.00102866223810899 -0.081023882537915 -0.13851043677516 0.206611557221122
-0.00772035196249378 -0.0822597027531675 -0.0458068367934942 0.217635516940523
-0.0283329879621881 -0.0930752865032234 0.0293882554064782 0.195987317027223
-0.00610789240051267 -0.118662920961059 0.0785286500416016 0.174530745545373
0.0391596224374578 -0.111172016327441 0.0979776374521835 0.158160687259693
0.0826615277004151 -0.0986312934260372 0.128977850888947 0.161859247752008
0.117341835992079 -0.0536389199407316 0.159885786724498 0.18632799547933
0.14376120061812 0.01691355654499 0.164718005595352 0.174897445907076
0.162370611020473 0.0744856155107417 0.198987859120994 0.177619672685539
0.157772045310367 0.152442083303207 0.0235681676792035 0.21559828654551
0.144829139758884 0.121161012219595 0.0185932101352128 -0.0178266372825599
0.152906594328271 0.049969701453169 -0.126920349316779 -0.116454370674566
0.161911252107039 -0.0138242892061814 -0.236938681288316 -0.0820289351871544
0.137694602894581 -0.0822154811123466 -0.27979567127678 0.0378452158261336
0.085349257720975 -0.128491706822871 -0.218306421565468 0.127498921510095
0.0252748734618799 -0.150042006346087 -0.131501376587258 0.163135165712829
0.00743690172439741 -0.14431037674792 -0.0494037503353203 0.166671646173508
-0.0204977504233585 -0.156006585449105 0.0246865008832742 0.143444233590165
0.0161780343246651 -0.189188881294953 0.0798351302670247 0.122825723637663
0.0829563109362203 -0.176248869820904 0.113361369923623 0.114756700005022
0.159902317168333 -0.155132703200557 0.145559089081744 0.13626735510042
0.21555296435475 -0.068136228136583 0.157079257817747 0.176895008672858
0.234605854659217 0.0600459113536209 0.125501165892953 0.149289560217125
0.242542419569617 0.150245961753344 0.137715864128403 0.108574742410847
0.192759444189241 0.216837397421392 -0.0371728499522368 0.12790524936237
0.211780519237365 0.18913058415826 -0.0194561117632916 -0.0815194399039939
0.251175254797796 0.0795347687840029 -0.149754678702136 -0.142035462947085
0.255936380029059 -0.037753864853139 -0.237240091277512 -0.0842516747189128
0.199943716413327 -0.128253944842874 -0.242525627036568 0.0178578267452484
0.124106105930977 -0.180237020112509 -0.179841142435073 0.0787559148545864
0.0441913517340473 -0.199794199163964 -0.111903511405229 0.0954415033667104
0.0208119317563282 -0.184307247311121 -0.0463439402884245 0.0933153089238725
-0.00681806599620797 -0.19384520099463 0.0220496752869298 0.0697439372107426
0.0408684629589807 -0.227780087400865 0.0814424118440364 0.052067366018501
0.120079350083289 -0.2115636134756 0.126118113565401 0.0558434342777137
0.215064577634823 -0.181991967181826 0.158415658931572 0.102047533946607
0.279108248044523 -0.0683870634814572 0.149040875589968 0.166009044993808
0.287124963330994 0.0990745688686429 0.0740723819239008 0.126082657469586
0.280691535216528 0.205682381200151 0.0600314620748156 0.0298333246710101
0.201255518324791 0.242996846494284 -0.104883050115209 0.0189227672651845
0.249951070829828 0.219941963460866 -0.0727450167388752 -0.149436731175647
0.31254215553794 0.0866611022120789 -0.167671339900398 -0.165005099927431
0.30745027498819 -0.0659499348806443 -0.219162549047653 -0.0907280930168313
0.224970654965799 -0.161176168833613 -0.189643391413469 -0.0180551050502106
0.136505294264376 -0.20700315134882 -0.134710404999173 0.0107677324481807
0.0529183564258776 -0.218452631287375 -0.0873135172689234 0.0117523219327959
0.0309957837419501 -0.195125699049756 -0.0378044225120659 0.00835495153081353
0.0138185011603366 -0.202951570197023 0.026454400024421 -0.0139085135078525
0.07105919233203 -0.230371130905419 0.0878081839443199 -0.023441539136147
0.15213501604008 -0.205710918827044 0.141435715997932 -0.00540854112496849
0.248420182885004 -0.165456953784121 0.166972560210436 0.0685112706503938
0.301463230422546 -0.0374194484307111 0.131907921952757 0.150339491590761
0.290865887150904 0.139583011612532 0.0202845085873484 0.0999935083859306
0.269916259138426 0.238095435143998 -0.0162568486674825 -0.0533664154907849
0.178434103380138 0.225911525463769 -0.172376288426167 -0.0895464912029781
0.240437235132713 0.207917252766504 -0.1352041848192 -0.202464015357137
0.309655027619268 0.0742040993412153 -0.177888629656168 -0.176193885712741
0.2963385343964 -0.0801549251128855 -0.186811028851504 -0.099343602840769
0.207050177290555 -0.162019273802429 -0.132400491650941 -0.0667853004716351
0.125079482077939 -0.197666680502545 -0.0942945433821411 -0.0659363553850333
0.0507206418650255 -0.202132147378883 -0.0639639330720824 -0.0742146851555011
0.0374130844395195 -0.177244396104074 -0.0231136943295983 -0.0755215422473222
0.033894838197986 -0.182149021939104 0.0425118504013289 -0.094751984104601
0.0964337782941926 -0.197078421252966 0.109971121401608 -0.0928712270315821
0.171084926236482 -0.162604890962771 0.16731649039647 -0.053779775582007
0.251992279766462 -0.109050510963901 0.17739569958572 0.044629606875712
0.278287310573415 0.0148368586273284 0.111804474826834 0.130319245789675
0.246118804643601 0.17405777925771 -0.0201460367489717 0.0639886361759204
0.213133915322922 0.243689884446123 -0.0721489376225626 -0.135085937199931
0.119858467472085 0.171219164986111 -0.227194350023526 -0.177285072204511
0.180244478063162 0.162724021396795 -0.190071127704474 -0.228110710988655
0.240131310010052 0.0549209035144257 -0.178093123359917 -0.17807061293905
0.224856147849089 -0.0701454252784013 -0.15254161987053 -0.113047794868356
0.15191701874502 -0.123123731004057 -0.0888208289480806 -0.116070320528574
0.0954855221168963 -0.148547960734204 -0.0680266874099574 -0.133827945397234
0.0441775600215609 -0.152115468376255 -0.0459633934281051 -0.146766966946667
0.0375809437433103 -0.132681867348239 -0.00424230902736416 -0.146383861701531
0.0454948081987382 -0.137013542074496 0.0704803097237863 -0.160334444666833
0.101673913727583 -0.136789238910983 0.147792744981836 -0.142473230863777
0.158395458406293 -0.101152916209858 0.205022588801307 -0.0784414142601043
0.213501358037899 -0.043063186326909 0.191017981014049 0.0362295237551034
0.213950151943331 0.0621409272629121 0.098167797017362 0.107607013018129
0.166578876379946 0.18191373303802 -0.037329142065904 0.0234403959193637
0.127912151017325 0.212138724169669 -0.0989809753342975 -0.205796912437758
0.032062596588215 0.0949977874205865 -0.254778215649997 -0.230299196740601
0.0806152363424692 0.102190627344885 -0.220787892912407 -0.227703502612629
0.125440258886245 0.038427827508493 -0.17076667337263 -0.178309094879018
0.11659965468637 -0.0332505218382805 -0.129969679897887 -0.130259326284484
0.0798745947285791 -0.0532150262114776 -0.0704709657051528 -0.151444157137033
0.0596985311694985 -0.0694676400791762 -0.0611160211266729 -0.176699660208366
0.0355570802658257 -0.0775281447285104 -0.0361319588884587 -0.192017009525488
0.0308708188880994 -0.0680395516965307 0.015553551741665 -0.192682389497563
0.0405587963137576 -0.0720734866764182 0.103314903843689 -0.202315822668067
0.0750560317353165 -0.0672898911297662 0.191113398570043 -0.166630640657416
0.107343816829987 -0.0437754259227039 0.246921936381597 -0.0808503866722814
0.137258279744631 -0.000951837531393718 0.207629344795499 0.0413145900153434
0.127018970664091 0.0737930553980903 0.0968370461375542 0.0884673270213912
0.0792753820723188 0.145478962758528 -0.0305331947610099 -0.00876182975707994
0.0380955051443785 0.141830700746301 -0.0982904854503879 -0.250210748426793
0.0386265969751095 -0.0329015541956942 0.120982502623455 0.255432774301284
-0.00764222933161248 -0.0578882448259317 0.076143806605712 0.02652949148964
-0.050672299722031 -0.0381582688362313 -0.0789688787327813 -0.102032259664446
-0.0472081385856354 0.000187432478038033 -0.208267494824816 -0.0851187929891067
-0.0313558163580185 0.00317873425082319 -0.287073471294067 0.0564358132388533
-0.0279587463070058 0.000788318198194599 -0.22886059776675 0.172515457721233
-0.0278438125624562 -0.00265956994959787 -0.12368670281484 0.217694789387423
-0.0224673781827993 -0.00839715458720118 -0.0304539258357238 0.230949442177665
-0.0327231615168408 -0.0144896880357888 0.0376318258291438 0.21240503625929
-0.0317478294343668 -0.0286255523140898 0.0762175100061061 0.193706959170377
-0.0190294452017571 -0.0307161363845448 0.086840243367803 0.171471917762818
-0.0181036654220735 -0.0369374254369467 0.116602998390342 0.168965140524282
-0.00402159466476051 -0.0454085135238686 0.158526159897025 0.184795322894001
0.0328338867044339 -0.0402015714890585 0.178983596250536 0.197906426186121
0.0575607277277376 -0.0178640506234062 0.228270482869255 0.221485872512905
0.103220831093459 0.0603530923240663 0.0782533965454226 0.254720677613378
0.0687666442512291 0.0278952834513373 0.0478595635114544 0.0213552502689452
0.0467142991979824 0.00280397387087806 -0.099662282409331 -0.098076116212895
0.0519931245808978 -0.00563907334770476 -0.219201597569043 -0.0809655550236064
0.0521191848181119 -0.0385294645977601 -0.28705282872143 0.0489714602430266
0.0279689089999536 -0.0643768395316679 -0.230260434091275 0.156619135059154
-0.00259435598790624 -0.0791169298327982 -0.131839648697521 0.202157854574603
-0.0088908481081828 -0.080771079760472 -0.0401869797575909 0.211926567838105
-0.0286533711299828 -0.0908223017258781 0.0325262892021743 0.190454929964094
-0.00683683516888512 -0.116063521387885 0.0790331710470075 0.170339710135331
0.0373913475034625 -0.108379553501991 0.0975245460924594 0.154367929685669
0.0797473026540798 -0.0972716326771322 0.12546899190272 0.156252734518618
0.11252540529572 -0.0535668254242431 0.155920281608267 0.17797451347028
0.141065920447209 0.0155257753119291 0.159281505028592 0.167747362772008
0.158082803362221 0.0711607798558632 0.195735177678748 0.172858977338546
0.154396495626071 0.147549838261814 0.0257892002338993 0.207962226902587
0.142411698141751 0.115523765104593 0.0185686262195639 -0.0180463365061231
0.148772971964743 0.0460648378791231 -0.122889927049398 -0.113959224493754
0.155607861933403 -0.0155671649613301 -0.229842561234185 -0.0792208421797766
0.131420272209342 -0.0822148689600656 -0.270862753977541 0.0402682643283268
0.0811638890932773 -0.125649909751274 -0.210734143658749 0.126488300329936
0.0221973979824287 -0.1466642257378 -0.126029475246339 0.160575271755043
0.00532755947702623 -0.141061610261627 -0.0444918642644429 0.162449233971991
-0.0218358887512647 -0.151176750055698 0.0281246558601883 0.138843276457813
0.0136479477354278 -0.184542390551464 0.080091783501682 0.118831219052367
0.0791351448250873 -0.172357283542716 0.112347852484439 0.112229040382135
0.153859067363199 -0.152923409692572 0.141624019465092 0.130810504217418
0.207571117846552 -0.0683367044915104 0.154395581025928 0.169335099751024
0.229548834620294 0.056803577766912 0.121595459470995 0.142785505729704
0.235497131651074 0.143616835691234 0.135442782537637 0.105850984311389
0.189021779605426 0.209801044673979 -0.03342211996425 0.123243460819033
0.208083674215382 0.181819140338383 -0.0180847072259046 -0.0799064877301716
0.244005277863928 0.073137452619261 -0.144502507211281 -0.139192270335645
0.246767102911386 -0.0399461126624368 -0.228989300479405 -0.0811838440987956
0.190512604430743 -0.128086179897394 -0.235233172282871 0.0209055448614606
0.117678695159013 -0.176405699750362 -0.174835721141603 0.0777206882892356
0.0403279918064219 -0.194502225674634 -0.107736790862001 0.0950593465352886
0.0175874463363498 -0.179847726906902 -0.0430103376862414 0.0916599731468365
-0.00892339235606503 -0.188249169138896 0.0244831260606691 0.0669872417559266
0.0368669039543068 -0.222863020181962 0.0806892201967349 0.0504644219079693
0.113859414408533 -0.207256938614349 0.125052512080005 0.05422335998088
0.207931257094674 -0.180324714470659 0.15374942474008 0.0974220496840682
0.268416540321337 -0.069356779623352 0.146194361640905 0.159064761687787
0.281040143834081 0.0946322470699643 0.0722111645675757 0.120950061107577
0.273071687074444 0.196439190575961 0.058800456681739 0.0294255029662501
0.19932500450993 0.234392716821708 -0.100558375673921 0.0170697447490511
0.245440492184034 0.211069775179405 -0.0702648500257742 -0.145184473814321
0.302835501346249 0.0792946125186694 -0.162323667169073 -0.160698296026139
0.296580511964651 -0.0680480480886657 -0.211548358493789 -0.0870766179483819
0.215161107371439 -0.160175512482946 -0.184104991416756 -0.0151235687725276
0.129877408630761 -0.20276814473103 -0.131420757201423 0.0111100801097743
0.0476659870239312 -0.213274153709984 -0.0853271841818627 0.0131973704785564
0.0283419846387943 -0.190664021498326 -0.0358095445063486 0.00873912974453915
0.0102772739848771 -0.197466456175427 0.0268838461123069 -0.0134140810492338
0.0660268771308817 -0.225769133811195 0.0863450934573325 -0.024059310449791
0.145102427167052 -0.202256598910532 0.140067092255536 -0.00468015201978888
0.23956390053284 -0.164512863340336 0.162490353090849 0.064961167181301
0.290911905795821 -0.0399751505319458 0.130358475305975 0.143671249665943
0.284169832969763 0.133713204195646 0.0209341948690411 0.0961900422054584
0.262458057637457 0.227812657147994 -0.0158958266833015 -0.0506505387482984
0.176110731239875 0.216461237701168 -0.167773001653187 -0.0879495950008981
0.235348747474548 0.199192273339842 -0.131407833341809 -0.196842607084172
0.299843672788817 0.0673748594648075 -0.172085463892139 -0.171294600910712
0.285874598190493 -0.0820629004276104 -0.180363799604557 -0.0962748376765913
0.197341439087104 -0.159927083486107 -0.129007430955666 -0.0635584440738547
0.118290772739526 -0.193792637179388 -0.0931994574893529 -0.0641885817381034
0.0465287105174298 -0.197808648769378 -0.06388478938886 -0.0708150200598829
0.0343416957109926 -0.172534338929127 -0.0230847617396241 -0.0730709822846042
0.0308546482121497 -0.177749310030576 0.0413230927830149 -0.0928064406174592
0.091344032473063 -0.192858285527057 0.106544776432933 -0.0919233092885366
0.163225242235176 -0.160702683410692 0.164320599931843 -0.0521286301086635
0.243311720854819 -0.109947262400246 0.17214864512296 0.0420844639824412
0.26923696243354 0.0117677029279466 0.110754203135342 0.124697110698162
0.240323203661812 0.166966341983218 -0.0189268188410544 0.0621066664530926
0.206828582839362 0.23265364349434 -0.0719405596218914 -0.129326894181266
0.119087292640934 0.164718228492591 -0.222958664630204 -0.171976199224595
0.176455017862904 0.155506561216358 -0.185051872445375 -0.22228739873038
0.232658062982061 0.0495964143002092 -0.17246840189723 -0.173113135025063
0.215930853922742 -0.07135336737069 -0.147029946831323 -0.109546462208107
0.145377948753435 -0.121848668495593 -0.0871075748896183 -0.112202702915043
0.0901111506604292 -0.145987901856481 -0.0687998725474085 -0.130878193384317
0.040904858277946 -0.148823812486245 -0.0483428583724433 -0.142268063785889
0.0355748853485234 -0.128690841408183 -0.006298159161544 -0.141877210308414
0.0419897563144134 -0.132960504983463 0.0675768967939539 -0.156671568090258
0.0972112013403533 -0.134703363747592 0.14188885233646 -0.139893273262912
0.151818752869989 -0.10090382278589 0.200316204854429 -0.0778585759072281
0.206618513069692 -0.0451681712135239 0.186386651444194 0.0335585802272318
0.208030316631564 0.0581858354325352 0.0968039236515161 0.103893860454111
0.163440895865083 0.174741842875817 -0.0353497331821585 0.0229640392942046
0.124056431978204 0.202950969184298 -0.0989991306472892 -0.19758249829868
0.0329201882804338 0.0912327566593925 -0.250849609639164 -0.223244956343533
0.0792581467258688 0.0978324470407173 -0.21603243649856 -0.221148933660473
0.12198499788684 0.0352066150275608 -0.165171527511755 -0.172535572397021
0.111719745045147 -0.0341021707937451 -0.125565484298562 -0.125968712830716
0.0766122665738957 -0.0532650854890862 -0.0701342938257455 -0.147544999976912
0.0563996089448098 -0.0686883334355324 -0.0627889187169251 -0.171927035846032
0.0335369889510335 -0.0757821100624696 -0.0389468352214258 -0.186227146940207
0.029522435904476 -0.0658710230335666 0.0117734891903573 -0.18739851461457
0.0382155721792315 -0.0700082926601803 0.0973738309940062 -0.198266949390981
0.0724173834867563 -0.0658956047524521 0.18371366829949 -0.164768356254261
0.102538574623105 -0.0443260008429284 0.23968561925995 -0.0797806417984144
0.132197163933839 -0.0025670201061665 0.202438095022751 0.0381273770342089
0.123888195710874 0.0715302213741816 0.0954417787692107 0.0852958332058897
0.0782688574383403 0.139424419182411 -0.0288387413596411 -0.00736211521479756
0.0369903825100052 0.135469472678976 -0.0983177228422043 -0.241693692274379
0.0239634833901498 -0.0488840963716542 0.218399810928259 0.178245150293844
-0.0304439863956293 -0.0504189829183852 0.0789620553093418 -0.00923916524982645
-0.0610929570927512 -0.0123136443654066 -0.118433689791868 -0.0564980754632523
-0.0402879214831377 0.0226383933139804 -0.228577022104072 0.0149169947743346
-0.0226225569723555 0.0182133026101243 -0.231855952173295 0.179223135893467
-0.0223018252957564 0.0128071467842433 -0.129893327715255 0.256971142005597
-0.0269314957153081 0.0099937889823382 -0.0168830021082634 0.251995668157123
-0.0245251303768856 -0.000358119843738383 0.0757888470864557 0.221010659514972
-0.0368370187165233 0.000814816968423375 0.130295614221452 0.173115716958031
-0.0410411142111844 -0.0132335112000187 0.155602244049801 0.140165341806556
-0.0295184441961075 -0.0204006479591993 0.153566936459183 0.116344469176715
-0.0295796009349785 -0.023278206977235 0.179642452458837 0.100212121989668
-0.0218380429185577 -0.0375233987664559 0.220907927270296 0.0961075293132363
0.0149853726257171 -0.0492633421507686 0.244814345562606 0.106357362826345
0.0475010032710274 -0.0406149960307323 0.303612854343406 0.109822257572473
0.120155706200012 0.0105418384164329 0.183267591447446 0.195441554139371
0.0733237230607577 -0.00438450551142122 0.0540739086926159 -0.00394378653116141
0.0428256605629807 -0.0150936005407882 -0.131473655110619 -0.0484087588918318
0.0444460689811893 -0.0231894214222157 -0.23245954540255 0.0186628762316851
0.033276977346819 -0.0537183705631588 -0.23566373275878 0.168570315735844
0.000451788366330974 -0.0697556285637244 -0.138349999887949 0.240512699854457
-0.0366117138194631 -0.0689382624970519 -0.0315018653138548 0.238514220628707
-0.0416784530926509 -0.0733390854472851 0.0594054667948414 0.207406083557244
-0.064381389479455 -0.0710645599023821 0.117106577246318 0.154932923135417
-0.0557440533367355 -0.103820534352873 0.150049734343517 0.11634473032207
-0.0106545608850468 -0.116667829912291 0.160745425481357 0.0976446718669141
0.0322386031465377 -0.119772849541954 0.189846122085827 0.0892789999748494
0.0821510011436104 -0.0951027819649915 0.217971689381885 0.0947315163434522
0.138350391979047 -0.0446427625496682 0.21290414439555 0.0917207800258096
0.180492242183989 -0.00490556905165395 0.2469895345188 0.0832841313491943
0.20163544596094 0.0703668243878842 0.120853647164206 0.174252984690037
0.174703483610932 0.0456072595712601 0.0139796000499026 -0.028388569865201
0.152181042392509 -0.017046702576758 -0.155615762062883 -0.0573487558301725
0.131918291641321 -0.0745026640251407 -0.237728354279708 0.0205297520569084
0.0858145823585893 -0.126082729155393 -0.226330976895894 0.149422613644858
0.0210864717282766 -0.147247705398041 -0.134982885948756 0.202601747266941
-0.0422536164806044 -0.140784140583294 -0.0444983855455194 0.195405577348449
-0.0540021881533702 -0.134393131355811 0.0342726799341681 0.163615051846065
-0.0840113525281534 -0.128951329269328 0.0909854153253511 0.110337937138329
-0.0666743257814284 -0.175789749318056 0.130952353875284 0.0691002446803729
-0.000338660315721511 -0.194306600040422 0.159412938903246 0.0543065508132024
0.0745075021447956 -0.203060272442787 0.199090393889978 0.0622656260652365
0.162546249821804 -0.149498478221697 0.215277758222066 0.0917133178218103
0.23670583290216 -0.0459137878012087 0.166882173229356 0.0888570395586269
0.28457623712985 0.0249137893900676 0.158643500848797 0.0515339360000692
0.257608980125247 0.114095704585885 0.0336770244522243 0.121302912593074
0.259837161400102 0.0791899891615988 -0.0438758092245699 -0.0698312930118846
0.248614359838057 -0.0305022311501164 -0.182399150501367 -0.074955117227116
0.201259754703884 -0.133430378309394 -0.236086035036448 0.0142418307678652
0.11926397062453 -0.191490681946204 -0.203319847844445 0.113924165308728
0.0316328468918723 -0.208186297698597 -0.125005612320652 0.141659283811679
-0.0466518682209763 -0.191533080977199 -0.0575107330482875 0.126324810967794
-0.0586159254819561 -0.174824007918456 0.00358536216589856 0.0993095149408844
-0.0873079318272536 -0.168115389888937 0.0569342623351461 0.0472163469953458
-0.0616629744722315 -0.220745802425617 0.10193488419292 0.00628035696588912
0.0166297762117521 -0.241223021605943 0.148004830842867 -0.00236786786694289
0.110110730847044 -0.252277276097894 0.198586944709121 0.0289865301060017
0.218171255116961 -0.175890752980105 0.204801124309138 0.0869009220953583
0.299205546206659 -0.0339890667151245 0.111872543206145 0.092541599436663
0.342503591746316 0.0559306336490577 0.0529205358102051 0.0163307772695053
0.275404888505223 0.134741877272098 -0.0713431926907638 0.0542974834468815
0.305238240778362 0.0920819338901149 -0.119275472666565 -0.108175126269879
0.30300472419715 -0.0485014080757901 -0.20622995407799 -0.0897663014667334
0.233277376510733 -0.178995429990248 -0.221852108714277 -0.00171705299189316
0.126262503801936 -0.230407363892442 -0.173913552155195 0.0573270714718524
0.0308499541774614 -0.237512170534793 -0.116266838007286 0.0616094183676385
-0.047357450244483 -0.211804040215412 -0.073736717233395 0.0422288021940505
-0.0534788356344154 -0.188718484424894 -0.0265270076989924 0.0220271986265406
-0.074403876829286 -0.184433210343311 0.0228368036390223 -0.0270548349197655
-0.036495977872991 -0.235514086390741 0.0741337109681138 -0.0627659823928038
0.0469055528199395 -0.25013592464506 0.135496453265927 -0.0606051835757745
0.145727521267469 -0.25273372071355 0.192585711034717 -0.00125697664427985
0.251005011337584 -0.159035159610945 0.183569498992664 0.0820508637839607
0.318337228410866 -0.000243515396609127 0.0532697482700736 0.0920872843735172
0.345222873334165 0.0894491578974987 -0.0509909689426002 -0.0259954649210257
0.247689426431649 0.128694362088794 -0.179331260960082 -0.0121082040281515
0.291562418652159 0.086603633811584 -0.197169462198758 -0.127155947843646
0.295812402273671 -0.0576474401510627 -0.219820586471989 -0.0946856531846113
0.217663478501878 -0.187606570352575 -0.197635866410936 -0.0234332436559613
0.109677230718732 -0.223367973275054 -0.146350944128471 -0.00999832419819527
0.0235320832311195 -0.224177787187289 -0.115066458773374 -0.0225823516594775
-0.0417876403295036 -0.197510752133534 -0.0913727036317659 -0.0422749023331483
-0.039845180892332 -0.173827690462916 -0.0516350766301625 -0.0568174129030362
-0.0469273346869122 -0.175295626282433 -0.000262697752781025 -0.103085713182864
0.000152274100871502 -0.216207428608945 0.0617061549252231 -0.131455773211927
0.0809673082002957 -0.220224940583734 0.135148844408023 -0.11294934734616
0.172086308942448 -0.205257145189777 0.188716439167362 -0.0244015054293121
0.25331332292745 -0.102440392087839 0.155694679827318 0.0736872612398847
0.292724415156487 0.0485607570975157 0.0014976956150889 0.075912333951926
0.295650756060992 0.118479510455081 -0.135607224916617 -0.0766991373746105
0.174064809472485 0.106050219244678 -0.268495724257861 -0.0647305752598714
0.221752777171419 0.0723665541991654 -0.25876333749314 -0.125461126558286
0.228488241060388 -0.0466358298721787 -0.222552012212138 -0.0930708543665021
0.160232066392037 -0.149450531076388 -0.175046231836404 -0.0467802127562798
0.0785079103649119 -0.167502273046283 -0.129816615870531 -0.0700036470073837
0.0174415594065774 -0.168755965369716 -0.12204829940882 -0.0922749278389014
-0.0261455264539648 -0.151612466093886 -0.108801090428865 -0.112127436487013
-0.0208830841358536 -0.132818050229716 -0.0677179516489414 -0.125698005166521
-0.0169685255749157 -0.139267074651082 -0.00695690346750219 -0.172031411906091
0.0302892160672362 -0.166782397351961 0.0700998553990012 -0.18978102894977
0.0962870016763644 -0.159721919684734 0.153574499740483 -0.1509227779609
0.168067021683915 -0.130128621038589 0.192115447974563 -0.0387653822247874
0.216753298987946 -0.0335967982880449 0.132128051180684 0.0595190139851312
0.224793095165829 0.0888471941242736 -0.0301181189833582 0.0437759615303314
0.204954223814292 0.128678259502675 -0.186920282014596 -0.131757878922544
0.0662261005264467 0.0743317461808271 -0.320764647905862 -0.097352972031158
0.111134063374264 0.0601036775119309 -0.288492072160542 -0.109150498852873
0.122734354744671 -0.0142983609501047 -0.218400629370203 -0.0897985099011959
0.0832975595374165 -0.0738938636106226 -0.164978258528978 -0.0652705300504321
0.0449931105821823 -0.0767965291352462 -0.129129654074652 -0.105966014586167
0.0203385291260696 -0.0847142001081423 -0.132895266452724 -0.130113736681281
-0.00209600362922026 -0.0825649635256083 -0.119713795621826 -0.153939461522762
0.000559250357915925 -0.0720092901602291 -0.0727311422665772 -0.174344165163065
0.00641518189085564 -0.0798768076698028 0.00045303468688701 -0.222072442944554
0.0379690128866064 -0.092404181765107 0.0945657977364294 -0.229119445421807
0.0752888826926611 -0.0861023429483185 0.18404398916768 -0.172124990545114
0.120220060024097 -0.059578574321771 0.203447248198086 -0.0443344468397475
0.145303697932831 0.0143700259239743 0.120330480175986 0.041458607653232
0.130835378639575 0.0939444412925138 -0.035451279088907 0.0100058698752516
0.0930877746498426 0.106097182061685 -0.199791460188477 -0.175159529659344
0.0223932147655263 -0.0499137846141355 0.229013652221592 0.172937167483459
-0.032662286006022 -0.0511344186485604 0.079655666331985 -0.0131383938949285
-0.0618097621385195 -0.0111892930688923 -0.123160916141753 -0.0541661710872935
-0.0395105391180384 0.0249579836796754 -0.233356902825585 0.0215799251958505
-0.0230777272153668 0.0188367647458418 -0.228506263934343 0.190311933047257
-0.0219304237467135 0.0134164026419713 -0.122740432214252 0.267178055114894
-0.0267797583641092 0.0116562753883034 -0.00775882571878998 0.25723400308074
-0.0257625417826513 0.000405050036842098 0.0875524445784006 0.221140348478665
-0.0375862397321059 0.0019617206909549 0.140764999568379 0.170622276396167
-0.0425748257814027 -0.0121221936756329 0.164469753523877 0.137604681537751
-0.029572784860243 -0.0192780409078886 0.161285381884835 0.114449488401067
-0.0305435223685358 -0.0221171765462653 0.186156992883055 0.0960425847425305
-0.023779333033883 -0.0375317092306417 0.225790276155847 0.0898864730179301
0.0147124436369864 -0.0509687430597023 0.251234716734969 0.101651513930763
0.0469774623000212 -0.0418329634313428 0.315614797396406 0.102021069015164
0.122890106337522 0.00689949288489286 0.194537803172058 0.190308681445966
0.0747269488264276 -0.00805137673391497 0.0549744537078499 -0.00673573661159849
0.0430811738048794 -0.0176251929855141 -0.136288349597154 -0.0462158079140046
0.0444652238586115 -0.0249558180997535 -0.237260086253171 0.0260867555294538
0.0306078300579545 -0.05659839100247 -0.232877776175166 0.180369734539267
-0.00267173842691171 -0.0715509881932543 -0.131962492843776 0.250714187065575
-0.0403296980697965 -0.0688945297418705 -0.0230349895578669 0.244517140797829
-0.0462494189601547 -0.0736364168448385 0.070101523340151 0.207491220031785
-0.0688513223902976 -0.0696833158990465 0.127202986506314 0.152008517000594
-0.0611405655042184 -0.104818358063567 0.15833534831734 0.113512539280083
-0.0144531657171961 -0.118828884131594 0.168194527311543 0.0945990004934599
0.0284876349849717 -0.123073605795516 0.195558553934577 0.0841544749116731
0.0794363112841887 -0.0985289145440948 0.223714051240832 0.0880519058447463
0.140299450067713 -0.0507911144847047 0.218058621283133 0.0875438586170418
0.182780473925007 -0.0105112528984233 0.256701420444982 0.0773194437304972
0.208123395613517 0.064450217799236 0.129785722748505 0.17088971763514
0.179883146563031 0.0393159695088999 0.0136415376051819 -0.0307796801684391
0.152935678718287 -0.0239388559904205 -0.160821527322739 -0.0549458895961977
0.130581427379674 -0.0809175478076455 -0.241637304714617 0.0275108180244174
0.0810918991147164 -0.131857612062679 -0.223209048085936 0.160284399661865
0.0159109824729954 -0.151589311785547 -0.130263351772461 0.211068862813852
-0.0486762307585704 -0.141689019546889 -0.0376213458951046 0.201003719935724
-0.0609312130487025 -0.136032443225542 0.0418385758836627 0.164920509916818
-0.0904678140166026 -0.12817431523387 0.0990022809596701 0.107115437368712
-0.075301050764309 -0.17656841392373 0.137073332566725 0.065206518257349
-0.00712714211105444 -0.198003474739401 0.165838804431365 0.0497465313248325
0.0688680913362264 -0.210556498648336 0.203420643224381 0.0568606637363295
0.158941845665184 -0.157197150254785 0.222047579269345 0.084137695196368
0.240528600030192 -0.0548534965093171 0.171433347134952 0.085269378566366
0.289527553701761 0.0163589567025013 0.165157399903471 0.0480755338728443
0.266100846958723 0.106446765749459 0.0390624858713025 0.120872536974225
0.26751350975539 0.0713560996214676 -0.045847558176768 -0.0710506597659374
0.249506072056945 -0.0406922151525714 -0.188122521845874 -0.0727381307826238
0.199172519750144 -0.143857724478281 -0.239509523039807 0.0206695193323135
0.112906747283145 -0.199181340515746 -0.201600095546485 0.123064760765941
0.0237226499344414 -0.213444989057766 -0.121851194234376 0.148314103466155
-0.0554980500916363 -0.193538181042857 -0.0531617268469476 0.131444342585595
-0.06680123663441 -0.177289272134132 0.00839745539223666 0.100193057391282
-0.0954663418005612 -0.16816453808007 0.0611675956375367 0.0442479931648198
-0.0722754332053158 -0.223126932346305 0.105021766123756 0.00260934104466197
0.00764799758304434 -0.24723387203357 0.153025264552239 -0.0080976055081337
0.102502308045671 -0.262150371179538 0.202976839899979 0.0232728608065151
0.215680870133692 -0.186459662501658 0.21056248635696 0.0799726312097022
0.304714584284662 -0.0452547555669657 0.116300149606578 0.0909304802001589
0.348844527201632 0.0459651343590179 0.0559745755636707 0.0158675064456168
0.286182259800165 0.126238010187652 -0.0714265089375398 0.0560555147048147
0.313704729443715 0.0825413956053004 -0.123623885152689 -0.107539386821516
0.304797247193992 -0.0608568643043755 -0.212459141503884 -0.0871202439642049
0.229695059904491 -0.191118860362286 -0.225027938381796 0.00343952550410117
0.118377676772182 -0.238622211773978 -0.174210341508195 0.0641565904722419
0.0215398756750317 -0.243194138189316 -0.115963366232497 0.066768077448809
-0.0572036769374525 -0.214252991861543 -0.0727129302066151 0.0464898251113503
-0.0612863444681052 -0.191047151195455 -0.0261071145099046 0.0225499845075299
-0.0824610232224851 -0.184686899778924 0.0237408878766325 -0.0292812733217002
-0.0470349545883813 -0.239123637509322 0.0741987705584995 -0.066392053154332
0.0376101638839333 -0.25779298816185 0.138004685528726 -0.0672049609022261
0.138007867521157 -0.26365616932467 0.19564257617058 -0.00814232246742448
0.249352838151141 -0.17044003236211 0.189366487533394 0.0743733376602908
0.325121622238265 -0.0111548460564648 0.0574422677657714 0.0919959520180887
0.352922941593119 0.0791963736652213 -0.0525170708069463 -0.0227443281049015
0.257154113409052 0.121138505666153 -0.183168952000102 -0.00750047352147444
0.299463311511587 0.0772768210829935 -0.204648444894524 -0.124686032073591
0.297280946442098 -0.0698686064186093 -0.226594702195549 -0.0914651246156525
0.21291495630935 -0.198718668985631 -0.201347979799851 -0.0187116765302278
0.102041147412208 -0.231339708299701 -0.148609395122312 -0.00541098175549679
0.0146470421372529 -0.229324757564163 -0.118109409428032 -0.0189795249418268
-0.0505173123337124 -0.199319824360766 -0.0955825456743607 -0.0391784761559905
-0.0465436044548992 -0.176206995168614 -0.0552232950154169 -0.0559936716341119
-0.0539518868242822 -0.176378916163401 -0.00360771661677694 -0.105696829519014
-0.00873962992265996 -0.221553379621764 0.0578184413915867 -0.136006316572725
0.0736936070180493 -0.227978198706288 0.13540256456603 -0.120366070019584
0.166454671706546 -0.216455493046647 0.190664065905872 -0.0308174822301885
0.253694939874203 -0.112706719107257 0.16195625015153 0.0680454243274738
0.299809616553993 0.0395128083500413 0.00508737272062707 0.077033169557151
0.303423938927524 0.110521562040657 -0.141100740130739 -0.071699154135522
0.181511008877098 0.100362501973272 -0.276756318231544 -0.0575740010185393
0.227681147036571 0.0651721381370153 -0.267328203088176 -0.120520991003831
0.228114345169381 -0.0553926449016366 -0.229117428123936 -0.0884869911882471
0.156003599141444 -0.157451069305653 -0.178726362216627 -0.0429467684061485
0.0728204637594355 -0.173895758796004 -0.135000971264043 -0.0675711618292955
0.0109366108127926 -0.172699446743878 -0.128326615383076 -0.0898788227415267
-0.0330944712567842 -0.15312263973556 -0.116227144639877 -0.109702080713991
-0.0254779156428781 -0.135237885827959 -0.0744012513408219 -0.125505246724969
-0.0224545028547586 -0.140799490447859 -0.0132063057438754 -0.175465087850214
0.0241786802106923 -0.170768810375766 0.0641098376193561 -0.195745548492357
0.090755847404039 -0.165924495467856 0.152292002748545 -0.160201248829707
0.164418689081825 -0.139789671911265 0.193948348737388 -0.0452138181750972
0.219219093311572 -0.0419791873441161 0.137560278042691 0.0552654617500161
0.231542349453095 0.0823037503327719 -0.0284421349946346 0.0457707965694099
0.211423682503917 0.123348552427137 -0.195286049823463 -0.125380233334729
0.0701716702322866 0.071627650115628 -0.331445119117352 -0.0891829601849397
0.115138404154881 0.0571295114258895 -0.296982444275304 -0.101717870781406
0.122861801215183 -0.0192909026489949 -0.225258730906245 -0.0850861359248937
0.0808228569962762 -0.0777244793109418 -0.169414277928368 -0.0618413052255537
0.0427871111391771 -0.0806093391173683 -0.13602461043974 -0.104879837481656
0.0163392521452093 -0.0872855830660172 -0.141564165262644 -0.128524552018175
-0.00536703197659067 -0.0834937696104374 -0.129850902848787 -0.152077888478996
-0.00114682861912428 -0.0733004514003253 -0.0810806763686842 -0.17416883902513
0.0040710245851316 -0.0810153520636595 -0.00858713660127807 -0.226688037330887
0.0350905720920956 -0.0960955403485577 0.0869701997169035 -0.236811512746392
0.0723200409713904 -0.0896926353202539 0.182384710804671 -0.183032303035465
0.119444310747138 -0.0649476750541467 0.205931737278934 -0.0516769500658975
0.148308681522238 0.0102053500531639 0.12518765943749 0.0383407802921392
0.135395521288615 0.0906907253657879 -0.0349085458258364 0.011377752120346
0.0960536217687689 0.1043515344999 -0.210403844038206 -0.17066623911913
0.0198054619755766 -0.0508962474408129 0.241934986180361 0.157596012195849
-0.036499231735908 -0.0501642872957365 0.0793978619497739 -0.0187650490233502
-0.062390846742857 -0.00708844523316917 -0.128026677517666 -0.0477878812519206
-0.0385586988847591 0.0277456398994727 -0.23478224730663 0.0352937502207627
-0.022418014292784 0.0204355903174526 -0.217202239036125 0.205513617544681
-0.0211858321935044 0.0144844453073738 -0.105699659001085 0.276819429876508
-0.0260957841856853 0.0136941013036739 0.00935444663203183 0.259504532446984
-0.0269704116953528 0.0019029652974178 0.103562794052814 0.216167174796774
-0.0383724296231992 0.00412665491378853 0.15479577387164 0.160859052985546
-0.0441425732965115 -0.00952530960196091 0.17624844615655 0.128307847947969
-0.0297896518809693 -0.018138882340877 0.169811274085686 0.106358047004506
-0.0316484572076195 -0.0202538218208222 0.193068564197564 0.0854449553835859
-0.0265771680767071 -0.035653926371418 0.231050855370449 0.0771602079372095
0.0120896447351189 -0.0529746082420655 0.257909981845079 0.0886444223698858
0.0444410148929557 -0.0443451201068157 0.326520357583019 0.0834217086288144
0.124471286528591 -0.000499021928146635 0.208385925943475 0.177154991320513
0.0744799433892825 -0.013311993177411 0.0556967837666587 -0.0112175766837929
0.041331639209947 -0.0213289319528102 -0.140660986196732 -0.0393080317959559
0.0424612295993813 -0.0272846005607262 -0.237585793511905 0.0393868910698652
0.0259625196146474 -0.0588840521030546 -0.221645075468993 0.195566509694608
-0.00797961933973402 -0.0723920752581773 -0.116073888427717 0.261052015307263
-0.0450871016669019 -0.0667029023123387 -0.00632407582122451 0.247554928256581
-0.0525580527943458 -0.071905109841875 0.0849147195675228 0.203562572535492
-0.0744457332886827 -0.066128138463317 0.139635752782536 0.143395258037421
-0.0692289360495383 -0.101574878468194 0.168535591478602 0.104519015834943
-0.0217652749908777 -0.119218859365846 0.176143498146483 0.0849788665769082
0.0215306084748683 -0.125792962042284 0.201373413434975 0.0728766883114159
0.0736138668018046 -0.103996450214205 0.228955112029211 0.0738685498328662
0.138861274846504 -0.0605112199274744 0.223813934152342 0.0756821780713011
0.182600549284897 -0.0211433364031104 0.26595546599409 0.0631193960739919
0.213558302441315 0.0518991528658779 0.142147061841236 0.161975370614491
0.183633608465889 0.0273740461981801 0.0130180757863143 -0.0333476314159653
0.151067602730442 -0.0346156812138288 -0.165103413236509 -0.047707495881737
0.125033940683129 -0.0889462835086056 -0.241908601328492 0.0405998984271602
0.0708076907446384 -0.13816511240941 -0.212624911075641 0.175432427963095
0.00475614667226106 -0.153666729408935 -0.11688838237486 0.220615389628743
-0.0595157520766917 -0.139331330124565 -0.0239016012336264 0.204701509354751
-0.0715954751788683 -0.13357638616855 0.0537217396057706 0.162478646159745
-0.099750686603631 -0.12382282656323 0.107816681041151 0.0995773080185701
-0.0888361740565554 -0.173715931461195 0.144250806425487 0.0568269738030276
-0.02007960778639 -0.199372582549276 0.172529639547991 0.0394270911845574
0.055520195388806 -0.216386978777135 0.208168242340709 0.0444976772899301
0.150076792986471 -0.167134587804189 0.226988538707595 0.0691370167835825
0.239142200055182 -0.0706325768119169 0.177193553388815 0.075451165386573
0.29131564715585 -0.000863986112645652 0.170904925109896 0.039166200474414
0.275715292573588 0.0897103377541278 0.0474318721939761 0.11698727835175
0.273730497385 0.0542961630567283 -0.0495955158392027 -0.069721365514237
0.246785032414884 -0.0575660239241215 -0.193877335129388 -0.0635242992758173
0.189143206063577 -0.156154023851393 -0.239338269708689 0.033001333824956
0.0984121988630127 -0.207826623650808 -0.193299675297492 0.136339454061837
0.00865455457108259 -0.216611701258276 -0.112802966852874 0.156923941837353
-0.0693647244603169 -0.190910072190115 -0.0443676960666934 0.135673368531749
-0.080085596711961 -0.174528259265769 0.0151603602551131 0.0996113180586579
-0.107307312691849 -0.162515495213348 0.0654883513679799 0.0384060447282799
-0.0888116935954733 -0.220438054761279 0.107825790440797 -0.00458030631418338
-0.00898396895577495 -0.249624175570292 0.155476431407327 -0.0187973325199531
0.0847412598556905 -0.270576237249129 0.205106888017096 0.011872139610715
0.204199598876363 -0.200544598244687 0.2172269439199 0.064643362123729
0.304311757785892 -0.0642968848225212 0.122769799104372 0.0841842439545585
0.352731923071607 0.0245363340237327 0.0582577841243064 0.0139833922432228
0.295394188680129 0.107553274243002 -0.0679476502631191 0.0585943378696734
0.320641650726298 0.0630188412669846 -0.130072599006667 -0.1015635559045
0.300672643793829 -0.0812821837031567 -0.218983710548902 -0.0767558870579262
0.216808304559831 -0.20607056759934 -0.22585304429592 0.0151638559337672
0.101975183365828 -0.24815962312108 -0.169459343926737 0.0749797628215902
0.00402676532101133 -0.246267707824374 -0.111990526096193 0.0739207944144039
-0.0725772541589318 -0.211585581941857 -0.0700469105856423 0.0510852636274801
-0.0748113296065882 -0.189178009135075 -0.0249994382054771 0.023655814840193
-0.0943521893679572 -0.18032302786037 0.022890451895023 -0.033050909015346
-0.0646704140378101 -0.238380660615045 0.0709514168290978 -0.0721076145266929
0.0204359234257396 -0.261866522606357 0.13666161366915 -0.0773718550766881
0.120411620383958 -0.275278987401507 0.196130727197911 -0.0190998983906315
0.238964483486601 -0.186526458658356 0.195643728309165 0.0618085646594945
0.326719654064961 -0.0316419099560851 0.06375201673137 0.0882887455204246
0.357616251864532 0.0575042318788772 -0.0536213755298103 -0.0178981161509005
0.265720791798036 0.103978821956141 -0.185467715230543 0.00251140971311762
0.306016059893425 0.0588639360951826 -0.212994732383503 -0.114373462859376
0.291423993196261 -0.0897982785946615 -0.233282279653846 -0.0797381003160481
0.199930513440925 -0.212854614542309 -0.203077864387074 -0.00910440275275626
0.0867530621966536 -0.239322108744817 -0.149000147388767 0.00329831323415463
-0.00183148711526767 -0.231496280420162 -0.120841967641226 -0.0124876948358614
-0.0650279901922384 -0.197730824278787 -0.0986302512600497 -0.0328017900496325
-0.0593057994165879 -0.175375960412735 -0.0593655771405951 -0.0529494753826094
-0.0660124692849674 -0.173600384102846 -0.00950399805695865 -0.107577013610789
-0.0250958076492235 -0.22314757753306 0.0501404119781715 -0.140575123292423
0.0584721441866083 -0.234449138339935 0.130855121462965 -0.131397445456821
0.15264267420311 -0.229874708547552 0.18962496343733 -0.0422527556453357
0.247693800356954 -0.128868678545008 0.167431327510741 0.0567368960648882
0.305084644013013 0.0209138692528572 0.0103622614900544 0.0764664718556066
0.309877670107614 0.0917413294561433 -0.145719520050099 -0.0614701965522074
0.188308726913482 0.0879246604205986 -0.283705669451826 -0.0409022241150392
0.232572290783961 0.0511888029767207 -0.276138055299458 -0.105039696226974
0.22453620183707 -0.0707427346630553 -0.235354468635821 -0.0772351755924463
0.145760972080496 -0.168154401047419 -0.181849115398192 -0.0336424953121048
0.0610755183599979 -0.180095147103988 -0.139358064692347 -0.0600558406535144
-0.00162317948609375 -0.174555008969058 -0.135604386262391 -0.0832700379248459
-0.0443309026289771 -0.151600301121126 -0.125153725748653 -0.102179239239089
-0.0339044203935559 -0.135303169362747 -0.0835186583948604 -0.12063488180779
-0.0316690398298686 -0.139514530354486 -0.0251704570142549 -0.176375000737638
0.0116577494663339 -0.174151691652486 0.0518710332511558 -0.200783148805397
0.0794259847625318 -0.173236122453149 0.144705239203716 -0.171931889839009
0.155649057572746 -0.15191751390428 0.192158154383715 -0.0571817602926179
0.217499849298666 -0.0556736275875049 0.142020353254419 0.0455433905983279
0.238136892424064 0.0682937187130804 -0.0251453452884569 0.0477941740930099
0.218651600208463 0.110948439928917 -0.204674895357628 -0.111964241246249
0.0740844221435127 0.066340583115419 -0.342024541155019 -0.068100287427514
0.118718717065866 0.0494407962910856 -0.305476359396757 -0.0848598009811563
0.121316778736266 -0.0272188398486311 -0.230386996730846 -0.0743858851967595
0.0748513157179254 -0.0833584880075629 -0.173745104926863 -0.0534353249775054
0.0370274698810942 -0.0842312865502197 -0.144020458508007 -0.0976015874782966
0.00998850122911207 -0.0885220565067836 -0.152362855324514 -0.120660830426827
-0.0114409875903626 -0.0831786592387951 -0.142122822059057 -0.144174024169407
-0.00516823075622965 -0.0738048392836347 -0.0945883127530741 -0.169359640838889
-0.000909741711820731 -0.0808671576957478 -0.0243758862036553 -0.227782591671676
0.0281939897244716 -0.0993805495843221 0.071915766828013 -0.243502228181266
0.0668229735702928 -0.0944815795136525 0.173252674980473 -0.197186578340021
0.115802430983971 -0.0734444872145993 0.20354670898389 -0.0645012300066233
0.150000461267274 2.74850895573379E-06 0.129371000407549 0.0311844806301164
0.14173467703625 0.0827855795718469 -0.0337650164285273 0.0133154335490478
0.10206778553938 0.0989279975827329 -0.223243856782934 -0.156162270587821
0.0154329097086817 -0.0498206664831046 0.247015049826553 0.135156160854955
-0.0392922466705679 -0.0467690736532755 0.0765097989287622 -0.0241690350592728
-0.0614176431536353 -0.00343393916063213 -0.128512478804515 -0.038690229206596
-0.0352689208697831 0.0300942533121928 -0.22803330408456 0.0495166564489946
-0.0213168017431768 0.0219093819158341 -0.197025513059356 0.214814106977428
-0.0203727694984575 0.015191498202141 -0.0828110946295758 0.278321505022105
-0.024075175764165 0.0155321687867627 0.0273113375822252 0.253861179376352
-0.0269921066183255 0.00385143634576679 0.117746079001329 0.202540621251645
-0.0376730579763815 0.0068335660851191 0.163755782603469 0.145340521999008
-0.043882546114435 -0.0067638854966599 0.182026796895345 0.113494552900522
-0.0298833282966817 -0.0162548879012173 0.174621716986589 0.0933527167064805
-0.0321879072396528 -0.0164633003565836 0.193945913753573 0.0705203567739215
-0.0278901894356119 -0.032587942291611 0.228246945833393 0.0598365527484908
0.00868088198279368 -0.0531465779775297 0.256226232985718 0.0714046991001851
0.0408896023457189 -0.0446336671560649 0.327234576949462 0.0589228510670463
0.121446183774938 -0.00874943362841283 0.215965828375653 0.156855203213983
0.0718521141352578 -0.0183247674583277 0.0537429007171711 -0.015749179930849
0.03837587348714 -0.0245242818866232 -0.140408970266827 -0.0301031426709671
0.0396257765645468 -0.0294495432024127 -0.230261440332999 0.0534329444893416
0.0197863495550012 -0.0591023445121805 -0.201203927567162 0.205691903826119
-0.0139913997064387 -0.0702793816123327 -0.0941252670925795 0.263275378312808
-0.0493218961278175 -0.0619457873278339 0.0122671263459698 0.242714876570991
-0.0579504109781089 -0.0665079888684694 0.0986028498832792 0.191809940499708
-0.0775283444489194 -0.0595836973625387 0.148252892340229 0.127739345386166
-0.0759542536304814 -0.0948986718055138 0.173390492698734 0.0902391503655949
-0.0291805202599411 -0.115804978845697 0.179976028848655 0.0715736553576678
0.012392865488978 -0.124459159309101 0.20128681819713 0.058122429325108
0.0650547730773177 -0.10602082291917 0.226220861936172 0.056076871215782
0.132834708017379 -0.0691170823868548 0.222785935925051 0.0602393926974117
0.176880490509733 -0.0319964523804889 0.266447704008857 0.0438534763133277
0.212868446051511 0.0356229844846505 0.150742317070016 0.146164499971834
0.181236333425756 0.0141568867776461 0.0114813234800923 -0.0339978440463441
0.14377284255868 -0.0450536721443155 -0.164681120473145 -0.0370656114296362
0.115204859287711 -0.0953314864000871 -0.233988899390853 0.0536814015938104
0.0583085742712409 -0.138899278631256 -0.193732845402207 0.184917336394471
-0.00764779565007348 -0.150398909238814 -0.0978850189982177 0.223547204409816
-0.0682497878929543 -0.13182131040162 -0.00727986050251901 0.201871691954022
-0.0807026765277263 -0.125928590719102 0.0644976565620285 0.153960843625065
-0.106809422348825 -0.113700133587476 0.113932254898375 0.0874856578010827
-0.100738279051056 -0.163286235338681 0.14639048410696 0.0453927995576752
-0.03345091743478 -0.194833192933875 0.173188116571453 0.026471186969028
0.038263300821746 -0.216154894165913 0.205819872180904 0.0307821250922366
0.135381239221438 -0.172855581567357 0.224053733362696 0.0504286916576312
0.230554173767961 -0.085836177268986 0.177986650710872 0.0628238137602704
0.283541275114039 -0.020516871460032 0.172088947081861 0.0275074023796802
0.274553794056369 0.067839094966055 0.0545793113841453 0.109498459218924
0.271034094721371 0.03352351938552 -0.0521129653133296 -0.0664957607874091
0.234909268219282 -0.0740139549351275 -0.194152876097055 -0.0507863282049013
0.173484266886103 -0.165210041486613 -0.231665912501889 0.0465187990152758
0.0797216591469335 -0.20927482625728 -0.177801140482244 0.145452879685543
-0.00858969198849344 -0.212205197431594 -0.0986689968687942 0.160229055316428
-0.0823611068837243 -0.181310618221723 -0.0332951289258395 0.135419820020332
-0.0920229451661086 -0.165668478173604 0.02228778380049 0.0953962540809467
-0.116450649404121 -0.151374693375777 0.0677557770817137 0.0308509489612537
-0.105117032188554 -0.208539374405076 0.106677929657678 -0.0122330533361051
-0.0269488420196869 -0.244275142839047 0.153085854877842 -0.0299958358765342
0.0628207726243544 -0.271722677854853 0.200777098029048 -0.00210630060587273
0.185411778346818 -0.209491932320291 0.214590013027742 0.0460701028831586
0.294532283075136 -0.0843077275389149 0.125463347172515 0.0734075340138383
0.34445168733828 0.000600591475402429 0.059832261576718 0.0112852537852088
0.295231590964674 0.0835394413097768 -0.0622176504308079 0.0606735606601718
0.317972799108525 0.0393918017111689 -0.132924213093118 -0.0920130542032245
0.285481202740066 -0.0998463925397578 -0.219604950294335 -0.0618526879021025
0.196781835220136 -0.215671221079012 -0.219062875423475 0.0273780006811325
0.0811023520636284 -0.249530837021478 -0.158709716554183 0.0841447987403557
-0.0147204256493896 -0.241125593199738 -0.104542437489875 0.0789615117470292
-0.0868959954234746 -0.200905708621227 -0.0644124796827149 0.0550448531585371
-0.0880352771810203 -0.180344650094415 -0.0227169411396146 0.0248462109880661
-0.105016793940608 -0.169161825385473 0.0201497716433493 -0.0350446141808906
-0.0822074572838822 -0.22780003731122 0.0659505455201069 -0.0757250115068998
0.000998194284973877 -0.258106266066969 0.13032678462818 -0.0867483070851243
0.096476390811117 -0.278526870929503 0.190161560633587 -0.0307899552826559
0.220865998411921 -0.199026284307336 0.194347419967322 0.0444613359712677
0.318022170661829 -0.0537867523519082 0.0691892107396712 0.0813462496893735
0.351096552290603 0.0321081152233055 -0.0516505831385669 -0.0118695155792386
0.266554412137645 0.0815837703240809 -0.1810847768602 0.014331876050306
0.302864899390971 0.0359353033532832 -0.214810715523362 -0.0980316226537559
0.27630694785777 -0.107390031544018 -0.233330119433647 -0.0641529630437513
0.179228449318308 -0.220891512239517 -0.198359204719582 0.00347700669371903
0.0661820007553276 -0.240201593790112 -0.144494129211872 0.0127003850272749
-0.0198255957909631 -0.226129536695753 -0.11946539851886 -0.005346324865797
-0.0792220482642616 -0.188103533827835 -0.0992560242824459 -0.0251508682322131
-0.0709004103963035 -0.168321278559382 -0.0625332507839886 -0.0474357655242993
-0.0759929725064081 -0.164405206000465 -0.0177034039266908 -0.105503680070534
-0.0421525195776588 -0.215986791731377 0.0401271245306368 -0.141074749368109
0.0389265309207736 -0.233639441089851 0.119949925898377 -0.138446595496382
0.130604130559475 -0.236256832323629 0.18225308413082 -0.0530937125314195
0.232592323032277 -0.143712703112904 0.167408404831958 0.041989237660087
0.299601056899142 -0.000970784708300256 0.0160151735055325 0.0735031512618931
0.307005865307932 0.0686762734570691 -0.145515644605018 -0.0477629989255069
0.18943403267277 0.0709318215660379 -0.280725693871387 -0.0212699368135246
0.230899856249389 0.0339550202565273 -0.276672698697804 -0.0852145994273361
0.212500493286994 -0.0849157254857789 -0.235531660762916 -0.0608355535254374
0.129244393962157 -0.173599076645948 -0.178904731807526 -0.0216701118858579
0.0462462720240921 -0.180085176995146 -0.140303818026894 -0.0496030091862813
-0.0149503695549375 -0.169924552260537 -0.139707612113903 -0.0731816857023282
-0.0543321420830221 -0.144449579780131 -0.130819283669424 -0.0909333591577855
-0.0428591912927933 -0.130547261013583 -0.0909772953576718 -0.111602922813085
-0.0403118428763435 -0.13386592038965 -0.0373243175530838 -0.17128489246743
-0.00218267280399227 -0.170923813492002 0.0369138691909022 -0.1996449164579
0.0645430197009149 -0.174599297239222 0.131050220934582 -0.17960787734861
0.140122507202067 -0.160249562890485 0.183254168170132 -0.0678214048237268
0.208513106464642 -0.0697580766579979 0.142834997854992 0.0341165185264549
0.237259743159329 0.0506527533648255 -0.0203749239991784 0.0479975813037154
0.219584842003832 0.0926365163107853 -0.207362597169439 -0.09307435400744
0.0763920593591978 0.0580698470852512 -0.340424880200926 -0.0434322428965367
0.119003884737154 0.0400868849969024 -0.304376421953485 -0.0628682283842441
0.115293153905887 -0.0346914455526979 -0.229993387796177 -0.0580593993326591
0.0661443601151907 -0.0857958530150406 -0.172285283624903 -0.0408997253123447
0.0294848462299909 -0.0851877486548623 -0.148670320721509 -0.0857860888869909
0.00253474716292147 -0.0868132468794598 -0.158568941528706 -0.108344723463476
-0.0170292319734446 -0.0799341894694569 -0.150270234275241 -0.130070629765705
-0.0099243314403285 -0.0728438545102067 -0.105195269764254 -0.157774929064845
-0.00566677575569208 -0.0788860489802904 -0.0405816062658847 -0.220645382568726
0.019994944756894 -0.0988500652030339 0.0520561830328876 -0.242990160485444
0.0573291257649108 -0.096504902909983 0.155578549672835 -0.205395267440799
0.106900322309653 -0.0794907731363572 0.195321067942073 -0.0759205819729833
0.145998446592383 -0.0105964888417038 0.128694889072354 0.0212084484007978
0.143275905199062 0.0716991612040683 -0.0315360758913975 0.0154245674377666
0.105019398693527 0.0889665838945252 -0.228857069851755 -0.134960963019707
0.0124399908187296 -0.0475001589321141 0.242700922494386 0.115970882564447
-0.0402346529205922 -0.0425027180774919 0.0721312995680482 -0.0276106799640856
-0.0588358993703119 -0.000554632283664531 -0.124862991004579 -0.0314225572419649
-0.0316000661710843 0.0305474920819168 -0.216859018816654 0.0573885688215124
-0.0194418487999259 0.0225955968226683 -0.176751458300579 0.21356445987203
-0.0188944361798967 0.0157297151449379 -0.0641150326799827 0.27115815999268
-0.0223130013900322 0.0161722903905013 0.0397600701044315 0.241359218948443
-0.0262533192536064 0.00561007845331878 0.124211985779676 0.186790678308402
-0.036664481196514 0.0083405083350177 0.165124911127016 0.12910071376732
-0.0431301005125116 -0.00429620368948683 0.181125805052134 0.100064739464444
-0.0289302597048216 -0.014359526276482 0.172320088758876 0.0819561092683602
-0.0306409624292128 -0.0138387555092443 0.188503206618681 0.057819002645052
-0.0275778547815323 -0.0294966079937432 0.21857376665051 0.0466943916795976
0.00597437398631403 -0.0519930467162984 0.247732648056918 0.0578343439508948
0.0376548115962717 -0.0433906551352831 0.317800792172903 0.0402353929424718
0.115724016555977 -0.0137762239198427 0.214140296105563 0.137274940430237
0.0672401467247726 -0.020946644970818 0.0513477967037165 -0.0184730557316757
0.0342294394820597 -0.0259540641983247 -0.136223123779295 -0.0233442476067261
0.0362910330628128 -0.0304060749963076 -0.218763569039631 0.0605914028078271
0.0152345960967067 -0.0567684763911994 -0.181447116200983 0.204883321090909
-0.017816739093864 -0.0662853649520755 -0.0756249176345095 0.256093446347284
-0.050051759793272 -0.0572478918555121 0.0253046914948839 0.231558693497136
-0.0595034795873136 -0.0603094775040462 0.105189871830638 0.177597747589895
-0.0777973164685982 -0.0526715908845356 0.149100397342054 0.113442923675958
-0.078686052644858 -0.0864447094551743 0.172289209654189 0.0773594210628595
-0.0337026568680798 -0.109922589825663 0.176757595579819 0.0597120738294341
0.00565931753592629 -0.119460855450346 0.194184688158773 0.04621121236698
0.0573540866521629 -0.103724219355796 0.216347601179126 0.0423178748554406
0.123656587340879 -0.0732209738950062 0.215267294031218 0.0483730112154507
0.167415823540867 -0.037842685390646 0.259656159350065 0.0288903414524454
0.204567064521055 0.0227764123293341 0.150852625083436 0.129823534165061
0.174463948554765 0.00426822150492528 0.0099994727419083 -0.0342568620859828
0.132768985573122 -0.0505673136946877 -0.159967932160886 -0.0285770101536285
0.105296773758131 -0.0971808800768411 -0.221790863645877 0.061815274370522
0.0473833171459842 -0.135338711605317 -0.174988564130472 0.185130934024571
-0.0161964993406992 -0.143900644637278 -0.0816155993013836 0.218145066463674
-0.0730516886088056 -0.122462474267737 0.00421749412511147 0.192796575507991
-0.0851563506541686 -0.116440863765617 0.0702502407667215 0.143206347244547
-0.108431292235882 -0.103354382677428 0.114127966212305 0.0761337437921124
-0.106421325498375 -0.151287833318165 0.144130164615937 0.0357959272675871
-0.0421873781504501 -0.185287817071307 0.168364042155504 0.0164156878726805
0.0254065332955797 -0.209170499113295 0.197606010110353 0.0204369647836809
0.120742420995498 -0.171524029937614 0.214556561877222 0.0363008766628462
0.216658279981555 -0.0938019167717762 0.172785027951605 0.0514557448432096
0.26884158320339 -0.0318318518138714 0.168580121163829 0.0181975531976764
0.265359322678143 0.0500555229917005 0.0576858877405809 0.0995623036736096
0.260389352588024 0.0192277193509678 -0.0522560951624051 -0.0622480037545298
0.218471041930088 -0.0819654551173468 -0.187852793591356 -0.0404385634747653
0.156954072694252 -0.166430871924837 -0.219552690156563 0.0530996764383871
0.0637330617817558 -0.203285452427145 -0.161645862069455 0.147187406152335
-0.0208538926208916 -0.202911156669885 -0.0864341481733109 0.157105343099252
-0.0888351990472826 -0.16881846782666 -0.0239671922533309 0.130677243016015
-0.0976813822644271 -0.154488440905279 0.0264306560057489 0.0904716625672282
-0.119448589200043 -0.13850860348107 0.0664523275607123 0.0247830142666866
-0.112624155367393 -0.193551207424218 0.102661363435581 -0.0178465281413716
-0.0385815138975707 -0.232929648872887 0.146557073333373 -0.0373633772115967
0.0450550241077865 -0.263539369416845 0.191720035244078 -0.00987909629567387
0.166907430531392 -0.20891243209414 0.205658628104771 0.0326458518919043
0.278096492464001 -0.0950703726652729 0.123660795248915 0.0641373487235251
0.327608490095317 -0.0157874550614779 0.0596102757494004 0.0086076715472327
0.285081882450251 0.0636686690511558 -0.056050025677502 0.0593898666230029
0.305666188112776 0.0220588298192202 -0.130371123652706 -0.0824490913781037
0.265240893253942 -0.109151284657352 -0.213175591313598 -0.0494035130303533
0.176453470918945 -0.215271013881678 -0.208135578208206 0.036182799484675
0.0635496153570433 -0.241780179804904 -0.146504439948207 0.0874166991451496
-0.0282969198981964 -0.22957982896339 -0.0970176493986713 0.0796503657981024
-0.0948276183695242 -0.187868385217322 -0.0588816427467771 0.0551352614041292
-0.0949828220765663 -0.168216362461536 -0.0203436698065928 0.025439252715017
-0.10898777140249 -0.156162722657695 0.0174337479314504 -0.0358487777028272
-0.0926055076466827 -0.212941824238767 0.0605708337069929 -0.0761945552207207
-0.0132858594318718 -0.247205036401473 0.12166457060453 -0.0904819688549291
0.0762369035323242 -0.272095764204772 0.180841034535006 -0.0372823117510018
0.201440829713853 -0.20113461063154 0.186187712690108 0.0312134829028699
0.302618550407456 -0.0672440051884905 0.0696926097443129 0.0737596732695597
0.335860345609816 0.0144887914462537 -0.0481995794885418 -0.0075417611402717
0.257757016992268 0.0631013710822238 -0.172494895552103 0.0217800424178914
0.291802802602036 0.0194461151390331 -0.20907932789668 -0.0844356041351417
0.256702198152291 -0.116077550836208 -0.225797860805348 -0.0511670502538581
0.158856188204212 -0.219126356858492 -0.188877024718386 0.0117198443906335
0.050154761479362 -0.233028441225195 -0.136560462915093 0.0188336130994578
-0.0316553399623892 -0.215451825827745 -0.115934568254518 -0.000603524277917556
-0.0859107008635502 -0.175330315210282 -0.0971381700444863 -0.0189415273294675
-0.0768893109019926 -0.157751106747914 -0.0624759113942768 -0.0413749616929002
-0.0810805085087888 -0.15272792537074 -0.0223006169111915 -0.10142793078698
-0.0533021861729372 -0.203392673136809 0.0313127471857885 -0.137146205104627
0.0246111806531149 -0.225780218589514 0.109026307947926 -0.139441347607473
0.110959921776443 -0.232852395971155 0.172075815318597 -0.058254233325228
0.214601537067562 -0.149000437623547 0.161134530868926 0.0300853358211452
0.286650259164686 -0.0151309131680145 0.0189876811564145 0.0694226923062668
0.294702979081294 0.0508454657481115 -0.140605678848705 -0.0362785093827455
0.182892485652947 0.0566974522418832 -0.270186880024171 -0.00639403292364401
0.221837067777038 0.0207948683928733 -0.268285538102221 -0.0680650830334348
0.1972147996859 -0.0907832219067464 -0.227561732269766 -0.0484548606033637
0.113881020662197 -0.171868603233542 -0.171725102556229 -0.0134903132291928
0.0337656736338252 -0.174781121018029 -0.136477737308126 -0.0409694572272457
-0.0245963504167612 -0.16179971724743 -0.138630836622803 -0.064174691103276
-0.0603287913142287 -0.135259980424185 -0.131012873561828 -0.0804570241350616
-0.0482463688333607 -0.123184560168774 -0.0932521214354714 -0.101028049528959
-0.0448930634506523 -0.12579956954239 -0.0450155955339207 -0.161639571209817
-0.0124909855560567 -0.163295942809218 0.0252624768793132 -0.192888787665459
0.0520826303199095 -0.169494509903324 0.117047086904509 -0.178750752438513
0.124140272688109 -0.160367861890723 0.17271979555764 -0.0725859879495317
0.19524808785698 -0.0774525163804277 0.137855281843485 0.0247099541527217
0.229685224400405 0.0368667530830639 -0.0169741450294914 0.0459713009639282
0.213175842136177 0.0782315623077407 -0.201929713888851 -0.0765492115182077
0.0750442864206937 0.0507257674668105 -0.328623666773088 -0.0244669619112702
0.115076971723871 0.0317991910302017 -0.29416418572457 -0.0451856005044009
0.107560281201987 -0.0383274929542168 -0.222486256373311 -0.0451904469951855
0.0578177780264113 -0.0848810503150861 -0.165706033016547 -0.0314984235158459
0.0234843023619951 -0.0836788896231333 -0.146801990123832 -0.0752689105451434
-0.00263468019251841 -0.0829498205046667 -0.158863525844424 -0.0967360843327472
-0.0209189094938838 -0.0751862946733627 -0.152394402292925 -0.116008729391785
-0.0125694905303887 -0.0699200963507601 -0.109419602337892 -0.14403515108079
-0.00865873472009304 -0.0745637294373822 -0.0510503743638676 -0.208375023882422
0.0133458711145282 -0.0953224842232924 0.0378734430392512 -0.234525617844204
0.0498941855667879 -0.0948207715376157 0.138559205634954 -0.205095469766433
0.0977718606880062 -0.0815139179216259 0.183537757862756 -0.0808186068806895
0.138382486294089 -0.0175663819905448 0.125142742487121 0.0138168648940012
0.140391314352341 0.062013121967397 -0.0287422031514486 0.0155781991675551
0.103737240289814 0.0797710077509346 -0.224651731140937 -0.116132303970532
0.0147953616039904 -0.0476018205085331 0.225295462835701 0.117252897892168
-0.0374061190398124 -0.0428595021024399 0.0692683888595617 -0.0231319781915177
-0.0573193537094924 -0.00163783187339397 -0.117714874699556 -0.0326289410057076
-0.0288588682517234 0.0294714536092857 -0.209106218748841 0.0498788062060817
-0.0159353245583684 0.021682959477498 -0.171418876509803 0.198105566140061
-0.0165079242737404 0.0150042195271169 -0.0651040253979314 0.255151053159709
-0.0216878614614217 0.0164900035727627 0.0355692062472322 0.232011360976731
-0.0259294174207387 0.00492270800586352 0.117335034812568 0.178373957113176
-0.0342647164878898 0.00841392939209204 0.157025183028702 0.124192812750932
-0.0405060235050244 -0.00431577688137042 0.173318406558254 0.0967446451171948
-0.0264089270975004 -0.0153132397797845 0.163371402791787 0.0810200001299624
-0.025008664775239 -0.0137149274977797 0.175918341346289 0.0594177871441084
-0.0226791149858468 -0.0274498812278328 0.203520242554156 0.0506377207946065
0.0107354519785077 -0.048745457477259 0.234512324514244 0.0649604636886378
0.0398602438369292 -0.0414970561977417 0.302950181811085 0.0518758511641902
0.113729979666449 -0.0101144536159866 0.20066846377266 0.132503628674105
0.0654878208649355 -0.0178669194730446 0.0491592227220401 -0.0189240645363744
0.0329356964644978 -0.0218950858016781 -0.129010012142891 -0.0288774802699422
0.0366983675146255 -0.0258092433929684 -0.211280442810578 0.0484526273054657
0.0192200230541284 -0.0521501026824864 -0.177097121051574 0.187053891572854
-0.0140065748998285 -0.0637331173007797 -0.0786710042424838 0.239486071894546
-0.0465876911731962 -0.0542309011187096 0.0193463905218076 0.221277652372404
-0.0571160937337025 -0.0605512935361282 0.0988164354722491 0.168849342180132
-0.0733180152973559 -0.0516709343632791 0.142546307390086 0.10783391834327
-0.0747240321592635 -0.0855787135556248 0.166178350796674 0.0738956559036224
-0.0291812249001318 -0.108990345681666 0.171283401048925 0.0578308542178617
0.0113627083073834 -0.114286991556525 0.18733325539295 0.0453383537493539
0.0613934005232556 -0.0973588310366654 0.20495607638412 0.0462628813016288
0.124288812098588 -0.0669951178558539 0.205056294751863 0.0568668857519388
0.163546754760751 -0.0349559364904976 0.248877067826309 0.0417667239218459
0.19809719773954 0.0298720713499831 0.143188711897235 0.121098993123332
0.167249520838851 0.012346486058044 0.0104507228369223 -0.038719903152363
0.128892998621707 -0.0409946369637546 -0.152258784912931 -0.0391487527298958
0.10442495765132 -0.0865006570114081 -0.214220050628515 0.0447862029505273
0.0525176382698078 -0.125462416918026 -0.172703874769867 0.165142171592944
-0.0108623778450323 -0.137753418057136 -0.0858541157206477 0.201747371832066
-0.0667304224065522 -0.118251376774766 -0.0022972820724361 0.182454029832253
-0.080160745199333 -0.116916397980234 0.0649282005844285 0.135421352436384
-0.102331111755069 -0.101985337330698 0.10957058848871 0.0706927531964567
-0.100477267135034 -0.148512597238659 0.13961111498056 0.031425293615531
-0.0364501150713544 -0.182934683391975 0.166213938002527 0.0140406911457729
0.0315662002692479 -0.200022624184702 0.194541166711571 0.0185016143497677
0.124153123334975 -0.161619836870462 0.206120054687367 0.0406079221678205
0.214292949790038 -0.0857093952018266 0.166074743448425 0.0608130862253476
0.259742302871323 -0.0286115294356896 0.163106586657709 0.031766469155077
0.255428081371201 0.0595364898847236 0.0565201186088506 0.0858757285947947
0.250186315495293 0.030604023832279 -0.047623189519322 -0.06974396525242
0.212572144042656 -0.0672443200212932 -0.179764554720056 -0.055220256434235
0.155133901636165 -0.150229738032682 -0.212643843791875 0.0336948034764121
0.0707213992283575 -0.189923513879077 -0.161194694384797 0.127330883720076
-0.0137946026830492 -0.194389038098967 -0.0908139348373362 0.143575326069495
-0.0815385383124031 -0.164158928139599 -0.0298825183460082 0.121946465451512
-0.0921336574316364 -0.154389931194218 0.0235364372898481 0.0839154914902894
-0.112022870965524 -0.136901953189356 0.0647709923927438 0.0207356082299243
-0.107283448010872 -0.190356004039283 0.101921480086645 -0.01986850385582
-0.0328537040344931 -0.229384099621197 0.1478130141748 -0.0379510629112512
0.0505788759841822 -0.252518285843206 0.192421890454416 -0.011173338329342
0.169496333469166 -0.196736563929808 0.200430290333283 0.0366463709169947
0.271528495337011 -0.0856030787977067 0.119079264871 0.0721335554963917
0.314320553185397 -0.0120720226379144 0.0605350519954111 0.0198807200385428
0.274251739416537 0.0748774199958982 -0.0497511013309521 0.0430918210835091
0.293016528057016 0.0364511067554976 -0.121369514771265 -0.0929574007420084
0.259259096470157 -0.0904531240583474 -0.203153456707189 -0.0667649750444769
0.175220907260568 -0.19589681023484 -0.201406230991147 0.0148443603266346
0.0704398787773599 -0.227006335763689 -0.147458752699249 0.0705598471628196
-0.021607777805251 -0.220274168639962 -0.0999954529332757 0.0694528213813824
-0.0864143691100439 -0.182823352588287 -0.063170528294273 0.0497192761783506
-0.0884153266681288 -0.168141095106024 -0.0202795242631596 0.0223062814220165
-0.101916985372987 -0.154707080668159 0.0186696510656129 -0.0374939159722175
-0.0875650580266754 -0.209272313680732 0.0617095144933507 -0.0765338867717019
-0.00825742293444163 -0.243450465508855 0.126249655590267 -0.0890060484693713
0.0800507202936775 -0.260222005791667 0.184331670038579 -0.0372588572114177
0.201282568567673 -0.188006336541071 0.182686523184244 0.0357683936528832
0.293792590359941 -0.0575662252945766 0.0674507771043383 0.0805550290522251
0.32084015799441 0.0169255647176419 -0.042168768965554 0.00145361749575329
0.247369555682607 0.0740621558591253 -0.160353753207447 0.00427223739481194
0.280245613640558 0.0336978200425751 -0.197264452216793 -0.0964424707585353
0.251344572772635 -0.0965340809603011 -0.216517856918682 -0.067997683002369
0.158648050305968 -0.20058369551158 -0.182298025422143 -0.00661565614128113
0.0566652621830426 -0.218777210818778 -0.136777375070659 0.00631235161124622
-0.0255149007009866 -0.206383602024875 -0.116571893151436 -0.00594196316260086
-0.0790642046202159 -0.170970207231091 -0.0980795740619616 -0.0216931799617704
-0.071333881213139 -0.15758643474855 -0.060096176699476 -0.0416496505290366
-0.0753694811965002 -0.151099249618975 -0.0186502188539752 -0.0998323900511973
-0.0497471785237299 -0.199233366605695 0.0351009276301917 -0.134298273631551
0.0275957785204358 -0.220825930357186 0.114808010631057 -0.134868705253666
0.111613652844441 -0.22248649189402 0.177627252010152 -0.0555518513613706
0.212784725021363 -0.138242252961747 0.158545104441082 0.0357005537543012
0.277387367155799 -0.00852459495372318 0.0177715756512874 0.073702514752659
0.281076937987673 0.0513051858796823 -0.130281116506321 -0.0301190683264422
0.176318639308733 0.0651966420027044 -0.254601471798514 -0.0229557867299616
0.213977100051065 0.0321124874087712 -0.253634528886707 -0.0806502934868183
0.193598149323419 -0.0756221295326792 -0.216720646198755 -0.0625448314038582
0.11369874608341 -0.156371030989502 -0.164797620592288 -0.026807224899434
0.0382756016490718 -0.164012656993014 -0.133797334799785 -0.048138712692688
-0.0199241104250505 -0.154665597218432 -0.136297822972649 -0.0661866120943834
-0.0555033212653156 -0.132347541167638 -0.129372914226974 -0.0794986291427427
-0.0439952509795973 -0.123652348032852 -0.0888033589393526 -0.0982132711453435
-0.0407556823089525 -0.124328983097654 -0.0406545691103088 -0.156639190829531
-0.0113168219636426 -0.160064431539243 0.0288057210882945 -0.186598502433985
0.0535661176211927 -0.16603729895045 0.120745024999737 -0.170402497757576
0.12275682255067 -0.152610995887821 0.176641010776483 -0.0658027929121134
0.191373574969768 -0.0693294433893207 0.135023884606456 0.0304378698768212
0.220081236195916 0.040805973699922 -0.0174905512804231 0.0494189683510203
0.201157075656636 0.0761201207395632 -0.188313860176748 -0.071694137182527
0.0709884783159346 0.0550388032782433 -0.312835035493777 -0.0375144676650041
0.110283038797901 0.0385408419058262 -0.278510320578511 -0.0560298229306184
0.104817011652256 -0.0294708617408213 -0.209533095706829 -0.0561033571399408
0.0579569198235227 -0.0761751155917957 -0.157134257886085 -0.0397700601735401
0.0247409435940012 -0.0770303294587481 -0.140230910338032 -0.0772887794776389
-0.00113767877735634 -0.0777567078795199 -0.152581680819263 -0.0964860780183648
-0.0186253702072153 -0.0739878672984693 -0.148194591937632 -0.114100613205798
-0.010383625580449 -0.0695304206947757 -0.103601883067064 -0.138619216559078
-0.00671959085270849 -0.074583906275017 -0.0466019327319307 -0.200509981880278
0.0132089502578584 -0.0939165688878044 0.0400149937097974 -0.224610109861338
0.0502299305380908 -0.0926677648802128 0.139474008214028 -0.193331452315919
0.096332000354673 -0.0781972498181949 0.18344582813405 -0.0715564152591287
0.135594038335032 -0.0133242260874275 0.121274566661185 0.0200583845685094
0.133262864314265 0.0625032535915728 -0.0296045155785886 0.0179493659569278
0.0958149630412697 0.0769286813003025 -0.209809604749817 -0.113367706651996
0.0143313657806359 -0.0453637949952068 0.220217807276673 0.112141215625483
-0.0365899077113291 -0.0414164247392234 0.067806146631198 -0.0235787952085965
-0.0562882391480204 -0.00153395296478996 -0.115681721045931 -0.0324145174579267
-0.0277900996370228 0.0293873211029793 -0.205976616559828 0.049133073577937
-0.0150491848899628 0.0217112997029118 -0.166833530075 0.193617031035124
-0.0159895167891701 0.0151084670004794 -0.061487995278898 0.250680304040072
-0.0204693881673115 0.0158434562108286 0.0371093238901281 0.227361187019528
-0.0255812713711475 0.00522384450235633 0.117042622349641 0.172842589715084
-0.0339346957151605 0.00902183524460591 0.155425628526724 0.119816875820469
-0.0401646981836599 -0.00391478485984878 0.171423311761532 0.0942196961959258
-0.025339348322971 -0.0156767140151834 0.160475766149225 0.0802276155973737
-0.0235080077344783 -0.01331830843546 0.171663771096548 0.0581008360699693
-0.0214177250542978 -0.0263086616609505 0.197442042065993 0.0500248951838983
0.0103682268809845 -0.0483259577160776 0.228085828525855 0.0648844349898297
0.0397304712600937 -0.0406027322810455 0.298839827144304 0.049378659416524
0.111001283638204 -0.00992393145928323 0.19631791701852 0.127186955636792
0.0649161261364497 -0.0175785104853556 0.0486148903968544 -0.0190795008432071
0.0307780416129051 -0.0215488231998076 -0.126755403661566 -0.0289703247712227
0.0363627279695813 -0.025617554257415 -0.207422969904396 0.0469602253616872
0.018531112476182 -0.0505204445035865 -0.172367191458412 0.182398173879186
-0.0142362678489659 -0.0623032256571063 -0.0743167388943761 0.23473690510225
-0.0462318633283393 -0.0531719426460117 0.021084607337506 0.216171132539836
-0.0573395769281994 -0.0593050660303612 0.0986679718061674 0.163540478307849
-0.0726111368241762 -0.0502891720193042 0.141335997619121 0.103712085893169
-0.0743956643313847 -0.0827397072300895 0.164151181280658 0.0712324328380374
-0.0292064817165633 -0.107262294550475 0.168973881551236 0.0564675258986186
0.011022553855231 -0.112785599254734 0.183036027466074 0.0452208474467062
0.06004054032724 -0.095365792824048 0.198275760908063 0.0450146021330191
0.121864614575422 -0.0664439415424925 0.199946937866003 0.0562746326518205
0.160738314301065 -0.0339347291921199 0.245703379570334 0.0401550268079535
0.193161410740915 0.028308171855657 0.140316222985906 0.115309108738557
0.164125972193438 0.0116651427951222 0.0116372689663385 -0.0385629297806476
0.124290974646213 -0.0404003487620936 -0.148939055502967 -0.0387805977192043
0.101348665179141 -0.0854077922016964 -0.210561401990895 0.0425991856547927
0.0506138593658161 -0.12256081713484 -0.167656698703103 0.161037806692718
-0.0125348373363506 -0.134675059623181 -0.0830349409955882 0.197494988088185
-0.0671952708815302 -0.115487759236009 -0.000424375599071271 0.177741670835577
-0.0808746150880233 -0.114064150274859 0.065426062569948 0.131438435859904
-0.100347759668541 -0.0990922630500737 0.107928388967476 0.0675572383903824
-0.100780491075725 -0.144529749601442 0.139166993796477 0.0300404115334663
-0.0369398989470216 -0.17988838850902 0.164025067566685 0.0130148322101487
0.0296442466286429 -0.196822478041859 0.190588603415416 0.0193502148535201
0.121164168893059 -0.158917115626944 0.199188873266121 0.0392182774598916
0.209868511266397 -0.0841528806561371 0.161678816237115 0.0597641222330636
0.254451714257465 -0.027991960267288 0.161574763652939 0.0303473293096869
0.248738788132584 0.0570437142086205 0.0561867921797405 0.0825465935595788
0.245729158802929 0.0294587574975047 -0.0458073086674854 -0.0689575950159642
0.20529388696356 -0.0658756944031895 -0.175874014265975 -0.0538009154048808
0.151183497784385 -0.147835063029237 -0.20788371995369 0.0319453715280638
0.0677969465940605 -0.185897203021979 -0.155692093709644 0.12401836850573
-0.0161133572146692 -0.189919596189348 -0.0888661752361469 0.140778557951808
-0.0810971990023333 -0.159678282231408 -0.0290855243495841 0.119319186301435
-0.0923841261481954 -0.150919536738785 0.0242098916157067 0.0819935977830926
-0.110470503521424 -0.133897640921395 0.0634491212404892 0.0187654445517685
-0.108107017373297 -0.185499895010954 0.100718949174076 -0.0208455398381228
-0.0336607059207691 -0.225780388850021 0.145160166773736 -0.0381451337655988
0.0467674606815551 -0.248492740217959 0.188553511335648 -0.0104825268536613
0.164337528524818 -0.193529265010408 0.1937031273291 0.0345583713824273
0.266486720280657 -0.0846546513683361 0.116345074075714 0.0705071359409764
0.306548612368098 -0.0117903437376195 0.0609021698840762 0.019918344807236
0.266860854987742 0.0717355372079036 -0.0485777410974479 0.0408646259385526
0.287980979449946 0.0348215399375543 -0.118233622766755 -0.0912197881468913
0.250952340700779 -0.0882704735835664 -0.198851972094692 -0.0652920171449286
0.169976438500046 -0.19247949797178 -0.197014669995225 0.0137592135780456
0.0670087616684564 -0.222351227214937 -0.142814074251241 0.0684290800946188
-0.0236080882292217 -0.215260445126687 -0.098912539597715 0.0681332750009414
-0.0861272775748238 -0.177823513027671 -0.0624121991295925 0.048872359587516
-0.0888907018334807 -0.164858875981635 -0.0193524994876367 0.0220075311504651
-0.100011514973058 -0.151176689036433 0.0176332104075945 -0.0375469582550337
-0.0882087686307737 -0.203337404432975 0.0612110599161459 -0.0756848304818289
-0.0103278336108905 -0.239343026898752 0.124014893521156 -0.0886715188887617
0.0743725784848805 -0.255492788165942 0.181635711602661 -0.0353641809450781
0.195869596664471 -0.185542454944218 0.176856754005946 0.0337896921570052
0.288585949673802 -0.0576299004378867 0.0657743757211245 0.0780331353883641
0.313281372213299 0.0154963730442138 -0.0401664235501912 0.00232261947353083
0.240067830386046 0.0706737373624472 -0.157057792163147 0.00375255472806325
0.274578030307626 0.0323426554957479 -0.191810916972713 -0.0941590662839806
0.243766616232731 -0.0953437483579478 -0.211300901368257 -0.0670423173651221
0.154233796932127 -0.196908371646012 -0.17753821458702 -0.00703002127199105
0.0539095874563646 -0.214835459047425 -0.132809260933306 0.00623797695707322
-0.0279538919070506 -0.201534363644344 -0.115791267194778 -0.00532939762709324
-0.0792410103607361 -0.166811006060349 -0.0980485226322641 -0.020786622350931
-0.0719653842130798 -0.154385282127077 -0.0584232695363586 -0.0398025422773515
-0.0741886844629695 -0.148411339039454 -0.0195210265785572 -0.0978490938924196
-0.0507701725318783 -0.194867756179494 0.0343857504729793 -0.131979023500754
0.0253452433021592 -0.217241340675061 0.112096242924145 -0.13321497576325
0.106574237568753 -0.218767003292397 0.174465013798243 -0.0529198097594369
0.206878686942761 -0.136112762477457 0.153697905941054 0.0336151930504799
0.271664783909703 -0.00935565507376346 0.0175072985364902 0.0718687706562575
0.273192272611849 0.0488002626724545 -0.126070569201066 -0.0274574514279499
0.170456190703054 0.0619522387239703 -0.249625520271427 -0.0214423440894631
0.209136533133665 0.0298918517135627 -0.247025424215416 -0.0777554182219117
0.187711866414906 -0.074177386673333 -0.21169907717722 -0.0613961053955301
0.109860535515551 -0.154259770198774 -0.160188740074797 -0.0272645059964607
0.0358443667445955 -0.160933848308075 -0.130439536563143 -0.0473421332733197
-0.0215659181718108 -0.151134058409021 -0.135987228334481 -0.0640221245137188
-0.0555769912352498 -0.129129748890271 -0.129502314050797 -0.076203544507895
-0.0448766160988975 -0.121066782011343 -0.0877419561507823 -0.0949552616849351
-0.0404877476237316 -0.121765382477071 -0.0411404531712412 -0.153018833761216
-0.0121366090867747 -0.156438676487013 0.0271707390894537 -0.18229671122478
0.0509456549313554 -0.162950843368432 0.117794762251456 -0.167852039645549
0.117749083579198 -0.150197179344734 0.174022473821932 -0.0635650846594905
0.186076015179675 -0.0691296080761247 0.131366798419103 0.0289831928549811
0.216122787993676 0.0389164774312563 -0.0171380730230285 0.0481510402816269
0.195660484996956 0.0734349814341012 -0.184474557934983 -0.067743645009528
0.0683823786578538 0.0522899081085883 -0.306644379138561 -0.0352361413949911
0.107948762573671 0.0366978824501485 -0.271956017756915 -0.0533242895495428
0.101972465726988 -0.0285139284105083 -0.204547883177484 -0.0551090861140973
0.0553377901435967 -0.0746942015415291 -0.152275819473813 -0.039728874585914
0.0228194233999995 -0.0758465466727161 -0.137592624146834 -0.0757693013846798
-0.00259710338376155 -0.0758387438106144 -0.152343487709494 -0.0932703166351957
-0.0188988917442563 -0.0718311093338731 -0.147819697695916 -0.109431502235487
-0.0108728921205604 -0.0687726378521306 -0.102312518416008 -0.134206801195166
-0.00638798859386303 -0.0730037635457584 -0.0477942416218623 -0.195703066653141
0.0124652419901604 -0.0917724263454983 0.0375113736944871 -0.219596172540295
0.0481547516494288 -0.0907342472992744 0.135424203049393 -0.189542096747618
0.0923931866883171 -0.0767335894064602 0.180432951642466 -0.0703268741537655
0.131897038045498 -0.0135089030487808 0.11844248292991 0.0194303938605626
0.130354906407475 0.0606660724781206 -0.0288452036876618 0.0175790034323976
0.0929360347603965 0.0740188592166216 -0.206050808929989 -0.107729732529271
0.0146365079563752 -0.0447530019006662 0.220925217553485 0.110639540902798
-0.0365349341252879 -0.0410469453837517 0.0688408604122165 -0.0243417178152883
-0.0565505882168382 -0.00108012648096527 -0.11681502226963 -0.0331629221561034
-0.0270017577278041 0.029036823621741 -0.208294456353722 0.0495852604984156
-0.0141653538615305 0.0223126378252996 -0.165956013708935 0.193224846483537
-0.0154766141793668 0.0151786774703022 -0.0580393484262864 0.250876647089231
-0.0200903329223257 0.0160784112271168 0.0408493942215369 0.228001918622436
-0.0256887293635663 0.00569321245432508 0.11885023033831 0.171265878682764
-0.0337111613517307 0.00950761492258729 0.158330341112555 0.117511734546038
-0.0403579235526856 -0.00341824837750425 0.174480666860025 0.0937400950804163
-0.0254985173850896 -0.016248075577076 0.162016869007849 0.0799664897233732
-0.022912085085287 -0.0133737997334481 0.172078601461889 0.058236205334269
-0.0209630513052408 -0.0262816934329546 0.195838118014494 0.0505188990584779
0.0102600841352914 -0.0490753826796042 0.229043713688487 0.0658264422027907
0.0407835108320803 -0.0400420673290495 0.301828488791342 0.0471508843787123
0.11141814039112 -0.010097948257599 0.197569268368035 0.125149970764333
0.0659021049162962 -0.0177951779589973 0.0498182964328462 -0.0200896038684279
0.0302729381861804 -0.0214681614416178 -0.127523651627097 -0.029396996561101
0.0362044227271446 -0.0266807062736102 -0.209342344731462 0.0477435311373818
0.0184325340650801 -0.0504156116812664 -0.171185698860198 0.182234001948666
-0.0148228951697199 -0.0621649027335184 -0.0730488951468261 0.235664379222482
-0.0470206494296499 -0.0530961499124168 0.0243580700062692 0.216459352646578
-0.0589348533314441 -0.0592881927377928 0.10104795651082 0.162236101428191
-0.0734172916573303 -0.0499215989448959 0.142726305027465 0.101386009408271
-0.0760791779521923 -0.0823509377967274 0.167348812807462 0.0706305546482585
-0.0293291156610301 -0.108568906320669 0.170908026917315 0.0559628521805407
0.0106467441936618 -0.113566275123264 0.183090380598781 0.0458042094723541
0.0608940189629646 -0.0963249131913432 0.196476663825574 0.0452295249266329
0.122784894790791 -0.0677323711512959 0.200353528101689 0.0565967278493568
0.161925921236681 -0.0343983354376788 0.248919289687955 0.038470076902705
0.192412542726343 0.0273831957259181 0.140936010448676 0.113648061730996
0.165507951982125 0.0106269991006572 0.0121801894400416 -0.0395040729604124
0.122376627064972 -0.0406572504343537 -0.149778364042892 -0.0385985222699205
0.100836165121514 -0.0872218285035046 -0.211534760088969 0.0425804189286144
0.0495128650568132 -0.122953573453898 -0.167280000680832 0.161478152549112
-0.0141806366400131 -0.134579833946625 -0.080958491083538 0.199410018151074
-0.0691730443085224 -0.115472872784259 0.00142418849395051 0.178450262408926
-0.0834020187777419 -0.114111157430608 0.0678102096860696 0.130434878972492
-0.101844062509582 -0.0992585052860528 0.109318256836962 0.0658066766857601
-0.103491081192571 -0.14391010046909 0.141267669968597 0.0287531552449261
-0.0386050556859047 -0.181491375360384 0.165589223814389 0.0117654090979803
0.0278996974651487 -0.198005732218573 0.191308046258792 0.0190779595669285
0.121720171920515 -0.160447901003594 0.197163404027968 0.0389431140861758
0.211046285558173 -0.0868744262032871 0.162242566037545 0.0600195724192646
0.255210753200492 -0.0292640331577423 0.164024092574027 0.0294045301049613
0.248244125159211 0.0556261869625776 0.0564573516760214 0.0801089889803948
0.24725566842935 0.0285656783396756 -0.0450273779689233 -0.0692152210252244
0.2032041497756 -0.0663774775227345 -0.176134649302529 -0.0538580863903272
0.150060349505229 -0.149840214869065 -0.209090844371411 0.0313243624668802
0.0663045746121005 -0.186881215947866 -0.154398666275907 0.123827069349679
-0.0187091866126882 -0.190286843641175 -0.0880680050067348 0.14215581811949
-0.0838802099395238 -0.159259429657605 -0.0285232945357605 0.119351895275149
-0.0952863576726859 -0.150858682500628 0.0255965707114981 0.0820222041983782
-0.112141962860341 -0.134171010303964 0.0636165094693346 0.0172744649130136
-0.110556814969241 -0.184736602512634 0.101878929301539 -0.021969154231477
-0.0360406522193853 -0.227585003956373 0.146606852546777 -0.0402225432099809
0.0447243600646441 -0.250409062381687 0.190367481334111 -0.0101877859279685
0.164687004908866 -0.195900980544598 0.19134374106152 0.0341452178838594
0.268198776984917 -0.0878644245033362 0.116374228553631 0.070179740381449
0.308000202437397 -0.0135236059820613 0.0625938580890657 0.0204061975849341
0.265670943305555 0.0689850219392453 -0.0484620996792771 0.0394293688202673
0.289501110496152 0.0328909727393043 -0.117708187265867 -0.0913189542782604
0.249207304937143 -0.0897733086903592 -0.198445336921132 -0.0646535951250813
0.168436942695739 -0.194485371361378 -0.197357874788666 0.0128869909230499
0.0654121816377517 -0.223745078993616 -0.141635821893875 0.0688833917336346
-0.0267115230559921 -0.21515918882457 -0.0997670332003232 0.0690969146987108
-0.0896238013810073 -0.178031498585084 -0.063971032662327 0.0496690260711473
-0.0927766576257716 -0.165195176566126 -0.0190867763819654 0.0225388811880723
-0.102174462492881 -0.151338903221449 0.0175721241380985 -0.0390728972470612
-0.0919087333381062 -0.203152128963704 0.0618766967417267 -0.0774233518590373
-0.0128503175124054 -0.241159649563993 0.124619301200232 -0.0906453379817785
0.0712073436042018 -0.257888944061842 0.182973743715763 -0.0353957949268154
0.194777904098905 -0.187870642750724 0.175630095260456 0.032343285226321
0.290022404202393 -0.0602258106277171 0.0661083846077671 0.0776326098403044
0.312950881418343 0.0145687096541393 -0.0393278273232968 0.00394843825643994
0.240100663822913 0.0684034535609035 -0.157246494110427 0.00325356751018919
0.276625614235286 0.0299801686524885 -0.191611439211144 -0.0931533981328039
0.242600684795419 -0.0956524971675198 -0.211066754980055 -0.0661260334530642
0.153071686400787 -0.198901222654784 -0.178031055933306 -0.00822945941367464
0.0517308215648114 -0.216123193665437 -0.131042177299777 0.00651217062460488
-0.0309854697646122 -0.201224787981037 -0.117933460707345 -0.00426675734672834
-0.0819756915230738 -0.16651208394524 -0.100513830341139 -0.0191584930987125
-0.0752535179515355 -0.155455729841181 -0.0587446916050054 -0.0390387499505376
-0.0753740991226598 -0.148572245041895 -0.0208507372924018 -0.0984562022205358
-0.0540553977404657 -0.194582515402318 0.0340221490096949 -0.132856871583444
0.0225827976930295 -0.219199179451723 0.11195115923004 -0.135313736841326
0.103585719602349 -0.220949939460723 0.175808895336508 -0.0533389809823694
0.206262770792732 -0.138382985138824 0.15270636669681 0.032209977924405
0.273709231165793 -0.011378936430487 0.0172232533828363 0.0715298677953004
0.273625843885627 0.0478586015952691 -0.125760397653494 -0.0247767349888868
0.16992367972107 0.0600882438190343 -0.25058052109119 -0.0205821769700705
0.210217148031812 0.0288518067852589 -0.247656253579088 -0.0766768416929585
0.18688282002178 -0.0746079462791577 -0.211640466919326 -0.0607055195366474
0.108135706712621 -0.15503880031951 -0.159574742480294 -0.0280721506018732
0.0336801485519575 -0.16245899808933 -0.130119184585064 -0.046769929047566
-0.0238413808386864 -0.150619473926357 -0.138782429937141 -0.0631380394722516
-0.0576970625650653 -0.128514172274496 -0.132908247092267 -0.074255161259415
-0.0470167601801236 -0.121842880224625 -0.0888170577661825 -0.0933931768403738
-0.0410234618313399 -0.122754717628765 -0.0436945455928456 -0.153376762094069
-0.0139356432497411 -0.156721583116798 0.0258750418376123 -0.183152320094213
0.0492053441922993 -0.164766022864385 0.117679771235559 -0.169898139472789
0.115558196271848 -0.151467375685376 0.175841924705028 -0.0646087534322867
0.185886702478555 -0.0704856402832557 0.131265747809332 0.0278192717520856
0.217627358947109 0.0373283736920843 -0.0173537027663872 0.0484283915850884
0.195622897841855 0.0724253738244798 -0.184947237156357 -0.0649410779379775
0.0676734407677425 0.0512951676997474 -0.307946586922968 -0.0327435368694864
0.107896508818415 0.0359891074399925 -0.272036118590871 -0.0513701509231454
0.10174144700287 -0.0291746085326339 -0.205333403912928 -0.0545586779702535
0.0543032794178716 -0.0748395349397078 -0.151954113430969 -0.040124634179936
0.0211314299044523 -0.0764875758929658 -0.138161414589733 -0.0755838031696981
-0.00404058346028101 -0.0757167384258297 -0.155596188321653 -0.0923550258982589
-0.0201167949699052 -0.0715760473572407 -0.151854018840877 -0.106649562178249
-0.0119040141962472 -0.069635066676744 -0.104239305493024 -0.132813485524569
-0.00663813122506652 -0.0741931475143358 -0.0502040359913521 -0.195200055799542
0.0116429939486782 -0.0918046904222276 0.0355757461259749 -0.221113223723032
0.0477084230405937 -0.0915437807483822 0.134479028965199 -0.191952233935153
0.0921287985041424 -0.077359955494476 0.182096342000552 -0.0706529526141531
0.131590072953484 -0.0148083813250141 0.119221672333413 0.0189549465409166
0.131137812591101 0.0600281973354814 -0.0287830889602517 0.0179768327164968
0.092322180971967 0.0729544991950617 -0.207472034151222 -0.10437294588135
0.0142248193196515 -0.0451443486275053 0.227582061106455 0.105061303544663
-0.0372918687270378 -0.0406548268371528 0.0698963027077752 -0.0275581664024843
-0.0577204280706981 0.000711459606660932 -0.121051789873941 -0.0313748215879369
-0.0263886802200524 0.0293551829392199 -0.211921751625737 0.0556759565494091
-0.0133726734476076 0.0228234217930634 -0.164505431184861 0.199351648162586
-0.0144585716971959 0.0163920841473017 -0.0511762039707372 0.256809912128119
-0.0201296818457016 0.0167598948717535 0.0495821066714975 0.231367453243796
-0.0265320561900555 0.00641093531274783 0.127331142815724 0.170100952146634
-0.0340567069557508 0.0107423267530542 0.165621449845293 0.114893454506976
-0.0411991148940528 -0.00222948112163222 0.182467598145628 0.090547255791431
-0.0261601099120027 -0.0164380694349828 0.168567612195433 0.0786996706139366
-0.0231082998265074 -0.0132046111544012 0.176408710044702 0.0559390223551237
-0.0209635456004728 -0.0258655905441035 0.198308258107745 0.0483201260783978
0.00923271893302003 -0.0506182445679209 0.23468166770819 0.0632615022242171
0.0416530143113804 -0.041397353225692 0.311101880109891 0.0389974639630633
0.113161169995321 -0.012815094395283 0.204151659582214 0.120299917670373
0.067621643806326 -0.0199135863362981 0.050822996218541 -0.022679319871456
0.0290779186758897 -0.0221663073429068 -0.131433977639915 -0.0270884259908214
0.0360133238574957 -0.0289015267538774 -0.213586893506944 0.0532856157424334
0.0178562168065091 -0.052719520892633 -0.170138590384193 0.188909656956445
-0.0170171776570436 -0.062980398590912 -0.0668253643947512 0.242348048117684
-0.0499433475179538 -0.0525235966418498 0.0326066009841553 0.218781254092176
-0.0625439771445598 -0.0585765959678934 0.108018465750562 0.160968735197894
-0.0760137981043614 -0.0494541324289032 0.149091705398733 0.0980752763174079
-0.080199983336063 -0.081422895207485 0.174594974063475 0.0665796182798281
-0.0332874583509239 -0.110770027366818 0.176341878996993 0.0532081908729846
0.00807151957920273 -0.116845324315219 0.187797566126862 0.0424192183819289
0.0600506105274355 -0.0992511458092883 0.198617247202658 0.0420239658933168
0.123954321425483 -0.0725460537009147 0.204794619294278 0.0538184081833508
0.164735751558787 -0.0386386189544221 0.255749561405284 0.031601696101441
0.196673521090905 0.0233750802763198 0.146429756821758 0.109965218440463
0.170383565658857 0.00633047614400507 0.0124011690947854 -0.0417116396531884
0.122819281073056 -0.043658125681863 -0.153645900530996 -0.0358451068497051
0.100006752057956 -0.0918999102548166 -0.216094012885019 0.0481680885423364
0.0472205291440126 -0.12760415194986 -0.165526753321515 0.167914052219073
-0.0189296022069789 -0.136707101341733 -0.0774366182702066 0.204827062982693
-0.0741570980354032 -0.11553253769334 0.00659526491878794 0.181199266909052
-0.0900803349937429 -0.113967039318334 0.0733986310499482 0.130258995377941
-0.106875055268181 -0.0986781255083765 0.113351398213357 0.0625820660933945
-0.110290747124737 -0.143602058359253 0.146610809376843 0.0249271380803325
-0.0447214445836333 -0.18569363084463 0.170471860527975 0.00789818404844209
0.0220946149749756 -0.203582555507019 0.195964861020552 0.0160957175818519
0.120100038364109 -0.167002171550177 0.19943088462184 0.0350405863679367
0.214177147933392 -0.0945177618944659 0.165720779992859 0.0573665198941519
0.259485967474607 -0.0353854103819261 0.170023253847564 0.0252748585778626
0.252867703981305 0.0499513306074938 0.0595458679422449 0.0785600391746896
0.253556002309396 0.0221975667161075 -0.0458434944727067 -0.0707050566687013
0.204231954704574 -0.0716842329300308 -0.179420447354051 -0.0513442361287589
0.147915207397457 -0.157348578603519 -0.212637621277487 0.0360930156803829
0.0619756449479431 -0.19298603511569 -0.153535418681306 0.129386728431664
-0.0256077287777579 -0.192881494918468 -0.0858488890831419 0.147102539737076
-0.0915920399453335 -0.159888967625208 -0.0263339475508656 0.122376938611279
-0.103992092038355 -0.151525138114295 0.0289753302148258 0.0822427012295833
-0.118102413803641 -0.134515927928753 0.0651540450094753 0.0142031525411443
-0.119210432195215 -0.184875049000735 0.105206063541391 -0.0263371921248944
-0.0433260438726288 -0.232909935653573 0.14947084599183 -0.0455030185643565
0.036910655681058 -0.256657255212711 0.195447415973338 -0.0142882866329484
0.162548766391829 -0.20445004586618 0.193608499483144 0.0302445027983509
0.273214703382802 -0.0966830374819559 0.119518934668066 0.0688833502875939
0.312803816248593 -0.0208487999580016 0.065760881582888 0.0194672935812356
0.270838592738034 0.0636160351604153 -0.0484335811071952 0.0397797928130006
0.297717979269764 0.0258161066294078 -0.120257034610863 -0.0905368827172413
0.249929399160149 -0.0963963774286687 -0.203163121770349 -0.0621293658523574
0.166565315390815 -0.203434603091224 -0.200689429000881 0.0165292659658193
0.0597808762432488 -0.230413598674987 -0.141047941268946 0.0725545859298698
-0.0344751716925966 -0.218133659203799 -0.100104210453329 0.0737194480663761
-0.0978084198228926 -0.178116985688365 -0.0648001385666075 0.0529816900356622
-0.101298509029413 -0.166105368695948 -0.0181953452014291 0.0234217468949926
-0.108247895325378 -0.152770114730758 0.0158488310692373 -0.0414507707375936
-0.100510409168369 -0.204468468518545 0.0618303776266071 -0.0811180643455874
-0.02122307357145 -0.246609781377492 0.125147572839585 -0.0966176089104184
0.0642294773292325 -0.26500723740233 0.186959872685881 -0.0396996165354575
0.194181218598486 -0.197531117089981 0.177288145500787 0.0291542841242847
0.295316234060203 -0.0695262051871526 0.068663142157535 0.0776024173062228
0.318912197774886 0.00676020328182249 -0.038508279892559 0.0062496645614814
0.243711154548691 0.0629315427423368 -0.160852013337767 0.00627821910323795
0.28301808047032 0.0226573118992891 -0.195949740324478 -0.0906996338397873
0.242927312406123 -0.102832950795438 -0.215959356303016 -0.0634557006305435
0.150010058658865 -0.206688808317824 -0.180925426085649 -0.00594566062836679
0.0456823897280928 -0.222273677502323 -0.1321501148264 0.00884558208271611
-0.0385633889139706 -0.203919479242978 -0.12095788578823 -0.000611000700855779
-0.0893601809166842 -0.166819201086576 -0.105065047020942 -0.0148751037945347
-0.0831164760370721 -0.15677320480211 -0.0611743016724155 -0.0378282060816043
-0.0820541739695203 -0.150144446385092 -0.0249145828155912 -0.100234795619484
-0.0620427612425728 -0.197067948927862 0.0316858214181513 -0.136885303486716
0.0159620806147533 -0.225358721160017 0.11153476881183 -0.141629353550069
0.0971050878656606 -0.227976990436145 0.179358385787246 -0.0582828480888805
0.206448382565899 -0.146901877571513 0.15487097089984 0.0287183015657852
0.279728737313842 -0.0193990812175121 0.0190852313373967 0.0722322385989104
0.278879386541746 0.0421139978273353 -0.128287003924568 -0.019875966139183
0.173044501736818 0.0561610739939919 -0.255653183960843 -0.0161718596052877
0.215072268511066 0.0226729720397938 -0.252711611587215 -0.0716271451528852
0.187234246411141 -0.0810879579481876 -0.216439347359975 -0.057095719710426
0.105348657076205 -0.161136390092738 -0.162412084662306 -0.0260305107753808
0.0288841329986258 -0.166813692780787 -0.132872597846707 -0.045436094053224
-0.0301425027794567 -0.152407638618068 -0.144690193884189 -0.0597008170049103
-0.0638261518669063 -0.129051874497137 -0.13981191920604 -0.0696956275010997
-0.0527127334767538 -0.123223357068512 -0.0932819521082438 -0.092313162059501
-0.0458010460221511 -0.124590247571417 -0.0494233065418388 -0.155267449565212
-0.0202771451228388 -0.158474738354684 0.0212546457176805 -0.187966088885056
0.0440050002640752 -0.170067527551279 0.115411466937713 -0.177270863762419
0.111997843115102 -0.157419596504722 0.178720783025629 -0.0699336364486361
0.187013244987768 -0.0772426115492012 0.134006799773789 0.0250729333377396
0.223648065607943 0.0321574026961244 -0.0167690026901805 0.0493732818339096
0.199881747189642 0.0680878701599633 -0.189773808485772 -0.0583851866763337
0.0686472812415041 0.0498833437119172 -0.315104055275491 -0.025482545298035
0.111075565137338 0.0330282809739845 -0.276247454320481 -0.0453327356510829
0.101791982810086 -0.0319553871190048 -0.208887339744518 -0.0512371688149574
0.0525136698093413 -0.0773907028908677 -0.154930091867932 -0.0386343836247717
0.0185527659895998 -0.0785707542230866 -0.14226578784145 -0.0745701121271616
-0.00678191389165671 -0.07591108365402 -0.163420666120672 -0.0887306457196156
-0.0231867361533852 -0.0717630667093546 -0.160218604489448 -0.102571385008602
-0.0145127105094319 -0.0709174705513223 -0.11070881784242 -0.131270669563999
-0.00888393986564148 -0.0761418314299199 -0.0577352066800343 -0.197269412919993
0.00854251160033716 -0.0939196567815677 0.0296699272770312 -0.225791630761715
0.0451386350142282 -0.0944011878605374 0.131883484287814 -0.199925073588129
0.0907819809621099 -0.0807629822592185 0.184948151302885 -0.0765453037082142
0.133547938389515 -0.0186033907359317 0.122266969540997 0.0166620033552495
0.134796110051929 0.0580602540868747 -0.0295134732669783 0.0191541331709816
0.094490075446209 0.071530893373758 -0.214871402544674 -0.0980216109582168
0.0132330723114143 -0.045086481561318 0.235408010347881 0.0932915268705886
-0.0393592703868911 -0.0396949409163553 0.0700301350406167 -0.0329549786541577
-0.0578193267397654 0.00475775121752221 -0.125239002637859 -0.0247223456311216
-0.024859483312873 0.0305346376492598 -0.213081629610448 0.0683537139521219
-0.0117105266387549 0.0233772006311677 -0.157503099137495 0.210366732464196
-0.013418173348149 0.0169194891917552 -0.0365354351745028 0.262525960504693
-0.0188474374157581 0.0176886189434372 0.0658834694648093 0.230052255984216
-0.0263175706568993 0.00760935351110451 0.138694443634705 0.163688141325271
-0.0338931724675505 0.013284481168754 0.175137349215885 0.106333398470023
-0.0417946626577319 0.000101431374771777 0.191634079962421 0.0814369404641623
-0.0274136795810196 -0.0157872926947488 0.17620541099639 0.071830051779881
-0.022913524420051 -0.0125761256014928 0.180889974362765 0.0478932039504045
-0.0220410708735852 -0.0256047226262276 0.201673924269628 0.0400122507221854
0.00699517365389764 -0.0528698454595485 0.241142589719011 0.0536452062490266
0.041147151389709 -0.0438948608914033 0.31930621277968 0.0219226824581781
0.114248294071975 -0.0183648377806486 0.212389300392165 0.109560584840562
0.0682394948470251 -0.0247509397580431 0.0515652131110631 -0.0266516117128191
0.0281064366061161 -0.0234166712068937 -0.135163288599415 -0.0201598440147527
0.0346437349870543 -0.0322907893395099 -0.214413786459162 0.0657123563699063
0.0155902233784499 -0.054865569816382 -0.162102152446243 0.199406208327217
-0.0208867710282617 -0.0631029902736261 -0.0530207383876023 0.248154714329025
-0.0539205721532144 -0.0503171821855001 0.0458582952925161 0.219151750268387
-0.0676223121132834 -0.0558737853271785 0.118976989144145 0.155677477269576
-0.0800417808896458 -0.0456971767144341 0.156941783582572 0.0892679737221986
-0.0862338362747966 -0.078342937929946 0.182116287237885 0.0572283632071363
-0.0403170664070666 -0.112273449276034 0.183228038695319 0.0452217520399136
0.00141100987732172 -0.119544744937038 0.192349936329367 0.0344625189145042
0.0560991498874688 -0.104603004170919 0.20101239246133 0.0332080618322687
0.122511733335149 -0.0812982282548579 0.210316771661795 0.0446466976414503
0.165790904266282 -0.0479893087691118 0.262813496021262 0.0172796432424798
0.199758219024516 0.0128898019676021 0.15363385661101 0.101593837239654
0.174200073188119 -0.00410841345367923 0.0118120342077236 -0.0438776443577048
0.120714215925494 -0.0499856231021416 -0.157337627303398 -0.0289995450247723
0.0953064345478355 -0.0998504869937111 -0.217467478502059 0.059260587882623
0.0401924054190756 -0.132666600472147 -0.158363846624236 0.1772890948667
-0.0279229564755503 -0.137111091735276 -0.0664487297145911 0.211866579160668
-0.0827469550794002 -0.112280923563964 0.0169478297015013 0.182636088264726
-0.0995248494867153 -0.110251667911102 0.0818844681292651 0.12682435760048
-0.114248930490504 -0.094919095679701 0.118318117342493 0.0554144133688279
-0.120868634537756 -0.138970713848881 0.151703744290904 0.0161760063041607
-0.0565660316521188 -0.187509485361449 0.174443165005493 -0.00203303402146684
0.0101096629233311 -0.208119537361776 0.200671892888468 0.00626577200693017
0.113381812417928 -0.176086524852982 0.201128050189684 0.0259279711023913
0.213041125120935 -0.108106751796548 0.170479902826997 0.049458894431901
0.261722818690024 -0.049433680365875 0.174794532413065 0.0161809049784421
0.257781964957768 0.0375457356467782 0.06406123698099 0.0742433547084723
0.260031031018856 0.00780834648437535 -0.0481277306875351 -0.0704107001380839
0.202714711206988 -0.0826795444528657 -0.184847910295466 -0.0430800176026476
0.140682785765645 -0.168508167716395 -0.215068949632598 0.0466335554558965
0.0512944705782441 -0.199873723292141 -0.14826594748851 0.137751991232111
-0.0380627851345265 -0.193740535068263 -0.0784488983797026 0.153227280084204
-0.103209654264924 -0.156044530729148 -0.0202908422352173 0.125513792052618
-0.116062849392836 -0.147234132598437 0.0344817504821576 0.0808983244225486
-0.12770728357461 -0.130747997655746 0.0668740063883174 0.00963050069794973
-0.132330225251719 -0.180161079121382 0.106338910526216 -0.0331309880519407
-0.057906270504909 -0.235918625669574 0.149839264083504 -0.0547587479521358
0.0212339415466182 -0.262792499158125 0.197786655767169 -0.02432387183709
0.154153418541262 -0.217053296000441 0.194942285545922 0.021084901988375
0.272523652582593 -0.113936091386303 0.123855983717312 0.0632905294729111
0.316613234718495 -0.0378001116535987 0.0689443071626515 0.0163477704262894
0.275593311889217 0.050424546683889 -0.0471281286929603 0.04090396452559
0.303558731699935 0.00917575720009746 -0.124811831481575 -0.0865958884465131
0.247388577097051 -0.110016058065982 -0.208257936122448 -0.0539028245281773
0.156418596806177 -0.216068755701702 -0.203136313804097 0.0259755791821307
0.0472347719725615 -0.237278136256166 -0.137757223824198 0.079529478725815
-0.0481450568070692 -0.218615543847319 -0.0971216505624207 0.0798953567599897
-0.110444948104863 -0.173939480804234 -0.0638659594044238 0.0582169869913515
-0.113941126468778 -0.162432126452495 -0.0169676241246543 0.0244192024323184
-0.119164049825856 -0.149297940391824 0.0129213831873168 -0.0439959256843938
-0.114684066514335 -0.200790691890765 0.0590871103769355 -0.0866233908581076
-0.0356752310248364 -0.251130558158612 0.12171371987647 -0.105239299892612
0.0485191558952452 -0.272492686077181 0.188915530576791 -0.0500096020554344
0.185414032032815 -0.211958738873795 0.179459198688847 0.0201665915958913
0.297319602545539 -0.087481838247205 0.0730089056665793 0.075186292720829
0.3233729009957 -0.0097371297828805 -0.0375437083331491 0.00976751241973962
0.248472212769117 0.0502107872514914 -0.162635480984028 0.0128907135285443
0.28896810444038 0.0066046150391511 -0.201311364594935 -0.0822036820948954
0.239973395401872 -0.116753218973721 -0.220634757177605 -0.0532248350514233
0.138937149208614 -0.217908406134577 -0.18364052943715 0.00230058629648475
0.0324625661392154 -0.228665047772753 -0.132394285953271 0.0141089681442006
-0.051600276509824 -0.20351268070912 -0.123197365912676 0.00622054314711743
-0.101363067190388 -0.162979660653219 -0.108506623468704 -0.00752794783665863
-0.09517951948995 -0.153981256084504 -0.0636458816561423 -0.0346124706855256
-0.0925238163333274 -0.148412653909655 -0.0311555277557561 -0.101070338590812
-0.0753989552735478 -0.194787351512583 0.024951860744657 -0.141525600588977
0.00199764927295083 -0.230314580804642 0.105478743075512 -0.150953705890977
0.0846712427523637 -0.236514725277708 0.181228253216395 -0.0689413712133823
0.200990157880987 -0.161089153919156 0.157043315195812 0.0206079313478502
0.283651407917246 -0.0358309974376969 0.0225928646356472 0.0725177661588157
0.283832379180651 0.0275482779799913 -0.12991751680468 -0.0112452291173476
0.176003549255719 0.0470436523621088 -0.259934236152876 -0.00294075126165461
0.219485968622808 0.0103985447776564 -0.257707260444305 -0.0595196987540281
0.18469016505809 -0.0918632969543875 -0.22107330624244 -0.0477431549574447
0.0972173453417132 -0.16868139664961 -0.165771954880094 -0.0192894564310408
0.0189840037346117 -0.170678425511041 -0.135445348763906 -0.0406600388113434
-0.0399285267317253 -0.151689796224829 -0.151047527665496 -0.052075069145844
-0.0726168583763409 -0.125777357468282 -0.146479259764295 -0.06050632841221
-0.0616782667105223 -0.122149812030741 -0.0997244411734351 -0.0876119959142992
-0.0540720450934243 -0.124323823232277 -0.0598748901712462 -0.154571102429136
-0.0303223580628456 -0.159146043953017 0.0112560633409658 -0.192525255094426
0.0342160975763766 -0.175163006513609 0.107064337131636 -0.186356715753343
0.10303276263485 -0.166176756294472 0.179146306467282 -0.0800733312947984
0.185663447350126 -0.0887913986286281 0.1363179892905 0.0178308149655549
0.228884131434524 0.0197879425640159 -0.0152179742020156 0.0510462814115778
0.205171282069681 0.05738621342169 -0.194698739066589 -0.0461136748103111
0.0707499206582549 0.0460728097279711 -0.320631443233128 -0.00847630490979463
0.113545502470971 0.0269773765048996 -0.280988218808907 -0.0306175894414674
0.101245614331496 -0.0378135022784991 -0.21372717993911 -0.0422934757250124
0.0485949003029723 -0.0806759668233342 -0.158216686274211 -0.0322562399684866
0.0129922746189019 -0.0804043605649313 -0.147571892644381 -0.068814336451336
-0.0117401639936467 -0.0757494427031915 -0.172301807765307 -0.0806148142375687
-0.0280841868063647 -0.070537476306905 -0.169057475550125 -0.0920502427286506
-0.0199187540878402 -0.071628145397382 -0.119547961884793 -0.126100055287411
-0.0138839410290556 -0.0769713075018565 -0.0705148286037936 -0.196202508027053
0.00340823651143962 -0.0955992743691948 0.0169008480456188 -0.230735722280008
0.0399786353901817 -0.0983510761261185 0.122708144256081 -0.210074816965476
0.0864464960522638 -0.0873151377307363 0.184561679035093 -0.0877496211102086
0.133951145558641 -0.0259703175488264 0.12483682736823 0.0103515251471236
0.139694113141218 0.0511777037232262 -0.0296662792090178 0.0214045192344273
0.0979145248037967 0.066685515470761 -0.222049408353758 -0.0840055373331603
0.0315746331765152 -0.0369312311159763 0.170326653169394 0.185506616111138
-0.0183361160575758 -0.0526672362124623 0.0790086893679097 0.00202972478692081
-0.0527589192018435 -0.0189038577150204 -0.0997146235292874 -0.0742817777580202
-0.0316767982879345 0.0172825331984685 -0.221532719716934 -0.0287805287797268
-0.0163591760378586 0.0161387495340858 -0.230689283069758 0.121214163567047
-0.01631342199033 0.00956453098906807 -0.144828051187089 0.218682194230344
-0.0230209620307762 0.00950037811109748 -0.0379474467870472 0.232821731005091
-0.0263533042418763 -0.00413498564679718 0.0563983767021242 0.202693238323349
-0.0345212458181386 -0.00284431982144892 0.113642028429307 0.165686443317005
-0.0365102233601851 -0.0175229469030201 0.137995944462826 0.151578414169673
-0.0160055683995415 -0.026353848054707 0.127105665630598 0.138337491985296
-0.0122128990609411 -0.0204390153392174 0.13880949685355 0.120246989534761
-0.00590953785239654 -0.0319149053500226 0.160790275795387 0.123854373494054
0.0323520627475888 -0.0439445619446125 0.193743374867868 0.157698277149631
0.0570280914935668 -0.0223728092179708 0.277933815868613 0.16666447939375
0.110188397864159 0.0304597993643513 0.143566763931852 0.186454070371307
0.0726476735738745 0.00629120309215877 0.0573507900226421 -0.003185718083172
0.0358208033246823 -0.00672654036533026 -0.113207404977598 -0.0762998759858914
0.0466078218084589 -0.0138175718797296 -0.222772600607247 -0.0337664796992437
0.0410943608595878 -0.0420118588329692 -0.232655980199041 0.107742507866133
0.00950281107202458 -0.0648980790478123 -0.155584938534916 0.199139003481428
-0.0260635163992302 -0.0672297711247638 -0.0516419028759037 0.214942600612638
-0.0372921499582417 -0.0803412722732056 0.0410720242718543 0.187470953736372
-0.0513812616537641 -0.0747676936202642 0.104313071209675 0.143103013657859
-0.0449558195960688 -0.106041780141963 0.140159692022417 0.125470315430596
0.0112709806701738 -0.120069441010772 0.148029743662994 0.115328211792822
0.0547197585888959 -0.106355752362356 0.158846026673503 0.111876937692601
0.0983330816027882 -0.0690242686917242 0.165282877515232 0.119589532750771
0.147983411904729 -0.0207070260123064 0.168925126357713 0.138749217638214
0.170146795631261 0.0266333931866773 0.227609372181542 0.138093029725269
0.173581054029888 0.0957338595380047 0.0950849224100759 0.151619606241397
0.159260639055856 0.0708803360923291 0.0276570159664233 -0.0376382155060876
0.130712347092232 0.00962221842973636 -0.131030130342465 -0.0952687986220687
0.128955539553095 -0.0478263234279914 -0.224041422860409 -0.0424483114911728
0.0953323504502776 -0.1009904541264 -0.222525660419198 0.0880186703996417
0.033869657499456 -0.135055151373118 -0.153390315277776 0.162231642929574
-0.027718435660425 -0.134268107969219 -0.0640713267679372 0.170298925595995
-0.0431416100908705 -0.142858016112486 0.020138158851378 0.14559881343392
-0.0620971261370902 -0.133270452354257 0.0837425484641273 0.0967245320521438
-0.052439247553073 -0.175230023479695 0.130946532443707 0.0745781944108232
0.027668866446572 -0.195246343389515 0.160645007282333 0.0677412869082137
0.0988576830915937 -0.182057590912851 0.180460168381212 0.0882160378635336
0.180381423229577 -0.108905198794583 0.170103650993458 0.11281454299822
0.239840774599695 -0.00645317475622379 0.130824578564436 0.126778131229953
0.255796412738609 0.065674783594523 0.147966433320164 0.0983483749323729
0.214717258818528 0.143715057632238 0.0266039347496205 0.0867438753640758
0.232575814733468 0.118375854424077 -0.0173748296284964 -0.0892364959256342
0.218099806591517 0.0154500057194699 -0.151496389261691 -0.122449872927315
0.198041096581113 -0.0897575389245872 -0.218493980446585 -0.0553674716430715
0.134409352162666 -0.156150983971921 -0.199993302713605 0.055365311661057
0.0473403208403606 -0.189760441718088 -0.141525546724559 0.104330440981151
-0.0277243807802526 -0.18282357097971 -0.0742943678864861 0.104438166716867
-0.0436628018898396 -0.184003734557464 -0.00452995380913813 0.0850351996588174
-0.0599754611080055 -0.170623221896133 0.0556652794218874 0.0343828538410651
-0.046211791868004 -0.21722015928435 0.112124244719798 0.0112917342898366
0.0450807907013937 -0.239796988968851 0.163039866625539 0.00902293506743688
0.131807802294704 -0.22601445310062 0.194792239501397 0.059110280623703
0.23415660675912 -0.12721967618451 0.16890105060971 0.105727014240515
0.295934465769962 0.0132135745538346 0.0820212398627178 0.119778935366441
0.299155870211022 0.0988912051600306 0.0522276559792081 0.0515470430919295
0.226562131233629 0.164054623210053 -0.059462828771587 0.00721014084899131
0.271710023234098 0.139779386341875 -0.0802460844318327 -0.137719640074856
0.270741111436387 0.0108121151635646 -0.169260745382412 -0.142519713715438
0.23082786573249 -0.125329810153058 -0.19985716366065 -0.0700787505791026
0.145446983826961 -0.191869985003308 -0.166595940142706 0.00786576476176952
0.0481033018317097 -0.215563929041243 -0.126679784645139 0.0318180849348978
-0.0274459219023734 -0.202800942028269 -0.0853752450375266 0.0257390880272745
-0.0355159437739706 -0.196852945836925 -0.0260401536419979 0.0146712175212808
-0.0456571892244186 -0.184395331744882 0.0298894025135487 -0.0352506654956098
-0.0227416473019641 -0.22875405269435 0.0914780664229185 -0.0551953368213547
0.0707356314629378 -0.244656548237395 0.160681424907265 -0.0474875487421381
0.158481085590481 -0.224283369985132 0.198736094905638 0.0324903093923898
0.259332237713062 -0.10955652608943 0.155762963240043 0.0982974304520806
0.305639820232458 0.0479953320369625 0.0302320161321777 0.107935919278002
0.293850260743162 0.127471021226756 -0.0400152954318849 -0.0031043148047901
0.202125093158376 0.15361201788246 -0.151803833851173 -0.0667339185393166
0.260504273696446 0.132306999699402 -0.150765857240217 -0.165235893654119
0.267660611977721 0.00175455377267752 -0.179766386941394 -0.147513855062327
0.21619207519691 -0.134528651627159 -0.171773082295628 -0.0824868728963012
0.127805096665352 -0.189669565263119 -0.133603388619425 -0.0471443843342869
0.0389507596911462 -0.203416864214275 -0.117808771226255 -0.0451752304400271
-0.0247698881075352 -0.188599053054099 -0.0969440365677073 -0.0513071553444772
-0.0213461295901448 -0.181121550142159 -0.0434245438125772 -0.0571070354601327
-0.0223939003051929 -0.173118337518073 0.0135752513000258 -0.104239505629882
0.0106330855891434 -0.208607833526589 0.083887292978946 -0.117517973538723
0.0966792377325545 -0.209889793326687 0.16417379172203 -0.0937588637408776
0.17382168741141 -0.17752910366635 0.198852046725753 0.0140451392378752
0.250180958578686 -0.05716369654373 0.135347572189114 0.090162196413356
0.270107145915489 0.087224392061566 -0.0155387226479363 0.0819847981247689
0.242327977738381 0.143010495810526 -0.113614321534983 -0.0644616057731365
0.13943961066361 0.120677319380413 -0.232926689891986 -0.120443191180335
0.1964876482393 0.105284793014511 -0.209321949193198 -0.167943769146795
0.207741419149436 -0.000225845238877113 -0.181177352319696 -0.141813000149653
0.158146444177173 -0.107197038803655 -0.14476090256855 -0.0928932547436747
0.0896474194277983 -0.143105327864788 -0.111015254921088 -0.0975341040042673
0.0263315561234142 -0.151095325429286 -0.117142758841971 -0.110178824971316
-0.0152309128510039 -0.143541226640694 -0.108534741527879 -0.114835030247023
-0.00513478942049036 -0.138205126213063 -0.0541926726405462 -0.118898136384055
0.00164026328843652 -0.135429701504279 0.0102369835043313 -0.163228011248561
0.0360787770092176 -0.156955999816538 0.0912824216419733 -0.167428541529671
0.101703369723053 -0.146348277126204 0.179291191032962 -0.122873333538608
0.161555536851515 -0.106568522498411 0.201829430965337 0.00443796325395265
0.204838711427199 -0.0001589788119519 0.117634462638839 0.0787401135852155
0.19710404089114 0.11448091131161 -0.0412415153011473 0.0439887527861174
0.158111179224591 0.137561781734376 -0.155805733322055 -0.125982914030598
0.0454246363566942 0.0746783285569387 -0.285211613817666 -0.148220146713683
0.0941166712226628 0.0745087380430297 -0.239970727541754 -0.149888283089864
0.109451811361123 0.0119810756343 -0.173519819378396 -0.132596873798118
0.0774575378083703 -0.0491227362714225 -0.128588895880573 -0.0989562546859906
0.0449733992001854 -0.0635455987720078 -0.105870240911654 -0.127274948686113
0.0202524589434004 -0.0703338827917145 -0.122120251113907 -0.145695273532381
0.00263330465997805 -0.0750857998775653 -0.113745826927484 -0.15275395952587
0.0119699168176026 -0.0740268077088436 -0.0555555891849344 -0.160865397721279
0.0181365241083198 -0.0754249513461603 0.0179637198869142 -0.203213562221685
0.0399670180719129 -0.0864023345091592 0.111329119976674 -0.198627478219254
0.0761458145347741 -0.0730405940345888 0.200296562496975 -0.136349686735218
0.114122674429928 -0.0433432107293657 0.207071004921609 0.00115717929005519
0.131674877064579 0.034844984247155 0.110204701537235 0.0665070079779713
0.103567765723363 0.104937219439659 -0.0401495563284688 0.00871985127833986
0.0584561001566755 0.101265355306158 -0.16234927078847 -0.174014389456629
0.029540051877699 -0.0368942648773093 0.175531986000245 0.168059980727135
-0.0197685844717939 -0.0508453943616153 0.0779901993645845 -0.00306792643615335
-0.0513861330542044 -0.0148193513904494 -0.100282421194524 -0.0661555763292835
-0.0296943359894701 0.0178105480865162 -0.217287995509032 -0.0150915111521693
-0.0143524658326434 0.0162720205472734 -0.217078703545615 0.129585723072986
-0.0140838936915596 0.00959699051199912 -0.126032304387069 0.2197067357025
-0.0211001109307531 0.0100886606332286 -0.0210002924155539 0.227738751810781
-0.0254194217821382 -0.00262029474340955 0.0669724064114137 0.191095608862183
-0.0324826388553874 -0.000616375136744697 0.120938959630964 0.153729929527431
-0.0359138498880423 -0.0151676649223034 0.143828632852179 0.139270663049021
-0.0171770495115948 -0.0254599698952441 0.132183953913546 0.128171471807664
-0.0114630644404588 -0.019665291077182 0.139404559627689 0.109442034027609
-0.00671910475252346 -0.0305431291938075 0.159532073812471 0.112953160740382
0.0295696669670479 -0.0448743007443136 0.195398034972677 0.143554243658657
0.0548549227880773 -0.0245555117427963 0.278493809695832 0.144703749511641
0.108972066543122 0.0233838282927624 0.149733782365123 0.171273637929126
0.0718301922074472 0.00106467726085549 0.0573771066319915 -0.00676129354755585
0.0342100046941033 -0.00864127212434697 -0.112705269126525 -0.0673272817628227
0.0439897172135015 -0.0167996013824183 -0.218157060198689 -0.0199729775673151
0.0368484542159777 -0.0436889287732041 -0.220200246459926 0.11626641129141
0.00531364366170529 -0.064213413940557 -0.137996886345143 0.201809475603074
-0.0298355328157124 -0.0636507698211254 -0.0365972324212365 0.210693138339007
-0.04189381301527 -0.0756621027524246 0.0514378011466841 0.178060903154627
-0.0539086863324564 -0.069861801180135 0.109572537975877 0.131465111493165
-0.0501974986185268 -0.100322916662835 0.14556133052114 0.113208302659459
0.0042083931846913 -0.118079936839641 0.150741713402061 0.104040102166393
0.0472209981847356 -0.106471472864231 0.159372574248671 0.0999734053613334
0.0923190920666259 -0.0726233689167998 0.162968251045645 0.107102594029946
0.143009136063944 -0.0289635752608296 0.170466501876335 0.126033003932583
0.166692870510316 0.0164032055787479 0.229280932342882 0.120456927132187
0.17241225757794 0.0831305483305926 0.100307856747133 0.139281967540107
0.160319862986968 0.0584194530592613 0.0265990866557138 -0.0390656695379666
0.126763963946438 0.00271851645747364 -0.131209408944843 -0.0852364794637597
0.12101728734066 -0.0547743801559721 -0.220121342811046 -0.0295392618990691
0.0866041630872851 -0.104095837227071 -0.210912477065449 0.0963795543532381
0.0243654046507572 -0.13268814110029 -0.13834385140671 0.164783341677137
-0.0349685503540828 -0.128603057771032 -0.0518183340785316 0.168163550189369
-0.0520002139206235 -0.135976628238863 0.0283667138118111 0.139151392859023
-0.0681853769880646 -0.125840230530598 0.0871534223807572 0.0876495086630292
-0.0616806630801049 -0.166467747785834 0.133364814212676 0.0639680727031527
0.0145576772141995 -0.192748910311454 0.161235816350378 0.05716542573497
0.0851118163446241 -0.182584452797883 0.180116345512937 0.0763325598766723
0.169155648277091 -0.116173950779815 0.168473593796425 0.0996150059827868
0.233213371811561 -0.020273713827329 0.132606974964787 0.116004051574932
0.251955483727216 0.0491022601239165 0.149995046123331 0.0869837513257367
0.214251416330485 0.127108296917653 0.0309635141377021 0.0794727141556532
0.232999955831978 0.100854948686781 -0.0192629753205834 -0.0858613419084002
0.211213506068253 0.00444800816108083 -0.152274704713981 -0.110312287888873
0.185262643375039 -0.0988917212092892 -0.214096786702618 -0.0420141351085284
0.119943178446531 -0.160286500404171 -0.188623858933281 0.0640988775120273
0.0337837222609908 -0.186071962430924 -0.130008483047436 0.108846463629165
-0.0386002791713218 -0.174325003713386 -0.066486399184269 0.105308706075105
-0.0541436587009454 -0.174804271056433 0.00201142155334517 0.0820788077973581
-0.0697499715290932 -0.162845295931989 0.0563357084869936 0.0287352428375169
-0.0583111299333022 -0.207349983117766 0.110388465748673 0.00336141376034188
0.0281898803468862 -0.236871177625703 0.159804323864968 -0.000294672820725175
0.112915369761922 -0.227961425516475 0.192551337266674 0.0466036181259787
0.219882453603925 -0.138412327450718 0.166292378772974 0.0933479785596728
0.28844136118282 -0.00476897041742312 0.0853470556724217 0.111416377794106
0.295537276981606 0.0792021400258018 0.0547921229282244 0.0475510830185866
0.226679338103844 0.146170199336189 -0.0562161735371633 0.00832506978615416
0.272362597636399 0.119161482574116 -0.0825723314230581 -0.129372391366969
0.262386595278342 -0.00362940849553644 -0.170416861417051 -0.129101877655422
0.216266424540116 -0.134688649107369 -0.197090928238571 -0.0577169398500136
0.12866976719246 -0.195012730304114 -0.158837544352997 0.0151898451217979
0.032600679442557 -0.211800093216315 -0.120447093841142 0.0367340798543474
-0.0396883961471801 -0.193431227052143 -0.0815330113761261 0.0307422743444234
-0.0476384925716959 -0.188491882017658 -0.0237812233983559 0.0148204200511993
-0.0559250347313177 -0.176708689888738 0.0268391246242537 -0.0369545260842548
-0.0363262040065165 -0.220032160337133 0.0870587607299183 -0.0603893672806668
0.0531759182196791 -0.243255508654044 0.153314003575988 -0.0562786411036237
0.138776359438415 -0.227106245727546 0.196041490854954 0.0206806527131504
0.245097913194206 -0.121347829870943 0.154208578834787 0.0869085824412981
0.299811326372199 0.0277718912093575 0.0345402314334175 0.102144945348018
0.290989943824951 0.106418079999976 -0.0386837194277372 0.000839546007434362
0.2019747717457 0.137437857907901 -0.15023445031664 -0.0576972402541839
0.260067912323433 0.111083805974902 -0.152655977658189 -0.152412334846697
0.258497639569344 -0.0127769617645579 -0.181731146064257 -0.133576675130309
0.201300207384676 -0.142067180579661 -0.169969581970796 -0.071239652921238
0.111418937703818 -0.191718512140917 -0.129812714345366 -0.0406840728401078
0.0239112246016826 -0.198447199537293 -0.116645854402267 -0.0386014900723989
-0.036763018324441 -0.180523965127995 -0.0978553955688061 -0.0426399851441146
-0.0338599518668534 -0.173671337571152 -0.0452071839811889 -0.0528772480689784
-0.0326666725913665 -0.166276987211012 0.00650143158559766 -0.102402702234718
-0.00339128136075304 -0.201443742469697 0.0744255180592113 -0.119790185778981
0.0796744182573579 -0.210209527203887 0.154708254654748 -0.101341042584169
0.156235871549858 -0.182074718001861 0.195449193171103 0.00214803698456214
0.239426569276962 -0.0709779482176851 0.134391055731045 0.0792271963006593
0.267929679183812 0.0685948732502354 -0.0107266400588492 0.0802165197627802
0.241941222276417 0.12430020252918 -0.113083786793274 -0.0536299608435805
0.139401050653885 0.108425550258729 -0.232129831133509 -0.104790980135753
0.195579012081539 0.090000953404581 -0.209574274440896 -0.151189378987808
0.199559950174305 -0.0116305198150704 -0.18181321539036 -0.128048607873702
0.146151615809899 -0.113375206755831 -0.144275980477701 -0.0824194294931567
0.0770645143110255 -0.144378840044288 -0.111383468789236 -0.0903199971889124
0.0158450847188753 -0.147286722988793 -0.120219789397531 -0.100734944668248
-0.023870791056479 -0.137420626093684 -0.11295867917777 -0.102849386892934
-0.0144911089888621 -0.133184830365327 -0.0587702226909811 -0.111448748279518
-0.00707642109919161 -0.131273075343601 -0.000255536163316708 -0.158712128821498
0.0251290602867988 -0.154334705473758 0.0785842416036923 -0.167798354929464
0.089152371115392 -0.148151648563747 0.166464436210882 -0.130487649445238
0.148943190370458 -0.113273199944646 0.197400181097904 -0.00693335555001855
0.198325551565814 -0.0117989215840109 0.116971732266381 0.0691949325606088
0.197851385332108 0.0986405666478033 -0.0374545921707703 0.0458484538906879
0.159266813767503 0.122945460939157 -0.157491017202729 -0.109574369271188
0.0465017587768036 0.0694270843062483 -0.283957811508108 -0.127958187844565
0.0940274521650033 0.0666327637798678 -0.237971850451849 -0.131825539712443
0.104871901810002 0.00544705751702956 -0.17481512059429 -0.118869869060007
0.0716921554621927 -0.0511406679103206 -0.129577972977345 -0.0909777026153299
0.0389060845096011 -0.0639756558073265 -0.108320964926042 -0.11918962780886
0.0147897473963849 -0.0686173994634572 -0.127508981870574 -0.13454920970825
-0.00259801624642703 -0.072243558324375 -0.120674800763974 -0.139095122066485
0.00587422686095602 -0.0724285062552934 -0.0635206104717046 -0.152139099918553
0.0124334486004635 -0.0747217168663783 0.00494269690778083 -0.19753042874812
0.0337315810378652 -0.0853462782536602 0.095031212640837 -0.198532627656969
0.0683502164216916 -0.0753586766810297 0.186130427724091 -0.144597148804962
0.10697774357646 -0.0486532002474006 0.202002467516348 -0.0107070867947095
0.128992559768387 0.0257164250143703 0.109688272692126 0.0577809011315507
0.106154755766298 0.0954052304200543 -0.0393017564680596 0.0121206221897954
0.0606233032094112 0.0933476690986086 -0.166139386719855 -0.155221448749323
0.0279365505279414 -0.0357593326974555 0.175342029673783 0.154529661621694
-0.0199838406503952 -0.0491371311676088 0.0767343878202156 -0.00702324413057644
-0.0491171844804779 -0.0126322054058955 -0.0979548095894047 -0.0592286174828261
-0.0283015009637832 0.017771493281783 -0.210167710999259 -0.00602033813242712
-0.0129546505209704 0.0156112652740219 -0.204745675415232 0.131926741047007
-0.0130446065955131 0.00884685413013206 -0.111169241520078 0.215534262784067
-0.0196120453889077 0.00969524127723245 -0.00977048847288789 0.218852244263825
-0.0246808172235916 -0.0020370995389701 0.0730683129217403 0.181407855735547
-0.0309894625870893 0.00032423526207471 0.123039541796157 0.142637143627947
-0.035424491999943 -0.0130295687579397 0.146165104055249 0.128172987531143
-0.0171000391832627 -0.0249521459285581 0.132905849207639 0.119532305787526
-0.0110710402355727 -0.0186391192110035 0.136959621426988 0.100462912404422
-0.00708687890598663 -0.0292958424775638 0.154914048050293 0.103696737444674
0.0268528375275624 -0.0447743141037337 0.192573512114751 0.131050319646389
0.0528397404937143 -0.0258708900861639 0.273804247072663 0.127178986144684
0.105885704459908 0.0189244664933221 0.149786487354081 0.156871060315773
0.0698431810726662 -0.0032994224271404 0.0568501574327997 -0.00980037731754719
0.0325325113318361 -0.00894483730831346 -0.109788176372953 -0.0603276396877625
0.0405886846159304 -0.0185530734416567 -0.210617226544072 -0.0115482190899718
0.0335960535381922 -0.0445689750071235 -0.207244558900845 0.119723218082518
0.00247245991411085 -0.0623228020337511 -0.12301790344133 0.198476770816309
-0.0313908073866635 -0.0599260239865915 -0.0259693850803724 0.203404478820324
-0.0438861467724632 -0.0714309256150365 0.0563632738476773 0.168037341658973
-0.0547597420708114 -0.0652244198007973 0.11146133410381 0.121184958622307
-0.0527496242761864 -0.0942742672370879 0.146512992890882 0.102544039237296
-0.00134967105602656 -0.115560196933637 0.150265835053536 0.0952112764467731
0.0416624845311942 -0.104809001438236 0.156485722882332 0.0905859714729731
0.086515177576501 -0.0738771936877028 0.157943669795282 0.098398085521964
0.13740691849675 -0.03403466009305 0.167330887560082 0.114862816492139
0.161345345681605 0.0092628045327842 0.225076814104679 0.106531619822301
0.168018663553531 0.0741783901380033 0.101828627247241 0.128877653753264
0.156564985153068 0.0488743320825481 0.0267048996384999 -0.0395848461029119
0.121455653068964 -0.00123059833680029 -0.127971790242836 -0.0771542236469106
0.113826985768881 -0.0579768143825744 -0.213087471223309 -0.0206647564116206
0.0784364297015783 -0.104281964415693 -0.197744112623873 0.0994229458579455
0.0176206278942283 -0.128734879409206 -0.125495778177944 0.162965830591923
-0.0392394031488352 -0.121503206574645 -0.0423917656747485 0.163380060262169
-0.0569795527376661 -0.128480680311093 0.0331667009666112 0.131689890250782
-0.0708618407318008 -0.118825676760508 0.0864180718499174 0.0794784040440739
-0.0668960417387776 -0.157559065724358 0.132638036942894 0.055558943285928
0.00601491769469649 -0.187952202939919 0.158556512018491 0.0489766240677597
0.0740358065243145 -0.179833894542174 0.176258453495135 0.0665059657770925
0.158691781937988 -0.118640643970005 0.162756080191882 0.09125975235647
0.22507818703676 -0.0292633848382395 0.131057725407122 0.107135485690666
0.244039398684785 0.0380853189583978 0.148337444687501 0.077905344982148
0.209472294295854 0.11434251695503 0.0319858177633398 0.0744973056784613
0.227976712721222 0.086857596694462 -0.0187719508109965 -0.0831635321282466
0.202725631294907 -0.00235153779205766 -0.148877108963479 -0.101017053274651
0.173451991740321 -0.102800275775616 -0.207835261336888 -0.0334353044315384
0.107990769899943 -0.159429434298759 -0.177581243364141 0.0670027794971263
0.0246538674294701 -0.180104757101401 -0.119823168759434 0.108494880985832
-0.0446435083622544 -0.165727344715508 -0.0597664049138525 0.103931914272493
-0.0606927025755145 -0.166077701339521 0.00519534119824034 0.0783256107701045
-0.0736001896736503 -0.154389734653514 0.0545256382167739 0.024773926753889
-0.0654456051882031 -0.196830978507026 0.107541708525256 -0.00226468363719749
0.0165011734470067 -0.230935805491038 0.15516654184435 -0.00724891449662828
0.0987039079305183 -0.223676193347041 0.187661985828196 0.0373950881677508
0.206761889463758 -0.14149546619001 0.160656706237923 0.0846025973837953
0.278349508077501 -0.0151493184095672 0.0856701755323323 0.103546132390028
0.286695465894694 0.0646887293505956 0.0557187316638637 0.0447715207795236
0.220610207016005 0.132159483496716 -0.0543355031094656 0.00844674798848505
0.266540204066796 0.103359211555626 -0.0816349658746697 -0.122525226671518
0.251542230114433 -0.0116855757476996 -0.166840788320023 -0.118107477335943
0.201424975238935 -0.139090046733295 -0.191265850912799 -0.0486963448517157
0.115067099692726 -0.193823707706189 -0.150818999506059 0.0185390936696676
0.021966829999481 -0.203711922295881 -0.114123777421399 0.0387891519033434
-0.0468513090937216 -0.183240352385941 -0.0777221680262085 0.0334345548568928
-0.0549270966330715 -0.178965055205601 -0.0219416555387052 0.0147966368112412
-0.0615155678540451 -0.168147093598835 0.023563179007188 -0.0371401519471262
-0.0444263940500091 -0.209503615128369 0.0817941636219778 -0.0628555730803089
0.0392359806203836 -0.237220363362989 0.146464319419406 -0.0605210217861848
0.123134173886224 -0.223814054957782 0.190425423097285 0.0117376723657281
0.230807488163146 -0.127748496101 0.148129545848451 0.0780575518031281
0.290697891533924 0.0150276304679734 0.0363626023119403 0.0967293194329046
0.282952322097295 0.0909564097864876 -0.0355504139535025 0.00384615250858038
0.197068062837291 0.124213137392052 -0.146279808634465 -0.0509247492178057
0.254176232421094 0.0970286279418457 -0.149695808961075 -0.141882168657292
0.246701851898018 -0.0214148133100761 -0.178226018021286 -0.121810017236157
0.186964590545333 -0.145637756256648 -0.165792437614911 -0.0631205128578116
0.0981968519790364 -0.189440660343918 -0.124411728583731 -0.0359435398368189
0.0140574722978575 -0.191163070895509 -0.114218051279053 -0.0335560748288365
-0.0429073427582866 -0.170681343105278 -0.097066143346875 -0.0359284297436728
-0.0407344871996088 -0.165089451866075 -0.0449370301370047 -0.0490688203325666
-0.0389503159283026 -0.159243704039048 0.00127471313527866 -0.0989029681851962
-0.0120618004361458 -0.193112276783789 0.0672512698583039 -0.118664266512014
0.0657320307427781 -0.206344160951577 0.14515000750824 -0.10414474389273
0.141785163788694 -0.181572155445718 0.18934523550583 -0.005439919562457
0.22667439256106 -0.0782458574064884 0.130134721594039 0.071441184696287
0.260890585697132 0.0548789404851726 -0.00808531200547326 0.0779087281440826
0.235730920173484 0.109497992562291 -0.109404808604699 -0.0444665466315847
0.13619662566263 0.0985801255179296 -0.226866172497054 -0.0923822604627751
0.191195720665822 0.0786601472995262 -0.204671707854306 -0.13758287431802
0.190339436748036 -0.0182107442400707 -0.178099640954142 -0.116653519817969
0.135852829551908 -0.114396530892293 -0.140563978157994 -0.0751444519834749
0.0672504200174468 -0.142028020308805 -0.108978433508439 -0.084424495180552
0.00860973123882197 -0.141232189581929 -0.120475029603742 -0.093009772318412
-0.0292945694619654 -0.13006804675873 -0.113490690685211 -0.0929482483833986
-0.021147728469919 -0.12721710084575 -0.0600341744416613 -0.10467254683301
-0.0132900917855933 -0.12558657017712 -0.00717833674752441 -0.152311792670519
0.0169967555665896 -0.148394756791631 0.0684738075619988 -0.164898396486962
0.0779876291320371 -0.146365819129988 0.155277240093991 -0.132879869630928
0.136717406653808 -0.114480340295807 0.190471057232804 -0.0144940932341555
0.18941919502394 -0.019914692570361 0.113995442262329 0.0617588530715099
0.193884567738391 0.0863595106778381 -0.03480348586201 0.0464098080576621
0.156302138107552 0.111284854603191 -0.153884789750253 -0.096092177997497
0.046046353556595 0.0647581246952422 -0.278046534421679 -0.111831790748319
0.0918463998802014 0.0602589228914382 -0.230900203263264 -0.118496255989359
0.100486912581714 0.00123499833877247 -0.170521868379044 -0.108735237904054
0.0665173742617726 -0.0518819822355233 -0.126650979554997 -0.0832465618222641
0.0340950618023701 -0.0633731041535656 -0.108588420973865 -0.112014416289536
0.0114270549355471 -0.065429526568803 -0.129518308513975 -0.124530087005406
-0.00521962566328266 -0.068144425262717 -0.122303593855556 -0.127036735446356
0.00251007087563966 -0.0695368492077779 -0.0659749385007439 -0.142535458124389
0.00830457559524206 -0.0724298473420242 -0.00420932623727295 -0.189565093721373
0.0282893627937504 -0.083116401492111 0.0830600630431121 -0.194165461306687
0.0616552965885504 -0.074786466274956 0.172534571092502 -0.146583024376427
0.0992658527418864 -0.0504139585982918 0.195026294045172 -0.0179295076917171
0.124205159886456 0.0198881638230797 0.107147887418132 0.0514350108735601
0.105246526868029 0.0870023057025084 -0.0379637332327157 0.0138951356497135
0.0601585114756251 0.0866816089596593 -0.164734756453615 -0.139520539993918
0.0273020417161248 -0.0352768782564759 0.17245000122802 0.14440280747187
-0.0201003770856704 -0.0479191819797678 0.0757577423541629 -0.00964253817678949
-0.0470725282021613 -0.0114557967303683 -0.0953704227154644 -0.055550691622493
-0.0270258616741265 0.0174584491655315 -0.202963810051578 -0.000328844557595829
-0.0116758568670668 0.0147704749402871 -0.195773083327557 0.132445246256527
-0.0115928696350668 0.00804222811331838 -0.101918848125411 0.210147059956848
-0.0182285397171297 0.00876808124090714 -0.002526371461106 0.210763534504604
-0.0240343517293934 -0.0021022739693655 0.0745900578396789 0.172802773682585
-0.0291808498352329 0.00102085889392467 0.12434434021384 0.134354554937154
-0.0343356006600821 -0.0114271487939255 0.146569391029735 0.120043926172387
-0.0169869278846519 -0.0243540474500604 0.131984327245459 0.114061424764916
-0.0104402595475186 -0.0187107365807342 0.133641246504274 0.0948724492832517
-0.00675008691798259 -0.0283710659097743 0.149404578257938 0.098728536647015
0.0251143015199739 -0.0448648703768435 0.18769038291372 0.124051303086476
0.0509206096734391 -0.0262452007775804 0.26845485002952 0.115781146564399
0.10273453700643 0.0157975241167082 0.1485486088878 0.147922469386695
0.068193276863592 -0.00601477073861738 0.0570403716105091 -0.0127009459624899
0.0314808499950243 -0.00958830031745493 -0.106540787966755 -0.0562277881637841
0.0384360451366931 -0.019403304045361 -0.20451613018394 -0.00595604573400257
0.0310843123011962 -0.0444180633406605 -0.198008042906361 0.120362001401193
0.000703673136966149 -0.0610350265704546 -0.113285736423067 0.194152386960473
-0.0320796331805453 -0.0574371301755844 -0.0185614576404149 0.196449821192161
-0.0448667715422889 -0.0680709586122264 0.0594432796184758 0.160387038647399
-0.0544166282008269 -0.0624540018640871 0.110945490043716 0.114067323113253
-0.0544213112217441 -0.0898916418095945 0.146170065221147 0.0947405181656556
-0.00428855576996554 -0.112703330236539 0.148674015065809 0.0895255774698425
0.0380512064801911 -0.102973660819243 0.152789083217466 0.0849000107556193
0.0825460194590554 -0.0739776442145159 0.152163129926968 0.0936024363460273
0.133043458663523 -0.0363543952759115 0.163290404860495 0.107669981046168
0.156720370384325 0.00514250639463655 0.220760674526514 0.0975140739468517
0.163822569460483 0.0686196467672466 0.10070967808131 0.120227615311092
0.152883746268699 0.04261233223886 0.0273393118535193 -0.0401593694151871
0.117427585146722 -0.00329864344794117 -0.124093753311116 -0.0722180287585359
0.107591402405594 -0.059172834490568 -0.206409034674705 -0.0153305117445972
0.0726520465024663 -0.103892603447376 -0.189151311773419 0.10002206624147
0.0135473382340964 -0.125039053269212 -0.116694858348188 0.15945847538897
-0.0414981844869365 -0.116391556583368 -0.0362902694505152 0.158513910657953
-0.059132533459236 -0.122576333779537 0.0353578944605391 0.126115969406208
-0.0721271396310315 -0.113598640571813 0.0856598070894598 0.0744531317961297
-0.0692109678581194 -0.150292373902377 0.131281500994323 0.0492718861246192
-0.000544004206444846 -0.183475980845908 0.155527529488774 0.0430997918921814
0.0672254812381372 -0.176488172056543 0.172798801015314 0.0607900006597992
0.150998525334671 -0.119580375185669 0.156952792368316 0.086551485169159
0.21813422786042 -0.0337607954745806 0.127987792087459 0.100842825940457
0.237340666789311 0.0304874183845648 0.145459347990209 0.0724402416563338
0.203591535063526 0.107098321248194 0.0327412097535182 0.0697421514917106
0.223364574080773 0.0786748018905978 -0.0177066751032583 -0.0820415312692157
0.195936181293358 -0.00595049478526641 -0.143947084620378 -0.0947329696668065
0.164476327565713 -0.1042332490354 -0.201325623490695 -0.0276495219741428
0.0999596906840908 -0.158497925076165 -0.16942156361155 0.0676133303069531
0.0189065162146897 -0.174730526499957 -0.112574408137457 0.106699307612268
-0.0479880272820918 -0.158099196237132 -0.0550844542189509 0.101956548070898
-0.0644923925920425 -0.158955831148861 0.00768550460696297 0.0750283053809894
-0.0756276366880017 -0.147846958309862 0.0527299432578478 0.0221865947920894
-0.0685202476962431 -0.188448199231191 0.105467883787522 -0.00631139174462628
0.00874260633246266 -0.225494054236047 0.15091420114129 -0.0112553307824049
0.0892056185413954 -0.219562010547291 0.183094163863068 0.031725109864341
0.196739023764554 -0.143254095319896 0.154753196267426 0.0799330508528557
0.27090355310095 -0.0222672468435274 0.0840899496888794 0.0981113222520277
0.278425587051469 0.0558147188731395 0.055910980385911 0.0427355438233853
0.214998922220398 0.123909613364505 -0.052589503031665 0.00848519262765913
0.260707869957204 0.0933418661234371 -0.0786892360258955 -0.11819096559382
0.242885363571795 -0.0162824333354455 -0.162264976125381 -0.111255324754553
0.191044341170607 -0.139300998553507 -0.18590670182445 -0.0434700930137005
0.105351622113514 -0.191329338496585 -0.143946605348884 0.0200302486092711
0.0157193532234595 -0.197459969333245 -0.109112606895067 0.0387361989107277
-0.0507675914592623 -0.175068264275863 -0.0748745786868621 0.0347341480798315
-0.0590403702311952 -0.171605718696843 -0.020257128608952 0.014568579905248
-0.063997955309085 -0.161609518920652 0.0212606745661557 -0.0372153755422492
-0.0493608996025061 -0.201410335066016 0.0787813115438762 -0.0640169911230039
0.0295071971930624 -0.23199393944254 0.141429095196397 -0.0629478947018367
0.11247454949212 -0.220406116914801 0.185653283792073 0.0061232255978614
0.220108407847503 -0.12938899295916 0.143117326539234 0.0733279808114227
0.282964427190502 0.00677311861027902 0.0362099561191825 0.0926313622146074
0.275292046752936 0.0800373177348506 -0.0332489959274846 0.0058717256643662
0.191690202239302 0.116072009831196 -0.142953101329059 -0.0473965330587614
0.248590993678975 0.0876148297741021 -0.145150880832441 -0.135189140957828
0.237992243114815 -0.0254135934982089 -0.173322862416699 -0.114518100179688
0.176800042516715 -0.145827518574825 -0.161098979423648 -0.057958222136771
0.0892982692927641 -0.186332328460157 -0.11979866712252 -0.0345377866519658
0.00846720574945311 -0.184506287123377 -0.111648106972501 -0.0310869940064576
-0.0465577391101755 -0.162676926279956 -0.0951536430413878 -0.0315374380382619
-0.0453687393545652 -0.158907507127696 -0.0439413638864697 -0.0465614946924791
-0.0430508962232391 -0.152306835833447 -0.00207248419209939 -0.0957979466546731
-0.0178263088341176 -0.186243345559119 0.0623467394951153 -0.117754304147701
0.0567610204701769 -0.201646536123578 0.138428496312227 -0.105704100541419
0.131042008624249 -0.17887791808722 0.184643945409151 -0.0108337060453932
0.217065706462206 -0.081764976389608 0.125642639902027 0.0668288496209805
0.254744471849797 0.0461147698821483 -0.00649222037305669 0.0755686646198358
0.229292504714263 0.0996974211539367 -0.105338769764505 -0.0388048739996791
0.132305534730225 0.0923982232597157 -0.221766066313951 -0.0845951950703022
0.18649485223732 0.0713966867346234 -0.198750385400296 -0.130085586766624
0.183465294694394 -0.020937334551601 -0.173467159700301 -0.109515347271709
0.127541336730145 -0.114079663993605 -0.136535180817263 -0.0702495528425825
0.0601605647353932 -0.139535589467127 -0.106188742429056 -0.0810411914785543
0.00470766973245892 -0.13600943317201 -0.119963388896653 -0.0885316540217193
-0.0318179958911703 -0.123609676946432 -0.11276629387143 -0.0860289455152334
-0.0245615127281126 -0.122358311075256 -0.0605677275478479 -0.0997622362500647
-0.0173580597516221 -0.121074796559404 -0.0114311594056561 -0.14675736090765
0.0116515926410328 -0.144037369803116 0.0620868620570246 -0.161972923431103
0.0699081835555964 -0.14337788768249 0.147632227695367 -0.132989181333666
0.128452905663754 -0.113672868655208 0.185182579924858 -0.019513396700722
0.182374512026198 -0.0248874901176713 0.11041465059115 0.0573896174601767
0.19027568534673 0.078294860409276 -0.0328997913463747 0.0464519910545203
0.151843041308193 0.103238577551808 -0.150132665294167 -0.0869036534481579
0.0445959394226391 0.0615860925870085 -0.271357082198386 -0.102158111403025
0.0898398726078462 0.0558946887385326 -0.223646955448067 -0.109846212055563
0.0964851699467165 -0.000571760300036558 -0.166016120973295 -0.102194631801425
0.0627162863224035 -0.0516172276958755 -0.123173530182259 -0.0779531040515282
0.0308344669550019 -0.0616420941680146 -0.107156586947026 -0.107425341932986
0.00952248359431814 -0.0629596410713089 -0.129636334857671 -0.118010570425358
-0.0066419379679198 -0.0650154964551922 -0.122387630035467 -0.118829706073632
-0.000138263163436522 -0.0675600983188051 -0.0672534932445794 -0.136136608024953
0.00510833673225545 -0.0702624301266783 -0.00905010800566401 -0.182579111204184
0.0249117315886492 -0.0808655959552173 0.0748102646824205 -0.189821280944233
0.0568728563797249 -0.0736864385846435 0.1632364274152 -0.146669000138037
0.0943172147236976 -0.0514418001147813 0.189298804125227 -0.0224292937311661
0.119943808239802 0.015371772875423 0.104608077788943 0.0468387888449676
0.10382655447181 0.0810521362375156 -0.0370770794325614 0.0151662811270474
0.0579262097563563 0.0824229354656237 -0.160784205549601 -0.128642246800125
0.0267817619123032 -0.0354408444654381 0.170535350916824 0.136779549121881
-0.0201197798520264 -0.0482834870217565 0.0755644187894136 -0.0131402853855692
-0.0464032056705757 -0.0111735921247753 -0.0926746167434289 -0.0533023990172903
-0.0256954524217182 0.0174053167957344 -0.197729675098938 0.00418041321450814
-0.011430114048485 0.0138215606100794 -0.189571106765263 0.133282425143542
-0.011313535873795 0.0067855327381437 -0.0934789076953097 0.20756276671016
-0.0172425340977693 0.0083963993171324 0.00369733885592259 0.205200257007289
-0.0236013970796493 -0.00183258781335317 0.0771035407408847 0.166844180927904
-0.0281034429199596 0.000954027466776851 0.124730434813903 0.127260384958357
-0.0340565303517711 -0.0105316688694794 0.147571673348578 0.113767351876702
-0.0177895808671856 -0.0240326551830008 0.132118498962542 0.110539673935585
-0.00989108169642029 -0.0185667855156584 0.130987054169443 0.0918851834498833
-0.00673977744160179 -0.0281299439933152 0.146222786430443 0.0957668161967214
0.0235914220827861 -0.0448800825633673 0.185018015170083 0.11870503282491
0.049649620824707 -0.0273092105708099 0.264146755577837 0.107397846786314
0.100611528351624 0.0137168870823981 0.147500990145143 0.140205699680698
0.0667091331307909 -0.008639573945162 0.0571548147976656 -0.0154177938493876
0.0305671380737572 -0.0102228628895963 -0.103247756617883 -0.0532618757406464
0.0361093570684519 -0.019937556872611 -0.199524678397443 -0.00192281227338551
0.0290904752884758 -0.0450681362464378 -0.191531258994459 0.120956214491314
-0.000933360377518243 -0.060947069309112 -0.106702900893693 0.190863516759187
-0.0326441029452962 -0.0556761483790629 -0.0130192040760425 0.192136001124336
-0.0464176857037009 -0.0659529779275434 0.0618480710158086 0.154882194968645
-0.054839694720493 -0.0603828812440695 0.111921348507982 0.10819696760238
-0.0550838534060893 -0.0865368472031249 0.146676295704212 0.0881763685424222
-0.00783823087259897 -0.11102906927143 0.148430377212681 0.0851260284386318
0.035564510459207 -0.102438821792317 0.150370022372911 0.080684608641987
0.0799156148151818 -0.0747092423811135 0.148371240879778 0.0907245103099906
0.130050504497883 -0.0387439387022211 0.160268759942867 0.103157092701453
0.153324622313776 0.0010205430908922 0.218856140719348 0.0905155131594867
0.160472827230317 0.0644484653225951 0.10068709429441 0.114542990333725
0.151001239682113 0.0371915317438362 0.028195012935281 -0.0427057857974439
0.114371469189427 -0.00533894568029502 -0.120510484816462 -0.0689072774281756
0.10292756135725 -0.0601380171974471 -0.201887510483485 -0.0113744583783915
0.0678693825732553 -0.104561893101272 -0.18291096056516 0.101098000759662
0.0100219513629289 -0.122649789892044 -0.109159661782647 0.15709254874255
-0.0434644787566509 -0.112337518773502 -0.0317382224514956 0.155614122672586
-0.0617820326146808 -0.119175093973655 0.0377278117488921 0.122055372642409
-0.0731001556799958 -0.109706765978428 0.0858974197248879 0.0703380224620576
-0.0719165318157975 -0.145253389265319 0.130814206349748 0.0436162381272288
-0.00492559347431993 -0.180687586601858 0.15412696494686 0.0389305785123899
0.062068754862769 -0.174735315937469 0.170270752210278 0.0561495861946095
0.145551733806466 -0.120744787482726 0.152741618971937 0.0837630429682946
0.213361236046121 -0.037839474862494 0.125438146282026 0.0963375988492597
0.232900213092442 0.0242969885729928 0.144420477553388 0.0688064794669588
0.200310583647947 0.10176296915475 0.0329541198321537 0.0656712409586788
0.221128099455177 0.071357121959761 -0.0162982266540116 -0.0818273236985419
0.191634415505622 -0.00929147995063159 -0.140912158372655 -0.0907348214100756
0.157528748166686 -0.105768937296736 -0.197385356972046 -0.0241336040442503
0.0930253932004849 -0.157491705781112 -0.163226610410713 0.0679626541462297
0.0140299826446134 -0.171457385416132 -0.107139574133473 0.104926327290319
-0.0505625658939919 -0.153119780642706 -0.0513890319807321 0.101521998845993
-0.0677362569952184 -0.153859039787836 0.00913294592023548 0.0720000294644772
-0.0775759161960783 -0.142704570101483 0.0519874286811362 0.0196946385507476
-0.0726675716242557 -0.182390473231211 0.103954261509582 -0.0102744885264881
0.00228490931638586 -0.221749166165661 0.147965757624043 -0.0146814793153048
0.0817064780181867 -0.218018161065365 0.180820783955458 0.0278267928094567
0.189649000322584 -0.144737045760948 0.150853087890607 0.0767383046501509
0.265843439711973 -0.0283167035538957 0.0832358400063609 0.094858711448017
0.273100580357397 0.0478771737094564 0.0562693941817065 0.0416745514762865
0.211338935345774 0.11772975096422 -0.0511945541131566 0.00729199968863837
0.258007673527531 0.0846585503427214 -0.0771950367908585 -0.115857613459327
0.237328124316196 -0.0203231655319556 -0.158988214695367 -0.106175760050422
0.18358478783816 -0.140387951078155 -0.181501248391796 -0.0392077292523589
0.0974143555028528 -0.190188722430995 -0.138766669177362 0.0205139793435124
0.0104887814564947 -0.193712203348776 -0.106390067751456 0.0390622049569946
-0.0541391593909455 -0.168932486447456 -0.0726608533827788 0.0365558501722078
-0.0630607000802733 -0.166057981087165 -0.0191086615748095 0.0144935437191347
-0.0673217154677126 -0.156556451960833 0.0193300059403313 -0.0367839027264149
-0.054166800557207 -0.195631123159757 0.0761056783553529 -0.0652082517525504
0.0223214812227591 -0.228558651446239 0.137474004837944 -0.0659785649195005
0.103659264993642 -0.21834018262149 0.182273407818541 0.0015512017759403
0.212835458442023 -0.132658157172003 0.139286371328844 0.0702506501155688
0.27847365049726 -0.000393656632753155 0.036238180608909 0.089843973198913
0.269014276772041 0.0720796355461931 -0.0307897655578988 0.00775440916983189
0.188798840285338 0.11058481297054 -0.140290613437421 -0.0443008060180363
0.24514564026448 0.0798442375536452 -0.142094804541017 -0.130927651843087
0.232237725293821 -0.0281353825776821 -0.169764367000938 -0.109710615271833
0.168130695877622 -0.14652606444612 -0.15677797584885 -0.0544285370590158
0.082113768329838 -0.184337544192206 -0.116660054433428 -0.0338896063323513
0.00382447576541746 -0.180267074618468 -0.110544478516566 -0.0300438401116288
-0.0493499771442135 -0.157236951654571 -0.0945804673798731 -0.0278382379632779
-0.0490552592150178 -0.153779202004153 -0.0432264756421119 -0.045413991972134
-0.0462948258562107 -0.14806930251212 -0.00385833783282347 -0.0943369929645664
-0.022492220916132 -0.181784912368874 0.0583519595114424 -0.118212411666243
0.0491532109405227 -0.199073750247885 0.133285570934702 -0.106680182896091
0.122589700363982 -0.178863699490823 0.18138512988887 -0.0150057953867294
0.210041514527377 -0.0857478507037093 0.122869968558121 0.0633571779503137
0.249895797214789 0.0393345360087699 -0.00573234338084694 0.0743763817813985
0.224787619964514 0.0929384973499113 -0.102305809106582 -0.0341048893828045
0.130733164757646 0.0876523678143943 -0.218172670892833 -0.0792473859614693
0.183277376695457 0.0659760671137734 -0.19432102036275 -0.124702913127166
0.178358062520651 -0.0234873441041301 -0.170586899794867 -0.103975072614603
0.121807045510675 -0.114054021030987 -0.133193926851797 -0.0666990883018776
0.0545444099767631 -0.137831300003137 -0.104917438130776 -0.0805022270558435
0.000919196884678474 -0.132221498637326 -0.120118985617651 -0.0848759325491467
-0.0338875930602548 -0.118842504461061 -0.112613641619412 -0.0805871950006904
-0.0280440537881341 -0.118455763141225 -0.0608574102712124 -0.0967259923885832
-0.0199152721176882 -0.117955528344599 -0.0149372243123231 -0.143390977654514
0.00719998148913488 -0.140292969429952 0.056312351103268 -0.159677068878029
0.0636536402285499 -0.14172654382545 0.141593926981556 -0.133873678935403
0.121383316339433 -0.113669092830511 0.181946129597532 -0.0234532983820733
0.176576434457747 -0.0284854670376835 0.108158150792212 0.0540343428733049
0.186960249344922 0.0713042315328748 -0.0318318768847262 0.0464609184514337
0.148380320942258 0.0971792246470301 -0.14666669055558 -0.0801505339130609
0.0436644434578301 0.0592068018767184 -0.266515942115278 -0.0948859553379354
0.0880661390158045 0.0531054363823456 -0.219005126423083 -0.104357821996277
0.0940807249691943 -0.00183164403176545 -0.16340449702189 -0.0975456172350714
0.0600088480465282 -0.051367335676716 -0.120291690019466 -0.0747982786233677
0.0278492193456812 -0.0603500416175469 -0.106245254978505 -0.105163749280079
0.00821128860189362 -0.0608412895434798 -0.131832140462027 -0.113347576972079
-0.00754524174025973 -0.0627008156367132 -0.123002311250844 -0.11166953837284
-0.00223984647958927 -0.065615235452832 -0.0680404505429366 -0.132179488630507
0.00330646124122389 -0.0681740050853445 -0.0128847845978421 -0.178510377824599
0.0219351495084077 -0.0793692218627707 0.0676651150711966 -0.187656706600159
0.0531174787665986 -0.0724052830634161 0.155719630009191 -0.147265646689767
0.0904894229359616 -0.0512992783748375 0.185260208714055 -0.0259670056047372
0.116811707730865 0.0130129746069138 0.102159695560691 0.0438762514665208
0.102388337480081 0.077105514080611 -0.0356613122871777 0.0171015343428901
0.0572469297477313 0.0788707792688883 -0.158957371061201 -0.120272422472573
0.0295808920004987 -0.0279601753353627 0.140820077112493 0.161775076485398
-0.0117722530624022 -0.0494027429712188 0.0788004108883723 -0.00157147042164409
-0.0401831717856458 -0.0199118062237782 -0.0763076080368743 -0.0699752854597402
-0.025228835158512 0.00908284096152765 -0.191104971876264 -0.0329599132401557
-0.0114318345230491 0.00729962841744918 -0.207208488091065 0.093967733893417
-0.0110070224555052 0.00182406970365896 -0.129406569509421 0.181406498665465
-0.0168499078008058 0.00409186283755696 -0.0350935132916868 0.199011512614956
-0.0226681480625025 -0.00765359988741657 0.0419641384754239 0.174715391875325
-0.0267862346580353 -0.0055657725030622 0.0966333270677532 0.145767216309123
-0.0300896018519053 -0.0171184289201394 0.119343017371002 0.137276755508115
-0.0116418648699228 -0.0272962215717035 0.10543456546612 0.131862228272962
-0.00389828304175389 -0.0212075999207625 0.106112725559401 0.115782508000989
0.00120327844256853 -0.028875507328902 0.120921883607029 0.12301570353058
0.0335650385075471 -0.039765770523282 0.157594610642549 0.15428196244132
0.0535456846508165 -0.0166763244277496 0.23945709634245 0.16259287905647
0.0897279783669114 0.03276989173126 0.118094482274314 0.162356352836287
0.0640072014432919 0.00283530588936093 0.059781837116485 -0.00440411330991349
0.0322539746582869 -0.00445854279593069 -0.0866555945526665 -0.0697012855013372
0.0391050036587772 -0.0143201862702679 -0.190565149312456 -0.0381777440127294
0.0371348306558963 -0.0407001552737397 -0.205987988687802 0.0819697849867254
0.0107726908169904 -0.0600039583663269 -0.137415501796136 0.164686275179114
-0.0203165130294715 -0.0593613299292933 -0.048561269482919 0.182739679424934
-0.032847132337883 -0.0735106513585587 0.029967391813768 0.160469551743086
-0.0400463046220222 -0.0696598332433649 0.0879344475190084 0.124168240431321
-0.0362770501938033 -0.0936158349907222 0.123538623632472 0.110832638690986
0.0142153674071225 -0.109114200533929 0.126354495039291 0.107484238262096
0.0558138489531044 -0.0910919500852366 0.129189892936375 0.105672596926722
0.0948620196733234 -0.054831322614871 0.127262531274705 0.116679545351481
0.134912783434695 -0.0123586362436549 0.137713610707918 0.135229119726533
0.147881837109958 0.0318500442847236 0.197914836497884 0.135489562763338
0.136465350203048 0.0919276834065637 0.077937056685885 0.129610388573684
0.136358664668631 0.0611780773857538 0.0347950988068702 -0.032414736353045
0.111360209901979 0.0151569085896657 -0.100891695165265 -0.0851165977182111
0.108227508015471 -0.0393513846068317 -0.190024164717334 -0.0463773480193518
0.0845773177619672 -0.0892950446006545 -0.194313027291527 0.0641598539343138
0.0327260112387773 -0.11733846150818 -0.133399253573707 0.13213540467957
-0.0204809592303288 -0.115591114950637 -0.0596294868409551 0.143557055067605
-0.0383003756001291 -0.127651900974623 0.0128824601662948 0.123778602729275
-0.0487517806435808 -0.120512329505685 0.0693980468380628 0.082376817772927
-0.0409203226527541 -0.152629090527309 0.11737819092513 0.0640481815557433
0.0302198221306974 -0.175331026581182 0.141433607849358 0.0609066674225752
0.0955987038457815 -0.154877015234404 0.15436567542871 0.0830074219181591
0.168816066393031 -0.0854759870658939 0.134211164753752 0.108750724973065
0.215746594411769 0.00628542910638184 0.106096956732804 0.12265738941966
0.218957765190528 0.0711021274131874 0.131365784864417 0.0983193581498658
0.16777921115592 0.1341729160704 0.0222249095406943 0.070931850375686
0.197901580509151 0.105615185399943 -0.00270864530212755 -0.0762638218827396
0.185902029946673 0.0259077546951438 -0.116402145916551 -0.107342752364637
0.167712028093196 -0.0718830112701131 -0.182069679456304 -0.0571075510313829
0.117940092240439 -0.134795242032221 -0.170048825511535 0.0371841870555347
0.0453939787437835 -0.161293972032201 -0.120992200238631 0.0825574472029186
-0.0204685315699987 -0.155077169471717 -0.0690171258734385 0.0871642055272658
-0.0378381873501667 -0.162695990501591 -0.00474642781467676 0.0710752259372967
-0.0467657482546257 -0.152723359608837 0.047062680077346 0.0275190785969359
-0.0345799247362135 -0.188683531427182 0.102435838943885 0.00628887373717427
0.045234586960596 -0.214111306948326 0.145751921186576 0.00705919339947736
0.122306802648008 -0.190892021366403 0.171406439576497 0.0557719288817014
0.216937251003061 -0.100466347632738 0.135290637552591 0.100213960961737
0.26328522142687 0.0268000434215003 0.0649394351152734 0.112731469802272
0.251965540136515 0.102029520416636 0.0493389862815649 0.0537809146064498
0.17638378676523 0.151194989581671 -0.0485146166657694 -0.000194658346776565
0.230989885810679 0.12455569180798 -0.0556473830822719 -0.118994490460661
0.231537883683719 0.023807062262682 -0.130176962264073 -0.124373098163355
0.197276828407877 -0.0991985557032398 -0.163517069909164 -0.0683643066747373
0.128485247332803 -0.163705067330984 -0.137550269229534 -0.00453495089054965
0.0462142478228279 -0.18272545308955 -0.107193269989214 0.0183035607767023
-0.0212881702658109 -0.170356608614542 -0.0768413217167959 0.0202041789395108
-0.0314809632050458 -0.173137521562597 -0.0204412853422407 0.00937479147931235
-0.0340556501599938 -0.16306931012889 0.0269035948828633 -0.0332701260870008
-0.014888709164625 -0.197038285514889 0.0863397756576234 -0.0524365637027734
0.0655394110633026 -0.21540745755163 0.145826279727715 -0.0450789965049533
0.143024018671159 -0.187243287761943 0.178950586971875 0.0310205293697925
0.235362137544042 -0.0832147270546768 0.126651800021168 0.0922936075774434
0.269727434900975 0.0558502611935834 0.0202428061553113 0.0996433342513032
0.243559373664619 0.125273150252652 -0.0302260168209189 0.00219481578484995
0.157256900077959 0.139149579261984 -0.126185522615477 -0.066857032308252
0.220164708927402 0.117353286871079 -0.115511279566092 -0.144546533421509
0.227708404308367 0.0150702411346039 -0.140092942197818 -0.129438383007639
0.185247131782882 -0.106833210071116 -0.137169339821368 -0.0786747373178004
0.112360323913583 -0.160842305771376 -0.106255731411487 -0.0533909797907824
0.0373977781645484 -0.170438407817124 -0.0994089375321118 -0.0488489763221523
-0.0193789948229168 -0.157695975664568 -0.0853281234165086 -0.045735177121661
-0.0199999666722594 -0.157839396769078 -0.0322845870774518 -0.0519897212588678
-0.0148158522128788 -0.150172996928467 0.014976919029296 -0.092229660344545
0.011930765994595 -0.177667285664599 0.0798135664941939 -0.104508684577293
0.0846070529302667 -0.181606933351348 0.150257534169649 -0.0837651359549689
0.151764896285933 -0.144711494318335 0.182287568729843 0.0153356219746913
0.221812762459605 -0.0384918737273449 0.111690091917987 0.0829454328834807
0.23359435614829 0.0885887305835159 -0.0187945603758761 0.0758947865270748
0.195190737553173 0.135359429222846 -0.0915598167181361 -0.0539743071814579
0.107973219902879 0.105817394535227 -0.195341191799174 -0.114326413895822
0.164974436410391 0.092581799769315 -0.165729868501611 -0.149735317182343
0.176061718160686 0.00969301060476191 -0.141866394178217 -0.126536793220159
0.135634236395394 -0.0852843075146354 -0.112161568961936 -0.0873151190126108
0.0785619659015175 -0.119964263592792 -0.0863917784197952 -0.095967254323886
0.0269948735311778 -0.124767729410715 -0.099778623622107 -0.104215119211331
-0.0119232485302486 -0.118438036046557 -0.0933590860581533 -0.099920958309669
-0.00574109275096327 -0.120335749375194 -0.0391778956546381 -0.104610672756438
0.00371922255154564 -0.115690452029086 0.0140796502724356 -0.141100954268364
0.032283971090154 -0.13262350379501 0.0868027879569633 -0.143190516289012
0.0876185543090094 -0.123156484865812 0.163374945198717 -0.106335146253748
0.136795135404021 -0.0835030715859939 0.184334388056237 0.00944817811737369
0.176836675775767 0.0103099660831354 0.0991452441412854 0.0726429891248077
0.165520160468657 0.106998291063594 -0.0395038804052606 0.043122294852009
0.120924164185643 0.123999846754316 -0.12665678213407 -0.108092558720281
0.03308904959843 0.0622589331456895 -0.240424637868476 -0.138953475565612
0.0768818123896796 0.0634732426363616 -0.192958274136919 -0.137897990382514
0.0924269593907041 0.0146650039737335 -0.136969989373993 -0.122275787605362
0.0670333414423335 -0.0374181236351541 -0.0992701010891645 -0.0937622571969114
0.0391759185516034 -0.050650696570339 -0.0831899557596012 -0.121603742326433
0.0202849042405142 -0.0549764290348836 -0.106303897419812 -0.133762464431042
0.00334651106916529 -0.0598434178841496 -0.0976811641669723 -0.132514074200922
0.00986457790090637 -0.0640787404332868 -0.0393408239344646 -0.139723525362467
0.0163031807209738 -0.0639950212360519 0.0217280963009639 -0.173737373054725
0.0348994479101937 -0.0713735525457758 0.102248395319117 -0.166104275649647
0.0643686234774988 -0.0577467620010957 0.178343391942942 -0.113325881903793
0.0949942388835904 -0.0307873699627592 0.187580263303667 0.00928678889654516
0.109967080726068 0.0375453197645281 0.0937346435277989 0.0626055673440741
0.0819777349678697 0.095180664997165 -0.03876003010419 0.0133099858064041
0.036973745648247 0.0880622082129201 -0.130793568190664 -0.149708043537033
0.0288655562707941 -0.0273550193535821 0.140259191641034 0.155409963503172
-0.0132855928958474 -0.0488384048642745 0.0782312611145693 -0.00467639963903745
-0.039950163404315 -0.0190019705907998 -0.0747030227871008 -0.0681882736834481
-0.024785488469374 0.00910694852597155 -0.18576866115097 -0.0287627649802959
-0.0111611121949628 0.00695624057866022 -0.200185152802697 0.0958245569796619
-0.0109826040890739 0.000718260158347681 -0.122039391243272 0.179131245608562
-0.0161911507053582 0.00328589849337674 -0.0286123715175242 0.193361337239102
-0.0223699464002759 -0.00736983436343549 0.0454490251602223 0.169451032411557
-0.0258556731127944 -0.0060512867301028 0.0982286042279803 0.138999846890162
-0.0294651858024081 -0.0158432157928428 0.120384049983558 0.131400720961364
-0.0122009382597415 -0.026638835956067 0.106370468823727 0.128047289369375
-0.00390637157524765 -0.0213116629841621 0.104545185669529 0.111671529077802
0.00130035312866257 -0.0284136322740449 0.118293849212548 0.118962725424702
0.0321193326253199 -0.0401771897310706 0.154668048091458 0.148534773517672
0.0514667474727238 -0.01795689594409 0.237108521684406 0.152784029215683
0.0880904053390919 0.030055730469987 0.118731803814834 0.155110673775102
0.0622143244225308 0.000585320734373547 0.0600766201545674 -0.00724497837169792
0.0304610451768902 -0.00607175419271398 -0.0838449407911386 -0.0673297960710911
0.0372152344269508 -0.0149450353007274 -0.186063874136806 -0.0345320263024493
0.0344963112666529 -0.0412237333189627 -0.199620908560974 0.0838683808436864
0.00866249299232845 -0.0599381287246768 -0.129923478775466 0.162756730324162
-0.0206800081041401 -0.0582105833494904 -0.0421597816665928 0.178198399649768
-0.0345548512710958 -0.0715655703261378 0.0331679150205522 0.155547332246312
-0.0409714250439299 -0.0678946606095207 0.0891536307939332 0.118896541575219
-0.0376147530475425 -0.0900297780073497 0.124253326839276 0.104767317422663
0.0108706333958153 -0.108085145662533 0.127000216535096 0.102645268494608
0.0523298052493457 -0.0912629756566694 0.12706972988273 0.101134953306468
0.0921828697686664 -0.0558385022552689 0.123869202896453 0.113301821496289
0.132173252819523 -0.0151638134907763 0.13518855711374 0.130206439749531
0.144309793429251 0.0274225156299529 0.196682726210389 0.128414071768661
0.134720171939454 0.0875711406217659 0.0784683286455024 0.123978598427437
0.13432745603655 0.0560731790242447 0.0350843816163551 -0.0350500699798571
0.108181947781293 0.0127244643430106 -0.0978247970853815 -0.0819709979944847
0.103731945223227 -0.0410524930816892 -0.184582101361209 -0.0426674970494296
0.0799064478776347 -0.0892302502550053 -0.186879214549772 0.0656676143774823
0.0286619969375864 -0.115799239236812 -0.127079127874058 0.129965439195697
-0.0220353290496453 -0.111993058188404 -0.05450453346444 0.140656893287047
-0.0416794486946639 -0.123714438941791 0.0159499465108901 0.120465034668083
-0.0511130368664828 -0.117133987146664 0.0698943865998921 0.0785613510606725
-0.0434233096716177 -0.147531330670542 0.117047570021987 0.0581951338919111
0.0241796268016369 -0.173225556223054 0.139858618872948 0.0567429820488304
0.090047288638258 -0.153543405634674 0.151453284246941 0.0783713118949178
0.162922298374943 -0.0875141564994422 0.131325484192311 0.105481397541796
0.211979043354362 0.0010437329899806 0.103948557735937 0.117463312317394
0.21370621414495 0.0642122738693749 0.130610932654849 0.093454533432174
0.165396837967163 0.128633757777586 0.0227011543406449 0.0673334613631904
0.194886797266229 0.0981058670016431 -0.00142932499362858 -0.0767119910063037
0.181665007185283 0.0220741166830828 -0.113007329834443 -0.103182072787046
0.161140503445191 -0.0730905545916099 -0.17740882267154 -0.0533360302029932
0.111430581191385 -0.1343425037295 -0.163877151440138 0.03694181778768
0.0409900333682405 -0.159132247152975 -0.116099855290973 0.0818032750023032
-0.0233546766049007 -0.150386112454244 -0.0649986094590452 0.0859541913916186
-0.0416678886866153 -0.1578792204478 -0.0021795272206154 0.0684034254781261
-0.0497403567040125 -0.148084445096891 0.0466323815773329 0.0254371741053002
-0.039217073485542 -0.182830913846526 0.101206309812611 0.00201452473858433
0.0379217313078113 -0.210861740737733 0.14307762547658 0.0028275737459973
0.114706337855241 -0.18918623152662 0.168408517410598 0.050453586953935
0.209481086083272 -0.103373185131281 0.132098593633704 0.0963694214691466
0.258553068942296 0.0193774063762295 0.0641286010020826 0.108937224542588
0.247490010929594 0.0938908940457828 0.0500347791225916 0.051852668774715
0.173933689347007 0.1450089755767 -0.0472920857350997 -0.000671498635606775
0.22803379896137 0.116313573333172 -0.0542050946548066 -0.116988303004259
0.22586215733453 0.0193698822467789 -0.127081725957513 -0.118972852247704
0.189465549704545 -0.100830033142572 -0.158952171104586 -0.0651845086774069
0.120637846178835 -0.163367229273339 -0.132952544301794 -0.00388669752736252
0.0407522677501132 -0.179693273161503 -0.104849697971524 0.0186568478679347
-0.0248739072619788 -0.165227709556062 -0.0750783046200635 0.0223650752520727
-0.035756299795532 -0.167329489182652 -0.0191340695860373 0.00875499366474651
-0.037525234638044 -0.1583220599363 0.0255187440004832 -0.0336679099875268
-0.0196373574643559 -0.191545166390787 0.0840916481799877 -0.0548691994825571
0.0578589095636874 -0.212432208259155 0.142135877514985 -0.0475407094545311
0.134029177448135 -0.186428726309715 0.176154806104787 0.02570383059642
0.227341764242191 -0.0868066735325642 0.123565301518372 0.0883472399621291
0.265652328664416 0.048093919409042 0.020202113776304 0.0962275802454069
0.23808247460087 0.116565929616142 -0.0275544195805936 0.00333289743027918
0.154880926159642 0.133301509338757 -0.12401029602142 -0.0637260605856307
0.218306630881817 0.110174352581928 -0.113271889558643 -0.141592873084314
0.222549407497956 0.0107556122146175 -0.137123937546481 -0.123687287859329
0.177914981407761 -0.10826184975456 -0.132400440174146 -0.0747477404952416
0.105027881278705 -0.159040858605825 -0.103814538538948 -0.0524198551093744
0.03285598522125 -0.166757167663279 -0.0987185660578151 -0.0465692897074524
-0.0223491409547639 -0.152357795139599 -0.0845778814758044 -0.0417295083076621
-0.0240807242472416 -0.15339533240891 -0.0321002400249688 -0.0511780793879266
-0.0189724687753737 -0.145807099096147 0.0129826687145009 -0.0913140216095568
0.00665770585342024 -0.172983402237516 0.0756820977261119 -0.104637721625498
0.077099359608844 -0.179121580245151 0.145347840278677 -0.0858549033164613
0.143413107383958 -0.144104062386902 0.179201724799506 0.0105247365362345
0.214496826024568 -0.0427009450450802 0.108788364453049 0.0795340519365939
0.230120627687766 0.0812918679952384 -0.01744255251771 0.0741675813871567
0.191621939397034 0.127280104083076 -0.0890605250927303 -0.0490962259654287
0.105628073910239 0.101426129331208 -0.191583140023406 -0.108877883628631
0.163306476719138 0.0868167625886422 -0.162799575330725 -0.144911856948707
0.172308611922812 0.00640390324834976 -0.138627678996752 -0.121059718215176
0.129952565875688 -0.0859692597998836 -0.109059553566745 -0.083763074613325
0.0730784300022842 -0.118525918335411 -0.0850343168273344 -0.0946879589773845
0.0234586517159839 -0.121593582872554 -0.101123775613119 -0.100057086156829
-0.0140933755059746 -0.114381719940063 -0.0939976558599993 -0.0945360804740214
-0.00988725911996731 -0.116601444511329 -0.0397587114063102 -0.102057881101226
-0.000216433718564618 -0.112116053396778 0.0105994973242362 -0.137831944096667
0.0276353860322485 -0.129183590778616 0.081232502113746 -0.141966796397566
0.0815937429383375 -0.12139230178833 0.156355083572625 -0.10774444841083
0.130565443528468 -0.0839461450087493 0.181076229900356 0.00452888269389682
0.171460467382012 0.00655608188000116 0.0961757956312317 0.0689927202481242
0.163331862094661 0.100485197213326 -0.0386729217627055 0.0436197579406077
0.118965009282008 0.119296102998041 -0.123667219868845 -0.101333412663135
0.03181138969656 0.0596573729405234 -0.236136511818609 -0.131121372328562
0.0761052641163172 0.0606120284398978 -0.188579453782601 -0.131747897039797
0.0900980513908549 0.0128650143673481 -0.135068996849199 -0.117156686007301
0.0641984031157633 -0.0375509454809034 -0.0964836086908273 -0.090458471898159
0.0363383171977736 -0.0502768341277342 -0.0836055830932869 -0.119599561652058
0.0190320089433828 -0.0535541785218828 -0.108476319254668 -0.128939125230558
0.00174201831506455 -0.0577824853877512 -0.0992037350314139 -0.125607851426648
0.00679483801466116 -0.0624627411456126 -0.0414179606094828 -0.135417875552725
0.0145315494732193 -0.0618825374807418 0.0171013257988398 -0.16989289016359
0.03134603644757 -0.069930552479895 0.0955134709069388 -0.163686956462486
0.0610454788762088 -0.0575821032638292 0.171768152788583 -0.11462581051576
0.0908450403450172 -0.0323863201830392 0.183137447772107 0.00514165747019602
0.107400673307657 0.0344934790617273 0.092071054020003 0.0584537999943618
0.0811974589392409 0.0906013883803608 -0.0383577886287867 0.0141673755770675
0.0361122143597434 0.0858221836628254 -0.129480147001073 -0.141218837023082
0.0280745817386446 -0.0271383300634511 0.138234694626865 0.149694180412819
-0.0139862939378088 -0.0483275396463506 0.0773329448364357 -0.00788571880467787
-0.0394290447732061 -0.0187010637793463 -0.071952322131813 -0.0674833373582616
-0.0240941566190486 0.00871349531295669 -0.181459090010209 -0.0271695403400434
-0.0111133100198009 0.00623126425273159 -0.195470946713412 0.0959251862702777
-0.0111837182736168 -0.000302847758915401 -0.117163965456336 0.175872159272945
-0.0156898962624196 0.00223012565676736 -0.0240611616788319 0.187333231662429
-0.0220471388570588 -0.00745546912303067 0.0472195893866542 0.16498467905024
-0.0251383498438288 -0.00638831922327573 0.0980304009967857 0.134366643709105
-0.0285012805466177 -0.0147167538976797 0.120126929096265 0.125894417516381
-0.0124974007309997 -0.0263353862783303 0.105776476713025 0.12501318192797
-0.00409518443189603 -0.0213824422640485 0.101818514159683 0.109271071802271
0.00146828221714208 -0.0278124896750041 0.114473471811062 0.11759861171816
0.0309935455885052 -0.0401222948480613 0.151191249231546 0.145254998526114
0.0500413614719126 -0.0182658077538413 0.232567885519119 0.146473170944735
0.0859991575900825 0.0296637881718048 0.116934774817425 0.149609154991226
0.0605822217365334 -0.000462750142189508 0.0595261977445821 -0.0102261570689692
0.029413625681627 -0.00592018745371581 -0.0803173716940756 -0.0662746258591938
0.0356830092222753 -0.0150868103993174 -0.181092950919874 -0.0327747424442985
0.0323737862874381 -0.0415677530146539 -0.193971326185782 0.082600802209826
0.00700275130400911 -0.059172582187073 -0.124464850945774 0.15894564426358
-0.0206726480375831 -0.057545405296142 -0.0385741307195601 0.173327574481018
-0.0356317553557212 -0.0697323447659179 0.0344119004516786 0.151005015992097
-0.0411853795502698 -0.0665116974312001 0.0892300287756448 0.11425413131422
-0.0378140318816879 -0.0874953609205007 0.123806054950324 0.0998004395397703
0.0085617527330981 -0.106431837735878 0.125681035234045 0.0998237672282525
0.0501419639947566 -0.0904369068950645 0.124311572206947 0.0979325531483845
0.0899836463520014 -0.0559391801834322 0.119711890713221 0.111094875414377
0.12933716766671 -0.0166121828579427 0.13134596569342 0.127418672818217
0.140347985555159 0.024702536763772 0.193834173103392 0.123349961694942
0.1317569942297 0.0848760120107314 0.0774902682778604 0.119223672428842
0.132023322298758 0.0527518410393605 0.0358391626058786 -0.0366151604529553
0.105613278279418 0.011830978085724 -0.0937368121382127 -0.0800106145745988
0.0998749360146725 -0.0409925748298098 -0.179723359361049 -0.0412773801436433
0.0756919819183839 -0.0886455053067584 -0.181492006797381 0.064409718632714
0.0256185159597284 -0.114318371485549 -0.122603202391588 0.127044794698367
-0.0234040095640163 -0.109242920590091 -0.05119746841022 0.137335304294979
-0.0433402632505115 -0.120621887795099 0.0178336651158561 0.116441654927133
-0.0512177407750961 -0.114291511156709 0.0699560294343132 0.0750857440978398
-0.0448702534872057 -0.143858812883582 0.116198915245383 0.0542956701254061
0.0206768699572023 -0.170506541963798 0.138235662795614 0.0541801199032501
0.0859725319248869 -0.151682776301434 0.148558607324372 0.0753057618732699
0.158794638973441 -0.0878421168358289 0.127159621609097 0.103524176468314
0.208187632355341 -0.00208493816307241 0.101713605329256 0.114463187777056
0.208496671756459 0.060297681077109 0.129214583982371 0.090123873019834
0.16178967074705 0.124868022594373 0.0228032683608287 0.0644690618183146
0.192407916329814 0.0938431597386976 -0.000287341530264222 -0.0777439019202649
0.177159447315778 0.0207403280278396 -0.108464390143528 -0.100502888937213
0.155814507464623 -0.0730460976585412 -0.17231954585764 -0.0525758263795259
0.106497950031422 -0.133229664281069 -0.159010156881548 0.0354180554386538
0.0367696837741358 -0.156361329515456 -0.113425963356271 0.07873408367373
-0.0252680946787215 -0.146593190095994 -0.0621233486962263 0.0847893033548337
-0.0441597579063703 -0.153624112687476 -0.00127828670933492 0.065979708501623
-0.0505088119653256 -0.144727059262739 0.0462546711794907 0.0233548351284282
-0.0399428517116825 -0.178295289699901 0.0991855650086623 -0.000908899082379293
0.0330267673732812 -0.207255574925999 0.140695314176689 0.00111308007696249
0.10826957878805 -0.187047915486696 0.165225129097359 0.0472236413297542
0.203987046960333 -0.10360870959695 0.127741298216947 0.0950455463077848
0.254394561311666 0.015937081507893 0.0622066848912127 0.105843749894808
0.240681568829911 0.0888995590220694 0.050828835533203 0.0507752946595761
0.170156290904496 0.140346851119118 -0.0464179939008572 -0.00168310005988657
0.224837161122752 0.11064756249595 -0.0516166556886473 -0.116291862741062
0.221383390733326 0.0174531715620804 -0.122454561250459 -0.115740991641743
0.184048764754931 -0.100821386565977 -0.154433253085913 -0.063805509404332
0.11517990983857 -0.160597214390437 -0.12932461490026 -0.00551642994183243
0.0375724344722859 -0.175881524455181 -0.103368582058795 0.0178962608314733
-0.0256094172618874 -0.160424143057376 -0.0726489988331811 0.0230901128670713
-0.0383122883830099 -0.163188931048788 -0.0188086233620033 0.00760528864806864
-0.0392660028751013 -0.154286188556607 0.0243336609414565 -0.0340138125855833
-0.0218640949722648 -0.186012941672199 0.0813268652392127 -0.0557324039768397
0.0520834398127358 -0.208779880412835 0.138166038146605 -0.0482244038951025
0.127525829254118 -0.183554741664127 0.172851811239261 0.0223702985885543
0.220748388915428 -0.0879948234639649 0.119649367147874 0.0866035430412141
0.260201764239826 0.0436124733382359 0.0194550333978846 0.0942748911697282
0.231998327630036 0.111770747984613 -0.0253775924942618 0.00455824170940511
0.150512401982426 0.12937593624303 -0.120978859912368 -0.0626540777495335
0.213989551214205 0.104748989845476 -0.109569941687243 -0.138956816691867
0.217538118525891 0.00871198830964105 -0.132243143636611 -0.119923850485433
0.172060617579583 -0.107474560333996 -0.128778701019313 -0.0732374772518719
0.0999413165914711 -0.157040523573262 -0.101014796080065 -0.0531484234817465
0.0295727877277082 -0.163486418124831 -0.0987132483405404 -0.04590072328923
-0.0235249068230772 -0.14772099129611 -0.0832869468571313 -0.0387783408407474
-0.0270891335485487 -0.14867934309447 -0.031801705935539 -0.0510727143470614
-0.0207522086064743 -0.141617924328946 0.0111761858389346 -0.0893005371187789
0.00391211190553765 -0.168311690793847 0.0731153273795977 -0.104062714279927
0.0718033622031109 -0.176314655283271 0.140899235717661 -0.0859286773425897
0.137853338611107 -0.14220732058859 0.175591478599355 0.00798883407492917
0.208125900497657 -0.0442327404591199 0.105724152137721 0.0770972407396904
0.225801562417771 0.0761553597839083 -0.017189656345073 0.0735068635651874
0.185563916299752 0.122876301951375 -0.0856313880759518 -0.0460050381728538
0.102420749617325 0.0981362189030507 -0.187820806841236 -0.105932148646857
0.159714414097986 0.0833378485040255 -0.158564284535987 -0.141388838229562
0.167333271787293 0.00483798316792787 -0.135057116684709 -0.116815076997835
0.125643261451355 -0.0850648037234622 -0.10492459583424 -0.08189305671907
0.0693960658664427 -0.116641442368586 -0.0837651518288043 -0.0938925147770953
0.0216254312296258 -0.119255333895962 -0.101766582368124 -0.0970182279437775
-0.0145101558938467 -0.111052039184624 -0.0935046313619737 -0.0896997636972515
-0.0114409979163847 -0.113230040173573 -0.0402427649578883 -0.100136094646894
-0.00135350211422947 -0.109244101508006 0.00835003283500962 -0.135503193375173
0.0249467968083036 -0.126237435448984 0.0773358621426974 -0.140037437545541
0.0770297958647196 -0.11939136191814 0.15167402686681 -0.107406928142708
0.124967379126782 -0.0827011838174017 0.177530319982628 0.00177548461641608
0.166991283715997 0.00404984268400946 0.093182432451821 0.0666322631408499
0.15996285624182 0.0958890615906296 -0.0369028280605367 0.043149904108682
0.115470590421409 0.116090224411441 -0.120450865536229 -0.0960849611798441
0.0303840116942674 0.0575616356207904 -0.231327263600535 -0.126188870717709
0.0745478799786993 0.0584909366756457 -0.182944516102913 -0.128757451080855
0.0882678997094462 0.0120801856733278 -0.130986757920686 -0.113253082157047
0.0620948925600335 -0.0373829867217178 -0.0932778705584419 -0.0886113245414307
0.0351270893465098 -0.0488320839220488 -0.0828230637405179 -0.117783635427056
0.0182987298239212 -0.0523838305819662 -0.109463649806126 -0.124476401246425
0.00157072613980432 -0.0561158805746665 -0.098758556585762 -0.120531129500768
0.00527679768806832 -0.0608760324920175 -0.0425401099121295 -0.133275809180273
0.0128383895665272 -0.0598358372357676 0.0146556216145975 -0.166382366756619
0.029711247420223 -0.06785230404395 0.0909944741638287 -0.160903907799595
0.058649335835575 -0.0557791901256438 0.165780551466753 -0.11372371203813
0.0879084549051731 -0.0314070845977867 0.179528878992286 0.0026800201759772
0.104772000611621 0.032376635743222 0.0890716759340506 0.0568526334042341
0.0796699384740773 0.0873321074068676 -0.0369788738936869 0.0148875466072635
0.0348144186249507 0.0838961004228832 -0.126231911602154 -0.13531907756979
0.0283034670642806 -0.0265422374884979 0.136280029724857 0.147436542063216
-0.014524092777918 -0.0476453037249289 0.077199353346479 -0.00962181178529033
-0.0395232613066995 -0.0182938584716041 -0.0701916079314047 -0.0686147144346927
-0.0240321407066905 0.00877080730977066 -0.178876410963051 -0.028222851535843
-0.0114565834893268 0.0058542211344455 -0.192906709962433 0.0942409795574682
-0.0119177527471712 -0.00107780013204626 -0.115230381049923 0.172984609184173
-0.0154740914269589 0.00161191674470506 -0.02317233669995 0.183352355299748
-0.0226041455215542 -0.00824137994579792 0.0470058405203112 0.162748788944415
-0.0253536647745575 -0.00751769200095111 0.09786085171213 0.132137196196903
-0.0276780252701966 -0.015408356928586 0.119335397792041 0.124680773854564
-0.0122352441481363 -0.0268808028186579 0.10532496545783 0.125299928810101
-0.00379453140158449 -0.0215415821718364 0.098991667145591 0.109394786176075
0.00265845858643675 -0.0276750204721182 0.11076251808461 0.118090289034352
0.0304567168401517 -0.0402728795839543 0.147155217602927 0.14567324751346
0.0487451761545453 -0.0178576663026683 0.229131291413539 0.144489979344491
0.084752571641861 0.0295308068138179 0.114495172690995 0.147497928548347
0.0593755261670705 -0.00112560458952536 0.0602369008886621 -0.0123939602011858
0.0281220591049506 -0.00557959215304569 -0.0780149636920503 -0.0670658939784526
0.0342707085666012 -0.0146614594977569 -0.177881521656299 -0.0342112499701263
0.0315781874262327 -0.0409523504014055 -0.19130355361972 0.0803128816142339
0.0063419993869964 -0.0592319571962495 -0.123125943670476 0.155939168788021
-0.0210014151549544 -0.0566513954587525 -0.0370622005090455 0.169551381442924
-0.035911118983249 -0.0686539511985978 0.0349767634564188 0.148759849639319
-0.0408777762195912 -0.0660624996819613 0.0879516471300636 0.111968634290752
-0.0369285016598679 -0.0862597257143696 0.123138388132832 0.0981515001446433
0.00852283167659211 -0.106370355510485 0.125021699234311 0.0998894646333494
0.0497407299246529 -0.089344370594909 0.122154495805104 0.0978141524186441
0.089382388446658 -0.0556917180791651 0.115636281281283 0.112389935066618
0.128264505197687 -0.0174137926058662 0.128146487157428 0.127243278224431
0.137716240361127 0.0249492271871498 0.191345324747795 0.121807487815842
0.129262482108947 0.0851621008395957 0.0761824366974669 0.117031296818766
0.13027398068416 0.0513876517933841 0.0362481214074731 -0.0389935457614036
0.103932268702694 0.0121293322674386 -0.089716849225123 -0.080897908102668
0.0982470430421708 -0.0403065034809168 -0.177225271401335 -0.0432566077309054
0.073868783289547 -0.0881903858466992 -0.17903357302578 0.0614467783461416
0.0246321100220997 -0.113036633657138 -0.121757374347909 0.124246900943912
-0.0234010019085035 -0.108407164570165 -0.050241442382301 0.134532942076939
-0.0441617650993234 -0.118904389085153 0.0176917392043269 0.114209892189276
-0.0513414896026135 -0.113234301099932 0.0693777694800053 0.0734268956024538
-0.0442137636041702 -0.141595838936133 0.115457375360525 0.0516954831554315
0.0191985546797837 -0.169352525397102 0.13776562360694 0.053476614420325
0.0837242886560281 -0.150513291861578 0.146370713446213 0.0739534402412862
0.157514938632258 -0.0876448085122498 0.123036411066558 0.104512510150912
0.206417057021468 -0.00255840848656499 0.0981110428528991 0.114687526000297
0.20424147365445 0.0592775780687346 0.127911652791025 0.0892914787602738
0.158116029184005 0.125082594524056 0.0217668369727971 0.0623189419103144
0.190424052703108 0.0919029250065026 0.000912464966189205 -0.0793160448574565
0.175026095786602 0.0212515559985866 -0.103712749280926 -0.100482215850248
0.153407123082196 -0.072392072565581 -0.169410381845421 -0.0538776208379562
0.104069624947949 -0.132208596540783 -0.156613173646282 0.0325549405882299
0.0355195586309419 -0.155436147891576 -0.112168627732534 0.0766793128252656
-0.0248137323337659 -0.144508035547434 -0.0612649153960711 0.0840573842127895
-0.0451562697460078 -0.15124263325882 -0.00146688214056521 0.0643980869552861
-0.0506986210353209 -0.143338329044192 0.0457768073256362 0.022040024699951
-0.0400513845851818 -0.1755379751551 0.0981784889102176 -0.00183625037803344
0.0308812727383772 -0.205609903480573 0.139344806678701 0.00125041564388603
0.10686344364483 -0.185578593822053 0.163137898442356 0.046243637977408
0.200936059788524 -0.103193166169939 0.123840661944434 0.0952853014949706
0.252206245518814 0.0158058250361238 0.0597817220149757 0.105194030593513
0.235911058852901 0.0883537068470847 0.0508827339382497 0.0499093439309487
0.166395492631808 0.140544990895305 -0.0453636494429866 -0.00308676017936018
0.222411421844711 0.109369761805491 -0.0488692908009719 -0.117684221624281
0.217943091221904 0.0177831541971868 -0.117434246685216 -0.115325810589414
0.181078124862477 -0.0987769079454975 -0.150813105510455 -0.0643383887666189
0.112377707464792 -0.15947802631864 -0.127011149249974 -0.00893007748727716
0.0363561197224393 -0.174397255663307 -0.102494979031867 0.0161932188405296
-0.0252513294381622 -0.157681575907625 -0.0718326090357857 0.023167534211395
-0.0391393223214889 -0.160377728085647 -0.018571157207494 0.00614219438114986
-0.0396875452311599 -0.152031083974836 0.0244024365498512 -0.0343855073903707
-0.0226395852070216 -0.183738953536315 0.0807343199069893 -0.0564867667798623
0.0497367836412042 -0.207199526646735 0.136620385778294 -0.0482391033104894
0.124737465060088 -0.180907050851495 0.170825307868812 0.0215363993070649
0.218256609848673 -0.087423755660735 0.115776490765072 0.0866606461271706
0.257898394806358 0.0427089492657826 0.0184192542149078 0.093557077033286
0.226511249481093 0.110843959963799 -0.0240654493533808 0.00521974288618605
0.14652401852812 0.128462394474337 -0.119006088890941 -0.0634998282872
0.212234017582602 0.103273108419756 -0.106014669994543 -0.14035687011157
0.214633670147596 0.00988552684546782 -0.127254318841155 -0.119828579882946
0.169348028402005 -0.106254555537369 -0.125166188253849 -0.0743401292831787
0.0978794003656999 -0.155161313047495 -0.0991498545269456 -0.0554528448866759
0.0290357730380129 -0.161858455891093 -0.0981474500712664 -0.0459319261657769
-0.0226042688990379 -0.145840691562841 -0.0830477060820585 -0.0369006827804448
-0.0282765624765902 -0.145881486947032 -0.031549453773747 -0.0508042593188802
-0.0211532001202584 -0.139925769920192 0.0106690410122363 -0.0890813609763951
0.00307087261976751 -0.165423368399722 0.0715374680201104 -0.10414760782292
0.0695320237455281 -0.17320516310153 0.139262981919957 -0.0852968000649599
0.133706220640763 -0.139917405162445 0.173948811587262 0.0061975442175718
0.204578758315362 -0.0441957713694399 0.102724926762642 0.0776322628918568
0.223441588237818 0.0747777840723115 -0.0178643139385971 0.0723638938535741
0.181570625514157 0.121769073301441 -0.0833521808682301 -0.0447077122266046
0.0996080939549223 0.0976912351106421 -0.184562584696741 -0.106766045962262
0.158335656875175 0.0818267044129471 -0.1538202801479 -0.142465447598825
0.165819016989293 0.00495686929873216 -0.129992174990987 -0.11620281986157
0.124144938202135 -0.0838905245234866 -0.101491840655396 -0.0824575040554162
0.0679134141074307 -0.115169713599494 -0.0821479356584806 -0.095472932368547
0.0212521739699461 -0.117752919006264 -0.102068528360227 -0.0963740795464893
-0.0143406197766967 -0.108706695491093 -0.092901758345718 -0.0876356930839586
-0.0127221389815375 -0.110758665594217 -0.0403072516831736 -0.100186799960791
-0.00201282037294778 -0.107455087340566 0.00825179249946211 -0.1340991222207
0.0236938674475387 -0.123967968505442 0.0757241584218757 -0.139308909409239
0.0748001859627659 -0.117364183527179 0.149490616349159 -0.105527361451667
0.122459825293173 -0.0811461003350989 0.175300746320885 0.00119708442705348
0.1640549207244 0.00393879284627735 0.0905833706395172 0.0666879020454635
0.157648641316774 0.094115023336397 -0.0372241448479387 0.0425862382351208
0.112671972390274 0.114235839715217 -0.117563009487967 -0.0939060762301803
0.0289095531445082 0.0575211774275998 -0.225905699957611 -0.126286100309493
0.0733908286078214 0.0575742650525469 -0.178642475672094 -0.128674352237973
0.0874644228427749 0.0120120009451895 -0.127829805452352 -0.112888339789054
0.0613903339868149 -0.0370371592628404 -0.0895095701420249 -0.0887451094324266
0.0339405739260537 -0.0482408880134601 -0.0814068164648021 -0.118194848233757
0.0185875039550664 -0.0519177739053135 -0.109619365846431 -0.122427702952611
0.00168851698451772 -0.054834262703005 -0.0986100223144328 -0.117414959716804
0.00432420162187145 -0.0593360389833228 -0.0418024083490918 -0.132188751886911
0.0123740529812552 -0.0593692360645578 0.0142844253664045 -0.164469190300129
0.0287548544371335 -0.066604640876909 0.0892579955590926 -0.158446821323631
0.0572012634389068 -0.0544943470761446 0.163200274882723 -0.111553838099194
0.0860202205228329 -0.0304593412103545 0.177002729385169 0.00243157874243577
0.102857738959585 0.0319524654326756 0.0868497670480371 0.056529027460564
0.0781961546093203 0.0864480840366578 -0.0367914397095397 0.0150461273163762
0.0336072724357969 0.0831533860723145 -0.124083622484007 -0.13149017335864
0.0290289043389363 -0.0265376104268101 0.137212439546871 0.148629446243577
-0.0154050567152434 -0.048304102910374 0.0785950420627567 -0.0120446359222917
-0.0397337238884658 -0.01791690337692 -0.0699857381484176 -0.0709410281695073
-0.0241940258120135 0.00863260965168324 -0.179539790625747 -0.0303409204934205
-0.0117426167264817 0.00604711871041843 -0.195327731006373 0.0946069133962732
-0.0125812425263367 -0.00163620053836374 -0.116099473874882 0.173281499887749
-0.0156935118086379 -3.38752253288407E-05 -0.0230128400690009 0.182610681767346
-0.0230312231451658 -0.00892915090206546 0.0484065985329076 0.163154008138777
-0.0255034365069569 -0.00784974666744232 0.0985733123176634 0.132490415111115
-0.0273336764070952 -0.015543718680774 0.121273451290801 0.125661030098589
-0.0120939512127649 -0.0273453197020221 0.107115185788544 0.127894600868596
-0.00355620436792658 -0.021661424923464 0.0977389711834519 0.111406337640754
0.00343398623526201 -0.0283195553329995 0.109282836747333 0.121699466002211
0.0307766846214662 -0.0415115465764836 0.146844847765043 0.149123859376307
0.0482604828051986 -0.0176390705838232 0.231040391193751 0.146154209166555
0.0854950272139601 0.0305296247729361 0.115323210007834 0.147993339315155
0.059546534567475 -0.0011991877262166 0.0618140400649537 -0.0148639660447241
0.028270921792246 -0.00458314072323311 -0.0771996379386601 -0.0697422702337171
0.0342679345024249 -0.0145681190611477 -0.179299721889846 -0.0367042733526862
0.0311514270396379 -0.0415875608206953 -0.192830616626442 0.0801760590042845
0.00503598851859642 -0.0604528173164036 -0.123814584114858 0.156307978149035
-0.0219330035986735 -0.0584115747000572 -0.0368963917433888 0.169289642782192
-0.03665623691178 -0.0694638678763577 0.0353634088181804 0.149604056540734
-0.0418532021955003 -0.0674361463911614 0.0892819424951025 0.111917015129803
-0.0368425769911185 -0.0872671721032826 0.124927514034105 0.097857029283556
0.00768243506093402 -0.107382342389186 0.126928380408955 0.101715531708341
0.0498105305318855 -0.0905447717496839 0.121613091556996 0.0993049115883599
0.0909419241642942 -0.0568443290175525 0.114721460780035 0.115973944796539
0.129865570543438 -0.0180683273999774 0.127279126263957 0.130427228572774
0.137188175074312 0.0260315326120808 0.193629186767501 0.122223120930695
0.129787033464821 0.087392058315508 0.0765365384442753 0.117290855753649
0.131220599678376 0.0513750545290572 0.0382908033251067 -0.0414437010671825
0.103991612700231 0.0133338040796703 -0.0880254161419785 -0.083222007438249
0.0980778814557137 -0.0408463115319564 -0.178030901848111 -0.0463600453371837
0.0734564766332971 -0.089188970332485 -0.180541646032814 0.0606141668555589
0.0235301921709901 -0.114899475820838 -0.122452578110055 0.123892510544983
-0.0236434039747178 -0.109998613824356 -0.0503565311476463 0.135349539296328
-0.045464255339091 -0.119958898804164 0.0180342110074993 0.114623611146242
-0.0519170485385951 -0.115202418489266 0.0701062798651888 0.0726596392706932
-0.0452735066361645 -0.143304724672962 0.116315374494734 0.0514552028426751
0.0180209834075771 -0.171699734174759 0.139790855076897 0.0546141832294648
0.0841447467932125 -0.152478936499579 0.146697959893732 0.0753598461698644
0.15897807298332 -0.089122738099795 0.122191568478981 0.107840245385351
0.208928058878583 -0.00351834640700413 0.0975262148791387 0.11680017737595
0.203817438227736 0.061097660678045 0.130248588912233 0.090238274659663
0.157712006308926 0.128209095541905 0.0225560532745111 0.0616890456716004
0.192109723506511 0.0924553784034754 0.00263441081743432 -0.0823059653497196
0.176194248163832 0.0222110797072053 -0.101478100233031 -0.102591464454901
0.154278840443079 -0.0726599622027518 -0.170112663168308 -0.0569734326966893
0.103535795641912 -0.133611081342852 -0.157303148640484 0.0305647734622848
0.0349550521615101 -0.157415175074356 -0.113983198309542 0.0755282354820292
-0.02478154754163 -0.145876619868276 -0.0622134636964299 0.0844931042919289
-0.0465718632616944 -0.152050912982752 -0.000951981939350019 0.0641653490279476
-0.0518357919210382 -0.144907326792987 0.0468453701524373 0.0213834349404213
-0.0412731930044217 -0.177171050700364 0.0989816940554979 -0.00391617320359001
0.0295881870297098 -0.208147345728704 0.141388828633651 0.000927045229421439
0.106567208443225 -0.187383215472384 0.163843998030156 0.0469297404579983
0.202827574160474 -0.104710256106106 0.123092348549293 0.0991806002036816
0.255347422110408 0.0143366627279075 0.058607443382863 0.107129127287046
0.235243525390189 0.0902588582918794 0.0527921732184775 0.0514575876017271
0.164785437784664 0.143205346248937 -0.0462376901285859 -0.00479570773579491
0.223961494985532 0.110492865496688 -0.0479319891215087 -0.121585440241981
0.219836225490493 0.0191861555022426 -0.114692637940059 -0.117955186551687
0.182275625784356 -0.099289296645857 -0.151146700712268 -0.0682297172971079
0.112602524016948 -0.161468093111609 -0.127546160926326 -0.0114818741185737
0.0354674564746047 -0.176597218311543 -0.104846860063658 0.0144067585407419
-0.0253688424052782 -0.158689341096547 -0.0727312259490958 0.0242306846979
-0.0402500818796373 -0.160776004989118 -0.0187597952853159 0.00546782229005116
-0.0404356675087173 -0.153221287693502 0.0246836502979752 -0.0353828410768206
-0.0231092872642942 -0.185342697017501 0.0812379444320825 -0.0584341916970985
0.0486875256516194 -0.20873484875516 0.139043140378501 -0.0484407445613637
0.12441374395421 -0.182721951357383 0.172298641651405 0.0215599292224525
0.219342815862821 -0.0884496520522627 0.114587555105766 0.0897573226508067
0.260821427184758 0.0423416151913409 0.0164438498683468 0.0946559973493686
0.226594462731069 0.112476933301615 -0.0229635109336562 0.00559281567467149
0.145619810914097 0.132042546490983 -0.119481048980587 -0.0659122961398102
0.214240753028184 0.103753423533705 -0.105532788276175 -0.144433357153365
0.216362348526007 0.0107003162627668 -0.124759848337812 -0.121756752497476
0.170920283531217 -0.107162417515405 -0.124640013409716 -0.0775502928071141
0.0981431473624532 -0.156698587134901 -0.099072665836214 -0.0587972263225284
0.0285145156464668 -0.164474263149936 -0.100483992384007 -0.0473996483691731
-0.0228203018203101 -0.146602834329487 -0.0834305262034023 -0.0366984052363998
-0.0292480724037343 -0.146990524960685 -0.0327499114310916 -0.0522890014935488
-0.0220435307247247 -0.140767507760202 0.0112800804608042 -0.0903952250873541
0.00238766862606803 -0.166800722189399 0.0723936711705381 -0.105835567739956
0.0687114258756004 -0.174603957670839 0.140298884768204 -0.0857471023226297
0.134359392546756 -0.140106503088433 0.175228035837114 0.00610829110228698
0.205541942887013 -0.0441499785551263 0.101776983244597 0.0803473024703869
0.224825368357065 0.0746413762414226 -0.0188758812813057 0.0733837326883265
0.180934934371006 0.124270772776244 -0.0823416747627762 -0.0439080128235937
0.0984688448643866 0.099842682918271 -0.184559036706699 -0.109424101123307
0.159340631666977 0.0825314865316635 -0.153515429535366 -0.145994121606073
0.16716062327775 0.00588961448640998 -0.128314182953671 -0.118780113958764
0.124734150449972 -0.0847729144382891 -0.0996163479645091 -0.085061967532974
0.067679239876927 -0.116514814925345 -0.0825781662768577 -0.0988314730477195
0.0211474790562694 -0.118831063497603 -0.103987539989678 -0.0972512986359632
-0.0143432117713917 -0.109171377887198 -0.0936653664443558 -0.0865623871970599
-0.0138785183132933 -0.111114988804558 -0.0408469740347317 -0.101458110038435
-0.00185237888480532 -0.107542384392925 0.00810625451437784 -0.135756601175056
0.0235646696027577 -0.124453756333294 0.0766576607537867 -0.140344225775706
0.0745536440937756 -0.117559007807217 0.15054502766772 -0.106265107446758
0.122516970244418 -0.080888091614189 0.176696421934806 0.000906672241128079
0.164684662330601 0.00418198558680968 0.0897772674023749 0.0683091284192425
0.158381467189752 0.0949114777217563 -0.0387245189610367 0.0434184824592438
0.11117808133488 0.116531793300438 -0.1169189390799 -0.0927053342412052
0.0274621763287215 0.0587963374137865 -0.226749465825578 -0.129222131846159
0.073776521890655 0.0585442312696296 -0.178082439879827 -0.132457180155891
0.0883294219857242 0.0121971059271783 -0.126468798889038 -0.114893617451809
0.0618974932101695 -0.0371787676716575 -0.0883316777121696 -0.0920413766054516
0.0342153738293892 -0.0486179676281831 -0.0821294289472408 -0.121588776862416
0.0187140934351152 -0.0525793995695631 -0.111682547542842 -0.123057494610815
0.00256585967549767 -0.0548180038864105 -0.0995562154803538 -0.117383223080458
0.00388102584448241 -0.0587349143844596 -0.0424045517645948 -0.133966840983607
0.0115823009344552 -0.0589619905912483 0.0142193068267206 -0.166068620542532
0.0286615910466318 -0.0662251579790929 0.0894528942815195 -0.159320551092419
0.0580247963404575 -0.053944529018874 0.163814868792615 -0.112216414715279
0.0857390602991405 -0.0297060686722681 0.178745132314561 0.00216098461585847
0.103215981764937 0.032771799213332 0.0859964746844086 0.0580104646415703
0.0779931142154421 0.0869034395741867 -0.0378707761437149 0.0162225491634282
0.0326143614322941 0.0843161202647904 -0.123369379725009 -0.131386657151321
0.0107342004395598 -0.0392474624265006 0.200422207380132 0.0337814515298695
-0.0401659210031476 -0.0298510436129107 0.053606776134769 -0.0605883991176388
-0.0434957438132439 0.00914201205631231 -0.10260374111051 -0.0156095634272198
-0.0151502433940295 0.0224357699165957 -0.167910698719419 0.0873426191358077
-0.0052179404636073 0.0119562021334793 -0.0995934327086185 0.197265997415048
-0.0114861184156148 0.00694217352765884 0.0133049646755915 0.211224846526461
-0.0128459899986306 0.00843972679675312 0.095485407176617 0.162632366443918
-0.0246247726579602 0.00737537476247806 0.141079396507177 0.101930511584938
-0.025506340016892 0.00918822526664275 0.163111386756353 0.0446575832113089
-0.0315609391606852 0.00415278601280733 0.17867952745405 0.025883218079788
-0.0259594226719885 -0.0153698089930193 0.167927110330781 0.0369310372360071
-0.0149659706261036 -0.0166105599964924 0.150110983019191 0.0312565705763898
-0.0129415300884951 -0.0273312621631038 0.165889404658839 0.0328489446402706
0.000956400995366131 -0.054699163276308 0.218207711514093 0.0289647009986902
0.0327762958828198 -0.0442586940485521 0.283681038992717 -0.0271258000029883
0.0906904361561234 -0.022500125436372 0.186029030596634 0.0420129905824019
0.0465548546089881 -0.0358300785640376 0.0418210901704774 -0.0540535921012033
0.0195391172110601 -0.0196381406346287 -0.105140728402415 -0.0135248554961078
0.0182306754613907 -0.0299793540621303 -0.170409047858378 0.0782860735937259
0.000618826765055232 -0.0512624248683589 -0.107272093936597 0.182055068206663
-0.0320311475996575 -0.0515253124184937 -0.00447646242989331 0.201178887455598
-0.0531203676349638 -0.0347187577929278 0.0746831278845108 0.160786796575147
-0.0740748461470634 -0.0329764127856296 0.122657246409914 0.0984917366659216
-0.0764994469417805 -0.0294959722316763 0.143630452158162 0.0336989416402508
-0.0850586607989248 -0.0486756770095454 0.163889455408552 0.0015642107919701
-0.0612685122025208 -0.0946064540745515 0.166721207617567 0.00352786986486168
-0.013938283185484 -0.107829758117444 0.160920292550178 0.00687828215705806
0.0433567586907392 -0.108207606561971 0.165311522526332 0.0249624090477368
0.0987006594617557 -0.0999013340155907 0.189979555670366 0.029172424594174
0.134682807652714 -0.0655156522257219 0.234392562931008 -0.0193269263029558
0.159509964569021 -0.00038174752991924 0.138143934272538 0.0376731003900769
0.134511845505359 -0.0354182988566963 0.00975719244326562 -0.0621944497781624
0.0923543062975051 -0.0501787471750192 -0.119508902063728 -0.0211279530772756
0.0548713786601691 -0.0876121774991447 -0.174963274764313 0.0660003744690558
0.00660370744744201 -0.115066134261328 -0.11119402684347 0.156248201169177
-0.0508568534248346 -0.107119406805887 -0.0237454566545769 0.171832757317317
-0.0854416325865887 -0.0743454852470213 0.0415827697001227 0.141031055505178
-0.112024618986655 -0.0688897957395971 0.0859583473802066 0.0815336187402828
-0.114936085729251 -0.0619579425562159 0.103838235606992 0.0145352475987542
-0.127267702718433 -0.0902144752271226 0.127657476637992 -0.0315585489881389
-0.0943569428823562 -0.154249922498642 0.146516493681839 -0.0422806844462706
-0.02394159178401 -0.181289866134491 0.166498698166921 -0.0279505764170959
0.0800859916561033 -0.179666964680971 0.165872098622992 0.014517997324358
0.174384123320039 -0.138933435925476 0.155788419207963 0.0406266200645481
0.212701761274814 -0.0796339109480323 0.158594365672081 -0.00295731713043119
0.206194957931073 0.0179251373009334 0.0618129410688633 0.0233070204509232
0.207344684767352 -0.0377460467333965 -0.040853348201726 -0.0747334712289934
0.156090713956658 -0.0855158917219302 -0.139819214644276 -0.031923362877394
0.0811032910078134 -0.145891493372213 -0.174532110379444 0.0496090573674965
0.00413327612371109 -0.168745641521164 -0.11148185078048 0.116691638982015
-0.0672482294553104 -0.14747418546795 -0.0474403007073843 0.126818017577599
-0.108655416657526 -0.101913183213556 0.000540812452361708 0.107266845284064
-0.133314117535547 -0.0939857914787829 0.0383612445844459 0.0528058449610714
-0.133291069346455 -0.0863120099059207 0.0520570830870427 -0.0121472242557884
-0.14642915906237 -0.120634774141399 0.0792052399475611 -0.0659400244740746
-0.108486988797904 -0.191757715418645 0.11309497921093 -0.0867007043733496
-0.0272428794577988 -0.224050094284226 0.161739495338649 -0.0628684713375477
0.106305063555415 -0.221214878862769 0.16038031600916 0.00650363827952725
0.223505635859366 -0.153909274078813 0.116975462753661 0.0589085425844728
0.256702242937727 -0.075670893418125 0.0680610719929798 0.0148602165073569
0.220916095576932 0.02707957965684 -0.0331686916947845 0.0111659069000661
0.243689236409209 -0.0417115860712143 -0.105139160193953 -0.0750964155085167
0.18973327296295 -0.113552020080206 -0.158953673716983 -0.0380998183027016
0.0882451383564192 -0.184542875642351 -0.165373153158008 0.025341897378703
-0.00558033698012726 -0.196734627621168 -0.113364834081094 0.0637494879381295
-0.0780297778306168 -0.163758649069785 -0.0779598284955632 0.071459483519879
-0.116733054936071 -0.112281323256078 -0.0461552065562392 0.0644848270096555
-0.133433764129132 -0.105052189951108 -0.011976730781712 0.0158751947167588
-0.12967835471221 -0.101341356014885 -0.00179051308050589 -0.0454257202908827
-0.137157863723447 -0.13789084266577 0.0300231785939051 -0.098710040724228
-0.093798278098594 -0.20480697526591 0.0797445286659237 -0.125303316994656
-0.00985082046422871 -0.231022312715624 0.152637078011234 -0.0886620816726056
0.130943064826959 -0.218085308404431 0.148195214737096 0.003743357174317
0.246351544975254 -0.133633811585291 0.0736534905623632 0.0755028840158957
0.262629174709865 -0.0512088637712751 -0.0244321059928079 0.026165799101691
0.196785251829525 0.0285797529381458 -0.130663317580509 0.00719106820152038
0.23075215634088 -0.0402586710272046 -0.166292463765778 -0.057668876556177
0.181997000794807 -0.118884501991675 -0.169868153839513 -0.0355678555927509
0.0745780384397923 -0.184012968842245 -0.150066479690197 0.00150400131626036
-0.0147720226721618 -0.184333838583196 -0.119971214783592 0.00837695940222686
-0.0763193374654211 -0.149608043284647 -0.113050889009354 0.0195364305185804
-0.107105577735251 -0.103078002027233 -0.0930405449427346 0.0224476253193517
-0.115040126817876 -0.100622098891074 -0.0595450066577411 -0.0229491491541593
-0.106579468712944 -0.102493324325276 -0.0467203426578273 -0.0814563079829461
-0.104483922176555 -0.138483317092853 -0.0067046603522423 -0.131958241432606
-0.0550664527772178 -0.189051467391593 0.0575893069859392 -0.156569368090797
0.0244289878647401 -0.201887630954958 0.145478349682772 -0.103897135748216
0.14779287322308 -0.171383879941909 0.130332661144031 0.00306917103718255
0.23677588391987 -0.0822563589049145 0.0291761194192286 0.0798904761370643
0.231173284137575 -0.0126939969861417 -0.10470675092336 0.0215209115645906
0.138002484281859 0.0289027896853738 -0.211961613472309 0.0160676058168802
0.174601481518065 -0.0254838907084375 -0.208255454715826 -0.0282553204591524
0.138490943685984 -0.0938472254234321 -0.171963238308776 -0.028677749957054
0.0503469400758136 -0.139516198116099 -0.134663942795721 -0.0177762262511085
-0.015099183411308 -0.1330532004208 -0.130614105179952 -0.0338564762843638
-0.0550679658744448 -0.108520852908087 -0.145901874275263 -0.0166130060547213
-0.077636832932652 -0.0783447888878106 -0.132755219533156 -0.0116707852892961
-0.0800603479584861 -0.0818391477177143 -0.0964033701109632 -0.0575568055405653
-0.0695296233453291 -0.0876195074990206 -0.0781220663276174 -0.115878562838678
-0.0605814873707026 -0.117014832223503 -0.0252652353639442 -0.161410256862628
-0.0125603703003649 -0.145521905284298 0.053749990621143 -0.179403645356173
0.0522168429785744 -0.144634661460436 0.143485749963946 -0.109667745343009
0.143353469669654 -0.103064607756113 0.113895928300218 0.00041884353864671
0.19262742058481 -0.0221665329011446 -0.00574933147901647 0.0661390522340248
0.167273967504869 0.0255356028299349 -0.162494801151452 0.00112557070360638
0.0544040199513846 0.0348016416670891 -0.259619803535397 0.0312791237923809
0.0920117688324171 0.00475358255997651 -0.222273942762168 0.000969237871451056
0.0777926223386022 -0.0426024395117828 -0.170023211109879 -0.0221356403329739
0.0271882683410092 -0.0654856817665614 -0.128055943515801 -0.0262917754019175
-0.00216763659321902 -0.0587281486083668 -0.143391365529402 -0.0506265108873285
-0.0165759694540883 -0.0536102117487902 -0.167144024933366 -0.0309720994302846
-0.0315739144297753 -0.0444822957250138 -0.155933110134616 -0.0326266448730031
-0.0336573496966726 -0.0500428729864113 -0.118479148121353 -0.0823668465259992
-0.0280579020317973 -0.0569271186258289 -0.092107992276853 -0.143055561606481
-0.0189990933791947 -0.0731533329480191 -0.02530064781433 -0.186042177373599
0.0142791363382724 -0.0822371786684589 0.0618010497797464 -0.192090146053489
0.053502478591098 -0.0795641693346473 0.145605970212754 -0.110423599315534
0.110072974150726 -0.0388787418715312 0.104761493187804 -0.00605403529043968
0.120806081569867 0.0241353777076105 -0.0225188927405926 0.0403927192011844
0.0800280362923594 0.049033866022352 -0.189055573363463 -0.0283628122480855
0.00967023713944461 -0.0409211161614548 0.208886824073159 0.025942388986791
-0.042942259038811 -0.0290234190538387 0.0521387162566542 -0.0666924998752355
-0.0441262933186631 0.0112584729235528 -0.107210762050667 -0.0132760911139233
-0.0144723337110746 0.023516064204118 -0.169793473163604 0.0964846051685355
-0.00511892068265055 0.0128131339511567 -0.0944491338684697 0.207314203959954
-0.0118162107941214 0.00771138928588759 0.0221632083065645 0.217216313079698
-0.0140847828095814 0.00938387955681107 0.103884419512958 0.162445355335731
-0.025747004918366 0.00868266943327925 0.149799689479569 0.0988781048082522
-0.0262820160892049 0.0104382675989689 0.169833464514353 0.0380092941974033
-0.0323191336855448 0.00490128864756651 0.186455556526259 0.0186812636107119
-0.0276957165079294 -0.0152591933654803 0.175996507015559 0.0313227531330678
-0.0158157587024261 -0.0170471877969798 0.156017977016802 0.0281007833292079
-0.0145448655464156 -0.0285182524666148 0.172998531922052 0.030479929294736
-0.00173984634858304 -0.0566346619900215 0.227773858733001 0.0228859953615986
0.0320530582902091 -0.0451945235735646 0.290319657242716 -0.0412719434634592
0.0926739627851317 -0.0267352299872109 0.192891512298511 0.0350647669068227
0.046228002200707 -0.0392705065531059 0.0394560951616075 -0.0597429000318967
0.0201477977857657 -0.0206106958976956 -0.10871715671899 -0.0120253275758862
0.0175818051081419 -0.0312592667126393 -0.174036247837787 0.0874580062794728
-0.00206604344157094 -0.0526987577032403 -0.103227134545105 0.1916360291847
-0.0364722529515759 -0.0516855118272337 0.00305062115583718 0.206400380044676
-0.0565884504830655 -0.0337584815326874 0.0835861022230855 0.161447699388329
-0.0786241116979681 -0.0307046350509605 0.130082566942429 0.0960814846255703
-0.0806686455408761 -0.0270257369526589 0.148876113553494 0.0280890665689029
-0.0898847607951242 -0.0472734531588811 0.169284172942833 -0.00664871461702421
-0.0681531380682846 -0.0953230302855927 0.172871979105388 -0.00385329247125516
-0.0194540190497591 -0.111436461042397 0.166612404842885 0.00236746093508484
0.0398211951225828 -0.114341368779411 0.173015731631548 0.0221093649760158
0.0974238978661413 -0.107597500245065 0.197397566172949 0.0242792157428352
0.136263694654903 -0.0712298050072992 0.240677554752837 -0.0307027026534256
0.165056646782413 -0.0054579019809278 0.143627610573791 0.032661392551297
0.13777907484093 -0.0422663879981146 0.00643289697095464 -0.0666800293007966
0.0940651096424148 -0.0552893363859746 -0.12326044788901 -0.0193263159632432
0.0532520431883849 -0.0927105662062503 -0.178790196051731 0.0749690106878761
0.00112696196688867 -0.118625770357213 -0.109360558913788 0.165327281984917
-0.0578134949233796 -0.107559414375884 -0.018675380852539 0.178372054908255
-0.0920406751206889 -0.0730694811191316 0.0493078316815221 0.143064836279499
-0.119200441061351 -0.0652476152813114 0.0916224721579556 0.0800909025199538
-0.121967587630995 -0.0583051742943043 0.106799762372936 0.00912806937994317
-0.135239073360238 -0.0872914732268 0.129895584361598 -0.0393120573443781
-0.105124781167891 -0.155675571386084 0.150339606814152 -0.0500651854370897
-0.0334716542493325 -0.18627016971716 0.169859710544303 -0.035185125365478
0.0744717707759456 -0.18989117872774 0.172676852235086 0.0116313559876684
0.173815063497066 -0.151767853925748 0.162131808436862 0.0367664173920738
0.216232028226537 -0.0889663774785495 0.163165464120111 -0.010976101526102
0.214156227934438 0.0121323522654973 0.064009241360802 0.0211711842938274
0.212723830401208 -0.048201376758179 -0.0467779868981304 -0.0773055921753562
0.159061829638488 -0.09396339238011 -0.144504260215028 -0.0308401114852175
0.0774361087856654 -0.153605699074301 -0.179513607467848 0.0564841443497706
-0.00387323797071343 -0.173981492711983 -0.112107887156452 0.124122054833627
-0.077900790269774 -0.149400317945236 -0.0444899822252304 0.132800085234716
-0.11678038728262 -0.100793477149521 0.00589188510401299 0.110974143178895
-0.141597219041432 -0.090784635080499 0.0413843565940999 0.0524907083581498
-0.141582329662941 -0.0828616943994122 0.0524311499094486 -0.0159630087016618
-0.156739724752847 -0.117382346923784 0.0777070879720923 -0.0717920418957247
-0.121421830405143 -0.1936503826187 0.114086835480191 -0.0949330027724645
-0.0393815334610786 -0.230161893570876 0.164092269709411 -0.0710797952630347
0.100121364351924 -0.233400197703565 0.166497716493037 0.00332151422092922
0.224872099550363 -0.169687881624265 0.12270802489398 0.0574896265069601
0.261232271900799 -0.0865545935807994 0.0712837825360541 0.0127996706989193
0.229210626300633 0.0214087639327937 -0.0353367987700251 0.011173442903718
0.249406131941725 -0.0539395832507931 -0.112543206800782 -0.0753962330653158
0.192159625982786 -0.124853106070326 -0.163785853105673 -0.0374046771077146
0.0826986221965766 -0.193592352230504 -0.17057413916009 0.0324641698440733
-0.0158535997700132 -0.202461351260692 -0.116195018087884 0.0687653912944739
-0.0898113923894644 -0.165582763293619 -0.0789439923014027 0.0775584328187082
-0.125599296624148 -0.110973654493663 -0.0437559682157865 0.0685302104473362
-0.142790109493496 -0.10247207087894 -0.0125401595550038 0.0167970032276244
-0.138111464810204 -0.0984908555549619 -0.00443893953774552 -0.0473607146046278
-0.148129969219748 -0.1362648646572 0.0255459457499076 -0.104032047753662
-0.106859414148646 -0.206791515023272 0.0775254812281089 -0.13320372408533
-0.0209550147700008 -0.237742930576061 0.153448920118136 -0.0978788981048274
0.124820755620854 -0.23075130065142 0.15290853267954 0.001244252813859
0.2483486706225 -0.14892784873315 0.0782910357797943 0.0766630938664057
0.267882266080562 -0.0613874176339063 -0.0231006465775176 0.0272167916206542
0.204254697167946 0.0241505993809266 -0.136380705628301 0.0120239275693371
0.237008136717574 -0.0516202651619884 -0.174770050410806 -0.0549209487799156
0.182987583119557 -0.130029235222909 -0.175156199583075 -0.0328549110110973
0.0685928945528714 -0.192550842990226 -0.154874370665305 0.00560913410495449
-0.0244797506135003 -0.189275081282413 -0.124767846850927 0.011617853426777
-0.0862702054100538 -0.151064704813641 -0.117731204305012 0.0252508249123396
-0.115211971655958 -0.102309513651891 -0.0935340668724211 0.0271568379554394
-0.122958142041724 -0.0980196102201514 -0.0629575009070742 -0.0213054200324026
-0.114066012994125 -0.10028310098744 -0.0530595651717476 -0.0820003549229132
-0.114495566325789 -0.137762661829864 -0.0136958217547746 -0.13597060635552
-0.0653905798134298 -0.191715422694912 0.0532837571492094 -0.164478129224415
0.0160902530660997 -0.208082228920596 0.145065985877247 -0.113736348242676
0.144481660972376 -0.183048188135059 0.134424911411123 0.00117369013222749
0.240518231195656 -0.0956560778049646 0.0331792901421289 0.0824968241655287
0.236721697064465 -0.0206837103893315 -0.105147942774677 0.0257328738124896
0.143268768699896 0.0269305109918856 -0.219061557141197 0.0239309648803562
0.178684102503024 -0.0343336726815591 -0.216610209289486 -0.0222151801718095
0.139306852251977 -0.102304482645218 -0.177749094870715 -0.0256355077800197
0.0456168473278078 -0.146183898269563 -0.139411917305274 -0.0155950458648945
-0.0223881346654367 -0.136153553234064 -0.137506620017265 -0.0308802960206535
-0.0622535205950695 -0.109966324988263 -0.153114054382775 -0.0107875105348546
-0.0830766055623922 -0.0775347118086875 -0.135802521282315 -0.0062913490744823
-0.0864101046378312 -0.0798521722582141 -0.103196445496922 -0.0551571225318751
-0.0758626192264547 -0.0864639882007531 -0.086204368124593 -0.116577113945797
-0.0674047904264115 -0.117295942564254 -0.0327008499147826 -0.165980183499292
-0.0190031572195943 -0.148974856941094 0.0485623330560179 -0.187206228187506
0.0475979138597059 -0.149979308949969 0.142916018456179 -0.119437160001534
0.142751163997893 -0.111260516792846 0.116969286042678 -0.00235402959690344
0.198344957535358 -0.0309764536917114 -0.00352105433993815 0.0695443112809458
0.172701409026889 0.0206770395557225 -0.165286221378873 0.00783721444737791
0.0578603501477526 0.0355253030104436 -0.267502951568188 0.0414766618391964
0.0947807114568426 0.00144376396933628 -0.229939116567174 0.00815815119749256
0.0777902140070121 -0.0472292630613717 -0.175614777932647 -0.0185078153588504
0.0242595373912891 -0.0682597616080414 -0.133418579742774 -0.0251891262696021
-0.00508733372098708 -0.0602763316873537 -0.151154615745886 -0.0471848393942667
-0.0194461906017126 -0.0547662835082302 -0.174586693550578 -0.0240787120387426
-0.0337564660133523 -0.0450638830118814 -0.161089696962791 -0.0265171683343037
-0.0368024553304519 -0.0492024565231701 -0.126585227614609 -0.0796155011415958
-0.0308181352465361 -0.0567407785541477 -0.10218001331086 -0.14433762462046
-0.0229539519081535 -0.0738211677937774 -0.0344220526789024 -0.189480545880143
0.0114856480492403 -0.0854781980314045 0.0565562152257037 -0.200991125097994
0.0522707546057157 -0.0828803487350849 0.145169621461491 -0.119911157469837
0.111341230626724 -0.0445275126798229 0.106863461858072 -0.00928427195333202
0.124897861587276 0.0199934201475782 -0.0222146101137013 0.04428555201004
0.0841944354631147 0.0481401362817276 -0.194026589436216 -0.0206807734593595
0.00759756864848663 -0.042399730057274 0.213010035005951 0.0119269377201906
-0.0459191916787517 -0.0263345261487524 0.0466511083903201 -0.0731567167010223
-0.0432735900198202 0.013686518712909 -0.109817806781115 -0.00773448375944211
-0.0127809726208598 0.0249873253237796 -0.165940530360764 0.108205176525866
-0.00427838838125423 0.0132799843747814 -0.0825289746868492 0.21605965604807
-0.0121547393609577 0.00968370711390542 0.0365084728633959 0.217898869121994
-0.0143132778571185 0.0104930586802964 0.114696763111258 0.156148730669061
-0.026186571453741 0.0111236022094833 0.158995839877378 0.0892631333241844
-0.0262431825294376 0.0116414252603813 0.174494206255369 0.0272584085273861
-0.0319744628171088 0.0066357199487502 0.19017516025511 0.00574808590200863
-0.0292895963514345 -0.0143931632134125 0.181901493335995 0.0200021038873554
-0.017460811929039 -0.0169280249783729 0.158919472434149 0.0212128909586854
-0.0167846665856548 -0.0284111055220258 0.178617766255 0.0227468083094599
-0.00631919924990784 -0.0567211459337911 0.233369008878426 0.00956608238328397
0.0298911583747771 -0.0472979801584757 0.289992529628734 -0.0603557297783235
0.0926688872107497 -0.0329735150904578 0.197402872105859 0.0227187426305002
0.0436617769446422 -0.0425619782873661 0.03442508432164 -0.065206022366745
0.0195746356585912 -0.0223521920817589 -0.111357721915802 -0.00672230303560753
0.0156912058252725 -0.0325731816012389 -0.170998478067301 0.0993392011698444
-0.00609789422314643 -0.0527704489242319 -0.0934189481506336 0.201334435413986
-0.041183630812304 -0.048815843897662 0.0155422129961912 0.208369722590983
-0.0606383727226831 -0.0299691451016703 0.0943217329379517 0.156985577569535
-0.0826310329927804 -0.0252391133544406 0.13817041108549 0.0882608653309406
-0.0837673663812502 -0.0218257708392537 0.152163002573745 0.0177483126696785
-0.0945740538966818 -0.0422909100256168 0.171062927204422 -0.0195266211287584
-0.0757694966996713 -0.0923105984755355 0.176301519625999 -0.015293010993745
-0.0273123753316992 -0.11161246665483 0.168116308328221 -0.00682289307706949
0.03308120053543 -0.118810562316805 0.17778661768346 0.0149120308110774
0.0907625607914902 -0.115803678269244 0.20246914629173 0.0129746309684079
0.133458658674456 -0.0796398903942085 0.239642555611366 -0.0475752063107277
0.168017247122514 -0.0156984697047812 0.147163782293405 0.0231032006767785
0.136119155752123 -0.0526756166382354 0.000621001325664541 -0.0703563120363557
0.0923583554057549 -0.0615662391862956 -0.125966350125505 -0.0148883776600223
0.0474167747071449 -0.096443343761053 -0.177001672446782 0.086961973527481
-0.00772288139560683 -0.119651815231249 -0.100549850928834 0.174372364204847
-0.0668617594988711 -0.104217762196192 -0.00779712537072527 0.181424614415826
-0.0984925125609656 -0.0675724234785806 0.058918388897228 0.141313554857955
-0.125896087479127 -0.0575642393915944 0.0980428171262194 0.0753667056539619
-0.127382251724619 -0.051493828207781 0.107744575667225 0.00203673592902648
-0.143651064620756 -0.0795014720275463 0.128562364825904 -0.0491972417584913
-0.117690778444974 -0.150271590177609 0.149754236165417 -0.0613754702342215
-0.0468517009079428 -0.186003264537695 0.169201419592228 -0.0448519775522405
0.0622281088593275 -0.19801111796907 0.17659278419624 0.00364528386934064
0.165285575343727 -0.166701547681142 0.166854370102003 0.028313424492095
0.212620083557744 -0.101854002950387 0.164213121027159 -0.0219109645147831
0.219252663181687 -0.000417977079380259 0.0654535920644065 0.0167101398474105
0.211873113312381 -0.0628943766744144 -0.0541528245999371 -0.076981444810607
0.156119016045359 -0.105391578325217 -0.147478034215301 -0.0254749263301421
0.0687495921749609 -0.160745185829535 -0.178468825695574 0.0680832112443871
-0.0167472301949617 -0.175642885700547 -0.105716698750075 0.131605496468943
-0.0900004045327635 -0.145377920098171 -0.0384468941822806 0.137499427055129
-0.125684668064327 -0.0945273610155777 0.0136651661048339 0.111373745734587
-0.149774410299472 -0.081952766897881 0.0452247642814689 0.0504752117098577
-0.149393394006822 -0.0745549050086326 0.0505229968796913 -0.0197783718708674
-0.167427494550687 -0.108101043433152 0.0724188894300967 -0.0782828988779441
-0.136845428726751 -0.18696057223151 0.109772477175577 -0.104305438611247
-0.0556974214235279 -0.229314708084631 0.160991310068832 -0.0822016280169703
0.085063038633454 -0.243880047685066 0.1701472475267 -0.00418041741922416
0.216481654776599 -0.188320003270813 0.127374006093493 0.0518960522954359
0.258882594553515 -0.102299216632287 0.0728359217372876 0.00693659545333124
0.235160754553438 0.00870919722594473 -0.0365864625370374 0.0138555920786528
0.249335910231893 -0.0724333028158492 -0.120395016533328 -0.070108339856587
0.187444591255026 -0.138940386991237 -0.167064707674508 -0.0308780985506948
0.0705105536350544 -0.201723660298701 -0.171399765199891 0.0420961800974378
-0.030500513057514 -0.203412708783596 -0.114383165312691 0.0759834611143917
-0.103453134257785 -0.161415230743562 -0.0762307667151393 0.0840523623964628
-0.135114036380389 -0.103884223004886 -0.0390017850001659 0.0733682375023219
-0.151666244884356 -0.0927147690170575 -0.0129068395037377 0.0178599833300662
-0.146441876399464 -0.0905004130396417 -0.00897852494057203 -0.0472792566603454
-0.159740168217571 -0.127602345535892 0.0174015981290005 -0.106746091736982
-0.123018659403346 -0.201038025247493 0.0692008641178906 -0.140450810117548
-0.0375515454930722 -0.238059870489782 0.147940186264898 -0.10939822165838
0.110213845833028 -0.242195794490659 0.155828853354365 -0.0058472984526223
0.241304296371498 -0.168684996320295 0.0836650424588378 0.0743009924043921
0.267598055070901 -0.0779031822808782 -0.0206307053648528 0.0283718427270062
0.21017900907165 0.0128781101969885 -0.139399913696507 0.0202736763416535
0.235847376879968 -0.0689807736593237 -0.181948560392949 -0.0447704133073912
0.177574671098641 -0.143417859897598 -0.178928338144467 -0.0267870570393463
0.0562848633709227 -0.199741046890523 -0.156534251036311 0.0141159336080218
-0.0387783810635475 -0.189096949097305 -0.126649145993609 0.0179529483711813
-0.0988722212164725 -0.146470625162008 -0.118660279253373 0.033816128966753
-0.123134313011511 -0.0957927105576861 -0.0915731012904778 0.0342968815903825
-0.131551191773589 -0.090420019708603 -0.0666803521372584 -0.0168642131170784
-0.121713040924275 -0.0943757767655961 -0.0603571530023316 -0.0801873421885601
-0.125060118777563 -0.131274923263161 -0.0235463983859824 -0.136290190681153
-0.0799688341106795 -0.189396209903227 0.043833401962451 -0.17021581537002
0.00221998922618954 -0.210755024518229 0.138513575303154 -0.125214061860084
0.13336363790758 -0.19477556093087 0.136371848179374 -0.0048759319597473
0.236153065552771 -0.1135119039241 0.0385494118200428 0.0829580212844567
0.237960917660134 -0.0344234684640335 -0.10382983049762 0.0324135993734631
0.147766009507664 0.0196039470540189 -0.221420922194196 0.0375329687516682
0.178211848276236 -0.0469327010645845 -0.22154425065643 -0.00919750746278488
0.13432181028702 -0.112973299210417 -0.180679869089992 -0.0177511614063806
0.0352270600878721 -0.15048683645155 -0.14154769222306 -0.00901299319600983
-0.0328101078813408 -0.135839418121069 -0.142882753334143 -0.0248364325847127
-0.0711750632147867 -0.107100318272803 -0.156492150442183 -0.000219849734476448
-0.0890513964235764 -0.0733732653490951 -0.136357053140493 0.00325677096428393
-0.0925937662099417 -0.0741191966916996 -0.109240911535384 -0.0491581255444453
-0.0820487406498995 -0.0824807847882294 -0.0966345982119556 -0.111911293469024
-0.0762336121611296 -0.113637536274351 -0.0443388694899077 -0.165619707863965
-0.0293414479186516 -0.149087474127021 0.0370554872056176 -0.193171543030107
0.0379696365692884 -0.1541086633593 0.136564718670064 -0.130496051360555
0.13656738203833 -0.121626901566116 0.118126251973473 -0.00731983515718048
0.198011223118464 -0.0440105454187408 0.000852267011901079 0.0720998008005393
0.175230650108351 0.0109068086246404 -0.164374243929807 0.0186356300154751
0.0609541878251855 0.0333771081779246 -0.269506763658892 0.0575962723070465
0.095836268235772 -0.00499381052653408 -0.232526913156296 0.0224024089766785
0.0749402327157782 -0.053487869250383 -0.178396864449412 -0.00990530595131043
0.019592551596168 -0.0710123714318478 -0.135950852898438 -0.0195209052424981
-0.0100404296753645 -0.0599578231659751 -0.157893108426458 -0.0395080549134624
-0.0237240276642845 -0.0539547687344191 -0.178710318982388 -0.0118464863658831
-0.0368966618744896 -0.0428839012552765 -0.163487170604519 -0.0153567703152052
-0.0403671918846004 -0.0469310374117855 -0.134106748570693 -0.0725403741935775
-0.0349797037478522 -0.0548209109110751 -0.113665353921974 -0.138813722005267
-0.0280228725640552 -0.0719773238358603 -0.0475435289335774 -0.189502488585335
0.00610409513507884 -0.0870805010113483 0.0447161135336344 -0.206474148154373
0.0477149591368607 -0.0867545945986558 0.139003399094758 -0.130451956417779
0.109522028929638 -0.0519765557010739 0.107568330094805 -0.0144326725421609
0.127872552334795 0.0124418050839913 -0.0194723687927566 0.0476474395749091
0.0883901661790755 0.0436580766122932 -0.195479913537811 -0.0078394731064108
0.00455981649174817 -0.0425644616118209 0.210656841880194 -0.00349798026258018
-0.0467922298421576 -0.0224872259283796 0.0386829452994237 -0.0769233543106852
-0.0414328640284252 0.0162461723090075 -0.109207478175208 -0.00181047105091719
-0.0107579790179147 0.0250609385665585 -0.156878435040422 0.116920937559915
-0.00350038281797737 0.0137913567042428 -0.0663835894902203 0.218476407247308
-0.0112508810611734 0.0103624187943192 0.0503640984985037 0.211780718383878
-0.0141771661309936 0.0114960281110512 0.122243698931309 0.145192516914451
-0.0255497267577514 0.0125939777295797 0.162841145024743 0.0767986559596987
-0.0257490601712284 0.0135100610521174 0.173323803251463 0.0140596121552429
-0.0308859024902784 0.0083230976850379 0.187978020395144 -0.00877134445261032
-0.0300985345430272 -0.0126865000832683 0.181908111122435 0.00750163948166047
-0.0183191293006668 -0.0154806692210777 0.158826979593849 0.0128879918533706
-0.0188710750171755 -0.0274104480479339 0.179248793381095 0.0133646414159267
-0.0111779766486338 -0.0550378636450383 0.231115233294372 -0.00508948850360347
0.0268950022335012 -0.0481166889179612 0.279184459674151 -0.0782584209996948
0.0900500244007723 -0.0379654673397825 0.195298509357116 0.00849981531012439
0.0402023878826404 -0.0451717413036055 0.027527141637787 -0.0683375827473938
0.018394243031148 -0.0236585744133131 -0.110011953796228 -0.00187594193296494
0.0132358954757461 -0.0328934198709016 -0.162293624314003 0.108484546642198
-0.00950074132967095 -0.0514534205580053 -0.0784264713780277 0.204416838718914
-0.0442840614903008 -0.044456305930603 0.0285116150201523 0.204513408748296
-0.0619993998411522 -0.0248922899254352 0.103508803158853 0.147297271711034
-0.0832590989356479 -0.018350807619914 0.142016289432845 0.0775842939371707
-0.0847253896429755 -0.0158932455546711 0.149860600527581 0.00680993347758526
-0.0957990431560926 -0.0355516632019077 0.166426081087885 -0.0312113923059662
-0.0822336622837935 -0.0859975152041532 0.173812718733271 -0.0275864999271223
-0.0344914478515482 -0.108130174136202 0.165207492935157 -0.0155251275456377
0.023745438877321 -0.120283693979713 0.177552393446392 0.00590686118539386
0.0806347916586721 -0.120314893093233 0.200455489422855 7.29107669482048E-05
0.127086321377286 -0.0857434143157191 0.23238685406653 -0.0629066884299889
0.166165898245784 -0.0256138525102862 0.145336423232596 0.0125943959304982
0.1303057303887 -0.0617016135181639 -0.00609258909491631 -0.070851392020676
0.0882704497183749 -0.066952754080186 -0.125031940833131 -0.00976870500688919
0.0401031074511054 -0.0981387814279034 -0.169006842785205 0.0963757734097332
-0.0164706799290929 -0.117053364351239 -0.0874153270431337 0.178019518312728
-0.0739210229729955 -0.0971438711771229 0.0028917911794247 0.179673167530033
-0.102376155705811 -0.0598154881852146 0.0681459630499146 0.134362000573716
-0.128623007948717 -0.0466354173231564 0.101428538318519 0.067223244619124
-0.128919644495352 -0.0418967742242236 0.105039985774067 -0.00567079791324418
-0.147161174176397 -0.0682474231058034 0.12227501032374 -0.0579248960991103
-0.12795762415354 -0.140194925889146 0.144447300568348 -0.0713269359212822
-0.0591313937925568 -0.179988399897028 0.163575602999272 -0.054490080525609
0.0480242840270586 -0.199424071151437 0.175287569385911 -0.00475843478298227
0.150946038069881 -0.175985109812255 0.166537558130778 0.017880377657541
0.203198081275234 -0.1128066347536 0.159112484722929 -0.0331263979725874
0.217817433336622 -0.0138998624380233 0.0639249684480534 0.0123753740681767
0.204020187478879 -0.0776595208905124 -0.059899486799866 -0.0727860049662553
0.146798475404753 -0.114642114806444 -0.147327327839565 -0.0197019372337316
0.0560853123644872 -0.16273145576633 -0.172319824185114 0.0785337845285827
-0.0296191692441051 -0.17177409151189 -0.0967605682303049 0.135956246252504
-0.0994740975055519 -0.136132976312475 -0.0300745930890854 0.138544938398092
-0.130674270638265 -0.0847178258229868 0.0216252526297512 0.108432311831671
-0.154277046518026 -0.0689362034903332 0.0472729925801758 0.0469018864729143
-0.152588843453041 -0.063400386800678 0.0464196050825121 -0.0227630649592312
-0.172842290028318 -0.0945829104699697 0.0651935734687922 -0.0827352364325911
-0.149694626242167 -0.174695815285176 0.10151790401877 -0.111483451013922
-0.0706380043365925 -0.221807742767991 0.15227865478387 -0.0911537370577455
0.0667844734252757 -0.246619937807499 0.168356637485713 -0.0127175179459321
0.199580582293392 -0.201055472703058 0.128874868485337 0.0442910403551676
0.248297558352238 -0.115891434440937 0.0723807956617723 0.00124542149829784
0.235097129284692 -0.00559180689739372 -0.0359872710286797 0.0159370427597116
0.240295009809165 -0.0891468932232278 -0.124592868323009 -0.0619831712722277
0.176220904739455 -0.149853204611555 -0.167552042088361 -0.0235808711563891
0.0555223688418131 -0.203792548446567 -0.167016732888368 0.0518921660130267
-0.0454611387695237 -0.197998481996769 -0.108520255811199 0.0806472267304078
-0.114247161383529 -0.151328599318442 -0.0715688875509722 0.0884523152022527
-0.140770447653161 -0.0935725875604681 -0.0322528726352963 0.0741275814823045
-0.156380439365782 -0.0801652718813911 -0.0119378972176147 0.01887431263018
-0.150152872257656 -0.079437142568712 -0.0138821992232079 -0.0463842216902609
-0.166317275108619 -0.114120733456637 0.00904951781034497 -0.106121435882603
-0.136378143891236 -0.189872877138068 0.0594451721186959 -0.144368410808321
-0.0529238284665146 -0.231638067383375 0.137276668650888 -0.116759575458888
0.092012538712591 -0.246247593699572 0.153697000012568 -0.0135313986511168
0.225634367995293 -0.183893221991616 0.0869729038280819 0.0692706083176094
0.258223026808671 -0.0919390516984668 -0.0177723268721054 0.0287212655957095
0.209938863139855 0.000334967945164782 -0.136105314606138 0.0291587299980224
0.227281465544806 -0.0843235816903802 -0.182753962692114 -0.0328072594156955
0.16576947214819 -0.153905942552713 -0.177651095171078 -0.0184335335831
0.0412034567080661 -0.199897954471957 -0.154198747693696 0.0219262486240564
-0.052121430024637 -0.183354775424852 -0.125190767860088 0.0242428741333863
-0.109084732436424 -0.137334948135764 -0.115792945427574 0.0418854815935425
-0.128571639663337 -0.0868156212485987 -0.0869108471247761 0.0394791461968486
-0.135972758662454 -0.079605698591674 -0.0673069070194186 -0.0120960089861558
-0.126204069005903 -0.0846958266909316 -0.0666943043805918 -0.0740560329457612
-0.132998302423835 -0.120221114934504 -0.0335861172977215 -0.132644623048422
-0.0926026815112612 -0.180651928184427 0.0319061167712722 -0.171757061135297
-0.0122207683440419 -0.206406407788188 0.127500630416894 -0.1320571835584
0.11792019170398 -0.200035445214765 0.135002582050174 -0.0116111408176274
0.224778157685199 -0.128873252865254 0.0431025119025532 0.0815442483827119
0.231781837233989 -0.0475027266421033 -0.0978844970894801 0.0384071039154094
0.148202957884091 0.0103833196934174 -0.216463942032489 0.0508391392869003
0.172159106449861 -0.058656806829901 -0.21898293055399 0.00510589028645151
0.124580138915762 -0.120453988500158 -0.179190686155044 -0.0092326534124661
0.0239729143965779 -0.150433661465189 -0.141152726016549 -0.00196801371738501
-0.0426167198818036 -0.13066268235203 -0.144567992208668 -0.0160195262986207
-0.0785176169968521 -0.100297894030944 -0.154800793232678 0.0110771424424514
-0.0930054096022901 -0.0663918925728999 -0.132786438512099 0.0124150369736371
-0.0964154242223743 -0.0659010483332904 -0.111649093476547 -0.0408523363954955
-0.0858935590675267 -0.0756556633763321 -0.104203709530071 -0.10371745431095
-0.0830938654139487 -0.105582260582276 -0.0552578723781695 -0.159586495122719
-0.0398593177459648 -0.143633143138871 0.0237551119211674 -0.193187389791429
0.0274142463113704 -0.152926511107926 0.125367917431345 -0.138405328126651
0.126148852172035 -0.128442442201419 0.116075988966376 -0.0130720580365917
0.191271017755474 -0.0573089720933534 0.00556437046265667 0.0724716005024298
0.173431179535673 0.000441904443199938 -0.158515519504596 0.0283099350020085
0.0632644653865788 0.0298170357499817 -0.262994794704659 0.0736483060872853
0.0938210388495994 -0.0117052373272242 -0.22704206332984 0.0366486740295687
0.0700215780700894 -0.0579439148648502 -0.177108343012365 -3.54177184553576E-05
0.0137259236919587 -0.0707029367628539 -0.1352563224432 -0.0132928121580824
-0.0140288111002262 -0.0573362906710149 -0.160071244957094 -0.0303584562301644
-0.0277639277840776 -0.0516874594909541 -0.17713618491432 0.00105093493029296
-0.0389052443369206 -0.040566037448499 -0.161572226633747 -0.00407249371830875
-0.0427865251945675 -0.0427963187487564 -0.138607554651423 -0.0621240734420139
-0.0369206693492306 -0.0513310849289158 -0.122069581643193 -0.128652641586234
-0.0329291168482011 -0.068228271219884 -0.0590554528067863 -0.182823469191802
0.00046593076474828 -0.0856391324932817 0.0301983834942158 -0.205860946260587
0.0414359743547692 -0.087706461651331 0.128023156303483 -0.13781069194109
0.103719036885172 -0.0581783750800111 0.105235638681873 -0.0196242738783392
0.12650120161655 0.00402590674249964 -0.0156616800611179 0.0491552836889352
0.0900405352755522 0.0377680817606947 -0.189995750124429 0.00497901533207838
0.00257074958805651 -0.0413286148466482 0.202633871685021 -0.0151204696442451
-0.0459546191437986 -0.0188783306408279 0.031428236201839 -0.0773088876652835
-0.0383658082514702 0.0170981601191178 -0.106348919247057 0.00253175395430668
-0.00944534998143529 0.0246105905248626 -0.145645262773393 0.119136805376859
-0.00231617724498075 0.0131527145975682 -0.0530323441596378 0.214057912534413
-0.00993495322846762 0.0108961887126018 0.059329695153646 0.201973929804342
-0.0138241225963069 0.0116902013422262 0.124259475320595 0.133534771852861
-0.0245140345761764 0.0145440449976294 0.161380476792567 0.0651453844139816
-0.0246622553277139 0.0140229898172972 0.168174990527275 0.00429614891348405
-0.0297752068521145 0.00856639116740762 0.182094222238155 -0.0192578993652039
-0.0305337626355625 -0.0116181313917165 0.177222101469839 -0.00271978424780176
-0.0181885176820849 -0.0142557309222027 0.154459254033171 0.00735145945539157
-0.0196961104813171 -0.026009031343291 0.176317926871906 0.00666123851373742
-0.014075390378803 -0.0514258193159153 0.22392560165637 -0.0163341000090726
0.0247788158186829 -0.0467215953149758 0.264205436813899 -0.0880921509683856
0.0859620646500378 -0.0414861217102035 0.188271056817009 -0.00229397228199877
0.0365892019654649 -0.0457951119112419 0.0207837593301348 -0.0678633937528158
0.0173427233469713 -0.0244039867981594 -0.107099018850292 0.00171413370950318
0.0115039530544518 -0.032471458535658 -0.151224815134758 0.112126001340492
-0.0124610758545753 -0.0491352444780267 -0.0654070627645861 0.200456376705275
-0.0454148129906335 -0.0402062333108121 0.0380200781002808 0.196011297951807
-0.0625367032786158 -0.0214442977490087 0.105490643498958 0.136668844893006
-0.08182548892212 -0.0127740116908952 0.141374966417567 0.0670549811790797
-0.0828911094982615 -0.0110413351884495 0.144854445242627 -0.000759714384372412
-0.0954465836917937 -0.0295308867254806 0.159329180698539 -0.0397450804199454
-0.0847748680181265 -0.079077117009724 0.166896534489108 -0.0367574391627051
-0.0390428824796295 -0.103150920311688 0.159317860094584 -0.0208218816987046
0.0164857869523539 -0.118063866934576 0.173848293518193 -0.000755237146727027
0.0715186561901716 -0.120828255966854 0.194317912551198 -0.00880659301767307
0.119132030217779 -0.0879711624469499 0.219530425855796 -0.0713645381873995
0.160546019005331 -0.0334535270478591 0.140346815987832 0.00454075000369551
0.121909159727063 -0.0666818558735163 -0.011164950143037 -0.0682922453211211
0.0821774273769782 -0.0697747593555843 -0.122244180441193 -0.00610006155320134
0.0339534827191603 -0.0962848248278007 -0.159293463197267 0.101547724459662
-0.0225853048181825 -0.112158158915195 -0.0759046985915542 0.175890651987793
-0.0773128740378147 -0.0893897622876142 0.0110529936317752 0.173700311097106
-0.102992120076651 -0.0528004158243528 0.0721326514966602 0.125492487361438
-0.127310950204436 -0.0382549519824563 0.101195058332984 0.0597793012172262
-0.127575918260546 -0.0340756510864076 0.100234171552008 -0.0101847860174448
-0.146642809073754 -0.0588548652172058 0.114537370854489 -0.0622143641233041
-0.13235888646072 -0.128644939402994 0.136003808838801 -0.0774385110249878
-0.0666974304325441 -0.170893659138432 0.155231736058043 -0.059009445684009
0.0352400336077977 -0.196400348767069 0.171549116323545 -0.0115560209522315
0.1362398349164 -0.178976949371775 0.1613446537462 0.0105058540795665
0.191378669101199 -0.117598196927479 0.150989213480499 -0.0397754949510189
0.211933918761326 -0.0243193844124047 0.0617340709723836 0.00898586978254424
0.192469548326916 -0.0864060080508188 -0.0628691575352116 -0.0679775971944713
0.137085721938421 -0.119044962513375 -0.143844099530638 -0.0153129600696556
0.0461654992113611 -0.160049211512853 -0.162370697548596 0.0827792112360449
-0.0386314605358273 -0.164021357249149 -0.0872574475595368 0.135034329450992
-0.104188239411991 -0.126033845645791 -0.0227115890255253 0.135810143746269
-0.131067585642697 -0.0757465485268859 0.0266842037711978 0.102523825875531
-0.152812092049524 -0.0582793070343895 0.0481039505909843 0.0433522084294001
-0.150336192222414 -0.0537076904570657 0.0424495640986879 -0.0245229540763894
-0.172264416992926 -0.0825555793645129 0.058005348658271 -0.0827357077871142
-0.155460164745973 -0.160875976296198 0.0928439067642856 -0.113522554898487
-0.0800698162349928 -0.211099645059639 0.14226051892081 -0.0946561408964326
0.0502539092454399 -0.242272609554317 0.16348367209986 -0.0182613810524093
0.181529110549685 -0.206200582898259 0.126961718857168 0.0382292563660604
0.234918541568565 -0.122622237793615 0.0692365727653226 -0.00288766472818638
0.229049428774652 -0.0167526448919292 -0.0355191539431694 0.0176951926057201
0.227063129700527 -0.0993564366064434 -0.124033801934663 -0.053728704030292
0.163705608688353 -0.154556267745036 -0.163134972304488 -0.0189021253256687
0.0431394162245987 -0.199072833815387 -0.158784149464279 0.0563173071631483
-0.0548453783399887 -0.188555339384371 -0.102346081548277 0.0817341521068597
-0.119287454681918 -0.139648890701714 -0.0661670102214427 0.0899014519719972
-0.141250092580228 -0.0836273221158956 -0.0269388321188838 0.0719665976334331
-0.155664464375039 -0.0693719422423823 -0.0106500382506101 0.0191098653717755
-0.149417670509345 -0.0690538075288368 -0.0175710076590899 -0.0434763311415496
-0.167140751789811 -0.101315393817861 0.002631754140002 -0.103016909215039
-0.142982201024484 -0.176052080024653 0.0498086785631933 -0.143519648210027
-0.0634992882553046 -0.220608446484761 0.126204777714914 -0.120050728727151
0.0757335665494155 -0.242887933099514 0.148918536328608 -0.0178929761972829
0.207918285133761 -0.189942208669456 0.0869330734012466 0.0646869530550784
0.245517814025837 -0.0993116566530428 -0.0154634447020206 0.0279795315862003
0.20477348932876 -0.00946305269525735 -0.131530603122696 0.0352769097956116
0.214503463551213 -0.0940276146101602 -0.17849199615823 -0.0225959524177942
0.153044699586842 -0.157578675830401 -0.17382584891791 -0.0130834215930399
0.0294965125199271 -0.194885457814013 -0.148039377700941 0.0270606246333029
-0.0607096545842576 -0.173445815699186 -0.121904358716111 0.0280986091766458
-0.113524259237647 -0.126442207837796 -0.110975204859938 0.0473358371006007
-0.128588409105574 -0.077950405152848 -0.0810519168521415 0.0417567641124873
-0.136196416257058 -0.0690124691442605 -0.0666204281917589 -0.00759350393716486
-0.125957618105682 -0.0749582598862886 -0.0699194262632548 -0.0681463875175514
-0.135172149906762 -0.108265034927964 -0.0401930315689344 -0.125660477599639
-0.0995543075317433 -0.169757031896273 0.0220080377324113 -0.168523367527853
-0.0218565582212399 -0.19843568997705 0.115914423605946 -0.133780820244706
0.102843988099523 -0.199635472998322 0.130159857827247 -0.016015845142836
0.210170294322488 -0.136042138828243 0.0455428885262045 0.0781998381808779
0.221802457011084 -0.0549262781731312 -0.0916798276265301 0.0406132047317718
0.145657649307263 0.00341119723847023 -0.207906023647241 0.0598796831142461
0.162714074167518 -0.0654090960332669 -0.210662730975359 0.0150381939247967
0.113985405844635 -0.123189813859026 -0.173911322664813 -0.00308962124576102
0.0150190803317454 -0.14585252620607 -0.136476085132556 0.00256052463176355
-0.0482744664992744 -0.123406670989198 -0.1424971465008 -0.0100722098457372
-0.082196484935358 -0.0923249164728949 -0.149608718287302 0.0192032717323222
-0.0934546011444194 -0.0604194695391229 -0.126689932881445 0.017864566027179
-0.0964701924562134 -0.0579796242175058 -0.111507629765373 -0.0330106276233653
-0.0864784913534627 -0.068653124264846 -0.107826035721335 -0.0939525715895572
-0.0859881421210144 -0.096873609974477 -0.0624209798793777 -0.151025605015243
-0.046160134335979 -0.136442081227823 0.0137930914040961 -0.188810740296502
0.0187296092075137 -0.148633505805852 0.112868902663207 -0.139084962374288
0.114618984759554 -0.130350830332788 0.111629732066605 -0.0161354297097647
0.181593676532 -0.0645967598418811 0.0092859071562725 0.0709013575630265
0.167221691106696 -0.00635078634772141 -0.150665388936243 0.0347259312932195
0.0631270767241166 0.0264412520643703 -0.250434351784097 0.0838003293717979
0.0893129651089276 -0.0159923225342438 -0.21699429822993 0.0455225766777388
0.0637358464588314 -0.0595279018638323 -0.170631103916845 0.0065266531795078
0.00921464976686992 -0.0678667582129378 -0.13290095424413 -0.00889541120679955
-0.0171074815108243 -0.0538453831985704 -0.158403589666712 -0.0224343383040277
-0.0299040234138438 -0.0488845803820948 -0.17144459549336 0.0105211027132044
-0.0390828938948302 -0.0380082286740767 -0.155402568196588 0.0043633180706623
-0.0434134380611116 -0.0384064377714072 -0.13823128711184 -0.0525877613423949
-0.0384200940088247 -0.0475391124713762 -0.126457009575424 -0.117225083560987
-0.0350637166267004 -0.0639282587672442 -0.0661759654881219 -0.173373954455005
-0.00427331805972188 -0.0821033230645264 0.0201855753743774 -0.200393900350935
0.0359451728223654 -0.0863124300596914 0.116548240287801 -0.139103240878385
0.0969561640967233 -0.0604668370345373 0.101056932152963 -0.0224952513372637
0.122761120099968 -0.00166247698969454 -0.0122909960890191 0.0498701257264335
0.0875869685115627 0.0334960869192425 -0.181998522770231 0.0141606763721017
0.0206030140476089 -0.0368530987335608 0.181317404982044 0.0657465654627871
-0.033030463330758 -0.0349871589581233 0.0549835387674036 -0.0551059801061097
-0.0408320220739819 -0.000903702764656941 -0.0950084375250465 -0.0390625352572456
-0.0173764885428101 0.0176249919654394 -0.177194519587021 0.0501831878463666
-0.00615267415364239 0.00843232071090492 -0.130381784704649 0.168961112783604
-0.0134422927028263 0.00533003322593766 -0.0266237396830068 0.20263978173146
-0.017846015257299 0.00520713686449872 0.0572958395427278 0.167344181271379
-0.0274241319971063 0.0034928816836074 0.117915914033668 0.11962014240469
-0.0268186932639575 0.00177814728370304 0.145849319360097 0.0684843993360532
-0.0293834810677042 -0.00555406736345468 0.169570683402037 0.0527920836948059
-0.0221784666765423 -0.0235993136035521 0.157537278472298 0.0668041137507011
-0.00996451068611276 -0.021345463287757 0.134179837150804 0.0697259617000585
-0.0066115882677212 -0.0330016916514457 0.153859864799181 0.0763266567617595
0.00784472300785452 -0.0531360908700296 0.206878860242409 0.0701093387972788
0.0434472672158847 -0.0352085312665382 0.269813517847119 0.0272899631219948
0.0963979682619851 3.09947418183519E-06 0.161712166889736 0.0625142301511694
0.0504881044599365 -0.0250653683223673 0.0414419375745059 -0.0558676376207356
0.0252578917025645 -0.0143489108876097 -0.0978199262990109 -0.0448152719364134
0.0239509465655532 -0.023225893853351 -0.182463997624413 0.0394008508858884
0.0101275796268639 -0.0497887783450319 -0.140800654559306 0.151524152391697
-0.0245040031030841 -0.0530690185928401 -0.0457937391406826 0.188627559047801
-0.0473551371192122 -0.0427280707141662 0.0384044828585721 0.162333022337499
-0.0684364371708015 -0.0424190178799535 0.0994456276567813 0.114282784850315
-0.0693361675771812 -0.042871787929191 0.12820818993149 0.054503984101615
-0.0735665460737956 -0.0631625391284213 0.15740955605053 0.0244322512471977
-0.0468527783256954 -0.1043274260323 0.161468282761737 0.0319517081436994
0.00453313985491962 -0.108543069777077 0.149281563739403 0.044226475630776
0.0591115944636906 -0.104283134913414 0.157248977454899 0.0686397041046099
0.108693287867406 -0.084634142909321 0.181322835877113 0.0682430466957586
0.142491557024268 -0.038836608709852 0.224213933848897 0.029219744962587
0.160731811281087 0.0401077387206641 0.115469412271193 0.0419645128726042
0.133970466348541 -0.00830973973786105 0.012611017101961 -0.073150527010715
0.101597456058817 -0.0285599337166195 -0.110413600245925 -0.0633301624086381
0.0698558367669862 -0.069506425476463 -0.188122812964213 0.024364477050119
0.0259450389544687 -0.108231162591324 -0.143306119229759 0.124039441428412
-0.0333193559111784 -0.10884974926823 -0.0635574646768019 0.158211620620072
-0.070820718526233 -0.0866166682038309 0.0116323986169756 0.139697702443904
-0.099735183843528 -0.0824979699741634 0.0667945605169269 0.092417940417819
-0.100700363712356 -0.0798403591553773 0.0925894677827461 0.0270645885339612
-0.109957077192693 -0.107632567157814 0.126354183726838 -0.0138685819715458
-0.0720789633247308 -0.166520613633785 0.149878253718845 -0.0167743893141212
0.00444411773231118 -0.179541012288652 0.161879872430165 0.00760822844554847
0.10381636993388 -0.169427589653604 0.160050818982937 0.0579163912977684
0.187247629338359 -0.114617285514272 0.149042904220516 0.0757250930771747
0.217373999124121 -0.0391052461552369 0.151271179062166 0.0341286998595762
0.204104394316932 0.0711855474071239 0.0435097644217231 0.00959689125029907
0.203937160784386 0.00372651999955258 -0.0338030961241106 -0.0971778668782307
0.17070135750088 -0.0500279089451235 -0.129160806011568 -0.0844097819979755
0.106276938996996 -0.119800717348593 -0.187823149412305 0.00434298884647133
0.0328709727263426 -0.160361514411445 -0.140289943293452 0.0836089562430692
-0.0429133706440134 -0.151870667358485 -0.0815519171982832 0.111971287106953
-0.0863428997736651 -0.117461695925615 -0.0192861772698022 0.101452219739898
-0.114567547830969 -0.110000291933546 0.0256760812501321 0.05748779730814
-0.114499112078806 -0.106013932427492 0.0460735562495705 -0.00748535201365018
-0.12465056822111 -0.137889921628844 0.0830401386787711 -0.0547495634517435
-0.0821732893336502 -0.202882195533208 0.124740761961219 -0.06682478190321
0.0064829685031868 -0.219729074660059 0.164754525925303 -0.0297115739254751
0.134945095582494 -0.20581918792832 0.156593315368442 0.0496892044385764
0.237009050847923 -0.123253602672336 0.109001648545016 0.0894884839745762
0.25745375220945 -0.0279251136494952 0.0646160666644844 0.0380311186821082
0.216079140974268 0.0847687741558173 -0.0452625948759407 -0.0227631936998176
0.239030603180675 0.00636028049038078 -0.0942274155802849 -0.110474593673546
0.208111262447003 -0.0704509161704136 -0.146881871998091 -0.0971279796956851
0.119513442520352 -0.155015192517562 -0.175524653573092 -0.0187171494928731
0.0278756709965062 -0.187467825605836 -0.134297123932601 0.0304585426319114
-0.0504964664446307 -0.16925421176573 -0.10278411545762 0.0539315756662513
-0.0922239700725989 -0.129217659600948 -0.0550455610819672 0.0529945348723852
-0.113088345717227 -0.120819364955139 -0.0176185843338764 0.0131057815529113
-0.107193316005949 -0.119240360002741 0.000489607752239703 -0.0470618732625459
-0.112940895136511 -0.151722146682748 0.0422961384524499 -0.0946994037940701
-0.0661192456714801 -0.210749078701847 0.0993524551650068 -0.10944505454469
0.024707347081051 -0.222566021462486 0.160727559975652 -0.0585284989329443
0.156880183584514 -0.196872432703589 0.143695657087767 0.0440299832982128
0.254891789845844 -0.0993035213502921 0.0633043413203147 0.0998846840808428
0.257275326777441 -0.00241500773472678 -0.0235462123888075 0.0319051686182704
0.190893618334101 0.0815484405779728 -0.136896930716995 -0.0427544168154608
0.226248444294443 0.00657976171625377 -0.153884267946645 -0.103226377028945
0.199135760264641 -0.0774448751801069 -0.158695525472278 -0.0954308935948827
0.105624185040804 -0.156874668809911 -0.154420662830074 -0.0410690513286432
0.0170853778893745 -0.175990225067507 -0.129720653984002 -0.0248103435136063
-0.0502731202518183 -0.155432676964402 -0.125572193527742 -0.000910271882295548
-0.0837051108183612 -0.118462816459921 -0.0907882370617678 0.00483341796024146
-0.0952703836556885 -0.113390990690663 -0.0569665897110845 -0.0324537586131114
-0.0846774943893472 -0.1156192131017 -0.0367076767273606 -0.088710622978325
-0.0817432583742137 -0.145399952983393 0.0137944092828248 -0.129898611114368
-0.0297821207335098 -0.188682456510863 0.0845616178205744 -0.141528461818493
0.053518158838009 -0.186521946582331 0.157330223178151 -0.0751372420691388
0.166078164796457 -0.146540512793576 0.125562255125349 0.03961787934935
0.2371029401753 -0.0479674029311849 0.0192780467985815 0.0969708228484072
0.219361691724988 0.0291504832944238 -0.0983713851305736 0.011433436016596
0.130986233992754 0.06689412370398 -0.212639272337315 -0.0445108836900867
0.169156192388758 0.00977531187826985 -0.196079293538046 -0.0794071450167868
0.150112042139074 -0.062155281965908 -0.161130725349466 -0.0834624651928155
0.0725139546302212 -0.119375718343261 -0.132010370863798 -0.0574673581147204
0.00717316500000991 -0.126677566591297 -0.130322549659063 -0.0666389768810024
-0.0365098273747414 -0.112909014442289 -0.146361885104741 -0.0413175940452719
-0.0586644792028488 -0.0892928824601795 -0.121506406539489 -0.0346855361556978
-0.0645662098422511 -0.0879297180679913 -0.0868454017208725 -0.0719691412306725
-0.0523891229529587 -0.0944601591661129 -0.0594394535774803 -0.126001869698774
-0.0420869389532211 -0.116640482635667 0.00395085000392686 -0.160769470747587
0.00605565089742719 -0.140139376082855 0.0857033104723513 -0.16209443960723
0.0717919161178009 -0.127410022381915 0.157678361347179 -0.0796938673676749
0.151567934473787 -0.0780268020532064 0.107892998803971 0.0328221734052909
0.186227600719614 0.00608774990790526 -0.0138618532863657 0.0767209152751201
0.151871121445443 0.0547126250373938 -0.148525414758478 -0.0199828888040492
0.0467719685354068 0.0520134656558614 -0.255353024378485 -0.0326073970341323
0.084429419409951 0.023061305641625 -0.21002901410164 -0.0504260621924947
0.0797800229412386 -0.0266912468369335 -0.158387449979828 -0.0693629604954668
0.0355991305388214 -0.0543273435884594 -0.119220756047662 -0.0646891028168099
0.00798104788315372 -0.0526961662947339 -0.136377363560375 -0.0837788146487648
-0.00688406810268949 -0.0542656399131297 -0.159011006544295 -0.0581049585523099
-0.020740455958755 -0.0488962917400551 -0.140095944755643 -0.0576664870147329
-0.024131377093171 -0.0502099960874262 -0.103019417411381 -0.10017573432887
-0.0170868300102894 -0.0563087654952337 -0.0670582305100102 -0.153445593743407
-0.00893649329941523 -0.0689474662718853 0.00998619029466312 -0.180595589624419
0.0247891101422411 -0.0764418436603926 0.0957318162160771 -0.169871775950902
0.0633349007412869 -0.0652620313858601 0.159078726599146 -0.0767318987722972
0.110612472753678 -0.0220165360581619 0.098538476470691 0.0227434829659594
0.111056048074563 0.0423720253606459 -0.0276899957287718 0.0472128435637027
0.0659079013487106 0.0622189544590572 -0.168991371999807 -0.0546983023190137
0.019340379891046 -0.0364107742232116 0.178333484961852 0.0585287639631243
-0.0329147369345189 -0.0336752310719687 0.050480189566735 -0.0558967412903376
-0.0400439163590482 -0.000247753181203787 -0.0945514701277799 -0.0378430359530152
-0.0165407933828516 0.0176312585837227 -0.172741843756539 0.0520034860098463
-0.0054762557598541 0.00798980599669147 -0.124004865263238 0.168943359591929
-0.0132148281387768 0.00556091811503607 -0.0204119440372114 0.199463147888265
-0.0184219273291609 0.00602306766266871 0.0587888943278546 0.16253972389462
-0.027167590402923 0.00428443772776408 0.118958964330909 0.114327739863768
-0.026715845973441 0.00250112697577804 0.146122623318102 0.0631545270958491
-0.0288851670254544 -0.00511122133530087 0.168550796491209 0.0462600612909244
-0.0227796409023147 -0.0225145065640462 0.157361433715137 0.0624523142308128
-0.00982180448413306 -0.0214714353950365 0.132976444298468 0.0672055771385198
-0.00761787130019215 -0.0331903102185578 0.154142879544727 0.0728567435175718
0.00622701965758809 -0.0510936477162244 0.20498464863764 0.064358602115458
0.0430249747218832 -0.034481983524307 0.264402086247539 0.0207977351569167
0.0957484600117683 -0.00280846349847697 0.158851893120623 0.0571192189862924
0.0485693475989086 -0.0259471962471347 0.0375369388916981 -0.0557260315295343
0.0255546056494556 -0.0156221702717919 -0.0973435975665274 -0.0444719210412853
0.0231413271666667 -0.0232270688682163 -0.178494937348994 0.0415890970384487
0.00834931568005365 -0.0493666447213904 -0.134367186539853 0.152198618145558
-0.0257349909322964 -0.0518010626564314 -0.0407890413419486 0.186780231515715
-0.0484002263396699 -0.0407655045100372 0.0412079626703238 0.158325413403305
-0.0686577942548914 -0.0394357827501277 0.100911073587042 0.109830225784874
-0.0696397697149576 -0.0408286557556354 0.127131860045057 0.0495959510267705
-0.0746173299654962 -0.0607092438771943 0.155262571845921 0.0191335100802585
-0.0499114057707537 -0.101685620209804 0.160241465017034 0.0271870230273144
0.00194518560115252 -0.107134902621012 0.148273261993443 0.0428097823702799
0.0552180826210779 -0.104682821539704 0.157208552505302 0.0661041936478191
0.104227988429227 -0.0862402657469383 0.179226476620789 0.0636402223906553
0.139922575472403 -0.0400887738012144 0.21953857803821 0.0238243494357222
0.160769083791946 0.035726261652801 0.113395301915574 0.0383244472373429
0.131041132133557 -0.0119490671526782 0.00893965856235459 -0.0729527904027177
0.0998225585357283 -0.0316940786047493 -0.11062136466105 -0.0624125786097036
0.0669713711910982 -0.0702821550408244 -0.184170882562213 0.0264514470651631
0.0219851428571404 -0.107352070159039 -0.138103135990294 0.124119923776181
-0.0361441011081879 -0.105667005338006 -0.0586272337377172 0.157302506597176
-0.0727740660028087 -0.0834573781685519 0.014784277867458 0.1361352978821
-0.100512200584121 -0.0777330154415179 0.0681845999975848 0.089504097556399
-0.101324438783833 -0.0763271006962061 0.0903380821920302 0.024834264167064
-0.110617876729219 -0.103604068663416 0.123009622820408 -0.0174888910170135
-0.0767797487472969 -0.161817255700623 0.147302304429514 -0.0209014304867089
-8.05718216252893E-05 -0.177561374852779 0.158660249728428 0.00579470248568554
0.0978369632815207 -0.170332137158145 0.159461643216411 0.0557758041308467
0.180752942468212 -0.117597100945934 0.147549574566826 0.0725285743431818
0.213123180395459 -0.0419777740613927 0.14875446988072 0.0307252856300726
0.204225895568535 0.064724135486538 0.0419832343881803 0.00825275785561059
0.199714136254539 -0.00270288091136966 -0.0365684230902456 -0.0956448631489293
0.167451810219428 -0.0540143484946615 -0.128527893731495 -0.0838202972813593
0.10104906263733 -0.120601298049217 -0.183901420826662 0.00707930548258363
0.0268198202103607 -0.157833813090176 -0.136667750100406 0.0839115410025851
-0.0469212580688913 -0.147554037864969 -0.0782010201629874 0.111999119128978
-0.089370919714165 -0.113891609940151 -0.0169989753288277 0.0996842379141007
-0.116565787311435 -0.104246135364849 0.0268007977003152 0.055902561844911
-0.115326364463504 -0.102136342410208 0.0440400460334496 -0.00796809263340133
-0.126001009771212 -0.132162747015068 0.0795494419655919 -0.0562581363776111
-0.0881612062579208 -0.197426262439599 0.121379412271014 -0.0690792240120908
0.000545637826952865 -0.216769562607508 0.160283650941881 -0.0319350621814418
0.127137618698383 -0.206397589285735 0.155970594854532 0.0474718625573859
0.23034760528336 -0.127915591619134 0.108225712034133 0.0869639503116899
0.252554887833294 -0.0314238959774528 0.0638969721730168 0.0362757941335831
0.216468141878153 0.0782868167663164 -0.0457182085774104 -0.021304389424753
0.234891512652438 -4.45300389757176E-05 -0.0951960300629491 -0.107164917829559
0.203423302088508 -0.0754320823197542 -0.147627989039726 -0.0956275003168864
0.113956810506756 -0.1555550852977 -0.173226299559671 -0.016267710661504
0.0218395633835523 -0.185034188932922 -0.132606528324579 0.0312779162676972
-0.0557151539170468 -0.164911740371884 -0.100072903568302 0.0569453914384738
-0.0946818417486656 -0.124742853514072 -0.0531528412982039 0.052681734396682
-0.115279775251664 -0.115284835131861 -0.0176395060296127 0.0138596325113957
-0.109113725764296 -0.115576129843888 -0.00256156755624703 -0.0457980128283039
-0.115746885252572 -0.146238588068634 0.0381921777980778 -0.0936813540803177
-0.0717531042032032 -0.205700750209171 0.0949247175496656 -0.110996763379362
0.0185001632334549 -0.219528464264906 0.155122563778892 -0.0608900275721248
0.148702595668649 -0.198354872829813 0.142987548022141 0.0430964364864398
0.247487548284254 -0.104302428971929 0.0644043362116536 0.0990887458945431
0.253227402059357 -0.00623093290425435 -0.0224711249720528 0.031974145491989
0.191357503163997 0.0755774034843773 -0.136516854542869 -0.0394417186950233
0.222172831699679 -0.000187780850291952 -0.153432091935573 -0.0983151492228393
0.19474571108106 -0.0817414705635054 -0.158876653008735 -0.0928659877940987
0.0997560341644034 -0.156807496716048 -0.152176546404349 -0.0388249197437211
0.0113725566816434 -0.172961315687265 -0.129762697822928 -0.0236992883292707
-0.0551346887397567 -0.151323922689656 -0.124553977954764 0.00259873401391705
-0.0855420654195615 -0.114709825363919 -0.0897575430943139 0.00625703938502112
-0.0973029938550879 -0.108138312138388 -0.0575551433490548 -0.0304400974272243
-0.086153330796413 -0.112087124904266 -0.0404088125318948 -0.0857968564731519
-0.0845314692628242 -0.140905013585057 0.00921697522610717 -0.127869490006297
-0.0352468214275056 -0.184649727313867 0.0794881411003038 -0.143006006564568
0.0481957978517001 -0.1849435958908 0.151653721411967 -0.0767210948993462
0.158870424215965 -0.148253037965618 0.124267937930362 0.0390342485446259
0.231778697163787 -0.0543582719618799 0.0210634463743674 0.0972332636873569
0.216845990824339 0.0252817043539946 -0.096134579968322 0.0135918236442766
0.131765044433931 0.0633648395142383 -0.21032003540118 -0.039938674055591
0.165747373416376 0.00526263696590613 -0.193672154397689 -0.0738940152497598
0.145975384647068 -0.065525462099959 -0.16120154246143 -0.0807203851792339
0.0677353791631828 -0.118791796680587 -0.130354755034719 -0.0560987246172105
0.00359235131467429 -0.123217077853856 -0.13183236104684 -0.0645949790488951
-0.0392522089282967 -0.109925380376277 -0.146269492923515 -0.0367620187648557
-0.0604903682883911 -0.0867929859190812 -0.120145370249589 -0.0314102336685619
-0.0652130263494348 -0.0845036812254904 -0.0882283816193682 -0.0686356104180567
-0.0534756019405297 -0.0917099848074488 -0.0632952654631339 -0.121268975221258
-0.0448380740220033 -0.112937692324344 -0.000322264717648251 -0.157563444004821
0.00214705916565497 -0.137737593177 0.0800673931925466 -0.162041346279054
0.0675719328889 -0.126265285643219 0.151317285337633 -0.0810855078505883
0.146817272634015 -0.0809799551422629 0.106541571293829 0.0320259625869129
0.183187945470768 0.00125560194746102 -0.0119288670578802 0.0776039736424437
0.150230706559081 0.0518063889056584 -0.145873256907119 -0.0169059444353744
0.0476538568766544 0.0498888030470254 -0.251699441441645 -0.0272280029376514
0.0832115111147635 0.0208301721335286 -0.206275408883101 -0.0455869200102401
0.0771713780181085 -0.0280462521541983 -0.157227802785466 -0.0665591528085265
0.0328748073929096 -0.0537389004189744 -0.118596872840758 -0.0631842376479791
0.00568745415705129 -0.0510207307032456 -0.137923281151865 -0.0806758145347461
-0.00891914560908988 -0.0529577736557192 -0.158513013779759 -0.0528364300657064
-0.0219640655997569 -0.0478103777894551 -0.139790293092649 -0.0529517771307163
-0.024725139868354 -0.04772806136352 -0.105099849515097 -0.0952923307890157
-0.0181432850731719 -0.0550394561361126 -0.0710915082890361 -0.148263485192854
-0.0108510791445977 -0.0666112016604812 0.00482711955598653 -0.177313710225963
0.0221966325840651 -0.0757632222510667 0.0905572457334245 -0.168985760876179
0.0608201328371373 -0.0653468974258741 0.15448790284864 -0.0786579679856843
0.107256186837755 -0.0240477387215651 0.0972403021660955 0.0218660180756969
0.109809171659953 0.0393819418547583 -0.0258884452488752 0.0489338091944893
0.0657660740345735 0.0604270516141442 -0.166000407582152 -0.0490591995912447
0.0185293632646601 -0.0369574643913814 0.177944254441291 0.0522603601062007
-0.033409810253007 -0.0323453391848382 0.0468294007773422 -0.0568586048335505
-0.0398889361905966 0.000660719289638988 -0.0955169593329913 -0.0358833144411577
-0.0153860481492059 0.0184464082433082 -0.170419141369651 0.0560810376594233
-0.00563864606056259 0.00787784217511307 -0.117786106385546 0.171367849404121
-0.0125434737551371 0.00580195359178319 -0.0127140342136759 0.197630946724501
-0.0181010356020143 0.0065652515127948 0.062965424905931 0.158976959737922
-0.0275614756714822 0.005632512343105 0.123270380943984 0.108780894324506
-0.0266551445263357 0.00260161116681483 0.147302508396266 0.0573290966068173
-0.0289935286333759 -0.00434478603261234 0.16906112595197 0.0394414607984469
-0.0241448687353509 -0.0219984848673617 0.159263772738055 0.056027620925989
-0.00985760329296935 -0.021190668518353 0.134272993140845 0.0653056615174904
-0.00913708383268408 -0.0330510947729233 0.156632033233079 0.0684918185173629
0.00467374300015333 -0.0500410528134932 0.204557304317246 0.0574682840957676
0.0424626293054976 -0.0353481872256755 0.262089972100718 0.0128039432113055
0.0955367943145567 -0.00544708897305988 0.159089617274721 0.0513192328318133
0.0470701891538117 -0.0280833229269492 0.0340042880234619 -0.0567525245984353
0.0248294014835549 -0.0168857325415089 -0.0987028520708803 -0.043005078218739
0.022188340630281 -0.0237127530743044 -0.176257288574586 0.0465260747619984
0.00562824417233297 -0.0496176775215893 -0.128351958259362 0.154164457510714
-0.0281247650818338 -0.0498202263735213 -0.0330017303869945 0.185666730987593
-0.0505100845709859 -0.0383437595100507 0.0457435459769959 0.15495891447495
-0.0705268234510963 -0.0362953690687691 0.104495070242167 0.105222259676742
-0.0712827841399776 -0.037895215071519 0.127407706216671 0.0444279120267292
-0.0765050934393811 -0.0580028436795256 0.15436164009895 0.0123606912699048
-0.0544858344294103 -0.0993367508376495 0.160838038649127 0.0209689586069175
-0.00198810608760635 -0.107420426610541 0.148212720750934 0.0397459195777997
0.0511719794281647 -0.106698900196841 0.159233320820743 0.0621090079968888
0.100792658294845 -0.0892100295216549 0.179418167342858 0.0574873984725544
0.13836410303868 -0.0439570265266495 0.217821451505818 0.0175067470923278
0.161542134489402 0.0297646099139816 0.112429087215548 0.0346877915255037
0.12921586934893 -0.0172517445949469 0.00531421457717484 -0.0723958618551686
0.0984770669096028 -0.03605329161783 -0.112542436773507 -0.0611150637884469
0.0642209111902638 -0.0719150370729105 -0.181903496730351 0.0309912818113753
0.0168654380211032 -0.107383373189652 -0.133054395544733 0.127428275874349
-0.0411936175493615 -0.103383601488787 -0.0531687655608861 0.158000435374381
-0.0761120632193963 -0.0798903290457452 0.0185765328403761 0.13456332126287
-0.103198634183574 -0.0726997378201745 0.0711398238158748 0.0861443386960712
-0.104129489501092 -0.0729220100709863 0.0901585327175627 0.021587262921946
-0.114392192161632 -0.0984498182879942 0.120397871796701 -0.0220970429536462
-0.0836481963880658 -0.158040447504649 0.145080988075504 -0.0268956007008055
-0.00665282483770925 -0.176819301181053 0.157672583358746 0.00193276636433955
0.0901227563170595 -0.173103754152211 0.161619191305591 0.0523928115969919
0.175199329880897 -0.123573137016062 0.147832058263594 0.0686274868680433
0.211632157821769 -0.0475307891725593 0.147573631709837 0.0259228720030443
0.205942943897716 0.0572968419421539 0.0413055313479611 0.00723457663397588
0.19742698161826 -0.0104737461542721 -0.0398214630469297 -0.0932376989240695
0.164529637276113 -0.0608996589085167 -0.131859495667042 -0.0817318090798338
0.0966978949813209 -0.123090097262929 -0.182868170785915 0.0118793520429159
0.0198557980000216 -0.157887042422551 -0.133740326868603 0.0863364929459547
-0.0539304096729615 -0.144212494489351 -0.0743273525037498 0.114185811604835
-0.0943947583922887 -0.109783018749449 -0.0139038858070078 0.0989846985993079
-0.119924369255477 -0.0994151803885611 0.0286339512271057 0.0546865197479274
-0.119011717110715 -0.098265207625905 0.0430272132425961 -0.00843235699684236
-0.13065175065369 -0.126730702506366 0.0764464602015295 -0.0588209744444818
-0.0962406619768428 -0.192819347273079 0.117670507640549 -0.0735603018894477
-0.00730691099650439 -0.216495248067246 0.15757232658404 -0.0360217859218762
0.117505537775328 -0.210387838851794 0.157254061484513 0.04400873366281
0.223282610495182 -0.136124443368046 0.109589378149419 0.0849749075992143
0.250508661564655 -0.0381145048825197 0.0644153004894416 0.0339580291757341
0.219060532285764 0.0706446107797138 -0.0474644597903943 -0.0193110457889314
0.23171754068209 -0.00924170188324537 -0.0981534835452336 -0.102789969102693
0.199996697730918 -0.0832285226672976 -0.150607215660773 -0.0933221798775143
0.107518557997012 -0.158378301232339 -0.171737127106667 -0.011995617195076
0.0133186692446144 -0.184034624822853 -0.131993844903937 0.0333386515451678
-0.06259726710816 -0.160744051182675 -0.0986994058398454 0.0600648082251878
-0.100382430877304 -0.12081838589539 -0.0512803352001389 0.0538775042106703
-0.119377459305008 -0.109849717987176 -0.0171251616665641 0.0148179865491722
-0.113763570623873 -0.111401138983809 -0.00514720093200065 -0.0442261030485909
-0.121139650589468 -0.140884441296732 0.0332867835224358 -0.0941155185390782
-0.0806494068462499 -0.201559760256676 0.0897990584364692 -0.114385311315151
0.0106648742894007 -0.21899961181406 0.151485716066873 -0.064664271366078
0.139633025690433 -0.203290786000908 0.144393116976053 0.0402195503964332
0.241569643168293 -0.113650543417709 0.0666794721300122 0.0981276771109784
0.251817987013927 -0.0129206772758021 -0.0209436974162993 0.0322338124997178
0.193486469384696 0.0681557627402607 -0.137769177744062 -0.0341186139965854
0.219714525012985 -0.00810706073415633 -0.155611566397227 -0.0929486877234406
0.190065365339066 -0.0888454975735509 -0.161933572719783 -0.0896459951998893
0.0936701518678796 -0.159109269777726 -0.151805168844748 -0.0358215436375463
0.00408333660659731 -0.171527806910758 -0.13144088658874 -0.0211705000132169
-0.0612966444770864 -0.146974231148795 -0.124448209865028 0.00774595953688312
-0.0903993383465205 -0.11139410736835 -0.0889400077757448 0.00873537476888932
-0.100305916529421 -0.103174822651902 -0.0590669042601534 -0.0278093679036178
-0.0903331300254048 -0.10917977340012 -0.043943743220267 -0.0819995778063721
-0.0894725128832959 -0.136226702271976 0.00414961226293627 -0.127589602329881
-0.0431031478905297 -0.181282213604105 0.0728769350248332 -0.145718844328295
0.0409393841434611 -0.185005236734245 0.147364301263711 -0.0806382469624842
0.151633065755537 -0.153081007094418 0.125113016927626 0.0373928867966544
0.227757912573448 -0.062401232152858 0.02450245331506 0.0973915239835444
0.216306147097473 0.0207420490368307 -0.0944839864422897 0.0162431081249553
0.133832959908627 0.0584591840835351 -0.210306042600624 -0.0330109954243228
0.163935039088841 -0.000870691525305712 -0.194083749277489 -0.0675522794412511
0.142634578689067 -0.0706246899206087 -0.162981143769854 -0.0767849721934459
0.0631917578042329 -0.120225919340696 -0.131579895631973 -0.0538058064741451
-0.00164871870168246 -0.121778385111877 -0.134689260641286 -0.0619939335100089
-0.0440291180063872 -0.107164946330322 -0.147407429954406 -0.0306223873603942
-0.064758272859154 -0.0841861271081001 -0.121304455600426 -0.0273121336213387
-0.0680020980765359 -0.0808257462391503 -0.0911407380212971 -0.0645080990188452
-0.0562330959544626 -0.0891719032063062 -0.0683943933217366 -0.116921677407955
-0.0489547682776932 -0.109979295073461 -0.00630646770345984 -0.15675717722349
-0.00344828852725311 -0.136002762675586 0.0738275433875928 -0.164207509484926
0.0625955479412268 -0.128199022456331 0.147264502598035 -0.0857740397790027
0.141926386450058 -0.0851929308487969 0.107480947593682 0.0307257494197662
0.181138330811843 -0.00479227439913013 -0.0083806200242564 0.0791593149289695
0.151214086501478 0.0476313726619897 -0.14401437544822 -0.0125488058580555
0.0496027598554585 0.0484964433565701 -0.250707692047849 -0.0199024315946045
0.0829227449782458 0.0178280634357252 -0.204940848850709 -0.0393196894068677
0.0746681123104793 -0.0308628202830908 -0.158732506029693 -0.0625664063415522
0.0308307985705859 -0.0541011528698722 -0.119190697407307 -0.0621817459154335
0.00377853528084785 -0.0498850793113442 -0.141639354238262 -0.0764077082928625
-0.0113037580071123 -0.052357253852244 -0.159803242711596 -0.0459909938040293
-0.0240899060290404 -0.046819453640263 -0.139964907890969 -0.0486415159519392
-0.0258706132277016 -0.0463947080717483 -0.109748682015137 -0.0909600103231285
-0.0201954817415916 -0.0544018574565619 -0.0766205916404351 -0.143924910298226
-0.0126669217040031 -0.0651145466074449 -0.00113231138416531 -0.175899494859522
0.019432975040787 -0.0752476880717594 0.0834938255750304 -0.171081412242688
0.0582533366242429 -0.0670153798225965 0.150042156479319 -0.0829637963544948
0.105298402193674 -0.0271833777176366 0.0976079218093017 0.0206748884505087
0.110339642596713 0.0351926184439902 -0.0229162408240771 0.0510065398390446
0.067566843682037 0.0581061310491574 -0.164508752394196 -0.0439431503682024
0.0163144407992033 -0.037131567865003 0.177036411553494 0.0417793743446774
-0.034470637739013 -0.0293904560391432 0.0426440935227573 -0.0577576335509086
-0.0388621227036752 0.0019413627125148 -0.0956822875198847 -0.0318543193739435
-0.0139710589516385 0.0190315135584575 -0.165366118735947 0.0622850834797695
-0.00502053538744315 0.00764788242093823 -0.106046108038294 0.174120437977314
-0.0122181875077986 0.00633388735082637 -0.00127872828952465 0.193265975121041
-0.0184182847437078 0.00789408780983966 0.0702445085114206 0.152991280481217
-0.0267857139145265 0.00694240866452164 0.127006850272935 0.10036719514217
-0.0269185233154348 0.00400750262225979 0.147876900627199 0.0476394409718398
-0.0293373674733033 -0.00369510746607122 0.168369734213818 0.0283964329758935
-0.0249859612042218 -0.0204996604578042 0.160269646604778 0.0472833579874952
-0.0113320821478986 -0.020747722099581 0.136328855123676 0.0597789729238053
-0.0109825704402016 -0.0322096206993065 0.159186832745769 0.0603422285280935
0.00234038498304501 -0.0486940354534341 0.202757630987815 0.047258550510139
0.0409746072093611 -0.0365847492407724 0.256458865432211 0.000675704069602107
0.0939565641655402 -0.0106358107781603 0.158205554269026 0.0420807947670107
0.0442760390797723 -0.0301780851832189 0.0299136404821001 -0.0565747271713836
0.0235125476468413 -0.0189632253366601 -0.0993842593575894 -0.0397274119213069
0.0208802606291532 -0.0244952117732973 -0.17139277150462 0.0524519394416528
0.00261577489470404 -0.0488439465948701 -0.118416257260032 0.157779801117621
-0.0307460991122547 -0.0470027254024441 -0.0231687881194352 0.18329426281365
-0.052374044611937 -0.0342789639215543 0.0522411413905105 0.150167964934243
-0.0716479879984218 -0.0313168444408556 0.108208008860122 0.0973576634117751
-0.0729538655421425 -0.0341395298224866 0.127580770659271 0.0372076042072193
-0.0789353238333808 -0.0530980158743154 0.151779096164097 0.00388289527952647
-0.0602614265725367 -0.0945624447462976 0.159437733759162 0.0122641802636324
-0.00816838749105031 -0.105789491436537 0.147912852244426 0.0334552760656017
0.0436930234028159 -0.107415839544837 0.160801897435825 0.054059791676436
0.093862885197302 -0.0923361460261524 0.178324812304208 0.049581075019864
0.134982496870956 -0.0495062867256204 0.212875645845502 0.00744199081641788
0.16123484099774 0.0203309581541557 0.111371721130118 0.028624382226827
0.124866266527681 -0.024091809677192 0.00122095468654311 -0.0711240594329635
0.0949402358877807 -0.0417165807430607 -0.114287696808651 -0.05692092288221
0.0590466052360052 -0.0742000524290671 -0.177552509446377 0.0388103660354302
0.00956977866714608 -0.106125809279328 -0.124496688823608 0.130682738458954
-0.0470669432395025 -0.0983653222053711 -0.0441365156017318 0.157086789117514
-0.0803471235585505 -0.0737394066627002 0.0252811090904638 0.130935368100637
-0.105574129884395 -0.0659151926474577 0.0749665179036457 0.0810656632099457
-0.107460241285363 -0.0666353049677375 0.0893634080392545 0.0174431655439443
-0.118688606438431 -0.0913664975153395 0.116438949931304 -0.0289597712147437
-0.0921143636080273 -0.150424893229887 0.141557975496197 -0.0342367095320226
-0.0164166873429341 -0.173393215263491 0.154988094068809 -0.00439881581247802
0.078702778973774 -0.175177315590636 0.162736895264878 0.0446338005989065
0.164524572311531 -0.131060231516264 0.148023961347326 0.0613908245991139
0.206927498367168 -0.0563744089137585 0.145252917635253 0.0188700720271922
0.206200749700679 0.0451888807298196 0.0402843193220313 0.00582020877244566
0.192528583120881 -0.0217841264322731 -0.0443222629839577 -0.0888044368284909
0.158540105463948 -0.0701013754726558 -0.135106041965878 -0.0765181331348999
0.0882426436219125 -0.12655610421763 -0.178526926403273 0.019421137063045
0.00971941408130761 -0.155646393911654 -0.128149596536106 0.0909845463941866
-0.0619054010209958 -0.137987092312236 -0.0678382570026363 0.115989987073631
-0.099928414440251 -0.10236776201909 -0.00889643986258827 0.0979774692312067
-0.123799988280709 -0.0900450873322814 0.0314668220432458 0.0522016353608217
-0.123288198583234 -0.0908772965505895 0.0409312910046619 -0.00960241285417524
-0.1365475576427 -0.117621836519254 0.0708574942160509 -0.0618470479279025
-0.107014245429472 -0.183725091636254 0.111491064021691 -0.0792901183790952
-0.0197835789898086 -0.212595957719123 0.152025769958418 -0.0419409414759694
0.103067663801892 -0.213387559507276 0.158475929007213 0.0377220297231847
0.21095878280468 -0.145761020327118 0.112090061627442 0.0799762316259195
0.245582600298369 -0.0486854624150694 0.0645978729091582 0.0307751541645421
0.220034216171413 0.0565313141043608 -0.0485212336170734 -0.0157795917996688
0.226387508164321 -0.0214498058498288 -0.102203859753021 -0.0953671345919123
0.192219804484946 -0.0936302995298252 -0.153699396805573 -0.0866163536628679
0.09733317764873 -0.161829324614461 -0.169262495944932 -0.00502843254935959
0.00246780038439305 -0.180709804061619 -0.12993109009809 0.0378901679988257
-0.0719889856136262 -0.153634242740182 -0.0946692063444008 0.0646024602379534
-0.106397105766761 -0.112433578379577 -0.04799425424416 0.0551256203794661
-0.123163370042031 -0.100854244543284 -0.0161009983706204 0.0156304792601671
-0.118098189250108 -0.104411242765425 -0.00820537816600734 -0.0418214753114766
-0.126943089202974 -0.131582856428223 0.0271136635717007 -0.0942802227941985
-0.0916192032343458 -0.19291038054465 0.0819163305897641 -0.118001613314179
-0.00183427556534254 -0.216225917999682 0.144840922383928 -0.0701578982069801
0.124718449648695 -0.206882041286523 0.144853648402319 0.0342716458473754
0.231062361085774 -0.124437223609302 0.0702792033289082 0.0950788801284401
0.247890729154164 -0.0243037642997258 -0.019081095097079 0.0332493451162905
0.19482324978899 0.0569833083808509 -0.137336831687108 -0.0265131526863625
0.214232220226918 -0.0201361779176584 -0.157195310440281 -0.082935599500869
0.18234508400012 -0.0983841809751049 -0.164448736331043 -0.0822996968856137
0.0832392864862796 -0.161533128842735 -0.150934522329396 -0.0296681195107659
-0.0061009914176976 -0.16831862259633 -0.132723205868454 -0.0155961078978101
-0.0693189254032414 -0.140492092721079 -0.123085492358554 0.0149135987246785
-0.0966876203687237 -0.104220314072749 -0.0873493958466926 0.012946702843272
-0.104444322817684 -0.0953397527237572 -0.0600798438053136 -0.0240979035202505
-0.0952621673489571 -0.103047171464497 -0.0485170317804329 -0.077402909965018
-0.0956507998061999 -0.128661722592375 -0.00355822551888482 -0.12518065259374
-0.0533044339008799 -0.175364139697685 0.064621910432069 -0.146581338622129
0.0303465713572443 -0.184275142871742 0.139547482220346 -0.0867383644619267
0.139532180116793 -0.158654538440333 0.125828374441798 0.0330270925155971
0.22026748958879 -0.0733382341822593 0.0285824788972068 0.0957575546075562
0.214256093263143 0.0106162432319866 -0.0915291767981636 0.0206775662858806
0.135108039586634 0.0498931286667967 -0.209229609391005 -0.0221573835872554
0.159971949339917 -0.00970140917150529 -0.193245356444767 -0.0574123717405517
0.13559434986421 -0.0767406249325732 -0.164577793485456 -0.068843832488213
0.0556202648822014 -0.121056701104414 -0.130970874929497 -0.0484471568304019
-0.0081193674510338 -0.119174684084334 -0.138026069014542 -0.0557918932686427
-0.0499989548811916 -0.102225329688253 -0.146867492409654 -0.0216420459839656
-0.0691585757308319 -0.0793351068218323 -0.120695030098522 -0.021091753983123
-0.0708315661485691 -0.0750426324565857 -0.0941734735322523 -0.0585515961314279
-0.0604511434534062 -0.0848261550562313 -0.0746669058284055 -0.110244188253253
-0.053987791645506 -0.104507350280822 -0.0151161527696422 -0.152784686328754
-0.0114941506216177 -0.132810766201013 0.0635475067914751 -0.165521980938709
0.0543952704250237 -0.128624384247959 0.139683611730137 -0.0910504070859935
0.133865099363702 -0.0908367749671514 0.107661003556679 0.0269378486793545
0.176911308064328 -0.0147046168746435 -0.00367981892773033 0.0796569774874281
0.151296353018743 0.0400602917277522 -0.141728019322088 -0.00461265259588964
0.0519358179741454 0.0450243941119833 -0.248000549446234 -0.00763040365796877
0.0811745511497884 0.0131123777679916 -0.202487492972426 -0.0301241836459397
0.0714254093721892 -0.0339030808098658 -0.158650602159036 -0.0543917701720521
0.0272013495797817 -0.0542973702748749 -0.120931215023259 -0.0574724534981681
0.00131488693346843 -0.0489709116391252 -0.14494436565342 -0.0697138056522592
-0.013959281402097 -0.0506825517864063 -0.159571041405063 -0.0362914222106356
-0.0272527338782008 -0.0445597385822986 -0.140637081573708 -0.040126753401953
-0.0270287813329677 -0.0432761927339215 -0.113266190896168 -0.082904998944011
-0.022476297618599 -0.0521181394126017 -0.084101908699318 -0.135288460362628
-0.0159030964172682 -0.0619646255672413 -0.0106495535378358 -0.172685847181749
0.0149370616019776 -0.0745526116982358 0.0732058044910341 -0.172391697161187
0.0540137054438787 -0.0686760036217284 0.143159240320009 -0.0886589463268907
0.101065174170424 -0.0325222623569574 0.0970853582748831 0.0178222388977445
0.110470888674463 0.0294037754856829 -0.0190698987121213 0.0520654232850562
0.0693187612045654 0.0542333926159064 -0.163279679234799 -0.0347822481919878
0.0138965134574617 -0.0360091336172317 0.170215878870515 0.031185629569017
-0.034844865399562 -0.0260006603955142 0.0378908529613434 -0.0572354993354293
-0.0374913813670231 0.00347869996987893 -0.0931918996807943 -0.027182363877574
-0.0120455860455276 0.0186040768082484 -0.15569187104293 0.0669389645141431
-0.00495807639357649 0.00745812230449055 -0.0925573294380573 0.171208756066889
-0.0111455351479062 0.00688134719033794 0.00810123887762237 0.184502658270949
-0.0172165807787158 0.00934530098578956 0.0744775189688742 0.142948042846583
-0.0257000804132615 0.00869232023043061 0.12678242682346 0.0887771902944017
-0.0259382617055913 0.00541469691225871 0.143640780241899 0.0376885176396216
-0.0283747830819564 -0.00218663505994102 0.162017237841117 0.0179972181329178
-0.0256565536343129 -0.0181546676238746 0.156256145457992 0.036952392995179
-0.0111650244248908 -0.0192475951766457 0.134195099033637 0.0529947819110592
-0.0122484165047082 -0.0302821843393329 0.155616905264559 0.0505952065180435
-2.02418760886459E-05 -0.0460994947645504 0.194960291727956 0.0362747143031953
0.038934559861999 -0.0367415994027404 0.244374906644613 -0.0107305363613756
0.0900479583840406 -0.015026322403634 0.152614840166471 0.0331905313003525
0.0396953284932453 -0.0310856808847872 0.0254928020421114 -0.0554168194054983
0.0205084040192405 -0.0199329123863805 -0.0978746177143584 -0.0341064579886578
0.0188880607271031 -0.0245328476898822 -0.161453689082874 0.05747176936902
-0.00102335075254732 -0.0463136399929064 -0.105504603674242 0.155608665128678
-0.0323847853430753 -0.0430721089842395 -0.0129569816807415 0.175867087276686
-0.052322133104921 -0.0292028050226878 0.0571656268797653 0.140715337081956
-0.0704479231214241 -0.0259450272799563 0.109521392508272 0.0868932386067761
-0.0726280924925106 -0.0292164319038996 0.123500974309123 0.0289254396955224
-0.0786621902999798 -0.046653521263318 0.144956083865944 -0.00528757149508698
-0.0632267729408099 -0.086800056787615 0.153669802270474 0.00325461452792272
-0.013360592657356 -0.101278125275891 0.143922908406087 0.0266500434723167
0.0356229853651106 -0.104978731981975 0.157713394507027 0.0451848848558162
0.0849904046878103 -0.0931327235019362 0.17163179948656 0.040075350898508
0.127932287017454 -0.0532199737781619 0.20288763188357 -0.00230696189472277
0.155511620129508 0.0108828725476702 0.107369361250972 0.0231926123405524
0.117373563713548 -0.0295139491020211 -0.00226092283816997 -0.0672435286520457
0.087431911270456 -0.0453410422205473 -0.113373486263817 -0.0511800145076835
0.0528532152921874 -0.0741228843035392 -0.168473616335461 0.0444865092373684
0.00279718958251897 -0.101543296496614 -0.113666036450713 0.130896005057566
-0.0506843187533204 -0.0910733886814106 -0.0346995334308106 0.152393415684041
-0.0815206961585545 -0.0660133891788901 0.0303616276983415 0.123598206013089
-0.105221161235857 -0.056675517092012 0.076575246544069 0.0732555505429951
-0.107029998936387 -0.0583197700272227 0.0858876425523136 0.012495266382065
-0.118582831489193 -0.0809390342098108 0.108972070213663 -0.0340634497629729
-0.097777368293659 -0.13787201711003 0.133956047746 -0.0408235477566371
-0.0258990502203135 -0.165546211674253 0.147431100101039 -0.00985280520211809
0.0647686607746439 -0.172141959492345 0.159300059938207 0.0361878195599958
0.150677031138911 -0.134048918588743 0.143639346680972 0.0534029024535549
0.194877124729014 -0.0630795883695409 0.140047925352524 0.0119095543076535
0.200214796339796 0.032317234895316 0.038896728971019 0.00434057278075677
0.18168886172473 -0.0303207145050351 -0.0464369078610279 -0.0820063710037
0.147157557253415 -0.0762121759089528 -0.133386412620772 -0.0690618966151932
0.0774228422290853 -0.125821943306089 -0.170468453600696 0.0255626261289176
8.83077546336808E-05 -0.148475216572557 -0.119273581958846 0.0913445971686975
-0.0673031456883057 -0.127396435271341 -0.0599353405411266 0.115226010327056
-0.101898246762688 -0.0918917728372047 -0.00331355410352821 0.0936761595439234
-0.123834437530627 -0.0791979701847869 0.0333330197699798 0.048791470179475
-0.123751473962506 -0.0809360635228598 0.038051546305952 -0.0101798323290367
-0.137513380723288 -0.105062564319058 0.063833332929625 -0.062128958485456
-0.113561734742728 -0.169113163324114 0.102852761777679 -0.0821049842159705
-0.0307983577167707 -0.202591543394636 0.143636977060127 -0.0455541069690083
0.0863281917233073 -0.209599896567779 0.154118226022136 0.0296103189384349
0.193614945639978 -0.150627988502239 0.110642307025048 0.0728765055501921
0.233559220617341 -0.0584444469348213 0.0630397123543706 0.0264809080511095
0.213977343329051 0.043565228727206 -0.0467833758974343 -0.0116594895225141
0.213777073729096 -0.0328616403231795 -0.101807060551352 -0.0856658241784799
0.178096935493166 -0.100583534049584 -0.152410172185502 -0.0773599803994615
0.0844697559654794 -0.159761375087298 -0.161585686261737 0.00117586510841993
-0.00814770225492334 -0.172255389925147 -0.123855665464481 0.0412826708341404
-0.0776574382678131 -0.142535829602724 -0.0883179065058906 0.0669080519682656
-0.108588589235447 -0.101549153329829 -0.043333457056535 0.0552996641353385
-0.123512398515828 -0.0891882865995267 -0.0145325759662193 0.0155933850958926
-0.119921540280643 -0.0936728717809509 -0.0102627183398923 -0.0388236352601938
-0.129350289162966 -0.119211631672103 0.0201242826971817 -0.0911932396728594
-0.099323908335641 -0.17899160891901 0.0716654495314658 -0.117105718918094
-0.0141569485629776 -0.206562268517243 0.134663448375087 -0.0728742996063054
0.107579040428255 -0.203816831253093 0.141944753520968 0.0276185124389267
0.21341074034891 -0.131560006963279 0.0723467663828668 0.0893903749231218
0.236567084056998 -0.0339395175290384 -0.016706743455285 0.0330302772163066
0.189773124407975 0.0438371149296884 -0.133264067638462 -0.0180507651635422
0.202511494237626 -0.0297940457846409 -0.153328311370888 -0.0715491358657652
0.168202499216013 -0.103904863749171 -0.161613075269694 -0.0728178782407127
0.0710806495349405 -0.158726653457266 -0.145381426487822 -0.0234697045152557
-0.0150597487743045 -0.159680190327638 -0.130061316988661 -0.00996279927855658
-0.0745789383568165 -0.129714296993143 -0.117745654734934 0.0208287642461425
-0.0987754663199521 -0.0936727579521244 -0.0832805124918773 0.0168487789207895
-0.104909508679675 -0.0850713750180232 -0.058916157659851 -0.0194563533823204
-0.0975220951112394 -0.093706946751862 -0.0515246504973551 -0.0702855590124206
-0.0984704862030338 -0.117000069436303 -0.0104721479756819 -0.11922639057475
-0.0614538078893624 -0.164609116837387 0.0528425855497421 -0.144253908152087
0.0189252780620722 -0.177564125266847 0.129138449867519 -0.0883103844857299
0.124117725558034 -0.158112526935162 0.123245651458816 0.0266777796015669
0.205284548501987 -0.0816188915954068 0.0330174544462844 0.0921742874729073
0.206262784759287 0.000210480594114535 -0.0864737324878601 0.0244164801202284
0.13240393205113 0.0404617098415813 -0.201637783420401 -0.0110980252748487
0.1515838836973 -0.0169904934941088 -0.187146402337197 -0.0457198125736989
0.125590814701489 -0.0809014431344614 -0.16093409764607 -0.0592765157571566
0.0463456150993141 -0.118488509933872 -0.127921158483569 -0.042394488964005
-0.0146205438903006 -0.112875517894755 -0.137211108654507 -0.046945780008958
-0.0537248808307272 -0.094428858748364 -0.142217843325029 -0.0120941052918762
-0.0709789291557455 -0.0716184728344177 -0.116931811333402 -0.013999124165269
-0.0712299731133447 -0.0676742832713228 -0.093561851769055 -0.0506138516642135
-0.0624890130627455 -0.0777174219573222 -0.0775563582087081 -0.100818765188171
-0.0566607490037085 -0.0962715258743353 -0.0226499336340362 -0.145298811969449
-0.0180635201486381 -0.125551898117875 0.0514378874897649 -0.161992680772399
0.0449284151085443 -0.125973817384491 0.128507229724734 -0.0934298640151923
0.122014661899683 -0.0930450914982473 0.105185271048217 0.0226931030379528
0.168478176388762 -0.0228769503758164 0.000790892253608209 0.0774004584633863
0.147066271087119 0.0320271863573712 -0.134942630233969 0.00196303945255562
0.0521475130340275 0.0399256513617291 -0.237703462781679 0.00340667604942614
0.0777940628707972 0.00890693262368523 -0.194636486965578 -0.0200818761147952
0.0657779483933175 -0.0359445023192129 -0.154503302012623 -0.046303883679691
0.0229956634508941 -0.0525811808051239 -0.118704488401564 -0.0520482132577509
-0.00112071649266873 -0.0460889502689404 -0.143747497122526 -0.0600657994888843
-0.0168608865916853 -0.0470953525199073 -0.155356542402418 -0.026390852206573
-0.0284917128792557 -0.0406994943074546 -0.137557431974305 -0.0312296773543408
-0.0274430498376986 -0.0397666279277023 -0.113229737401721 -0.0724536265810678
-0.0239245742911194 -0.0479878178146991 -0.0883241942500254 -0.124367163740574
-0.0179427140577554 -0.0580877674046421 -0.0191461174954049 -0.164382911011365
0.0104658123225208 -0.0721549084101783 0.0609355543014757 -0.168672938156428
0.0475475153386991 -0.0680693418403146 0.131966379477321 -0.0918548822327897
0.0944571269805639 -0.035031308351897 0.0942840499328412 0.0138343485342492
0.107070480546066 0.0222631998699591 -0.0149148501998789 0.0518709219248296
0.0690320220775519 0.04870462502702 -0.156189861546477 -0.025717705154844
0.0105793178534417 -0.0370464798439989 0.161643666162315 0.0127527119573675
-0.0351541672946019 -0.0211258018762415 0.0300159336513763 -0.0573255395817691
-0.035316540004385 0.00781348867525819 -0.0895511835093115 -0.0154549715958685
-0.00941391542386803 0.0182416649447767 -0.13723109535677 0.0815157059759812
-0.00459712317640496 0.00700635602167241 -0.065213321097242 0.170845309073822
-0.00959490080025526 0.00769328518069064 0.028486228275433 0.170717893806383
-0.0143684967048157 0.0110312822567448 0.0871130009975884 0.127688787715831
-0.0228440077448165 0.0107406863103881 0.128217754759725 0.0667443327743487
-0.0242988263974749 0.00725093337015371 0.137665380299953 0.0192308569194218
-0.0272391835178575 9.41973368672432E-06 0.15190147117276 -0.00275918833344463
-0.0272733266596207 -0.0147255524282142 0.150609616540316 0.0181476241734602
-0.0131808548455965 -0.0183228977883332 0.132922064056913 0.0360108107411563
-0.0154596407974515 -0.0276771255231029 0.150875094288697 0.0300344864877845
-0.00544511028049578 -0.0440307257999017 0.183174513728778 0.0102492880193932
0.0312978646185784 -0.0415349164906008 0.228144650037045 -0.0375276429084441
0.08498493444422 -0.0270327618552151 0.138507514423747 0.0170847032308627
0.0335591616055015 -0.0328640893210139 0.0168132630217872 -0.0534944862867503
0.0157878470419486 -0.0209263114192102 -0.0974711400661852 -0.0209517642799087
0.014626566684276 -0.0243818753715041 -0.144810934440645 0.0750479705550713
-0.00726129531996417 -0.0427935591735281 -0.0801584636311705 0.15957376225602
-0.0348020351281822 -0.0360770162023909 0.00726693734307905 0.167542315404101
-0.0510391346068676 -0.0208968080162588 0.0693901487653371 0.128293797446299
-0.0687216577511073 -0.0155343024293178 0.111431389196408 0.0676877814429529
-0.0711760498739716 -0.0192853878666843 0.11675630785126 0.0134999151433488
-0.0791371431693133 -0.0346271303550362 0.131059760258268 -0.0218555773172027
-0.07072560933693 -0.07259967990224 0.141785445762699 -0.0132441940030953
-0.0242262664874292 -0.0930837555237895 0.136229974846053 0.0095514148427482
0.0188173469109697 -0.10298628044068 0.151637845875279 0.0222174332789515
0.0662406064572393 -0.0965752002185373 0.164783373754977 0.0126874599249646
0.110523142569143 -0.0664355519356857 0.193275208361405 -0.0256391728933407
0.150790137284991 -0.00998995375326303 0.0900113213295102 0.0108585726046381
0.104863962528398 -0.0399714109320166 -0.0128273893669417 -0.0615818813046634
0.0746844476625374 -0.0520514955304428 -0.117022541573356 -0.034610375265834
0.0413607553512893 -0.0738028320462271 -0.155134730494374 0.0641222660254873
-0.00943229182434193 -0.0934807080881883 -0.0926340930486448 0.138234066990627
-0.0574692908439929 -0.0777057908070314 -0.0172429291833757 0.14974745681229
-0.0825772892281854 -0.0508069844645414 0.0405686329753173 0.115234908828652
-0.104711357998895 -0.0398114656457649 0.0786189275377753 0.0591770698584918
-0.107552945540949 -0.0421330819879955 0.0794998074974581 0.0034647785228934
-0.119473138645151 -0.0607258761439528 0.094291149574671 -0.0436335401953843
-0.108508925721818 -0.115854520142148 0.116726571033827 -0.0512238627077205
-0.0435686554730947 -0.150680548294193 0.133832801492907 -0.0263591664906539
0.0367688154434117 -0.16741341730895 0.150825678597545 0.0118687939161467
0.120977175800121 -0.140802558718554 0.14238875065014 0.02521620521739
0.17124100316447 -0.0827649297831192 0.138118622754836 -0.00534021241396043
0.195825547825786 0.00508063373574036 0.0192416719434282 0.00103690515801402
0.164403442910518 -0.0474565486910049 -0.0577020682439699 -0.0692094307248148
0.126539068464827 -0.0876065379770697 -0.141231452383602 -0.0483138721533837
0.0585544962191387 -0.12433476896574 -0.160532459488583 0.0470841498091819
-0.0170085785111521 -0.13745865110842 -0.104443653756625 0.104716301448057
-0.0771155763083414 -0.109641000712518 -0.0452187857230502 0.119790795237942
-0.104106689367751 -0.0729728482733181 0.00398390083727879 0.0919451589188685
-0.123856605402116 -0.0586894670563913 0.0354702667384173 0.0405893327645341
-0.12640197207187 -0.0602830584760607 0.0318824520960775 -0.0122247064448908
-0.139171082705396 -0.0806768255846407 0.0470713240744926 -0.0649000892503985
-0.127168187732343 -0.141631490774184 0.0816033332619062 -0.0863307097670623
-0.0530153459050219 -0.183862804583211 0.124370746943114 -0.0601688430261437
0.0512269070814178 -0.204292138877283 0.145373182683498 0.00517698777392152
0.158958848420849 -0.161175836613601 0.11579197703453 0.0454868021434594
0.206684475383858 -0.081593811871236 0.0690844740956237 0.0172128265745732
0.21035989904136 0.0138413951987809 -0.0632887878918894 -0.00518142269693079
0.194972253040473 -0.0530483117224086 -0.110764050908077 -0.0657949196061051
0.153089633026211 -0.113863830830163 -0.160915720082938 -0.0532074351238254
0.0609864334280797 -0.15679379313456 -0.156880884779872 0.0237031644816379
-0.0269724741847799 -0.15879038844845 -0.115865495278339 0.0594805308412321
-0.0883307548040346 -0.122268082905033 -0.0778916108887023 0.0795682778376552
-0.112216379619479 -0.0814160548295389 -0.0386451299286808 0.0601494799582894
-0.125523759442812 -0.0684042584372776 -0.0129006373772955 0.0162898097920023
-0.123765339956451 -0.0725032620778595 -0.0171901081640579 -0.0333844528172536
-0.133431980382514 -0.0930769240139814 0.00282327856810305 -0.085811831222239
-0.115514474520385 -0.151431216538339 0.0482799733192823 -0.115835508779899
-0.0376555908785049 -0.189307083819551 0.112935306839166 -0.0854281899766163
0.0719092051927412 -0.202081489848681 0.133553265562684 0.00464692217217475
0.178979203609147 -0.14476858555542 0.0834503651473743 0.0660360822548758
0.212270304410783 -0.0593148455422764 -0.0046273418398052 0.0328571600331681
0.186749376984095 0.018394924220688 -0.14241883188414 -0.00226294175726282
0.183629856759333 -0.0487142054177221 -0.157028826827583 -0.0470710813169528
0.143408669804791 -0.115904370062878 -0.168770426874753 -0.0465183456271308
0.0488953694319823 -0.15448601643836 -0.14476248650578 -0.00110731452274973
-0.0319418965707057 -0.146105103907514 -0.127492215629654 0.0116546237778429
-0.0841508380024855 -0.111461536191476 -0.110297991669128 0.0392679628296063
-0.102523193200951 -0.0752107798939272 -0.0808793689141743 0.0277730601649013
-0.107578135124484 -0.0668744895282614 -0.058224064508794 -0.0106822488498662
-0.102453377253611 -0.0747729481396879 -0.0582868053569136 -0.0582183915603852
-0.104795630403692 -0.0950579817782512 -0.0280653701038049 -0.109400542692878
-0.0775296310514385 -0.14283350251498 0.0286639347618534 -0.139822541291799
-0.00439975363063713 -0.166335369562806 0.107094409498575 -0.0992671602851472
0.0934055274110576 -0.16157210367021 0.11828728691543 0.00674239169928547
0.177801153989538 -0.0985259517495256 0.0486912225003545 0.074871214996694
0.188806761869051 -0.0230684070154517 -0.0722546393710575 0.0331495047877715
0.130958430432503 0.0231237733969417 -0.201291072419562 0.0110505875828692
0.137408234792335 -0.0311287626193883 -0.183192185620189 -0.0202793534525735
0.106137806034093 -0.089014306243841 -0.164057107585674 -0.0352694358888536
0.0302300575570916 -0.114208255170146 -0.129949888795905 -0.0227253257441115
-0.025863210808391 -0.102816591122905 -0.13825752394372 -0.0236441381415219
-0.0603175542287663 -0.0811405486922054 -0.136614745336519 0.00894123179867975
-0.0739070522213083 -0.0571285119640016 -0.115514703414796 0.00175251686507079
-0.0737836870436007 -0.0544426808850749 -0.0938504952921646 -0.0357688406134325
-0.0679190223191668 -0.064540265251735 -0.0855428019718158 -0.084129817280917
-0.0633933972642747 -0.0804949625849304 -0.0409160547518475 -0.132609191876631
-0.0331184773832689 -0.112271610774828 0.0265138910917995 -0.156680641712128
0.0255171034254584 -0.120545925618401 0.107563665017587 -0.104261145509549
0.10002183997093 -0.101467729946015 0.101772758854719 0.00571761535463866
0.15110749473146 -0.0402936648495779 0.0178107788929734 0.0677589024041094
0.138257454649465 0.0127924112937869 -0.12206198175045 0.0182410389350646
0.0539479755781335 0.0327192359464719 -0.226999879372038 0.0274559681570204
0.0724147874143776 0.000839235016820989 -0.185688229770344 0.0027883461203049
0.056422224067146 -0.0398092173809434 -0.153445712413985 -0.0254029165302753
0.0151581773097953 -0.0508844422537656 -0.120566055870805 -0.033295808769307
-0.00588546497526942 -0.0428348642163647 -0.145330049285304 -0.0368412167358692
-0.0210840787270047 -0.041545551688056 -0.149761628379889 -0.0047400808873658
-0.0320242207846229 -0.0336447242480811 -0.135422470684731 -0.0135079161637543
-0.0298210353532177 -0.0335981334104371 -0.114106725541592 -0.0537908028904071
-0.0273127536268774 -0.041159747026667 -0.0973595647224391 -0.105102007216056
-0.0233464063185408 -0.0499502240646709 -0.0387137209904878 -0.150624152763333
0.000281346073664079 -0.0665484191161067 0.0362612885078757 -0.164281106912807
0.0346273101510405 -0.067909586474633 0.112846942291557 -0.101711608993273
0.081671230113397 -0.0447119147962799 0.091436684884387 0.000462404770223164
0.100021895198179 0.007885892498343 -0.00172004587647818 0.0483854911279886
0.0685883824671514 0.0379778698095425 -0.147366075563595 -0.00489655116130895
0.0106969469179014 -0.0345756491008611 0.152411640454935 0.0146320317624874
-0.0322179854630668 -0.0193592381972744 0.0297648531202584 -0.0540558528615476
-0.0340272941744178 0.00663196701818167 -0.0848128405075261 -0.0174886962084766
-0.00899314084435781 0.0168822986580729 -0.131417041835664 0.0745558831647912
-0.00461069591329098 0.0066356163690506 -0.0628951628627103 0.15992909795462
-0.0093854537175237 0.00683952293323245 0.0248352051263335 0.161004820687776
-0.01397042393019 0.0106563565005957 0.0799074312062184 0.121337717731416
-0.0219309698629846 0.0102782958482879 0.120319412585282 0.0644640143217915
-0.0236290617941959 0.00667501903383705 0.129350658853421 0.0201577396560633
-0.0260314932618485 -0.000749486344809942 0.142831540848995 -0.00103527624980944
-0.0258077315154338 -0.013768747787195 0.142483182941469 0.0179622515144239
-0.0121392662656575 -0.0176233324584952 0.126044650648488 0.0369109008771839
-0.0147915040868178 -0.0263519262182301 0.142221076857931 0.0314145584223604
-0.00433782263284277 -0.0416658211281709 0.17261122772893 0.0133437142751231
0.0305950250320544 -0.038832984277143 0.214745592283226 -0.0307111365059499
0.0807310439981856 -0.0239314858535128 0.130557324299374 0.0178608578842622
0.031468594325794 -0.0304188779352841 0.0168136918949348 -0.0501765022914124
0.013740138698913 -0.0199110830005461 -0.0917614693836726 -0.0229588571863766
0.0140290551902878 -0.0232307939309485 -0.13878964965203 0.0669960583797055
-0.00614920215933153 -0.0401629619549796 -0.0778612103999767 0.148952944104048
-0.0324022966130958 -0.0331647854342012 0.00426220440102036 0.157715911875197
-0.0482534487767469 -0.0191054621579882 0.0636687305347891 0.12132177096941
-0.0650058266637315 -0.0150056141334343 0.104651191273556 0.0642901358771918
-0.0681684618886133 -0.0186290937812392 0.110225312814536 0.0143363368076092
-0.0748830197986038 -0.0340557008547141 0.123724539611001 -0.0187173832658272
-0.0663877742718184 -0.0689691792555238 0.134356234085866 -0.0115144434105968
-0.0223306421912399 -0.088093676622493 0.1294264179658 0.0118041596322309
0.018065063606878 -0.096220108020419 0.143147369596181 0.0237729132959687
0.0636523506038225 -0.0900950416641447 0.154712794901199 0.0163909942504033
0.106178475264806 -0.0611715121518088 0.18202560749413 -0.0199275094001215
0.143123502867052 -0.00746344711795616 0.085335359790069 0.0120572470503984
0.0981364789744233 -0.0362372274700691 -0.010424927468365 -0.057660987934783
0.0698188838306037 -0.0481506192634346 -0.110539439718461 -0.0358201151138273
0.0389174875109628 -0.0688834290430586 -0.147042919592975 0.0563806622441675
-0.00827662839542944 -0.0878064794842041 -0.0891028287533628 0.129134390793371
-0.0539138069396835 -0.0729986833181928 -0.0180822069320671 0.141710130178149
-0.0774523021767008 -0.0482785968774382 0.0375370720047693 0.109407984753185
-0.0983396932423064 -0.0383133867180213 0.0746158813481402 0.0557406443191135
-0.102290953079389 -0.0407745051817895 0.0754199607963103 0.00462501330615287
-0.112813484319873 -0.0587988476487741 0.0879944107490539 -0.0397028030389416
-0.102754928287637 -0.109223294972758 0.110634771399031 -0.0474419988347935
-0.040301018716979 -0.142718241669386 0.12763458182851 -0.021391175961357
0.0357931165680372 -0.157201779909357 0.142892897528624 0.0142129885095813
0.11558704700541 -0.131152975813675 0.134100957320242 0.0280442045077826
0.163498462861377 -0.0748918266586358 0.129681569507738 -0.00203133475955886
0.185124476269627 0.00648116833842061 0.0197000839098225 0.0017253582504217
0.155117936450885 -0.0423392782069602 -0.0525924194798215 -0.0658621451123112
0.119107838790902 -0.0814279130805192 -0.13298826240123 -0.0488574729276738
0.0563204062597318 -0.116680491946238 -0.152147807217197 0.0402999698430059
-0.015282419473936 -0.128963990006689 -0.100318689602271 0.0970813927968095
-0.0713799395972637 -0.10292772350534 -0.0443789272448347 0.11267733575958
-0.0987016202278446 -0.0690193601491552 0.00287828991888063 0.0866499039858563
-0.11740512950703 -0.0559723260085668 0.0335574382194658 0.038972701153352
-0.119467869621101 -0.0582010066888233 0.0304295862148831 -0.0105486961350642
-0.131368896043113 -0.0771655496073623 0.0446505361770821 -0.0602622155064319
-0.119282100447608 -0.133759953654055 0.07759549802886 -0.0812585505438845
-0.0487238097182152 -0.173959930476495 0.118576134777385 -0.0536999750575653
0.0497715155651662 -0.19219975386223 0.138676020055624 0.00815991122993983
0.150908376067327 -0.150264719992835 0.109364163943755 0.0464962980747156
0.196743393867456 -0.0732395021137256 0.0653483014565906 0.0179441788560569
0.198343648250822 0.0152652932363369 -0.058693181630805 -0.00556111524210408
0.18314441193405 -0.0469724345718439 -0.102109838780116 -0.0626615852956609
0.143820207193498 -0.105770251436773 -0.151912671847095 -0.0533506078288257
0.0588575383046289 -0.147379776866157 -0.149011536564997 0.018638311402152
-0.0246748281218388 -0.149210476759456 -0.1117044049627 0.0542906072368953
-0.0827166847341508 -0.115369908118737 -0.0739541173359818 0.074974994571001
-0.105947146016044 -0.0766806040918119 -0.0374652146971649 0.0563709707374524
-0.118174548780536 -0.0649975585975704 -0.0124982024914394 0.0156072462373597
-0.116965360882061 -0.0696622425268249 -0.0157643693105176 -0.0308978847553112
-0.125584229032626 -0.0893037763461867 0.00359262226261802 -0.0806865963301163
-0.108417277209152 -0.142944410602592 0.0466361244050918 -0.108963831555708
-0.0350657992692382 -0.17867535070204 0.108071019601442 -0.0779733480072236
0.0690390161725662 -0.189500893636042 0.127594934965075 0.00764824719703888
0.170053310262361 -0.135009587601314 0.0791108510794505 0.064678122057694
0.20259857901227 -0.0525122392563645 -0.00484308520903758 0.0310980622306534
0.175603418865625 0.0188090135515419 -0.133923835382536 -0.00373182342795228
0.173222971475558 -0.0435381142124906 -0.146676993276848 -0.0463404848075861
0.135594140895247 -0.107550305038099 -0.1588468321823 -0.0476807079094073
0.0474343166103477 -0.144525047129926 -0.136690075841087 -0.00557230701281895
-0.028816402709589 -0.137966084778291 -0.122140606706362 0.00947709662048241
-0.0787070835530673 -0.105097455235097 -0.1043370421918 0.0367287848839387
-0.0969805721636253 -0.0704479608569315 -0.0768394775293694 0.0260975698138037
-0.100835261206734 -0.0638677048562738 -0.0553610260585313 -0.0105001959494401
-0.0969447934658921 -0.0711841713098323 -0.0546933089864138 -0.0545555007650952
-0.0983425944665792 -0.0901379295316277 -0.0256768622999023 -0.10311935581528
-0.0724514647561474 -0.134679804970994 0.0279766166011567 -0.132331197962701
-0.00348026259852523 -0.15640595571695 0.10226668035853 -0.0916421440366611
0.0892991787626994 -0.150254563828991 0.11282795505671 0.00950744814947005
0.168590673665303 -0.0912461022719317 0.0456619054654733 0.0724832455462082
0.179112706772952 -0.0187010870449307 -0.0677963908789376 0.0304913193310014
0.122937563382142 0.0227744454208367 -0.18969176043067 0.00698324312635658
0.129682633728913 -0.0269811413107601 -0.171817429100163 -0.0224239977490943
0.100577550952082 -0.082369703269648 -0.15468767814293 -0.0363480360691561
0.0299661239052909 -0.10695228992136 -0.122607595463297 -0.0252058481763147
-0.0232468608058924 -0.0971026575030488 -0.132111884504216 -0.0233138226895036
-0.0569597725369606 -0.0764336369357207 -0.129356354638859 0.00740400365259698
-0.0698311194584629 -0.0540980135729671 -0.109381453178652 0.00129382460524305
-0.0685924977376676 -0.0519018748865284 -0.0893889544984657 -0.0341489648589907
-0.0638185857564047 -0.0612286076813674 -0.0807660841126914 -0.0789500670979599
-0.0590948337640584 -0.0758943083303899 -0.0380226509731441 -0.125422701646773
-0.0305049012764484 -0.105702196889737 0.0266325390439543 -0.147381080750783
0.0250080328852587 -0.113160976948298 0.102748126284666 -0.0958748665894008
0.0943218290161371 -0.0931996844645192 0.0971727887958352 0.0086320706802559
0.142642818762239 -0.0361628158433207 0.0161893933497032 0.0650381779773426
0.130335337126722 0.0143326043358593 -0.114555867551975 0.0159996304048217
0.0502353636449703 0.0307445419987774 -0.214349425223518 0.0214246364002998
0.0677337689218034 0.00220096912757938 -0.174496622044293 -0.00113489382340121
0.0527776854317902 -0.0366302828474714 -0.14413972080914 -0.0267455534874953
0.0149191792599193 -0.0471297935496941 -0.114294622077106 -0.0355902633173913
-0.00488874233181426 -0.0403177894069748 -0.13827341120401 -0.0362002652467219
-0.0199707268319067 -0.038782290331734 -0.140763629991528 -0.00621154094535657
-0.0301657846700959 -0.0317629727721703 -0.128260693509544 -0.0131690970273142
-0.0273679722007646 -0.0319499109055046 -0.108179584159679 -0.0511241010267404
-0.0254967832748254 -0.038670761702268 -0.0910227660107096 -0.0988693509712348
-0.0211724238052584 -0.0466573873864295 -0.0351352757957303 -0.142689857955231
0.000539833908586526 -0.0625556482941508 0.0362164519582301 -0.154370170616369
0.0331479260904453 -0.0637403863510227 0.107638123738025 -0.0944476801407546
0.0772239688973835 -0.0405720015966175 0.0866287847794371 0.0036611959954956
0.0936185781199092 0.00861219583223758 -0.00131241358509448 0.0465130035019859
0.0645460117570782 0.0367698798184388 -0.137827390691824 -0.00681666425577262
0.0119484447298991 -0.0333644143631882 0.147343123753787 0.0197675697674639
-0.0304940922628937 -0.0199625423507178 0.0318814353257797 -0.0518376901872509
-0.0335930668413127 0.00520802586113084 -0.0813775999696708 -0.0211289648512335
-0.00954180075928377 0.0153874011168002 -0.131234156548508 0.0663796768833097
-0.00445058032367711 0.00577422865623777 -0.0673263503519051 0.152037854790004
-0.00970570357029343 0.0062419130634531 0.0178530436481014 0.156719216587614
-0.0131223218890374 0.00987807096431065 0.0739189862209223 0.120199473990084
-0.0221228362210318 0.0092706577103734 0.115147566880105 0.0667910359649267
-0.0236773497831633 0.00563720738528719 0.125450774215309 0.0247802376637554
-0.0260668801409303 -0.00190323552998682 0.138230484740881 0.00419493552161387
-0.0247696714738104 -0.0142920022469733 0.138350397840356 0.023193968159695
-0.0110078033269968 -0.0182391298503602 0.122029386358787 0.0425536586895097
-0.0132015492811508 -0.0259297860333374 0.136922680469638 0.0364730793917418
-0.00219130373316622 -0.0403264768339496 0.166324332796966 0.0213242245613337
0.0321097948959086 -0.036798732946196 0.210208782110066 -0.019525058198419
0.0799579257155167 -0.0203405971099159 0.126573236544691 0.0231096562949939
0.0310699534101357 -0.0279429477217238 0.0192867321763406 -0.0482990447507788
0.0135117311482533 -0.018154186403409 -0.0893076503869971 -0.0270536114895329
0.0144400990473369 -0.0220994508912744 -0.138128594184898 0.0588684623526398
-0.00470907271597628 -0.0388896592428167 -0.0804181650150603 0.140686177639247
-0.0308085140785813 -0.0330960514659232 -0.00117152693426145 0.153165801309351
-0.045844714327139 -0.0204497034856912 0.0577202256326743 0.12079617226262
-0.0627848086253787 -0.0161280729127793 0.100043834877076 0.0660595443924528
-0.0665306617811515 -0.0207487408593836 0.106803182331748 0.0190030228916997
-0.0719535674926943 -0.0359251259713183 0.120180452627465 -0.0136855570932331
-0.0628018543334095 -0.0691624452642401 0.130746467340525 -0.00665870725500894
-0.0186793957818487 -0.0866516393193496 0.126041016082332 0.01810516022906
0.0211742204206244 -0.0931239783616664 0.139239869813931 0.0297297893943433
0.0653785248240811 -0.0845558664413442 0.150143178619721 0.0233759216507196
0.106093376435663 -0.0552232399243887 0.178160412461471 -0.0110060846011643
0.139020937473263 -0.00216663872917207 0.0836399946923502 0.0154713909927219
0.0963516085267522 -0.0310890260662458 -0.00648523720020096 -0.0561433847674485
0.0686157399477323 -0.0441144579007449 -0.106256900875886 -0.0407798397045763
0.0401000348034091 -0.0660176398593538 -0.146309031666009 0.047769252667739
-0.00531232423876065 -0.0850738714499231 -0.0917440097899328 0.120567530561223
-0.0495940325145883 -0.0722688519060024 -0.0228299289204839 0.137171424268238
-0.0740827774171802 -0.0488938613397244 0.0325015723020913 0.107703780619217
-0.094775357828759 -0.0400185035777867 0.0706853032002876 0.0559947058712603
-0.0988981811555298 -0.0428388908778978 0.0736928394017485 0.00737410768281871
-0.108308032544874 -0.0609547801725799 0.087073041714391 -0.0349427262353197
-0.0965994381615845 -0.108781748999127 0.109317347222596 -0.0423137091796961
-0.0345720896739489 -0.139755678739134 0.125438806930887 -0.0147560883311852
0.0401170615148944 -0.150679651001035 0.139672447559387 0.0204304509432247
0.116560850934114 -0.122864206641059 0.129582755656511 0.0345039910459507
0.162892716739201 -0.0666246522794568 0.126991805181716 0.00443983639944221
0.179959110245613 0.0130032074584458 0.0199430143648314 0.00281388417785167
0.151138669915678 -0.0344221431263245 -0.0467289475459251 -0.0655098199295869
0.117231357428107 -0.0743176748672128 -0.128301378719344 -0.0542831852875064
0.0583781574425109 -0.111612563066059 -0.150108475894855 0.0316021944765305
-0.0108334418302206 -0.125306498056674 -0.1017059814013 0.0898483120318987
-0.0670398980108758 -0.101739979423513 -0.0465326182694225 0.109150935887377
-0.0940247995252387 -0.0691649741788742 0.000565610159589257 0.084750821414528
-0.112228255943335 -0.0575562325859968 0.0303635436725036 0.0383985674767493
-0.115488731044947 -0.0608038953034998 0.0308727142193572 -0.00905320791120565
-0.126042178186246 -0.0795153159646804 0.0453406951850692 -0.0561946566397643
-0.113156913698564 -0.133335952247876 0.0782166519454175 -0.0765893041640662
-0.0422166931312177 -0.170365573932579 0.11789299541842 -0.0462147394212801
0.0548256634084786 -0.184258063017315 0.135609941019908 0.0147822362898455
0.151833055695931 -0.139916640698394 0.104814061699776 0.0516994149341755
0.195436227344025 -0.0629876162349447 0.0633300139619237 0.0207197364690749
0.192197207319818 0.0221319141396206 -0.0554275842333292 -0.00760609030982301
0.178898226789844 -0.0383537802802284 -0.0946600264112153 -0.0647776977599466
0.142540418892132 -0.0970780423331243 -0.145563809435772 -0.0584954267627241
0.061298884450538 -0.141255386009506 -0.146265408410113 0.0101710098441813
-0.0192819708039433 -0.145175024739312 -0.112006568051162 0.0481964574868964
-0.0770605495094629 -0.114040890467842 -0.0743608388602467 0.0706863863389783
-0.101270966581975 -0.0771815307479345 -0.0379546322715531 0.0536809671919138
-0.112975425710209 -0.0668417014683636 -0.0130618280726625 0.0138582088289453
-0.112472037469153 -0.0718426431096604 -0.0141111248848245 -0.0300640269394443
-0.119522861368145 -0.0912040844502419 0.00534536636619193 -0.0781609256593453
-0.101418992164848 -0.141810343253363 0.0486028279760607 -0.105122977109627
-0.0286386666478999 -0.174455968627068 0.108204991775634 -0.0701620640123818
0.0728846174154129 -0.180633319644058 0.12554511493984 0.0139308536638538
0.169619303206375 -0.125427866306421 0.0752633177605621 0.0676476554720979
0.199628336650656 -0.042871869014629 -0.00514369004606382 0.0304932674882789
0.170730206126926 0.0252083472275627 -0.129134994869182 -0.00873084821174254
0.169179852316 -0.0349258269126304 -0.138861054023303 -0.0504600987399675
0.134905490424483 -0.0991210764681338 -0.153502991094468 -0.0539417320554548
0.0506354407453995 -0.138810150910042 -0.133118528369613 -0.0132891600738424
-0.0236256915340292 -0.134378886735549 -0.121080194054628 0.003927808193544
-0.0728185651368345 -0.10370608017712 -0.102440860958535 0.0327759798458535
-0.0922583089924796 -0.0714081815186881 -0.0755494270992649 0.0223131710168432
-0.0960090630715781 -0.0649233602181251 -0.0541965656427976 -0.0128228950168257
-0.0923499132410348 -0.0723549007267086 -0.05181087449261 -0.054547011996234
-0.0926863535193375 -0.0906991903296691 -0.0218707920904753 -0.100773343395428
-0.0667171572711896 -0.132852551210082 0.03172651255572 -0.126856720757692
0.00171957579519861 -0.151649562033307 0.102467427904458 -0.0845465735843101
0.0909008208335406 -0.142065547479298 0.111349310463057 0.0147303627882243
0.166668256923945 -0.0822767481796274 0.0426053963572045 0.0734874664318815
0.175685460566507 -0.0109387234057723 -0.0668745363240799 0.0272477945588461
0.118542053795441 0.0267238029137639 -0.183889515350776 -0.00100569339933685
0.127157501692213 -0.0208913087677387 -0.164637822790222 -0.0289152115756926
0.0996920477243476 -0.0759861908996701 -0.149084157257054 -0.0429308264393746
0.0321238555782674 -0.102478281987997 -0.118634409006633 -0.0322765499245132
-0.0194420955000821 -0.0947162952357307 -0.129013453385927 -0.0278634853732556
-0.0527252356372254 -0.0757223795985818 -0.126084997269509 0.00339348568607243
-0.0663453204486414 -0.054090993865735 -0.106858394705438 -0.00272473545570314
-0.0651014374189369 -0.0529088106078704 -0.0864110726151746 -0.0363499399354844
-0.0600986571698601 -0.0615348829743306 -0.0756342978401786 -0.079241701399034
-0.0551174354247887 -0.0755241785039018 -0.0325850023331286 -0.12278702231633
-0.0262168316416714 -0.102790396770976 0.0302487173832997 -0.142480514328039
0.0279493268177657 -0.108558730856332 0.103538346598182 -0.0888475308858871
0.094720316232919 -0.0859957756129418 0.0954978495983051 0.0138341304665567
0.13977196253181 -0.0292911923528326 0.0140869540595104 0.064646775980531
0.126964369422567 0.0194517823282974 -0.111615717854467 0.0115043135178832
0.0477269841115523 0.0319807241405722 -0.209530580336375 0.0114861900169754
0.0654274683281408 0.00517134210099584 -0.168582202419368 -0.00905767107525883
0.0519536562796867 -0.0334491911361002 -0.139329809611333 -0.0329719949959344
0.0158173682400987 -0.0445882665448475 -0.109799528762247 -0.0414000244503843
-0.00353568671569262 -0.0389711641101537 -0.134021414418699 -0.0397818021849564
-0.0178841624816184 -0.0379946835872553 -0.13723319008118 -0.0105324767331038
-0.0277246212464025 -0.0312710688163693 -0.124277781427781 -0.0174021356078755
-0.0247417759026479 -0.0322257306714854 -0.104225972893932 -0.0533350204923072
-0.0236060663234341 -0.0388653248569721 -0.0845836097338608 -0.098720915049746
-0.0179134273266424 -0.0456490172528602 -0.0290392949766363 -0.139170778461796
0.00268357093983679 -0.0604746074491837 0.0408749725608326 -0.14812569909298
0.0346945764042458 -0.0602292266453187 0.108417460678596 -0.0868803925273148
0.0756715745058934 -0.0354901657235163 0.0852769982335905 0.00829615381464426
0.0906656252266751 0.0116767099962081 -0.00210275897111146 0.0459297779583103
0.0612785748409541 0.0381749542043218 -0.133093978447323 -0.0123235163994334
0.0140090672681518 -0.0333423929202521 0.148521153410764 0.0266098798128349
-0.0296355957421679 -0.021492003762389 0.0344870070151802 -0.0517177572784156
-0.034024581957219 0.00425714133909728 -0.0822426289385073 -0.0260107690557323
-0.0103556917185928 0.0147726589377957 -0.137083174372182 0.0611190641161123
-0.00484025406479458 0.00507607418445476 -0.0740174309118301 0.149872286393521
-0.0104008890409118 0.00598518522201823 0.0124637295257782 0.159027528941847
-0.0140977322291115 0.00964613978595003 0.0697414623434781 0.125304682980119
-0.022905245565107 0.00903126810970269 0.114128365005288 0.0714887823646304
-0.0249088283887108 0.004262424679276 0.12625944517139 0.0303363232724787
-0.0269953718175384 -0.00330072294671725 0.139909400982465 0.00983363919745128
-0.0244266222541798 -0.0159049753373357 0.139862420889187 0.0284064130411097
-0.0101813826948773 -0.0191276773879618 0.123199307886684 0.0495087926683381
-0.0122218559453895 -0.0270989535125989 0.137671344955853 0.0434923692973039
-0.000434109257148781 -0.04087429948915 0.167220716654244 0.030225577630682
0.0348613953342864 -0.036861484717492 0.212740108491201 -0.00936777531473671
0.0819184376190658 -0.0176774440461366 0.127789165742056 0.0284899799203927
0.0329327118031371 -0.0262545101105812 0.0227543739449214 -0.0487149461467208
0.0138737525495519 -0.0177662422100558 -0.0896881316724216 -0.0325221940993481
0.0151186905188988 -0.0222775034753571 -0.142927024210393 0.0529158719102145
-0.0035216330830581 -0.0397529848302199 -0.0874273096023393 0.13818765930661
-0.0300004180051426 -0.0343530103464856 -0.00761038080941487 0.154567614792377
-0.0462061690626827 -0.0220746433378199 0.0534345151462074 0.124091985763906
-0.0633921052288626 -0.0183442702332442 0.0987133681753468 0.0704489779175551
-0.0674138488267781 -0.0230581036245147 0.107703258162301 0.0234701791757903
-0.0730017817578623 -0.0394600374276199 0.121806342971478 -0.00878210130297666
-0.0612925232028443 -0.0720160514878726 0.133022623449093 -0.00166145764136914
-0.0157868470633679 -0.0881532575563686 0.128765332586915 0.0252601965816974
0.0246534305069126 -0.0928127540636805 0.140024566263291 0.0361439698613919
0.0697316216690718 -0.0833776292184035 0.150291870027754 0.0318653839592702
0.110115360307721 -0.0513560925822319 0.180692636761592 -0.00207641205684118
0.141659133025336 0.00281645096129695 0.0844444100003409 0.0189612240812186
0.09799351935254 -0.0269883748324187 -0.002971047356545 -0.0577052684139262
0.0697111969678526 -0.0414541863446147 -0.106668689155734 -0.0465320204162202
0.042668204173265 -0.0653479408473027 -0.150385508540702 0.0412834248512573
-0.00286950318124565 -0.0855649394561314 -0.0981504128883478 0.117222669596343
-0.0481416663391094 -0.0740886350798756 -0.0282259998819085 0.138315602354217
-0.0736521971142759 -0.0515117404258495 0.0289290187572035 0.110320624758397
-0.0950647403492441 -0.0431102809801694 0.0693376476575073 0.0597361484101228
-0.0997832887384118 -0.0469054400862173 0.0745618554562072 0.0109115039727956
-0.108250662017345 -0.0656278351505659 0.0889437997014533 -0.0316191993285341
-0.0945602714318942 -0.113174550577654 0.111904701692392 -0.0397976187919252
-0.0306224328877329 -0.143089227434588 0.128019191509189 -0.00816129153702491
0.0463950198572236 -0.150634516064115 0.142171024228086 0.0277915461503622
0.122997930598195 -0.119760489783815 0.13017883146021 0.0419402382508839
0.168460607520935 -0.0599289855607521 0.129084736690146 0.0106519409277872
0.182268154780882 0.0199096670691035 0.0207981924132539 0.00352794545654016
0.153757436409497 -0.0290213384240012 -0.042928352751554 -0.0683986114220757
0.12031699883349 -0.0702034379128726 -0.128501275084845 -0.0608875677157294
0.0622653323956218 -0.110409532292541 -0.154105458658204 0.0242542975083676
-0.00673419839209028 -0.126648848528825 -0.107629200204324 0.0857958275884709
-0.0644758340857021 -0.104199063144122 -0.0510518401431674 0.108449031518773
-0.0931017490134301 -0.0730623841978058 -0.00265003644254024 0.0851318290793302
-0.111981258917063 -0.0616129239238553 0.0297832868813985 0.0396224786253395
-0.115799435104146 -0.0653373254078539 0.0314124806095748 -0.00714434521174436
-0.125827630834732 -0.0852606970961657 0.0478137101214329 -0.0546503033388497
-0.110563030873846 -0.138171191991199 0.0820695266878874 -0.0748481636575275
-0.0371163068617438 -0.17396517177517 0.121726692379997 -0.0407515341082101
0.061703121568459 -0.18362140649888 0.138374811446172 0.0213571239792609
0.158806360172449 -0.136463298747569 0.105018804412956 0.0582853799919199
0.201885839963152 -0.0554971137010726 0.0635684928133975 0.0244781981418404
0.193937314114795 0.0294752038063904 -0.0554162762924934 -0.00974352786281871
0.182419378196678 -0.0312493621438966 -0.0912400777010886 -0.0695784116869909
0.146436331940485 -0.0921586618618889 -0.145744585728389 -0.0670674408601481
0.0675176369914338 -0.140052461429704 -0.148977471302019 0.00227278230283932
-0.0145274560018453 -0.147032103267469 -0.11631550523354 0.0437196493126414
-0.0747387495055329 -0.116567009558462 -0.0776880248182178 0.0692360234691454
-0.100275147637399 -0.0806928812830138 -0.0402952422227503 0.0532693175479082
-0.112428459575958 -0.0708832828026412 -0.0142207847356755 0.0130809939094882
-0.112922831569052 -0.0764611833603969 -0.0127831265238526 -0.030349384874734
-0.118830852436376 -0.0960996364244548 0.00850779160279131 -0.07790209155409
-0.0994315946070609 -0.146319855878718 0.0527488962947942 -0.104502075681522
-0.0232141668726263 -0.177253748665203 0.112183352257203 -0.0656833436785331
0.0799527764380124 -0.179753782358333 0.128342341154609 0.0205251959008373
0.176499490356754 -0.119882953045667 0.0740009663522855 0.0729403685690326
0.20501180911462 -0.0345162145670944 -0.00608885066163204 0.0311016761519118
0.171843541634039 0.0319371416071301 -0.129749766834943 -0.0139990896413047
0.172239114064679 -0.028337571798759 -0.136069202569186 -0.05625576350397
0.138760473053655 -0.0946031952875524 -0.153312388887738 -0.0612699149798983
0.0559813335298588 -0.138587911684055 -0.135758964329012 -0.0209264821372233
-0.0198442174753501 -0.136038238863657 -0.124110427529723 -0.000727921976587543
-0.0706855094925267 -0.107214213402881 -0.105355982817643 0.0292295257744465
-0.0907756306022793 -0.0745550259764843 -0.0775059119180696 0.0197663607691406
-0.0954784669447492 -0.0685362043263847 -0.0550285278454775 -0.0146147203167353
-0.0917158892931917 -0.076520468321839 -0.0500934984705756 -0.0562953244328709
-0.0909390682544369 -0.0950119466285363 -0.0186075734540866 -0.102264040789148
-0.0637047697765075 -0.135814558441677 0.0360484097979228 -0.127957819434847
0.00608518464603744 -0.152752876785198 0.107727923776806 -0.0804710473500631
0.0970941194936039 -0.1394791409314 0.113424754106513 0.0214026608148723
0.172000975321388 -0.0766409082977453 0.0410165151216521 0.0770237111126496
0.178897147029579 -0.00407580158672676 -0.0687100129748243 0.0251743298719485
0.119208787342478 0.0320092193932172 -0.186427694483827 -0.00888258071009172
0.12894785738421 -0.01569999052467 -0.164013229268237 -0.0358256497317861
0.102768642308674 -0.0731600775531792 -0.149465174744453 -0.0498436069879469
0.0364752695377043 -0.101934803819162 -0.120255098633562 -0.0392046311448328
-0.0160107098739224 -0.0961155309444141 -0.130832653390785 -0.0330811397538694
-0.0510110202847969 -0.078136520912325 -0.12745601508422 -0.00125448353910452
-0.0651913644538309 -0.0564658418549965 -0.108221279674384 -0.00683865443091492
-0.0639356715836211 -0.0559164836033607 -0.0871411516181065 -0.0397277376703619
-0.0590634805567923 -0.0640561036048556 -0.0741823122258088 -0.0821549745696135
-0.0523793592482417 -0.0787121609793429 -0.0286771337964585 -0.124810384757324
-0.0233334997474422 -0.104896645295081 0.0353991548837974 -0.14281505188137
0.0324049282584073 -0.108428455362578 0.108521667689796 -0.0848228903987932
0.0993329591499831 -0.0830589724142163 0.0979077845649635 0.019727047804252
0.142276214202455 -0.0245423817367844 0.0127240602083258 0.0665022675885036
0.128628543091681 0.0245113359525364 -0.113401922892731 0.0069717699002991
0.0469819800651538 0.0339320490452164 -0.21342138612495 0.00255898253868651
0.0660359603228971 0.0078398171657181 -0.169336292303274 -0.0162357013483728
0.0530613183080817 -0.0314490585603814 -0.139831966038693 -0.039936568364326
0.0177297023931138 -0.0443341206869139 -0.111570982130077 -0.0480420317770551
-0.00214685621228526 -0.0391261558786078 -0.13571095761535 -0.045202465816084
-0.0173539217622285 -0.0395058044471495 -0.138514409698811 -0.015832973495966
-0.0269800696626184 -0.0318349028041765 -0.126005394740017 -0.0217790725202636
-0.0239008636561826 -0.0333776050442611 -0.104320356085711 -0.0572045819763018
-0.0222256397503861 -0.0397476339043722 -0.0833238557714491 -0.102288156059003
-0.015876803135441 -0.0465909530568736 -0.0245902821255963 -0.141137374635925
0.00488000227911167 -0.0611814804658412 0.0470087470304093 -0.148237085593675
0.0367973625978364 -0.0585296744484584 0.113263212911259 -0.0820945845657041
0.0779903054951656 -0.032458841904841 0.0869708204165582 0.0135877313974919
0.0909698211586201 0.01542796690678 -0.00308238027422023 0.0467773360660284
0.0606027478801203 0.0406400749761791 -0.134297743305825 -0.0175858736434618
0.0156100386122251 -0.0353124769625089 0.155281002622871 0.0305900260453818
-0.0300197580537213 -0.0228208910798347 0.0369669528717878 -0.0555182947614691
-0.0357224276781984 0.00417266453457276 -0.0863445775099505 -0.0295016344093571
-0.0105794736223105 0.0151982474983222 -0.14611704787901 0.061911346491982
-0.00518511486588534 0.00471834918580802 -0.0799889765700344 0.154860077349168
-0.010514739224708 0.00594205926226383 0.0104740945512118 0.166510677564686
-0.0150689658393243 0.009967217448207 0.0714111694220997 0.132361138513622
-0.0238883156813574 0.00918211563582231 0.119372309441753 0.0764670072849872
-0.0266581920724131 0.00495835030054839 0.132872660530884 0.0334756279523522
-0.0291224382281929 -0.00429226988999436 0.146447643641059 0.0122255391743893
-0.0260441480062332 -0.0168227140384557 0.146144311415548 0.0319707143616198
-0.00986628516900721 -0.0209113055714317 0.129138668803795 0.0543371489932252
-0.0126887646791348 -0.0278819844777169 0.144267932738838 0.0483111198211704
0.000215205680807905 -0.0427826492624478 0.174912410920248 0.0362732629578913
0.037901957181688 -0.038794231205674 0.223310360297488 -0.00411118326085582
0.0869700105079324 -0.0178711664123791 0.134306826005926 0.0327010319915412
0.0347208826312273 -0.0271649525539811 0.0250202080549253 -0.051261881048089
0.01453722393688 -0.0174004150572413 -0.0941531907067797 -0.0368507750144669
0.0160975225386575 -0.0229024197167221 -0.151715627464858 0.0529726536929619
-0.00383097169325872 -0.0420062182205351 -0.0941151067290963 0.142442311280984
-0.0315881464062604 -0.0361386560853167 -0.00999953003177225 0.161583207361816
-0.0484470075508157 -0.0232916258750537 0.0547660007860591 0.130746471892459
-0.0663446892539652 -0.0195330496812387 0.103072799616127 0.0747890950461245
-0.0712905049013784 -0.0250102583668237 0.113249434968123 0.0269614057943184
-0.0769681584220243 -0.0422411182691316 0.127665447329518 -0.0077468932388467
-0.0636484478230859 -0.0759600012151738 0.138814309725421 -0.000170987794983613
-0.0158988602155042 -0.0929341820929709 0.135206999166184 0.028696231879794
0.0268730944488879 -0.0967421378423143 0.14688020478753 0.0411481812431084
0.073909421900056 -0.0865429716292496 0.157653810116309 0.0382822473206863
0.117500603880955 -0.0522559715438117 0.190089653178483 0.00291425345526236
0.148415409908839 0.0045087389006615 0.0896020303488616 0.0221587164232789
0.102813043234195 -0.0267692663870849 -0.000457148696242104 -0.0606661648672475
0.0729240588446067 -0.0420334523173033 -0.111585402909639 -0.0520400539636677
0.0450954879497736 -0.0674283643465474 -0.159368704281207 0.0400733202127711
-0.0023860120320634 -0.0899477321272574 -0.105385668271471 0.121335007036944
-0.0499497873944426 -0.0772974284736056 -0.0308557672594054 0.144361928705641
-0.0770760236867621 -0.0544906092458868 0.0292161382728453 0.116092285805387
-0.0993435243080426 -0.0456329184381943 0.0714103605330788 0.0628656043616247
-0.105314422798888 -0.0502372684329057 0.0780750899342721 0.0129626241704157
-0.114322962815835 -0.0700446091182041 0.0930361749813392 -0.0315536255152426
-0.0983979280047435 -0.119122515873073 0.117887554944263 -0.0406692716810094
-0.0311300132832751 -0.149821034546964 0.135526114193391 -0.0058247288545739
0.0499588394203349 -0.157585182037243 0.149336381025406 0.0323839247772959
0.130545805016567 -0.124554066230526 0.136483125666946 0.0478280405574543
0.178438855037102 -0.0603342825457285 0.135226984973569 0.014815056998949
0.191361502511856 0.0229486937078915 0.0234929296824684 0.00421301822548345
0.161024544326675 -0.0282027912161033 -0.0415562861827561 -0.0724589882582834
0.126133678075441 -0.0715520300509845 -0.133902521323453 -0.0675193992252195
0.0667576381159228 -0.11470105552263 -0.163574995405784 0.021510524905678
-0.00632457133601 -0.132337434071129 -0.114768370287382 0.087891065241257
-0.0670592502550358 -0.108963208664237 -0.0541487061316587 0.113052652137326
-0.0972408233078098 -0.0765517267265286 -0.0035249618275476 0.0890880987879612
-0.117424957593223 -0.0656792536732878 0.0301749660393282 0.0417236000300324
-0.122296750688587 -0.069264398212268 0.0329425503479182 -0.00668422854954991
-0.132135631781606 -0.0902336383369293 0.0501137988880507 -0.0561148097048852
-0.11552685853578 -0.144621696806721 0.0853479658357099 -0.0778715036052428
-0.0381408626708798 -0.181523493387278 0.12895610736474 -0.0401559094434843
0.0663547239564117 -0.191385156207603 0.146638467607544 0.025566798411984
0.168219154066172 -0.14097319346953 0.110327033648791 0.0640446991711375
0.213187076340388 -0.0545773983636609 0.0671308920793819 0.02722958178354
0.203866012944874 0.0332671151940325 -0.0566198037401024 -0.0112936973745382
0.191166934572033 -0.0303572758630494 -0.0920007987052215 -0.0742409482487394
0.153869910955445 -0.0941151126533626 -0.152127679213534 -0.0737728565509115
0.0709006900327132 -0.146253562214173 -0.157409982430752 -0.0017370203790119
-0.0144207416610822 -0.153798290518045 -0.12381389251303 0.0441245206746387
-0.0775083436193459 -0.122287956215103 -0.0821994119924385 0.071317252891229
-0.104302371282601 -0.0850325396823929 -0.0423143431349943 0.05475293607867
-0.118156234434652 -0.0756509123149979 -0.0158353295106203 0.0142145594470707
-0.118854956509452 -0.0809391398011231 -0.0133783799792176 -0.0309600175736785
-0.124792754887009 -0.101559408137423 0.00976522112495119 -0.0809084394424203
-0.103154816507107 -0.153506548673039 0.0556181082417486 -0.109200973269242
-0.0228785262560068 -0.185141134035629 0.119687205170668 -0.0663035598030335
0.0855680776242741 -0.186603135691476 0.135710667340912 0.0242383490543653
0.186041586182852 -0.124820085981317 0.0774232800085129 0.079336675056893
0.216389537338122 -0.0328084478582628 -0.0059291277520859 0.0332725922078504
0.179830595952971 0.0357949960782266 -0.135211118845751 -0.0173622376307229
0.180712933473337 -0.0273381155465944 -0.139517639062869 -0.061313196632096
0.145909570834612 -0.0967670655345661 -0.160288129924653 -0.0675321024145822
0.0601322177384447 -0.14358005437318 -0.143329877232394 -0.0259450428892595
-0.0195367097891907 -0.142519510003615 -0.132124505991437 -0.00290057980039825
-0.0738833401809326 -0.11201709514469 -0.110610062751918 0.0300035306383498
-0.0945997905834676 -0.0784044189734158 -0.0818933658718371 0.0201354971758021
-0.0994604759557521 -0.0729614079040136 -0.0585384014610165 -0.0151011254301151
-0.0964997629922861 -0.0807239746712308 -0.0524091790913979 -0.0587800375925591
-0.0951745303690323 -0.100080614012114 -0.0188952365325411 -0.106620118115875
-0.0665021918316137 -0.141895883710917 0.0385865281999951 -0.134155307724581
0.00775756345347119 -0.159852748474751 0.113733586572171 -0.0822390687193317
0.102949613524957 -0.144285902199411 0.120316894856367 0.0251132644658653
0.180869063176633 -0.0789214567448337 0.042612806818528 0.0829985421656441
0.188456240773405 -0.00167713204772773 -0.0713574138008255 0.0258343255038869
0.125135081238189 0.0348676958339057 -0.195723212468494 -0.0126111833874232
0.134963043478543 -0.0143519489623345 -0.169311849252462 -0.0409276765625001
0.107478476868068 -0.0738026811824037 -0.156044504000346 -0.0557214348991708
0.0385008914775956 -0.105639602592139 -0.126983582067729 -0.0450707032794571
-0.0157623675780156 -0.100553375554929 -0.138580558466265 -0.0363732890343035
-0.0532257931459172 -0.082079685605647 -0.133549541708463 -0.00291873475466548
-0.0676975338809723 -0.0595473842524675 -0.114236711499461 -0.0082327447994626
-0.0663914142284632 -0.0589063418376932 -0.0916634795010347 -0.0416869996315089
-0.0615995641737937 -0.0678563161922783 -0.0774223376068455 -0.0856243910335024
-0.0539214103027416 -0.0827349812216446 -0.0294674638636585 -0.130608210456989
-0.0237411909101047 -0.109370552634287 0.0389296912885308 -0.149604991107944
0.0343231703779699 -0.112689830970187 0.114929061438086 -0.0869544782841796
0.104290780380029 -0.0841978350910498 0.103697943644522 0.0231069961057749
0.149577635078055 -0.023802206433337 0.0128549863561223 0.0709982495761465
0.134752251268198 0.0279825553893528 -0.118411384876951 0.00569386917715792
0.0486493602783195 0.0368246893303655 -0.224330785344382 -0.00138512656726678
0.0687075009860742 0.00917235692622496 -0.176167218287483 -0.0216092097547405
0.0552512836831953 -0.0318136944852781 -0.146005445380977 -0.0445505803380097
0.0193138751275378 -0.0451587376249117 -0.117240077757313 -0.0544227719281668
-0.00152385254759257 -0.0406741088598453 -0.142754888255221 -0.0496676856030203
-0.0177506676609243 -0.0414520050115182 -0.14496491408682 -0.0184733728223335
-0.0271835069488261 -0.0338323603453208 -0.131765551142305 -0.0243704623057414
-0.0239225160996478 -0.0356827334761136 -0.110180192105437 -0.0602653548446551
-0.0230954786339375 -0.0418083198186509 -0.0864641190587469 -0.106787880938716
-0.0155604847039082 -0.048654669627562 -0.023679115305954 -0.148507699046077
0.00572264142158427 -0.0638805248439644 0.0504985108410921 -0.154190352977172
0.0394578951252447 -0.0609669030861824 0.120123627124816 -0.0840495136286816
0.0819594427753929 -0.0321760685681501 0.0920643689084775 0.0176966771336111
0.095452035438854 0.0176896636358774 -0.00332684862731312 0.049324475454343
0.062851350829261 0.043730004964046 -0.139981925449472 -0.0204542406652741
0.00978973446904751 -0.0398526981976374 0.171871844466156 0.0101894338405358
-0.034386450306619 -0.019396283923689 0.0319113209330969 -0.0652885913240594
-0.0363143609030991 0.0095699527844522 -0.0954633248482903 -0.0204737602878986
-0.00933758208285426 0.0151555225530572 -0.142925314472025 0.0891211999104935
-0.00750991780716131 0.00393048729792162 -0.058033167836592 0.175281230047896
-0.0116440131857393 0.00738107724727414 0.0381787078692815 0.172176607662946
-0.0144008519817085 0.0120422846344396 0.0994986449472067 0.128750729329775
-0.0243934828711754 0.014138173514113 0.136970751099826 0.0616899012355094
-0.0278945961543104 0.010252956857301 0.144924421733501 0.0157047264935797
-0.032200233957407 0.00120172063596076 0.155617159562491 -0.00901444790505778
-0.0303901213538201 -0.0123402566348307 0.159112649935127 0.0125641220379095
-0.01385943787457 -0.0208285645003086 0.145312905553236 0.040117593443463
-0.0175541327070392 -0.0270619975877345 0.158663288195716 0.030080560996456
-0.00718063431556132 -0.0450016735282042 0.187450922944563 0.0134285348540328
0.0323260226502283 -0.0465471800154965 0.234639835364746 -0.0354068047191549
0.0878584933493282 -0.0327847659910892 0.144618504629163 0.018638634675305
0.033231683923273 -0.0328179480678008 0.0180673194484387 -0.0576171925202603
0.0135161016216378 -0.0205047678178492 -0.106805537492205 -0.0241456510975255
0.0135760356738148 -0.0280239611557497 -0.151706615208395 0.0817112864587155
-0.0116544136911747 -0.0448277475234039 -0.0748466187781372 0.165809991664984
-0.038870572541338 -0.0336455421517155 0.0173105947234067 0.172653775150504
-0.0547628895309743 -0.0174006620008756 0.0818309436481901 0.130620086649706
-0.0732907900780021 -0.00991054202580398 0.11928496302152 0.0625594822393778
-0.0790394816444452 -0.0137759666311076 0.124172839072571 0.0116082653513961
-0.0868893787409972 -0.0314181859325675 0.132777080940955 -0.0260326143359094
-0.0781042762604047 -0.0664849723933874 0.146342653234928 -0.019336071622663
-0.0307338717584377 -0.094967949081514 0.147154560118244 0.0138324493363475
0.0132067188955119 -0.104469496336644 0.159784577495729 0.0228363393165633
0.0628593183963139 -0.10072747419883 0.168750523369892 0.0161277933511689
0.113140004767328 -0.0715753637565852 0.201006112519366 -0.023317437664096
0.159130072546375 -0.0201838066424396 0.0899152093409032 0.0174176146322013
0.105320877160609 -0.0418842107558002 -0.0121384511109319 -0.0616535947058893
0.0713395992980062 -0.0541090662341344 -0.130151772225702 -0.0340760080071591
0.0382858474311277 -0.0787006171678916 -0.16296915846838 0.0715838684436682
-0.0170497771217896 -0.0951095571928603 -0.0902947150715301 0.148349925280691
-0.0641413127481766 -0.0735030396680987 -0.00668283842663067 0.159578656663944
-0.0884095443987046 -0.0458092550658311 0.0526094616252108 0.120361318182237
-0.111444848197745 -0.0323874060929738 0.0850375906142864 0.0548700469767286
-0.118526875558306 -0.0352056785907701 0.084655681035762 0.00261422916556288
-0.12979485033653 -0.0546611487104867 0.0922953087561693 -0.0456174132677913
-0.120211845740402 -0.105837626458399 0.11747014230729 -0.0576826420949976
-0.0545992862173059 -0.151382588763385 0.142704653478766 -0.022928171913387
0.026384981084213 -0.170203001779561 0.160316900434499 0.0127524295912427
0.115865301092133 -0.148475577885151 0.147983042015077 0.0283969281006424
0.175191337554796 -0.0888727175758734 0.14617498277628 -0.00338187218407315
0.208010047777423 -0.00759498023875391 0.0132201929128384 0.0105138938736314
0.166986535075454 -0.0521188478383163 -0.0583705527930545 -0.0658017908923266
0.123616982285651 -0.0927563436821587 -0.157791565793468 -0.044158002382185
0.0541051416680049 -0.131113890861368 -0.170910831780703 0.0553495932660846
-0.0265420194415205 -0.137956116298598 -0.105381095714423 0.117028486547179
-0.086751412606974 -0.104378959064046 -0.0351729858317771 0.131762681516906
-0.112798375587935 -0.0663499635751239 0.0126822180824113 0.0981892670387563
-0.133323381835704 -0.0503753391940584 0.0389919707065523 0.0392573265154736
-0.138814713484301 -0.0524434668872256 0.0345188214395049 -0.0108153608373973
-0.151233019440647 -0.0728150684495782 0.043570308437156 -0.0647915073800698
-0.141733532642566 -0.129737984723392 0.0789531650588541 -0.0920035363026427
-0.0663427572676253 -0.18292350778918 0.130208407222287 -0.0570976289786454
0.0382583955818606 -0.207850643766756 0.155144862485346 0.00716098913594759
0.152220167993245 -0.171192536317645 0.122301882593888 0.0482335394611209
0.212365274906392 -0.0884505771768626 0.0760827795990193 0.0191690652472274
0.223174963628423 0.000790949399860408 -0.0756871702047068 0.0076355178594666
0.199028644953069 -0.0589706037032202 -0.113218356588197 -0.0589915820008049
0.149925504068886 -0.121336003071474 -0.17885496031725 -0.0452775692297457
0.0555746992529561 -0.164031424890899 -0.169789630871351 0.0310940215598811
-0.03697154573892 -0.1596814139005 -0.121835597426596 0.073973081620348
-0.0992655350417407 -0.116480077133255 -0.0699336378554906 0.0937132669139642
-0.121506154738115 -0.0741150900301771 -0.0342019799629576 0.0694224428218558
-0.134375152932416 -0.0613749053970814 -0.0136736309687266 0.0183349610335583
-0.136183835930983 -0.0651038967739453 -0.0184497270729176 -0.0294794733523165
-0.144405538583646 -0.085797255545797 -0.00389357874336305 -0.0847089650015955
-0.130415037747393 -0.140067372026527 0.0418746887204511 -0.121029680771776
-0.0514804463787209 -0.188284218916712 0.115628914787613 -0.083663129572208
0.0585945493319938 -0.205067390463283 0.145235313243522 0.00703022527840411
0.17365856099518 -0.156626178916083 0.0913899108678541 0.0681954007126248
0.219078910140787 -0.0665852218330001 0.000260825077338565 0.0360014102996039
0.199361607719088 0.00664220925126373 -0.159509704713614 0.0123883098347497
0.188870075087364 -0.055114695414915 -0.161330506374945 -0.0388105901584176
0.140975369120974 -0.12335541389287 -0.185959450547935 -0.0375348203700368
0.0437773856387424 -0.159879266951866 -0.158226999092598 0.00330748022405278
-0.0395395195888466 -0.147296256438294 -0.138243962940506 0.0267230180484029
-0.0938019057424468 -0.106219601926335 -0.106933166553026 0.0532105108124928
-0.110144928737117 -0.068754011263885 -0.0819707734711512 0.0384313409285164
-0.114803194955377 -0.0620472471454641 -0.0633143621946578 -0.00592802792194258
-0.112815642097024 -0.0688917508503172 -0.0640193088086265 -0.0525493924235029
-0.112410494530983 -0.088646410716366 -0.0367252387343597 -0.106954375555998
-0.0899360088855108 -0.134506531803748 0.019707427369439 -0.143913537521204
-0.015156408030475 -0.165662159399915 0.106864683777504 -0.100204155009126
0.0837074961761716 -0.164533630581848 0.129271322421353 0.00946428576116946
0.174944120475095 -0.108510624829491 0.0562096546842149 0.0769079995301646
0.195345911780756 -0.0289202783575905 -0.0704911810580416 0.0378892703251047
0.140679927818435 0.0148539887581869 -0.219905520470539 0.0231833283651307
0.142337478411596 -0.0353156657277186 -0.188599354912549 -0.0138132147287697
0.104137686784218 -0.0936645333751237 -0.178092596995304 -0.0276549983686508
0.0276007012974825 -0.116979457143315 -0.14372760720397 -0.0211678683647967
-0.029670306651314 -0.103896652530654 -0.151400797308981 -0.00997247905815264
-0.0673173126995256 -0.0781450150374426 -0.138350041383111 0.0218019146958675
-0.0790135223812184 -0.0524703186435504 -0.122037582959904 0.0127974401700127
-0.0780548558223448 -0.0524042306803452 -0.102609733947538 -0.0287263904150979
-0.0742736727986936 -0.0615437148567661 -0.0946520201768562 -0.0772446314022508
-0.0667732300430444 -0.0769773983936495 -0.0509109233082485 -0.131365192990183
-0.0405594738433101 -0.10750992026218 0.0172511565528076 -0.160717376335299
0.0199405370989133 -0.120353650510347 0.107364718656935 -0.106570331486271
0.0947306913815215 -0.102693585636268 0.111966385890268 0.0090275105710413
0.150183100237094 -0.0472682882947809 0.0247389966565856 0.0695121037617907
0.143519188496067 0.00955994247410922 -0.123485343437149 0.0228532357066533
0.0598195426202403 0.0289011777078121 -0.244504963408565 0.0348671273442231
0.0757910422330469 -0.000879118063125342 -0.191167843079447 0.00540480072985567
0.0544113067836289 -0.0412262135470419 -0.163318457277041 -0.0212921126945847
0.0153286562707244 -0.0506350291302669 -0.134880351527744 -0.0356826724249981
-0.00598444418820891 -0.0435782671910063 -0.158772562818714 -0.0252525397693068
-0.025161262573337 -0.0406616000602147 -0.155268945357735 0.00507442065200782
-0.0329975367261524 -0.0317272164631235 -0.145753266889437 -0.00246021750812645
-0.0296872062564199 -0.0343037459137428 -0.124331005390518 -0.0451845833854731
-0.0288805602302795 -0.0404746081689213 -0.108032575177895 -0.0983617758418243
-0.0215809210619304 -0.0481753209165431 -0.0484619992145002 -0.151477129707408
-0.00249705854206763 -0.0647936106059654 0.0301545842124603 -0.169136833306562
0.0324067767301693 -0.0679955222002668 0.112881071938624 -0.10567128616078
0.0788596581219324 -0.045179005280953 0.0997463572547112 0.00433771058075675
0.100658001225416 0.0039752283186725 0.00495389098056755 0.0504387282905304
0.0712635113648477 0.0361998391074932 -0.149687410069383 -0.00155675068891949
0.00772299390450808 -0.0420287155156628 0.176427222201831 -0.00283044249359909
-0.03593010918239 -0.0169478066347047 0.0271960899074404 -0.0706008596281504
-0.0356453732267039 0.013423444054009 -0.0999586901627464 -0.014022122836644
-0.00798295585304807 0.0156130250489766 -0.140152276020086 0.102009018430742
-0.00757747613505925 0.00394271629709795 -0.0463062966975808 0.182099562246882
-0.0115174144300098 0.00838770888070633 0.0522449282243345 0.172399012837315
-0.0138794940826019 0.013048528524371 0.112369071430178 0.123237808607627
-0.0233885794278868 0.0166066937086473 0.145248941891451 0.0514020736282005
-0.0285168944173383 0.0127090900407362 0.150242370111797 0.00440432847157989
-0.0335568154329483 0.00409883185279715 0.157527649677631 -0.0209565612427778
-0.0321808936696192 -0.0100610209621684 0.163894016166453 0.000430171388150761
-0.0161499855004124 -0.0208019197325211 0.152378381102774 0.0303582220730464
-0.0197867383443979 -0.0267863984120251 0.164317796850615 0.0192599048355712
-0.0105516665585711 -0.0446879722742177 0.19309223567664 0.00127158066260088
0.0296303722443056 -0.0505500374671522 0.237833117058353 -0.0526291201069286
0.0880101696768196 -0.0417984339697204 0.149994477766513 0.00781808450099739
0.0316484340271331 -0.0361082907466751 0.0142274540866117 -0.0612956816635383
0.0120859122719016 -0.0208853982023195 -0.111702777389435 -0.0172931872117769
0.011968201520205 -0.0296494331147805 -0.149540905946418 0.0956202452781222
-0.0165541769462618 -0.0444722925933785 -0.063919366917623 0.174476168409634
-0.0423698977008129 -0.0308800992854547 0.0312905454051089 0.174925568444935
-0.0565947844970108 -0.0132854422047981 0.0944723424600444 0.126757012725276
-0.0754701431340592 -0.00385903663380801 0.127583636641065 0.0535578429896209
-0.0828928645179612 -0.00721986688200458 0.128395908896677 0.00159299024184393
-0.0918884550417441 -0.0241623896034711 0.133166624475069 -0.0369580787722512
-0.0851181901699404 -0.0616715027145411 0.147616536864526 -0.031195054864205
-0.0395826721797288 -0.095235572569892 0.152841390866778 0.00309825444236343
0.00474200332580816 -0.107713834047719 0.165492514866228 0.0114587842294694
0.0562523688918024 -0.107516172480144 0.174430282644367 0.00513176085393312
0.110000989798597 -0.0824954651456737 0.204441370002607 -0.0380034894695036
0.160097532024112 -0.0339777466230999 0.0949644882405408 0.0103252333883618
0.103843923569347 -0.0503774694626187 -0.0154463832328666 -0.0633009319201586
0.0686858666080644 -0.0598645390784738 -0.136868604795436 -0.0262209405990687
0.0325714717941538 -0.0833559218651178 -0.162421634894668 0.0854099616473817
-0.025269237289374 -0.0949711055778902 -0.0809704504254393 0.157574516792842
-0.0719216803292893 -0.0691992582457458 0.00651834690646167 0.163108152268368
-0.0939972260904159 -0.0388988278065968 0.0639330464059845 0.118112121010747
-0.116586302493749 -0.023386051819459 0.0917267278674308 0.0489465042032805
-0.125091350551466 -0.0250969884908558 0.0877210323098236 -0.00427345832384982
-0.137967011943447 -0.0444463272017287 0.0911026509516178 -0.0531974628758847
-0.132185485542968 -0.0968230288464491 0.115347157913474 -0.0678935801142241
-0.0680765197638011 -0.149815628586226 0.144760401838131 -0.0331927966358269
0.0138514015745782 -0.175176110772351 0.166246838322045 0.00110250014745974
0.105862064073812 -0.160256622033156 0.154469179618403 0.0192338237095524
0.172590678962027 -0.104586500346502 0.149984341039361 -0.0143677605094689
0.211395342835562 -0.0255227456076276 0.0155994677147118 0.00954870952467054
0.166051323289057 -0.0663232127597451 -0.063372063772612 -0.0644686536249173
0.118189791808487 -0.103695264057993 -0.164875450189572 -0.0340669255126151
0.044736959066511 -0.137616395564459 -0.171374186547518 0.069408148763361
-0.0386305478655542 -0.13832970722278 -0.0997593253824061 0.127329136195493
-0.0969843185537212 -0.0977979254924654 -0.0253160236900699 0.137476873381631
-0.120854360422612 -0.0568127195245817 0.0213870263947835 0.0993451045621444
-0.14044217493511 -0.0399292291594025 0.0427609269194156 0.0371048335393617
-0.146690947426251 -0.0412786310510561 0.0344565996470147 -0.0134460244539339
-0.161222979875185 -0.061323953078051 0.0387518475415308 -0.0687893019007716
-0.155324006792443 -0.119777813431701 0.0718054620646685 -0.0998789558677752
-0.0832688023036418 -0.180911573204878 0.12921159288783 -0.0678093083436015
0.0219296112807924 -0.214533455494859 0.161812737106308 -0.00492963848477029
0.140906636756853 -0.186680227301289 0.130564512037514 0.0412572022665826
0.211131971649194 -0.106670438254266 0.0808254936721063 0.0137509323143749
0.228356881044856 -0.0177856425406792 -0.0757034774219498 0.0131489909791595
0.197663713868284 -0.0754586373478025 -0.117569536372671 -0.05317518101429
0.142570346465046 -0.134564295304569 -0.186421345328961 -0.0332158151721602
0.043592458580904 -0.171343015813895 -0.172497680392416 0.0441697858454718
-0.0512448088139688 -0.159629026012171 -0.120318580021658 0.0851845753557603
-0.111190964817354 -0.109408205111658 -0.0639055543011031 0.101322272492278
-0.130065077856193 -0.0646086917744766 -0.0298515204611875 0.0727569239604636
-0.142795949147352 -0.0508819602377922 -0.012476929056787 0.0198677083468269
-0.145748663696928 -0.0542565845613201 -0.0212311341641105 -0.0272966165700313
-0.155255988795894 -0.0746042554194969 -0.0106083719095417 -0.0849751774530499
-0.145142052787763 -0.130876143854395 0.0317485864726874 -0.126208848677058
-0.0679423543841299 -0.187307343177817 0.111952550928471 -0.0937004280780756
0.0428448550311843 -0.213461775180148 0.150235885964805 -0.00436710340061482
0.163396459117178 -0.173062673171109 0.100424223314595 0.0633377251086922
0.219154399446484 -0.0851099874417413 0.00395277855684153 0.0366415930377678
0.204610157499282 -0.0100337515703465 -0.161627616717044 0.0241704751955582
0.188448006800997 -0.070640528789896 -0.164878264586632 -0.0283665097391361
0.133624831830622 -0.135609440775485 -0.192161658066739 -0.0250842050349769
0.031742005409983 -0.166068732846431 -0.163079541391039 0.014320036178047
-0.0527930740036623 -0.14629412762328 -0.140661617619608 0.038157218987409
-0.104995727698417 -0.0995194703358804 -0.105621293439281 0.06320301260322
-0.118010659183732 -0.0601638556914119 -0.0813238170146313 0.0462224823446854
-0.122445133087163 -0.0530065366430738 -0.0656917488483195 -0.000365705432552577
-0.121668126022221 -0.0602701831954147 -0.0702268192162637 -0.0473085801083684
-0.122988252372864 -0.0809031853581268 -0.0466476369016969 -0.105437817529378
-0.103245929502876 -0.128334186201622 0.00748616259520559 -0.147940728959319
-0.0289041730815295 -0.166997694157639 0.101329361192342 -0.109371843309119
0.0718448618742348 -0.173070820371242 0.134979691230435 0.000148698285116849
0.168848736314847 -0.124768994496885 0.0649516317310513 0.075018081899952
0.197273543909256 -0.0451875488997869 -0.0684360653776603 0.0440288404894356
0.145016754964988 0.00310901642108333 -0.222598041322154 0.0405360863267895
0.142632432901314 -0.0476363711157175 -0.192266936422196 -0.00115220650588355
0.0985721630328854 -0.103032260619275 -0.183850348320511 -0.014948219595871
0.0189465177876658 -0.121229542907347 -0.150180431791263 -0.0121464078656512
-0.0388623919121441 -0.102915276760094 -0.156229865104551 0.00306236022501115
-0.0756472885833377 -0.0731423947195388 -0.139813346489541 0.0334693213789093
-0.085290440735886 -0.0469645248130879 -0.124254995006094 0.0233513670484434
-0.0839099215662195 -0.0469276011666993 -0.107549687670022 -0.0194690685782145
-0.0805203426877251 -0.0564050227753982 -0.103499730988894 -0.0692172495611581
-0.0744877483479209 -0.0728449731592933 -0.0631952970736791 -0.128921049415271
-0.0501071204527866 -0.10575065344909 0.00463642046078613 -0.164994269103222
0.0104215451726083 -0.123753158611619 0.101544919705817 -0.116111923894169
0.0885368191801014 -0.111121252727264 0.116812557996805 0.00127479174614458
0.148869442301864 -0.0599608803328174 0.0321264717939333 0.0694645323690466
0.147175420670848 -0.00234880560504257 -0.123511424356676 0.032968345132747
0.0632550543988197 0.0240151262698325 -0.247799263020225 0.0542215963461368
0.0773932802820435 -0.00738180715273036 -0.194448651436839 0.0179221078976392
0.052416677475298 -0.0459180715369078 -0.168605336890526 -0.00957128124112813
0.0121546810782349 -0.0524822025428611 -0.142482005370325 -0.0269321858970626
-0.00867658751946558 -0.0442819383701043 -0.165138390613947 -0.0124909339043153
-0.0290273496365303 -0.0385891927499761 -0.158868899854958 0.0176791164208545
-0.0363563011127157 -0.0292576926386631 -0.149222511945216 0.0105992735391064
-0.0326754569701222 -0.0336335715146109 -0.13155246606733 -0.0353801572907792
-0.032235657012424 -0.0383638460191758 -0.11843537657398 -0.09015386104319
-0.0257638355928804 -0.0475170041137121 -0.0610258836792788 -0.149361732757423
-0.00862592930252068 -0.0654360161796992 0.0163268632524714 -0.173819147768858
0.0275089594975653 -0.0714664999689333 0.107742540067313 -0.115582170112397
0.0773011314447455 -0.0519956802532354 0.103801881651251 -0.00226754650645136
0.102275952719632 -0.00420525915227688 0.00973753026583889 0.0514619842581872
0.075753323175078 0.03099810606358 -0.152843338461305 0.0103814522604877
0.00439687422245714 -0.0422271515889832 0.172581758041885 -0.0167205670203554
-0.0360002139050683 -0.0138631321011582 0.0207368350308339 -0.071741874070504
-0.0331236845974097 0.0147702706302588 -0.099244380676308 -0.0069481889003474
-0.00660887648124177 0.0151888102920905 -0.129624603889054 0.110142995441303
-0.00756913458821245 0.00410914642434662 -0.0324314185015211 0.180031839151221
-0.00982143995841979 0.00881941773150807 0.0639464437511901 0.162946309012346
-0.0124049862565649 0.0138335070668987 0.119207387857835 0.111021030208609
-0.0213810801175609 0.0178870054934946 0.145614506868297 0.0380560530819596
-0.0269930175447366 0.0151738267884492 0.147096462579044 -0.00727603366217191
-0.0327468289793397 0.00644834707981359 0.151513731634621 -0.0318777363705627
-0.0314499103999263 -0.00753842268116635 0.159654004654353 -0.0110502600978242
-0.0179497992429146 -0.0195323389086898 0.151921613683353 0.0195880094873919
-0.0212540372369235 -0.0247338513865091 0.161084067679308 0.00732698630755109
-0.0132064220228181 -0.042287805250752 0.18718151978038 -0.0114637156042354
0.0251870613107526 -0.0518839717507841 0.227425052413079 -0.06690709975476
0.0822049790040042 -0.0473406648812513 0.147605392240989 -0.00418925650516531
0.0284228192593241 -0.0373659345890182 0.00964031540193921 -0.0619403721201305
0.0104768241587703 -0.0209134261761747 -0.110989942436942 -0.00933646278716681
0.00887835148180109 -0.0300830396595002 -0.139126474247784 0.103472581256383
-0.0192873784374167 -0.0419297666570511 -0.0502667581555176 0.173191477930295
-0.0435691926722157 -0.0262533883442393 0.0438491231867217 0.166874045676333
-0.0564633446218528 -0.00812382028280409 0.101743839239355 0.115805145258076
-0.0735407098231055 0.00255451449038097 0.128544434842038 0.0424342299979318
-0.0814756705095892 -1.95687689310189E-05 0.125756635589492 -0.00757140674154414
-0.091695299129049 -0.0162905616393189 0.126582368690914 -0.0447757664484456
-0.0880970146803488 -0.0534158600753772 0.141844302105763 -0.0408471407337793
-0.0454160542544502 -0.0893588617834555 0.149654665372486 -0.00667663287604973
-0.00315544217821298 -0.104727129177763 0.162382295187645 -0.000782998371500003
0.0464829827988268 -0.107830281447269 0.170705688943327 -0.00627694101477294
0.102070327731437 -0.0880925864525675 0.196761392147652 -0.0506212043730319
0.153495365525269 -0.0454591734121252 0.0943912180579216 0.00210928838162904
0.0970118084649059 -0.0566556289700208 -0.0189234089193522 -0.0618287116142239
0.0625850459617861 -0.0620275989323049 -0.1354641701892 -0.0166624074081196
0.0257754968654421 -0.0829848238073925 -0.152708600507133 0.0943341860929568
-0.032186278913717 -0.0894139385400373 -0.0680213108700296 0.158511628232046
-0.0746251735670291 -0.0608713267610375 0.0183875185638691 0.157815104334649
-0.0944970969416 -0.0298564146901195 0.0710681935153156 0.110178655255648
-0.115265194543596 -0.0133269949890581 0.0933871069866412 0.0408346261504123
-0.124057481982795 -0.013916208072058 0.0860629928309862 -0.0102175870848569
-0.138247568433996 -0.0321893959097306 0.0842752413204843 -0.0572319385989363
-0.135716953974635 -0.0841202680124817 0.106119561262885 -0.0737054207317838
-0.0775706473079943 -0.140006347661952 0.13975365382457 -0.0418845283944508
0.000533303336629285 -0.170885486701686 0.162734111936294 -0.0105418913499588
0.0903391865519699 -0.163477144622922 0.152602121399453 0.00870717453500385
0.16166403249043 -0.114307939266946 0.146463457252878 -0.0245062698229383
0.203181781950492 -0.0411677204015534 0.0179106918100629 0.00728521434967156
0.155790873522173 -0.0766681689070626 -0.0633320855629785 -0.0596911126615532
0.107086315064146 -0.108088018301504 -0.164002142862863 -0.0216471421797852
0.0328857460586637 -0.136308048361053 -0.16321687599989 0.0794698917614259
-0.0484861070900689 -0.130760924598282 -0.0887760519560098 0.131212657005216
-0.101836842358931 -0.0868252176437512 -0.0141527764919646 0.13530312729843
-0.121499434755994 -0.0451341128680132 0.0280372824473224 0.0941555286928821
-0.139859706733391 -0.0273895177219804 0.0441706808133368 0.0332064346157873
-0.147119457452385 -0.027656701856722 0.0328841286827661 -0.0152570266756581
-0.162169009689303 -0.0462421177848646 0.0330425123228216 -0.0690752630702526
-0.161233745275123 -0.102980571115933 0.0616062771352116 -0.101724832769642
-0.0943462280617981 -0.168476846875056 0.121048213476408 -0.0739762065411674
0.00544979620875738 -0.209183799243503 0.158385366981657 -0.0167857242473423
0.121707257327198 -0.192020752509268 0.131616466373698 0.0313460490287953
0.198046123515807 -0.119024273243349 0.0804652871674914 0.00708561077090671
0.219949117332849 -0.0355813704824253 -0.0714068788294565 0.0174139495915695
0.186365490002879 -0.0880928738275182 -0.115712127823585 -0.0451179463099455
0.12865960317536 -0.140427772329994 -0.18442477094714 -0.0202530933846096
0.0288441294702385 -0.169502846161426 -0.165495577192992 0.0554781286847513
-0.062410936151721 -0.150458159907713 -0.111051881520899 0.0921239505029026
-0.116549776088558 -0.095844506888429 -0.0548031451621204 0.103141845438423
-0.131758302420755 -0.0512856538106223 -0.0235429969434652 0.072816628880335
-0.142876549880132 -0.0373395597533636 -0.0105956478954187 0.0205699149217685
-0.146055575446045 -0.0402278319912074 -0.0225263229395167 -0.0241301015316038
-0.157644734670457 -0.0593394097102362 -0.0160609413099863 -0.0804488809547598
-0.151218451122928 -0.114589433779042 0.0202335663286515 -0.123720084695096
-0.0807667742199871 -0.175390431956186 0.102706408766436 -0.0981091238868848
0.026427439634449 -0.209410657185204 0.148059007707569 -0.014700581852064
0.144342896774045 -0.180758006420577 0.10382556156832 0.054666346573307
0.207259691740398 -0.0982596777898817 0.00693293296232626 0.0343973614943263
0.197890495821771 -0.0256920953129325 -0.154174226436235 0.034782549755114
0.177591800329021 -0.0823991449505167 -0.160533271011096 -0.0183807723103267
0.120076223528531 -0.140816368120789 -0.189356623050028 -0.0119303532201081
0.0188544310873104 -0.163131497217764 -0.158468696491793 0.0253948128771136
-0.0627046555147877 -0.138037950934494 -0.134070769945856 0.0484980356214135
-0.109798329070492 -0.0874919892670884 -0.0978888925394902 0.0693551748338114
-0.119692126012629 -0.0485249479317565 -0.0757168905979529 0.051174621716363
-0.123904478591456 -0.0416484306037194 -0.0642890878080196 0.0056506609705947
-0.123158775036174 -0.0481191833589671 -0.0715133842439437 -0.0392252113893456
-0.125993871173182 -0.0679649970989274 -0.0528634270303115 -0.0978070675234446
-0.110668983363394 -0.11458681771604 -0.00480275446311462 -0.142970808777653
-0.0409028661665441 -0.158974102664171 0.0914689154026409 -0.112874279423457
0.0569694209494524 -0.172690673711964 0.133035331643628 -0.00952064531040164
0.153383020660187 -0.133563398484019 0.0705828549269387 0.0681909924951135
0.188664923562137 -0.0578573513308036 -0.0625932012902812 0.0470506341011675
0.141075710022158 -0.00742451341629624 -0.21327582230057 0.054933750468601
0.134988052978305 -0.0558932840089514 -0.185067340393379 0.0103204164816579
0.0877327881543781 -0.106405695679953 -0.179503611576978 -0.00270015936831715
0.0094397432385901 -0.119059814926412 -0.148389210041461 -0.000457159044461528
-0.0451444382161864 -0.0971176089671516 -0.152733319809764 0.0150534128934684
-0.0795120112753289 -0.0638307462451887 -0.133673932274584 0.0434201148693281
-0.0863957921563528 -0.0381789721439785 -0.119373991564311 0.0328144507861442
-0.0848724936552222 -0.0396143982682049 -0.106332259866066 -0.010192484482517
-0.082154049117479 -0.0468832998207795 -0.105891885381478 -0.0581700618185872
-0.0781148949380804 -0.0643810224908358 -0.0710860030007144 -0.119438917400961
-0.057542116528478 -0.0981634598208603 -0.00870691365133502 -0.160050746814929
0.00100686322115182 -0.120889738159851 0.0903975040163113 -0.119272392672622
0.0776778835870118 -0.113512948882867 0.115428605075427 -0.00663200980415337
0.139114707125492 -0.0692574644547801 0.0374702945885015 0.0652188444262229
0.143239174022833 -0.0127875626444839 -0.117425820095682 0.0410457542046286
0.0629760702126182 0.0184282922450508 -0.236550799726753 0.0706177856937273
0.0742828375907608 -0.0128073600567587 -0.187152974695545 0.0290036140470533
0.0475213563570823 -0.047160461804977 -0.164941680867132 0.00209827410845375
0.00786725410213955 -0.051510004340573 -0.142119944834923 -0.0158914315632785
-0.0118072626766821 -0.0418461669132034 -0.162217905870981 0.000873061176577771
-0.0313265333085534 -0.0343325230934475 -0.153132985877172 0.0295500358682186
-0.0375905042111248 -0.0251961536782687 -0.144448746723987 0.0220557005085713
-0.0344808267788127 -0.0300690845720503 -0.131033282180741 -0.0234616187214776
-0.0336895221084996 -0.0347233575297824 -0.122355668232172 -0.077408820678523
-0.0277580178168281 -0.0446398821075635 -0.0707328583540909 -0.139810533357358
-0.0128136126193132 -0.0629855113404949 0.0024999082243691 -0.169441390360349
0.0206018905258085 -0.0716262663097532 0.0969894362019617 -0.11950382453432
0.0712274524464464 -0.054822876095073 0.101395473566673 -0.00934408365312226
0.0986841658018495 -0.0119314708311749 0.014239371927415 0.0492297409552331
0.0753475716011726 0.0247357076696699 -0.147288944818246 0.0213314777148891
0.00226465573648926 -0.0409546660509156 0.163123335647335 -0.0232502173698117
-0.0342262761921038 -0.0122792584201871 0.0165808810589339 -0.0691144821655046
-0.0302784969212722 0.0154254978727976 -0.0955396059955951 -0.00413699460612873
-0.00602400980657981 0.0143143453837096 -0.119655554184811 0.109084759485548
-0.00737600612923571 0.00450502199916357 -0.0245035491406978 0.171207869799082
-0.00915756769048847 0.00868402326147181 0.0669658524009322 0.152277538751838
-0.0108890607731354 0.0134181838129647 0.117594277941717 0.100439363589266
-0.0192565977292262 0.0175227504696466 0.140140075116338 0.0303521759469093
-0.0253622758679272 0.0159186941236135 0.140056676484353 -0.0125707815680697
-0.0309386581577092 0.00808768748506325 0.142075881530205 -0.0351118946743218
-0.0304170804761809 -0.00652893381952563 0.15092983527973 -0.0162618338584067
-0.0174677405720941 -0.0182674468279135 0.146231100505664 0.0143917254896598
-0.0210459503433358 -0.0228435527193471 0.152749177860448 0.00206482662678415
-0.0137659464505164 -0.0394374179173467 0.17755496434385 -0.0160617327535618
0.0219344371733148 -0.0505100089554068 0.214313755539159 -0.0698895073227357
0.0755844829347198 -0.0492072664238709 0.140952538752399 -0.0105030006075796
0.0254151016918161 -0.0362757669811188 0.00783540730614451 -0.0602565484994143
0.00974520432653511 -0.0199148620256319 -0.106812799363794 -0.00584608994438374
0.00776589748439672 -0.0290200509893045 -0.129660158564762 0.102982447384546
-0.0208694664203066 -0.0389096855314136 -0.0422498797349354 0.164906864126711
-0.042484879201648 -0.0232573341651289 0.0477716192969687 0.156304655348405
-0.0533815573888143 -0.00573039330753929 0.101424210830526 0.105878249920703
-0.069542523160695 0.00479457334347262 0.124280343927189 0.0352911074522231
-0.0776910854706806 0.00425030187446956 0.119863832643064 -0.0126701765938543
-0.0885125884874533 -0.0111764774025733 0.118513257047032 -0.0465149294916215
-0.0850021639441169 -0.0464927571291119 0.132340178988371 -0.0430566229693554
-0.0464140304140915 -0.0824917526840359 0.143854230517661 -0.0111300150837524
-0.00710118237920609 -0.0994701756979266 0.155045957401825 -0.00535463339907831
0.0402080413196833 -0.103757548573141 0.162326231704048 -0.0102603514961536
0.094390657758618 -0.0870439631308223 0.186078195815875 -0.0541822257304489
0.142637229494652 -0.049359866200928 0.0906451812261665 -0.00233465398819322
0.0900631017897075 -0.0572683074712917 -0.0191928915822238 -0.0596735346627668
0.05714500818229 -0.060932082011663 -0.130303487653638 -0.0120609729264353
0.0208092321413011 -0.0792313038272236 -0.141869045336382 0.0946879373297019
-0.0345199492687197 -0.0834577164682682 -0.0600652823114858 0.152356065780375
-0.0730799669874512 -0.0536887118197613 0.02351865506544 0.148399896168278
-0.0908731225328327 -0.0242024137507542 0.0715934598104304 0.100947011078059
-0.109984597524628 -0.00801858650327427 0.0904319705122629 0.0344348267795592
-0.11833819386065 -0.00717374605184874 0.0816293282269407 -0.0130004121649083
-0.13311559622664 -0.02427381897274 0.077886311376155 -0.0567879050746262
-0.13197166557551 -0.0739240523069279 0.0970904633287532 -0.0733625168996193
-0.0792979876383962 -0.129757348720135 0.132175061931268 -0.0435048799230367
-0.0060327269667295 -0.161560488237831 0.155071657709979 -0.0151473332576869
0.0792239351643338 -0.157567648418234 0.146180470581826 0.0036509033799008
0.149792431812424 -0.114006605143426 0.139223296158902 -0.0282285551491685
0.190485374737 -0.047151161515636 0.017853984172108 0.00434620518807672
0.144729947837341 -0.0778642520730592 -0.0612922960586687 -0.0565810430350286
0.0979096208998527 -0.105498110936143 -0.156798073017743 -0.0167577713077424
0.0258288085969016 -0.130376978042887 -0.152611121973408 0.0803374502102194
-0.051674655210054 -0.121673192646251 -0.0800210782121613 0.127141793362134
-0.09993682420485 -0.0767103989554083 -0.00796835148555291 0.128607724927808
-0.117147775538502 -0.0373863734665231 0.0298796627431804 0.0881990925801481
-0.133968736123778 -0.0199280740276083 0.0437436284951827 0.0296613690623595
-0.140725521276686 -0.0193114053437456 0.0320003196405967 -0.0158245932141865
-0.156350712132722 -0.0362748280174145 0.0290244590475511 -0.0655585784757194
-0.156367741226973 -0.0903407007443699 0.0536994611408878 -0.0976360737172198
-0.0963794041186882 -0.15566783368406 0.113952805157483 -0.0733411642507975
-0.00256213083359762 -0.197375208295097 0.151158946389618 -0.0212899996178325
0.107586610578037 -0.185688801637396 0.127367475260233 0.0257161548355962
0.183890298471676 -0.119968555649836 0.0776401607283082 0.00402952166295502
0.207122895144955 -0.0423851621921738 -0.0658140350052873 0.0178272413886503
0.173094998728311 -0.0901389173983028 -0.109106376173839 -0.0413701480928669
0.116864888061306 -0.136891567760036 -0.176061745930681 -0.014242559356416
0.0210760763498178 -0.161155541985128 -0.156019552134486 0.0576304291151335
-0.065403315152216 -0.139735119181503 -0.102908790921947 0.0917763913238396
-0.113948434160503 -0.085194280597681 -0.0484425128652254 0.100182201144725
-0.126558356539003 -0.0426734963312812 -0.0193847845260175 0.0701497572503178
-0.137223296166396 -0.0292761158451137 -0.00936506288084635 0.0205445851570669
-0.140560106718532 -0.0313203815404395 -0.0215097187610781 -0.021074453971472
-0.152443495878311 -0.0490707769977372 -0.0179947314753421 -0.0746799983601833
-0.147852934322238 -0.101648077073996 0.0137062315529154 -0.116612919559663
-0.0836067984757441 -0.162494757152316 0.0952119846381074 -0.0959692048628581
0.017023411703367 -0.198298975895306 0.141914227857522 -0.0197273898671817
0.129518639399489 -0.176518444322546 0.102456301361759 0.048403461901374
0.194007717587009 -0.101051867500155 0.00905199068557229 0.032447426816802
0.18616464746865 -0.0317035204659848 -0.144160275702353 0.0374663268413263
0.164802870769718 -0.0849373114384148 -0.150851491004327 -0.0144626583185179
0.108412588228072 -0.137142597808487 -0.180160325628364 -0.00536396887235697
0.0112648582883181 -0.155198301021845 -0.150805321056046 0.0288826955298587
-0.065447576781334 -0.128264042291833 -0.126002261609504 0.0513942734271759
-0.107413410787729 -0.0767714062266004 -0.0905318083216918 0.0699915245302394
-0.114939140481601 -0.0404807817568667 -0.0708809658826556 0.0520254137685044
-0.11923312747459 -0.0341929816042694 -0.0614297791830673 0.00829551971300991
-0.118647612746682 -0.0400754952336274 -0.0687339928271302 -0.0331018498845764
-0.122370010208296 -0.0591879175921663 -0.0537434582531318 -0.089880536426873
-0.109323280086538 -0.103258586184426 -0.0108963959278027 -0.134301324658173
-0.044938367498311 -0.149145148372589 0.0831525541409808 -0.109142406679813
0.0480559170436703 -0.164698802714602 0.127504108717467 -0.0138721054626828
0.139287410629397 -0.131907207228506 0.0707733996849591 0.0626078894545239
0.177115749511703 -0.0623316818773381 -0.0573742911506092 0.0470690917584136
0.133588597082596 -0.0137010480385038 -0.200260015344588 0.0591697155268442
0.126070412232142 -0.0580941944183567 -0.174460113244139 0.0134667499095857
0.0794198918836782 -0.102734720732448 -0.170469086091942 0.0021402953708146
0.00431035340104526 -0.112661062650339 -0.141792707538217 0.00372038226813855
-0.0470340520068283 -0.0903561881783498 -0.144455551572669 0.0203158838808393
-0.077550336426603 -0.0562513548732799 -0.125943369020037 0.0466032821232227
-0.0837152835175931 -0.032141024613709 -0.112381504534482 0.0368799086647227
-0.0821866725408619 -0.0342698492376053 -0.101978462363096 -0.00438916017541456
-0.0799659780516179 -0.0413089729731744 -0.10221838106314 -0.0499969289216293
-0.0761879516884868 -0.0574889878512236 -0.0716958068475071 -0.109805388723366
-0.0580319150794663 -0.0899304119926886 -0.0150691044361587 -0.150127103322512
-0.00370038155322241 -0.113660530732024 0.0822672586657739 -0.115733856455196
0.0696124727100319 -0.109551984691409 0.110963590722015 -0.0101352307795835
0.128363536586277 -0.0702485268766161 0.0387092275103605 0.0602965952867702
0.13468393758107 -0.0169292869791272 -0.109169379267307 0.0439067268513006
0.0602186179762965 0.0147872044319582 -0.222850105312313 0.074129063112062
0.0703701823296522 -0.01461936181065 -0.176935160116401 0.0317981106508488
0.0432789922325505 -0.0458971261444588 -0.156207851213807 0.00579654604273342
0.00605951694194979 -0.0489552918042174 -0.136582655526774 -0.0111262587986513
-0.0124297913626641 -0.0395977606803797 -0.153902668210446 0.00730146005803426
-0.0308571812375312 -0.0301326761456171 -0.144871720494862 0.0341169902217176
-0.0364672323157003 -0.022127439289143 -0.136409192527278 0.0271709356658636
-0.0337741777103316 -0.0275730140184166 -0.125863062707819 -0.0156805366405219
-0.0332966471092738 -0.0319603881490862 -0.118220831986257 -0.0671155351188403
-0.0281116481430808 -0.0409848008123734 -0.0722668308616224 -0.129147300861569
-0.0146566674855027 -0.0587473095128842 -0.00455979815895485 -0.159543010534459
0.0172557060330598 -0.0680987362360791 0.0880782936194213 -0.11605933134538
0.0657564771267076 -0.0538679549289 0.0979379556094755 -0.012096931824031
0.0921849365146961 -0.0149625513945867 0.0160303306998391 0.0462820240283416
0.0714859977667723 0.0215250027289054 -0.138863828229787 0.0257854199377814
0.0021014252736125 -0.0400127539524366 0.158060931520076 -0.0230665468090718
-0.0328870276467068 -0.0121142113153561 0.0158400882435922 -0.0671827442872209
-0.0286678399910075 0.014116895657753 -0.0929718054090367 -0.00491729131906318
-0.00628973228561013 0.0134026668575916 -0.116300020224475 0.10463922830742
-0.00801702945848002 0.00419264606125614 -0.025061485543898 0.163184182698522
-0.00892584378772445 0.00790539303966109 0.0643973594211765 0.14450244058617
-0.0108345869937754 0.0126115452588778 0.114235560025477 0.0960742283393248
-0.0188576299412561 0.0169943155671386 0.135713497666323 0.0289208692362547
-0.0240265642535253 0.0161019464533356 0.135449415617716 -0.0121820113209367
-0.0302187560011658 0.00801492784766015 0.137334173281568 -0.0334600366060926
-0.0290023188364604 -0.00676442549984752 0.145805121361733 -0.0146751538146274
-0.0168010122257271 -0.0182762259720395 0.142034220148709 0.0146778521144439
-0.0200007116950072 -0.0217679740630558 0.14724938618614 0.00339992154507117
-0.0127148531930026 -0.0376488278001209 0.171383141689123 -0.0129685621599279
0.0217267528702848 -0.0482884824740307 0.208052929909156 -0.0651386758235935
0.0724731176357538 -0.0475524446096933 0.136406197647182 -0.0113314258881728
0.0243180205038821 -0.0348364931282869 0.00785627112170582 -0.0591179694969302
0.00984823520258939 -0.0188731476279273 -0.103172471162943 -0.00687340660103104
0.00711980802259935 -0.0277974538488618 -0.125102083041175 0.0986745123835537
-0.0202807534284246 -0.0370763552938847 -0.0418192112817598 0.158354009015096
-0.0403227205190063 -0.0220147688997006 0.0460976282947686 0.14909507896486
-0.0515265268143918 -0.00538589668857822 0.0981020356879786 0.10072091488526
-0.0674006266381265 0.00501455575105876 0.120448790353252 0.0336145602798765
-0.0754761303934974 0.00463368554292974 0.115785553379403 -0.0121449475149534
-0.085587017499023 -0.0100761909390439 0.114561939542789 -0.0436826231787413
-0.0817767260234665 -0.0448529626617697 0.127380901205737 -0.0408438288122713
-0.0447626883963864 -0.0797631253939497 0.139164892221815 -0.00971992616394267
-0.00615633514785052 -0.095360033690626 0.149281002494475 -0.00411362355590131
0.0389052829627428 -0.099269431234269 0.15765615981966 -0.00837270019728529
0.0916090569730854 -0.0839341776223159 0.180379599660539 -0.0509748758221744
0.13661117627136 -0.0477432721921291 0.0884234413076962 -0.00427587121710174
0.0860365823014726 -0.0551313281819012 -0.0169180880177504 -0.0590428892670455
0.055956400897501 -0.0578724169358362 -0.125620548908225 -0.0129152338369395
0.0203224370264458 -0.0765585330644391 -0.137632689821449 0.0905435459835399
-0.0335957289614528 -0.0796823158941454 -0.0584435518631601 0.145244489108979
-0.0702816605388579 -0.051115547333353 0.0231620947668913 0.141885553192266
-0.0867204440540824 -0.0228147397971161 0.0693108772153635 0.0967012222870011
-0.106048495666226 -0.00695688407829115 0.087557029178144 0.0333150474959761
-0.114810436526433 -0.00604339403392588 0.0792188539501879 -0.0127335162659417
-0.129269289680354 -0.0226129519976448 0.0766025689504061 -0.0540815231511727
-0.127737089611364 -0.0701331299532816 0.0932065479476082 -0.0692662411057824
-0.0762852357048128 -0.124404645010085 0.128141978211605 -0.041217198117419
-0.00526310096243462 -0.155244617766637 0.150496123410021 -0.014336192404841
0.0766830940988492 -0.151191571980788 0.142241517410152 0.00432651268930967
0.145702718223512 -0.109874968273798 0.135078048319942 -0.026949620243437
0.182762533523267 -0.0459774751641992 0.0184552047401024 0.00264709885225982
0.139558278104034 -0.0744144341566712 -0.0569861649268522 -0.0569212935575571
0.0949147948308516 -0.101038880877824 -0.151687380865483 -0.0173069257455454
0.0248866840190112 -0.125114993985952 -0.147934896759795 0.076429714858757
-0.0505754838050226 -0.116078964771278 -0.0775568932668523 0.122352994483901
-0.0959208084821958 -0.0727039264690646 -0.0073804891933456 0.123157540227997
-0.112156673907636 -0.0349274046639224 0.0296315319023594 0.0841401033701984
-0.129290202974928 -0.018104823687562 0.0423909055573877 0.028410052382347
-0.136266954267105 -0.0176655713946029 0.0312819138517585 -0.0148645030589546
-0.151498690031329 -0.033640971724802 0.0291845044309496 -0.0619305285014025
-0.151212222370383 -0.0854119050848448 0.0510949595394028 -0.0920367839962099
-0.0930074166919874 -0.149183140143618 0.110535876586201 -0.0701063251204325
-0.00232357022973447 -0.18953047294955 0.147292376104934 -0.0201332871150703
0.103695275536241 -0.177864024602509 0.12433020414701 0.0250568904447018
0.179071760334706 -0.114968387577001 0.0756413135512871 0.00363762636446464
0.19867553577321 -0.0405328135886583 -0.0624872368727908 0.0149200388661448
0.16652502040284 -0.0862793658857165 -0.103782868830171 -0.0428180514651103
0.113122969510195 -0.130423324655499 -0.170109595276411 -0.014842984632594
0.0200741744065211 -0.15528508681859 -0.150485064558392 0.0542851979930451
-0.0631146955192239 -0.133401814078165 -0.100053195094488 0.0875796910930617
-0.109650739063036 -0.0802552834653039 -0.0461003130205848 0.0960017756343054
-0.121745071043743 -0.0397246578053718 -0.0183407087065841 0.0678116078387675
-0.132183775284311 -0.0269933119738447 -0.00924024286556822 0.0206086459611089
-0.135625862437047 -0.0290836802197363 -0.0200984084033007 -0.0200208591229975
-0.147467827878881 -0.045731691249251 -0.0164060815524208 -0.0710022207191667
-0.14301959151287 -0.0956407503902434 0.0125587116010247 -0.110778561284202
-0.0801113648297515 -0.155697039012702 0.092719168500422 -0.091284728455671
0.0164918521039847 -0.1901609136655 0.138086604984959 -0.01860096770052
0.124266087518054 -0.168592653467322 0.0995953474515165 0.0470524711927277
0.187706069988323 -0.0968895751375875 0.00912743442899338 0.0305604294373238
0.178881260329973 -0.0310795362695149 -0.138680252433728 0.0340365002434989
0.158497400316251 -0.0811315147636185 -0.144429695293619 -0.0166418333784859
0.105480547667593 -0.130155217770961 -0.173846058438688 -0.00691736264170283
0.0111631551454155 -0.149299731914065 -0.146123312612852 0.0268774074633206
-0.0634262887004707 -0.122595637692713 -0.120892553573592 0.0494398786525465
-0.103337487587903 -0.0723321132938675 -0.086420044196793 0.0679971183747669
-0.110833945446024 -0.0376978679465789 -0.0676564614142896 0.0502686554137136
-0.114781968414687 -0.0325415202890427 -0.0592341748369325 0.00870126741574401
-0.114469472608042 -0.037465154331078 -0.0663300948185328 -0.0314529612220795
-0.118433199838021 -0.0552624604600957 -0.0512002643136238 -0.0850217146132054
-0.105526141677962 -0.0984460375700784 -0.0111323411365792 -0.127885207927554
-0.0432637573883977 -0.142140640963699 0.0809485376238431 -0.104435028912273
0.0462729654690104 -0.157719196787096 0.124105109612814 -0.0130140567557483
0.133876812500787 -0.126388517173622 0.0691318839710846 0.0598875443823346
0.171332250118849 -0.0592141841654566 -0.0544522801317465 0.0447933217548177
0.128371572331018 -0.0132341333508969 -0.193416716596159 0.0556453536069307
0.120878462340124 -0.0552943595853498 -0.168174559183172 0.0102679928760972
0.0771387593259418 -0.0981190925665924 -0.164463849811164 0.00100823267247827
0.00441145910607271 -0.108348100582825 -0.13744110148955 0.00228874515876593
-0.0453806030914766 -0.086828769095777 -0.139229877722384 0.0198537541701212
-0.0746606955561689 -0.0526820101761945 -0.120834441684063 0.0451379362814033
-0.0805372248499061 -0.0302460877084086 -0.108286027321402 0.0363970266804132
-0.0796168185394396 -0.0321734757950609 -0.09878945502293 -0.00299485081689625
-0.0769876243800299 -0.039559805514897 -0.0984018784117793 -0.0469685969430188
-0.0735205513792682 -0.0548765056825604 -0.0684418714764054 -0.10466714125298
-0.0560247279106111 -0.0847762445715111 -0.0145344792508926 -0.14277636205019
-0.00365826538286811 -0.109299308426692 0.0792570854860755 -0.110785909574709
0.0674117508271557 -0.1046838230902 0.10852347953789 -0.00876788821760527
0.123234109654164 -0.0669457629063977 0.0381569159783152 0.0573783419563082
0.130060930926353 -0.0149554400958651 -0.105255373195729 0.0414014469861676
0.0575832428851941 0.0141062404743854 -0.215890190276932 0.0708559131343467
0.067691861067741 -0.0135537550560658 -0.171604325585043 0.0288039459850124
0.0420614199607185 -0.0433051014555778 -0.150669480115387 0.00444151140480501
0.00572858018671802 -0.0469782252326455 -0.132255067261512 -0.011601096428482
-0.0117683963777875 -0.0388152453050743 -0.147686243580829 0.00772031665041793
-0.0299244940696691 -0.0282107633230163 -0.139640078009527 0.0339132508186354
-0.0356567259190018 -0.020251969212576 -0.132430941416029 0.0274360866677126
-0.0328418111477607 -0.0269063699554489 -0.121759872570025 -0.0141752277483898
-0.0315575322889389 -0.0305777677836383 -0.113848058292046 -0.062979786878021
-0.0265239729608986 -0.0392211091778622 -0.0697616004260445 -0.123754411435781
-0.0143763874185816 -0.0558450561035474 -0.00337126383408462 -0.153202012413855
0.0167073449449372 -0.0652829572729936 0.0855034405661912 -0.111101545306699
0.0635498143701158 -0.0511298747035149 0.0955430439767907 -0.00998700933751917
0.0886347215372042 -0.0134595827567754 0.0159366445167751 0.0443812427883497
0.0691408644750493 0.020918798524646 -0.13340969476901 0.0251090651152456
0.00630268292639693 -0.0388951309512438 0.162982059240491 -0.00122795440900152
-0.0295974291071363 -0.0175172162059448 0.0265131244578409 -0.0666487148669398
-0.0297345220330367 0.00891239904690158 -0.0913983006342023 -0.0207699877187287
-0.00863150345290906 0.0111947337244658 -0.128254884198742 0.0857534296608095
-0.00977132897311475 0.00280222800831042 -0.0475659436605963 0.15556779444423
-0.0098291872380972 0.00519795777498813 0.043314708520554 0.150535499711372
-0.0118842295646573 0.0103939974640877 0.101367347729823 0.109119114198922
-0.0203537533986616 0.0135936649108324 0.130033943040301 0.0491756935564726
-0.0253554777061942 0.0109391530349572 0.137326450766874 0.00896242172855637
-0.0304450320614144 0.00214602315332304 0.14131855966155 -0.0105477802799318
-0.0262031314516998 -0.0127329777367511 0.147348269335351 0.00968432927887158
-0.0129114763154498 -0.022462387551545 0.139886111544141 0.038646303799488
-0.0145358158067783 -0.0268527716376418 0.144236774898884 0.0284202440496297
-0.00529330997183761 -0.0410647645237326 0.170106386188159 0.0173772209364627
0.0295445118475433 -0.0472973883709624 0.218309623628237 -0.028201270819632
0.0762682844795578 -0.0371394081876948 0.137988160266612 0.0126502255750806
0.0293446846055658 -0.0304625357315402 0.0172898935878054 -0.0566557887790968
0.0132360847107806 -0.0174789590705959 -0.101252706427789 -0.020460787051549
0.0109020204939735 -0.0261575586503437 -0.136133399451309 0.0808302746607141
-0.0150716966467751 -0.0390158355142729 -0.0617809960682986 0.150411677184566
-0.0356151539869732 -0.0282041428831071 0.0267191808410557 0.152453021514262
-0.0492354340442686 -0.0133822841115341 0.0856039973035861 0.112672852153708
-0.0666400632619974 -0.00579104035866635 0.113877866072831 0.0510155087394102
-0.0728716384174006 -0.00776043825299039 0.117396445234565 0.00678699185516955
-0.0818551443938358 -0.0236795753921838 0.120266807446289 -0.0230815049248333
-0.0720908530851637 -0.0579791084464657 0.132422838224365 -0.0175212582899677
-0.0303684880139082 -0.0873694575917772 0.140214638532807 0.0148808311375704
0.0107892488080612 -0.0966007896404243 0.146817646731317 0.0210640837191278
0.0554698421081699 -0.0920731552268955 0.154288116612046 0.0185586557057334
0.104178080798697 -0.0694608534141161 0.188515477075977 -0.0195575911597368
0.139653462700202 -0.0288294693396712 0.0869648224079955 0.0172377548569901
0.0929233471321234 -0.0402107372807096 -0.0074331287748483 -0.0580204380975617
0.0639588478650316 -0.0478897247269112 -0.122558829669284 -0.026652000274303
0.0315626363492688 -0.0713955548661809 -0.146211350127448 0.0729777758045134
-0.0202688001963294 -0.082343429386848 -0.0756338878093327 0.137255217723506
-0.0599798711104451 -0.0604339881772563 0.00660752129300452 0.142387282400391
-0.0815723938243283 -0.036289332190213 0.058134646789721 0.105309960293303
-0.103414803707016 -0.0232635879401218 0.0812804881550038 0.0455094935848786
-0.11001636941263 -0.0236092196859499 0.0811672357785329 0.000898303630650546
-0.122594170816827 -0.0419854896886419 0.0836564182250433 -0.0379619774418871
-0.112839930205888 -0.0890914672909617 0.102335688342889 -0.0497936414309058
-0.0544898403806823 -0.135984247754124 0.135016091445651 -0.0167707676261748
0.0202361540232998 -0.154169866979734 0.148903137588937 0.0119404281903097
0.100036218600424 -0.136212205123482 0.135935409410194 0.0281144616440311
0.162163204883577 -0.084559360599876 0.137818288626278 -0.004659599605616
0.184427072787452 -0.0203174664723754 0.0147021942760056 0.0171128886316314
0.147717747518165 -0.0517726161430961 -0.0477295104406816 -0.0587664418475384
0.108431492436263 -0.0837196103279848 -0.146465658067818 -0.0315713761969118
0.0438676592893332 -0.117679020490327 -0.153542369677027 0.0602300199274958
-0.0305075940503313 -0.120343130599804 -0.0892822248521342 0.11304374040656
-0.081231456895314 -0.0848883706149852 -0.0193155287744283 0.119964940637004
-0.105436550686316 -0.052176731152477 0.0200452626173239 0.0884463563300598
-0.124694342993993 -0.0376087754017813 0.0368572462311775 0.0342040729112722
-0.129514255884749 -0.0378567041035286 0.0335977554370727 -0.00839651948100736
-0.14342315214934 -0.0552223241943633 0.0386389482572664 -0.0529112084226892
-0.133644530779464 -0.107001113551084 0.0643390742485367 -0.0789532834320833
-0.066549866671289 -0.162942612365563 0.121821458162691 -0.047967077348575
0.0286769874919389 -0.187332675958041 0.146565928218524 0.00567418932871656
0.13037066340539 -0.157910500719875 0.113550415659315 0.0440953812820399
0.19517768185324 -0.0840921010907546 0.0726273858470664 0.0153439145954248
0.19995472473369 -0.0138193941953868 -0.0683004247944043 0.0195966024801932
0.175753030826257 -0.0594545490670158 -0.0967213572000298 -0.0501334353467189
0.131140893914966 -0.110218344505514 -0.163572738170039 -0.029721421850711
0.0444104235517659 -0.147942102237217 -0.15220484411938 0.039151176313338
-0.040426900172854 -0.139262865922502 -0.105032691771145 0.0767001479608722
-0.0938307603288672 -0.0944729168819509 -0.0529539696642462 0.0877224553809612
-0.113384288990327 -0.0575997031096309 -0.0250842162653182 0.0661191454608244
-0.125948728022193 -0.0471798565544848 -0.0126063485236201 0.0181443481357048
-0.127556091743111 -0.0487450216408706 -0.0167104101473788 -0.0215049516837234
-0.136754049000937 -0.0665025949266977 -0.00536403034038007 -0.0688202183680355
-0.124517845345375 -0.114850975519861 0.0290354158838145 -0.102686750449585
-0.0537973926480907 -0.166744183374195 0.106904666794702 -0.0717567333610031
0.0467054927425057 -0.18453072212812 0.137848371697791 0.00524240008621149
0.148930074108463 -0.144923200245097 0.0861760027033509 0.0607878927318086
0.20049010655413 -0.0631502557258871 0.00239919057163375 0.0310777093270424
0.179244214577237 -0.00642450513275118 -0.146144901681904 0.0267207766964144
0.167789535341894 -0.055131852095984 -0.141038350493882 -0.0301061069308718
0.122882456333724 -0.111469918103496 -0.168168049467221 -0.0225953677873487
0.0347135168442179 -0.14364359664134 -0.143569876408958 0.0129857876116566
-0.0419614454510285 -0.129345492432677 -0.121091436670183 0.036096836820538
-0.0887899685266448 -0.0852973340657741 -0.0897807327449306 0.0540980366485001
-0.103410369525771 -0.0536834868362125 -0.0713603493581432 0.0430745607630659
-0.108592064578529 -0.0491659680255456 -0.0598002996403239 -0.000277376107841795
-0.106210336622718 -0.0535146404602818 -0.0602381661231637 -0.0392909188547989
-0.107122279102274 -0.0711222051583935 -0.0377452577514531 -0.08848066574179
-0.0881165819338908 -0.111047809409161 0.0081744379817805 -0.12357862339881
-0.0203641059857833 -0.147169786596758 0.0975923144718564 -0.0875603975420975
0.0708317935917383 -0.148000578616117 0.123693430478224 0.00783836301026621
0.151312056097366 -0.101386315317885 0.0553952878509848 0.0676525658437418
0.17820562635413 -0.0282811571500095 -0.0637342752430554 0.0347102292167583
0.127636037720364 0.00427258756834807 -0.202803846678094 0.0363840251777485
0.127408660663929 -0.0362993672043083 -0.169275714770871 -0.00875163050087561
0.0908815826682631 -0.0840267224705378 -0.160918973300051 -0.0160459314005383
0.0222727134505334 -0.104858283687593 -0.13321857985409 -0.0121653945273756
-0.0301881262444806 -0.091846299039751 -0.135630542668075 0.00309392697055846
-0.0639705688649859 -0.061594686657149 -0.122190532048822 0.0273308595649679
-0.0751516233137011 -0.0408977437267006 -0.111439575999243 0.0230863663345245
-0.074166775128291 -0.0438536434443576 -0.0973307072550098 -0.017690507764286
-0.0699478967690876 -0.049595374370701 -0.0899581663395204 -0.0596717353505929
-0.0640952390663401 -0.0644415180883776 -0.0515149359172794 -0.111686830735961
-0.0424324092159781 -0.091148109930284 0.00690376181536414 -0.140803955186795
0.0130332536993112 -0.108453941089511 0.0967947471316527 -0.0945256243709199
0.0829562897895064 -0.0927147425379277 0.10766213262723 0.00874644488638432
0.130720949374553 -0.0449748068506128 0.0258439342135065 0.060382937013165
0.129964980844473 0.00870895083391809 -0.112606593132029 0.0232033508099971
0.0558850180141594 0.0209311209296937 -0.227269575923458 0.0429563941287258
0.0683356818674962 -0.0038743940940648 -0.175136716377782 0.00658214191174332
0.0478010890688302 -0.0357004354560856 -0.148989374734106 -0.01427910674576
0.0131104359515271 -0.0453045743283703 -0.127896011070756 -0.0276178329031205
-0.00570244941922695 -0.039720069395283 -0.144671560087845 -0.0113289272642424
-0.0238780699797566 -0.0304439929725679 -0.142028988796191 0.0135202565971476
-0.031758472876818 -0.0246934357302703 -0.13428280788896 0.0108200481029854
-0.0287528842115327 -0.0318097949322913 -0.118405783008298 -0.0319760051273232
-0.0273472160084275 -0.0343753392605968 -0.10255602340264 -0.0783966146815646
-0.0210727181434079 -0.0427037397680202 -0.0498028862925576 -0.131011746290435
-0.00675088463581262 -0.0564226223348189 0.0194869055292369 -0.149651376386997
0.0255807335136675 -0.0625699934994309 0.102665026637393 -0.095226610013742
0.071518801803228 -0.0414932257845028 0.095511222457326 0.00561967713184184
0.088662899248426 0.00183932901936846 0.00760858777263238 0.0439670480502535
0.0628012618587608 0.0341646838954699 -0.13772933602874 0.00232340073746307
0.00614981709411289 -0.0403614583688219 0.167389972706184 -0.00373214663937128
-0.0303034089275711 -0.0184236414532128 0.0270115228205853 -0.0694032034450411
-0.0304145810960702 0.00825671165050416 -0.0942715839534066 -0.021540553079051
-0.0086280438667809 0.011952183656317 -0.131101423646757 0.087820344946035
-0.0108348856705086 0.00313826842230733 -0.0490280189014838 0.158741689915826
-0.010307064327695 0.00544019323262703 0.0442941674710816 0.152055577652591
-0.0124555723790588 0.0104989672552909 0.105245159914125 0.109950762277857
-0.0209501181872028 0.0132791839996893 0.13431714565477 0.0487584638628254
-0.0255911358369723 0.0118212157661532 0.140952117675443 0.00789560851986611
-0.0310122507164874 0.0031764144291319 0.145396653405258 -0.0102763705953078
-0.0274033424527759 -0.0130342989421474 0.151029447217229 0.00960025478724568
-0.0139270639418331 -0.0232819561806367 0.144425917741529 0.0394884904924633
-0.0147820146248717 -0.0276591183787167 0.147474706647754 0.0299615864113063
-0.0047431498295938 -0.0415701817555915 0.174319041507842 0.0191496385500949
0.0302032682968901 -0.0489891384346285 0.224842928979553 -0.0285099207426153
0.0776675332086634 -0.0381189030044097 0.1413699939243 0.0103674185492228
0.0299137947851332 -0.031656027053121 0.0185973073397816 -0.0599727103567141
0.0135059375169257 -0.0176919852970949 -0.104170036539479 -0.0219067053048335
0.0109798461602521 -0.0275631374780121 -0.139624858926641 0.0822473428374261
-0.016076381155426 -0.0391617895096042 -0.0638578899556702 0.152514505731211
-0.0368305045018288 -0.0287894898190775 0.0276868775269849 0.154521378711889
-0.0504383704742286 -0.0133902176821618 0.0886468087612032 0.113503849759973
-0.0685693266245815 -0.00532979745988035 0.117537603935138 0.0506066596036923
-0.0749251897312386 -0.00718563225735603 0.12149057188703 0.00630796804425843
-0.0842993341718356 -0.0228751490290086 0.123863530161255 -0.0234946501336996
-0.0743565053546973 -0.0591239748567124 0.135161643540115 -0.0173207789670405
-0.0316670821484088 -0.090003207728174 0.144907922670514 0.0156417250282761
0.0101964785628766 -0.0982191908060519 0.150832634891063 0.0220522237385805
0.056797856760368 -0.0943564275714323 0.158441853676739 0.0192376092817321
0.107675191728567 -0.0718241194965784 0.194072384233541 -0.0202724650588892
0.142027690941105 -0.0295500474174502 0.0899000413281277 0.0150675212842333
0.0945673533018982 -0.0417854474216177 -0.00670315157842594 -0.0612060956811643
0.0654930377009133 -0.0491975896626396 -0.125880856956196 -0.0284100628069748
0.0316326278490773 -0.0726520075227218 -0.150483621901189 0.0747475247776862
-0.0219542569583859 -0.0835705058015576 -0.078077085808012 0.139530646665952
-0.0613739145710633 -0.0609473067448391 0.00756780819060141 0.144363151308829
-0.0838821392078222 -0.0359508168302338 0.06027990696582 0.105987025015207
-0.105952569323229 -0.022954780051614 0.0844427137737723 0.0463879800682567
-0.113252260335085 -0.0232323739427741 0.0839576078708387 5.53048054211398E-05
-0.126430469558597 -0.0410674443621887 0.086780704807629 -0.0389250882865064
-0.116491053418984 -0.0901292913927217 0.104591432015202 -0.0495262155313557
-0.0561831180252286 -0.139208369508864 0.138710560408885 -0.016789152485201
0.0201808127791912 -0.158120353999749 0.153295958769225 0.0116134297735143
0.101790754767044 -0.139188742436877 0.139917801808484 0.0289530090217634
0.166766533604632 -0.0882484097290957 0.142153982086102 -0.00521401486572805
0.187278826930251 -0.0216498464287748 0.0165759950953594 0.0156893931754844
0.150669549159711 -0.0529106863356922 -0.0475619667203586 -0.0628430031211746
0.111123069410178 -0.086620444791348 -0.150435346819861 -0.0325258240498408
0.04407911285331 -0.121138996608049 -0.157156850214806 0.0611141844952365
-0.0328377878912275 -0.121791051352007 -0.0918475529057322 0.115080355466394
-0.0839295311203213 -0.0853862038808662 -0.0187203386213642 0.121130929155307
-0.107992640586112 -0.0522848758511476 0.0216080082064425 0.0897555979119765
-0.127796766174105 -0.0374253904408615 0.038762938579103 0.0352555302366339
-0.133414183142052 -0.0370443596275969 0.0348063320035223 -0.00820324293480146
-0.147911495778233 -0.0548356956351709 0.0400223753147646 -0.0537509810353291
-0.137473291203491 -0.107953413763268 0.0649285166481524 -0.0788497323357604
-0.0696547433545977 -0.166033974951448 0.125748612996391 -0.0484177065678927
0.028521247768091 -0.191700666976269 0.15141393252284 0.00533767347145981
0.13323523804867 -0.161320731978654 0.117474351012626 0.0446791252840387
0.201144325136553 -0.087213750308555 0.075078380774342 0.0142185248292098
0.203304643146985 -0.0149563090042411 -0.0689049139704754 0.0188871829185647
0.179819059943844 -0.06077150487696 -0.0973252074120091 -0.0536838327452165
0.134076642360996 -0.113419165977886 -0.167817454888479 -0.0308592326769087
0.0442561415030423 -0.151328825356562 -0.155955812182374 0.0393478418550944
-0.0425076670598551 -0.141539168160699 -0.108034115305771 0.0780176580315002
-0.0960835416614691 -0.0940946778562898 -0.0537990816409029 0.0894928908666392
-0.116434881366149 -0.0574621731364497 -0.0243474804042961 0.0673497756362926
-0.129609147297876 -0.0467234468666353 -0.012774746184768 0.0194035276579317
-0.131330301645429 -0.0483207116701984 -0.0171704287884457 -0.0211471770853745
-0.141470050201223 -0.0660374840258511 -0.00462961602324284 -0.0698399196738512
-0.128134057637513 -0.11546406409644 0.0287278634619275 -0.103518839540361
-0.0569349182886487 -0.170058164780237 0.110439040439162 -0.0729618542743939
0.047654769535125 -0.1884006463426 0.142774190485973 0.0048659058317004
0.151375377735399 -0.148452619987332 0.0894599761381231 0.0611908223913088
0.206630304337249 -0.0661680968756398 0.00255725000085226 0.0308987038033658
0.182334582688581 -0.00785299690062258 -0.14934105178462 0.0263264111490151
0.171627736676235 -0.0569341050320252 -0.143710969313462 -0.0332163332460275
0.126159219624111 -0.113232486127756 -0.172660328260308 -0.0234625396328354
0.0345935505576382 -0.146528830516233 -0.14755115124467 0.0118517383319231
-0.044118191759403 -0.131591311284735 -0.124008650053119 0.0366412848800158
-0.0905150362027985 -0.0852999462700963 -0.0913307852905941 0.0555428409985899
-0.106365602833734 -0.0528451824115441 -0.072816319394775 0.04464602998367
-0.112446577514947 -0.0495169887827313 -0.0618489111058473 0.001511754910733
-0.109020129475464 -0.0541255130458259 -0.061881268322723 -0.0385228859917284
-0.111125480049915 -0.0710135083102998 -0.0381656988196295 -0.0904044136330343
-0.0908850899249983 -0.111717512146178 0.00762222827911724 -0.124887630350813
-0.0222656020225751 -0.150050008902092 0.100132078028422 -0.0889330159513776
0.0727000419100715 -0.150987927773628 0.128491190696245 0.00779806416358889
0.153874639794855 -0.103428366472623 0.0571000489666358 0.0685813923252692
0.182959218205332 -0.029701705641326 -0.0645921975618224 0.0351868873247555
0.130173253166187 0.00363315551519269 -0.20803527158149 0.0376532400521786
0.129613159016078 -0.0380198370270962 -0.172663103508869 -0.0100948481177608
0.0929528983596724 -0.0852805094325431 -0.164572554959688 -0.0172273579168828
0.0218589341337181 -0.107742510252845 -0.13616775543226 -0.0130421134408211
-0.0317622957606462 -0.0938153114325023 -0.138603858705789 0.00298194605190781
-0.0651071100555741 -0.0611840488036403 -0.125095119234544 0.028210267449295
-0.0765631411115001 -0.0403074009600443 -0.113643983036536 0.025797333137855
-0.0769428581963243 -0.0448692255369847 -0.0999452795621805 -0.0160125903053865
-0.0717412903072451 -0.0502377553337161 -0.0922555577500409 -0.0592614765954089
-0.0664585872507725 -0.0644907272939316 -0.0526864611760044 -0.113127929220787
-0.044083535630386 -0.0915685401495153 0.00600588274488391 -0.142381769119328
0.0118715050301342 -0.110501538710912 0.0987559995830856 -0.0962978895578432
0.0853983820501706 -0.0941369606357788 0.111951946145094 0.00856926609602101
0.133014609240611 -0.0461198391724788 0.0273757685998859 0.0613294918091591
0.133145785043613 0.00895640753982855 -0.114916060598831 0.024245328905277
0.0566256615409459 0.0209026078355399 -0.233352578624019 0.0445536002438457
0.0701966817684155 -0.00471838984893562 -0.180381480380223 0.0056350013224085
0.0491967504742178 -0.0360155773498955 -0.152664436092275 -0.0146137888644326
0.0132075596674929 -0.0464717751824767 -0.13155162719736 -0.0288886755833252
-0.00585556062510936 -0.0406791783199448 -0.148583637046804 -0.0121247830977276
-0.0241454639909492 -0.0298129794898634 -0.145144340422434 0.0144975054249668
-0.0328639951060722 -0.0241573326170691 -0.137265601882362 0.0136724542030888
-0.029922661825809 -0.0329068920686098 -0.122119602745001 -0.0304367966783347
-0.0274447976306763 -0.035141520256679 -0.105632287464195 -0.0785375482577276
-0.022447189691498 -0.0433119908061582 -0.0518666211648594 -0.132624740792812
-0.00721199563169986 -0.0574205363850565 0.0192697236105667 -0.152783731257272
0.0249231456349735 -0.0638630262769854 0.104658716709529 -0.0965792344803461
0.0730284698416869 -0.0412969983956055 0.0997648407893575 0.00585416466474796
0.090214760642525 0.00228491924126333 0.00794489024084336 0.0450487055319021
0.0648186721034674 0.03531754659289 -0.141082661561937 0.00313840533232095
0.00407780436586572 -0.0420265271041501 0.171094681952947 -0.0123698783853485
-0.0319016158750755 -0.0177304295019568 0.0249291197262471 -0.0733384368882624
-0.0315391754569334 0.00967056218220268 -0.0978656109489994 -0.0197586562971339
-0.00889049894414932 0.0125506711280227 -0.131509876689914 0.0959032141606052
-0.0108097452386311 0.00392563950542501 -0.0449549048490111 0.164839145650468
-0.0110451807002043 0.00581255201604259 0.0514360860049202 0.152043221269536
-0.0119400890984354 0.0116395605005328 0.112481692773881 0.106299134479707
-0.0210121218016614 0.0149199218532261 0.14144677011038 0.0431833666654002
-0.0253420445441384 0.0133724545031716 0.14682894973784 0.00164874407724384
-0.0317054966718776 0.00503070945125592 0.149700741700379 -0.0171292217421067
-0.0288589278416685 -0.0128650195836904 0.156199761398717 0.00431589710350392
-0.0152429751638147 -0.0237623289977007 0.150570494787364 0.0353689725296937
-0.0163775802079469 -0.027887805866087 0.15296865582474 0.0261938821741508
-0.00610962672462544 -0.0423764428505149 0.180086485444014 0.0137060530677519
0.0296548156617048 -0.0516981006843653 0.22969316599907 -0.0379105275823715
0.0774403603783687 -0.0422900987640796 0.145614964044227 0.00222904282329763
0.0290375562491133 -0.0336357509645907 0.017156575112812 -0.0640240698614936
0.0130973946628185 -0.0189926638015447 -0.108564124645222 -0.0202229077042427
0.0100134998734436 -0.0279131280863348 -0.140362493527484 0.0892314682520259
-0.0184952177135266 -0.0386444596432391 -0.0608472950945145 0.1585255992219
-0.0390415786106082 -0.0274344096008545 0.0344555192487024 0.155509951684479
-0.0526296827297913 -0.0112336996903246 0.0959317793766614 0.111474609134095
-0.0708501622749455 -0.00224533639245663 0.124419022822967 0.046275132447644
-0.0778517109137172 -0.00287388940435887 0.126194842273238 0.000172214210888422
-0.0883913516872731 -0.0192685436364797 0.127453824455575 -0.0292505904802953
-0.0797444511279326 -0.0570029836451171 0.138967141119592 -0.0228206673663893
-0.0363010557774408 -0.0911196111347353 0.150603399993699 0.0104835543737768
0.00702768559412104 -0.10160648151992 0.156419478671254 0.0162905516501731
0.0548960539586021 -0.098496153581843 0.164122713915145 0.0150864073218444
0.108425207237697 -0.0788432538766633 0.199169173648621 -0.0291312983892448
0.144109424093158 -0.0365597153690774 0.0931436466323254 0.00921716252837317
0.0951370664408859 -0.0462388079374083 -0.00803405469867132 -0.0651203031402861
0.0651903688581205 -0.0528223412655428 -0.131172991271762 -0.0251933507643496
0.0294734122525608 -0.0757525488900999 -0.151745536117862 0.0821324315001538
-0.0267862802206088 -0.0838108240038299 -0.0752953682062512 0.146060667909632
-0.0656788435857615 -0.0590129378842992 0.0134140413664901 0.146281539207668
-0.0872641742624557 -0.0330002607554002 0.0667253835819001 0.104921480239633
-0.110240719415014 -0.0181927103993218 0.0894232960691205 0.0431471314731129
-0.117892866733897 -0.0180638704140938 0.0872408317614571 -0.0040105673653393
-0.132422047648789 -0.035417887637845 0.0888215081080914 -0.0430773483411482
-0.124307282389973 -0.0864100896988892 0.105677793258562 -0.0541353473093495
-0.0642614385790985 -0.140432723998124 0.143748969900555 -0.0222735592473618
0.0146453436799565 -0.162807361243146 0.158928656459523 0.00568823481590556
0.0994479987200675 -0.147583965337885 0.145242535103766 0.0239474282086421
0.169375031698729 -0.097241397905413 0.145659204921789 -0.0120978132743971
0.190768021833185 -0.0297282981054706 0.0176225957814158 0.0139242319315679
0.15117025923632 -0.0605946331196439 -0.0494805655042345 -0.0658033507306367
0.110934478758752 -0.0924694867793784 -0.156703588871842 -0.0293010458313081
0.040046785597679 -0.125753399775434 -0.159998602792836 0.0685215274800127
-0.0389464046169153 -0.122872109229621 -0.090062490613057 0.121212541496581
-0.0889305968392087 -0.0829277286864806 -0.0144891591111744 0.124431356307307
-0.112542624316208 -0.0472035714607086 0.0266868206739391 0.0904011925003203
-0.133409542317454 -0.0318933321421438 0.0416424535129401 0.0335277795881572
-0.139077094346892 -0.0314474390967159 0.0362047843175061 -0.0104110575608397
-0.154612951924023 -0.0477879743967149 0.0401503151812337 -0.0563687258275231
-0.146742431780544 -0.103709684314002 0.0636944981337611 -0.0824836122790865
-0.0793924841532146 -0.166900981834746 0.128687356616019 -0.0538552428500403
0.0226005814900468 -0.196978926808336 0.156633185387527 -0.00160774092847266
0.129871492796362 -0.171006974365998 0.122261454432674 0.0406952213211688
0.203875262532613 -0.0983676123411343 0.0777259696409858 0.0105623791132491
0.20777704373434 -0.0241369701007628 -0.0699591654717957 0.02048034789534
0.181251543641121 -0.0703884695828052 -0.100767130978282 -0.0540494075435285
0.133420630524315 -0.121176450530106 -0.174075687545741 -0.026633805003315
0.0389106682238581 -0.156679063628794 -0.159509793767309 0.0452691496217868
-0.0511511310185063 -0.142676335025725 -0.107796102664081 0.0834399851182929
-0.101864382163532 -0.0914705308189682 -0.0508720104599338 0.092939964367034
-0.121788589896679 -0.0524817785311382 -0.0220279434337778 0.0696586291211333
-0.136012894303645 -0.0415422654935316 -0.0119230118708493 0.0208623800386307
-0.136978886672413 -0.0427336806200485 -0.0176461775544268 -0.0203432702591006
-0.1488349888001 -0.0593294395556901 -0.00728801171869934 -0.0709847627042274
-0.137203191038238 -0.111537418510408 0.0258639848552232 -0.105562251627712
-0.0660316687816537 -0.171063116802387 0.111194014262494 -0.0792162680361524
0.0416491100889202 -0.194835253382281 0.148318504537599 -0.00129150706700566
0.1491468476454 -0.158310152648074 0.094585063591779 0.0589277558101124
0.210520826753253 -0.0769420634020748 0.0034600773660468 0.0308628184229726
0.186619658138668 -0.015434491589215 -0.152186849745588 0.0325540986734854
0.173618938337612 -0.0663474419016453 -0.147432295971308 -0.0307350788570527
0.125432373501419 -0.121346179832693 -0.178118793802514 -0.0184006309941958
0.0287745584967457 -0.151547987915016 -0.151330258890301 0.0176131447790584
-0.0516825345285532 -0.132299497420474 -0.125783442895145 0.0416130183268744
-0.095428464333638 -0.0822827615910173 -0.0915810525247172 0.0603073958891739
-0.110433188641029 -0.0477613095377392 -0.0725945680188923 0.0492313941245879
-0.117674246198304 -0.0450699662635321 -0.0632813484786882 0.00573143414179746
-0.114822024710444 -0.0498275240717861 -0.0647006427066181 -0.0361453861567278
-0.11756116915506 -0.0665108208972443 -0.0418789496710576 -0.0900658145674801
-0.0980792072485236 -0.109507943608439 0.00291766693357063 -0.126709210542744
-0.0294854640288316 -0.152383482124121 0.100868172945463 -0.094790928711261
0.0692140366616362 -0.156783277934227 0.134194972573075 0.00170969361817378
0.153330153053603 -0.112226550981903 0.0619310762776838 0.0669872828335168
0.187018464663019 -0.0381633534253991 -0.0650353868824739 0.0387123813417185
0.133624699596379 -0.0014464121651424 -0.211684365606792 0.0456500457014599
0.131472224612061 -0.0442373511843708 -0.176817325730108 -0.00540793592411877
0.092578143049269 -0.0912890479913978 -0.170223685502673 -0.0122840943565792
0.0175197981870869 -0.11080507251007 -0.140992887654598 -0.00903753385398249
-0.0371219008319096 -0.0945710550236063 -0.142899729878203 0.00880533913271732
-0.0686741705750424 -0.0591743519603933 -0.126984655205714 0.0342334775726075
-0.0802972660318975 -0.0369077902092564 -0.115129944137812 0.0316604129758434
-0.0808834023684662 -0.0424771113227267 -0.103864925877188 -0.0103906913913902
-0.0757651821809264 -0.0482966518419071 -0.0969026879754736 -0.0555052109562891
-0.0712807012027433 -0.0626554184654077 -0.0586578621112699 -0.113471673208844
-0.049288638663783 -0.091483049997637 0.000560360334245682 -0.144475988261576
0.00743291281305792 -0.113668126096596 0.0984259446872995 -0.102022399681059
0.0842342408640279 -0.0999072395495204 0.11740056925802 0.00424477509594513
0.134774713565659 -0.0522917763088893 0.0304432898822487 0.0611575842464907
0.137181953666135 0.00295390002027184 -0.117141240918316 0.0300221484724385
0.0587174943637251 0.0193257341057506 -0.238754097935543 0.0543428321813115
0.0712636332670884 -0.0079393249995215 -0.184920158701216 0.0126908392208387
0.0497688755047118 -0.0388093614296614 -0.156964898720918 -0.0101525031944415
0.0112256772957803 -0.0477852416356752 -0.1364827149956 -0.0247700435503182
-0.00847960519612766 -0.0415957366203602 -0.153122640856573 -0.0071649314285745
-0.0250821529368856 -0.0288590090338248 -0.148931208240367 0.0212864439762951
-0.0346676179270646 -0.022984487967046 -0.140776792614228 0.0204365934891399
-0.032399978237818 -0.0323891340196613 -0.12736631593185 -0.0243700289937772
-0.0293766527839279 -0.0352256022411237 -0.111245519794129 -0.0741035097709287
-0.02462581420684 -0.043656339175252 -0.0584746271409109 -0.133560474240451
-0.00997401598540337 -0.0577704106604892 0.0139496042013655 -0.155320971979483
0.0225261523409627 -0.0661262681976404 0.104063227401227 -0.103021723111617
0.0737481020419679 -0.0454754364958337 0.104184104915924 0.0025892416285328
0.0921449331531209 -0.0013324654891049 0.0102371586506417 0.0454354934808251
0.0678092831529629 0.0336244633442155 -0.144327245974883 0.0101328903818918
0.00103106064141317 -0.0420755672964491 0.169190509224441 -0.0250082089337957
-0.0331030515621368 -0.0151823336260514 0.020127165861296 -0.076151662871012
-0.0309031711462705 0.0111636250503143 -0.0997195851362974 -0.0144351759515018
-0.00747097028727837 0.0127794058876884 -0.126051944175748 0.103752368475145
-0.0111064603000643 0.00498665306288428 -0.0353677707790865 0.167175862393597
-0.011007386717068 0.00625545866979138 0.060050516856288 0.146424682025176
-0.0114730095197114 0.0116246547161103 0.118980315463653 0.0969945356909856
-0.0205461797021156 0.0159531993022018 0.144566653899802 0.0314202603432014
-0.0242702888380999 0.0155273529706933 0.147218581120386 -0.00949192220435782
-0.0310792680589816 0.007352454559699 0.1487722954438 -0.0271341842094631
-0.0301201890459665 -0.0109538461432989 0.156377989416779 -0.00511342473619574
-0.0173008747160124 -0.0228515251253456 0.153252786776532 0.025997132191136
-0.0180153586119828 -0.0266331482375367 0.153566921549834 0.0165274513910765
-0.0078305115560529 -0.0414556875230723 0.180672096068817 0.00390265881523337
0.0262336547746628 -0.0539626684040373 0.228292513029863 -0.0520480869640876
0.0735023794224329 -0.046916018446679 0.145550363403725 -0.00892055310518601
0.0263144223899978 -0.0348911350106543 0.0131668699935879 -0.0675608986736722
0.0116374087882077 -0.0195784793886837 -0.110614952400779 -0.013945355752617
0.00825195383820451 -0.0282685009483025 -0.134936308640251 0.0978134717717763
-0.0215658583372689 -0.0368677352012244 -0.0510607179988909 0.161966200329168
-0.0410635657952141 -0.0241462227524442 0.0433987120812279 0.151098953060331
-0.0527213477409494 -0.00801340879848388 0.102536049499932 0.102688070017083
-0.0714448036432599 0.00364418102087308 0.128227809831916 0.0361173229230004
-0.0780364010559204 0.00290354745881789 0.126807005525093 -0.00938084325377834
-0.0887059852490984 -0.0121687584085937 0.126164502227163 -0.038016793210602
-0.0836593888207365 -0.0514533662008009 0.137657566322708 -0.0316027856506851
-0.0429767057186812 -0.0882452603162801 0.151952882240206 0.00156023682081113
0.000728360291854127 -0.101550089286405 0.157347475718329 0.00648280679796854
0.0488270030806534 -0.102091381819753 0.164749657413352 0.00511407865899026
0.10397444341681 -0.0861612559191551 0.197196321322853 -0.0423875093575155
0.139911564819088 -0.0451052672045777 0.0934583672132742 0.00109026230946423
0.0908770347458305 -0.0518594059231791 -0.0113039399779737 -0.0678886994946392
0.0615701491571982 -0.0565585915998263 -0.132740048519368 -0.0178282537979456
0.0242703282480682 -0.0768571383826416 -0.146774787354212 0.0903353010984899
-0.0324390957541659 -0.080854606406327 -0.0665911043399423 0.149389830330258
-0.0690278687337752 -0.053752320233661 0.0223253510489334 0.14285806325738
-0.0891189237905056 -0.0264270774654746 0.0738242908278737 0.0984863666303243
-0.111672486717181 -0.0101495991535884 0.0930791100326258 0.0356203091940799
-0.118409607979787 -0.00893488053620473 0.0877228264714703 -0.010802927151518
-0.134180042063321 -0.0245999547805897 0.0864899925343292 -0.0494625195931749
-0.13018941750263 -0.0770765824422652 0.102683202925181 -0.0600394001482679
-0.0734514861018202 -0.135630391648672 0.141919251636061 -0.0312441007448237
0.00406613426920648 -0.163239366286761 0.15961372340964 -0.00486615664425422
0.0899833688442897 -0.15312077784264 0.14673221652953 0.0147309059368434
0.162604645906782 -0.109264796631438 0.144397989471492 -0.0223717579405945
0.187476248668409 -0.0415776934250745 0.0187122723082261 0.0108195087528633
0.145964282549726 -0.0702743626497702 -0.0532849836855005 -0.0654048401578294
0.104842831676826 -0.0991173352952986 -0.158525480988955 -0.0201651468212236
0.0308999176525202 -0.127155895219073 -0.155406361041603 0.0773973917767849
-0.0471945213956876 -0.118683447725396 -0.0832571146634777 0.12494123697724
-0.0940581974308904 -0.0756272858000649 -0.00642563994898004 0.123582176002503
-0.114899505962902 -0.0388328132375948 0.0322432738454512 0.0866118250405924
-0.135271135238502 -0.022001483016531 0.0449513735233018 0.0307838266817933
-0.141065024446434 -0.0207216527434663 0.0358265430655657 -0.0128412589130473
-0.157136646959417 -0.0353475979789634 0.0374026873319344 -0.0597101494722558
-0.153861696564738 -0.0919871536745933 0.0593030768290689 -0.0842307111101138
-0.0897502724744588 -0.160288703794286 0.125888463620993 -0.0621581051308055
0.00913168941599648 -0.19790635852891 0.157093080585919 -0.0129090686912324
0.118061135454079 -0.178811884901781 0.124972317911167 0.0324803317742465
0.197590867925351 -0.1129944586484 0.0778693868573569 0.00534956500686523
0.203910742926995 -0.0364858716805931 -0.0681020871846623 0.0237025731724926
0.175270035424623 -0.0815080141387454 -0.102727323641811 -0.0506916289913989
0.125763724769525 -0.129468157796761 -0.175620308624344 -0.0159677182466577
0.0275186490325631 -0.158498730392506 -0.156345153462334 0.0548592960753648
-0.060289213763465 -0.137563238789264 -0.102241105532171 0.0891587789479068
-0.106088637973696 -0.0833748548550918 -0.0452333564847564 0.0948341612154348
-0.124117444834209 -0.0434318150708338 -0.0170336404691579 0.0702312763448244
-0.139067066049861 -0.0316062628842803 -0.0104573234619414 0.0215085048492585
-0.140128062043594 -0.0325250177571629 -0.018520218795881 -0.0188304356177407
-0.15223529548362 -0.0472032377467836 -0.0110254982372752 -0.0700967262418076
-0.144679965538613 -0.100423471497566 0.0195914479678877 -0.10445075071876
-0.0777713350609311 -0.164633546733093 0.106988236137804 -0.0855629747294393
0.0293804088495864 -0.197079878057582 0.148735476968055 -0.0126703350715602
0.138189756688296 -0.16738215396297 0.0979890434130789 0.0518056166711446
0.204895215990635 -0.0913662986214699 0.00498478678282077 0.0298595007989707
0.184614576000563 -0.0272854764527623 -0.148631920299719 0.0411622104816808
0.16738118461567 -0.0772769186071549 -0.148471608540888 -0.0233147033913049
0.117454230177384 -0.129259051867506 -0.178970318890371 -0.00724918565498044
0.0182051348203856 -0.152803068031938 -0.150530085773384 0.0256450705450602
-0.0608491038002824 -0.127251540864795 -0.123202534245951 0.0484715411159683
-0.100017063610657 -0.0748651518004344 -0.0869829210553057 0.065439279312008
-0.113021686318958 -0.039921648258536 -0.0685886547957866 0.0538901091011282
-0.120718561111652 -0.0363552715998087 -0.0624572262537415 0.0101046780280845
-0.11741969569782 -0.041345455831689 -0.0665760515169841 -0.0307327236889581
-0.121835470717593 -0.0564196903872923 -0.0476343801787856 -0.0866285901975953
-0.10566043577487 -0.100856517702432 -0.0042210960181887 -0.12432226506912
-0.0400492251330148 -0.148409003826643 0.0948333520045718 -0.100292171825482
0.0590759867895012 -0.160844510358809 0.135379094481394 -0.00787846727499981
0.144988464053697 -0.121728961858778 0.0651521758795918 0.0626887155184886
0.18399570215118 -0.0509795272920265 -0.0622708905978733 0.0425145746833447
0.13190580980941 -0.0102557235939828 -0.207843356376852 0.0590521071474597
0.127799748796929 -0.0526045630932828 -0.175963697099662 0.00427852958336775
0.0870328444274613 -0.0967177122629641 -0.170066297944213 -0.00134048009758444
0.00970069815400867 -0.110530506111113 -0.142094774968535 -0.00166460647429057
-0.0438651124584807 -0.0911114190168265 -0.14185403920623 0.0166890760080814
-0.0711428658367578 -0.053025720800354 -0.12454520561826 0.0427738186751512
-0.0814983273533383 -0.0306958030665508 -0.112028378905518 0.0398476772733217
-0.0837914588598145 -0.0362115680410382 -0.104553600667811 -0.00202019025095221
-0.0789539192788178 -0.0424544389253755 -0.0996661675939033 -0.0475341537183832
-0.075159178095581 -0.0562299632016338 -0.065611603764948 -0.107637655483757
-0.0551159105457257 -0.0864582543987405 -0.00826981980050042 -0.142237965561005
-0.000910580328585369 -0.112604576645402 0.0922634247849577 -0.107739394807716
0.0782508286500028 -0.10471078856713 0.119310651198662 -0.00368052508564741
0.130466163709779 -0.0601332271078587 0.0341570133192877 0.0581971300917929
0.137103681315717 -0.00590849491353917 -0.114453103072067 0.0381281489911315
0.0595870923973435 0.0148962745246082 -0.234398181910811 0.07030300919247
0.0698289445411767 -0.0122281792455792 -0.182425986760239 0.0234996999373092
0.0472501071402007 -0.0409176918404293 -0.157626902640682 -0.00062057334712511
0.0076446074286411 -0.0477849502962429 -0.138387921162549 -0.0164260626327578
-0.0114341891193465 -0.0409177134819426 -0.153089226114324 0.00240200574195989
-0.0256317856403111 -0.0269669070981636 -0.147573067782588 0.0316325657673806
-0.0353979518228378 -0.0196800159333057 -0.138999037600941 0.0311664200058388
-0.0349192454660269 -0.0303498950386196 -0.128783930897424 -0.0143306275588424
-0.0317089694663947 -0.0329013326265846 -0.115435799160444 -0.0644191026783217
-0.0270530403792334 -0.0409170236618113 -0.0668275597996661 -0.127804414369404
-0.0137305109374139 -0.0565208054279746 0.00339076128241089 -0.15463736541851
0.0188224952407306 -0.0667249039719905 0.0977248343692496 -0.108547407377745
0.0712390694187262 -0.0500110142163264 0.105619371637492 -0.00449202118795404
0.0915026408619302 -0.00683901340202055 0.0134592160814635 0.0443089951214728
0.0696699110300694 0.0293549131070904 -0.142611600107055 0.0199166717764391
-0.00183531226067469 -0.0402260610736373 0.159825898629381 -0.0350995860588642
-0.0326169480595264 -0.0124964271642605 0.0148694044858587 -0.0760798542998695
-0.0292368094719505 0.01312452667382 -0.0966982191167018 -0.00953398371347477
-0.00629905903569837 0.0124741937058178 -0.115756278525084 0.10585208375572
-0.0105204911514816 0.00566123753036162 -0.0255741455964533 0.161376380505098
-0.0104169570673787 0.00657825978970701 0.0640796044663813 0.135227173809525
-0.0100871254420971 0.0112240672664875 0.119297679747559 0.0844828147643106
-0.0191773623298588 0.0169777332927073 0.141451667620329 0.0198304234875884
-0.0223203109764418 0.0167573650155178 0.140755034636001 -0.0191529409802491
-0.029141327744222 0.00947767946350095 0.141689121161175 -0.0344340654993512
-0.0299021864344244 -0.00908511598895274 0.15027854119848 -0.0142542198211712
-0.0177320492284496 -0.0208451338204563 0.149333103929201 0.0169850018991673
-0.0182979679938727 -0.0247845421269421 0.147502471762134 0.00859841196099447
-0.00973665068836504 -0.039212742276833 0.173758541398248 -0.00403515365167864
0.0225219965273441 -0.0533996365726667 0.216404531058658 -0.0618007767478077
0.0678502440211793 -0.048853813345742 0.138163210719633 -0.0182607681649918
0.0233964715368647 -0.0341439882292007 0.00880212635998729 -0.067161147910662
0.0100577716860765 -0.0188130279472103 -0.107483768622301 -0.00897546937442966
0.0064763823829544 -0.0275662344091081 -0.124264037653982 0.100664037779388
-0.0226664943655385 -0.0332665824186487 -0.0411222127599306 0.157669085680223
-0.0409622051822395 -0.0203943015839096 0.0488175650098692 0.140289729130828
-0.0511702028545559 -0.00512868219638364 0.104251960089648 0.0911094646122893
-0.0682989327372609 0.00773063212130677 0.125364840774995 0.0257695468942487
-0.074267533701461 0.00784390689060258 0.121721354352394 -0.0171798763722926
-0.085574666344573 -0.00541635487326648 0.119569618758255 -0.0437978454094169
-0.0836946314572676 -0.0442417557272557 0.130783113154167 -0.036710794969757
-0.0462449807671065 -0.0815982070757211 0.146460233824769 -0.0064681026638813
-0.00472533350178841 -0.09748017140334 0.150468534158658 -0.00165086903031636
0.0417105141489451 -0.100088811182755 0.158608803546833 -0.00336383179541106
0.0949465973951806 -0.0890761280095283 0.186964847447632 -0.0515940209118183
0.131036063451029 -0.0503576684269382 0.0892882438780862 -0.00516138469324864
0.0841423093623366 -0.0542359988291408 -0.0152294477915938 -0.0668733653754209
0.0565830860981653 -0.0574689466163473 -0.129015278929807 -0.0110223455527812
0.0186923432970014 -0.0747622165619607 -0.136098997990308 0.0940567907166588
-0.0358586021799275 -0.0744687866576374 -0.056090880020061 0.145851729289712
-0.0690935489918574 -0.0470729388729032 0.0286558649090998 0.134017750353991
-0.0861910886779399 -0.0204715586884087 0.0748616044552664 0.0894665545641104
-0.107850828529109 -0.00205800516196104 0.0916128186394941 0.0273279036041278
-0.114362018103309 -0.00117722978307351 0.0836712985569929 -0.0166005121986759
-0.129502671350094 -0.0146887907726743 0.0803893245196711 -0.0530481979215451
-0.129391690662988 -0.0653599631454501 0.0960598081230182 -0.0619257922377475
-0.0777081661875815 -0.124562590021352 0.135110869511055 -0.0372218542670697
-0.00451020529287926 -0.156394863748844 0.152646683647158 -0.0145849183100077
0.0782496622188292 -0.151295238516144 0.14130173185905 0.00700328962755024
0.150173202512049 -0.114729395482537 0.136372173254007 -0.0294597074524524
0.176928295474279 -0.0497449478295205 0.0184711231885967 0.00690453011297474
0.135800322774287 -0.0746456508372202 -0.0544412101798877 -0.0626793250067541
0.0954459767958359 -0.100382264977517 -0.15360299309908 -0.0113658932166571
0.0226035605819826 -0.122572251126865 -0.145336627971164 0.0812256966632366
-0.0519609342595962 -0.109913393979637 -0.0736063492967659 0.12357510495747
-0.0935260048665613 -0.0666944767064125 -9.61925489294416E-05 0.117447880790242
-0.111896194707904 -0.0307654447128087 0.0358357883444871 0.0801573720806019
-0.130905203526194 -0.0120994863608602 0.0453552181769992 0.0260266380516718
-0.135960710953132 -0.0107840328030234 0.0347279421858121 -0.0154820673875857
-0.152536645725134 -0.0230331680944128 0.0332583190640705 -0.0596888797048393
-0.153049107462542 -0.077956998174635 0.0532594454276689 -0.0828859208293007
-0.0957125595506375 -0.14716015332054 0.117851159130501 -0.0658976374763921
-0.00141481132991785 -0.190219379740161 0.149538787612086 -0.0214723320520492
0.103570061532995 -0.177639078218363 0.12150106963363 0.0242472596440182
0.18310096994614 -0.120449700898834 0.0737978061054631 0.000105547163153788
0.192700101943199 -0.0460032083291177 -0.0636365444722321 0.0250028164835981
0.162129324357283 -0.0874953878980807 -0.100356851846571 -0.0457626715098477
0.113976338013435 -0.130262149047352 -0.169046786075874 -0.00697246203853659
0.0173634781058984 -0.152172985318579 -0.147553803217006 0.0599829950704057
-0.066164483592315 -0.127160266966275 -0.0942607474164494 0.0898138963135488
-0.105960507812511 -0.0728763550783615 -0.038266892541398 0.0929556958292966
-0.120887919594364 -0.0337176420286596 -0.0128501231242638 0.0676208183914619
-0.13530218567485 -0.0209789976608925 -0.00813622204393163 0.0214004433656422
-0.136215573267232 -0.0225101499685644 -0.0181321393832042 -0.0169750010232491
-0.147644484904351 -0.0340934255480581 -0.0134547849507007 -0.0669379475447263
-0.144355804979691 -0.0860431709836485 0.013852526837006 -0.0997755431135754
-0.083706274759301 -0.15217580515377 0.0982669012190863 -0.0875110072005683
0.0174115632574956 -0.189999069836937 0.141354851252092 -0.0214032282295365
0.123125068272972 -0.167421568938768 0.0965130638134027 0.0437250312106129
0.19128010537227 -0.0998247128059367 0.00570848370280721 0.0285941395260481
0.174302013305656 -0.0360435128475597 -0.140077932774087 0.0462524443258042
0.155622334847445 -0.0826000567025475 -0.142014247727271 -0.0167132259993522
0.106010361525672 -0.130133592430915 -0.171967696842848 0.00193607169414408
0.00849428910186454 -0.146201916138664 -0.143001967414781 0.0312885149374598
-0.0658115981870471 -0.11771385145184 -0.116449640299712 0.0519655385192613
-0.0989338334121079 -0.0653127661220288 -0.0797501524859544 0.067512509765742
-0.109415894203989 -0.0312062717749676 -0.0631913140274716 0.05535322542302
-0.118476518827589 -0.0266155032147917 -0.059117321664534 0.0143942628228827
-0.114863122673332 -0.0323352782510637 -0.0649646081743878 -0.0246044692215052
-0.119043050297253 -0.0453849263479568 -0.0490756475471054 -0.0803370110255492
-0.106552572795728 -0.0888760393324364 -0.0102280701521487 -0.116757275506469
-0.0470748970328009 -0.138926466973914 0.0863793137340242 -0.101187475720442
0.0478803871158275 -0.157734920566802 0.129919843198602 -0.0162467655655706
0.132525072087235 -0.123845493691586 0.0658860761898773 0.0557178260668948
0.173774463308682 -0.058985842873463 -0.057636642189782 0.0442313622175274
0.125617458074511 -0.016930455648523 -0.196220730912588 0.0677375626579659
0.118953934667068 -0.057697538324035 -0.168370172382248 0.0117411862735428
0.0784180249230603 -0.0971248471630726 -0.162856369416159 0.00720111602511379
0.00278644247013321 -0.105950319720428 -0.136219963042047 0.00495641940845004
-0.0477621106339359 -0.0840865309154917 -0.135662940274631 0.0224518511097373
-0.0702357675423529 -0.0471034102654743 -0.116917588239545 0.0479061223185217
-0.0787026544604546 -0.0240639936057357 -0.105644463528614 0.0453781718925935
-0.0835557993088018 -0.0294281314066461 -0.09987061348156 0.0052960147818331
-0.0781919232496377 -0.0363603379552128 -0.0975423595096706 -0.0380384644207572
-0.0748825909337028 -0.048664229212958 -0.0683345726448111 -0.0987022183755857
-0.0573903743717252 -0.0783305213017579 -0.015029565933576 -0.13372613572576
-0.00745927253778458 -0.106596285492622 0.0829526316658691 -0.107703331772737
0.0698028355491301 -0.105353877216402 0.114192080654114 -0.0110839833728925
0.121487283657942 -0.0650569315824231 0.0353503514144784 0.053682455295125
0.13128147576357 -0.0132753194089527 -0.107132575646556 0.0430990424094003
0.0572916910924266 0.011248984636681 -0.220723305842393 0.0795739330260564
0.06566280751341 -0.0158370128497118 -0.174093683401553 0.0319442292998531
0.0434941273785869 -0.0412467721123461 -0.150522815806071 0.00712241301035254
0.00457207832359947 -0.0457274893190364 -0.13461729815249 -0.00993558539981761
-0.013299049181209 -0.037989152939452 -0.14730789308923 0.00967420809409568
-0.0254717846022507 -0.0239924673714469 -0.139045247977217 0.0382781893091065
-0.0339732935849409 -0.0161911162577449 -0.130739097987276 0.0387032502183044
-0.0359732788676029 -0.0268634393506769 -0.124455864331236 -0.00469524645805936
-0.0319864969090017 -0.0304629994435219 -0.113810998017081 -0.0541601337074065
-0.0282710172958306 -0.0371390500914925 -0.0709461221902547 -0.118238116076642
-0.016548307618007 -0.052454137054679 -0.00525139027666716 -0.14626405592657
0.0135223655254512 -0.0638846765737848 0.088096039860459 -0.10855752670363
0.0656728708691649 -0.0520432438654252 0.101564991639256 -0.00962564468884089
0.0871890958433931 -0.0113071565297399 0.0147699136549458 0.0419922174662621
0.0689097669506667 0.0246289957091156 -0.134573112483947 0.0280854908016681
0.00275002802511658 -0.0363429484049739 0.152326084926536 -0.0184217182841337
-0.0285193688411559 -0.0150997923113383 0.020441077473928 -0.0720428091072779
-0.0279307215401755 0.00797972319555957 -0.090060298228032 -0.0220236618862643
-0.00839614190440046 0.0101405511864607 -0.117277042214203 0.0833055147573008
-0.0110499655522896 0.00416556207319967 -0.0413923215033172 0.143967138653808
-0.0119473277418353 0.00435865485930544 0.0434042879580627 0.130593568844297
-0.0111115358858239 0.00824358979846633 0.101205092868852 0.0896002258980596
-0.0197882463894917 0.0131420271960269 0.130714785389488 0.0332790993090154
-0.0232975114847775 0.0128273707440374 0.13649839023242 -0.00240308819079681
-0.0290323474393391 0.00504350004082119 0.138774605546078 -0.0169769018149487
-0.0284099383004213 -0.0124568929554173 0.145924660588442 0.00451975526635247
-0.0157510625867324 -0.0230424479231888 0.141578844949418 0.0344104967022832
-0.0155276025077182 -0.0274337359550864 0.139451267129934 0.0279038871140481
-0.0047766662286309 -0.0392751437058917 0.166836131376516 0.0188600052115691
0.0263370450007788 -0.0492016629619233 0.216520994352951 -0.0324325481598573
0.0670026084743648 -0.0362456424266314 0.133271229127704 -0.00159844022021905
0.0256015451840732 -0.0281832535291579 0.0166262089908871 -0.0637161990155904
0.0121361629909489 -0.0158403089637077 -0.0971847070966058 -0.0204386543928511
0.00932401766636785 -0.0247151204826853 -0.123570610458499 0.0779487754106076
-0.0161515606438151 -0.033948704995873 -0.05345634423111 0.138646270175933
-0.036227108571978 -0.0245355386296665 0.0297279106068217 0.132591624823931
-0.0475531390640895 -0.0110901097655965 0.0873319092786525 0.0941163606829258
-0.0652958446613068 -0.000350509892867046 0.114890146486174 0.0367095722546587
-0.0715844711112495 -0.00155757900096297 0.118629748138746 -0.00252653368656657
-0.080098261355264 -0.0148313439677918 0.120314587671889 -0.0265545280602206
-0.0746636328332744 -0.0512056229712764 0.131741823335263 -0.0167188744919296
-0.0356294960830442 -0.0832158249298499 0.142586032332114 0.0124482430807017
0.00500160805852959 -0.0946316257635788 0.14236378250178 0.0195179882098107
0.0504607237121733 -0.0908708813278901 0.149949331959631 0.0198692201142075
0.0991257700382803 -0.075438901764061 0.18376941517941 -0.0232018377135996
0.125357277235343 -0.0307693879730018 0.0890616900130484 0.00865865599056923
0.0829990148836581 -0.038189012775491 -0.00244439609465149 -0.0639843715022695
0.0596215059210199 -0.044833435350963 -0.114082118066132 -0.0233405821317201
0.0270621331268876 -0.0668807031341537 -0.132158391053764 0.0714470869452342
-0.0224454504354595 -0.0734457599526649 -0.0648343804117503 0.126907421855158
-0.0585000451995268 -0.0528290602962722 0.0118895350579509 0.122744437350199
-0.0787675109050938 -0.0292379359864451 0.0617320534178262 0.0895643394747142
-0.101573989298071 -0.0142193177137976 0.0829632352973635 0.0356678655840494
-0.108430017334941 -0.0140839594345639 0.0829503750115527 -0.00505884552683617
-0.120131520064762 -0.028006489378282 0.0858812275962557 -0.0390950043526125
-0.115082127660307 -0.0764484414446747 0.102754038305511 -0.0430978136030626
-0.0613688912359174 -0.127201147714774 0.13703960549935 -0.016413114388105
0.0115151894639886 -0.150098732927351 0.145123235812051 0.00937953330920807
0.0902331645741801 -0.135465137884672 0.13088197208007 0.0295352646980159
0.154609102595473 -0.0937598858153384 0.131127747895143 -0.00620584225271029
0.166783304170388 -0.0245076020143172 0.0238536224535031 0.0162937627061366
0.133088099735884 -0.0504319170398239 -0.0361029516203862 -0.0633547866023438
0.100990222693551 -0.0792897263006912 -0.132977479257553 -0.0257785462375522
0.0373474473232568 -0.109982787522112 -0.136971156884489 0.0589174242149976
-0.0333742867217541 -0.108895692865427 -0.0758448519644762 0.104420183809116
-0.0781687281173323 -0.0730822888683847 -0.0109418721700618 0.103248105623191
-0.100977786924437 -0.0411731416859651 0.0258120707654666 0.0772660749045919
-0.122912435069088 -0.0261799867330613 0.0387223453112615 0.0302127196080767
-0.128003818636449 -0.0259298458018715 0.0365504888042946 -0.00923901830916268
-0.139829102064431 -0.0380341456139047 0.0422578929949625 -0.04939531599725
-0.135209641066779 -0.089351057291569 0.0654729730347767 -0.0667388808279466
-0.0749654365704429 -0.150265358611713 0.123620497500923 -0.0452952782582209
0.0174019682000062 -0.181335796238141 0.143649389168673 0.00242427780848601
0.116849806424367 -0.156805042100067 0.108968604626446 0.0454055780802655
0.186692508626274 -0.0948870565147954 0.0664608556169862 0.0162276700926788
0.180792862229747 -0.018643083177031 -0.0529777803555485 0.0248852338098194
0.15893872729455 -0.0591527427622488 -0.0800283362014392 -0.0513433116882917
0.121675443988024 -0.104914712563391 -0.146065290136399 -0.0216737311743008
0.0366792715590909 -0.137590996481576 -0.135578811500049 0.0380655460328473
-0.0434615644228917 -0.126780184155019 -0.0908638440632951 0.0708991343375248
-0.0884369490860109 -0.0813455757654711 -0.0434739171474951 0.0767455714856023
-0.109028744417824 -0.0449545410801585 -0.0176639005529036 0.0611375027632193
-0.125639961686604 -0.0342790741059715 -0.0105221579975407 0.0204496061808955
-0.125768755273199 -0.0363484375615656 -0.0135613275180502 -0.0160461229980271
-0.133948255755234 -0.0476524094144672 -0.00120722591758805 -0.0617018104127566
-0.126055118018917 -0.095926882279108 0.0299933319241343 -0.0869454623376604
-0.0635115370588337 -0.1528488301244 0.107169759186907 -0.0676283300203422
0.0354813369912226 -0.179446375282009 0.135561854738701 0.00126211680579438
0.133963618014725 -0.145192706965116 0.0814822184842827 0.0606428256935041
0.192858510273162 -0.0743305818779243 -0.00326978486250256 0.0359539254697256
0.162821825437634 -0.0122685248643565 -0.126475543572875 0.0370112111087647
0.151578729949327 -0.0558410122836034 -0.122134723342745 -0.0286406178236829
0.114632688677261 -0.105775074880142 -0.14936518697031 -0.0146455066020034
0.0275401289486094 -0.133940763642497 -0.128454068272617 0.0122402925743382
-0.0445116710116773 -0.118069885733593 -0.10743130066022 0.0337371547939152
-0.0824343600433976 -0.0739817170105221 -0.0797336906826002 0.0493953673803026
-0.0984598607030952 -0.0409801211906719 -0.0625742257270253 0.0447411958659638
-0.109279860024826 -0.0386636833021318 -0.0573418475371487 0.0084313314695978
-0.104763073243278 -0.0432472994429881 -0.0564769293635842 -0.0280877457342686
-0.105547374601605 -0.0549230030483866 -0.034663071618427 -0.0782225719009778
-0.0897167277319983 -0.0939934043823876 0.00750685948835786 -0.106427372529382
-0.0297702100005736 -0.135657459989063 0.0955639022719089 -0.0821007193990582
0.060818867112419 -0.145134513831131 0.122752936770118 0.00332700789867494
0.138245886913439 -0.103350176697956 0.0501225755602633 0.0659244625650376
0.171982018912328 -0.037222081403954 -0.066261704021785 0.0420029839013288
0.115998211162586 -0.000439266203839169 -0.182891937160204 0.0485587100227305
0.115285040795221 -0.0373292320651198 -0.150944344381432 -0.00447520128120038
0.0847841580683402 -0.0791588854120198 -0.143597259557398 -0.00925658919894992
0.0171123264219745 -0.0972532287057589 -0.12109616238495 -0.0113084381503358
-0.0322122920799826 -0.0846812529743156 -0.123507941828487 0.00454784708257997
-0.0576376026412252 -0.0528006362448425 -0.112536495826738 0.0292035103479997
-0.070322890847677 -0.0308580533826647 -0.101499376948463 0.0309626025903894
-0.0761477089321997 -0.0367162491493594 -0.0946793694627246 -0.00450693497125945
-0.069585394201012 -0.0420481205412146 -0.0869990044747388 -0.0451479157536077
-0.0635117529949949 -0.0529647536323856 -0.0519678251306823 -0.0981531447669467
-0.0451166170390032 -0.078567250507361 0.00311419377029128 -0.123459629743783
0.00373484461111386 -0.10025565833685 0.0925001649292938 -0.0896018105106056
0.0764765079296453 -0.0930432301755942 0.107885970392995 0.00478495491434699
0.121559516958043 -0.0477625996344653 0.0218157449189052 0.0583759953787031
0.127017884305067 0.00195526096410576 -0.112559650702514 0.0329795205232599
0.0508746878903097 0.0166314960136753 -0.210317518572303 0.0547804687938406
0.0615532148360599 -0.00614131610054236 -0.161726037150232 0.013067726620453
0.0459264297044016 -0.0327907946421169 -0.136692990506744 -0.00884161856179622
0.0108292857793806 -0.041236858754148 -0.119416305087594 -0.0253349708235915
-0.00738315321735649 -0.0373912424527513 -0.134654942966662 -0.00779876549220852
-0.0196902078722397 -0.025713552080685 -0.133072677169684 0.0199631296867678
-0.0290809226403654 -0.0186216514976257 -0.125354917745678 0.0231029661285
-0.0321174090008946 -0.0289619086716436 -0.116427763655079 -0.015871478674464
-0.0266245434845854 -0.0320055175857236 -0.101038968664529 -0.0613411730406111
-0.0216165640034178 -0.0371934005079995 -0.0532077738197021 -0.116383583989887
-0.00940689313940923 -0.0497529554189729 0.0135621778442585 -0.135726074320443
0.0187185256723102 -0.0570944455864182 0.0968502504309997 -0.0911162508028951
0.0666608635142755 -0.0429326715368528 0.0962314241488811 0.00351334759576547
0.0837730685766308 -0.00123222375311181 0.00510294389397507 0.042916683151104
0.06359997219218 0.0310540183745646 -0.135481341262182 0.0131694278536683
0.00317128095626436 -0.0345808452966622 0.146252611238667 -0.0158276083168347
-0.0265671967369743 -0.0147948010898221 0.0205712792352797 -0.070588609022618
-0.0269324714473566 0.00752545606450878 -0.0863097370811983 -0.0238100365728936
-0.00755530828685081 0.0092249097395285 -0.115068339815851 0.0770988984888327
-0.0105661208105806 0.00359863563533292 -0.0432760340988401 0.137619987225451
-0.0120560842981444 0.00476985711286762 0.0377767145182003 0.125182788397643
-0.0113880461626062 0.00741276116778582 0.0959330915791628 0.0866171834158467
-0.0193488455790899 0.0123729954763318 0.125805295426896 0.0324023350319758
-0.0219802653224856 0.0114623567051483 0.131047171680108 -0.001640008918271
-0.0274051057151069 0.00412091264619209 0.134071039208082 -0.0140823630211085
-0.0271855786075355 -0.0122421871710462 0.140510335302336 0.00770659421993741
-0.0151124016361263 -0.0224758570400766 0.135713318844261 0.0364151518521912
-0.0147312623423099 -0.0268657740882453 0.13283157643627 0.0309048362018495
-0.00357706345653015 -0.0377776409602492 0.160689177543908 0.0227404976949961
0.0264557973196516 -0.0470249319470294 0.209248778548975 -0.0270134881450665
0.0644170962101971 -0.0331268079373973 0.12732061993286 -2.35293220240895E-05
0.0250162237349676 -0.0258337613324333 0.0171926026037437 -0.0632028623553517
0.0125106368391558 -0.0151036217722975 -0.0930985338399044 -0.022886359129946
0.00970949319745533 -0.0236731247288112 -0.120967184963105 0.0721209387777428
-0.0151782073755576 -0.0323432645611304 -0.0550150109918272 0.13193649665594
-0.034208785163928 -0.023422901571136 0.0249781065783166 0.126432786796529
-0.0453014774166257 -0.0120518279217031 0.0819261875336248 0.090732540501496
-0.0627689801215575 -0.00160697758700311 0.1104565363862 0.0356186690804789
-0.0685671568488713 -0.00267189864365432 0.114118808178567 -0.00175276029512652
-0.0762933142112328 -0.0154756410045935 0.116071253926954 -0.0247691178364382
-0.0712702702000126 -0.0497430107978729 0.127406197872136 -0.0131389227486742
-0.0328030812625728 -0.0808430829556677 0.138042890897595 0.0157328047859604
0.00648029348580973 -0.0908673958302747 0.135896934470597 0.021946200285813
0.0506658677524422 -0.0869212479845144 0.144052960820031 0.0236764266882621
0.0962464994876035 -0.0711655192223952 0.177570886417495 -0.0191243871217406
0.120718282311579 -0.0262678765881938 0.0846765333221842 0.00871726741633416
0.0803504478661622 -0.0345391114225601 -0.00110363758879095 -0.0645012406151592
0.0584863172811301 -0.0423744575523675 -0.109331940769431 -0.0255873731229332
0.0273736333124975 -0.0628385997269139 -0.128730124627366 0.0648745578566984
-0.0202974307542833 -0.0706943407474855 -0.0651438976256901 0.119468367543295
-0.0552253858400911 -0.0510401625517671 0.00811162677664905 0.11764568507555
-0.0752555519725403 -0.0293304548258271 0.0572771372965784 0.0857861939063574
-0.0977627045337949 -0.0144720948349656 0.0796539003567057 0.03397656382363
-0.103571533550708 -0.0146720180839776 0.0800817522755563 -0.00445302801745967
-0.114500120139461 -0.0276715236873422 0.0835757428244974 -0.0367098466324968
-0.109588703123493 -0.0733964958300132 0.100410053338969 -0.0386201531754382
-0.0563838180407285 -0.12258320411755 0.132288915695275 -0.0130855344106757
0.0136394173396671 -0.14429317487637 0.138393617471385 0.0120040651716714
0.0892978010792961 -0.128994955146536 0.125064141557569 0.0317032560403
0.149898607838093 -0.0882755378883404 0.126304093302904 -0.00330857858049444
0.159954218826353 -0.0202213144984682 0.0219266660240755 0.0146291419687563
0.127974352218563 -0.0455261906813108 -0.0333670716896616 -0.0640424678685157
0.0985447021982911 -0.0748054137981621 -0.126969895380331 -0.0277348222290784
0.0377970227333847 -0.104348717674146 -0.133722288052759 0.0532340560170293
-0.0303779514537025 -0.104678507964608 -0.0765377948544218 0.0980681802517743
-0.0733649685667464 -0.0709487640994478 -0.0134178266680655 0.098207065382513
-0.0960248926952968 -0.0414066133916723 0.0233047926969046 0.0740467034598966
-0.11832510189339 -0.0253397679392614 0.0376591216716803 0.0287887224244566
-0.122155061673045 -0.0257232709957055 0.0355357948571621 -0.00817954664362379
-0.13311411751038 -0.0375331310608993 0.0418263067352538 -0.0479692766292232
-0.128857963188464 -0.0864835962092611 0.0654048487268893 -0.0622805427046901
-0.069825121707502 -0.144781707288425 0.120342928374452 -0.0405609477161255
0.0198895832953771 -0.174520882016866 0.136459314678326 0.00449678956627104
0.115195808808905 -0.149296895397862 0.103002662860631 0.0460447218236122
0.180959282785434 -0.0886574834430732 0.0624236527382374 0.0172316296448422
0.173413988710347 -0.0143739803164394 -0.0515092518540566 0.022237570024282
0.153174035614854 -0.052979225892654 -0.0753300996097763 -0.0531733579386685
0.119173522211187 -0.0988438542704518 -0.139813576597022 -0.0246213598101873
0.0374954698026205 -0.13049547044086 -0.131132742006061 0.0327030763656473
-0.0400200612870126 -0.121231966325367 -0.0895764195813367 0.0655758694412068
-0.0828107164844572 -0.0791301829176808 -0.0433019109283348 0.0721372146480788
-0.103629583913401 -0.0447175849617928 -0.0179561804988858 0.0581193865886202
-0.120769948279635 -0.0335372452995894 -0.0099930597275614 0.019096884313959
-0.121141444136752 -0.0365267790273688 -0.0121734331663204 -0.0152505097682016
-0.126844763791186 -0.0465405480011466 0.000129387813784974 -0.060131470842179
-0.119140388294966 -0.0922572281354002 0.0319593172439474 -0.0820529382070536
-0.0580428424316836 -0.146458831525645 0.104563818351526 -0.0625975590086922
0.0373468821303344 -0.171632025305853 0.130056357342789 0.00361669120840981
0.131510442293007 -0.137263154311676 0.0762168920451086 0.0601794423228945
0.186456961654225 -0.0685044949750893 -0.00432026191332043 0.03479068106526
0.156162354800446 -0.00792676699764929 -0.122044262600495 0.0316441673941298
0.146325864890518 -0.049960086443458 -0.116005864236511 -0.0314640583044685
0.112563742886814 -0.0992761380356406 -0.141852425549844 -0.0172804273138126
0.0287930418856691 -0.126879104543358 -0.124106974192329 0.00749794814220709
-0.0410943935631209 -0.113471353694083 -0.104517269154443 0.0292691499515947
-0.0770040420320407 -0.0716652020323356 -0.0776444943435725 0.045708590796583
-0.0938294015105185 -0.0409774590397124 -0.0608404863221691 0.0420727749952535
-0.104790178001119 -0.0376831627208188 -0.0549313982927285 0.00764852148501855
-0.100081362668727 -0.0421653772376823 -0.053722919224043 -0.0274124135136936
-0.0991898773802281 -0.0536993267913441 -0.0316911257738014 -0.0752651172650921
-0.0847367774441351 -0.0903255961571294 0.0103781810485338 -0.100752804772133
-0.0263457458922247 -0.129529416135237 0.0942688189746343 -0.0772495468430211
0.0609199468258448 -0.138842832865063 0.118049119375424 0.00510549772257643
0.134379925684321 -0.0963461435563676 0.0462579922331072 0.0650748867737293
0.165814425400706 -0.0334660742888356 -0.0643974884161689 0.0402629104908681
0.111348327653199 0.00167161255979374 -0.176218019925462 0.042344914642375
0.110495135770107 -0.0335447932659861 -0.144246899770231 -0.00801782640053836
0.0832898610041154 -0.0740410131876975 -0.136487579058479 -0.0124553353185077
0.0183196356252425 -0.0922166123501894 -0.116803035678056 -0.0144260193300927
-0.0299457251647396 -0.0811167292208794 -0.119330694094468 0.000462541731689437
-0.0539038441564651 -0.051369970470603 -0.108111282271483 0.0257439356433014
-0.0669762975961021 -0.0305921241938831 -0.0979164406430612 0.0289850121775127
-0.0732382297951114 -0.0356274685007723 -0.0908911586824236 -0.00429952919987359
-0.0666243096106121 -0.041287117247968 -0.0820948482533341 -0.0435618634055979
-0.059854399933507 -0.0511393108697045 -0.0478866199876419 -0.093851390653718
-0.042071489639697 -0.0748060718122149 0.00590927614089104 -0.118139395380173
0.00510957363025785 -0.0949720576992108 0.0910522255435996 -0.084220612328852
0.0750615966732864 -0.0882504988605086 0.103693008995168 0.00603770452368327
0.117352533754079 -0.0434631540193429 0.0199581414681064 0.0569422670711711
0.121491775702654 0.00389974607096419 -0.108451769518234 0.0311092124413131
0.0474201612617181 0.0173222865587491 -0.203183838974715 0.0484481472512516
0.0584632110274057 -0.00429876588059721 -0.155064905662575 0.00867390674147517
0.0450716884035746 -0.0305500053411856 -0.130100600903106 -0.0121982292327651
0.0114816648234902 -0.0392425470261432 -0.115932447730083 -0.0271205931432367
-0.00682610400228406 -0.035294796598179 -0.130399230399615 -0.0110565544788493
-0.0173959429517948 -0.0255812173127635 -0.127811200762414 0.0175875353749739
-0.0276372039986612 -0.0186083017672989 -0.120976532463301 0.0215923245675619
-0.0306841848039005 -0.0276627990430033 -0.112249883377854 -0.0157094535119572
-0.0251863147375425 -0.0310505609851839 -0.0953696953264477 -0.0596028087558086
-0.0197122923940957 -0.0361783058531289 -0.0489623505847236 -0.111650655227177
-0.00803612528666996 -0.0476733055758731 0.015419975720168 -0.128709569903991
0.0187961837551204 -0.0542685107654135 0.0941729133145152 -0.0851639020746114
0.0646659746489341 -0.0403393382117463 0.0931605677496531 0.00518733222211213
0.0799762493229075 0.000965685028282981 0.00357790484915917 0.0415451641760628
0.0604474195428272 0.0309288222083756 -0.130188169036065 0.011660023291574
0.0040427814721272 -0.0345467060952727 0.14515855143144 -0.0124634461927647
-0.0251538071402374 -0.0158917883735745 0.0218469384023054 -0.0709752152599284
-0.0270472829004875 0.00641091134908207 -0.085987485299365 -0.0278628576569061
-0.00793653432637044 0.00947496510917417 -0.117846732125402 0.0727218348598185
-0.0105912790855336 0.00347941756123609 -0.0478076683081025 0.134892296310476
-0.0118660165031939 0.00490157902220592 0.0324260220235991 0.125340524774722
-0.0126978840673103 0.00661771310494831 0.0927584067735381 0.0880036589077032
-0.0199974036842871 0.0120481564752253 0.124593644944517 0.0338675868266373
-0.0225934468830419 0.0113548139549462 0.13166082305496 0.00165803470124005
-0.0281709359523686 0.00364059000493435 0.134342443052788 -0.0103491840643858
-0.0268548274591857 -0.0127908913435875 0.140340465647178 0.0119910889902272
-0.0140727213128051 -0.0234127765670206 0.134778650582412 0.0410872863009836
-0.0133719093906052 -0.0267021162911814 0.131385998118574 0.0357967102942138
-0.00154977549775572 -0.0377130372986423 0.160182907099666 0.0293693220338303
0.026933062907249 -0.0460699158928042 0.209474369246662 -0.0199567705532678
0.0653850514208392 -0.0306179151898233 0.125757822638583 0.00201236019490695
0.026122281448141 -0.0248274608939927 0.019512010695985 -0.0638897495142909
0.0133743547033064 -0.0146768953789585 -0.0929700194708847 -0.02717088175473
0.0103559981280306 -0.022849234132742 -0.1231889009275 0.0672460537371587
-0.0140202756544019 -0.0325378131588536 -0.0598251859581679 0.12934393221782
-0.0332555857911091 -0.0244513245239901 0.0194252524378526 0.125986942464252
-0.0459231256841228 -0.0131598742544424 0.0786975945595857 0.0917313163395073
-0.0632041647289454 -0.00222481022271807 0.109385417249174 0.0366541978508846
-0.0681111355914216 -0.00385066758939764 0.114420114196736 0.00085430459047132
-0.0758255952714978 -0.0166016387134272 0.117736635156903 -0.0217232542851121
-0.0698750810458088 -0.0512857176790125 0.128541983754326 -0.0088050092084245
-0.0302465616615399 -0.0816467343573291 0.13685935399445 0.0205340326843591
0.00910172144472562 -0.0903733720873651 0.13386476877404 0.0271360740351227
0.0542166979620608 -0.0848375094985341 0.142856528352564 0.0289150015711153
0.0986643279092259 -0.0683488800391734 0.177477873386551 -0.0130084257171632
0.120492606314064 -0.0223248333057668 0.0840430244807221 0.00957836942733219
0.0814822287481666 -0.0313041406700645 0.00132195241901242 -0.0666103392883386
0.0604411084993107 -0.0400986790079115 -0.108038333622047 -0.0304259519972063
0.0291960653512706 -0.0617607058652403 -0.131071094480471 0.0599923299232772
-0.0182015447872011 -0.0702152453111634 -0.0697425826268722 0.116745308191674
-0.0530586960644775 -0.0516107102858051 0.00403893724049509 0.115807603370709
-0.0748803418271844 -0.0316507035543663 0.0541299917718893 0.0866932086260265
-0.0975602970668198 -0.0166331983183738 0.0788825916130681 0.0345830228796149
-0.103083621189241 -0.0170082055854421 0.0808773012558634 -0.00214262462517108
-0.113160443783862 -0.0304207810238654 0.0846604157987819 -0.0350906169251132
-0.10758605898568 -0.075710678014117 0.103039329821096 -0.0352408356095105
-0.0529526973617701 -0.12415964195445 0.133207354057286 -0.00772371282946971
0.0182810875831682 -0.143815969019455 0.13676056037135 0.0167078861133833
0.0934805558841989 -0.125753785878033 0.124209948178436 0.0369382924203917
0.152647134840424 -0.0838189868142507 0.125077409603474 0.000512958340946891
0.159810508171401 -0.0144575081926177 0.0213368126441737 0.0134741579411833
0.128719159754191 -0.0407332991010059 -0.0309925773528678 -0.0671642168582488
0.101188381498526 -0.0717435033582943 -0.124916772234771 -0.0327665633353907
0.0410161534903614 -0.102739066826231 -0.134951369182614 0.0473395390892287
-0.0275484505843096 -0.104141766898202 -0.0801942241572113 0.0938291577425497
-0.0710476159807761 -0.0726535388255661 -0.0171341773914889 0.0964438156359235
-0.0948828048934022 -0.0438249756624767 0.0218370892805301 0.0732574574478993
-0.117648009741325 -0.0282125005942923 0.0375254593542908 0.0284552846369303
-0.121592386906047 -0.0282758116954565 0.0361985022139116 -0.00758995212348625
-0.131286253329699 -0.0397676507778294 0.0433138061890626 -0.0471876127993668
-0.125750568567419 -0.0884572703294579 0.0683133030894135 -0.0596108951577961
-0.0654594928199885 -0.145328259259611 0.122420295179864 -0.0356068709730835
0.0254085140584999 -0.173468768285915 0.135614974705742 0.00911776144158667
0.119513257269166 -0.145486434895301 0.100983490348155 0.0504922808538793
0.182729356528502 -0.0829485754022163 0.0614011733594663 0.0197684813310082
0.172712684761362 -0.00826105426941122 -0.0515951931484669 0.0190626039116283
0.153836904534061 -0.0474596907678337 -0.0723276803594195 -0.0570961008338243
0.122228697167454 -0.0949531926299959 -0.137454102520298 -0.0303784761969431
0.0414575360449639 -0.128600007964769 -0.132791183987509 0.027502317629054
-0.0368588224030072 -0.121479921993794 -0.0927449016629818 0.0618171547160347
-0.0796871871626361 -0.0808844047595281 -0.046070750116202 0.0699069624238483
-0.102001069102024 -0.0472869815235592 -0.019622400084932 0.0566359383545653
-0.120104587281929 -0.0362763097283223 -0.0098740848792199 0.0192606074573372
-0.119561538268272 -0.0384952324077907 -0.0111743289868466 -0.0154591171157081
-0.124993577877466 -0.0485250497117808 0.00286046659838938 -0.0601489848370445
-0.116600109664199 -0.0933718820674675 0.0357961942699343 -0.0799966205079354
-0.0532948332604037 -0.146724318953314 0.10714010392619 -0.0586550563513288
0.042513918703393 -0.170048400011617 0.129497644104108 0.00714428651663844
0.134967404884301 -0.132918034795922 0.0734414003180123 0.0633908125980287
0.187212668446895 -0.0628276903839165 -0.0058588334296711 0.0351108600755928
0.155461936166663 -0.00248452295743698 -0.122312421415531 0.0266712594234442
0.147127790707998 -0.0449705429442493 -0.113534974390037 -0.0369805164021552
0.115566336139789 -0.0958583505977221 -0.140047457650671 -0.0229568653952873
0.0328426994397085 -0.124853552588968 -0.124514546074617 0.0026568786577367
-0.037908524613244 -0.113016293195952 -0.107127949076303 0.0247340758916866
-0.0743160207492852 -0.0729253805932998 -0.0789315852464215 0.0422911969773432
-0.0915273999787192 -0.0427135454166494 -0.0613541393543922 0.0401027730238628
-0.104029068682785 -0.0391428888569331 -0.0544607959867359 0.00690627730418937
-0.0987618456690349 -0.0444691022765755 -0.0517404253649752 -0.0281079299640176
-0.0968765354724525 -0.0548195471091846 -0.0288062238486639 -0.0758070101431507
-0.081670683421502 -0.0905150062075384 0.0151346418209095 -0.0993496027044307
-0.0228816923044605 -0.128429841029653 0.0971658093147963 -0.0731605117937399
0.0651611426775729 -0.136409501468031 0.116965208750447 0.00865917008541276
0.136742314054261 -0.0916931678547317 0.0436358578840233 0.0670699772129151
0.165813094965443 -0.0281760412479478 -0.0654756203154379 0.0386436288971658
0.110219236456776 0.00602034792186818 -0.177350938045165 0.0359627762854687
0.111062867287913 -0.029693220925323 -0.142575380203334 -0.0139617073064697
0.0862475074676243 -0.0721511742197743 -0.135118902235369 -0.0177103083774506
0.0213869013059271 -0.0905097830157596 -0.116945850312048 -0.0200821571416976
-0.0280602416633984 -0.0807256184068759 -0.120545226655386 -0.00380966956787445
-0.051941917643616 -0.0527445594806218 -0.109083800080249 0.0218577339506135
-0.0655166612892522 -0.0323372099076998 -0.097841483373661 0.0271429119738245
-0.0724199452571114 -0.0363902070413802 -0.0896642516258645 -0.00581503421234121
-0.0654911259844162 -0.0430403737641823 -0.0801150740369733 -0.0440028615285266
-0.0573367300530352 -0.0518857656965272 -0.0443826190715593 -0.0951822101922944
-0.0396032152126092 -0.0747727504400799 0.0114834636339543 -0.116630425793741
0.00827652575149419 -0.0936494737073999 0.0940637361982995 -0.0805104182440384
0.0769130978626702 -0.0861856660224894 0.103211962361583 0.00952046741783443
0.118546683466747 -0.0393138967352781 0.0167141601896182 0.0579156842751407
0.121221162040889 0.00796339429941264 -0.108747770135958 0.027771151655027
0.0467136289100786 0.0192218807466756 -0.203756081367213 0.0413307791274144
0.0583078947638068 -0.00275031014954258 -0.154059156693192 0.00315316983537164
0.0461737821825748 -0.0292818211493334 -0.128012610482559 -0.0171985205652278
0.0128661895460705 -0.0377959999261475 -0.115375884054186 -0.0326609872837871
-0.00600031117263481 -0.0353350459734782 -0.130738849785029 -0.0158319804265897
-0.0159185114521564 -0.0253719084217134 -0.127815523087061 0.0134900798755395
-0.0263276593677991 -0.018533365560029 -0.120694981658526 0.0186303656194728
-0.0302133361998862 -0.0284041559997762 -0.111122187355076 -0.0167048953647834
-0.0244862780290793 -0.0322284645122604 -0.0923711480028496 -0.0605661096197383
-0.0183188707441145 -0.0360184643567149 -0.0449333802410002 -0.111580771631313
-0.00697451509921017 -0.0468066044445109 0.0204425188403695 -0.126704082689607
0.0203036662198041 -0.0522396639151829 0.0976410730350631 -0.0803895882279658
0.065809560342023 -0.0385193796823192 0.0934932158484524 0.00763449933606135
0.0796358492398601 0.00397586294597443 0.00169938487281668 0.0417651229680607
0.0589513081967401 0.0332188285614554 -0.128647117456986 0.00848541734325315
